TRXV5
3
4
4
9
string Extension=J
integer IsArchMeasurement=1
integer IsSpherical=1
string Generator=SPM
string GeneratorVersion=1.3.1 Dev
double ArchRadius=0.449999988079071
integer FrequencyAxisIndex=0
integer AzimuthAxisIndex=1
integer ElevationAxisIndex=2
Frequency
5 136 690000000 960000000 LIN
Azimuth
7 8 0 2.74889357189107 LIN
Elevation
7 15 -2.74889357189107 2.74889357189107 LIN
Polar H Real Part
13
Polar H Imaginary Part
14
Polar V Real Part
13
Polar V Imaginary Part
14
Polar H Magnitude (dB)
12 0xC0000002 0 1
Polar H Phase
7 0xC0000003 0 1
Polar V Magnitude (dB)
12 0xC0000002 2 3
Polar V Phase
7 0xC0000003 2 3
0.0382041931152344 0.00623321533203125 -0.0909957885742188 -0.122390747070312
0.0364646911621094 -0.0173568725585938 -0.029388427734375 -0.316314697265625
-0.0115623474121094 -0.0292434692382812 -0.22021484375 -0.34307861328125
-0.031524658203125 -0.0133323669433594 -0.369110107421875 -0.16094970703125
-0.0278301239013672 0.000476837158203121 -0.314208984375 0.0748596191406251
-0.0262832641601563 0.0252761840820313 -0.162109375 0.212493896484375
-0.00749588012695312 0.0364990234375 -0.00212097167968751 0.180999755859375
0.000629425048828126 0.0277843475341797 0.076934814453125 0.0749053955078125
0.00617790222167969 0.0316524505615234 0.117630004882812 -0.0200958251953125
0.001007080078125 0.0356254577636719 0.170028686523438 -0.045989990234375
-0.00870323181152344 0.0324573516845703 0.243820190429688 -0.0308380126953125
-0.0162467956542969 0.0311241149902344 0.293609619140625 0.080047607421875
-0.0341892242431641 0.00336647033691406 0.252197265625 0.321502685546875
-0.0164146423339844 -0.0146684646606445 0.090057373046875 0.41815185546875
0.00383281707763672 -0.008331298828125 -0.08758544921875 0.298858642578125
0.107856750488281 -0.0368804931640625 -0.0678482055664062 -0.134628295898438
0.082122802734375 -0.0770111083984375 -0.00131225585937498 -0.3316650390625
-0.0161590576171875 -0.084259033203125 -0.199493408203125 -0.35858154296875
-0.0717620849609375 -0.0387115478515625 -0.352203369140625 -0.1793212890625
-0.0669898986816406 0.0123291015625 -0.301422119140625 0.05328369140625
-0.044586181640625 0.0658416748046875 -0.160430908203125 0.193283081054688
-0.00111389160156249 0.0748291015625 -0.00453186035156251 0.161026000976563
0.0102691650390625 0.05645751953125 0.0720062255859375 0.057159423828125
0.0176353454589844 0.06298828125 0.112602233886719 -0.0377349853515625
0.00726318359375001 0.0726852416992188 0.165542602539063 -0.065582275390625
-0.0177955627441406 0.0654983520507813 0.24310302734375 -0.0561370849609375
-0.0438728332519531 0.0560455322265625 0.303436279296875 0.05694580078125
-0.078216552734375 -0.00727844238281251 0.273895263671875 0.307342529296875
-0.0360450744628906 -0.0655975341796875 0.105804443359375 0.404754638671875
0.0248565673828125 -0.07403564453125 -0.0791015625 0.2862548828125
0.155242919921875 -0.079437255859375 -0.0249481201171875 -0.153396606445312
0.102897644042969 -0.1314697265625 0.027740478515625 -0.349273681640625
-0.0344390869140625 -0.123733520507813 -0.187530517578125 -0.36517333984375
-0.105789184570313 -0.0485610961914063 -0.33056640625 -0.181884765625
-0.0926437377929688 0.0274734497070312 -0.27825927734375 0.0348358154296875
-0.0515518188476563 0.0975265502929687 -0.151214599609375 0.162948608398437
0.00797271728515625 0.100845336914062 -0.01171875 0.128646850585938
0.018768310546875 0.0766754150390625 0.0575981140136719 0.0297622680664063
0.0276565551757813 0.0873336791992188 0.0987319946289063 -0.0614395141601562
0.0107269287109375 0.101615905761719 0.15753173828125 -0.0905914306640625
-0.028289794921875 0.0915908813476563 0.242340087890625 -0.0811920166015625
-0.071014404296875 0.0723724365234375 0.313751220703125 0.039825439453125
-0.113983154296875 -0.0241546630859375 0.283538818359375 0.299407958984375
-0.0452804565429688 -0.113800048828125 0.105499267578125 0.38397216796875
0.0510330200195312 -0.129508972167969 -0.0664215087890625 0.255966186523438
0.167022705078125 -0.116302490234375 0.023101806640625 -0.181411743164063
0.0864715576171875 -0.169647216796875 0.0457763671875 -0.372039794921875
-0.066009521484375 -0.132965087890625 -0.185028076171875 -0.363067626953125
-0.126518249511719 -0.035552978515625 -0.30859375 -0.1776123046875
-0.096160888671875 0.04559326171875 -0.252487182617187 0.0165710449218751
-0.0428848266601563 0.114990234375 -0.142181396484375 0.126785278320312
0.0174942016601563 0.110740661621094 -0.02508544921875 0.089111328125
0.0249710083007813 0.08563232421875 0.0367317199707031 -0.00368881225585937
0.0327301025390625 0.100814819335938 0.0804214477539063 -0.0898971557617188
0.00819396972656251 0.118385314941406 0.148330688476563 -0.118423461914062
-0.0434646606445312 0.103736877441406 0.245391845703125 -0.102218627929687
-0.0959854125976563 0.0727920532226562 0.32318115234375 0.031890869140625
-0.131317138671875 -0.0524520874023438 0.28179931640625 0.2977294921875
-0.034454345703125 -0.154861450195313 0.09381103515625 0.356903076171875
0.08428955078125 -0.1622314453125 -0.04541015625 0.21331787109375
0.144073486328125 -0.136962890625 0.0618896484375 -0.22100830078125
0.0466461181640625 -0.176834106445312 0.04425048828125 -0.39691162109375
-0.092864990234375 -0.110618591308594 -0.19500732421875 -0.354339599609375
-0.122604370117188 -0.00697326660156252 -0.291412353515625 -0.167877197265625
-0.0774383544921875 0.0590057373046875 -0.232681274414063 0.00169372558593747
-0.0234298706054687 0.112564086914063 -0.139358520507813 0.0904769897460938
0.0247650146484375 0.102256774902344 -0.0438270568847656 0.0512466430664062
0.0279083251953125 0.08062744140625 0.0114860534667969 -0.0376701354980469
0.0340347290039063 0.100669860839844 0.0611114501953125 -0.120613098144531
0.000946044921874997 0.117179870605469 0.143402099609375 -0.147201538085938
-0.0575180053710938 0.0990066528320312 0.254058837890625 -0.118057250976562
-0.110832214355469 0.0542068481445313 0.333526611328125 0.035552978515625
-0.12109375 -0.0850296020507813 0.26983642578125 0.3018798828125
-0.00195312500000001 -0.1759033203125 0.080322265625 0.3271484375
0.117355346679688 -0.165206909179688 -0.0113372802734375 0.168075561523437
0.1004638671875 -0.131355285644531 0.0821990966796875 -0.266159057617188
0.0070037841796875 -0.150070190429687 0.01947021484375 -0.416778564453125
-0.0985031127929687 -0.0692901611328125 -0.214080810546875 -0.33740234375
-0.0949172973632813 0.0177383422851563 -0.285064697265625 -0.152923583984375
-0.0454368591308594 0.0576171875 -0.225311279296875 -0.00630187988281251
-0.00184631347656249 0.0906448364257813 -0.1451416015625 0.06488037109375
0.0270309448242188 0.0783309936523438 -0.0661888122558594 0.0228996276855469
0.0274887084960938 0.0620574951171875 -0.0134735107421875 -0.066253662109375
0.030670166015625 0.0850677490234375 0.045257568359375 -0.149658203125
-0.00367736816406249 0.098846435546875 0.146453857421875 -0.173095703125
-0.0607757568359375 0.078033447265625 0.2724609375 -0.12469482421875
-0.103721618652344 0.0264434814453125 0.344146728515625 0.05084228515625
-0.0864334106445313 -0.101432800292969 0.25665283203125 0.31463623046875
0.03521728515625 -0.164306640625 0.07293701171875 0.30108642578125
0.133163452148438 -0.138221740722656 0.0350875854492188 0.132423400878906
0.0546798706054688 -0.09747314453125 0.083648681640625 -0.3026123046875
-0.0109100341796875 -0.1002197265625 -0.0179443359375 -0.42529296875
-0.0773696899414063 -0.0313568115234375 -0.24102783203125 -0.311859130859375
-0.054046630859375 0.0255012512207031 -0.28582763671875 -0.13214111328125
-0.0146560668945312 0.0393257141113281 -0.225418090820313 -0.00437927246093754
0.0102348327636719 0.0541419982910156 -0.156524658203125 0.051605224609375
0.0209999084472656 0.0439834594726563 -0.086517333984375 0.00740814208984373
0.0226020812988281 0.0347194671630859 -0.0340347290039063 -0.0844955444335938
0.0261383056640625 0.0538597106933594 0.035186767578125 -0.170852661132813
-0.000431060791015626 0.0664901733398438 0.15594482421875 -0.18896484375
-0.0457267761230469 0.0501937866210938 0.292938232421875 -0.11651611328125
-0.0734786987304688 0.005828857421875 0.352630615234375 0.080078125
-0.0448684692382812 -0.0889892578125 0.237457275390625 0.334136962890625
0.054901123046875 -0.121536254882812 0.071380615234375 0.2891845703125
0.120475769042969 -0.092041015625 0.0817642211914063 0.113426208496094
0.0183029174804688 -0.0419845581054688 0.072052001953125 -0.326141357421875
-0.00254058837890625 -0.0435409545898438 -0.056488037109375 -0.42242431640625
-0.0387649536132813 -0.00736236572265626 -0.2667236328125 -0.282623291015625
-0.0135936737060547 0.0143928527832031 -0.29388427734375 -0.1064453125
0.00655221939086914 0.00807714462280273 -0.229507446289063 0.00910949707031246
0.0105266571044922 0.0109281539916992 -0.165695190429688 0.05377197265625
0.00804615020751953 0.0075068473815918 -0.100448608398438 0.00595855712890624
0.0152006149291992 0.00167179107666016 -0.0471038818359375 -0.0898590087890625
0.0227718353271484 0.0127754211425781 0.029937744140625 -0.178695678710937
0.0144767761230469 0.0264110565185547 0.167373657226563 -0.18951416015625
-0.0123100280761719 0.0268306732177734 0.3089599609375 -0.096527099609375
-0.0289344787597656 0.00666618347167969 0.353515625 0.113739013671875
-0.0173606872558594 -0.0454826354980469 0.213897705078125 0.360260009765625
0.0382843017578125 -0.0611953735351563 0.067535400390625 0.29339599609375
0.073272705078125 -0.0418701171875 0.11517333984375 0.111244201660156
0.0402412414550781 0.00315475463867188 -0.105857849121094 -0.115196228027344
0.0354118347167969 -0.0211677551269531 -0.05145263671875 -0.3101806640625
-0.0138149261474609 -0.0299968719482422 -0.240509033203125 -0.32598876953125
-0.0338020324707031 -0.0127391815185547 -0.378875732421875 -0.133453369140625
-0.0299129486083984 0.00336837768554688 -0.30804443359375 0.100738525390625
-0.0244655609130859 0.0297412872314453 -0.143478393554687 0.23095703125
-0.004425048828125 0.0394515991210937 0.0163421630859375 0.185791015625
0.00233268737792969 0.0287609100341797 0.085479736328125 0.07281494140625
0.00885581970214844 0.03173828125 0.115211486816406 -0.0240478515625
0.00478363037109375 0.0365638732910156 0.162124633789063 -0.0544281005859375
-0.00615501403808594 0.0341129302978516 0.236114501953125 -0.049896240234375
-0.013458251953125 0.0325946807861328 0.2969970703125 0.053863525390625
-0.0348377227783203 0.00696372985839843 0.27972412109375 0.297943115234375
-0.0186920166015625 -0.014892578125 0.128814697265625 0.41448974609375
0.00196170806884765 -0.011260986328125 -0.060272216796875 0.317230224609375
0.10693359375 -0.0464096069335937 -0.0836639404296875 -0.129653930664063
0.0775833129882813 -0.08587646484375 -0.02545166015625 -0.327911376953125
-0.0222015380859375 -0.086029052734375 -0.222015380859375 -0.343780517578125
-0.0764389038085938 -0.0365142822265625 -0.36328125 -0.152313232421875
-0.069671630859375 0.0173263549804687 -0.29638671875 0.078521728515625
-0.0400619506835938 0.07305908203125 -0.142059326171875 0.210342407226563
0.00546264648437499 0.0790634155273437 0.0115203857421875 0.165435791015625
0.0143775939941406 0.0591316223144531 0.0785293579101563 0.055023193359375
0.0228462219238281 0.0640983581542969 0.108955383300781 -0.0420379638671875
0.0131759643554687 0.0754470825195313 0.157058715820313 -0.07452392578125
-0.0144500732421875 0.0691413879394531 0.233230590820313 -0.074951171875
-0.0408096313476563 0.0598182678222656 0.305694580078125 0.02923583984375
-0.0802230834960938 -0.000717163085937493 0.300323486328125 0.282135009765625
-0.04278564453125 -0.0653800964355469 0.142669677734375 0.399383544921875
0.0176544189453125 -0.0800247192382813 -0.052276611328125 0.303741455078125
0.152572631835938 -0.0933074951171875 -0.04193115234375 -0.152587890625
0.0944671630859375 -0.14239501953125 0.001251220703125 -0.349761962890625
-0.0431365966796875 -0.125442504882813 -0.21112060546875 -0.349700927734375
-0.112922668457031 -0.0444183349609375 -0.34222412109375 -0.15771484375
-0.0951919555664062 0.0343704223632813 -0.273300170898438 0.0587158203125
-0.0457611083984375 0.105796813964844 -0.13427734375 0.17877197265625
0.0161972045898438 0.105560302734375 0.00152587890625001 0.1319580078125
0.0251998901367187 0.0796127319335938 0.0615768432617187 0.0277938842773438
0.034637451171875 0.088623046875 0.0926895141601563 -0.06573486328125
0.0181121826171875 0.105072021484375 0.145904541015625 -0.099334716796875
-0.0242462158203125 0.0968780517578125 0.231430053710937 -0.100265502929687
-0.0684585571289062 0.0792236328125 0.314208984375 0.01190185546875
-0.117431640625 -0.0163116455078125 0.309844970703125 0.27301025390625
-0.0560989379882813 -0.114364624023438 0.1397705078125 0.37921142578125
0.0399322509765625 -0.138381958007813 -0.042816162109375 0.270904541015625
0.161453247070313 -0.13165283203125 0.00469970703125003 -0.186126708984375
0.0756378173828125 -0.180831909179688 0.01751708984375 -0.375946044921875
-0.0756454467773437 -0.133071899414063 -0.210418701171875 -0.347900390625
-0.133338928222656 -0.0292510986328125 -0.319976806640625 -0.151763916015625
-0.097869873046875 0.0540084838867187 -0.248062133789062 0.039093017578125
-0.0361251831054687 0.12335205078125 -0.127792358398438 0.140510559082031
0.0266342163085937 0.114913940429688 -0.0143966674804688 0.092132568359375
0.0314254760742188 0.0885162353515625 0.0360794067382813 -0.00654602050781249
0.0412521362304688 0.102737426757813 0.0713043212890625 -0.094573974609375
0.01739501953125 0.122642517089844 0.135475158691406 -0.127960205078125
-0.0389175415039062 0.110572814941406 0.23297119140625 -0.122909545898438
-0.0944290161132813 0.08001708984375 0.323211669921875 0.00372314453125
-0.137214660644531 -0.0444183349609375 0.3074951171875 0.272979736328125
-0.04827880859375 -0.157440185546875 0.124847412109375 0.35357666015625
0.071380615234375 -0.175033569335938 -0.025115966796875 0.224258422851563
0.137359619140625 -0.150787353515625 0.040557861328125 -0.230331420898438
0.0350341796875 -0.185012817382813 0.00970458984375004 -0.401336669921875
-0.101860046386719 -0.108192443847656 -0.219940185546875 -0.336639404296875
-0.128265380859375 -0.000617980957031249 -0.302337646484375 -0.142333984375
-0.077850341796875 0.0653762817382813 -0.22821044921875 0.021697998046875
-0.0159912109375 0.119422912597656 -0.126327514648438 0.102920532226563
0.033538818359375 0.105484008789063 -0.037139892578125 0.0536727905273438
0.0341262817382813 0.0839385986328125 0.00715255737304688 -0.0398826599121094
0.041290283203125 0.102668762207031 0.04827880859375 -0.125740051269531
0.00911712646484375 0.122291564941406 0.12841796875 -0.157974243164063
-0.054443359375 0.106391906738281 0.242660522460938 -0.140090942382813
-0.110862731933594 0.0620880126953125 0.334197998046875 0.005401611328125
-0.128715515136719 -0.0786285400390625 0.295806884765625 0.280364990234375
-0.0155792236328125 -0.181121826171875 0.106597900390625 0.323516845703125
0.104171752929688 -0.180068969726563 0.00485229492187501 0.174285888671875
0.0935821533203125 -0.14031982421875 0.0569000244140625 -0.278182983398438
-0.0026092529296875 -0.154296875 -0.01629638671875 -0.4207763671875
-0.104072570800781 -0.065460205078125 -0.240997314453125 -0.318206787109375
-0.09722900390625 0.0221099853515625 -0.29327392578125 -0.12835693359375
-0.0454750061035156 0.061187744140625 -0.219451904296875 0.011932373046875
0.00344848632812501 0.0952835083007813 -0.134765625 0.0754623413085937
0.0336837768554687 0.0807113647460938 -0.062469482421875 0.0250778198242188
0.0316696166992188 0.0647964477539063 -0.0208091735839844 -0.0678138732910156
0.0363616943359375 0.0855255126953125 0.0299530029296875 -0.154891967773437
0.0021820068359375 0.103172302246094 0.129791259765625 -0.18572998046875
-0.0587921142578125 0.0841064453125 0.261581420898438 -0.148193359375
-0.104927062988281 0.0326156616210938 0.347991943359375 0.021209716796875
-0.094329833984375 -0.0973968505859375 0.281524658203125 0.293365478515625
0.0228118896484375 -0.171554565429688 0.095916748046875 0.296142578125
0.123214721679688 -0.153518676757813 0.0492706298828125 0.133766174316406
0.0503616333007812 -0.101432800292969 0.055084228515625 -0.316162109375
-0.0165939331054687 -0.102508544921875 -0.05499267578125 -0.426971435546875
-0.0802230834960938 -0.0274887084960937 -0.2650146484375 -0.28936767578125
-0.0554847717285156 0.0272674560546875 -0.291656494140625 -0.1075439453125
-0.0151939392089844 0.0403518676757813 -0.21868896484375 0.01324462890625
0.0134201049804688 0.0566177368164062 -0.1468505859375 0.0621337890625
0.0247955322265625 0.0460586547851563 -0.08514404296875 0.0100784301757813
0.0251846313476563 0.0361366271972656 -0.0436782836914063 -0.0857620239257812
0.0292015075683594 0.0536918640136719 0.018157958984375 -0.176467895507812
0.00356674194335937 0.0682182312011719 0.140060424804687 -0.202590942382813
-0.044586181640625 0.0539169311523438 0.283782958984375 -0.14190673828125
-0.0746383666992188 0.00962066650390627 0.358642578125 0.0511474609375
-0.0506439208984375 -0.0866928100585938 0.262054443359375 0.3157958984375
0.0463180541992188 -0.128471374511719 0.092559814453125 0.28302001953125
0.113792419433594 -0.104881286621094 0.0949935913085938 0.110725402832031
0.0172805786132813 -0.0420570373535156 0.042510986328125 -0.3389892578125
-0.00454330444335937 -0.0441055297851562 -0.093963623046875 -0.420166015625
-0.0396614074707031 -0.00546646118164063 -0.2889404296875 -0.258575439453125
-0.013819694519043 0.0134735107421875 -0.297210693359375 -0.0801086425781249
0.0053715705871582 0.00675439834594726 -0.222625732421875 0.0270080566406249
0.0100288391113281 0.0110044479370117 -0.156646728515625 0.0640716552734375
0.00852298736572266 0.00827836990356445 -0.0988845825195313 0.00897216796874999
0.0139017105102539 0.00158119201660156 -0.0584259033203125 -0.09149169921875
0.0229682922363281 0.0112476348876953 0.013336181640625 -0.1849365234375
0.0157985687255859 0.0250511169433594 0.1519775390625 -0.204788208007813
-0.0109977722167969 0.0275554656982422 0.30218505859375 -0.12225341796875
-0.0292224884033203 0.00774383544921875 0.3616943359375 0.08685302734375
-0.019927978515625 -0.0442962646484375 0.2398681640625 0.34320068359375
0.0332069396972656 -0.064910888671875 0.087310791015625 0.286163330078125
0.070343017578125 -0.048828125 0.128463745117188 0.104576110839844
0.0398330688476562 0.00032806396484375 -0.116020202636719 -0.103309631347656
0.0338764190673828 -0.0238132476806641 -0.06884765625 -0.2928466796875
-0.0155811309814453 -0.0288162231445312 -0.2486572265625 -0.29803466796875
-0.0349617004394531 -0.0112209320068359 -0.372802734375 -0.104034423828125
-0.0307884216308594 0.00631141662597657 -0.2901611328125 0.120819091796875
-0.0212860107421875 0.0327205657958984 -0.119522094726563 0.237945556640625
-0.000595092773437499 0.0406837463378906 0.033355712890625 0.182586669921875
0.00439071655273438 0.0289363861083984 0.090545654296875 0.0688705444335938
0.0113162994384766 0.0300464630126953 0.109954833984375 -0.026763916015625
0.0076904296875 0.0363655090332031 0.149627685546875 -0.058380126953125
-0.00436210632324219 0.0348320007324219 0.21881103515625 -0.063262939453125
-0.0108623504638672 0.0330905914306641 0.28594970703125 0.02789306640625
-0.0340328216552734 0.010009765625 0.294586181640625 0.262969970703125
-0.0217113494873047 -0.0134296417236328 0.159881591796875 0.394500732421875
-0.00154876708984375 -0.0121917724609375 -0.0299072265625 0.321868896484375
0.102668762207031 -0.05401611328125 -0.0955886840820312 -0.119453430175781
0.0705490112304688 -0.08990478515625 -0.044586181640625 -0.31317138671875
-0.0269699096679687 -0.0841598510742188 -0.2333984375 -0.315948486328125
-0.0790557861328125 -0.032684326171875 -0.358612060546875 -0.1234130859375
-0.0691642761230469 0.0223464965820313 -0.280441284179688 0.098358154296875
-0.0347137451171875 0.0771331787109375 -0.118667602539062 0.218002319335938
0.0118255615234375 0.0804443359375 0.0269012451171875 0.161941528320313
0.0185089111328125 0.0589981079101563 0.0827713012695313 0.0510025024414063
0.0272026062011719 0.0622596740722656 0.102653503417969 -0.0436859130859375
0.0184402465820313 0.0749282836914063 0.14263916015625 -0.078125
-0.0107421875 0.0705795288085938 0.214614868164063 -0.0878143310546875
-0.0372390747070313 0.06201171875 0.2928466796875 0.003814697265625
-0.0792160034179688 0.00479888916015626 0.313507080078125 0.24639892578125
-0.0489006042480469 -0.0629997253417969 0.17327880859375 0.378021240234375
0.00912475585937499 -0.0821456909179688 -0.0235595703125 0.307525634765625
0.1441650390625 -0.10333251953125 -0.0573883056640625 -0.145660400390625
0.0828704833984375 -0.147186279296875 -0.0228271484375 -0.337432861328125
-0.0493698120117188 -0.122077941894531 -0.223846435546875 -0.32330322265625
-0.115776062011719 -0.0391311645507813 -0.340179443359375 -0.12786865234375
-0.0941619873046875 0.0403518676757813 -0.257461547851563 0.077362060546875
-0.0377578735351563 0.110588073730469 -0.112335205078125 0.18548583984375
0.0244598388671875 0.106285095214844 0.014617919921875 0.129432678222656
0.02984619140625 0.0795440673828125 0.0632057189941406 0.0237960815429688
0.040740966796875 0.0874862670898438 0.0842514038085938 -0.0668106079101563
0.025634765625 0.105461120605469 0.130615234375 -0.102256774902344
-0.0195999145507813 0.09967041015625 0.21124267578125 -0.112899780273437
-0.0641555786132813 0.0821762084960937 0.300445556640625 -0.01409912109375
-0.1168212890625 -0.00915527343750001 0.322357177734375 0.238433837890625
-0.064910888671875 -0.111167907714844 0.16693115234375 0.357666015625
0.0264892578125 -0.141632080078125 -0.0169219970703125 0.274063110351563
0.150604248046875 -0.141464233398438 -0.0142059326171875 -0.182632446289063
0.062530517578125 -0.18353271484375 -0.01043701171875 -0.36334228515625
-0.0816421508789063 -0.127471923828125 -0.224517822265625 -0.32049560546875
-0.13555908203125 -0.0225601196289062 -0.31768798828125 -0.12469482421875
-0.0959930419921875 0.0593109130859375 -0.232864379882812 0.0558624267578125
-0.027740478515625 0.126922607421875 -0.108016967773437 0.14599609375
0.0355758666992188 0.114952087402344 -0.00469970703124999 0.0896072387695313
0.0375747680664063 0.0885772705078125 0.0356330871582031 -0.00804519653320312
0.0478897094726563 0.101966857910156 0.06024169921875 -0.0948638916015625
0.0245361328125 0.122970581054688 0.118362426757812 -0.130058288574219
-0.0340347290039062 0.114051818847656 0.212249755859375 -0.135452270507813
-0.0901412963867188 0.0854873657226562 0.309814453125 -0.02252197265625
-0.137565612792969 -0.0364990234375 0.320037841796875 0.240386962890625
-0.059234619140625 -0.154861450195313 0.14886474609375 0.335693359375
0.055145263671875 -0.179977416992188 -0.00387573242187501 0.226303100585938
0.125946044921875 -0.157089233398438 0.018218994140625 -0.23004150390625
0.023406982421875 -0.185440063476563 -0.018798828125 -0.38970947265625
-0.105728149414063 -0.101852416992188 -0.23529052734375 -0.30889892578125
-0.128860473632813 0.00430297851562498 -0.2984619140625 -0.114959716796875
-0.076324462890625 0.0700149536132813 -0.213516235351563 0.0367431640625
-0.0087432861328125 0.122352600097656 -0.109954833984375 0.107864379882813
0.0414886474609375 0.105613708496094 -0.0300216674804688 0.0524330139160156
0.0392074584960938 0.0835647583007813 0.00350570678710938 -0.040496826171875
0.0471115112304687 0.101600646972656 0.035675048828125 -0.124900817871094
0.016387939453125 0.123519897460937 0.109481811523438 -0.160919189453125
-0.0494461059570312 0.109970092773438 0.221649169921875 -0.155059814453125
-0.107772827148438 0.0676498413085938 0.322540283203125 -0.020294189453125
-0.131591796875 -0.069549560546875 0.30718994140625 0.248626708984375
-0.029632568359375 -0.17950439453125 0.127105712890625 0.30596923828125
0.0870513916015625 -0.186752319335938 0.02154541015625 0.17388916015625
0.085205078125 -0.144424438476563 0.0306854248046875 -0.278594970703125
-0.011749267578125 -0.152847290039063 -0.047576904296875 -0.40753173828125
-0.106002807617187 -0.0594100952148438 -0.252838134765625 -0.28704833984375
-0.0971145629882812 0.02569580078125 -0.288360595703125 -0.101715087890625
-0.0444145202636719 0.06414794921875 -0.2052001953125 0.0263519287109375
0.00850677490234376 0.0962905883789063 -0.119354248046875 0.0800933837890625
0.0395660400390625 0.080535888671875 -0.0577278137207031 0.0250663757324219
0.0356636047363281 0.0655174255371094 -0.0273933410644531 -0.0672340393066406
0.0411758422851562 0.0848922729492188 0.0144805908203125 -0.153289794921875
0.00823211669921875 0.103851318359375 0.108932495117188 -0.189300537109375
-0.0552597045898438 0.0874481201171875 0.240737915039063 -0.16461181640625
-0.102592468261719 0.0381851196289062 0.33721923828125 -0.004791259765625
-0.0978851318359375 -0.0908966064453125 0.292999267578125 0.263824462890625
0.00961303710937499 -0.172821044921875 0.11395263671875 0.280746459960938
0.108154296875 -0.161575317382813 0.06121826171875 0.129524230957031
0.0453948974609375 -0.102447509765625 0.0264892578125 -0.316497802734375
-0.0214080810546875 -0.100936889648438 -0.088165283203125 -0.41046142578125
-0.08038330078125 -0.0237884521484375 -0.275253295898437 -0.25726318359375
-0.0546836853027344 0.0281982421875 -0.284454345703125 -0.0810546875
-0.0153121948242187 0.0405235290527344 -0.204360961914063 0.0267181396484375
0.015838623046875 0.0569534301757813 -0.132652282714844 0.0667495727539063
0.0281829833984375 0.0461845397949219 -0.0814361572265625 0.0111312866210938
0.0267372131347656 0.036712646484375 -0.05255126953125 -0.0843658447265625
0.0312843322753906 0.0524635314941406 0.0015411376953125 -0.175094604492188
0.00686264038085938 0.0682907104492188 0.118865966796875 -0.20831298828125
-0.0418052673339844 0.0566635131835938 0.26361083984375 -0.159469604492188
-0.0732269287109375 0.0132293701171875 0.349609375 0.023284912109375
-0.053802490234375 -0.0823211669921875 0.274078369140625 0.28515625
0.03582763671875 -0.131134033203125 0.10791015625 0.26617431640625
0.102569580078125 -0.11260986328125 0.104454040527344 0.101829528808594
0.0172500610351562 -0.0415611267089844 0.01165771484375 -0.338653564453125
-0.00487899780273438 -0.0444107055664063 -0.125701904296875 -0.4014892578125
-0.0376014709472656 -0.00350952148437501 -0.295562744140625 -0.22509765625
-0.0142154693603516 0.0123214721679688 -0.2869873046875 -0.0557556152343751
0.0033116340637207 0.00631952285766602 -0.206161499023437 0.0399017333984375
0.009918212890625 0.0120372772216797 -0.14239501953125 0.0691986083984375
0.00930881500244141 0.00905895233154297 -0.0959548950195313 0.00963592529296874
0.013514518737793 0.00213623046875 -0.0665512084960938 -0.0891342163085938
0.0216484069824219 0.00933647155761719 -0.00422668457031249 -0.183639526367188
0.0171566009521484 0.0237007141113281 0.130950927734375 -0.211074829101563
-0.00999259948730469 0.0270023345947266 0.2833251953125 -0.142333984375
-0.0278797149658203 0.00831413269042969 0.35540771484375 0.05712890625
-0.0217514038085938 -0.0411758422851563 0.252899169921875 0.313812255859375
0.0272712707519531 -0.0664024353027344 0.10296630859375 0.269210815429688
0.0637245178222656 -0.0534172058105469 0.137214660644531 0.093475341796875
0.0402793884277344 -0.00183486938476562 -0.120155334472656 -0.0919342041015625
0.0321979522705078 -0.0254478454589844 -0.0744476318359375 -0.272445678710938
-0.0157508850097656 -0.0282630920410156 -0.2427978515625 -0.275238037109375
-0.0357017517089844 -0.010589599609375 -0.35772705078125 -0.085235595703125
-0.0305614471435547 0.00724601745605468 -0.271240234375 0.1282958984375
-0.0175361633300781 0.0339984893798828 -0.101058959960937 0.234848022460937
0.0025177001953125 0.0409660339355469 0.0434112548828125 0.176498413085938
0.00537490844726563 0.0293560028076172 0.0926055908203125 0.06500244140625
0.0125102996826172 0.0282745361328125 0.104995727539062 -0.0240020751953125
0.0101280212402344 0.03564453125 0.137763977050781 -0.056121826171875
-0.00224876403808594 0.0345916748046875 0.200286865234375 -0.067657470703125
-0.00905990600585937 0.0330390930175781 0.268722534179688 0.0122222900390625
-0.0324459075927734 0.0122470855712891 0.29144287109375 0.2335205078125
-0.0245513916015625 -0.0124187469482422 0.1768798828125 0.37066650390625
-0.004058837890625 -0.0126047134399414 -0.007415771484375 0.317840576171875
0.097808837890625 -0.0575714111328125 -0.101715087890625 -0.10894775390625
0.06488037109375 -0.0908660888671875 -0.0533447265625 -0.292694091796875
-0.02813720703125 -0.0820083618164063 -0.22796630859375 -0.2923583984375
-0.080108642578125 -0.0307846069335937 -0.34527587890625 -0.104400634765625
-0.0686759948730469 0.0247726440429687 -0.260589599609375 0.106369018554687
-0.0293807983398437 0.0784149169921875 -0.10101318359375 0.2156982421875
0.016357421875 0.079864501953125 0.0360565185546875 0.156219482421875
0.020599365234375 0.0587120056152344 0.083587646484375 0.0475387573242188
0.0297966003417969 0.0616226196289063 0.0965423583984375 -0.0412750244140625
0.0220718383789063 0.0738754272460938 0.130477905273438 -0.0744171142578125
-0.00861358642578125 0.07061767578125 0.195724487304688 -0.090484619140625
-0.0352401733398437 0.0623130798339844 0.273849487304688 -0.011199951171875
-0.0773391723632812 0.00761413574218751 0.30999755859375 0.2171630859375
-0.0526046752929688 -0.0607337951660156 0.187103271484375 0.354339599609375
0.003173828125 -0.0811004638671875 -0.002532958984375 0.303497314453125
0.136085510253906 -0.106910705566406 -0.0660858154296875 -0.1370849609375
0.0749359130859375 -0.14727783203125 -0.0316162109375 -0.317779541015625
-0.0514755249023437 -0.118194580078125 -0.221038818359375 -0.3006591796875
-0.116432189941406 -0.0353546142578125 -0.326904296875 -0.109405517578125
-0.0934371948242187 0.0434494018554688 -0.239471435546875 0.08465576171875
-0.0324478149414062 0.111968994140625 -0.0958709716796875 0.183425903320313
0.0300369262695312 0.106025695800781 0.0226211547851562 0.123291015625
0.0333251953125 0.0797958374023438 0.0631523132324219 0.0216026306152344
0.0435409545898437 0.0859222412109375 0.0771865844726563 -0.0637359619140625
0.0295791625976563 0.104484558105469 0.117401123046875 -0.0981292724609375
-0.0171127319335938 0.0998916625976563 0.192092895507813 -0.115020751953125
-0.061126708984375 0.082916259765625 0.281890869140625 -0.028717041015625
-0.1142578125 -0.00592803955078126 0.31787109375 0.20953369140625
-0.0700454711914063 -0.107887268066406 0.180328369140625 0.33740234375
0.017486572265625 -0.140380859375 0.00184631347656251 0.27008056640625
0.141571044921875 -0.144485473632813 -0.0259246826171875 -0.17572021484375
0.053802490234375 -0.181610107421875 -0.0234375 -0.34539794921875
-0.083221435546875 -0.123390197753906 -0.223114013671875 -0.2969970703125
-0.135429382324219 -0.0195465087890625 -0.30535888671875 -0.10589599609375
-0.095550537109375 0.0621109008789062 -0.215591430664063 0.063385009765625
-0.0223922729492187 0.128227233886719 -0.092193603515625 0.143936157226563
0.0402603149414063 0.114250183105469 0.00150299072265625 0.0851974487304688
0.0406112670898438 0.0883865356445313 0.0337371826171875 -0.00924491882324218
0.0510025024414063 0.099945068359375 0.05230712890625 -0.0907974243164063
0.0289840698242187 0.122589111328125 0.103973388671875 -0.126007080078125
-0.0312118530273438 0.115249633789063 0.192550659179688 -0.138153076171875
-0.0870513916015625 0.08648681640625 0.29132080078125 -0.0369873046875
-0.135772705078125 -0.0316696166992188 0.3160400390625 0.212005615234375
-0.06640625 -0.150314331054688 0.159393310546875 0.313995361328125
0.04296875 -0.178482055664063 0.011016845703125 0.22235107421875
0.117324829101563 -0.158782958984375 0.00245666503906253 -0.22344970703125
0.015899658203125 -0.182830810546875 -0.0343017578125 -0.3721923828125
-0.105415344238281 -0.0972137451171875 -0.233428955078125 -0.283599853515625
-0.12786865234375 0.00685882568359374 -0.286712646484375 -0.097808837890625
-0.0756072998046875 0.0718460083007813 -0.196609497070313 0.0432586669921875
-0.00448608398437499 0.122512817382813 -0.0947799682617187 0.105682373046875
0.0460586547851562 0.104446411132813 -0.0254287719726562 0.0491294860839844
0.0421142578125 0.0837860107421875 -0.000183105468750001 -0.0397720336914062
0.0500335693359375 0.100822448730469 0.0257339477539063 -0.120071411132813
0.02069091796875 0.123214721679687 0.0946044921875 -0.156829833984375
-0.0474090576171875 0.111473083496094 0.20159912109375 -0.157546997070312
-0.104927062988281 0.0695343017578125 0.30364990234375 -0.034698486328125
-0.13037109375 -0.0650253295898438 0.304107666015625 0.222412109375
-0.0380096435546875 -0.176055908203125 0.135650634765625 0.287750244140625
0.0738372802734375 -0.18603515625 0.03277587890625 0.169097900390625
0.0786285400390625 -0.144180297851563 0.012420654296875 -0.272216796875
-0.0158233642578125 -0.150054931640625 -0.065887451171875 -0.3870849609375
-0.103973388671875 -0.0561065673828125 -0.2510986328125 -0.2606201171875
-0.0965423583984375 0.0264129638671875 -0.274765014648437 -0.0837860107421875
-0.04510498046875 0.0647010803222656 -0.188644409179688 0.0319366455078125
0.0110626220703125 0.0966110229492188 -0.105339050292969 0.0780715942382813
0.0428619384765625 0.0799331665039062 -0.0541572570800781 0.0229110717773438
0.0372352600097656 0.065948486328125 -0.0320358276367188 -0.0653305053710938
0.0425338745117188 0.0840072631835938 0.00340270996093749 -0.148101806640625
0.0110244750976563 0.103248596191406 0.0934600830078125 -0.185791015625
-0.0534515380859375 0.0888595581054687 0.220458984375 -0.16851806640625
-0.100502014160156 0.039794921875 0.319488525390625 -0.020599365234375
-0.0976486206054688 -0.0858688354492188 0.289642333984375 0.238555908203125
0.00135803222656248 -0.169937133789063 0.1199951171875 0.263076782226563
0.0957183837890625 -0.162582397460937 0.0688934326171875 0.123558044433594
0.0424957275390625 -0.10125732421875 0.00555419921875003 -0.30865478515625
-0.0224990844726562 -0.0987472534179688 -0.10546875 -0.387298583984375
-0.0778045654296875 -0.0215072631835937 -0.271392822265625 -0.2305908203125
-0.0547752380371094 0.0278968811035156 -0.269088745117188 -0.064361572265625
-0.0174217224121094 0.0403518676757812 -0.187210083007813 0.0307769775390625
0.0163726806640625 0.057769775390625 -0.119491577148437 0.064605712890625
0.0299911499023438 0.0463447570800781 -0.078460693359375 0.00862121582031249
0.0272178649902344 0.0373001098632813 -0.0576019287109375 -0.0816421508789063
0.031402587890625 0.0520591735839844 -0.0102081298828125 -0.16986083984375
0.00876235961914062 0.0672874450683594 0.102859497070313 -0.205810546875
-0.0406570434570313 0.0565681457519531 0.244308471679688 -0.165817260742188
-0.0717010498046875 0.015045166015625 0.332733154296875 0.007720947265625
-0.0542678833007813 -0.0784454345703125 0.271713256835938 0.260406494140625
0.0280609130859375 -0.129623413085938 0.112533569335938 0.248794555664062
0.0929336547851563 -0.113960266113281 0.109321594238281 0.0944976806640625
0.018768310546875 -0.0396499633789063 -0.00921630859375002 -0.329620361328125
-0.00460052490234375 -0.0443038940429687 -0.14105224609375 -0.378631591796875
-0.0353889465332031 -0.00248336791992188 -0.289794921875 -0.197418212890625
-0.0149974822998047 0.0103750228881836 -0.269775390625 -0.0400848388671874
0.00116491317749023 0.00554084777832031 -0.188796997070313 0.04302978515625
0.00835895538330078 0.0125827789306641 -0.129798889160156 0.0659027099609375
0.00913906097412109 0.00978279113769531 -0.0930557250976563 0.00753021240234376
0.0120983123779297 0.00326728820800781 -0.0720977783203125 -0.0863800048828125
0.0197582244873047 0.009124755859375 -0.016082763671875 -0.17840576171875
0.0173969268798828 0.0230770111083984 0.114700317382813 -0.210037231445313
-0.00887680053710938 0.0269088745117188 0.263397216796875 -0.149734497070313
-0.0269908905029297 0.00918960571289063 0.339202880859375 0.040130615234375
-0.0215721130371094 -0.0386161804199219 0.250213623046875 0.28826904296875
0.0223846435546875 -0.0663261413574219 0.107635498046875 0.250457763671875
0.0573539733886719 -0.0542716979980469 0.14068603515625 0.0848541259765625
0.0407371520996094 -0.00403594970703125 -0.122795104980469 -0.08477783203125
0.0322303771972656 -0.0259132385253906 -0.0712432861328125 -0.2586669921875
-0.0158233642578125 -0.0281219482421875 -0.23138427734375 -0.2642822265625
-0.0370826721191406 -0.0109367370605469 -0.34320068359375 -0.0806579589843749
-0.0314674377441406 0.00788307189941407 -0.25970458984375 0.128707885742188
-0.0160579681396484 0.0347728729248047 -0.0921783447265625 0.233184814453125
0.00392913818359375 0.0415573120117188 0.0479888916015625 0.173736572265625
0.00589561462402344 0.0297336578369141 0.0934524536132813 0.0654830932617188
0.0129222869873047 0.0283374786376953 0.102943420410156 -0.0182647705078125
0.0111103057861328 0.0349845886230469 0.130058288574219 -0.0491790771484375
-0.00148391723632812 0.0357589721679688 0.186325073242188 -0.064117431640625
-0.00820541381835938 0.0332908630371094 0.253463745117188 0.006561279296875
-0.0330295562744141 0.0131721496582031 0.28497314453125 0.2158203125
-0.0267333984375 -0.0114479064941406 0.1827392578125 0.356842041015625
-0.00643253326416016 -0.0124187469482422 0.0050048828125 0.31719970703125
0.0962371826171875 -0.05950927734375 -0.105278015136719 -0.102493286132813
0.06329345703125 -0.0908203125 -0.052154541015625 -0.278732299804688
-0.0273971557617187 -0.0818099975585937 -0.218032836914063 -0.281097412109375
-0.0810928344726563 -0.0310745239257812 -0.330841064453125 -0.0978088378906249
-0.0695381164550781 0.0254707336425781 -0.249526977539063 0.106781005859375
-0.0278778076171875 0.080047607421875 -0.0916748046875 0.212692260742187
0.0189971923828125 0.0804824829101563 0.0410614013671875 0.153839111328125
0.0219764709472656 0.0601081848144531 0.0840606689453125 0.047210693359375
0.0305671691894531 0.0615425109863281 0.0932159423828125 -0.035980224609375
0.0226669311523437 0.0743865966796875 0.122459411621094 -0.0664825439453125
-0.00770568847656251 0.07220458984375 0.182174682617187 -0.0872955322265625
-0.0348587036132813 0.0623741149902344 0.258575439453125 -0.015472412109375
-0.076019287109375 0.007110595703125 0.302276611328125 0.200531005859375
-0.0555534362792969 -0.0595932006835938 0.192108154296875 0.3409423828125
-0.000282287597656249 -0.0808563232421875 0.00897216796875003 0.30242919921875
0.132987976074219 -0.108062744140625 -0.0711822509765625 -0.13165283203125
0.072784423828125 -0.1461181640625 -0.032928466796875 -0.30450439453125
-0.050048828125 -0.118293762207031 -0.21148681640625 -0.28753662109375
-0.117813110351563 -0.035919189453125 -0.31494140625 -0.10382080078125
-0.0945587158203125 0.0445175170898437 -0.227813720703125 0.0850830078125
-0.0308609008789063 0.113761901855469 -0.085968017578125 0.180221557617188
0.0323486328125 0.1070556640625 0.0267333984375 0.120246887207031
0.0341262817382813 0.081878662109375 0.0624504089355469 0.0224037170410156
0.0444107055664063 0.0874481201171875 0.0735549926757812 -0.0584487915039062
0.0306625366210938 0.105850219726563 0.10992431640625 -0.0906600952148438
-0.0173263549804687 0.101516723632812 0.178680419921875 -0.11126708984375
-0.062225341796875 0.0829925537109375 0.266021728515625 -0.0329437255859375
-0.113929748535156 -0.0058746337890625 0.3109130859375 0.1943359375
-0.0730438232421875 -0.107521057128906 0.183624267578125 0.32330322265625
0.0120620727539062 -0.139152526855469 0.0121307373046875 0.269149780273438
0.137496948242188 -0.14495849609375 -0.032958984375 -0.170318603515625
0.0519256591796875 -0.180953979492188 -0.02667236328125 -0.332916259765625
-0.0810546875 -0.123077392578125 -0.2147216796875 -0.284454345703125
-0.137115478515625 -0.0204544067382813 -0.29290771484375 -0.0992431640625
-0.0982589721679688 0.0630874633789063 -0.204086303710938 0.062713623046875
-0.020751953125 0.130157470703125 -0.0824127197265625 0.140289306640625
0.0428848266601562 0.115699768066406 0.00492095947265626 0.0821990966796875
0.042205810546875 0.0909423828125 0.0322990417480469 -0.00877380371093749
0.0521316528320313 0.10186767578125 0.0472640991210938 -0.0859832763671875
0.0299911499023437 0.123886108398438 0.0962905883789063 -0.118797302246094
-0.0326919555664062 0.117179870605469 0.179794311523438 -0.135879516601563
-0.0885772705078125 0.086639404296875 0.276275634765625 -0.04095458984375
-0.13519287109375 -0.0324554443359375 0.308013916015625 0.198455810546875
-0.069732666015625 -0.149993896484375 0.16107177734375 0.302581787109375
0.03741455078125 -0.177322387695313 0.0196533203125 0.22100830078125
0.114776611328125 -0.158798217773438 -0.00614929199218749 -0.21881103515625
0.0148162841796875 -0.181488037109375 -0.039581298828125 -0.358489990234375
-0.103195190429688 -0.0979843139648438 -0.226425170898438 -0.270156860351563
-0.129959106445313 0.00533294677734373 -0.274032592773438 -0.090240478515625
-0.0789413452148437 0.072784423828125 -0.184906005859375 0.042938232421875
-0.00390625 0.124832153320313 -0.0854644775390625 0.101356506347656
0.0483474731445313 0.106056213378906 -0.0228118896484375 0.0457763671875
0.0430221557617187 0.0860977172851563 -0.00278854370117187 -0.0390167236328125
0.0507965087890625 0.102668762207031 0.0199203491210937 -0.115898132324219
0.0212020874023437 0.124801635742187 0.086273193359375 -0.151107788085938
-0.048614501953125 0.1129150390625 0.1890869140625 -0.155258178710937
-0.105789184570312 0.068939208984375 0.289642333984375 -0.038970947265625
-0.129768371582031 -0.0652694702148438 0.2957763671875 0.208648681640625
-0.0413970947265625 -0.175552368164062 0.135772705078125 0.277008056640625
0.06805419921875 -0.185195922851563 0.039276123046875 0.166580200195313
0.0772857666015625 -0.14349365234375 0.00265502929687503 -0.267044067382813
-0.0156097412109375 -0.149642944335938 -0.071563720703125 -0.37298583984375
-0.101493835449219 -0.0572433471679687 -0.243682861328125 -0.247299194335938
-0.0985488891601563 0.0250167846679687 -0.26226806640625 -0.0771026611328125
-0.0481147766113281 0.0654830932617188 -0.176116943359375 0.0300750732421875
0.0112838745117187 0.0993270874023437 -0.0966567993164062 0.07244873046875
0.0446014404296875 0.0815505981445313 -0.0526809692382812 0.0190277099609375
0.0379600524902344 0.0680351257324219 -0.0357398986816406 -0.0645713806152344
0.0428466796875 0.0863723754882813 -0.00257873535156251 -0.14453125
0.01141357421875 0.104995727539063 0.0853729248046875 -0.181686401367188
-0.054443359375 0.0895309448242188 0.208816528320313 -0.167999267578125
-0.101219177246094 0.0394668579101563 0.30572509765625 -0.02532958984375
-0.0973892211914062 -0.0856857299804688 0.2818603515625 0.226104736328125
-0.00325012207031251 -0.168899536132813 0.117538452148437 0.2520751953125
0.089569091796875 -0.16143798828125 0.0732879638671875 0.120399475097656
0.0439682006835938 -0.101272583007812 -0.004302978515625 -0.30462646484375
-0.0213851928710938 -0.0991287231445313 -0.110748291015625 -0.373748779296875
-0.0746383666992188 -0.0221405029296875 -0.262039184570312 -0.215927124023438
-0.0559768676757812 0.026611328125 -0.255111694335938 -0.0596160888671875
-0.0198516845703125 0.0410003662109375 -0.174026489257813 0.028839111328125
0.0160675048828125 0.0596542358398438 -0.111305236816406 0.0583724975585938
0.0308151245117188 0.0479507446289063 -0.0779953002929688 0.00476074218749999
0.027435302734375 0.0394401550292969 -0.0619888305664063 -0.0808639526367188
0.03082275390625 0.0542030334472656 -0.01629638671875 -0.166107177734375
0.00866699218750001 0.0673828125 0.094207763671875 -0.202407836914062
-0.0410003662109375 0.0565948486328125 0.233123779296875 -0.164840698242188
-0.0717315673828125 0.0148696899414062 0.32012939453125 0.00274658203125
-0.0538253784179688 -0.07794189453125 0.262588500976563 0.24932861328125
0.0248947143554688 -0.127944946289063 0.109817504882812 0.237686157226563
0.088409423828125 -0.112998962402344 0.112480163574219 0.09088134765625
0.0209236145019531 -0.0399131774902344 -0.02020263671875 -0.325439453125
-0.00281906127929687 -0.0454254150390625 -0.145843505859375 -0.364013671875
-0.0329818725585938 -0.00297355651855468 -0.280975341796875 -0.184982299804688
-0.0156736373901367 0.00914859771728516 -0.25439453125 -0.03460693359375
-0.00183391571044922 0.00578737258911133 -0.175567626953125 0.0403900146484375
0.00834941864013672 0.0152721405029297 -0.121818542480469 0.0595169067382812
0.00954151153564453 0.0114479064941406 -0.0927505493164063 0.00285339355468749
0.0116720199584961 0.00535392761230469 -0.0767974853515625 -0.08673095703125
0.0182743072509766 0.010589599609375 -0.0227203369140625 -0.175201416015625
0.0168533325195313 0.0217170715332031 0.106552124023437 -0.2081298828125
-0.00871658325195313 0.0262317657470703 0.253082275390625 -0.149612426757813
-0.0270233154296875 0.00934982299804688 0.325958251953125 0.034515380859375
-0.0212135314941406 -0.037078857421875 0.241424560546875 0.275665283203125
0.0192642211914063 -0.065032958984375 0.103683471679688 0.238037109375
0.0547142028808594 -0.0528945922851563 0.142471313476563 0.080963134765625
0.0417098999023438 -0.00556564331054688 -0.127677917480469 -0.0821075439453125
0.0325927734375 -0.0280036926269531 -0.067901611328125 -0.252700805664063
-0.0150890350341797 -0.029266357421875 -0.22283935546875 -0.263748168945312
-0.0392951965332031 -0.0117607116699219 -0.340179443359375 -0.082275390625
-0.0333919525146484 0.00853729248046875 -0.257156372070313 0.129058837890625
-0.0153617858886719 0.0372428894042969 -0.0876312255859375 0.236434936523438
0.0057525634765625 0.0433540344238281 0.053253173828125 0.1767578125
0.00675010681152344 0.0313396453857422 0.09759521484375 0.0694656372070313
0.0126686096191406 0.0289020538330078 0.104164123535156 -0.0126876831054687
0.0128707885742188 0.0357666015625 0.128486633300781 -0.0417861938476563
0.000347137451171872 0.0370903015136719 0.179412841796875 -0.0603179931640625
-0.00736236572265625 0.0343971252441406 0.244583129882813 0.00469970703125
-0.0341644287109375 0.014007568359375 0.283416748046875 0.20855712890625
-0.0301933288574219 -0.0104751586914063 0.19036865234375 0.353759765625
-0.00854206085205078 -0.0128974914550781 0.01593017578125 0.32470703125
0.0976943969726563 -0.0618896484375 -0.111076354980469 -0.0997848510742188
0.06390380859375 -0.0933761596679688 -0.0501251220703125 -0.273849487304688
-0.027557373046875 -0.0846328735351563 -0.209243774414063 -0.279388427734375
-0.085205078125 -0.0320663452148438 -0.327362060546875 -0.1007080078125
-0.0739822387695313 0.0267791748046875 -0.246505737304688 0.107009887695313
-0.0279769897460938 0.0836181640625 -0.085693359375 0.215438842773438
0.0206985473632813 0.0835189819335938 0.04534912109375 0.155426025390625
0.0232734680175781 0.063079833984375 0.0872879028320313 0.0508804321289063
0.0325126647949219 0.0644989013671875 0.094696044921875 -0.0302276611328125
0.0253067016601563 0.077484130859375 0.121002197265625 -0.0599746704101562
-0.00742340087890624 0.0760650634765625 0.174453735351563 -0.0834197998046875
-0.0365333557128906 0.0645179748535156 0.250274658203125 -0.0175628662109375
-0.0790557861328125 0.00797271728515625 0.301788330078125 0.193206787109375
-0.0595207214355469 -0.0609855651855469 0.199615478515625 0.33721923828125
-0.00347900390625 -0.0825653076171875 0.018218994140625 0.308929443359375
0.133918762207031 -0.111869812011719 -0.0776443481445312 -0.129508972167969
0.07366943359375 -0.149581909179688 -0.03216552734375 -0.2999267578125
-0.0490951538085937 -0.123100280761719 -0.206695556640625 -0.2872314453125
-0.122688293457031 -0.03863525390625 -0.31048583984375 -0.103515625
-0.0999679565429687 0.0460662841796875 -0.22357177734375 0.084991455078125
-0.0313568115234375 0.119216918945313 -0.0800933837890625 0.181427001953125
0.0347137451171875 0.111274719238281 0.0307846069335937 0.121170043945313
0.036468505859375 0.08685302734375 0.0637969970703125 0.0236663818359375
0.0466156005859375 0.0920562744140625 0.0729751586914063 -0.0545120239257812
0.0328750610351563 0.110328674316406 0.107170104980469 -0.0851058959960937
-0.0189895629882812 0.106864929199219 0.171630859375 -0.10845947265625
-0.0654754638671875 0.085357666015625 0.25860595703125 -0.0345458984375
-0.117713928222656 -0.00715637207031247 0.308380126953125 0.1861572265625
-0.0782852172851563 -0.110069274902344 0.189697265625 0.3212890625
0.00946044921874999 -0.14239501953125 0.0199737548828125 0.274185180664062
0.139572143554688 -0.14874267578125 -0.0396270751953125 -0.170486450195313
0.052825927734375 -0.185440063476563 -0.02593994140625 -0.33056640625
-0.0812301635742187 -0.128631591796875 -0.210845947265625 -0.2825927734375
-0.143295288085938 -0.02252197265625 -0.2894287109375 -0.09832763671875
-0.10357666015625 0.065673828125 -0.198883056640625 0.0628662109375
-0.02142333984375 0.13665771484375 -0.0767898559570312 0.139442443847656
0.0463027954101563 0.120437622070313 0.0068511962890625 0.0814666748046875
0.0444183349609375 0.0965347290039063 0.0317745208740234 -0.00799751281738281
0.0545196533203125 0.108139038085937 0.0452041625976563 -0.0826416015625
0.0314788818359375 0.129814147949219 0.0923080444335938 -0.115547180175781
-0.0352401733398438 0.12255859375 0.173599243164063 -0.133941650390625
-0.092987060546875 0.0889968872070312 0.269882202148438 -0.04339599609375
-0.139183044433594 -0.0345840454101562 0.306884765625 0.192474365234375
-0.0747833251953125 -0.154052734375 0.165130615234375 0.30035400390625
0.03436279296875 -0.180862426757812 0.026580810546875 0.22540283203125
0.117156982421875 -0.16314697265625 -0.0138702392578125 -0.220733642578125
0.0161590576171875 -0.186172485351563 -0.04266357421875 -0.35589599609375
-0.103485107421875 -0.103469848632812 -0.223190307617187 -0.267181396484375
-0.136299133300781 0.0035858154296875 -0.27008056640625 -0.0885772705078125
-0.084716796875 0.0755081176757812 -0.179168701171875 0.041015625
-0.00418090820312501 0.131729125976562 -0.0805435180664063 0.0979461669921875
0.0516815185546875 0.111251831054688 -0.0225448608398438 0.0434951782226562
0.0453109741210937 0.0922164916992188 -0.00558853149414062 -0.0388259887695312
0.0533523559570313 0.108932495117188 0.0161819458007813 -0.114166259765625
0.021728515625 0.130828857421875 0.0820770263671875 -0.148788452148438
-0.05194091796875 0.118087768554688 0.183364868164063 -0.155853271484375
-0.110893249511719 0.0711593627929687 0.28436279296875 -0.040802001953125
-0.133033752441406 -0.0690841674804688 0.294891357421875 0.20477294921875
-0.0462799072265625 -0.17999267578125 0.137344360351562 0.275161743164062
0.0657501220703125 -0.188690185546875 0.0453948974609375 0.16937255859375
0.0799713134765625 -0.147186279296875 -0.00556945800781252 -0.270614624023438
-0.0151214599609375 -0.154434204101563 -0.075775146484375 -0.371673583984375
-0.102142333984375 -0.0618667602539062 -0.24139404296875 -0.242355346679688
-0.104194641113281 0.0241241455078125 -0.256515502929688 -0.075531005859375
-0.0534858703613281 0.068603515625 -0.169723510742188 0.0275726318359375
0.0111770629882812 0.105247497558594 -0.0923919677734375 0.0682449340820312
0.0472335815429688 0.0863723754882812 -0.0541000366210938 0.0152359008789063
0.0400314331054687 0.0734481811523438 -0.040496826171875 -0.0656204223632812
0.0436248779296875 0.0919723510742187 -0.00776672363281251 -0.144515991210938
0.011199951171875 0.109596252441406 0.0808868408203125 -0.181121826171875
-0.0577926635742187 0.0934219360351563 0.204086303710938 -0.168991088867187
-0.105499267578125 0.0394973754882813 0.3018798828125 -0.025970458984375
-0.0989608764648438 -0.0894012451171875 0.279449462890625 0.223678588867187
-0.00599670410156249 -0.172760009765625 0.117385864257813 0.24993896484375
0.0883636474609375 -0.164352416992188 0.078338623046875 0.121147155761719
0.0466995239257812 -0.103279113769531 -0.012359619140625 -0.308135986328125
-0.0205612182617188 -0.103309631347656 -0.116058349609375 -0.3724365234375
-0.07513427734375 -0.025787353515625 -0.259735107421875 -0.211013793945312
-0.0604934692382813 0.0252342224121094 -0.248458862304688 -0.057586669921875
-0.0246200561523438 0.0432205200195313 -0.168289184570313 0.0253753662109375
0.0160751342773438 0.0647163391113281 -0.107887268066406 0.052337646484375
0.0326881408691406 0.051727294921875 -0.0804901123046875 0.000320434570312512
0.0280036926269531 0.0435905456542969 -0.0676727294921875 -0.0831146240234375
0.030853271484375 0.0575218200683594 -0.02264404296875 -0.166595458984375
0.00757598876953124 0.0706558227539063 0.0903167724609375 -0.203765869140625
-0.0434341430664063 0.0586166381835937 0.228927612304688 -0.166244506835938
-0.0744781494140625 0.0142593383789062 0.316009521484375 0.00177001953125
-0.0541915893554688 -0.07977294921875 0.25897216796875 0.246795654296875
0.0232391357421875 -0.130416870117188 0.107162475585937 0.234100341796875
0.0876388549804688 -0.11395263671875 0.117401123046875 0.0898666381835937
0.0242347717285156 -0.0406913757324219 -0.02825927734375 -0.330413818359375
-0.000511169433593752 -0.0479812622070313 -0.152984619140625 -0.362579345703125
-0.0324840545654297 -0.00522994995117187 -0.277694702148437 -0.178741455078125
-0.0176982879638672 0.00811576843261718 -0.246688842773438 -0.034454345703125
-0.00470066070556641 0.00665855407714844 -0.16925048828125 0.0355072021484375
0.00776290893554688 0.0180263519287109 -0.118026733398438 0.0533065795898438
0.00985240936279297 0.0131797790527344 -0.0961685180664063 -0.0023345947265625
0.0118169784545898 0.00690650939941406 -0.0838623046875 -0.0891342163085938
0.0171823501586914 0.0125360488891602 -0.028564453125 -0.176910400390625
0.0159683227539063 0.0224552154541016 0.103240966796875 -0.20989990234375
-0.00925064086914063 0.0265884399414063 0.249404907226563 -0.151229858398438
-0.0265979766845703 0.00924873352050781 0.322113037109375 0.035400390625
-0.0216064453125 -0.037445068359375 0.236221313476563 0.272872924804688
0.0176200866699219 -0.0642738342285156 0.101730346679687 0.233474731445313
0.0547981262207031 -0.0526771545410156 0.148239135742188 0.0791778564453125
0.0434532165527344 -0.00795745849609375 -0.137847900390625 -0.0779190063476563
0.0337162017822266 -0.0304851531982422 -0.069244384765625 -0.251724243164063
-0.0151195526123047 -0.0315933227539063 -0.226211547851563 -0.267715454101563
-0.0436363220214844 -0.01141357421875 -0.3447265625 -0.0820312500000001
-0.0367050170898438 0.0105247497558594 -0.258834838867188 0.13751220703125
-0.0141792297363281 0.0402565002441406 -0.0800628662109375 0.2474365234375
0.0084075927734375 0.04559326171875 0.063446044921875 0.18316650390625
0.00823593139648438 0.0343074798583984 0.10504150390625 0.0732955932617188
0.0142917633056641 0.0299358367919922 0.109535217285156 -0.00820159912109375
0.0149307250976563 0.037139892578125 0.129646301269531 -0.03704833984375
0.00267410278320313 0.0398826599121094 0.175277709960938 -0.0591583251953125
-0.00708770751953125 0.0369186401367188 0.241592407226563 0.000350952148437502
-0.0362701416015625 0.0169219970703125 0.291656494140625 0.201568603515625
-0.0349903106689453 -0.00884246826171874 0.209381103515625 0.3558349609375
-0.0111217498779297 -0.0133609771728516 0.032684326171875 0.33990478515625
0.09979248046875 -0.0679397583007813 -0.121871948242188 -0.0966033935546875
0.0641021728515625 -0.0991287231445313 -0.0524749755859375 -0.274673461914063
-0.028533935546875 -0.0901641845703125 -0.21343994140625 -0.28363037109375
-0.0914688110351562 -0.0328826904296875 -0.33319091796875 -0.099761962890625
-0.0801162719726563 0.0302734375 -0.248687744140625 0.113754272460937
-0.0266647338867188 0.0902633666992188 -0.0792083740234375 0.224838256835938
0.0255279541015625 0.0889816284179688 0.054779052734375 0.161300659179688
0.0267524719238281 0.0680732727050781 0.0936813354492188 0.0535812377929688
0.0362510681152344 0.0687294006347656 0.0982818603515625 -0.0267868041992188
0.0293655395507813 0.0820541381835938 0.12176513671875 -0.0562210083007812
-0.00636291503906251 0.0814208984375 0.171295166015625 -0.0831298828125
-0.03802490234375 0.0690040588378906 0.247573852539063 -0.0219573974609375
-0.0844650268554688 0.0101699829101563 0.308380126953125 0.1844482421875
-0.06671142578125 -0.0618515014648438 0.21759033203125 0.339813232421875
-0.00784301757812499 -0.0862655639648438 0.03460693359375 0.32379150390625
0.136764526367188 -0.121109008789063 -0.088165283203125 -0.129318237304688
0.0739898681640625 -0.159088134765625 -0.035980224609375 -0.302947998046875
-0.0524978637695313 -0.1304931640625 -0.210357666015625 -0.28973388671875
-0.132072448730469 -0.0390853881835938 -0.315093994140625 -0.102752685546875
-0.108177185058594 0.0518112182617188 -0.224746704101563 0.090423583984375
-0.0298538208007813 0.128738403320313 -0.073760986328125 0.188201904296875
0.0409774780273437 0.118690490722656 0.0367507934570312 0.125404357910156
0.0416183471679687 0.0931930541992187 0.0675773620605469 0.0258827209472656
0.0528640747070312 0.0990829467773437 0.074493408203125 -0.0515975952148437
0.0379714965820313 0.118240356445313 0.10662841796875 -0.0822067260742187
-0.0184478759765625 0.115791320800781 0.167404174804688 -0.10955810546875
-0.0689468383789062 0.0919876098632813 0.255905151367188 -0.03955078125
-0.125457763671875 -0.00627899169921876 0.3179931640625 0.18011474609375
-0.0877304077148438 -0.114227294921875 0.205291748046875 0.32293701171875
0.0039215087890625 -0.149002075195313 0.034088134765625 0.28704833984375
0.142623901367187 -0.159500122070313 -0.0507659912109375 -0.173446655273437
0.0519561767578125 -0.195770263671875 -0.033599853515625 -0.334716796875
-0.0861053466796875 -0.136878967285156 -0.21636962890625 -0.284423828125
-0.154373168945312 -0.0231170654296875 -0.293975830078125 -0.09552001953125
-0.112518310546875 0.072967529296875 -0.198089599609375 0.0660858154296875
-0.020111083984375 0.147567749023438 -0.07049560546875 0.142379760742188
0.05316162109375 0.128814697265625 0.0105514526367188 0.082794189453125
0.0500640869140625 0.104354858398437 0.0318279266357422 -0.00724029541015624
0.0616912841796875 0.116920471191406 0.0429611206054688 -0.0819549560546875
0.0361480712890625 0.139442443847656 0.0905838012695313 -0.114608764648437
-0.0359649658203125 0.132774353027344 0.169158935546875 -0.137222290039063
-0.0993270874023437 0.09539794921875 0.269073486328125 -0.048980712890625
-0.14825439453125 -0.035614013671875 0.315582275390625 0.186859130859375
-0.085205078125 -0.160888671875 0.177490234375 0.302032470703125
0.0287933349609375 -0.19000244140625 0.0382232666015625 0.234100341796875
0.119964599609375 -0.173370361328125 -0.024566650390625 -0.227447509765625
0.013916015625 -0.197067260742188 -0.051605224609375 -0.36248779296875
-0.109085083007813 -0.11077880859375 -0.230239868164062 -0.2669677734375
-0.146865844726563 0.00473022460937501 -0.272598266601563 -0.085540771484375
-0.0923385620117188 0.0838088989257812 -0.17791748046875 0.0428466796875
-0.00189208984375001 0.143035888671875 -0.07598876953125 0.0986709594726563
0.0579757690429688 0.119697570800781 -0.0220603942871094 0.0427436828613281
0.0505142211914063 0.0998458862304688 -0.00866317749023437 -0.0400543212890625
0.0594482421875 0.117889404296875 0.0112457275390625 -0.114578247070312
0.025482177734375 0.140281677246094 0.0780181884765625 -0.151443481445313
-0.054779052734375 0.127578735351562 0.180160522460938 -0.161712646484375
-0.118644714355469 0.0761642456054688 0.28558349609375 -0.047088623046875
-0.1419677734375 -0.0716094970703125 0.302978515625 0.202239990234375
-0.0551300048828125 -0.187835693359375 0.14581298828125 0.277572631835938
0.061981201171875 -0.198989868164063 0.0555877685546875 0.17486572265625
0.08172607421875 -0.156158447265625 -0.018035888671875 -0.280166625976563
-0.017181396484375 -0.163284301757813 -0.08782958984375 -0.376983642578125
-0.107269287109375 -0.0673370361328125 -0.249008178710938 -0.241302490234375
-0.112823486328125 0.025665283203125 -0.257369995117188 -0.072296142578125
-0.0598678588867187 0.0756759643554688 -0.167404174804688 0.02685546875
0.0139999389648438 0.114593505859375 -0.0894775390625 0.0654525756835938
0.0524368286132813 0.0930557250976562 -0.0565185546875 0.0134696960449219
0.0443572998046875 0.0802001953125 -0.0472755432128906 -0.06744384765625
0.04840087890625 0.0998077392578125 -0.0148773193359375 -0.146652221679688
0.013275146484375 0.117622375488281 0.075531005859375 -0.186721801757813
-0.0614166259765625 0.100555419921875 0.2017822265625 -0.176910400390625
-0.112190246582031 0.0434646606445313 0.3040771484375 -0.03143310546875
-0.105758666992187 -0.0931396484375 0.285797119140625 0.22357177734375
-0.0121002197265625 -0.180267333984375 0.123001098632812 0.251754760742188
0.0870208740234375 -0.172958374023437 0.088134765625 0.123245239257813
0.049072265625 -0.10888671875 -0.02679443359375 -0.3197021484375
-0.0214309692382813 -0.110496520996094 -0.130462646484375 -0.377899169921875
-0.0778427124023438 -0.029388427734375 -0.266708374023438 -0.206893920898437
-0.06610107421875 0.0258636474609375 -0.247894287109375 -0.0540618896484375
-0.0286865234375 0.0484123229980469 -0.165191650390625 0.0233154296875
0.0178756713867188 0.0713043212890625 -0.106040954589844 0.0489501953125
0.0362777709960938 0.056732177734375 -0.0862579345703125 -0.00315093994140626
0.0306129455566406 0.0483360290527344 -0.0777053833007812 -0.0852890014648438
0.0331497192382813 0.0634078979492188 -0.031158447265625 -0.171096801757813
0.008819580078125 0.0751876831054688 0.08526611328125 -0.211334228515625
-0.0461997985839844 0.0626296997070313 0.229232788085938 -0.17547607421875
-0.0783767700195313 0.0157928466796875 0.3194580078125 -0.002410888671875
-0.0573348999023437 -0.0830307006835938 0.26409912109375 0.2486572265625
0.0192337036132813 -0.135902404785156 0.110214233398438 0.2340087890625
0.0869064331054688 -0.119476318359375 0.128028869628906 0.0885162353515625
0.0275459289550781 -0.0429916381835938 -0.04425048828125 -0.3427734375
0.000503540039062496 -0.0530242919921875 -0.169647216796875 -0.367218017578125
-0.0316352844238281 -0.00744819641113282 -0.284332275390625 -0.172821044921875
-0.0210075378417969 0.00738143920898438 -0.2452392578125 -0.0318145751953125
-0.00805139541625976 0.00873136520385742 -0.166229248046875 0.033966064453125
0.00806617736816406 0.0212955474853516 -0.118324279785156 0.0489044189453125
0.0109786987304688 0.0154705047607422 -0.103538513183594 -0.00592041015625
0.0123043060302734 0.00970745086669922 -0.094512939453125 -0.0918502807617188
0.0168542861938477 0.0140199661254883 -0.037994384765625 -0.182266235351563
0.0163021087646484 0.0230617523193359 0.09869384765625 -0.219589233398438
-0.00956535339355469 0.0268058776855469 0.250473022460938 -0.160171508789062
-0.0277328491210938 0.009857177734375 0.326629638671875 0.03216552734375
-0.0223655700683594 -0.0374908447265625 0.23974609375 0.274932861328125
0.0159263610839844 -0.0654335021972656 0.103805541992188 0.232437133789063
0.0550537109375 -0.0539398193359375 0.159622192382813 0.07635498046875
0.04443359375 -0.0132179260253906 -0.151275634765625 -0.0673065185546875
0.0339279174804688 -0.0360565185546875 -0.0772552490234375 -0.249710083007813
-0.0164222717285156 -0.0347061157226563 -0.236236572265625 -0.2662353515625
-0.0471343994140625 -0.00999832153320312 -0.3564453125 -0.07196044921875
-0.0400886535644531 0.0143318176269531 -0.25836181640625 0.15478515625
-0.0113868713378906 0.0431594848632812 -0.0644073486328125 0.261016845703125
0.0131797790527344 0.0478096008300781 0.08148193359375 0.188583374023438
0.0124244689941406 0.0363388061523438 0.118049621582031 0.0746002197265625
0.0170192718505859 0.0313491821289063 0.117813110351563 -0.0070037841796875
0.0186309814453125 0.0375022888183594 0.131378173828125 -0.0359725952148437
0.00651168823242188 0.041748046875 0.17181396484375 -0.0608367919921875
-0.00377273559570312 0.0396232604980469 0.239456176757813 -0.009490966796875
-0.0379409790039063 0.0221748352050781 0.304656982421875 0.18505859375
-0.0406036376953125 -0.00490951538085938 0.2398681640625 0.35064697265625
-0.0148382186889648 -0.0128412246704102 0.062713623046875 0.35498046875
0.0998611450195313 -0.0791168212890625 -0.1351318359375 -0.0893325805664063
0.0622329711914062 -0.109695434570313 -0.063629150390625 -0.272857666015625
-0.033416748046875 -0.0965499877929687 -0.22515869140625 -0.2825927734375
-0.100982666015625 -0.0299453735351562 -0.34344482421875 -0.090301513671875
-0.08575439453125 0.0370712280273437 -0.247543334960938 0.128067016601563
-0.0221939086914063 0.0983657836914063 -0.06390380859375 0.236282348632813
0.0347900390625 0.0936050415039062 0.0699005126953125 0.165756225585938
0.0341033935546875 0.0730209350585938 0.104209899902344 0.0534591674804688
0.04449462890625 0.0729446411132813 0.103172302246094 -0.0267181396484375
0.0363616943359375 0.0865249633789063 0.122611999511719 -0.0551376342773437
-0.00216674804687499 0.0876617431640625 0.165863037109375 -0.08642578125
-0.0379867553710938 0.0760879516601562 0.243881225585937 -0.0327301025390625
-0.0897064208984375 0.01593017578125 0.321533203125 0.168304443359375
-0.0762176513671875 -0.0606689453125 0.2470703125 0.33477783203125
-0.0151443481445312 -0.0902175903320312 0.062744140625 0.33746337890625
0.136451721191406 -0.136100769042969 -0.103782653808594 -0.125282287597656
0.0684661865234375 -0.171340942382813 -0.0491943359375 -0.305450439453125
-0.0603179931640625 -0.137657165527344 -0.22314453125 -0.288482666015625
-0.14453125 -0.0359954833984375 -0.325592041015625 -0.091766357421875
-0.11480712890625 0.06268310546875 -0.223709106445312 0.103225708007813
-0.0232696533203125 0.140533447265625 -0.059478759765625 0.196762084960938
0.0527877807617188 0.125511169433594 0.0485076904296875 0.127021789550781
0.051422119140625 0.099090576171875 0.073974609375 0.0256271362304688
0.0645675659179687 0.104698181152344 0.0760040283203125 -0.0515899658203125
0.0471572875976563 0.125526428222656 0.104698181152344 -0.0828399658203125
-0.01385498046875 0.12640380859375 0.161056518554688 -0.11492919921875
-0.0702896118164062 0.103286743164063 0.253753662109375 -0.0518951416015625
-0.135337829589844 -0.000259399414062529 0.33160400390625 0.1639404296875
-0.102409362792969 -0.115631103515625 0.23199462890625 0.317840576171875
-0.00646972656249999 -0.156890869140625 0.0594482421875 0.29827880859375
0.1407470703125 -0.17724609375 -0.0674285888671875 -0.174835205078125
0.043731689453125 -0.209991455078125 -0.05072021484375 -0.34100341796875
-0.096466064453125 -0.145050048828125 -0.232391357421875 -0.28125
-0.166793823242188 -0.017822265625 -0.302459716796875 -0.08465576171875
-0.119209289550781 0.08551025390625 -0.196136474609375 0.074859619140625
-0.0125274658203125 0.1614990234375 -0.059234619140625 0.148025512695313
0.0657958984375 0.136268615722656 0.0172195434570312 0.0840377807617188
0.0607376098632813 0.112136840820312 0.0322380065917969 -0.00779342651367187
0.0739059448242188 0.124137878417969 0.0397262573242188 -0.0821914672851562
0.0474395751953125 0.149688720703125 0.0853500366210938 -0.116569519042969
-0.03277587890625 0.145431518554688 0.161514282226563 -0.145721435546875
-0.103164672851563 0.10723876953125 0.267532348632812 -0.0623779296875
-0.160888671875 -0.0311126708984375 0.329254150390625 0.17132568359375
-0.101699829101563 -0.1646728515625 0.199798583984375 0.2994384765625
0.017181396484375 -0.201065063476562 0.0596771240234375 0.242660522460938
0.116363525390625 -0.189895629882812 -0.0448760986328125 -0.23291015625
0.00404357910156249 -0.21026611328125 -0.072998046875 -0.3685302734375
-0.12078857421875 -0.11663818359375 -0.24578857421875 -0.262359619140625
-0.159225463867188 0.0113983154296875 -0.278839111328125 -0.0738372802734375
-0.0975341796875 0.0960617065429688 -0.174850463867188 0.048675537109375
0.0069122314453125 0.155487060546875 -0.0680389404296875 0.100456237792969
0.0704116821289062 0.126556396484375 -0.0210113525390625 0.0427627563476563
0.0615310668945313 0.107345581054688 -0.0135116577148438 -0.0401954650878906
0.0720291137695313 0.125724792480469 0.0033416748046875 -0.115653991699219
0.03546142578125 0.15057373046875 0.0691375732421875 -0.156723022460938
-0.0532073974609375 0.141204833984375 0.172225952148438 -0.173202514648438
-0.124176025390625 0.0871505737304687 0.285308837890625 -0.06195068359375
-0.154647827148438 -0.0699615478515625 0.31915283203125 0.19061279296875
-0.07208251953125 -0.194793701171875 0.164260864257812 0.275314331054688
0.0513763427734375 -0.211196899414063 0.072509765625 0.179519653320313
0.0792694091796875 -0.16986083984375 -0.0413818359375 -0.29022216796875
-0.0265350341796875 -0.174346923828125 -0.113525390625 -0.382354736328125
-0.116020202636719 -0.0711212158203125 -0.26416015625 -0.230514526367188
-0.121627807617188 0.0312652587890625 -0.2603759765625 -0.0612335205078125
-0.0637741088867188 0.0859756469726563 -0.164993286132813 0.03070068359375
0.0224990844726563 0.124900817871094 -0.0854415893554688 0.0649032592773438
0.0633087158203125 0.099090576171875 -0.0600547790527344 0.0130615234375
0.0537109375 0.0865859985351563 -0.0571403503417969 -0.0672683715820313
0.0587005615234375 0.106971740722656 -0.027435302734375 -0.149551391601563
0.0194168090820313 0.126419067382813 0.064300537109375 -0.19537353515625
-0.062347412109375 0.1116943359375 0.195327758789063 -0.192184448242187
-0.118858337402344 0.0511245727539062 0.307342529296875 -0.047088623046875
-0.116172790527344 -0.0939407348632813 0.30133056640625 0.214324951171875
-0.0253448486328125 -0.188552856445313 0.1353759765625 0.25018310546875
0.079254150390625 -0.185089111328125 0.102523803710938 0.121513366699219
0.0476608276367187 -0.118820190429688 -0.0531005859375 -0.33197021484375
-0.0282821655273437 -0.117660522460938 -0.1588134765625 -0.379791259765625
-0.0834426879882812 -0.0314407348632813 -0.280502319335938 -0.19512939453125
-0.0720596313476563 0.0304946899414063 -0.249191284179688 -0.044097900390625
-0.0315628051757813 0.0551033020019531 -0.162094116210938 0.0252838134765625
0.0235595703125 0.0780029296875 -0.105072021484375 0.046783447265625
0.0430030822753906 0.0610618591308594 -0.0937271118164063 -0.00330352783203125
0.0365409851074219 0.0531578063964844 -0.0907974243164063 -0.084228515625
0.0390472412109375 0.0693283081054688 -0.046356201171875 -0.175735473632813
0.0116348266601563 0.0810394287109375 0.0728607177734375 -0.222915649414063
-0.0475082397460938 0.0693626403808594 0.224838256835938 -0.192642211914063
-0.0826034545898438 0.0210113525390625 0.3250732421875 -0.016937255859375
-0.0640792846679688 -0.084503173828125 0.277542114257813 0.242324829101563
0.01092529296875 -0.141586303710938 0.119964599609375 0.231369018554688
0.0836029052734375 -0.129692077636719 0.14129638671875 0.082244873046875
0.029754638671875 -0.0467758178710938 -0.0721435546875 -0.35577392578125
-0.00122833251953125 -0.0590667724609375 -0.197509765625 -0.366485595703125
-0.0328407287597656 -0.00976181030273438 -0.295928955078125 -0.157470703125
-0.0236186981201172 0.00776290893554687 -0.244659423828125 -0.021240234375
-0.0108203887939453 0.0118246078491211 -0.162704467773438 0.034942626953125
0.0100822448730469 0.0244655609130859 -0.11865234375 0.0470657348632813
0.012812614440918 0.0175533294677734 -0.113296508789063 -0.00652313232421877
0.0146684646606445 0.0121870040893555 -0.110008239746094 -0.0912628173828125
0.0190258026123047 0.0154571533203125 -0.05352783203125 -0.187088012695313
0.0175514221191406 0.0239353179931641 0.086639404296875 -0.234329223632812
-0.0090484619140625 0.0272121429443359 0.248138427734375 -0.179092407226563
-0.0283336639404297 0.0122470855712891 0.334716796875 0.01861572265625
-0.024169921875 -0.0364570617675781 0.253143310546875 0.269638061523438
0.0110435485839844 -0.06817626953125 0.1124267578125 0.2281494140625
0.0545616149902344 -0.0590896606445313 0.173995971679688 0.06732177734375
0.0434341430664063 -0.0185661315917969 -0.1619873046875 -0.0510711669921875
0.030242919921875 -0.0412864685058594 -0.0890350341796875 -0.236740112304688
-0.0211715698242188 -0.0365943908691406 -0.248275756835937 -0.253982543945313
-0.0496826171875 -0.00578689575195313 -0.360443115234375 -0.051605224609375
-0.0399360656738281 0.0182151794433594 -0.245452880859375 0.173446655273438
-0.00671768188476563 0.0456466674804687 -0.038421630859375 0.269622802734375
0.0187034606933594 0.0487937927246094 0.102462768554687 0.186630249023437
0.016754150390625 0.037567138671875 0.129623413085938 0.068634033203125
0.0207138061523438 0.0309524536132813 0.123435974121094 -0.00989532470703125
0.0214462280273438 0.0365219116210938 0.132331848144531 -0.0349578857421875
0.0118141174316406 0.0398902893066406 0.163223266601563 -0.06292724609375
-0.000400543212890624 0.0413169860839844 0.228790283203125 -0.0226287841796875
-0.0361709594726562 0.0273628234863281 0.312896728515625 0.158721923828125
-0.0429229736328125 0.00118637084960938 0.27349853515625 0.325408935546875
-0.0182590484619141 -0.0123558044433594 0.103973388671875 0.357421875
0.0938644409179688 -0.089111328125 -0.14898681640625 -0.0729522705078125
0.0536956787109375 -0.11810302734375 -0.0777740478515625 -0.263931274414063
-0.04046630859375 -0.100234985351563 -0.24005126953125 -0.269500732421875
-0.107887268066406 -0.0246353149414062 -0.3470458984375 -0.0693359375
-0.0875091552734375 0.0476150512695313 -0.238113403320312 0.14605712890625
-0.0135879516601563 0.104476928710937 -0.0401153564453125 0.241287231445313
0.04541015625 0.095123291015625 0.0893402099609375 0.160491943359375
0.0433425903320312 0.0738067626953125 0.115585327148437 0.0486373901367188
0.053314208984375 0.0718917846679688 0.1075439453125 -0.028778076171875
0.0464706420898437 0.0872879028320312 0.121482849121094 -0.0546188354492187
0.00722503662109376 0.0923538208007813 0.157180786132813 -0.09051513671875
-0.032318115234375 0.0809173583984375 0.2337646484375 -0.0471343994140625
-0.0939102172851562 0.0248336791992188 0.329437255859375 0.137176513671875
-0.0877227783203125 -0.0524444580078125 0.27862548828125 0.309417724609375
-0.0256118774414063 -0.0899658203125 0.1016845703125 0.33892822265625
0.126632690429687 -0.151504516601563 -0.120147705078125 -0.113037109375
0.0555419921875 -0.183914184570313 -0.069244384765625 -0.297760009765625
-0.0730743408203125 -0.143646240234375 -0.239547729492187 -0.275314331054688
-0.15447998046875 -0.0269622802734375 -0.3284912109375 -0.070159912109375
-0.116432189941406 0.0772705078125 -0.214248657226562 0.117156982421875
-0.0117950439453125 0.148910522460937 -0.0393218994140625 0.20123291015625
0.0683135986328125 0.126258850097656 0.062652587890625 0.123527526855469
0.065093994140625 0.1026611328125 0.0784759521484375 0.0232467651367188
0.078216552734375 0.105056762695313 0.0757675170898438 -0.0528488159179687
0.0618743896484375 0.129486083984375 0.101005554199219 -0.0828781127929687
-0.00328063964843749 0.134361267089844 0.148712158203125 -0.12030029296875
-0.066375732421875 0.113136291503906 0.242019653320312 -0.0677642822265625
-0.141326904296875 0.010467529296875 0.339111328125 0.135040283203125
-0.118942260742188 -0.10833740234375 0.2603759765625 0.295928955078125
-0.023223876953125 -0.159271240234375 0.0928955078125 0.299346923828125
0.128082275390625 -0.195510864257813 -0.0880889892578125 -0.168380737304687
0.02789306640625 -0.221160888671875 -0.074066162109375 -0.332916259765625
-0.110977172851563 -0.14697265625 -0.248458862304687 -0.26422119140625
-0.177627563476562 -0.00666809082031252 -0.30560302734375 -0.0649414062500001
-0.120216369628906 0.101211547851563 -0.187667846679687 0.086822509765625
0.00331115722656249 0.171539306640625 -0.043548583984375 0.1488037109375
0.082000732421875 0.138275146484375 0.0261077880859375 0.0810394287109375
0.0757827758789063 0.114692687988281 0.0329418182373047 -0.00912666320800781
0.0904693603515625 0.124313354492188 0.0336456298828125 -0.0813446044921875
0.06268310546875 0.153945922851563 0.0757675170898438 -0.117958068847656
-0.0233917236328125 0.156906127929688 0.145858764648438 -0.1531982421875
-0.10040283203125 0.120536804199219 0.256759643554688 -0.0808868408203125
-0.170303344726563 -0.0206756591796875 0.339447021484375 0.144500732421875
-0.121902465820313 -0.16070556640625 0.22613525390625 0.281280517578125
-0.00126647949218752 -0.206207275390625 0.08697509765625 0.242889404296875
0.103851318359375 -0.206130981445312 -0.0705108642578125 -0.230743408203125
-0.0125885009765625 -0.22015380859375 -0.1038818359375 -0.360382080078125
-0.133338928222656 -0.117202758789063 -0.261505126953125 -0.241806030273437
-0.167648315429688 0.0243072509765625 -0.279098510742188 -0.0538330078125
-0.098419189453125 0.111007690429688 -0.167373657226563 0.056396484375
0.0223541259765625 0.164306640625 -0.0577621459960938 0.0990829467773438
0.0873184204101563 0.127471923828125 -0.0184173583984375 0.0426750183105469
0.0760421752929688 0.110153198242188 -0.0194587707519531 -0.0384330749511719
0.0885009765625 0.128570556640625 -0.00807189941406249 -0.114265441894531
0.049713134765625 0.156448364257813 0.0549468994140625 -0.158538818359375
-0.0464630126953125 0.153762817382813 0.15582275390625 -0.184555053710938
-0.125244140625 0.100669860839844 0.276641845703125 -0.08148193359375
-0.166656494140625 -0.0608978271484375 0.330963134765625 0.165740966796875
-0.091827392578125 -0.194473266601563 0.182952880859375 0.262100219726563
0.0333099365234375 -0.219711303710938 0.0933380126953125 0.176162719726563
0.0687255859375 -0.182937622070312 -0.07373046875 -0.29034423828125
-0.0414886474609375 -0.180831909179688 -0.147003173828125 -0.371337890625
-0.126533508300781 -0.0697708129882813 -0.27825927734375 -0.208297729492188
-0.127983093261719 0.0415725708007813 -0.258407592773438 -0.043701171875
-0.062225341796875 0.0974807739257813 -0.157974243164063 0.0349273681640625
0.0342559814453125 0.131767272949219 -0.0784835815429688 0.062652587890625
0.0761337280273438 0.10076904296875 -0.0634803771972656 0.0139694213867187
0.0658111572265625 0.0890960693359375 -0.0676307678222656 -0.0621871948242188
0.0721282958984375 0.110275268554688 -0.0433197021484375 -0.147048950195313
0.0302276611328125 0.132774353027344 0.045928955078125 -0.199478149414063
-0.0580520629882813 0.122482299804688 0.176971435546875 -0.205657958984375
-0.120704650878906 0.0623321533203125 0.30078125 -0.06842041015625
-0.127998352050781 -0.0881881713867188 0.312896728515625 0.193695068359375
-0.0424652099609375 -0.1903076171875 0.150238037109375 0.238250732421875
0.06427001953125 -0.195175170898437 0.118690490722656 0.113273620605469
0.04058837890625 -0.127517700195313 -0.088104248046875 -0.3328857421875
-0.0369491577148438 -0.123374938964844 -0.1944580078125 -0.365936279296875
-0.0888442993164063 -0.031402587890625 -0.291534423828125 -0.169952392578125
-0.0761260986328125 0.0369644165039062 -0.244430541992188 -0.0274505615234374
-0.0317497253417969 0.0636825561523437 -0.155380249023438 0.02850341796875
0.0324554443359375 0.0836105346679688 -0.102226257324219 0.0460968017578125
0.0522232055664063 0.0616340637207031 -0.0999298095703125 0.000534057617187511
0.0434303283691406 0.0549583435058594 -0.105232238769531 -0.0778884887695312
0.0475387573242188 0.0714492797851563 -0.066558837890625 -0.173812866210937
0.017822265625 0.084625244140625 0.05206298828125 -0.230087280273438
-0.0461578369140625 0.0743637084960937 0.208084106445313 -0.209030151367188
-0.084564208984375 0.0277252197265625 0.322265625 -0.038055419921875
-0.0716629028320313 -0.0806655883789063 0.291259765625 0.223907470703125
-0.000778198242187511 -0.144683837890625 0.132095336914063 0.220199584960938
0.0735092163085937 -0.138046264648438 0.153961181640625 0.0692901611328125
0.0296745300292969 -0.0519294738769531 -0.111358642578125 -0.35595703125
-0.00494766235351563 -0.0651054382324219 -0.233734130859375 -0.349151611328125
-0.0344295501708984 -0.0118255615234375 -0.304534912109375 -0.13031005859375
-0.0265960693359375 0.00843620300292969 -0.2381591796875 -0.00587463378906246
-0.0125885009765625 0.0146656036376953 -0.154159545898438 0.03790283203125
0.0141029357910156 0.0269641876220703 -0.118621826171875 0.0453643798828125
0.016937255859375 0.0182094573974609 -0.122093200683594 -0.00284576416015626
0.0165548324584961 0.01507568359375 -0.127159118652344 -0.0856170654296875
0.0197257995605469 0.0181407928466797 -0.0760955810546875 -0.1846923828125
0.0188159942626953 0.0226516723632813 0.06719970703125 -0.243927001953125
-0.00852203369140625 0.02880859375 0.234664916992188 -0.196823120117187
-0.0289726257324219 0.0128936767578125 0.333221435546875 -0.000640869140624999
-0.0264835357666016 -0.0346870422363281 0.267425537109375 0.256118774414063
0.00637435913085938 -0.0680122375488281 0.123001098632813 0.215179443359375
0.0511093139648438 -0.0641136169433594 0.1844482421875 0.049041748046875
0.0393753051757812 -0.0240020751953125 -0.1663818359375 -0.0305328369140625
0.0259361267089844 -0.0446014404296875 -0.09588623046875 -0.218658447265625
-0.022369384765625 -0.0377655029296875 -0.248764038085938 -0.232223510742187
-0.0521621704101563 -0.00295257568359375 -0.35064697265625 -0.031524658203125
-0.0394401550292969 0.0245437622070313 -0.22564697265625 0.18402099609375
-0.000911712646484374 0.0463943481445313 -0.0128936767578125 0.26397705078125
0.0248069763183594 0.0462303161621094 0.121246337890625 0.173446655273438
0.0200576782226563 0.0352897644042969 0.141281127929688 0.0590362548828125
0.0250530242919922 0.0285606384277344 0.129058837890625 -0.0131912231445312
0.0271129608154297 0.0341873168945313 0.130691528320313 -0.034454345703125
0.0153961181640625 0.0397796630859375 0.150909423828125 -0.063873291015625
0.00407028198242188 0.0408782958984375 0.212493896484375 -0.0328216552734375
-0.0324459075927734 0.0326290130615234 0.30828857421875 0.12530517578125
-0.044189453125 0.00762176513671874 0.292877197265625 0.289398193359375
-0.0203170776367188 -0.00916671752929687 0.141510009765625 0.34088134765625
0.0839309692382812 -0.0994415283203125 -0.15631103515625 -0.0540618896484375
0.042388916015625 -0.122283935546875 -0.0861053466796875 -0.2440185546875
-0.0483016967773437 -0.101150512695313 -0.241806030273437 -0.248382568359375
-0.112113952636719 -0.0167236328125 -0.340240478515625 -0.0465087890625
-0.0856170654296875 0.0574188232421875 -0.21807861328125 0.156768798828125
-0.0025634765625 0.107048034667969 -0.015380859375 0.237442016601563
0.055389404296875 0.0928573608398438 0.10455322265625 0.151046752929688
0.0523300170898438 0.0710906982421875 0.121315002441406 0.0417861938476563
0.061279296875 0.0689544677734375 0.108757019042969 -0.0294647216796875
0.0550537109375 0.0843582153320313 0.116981506347656 -0.0536956787109375
0.0131912231445312 0.0935745239257813 0.141769409179688 -0.0890655517578125
-0.0269317626953125 0.0852737426757813 0.214065551757813 -0.057586669921875
-0.0911941528320313 0.0326309204101562 0.323455810546875 0.106414794921875
-0.0933074951171875 -0.0457763671875 0.29388427734375 0.274627685546875
-0.034820556640625 -0.0886917114257813 0.13623046875 0.3233642578125
0.111419677734375 -0.161941528320313 -0.131210327148438 -0.0970916748046875
0.0397796630859375 -0.187408447265625 -0.0826568603515625 -0.278610229492188
-0.08404541015625 -0.141189575195313 -0.242431640625 -0.251312255859375
-0.159500122070312 -0.015472412109375 -0.32208251953125 -0.0501098632812501
-0.114051818847656 0.0886001586914062 -0.196731567382813 0.126693725585938
0.00189208984375001 0.152450561523438 -0.018218994140625 0.1949462890625
0.0810012817382813 0.123138427734375 0.0752334594726563 0.115402221679688
0.07647705078125 0.0983810424804688 0.0830154418945313 0.0180206298828125
0.0905075073242187 0.100860595703125 0.0749969482421875 -0.0506057739257812
0.0739974975585937 0.125236511230469 0.0928878784179688 -0.0790634155273438
0.00572967529296874 0.137626647949219 0.133247375488281 -0.118919372558594
-0.060455322265625 0.119094848632812 0.222412109375 -0.078582763671875
-0.142120361328125 0.0210418701171875 0.331573486328125 0.103424072265625
-0.129104614257813 -0.0981369018554688 0.27545166015625 0.264480590820313
-0.036224365234375 -0.15606689453125 0.123016357421875 0.286285400390625
0.110076904296875 -0.205734252929688 -0.10491943359375 -0.155075073242188
0.00915527343749998 -0.223480224609375 -0.09423828125 -0.315032958984375
-0.123825073242187 -0.14404296875 -0.25360107421875 -0.239761352539062
-0.182769775390625 0.00691223144531246 -0.29608154296875 -0.0449523925781249
-0.115585327148437 0.114494323730469 -0.17242431640625 0.0919342041015625
0.0189056396484375 0.1729736328125 -0.0265655517578125 0.143234252929688
0.0978622436523438 0.134178161621094 0.0337905883789063 0.0755767822265625
0.0894699096679687 0.110809326171875 0.0319461822509766 -0.00909996032714843
0.104400634765625 0.120735168457031 0.0290908813476563 -0.0775985717773437
0.0773162841796875 0.152816772460938 0.0639724731445313 -0.113349914550781
-0.0115509033203125 0.16314697265625 0.126968383789063 -0.152740478515625
-0.094085693359375 0.130279541015625 0.237533569335938 -0.09283447265625
-0.173812866210938 -0.00810241699218752 0.33416748046875 0.114715576171875
-0.137313842773437 -0.149642944335938 0.238006591796875 0.254409790039063
-0.0189971923828125 -0.205703735351563 0.1109619140625 0.230606079101563
0.0869140625 -0.21478271484375 -0.0941314697265625 -0.217742919921875
-0.0301513671875 -0.220260620117188 -0.12591552734375 -0.33868408203125
-0.14556884765625 -0.11279296875 -0.265960693359375 -0.215072631835938
-0.170623779296875 0.0355987548828125 -0.268295288085938 -0.03668212890625
-0.0924453735351563 0.123023986816406 -0.154296875 0.0598602294921875
0.0368804931640625 0.165634155273438 -0.0460739135742188 0.0936965942382813
0.101211547851562 0.1240234375 -0.0155563354492187 0.0403709411621094
0.0895919799804687 0.106620788574219 -0.0234851837158203 -0.03472900390625
0.102218627929688 0.124412536621094 -0.0169677734375 -0.107383728027344
0.0632781982421875 0.15692138671875 0.039764404296875 -0.153472900390625
-0.035430908203125 0.161392211914062 0.134506225585938 -0.185455322265625
-0.119735717773438 0.111106872558594 0.258193969726563 -0.0970611572265625
-0.172958374023438 -0.050018310546875 0.327484130859375 0.13604736328125
-0.109664916992187 -0.18511962890625 0.193679809570313 0.2393798828125
0.013946533203125 -0.220870971679688 0.109909057617188 0.163558959960938
0.0546417236328125 -0.189041137695312 -0.100326538085937 -0.2763671875
-0.0553131103515625 -0.180755615234375 -0.171539306640625 -0.345947265625
-0.134017944335938 -0.0655899047851563 -0.277908325195313 -0.179946899414062
-0.129936218261719 0.051239013671875 -0.246414184570312 -0.0276031494140625
-0.0578536987304688 0.107986450195313 -0.1475830078125 0.0363006591796875
0.0475845336914062 0.132232666015625 -0.0722427368164063 0.05767822265625
0.088348388671875 0.0973663330078125 -0.0643157958984375 0.01593017578125
0.0762100219726563 0.0871658325195313 -0.0745468139648438 -0.0550384521484375
0.0839614868164063 0.107650756835938 -0.0572509765625 -0.138267517089844
0.0414276123046875 0.134300231933594 0.0271759033203125 -0.194961547851563
-0.0503768920898438 0.129608154296875 0.155120849609375 -0.21026611328125
-0.118186950683594 0.0714340209960937 0.284759521484375 -0.08453369140625
-0.13458251953125 -0.0807876586914062 0.312103271484375 0.166015625
-0.05975341796875 -0.184890747070313 0.157028198242187 0.21826171875
0.0467987060546875 -0.198211669921875 0.12921142578125 0.0989837646484375
0.0329971313476563 -0.131507873535156 -0.1201171875 -0.318328857421875
-0.0471878051757812 -0.123542785644531 -0.21771240234375 -0.336151123046875
-0.0932540893554688 -0.029541015625 -0.2872314453125 -0.139251708984375
-0.0770111083984375 0.04144287109375 -0.2293701171875 -0.014495849609375
-0.0291366577148437 0.0695724487304688 -0.146240234375 0.02783203125
0.0410690307617187 0.0819168090820313 -0.0982131958007813 0.0411758422851562
0.0601119995117188 0.0601882934570313 -0.104270935058594 0.00423431396484377
0.051727294921875 0.0544319152832031 -0.114295959472656 -0.0676727294921875
0.0551681518554688 0.0700721740722656 -0.0830230712890625 -0.163589477539063
0.0243911743164062 0.0860137939453125 0.0296173095703125 -0.228042602539062
-0.0421066284179687 0.0803146362304688 0.185028076171875 -0.217544555664063
-0.0839462280273438 0.0333938598632812 0.308074951171875 -0.05706787109375
-0.0769577026367187 -0.07568359375 0.29217529296875 0.20111083984375
-0.01312255859375 -0.1416015625 0.135009765625 0.200775146484375
0.0614471435546875 -0.141372680664063 0.159927368164063 0.051422119140625
0.027130126953125 -0.0556755065917969 -0.144866943359375 -0.33819580078125
-0.0108222961425781 -0.0682640075683594 -0.2574462890625 -0.31591796875
-0.03607177734375 -0.0136032104492187 -0.29638671875 -0.09893798828125
-0.0279827117919922 0.00953102111816406 -0.222396850585937 0.00340270996093748
-0.0137691497802734 0.0190563201904297 -0.146240234375 0.0357208251953125
0.0176353454589844 0.0264968872070312 -0.114242553710937 0.0436019897460938
0.0205726623535156 0.0213947296142578 -0.126602172851563 0.00383758544921874
0.0200710296630859 0.0147953033447266 -0.136512756347656 -0.07110595703125
0.0220394134521484 0.0184917449951172 -0.093109130859375 -0.175827026367188
0.0185356140136719 0.0224933624267578 0.0422210693359375 -0.2425537109375
-0.00731658935546875 0.0290584564208984 0.212127685546875 -0.20672607421875
-0.0264759063720703 0.0164642333984375 0.321197509765625 -0.020721435546875
-0.0290603637695313 -0.0307159423828125 0.267623901367188 0.231826782226563
2.28881835937487E-05 -0.065032958984375 0.123550415039063 0.195220947265625
0.0440216064453125 -0.0653648376464844 0.190261840820312 0.029510498046875
0.0350494384765625 -0.0255908966064453 -0.163619995117188 -0.0132904052734375
0.0214920043945312 -0.0454368591308594 -0.0895538330078125 -0.199752807617187
-0.024566650390625 -0.0389595031738281 -0.2373046875 -0.2169189453125
-0.0521354675292969 -0.000556945800781249 -0.333984375 -0.020965576171875
-0.0388832092285156 0.0273323059082031 -0.207382202148437 0.184646606445313
0.00223159790039062 0.0445175170898438 0.00495910644531251 0.25213623046875
0.0277824401855469 0.0440902709960938 0.132705688476563 0.159942626953125
0.0240726470947266 0.0335140228271484 0.147430419921875 0.05108642578125
0.026031494140625 0.0262222290039063 0.131149291992188 -0.01409912109375
0.0285320281982422 0.0305709838867188 0.128501892089844 -0.02886962890625
0.0181922912597656 0.036895751953125 0.14007568359375 -0.0567855834960938
0.00631713867187501 0.0394172668457031 0.192291259765625 -0.033782958984375
-0.02972412109375 0.0365104675292969 0.29083251953125 0.102630615234375
-0.0440177917480469 0.0132789611816406 0.295745849609375 0.255035400390625
-0.0225486755371094 -0.00926399230957031 0.1639404296875 0.31988525390625
0.074188232421875 -0.101753234863281 -0.155776977539062 -0.037200927734375
0.033447265625 -0.121833801269531 -0.0841827392578125 -0.223434448242188
-0.0544509887695313 -0.100120544433594 -0.231033325195312 -0.231414794921875
-0.112869262695313 -0.0108489990234375 -0.3250732421875 -0.0386657714843751
-0.083282470703125 0.0627593994140625 -0.200531005859375 0.156005859375
0.00383758544921874 0.10546875 0.0015716552734375 0.225692749023438
0.0622100830078125 0.0881805419921875 0.113845825195312 0.139106750488281
0.0589218139648438 0.0684318542480469 0.125831604003906 0.0348968505859375
0.0670967102050781 0.0650634765625 0.112274169921875 -0.0293121337890625
0.0601806640625 0.0808792114257813 0.115310668945313 -0.0470046997070312
0.0196151733398438 0.09222412109375 0.130561828613281 -0.080108642578125
-0.0228118896484375 0.0860977172851562 0.194381713867187 -0.0573272705078125
-0.0878753662109375 0.0374526977539062 0.3043212890625 0.08428955078125
-0.0960922241210938 -0.0372772216796875 0.295654296875 0.24261474609375
-0.0407333374023437 -0.0842437744140625 0.156585693359375 0.30517578125
0.0976409912109375 -0.165130615234375 -0.135093688964844 -0.081329345703125
0.0277252197265625 -0.18499755859375 -0.0848541259765625 -0.25823974609375
-0.0918426513671875 -0.139007568359375 -0.234817504882812 -0.233688354492188
-0.160781860351563 -0.00657653808593749 -0.3052978515625 -0.038604736328125
-0.109756469726563 0.09600830078125 -0.180130004882813 0.125259399414062
0.0123443603515625 0.151123046875 -0.00323486328125 0.182830810546875
0.090545654296875 0.118209838867188 0.081787109375 0.106147766113281
0.0851898193359375 0.0939483642578125 0.0853118896484375 0.0143203735351563
0.0983810424804688 0.0958328247070313 0.0745773315429688 -0.0482177734375
0.0822906494140625 0.121963500976563 0.0894546508789063 -0.0721588134765625
0.0137481689453125 0.138511657714844 0.119369506835938 -0.110099792480469
-0.0542221069335937 0.122062683105469 0.2017822265625 -0.079193115234375
-0.139869689941406 0.027923583984375 0.3138427734375 0.08160400390625
-0.134307861328125 -0.08837890625 0.275192260742188 0.234603881835938
-0.0465850830078125 -0.151351928710938 0.140838623046875 0.268936157226563
0.094940185546875 -0.20806884765625 -0.113716125488281 -0.138885498046875
-0.00364685058593748 -0.220794677734375 -0.100616455078125 -0.291473388671875
-0.131195068359375 -0.141525268554687 -0.244033813476563 -0.219802856445313
-0.183258056640625 0.015899658203125 -0.279495239257813 -0.0333251953125
-0.110954284667969 0.12286376953125 -0.1580810546875 0.0909881591796875
0.0299224853515625 0.171783447265625 -0.0152587890625 0.131370544433594
0.108070373535156 0.128684997558594 0.0377349853515625 0.0694847106933594
0.0996017456054688 0.106483459472656 0.03253173828125 -0.00878334045410156
0.114410400390625 0.115608215332031 0.0272369384765625 -0.0720443725585938
0.08746337890625 0.149368286132813 0.0578536987304688 -0.104515075683594
-0.0034637451171875 0.1654052734375 0.112594604492188 -0.144332885742188
-0.0883255004882813 0.135658264160156 0.2158203125 -0.094207763671875
-0.1734619140625 -6.1035156249978E-05 0.318267822265625 0.093170166015625
-0.144668579101563 -0.138885498046875 0.236953735351563 0.228683471679688
-0.0319061279296875 -0.199264526367188 0.12506103515625 0.215362548828125
0.071929931640625 -0.216644287109375 -0.107406616210937 -0.201873779296875
-0.0421905517578125 -0.21636962890625 -0.13519287109375 -0.3126220703125
-0.152328491210938 -0.109695434570312 -0.255935668945312 -0.193130493164063
-0.171310424804688 0.04425048828125 -0.2513427734375 -0.026336669921875
-0.08734130859375 0.131614685058594 -0.141937255859375 0.0562896728515625
0.0480804443359375 0.163818359375 -0.0379409790039063 0.0825347900390625
0.111518859863281 0.118614196777344 -0.0140571594238281 0.0370407104492188
0.099456787109375 0.10302734375 -0.0250625610351562 -0.0300922393798828
0.112434387207031 0.120018005371094 -0.0228347778320312 -0.0989227294921875
0.0731964111328125 0.15594482421875 0.02996826171875 -0.143646240234375
-0.0278472900390625 0.165054321289063 0.116836547851563 -0.17919921875
-0.114654541015625 0.1175537109375 0.23779296875 -0.100189208984375
-0.17431640625 -0.0423431396484375 0.31256103515625 0.11639404296875
-0.119247436523438 -0.174407958984375 0.192352294921875 0.217300415039063
0.000396728515624987 -0.215774536132813 0.11993408203125 0.149581909179688
0.04296875 -0.189208984375 -0.118515014648438 -0.259735107421875
-0.0649871826171875 -0.17718505859375 -0.181976318359375 -0.31732177734375
-0.139389038085937 -0.0639266967773437 -0.265731811523438 -0.156265258789063
-0.130447387695313 0.0578155517578125 -0.228195190429688 -0.020721435546875
-0.0541152954101563 0.114112854003906 -0.136856079101563 0.0318450927734375
0.056396484375 0.129837036132812 -0.0673789978027344 0.0490074157714844
0.0969314575195313 0.0926132202148438 -0.0649681091308594 0.0158271789550781
0.0845947265625 0.0843429565429688 -0.0786972045898438 -0.0473403930664063
0.0927200317382813 0.104423522949219 -0.0651016235351563 -0.127548217773438
0.0488967895507813 0.133476257324219 0.0139007568359375 -0.185394287109375
-0.0451278686523437 0.133720397949219 0.13592529296875 -0.206222534179687
-0.11492919921875 0.0768508911132812 0.264877319335938 -0.090667724609375
-0.136604309082031 -0.0730667114257813 0.30029296875 0.14794921875
-0.0685882568359375 -0.176895141601563 0.153167724609375 0.200881958007813
0.03369140625 -0.195144653320313 0.132949829101563 0.08544921875
0.0261764526367187 -0.132377624511719 -0.140380859375 -0.299530029296875
-0.0543975830078125 -0.122634887695312 -0.226959228515625 -0.305389404296875
-0.0963134765625 -0.0292282104492188 -0.272430419921875 -0.116256713867188
-0.0780563354492187 0.0446319580078125 -0.21160888671875 -0.0103607177734375
-0.0272216796875 0.07421875 -0.136436462402344 0.0225982666015625
0.046051025390625 0.0806884765625 -0.0956497192382813 0.0341262817382813
0.0659217834472656 0.0584144592285156 -0.106269836425781 0.00662994384765625
0.0573883056640625 0.0530242919921875 -0.119979858398438 -0.0583953857421875
0.0609817504882813 0.0694541931152344 -0.092864990234375 -0.15155029296875
0.0283050537109375 0.0857467651367188 0.0144195556640625 -0.219573974609375
-0.0391921997070313 0.0828018188476563 0.165481567382813 -0.216323852539063
-0.0816574096679688 0.0360183715820312 0.28973388671875 -0.063720703125
-0.0774078369140625 -0.0717315673828125 0.279464721679688 0.181381225585938
-0.0210189819335937 -0.136215209960938 0.127960205078125 0.18450927734375
0.0521240234375 -0.140625 0.158950805664063 0.0367584228515625
0.02587890625 -0.0572433471679687 -0.1641845703125 -0.318572998046875
-0.01434326171875 -0.0683670043945313 -0.262054443359375 -0.28289794921875
-0.0378074645996094 -0.0145683288574219 -0.278564453125 -0.0789337158203125
-0.0307407379150391 0.0111331939697266 -0.202865600585938 0.00596618652343748
-0.0143280029296875 0.0213680267333984 -0.136322021484375 0.0294036865234375
0.0186595916748047 0.0263938903808594 -0.112342834472656 0.0355606079101562
0.0228767395019531 0.0203704833984375 -0.129798889160156 0.00722503662109376
0.0223884582519531 0.0153980255126953 -0.1419677734375 -0.0603790283203125
0.0237808227539063 0.0192375183105469 -0.103759765625 -0.164596557617188
0.0186958312988281 0.0223312377929687 0.0247650146484375 -0.235549926757813
-0.0078582763671875 0.0286235809326172 0.191879272460938 -0.207672119140625
-0.0243492126464844 0.0159797668457031 0.30364990234375 -0.02960205078125
-0.0257377624511719 -0.0282917022705078 0.256179809570313 0.213287353515625
-0.00286483764648438 -0.0609626770019531 0.115310668945312 0.178970336914062
0.0395431518554688 -0.0657196044921875 0.18682861328125 0.012298583984375
0.0323734283447266 -0.0259246826171875 -0.1605224609375 -0.00096130371093748
0.0185317993164063 -0.0458755493164063 -0.0775146484375 -0.186004638671875
-0.0267486572265625 -0.0405426025390625 -0.220993041992187 -0.212875366210938
-0.0526466369628906 0.000617980957031251 -0.321044921875 -0.022857666015625
-0.0390052795410156 0.0290718078613281 -0.196258544921875 0.179412841796875
0.00346755981445312 0.0425910949707031 0.016357421875 0.241592407226563
0.0304374694824219 0.0416374206542969 0.13934326171875 0.151046752929688
0.0262432098388672 0.0318317413330078 0.153106689453125 0.0462493896484375
0.0276279449462891 0.0241985321044922 0.136459350585938 -0.0129547119140625
0.0292243957519531 0.0284481048583984 0.130783081054688 -0.0210418701171875
0.0198497772216797 0.0349502563476563 0.134185791015625 -0.0447311401367188
0.00864791870117188 0.0381431579589844 0.17694091796875 -0.0265960693359375
-0.0268707275390625 0.0390434265136719 0.273223876953125 0.0923309326171875
-0.0433082580566406 0.0174369812011719 0.290924072265625 0.233154296875
-0.0252494812011719 -0.00772666931152344 0.17694091796875 0.30535888671875
0.0678863525390625 -0.101860046386719 -0.154144287109375 -0.0247802734375
0.0283355712890625 -0.121231079101563 -0.074127197265625 -0.209808349609375
-0.0579833984375 -0.10125732421875 -0.215408325195313 -0.22442626953125
-0.114753723144531 -0.00852966308593749 -0.309906005859375 -0.0377197265625
-0.0824432373046875 0.0663681030273438 -0.189682006835937 0.151351928710938
0.00792694091796874 0.105461120605469 0.01129150390625 0.214874267578125
0.0677261352539063 0.0855789184570313 0.120018005371094 0.131401062011719
0.0636749267578125 0.0659828186035156 0.130516052246094 0.0320205688476563
0.0709152221679688 0.06231689453125 0.116485595703125 -0.0276260375976562
0.0645523071289063 0.0787887573242187 0.116867065429688 -0.0388259887695312
0.02276611328125 0.0921859741210938 0.124488830566406 -0.0685577392578125
-0.021148681640625 0.086578369140625 0.1787109375 -0.0501251220703125
-0.086700439453125 0.04022216796875 0.285552978515625 0.075408935546875
-0.0970840454101563 -0.0325393676757812 0.28936767578125 0.221435546875
-0.04486083984375 -0.0819854736328125 0.1685791015625 0.291351318359375
0.0887451171875 -0.165481567382813 -0.136558532714844 -0.068634033203125
0.0207061767578125 -0.183746337890625 -0.078399658203125 -0.241897583007812
-0.0972747802734375 -0.139915466308594 -0.22027587890625 -0.224411010742187
-0.162704467773438 -0.00306701660156253 -0.291656494140625 -0.038055419921875
-0.108978271484375 0.102439880371094 -0.170425415039063 0.119461059570313
0.0185546875 0.151626586914063 0.00459289550781249 0.171295166015625
0.097320556640625 0.115516662597656 0.0857467651367187 0.0995559692382813
0.09210205078125 0.09136962890625 0.0890121459960937 0.0126419067382813
0.104759216308594 0.093292236328125 0.07763671875 -0.0449981689453125
0.0888442993164063 0.121017456054688 0.08966064453125 -0.0630569458007812
0.0179901123046875 0.140419006347656 0.112327575683594 -0.0983657836914063
-0.052642822265625 0.125137329101563 0.18603515625 -0.072113037109375
-0.139968872070312 0.031036376953125 0.29656982421875 0.072357177734375
-0.137641906738281 -0.0827484130859375 0.269119262695313 0.216033935546875
-0.05230712890625 -0.148361206054688 0.151321411132813 0.256393432617188
0.0858001708984375 -0.207778930664063 -0.118370056152344 -0.127128601074219
-0.0110626220703125 -0.21875 -0.0975341796875 -0.273880004882812
-0.137603759765625 -0.141525268554688 -0.23114013671875 -0.209091186523438
-0.186065673828125 0.02044677734375 -0.265213012695313 -0.03179931640625
-0.109214782714844 0.129920959472656 -0.149032592773438 0.0845489501953125
0.0366973876953125 0.171829223632812 -0.00994110107421874 0.119728088378906
0.116462707519531 0.125434875488281 0.0396804809570313 0.0636978149414063
0.107315063476562 0.104011535644531 0.0338687896728516 -0.00795555114746093
0.122245788574219 0.113609313964844 0.0278892517089844 -0.0664443969726562
0.094757080078125 0.149246215820313 0.0562820434570313 -0.0942306518554687
0.00148010253906251 0.1689453125 0.10479736328125 -0.133529663085938
-0.0870742797851562 0.138595581054688 0.201141357421875 -0.08917236328125
-0.174911499023437 0.00332641601562503 0.300689697265625 0.083892822265625
-0.148895263671875 -0.133270263671875 0.229812622070313 0.213241577148438
-0.038726806640625 -0.1959228515625 0.133087158203125 0.204132080078125
0.063568115234375 -0.216888427734375 -0.114776611328125 -0.189285278320312
-0.0495147705078125 -0.21539306640625 -0.13397216796875 -0.294891357421875
-0.15875244140625 -0.110885620117188 -0.241348266601562 -0.18109130859375
-0.17449951171875 0.048828125 -0.23638916015625 -0.025909423828125
-0.0864944458007813 0.138275146484375 -0.133720397949219 0.0488433837890625
0.0551300048828125 0.164016723632813 -0.034942626953125 0.0714263916015625
0.119888305664063 0.115737915039063 -0.0138835906982422 0.0330924987792969
0.107231140136719 0.10107421875 -0.0257663726806641 -0.0272426605224609
0.120498657226563 0.118362426757813 -0.0244827270507812 -0.092742919921875
0.080108642578125 0.156509399414063 0.0255661010742188 -0.134323120117187
-0.0248260498046875 0.169586181640625 0.107528686523437 -0.169662475585938
-0.114433288574219 0.121185302734375 0.2232666015625 -0.09552001953125
-0.176300048828125 -0.038818359375 0.297088623046875 0.10797119140625
-0.12451171875 -0.169662475585938 0.1846923828125 0.205123901367188
-0.00788879394531249 -0.21295166015625 0.125083923339844 0.139366149902344
0.036773681640625 -0.189910888671875 -0.128433227539063 -0.246719360351563
-0.070953369140625 -0.17730712890625 -0.180816650390625 -0.296661376953125
-0.144561767578125 -0.06561279296875 -0.249969482421875 -0.144287109375
-0.133003234863281 0.0611343383789063 -0.212738037109375 -0.0217742919921875
-0.0529556274414062 0.120826721191406 -0.129905700683594 0.02325439453125
0.0617218017578125 0.130805969238281 -0.067138671875 0.0385818481445313
0.105209350585938 0.0906982421875 -0.0664901733398438 0.0137748718261719
0.0921096801757813 0.0823593139648438 -0.0809478759765625 -0.04241943359375
0.0994338989257813 0.103614807128906 -0.0686798095703125 -0.120086669921875
0.0540084838867187 0.13525390625 0.00697326660156251 -0.176467895507813
-0.04266357421875 0.137626647949219 0.125503540039063 -0.198455810546875
-0.114791870117188 0.0794448852539062 0.251541137695313 -0.0874176025390625
-0.137947082519531 -0.071563720703125 0.285614013671875 0.14068603515625
-0.073516845703125 -0.172637939453125 0.1435546875 0.189605712890625
0.0265350341796875 -0.19293212890625 0.134063720703125 0.0753631591796875
0.0234832763671875 -0.132797241210938 -0.15185546875 -0.286224365234375
-0.0591278076171875 -0.123992919921875 -0.22650146484375 -0.28253173828125
-0.100456237792969 -0.0309906005859375 -0.255157470703125 -0.104766845703125
-0.081573486328125 0.0472030639648438 -0.195556640625 -0.0141754150390625
-0.026885986328125 0.0794219970703125 -0.130867004394531 0.0124435424804687
0.0501937866210938 0.081298828125 -0.0969314575195313 0.0248641967773438
0.072052001953125 0.0573272705078125 -0.109619140625 0.00628662109374999
0.06317138671875 0.0525283813476563 -0.123565673828125 -0.05145263671875
0.0655059814453125 0.0699844360351563 -0.0986785888671875 -0.143524169921875
0.0300445556640625 0.08734130859375 0.00532531738281252 -0.210968017578125
-0.03863525390625 0.0847930908203125 0.154861450195313 -0.210281372070313
-0.0811996459960938 0.0369491577148438 0.276657104492188 -0.0618896484375
-0.0774688720703125 -0.0700454711914062 0.264617919921875 0.176162719726563
-0.0239181518554688 -0.132072448730469 0.115478515625 0.175186157226562
0.0466232299804688 -0.138954162597656 0.157699584960938 0.02569580078125
0.0260658264160156 -0.0589332580566406 -0.17535400390625 -0.303924560546875
-0.0170364379882813 -0.0709228515625 -0.260757446289063 -0.260757446289063
-0.0398368835449219 -0.0172958374023437 -0.259262084960938 -0.0681915283203125
-0.033050537109375 0.0109424591064453 -0.186660766601563 -4.57763671875359E-05
-0.0144271850585938 0.0240211486816406 -0.130935668945313 0.0187606811523438
0.0207748413085938 0.0277309417724609 -0.115303039550781 0.027099609375
0.0265045166015625 0.0206413269042969 -0.134513854980469 0.00761413574218749
0.0253467559814453 0.0150260925292969 -0.146682739257813 -0.0531463623046875
0.0258522033691406 0.0210552215576172 -0.1112060546875 -0.156158447265625
0.0182647705078125 0.0236358642578125 0.01544189453125 -0.22918701171875
-0.0076446533203125 0.0289707183837891 0.180755615234375 -0.20281982421875
-0.0231781005859375 0.0150947570800781 0.290679931640625 -0.0281982421875
-0.0240726470947266 -0.0273094177246094 0.24090576171875 0.207229614257812
-0.00370025634765624 -0.0579757690429688 0.101959228515625 0.1685791015625
0.0373687744140625 -0.0647087097167969 0.18377685546875 0.0014495849609375
0.0306129455566406 -0.0264854431152344 -0.16046142578125 0.010406494140625
0.0162429809570312 -0.0474090576171875 -0.064605712890625 -0.179718017578125
-0.0293693542480469 -0.0425491333007813 -0.208663940429688 -0.217727661132812
-0.0559425354003906 0.000919342041015623 -0.31646728515625 -0.0301513671874999
-0.0395965576171875 0.0321159362792969 -0.191848754882813 0.176101684570312
0.00445175170898437 0.0422286987304688 0.02294921875 0.2371826171875
0.0332183837890625 0.0402069091796875 0.147674560546875 0.145980834960938
0.0289058685302734 0.0298671722412109 0.161941528320313 0.0426177978515625
0.0287055969238281 0.0233364105224609 0.146591186523438 -0.0123748779296875
0.0311527252197266 0.0274372100830078 0.138473510742188 -0.0133056640625
0.0218715667724609 0.0337581634521484 0.133949279785156 -0.0319976806640625
0.00973129272460937 0.0381126403808594 0.167877197265625 -0.0174713134765625
-0.0246353149414063 0.0413742065429688 0.260299682617188 0.0883636474609375
-0.0434989929199219 0.0209579467773438 0.2882080078125 0.21954345703125
-0.0278816223144531 -0.00688552856445312 0.191009521484375 0.298492431640625
0.0642852783203125 -0.103263854980469 -0.155776977539063 -0.0137786865234375
0.0251235961914062 -0.123001098632813 -0.062744140625 -0.201507568359375
-0.0629653930664062 -0.105064392089844 -0.202880859375 -0.228073120117187
-0.118843078613281 -0.00699615478515624 -0.305572509765625 -0.04302978515625
-0.084320068359375 0.0721969604492188 -0.186355590820313 0.147186279296875
0.01123046875 0.106758117675781 0.0173797607421875 0.208587646484375
0.0741119384765625 0.0845794677734375 0.127143859863281 0.126922607421875
0.0697669982910156 0.0650825500488281 0.138023376464844 0.02899169921875
0.0765457153320313 0.0614852905273438 0.125129699707031 -0.026458740234375
0.0696792602539063 0.0790557861328125 0.124031066894531 -0.030853271484375
0.0259246826171875 0.0946731567382813 0.124183654785156 -0.0564804077148438
-0.0202407836914062 0.089935302734375 0.169708251953125 -0.0402984619140625
-0.0876541137695313 0.0430526733398437 0.273162841796875 0.07147216796875
-0.100303649902344 -0.0291061401367187 0.287017822265625 0.209625244140625
-0.0497817993164063 -0.0820541381835937 0.181610107421875 0.28521728515625
0.084503173828125 -0.167938232421875 -0.139778137207031 -0.0585098266601563
0.0160369873046875 -0.186080932617188 -0.0689849853515625 -0.234054565429688
-0.104782104492187 -0.143875122070313 -0.20867919921875 -0.225372314453125
-0.16912841796875 -0.000305175781250032 -0.28472900390625 -0.042236328125
-0.110443115234375 0.11016845703125 -0.166427612304688 0.114761352539063
0.0235443115234375 0.154632568359375 0.00871276855468749 0.163726806640625
0.106727600097656 0.115127563476563 0.0918045043945312 0.0952911376953125
0.100898742675781 0.09112548828125 0.0943984985351563 0.01123046875
0.113502502441406 0.0934219360351563 0.0841445922851563 -0.0429153442382812
0.0972213745117188 0.123130798339844 0.0951461791992187 -0.0554122924804687
0.0224456787109375 0.145950317382813 0.111564636230469 -0.0877532958984375
-0.052978515625 0.130302429199219 0.177703857421875 -0.0643157958984375
-0.143585205078125 0.0340118408203125 0.28472900390625 0.06890869140625
-0.143035888671875 -0.0804595947265625 0.265060424804687 0.206085205078125
-0.058441162109375 -0.149200439453125 0.163131713867188 0.251617431640625
0.080322265625 -0.211654663085937 -0.124420166015625 -0.11871337890625
-0.0166473388671875 -0.222320556640625 -0.0919952392578125 -0.26495361328125
-0.146926879882813 -0.146591186523437 -0.219940185546875 -0.20770263671875
-0.193832397460938 0.025146484375 -0.256301879882813 -0.0353851318359376
-0.110710144042969 0.140106201171875 -0.145782470703125 0.0778045654296875
0.0428009033203125 0.177169799804688 -0.00798034667968749 0.110130310058594
0.127197265625 0.125495910644531 0.0419502258300781 0.0599746704101563
0.1175537109375 0.104179382324219 0.0364265441894531 -0.00738143920898437
0.133232116699219 0.11395263671875 0.0308074951171875 -0.0634994506835937
0.104095458984375 0.153762817382813 0.058502197265625 -0.086822509765625
0.00544738769531251 0.177032470703125 0.101646423339844 -0.125099182128906
-0.08905029296875 0.146011352539063 0.193038940429688 -0.082855224609375
-0.181045532226562 0.00572204589843752 0.291259765625 0.081939697265625
-0.156158447265625 -0.131576538085937 0.226318359375 0.204620361328125
-0.045806884765625 -0.197601318359375 0.141983032226563 0.19915771484375
0.0590362548828125 -0.221359252929688 -0.123336791992188 -0.182754516601563
-0.055633544921875 -0.219589233398438 -0.131072998046875 -0.2838134765625
-0.168655395507813 -0.1143798828125 -0.230194091796875 -0.177902221679688
-0.182205200195312 0.05438232421875 -0.226470947265625 -0.030242919921875
-0.08697509765625 0.14935302734375 -0.13134765625 0.0408859252929687
0.06170654296875 0.169036865234375 -0.0362548828125 0.0616912841796875
0.131294250488281 0.115814208984375 -0.0151309967041015 0.0301551818847656
0.118377685546875 0.100837707519531 -0.0262718200683594 -0.0255680084228516
0.13134765625 0.120033264160156 -0.0249176025390625 -0.0884780883789062
0.0887603759765625 0.161727905273438 0.0252151489257813 -0.127243041992188
-0.0220489501953125 0.178451538085938 0.1038818359375 -0.163223266601563
-0.11785888671875 0.128143310546875 0.216339111328125 -0.09075927734375
-0.18218994140625 -0.038665771484375 0.287689208984375 0.1075439453125
-0.13055419921875 -0.169815063476562 0.177825927734375 0.199874877929688
-0.0145111083984375 -0.215103149414062 0.131065368652344 0.133621215820313
0.033905029296875 -0.193710327148438 -0.13909912109375 -0.240814208984375
-0.07733154296875 -0.181243896484375 -0.1800537109375 -0.284454345703125
-0.154022216796875 -0.06805419921875 -0.238601684570313 -0.139678955078125
-0.14031982421875 0.066650390625 -0.201553344726563 -0.0270538330078125
-0.0536270141601563 0.130363464355469 -0.128364562988281 0.0132293701171875
0.0683059692382813 0.13494873046875 -0.0706787109375 0.0284576416015625
0.114463806152344 0.090911865234375 -0.0706787109375 0.011993408203125
0.101081848144531 0.0831527709960938 -0.084503173828125 -0.0391616821289063
0.109107971191406 0.106170654296875 -0.0732498168945313 -0.115707397460938
0.0604248046875 0.1407470703125 0.0028533935546875 -0.1712646484375
-0.042694091796875 0.1451416015625 0.12158203125 -0.19476318359375
-0.118438720703125 0.0837783813476563 0.245590209960938 -0.083251953125
-0.142410278320313 -0.0723724365234375 0.27587890625 0.142257690429688
-0.079010009765625 -0.172576904296875 0.134201049804688 0.18646240234375
0.0214080810546875 -0.194900512695313 0.137603759765625 0.0681381225585937
0.0225677490234375 -0.136573791503906 -0.163406372070313 -0.280242919921875
-0.0641250610351563 -0.127609252929688 -0.22528076171875 -0.269866943359375
-0.107803344726563 -0.033538818359375 -0.241729736328125 -0.100051879882813
-0.0867996215820313 0.0510025024414063 -0.184799194335938 -0.02166748046875
-0.02740478515625 0.0863113403320313 -0.130302429199219 0.000732421874999993
0.0549163818359375 0.084869384765625 -0.103004455566406 0.0143203735351563
0.07916259765625 0.057586669921875 -0.116043090820313 0.00533294677734375
0.0699348449707031 0.0525398254394531 -0.129386901855469 -0.0471343994140625
0.072479248046875 0.0720901489257813 -0.105705261230469 -0.139472961425781
0.0337753295898437 0.0920562744140625 -0.000823974609374993 -0.208236694335938
-0.0393829345703125 0.0893783569335938 0.150634765625 -0.208236694335937
-0.0833740234375 0.0385513305664062 0.271331787109375 -0.057952880859375
-0.0784683227539062 -0.0717010498046875 0.255035400390625 0.17877197265625
-0.02667236328125 -0.132064819335938 0.104171752929688 0.17205810546875
0.0432662963867188 -0.140113830566406 0.159896850585937 0.0167388916015625
0.0272483825683594 -0.0613517761230469 -0.188140869140625 -0.29736328125
-0.0204925537109375 -0.0750274658203125 -0.260421752929688 -0.24737548828125
-0.0439414978027344 -0.0204505920410156 -0.245437622070313 -0.0640106201171875
-0.0373573303222656 0.0119361877441406 -0.176666259765625 -0.00880432128906249
-0.0156383514404297 0.0280399322509766 -0.130546569824219 0.005889892578125
0.0220661163330078 0.0296154022216797 -0.122085571289062 0.0180816650390625
0.0302333831787109 0.0207443237304688 -0.14300537109375 0.00827026367187499
0.0286788940429688 0.0156974792480469 -0.154464721679688 -0.0486297607421875
0.0285396575927734 0.0221538543701172 -0.119125366210937 -0.15228271484375
0.0184440612792969 0.0253849029541016 0.00918579101562499 -0.22723388671875
-0.00892257690429688 0.0296783447265625 0.177398681640625 -0.201065063476563
-0.0237979888916016 0.0151100158691406 0.28570556640625 -0.02362060546875
-0.02203369140625 -0.0280399322509766 0.230194091796875 0.210174560546875
-0.00357437133789062 -0.0563621520996094 0.0882415771484375 0.164642333984375
0.0362014770507813 -0.0650367736816406 0.184310913085938 -0.00897216796875
0.0296440124511719 -0.0272483825683594 -0.1617431640625 0.02569580078125
0.0138702392578125 -0.0495071411132813 -0.052825927734375 -0.176910400390625
-0.0336418151855469 -0.0446395874023437 -0.203277587890625 -0.22711181640625
-0.0590667724609375 0.00300216674804688 -0.320281982421875 -0.0333251953125
-0.0403938293457031 0.0368232727050781 -0.191146850585938 0.17938232421875
0.00594329833984375 0.0429878234863281 0.0330963134765625 0.236236572265625
0.0372047424316406 0.0380439758300781 0.161514282226563 0.141525268554688
0.0320339202880859 0.0282192230224609 0.176116943359375 0.0355072021484375
0.0310096740722656 0.0214347839355469 0.160690307617187 -0.015472412109375
0.0336856842041016 0.0263080596923828 0.151473999023438 -0.008087158203125
0.0242290496826172 0.0330104827880859 0.138801574707031 -0.0214614868164063
0.0121307373046875 0.0382766723632813 0.162124633789063 -0.0086822509765625
-0.0214042663574219 0.0455970764160156 0.252899169921875 0.084503173828125
-0.0447769165039063 0.0262870788574219 0.29400634765625 0.2061767578125
-0.0317516326904297 -0.00488471984863281 0.213623046875 0.2940673828125
0.0609130859375 -0.10748291015625 -0.158599853515625 0.000152587890625011
0.020263671875 -0.126846313476563 -0.0531768798828125 -0.198501586914063
-0.0716094970703125 -0.108543395996094 -0.197479248046875 -0.235366821289063
-0.125999450683594 -0.00295257568359372 -0.307403564453125 -0.04571533203125
-0.0857925415039063 0.0818634033203125 -0.185226440429688 0.14923095703125
0.0158462524414062 0.111228942871094 0.0254974365234375 0.205886840820313
0.0833206176757813 0.0842361450195312 0.138526916503906 0.122238159179687
0.0781707763671875 0.0636138916015625 0.150405883789063 0.0232391357421875
0.084869384765625 0.0600204467773438 0.137489318847656 -0.0294418334960937
0.078704833984375 0.0794143676757813 0.135711669921875 -0.0258712768554687
0.0318832397460938 0.0987091064453125 0.128410339355469 -0.0467453002929688
-0.018310546875 0.0953445434570313 0.164627075195313 -0.0326080322265625
-0.0896682739257812 0.0482101440429688 0.267120361328125 0.067474365234375
-0.105842590332031 -0.0251235961914062 0.29071044921875 0.19720458984375
-0.0569076538085937 -0.0821151733398438 0.202728271484375 0.28204345703125
0.0793914794921875 -0.175613403320313 -0.145706176757813 -0.046722412109375
0.008758544921875 -0.191970825195313 -0.06353759765625 -0.230438232421875
-0.117401123046875 -0.14910888671875 -0.2037353515625 -0.230392456054688
-0.17913818359375 0.00640869140625001 -0.284515380859375 -0.043914794921875
-0.112297058105469 0.123710632324219 -0.165740966796875 0.114349365234375
0.0316162109375 0.161956787109375 0.014739990234375 0.158294677734375
0.12066650390625 0.114913940429688 0.0987625122070313 0.0909194946289063
0.11376953125 0.0901031494140625 0.102760314941406 0.007720947265625
0.127365112304688 0.0921173095703125 0.09234619140625 -0.04437255859375
0.110427856445312 0.125953674316406 0.103874206542969 -0.0497283935546875
0.029815673828125 0.154754638671875 0.113304138183594 -0.0800018310546875
-0.05218505859375 0.139999389648437 0.172760009765625 -0.05780029296875
-0.150283813476563 0.040863037109375 0.28021240234375 0.064605712890625
-0.153656005859375 -0.0776519775390625 0.268753051757813 0.197250366210938
-0.0684967041015625 -0.151504516601562 0.180618286132813 0.2489013671875
0.0742950439453125 -0.221054077148438 -0.134239196777344 -0.10943603515625
-0.0266571044921875 -0.230148315429688 -0.090179443359375 -0.260787963867188
-0.1630859375 -0.150436401367188 -0.215713500976563 -0.210037231445313
-0.205368041992188 0.0339508056640625 -0.253952026367188 -0.0375518798828125
-0.111038208007813 0.155792236328125 -0.14447021484375 0.0748138427734375
0.0537261962890625 0.185745239257813 -0.00613403320312499 0.103401184082031
0.142868041992188 0.125244140625 0.0455665588378906 0.0565757751464844
0.132713317871094 0.102798461914063 0.0402793884277344 -0.00871276855468749
0.14996337890625 0.114212036132813 0.033935546875 -0.0628890991210937
0.1192626953125 0.158401489257813 0.0624923706054688 -0.0820846557617187
0.0133056640625 0.188919067382813 0.101104736328125 -0.119522094726563
-0.09014892578125 0.158523559570313 0.1883544921875 -0.0788726806640625
-0.191070556640625 0.0113067626953125 0.28753662109375 0.07879638671875
-0.169448852539062 -0.131027221679688 0.227584838867187 0.199554443359375
-0.05731201171875 -0.202499389648438 0.156661987304688 0.195053100585938
0.0526580810546875 -0.231002807617187 -0.136764526367188 -0.177017211914063
-0.06768798828125 -0.226669311523438 -0.1337890625 -0.278762817382813
-0.185699462890625 -0.1163330078125 -0.225051879882812 -0.1767578125
-0.193405151367188 0.064697265625 -0.221267700195312 -0.033721923828125
-0.0858306884765625 0.165634155273438 -0.132041931152344 0.0347824096679688
0.0734405517578125 0.17724609375 -0.0388374328613281 0.0534477233886719
0.146804809570313 0.1151123046875 -0.0166568756103516 0.0279769897460938
0.132713317871094 0.100021362304688 -0.0274600982666016 -0.0237617492675781
0.148666381835938 0.120574951171875 -0.02777099609375 -0.086273193359375
0.103622436523437 0.168777465820313 0.0236358642578125 -0.123069763183594
-0.016021728515625 0.192337036132813 0.100631713867188 -0.161376953125
-0.121299743652344 0.139793395996094 0.213363647460938 -0.089202880859375
-0.193588256835937 -0.03558349609375 0.28656005859375 0.106903076171875
-0.14385986328125 -0.170806884765625 0.176986694335938 0.19775390625
-0.0238037109375 -0.220840454101563 0.141357421875 0.127761840820313
0.0289154052734375 -0.202239990234375 -0.155715942382812 -0.236618041992188
-0.0892791748046875 -0.187698364257812 -0.184356689453125 -0.276824951171875
-0.169387817382813 -0.068603515625 -0.231048583984375 -0.13616943359375
-0.149200439453125 0.076568603515625 -0.195724487304687 -0.0323028564453125
-0.0510711669921875 0.144256591796875 -0.130241394042969 0.00478363037109377
0.07891845703125 0.14141845703125 -0.0785751342773438 0.0210037231445313
0.128166198730469 0.089569091796875 -0.07684326171875 0.0119781494140625
0.113777160644531 0.0826568603515625 -0.0899276733398437 -0.0349807739257813
0.123695373535156 0.107856750488281 -0.0808334350585937 -0.112213134765625
0.071624755859375 0.148040771484375 -0.00228881835937501 -0.169113159179687
-0.0397796630859375 0.157806396484375 0.117202758789063 -0.19610595703125
-0.123001098632813 0.0926971435546875 0.244613647460938 -0.0827178955078125
-0.151565551757813 -0.072967529296875 0.27532958984375 0.144882202148438
-0.0887298583984375 -0.175064086914063 0.129470825195313 0.1868896484375
0.01361083984375 -0.200042724609375 0.1441650390625 0.059417724609375
0.0198974609375 -0.143264770507813 -0.18267822265625 -0.276809692382813
-0.073699951171875 -0.132843017578125 -0.232177734375 -0.2589111328125
-0.118675231933594 -0.0340728759765625 -0.2332763671875 -0.0957794189453125
-0.0933303833007812 0.05816650390625 -0.178146362304688 -0.0290069580078125
-0.025390625 0.0969161987304688 -0.13427734375 -0.00935363769531251
0.06219482421875 0.0894775390625 -0.113296508789063 0.00810241699218751
0.0889968872070312 0.0563278198242188 -0.126579284667969 0.00784301757812499
0.078765869140625 0.0523147583007813 -0.138938903808594 -0.040924072265625
0.0821914672851563 0.0739593505859375 -0.117134094238281 -0.135459899902344
0.040069580078125 0.0978851318359375 -0.00859069824218749 -0.208908081054688
-0.0393753051757813 0.0976333618164063 0.146530151367188 -0.211685180664063
-0.0870742797851563 0.0427627563476563 0.27301025390625 -0.056854248046875
-0.0832061767578125 -0.0733871459960938 0.2528076171875 0.183807373046875
-0.0319442749023438 -0.133918762207031 0.0949554443359375 0.172958374023438
0.0385589599609375 -0.1446533203125 0.163543701171875 0.00526428222656249
0.02923583984375 -0.066009521484375 -0.208343505859375 -0.29486083984375
-0.0257720947265625 -0.0792236328125 -0.266815185546875 -0.234817504882813
-0.0498542785644531 -0.0223274230957031 -0.235275268554688 -0.059600830078125
-0.0423736572265625 0.014434814453125 -0.171234130859375 -0.017791748046875
-0.0160789489746094 0.0344085693359375 -0.135505676269531 -0.00543975830078125
0.0246963500976563 0.0323276519775391 -0.133796691894531 0.0122756958007813
0.0349864959716797 0.0208930969238281 -0.155471801757813 0.012603759765625
0.0330657958984375 0.0155582427978516 -0.1656494140625 -0.041290283203125
0.0325069427490234 0.0235595703125 -0.133056640625 -0.148971557617188
0.0197525024414063 0.0275249481201172 -0.00154113769531249 -0.229827880859375
-0.00967597961425781 0.0320892333984375 0.173629760742188 -0.20660400390625
-0.0234107971191406 0.0146903991699219 0.2879638671875 -0.02203369140625
-0.0211887359619141 -0.0285301208496094 0.226303100585937 0.2164306640625
-0.00531387329101562 -0.0567550659179688 0.0771026611328125 0.165435791015625
0.034271240234375 -0.0668411254882813 0.18743896484375 -0.02264404296875
0.0288867950439453 -0.0291919708251953 -0.1617431640625 0.0455780029296875
0.00992202758789062 -0.0508918762207031 -0.0436248779296875 -0.175918579101563
-0.0393295288085938 -0.0462532043457031 -0.204696655273438 -0.235092163085938
-0.0625991821289063 0.00733947753906251 -0.326629638671875 -0.029388427734375
-0.0395584106445313 0.0424003601074219 -0.186080932617188 0.18756103515625
0.00835037231445312 0.0440254211425781 0.0488128662109375 0.234024047851563
0.0417900085449219 0.0356178283691406 0.178878784179688 0.129867553710937
0.0355758666992188 0.0259056091308594 0.190994262695313 0.021697998046875
0.0340347290039063 0.0190448760986328 0.175888061523437 -0.025848388671875
0.0364456176757813 0.023468017578125 0.166961669921875 -0.0088043212890625
0.0278739929199219 0.0311527252197266 0.146331787109375 -0.013275146484375
0.0154609680175781 0.0382308959960938 0.159133911132813 -0.000762939453124998
-0.01702880859375 0.0495376586914063 0.246978759765625 0.0754241943359375
-0.0441055297851563 0.0327301025390625 0.30157470703125 0.186004638671875
-0.0356063842773437 -0.00170135498046875 0.2427978515625 0.282196044921875
0.0547561645507813 -0.112991333007813 -0.160690307617187 0.0191802978515625
0.0109176635742187 -0.131240844726562 -0.0465240478515625 -0.19647216796875
-0.0840225219726563 -0.110359191894531 -0.198455810546875 -0.242172241210937
-0.133705139160156 0.00511169433593747 -0.31072998046875 -0.0427246093750001
-0.083770751953125 0.0936737060546875 -0.181015014648438 0.156021118164062
0.0242996215820312 0.115814208984375 0.038177490234375 0.202438354492188
0.09527587890625 0.0798797607421875 0.153427124023438 0.11187744140625
0.0887527465820313 0.0590438842773437 0.16302490234375 0.01153564453125
0.095733642578125 0.0554122924804688 0.149581909179687 -0.037811279296875
0.0892715454101563 0.0768203735351563 0.149215698242188 -0.026153564453125
0.0406570434570312 0.101913452148438 0.13409423828125 -0.0400161743164062
-0.0135421752929688 0.10205078125 0.160690307617188 -0.0265045166015625
-0.090423583984375 0.0568008422851562 0.26141357421875 0.05877685546875
-0.113006591796875 -0.0170364379882813 0.299713134765625 0.178924560546875
-0.0669937133789062 -0.0802536010742188 0.231002807617188 0.27130126953125
0.068817138671875 -0.1849365234375 -0.1519775390625 -0.0300750732421875
-0.004241943359375 -0.1978759765625 -0.060638427734375 -0.227493286132812
-0.134536743164063 -0.149856567382813 -0.204620361328125 -0.233657836914063
-0.189620971679688 0.0189666748046875 -0.286468505859375 -0.0411376953125
-0.108772277832031 0.140464782714844 -0.1627197265625 0.118240356445313
0.0453948974609375 0.168991088867188 0.02252197265625 0.153244018554688
0.137290954589844 0.109474182128906 0.109245300292969 0.0827178955078125
0.128555297851563 0.0841522216796875 0.111701965332031 -0.000457763671874995
0.144515991210938 0.0860595703125 0.0997772216796875 -0.04949951171875
0.127891540527344 0.124160766601562 0.113327026367188 -0.0488128662109375
0.044097900390625 0.162567138671875 0.115577697753906 -0.0743331909179688
-0.0464630126953125 0.152435302734375 0.1680908203125 -0.053802490234375
-0.155975341796875 0.0526885986328125 0.27545166015625 0.0556793212890625
-0.166412353515625 -0.0696258544921875 0.275802612304688 0.181976318359375
-0.0830535888671875 -0.150955200195313 0.206298828125 0.239654541015625
0.060760498046875 -0.231887817382813 -0.146316528320313 -0.095184326171875
-0.043792724609375 -0.235671997070313 -0.093048095703125 -0.255722045898438
-0.184280395507812 -0.148300170898438 -0.215957641601562 -0.208648681640625
-0.216293334960938 0.0504913330078125 -0.253402709960938 -0.035186767578125
-0.105438232421875 0.175506591796875 -0.143157958984375 0.0755157470703125
0.0710906982421875 0.192626953125 -0.00386047363281249 0.0974197387695313
0.16326904296875 0.11883544921875 0.0495834350585938 0.0511627197265625
0.150970458984375 0.0966033935546875 0.04437255859375 -0.0122337341308594
0.170578002929688 0.10809326171875 0.0359649658203125 -0.0634994506835938
0.140945434570313 0.15911865234375 0.0669937133789063 -0.0791473388671875
0.0278167724609375 0.201995849609375 0.0995330810546875 -0.115913391113281
-0.08624267578125 0.174896240234375 0.183380126953125 -0.0784912109375
-0.201278686523437 0.0232696533203125 0.286041259765625 0.070281982421875
-0.186309814453125 -0.124801635742188 0.233169555664062 0.189804077148438
-0.0744171142578125 -0.204498291015625 0.176239013671875 0.18621826171875
0.0386962890625 -0.242446899414063 -0.154403686523438 -0.1650390625
-0.086639404296875 -0.23211669921875 -0.14056396484375 -0.269683837890625
-0.207626342773437 -0.112075805664063 -0.22308349609375 -0.172561645507813
-0.202987670898437 0.0825958251953125 -0.217910766601562 -0.0333099365234375
-0.077484130859375 0.185043334960937 -0.132530212402344 0.0320892333984375
0.0923919677734375 0.183685302734375 -0.0429496765136719 0.0473709106445313
0.167098999023438 0.108566284179687 -0.0183067321777344 0.0270214080810547
0.150497436523437 0.0944366455078125 -0.0286579132080078 -0.0218639373779297
0.17034912109375 0.116302490234375 -0.0318145751953125 -0.0821075439453125
0.124664306640625 0.171951293945313 0.0207748413085938 -0.119544982910156
-0.00306701660156249 0.206817626953125 0.0950469970703125 -0.161361694335938
-0.1204833984375 0.156936645507813 0.209274291992187 -0.0921478271484375
-0.206985473632813 -0.026458740234375 0.28729248046875 0.1007080078125
-0.16217041015625 -0.167755126953125 0.179595947265625 0.1929931640625
-0.0410919189453125 -0.22528076171875 0.15472412109375 0.117645263671875
0.0173797607421875 -0.212387084960938 -0.1796875 -0.22637939453125
-0.107254028320313 -0.19085693359375 -0.195098876953125 -0.264083862304688
-0.187789916992188 -0.0628509521484375 -0.225967407226563 -0.129638671875
-0.1556396484375 0.09271240234375 -0.19134521484375 -0.035186767578125
-0.0430450439453125 0.16070556640625 -0.134239196777344 -0.000679016113281236
0.0957794189453125 0.145767211914063 -0.0880508422851563 0.01605224609375
0.145370483398438 0.0839996337890625 -0.0843048095703125 0.0148468017578125
0.129631042480469 0.0773086547851563 -0.0968093872070312 -0.0279769897460937
0.142669677734375 0.104965209960938 -0.091339111328125 -0.105430603027344
0.0890655517578125 0.153213500976563 -0.01129150390625 -0.166473388671875
-0.0310821533203125 0.17205810546875 0.109100341796875 -0.200531005859375
-0.125480651855469 0.106063842773438 0.242706298828125 -0.08837890625
-0.163970947265625 -0.068511962890625 0.278564453125 0.142120361328125
-0.103927612304688 -0.1749267578125 0.128570556640625 0.186569213867187
0.000106811523437507 -0.206085205078125 0.151214599609375 0.0460052490234375
0.012481689453125 -0.1512451171875 -0.210693359375 -0.266830444335937
-0.0879364013671875 -0.13580322265625 -0.242721557617187 -0.2432861328125
-0.131607055664063 -0.0295791625976563 -0.225387573242188 -0.0883636474609375
-0.098052978515625 0.0698699951171875 -0.174087524414063 -0.0345458984375
-0.0196914672851562 0.109016418457031 -0.140396118164063 -0.0168228149414062
0.073883056640625 0.0926513671875 -0.127006530761719 0.00576782226562498
0.100814819335937 0.0521392822265625 -0.137382507324219 0.015228271484375
0.0893325805664063 0.0491104125976563 -0.149429321289062 -0.0300445556640625
0.0955429077148438 0.0729598999023438 -0.132003784179687 -0.127433776855469
0.0506134033203125 0.102500915527344 -0.022613525390625 -0.2078857421875
-0.0357513427734375 0.108245849609375 0.138534545898438 -0.218948364257813
-0.0901947021484375 0.0493621826171875 0.273590087890625 -0.0632476806640625
-0.0902633666992188 -0.0734786987304688 0.256027221679688 0.185379028320313
-0.041168212890625 -0.135040283203125 0.0896759033203125 0.175018310546875
0.030181884765625 -0.149688720703125 0.165817260742188 -0.0119476318359375
0.0285491943359375 -0.0717849731445313 -0.23760986328125 -0.283966064453125
-0.0352020263671875 -0.0827713012695313 -0.277084350585937 -0.216506958007813
-0.0570144653320313 -0.0222015380859375 -0.225509643554687 -0.05230712890625
-0.0467567443847656 0.01983642578125 -0.167068481445313 -0.0246734619140625
-0.0148353576660156 0.040679931640625 -0.143646240234375 -0.0127716064453125
0.0290718078613281 0.0349407196044922 -0.1483154296875 0.0118865966796875
0.0400199890136719 0.019195556640625 -0.168624877929688 0.022216796875
0.0381278991699219 0.0145072937011719 -0.178680419921875 -0.027984619140625
0.0382537841796875 0.0238075256347656 -0.150741577148438 -0.140090942382812
0.0232467651367188 0.0293827056884766 -0.01776123046875 -0.231979370117188
-0.00882720947265625 0.0358619689941406 0.165771484375 -0.215728759765625
-0.023651123046875 0.0162525177001953 0.29034423828125 -0.027679443359375
-0.0210399627685547 -0.0292434692382813 0.22845458984375 0.22052001953125
-0.00776290893554688 -0.0559616088867188 0.06787109375 0.1666259765625
0.0311393737792969 -0.0691680908203125 0.187774658203125 -0.0427703857421875
0.0260276794433594 -0.031097412109375 -0.15283203125 0.067840576171875
0.0045013427734375 -0.0518836975097656 -0.0340576171875 -0.17376708984375
-0.0456008911132812 -0.0447578430175781 -0.207809448242188 -0.236953735351562
-0.0644721984863281 0.0126571655273437 -0.3284912109375 -0.0198669433593749
-0.0361137390136719 0.0479965209960937 -0.173370361328125 0.194839477539062
0.0112838745117188 0.0437393188476563 0.066741943359375 0.224349975585938
0.0449295043945313 0.0301284790039062 0.192489624023438 0.111572265625
0.0383491516113281 0.0208969116210938 0.19989013671875 0.000915527343750001
0.0359077453613281 0.0150337219238281 0.185104370117188 -0.0415496826171875
0.0389862060546875 0.0194625854492188 0.180740356445313 -0.0152435302734375
0.0304317474365234 0.0281772613525391 0.153732299804688 -0.0084381103515625
0.0190238952636719 0.0367393493652344 0.154617309570313 0.00555419921875
-0.010772705078125 0.0519485473632813 0.23583984375 0.0647735595703125
-0.0411262512207031 0.0396842956542969 0.303009033203125 0.157196044921875
-0.0382423400878906 0.0032501220703125 0.27081298828125 0.25677490234375
0.04486083984375 -0.116828918457031 -0.155242919921875 0.041748046875
0.000419616699218763 -0.131538391113281 -0.0395965576171875 -0.192047119140625
-0.0969085693359375 -0.106086730957031 -0.1998291015625 -0.241531372070313
-0.137580871582031 0.0170364379882812 -0.3115234375 -0.033111572265625
-0.0770263671875 0.105392456054687 -0.170562744140625 0.161712646484375
0.035308837890625 0.116676330566406 0.0521392822265625 0.192840576171875
0.105545043945313 0.0710525512695313 0.165542602539063 0.0955657958984375
0.0972976684570313 0.0496902465820313 0.1705322265625 -0.006500244140625
0.104759216308594 0.0456008911132813 0.157257080078125 -0.0510406494140625
0.100326538085938 0.069915771484375 0.161270141601563 -0.0314483642578125
0.0515365600585938 0.101692199707031 0.139251708984375 -0.0347442626953125
-0.00556945800781251 0.106491088867188 0.155303955078125 -0.0205078125
-0.0871505737304688 0.0658950805664062 0.250244140625 0.0471038818359375
-0.11676025390625 -0.00612640380859376 0.299102783203125 0.15216064453125
-0.076507568359375 -0.0731735229492188 0.2587890625 0.248001098632812
0.0535888671875 -0.189956665039062 -0.152313232421875 -0.00820922851562503
-0.0214080810546875 -0.197372436523437 -0.05938720703125 -0.219955444335938
-0.153106689453125 -0.14178466796875 -0.205337524414063 -0.23065185546875
-0.1943359375 0.036041259765625 -0.2833251953125 -0.03338623046875
-0.0984039306640625 0.156707763671875 -0.153915405273437 0.122085571289063
0.06292724609375 0.170089721679687 0.0311737060546875 0.14453125
0.15301513671875 0.097320556640625 0.11749267578125 0.0703048706054688
0.142471313476563 0.071563720703125 0.116989135742188 -0.0128021240234375
0.1591796875 0.073577880859375 0.10528564453125 -0.0572357177734375
0.145751953125 0.114990234375 0.122215270996094 -0.0506744384765625
0.0608673095703125 0.165603637695313 0.118019104003906 -0.0692367553710937
-0.03564453125 0.163406372070313 0.161239624023438 -0.0501861572265625
-0.156814575195313 0.0663909912109375 0.265365600585938 0.0440673828125
-0.176986694335938 -0.05517578125 0.276443481445312 0.158889770507812
-0.0992584228515625 -0.144058227539062 0.230377197265625 0.217803955078125
0.041595458984375 -0.238372802734375 -0.154556274414063 -0.074493408203125
-0.0649871826171875 -0.234222412109375 -0.0962371826171875 -0.24456787109375
-0.204833984375 -0.136749267578125 -0.214584350585937 -0.202728271484375
-0.22003173828125 0.071746826171875 -0.2479248046875 -0.0297698974609375
-0.090789794921875 0.193405151367188 -0.137969970703125 0.076263427734375
0.0924835205078125 0.193527221679688 -0.00247955322265625 0.0896072387695313
0.180618286132813 0.104385375976563 0.0527877807617188 0.0439453125
0.166961669921875 0.0827789306640625 0.0465087890625 -0.0171966552734375
0.190216064453125 0.093231201171875 0.0366401672363281 -0.0639762878417969
0.163421630859375 0.150650024414063 0.0704803466796875 -0.0771636962890625
0.0484771728515625 0.20843505859375 0.0954437255859375 -0.112052917480469
-0.0744781494140625 0.190109252929687 0.1746826171875 -0.0772247314453125
-0.206832885742188 0.041168212890625 0.278533935546875 0.0576629638671875
-0.201889038085938 -0.109786987304687 0.234512329101562 0.172744750976562
-0.0942535400390626 -0.1988525390625 0.1939697265625 0.167221069335938
0.0191192626953125 -0.247894287109375 -0.17071533203125 -0.14434814453125
-0.1090087890625 -0.228515625 -0.147232055664063 -0.253402709960938
-0.227005004882813 -0.0975341796875 -0.218429565429688 -0.163528442382812
-0.204025268554688 0.104583740234375 -0.211456298828125 -0.031585693359375
-0.0614471435546875 0.201416015625 -0.131851196289063 0.0302276611328125
0.114639282226563 0.182266235351563 -0.0473518371582031 0.0433502197265625
0.185333251953125 0.0937042236328125 -0.0197029113769531 0.0254611968994141
0.167327880859375 0.0810089111328125 -0.0302696228027344 -0.0191097259521484
0.190719604492188 0.102203369140625 -0.0362319946289062 -0.0758056640625
0.14813232421875 0.16680908203125 0.01806640625 -0.114006042480469
0.0165557861328125 0.217544555664063 0.085540771484375 -0.158676147460938
-0.111724853515625 0.173934936523437 0.199661254882813 -0.095001220703125
-0.216903686523438 -0.0107574462890625 0.283294677734375 0.089691162109375
-0.180145263671875 -0.155548095703125 0.180557250976563 0.182846069335938
-0.0626068115234375 -0.222396850585938 0.164291381835938 0.0994873046875
0.000671386718749994 -0.217086791992188 -0.202362060546875 -0.204833984375
-0.126663208007812 -0.18572998046875 -0.203018188476562 -0.2423095703125
-0.202957153320313 -0.0493011474609375 -0.217514038085937 -0.120254516601563
-0.15570068359375 0.112136840820313 -0.184646606445313 -0.037353515625
-0.0276336669921875 0.17401123046875 -0.137901306152344 -0.00421905517578125
0.114700317382813 0.144256591796875 -0.0971450805664062 0.015594482421875
0.160415649414063 0.07073974609375 -0.0896530151367187 0.0206146240234375
0.143814086914063 0.066009521484375 -0.101615905761719 -0.0180511474609375
0.160888671875 0.094146728515625 -0.1002197265625 -0.0933303833007812
0.108612060546875 0.151443481445313 -0.0214691162109375 -0.158981323242188
-0.0164947509765625 0.18316650390625 0.0950927734375 -0.201019287109375
-0.121971130371094 0.120742797851563 0.2340087890625 -0.0947265625
-0.174606323242187 -0.0581207275390625 0.277862548828125 0.13336181640625
-0.119720458984375 -0.167770385742188 0.126510620117188 0.182281494140625
-0.0181121826171875 -0.205535888671875 0.153213500976563 0.0278167724609375
0.002044677734375 -0.155838012695313 -0.236831665039063 -0.243682861328125
-0.103553771972656 -0.131927490234375 -0.248733520507813 -0.217910766601563
-0.1424560546875 -0.0198974609375 -0.212738037109375 -0.0792694091796875
-0.098114013671875 0.0833816528320313 -0.168701171875 -0.0389251708984375
-0.00904846191406249 0.118072509765625 -0.14764404296875 -0.0208587646484375
0.0869216918945313 0.0920181274414063 -0.139144897460938 0.00786590576171876
0.111213684082031 0.0432052612304688 -0.145660400390625 0.027099609375
0.0997085571289063 0.0413970947265625 -0.156112670898438 -0.0144195556640625
0.108604431152344 0.066192626953125 -0.14508056640625 -0.111221313476563
0.0629196166992188 0.103240966796875 -0.039093017578125 -0.201126098632813
-0.02764892578125 0.116355895996094 0.122482299804687 -0.22412109375
-0.0892181396484375 0.0581130981445313 0.2677001953125 -0.072235107421875
-0.0975341796875 -0.0688552856445313 0.257293701171875 0.18011474609375
-0.0518646240234375 -0.131317138671875 0.0840911865234375 0.17413330078125
0.017852783203125 -0.1510009765625 0.161346435546875 -0.0322265625
0.0251846313476563 -0.0773696899414063 -0.265304565429687 -0.258346557617188
-0.0452651977539063 -0.0824050903320313 -0.2816162109375 -0.187896728515625
-0.0637435913085938 -0.0187530517578125 -0.210464477539063 -0.0443572998046875
-0.0494918823242187 0.0266799926757813 -0.162322998046875 -0.03155517578125
-0.0104713439941406 0.0469017028808594 -0.151504516601563 -0.0179290771484375
0.0351715087890625 0.0362319946289063 -0.161468505859375 0.0165557861328125
0.044769287109375 0.0156211853027344 -0.17779541015625 0.0380096435546875
0.0415763854980469 0.0104942321777344 -0.187240600585938 -0.00886535644531249
0.0438499450683594 0.0219459533691406 -0.16656494140625 -0.122589111328125
0.0265159606933594 0.0296649932861328 -0.0386199951171875 -0.225936889648438
-0.00733184814453125 0.0387191772460938 0.150543212890625 -0.22174072265625
-0.0236854553222656 0.0174579620361328 0.28619384765625 -0.037109375
-0.0213737487792969 -0.0297393798828125 0.229888916015625 0.218719482421875
-0.0112113952636719 -0.0534477233886719 0.0594329833984375 0.167129516601563
0.0265274047851562 -0.0699958801269531 0.179824829101563 -0.0649566650390625
0.0233230590820312 -0.031982421875 -0.137046813964844 0.085540771484375
-0.000308990478515622 -0.05023193359375 -0.0223236083984375 -0.170883178710937
-0.0499687194824219 -0.0417098999023437 -0.204452514648437 -0.235885620117188
-0.0634956359863281 0.01806640625 -0.3203125 -0.0131530761718751
-0.0323562622070313 0.0514106750488281 -0.15838623046875 0.194183349609375
0.0138626098632813 0.0430755615234375 0.0784454345703125 0.208419799804687
0.04608154296875 0.0250968933105469 0.197967529296875 0.0904693603515625
0.0386962890625 0.0160903930664063 0.2010498046875 -0.0189208984375
0.0357131958007813 0.0108375549316406 0.18878173828125 -0.0574951171875
0.039154052734375 0.0147972106933594 0.189422607421875 -0.02276611328125
0.0321235656738281 0.0247802734375 0.1605224609375 -0.004364013671875
0.0220527648925781 0.0346221923828125 0.149490356445312 0.0151519775390625
-0.00471878051757813 0.05169677734375 0.21759033203125 0.0576934814453125
-0.036407470703125 0.0445785522460938 0.2904052734375 0.130706787109375
-0.0390968322753906 0.00881958007812501 0.285614013671875 0.22381591796875
0.035003662109375 -0.116317749023438 -0.142562866210937 0.0607757568359375
-0.00964355468749999 -0.127120971679688 -0.02996826171875 -0.186141967773438
-0.105827331542969 -0.0985870361328125 -0.19598388671875 -0.239776611328125
-0.136947631835937 0.0279083251953125 -0.303131103515625 -0.027191162109375
-0.0673828125 0.1119384765625 -0.15753173828125 0.160980224609375
0.045135498046875 0.114234924316406 0.06134033203125 0.178375244140625
0.110923767089844 0.0596694946289063 0.169815063476563 0.0768585205078125
0.101730346679687 0.0391006469726562 0.171798706054687 -0.0235748291015625
0.1094970703125 0.0352325439453125 0.16070556640625 -0.0636444091796875
0.106864929199219 0.0600814819335938 0.16986083984375 -0.037689208984375
0.06072998046875 0.0976409912109375 0.14459228515625 -0.0302276611328125
0.00190734863281249 0.107833862304688 0.149185180664063 -0.011260986328125
-0.0816421508789063 0.0717926025390625 0.231414794921875 0.040252685546875
-0.116241455078125 0.00489044189453125 0.286956787109375 0.12689208984375
-0.0828018188476563 -0.06378173828125 0.272979736328125 0.216964721679688
0.0377960205078125 -0.188796997070313 -0.144973754882813 0.0120849609375
-0.0357666015625 -0.189971923828125 -0.052276611328125 -0.21038818359375
-0.1649169921875 -0.129302978515625 -0.199554443359375 -0.225692749023438
-0.19232177734375 0.0520172119140625 -0.274276733398438 -0.02880859375
-0.0838470458984375 0.165542602539063 -0.1434326171875 0.120040893554688
0.0778656005859375 0.165512084960938 0.0364761352539063 0.132156372070313
0.162216186523438 0.08154296875 0.119941711425781 0.0561676025390625
0.149429321289063 0.05621337890625 0.117469787597656 -0.0245742797851562
0.167724609375 0.05694580078125 0.107475280761719 -0.0634765625
0.157806396484375 0.101394653320313 0.129409790039063 -0.0528945922851562
0.07666015625 0.162322998046875 0.119659423828125 -0.062591552734375
-0.0233306884765625 0.167633056640625 0.152847290039063 -0.0415802001953125
-0.152725219726563 0.0783233642578125 0.247909545898438 0.03643798828125
-0.180755615234375 -0.0401763916015625 0.266769409179688 0.137374877929688
-0.110176086425781 -0.132362365722656 0.2423095703125 0.190704345703125
0.0229644775390625 -0.23553466796875 -0.153640747070313 -0.0515899658203125
-0.08160400390625 -0.2247314453125 -0.0924530029296875 -0.2293701171875
-0.217514038085938 -0.121109008789062 -0.205902099609375 -0.195159912109375
-0.216659545898438 0.09051513671875 -0.237045288085938 -0.02752685546875
-0.0736236572265625 0.202713012695312 -0.13055419921875 0.072418212890625
0.111618041992188 0.187118530273438 -0.00198364257812499 0.0810470581054688
0.19171142578125 0.0863037109375 0.0531349182128906 0.0362548828125
0.176376342773438 0.0654449462890625 0.04644775390625 -0.0219841003417969
0.2010498046875 0.074615478515625 0.0379562377929688 -0.0634727478027344
0.179611206054688 0.136215209960938 0.0745925903320313 -0.0744781494140625
0.0681915283203125 0.2073974609375 0.0933990478515625 -0.10333251953125
-0.06097412109375 0.198715209960938 0.164260864257813 -0.07049560546875
-0.205490112304687 0.05584716796875 0.26324462890625 0.0503082275390625
-0.210067749023437 -0.0915374755859375 0.227020263671875 0.15594482421875
-0.109359741210938 -0.186187744140625 0.202407836914063 0.144271850585938
0.000808715820312499 -0.244918823242187 -0.177536010742188 -0.118865966796875
-0.125259399414062 -0.216827392578125 -0.145416259765625 -0.2327880859375
-0.238021850585938 -0.0800933837890626 -0.20672607421875 -0.155715942382813
-0.199020385742188 0.123382568359375 -0.200714111328125 -0.0328369140625
-0.0433807373046875 0.209503173828125 -0.129722595214844 0.0264739990234375
0.132843017578125 0.17529296875 -0.0520553588867187 0.0388717651367188
0.195526123046875 0.0751190185546875 -0.0217189788818359 0.0250205993652344
0.176925659179688 0.0646209716796875 -0.0310516357421875 -0.0161571502685547
0.203369140625 0.083831787109375 -0.0365486145019531 -0.06719970703125
0.166244506835938 0.154800415039063 0.0176467895507813 -0.106071472167969
0.0360565185546875 0.220123291015625 0.0774993896484375 -0.150375366210938
-0.099884033203125 0.1846923828125 0.187469482421875 -0.091583251953125
-0.2196044921875 0.00448608398437503 0.271453857421875 0.08148193359375
-0.191497802734375 -0.139114379882813 0.17388916015625 0.171539306640625
-0.078399658203125 -0.211257934570312 0.166183471679688 0.079803466796875
-0.0144500732421875 -0.214920043945313 -0.213958740234375 -0.17633056640625
-0.141632080078125 -0.174545288085938 -0.199905395507812 -0.217544555664063
-0.211639404296875 -0.033477783203125 -0.201385498046875 -0.113449096679688
-0.150436401367188 0.127304077148438 -0.174957275390625 -0.0419158935546875
-0.0116119384765625 0.180191040039063 -0.139701843261719 -0.00807952880859373
0.130653381347656 0.136856079101563 -0.104537963867187 0.0165023803710938
0.16943359375 0.054962158203125 -0.0924758911132812 0.0265274047851563
0.15203857421875 0.0522003173828125 -0.102081298828125 -0.00772094726562501
0.173233032226563 0.078765869140625 -0.103599548339844 -0.0781478881835937
0.124557495117188 0.143524169921875 -0.0278778076171875 -0.147171020507813
-0.000686645507812496 0.188140869140625 0.0822601318359375 -0.194381713867188
-0.113883972167969 0.1312255859375 0.22186279296875 -0.094818115234375
-0.179611206054688 -0.04638671875 0.269668579101563 0.126495361328125
-0.1319580078125 -0.155105590820313 0.1195068359375 0.176803588867187
-0.03326416015625 -0.197921752929688 0.147994995117187 0.0109100341796875
-0.00767517089843748 -0.155563354492187 -0.251800537109375 -0.212615966796875
-0.114631652832031 -0.122962951660156 -0.243316650390625 -0.190078735351562
-0.148666381835938 -0.00907897949218752 -0.1944580078125 -0.0745391845703125
-0.094879150390625 0.0944442749023438 -0.16131591796875 -0.046356201171875
0.00183105468750001 0.123191833496094 -0.152877807617187 -0.0240325927734375
0.0982894897460938 0.0869598388671875 -0.148696899414063 0.012939453125
0.117828369140625 0.0327224731445313 -0.14837646484375 0.0389404296875
0.105621337890625 0.0322799682617188 -0.157211303710938 0.00177001953124998
0.117240905761719 0.0572280883789062 -0.151031494140625 -0.0922698974609375
0.0737838745117187 0.0995025634765625 -0.05029296875 -0.187911987304688
-0.0182876586914062 0.121421813964844 0.106781005859375 -0.218597412109375
-0.0863723754882812 0.065582275390625 0.256271362304688 -0.0751190185546875
-0.102294921875 -0.063446044921875 0.251846313476563 0.175384521484375
-0.06011962890625 -0.124168395996094 0.075347900390625 0.1729736328125
0.00663757324218749 -0.145675659179688 0.149444580078125 -0.048492431640625
0.0218353271484375 -0.0806350708007813 -0.280502319335938 -0.22637939453125
-0.053985595703125 -0.078826904296875 -0.27294921875 -0.159637451171875
-0.0692214965820313 -0.0133857727050781 -0.189498901367188 -0.04156494140625
-0.0500373840332031 0.0326385498046875 -0.1566162109375 -0.0402984619140625
-0.00577163696289062 0.0512962341308594 -0.158187866210937 -0.02099609375
0.0400733947753906 0.0356369018554688 -0.171371459960938 0.0232391357421875
0.0481071472167969 0.0109939575195312 -0.180740356445313 0.0533599853515625
0.0445976257324219 0.006988525390625 -0.188232421875 0.0113372802734375
0.0478897094726563 0.0194053649902344 -0.173858642578125 -0.101608276367187
0.0296897888183594 0.0292911529541016 -0.0528564453125 -0.213043212890625
-0.00494766235351562 0.0404739379882813 0.13275146484375 -0.219345092773438
-0.0229587554931641 0.0186080932617188 0.276397705078125 -0.0412139892578125
-0.0219917297363281 -0.0298862457275391 0.224349975585938 0.214813232421875
-0.012847900390625 -0.0504608154296875 0.04803466796875 0.166519165039063
0.0218238830566406 -0.0677070617675781 0.163787841796875 -0.0821075439453125
0.0215663909912109 -0.0317764282226563 -0.119888305664063 0.0959396362304687
-0.00357437133789062 -0.0476188659667969 -0.00587463378906249 -0.17034912109375
-0.0534324645996094 -0.0398521423339844 -0.194381713867187 -0.240829467773438
-0.0627937316894531 0.0205726623535156 -0.312103271484375 -0.016693115234375
-0.0283088684082031 0.0526504516601563 -0.1492919921875 0.186538696289063
0.0150032043457031 0.0415306091308594 0.0817108154296875 0.192611694335938
0.0452117919921875 0.0201797485351563 0.197601318359375 0.0743560791015625
0.0375709533691406 0.0123519897460938 0.198379516601562 -0.0341033935546875
0.0347366333007813 0.0080413818359375 0.190521240234375 -0.0688323974609375
0.0381889343261719 0.0113029479980469 0.197036743164063 -0.027923583984375
0.0325050354003906 0.0214195251464844 0.1678466796875 0.00262451171875
0.0230655670166016 0.0316886901855469 0.14605712890625 0.0294036865234375
0.000705718994140621 0.0502281188964844 0.197341918945312 0.061431884765625
-0.0324325561523438 0.0479011535644531 0.270095825195313 0.114898681640625
-0.0389022827148438 0.0132369995117188 0.28668212890625 0.197113037109375
0.0289306640625 -0.112831115722656 -0.127815246582031 0.0734024047851563
-0.014556884765625 -0.121124267578125 -0.0137176513671875 -0.182464599609375
-0.110664367675781 -0.0927886962890625 -0.1849365234375 -0.2431640625
-0.134933471679688 0.0343170166015625 -0.293243408203125 -0.0311584472656249
-0.0602188110351562 0.11505126953125 -0.148590087890625 0.1531982421875
0.0514678955078125 0.110755920410156 0.0631103515625 0.164443969726563
0.112663269042969 0.0506134033203125 0.16912841796875 0.0626068115234375
0.102500915527344 0.030364990234375 0.1689453125 -0.036346435546875
0.110466003417969 0.026153564453125 0.162368774414063 -0.072418212890625
0.109970092773437 0.0520401000976563 0.177642822265625 -0.0409393310546875
0.0657730102539063 0.0934600830078125 0.151962280273438 -0.0222015380859375
0.00708007812500001 0.1068115234375 0.145431518554687 0.00325012207031251
-0.0774612426757813 0.0748443603515625 0.211181640625 0.0442047119140625
-0.114059448242188 0.0120315551757813 0.267684936523438 0.113037109375
-0.08544921875 -0.0562210083007812 0.274551391601563 0.191818237304688
0.0274658203125 -0.183425903320313 -0.134323120117187 0.0273895263671875
-0.0426025390625 -0.181594848632812 -0.0384368896484375 -0.202560424804687
-0.171066284179688 -0.119979858398438 -0.186416625976563 -0.227020263671875
-0.189727783203125 0.061492919921875 -0.263076782226563 -0.0335693359375
-0.0724945068359375 0.169906616210938 -0.136222839355469 0.1121826171875
0.0881500244140625 0.160491943359375 0.03564453125 0.12115478515625
0.16571044921875 0.0690155029296875 0.117622375488281 0.0449905395507813
0.152572631835937 0.044769287109375 0.116180419921875 -0.032989501953125
0.17144775390625 0.043853759765625 0.110084533691406 -0.0682373046875
0.164932250976562 0.0904998779296875 0.136581420898437 -0.0541839599609375
0.086517333984375 0.158111572265625 0.124351501464844 -0.0536117553710937
-0.0155181884765625 0.169677734375 0.147811889648438 -0.0276336669921875
-0.148818969726563 0.084747314453125 0.22808837890625 0.0399017333984375
-0.18121337890625 -0.0286102294921875 0.24932861328125 0.126144409179688
-0.114738464355469 -0.121490478515625 0.243423461914063 0.168365478515625
0.0119171142578125 -0.229293823242188 -0.14764404296875 -0.0335235595703125
-0.089630126953125 -0.2144775390625 -0.080108642578125 -0.217681884765625
-0.2237548828125 -0.108489990234375 -0.191085815429688 -0.195709228515625
-0.212677001953125 0.102752685546875 -0.225357055664063 -0.034942626953125
-0.0608367919921875 0.206832885742188 -0.126358032226562 0.0650787353515625
0.123245239257813 0.18023681640625 -0.00491333007812499 0.0734634399414063
0.196685791015625 0.07208251953125 0.0505332946777344 0.0298271179199219
0.1805419921875 0.05267333984375 0.0454559326171875 -0.0249977111816406
0.2071533203125 0.0595855712890625 0.040679931640625 -0.06170654296875
0.188735961914063 0.124420166015625 0.0806427001953125 -0.07110595703125
0.0810699462890625 0.204818725585938 0.0951614379882813 -0.0933074951171875
-0.0516204833984375 0.20245361328125 0.157058715820313 -0.057952880859375
-0.203598022460937 0.06561279296875 0.245925903320312 0.052337646484375
-0.212905883789063 -0.0783233642578125 0.211990356445313 0.147476196289063
-0.115646362304687 -0.17388916015625 0.201751708984375 0.125839233398438
-0.01031494140625 -0.238510131835938 -0.175277709960938 -0.0977325439453125
-0.133209228515625 -0.206100463867187 -0.132858276367188 -0.217422485351563
-0.2435302734375 -0.066864013671875 -0.189422607421875 -0.15618896484375
-0.193832397460937 0.135238647460937 -0.190170288085938 -0.0421905517578125
-0.0299224853515625 0.213546752929688 -0.127777099609375 0.0187606811523438
0.145187377929688 0.167587280273438 -0.0568199157714844 0.0354042053222656
0.200302124023438 0.060943603515625 -0.0247364044189453 0.0240058898925781
0.18121337890625 0.051483154296875 -0.0308208465576172 -0.0136661529541016
0.210540771484375 0.069000244140625 -0.0338287353515625 -0.0602645874023437
0.177078247070312 0.14453125 0.021331787109375 -0.098480224609375
0.050018310546875 0.219100952148438 0.075225830078125 -0.138862609863281
-0.0913848876953125 0.191207885742188 0.1785888671875 -0.0814208984375
-0.219650268554688 0.01519775390625 0.2564697265625 0.083648681640625
-0.196075439453125 -0.1260986328125 0.161544799804688 0.166671752929688
-0.0867919921875 -0.200027465820313 0.162124633789063 0.0655670166015625
-0.023101806640625 -0.210250854492188 -0.215240478515625 -0.1519775390625
-0.1480712890625 -0.1650390625 -0.186798095703125 -0.199325561523437
-0.215866088867187 -0.021942138671875 -0.182418823242188 -0.115020751953125
-0.1458740234375 0.137603759765625 -0.165908813476563 -0.053009033203125
-0.000289916992187481 0.183395385742188 -0.141250610351563 -0.014892578125
0.141128540039063 0.13092041015625 -0.111968994140625 0.0160369873046875
0.173568725585937 0.0427703857421875 -0.0945663452148437 0.0306243896484375
0.156143188476563 0.041778564453125 -0.100936889648437 0.000282287597656238
0.180038452148438 0.0668792724609375 -0.101608276367188 -0.0658187866210937
0.134803771972656 0.136978149414063 -0.0276641845703125 -0.136276245117188
0.0101470947265625 0.189834594726563 0.0762786865234375 -0.182754516601563
-0.10833740234375 0.137451171875 0.212020874023438 -0.0870361328125
-0.18145751953125 -0.0386810302734375 0.256134033203125 0.128494262695313
-0.136962890625 -0.144134521484375 0.107528686523437 0.176773071289063
-0.04132080078125 -0.188858032226562 0.138473510742188 -0.000534057617187512
-0.012603759765625 -0.153671264648438 -0.254806518554687 -0.1865234375
-0.120338439941406 -0.11541748046875 -0.227951049804688 -0.17120361328125
-0.152053833007813 -0.00109863281250003 -0.174163818359375 -0.0791778564453125
-0.0920867919921875 0.102210998535156 -0.154251098632813 -0.0587005615234375
0.0108566284179688 0.125625610351562 -0.156890869140625 -0.030364990234375
0.105400085449219 0.0831375122070313 -0.1561279296875 0.0158538818359375
0.120513916015625 0.0243911743164062 -0.150115966796875 0.0471649169921875
0.108787536621094 0.0244064331054688 -0.155471801757813 0.013916015625
0.123016357421875 0.0492019653320312 -0.149917602539063 -0.07598876953125
0.0806121826171875 0.0962905883789063 -0.054229736328125 -0.174057006835938
-0.0114059448242188 0.124237060546875 0.0974273681640625 -0.20867919921875
-0.0833511352539063 0.0691452026367188 0.247116088867188 -0.0688323974609375
-0.104324340820313 -0.059234619140625 0.240493774414063 0.179031372070312
-0.0637588500976562 -0.116462707519531 0.0614166259765625 0.175308227539062
0.00113677978515624 -0.139991760253906 0.136192321777344 -0.0580978393554688
0.0188446044921875 -0.082611083984375 -0.283203125 -0.19964599609375
-0.0584030151367188 -0.0746917724609375 -0.255386352539063 -0.141647338867187
-0.0717544555664063 -0.0108642578125 -0.168914794921875 -0.0481414794921875
-0.0502166748046875 0.0379104614257813 -0.15216064453125 -0.053619384765625
-0.00205612182617187 0.0542755126953125 -0.1649169921875 -0.027099609375
0.0443649291992188 0.0350685119628906 -0.180068969726563 0.027252197265625
0.0498619079589844 0.00828170776367188 -0.182113647460938 0.064697265625
0.0464553833007813 0.00460052490234375 -0.185531616210938 0.0255126953125
0.05084228515625 0.0168685913085938 -0.173995971679687 -0.0842132568359375
0.0316543579101563 0.0295028686523438 -0.0605316162109375 -0.198699951171875
-0.00305557250976562 0.0420684814453125 0.122207641601563 -0.209442138671875
-0.0221767425537109 0.0190849304199219 0.266525268554688 -0.0349884033203125
-0.0216941833496094 -0.0299015045166016 0.213104248046875 0.21832275390625
-0.0143928527832031 -0.0461997985839844 0.0325775146484375 0.170333862304688
0.0193367004394531 -0.0638771057128906 0.147628784179688 -0.0916900634765625
0.0204181671142578 -0.0321464538574219 -0.106796264648438 0.103507995605469
-0.00511550903320313 -0.0455856323242188 0.0134735107421875 -0.175018310546875
-0.0564155578613281 -0.0388526916503906 -0.185592651367188 -0.256072998046875
-0.0631523132324219 0.0222892761230469 -0.31005859375 -0.028411865234375
-0.0268325805664063 0.0535011291503906 -0.147857666015625 0.177520751953125
0.0158042907714844 0.0416450500488281 0.0809783935546875 0.183547973632813
0.0441322326660156 0.0179290771484375 0.197265625 0.0637359619140625
0.0367813110351563 0.0103111267089844 0.197952270507813 -0.0451202392578125
0.0329647064208984 0.00583457946777344 0.195693969726563 -0.077667236328125
0.037078857421875 0.00907516479492188 0.208297729492188 -0.0308380126953125
0.0328578948974609 0.0188636779785156 0.180511474609375 0.010711669921875
0.0233478546142578 0.0302505493164063 0.14764404296875 0.046875
0.00376510620117188 0.0498504638671875 0.180938720703125 0.0723724365234375
-0.0294151306152344 0.050537109375 0.251815795898438 0.10992431640625
-0.0404434204101563 0.0167579650878906 0.287445068359375 0.180389404296875
0.0262451171875 -0.110710144042969 -0.115318298339844 0.0819473266601563
-0.0174407958984375 -0.11669921875 0.00538635253906249 -0.184844970703125
-0.115394592285156 -0.0899200439453125 -0.173095703125 -0.256515502929688
-0.136581420898438 0.0385665893554688 -0.29058837890625 -0.0430908203125
-0.0565872192382812 0.117683410644531 -0.147567749023438 0.144073486328125
0.0564804077148437 0.110099792480469 0.0616607666015625 0.155624389648437
0.114532470703125 0.0449066162109375 0.168411254882813 0.053802490234375
0.103652954101563 0.0254669189453125 0.169921875 -0.0457305908203125
0.111991882324219 0.0207595825195313 0.167449951171875 -0.0795440673828125
0.112403869628906 0.0472946166992187 0.189453125 -0.0435333251953125
0.070526123046875 0.0923614501953125 0.163345336914063 -0.0145416259765625
0.00971984863281251 0.108749389648438 0.147064208984375 0.0206298828125
-0.0760421752929688 0.0768814086914063 0.19580078125 0.05572509765625
-0.113533020019531 0.0171585083007812 0.25054931640625 0.110336303710938
-0.08746337890625 -0.0510177612304688 0.275665283203125 0.176803588867188
0.02301025390625 -0.1800537109375 -0.124382019042969 0.038360595703125
-0.0463104248046875 -0.177154541015625 -0.0204925537109375 -0.201690673828125
-0.176544189453125 -0.115402221679688 -0.173324584960938 -0.239227294921875
-0.190338134765625 0.0686492919921875 -0.257781982421875 -0.045806884765625
-0.067779541015625 0.17413330078125 -0.136070251464844 0.102890014648438
0.09637451171875 0.158767700195313 0.0326461791992188 0.113204956054688
0.169952392578125 0.0610198974609375 0.116806030273438 0.038116455078125
0.15545654296875 0.0368499755859375 0.116035461425781 -0.0392532348632813
0.175811767578125 0.0351409912109375 0.114913940429688 -0.0721435546875
0.17083740234375 0.0833282470703125 0.147994995117187 -0.054779052734375
0.0942535400390625 0.157241821289062 0.134040832519531 -0.0448455810546875
-0.01104736328125 0.173736572265625 0.1483154296875 -0.01129150390625
-0.149581909179688 0.089813232421875 0.213775634765625 0.05145263671875
-0.182693481445313 -0.0215911865234375 0.233627319335937 0.124893188476562
-0.118179321289062 -0.115638732910156 0.244354248046875 0.155349731445313
0.00547790527343748 -0.225875854492188 -0.141357421875 -0.02008056640625
-0.093994140625 -0.209793090820312 -0.0640716552734375 -0.213424682617188
-0.230148315429688 -0.1019287109375 -0.176788330078125 -0.205413818359375
-0.2122802734375 0.112106323242188 -0.218612670898438 -0.0476226806640625
-0.05303955078125 0.212234497070313 -0.127197265625 0.0553970336914063
0.133712768554688 0.177352905273438 -0.0102157592773437 0.0679855346679688
0.20208740234375 0.062774658203125 0.0479278564453125 0.0260162353515625
0.184814453125 0.0437164306640625 0.0460624694824219 -0.0273094177246094
0.213607788085938 0.049041748046875 0.0461845397949219 -0.0619773864746094
0.1988525390625 0.117462158203125 0.0903091430664063 -0.069305419921875
0.0917816162109375 0.206192016601563 0.101997375488281 -0.0834426879882812
-0.0462799072265625 0.208648681640625 0.15673828125 -0.0427398681640625
-0.206039428710937 0.072845458984375 0.23284912109375 0.06378173828125
-0.216506958007813 -0.07012939453125 0.198074340820313 0.148590087890625
-0.120269775390625 -0.167388916015625 0.200302124023437 0.114151000976562
-0.016265869140625 -0.23699951171875 -0.172256469726562 -0.082244873046875
-0.138137817382812 -0.201492309570313 -0.117782592773438 -0.210403442382812
-0.249954223632813 -0.059234619140625 -0.173812866210938 -0.16534423828125
-0.194259643554687 0.145675659179688 -0.183761596679688 -0.0561676025390625
-0.0213623046875 0.218856811523438 -0.130546569824219 0.00893402099609377
0.156417846679688 0.164764404296875 -0.0644798278808593 0.0318679809570313
0.205596923828125 0.0516510009765625 -0.0284500122070312 0.0239086151123047
0.186813354492188 0.0422210693359375 -0.0304832458496094 -0.0118350982666016
0.218460083007813 0.0587158203125 -0.0289764404296875 -0.0557136535644531
0.188156127929688 0.139129638671875 0.0279388427734375 -0.0941543579101562
0.060821533203125 0.22265625 0.0791397094726563 -0.12957763671875
-0.0873870849609375 0.198333740234375 0.17724609375 -0.067840576171875
-0.223373413085938 0.0218658447265625 0.245803833007813 0.0943450927734375
-0.2003173828125 -0.117538452148437 0.148681640625 0.171463012695313
-0.091461181640625 -0.193328857421875 0.157974243164063 0.05645751953125
-0.027587890625 -0.209732055664063 -0.215240478515625 -0.134765625
-0.153152465820312 -0.16107177734375 -0.171142578125 -0.190841674804688
-0.221603393554688 -0.014434814453125 -0.165573120117188 -0.124710083007812
-0.1451416015625 0.147552490234375 -0.161285400390625 -0.0691375732421875
0.008270263671875 0.187957763671875 -0.14715576171875 -0.0245513916015625
0.151290893554687 0.127655029296875 -0.121429443359375 0.0155715942382812
0.178726196289063 0.0344085693359375 -0.0989837646484375 0.03436279296875
0.16107177734375 0.034698486328125 -0.100814819335937 0.00616455078125001
0.187393188476563 0.0584564208984375 -0.0986328125 -0.0581817626953125
0.14501953125 0.133544921875 -0.0242538452148438 -0.128807067871094
0.018890380859375 0.1944580078125 0.076934814453125 -0.173736572265625
-0.106491088867187 0.143569946289063 0.209503173828125 -0.074951171875
-0.185897827148437 -0.0343475341796875 0.247482299804688 0.1402587890625
-0.14007568359375 -0.137992858886719 0.0939788818359375 0.183609008789063
-0.0442352294921875 -0.183242797851563 0.131355285644531 -0.00810241699218751
-0.01519775390625 -0.155426025390625 -0.256088256835937 -0.1689453125
-0.125282287597656 -0.112518310546875 -0.212173461914063 -0.162796020507813
-0.156951904296875 0.00459289550781248 -0.157058715820312 -0.090484619140625
-0.0919189453125 0.110542297363281 -0.151962280273438 -0.0765533447265625
0.017181396484375 0.129440307617188 -0.165496826171875 -0.0386505126953125
0.113990783691406 0.081756591796875 -0.166961669921875 0.01739501953125
0.124275207519531 0.0181121826171875 -0.154541015625 0.05377197265625
0.11248779296875 0.0201873779296875 -0.154937744140625 0.0227508544921875
0.129287719726563 0.0438232421875 -0.14874267578125 -0.066314697265625
0.0878982543945313 0.0952224731445312 -0.0542144775390625 -0.164947509765625
-0.00640869140625 0.128242492675781 0.096527099609375 -0.20001220703125
-0.0833282470703125 0.072601318359375 0.24395751953125 -0.058197021484375
-0.106590270996094 -0.0582504272460937 0.230865478515625 0.1912841796875
-0.0652389526367187 -0.112045288085938 0.0469970703125 0.184234619140625
-0.000816345214843754 -0.136016845703125 0.12481689453125 -0.0642776489257813
0.0186996459960938 -0.086212158203125 -0.2845458984375 -0.182830810546875
-0.0623626708984375 -0.0729141235351563 -0.239227294921875 -0.134613037109375
-0.0766372680664062 -0.00773620605468751 -0.152786254882813 -0.061614990234375
-0.051483154296875 0.0433731079101563 -0.151473999023438 -0.0716400146484375
0.00115585327148437 0.0569839477539062 -0.17474365234375 -0.03607177734375
0.0499916076660156 0.0363349914550781 -0.191329956054688 0.0304412841796875
0.0517654418945312 0.00572586059570313 -0.186691284179688 0.0734405517578125
0.0484466552734375 0.00262451171875 -0.185791015625 0.0359954833984375
0.0542984008789062 0.0154075622558594 -0.17388916015625 -0.0728302001953125
0.0340213775634766 0.0299777984619141 -0.0627593994140625 -0.188858032226562
-0.0021209716796875 0.0442237854003906 0.12042236328125 -0.200576782226563
-0.0226097106933594 0.0193214416503906 0.264190673828125 -0.0251007080078125
-0.0218963623046875 -0.0308971405029297 0.202789306640625 0.23272705078125
-0.0138435363769531 -0.0434188842773438 0.015380859375 0.179916381835938
0.0199737548828125 -0.0631217956542969 0.134422302246094 -0.0980224609375
0.0201301574707031 -0.0323886871337891 -0.095001220703125 0.111991882324219
-0.00697708129882813 -0.0455322265625 0.034332275390625 -0.187332153320313
-0.060791015625 -0.039215087890625 -0.181533813476562 -0.280319213867188
-0.0662956237792969 0.0242271423339844 -0.319122314453125 -0.0409545898437501
-0.0258941650390625 0.056976318359375 -0.152053833007813 0.173629760742188
0.0164985656738281 0.0428810119628906 0.0811309814453125 0.179214477539063
0.0441780090332031 0.0162162780761719 0.201736450195313 0.0557708740234375
0.0359611511230469 0.00906753540039063 0.203262329101563 -0.0569915771484375
0.0328731536865234 0.00466537475585938 0.205459594726563 -0.089630126953125
0.0367813110351563 0.00714874267578125 0.226409912109375 -0.0357666015625
0.0331459045410156 0.0171985626220703 0.198776245117187 0.017822265625
0.0253486633300781 0.0301074981689453 0.156356811523438 0.0662689208984375
0.00659942626953125 0.0504302978515625 0.1707763671875 0.0882110595703125
-0.0269126892089844 0.0548248291015625 0.239639282226563 0.112579345703125
-0.0415687561035156 0.0209236145019531 0.2935791015625 0.171630859375
0.0242233276367188 -0.112007141113281 -0.104743957519531 0.0920867919921875
-0.019805908203125 -0.116790771484375 0.026458740234375 -0.194671630859375
-0.121627807617188 -0.0891036987304688 -0.166717529296875 -0.279464721679688
-0.140838623046875 0.04449462890625 -0.2960205078125 -0.05718994140625
-0.0550003051757813 0.124496459960938 -0.152740478515625 0.13934326171875
0.0617446899414062 0.112312316894531 0.0601806640625 0.152435302734375
0.118988037109375 0.0406494140625 0.172012329101562 0.0463104248046875
0.107345581054688 0.0205764770507813 0.173675537109375 -0.056365966796875
0.115974426269531 0.0154647827148438 0.17669677734375 -0.0894927978515625
0.118232727050781 0.0433502197265625 0.20660400390625 -0.0491943359375
0.07647705078125 0.0923995971679688 0.180130004882813 -0.00801086425781249
0.0134658813476563 0.113136291503906 0.155410766601563 0.039215087890625
-0.0761566162109375 0.08172607421875 0.18780517578125 0.072540283203125
-0.116058349609375 0.022796630859375 0.23968505859375 0.11346435546875
-0.0910110473632813 -0.04791259765625 0.28204345703125 0.1678466796875
0.01922607421875 -0.181976318359375 -0.116653442382813 0.04913330078125
-0.0496673583984375 -0.17706298828125 -0.00154113769531252 -0.209243774414063
-0.1861572265625 -0.11383056640625 -0.165756225585938 -0.260223388671875
-0.196853637695313 0.0780487060546875 -0.260971069335938 -0.06085205078125
-0.0638885498046875 0.1827392578125 -0.140609741210938 0.096282958984375
0.10675048828125 0.161422729492188 0.029205322265625 0.11016845703125
0.177261352539063 0.054534912109375 0.118309020996094 0.0328521728515625
0.162521362304688 0.0302886962890625 0.119163513183594 -0.0473251342773438
0.184036254882813 0.027679443359375 0.124420166015625 -0.0793380737304688
0.182113647460938 0.0794219970703125 0.163681030273438 -0.0583648681640625
0.105804443359375 0.160858154296875 0.149383544921875 -0.039215087890625
-0.006927490234375 0.183013916015625 0.156326293945313 0.00627136230468751
-0.153488159179688 0.0980987548828125 0.207473754882813 0.067626953125
-0.188400268554688 -0.0147705078125 0.2239990234375 0.129867553710938
-0.124237060546875 -0.11279296875 0.249771118164063 0.147079467773438
0.000701904296875002 -0.229217529296875 -0.13702392578125 -0.00783538818359378
-0.100143432617188 -0.210769653320312 -0.047698974609375 -0.217666625976563
-0.242355346679688 -0.098663330078125 -0.16912841796875 -0.224685668945313
-0.218582153320312 0.124771118164063 -0.2208251953125 -0.0634613037109374
-0.0475921630859375 0.223403930664063 -0.132949829101563 0.0470046997070313
0.147994995117187 0.1796875 -0.0159530639648437 0.0645523071289063
0.21173095703125 0.0547637939453125 0.0466117858886719 0.0237045288085938
0.193954467773438 0.036102294921875 0.0476760864257813 -0.0303306579589844
0.225128173828125 0.039337158203125 0.0532073974609375 -0.0649795532226563
0.21337890625 0.113388061523437 0.102928161621094 -0.0709991455078125
0.105010986328125 0.212539672851562 0.11334228515625 -0.0777206420898437
-0.042388916015625 0.221023559570313 0.163619995117188 -0.02801513671875
-0.213180541992188 0.0818939208984375 0.228729248046875 0.07977294921875
-0.22479248046875 -0.0643157958984375 0.189605712890625 0.156143188476563
-0.126327514648438 -0.166107177734375 0.203399658203125 0.106460571289063
-0.0209197998046875 -0.240982055664062 -0.172378540039063 -0.0694427490234375
-0.146621704101562 -0.203048706054688 -0.10400390625 -0.212051391601563
-0.262619018554688 -0.0533447265625 -0.163681030273438 -0.182357788085938
-0.198806762695312 0.1610107421875 -0.184967041015625 -0.074371337890625
-0.01324462890625 0.23028564453125 -0.138595581054688 -0.000991821289062507
0.172622680664062 0.165298461914063 -0.0737075805664062 0.0306930541992188
0.216629028320313 0.0424957275390625 -0.0324478149414062 0.0253334045410156
0.196502685546875 0.0347900390625 -0.0302600860595703 -0.0101242065429687
0.231155395507813 0.050079345703125 -0.0251617431640625 -0.0546722412109375
0.203659057617188 0.135910034179688 0.0369873046875 -0.0931930541992187
0.0735321044921875 0.231277465820313 0.0871810913085937 -0.124351501464844
-0.085418701171875 0.2110595703125 0.182830810546875 -0.0552520751953125
-0.232833862304687 0.0292205810546875 0.244125366210937 0.111007690429688
-0.208236694335937 -0.113784790039063 0.140304565429688 0.182754516601563
-0.097412109375 -0.19305419921875 0.156723022460937 0.0498809814453125
-0.0318450927734375 -0.215255737304688 -0.218826293945312 -0.1219482421875
-0.162338256835937 -0.1617431640625 -0.159500122070313 -0.190338134765625
-0.233306884765625 -0.00811767578124997 -0.154800415039063 -0.142059326171875
-0.14886474609375 0.162277221679687 -0.162841796875 -0.0891265869140625
0.0161895751953125 0.197540283203125 -0.15814208984375 -0.0349578857421875
0.166259765625 0.127731323242188 -0.133979797363281 0.0163116455078125
0.187973022460938 0.0271453857421875 -0.106147766113281 0.0394287109375
0.17034912109375 0.0279388427734375 -0.103065490722656 0.0117645263671875
0.199859619140625 0.051239013671875 -0.0972747802734375 -0.0526275634765625
0.158538818359375 0.132705688476563 -0.0195388793945312 -0.126373291015625
0.02825927734375 0.20330810546875 0.082275390625 -0.169418334960938
-0.107101440429687 0.15350341796875 0.215774536132813 -0.0647735595703125
-0.19439697265625 -0.0303497314453125 0.246780395507813 0.158950805664063
-0.146530151367188 -0.135208129882813 0.08367919921875 0.1981201171875
-0.048919677734375 -0.183700561523437 0.12603759765625 -0.0146560668945313
-0.0176544189453125 -0.161178588867188 -0.261489868164063 -0.15716552734375
-0.132888793945313 -0.112922668457031 -0.202163696289062 -0.161727905273438
-0.165924072265625 0.0101776123046875 -0.146011352539063 -0.107391357421875
-0.0940322875976563 0.121498107910156 -0.155609130859375 -0.0975494384765625
0.0241165161132813 0.136978149414063 -0.179153442382813 -0.04962158203125
0.125350952148438 0.0816574096679688 -0.182388305664063 0.020233154296875
0.131332397460938 0.0132904052734375 -0.163055419921875 0.0625152587890625
0.11932373046875 0.0154953002929687 -0.158248901367188 0.0316009521484375
0.138526916503906 0.0397415161132813 -0.150527954101563 -0.05889892578125
0.0973358154296875 0.0970916748046875 -0.052764892578125 -0.161819458007813
-0.0016937255859375 0.135223388671875 0.100006103515625 -0.197235107421875
-0.0854644775390625 0.078460693359375 0.25103759765625 -0.048065185546875
-0.111595153808594 -0.05828857421875 0.230300903320313 0.21282958984375
-0.0680694580078125 -0.110366821289063 0.033447265625 0.200836181640625
-0.00214385986328124 -0.136360168457031 0.116355895996094 -0.0710983276367188
0.0188064575195312 -0.0914840698242188 -0.291595458984375 -0.1717529296875
-0.0675125122070313 -0.0735092163085937 -0.22900390625 -0.1334228515625
-0.08197021484375 -0.00538635253906252 -0.142501831054688 -0.0795135498046875
-0.0539474487304688 0.0493545532226562 -0.157272338867188 -0.0922393798828125
0.00440216064453125 0.0614509582519531 -0.19091796875 -0.044525146484375
0.0563926696777344 0.0365104675292969 -0.209030151367188 0.0345306396484375
0.0551872253417969 0.00406265258789063 -0.195693969726563 0.08489990234375
0.0518226623535156 0.00030517578125 -0.189651489257813 0.0467071533203125
0.0587615966796875 0.0133438110351563 -0.177597045898438 -0.063934326171875
0.0378265380859375 0.0319480895996094 -0.064208984375 -0.184036254882813
-0.000324249267578124 0.0481681823730469 0.123977661132813 -0.19781494140625
-0.024017333984375 0.0200519561767578 0.271347045898438 -0.013214111328125
-0.0233287811279297 -0.0322303771972656 0.199066162109375 0.255844116210937
-0.0125885009765625 -0.0420074462890625 -0.00138854980468749 0.196945190429688
0.0210533142089844 -0.0625953674316406 0.124702453613281 -0.104530334472656
0.0190200805664062 -0.0352287292480469 -0.0807647705078125 0.123832702636719
-0.00942993164062501 -0.0446968078613281 0.0529937744140625 -0.208343505859375
-0.0672874450683594 -0.0385894775390625 -0.18927001953125 -0.30902099609375
-0.0700187683105469 0.0290870666503906 -0.3370361328125 -0.048980712890625
-0.0249214172363281 0.0609474182128906 -0.159133911132812 0.177276611328125
0.0193557739257812 0.0450019836425781 0.085784912109375 0.17828369140625
0.0449066162109375 0.0147361755371094 0.211181640625 0.044464111328125
0.0363960266113281 0.00698471069335937 0.208816528320313 -0.07489013671875
0.0327129364013672 0.00275611877441406 0.217559814453125 -0.108596801757813
0.0370101928710938 0.00513458251953125 0.248764038085938 -0.048187255859375
0.0343818664550781 0.0146598815917969 0.223342895507812 0.0195159912109375
0.0265960693359375 0.0297317504882813 0.173019409179688 0.0843658447265625
0.0110435485839844 0.0513763427734375 0.16827392578125 0.106292724609375
-0.0235786437988281 0.060272216796875 0.234939575195313 0.114639282226563
-0.0428390502929688 0.0265769958496094 0.308990478515625 0.159881591796875
0.0193710327148438 -0.116073608398438 -0.092926025390625 0.104232788085937
-0.0242919921875 -0.118423461914063 0.044219970703125 -0.212814331054688
-0.133438110351563 -0.0884170532226563 -0.17193603515625 -0.30877685546875
-0.147384643554687 0.054473876953125 -0.312286376953125 -0.06793212890625
-0.05126953125 0.134574890136719 -0.15869140625 0.140594482421875
0.0721054077148437 0.115219116210938 0.062652587890625 0.1510009765625
0.125587463378906 0.0348587036132813 0.180984497070313 0.0360870361328125
0.112663269042969 0.0143203735351563 0.179779052734375 -0.0717010498046875
0.122703552246094 0.00753021240234375 0.18804931640625 -0.1077880859375
0.126747131347656 0.0377197265625 0.227752685546875 -0.062286376953125
0.0863418579101563 0.0934219360351563 0.20428466796875 -0.0077056884765625
0.0195999145507813 0.120079040527344 0.171676635742188 0.05548095703125
-0.07708740234375 0.0899581909179688 0.186614990234375 0.0889739990234375
-0.119926452636719 0.031280517578125 0.2366943359375 0.117202758789062
-0.0972213745117188 -0.042938232421875 0.296875 0.15679931640625
0.0125274658203125 -0.187850952148438 -0.108299255371094 0.0632400512695312
-0.057342529296875 -0.180343627929688 0.014190673828125 -0.22418212890625
-0.202606201171875 -0.110671997070312 -0.16912841796875 -0.28692626953125
-0.20404052734375 0.093536376953125 -0.2742919921875 -0.0731964111328125
-0.0578460693359375 0.198272705078125 -0.148178100585938 0.094512939453125
0.123519897460938 0.1640625 0.027801513671875 0.108413696289063
0.190048217773438 0.0449676513671875 0.122772216796875 0.025909423828125
0.172927856445313 0.02008056640625 0.12384033203125 -0.0580825805664063
0.196426391601563 0.015106201171875 0.133323669433594 -0.0921401977539063
0.197830200195312 0.070587158203125 0.1817626953125 -0.06982421875
0.122344970703125 0.165084838867187 0.169219970703125 -0.0381927490234375
0.00282287597656251 0.195938110351562 0.170639038085938 0.0203857421875
-0.158370971679688 0.112396240234375 0.209609985351563 0.0836029052734375
-0.19873046875 -0.00469970703125003 0.222274780273438 0.136306762695313
-0.134254455566406 -0.110008239746094 0.262374877929688 0.136322021484375
-0.00901794433593751 -0.237228393554688 -0.133232116699219 0.00658416748046871
-0.112884521484375 -0.213897705078125 -0.0352935791015625 -0.2283935546875
-0.261199951171875 -0.0904693603515625 -0.168975830078125 -0.24676513671875
-0.224884033203125 0.145751953125 -0.230270385742188 -0.0783233642578125
-0.0364837646484375 0.2406005859375 -0.142349243164063 0.0420989990234375
0.169891357421875 0.181289672851563 -0.0218467712402344 0.0643463134765625
0.227218627929687 0.0423583984375 0.0464973449707031 0.0211868286132813
0.207260131835938 0.02362060546875 0.0497932434082031 -0.0357551574707031
0.241943359375 0.0254974365234375 0.0598678588867188 -0.0712432861328125
0.234878540039063 0.10491943359375 0.116584777832031 -0.078582763671875
0.126007080078125 0.220367431640625 0.128089904785156 -0.0770645141601562
-0.0329437255859375 0.23944091796875 0.175994873046875 -0.0158538818359375
-0.223251342773438 0.09857177734375 0.233489990234375 0.095123291015625
-0.238845825195313 -0.0534515380859375 0.188949584960937 0.16650390625
-0.139404296875 -0.164535522460937 0.211441040039063 0.0979766845703125
-0.0324554443359375 -0.250457763671875 -0.174850463867188 -0.0545654296875
-0.16253662109375 -0.205413818359375 -0.0955810546875 -0.218093872070313
-0.282135009765625 -0.0423583984375 -0.163040161132813 -0.202621459960938
-0.202835083007813 0.18536376953125 -0.193359375 -0.0915374755859375
-0.000167846679687495 0.247344970703125 -0.152252197265625 -0.0078277587890625
0.196182250976563 0.164413452148438 -0.0849151611328125 0.0322341918945313
0.231796264648438 0.0296783447265625 -0.03729248046875 0.0281982421875
0.210601806640625 0.0225830078125 -0.0308914184570312 -0.00800704956054688
0.249404907226562 0.035552978515625 -0.0222702026367187 -0.05426025390625
0.226699829101562 0.130294799804688 0.0453109741210938 -0.097137451171875
0.094268798828125 0.242202758789063 0.0959243774414063 -0.124397277832031
-0.079620361328125 0.230667114257813 0.194442749023437 -0.0466766357421875
-0.246566772460937 0.0433807373046875 0.25213623046875 0.126708984375
-0.223876953125 -0.105361938476563 0.138458251953125 0.1973876953125
-0.109207153320313 -0.194229125976562 0.158859252929688 0.041778564453125
-0.042572021484375 -0.225296020507812 -0.227783203125 -0.106109619140625
-0.178421020507813 -0.162796020507813 -0.153549194335938 -0.1929931640625
-0.24981689453125 0.00445556640625005 -0.151290893554688 -0.161819458007813
-0.150115966796875 0.184402465820312 -0.172714233398437 -0.109344482421875
0.030242919921875 0.211441040039063 -0.175323486328125 -0.0421905517578125
0.188507080078125 0.125595092773438 -0.149765014648438 0.021209716796875
0.201950073242188 0.0158233642578125 -0.114212036132812 0.0484390258789063
0.183547973632813 0.0173187255859375 -0.105812072753906 0.0200653076171875
0.216476440429688 0.0392913818359375 -0.0982437133789062 -0.047119140625
0.178695678710938 0.130020141601563 -0.0173263549804687 -0.127403259277344
0.04437255859375 0.215591430664063 0.0866851806640625 -0.171340942382812
-0.10626220703125 0.170120239257813 0.227569580078125 -0.058685302734375
-0.2081298828125 -0.02276611328125 0.257522583007812 0.1778564453125
-0.158309936523437 -0.13153076171875 0.079925537109375 0.217483520507813
-0.057037353515625 -0.186721801757812 0.121650695800781 -0.022552490234375
-0.025054931640625 -0.170562744140625 -0.275344848632812 -0.14141845703125
-0.146408081054688 -0.112823486328125 -0.197647094726563 -0.162185668945313
-0.178085327148438 0.020751953125 -0.142074584960938 -0.127593994140625
-0.0951156616210937 0.138168334960938 -0.167770385742188 -0.118270874023438
0.03497314453125 0.146835327148437 -0.20074462890625 -0.0552978515625
0.142440795898438 0.0789337158203125 -0.20196533203125 0.029632568359375
0.141845703125 0.0048980712890625 -0.173446655273437 0.0771331787109375
0.128692626953125 0.00829315185546875 -0.16326904296875 0.045623779296875
0.150863647460938 0.031829833984375 -0.155288696289063 -0.0492095947265625
0.110755920410156 0.09674072265625 -0.0563201904296875 -0.161422729492187
0.00848388671875001 0.1444091796875 0.102828979492188 -0.200729370117188
-0.0867996215820312 0.0879898071289063 0.264541625976563 -0.04339599609375
-0.12139892578125 -0.0565414428710937 0.241256713867188 0.235610961914063
-0.0741043090820313 -0.109687805175781 0.025634765625 0.223251342773437
-0.00549316406250001 -0.139846801757813 0.107765197753906 -0.0801773071289063
0.0172271728515625 -0.100921630859375 -0.3072509765625 -0.15667724609375
-0.0758438110351562 -0.0740127563476563 -0.225372314453125 -0.132736206054688
-0.0901870727539063 -0.000717163085937512 -0.138557434082031 -0.0989608764648438
-0.0558052062988281 0.0590019226074219 -0.1722412109375 -0.113922119140625
0.0103950500488281 0.0679130554199219 -0.215255737304688 -0.0497283935546875
0.0654220581054688 0.035980224609375 -0.23028564453125 0.0462188720703125
0.0605087280273437 0.000904083251953125 -0.207077026367188 0.103866577148438
0.0565452575683594 -0.00350570678710938 -0.196273803710937 0.0646209716796875
0.0641555786132813 0.00991439819335938 -0.184860229492188 -0.053070068359375
0.0438385009765625 0.0331077575683594 -0.071380615234375 -0.182861328125
0.00310516357421875 0.0517692565917969 0.126541137695312 -0.201828002929688
-0.0239009857177734 0.0216541290283203 0.286590576171875 -0.00762939453125
-0.0252246856689453 -0.0344696044921875 0.207489013671875 0.28302001953125
-0.0128097534179688 -0.0405616760253906 -0.013458251953125 0.22198486328125
0.0218505859375 -0.0657997131347656 0.112594604492188 -0.115638732910156
0.017364501953125 -0.0385284423828125 -0.0605392456054687 0.135025024414063
-0.0130958557128906 -0.0438003540039062 0.0638275146484375 -0.235107421875
-0.0755081176757812 -0.0348663330078125 -0.211029052734375 -0.335601806640625
-0.072662353515625 0.0366744995117188 -0.36041259765625 -0.04547119140625
-0.0212821960449219 0.0669784545898438 -0.160980224609375 0.187057495117188
0.0233230590820313 0.0466156005859375 0.095611572265625 0.174163818359375
0.0467147827148438 0.0116081237792969 0.221023559570313 0.024444580078125
0.0366783142089844 0.0036163330078125 0.211471557617188 -0.100448608398437
0.0323925018310547 0.00032806396484375 0.223907470703125 -0.13726806640625
0.0375480651855469 0.00268173217773437 0.269439697265625 -0.0735931396484375
0.0359001159667969 0.0114364624023438 0.251419067382813 0.010711669921875
0.0298213958740234 0.0283298492431641 0.196670532226563 0.0955963134765625
0.0176277160644531 0.0511856079101563 0.172348022460938 0.121719360351563
-0.0169677734375 0.0658149719238281 0.233688354492188 0.113021850585938
-0.042327880859375 0.0336647033691406 0.326385498046875 0.136688232421875
0.0122451782226563 -0.120391845703125 -0.0750579833984375 0.118354797363281
-0.0320816040039063 -0.118507385253906 0.055938720703125 -0.23736572265625
-0.1474609375 -0.0823822021484375 -0.191253662109375 -0.335601806640625
-0.151565551757813 0.0700225830078125 -0.33349609375 -0.068450927734375
-0.042449951171875 0.147186279296875 -0.163070678710938 0.14788818359375
0.0862503051757812 0.114601135253906 0.0691070556640625 0.147613525390625
0.133468627929688 0.02508544921875 0.188735961914063 0.01953125
0.117805480957031 0.0033111572265625 0.182113647460937 -0.093994140625
0.12860107421875 -0.00366973876953125 0.193862915039063 -0.133255004882813
0.136268615722656 0.0272293090820313 0.246749877929687 -0.0857391357421875
0.0998916625976563 0.0904006958007813 0.229095458984375 -0.0162200927734375
0.030120849609375 0.12615966796875 0.194854736328125 0.0654144287109375
-0.0733871459960938 0.100624084472656 0.192474365234375 0.103042602539063
-0.121780395507813 0.043731689453125 0.237258911132812 0.117172241210938
-0.103721618652344 -0.0354766845703125 0.315673828125 0.13494873046875
-0.00105285644531248 -0.193695068359375 -0.09429931640625 0.0785751342773438
-0.0716705322265625 -0.181304931640625 0.0235595703125 -0.243576049804688
-0.221450805664062 -0.0994873046875 -0.18463134765625 -0.31060791015625
-0.207534790039063 0.116943359375 -0.292877197265625 -0.07830810546875
-0.043426513671875 0.2154541015625 -0.154586791992188 0.09808349609375
0.146881103515625 0.1611328125 0.029144287109375 0.107345581054688
0.202850341796875 0.0291290283203125 0.126884460449219 0.01483154296875
0.18255615234375 0.0034027099609375 0.125190734863281 -0.0744094848632812
0.20819091796875 -0.004638671875 0.138153076171875 -0.111373901367188
0.215560913085938 0.054351806640625 0.1978759765625 -0.0901947021484375
0.14605712890625 0.163299560546875 0.188583374023437 -0.0464324951171875
0.0196075439453125 0.208908081054688 0.19085693359375 0.0294342041015625
-0.15936279296875 0.13232421875 0.217422485351563 0.0948333740234375
-0.207901000976563 0.013275146484375 0.22564697265625 0.139022827148438
-0.147445678710937 -0.101913452148438 0.277740478515625 0.117828369140625
-0.02703857421875 -0.244247436523438 -0.126388549804688 0.0242462158203125
-0.132522583007812 -0.212615966796875 -0.0297698974609375 -0.241485595703125
-0.282928466796875 -0.074066162109375 -0.1810302734375 -0.268142700195313
-0.225173950195312 0.17584228515625 -0.246749877929687 -0.0870208740234375
-0.0164337158203125 0.259185791015625 -0.153152465820313 0.0422821044921875
0.198532104492188 0.17431640625 -0.0261917114257812 0.0658416748046875
0.242691040039063 0.0225982666015625 0.0471420288085938 0.0175590515136719
0.22027587890625 0.0026397705078125 0.0505867004394531 -0.0427207946777344
0.257568359375 0.0011749267578125 0.0639114379882813 -0.0811920166015625
0.258682250976563 0.0865478515625 0.128608703613281 -0.0926055908203125
0.156280517578125 0.221923828125 0.141845703125 -0.0833587646484375
-0.0145721435546875 0.258544921875 0.192291259765625 -0.00996398925781248
-0.228347778320313 0.124374389648438 0.244857788085938 0.10498046875
-0.2532958984375 -0.034393310546875 0.194320678710937 0.17340087890625
-0.156570434570312 -0.158065795898438 0.221023559570313 0.0819854736328125
-0.05291748046875 -0.257675170898437 -0.175537109375 -0.033416748046875
-0.18603515625 -0.201919555664063 -0.0927581787109375 -0.224334716796875
-0.302703857421875 -0.0203552246093751 -0.169662475585938 -0.221572875976563
-0.19818115234375 0.216659545898438 -0.21014404296875 -0.104629516601562
0.023712158203125 0.263504028320312 -0.16815185546875 -0.00837707519531249
0.225921630859375 0.154708862304688 -0.0953292846679687 0.0389404296875
0.247650146484375 0.008514404296875 -0.0402450561523437 0.0339012145996094
0.224700927734375 0.0019989013671875 -0.0313014984130859 -0.00579833984375
0.26727294921875 0.010711669921875 -0.0204505920410156 -0.0545921325683594
0.253921508789063 0.113433837890625 0.0505752563476563 -0.104232788085937
0.124221801757813 0.248458862304688 0.102569580078125 -0.129150390625
-0.06475830078125 0.253402709960938 0.208038330078125 -0.04443359375
-0.257293701171875 0.0682525634765625 0.268173217773438 0.136795043945313
-0.24127197265625 -0.0896759033203125 0.144500732421875 0.210525512695313
-0.127761840820312 -0.191009521484375 0.160751342773437 0.0291595458984375
-0.0615692138671875 -0.2327880859375 -0.236099243164063 -0.0828399658203125
-0.200668334960938 -0.156906127929688 -0.15301513671875 -0.192642211914063
-0.265823364257813 0.0268096923828125 -0.15576171875 -0.179611206054688
-0.14300537109375 0.213043212890625 -0.19110107421875 -0.125106811523438
0.0530853271484375 0.223861694335937 -0.19732666015625 -0.0427398681640625
0.215042114257813 0.114028930664063 -0.164840698242188 0.03375244140625
0.21575927734375 -0.0047149658203125 -0.119712829589844 0.0624847412109375
0.195770263671875 -0.000732421875 -0.107139587402344 0.0325698852539062
0.234603881835938 0.0189056396484375 -0.100151062011719 -0.0391845703125
0.203659057617188 0.119461059570312 -0.018463134765625 -0.128959655761719
0.0686492919921875 0.224929809570312 0.0869903564453125 -0.177032470703125
-0.0980987548828125 0.1904296875 0.240768432617188 -0.0606689453125
-0.221603393554687 -0.00607299804687499 0.277557373046875 0.189559936523438
-0.173675537109375 -0.122268676757813 0.08428955078125 0.23797607421875
-0.0724029541015625 -0.187271118164063 0.115249633789063 -0.0331573486328125
-0.03936767578125 -0.179550170898438 -0.28955078125 -0.116363525390625
-0.164138793945313 -0.106674194335938 -0.197647094726563 -0.159072875976563
-0.189193725585938 0.03753662109375 -0.145111083984375 -0.146102905273438
-0.08892822265625 0.159133911132812 -0.188644409179688 -0.135589599609375
0.0521087646484375 0.1549072265625 -0.226547241210938 -0.053558349609375
0.16229248046875 0.0697021484375 -0.21923828125 0.048492431640625
0.151336669921875 -0.0092620849609375 -0.179595947265625 0.0992431640625
0.138252258300781 -0.00481414794921875 -0.16571044921875 0.0646209716796875
0.164138793945312 0.0182952880859375 -0.160903930664063 -0.035369873046875
0.128791809082031 0.0913467407226563 -0.063201904296875 -0.15887451171875
0.02349853515625 0.152999877929688 0.100479125976563 -0.208160400390625
-0.0847930908203125 0.101036071777344 0.2791748046875 -0.046630859375
-0.132286071777344 -0.0495071411132812 0.263900756835938 0.252288818359375
-0.0823898315429687 -0.106170654296875 0.026611328125 0.250045776367187
-0.01422119140625 -0.143768310546875 0.0939865112304688 -0.09051513671875
0.0100860595703125 -0.110244750976563 -0.326202392578125 -0.13128662109375
-0.0874099731445312 -0.071319580078125 -0.2252197265625 -0.128585815429687
-0.09716796875 0.00772857666015625 -0.14068603515625 -0.117782592773438
-0.0544586181640625 0.0712356567382813 -0.195220947265625 -0.1297607421875
0.0178298950195313 0.0732955932617188 -0.243377685546875 -0.045654296875
0.0761795043945313 0.0322113037109375 -0.249114990234375 0.0697479248046875
0.0651779174804687 -0.00536346435546875 -0.213165283203125 0.131378173828125
0.06036376953125 -0.00928878784179688 -0.1986083984375 0.0877532958984375
0.0708770751953125 0.004913330078125 -0.193008422851563 -0.0353851318359375
0.0509719848632813 0.0312843322753906 -0.0821990966796875 -0.178787231445313
0.00940704345703125 0.0553855895996094 0.125778198242188 -0.209884643554688
-0.0243568420410156 0.0250759124755859 0.30322265625 -0.0103759765625
-0.0291767120361328 -0.0348339080810547 0.228424072265625 0.3052978515625
-0.0133018493652344 -0.0400581359863281 -0.017425537109375 0.250823974609375
0.0201568603515625 -0.0695266723632812 0.0954055786132813 -0.126701354980469
0.0127944946289063 -0.0401153564453125 -0.0352325439453125 0.140975952148438
-0.0167999267578125 -0.0415458679199219 0.065277099609375 -0.264999389648438
-0.0822296142578125 -0.0282745361328125 -0.240386962890625 -0.3515625
-0.0709915161132813 0.0452041625976562 -0.37860107421875 -0.03265380859375
-0.0153121948242188 0.07135009765625 -0.156494140625 0.195541381835938
0.0282936096191406 0.0456695556640625 0.104751586914063 0.163711547851563
0.0465126037597656 0.00832366943359375 0.2237548828125 -0.000274658203124999
0.0352249145507812 0.000347137451171875 0.203964233398438 -0.1275634765625
0.0314807891845703 -0.00267219543457031 0.219390869140625 -0.16925048828125
0.0363044738769531 -0.00160598754882813 0.2803955078125 -0.104812622070313
0.0362396240234375 0.00789260864257813 0.27545166015625 -0.0090179443359375
0.0337734222412109 0.0264549255371094 0.223495483398438 0.097259521484375
0.0247001647949219 0.0486602783203125 0.179367065429688 0.134231567382813
-0.00830459594726562 0.0701141357421875 0.229537963867188 0.108352661132813
-0.0402793884277344 0.0412101745605469 0.33740234375 0.104156494140625
0.00157165527343751 -0.120330810546875 -0.0510787963867188 0.126663208007813
-0.0412368774414063 -0.115081787109375 0.0579986572265625 -0.263580322265625
-0.16009521484375 -0.0697174072265625 -0.217132568359375 -0.351776123046875
-0.148239135742187 0.087493896484375 -0.3525390625 -0.059051513671875
-0.02813720703125 0.156982421875 -0.161361694335938 0.155838012695312
0.101707458496094 0.109382629394531 0.07611083984375 0.140174865722656
0.138778686523438 0.0103836059570313 0.190750122070313 -0.001983642578125
0.119400024414063 -0.0102005004882813 0.175537109375 -0.119216918945313
0.129776000976563 -0.0195159912109375 0.190414428710938 -0.162704467773438
0.1422119140625 0.0113372802734375 0.255844116210938 -0.117156982421875
0.113227844238281 0.0826797485351563 0.248992919921875 -0.0349273681640625
0.0446929931640625 0.127944946289063 0.21820068359375 0.0667572021484375
-0.0655899047851562 0.109870910644531 0.200424194335938 0.112396240234375
-0.118614196777344 0.0574722290039062 0.235733032226563 0.112869262695313
-0.108566284179688 -0.0234222412109375 0.32666015625 0.102935791015625
-0.01922607421875 -0.193084716796875 -0.074676513671875 0.0911178588867187
-0.086669921875 -0.174331665039063 0.0254364013671875 -0.263320922851563
-0.236587524414062 -0.0799102783203125 -0.207427978515625 -0.32708740234375
-0.200363159179688 0.142440795898438 -0.308837890625 -0.07391357421875
-0.0213775634765625 0.22637939453125 -0.157989501953125 0.103744506835938
0.170700073242187 0.148712158203125 0.0317153930664063 0.103530883789063
0.210479736328125 0.00616455078125 0.127716064453125 -0.00064849853515625
0.1865234375 -0.01776123046875 0.120513916015625 -0.0920181274414063
0.213226318359375 -0.0301055908203125 0.136550903320313 -0.132408142089844
0.227920532226563 0.02935791015625 0.205245971679688 -0.116180419921875
0.16986083984375 0.152175903320312 0.204345703125 -0.061065673828125
0.0430755615234375 0.215728759765625 0.21142578125 0.0293426513671875
-0.150421142578125 0.153274536132813 0.226287841796875 0.101272583007813
-0.209991455078125 0.035919189453125 0.226852416992188 0.136215209960938
-0.1585693359375 -0.0876312255859375 0.286865234375 0.089752197265625
-0.0508575439453125 -0.242355346679688 -0.112579345703125 0.0414352416992187
-0.153564453125 -0.202438354492188 -0.0286865234375 -0.252410888671875
-0.298553466796875 -0.047393798828125 -0.1971435546875 -0.281402587890625
-0.21136474609375 0.206329345703125 -0.262863159179688 -0.0877685546874999
0.0128326416015625 0.270050048828125 -0.161575317382813 0.0469970703125
0.226119995117188 0.155670166015625 -0.0289230346679687 0.0676765441894531
0.251693725585938 -0.005889892578125 0.0468482971191406 0.0128936767578125
0.226486206054688 -0.0230712890625 0.0482940673828125 -0.0507659912109375
0.264938354492188 -0.0306396484375 0.0640335083007813 -0.0923995971679688
0.27728271484375 0.057037353515625 0.134330749511719 -0.110649108886719
0.187576293945312 0.211380004882813 0.151504516601563 -0.0927276611328125
0.014007568359375 0.270767211914063 0.208648681640625 -0.0107574462890625
-0.223419189453125 0.15252685546875 0.256973266601563 0.1077880859375
-0.26116943359375 -0.0080718994140625 0.201644897460937 0.175567626953125
-0.173828125 -0.14361572265625 0.225051879882813 0.0600433349609375
-0.0785064697265625 -0.256210327148437 -0.169815063476563 -0.00996398925781249
-0.209304809570313 -0.1868896484375 -0.0920867919921875 -0.226531982421875
-0.314544677734375 0.010498046875 -0.18212890625 -0.233856201171875
-0.17938232421875 0.2469482421875 -0.227874755859375 -0.10943603515625
0.05572509765625 0.271316528320313 -0.182846069335938 -0.00415039062500001
0.253326416015625 0.132080078125 -0.102088928222656 0.0487594604492188
0.255966186523437 -0.0211639404296875 -0.0408973693847656 0.0398178100585937
0.231536865234375 -0.0246429443359375 -0.0305938720703125 -0.0026397705078125
0.277938842773438 -0.0220184326171875 -0.0187263488769531 -0.0541572570800781
0.276138305664063 0.085968017578125 0.0531997680664063 -0.112869262695313
0.158493041992188 0.2431640625 0.1046142578125 -0.134971618652344
-0.03887939453125 0.270614624023438 0.220138549804688 -0.0472564697265625
-0.257980346679688 0.097625732421875 0.2841796875 0.1370849609375
-0.252609252929688 -0.065948486328125 0.1549072265625 0.219497680664062
-0.145614624023438 -0.179916381835938 0.157546997070312 0.0140380859375
-0.08563232421875 -0.232818603515625 -0.236648559570312 -0.0527801513671875
-0.221450805664063 -0.140350341796875 -0.15130615234375 -0.188705444335938
-0.273712158203125 0.0550537109374999 -0.164871215820313 -0.19366455078125
-0.12371826171875 0.23846435546875 -0.212997436523438 -0.133544921875
0.0823822021484375 0.228317260742187 -0.217666625976563 -0.0345306396484375
0.238510131835938 0.0916595458984375 -0.17425537109375 0.0527191162109375
0.2227783203125 -0.0305938720703125 -0.119636535644531 0.0799713134765625
0.202377319335938 -0.02447509765625 -0.104225158691406 0.0454177856445313
0.244308471679687 -0.0100860595703125 -0.098968505859375 -0.0280685424804688
0.22515869140625 0.0981903076171875 -0.0207901000976562 -0.12835693359375
0.0980072021484375 0.22479248046875 0.0831451416015625 -0.18206787109375
-0.0805206298828125 0.207870483398438 0.250534057617188 -0.067169189453125
-0.229705810546875 0.0167694091796875 0.299224853515625 0.191314697265625
-0.185638427734375 -0.105804443359375 0.0959930419921875 0.254867553710937
-0.0885467529296875 -0.181396484375 0.104347229003906 -0.0429611206054688
-0.0584259033203125 -0.18280029296875 -0.295684814453125 -0.08203125
-0.179885864257813 -0.092681884765625 -0.195098876953125 -0.150161743164063
-0.193206787109375 0.0599365234375 -0.152389526367187 -0.161163330078125
-0.0736541748046875 0.17877197265625 -0.213790893554688 -0.143524169921875
0.07354736328125 0.157760620117188 -0.251327514648438 -0.0430755615234375
0.179550170898438 0.0527496337890625 -0.230072021484375 0.072998046875
0.157333374023437 -0.0281219482421875 -0.177886962890625 0.124847412109375
0.142669677734375 -0.0220489501953125 -0.160232543945313 0.0863494873046875
0.17218017578125 -0.0019378662109375 -0.161422729492188 -0.016845703125
0.1455078125 0.0782928466796875 -0.070587158203125 -0.152603149414063
0.04254150390625 0.155532836914063 0.093048095703125 -0.214035034179688
-0.0767822265625 0.113433837890625 0.28973388671875 -0.05706787109375
-0.140762329101563 -0.0381011962890625 0.289794921875 0.25836181640625
-0.0909957885742187 -0.0985260009765625 0.0358428955078125 0.273284912109375
-0.02606201171875 -0.143524169921875 0.0756607055664063 -0.0981369018554688
-0.00109100341796876 -0.117660522460938 -0.33538818359375 -0.0952758789062499
-0.0988006591796875 -0.06231689453125 -0.2220458984375 -0.11846923828125
-0.101486206054688 0.0188369750976562 -0.14715576171875 -0.133987426757813
-0.048065185546875 0.083648681640625 -0.222412109375 -0.136398315429687
0.02935791015625 0.0767974853515625 -0.267929077148438 -0.0305938720703125
0.0855636596679688 0.0248031616210938 -0.259750366210938 0.0999908447265625
0.0698966979980469 -0.014373779296875 -0.209304809570313 0.161819458007812
0.0619697570800781 -0.0169029235839844 -0.191925048828125 0.114303588867188
0.075927734375 -0.0039215087890625 -0.195205688476563 -0.013092041015625
0.0582313537597656 0.0274124145507812 -0.09307861328125 -0.168716430664063
0.0172309875488281 0.0566673278808594 0.1170654296875 -0.217864990234375
-0.0224628448486328 0.0285167694091797 0.31561279296875 -0.02154541015625
-0.0324954986572266 -0.0329532623291016 0.254730224609375 0.317169189453125
-0.0154800415039063 -0.0375823974609375 -0.0110626220703125 0.277633666992188
0.0164642333984375 -0.0719833374023438 0.072906494140625 -0.134025573730469
0.0082550048828125 -0.0397834777832031 -0.00938415527343751 0.136589050292969
-0.0181541442871094 -0.0379104614257813 0.059783935546875 -0.288970947265625
-0.0869064331054688 -0.019378662109375 -0.26715087890625 -0.354156494140625
-0.0680503845214844 0.0518302917480469 -0.388916015625 -0.016510009765625
-0.00827026367187501 0.073974609375 -0.149032592773437 0.20050048828125
0.0333061218261719 0.0429801940917969 0.110305786132813 0.15087890625
0.0449905395507813 0.00412368774414063 0.218414306640625 -0.0255584716796875
0.0326385498046875 -0.00200843811035156 0.188247680664063 -0.150253295898438
0.028778076171875 -0.00416183471679688 0.206924438476563 -0.196258544921875
0.0360031127929688 -0.00442886352539063 0.278366088867188 -0.137466430664063
0.0341434478759766 0.00307846069335938 0.290283203125 -0.030914306640625
0.0342674255371094 0.0204582214355469 0.244384765625 0.0944061279296875
0.0303230285644531 0.0433616638183594 0.186767578125 0.142333984375
-1.14440917968785E-05 0.0698699951171875 0.223831176757813 0.104171752929688
-0.0335769653320312 0.0473556518554688 0.33416748046875 0.070159912109375
-0.00911712646484376 -0.115928649902344 -0.0269393920898438 0.126686096191406
-0.049560546875 -0.106498718261719 0.056060791015625 -0.284759521484375
-0.16754150390625 -0.0560760498046875 -0.24090576171875 -0.35992431640625
-0.139350891113281 0.100288391113281 -0.362548828125 -0.048553466796875
-0.01141357421875 0.158767700195313 -0.155166625976563 0.1595458984375
0.1136474609375 0.0963592529296875 0.0812454223632813 0.130409240722656
0.137626647949219 -0.00341796875 0.186141967773438 -0.0225067138671875
0.116668701171875 -0.0225601196289063 0.160446166992188 -0.141159057617188
0.126640319824219 -0.0324554443359375 0.179306030273438 -0.185928344726563
0.141632080078125 -0.004791259765625 0.254379272460938 -0.1475830078125
0.120285034179688 0.0687484741210938 0.259597778320313 -0.057159423828125
0.0585403442382813 0.123374938964844 0.240493774414063 0.0621490478515625
-0.0545196533203125 0.1163330078125 0.206863403320313 0.119186401367188
-0.111045837402344 0.0700149536132813 0.231735229492188 0.109146118164063
-0.109626770019531 -0.0105133056640625 0.32568359375 0.070831298828125
-0.0353546142578125 -0.183975219726562 -0.0522994995117187 0.097320556640625
-0.0991058349609375 -0.163009643554688 0.0255126953125 -0.27899169921875
-0.244796752929688 -0.058380126953125 -0.225311279296875 -0.3330078125
-0.184890747070313 0.162307739257813 -0.320343017578125 -0.06622314453125
0.00311279296875 0.229751586914062 -0.157608032226563 0.1064453125
0.188522338867188 0.128982543945313 0.0337448120117188 0.0980911254882813
0.21002197265625 -0.017059326171875 0.124748229980469 -0.0142974853515625
0.181228637695312 -0.0382080078125 0.110206604003906 -0.106056213378906
0.207748413085938 -0.05450439453125 0.128326416015625 -0.14971923828125
0.230377197265625 0.004852294921875 0.203445434570313 -0.141098022460938
0.186676025390625 0.13482666015625 0.21527099609375 -0.075439453125
0.065826416015625 0.214462280273438 0.229690551757813 0.0253753662109375
-0.136398315429687 0.168533325195313 0.232833862304687 0.105239868164063
-0.2039794921875 0.0565032958984375 0.225616455078125 0.132461547851563
-0.164337158203125 -0.070068359375 0.28326416015625 0.06036376953125
-0.07012939453125 -0.231979370117188 -0.094635009765625 0.0538253784179687
-0.16864013671875 -0.184661865234375 -0.02764892578125 -0.260269165039063
-0.30419921875 -0.0192871093749999 -0.21240234375 -0.28741455078125
-0.190887451171875 0.22821044921875 -0.274856567382813 -0.0848999023437499
0.0431671142578125 0.271041870117187 -0.167022705078125 0.0509796142578125
0.244613647460938 0.129409790039063 -0.0305709838867187 0.0690231323242188
0.250839233398438 -0.0342864990234375 0.0447196960449219 0.00768280029296875
0.223297119140625 -0.048553466796875 0.0437545776367188 -0.0578804016113281
0.260971069335938 -0.0626220703125 0.0610809326171875 -0.101837158203125
0.283294677734375 0.02581787109375 0.13348388671875 -0.127365112304688
0.212890625 0.193603515625 0.155670166015625 -0.102783203125
0.0430145263671875 0.271759033203125 0.222122192382813 -0.0150909423828125
-0.208694458007812 0.17425537109375 0.26446533203125 0.1083984375
-0.2579345703125 0.0175933837890625 0.20428466796875 0.174392700195313
-0.182968139648438 -0.124099731445312 0.219161987304688 0.03912353515625
-0.100555419921875 -0.243682861328125 -0.155166625976562 0.010833740234375
-0.223739624023437 -0.16448974609375 -0.0879669189453125 -0.227188110351563
-0.314697265625 0.0397033691406251 -0.192001342773438 -0.241058349609375
-0.154891967773438 0.268234252929688 -0.243148803710938 -0.110549926757812
0.087066650390625 0.268020629882813 -0.193634033203125 0.00245666503906254
0.270355224609375 0.102691650390625 -0.104705810546875 0.0581588745117187
0.254257202148438 -0.05078125 -0.0386962890625 0.0458793640136719
0.228851318359375 -0.0512237548828125 -0.0276966094970703 -0.000377655029296883
0.27471923828125 -0.053985595703125 -0.0159988403320312 -0.0550689697265625
0.285888671875 0.053253173828125 0.0525588989257813 -0.1201171875
0.186767578125 0.227401733398438 0.104545593261719 -0.139122009277344
-0.00944519042968752 0.277206420898438 0.228759765625 -0.0514678955078125
-0.249603271484375 0.12310791015625 0.29473876953125 0.134552001953125
-0.254714965820313 -0.040618896484375 0.163543701171875 0.223785400390625
-0.157943725585937 -0.162506103515625 0.1483154296875 0.00158691406249999
-0.106292724609375 -0.223968505859375 -0.22564697265625 -0.023773193359375
-0.23406982421875 -0.118133544921875 -0.14495849609375 -0.18280029296875
-0.2711181640625 0.083404541015625 -0.172332763671875 -0.202926635742188
-0.0991058349609375 0.25531005859375 -0.232437133789063 -0.13397216796875
0.11004638671875 0.222366333007813 -0.232254028320313 -0.0239257812499999
0.253219604492188 0.0657501220703125 -0.177337646484375 0.0699615478515625
0.220809936523438 -0.056549072265625 -0.113426208496094 0.0943603515625
0.200912475585938 -0.0472869873046875 -0.096649169921875 0.0572357177734375
0.244491577148438 -0.03790283203125 -0.0939254760742187 -0.0192947387695313
0.237396240234375 0.0718231201171875 -0.0220565795898437 -0.126792907714844
0.123870849609375 0.214752197265625 0.0788726806640625 -0.1820068359375
-0.05975341796875 0.2177734375 0.2552490234375 -0.0732879638671875
-0.226974487304688 0.0397491455078125 0.31512451171875 0.188262939453125
-0.191070556640625 -0.0864105224609375 0.107559204101562 0.264556884765625
-0.102157592773438 -0.169647216796875 0.0885772705078125 -0.04876708984375
-0.0756072998046875 -0.177642822265625 -0.28948974609375 -0.0493469238281251
-0.189926147460938 -0.0744781494140625 -0.187469482421875 -0.141021728515625
-0.190719604492188 0.0809326171875 -0.158721923828125 -0.173065185546875
-0.055389404296875 0.191024780273438 -0.235092163085938 -0.1446533203125
0.09356689453125 0.154281616210938 -0.268890380859375 -0.026763916015625
0.189559936523437 0.0325775146484375 -0.231613159179688 0.0985107421875
0.156173706054688 -0.04827880859375 -0.16754150390625 0.146759033203125
0.142196655273437 -0.037750244140625 -0.147979736328125 0.105484008789063
0.174606323242188 -0.0225982666015625 -0.154190063476563 -0.000320434570312487
0.15576171875 0.0630035400390625 -0.07574462890625 -0.14447021484375
0.061279296875 0.150848388671875 0.0845184326171875 -0.213531494140625
-0.0655364990234375 0.122238159179688 0.294891357421875 -0.06634521484375
-0.144546508789063 -0.0240325927734375 0.311492919921875 0.255828857421875
-0.0954818725585938 -0.08758544921875 0.047882080078125 0.290191650390625
-0.0354156494140625 -0.138969421386719 0.0553207397460937 -0.09814453125
-0.013885498046875 -0.119865417480469 -0.33111572265625 -0.0602722167968749
-0.104995727539062 -0.0535202026367188 -0.21295166015625 -0.110549926757812
-0.101608276367188 0.0294876098632813 -0.1536865234375 -0.146438598632813
-0.0401153564453125 0.0931472778320313 -0.246826171875 -0.135025024414063
0.0399093627929687 0.076019287109375 -0.2872314453125 -0.0118408203125
0.0919876098632813 0.013946533203125 -0.258224487304688 0.129287719726562
0.0720367431640625 -0.0240020751953125 -0.1943359375 0.186233520507813
0.062347412109375 -0.0239143371582031 -0.178131103515625 0.134841918945313
0.0772628784179688 -0.0138168334960938 -0.188262939453125 0.00830078124999996
0.0611801147460938 0.0216178894042969 -0.100433349609375 -0.155517578125
0.0248451232910156 0.0529632568359375 0.106964111328125 -0.217086791992188
-0.0180988311767578 0.0308036804199219 0.322662353515625 -0.0301513671875
-0.0352134704589844 -0.0315437316894531 0.278350830078125 0.3189697265625
-0.0145397186279297 -0.0351409912109375 -0.000366210937500026 0.29998779296875
0.00971221923828124 -0.073577880859375 0.0474090576171875 -0.132431030273438
0.0049591064453125 -0.0404891967773438 0.0116119384765625 0.130348205566406
-0.0194950103759766 -0.0327587127685547 0.05596923828125 -0.310882568359375
-0.0889816284179688 -0.0150222778320313 -0.28759765625 -0.361083984375
-0.0649986267089844 0.0564804077148438 -0.39434814453125 -0.00775146484375001
-0.003997802734375 0.0747528076171875 -0.143783569335938 0.200485229492187
0.0358390808105469 0.041748046875 0.10870361328125 0.139488220214844
0.0439338684082031 0.00230026245117188 0.206390380859375 -0.0440216064453125
0.0299339294433594 -0.00364112854003906 0.1708984375 -0.166183471679688
0.0261287689208984 -0.00591659545898438 0.190643310546875 -0.21405029296875
0.0318489074707031 -0.00708961486816406 0.2742919921875 -0.161911010742187
0.0332813262939453 0.000921249389648438 0.2994384765625 -0.050506591796875
0.0357513427734375 0.0192985534667969 0.263229370117188 0.0894622802734375
0.0336074829101563 0.037994384765625 0.190887451171875 0.154327392578125
0.00655746459960938 0.0692977905273438 0.214324951171875 0.10638427734375
-0.0300941467285156 0.0505027770996094 0.325592041015625 0.0452880859375
-0.0157470703125 -0.111915588378906 -0.004913330078125 0.121391296386719
-0.0505752563476563 -0.0988235473632813 0.054443359375 -0.30560302734375
-0.170196533203125 -0.0420074462890625 -0.26165771484375 -0.36712646484375
-0.131202697753906 0.112495422363281 -0.36846923828125 -0.04193115234375
0.0018463134765625 0.1602783203125 -0.15399169921875 0.1605224609375
0.121246337890625 0.0849227905273437 0.0790328979492188 0.120849609375
0.135673522949219 -0.0145187377929688 0.177093505859375 -0.0393218994140625
0.110916137695313 -0.0312576293945313 0.146697998046875 -0.153640747070313
0.120895385742188 -0.04376220703125 0.165023803710938 -0.204315185546875
0.139595031738281 -0.0159759521484375 0.248672485351563 -0.171768188476563
0.125625610351563 0.05987548828125 0.269668579101563 -0.0733795166015625
0.0669631958007812 0.119842529296875 0.257339477539063 0.0578765869140625
-0.04754638671875 0.118278503417969 0.211761474609375 0.128158569335938
-0.103797912597656 0.0759201049804688 0.2255859375 0.112258911132813
-0.105697631835938 -0.00226593017578125 0.315155029296875 0.045867919921875
-0.0443572998046875 -0.176437377929688 -0.0311355590820313 0.0953292846679687
-0.102935791015625 -0.149246215820313 0.025787353515625 -0.293670654296875
-0.246780395507813 -0.03936767578125 -0.2413330078125 -0.340728759765625
-0.1700439453125 0.175628662109375 -0.32745361328125 -0.063873291015625
0.0238037109375 0.2286376953125 -0.158309936523438 0.107208251953125
0.19854736328125 0.109649658203125 0.031982421875 0.092132568359375
0.206863403320312 -0.0350341796875 0.117530822753906 -0.0245208740234375
0.175613403320313 -0.05474853515625 0.100013732910156 -0.116798400878906
0.201385498046875 -0.073638916015625 0.120559692382813 -0.163497924804688
0.228546142578125 -0.0165252685546875 0.200302124023438 -0.161911010742187
0.197555541992187 0.118392944335938 0.221328735351563 -0.090545654296875
0.0836181640625 0.208541870117188 0.245529174804688 0.02276611328125
-0.124588012695312 0.176528930664063 0.238967895507813 0.1114501953125
-0.1956787109375 0.0701751708984375 0.223159790039062 0.1343994140625
-0.164871215820313 -0.0559539794921875 0.275726318359375 0.0396881103515625
-0.0839385986328125 -0.219009399414063 -0.0749130249023438 0.0599746704101562
-0.175430297851562 -0.166915893554688 -0.02313232421875 -0.269683837890625
-0.302978515625 0.00332641601562506 -0.2230224609375 -0.296478271484375
-0.169784545898438 0.24212646484375 -0.2845458984375 -0.085479736328125
0.0659637451171875 0.265304565429688 -0.172164916992188 0.053436279296875
0.256698608398438 0.104446411132813 -0.0328369140625 0.0697250366210937
0.245864868164062 -0.0566864013671875 0.0409469604492188 0.0042572021484375
0.216033935546875 -0.06781005859375 0.039093017578125 -0.0625839233398438
0.253829956054687 -0.086395263671875 0.0586776733398438 -0.109512329101563
0.28363037109375 -0.0010986328125 0.1317138671875 -0.14154052734375
0.228912353515625 0.1737060546875 0.162109375 -0.110733032226562
0.0657196044921875 0.268447875976562 0.235260009765625 -0.01629638671875
-0.194747924804688 0.1895751953125 0.271774291992188 0.110977172851563
-0.252517700195313 0.0366363525390625 0.205230712890625 0.176971435546875
-0.186737060546875 -0.10791015625 0.210906982421875 0.023162841796875
-0.114501953125 -0.230819702148437 -0.137855529785156 0.0236282348632813
-0.231048583984375 -0.14495849609375 -0.080841064453125 -0.230331420898438
-0.312286376953125 0.064605712890625 -0.199249267578125 -0.251953125
-0.130279541015625 0.279937744140625 -0.255340576171875 -0.112457275390625
0.111495971679688 0.259750366210938 -0.20367431640625 0.00785827636718748
0.280715942382813 0.0756988525390625 -0.106857299804688 0.0663223266601563
0.248611450195313 -0.07421875 -0.0377960205078125 0.0492172241210938
0.22271728515625 -0.072235107421875 -0.0273342132568359 0.00092315673828124
0.269149780273438 -0.08062744140625 -0.0143089294433594 -0.0550880432128906
0.28863525390625 0.026519775390625 0.0524063110351563 -0.1265869140625
0.206695556640625 0.209976196289062 0.107223510742188 -0.141952514648438
0.0130157470703125 0.27703857421875 0.236923217773437 -0.053863525390625
-0.237701416015625 0.141250610351562 0.304229736328125 0.13525390625
-0.251327514648438 -0.021331787109375 0.168411254882813 0.227493286132813
-0.1650390625 -0.147003173828125 0.137458801269531 -0.00646972656250001
-0.119979858398438 -0.211105346679688 -0.210372924804688 -0.00402832031250004
-0.2401123046875 -0.0984649658203125 -0.133743286132813 -0.1826171875
-0.265762329101563 0.10418701171875 -0.179183959960938 -0.215835571289062
-0.0764617919921875 0.265106201171875 -0.248260498046875 -0.137039184570313
0.130828857421875 0.213668823242187 -0.244491577148438 -0.0142669677734375
0.260467529296875 0.0390625 -0.176742553710937 0.0843963623046875
0.215713500976562 -0.0780029296875 -0.10693359375 0.1053466796875
0.195205688476563 -0.0665130615234375 -0.0883941650390625 0.062957763671875
0.240570068359375 -0.061614990234375 -0.0872039794921875 -0.0130691528320312
0.243133544921875 0.048553466796875 -0.0224380493164062 -0.125930786132813
0.143310546875 0.202545166015625 0.07666015625 -0.181106567382813
-0.04058837890625 0.222366333007813 0.261032104492187 -0.0771942138671875
-0.221328735351562 0.056640625 0.3271484375 0.1865234375
-0.190048217773438 -0.0706024169921875 0.116073608398437 0.274551391601563
-0.109848022460938 -0.157669067382813 0.0745468139648438 -0.0487289428710938
-0.088104248046875 -0.171035766601562 -0.275177001953125 -0.0216522216796875
-0.193466186523438 -0.0586090087890625 -0.173385620117187 -0.139739990234375
-0.185867309570313 0.096466064453125 -0.166229248046875 -0.186416625976563
-0.0367279052734375 0.197906494140625 -0.254608154296875 -0.14581298828125
0.109970092773438 0.146316528320313 -0.280532836914063 -0.012359619140625
0.195144653320313 0.0133819580078125 -0.22808837890625 0.118423461914063
0.1524658203125 -0.0634002685546875 -0.155380249023437 0.162338256835938
0.139396667480469 -0.05194091796875 -0.135841369628906 0.115882873535156
0.174057006835938 -0.03900146484375 -0.146469116210938 0.0120391845703125
0.160797119140625 0.0464935302734375 -0.0749969482421875 -0.137115478515625
0.075286865234375 0.144546508789063 0.0796051025390625 -0.2127685546875
-0.0545425415039063 0.126777648925781 0.298797607421875 -0.070281982421875
-0.14263916015625 -0.01318359375 0.325836181640625 0.256439208984375
-0.0959930419921875 -0.0788192749023437 0.05706787109375 0.30462646484375
-0.0431365966796875 -0.132354736328125 0.0366973876953125 -0.0937042236328125
-0.02288818359375 -0.1185302734375 -0.3187255859375 -0.031036376953125
-0.109458923339844 -0.0425262451171875 -0.200286865234375 -0.107925415039063
-0.101760864257812 0.0406723022460938 -0.161346435546875 -0.1624755859375
-0.0306320190429687 0.0981521606445313 -0.266754150390625 -0.13385009765625
0.0497207641601563 0.0741806030273438 -0.297637939453125 0.00625610351562506
0.0982513427734375 0.00421905517578125 -0.2530517578125 0.150558471679688
0.0699234008789063 -0.0315589904785156 -0.17999267578125 0.2064208984375
0.0610122680664063 -0.0299415588378906 -0.162185668945313 0.150634765625
0.078277587890625 -0.0192489624023437 -0.180679321289063 0.0225677490234375
0.0652313232421875 0.0156936645507813 -0.0996246337890625 -0.143951416015625
0.0296630859375 0.0527458190917969 0.10418701171875 -0.216278076171875
-0.0168571472167969 0.0331344604492188 0.32781982421875 -0.036590576171875
-0.0366973876953125 -0.0254669189453125 0.2974853515625 0.32391357421875
-0.0136089324951172 -0.032501220703125 0.00750732421874998 0.319091796875
0.00555419921874999 -0.07269287109375 0.0264434814453125 -0.125930786132813
0.00292205810546875 -0.0401992797851563 0.0274658203125 0.120658874511719
-0.0181140899658203 -0.0289535522460938 0.053985595703125 -0.33489990234375
-0.09088134765625 -0.00724029541015626 -0.30987548828125 -0.3726806640625
-0.062103271484375 0.0610084533691406 -0.404571533203125 -0.00347900390624992
0.00160217285156251 0.0750656127929687 -0.143798828125 0.201263427734375
0.0380325317382813 0.0382766723632813 0.108139038085938 0.132789611816406
0.0428085327148438 0.000934600830078125 0.197357177734375 -0.057891845703125
0.0281391143798828 -0.00370407104492188 0.157318115234375 -0.179367065429687
0.0243930816650391 -0.00603675842285156 0.17889404296875 -0.2340087890625
0.0298118591308594 -0.00747299194335938 0.271896362304687 -0.185989379882813
0.0307674407958984 -0.001953125 0.31024169921875 -0.068206787109375
0.0359649658203125 0.0149765014648438 0.28326416015625 0.08642578125
0.0359420776367188 0.0344085693359375 0.198348999023438 0.166961669921875
0.0120086669921875 0.0683746337890625 0.208953857421875 0.1148681640625
-0.0253639221191406 0.0547409057617187 0.316741943359375 0.027130126953125
-0.0198593139648437 -0.10833740234375 0.0129241943359375 0.115264892578125
-0.0513687133789062 -0.0922088623046875 0.054901123046875 -0.3267822265625
-0.173004150390625 -0.0308837890625 -0.2796630859375 -0.379302978515625
-0.124595642089844 0.119789123535156 -0.379547119140625 -0.040008544921875
0.0128326416015625 0.160110473632812 -0.156097412109375 0.16082763671875
0.126945495605469 0.0764999389648438 0.0766067504882813 0.115219116210938
0.13311767578125 -0.0244369506835938 0.167587280273438 -0.051605224609375
0.107048034667969 -0.0385589599609375 0.133697509765625 -0.164810180664063
0.116554260253906 -0.0525054931640625 0.154983520507813 -0.219940185546875
0.135978698730469 -0.0262985229492188 0.245681762695313 -0.193618774414063
0.129554748535156 0.0502471923828125 0.2796630859375 -0.0891571044921875
0.0759506225585938 0.115638732910156 0.276229858398438 0.0549774169921875
-0.0401611328125 0.119903564453125 0.220138549804687 0.140548706054688
-0.098480224609375 0.0825881958007812 0.221099853515625 0.1182861328125
-0.104713439941406 0.00578308105468751 0.307861328125 0.0283203125
-0.051116943359375 -0.168991088867187 -0.0142059326171875 0.0930099487304687
-0.105491638183594 -0.139503479003906 0.029052734375 -0.31231689453125
-0.248703002929688 -0.02459716796875 -0.25750732421875 -0.355010986328125
-0.159912109375 0.1864013671875 -0.338592529296875 -0.065521240234375
0.040252685546875 0.227096557617188 -0.16339111328125 0.108688354492188
0.20599365234375 0.093597412109375 0.0290908813476563 0.0899581909179688
0.203048706054688 -0.0509185791015625 0.111373901367188 -0.0336990356445313
0.170852661132813 -0.067291259765625 0.09063720703125 -0.125808715820313
0.194625854492188 -0.08880615234375 0.112960815429687 -0.1776123046875
0.226150512695313 -0.034759521484375 0.197494506835938 -0.181427001953125
0.208908081054688 0.10394287109375 0.229827880859375 -0.103134155273438
0.0989227294921875 0.204025268554688 0.263336181640625 0.01904296875
-0.113998413085938 0.185089111328125 0.247528076171875 0.121124267578125
-0.191085815429688 0.082550048828125 0.22210693359375 0.1424560546875
-0.166030883789063 -0.0452880859375 0.267913818359375 0.02490234375
-0.091033935546875 -0.209625244140625 -0.0583000183105469 0.0625267028808593
-0.179290771484375 -0.154159545898438 -0.018524169921875 -0.283599853515625
-0.30377197265625 0.0225219726562499 -0.23529052734375 -0.310943603515625
-0.1536865234375 0.253646850585937 -0.2977294921875 -0.088897705078125
0.0864105224609375 0.26177978515625 -0.180694580078125 0.054595947265625
0.264907836914063 0.082855224609375 -0.036163330078125 0.071685791015625
0.242080688476563 -0.07659912109375 0.0386734008789063 0.00143814086914062
0.210617065429688 -0.0847930908203125 0.035064697265625 -0.0672149658203125
0.247528076171875 -0.106292724609375 0.0557708740234375 -0.118301391601563
0.282958984375 -0.02392578125 0.130126953125 -0.156097412109375
0.243698120117188 0.156997680664063 0.168487548828125 -0.118240356445312
0.084381103515625 0.265304565429688 0.250259399414063 -0.018951416015625
-0.184280395507813 0.202407836914063 0.28076171875 0.11859130859375
-0.247955322265625 0.0522003173828125 0.207717895507812 0.18499755859375
-0.18963623046875 -0.0959320068359375 0.202346801757812 0.014068603515625
-0.123443603515625 -0.22064208984375 -0.121490478515625 0.0329208374023437
-0.23577880859375 -0.12896728515625 -0.0722198486328125 -0.239913940429688
-0.31072998046875 0.08331298828125 -0.208648681640625 -0.267425537109375
-0.111236572265625 0.29144287109375 -0.270538330078125 -0.117294311523438
0.132049560546875 0.253463745117188 -0.214797973632813 0.012847900390625
0.2891845703125 0.051025390625 -0.109588623046875 0.0731277465820312
0.2435302734375 -0.09490966796875 -0.0371551513671875 0.0528984069824219
0.217178344726563 -0.0900726318359375 -0.0260047912597656 0.000780105590820307
0.263961791992188 -0.102951049804688 -0.011474609375 -0.0582695007324219
0.290802001953125 0.0040283203125 0.052581787109375 -0.134727478027344
0.224319458007812 0.19476318359375 0.112030029296875 -0.145004272460938
0.0321502685546875 0.277801513671875 0.250289916992188 -0.056854248046875
-0.229995727539063 0.156173706054688 0.3160400390625 0.139923095703125
-0.249298095703125 -0.00582885742187496 0.174102783203125 0.238189697265625
-0.170242309570313 -0.135116577148437 0.127944946289062 -0.010101318359375
-0.129425048828125 -0.202926635742187 -0.195907592773438 0.011016845703125
-0.244308471679688 -0.0826263427734375 -0.123214721679688 -0.1888427734375
-0.26287841796875 0.12158203125 -0.187088012695313 -0.232101440429687
-0.057098388671875 0.27423095703125 -0.266647338867188 -0.141845703125
0.150405883789063 0.206451416015625 -0.258697509765625 -0.00607299804687496
0.266220092773438 0.015472412109375 -0.177947998046875 0.0970458984375
0.211013793945312 -0.09716796875 -0.101974487304687 0.114784240722656
0.192535400390625 -0.0831298828125 -0.0820465087890625 0.0680007934570313
0.237747192382813 -0.0827178955078125 -0.080780029296875 -0.0100173950195312
0.246994018554688 0.0293731689453125 -0.0215988159179687 -0.127662658691406
0.1602783203125 0.192245483398438 0.079193115234375 -0.181198120117187
-0.025360107421875 0.226425170898438 0.271896362304688 -0.0796966552734375
-0.217880249023438 0.070220947265625 0.341705322265625 0.190887451171875
-0.19000244140625 -0.0594024658203125 0.12353515625 0.288330078125
-0.115234375 -0.148361206054688 0.0630607604980469 -0.04595947265625
-0.0975341796875 -0.1661376953125 -0.261871337890625 -0.00245666503906253
-0.196792602539063 -0.0456695556640625 -0.163314819335937 -0.143630981445313
-0.18304443359375 0.109619140625 -0.174575805664062 -0.203765869140625
-0.0225067138671875 0.204147338867188 -0.275772094726563 -0.148788452148438
0.125274658203125 0.1407470703125 -0.29547119140625 -6.10351562499314E-05
0.200592041015625 -0.0056304931640625 -0.227783203125 0.135238647460937
0.1490478515625 -0.07733154296875 -0.14654541015625 0.17620849609375
0.136871337890625 -0.063934326171875 -0.125625610351563 0.124557495117187
0.17230224609375 -0.0545196533203125 -0.138847351074219 0.0195999145507812
0.1666259765625 0.033538818359375 -0.07489013671875 -0.133316040039062
0.0868377685546875 0.138725280761719 0.08026123046875 -0.211166381835938
-0.0465850830078125 0.129829406738281 0.308624267578125 -0.07440185546875
-0.142364501953125 -0.00465393066406253 0.342742919921875 0.26141357421875
-0.0961151123046875 -0.0728378295898438 0.065155029296875 0.32318115234375
-0.0492324829101563 -0.126968383789063 0.0222396850585938 -0.086029052734375
-0.0302658081054687 -0.119804382324219 -0.30780029296875 -0.0086669921875
-0.110862731933594 -0.033721923828125 -0.189682006835937 -0.111175537109375
-0.101181030273437 0.0477447509765625 -0.172134399414063 -0.17889404296875
-0.0222396850585937 0.103385925292969 -0.2900390625 -0.135345458984375
0.0592193603515625 0.0731124877929688 -0.313140869140625 0.0206298828125001
0.101905822753906 -0.00539398193359375 -0.252487182617188 0.17266845703125
0.0684394836425781 -0.03826904296875 -0.16790771484375 0.2235107421875
0.0609207153320313 -0.0367774963378906 -0.148696899414063 0.16351318359375
0.0786666870117188 -0.027557373046875 -0.171112060546875 0.0357666015625
0.0689544677734375 0.00955963134765625 -0.100128173828125 -0.137092590332031
0.0347404479980469 0.0496788024902344 0.102630615234375 -0.215911865234375
-0.0144100189208984 0.0328998565673828 0.337738037109375 -0.040618896484375
-0.0361900329589844 -0.0245475769042969 0.315948486328125 0.332305908203125
-0.01220703125 -0.03131103515625 0.0135498046875 0.34027099609375
0.0013275146484375 -0.07208251953125 0.0101547241210938 -0.116020202636719
-0.000308990478515628 -0.0404090881347656 0.0443801879882813 0.11248779296875
-0.0158481597900391 -0.026214599609375 0.048187255859375 -0.365142822265625
-0.09344482421875 -2.28881835937303E-05 -0.340911865234375 -0.38671875
-0.0603256225585937 0.0652694702148438 -0.4219970703125 0.00292968749999995
0.00711822509765626 0.0755233764648438 -0.145828247070313 0.206497192382812
0.0410423278808594 0.0363883972167969 0.107452392578125 0.127883911132813
0.0424079895019531 -0.0011138916015625 0.189376831054688 -0.071319580078125
0.0265407562255859 -0.00371742248535156 0.143753051757813 -0.193527221679688
0.0224380493164062 -0.00603675842285156 0.166275024414063 -0.255416870117188
0.0280933380126953 -0.00855255126953125 0.270858764648438 -0.212722778320312
0.0293426513671875 -0.00440406799316406 0.32611083984375 -0.089569091796875
0.0358734130859375 0.0123710632324219 0.308135986328125 0.0804443359375
0.0377693176269531 0.0295066833496094 0.213790893554688 0.183242797851563
0.0176239013671875 0.0687828063964844 0.210006713867188 0.1246337890625
-0.0214805603027344 0.0589141845703125 0.312347412109375 0.01055908203125
-0.0243453979492187 -0.105621337890625 0.0301895141601562 0.108863830566406
-0.0510711669921875 -0.0878677368164062 0.05206298828125 -0.356109619140625
-0.17767333984375 -0.0204315185546875 -0.309356689453125 -0.396514892578125
-0.119644165039063 0.129379272460938 -0.3985595703125 -0.037353515625
0.0239105224609375 0.160797119140625 -0.160919189453125 0.165008544921875
0.133895874023437 0.0663070678710937 0.0762252807617188 0.111953735351563
0.13214111328125 -0.0345687866210937 0.160751342773438 -0.064178466796875
0.10382080078125 -0.046478271484375 0.121612548828125 -0.178466796875
0.112503051757813 -0.0616073608398438 0.143203735351562 -0.23968505859375
0.134735107421875 -0.036376953125 0.24298095703125 -0.2198486328125
0.135353088378906 0.0418853759765625 0.292877197265625 -0.10821533203125
0.0851974487304688 0.112129211425781 0.300445556640625 0.047821044921875
-0.0344696044921875 0.123626708984375 0.236221313476563 0.15411376953125
-0.093353271484375 0.0905075073242188 0.224395751953125 0.127639770507813
-0.103691101074219 0.0128326416015625 0.30389404296875 0.011962890625
-0.0579833984375 -0.164154052734375 0.0023040771484375 0.090301513671875
-0.107490539550781 -0.132926940917969 0.027374267578125 -0.33770751953125
-0.254135131835938 -0.00901794433593751 -0.28204345703125 -0.37164306640625
-0.14984130859375 0.199081420898438 -0.3585205078125 -0.064605712890625
0.0572357177734375 0.2265625 -0.17144775390625 0.112518310546875
0.215133666992187 0.0766754150390625 0.0270462036132813 0.0895767211914063
0.200881958007813 -0.0680694580078125 0.105598449707031 -0.0417327880859375
0.16680908203125 -0.0812530517578125 0.0811767578125 -0.135910034179688
0.190017700195313 -0.106475830078125 0.105560302734375 -0.19403076171875
0.225631713867188 -0.052703857421875 0.194732666015625 -0.203536987304687
0.220901489257813 0.089813232421875 0.241165161132813 -0.11907958984375
0.115386962890625 0.200897216796875 0.28521728515625 0.012664794921875
-0.106277465820312 0.195602416992188 0.2633056640625 0.131637573242188
-0.187362670898438 0.0956878662109375 0.228591918945313 0.151214599609375
-0.16796875 -0.0349578857421875 0.263641357421875 0.0113372802734375
-0.1002197265625 -0.203567504882813 -0.0422935485839844 0.0644607543945312
-0.183364868164062 -0.143463134765625 -0.015960693359375 -0.304595947265625
-0.30841064453125 0.04193115234375 -0.25579833984375 -0.3289794921875
-0.138259887695313 0.268325805664062 -0.316864013671875 -0.0916748046875
0.10797119140625 0.259078979492188 -0.1927490234375 0.0594940185546875
0.274322509765625 0.0606842041015625 -0.0394973754882812 0.0750732421875
0.238265991210938 -0.0980377197265625 0.035675048828125 -0.000881195068359381
0.2059326171875 -0.10308837890625 0.0291061401367188 -0.0725784301757813
0.242935180664062 -0.128814697265625 0.0527877807617188 -0.128883361816406
0.28448486328125 -0.04632568359375 0.128067016601563 -0.173049926757813
0.261642456054688 0.141647338867188 0.17816162109375 -0.130508422851563
0.105545043945312 0.265213012695313 0.269699096679688 -0.026092529296875
-0.176010131835937 0.218338012695313 0.29730224609375 0.12615966796875
-0.246231079101562 0.06829833984375 0.216110229492187 0.195281982421875
-0.195037841796875 -0.0836181640625 0.19677734375 0.00556945800781249
-0.134552001953125 -0.21417236328125 -0.107078552246094 0.0401992797851562
-0.241775512695313 -0.115310668945313 -0.06842041015625 -0.255691528320313
-0.31292724609375 0.1060791015625 -0.227264404296875 -0.286590576171875
-0.092315673828125 0.305023193359375 -0.29266357421875 -0.12139892578125
0.155349731445313 0.248703002929688 -0.230667114257813 0.0201416015625001
0.29718017578125 0.025787353515625 -0.112991333007812 0.0819625854492187
0.239532470703125 -0.118057250976563 -0.0365562438964844 0.0570487976074219
0.21343994140625 -0.10986328125 -0.0265102386474609 0.000902175903320301
0.26025390625 -0.127639770507813 -0.0105705261230469 -0.0627822875976563
0.296051025390625 -0.019622802734375 0.051116943359375 -0.145278930664063
0.244155883789063 0.180419921875 0.118316650390625 -0.15283203125
0.052886962890625 0.280563354492188 0.266799926757813 -0.062744140625
-0.224716186523437 0.174041748046875 0.334320068359375 0.144989013671875
-0.249526977539063 0.010040283203125 0.185256958007812 0.251480102539063
-0.176223754882813 -0.12445068359375 0.120803833007813 -0.0123519897460938
-0.14105224609375 -0.19769287109375 -0.182540893554688 0.0236663818359375
-0.250167846679688 -0.0680389404296875 -0.116928100585937 -0.2008056640625
-0.262481689453125 0.14251708984375 -0.204025268554688 -0.2520751953125
-0.03765869140625 0.285400390625 -0.291900634765625 -0.145599365234375
0.17181396484375 0.200149536132813 -0.276779174804688 0.00437927246093746
0.274078369140625 -0.0086212158203125 -0.180831909179687 0.111282348632812
0.205978393554688 -0.11737060546875 -0.0968017578125 0.125717163085938
0.189193725585938 -0.101425170898438 -0.07733154296875 0.0741043090820313
0.236251831054688 -0.105392456054688 -0.0765838623046875 -0.00769042968750001
0.253631591796875 0.0096435546875 -0.0227813720703125 -0.1319580078125
0.179061889648437 0.182754516601563 0.0824432373046875 -0.186569213867187
-0.010040283203125 0.231597900390625 0.287139892578125 -0.087371826171875
-0.216110229492188 0.0845489501953125 0.36376953125 0.194732666015625
-0.191757202148438 -0.0483856201171875 0.136871337890625 0.305999755859375
-0.122428894042969 -0.140495300292969 0.0533561706542969 -0.0427627563476563
-0.108139038085938 -0.164154052734375 -0.250686645507813 0.014068603515625
-0.201339721679688 -0.0328826904296875 -0.157089233398437 -0.153167724609375
-0.182525634765625 0.12481689453125 -0.191375732421875 -0.2232666015625
-0.00656127929687499 0.212005615234375 -0.30389404296875 -0.150634765625
0.142135620117187 0.134719848632813 -0.314208984375 0.0139465332031251
0.2049560546875 -0.02496337890625 -0.228927612304688 0.1552734375
0.145736694335938 -0.0927734375 -0.137496948242188 0.192550659179687
0.135459899902344 -0.0774917602539063 -0.11590576171875 0.135414123535156
0.17279052734375 -0.072021484375 -0.132942199707031 0.0276870727539063
0.172454833984375 0.0199737548828125 -0.0768661499023437 -0.132041931152344
0.1002197265625 0.133224487304688 0.0814971923828125 -0.21575927734375
-0.0381546020507813 0.134597778320313 0.323883056640625 -0.08203125
-0.1429443359375 0.00375366210937499 0.36834716796875 0.2696533203125
-0.0969924926757812 -0.0671463012695313 0.078033447265625 0.346588134765625
-0.0553665161132812 -0.122535705566406 0.00937652587890624 -0.0784912109375
-0.0392837524414062 -0.122116088867187 -0.297882080078125 0.0119323730468751
-0.113380432128906 -0.026153564453125 -0.184768676757812 -0.119140625
-0.102317810058594 0.0572128295898438 -0.19061279296875 -0.197494506835937
-0.0139389038085937 0.109909057617188 -0.319061279296875 -0.134002685546875
0.0700149536132813 0.0702972412109375 -0.33154296875 0.03863525390625
0.105194091796875 -0.0161972045898438 -0.251602172851563 0.196044921875
0.0669593811035156 -0.0470733642578125 -0.155776977539062 0.244354248046875
0.0605430603027344 -0.0434341430664063 -0.136703491210938 0.176422119140625
0.0807571411132812 -0.0369873046875 -0.16485595703125 0.0469207763671875
0.0728683471679688 0.0037689208984375 -0.100746154785156 -0.133132934570313
0.040069580078125 0.0471649169921875 0.104644775390625 -0.22064208984375
-0.0126895904541016 0.0336990356445313 0.353363037109375 -0.04718017578125
-0.0369377136230469 -0.0228652954101563 0.342071533203125 0.344268798828125
-0.0111827850341797 -0.0301780700683594 0.02532958984375 0.36767578125
-0.001953125 -0.0714645385742188 -0.00525665283203125 -0.107231140136719
-0.00437164306640625 -0.0404281616210938 0.062103271484375 0.102890014648438
-0.0137653350830078 -0.0258140563964844 0.03253173828125 -0.39923095703125
-0.0948867797851563 0.00824737548828123 -0.385589599609375 -0.392730712890625
-0.0580291748046875 0.0728073120117188 -0.445892333984375 0.01971435546875
0.01318359375 0.0761489868164062 -0.145980834960937 0.217330932617188
0.0439643859863281 0.0341072082519531 0.110809326171875 0.123359680175781
0.0419044494628906 -0.00326919555664063 0.180877685546875 -0.0879364013671875
0.025390625 -0.00435066223144531 0.126480102539063 -0.210098266601563
0.0212059020996094 -0.00597190856933594 0.146392822265625 -0.281494140625
0.0260963439941406 -0.00964736938476563 0.264739990234375 -0.247039794921875
0.0274829864501953 -0.00704383850097656 0.339996337890625 -0.121002197265625
0.036712646484375 0.0084075927734375 0.33740234375 0.068359375
0.0395278930664063 0.0253334045410156 0.238372802734375 0.195846557617188
0.025146484375 0.0683135986328125 0.2181396484375 0.131561279296875
-0.0149650573730469 0.062896728515625 0.30889892578125 -0.01177978515625
-0.0309219360351563 -0.103790283203125 0.047576904296875 0.100914001464844
-0.051605224609375 -0.0854721069335938 0.038909912109375 -0.389984130859375
-0.182281494140625 -0.00610351562499997 -0.35113525390625 -0.40679931640625
-0.112075805664063 0.141998291015625 -0.42315673828125 -0.024444580078125
0.03851318359375 0.161590576171875 -0.1646728515625 0.175506591796875
0.141204833984375 0.0547332763671875 0.0778350830078125 0.10931396484375
0.130088806152344 -0.0473785400390625 0.152252197265625 -0.0787200927734375
0.0999603271484375 -0.0557479858398437 0.10528564453125 -0.1944580078125
0.107887268066406 -0.0730743408203125 0.125381469726563 -0.263839721679688
0.13226318359375 -0.0489883422851563 0.234786987304688 -0.25311279296875
0.141830444335938 0.029632568359375 0.30499267578125 -0.1378173828125
0.096038818359375 0.1072998046875 0.328399658203125 0.033050537109375
-0.027618408203125 0.129196166992188 0.260177612304688 0.163482666015625
-0.0867996215820313 0.09979248046875 0.23492431640625 0.13385009765625
-0.102584838867188 0.02203369140625 0.301300048828125 -0.00927734375
-0.0672149658203125 -0.160354614257813 0.0204925537109375 0.0856781005859375
-0.111724853515625 -0.1268310546875 0.018707275390625 -0.368377685546875
-0.260406494140625 0.0110931396484375 -0.320556640625 -0.38543701171875
-0.136459350585938 0.215972900390625 -0.383819580078125 -0.05621337890625
0.0796661376953125 0.225433349609375 -0.179306030273438 0.122772216796875
0.224700927734375 0.056060791015625 0.0263519287109375 0.0897674560546875
0.196945190429688 -0.0894317626953125 0.0991439819335938 -0.051300048828125
0.161300659179688 -0.0985565185546875 0.068267822265625 -0.147064208984375
0.182540893554688 -0.127197265625 0.0924072265625 -0.212921142578125
0.224090576171875 -0.0749969482421875 0.187332153320313 -0.231063842773438
0.235260009765625 0.0701904296875 0.251052856445313 -0.144500732421875
0.136001586914063 0.195663452148438 0.309967041015625 -0.00323486328124999
-0.0943450927734375 0.210128784179688 0.28753662109375 0.137908935546875
-0.182281494140625 0.113357543945313 0.241104125976563 0.157150268554688
-0.171356201171875 -0.021942138671875 0.26031494140625 -0.006103515625
-0.11309814453125 -0.197891235351563 -0.0254974365234375 0.0654525756835938
-0.190475463867188 -0.1324462890625 -0.02294921875 -0.329254150390625
-0.3135986328125 0.0685119628906249 -0.28936767578125 -0.343109130859375
-0.1185302734375 0.286407470703125 -0.343719482421875 -0.0869140625
0.134613037109375 0.254913330078125 -0.205673217773438 0.0710296630859375
0.28424072265625 0.033172607421875 -0.0408172607421875 0.08087158203125
0.232635498046875 -0.1246337890625 0.0328121185302735 -0.00336837768554688
0.199066162109375 -0.125396728515625 0.02142333984375 -0.0785980224609375
0.23480224609375 -0.157546997070313 0.045806884765625 -0.142120361328125
0.285430908203125 -0.074951171875 0.122100830078125 -0.1937255859375
0.282318115234375 0.1192626953125 0.186325073242188 -0.149032592773437
0.130905151367188 0.262939453125 0.290771484375 -0.0413818359375
-0.163497924804688 0.239120483398437 0.3216552734375 0.1278076171875
-0.243988037109375 0.0893402099609374 0.232696533203125 0.202484130859375
-0.201614379882813 -0.06915283203125 0.193206787109375 -0.0060882568359375
-0.149276733398438 -0.207321166992187 -0.0912933349609375 0.0474014282226562
-0.249832153320313 -0.0989227294921875 -0.0719451904296875 -0.274520874023438
-0.313873291015625 0.13580322265625 -0.2569580078125 -0.30133056640625
-0.06689453125 0.321044921875 -0.321990966796875 -0.11846923828125
0.183670043945313 0.239791870117188 -0.247940063476563 0.034454345703125
0.305328369140625 -0.005767822265625 -0.115135192871094 0.0930252075195313
0.232162475585938 -0.145980834960938 -0.0341415405273437 0.0628242492675781
0.206283569335937 -0.13433837890625 -0.0270957946777344 0.00213623046875
0.253814697265625 -0.158920288085938 -0.0119743347167969 -0.0679244995117188
0.299407958984375 -0.0491943359375 0.0454559326171875 -0.157821655273438
0.268524169921875 0.160736083984375 0.12274169921875 -0.166290283203125
0.078399658203125 0.282745361328125 0.28436279296875 -0.078887939453125
-0.215927124023438 0.19677734375 0.35992431640625 0.143280029296875
-0.250961303710938 0.0293731689453125 0.205047607421875 0.2623291015625
-0.185302734375 -0.110931396484375 0.114974975585937 -0.0157470703125
-0.156005859375 -0.19207763671875 -0.167953491210938 0.0375213623046875
-0.25714111328125 -0.049774169921875 -0.117767333984375 -0.21514892578125
-0.260635375976563 0.17071533203125 -0.232315063476563 -0.267913818359375
-0.011474609375 0.2974853515625 -0.323944091796875 -0.14227294921875
0.197906494140625 0.188690185546875 -0.297454833984375 0.02398681640625
0.27911376953125 -0.0392608642578125 -0.181564331054687 0.130233764648438
0.199371337890625 -0.142898559570313 -0.0893402099609375 0.138969421386719
0.183822631835938 -0.12396240234375 -0.0711441040039063 0.081512451171875
0.231597900390625 -0.134246826171875 -0.07403564453125 -0.00568389892578125
0.26007080078125 -0.0161285400390625 -0.0283126831054687 -0.136085510253906
0.201339721679688 0.16845703125 0.0828704833984375 -0.196456909179688
0.00950622558593752 0.236984252929687 0.303009033203125 -0.10430908203125
-0.214126586914063 0.103500366210937 0.39385986328125 0.193267822265625
-0.195205688476563 -0.0341644287109375 0.1595458984375 0.324066162109375
-0.131790161132813 -0.130905151367188 0.0448150634765625 -0.0391654968261719
-0.122116088867187 -0.160934448242188 -0.2384033203125 0.034393310546875
-0.206024169921875 -0.0172119140625 -0.156814575195313 -0.163177490234375
-0.179611206054688 0.146591186523438 -0.219085693359375 -0.239089965820313
0.0140228271484375 0.22064208984375 -0.3382568359375 -0.144561767578125
0.161972045898438 0.124893188476563 -0.3353271484375 0.0385437011718749
0.20916748046875 -0.04974365234375 -0.227035522460938 0.180557250976563
0.14013671875 -0.111961364746094 -0.124176025390625 0.212509155273438
0.131065368652344 -0.0946578979492188 -0.104476928710937 0.148544311523438
0.170745849609375 -0.0940399169921875 -0.127304077148438 0.0367813110351562
0.178451538085938 0.0026397705078125 -0.0823287963867188 -0.130630493164063
0.115676879882813 0.125404357910156 0.07928466796875 -0.225006103515625
-0.0275726318359375 0.140190124511719 0.340179443359375 -0.09912109375
-0.14483642578125 0.014678955078125 0.4044189453125 0.270721435546875
-0.0998992919921875 -0.0602340698242187 0.101348876953125 0.371734619140625
-0.062957763671875 -0.11822509765625 -0.00267410278320312 -0.0695228576660156
-0.0505218505859375 -0.124275207519531 -0.289031982421875 0.034332275390625
-0.115837097167969 -0.01678466796875 -0.185440063476563 -0.126602172851562
-0.101364135742188 0.0694427490234375 -0.218902587890625 -0.21258544921875
-0.00175476074218749 0.11614990234375 -0.354248046875 -0.125518798828125
0.082366943359375 0.0657501220703125 -0.351043701171875 0.065185546875
0.1080322265625 -0.03045654296875 -0.24664306640625 0.226715087890625
0.0643882751464844 -0.0567588806152344 -0.137802124023437 0.26708984375
0.0585403442382812 -0.0523757934570312 -0.120697021484375 0.19329833984375
0.0802536010742188 -0.0480194091796875 -0.158096313476563 0.0602874755859375
0.0767440795898437 -0.00402069091796875 -0.105552673339844 -0.12744140625
0.0464057922363281 0.0432243347167969 0.101791381835938 -0.230316162109375
-0.0105781555175781 0.0348834991455078 0.373046875 -0.063140869140625
-0.0375633239746094 -0.0209884643554688 0.381195068359375 0.350830078125
-0.00995063781738281 -0.0299091339111328 0.04608154296875 0.398956298828125
-0.007049560546875 -0.0709915161132813 -0.0205001831054687 -0.0963058471679687
-0.00974655151367188 -0.0398406982421875 0.0799560546875 0.0875015258789063
-0.0113391876220703 -0.0255565643310547 0.00231933593749997 -0.429168701171875
-0.0945892333984375 0.0181655883789063 -0.435882568359375 -0.381683349609375
-0.0518722534179688 0.0796279907226562 -0.46185302734375 0.0494384765625
0.0208053588867188 0.0750885009765625 -0.13897705078125 0.229537963867188
0.0465965270996094 0.0290756225585938 0.114707946777344 0.114669799804688
0.0406379699707031 -0.00682449340820313 0.166168212890625 -0.105133056640625
0.0240478515625 -0.00490760803222656 0.100692749023438 -0.224685668945313
0.0193538665771484 -0.00635147094726563 0.115264892578125 -0.30419921875
0.0231285095214844 -0.0107593536376953 0.24468994140625 -0.283447265625
0.0248222351074219 -0.0100078582763672 0.342193603515625 -0.161895751953125
0.0351219177246094 0.00461006164550781 0.36334228515625 0.042022705078125
0.0407066345214844 0.0196914672851563 0.2681884765625 0.197525024414063
0.0347480773925781 0.0650863647460938 0.229080200195313 0.13153076171875
-0.00717544555664062 0.0651893615722656 0.298919677734375 -0.037811279296875
-0.0392913818359375 -0.0997467041015625 0.0667495727539063 0.0878524780273438
-0.0529403686523438 -0.0821990966796875 0.0120239257812499 -0.420013427734375
-0.183212280273438 0.0123443603515625 -0.400604248046875 -0.399566650390625
-0.0982666015625 0.154586791992188 -0.44354248046875 0.00198364257812503
0.056060791015625 0.157562255859375 -0.162017822265625 0.188217163085938
0.14544677734375 0.0377349853515625 0.081085205078125 0.102798461914063
0.12347412109375 -0.0616989135742188 0.139266967773437 -0.0940628051757813
0.0924148559570313 -0.0656280517578125 0.080657958984375 -0.206619262695313
0.09820556640625 -0.084808349609375 0.096649169921875 -0.284271240234375
0.12615966796875 -0.0634994506835938 0.213653564453125 -0.286468505859375
0.145599365234375 0.0130615234375 0.306304931640625 -0.174957275390625
0.106796264648438 0.0972061157226563 0.350555419921875 0.00585937500000001
-0.0162429809570313 0.132743835449219 0.2880859375 0.16180419921875
-0.0753555297851562 0.109199523925781 0.247909545898437 0.130325317382813
-0.0990066528320313 0.032745361328125 0.291656494140625 -0.034454345703125
-0.079071044921875 -0.152938842773438 0.039337158203125 0.0772933959960938
-0.116188049316406 -0.118186950683594 -0.00457763671875002 -0.3955078125
-0.260421752929688 0.03802490234375 -0.367767333984375 -0.38226318359375
-0.11529541015625 0.231201171875 -0.405670166015625 -0.0345153808593751
0.1041259765625 0.21710205078125 -0.182220458984375 0.13653564453125
0.2296142578125 0.0294036865234375 0.0282440185546875 0.088134765625
0.185684204101563 -0.113327026367188 0.0896530151367188 -0.0614166259765625
0.148681640625 -0.116928100585937 0.0491790771484375 -0.15625
0.167160034179688 -0.150177001953125 0.0703125 -0.23040771484375
0.215225219726563 -0.100570678710938 0.167236328125 -0.259185791015625
0.244338989257812 0.0425872802734375 0.251617431640625 -0.17584228515625
0.156829833984375 0.1827392578125 0.328399658203125 -0.029998779296875
-0.0749969482421875 0.2225341796875 0.313140869140625 0.132049560546875
-0.170944213867188 0.131866455078125 0.256744384765625 0.153427124023438
-0.171600341796875 -0.00457763671874996 0.252044677734375 -0.0278472900390625
-0.128433227539063 -0.186309814453125 -0.00637054443359375 0.0629119873046875
-0.196380615234375 -0.116348266601562 -0.040802001953125 -0.350738525390625
-0.30908203125 0.101654052734375 -0.3311767578125 -0.342529296875
-0.088897705078125 0.300811767578125 -0.368804931640625 -0.0694580078124999
0.164474487304688 0.24066162109375 -0.21380615234375 0.088287353515625
0.287750244140625 -0.002105712890625 -0.0397186279296875 0.08563232421875
0.217529296875 -0.15362548828125 0.0291328430175781 -0.00626373291015626
0.183273315429688 -0.149658203125 0.011322021484375 -0.082275390625
0.216018676757812 -0.188247680664062 0.03253173828125 -0.153793334960938
0.276657104492188 -0.108642578125 0.106597900390625 -0.213882446289063
0.298187255859375 0.085693359375 0.185775756835938 -0.173355102539063
0.159759521484375 0.250015258789063 0.305267333984375 -0.066192626953125
-0.14178466796875 0.2586669921875 0.346771240234375 0.116973876953125
-0.233901977539063 0.113693237304688 0.252838134765625 0.200241088867188
-0.205734252929687 -0.0491180419921875 0.1854248046875 -0.0198822021484375
-0.166305541992187 -0.194580078125 -0.0725326538085938 0.0529937744140625
-0.25518798828125 -0.0769500732421875 -0.0843505859375 -0.29022216796875
-0.305084228515625 0.171875 -0.295318603515625 -0.302886962890625
-0.032806396484375 0.33111572265625 -0.350677490234375 -0.1024169921875
0.213623046875 0.22076416015625 -0.25994873046875 0.0574493408203126
0.304718017578125 -0.043670654296875 -0.11273193359375 0.106620788574219
0.215240478515625 -0.175430297851563 -0.029937744140625 0.0678977966308594
0.190505981445312 -0.159713745117188 -0.0278987884521484 0.00367736816406249
0.234619140625 -0.1929931640625 -0.016021728515625 -0.0726165771484375
0.294189453125 -0.084625244140625 0.0346527099609375 -0.168045043945313
0.2886962890625 0.129608154296875 0.11981201171875 -0.18231201171875
0.108169555664063 0.27593994140625 0.2943115234375 -0.103363037109375
-0.197708129882813 0.221084594726563 0.387725830078125 0.128631591796875
-0.245834350585938 0.0536651611328125 0.231903076171875 0.2640380859375
-0.19281005859375 -0.0919342041015625 0.107086181640625 -0.0207443237304688
-0.174209594726563 -0.179428100585937 -0.149642944335938 0.0508880615234375
-0.260299682617188 -0.0264434814453125 -0.125762939453125 -0.225555419921875
-0.248504638671875 0.202346801757813 -0.267562866210938 -0.271331787109375
0.022186279296875 0.30255126953125 -0.355865478515625 -0.124786376953125
0.223709106445313 0.167510986328125 -0.311279296875 0.0533447265625
0.275588989257813 -0.0748443603515625 -0.176132202148437 0.15142822265625
0.182815551757813 -0.169677734375 -0.0760650634765625 0.15155029296875
0.16900634765625 -0.147430419921875 -0.0620498657226562 0.0884323120117188
0.21551513671875 -0.165847778320313 -0.0699081420898438 -0.00237655639648437
0.259246826171875 -0.047271728515625 -0.0365142822265625 -0.1383056640625
0.22198486328125 0.14434814453125 0.0767059326171875 -0.207733154296875
0.034027099609375 0.236984252929687 0.30999755859375 -0.12896728515625
-0.204254150390625 0.126556396484375 0.426055908203125 0.177154541015625
-0.194808959960938 -0.0155487060546875 0.191436767578125 0.33160400390625
-0.140037536621094 -0.116325378417969 0.0355720520019531 -0.0345954895019531
-0.13909912109375 -0.152603149414063 -0.220123291015625 0.054595947265625
-0.207046508789063 0.00270080566406252 -0.161422729492188 -0.16937255859375
-0.16839599609375 0.169906616210938 -0.253799438476563 -0.242935180664063
0.0412139892578125 0.223251342773438 -0.37371826171875 -0.12384033203125
0.181289672851563 0.106689453125 -0.348724365234375 0.073760986328125
0.205337524414062 -0.0775146484375 -0.2158203125 0.208953857421875
0.127265930175781 -0.130821228027344 -0.102737426757812 0.230453491210937
0.120323181152344 -0.111907958984375 -0.0866546630859375 0.159637451171875
0.16033935546875 -0.118316650390625 -0.1182861328125 0.0472412109375
0.180191040039063 -0.0196075439453125 -0.08892822265625 -0.125465393066406
0.130210876464844 0.110923767089844 0.0700531005859375 -0.23468017578125
-0.01361083984375 0.142929077148437 0.3477783203125 -0.126373291015625
-0.14276123046875 0.02886962890625 0.443359375 0.2559814453125
-0.10107421875 -0.0511245727539062 0.136260986328125 0.388458251953125
-0.0713043212890625 -0.109931945800781 -0.0149154663085938 -0.0581855773925781
-0.0654449462890625 -0.122467041015625 -0.271575927734375 0.059844970703125
-0.116653442382813 -0.00534057617187502 -0.18963623046875 -0.129409790039063
-0.0972442626953125 0.083282470703125 -0.25262451171875 -0.214035034179687
0.013580322265625 0.119171142578125 -0.388519287109375 -0.100341796875
0.0941009521484375 0.05609130859375 -0.361114501953125 0.104644775390625
0.106491088867188 -0.0463409423828125 -0.229904174804687 0.25872802734375
0.0578422546386719 -0.0664825439453125 -0.10870361328125 0.28741455078125
0.053192138671875 -0.0615921020507812 -0.0971832275390625 0.207229614257813
0.0759124755859375 -0.0619583129882813 -0.146347045898438 0.0754852294921875
0.0777740478515625 -0.0146408081054688 -0.111030578613281 -0.118133544921875
0.051910400390625 0.0364303588867188 0.093017578125 -0.2408447265625
-0.00732421875 0.0355720520019531 0.384490966796875 -0.09014892578125
-0.0383033752441406 -0.0180473327636719 0.4261474609375 0.34088134765625
-0.00890731811523438 -0.0284194946289063 0.081207275390625 0.422393798828125
-0.0122795104980469 -0.0683555603027344 -0.0360488891601562 -0.0820159912109375
-0.0146522521972656 -0.0372123718261719 0.0929489135742188 0.0673446655273438
-0.00959014892578125 -0.0262088775634766 -0.035186767578125 -0.44451904296875
-0.0904769897460938 0.0270767211914063 -0.4752197265625 -0.35101318359375
-0.0425949096679687 0.08453369140625 -0.462982177734375 0.083465576171875
0.027740478515625 0.0706253051757813 -0.125946044921875 0.236907958984375
0.0479240417480469 0.0237197875976563 0.114906311035156 0.103096008300781
0.0379676818847656 -0.00921249389648438 0.145477294921875 -0.117813110351563
0.0221099853515625 -0.00553321838378906 0.0709228515625 -0.229080200195313
0.0174503326416016 -0.00593090057373047 0.07635498046875 -0.31390380859375
0.0203704833984375 -0.0111637115478516 0.21136474609375 -0.31048583984375
0.0209140777587891 -0.0122623443603516 0.329345703125 -0.201141357421875
0.0326404571533203 0.000925064086914062 0.376617431640625 0.008331298828125
0.0399055480957031 0.0143241882324219 0.293914794921875 0.18841552734375
0.0423698425292969 0.0593223571777344 0.236480712890625 0.1259765625
0.00139999389648437 0.064239501953125 0.278152465820313 -0.06085205078125
-0.0462722778320313 -0.0921783447265625 0.08099365234375 0.0691909790039063
-0.0530929565429688 -0.07794189453125 -0.0223388671875 -0.437225341796875
-0.177154541015625 0.0305633544921875 -0.441741943359375 -0.373931884765625
-0.0804290771484375 0.1607666015625 -0.44854736328125 0.033233642578125
0.071075439453125 0.146728515625 -0.152923583984375 0.1982421875
0.144195556640625 0.020416259765625 0.0812454223632813 0.0934677124023438
0.111396789550781 -0.0739364624023438 0.120376586914062 -0.104652404785156
0.0810546875 -0.0732803344726563 0.0527801513671875 -0.210342407226562
0.0849761962890625 -0.0934982299804688 0.061614990234375 -0.293212890625
0.114830017089844 -0.0746917724609375 0.1812744140625 -0.309722900390625
0.141983032226563 -0.0040435791015625 0.292449951171875 -0.21063232421875
0.114044189453125 0.0845947265625 0.360107421875 -0.026519775390625
-0.00335693359375 0.132308959960937 0.310577392578125 0.14923095703125
-0.061248779296875 0.112716674804688 0.254959106445313 0.122421264648438
-0.0911788940429687 0.0409469604492188 0.271942138671875 -0.0572662353515625
-0.088897705078125 -0.140182495117188 0.0556297302246094 0.0628280639648437
-0.117195129394531 -0.107490539550781 -0.034210205078125 -0.410125732421875
-0.250381469726563 0.0637664794921875 -0.406890869140625 -0.35986328125
-0.0876617431640625 0.236709594726563 -0.416168212890625 -0.0072937011718749
0.12530517578125 0.1995849609375 -0.177902221679688 0.150344848632812
0.225311279296875 0.0010528564453125 0.0291900634765625 0.084014892578125
0.165786743164063 -0.132308959960938 0.0762786865234375 -0.068572998046875
0.129539489746094 -0.130027770996094 0.027984619140625 -0.157852172851563
0.143692016601563 -0.166976928710938 0.0428314208984375 -0.23785400390625
0.197784423828125 -0.122634887695313 0.139297485351563 -0.278305053710938
0.243408203125 0.0129241943359375 0.239990234375 -0.205078125
0.172332763671875 0.1627197265625 0.334930419921875 -0.05938720703125
-0.0517578125 0.227157592773438 0.332672119140625 0.1160888671875
-0.151107788085938 0.145431518554688 0.267791748046875 0.144210815429688
-0.165313720703125 0.0117034912109375 0.235137939453125 -0.04669189453125
-0.140090942382813 -0.169937133789063 0.0114822387695312 0.0543403625488281
-0.19659423828125 -0.0981292724609375 -0.06396484375 -0.36236572265625
-0.2923583984375 0.13250732421875 -0.367218017578125 -0.324920654296875
-0.054718017578125 0.3028564453125 -0.383087158203125 -0.0440673828125
0.1876220703125 0.215545654296875 -0.213409423828125 0.106781005859375
0.27789306640625 -0.03662109375 -0.0368804931640625 0.088592529296875
0.192337036132813 -0.176467895507813 0.0243129730224609 -0.00817298889160157
0.160247802734375 -0.166641235351562 -0.000396728515624982 -0.081634521484375
0.186309814453125 -0.211624145507813 0.0160980224609375 -0.159454345703125
0.257125854492188 -0.138015747070313 0.0853424072265625 -0.226821899414063
0.300323486328125 0.04815673828125 0.174911499023438 -0.195175170898438
0.182327270507812 0.2283935546875 0.307525634765625 -0.093109130859375
-0.112930297851563 0.269760131835938 0.36383056640625 0.098541259765625
-0.214508056640625 0.134033203125 0.268218994140625 0.189468383789063
-0.202377319335938 -0.0279998779296875 0.17193603515625 -0.0320281982421875
-0.179092407226563 -0.17498779296875 -0.0519523620605469 0.0518684387207031
-0.252914428710938 -0.053375244140625 -0.099212646484375 -0.297943115234375
-0.281890869140625 0.20196533203125 -0.32696533203125 -0.2896728515625
0.00540161132812502 0.327880859375 -0.3685302734375 -0.0780029296874999
0.234909057617188 0.1903076171875 -0.261489868164063 0.082550048828125
0.290863037109375 -0.080047607421875 -0.105522155761719 0.117568969726562
0.188156127929688 -0.197845458984375 -0.0240936279296875 0.0708084106445312
0.165771484375 -0.178436279296875 -0.0278644561767578 0.00631713867187499
0.203369140625 -0.21905517578125 -0.0204849243164062 -0.074859619140625
0.276901245117188 -0.117782592773437 0.0201263427734375 -0.173690795898438
0.29638671875 0.09136962890625 0.110076904296875 -0.195953369140625
0.135025024414062 0.259109497070313 0.292755126953125 -0.12762451171875
-0.1708984375 0.238082885742187 0.40362548828125 0.105712890625
-0.230743408203125 0.0766754150390625 0.25384521484375 0.255294799804688
-0.192520141601563 -0.0706634521484375 0.09686279296875 -0.0239410400390625
-0.18719482421875 -0.160446166992188 -0.125823974609375 0.0580291748046875
-0.254409790039063 -0.00271606445312502 -0.135086059570313 -0.230331420898438
-0.223831176757813 0.228271484375 -0.299530029296875 -0.260528564453125
0.057159423828125 0.29449462890625 -0.3778076171875 -0.097259521484375
0.240005493164063 0.137039184570313 -0.31170654296875 0.0858154296875
0.259857177734375 -0.1083984375 -0.1617431640625 0.169631958007813
0.157608032226563 -0.189224243164063 -0.05889892578125 0.158065795898438
0.146652221679688 -0.164306640625 -0.0506744384765625 0.092376708984375
0.188949584960938 -0.191162109375 -0.0646934509277344 -9.53674316406348E-05
0.247299194335938 -0.07794189453125 -0.045166015625 -0.135490417480469
0.232086181640625 0.113601684570313 0.065704345703125 -0.214859008789063
0.05780029296875 0.227981567382813 0.30548095703125 -0.153472900390625
-0.186203002929688 0.143829345703125 0.445648193359375 0.148101806640625
-0.186767578125 0.00331115722656247 0.22210693359375 0.327362060546875
-0.14404296875 -0.0990447998046875 0.0269699096679687 -0.028350830078125
-0.152603149414062 -0.137603759765625 -0.1949462890625 0.0688629150390625
-0.200912475585938 0.0210418701171875 -0.16632080078125 -0.17193603515625
-0.149169921875 0.1883544921875 -0.2845458984375 -0.232666015625
0.0671234130859375 0.215118408203125 -0.395782470703125 -0.0931396484375
0.19281005859375 0.081939697265625 -0.34710693359375 0.11090087890625
0.190841674804688 -0.103057861328125 -0.1949462890625 0.230667114257813
0.108322143554687 -0.145050048828125 -0.0751495361328125 0.238662719726563
0.103851318359375 -0.125442504882813 -0.065521240234375 0.164840698242187
0.141098022460938 -0.13836669921875 -0.105537414550781 0.054595947265625
0.17364501953125 -0.0422210693359375 -0.0938949584960937 -0.116409301757812
0.139152526855469 0.0911941528320313 0.0571136474609375 -0.23809814453125
0.00120544433593751 0.140457153320312 0.342681884765625 -0.1529541015625
-0.134841918945313 0.0414810180664063 0.469818115234375 0.225128173828125
-0.099151611328125 -0.0402297973632812 0.17205810546875 0.3890380859375
-0.0766448974609375 -0.0984115600585938 -0.0234832763671875 -0.0435714721679688
-0.0788650512695312 -0.115257263183594 -0.244583129882813 0.0798492431640625
-0.113082885742188 0.00532531738281251 -0.19244384765625 -0.1295166015625
-0.087249755859375 0.095184326171875 -0.282958984375 -0.203125
0.0290374755859375 0.117103576660156 -0.40924072265625 -0.0660400390625
0.102149963378906 0.0420989990234375 -0.35577392578125 0.14349365234375
0.0998306274414063 -0.0612869262695313 -0.202545166015625 0.282684326171875
0.048858642578125 -0.0733566284179688 -0.074249267578125 0.297149658203125
0.0449104309082031 -0.0677032470703125 -0.0699005126953125 0.212371826171875
0.066314697265625 -0.0725936889648438 -0.129158020019531 0.08660888671875
0.0754318237304687 -0.0251312255859375 -0.113143920898438 -0.106239318847656
0.0544624328613281 0.0282173156738281 0.079376220703125 -0.245285034179688
-0.00382423400878906 0.0349960327148438 0.382049560546875 -0.119720458984375
-0.0379142761230469 -0.015106201171875 0.462310791015625 0.313262939453125
-0.00775718688964844 -0.0276756286621094 0.120025634765625 0.430023193359375
-0.0174064636230469 -0.0640716552734375 -0.0460739135742188 -0.0631370544433594
-0.0185756683349609 -0.032806396484375 0.0984649658203125 0.0454254150390625
-0.00771903991699219 -0.0280990600585937 -0.066070556640625 -0.4483642578125
-0.084136962890625 0.0334930419921875 -0.4945068359375 -0.3175048828125
-0.0345840454101563 0.08447265625 -0.45269775390625 0.1064453125
0.0314750671386719 0.064697265625 -0.115081787109375 0.236068725585938
0.0464134216308594 0.0188713073730469 0.109977722167969 0.0919952392578125
0.0341911315917969 -0.0108165740966797 0.125091552734375 -0.122406005859375
0.0196380615234375 -0.00468635559082031 0.0452880859375 -0.224319458007813
0.0158786773681641 -0.00550174713134766 0.042510986328125 -0.309600830078125
0.0177669525146484 -0.0106887817382812 0.178680419921875 -0.321685791015625
0.0163640975952148 -0.0126981735229492 0.307647705078125 -0.227081298828125
0.0298347473144531 -0.000957489013671875 0.37701416015625 -0.019287109375
0.0378341674804688 0.0100212097167969 0.309722900390625 0.17462158203125
0.0469589233398438 0.0515632629394531 0.237030029296875 0.120346069335938
0.00775146484375 0.0609855651855469 0.25201416015625 -0.072601318359375
-0.0507431030273437 -0.0836181640625 0.0885009765625 0.049102783203125
-0.05157470703125 -0.0745468139648438 -0.050567626953125 -0.441558837890625
-0.165908813476563 0.04248046875 -0.462646484375 -0.341094970703125
-0.0628204345703125 0.159698486328125 -0.442657470703125 0.056243896484375
0.0797576904296875 0.132911682128906 -0.143264770507813 0.200485229492187
0.137763977050781 0.00611114501953125 0.0771865844726563 0.0847702026367188
0.0977859497070313 -0.080108642578125 0.101295471191406 -0.108299255371094
0.0698165893554688 -0.0755462646484375 0.0293121337890625 -0.204437255859375
0.0705795288085938 -0.0967330932617188 0.031158447265625 -0.289520263671875
0.102333068847656 -0.0812454223632813 0.148223876953125 -0.3187255859375
0.134147644042969 -0.0174942016601563 0.271835327148438 -0.233566284179688
0.115394592285156 0.0723724365234375 0.35894775390625 -0.051788330078125
0.00580596923828125 0.128334045410156 0.324310302734375 0.13568115234375
-0.04852294921875 0.111251831054688 0.2564697265625 0.114898681640625
-0.0827407836914063 0.0457305908203125 0.246902465820313 -0.0689239501953125
-0.0930557250976563 -0.126686096191406 0.0655937194824219 0.0456275939941406
-0.114524841308594 -0.0987777709960937 -0.05908203125 -0.414337158203125
-0.233566284179688 0.0807647705078125 -0.42694091796875 -0.33258056640625
-0.063873291015625 0.232772827148438 -0.414642333984375 0.014068603515625
0.136398315429687 0.1778564453125 -0.170852661132813 0.15704345703125
0.2117919921875 -0.0208892822265625 0.0272369384765625 0.0794448852539063
0.143295288085938 -0.141952514648438 0.0624313354492188 -0.0700225830078125
0.110176086425781 -0.134880065917969 0.0102081298828125 -0.152862548828125
0.119125366210938 -0.173248291015625 0.0195159912109375 -0.235870361328125
0.177154541015625 -0.134963989257813 0.111480712890625 -0.28472900390625
0.232833862304687 -0.0108642578125 0.221343994140625 -0.22393798828125
0.178756713867188 0.142715454101563 0.331756591796875 -0.082733154296875
-0.0326690673828125 0.224136352539062 0.3427734375 0.1009521484375
-0.13128662109375 0.150054931640625 0.270217895507813 0.133926391601563
-0.154922485351563 0.02276611328125 0.21246337890625 -0.0564422607421875
-0.144287109375 -0.151611328125 0.0252838134765625 0.0424842834472656
-0.190948486328125 -0.083343505859375 -0.081939697265625 -0.3642578125
-0.268707275390625 0.151412963867187 -0.386566162109375 -0.30230712890625
-0.02569580078125 0.293487548828125 -0.38616943359375 -0.0235900878906249
0.198501586914063 0.188400268554688 -0.207733154296875 0.119552612304688
0.25958251953125 -0.0623626708984375 -0.0347900390625 0.08917236328125
0.164566040039063 -0.1876220703125 0.0191841125488281 -0.00848579406738282
0.136001586914063 -0.17352294921875 -0.009124755859375 -0.0778579711914063
0.154434204101563 -0.220779418945313 0.00190734863281252 -0.159927368164063
0.23260498046875 -0.156097412109375 0.065216064453125 -0.230026245117188
0.291351318359375 0.017333984375 0.160873413085938 -0.208038330078125
0.193740844726563 0.204635620117188 0.301666259765625 -0.112335205078125
-0.086669921875 0.26953125 0.369873046875 0.08111572265625
-0.192276000976562 0.143661499023438 0.274337768554687 0.178268432617188
-0.192581176757812 -0.0120391845703125 0.155593872070313 -0.037200927734375
-0.183792114257812 -0.154708862304688 -0.0336532592773438 0.0454063415527344
-0.242904663085938 -0.0369873046875 -0.110748291015625 -0.2999267578125
-0.255157470703125 0.219375610351563 -0.3460693359375 -0.271636962890625
0.034881591796875 0.313751220703125 -0.3756103515625 -0.055267333984375
0.242507934570312 0.159988403320313 -0.255889892578125 0.10113525390625
0.268478393554688 -0.106292724609375 -0.0970306396484375 0.122879028320312
0.158950805664063 -0.2091064453125 -0.01947021484375 0.0717010498046875
0.14019775390625 -0.185943603515625 -0.0263900756835937 0.00832557678222655
0.170486450195313 -0.2313232421875 -0.024627685546875 -0.0755615234375
0.253463745117188 -0.1400146484375 0.00825500488281253 -0.173248291015625
0.29107666015625 0.0584716796875 0.0992889404296875 -0.2025146484375
0.151123046875 0.237350463867187 0.284820556640625 -0.14385986328125
-0.144866943359375 0.242538452148438 0.40869140625 0.084625244140625
-0.211456298828125 0.0893707275390625 0.266098022460938 0.243316650390625
-0.185226440429688 -0.0530853271484375 0.0859298706054687 -0.0234222412109375
-0.192886352539063 -0.14031982421875 -0.102912902832031 0.0572433471679687
-0.24285888671875 0.013519287109375 -0.139739990234375 -0.231796264648437
-0.196746826171875 0.241043090820313 -0.318634033203125 -0.244354248046875
0.081939697265625 0.278549194335938 -0.386444091796875 -0.0719604492187499
0.244277954101563 0.108734130859375 -0.3038330078125 0.11077880859375
0.23699951171875 -0.131378173828125 -0.146072387695312 0.178237915039063
0.131637573242187 -0.197357177734375 -0.04278564453125 0.15869140625
0.123672485351563 -0.171630859375 -0.0398406982421875 0.092254638671875
0.15911865234375 -0.203659057617188 -0.0593070983886719 -0.000102996826171878
0.22918701171875 -0.0995941162109375 -0.0497589111328125 -0.13018798828125
0.2313232421875 0.0856475830078125 0.055206298828125 -0.21514892578125
0.0740966796875 0.213851928710938 0.294952392578125 -0.167724609375
-0.165542602539063 0.152175903320313 0.451934814453125 0.123687744140625
-0.173736572265625 0.0157623291015625 0.2420654296875 0.316375732421875
-0.140556335449219 -0.0834732055664063 0.0202465057373047 -0.0203895568847656
-0.159393310546875 -0.1212158203125 -0.16815185546875 0.0723724365234375
-0.19000244140625 0.0334014892578125 -0.167755126953125 -0.172698974609375
-0.128524780273437 0.197494506835937 -0.304351806640625 -0.218170166015625
0.08624267578125 0.201248168945313 -0.404296875 -0.062896728515625
0.194656372070313 0.0595550537109375 -0.334686279296875 0.138824462890625
0.172210693359375 -0.12017822265625 -0.171768188476563 0.24139404296875
0.08984375 -0.150833129882813 -0.0498809814453125 0.238510131835938
0.0866546630859375 -0.130645751953125 -0.0465850830078125 0.162445068359375
0.119049072265625 -0.148468017578125 -0.0922698974609375 0.0563507080078125
0.162353515625 -0.0582733154296875 -0.09326171875 -0.10736083984375
0.140388488769531 0.0725250244140625 0.04547119140625 -0.235427856445312
0.0123138427734375 0.13446044921875 0.331207275390625 -0.169586181640625
-0.123985290527344 0.0491714477539063 0.480712890625 0.197357177734375
-0.0928497314453125 -0.0323638916015625 0.19805908203125 0.381378173828125
-0.077056884765625 -0.0872421264648438 -0.0273704528808594 -0.0292568206787109
-0.0888900756835938 -0.105331420898437 -0.21533203125 0.08709716796875
-0.107688903808594 0.0127639770507812 -0.191497802734375 -0.129730224609375
-0.07635498046875 0.101692199707031 -0.30194091796875 -0.188262939453125
0.0405960083007812 0.109954833984375 -0.41619873046875 -0.034881591796875
0.103828430175781 0.028717041015625 -0.340484619140625 0.17205810546875
0.0890884399414063 -0.0716934204101563 -0.1744384765625 0.292694091796875
0.0400924682617188 -0.0764923095703125 -0.04327392578125 0.294677734375
0.0363082885742187 -0.0701637268066406 -0.0449066162109375 0.207870483398438
0.0554275512695313 -0.078887939453125 -0.111259460449219 0.0894699096679687
0.07037353515625 -0.03369140625 -0.109642028808594 -0.0949554443359375
0.0541267395019531 0.0203285217285156 0.066314697265625 -0.243148803710938
-0.000686645507812503 0.0341434478759766 0.372039794921875 -0.138458251953125
-0.0353851318359375 -0.0126800537109375 0.477783203125 0.285186767578125
-0.00588226318359375 -0.0270519256591797 0.150115966796875 0.42657470703125
-0.0196113586425781 -0.0587005615234375 -0.0500946044921875 -0.0445747375488281
-0.0207843780517578 -0.028900146484375 0.0994873046875 0.027435302734375
-0.00696754455566407 -0.0300445556640625 -0.086334228515625 -0.447967529296875
-0.078369140625 0.0352554321289063 -0.50250244140625 -0.295013427734375
-0.0291061401367187 0.0821533203125 -0.44415283203125 0.116790771484375
0.0329170227050781 0.0593299865722656 -0.109909057617188 0.232284545898438
0.0441169738769531 0.01580810546875 0.1024169921875 0.0858001708984375
0.0315628051757813 -0.0109367370605469 0.107582092285156 -0.121467590332031
0.0183086395263672 -0.00382614135742188 0.02734375 -0.216156005859375
0.0147132873535156 -0.00436878204345703 0.02020263671875 -0.300323486328125
0.0159139633178711 -0.00978660583496094 0.15264892578125 -0.32470703125
0.0127544403076172 -0.0123147964477539 0.289703369140625 -0.240081787109375
0.0275402069091797 -0.00152969360351563 0.3758544921875 -0.036712646484375
0.0358963012695313 0.00728607177734375 0.3201904296875 0.16693115234375
0.049163818359375 0.0445938110351563 0.236740112304687 0.120529174804687
0.0115394592285156 0.057647705078125 0.230224609375 -0.07379150390625
-0.05181884765625 -0.0756301879882813 0.0910568237304688 0.0311431884765625
-0.049346923828125 -0.073516845703125 -0.070343017578125 -0.443115234375
-0.155609130859375 0.04888916015625 -0.470611572265625 -0.32257080078125
-0.05242919921875 0.15472412109375 -0.436614990234375 0.066741943359375
0.082733154296875 0.121726989746094 -0.13916015625 0.199981689453125
0.128753662109375 -0.00322723388671875 0.0704345703125 0.0792465209960938
0.0863800048828125 -0.0821609497070313 0.0864486694335938 -0.107383728027344
0.0605392456054687 -0.0745086669921875 0.013336181640625 -0.1964111328125
0.0598220825195313 -0.0961227416992187 0.010711669921875 -0.28204345703125
0.092193603515625 -0.0836029052734375 0.124755859375 -0.32061767578125
0.125526428222656 -0.0249099731445312 0.254104614257813 -0.246139526367188
0.114326477050781 0.0640869140625 0.35650634765625 -0.068115234375
0.011688232421875 0.124298095703125 0.33233642578125 0.127685546875
-0.0391311645507813 0.107589721679687 0.25531005859375 0.11370849609375
-0.0760955810546875 0.0468215942382813 0.226028442382813 -0.070892333984375
-0.0929641723632813 -0.115509033203125 0.0713119506835938 0.0303955078125
-0.109710693359375 -0.0939407348632813 -0.074310302734375 -0.415802001953125
-0.217819213867188 0.08905029296875 -0.43701171875 -0.3157958984375
-0.0484161376953125 0.224594116210937 -0.411163330078125 0.0252685546875
0.139816284179688 0.160659790039063 -0.166854858398438 0.1595458984375
0.19854736328125 -0.0344390869140625 0.0228958129882813 0.0764083862304688
0.1251220703125 -0.144485473632813 0.0517807006835938 -0.068695068359375
0.0957107543945313 -0.134414672851563 -0.00134277343749998 -0.14581298828125
0.0997161865234375 -0.173721313476563 0.00317382812500002 -0.23126220703125
0.1595458984375 -0.141220092773438 0.091888427734375 -0.285369873046875
0.220626831054688 -0.025970458984375 0.206558227539063 -0.233810424804688
0.179595947265625 0.127777099609375 0.328216552734375 -0.096160888671875
-0.0190582275390625 0.218353271484375 0.348358154296875 0.094207763671875
-0.116851806640625 0.148712158203125 0.269149780273438 0.130950927734375
-0.145645141601562 0.028656005859375 0.194061279296875 -0.0574798583984375
-0.143447875976563 -0.137466430664062 0.0346431732177734 0.0301589965820312
-0.183380126953125 -0.076171875 -0.091796875 -0.36688232421875
-0.248886108398437 0.159988403320313 -0.39581298828125 -0.28912353515625
-0.0084228515625 0.2813720703125 -0.386627197265625 -0.0120239257812499
0.201004028320313 0.166488647460938 -0.2037353515625 0.126632690429688
0.24090576171875 -0.07830810546875 -0.0354690551757812 0.0888748168945313
0.14190673828125 -0.19085693359375 0.0148210525512695 -0.00771617889404298
0.117111206054688 -0.173904418945313 -0.0145339965820312 -0.0733795166015625
0.128997802734375 -0.2222900390625 -0.00799560546874999 -0.158004760742188
0.211166381835938 -0.166000366210938 0.051239013671875 -0.2303466796875
0.278030395507813 -0.003326416015625 0.150070190429688 -0.214553833007813
0.197586059570313 0.18646240234375 0.298126220703125 -0.12225341796875
-0.0688323974609375 0.26507568359375 0.374267578125 0.07257080078125
-0.174636840820313 0.145431518554688 0.276031494140625 0.173675537109375
-0.182388305664062 -0.00334167480468753 0.140579223632813 -0.036468505859375
-0.18353271484375 -0.139053344726563 -0.0193862915039063 0.0361862182617187
-0.232864379882812 -0.0283966064453125 -0.115478515625 -0.30291748046875
-0.23193359375 0.227081298828125 -0.35693359375 -0.2601318359375
0.0521240234375 0.2984619140625 -0.37896728515625 -0.0418395996093749
0.243392944335937 0.137069702148438 -0.250350952148437 0.113113403320313
0.24737548828125 -0.12188720703125 -0.0921783447265625 0.124732971191406
0.135971069335937 -0.211929321289062 -0.0157546997070312 0.0714950561523437
0.120895385742188 -0.187637329101563 -0.0253467559814453 0.00963211059570311
0.143524169921875 -0.23370361328125 -0.0277023315429687 -0.0763320922851563
0.232498168945313 -0.151611328125 0.0013275146484375 -0.17144775390625
0.2803955078125 0.036224365234375 0.0919647216796875 -0.204666137695313
0.15802001953125 0.220184326171875 0.2796630859375 -0.150680541992188
-0.125808715820313 0.24066162109375 0.410186767578125 0.074493408203125
-0.194747924804688 0.094024658203125 0.27197265625 0.236724853515625
-0.17645263671875 -0.0426788330078125 0.0761642456054688 -0.0185623168945313
-0.192489624023438 -0.125228881835937 -0.0840835571289063 0.05072021484375
-0.231597900390625 0.0221710205078125 -0.140579223632813 -0.235275268554687
-0.17547607421875 0.246719360351563 -0.329681396484375 -0.234527587890625
0.0966644287109375 0.263153076171875 -0.391265869140625 -0.054779052734375
0.242889404296875 0.0877532958984375 -0.29534912109375 0.1260986328125
0.21661376953125 -0.143936157226563 -0.13543701171875 0.181625366210938
0.111312866210938 -0.20025634765625 -0.031585693359375 0.156875610351563
0.106170654296875 -0.172943115234375 -0.031890869140625 0.0901336669921875
0.134658813476563 -0.207382202148438 -0.0549545288085937 -0.00216293334960938
0.211410522460938 -0.1123046875 -0.050384521484375 -0.1265869140625
0.2255859375 0.0658721923828125 0.0497283935546875 -0.2127685546875
0.0831146240234375 0.200958251953125 0.2879638671875 -0.174957275390625
-0.150100708007812 0.154434204101563 0.454498291015625 0.1104736328125
-0.161636352539063 0.021331787109375 0.25225830078125 0.308685302734375
-0.13458251953125 -0.0730438232421875 0.0159206390380859 -0.0117425918579102
-0.161727905273438 -0.108612060546875 -0.145858764648438 0.06884765625
-0.180923461914062 0.039764404296875 -0.166000366210938 -0.176956176757813
-0.111709594726562 0.201156616210938 -0.315643310546875 -0.20831298828125
0.0966644287109375 0.1890869140625 -0.408843994140625 -0.044189453125
0.19207763671875 0.0431365966796875 -0.32305908203125 0.15618896484375
0.156143188476563 -0.1295166015625 -0.155029296875 0.24468994140625
0.0749359130859375 -0.152618408203125 -0.0321807861328125 0.234146118164062
0.0740814208984375 -0.132080078125 -0.0333099365234375 0.157791137695313
0.10040283203125 -0.152236938476563 -0.0819015502929688 0.0544815063476562
0.150650024414063 -0.068603515625 -0.0898056030273438 -0.101486206054687
0.137519836425781 0.0592803955078125 0.0398406982421875 -0.231369018554687
0.0194244384765625 0.128288269042969 0.323333740234375 -0.17547607421875
-0.114677429199219 0.0524063110351562 0.48406982421875 0.1815185546875
-0.08575439453125 -0.0282516479492188 0.214019775390625 0.375823974609375
-0.0741424560546875 -0.078948974609375 -0.0291614532470703 -0.0164508819580078
-0.0943450927734375 -0.0964584350585938 -0.191421508789063 0.084625244140625
-0.102729797363281 0.0164718627929688 -0.189987182617188 -0.133193969726563
-0.0674209594726563 0.105079650878906 -0.313385009765625 -0.177764892578125
0.0484542846679687 0.103675842285156 -0.417694091796875 -0.0137023925781251
0.1031494140625 0.0192947387695313 -0.326171875 0.18914794921875
0.0805206298828125 -0.0773544311523437 -0.153472900390625 0.296417236328125
0.032867431640625 -0.0784225463867188 -0.0216064453125 0.287994384765625
0.0304489135742188 -0.070831298828125 -0.028594970703125 0.201171875
0.0458984375 -0.0811691284179688 -0.0972518920898438 0.087432861328125
0.065521240234375 -0.0393638610839844 -0.103126525878906 -0.088592529296875
0.0527000427246094 0.0154647827148437 0.0606231689453125 -0.237411499023437
0.00128936767578125 0.0325298309326172 0.36395263671875 -0.145599365234375
-0.0331821441650391 -0.0114650726318359 0.485687255859375 0.266357421875
-0.00348472595214843 -0.0270442962646484 0.16937255859375 0.423004150390625
-0.0196113586425781 -0.0546150207519531 -0.0509376525878906 -0.0277786254882813
-0.0229072570800781 -0.0247230529785156 0.0990676879882813 0.0131301879882812
-0.00666999816894532 -0.0327777862548828 -0.101531982421875 -0.455718994140625
-0.0757598876953125 0.0359268188476563 -0.512420654296875 -0.28814697265625
-0.0261764526367188 0.08160400390625 -0.44549560546875 0.121612548828125
0.0324478149414063 0.0568275451660156 -0.110931396484375 0.231414794921875
0.042022705078125 0.0139617919921875 0.0951690673828125 0.0836029052734375
0.0297336578369141 -0.0105266571044922 0.0962448120117188 -0.119125366210938
0.0168771743774414 -0.00193023681640625 0.01531982421875 -0.210708618164063
0.0137567520141602 -0.00250530242919922 0.00567626953124998 -0.296600341796875
0.0147819519042969 -0.00887680053710938 0.1368408203125 -0.32879638671875
0.00949382781982422 -0.0109014511108398 0.279754638671875 -0.250717163085938
0.0262718200683594 -0.00132369995117188 0.381561279296875 -0.048004150390625
0.0346908569335938 0.00580596923828125 0.333465576171875 0.16607666015625
0.0506095886230469 0.039703369140625 0.238189697265625 0.124954223632812
0.0137252807617188 0.0561256408691406 0.21697998046875 -0.0708160400390625
-0.0521926879882812 -0.0698051452636719 0.0923080444335938 0.017333984375
-0.0475387573242188 -0.0748214721679688 -0.08416748046875 -0.45184326171875
-0.149703979492187 0.05181884765625 -0.484039306640625 -0.31573486328125
-0.0460662841796875 0.152374267578125 -0.439849853515625 0.071136474609375
0.083251953125 0.1148681640625 -0.1405029296875 0.200408935546875
0.123283386230469 -0.0084991455078125 0.0637283325195313 0.0781173706054688
0.0783309936523438 -0.0829086303710938 0.0751113891601563 -0.105239868164063
0.0547561645507812 -0.0730667114257813 0.00259399414062502 -0.190811157226563
0.0516586303710938 -0.0946273803710938 -0.00332641601562501 -0.27825927734375
0.0853729248046875 -0.0855712890625 0.10894775390625 -0.323760986328125
0.119606018066406 -0.0298385620117188 0.244888305664063 -0.256011962890625
0.114608764648438 0.0590133666992188 0.36077880859375 -0.079559326171875
0.0159072875976562 0.122322082519531 0.3448486328125 0.1256103515625
-0.0337753295898438 0.104652404785156 0.25762939453125 0.117263793945312
-0.0721817016601563 0.047637939453125 0.212051391601563 -0.0675811767578125
-0.093292236328125 -0.107955932617187 0.0753860473632813 0.017730712890625
-0.10650634765625 -0.0933914184570313 -0.08416748046875 -0.425079345703125
-0.208251953125 0.094329833984375 -0.44866943359375 -0.310028076171875
-0.0392913818359375 0.2196044921875 -0.416595458984375 0.029815673828125
0.141632080078125 0.15069580078125 -0.168624877929688 0.162490844726563
0.188644409179688 -0.042999267578125 0.0175323486328125 0.0757522583007813
0.112594604492188 -0.146697998046875 0.0439643859863281 -0.0669975280761719
0.0857620239257813 -0.134231567382813 -0.00904846191406249 -0.140975952148438
0.0859527587890625 -0.173019409179688 -0.00787353515624999 -0.229995727539063
0.148117065429688 -0.145767211914063 0.078826904296875 -0.288604736328125
0.212631225585938 -0.0356597900390625 0.199234008789063 -0.242904663085938
0.181243896484375 0.11871337890625 0.33270263671875 -0.10540771484375
-0.00993347167968748 0.216903686523438 0.359527587890625 0.092041015625
-0.107650756835938 0.147430419921875 0.272201538085938 0.133758544921875
-0.14105224609375 0.0311431884765625 0.1817626953125 -0.0537261962890625
-0.1431884765625 -0.128250122070312 0.0417137145996094 0.0191421508789062
-0.178909301757813 -0.0740509033203125 -0.098297119140625 -0.375946044921875
-0.236785888671875 0.166168212890625 -0.407196044921875 -0.28631591796875
0.002410888671875 0.274261474609375 -0.392913818359375 -0.00680541992187494
0.2027587890625 0.1534423828125 -0.204849243164062 0.132431030273438
0.228515625 -0.0885162353515625 -0.0378952026367188 0.0894241333007813
0.126754760742187 -0.193191528320313 0.0114250183105469 -0.00570774078369142
0.105026245117188 -0.174545288085938 -0.0184478759765625 -0.0700225830078125
0.112091064453125 -0.2227783203125 -0.0150604248046875 -0.158538818359375
0.196670532226563 -0.17333984375 0.042449951171875 -0.23260498046875
0.27032470703125 -0.01666259765625 0.145034790039063 -0.22088623046875
0.201583862304688 0.175888061523438 0.301544189453125 -0.12994384765625
-0.0567779541015625 0.263885498046875 0.383514404296875 0.06988525390625
-0.163650512695313 0.146026611328125 0.28082275390625 0.175949096679687
-0.1766357421875 0.00102233886718751 0.130821228027344 -0.0318374633789063
-0.183074951171875 -0.129547119140625 -0.00874328613281251 0.0267753601074219
-0.22735595703125 -0.0243682861328125 -0.118682861328125 -0.3121337890625
-0.21771240234375 0.233001708984375 -0.368255615234375 -0.258148193359375
0.06329345703125 0.290008544921875 -0.3865966796875 -0.0350341796875
0.244140625 0.12255859375 -0.249465942382812 0.121902465820313
0.233261108398437 -0.13238525390625 -0.0910568237304687 0.127006530761719
0.119705200195313 -0.214706420898438 -0.0134658813476562 0.0718841552734375
0.1087646484375 -0.188461303710938 -0.0244674682617187 0.0106925964355469
0.124893188476562 -0.235549926757813 -0.0294342041015625 -0.0786895751953125
0.218032836914062 -0.160995483398437 -0.00280761718749999 -0.17340087890625
0.274368286132813 0.021728515625 0.0900421142578125 -0.208175659179688
0.163681030273438 0.209701538085938 0.281951904296875 -0.156402587890625
-0.113632202148438 0.241195678710938 0.41876220703125 0.07135009765625
-0.18353271484375 0.0957183837890625 0.27972412109375 0.238235473632813
-0.171066284179688 -0.037261962890625 0.0701637268066406 -0.0121650695800781
-0.19342041015625 -0.116714477539062 -0.0703353881835938 0.0423431396484375
-0.22625732421875 0.0258026123046875 -0.141769409179687 -0.244964599609375
-0.1612548828125 0.252304077148438 -0.342376708984375 -0.232391357421875
0.107803344726563 0.253585815429688 -0.399932861328125 -0.04583740234375
0.243072509765625 0.073822021484375 -0.2933349609375 0.13702392578125
0.202133178710937 -0.153305053710937 -0.12994384765625 0.185043334960938
0.09674072265625 -0.202392578125 -0.023712158203125 0.156356811523438
0.09490966796875 -0.174789428710938 -0.0262374877929687 0.0892333984375
0.1171875 -0.210357666015625 -0.0527153015136719 -0.00494766235351563
0.199142456054688 -0.121566772460938 -0.050689697265625 -0.126686096191406
0.22137451171875 0.053466796875 0.048675537109375 -0.213912963867188
0.089202880859375 0.19384765625 0.290130615234375 -0.178436279296875
-0.14013671875 0.156234741210938 0.462554931640625 0.105682373046875
-0.153182983398438 0.0234527587890625 0.263092041015625 0.31134033203125
-0.130180358886719 -0.067108154296875 0.0128927230834961 -0.00324153900146485
-0.16436767578125 -0.100448608398437 -0.130378723144531 0.0614166259765625
-0.176666259765625 0.04266357421875 -0.166519165039063 -0.185821533203125
-0.10076904296875 0.2052001953125 -0.3289794921875 -0.206207275390625
0.105270385742187 0.181243896484375 -0.4166259765625 -0.031829833984375
0.19171142578125 0.0321044921875 -0.3189697265625 0.169342041015625
0.14520263671875 -0.137130737304688 -0.145431518554687 0.2493896484375
0.0639801025390625 -0.15509033203125 -0.0196075439453125 0.232330322265625
0.0661087036132813 -0.132987976074219 -0.023773193359375 0.154220581054687
0.087646484375 -0.155120849609375 -0.0755157470703125 0.051239013671875
0.142654418945312 -0.0772705078125 -0.0870742797851563 -0.100364685058594
0.135871887207031 0.05096435546875 0.039886474609375 -0.230148315429688
0.0239410400390625 0.124183654785156 0.324005126953125 -0.17974853515625
-0.108650207519531 0.054229736328125 0.49407958984375 0.176727294921875
-0.0807037353515625 -0.0275192260742188 0.227935791015625 0.38067626953125
-0.0720672607421875 -0.073883056640625 -0.0293102264404297 -0.00482177734375001
-0.0990219116210938 -0.089508056640625 -0.175201416015625 0.079071044921875
-0.100181579589844 0.0185623168945312 -0.190170288085938 -0.141571044921875
-0.0609817504882813 0.108551025390625 -0.327392578125 -0.175079345703125
0.0541305541992188 0.100425720214844 -0.424957275390625 0.000762939453125095
0.103660583496094 0.0126495361328125 -0.321563720703125 0.202484130859375
0.0738601684570313 -0.0822982788085938 -0.1416015625 0.300872802734375
0.0281143188476563 -0.0802536010742187 -0.00524902343749999 0.28558349609375
0.026275634765625 -0.0712432861328125 -0.0168609619140625 0.196182250976562
0.03839111328125 -0.0828933715820313 -0.0885543823242188 0.0846023559570313
0.0617256164550781 -0.0440216064453125 -0.0983428955078125 -0.0859909057617188
0.0511665344238281 0.0117912292480469 0.0608673095703125 -0.235687255859375
0.00329971313476563 0.0316429138183594 0.36529541015625 -0.149932861328125
-0.0309104919433594 -0.0113601684570313 0.49774169921875 0.2628173828125
-0.00131607055664063 -0.0276603698730469 0.18365478515625 0.42962646484375
-0.0199241638183594 -0.0517082214355469 -0.0502891540527344 -0.014739990234375
-0.0247917175292969 -0.02093505859375 0.100517272949219 -0.000396728515625001
-0.007843017578125 -0.0371894836425781 -0.121826171875 -0.471588134765625
-0.0742111206054688 0.0382843017578125 -0.5361328125 -0.28411865234375
-0.0240020751953125 0.0827865600585938 -0.456756591796875 0.131805419921875
0.0335884094238281 0.0565643310546875 -0.114044189453125 0.23663330078125
0.0415496826171875 0.0136604309082031 0.0902938842773438 0.0846939086914063
0.0276165008544922 -0.00922966003417969 0.0871810913085938 -0.119636535644531
0.0167522430419922 0.000233650207519531 0.00367736816406249 -0.209213256835938
0.0133991241455078 -0.000905990600585938 -0.010009765625 -0.2977294921875
0.0143165588378906 -0.00832080841064453 0.12249755859375 -0.340606689453125
0.00759124755859375 -0.00952243804931641 0.274627685546875 -0.267669677734375
0.0259265899658203 -0.00171089172363281 0.394256591796875 -0.063720703125
0.0346145629882812 0.00388908386230469 0.35455322265625 0.164886474609375
0.0526580810546875 0.0351295471191406 0.247222900390625 0.131057739257813
0.016357421875 0.0549163818359375 0.209060668945313 -0.0697174072265625
-0.0537910461425781 -0.0652084350585938 0.0948944091796875 0.0040130615234375
-0.0484771728515625 -0.0780487060546875 -0.102020263671875 -0.46820068359375
-0.146774291992188 0.05572509765625 -0.507049560546875 -0.3134765625
-0.0415802001953125 0.153854370117188 -0.45220947265625 0.0805969238281251
0.0870895385742188 0.110588073730469 -0.143936157226563 0.206466674804687
0.120323181152344 -0.0132064819335938 0.0589523315429688 0.0792770385742188
0.0718765258789063 -0.0848159790039063 0.0665664672851563 -0.105079650878906
0.0500564575195313 -0.0735549926757813 -0.00834655761718751 -0.188888549804687
0.04510498046875 -0.09490966796875 -0.018280029296875 -0.280624389648438
0.0799407958984375 -0.0890045166015625 0.094757080078125 -0.334136962890625
0.116012573242187 -0.0344009399414063 0.239486694335938 -0.27227783203125
0.117393493652344 0.0556488037109375 0.372589111328125 -0.095062255859375
0.0215835571289062 0.123260498046875 0.36639404296875 0.123809814453125
-0.029083251953125 0.103324890136719 0.266708374023438 0.121856689453125
-0.0696067810058594 0.0494270324707031 0.204879760742188 -0.0663604736328125
-0.09503173828125 -0.101760864257813 0.079559326171875 0.00514221191406249
-0.107398986816406 -0.0946121215820313 -0.09954833984375 -0.44122314453125
-0.203216552734375 0.1009521484375 -0.472259521484375 -0.30859375
-0.0311737060546875 0.220565795898438 -0.4305419921875 0.037750244140625
0.14727783203125 0.14337158203125 -0.173004150390625 0.16986083984375
0.1824951171875 -0.052276611328125 0.0128250122070313 0.0780792236328125
0.101425170898438 -0.151290893554688 0.0373497009277344 -0.0661125183105469
0.077880859375 -0.136558532714844 -0.0170440673828125 -0.139167785644531
0.0735015869140625 -0.175521850585938 -0.02044677734375 -0.232162475585938
0.139358520507813 -0.1536865234375 0.065887451171875 -0.29815673828125
0.20928955078125 -0.0463714599609375 0.1953125 -0.256423950195313
0.187347412109375 0.11187744140625 0.34356689453125 -0.120849609375
-0.00027465820312501 0.21881103515625 0.3792724609375 0.088775634765625
-0.1005859375 0.14898681640625 0.28289794921875 0.137542724609375
-0.139045715332031 0.0352020263671875 0.17486572265625 -0.05108642578125
-0.1458740234375 -0.121231079101563 0.048736572265625 0.00811004638671874
-0.180282592773437 -0.072479248046875 -0.109649658203125 -0.39190673828125
-0.22900390625 0.175949096679687 -0.430206298828125 -0.285919189453125
0.01422119140625 0.273269653320313 -0.40899658203125 0.00146484374999999
0.209640502929688 0.143035888671875 -0.209976196289063 0.141448974609375
0.219772338867188 -0.100982666015625 -0.040924072265625 0.0934371948242188
0.112274169921875 -0.200027465820313 0.00873327255249024 -0.0043315887451172
0.0943145751953125 -0.178680419921875 -0.0223197937011719 -0.068450927734375
0.095977783203125 -0.226837158203125 -0.023345947265625 -0.162094116210938
0.18603515625 -0.18408203125 0.0328369140625 -0.239822387695313
0.26776123046875 -0.030670166015625 0.142654418945313 -0.232650756835937
0.210418701171875 0.167816162109375 0.312225341796875 -0.143585205078125
-0.0450439453125 0.26739501953125 0.401947021484375 0.066009521484375
-0.156570434570313 0.149978637695312 0.29364013671875 0.179718017578125
-0.174911499023438 0.00642395019531246 0.125747680664063 -0.0275115966796875
-0.187713623046875 -0.121231079101562 1.14440917968653E-05 0.0170059204101562
-0.2283935546875 -0.0199737548828125 -0.1270751953125 -0.32745361328125
-0.206863403320313 0.244430541992187 -0.390594482421875 -0.258941650390625
0.077392578125 0.28662109375 -0.403594970703125 -0.025726318359375
0.25115966796875 0.110366821289062 -0.254302978515625 0.134658813476563
0.222198486328125 -0.145492553710937 -0.0920639038085937 0.133712768554688
0.104660034179688 -0.221664428710938 -0.0106277465820312 0.0742034912109375
0.0971527099609375 -0.1939697265625 -0.0233650207519531 0.0119247436523437
0.107681274414062 -0.240753173828125 -0.0334014892578125 -0.0821914672851563
0.207275390625 -0.17364501953125 -0.00834655761718748 -0.178878784179688
0.273880004882813 0.0070343017578125 0.0879058837890625 -0.216690063476563
0.173934936523438 0.203109741210938 0.291229248046875 -0.1676025390625
-0.10137939453125 0.246185302734375 0.4378662109375 0.06610107421875
-0.177169799804688 0.0995635986328125 0.295196533203125 0.243438720703125
-0.170166015625 -0.0311279296875 0.0669097900390625 -0.0056610107421875
-0.19915771484375 -0.108306884765625 -0.0602531433105469 0.0341339111328125
-0.226638793945312 0.0312652587890625 -0.148361206054688 -0.258987426757813
-0.149932861328125 0.262451171875 -0.3641357421875 -0.231964111328125
0.121109008789063 0.2496337890625 -0.41748046875 -0.03350830078125
0.248931884765625 0.0609283447265625 -0.29583740234375 0.15313720703125
0.192092895507813 -0.166168212890625 -0.127548217773438 0.193649291992188
0.0835418701171875 -0.209182739257812 -0.01531982421875 0.15875244140625
0.0845184326171875 -0.180130004882812 -0.0206298828125 0.0894775390625
0.102432250976563 -0.215377807617188 -0.0521125793457031 -0.00737762451171876
0.190383911132813 -0.133575439453125 -0.0529937744140625 -0.129531860351563
0.222946166992188 0.041259765625 0.0480194091796875 -0.220062255859375
0.0980224609375 0.190185546875 0.29742431640625 -0.189117431640625
-0.13214111328125 0.1610107421875 0.48236083984375 0.100128173828125
-0.148101806640625 0.0260772705078125 0.28216552734375 0.317840576171875
-0.130035400390625 -0.0624008178710937 0.0113773345947266 0.00610160827636718
-0.1707763671875 -0.0925750732421875 -0.120391845703125 0.05523681640625
-0.176498413085938 0.0482177734375 -0.173141479492188 -0.197784423828125
-0.090667724609375 0.214202880859375 -0.3511962890625 -0.204345703125
0.116409301757813 0.177780151367188 -0.43389892578125 -0.0167541503906249
0.19647216796875 0.0212860107421875 -0.31982421875 0.186920166015625
0.136184692382813 -0.146835327148438 -0.138565063476563 0.259475708007813
0.054473876953125 -0.160293579101563 -0.00604248046874997 0.233673095703125
0.058563232421875 -0.137718200683594 -0.0144805908203125 0.154144287109375
0.075836181640625 -0.1595458984375 -0.0715713500976563 0.0499420166015625
0.136245727539063 -0.0864944458007813 -0.0861129760742187 -0.1004638671875
0.137008666992188 0.0427093505859375 0.03924560546875 -0.234619140625
0.0294570922851563 0.122428894042969 0.332183837890625 -0.1900634765625
-0.104743957519531 0.0569381713867187 0.51544189453125 0.172149658203125
-0.0775070190429688 -0.0270462036132813 0.249237060546875 0.389801025390625
-0.0721435546875 -0.0708160400390625 -0.0295734405517578 0.00674247741699218
-0.105422973632813 -0.0835952758789063 -0.165130615234375 0.0740966796875
-0.0998382568359375 0.0219345092773438 -0.197311401367188 -0.151214599609375
-0.05450439453125 0.114738464355469 -0.34808349609375 -0.17095947265625
0.06182861328125 0.0987472534179687 -0.44091796875 0.0178222656249999
0.106254577636719 0.006134033203125 -0.320831298828125 0.22174072265625
0.0683364868164063 -0.0882415771484375 -0.130340576171875 0.31182861328125
0.0231781005859375 -0.0835342407226563 0.011810302734375 0.28656005859375
0.0229263305664063 -0.074737548828125 -0.00509643554687501 0.195480346679688
0.0319595336914063 -0.0855255126953125 -0.0816726684570313 0.084136962890625
0.058349609375 -0.0491867065429688 -0.09552001953125 -0.0855484008789063
0.0516777038574219 0.00852584838867188 0.06146240234375 -0.23992919921875
0.00560379028320313 0.0313186645507813 0.374603271484375 -0.16131591796875
-0.0295143127441406 -0.0117893218994141 0.520416259765625 0.259185791015625
0.000528335571289063 -0.0297183990478516 0.205718994140625 0.44317626953125
-0.0203742980957031 -0.0492362976074219 -0.0497207641601563 -0.001495361328125
-0.0260200500488281 -0.014678955078125 0.101409912109375 -0.0149383544921875
-0.0111083984375 -0.0398483276367188 -0.153961181640625 -0.48583984375
-0.073272705078125 0.0416336059570313 -0.56976318359375 -0.26800537109375
-0.0200958251953125 0.0857696533203125 -0.46893310546875 0.153717041015625
0.0364723205566406 0.0556488037109375 -0.112396240234375 0.24774169921875
0.0410919189453125 0.0134620666503906 0.0887069702148438 0.0861053466796875
0.0273151397705078 -0.00867080688476562 0.0767669677734375 -0.122215270996094
0.0176506042480469 0.00264739990234375 -0.0123443603515625 -0.208892822265625
0.0134954452514648 0.00114250183105469 -0.031768798828125 -0.30047607421875
0.012725830078125 -0.00777912139892578 0.100677490234375 -0.355316162109375
0.0055232048034668 -0.00811052322387695 0.266693115234375 -0.292205810546875
0.0255279541015625 -0.00284576416015625 0.408966064453125 -0.089019775390625
0.0351200103759766 0.00048065185546875 0.38299560546875 0.156341552734375
0.0553512573242187 0.0296630859375 0.262496948242188 0.1319580078125
0.0203170776367188 0.0544815063476563 0.203475952148437 -0.0714111328125
-0.0562629699707031 -0.0585403442382813 0.0971755981445313 -0.0106582641601563
-0.0526123046875 -0.080047607421875 -0.132232666015625 -0.48388671875
-0.14404296875 0.063690185546875 -0.541717529296875 -0.301055908203125
-0.0330810546875 0.156509399414062 -0.4683837890625 0.100738525390625
0.093475341796875 0.107063293457031 -0.144317626953125 0.21881103515625
0.117240905761719 -0.0202255249023438 0.0564193725585938 0.0808334350585938
0.0644149780273438 -0.0879135131835938 0.0568695068359375 -0.106170654296875
0.0453338623046875 -0.0757598876953125 -0.02264404296875 -0.187667846679687
0.0380783081054688 -0.0962677001953125 -0.038665771484375 -0.283905029296875
0.0728530883789063 -0.094696044921875 0.072998046875 -0.347381591796875
0.11334228515625 -0.04205322265625 0.230316162109375 -0.294464111328125
0.122894287109375 0.0489578247070313 0.38531494140625 -0.120758056640625
0.0302734375 0.12347412109375 0.392913818359375 0.111907958984375
-0.0228729248046875 0.103370666503906 0.28204345703125 0.12066650390625
-0.0678520202636719 0.0532951354980469 0.199203491210937 -0.0686187744140625
-0.0987091064453125 -0.0934295654296875 0.0835800170898437 -0.00841522216796875
-0.112335205078125 -0.09442138671875 -0.1259765625 -0.458953857421875
-0.197906494140625 0.112258911132813 -0.5064697265625 -0.2994384765625
-0.018035888671875 0.223434448242188 -0.44854736328125 0.0570373535156249
0.15704345703125 0.134811401367188 -0.17510986328125 0.183792114257812
0.17669677734375 -0.063995361328125 0.00982666015625 0.0813751220703125
0.088714599609375 -0.15692138671875 0.0306510925292969 -0.0657501220703125
0.0680007934570312 -0.140487670898438 -0.02752685546875 -0.137283325195313
0.05914306640625 -0.17938232421875 -0.038116455078125 -0.236785888671875
0.127456665039063 -0.164718627929688 0.046875 -0.310150146484375
0.20599365234375 -0.06060791015625 0.18658447265625 -0.276947021484375
0.1973876953125 0.1019287109375 0.353546142578125 -0.144744873046875
0.014923095703125 0.221511840820313 0.40478515625 0.0750732421875
-0.0926971435546875 0.153488159179688 0.299957275390625 0.1363525390625
-0.137672424316406 0.0430831909179687 0.170639038085938 -0.052276611328125
-0.152008056640625 -0.11126708984375 0.0547065734863281 -0.00468826293945313
-0.185043334960937 -0.0675506591796875 -0.13177490234375 -0.408905029296875
-0.219253540039063 0.190582275390625 -0.4639892578125 -0.276611328125
0.0319061279296875 0.273757934570313 -0.428253173828125 0.020233154296875
0.220748901367188 0.12945556640625 -0.212326049804688 0.157821655273438
0.210357666015625 -0.11700439453125 -0.0428009033203125 0.100296020507812
0.0953369140625 -0.208053588867188 0.0069413185119629 -0.00293302536010743
0.0814056396484375 -0.185226440429688 -0.0272941589355469 -0.0671844482421875
0.0777587890625 -0.233489990234375 -0.0352630615234375 -0.166549682617188
0.171646118164062 -0.199172973632812 0.0184326171875 -0.25006103515625
0.266372680664063 -0.0494537353515625 0.135177612304688 -0.249176025390625
0.22393798828125 0.156784057617188 0.32098388671875 -0.166046142578125
-0.02685546875 0.273468017578125 0.42724609375 0.0506591796875
-0.147247314453125 0.1563720703125 0.313262939453125 0.17822265625
-0.17547607421875 0.0159454345703125 0.123252868652344 -0.0257415771484375
-0.1953125 -0.10955810546875 0.00754261016845702 0.00705194473266601
-0.232650756835938 -0.0111236572265625 -0.1455078125 -0.342987060546875
-0.192611694335937 0.2606201171875 -0.421630859375 -0.24981689453125
0.097686767578125 0.284149169921875 -0.424560546875 -0.00616455078124995
0.26220703125 0.0928955078125 -0.25701904296875 0.153961181640625
0.210296630859375 -0.16375732421875 -0.0907745361328125 0.143661499023438
0.0859222412109375 -0.230987548828125 -0.0066070556640625 0.07659912109375
0.08251953125 -0.201629638671875 -0.0221881866455078 0.0130901336669922
0.08740234375 -0.24822998046875 -0.040069580078125 -0.0855560302734375
0.193130493164063 -0.1912841796875 -0.018341064453125 -0.185226440429688
0.27471923828125 -0.0127716064453125 0.0824432373046875 -0.228805541992188
0.1888427734375 0.194671630859375 0.298980712890625 -0.188140869140625
-0.08612060546875 0.2542724609375 0.462554931640625 0.049774169921875
-0.170303344726563 0.1063232421875 0.3199462890625 0.24298095703125
-0.17169189453125 -0.0220489501953125 0.0658035278320312 -0.000221252441406251
-0.208358764648438 -0.0954437255859375 -0.0521087646484375 0.0271720886230469
-0.229202270507813 0.0424346923828125 -0.1632080078125 -0.271591186523438
-0.133056640625 0.27679443359375 -0.393585205078125 -0.224639892578125
0.141265869140625 0.244400024414063 -0.437774658203125 -0.01080322265625
0.25714111328125 0.0426177978515625 -0.297576904296875 0.177032470703125
0.17852783203125 -0.182540893554688 -0.121337890625 0.20733642578125
0.065582275390625 -0.2174072265625 -0.00433349609374999 0.161834716796875
0.0714111328125 -0.187698364257813 -0.0136184692382812 0.0905380249023437
0.0833740234375 -0.22381591796875 -0.0529861450195313 -0.00944137573242188
0.179611206054688 -0.149978637695313 -0.0589218139648437 -0.132087707519531
0.225540161132813 0.02496337890625 0.0426177978515625 -0.229217529296875
0.111419677734375 0.18560791015625 0.3045654296875 -0.209075927734375
-0.12176513671875 0.168991088867188 0.5103759765625 0.08428955078125
-0.144683837890625 0.0308990478515625 0.31085205078125 0.320404052734375
-0.131645202636719 -0.0556869506835938 0.0115728378295898 0.0149974822998047
-0.17938232421875 -0.0811614990234375 -0.111404418945313 0.051177978515625
-0.177734375 0.0573272705078125 -0.186248779296875 -0.207412719726563
-0.076324462890625 0.224853515625 -0.3797607421875 -0.195068359375
0.132614135742187 0.17236328125 -0.45367431640625 0.00872802734375002
0.202285766601562 0.00653076171875 -0.31927490234375 0.213623046875
0.124008178710937 -0.159881591796875 -0.127700805664062 0.274978637695313
0.0409088134765625 -0.167205810546875 0.0111541748046875 0.236892700195313
0.048614501953125 -0.144256591796875 -0.00277709960937501 0.154388427734375
0.0621185302734375 -0.165481567382812 -0.0681190490722656 0.0496902465820312
0.128547668457031 -0.0986175537109375 -0.0893402099609375 -0.100425720214844
0.139244079589844 0.0326690673828125 0.0344390869140625 -0.24237060546875
0.037841796875 0.121452331542969 0.339599609375 -0.209930419921875
-0.100128173828125 0.0613174438476562 0.547943115234375 0.155731201171875
-0.0763320922851563 -0.0260772705078125 0.282073974609375 0.396759033203125
-0.0745773315429688 -0.0660247802734375 -0.0285072326660156 0.0183219909667969
-0.113807678222656 -0.075164794921875 -0.156661987304688 0.0730133056640625
-0.100837707519531 0.0271682739257813 -0.210205078125 -0.1568603515625
-0.045318603515625 0.121932983398438 -0.37628173828125 -0.15966796875
0.072540283203125 0.0955352783203125 -0.458282470703125 0.0449218750000001
0.110054016113281 -0.0027008056640625 -0.318115234375 0.249908447265625
0.0609054565429688 -0.0962982177734375 -0.114776611328125 0.328338623046875
0.0165557861328125 -0.0877838134765625 0.034637451171875 0.288970947265625
0.018096923828125 -0.0776519775390625 0.00970458984375 0.195327758789063
0.0247802734375 -0.088348388671875 -0.0747909545898438 0.0852508544921875
0.0538597106933594 -0.0556564331054688 -0.0971221923828125 -0.0847244262695313
0.0520362854003906 0.0038909912109375 0.0575714111328125 -0.247817993164063
0.0080413818359375 0.0304737091064453 0.3848876953125 -0.181854248046875
-0.0288639068603516 -0.0122509002685547 0.55712890625 0.24652099609375
0.00119400024414062 -0.0319232940673828 0.2420654296875 0.454437255859375
-0.0227317810058594 -0.0474166870117188 -0.0490264892578125 0.01220703125
-0.0259056091308594 -0.00773429870605468 0.099273681640625 -0.0308074951171875
-0.01483154296875 -0.0419082641601563 -0.19683837890625 -0.489593505859375
-0.0699501037597656 0.0462875366210937 -0.603759765625 -0.2322998046875
-0.0129547119140625 0.0872726440429688 -0.473175048828125 0.186767578125
0.0402679443359375 0.0537872314453125 -0.103317260742188 0.25933837890625
0.0415763854980469 0.0118255615234375 0.0888290405273438 0.085906982421875
0.0267162322998047 -0.00812911987304688 0.0632705688476563 -0.123519897460938
0.0195064544677734 0.00407218933105469 -0.03155517578125 -0.204727172851563
0.0149917602539063 0.00328350067138672 -0.05963134765625 -0.2978515625
0.0113048553466797 -0.00760459899902344 0.069732666015625 -0.3665771484375
0.00321292877197265 -0.007171630859375 0.2467041015625 -0.31817626953125
0.0246505737304687 -0.00529289245605469 0.414398193359375 -0.12548828125
0.0349693298339844 -0.00305557250976562 0.409759521484375 0.13262939453125
0.0566177368164063 0.0222854614257813 0.278106689453125 0.125076293945313
0.0248603820800781 0.0534172058105469 0.195602416992188 -0.076995849609375
-0.057708740234375 -0.0488357543945312 0.096649169921875 -0.0269317626953125
-0.057769775390625 -0.078704833984375 -0.172119140625 -0.489532470703125
-0.138504028320313 0.0731124877929688 -0.57659912109375 -0.26971435546875
-0.0206451416015625 0.158767700195312 -0.475982666015625 0.132720947265625
0.100624084472656 0.0992813110351563 -0.13726806640625 0.233139038085938
0.113151550292969 -0.0286712646484375 0.0557708740234375 0.0823974609375
0.0550460815429688 -0.0903167724609375 0.04449462890625 -0.106491088867187
0.0393600463867188 -0.0752334594726563 -0.0394287109375 -0.18328857421875
0.02874755859375 -0.0958633422851563 -0.0653076171875 -0.281280517578125
0.06243896484375 -0.0999984741210937 0.0418701171875 -0.35711669921875
0.107505798339844 -0.0505523681640625 0.210174560546875 -0.317962646484375
0.126869201660156 0.038604736328125 0.388885498046875 -0.155517578125
0.040985107421875 0.120063781738281 0.416748046875 0.087066650390625
-0.0152130126953125 0.10223388671875 0.297271728515625 0.111541748046875
-0.0636177062988281 0.05908203125 0.19195556640625 -0.0735626220703125
-0.101676940917969 -0.0817489624023437 0.0852584838867188 -0.0242538452148438
-0.117790222167969 -0.0888671875 -0.16241455078125 -0.464385986328125
-0.18707275390625 0.125961303710937 -0.541656494140625 -0.271026611328125
0.000320434570312514 0.222198486328125 -0.4586181640625 0.0885009765625
0.167144775390625 0.12066650390625 -0.16937255859375 0.199691772460938
0.167327880859375 -0.0781707763671875 0.00986480712890626 0.0858612060546875
0.070892333984375 -0.162384033203125 0.0221786499023438 -0.0648612976074219
0.054962158203125 -0.143585205078125 -0.03973388671875 -0.133201599121094
0.0412750244140625 -0.1812744140625 -0.0601806640625 -0.23541259765625
0.109329223632813 -0.174575805664063 0.01922607421875 -0.31744384765625
0.197891235351563 -0.07818603515625 0.168182373046875 -0.29669189453125
0.205795288085938 0.0850677490234375 0.3558349609375 -0.17803955078125
0.0346527099609375 0.220077514648438 0.42584228515625 0.048675537109375
-0.0802764892578125 0.156906127929688 0.316497802734375 0.12506103515625
-0.133865356445312 0.0534744262695313 0.1644287109375 -0.05560302734375
-0.156936645507813 -0.095703125 0.0584144592285156 -0.0179634094238281
-0.189773559570313 -0.0574798583984375 -0.163421630859375 -0.416290283203125
-0.200881958007812 0.206802368164063 -0.497222900390625 -0.25048828125
0.05517578125 0.26934814453125 -0.441497802734375 0.050262451171875
0.231460571289063 0.109085083007813 -0.208297729492187 0.177413940429688
0.195114135742187 -0.13458251953125 -0.0407485961914062 0.107879638671875
0.072479248046875 -0.214065551757813 0.00499868392944336 -0.000995159149169935
0.0633697509765625 -0.190200805664063 -0.0326766967773437 -0.06396484375
0.0532379150390625 -0.236068725585938 -0.05181884765625 -0.166458129882813
0.149520874023438 -0.213577270507813 -0.00318908691406248 -0.255874633789063
0.258132934570312 -0.0733642578125 0.12005615234375 -0.264083862304688
0.2374267578125 0.13800048828125 0.321685791015625 -0.19561767578125
-0.0031585693359375 0.274337768554688 0.44647216796875 0.022369384765625
-0.134628295898438 0.163055419921875 0.33465576171875 0.165985107421875
-0.17279052734375 0.0291595458984375 0.119293212890625 -0.0262374877929687
-0.20159912109375 -0.0917510986328125 0.0134906768798828 -0.00406074523925782
-0.234512329101562 0.00382995605468747 -0.17156982421875 -0.3494873046875
-0.169143676757813 0.276138305664063 -0.453033447265625 -0.22613525390625
0.12286376953125 0.274581909179688 -0.438568115234375 0.0256042480468749
0.270843505859375 0.0680999755859375 -0.251632690429687 0.178207397460937
0.191070556640625 -0.18194580078125 -0.0843505859375 0.154830932617187
0.061309814453125 -0.237197875976563 -0.000213623046874993 0.07867431640625
0.0636444091796875 -0.2071533203125 -0.0206546783447266 0.014373779296875
0.0616302490234375 -0.252792358398438 -0.0488204956054688 -0.0870437622070313
0.170883178710938 -0.207351684570313 -0.0335845947265625 -0.187713623046875
0.270477294921875 -0.0374908447265625 0.070159912109375 -0.239212036132812
0.205703735351563 0.179153442382813 0.29718017578125 -0.21478271484375
-0.063446044921875 0.259063720703125 0.482696533203125 0.019195556640625
-0.160476684570313 0.115249633789063 0.34649658203125 0.230621337890625
-0.170654296875 -0.00871276855468752 0.0652923583984375 0.0033111572265625
-0.215240478515625 -0.0760650634765625 -0.0444602966308594 0.0201797485351562
-0.227523803710937 0.058319091796875 -0.185089111328125 -0.277084350585938
-0.108062744140625 0.28961181640625 -0.422760009765625 -0.200653076171875
0.164627075195313 0.231521606445313 -0.4520263671875 0.0229492187500001
0.262680053710938 0.017974853515625 -0.288848876953125 0.20556640625
0.158172607421875 -0.199081420898438 -0.108535766601563 0.221572875976563
0.0423736572265625 -0.22332763671875 0.0105743408203125 0.16229248046875
0.053497314453125 -0.193557739257813 -0.00457763671875 0.0897598266601562
0.05950927734375 -0.227920532226563 -0.054290771484375 -0.010040283203125
0.161544799804688 -0.166030883789063 -0.067718505859375 -0.131813049316406
0.224822998046875 0.0040130615234375 0.031280517578125 -0.235794067382813
0.127243041992188 0.175521850585938 0.3021240234375 -0.234954833984375
-0.106170654296875 0.175765991210937 0.534027099609375 0.0501708984375
-0.139846801757813 0.0374069213867187 0.344573974609375 0.30950927734375
-0.133102416992188 -0.0443115234375 0.0135059356689453 0.0231246948242187
-0.1864013671875 -0.0638580322265625 -0.102897644042969 0.0488967895507813
-0.174514770507813 0.0707855224609375 -0.20416259765625 -0.209548950195313
-0.05511474609375 0.232833862304688 -0.40667724609375 -0.17034912109375
0.150192260742188 0.1600341796875 -0.4656982421875 0.0454406738281251
0.204116821289063 -0.013336181640625 -0.307403564453125 0.245025634765625
0.1063232421875 -0.171722412109375 -0.107666015625 0.28973388671875
0.023345947265625 -0.171539306640625 0.03387451171875 0.2349853515625
0.0350799560546875 -0.148788452148438 0.011749267578125 0.151809692382813
0.0445556640625 -0.169036865234375 -0.0636940002441406 0.0503425598144531
0.115936279296875 -0.1112060546875 -0.0942306518554688 -0.0973129272460938
0.140312194824219 0.0189132690429688 0.023284912109375 -0.248031616210938
0.049041748046875 0.117324829101563 0.337127685546875 -0.2369384765625
-0.0932388305664063 0.0663223266601562 0.57647705078125 0.1207275390625
-0.0754776000976563 -0.0236663818359375 0.322845458984375 0.3896484375
-0.0771636962890625 -0.0587081909179687 -0.0248641967773438 0.0303516387939453
-0.12042236328125 -0.0619888305664063 -0.146896362304687 0.0740509033203125
-0.0995407104492188 0.0352020263671875 -0.22552490234375 -0.155319213867188
-0.0329513549804687 0.127326965332031 -0.401214599609375 -0.13433837890625
0.083770751953125 0.088592529296875 -0.467132568359375 0.08544921875
0.111572265625 -0.0146408081054687 -0.302459716796875 0.282196044921875
0.050201416015625 -0.10272216796875 -0.0889892578125 0.34295654296875
0.00720977783203126 -0.0914306640625 0.062591552734375 0.28448486328125
0.0113906860351563 -0.0806655883789063 0.028045654296875 0.191146850585938
0.0151824951171875 -0.090240478515625 -0.0665512084960938 0.0867919921875
0.0458869934082031 -0.0622673034667969 -0.0985031127929688 -0.0806198120117188
0.0516204833984375 -0.00181198120117188 0.0468597412109375 -0.254989624023438
0.0115756988525391 0.0289535522460938 0.384521484375 -0.21044921875
-0.0286064147949219 -0.0119094848632813 0.5921630859375 0.21295166015625
0.000307083129882816 -0.0338764190673828 0.285980224609375 0.451812744140625
-0.0250396728515625 -0.0428352355957031 -0.0454483032226563 0.0267257690429687
-0.0219516754150391 -0.00192070007324219 0.0935745239257813 -0.0458297729492188
-0.0188674926757812 -0.041778564453125 -0.2337646484375 -0.472503662109375
-0.0650291442871094 0.0489768981933594 -0.61474609375 -0.18707275390625
-0.00614166259765624 0.0855636596679688 -0.459014892578125 0.217529296875
0.0430145263671875 0.0500221252441406 -0.0896453857421875 0.26470947265625
0.0418853759765625 0.00959396362304687 0.0883102416992188 0.0836334228515625
0.0262775421142578 -0.00795364379882813 0.0482559204101563 -0.121040344238281
0.0213394165039063 0.00460052490234375 -0.0491485595703125 -0.193450927734375
0.0165443420410156 0.00488948822021484 -0.08587646484375 -0.284393310546875
0.00943279266357422 -0.00667476654052734 0.034423828125 -0.364837646484375
0.000995159149169921 -0.00523614883422851 0.217987060546875 -0.33367919921875
0.023223876953125 -0.00774574279785156 0.403717041015625 -0.159088134765625
0.0329761505126953 -0.00681495666503906 0.4222412109375 0.1025390625
0.0557212829589844 0.0158920288085938 0.2861328125 0.111541748046875
0.0287437438964844 0.0503921508789063 0.183486938476563 -0.08026123046875
-0.05499267578125 -0.0393562316894531 0.0918045043945313 -0.0411300659179688
-0.06219482421875 -0.0751953125 -0.209136962890625 -0.47613525390625
-0.128311157226563 0.079803466796875 -0.5933837890625 -0.22564697265625
-0.00753784179687501 0.154144287109375 -0.46588134765625 0.16485595703125
0.105369567871094 0.087554931640625 -0.1240234375 0.240447998046875
0.105697631835938 -0.0360488891601563 0.0550537109375 0.0823516845703125
0.0443191528320313 -0.08978271484375 0.0321121215820312 -0.103195190429688
0.032989501953125 -0.0742950439453125 -0.0549468994140625 -0.171600341796875
0.0199432373046875 -0.0925521850585938 -0.0899810791015625 -0.268646240234375
0.0498886108398438 -0.100555419921875 0.00915527343750002 -0.35308837890625
0.0976028442382813 -0.057098388671875 0.181976318359375 -0.33123779296875
0.126457214355469 0.0269622802734375 0.37701416015625 -0.187774658203125
0.0499954223632813 0.111900329589844 0.42559814453125 0.055511474609375
-0.00827789306640624 0.0982208251953125 0.303955078125 0.096893310546875
-0.0565528869628906 0.0627021789550781 0.180084228515625 -0.07696533203125
-0.0993270874023437 -0.0678787231445313 0.0829696655273437 -0.0383377075195313
-0.120918273925781 -0.0805435180664062 -0.196533203125 -0.453826904296875
-0.170745849609375 0.135391235351562 -0.55706787109375 -0.22930908203125
0.017852783203125 0.213623046875 -0.452911376953125 0.118927001953125
0.171844482421875 0.101821899414063 -0.157333374023438 0.211044311523438
0.151840209960938 -0.0892181396484375 0.01043701171875 0.088775634765625
0.0523529052734375 -0.161300659179688 0.0144424438476563 -0.0618705749511719
0.04095458984375 -0.141693115234375 -0.0504608154296875 -0.124351501464844
0.023162841796875 -0.175323486328125 -0.0815582275390625 -0.225631713867188
0.0875091552734375 -0.177886962890625 -0.00939941406249999 -0.31365966796875
0.18280029296875 -0.09246826171875 0.143310546875 -0.306854248046875
0.208404541015625 0.0656585693359375 0.342437744140625 -0.207244873046875
0.052001953125 0.209426879882813 0.432769775390625 0.0166015625
-0.067138671875 0.15557861328125 0.324981689453125 0.1077880859375
-0.125152587890625 0.0633621215820312 0.15521240234375 -0.057647705078125
-0.154647827148438 -0.077880859375 0.0587692260742187 -0.0309066772460938
-0.188949584960937 -0.0440521240234375 -0.191925048828125 -0.40777587890625
-0.178421020507813 0.216033935546875 -0.51226806640625 -0.212860107421875
0.075897216796875 0.254653930664063 -0.437835693359375 0.081787109375
0.23388671875 0.0845794677734375 -0.195022583007813 0.1922607421875
0.173141479492188 -0.147003173828125 -0.0364990234375 0.113624572753906
0.0478973388671875 -0.2122802734375 0.00366806983947754 0.000873804092407214
0.0452423095703125 -0.188156127929688 -0.0372390747070313 -0.0588607788085938
0.0291290283203125 -0.22991943359375 -0.0674285888671875 -0.16119384765625
0.122100830078125 -0.21990966796875 -0.025787353515625 -0.2523193359375
0.242019653320313 -0.09332275390625 0.0996551513671875 -0.271926879882813
0.243179321289063 0.113739013671875 0.308929443359375 -0.221923828125
0.01995849609375 0.264450073242188 0.450042724609375 -0.00979614257812498
-0.118576049804688 0.1656494140625 0.3458251953125 0.1458740234375
-0.163681030273438 0.04248046875 0.114105224609375 -0.0258102416992187
-0.199508666992188 -0.0699462890625 0.0167303085327148 -0.0147409439086914
-0.228851318359375 0.01995849609375 -0.19476318359375 -0.343505859375
-0.140869140625 0.282501220703125 -0.468353271484375 -0.192840576171875
0.143081665039063 0.254104614257813 -0.437042236328125 0.0589599609374999
0.2694091796875 0.0402984619140625 -0.236114501953125 0.196929931640625
0.165237426757813 -0.19342041015625 -0.073883056640625 0.162628173828125
0.0342864990234375 -0.234161376953125 0.00611877441406251 0.07720947265625
0.042999267578125 -0.205963134765625 -0.0184879302978516 0.0151233673095703
0.03485107421875 -0.247314453125 -0.057342529296875 -0.0844345092773438
0.143051147460938 -0.216110229492188 -0.0482177734375 -0.183853149414063
0.256240844726563 -0.0597381591796875 0.0540313720703125 -0.242965698242188
0.215774536132812 0.1558837890625 0.2840576171875 -0.23760986328125
-0.04010009765625 0.254486083984375 0.48577880859375 -0.0155029296875
-0.146499633789062 0.1199951171875 0.36248779296875 0.207794189453125
-0.1640625 0.00563049316406251 0.0645370483398437 0.00651931762695313
-0.21331787109375 -0.053955078125 -0.0374603271484375 0.0121536254882812
-0.218658447265625 0.0738372802734375 -0.202880859375 -0.271682739257813
-0.079864501953125 0.2913818359375 -0.437225341796875 -0.16778564453125
0.1812744140625 0.209182739257813 -0.4500732421875 0.0601196289062499
0.257705688476563 -0.0080413818359375 -0.26983642578125 0.227218627929687
0.131210327148438 -0.207427978515625 -0.0906829833984375 0.229461669921875
0.0174407958984375 -0.220458984375 0.0247344970703125 0.156021118164063
0.0337677001953125 -0.19293212890625 0.00312042236328125 0.0860137939453125
0.0354766845703125 -0.223785400390625 -0.0556221008300781 -0.0091667175292969
0.136993408203125 -0.175521850585938 -0.0757293701171875 -0.126327514648437
0.215103149414063 -0.01617431640625 0.01763916015625 -0.235565185546875
0.138107299804688 0.159210205078125 0.28765869140625 -0.25567626953125
-0.0882720947265625 0.176589965820313 0.53790283203125 0.011474609375
-0.131210327148438 0.0427169799804687 0.36767578125 0.28424072265625
-0.129264831542969 -0.0310592651367187 0.0167064666748047 0.0303630828857422
-0.185455322265625 -0.044525146484375 -0.09246826171875 0.0448455810546875
-0.166641235351563 0.0823211669921875 -0.218185424804688 -0.2034912109375
-0.0319671630859375 0.2320556640625 -0.419586181640625 -0.13763427734375
0.162628173828125 0.141143798828125 -0.460205078125 0.084564208984375
0.198989868164063 -0.0340423583984375 -0.282989501953125 0.26824951171875
0.084930419921875 -0.176895141601563 -0.082672119140625 0.295654296875
0.003936767578125 -0.170059204101562 0.0547637939453125 0.223953247070313
0.0204925537109375 -0.148101806640625 0.024993896484375 0.143905639648437
0.025787353515625 -0.16693115234375 -0.0583000183105469 0.0503997802734375
0.098297119140625 -0.118118286132813 -0.0971298217773437 -0.0913238525390625
0.135566711425781 0.0050506591796875 0.0105133056640625 -0.246536254882813
0.0575942993164063 0.108474731445313 0.32196044921875 -0.260009765625
-0.0840530395507813 0.0688705444335937 0.5855712890625 0.0792236328125
-0.0731201171875 -0.0208740234375 0.353271484375 0.364898681640625
-0.0756378173828125 -0.0488662719726563 -0.0189971923828125 0.040618896484375
-0.121864318847656 -0.0473785400390625 -0.134773254394531 0.0738067626953125
-0.0950164794921875 0.0420150756835938 -0.235397338867188 -0.146575927734375
-0.0197525024414062 0.126754760742188 -0.411651611328125 -0.101470947265625
0.091949462890625 0.0771636962890625 -0.4573974609375 0.123931884765625
0.108489990234375 -0.0264205932617188 -0.27508544921875 0.305267333984375
0.0372848510742188 -0.105308532714844 -0.058013916015625 0.345947265625
-0.00411224365234375 -0.0908966064453125 0.08697509765625 0.269744873046875
0.00372314453124999 -0.0811538696289063 0.0447998046875 0.179489135742188
0.00600433349609376 -0.08880615234375 -0.0579757690429687 0.0853195190429688
0.0365676879882813 -0.0652618408203125 -0.0981826782226562 -0.074188232421875
0.0485153198242188 -0.00711822509765625 0.0347137451171875 -0.253997802734375
0.0145225524902344 0.0261459350585938 0.37127685546875 -0.235992431640625
-0.0280208587646484 -0.0115261077880859 0.606689453125 0.16943359375
-0.00116729736328125 -0.0352020263671875 0.322418212890625 0.431121826171875
-0.0254173278808594 -0.0371017456054687 -0.0387191772460937 0.0392684936523438
-0.0164699554443359 0.00193023681640625 0.0868988037109375 -0.0565567016601563
-0.0213890075683594 -0.0409622192382813 -0.25341796875 -0.45172119140625
-0.0613441467285156 0.0492401123046875 -0.60968017578125 -0.15283203125
-0.0020904541015625 0.08135986328125 -0.441741943359375 0.233184814453125
0.0434074401855469 0.0457077026367188 -0.0797882080078125 0.2626953125
0.040618896484375 0.0083770751953125 0.0859222412109375 0.0823516845703125
0.0255069732666016 -0.00696563720703125 0.0366744995117188 -0.113189697265625
0.0239601135253906 0.00434684753417969 -0.060211181640625 -0.179397583007813
0.0189037322998047 0.00477981567382813 -0.101104736328125 -0.266128540039063
0.00812911987304688 -0.00492334365844727 0.01007080078125 -0.353271484375
-0.000513553619384766 -0.00270724296569824 0.193328857421875 -0.337005615234375
0.0209312438964844 -0.0084991455078125 0.3885498046875 -0.17962646484375
0.0300235748291016 -0.0103073120117188 0.42303466796875 0.079010009765625
0.0525932312011719 0.0100326538085938 0.286895751953125 0.101287841796875
0.03173828125 0.0471153259277344 0.171829223632813 -0.07769775390625
-0.0488014221191406 -0.0326423645019531 0.0860443115234375 -0.0522537231445313
-0.0638656616210937 -0.0710678100585938 -0.228485107421875 -0.45751953125
-0.118560791015625 0.0813064575195312 -0.58984375 -0.1920166015625
0.000946044921875006 0.146484375 -0.450897216796875 0.182586669921875
0.105209350585938 0.0769882202148438 -0.113632202148438 0.240341186523437
0.0968856811523438 -0.0399627685546875 0.0532150268554688 0.0821151733398438
0.036163330078125 -0.0863113403320313 0.0220718383789063 -0.0962982177734375
0.02850341796875 -0.07122802734375 -0.06390380859375 -0.15887451171875
0.014678955078125 -0.087158203125 -0.105606079101563 -0.252059936523438
0.0395889282226563 -0.0974960327148437 -0.01483154296875 -0.340850830078125
0.0879745483398438 -0.0588455200195313 0.15875244140625 -0.33209228515625
0.122482299804688 0.0176544189453125 0.360015869140625 -0.20635986328125
0.0538482666015625 0.103271484375 0.423614501953125 0.032958984375
-0.0043792724609375 0.0921401977539063 0.3038330078125 0.086090087890625
-0.0493354797363281 0.0639152526855469 0.168930053710938 -0.0754852294921875
-0.092926025390625 -0.0574111938476563 0.0785598754882813 -0.0496368408203125
-0.1192626953125 -0.0732345581054687 -0.214447021484375 -0.438140869140625
-0.1556396484375 0.136856079101563 -0.556732177734375 -0.198822021484375
0.0285797119140625 0.201339721679687 -0.439300537109375 0.137451171875
0.16949462890625 0.085662841796875 -0.1458740234375 0.214523315429688
0.136466979980469 -0.0937271118164063 0.0109710693359375 0.090240478515625
0.0377349853515625 -0.154998779296875 0.0081634521484375 -0.0564613342285156
0.0309295654296875 -0.136871337890625 -0.0560531616210938 -0.114479064941406
0.0112457275390625 -0.166900634765625 -0.0948638916015625 -0.212432861328125
0.06927490234375 -0.173126220703125 -0.0301513671875 -0.30194091796875
0.167190551757813 -0.098480224609375 0.123138427734375 -0.307098388671875
0.203506469726563 0.049835205078125 0.326751708984375 -0.2242431640625
0.061737060546875 0.19659423828125 0.42791748046875 -0.00570678710937499
-0.0573883056640625 0.150238037109375 0.32403564453125 0.095245361328125
-0.114303588867188 0.0677947998046875 0.145767211914063 -0.0555267333984375
-0.146392822265625 -0.0638580322265625 0.0574722290039062 -0.0417137145996094
-0.183074951171875 -0.0341796875 -0.207550048828125 -0.395721435546875
-0.157577514648438 0.2154541015625 -0.512420654296875 -0.18292236328125
0.087921142578125 0.236846923828125 -0.425628662109375 0.101806640625
0.228256225585937 0.0638427734375 -0.181716918945312 0.198501586914062
0.152374267578125 -0.150680541992188 -0.0323410034179687 0.11676025390625
0.02874755859375 -0.2037353515625 0.00239372253417969 0.00278592109680175
0.0311737060546875 -0.182022094726563 -0.0395317077636719 -0.0537872314453125
0.012115478515625 -0.2196044921875 -0.078338623046875 -0.152145385742188
0.0988006591796875 -0.215591430664063 -0.041229248046875 -0.242523193359375
0.223175048828125 -0.103164672851562 0.0843505859375 -0.271026611328125
0.240081787109375 0.0937347412109375 0.29345703125 -0.2357177734375
0.0342559814453125 0.250534057617187 0.444091796875 -0.032989501953125
-0.1058349609375 0.161468505859375 0.346923828125 0.130706787109375
-0.151687622070313 0.0502777099609375 0.108619689941406 -0.0237655639648437
-0.191024780273438 -0.05413818359375 0.0186710357666016 -0.0243377685546875
-0.21923828125 0.0309600830078125 -0.2073974609375 -0.33465576171875
-0.117095947265625 0.278701782226563 -0.468414306640625 -0.164520263671875
0.153244018554687 0.232925415039062 -0.426361083984375 0.0815734863281251
0.260879516601563 0.0194244384765625 -0.220306396484375 0.205734252929688
0.141372680664063 -0.194778442382813 -0.064605712890625 0.165618896484375
0.0128936767578125 -0.2247314453125 0.010528564453125 0.07427978515625
0.027008056640625 -0.199356079101562 -0.0169076919555664 0.0146169662475586
0.0155181884765625 -0.23626708984375 -0.0633163452148437 -0.0799560546875
0.11810302734375 -0.214096069335938 -0.057861328125 -0.17742919921875
0.238800048828125 -0.073455810546875 0.0428924560546875 -0.240768432617187
0.215576171875 0.13531494140625 0.269607543945313 -0.249069213867188
-0.02392578125 0.243392944335938 0.477386474609375 -0.0401611328125
-0.134078979492188 0.119186401367188 0.36688232421875 0.18914794921875
-0.152618408203125 0.015289306640625 0.0633430480957031 0.0101661682128906
-0.205184936523438 -0.037506103515625 -0.0322284698486328 0.00371170043945312
-0.207656860351563 0.08245849609375 -0.212310791015625 -0.264480590820313
-0.057098388671875 0.28466796875 -0.437530517578125 -0.141937255859375
0.187698364257812 0.187393188476562 -0.437835693359375 0.083526611328125
0.24713134765625 -0.02691650390625 -0.2493896484375 0.2376708984375
0.10882568359375 -0.206832885742187 -0.0757904052734375 0.230270385742188
-0.00247192382812502 -0.211273193359375 0.033966064453125 0.147552490234375
0.019073486328125 -0.186721801757813 0.00836181640625001 0.0804977416992187
0.017303466796875 -0.214553833007813 -0.0562820434570313 -0.00864410400390625
0.1148681640625 -0.175262451171875 -0.0793609619140625 -0.121055603027344
0.20208740234375 -0.029510498046875 0.00994873046875002 -0.230911254882813
0.14178466796875 0.142105102539063 0.272064208984375 -0.265975952148438
-0.07427978515625 0.170684814453125 0.528778076171875 -0.01611328125
-0.12274169921875 0.0445632934570312 0.376800537109375 0.262359619140625
-0.121345520019531 -0.021484375 0.0197257995605469 0.0357398986816406
-0.179000854492188 -0.0292205810546875 -0.0846023559570313 0.037994384765625
-0.156784057617188 0.088775634765625 -0.224319458007813 -0.197341918945312
-0.0148773193359375 0.225494384765625 -0.41845703125 -0.11297607421875
0.166778564453125 0.12347412109375 -0.445281982421875 0.10986328125
0.189453125 -0.0481414794921875 -0.259231567382813 0.277679443359375
0.0668487548828125 -0.175552368164062 -0.062286376953125 0.292877197265625
-0.01055908203125 -0.163055419921875 0.0671539306640625 0.210403442382813
0.00871276855468752 -0.144088745117188 0.03271484375 0.134185791015625
0.012908935546875 -0.160385131835938 -0.0546379089355469 0.0479545593261719
0.08251953125 -0.118492126464844 -0.0954818725585938 -0.0857925415039062
0.127845764160156 -0.00414276123046875 0.0040740966796875 -0.240463256835938
0.0610198974609375 0.0986251831054688 0.306427001953125 -0.269500732421875
-0.0765151977539063 0.06744384765625 0.57861328125 0.04840087890625
-0.0696296691894531 -0.0192756652832031 0.365997314453125 0.342193603515625
-0.0711822509765625 -0.0413589477539063 -0.0131683349609375 0.0480079650878906
-0.118621826171875 -0.0360488891601562 -0.124496459960938 0.0682907104492187
-0.090057373046875 0.0465240478515625 -0.239181518554687 -0.140625
-0.00984191894531249 0.123542785644531 -0.409423828125 -0.0782470703125
0.0951919555664063 0.0663223266601563 -0.44073486328125 0.14910888671875
0.103164672851562 -0.0351638793945312 -0.2484130859375 0.313446044921875
0.0272216796875 -0.104087829589844 -0.034698486328125 0.339569091796875
-0.0120162963867187 -0.0879364013671875 0.101882934570312 0.250839233398438
-0.0021514892578125 -0.0799407958984375 0.053497314453125 0.1669921875
-0.000396728515625005 -0.0851593017578125 -0.050537109375 0.0820159912109375
0.0280609130859375 -0.0641136169433594 -0.0956878662109375 -0.06988525390625
0.0452194213867188 -0.0106773376464844 0.02691650390625 -0.248519897460938
0.0156745910644531 0.0227165222167969 0.354217529296875 -0.2476806640625
-0.0267143249511719 -0.0115413665771484 0.6046142578125 0.13592529296875
-0.00188064575195312 -0.0353965759277344 0.340240478515625 0.407623291015625
-0.0236644744873047 -0.0321426391601563 -0.0314445495605469 0.0488777160644531
-0.0115566253662109 0.00308513641357422 0.0816879272460938 -0.064605712890625
-0.0236053466796875 -0.0403556823730469 -0.2608642578125 -0.439453125
-0.0600242614746094 0.0477294921875 -0.60186767578125 -0.13677978515625
-0.000343322753906252 0.0779876708984375 -0.4310302734375 0.237030029296875
0.0428047180175781 0.0428962707519531 -0.0762939453125 0.259613037109375
0.0393829345703125 0.00723648071289063 0.082794189453125 0.0836563110351563
0.0254611968994141 -0.00612640380859375 0.029937744140625 -0.105499267578125
0.0250225067138672 0.00388336181640625 -0.0649261474609375 -0.16851806640625
0.0206203460693359 0.00445938110351563 -0.10931396484375 -0.252517700195312
0.00748252868652344 -0.00252628326416016 -0.00485229492187497 -0.341705322265625
-0.00165748596191406 1.15633010864257E-05 0.17913818359375 -0.3359375
0.0187053680419922 -0.00951957702636719 0.37689208984375 -0.1903076171875
0.0273094177246094 -0.0119991302490234 0.422271728515625 0.066741943359375
0.049102783203125 0.00658416748046875 0.2860107421875 0.09942626953125
0.033416748046875 0.0450019836425781 0.164703369140625 -0.072265625
-0.0422096252441406 -0.0289268493652344 0.0819931030273438 -0.0607376098632813
-0.0630149841308594 -0.0689544677734375 -0.236236572265625 -0.4471435546875
-0.113349914550781 0.0805892944335937 -0.5838623046875 -0.174560546875
0.00396728515625 0.140060424804688 -0.440826416015625 0.188812255859375
0.10357666015625 0.0697174072265625 -0.109024047851563 0.238204956054688
0.0896377563476563 -0.0408401489257813 0.051116943359375 0.0836639404296875
0.0307235717773438 -0.0821914672851563 0.0167465209960938 -0.08892822265625
0.02606201171875 -0.0694198608398437 -0.06787109375 -0.148666381835938
0.0118179321289062 -0.0831298828125 -0.113265991210938 -0.239364624023437
0.0332412719726562 -0.0927581787109375 -0.0281982421875 -0.330108642578125
0.0811767578125 -0.0577011108398438 0.1455078125 -0.33050537109375
0.118270874023438 0.0126113891601563 0.349273681640625 -0.217132568359375
0.0545730590820313 0.0967941284179688 0.42169189453125 0.02099609375
-0.00328826904296876 0.0874404907226563 0.302490234375 0.08282470703125
-0.0437812805175781 0.0632209777832031 0.162353515625 -0.070068359375
-0.0849761962890625 -0.051300048828125 0.0762863159179688 -0.0579757690429688
-0.117042541503906 -0.0696563720703125 -0.2210693359375 -0.429840087890625
-0.146377563476563 0.135177612304688 -0.550323486328125 -0.18096923828125
0.0333404541015625 0.191177368164062 -0.430938720703125 0.144805908203125
0.165023803710937 0.0751495361328125 -0.14080810546875 0.213485717773437
0.124465942382813 -0.094451904296875 0.010345458984375 0.0923995971679688
0.02728271484375 -0.148208618164063 0.00536346435546875 -0.050994873046875
0.024749755859375 -0.132705688476563 -0.0584259033203125 -0.107185363769531
0.00469970703124999 -0.159271240234375 -0.102584838867188 -0.202972412109375
0.0578460693359375 -0.166854858398438 -0.0411376953125 -0.2919921875
0.1558837890625 -0.0996551513671875 0.1126708984375 -0.30535888671875
0.197616577148438 0.0398101806640625 0.31695556640625 -0.232391357421875
0.064971923828125 0.186248779296875 0.424713134765625 -0.01800537109375
-0.0532379150390625 0.144485473632813 0.322479248046875 0.091339111328125
-0.106117248535156 0.0688705444335938 0.140213012695313 -0.0511932373046875
-0.137611389160156 -0.055450439453125 0.0569038391113281 -0.0502510070800781
-0.177978515625 -0.0287628173828125 -0.214141845703125 -0.39019775390625
-0.143829345703125 0.212249755859375 -0.506591796875 -0.168304443359375
0.09173583984375 0.223648071289063 -0.41876220703125 0.110748291015625
0.221725463867187 0.0504608154296875 -0.17486572265625 0.199386596679687
0.136199951171875 -0.14984130859375 -0.0302505493164062 0.118927001953125
0.015777587890625 -0.195343017578125 0.00245141983032227 0.00462722778320311
0.0222625732421875 -0.176467895507813 -0.0402107238769531 -0.0498733520507813
0.00204467773437499 -0.209716796875 -0.084228515625 -0.14544677734375
0.0834808349609375 -0.208724975585938 -0.0501556396484375 -0.235610961914063
0.209228515625 -0.1072998046875 0.076751708984375 -0.268661499023438
0.234771728515625 0.081512451171875 0.2845458984375 -0.243011474609375
0.04046630859375 0.2392578125 0.438873291015625 -0.044830322265625
-0.0986175537109375 0.156204223632813 0.345458984375 0.124298095703125
-0.142410278320313 0.05316162109375 0.10491943359375 -0.0192947387695312
-0.181549072265625 -0.0448760986328125 0.0206737518310547 -0.0333576202392578
-0.212005615234375 0.0358123779296875 -0.21148681640625 -0.331512451171875
-0.102630615234375 0.272705078125 -0.46478271484375 -0.150299072265625
0.156845092773437 0.217178344726562 -0.418914794921875 0.091033935546875
0.25189208984375 0.0050811767578125 -0.210739135742187 0.208755493164063
0.123977661132812 -0.191986083984375 -0.0596466064453125 0.167404174804688
-0.000671386718749988 -0.214309692382813 0.01275634765625 0.0721511840820312
0.0172119140625 -0.193710327148438 -0.0157880783081055 0.0142126083374023
0.00469970703125002 -0.22637939453125 -0.06756591796875 -0.0768661499023438
0.10186767578125 -0.207611083984375 -0.0623626708984375 -0.171875
0.22479248046875 -0.078948974609375 0.038726806640625 -0.238555908203125
0.212905883789063 0.121719360351563 0.262252807617188 -0.255126953125
-0.015869140625 0.233566284179688 0.471221923828125 -0.0528564453125
-0.126625061035156 0.115432739257812 0.366607666015625 0.180023193359375
-0.143020629882813 0.018798828125 0.0627937316894531 0.01483154296875
-0.19677734375 -0.0281982421875 -0.0281791687011719 -0.0047454833984375
-0.199478149414063 0.0865631103515625 -0.216018676757812 -0.26318359375
-0.04437255859375 0.277679443359375 -0.433990478515625 -0.129119873046875
0.188995361328125 0.172592163085938 -0.428558349609375 0.0956420898437501
0.237930297851563 -0.039093017578125 -0.236923217773437 0.239974975585938
0.0925140380859375 -0.202865600585937 -0.0665740966796875 0.229400634765625
-0.01470947265625 -0.202499389648438 0.0384521484375 0.140731811523438
0.00978088378906249 -0.181869506835938 0.0111083984375 0.0762176513671875
0.0065155029296875 -0.206268310546875 -0.0577239990234375 -0.00875091552734377
0.099761962890625 -0.170394897460938 -0.0803375244140625 -0.117095947265625
0.19140625 -0.0360260009765625 0.00860595703125 -0.228179931640625
0.141433715820313 0.13153076171875 0.265045166015625 -0.270599365234375
-0.06640625 0.16424560546875 0.52166748046875 -0.028778076171875
-0.11639404296875 0.042755126953125 0.378631591796875 0.251708984375
-0.112556457519531 -0.0168609619140625 0.0223846435546875 0.0406913757324219
-0.172012329101562 -0.019989013671875 -0.0785446166992188 0.0300827026367188
-0.150497436523438 0.091796875 -0.226242065429687 -0.1964111328125
-0.0049896240234375 0.219314575195313 -0.41436767578125 -0.100433349609375
0.166748046875 0.111068725585938 -0.435089111328125 0.12261962890625
0.181381225585938 -0.057159423828125 -0.244155883789063 0.280654907226563
0.054351806640625 -0.17242431640625 -0.050384521484375 0.2890625
-0.02081298828125 -0.15618896484375 0.07342529296875 0.199066162109375
0.00135803222656249 -0.14105224609375 0.0364761352539063 0.126754760742188
0.00419616699218749 -0.154754638671875 -0.0530586242675781 0.0459938049316406
0.0713348388671875 -0.115531921386719 -0.093841552734375 -0.08331298828125
0.120994567871094 -0.00943756103515625 0.00334167480468753 -0.236038208007813
0.0622711181640625 0.0912094116210938 0.297760009765625 -0.27325439453125
-0.0712738037109375 0.064727783203125 0.57244873046875 0.032958984375
-0.0663719177246094 -0.0190467834472656 0.371368408203125 0.32806396484375
-0.0652885437011719 -0.03656005859375 -0.0079193115234375 0.0541305541992188
-0.114463806152344 -0.0283050537109375 -0.117164611816406 0.0607528686523438
-0.086395263671875 0.0482025146484375 -0.240127563476562 -0.139266967773438
-0.003631591796875 0.120651245117188 -0.405731201171875 -0.0646667480468749
0.096435546875 0.0587539672851563 -0.428253173828125 0.16107177734375
0.09906005859375 -0.0408935546875 -0.232452392578125 0.3148193359375
0.0196380615234375 -0.102142333984375 -0.0201416015625 0.332977294921875
-0.018707275390625 -0.08465576171875 0.109024047851563 0.236480712890625
-0.00618743896484376 -0.0786666870117188 0.0572662353515625 0.157669067382813
-0.004425048828125 -0.0829391479492188 -0.0464401245117187 0.0782470703125
0.0220108032226562 -0.0620574951171875 -0.0911483764648438 -0.0677719116210937
0.0421104431152344 -0.012542724609375 0.0268096923828125 -0.244644165039062
0.0164833068847656 0.0196132659912109 0.345977783203125 -0.251190185546875
-0.0263710021972656 -0.0113105773925781 0.5992431640625 0.11944580078125
-0.00212478637695313 -0.0352554321289063 0.347381591796875 0.3939208984375
-0.0208206176757813 -0.0286693572998047 -0.0253829956054688 0.0563812255859375
-0.0077509880065918 0.00294971466064453 0.0791473388671875 -0.07293701171875
-0.0256500244140625 -0.04132080078125 -0.26702880859375 -0.441619873046875
-0.0601997375488281 0.0478401184082031 -0.60565185546875 -0.13287353515625
-0.000877380371093759 0.077606201171875 -0.432830810546875 0.240509033203125
0.0424690246582031 0.0416145324707031 -0.0780181884765625 0.261947631835937
0.0393333435058594 0.0070953369140625 0.0818862915039063 0.0871734619140625
0.0262451171875 -0.00495338439941406 0.0266494750976563 -0.100418090820313
0.0267238616943359 0.00378227233886719 -0.0677490234375 -0.161834716796875
0.0226879119873047 0.00415229797363281 -0.115707397460937 -0.246185302734375
0.00767374038696289 -0.000360965728759766 -0.0140380859375 -0.338958740234375
-0.00157880783081055 0.00236392021179199 0.174072265625 -0.339813232421875
0.016963005065918 -0.00959873199462891 0.377532958984375 -0.200164794921875
0.02545166015625 -0.013214111328125 0.43048095703125 0.06256103515625
0.0470619201660156 0.0045166015625 0.29058837890625 0.1029052734375
0.0360755920410156 0.0432319641113281 0.16314697265625 -0.06658935546875
-0.0374069213867188 -0.0275344848632813 0.080810546875 -0.069976806640625
-0.0639457702636719 -0.0693244934082031 -0.241973876953125 -0.4482421875
-0.11163330078125 0.0801849365234375 -0.5887451171875 -0.1705322265625
0.00526428222656251 0.136856079101562 -0.44305419921875 0.19158935546875
0.102066040039063 0.0659255981445313 -0.1107177734375 0.24005126953125
0.0856857299804688 -0.0412979125976563 0.0492935180664063 0.0876617431640625
0.0277099609375 -0.0795211791992187 0.01397705078125 -0.0842742919921875
0.0251541137695312 -0.0689811706542969 -0.0701141357421875 -0.1436767578125
0.010589599609375 -0.081817626953125 -0.1201171875 -0.233901977539062
0.029754638671875 -0.0897979736328125 -0.036163330078125 -0.3270263671875
0.0786361694335938 -0.0571670532226563 0.141754150390625 -0.334686279296875
0.116180419921875 0.00951385498046875 0.349884033203125 -0.225616455078125
0.0546188354492188 0.09356689453125 0.42803955078125 0.015533447265625
-0.0038909912109375 0.0856399536132813 0.30682373046875 0.086151123046875
-0.0402870178222656 0.0625801086425781 0.160598754882813 -0.0653533935546875
-0.0792388916015625 -0.0487899780273438 0.0756988525390625 -0.0673065185546875
-0.115676879882813 -0.0689926147460937 -0.226043701171875 -0.43463134765625
-0.141815185546875 0.134811401367188 -0.5548095703125 -0.17669677734375
0.0350189208984375 0.186508178710938 -0.43365478515625 0.14892578125
0.162918090820313 0.06793212890625 -0.141708374023438 0.215255737304687
0.117019653320313 -0.0946807861328125 0.00971221923828126 0.0970001220703125
0.0208740234375 -0.143585205078125 0.00337600708007813 -0.0475654602050781
0.0212631225585937 -0.131217956542969 -0.0600204467773438 -0.103370666503906
0.000396728515625003 -0.156143188476563 -0.109573364257812 -0.19830322265625
0.0515289306640625 -0.163726806640625 -0.048553466796875 -0.28912353515625
0.150222778320312 -0.10089111328125 0.109100341796875 -0.308837890625
0.196121215820313 0.03515625 0.317962646484375 -0.24188232421875
0.0671234130859375 0.181365966796875 0.429718017578125 -0.023101806640625
-0.05206298828125 0.142578125 0.326629638671875 0.0928955078125
-0.101066589355469 0.0689315795898437 0.138656616210938 -0.0464248657226562
-0.131889343261719 -0.0516204833984375 0.0584945678710937 -0.059600830078125
-0.175949096679688 -0.0270843505859375 -0.21807861328125 -0.395660400390625
-0.138168334960938 0.212066650390625 -0.51177978515625 -0.163726806640625
0.094757080078125 0.216583251953125 -0.422088623046875 0.115447998046875
0.2186279296875 0.0420074462890625 -0.175033569335938 0.202728271484375
0.127212524414063 -0.150009155273438 -0.0298080444335937 0.123321533203125
0.006622314453125 -0.189727783203125 0.00238752365112305 0.00645875930786132
0.016998291015625 -0.174819946289063 -0.0404167175292969 -0.0478401184082031
-0.0042266845703125 -0.205276489257813 -0.0897216796875 -0.1424560546875
0.0750732421875 -0.205093383789063 -0.0560302734375 -0.2340087890625
0.202239990234375 -0.109832763671875 0.0754241943359375 -0.272567749023438
0.233245849609375 0.0742645263671875 0.285369873046875 -0.252471923828125
0.0434722900390625 0.234222412109375 0.4437255859375 -0.0499267578125
-0.0966796875 0.15386962890625 0.349700927734375 0.126495361328125
-0.136146545410156 0.0534820556640625 0.104156494140625 -0.0143585205078125
-0.175735473632812 -0.0396575927734375 0.0229988098144531 -0.042694091796875
-0.209518432617187 0.0382843017578125 -0.216033935546875 -0.33868408203125
-0.0950775146484375 0.271926879882813 -0.467987060546875 -0.147125244140625
0.15911865234375 0.209121704101563 -0.420989990234375 0.0974121093750001
0.248275756835937 -0.0044403076171875 -0.209136962890625 0.212921142578125
0.112808227539063 -0.191619873046875 -0.05657958984375 0.171356201171875
-0.0108642578125 -0.208724975585937 0.0145645141601563 0.0712814331054687
0.0103607177734375 -0.19219970703125 -0.0149860382080078 0.0142850875854492
-0.00328063964843751 -0.222213745117188 -0.0715103149414062 -0.0755615234375
0.0923004150390625 -0.205184936523438 -0.0665283203125 -0.171234130859375
0.2177734375 -0.0824432373046875 0.0391998291015625 -0.241683959960938
0.212203979492187 0.11529541015625 0.2633056640625 -0.26300048828125
-0.0121307373046875 0.22869873046875 0.475433349609375 -0.057342529296875
-0.123725891113281 0.113441467285156 0.372467041015625 0.18096923828125
-0.136634826660156 0.0207748413085937 0.0632591247558594 0.020294189453125
-0.191513061523438 -0.0225372314453125 -0.025787353515625 -0.0132713317871094
-0.19744873046875 0.0900115966796875 -0.220672607421875 -0.270767211914062
-0.0367584228515625 0.276641845703125 -0.4371337890625 -0.124969482421875
0.191513061523438 0.163726806640625 -0.430633544921875 0.102874755859375
0.23370361328125 -0.0483245849609375 -0.23358154296875 0.2451171875
0.0817718505859375 -0.20208740234375 -0.0620880126953125 0.233016967773438
-0.02447509765625 -0.197097778320313 0.041595458984375 0.137626647949219
0.00280761718750002 -0.180755615234375 0.0125503540039063 0.0740127563476563
-0.000930786132812515 -0.202346801757812 -0.0591011047363281 -0.00835418701171875
0.09112548828125 -0.169097900390625 -0.0817337036132812 -0.117095947265625
0.1859130859375 -0.040191650390625 0.010223388671875 -0.230850219726562
0.141204833984375 0.125015258789063 0.266036987304688 -0.27691650390625
-0.06353759765625 0.161041259765625 0.52606201171875 -0.0345458984375
-0.114547729492188 0.041229248046875 0.385223388671875 0.252471923828125
-0.106742858886719 -0.0152053833007812 0.0246925354003906 0.0469856262207031
-0.1683349609375 -0.01446533203125 -0.0752182006835938 0.0224227905273437
-0.148422241210938 0.094482421875 -0.2314453125 -0.203201293945313
0.00106811523437502 0.218109130859375 -0.418609619140625 -0.0960693359375
0.168975830078125 0.104202270507813 -0.434661865234375 0.130462646484375
0.178314208984375 -0.0648345947265625 -0.239654541015625 0.28570556640625
0.04559326171875 -0.17083740234375 -0.043609619140625 0.291290283203125
-0.028411865234375 -0.152633666992188 0.0778961181640625 0.193893432617188
-0.00389099121093749 -0.1409912109375 0.0391082763671875 0.122894287109375
-0.00169372558593751 -0.152725219726563 -0.0524826049804688 0.045166015625
0.06494140625 -0.114799499511719 -0.09271240234375 -0.084136962890625
0.116950988769531 -0.01251220703125 0.00617980957031248 -0.2386474609375
0.0625762939453125 0.0871047973632813 0.300018310546875 -0.2783203125
-0.0693931579589844 0.0634307861328125 0.57763671875 0.0267333984375
-0.0651168823242188 -0.0201683044433594 0.3797607421875 0.329803466796875
-0.0606498718261719 -0.0344390869140625 -0.0041046142578125 0.0609321594238281
-0.112617492675781 -0.0233535766601562 -0.113265991210938 0.0541152954101562
-0.0853958129882813 0.050994873046875 -0.244354248046875 -0.144500732421875
0.000160217285156258 0.119873046875 -0.408905029296875 -0.060516357421875
0.0986404418945313 0.0530548095703125 -0.42742919921875 0.16986083984375
0.097198486328125 -0.0459518432617188 -0.2266845703125 0.32061767578125
0.0144500732421875 -0.101394653320313 -0.01226806640625 0.3330078125
-0.0230865478515625 -0.0828781127929688 0.11383056640625 0.229522705078125
-0.01007080078125 -0.079681396484375 0.0603790283203125 0.15313720703125
-0.00793457031250001 -0.082672119140625 -0.0451507568359375 0.0771636962890625
0.0185546875 -0.06121826171875 -0.0884475708007813 -0.068939208984375
0.0405158996582031 -0.0142478942871094 0.0301055908203125 -0.247314453125
0.0162086486816406 0.0172157287597656 0.348297119140625 -0.255035400390625
-0.0261821746826172 -0.0122547149658203 0.60479736328125 0.11358642578125
-0.00231170654296875 -0.0363388061523437 0.356475830078125 0.3934326171875
-0.0176372528076172 -0.0264835357666016 -0.0209312438964844 0.06427001953125
-0.00472307205200195 0.00263071060180664 0.0778350830078125 -0.0844345092773438
-0.02911376953125 -0.0425033569335938 -0.283599853515625 -0.453887939453125
-0.0623970031738281 0.0500946044921875 -0.62744140625 -0.12701416015625
0.000251770019531251 0.0785293579101562 -0.443939208984375 0.25335693359375
0.0436248779296875 0.0414466857910156 -0.079437255859375 0.27008056640625
0.0393333435058594 0.00682449340820313 0.0841522216796875 0.0918426513671875
0.0277061462402344 -0.00445938110351563 0.0241546630859375 -0.0984725952148438
0.0289955139160156 0.00252342224121094 -0.07403564453125 -0.160568237304688
0.0251407623291016 0.00352859497070313 -0.12738037109375 -0.245208740234375
0.00866174697875977 0.00165462493896484 -0.025146484375 -0.344482421875
-0.00179100036621094 0.00480270385742187 0.169891357421875 -0.355224609375
0.0148286819458008 -0.0108356475830078 0.38653564453125 -0.218170166015625
0.0238571166992188 -0.0151042938232422 0.45001220703125 0.056304931640625
0.0466690063476562 0.00305938720703125 0.304473876953125 0.1063232421875
0.03936767578125 0.0417976379394531 0.165618896484375 -0.0650634765625
-0.0338840484619141 -0.0265102386474609 0.0796432495117188 -0.0814743041992188
-0.066497802734375 -0.0697784423828125 -0.257110595703125 -0.463653564453125
-0.111251831054687 0.0840835571289063 -0.609619140625 -0.16571044921875
0.00794219970703126 0.137939453125 -0.4554443359375 0.20458984375
0.104080200195312 0.0630569458007813 -0.113983154296875 0.248825073242188
0.0827865600585938 -0.0432357788085937 0.0508651733398438 0.092987060546875
0.0244903564453125 -0.0786285400390625 0.01171875 -0.0819320678710938
0.02374267578125 -0.0701255798339844 -0.0754852294921875 -0.1416015625
0.00862121582031251 -0.083099365234375 -0.13250732421875 -0.23272705078125
0.0270233154296875 -0.0892486572265625 -0.04779052734375 -0.331085205078125
0.0775604248046875 -0.058135986328125 0.136627197265625 -0.348114013671875
0.116836547851563 0.00624847412109375 0.35687255859375 -0.24462890625
0.0563278198242188 0.0925521850585938 0.4459228515625 0.00634765625000001
-0.0036773681640625 0.0859527587890625 0.32049560546875 0.087646484375
-0.0370941162109375 0.0627288818359375 0.16241455078125 -0.06439208984375
-0.0759429931640625 -0.0467758178710938 0.0766448974609375 -0.0791778564453125
-0.11846923828125 -0.0689239501953125 -0.239898681640625 -0.448577880859375
-0.139564514160156 0.139724731445312 -0.57440185546875 -0.17230224609375
0.0402679443359375 0.186294555664063 -0.4461669921875 0.1600341796875
0.16522216796875 0.0620574951171875 -0.144515991210938 0.224456787109375
0.112136840820313 -0.09759521484375 0.0102462768554688 0.102676391601563
0.01422119140625 -0.142898559570313 0.00269317626953125 -0.0458793640136719
0.0168380737304687 -0.133567810058594 -0.0637283325195312 -0.102218627929688
-0.00546264648437502 -0.15692138671875 -0.120391845703125 -0.196868896484375
0.0457763671875 -0.163955688476563 -0.059600830078125 -0.293701171875
0.148284912109375 -0.105392456054688 0.10479736328125 -0.321868896484375
0.198532104492188 0.0292816162109375 0.32379150390625 -0.261383056640625
0.07196044921875 0.181228637695312 0.446258544921875 -0.032958984375
-0.051483154296875 0.144332885742188 0.34112548828125 0.094879150390625
-0.0987014770507813 0.070587158203125 0.140327453613281 -0.0445709228515625
-0.12890625 -0.048095703125 0.0602340698242187 -0.0720062255859375
-0.178192138671875 -0.0244903564453125 -0.231536865234375 -0.410400390625
-0.132644653320313 0.217788696289063 -0.528076171875 -0.160552978515625
0.102035522460937 0.215225219726563 -0.433990478515625 0.126190185546875
0.220855712890625 0.032379150390625 -0.1776123046875 0.212142944335938
0.118988037109375 -0.15350341796875 -0.028106689453125 0.130722045898438
-0.00292968749999998 -0.1881103515625 0.00307226181030273 0.00727319717407225
0.009613037109375 -0.17767333984375 -0.04193115234375 -0.0475349426269531
-0.012603759765625 -0.206939697265625 -0.09906005859375 -0.14215087890625
0.067169189453125 -0.206283569335938 -0.0648651123046875 -0.237548828125
0.199462890625 -0.116744995117188 0.072113037109375 -0.284576416015625
0.238693237304687 0.06756591796875 0.29071044921875 -0.270599365234375
0.049224853515625 0.235641479492188 0.45855712890625 -0.06109619140625
-0.0955352783203125 0.1571044921875 0.3653564453125 0.127105712890625
-0.133415222167969 0.0563507080078125 0.106338500976562 -0.0108718872070312
-0.174713134765625 -0.0338287353515625 0.0254020690917969 -0.0538291931152344
-0.212005615234375 0.0444488525390625 -0.229827880859375 -0.35302734375
-0.08642578125 0.278762817382813 -0.4835205078125 -0.144439697265625
0.16766357421875 0.204925537109375 -0.4324951171875 0.10894775390625
0.249786376953125 -0.0162506103515625 -0.210739135742188 0.223800659179687
0.10357666015625 -0.196044921875 -0.053131103515625 0.180191040039063
-0.0217437744140625 -0.207473754882813 0.0176315307617187 0.0718154907226562
0.00164794921874998 -0.195571899414063 -0.0139694213867188 0.014073371887207
-0.0124359130859375 -0.223419189453125 -0.0776138305664063 -0.0750656127929688
0.084320068359375 -0.20758056640625 -0.073638916015625 -0.173660278320313
0.216049194335938 -0.0902862548828125 0.0371246337890625 -0.252197265625
0.2174072265625 0.108963012695313 0.268310546875 -0.280563354492188
-0.00691223144531251 0.231475830078125 0.489227294921875 -0.06878662109375
-0.123588562011719 0.115386962890625 0.389617919921875 0.18389892578125
-0.133827209472656 0.022613525390625 0.066131591796875 0.0251846313476563
-0.1922607421875 -0.0157623291015625 -0.0238800048828125 -0.0229835510253906
-0.19866943359375 0.09735107421875 -0.234588623046875 -0.283203125
-0.026611328125 0.282135009765625 -0.45269775390625 -0.1221923828125
0.200241088867188 0.158279418945313 -0.441436767578125 0.115997314453125
0.234329223632813 -0.06085205078125 -0.234405517578125 0.258010864257813
0.0718231201171875 -0.2066650390625 -0.0552520751953125 0.242385864257813
-0.035675048828125 -0.195816040039063 0.04718017578125 0.137504577636719
-0.00595092773437499 -0.183975219726563 0.015594482421875 0.0737762451171875
-0.0100250244140625 -0.204177856445313 -0.0626029968261719 -0.00747299194335939
0.084259033203125 -0.1715087890625 -0.0860443115234375 -0.119544982910156
0.184585571289063 -0.046783447265625 0.00965881347656251 -0.24041748046875
0.14605712890625 0.120803833007813 0.271942138671875 -0.293212890625
-0.060394287109375 0.1634521484375 0.54229736328125 -0.046478271484375
-0.114410400390625 0.041595458984375 0.404541015625 0.255706787109375
-0.104499816894531 -0.0134124755859375 0.0285682678222656 0.0537338256835938
-0.16900634765625 -0.00769042968750002 -0.0738983154296875 0.01495361328125
-0.14898681640625 0.10211181640625 -0.243972778320313 -0.212478637695312
0.010101318359375 0.222183227539062 -0.432373046875 -0.092498779296875
0.176101684570313 0.0974273681640625 -0.445220947265625 0.145660400390625
0.178359985351563 -0.07574462890625 -0.238189697265625 0.2998046875
0.0372161865234375 -0.173782348632813 -0.034912109375 0.300506591796875
-0.03778076171875 -0.15167236328125 0.0861358642578125 0.192474365234375
-0.011871337890625 -0.143692016601563 0.0440216064453125 0.122146606445313
-0.00863647460937499 -0.15472412109375 -0.0526008605957031 0.0461311340332031
0.0600204467773438 -0.115806579589844 -0.0948944091796875 -0.0856704711914063
0.11651611328125 -0.0175094604492188 0.0063018798828125 -0.247238159179687
0.064971923828125 0.0845108032226563 0.306976318359375 -0.29388427734375
-0.0687713623046875 0.064300537109375 0.59600830078125 0.016845703125
-0.0654525756835938 -0.0210304260253906 0.400634765625 0.334381103515625
-0.0581245422363281 -0.0335235595703125 0.000717163085937501 0.0693778991699219
-0.113861083984375 -0.0178298950195313 -0.112640380859375 0.0488052368164063
-0.0856475830078125 0.0556182861328125 -0.256515502929687 -0.151199340820313
0.00605773925781249 0.122596740722656 -0.423797607421875 -0.055145263671875
0.103103637695313 0.048492431640625 -0.4365234375 0.186065673828125
0.0971298217773438 -0.05267333984375 -0.223419189453125 0.336669921875
0.00888824462890624 -0.103744506835937 -0.000915527343750034 0.342437744140625
-0.0298690795898437 -0.0823822021484375 0.123275756835938 0.227874755859375
-0.0151214599609375 -0.0822525024414063 0.0664520263671875 0.151763916015625
-0.0120697021484375 -0.084625244140625 -0.0428009033203125 0.0783920288085938
0.0158271789550781 -0.0622329711914063 -0.0892333984375 -0.070892333984375
0.0398292541503906 -0.0170974731445313 0.0312957763671875 -0.255935668945313
0.0171184539794922 0.0154800415039063 0.356689453125 -0.27105712890625
-0.0261058807373047 -0.0125160217285156 0.6260986328125 0.106201171875
-0.00223541259765625 -0.0369148254394531 0.3782958984375 0.40338134765625
-0.0154438018798828 -0.0264663696289063 -0.01513671875 0.073944091796875
-0.00179529190063477 0.00243568420410156 0.0737686157226563 -0.0988540649414063
-0.0337715148925781 -0.0422172546386719 -0.315093994140625 -0.460784912109375
-0.0627098083496094 0.0553779602050781 -0.65631103515625 -0.103515625
0.00382232666015625 0.0811080932617187 -0.451934814453125 0.282196044921875
0.0456199645996094 0.0403175354003906 -0.0745849609375 0.283905029296875
0.0395851135253906 0.00554656982421875 0.0898895263671875 0.0941619873046875
0.0293045043945313 -0.00484848022460938 0.0191421508789062 -0.0979843139648437
0.0313930511474609 0.00124931335449219 -0.0853424072265625 -0.15802001953125
0.0274906158447266 0.00177574157714844 -0.146759033203125 -0.2425537109375
0.0104732513427734 0.00300788879394531 -0.046417236328125 -0.351318359375
-0.000959396362304688 0.00710058212280273 0.15643310546875 -0.3780517578125
0.0128011703491211 -0.0107717514038086 0.39190673828125 -0.24957275390625
0.0216655731201172 -0.0178508758544922 0.475189208984375 0.0347900390625
0.0463905334472656 -0.000553131103515625 0.32440185546875 0.100555419921875
0.0441703796386719 0.0388069152832031 0.16778564453125 -0.0689697265625
-0.03106689453125 -0.0259246826171875 0.0766143798828125 -0.0968780517578125
-0.071685791015625 -0.0685272216796875 -0.288177490234375 -0.473846435546875
-0.109695434570312 0.0916595458984375 -0.63818359375 -0.14434814453125
0.0143585205078125 0.139846801757813 -0.465057373046875 0.229156494140625
0.107551574707031 0.0574874877929688 -0.110855102539062 0.263397216796875
0.0796432495117187 -0.0466232299804688 0.0554885864257813 0.0963287353515625
0.0203170776367188 -0.0790481567382813 0.00748443603515625 -0.0817031860351563
0.0203094482421875 -0.072509765625 -0.0855484008789062 -0.139556884765625
0.004302978515625 -0.0843124389648438 -0.1514892578125 -0.229537963867188
0.0227737426757813 -0.0902328491210937 -0.06951904296875 -0.336517333984375
0.0759124755859375 -0.0624008178710938 0.1226806640625 -0.368804931640625
0.118934631347656 -0.0001678466796875 0.358489990234375 -0.2762451171875
0.06109619140625 0.0909271240234375 0.46759033203125 -0.015289306640625
-0.0015411376953125 0.087646484375 0.341064453125 0.081298828125
-0.0330085754394531 0.0640296936035156 0.164581298828125 -0.0678558349609375
-0.0738372802734375 -0.0431594848632812 0.074371337890625 -0.0949249267578125
-0.123641967773437 -0.0649871826171875 -0.2703857421875 -0.462615966796875
-0.133804321289062 0.149444580078125 -0.60186767578125 -0.155517578125
0.050140380859375 0.186508178710938 -0.45770263671875 0.185089111328125
0.169998168945313 0.0517425537109375 -0.143295288085937 0.240036010742187
0.104690551757813 -0.103485107421875 0.0149917602539063 0.109107971191406
0.00479125976562499 -0.141799926757812 0.000408172607421873 -0.0457344055175781
0.00795745849609374 -0.136337280273438 -0.0709228515625 -0.100120544433594
-0.0156707763671875 -0.158615112304688 -0.13787841796875 -0.193771362304688
0.0366668701171875 -0.167465209960938 -0.079345703125 -0.29779052734375
0.145004272460938 -0.114822387695312 0.09173583984375 -0.34130859375
0.204544067382813 0.0189666748046875 0.322906494140625 -0.291778564453125
0.0816192626953125 0.181594848632813 0.46533203125 -0.056396484375
-0.0469512939453125 0.149581909179688 0.362396240234375 0.08734130859375
-0.0953292846679688 0.0747833251953125 0.14239501953125 -0.046295166015625
-0.128082275390625 -0.0413742065429687 0.05938720703125 -0.0873031616210938
-0.182540893554688 -0.0161590576171875 -0.259918212890625 -0.422943115234375
-0.121185302734375 0.229507446289063 -0.55426025390625 -0.143798828125
0.115493774414063 0.211090087890625 -0.4462890625 0.15008544921875
0.224517822265625 0.017181396484375 -0.17645263671875 0.229736328125
0.10809326171875 -0.16119384765625 -0.0227737426757813 0.139625549316406
-0.0167694091796875 -0.187225341796875 0.00390625 0.00720548629760741
-0.00308227539062501 -0.1815185546875 -0.0455322265625 -0.046722412109375
-0.0268402099609375 -0.20928955078125 -0.112449645996094 -0.138641357421875
0.0550537109375 -0.212249755859375 -0.0813446044921875 -0.24005126953125
0.196258544921875 -0.129959106445313 0.06103515625 -0.30145263671875
0.2469482421875 0.05560302734375 0.289154052734375 -0.2998046875
0.0619964599609375 0.237548828125 0.476348876953125 -0.085205078125
-0.0916748046875 0.1632080078125 0.388946533203125 0.11907958984375
-0.131172180175781 0.0619354248046875 0.109329223632812 -0.0104598999023437
-0.17523193359375 -0.0245819091796875 0.0245170593261719 -0.0675468444824219
-0.214218139648437 0.0568389892578125 -0.2557373046875 -0.364501953125
-0.07000732421875 0.289459228515625 -0.5074462890625 -0.13116455078125
0.18365478515625 0.19732666015625 -0.445953369140625 0.13330078125
0.251846313476563 -0.0351409912109375 -0.20855712890625 0.243453979492187
0.0897064208984375 -0.2034912109375 -0.0444488525390625 0.191192626953125
-0.0381317138671875 -0.206085205078125 0.0224380493164062 0.07147216796875
-0.012786865234375 -0.199188232421875 -0.0129108428955078 0.0138959884643555
-0.0286712646484375 -0.226242065429688 -0.0862579345703125 -0.0718994140625
0.0719146728515625 -0.214218139648438 -0.085906982421875 -0.175552368164062
0.2137451171875 -0.104736328125 0.02825927734375 -0.2667236328125
0.227752685546875 0.0980682373046875 0.266021728515625 -0.308807373046875
0.00366210937499998 0.235733032226563 0.508880615234375 -0.0941162109375
-0.121078491210938 0.121757507324219 0.41619873046875 0.17657470703125
-0.13238525390625 0.0276947021484375 0.0709762573242187 0.0291061401367188
-0.193344116210938 -0.00433349609374998 -0.02435302734375 -0.0330867767333984
-0.19793701171875 0.111984252929687 -0.25830078125 -0.291229248046875
-0.00842285156250001 0.291351318359375 -0.474822998046875 -0.108001708984375
0.2149658203125 0.1473388671875 -0.45343017578125 0.141021728515625
0.234512329101563 -0.0801544189453125 -0.228561401367188 0.280319213867187
0.057281494140625 -0.212875366210938 -0.042724609375 0.254409790039063
-0.0517730712890625 -0.193878173828125 0.056640625 0.135940551757813
-0.0204315185546875 -0.187820434570313 0.0207138061523438 0.0730514526367187
-0.0257720947265625 -0.207138061523438 -0.0658073425292969 -0.00440979003906251
0.0732574462890625 -0.177734375 -0.0947113037109375 -0.11956787109375
0.183792114257813 -0.05889892578125 0.00169372558593752 -0.252578735351563
0.15545654296875 0.113906860351563 0.27001953125 -0.320343017578125
-0.05364990234375 0.168853759765625 0.563232421875 -0.0740966796875
-0.114616394042969 0.0460891723632813 0.435638427734375 0.249908447265625
-0.103202819824219 -0.0102920532226562 0.0350189208984375 0.0605888366699219
-0.171035766601563 0.00352478027343752 -0.0743484497070313 0.00896453857421875
-0.1466064453125 0.114654541015625 -0.266342163085937 -0.216888427734375
0.026275634765625 0.228057861328125 -0.453765869140625 -0.0772399902343751
0.187225341796875 0.086456298828125 -0.4549560546875 0.172882080078125
0.176620483398438 -0.0919952392578125 -0.229156494140625 0.32440185546875
0.024566650390625 -0.179306030273438 -0.017364501953125 0.3128662109375
-0.050506591796875 -0.149612426757812 0.099365234375 0.190093994140625
-0.0236663818359375 -0.147186279296875 0.05242919921875 0.1209716796875
-0.02117919921875 -0.157211303710937 -0.0512733459472656 0.0498847961425781
0.0516891479492188 -0.121574401855469 -0.100196838378906 -0.0848770141601563
0.115554809570312 -0.0261688232421875 -0.00155639648437501 -0.259765625
0.0702743530273438 0.0808868408203125 0.307159423828125 -0.321624755859375
-0.066619873046875 0.067779541015625 0.622314453125 -0.00885009765625
-0.0665283203125 -0.0201873779296875 0.43511962890625 0.331878662109375
-0.056976318359375 -0.0321273803710938 0.00815582275390624 0.0782089233398438
-0.1146240234375 -0.00927734374999999 -0.112548828125 0.0469589233398437
-0.0839462280273437 0.0637130737304688 -0.276504516601563 -0.151275634765625
0.015777587890625 0.125389099121094 -0.4429931640625 -0.0390014648437501
0.109535217285156 0.0408248901367187 -0.441925048828125 0.2158203125
0.0950393676757813 -0.0634689331054688 -0.2117919921875 0.36016845703125
0.000160217285156258 -0.106178283691406 0.020782470703125 0.352142333984375
-0.0372848510742187 -0.0807723999023438 0.140213012695313 0.223831176757813
-0.0229949951171875 -0.0843124389648438 0.077850341796875 0.149612426757813
-0.0196685791015625 -0.08673095703125 -0.0384368896484375 0.0815048217773438
0.0112075805664063 -0.0640335083007813 -0.0923385620117188 -0.0707168579101562
0.0384292602539063 -0.0211219787597656 0.0253448486328125 -0.269515991210938
0.0180778503417969 0.0134658813476562 0.360809326171875 -0.297821044921875
-0.0269927978515625 -0.0121421813964844 0.6580810546875 0.08111572265625
-0.00329208374023438 -0.0387687683105469 0.41595458984375 0.404388427734375
-0.0142612457275391 -0.0260047912597656 -0.00783538818359375 0.0847091674804688
0.00108230113983154 0.00181901454925537 0.0643997192382812 -0.114517211914063
-0.0388755798339844 -0.0389976501464844 -0.356719970703125 -0.45465087890625
-0.0594863891601562 0.0619659423828125 -0.677001953125 -0.060791015625
0.00968933105468749 0.0824661254882813 -0.445556640625 0.317535400390625
0.0481986999511719 0.0377960205078125 -0.060272216796875 0.296630859375
0.0403251647949219 0.00439453125 0.0973052978515625 0.0924072265625
0.0309162139892578 -0.00633811950683594 0.0119857788085938 -0.09716796875
0.0324268341064453 -0.00159645080566406 -0.0992889404296875 -0.150192260742188
0.0283374786376953 -0.000640869140625 -0.170791625976563 -0.230926513671875
0.0120744705200195 0.00308513641357422 -0.077056884765625 -0.3516845703125
0.000657081604003907 0.00889968872070313 0.1297607421875 -0.39849853515625
0.0106697082519531 -0.0108795166015625 0.38232421875 -0.288818359375
0.0186500549316406 -0.0202674865722656 0.49407958984375 -0.000762939453125001
0.0456619262695313 -0.00475692749023438 0.3443603515625 0.083648681640625
0.0479583740234375 0.0322990417480469 0.165908813476563 -0.075958251953125
-0.0282344818115234 -0.0239028930664063 0.0684432983398438 -0.112419128417969
-0.0773162841796875 -0.063690185546875 -0.328887939453125 -0.470367431640625
-0.102561950683594 0.100372314453125 -0.66082763671875 -0.104736328125
0.02490234375 0.138992309570313 -0.4632568359375 0.266754150390625
0.110710144042969 0.0485992431640625 -0.098907470703125 0.2772216796875
0.0744705200195313 -0.051239013671875 0.0621414184570313 0.0980606079101563
0.014556884765625 -0.0782852172851563 0.000839233398437505 -0.0803604125976563
0.0144805908203125 -0.0742874145507813 -0.097564697265625 -0.132492065429688
-0.0029754638671875 -0.0844192504882813 -0.175064086914063 -0.217041015625
0.0161972045898437 -0.0906524658203125 -0.098876953125 -0.335479736328125
0.0718002319335938 -0.0683059692382813 0.095550537109375 -0.387664794921875
0.119049072265625 -0.0087890625 0.345977783203125 -0.314117431640625
0.0674362182617188 0.0868453979492188 0.48248291015625 -0.05157470703125
0.00428771972656251 0.087310791015625 0.358795166015625 0.062896728515625
-0.0282402038574219 0.0638618469238281 0.162445068359375 -0.0747528076171875
-0.0708389282226563 -0.0376358032226562 0.06744384765625 -0.111419677734375
-0.127960205078125 -0.0564041137695312 -0.308990478515625 -0.460968017578125
-0.121185302734375 0.160003662109375 -0.62506103515625 -0.11822509765625
0.0651702880859375 0.181488037109375 -0.458404541015625 0.21978759765625
0.171630859375 0.0360107421875 -0.132171630859375 0.255905151367187
0.093048095703125 -0.109443664550781 0.0225067138671875 0.113151550292969
-0.00796508789062499 -0.139434814453125 -0.00365447998046875 -0.0451126098632813
-0.00428009033203126 -0.137252807617188 -0.07977294921875 -0.0951156616210938
-0.0301361083984375 -0.156814575195313 -0.1580810546875 -0.182327270507813
0.0229949951171875 -0.169692993164063 -0.106109619140625 -0.295013427734375
0.13592529296875 -0.127189636230469 0.0672607421875 -0.356536865234375
0.20697021484375 0.0027923583984375 0.3082275390625 -0.326812744140625
0.09552001953125 0.1768798828125 0.4764404296875 -0.092559814453125
-0.037994384765625 0.153472900390625 0.38201904296875 0.067291259765625
-0.0895843505859375 0.0796661376953125 0.141372680664063 -0.0509796142578125
-0.125160217285156 -0.0317611694335937 0.0530853271484375 -0.103263854980469
-0.1834716796875 -0.00219726562500002 -0.298065185546875 -0.4234619140625
-0.101364135742188 0.238998413085938 -0.57562255859375 -0.11456298828125
0.133026123046875 0.20068359375 -0.44903564453125 0.184326171875
0.224319458007812 -0.0038299560546875 -0.166488647460938 0.248016357421875
0.091888427734375 -0.16748046875 -0.0115966796875 0.146987915039062
-0.03399658203125 -0.181869506835938 0.00411176681518555 0.00695371627807616
-0.0203399658203125 -0.181198120117188 -0.0495986938476562 -0.0441322326660156
-0.0466766357421875 -0.206649780273437 -0.127456665039063 -0.129142761230469
0.0370941162109375 -0.2159423828125 -0.103485107421875 -0.236862182617188
0.185684204101563 -0.147048950195313 0.039520263671875 -0.314666748046875
0.253189086914063 0.0358123779296875 0.273681640625 -0.33172607421875
0.0807647705078125 0.235580444335938 0.484619140625 -0.122314453125
-0.0817108154296875 0.17047119140625 0.41119384765625 0.098846435546875
-0.125907897949219 0.0694808959960937 0.111480712890625 -0.0125808715820312
-0.172775268554688 -0.010528564453125 0.0198745727539062 -0.081085205078125
-0.209808349609375 0.0741424560546875 -0.29150390625 -0.363677978515625
-0.044464111328125 0.296478271484375 -0.527557373046875 -0.101043701171875
0.200546264648438 0.181137084960938 -0.448822021484375 0.167724609375
0.24755859375 -0.0599365234375 -0.1951904296875 0.265182495117188
0.0692596435546875 -0.208984375 -0.029022216796875 0.200546264648438
-0.057708740234375 -0.199554443359375 0.0282440185546875 0.0691490173339844
-0.032318115234375 -0.198318481445313 -0.0122041702270508 0.0136957168579101
-0.0512237548828125 -0.223281860351562 -0.0948715209960938 -0.0648956298828125
0.0528106689453125 -0.219573974609375 -0.101577758789062 -0.17144775390625
0.20416259765625 -0.1236572265625 0.00971984863281253 -0.277908325195313
0.236724853515625 0.080108642578125 0.250640869140625 -0.338623046875
0.022125244140625 0.2373046875 0.516082763671875 -0.1336669921875
-0.113601684570312 0.130050659179688 0.443206787109375 0.153839111328125
-0.129180908203125 0.0358963012695313 0.0760574340820312 0.030029296875
-0.190887451171875 0.012054443359375 -0.0268058776855469 -0.0424308776855469
-0.19024658203125 0.129928588867188 -0.288909912109375 -0.28875732421875
0.018524169921875 0.294036865234375 -0.4949951171875 -0.0799560546875001
0.228897094726563 0.127975463867188 -0.45513916015625 0.17755126953125
0.227127075195312 -0.1044921875 -0.211578369140625 0.30426025390625
0.036224365234375 -0.21697998046875 -0.0214691162109375 0.263778686523438
-0.0706787109375 -0.186752319335938 0.0683059692382813 0.131019592285156
-0.0397186279296875 -0.186874389648438 0.0272674560546875 0.0704421997070313
-0.0460968017578125 -0.20458984375 -0.0674781799316406 0.00050354003906248
0.0572509765625 -0.18365478515625 -0.105064392089844 -0.115203857421875
0.177413940429687 -0.0753021240234375 -0.0144805908203125 -0.2618408203125
0.1644287109375 0.101486206054688 0.255157470703125 -0.350341796875
-0.0407562255859375 0.172958374023438 0.5738525390625 -0.1158447265625
-0.112045288085938 0.05230712890625 0.469512939453125 0.2274169921875
-0.101844787597656 -0.00473785400390623 0.0435981750488281 0.0649566650390625
-0.168045043945312 0.018951416015625 -0.074951171875 0.00457000732421876
-0.137931823730469 0.129364013671875 -0.291595458984375 -0.210357666015625
0.0477142333984375 0.227157592773437 -0.471099853515625 -0.0499267578124999
0.196914672851563 0.0693359375 -0.45330810546875 0.210601806640625
0.168487548828125 -0.11090087890625 -0.20770263671875 0.348724365234375
0.00669860839843752 -0.180694580078125 0.009521484375 0.31982421875
-0.0661773681640625 -0.144027709960937 0.116287231445313 0.181137084960938
-0.0392303466796875 -0.146499633789063 0.0638427734375 0.115852355957031
-0.0378875732421875 -0.155715942382812 -0.0477638244628906 0.0534515380859375
0.0403594970703125 -0.125823974609375 -0.106216430664063 -0.0808639526367188
0.111984252929687 -0.0369644165039063 -0.0163421630859375 -0.268829345703125
0.07666015625 0.0740127563476563 0.294403076171875 -0.352813720703125
-0.0606536865234375 0.072021484375 0.63787841796875 -0.05438232421875
-0.0678672790527344 -0.0177040100097656 0.4744873046875 0.311614990234375
-0.0569267272949219 -0.0286941528320312 0.0190963745117187 0.0855178833007813
-0.112571716308594 0.00207519531250001 -0.110649108886719 0.0463790893554687
-0.0780563354492188 0.0719223022460938 -0.297576904296875 -0.14215087890625
0.0283126831054688 0.125312805175781 -0.457122802734375 -0.00952148437500006
0.11474609375 0.0284271240234375 -0.436370849609375 0.253509521484375
0.088775634765625 -0.0752334594726563 -0.18585205078125 0.384979248046875
-0.0106353759765625 -0.1060791015625 0.052001953125 0.355865478515625
-0.04583740234375 -0.076934814453125 0.160964965820312 0.211105346679688
-0.0324172973632813 -0.083953857421875 0.0914459228515625 0.143218994140625
-0.0293960571289063 -0.086273193359375 -0.0310897827148438 0.0841751098632812
0.00484085083007812 -0.0655097961425781 -0.0962753295898438 -0.06744384765625
0.0355339050292969 -0.0263481140136719 0.010711669921875 -0.280441284179688
0.0184803009033203 0.0101585388183594 0.351409912109375 -0.331451416015625
-0.0268974304199219 -0.0110626220703125 0.6802978515625 0.03656005859375
-0.0055084228515625 -0.0393409729003906 0.459625244140625 0.38494873046875
-0.0140609741210938 -0.0254478454589844 0.0045928955078125 0.0937271118164063
0.00428342819213867 0.000843524932861328 0.0508804321289063 -0.125831604003906
-0.0419578552246094 -0.034393310546875 -0.38970947265625 -0.428619384765625
-0.0540618896484375 0.0662384033203125 -0.67401123046875 -0.01177978515625
0.015716552734375 0.0800094604492188 -0.422210693359375 0.348297119140625
0.0496139526367188 0.0334892272949219 -0.042510986328125 0.299591064453125
0.0389938354492188 0.0028533935546875 0.102188110351563 0.0866546630859375
0.0316429138183594 -0.00792121887207031 0.00376129150390625 -0.093780517578125
0.0329990386962891 -0.00430488586425781 -0.110618591308594 -0.13665771484375
0.0290145874023438 -0.00339508056640625 -0.188629150390625 -0.208663940429688
0.0139427185058594 0.00292396545410156 -0.105926513671875 -0.337677001953125
0.002166748046875 0.00983810424804688 0.0943603515625 -0.40631103515625
0.00817775726318359 -0.00950241088867188 0.3564453125 -0.320556640625
0.0145454406738281 -0.0214271545410156 0.4957275390625 -0.040985107421875
0.0428314208984375 -0.00985336303710938 0.3519287109375 0.059783935546875
0.0484848022460937 0.0252952575683594 0.15899658203125 -0.0820159912109375
-0.0238628387451172 -0.0218677520751953 0.0549468994140625 -0.124603271484375
-0.0792160034179688 -0.0561065673828125 -0.362884521484375 -0.44903564453125
-0.0914230346679688 0.105842590332031 -0.66119384765625 -0.0580444335937501
0.0359268188476562 0.131980895996094 -0.441192626953125 0.297576904296875
0.110038757324219 0.038055419921875 -0.08087158203125 0.28350830078125
0.0665779113769531 -0.0527687072753906 0.0680084228515625 0.0949478149414062
0.00783538818359375 -0.0745849609375 -0.0059814453125 -0.0770950317382813
0.00763702392578125 -0.0726394653320313 -0.10772705078125 -0.119941711425781
-0.0103378295898438 -0.081298828125 -0.191848754882813 -0.19512939453125
0.00926971435546876 -0.0890121459960938 -0.126983642578125 -0.31964111328125
0.0644760131835938 -0.07171630859375 0.0629577636718749 -0.392425537109375
0.11480712890625 -0.0178451538085938 0.318115234375 -0.342681884765625
0.0722274780273438 0.0801773071289063 0.47943115234375 -0.090545654296875
0.00920104980468751 0.083953857421875 0.364959716796875 0.03759765625
-0.0234565734863281 0.0625991821289063 0.15484619140625 -0.079376220703125
-0.0647048950195313 -0.0319900512695313 0.0550460815429688 -0.123809814453125
-0.127151489257812 -0.0454177856445312 -0.343963623046875 -0.441741943359375
-0.1025390625 0.164566040039063 -0.62738037109375 -0.0742797851562499
0.07855224609375 0.16937255859375 -0.44317626953125 0.251708984375
0.167083740234375 0.01947021484375 -0.115005493164063 0.264602661132813
0.079193115234375 -0.110931396484375 0.031158447265625 0.112945556640625
-0.02001953125 -0.131309509277344 -0.00789642333984375 -0.0427780151367188
-0.0168075561523437 -0.132537841796875 -0.0872802734375 -0.0859832763671875
-0.0441131591796875 -0.148910522460938 -0.17205810546875 -0.16265869140625
0.00787353515625 -0.166580200195312 -0.13018798828125 -0.279495239257813
0.121627807617188 -0.135124206542969 0.03729248046875 -0.360504150390625
0.202987670898438 -0.014068603515625 0.279541015625 -0.352264404296875
0.106826782226563 0.166046142578125 0.46893310546875 -0.129547119140625
-0.0269317626953125 0.15240478515625 0.388336181640625 0.040435791015625
-0.081878662109375 0.083404541015625 0.136604309082031 -0.05474853515625
-0.117568969726563 -0.0221633911132813 0.0422592163085937 -0.115829467773438
-0.177642822265625 0.011871337890625 -0.33013916015625 -0.4071044921875
-0.0760345458984375 0.239913940429687 -0.5792236328125 -0.0737304687500001
0.146560668945313 0.182327270507813 -0.43585205078125 0.21588134765625
0.214889526367188 -0.0249786376953125 -0.146865844726562 0.25970458984375
0.0716094970703125 -0.167083740234375 0.000915527343749996 0.148651123046875
-0.0497894287109375 -0.17022705078125 0.00366735458374023 0.0063338279724121
-0.0376739501953125 -0.17364501953125 -0.052825927734375 -0.0392417907714844
-0.0656585693359375 -0.19500732421875 -0.137855529785156 -0.114280700683594
0.0167694091796875 -0.212142944335938 -0.1221923828125 -0.224075317382813
0.167251586914063 -0.159698486328125 0.01409912109375 -0.317596435546875
0.250137329101562 0.014129638671875 0.245697021484375 -0.354339599609375
0.0973663330078125 0.223953247070312 0.475067138671875 -0.160675048828125
-0.0685577392578125 0.172271728515625 0.41973876953125 0.069549560546875
-0.118080139160156 0.0763626098632812 0.110122680664063 -0.0144805908203125
-0.163436889648438 0.0034332275390625 0.011932373046875 -0.0914688110351563
-0.197280883789063 0.0900421142578125 -0.32049560546875 -0.346923828125
-0.015899658203125 0.292327880859375 -0.53179931640625 -0.0654296875000001
0.2113037109375 0.156753540039063 -0.436126708984375 0.200225830078125
0.23291015625 -0.0824737548828125 -0.173187255859375 0.2784423828125
0.0465240478515625 -0.206497192382812 -0.0108642578125 0.20159912109375
-0.075225830078125 -0.18511962890625 0.0326728820800781 0.0644035339355469
-0.0523223876953125 -0.189102172851563 -0.0111045837402344 0.0137453079223633
-0.072479248046875 -0.211196899414063 -0.0996017456054687 -0.0546722412109375
0.031494140625 -0.217147827148438 -0.114456176757813 -0.161300659179687
0.186370849609375 -0.138565063476563 -0.0118865966796875 -0.278701782226563
0.237548828125 0.0577239990234375 0.2232666015625 -0.358306884765625
0.041107177734375 0.229278564453125 0.504425048828125 -0.171966552734375
-0.102821350097656 0.134185791015625 0.45623779296875 0.12127685546875
-0.12286376953125 0.0436477661132812 0.0798492431640625 0.0299606323242188
-0.180145263671875 0.027496337890625 -0.0313606262207031 -0.0501670837402344
-0.174240112304688 0.143905639648437 -0.314056396484375 -0.272064208984375
0.045867919921875 0.28546142578125 -0.499176025390625 -0.045257568359375
0.235000610351562 0.102264404296875 -0.439788818359375 0.2113037109375
0.20941162109375 -0.12493896484375 -0.184722900390625 0.3177490234375
0.01373291015625 -0.211761474609375 0.00245666503906251 0.262420654296875
-0.0867919921875 -0.172332763671875 0.0773391723632813 0.120979309082031
-0.0578155517578125 -0.177993774414063 0.0329627990722656 0.0646286010742187
-0.0662689208984375 -0.193511962890625 -0.0660171508789063 0.00607681274414063
0.0381927490234375 -0.183090209960937 -0.112281799316406 -0.106475830078125
0.163589477539063 -0.089447021484375 -0.0331573486328125 -0.261260986328125
0.168670654296875 0.084197998046875 0.22698974609375 -0.36883544921875
-0.0249786376953125 0.17059326171875 0.56353759765625 -0.1578369140625
-0.105751037597656 0.0572967529296875 0.486541748046875 0.193084716796875
-0.0978927612304688 0.00257110595703124 0.052032470703125 0.0664634704589844
-0.157974243164062 0.0329437255859375 -0.0750045776367188 0.000495910644531265
-0.122657775878906 0.139518737792969 -0.310760498046875 -0.193572998046875
0.06884765625 0.217178344726562 -0.474578857421875 -0.01678466796875
0.198822021484375 0.046875 -0.4345703125 0.2451171875
0.152450561523438 -0.127166748046875 -0.176483154296875 0.361358642578125
-0.0119476318359375 -0.174942016601563 0.0389404296875 0.3140869140625
-0.078643798828125 -0.131988525390625 0.129592895507813 0.165863037109375
-0.054168701171875 -0.138969421386719 0.0728073120117188 0.106521606445313
-0.0535736083984375 -0.147705078125 -0.0413665771484375 0.0552749633789063
0.0266799926757812 -0.125694274902344 -0.109596252441406 -0.0732650756835937
0.103012084960938 -0.0467910766601563 -0.033721923828125 -0.268203735351563
0.0804901123046875 0.0642547607421875 0.266998291015625 -0.374237060546875
-0.0521087646484375 0.0734710693359375 0.632568359375 -0.10076904296875
-0.0669975280761719 -0.0140762329101563 0.498809814453125 0.2747802734375
-0.0557174682617188 -0.0244674682617188 0.0307769775390625 0.088653564453125
-0.1055908203125 0.012939453125 -0.10693359375 0.0454254150390625
-0.068450927734375 0.0782928466796875 -0.31036376953125 -0.12384033203125
0.040679931640625 0.11956787109375 -0.456939697265625 0.0234375
0.115142822265625 0.0142974853515625 -0.41314697265625 0.2872314453125
0.0785446166992188 -0.0843887329101563 -0.150726318359375 0.395050048828125
-0.0218048095703125 -0.102005004882813 0.083404541015625 0.344635009765625
-0.0525054931640625 -0.0693550109863281 0.175872802734375 0.192031860351563
-0.0416793823242188 -0.0793609619140625 0.102798461914062 0.130882263183594
-0.039154052734375 -0.0818405151367188 -0.0214767456054688 0.0828781127929688
-0.00245285034179687 -0.064971923828125 -0.0970916748046875 -0.0615768432617188
0.0301132202148438 -0.0309906005859375 -0.00665283203125001 -0.281768798828125
0.0186920166015625 0.0065155029296875 0.3267822265625 -0.35614013671875
-0.0248603820800781 -0.00958061218261718 0.68157958984375 -0.01361083984375
-0.00780105590820312 -0.0394477844238281 0.4906005859375 0.350433349609375
-0.0147457122802734 -0.0231571197509766 0.017822265625 0.098175048828125
0.00797605514526367 -0.000970363616943359 0.03729248046875 -0.132308959960938
-0.0424041748046875 -0.0306282043457031 -0.403350830078125 -0.40325927734375
-0.0484390258789062 0.0674171447753906 -0.65557861328125 0.0205078125000001
0.0198440551757812 0.075775146484375 -0.39532470703125 0.360809326171875
0.0480003356933594 0.0310783386230469 -0.029449462890625 0.295806884765625
0.0377273559570313 0.00313568115234375 0.102828979492188 0.0813980102539063
0.0315990447998047 -0.00872993469238281 -0.00243377685546875 -0.0876235961914063
0.0324974060058594 -0.00609970092773438 -0.115509033203125 -0.1224365234375
0.0284671783447266 -0.00443649291992188 -0.196334838867188 -0.18603515625
0.0144214630126953 0.00261020660400391 -0.125244140625 -0.318939208984375
0.00271987915039062 0.0107507705688477 0.066741943359375 -0.400787353515625
0.00655746459960938 -0.0079503059387207 0.32928466796875 -0.3350830078125
0.0107765197753906 -0.0217342376708984 0.484588623046875 -0.0723876953125
0.0384407043457031 -0.0131759643554688 0.35064697265625 0.041168212890625
0.0459480285644531 0.0201950073242188 0.150848388671875 -0.0818634033203125
-0.0184402465820312 -0.0209922790527344 0.0420761108398437 -0.131889343261719
-0.0769729614257813 -0.0501785278320313 -0.38006591796875 -0.423797607421875
-0.079925537109375 0.105819702148438 -0.6456298828125 -0.0247802734375001
0.0417098999023438 0.123207092285156 -0.418365478515625 0.3126220703125
0.104927062988281 0.0298690795898438 -0.06787109375 0.281829833984375
0.0592269897460938 -0.0512046813964844 0.0702285766601563 0.0911712646484375
0.00391006469726563 -0.0699386596679688 -0.0112838745117188 -0.071624755859375
0.00289535522460937 -0.0691490173339844 -0.111366271972656 -0.107528686523438
-0.0148162841796875 -0.0756454467773437 -0.198226928710938 -0.173004150390625
0.00286865234375 -0.08502197265625 -0.144134521484375 -0.29974365234375
0.0571060180664063 -0.0718154907226563 0.036285400390625 -0.3857421875
0.10888671875 -0.0229339599609375 0.290008544921875 -0.355010986328125
0.0727386474609375 0.0732040405273438 0.466796875 -0.11700439453125
0.0114212036132813 0.0797500610351563 0.361846923828125 0.01910400390625
-0.0206184387207031 0.0606842041015625 0.14727783203125 -0.07940673828125
-0.0567131042480469 -0.0294113159179688 0.0425949096679688 -0.131362915039063
-0.121147155761719 -0.0377197265625 -0.36102294921875 -0.41986083984375
-0.08721923828125 0.161651611328125 -0.614013671875 -0.0435791015624999
0.08465576171875 0.154678344726563 -0.422760009765625 0.267669677734375
0.15753173828125 0.00750732421875 -0.100845336914062 0.265350341796875
0.0672073364257813 -0.107276916503906 0.0365066528320313 0.110160827636719
-0.0279159545898438 -0.12103271484375 -0.0117111206054688 -0.0395736694335938
-0.0253219604492187 -0.123931884765625 -0.0893783569335938 -0.0767898559570313
-0.0524749755859375 -0.137954711914063 -0.17681884765625 -0.14337158203125
-0.00370788574218751 -0.1585693359375 -0.144683837890625 -0.261245727539063
0.10687255859375 -0.136993408203125 0.014801025390625 -0.35321044921875
0.193756103515625 -0.026031494140625 0.2523193359375 -0.362335205078125
0.112777709960938 0.153884887695312 0.45391845703125 -0.1549072265625
-0.019775390625 0.14739990234375 0.38458251953125 0.021026611328125
-0.0750732421875 0.0842819213867188 0.130767822265625 -0.0539398193359375
-0.106361389160156 -0.0164871215820313 0.03143310546875 -0.123497009277344
-0.16668701171875 0.0205230712890625 -0.3465576171875 -0.386077880859375
-0.0568389892578125 0.232162475585938 -0.568603515625 -0.0457763671875
0.150833129882812 0.16217041015625 -0.4161376953125 0.233428955078125
0.19952392578125 -0.03900146484375 -0.1309814453125 0.262527465820312
0.055999755859375 -0.160614013671875 0.0102081298828125 0.145751953125
-0.059295654296875 -0.15570068359375 0.00276994705200195 0.00586366653442382
-0.0487518310546875 -0.162185668945312 -0.0537261962890625 -0.0345611572265625
-0.07757568359375 -0.180145263671875 -0.1409912109375 -0.0996856689453125
0.00135803222656252 -0.203170776367188 -0.13299560546875 -0.208663940429688
0.148223876953125 -0.162811279296875 -0.00521850585937496 -0.311126708984375
0.241195678710938 -0.00238037109375 0.219268798828125 -0.362213134765625
0.10723876953125 0.209320068359375 0.45660400390625 -0.18316650390625
-0.0588226318359375 0.169158935546875 0.417572021484375 0.0467529296875
-0.109054565429687 0.0796432495117188 0.107757568359375 -0.0141372680664062
-0.149871826171875 0.0111541748046875 0.00314331054687499 -0.0986480712890625
-0.182159423828125 0.09832763671875 -0.3343505859375 -0.327484130859375
0.00506591796874998 0.280059814453125 -0.52435302734375 -0.0393981933593749
0.212249755859375 0.133270263671875 -0.41650390625 0.22039794921875
0.21380615234375 -0.0959320068359375 -0.1533203125 0.281158447265625
0.0293731689453125 -0.197006225585938 0.00332641601562498 0.19671630859375
-0.084716796875 -0.168182373046875 0.0342140197753906 0.0591468811035156
-0.0644989013671875 -0.177032470703125 -0.00976085662841798 0.0129613876342773
-0.0851593017578125 -0.194778442382813 -0.099945068359375 -0.0460205078125
0.0140838623046875 -0.208175659179688 -0.12139892578125 -0.149154663085937
0.166976928710938 -0.144439697265625 -0.026153564453125 -0.272476196289063
0.231338500976562 0.0396881103515625 0.197998046875 -0.365264892578125
0.0538177490234375 0.217300415039063 0.48681640625 -0.196044921875
-0.0932540893554688 0.133682250976563 0.455596923828125 0.095428466796875
-0.114112854003906 0.0488510131835937 0.082427978515625 0.0296859741210938
-0.16595458984375 0.0362396240234375 -0.0360298156738281 -0.0558586120605469
-0.157333374023438 0.149810791015625 -0.325714111328125 -0.254486083984375
0.0644683837890625 0.270355224609375 -0.490509033203125 -0.0209045410156251
0.231903076171875 0.0795440673828125 -0.4205322265625 0.23126220703125
0.189697265625 -0.136215209960938 -0.161163330078125 0.3192138671875
-0.00231933593750001 -0.200180053710937 0.020355224609375 0.254104614257813
-0.095458984375 -0.15625 0.0813446044921875 0.110130310058594
-0.069732666015625 -0.165496826171875 0.0360450744628906 0.0589065551757812
-0.0791473388671875 -0.178695678710938 -0.0634269714355469 0.00948333740234373
0.02191162109375 -0.176544189453125 -0.114303588867188 -0.0977706909179687
0.14764404296875 -0.09619140625 -0.0446624755859375 -0.255279541015625
0.166000366210938 0.0692138671875 0.20343017578125 -0.374908447265625
-0.0131072998046875 0.163803100585938 0.5440673828125 -0.184417724609375
-0.099456787109375 0.0595169067382813 0.48883056640625 0.162750244140625
-0.0921783447265625 0.00864410400390625 0.0585899353027344 0.0658798217773437
-0.14508056640625 0.0405731201171875 -0.0750350952148438 -0.00408172607421873
-0.107696533203125 0.142715454101563 -0.318695068359375 -0.176788330078125
0.082275390625 0.203872680664063 -0.465606689453125 0.00653076171875007
0.193832397460938 0.0290069580078125 -0.412139892578125 0.2633056640625
0.135223388671875 -0.134231567382813 -0.149505615234375 0.3609619140625
-0.02398681640625 -0.164566040039063 0.058746337890625 0.30047607421875
-0.085174560546875 -0.118972778320313 0.134918212890625 0.149566650390625
-0.06378173828125 -0.12957763671875 0.0777969360351563 0.0962142944335938
-0.0640945434570313 -0.136367797851563 -0.0352897644042969 0.0543785095214844
0.014617919921875 -0.121627807617188 -0.108757019042969 -0.0670089721679688
0.0928115844726563 -0.0522537231445313 -0.0452423095703125 -0.261627197265625
0.0807342529296875 0.0548934936523438 0.24298095703125 -0.3809814453125
-0.043975830078125 0.07080078125 0.61236572265625 -0.132568359375
-0.0652923583984375 -0.0111808776855469 0.50616455078125 0.24188232421875
-0.052520751953125 -0.0194816589355469 0.0403823852539063 0.08868408203125
-0.0966415405273438 0.0185165405273437 -0.103767395019531 0.04205322265625
-0.0591354370117187 0.0798416137695312 -0.31427001953125 -0.1082763671875
0.0485687255859375 0.111305236816406 -0.446563720703125 0.0459594726562499
0.111427307128906 0.002716064453125 -0.3885498046875 0.3033447265625
0.067596435546875 -0.0883102416992188 -0.121734619140625 0.39215087890625
-0.0282821655273437 -0.0948333740234375 0.10406494140625 0.327606201171875
-0.0556755065917969 -0.0618247985839844 0.182342529296875 0.171279907226563
-0.047760009765625 -0.0732345581054688 0.108627319335938 0.118171691894531
-0.0451507568359375 -0.0754318237304687 -0.014007568359375 0.0787811279296875
-0.00832748413085937 -0.0625038146972656 -0.0949249267578125 -0.0573272705078125
0.024322509765625 -0.0325851440429688 -0.018524169921875 -0.276443481445313
0.0185909271240234 0.003265380859375 0.30218505859375 -0.36639404296875
-0.0233306884765625 -0.0100231170654297 0.66571044921875 -0.0499267578125
-0.0095672607421875 -0.0386505126953125 0.5 0.315093994140625
-0.0136852264404297 -0.0200729370117187 0.0294876098632813 0.0997314453125
0.00993442535400391 -0.00461387634277344 0.0268936157226562 -0.135948181152344
-0.0413093566894531 -0.027496337890625 -0.408172607421875 -0.387237548828125
-0.0447235107421875 0.0673332214355469 -0.63970947265625 0.0355224609374999
0.0212783813476562 0.0718154907226563 -0.37957763671875 0.362945556640625
0.046478271484375 0.0293350219726563 -0.0244140625 0.2913818359375
0.0372848510742188 0.0043792724609375 0.102043151855469 0.0779037475585938
0.0318851470947266 -0.0090484619140625 -0.00629425048828124 -0.0817413330078125
0.0320091247558594 -0.00644683837890625 -0.116867065429688 -0.11114501953125
0.0283126831054687 -0.00531578063964844 -0.197769165039063 -0.168869018554688
0.0141458511352539 0.00263500213623047 -0.134307861328125 -0.3023681640625
0.00310516357421875 0.0115499496459961 0.050140380859375 -0.394256591796875
0.00531768798828125 -0.00692176818847656 0.310150146484375 -0.342132568359375
0.00762939453125 -0.0210857391357422 0.4752197265625 -0.089202880859375
0.0337657928466797 -0.0149135589599609 0.346343994140625 0.0303955078125
0.0432777404785156 0.0178451538085938 0.145828247070313 -0.0782623291015625
-0.0129222869873047 -0.0229682922363281 0.0314178466796875 -0.136703491210938
-0.0735855102539063 -0.0465316772460937 -0.38653564453125 -0.40966796875
-0.0721054077148437 0.102867126464844 -0.6300048828125 -0.0101318359375
0.0432968139648438 0.114921569824219 -0.403900146484375 0.316925048828125
0.0997543334960938 0.026092529296875 -0.0620269775390625 0.278640747070313
0.0550270080566406 -0.047607421875 0.0708770751953125 0.0884857177734375
0.00225830078124999 -0.0649681091308594 -0.0142059326171875 -0.0669441223144531
0.000724792480468752 -0.0657691955566406 -0.112060546875 -0.0976409912109375
-0.0171737670898438 -0.0711822509765625 -0.198638916015625 -0.1568603515625
-8.39233398437498E-05 -0.081024169921875 -0.152679443359375 -0.282989501953125
0.0510787963867188 -0.0704498291015625 0.021575927734375 -0.377593994140625
0.104324340820313 -0.0252685546875 0.27117919921875 -0.359619140625
0.0721664428710938 0.0681228637695313 0.4544677734375 -0.133514404296875
0.0105209350585938 0.0767059326171875 0.357147216796875 0.00881958007812501
-0.0188484191894531 0.0600547790527344 0.142532348632813 -0.07476806640625
-0.0490570068359375 -0.0299110412597656 0.0329971313476563 -0.136848449707031
-0.115516662597656 -0.0340576171875 -0.368988037109375 -0.4052734375
-0.076507568359375 0.155792236328125 -0.60076904296875 -0.0295410156249999
0.0854949951171875 0.142364501953125 -0.40704345703125 0.274200439453125
0.147811889648438 0.0015411376953125 -0.0933990478515625 0.264205932617188
0.0592422485351562 -0.101577758789062 0.0383758544921875 0.107894897460938
-0.0305862426757813 -0.111801147460937 -0.0141372680664063 -0.0365333557128906
-0.0296478271484375 -0.116523742675781 -0.08929443359375 -0.0697555541992188
-0.0572967529296875 -0.128280639648438 -0.178024291992188 -0.12969970703125
-0.010650634765625 -0.151275634765625 -0.151275634765625 -0.246368408203125
0.0961532592773437 -0.135162353515625 0.00170898437499998 -0.34625244140625
0.18597412109375 -0.0321197509765625 0.2340087890625 -0.3663330078125
0.114486694335938 0.144454956054688 0.441558837890625 -0.169036865234375
-0.017120361328125 0.143798828125 0.37908935546875 0.00961303710937501
-0.07049560546875 0.084625244140625 0.12744140625 -0.0506439208984375
-0.0964813232421875 -0.0157394409179687 0.023223876953125 -0.128868103027344
-0.15679931640625 0.024383544921875 -0.3553466796875 -0.37451171875
-0.0437469482421875 0.22320556640625 -0.559234619140625 -0.0340881347656249
0.149261474609375 0.14678955078125 -0.403961181640625 0.24151611328125
0.18682861328125 -0.045562744140625 -0.121231079101563 0.261428833007813
0.046142578125 -0.152603149414063 0.0157623291015625 0.14202880859375
-0.062896728515625 -0.1434326171875 0.00159311294555664 0.0059823989868164
-0.05474853515625 -0.152450561523438 -0.0536651611328125 -0.031951904296875
-0.0828704833984375 -0.167434692382812 -0.140884399414063 -0.089263916015625
-0.00852966308593752 -0.193893432617188 -0.138473510742188 -0.195999145507813
0.13385009765625 -0.162017822265625 -0.01580810546875 -0.30474853515625
0.232162475585938 -0.0120086669921875 0.20220947265625 -0.36468505859375
0.111434936523438 0.19757080078125 0.443878173828125 -0.194000244140625
-0.0536041259765625 0.165283203125 0.412841796875 0.034149169921875
-0.101219177246094 0.0813140869140625 0.107475280761719 -0.01190185546875
-0.138160705566406 0.0128707885742187 -0.00325775146484376 -0.104133605957031
-0.169189453125 0.100509643554687 -0.3433837890625 -0.316650390625
0.0178680419921875 0.267333984375 -0.516693115234375 -0.0283203125000001
0.207870483398438 0.11627197265625 -0.403961181640625 0.227935791015625
0.198440551757813 -0.101943969726563 -0.1414794921875 0.280624389648438
0.019012451171875 -0.18658447265625 0.0114898681640625 0.191009521484375
-0.0887298583984375 -0.15423583984375 0.0343132019042969 0.0551109313964844
-0.0707550048828125 -0.165695190429688 -0.00878143310546876 0.0118856430053711
-0.091400146484375 -0.181243896484375 -0.0989913940429688 -0.0400161743164063
0.00215148925781249 -0.1993408203125 -0.123863220214844 -0.140029907226563
0.152267456054688 -0.144622802734375 -0.0340423583984375 -0.267745971679688
0.224136352539063 0.0282135009765625 0.182708740234375 -0.366455078125
0.0599822998046875 0.20623779296875 0.4722900390625 -0.207763671875
-0.0869140625 0.132476806640625 0.451568603515625 0.08050537109375
-0.106124877929687 0.0524673461914063 0.0845947265625 0.0311050415039063
-0.15350341796875 0.0383148193359375 -0.0402030944824219 -0.0613822937011719
-0.14361572265625 0.14990234375 -0.3321533203125 -0.24407958984375
0.0745849609375 0.256423950195313 -0.483673095703125 -0.0093994140624999
0.225128173828125 0.0641937255859375 -0.405059814453125 0.240509033203125
0.173141479492188 -0.140457153320312 -0.146759033203125 0.31689453125
-0.011749267578125 -0.189956665039063 0.031280517578125 0.245086669921875
-0.0988006591796875 -0.142669677734375 0.0825424194335938 0.101554870605469
-0.0761566162109375 -0.1552734375 0.0377731323242187 0.0539283752441406
-0.08575439453125 -0.166549682617188 -0.0607948303222656 0.0112266540527344
0.01123046875 -0.168914794921875 -0.1143798828125 -0.0921096801757813
0.134674072265625 -0.09759521484375 -0.05029296875 -0.250534057617188
0.162002563476563 0.0586395263671875 0.18896484375 -0.376373291015625
-0.005828857421875 0.156265258789062 0.5291748046875 -0.196746826171875
-0.0945053100585937 0.0603561401367188 0.48773193359375 0.144073486328125
-0.0855865478515625 0.0125732421875 0.0636215209960938 0.0663414001464844
-0.134315490722656 0.0426788330078125 -0.0767974853515625 -0.00876617431640624
-0.0968017578125 0.141983032226563 -0.3218994140625 -0.167266845703125
0.0894317626953125 0.19281005859375 -0.458526611328125 0.0184936523437501
0.187240600585938 0.01690673828125 -0.395263671875 0.272216796875
0.122215270996094 -0.136550903320312 -0.13311767578125 0.35638427734375
-0.0306854248046875 -0.155197143554688 0.070220947265625 0.28900146484375
-0.0878143310546875 -0.108383178710938 0.136222839355469 0.137191772460938
-0.0691604614257812 -0.121429443359375 0.0798416137695313 0.0879974365234375
-0.069488525390625 -0.126632690429688 -0.0311737060546875 0.051971435546875
0.00679016113281249 -0.116592407226563 -0.107040405273437 -0.0634384155273438
0.0832595825195313 -0.053741455078125 -0.0495452880859375 -0.25732421875
0.0791778564453125 0.0473785400390625 0.22845458984375 -0.382843017578125
-0.0384483337402344 0.0671958923339844 0.59796142578125 -0.14837646484375
-0.0629005432128906 -0.00864410400390624 0.506683349609375 0.221923828125
-0.0476036071777344 -0.0150794982910156 0.04779052734375 0.0888290405273438
-0.0879974365234375 0.0201263427734375 -0.102203369140625 0.0363082885742188
-0.0520782470703125 0.0788116455078125 -0.315643310546875 -0.0992126464843751
0.0529327392578125 0.105209350585938 -0.43756103515625 0.058013916015625
0.106147766113281 -0.00528717041015625 -0.368865966796875 0.30999755859375
0.0593414306640625 -0.08953857421875 -0.104888916015625 0.385711669921875
-0.0314788818359375 -0.0881881713867188 0.115020751953125 0.31158447265625
-0.0565147399902344 -0.055572509765625 0.1837158203125 0.155807495117187
-0.0508689880371094 -0.0684890747070313 0.111122131347656 0.107574462890625
-0.0486297607421875 -0.0704193115234375 -0.0088043212890625 0.074737548828125
-0.012451171875 -0.0595626831054688 -0.0917587280273437 -0.05487060546875
0.0195274353027344 -0.0326385498046875 -0.0234527587890625 -0.273025512695313
0.0181140899658203 0.000780105590820312 0.28729248046875 -0.36871337890625
-0.0207099914550781 -0.0109825134277344 0.65045166015625 -0.0689697265625
-0.0106124877929688 -0.0364151000976563 0.503997802734375 0.2945556640625
-0.0115289688110352 -0.0168666839599609 0.0380401611328125 0.100135803222656
0.0119562149047852 -0.00759983062744141 0.01763916015625 -0.141464233398438
-0.0411643981933594 -0.0268173217773438 -0.417755126953125 -0.38433837890625
-0.0426177978515625 0.0675201416015625 -0.63616943359375 0.040283203125
0.0213470458984375 0.0693778991699219 -0.37567138671875 0.367523193359375
0.0454444885253906 0.030242919921875 -0.023834228515625 0.293182373046875
0.0383834838867187 0.00607681274414063 0.100616455078125 0.0776901245117187
0.0335197448730469 -0.00926589965820313 -0.0085906982421875 -0.07757568359375
0.0329074859619141 -0.006500244140625 -0.118080139160156 -0.104377746582031
0.0284881591796875 -0.00568771362304688 -0.199569702148437 -0.157882690429688
0.0147733688354492 0.00318336486816406 -0.142669677734375 -0.292022705078125
0.00353717803955078 0.0130729675292969 0.03948974609375 -0.391998291015625
0.0046839714050293 -0.00532245635986328 0.30078125 -0.3509521484375
0.00483322143554687 -0.0207042694091797 0.47265625 -0.102752685546875
0.03057861328125 -0.0150203704833984 0.34814453125 0.0255126953125
0.0418243408203125 0.01751708984375 0.145919799804688 -0.073883056640625
-0.00911521911621094 -0.0263023376464844 0.023162841796875 -0.141921997070313
-0.0716476440429688 -0.0455245971679687 -0.397216796875 -0.406097412109375
-0.0677032470703125 0.10113525390625 -0.6279296875 -0.00592041015625005
0.0430831909179687 0.109046936035156 -0.4002685546875 0.32208251953125
0.0956344604492187 0.024566650390625 -0.060760498046875 0.280624389648438
0.0531387329101563 -0.0446739196777344 0.070556640625 0.08843994140625
0.00218582153320312 -0.0615768432617187 -0.0174903869628906 -0.0632057189941406
-0.000553131103515622 -0.0633125305175781 -0.113410949707031 -0.0915756225585938
-0.0183258056640625 -0.0680503845214844 -0.201187133789063 -0.145767211914063
-0.00318908691406251 -0.0779495239257813 -0.159149169921875 -0.272994995117188
0.0476760864257813 -0.0693016052246094 0.012451171875 -0.3763427734375
0.101325988769531 -0.0266494750976563 0.26080322265625 -0.367828369140625
0.0711593627929688 0.0657882690429688 0.451171875 -0.145263671875
0.009368896484375 0.0768203735351563 0.358551025390625 0.00335693359375001
-0.0177688598632813 0.0600624084472656 0.142608642578125 -0.0707244873046875
-0.0431976318359375 -0.0327720642089844 0.025238037109375 -0.14312744140625
-0.110443115234375 -0.03326416015625 -0.378326416015625 -0.401947021484375
-0.0700531005859375 0.151779174804688 -0.5997314453125 -0.0262451171875
0.0845947265625 0.134605407714844 -0.4052734375 0.2791748046875
0.141677856445313 -0.0013275146484375 -0.0915985107421875 0.266342163085938
0.0554962158203125 -0.0971450805664063 0.040069580078125 0.1080322265625
-0.0322647094726563 -0.10546875 -0.0165023803710938 -0.0340385437011719
-0.0324554443359375 -0.111778259277344 -0.090850830078125 -0.0659103393554688
-0.0594558715820312 -0.122047424316406 -0.179931640625 -0.120925903320312
-0.01568603515625 -0.146347045898438 -0.157424926757812 -0.23687744140625
0.0889434814453125 -0.133842468261719 -0.007080078125 -0.344482421875
0.182296752929688 -0.0356903076171875 0.223785400390625 -0.372772216796875
0.115524291992187 0.139694213867187 0.438568115234375 -0.178253173828125
-0.016204833984375 0.143203735351563 0.381439208984375 0.00415039062500001
-0.0663604736328125 0.0856170654296875 0.128555297851563 -0.046630859375
-0.0898056030273438 -0.01806640625 0.0157546997070312 -0.135650634765625
-0.149871826171875 0.0256195068359375 -0.3648681640625 -0.3719482421875
-0.0356903076171875 0.216964721679688 -0.558563232421875 -0.0294494628906251
0.147247314453125 0.136398315429687 -0.4014892578125 0.2484130859375
0.177658081054688 -0.049560546875 -0.117019653320312 0.263534545898438
0.040863037109375 -0.14727783203125 0.0185089111328125 0.14111328125
-0.065277099609375 -0.135002136230469 -0.000198841094970708 0.00692129135131835
-0.0590972900390625 -0.145736694335938 -0.054229736328125 -0.030364990234375
-0.087188720703125 -0.158737182617188 -0.142379760742188 -0.08319091796875
-0.015899658203125 -0.187713623046875 -0.142623901367188 -0.188720703125
0.12554931640625 -0.161422729492188 -0.021820068359375 -0.3038330078125
0.227294921875 -0.0181732177734375 0.193328857421875 -0.370819091796875
0.113723754882813 0.1907958984375 0.441070556640625 -0.20404052734375
-0.05096435546875 0.16497802734375 0.414398193359375 0.028350830078125
-0.0956192016601563 0.083099365234375 0.109100341796875 -0.00854492187499999
-0.130134582519531 0.0120162963867188 -0.00917816162109376 -0.11004638671875
-0.161361694335937 0.101791381835938 -0.35125732421875 -0.31451416015625
0.026519775390625 0.25958251953125 -0.518035888671875 -0.0234680175781249
0.204635620117188 0.10601806640625 -0.40081787109375 0.236297607421875
0.187698364257813 -0.106048583984375 -0.135589599609375 0.28253173828125
0.0133819580078125 -0.180770874023438 0.01690673828125 0.18896484375
-0.0910491943359375 -0.145492553710938 0.0339546203613281 0.0525779724121094
-0.0762176513671875 -0.158615112304687 -0.00889778137207032 0.0102605819702148
-0.0970611572265625 -0.17169189453125 -0.0988235473632813 -0.0363006591796875
-0.00590515136718749 -0.193206787109375 -0.126449584960938 -0.135025024414063
0.142333984375 -0.144638061523438 -0.03851318359375 -0.26776123046875
0.219482421875 0.0211334228515625 0.174896240234375 -0.37225341796875
0.06439208984375 0.1990966796875 0.4683837890625 -0.216766357421875
-0.0838241577148438 0.132698059082031 0.454803466796875 0.07275390625
-0.099822998046875 0.05438232421875 0.0882949829101563 0.0332489013671875
-0.146224975585938 0.03814697265625 -0.0449104309082031 -0.0667610168457031
-0.134902954101562 0.151016235351563 -0.340301513671875 -0.24127197265625
0.0830230712890625 0.24896240234375 -0.4847412109375 -0.00396728515625007
0.220733642578125 0.0537872314453125 -0.401824951171875 0.250335693359375
0.16302490234375 -0.143768310546875 -0.13897705078125 0.318939208984375
-0.017059326171875 -0.183349609375 0.0379486083984375 0.241119384765625
-0.100921630859375 -0.134689331054687 0.0829086303710938 0.0964584350585938
-0.0814971923828125 -0.148605346679688 0.0393486022949219 0.0501060485839844
-0.0907745361328125 -0.157913208007813 -0.0593757629394531 0.0115928649902344
0.00314331054687501 -0.16400146484375 -0.115097045898438 -0.0891799926757813
0.126052856445313 -0.0984954833984375 -0.053070068359375 -0.25146484375
0.159393310546875 0.0511016845703125 0.182098388671875 -0.38128662109375
-0.00158691406249999 0.150360107421875 0.52520751953125 -0.20831298828125
-0.0909881591796875 0.0617599487304688 0.492340087890625 0.136016845703125
-0.0791702270507813 0.0153274536132812 0.0689010620117188 0.0679283142089844
-0.126976013183594 0.04205322265625 -0.0792083740234375 -0.0142135620117188
-0.0891265869140625 0.141983032226563 -0.3282470703125 -0.16412353515625
0.095672607421875 0.18634033203125 -0.459259033203125 0.0260620117187501
0.182525634765625 0.00799560546875 -0.39007568359375 0.280517578125
0.112663269042969 -0.139305114746094 -0.1239013671875 0.35693359375
-0.0341949462890625 -0.149444580078125 0.077667236328125 0.281890869140625
-0.0888671875 -0.101905822753906 0.138023376464844 0.128913879394531
-0.0739364624023438 -0.115638732910156 0.08282470703125 0.0814971923828125
-0.0741195678710938 -0.12030029296875 -0.027862548828125 0.0500335693359375
0.000488281249999991 -0.112937927246094 -0.105255126953125 -0.0622177124023438
0.0767440795898438 -0.0541763305664063 -0.05133056640625 -0.258010864257813
0.0776138305664063 0.041900634765625 0.22259521484375 -0.38714599609375
-0.0349769592285156 0.0630111694335938 0.59588623046875 -0.15948486328125
-0.0609397888183594 -0.00720596313476563 0.511322021484375 0.211761474609375
-0.0426826477050781 -0.0127067565917969 0.0551528930664062 0.0901336669921875
-0.0831451416015625 0.0196762084960938 -0.103912353515625 0.032135009765625
-0.0469512939453125 0.078338623046875 -0.320098876953125 -0.096343994140625
0.057037353515625 0.101348876953125 -0.4381103515625 0.065765380859375
0.102577209472656 -0.0109710693359375 -0.36370849609375 0.318023681640625
0.0538177490234375 -0.0914764404296875 -0.094635009765625 0.3846435546875
-0.0333251953125 -0.0848312377929688 0.12274169921875 0.302490234375
-0.0571212768554688 -0.052459716796875 0.185745239257813 0.14569091796875
-0.0536613464355469 -0.0656471252441406 0.113815307617188 0.100234985351563
-0.051849365234375 -0.0671234130859375 -0.00507354736328125 0.0709228515625
-0.0165290832519531 -0.0577545166015625 -0.0900726318359375 -0.0556640625
0.0157699584960938 -0.0325031280517578 -0.025787353515625 -0.273849487304688
0.0169925689697266 -0.00222015380859375 0.28265380859375 -0.37445068359375
-0.0194587707519531 -0.0131359100341797 0.64971923828125 -0.0810546875
-0.0101661682128906 -0.0348777770996094 0.509796142578125 0.28277587890625
-0.00767326354980469 -0.0143966674804687 0.04571533203125 0.102455139160156
0.0130290985107422 -0.0115509033203125 0.00814819335937501 -0.149246215820313
-0.0417861938476563 -0.0265731811523437 -0.436370849609375 -0.3853759765625
-0.0418586730957031 0.0685768127441406 -0.6458740234375 0.05242919921875
0.0217361450195313 0.0684432983398437 -0.37506103515625 0.38262939453125
0.0459861755371094 0.0315322875976562 -0.02069091796875 0.301727294921875
0.0408287048339844 0.00693130493164062 0.1019287109375 0.07818603515625
0.0352287292480469 -0.0102310180664063 -0.0115890502929687 -0.0747756958007813
0.0342082977294922 -0.00727653503417969 -0.122749328613281 -0.0979995727539063
0.0303268432617188 -0.00636672973632813 -0.207733154296875 -0.1494140625
0.0154876708984375 0.00428581237792969 -0.154296875 -0.2877197265625
0.00394248962402344 0.014735221862793 0.0264892578125 -0.398712158203125
0.00450611114501953 -0.00357627868652344 0.293426513671875 -0.368316650390625
0.00206375122070313 -0.0202484130859375 0.4781494140625 -0.120330810546875
0.0271282196044922 -0.0144901275634766 0.35662841796875 0.019012451171875
0.043304443359375 0.0174713134765625 0.149505615234375 -0.0735626220703125
-0.00677299499511719 -0.0299167633056641 0.013580322265625 -0.150238037109375
-0.0708847045898438 -0.0458602905273437 -0.417388916015625 -0.40838623046875
-0.0643692016601562 0.101455688476563 -0.64068603515625 0.00292968750000001
0.0444488525390625 0.106575012207031 -0.4033203125 0.335693359375
0.0943222045898437 0.0246047973632812 -0.05853271484375 0.289520263671875
0.0527877807617187 -0.0433311462402344 0.0714645385742188 0.0900955200195313
0.00168991088867187 -0.0605239868164063 -0.0209617614746094 -0.06011962890625
-0.00154876708984375 -0.0627479553222656 -0.118194580078125 -0.0865325927734375
-0.0199012756347656 -0.0662918090820313 -0.208938598632813 -0.137451171875
-0.00608825683593749 -0.075897216796875 -0.170913696289063 -0.267501831054688
0.0448989868164063 -0.0686798095703125 0.000152587890624969 -0.38140869140625
0.10107421875 -0.0291366577148437 0.253173828125 -0.384033203125
0.0726318359375 0.064208984375 0.45697021484375 -0.161956787109375
0.00943756103515625 0.0784988403320313 0.367156982421875 -0.00381469726562499
-0.0153846740722656 0.0622634887695312 0.146270751953125 -0.0706939697265625
-0.0404739379882812 -0.0357551574707031 0.0161590576171875 -0.152130126953125
-0.108863830566406 -0.0328826904296875 -0.4007568359375 -0.406097412109375
-0.0639495849609375 0.150665283203125 -0.61328125 -0.0181884765625
0.085845947265625 0.129486083984375 -0.4071044921875 0.29254150390625
0.138450622558594 -0.00437164306640625 -0.088409423828125 0.275131225585938
0.052459716796875 -0.0955657958984375 0.0425796508789062 0.109512329101563
-0.0347824096679688 -0.102035522460938 -0.019134521484375 -0.0319557189941406
-0.0366287231445312 -0.109443664550781 -0.0947265625 -0.0625534057617188
-0.06378173828125 -0.118278503417969 -0.18646240234375 -0.113433837890625
-0.02203369140625 -0.143173217773438 -0.16748046875 -0.232025146484375
0.08349609375 -0.135398864746094 -0.017486572265625 -0.350494384765625
0.181411743164063 -0.0420074462890625 0.21502685546875 -0.388580322265625
0.119819641113281 0.136550903320313 0.44232177734375 -0.196685791015625
-0.0137481689453125 0.146881103515625 0.391143798828125 -0.00369262695312499
-0.0625991821289063 0.0888442993164062 0.133224487304688 -0.0460739135742188
-0.086395263671875 -0.0199966430664062 0.00761413574218751 -0.144195556640625
-0.146728515625 0.0280914306640625 -0.385498046875 -0.3741455078125
-0.0272979736328125 0.21527099609375 -0.572265625 -0.01971435546875
0.148590087890625 0.129440307617188 -0.404541015625 0.263275146484375
0.172531127929687 -0.054931640625 -0.114089965820313 0.273147583007813
0.035797119140625 -0.1456298828125 0.023162841796875 0.143203735351563
-0.0696487426757813 -0.129814147949219 -0.00166702270507813 0.00741958618164062
-0.065155029296875 -0.14227294921875 -0.0565872192382813 -0.0290145874023438
-0.0937957763671875 -0.153076171875 -0.1475830078125 -0.0777282714843751
-0.024139404296875 -0.184585571289063 -0.150772094726563 -0.1837158203125
0.1185302734375 -0.16400146484375 -0.03143310546875 -0.310089111328125
0.22760009765625 -0.025909423828125 0.18408203125 -0.3865966796875
0.120574951171875 0.187484741210938 0.444091796875 -0.221160888671875
-0.0473175048828125 0.169631958007813 0.425201416015625 0.019256591796875
-0.090789794921875 0.0862960815429688 0.114433288574219 -0.00763702392578124
-0.126823425292969 0.0114822387695312 -0.017181396484375 -0.118232727050781
-0.155380249023438 0.105560302734375 -0.37139892578125 -0.315521240234375
0.03753662109375 0.257278442382812 -0.5302734375 -0.0138854980468749
0.20538330078125 0.0965118408203125 -0.40447998046875 0.252777099609375
0.180755615234375 -0.113037109375 -0.13031005859375 0.292236328125
0.00665283203124999 -0.179092407226563 0.0230865478515625 0.190643310546875
-0.0962982177734375 -0.139938354492188 0.03436279296875 0.051361083984375
-0.083404541015625 -0.1546630859375 -0.00870704650878907 0.00949668884277343
-0.10504150390625 -0.165695190429688 -0.101593017578125 -0.0335540771484375
-0.014373779296875 -0.189895629882812 -0.132545471191406 -0.131195068359375
0.135772705078125 -0.147781372070313 -0.046630859375 -0.273635864257813
0.21990966796875 0.0124969482421875 0.166961669921875 -0.387298583984375
0.070648193359375 0.1959228515625 0.4732666015625 -0.234527587890625
-0.0801544189453125 0.136848449707031 0.46820068359375 0.062591552734375
-0.0947036743164063 0.0569610595703125 0.0947036743164063 0.034423828125
-0.142257690429688 0.039794921875 -0.0517654418945313 -0.07293701171875
-0.128036499023438 0.155166625976563 -0.35693359375 -0.24053955078125
0.094024658203125 0.245208740234375 -0.49700927734375 0.00640869140625005
0.221038818359375 0.04443359375 -0.402099609375 0.266448974609375
0.155303955078125 -0.150680541992188 -0.131866455078125 0.328155517578125
-0.0233917236328125 -0.181884765625 0.04705810546875 0.241607666015625
-0.106315612792969 -0.128189086914063 0.0857162475585937 0.0926742553710937
-0.0894775390625 -0.144943237304688 0.04180908203125 0.046295166015625
-0.098968505859375 -0.151931762695312 -0.0596847534179688 0.0123977661132812
-0.00486755371093752 -0.16162109375 -0.118675231933594 -0.086822509765625
0.120193481445312 -0.101654052734375 -0.059661865234375 -0.256759643554688
0.1602783203125 0.0437164306640625 0.175079345703125 -0.395965576171875
0.00335693359375 0.148056030273438 0.531524658203125 -0.22589111328125
-0.0884780883789062 0.0652542114257813 0.507354736328125 0.125732421875
-0.0738296508789062 0.01751708984375 0.0765304565429687 0.0698089599609375
-0.124038696289062 0.0438385009765625 -0.0849075317382813 -0.0179214477539063
-0.0821380615234375 0.14471435546875 -0.343048095703125 -0.161285400390625
0.105087280273438 0.182846069335938 -0.470001220703125 0.0364990234375
0.180831909179687 -0.000823974609375 -0.38995361328125 0.299072265625
0.105758666992188 -0.145431518554688 -0.114501953125 0.366241455078125
-0.0395050048828125 -0.148483276367188 0.0888824462890625 0.279998779296875
-0.0931015014648438 -0.0979461669921875 0.142990112304688 0.12286376953125
-0.0805892944335938 -0.112396240234375 0.0869598388671875 0.0763397216796875
-0.0806350708007813 -0.115760803222656 -0.0259780883789062 0.0488929748535156
-0.00651550292968751 -0.111190795898438 -0.107215881347656 -0.0613861083984375
0.0722732543945313 -0.0559844970703125 -0.0573577880859375 -0.264114379882813
0.0782623291015625 0.0370635986328125 0.21722412109375 -0.40252685546875
-0.03265380859375 0.0612030029296875 0.6033935546875 -0.17864990234375
-0.0593833923339844 -0.00498962402343749 0.529083251953125 0.201690673828125
-0.0377540588378906 -0.0107917785644531 0.0634384155273438 0.09259033203125
-0.0805587768554688 0.0191116333007813 -0.107666015625 0.0297927856445313
-0.0428237915039063 0.079559326171875 -0.332183837890625 -0.0912475585937501
0.0634307861328125 0.099090576171875 -0.447021484375 0.0781555175781251
0.100410461425781 -0.0169677734375 -0.35870361328125 0.335052490234375
0.0486831665039063 -0.0944595336914062 -0.084808349609375 0.39324951171875
-0.0354766845703125 -0.0838088989257813 0.134857177734375 0.298858642578125
-0.0590744018554688 -0.0504951477050781 0.191970825195313 0.136581420898438
-0.0580101013183594 -0.0638160705566406 0.119430541992188 0.0938873291015625
-0.0559616088867187 -0.0647735595703125 -0.001617431640625 0.0688362121582031
-0.0200843811035156 -0.0563507080078125 -0.0898895263671875 -0.0555801391601563
0.0124588012695313 -0.0324440002441406 -0.0303802490234375 -0.280670166015625
0.0162715911865234 -0.00502204895019531 0.279296875 -0.390594482421875
-0.0190296173095703 -0.0154590606689453 0.660400390625 -0.09869384765625
-0.00932693481445313 -0.0336055755615234 0.529205322265625 0.274627685546875
-0.00439167022705078 -0.0140848159790039 0.05584716796875 0.105789184570312
0.0127859115600586 -0.0156421661376953 -0.00604248046874999 -0.156417846679688
-0.0434684753417969 -0.0256233215332031 -0.47027587890625 -0.37603759765625
-0.0388870239257813 0.0714645385742188 -0.66033935546875 0.07769775390625
0.0232772827148438 0.0686569213867188 -0.369476318359375 0.405975341796875
0.0484390258789063 0.0320930480957031 -0.0106201171875 0.312103271484375
0.0439910888671875 0.006622314453125 0.105369567871094 0.0775833129882813
0.0372543334960937 -0.0130691528320312 -0.0164413452148437 -0.0716171264648438
0.0362930297851563 -0.00962066650390625 -0.129997253417969 -0.0891876220703125
0.0309467315673828 -0.0078277587890625 -0.21923828125 -0.135513305664063
0.0163688659667969 0.00492000579833984 -0.172927856445313 -0.279937744140625
0.00623416900634766 0.017333984375 0.00585937500000001 -0.40704345703125
0.00424647331237793 -0.00228285789489746 0.278778076171875 -0.394256591796875
-0.00132179260253906 -0.0195484161376953 0.483062744140625 -0.149810791015625
0.0244922637939453 -0.0144119262695313 0.36712646484375 0.003936767578125
0.0449676513671875 0.0151634216308594 0.152877807617187 -0.07806396484375
-0.00619697570800781 -0.0339527130126953 -0.000366210937500016 -0.158462524414063
-0.0719985961914063 -0.0449295043945313 -0.451171875 -0.40216064453125
-0.0599594116210938 0.103187561035156 -0.6551513671875 0.0288085937500001
0.046295166015625 0.103729248046875 -0.39996337890625 0.361053466796875
0.0945968627929688 0.0216522216796875 -0.049346923828125 0.300994873046875
0.0524024963378906 -0.0439109802246094 0.0757675170898437 0.09033203125
3.81469726562389E-06 -0.0597038269042969 -0.0253028869628906 -0.0563926696777344
-0.00399017333984375 -0.0623550415039063 -0.125495910644531 -0.0786819458007812
-0.0234184265136719 -0.0635643005371094 -0.219757080078125 -0.12457275390625
-0.01080322265625 -0.0741195678710938 -0.188720703125 -0.258697509765625
0.0417442321777344 -0.069427490234375 -0.019683837890625 -0.389312744140625
0.100364685058594 -0.0345611572265625 0.235748291015625 -0.406890869140625
0.0752716064453125 0.0618133544921875 0.457366943359375 -0.191192626953125
0.01171875 0.0808944702148438 0.377716064453125 -0.01971435546875
-0.0110244750976563 0.0635986328125 0.149490356445313 -0.0747222900390625
-0.0393447875976562 -0.0388526916503906 0.0026397705078125 -0.160858154296875
-0.107894897460938 -0.0304336547851563 -0.433380126953125 -0.39990234375
-0.055877685546875 0.151947021484375 -0.62945556640625 0.00610351562500012
0.0886383056640625 0.124046325683594 -0.406219482421875 0.318939208984375
0.136276245117188 -0.009979248046875 -0.080474853515625 0.2874755859375
0.0480194091796875 -0.0961074829101562 0.0467300415039063 0.1112060546875
-0.0394821166992187 -0.0992355346679688 -0.0227241516113281 -0.0289134979248047
-0.0426406860351562 -0.106575012207031 -0.100318908691406 -0.0562744140625
-0.0708999633789063 -0.112808227539062 -0.196563720703125 -0.102157592773438
-0.0305938720703125 -0.139877319335938 -0.183578491210938 -0.222335815429688
0.0768890380859375 -0.138908386230469 -0.03607177734375 -0.356781005859375
0.18096923828125 -0.052520751953125 0.19696044921875 -0.410247802734375
0.127616882324219 0.1318359375 0.442291259765625 -0.22344970703125
-0.00790405273437499 0.151321411132813 0.402130126953125 -0.02069091796875
-0.056793212890625 0.09246826171875 0.137504577636719 -0.049285888671875
-0.0849533081054688 -0.0199432373046875 -0.00567626953125001 -0.151885986328125
-0.142547607421875 0.0320281982421875 -0.417022705078125 -0.367889404296875
-0.0144805908203125 0.214447021484375 -0.58892822265625 0.00128173828125002
0.152557373046875 0.120376586914063 -0.40350341796875 0.2894287109375
0.167221069335938 -0.063751220703125 -0.10491943359375 0.286712646484375
0.02783203125 -0.1456298828125 0.0299224853515625 0.144973754882812
-0.0766983032226563 -0.124557495117188 -0.00309991836547852 0.00876760482788085
-0.0743255615234375 -0.137825012207031 -0.0601081848144531 -0.0263137817382813
-0.103378295898437 -0.145950317382813 -0.154983520507812 -0.069183349609375
-0.03643798828125 -0.180328369140625 -0.163482666015625 -0.175949096679688
0.108917236328125 -0.169570922851563 -0.047271728515625 -0.3157958984375
0.227066040039062 -0.039306640625 0.166290283203125 -0.40667724609375
0.13092041015625 0.1817626953125 0.444671630859375 -0.24884033203125
-0.03955078125 0.175537109375 0.43902587890625 3.05175781250107E-05
-0.084503173828125 0.0910415649414063 0.120368957519531 -0.010040283203125
-0.124908447265625 0.0146484375 -0.0281753540039063 -0.124427795410156
-0.147308349609375 0.112258911132813 -0.399658203125 -0.308807373046875
0.0540618896484375 0.253402709960937 -0.546966552734375 0.00732421874999992
0.208404541015625 0.0841522216796875 -0.4019775390625 0.27923583984375
0.172225952148437 -0.1239013671875 -0.119049072265625 0.30645751953125
-0.00349426269531248 -0.178573608398438 0.03375244140625 0.191818237304688
-0.104324340820312 -0.13226318359375 0.0355949401855469 0.0503158569335937
-0.0944366455078125 -0.148956298828125 -0.00930213928222657 0.00843048095703124
-0.116409301757812 -0.156951904296875 -0.105880737304688 -0.0281143188476562
-0.0273590087890625 -0.187118530273438 -0.141326904296875 -0.125091552734375
0.126312255859375 -0.154434204101563 -0.060943603515625 -0.278884887695313
0.2210693359375 -0.0007171630859375 0.149078369140625 -0.40618896484375
0.08111572265625 0.191238403320313 0.47283935546875 -0.263671875
-0.07305908203125 0.143234252929688 0.4847412109375 0.0435791015625
-0.0878753662109375 0.0613174438476563 0.102149963378906 0.0334091186523438
-0.139656066894531 0.044189453125 -0.0605392456054688 -0.0768814086914063
-0.118270874023438 0.161514282226562 -0.382843017578125 -0.231170654296875
0.111923217773437 0.239852905273438 -0.511962890625 0.028717041015625
0.22216796875 0.0304718017578125 -0.398345947265625 0.29315185546875
0.144882202148438 -0.160797119140625 -0.11785888671875 0.342071533203125
-0.03424072265625 -0.180572509765625 0.0611572265625 0.24139404296875
-0.114082336425781 -0.121322631835938 0.0907363891601562 0.0876235961914062
-0.10028076171875 -0.139053344726563 0.0450248718261719 0.0422401428222656
-0.11004638671875 -0.1444091796875 -0.0599517822265625 0.0147705078125
-0.016448974609375 -0.158447265625 -0.124252319335937 -0.0819168090820313
0.112686157226563 -0.107254028320312 -0.0725860595703125 -0.262542724609375
0.161651611328125 0.03369140625 0.1588134765625 -0.41668701171875
0.0110015869140625 0.14544677734375 0.5325927734375 -0.2576904296875
-0.08441162109375 0.070556640625 0.52734375 0.102813720703125
-0.0680389404296875 0.0205039978027344 0.0860443115234375 0.0689315795898438
-0.121864318847656 0.0476150512695313 -0.0914306640625 -0.0188446044921875
-0.0728302001953125 0.1492919921875 -0.363372802734375 -0.15020751953125
0.1195068359375 0.17669677734375 -0.48199462890625 0.05938720703125
0.179275512695313 -0.0121307373046875 -0.382720947265625 0.3265380859375
0.0963287353515625 -0.152664184570313 -0.09765625 0.3797607421875
-0.048248291015625 -0.146240234375 0.105270385742188 0.278488159179688
-0.0997390747070312 -0.091888427734375 0.150604248046875 0.113388061523438
-0.089935302734375 -0.107894897460937 0.092864990234375 0.06927490234375
-0.0903701782226563 -0.109825134277344 -0.0232658386230469 0.0485877990722656
-0.0150222778320312 -0.108909606933594 -0.110389709472656 -0.0583267211914063
0.0670814514160156 -0.0592193603515625 -0.069549560546875 -0.269622802734375
0.0784530639648438 0.030487060546875 0.20245361328125 -0.424224853515625
-0.0298690795898438 0.0593299865722656 0.6087646484375 -0.21173095703125
-0.0575180053710937 -0.00186538696289063 0.553924560546875 0.181488037109375
-0.0333461761474609 -0.00991249084472656 0.0748519897460938 0.0930709838867188
-0.0796356201171875 0.0211563110351562 -0.112205505371094 0.0315322875976562
-0.0367813110351563 0.0813674926757813 -0.3475341796875 -0.0787963867187499
0.0726776123046875 0.0951766967773438 -0.455535888671875 0.100555419921875
0.098052978515625 -0.0235977172851562 -0.35003662109375 0.36151123046875
0.04180908203125 -0.0986175537109375 -0.065521240234375 0.405487060546875
-0.0401992797851563 -0.0829315185546875 0.15289306640625 0.29437255859375
-0.0625076293945313 -0.0473709106445312 0.201309204101563 0.1240234375
-0.0640220642089844 -0.0607070922851563 0.127288818359375 0.0844192504882813
-0.062164306640625 -0.0606422424316406 0.00319290161132812 0.0661849975585938
-0.0249366760253906 -0.05419921875 -0.0919647216796875 -0.05474853515625
0.00902175903320313 -0.0334262847900391 -0.04150390625 -0.28826904296875
0.0151004791259766 -0.0079488754272461 0.267486572265625 -0.414703369140625
-0.0196743011474609 -0.016998291015625 0.6702880859375 -0.13262939453125
-0.00927162170410156 -0.0323257446289063 0.556610107421875 0.2562255859375
-0.000935554504394532 -0.0138750076293945 0.0681228637695313 0.106681823730469
0.0104465484619141 -0.0193748474121094 -0.024261474609375 -0.159072875976562
-0.0454940795898438 -0.0237960815429687 -0.502166748046875 -0.34942626953125
-0.034515380859375 0.0742568969726563 -0.66168212890625 0.117431640625
0.0255813598632813 0.0676994323730469 -0.34954833984375 0.432220458984375
0.0519981384277344 0.0312614440917969 0.00570678710937498 0.317626953125
0.04669189453125 0.00473403930664063 0.108551025390625 0.0741348266601563
0.0375595092773438 -0.0165786743164063 -0.0215263366699219 -0.0671195983886719
0.0373191833496094 -0.0129203796386719 -0.136146545410156 -0.0760040283203125
0.0315532684326172 -0.00996017456054688 -0.228805541992188 -0.114669799804688
0.0173625946044922 0.005584716796875 -0.192520141601563 -0.263107299804687
0.00840950012207031 0.0188446044921875 -0.02239990234375 -0.407806396484375
0.00439357757568359 -0.00155401229858398 0.250457763671875 -0.416473388671875
-0.00523185729980469 -0.0177516937255859 0.473724365234375 -0.18536376953125
0.0217475891113281 -0.0137462615966797 0.3717041015625 -0.0181884765625
0.0462417602539063 0.0117607116699219 0.152252197265625 -0.0844573974609375
-0.00736618041992187 -0.0372390747070313 -0.017608642578125 -0.162261962890625
-0.0728302001953125 -0.04241943359375 -0.485504150390625 -0.37542724609375
-0.0520095825195312 0.104110717773438 -0.6585693359375 0.0662841796875001
0.0499496459960938 0.099945068359375 -0.382659912109375 0.3876953125
0.0948104858398438 0.0171737670898438 -0.03326416015625 0.308929443359375
0.0501289367675781 -0.0447654724121094 0.0794448852539063 0.0887451171875
-0.00326156616210937 -0.0585403442382812 -0.0298233032226563 -0.0517807006835938
-0.00766754150390625 -0.0611457824707031 -0.131111145019531 -0.06634521484375
-0.0265007019042969 -0.0605316162109375 -0.230026245117187 -0.103500366210937
-0.0155715942382812 -0.069671630859375 -0.206344604492188 -0.240814208984375
0.0368499755859375 -0.0704269409179688 -0.046875 -0.388763427734375
0.0977630615234375 -0.0405120849609375 0.205902099609375 -0.4273681640625
0.0774307250976563 0.0567626953125 0.445068359375 -0.224365234375
0.01605224609375 0.0825347900390625 0.3804931640625 -0.042236328125
-0.00537109375 0.0631065368652344 0.148971557617188 -0.08154296875
-0.03961181640625 -0.0399131774902344 -0.01409912109375 -0.1641845703125
-0.10626220703125 -0.0263595581054688 -0.467071533203125 -0.37689208984375
-0.0441436767578125 0.150360107421875 -0.6348876953125 0.04254150390625
0.0926132202148437 0.115936279296875 -0.392242431640625 0.3485107421875
0.132469177246094 -0.017608642578125 -0.064178466796875 0.29705810546875
0.0405426025390625 -0.0958786010742188 0.0527191162109375 0.110298156738281
-0.0458450317382812 -0.0934295654296875 -0.0259780883789063 -0.0247535705566406
-0.0502395629882813 -0.102287292480469 -0.105857849121094 -0.0480499267578125
-0.0782394409179687 -0.1043701171875 -0.204574584960938 -0.0839996337890625
-0.0408935546875 -0.133277893066406 -0.197921752929687 -0.205841064453125
0.0661163330078125 -0.141311645507813 -0.061187744140625 -0.35595703125
0.175872802734375 -0.0648956298828125 0.16668701171875 -0.427093505859375
0.135047912597656 0.122337341308594 0.42889404296875 -0.256195068359375
0.00201416015624999 0.15338134765625 0.4052734375 -0.0460205078125
-0.0480270385742188 0.0950164794921875 0.138656616210938 -0.05596923828125
-0.0838851928710938 -0.0183029174804687 -0.0210418701171875 -0.155853271484375
-0.13525390625 0.0379486083984375 -0.449371337890625 -0.3460693359375
0.00263977050781251 0.20867919921875 -0.596435546875 0.0364990234375
0.155410766601563 0.107513427734375 -0.389495849609375 0.319580078125
0.15863037109375 -0.0738372802734375 -0.087158203125 0.29718017578125
0.0159454345703125 -0.143936157226563 0.0385284423828125 0.144760131835938
-0.0852203369140625 -0.114410400390625 -0.00406646728515625 0.0103683471679687
-0.0846176147460938 -0.129646301269531 -0.0627403259277344 -0.0210647583007813
-0.113525390625 -0.133819580078125 -0.160690307617188 -0.0552978515625
-0.049407958984375 -0.1724853515625 -0.175186157226562 -0.16143798828125
0.095306396484375 -0.17388916015625 -0.070281982421875 -0.3153076171875
0.22210693359375 -0.0555267333984375 0.13641357421875 -0.422149658203125
0.141830444335938 0.170806884765625 0.430938720703125 -0.281494140625
-0.0261993408203125 0.179214477539063 0.44488525390625 -0.0272216796875
-0.074249267578125 0.0944900512695312 0.12347412109375 -0.01580810546875
-0.121421813964844 0.0199203491210938 -0.0416793823242188 -0.126625061035156
-0.135414123535156 0.118278503417969 -0.427764892578125 -0.2845458984375
0.073760986328125 0.243484497070313 -0.55328369140625 0.0413818359374999
0.209060668945313 0.06787109375 -0.386566162109375 0.308624267578125
0.158676147460938 -0.135055541992188 -0.098968505859375 0.31695556640625
-0.0175933837890625 -0.174896240234375 0.0464630126953125 0.190048217773438
-0.113716125488281 -0.119918823242187 0.0377883911132812 0.0479927062988281
-0.106460571289063 -0.138946533203125 -0.0096874237060547 0.00800132751464843
-0.127822875976563 -0.143722534179687 -0.108871459960938 -0.019378662109375
-0.0421295166015625 -0.17864990234375 -0.14947509765625 -0.113357543945313
0.111846923828125 -0.159683227539063 -0.0800628662109375 -0.278030395507813
0.217788696289063 -0.017242431640625 0.12030029296875 -0.420166015625
0.0925750732421875 0.182861328125 0.457916259765625 -0.297515869140625
-0.0612640380859375 0.148117065429688 0.49285888671875 0.011444091796875
-0.0786361694335938 0.0651702880859375 0.108207702636719 0.0274124145507813
-0.135162353515625 0.0511627197265625 -0.0706710815429688 -0.0767745971679688
-0.103042602539062 0.16607666015625 -0.4046630859375 -0.209136962890625
0.130508422851563 0.22613525390625 -0.515869140625 0.0595092773437499
0.21954345703125 0.013763427734375 -0.3812255859375 0.32440185546875
0.129119873046875 -0.1702880859375 -0.093841552734375 0.35333251953125
-0.0476531982421875 -0.175247192382813 0.0779571533203125 0.23614501953125
-0.122383117675781 -0.108802795410156 0.0954742431640625 0.0796279907226562
-0.1123046875 -0.128387451171875 0.0465164184570313 0.0360450744628906
-0.121353149414063 -0.131263732910156 -0.0593185424804688 0.0178604125976562
-0.02984619140625 -0.151885986328125 -0.128349304199219 -0.0736770629882813
0.10125732421875 -0.112281799316406 -0.08917236328125 -0.261138916015625
0.160324096679688 0.0195159912109375 0.130279541015625 -0.43048095703125
0.0202407836914063 0.140373229980469 0.51904296875 -0.293487548828125
-0.0757827758789062 0.0755691528320313 0.540863037109375 0.06976318359375
-0.0607872009277344 0.0232391357421875 0.0947341918945312 0.064178466796875
-0.117088317871094 0.0539703369140625 -0.0973739624023438 -0.016632080078125
-0.05975341796875 0.150909423828125 -0.378936767578125 -0.127471923828125
0.134078979492188 0.163726806640625 -0.482635498046875 0.091217041015625
0.1751708984375 -0.0253753662109375 -0.361907958984375 0.35595703125
0.0818328857421875 -0.1590576171875 -0.07025146484375 0.388641357421875
-0.0587005615234375 -0.141525268554688 0.12506103515625 0.268997192382812
-0.106124877929688 -0.0818252563476563 0.156845092773438 0.0998687744140625
-0.0993728637695313 -0.0986480712890625 0.0970687866210938 0.05859375
-0.0997772216796875 -0.0992507934570312 -0.0195960998535156 0.048004150390625
-0.0250320434570313 -0.103599548339844 -0.112419128417969 -0.0524063110351563
0.0594520568847656 -0.0623664855957031 -0.085906982421875 -0.270248413085938
0.0777435302734375 0.0223159790039062 0.17626953125 -0.44122314453125
-0.0253372192382812 0.0573043823242188 0.5970458984375 -0.25213623046875
-0.0535011291503906 0.00195693969726563 0.57086181640625 0.14434814453125
-0.0284748077392578 -0.00906753540039063 0.0858535766601563 0.0885086059570313
-0.0771484375 0.0254287719726562 -0.114295959472656 0.0349349975585937
-0.028778076171875 0.0810699462890625 -0.357635498046875 -0.056915283203125
0.081634521484375 0.0865402221679687 -0.45245361328125 0.13275146484375
0.0937347412109375 -0.030792236328125 -0.325286865234375 0.388519287109375
0.0325241088867187 -0.101654052734375 -0.036895751953125 0.410614013671875
-0.0460891723632812 -0.0797805786132813 0.17376708984375 0.282562255859375
-0.0663871765136719 -0.0422096252441406 0.20867919921875 0.1055908203125
-0.069976806640625 -0.0547981262207031 0.133430480957031 0.0706558227539063
-0.0684013366699219 -0.0543861389160156 0.00901412963867188 0.0626068115234375
-0.0305557250976563 -0.0499801635742187 -0.0927963256835938 -0.0508651733398438
0.004730224609375 -0.0330963134765625 -0.05780029296875 -0.289825439453125
0.0129489898681641 -0.0112371444702148 0.242767333984375 -0.43499755859375
-0.0200557708740234 -0.0174980163574219 0.66339111328125 -0.1759033203125
-0.00852203369140625 -0.0303077697753906 0.57763671875 0.21954345703125
0.00227069854736328 -0.0145931243896484 0.08062744140625 0.10345458984375
0.0077972412109375 -0.0227241516113281 -0.03961181640625 -0.156295776367188
-0.0469512939453125 -0.0210304260253906 -0.516448974609375 -0.313079833984375
-0.029754638671875 0.0744781494140625 -0.6435546875 0.15106201171875
0.0277099609375 0.0660438537597656 -0.3187255859375 0.444610595703125
0.05413818359375 0.0288162231445312 0.022857666015625 0.314910888671875
0.0478401184082031 0.00233078002929688 0.108955383300781 0.0692291259765625
0.0361442565917969 -0.0193748474121094 -0.0252265930175781 -0.0607566833496094
0.0367584228515625 -0.0163841247558594 -0.136993408203125 -0.0611953735351562
0.0318031311035156 -0.012054443359375 -0.229415893554688 -0.09039306640625
0.0184268951416016 0.00624847412109375 -0.203582763671875 -0.23907470703125
0.0107421875 0.01947021484375 -0.04949951171875 -0.397247314453125
0.00442838668823242 -0.000369548797607422 0.21612548828125 -0.425079345703125
-0.0079193115234375 -0.0145864486694336 0.449188232421875 -0.21337890625
0.0188312530517578 -0.0127086639404297 0.365936279296875 -0.039306640625
0.0458641052246094 0.00754165649414062 0.147369384765625 -0.0895843505859375
-0.00946044921875 -0.0385246276855469 -0.034423828125 -0.159988403320313
-0.0718994140625 -0.0390167236328125 -0.502471923828125 -0.340301513671875
-0.0436630249023438 0.102188110351563 -0.64544677734375 0.1009521484375
0.0518569946289062 0.093780517578125 -0.353790283203125 0.404541015625
0.092681884765625 0.0125503540039063 -0.016571044921875 0.308074951171875
0.0470733642578125 -0.0441169738769531 0.0811386108398438 0.0852279663085938
-0.00689697265625001 -0.0551872253417969 -0.0333099365234375 -0.0450668334960938
-0.0109596252441406 -0.0587387084960938 -0.132583618164063 -0.0522613525390625
-0.0283737182617187 -0.0559043884277344 -0.230453491210938 -0.080169677734375
-0.0189399719238281 -0.0638504028320313 -0.216110229492188 -0.216384887695313
0.0316352844238281 -0.0683212280273438 -0.071807861328125 -0.3773193359375
0.0919876098632813 -0.0455093383789062 0.17132568359375 -0.432769775390625
0.0777511596679687 0.0514755249023438 0.421661376953125 -0.24993896484375
0.0202102661132812 0.0817718505859375 0.373504638671875 -0.0634765625
-0.000114440917968751 0.0608329772949219 0.144699096679688 -0.0866851806640625
-0.0394706726074219 -0.0396270751953125 -0.0301971435546875 -0.161941528320313
-0.102394104003906 -0.022674560546875 -0.48504638671875 -0.34307861328125
-0.0322418212890625 0.144439697265625 -0.62225341796875 0.0758056640625001
0.0937042236328125 0.105865478515625 -0.3653564453125 0.365936279296875
0.124549865722656 -0.0244598388671875 -0.0469970703125 0.29815673828125
0.0329513549804688 -0.0926742553710938 0.0573577880859375 0.107208251953125
-0.050506591796875 -0.0842437744140625 -0.027801513671875 -0.0195503234863281
-0.0558929443359375 -0.094573974609375 -0.10662841796875 -0.0369110107421875
-0.0824203491210938 -0.093292236328125 -0.205657958984375 -0.06365966796875
-0.0487289428710938 -0.12261962890625 -0.205352783203125 -0.183242797851562
0.0542678833007812 -0.138847351074219 -0.083526611328125 -0.3450927734375
0.165313720703125 -0.074493408203125 0.13250732421875 -0.42938232421875
0.137802124023438 0.110588073730469 0.403778076171875 -0.27978515625
0.01226806640625 0.151351928710938 0.3974609375 -0.06915283203125
-0.038604736328125 0.0935745239257813 0.135780334472656 -0.0613555908203125
-0.0807418823242188 -0.0148544311523438 -0.035491943359375 -0.153152465820313
-0.126091003417969 0.0413589477539063 -0.46612548828125 -0.312652587890625
0.0167694091796875 0.19677734375 -0.585693359375 0.0689697265625001
0.153884887695313 0.093658447265625 -0.3651123046875 0.3387451171875
0.144882202148438 -0.081573486328125 -0.06689453125 0.29815673828125
0.0057220458984375 -0.137680053710938 0.0464096069335938 0.140357971191406
-0.0899200439453125 -0.102088928222656 -0.00446224212646485 0.0120353698730469
-0.0917816162109375 -0.117881774902344 -0.064117431640625 -0.0154838562011719
-0.119407653808594 -0.118408203125 -0.161270141601563 -0.0398406982421875
-0.0597381591796875 -0.159622192382813 -0.180557250976563 -0.142608642578125
0.0795745849609375 -0.1728515625 -0.08905029296875 -0.305206298828125
0.209930419921875 -0.068939208984375 0.1033935546875 -0.42236328125
0.147262573242188 0.155975341796875 0.404083251953125 -0.30279541015625
-0.012664794921875 0.17681884765625 0.437255859375 -0.053436279296875
-0.0636444091796875 0.0939178466796875 0.122772216796875 -0.021240234375
-0.114707946777344 0.0247726440429687 -0.052886962890625 -0.123649597167969
-0.121124267578125 0.119239807128906 -0.44061279296875 -0.25592041015625
0.08905029296875 0.225570678710937 -0.544464111328125 0.0731811523437501
0.203994750976563 0.052032470703125 -0.36126708984375 0.328521728515625
0.141342163085938 -0.140609741210938 -0.076141357421875 0.318572998046875
-0.0301666259765625 -0.165878295898438 0.0577850341796875 0.18316650390625
-0.117591857910156 -0.105186462402344 0.0386161804199219 0.0442733764648437
-0.114547729492188 -0.124809265136719 -0.0101613998413086 0.00728893280029296
-0.134437561035156 -0.126556396484375 -0.108047485351563 -0.00997161865234374
-0.053375244140625 -0.165252685546875 -0.151519775390625 -0.0987396240234375
0.0963287353515625 -0.159561157226563 -0.095611572265625 -0.27020263671875
0.2071533203125 -0.0326995849609375 0.08843994140625 -0.419769287109375
0.100601196289063 0.168869018554688 0.430938720703125 -0.32037353515625
-0.0473480224609375 0.147994995117188 0.48760986328125 -0.01910400390625
-0.0684051513671875 0.0652084350585938 0.110382080078125 0.021270751953125
-0.126548767089844 0.0568008422851562 -0.0781936645507813 -0.07269287109375
-0.086700439453125 0.164657592773438 -0.41302490234375 -0.179718017578125
0.143463134765625 0.206008911132812 -0.5050048828125 0.090667724609375
0.210983276367188 -0.001312255859375 -0.354461669921875 0.3426513671875
0.11065673828125 -0.173995971679688 -0.068084716796875 0.352691650390625
-0.0583343505859375 -0.1646728515625 0.092437744140625 0.22509765625
-0.126014709472656 -0.0941238403320312 0.0964736938476562 0.0700225830078125
-0.119476318359375 -0.114311218261719 0.0464553833007812 0.0294685363769531
-0.127967834472656 -0.114646911621094 -0.0567054748535156 0.0211257934570313
-0.0408477783203125 -0.13995361328125 -0.128746032714844 -0.0633773803710938
0.0880050659179688 -0.113639831542969 -0.103652954101563 -0.253204345703125
0.153900146484375 0.0065765380859375 0.100250244140625 -0.431365966796875
0.0276336669921875 0.132003784179688 0.491607666015625 -0.319976806640625
-0.0652389526367187 0.07745361328125 0.536834716796875 0.034088134765625
-0.0533638000488281 0.0234184265136719 0.0996856689453125 0.057525634765625
-0.11004638671875 0.0594558715820312 -0.0997543334960937 -0.0121994018554687
-0.046112060546875 0.148391723632813 -0.382415771484375 -0.10198974609375
0.14361572265625 0.145919799804688 -0.470733642578125 0.11846923828125
0.16656494140625 -0.036651611328125 -0.330322265625 0.371551513671875
0.0657196044921875 -0.160186767578125 -0.042236328125 0.38482666015625
-0.0674819946289062 -0.132522583007813 0.140411376953125 0.253585815429687
-0.10919189453125 -0.0701522827148437 0.157562255859375 0.084381103515625
-0.105789184570313 -0.086700439453125 0.097564697265625 0.0465469360351562
-0.104705810546875 -0.0858001708984375 -0.0155563354492188 0.0455322265625
-0.0326080322265625 -0.0944671630859375 -0.111106872558594 -0.045623779296875
0.050872802734375 -0.0629730224609375 -0.0989837646484375 -0.262710571289062
0.0742340087890625 0.0138397216796875 0.145172119140625 -0.444488525390625
-0.0212173461914063 0.0542793273925781 0.5699462890625 -0.283203125
-0.0477104187011719 0.00464248657226562 0.57135009765625 0.1058349609375
-0.02398681640625 -0.00878334045410157 0.0929183959960938 0.081787109375
-0.0733108520507812 0.0289993286132813 -0.112586975097656 0.039459228515625
-0.0213241577148438 0.0782318115234375 -0.35650634765625 -0.0338134765625001
0.0864944458007813 0.0752716064453125 -0.436859130859375 0.1583251953125
0.0877304077148438 -0.0362701416015625 -0.29278564453125 0.401397705078125
0.02337646484375 -0.101593017578125 -0.00799560546874997 0.405029296875
-0.0501174926757812 -0.0746002197265625 0.18817138671875 0.262374877929688
-0.0681610107421875 -0.0360183715820313 0.208160400390625 0.0858306884765625
-0.0740966796875 -0.0477294921875 0.134056091308594 0.055389404296875
-0.071380615234375 -0.0453720092773438 0.013214111328125 0.0572471618652344
-0.0341758728027344 -0.0444297790527344 -0.0908660888671875 -0.0471572875976562
0.000885009765625003 -0.0319004058837891 -0.07275390625 -0.284423828125
0.0102567672729492 -0.0142011642456055 0.212646484375 -0.440704345703125
-0.0205574035644531 -0.0176048278808594 0.63983154296875 -0.21051025390625
-0.00657081604003906 -0.0281639099121094 0.581298828125 0.18048095703125
0.00463676452636719 -0.0152444839477539 0.0899810791015625 0.0971221923828125
0.00426292419433594 -0.0229740142822266 -0.0514678955078125 -0.150299072265625
-0.0467262268066406 -0.0184707641601563 -0.51593017578125 -0.2830810546875
-0.0263137817382812 0.0732345581054688 -0.61920166015625 0.1678466796875
0.0281791687011719 0.0635910034179688 -0.294647216796875 0.442474365234375
0.0547714233398438 0.0263710021972656 0.032135009765625 0.308074951171875
0.0493659973144531 0.000659942626953125 0.106369018554688 0.0661544799804688
0.0342311859130859 -0.0201416015625 -0.0278701782226563 -0.0541725158691406
0.0349750518798828 -0.0184745788574219 -0.133598327636719 -0.049530029296875
0.0312995910644531 -0.0135250091552734 -0.223663330078125 -0.0711669921875
0.0196685791015625 0.00671577453613281 -0.205429077148438 -0.217147827148437
0.0121059417724609 0.0201816558837891 -0.06451416015625 -0.38153076171875
0.0038599967956543 0.000310897827148438 0.1878662109375 -0.420440673828125
-0.00968742370605469 -0.0112485885620117 0.425201416015625 -0.225830078125
0.0174551010131836 -0.0106039047241211 0.354827880859375 -0.050933837890625
0.0443611145019531 0.004119873046875 0.142593383789063 -0.0905609130859375
-0.0107574462890625 -0.0388336181640625 -0.045654296875 -0.153823852539063
-0.0700302124023438 -0.0368690490722656 -0.502471923828125 -0.31121826171875
-0.0380706787109375 0.0978927612304688 -0.62249755859375 0.11749267578125
0.051483154296875 0.0893020629882813 -0.331451416015625 0.404388427734375
0.0882568359375 0.00933074951171875 -0.00619506835937502 0.302642822265625
0.0442848205566406 -0.0422859191894531 0.080474853515625 0.0827407836914063
-0.00878143310546875 -0.0507774353027344 -0.0350151062011719 -0.0391883850097656
-0.0132865905761719 -0.0553436279296875 -0.1300048828125 -0.0418243408203125
-0.0286445617675781 -0.0513458251953125 -0.224945068359375 -0.0613555908203125
-0.0196266174316406 -0.0571479797363281 -0.215972900390625 -0.195907592773438
0.0281219482421875 -0.0655975341796875 -0.0859375 -0.363006591796875
0.0853271484375 -0.0474472045898438 0.144439697265625 -0.42620849609375
0.0758819580078125 0.048126220703125 0.397247314453125 -0.25775146484375
0.0230255126953125 0.0798263549804688 0.361724853515625 -0.075531005859375
0.00272750854492187 0.0565948486328125 0.1400146484375 -0.0878982543945312
-0.0388107299804687 -0.0383453369140625 -0.041229248046875 -0.156814575195313
-0.0971298217773438 -0.02117919921875 -0.486663818359375 -0.313629150390625
-0.0250244140625 0.134941101074219 -0.60504150390625 0.0929565429687502
0.0910873413085938 0.0975570678710938 -0.341522216796875 0.368438720703125
0.116165161132813 -0.0271835327148437 -0.034393310546875 0.29364013671875
0.0283889770507813 -0.0872802734375 0.0584259033203125 0.104408264160156
-0.052093505859375 -0.0753250122070313 -0.0291862487792969 -0.0150222778320313
-0.0587158203125 -0.08648681640625 -0.105224609375 -0.0285568237304688
-0.08245849609375 -0.0833511352539062 -0.20025634765625 -0.0470428466796875
-0.050750732421875 -0.111213684082031 -0.204345703125 -0.164840698242188
0.0459136962890625 -0.133743286132813 -0.0958251953125 -0.331085205078125
0.153884887695313 -0.0789642333984375 0.1072998046875 -0.4210205078125
0.13568115234375 0.100540161132813 0.378936767578125 -0.285736083984375
0.0191650390625 0.146957397460938 0.385528564453125 -0.08233642578125
-0.0326995849609375 0.0892715454101563 0.13140869140625 -0.063018798828125
-0.0764312744140625 -0.0124588012695313 -0.04498291015625 -0.148422241210938
-0.116912841796875 0.0402603149414063 -0.46697998046875 -0.284912109375
0.0241241455078125 0.182174682617188 -0.56805419921875 0.0866699218750001
0.148193359375 0.0820159912109375 -0.342620849609375 0.342620849609375
0.132225036621094 -0.0832672119140625 -0.053436279296875 0.294586181640625
-0.001068115234375 -0.128944396972656 0.0504531860351562 0.13568115234375
-0.09033203125 -0.0896835327148437 -0.00517654418945313 0.0134906768798828
-0.095123291015625 -0.106178283691406 -0.0638999938964844 -0.0114288330078125
-0.119422912597656 -0.104354858398437 -0.156967163085938 -0.027740478515625
-0.063812255859375 -0.14544677734375 -0.178817749023437 -0.127273559570313
0.06805419921875 -0.166534423828125 -0.099578857421875 -0.2933349609375
0.196441650390625 -0.0758514404296875 0.07965087890625 -0.413543701171875
0.146621704101563 0.143112182617188 0.37823486328125 -0.3089599609375
-0.00299072265625 0.171478271484375 0.424957275390625 -0.070037841796875
-0.0555496215820312 0.090789794921875 0.120193481445313 -0.0238723754882812
-0.1077880859375 0.0278396606445312 -0.0597000122070312 -0.118904113769531
-0.109367370605469 0.115753173828125 -0.441253662109375 -0.23040771484375
0.095245361328125 0.206756591796875 -0.5264892578125 0.090850830078125
0.194656372070313 0.0407562255859375 -0.33807373046875 0.334503173828125
0.125518798828125 -0.139793395996094 -0.059539794921875 0.3118896484375
-0.03643798828125 -0.154434204101563 0.06427001953125 0.175430297851563
-0.117530822753906 -0.0917129516601563 0.0374641418457031 0.0416030883789063
-0.117469787597656 -0.111221313476563 -0.0109691619873047 0.0074930191040039
-0.134963989257813 -0.1103515625 -0.104866027832031 -0.00241851806640624
-0.058502197265625 -0.150894165039063 -0.148971557617188 -0.0873870849609375
0.083221435546875 -0.155075073242188 -0.104660034179688 -0.259902954101563
0.194183349609375 -0.040435791015625 0.066802978515625 -0.409332275390625
0.101898193359375 0.15655517578125 0.405242919921875 -0.32720947265625
-0.0360107421875 0.14306640625 0.47393798828125 -0.038421630859375
-0.0604362487792969 0.063140869140625 0.109344482421875 0.0178604125976563
-0.118133544921875 0.0600051879882813 -0.0816116333007813 -0.0692367553710938
-0.074615478515625 0.158370971679688 -0.41070556640625 -0.158966064453125
0.14703369140625 0.186050415039063 -0.488555908203125 0.10675048828125
0.200927734375 -0.010772705078125 -0.32720947265625 0.348388671875
0.0948638916015625 -0.171371459960937 -0.049285888671875 0.343719482421875
-0.0643768310546875 -0.153564453125 0.09954833984375 0.213058471679688
-0.125106811523438 -0.0809478759765625 0.0942153930664062 0.062408447265625
-0.122215270996094 -0.101318359375 0.0445747375488281 0.0245285034179687
-0.128639221191406 -0.100128173828125 -0.0545997619628906 0.0231246948242188
-0.045562744140625 -0.127517700195313 -0.124847412109375 -0.0563125610351563
0.0774154663085938 -0.110313415527344 -0.110519409179688 -0.244171142578125
0.144454956054688 -0.001983642578125 0.07891845703125 -0.4210205078125
0.0315093994140625 0.123001098632812 0.4630126953125 -0.327178955078125
-0.0555038452148438 0.0761184692382813 0.523590087890625 0.011627197265625
-0.0464439392089844 0.0222587585449219 0.10028076171875 0.0525665283203125
-0.102272033691406 0.0616378784179688 -0.0996856689453125 -0.00965881347656249
-0.036956787109375 0.141769409179687 -0.376861572265625 -0.0836181640625
0.144515991210938 0.129714965820313 -0.45166015625 0.13531494140625
0.156753540039063 -0.04254150390625 -0.304718017578125 0.3741455078125
0.0532989501953125 -0.15673828125 -0.023712158203125 0.374114990234375
-0.0710067749023437 -0.122688293457031 0.147171020507812 0.237411499023438
-0.107635498046875 -0.0598373413085938 0.153594970703125 0.0719757080078125
-0.107490539550781 -0.0757369995117188 0.0945510864257813 0.0369415283203125
-0.105491638183594 -0.0736236572265625 -0.0133705139160156 0.0432929992675781
-0.0368499755859375 -0.0852279663085938 -0.106056213378906 -0.0416488647460937
0.0437240600585938 -0.0611419677734375 -0.105499267578125 -0.253738403320313
0.0687141418457031 0.00823974609375 0.123199462890625 -0.43487548828125
-0.0176467895507813 0.0502395629882813 0.54107666015625 -0.293548583984375
-0.0408401489257813 0.0051727294921875 0.558929443359375 0.07965087890625
-0.0195655822753906 -0.009368896484375 0.0957183837890625 0.0762863159179688
-0.06915283203125 0.0312919616699219 -0.110321044921875 0.0410614013671875
-0.0158615112304688 0.0741195678710938 -0.347900390625 -0.019134521484375
0.0877761840820313 0.0653839111328125 -0.417327880859375 0.170013427734375
0.0817337036132813 -0.0388641357421875 -0.264862060546875 0.40191650390625
0.0157852172851563 -0.0981674194335938 0.0106201171875 0.39178466796875
-0.0519485473632813 -0.0690765380859375 0.193252563476563 0.243179321289063
-0.0678024291992188 -0.0299873352050781 0.203033447265625 0.0692901611328125
-0.075042724609375 -0.0403366088867188 0.130683898925781 0.0434951782226563
-0.0719223022460938 -0.0380477905273438 0.0159034729003906 0.0517997741699219
-0.0352516174316406 -0.038421630859375 -0.08721923828125 -0.0443496704101563
-0.00236892700195313 -0.0300445556640625 -0.0799713134765625 -0.275711059570313
0.00755119323730469 -0.0158576965332031 0.18841552734375 -0.434173583984375
-0.0195026397705078 -0.017303466796875 0.6103515625 -0.2271728515625
-0.00307273864746094 -0.0267791748046875 0.57318115234375 0.152099609375
0.00617599487304687 -0.0156764984130859 0.0939559936523438 0.0916290283203125
0.00130844116210938 -0.0231437683105469 -0.0588836669921875 -0.14581298828125
-0.046966552734375 -0.0168724060058594 -0.511566162109375 -0.2686767578125
-0.0245513916015625 0.0719985961914062 -0.60491943359375 0.16864013671875
0.0275497436523437 0.0632286071777344 -0.284027099609375 0.437469482421875
0.0543251037597656 0.0249824523925781 0.033905029296875 0.304473876953125
0.0499343872070313 -0.000507354736328125 0.103424072265625 0.066314697265625
0.0331039428710937 -0.0203971862792969 -0.0296821594238281 -0.0485763549804688
0.0334434509277344 -0.0193862915039063 -0.130523681640625 -0.0409469604492187
0.0306415557861328 -0.0144538879394531 -0.216278076171875 -0.0589599609375
0.0214405059814453 0.0076446533203125 -0.202423095703125 -0.203140258789062
0.0140457153320313 0.0202369689941406 -0.0721435546875 -0.3719482421875
0.00321364402770996 0.0014030933380127 0.171844482421875 -0.4149169921875
-0.0104131698608398 -0.00813102722167969 0.409423828125 -0.227020263671875
0.0164089202880859 -0.00850582122802734 0.34814453125 -0.05426025390625
0.0422477722167969 0.00151824951171875 0.140434265136719 -0.0889968872070312
-0.011383056640625 -0.0380210876464844 -0.0524444580078125 -0.149871826171875
-0.0676994323730469 -0.0358810424804688 -0.499603271484375 -0.296539306640625
-0.0351181030273438 0.093017578125 -0.61102294921875 0.12066650390625
0.0492095947265625 0.0853195190429688 -0.31915283203125 0.400604248046875
0.0846023559570313 0.0081634521484375 -0.00289916992187497 0.300048828125
0.0436630249023438 -0.0406417846679688 0.0785980224609375 0.0832366943359375
-0.00878143310546875 -0.0472373962402344 -0.0362205505371094 -0.0335159301757812
-0.0150108337402344 -0.0527420043945313 -0.127182006835938 -0.0341796875
-0.0283279418945313 -0.0479087829589844 -0.21820068359375 -0.0491790771484375
-0.0190048217773437 -0.0525856018066406 -0.211685180664063 -0.181838989257812
0.0262298583984375 -0.0621376037597656 -0.09222412109375 -0.3536376953125
0.0809326171875 -0.0472869873046875 0.128814697265625 -0.418243408203125
0.0735015869140625 0.0466537475585937 0.380889892578125 -0.258544921875
0.0244140625 0.0788803100585938 0.35418701171875 -0.079071044921875
0.00310897827148438 0.0532798767089844 0.137802124023438 -0.086822509765625
-0.0368843078613281 -0.03680419921875 -0.04736328125 -0.1531982421875
-0.0926589965820313 -0.022186279296875 -0.48297119140625 -0.298858642578125
-0.022125244140625 0.126663208007813 -0.5938720703125 0.0973510742187499
0.0871353149414063 0.09173583984375 -0.331207275390625 0.366058349609375
0.108963012695313 -0.0276947021484375 -0.02972412109375 0.290435791015625
0.0257415771484375 -0.0823822021484375 0.0581893920898438 0.103507995605469
-0.0509109497070313 -0.0682182312011719 -0.0299949645996094 -0.0109996795654297
-0.060272216796875 -0.0797882080078125 -0.103683471679688 -0.022674560546875
-0.0811691284179688 -0.0764083862304687 -0.194747924804688 -0.0364532470703125
-0.0505218505859375 -0.103134155273438 -0.200653076171875 -0.152328491210938
0.0412750244140625 -0.128738403320313 -0.1015625 -0.32244873046875
0.14697265625 -0.0797271728515625 0.093475341796875 -0.412200927734375
0.132942199707031 0.0963897705078125 0.36541748046875 -0.285064697265625
0.0231475830078125 0.14306640625 0.37701416015625 -0.086578369140625
-0.029449462890625 0.0858383178710938 0.129875183105469 -0.0617828369140625
-0.0724868774414063 -0.0112457275390625 -0.0498046875 -0.145355224609375
-0.110305786132813 0.0370635986328125 -0.46356201171875 -0.27203369140625
0.0268096923828125 0.17041015625 -0.557952880859375 0.0911560058593751
0.141937255859375 0.0759429931640625 -0.330474853515625 0.342254638671875
0.122230529785156 -0.0818939208984375 -0.047149658203125 0.290252685546875
-0.00432586669921874 -0.121490478515625 0.051605224609375 0.132949829101563
-0.0886306762695313 -0.0802688598632813 -0.00593090057373047 0.0152149200439453
-0.0958251953125 -0.0973052978515625 -0.0635910034179688 -0.00799560546875001
-0.117683410644531 -0.0948104858398438 -0.153076171875 -0.018890380859375
-0.0640487670898437 -0.1348876953125 -0.174179077148438 -0.1175537109375
0.06109619140625 -0.16021728515625 -0.10443115234375 -0.285888671875
0.186294555664063 -0.0772247314453125 0.0677490234375001 -0.403656005859375
0.144241333007813 0.135238647460938 0.366058349609375 -0.307464599609375
0.00277709960937502 0.166000366210938 0.416015625 -0.075836181640625
-0.0513458251953125 0.0869522094726563 0.119209289550781 -0.0236892700195312
-0.101829528808594 0.0289230346679687 -0.0630645751953125 -0.116294860839844
-0.101890563964844 0.110206604003906 -0.43792724609375 -0.218292236328125
0.09613037109375 0.19281005859375 -0.518310546875 0.0956726074218751
0.1868896484375 0.0341949462890625 -0.325286865234375 0.333831787109375
0.114730834960937 -0.137374877929687 -0.051116943359375 0.307525634765625
-0.0394439697265625 -0.145599365234375 0.0667572021484375 0.169876098632812
-0.114959716796875 -0.0811767578125 0.03643798828125 0.040130615234375
-0.117813110351562 -0.100898742675781 -0.0121526718139649 0.00717163085937499
-0.132797241210938 -0.0994949340820312 -0.102134704589844 0.00254821777343751
-0.0594558715820313 -0.139724731445312 -0.14483642578125 -0.08099365234375
0.07525634765625 -0.149673461914063 -0.108474731445312 -0.253875732421875
0.18408203125 -0.0437469482421875 0.0552978515625 -0.40087890625
0.10125732421875 0.148040771484375 0.391571044921875 -0.324920654296875
-0.0293121337890625 0.138023376464844 0.463958740234375 -0.04620361328125
-0.0550041198730469 0.0601577758789062 0.10833740234375 0.0168838500976563
-0.111503601074219 0.0611038208007812 -0.0826416015625 -0.06719970703125
-0.0677490234375 0.151885986328125 -0.406402587890625 -0.147857666015625
0.145584106445313 0.17205810546875 -0.478790283203125 0.11181640625
0.191909790039063 -0.01507568359375 -0.31390380859375 0.345733642578125
0.0847625732421875 -0.1676025390625 -0.03997802734375 0.33709716796875
-0.0662689208984375 -0.145462036132813 0.10260009765625 0.204971313476562
-0.122314453125 -0.0717544555664062 0.09234619140625 0.0574951171875
-0.122535705566406 -0.0904464721679688 0.0424423217773437 0.0209159851074219
-0.127197265625 -0.088958740234375 -0.0525093078613281 0.0242729187011719
-0.0470046997070313 -0.117271423339844 -0.120506286621094 -0.0524520874023438
0.0701522827148437 -0.105941772460937 -0.112762451171875 -0.23980712890625
0.135406494140625 -0.00583648681640625 0.0684814453125 -0.412567138671875
0.0322418212890625 0.115921020507813 0.44769287109375 -0.32720947265625
-0.0480880737304687 0.0722885131835938 0.513885498046875 0.001556396484375
-0.0414085388183594 0.0204391479492187 0.100639343261719 0.0508270263671875
-0.0963897705078125 0.063446044921875 -0.099273681640625 -0.00917053222656249
-0.0313949584960937 0.13555908203125 -0.372039794921875 -0.0757751464843749
0.142990112304688 0.118011474609375 -0.44293212890625 0.13916015625
0.149368286132813 -0.0444488525390625 -0.28839111328125 0.371826171875
0.045196533203125 -0.152816772460938 -0.01409912109375 0.365509033203125
-0.072265625 -0.116462707519531 0.149444580078125 0.226898193359375
-0.105484008789063 -0.0522689819335938 0.149459838867188 0.064727783203125
-0.107818603515625 -0.0674972534179688 0.0913009643554688 0.0310211181640625
-0.104759216308594 -0.0650634765625 -0.0115585327148438 0.0414047241210937
-0.0373992919921875 -0.0773849487304688 -0.101936340332031 -0.040557861328125
0.0383796691894531 -0.0577735900878906 -0.107208251953125 -0.249740600585938
0.0628395080566406 0.00501632690429688 0.11273193359375 -0.42626953125
-0.0161323547363281 0.0465965270996094 0.525177001953125 -0.293365478515625
-0.034454345703125 0.00420761108398437 0.548309326171875 0.067779541015625
-0.0158662796020508 -0.0101003646850586 0.096954345703125 0.0745697021484375
-0.0652732849121094 0.0335617065429688 -0.108528137207031 0.0399551391601563
-0.0133819580078125 0.0700302124023438 -0.34234619140625 -0.0131835937499999
0.0867233276367188 0.0582122802734375 -0.40570068359375 0.174224853515625
0.0773849487304688 -0.0394363403320313 -0.250213623046875 0.396270751953125
0.0111083984375 -0.0961456298828125 0.02008056640625 0.382080078125
-0.0521125793457031 -0.0660514831542969 0.19464111328125 0.230789184570313
-0.0664443969726563 -0.0261077880859375 0.196395874023438 0.06121826171875
-0.075592041015625 -0.0355300903320312 0.127037048339844 0.0352935791015625
-0.072021484375 -0.03338623046875 0.0173377990722656 0.0472183227539063
-0.0352210998535156 -0.0341300964355469 -0.0828399658203125 -0.0456161499023437
-0.00412559509277344 -0.0276927947998047 -0.0815582275390625 -0.27166748046875
0.00495433807373047 -0.0170736312866211 0.178314208984375 -0.42584228515625
-0.0183887481689453 -0.0177993774414063 0.59405517578125 -0.2294921875
0.000699996948242186 -0.0264339447021484 0.56280517578125 0.1380615234375
0.00783824920654297 -0.0157270431518555 0.0960464477539063 0.0896835327148438
-0.000137329101562499 -0.0230636596679687 -0.0645904541015625 -0.145767211914063
-0.0475959777832031 -0.0156211853027344 -0.513275146484375 -0.264556884765625
-0.0239028930664063 0.0727767944335938 -0.60638427734375 0.16845703125
0.0278396606445312 0.0637130737304688 -0.28363037109375 0.43731689453125
0.054473876953125 0.0250434875488281 0.03485107421875 0.30816650390625
0.0516929626464844 -0.00133895874023438 0.101791381835938 0.06988525390625
0.0330600738525391 -0.0203952789306641 -0.0309410095214844 -0.0436172485351563
0.0331611633300781 -0.0200386047363281 -0.128921508789063 -0.0359344482421875
0.03118896484375 -0.0155963897705078 -0.212966918945313 -0.051300048828125
0.0236778259277344 0.00869560241699219 -0.201522827148437 -0.196151733398438
0.0158176422119141 0.0214729309082031 -0.077301025390625 -0.37005615234375
0.00226950645446777 0.00210905075073242 0.164764404296875 -0.4149169921875
-0.011322021484375 -0.00504970550537109 0.40625 -0.22845458984375
0.0160760879516602 -0.007293701171875 0.34918212890625 -0.05731201171875
0.040313720703125 -2.6702880859375E-05 0.142791748046875 -0.088470458984375
-0.0114669799804688 -0.0376396179199219 -0.05859375 -0.149368286132812
-0.0662269592285156 -0.0368003845214844 -0.50262451171875 -0.294342041015625
-0.0341262817382813 0.0906143188476563 -0.6123046875 0.1197509765625
0.0477447509765625 0.0839767456054688 -0.320068359375 0.4013671875
0.0826034545898438 0.009033203125 -0.00186157226562502 0.302734375
0.0436744689941406 -0.0393791198730469 0.0774612426757813 0.0862579345703125
-0.00794601440429687 -0.0442543029785156 -0.0378837585449219 -0.0285720825195313
-0.01568603515625 -0.0503349304199219 -0.126380920410156 -0.0288848876953125
-0.0279922485351563 -0.0462760925292969 -0.21539306640625 -0.041229248046875
-0.0172920227050781 -0.0494384765625 -0.2108154296875 -0.175064086914063
0.0262107849121094 -0.0601692199707031 -0.09747314453125 -0.350860595703125
0.078857421875 -0.0467376708984375 0.121917724609375 -0.417266845703125
0.0727386474609375 0.0474014282226562 0.378082275390625 -0.260772705078125
0.0255889892578125 0.0791244506835938 0.35491943359375 -0.08160400390625
0.00267410278320313 0.0517578125 0.139640808105469 -0.0863265991210937
-0.0344390869140625 -0.0365943908691406 -0.052093505859375 -0.15301513671875
-0.0896148681640625 -0.0242462158203125 -0.485809326171875 -0.29669189453125
-0.0210418701171875 0.121170043945312 -0.5965576171875 0.0977172851562499
0.0838699340820313 0.08905029296875 -0.33056640625 0.368408203125
0.103973388671875 -0.026702880859375 -0.02789306640625 0.29315185546875
0.0248260498046875 -0.0794830322265625 0.058258056640625 0.106002807617188
-0.0496406555175781 -0.0631294250488281 -0.0315780639648438 -0.00723075866699219
-0.061370849609375 -0.0755157470703125 -0.103805541992187 -0.0181121826171875
-0.0806121826171875 -0.0721435546875 -0.192703247070313 -0.02862548828125
-0.04913330078125 -0.0984573364257813 -0.198974609375 -0.146408081054688
0.0392913818359375 -0.125785827636719 -0.106781005859375 -0.32122802734375
0.142227172851563 -0.07989501953125 0.085968017578125 -0.4105224609375
0.132171630859375 0.0947036743164063 0.36053466796875 -0.286773681640625
0.0256805419921875 0.141921997070313 0.377685546875 -0.08966064453125
-0.0285873413085937 0.0835723876953125 0.131080627441406 -0.0617523193359375
-0.0685920715332031 -0.0106163024902344 -0.053070068359375 -0.145599365234375
-0.106971740722656 0.0338211059570313 -0.46856689453125 -0.268524169921875
0.0271453857421875 0.163101196289063 -0.56134033203125 0.0942993164062499
0.138069152832031 0.0728302001953125 -0.328765869140625 0.345062255859375
0.115837097167969 -0.0808486938476563 -0.043792724609375 0.2923583984375
-0.00617218017578126 -0.117698669433594 0.0532073974609375 0.134254455566406
-0.0870742797851563 -0.0743255615234375 -0.00693321228027344 0.0177478790283203
-0.0969085693359375 -0.091094970703125 -0.063873291015625 -0.00551605224609376
-0.117088317871094 -0.0883026123046875 -0.151336669921875 -0.013397216796875
-0.062896728515625 -0.128486633300781 -0.172561645507813 -0.113067626953125
0.057952880859375 -0.157272338867188 -0.109130859375 -0.28515625
0.18060302734375 -0.0786285400390625 0.060943603515625 -0.4012451171875
0.143630981445313 0.132232666015625 0.362945556640625 -0.3094482421875
0.00636291503906249 0.163726806640625 0.415740966796875 -0.07965087890625
-0.0486831665039062 0.0851058959960938 0.120323181152344 -0.0231094360351562
-0.0973281860351563 0.0300750732421875 -0.0661544799804687 -0.117156982421875
-0.0985641479492188 0.105850219726563 -0.441375732421875 -0.21533203125
0.0953521728515625 0.184906005859375 -0.52093505859375 0.099456787109375
0.182876586914063 0.031280517578125 -0.322540283203125 0.337249755859375
0.10772705078125 -0.136428833007813 -0.046722412109375 0.3084716796875
-0.0420074462890625 -0.141311645507812 0.0694122314453125 0.1685791015625
-0.112998962402344 -0.0747299194335938 0.03509521484375 0.0403022766113281
-0.119308471679687 -0.0940017700195313 -0.0135459899902344 0.0074319839477539
-0.133087158203125 -0.0919265747070313 -0.100723266601563 0.00595855712890625
-0.059417724609375 -0.132820129394531 -0.143051147460938 -0.0782928466796875
0.0715484619140625 -0.145584106445313 -0.112380981445312 -0.25408935546875
0.177703857421875 -0.045623779296875 0.050628662109375 -0.39892578125
0.101028442382813 0.144027709960938 0.38946533203125 -0.326416015625
-0.0242156982421875 0.135200500488281 0.46502685546875 -0.05084228515625
-0.0523834228515625 0.0583038330078125 0.109931945800781 0.01763916015625
-0.106575012207031 0.0625686645507812 -0.0849761962890625 -0.068572998046875
-0.064605712890625 0.148040771484375 -0.40911865234375 -0.14556884765625
0.145339965820313 0.164321899414063 -0.479095458984375 0.115814208984375
0.188018798828125 -0.017669677734375 -0.31024169921875 0.349761962890625
0.07818603515625 -0.166030883789063 -0.03411865234375 0.337371826171875
-0.0684356689453125 -0.141098022460938 0.105636596679687 0.202133178710938
-0.1201171875 -0.066070556640625 0.0906524658203125 0.0556564331054687
-0.124130249023438 -0.08404541015625 0.04046630859375 0.0189476013183594
-0.127372741699219 -0.08148193359375 -0.0510063171386719 0.0257148742675781
-0.0470352172851563 -0.111297607421875 -0.118270874023437 -0.0517959594726562
0.0653839111328125 -0.1029052734375 -0.115707397460937 -0.2410888671875
0.129600524902344 -0.0078887939453125 0.06439208984375 -0.411376953125
0.0329513549804687 0.111534118652344 0.447174072265625 -0.32708740234375
-0.0427436828613281 0.0691070556640625 0.51361083984375 -0.00390625
-0.0383453369140625 0.0194511413574219 0.1021728515625 0.0524139404296875
-0.09222412109375 0.0646514892578125 -0.100662231445313 -0.009796142578125
-0.0291900634765625 0.131797790527344 -0.373504638671875 -0.072601318359375
0.14227294921875 0.111663818359375 -0.442596435546875 0.142669677734375
0.146743774414063 -0.045867919921875 -0.2843017578125 0.373291015625
0.039794921875 -0.151657104492188 -0.00778198242187497 0.36456298828125
-0.0738067626953125 -0.1131591796875 0.152908325195312 0.222946166992187
-0.103836059570313 -0.0478591918945313 0.148193359375 0.0600738525390625
-0.108993530273438 -0.0612640380859375 0.0894927978515625 0.0272064208984375
-0.104835510253906 -0.0584564208984375 -0.0105628967285156 0.0399971008300781
-0.0377578735351562 -0.0727157592773438 -0.0997695922851563 -0.0417022705078125
0.03466796875 -0.0562362670898438 -0.108612060546875 -0.251617431640625
0.0582771301269531 0.00269317626953125 0.111175537109375 -0.4259033203125
-0.014068603515625 0.0433235168457031 0.5240478515625 -0.294952392578125
-0.0290260314941406 0.0012054443359375 0.548553466796875 0.063262939453125
-0.0130128860473633 -0.0108251571655273 0.0991134643554687 0.0759201049804688
-0.0622711181640625 0.0353965759277344 -0.110244750976562 0.0393524169921875
-0.0120887756347656 0.0680770874023438 -0.34320068359375 -0.010589599609375
0.0866775512695313 0.0540237426757813 -0.405548095703125 0.17718505859375
0.0754623413085938 -0.0401382446289063 -0.24432373046875 0.397430419921875
0.00759887695312499 -0.09503173828125 0.02655029296875 0.380157470703125
-0.0532798767089844 -0.0644149780273438 0.197128295898437 0.226272583007813
-0.0662193298339844 -0.0234222412109375 0.194000244140625 0.0550537109375
-0.0771713256835938 -0.031280517578125 0.124732971191406 0.0294418334960938
-0.071685791015625 -0.0291900634765625 0.0183525085449219 0.0445365905761719
-0.0351448059082031 -0.0313224792480469 -0.0799560546875 -0.0480117797851562
-0.00610923767089844 -0.0267791748046875 -0.08258056640625 -0.27374267578125
0.0019378662109375 -0.0187015533447266 0.176544189453125 -0.425933837890625
-0.0162525177001953 -0.0190238952636719 0.59259033203125 -0.2296142578125
0.00520133972167969 -0.0277519226074219 0.561279296875 0.13482666015625
0.00962638854980469 -0.0159873962402344 0.099456787109375 0.0915298461914063
-0.00233078002929687 -0.0224494934082031 -0.07427978515625 -0.147491455078125
-0.0486564636230469 -0.0151863098144531 -0.528961181640625 -0.260772705078125
-0.0231246948242187 0.0742263793945313 -0.61627197265625 0.17755126953125
0.0287971496582031 0.0653343200683594 -0.284271240234375 0.45001220703125
0.0561065673828125 0.0254020690917969 0.040283203125 0.316986083984375
0.0543212890625 -0.00295639038085938 0.104263305664062 0.0743789672851563
0.0344696044921875 -0.0211238861083984 -0.0331382751464844 -0.0379066467285156
0.0331783294677734 -0.0209846496582031 -0.131126403808594 -0.0287094116210938
0.0319385528564453 -0.0168666839599609 -0.214111328125 -0.04180908203125
0.0258064270019531 0.0089111328125 -0.205795288085937 -0.191299438476563
0.018524169921875 0.0229301452636719 -0.089508056640625 -0.3736572265625
0.00178718566894531 0.00391602516174316 0.1552734375 -0.424468994140625
-0.0107631683349609 -0.00174903869628906 0.409210205078125 -0.238525390625
0.0157546997070313 -0.00628566741943359 0.3548583984375 -0.063385009765625
0.0395965576171875 -0.001495361328125 0.146728515625 -0.0915679931640625
-0.0110435485839844 -0.0380287170410156 -0.0669403076171875 -0.15191650390625
-0.0662002563476563 -0.0380058288574219 -0.518524169921875 -0.29071044921875
-0.0330276489257812 0.0894546508789063 -0.62420654296875 0.13153076171875
0.0472640991210937 0.083709716796875 -0.32159423828125 0.414398193359375
0.081085205078125 0.0084381103515625 0.00308227539062501 0.312408447265625
0.0442161560058594 -0.0395698547363281 0.07989501953125 0.09075927734375
-0.00785446166992188 -0.042388916015625 -0.0400962829589844 -0.0225028991699219
-0.01715087890625 -0.0488929748535156 -0.128768920898437 -0.0225296020507813
-0.0288467407226562 -0.0452728271484375 -0.2171630859375 -0.032257080078125
-0.0166587829589844 -0.0472564697265625 -0.215316772460938 -0.1702880859375
0.0256423950195312 -0.0594367980957031 -0.10931396484375 -0.35479736328125
0.0770111083984375 -0.0478134155273438 0.1129150390625 -0.424774169921875
0.0745315551757813 0.0480575561523438 0.379425048828125 -0.27130126953125
0.028106689453125 0.0800628662109375 0.360748291015625 -0.08966064453125
0.00288009643554687 0.0512809753417969 0.143142700195313 -0.089508056640625
-0.0321769714355469 -0.0369148254394531 -0.05950927734375 -0.156463623046875
-0.0890579223632813 -0.0259475708007812 -0.50238037109375 -0.292572021484375
-0.0190505981445313 0.11846923828125 -0.60980224609375 0.1063232421875
0.083099365234375 0.0872650146484375 -0.332305908203125 0.381134033203125
0.100898742675781 -0.0273895263671875 -0.023712158203125 0.30181884765625
0.0232467651367188 -0.0781631469726563 0.0617141723632812 0.110458374023437
-0.0498847961425781 -0.0591659545898438 -0.0326442718505859 -0.00205612182617188
-0.0638427734375 -0.0717086791992188 -0.105979919433594 -0.0125961303710938
-0.0822982788085938 -0.0685348510742187 -0.193984985351563 -0.0200958251953125
-0.0496826171875 -0.0951080322265625 -0.202438354492188 -0.1416015625
0.0372314453125 -0.125823974609375 -0.117828369140625 -0.32464599609375
0.139839172363281 -0.082489013671875 0.077545166015625 -0.417724609375
0.135040283203125 0.0929489135742188 0.363677978515625 -0.297607421875
0.030059814453125 0.143142700195313 0.38427734375 -0.098602294921875
-0.0278167724609375 0.0843887329101562 0.134613037109375 -0.0642242431640625
-0.0651206970214844 -0.00985336303710939 -0.059844970703125 -0.148605346679688
-0.105278015136719 0.0313034057617188 -0.4810791015625 -0.265411376953125
0.0296173095703125 0.158645629882813 -0.57452392578125 0.10369873046875
0.137199401855469 0.0692291259765625 -0.33074951171875 0.35809326171875
0.110679626464844 -0.0819854736328125 -0.03790283203125 0.300384521484375
-0.00947570800781251 -0.115440368652344 0.0577850341796875 0.136985778808594
-0.087249755859375 -0.0687713623046875 -0.00804328918457032 0.0211410522460937
-0.101333618164062 -0.0852127075195313 -0.0664138793945313 -0.00206375122070313
-0.119918823242187 -0.0828475952148438 -0.152130126953125 -0.00569152832031253
-0.0651702880859375 -0.124519348144531 -0.174972534179688 -0.109237670898437
0.0537261962890625 -0.15740966796875 -0.119873046875 -0.28900146484375
0.177688598632813 -0.0821380615234375 0.0528564453125001 -0.40753173828125
0.147064208984375 0.1300048828125 0.365509033203125 -0.320037841796875
0.0118255615234375 0.16400146484375 0.422576904296875 -0.08935546875
-0.0474166870117187 0.086334228515625 0.124008178710938 -0.0243911743164062
-0.09344482421875 0.032379150390625 -0.0710601806640625 -0.120307922363281
-0.0951995849609375 0.105293273925781 -0.455108642578125 -0.211761474609375
0.0992584228515625 0.178909301757813 -0.5311279296875 0.110443115234375
0.181869506835938 0.0265655517578125 -0.323455810546875 0.3515625
0.100761413574219 -0.138046264648438 -0.039398193359375 0.31494140625
-0.0462265014648438 -0.138496398925781 0.075653076171875 0.16986083984375
-0.113624572753906 -0.0698394775390625 0.0350608825683594 0.0408935546875
-0.123573303222656 -0.087371826171875 -0.0154743194580078 0.00897693634033203
-0.135223388671875 -0.0848617553710937 -0.100196838378906 0.0109634399414062
-0.0613174438476563 -0.12835693359375 -0.144485473632813 -0.076019287109375
0.066925048828125 -0.145919799804687 -0.121810913085938 -0.257858276367188
0.17474365234375 -0.04876708984375 0.043609619140625 -0.40594482421875
0.104202270507813 0.141220092773438 0.392486572265625 -0.339935302734375
-0.018585205078125 0.133583068847656 0.472320556640625 -0.06121826171875
-0.0496101379394531 0.0591964721679687 0.114028930664063 0.0183868408203125
-0.10186767578125 0.0662689208984375 -0.0898666381835937 -0.0702056884765625
-0.06121826171875 0.14727783203125 -0.4217529296875 -0.140472412109375
0.14996337890625 0.158233642578125 -0.4892578125 0.127960205078125
0.188018798828125 -0.0224761962890625 -0.30804443359375 0.36248779296875
0.0710601806640625 -0.167587280273438 -0.025238037109375 0.3427734375
-0.0730438232421875 -0.138389587402344 0.113739013671875 0.20159912109375
-0.121322631835937 -0.0611038208007812 0.0914840698242188 0.0533294677734375
-0.128288269042969 -0.0770111083984375 0.0392112731933594 0.0171966552734375
-0.130027770996094 -0.0741424560546875 -0.0501136779785156 0.0279769897460937
-0.0492324829101563 -0.106704711914062 -0.119224548339844 -0.0516510009765625
0.0612258911132813 -0.102325439453125 -0.124053955078125 -0.245346069335938
0.126754760742188 -0.010986328125 0.05950927734375 -0.41845703125
0.0354385375976563 0.10845947265625 0.451690673828125 -0.34033203125
-0.0372123718261719 0.0665397644042969 0.5220947265625 -0.01361083984375
-0.0355377197265625 0.0200042724609375 0.10687255859375 0.0535049438476563
-0.0883560180664063 0.0686416625976563 -0.104873657226563 -0.0110092163085938
-0.0252227783203125 0.131195068359375 -0.3826904296875 -0.06805419921875
0.145904541015625 0.106460571289062 -0.4495849609375 0.154510498046875
0.146316528320313 -0.050567626953125 -0.281341552734375 0.385711669921875
0.0337982177734375 -0.15283203125 0.00238037109375004 0.370147705078125
-0.07794189453125 -0.11090087890625 0.161514282226563 0.220458984375
-0.105232238769531 -0.0443496704101562 0.14947509765625 0.05633544921875
-0.112709045410156 -0.0555496215820313 0.0885848999023438 0.022674560546875
-0.10748291015625 -0.0524368286132812 -0.00876235961914063 0.0393562316894531
-0.0391960144042969 -0.0691184997558594 -0.0998687744140625 -0.0434722900390625
0.0317039489746094 -0.0554580688476563 -0.115814208984375 -0.25738525390625
0.0553703308105469 0.000904083251953125 0.107513427734375 -0.43463134765625
-0.0131263732910156 0.0405006408691406 0.529327392578125 -0.306365966796875
-0.0247364044189453 -0.001800537109375 0.557098388671875 0.054229736328125
-0.0100011825561523 -0.0111932754516602 0.104629516601563 0.0782928466796875
-0.0590286254882813 0.0376014709472656 -0.112800598144531 0.0399932861328125
-0.0103416442871094 0.0664901733398438 -0.350311279296875 -0.00479125976562498
0.0883941650390625 0.0496902465820312 -0.41107177734375 0.1881103515625
0.07476806640625 -0.0430831909179687 -0.24053955078125 0.409271240234375
0.00315856933593751 -0.0955276489257813 0.0379638671875 0.384918212890625
-0.0560340881347656 -0.0638236999511719 0.207260131835938 0.223373413085938
-0.0667877197265625 -0.0214157104492188 0.1962890625 0.0495452880859375
-0.0794448852539063 -0.0273590087890625 0.124984741210938 0.0236587524414063
-0.0736770629882812 -0.0250701904296875 0.021026611328125 0.0416374206542969
-0.0353126525878906 -0.0287284851074219 -0.0802459716796875 -0.0512542724609375
-0.00843429565429688 -0.0264530181884766 -0.08917236328125 -0.2803955078125
-0.00078582763671875 -0.0195884704589844 0.174896240234375 -0.43585205078125
-0.014739990234375 -0.0205402374267578 0.5999755859375 -0.2403564453125
0.00913047790527343 -0.0303459167480469 0.57196044921875 0.12554931640625
0.0119724273681641 -0.0154752731323242 0.105598449707031 0.094940185546875
-0.00480864003457465 0.0297523264770812 0.0853164452338417 -0.150963488982725
0.0768958679652269 0.0629514711791691 -0.00713682904725598 -0.640058999285224
0.12821383666399 -0.0595947642182884 -0.515862950416969 -0.507772828497406
0.0562356379619973 -0.113969891970978 -0.578435217509073 -0.0363071639429709
-0.0303456663969709 -0.0922940912057494 -0.281479475757128 0.22554786049636
-0.0474908109318005 -0.0497878305628499 -0.0276233376353727 0.137470224032701
-0.0362226353030124 -0.018368661229189 0.0162345557697504 -0.0365164037873573
-0.0275318062161792 -0.010131352073381 -0.0380518765539821 -0.134758053641643
-0.0207108117382905 -0.0102435134603956 -0.0547799190383822 -0.20904642890513
0.00339836344176607 -0.0209657603096666 0.0597540080811328 -0.262564255106931
0.0059672476091281 -0.0123505036474456 0.298956778085334 -0.271897243192345
-0.0054120527122779 0.0192058874364726 0.468530329164342 -0.0675006242813619
-0.0240768730008422 0.0160769621983024 0.42544832081249 0.20513653552938
-0.0326242421569738 -0.0068173944748755 0.232348081662376 0.281255801950247
-0.026840973853708 -0.0225649014924001 0.155666362383043 0.0605568329451561
-0.0154726757935448 0.043670631001117 0.0968114771558857 -0.146641136967789
0.0665970664469391 0.0954226554328772 0.0324495246144372 -0.642958195597317
0.14705163051366 -0.0532273499222175 -0.47542260098162 -0.544905442336887
0.0627537453575697 -0.137859110546015 -0.569751890844971 -0.0863466015546592
-0.0552880951282073 -0.0972209134443949 -0.296848043487621 0.19191875901749
-0.0648573091924096 -0.0215304250135186 -0.0473792660237198 0.123758896966399
-0.0312130385739874 0.0281801967854149 0.00702242777704178 -0.03959247517503
-0.0142733245938802 0.0430590286489665 -0.0394371187786432 -0.132829101321253
-0.00822987578843714 0.0567455321541911 -0.0583069631597916 -0.209327404065894
-0.0123136938647842 0.0467140631591262 0.0476155395384866 -0.258281828956579
-0.0580475255915969 0.0377587162685992 0.279397251852202 -0.271512618211209
-0.0937617142002941 -0.0123862896899564 0.443268099884338 -0.0937936924024851
-0.0513703836446486 -0.0739118340710039 0.426481089800944 0.16725799787453
0.0239529918257966 -0.0657195351880341 0.252029906723766 0.264428300566468
0.0322437265732785 -0.0211301573556678 0.155369279482317 0.0534790340273349
-0.00491531969186298 0.0599222937059956 0.107506428805604 -0.144791334061915
0.0868583140362362 0.107003458258817 0.044839613561814 -0.634664957224527
0.16012231798145 -0.0778890133142195 -0.454906952229127 -0.541805522998263
0.041278271173665 -0.167700819793911 -0.551032027936005 -0.103192598936041
-0.0922148371136415 -0.0839401922495256 -0.296103560925161 0.166477209334577
-0.0775798561990917 0.0175138452714972 -0.0647258879830156 0.115090697178572
-0.0229397174599175 0.072675565654884 -0.00218930301437213 -0.0283729869159852
-0.00073785247890322 0.0902157052726949 -0.0337729396054616 -0.110311571710918
0.00359717011683785 0.113833015257883 -0.0534658921656683 -0.186610702305378
-0.0279173264620817 0.101797139323989 0.0374252936503989 -0.231678594544505
-0.112424634213761 0.073459693508202 0.252453321839232 -0.256878605523331
-0.160559317570829 -0.0445919002318188 0.415337065166001 -0.110859399556468
-0.0646293195398082 -0.143889756031874 0.433243784939361 0.141486845530921
0.067731337265163 -0.104338759000116 0.268705233121246 0.2735283761995
0.0729845124628245 -0.0156721043463093 0.13324456491752 0.0585495162082992
0.0332595583560345 0.0711121013266978 0.101372460484135 -0.147094892664319
0.141529069608648 0.0815261753738136 0.0214112321771624 -0.611205735516002
0.161472740332838 -0.141385474026394 -0.449001899843957 -0.503364403656619
-0.0127457219121315 -0.19904743946687 -0.530389272870258 -0.0944724864565795
-0.137628323693774 -0.0501374081752745 -0.292791127927018 0.155026339621816
-0.0835811098144261 0.0637704230696413 -0.0808252757739284 0.121917074486588
-0.0126288112694681 0.10956461602598 -0.00812431114612558 -4.41668213024672E-05
0.0108754412766494 0.124888593492713 -0.0214032647888141 -0.0704196483941053
0.0111139573319585 0.151615315847729 -0.0438137734613952 -0.143965774454416
-0.0426002454212053 0.130791513130279 0.0274963103062772 -0.191187635910513
-0.14565073325883 0.0817017046727315 0.219443849484291 -0.236396810665285
-0.181738362368398 -0.0769120251596709 0.390144418278246 -0.125030684475503
-0.0497038218327716 -0.175659160266848 0.450000579797133 0.128549464984545
0.0903926710390518 -0.103042411339702 0.280544344228946 0.309154377592741
0.0831586364726325 -0.00425029339185933 0.0974548421002965 0.0743956666657179
0.0827564271468753 0.0675270434051817 0.0684747990967857 -0.147623050790669
0.192809846594664 0.0221355527987099 -0.0294628088807916 -0.567667561071335
0.133705872647619 -0.210854307111583 -0.445225022877537 -0.445381389349627
-0.0822918586626461 -0.206581957320209 -0.51330717628587 -0.0730758844400547
-0.171167899102171 -0.00270785249654725 -0.296724527782636 0.163403418718463
-0.0795144302601396 0.103521566422977 -0.095107225634237 0.148682132620217
-0.00188956667450037 0.132572313954285 -0.00692217345563086 0.0448052028372772
0.0210512393853971 0.14244296273928 -0.00475165332865586 -0.0190373381588431
0.0167280544532293 0.164232865021206 -0.0350764929138958 -0.0909312277214521
-0.0497171774396065 0.129517562611155 0.0148358521520917 -0.149223372615062
-0.145648371657246 0.0625767888074296 0.18779482806857 -0.223019337660412
-0.150625200259526 -0.09392694108883 0.382008250590655 -0.136917318321921
-0.0150427267879077 -0.153167082675026 0.484188160878805 0.137524246577301
0.0817931121964158 -0.0635312531272941 0.285455919783583 0.367164150075412
0.0629667559375629 0.00738270956597838 0.0583121633791762 0.0949103849232553
0.116591933416609 0.0508109360825287 0.0110829179092391 -0.138846876351491
0.201178031691518 -0.039714121830139 -0.0921409244525573 -0.499669838905991
0.0821754339980535 -0.242307103466097 -0.441452665427728 -0.38011443048844
-0.130771131236825 -0.178189765212338 -0.504232075643445 -0.045874881298945
-0.173906960562318 0.038616581833589 -0.308149565509726 0.188370685887732
-0.0659429806197581 0.120614373098393 -0.102764871404039 0.19291656758387
0.00598437148581121 0.135105296134272 0.0028804387789615 0.100334048211894
0.0280029710459768 0.139284592527345 0.0141860184318232 0.0361949013339532
0.0194927661617124 0.151382391306198 -0.029750106156376 -0.0385301440446308
-0.0417946603795495 0.105860576048248 0.00409033046661936 -0.118477749444609
-0.109405126935166 0.0376183159533584 0.173583386805409 -0.224189465317476
-0.0889220178792597 -0.0741334737817415 0.405531539194657 -0.137452683732431
0.00694656360563348 -0.0838455040752261 0.524595445346323 0.18346201540739
0.0387986312989922 -0.012713831448017 0.271017680686236 0.440909356660602
0.0250919366578685 0.0135174170794059 0.0252936298191355 0.115482442100939
0.112020919613516 0.031279765640278 -0.05118377097833 -0.115927354075922
0.160395625603551 -0.0643079732980671 -0.143842091648845 -0.419905483796676
0.0372937288482684 -0.210549518012508 -0.432040333914248 -0.322366561026389
-0.128794549690054 -0.125318424359704 -0.499221387571435 -0.0153804663480162
-0.139495874502323 0.0520879346322276 -0.317444786504142 0.223562834617397
-0.0480205677206752 0.105360839102662 -0.100538221500467 0.241891268850474
0.00865282567336072 0.111842813031001 0.0183918770084381 0.15500580425069
0.0296142747120489 0.114859560413668 0.0317778905592602 0.0864066445996192
0.0223665593602554 0.118382300208681 -0.0247700999786708 0.00400759473578796
-0.0203792783864805 0.0744105529551473 0.00311094278353191 -0.102128118826074
-0.055549196568801 0.0281855735437115 0.187740177927367 -0.229442464313948
-0.039183994211651 -0.0194856641895662 0.453480558825878 -0.108175664122298
-0.00943416003150672 -0.0071417775835523 0.547119067689778 0.268563748643539
-0.0214787594771389 0.0137008592910733 0.232546502254853 0.513571962187639
-0.0106002386196753 0.0072564504473584 0.00243111552871049 0.132178618092387
0.0728569052124797 0.0184895885951251 -0.098634067862243 -0.0878280655163986
0.0937017453920906 -0.0406756275456639 -0.179498232642173 -0.346901768011513
0.0196923526741691 -0.132049237935573 -0.422600257490601 -0.273100136357574
-0.0756144203206888 -0.071588708498245 -0.491992497563114 0.0141308349377983
-0.0803182113627906 0.0305213827665083 -0.319347812330104 0.25881250996636
-0.0306884664171882 0.0585276081691899 -0.0906296231810427 0.283348351282201
0.0050630639058838 0.0679957514277987 0.0357557485938777 0.19708224971997
0.025464138009414 0.0737618126404318 0.0451736747384728 0.123384218959033
0.023479674116866 0.074332916553051 -0.0176528565532554 0.0321148816002768
0.00622008203005911 0.0472338521249003 0.017300212246002 -0.0939028195285294
-0.00980961944060519 0.0381291566773848 0.225444262458846 -0.222089679114384
-0.0271535384399228 0.0395697725503928 0.496253186361684 -0.0481740878809599
-0.0526022731305195 0.0306860447115023 0.534084114779143 0.36815047347117
-0.0613926916049008 0.000602877427713538 0.172767638528824 0.567528749598591
-0.0240305875343375 -0.00716722922501228 -0.0116499499164421 0.144364356938813
-0.00271156423998456 0.0310017292869734 0.0751117435058192 -0.161133772753044
0.0812189016903544 0.0595660586339905 -0.0400620515922982 -0.64717708375089
0.126129962826915 -0.0658270517750387 -0.543908631198405 -0.491490910725818
0.0521744274833972 -0.117991091033195 -0.58658756351604 -0.0124844465147171
-0.0352563395568116 -0.0933870276776588 -0.27596210341838 0.243768224795768
-0.0526375542092405 -0.048548918067043 -0.024174310971148 0.143597688006344
-0.0381399560916488 -0.0174816108703825 0.00896315412116826 -0.0347185246741453
-0.028415117858105 -0.00877829407122877 -0.0499572674573801 -0.12936257699942
-0.0222808047578199 -0.00879988376869049 -0.0692720089032318 -0.201479365160181
0.000928624574805307 -0.0237083636065643 0.0443788120363123 -0.265366434805183
0.00447682831061048 -0.0141508763721736 0.283275057667463 -0.291613047385694
-0.00189150732354012 0.0187724388887336 0.466453048057192 -0.0961190889373637
-0.0225707305190177 0.0162296112187907 0.440599043070769 0.18443344676682
-0.0322776303453054 -0.00531917360073988 0.248892079599991 0.272285911145787
-0.0269985081271203 -0.0191537908799253 0.16216568311516 0.054253765460943
-0.0140977696990662 0.0441640824518202 0.0875269935670731 -0.15672580045334
0.0695544912459936 0.0927054024600676 -0.000609431910101463 -0.650068526207521
0.142781207559834 -0.0584812243402678 -0.505892682548759 -0.529569507446066
0.0577377926409152 -0.139668166062158 -0.580376914919594 -0.0627194794188063
-0.0579319470367644 -0.0959231261674013 -0.291527402442652 0.209424257847549
-0.0659046206280775 -0.0196850745685969 -0.044122174382845 0.129536603239353
-0.0295682610881981 0.0277983662325931 -0.00111379357740822 -0.037955642048132
-0.0105434998838739 0.0420924595433326 -0.0518632905641034 -0.128579693786567
-0.00442809523934126 0.055733097857332 -0.0734571922376414 -0.202567216438446
-0.0103151986287351 0.0452042348429713 0.0322432340007404 -0.259860406545092
-0.0556850827319274 0.0396480519712651 0.26202740036273 -0.292380059454303
-0.0925059575114524 -0.00775505530462421 0.438249837217264 -0.11853151081432
-0.0549523080284356 -0.0718632215686111 0.438975863418803 0.147054709735586
0.0210302632634484 -0.0676751538803586 0.268522331983681 0.254062155546638
0.0319975740767383 -0.0216071885753568 0.161036687406966 0.046480631907575
-0.00431253594113783 0.0587613603665289 0.0991656529797885 -0.155496692475235
0.0892640524251639 0.104087838419658 0.0116488682254982 -0.643206374522074
0.153256941547644 -0.0824981009795349 -0.485627225475267 -0.527340465419505
0.0345723127818301 -0.166601892741767 -0.56335282705307 -0.079763880323444
-0.0922438984531126 -0.0790797977365203 -0.291777838517626 0.183194507192578
-0.0749645531163946 0.0197685251598969 -0.0608121014030449 0.12135958533887
-0.018105676000133 0.0711446338448196 -0.0088058991806197 -0.0268119163447434
0.00637119897852421 0.0880481218196805 -0.0441834363015805 -0.106989822611941
0.0111998673401267 0.111804084301513 -0.067217409507035 -0.180056310576805
-0.0227186709082277 0.10072819339236 0.0242143856554002 -0.233279216457249
-0.107370971166521 0.0788619151623491 0.236997453197493 -0.276080779672195
-0.160920535505578 -0.0353645217459863 0.409597961462824 -0.134371070230906
-0.0724677690302149 -0.140770494115148 0.44337200174939 0.120899908292913
0.0614982717500625 -0.108594910378379 0.284287693128442 0.262426046958057
0.0726798517813773 -0.0195508538304292 0.138550899806187 0.0528689163823771
0.0336952251132849 0.0670302445404592 0.0943862820181141 -0.156831381212493
0.14188661518709 0.0765499242936544 -0.0105794861004187 -0.619227474821184
0.151094350519497 -0.145041883751196 -0.477691869688521 -0.488030894490377
-0.0215150007935926 -0.194284639856554 -0.540925050714393 -0.0712149403826971
-0.134766196563869 -0.042331171189222 -0.286954570229842 0.172429395182792
-0.0775098093214319 0.0670738801700792 -0.0748215435764602 0.128048909994045
-0.0049384880031458 0.107559198349298 -0.0112996018655124 0.00103841768267019
0.0210060040255751 0.121091483283464 -0.0285654836997691 -0.0685079903556143
0.0224838335310667 0.148249891115126 -0.0547862782300543 -0.138907497591466
-0.0347350182691234 0.130346388457043 0.0168311491491522 -0.192475707841656
-0.139667607960033 0.0888319188879518 0.205562663216376 -0.253783707965502
-0.183039927568501 -0.0658226846154254 0.384651135203879 -0.146961641449269
-0.0595729775299118 -0.171994612195596 0.461530995501895 0.107015921944628
0.0828742888158154 -0.10735603788997 0.299266505016623 0.297226993714595
0.0830887849070855 -0.0100386886251599 0.102114537349301 0.0714644512027653
0.0832789810351137 0.0606426110122172 0.0609312323797721 -0.155494103996942
0.190523601107754 0.0147866889488158 -0.0596321974680623 -0.572222988059167
0.119721059070969 -0.214129671181183 -0.472849314320716 -0.427324238611042
-0.0924297548327027 -0.199545498057863 -0.52395950781749 -0.0468107502381137
-0.166889175979737 0.00723320112478281 -0.28900410273395 0.180925237715496
-0.0717381564597725 0.107253145898988 -0.085436037200102 0.155131029761931
0.00675839549395025 0.130081009708426 -0.00599328766049835 0.0449429973036185
0.0321172528314672 0.137440576404587 -0.00793238341359129 -0.0189703130362768
0.0285025952454651 0.160205458905166 -0.0418413276224968 -0.086924563524523
-0.0406122154396841 0.129110053334983 0.00681425790666311 -0.150843058103513
-0.138354406919431 0.069909606909329 0.176151965138408 -0.239248199046171
-0.152615604751515 -0.0837626518242534 0.377492208708268 -0.157744156874241
-0.0238040936041555 -0.149688288535348 0.495452226852293 0.114029903131504
0.074626112979856 -0.066970370117829 0.306043972442451 0.356423603150506
0.0621973724873957 0.00178865321287944 0.063037902927925 0.0951395344723199
0.115808178839619 0.0418212196206694 0.00399650801106397 -0.143066941014
0.196900156329295 -0.048051642266993 -0.11878685237618 -0.500076656689256
0.0664709198672796 -0.243054140778393 -0.465009479393859 -0.361206870018657
-0.140162289258959 -0.169406676190612 -0.512517370980554 -0.0188575261045389
-0.167178972630319 0.0491025443593753 -0.297658285945083 0.206207208595146
-0.0578363244467355 0.124569767288852 -0.0893849401953076 0.198793882621847
0.0147463572808986 0.133172880885779 0.00872845026756468 0.0992998540225011
0.0390837428121335 0.134960196033527 0.0156616022265804 0.0337728396974644
0.0317965499386084 0.146915012848567 -0.031377986919464 -0.036101436965682
-0.0337201033954462 0.105488482245427 -0.00149837573884302 -0.120097146435202
-0.103326229258906 0.0435519472978133 0.163396271450478 -0.239246512730312
-0.0900542899372242 -0.0661410057471193 0.402871957263073 -0.158947245158803
0.000466138272917589 -0.0812691817526045 0.539206843882149 0.158902401396566
0.0328909532618468 -0.0137964214084399 0.295974293033715 0.429761541807182
0.0238640441753753 0.00860548377334323 0.0300041092731939 0.118398006409349
0.112012605904404 0.0224740285624276 -0.0577146178855731 -0.116858786312006
0.155626133514746 -0.0712656821138203 -0.168029162668958 -0.416406322383915
0.023276729329019 -0.210553326754573 -0.452557894145806 -0.302054335408113
-0.136202442934806 -0.116814069682392 -0.502914581563681 0.0123217188614345
-0.134057017351743 0.0605314615503993 -0.304455010018463 0.243201180794542
-0.0412167748896064 0.108429094250176 -0.083667755691693 0.24776544390654
0.0158948308323545 0.111309402684809 0.0285561633074923 0.152245043049774
0.0392667788351543 0.111293466932912 0.0375752897108602 0.0822522164470728
0.0320164496189959 0.114832963647092 -0.0225568564648685 0.0052322782571989
-0.0143370089237367 0.0741764944748122 0.00116908876276463 -0.104397048307779
-0.0505327916599065 0.0317814154757006 0.179561535514949 -0.244172559475723
-0.0384538415901559 -0.0140534943693976 0.452930343620547 -0.130752730437515
-0.013398537055422 -0.00399829776884612 0.565707148171667 0.246858251737846
-0.0267436242761107 0.015062901372625 0.259739507102489 0.506265774812703
-0.0121630210360712 0.00427426411798824 0.00835521141534832 0.137569642896575
0.0718125973007449 0.0124323086938239 -0.104637114841752 -0.0856008038409336
0.0904929684027663 -0.0442377292368048 -0.199765394777701 -0.341054083164389
0.0103931723253452 -0.131573185839717 -0.441831639734446 -0.253699891660508
-0.0805235065108908 -0.0666516824827248 -0.494818054240043 0.0400207723783487
-0.0771680023552994 0.0354907484219801 -0.30314988235968 0.278507424689899
-0.0273986294802847 0.0612669588750714 -0.0703775380572964 0.289061829898627
0.00951108678314712 0.0680133569278738 0.04834932151381 0.193420705607986
0.0319785756686547 0.0712217213094818 0.0544485444742042 0.117561949315421
0.029990074285949 0.0721336863151943 -0.0122553223119219 0.0325213377375918
0.0101073446764673 0.0467794683091644 0.0170225197218461 -0.097002710774342
-0.00626000752049906 0.0402626498368883 0.218362646210057 -0.237489721119005
-0.0243114013909809 0.0431879634763341 0.499646587366181 -0.0698665553758989
-0.0543862505367195 0.0345664783163174 0.55763733022124 0.347637833000889
-0.0656780517394773 0.00379235103513606 0.201285986605935 0.562086927243441
-0.0252907995637631 -0.00884432926757442 -0.00476620593679569 0.151987621139407
-2.71419829230013E-06 0.0311983438445956 0.0634833224677386 -0.167466286689074
0.0831403970214643 0.0559417763623678 -0.0708623803789043 -0.638413368977955
0.121300978939969 -0.0703177670391803 -0.560109948126263 -0.467833597551035
0.0470371479287629 -0.118622615952211 -0.583088908765353 0.0102564667621724
-0.038859234416392 -0.092470367233725 -0.264793992796361 0.255085034467878
-0.0565022666961311 -0.0457177472093825 -0.01934209796758 0.146115074037841
-0.0400362508489368 -0.0155443138746727 0.00218110442567908 -0.0303666256491191
-0.0286328753652362 -0.00814853429869997 -0.0598237780545954 -0.121271894158584
-0.023190288894865 -0.0076545338253326 -0.0805842872286111 -0.190135228004565
-0.00232363659003688 -0.0247721256486074 0.02945897542105 -0.261903684454549
0.0032577681275475 -0.0159643552510099 0.261846974729997 -0.304806572622145
0.000790464379913598 0.0175960568023625 0.454122888868724 -0.116790604499996
-0.0204490623195599 0.015445578317706 0.443285892440907 0.161848879207733
-0.0308784158559764 -0.00368141799878048 0.260123172276216 0.258714700444836
-0.0267801178526512 -0.0164176625455809 0.164791833703279 0.0466250814012049
-0.012738631086404 0.0433255658123925 0.0767829863239459 -0.163543858492305
0.0702681906309462 0.0893902621150139 -0.031243673597068 -0.644662491366925
0.135905984465115 -0.0614945452724556 -0.524110971990125 -0.506895075153498
0.0516360320723581 -0.138328528816039 -0.580142151283501 -0.0399091680399489
-0.0593831066807052 -0.093245593910695 -0.281895373498114 0.221713384037802
-0.0658002165456223 -0.0173701118700591 -0.039091782034724 0.132485771648989
-0.0274013024402668 0.0268885634459038 -0.00771103789606872 -0.0339314667581647
-0.00761793537374733 0.0399538206060633 -0.0620319084156139 -0.120153685373188
-0.00127591019464065 0.0542312488892121 -0.0859335092584245 -0.190894888340662
-0.00908428630173467 0.0426873613853043 0.017120124010211 -0.256111907402487
-0.0519669403230937 0.0406337474261865 0.241304612900107 -0.30341225936611
-0.0890077039019099 -0.00326356009983101 0.426832129462592 -0.139795912626422
-0.057115347979114 -0.0693550949657213 0.442045710552381 0.124577086926687
0.0173267707508845 -0.0678396303331851 0.277835296792824 0.239327817832723
0.0310276981812945 -0.0222032156407866 0.163255369932766 0.0387579518365384
-0.00390141812273438 0.0559049974441435 0.0900530357536005 -0.162940713202321
0.0884099611069952 0.100308513770132 -0.0177523155716379 -0.637176566978938
0.144106109194868 -0.0832147936901943 -0.504775423889296 -0.503707459188913
0.027662065363291 -0.16188926894494 -0.562546025655844 -0.0565359292505746
-0.0906411930451417 -0.0739098269560584 -0.281181983755513 0.195458485962158
-0.0709846958887196 0.0223179222826702 -0.0549670773332761 0.124194556438035
-0.0130272990833025 0.0683166261719725 -0.0140456325543789 -0.023589417934951
0.0128965972849341 0.0831209407552016 -0.0526756688525056 -0.10059908434925
0.0186269403542009 0.107171870080376 -0.0778669027554679 -0.170298525127526
-0.0173537203601591 0.0972139152332597 0.0102869445705374 -0.229074556511756
-0.100078720338346 0.0822357756213523 0.216801216257573 -0.287604133774987
-0.157638754783777 -0.0267062030872192 0.397742677391743 -0.152743031637357
-0.078606381503943 -0.135324468667495 0.447007109219179 0.0980087653189569
0.0544532128051054 -0.109238264125237 0.295300386419692 0.246547826797371
0.0704522715554185 -0.0236285279803645 0.140188352087593 0.0468840076341289
0.0330767136687998 0.0618341386759456 0.0855849507138675 -0.162938604112875
0.139732069612708 0.0716597323313452 -0.0369937986861886 -0.613158993152419
0.138655677529656 -0.144036681567044 -0.49697849864042 -0.463415151794323
-0.0291010281697201 -0.185927247729561 -0.541096744027953 -0.0456570201398555
-0.130014329461385 -0.0352252498637671 -0.276135044580521 0.185031861871053
-0.0703003774196289 0.0687613463576229 -0.0668178559964339 0.130798521604694
0.00159450752108416 0.103083267557448 -0.0143332010582126 0.0028295223978171
0.0295897239762443 0.114890732178935 -0.0349553447651832 -0.0649237486925726
0.0321237935044689 0.141806243244986 -0.0629615945679985 -0.130657993525316
-0.0267663721533259 0.126583724879212 0.00576930276886765 -0.18979777130572
-0.129462266016511 0.0935668240782605 0.187859665813418 -0.264121851040042
-0.181122906361844 -0.0549164317516307 0.372110876086749 -0.163516445610762
-0.0675862796870123 -0.165075503746145 0.464592259268891 0.0847769494870375
0.0742719484563591 -0.108933932982669 0.309602405946373 0.27948031084077
0.0807738264961742 -0.0156734289074194 0.104725983806352 0.0672212515971203
0.0808537190890607 0.0530467362755401 0.0523956424351075 -0.159845260049544
0.185359209192059 0.00809402619403142 -0.0858934923189306 -0.565504981746449
0.104437975418019 -0.210898608514648 -0.487428474477085 -0.403952681091084
-0.0996645365717227 -0.188560449226884 -0.521945124043987 -0.022168026215785
-0.159056601854041 0.0157144174698816 -0.275461350814547 0.191987171555806
-0.063002103771128 0.108475032964547 -0.0737498880485795 0.156579155220247
0.0145716705321544 0.125260851290547 -0.00525077893427392 0.044801371341113
0.0419379744026993 0.130053031866459 -0.0107748379955891 -0.0188650358994692
0.039278094775934 0.151988274139633 -0.0466211026424496 -0.0811986941156203
-0.0323974313535918 0.126270229085393 -0.000777495869509164 -0.148317398446738
-0.129339080002717 0.0752039303844782 0.160228500291528 -0.248035552816187
-0.150974777256723 -0.0726089586991237 0.366488971550001 -0.173982459092429
-0.032428603037153 -0.143515670054887 0.49909556622253 0.090670278617807
0.0663011319804268 -0.0682206182629411 0.318604326692296 0.338482014774094
0.0596617760679249 -0.00414306112517073 0.0663430424853125 0.0937003599259146
0.11257392126193 0.0327730807825176 -0.00310563417035162 -0.144371875661713
0.189159538654017 -0.0543075298404241 -0.142220957420715 -0.490939871001854
0.0515402037734234 -0.23824738219942 -0.47788417051238 -0.335518016902323
-0.146275723719691 -0.156314646651921 -0.507404072023978 0.00506827999162625
-0.158496160833341 0.0569066245581346 -0.28116331697945 0.219316033159642
-0.0490273241423505 0.125676727486626 -0.0743456669903488 0.199552556802548
0.0228324282524264 0.128461556906946 0.0132114349408667 0.0959829158920274
0.0485225871686169 0.127684090237055 0.0163805656027589 0.0310428063729954
0.0420366627843525 0.139375661591057 -0.0324129606586206 -0.0331499438266724
-0.0260853635327953 0.102748887799143 -0.00575133428062895 -0.11944893448333
-0.0951782164588639 0.0479734770501495 0.148976535922921 -0.248087544956854
-0.0888067225232827 -0.058022055787611 0.393524396261217 -0.176098963068979
-0.00623586312381019 -0.0762336460592662 0.543427982717464 0.135115199827082
0.0263412952562962 -0.0134866133472835 0.311074722881371 0.41154783587752
0.0214599222472997 0.0034742504730731 0.0348273971301315 0.119052454169611
0.107956837291863 0.0141274160890909 -0.0635875538355422 -0.115718050516333
0.14874847973636 -0.0754056634345748 -0.186366236273383 -0.405160422148123
0.0104221157901888 -0.204872162666066 -0.464277624166772 -0.27715337470346
-0.140226468029069 -0.106132550856634 -0.4975746382323 0.0363596739442027
-0.12613417756503 0.0671493145918256 -0.285116571960756 0.254036885557411
-0.033401578126357 0.11011387859616 -0.0653366561559206 0.246346778016611
0.0221493191158709 0.107988779954729 0.0370734516056282 0.146312412922189
0.047487872902515 0.104516071749568 0.0417546491672932 0.0765330996572532
0.040262031014085 0.108770892876833 -0.0191399319856591 0.005737816332478
-0.00859038354551355 0.0720164280343443 -0.00145832230342467 -0.105205791197176
-0.0446285048444297 0.0346945155362388 0.166946277060198 -0.253289120449814
-0.0363628036296748 -0.00852005724139283 0.445006763808563 -0.149883799111996
-0.0171421684611171 -7.39875900951752E-05 0.573864567972487 0.220394024825847
-0.0305927846155295 0.0166868086460352 0.277009511150338 0.489792294644994
-0.0138672285489658 0.000386674723619849 0.0143095378087869 0.140392326170266
0.068771806250908 0.00675760653726013 -0.108928397773742 -0.0811628252600581
0.0861337550098997 -0.0464156981786393 -0.214571382737849 -0.328388024974341
0.00178445611958009 -0.127466754047905 -0.44970956742586 -0.229910704596794
-0.0829581840681183 -0.0601442609842124 -0.486862494792716 0.0628864818097582
-0.0727927682035092 0.0391726667597417 -0.282155506108733 0.290578890777908
-0.023213790061326 0.0630826914845935 -0.050327659202604 0.285695200372759
0.0140164176164512 0.067300773537236 0.0596982558322414 0.185480734122864
0.0374589878745057 0.067486071166775 0.0614833830467073 0.109912051557937
0.0348188524703627 0.0682640978592164 -0.00651659012808188 0.0313457920239708
0.013293028801022 0.0455039976274466 0.0162379774539677 -0.0987620512586874
-0.00273361140046611 0.040750452448716 0.207191674661286 -0.247662132027143
-0.0221028914323635 0.0457810685904024 0.495111743109692 -0.0903148564060474
-0.0558290802423167 0.0379306585161255 0.567470215031035 0.321633195214636
-0.0679925616044738 0.00655708911353511 0.221093113060406 0.548143615646844
-0.0265948096781869 -0.0110362732499443 0.002289486308517 0.15590877495334
0.0104687815495036 0.0282799622349225 -0.00122793831435505 -0.18027890605553
0.0925138772628224 0.0205660107634756 -0.279546834205156 -0.572735476791883
0.084025437929182 -0.104382375292276 -0.675079918510905 -0.251390559249958
-0.00118390999803923 -0.125410479467619 -0.542838840896037 0.200782047752283
-0.0702314748917722 -0.0706646162718621 -0.162013610007515 0.325381157301256
-0.0684558135627305 -0.0208446889225207 0.0332457507285185 0.14283883683306
-0.0440908157607013 -0.00153028590964825 -0.00930225194929592 -0.023173625039773
-0.0302738586974515 0.00100396601856986 -0.0979818272533736 -0.0858268336054033
-0.0240740029322122 0.00109670011771582 -0.136662354703289 -0.143388536542892
-0.013709886885334 -0.0217952333806676 -0.057082927393895 -0.248716048930948
-0.00250228778658654 -0.0159809569419578 0.136025854858259 -0.365538043950388
0.00681266891572553 0.014151618282695 0.380254811894704 -0.254430313203656
-0.0135730500449828 0.0179220283956193 0.465021783732916 0.0068012717607647
-0.0312830628798733 0.00382501644715926 0.324102722268743 0.159046799763567
-0.0297117480817806 -0.00637175777752949 0.168020753266726 -0.00653031807256756
0.000177656492483073 0.0435798640553007 0.0132180511533361 -0.182576390169857
0.0904670613504426 0.0573741366558359 -0.243891847499012 -0.593742369023859
0.0996143435054281 -0.0981831313971052 -0.65346230075407 -0.298128240667666
-0.00362498932022928 -0.142442793437269 -0.553357880051784 0.154660183492879
-0.0868511881510325 -0.0653046290229782 -0.188506088540278 0.298273449953209
-0.066494270071068 0.0067469340980548 0.00886269136772696 0.135978735704641
-0.0177043168756556 0.0327432783320807 -0.0207153277308589 -0.0246277042182393
0.0053307510484668 0.036290944418076 -0.100843580645088 -0.0845329687437786
0.0168664865147819 0.0484491257627276 -0.142594566189809 -0.142988957587481
0.00257409266013289 0.0412090758528782 -0.0676967428533137 -0.240416958211961
-0.0339803805824309 0.0533470728281679 0.117997178593193 -0.360295312528751
-0.0826413420789659 0.0250033886064901 0.350335811548507 -0.265417026953518
-0.0744277486889893 -0.0475331042891116 0.451765374978763 -0.0245078811354391
-0.00835603303340261 -0.0709464079914219 0.333130848835945 0.135052808585792
0.0215673312250451 -0.0303643434520608 0.162597852110169 -0.0150841982277088
0.0113813820535741 0.0519773993430223 0.0261751683266718 -0.185643326204181
0.110371709789916 0.0619616988958402 -0.231249613874752 -0.592073451083969
0.0990127883263044 -0.120049927382551 -0.633281415226343 -0.299408109980966
-0.0327866439115815 -0.154183703645921 -0.541837241085527 0.132357338050862
-0.10709641191947 -0.0375900817502141 -0.196370212799689 0.271325598352147
-0.0568708342115834 0.0441293222973112 -0.00973458703183326 0.131462048399103
0.0106537415723171 0.0656757946329994 -0.023954523213133 -0.0153592393318307
0.0386797158542821 0.0681778725195222 -0.0870989043113674 -0.0705971180136341
0.0525364445379055 0.0894016192898043 -0.129969411397206 -0.126316875066813
0.01386723349599 0.0937548128333525 -0.0657396796973073 -0.215157261131749
-0.062950350919144 0.106610405310417 0.10080323120845 -0.339497451543332
-0.152690076329608 0.0267700926655036 0.321196325048863 -0.26889401703297
-0.115803693058911 -0.100814708789576 0.448410430265218 -0.0497124291903459
0.0112037757894127 -0.121058313226959 0.349584507256335 0.136164318181223
0.0575049561527814 -0.0452044069653797 0.142026736037599 -0.000666600232149632
0.0473291831979168 0.0445135217794271 0.0213548569201324 -0.183534619474433
0.147932317625165 0.0174507851190629 -0.242171088067733 -0.559335011995983
0.0730724843040921 -0.173133480603092 -0.60962955894257 -0.263590356996014
-0.0933583334180269 -0.155495104014708 -0.51386582108931 0.134020625290312
-0.129506542902891 0.0123279732989459 -0.193601702538992 0.256552241309086
-0.0406635807579621 0.0860749414603829 -0.018847908006289 0.139193778186998
0.0371194226411123 0.0931804735813624 -0.0155732983204861 0.0064284070843606
0.0649814538887214 0.0908514728443694 -0.0590007070214248 -0.0451788475602606
0.0772519476839757 0.115281675442721 -0.102816888039472 -0.0959105879843857
0.0156981229400672 0.123283771876471 -0.0573894013895723 -0.177923084784316
-0.0853800724170244 0.12662947848817 0.0813624220940281 -0.309301163038043
-0.183241374324018 0.00877514489474454 0.296879182212616 -0.270721894617264
-0.115658554978333 -0.130221365888384 0.459492331035819 -0.0670108657364159
0.0283063920214367 -0.126313101902386 0.373331185491246 0.162923055665935
0.0677907623655642 -0.0422666691476109 0.115355845446295 0.0297938439796969
0.0887897736426883 0.0195824003711606 -0.00867354554782062 -0.168263445449252
0.169276515507597 -0.057740940289072 -0.271267320738655 -0.495294200822605
0.0187264952112003 -0.22348418440541 -0.577199812337536 -0.208285632676376
-0.159319819988485 -0.13183925474063 -0.485224886424025 0.147547353145535
-0.138623187092029 0.0693081650243872 -0.190898589153251 0.260883547526118
-0.0199075322663447 0.120281690508214 -0.0173217306802325 0.164377413118364
0.0574414668277339 0.11056658560092 0.0073243429537559 0.0397820124389661
0.0817837538432014 0.100796284746931 -0.0209973667535233 -0.0130345795401414
0.0880274519891618 0.121566634931964 -0.0713459681812459 -0.0580514259706855
0.0114173236544357 0.123437722731937 -0.0501242187757303 -0.139572550685567
-0.0896894137061532 0.109453170418784 0.0628785953524537 -0.286276983059952
-0.159987129710727 -0.0174684481879054 0.287633778887531 -0.277810572903586
-0.0762088381411818 -0.119916377360707 0.493963330005773 -0.0734002214777212
0.0332330339031872 -0.0849356303469526 0.401210707337685 0.214846668346443
0.0503302597564609 -0.0258311666572818 0.0891226805506919 0.066794379614086
0.112233459491387 -0.0098117036475383 -0.056288799030251 -0.133582493716804
0.152195902875483 -0.116745367152253 -0.29644694690263 -0.404136313722433
-0.0394276506122281 -0.23150913496582 -0.543192977979207 -0.15084334070561
-0.191775261704759 -0.0865705786509748 -0.462540576729153 0.167056785685283
-0.125215611783176 0.107626483399101 -0.188263385009927 0.286536713938625
-0.0011101673284523 0.13330762906115 -0.00338063229306778 0.202871964011594
0.0659744755893256 0.111378599869094 0.0427038120014077 0.0786517485408115
0.08772187240437 0.0966516287286969 0.0222698331509501 0.0212225946693282
0.086437426125003 0.109486805659168 -0.0409317413815842 -0.0200454906278387
0.0103798305488296 0.10065967815724 -0.0443643087024806 -0.111696302637343
-0.0670733544303711 0.073664297154702 0.0544436644187338 -0.282106483236148
-0.0978384862645644 -0.0219637379832892 0.312078906832584 -0.288314554761279
-0.0313908803214163 -0.0649972526113593 0.550795451309657 -0.0470846395814029
0.0130453075031769 -0.0220371738481709 0.418020156220079 0.286645267832139
0.0160870746923841 -0.00747235087519361 0.0692072810948785 0.102015679943007
0.101893100584279 -0.0249859592645249 -0.101949194672458 -0.0855956770580652
0.107444517223667 -0.121867617582905 -0.310040300360414 -0.309648603681171
-0.0658576620767165 -0.187349842538524 -0.512273652886417 -0.103493218958352
-0.168951357024169 -0.0430880600241293 -0.445928456351926 0.191890996295976
-0.0933843173381941 0.107011343943365 -0.179841228025654 0.321046521337456
0.00661434936125772 0.115509619863603 0.0222660603906197 0.243491952897358
0.0589856754587491 0.0935891766441375 0.0829288695862656 0.116806132669561
0.079258223806107 0.0774315205303938 0.0623788463717696 0.052400809309504
0.0750192744453905 0.0832180626652085 -0.0150078262391661 0.00966753275348269
0.0170916467842901 0.0677722524281677 -0.0337930662434404 -0.10065158176796
-0.0251516179520652 0.0460533626939912 0.0707303873482671 -0.292047314284511
-0.0343990410027493 0.00738435192763587 0.369097148320306 -0.280871607241634
-0.0181664544296307 0.00850713714103452 0.606764555391555 0.0238097628070109
-0.0296231120476141 0.0233611429466939 0.409889250284961 0.37119346873754
-0.0177364503653071 0.000557474098120433 0.0579082421089617 0.129918058337912
0.0628028806247632 -0.0178862305800659 -0.132022672763296 -0.0388026637980597
0.0607670281453328 -0.0719504716915122 -0.310385642968045 -0.231929872105372
-0.0466196186574743 -0.113337168996094 -0.487231583603055 -0.0644578896728303
-0.100501867464459 -0.0214816039089493 -0.431356433119594 0.217422693409299
-0.054845085055536 0.0643396841441322 -0.165944596267023 0.356974098455377
0.000164734078378241 0.0701779348735775 0.0510716712762427 0.275971448420416
0.0376055872438105 0.0593639968126183 0.118869423760271 0.14499119169452
0.0577368503408084 0.0479101580598108 0.0930038298962749 0.0761243595267999
0.0559847367582656 0.0500385354355603 0.00664579656618621 0.0274684792160845
0.0277778032453057 0.0374729463748003 -0.0146312682929688 -0.100974405892988
0.0135181657935148 0.0390570172618402 0.110328978361385 -0.298799559995021
-0.00508765139244541 0.0517740818397461 0.433506477631179 -0.241913917224269
-0.0416056162325309 0.053970227260251 0.633209225938139 0.119834554949035
-0.0654529393223549 0.0244555479817935 0.376522990739906 0.443376793927289
-0.0315035593662506 -0.00632558681274018 0.0521624240395517 0.14914898352232
0.0121900456440032 0.0288326186886823 -0.00911417721975806 -0.182095682034454
0.0936570110795053 0.0201045725067041 -0.287763113925056 -0.566139403032904
0.0824989499644809 -0.10410098852232 -0.677705746269245 -0.242332453740109
-0.00199042164693378 -0.124514339277476 -0.54239627808557 0.207186917738056
-0.0724608160750492 -0.0707492041227714 -0.157717299934953 0.328813228540452
-0.0697503425756573 -0.0187599324286832 0.0344857808078326 0.143541253837197
-0.0448598971592533 0.000198263418118951 -0.0110929922664682 -0.0174463153046294
-0.0308679372137789 0.00158351072441182 -0.0996807145913587 -0.0767446227959609
-0.023950551674964 0.00220252721187723 -0.138315102340061 -0.134407150440737
-0.0163041791838299 -0.0214016425493533 -0.0637429471166686 -0.243413083423102
-0.00407951547782648 -0.0171560899122071 0.123941773331906 -0.365392816102996
0.0081608879500957 0.0115327857144575 0.372958928641297 -0.262817479402078
-0.0137157696896019 0.0161581706143999 0.462882889422804 -0.00209647388233317
-0.0301439787394885 0.00314228999772167 0.325692934365601 0.151749196474071
-0.0282632925042947 -0.00493583354679956 0.168811636414333 -0.0105281935699151
-0.000164030417436241 0.0431984991729502 0.00628094862133337 -0.184580338078296
0.0895361425739398 0.0574503011404041 -0.252430203675145 -0.58718277176108
0.0976447510498506 -0.0952257226541083 -0.656415609145453 -0.290452012731132
-0.0024117832057189 -0.139624308601348 -0.554982411491445 0.160266244709796
-0.0868134898631012 -0.0647315584681481 -0.184238397353155 0.301440070466928
-0.0659346776859037 0.00749779131688126 0.00985059418191625 0.136692657494166
-0.0177607648265914 0.0309758559050166 -0.0231041944058477 -0.0187475664063463
0.00551234199700306 0.0339018221164432 -0.103751312325711 -0.0760263226553271
0.0180275549415637 0.0464567483631248 -0.145229386520418 -0.133510638493439
0.00180930833529482 0.0399055544372012 -0.0737937262666476 -0.234506972692619
-0.03275152484858 0.0524595016535255 0.10612910595143 -0.359728571377157
-0.0801778929876143 0.0253661521842375 0.342398817890681 -0.272122459951355
-0.0754821393583103 -0.0464017685207528 0.451222668257211 -0.0328739576246791
-0.00995655572602045 -0.0705513456060222 0.334466489854062 0.128011462393809
0.0206967589052553 -0.0309789229475624 0.162575718749627 -0.0183315855195021
0.0084633791011087 0.050894046099171 0.0198031698835777 -0.187787892343212
0.108141205327117 0.0626605706185325 -0.239759104784928 -0.586183593870105
0.0964098521913082 -0.114555458441455 -0.636915877746118 -0.293878847499819
-0.031728138019782 -0.148490889117228 -0.541194844286131 0.139718694069136
-0.104218054065223 -0.0365781928563742 -0.191847503300094 0.274325819528355
-0.0540157819174002 0.0428063006131961 -0.00792436507566342 0.131283194132147
0.0119446997934812 0.0621834612243285 -0.0261311699885638 -0.0108369156159486
0.0401426713586626 0.0633338978710576 -0.0901522431774323 -0.0637533808796091
0.0551186340755404 0.0847371141396375 -0.131779716438112 -0.117942942940627
0.0147245196658992 0.0905862345170022 -0.0712785944411868 -0.209755361959824
-0.0593916599484957 0.105686977033449 0.0891358055129473 -0.339099347679539
-0.149317409775511 0.0291544072934716 0.313447413398239 -0.274772334491176
-0.116909354101451 -0.0963879136270953 0.447775309764805 -0.0584689434136962
0.00768681506763105 -0.119954879509973 0.350445414031302 0.128650633071057
0.054639754678997 -0.0470823991407306 0.142642406938158 -0.00316444632898416
0.0431837457489982 0.042433465742823 0.0162677614032898 -0.185922480327688
0.144593130807954 0.0183945313829626 -0.250116358881746 -0.553693610045523
0.0691022267172505 -0.166561935855654 -0.61243110031437 -0.254991075074055
-0.0918705692761684 -0.148176747173305 -0.51236848855252 0.141599052275067
-0.124316281939325 0.0129366582248468 -0.188704785799317 0.259662052856697
-0.0359060079207384 0.0844053333222892 -0.0155667188735398 0.137278064545089
0.0397346505521185 0.0884226828098012 -0.0168414583884078 0.00888107296460687
0.0673716106553079 0.0848285829027478 -0.0611144670164764 -0.0408346321261086
0.08047628710604 0.10869119733783 -0.104435295726649 -0.0895313949505648
0.0173617173745354 0.1193894933977 -0.0612597579659372 -0.173508391405835
-0.0801162842333406 0.125000853112182 0.0714209668131237 -0.309463346933289
-0.178694980143403 0.011963231119575 0.289966346911399 -0.276103280217597
-0.117312228444827 -0.124486737452169 0.459164080192349 -0.0777090953626424
0.0236704414008844 -0.124281437266347 0.374944304563955 0.155809439126594
0.0629504764186946 -0.0451853824823239 0.116066197865099 0.0289281410318626
0.0838372289066122 0.0170474250329088 -0.0137184936709977 -0.169716159392353
0.16532176917347 -0.0567021494145318 -0.278326756436149 -0.488772069044613
0.0152092558653291 -0.215515312554673 -0.579289903041216 -0.199021964742662
-0.157250808049075 -0.123939513566867 -0.481194601436707 0.156487072915741
-0.132570944486394 0.0704348414244772 -0.184436767511301 0.262544016223864
-0.0141826575839001 0.11886137656909 -0.0130136830616618 0.16077779549268
0.060387337122819 0.105469589046754 0.00745513916962498 0.0391624511806243
0.0847998401387753 0.0935940643395587 -0.022341754142763 -0.0120594298481506
0.0917993028725039 0.113885798345799 -0.0712292883274369 -0.0542343043302127
0.0142447572647908 0.119678125877583 -0.0528159401037833 -0.136350188477246
-0.0836581199426764 0.108056167152786 0.0538884811488205 -0.287096536536479
-0.155631827684393 -0.0133296912884616 0.281832916084827 -0.283712403374203
-0.0780510243706408 -0.113863127805889 0.493818368513552 -0.0822440460897674
0.0284496642612092 -0.0826264001015016 0.402709900866817 0.207357102998498
0.0445310209192047 -0.0290126760399036 0.0905957706251954 0.0672002653699885
0.106617536108984 -0.0122810708498177 -0.0602856589674125 -0.133482313643369
0.148297911632722 -0.116399378136774 -0.303514098750507 -0.397499056007557
-0.0431280035282845 -0.223766063410765 -0.54480046747435 -0.140421215499231
-0.189731635694756 -0.0789098991461447 -0.457121501292141 0.178033741343368
-0.118995295192966 0.108871606425592 -0.180042616037771 0.286648369159301
0.00464101269199974 0.131603940239987 0.00235528806762245 0.197919741229602
0.0689833490302128 0.1069698673618 0.0443877022940543 0.0758293841806879
0.0909596850895904 0.0893746349352326 0.0218805715278856 0.0188449171423202
0.0905316591567573 0.102030016410117 -0.0393346170129764 -0.0196256740779167
0.01344574888133 0.0964456961668554 -0.045723641270973 -0.111035902610428
-0.0610628725006082 0.0724113235848529 0.0471128279569923 -0.283283768608208
-0.0936871860915165 -0.017984271283524 0.307453969790195 -0.295221012175959
-0.0336096648897016 -0.0585077739872149 0.549591077306943 -0.0570435560808099
0.00864716997928098 -0.0195877631823101 0.420896666785099 0.279447513895642
0.0101725990441713 -0.0107129984055188 0.0722160596971723 0.103215573183784
0.0964570002161441 -0.0267952403790919 -0.104256987442889 -0.0837009467147825
0.104409791808281 -0.121380380940825 -0.314292771386288 -0.30241751576555
-0.068150900201792 -0.18037076339077 -0.511549116883978 -0.0932733483733798
-0.167316962560379 -0.0366026344390956 -0.438409480056007 0.200989379288209
-0.0877216176330332 0.108322398136032 -0.170768417844009 0.321641451215016
0.0113252024214764 0.114285427909233 0.0292620488230654 0.237176253962599
0.0617663948052184 0.0901697714529249 0.0857863508065621 0.11070400666971
0.0820279288861981 0.0717574440568931 0.0632381720694572 0.0475676187938227
0.0785116599711256 0.0774491246465021 -0.0125753967507271 0.00705585337036142
0.0199862572565813 0.0643389351758541 -0.0344900520266782 -0.10229858657202
-0.020779279671017 0.0450069277977411 0.06452740699345 -0.294970982716228
-0.0314593781492915 0.0103647127106915 0.365415362279894 -0.287024484007883
-0.0202285982710655 0.013951687909478 0.607690191900509 0.013444516162286
-0.0334384532451957 0.0252571051987909 0.412767071968571 0.365279466650713
-0.0226124527279155 -0.00290232862127658 0.0621013055129783 0.132454552345541
0.0588392733691971 -0.0182724807752938 -0.133443605629439 -0.0365031793724254
0.0590998907163058 -0.0709694838778556 -0.313765499953784 -0.224414844271668
-0.0485141359694363 -0.108159328546771 -0.487399847985783 -0.0542383205347612
-0.0992455118171433 -0.0170713587442534 -0.425680480358886 0.224866716935794
-0.052179660220556 0.0648056301082837 -0.154437740706093 0.355661644598089
0.00395157961352552 0.0712489234221817 0.059063870873753 0.268201259301937
0.0398229674633012 0.057902036382134 0.121977922112829 0.137821843725724
0.0603264729561201 0.0441877489563186 0.0946484209018291 0.0693260645151037
0.0591111924853951 0.0471063589893447 0.0102202360559938 0.0229744221249314
0.0297661745805155 0.0363760442262032 -0.0144177727437462 -0.104065921507039
0.0161790488076358 0.0385014879521515 0.105042131008865 -0.301290673397599
-0.00369183108995026 0.0538795587707472 0.431994001538194 -0.248394487333201
-0.0430984224888122 0.0572988644505433 0.634357256630139 0.111919941102562
-0.0676661460740682 0.0251551193304358 0.379825403918119 0.438240465429944
-0.034574672340748 -0.00835579857517644 0.058221907569049 0.152851482873427
0.0141862530584804 0.0298148400774347 -0.0168903902391682 -0.186743860728757
0.0965516937559004 0.0201029482249129 -0.301706296523793 -0.569444823768878
0.0825833683524045 -0.106114448734787 -0.692575138001413 -0.237259041166675
-0.00272719955950514 -0.126901372830993 -0.552233619325391 0.218963669466536
-0.0766941725120291 -0.0716335539179522 -0.15598109000218 0.338937745415639
-0.0723090190333905 -0.0168994818671631 0.0370679235779997 0.146884996946647
-0.0463898879940803 0.00106785209923688 -0.0121551642501204 -0.0115157543818135
-0.0325435056578398 0.00236788259464308 -0.103027333877142 -0.0687458575743985
-0.0248043766144463 0.00321890202060765 -0.143102897927651 -0.127382287026051
-0.0189106424358576 -0.0212071741998733 -0.0710959182835545 -0.241318426605083
-0.00643787000534288 -0.0179504280211762 0.112535909562394 -0.372103844398096
0.00910376816677514 0.00912497482320391 0.369732146145523 -0.274346387433772
-0.0136480971294675 0.0154451035266744 0.471388287556576 -0.0134880855760428
-0.029822072793933 0.00290422768018984 0.333949803904345 0.146899052297742
-0.0282384216540773 -0.00400955084462837 0.172982370142068 -0.0154952902122451
-0.000792964739029702 0.0435024416448459 -0.00140595446606767 -0.189149143391963
0.0906185747138209 0.059238370864577 -0.265490953134301 -0.593088490354342
0.0976161920211159 -0.0946753846512321 -0.67300656648893 -0.285399926851089
-0.00197451709658433 -0.139519743918762 -0.563975360997795 0.17086158944649
-0.088087840075979 -0.0654540051573373 -0.183747664923411 0.311267669401064
-0.0658912872296284 0.00840204844877687 0.0116601570824763 0.139621342930038
-0.0175517813984721 0.0304723903031833 -0.0250987507334508 -0.0134470398006969
0.00576058516838627 0.0323894094129286 -0.10732117429811 -0.068522790264649
0.019812008843117 0.0449060586657749 -0.150361198271075 -0.126511115252203
0.00181204359706738 0.0397216837851693 -0.0808474220079211 -0.232586482172331
-0.0321770905346227 0.0528434910905316 0.0948745718394274 -0.365928253131484
-0.0794626094022239 0.025351813632806 0.338609198759377 -0.285363806160379
-0.078049796480497 -0.0456887220539291 0.458154720831756 -0.0445709100657403
-0.0119418090946061 -0.0721626898568456 0.341838902151769 0.123455569942827
0.019978874531342 -0.0318006159353999 0.165561229359437 -0.0228926716475716
0.00651557058212666 0.0508898718112244 0.0136016021747145 -0.193004158951458
0.108257032968484 0.0647631864635719 -0.251250492226438 -0.591013287190373
0.0948458319011188 -0.111860020843759 -0.650270971542047 -0.28842186803435
-0.0299548838353687 -0.146150597669027 -0.549171822565482 0.150446113355626
-0.103302693108989 -0.0366638526737651 -0.190795758128733 0.283474504205688
-0.0516137327849742 0.042702152267021 -0.00593188320182926 0.133102780342594
0.0140223917012687 0.0594454226436424 -0.0281672419658583 -0.00623256296409464
0.0420158080464182 0.0599423794911558 -0.0935398931901187 -0.0573332213061217
0.0590511631206366 0.0808303824278868 -0.136646767785312 -0.11106391555086
0.0159172625780109 0.089721599896659 -0.0781015028265149 -0.207777932026518
-0.0567338966920973 0.10661974675092 0.0782613184712758 -0.345325503434215
-0.149018071237811 0.0316016133211316 0.311541625650103 -0.287212576366444
-0.120900284987642 -0.0941771190774125 0.454062946140236 -0.0709424508415343
0.00418953492253854 -0.12150903077938 0.357856150927356 0.124400425615605
0.0516827591953111 -0.0498968965465224 0.145251013397282 -0.0060358518168879
0.0396405358354277 0.0420103753294998 0.0103034766928894 -0.190998039721365
0.144061424478574 0.0194064758529094 -0.263974028185907 -0.558230670204504
0.0672953417357609 -0.162782230446602 -0.625920762574813 -0.250477271244831
-0.0906151889214875 -0.143840061624203 -0.518573686622312 0.153183428268369
-0.121557342692792 0.0146109468898383 -0.186723886171099 0.266873336535657
-0.0310863511953336 0.0841444071180627 -0.0137092924583578 0.138314010563731
0.0426224553962032 0.085857670991874 -0.0178106681886859 0.0119123862149616
0.0707456764652376 0.0790068518535788 -0.0643477761702114 -0.0366914432268896
0.0855799438737302 0.103282695624758 -0.108148713686142 -0.0847565086423569
0.0203813611939956 0.117804729672727 -0.0671978981214192 -0.171952008511939
-0.0760620023064252 0.126022207230947 0.0620895049058165 -0.314956715789224
-0.178044326898431 0.0160004364571586 0.287333660138277 -0.28880625511382
-0.121709656441674 -0.120974405693877 0.466080518670494 -0.089835025394611
0.0189856577990701 -0.124757899726295 0.382282305709786 0.150957156448268
0.0589018985560802 -0.0486287974559603 0.119370474242601 0.0273241164163579
0.0799122076218447 0.0161886892885864 -0.0185798873544586 -0.172626916118128
0.164496591689529 -0.0578276674863865 -0.292101462128975 -0.490623229172517
0.0116298178421873 -0.21197411855177 -0.593103112441508 -0.192534333774004
-0.157397234921299 -0.118267402384147 -0.485754574611173 0.168712252928916
-0.128681848814422 0.0729670215687794 -0.180988149933271 0.26993162043079
-0.00783080821690564 0.118276317710542 -0.00954756342574645 0.160236711920686
0.0642428038142542 0.102297519732121 0.00763669332445839 0.0398662171316671
0.088707547829 0.0873558184898281 -0.0239731484496574 -0.0106982774254949
0.0972890085147486 0.107886683712353 -0.0727567537282665 -0.0523747600584439
0.0175518033149222 0.117284068656615 -0.0567175930503524 -0.135846622989661
-0.0792660038243816 0.108490898884167 0.0456706020318174 -0.292536388481166
-0.154594083949835 -0.0087045482990064 0.280767667499082 -0.297086274636059
-0.0817184213340354 -0.108679007827323 0.501786232696204 -0.096358903134182
0.0234252083619863 -0.0818088168869635 0.411348137121033 0.204647450161512
0.038593881930689 -0.0324125435408599 0.0946231770394133 0.0682122781515676
0.102960650751428 -0.0143586141356086 -0.0655014818360093 -0.135011688896986
0.147068505121935 -0.118644524087205 -0.315677964041805 -0.396433234427783
-0.0476453989854483 -0.219883563357797 -0.554459429612229 -0.134165908279179
-0.190474767713328 -0.0725492261187226 -0.459883810663183 0.189209554077189
-0.114491044170395 0.112463884319827 -0.174576696991798 0.292997348312676
0.0109057661500439 0.131725996630522 0.00788185308881251 0.195951495311377
0.0735049845106765 0.104233580969032 0.0462783346295227 0.0742123173098436
0.0954657201249961 0.083636783624689 0.0217836141326697 0.0165939508143152
0.0963330377077338 0.0958064680477148 -0.0394260162368714 -0.0202741534386375
0.0172721684574362 0.0943124441562211 -0.0482336930106265 -0.11204010235455
-0.0564091301479319 0.072811749313991 0.0400996189620075 -0.291163566029603
-0.0914122305699857 -0.0141480161437848 0.308315328894779 -0.30876642746506
-0.0358558529085691 -0.0528961301129999 0.559140886463317 -0.0702380226120812
0.00367868373034138 -0.017666607928188 0.428623314770276 0.278652737007758
0.00323730289045757 -0.0137161440695715 0.0770960572812807 0.106694312866698
0.0933434616019209 -0.0289385136608201 -0.109253327723271 -0.0826767503124775
0.103362278007318 -0.123433569122712 -0.325657970704688 -0.300050718597699
-0.0724938161719867 -0.17682258939007 -0.521304442502335 -0.0847723418845201
-0.168293933686763 -0.0305153512905868 -0.440037438409859 0.213830511530726
-0.0847342775671004 0.111300125733371 -0.163926418008179 0.327762083871577
0.017759959428803 0.115147762021406 0.035664071355639 0.234701895136947
0.0666104942841931 0.0885618726723512 0.0900093830194675 0.106771808396151
0.0859103236156091 0.0664667868013942 0.0649296182351619 0.0430102914041688
0.0834552293776419 0.0723393388620123 -0.010364996609941 0.00423819340748295
0.0235997608187545 0.0630291351785486 -0.0356580226029028 -0.105391853077498
-0.0166465884362325 0.0451871049308828 0.0591785921407951 -0.303474294585535
-0.0291357829954683 0.0145936698514652 0.368740697363829 -0.300980107542789
-0.0219014389000262 0.0196336321226459 0.617824032446536 0.00286521261332807
-0.0378454686844246 0.0280507615087309 0.423362845690596 0.365995164419253
-0.0295071202036598 -0.00526399961405112 0.0683479668959607 0.137025654690281
0.0565923327707511 -0.019313694490745 -0.137328749311861 -0.0332853616744443
0.0593562000523873 -0.072323032348862 -0.323599752883783 -0.22027324379039
-0.051272098089828 -0.105483900664357 -0.49484801254023 -0.045658383397245
-0.100235413944389 -0.0127758828023051 -0.425494586806658 0.237666073178158
-0.050373749085792 0.0676901522007973 -0.147403301767588 0.362015477995509
0.00791859920276723 0.0726543675561898 0.0679007584663349 0.265227654699064
0.0430704088050161 0.0573421840937836 0.12756339880603 0.132384296692878
0.0632573443908606 0.0405665801431717 0.0976235218346267 0.0638286111963604
0.0632906261709174 0.0442427230172586 0.0137024738200554 0.0178186534403675
0.0322561467871887 0.035463089070145 -0.0144456029178915 -0.109091613800458
0.0189845263108816 0.0391165127419332 0.102778719986479 -0.311385793369401
-0.00162165722201398 0.0574517854788624 0.438530240432781 -0.261908701647835
-0.045117609219819 0.0622156516669123 0.647563238669141 0.103125567339329
-0.0709797179138559 0.0266951131543795 0.39105830285183 0.440791975644115
-0.0395464485724146 -0.010688238898185 0.0656694832565412 0.15885282860037
0.0176514215159124 0.0300339449973759 -0.0289388041633637 -0.191566758247022
0.100886412267716 0.018082381316738 -0.327708644305865 -0.571657417177494
0.082397817222656 -0.110737645589862 -0.719903915185743 -0.219818430762169
-0.00565019689400963 -0.129954362616137 -0.562046498827453 0.2431759545356
-0.0838151174859003 -0.0707276575653864 -0.149037964446557 0.355524322247605
-0.0753231442738923 -0.013090425642452 0.0424520692807935 0.150403120204961
-0.0487682851188672 0.00381393814696931 -0.0125177146327413 -0.00587807846268893
-0.0343090532390248 0.0040084441697788 -0.108020364371341 -0.0596172262215227
-0.0248746328358264 0.00462578622615151 -0.150809922470623 -0.118522720936443
-0.0215494179857489 -0.0202691104085522 -0.0832166577927261 -0.240287456062928
-0.00907316879316656 -0.0182121718671003 0.0964610655610719 -0.383049790271758
0.0100156436716349 0.00627505828620618 0.362551401338556 -0.297850143580568
-0.0134300510508044 0.0153668709761419 0.480841485883262 -0.0337130274756108
-0.0305441728980777 0.00326938209316403 0.347315437372904 0.137075681129969
-0.0283081645417595 -0.00218243476842084 0.176845224488606 -0.0237367606413723
-0.00041317931199113 0.0444689135913169 -0.0123837459941455 -0.195599733762719
0.0939217724238368 0.0595610394107799 -0.292981383763788 -0.59453112876378
0.0967475855664646 -0.096669541106289 -0.699757168798021 -0.27196661627957
-0.00329747173549148 -0.140647358797637 -0.575702608821212 0.193921709579354
-0.091867211390151 -0.0647325792556501 -0.179333135951601 0.327518078771652
-0.0660846810789849 0.00988275385698464 0.015515455399511 0.142757174632912
-0.0166035423686655 0.0301321046202085 -0.0261331694896585 -0.00707158210177126
0.00660213883493087 0.0309397317322497 -0.112913776765927 -0.0585438309555675
0.0223375434123196 0.0426147583059258 -0.158886935725204 -0.11669456181159
0.00183752444615833 0.0399447229304842 -0.09398510000165 -0.230191085563417
-0.0311774204878072 0.0542071287560174 0.0774696446498555 -0.376349011436359
-0.0787199751642129 0.0277324471386007 0.333200472970594 -0.306535950427419
-0.0811597983414254 -0.0433701109749829 0.467736334863295 -0.0661433463228137
-0.0160162404307372 -0.0729485979122458 0.354835627478101 0.112422688517315
0.0179040071721825 -0.0328623335495218 0.169122302422957 -0.0315490551016344
0.00483498457953544 0.0517500764340438 0.00366015705245767 -0.199873001712276
0.110483899791471 0.0644707684186965 -0.278270269779021 -0.596061718911285
0.0932840767606778 -0.11173763432146 -0.676321615143496 -0.275509402011381
-0.0317535218729762 -0.144177202337526 -0.560196933656201 0.173681515246052
-0.104037789434077 -0.0347631100468832 -0.186487014869308 0.297507304988124
-0.0484048801255185 0.0434091448785104 -0.00274218322798461 0.136544700440516
0.017032089741619 0.0573513032281568 -0.0294150780296637 -0.000822040836298505
0.0448449534895059 0.0559327510902149 -0.0984877904310844 -0.0488535563508491
0.0644421828480934 0.0755574548315816 -0.145012909281492 -0.102711490238432
0.0193822995285767 0.0897865856493845 -0.0888982138612629 -0.205546946744273
-0.0529772945123722 0.109676960807376 0.0620802004815251 -0.353745015636939
-0.148730691762077 0.0374771074172846 0.303502366937977 -0.307680182428725
-0.127502396524455 -0.0900278928402629 0.462526089304398 -0.0930907156297521
-0.00283154434880183 -0.123494092141923 0.37006285464415 0.113116417045396
0.0484263953152689 -0.0534471599980859 0.14871972841866 -0.012849373223402
0.037692771161887 0.0415792436752206 0.000842515089122884 -0.196730143064868
0.145642732116852 0.0174067004609209 -0.28827344455244 -0.561645518297125
0.0632194501484866 -0.162234672637323 -0.650616586956416 -0.23510274297513
-0.0927516126718154 -0.139264822321062 -0.527204562563578 0.176466153169056
-0.119569659069382 0.0185337987467945 -0.181398658700691 0.279902099906875
-0.024625571702431 0.084222593862399 -0.01006630837415 0.140576849080986
0.0485780552005454 0.0822229622715842 -0.0180755447669008 0.0147992352248296
0.0752946236804072 0.0731764544137662 -0.0675914059662411 -0.0317978524473565
0.0925401855891691 0.0956612632892498 -0.11400446710174 -0.0782953175513953
0.0255433238575544 0.116644048904792 -0.0761602667448917 -0.169569919437417
-0.0707680524508664 0.129419759871325 0.0470647638558016 -0.323670054218053
-0.178516515549181 0.0236622419907961 0.280183670208205 -0.309128131651532
-0.12861121636243 -0.11537421288242 0.474822341317179 -0.11176983249649
0.0114998081164728 -0.126627863324482 0.396455818210915 0.141026927686664
0.0534536219350942 -0.05247463726736 0.123614588436977 0.0232758918929757
0.0771465956531568 0.0133439442394541 -0.0277473759744861 -0.17688326247285
0.163960979443583 -0.0631073098029712 -0.315913483755044 -0.491689660622526
0.00452488952877991 -0.210858541366934 -0.613017855257446 -0.176201943863083
-0.160656291068363 -0.111178408823581 -0.49238189161059 0.192678393765042
-0.124107311240219 0.0789931812893175 -0.173816074473273 0.281395435415028
0.000647357412554362 0.118010205878689 -0.00346856017560783 0.161762095051746
0.0713902053382966 0.0984339660165542 0.00930135269190646 0.0404204778843801
0.0950913065525839 0.0805583795140777 -0.0257437554510522 -0.00905839885134393
0.104808011465122 0.0993365659799001 -0.0769879203341287 -0.0480992897547234
0.0236591386912274 0.115999369163343 -0.0639108455473267 -0.135249157944713
-0.073062485826844 0.111480038584596 0.0311379599986273 -0.301599949976204
-0.154609805293203 -0.00217674632773952 0.274744374416123 -0.31812998927213
-0.0871133016424671 -0.102007958981239 0.511128141591867 -0.119938169555224
0.0165380610910853 -0.0816608033503604 0.428205872743609 0.195106962480964
0.0316438112513822 -0.0357466236894709 0.100324810943939 0.0673854184488132
0.1002303132562 -0.0186908534127323 -0.0738191834003606 -0.135156083110858
0.144712623553779 -0.125243633284177 -0.338268006942549 -0.393123168990634
-0.0559610999711855 -0.217332600478719 -0.572137441161451 -0.115564414235312
-0.194196371991058 -0.0630850074539211 -0.462446104268311 0.211626350169447
-0.108304518626136 0.118760128902919 -0.165830543985955 0.30508540302574
0.0206081432607105 0.131900359662524 0.0164044766556419 0.195899195608058
0.0814772852335374 0.100789527670513 0.0504256996862729 0.0714971175543557
0.101489830511306 0.0760983359041609 0.0221301452806736 0.0150913496257464
0.104080932898768 0.0873086430484163 -0.0408189762460969 -0.0202354737678706
0.0230699781492076 0.0921430948109619 -0.0537066049567341 -0.112912441146045
-0.0508964423056674 0.0736496705278039 0.0270849135572723 -0.30055902592884
-0.089804066439066 -0.00860137932953946 0.30358267448808 -0.331480150726064
-0.0387292067645478 -0.0457464258880912 0.571494348854935 -0.09284701471576
-0.00257875379657012 -0.0149290075146041 0.450011333120836 0.271918960470026
-0.00480473571694173 -0.0154305174773672 0.0849835804367404 0.108262686569868
0.090850599419579 -0.0332476703961842 -0.116459211585596 -0.0797642966321363
0.10072356579083 -0.129179668550534 -0.344095053027452 -0.2925343987301
-0.0800124261868071 -0.173335777748216 -0.534132401591368 -0.0660624418619398
-0.170805318607445 -0.0219178798496426 -0.441134364685697 0.236269071682026
-0.0791722039768839 0.117013452767443 -0.152530246464995 0.339641240026222
0.0264128808707329 0.116055938036625 0.04775686116107 0.233354946680105
0.0729219837523834 0.0859594646313284 0.096740712019167 0.101904984031806
0.0918959437068362 0.060101416763083 0.0670228135543351 0.0376415070473183
0.0906757128712422 0.0653817019916006 -0.00919185824150425 0.000791839365499991
0.0285903112118046 0.0608623678258446 -0.0401690073028715 -0.108593241891817
-0.0115464380999777 0.0458239663200758 0.0486423685160013 -0.315725593144522
-0.0259010170682685 0.0190038586385974 0.367288651889142 -0.324400248220481
-0.0234666408764241 0.0274088753749492 0.634342196097485 -0.0177925482215584
-0.0434383490162404 0.0321605943224358 0.444985375341625 0.361103374045027
-0.037330691202106 -0.00595791467524002 0.0783568951554635 0.140857257592507
0.0553136973034031 -0.0215174607299189 -0.142710358777105 -0.0269702445707037
0.0589226122686989 -0.0751719572996467 -0.338081742649815 -0.210354461441023
-0.0563557273758159 -0.102398064600082 -0.506036135929178 -0.0260247784902948
-0.100838500102562 -0.00672448550285284 -0.424334850480787 0.260550040127377
-0.0472735616626328 0.0719774266056636 -0.133734204834647 0.372936453817608
0.013723512561102 0.0748288130061763 0.0819855380559509 0.261771781995061
0.0483790777223652 0.0563449053714755 0.137412004960238 0.12507709097319
0.0672397690709132 0.0359122591593659 0.102855286180342 0.0556630517472441
0.0684406903501204 0.0393138042001735 0.0163061138656005 0.0119582523583304
0.0369581467816425 0.0345472873441617 -0.0174010358044486 -0.114346444048324
0.0232008255695652 0.0398723864949824 0.0936168880565269 -0.325507493372939
0.00147525128605393 0.0617575972663338 0.439789158114543 -0.286805626136913
-0.0460369575441423 0.0691904388311852 0.665876239786895 0.0833703069582691
-0.0764503061829699 0.0301537533500015 0.414196245097012 0.440600868223882
-0.0462130907621718 -0.0114540328499326 0.0772478956834642 0.163975944364782
0.0210433255059666 0.0291449081283945 -0.0447114846471913 -0.192974476587269
0.104977545696177 0.0126794362150198 -0.362158936870134 -0.560290277658858
0.0782996017268777 -0.116163725548765 -0.740360163706284 -0.186698800740359
-0.0106191546269534 -0.132466980583771 -0.562264901781757 0.277769190928175
-0.090085156707487 -0.0672976479558264 -0.133418847457719 0.370242809831936
-0.0769239323020403 -0.00837840924866059 0.049940605458165 0.15132957990736
-0.0496565084571462 0.00769651037929202 -0.0118569836973762 0.000154451375724168
-0.0359491169792911 0.00666238020646018 -0.110763599078598 -0.0461926700698427
-0.0252171713857341 0.00575629616443393 -0.158779867859884 -0.104473863022234
-0.0251138512016022 -0.0184364832606921 -0.100110561959609 -0.232878773914063
-0.0114709821232715 -0.0177506417404866 0.0707121637963902 -0.39042362818426
0.0104809798026424 0.00314994325790262 0.344064133163709 -0.323824619240369
-0.0129047100628592 0.0147028915070729 0.483124214051938 -0.0634350077184934
-0.030585350460125 0.00416851882487505 0.359067671623322 0.117862438598168
-0.0273212231947065 0.000933276861287559 0.178831282493977 -0.0373226494590791
0.000991359413177521 0.0446568687840473 -0.0280451775698853 -0.198201111645224
0.0978523582896045 0.0565708381679813 -0.327127433304506 -0.586949344480776
0.0937467835848575 -0.0997396951822337 -0.722879043907514 -0.239684870128985
-0.00623938489580413 -0.141332279315407 -0.579226913763868 0.226167512174266
-0.0961525452627943 -0.061587818118855 -0.165698617256244 0.34278146687445
-0.0652522010367768 0.0122262768389054 0.0215049694137952 0.145396502545714
-0.0155848361303942 0.0297915887822605 -0.0267467302412069 -0.00109437787095588
0.00750877008159753 0.0295560688159999 -0.116040726059534 -0.0459564544661911
0.0252131424788701 0.0394911527326816 -0.166563703695548 -0.101974029526988
0.00322057462082883 0.0400002707375855 -0.109730171473133 -0.222288596759929
-0.028734964855058 0.0560095185737595 0.0519813091457643 -0.382604757676788
-0.0773833723034308 0.0306749244972495 0.313944695518741 -0.330266533937143
-0.0848147867755608 -0.0391592908037302 0.467279441869979 -0.0961723324351739
-0.0216525347924239 -0.0732289010675083 0.364583823989907 0.092355586614523
0.0159670587425123 -0.0338284689974698 0.169647441174079 -0.0431168639843899
0.00438663512000725 0.051407755369187 -0.0113115156041047 -0.203353948263957
0.113203583516074 0.0619763411714114 -0.311127078554937 -0.588238795764975
0.088958351744685 -0.112357539187999 -0.700493192913912 -0.244245638921416
-0.0339197319873874 -0.14149040958857 -0.561940618054794 0.205294840454814
-0.104092424447871 -0.0306494936114103 -0.174544489779235 0.313550120089365
-0.0437276427031873 0.0431188556448822 0.00245882654872004 0.138281114659041
0.0210385048149005 0.0536583923839982 -0.0304636220729592 0.0037868733481414
0.0483898751606966 0.0501611464827355 -0.101466394542415 -0.0384262430541679
0.0693083600122927 0.0676078448728241 -0.152029227318747 -0.0892204302347837
0.0242028060821029 0.0872787538861665 -0.103094379315629 -0.197803103775944
-0.0458502047190099 0.112167186933744 0.0375918090549316 -0.359113096805968
-0.146044047901445 0.0451695811857757 0.285346118727832 -0.330698387478563
-0.133103481150311 -0.0818426194124942 0.462293012599156 -0.122848174161938
-0.0121859202217215 -0.123101041722666 0.381402010909792 0.0945046169968475
0.0433997019453856 -0.0561539074329035 0.149484697263139 -0.0231463435338731
0.0358781599890838 0.0396760556255145 -0.0126306651696365 -0.200371593645096
0.145442855673159 0.0119769972920974 -0.322253880548817 -0.553776111752927
0.0557375730262302 -0.160703237488315 -0.672295215286174 -0.204432018774543
-0.0955026328582182 -0.132181673265696 -0.527000837016917 0.209671623055345
-0.114641135443867 0.0237258637999239 -0.168535350452982 0.29444076010157
-0.0163087350875943 0.0824842173759047 -0.00360067805583059 0.14132683744597
0.0548050111106379 0.0757297380853442 -0.0182022999486942 0.0175847709321059
0.0803603504687262 0.0649542040915411 -0.0703916549875537 -0.0244577662402726
0.0996357941064711 0.0846284522176493 -0.120240376352608 -0.0678836564899837
0.0327755581442178 0.113669327438571 -0.0874861253253169 -0.163536056827124
-0.0612111821349549 0.132001735929935 0.0237431614893026 -0.328472616225237
-0.175897102590824 0.0344497870397855 0.262673720519505 -0.330425169094689
-0.13555078194019 -0.105746800598322 0.472834642100723 -0.143530097167136
0.00118380246431525 -0.12604136361514 0.408961698191517 0.121892769332389
0.0463022332553832 -0.0559460641855165 0.126355825941603 0.0165501350510156
0.0745435937823963 0.00862760938355699 -0.0395143993607789 -0.1780485732883
0.16009354959008 -0.0709119171068385 -0.347082847022937 -0.479968017273461
-0.00601911345769438 -0.207018711805806 -0.631901219255216 -0.145141401126829
-0.163175741566535 -0.0990625544438722 -0.488007344976954 0.224124877346327
-0.115451622097366 0.0855470671027777 -0.159271650045633 0.293614471947927
0.0118084913830928 0.115674122612434 0.00476865930433577 0.160864730030815
0.0798657758156092 0.0912090784601506 0.0116002779131309 0.0396226795510702
0.10105588200431 0.0700901733425948 -0.0269444873667628 -0.00691277618342078
0.112806939692373 0.0867869714189201 -0.0811572438226005 -0.0425690391178978
0.0317257777977854 0.112155876114794 -0.0724764236519736 -0.130681247874763
-0.064125195732962 0.113467858049804 0.0103534657520394 -0.307213210744312
-0.151828570022178 0.00821158352182136 0.256637294285347 -0.340816725637543
-0.0925574562839093 -0.0932289021813846 0.51009886485267 -0.151947051502614
0.00831923986122372 -0.0796380933873284 0.44301594138884 0.17446378875909
0.0234803973919511 -0.0376365219422907 0.106254133556128 0.0630481451282854
0.0959943056455736 -0.0237885022124247 -0.0829426004076704 -0.132488414220037
0.137533591229155 -0.133607602762974 -0.364091540853387 -0.377357807271451
-0.0678441679362282 -0.21124078054105 -0.584869776196852 -0.0838383398628198
-0.195795776708149 -0.0492762460706579 -0.455786046904271 0.242596107806271
-0.0985436892780104 0.125714854577329 -0.149209419644044 0.315969831386422
0.0329517989802668 0.128833199875448 0.0278522380681565 0.193428164567078
0.0901059283734272 0.0939821751433689 0.0551367295506744 0.0664991397276086
0.107729516648258 0.0656500668938433 0.022100039113892 0.012425343319167
0.111014087098257 0.0747490223727979 -0.0427516824833883 -0.0189241276681111
0.0309238796453821 0.0875686841687462 -0.061516526785891 -0.11134810742752
-0.0432525856571088 0.0748400476056517 0.00730183047284977 -0.30763128688422
-0.0861963950587003 -0.000828447719011631 0.28698625753771 -0.355958181885069
-0.0412747409568585 -0.0376299721454303 0.574601032551455 -0.127621631481628
-0.00869987470888959 -0.0105578784761513 0.468761611215476 0.252870256867697
-0.0134110168805387 -0.0153120067392595 0.0937914076794477 0.106514133774061
0.0865528140810877 -0.0384954169318233 -0.122610371873779 -0.0722011719303746
0.093702895904577 -0.136404606532847 -0.364357475610844 -0.274263596799556
-0.0894230674625552 -0.166988739608597 -0.543445482275881 -0.0362573617582161
-0.171015535201973 -0.00892024044239521 -0.431265178056695 0.265848997979368
-0.0694773383799897 0.122768062812083 -0.133116256612713 0.349825536260873
0.0369296608927236 0.113676443014823 0.0619371897164545 0.228534820801807
0.0809853072830317 0.0802218884136958 0.103747827319068 0.0927579819764718
0.0965242671034675 0.0508118458500449 0.0694113529829548 0.0302485918965699
0.0969160431727504 0.0545659370763077 -0.00969913609528876 -0.00204095509951119
0.0346271847655451 0.056355543653608 -0.046639150595341 -0.109865565944874
-0.00548593486846672 0.0448000272405039 0.0297725901835042 -0.324810564344344
-0.021106971021975 0.0242518227666061 0.353808411215471 -0.352964585754167
-0.0221336170122591 0.0353700884119943 0.642837352036326 -0.0531370835555845
-0.048066075832779 0.0376884786210712 0.469742677500452 0.344676964694618
-0.0450735522495873 -0.00437092339131092 0.0909793003287508 0.140460586385799
0.0527644108114043 -0.0254042337710804 -0.146452527450111 -0.0175284424117636
0.0552336797558835 -0.0799992249688325 -0.353264662195711 -0.191033858953344
-0.0615075580666491 -0.0978899932478888 -0.513120195264076 0.00386623140735114
-0.101458582369555 0.00174736333578797 -0.412369134284354 0.289474021547145
-0.0420387111377164 0.0756807623299793 -0.110634350619306 0.38232253899424
0.0214013312014308 0.0736901240893238 0.0988623904702385 0.25478124247973
0.0541325168755695 0.0530267534519074 0.147237300170408 0.112225232524595
0.0706728677017067 0.0298107038863244 0.10656424722471 0.0447656550883864
0.0734395897927152 0.0321549767496395 0.0171263606616818 0.00512907401774396
0.0409002729424809 0.0316794855132883 -0.0231559004396072 -0.118742049511728
0.0286839916650579 0.038960217460509 0.0761064212010426 -0.338498162887188
0.00734225494987218 0.0654058661998366 0.430519586940331 -0.31660670284196
-0.0445335785259771 0.0769352138801863 0.680221300862604 0.0504323865028422
-0.0801100722495571 0.0353266264273925 0.441626097283686 0.426913964389507
-0.0523532129809841 -0.00963185690400913 0.0921579275562177 0.16458073910884
0.0246974739636493 0.0207022467324485 -0.0808492615781086 -0.17959314643479
0.0923449388637708 -0.0129577639644207 -0.443695359832966 -0.484100453569718
0.0441533622571399 -0.122943165016089 -0.748168362430625 -0.0559415861017978
-0.0408911314191876 -0.119214740198021 -0.501883686472947 0.369703693014351
-0.0993001473945275 -0.0403381022984786 -0.0686566589097549 0.384896546228011
-0.0732210133498426 0.00805096602567425 0.0714893212830756 0.137902319458185
-0.0484347685247576 0.0168943697879537 -0.00815341508250703 0.00519973916775681
-0.0358687523565551 0.0129967570608858 -0.111388069791376 -0.0222117901132202
-0.0259835890379318 0.010643186891518 -0.168735263587358 -0.0733335697476839
-0.0318279833301014 -0.0118611860852367 -0.130929467295186 -0.210335174108899
-0.0194589049432491 -0.01658011016276 0.0101945487196227 -0.387628894690073
0.00420549394764516 -0.00470303682592709 0.289589914196213 -0.364430183565182
-0.0150359327116134 0.00952182414436833 0.464045148334625 -0.132065754576269
-0.0316498518621829 0.00461378061764439 0.370384925875599 0.0662972364352156
-0.0261477902888712 0.00495192012804444 0.169856866698185 -0.0611130543075649
0.0051205651597135 0.0395481793555555 -0.0649531504693957 -0.188328351840814
0.0914974919242647 0.0312331210074578 -0.415770119745775 -0.51698045416479
0.0616650414891279 -0.106735409935625 -0.740052102239513 -0.110786863149088
-0.0367002332380047 -0.127023090398614 -0.525480230217374 0.322434360346189
-0.102515058988077 -0.035354594157223 -0.104966355847178 0.363395852336083
-0.0582691750016568 0.0236018342691303 0.0413801187419449 0.137356866397629
-0.0106351692836154 0.030653390004363 -0.0255273155255965 0.00616281018050875
0.0087967667734698 0.0265316854602324 -0.117535017053868 -0.0201592311960726
0.028167519086451 0.0322679425023847 -0.177113498853631 -0.0691162389216669
0.00590685820443575 0.0391433256795346 -0.139334325725789 -0.199576975379434
-0.0230883538148192 0.0568551686231696 -0.00747716607429985 -0.37915531473381
-0.0760797771051029 0.0386295582219601 0.261080206820674 -0.367507977024291
-0.0935525389097322 -0.0302930977078847 0.445951015572237 -0.161093618300436
-0.0359352843239647 -0.0712720329277318 0.371151853489332 0.041421710494704
0.00965587681128391 -0.0361510078814223 0.158171925103714 -0.0664391837253157
0.00784829218784804 0.0458091757767786 -0.0489790879765599 -0.196472620540302
0.105371797553608 0.0347554971346292 -0.401244812216165 -0.51955002605073
0.0553349295640733 -0.116882048680784 -0.719839126614873 -0.118294629501154
-0.0620165233614355 -0.121769934531451 -0.511383223124484 0.297645494145263
-0.10332810856857 -0.00549295593655302 -0.118873456979348 0.333858133730754
-0.0320884247490443 0.0485208228212505 0.0214060410508784 0.133516544260463
0.0307190841474816 0.0458970567888211 -0.0305467058018787 0.00990967201829194
0.0515831857746671 0.0381758945656325 -0.104011683554097 -0.0154085555143799
0.076139655830275 0.0510833274420855 -0.161034332053137 -0.0589440692387998
0.0358014209078547 0.0812571138209234 -0.129978360011732 -0.176896576694039
-0.028902827334044 0.113682598416682 -0.0181677841235349 -0.355467106670766
-0.13972339648487 0.0662506142215671 0.23536349671407 -0.365052156985249
-0.147197986242358 -0.0629468953716821 0.438537185723878 -0.1833444156079
-0.0353178285351746 -0.120531781762363 0.386008000175224 0.0412489515026606
0.03128680765178 -0.0621362627858853 0.140563568204539 -0.0428910224643236
0.0355652139244454 0.0290609707413785 -0.048705408085608 -0.191328942602052
0.126973856192143 -0.0184809207604363 -0.407074396798817 -0.482428161755133
0.0155535063948632 -0.156493216748033 -0.681899337565269 -0.084115791658908
-0.118751795001879 -0.100493670375504 -0.473324501290201 0.291750898269126
-0.103817287520151 0.0481243735193032 -0.117566913430587 0.311777292464452
0.00180391408942409 0.0806626089980117 0.0151413413934812 0.136648332176014
0.0685315925225777 0.0610010784877757 -0.0184865751756484 0.0193284360384588
0.0857184484506427 0.0460422789123103 -0.0727235461047392 -0.00819462967176298
0.109148240894847 0.0605373406834212 -0.12762959666941 -0.0438591233723659
0.0491757030036831 0.103581323536227 -0.110180291364076 -0.146899457640044
-0.0397870303106928 0.134816792203561 -0.0275477747033298 -0.325329793966598
-0.169198227033551 0.061015267981327 0.213577853002592 -0.363027136862263
-0.152597998535457 -0.0839532024713742 0.446554787143426 -0.204469078917028
-0.0232810973258838 -0.124417179714091 0.416818232727651 0.0651033237282583
0.0328788049490422 -0.0617042260720778 0.123362261228798 -0.000708768057336249
0.0670944299465659 -0.00678181887660581 -0.0699878807389222 -0.163053009552162
0.126161675981197 -0.100097140596614 -0.415113337592551 -0.402331557533824
-0.0522020373366876 -0.190492325291633 -0.626676514236659 -0.0326263110290834
-0.178131487875952 -0.0560648939124364 -0.430638518389502 0.297046274548151
-0.0934845182607788 0.107593987448087 -0.109732466156118 0.308201272618819
0.0355481699296268 0.108050670526773 0.0254021318091898 0.152558280662928
0.0967435119407095 0.0713219684704096 0.012361656119962 0.0334885746747229
0.106853478146833 0.047167527373132 -0.0287719402442925 0.000350970242214667
0.123249261755817 0.0590791638661357 -0.0866186380771612 -0.0272487640227419
0.0489044311957063 0.101743581234319 -0.0908757858956065 -0.117967116296104
-0.0440656372417479 0.116783416674355 -0.0363535388419606 -0.303315065101511
-0.14908180610689 0.0322790277475637 0.207859951853082 -0.370948380009585
-0.108077444464455 -0.0774120390999916 0.482384849605252 -0.218349794591629
-0.0106078171001182 -0.0792546561879372 0.461016355806941 0.113815668332469
0.0116578379204171 -0.0395211167849894 0.111351116635338 0.0489951104173469
0.0819960576916857 -0.0416539376235655 -0.10315391972551 -0.109479957550164
0.0946179557750478 -0.156489077416763 -0.41282310398053 -0.298287511593015
-0.11177066010027 -0.184215758270626 -0.570793788189716 0.0163433598017647
-0.200889232534612 -0.00152555799137627 -0.395600457000368 0.305977991056457
-0.0692026288387999 0.145379687055605 -0.0967448374488612 0.326566299055951
0.0589799090890827 0.118670244875638 0.0525189548792897 0.179200149343287
0.108918604037679 0.0725987812584053 0.0585713330783931 0.0502555262961941
0.113931629989724 0.0411924607757343 0.020979928456373 0.00883710266956761
0.120393665013723 0.0472403645791145 -0.0457957889440082 -0.0124537017862442
0.0445435843446595 0.0776750122231084 -0.0765513617629445 -0.102370927011203
-0.0291707895836454 0.0759573815202863 -0.0388384098774942 -0.3044417091592
-0.0859116945137474 0.0125559324948038 0.235477472607871 -0.390545330781918
-0.0494285080659702 -0.0305423615862471 0.550550475471854 -0.204197752773544
-0.0170256074129844 -0.0097988926440592 0.50002656955674 0.188150953413976
-0.0218116334403543 -0.0131670820728071 0.106547922083408 0.0941215708632542
0.0714124950827972 -0.0530564251926012 -0.130064608227658 -0.0443443810522367
0.0533779350970049 -0.149650264660221 -0.394143894498994 -0.198466479487182
-0.124732964779044 -0.137535035468244 -0.522078368428498 0.0548611477672317
-0.170153383519676 0.0335601554204661 -0.36914283114163 0.324733228326675
-0.0422955766737933 0.139193935834731 -0.0760221689593977 0.357753825303446
0.0620091201629943 0.104929639070704 0.0918371652869648 0.206142845082539
0.098849149523334 0.0617728565406617 0.111293647627523 0.065943533883882
0.102088656489745 0.0291556645848228 0.0693709756997529 0.0164360012906991
0.104165780188469 0.0309983385506825 -0.0115182339732987 -0.00333081362323211
0.0441287046696015 0.0467062015713551 -0.0618232123631285 -0.10472085234105
0.00317626491104686 0.0420353572389284 -0.0178293552697582 -0.325492895368114
-0.0185148575767774 0.0265950901956085 0.301715273731041 -0.396671418385422
-0.0213042935355694 0.035981934205541 0.627040887748075 -0.140297420200195
-0.0475463633110498 0.0414712996089182 0.513522472611205 0.280980409988631
-0.0506346837744449 0.00186024163401798 0.110107320618424 0.129376845205183
0.0421477374388101 -0.0332388708358057 -0.143451776743271 0.0114790733232117
0.0285525089134631 -0.0881032989449932 -0.370557818176662 -0.121409590770895
-0.0836589747200781 -0.0761629408209579 -0.489468609250041 0.0879881519934529
-0.100578566951947 0.0313233013608733 -0.349479910425239 0.346779787750476
-0.0243403892379472 0.0902384751597108 -0.046258698889902 0.387374077811905
0.0412453456517262 0.0704214317463765 0.133798048624068 0.224493956963016
0.0676652225402101 0.0402991261763385 0.157834538181066 0.0778992690734341
0.0745280017398055 0.0138337908940736 0.107944670029074 0.022910048487893
0.0790580952081419 0.0147975018854862 0.016781650985814 -0.00165056408918117
0.0460283669288418 0.0222593731155718 -0.0397818411363607 -0.118475155411037
0.0331100198202834 0.0320272443599764 0.0259438118517697 -0.345608121531674
0.0135583499481154 0.0611481754371169 0.382294406409472 -0.370926896975292
-0.036529243959135 0.0764483560486341 0.680540094516869 -0.041622222072331
-0.0771179066194357 0.0421950614985513 0.496396062494315 0.366882819755992
-0.0562365256498175 -0.00271962463854399 0.115856758165873 0.153003334466753
0.0262213126855799 0.0177068837995926 -0.0906354566426356 -0.170703955151444
0.0909169791928633 -0.0177209980884324 -0.449849272853433 -0.453687867287854
0.0393480743797362 -0.1225357925642 -0.732032481338383 -0.0267165783401864
-0.0431728778038688 -0.116629982814647 -0.478277559459437 0.381421976792945
-0.100054983487418 -0.0349242341417527 -0.0515746165018392 0.381011736320492
-0.0709149347802583 0.0114492082825462 0.0733466560463156 0.134830564637742
-0.0467865530646382 0.0193107370671643 -0.00627585508602115 0.00846691019880936
-0.0346084089391389 0.0154060538069528 -0.105965078015396 -0.0114926953466588
-0.025201544572601 0.0106742907576821 -0.163491952327756 -0.0571086230984998
-0.0321227839236121 -0.00948773482049286 -0.136004519970834 -0.193141250631297
-0.0201981899092914 -0.0149285732010757 -0.0106201307839748 -0.373122480641612
0.00352635421651666 -0.00717798431808798 0.259673418391493 -0.364031476908591
-0.0148137897255569 0.00822179311551103 0.442361124332744 -0.149692458473432
-0.0309617333567842 0.00646735844880457 0.362796120857031 0.0464432633254338
-0.0226612905887803 0.00654527596250691 0.161012614440534 -0.0690963208468748
0.00529767521071618 0.0375056926732394 -0.0748773976687844 -0.180513009043443
0.0890291930156108 0.0280948443901951 -0.421878357876182 -0.486491539418349
0.0577915315126618 -0.104364933138601 -0.724134214697465 -0.0822807094469655
-0.0372106354214217 -0.123168885007175 -0.502527977844581 0.338700986648994
-0.0997987706103273 -0.0317053678294408 -0.0885748702842325 0.361488303288616
-0.0553192365709854 0.0230707486183135 0.0439552819374304 0.135497613952882
-0.00988773828559548 0.0280021895696596 -0.0238735051384052 0.010769597171052
0.00884253649014626 0.0236961285232798 -0.112150080384524 -0.00895777333730335
0.0271228013707055 0.028082703486765 -0.171853571543198 -0.0522722061186124
0.00688805509173882 0.0371258894440246 -0.143092118140636 -0.181889550613246
-0.0195713796630981 0.0558308155136395 -0.0269345666785829 -0.36391480041018
-0.0714329935895698 0.0387842087596982 0.232830240960062 -0.366383429924158
-0.0914909526259481 -0.0257997367242676 0.424038682864693 -0.176958909164301
-0.038636181108362 -0.0667678024158154 0.361059200879357 0.0232840313819233
0.00813337336685884 -0.0345567537096431 0.149290134222296 -0.0731539802959935
0.00618939619730106 0.0439476933914482 -0.0585839846380283 -0.189133460258427
0.100961800120112 0.0319820764422801 -0.411693431980369 -0.49022828979729
0.0511789640796886 -0.110980517501052 -0.704497784858058 -0.0897824816102821
-0.0590828605718783 -0.115134371068612 -0.48879561037756 0.312696941639
-0.0976845143853662 -0.00341130945139801 -0.102449532249763 0.333895478604705
-0.0278715633591277 0.0443401249318087 0.0240024141995182 0.13127178560996
0.0310448205319946 0.0389237998172869 -0.0290865293542139 0.0144774649555325
0.0506239220630097 0.031505464253874 -0.0995471285077726 -0.0056914396308638
0.0741197389853854 0.0411693846900919 -0.156859737030123 -0.0439590535956719
0.0372464794553939 0.0747792893026947 -0.132708694508285 -0.160642436912218
-0.0222738401299906 0.109247152679348 -0.0365184706215012 -0.341107730521812
-0.131006566416193 0.0688662184163787 0.208108953514611 -0.362125592985066
-0.144638183572201 -0.0536265654595002 0.415149235087312 -0.197643239837346
-0.0407678680903383 -0.113019712468686 0.376183387493348 0.0229606715205225
0.0259637573596646 -0.0599912825915822 0.133441132838394 -0.0489404406503931
0.0309046229269419 0.0267110076446245 -0.0560301474022447 -0.18437758686668
0.119285958997833 -0.0205019343502954 -0.413813372281305 -0.453770212730198
0.0109361391277253 -0.14723711876235 -0.667685155840294 -0.0567854461971481
-0.113061981564962 -0.091596788295164 -0.450507370295278 0.307045961133234
-0.0941986087957555 0.0478696947874409 -0.101499365729253 0.310529091520026
0.0069335688158983 0.0725578240783445 0.0186460965394413 0.133020927267412
0.0692182639354494 0.0508090825033733 -0.0178089436322817 0.0217001066634811
0.0835326953611465 0.0360070993382366 -0.069410993840268 -0.00208326902448185
0.105622090950404 0.04783678310748 -0.124299645844427 -0.0322617669750929
0.052243629157848 0.0947344855655283 -0.112368978385238 -0.133855596894056
-0.0309012721745348 0.129210772649551 -0.0442403348290959 -0.311363810614866
-0.158506378730731 0.0651879201282583 0.188255375434209 -0.359910531655381
-0.149059154479376 -0.0724496772007877 0.422912947691792 -0.218541445648842
-0.0305415441866713 -0.115118549291904 0.408825744324816 0.0460756474039162
0.0254505884493915 -0.0597573311753787 0.119290282756775 -0.00583766051830513
0.0602137408357152 -0.00858193950690013 -0.0747797433669153 -0.156062455692151
0.115080874157224 -0.100125200623726 -0.418022256319872 -0.374152161483116
-0.0558064643427079 -0.177618290168892 -0.611535132518654 -0.00596716966859837
-0.169623636666278 -0.0461035045128169 -0.405443377354384 0.309239111319746
-0.0812110721577799 0.105283191798814 -0.0928633511070043 0.305716226413506
0.0411193504063272 0.097892931506598 0.0305506297571191 0.146188600597024
0.0981453302423503 0.0595616967991434 0.0120655829806956 0.0317635799482484
0.104624740197434 0.0357171096363378 -0.0280293448635155 0.00245141123658013
0.119207238114882 0.0445393303217371 -0.0840750840647572 -0.0200153947693191
0.0515712156927764 0.0915520558104219 -0.0926917866971309 -0.108666572793133
-0.0354986913971413 0.110569402505771 -0.0522444840364081 -0.291541696203023
-0.13798705320828 0.036823624678127 0.182455770195379 -0.369541844482713
-0.105156474430618 -0.0658999208960348 0.458394295272019 -0.23309027675814
-0.0167665266817801 -0.0706783262640092 0.452965726677629 0.0942315969933223
0.00428929863964757 -0.0376625028280569 0.110012029498445 0.0435730442073006
0.0738513860723072 -0.0434721369596007 -0.104131252574297 -0.101655816462134
0.0820576730360927 -0.154250506532337 -0.411078467901353 -0.272178097560119
-0.113981606170274 -0.170189654662324 -0.553444802761856 0.0398237467844787
-0.190441824801945 0.00893554456832097 -0.369050948802649 0.317964438201058
-0.0575656897038801 0.141483685175786 -0.078860946487814 0.321628802492219
0.0649729014863372 0.10763099736025 0.0582022148086795 0.169579515722699
0.109846827828241 0.0607198549011709 0.0571180988474905 0.0437880898065604
0.11130939722578 0.0297075382033896 0.0195824121433458 0.00627751367047739
0.116741280960255 0.032929455488164 -0.0451681574496228 -0.00977169724716116
0.0473278753147987 0.0683014141928492 -0.0786111118217312 -0.0961601487948706
-0.0219321293846124 0.0704152441177966 -0.0540599225595339 -0.294595648789329
-0.0768465529619628 0.0168586348942729 0.210098047691565 -0.390241635391104
-0.046962308826208 -0.0216286355785973 0.526267534965264 -0.221250657240001
-0.0209063232917547 -0.00208335896076303 0.492943713143296 0.165090278994941
-0.0276899151846873 -0.0101263919388645 0.108946641996662 0.0884859874684821
0.0637365435343552 -0.0542402565496846 -0.127059902562158 -0.0368351273179978
0.0429182437082306 -0.147237159579422 -0.388892847055432 -0.175165346612748
-0.125332348613814 -0.125742416720573 -0.503340021529523 0.0759231626789498
-0.160171806151944 0.0415068704992629 -0.343019388246974 0.333561660087905
-0.0318484743148789 0.135673053049243 -0.0567166276045188 0.349047654764806
0.0668948896109263 0.0955365557435434 0.0978145844606019 0.192446309798014
0.0998243230627578 0.0521471318348599 0.108811006596479 0.0550245127925659
0.0996578085845611 0.019410362535647 0.0663811207477736 0.0099625093096377
0.101309016426067 0.0187840696870133 -0.0120944196810803 -0.00530755297753317
0.0463768103948525 0.0387949907918031 -0.0642913958527154 -0.101091086956622
0.0079766677986408 0.0377652631952863 -0.033746591732991 -0.317714466725482
-0.0116148232613495 0.0284996530284835 0.276434652506868 -0.399120706629809
-0.0177724385179373 0.0419491358995407 0.605362771458755 -0.161453951818302
-0.049081361413507 0.0480760384216888 0.510377925816635 0.254660914611638
-0.0547588008125852 0.00480420858712275 0.114532655022968 0.122329617172352
0.0370646141085699 -0.0341357549873791 -0.136853148305363 0.0187762367425937
0.0222971532937493 -0.0861214297316699 -0.361542398884433 -0.100105235983606
-0.0837154761388783 -0.068984962091688 -0.469400112242483 0.107241519837197
-0.0940779022819581 0.0362957524970694 -0.321583002339964 0.353643181665
-0.017251661613098 0.0884828516597449 -0.0268875359306994 0.376785725387009
0.0452594274649435 0.064144701914932 0.138910763118479 0.206988702612238
0.0691405580305033 0.0344937084542046 0.155052697233261 0.0629711574009458
0.0729500999146446 0.00743015284597605 0.1044781734152 0.0124281999555869
0.0772522836363898 0.00682554593348436 0.0145692286957219 -0.00653558641864001
0.0475717555360968 0.0177539547657036 -0.0434668247038421 -0.117370246981604
0.0365185423333549 0.0285887954294606 0.00953137277638321 -0.339081540345384
0.0191109830599306 0.0608561457843293 0.357579403626151 -0.377392808193133
-0.0331583233726577 0.0799130263099312 0.660237854060462 -0.0673772594747045
-0.07762225782671 0.047214281340692 0.497300360542089 0.339667503831737
-0.0585116710754899 -0.000584104387865633 0.122649042229366 0.145613057176564
0.0269910845152375 0.0153298240092421 -0.09525725639228 -0.164489259480537
0.0898266456665315 -0.0201244797427194 -0.444410343276126 -0.438571815489573
0.0376885147467869 -0.120751077674746 -0.714542966970234 -0.0175731053886809
-0.0430913835709857 -0.116369219576492 -0.465091370013006 0.385884139919345
-0.0994372913088957 -0.0324408895305223 -0.0453946221144043 0.378024807707771
-0.0692498902843739 0.0126123470310822 0.072599749648596 0.134390364310577
-0.0456359002551328 0.0201395384210366 -0.00534305607669011 0.0126954276016059
-0.0338859066461628 0.0157910946930903 -0.100010533013534 -0.0038353968352885
-0.0243956970256776 0.0102223852776149 -0.157109754272955 -0.0466540148237556
-0.0324667568710461 -0.00842257469623175 -0.135458486812514 -0.180188384138598
-0.020836386675097 -0.0146361253211201 -0.0205700172938163 -0.358467544827877
0.00229335032327855 -0.0098468619672538 0.241933866029237 -0.357363093791296
-0.0147652690633213 0.0072139246390761 0.425168693715938 -0.155623085780709
-0.0293966851792314 0.00711547130672989 0.352116443208763 0.0374423971906814
-0.0197394176090281 0.00742035363291508 0.154215678129501 -0.0725839609037881
0.00408891581943743 0.0359499437998437 -0.0794989188650793 -0.174855089423456
0.0859158040324301 0.0270074293534399 -0.418260803206191 -0.471141477699328
0.0561587308837034 -0.100440836936881 -0.709875851126549 -0.072281758344546
-0.0338963850918546 -0.12114832260654 -0.488839664543186 0.342417288077669
-0.0969816701064247 -0.0310407222178783 -0.0813645427624031 0.359384923400791
-0.0535976916679874 0.0210987683622963 0.0439631141388153 0.135898768058309
-0.0101934136492047 0.025780108200215 -0.0225944443770641 0.0157057699727355
0.00776983029243131 0.0213498770052461 -0.106471729478554 -0.00170354040927169
0.0257171716789539 0.0245169604301078 -0.165618153223897 -0.0409991355293274
0.0064096241166841 0.0350422892954701 -0.142105531782535 -0.169133253078352
-0.0178749013096758 0.052970911104459 -0.0365022394588723 -0.349897509684775
-0.0684864577222613 0.0367571818104198 0.215997946131373 -0.359212559882377
-0.0895579448760493 -0.0234854598740141 0.407849716090656 -0.180454152331591
-0.0386679452319439 -0.0620628271530514 0.351757932404313 0.0150720081942138
0.00810162193945203 -0.0331658670690752 0.142706440983349 -0.0757974087907761
0.00296159641735499 0.0422586357267036 -0.0625449393990417 -0.184208424014836
0.0962990998642808 0.0327698701546592 -0.405617338896588 -0.474751661515875
0.0500956803643523 -0.104363241143411 -0.692144938240103 -0.0781616432980447
-0.0538911109526697 -0.111344202340397 -0.474545269280958 0.318693206010036
-0.0925272542549193 -0.00478110375247028 -0.0946357760326575 0.331938985837621
-0.0259501036291776 0.0389323800529359 0.0245067833625148 0.130968216204268
0.0299963666174878 0.0327495486515742 -0.0284700350006974 0.0190067207083981
0.0479663098911075 0.0261673319732338 -0.0949071915020448 0.000395067976170417
0.0705556697066434 0.034039982941473 -0.151225554916863 -0.0333034541721538
0.0371246442205709 0.0697482514806146 -0.131032518985041 -0.149617538259606
-0.0188290747975806 0.104517120739993 -0.0453258954061645 -0.327987355401303
-0.124463988981719 0.0678144418708002 0.191812737773588 -0.355130158063201
-0.140493467405928 -0.048024973034847 0.400585713331366 -0.201698549391596
-0.0424600036049019 -0.106104158170793 0.366607817563051 0.0151047217143287
0.0232928796414299 -0.058450203498051 0.12776496670962 -0.0507139465073369
0.0260566452684955 0.0258682883028805 -0.059535201966313 -0.180011146307784
0.112117871709577 -0.0179073311976676 -0.40956085095764 -0.438353882444873
0.0104529016476049 -0.138308017702813 -0.654228399936501 -0.0458240243990683
-0.105291333847764 -0.0864049524079967 -0.434843221523464 0.310081599597165
-0.0864989833831216 0.0444257874028194 -0.0932268877682529 0.307805287843391
0.00939632383681372 0.065224890180526 0.0198205399860418 0.130502134922085
0.0679697387085227 0.0430825733987115 -0.0177355199732089 0.0236864295273303
0.0806048287916852 0.0286251250918535 -0.066708702947055 0.00231167716247412
0.100699544264072 0.0384714752400461 -0.11990022574844 -0.0241879565204195
0.0515318080011029 0.0879472235217572 -0.110028859711673 -0.12460344739681
-0.0263645208071733 0.12293515683475 -0.0524795157374646 -0.299131770087749
-0.149972855905878 0.0653655087219065 0.173270283221522 -0.353567109618702
-0.14465791774584 -0.0655652642718461 0.407853960021905 -0.221576875952387
-0.0326408548288065 -0.106955012065279 0.399780302129507 0.0377275776390965
0.0205084069966155 -0.0579009091508641 0.115640486811556 -0.00750602935291332
0.0542404032970026 -0.00964419157319063 -0.0757920392471561 -0.151629852967604
0.106951881587264 -0.0958170412039614 -0.412147945893471 -0.362039961764752
-0.0557362612535203 -0.167559853187023 -0.597746676949499 0.00263597105990598
-0.160476745912343 -0.0398981829175458 -0.388293388628685 0.31323032922007
-0.0731286831247314 0.101106327122399 -0.083245888795423 0.301105983930834
0.0441502379797438 0.0893023121673318 0.0318161187319948 0.140996038990148
0.0965939782225692 0.0506866049552054 0.011282926561294 0.0307368064537772
0.100628513608268 0.0273404910411263 -0.0272604485041548 0.00388041699828307
0.113598143246358 0.0344388043501899 -0.0815626971003152 -0.0151903310244627
0.05169020339343 0.0831785610823599 -0.0910516179413008 -0.102000452302015
-0.0303357654135169 0.104278095960766 -0.0603973442834892 -0.281149382408619
-0.128935619517264 0.0374665824969781 0.168357201939452 -0.363253912924005
-0.100972946438826 -0.0585157503679607 0.443586796641104 -0.237017124321084
-0.0196752368250729 -0.0621602514567971 0.442663284896739 0.0836437873465651
-0.00134930344697167 -0.0351203359259336 0.1081230125126 0.0419320280970666
0.0668520982509573 -0.0435897792337649 -0.102796294764662 -0.0975651875134098
0.074078058155397 -0.14900042602791 -0.403459575976682 -0.259467600572966
-0.112674675908841 -0.160496730421779 -0.539560951782913 0.0488000331019035
-0.180862817395295 0.013665629708708 -0.351641724621376 0.320167168393794
-0.0499338425405338 0.136352733798148 -0.0685674232853504 0.315719123340813
0.0672357797192176 0.0988143937523407 0.0593566579552727 0.161526736551493
0.109425260293709 0.0519367027576309 0.05494345434775 0.0393849635589715
0.107323295337187 0.0214318277587853 0.0183084882381001 0.00423483003649385
0.111676279080544 0.0229052637522413 -0.0450971156721025 -0.00822394598156988
0.0476230340801299 0.0600266415856912 -0.0776749543084129 -0.092489131199312
-0.0173907753769163 0.0646180549501853 -0.0608842663816413 -0.286584462374985
-0.0688709986811432 0.0178157879608963 0.196990235139068 -0.385188889516117
-0.0436911096290899 -0.0143940760624173 0.511696476210606 -0.225809362299762
-0.0231749529959932 0.00526139137897897 0.484876929359406 0.154059271335649
-0.0328355729856704 -0.00792855718829752 0.108675082168626 0.0862902929294162
0.057699646710511 -0.0538840404338011 -0.123665985267895 -0.033380977763269
0.0367181149781497 -0.142662813247054 -0.379361428218876 -0.163527879709916
-0.123480761476315 -0.118084562094294 -0.488647545476526 0.0841226551533054
-0.152349005024464 0.0453950539414211 -0.32408317665261 0.334217267697097
-0.0257530196898157 0.131477974841307 -0.0463720267820585 0.34118531804834
0.0684144342426699 0.0884353361740047 0.0988304108964329 0.181707017098957
0.0991370908595071 0.0449494817244558 0.105619925016612 0.0476771303994502
0.09631646313657 0.0123391401976926 0.0633399525245861 0.00470911490644705
0.0973868596588444 0.0104243589569703 -0.0129757706129881 -0.00695554724369392
0.0466551813126251 0.0324231015913759 -0.0644377134061208 -0.100219723261143
0.0120653520571308 0.0332749610545605 -0.041086030222887 -0.310923785539537
-0.00538215138158776 0.0294773822128139 0.26304541879925 -0.394772700754159
-0.0152543150495607 0.0471578706643119 0.590947952934022 -0.167237004311635
-0.0505693260280657 0.0536677673938706 0.503310899498788 0.243520445347537
-0.0586801867186382 0.00651735089755703 0.116834223549525 0.120442988954751
0.0325190964974213 -0.0338795572164173 -0.131143722433035 0.022597534937219
0.0181062834616481 -0.0842712823825109 -0.351250491830935 -0.0909155410428108
-0.0826033163877019 -0.0643826348502428 -0.454287220764501 0.113330265741442
-0.0885724233935858 0.0385688733959792 -0.304262938325528 0.353545690457423
-0.0136493502370465 0.0859810397776227 -0.0171630401566236 0.366522939963942
0.0467497249853598 0.0593637816458285 0.139086617453615 0.194681300053922
0.069154772421325 0.0294815977987465 0.150523944436936 0.0528424077810149
0.0706355669123991 0.00311709038618299 0.0995395105297496 0.00504452996493717
0.0747859054570798 0.000408029280397768 0.0120467275120084 -0.0108043955453863
0.0476021311952835 0.0134894676210832 -0.0444447911257662 -0.116780514211719
0.0392243556524205 0.0262468162988602 0.00254868911735237 -0.333773901419325
0.0218233953683081 0.0611798101113791 0.343852258317915 -0.373434626182459
-0.0317343365550104 0.0829227566402937 0.647909081253255 -0.07310705844458
-0.0781098986208685 0.0512135151394437 0.491068108266549 0.326991044872822
-0.0603212870516314 0.000509399215436813 0.12568414805756 0.142245584333705
0.0274361671590245 0.0142177747733462 -0.0991800553154507 -0.162607852653964
0.0897806927858359 -0.0210860394113239 -0.442303421201845 -0.438719643081002
0.0381500455085016 -0.121572345103056 -0.715017594573872 -0.0209430452242133
-0.0430280232206699 -0.118650188598016 -0.464540788111985 0.389514769614242
-0.100350900050883 -0.0309560327816158 -0.0424189931696771 0.381542147948012
-0.0699510929505759 0.0130889342727242 0.0724300412944858 0.137174480168432
-0.0458549439358773 0.0213195737970112 -0.00363493474392573 0.0164069285950818
-0.0339813074199445 0.0165283546528477 -0.0955700451863609 0.00152411027067171
-0.0250680716397584 0.0100219967565904 -0.153273635782625 -0.0399410389770201
-0.0333578955864676 -0.00777664695615467 -0.133996169447498 -0.173072230627869
-0.0218553960610923 -0.0147198544264521 -0.0252103199604124 -0.351409227016324
0.000916260852612967 -0.012112511001578 0.234743879219703 -0.353667370448585
-0.0151821821010503 0.00614560707082577 0.417685224027753 -0.156426122155299
-0.0278583873413573 0.00779369542119241 0.347656870078712 0.0338755827589977
-0.0167189330088427 0.00764631412144042 0.151324938572217 -0.0750677733429268
0.00202921114757615 0.0352868685263195 -0.0831983525015956 -0.173689735907228
0.0846752025990191 0.0286440581143378 -0.41456689816625 -0.471078078478619
0.0574341275075847 -0.0977306739640515 -0.709659271503715 -0.0750461641319781
-0.0309569789246051 -0.122175336542786 -0.488085568930645 0.346412566775952
-0.0962124162025936 -0.0322809522756974 -0.0792536536525099 0.363229829645006
-0.0536863898776916 0.0196332226690736 0.0430886501297871 0.138968062666966
-0.0108216459882517 0.0230241664618786 -0.0215136793469034 0.0200552880664219
0.0068785889693052 0.0196451960654186 -0.1026403441623 0.00318786635227285
0.0240253974803216 0.0212947704083163 -0.161140705405163 -0.0338259627462544
0.00562404202488323 0.0335639433327995 -0.1407606602083 -0.162203032533496
-0.017948973700377 0.0516267947515418 -0.0406984834231598 -0.342341725108628
-0.068328731912855 0.0350001018226685 0.210157619031559 -0.3556905689572
-0.0895617988992609 -0.0229679080515674 0.402527668051405 -0.181046888338627
-0.0381336728798467 -0.0601037613243075 0.347198152974734 0.0122796510514936
0.0087497165671275 -0.0328850553903344 0.139282079062943 -0.0775620208001793
-0.00087735227115086 0.0426243112829197 -0.0653227190353683 -0.183824006493623
0.0930488641366924 0.0362668426984058 -0.403901952636645 -0.476376040925813
0.0520495859932125 -0.0999530663480032 -0.691316576360619 -0.0816028877332373
-0.048452439184161 -0.110798019442841 -0.471797157518035 0.321762232190429
-0.0897646489247688 -0.00786443531566339 -0.0919264682675731 0.334731895851961
-0.0254844457381285 0.0346557640733513 0.0241388716883378 0.133223961759452
0.0288110649912088 0.0284624687037024 -0.0276959177582106 0.0225296792714811
0.0464765685188068 0.0221223260209079 -0.0919258091660533 0.00449306269219825
0.0672294417914518 0.0299219140923829 -0.147306959325082 -0.0266892205370713
0.0360107131605846 0.0664280692504852 -0.12924359623114 -0.143580200252002
-0.0178671049329611 0.101376169439595 -0.0498998756986239 -0.321307572442733
-0.122115697533501 0.0658189220899812 0.186292197619609 -0.351760849525157
-0.13848147434617 -0.0462988503286253 0.394122052222412 -0.204817502450547
-0.0426986835090532 -0.102115965441113 0.362935705574515 0.0118219972507981
0.0214779632752825 -0.0574366909424344 0.125358280030861 -0.0522820046891256
0.0210131975584401 0.0261364241469947 -0.0609875342509295 -0.179645196954826
0.10832388410343 -0.0134131424564878 -0.406324925978632 -0.437552201959693
0.0127743119454552 -0.131689930916931 -0.653119536820063 -0.0457287927990829
-0.0984476991267056 -0.0850284344331294 -0.430632279471689 0.315665304913418
-0.0827073185186741 0.0410732273619485 -0.0884839486966154 0.308867328066074
0.0102079451343571 0.0593727785894404 0.0196344227211563 0.130624247300359
0.0666240483035654 0.0366709072462344 -0.0175849196496618 0.0260235429870187
0.0781979084978421 0.0236572173583775 -0.0654163248110878 0.00497102231685007
0.0963209430818431 0.0323894214785425 -0.116755704303256 -0.0183675395779719
0.0502647889184343 0.0831945132998653 -0.108527746594093 -0.119910691287652
-0.0246908597665268 0.118730535762662 -0.0566944382202152 -0.293856599432268
-0.145096602644143 0.0641225871973132 0.167357698304671 -0.350680925639856
-0.141480350819532 -0.0618737728638326 0.403670959692503 -0.224381551427064
-0.0331630193876724 -0.100906140997484 0.396658866197467 0.0355174204209953
0.0168954516936949 -0.0559888076532329 0.113689290466393 -0.00761826394612041
0.0492001556941958 -0.00936971284493682 -0.0766397721976053 -0.151543270736134
0.102659626449662 -0.0913000878190142 -0.409840434811338 -0.358307259984668
-0.0530426951208787 -0.161134178482806 -0.595956382848607 0.00425899251558898
-0.153432811817026 -0.03813731750023 -0.381826986444121 0.316561543563684
-0.0685376223195466 0.0974058542704483 -0.0780313647403219 0.301401671939951
0.044912427453742 0.0827309250493364 0.031967272244787 0.138928551163276
0.0954432147345999 0.0439832195353391 0.0104037429256391 0.0308312765380013
0.0985016546083714 0.0217385457009484 -0.0269460680798807 0.00419035129311346
0.108947745026771 0.0270143999952017 -0.0798665758200821 -0.011528231013483
0.0505046789091014 0.0774534878421939 -0.0897981958298056 -0.0992452383314889
-0.0276270699781444 0.0992008299699439 -0.0654179355890615 -0.277459772617727
-0.122996283147417 0.0372448214091834 0.163765315315579 -0.361967097655278
-0.0972380469748774 -0.0530261588348142 0.440175491428872 -0.239819858875546
-0.0206282115458525 -0.0549531678651323 0.44105942992509 0.0825524204643969
-0.00602836563174332 -0.0334558568985163 0.108523794442293 0.042390769017416
0.0623765456717931 -0.0434119391232802 -0.102257341570738 -0.0974617546707764
0.0697613602298501 -0.145047802518902 -0.401723908987972 -0.25707320272568
-0.110812890288659 -0.15496479959983 -0.535977878296859 0.0511275947067001
-0.175002562051351 0.0158124828863122 -0.344687380079803 0.321994628575172
-0.0452279899838504 0.132746584667999 -0.0641671633439017 0.313860185400796
0.0686041857635075 0.0932039633513419 0.0599757097074632 0.157040620261532
0.108721463347578 0.0462407138517044 0.0532522249486263 0.0371609489939796
0.104795149854497 0.0152537483452008 0.0169532647397615 0.00301473021447724
0.107405251492464 0.0160010923612277 -0.044668794073519 -0.00759543187686026
0.0476761016612377 0.0540168373088256 -0.0771099167171186 -0.0919354392917568
-0.01344844784145 0.0600387525620637 -0.0659561459749748 -0.28371701240247
-0.0621749384350864 0.0181175491424983 0.193718357967645 -0.385540713666096
-0.0400195563225616 -0.00829038520702986 0.509838423996309 -0.227412908672007
-0.0252783958634242 0.0125775639177259 0.483486579270624 0.153222175680916
-0.0388373376300188 -0.00622873822584683 0.110386462616201 0.0878691754906171
0.053688095942787 -0.0535823558866171 -0.121855191272616 -0.0324906526426392
0.0329793349409923 -0.139667082559223 -0.37570312628677 -0.161507717725973
-0.122677237771987 -0.113888314625324 -0.484290117306516 0.0850402219995223
-0.147043694245035 0.0473160518429646 -0.316045822111594 0.335374464937889
-0.0220399932618162 0.129408838855927 -0.0412661710477236 0.33817034615296
0.0697891219408337 0.0835598969759026 0.0984067363793963 0.175684848518423
0.0992539445839003 0.0399932129766283 0.10276355179737 0.042054143178484
0.0945408408064651 0.00724236581799579 0.060837570527164 0.00111789218453138
0.0940756157441757 0.00406305405972316 -0.0144392255805689 -0.0089267016903901
0.0471498658043747 0.0272665606144712 -0.0645577801481156 -0.101774825335714
0.015920743343212 0.0298279933564853 -0.0447526486696956 -0.310452406120433
8.6761846880703E-05 0.0305491564353017 0.261621277220119 -0.396241080182673
-0.0138213508508799 0.0536709419510458 0.591190690554755 -0.168018566072389
-0.0527923161688533 0.0598601260030212 0.501205037649235 0.24404647422827
-0.0642657975290768 0.00748270458280146 0.119575543170705 0.121242045383578
0.0302812500300492 -0.0341727793737716 -0.128662098759939 0.0240430761185982
0.0148890176989851 -0.0825688136706786 -0.346466974245496 -0.0892191081594827
-0.0819174000038196 -0.0617253078275499 -0.448880477652725 0.115580587467223
-0.0855176296900895 0.0403762793579479 -0.295555661538522 0.35495423538022
-0.0110669970265483 0.0854683242048654 -0.0122294926557573 0.362563974303409
0.0478877963564187 0.0564690266565679 0.138153931881279 0.186790919133928
0.0697494707214083 0.0263474373448385 0.147732799172315 0.0458442332665535
0.0692042789687075 -0.000446223049102499 0.0967144199998411 -6.02996900268792E-05
0.0732739087809622 -0.00397018336087048 0.010305940488604 -0.014357237921537
0.0485890427851646 0.0104070521717815 -0.0450327573131176 -0.120518839312177
0.0422062135080336 0.0242780271372682 -8.67752107489473E-05 -0.334129800095651
0.0256048891805739 0.062160449610521 0.343488466416257 -0.373819169002111
-0.031916075365746 0.0875747139465725 0.646809679032448 -0.074333606487962
-0.0795829199034005 0.0554088097490923 0.488265413921226 0.326982395448231
-0.0640776744966359 0.000340114469749029 0.130353085047673 0.143848261510329
0.0293830962578791 0.0135825029502837 -0.106384433337883 -0.164867699733676
0.0924004440696078 -0.0225595637780739 -0.45427319016736 -0.447122419106808
0.0386951456019548 -0.125043939576146 -0.730534926759767 -0.0185048398095196
-0.0449599588106195 -0.124298320325378 -0.473120405926418 0.40607622184385
-0.104682158675742 -0.0301803585171622 -0.0381725803935488 0.394435228414591
-0.0721786554135225 0.0150230319577423 0.0744990827083017 0.143708936724911
-0.0462982523703542 0.0227476273738842 -0.00198270601630476 0.0205076553567308
-0.0350491270097585 0.0178652788453744 -0.0938965440830126 0.00707391425313999
-0.0263048174257705 0.010028379369505 -0.152614589288692 -0.0334036115356176
-0.0349548622277287 -0.00668061238593379 -0.137239002771322 -0.169932747416235
-0.0229269455352877 -0.0149119200495027 -0.0323112200079517 -0.353803822822995
-0.00095848024657963 -0.0149524902437852 0.231804750434207 -0.360699035596414
-0.0162475588343014 0.00538341690170826 0.422460507902161 -0.164576580328808
-0.0267239430973154 0.00886026847917766 0.351795577147115 0.0292825538172694
-0.0137909476321568 0.00775303777071459 0.151467206533907 -0.0805335433644503
0.000340586849966153 0.0355224477184533 -0.0902122399879179 -0.176847449339088
0.0859078213861757 0.0309072290166592 -0.427827159775088 -0.481739423880524
0.0595286268051975 -0.0979527735164075 -0.726422997625424 -0.0739393869758814
-0.0292351688048635 -0.126064384421347 -0.496076938348146 0.360572334600864
-0.0979825535195901 -0.0335701131678771 -0.0766248880312713 0.375919053537202
-0.0554100963931695 0.0181639161687322 0.0445291437405872 0.145488493554615
-0.0122670902180532 0.0222010013413899 -0.0200324590116665 0.0254574041702372
0.00527793434420033 0.0184019335922721 -0.101210997729447 0.00943628782186322
0.0223066430359251 0.0197130280410266 -0.161000096398785 -0.0264709916548096
0.00462019635670592 0.0333000254492228 -0.142896149427622 -0.158687790988572
-0.0173072756480889 0.0511503412519734 -0.0479503169196718 -0.344885420204442
-0.069149315741231 0.0344455199200236 0.206459564580474 -0.362074999183844
-0.0907044465767582 -0.0225944564924736 0.405591610578603 -0.189851754806257
-0.0385770535981688 -0.0590086412432067 0.351173132343298 0.00714898284210891
0.00942548186010204 -0.0332989006176969 0.139339958838649 -0.0821179665607973
-0.00466752936775169 0.0436768228046652 -0.0705789961261682 -0.18794725061729
0.0925275879842398 0.0406111506783231 -0.41449726109916 -0.484676922067939
0.0545746349880202 -0.0973558960039132 -0.7073453610276 -0.0790801973482149
-0.0446963712164662 -0.113543399870758 -0.479218040123697 0.336873274715997
-0.0893054555121845 -0.009807059970148 -0.087899451289692 0.345157293620213
-0.0257143372328182 0.0316330326715263 0.0249876934323203 0.138443966663321
0.027604929698885 0.0244605123195843 -0.0275482837174258 0.0267707881538514
0.0446329515412679 0.0189106116454237 -0.0910017086236965 0.00993680810399055
0.0652344105027905 0.0262818865955475 -0.146267569091475 -0.0193530144297041
0.0358826451242652 0.0653688616651116 -0.131408077326041 -0.139967801971956
-0.0166263719167986 0.100923688684594 -0.0569758357671 -0.322416302277981
-0.122004913666638 0.0668501547485474 0.18231671278422 -0.358175285337952
-0.14056528101971 -0.0440881786400202 0.397518752688736 -0.213641822238348
-0.0436029267922449 -0.100062140451592 0.367532632787812 0.00838078170732473
0.0198145179590206 -0.0584229523175287 0.125268597140779 -0.0549629636112338
0.0167172137471868 0.0270543555473835 -0.065460039199068 -0.183594127883504
0.107152069000565 -0.00912323119660546 -0.418511834836935 -0.446275066907702
0.0145887477402934 -0.129059969951437 -0.668600673362895 -0.0417497999896634
-0.09499086535738 -0.0853135722206214 -0.433160459733878 0.328449469570503
-0.0802618571579724 0.039112473986925 -0.0849592602867566 0.318550043304996
0.0112146468569996 0.0545438857363829 0.0209587279561836 0.134169239843428
0.0667061042761769 0.0311147153885771 -0.0175047597999625 0.0286513156778413
0.0771925417152726 0.0183072293309812 -0.0655421417327103 0.00830091320995921
0.0943075968608259 0.0270079930670061 -0.115766099260157 -0.013093103414189
0.0505590461803598 0.0805398847994486 -0.110362261758549 -0.118263594305981
-0.023025684160215 0.117121783546016 -0.0641185626106709 -0.294745729056171
-0.144070165669057 0.0648168289950175 0.16359773396852 -0.358029744046796
-0.142792793386226 -0.0589400894007356 0.409583110080451 -0.234937418083798
-0.0345217735014096 -0.0968637901276779 0.403063630181139 0.0319638660483665
0.0134754983298664 -0.0566631248150806 0.115178342508669 -0.00908744533828496
0.0447344016689752 -0.0092948255912624 -0.0801962792642943 -0.154839290465386
0.100611067182749 -0.0886481741440054 -0.422431787602529 -0.364832276432515
-0.0531121031711091 -0.158496197808026 -0.609462063555572 0.0110464608395891
-0.150176381485043 -0.0361801485702767 -0.382034375853559 0.327953249425143
-0.0652433504734248 0.0963655219086962 -0.0740322769906788 0.307526525937906
0.0471526847854154 0.0780592696615539 0.0337498274295946 0.139819961674903
0.0967365610322725 0.0382022721809228 0.00998286498499274 0.031295041319477
0.0979759067947194 0.0155112750399026 -0.0283279280532899 0.00555807562298652
0.106949373172579 0.0204279521869342 -0.0797645195179883 -0.00823024680223291
0.0512613166848592 0.073530903962144 -0.0918425960989669 -0.0991489896372197
-0.0257602219531854 0.0964574091146198 -0.0721498597145999 -0.279229695800039
-0.11975931576149 0.037619621221775 0.161067937488137 -0.370296647191017
-0.0958116974314979 -0.048019288105724 0.446493576474262 -0.249984923160241
-0.0218108400363852 -0.0485578620147782 0.451185717372391 0.0810408624467733
-0.0119397190379926 -0.0326338077463809 0.110824876941422 0.0437814977771224
0.0586404957868418 -0.0440434328969159 -0.105352786490594 -0.0987438263477495
0.0671960493868614 -0.143781842812991 -0.410096763506704 -0.260055738809767
-0.112953668420068 -0.152109365384923 -0.544970523972191 0.0588361610798202
-0.172806566645772 0.0191936641918478 -0.341530962820679 0.33287505712158
-0.041107352893089 0.133234855555149 -0.0584891657139615 0.318808262354712
0.071171811501919 0.0891221184858516 0.0621317476921899 0.15581856789935
0.110590599806705 0.0405451799782954 0.0532867813267004 0.0352219081588297
0.104494183088463 0.00913357909042354 0.0159421307657441 0.00113977915616126
0.10562443377818 0.00872134144028225 -0.0455593383522134 -0.00706037601135218
0.0480209461854225 0.0497987896184707 -0.0795507557769754 -0.094082517510196
-0.0108579968935499 0.0562599683336999 -0.0740259033533697 -0.288288836787801
-0.0565392714307051 0.018474391872079 0.192619921691291 -0.396044559082598
-0.0371489179172752 -0.00159308054969128 0.519818906157747 -0.23875058490957
-0.0266813775777388 0.0206885361698664 0.494609497137521 0.154777783533259
-0.045816080049226 -0.00503862796042318 0.115105294204977 0.090137311179681
0.0502993103643784 -0.0549558061086328 -0.123913143761886 -0.0313604796975155
0.0299753337787713 -0.139709489048822 -0.38265494421916 -0.161884143921868
-0.124810711749602 -0.111573025700443 -0.491790894068203 0.0936212619083719
-0.145319633622039 0.0510867207962539 -0.313374166478945 0.346821298413853
-0.0187790340569031 0.130677331692988 -0.0348753156183225 0.342022118237259
0.073117426129794 0.0808073550311908 0.101964343734002 0.17278961700261
0.101908347534203 0.035706357139154 0.103069850076366 0.0378109332539999
0.0944595122558178 0.0019785180407919 0.0591498259639527 -0.00298251406057869
0.0930707596207755 -0.00215932996385336 -0.01577051635359 -0.0106387565924715
0.0478965196991928 0.0220974617753426 -0.0677924440560728 -0.105842816132738
0.0195480041958592 0.0265378075003788 -0.0512228596813292 -0.317192984001889
0.0063238477663312 0.0320715138522149 0.264793597966346 -0.407530017412136
-0.0113512135582822 0.061627238018909 0.603669527681911 -0.176824199861823
-0.0555237808533397 0.06802236961547 0.513708373680633 0.248119515333679
-0.0713729212083825 0.00893360884548634 0.126153637403168 0.124850447291315
0.0279408024509296 -0.0354348878897127 -0.12887563561517 0.0263515052370072
0.012952400576321 -0.0824704588176851 -0.350879860233813 -0.0880947603291267
-0.0840574314244602 -0.0597924513115569 -0.452869834979843 0.123570919444848
-0.0839158284829698 0.0431232975951019 -0.293029813326995 0.36554792135692
-0.00828365399669721 0.0873989753006369 -0.00488265969396667 0.366568683137554
0.050592550670322 0.0545288439565099 0.141754562892738 0.183357863789599
0.0721080613506429 0.023496431502003 0.148522718020345 0.038572511168845
0.0699818194998323 -0.00399606572000499 0.0956703546190446 -0.00661825382646567
0.0730671065344224 -0.00890629485383503 0.00867974473974009 -0.0186732372253836
0.0505487579624747 0.00708176864276676 -0.048552001589028 -0.127117641125603
0.0457764504069586 0.0224791923786319 -0.00482243577654815 -0.343321404511126
0.030159110974519 0.0650496794807752 0.349835011111254 -0.385798728075709
-0.0318264022752681 0.0949286846057749 0.661461112783824 -0.0784378265511711
-0.0822357145605995 0.0610372168021213 0.498916147315122 0.3337552271008
-0.0699697568910332 0.000767909618544199 0.138728640289187 0.148308071438013
0.0291404126534707 0.00971698976232779 -0.125816495186203 -0.158896484800791
0.0810348122046498 -0.0292739101602869 -0.496995256627723 -0.421307012045222
0.0197418925001893 -0.123155575487131 -0.739740369268825 0.0417602673088259
-0.0644034408193073 -0.111718019486567 -0.439046932625119 0.455473595528921
-0.105828472009326 -0.0119578946577095 -0.000692951957904617 0.404078571806444
-0.0696846860952583 0.0240497676726526 0.0879808296168252 0.141491719862797
-0.0446455639646771 0.0303992701696643 0.00339806737034448 0.0209166407000397
-0.0346483095506173 0.0226663198478633 -0.0914736934127632 0.0192103933277311
-0.0267883050243379 0.0132878069906002 -0.157962502577062 -0.0154754113728953
-0.0357198563887891 -0.00264009349566499 -0.156170329868355 -0.162459800288032
-0.0214073043467535 -0.0116851800982396 -0.0668619037059316 -0.363594114389207
-0.000570181174709776 -0.0107884791157193 0.208484485268036 -0.3973715215755
-0.0158142999528805 0.0140946009439702 0.425593391916009 -0.210961525706393
-0.0285767220704571 0.0178467507873724 0.371741508169059 0.000428479612182702
-0.0107931290697466 0.0108024583451701 0.151594473214111 -0.0966664139847586
9.6016799076136E-05 0.0363369857934954 -0.109949708493082 -0.17528612246277
0.0788832932119813 0.0273233253713183 -0.475821091944495 -0.45819093855665
0.0447103447071377 -0.0955122479178027 -0.741577928193003 -0.0150771291086285
-0.045930626350841 -0.115282537053672 -0.465221332868484 0.411435633098299
-0.0981265661457957 -0.0174560881947653 -0.0405392599472105 0.388820604780254
-0.0527087534728989 0.0231340030322302 0.0565270464658587 0.147047072251647
-0.0111307955390555 0.0227636248488076 -0.016716663408045 0.0295883273819067
0.00446873248781821 0.0175188909685804 -0.0994788931889066 0.0235584727663479
0.0224110841611753 0.015886689015546 -0.16579089165244 -0.00811427889767326
0.00869110671728061 0.0325859722236589 -0.162292513150652 -0.150889310110357
-0.00824069463225694 0.0531685103469427 -0.0833279388517845 -0.353374153061684
-0.0622059155741092 0.0470863825832053 0.183551002763109 -0.399043311429057
-0.0941698561254516 -0.00564855394673491 0.410384586956442 -0.235384900402978
-0.0473751283986343 -0.049699258688 0.367768457329467 -0.0185308027807623
0.00874861340361133 -0.034426205712546 0.135411261974172 -0.0960336424437002
-0.00647066918676318 0.0454871678830281 -0.0911621079567105 -0.189646918753389
0.0853450042207619 0.0388727554529731 -0.465632698501913 -0.463756081527039
0.0405917188051094 -0.0916861012108533 -0.724218290238805 -0.0206616003246622
-0.0570542641640932 -0.100317316518574 -0.449810369354137 0.383908600562291
-0.085471870597324 0.00283153536038223 -0.0574892269131625 0.359104573502528
-0.022013175153401 0.0315844434495369 0.0357703274772421 0.141367918561602
0.0289057891468106 0.0181862338506527 -0.0258985550423297 0.0343499693619782
0.0437765558596196 0.0123657550924985 -0.0894452192330704 0.0235721878907822
0.0657835590050376 0.0159880327120173 -0.14989732586897 -0.00167158231851171
0.0439126541983434 0.060307668637686 -0.149443538302276 -0.13375836098989
-0.00197156345001009 0.101509466971262 -0.0922609828622848 -0.329550922188814
-0.110880609143752 0.0856864379426264 0.160834431030867 -0.395688800666664
-0.144894061959218 -0.0217143042216166 0.403310175393028 -0.258808698155965
-0.0571063325238312 -0.0899750800343205 0.38522630715439 -0.0162846235868589
0.0149615663420944 -0.0606422364353754 0.122416800541045 -0.0651978119598315
0.0115090723897548 0.0266011770407686 -0.0838203106993587 -0.184603669123246
0.0940647062450908 -0.0113875464277391 -0.464100418587053 -0.422384526785406
-0.00277775895843142 -0.117842734006915 -0.67720612643296 0.0144970086348713
-0.101947079338384 -0.0657678583784984 -0.40495563456825 0.367449612868853
-0.0709804062994558 0.0496254420263452 -0.0578841007450244 0.329395439104622
0.0178841413062072 0.0501054656848789 0.0293035209593553 0.136529058109011
0.0698996315939035 0.0185712809763902 -0.0195529345234149 0.0349323176585506
0.0759644053705415 0.00793109616930093 -0.0640831180198854 0.0183115598454849
0.0935898876888549 0.0125860832905604 -0.118718286240048 0.00113194102928344
0.0595648236364127 0.0734455139500244 -0.125871779188573 -0.112829957456992
-0.00646109508424718 0.117237925808476 -0.0979015248680278 -0.30121020607832
-0.131428001539142 0.0859800100464591 0.141357466050856 -0.394562719707648
-0.14629389265111 -0.0341788052307487 0.413971071406397 -0.28478642460442
-0.0474459518945506 -0.0855068585526798 0.425198564271236 0.00557712419617656
0.00503616117304974 -0.0574828876163663 0.115994917410135 -0.0150345770306716
0.0353358912003426 -0.0129581680485154 -0.0929204585243331 -0.150977788461375
0.0795838522782796 -0.0906247738081275 -0.454745271157062 -0.337100304202217
-0.0736858931742418 -0.140454227230645 -0.60727593778071 0.0597629067704707
-0.1514374236631 -0.00881484334640265 -0.352262956108613 0.356753430607732
-0.0484172749348856 0.105576168790755 -0.0508080492593533 0.316049410924728
0.05750214534152 0.0700287048420292 0.0414968599695633 0.140858901678834
0.102392785631782 0.0209472158532412 0.00618262280391981 0.0346393898235982
0.0966567887586232 0.00215374615755071 -0.0274512513186663 0.0104558607447943
0.105121069307 0.00341799023185531 -0.0822674350571078 0.00127123782321825
0.0597761234448481 0.0645484294170992 -0.106230806184467 -0.0960734802882701
-0.0105087023637897 0.095126214406965 -0.105930842085287 -0.28463343223609
-0.107463751096577 0.0550563952949725 0.136941150846597 -0.407103110383714
-0.0961453025394874 -0.0263017230521377 0.452101248187663 -0.302714438667342
-0.0310970548306823 -0.0339497104067983 0.482115438059128 0.052129858086463
-0.021420710270754 -0.0298965139352674 0.119580565430102 0.0401420492161476
0.0463167678797224 -0.0492180303260208 -0.11186933388872 -0.0902076825258755
0.0414805179640011 -0.143028741623197 -0.430779777099643 -0.231339741926814
-0.133211486398546 -0.128172308830915 -0.535441398925165 0.098679215757514
-0.167138100322601 0.0503881589199976 -0.313019415361712 0.35436414084403
-0.0198597124440597 0.141741044012064 -0.0366191659748395 0.326817774658293
0.0840532189379923 0.0795318045804815 0.0706678780837267 0.154021199861964
0.117452599981211 0.0220729103719814 0.0481812727723528 0.0321856922193753
0.103126419929431 -0.00447456092969447 0.0156788543003146 0.000301686024193752
0.10290518330253 -0.00826261224802534 -0.0481148966949352 -0.00269778969592736
0.0537085556716024 0.0395673902249531 -0.0943274435572927 -0.0933028686465635
0.00132502518108521 0.0521319916367608 -0.107941685054236 -0.295310016523008
-0.0437892499658763 0.0293817158201732 0.168554221484158 -0.437686627283016
-0.0314492290150666 0.0187783403263683 0.528954086736526 -0.29913656744423
-0.0326253783061955 0.0400128889670444 0.537650013517607 0.123227383511392
-0.0570658127596196 0.0028288950943899 0.131811724906139 0.0895137960218818
0.0383848467683682 -0.0586697736854823 -0.123862431510548 -0.0196695812416808
0.00669686562256865 -0.135119300205044 -0.394927742103663 -0.13432527793209
-0.140829352159922 -0.0861293723590737 -0.479007478945322 0.12911710794392
-0.136295609541806 0.0795011027401571 -0.285484444969529 0.36538386160274
0.00253086279382899 0.137442038107107 -0.0102620815820946 0.349174876432394
0.0857063095481592 0.0714695423664016 0.111549696789938 0.167147825039103
0.108985607015474 0.0193767280110926 0.0987881087190286 0.0287508153892617
0.0930382519847423 -0.0104049492361368 0.0583496784879149 -0.0107281845133787
0.0903832126072478 -0.0180984467627115 -0.0190916665987629 -0.0117016426297741
0.0516400270446611 0.012625715430017 -0.0835670951557789 -0.108686487943299
0.0297447389048058 0.0204187159720084 -0.0857165568371541 -0.329365934629518
0.0209643195167051 0.0397956213159849 0.24297655453785 -0.456518384932234
-0.00155671166657426 0.0824290223071526 0.621760034919571 -0.241156460740275
-0.0602298661582462 0.0905969743905896 0.568908693898551 0.219471662572376
-0.0830760117856935 0.0188916424499908 0.148741441411379 0.126087103058647
0.0201266080607982 -0.0365302310016072 -0.126472883398252 0.0395838447563562
-0.00186279156593145 -0.0773971709319177 -0.357889103798405 -0.0627136195377708
-0.0926391058494444 -0.0407505027286806 -0.443407334480058 0.156482740308886
-0.0763557159309103 0.0634575402711408 -0.262637479665017 0.386756049678854
0.00785263252837815 0.0940713708640379 0.0249479316001124 0.370832477262482
0.0608531874555012 0.0481430944581819 0.154593926992551 0.17330013439346
0.0782321325781688 0.0120660178110056 0.146722176008458 0.022598297092083
0.0683986288492595 -0.0132247511346992 0.0943726958278008 -0.0191348098450895
0.0710607790073544 -0.0204457734411061 0.00479926757977982 -0.0236112772779349
0.0531330023103427 -0.000783442391999003 -0.0645328931047999 -0.134019578245829
0.0552872941687028 0.0165367950996282 -0.0377142812416659 -0.361902235543722
0.0451888741102697 0.0732844159151904 0.336588953829382 -0.441479539690396
-0.0240583034871776 0.117847643506043 0.693119950570748 -0.143619601798277
-0.0914705256698498 0.0817721685210872 0.564076363610622 0.313747655151786
-0.0806512476997462 0.00919549119062003 0.164817815514777 0.149204832434874
0.0322904630870566 0.00716025193356494 -0.141276140719958 -0.154188288047638
0.0832630063398453 -0.0352819269185807 -0.53191649320945 -0.40114344199758
0.013102599002072 -0.128138918713795 -0.75428712090868 0.0829355665672378
-0.0737364616103154 -0.112840772890772 -0.419608945799856 0.492483894505436
-0.109069197176414 -0.0040497814248302 0.0254890497382595 0.414357927497622
-0.0705102248942832 0.0295182717065601 0.0994322851152304 0.143401228065679
-0.0441554185951439 0.0346201564083863 0.00791125522536457 0.0244332806386947
-0.0347195896743997 0.0265833058590339 -0.0865567317498633 0.0285493060360915
-0.027275235719114 0.015650465339267 -0.155666185228193 -0.00158953581708557
-0.0374368957728015 0.00122736156723216 -0.165917344373375 -0.150951788925285
-0.0236932018898612 -0.0103794003351819 -0.0918692839116584 -0.360544336945074
-0.00393672546050988 -0.012983194697027 0.185243627549327 -0.412512105185077
-0.0159670769916154 0.0150298463601231 0.417893893861191 -0.239093217175281
-0.0251834333419327 0.0199277853422713 0.374768401990711 -0.0227508728223508
-0.00710736081842295 0.0109196350432105 0.145304182670206 -0.109719016242769
0.000283943195006084 0.0375041783802704 -0.127511134614591 -0.172391237673626
0.0821066603980099 0.0260221817845109 -0.511457885941294 -0.440963992356903
0.0430944433428987 -0.0979565081146102 -0.759535648399226 0.0255267530967936
-0.0509959762267241 -0.117675402604574 -0.451003522573564 0.449505618625697
-0.100373566966871 -0.0136627359557258 -0.0158291239312526 0.401274701697907
-0.0534136989077821 0.0252842273532427 0.0680688813889215 0.151097583357297
-0.0119864596962618 0.0231880502854218 -0.0118640475706967 0.0347925180675447
0.00359630557115014 0.017480942096893 -0.0941330996777325 0.0328179745680939
0.0209530160713421 0.0138803269360399 -0.163445517491105 0.00780602611732166
0.0102012158845415 0.0324447260960177 -0.171441212753531 -0.139299465285089
-0.00608410802722576 0.0532482718228375 -0.107450153300272 -0.348654742401561
-0.0623978554016491 0.049818903518854 0.160574683666599 -0.412651622398489
-0.0952145719577246 0.000424083935780799 0.400003387397942 -0.265733566064337
-0.0482756718970412 -0.0472473554442977 0.369095070553578 -0.0410023675924064
0.0069129959583245 -0.0354935338496742 0.129316819668449 -0.107573925276455
-0.0080547894251535 0.0481524493668426 -0.107570227989968 -0.188049020888373
0.0889537309915045 0.0393061081952952 -0.501407684835607 -0.449814408659182
0.0397999767295064 -0.0910991711908226 -0.740608354977967 0.0189897138249355
-0.0576324353785302 -0.100669255514107 -0.435165399747023 0.418702597249911
-0.0849248906153231 0.00448762530314994 -0.0340821611982426 0.370285576544201
-0.0215019297223246 0.0297534660013053 0.0460316479510453 0.145124362387751
0.0274605434600718 0.0134221071356402 -0.0219988166543727 0.0390033239800546
0.0418183510263876 0.00793020837467828 -0.0857122087773524 0.0320114133576301
0.0626401103340979 0.0104000945552851 -0.147534919165627 0.0125318620984661
0.0462102681183118 0.0573722617951309 -0.157087447424635 -0.122929422303075
0.00344042723997645 0.100948362003171 -0.114565790061632 -0.323717174707706
-0.106934100047967 0.0910941178815845 0.136660150510357 -0.408299302742868
-0.146748040204739 -0.0119650296066677 0.391847782189398 -0.28885728164888
-0.0601928303229441 -0.0859641623670253 0.387857647049326 -0.0399426582869016
0.00955784557222806 -0.0622152688269531 0.118144807065957 -0.0745188141111424
0.00805536692158106 0.0281526317950239 -0.0978253106032391 -0.184676827571302
0.0946039394077637 -0.0110629689182789 -0.496330589008319 -0.405577336134758
-0.00524619502805852 -0.114608839126165 -0.689647525453186 0.0527402693413621
-0.100484260765625 -0.0622145830471845 -0.387425258278024 0.397827506846423
-0.0662637186535144 0.0508377749968566 -0.0356533405486396 0.338490791857129
0.0202635258343072 0.0445707952838596 0.0386362834076239 0.138472477502705
0.0685423192102579 0.0096078238507987 -0.0162762345043557 0.0381509427488826
0.0735045537617631 0.000355628142713733 -0.0621114779999074 0.0249280620709059
0.090809248229161 0.00395604941948242 -0.116437473344868 0.0125552978971665
0.0627368545097408 0.068058146872919 -0.132923930556126 -0.104617042533561
0.000888649970796613 0.115229480886224 -0.119539419114345 -0.295706352875423
-0.125588935778438 0.0919885355174929 0.11741649443227 -0.407211213065846
-0.147284403789422 -0.02386483235772 0.40079508332174 -0.314919635443003
-0.0506208565039249 -0.0798596040010889 0.431346928458557 -0.0186114959400789
-0.0022574007313695 -0.0569297163472331 0.116412037476197 -0.0224922785709
0.0300398387807406 -0.0136295994739755 -0.105164995329182 -0.149745691332579
0.0751437207271957 -0.0917177487966668 -0.484298088116622 -0.31804583701603
-0.0792938238257364 -0.133241292819376 -0.614999623479387 0.0961189848494489
-0.147778083642743 -0.00127298197345413 -0.33279957020906 0.383255659383116
-0.0395957935897927 0.106049057289848 -0.0293031311803019 0.322890118511446
0.0618808243122472 0.0623561430548991 0.0496077049652046 0.139806740512337
0.102293799366479 0.0100931974626698 0.00775947078693991 0.0346790524531334
0.0937792754063387 -0.00739222037922762 -0.0271037164632845 0.0133548383445583
0.10206905973971 -0.00691746917504828 -0.0815123867819954 0.00844364868555977
0.0615503802390687 0.057907759154286 -0.113132655333025 -0.0899215010965344
-0.00462069942267667 0.0921143707512092 -0.127405198253236 -0.279230787486287
-0.101030423633667 0.0589996783840337 0.113057352277533 -0.422929275676429
-0.0934260337714328 -0.016992048103826 0.43962955465588 -0.338490364716639
-0.0313925436452287 -0.0266531686153828 0.493050040417217 0.0258357124447564
-0.0300346734028156 -0.0261631023387411 0.124702769989505 0.0339904734298458
0.0392023210198927 -0.051430553122759 -0.119005571096922 -0.0856181496733539
0.0329540068957857 -0.143263850919957 -0.452045495848729 -0.210540648589044
-0.139984650441389 -0.118155296106433 -0.536809646286513 0.132748938096959
-0.161009269337499 0.0602182703403316 -0.291601785683208 0.377470073241699
-0.00815424103424307 0.141797374152664 -0.0144902868310578 0.330337601928393
0.0896856161817759 0.0707660862609231 0.0797917588907509 0.149699170009432
0.118745211185904 0.0105729983298332 0.0488290438135142 0.0277387029461813
0.100791798637825 -0.0149981244178355 0.0140960879897149 -0.00183049406382054
0.0988048506669574 -0.0190456703875595 -0.0492850040603146 0.000534527158596742
0.0544866132893491 0.0321494489941131 -0.102342653720247 -0.0890848842305771
0.00572632320517951 0.0472664141800567 -0.130204836863446 -0.292423314681738
-0.0362250864654281 0.0306286309746057 0.143492418750638 -0.457290608896225
-0.0248982794629827 0.0272158884322754 0.521246360941502 -0.336628138966967
-0.0295607031056316 0.0491502015036134 0.555112281657388 0.0972558701154916
-0.064830539091065 0.00912622591766519 0.141730961237097 0.0840096579642455
0.031823492805905 -0.0615115879196549 -0.126796692773818 -0.0116789511155574
-0.00149955848998676 -0.134023184836483 -0.408355321646165 -0.113764447072101
-0.146347099190136 -0.0764365833059222 -0.477174608525271 0.160342578956618
-0.129923559897183 0.0890652866725425 -0.2606132871241 0.38628939952564
0.0138214616793671 0.13739110086974 0.0140065782255346 0.351251750821452
0.0913992573138228 0.0640825152879778 0.121320157134603 0.15903188716121
0.110954632390189 0.00898267478286137 0.0994761925552441 0.0185893286162607
0.0910531245610423 -0.0195937836187438 0.0553859085980669 -0.0167768237686699
0.086513145669521 -0.0280874034132881 -0.0222082764264312 -0.011932341373989
0.0524440358332879 0.00529641006083007 -0.0940720710541493 -0.108057385096918
0.0336524448916515 0.0140331779206524 -0.110242225424701 -0.331019351308492
0.0302451719996481 0.0386322318362113 0.221190016084725 -0.482416423795105
0.00770325593698509 0.0912250486565176 0.621291579800314 -0.284050694341952
-0.0565495012612684 0.101260911192385 0.592100592478564 0.194917569785623
-0.0902144619046138 0.0267631916776288 0.163968233581485 0.1201222394012
0.0151620105986119 -0.0376111946410332 -0.123520064364893 0.0491908123665351
-0.007142229314418 -0.0759047007786413 -0.365964129228883 -0.0421608915524796
-0.0964622856641357 -0.0333074805115456 -0.437508594182131 0.18610896810309
-0.0709822558910014 0.0691338197761058 -0.237555633166862 0.406931606258195
0.0158285054218237 0.0951489047852247 0.0504095894213664 0.370744146999819
0.0647033295604062 0.0433667438317702 0.164652424945646 0.161989603812225
0.0800554815760093 0.00458388555822709 0.146219041966148 0.00836270052698784
0.067182031041245 -0.019821348499518 0.0906914174010662 -0.0291228441043198
0.0690798627757288 -0.02848177787402 -9.28541073989976E-05 -0.027877143037744
0.0542721454101256 -0.00750856387867629 -0.0769537626751571 -0.136487441992448
0.060640081797225 0.0114582928919892 -0.0624225840830377 -0.368597186884586
0.0540759916591531 0.0730993572722067 0.319503827978414 -0.472149086389345
-0.0156445709664368 0.127704394631274 0.699727322486735 -0.186788336697813
-0.0885231534424213 0.091418602622311 0.591832500492017 0.292664898595147
-0.0861158195599719 0.0152898106025807 0.18281643366767 0.143684021603624
0.0343077295708816 0.00278457691724097 -0.154771136677816 -0.142520423844824
0.0821016359428118 -0.0415849924951103 -0.551126584433377 -0.366599082829069
0.00612080694244305 -0.129185712960259 -0.74550214175537 0.12551554997754
-0.0815159925275711 -0.109800530121607 -0.385331098608776 0.516438188253518
-0.108213565567071 0.0051056698193968 0.0550108883008493 0.41062432439267
-0.0677001157188434 0.035563308339284 0.109309090008055 0.140664880817267
-0.0409724909497479 0.0383396447061057 0.0124114737865668 0.0263180968863349
-0.0330492527005583 0.0306769065945413 -0.0780521469257196 0.0359527311523132
-0.0273824981011981 0.0181340406988618 -0.14853547184633 0.0135111543336032
-0.0375803207918858 0.00435437555928731 -0.170943778656754 -0.13431218185102
-0.0250153966654861 -0.00864679849271982 -0.115114972716501 -0.345369939941878
-0.00708817772024817 -0.0138808395057405 0.153939877961426 -0.414562181633857
-0.0157766915139049 0.0155507018406123 0.394217772725131 -0.263335414248978
-0.020710669818529 0.0197769711347044 0.363799889153056 -0.0454861701149002
-0.0032800263545285 0.00955787175680406 0.133373611496024 -0.121228648572452
0.00124955067190529 0.0375499434062101 -0.140820032240458 -0.16246638250108
0.0843419607931698 0.021986779531487 -0.535704540648892 -0.406796166692392
0.0389529243753834 -0.0975358719094676 -0.753161414856549 0.0683567627213978
-0.0554656419616071 -0.115678431824277 -0.417630977448215 0.474107636869006
-0.0992608627211777 -0.00805744818376399 0.0124614982290987 0.400046141861698
-0.0522155774056248 0.0272189448500538 0.0792810498823985 0.149929829846171
-0.01284068446537 0.0221533598873754 -0.00645425757456447 0.0384082011108588
0.00238103417296929 0.016651531336686 -0.0866941401219668 0.0415709595120982
0.0189767165451526 0.012444577369418 -0.154127760573998 0.0228413508809675
0.010559145259384 0.0311492864224113 -0.174938665973917 -0.12264914008085
-0.00317142217320172 0.0520248440649248 -0.130205528372647 -0.331896946093332
-0.0598796442835528 0.0518234948015224 0.129968704244452 -0.414956535284802
-0.0944136499656932 0.00682789447772825 0.374325249564631 -0.286260076710933
-0.0480526471247116 -0.0434280811911826 0.358038504276213 -0.0641331263477635
0.00547582256575707 -0.0358170536207902 0.117868527610766 -0.116744962757276
-0.00890445211564938 0.0497827216018741 -0.121366550469369 -0.180057030724925
0.0906215773581174 0.0384012332900146 -0.5268778495163 -0.416575589971792
0.0379638456139425 -0.0883379513344351 -0.734298392931398 0.0629785687548078
-0.0578920487301168 -0.0986821325284984 -0.403278042330399 0.442686676164781
-0.0818543119125482 0.00634734033498559 -0.00646711350199715 0.369554652817417
-0.02078685051032 0.0269139277405041 0.0564797524175587 0.143838317203862
0.0246547669979883 0.00824810374528578 -0.0166825853388557 0.0420990050756609
0.0386443460123162 0.00404070078346517 -0.0789745037379068 0.0396869748789518
0.0590255980850308 0.00463169224045442 -0.138983056359719 0.0260477755281312
0.0475047858805821 0.0523391072112693 -0.15997328577932 -0.10809694802863
0.00935578683880504 0.0971158945873403 -0.135664970367455 -0.306970154014878
-0.0995213883475875 0.0953241005367915 0.107447451315384 -0.409468934737603
-0.1438120531178 -0.00145409734718274 0.365088066078531 -0.312394136311052
-0.0624128100995468 -0.0797744809408349 0.377421663845218 -0.0633274488874495
0.00320063956388144 -0.0609949029723146 0.109359616805328 -0.082663088165909
0.00490168289545569 0.0290814572913217 -0.1108252352284 -0.177269918711172
0.0931906540104265 -0.0109826573287941 -0.517778651754814 -0.375066186874347
-0.00722974965185873 -0.107486080896883 -0.680084825037148 0.0939963965225531
-0.096633994525839 -0.0574395419464097 -0.354744932628778 0.418629351782354
-0.0593450694861759 0.0492804277824755 -0.0101328997026059 0.336491728676105
0.0213449916579729 0.037816640432506 0.0477338537066371 0.1355067031497
0.0647587135783435 0.000805196822666504 -0.0128034957044998 0.0394411752115552
0.0685486782614212 -0.00704352258845437 -0.0578105779731442 0.0303701476585467
0.0847360626774326 -0.00439418191524552 -0.109462140622818 0.0229552203793525
0.0639515235091522 0.060402473995577 -0.135967401722384 -0.0924234253548393
0.00729771049993706 0.110188485768356 -0.138275188964035 -0.278648258903309
-0.115953249064651 0.097002575379769 0.0879924628967113 -0.407690626151776
-0.142587334360767 -0.0123942118660661 0.372181833196836 -0.338731994560378
-0.052314327498448 -0.07222531596084 0.423364944412279 -0.0439642694744701
-0.00991615045156437 -0.0538809718087334 0.112147428012976 -0.030451035262026
0.0237840024907796 -0.0139411448018744 -0.11468794218311 -0.142436177200189
0.0690448264383716 -0.0894393199548738 -0.500103161546187 -0.286665668789764
-0.082041999818148 -0.121650485552557 -0.600918316388392 0.133746208018462
-0.139601003353257 0.00646325624623933 -0.299308815266098 0.398972622568987
-0.0291923162604475 0.102352931546322 -0.00539903606919981 0.318118854662562
0.0639102008663492 0.0526709921427322 0.0578446940654677 0.133579507383634
0.0983315318155782 -0.00198063602156171 0.00936687395130303 0.0326719277183459
0.0880877551525644 -0.0168218500080849 -0.0259247107580622 0.015187294036972
0.0945079443696135 -0.0164843697074852 -0.0767075213583173 0.0159568573830544
0.0613605214813102 0.0491890706184046 -0.11712335942151 -0.0804985307695591
0.000651187057167168 0.085585501364247 -0.145373541298033 -0.263964825805231
-0.0918731071729554 0.0617439007041895 0.0816453094832043 -0.424257705630307
-0.0871238852155666 -0.00732722393865476 0.411095298099894 -0.365989761395898
-0.0305857956726221 -0.0191544746162521 0.489204231027838 -0.00352936896042654
-0.0373985562098834 -0.0204093859405221 0.12658191158401 0.0262447021215396
0.0305758402637934 -0.0524747091031331 -0.123019934454399 -0.077330112349811
0.0237153623603983 -0.139743036462305 -0.460892941452908 -0.180610951092868
-0.142624643204862 -0.103320780400089 -0.518548053024456 0.165246499023919
-0.150399102412364 0.0690349631372828 -0.258474167701875 0.387362699335119
0.00439749544224858 0.137125274046446 0.00969762493110708 0.323617367035663
0.0924659144030779 0.0597967219985726 0.0869898020810334 0.139889814918362
0.115398407614743 -0.00203600258526454 0.0475885758846566 0.0218893653767647
0.0946962902710971 -0.0246629623526776 0.0118600810157066 -0.0034563049411663
0.0904233044388039 -0.0293420714972205 -0.0475273854794664 0.00436987468796834
0.0531810620233266 0.0232567337468243 -0.107946976420274 -0.0824467961795596
0.00912673088007402 0.0401878073202009 -0.150422432159498 -0.278809945608421
-0.0278957904240776 0.0299053961446089 0.110924653724537 -0.462770177983349
-0.0158713161816441 0.033789723642981 0.493730693500678 -0.370190890461918
-0.0247217318676253 0.0567137495820213 0.555489661457513 0.0649247342476363
-0.0707531711926059 0.0171005372124354 0.148074190216906 0.0744954059357154
0.0227421870650514 -0.0626287766654042 -0.124513317965015 -0.00262952169694667
-0.0101358197901042 -0.129808151930056 -0.409292642414653 -0.0862400718884571
-0.147225378146602 -0.062329647457863 -0.455831317022068 0.189615081446986
-0.118607637107254 0.0962551964474988 -0.228210819601096 0.394531622962977
0.0257620949727358 0.133170278816867 0.0380202776083901 0.341067224179446
0.0941727118487023 0.0540567757134228 0.127911395993993 0.146236865744953
0.108845252685042 -0.00273640526273596 0.0952637802589188 0.00788653245793611
0.0857400996126872 -0.0283127559679833 0.0501367879758999 -0.0227523626814355
0.0792038201482342 -0.0365421845545121 -0.0242180489070835 -0.0118404598372592
0.0495163174340537 -0.00301224481125167 -0.102674231558296 -0.10275721666472
0.0363182888000034 0.00649077800034395 -0.132844123001079 -0.321019740347635
0.0384713925663521 0.0358152329949757 0.189699346843146 -0.495008920772397
0.0183950897383747 0.0965688225039346 0.599043769396263 -0.322362059920704
-0.0495792428461294 0.109313389114437 0.600428682961573 0.160021266684031
-0.0941326205760888 0.0353701618406132 0.173906255422492 0.108673757560304
0.0095192101170224 -0.0382907696200667 -0.115802060564522 0.057329376268663
-0.0115546909939712 -0.0727706529270199 -0.361495474024964 -0.0187654826487632
-0.0962963922248437 -0.0236589637813597 -0.416410928244637 0.211243830797045
-0.0629665371593278 0.07446878443821 -0.202821407911313 0.411284786726002
0.0249322535935796 0.093153256264153 0.0754487937987642 0.357440807469891
0.0675227867820281 0.0368975810799234 0.170193891843078 0.145248730731527
0.0793849324476322 -0.0037481973325554 0.139478753268633 -0.00634822645920372
0.0636688548888421 -0.0254662615517308 0.0833562400499652 -0.0389432340262102
0.0640735865301503 -0.0354910678188752 -0.00531226119395919 -0.0300042716762209
0.0535843667634698 -0.014167496042602 -0.0891111075273123 -0.133822862172948
0.0630500129617288 0.00490175295399568 -0.0874195204210022 -0.363573284117026
0.0626653272769019 0.0704433932772417 0.28853271754858 -0.490119760429683
-0.00529418556863315 0.133160422189132 0.684578697941285 -0.228648122156674
-0.0827063322997213 0.0991541940172253 0.604529728834811 0.25765053949536
-0.0893464935953808 0.0226425882386226 0.195528667891647 0.130211211290828
0.0347214117902803 -0.000882784786131952 -0.160828634675228 -0.130246417127358
0.0804596884012292 -0.045882232089661 -0.550688381038723 -0.337093654912631
0.000614578254737354 -0.126858009243314 -0.722442138022589 0.149366579790413
-0.0857486438958444 -0.104935318631605 -0.351323893264021 0.518402466334889
-0.104216615863435 0.0104583966154698 0.0722775853914361 0.398006740702718
-0.0643932229760483 0.0393191019036358 0.116146657176373 0.13602300152525
-0.0384143683636851 0.0403634774403265 0.016518125051486 0.0272191829050303
-0.0304498957908398 0.0327704605495318 -0.0690178494792527 0.0399879478525126
-0.0264690190346293 0.019628479090279 -0.137120232797271 0.0233944490790612
-0.0366256250865272 0.00645048146759574 -0.168648720339426 -0.119264021522555
-0.0255510772385376 -0.00669832780957333 -0.126405062167325 -0.32351662378247
-0.0107800268089363 -0.0136674799863901 0.129518996967094 -0.4060500540272
-0.0149651611322928 0.0154436746607749 0.365975437888809 -0.272445375167804
-0.0167013147558699 0.0184569489015578 0.346586076949195 -0.0594539220648931
-0.000332943403666213 0.00818335678437341 0.11991897652191 -0.126584228995874
0.0011195804557859 0.0354421419792932 -0.148235852845367 -0.151104864317368
0.0841248579265634 0.0197443706244467 -0.536773887016525 -0.37663236247636
0.0363677139988003 -0.0950585540720811 -0.733110590235721 0.0951456652680245
-0.0565845654781644 -0.112441854399733 -0.386558726649533 0.478717809163619
-0.0954360146852785 -0.0050889526178558 0.0317835690704292 0.388859750748704
-0.0505244572590991 0.0277542933574932 0.0863329788848239 0.14590152180128
-0.0133429911195632 0.021005945414469 -0.00101461566599474 0.0401529326468653
0.00130605858898009 0.0166914341568991 -0.0770600441423939 0.0457044639180856
0.0164619341579779 0.0115510871132209 -0.142030476413024 0.0328444146091935
0.0102361146418233 0.0299208651390867 -0.171608507942071 -0.1075081241334
-0.00159981676247706 0.049542921474671 -0.140791931980207 -0.310647842136791
-0.0571595721445395 0.052017941289996 0.106648278903863 -0.404637628593432
-0.0901547450228238 0.0108070932752523 0.347345719099352 -0.295314584057012
-0.0460841589808516 -0.0409591379857695 0.34048096680646 -0.0758565992415951
0.00381417732253603 -0.0354192907508024 0.104603527224376 -0.120519412680386
-0.0104101711161495 0.0492499350905632 -0.129086832819662 -0.169653064063057
0.089801638989164 0.0376892544723967 -0.528108742620226 -0.38478885164402
0.0375727459555477 -0.0834388296423988 -0.714794254213038 0.0883682006604635
-0.0551284404103588 -0.0955972869142007 -0.373820713335421 0.445290606915345
-0.0763224251501447 0.00583384173411512 0.0123094375381536 0.358541636162178
-0.020719338887373 0.0239297681113912 0.0623530200010445 0.139527075993256
0.0210521130708478 0.00428986699776005 -0.0119326296699461 0.0433227329892259
0.0343811603707733 0.000944507869526715 -0.0710933181247302 0.0433156765895878
0.0533690891838775 0.000908271428868603 -0.126647969245262 0.0346453221093932
0.0462713740596483 0.0475733284254756 -0.156821952457522 -0.0946503725019674
0.012577524794076 0.0913995142407005 -0.144414559838071 -0.286169355841217
-0.0922023199244521 0.0954212879010858 0.08528352297251 -0.39883223835472
-0.137060000797494 0.00537006192123547 0.335565069242305 -0.319356110446711
-0.0613059323406295 -0.0736220580502569 0.360696440368474 -0.075771945739783
-0.000939502981122727 -0.0582446641279625 0.0993217284411428 -0.0864728589242458
0.00109278408361278 0.029726001070919 -0.118032952615216 -0.168057864597989
0.0905329240594674 -0.00958787599305122 -0.518890799479794 -0.34420015787256
-0.00605202882620236 -0.0986703903970309 -0.658133188874627 0.117474627384403
-0.0897001290663234 -0.0542261219820717 -0.324927640524422 0.420464792065271
-0.052579797567721 0.0454883821729461 0.00687138175877686 0.325123804072804
0.0201012953046971 0.0309624161439437 0.0529393825015263 0.129836499048361
0.0583825412490593 -0.00624182466316738 -0.00910498504182233 0.0396192253083814
0.0617294740712248 -0.0125574154927342 -0.0525921262654092 0.0324737313163009
0.076849895550769 -0.00992293085457398 -0.099654966902402 0.0302392281989729
0.062032074270932 0.0535814441703783 -0.133794069155171 -0.0814579613635367
0.0109144385448827 0.102476808306266 -0.146726767010984 -0.258524062335634
-0.106661237807651 0.0956161994670456 0.0661965978509047 -0.396772579118664
-0.13402148979117 -0.00449884136248806 0.343252622024083 -0.346496128005211
-0.051353742647308 -0.0652771265620578 0.407924197589385 -0.0594316090574368
-0.0166027592245812 -0.0494131586300895 0.105914931047925 -0.0348755923693859
0.0170511344483138 -0.0127730309580472 -0.118473394209063 -0.134419933325675
0.0630535760154369 -0.0854305850130435 -0.497573404380024 -0.258174920219259
-0.079836770634533 -0.109480691032553 -0.575635353039577 0.155053134297122
-0.128531105200805 0.0103892353793327 -0.2708711749054 0.396845536330259
-0.0214133250471019 0.0951590095087143 0.0114131584861166 0.306358113792324
0.0627807098065949 0.0434395326540658 0.0617113472930258 0.1255736155515
0.0914908704968833 -0.0109052308364101 0.00972702348325183 0.0303354464473876
0.0802830558291235 -0.0229540683727217 -0.0244050023165759 0.0158020481380158
0.0844794299395272 -0.0230497590345773 -0.0701378918416716 0.0205965825530089
0.0582676187113644 0.0418761619393498 -0.11624507445672 -0.0711230632890805
0.00380087346440917 0.0774639650671467 -0.154067302063205 -0.245063086805222
-0.0821210627109231 0.0605743797277999 0.0592093715717486 -0.414814187039042
-0.0779590063681125 -0.000422831944373737 0.3806699515687 -0.374177063382269
-0.0279494552193585 -0.0125806642063528 0.47542388823511 -0.0223885960694467
-0.0428145938539389 -0.0142444468156938 0.123823012732621 0.0198927205727454
0.0216576853155342 -0.0510459813301896 -0.122652181248414 -0.0701154442101135
0.0170725674764374 -0.133529145221622 -0.454054441086491 -0.155633396173153
-0.13844331302019 -0.0900909107368783 -0.494237654721217 0.181384530522681
-0.137401913142074 0.0726192434754617 -0.229287846685539 0.38216515952351
0.0129723158063644 0.1282916599076 0.0250667624210705 0.308092054951037
0.0910698491752716 0.049714767433656 0.0888970730609197 0.12896305753749
0.108904654210213 -0.0115037729293407 0.0450368089478633 0.0167507009708615
0.0865667537314308 -0.0313342257801136 0.00917040167769877 -0.00472545933395494
0.0806766939530119 -0.0360157579230136 -0.0450286037304192 0.00676532743981801
0.0491915259998671 0.0159158837428622 -0.110101203655971 -0.0744201770855433
0.0109213963874461 0.0322552277327531 -0.161216602335407 -0.261874710422705
-0.0195805435585685 0.0274185185996264 0.0869379177633016 -0.455585867784452
-0.00618412616395865 0.0381633419224536 0.46205300190521 -0.381279476478134
-0.0201899567674138 0.062035921413108 0.545146746616682 0.0427950044272523
-0.0745347526376946 0.024150859033785 0.148739267326024 0.0662761991214571
0.014557788387753 -0.0608561397404059 -0.118830923657397 0.00295659315851503
-0.0155402227572703 -0.123397535040411 -0.398031258448171 -0.0659380961180867
-0.142812385672286 -0.0510406960679801 -0.430763532700808 0.201484658326472
-0.106697401810411 0.0989618154894029 -0.199986522035729 0.386465218173383
0.0337033621094296 0.125649489779133 0.0525977116078799 0.324072960649351
0.0934691821883417 0.0453783093212592 0.128078773902534 0.13199634862363
0.103197348302996 -0.0108609858998528 0.0881436694358743 0.000338677150251478
0.0787714419463786 -0.0335612135786559 0.0439059759359308 -0.0264461244843178
0.0701724905058667 -0.0426084696854032 -0.0254929424064283 -0.0109239782481397
0.0458155807905074 -0.00946418280753364 -0.107120987111791 -0.0969631638074619
0.0367402723761731 -0.000384393384780521 -0.145830094139704 -0.305905362534074
0.0454569829440852 0.0318313407814204 0.162592039995155 -0.49233889757869
0.0282639132343904 0.0991117641333861 0.568368766356369 -0.339465698252304
-0.0440870804855249 0.113055066965214 0.59067124752952 0.135026577262509
-0.096308125972429 0.0418515866527717 0.177089694760185 0.097822673939259
0.0040188213718644 -0.0376438434283686 -0.106349568119623 0.0618554540488661
-0.014611572359004 -0.0690375239299167 -0.348672851186596 -0.00300818372136227
-0.0924308384045169 -0.0160111352512284 -0.389431351342385 0.220057053725355
-0.0545804941303932 0.0751488438989523 -0.174193577312507 0.401985557564788
0.030772760730493 0.0884375941135368 0.0890134332493559 0.337693326274489
0.0677518296917942 0.0314443215922149 0.167913026074702 0.128668830651403
0.0757454542321148 -0.00929236734087971 0.129859106140288 -0.017043118021027
0.0587678333344437 -0.0293025586422303 0.0740212005928571 -0.044605668936022
0.0573883442380166 -0.0396091170441231 -0.00913883717464676 -0.0306177924702392
0.0498023571979164 -0.0189931538005101 -0.0959291406408339 -0.128683807786515
0.0636168111058008 -0.00121325899735172 -0.102411596790996 -0.351933346448469
0.0679731815898993 0.066985858654313 0.262512107172154 -0.492025925757906
0.00355132817584593 0.135100775485464 0.657510574567394 -0.249415504433361
-0.0767768682934703 0.101842412784969 0.598521029553685 0.230781580832206
-0.0904527187951457 0.0277586442556149 0.200492651944088 0.116975095060503
0.0341996850336641 -0.00465055282038472 -0.163403147923109 -0.122448031923357
0.0799474321497852 -0.0488192382347688 -0.542782043942799 -0.322551388071111
-0.00153068537399783 -0.125233468125603 -0.706539009394218 0.154334113131
-0.0873402177034333 -0.102770014819975 -0.337467591787411 0.512622126536848
-0.101612116414964 0.0125980589134397 0.0798890950299973 0.388886623331749
-0.0614111521591413 0.0412205291485918 0.118896820225032 0.133973932666121
-0.0364545473872268 0.040782554689699 0.0199515648119422 0.0282702793929891
-0.0283072385302423 0.0347467711382544 -0.0613737242008109 0.0412615763637471
-0.0262758476822442 0.0214085599346139 -0.126735169289558 0.0281215266984009
-0.0362284605980001 0.00855333758885893 -0.162972468432424 -0.109611926236211
-0.0256674281079383 -0.00585113201993439 -0.129470050250121 -0.308912264911826
-0.014019850876016 -0.0128346042801298 0.11859713274857 -0.394406625962065
-0.0146314201773231 0.0149510339477023 0.34809312488107 -0.270585295110699
-0.0133706333963553 0.0158044595460941 0.333262888443741 -0.0627294221688035
0.00255505539635824 0.00640509050906646 0.11069234586748 -0.12813951185279
-0.00064154522863283 0.034250079799988 -0.150812087899771 -0.144206316314239
0.0826805614879173 0.0191288638704965 -0.529259602468819 -0.362151723841585
0.0370584565107331 -0.0913827699038314 -0.717762920385799 0.0984585091438477
-0.0546211861054075 -0.111241762293508 -0.370774477114861 0.474327001993439
-0.0919736488413658 -0.00603046324446645 0.0381480522554699 0.380487489972401
-0.0500840809612737 0.0272486326410206 0.0904403771280163 0.143921945421828
-0.0143279167837275 0.0201656128702123 0.00283734207848504 0.0407123095658022
0.000583700750021816 0.0169854237231678 -0.0692459047476321 0.0471569712423136
0.0138934925759894 0.0113122236461622 -0.130507912526102 0.0375296759034594
0.00914301698846032 0.0286429196134214 -0.16601946902223 -0.0984549613819034
-0.00169124700503126 0.0476642725809382 -0.142430223412628 -0.295838601560397
-0.0558373281505838 0.0509472390871603 0.0955687053426472 -0.393554453813554
-0.0866902691788816 0.0120737307161695 0.32728323264571 -0.292986761956296
-0.0434865150989222 -0.0398763670424752 0.327269288637387 -0.077946760199219
0.00382795480636779 -0.0348630583287634 0.0956908289082365 -0.122082074120098
-0.0138312434030926 0.0495698932995007 -0.132350225194893 -0.163499011299404
0.0882132720918695 0.0392077064374857 -0.521337596385632 -0.371813044830977
0.0404860566552598 -0.0779228376595127 -0.699146772724444 0.0943239407268182
-0.0500971275735378 -0.0954612710413968 -0.3579981780348 0.441401529168548
-0.0723251491720869 0.0024369019317937 0.0188648965175336 0.349337863854836
-0.0217734465124685 0.0207718725034541 0.0663049368444142 0.137496235926922
0.0170708750581329 0.00152291407341556 -0.00882543815662411 0.043730556478209
0.0305189382441672 -0.000705959012673357 -0.0645591587685383 0.0447704182856961
0.0480814379621581 -0.000138322849443853 -0.116120174708506 0.0389359021786947
0.0442306663326202 0.0451779462104503 -0.151548569481619 -0.0869262115944114
0.0128493856066864 0.0866623219281978 -0.145599865411419 -0.271617907846389
-0.088518230426676 0.0928801563280717 0.0751233632110057 -0.387378255139731
-0.131025789534567 0.00793803600080975 0.317554109796356 -0.317119929197422
-0.0592139010171157 -0.0702888116361866 0.348582458042565 -0.0782253573105982
-0.00370305047738377 -0.0552718017257936 0.0919669384408506 -0.0870625124609224
-0.00471307735989971 0.0303180961717825 -0.120462754531216 -0.163244348792531
0.0877559805858875 -0.00544426907248208 -0.513455129743559 -0.330960767307751
-0.00155188758344979 -0.091488372446156 -0.642747761190476 0.123824488599711
-0.0812921011106874 -0.0541656942004379 -0.310028635862893 0.413922545563964
-0.0485335379768959 0.0391016809870126 0.0138069166031541 0.31541382675336
0.0182928423505897 0.0258108662691126 0.0547046796812003 0.125441834929451
0.0526618642763473 -0.0111038181895544 -0.00774968157961651 0.0393862726668066
0.0563982993512182 -0.0151640487159364 -0.0487523926159525 0.0343877816470075
0.069508133104797 -0.0120301696628227 -0.0913580269628787 0.0329339695733447
0.058074628392409 0.0490889324308134 -0.129604411971301 -0.0749374088158813
0.0114162339821442 0.0963019737257456 -0.147369788958318 -0.244972390147853
-0.100006085794191 0.0923627861400859 0.0558087202652437 -0.386795323312641
-0.126091142334455 -0.000971628887999891 0.32528083313272 -0.343526479423311
-0.0490471555281562 -0.0603851071865728 0.395166616021079 -0.061955738961161
-0.0203599711871423 -0.0450306153397173 0.100505150334783 -0.0365263621658237
0.0101627499579966 -0.0112640410849193 -0.119465292652736 -0.12945686660679
0.0598856530862953 -0.0796470298767092 -0.489163683319966 -0.244422810673663
-0.0742696733648388 -0.101092053428754 -0.559727208156771 0.158950386292673
-0.11884225355703 0.0101062349182252 -0.255009632408454 0.387276420026926
-0.016732187796587 0.0879548616434196 0.0172110561037422 0.2944839009633
0.0597724472209446 0.0362114504699002 0.0618596197124751 0.11980365713673
0.0847941850902297 -0.0167701087873249 0.00869023749533603 0.02870327348636
0.0735271807768848 -0.0266249134256381 -0.023010908322739 0.0160183857804709
0.0765047745387966 -0.0259768974825746 -0.064885499245268 0.0230271079192217
0.0539534887767545 0.0368094980770007 -0.113511315072147 -0.0658202218843495
0.00375400202833826 0.0703399698349685 -0.15577880098927 -0.232680154101855
-0.0747238287673613 0.0562922140782111 0.0479227611728105 -0.405633434292322
-0.0684923080205434 0.00298666852070408 0.360124448310135 -0.373170123573557
-0.0254091333069776 -0.00767570022004262 0.463430632012898 -0.0261599729246419
-0.047482246967252 -0.00905059023977227 0.120525000003644 0.0170608792780411
0.0143369485990968 -0.0491041677525593 -0.120950241247249 -0.065898527299112
0.0137852096902506 -0.126925932857284 -0.443847157231624 -0.144494604833749
-0.132189550000952 -0.0817989597138974 -0.476354162218646 0.183293358834232
-0.127240167657988 0.0719245962717906 -0.214587423851841 0.37247578716216
0.0169174124859229 0.12073022359161 0.0314188145602248 0.296175970712139
0.0889259420250185 0.04299964611252 0.0870063696564726 0.121337741716571
0.102417260243585 -0.0176032906880299 0.0408031066368743 0.0135417889150015
0.0797105756743309 -0.034960148262655 0.00726692272645892 -0.00578933021339956
0.0723280566216763 -0.0390069369969779 -0.0427748536519987 0.00786577403362189
0.044530139111648 0.0108348626395955 -0.109631750781917 -0.0703955523409162
0.0109848733625354 0.0252214992270549 -0.163928411317259 -0.250543411408691
-0.012271850893006 0.0231041878224926 0.0753067047762647 -0.447625521977957
0.00305516070540447 0.0416548695710919 0.44375656543032 -0.382425195297371
-0.0175079575710988 0.0660302008687164 0.533160476906516 0.0381146571899523
-0.0787017602872062 0.0297086198700018 0.148239403727263 0.0614943832007236
0.00778495657251741 -0.0589554727189938 -0.113733653198987 0.00586284576104852
-0.0181225269344177 -0.117918913391762 -0.387088775338711 -0.0576820301409762
-0.137221457825021 -0.0442802321071366 -0.413115170171643 0.199959980774543
-0.0975384908864232 0.0977553539387486 -0.185391125131194 0.373576541686068
0.0376612827328656 0.118898746212831 0.0572164121263329 0.309130080915411
0.0915511946266216 0.0400094733318095 0.123485513958493 0.122603551375194
0.0974439800524913 -0.0162801383636315 0.0809844939060923 -0.00464386746203122
0.0725860316932781 -0.0367021490225877 0.0385639513435717 -0.028571038290229
0.0629532297888371 -0.0455847897640674 -0.0261776449545318 -0.0109164225031656
0.0422479747153844 -0.0139316490663478 -0.108912442338182 -0.0933073988678162
0.0369509175259805 -0.00681902195729282 -0.150206311130384 -0.296687975090668
0.051684138348156 0.0287072033326666 0.150132093563588 -0.486909632146273
0.0368092203076744 0.102122980466401 0.550401919234877 -0.342437674337933
-0.0416986839360951 0.116051659998668 0.582067057458846 0.128269966342888
-0.0991373667015303 0.0466741891314961 0.178058890712309 0.0914899538069018
-0.00174566292331553 -0.0367315462934883 -0.0989832980688436 0.0628708596955546
-0.0160691574397937 -0.0657370093796195 -0.335730226592918 0.00191753364950548
-0.0891606573107904 -0.011509433519962 -0.372288986682912 0.218201292908448
-0.0485397447148239 0.0753084251512163 -0.160529400736086 0.389109961936202
0.0348516913347694 0.0846637275688393 0.0921981194435345 0.322019281498716
0.0666603348075826 0.0284815126749221 0.162823339534981 0.119410203023186
0.0721859311482123 -0.013192510926155 0.120354361288909 -0.0230889434886072
0.0556411795690937 -0.0316151467422584 0.0667465164590526 -0.0479061908048231
0.0524977013856183 -0.0421117187324494 -0.0128980401322674 -0.0312406770378667
0.0470935451445959 -0.0226835292851535 -0.0993764498068805 -0.126370339796898
0.0640335272193623 -0.00594750145422337 -0.109352669495124 -0.343824410613858
0.0722572051429019 0.0651994244528821 0.249041584950841 -0.489032348721487
0.0100384769834851 0.137954786799594 0.639328515379275 -0.254046699225182
-0.0748546123917017 0.102972909441116 0.58997026791168 0.22155964829331
-0.0923464899726583 0.0305017151424321 0.202769229039404 0.110222896705639
0.0305585310087812 -0.0137706656090317 -0.192633892458581 -0.088619868567753
0.0631890020912466 -0.0606082278492382 -0.607840537132387 -0.22519047204217
-0.0283518592362041 -0.114848428282302 -0.675973694711417 0.280439627998027
-0.103936120618302 -0.0720135921244996 -0.239013552563876 0.567745400391997
-0.0882630933151947 0.0336854639541076 0.150814897282563 0.370468845026197
-0.048689675759277 0.0513995577065469 0.143713847025263 0.111520071265565
-0.025565533243395 0.0472253698058713 0.0240812386826571 0.023327548697598
-0.0205830312786713 0.0405201865619962 -0.0483447441357862 0.05183141354666
-0.0223423494788047 0.0273900217053606 -0.113138874924273 0.0538287983855892
-0.0353281075617055 0.0147262339391301 -0.181443785493962 -0.0752459899461483
-0.0270114385640831 -0.00514135606092483 -0.192034542704201 -0.277919770491401
-0.0123468846031882 -0.0130156300376969 0.0362771292465314 -0.415678581542851
-0.0053581118206403 0.0172666710794432 0.288339398383982 -0.341912520033592
-0.00489998796279889 0.018192718281819 0.317768593814994 -0.133072524700855
0.00821604446755343 0.00181198083254643 0.0792242253641647 -0.152014432566163
0.00234247342114184 0.0313982765842416 -0.188328333178557 -0.112638000492298
0.0792865688966797 0.00772169767885676 -0.605259927881081 -0.266872134025377
0.0176653276846978 -0.0882503696620027 -0.6978447276005 0.232267714069756
-0.0715021231730461 -0.0889868614247425 -0.279005909903117 0.537060831403704
-0.0833540395445574 0.0114438163941838 0.109699906808048 0.368545301697584
-0.0423701197132216 0.0338495817650233 0.117240490999585 0.127261070187329
-0.0120032874778236 0.0230628258207174 0.0113902322022862 0.0398472444626349
0.00221281592209456 0.0172327840673826 -0.0548575244388588 0.0596420144850136
0.012573466359552 0.0100647655375433 -0.115838948171077 0.0640042569620804
0.0115674715875138 0.0254670698224351 -0.182842803151015 -0.0631912397728618
0.0051647309365822 0.0408068130094506 -0.201566074564872 -0.262083805432365
-0.0401366165061765 0.0553747769179741 0.0131048113320337 -0.412006448765661
-0.0732085149319958 0.0280363694338104 0.265061031273104 -0.363090893511679
-0.044831408796495 -0.029130283876282 0.312139716542905 -0.145420616246367
-0.00123706457804928 -0.036935353879873 0.067521147844862 -0.139583147309096
-0.00941691513527102 0.0503872077278477 -0.174403885963003 -0.138039511874506
0.0881177080574438 0.0290668163856197 -0.600025124420522 -0.276490488240158
0.0262380281054222 -0.0742640857307147 -0.680711944013899 0.224411115016047
-0.0609249490135805 -0.0763762245143046 -0.2731888135995 0.503015345266129
-0.0638047414027346 0.0135406502867019 0.0850623705884973 0.342435653368599
-0.0176770192699385 0.0202596808065504 0.0924435337512507 0.124949404191933
0.0121178741714838 -0.00284694910438741 0.00180310606124713 0.0464857941453786
0.0264458908872224 -0.00572257050774655 -0.0518140065463834 0.0566346260936999
0.0417319820269472 -0.00756041352637164 -0.102001796294191 0.0615471682900177
0.047000102458027 0.0336656302009266 -0.167578830604866 -0.0543667973966659
0.0253556225799776 0.0740012171092597 -0.200908017026097 -0.237467665908121
-0.0615046013299793 0.100164504955508 -0.00756745655906297 -0.403555771853175
-0.114408671729079 0.0318726247052325 0.250959193672529 -0.386718622692879
-0.0651271985955602 -0.0538470477287032 0.335458310708085 -0.148840245492396
-0.0142453124993857 -0.0525174161658123 0.0729613764209319 -0.103686119864374
-0.00517375751185259 0.0320837767656264 -0.159532085006215 -0.140744766312719
0.0788952880582164 -0.012690168954205 -0.582871909177895 -0.236615388509408
-0.0146804479051106 -0.0787397979699254 -0.617871762327392 0.239835479148251
-0.0809512695639318 -0.0320325288546619 -0.232157112533278 0.464952623082725
-0.0337519285392479 0.0428466169301947 0.0724171980166931 0.310365826578535
0.0209694286412361 0.0168867902803265 0.0781516349369039 0.116352132197023
0.0433880142851935 -0.0235373510594941 0.00163740196278296 0.0438478153671176
0.0473684020222751 -0.0251212807937409 -0.0388246158873318 0.0429489503133162
0.0586211506749333 -0.0240623250595311 -0.0801435223337739 0.0513190372152153
0.060786120001115 0.0346004389708109 -0.144248741330253 -0.0471949018133615
0.0244096621344969 0.0825286418963579 -0.198238645266305 -0.210223545139289
-0.0718362912760312 0.0999449694511454 -0.0258425687575549 -0.399909141556501
-0.108831750315433 0.0219155975949056 0.253180456948881 -0.415931698937894
-0.0524047780279006 -0.0430647686352177 0.387628774014552 -0.143098383255969
-0.0303688893410958 -0.0359576655763372 0.0938289005100573 -0.0556205597491541
0.00037575239379984 -0.0099619325250373 -0.147455045925904 -0.107682730550389
0.0384952126254244 -0.0780894768461106 -0.539232152672598 -0.157067199535687
-0.0852800683728341 -0.0738861499323975 -0.526881678383259 0.254387795430745
-0.102920281141173 0.0360394035047749 -0.186588707140487 0.425598592032521
0.00577021783175295 0.0837507057464022 0.0707335618400874 0.291060565082029
0.0630051256020856 0.0192226466758873 0.0825038746560028 0.11020531771132
0.0725817898944087 -0.0360292038862498 0.0153232691668311 0.0317706618685373
0.0615539142520973 -0.0402178075093617 -0.019140137438006 0.0207990856197838
0.0617663149669409 -0.0390920017328656 -0.0577056057897415 0.0351328140630205
0.0536432863022031 0.0223916922371376 -0.128337216488518 -0.0416938276704989
0.0124262957651389 0.0578874909749411 -0.205131843630537 -0.196738740437336
-0.0523463594040224 0.0583936563580587 -0.038317282687402 -0.418186786234012
-0.0506962183813055 0.0154101128121007 0.283622386318445 -0.45202755128436
-0.0187971596462594 0.00703238657725172 0.464080430922659 -0.123468653835915
-0.0513419082464328 0.00676110124349571 0.126143201040751 -0.00863056651896822
-0.00236607029331349 -0.0464157683690855 -0.132627939911802 -0.0447495728024155
-0.013830578446764 -0.115434990543077 -0.47169364404489 -0.065445340781327
-0.137266972994658 -0.0448484742788588 -0.44051493383746 0.258955423089133
-0.0984559207318097 0.0974422069699682 -0.153590639483397 0.401968442641619
0.0451346538302741 0.109013765867042 0.0836836877787186 0.291972138018062
0.0930190620887574 0.0206824811900141 0.106987231327143 0.107262152680082
0.0900288544011759 -0.041188964079507 0.0423419171890612 0.0119102046938769
0.0662748335677407 -0.0493139669245473 0.00402294405712025 -0.00762074330199951
0.0555088812694849 -0.0511854306689058 -0.0415702134380993 0.0169111842307386
0.0397696914152036 -0.00123970840127285 -0.1265218976785 -0.0472395506399299
0.0119655398244616 0.0125028843569108 -0.218279772915601 -0.214005666362479
0.00438650869223011 0.0145199694006715 -0.0201122294789139 -0.466437280507535
0.027714772131854 0.0408942349684829 0.363620302835323 -0.47753307610561
0.00249892045969308 0.0805735927204623 0.547647812026777 -0.0770945975072401
-0.0753277978876421 0.0525124818036846 0.164749122094211 0.0281996799983841
-0.00993176578336757 -0.0549159146074028 -0.109465227623687 0.0262763247357106
-0.0424216645447015 -0.103097459762024 -0.396306668556334 0.0107748530834363
-0.136133826356206 -0.0089386031716052 -0.375717435461078 0.263963273379705
-0.0653667119124925 0.116767675377201 -0.125463806488923 0.400139976934459
0.0658565917828652 0.104951855584866 0.112362005197158 0.301554327742863
0.0962837927360747 0.0181942488733652 0.144093860805187 0.101657777175922
0.0872487051465216 -0.03885771665376 0.0768017667486828 -0.0141764062654842
0.0604294852179467 -0.0499654510866745 0.0286204070239552 -0.0362504740803712
0.0465700337985586 -0.056376516820871 -0.0309245308361334 -0.00586641598116114
0.0338129996380263 -0.025993343950251 -0.132393166232118 -0.0711176565267398
0.0328883166156098 -0.0228414421050858 -0.215185856129227 -0.266108787717275
0.06889158810355 0.0106084248778291 0.0479764559374297 -0.522558539532414
0.0703564501220219 0.0957012583952967 0.4798272037699 -0.459135711343651
-0.0133316990447131 0.135309140352134 0.616850261110363 0.0035194176511267
-0.0917097665962642 0.0732674446391671 0.202456577672256 0.0504435107857539
-0.0137369080076477 -0.0330891353408527 -0.0823409934325356 0.0818093895874588
-0.0295029656828686 -0.0546503545539703 -0.333994491600144 0.0631655525238102
-0.0848093289379779 0.0123016725757536 -0.330992588148562 0.278637082152726
-0.0240036072293473 0.0856343309211607 -0.0959832448446114 0.413097028375059
0.0571995953955193 0.073091879752973 0.150405580886424 0.305341108359747
0.0712765188378234 0.0118708354737333 0.18095985783377 0.0890065244084318
0.0647273033069175 -0.0308254666820511 0.109646695501176 -0.041505323260138
0.045883162688866 -0.0416194641836792 0.0507950664502871 -0.0617956713227155
0.0392888622176843 -0.051375522230861 -0.0224326361321539 -0.0291953004875167
0.0393625983626224 -0.0346343380634254 -0.131176465175045 -0.106600822926607
0.0609124304557502 -0.0252425635513185 -0.183018626385003 -0.323503663748371
0.0953263784091924 0.0461807264478054 0.148337619361355 -0.546029520934775
0.048831017325058 0.136784363881509 0.588792177863137 -0.387669755217411
-0.0504535016831052 0.128243279069562 0.646000755988298 0.0968424526569761
-0.0868130259602525 0.0540099477334563 0.232563247464591 0.0642419582759903
0.0291245701167728 -0.0175128874602047 -0.203035181488733 -0.083719941970309
0.0628478320923629 -0.0657602277812653 -0.625511239458778 -0.224033434856457
-0.030862874336652 -0.118447886326509 -0.690835639214764 0.291954362620164
-0.109659067396084 -0.0733951805067958 -0.237124928440472 0.587275938012862
-0.0897931397218356 0.0363061150838193 0.162481756253099 0.377663918693864
-0.0482406371015981 0.054923993484425 0.153591995902612 0.113437476003612
-0.0248882507712126 0.0506055404490518 0.0284987783556669 0.0242354341749396
-0.0186759019578013 0.042976831061099 -0.0443011363062542 0.0531521754924153
-0.0217676011620137 0.0296504043207411 -0.107246210408524 0.0573918233736497
-0.0364834780053989 0.0166966268199055 -0.181810447177841 -0.0714833270655582
-0.0284989461994514 -0.00408447908152676 -0.198980826189734 -0.275288546068498
-0.0147174730595773 -0.0116144303263861 0.0290382221913448 -0.421551513089242
-0.0054679422047703 0.0170604996339828 0.284074762172146 -0.350024904463024
-0.00417088844437318 0.0147843283406025 0.318429009275193 -0.138298262761358
0.00976446970189735 -0.00109200681962629 0.0717009676633125 -0.157726725484957
-0.00103300738825819 0.0327911543317427 -0.199091138351255 -0.110391103072843
0.0814193742252822 0.00821028280650223 -0.624503603540674 -0.267477604538813
0.0201244703054069 -0.0901854830890478 -0.716932664709985 0.244770030873938
-0.0732640398025196 -0.0935556921009871 -0.279256515396831 0.557031554912713
-0.0858220123038498 0.00983798313399576 0.120082760228775 0.376985994725314
-0.0436656002752007 0.0345429451729781 0.126571869506528 0.12946140195527
-0.0140815543868698 0.0237658950080491 0.0156689394563053 0.0414037523279021
0.00148565787435767 0.0180349771198239 -0.0513080246700899 0.0618249530219618
0.0114119626682978 0.011456796142151 -0.108844996588247 0.0672389254551827
0.011166283614355 0.0264879681830624 -0.182920417089726 -0.0595035743341211
0.00478198495323192 0.0403009557964773 -0.209250042645509 -0.25929078416635
-0.0407462553403402 0.0568454133248002 0.00525156410422282 -0.417357148188943
-0.0735535052966107 0.029382406513439 0.260021912535634 -0.371999462707604
-0.0453254088508914 -0.0311006230670012 0.313208199298814 -0.151434598736412
-0.00175956823009812 -0.0381356327116041 0.0600026670865771 -0.144667979352527
-0.0149316812397247 0.0543634370526245 -0.184666230312889 -0.136677249766198
0.0912010020876697 0.0327029592495379 -0.620086656653297 -0.276964473287778
0.0321562894935997 -0.0739986994592143 -0.697914970976361 0.237766789306473
-0.0592250314905337 -0.0824399019468001 -0.272761927599174 0.520592266376771
-0.0652295144533443 0.0090388124861149 0.094176586747231 0.349077524081898
-0.0206560495135945 0.0185319659357132 0.0991121180437099 0.127074739049393
0.00775996095921355 -0.00396022515293751 0.00463451011732363 0.048060529385414
0.0231816207363879 -0.00652261650491784 -0.0486078522014022 0.0589834729569146
0.0387883677883702 -0.00753702181788447 -0.0959412475453847 0.0648753111421948
0.0468794434229374 0.0333796519214697 -0.167456746023974 -0.0507461833915993
0.024906832055266 0.0737530753547467 -0.206766182878859 -0.234312542195198
-0.0611707719944296 0.101214495316171 -0.0159386744465449 -0.408926588652906
-0.113776270705634 0.0333769436279844 0.24523758528521 -0.395270194391343
-0.0657963096503387 -0.054493728814036 0.337729081917141 -0.154698006466583
-0.0175521930914357 -0.0516863095446117 0.0668953189236908 -0.107432546890166
-0.0118513562468883 0.0365867949098751 -0.168460371489984 -0.140874276898025
0.0811985444439265 -0.00839516774623863 -0.601516220886913 -0.235170286123082
-0.00839152642782403 -0.0771055014410524 -0.630638847670275 0.254766280816226
-0.0769769823751183 -0.0372507359873112 -0.230152349041956 0.478272763878882
-0.0338419487314572 0.0376673334873472 0.0808041037715041 0.314405539138759
0.018095027632061 0.0133498771892452 0.0826539742419657 0.117429811215222
0.0378148857881822 -0.0265953030165104 0.00222643653291385 0.044826297979471
0.0431081647407122 -0.0272191480314025 -0.0372314312073174 0.0442877043076444
0.0544799089136864 -0.0245152164090597 -0.0745914534998247 0.0529542456959301
0.0595939053945896 0.033463793572141 -0.144941515877035 -0.0438255998642256
0.023465576464771 0.0804911493993788 -0.204757666763595 -0.206998106788922
-0.0701512614683543 0.0992546712099403 -0.0368337194555416 -0.405232683380975
-0.105424649335177 0.0231290254867144 0.247053693973733 -0.427779996323443
-0.0518993456324156 -0.0416705258049536 0.394127799077275 -0.150343406653837
-0.0354157201000315 -0.0324879265453091 0.0907188163414508 -0.0583320318432884
-0.00751461725136154 -0.00587734638133081 -0.153992543873879 -0.108291648399323
0.0384529095116011 -0.0748699148644141 -0.555233974821353 -0.154666850608552
-0.0810974881635293 -0.0709042698297416 -0.535125218696355 0.266716522765532
-0.0986857203498692 0.0335050819910021 -0.182390784991578 0.435958587816528
0.00752338871724057 0.0790755499777336 0.0773498659755568 0.293205100265178
0.0613302967530589 0.0151922468398359 0.0850626266971466 0.109819435967921
0.0677953918349692 -0.0404945592992463 0.0140500601908301 0.0319686301673369
0.0568444624500669 -0.0431926980068787 -0.0201156526585418 0.0211331861676049
0.0562764923522538 -0.0409220640422204 -0.0543655709336923 0.0369931010628891
0.0511278758392501 0.0202134334825943 -0.130408480179312 -0.0392905223182004
0.0105567565431189 0.0539335623127992 -0.212437857767329 -0.192946736211745
-0.0489435183009625 0.0542066882580896 -0.0496970753816249 -0.424812098207166
-0.0434565919444471 0.0159495751814448 0.278638122864347 -0.464932773534132
-0.0159567430913321 0.0117277226024108 0.474101057727756 -0.131553132790612
-0.0571515027947181 0.0139271940294368 0.127441663531825 -0.0109672452390624
-0.0108603360144575 -0.0433121266481891 -0.135658077876546 -0.0437168341203894
-0.0164631548698693 -0.113270389048465 -0.482395757996845 -0.0605799231254543
-0.13542178621836 -0.0409463019835507 -0.444637991804863 0.269692135799458
-0.0937459474851879 0.0973553199262127 -0.149241602314162 0.40981934530721
0.0493486380695215 0.105602917414524 0.0904685943050784 0.292263420041776
0.0931756059933146 0.0161514322514866 0.107715730474711 0.105731794783173
0.0862121499880357 -0.0464723918838045 0.0389080988313008 0.010333672282467
0.0617502129469544 -0.0530889345747488 0.00123023316786891 -0.00819411817359371
0.0492942834847859 -0.0540792776190057 -0.0406463304831816 0.0173897750572444
0.0358840327484462 -0.00501519110425235 -0.130905870896678 -0.0448009200109086
0.00980733963706915 0.00624632272938953 -0.228431029141228 -0.211889007217689
0.0103331272293948 0.00859760781311484 -0.0325219981249434 -0.477599077610297
0.038468423260462 0.0422380382584688 0.363190138751924 -0.493887493689078
0.00596842885909406 0.0884366772631664 0.562955497160023 -0.083939565363757
-0.0809118887765039 0.0612517465591477 0.169187396826952 0.0252465189040478
-0.0177398906910176 -0.0521571510785234 -0.108600443169843 0.0284632271344382
-0.0458749165609309 -0.100770541308107 -0.402273026068927 0.0161219094120778
-0.135139380099107 -0.00427761213247714 -0.377253532298161 0.271536755984286
-0.0604287603530935 0.117757097774659 -0.120610485270959 0.405588835109864
0.0710918493841264 0.102053233376378 0.11885552370732 0.301224380668609
0.0979426464260008 0.0144416210806247 0.144627386003381 0.0992645866233638
0.0846178729623584 -0.0434316918838681 0.0721944932846142 -0.0173122591865808
0.0567858882141226 -0.0538280906638771 0.0233854874289056 -0.03899535191543
0.0412102008606274 -0.0597697189264045 -0.0332202893517651 -0.00645277386977483
0.0303551754388243 -0.0296960170661277 -0.139984350332415 -0.0699083454929131
0.0322346781467091 -0.0299707930127748 -0.228488111191562 -0.267365668071657
0.0774105005238135 0.00515321553089701 0.0374684288628678 -0.538843422230039
0.0825938616345038 0.0992544885584053 0.484088191022073 -0.47602032001233
-0.011179479846108 0.144759389641119 0.635671165787689 -0.00250881564639467
-0.0976986907341891 0.0818705005630935 0.210464527290433 0.0464855151364653
-0.0206037049907597 -0.0303275792249947 -0.0775171305016882 0.0832346588244062
-0.0323228650728284 -0.053662551666724 -0.337050464297365 0.0677731345050765
-0.0840205761832709 0.01574103193261 -0.331970252281675 0.285895928006776
-0.0195286783735446 0.086397099476489 -0.0894129481055535 0.417932217715426
0.0626389912581647 0.070780711964599 0.156651907183905 0.305425566273928
0.0733145873672844 0.00944578776318262 0.181448132900633 0.0855169507480132
0.0629721868493075 -0.0341145137909345 0.103962102691049 -0.0462422207603359
0.0440576124778594 -0.044774158602754 0.0440414543481591 -0.0654844145998952
0.0359413416123915 -0.0543728048896781 -0.0266486075809926 -0.0306410167570827
0.0380626499709927 -0.0379094762573521 -0.1409210241755 -0.107567586868228
0.0624675229957763 -0.0307959030739282 -0.197276746320888 -0.329187522202825
0.103965413742948 0.0441632515163937 0.14173007847264 -0.565382885041088
0.0578135985774371 0.142612792245902 0.600143758500823 -0.404381673346773
-0.0509072668950933 0.135130451222429 0.666634242472159 0.0937743727092119
-0.092284600742707 0.0601705235210984 0.242917599959138 0.0595439956552994
0.027132051623976 -0.021435426684983 -0.216387051767691 -0.0717897021588618
0.0611365976025962 -0.073215070552235 -0.653392517725939 -0.204893210249166
-0.0378394021476865 -0.121519441413509 -0.703701322624944 0.330929675970298
-0.118544869144794 -0.071589839094306 -0.217901293008095 0.616764653508146
-0.0914978222656943 0.0415018157255799 0.188269886293991 0.38347444624164
-0.0457676369237613 0.0596673561420296 0.167747090855953 0.109554125900053
-0.0226056827480966 0.0545322277187202 0.0337670267033723 0.0239002103512931
-0.0151766411963106 0.0461043824423905 -0.03866497062676 0.0570619435857595
-0.0204472534063551 0.0334103604120532 -0.099305661788461 0.0632239740858731
-0.0365254019893862 0.0206316465891181 -0.184777568962299 -0.0620099297299656
-0.0303997832870524 -0.00235713592592186 -0.215513324134873 -0.266914210020648
-0.0178251163897644 -0.010490764725706 0.00975763131110815 -0.428369450642912
-0.00501588538746412 0.0174684345865296 0.270940766940324 -0.367655481774921
-0.00321729961893738 0.0121114466649011 0.31642761503257 -0.153626809023735
0.0111422481574283 -0.00518561693569469 0.0579293151157385 -0.165312989426536
-0.00393937016849777 0.03471204860545 -0.214930103203659 -0.100292637014807
0.0841070469253713 0.00618574964704083 -0.654801059583901 -0.25056282747909
0.0201950470076246 -0.0931169117827264 -0.731417212456896 0.282674316547494
-0.0784814735794904 -0.0968830635230276 -0.262817143288339 0.586712521242256
-0.0887167985665903 0.010677972366106 0.143882640091599 0.383874466272862
-0.0444517047463151 0.036619952591571 0.140183698993358 0.128371510641212
-0.0156209203063722 0.0261052895603754 0.0212669093134806 0.042404883888438
0.000978375036122679 0.0191032598346764 -0.0458376325550242 0.0660465799312563
0.0108977444250752 0.0126107809042553 -0.100404940827194 0.0741931628505958
0.011710354369639 0.0275426485024769 -0.185381927849045 -0.0507510177347655
0.00515451348967255 0.040824811272027 -0.224425503938625 -0.250261779954813
-0.0404513607259244 0.0598010841609482 -0.0150537015897045 -0.424192820256581
-0.0727670132844796 0.0323651415268893 0.245601444292562 -0.389061942032118
-0.0476386341381288 -0.0325983947712178 0.310554763709423 -0.167024120241175
-0.00446217660992772 -0.0400055727059317 0.046963092297869 -0.150918505994089
-0.0186794271006454 0.0606824483867473 -0.200410044429815 -0.129939719723506
0.0961888106451235 0.034435550075059 -0.650621663168822 -0.25935754257456
0.0364479019346595 -0.0754856896379469 -0.712812954624867 0.274503150290746
-0.060679470347065 -0.0878055117904875 -0.257214090825611 0.54944275499039
-0.0680943294244374 0.00628057196851791 0.115528403962026 0.355273590815619
-0.0233857957748015 0.0179551395880496 0.110342108947008 0.126657047268018
0.00299173916961134 -0.00467963248201185 0.00960973747721356 0.049927946712966
0.0203151250221061 -0.00746837893705461 -0.0444339714967657 0.0627012605735898
0.0367017788287068 -0.00824486403390799 -0.0878670874532144 0.0699091175765363
0.047372798468139 0.0320362985500648 -0.16964296324267 -0.0430917589080544
0.0270418080598096 0.0727479560444351 -0.221288744103562 -0.225180086357292
-0.0580329506140598 0.104366988155843 -0.0375780452250308 -0.414434369168899
-0.112486064413222 0.0383561712699663 0.227832414367337 -0.413450623141273
-0.0692758109254387 -0.0532759300376482 0.337354982273615 -0.172243664782551
-0.0225539397426668 -0.0504787114644933 0.0572863639398052 -0.112968356764815
-0.0179758814189821 0.0436452758589609 -0.183317271130232 -0.135825371351798
0.084297876860729 -0.00582073874748581 -0.631175389547635 -0.217887959041489
-0.0040073590666878 -0.0765788437363507 -0.640320795083598 0.290499452029497
-0.0753590724517192 -0.041653030816459 -0.213119268934904 0.503425325443365
-0.0338538472837452 0.0334812477076967 0.0995519395145739 0.3169368971411
0.0154066624320843 0.00930240267643151 0.0906424717046798 0.116032379707924
0.0312761886105367 -0.029939850717832 0.00517934703577179 0.0459072528764104
0.0383319666070397 -0.0305028684294555 -0.0353331119785129 0.0480635757346267
0.0497477835257933 -0.0271325997549439 -0.0682606275851201 0.0567578383241189
0.0593313564134495 0.0308966687914055 -0.14719610105935 -0.0366331098253419
0.024913287813167 0.0786322088667324 -0.217865148985651 -0.19719003883316
-0.0661570457043483 0.100410171570594 -0.0593390637722431 -0.410521787541251
-0.101829203901321 0.0264496237803762 0.227799840596658 -0.446853962960216
-0.0525950743509007 -0.0386891647358825 0.396681064234239 -0.170728043120971
-0.041038742441556 -0.0268612940393096 0.0862255662578853 -0.0638989552342036
-0.0161024494185252 -0.000152186661428317 -0.165309525635978 -0.103820519846848
0.0365885182604961 -0.0723597657230937 -0.580020781819687 -0.133523882316397
-0.0788666054729773 -0.0666687209500718 -0.538667044979956 0.297956530326098
-0.0943567252138364 0.0328962218198299 -0.165275533711109 0.455180960126983
0.0114663756554945 0.0742887200288242 0.0950834277057182 0.293633690150283
0.0602370347679299 0.00883243319478607 0.0908451157858137 0.107417910282198
0.0615768389618251 -0.0470800865811528 0.0136133394590931 0.0320915846823805
0.0506737503163101 -0.0482844147608284 -0.0204947104039555 0.0228446701567381
0.0493828636425754 -0.0442744449123134 -0.0508101006626306 0.0394677573337103
0.048915919563122 0.0171070960056554 -0.13406714347006 -0.032383487867183
0.00972740176442677 0.0504576129600907 -0.227199892092795 -0.182357213032833
-0.045025134830858 0.0512990660263591 -0.0753917348465627 -0.432261604844045
-0.0356454384098741 0.0168336336523808 0.262571303740209 -0.489252918201466
-0.0127586498673619 0.0172163503596487 0.483143392452184 -0.155588395858798
-0.0628190848454375 0.0237597002409121 0.128162625886911 -0.0169629741081111
-0.0212581274421793 -0.0379855641719624 -0.141036268341738 -0.0388130326503016
-0.0222785029642122 -0.109972313941771 -0.49679362851664 -0.0406610176718818
-0.135421081341592 -0.0336652640346315 -0.442957318426212 0.294364994888565
-0.0865941778529895 0.0991778840153368 -0.131857373734454 0.42291682125735
0.0563375117387141 0.100813057248091 0.10617179564817 0.290715016748419
0.0941297770541129 0.00896835651811659 0.11254138695323 0.101927967673959
0.0807016156100215 -0.0538832710762081 0.0358781321996819 0.00877599289479643
0.0552236597233399 -0.0586000270709918 -0.00247877699749327 -0.00827379424892996
0.0417293493712063 -0.0581984604788783 -0.0405175164479243 0.0187536129774369
0.0317541980322907 -0.00903985227505537 -0.137648225010349 -0.0382569865268406
0.00691604489783422 -0.000310364422086852 -0.24720662901929 -0.202591549671164
0.0159476759328903 0.000552237661473311 -0.0606705494464695 -0.489922461038825
0.0517942768955395 0.0411415536537535 0.348234286811902 -0.524560647123069
0.0130387861500785 0.0971024646794739 0.580050673479483 -0.111151566343085
-0.085741479449338 0.0743128898341402 0.175261825091081 0.0173770054354272
-0.0283880443544164 -0.0472922651621839 -0.107018894423139 0.0332228318616602
-0.0524998529791115 -0.0970179557606175 -0.409236681561385 0.0336404987871045
-0.134639917002214 0.00398772359574532 -0.373967053018775 0.292855768883642
-0.0520670516146023 0.120762931154835 -0.10355365716654 0.415928322917659
0.0796234421641925 0.0971053819613419 0.135160978371931 0.298961064479334
0.100460340861785 0.0076122359567612 0.148010376576081 0.0927096438573045
0.0806090538002241 -0.0501058453111279 0.0665763800024539 -0.021347023676284
0.0510303905770316 -0.0587607572343738 0.0167690430847334 -0.0412665323076112
0.0335486552509087 -0.0641015698232952 -0.0358649251799393 -0.00488124699137411
0.0253798673364153 -0.0347978622506821 -0.150061847575877 -0.0643073827125411
0.0297435098553291 -0.0384664682408424 -0.251233336376344 -0.261496827555424
0.0867081104452188 -0.00415819975761795 0.00944997367828158 -0.558849379276152
0.0987691146853016 0.0999117302242933 0.47814093785133 -0.510807081188922
-0.00341279766882979 0.155808373627374 0.656772876907375 -0.0280629719961034
-0.101971534399142 0.095295601398954 0.220592555516965 0.0363509227922712
-0.028317388680296 -0.025405626998102 -0.0710755570946204 0.087963772737962
-0.0368335017577648 -0.0509816711512694 -0.338311124932512 0.082449734971233
-0.0821589192507634 0.0226285176551935 -0.324540351796891 0.302759998081981
-0.0124228764035443 0.087191641211824 -0.0730903250951562 0.427424657919598
0.0704477901304569 0.0667503532739222 0.173335749949907 0.300368444643525
0.0765872098146013 0.00456144092911743 0.185223980352303 0.0770061762937695
0.0605379167008435 -0.0390993455686826 0.0962065406720211 -0.053224294169238
0.0406407180273928 -0.0489743000769411 0.0347914896511845 -0.0702681137662323
0.0309303850921626 -0.0585741190357255 -0.0327074670455647 -0.0312116061843584
0.0345966741037703 -0.0438664794367093 -0.154131584043287 -0.104159602793989
0.0629699251962233 -0.0391955489492521 -0.222925025851145 -0.329053155022636
0.115131491162941 0.0382419318806276 0.117174300745212 -0.591938250576203
0.0723902102981795 0.146896611757282 0.599204647440097 -0.443856722414688
-0.0480238821126633 0.144857034197739 0.695605684496685 0.0710651443580006
-0.095713890014944 0.0700739279374871 0.255946480579837 0.0465053410061332
0.0226977696927509 -0.0243127395751346 -0.224852458705603 -0.0514315295381768
0.0552126980331105 -0.0798515478999217 -0.669224428880913 -0.164198555025776
-0.0473646641573589 -0.120500554092156 -0.687281510651208 0.378439400735759
-0.127268353406201 -0.0643330696356029 -0.176124259662076 0.636062741565583
-0.0899746697010724 0.0478750523482672 0.218736262992076 0.372229716650187
-0.0400206132439408 0.0632930823655497 0.180806127538576 0.0982973928457622
-0.0178942806853339 0.0575758627742345 0.0393744304209899 0.0222018947926232
-0.0104206110803914 0.0482351098390055 -0.0313776058946476 0.05952452478089
-0.0178856560872131 0.0363556571401104 -0.0872717768961591 0.0691276757733259
-0.0353970045587104 0.0251453598945756 -0.183662510563933 -0.0477591604676095
-0.0318197113875602 0.00029763500655464 -0.231479742628027 -0.246417127612086
-0.0213664512512442 -0.0084342588778337 -0.021062860340704 -0.423032045632663
-0.00402662216058797 0.0171695505436372 0.242701251421186 -0.381168320178516
-0.00314638500623162 0.00918426818384028 0.301857348335606 -0.171882529381564
0.011119649705206 -0.00935412450087556 0.0373968441762784 -0.168129135442392
-0.00626029088905495 0.0377858488788744 -0.225967735092068 -0.0811084932121932
0.0843967557285874 0.00238980536800651 -0.674092305962613 -0.207614123739111
0.0181048822374088 -0.0950591800078668 -0.719605289737782 0.330284698727487
-0.0851581788484169 -0.0957703547320316 -0.224486598938532 0.609314069204019
-0.0906356349036162 0.0133396632781705 0.173909321906791 0.377016182941368
-0.043494867109886 0.0394300158844816 0.153933372457715 0.119099738046166
-0.0168107690005471 0.0283165060090542 0.0280767474997614 0.0418123745786095
0.00151844708402534 0.0200761054689224 -0.0375290639890088 0.0696380583992229
0.0105609295800963 0.0134771198728029 -0.0882923436339677 0.0793169393968379
0.0120963298343272 0.0280950829136691 -0.183279762450984 -0.0363620704606544
0.0065307176926527 0.0400519155110442 -0.238455981924421 -0.2292393469055
-0.0371557301392462 0.062476910465537 -0.0454861979712142 -0.418286332941923
-0.0701864459622781 0.0364404460844103 0.215147185777096 -0.400926486824661
-0.0506613272426869 -0.0309475277334515 0.296311896100802 -0.18418265148039
-0.00776655713512376 -0.0402654866788425 0.0285864327344634 -0.152773956490784
-0.0205110561398103 0.0679366487070084 -0.213494818701284 -0.113467847594732
0.0998200347367035 0.0334937447609587 -0.673629172642835 -0.216851373574096
0.0384659035200548 -0.0771244905260436 -0.700270790956986 0.324196175222403
-0.0637193072651617 -0.0906984660150592 -0.220944821042282 0.570194053693588
-0.0700906170333373 0.00515228445764734 0.142655872655304 0.347669761278989
-0.0257235015251305 0.0170930204595069 0.122357995168728 0.119315099684915
-0.00209637215934109 -0.00428531311326056 0.0145129998835194 0.0500316102836856
0.0164671184774641 -0.00812198061267344 -0.0368870422014256 0.0671753831846004
0.0329814565477638 -0.00933689255743617 -0.0763566530959138 0.0744611969369118
0.0474147250849253 0.0295546238153376 -0.167622874083054 -0.0298045003611793
0.0296876235046943 0.0699690955654212 -0.233278493164341 -0.205036543102877
-0.0511794651356536 0.106094366085652 -0.0677834267812469 -0.407185643537968
-0.107086025463619 0.044542733333258 0.197050073338716 -0.425164642544908
-0.0718841564732315 -0.0483636653356971 0.324424275671003 -0.192518251632754
-0.0282366615604492 -0.0463966955340865 0.0422151391616428 -0.115096684197539
-0.0220842023130042 0.0524973028520252 -0.195789026548033 -0.121975311471109
0.0860475910825936 -0.00441098789218861 -0.650767097666213 -0.176516305701004
-0.000514909258195924 -0.0748159073004828 -0.625082056187607 0.336596058322162
-0.0737749801608846 -0.0437755990391416 -0.177898130946287 0.520398172458439
-0.0336716693559516 0.0286511545231175 0.123663249203677 0.30937044767746
0.0113361040246479 0.00554828249849712 0.100321605316835 0.109796004102757
0.023116450890762 -0.0326359879066213 0.0080264232594595 0.0466115963898422
0.0312867655303391 -0.0329970470357806 -0.0304788900983586 0.0512801401530344
0.0431038677462355 -0.0293052836053231 -0.0592478129170241 0.0594923789383972
0.0584063924777745 0.0268720908942336 -0.146089556894219 -0.0252969608304274
0.0272436303055308 0.0744800276549728 -0.22845614823838 -0.176252021318985
-0.0590977194455388 0.100196395070984 -0.0900971975058844 -0.401694446878478
-0.0952535004372904 0.0312304243813767 0.195531889127176 -0.458249038114703
-0.0526995763206288 -0.0332272969414082 0.384732870671197 -0.196272335194356
-0.0465533810601163 -0.0186169853146135 0.0765942068742885 -0.0683670295263491
-0.0235662111199899 0.00921287152905472 -0.174178419785649 -0.0916511355273579
0.0336223234484048 -0.0678565070437604 -0.590110913672613 -0.0945495154339951
-0.0752424704919815 -0.059895661226609 -0.519162057903494 0.3359336867408
-0.0878775443694668 0.0325241929014907 -0.133549571679462 0.465330771493296
0.0157561863222595 0.0666453116662232 0.115412395491008 0.283570677962233
0.0571986616295121 0.00159630428210276 0.0968493900754417 0.100659309950826
0.0516620044120461 -0.0522922100641089 0.0137377298922612 0.032027303917114
0.0415813874173361 -0.0518284715345467 -0.0195220214111799 0.0250806474021369
0.0405980379248493 -0.0464071754845361 -0.0446706427296221 0.0413248948307974
0.0454775919740957 0.0130116240256761 -0.13469673951494 -0.0212028830638468
0.0086632185020662 0.0453651558086193 -0.239062509731248 -0.161191409183467
-0.0398459416729717 0.0465742043197592 -0.108881144924188 -0.423794671481777
-0.0268630738762597 0.0164927370692496 0.226173682140235 -0.505820123541076
-0.00789319820846582 0.0223518183132117 0.474643950278877 -0.186854424146652
-0.0651695520006394 0.0355875496886225 0.124417799245202 -0.0255132054593767
-0.0314857015476714 -0.0284404011941441 -0.142985013076822 -0.0293328472587751
-0.0290545485839661 -0.102787353511799 -0.499674967396254 -0.00744943708032722
-0.130405847459532 -0.0224911899285484 -0.422818888324474 0.323432370508975
-0.0755233632806332 0.100093361940955 -0.101871094011115 0.428346766246251
0.0634477459722833 0.0907923617388345 0.126186775728013 0.279209791347584
0.0919890149254794 -0.000512596776693595 0.116564566338287 0.0930172897725632
0.0714432929488811 -0.0607070331597879 0.032173674270902 0.00730494736101182
0.0455055562891518 -0.0631305700580515 -0.00646391313433152 -0.00737627829044774
0.0306800122666419 -0.0604666219947798 -0.0380995962354057 0.0210384242007165
0.0258220702915582 -0.0129281844606997 -0.140981292271441 -0.0271856115668237
0.00283445403064868 -0.00649196494705249 -0.263064530830948 -0.180888884551324
0.0197071233023605 -0.00887915583103502 -0.0984329471226802 -0.485615241338024
0.0646715263383602 0.0360893986743284 0.310775218635243 -0.54969977426881
0.0234700497373694 0.102434611965979 0.577289784030736 -0.149706074321959
-0.0854994180411447 0.0889071986157949 0.176270077954869 0.00463469767677048
-0.0383738643789737 -0.0377778614537496 -0.102391761318673 0.0392949643713195
-0.059303631831449 -0.088862756682482 -0.404498154410897 0.0608572064818386
-0.129174777734612 0.015438098172136 -0.351964009249723 0.313959488449039
-0.0403540838366427 0.120702741148099 -0.0749264873673745 0.419198581208393
0.0873550715032503 0.0867540238150751 0.155168123784592 0.284755599229759
0.0999684595383654 -0.00221920740448062 0.150628562410938 0.0811520015849191
0.073281821097172 -0.0575852045259537 0.0584845493054414 -0.025657977672495
0.0422610313703611 -0.0633095035821356 0.00787810611745278 -0.0415529436441893
0.0234173105366448 -0.0665245609929267 -0.0384501724105057 -0.00323810645520172
0.0188952626322977 -0.0386027783836843 -0.158335837593475 -0.0523884538540682
0.0247992737574878 -0.0466520135754892 -0.274649757489218 -0.241545400725774
0.0917935716989966 -0.0171714377777163 -0.0331776241478534 -0.561283244455467
0.115914902210489 0.0939722094463787 0.442765577220737 -0.547790912861806
0.00904014984361354 0.162877554131372 0.663478235248463 -0.0726231129088967
-0.100550093402603 0.110114745083033 0.225881958879106 0.0190548369410035
-0.0357008041457255 -0.0174995165286177 -0.0600224403672958 0.0909492782744898
-0.0403788956045397 -0.044434907577072 -0.32841436324927 0.103073603044164
-0.076312815179619 0.0297929847159082 -0.30328746791808 0.321056248752573
-0.00361466576664698 0.0857610084609738 -0.0429903726190356 0.427625812697955
0.0761605803187687 0.0575673162154125 0.192303411810174 0.284522804491466
0.0773385370867832 -0.00249565459441067 0.185381116219834 0.0624594171693885
0.0557847274532327 -0.0441084541663886 0.08438979947979 -0.0602535897512486
0.034088745011014 -0.0524937152373728 0.0225816027503966 -0.0721363797525462
0.0231941200072495 -0.0613167884211995 -0.038790954687855 -0.0294505498327483
0.0292808131784396 -0.0485878688498331 -0.167462474471457 -0.0927246173886019
0.0599385978360367 -0.0483913389804819 -0.251095956575668 -0.314233625418301
0.123426345024041 0.0276332095895043 0.0750912370451724 -0.605801701438495
0.0890780069737543 0.144428904274285 0.575428371995891 -0.486948824757501
-0.0387036067284252 0.153223616975149 0.709524086298607 0.026288105643013
-0.0950146495408004 0.0816734517956179 0.263220713305368 0.025353692557022
0.0176295982326729 -0.0254554809811596 -0.222227914120335 -0.0305605842231793
0.0473522344599267 -0.0820249441728638 -0.656910092943487 -0.121667495129803
-0.0539794022608107 -0.114909080514361 -0.646090504982156 0.405392734149498
-0.130431200055402 -0.054585724971955 -0.131465258349399 0.628836599847392
-0.0851755463544983 0.0528329204560204 0.237261572421231 0.346923841238819
-0.0340657882978032 0.0641228883662226 0.185560781449999 0.0837667257823769
-0.0130496857981664 0.0579717493626633 0.043496525359089 0.0191473251523863
-0.00564110876663837 0.0476902328062188 -0.0220578789585501 0.0589814485791083
-0.0136523880440513 0.0371746010790084 -0.0731450374081866 0.0699273667215281
-0.0325128657954395 0.0287666168247695 -0.175107493307698 -0.0337713298179816
-0.0326009422504973 0.00343033984127775 -0.234570020542703 -0.21734359784908
-0.0230061253432883 -0.00609267144449356 -0.0450408133509408 -0.401154674135244
-0.00341519054867767 0.0154527433469154 0.207083840890774 -0.376928425079352
-0.00303771011502507 0.00594411178686792 0.277084363459609 -0.179942205044231
0.0102292260710417 -0.0134070160777268 0.0172516712511797 -0.161741291270333
-0.00740498545051036 0.0405582328359888 -0.2265461724769 -0.0593969659615167
0.0822641084593777 -0.000155699132884192 -0.665294520263427 -0.163629455287269
0.0143343797904911 -0.0931209364376288 -0.681083087424979 0.363523316427342
-0.0887037714837587 -0.0911000382385776 -0.18164766489558 0.60544504516566
-0.0893833547287411 0.0164477088937804 0.194498299823471 0.354062216031999
-0.0417563271543288 0.0393136678851767 0.160224979380559 0.105603102409739
-0.0155898854542473 0.0297049924438916 0.0329809006020696 0.0388757379523216
0.00177457402341475 0.0198143229574472 -0.0277312610093545 0.0700921394783326
0.0105098135006535 0.0134382113298252 -0.0730328953618065 0.0798244680911954
0.0129206193975755 0.0272781652324301 -0.174156904976461 -0.0225214328515216
0.00677654460534113 0.038709603835665 -0.240304508691198 -0.201775614204899
-0.0335535603320836 0.0622078976163848 -0.0691163500570443 -0.394551603641322
-0.0649000422498044 0.0381925829940825 0.180866600158553 -0.392728124341982
-0.0506897236309369 -0.0287495099038434 0.271106866989722 -0.191377092003129
-0.0110024691755678 -0.0384263684107269 0.0098964793035423 -0.1453757748519
-0.0212249096026123 0.0736846075180908 -0.216250324295424 -0.0932933788598333
0.0998729026579841 0.0318532314316471 -0.666504751501405 -0.172408638788893
0.039679347449856 -0.0769295707979467 -0.663493236727885 0.356583893409798
-0.0646051806319556 -0.0903800712500686 -0.178170555149952 0.566198352642548
-0.0706515383354024 0.00426893403273782 0.162558012179982 0.326771497321642
-0.0276165599513262 0.0160438350588068 0.128682277907251 0.107626178271596
-0.00701302033386283 -0.00280173089133221 0.0196435764659669 0.0479078910327108
0.0118414585924064 -0.00775078773790732 -0.0284174896799398 0.0677555017704343
0.0288590824907845 -0.00928838444759146 -0.0629239734322636 0.0741877483140836
0.0456058176066427 0.0264784913001956 -0.158854028573264 -0.0179409036041726
0.0303162678005894 0.0646893343009525 -0.233410596967366 -0.178250874311707
-0.0439344809523438 0.103112737379349 -0.0897458721242783 -0.382207733885045
-0.0981887571889349 0.0474587433891651 0.16057049571735 -0.416093013810925
-0.0713287595107274 -0.042806551320193 0.298931166194257 -0.201529557978051
-0.0322370919038323 -0.0401370480636285 0.0267686484674246 -0.110397684024384
-0.0245396212033461 0.060453934325905 -0.198769528325808 -0.103840224091191
0.0851988940413697 -0.00211300056927177 -0.640962188523726 -0.131094493368523
0.00437591699058709 -0.0718860330652751 -0.588294328957059 0.363670981185745
-0.0707037541087016 -0.0457826540912828 -0.14029357202629 0.512698176274435
-0.033736777530339 0.0231240874897697 0.139950201611992 0.288548307493489
0.00691044167489628 0.00181765582278498 0.104296751083193 0.0993513412817057
0.0145414932873393 -0.0322240581490984 0.0107933591605997 0.0450132712997761
0.0231115426638783 -0.0327522030973334 -0.0249039112145273 0.0525640174551421
0.0354713751988765 -0.0287568960744491 -0.0482632452355398 0.0590291351069156
0.0546910468964873 0.0225250281319778 -0.138956937853065 -0.0144183764658885
0.0264842337067609 0.0683101187443592 -0.227247310005707 -0.151684185686864
-0.0511508150228208 0.0951143353279978 -0.112478201122161 -0.375949382214474
-0.0852149451569933 0.0329180318156535 0.15721508538888 -0.450539078528373
-0.0503573571626817 -0.02692396814017 0.359877698175857 -0.21026335215063
-0.048382208783264 -0.00893801291771611 0.0650639170450139 -0.0679945024870061
-0.0291666932646906 0.0199729917602378 -0.174829284181017 -0.0767529271764265
0.0303000185044067 -0.0602530901027767 -0.575839718647565 -0.0569680641615282
-0.0675270804138425 -0.0527876953494263 -0.482867680905198 0.35435327453921
-0.0786650887695365 0.0289843681439867 -0.0986743341647059 0.45319914095206
0.0167184734080795 0.056800197866586 0.129266954536798 0.261888112291849
0.0509840898906719 -0.00500457737092548 0.098494989880095 0.0904949611733802
0.0407264169518747 -0.0535016077135797 0.0131533969313799 0.0310556747664328
0.0315895919944517 -0.0518141498200346 -0.0180343784439525 0.0270558663905348
0.0305576204880673 -0.0455117235201533 -0.0380231214614495 0.0410214283106097
0.0403782073768656 0.00933841470038143 -0.129276947813933 -0.0106914327238943
0.0060387121737613 0.0398795478724727 -0.238218936730671 -0.135545714064498
-0.0352212694226904 0.0400951884987348 -0.133771634395374 -0.397079587663626
-0.0172465237214288 0.0139401426248812 0.183654699678682 -0.49902679302848
-0.00194811207485535 0.0258060244901451 0.448961082636278 -0.20813083544714
-0.0638965025905618 0.0466026694178774 0.115935254072223 -0.0305227072651179
-0.0380851036901368 -0.0159707286040395 -0.138819626196786 -0.0199462150655849
-0.032844916535837 -0.0904152276783145 -0.480869147758662 0.0220523752741536
-0.120680899740946 -0.0132306381312515 -0.387405077219329 0.334704079876514
-0.0636027510699212 0.0955059054922996 -0.0712230166859535 0.414424284707964
0.0657234613201375 0.0780419321142811 0.137392953050419 0.257064344381546
0.0863869669861435 -0.00920282729869786 0.115154600948259 0.0821667418737589
0.0600584814367476 -0.0629139643336642 0.0276526920859426 0.00596056862247286
0.0345554550979394 -0.063427513739026 -0.00983095492881883 -0.00502104184227952
0.0197923350909884 -0.0589308386840703 -0.0352021701534791 0.0220882317821829
0.0188995613025604 -0.0150188866628903 -0.138036369618343 -0.0151148608981568
-0.0027463935686828 -0.0114117684145294 -0.265008521310759 -0.153317791690002
0.0208587587134215 -0.0192949259281539 -0.128948176030353 -0.460120725962915
0.074126761396234 0.0282008027773491 0.266038062820561 -0.548565408375767
0.0327130017022504 0.103535559490655 0.553913730514713 -0.177418729856388
-0.0808137052330584 0.100485063210343 0.170731595294228 -0.00636987619416326
-0.0445154502116079 -0.0255069183261616 -0.0931602673640267 0.0432302997387122
-0.0618220409680451 -0.0769534909985586 -0.383064486671722 0.0807569435973056
-0.11847120415431 0.0235645006403835 -0.319749790344005 0.320187037838452
-0.028436385675549 0.114554848968098 -0.0469305720268171 0.40316521266929
0.0897163561135067 0.0732641247739569 0.164564727482145 0.260309591490891
0.0951472856157759 -0.011395329847091 0.145851649303621 0.0683958270809375
0.0633358824280069 -0.0599225871383627 0.0489789145003855 -0.0273334135606998
0.03270929831037 -0.0640278500211777 -0.000400141991829274 -0.0386051607800271
0.0127855411640457 -0.0652814469290748 -0.0393367342126979 -0.000652659587155497
0.0110390524893368 -0.0403271465592873 -0.158480618437354 -0.0384099398996799
0.0174675252328795 -0.052465640285051 -0.282894107100007 -0.212222997383842
0.0922293031337996 -0.0301765823843287 -0.0706222099284934 -0.540791716559892
0.126412626452337 0.0833257291093405 0.397192431375785 -0.557012603422208
0.021163523511352 0.163385371471741 0.641559103917622 -0.107918424571246
-0.0940600905012974 0.120807117639531 0.220717015930916 0.00286759789690892
-0.0398103493251683 -0.00787888126017805 -0.0479408055422055 0.0884514102986011
-0.0417220302956611 -0.0366888678156514 -0.306939052517705 0.115754974815869
-0.0683836369147907 0.0346996572438885 -0.271615351204021 0.321486564395032
0.00445552225175171 0.079926117349074 -0.0176716883715331 0.408191146817062
0.0777221707938174 0.0472594698773383 0.200056453183855 0.257685402532016
0.0747512915447114 -0.00961070689795378 0.177793766479128 0.0483044627050561
0.0491750927856964 -0.046586790211635 0.0698341292482495 -0.0614036345013194
0.0268887975008202 -0.0535669871256906 0.00988765630804332 -0.0688989989125773
0.0146929625239564 -0.0609654920178083 -0.0432007887937186 -0.0257018378190533
0.0229114180609938 -0.0500974658928634 -0.171165230083264 -0.0772448289661821
0.0539774955248086 -0.0550749028287618 -0.267269848882575 -0.286310208780142
0.125874456568611 0.0148315046296779 0.0330662709796373 -0.591005796993802
0.101588426100786 0.13554028399789 0.530781129352364 -0.504979868877659
-0.0281218558964292 0.15452746922631 0.691011625015428 -0.0128430088235792
-0.0905934998759464 0.0903568999972516 0.258942726640433 0.00593022189704727
0.00673578005136701 -0.0229464875886698 -0.212712271144155 0.0142996570717411
0.0252156206550352 -0.0730776965754905 -0.644160683671561 -0.00976082200510175
-0.064612513826581 -0.0854719916492514 -0.551750914577162 0.481530932805141
-0.118899236747495 -0.0229577230256788 -0.0322561941558262 0.612959530622527
-0.0643957022816888 0.0583626033460387 0.279407484573965 0.293918152663867
-0.0219315943359022 0.0624418648142975 0.193159536110656 0.0531921252225031
-0.00234768958665867 0.0564112802793917 0.046136605591171 0.0140227925054863
0.00260068615549694 0.0456321657384171 -0.00773586929500852 0.0592760134229207
-0.0066043393875418 0.0379667050046092 -0.0530894471637897 0.0749245939533108
-0.0276371513117032 0.0333799430287335 -0.167121677436307 -0.00412435357018097
-0.0338597113220428 0.00736976071514857 -0.253134607693663 -0.162793297673132
-0.0246872396476974 -0.00576845089089343 -0.10447872211192 -0.36409752453079
0.000373571387529607 0.0111155344867976 0.132113455911358 -0.382788708479101
0.000233941050601547 0.00188347919566322 0.225568877880633 -0.209757390323071
0.00651780215844842 -0.0191557577247675 -0.0147679650668487 -0.148816493626941
-0.00930554653072343 0.0454096247352022 -0.223343994150865 -0.00978115765406809
0.070403234529111 0.00136054164911707 -0.658534746519774 -0.0469258612238921
0.00483954510108446 -0.0749518982362822 -0.589328300460941 0.448497622154294
-0.0849883509212728 -0.0664042113665812 -0.0797662705759271 0.59935252257844
-0.0749384793049607 0.0236806813536355 0.239789120575387 0.303429585252339
-0.0350973445625221 0.0397657986559383 0.172003244792167 0.0764765653466805
-0.0113453289835594 0.031459552883839 0.0395559126307685 0.033222249056026
0.003707304514846 0.0200473062323834 -0.0111378159052481 0.0707669850788667
0.011502846807811 0.0132320384179303 -0.0512165648102051 0.0844993378388774
0.0143629583263112 0.0258208007521548 -0.165157200765304 0.00739580246685225
0.00635833359237392 0.035560181902427 -0.255660674727377 -0.147220860124919
-0.0255087534200165 0.0578553455080654 -0.126401579317065 -0.355847481912711
-0.0530430478269969 0.0385327636470931 0.10202182927302 -0.395952197347726
-0.0478100116690173 -0.0233191592246576 0.220585326067625 -0.2200138007957
-0.0169991495191185 -0.0370680814711835 -0.0184983729011222 -0.132290513963507
-0.0188552361830911 0.0802569036944954 -0.222555443778578 -0.0420335982800282
0.0935186953786125 0.0314852709345807 -0.659073110672301 -0.050746749061395
0.0338613218006536 -0.0639876178436478 -0.56948599513407 0.441417262204228
-0.0617753317392 -0.0727478879487874 -0.0806345863155023 0.562019437255432
-0.0619198465407967 0.00782774012759017 0.205385888087319 0.281546477024712
-0.0271459902009031 0.0159109985066643 0.140978381232685 0.0825266701696955
-0.00987438177223276 0.000164025516594161 0.0276032381357338 0.0428020049184965
0.00772330345716054 -0.00707076053787673 -0.0131906316030719 0.0687782032688849
0.0240397910776495 -0.00997362578080369 -0.0429966435067683 0.077909567556419
0.0441237945206973 0.0203224320098478 -0.149952779703629 0.0103261927880811
0.0303590744838151 0.0568753553714639 -0.244999046055394 -0.126055779358538
-0.030112519073999 0.0963770593800342 -0.144165609166249 -0.34127691651806
-0.0816224522282498 0.0500977362241719 0.0797557380485121 -0.414458512368705
-0.0668583231326969 -0.0323974535452827 0.245862774456945 -0.234727780923522
-0.0373258374778913 -0.0322400252898262 0.00367561255046033 -0.102743490845105
-0.0240498729056649 0.0701583546015015 -0.207531362257467 -0.0572318751671185
0.0771422875831639 0.00312432850464622 -0.629060016777977 -0.0173667789944972
0.00430648860047109 -0.0560210111832314 -0.496371634109717 0.435485028764854
-0.0605857332765581 -0.0338213188630154 -0.0532503476864893 0.504655921944355
-0.0255706014205811 0.0190469117408213 0.179567496935772 0.248927812567117
0.0027338746652473 -0.00206331875828415 0.116013483440738 0.0775442755487901
0.00442846234052872 -0.0303346674444344 0.0188786415860151 0.0416555049417885
0.0132707605351744 -0.0315168430269639 -0.0131424765057374 0.0543319370565119
0.0263338257140369 -0.0289460114887402 -0.0328748954667278 0.0620008881887296
0.0507047982733166 0.0149640588651054 -0.131551445595813 0.0107651559046946
0.0264038640372441 0.0600136645465235 -0.23536481285013 -0.101174882021525
-0.0390262205634033 0.0870166366551917 -0.165968437196125 -0.331777835804216
-0.0693778203608671 0.0334076910751496 0.0709836043459951 -0.447393377704178
-0.0425801997556267 -0.0188276031897322 0.301564822201204 -0.255281014890525
-0.0485086347397878 0.0023030655128211 0.0470445213263864 -0.0699577799273958
-0.0323032650536883 0.0343026962553173 -0.178905693341539 -0.0392723138541365
0.0199848579891481 -0.0441099269815981 -0.556202930765208 0.0410464208237931
-0.0585612987394743 -0.0307213506544626 -0.402883753553185 0.408784927965412
-0.0579382598504175 0.0358726427775964 -0.0268109716787923 0.443546531023804
0.0257981703478796 0.0431533125572522 0.165848947699099 0.226975572278508
0.0437635704474084 -0.015055624702948 0.10888767214749 0.0698991385295297
0.024798704837993 -0.0542471859152486 0.0184620999334473 0.0284338300254798
0.0180292754048746 -0.0507512685785715 -0.0124289316018415 0.0303231101902827
0.0173850893935032 -0.043897690689449 -0.0269361050078674 0.0446461050898987
0.0339973417334378 0.00430406443205957 -0.122355941609765 0.0138413672225146
0.00231216186130669 0.0344046131468552 -0.24457956455748 -0.083434245530746
-0.030376899420282 0.0298802564130883 -0.191032717839112 -0.347908652525663
-0.00566895903289749 0.00644799654563876 0.0894095767677582 -0.499390596282214
0.0131302923094986 0.0263908927055435 0.386799959042637 -0.271556416393466
-0.0553397799909498 0.0596034655025283 0.101681551969355 -0.0437946634114889
-0.0435579064874716 0.00209455852928543 -0.134102346332557 0.00460463194212111
-0.0419022950060716 -0.0655750305221032 -0.451581651566944 0.0976756152516328
-0.103018251446591 0.0113776555155087 -0.318851567847046 0.373245306551095
-0.0348588978451551 0.0947451760887279 -0.0094481251227208 0.404343809715335
0.0747704676095499 0.0560909070482735 0.173906072708074 0.22222949707161
0.0770358175517289 -0.0240737995449625 0.123596399763774 0.0594403250265063
0.0425419054354347 -0.0673971073916236 0.0275381955172299 0.00277342652746785
0.0196192374623859 -0.0619650701327875 -0.0114007876814886 -0.000993980972734166
0.00469265416352354 -0.0553344052890013 -0.0290507640196419 0.0272820608970269
0.00979739777979779 -0.0166437595598785 -0.133011978170421 0.0120314845434591
-0.012334022896349 -0.0145523926119968 -0.276419356710456 -0.0953279550740404
0.0167768570332407 -0.0361007370297299 -0.199367219877503 -0.40921526553741
0.0843506959683132 0.00903132913628365 0.159188005137605 -0.561286101813051
0.0585391529144585 0.0966814169007765 0.489035107063787 -0.259887082997819
-0.0637242645535394 0.113673230496513 0.158123820352555 -0.0318520481537395
-0.0478580385063152 -0.00646921898484425 -0.0794693309446687 0.0538658869368739
-0.0663149933290327 -0.0508756506577816 -0.348899621834036 0.135362189236944
-0.0978155902044881 0.0445637714660311 -0.258143259831324 0.348194418671813
-7.27595282406651E-05 0.108287467259091 0.0108333173120995 0.391201575351406
0.0971493232775223 0.048895552316531 0.200716907700915 0.220779581882539
0.0866961918425694 -0.0275063618515035 0.149818334799184 0.0421087389992282
0.046395862393596 -0.0652404789785756 0.0417296170627552 -0.0316827061897745
0.0179547564682442 -0.0630132412416528 -0.0096049961090344 -0.0334817068855542
-0.00244769102925981 -0.0616546406928581 -0.0386418058039513 0.00737938647319305
-0.000714789097391783 -0.0399628908771647 -0.158852522222157 -0.00665839866507297
0.00321137494627025 -0.0565009753189787 -0.305076606292366 -0.149561261392472
0.085520344376592 -0.05552301081094 -0.158534003340573 -0.498024687913603
0.141218828941093 0.0566487079407053 0.283915096903642 -0.590702212781044
0.0545630827406049 0.156175323396841 0.584855527667875 -0.209041845365675
-0.0735980952672461 0.133295948491583 0.207753897896226 -0.0322355760861786
-0.0390719092937225 0.0075962817133439 -0.0279289630513738 0.0874493228376399
-0.0419584533589064 -0.0191693692431773 -0.26985999190495 0.155292347104144
-0.0513344844702421 0.0479819960060459 -0.21043497982351 0.343309885299682
0.025278744827532 0.0728951859067127 0.0420938081115456 0.390436470669936
0.0837558611971301 0.0263870276520562 0.232421494580011 0.212373517782421
0.0686251935355504 -0.023461111367381 0.174695738806863 0.0184756364538693
0.0365390497813963 -0.0505146730120289 0.0543712006420239 -0.0673838206748247
0.0154594769084657 -0.0540605705910999 -0.0058109613727595 -0.0634434377601404
0.00154657367426717 -0.0588311597070224 -0.0486676380982029 -0.0156188946586224
0.0103662072220978 -0.0512366887077885 -0.179517108456276 -0.0410689294344948
0.0390505310247659 -0.0628418433237708 -0.304216774261831 -0.224100312040856
0.126260957926998 -0.0146827847279977 -0.0701945129052413 -0.565662239091093
0.121800817827804 0.11101759199447 0.418741407840828 -0.563647684772464
0.00545821731025148 0.155080740043016 0.64807471690933 -0.129705624469528
-0.0736186052569439 0.101289238471392 0.245455847932987 -0.037403737498183
0.00470420935296868 -0.0201902898727321 -0.205343307763724 0.017940664435462
0.0237678394515896 -0.0714935923517548 -0.623849158564839 -0.0200781310939712
-0.0633499447457518 -0.0839795771744246 -0.545352290282742 0.459194818533291
-0.11810322448616 -0.0224588775888811 -0.0387765423932925 0.594388083728505
-0.0638656006933014 0.0571981396186901 0.269977208874875 0.286653852631144
-0.0218135141994173 0.0600873862601113 0.190104711391412 0.0511774377595159
-0.00150272171207838 0.0548939089142384 0.0481016551443925 0.0131320421961567
0.00351893416019666 0.0440837215566219 -0.00354443475485465 0.0563992077999381
-0.00568994437686888 0.0366394355017966 -0.0458204757002652 0.0682539967557686
-0.0258572608063769 0.0335832893797465 -0.15594776417742 -0.00551411407699486
-0.0342259521400972 0.00831055672737313 -0.237007065378585 -0.155029887061976
-0.0259746267772254 -0.00456827358277175 -0.0936852775543872 -0.347593314175924
-0.00125838693362352 0.0097672111051143 0.131373675075438 -0.361581376995491
-0.00159382284961203 -0.00110868680961111 0.217225629017162 -0.194176532729884
0.00545472870972822 -0.021280489533009 -0.0201750378473227 -0.137488173600491
-0.0118918906108837 0.0491307043993898 -0.217644054530105 -0.00580324258148188
0.069404839152768 0.00465205236401961 -0.636758442329377 -0.0550137025223384
0.00808783393643274 -0.0727995219425553 -0.579395303232946 0.429217727168568
-0.0830707038048092 -0.0685649541949851 -0.0825271460260247 0.580574718286424
-0.0758900989053928 0.0213108262850773 0.231939198789747 0.29583130015578
-0.0365078865373228 0.0382271811983364 0.169429833208209 0.0745816880314327
-0.0123402897594597 0.0319433391216783 0.0417388537192683 0.0316379637092294
0.00227056817194387 0.0206115333296085 -0.00674075500192751 0.0679539058487365
0.0103327968802312 0.0139048073585243 -0.0446941651616104 0.0774852993813791
0.0130624967691364 0.0263885662065883 -0.15402788459248 0.00511804742643992
0.00386379886059326 0.0353582117251014 -0.239462579091645 -0.141027525479343
-0.0272367188768674 0.0557818690677142 -0.11489127805868 -0.339692798828152
-0.0516299073446028 0.0355493319814635 0.10235284760418 -0.373994016467605
-0.0467733613368988 -0.0244736958760312 0.213131285331774 -0.20444892530744
-0.0177175997068597 -0.0361901837726169 -0.0235992117447693 -0.121807579061551
-0.0217980258275781 0.0856400066036976 -0.215854500277533 -0.0382025113789078
0.0931952992387133 0.0366890720129167 -0.639491194854128 -0.0581026509892229
0.0405014659007911 -0.0624353895848563 -0.559902249576105 0.422889954302357
-0.0591405361302544 -0.0774822778400787 -0.081984057851523 0.544765726820957
-0.0638545133335834 0.00384821305303406 0.197476103741584 0.27280437524122
-0.030494946678832 0.0146659046126459 0.138142483425804 0.0795664323787915
-0.013053344636698 0.00154074288838209 0.0287373547850794 0.0420096820408352
0.00479881655219225 -0.00474794106333884 -0.00920239476311503 0.0671436967020541
0.0210615115491025 -0.00752242210579836 -0.0370199643487698 0.0712468677143073
0.0409549134528423 0.0209012179196945 -0.13981548758904 0.00788447009818798
0.0260177525534368 0.0553548669337078 -0.229682254474519 -0.121190259305662
-0.0322699396673874 0.0907218871614167 -0.132527103537596 -0.324987075138915
-0.0783351209350671 0.0449659680014798 0.0814660305035285 -0.392811440891334
-0.0638308816513051 -0.0322811675886131 0.238386326448574 -0.22037577654107
-0.0365012783767664 -0.0283907081330281 -0.000773281532928931 -0.0931240739967071
-0.0270618041211938 0.0782340145903314 -0.201283829946236 -0.0538143873894458
0.079052053399525 0.010261635572839 -0.609335857117263 -0.0245369340052641
0.0130798022499431 -0.0553107190799205 -0.486081610671466 0.417399393372606
-0.0573820365883044 -0.0418224703294437 -0.0547362725938047 0.487140233981637
-0.0298293782972747 0.0135179355017116 0.171761535451332 0.239030996387509
-0.002439185211594 -0.00328670093201107 0.111855378445558 0.0749612198082862
-0.000360402433695988 -0.0277756219171772 0.0182460107040442 0.0411098905651524
0.00890944578510921 -0.028235990322238 -0.0107068522522905 0.0536935815688767
0.0217870424068262 -0.0254325806122551 -0.0283606219528572 0.056593169288764
0.0457341835444467 0.0161227654447411 -0.12249661511529 0.00934501932252844
0.0206547507663387 0.0573818201704943 -0.221253969261751 -0.0966539723839376
-0.0403433522145251 0.0786320208850814 -0.155019956118629 -0.315635474527889
-0.0638503912546626 0.0273798986949085 0.0719608602598751 -0.42593151976646
-0.0375791744977971 -0.0171880338352644 0.29393599418075 -0.240341341287329
-0.0480581931103808 0.00793938891975122 0.0419691335371496 -0.062314458888598
-0.0348842556292782 0.043887227899351 -0.173136158266292 -0.0385189631770211
0.0243068766920198 -0.0358527627150152 -0.536927570587756 0.0336259504630801
-0.0481782479472863 -0.032150892830591 -0.392589474384066 0.39058443181419
-0.0553676387159768 0.0258901406660338 -0.0289353664237491 0.426178353821214
0.0204801117119692 0.036564715115314 0.15741862535046 0.216458332712362
0.0376814525960664 -0.0158675203651419 0.103140618214977 0.0674516657667033
0.0197438607264871 -0.0510229798244428 0.0162498095973455 0.0292649787117801
0.0127799705669838 -0.0467203085877166 -0.0118872902535117 0.0307173285599189
0.0124014686692075 -0.039448511945196 -0.0239140332768456 0.0410628174225502
0.0287282081239748 0.00491534137289206 -0.115876819852155 0.0133110806745787
-0.00375829814718489 0.0313070974048376 -0.231074433837395 -0.078330790805592
-0.0321844017600471 0.0210198093024467 -0.180738059542478 -0.332340527484238
0.000430003339656804 0.00108947211987343 0.0900946738580243 -0.478338818504562
0.0169561120520986 0.0282324785457574 0.376660701877473 -0.256748009799856
-0.0555870841554413 0.0653804887719093 0.0968383599006714 -0.0389986485628725
-0.0446927593555491 0.0126834433518954 -0.128510621935826 0.00364691875592041
-0.0359709360904803 -0.0580588770468227 -0.436000869858413 0.0885279439517662
-0.0927173197937802 0.00918154071323838 -0.311260214496518 0.354343112027523
-0.0339313301219192 0.0846267468946947 -0.0137135523447133 0.385566606882741
0.0690187386479363 0.0502932977193531 0.163680099477507 0.211476840792373
0.0711871718455949 -0.0246204792882424 0.115758955077314 0.0580317868995665
0.0367340460038814 -0.0634222188625484 0.0231960604250483 0.00521375771932869
0.0142912983764228 -0.0580998112801346 -0.0125539578609232 0.00184502180120603
-0.000826275466760882 -0.0507364773266746 -0.0281297078037391 0.0256243045299742
0.00433777786461838 -0.0158812300215287 -0.127800420550039 0.0128470015069085
-0.0178530522219123 -0.0174473002671675 -0.263729693042587 -0.0902254240795965
0.0160468195677142 -0.0439125336740126 -0.19011594743863 -0.393995716078189
0.0892719302884279 0.00472413005437334 0.159138530203727 -0.539572348771325
0.0602363573650976 0.0985754792705874 0.478441710010397 -0.246276990382136
-0.0649018099409363 0.118793355600672 0.152921892437293 -0.0281437343568115
-0.0485797288069534 0.0030117216202493 -0.0740604564448144 0.0497645484960186
-0.0606261087238147 -0.0454839675171106 -0.33496882162614 0.124384308275337
-0.0901314337322812 0.0422227779690659 -0.252182286996772 0.330814685566594
-0.000324189418334803 0.100209625719211 0.00566792937002879 0.372508842925502
0.0920688525664527 0.0442420573979681 0.188088988687597 0.211951187386428
0.0815755311093899 -0.0279090406517903 0.140296511854484 0.0423667208597163
0.0425179661842137 -0.0623997197259807 0.0353652274472767 -0.0268365674865706
0.0139412335254117 -0.0595138436441379 -0.0123951842584266 -0.0293665172697159
-0.00728138224046917 -0.0578939853234984 -0.0392308956605914 0.00782867200204151
-0.00526846485180496 -0.0396437527153872 -0.154042813902813 -0.00422810059092439
-0.00142719998410655 -0.0585503397117445 -0.294458713878709 -0.143580417173716
0.0853383412564776 -0.0612316389917351 -0.150692747278688 -0.480957992173407
0.144194691552843 0.0535694675916851 0.281920769352276 -0.56824300050758
0.0542492671197478 0.156898214313386 0.572662563356361 -0.194823360032134
-0.0746105380963387 0.136678466746503 0.201968090285002 -0.0305812294890991
-0.0392824263760247 0.0154025772190618 -0.0237876815966282 0.0811312263754106
-0.0389495533739344 -0.0155643742933349 -0.259171120909018 0.143002293977607
-0.0465561620944602 0.0457442474631743 -0.20694812208521 0.323843953222088
0.0246188905053289 0.0669905062710964 0.0339090798564122 0.372923952711014
0.079317916086341 0.0234309840314467 0.218702309229814 0.203886098102918
0.0655404710094864 -0.0241694188131282 0.163881069274653 0.0201766245208785
0.034032799452838 -0.0487344931923056 0.0467147592898131 -0.0605087340735665
0.0126490791567448 -0.0514010421285211 -0.0105020846697769 -0.0572200977777177
-0.00210967171839939 -0.0561255780678247 -0.0500425455111131 -0.0140977644793612
0.00753324523747562 -0.0509021218704201 -0.176020518462698 -0.0386755649377027
0.036178950213607 -0.0640665958777342 -0.294334016099058 -0.216403119862224
0.124691812283429 -0.0177404347465332 -0.0624927275834327 -0.548047044711698
0.12267337077414 0.108261811948438 0.413079829183876 -0.541740947893805
0.00391740169995118 0.154064236506019 0.633190717550292 -0.115835963293703
-0.074496974671623 0.102624388715181 0.239114465004286 -0.0364337471392869
0.00337434065726145 -0.0189955640392535 -0.205646338886609 0.0188117389333904
0.0246038014035513 -0.0721835202289545 -0.62467741356825 -0.0415410264336831
-0.0614143891161373 -0.0855377387033113 -0.564233691741287 0.447562610668526
-0.121518786580431 -0.0247836494912454 -0.0544052683103718 0.59847245341071
-0.0663761327539716 0.057565515268143 0.267470096193129 0.293819991456683
-0.0234655882070477 0.0604935127968469 0.193446796195542 0.0544082790562708
-0.000999331295015702 0.0548676948946672 0.0519039687233198 0.0136125569333814
0.00441127908690253 0.0437943069674458 0.000324944430947162 0.0558279576416753
-0.00626111782571844 0.03702785801212 -0.0418083328208984 0.064800745275607
-0.0262166625929928 0.0348071227699919 -0.150546299846289 -0.0096141975568055
-0.0356161367725363 0.00898651320986604 -0.226584878403792 -0.157335058639562
-0.028084667738593 -0.00324732697425935 -0.0799437648274413 -0.345010271791268
-0.00298478871480879 0.00918573649860565 0.14016064659306 -0.351760501078923
-0.00349612228652874 -0.0042435759938282 0.219810031290002 -0.182995908163654
0.00439284607298117 -0.0244776069444679 -0.0235517780636835 -0.131465721091554
-0.0150630815188719 0.0545449873791709 -0.218370599814726 -0.0051109749445413
0.0712316563740817 0.00913430438469177 -0.639472065433116 -0.0747133480016371
0.013759088116506 -0.074266712123888 -0.597954532831049 0.417652155267944
-0.0833210761409926 -0.0744407455191226 -0.0985785000473893 0.584664504490963
-0.0796612727278392 0.0184929759626871 0.227756024996558 0.301808054281262
-0.0404048099693397 0.0377635781763826 0.172051787338632 0.0771601362498949
-0.0143402921039446 0.0322110714146901 0.0445747068665335 0.0329701682711101
0.00146061944546488 0.0214293893912507 -0.00320088679460588 0.0676301519937872
0.00911432106060649 0.0152408046273237 -0.0409149916304498 0.0731808169127996
0.0123426913065885 0.0281973487458284 -0.148631858543918 0.000891405113780598
0.00149256106086934 0.036526948315907 -0.229957472926712 -0.143685208445466
-0.0309189915835714 0.0549564103466156 -0.102125881503768 -0.336414333400009
-0.0529063232901761 0.0322929041693677 0.112281907066045 -0.364497502232092
-0.0473185096838908 -0.0271219270754492 0.216346880556354 -0.193407477243754
-0.0182542913860768 -0.0362816453363309 -0.0264162081912859 -0.11557376696575
-0.0265321977301723 0.0942365520664004 -0.216243506532179 -0.0387533036796112
0.0960335968916304 0.0444184465535258 -0.640957258771182 -0.0763702703296922
0.0488818365579734 -0.062703548659094 -0.575826463078195 0.411021478363978
-0.0576792983453558 -0.0868257368789861 -0.0965489005718589 0.545052830031264
-0.0686066288008686 -0.00107108524829424 0.194099520665014 0.276687343294584
-0.0355442777825476 0.0136884751117388 0.139130474333107 0.0819014267069876
-0.0164089378223008 0.00322810044136711 0.0301179138728204 0.0429099887907099
0.00269095505707876 -0.00335004892251799 -0.00640458136999897 0.0669989254595734
0.0192491271766625 -0.00521108836008082 -0.034101260985147 0.0677301411251706
0.0395384168885544 0.0234759758089594 -0.134861045144973 0.00394336981538149
0.0222910154403041 0.0561735262692283 -0.220093798669614 -0.123377031978041
-0.0365890542110736 0.0877637391606814 -0.121583335348042 -0.324165241292997
-0.0783392967734882 0.0399790197604227 0.0897032489646522 -0.383641138065583
-0.0625349725304316 -0.034382936489499 0.243597071091926 -0.209318220935204
-0.0374326020668616 -0.0257225354555254 -0.00389501970937984 -0.0868245528605072
-0.0318504203987646 0.0893778659961703 -0.201396896587274 -0.0560503836693014
0.0837754140043739 0.018803264500347 -0.612094247831339 -0.0407411792927526
0.0233152326958522 -0.0572219896558516 -0.500336897235128 0.408621957808193
-0.0562508030446615 -0.0518988027075588 -0.0651906758526428 0.484886058538901
-0.0352774734602064 0.00799970704062068 0.166659156955079 0.239950727888683
-0.00750098549746151 -0.00424379372689699 0.110596315343262 0.0764592465079486
-0.00441892492099297 -0.0258858175333236 0.0175302030932411 0.0423984684200512
0.00631036871680395 -0.0264173783072325 -0.00889004130643819 0.0544719553369747
0.0186559974114838 -0.0219749815760523 -0.0261111663071978 0.0542468143657448
0.0429205275371293 0.0181368201449458 -0.118648039001749 0.00641855319732596
0.0151473257323353 0.0574133457899922 -0.212691569372334 -0.0990076883843199
-0.0459637279756925 0.0735107964880671 -0.144343405877516 -0.314367723421562
-0.0609867032916824 0.0213935012906262 0.0817982018580359 -0.418379068019149
-0.0347924288861793 -0.0172806432499971 0.300434593056456 -0.23078072766853
-0.0502134794337061 0.0135450690766362 0.0401636377724626 -0.0559579890020424
-0.038197939836987 0.0553686304755031 -0.171941212668018 -0.0410465434147201
0.0301297479232787 -0.028707648795608 -0.53937614898564 0.0193695860996899
-0.0392479646601792 -0.0354510533741506 -0.404008444127026 0.382522608295013
-0.0562451792595508 0.0161806602361385 -0.0384823613710733 0.42296225011934
0.0150372536518918 0.0320213807362029 0.150646314799125 0.216098482677887
0.0329192125396275 -0.0164786769711819 0.100370087636429 0.0686012895657113
0.0156415421799705 -0.0494394368109827 0.0144228945448557 0.0309655738017358
0.0094272277595594 -0.0443617238222793 -0.0115162965737965 0.0324363552525588
0.00819318133220019 -0.0362015669963566 -0.0226381285268274 0.0391732293506945
0.0241666407089512 0.00628898368047095 -0.112929783203249 0.0117843929915468
-0.010247394751641 0.029501362164317 -0.224900065066513 -0.0803969108151766
-0.0349303709577216 0.012452858025773 -0.171407463779539 -0.332355088441537
0.00640734450433621 -0.00422351768764784 0.1004540409121 -0.473595731799089
0.0211564300971393 0.0315939443667096 0.386401238004512 -0.246055893951722
-0.0594189004664784 0.0729205750645352 0.0961198929599222 -0.0330805858276936
-0.0470720308185704 0.0233333035552153 -0.126603259011278 0.000664271435941013
-0.0303565576554089 -0.0528638363457527 -0.43703832509918 0.076106858260453
-0.0860871741131021 0.00575396887293937 -0.320904949268201 0.345920420131441
-0.0355673310261835 0.0773033292083495 -0.0235488554580254 0.380243748630354
0.0644226563607953 0.0472955102939997 0.155318202271609 0.210807929867962
0.0678590770084323 -0.0246960868278241 0.111867095193478 0.0604050572848772
0.0336479548236798 -0.0620538188520568 0.0200394139584653 0.00825321506682216
0.0109960344411622 -0.0560223200891284 -0.0137157291466208 0.00419753464538858
-0.00534743066157287 -0.0476104748752117 -0.0280945813636942 0.0248892557656708
-0.000683589662541256 -0.0156037618573322 -0.126929937596568 0.012279677900197
-0.0239785631548997 -0.0210700175386457 -0.259538855705103 -0.0916893398758029
0.0163180544057019 -0.0527814575633571 -0.181423700989931 -0.396810632166769
0.0979490224469343 0.00266115435928692 0.172300898202584 -0.535443835310805
0.0629502379751061 0.105174894021184 0.490191694172873 -0.234390054057905
-0.0703380069153259 0.126913304777224 0.153877239983013 -0.0232925714479657
-0.0493577740933667 0.0121443707587447 -0.0719436981900575 0.0465224341803121
-0.0565373229920184 -0.0425250244195717 -0.336093482121447 0.112955766084422
-0.0860139321760578 0.0390948704938318 -0.259665285847421 0.319823906726611
-0.00192374341276217 0.0955498784632867 -0.00663347174812347 0.367417736476719
0.0890315607219974 0.0428252149981586 0.1795245024592 0.212242180025654
0.0797670008379032 -0.0283385411428683 0.136185774146293 0.046019826523017
0.0403198301607762 -0.0609027404403086 0.0316294072996748 -0.023151663865241
0.0114071579572964 -0.0579563802227816 -0.0146604208224157 -0.0256170892295658
-0.0110881259967119 -0.0557087231207926 -0.0407372473051908 0.00773454666572228
-0.00905025904654438 -0.0404602002963533 -0.155562698694156 -0.00460230955239734
-0.00492691398228245 -0.0633438536874954 -0.29241334835031 -0.146565419858644
0.0887430936523212 -0.0679949623540391 -0.140968472398318 -0.48655995841816
0.151936608504252 0.0547885019821763 0.297432341230864 -0.563257117591393
0.0532945795361496 0.163832834763978 0.583778407832073 -0.179511007457774
-0.0803976079131778 0.144177839154035 0.204641233411703 -0.0269190005385121
-0.0401274891589766 0.0225539567824358 -0.021353072228587 0.0775284543131625
-0.0363800995769896 -0.0129970204396709 -0.260117461022433 0.131934024865724
-0.0443847288949542 0.0447664152687255 -0.216222513298661 0.314176153225129
0.0232902004286674 0.064678448732793 0.0212943800881146 0.369881926237935
0.078341958470696 0.0227548431836121 0.209564852073861 0.206288196365227
0.0646479598728992 -0.0246469215153344 0.159605385705959 0.0254681193588936
0.0334490525600287 -0.0480460444099919 0.0423957349850826 -0.0557869173734793
0.0115681413974428 -0.0506839433963268 -0.0141476911155776 -0.0533079412728035
-0.00448094325344835 -0.0553232298571385 -0.0530804819080166 -0.0134407293743338
0.00595748645045264 -0.0520195169428075 -0.178412957941485 -0.0401197383013579
0.0351269993188976 -0.0674580441459283 -0.292516988363547 -0.221913935423779
0.129079449629094 -0.0198758291011296 -0.0514135061003166 -0.554235380166014
0.126728315305924 0.111578577142846 0.431675957839732 -0.534845050246053
0.000103702076589465 0.158592266046698 0.642548384324421 -0.0975032648222683
-0.0795898499460813 0.107564227375132 0.242264343841407 -0.0343658122167877
0.00302601098297668 -0.0185089682315139 -0.213198231658232 0.0228966111942653
0.0256958397998795 -0.0762245714632434 -0.653455737717387 -0.0554572201775667
-0.0644571295702305 -0.0905595388975301 -0.599810592809663 0.458049839964872
-0.129800688965302 -0.0257634597981355 -0.0636865414879791 0.627146374420621
-0.0702680012971377 0.0605063448437473 0.278269033249078 0.308350133831584
-0.025502058829108 0.0635503533496307 0.205167119832851 0.0572507636384153
-0.000294878898609778 0.0568278242393509 0.0586895141827981 0.014139381052936
0.00511676798956896 0.044722301306079 0.00522633820777678 0.0574305988993354
-0.00579919184674397 0.0388975858331968 -0.0383508967535239 0.0633274732174054
-0.0263015857383188 0.0368188021209906 -0.150568311244863 -0.0124050051853793
-0.0380708423999592 0.0103844194600407 -0.226832889223089 -0.162477312168015
-0.0319044852305617 -0.00203930587094439 -0.0742433556738965 -0.355144066179943
-0.00404564050825068 0.0081383022157993 0.150540802791035 -0.357326025472563
-0.00689707148784408 -0.00763689700285997 0.228065766128881 -0.180001274706495
0.00306902687068186 -0.0278795906651052 -0.0294094213459023 -0.12895334236466
-0.017257591409291 0.0627628573101739 -0.227262433457168 -0.00257062786237283
0.0754342467959859 0.0133576155839503 -0.667335563171639 -0.0881706733276739
0.0189368539522875 -0.0779084194109462 -0.633404602045876 0.428172275808899
-0.0883127524868085 -0.0819206215891529 -0.110674477025627 0.610841955758608
-0.0868536674617942 0.0173673505876999 0.236708746815393 0.315792680083774
-0.0455571791775256 0.0395725878557816 0.18202013362303 0.0806051796483635
-0.0169750872275803 0.0346925969818211 0.0500445643802161 0.0338485532637317
0.000728226827728066 0.0228427526074786 0.00163211536269097 0.0693523585393861
0.00909903443889463 0.0170944634284267 -0.037220795604284 0.0722636397392985
0.0126321167463189 0.0303431596163519 -0.1492428705048 -0.00169648082449458
-0.000743037109418293 0.0386202986331212 -0.230332035635034 -0.148932061176042
-0.0355781781112621 0.0572389530211231 -0.0970687616194495 -0.346989508083103
-0.0561350705468767 0.0310944688205712 0.122106649729303 -0.368962367999249
-0.0502929703885623 -0.0304230765827787 0.225645452509186 -0.191734871570598
-0.0200553586798406 -0.037142899361003 -0.0325328207573158 -0.112215226917776
-0.0300406432936525 0.108065006622594 -0.225688843684291 -0.0378003876123686
0.104262506495842 0.0530884326406713 -0.669495000886735 -0.0918581883321784
0.0594534464032258 -0.0665946526671142 -0.607957886746702 0.42377005310807
-0.0601450971599779 -0.0977170180695025 -0.103880466137534 0.568479216846483
-0.0761454667672526 -0.00511860130049535 0.200721132265306 0.288152242117167
-0.0420957595298855 0.0139845551985779 0.146335306479965 0.0847735588518808
-0.0210262916893017 0.00513140538974101 0.0337667571780925 0.0449928546801448
-0.000325622868740194 -0.00140802920196712 -0.00228386908650689 0.0692905623027422
0.0180246775077946 -0.00313821936899709 -0.0312825567453043 0.066555536664168
0.0394328729363503 0.0255751606798875 -0.135032405598768 0.00172941084557217
0.0196940487165744 0.0592919659010715 -0.22034822119138 -0.129123986559157
-0.0427720126146547 0.0887433592676128 -0.117378604077455 -0.332309546517682
-0.0809495130943889 0.0376896896403489 0.0994600455972139 -0.389994547957389
-0.0641552479642724 -0.0365642146027491 0.25483893228496 -0.209580212545838
-0.0405675227519947 -0.0231441500758225 -0.00819987684091156 -0.0828704577276901
-0.0355621867414088 0.104766283209138 -0.209403942110535 -0.0572908151365499
0.0936788784489833 0.0277759400494096 -0.638596436158593 -0.0510143661409426
0.0340494595864074 -0.0616259033422493 -0.527891249327473 0.420674120616693
-0.0584209722953058 -0.0637029671225821 -0.0723489375299206 0.503766963310564
-0.0420801892425932 0.00347425557268266 0.170437414141774 0.248087982865294
-0.0136773517314845 -0.00529163986061661 0.114396902797968 0.0790358399052248
-0.0102056313300068 -0.0250004283088 0.0191874183297325 0.0452052836832891
0.00223182776391184 -0.0249442552478063 -0.00644363405531541 0.0570602350792974
0.0162871591237413 -0.0194655886377405 -0.0236172213165866 0.0529253509501297
0.0415778249765886 0.0202162656139098 -0.11842931162338 0.00546642780907348
0.0106426679760556 0.0597993244886885 -0.21266501072886 -0.102555043278641
-0.052258095760049 0.07107266162413 -0.142506416445485 -0.322992610760022
-0.0605509403946855 0.0167718272229889 0.0895792072182552 -0.428415721456918
-0.0332084674769433 -0.0176641713810217 0.315491114783566 -0.232356684772226
-0.0542288591930594 0.0210400139761068 0.0392352602435545 -0.0514592097786854
-0.0424056671891475 0.0702198450042955 -0.177962155649175 -0.0432989601283162
0.0377173232398262 -0.0226037292520756 -0.561965710230104 0.012972128119311
-0.0311620883676687 -0.0401117258268732 -0.423910867003157 0.392911274161799
-0.0590801898743364 0.00781547758445349 -0.0439905545237373 0.436120320462283
0.0103552061070074 0.0288468934150053 0.152707602741504 0.221659850173288
0.0290495755234862 -0.0179145024974261 0.101720811867951 0.071603631242661
0.0111860290570444 -0.0495999849573656 0.0134245157687101 0.0342893389897092
0.00508709726381614 -0.0439853432893259 -0.0108407759979751 0.035486638880079
0.00353203779416348 -0.0334818208242174 -0.0213616232494396 0.0389771138773608
0.0204417298453114 0.00771909326143723 -0.113571080373394 0.0126534406031363
-0.0174748377001571 0.0295901948131953 -0.22682792854704 -0.0819369367684178
-0.039804482595748 0.00511437643927825 -0.173200849935116 -0.342541171018452
0.0132275275895781 -0.0111431266479882 0.108707660704405 -0.486422510627036
0.0260852081104336 0.0364302487285828 0.406628597150271 -0.249246217161299
-0.064624509445113 0.085371633646709 0.0989320979715393 -0.0288796552679559
-0.0501587191783577 0.0363259881054317 -0.129402695106288 -0.00148530409497401
-0.0258714707486324 -0.0497278079875184 -0.453613773366809 0.0721149069226129
-0.0822252749125534 0.00196220923639051 -0.337335724426707 0.35329332019529
-0.038411895773104 0.0734033644347355 -0.0295035755075533 0.391654472980274
0.0631286882695776 0.0454558346320188 0.156279648927536 0.216292673279251
0.0668113166095134 -0.0270675214327464 0.111951229222181 0.0633938058688795
0.0306926193346381 -0.0633838776340074 0.0177480493808889 0.0115175869561454
0.00728433629875518 -0.0562054548038914 -0.015268528134559 0.00692187915670347
-0.0109966026871389 -0.0465033622603921 -0.0286798889440678 0.0256647208611192
-0.00604982441064617 -0.0161015229021797 -0.130388822808468 0.0144400277950525
-0.031896283366632 -0.0253965749760427 -0.265746776898638 -0.0939473241663386
0.0160070281381864 -0.0651416862906307 -0.185185997754019 -0.411346073683786
0.110633754641434 -0.00218389630959206 0.184722401573616 -0.554016441382941
0.0692708750407214 0.115475900913215 0.515865616363032 -0.237956907210377
-0.0768597687627752 0.142724255089839 0.160926213333446 -0.0210371850975113
-0.0515244343841598 0.023208574954226 -0.0713371983917365 0.04553380542397
-0.0546699026141214 -0.0404203828297208 -0.348321653231468 0.110269625512617
-0.0839438369316061 0.0382018891621455 -0.275139129659123 0.325150642031732
-0.00383427798776643 0.0945682824787336 -0.0136266264373819 0.376890130193155
0.0902301191357108 0.041603390954282 0.179767915290423 0.219205200478328
0.0805479148518566 -0.0307424646317467 0.136954353386378 0.0493812992439247
0.0393618003703172 -0.0633215245315803 0.0285724221365696 -0.0199112232017749
0.00839070069346746 -0.0590819983176155 -0.0179417999903917 -0.0230441146237425
-0.0167354805565386 -0.0553377384928412 -0.0435633499531042 0.00884335535610106
-0.0146263183107932 -0.0432775091805457 -0.162586846864136 -0.0026293878296185
-0.010008650243241 -0.0703078494231766 -0.302827528337916 -0.151895162188758
0.094563369991676 -0.0781627138024565 -0.142436042889507 -0.510255768311638
0.166277261957994 0.0558573342995658 0.31791281896224 -0.582584358274659
0.05718058455769 0.178154356449572 0.616178430995573 -0.17906862222878
-0.0882580849289281 0.158959971699523 0.214759696662155 -0.026639920144767
-0.0409638514297276 0.0319324597556545 -0.0178473173457186 0.0759025200382311
-0.035074463923967 -0.0107234846155812 -0.268603546160386 0.128754447522955
-0.0416507398562201 0.0459607685744599 -0.22960064565304 0.318847477660014
0.0237819287539068 0.0647390695374498 0.0142800122380106 0.379561396698219
0.0800429965554273 0.0218249698632296 0.210446677624823 0.215327073599365
0.0658319110978512 -0.0268181424647684 0.161595894407161 0.0291687661530622
0.0329636987391267 -0.0506019053296919 0.0388240053026969 -0.0523921075443935
0.00937826815305775 -0.0525711564063756 -0.0180903572197847 -0.0508789510299379
-0.00841356600784904 -0.0566316562319879 -0.057898399992251 -0.0125431968287327
0.00349761643188709 -0.0553476503205187 -0.187890898089789 -0.0397125394792209
0.0346391855713148 -0.073689764603097 -0.304599160448812 -0.230993158296399
0.138095099723488 -0.0245674722100953 -0.0468911135317468 -0.581800131078497
0.136428798134112 0.117131261058881 0.459059968025952 -0.54990358442918
-0.00199365409909933 0.169894347476324 0.676947599513604 -0.0906597712401507
-0.0867844078590219 0.117516051247236 0.253866891071693 -0.0361815042282247
0.0024283066871028 -0.0179119680200977 -0.224347491190726 0.0369546194195579
0.0245986812676296 -0.0830671594434799 -0.698250046743385 -0.0432120948373911
-0.0713646624376528 -0.0958893701192924 -0.63012721108071 0.505484647244268
-0.142195079457373 -0.0214277662184603 -0.0483730891773643 0.673462346482894
-0.0740799387089435 0.0680590940279151 0.30738008766974 0.321144758897584
-0.0238230622515722 0.069230579919919 0.223599298113506 0.0523779925598482
0.00189153764737658 0.0607480834656366 0.0671781300893368 0.0115938931396232
0.00853392234876755 0.0460832687118378 0.0132453176053578 0.0588538767341251
-0.00455420498289277 0.0414429595046896 -0.0326319363549933 0.0646822833767154
-0.0262105063660326 0.0406187275423994 -0.153603511525593 -0.00931267134157003
-0.0408933295939677 0.0141885565125684 -0.236232522617009 -0.163647355425522
-0.0356606472551851 0.00114807819933545 -0.0835040794651813 -0.369991241493184
-0.00642161486932392 0.00781192163208695 0.151238344114336 -0.373851302733155
-0.0105609789964914 -0.0111224548701219 0.234511397760696 -0.189157462899057
0.000155371936131568 -0.0317229868836271 -0.0406758074085819 -0.126461499232984
-0.0172501321110701 0.0730374285229516 -0.240143202784315 0.0104962942022928
0.0835770915707732 0.013865651549083 -0.714131168840302 -0.0785053286209673
0.0221875492781011 -0.0855138056652835 -0.665475209481591 0.473596086691395
-0.0987487760992374 -0.0877382511425435 -0.0986684043026512 0.655475412335881
-0.09504170237548 0.0203970343305841 0.263274012752985 0.32953725851585
-0.0496188826731165 0.0447047139883694 0.199121606644204 0.078781788533627
-0.0183674923731688 0.0385223999480121 0.0581698557077442 0.033645649053182
0.000685066679798891 0.0248964547987199 0.00985620154155268 0.0720497319861123
0.00926243566551339 0.018851382837379 -0.0311649167200998 0.0738969646090073
0.0144369862063925 0.032566243359752 -0.15137936421258 0.00103863089023774
-0.00128588341700097 0.0419942352900921 -0.23994242824234 -0.150129173465319
-0.0383339553075932 0.0624575049158979 -0.107184373832211 -0.360825408195054
-0.0598850498834828 0.032941452102664 0.120838287102958 -0.386350804562121
-0.0563498719421715 -0.0328755328999712 0.232283158529515 -0.201752719893318
-0.0237584848485436 -0.0383059214368738 -0.0431708334754756 -0.10907181917693
-0.0291417086866324 0.125870759310358 -0.240531197703204 -0.0284261498292931
0.118090840834636 0.0595028781513854 -0.716651663452297 -0.0802048587343255
0.0698621528063259 -0.0754520118028857 -0.637837434540237 0.46959678930459
-0.0677964864424904 -0.109769649182041 -0.0943395713010786 0.608670862376516
-0.0866828944397541 -0.00637575369100054 0.222520338005574 0.298196015594422
-0.0492372222573493 0.0165552194283985 0.159854648314096 0.0844946821743737
-0.0260867155174566 0.00884940326982681 0.0398005630273117 0.0468000370039689
-0.00269228096790324 3.72144155975364E-05 0.00501357187733665 0.0730126271955943
0.0170449309184129 -0.00133784540033555 -0.0255930510311038 0.0674574694711922
0.0410453819308481 0.026727282930017 -0.136933528161313 0.00439471740092645
0.0200361086524936 0.0629285927432801 -0.229381259390862 -0.129098371351557
-0.0464790890714261 0.0941377704217602 -0.12813080239665 -0.343776898528351
-0.0838165104153588 0.0381347752464925 0.0952835689593225 -0.408701664442452
-0.0687888353129389 -0.0377133027718319 0.263557204524209 -0.222191541995105
-0.044572403653431 -0.0182754163823176 -0.0149984979938385 -0.078920670093643
-0.0349636250957362 0.125152304783294 -0.223786766030627 -0.0513476435864187
0.107526887295895 0.0338817879900096 -0.682319040262392 -0.0385650278046508
0.0447310884672102 -0.0708244003922965 -0.548721271279554 0.462705273587376
-0.0654930167711269 -0.0751503632784024 -0.0603464266799163 0.537284559801203
-0.0512238946253223 0.000631649884379953 0.187629849568006 0.25451908995277
-0.0205141979912025 -0.00515697596105438 0.123530913299681 0.0790025616063526
-0.016587263832009 -0.0237490251189605 0.0223778699656718 0.0486317099873624
-0.00232797086349698 -0.0236356647187052 -0.00158210872135722 0.0611103769619883
0.0134290920700698 -0.017324585043499 -0.0190662412934964 0.0532351824882817
0.0417587105085002 0.0217672656128441 -0.119745949303443 0.00847600957189885
0.00847822077810024 0.0632645997145794 -0.220515393887284 -0.10059096245583
-0.0583291665871834 0.072378203957008 -0.155203595169812 -0.333267866210066
-0.0610394890749852 0.0130131903391921 0.0832449471526427 -0.449450425745353
-0.032099692789159 -0.0166892763651261 0.328440669233965 -0.250990367529042
-0.057611905063742 0.0322301554911043 0.0373702105164214 -0.0490274412403981
-0.0426214826045046 0.0895432811493663 -0.188905287577867 -0.039417551827366
0.0476985609871843 -0.0184162954182839 -0.595927384272059 0.0287515286711695
-0.0241547149614042 -0.0461503499016863 -0.437892865873454 0.42854237493228
-0.0642797434889338 0.000591301416080266 -0.0348735802708791 0.460110623553037
0.00596766736529145 0.0254076126006381 0.165792380908512 0.225446750208695
0.0251529788533263 -0.0206217114779365 0.107418100451988 0.0715085852254845
0.00446986093377686 -0.0503503488815156 0.013823903602169 0.0382805647083689
-0.000903194317871844 -0.0439997346273051 -0.00819327620620785 0.0391232497938364
-0.00173732260982571 -0.0312274807135853 -0.0186648674325616 0.0397638624164104
0.0167701636130768 0.00887840134852226 -0.115399859040103 0.0177090968559962
-0.0248662526022214 0.0304003598146352 -0.236257790122521 -0.0774601211933534
-0.0467602604972983 -0.00200334123277978 -0.190741642779441 -0.353895332483166
0.0195741701669299 -0.0198141070680359 0.100998091399922 -0.514535670941364
0.034061546355771 0.0408229931016547 0.426179890906707 -0.273887972392241
-0.0671150614101163 0.104038350429852 0.103528570166546 -0.0288423794518999
-0.0512324227206811 0.0529603855344178 -0.134720430966305 0.00140440418720235
-0.0219077545266487 -0.0465148644141086 -0.476257669368298 0.0873246747419634
-0.0788283889056356 0.000998487151339574 -0.346514909846162 0.380798247532182
-0.0400260442115454 0.0722818586316412 -0.0217020232135185 0.412002965927223
0.0639636714758411 0.0419055119967153 0.166882972738936 0.220434322312581
0.0654751517978587 -0.0320927096728112 0.116523287994085 0.0636589000793964
0.0253541919678701 -0.0664400380909976 0.0162070887923608 0.0152336306255859
0.000648914262324835 -0.0573324461456693 -0.0159207679254213 0.0111441387316871
-0.0188426121770724 -0.0445329145918717 -0.0285419800565685 0.027809557638176
-0.0129773064707291 -0.0166756863117895 -0.135242584335119 0.0217491273580394
-0.0426788627046669 -0.0284875730992683 -0.28083272039811 -0.0869684427137675
0.0126270757905491 -0.0798849567132 -0.209211182625469 -0.429594989414184
0.126131959171256 -0.0128077681077045 0.180879995387333 -0.590278895582843
0.0829394874392973 0.12637449709442 0.545671547872495 -0.266615449617467
-0.0785243627183901 0.165789474233153 0.170617274473385 -0.0249829470158203
-0.0517361811194725 0.0375899885121693 -0.070378658509901 0.0472214435716753
-0.054118867350578 -0.0374917963636895 -0.362030535478639 0.122243712460207
-0.08173265803911 0.0409919200727932 -0.282713561413253 0.347310047536473
-0.00164312943771046 0.0957006800976349 -0.00650587684516304 0.395550049667295
0.0942587707130269 0.0379323171282857 0.191734672051497 0.223490257271017
0.0815472185332169 -0.0364381437042335 0.142089241012313 0.049636220740685
0.0356423600367941 -0.0670558646822843 0.0257454166088894 -0.0172827717311202
0.00280066160838915 -0.0610062418124951 -0.0218045439295656 -0.0192999178562781
-0.0252747767341463 -0.0547874743834938 -0.04684535360814 0.0121888370031794
-0.0222329384435869 -0.0457810006381937 -0.17242253350303 0.00536041666831084
-0.0197077066943796 -0.0783897644012513 -0.324967810127994 -0.147551015195214
0.0991480539753955 -0.0955460199435769 -0.167694545586853 -0.537674301527019
0.187643233890355 0.0502202063315762 0.3244984407972 -0.628039933572671
0.0696179522474599 0.194143557096974 0.656176641428731 -0.207805959711255
-0.0908564741558058 0.182421712951362 0.228328031109186 -0.0354567047794458
-0.0403949174335551 0.0438089841109581 -0.0119891169589522 0.0762048299856518
-0.0345089799064366 -0.00759005487361979 -0.278930144202563 0.138253860636651
-0.0382902991979251 0.0486981784094207 -0.236706704600435 0.338606062198309
0.0262732715135515 0.0653608004953267 0.0214301004732642 0.397648071026827
0.0842035578874877 0.0183674129775175 0.22447340049849 0.220018023241264
0.0683203652177411 -0.0323063449261324 0.167193334451853 0.0279115814794997
0.031300788565893 -0.0545205868423371 0.0345927226499514 -0.0521541675810338
0.0056085824332393 -0.0550692566999479 -0.0243838014634973 -0.0480427988580985
-0.0147640743275977 -0.0581908482078494 -0.0647705937157418 -0.00944649458761828
-0.00140861373955441 -0.060523960465983 -0.202586230190111 -0.0325766812225635
0.0311044956301647 -0.0828236994551245 -0.332006508384183 -0.234410062106484
0.148231377817929 -0.035762204324253 -0.0675237073492834 -0.620653754935518
0.154668697489303 0.119343902231258 0.475170695161115 -0.597168948170634
0.00258589048681809 0.186154836453578 0.723392826163692 -0.112687988427069
-0.0905222377877944 0.135849073485763 0.270541449491238 -0.0487356961666359
0.00299263385809654 -0.0122347058240563 -0.232824482796229 0.00814562556531814
0.0336720974332706 -0.0721102360399497 -0.718480508349782 -0.157028973462719
-0.0544330903405269 -0.098668495365823 -0.738545131043722 0.423216317395421
-0.132194602997087 -0.0374390683455409 -0.164222017344929 0.694701263793266
-0.0793869477007216 0.0544096875721782 0.272793901991565 0.38523694627015
-0.0344105936161309 0.0667585809422639 0.229216273568025 0.0875171643184786
-0.00586286229830288 0.0624903395550565 0.072394959214679 0.0226343480286385
0.00203492452499211 0.0482365471395073 0.0123668697244101 0.0618548459123559
-0.0115690438081496 0.0423902116742958 -0.0367206166437113 0.0587660579470532
-0.0339847619801781 0.0385173300515016 -0.15241001388712 -0.0333966488301713
-0.0481892377980219 0.00633406265910507 -0.211463981131979 -0.201289712066906
-0.0377026729891538 -0.00737918650026901 -0.022722066251008 -0.392633946141306
-0.00504796826682762 0.00309565188102355 0.212333965200068 -0.355465392625891
-0.00800618689822929 -0.0179852035588263 0.268294766216901 -0.149905112252244
0.00387719864278129 -0.0377844599093818 -0.0282239963053539 -0.127469658009368
-0.0330989047548847 0.0821697818065098 -0.249061735246221 -0.0169720099849961
0.081116595172675 0.0411211576254632 -0.727451466231357 -0.1923319571981
0.0435985933743444 -0.072564404994413 -0.76515532121997 0.385009223612706
-0.0772364742549357 -0.102796428909944 -0.208993285434956 0.665371847302967
-0.0957353710468735 -0.000352465601557713 0.223368216609539 0.384152059388558
-0.0590373453248377 0.0367179690061442 0.199188847134169 0.11078225700781
-0.0262874836378386 0.0381774088844706 0.0590962476362331 0.0436036569006608
-0.00454555437745046 0.027089270320628 0.00607672564802093 0.0752509365624913
0.00566512299626243 0.0225649851694114 -0.0370076492681417 0.0693945125712822
0.00845045230063174 0.0370574305848089 -0.152211046958231 -0.0215684729339884
-0.0134331238815847 0.0429315715968302 -0.218576479535029 -0.189859482455628
-0.0518417650614269 0.0537001873785808 -0.0494110148174993 -0.389194288606249
-0.0645291606990794 0.0171145146222203 0.185011187138244 -0.374013424918894
-0.0497328917078997 -0.0476616574472944 0.269968667034066 -0.161857274090713
-0.0200618620551338 -0.0449196644917643 -0.0322738739717408 -0.108380886269741
-0.0560584495557634 0.137513192092255 -0.244822745496109 -0.0556422308983755
0.111417493333003 0.096149574763118 -0.729657612289603 -0.189963835449452
0.094071977433917 -0.055164588263252 -0.730991536830818 0.386681540235117
-0.0425264357783998 -0.12447962043493 -0.19297240876314 0.615945061888061
-0.0857115613646 -0.0276554832192056 0.184224192977312 0.341814021948383
-0.056846138032181 0.00721271700411425 0.155122048098655 0.1104951344114
-0.0320157057393013 0.00688710504472535 0.0365639421982443 0.0545163654675945
-0.00574791597415593 0.00181237863041109 6.67226062142507E-05 0.0765381097289256
0.0156891692206546 0.00409955467283489 -0.0302910864603087 0.0634238113145797
0.0362594083977654 0.0362487670868963 -0.138294831561639 -0.0153953252170535
0.00340125951392035 0.0682693245057823 -0.211532718530352 -0.167162292491526
-0.0665925512602433 0.0832935930802171 -0.074148284086636 -0.376407069105856
-0.0896303385214211 0.0157722358380908 0.163375640540467 -0.400235941796096
-0.0592071530755597 -0.0534012531662226 0.306978751028581 -0.179332784878859
-0.0464132332043742 -0.0233694927888296 -0.00554173629864203 -0.0740945392994955
-0.0620889251370744 0.137416571796772 -0.223950736211147 -0.0790323467529216
0.107122567329405 0.0699368846382579 -0.700044027628575 -0.139452918614526
0.0712317739025963 -0.0570788751893573 -0.63609053987776 0.392908642737948
-0.0456963142276728 -0.0920715249112814 -0.146027291994564 0.543622828134572
-0.0521852560056893 -0.0158219956679447 0.154775325030214 0.289517739120923
-0.0250841104084183 -0.0104123083366254 0.116304467088411 0.0994314148164826
-0.0184062774326227 -0.0243439732917099 0.0163334319847504 0.0547790806851639
-0.0025941300759877 -0.0224454438054993 -0.00698848021271818 0.0639939465525386
0.0128528932401035 -0.0125172439822314 -0.0224731187091708 0.0500989862100423
0.0354836306210433 0.0305403908291163 -0.121048654558231 -0.00801843358878982
-0.0114870348545372 0.0665292772677088 -0.20664248586164 -0.136671071701318
-0.0762151368594108 0.0551332600442473 -0.104250977982333 -0.367108342562966
-0.0573626378662399 -0.00860931393656564 0.153417627697387 -0.444945038736383
-0.0217173337492904 -0.0228675071826199 0.377488717409234 -0.201697111950633
-0.070013117854313 0.0328038441996059 0.0475391625747215 -0.0374725995839085
-0.062723630011907 0.100556071232296 -0.18836996586083 -0.0639580749142916
0.0565777285606811 0.00608414231265087 -0.619710451147466 -0.0600739520557351
-0.00308627234121032 -0.0458099156676324 -0.518121522536561 0.374226985345439
-0.0577916527480843 -0.0155435559313887 -0.109285371891385 0.470696656527274
0.00143836937856085 0.0191560635048686 0.136360579069194 0.255246720137768
0.0251023736066376 -0.0194404232341581 0.0991960895294741 0.0892779077854084
0.00713182779546454 -0.0487885987928243 0.00851870690441132 0.0430151277835152
0.001526091192646 -0.042587366820443 -0.0131007385456867 0.0411788791768248
-0.00207694659137001 -0.0281681578229492 -0.0213069078070038 0.0369413140488998
0.00966956263791481 0.0127353625043079 -0.11840205155068 0.00362428299831512
-0.0414850945470816 0.0242657955852461 -0.22682341994871 -0.112098625104485
-0.0526420374469129 -0.0253729682613616 -0.139676116109316 -0.390672365811146
0.0371830809858185 -0.0290050685051227 0.178540432546073 -0.512857366245957
0.0413893628980436 0.0520591815450119 0.481008486064037 -0.216053371488508
-0.0923477888906677 0.111289690415887 0.11767520220719 -0.0122916031983923
-0.0630129279437805 0.060473402347388 -0.137337520589386 -0.018023889398991
-0.00892549658475101 -0.0370297281497776 -0.505359460856925 0.0164465953672276
-0.0685340538263114 -0.00903946859891515 -0.416422249645982 0.337745433845804
-0.0449534210437347 0.061856804727659 -0.0901671720394335 0.423872934638722
0.0587899499764496 0.0458911114720595 0.140949419664116 0.25049776662095
0.0702802989914971 -0.0248797229161028 0.109542893429646 0.0827657761279611
0.0317098373060065 -0.0627954088960825 0.0136360959597708 0.0205352791041172
0.00513379704276734 -0.0569817547160788 -0.0183639456506696 0.0111415678139917
-0.0181867347478633 -0.0446218825311312 -0.0321912165436087 0.024640113676148
-0.0184265944063588 -0.0193419166364066 -0.141015603832501 0.00701801672248939
-0.049583977305095 -0.042920471597539 -0.274376782814723 -0.12522788869283
0.0253141437039639 -0.100221945945239 -0.152195594106811 -0.468375880767381
0.151279474882895 0.000268851213195427 0.269621831682933 -0.58482773186394
0.0780947723528216 0.153604831632432 0.603247040136073 -0.195001080053241
-0.11629170597776 0.176213712995834 0.190804251811548 -0.00263661470181174
-0.0589040278069071 0.0421934592132712 -0.0762920551916267 0.0356480833554208
-0.0439776941007152 -0.0364858285225056 -0.39123164452115 0.0678356800275672
-0.0805263357364577 0.0313491343022348 -0.347050686294605 0.313157833633006
-0.00969107103327442 0.0939204620361021 -0.0715673276080162 0.412024160532671
0.0928116108604467 0.0475723190899903 0.167086201623288 0.258122195832511
0.0891078152060502 -0.027149884983094 0.137876946000564 0.0718168806808691
0.0432231267404727 -0.0629152143608261 0.0270065497400095 -0.0116275884733288
0.00879333265256343 -0.0614220786716518 -0.0220918618686985 -0.0195925723803318
-0.022436824216024 -0.0575421411862826 -0.0515397225426365 0.0076392742410691
-0.0225126532000508 -0.0523304532187397 -0.180107968931785 -0.0141084060364841
-0.0142298986940956 -0.0924752253376506 -0.316042248053605 -0.193380594362684
0.123162793689272 -0.102928417389994 -0.100200646333908 -0.575263178680938
0.204277380763242 0.0822703061116715 0.425736664475345 -0.607181603829861
0.050694406696298 0.224739268816173 0.711151881057759 -0.119048572962535
-0.132596546519236 0.189937421185574 0.254982712438911 -0.00711067686460593
-0.0453847460528095 0.0479557982380132 -0.0199306294485619 0.0727034405878502
-0.0292814368956854 -0.00542367368976965 -0.305124084746752 0.0956079251330845
-0.0389710273694716 0.0472538609096009 -0.296917933631067 0.311346516822287
0.0234423427226231 0.068919008604446 -0.0415654581049101 0.419210135501435
0.0874476100354098 0.0259469532628203 0.199879385959828 0.260714637712978
0.0758366440388544 -0.0254124757029562 0.166990691978995 0.0542714303905699
0.0387403616485773 -0.0513951285415147 0.0400866293285053 -0.0451432599684274
0.0121489822777847 -0.055931756017799 -0.0224816753533259 -0.0488715160180501
-0.00959420495270615 -0.06155026179622 -0.0686211404891455 -0.0166223604504667
0.0034003178688242 -0.0652891856641292 -0.208093845148907 -0.0579223412159836
0.0430171383346558 -0.0874478080845986 -0.314521497831205 -0.284575361114191
0.168349923509593 -0.028313579226439 0.01159086587006 -0.651170937554457
0.155039188831327 0.153100598941824 0.583218184746746 -0.556052626498925
-0.0212920583424993 0.204375875919296 0.76971638351648 -0.0112826860141749
-0.122355663173988 0.136388610504732 0.300378695177617 -0.0138019151720644
0.00330829811948112 -0.0117178480502504 -0.230469569570964 0.0364256133483343
0.0262948175969638 -0.0780720668879854 -0.736453877626028 -0.0951362205673156
-0.0636505134610474 -0.0953361468037396 -0.708749621776229 0.491062849058809
-0.139577852785644 -0.0226981889633442 -0.10169785208551 0.716878878701133
-0.0751522490485355 0.0633422903646436 0.31234955947204 0.362420322714664
-0.0266228602694965 0.07071592769978 0.241842687669495 0.0648027819361816
0.00135868439012327 0.0632604605333105 0.0787789396028255 0.0136565700577744
0.00718186647589403 0.0469987098804164 0.0241993782782715 0.057161083977007
-0.00614176250282947 0.0436524711991042 -0.0243356581515815 0.0577375889534594
-0.0295823973765369 0.0420091604404592 -0.148336807494439 -0.0209311771234568
-0.0485329954784574 0.0125937486886034 -0.221051820260947 -0.181459298171028
-0.0399505162062175 -0.00163107976965973 -0.0521178221914012 -0.385940011602644
-0.00739809173636808 0.00190445459907524 0.182625335877117 -0.363644211281464
-0.0139993239155823 -0.0198243726438862 0.253280195173985 -0.163901082124727
-0.000624148384410791 -0.0404078481535942 -0.0454786067518891 -0.114715157131508
-0.0245530948243283 0.0909766368315077 -0.250295581429098 0.0130689790887378
0.0879036105102639 0.0358316904700231 -0.74851042881315 -0.128810651407391
0.0419626823047799 -0.0796820191528498 -0.736326936033837 0.456189384796412
-0.0893394565036313 -0.0987783821171912 -0.148739971447283 0.689170612953672
-0.0996884516775888 0.00766256828808103 0.261969252775087 0.364071825337236
-0.058169103254227 0.0431481497127301 0.212941790764293 0.0912181422240796
-0.0238891265432291 0.0424115951891379 0.0673990457230628 0.036379898350375
-0.0030771395593738 0.0276375634453133 0.0195306777140754 0.0722228257200076
0.00745665468490149 0.023461513497732 -0.0240078486293736 0.0671182368905305
0.011818813350868 0.0369241194613814 -0.14757934726462 -0.0101238478151277
-0.0109000920150207 0.0456405794226001 -0.227742701764939 -0.169302250065455
-0.0496514888245419 0.059725980200865 -0.0789964845573977 -0.38049231326765
-0.0643187789583096 0.0204011905130483 0.151984886955187 -0.379877421562861
-0.0571069044663045 -0.0442358570881886 0.254495755818856 -0.176425155374064
-0.025202394541093 -0.0411591496248969 -0.0477269896275146 -0.0955529243352013
-0.0422155849696902 0.152896815438585 -0.249444949583005 -0.0270232256654713
0.127395520530295 0.0913620647134636 -0.751226641356316 -0.12555018364519
0.0981008697099849 -0.0684432540790395 -0.700883621404282 0.45643755371185
-0.055998907766751 -0.12779192567537 -0.135230408521368 0.635893587921483
-0.0941790972783678 -0.0231102774494402 0.21667942024991 0.324815496210408
-0.0607851131813611 0.0136768614377511 0.167475149965959 0.0945071680258148
-0.0346196744711822 0.0126714040736397 0.0444361120413374 0.0508538519158499
-0.00884912339418502 0.00464841269304831 0.0122572080674196 0.0746765478124989
0.0147024089001836 0.00505844645738672 -0.0189255775473484 0.0612650060623215
0.0383815841729954 0.0336463077472956 -0.132582171910624 -0.00500072438823831
0.00645715418832867 0.0697864496273924 -0.218108077559323 -0.148436575443968
-0.0628750400325777 0.0881821179027624 -0.101620228876792 -0.36500230012457
-0.087759768388824 0.0194099264691337 0.12827418565719 -0.405842472261764
-0.0641416212953454 -0.0479621283517707 0.290686163390884 -0.199096910387603
-0.048627693500398 -0.012824339276291 -0.0166725248712884 -0.0639708022016471
-0.0482037648567576 0.156527322596777 -0.230699332222238 -0.0537846077732269
0.123100656317688 0.0662708253694931 -0.714786501060468 -0.0773435202577765
0.0770931718963752 -0.069114101192143 -0.602846508313918 0.452297607140963
-0.0565306741288017 -0.0972665877016845 -0.0960034487495613 0.556180163016243
-0.0607476622788505 -0.0155109429909182 0.179979831246872 0.272342569910732
-0.0319918865979094 -0.00805238571040341 0.124908243988138 0.0871618186861627
-0.0258286979496275 -0.0193452597536282 0.0223323285036134 0.0542733330355364
-0.00971396410080935 -0.0190816282309902 0.00328803469097734 0.064100240430587
0.00897680528771105 -0.00928291603162646 -0.0137128131397644 0.0479532326264795
0.0351694933743379 0.0290295140964804 -0.11533777433605 0.0014971853946497
-0.0105910302316801 0.0683782632200948 -0.210419627526221 -0.11700189036312
-0.0770031465275547 0.0575842021297085 -0.131362194634822 -0.352660042996009
-0.0555862849569376 -0.0106297506357796 0.11403605473288 -0.451309238457793
-0.0204503771742836 -0.0192541258513615 0.359750484197408 -0.230964607049656
-0.0665539426440763 0.0504013079153357 0.0420887204783788 -0.0350049098821806
-0.0519235388915447 0.120452014217666 -0.193019870361247 -0.0452361517841368
0.0664698619874277 0.00641911709821371 -0.624340154119462 -0.00583498247272475
0.00301474428718317 -0.0518619967715164 -0.483201190589867 0.420139351915983
-0.0613773392003835 -0.0191429139971852 -0.0647021099567033 0.474546603647307
-0.00339740374385249 0.0142997940401007 0.156186439060555 0.237805462740761
0.0175243775130091 -0.0225631659700112 0.104403544344501 0.0795290523501387
-0.00343763651420697 -0.0468785573207627 0.0109461210519378 0.0453773852182582
-0.00796341808834879 -0.0397773854683648 -0.00719715647145729 0.0432467327276346
-0.00862506709497072 -0.022837080428295 -0.0154832530285348 0.0364522794281482
0.00526652407640887 0.013925587502314 -0.112246610585686 0.0148696348014357
-0.047298342910641 0.0283966919248887 -0.230051140500888 -0.0890830176439493
-0.0609018803641487 -0.02890823969974 -0.172608327979426 -0.372323449207154
0.040257587003614 -0.0415350140239772 0.132249473585115 -0.522641917292426
0.0523954527348082 0.0524898836901982 0.46310005062652 -0.25812716056644
-0.082011620757041 0.133244161789061 0.115489291350981 -0.0189963940455399
-0.055369926184534 0.079871948276298 -0.135482607514958 -0.00614972361964668
-0.00472435652531807 -0.0316399455940642 -0.500913812638167 0.0593541532378119
-0.0609444770121256 -0.00818520978345895 -0.386198366899034 0.3722667983213
-0.0412955137549993 0.0591435640000341 -0.0521118033025731 0.425832538350064
0.0577188906399001 0.0360200932245775 0.158068290636661 0.232666654295812
0.0636002970621199 -0.0325797238479366 0.112262451308463 0.0725029621018518
0.0206021208064059 -0.0634027686582489 0.0119891011818024 0.0230922219593107
-0.00528113324528314 -0.0541750722535397 -0.0180275173154775 0.0161541074503903
-0.0279417262858759 -0.0374922770693933 -0.0285283164819062 0.0271716316875855
-0.0273402026035694 -0.0164010064742975 -0.136248585912858 0.0221609803974363
-0.0627183028825311 -0.0406805502144815 -0.281266691197098 -0.0960363490407103
0.0127644581491098 -0.114916760606748 -0.196371208014442 -0.451408321141409
0.160296427297513 -0.0218842077881491 0.2179619689873 -0.605026147563572
0.0990186783329237 0.153966929710614 0.589710763901399 -0.249311471464502
-0.0997906575666969 0.201951869006808 0.191904621563973 -0.0200893923880511
-0.0520268692082191 0.0584466179925184 -0.0685751741994203 0.0389170588903276
-0.0415291107111914 -0.0286539043046758 -0.380527085435356 0.0979036351427646
-0.0710315195184753 0.0344020740363142 -0.319389502763321 0.338374452082357
-0.00226490768836173 0.0904818545678691 -0.037979595996148 0.413623629758503
0.0939885625306605 0.0355787147673273 0.184521985059987 0.240167275440802
0.0838801384862459 -0.0372154749656723 0.139750974279273 0.0606604249825663
0.0341604201648799 -0.065700309948174 0.021149084182077 -0.00914221591856157
-0.00170356665694158 -0.0599994961277911 -0.0260153870385819 -0.0133694764510385
-0.0334820092765205 -0.0518180103471583 -0.0518981192494918 0.0135133083124061
-0.0340858544921984 -0.0506747287877552 -0.180240886822824 0.00639235615107231
-0.0298905119850523 -0.0953929721189771 -0.333460959574197 -0.159581581600582
0.113663055759528 -0.125801729721469 -0.156361111565126 -0.567196602374516
0.222571589851922 0.0583988873946314 0.372497324862895 -0.645395354094523
0.0758717977863168 0.228490205166694 0.706244528353539 -0.184506438651601
-0.115739513521522 0.215478691302493 0.255739392656515 -0.0332029139428464
-0.0377769134717621 0.0597718162641877 -0.00784769674999472 0.0689196894922334
-0.0264124443515546 -0.000779646163524271 -0.294221869899629 0.116686737188967
-0.0296187138999417 0.0480964030398593 -0.269943899642519 0.330398682632587
0.0302838622407394 0.0644641260144973 -0.00867431985409909 0.418924849527664
0.0882951715754019 0.0152119578618825 0.218963732553549 0.241656269966924
0.071917951938798 -0.0345986967068032 0.166986246613982 0.0412976201500769
0.0316451646838735 -0.0546481143275772 0.030127984615889 -0.0431465022293366
0.0034800725159272 -0.0561977937241193 -0.0298693666792627 -0.0418718431467248
-0.0194112666921895 -0.0581495338363943 -0.073948045117434 -0.00755491783124665
-0.00684062570784411 -0.0669586550930346 -0.215648324957473 -0.034644388124841
0.0312929870609769 -0.0959847319149528 -0.34367401381177 -0.253286137109412
0.168885837658957 -0.0512185743730366 -0.0491354178321599 -0.657651670387924
0.17603796899376 0.137826842411657 0.53894013505617 -0.610077838021439
-0.00172316766113854 0.213646200598908 0.776791084546292 -0.0796525040959394
-0.110963676624677 0.157044320367399 0.30063311771713 -0.0460823106153748
0.00339035682092956 -0.0120791031443654 -0.217106591999034 0.0577282715339408
0.0184779734401944 -0.0799763609432766 -0.719321313474022 -0.0451945095875968
-0.0692298388450624 -0.0897077763640034 -0.657451867925395 0.525786491900556
-0.13766041331109 -0.00956908341723043 -0.0469068988204465 0.70226910236572
-0.0685362477715039 0.0682747295563431 0.330412318171169 0.328923612724137
-0.0195156835912123 0.0713512173042363 0.241550100182644 0.0431515835525979
0.00760610435669852 0.0610231979416584 0.0802227486665461 0.00464765063481367
0.0114237626338735 0.043407992911694 0.0325870939221668 0.050228440483999
-0.00182665514992263 0.0429109564870351 -0.0144838711897933 0.051535233402776
-0.0239520066063206 0.0424717048902372 -0.137761235630295 -0.0132157373839223
-0.0463143474249251 0.0177211857674451 -0.217698843591028 -0.160053639351173
-0.0400869352281469 0.00413770864084185 -0.0704574920291566 -0.364592705423388
-0.00930683975374905 0.000966824055210477 0.153372592792594 -0.352265607734032
-0.0187419138196519 -0.0201053530537659 0.231757418766141 -0.164825031333412
-0.00427493732186024 -0.0404542483310218 -0.0565616272896386 -0.0971214765900632
-0.0156548633585592 0.0944692746323754 -0.238074828110909 0.0366721373934841
0.0905654178535196 0.0292901771874914 -0.733196061045243 -0.0747857356508877
0.0386437627298947 -0.0838175868768285 -0.684849873024153 0.491927528951782
-0.0952246042015484 -0.0913437845302438 -0.0959731889006379 0.679155897393926
-0.0988943552235264 0.0139886676999966 0.281848046623146 0.334385553826604
-0.0551485659514119 0.04713448536068 0.215064725275547 0.070486663380052
-0.0206616070589835 0.044642907503106 0.0711191459229986 0.0283199944997645
-0.00170744689964345 0.028147755340539 0.02902679011993 0.0647532980375421
0.00922332806309648 0.0230749459790493 -0.013832532970924 0.0607864632956892
0.014478436686386 0.0352149223449351 -0.135939690330248 -0.00245757773593834
-0.00873157222102845 0.0464655537802506 -0.223300414791917 -0.148276884805498
-0.0461494774631733 0.0618171287478666 -0.0948420718384558 -0.358232506728835
-0.0619915401106658 0.0220866106356966 0.12603051304798 -0.367705449055285
-0.0598714090873806 -0.0398230587091295 0.232848906350998 -0.177823797352457
-0.0272947208207118 -0.0358266729474681 -0.0567119899608703 -0.0784269548081726
-0.0278484508659412 0.159628152547241 -0.241193757740363 -0.00273428773935007
0.136103656352648 0.0830658736825377 -0.734129086760304 -0.0711545340514139
0.0986480902360094 -0.078401010701716 -0.6469183418517 0.489562546659585
-0.0650053634288778 -0.125923203821433 -0.0857978044412247 0.624123741880926
-0.0983048427856669 -0.0179132394473681 0.232902646254317 0.296307214445173
-0.0622345483305679 0.0184286080109851 0.169574147267773 0.0777727055627958
-0.0354107497551724 0.0178727345961138 0.0485433838032095 0.0452763361791741
-0.0105257778460796 0.00772679810920791 0.022098915420437 0.0685410218142633
0.0136830704037893 0.00643371251337799 -0.00974425625702736 0.0550553207319736
0.0383621043786772 0.0309156752855881 -0.121495880752993 0.00087669299060196
0.00850199448254359 0.0682012862977265 -0.212732708048753 -0.129500647964162
-0.058449373449201 0.0887476308602456 -0.115683118725883 -0.340815168256851
-0.0836852268533261 0.0204379817957996 0.0997542208969449 -0.3904766528363
-0.0648907631789662 -0.0414903036920451 0.266640649528302 -0.203507803805687
-0.0464534554968959 -0.0026275694032442 -0.0235850638441234 -0.0511979712603872
-0.033070761075178 0.166467645758776 -0.224599937998219 -0.0310717433389285
0.132969191715628 0.0602747674325305 -0.695077375376418 -0.0260901418372947
0.0797348838206775 -0.0795216279219106 -0.550025920816435 0.479014940424497
-0.0638540475479055 -0.0986631372600499 -0.052072390465561 0.542288318391823
-0.067383161466577 -0.0143745387095703 0.190200675217466 0.24674076057053
-0.0371397168867061 -0.00521201449051511 0.125147527743888 0.0742329978268892
-0.0301097584483889 -0.013149929009797 0.0257617482049746 0.0516979737299788
-0.01445196663584 -0.013808571737811 0.0115179165003367 0.0606840041530105
0.00613960008333016 -0.00533788472012563 -0.00703540938993796 0.0421085561660353
0.033048661046367 0.027812561604883 -0.104542573861728 0.00719021494339374
-0.0100883539467862 0.0682464104766908 -0.203399640129283 -0.0983382285927384
-0.0758062221463985 0.0567948101041636 -0.145079533966632 -0.326217252520665
-0.0529917190808579 -0.0138263679599532 0.0835917666448116 -0.433387789197804
-0.017321068031824 -0.0156622006199401 0.331936925079582 -0.241806390442956
-0.0582553054852048 0.0627497541552799 0.0360556823297082 -0.0298627826992629
-0.03852946131657 0.132837201182673 -0.187434755270667 -0.0289675546769783
0.0742091743333313 0.00557433088109049 -0.60216054835177 0.0368218373697365
0.00849249391206934 -0.058345019789966 -0.434794991436071 0.435303525932887
-0.0636083180234015 -0.0223021070233075 -0.0309250433109147 0.459386679379557
-0.00954006497567745 0.010096090201714 0.163255857323211 0.215261201706372
0.00980829472537908 -0.0233371072030959 0.102667522041878 0.0694150144533949
-0.0104124581534593 -0.0416523268983843 0.0125605476657468 0.0456837892732339
-0.0147365641217077 -0.0329895334898229 -0.00195479017808579 0.0427799715719728
-0.0131808993801255 -0.0152526101392712 -0.0100769963264521 0.0328741113765288
0.00122799998270547 0.0156643529434094 -0.101172240414887 0.0213673645482154
-0.0509161002631816 0.0320759953315631 -0.221155801785333 -0.0689356777490978
-0.0681419578695727 -0.0314105451485467 -0.187763199356803 -0.341675018951622
0.0406881145583991 -0.0528972146946505 0.0942359466651854 -0.506025879356637
0.0607262983269453 0.0501693878413224 0.431145430688358 -0.27685054245021
-0.0676605022930152 0.147093055428075 0.109771261819231 -0.0226737853639408
-0.0435953486238405 0.0928029453803398 -0.128265976869065 0.00195918731063355
0.00126706477473639 -0.0271254635661715 -0.476017499556021 0.0882917821809594
-0.0522668168525863 -0.0109134270376713 -0.345384003373366 0.379003702762157
-0.0381613386643536 0.0539616573992125 -0.0230332100758859 0.408603124165088
0.0532318970085586 0.027321566260914 0.16284120465047 0.210541400878737
0.0545590759867534 -0.0368343776159438 0.109025583686426 0.0630227938679412
0.0115793662323806 -0.0599735999785875 0.0104009598085392 0.025947879431308
-0.0138473469979751 -0.0475708170000491 -0.0157937892915209 0.0196215935934476
-0.0336995586785274 -0.0284377094575787 -0.0249540072753818 0.027157122542967
-0.0337913758579743 -0.0118131312059007 -0.12607544107919 0.0325999924094088
-0.072012763899532 -0.0352882408064746 -0.274456581045157 -0.0698801070161428
-0.00120951944110175 -0.122176511604511 -0.221238746626652 -0.418078248191125
0.160985715227567 -0.0419242555190444 0.170039416018788 -0.596607354338517
0.113939106079759 0.147340579815094 0.555717604602455 -0.280493636015814
-0.0801851332359616 0.215670786813931 0.18363955721772 -0.0323964172317742
-0.0420978078447834 0.069807415403076 -0.0594496510545275 0.0382304212186954
-0.0368623594822312 -0.0231447570813561 -0.356833162595885 0.115446680641401
-0.0605676386668649 0.0330056783938001 -0.283653935192159 0.340072030250981
0.00282786848905549 0.0836194000735069 -0.0119826291607198 0.395440639867499
0.0896904258996307 0.0245762650661542 0.188503701182309 0.21686333307024
0.0753678096893516 -0.04345771519039 0.134217944531076 0.0507393412508942
0.0250645620979699 -0.0642979041532433 0.0161513253282582 -0.004824981229677
-0.0102539850796327 -0.0541844926127638 -0.027394148619695 -0.00672275738719085
-0.0401452260008296 -0.0424520531908513 -0.0498010732545721 0.0183815450179278
-0.0427742335834351 -0.0455904423675583 -0.172084079358432 0.0221303073285862
-0.0433535092412969 -0.0921250469047782 -0.332580184214528 -0.12689127277917
0.0994586242771663 -0.140403046175765 -0.192673256435362 -0.536552525628398
0.227155066965547 0.0351885500618603 0.319275288802129 -0.648594600547205
0.094431281339585 0.223479730706918 0.674966864842928 -0.224950311742441
-0.094809002891646 0.227796872937942 0.244913976750653 -0.0525634065099147
-0.0283652094521225 0.0672931220152634 0.00180949899195423 0.0607266722265244
-0.0222354458960395 0.00167852971980422 -0.272440987386661 0.12545896488724
-0.0206866191524311 0.0452746366809932 -0.239841330121604 0.329076391035054
0.0332740612553869 0.058540800446463 0.016145068124989 0.401207682584422
0.0843975366689399 0.00583678418763615 0.221662956929098 0.216478036658997
0.0650151462909959 -0.0400592341851119 0.159515652605513 0.0311669566873913
0.0248545420330325 -0.0545063961458504 0.0218789155137568 -0.0375526831113165
-0.00390174445279844 -0.0526024991722866 -0.0346071850389265 -0.0324488617049448
-0.0265593634640669 -0.0519204880471938 -0.0743888431039226 0.00132075430901846
-0.0151708923811918 -0.0645894131649865 -0.210767097244423 -0.0138925394202096
0.0193370730177497 -0.097593531985808 -0.350784431766974 -0.217540933066948
0.161090159394037 -0.0685645523129063 -0.0969401842821389 -0.633807579587483
0.186264199072792 0.118810178535877 0.481791800052543 -0.625903383123554
0.0145862050849851 0.213647788705315 0.75079343096498 -0.126266487500867
-0.0946122548926758 0.167927360557842 0.286591500349765 -0.0706619489606854
0.00416429772653739 -0.0117384412697371 -0.202206547687589 0.0676000506605966
0.0132550006896928 -0.079470434326168 -0.69317030317862 -0.0224400682191768
-0.070165608745229 -0.085911677250553 -0.62051655338556 0.52625575283894
-0.133797416557033 -0.0012073986599138 -0.0219068034306867 0.68051086036114
-0.0636965773949975 0.0690046548906548 0.332181267456146 0.305204972802504
-0.0150222729228988 0.0691365984342214 0.236417847071612 0.0302679237147457
0.0111845474832888 0.0580731221107823 0.0799987472450471 -0.00170984351356258
0.0129371857104438 0.0394620010642537 0.0374888883778572 0.0422965089058367
0.00139238022616289 0.0411235082150297 -0.00788007497330104 0.0441520839674353
-0.0212473240718868 0.0416822146277942 -0.127260435171404 -0.0113834119975071
-0.0441377288058325 0.0203019326457033 -0.206040577034508 -0.148218803838408
-0.0393526195054857 0.00740650809958522 -0.0723806324901664 -0.344553306985859
-0.0113164858707902 0.000525361528543877 0.14127153354878 -0.334374263983998
-0.0225681004380133 -0.0199411173788596 0.217072889047138 -0.154456559113813
-0.00647289257777688 -0.0403320048333124 -0.0606103269639577 -0.0810004569704438
-0.00979491007674587 0.0954194097389195 -0.223943792476251 0.0494258629277641
0.0907524354430064 0.0255691058337396 -0.707796636603408 -0.0521041911780947
0.0373341240824172 -0.0860768856677648 -0.64556290385537 0.497579925178388
-0.0960825893011961 -0.0868944016974029 -0.0666683645095331 0.658211606640384
-0.0981371342941568 0.0164831904087843 0.283715170337521 0.311925486610252
-0.0530436973820968 0.048063613393551 0.211984035844886 0.0583202148867121
-0.0191924208175271 0.0449252306917527 0.0719510708960721 0.0226840533795051
-0.000898914469327916 0.0275835096897827 0.0350498683450147 0.0569217949565709
0.0103382754717816 0.0227881318408188 -0.00718748778593775 0.0529278907948779
0.0152378149459463 0.0332451729140681 -0.124622238224827 -0.00207210871302397
-0.00724115733274437 0.0468606556897559 -0.211179905740562 -0.138318817553855
-0.0441872577813831 0.0622389483652096 -0.0954120991042267 -0.337041749462231
-0.0604367856009144 0.0205795276185005 0.114351835025416 -0.347228492809034
-0.0607278709941862 -0.0363793827973534 0.218630922953508 -0.167979356245201
-0.0262774817582971 -0.0320563460592573 -0.0595793678095903 -0.0626204982778537
-0.0186397577934242 0.162905409459205 -0.229116899161774 0.0103166782458498
0.140156751448246 0.0783183526354603 -0.707269163055049 -0.0451493802587608
0.0989898363229578 -0.0849017346050032 -0.607012494312576 0.493003336825624
-0.0683226529101367 -0.125626054117214 -0.0601974963322749 0.602892337990685
-0.10155626699701 -0.0156667194574786 0.233650537775892 0.275634724015871
-0.0631375562095109 0.0204516501393981 0.166252363408464 0.0668161537009926
-0.0354817862887816 0.0210569038122693 0.0495169975031573 0.0410577659291545
-0.0114685857644751 0.01064615256682 0.0279425260520126 0.0622192361852326
0.0131289315775991 0.0083282631367028 -0.00474641595628196 0.0475464598916381
0.0370838825830181 0.0294143252994249 -0.1109726912617 0.00113052574651989
0.0088833661877725 0.0672345705745913 -0.200396090488248 -0.119168869265638
-0.0574969880301353 0.0864475427508827 -0.113949760386997 -0.319930912795127
-0.0807031385279008 0.0178100485997553 0.091393633976166 -0.368335787368725
-0.0626419159028638 -0.0373677149121451 0.250617641341896 -0.195317046455424
-0.0423262062694828 0.00473084811123019 -0.026197000081995 -0.0388081755813707
-0.0224119313815528 0.172446811253604 -0.214776988136863 -0.0196161930256595
0.138592456266895 0.0569428169584651 -0.667470321684211 -0.00464091834261149
0.0824599819897116 -0.0869964106463993 -0.512465229081703 0.478109669262615
-0.0672185930564454 -0.101046697223544 -0.0326291475935503 0.519688537178016
-0.0725677946193267 -0.0140855361175833 0.18817552194223 0.227680507690426
-0.041043764265506 -0.00246478973374601 0.121758448284431 0.0654163070800762
-0.0328964369862069 -0.00802411554555419 0.026927507675393 0.0501620298946868
-0.0173941695680126 -0.00843421193813464 0.0159927837178205 0.0563983891698529
0.00443559009003688 -0.00104490039681429 -0.00252958838645808 0.0363043741232747
0.0303678740373498 0.0274714393855229 -0.0947260792388071 0.00730576223888394
-0.0114001428859568 0.0682187720471269 -0.191255663970386 -0.0891455829038883
-0.0775658548259887 0.0540686695198454 -0.142011035748594 -0.304510218379304
-0.0507116703312262 -0.0189457293467966 0.0713345538459115 -0.41042447956431
-0.0130516340362936 -0.0130624395399245 0.311916529803438 -0.235015194773979
-0.0510916842958979 0.0720953393638312 0.032699304578439 -0.0228497514211807
-0.0283141096269945 0.140557933539811 -0.178702392460976 -0.0206983671578362
0.0809050063448152 0.00604457124544489 -0.574496251148964 0.0535516774780096
0.014195583286849 -0.0652016602717895 -0.402522055323854 0.428708096686558
-0.0651893375577919 -0.0273823895034465 -0.0145957918589945 0.435130545888943
-0.016017627826287 0.00748708982180314 0.158155981438971 0.197983516100747
0.00304418290447335 -0.0221177302219785 0.0975006119048754 0.062737329659415
-0.0155853914376768 -0.0359955462666101 0.0127790154917856 0.0462270972500092
-0.0194764728675714 -0.0260391043984116 0.00125934973741502 0.0418175870643565
-0.0153496908082795 -0.0090784881069244 -0.00717587009097307 0.0286475197319615
-0.00253597689679919 0.0179477475697295 -0.0912288612570159 0.0226336997426132
-0.054126664563818 0.0342279447850122 -0.20732675669128 -0.0578465727730772
-0.0740076058101869 -0.0348473859551757 -0.187054170199473 -0.317207297667525
0.0404862222933823 -0.061294260184743 0.07648672608632 -0.48202080343553
0.0672184184151264 0.0493217924753226 0.406537428580783 -0.27591534742623
-0.0559340671544092 0.156036759274811 0.104565188777059 -0.0215905619966637
-0.0344867019121626 0.101695414096352 -0.120366714166299 0.00394654233783587
0.00832747452646921 -0.023857785406067 -0.450234772250609 0.0959080161519474
-0.044676159670859 -0.0166322576904641 -0.317898342422848 0.370547347083042
-0.0375982787144121 0.0474772493494949 -0.0126436089025668 0.385069260732635
0.04575678757853 0.0221730011463519 0.156678831047933 0.193368771675536
0.0465450710190009 -0.037696907949559 0.102249257532886 0.0577611584165321
0.00593953280810336 -0.0551147109857876 0.009021948635032 0.0289590582421816
-0.018737870164487 -0.0403105907964363 -0.0141428379316472 0.0217147600109001
-0.0364473549641857 -0.0202253827033798 -0.022846212261951 0.0259602069707448
-0.0384409656851931 -0.00732398127811174 -0.115907132809393 0.0362505644346202
-0.0784673173719997 -0.03105070895635 -0.261010480822558 -0.0555279462803582
-0.0118473045658722 -0.127558943597824 -0.225033275832638 -0.389440310210964
0.160392449989658 -0.0547274458606349 0.145682317859127 -0.574859512104518
0.122659006945004 0.143173491253431 0.52841857603388 -0.285404725703102
-0.0663275740706687 0.222811574485928 0.175116003885258 -0.0366841259932546
-0.0336184763037955 0.0771639422191797 -0.0522891524434225 0.0338147479541769
-0.0302238182280282 -0.019542996740247 -0.334433305381509 0.11651651344733
-0.052587352853433 0.0277142642037908 -0.262969253213572 0.329016603281256
0.00423345816268973 0.0766375124498403 -0.00310698088075968 0.37373217000145
0.0828933138319848 0.0185187266944667 0.181773318612682 0.199106197246525
0.0677849138202993 -0.0456322727249868 0.125970017570284 0.0459891237433676
0.0194720237512547 -0.0607640126532492 0.0126705191486658 0.000266453042012423
-0.0152125156829502 -0.0482076230944631 -0.0273337192123378 -0.00179101874667651
-0.0437528860873366 -0.0344822975408784 -0.0482125939522947 0.0205068590368215
-0.048330536972774 -0.0406676346084968 -0.162285210087999 0.0298114019402957
-0.0515127271969473 -0.0885530187185564 -0.320883291176186 -0.107416630818905
0.0876864546962022 -0.148571033517473 -0.204463661475257 -0.506447401755933
0.227279256562883 0.0199987663070261 0.289469115395685 -0.631794400741057
0.104828560412035 0.218603106009908 0.645514683614641 -0.237867995284841
-0.0804068014406826 0.233840784505991 0.233245635360237 -0.0607702853977833
-0.0204976603081876 0.0717060063937991 0.0073039658419852 0.0510396212971196
-0.0182508953664079 0.00324538667058761 -0.254322741901402 0.121367740848071
-0.0153042930824226 0.0395755288803855 -0.221998582347188 0.31515270705405
0.0338195193204345 0.0529642687904049 0.0228311717260885 0.379547944701427
0.0787654218757135 0.000655850031210129 0.214952484583877 0.199640254722624
0.0595583442618126 -0.0421003893225333 0.150110651141539 0.0272363436600349
0.0204360512860126 -0.0525403193737324 0.0162397375974856 -0.0305796314079351
-0.00846143907870723 -0.0482625366546608 -0.035861956017067 -0.0247583669040794
-0.0297497916533583 -0.0460595948882826 -0.0734820780834367 0.00658410602543194
-0.0214038450157348 -0.0618654936051552 -0.203300994235611 -0.00276843862637892
0.0114936072632531 -0.0968398588641627 -0.345405270625797 -0.193969584278516
0.15337623189719 -0.0779714142693869 -0.117272636285912 -0.606286188857143
0.188612600095626 0.105537669158233 0.44719386758728 -0.61761259631309
0.0229114674853565 0.211574081265637 0.722154945675647 -0.144077192285031
-0.0837273115576313 0.171778480243997 0.27158479946156 -0.0815788774585505
0.00490906035043593 -0.0130232893813427 -0.193378030610224 0.0735939668124626
0.0097035585898515 -0.0802249088834651 -0.682317850296132 -0.0202748167219969
-0.0712507570239413 -0.0856624726998308 -0.608711327152173 0.522890264235169
-0.13138126952183 0.00266721682323893 -0.0148136531106023 0.670078558969278
-0.0612492332458941 0.0700212476665518 0.333032667040929 0.296400358793641
-0.0127425074653105 0.0680961440608154 0.234966343429688 0.0239889450693638
0.0133550299079845 0.0556828836597009 0.080977706639915 -0.00510710190308698
0.013757910246453 0.0372770266012778 0.0410937495349373 0.0369597693918854
0.00314534640162244 0.039322903258848 -0.00351682143717864 0.0372950836016068
-0.0192503733608915 0.041089425702922 -0.119084711211962 -0.0137155383938918
-0.0424764959155283 0.0219026353282525 -0.195551771841073 -0.145695164233046
-0.0384686519552478 0.00993320401698696 -0.0678152102269996 -0.334310012980379
-0.0133935412238492 0.000160110337038243 0.140931977406195 -0.318111943329571
-0.0257234724611324 -0.0201827127602229 0.212612455957086 -0.142589304995967
-0.00675270914394599 -0.0408227727374214 -0.0634744544086844 -0.0684035558198306
-0.00654350542447 0.0972534128254801 -0.215682093264637 0.0569256014365465
0.09174596222909 0.0248525622593266 -0.69622232243838 -0.0470306196027468
0.0391700765063952 -0.0886809490907457 -0.635026320696984 0.493257809461802
-0.0960529547323055 -0.0868883887565664 -0.0617446480988762 0.648881564223766
-0.0997770591543824 0.0173243441523903 0.283605456107894 0.302919245854392
-0.0525101837844522 0.0488918740847948 0.210655764365838 0.0519276954617487
-0.017826960829209 0.045750661478632 0.0735425953208526 0.0187974745633119
-0.00110503406272887 0.0282300582121274 0.0393459773993213 0.0514317727580179
0.0110198765356867 0.0228998854875573 -0.00268367787796982 0.0459653495803364
0.0154264771903771 0.0328094127037259 -0.116547826561805 -0.00502094839790254
-0.00665108309626461 0.0473197071024202 -0.20122901535452 -0.135994113224101
-0.0444172588946107 0.0626804906438507 -0.0888309508886782 -0.327460846599305
-0.0612099942392166 0.0187948030505376 0.115865428848359 -0.331596261782875
-0.0610208140945961 -0.0355127703062987 0.214211635238725 -0.156618599243271
-0.025232561487471 -0.02950312391617 -0.0617809832833019 -0.0500484183172559
-0.0133505210272772 0.168111391026402 -0.222161811047646 0.0179905373011535
0.144794389778212 0.077846625441388 -0.695821350379551 -0.040478326727898
0.102589496605472 -0.0912537213181539 -0.593069590008845 0.490659680941916
-0.0707584414105864 -0.129427198144525 -0.0528010413379987 0.591800832576997
-0.105882832619797 -0.01595030245231 0.23331762034628 0.266100022763453
-0.0659852300471201 0.0228937774672495 0.164254911674107 0.0613907106229171
-0.0366760839127769 0.0241645157096847 0.0506471260685973 0.038704145973743
-0.0126063951414626 0.0136377276258329 0.0318530751580078 0.0578710640823183
0.0130438182218091 0.0101288857953404 -0.0007788417009488 0.0408975997375138
0.035791938980437 0.0293975021208625 -0.103430276415375 -0.00242509634122016
0.00745715919114424 0.0676813445220409 -0.190549419683072 -0.118048270893396
-0.0592361474535125 0.08558530294947 -0.106808912804844 -0.31047491922277
-0.0805279006503515 0.0137793825612784 0.0914652708082954 -0.353272616989634
-0.0602407343123468 -0.0362844239407852 0.24599642682574 -0.184709803751792
-0.0390510950050384 0.010287963781203 -0.0280450533719189 -0.0281480097111579
-0.0156056956672138 0.179320096036499 -0.208638761087275 -0.0136267091085381
0.146086464957672 0.0575991808523504 -0.654253692083708 0.00133176216637497
0.0875219086380592 -0.0949538048605797 -0.497412562107745 0.471804723487089
-0.0701864273801203 -0.106713651010136 -0.0259153993998049 0.507210574573559
-0.0789855573161942 -0.015115150478502 0.18518429802751 0.218337333101166
-0.0458200745951262 -0.000555018110244191 0.118100538626711 0.0624231338348081
-0.0354289546031998 -0.00372022318586508 0.0274795505839154 0.0497072840817282
-0.0192626611924468 -0.00345163392986753 0.0195331484999978 0.0533845764971469
0.00391027466185345 0.00267720479898781 -0.000296119877724573 0.0309536958665197
0.0278428138703018 0.0288520449052715 -0.0869506737048482 0.00405858014717076
-0.0140503397063962 0.0693034624872751 -0.180552191928596 -0.0875048727856496
-0.0821054543891862 0.0513192985565959 -0.134656501554118 -0.293529647730458
-0.0495429771877148 -0.0253113431413206 0.0729706030958567 -0.394716634080725
-0.00827441950648567 -0.0115421179844671 0.30581310377648 -0.227170689540972
-0.0452375714589878 0.0802034671333922 0.0306941676728535 -0.0155470858142984
-0.0209896775146254 0.149858869906324 -0.173430944936935 -0.0174620323181038
0.0889846954787393 0.00772105969280173 -0.560646327422655 0.0546449471747799
0.0198820892326315 -0.0734486419739931 -0.390390690766596 0.419464202640199
-0.0676454511631319 -0.0338489592621797 -0.0125685874098944 0.421272128723417
-0.0233062493771261 0.00544956594529923 0.151550367750672 0.188425387713581
-0.00263381973163088 -0.0206014022158469 0.0920049387074637 0.0606901612198934
-0.0187940755613805 -0.0314539728875067 0.0125023026729983 0.0482711067263968
-0.0220513737068429 -0.0202455267518318 0.00390343927614742 0.0411862418375214
-0.0165095711533744 -0.00297291292755466 -0.00556827997072689 0.025550930570957
-0.00642559951562842 0.0207661078486902 -0.0836940094009971 0.0207339264241953
-0.0589689599911851 0.0363761300154249 -0.197280840967413 -0.054487885189716
-0.0811035261520602 -0.0395101949509325 -0.181610377105129 -0.304798108606699
0.0420067530998213 -0.0703325190760631 0.0763884885379208 -0.466945737615616
0.0744581278523351 0.0501652934185511 0.39812141345457 -0.271203200968563
-0.048404482029508 0.165350278419239 0.101599325681975 -0.0187295819662282
-0.027089339574792 0.111096627100115 -0.11547149659103 0.00278854712278188
0.0155203322371845 -0.0217970419018553 -0.437175329801041 0.0939124428883765
-0.0387348067718246 -0.0236229335287846 -0.308424768946448 0.358975618873285
-0.0393310174456174 0.0405696683418442 -0.0122890407689305 0.371284699033414
0.0396855759365587 0.0192091199362058 0.148551819227871 0.185271344852833
0.0408244154917686 -0.0374322108508943 0.0958917854140896 0.0573530968395355
0.00174817745791504 -0.0518252172182867 0.00771594315713279 0.0328067156070279
-0.0221586342097569 -0.0342750895827183 -0.0132812338980252 0.0230144197716826
-0.038317792400954 -0.0133753621677068 -0.021950591105438 0.0251214766343025
-0.0436143573705027 -0.00385718421025961 -0.108724255886308 0.037135886099918
-0.0848153531820975 -0.0287575280383445 -0.251712521176402 -0.0493251234925132
-0.0201130245445207 -0.134391678761045 -0.223261602401512 -0.376346867960072
0.162188643999698 -0.0649222050858397 0.141744674026123 -0.562379955904364
0.130676367195238 0.144056343427171 0.51909445988066 -0.28346648033163
-0.057978684162708 0.23187838657178 0.170965020589022 -0.0368785073083918
-0.0266406792781286 0.0846222930557972 -0.047609760189298 0.0281730038751731
-0.0249809216343668 -0.0179082912942319 -0.323515295687621 0.110602301239213
-0.0480830384609544 0.0215210875767443 -0.255712700972439 0.317201110093111
0.00370710861359819 0.0713788110701557 -0.00460740809678315 0.361067850517369
0.0774354367729457 0.0152365171232669 0.173445897732915 0.192415928574614
0.0625184721520823 -0.0458128497770427 0.119116490766833 0.0460862774594338
0.0160021044372997 -0.0580250301557655 0.0097674154784656 0.00645025379070812
-0.018308683773025 -0.0429651946634581 -0.0275354522140843 0.00211755215067392
-0.046072805862504 -0.0280862771766527 -0.0481693293613268 0.0226599125717673
-0.0535794310896517 -0.03793208734233 -0.157091432830632 0.033284516047214
-0.0586294648548611 -0.0875673551201945 -0.314235533504263 -0.0979232506109408
0.0814556762543049 -0.156875361290625 -0.208384257196006 -0.493711423694795
0.230902847814848 0.0109465817263145 0.281700475773527 -0.622863728106777
0.111447727242485 0.220346821726836 0.636246849708625 -0.237497751899391
-0.0734129734098435 0.241030665144215 0.227197670379759 -0.0642711500381676
-0.014942916641937 0.0759524968906229 0.010778613799539 0.0425601410281825
-0.0149476576249968 0.00417937460015618 -0.246074096000656 0.113255522583601
-0.0118054576456832 0.0343836135653568 -0.217982510737537 0.303334342272642
0.0345212326492748 0.0491373270834262 0.0200998621680134 0.368310217685802
0.0754297360794371 -0.00158446986220871 0.207009233236097 0.193874063054846
0.055927113029578 -0.043440850619173 0.143370605388687 0.0278587464335593
0.0182461972212585 -0.0513069288215995 0.0128596392110508 -0.0234100541233344
-0.0110803762086125 -0.0450075408326658 -0.0370273351718979 -0.0192924547288767
-0.0325242286587156 -0.0418659697927532 -0.0736210264905638 0.0109485838223604
-0.0251750541531624 -0.0606780526286819 -0.200331406811251 0.00283864156695769
0.00629043697788915 -0.0977833294537513 -0.342040316254108 -0.183059517384337
0.150038390935682 -0.0854261839315433 -0.124888486039345 -0.594609936887727
0.191957670067666 0.0995960512222833 0.440166945686503 -0.610800214184956
0.0271563407112164 0.214278133562247 0.714236761908919 -0.145212117289248
-0.0777012395394402 0.177108803989562 0.264003755146833 -0.0863786572632778
0.00294770721630275 -0.0137309459415595 -0.139920740671058 0.151785652317519
-0.0175776375299897 -0.06982261801609 -0.634107610301693 0.276701090702395
-0.0900106875821549 -0.0483315776063782 -0.333746282717413 0.742631196099681
-0.107771238046552 0.0512743443199103 0.28073314560698 0.62443654367931
-0.0256604684098536 0.0835225565121785 0.439373226111312 0.121096153074217
0.01793192427094 0.0649216403905414 0.226068472192914 -0.0849303513602003
0.0373996216163857 0.0435006255580205 0.073119520397275 -0.0432074186021873
0.0284000640881169 0.0270042889487031 0.0546913965009903 0.00948771119457512
0.0207000807212527 0.0331980620982542 0.0133354058673606 0.02881394923194
0.000641276191886956 0.0457873332188042 -0.112601855322326 0.0344149640823647
-0.0298757686752723 0.0404209129963244 -0.236854004706797 -0.0537782449073728
-0.0310483905546727 0.0235683525200773 -0.202152606049963 -0.277195884733932
-0.0125524617021744 0.00372457332916653 -0.00162537257927368 -0.342895618883279
-0.0332741228908943 -0.00725704877906869 0.139971012374291 -0.213615254723029
-0.0264324245452117 -0.0376421463509178 -0.0832314363630646 -0.0245868458207231
0.0398008648892354 0.0963403927231988 -0.163942364077024 0.149086424823346
0.104935247858 -0.0077812146878042 -0.65411864456911 0.257386270065479
0.0118102223793739 -0.0998861202639627 -0.366642070552363 0.721359807653317
-0.116847288015593 -0.0465445854796896 0.226199469763265 0.620042047558462
-0.0853254418097698 0.0523082920056056 0.393010107952989 0.148995059743504
-0.0287363400088973 0.0667317912505371 0.214322354906069 -0.048383596307957
0.00401046558016505 0.0501377570175749 0.0761467903130659 -0.0167433901053917
0.0109344584087112 0.027229292679218 0.0602868092971634 0.0238207003298165
0.0206844244394924 0.0168025915059401 0.0185216105848603 0.0360704151815453
0.0285166131181158 0.0241293432413583 -0.106544828129039 0.0415782738468797
0.0134795179258858 0.04890679814935 -0.238984352261667 -0.0403434977727256
-0.0158440301342077 0.0741904756211708 -0.221155939114727 -0.261348432270183
-0.0488495119171837 0.03992828007691 -0.0313931415770504 -0.347262363774385
-0.0698960180780211 -0.00675084431473055 0.136000479052611 -0.229503584352208
-0.0358807255441736 -0.0156168700803949 -0.0738970019404354 -0.00887210286112155
0.0646116016477894 0.166953169545899 -0.184441612451701 0.118036134203346
0.17940911570838 0.017662762685857 -0.650022603342302 0.261777015021689
0.0701521630972654 -0.131991746281346 -0.329960472287372 0.695257089662234
-0.114892914505962 -0.0973155316046215 0.206755563495606 0.56132144009352
-0.10767873973632 0.0257929138240341 0.327562053501908 0.139756835599779
-0.053480459629964 0.0506202105076404 0.174667672416749 -0.0170621474651581
-0.0231815160781654 0.0406452021174898 0.0641332302824249 0.012864050015236
-0.00591141450648026 0.0211282493867938 0.0558245616604195 0.0332296957843816
0.0176456692205808 0.00593065191151347 0.017365500088126 0.0310792060068548
0.0451507139490877 0.0135874787220492 -0.0926283821058816 0.0384523860031664
0.0345960368093783 0.0627566393597206 -0.221940884585583 -0.0279582092840647
-0.0223766615839198 0.101237888665453 -0.231511091954923 -0.237911427265779
-0.0697781481306091 0.040890657555395 -0.0627753078006692 -0.357884692663597
-0.0661866745427227 -0.00841672141837957 0.152269103718985 -0.269599227675458
-0.0262798006274353 0.0312082012358088 -0.03570476191633 -0.00656072697140829
0.0686512107000393 0.181001452053969 -0.186847280697326 0.0824626446057217
0.173771205725831 -0.00273515529404576 -0.591684883512271 0.281698642731746
0.0536587815962714 -0.132327920489484 -0.248555134827178 0.636550135979219
-0.108327132250214 -0.0782300299275113 0.193043831931381 0.468923771535976
-0.0845158799089909 0.0166342524501967 0.259796544688163 0.11772046083404
-0.0460702808134064 0.0217220659784067 0.130904383413871 0.00511821235588837
-0.0346377635160122 0.0160644388418153 0.0466929569145211 0.0345904567548267
-0.0192646359906986 0.00984327340074689 0.0433429956375194 0.0367381556246838
0.00602877855106949 0.00477405187724853 0.0132043354659029 0.023492603261937
0.0374613180129465 0.0174215129766535 -0.0745362392304289 0.0371901796816774
0.013766282252067 0.07511695577454 -0.199573544269127 -0.00537358802428625
-0.0618445240060713 0.0794489613999092 -0.248004312532993 -0.212336622999213
-0.0586825112525186 -0.0129276504542712 -0.0981532537474356 -0.385744021539373
-0.00350406760717059 -0.0105110139333278 0.186145077559607 -0.333478028149524
0.00414626268048447 0.101326802404422 0.0189488600453652 -0.0233748417871966
0.0527471533697552 0.155931487242683 -0.158907229886826 0.0612054299448187
0.101156102587792 -0.0269601466205228 -0.484482685011628 0.289183507636582
-0.00179990163343388 -0.0859970970659136 -0.174538739878136 0.542346287529555
-0.0765363964140082 -0.0121589659091752 0.167932659776934 0.385834843536226
-0.0254139333170467 0.0128865649055867 0.214793002381318 0.103850552099853
-0.0152505677151006 -0.0156347692908133 0.106724894197322 0.0164475583856659
-0.0315109247736734 -0.0160385939434809 0.0328611588591037 0.0408651241670563
-0.0288468615562725 -0.00376794109300969 0.0227565655554906 0.0343674457577797
-0.0153801142802727 0.00926435532964063 0.00610168788536523 0.0220307677766703
0.00114000816925091 0.0268118831744683 -0.0640713403202162 0.0518695047037357
-0.0445878075730602 0.0648382937725349 -0.198184770823115 0.0314050582015338
-0.104706694565199 -0.00537256871726124 -0.290265218479938 -0.203887709753812
0.00918615252270651 -0.0988773759246768 -0.125476664858932 -0.451488521691994
0.104734251450368 0.0102542743843863 0.248033956083462 -0.411261407221419
0.0438202188995853 0.184511757291643 0.076527143455572 -0.0609511970516701
0.0308848376748064 0.120490802572218 -0.099433038457721 0.0520784192581462
0.0198955696149227 -0.0246810885618618 -0.356505172020132 0.270595270429356
-0.0375158962306302 -0.0151881879927892 -0.128413419127526 0.453333218623838
-0.0195761398857551 0.0445627773798418 0.145896951871142 0.342874660266874
0.038318549012497 -0.00128276492584271 0.210641118338446 0.101283661724998
0.017284443670124 -0.0500313100416283 0.108221099956598 0.0118493234753398
-0.0217069922249483 -0.0436151816411976 0.0219227658438051 0.0293782508567144
-0.0350220237760477 -0.0168248577685122 -0.000454833282935926 0.02809443360221
-0.0400475132101865 0.0103978366341881 -0.00871570402187773 0.0311418174638651
-0.0456403488142377 0.0208124366280573 -0.079133079968118 0.0793584328336012
-0.0989029576699607 0.0150958353562674 -0.24336118919669 0.0609859578827539
-0.0915731840230529 -0.122664484321251 -0.355192014885915 -0.248759446544307
0.127385605759867 -0.148596746385236 -0.109022201616004 -0.560909940035715
0.201935765539054 0.0733725349728362 0.3454200746406 -0.472948548338045
0.0660349257820043 0.251651094962626 0.126626973136542 -0.112081944255712
0.0185644212685719 0.0938608545654135 -0.0285407748989623 0.0431598516596443
-0.0191103382213169 -0.00509505512043428 -0.247247078607294 0.234823680037007
-0.0293256697603882 0.0315155712896523 -0.100492361746654 0.393198281472955
0.0335259424228403 0.0548409341765583 0.150031539613088 0.330011878510527
0.0728161696236814 -0.0218739707650344 0.237084758807809 0.0960089939506511
0.0343124623555174 -0.0688633369538037 0.124711432869506 -0.00881105968797941
-0.0113215773504175 -0.0566606533081202 0.0116768326933658 0.00479830150137937
-0.0351487190570352 -0.0272775408035706 -0.0227158364326519 0.0172656062272706
-0.0550837964895787 -0.000602383113692273 -0.0328439133772021 0.042908132558235
-0.0703277541598497 -0.00737032513623904 -0.124412854093445 0.0997859515791421
-0.100639816842723 -0.0535137617976425 -0.320395332343683 0.0477883521191831
-0.00683434038612038 -0.191107633696905 -0.392298468463082 -0.355238666987676
0.22829473376204 -0.105600526372619 -0.0120061546391159 -0.675296776769053
0.218766503067511 0.155197901491422 0.470279313523839 -0.483825885207848
0.055110433702007 0.26653269298702 0.164892919583381 -0.163874007310804
0.0238566241207566 0.0776531564770992 0.0307618812808063 0.0282322056491881
-0.00455564111292035 0.0101934126085231 -0.175990368720466 0.202137320113922
0.00877678391477946 0.0306477042753243 -0.0715488545955265 0.363751085434882
0.0540147620900399 0.0229594093856386 0.175820498067377 0.325131100353253
0.0643779706848431 -0.0369474854028265 0.269288672329719 0.0829082788899742
0.0299350875763174 -0.0645648453085603 0.139790322770903 -0.0360149890150505
-0.00610843585931475 -0.0528976162814621 0.00202566109859341 -0.022463207468316
-0.0297544510599334 -0.0336988815538827 -0.0412770807664519 0.0036611377831187
-0.0487887712279953 -0.0210517866360382 -0.0615913922597443 0.0463475444430966
-0.0538224537142367 -0.0428911648783252 -0.178255334244347 0.0936589839797435
-0.0432161742745977 -0.0930492795214841 -0.382906074033558 -0.0127192250730387
0.0912518157951279 -0.156719374138346 -0.363348542201456 -0.479568421873789
0.233016681955722 -0.000695723718313321 0.133190321812981 -0.73759739470425
0.135696483258236 0.189644356965495 0.581081503391321 -0.437748150188126
0.0186047985034193 0.205924766969718 0.191524770263054 -0.201289084496399
0.00179997373117273 -0.0150871291451797 -0.131208879538895 0.161686503869748
-0.0229534087383792 -0.0707545912290394 -0.643884412136917 0.300880161011145
-0.0963721756665174 -0.0466130141120159 -0.322102716812214 0.775490726055517
-0.107359348708274 0.057820752201926 0.311611677717685 0.631774818231306
-0.0219820653045472 0.0879725159016057 0.458046014188987 0.105752425351932
0.0219719617403425 0.0651376064980902 0.228324600251257 -0.099679766804923
0.0409162622004475 0.0411977741148481 0.073553528888255 -0.0501999542293499
0.0295904756603303 0.0249422358219565 0.0569708122127903 0.00152428158691085
0.0234940406682075 0.0316336205299187 0.0148330648366341 0.021672321525258
0.00260219481107329 0.0468439458586217 -0.111768163373649 0.032119107359743
-0.0277758976874172 0.0433342617822191 -0.240463711102538 -0.0528669149532716
-0.0297466068226903 0.0275463135820875 -0.209325833902003 -0.279078636701058
-0.0149059917318762 0.00540887700274854 -0.00203113577616154 -0.346601409546022
-0.0372033843106513 -0.00491691011615467 0.142467883467751 -0.215180750711424
-0.0297478233740768 -0.039805784848648 -0.0828874428067469 -0.0105288510138703
0.0478516450852251 0.0994243273094998 -0.15592481624713 0.161789507875468
0.110350428997337 -0.0118811548992479 -0.662548505061713 0.28044906362768
0.00863577109011322 -0.107365986139645 -0.356422462908262 0.754153657522316
-0.124552206518055 -0.0456657279697491 0.255895799428598 0.629157746654867
-0.0881049771043116 0.0588780331443711 0.411110765354192 0.136986050100189
-0.0279004515503135 0.071253792686437 0.218048962236606 -0.0602943968269671
0.00633839323657296 0.0522673593640472 0.0777956449778672 -0.0227838554331698
0.0124907556097978 0.0284962560823917 0.063027358301488 0.01617751529742
0.0228474882588917 0.0157665023900539 0.0198695388073114 0.0289223861735914
0.0307619244129418 0.0236865560511625 -0.106064664464018 0.0392672734549441
0.0163785935529408 0.0512099175922955 -0.241854343066246 -0.0399694473000002
-0.0138495107891651 0.0789680775525012 -0.227584788898948 -0.262391571054911
-0.0519491599608312 0.0421808038353217 -0.0327066399381851 -0.351284008721649
-0.0726477265249543 -0.00327512337307796 0.138663756594897 -0.232225966393963
-0.0348494107657209 -0.0144503321074653 -0.0721689120544895 0.00456661666696501
0.0794508768014449 0.17396575014283 -0.179323270607531 0.129970872746114
0.191088797387654 0.0110331836240581 -0.65636116335693 0.287000853485707
0.0689650188197181 -0.146617036496858 -0.316099929627006 0.723740771516839
-0.127698794914803 -0.101050881241964 0.232053475197269 0.567777111095585
-0.115030122738593 0.0331380158238525 0.339543312268423 0.13038961358322
-0.0553970939830712 0.0572806035661083 0.17738385993546 -0.0253757871849159
-0.0224899271078969 0.0458545342585278 0.0669680451425256 0.0091976431611601
-0.00474179890752886 0.0247417499220485 0.0596965277278759 0.0266242319763931
0.0197177581971354 0.00641134472941723 0.0180662223554779 0.0251500980418292
0.0471829542740904 0.0131201714270069 -0.0920015642835627 0.0353252469881514
0.0376393848266013 0.0653615584737623 -0.224285204461363 -0.0274585885841613
-0.0224794414165302 0.106931734312808 -0.236499071371734 -0.239044173600023
-0.0734166510945467 0.0412216378357855 -0.0658220638711195 -0.36122661120954
-0.0661237054966248 -0.00729770159443329 0.152304242292905 -0.274660001304941
-0.0200132694626766 0.0350171914108779 -0.032988018164553 0.0048193760435556
0.0865846768903334 0.190045084234969 -0.184258820198128 0.092403100479079
0.187784457110601 -0.0109570668858857 -0.596098435935707 0.306669467941526
0.051857440052709 -0.14902562976808 -0.23547183580073 0.65736077497029
-0.121963907927009 -0.0823941483466216 0.211358954947137 0.471185244928938
-0.0932020861693916 0.0230127746738927 0.266087461784617 0.110631100918317
-0.0500996503352756 0.0279178039201618 0.132087461195373 0.00127912193492378
-0.035468985878781 0.0223561832535882 0.050387204323498 0.0342927308002317
-0.0184905517302147 0.0156183341582293 0.0467299180757366 0.0325581187848169
0.00800491025884716 0.00776321435739148 0.0141793409719195 0.018198574257315
0.0387013288371467 0.0196350949651885 -0.0734930224754827 0.0344535606273529
0.0151622041130278 0.0803980093279769 -0.199693694877585 -0.00464544096607524
-0.0671593049177767 0.0862766747013595 -0.252819051094071 -0.21114934099925
-0.064670887063098 -0.0177642878191422 -0.103857316870827 -0.389185454821414
0.00144776498538602 -0.0126871397770724 0.184062181870094 -0.342622498599134
0.017247004587015 0.108687545978233 0.0210270102022299 -0.0168683101849088
0.0702343986607145 0.165391877592479 -0.156630981804693 0.0672622412689046
0.112949412361194 -0.0336958205482213 -0.4837507641014 0.30847897925314
-0.00498967885629634 -0.0990183845774479 -0.162620581740402 0.555920644484224
-0.0875667827384869 -0.0146715958107279 0.179257013726996 0.386189340377989
-0.0325294181897186 0.0169240915732365 0.217281806581659 0.100378850367984
-0.0203440766900422 -0.0112513783679202 0.106519432811705 0.0157553613730586
-0.0344710991679479 -0.0103432013985071 0.0363745906141702 0.0428672506928042
-0.029108139841746 0.00296864011660621 0.026054117503923 0.0331513469981939
-0.0134313472971854 0.0150654457475563 0.00642545115565052 0.0197411904193768
0.000677540296029604 0.0319491189240959 -0.0613936491022227 0.0506157862938622
-0.0475126143330165 0.0735288000547631 -0.196412206977742 0.0350135448246582
-0.117670283696188 -0.00114514559606011 -0.298386497643079 -0.198399378157826
0.00246355695371758 -0.112112725341898 -0.137269574019372 -0.45673841687914
0.116609630045059 0.00398738502536436 0.243984604090017 -0.427237749087283
0.0631060051140858 0.193663307262499 0.0765358475674931 -0.0603176673990954
0.0467197684081709 0.128941198628198 -0.0982169821311129 0.0530909382222541
0.0273916705605401 -0.0284540509954869 -0.355269104271 0.281798799503292
-0.0404577548880362 -0.0233320784939007 -0.120713370612894 0.461182961554488
-0.0245096850907388 0.0429897379219758 0.152658346032712 0.342329272794851
0.0342586832435471 -0.000373176266028923 0.21142253570377 0.0993124677740069
0.0126194871137089 -0.0494149199218395 0.108080330882705 0.013095446955739
-0.0245311574565706 -0.0398891194958031 0.0247689380040391 0.0340027594507584
-0.0359462486791868 -0.00998418940378156 0.00226978838052716 0.0298023582281008
-0.0389638919327026 0.018098722178087 -0.00750711143302376 0.0314694789554772
-0.0490631112790498 0.0289122838668236 -0.0746993211271926 0.0818721582262785
-0.106775865303378 0.0238652919647348 -0.241400974037 0.0691399786832004
-0.110416239192939 -0.125159586315186 -0.368937560679506 -0.240293561398573
0.124801068735406 -0.168918523551965 -0.125777861719582 -0.571532584356889
0.220740513501663 0.0667553400317695 0.342133585486106 -0.495989635378568
0.089438805987583 0.263030230840595 0.123925835079074 -0.117297633642685
0.0316024738563202 0.0996334253125917 -0.0276669034307401 0.0385790891659798
-0.0143054631103833 -0.00599085457936729 -0.245478597532577 0.239226965625179
-0.0301567093867071 0.0271080891881843 -0.0964547229081686 0.399189547676067
0.0326076048079474 0.052645984781386 0.155649406292901 0.330746756519416
0.0700471736975543 -0.0243039527670002 0.239309017761503 0.0931020373909795
0.0299126989939419 -0.070830109957995 0.124696459767583 -0.00818690533297144
-0.0148810765140117 -0.055435242522832 0.0133984585101419 0.0105940941201705
-0.0368176834112266 -0.0218230530242965 -0.0215099415041269 0.0216847972661196
-0.0553776845055181 0.00712799188393583 -0.0312944303090384 0.0473247414263006
-0.0762863620294217 0.00060074257133968 -0.120933430301557 0.106985453416252
-0.111544634889926 -0.0479936288862394 -0.322590412064156 0.0609914819815024
-0.0230451993079743 -0.201394374609198 -0.414740499232632 -0.349144929799789
0.233596651575531 -0.126998777336293 -0.0327793263766423 -0.694457480149395
0.240642423484654 0.152842930016871 0.47000888031111 -0.511894707575306
0.0765462174432757 0.278444337558473 0.159352416078658 -0.173786174929033
0.0339956394595594 0.0809815529670626 0.0312179156655558 0.018822047094496
-0.00133418255113251 0.0105391678041334 -0.175743268936346 0.203766093596757
0.00875580619522205 0.0265481817102599 -0.0699740633324112 0.368394050919407
0.0545815522314994 0.0192314674344921 0.182530421072925 0.326558496963281
0.0626072180903873 -0.0399671022499064 0.273154845970337 0.0788564093506379
0.025737983294286 -0.0673571551914493 0.139368808326442 -0.0365581006657848
-0.00931126627525013 -0.052735170436599 0.00210843981633012 -0.0160106204910541
-0.0316577930855825 -0.0303644942307481 -0.0407088374864209 0.00999474008868632
-0.0505318104280939 -0.0159598278561591 -0.0604966915274687 0.0538484730523385
-0.0603632378525559 -0.0390218850150122 -0.177171242332581 0.105690945052551
-0.052198909776758 -0.0937122986525198 -0.390784914540341 0.00283653912363284
0.0844241874185543 -0.169829595368553 -0.392836061704611 -0.477781474374479
0.243269634028841 -0.014906916285499 0.114352287012399 -0.764335076647503
0.152677144072375 0.194278377469493 0.588050040660035 -0.468867427690895
0.0334171791175281 0.215340376807389 0.184394420734676 -0.214243373611521
0.000405826455611414 -0.01675410092455 -0.115163881301805 0.172038547624932
-0.0308652462144663 -0.069643969763394 -0.633842555527172 0.338144619339519
-0.103166102503972 -0.0410527885385616 -0.286295962200484 0.806721466145289
-0.104907976972146 0.0662010233089536 0.354037550385963 0.622606902939326
-0.0151113719111889 0.0912834950271241 0.472619136343329 0.0729816971243739
0.027290051466849 0.0637692374319179 0.224458975138609 -0.11950101674632
0.0450002699583738 0.0366373337419849 0.0704165454120611 -0.0597745007630166
0.0310527688220627 0.0220184034414157 0.0571345327572038 -0.00824743812111655
0.0263968196793805 0.0285987873197485 0.0152631865827561 0.0134446840456754
0.00633473012565038 0.0467221459316277 -0.110328568272297 0.032338379230176
-0.0237321514229391 0.0466676898490219 -0.243059276289766 -0.0462410887751717
-0.0271598260744382 0.032116869393307 -0.220657888331079 -0.27124204061038
-0.0175322431648432 0.00806602033786083 -0.0112986089639623 -0.347501939585289
-0.0407055415714946 -0.00111407882663164 0.138308647544762 -0.21854098358958
-0.0343725162412708 -0.041406306480794 -0.0797235150478266 0.00593116901855853
0.058270734215307 0.0995979178540247 -0.141361757142345 0.175173081464633
0.113378800672264 -0.0191170708230043 -0.655524876948262 0.319935644690368
0.00129139939724767 -0.114115186071894 -0.31925414923713 0.785974233373068
-0.132854786693495 -0.0408571259580863 0.298219040007964 0.622536850319836
-0.0875419048702455 0.0674714926464544 0.42683332922311 0.110358008031229
-0.0243490497316336 0.0756835251749246 0.216066546014219 -0.0782284376147279
0.0102872366094808 0.0536247169327266 0.0770296938982301 -0.0314115241318415
0.0143754441525046 0.0292803369918069 0.0651985899203498 0.00569445428249623
0.0245831502358671 0.0143547459443955 0.0205387699582786 0.0205931604138777
0.0330930004270491 0.0223631563201245 -0.103828146692334 0.0385778349038146
0.0203507916040854 0.0519756919231417 -0.244352876935894 -0.0325712363636565
-0.00967181147692178 0.0837193258188376 -0.23801391071098 -0.254961461230107
-0.0529497310530134 0.0458020219494633 -0.0426561393800933 -0.350683743882294
-0.0747746748515948 0.00151271442708356 0.133670213302156 -0.236024666173327
-0.0340049523214817 -0.013122998988195 -0.0676454922808668 0.0205951548401072
0.0986681659525551 0.175230759589866 -0.166591061531843 0.14468874663523
0.201592620252037 -0.00229252836145329 -0.647408765444871 0.326545843227068
0.0607891620667311 -0.161689210569659 -0.281244827956972 0.753082906033209
-0.142729685051969 -0.0992258333575931 0.267947756411663 0.559909026101574
-0.119855495271387 0.0437832618469103 0.351554977899097 0.108980859999759
-0.0549144865504809 0.0655439570537876 0.176420307955092 -0.0386365158123955
-0.0189112007276943 0.0514822255078308 0.0681189795602928 0.00351563418625437
-0.00185051833616237 0.0287309570094625 0.0624278078599003 0.0182200459448956
0.0212666775950613 0.00691328136640273 0.0186953570761107 0.016940208764829
0.0488968196402993 0.0112460047900076 -0.0911666084292562 0.0342771313880376
0.0422716008364309 0.0658048577802035 -0.225919785917094 -0.0215260215770186
-0.0192264295807312 0.113047139367737 -0.245374019470887 -0.231864582389656
-0.0763620905236653 0.0441015379747274 -0.0768993824540414 -0.359787761356528
-0.0653680397325387 -0.0038408933931893 0.144887803357166 -0.280772443223762
-0.011998588918827 0.0385251421197821 -0.0282486167762234 0.016968550666419
0.109946167531522 0.192522323257348 -0.175703758800427 0.106284776647822
0.198987456361908 -0.0262568912241365 -0.584244284032822 0.339874184864766
0.0436205750608627 -0.165729604473675 -0.200748189591845 0.675356966623232
-0.137798414557558 -0.0804889740331398 0.239249062038121 0.461183901280743
-0.100123308229019 0.0330261858211862 0.27178140928966 0.0945633863411353
-0.051717596137541 0.0360952441279061 0.131047655823914 -0.00589669981311703
-0.0348835648308114 0.0298886944184055 0.0548908270190851 0.0320185059955564
-0.0159175521796301 0.0217158407335732 0.0499291861034564 0.0262512194755688
0.0104430356684161 0.0102276871184848 0.0137263191295848 0.0125622907743585
0.0402350717927154 0.0202361014257233 -0.0711354485053279 0.0321204216005848
0.0191220671170246 0.0843894828097571 -0.198324864137124 0.000438152765420054
-0.0696745212033695 0.0950656915926663 -0.260255008109391 -0.202217705618914
-0.0714232935480439 -0.0192402989578181 -0.118628246821776 -0.385864577663229
0.00584121314396593 -0.0159753786473181 0.170850971454693 -0.353687271828673
0.0346654246129849 0.111583977018604 0.0230097563472433 -0.0106222205961185
0.0937932900908495 0.168587997586387 -0.151646557352057 0.0771121082899324
0.12186270256068 -0.0445054201584813 -0.470733555189567 0.334192746884303
-0.0121136706490959 -0.110852442271304 -0.133561470918272 0.566825099427627
-0.0987336316382844 -0.0133065716319974 0.197193250204496 0.376261065083786
-0.0381147400000466 0.0230649886653796 0.218787825651561 0.0889889190852615
-0.0242616462735255 -0.00579460822061171 0.105971238182369 0.0129762205381996
-0.0356212300228347 -0.00315274501432707 0.0413571501340631 0.0439505341156055
-0.0273161266333951 0.0105117170452998 0.0295080949034661 0.0305335219410351
-0.0100383402144547 0.0209216355772366 0.00707840799997836 0.0158890815788976
0.00166893870184504 0.0375980913513155 -0.056426782137789 0.0494570442541856
-0.0464586455401949 0.0829692721432172 -0.191167518006112 0.0419729011015006
-0.130081324606799 0.00770025338426704 -0.306990030002055 -0.183593851027182
-0.00866815944942087 -0.123405234035581 -0.159646898576286 -0.452121821937958
0.126667185756545 -0.00707153320376012 0.225296572225393 -0.444304096610087
0.0890617445770036 0.197370284109823 0.0743310171168641 -0.060655947539688
0.0667165202832503 0.132288170760758 -0.0948322677630889 0.0560982329429455
0.0338659257084049 -0.034074239783713 -0.342256827891391 0.299088480391441
-0.0444223796261473 -0.0301164145979385 -0.0998288065673209 0.467219085651206
-0.0293699283927571 0.0427035884457649 0.166587959382346 0.33432059581181
0.029346881440676 0.000323288193112052 0.212004090869866 0.0901840711042459
0.00667674761642761 -0.0478789217814031 0.107352465874983 0.0114261922924892
-0.0281936213357487 -0.0343357399931027 0.0289879383109606 0.0369461708457521
-0.0351545528653868 -0.00258510756258146 0.00494578819672325 0.0314677025384545
-0.0361436327914459 0.0265137098669 -0.00531417180633308 0.0314005098641795
-0.0498838248268869 0.0391859893618491 -0.0676060775553284 0.0852087295100439
-0.111930809155886 0.0371225799917637 -0.234351977326489 0.0829914325355721
-0.132033749190141 -0.121405230017181 -0.384574646891206 -0.218277061366145
0.114764816783343 -0.190720356307971 -0.158714287211804 -0.573480357300845
0.238748526664084 0.0509431555673195 0.319432269554332 -0.523787578400911
0.119899479998851 0.265373135879233 0.116549626165885 -0.123359932355877
0.0481349240645943 0.102026083223173 -0.0258109464562264 0.0340467414837698
-0.00931395253768492 -0.0069013398820848 -0.236463939284156 0.247112004429833
-0.0309106861764577 0.023223640740012 -0.0816510576013975 0.403347290172529
0.0315979512096272 0.0487548443563827 0.168311355758579 0.323631134642305
0.0662236225824399 -0.0274715989273322 0.239935577778451 0.0828858599177193
0.0228128126656054 -0.0717417738662309 0.123297027538998 -0.0103129501219798
-0.0193454204503186 -0.0526186147787322 0.0161760125857952 0.0155032574540479
-0.0375403975123605 -0.0150850089972127 -0.0187910634878499 0.0263344878626254
-0.0541812663600299 0.0166444768758739 -0.0273522777488571 0.0514521364403718
-0.0811421942738404 0.0112098435973612 -0.112148143199512 0.116600490071392
-0.122266047267734 -0.0380613761882856 -0.318135201268806 0.0826387154698233
-0.0450896898598944 -0.206920414414241 -0.439216735547913 -0.325114371489849
0.230536851118669 -0.153671051295494 -0.0712770528699639 -0.704581393218028
0.26398039910036 0.139377028741889 0.448883969249511 -0.548487896633515
0.105538763317041 0.281462889988128 0.146536901267256 -0.184586256924154
0.0463511137389423 0.0815226647565709 0.030617216857525 0.00836398044915076
0.00228046396606182 0.0101819940583469 -0.169055006979972 0.206510425326154
0.00899892451439584 0.0224866704942555 -0.0584804774380261 0.372130098729125
0.0543566577288804 0.0135240594767658 0.196187980713213 0.319069144170294
0.0594305213693158 -0.043735276589195 0.275604420683368 0.0659967553738837
0.019644957735261 -0.0696183300303719 0.136677337697879 -0.0405534606078587
-0.014491631328168 -0.0516703103385029 0.00332671692959663 -0.0101044505399517
-0.0334743099560323 -0.0255330784652924 -0.0391869428559443 0.0174952367858866
-0.0521658861698634 -0.00919880030155059 -0.0560354813756345 0.0616513467999939
-0.0671803340165839 -0.0323523681311189 -0.170731802031498 0.120849382281879
-0.0637167442689995 -0.0904448250541655 -0.394346550456076 0.0289440957313894
0.0711376999202545 -0.181987292640113 -0.429003306592984 -0.458439393220885
0.248960738638058 -0.0364002905211338 0.0736711015311181 -0.787015492479397
0.173802904902152 0.189651232795476 0.573194067436961 -0.511410675852938
0.0546760643014652 0.218941156770726 0.167981530398465 -0.22804921854669
-0.000921592481674449 -0.0175516153570042 -0.0948487245058815 0.17679006930566
-0.0369204355071713 -0.0649286264738614 -0.604961332023367 0.367701011044339
-0.106521775969339 -0.0322052397160847 -0.234634695218522 0.817106006462697
-0.0983581886337695 0.0732326673944309 0.391983643697785 0.58977568030899
-0.00672215402895075 0.0917354533437759 0.470942055810074 0.035791153727341
0.0320190360300243 0.0600190497781032 0.211182644315753 -0.136887690323822
0.0472329243795192 0.0304235309817383 0.0638353425412013 -0.0669906489734985
0.0313583586030503 0.0183284588419717 0.0542114887031274 -0.0181279506921949
0.0278835561799211 0.024601398151458 0.0132276423909346 0.00456365889240894
0.0102641575658057 0.0451741674818592 -0.105682550393919 0.0315724895376947
-0.0188329024358627 0.0473734012125293 -0.23915898682528 -0.0366414854958511
-0.022366450122838 0.0346576576188852 -0.226903517450296 -0.255612399619951
-0.0186659573176025 0.0115500037426375 -0.0218523799737064 -0.339226231585941
-0.042985333804424 0.00341368595279752 0.130194113233301 -0.216892406164025
-0.038365501102204 -0.0406272918001544 -0.0723003314626174 0.0219182136211775
0.0674599606734981 0.0951330458231111 -0.119105971961243 0.181917374986889
0.113452744723343 -0.0269709205419031 -0.624461143618551 0.352772966405025
-0.00742773399887688 -0.116289594503082 -0.268563602183016 0.796503824934075
-0.137947104525243 -0.0328657243791019 0.336120086374889 0.593321921336779
-0.0837027688755722 0.0749687141064733 0.426798629758209 0.0756406564933037
-0.019514154282991 0.0783195612758589 0.205847985116882 -0.0957264236847155
0.0146108871659385 0.0528827481279893 0.0727612483147128 -0.0395903916580456
0.0169813888826389 0.0285469091050455 0.0635675976282279 -0.00448776595054954
0.0257152302194099 0.0119601758235662 0.0196008912560932 0.011203237432594
0.0345863044062666 0.0195156266471737 -0.100609265895161 0.0372654594494628
0.0245009362356708 0.050312805159771 -0.240399756639881 -0.0232619566595658
-0.00352305227564182 0.0852990340271993 -0.243643209673688 -0.23937712723346
-0.0518751252095667 0.0490232852564375 -0.0530359943080643 -0.341431829316711
-0.0737067806618343 0.00668896163732418 0.124208687023211 -0.23351515163507
-0.0327333549111645 -0.0116006425544012 -0.0582385326537126 0.0351809701418434
0.116172525913768 0.168985098704422 -0.147876783453179 0.154528791349506
0.205042096284153 -0.0175657038372537 -0.614420425246414 0.35812335522466
0.0485761346266532 -0.171619697921343 -0.230661102200263 0.759033511523175
-0.155007678907893 -0.0912933484445086 0.301005030411618 0.531756273310352
-0.119498334345573 0.0551357342928339 0.351856983484181 0.0805814253171211
-0.0513168922764567 0.0718952721382569 0.168605863351334 -0.0514836639267319
-0.0147523936183725 0.0553403224143417 0.0678042218996686 -0.00273195731360366
0.00173812285712502 0.0314949920955657 0.0622903288951532 0.00810944270699295
0.0228002872950906 0.00646088008195046 0.0173988368353096 0.00895976173034196
0.0493382800016055 0.00907128098056306 -0.0878680743430412 0.0319938059116819
0.0463510292631057 0.0642445937656035 -0.221102636391617 -0.0142218836051635
-0.0134049889866879 0.116067530290891 -0.249247502483874 -0.216715403279715
-0.0763317022191848 0.0465325908209803 -0.0879517279874083 -0.348337278027957
-0.0628049630495909 -0.00145736815404496 0.131314826116195 -0.279615233804287
-0.00323626702349431 0.0382275399188092 -0.021086593985869 0.027871372672448
0.132206842459491 0.185399010341697 -0.160317845980104 0.116277096940095
0.202915119099824 -0.0425847307164298 -0.551628983248738 0.368312092046557
0.0301126958492224 -0.17596304491809 -0.156003179705111 0.67662715330974
-0.15078791906702 -0.0737438916738825 0.262950762810072 0.43417878434133
-0.10229652312485 0.0437725188989629 0.269483212370426 0.0744445223173858
-0.0510089290279307 0.0437100741578219 0.125769043041124 -0.013360565951127
-0.0315725347425042 0.0363323938662868 0.0568643725938601 0.0278821428432332
-0.0120071101067642 0.0265760131009568 0.0511848645991964 0.0186538281071102
0.0134598179585654 0.0121102660863946 0.0123358652938118 0.00590483880239953
0.0414021003258559 0.0201049319956161 -0.0675152959319935 0.0296542294510463
0.0238037615878962 0.085698507243835 -0.191161647817518 0.00613704899595279
-0.0680120643512649 0.102850034892716 -0.260752405422122 -0.185688473896942
-0.0771375237517295 -0.0194383733158082 -0.132877647233375 -0.370779767826068
0.00955093783494765 -0.0201922833003624 0.151350638796607 -0.353725109593654
0.0512822854061474 0.109333934089161 0.0261627317671096 -0.00453467070020061
0.115913872054587 0.163359299797753 -0.140742202533063 0.0841850071534952
0.125548739533934 -0.0566632671309083 -0.441360095032998 0.353852644613606
-0.0217755158917718 -0.118620213561443 -0.0985469641834534 0.560710451504389
-0.107302176847272 -0.00879712819073028 0.213019396118972 0.352567678521908
-0.0420099943525785 0.0298763500859271 0.214252579977454 0.0752366631155373
-0.0269642822565907 0.000104096605419413 0.102463834277811 0.00954128811932703
-0.0348784762026861 0.00411890403112317 0.0451792075198073 0.0429489866773706
-0.0234775975529699 0.0173157990471995 0.0316399109293067 0.0266781024339542
-0.00583136495542079 0.0252448228203948 0.00702013309269944 0.0118208522642658
0.00383287163148064 0.041766340869125 -0.0507275246665751 0.0464642297913277
-0.0425193410757377 0.0911117694417807 -0.18035790669813 0.0481397421697311
-0.137046325316212 0.0200626801224987 -0.306279622750838 -0.162446770116828
-0.0223660391619555 -0.129576143130519 -0.178936577910234 -0.433100305510588
0.132249331157252 -0.0203718767179029 0.195901150855259 -0.449023138876021
0.11260611746808 0.189890893629971 0.0706570724748829 -0.0586584322146386
0.0863602627211116 0.12872902788738 -0.0886209783593239 0.0572843599570484
0.0387030304412858 -0.0397461868132877 -0.317321759056147 0.306881098155699
-0.048604698802891 -0.0341500953638782 -0.0747872858705885 0.460102278761045
-0.0337690874993338 0.0421210489827963 0.176195185773374 0.31561794199092
0.0246739140172801 0.00158801674909208 0.206512824096348 0.0789287464091768
0.000726470485091877 -0.0443412313897642 0.104123452139493 0.00938785511140944
-0.0300283759728475 -0.02809505136278 0.0336723843797651 0.0383533782272222
-0.0323011809425803 0.00511543395694491 0.00832191047109296 0.0314175555149546
-0.0309637545915679 0.0336220593246032 -0.00292916134935431 0.030327305135038
-0.0480370360609914 0.0484446050473588 -0.0573469054092443 0.0841952585187091
-0.11184156939674 0.0506100361740881 -0.219617099615453 0.0944284461272651
-0.149257599899638 -0.110579151653086 -0.387369773324184 -0.188150842460079
0.0963724678517493 -0.206942999988956 -0.189483308681668 -0.552587105415718
0.249005846902811 0.0300108936459787 0.284165654197527 -0.535396045037118
0.147975532562467 0.256112516806819 0.104992514383603 -0.125596447734774
0.0646458063641805 0.0992088132812878 -0.0249045887959614 0.0286353883561921
-0.00478093455520114 -0.00827261793651689 -0.21902266541416 0.248511788811854
-0.0315641502461769 0.0196731311050714 -0.063622858854601 0.396312860298652
0.0302092023527789 0.0446194176505835 0.175847179890474 0.306875334326646
0.0606805423171382 -0.0297378492947585 0.234205926053922 0.0708174000303778
0.0154205298911278 -0.0701998893313137 0.118890169828615 -0.0125087496929277
-0.0230763934966989 -0.0471527053366969 0.0195936360736417 0.0191988545409579
-0.0356240267445283 -0.00824894715827152 -0.0153181958021955 0.0302070942661496
-0.0502113216833397 0.0252846104455516 -0.0221976291282581 0.0532211088691039
-0.0818298531290655 0.0230348908169106 -0.0988743343157654 0.121510221703998
-0.128145070729394 -0.0245526974092721 -0.303400822515645 0.102186606061129
-0.0682270402024299 -0.203949268129249 -0.452810460402706 -0.286491287760079
0.217350892222512 -0.177400323417893 -0.11674818203068 -0.691447506376774
0.279650730680781 0.118077825274344 0.408971272573367 -0.570630503986591
0.133459807860582 0.272788902790476 0.128806797920648 -0.188482565890432
0.0583105862883939 0.0772127897678912 0.0276624419080819 -0.00219413187176807
0.00617566483873301 0.00927677245177867 -0.158405053680731 0.204154625104236
0.00843440026003983 0.0180394789649578 -0.0446007714545716 0.366178055526678
0.0523511013968195 0.00773509761366511 0.203758030924314 0.302191378636462
0.0541843705816281 -0.0465794737092426 0.269644617211854 0.0506659610603728
0.012249920540448 -0.0686490748943253 0.130733338734664 -0.0425270032514581
-0.0189089577580111 -0.0483532542582728 0.00489795873923939 -0.00397310713905703
-0.0338716118848674 -0.0200452383171418 -0.0350209463421763 0.0240406843793806
-0.0510865612929975 -0.00139091294157852 -0.048816304160167 0.0675360148678629
-0.0706817929847297 -0.0234516015203438 -0.156357062579088 0.132110106193688
-0.0730595491821886 -0.0832138317762019 -0.383293208720353 0.0563928255294749
0.0524932912139877 -0.188508953017942 -0.45434671844313 -0.419636298919946
0.244852060931356 -0.0585859967056319 0.0222791963242325 -0.782899353968005
0.191571170942192 0.176184976752139 0.534652408750168 -0.541670068771068
0.075577565497452 0.212565979480306 0.145304241859845 -0.23357483419032
-0.00240498806094907 -0.0177725671503509 -0.0749825241631828 0.172685387166818
-0.0398132432048691 -0.0598768095520924 -0.570582670300188 0.376405807441524
-0.105699031337114 -0.0244140984734715 -0.194114893178855 0.801484742076588
-0.091355712989303 0.0759122057273493 0.404343025054543 0.55201032928761
-0.000131113824927738 0.0894310345056936 0.454314750022988 0.00681154899634306
0.0342911307673778 0.0555020329070637 0.194756137518124 -0.145548675218982
0.0467880270878417 0.0253846273374827 0.0566135072621264 -0.0708647128345102
0.0302773800110514 0.0148082113150401 0.0493838209728773 -0.0256586971195423
0.0276448956252738 0.0206355072616722 0.00996275626088466 -0.00320180273894685
0.0127696800745334 0.0425688799881087 -0.101543354642139 0.0280796522548726
-0.0141927291618378 0.0469261544355379 -0.231468244949238 -0.0303966426900938
-0.0180716892852422 0.0358695430889601 -0.222909755836269 -0.240413378489307
-0.0187319578098792 0.0139960565595951 -0.024943740399266 -0.324747433425066
-0.0431917888478084 0.00661487677809665 0.124463281248774 -0.207504986278385
-0.0410584456892747 -0.0393773677444863 -0.061758548764226 0.0335322219508067
0.0730214351349661 0.0892912999775424 -0.0981713056340777 0.179783191813674
0.110760402667922 -0.0318582056535954 -0.588522603651805 0.360111025304119
-0.0135754637352899 -0.115138427178547 -0.227354806532483 0.781980917517612
-0.138673585811181 -0.0263241662505934 0.350266044298321 0.554668677759614
-0.0781179194412644 0.0788219725918059 0.413985178433226 0.0502759077219255
-0.015291992985726 0.0784097883509493 0.192235674912203 -0.104386004440306
0.0170524833661087 0.0512737254372048 0.067005744559894 -0.0440959430908315
0.0182631507284428 0.0275406113303109 0.0591450617892593 -0.0136019363162234
0.0257039909171243 0.0104500466097522 0.0161615916333506 0.00273532251863441
0.0345890747106808 0.0172141313088375 -0.0962738851549036 0.0341105154637554
0.0268881428891755 0.0485199565359309 -0.231451723099044 -0.0185642964512917
0.00067160137425374 0.0846093827036211 -0.238736202128559 -0.224519514523595
-0.0500258632774262 0.0505878977463156 -0.0542066127102889 -0.326524694594302
-0.0709710332260991 0.00979913313820677 0.118642531717531 -0.224347394598558
-0.0305356003254224 -0.0109751926202533 -0.0474060784657104 0.0458431414166535
0.127323978136535 0.159282126703212 -0.127125460999844 0.154523413091703
0.203706165932372 -0.0294515564091379 -0.576846179767267 0.366706527072982
0.0377252115209626 -0.174366274381762 -0.190269885622019 0.74118161831419
-0.161844495778915 -0.0828274558906239 0.311814487033787 0.495879527070775
-0.116637274189218 0.0630600955568577 0.339942761770758 0.0595675647672797
-0.0474526068945893 0.0760990464893311 0.158091561766809 -0.0582757310943042
-0.010683825776149 0.0570021049174281 0.065005134157052 -0.00709336717470837
0.00501087175109175 0.0324787921343367 0.0592894893970719 -0.000216406166127182
0.0234312122519617 0.00601480466343705 0.0141101589352017 0.00146789925304531
0.0483446829381593 0.00694250848273648 -0.0843103433323948 0.0282122816297343
0.0480327431543973 0.0614032033177759 -0.211888677072438 -0.0109724977743799
-0.00945384321000668 0.116106390788767 -0.242272115286022 -0.203619968181641
-0.0753297641348622 0.0468153357930879 -0.0889272055883453 -0.331630145900847
-0.0588610352465833 -0.000268087975673979 0.122379212240325 -0.269943793859919
0.0039245821634494 0.0370372681822098 -0.0122082242434646 0.0365504815064722
0.145699854556316 0.175024370233414 -0.143228215058966 0.118613611231543
0.201961511468233 -0.0549274774095858 -0.516092039671575 0.372135057658824
0.0187848171343496 -0.180656748382307 -0.124294991826741 0.65653213574685
-0.158819204935774 -0.0660216011369996 0.268794426414963 0.403381010707603
-0.101874011209032 0.0522889303454014 0.258459467538412 0.059425878908512
-0.0491714829778733 0.0498176209958133 0.11835522700932 -0.0170474035167407
-0.027821186099525 0.0409726286880207 0.056961795112161 0.0246884349745973
-0.00773131349507025 0.029829639819889 0.0495165344005901 0.0120662387788458
0.0159985679711873 0.0132235584412889 0.0100281211581422 -2.93048695517518E-05
0.0412160786921972 0.0201514363567445 -0.0638492922240293 0.0250063368014255
0.026657191998188 0.0852711733970977 -0.181431395556742 0.00781183098292916
-0.0660064788639801 0.106384739590394 -0.252858237896833 -0.172989176414658
-0.0810242941420581 -0.0197456152287956 -0.135264622783778 -0.351111917461041
0.012691468186158 -0.0239696501265058 0.136400119670379 -0.343026777828375
0.063239669430099 0.103523872776464 0.0298097934893384 0.00176371302402086
0.130679946108742 0.153985268224465 -0.12778778351143 0.0854539721730986
0.126536982886508 -0.0658436604377391 -0.409359900873614 0.352429690876829
-0.0297055990443826 -0.122175692454437 -0.0756882246812593 0.539378340940531
-0.113870696305155 -0.00448777506273699 0.213405415000382 0.328739500236762
-0.0438801923196123 0.0352724077553075 0.203620272517689 0.0656512439499999
-0.027793830572699 0.00580899934393389 0.0963702368023942 0.00881095896623569
-0.0326975194181924 0.0100878962023775 0.0471597842274294 0.0408396296375262
-0.0188736988502555 0.0220897179796212 0.0319983008501705 0.0226868484315419
-0.00112299333720442 0.02815325073097 0.00592043127643695 0.00761849656736249
0.00566849976166018 0.0452381233449043 -0.0457012750211307 0.0415931699487773
-0.0385411588873543 0.0952413730040541 -0.16797085525867 0.0485338192792624
-0.140018143461165 0.0295343343087267 -0.294907497177242 -0.145573797203078
-0.0341243496101338 -0.132219784898486 -0.183821911740733 -0.407649199142697
0.133464008113927 -0.031672167482328 0.172366554355798 -0.438733466730116
0.128003173861603 0.178459408985326 0.0674137820259045 -0.054369697890759
0.100531845153353 0.121097306950054 -0.0823218154655547 0.0550529071102172
0.0421625599737537 -0.0449441533409029 -0.29399541013385 0.300783675398945
-0.0520739486020055 -0.0376407591466422 -0.0593422422510451 0.440211900443367
-0.0380699722891461 0.0422167355172987 0.174017612423895 0.295571567166138
0.0200524933431521 0.00408993984169753 0.195844347199355 0.0714456620907166
-0.00296513880463892 -0.0392910135362527 0.099218676181705 0.010496414900537
-0.029974124467275 -0.0215215939181231 0.0362058429201091 0.0385309547899519
-0.0279311533752421 0.0108258647635573 0.0106031749217465 0.0305125282984149
-0.0246518485234156 0.0387246876644906 -0.000992853263858383 0.0275722663727199
-0.044422711118239 0.0550238405295227 -0.0494123682247508 0.0798688214568685
-0.109012152921715 0.0600994504678529 -0.202600211797035 0.0967868152839654
-0.160004775992329 -0.0980404729585196 -0.376010778362401 -0.163700343867569
0.0792358718779886 -0.2143913834799 -0.20311151378996 -0.524183588388588
0.251216233516398 0.0123245780934391 0.252075602186938 -0.527743634754644
0.16598587294012 0.24162933357848 0.095204918987654 -0.121771557522453
0.076164564069284 0.0928941414871609 -0.0244057068459746 0.0226009298462655
0.000815441471432777 -0.0114777722191945 -0.204169621958727 0.239524581562873
-0.0322355995222234 0.0163474572468133 -0.0534461169211263 0.379629814854001
0.026124724728623 0.0406443339222722 0.173129925516732 0.288877572461573
0.0550864856484045 -0.0291503715844875 0.222396934727676 0.0633755766298214
0.00950520115626093 -0.0662038870680872 0.112683111238306 -0.0111894006657221
-0.024783868092837 -0.0414757178547223 0.0227429089367509 0.0218956183331886
-0.0327288137075575 -0.00278135675181882 -0.0115921358105641 0.0330221732435784
-0.0444943968902635 0.031019373924684 -0.0172714893015479 0.0527926658330056
-0.0785525393618995 0.03211730146736 -0.0864850501393825 0.120569253919813
-0.129127950667468 -0.0131156591112783 -0.284434114321431 0.111485523866425
-0.0848103654493315 -0.195803631186305 -0.44774159215809 -0.25464777179328
0.200459193297863 -0.191502136874496 -0.142216807630614 -0.664043597666541
0.284290118041032 0.0986170763973567 0.373742881604222 -0.567989527699731
0.150676329913491 0.257816915984353 0.11286393966707 -0.184347720348519
0.0666904034991125 0.0712606593993589 0.0219266854708161 -0.0116071066884869
0.0095709644140199 0.00750186447922871 -0.148768830453108 0.194059657993705
0.00666030380361297 0.0148040638908903 -0.0365381948000864 0.3513820403082
0.0474763063656858 0.00392601762501738 0.200513236248359 0.284640700324746
0.0488026596569923 -0.0462650166804679 0.256257511903595 0.0422500007797799
0.00664458291708262 -0.0655129325233693 0.122979488087064 -0.0417251645344547
-0.021256426329334 -0.044003336155667 0.00753954148769522 0.000738138945418644
-0.0320625868705856 -0.0154068660354924 -0.0303626593979023 0.0292051488795651
-0.0478340047078998 0.00400143149849336 -0.0418033223861854 0.0694205184609318
-0.0715985607304853 -0.0150450304681947 -0.14161055631701 0.135311128588669
-0.077892268739611 -0.0746666719093706 -0.364526518997202 0.0731497105035347
0.0373139033507263 -0.187988512642223 -0.457031411338672 -0.380908757959875
0.234881388375656 -0.0739939928514347 -0.0116753042838645 -0.759256545573021
0.199564940453142 0.161424244967948 0.494218592852041 -0.544719701173999
0.0888652940265501 0.201734176116848 0.12499881463102 -0.228929300140026
-0.00026658044195881 -0.0181993888102763 -0.073202106429947 0.161372636292069
-0.0302321995295934 -0.056480331940589 -0.567846683075511 0.335580042082459
-0.0927168945137729 -0.0277533877272514 -0.224186635877429 0.766091315038317
-0.0868978716409797 0.0652204214029052 0.370272285443027 0.548624131514144
-0.00541483863869031 0.0814104211291826 0.4367719644886 0.0173142904325073
0.0308605301937966 0.0532047385015024 0.189491785416165 -0.136133365439646
0.0446417517435011 0.0238742398092875 0.0556221952427555 -0.070183057742345
0.0279762906024093 0.014916892127516 0.045721900605346 -0.0288887105257989
0.0261144072434994 0.019496757796827 0.00632925309966961 -0.00909198678130843
0.0120618971627271 0.0416386711348123 -0.100155880306294 0.0193402011031042
-0.0154379511776031 0.0464446271136721 -0.221586769453702 -0.041096685741922
-0.021692587645697 0.03229427057193 -0.20141434278914 -0.240367503557576
-0.0198200395636271 0.0105950744649366 -0.00157825288619182 -0.311011549793181
-0.0415418173626909 0.00415566858353353 0.135376371344837 -0.188764909979499
-0.0428897028625254 -0.0397037922167492 -0.0526792562164505 0.0372202413285433
0.0725312358576148 0.0922949402089208 -0.0905517235686601 0.167363678916908
0.119356660103932 -0.023676917730401 -0.583246728344536 0.316192262498071
0.00139845046188395 -0.115184257435226 -0.257417138822442 0.74103867161132
-0.132101835158714 -0.0360697895152236 0.312077067916422 0.5490350077279
-0.0818350839091904 0.0702794650464463 0.394473054259044 0.0591825268573272
-0.0187929604971489 0.0765824202313314 0.18600693791022 -0.0949191774740811
0.0157200508504526 0.0509593540749671 0.06560844092373 -0.0426429751317204
0.0179549157473049 0.0282654597162006 0.0554734852327602 -0.0171722941056613
0.025427310194954 0.0103661530094836 0.0117951533692037 -0.00323546625883292
0.0336319968942466 0.0181697400282622 -0.0944929794564073 0.0252728454086716
0.0245322418274942 0.0492604657265747 -0.221715590519519 -0.0283866735079493
-0.00626891034444406 0.0808060557837513 -0.217832468000582 -0.225728123091314
-0.0527664179562198 0.0441290396970783 -0.0323778358392101 -0.314979898358907
-0.0671408327081975 0.00492356567144511 0.129858589361902 -0.20656001686079
-0.0285030173865847 -0.010715696360495 -0.0396136555551704 0.0493578491075888
0.125828638430175 0.165692804178951 -0.114568857466038 0.140352356220981
0.213189427343304 -0.0188294437043848 -0.571565192985593 0.318660526125759
0.0535595501328629 -0.175105048875877 -0.221582527101105 0.697248364524361
-0.155626817756248 -0.0912989558827447 0.275444492615449 0.489238010119915
-0.120267324241563 0.056221732696078 0.320529982678411 0.0701018233132956
-0.0501803733177044 0.0752762541367655 0.151588849635482 -0.0494802065118571
-0.0109870162238158 0.0580664595707753 0.0636638852578113 -0.00549795281940373
0.00590769428428184 0.0341527170798057 0.0555924325242437 -0.00394945435794955
0.024261566204315 0.00743309467106325 0.0104944941617835 -0.00381768496083578
0.0472846279884733 0.00960540122419733 -0.0824474637925229 0.0198799125505703
0.044288919983345 0.0640519215475321 -0.203049038532056 -0.0203162757093894
-0.018513677653423 0.112939264565245 -0.223993707467385 -0.205060077507412
-0.0795485209685522 0.0376588378142458 -0.0654272563541969 -0.322457452636904
-0.053135144012665 -0.00744102047673627 0.135927940863502 -0.250217102751098
0.00846155689953751 0.0357554733788644 -0.00738496839213928 0.0429516820422856
0.145911661646514 0.183247243116172 -0.128587769950118 0.103832235848277
0.214058408517953 -0.0462924650308708 -0.513210698587064 0.32685656180371
0.0336709891054026 -0.18476136919429 -0.153873457198042 0.617008737577868
-0.156128389813839 -0.074507106556595 0.234881457431552 0.398922210347591
-0.105792583292352 0.0479930898443191 0.240526759073535 0.0693584115881642
-0.0509466023718577 0.0510970969831016 0.11148339246675 -0.00863049568280465
-0.0266857412518563 0.0431678198191075 0.0556150161182996 0.0265534854386594
-0.00586638325995963 0.0324164783832205 0.0466689321012175 0.00969967810290259
0.0178275557380843 0.015544090490913 0.00677701222912533 -0.00431800359332354
0.040099448595501 0.0234980354033629 -0.0624623262850479 0.0175063791351884
0.0224508695544041 0.0889710134681241 -0.174780245270892 -0.00263904829806654
-0.0764005975561443 0.103895375379919 -0.236285832582525 -0.176769815028459
-0.0854411845277185 -0.031748294021146 -0.107449806117119 -0.342364410508835
0.0193824292256871 -0.0319073818038955 0.150832124892351 -0.319405019080059
0.0687645899307597 0.101053232280525 0.0309040095069612 0.0130857788748482
0.132807139177391 0.161460592273004 -0.115868450410316 0.0714672489614161
0.14067434197375 -0.0618674347979395 -0.410137085228241 0.313863265851058
-0.0192866801185742 -0.129902206694772 -0.103232003759616 0.508966749111442
-0.115690682616539 -0.0119463528131592 0.184281861733937 0.32408081145945
-0.0488186102284544 0.034543456825512 0.187059785515616 0.07373966389765
-0.0291653379435058 0.00848924468496522 0.0899455304598001 0.0166368671374593
-0.0306872273594257 0.0134063091952684 0.0463450664979096 0.0426090806744964
-0.0163254210106096 0.0248227038684416 0.0305003486280989 0.0212470934443426
0.00180064610767646 0.031145633214467 0.00394928923348528 0.00472958992075857
0.0050612238122935 0.0493341016203668 -0.0445060737934311 0.0343376767744786
-0.0427998309239635 0.0993364958898626 -0.162368712066552 0.0366175521639524
-0.150081322609886 0.0283384244335213 -0.278671443079467 -0.154829840793211
-0.037411075207806 -0.143683586925287 -0.152344020344004 -0.39929731415113
0.140977950740856 -0.0399427121101577 0.187733642051486 -0.407682532036622
0.133053693448011 0.174737751358413 0.0653911463622364 -0.0386327035511211
0.10442811033152 0.126104291572675 -0.0746715571593661 0.0428643335224403
0.0548317736395188 -0.0457728636485626 -0.297693153744532 0.269513878572932
-0.0469632760244333 -0.0460882909270972 -0.0842683016919515 0.415338544423636
-0.0433582635431755 0.0366845351945144 0.148321409923668 0.290881069088222
0.0151736996736331 0.00603629086614379 0.179282909247932 0.0777240531042458
-0.00365170493722057 -0.0355451259250426 0.0918736242167381 0.0175618375006729
-0.0274792865113936 -0.0175216288031645 0.035715389027136 0.0411979466241286
-0.0251547069817364 0.0134670565699012 0.010516017533302 0.0307037739930641
-0.0218935282454527 0.0416166850812703 -0.00231563704486546 0.0253726957762779
-0.0454166685491565 0.0600181998464408 -0.0476665997900659 0.0725686883600539
-0.112985743675452 0.0640250731881091 -0.19606954746119 0.0824938125551165
-0.169816267831765 -0.0973278821390334 -0.354624962009611 -0.176070850952549
0.076867557479675 -0.225302476147793 -0.165179497954959 -0.508295218113939
0.258238131522909 0.00496892418427909 0.265462012433402 -0.48706470184395
0.169086805151786 0.235409971531923 0.0904289007167423 -0.101688508235855
0.0793020312247754 0.0956548486603672 -0.0214423742919168 0.0128782610509237
0.00973865125044906 -0.0137381844127396 -0.20962528607386 0.214070450447472
-0.0305635766863521 0.00987624958495937 -0.0749350473525262 0.356754916640665
0.0199368460523417 0.0376984262560181 0.149180984374366 0.284224177066142
0.0514479540994792 -0.0269793556434466 0.205052095640311 0.0691502793990877
0.00960131724751042 -0.0625504743516022 0.105491146670743 -0.00307811625337921
-0.0222975744993412 -0.037957203759203 0.0228777756947697 0.0255679119264993
-0.0304717003264417 -0.000662522258979337 -0.0102504955793073 0.0343760455678561
-0.0420481275503563 0.034208298254826 -0.0168411208085292 0.0505904409040528
-0.0794966390712352 0.0368570729307852 -0.0837082738948289 0.112773626233094
-0.13243182309473 -0.00968464461081479 -0.273036369475889 0.0961084247916614
-0.0947035376468511 -0.194101176668787 -0.417523443145502 -0.26602857712535
0.198432414092019 -0.200027046376289 -0.101751566353634 -0.640241846052906
0.290563427212451 0.0921141704518527 0.379584635687506 -0.522478832681555
0.152206791693363 0.249994161237462 0.108000069464558 -0.162239518552825
0.0674081763923117 0.0730530967660105 0.0219519066929793 -0.0195790705371034
0.0155325200130232 0.00662845044504207 -0.156082637699153 0.172230858208098
0.0080630013443997 0.0118706180556917 -0.0592901146345652 0.330649867948984
0.0441492807544027 0.00195119530972071 0.174877858899559 0.280427196948604
0.0468938808272911 -0.0451598334666892 0.237636552076867 0.0498073005017833
0.0065195787952634 -0.0623108541965078 0.116601389810299 -0.0315149654098771
-0.0192016332918893 -0.0413650317434881 0.00931593455738171 0.00560414354307813
-0.0301715793211881 -0.0141925707256272 -0.0277300355885714 0.0318611691028985
-0.0465760072175526 0.00657881160564461 -0.0392429648789947 0.0679179384161389
-0.0720131327414206 -0.0110397164501788 -0.135873814494093 0.128873292822499
-0.0807916444346582 -0.0715463758978648 -0.348249032663909 0.0591294463555857
0.0257625214198917 -0.187317994780573 -0.420318922427373 -0.384261893445928
0.23308596723922 -0.0827441974055939 0.0238426565565882 -0.72411380733396
0.20634535962984 0.154839918416642 0.495915002244333 -0.497839390319637
0.0895198985210326 0.193432983409644 0.121282063255856 -0.206695112106854
-0.00112388616599706 -0.0189830020411366 -0.0653192575747646 0.15645357814256
-0.0309881454416145 -0.0546721691503928 -0.565196123416251 0.324524047750414
-0.0927311159060218 -0.0257601084894905 -0.226587735293364 0.759574475217569
-0.0853087405849988 0.0660188639256457 0.365951620048459 0.54341206886898
-0.00323051740428921 0.080920225087885 0.428968304750642 0.0129907381130292
0.0313846955024232 0.0521076161019559 0.185099830537154 -0.138358120381783
0.0438665579671939 0.0218925814774349 0.0528598560068663 -0.0722524779617664
0.0271726295852154 0.014110005550836 0.0426079098343283 -0.0338666104627089
0.0247363324676572 0.0175751992811095 0.00269601454623027 -0.0149820713441965
0.0126407220007242 0.0408499094198088 -0.100137075389674 0.0123180090362239
-0.0136453652886001 0.0462022915449923 -0.217702109002836 -0.0470602101265663
-0.0197683295911995 0.0328762061392558 -0.192127245208743 -0.242422050854481
-0.0202785144374171 0.0128077629187697 0.00981818224953206 -0.307903019185945
-0.0431476203153447 0.00570988317876139 0.142697726159364 -0.179592832657428
-0.0454448660857634 -0.0404283230972104 -0.0455167109845935 0.0450736256807181
0.0750421721123046 0.092357595418287 -0.0814714239741446 0.162684307232451
0.120797693577246 -0.0239918010610296 -0.57847358834261 0.303759727922979
0.00106485767394086 -0.116796569228504 -0.260342951169611 0.733752707995307
-0.134764034174779 -0.0354166588015902 0.30837996098195 0.541429848727413
-0.0817446770767691 0.0725857014582865 0.388378354866785 0.0552726082227029
-0.0183129301584453 0.0781402380682138 0.18200066691983 -0.0966826096599112
0.016152331527989 0.0513759443833038 0.0636260879723986 -0.044560655331967
0.0186497145349604 0.0286507044779035 0.0521450412166557 -0.0220925077461366
0.0252375475217059 0.0098262658208707 0.00809015500399463 -0.00909716369264053
0.0335150817320391 0.0178300573126521 -0.0949608406015812 0.0180378230454411
0.0252074266583754 0.0497777323213196 -0.218397166132308 -0.0346111451016336
-0.00570648475859722 0.0823780735678104 -0.208701960904518 -0.228687175790402
-0.0546545921133217 0.0443371864753365 -0.0200659354310719 -0.312176649148942
-0.066587916256675 0.00498721582511997 0.138037849776413 -0.197934038693983
-0.0276609911765075 -0.0115688613146349 -0.0318519844668309 0.05760423357184
0.130853792328097 0.165800113809001 -0.105722858036124 0.136595159999468
0.216737619053634 -0.0213648774476268 -0.566833632275895 0.307219433994045
0.0526769102602685 -0.18014156724054 -0.225314899072419 0.689939287891931
-0.161510706039442 -0.0913819357131425 0.268966821300204 0.480608117931043
-0.122225258619202 0.0598925239624676 0.314423886989933 0.0671183338270177
-0.0499538135072265 0.0793240033688413 0.147696833116113 -0.0494110982916065
-0.00912176644259401 0.0609978188648177 0.0630840781276202 -0.00632059021651003
0.00792712679471612 0.0356557175064859 0.0535865128215974 -0.00810943579732624
0.0251789135529402 0.00800658596652505 0.00672119120507806 -0.00969052346527476
0.0470801406707295 0.00995472977465511 -0.0826968767812591 0.0134500730682053
0.0444287476175108 0.0653100578996699 -0.200129902046358 -0.0270248176977947
-0.0197634631232572 0.115280551719143 -0.21479827611301 -0.209319322589585
-0.0825523957124749 0.0364262950722856 -0.0534665991672858 -0.319696600545559
-0.0506662857332408 -0.00900950066872058 0.143547724320875 -0.241761220832347
0.0132997483653949 0.0354584255741774 -0.000594957476224869 0.050048972139554
0.153627535277073 0.183022222894621 -0.121097242371532 0.0999841558116935
0.219612477080228 -0.0502964554839176 -0.508215150719233 0.315067654517359
0.0314129777897929 -0.191497397823118 -0.157112040066836 0.60769632548103
-0.163823667639861 -0.0739360629235814 0.226561634437256 0.391668587982044
-0.108953692939952 0.0531982766443804 0.233059117907899 0.0688703725411709
-0.0514349700150361 0.0553106504989632 0.108799444178526 -0.00676605734678408
-0.0249195963687155 0.0470821560415911 0.0563374187458798 0.0267434166527905
-0.00296305435761889 0.0353642620328546 0.045409840421098 0.00625607838429352
0.0199288396611084 0.0166452525724859 0.00400365156923407 -0.00879863622340299
0.0400086583217568 0.0255707541933668 -0.0629841732210149 0.0112922093697065
0.0222771224032256 0.0919336646859705 -0.170994512298136 -0.0101682646138424
-0.0799211925028126 0.107963387494206 -0.226896282501653 -0.181315888057202
-0.0902747234366485 -0.0344373888981947 -0.0958699847941384 -0.339278228979406
0.0227970268092766 -0.0360013760781879 0.157063323312983 -0.310646096007448
0.0762743111365943 0.100147009268175 0.0354904203918342 0.0192394735614551
0.14218800290779 0.16056695378946 -0.11080682754432 0.067193211757584
0.146520959497517 -0.0668162153472845 -0.407219791376287 0.301644684079913
-0.0220167967364914 -0.136770986483558 -0.108442020783149 0.497629743744891
-0.123332461246891 -0.0110468124302799 0.173307778244254 0.317143153121887
-0.051906800390153 0.0398709255806766 0.17904790039196 0.0764347000293212
-0.0305501489536289 0.0128980916971796 0.0875475275854078 0.0201085465840401
-0.0290383957819791 0.0177727372807211 0.0480846967083466 0.0442230007426552
-0.0132541990126003 0.0285191467362749 0.0302979254031596 0.020359351720688
0.00456862578368918 0.0334892463812618 0.00239808565414446 0.00173385436161518
0.00547748005807587 0.0532857101558273 -0.0437035332635298 0.0282757211999057
-0.0437085761386519 0.104352736464667 -0.157729065519817 0.0294847803667475
-0.156306160036151 0.0328358176435712 -0.269202792850373 -0.1559628237064
-0.043802301043928 -0.149637590561063 -0.142906811145868 -0.394252634371397
0.145768447906889 -0.0451336066086038 0.192693426758476 -0.398723533143346
0.141790185803358 0.173979579433987 0.06712858559856 -0.0323438091481155
0.113812554497191 0.125437875330363 -0.0729637233291975 0.0379322269209641
0.0609843209799734 -0.0504934859090629 -0.296840806492465 0.257265782713058
-0.0495429903305457 -0.0516856017853871 -0.0897284051262125 0.405206170564596
-0.0501723061443154 0.0373598836760846 0.136475436013456 0.287192599085045
0.0123429663153655 0.00961323526258012 0.170891196410944 0.0824554341008436
-0.00563741997141743 -0.0319884548094216 0.0905476347463193 0.0231289097623274
-0.0265837688140491 -0.0134520111879451 0.0384330329378982 0.043745897612113
-0.0220353234465831 0.0169696397652224 0.0117820607509176 0.0313694310325639
-0.0180401993348529 0.044777127222449 -0.00187040923490736 0.0237240666626308
-0.0448865195454502 0.0655154982477344 -0.0447806744790119 0.067806434951173
-0.114821949794896 0.0702691117822287 -0.190413672973653 0.0769455087033763
-0.178500371579104 -0.0939146931000236 -0.345852110961261 -0.174470875207107
0.0709090214899336 -0.233189388038756 -0.158439733005031 -0.501843136756589
0.26337097765864 -0.000331904049806913 0.267083348263915 -0.480101237175538
0.177330514983037 0.234165226148043 0.0897611249921405 -0.0962091183160488
0.0870338319889047 0.0943900551614086 -0.0233926528596127 0.00625844841317585
0.014379984171255 -0.0167969453257392 -0.211756342322408 0.201587120719329
-0.0330845533565809 0.00573493484057087 -0.0845064867828956 0.348622541997506
0.0148260267634934 0.0374956432275486 0.136211282730691 0.282364066590127
0.0489423890425405 -0.0245505996431505 0.196938011324608 0.0753883616026477
0.00748697231897133 -0.0592953222759076 0.105005426274939 0.00263227062224041
-0.0222671585754241 -0.0344206651137539 0.0257104066170128 0.0294969863544835
-0.0275355247479269 0.00260716079967328 -0.00742003376920001 0.0365667070321542
-0.0390120301191368 0.0373976890726414 -0.0152655463695203 0.0507061888108072
-0.0795602468676936 0.0421695568947327 -0.079296943085765 0.110289947326104
-0.135111197179962 -0.00463066598733116 -0.266522999605015 0.0934923843118598
-0.103254316997594 -0.193257640242371 -0.41039533642054 -0.261382554940791
0.194666955029257 -0.207806478205469 -0.098360220925719 -0.632497815608235
0.296637664592931 0.0878898793121367 0.382229311890649 -0.515813987230743
0.158505210076727 0.247787819502346 0.105101006357138 -0.157042478404979
0.0728080493969565 0.0711026203434415 0.0169943860666806 -0.0273664686594634
0.0187898112750915 0.00567958077203368 -0.16021798524841 0.160854690040019
0.00643547598494516 0.00982533307280811 -0.0691299902873212 0.324200490824796
0.0407495277189767 0.000835691196465553 0.162557366068598 0.279320879058645
0.0455650736113822 -0.0441309819837643 0.230193873913326 0.0559594433307524
0.00496781621358057 -0.0602417072710706 0.115072014137186 -0.0252632703855831
-0.0197491745662371 -0.0383984670665987 0.012435036318816 0.0104542908201766
-0.0295137943428127 -0.0122197668639133 -0.0240419415837587 0.0356085353160026
-0.0445986152251068 0.00945368530495926 -0.0363564813410857 0.0690570377669051
-0.0725949599896355 -0.00691743471011788 -0.131361299826754 0.128382572584308
-0.0833187410483819 -0.0686384118941687 -0.342405149519489 0.0595263732453593
0.0196301460465555 -0.188903489323318 -0.414282843650483 -0.378943058551048
0.231538422701679 -0.0882657195941293 0.0262407283243502 -0.71897937070048
0.210669936480431 0.152583508917785 0.495377381765681 -0.489674920072545
0.0940606093249811 0.191125880980387 0.116851832211425 -0.201585216258016
-0.0021555181200328 -0.019350975535967 -0.0590445098521334 0.155408424442076
-0.033101255827741 -0.0537218282979848 -0.578598305256169 0.322920679271384
-0.0943967217123446 -0.0237342870166102 -0.233713200747721 0.775149695484992
-0.0868465009780302 0.0688146179620681 0.373236142640663 0.550874974507609
-0.00128634672452147 0.0825491317454824 0.433656780593455 0.0087926340665565
0.0330964526628666 0.0522894360008865 0.185467722115635 -0.144071585638483
0.0442510347361051 0.0206211372644808 0.0512279624428796 -0.0760506909309278
0.0268650186167074 0.0133576599618017 0.0400717024701074 -0.0394974405559196
0.023986097563502 0.0162698614945742 -0.00135390144724095 -0.0210513639535593
0.0134729529159057 0.0404301689132793 -0.103481945125986 0.00631170741652234
-0.0126375893899867 0.0473424278673215 -0.220286294282202 -0.0538551938619918
-0.018183490707776 0.0347237937537507 -0.18892770042122 -0.251628962144639
-0.0213356399394974 0.0155706939134786 0.0212890377599944 -0.313267086251769
-0.0463262894327932 0.00756924169790317 0.154606786781365 -0.176369728850724
-0.0488018980351126 -0.0424899353978032 -0.0383865823853466 0.054064257854606
0.0790460275411032 0.0943242929390884 -0.0747901425055836 0.162438331188892
0.125705934881669 -0.0254719133224516 -0.591502182160698 0.302455967881463
6.90107778582799E-05 -0.121726493708876 -0.266003177442505 0.74729251828623
-0.141305026009217 -0.0348285612838169 0.31465538168778 0.549641826466464
-0.0838211755910557 0.0768921065625549 0.39242450954776 0.0516149384417469
-0.0176430322940117 0.0819627135072016 0.181890308616986 -0.101622603733208
0.0176944368737228 0.0529248253498194 0.0636802779483408 -0.0475305247526374
0.019470932079869 0.0296897889330078 0.0506237212845404 -0.0278388329897899
0.0258874785245779 0.00966257997704912 0.00387728848602072 -0.015241461950758
0.0343284202254437 0.017463835665434 -0.0983448547451364 0.0117993967291415
0.0263679406387604 0.051725027187987 -0.22170027540611 -0.0419118431171314
-0.00480621769213716 0.0860024707512533 -0.20617058578377 -0.238822097260894
-0.0571754719855471 0.0463411762196569 -0.00954419880830698 -0.318384774500932
-0.0683440694928401 0.0053545134326803 0.150391986772587 -0.195896366474395
-0.0270729139711732 -0.0126827980957217 -0.0240467416564675 0.0665633087440167
0.140053207460523 0.169844831403592 -0.0992422373476875 0.136084504735534
0.226418322468857 -0.0251361193254808 -0.577398972239353 0.304560419538169
0.05193828261714 -0.190242539566914 -0.230799840481049 0.70086532868396
-0.172553531135246 -0.0921373394256666 0.272213006634766 0.485748525142586
-0.127125866520897 0.0662271582682303 0.316244847816946 0.0647256528593034
-0.0511844042845096 0.085325526483482 0.148238909888228 -0.0511636723839471
-0.00777238623181217 0.0649979965772712 0.0644928114780978 -0.00760643302087504
0.0103148658186059 0.0385633000909602 0.0524245938153265 -0.0130057999526461
0.0272584344904259 0.00907657778476233 0.00268865640144534 -0.015201649038692
0.048640629996386 0.0103680253175469 -0.0861323845144567 0.00665798441690911
0.0461948587249134 0.0683138082065937 -0.202847175807627 -0.0347047743968247
-0.0215624715404548 0.121102195609746 -0.213319788712957 -0.218876542896225
-0.0880029111422727 0.036200569774902 -0.0439178866741678 -0.326894555552749
-0.0504508445344054 -0.0114204640314283 0.155120030987636 -0.240783188008235
0.0190225569873831 0.0355453294680763 0.00687258015103577 0.0583406953549113
0.165370745588431 0.187185599892698 -0.116719925982674 0.0990500680466302
0.230737889283505 -0.0571489853770151 -0.517761054190417 0.313644301781811
0.0290122720965666 -0.203410688073837 -0.16281680776618 0.614135244942371
-0.176190544359409 -0.0742713508362245 0.227546301727171 0.394080582255785
-0.114557102045452 0.0603296297597501 0.23164802050794 0.0692831546678768
-0.0529639482968813 0.0615111374686916 0.108930634538195 -0.00491779998659644
-0.023711042186963 0.0522660155861272 0.058850229149643 0.0271467942674004
0.000365937049006513 0.0387787486479062 0.0453398944599316 0.00299432049224271
0.0232672544363738 0.018904087581068 0.000856231661382275 -0.013253889617419
0.0415753701515204 0.0281895736433303 -0.064591540329716 0.00420132729043095
0.0227235923876107 0.0976665546277205 -0.172830723642127 -0.016842602031555
-0.0851130029088769 0.115133668841357 -0.225183333104391 -0.189192178775929
-0.0983815988397982 -0.0386617263741125 -0.0881997715945599 -0.345631592909775
0.0264781128288058 -0.0412159358414327 0.167312723772108 -0.311742812488789
0.0866048329099087 0.10173946981151 0.0417180485969328 0.0262210234232079
0.155402163752481 0.163998517819391 -0.108332247074312 0.0648564747381372
0.156799982038733 -0.074827976000216 -0.413643561022807 0.298412764212214
-0.0263374892029897 -0.147050845642021 -0.115484190049435 0.501293947060585
-0.134752549543527 -0.00905854364915192 0.169180682096454 0.320761333564102
-0.0563688621806319 0.0463111144897909 0.176645481522537 0.0803170672299517
-0.0319792240306162 0.0180071277646046 0.0880190315857604 0.0246105676763965
-0.0284829582292651 0.0227100419989054 0.0512241570917339 0.0462667866360326
-0.00954076689714506 0.0324814536507466 0.0313128082791457 0.0192095435688753
0.00857259340515254 0.0366936168101962 0.000950072987484142 -0.00145061198498914
0.00657646595221384 0.0588023556065354 -0.0434503383090556 0.0227532851543314
-0.0451795967416325 0.112175186183765 -0.15752602835137 0.0240205941514668
-0.166684946087938 0.0399290426527111 -0.268005694030157 -0.162231519585908
-0.0521740847643463 -0.158906228645213 -0.138253432562189 -0.400433038413278
0.154387569012091 -0.0528972862139957 0.199930323215129 -0.402623611920529
0.154855715554212 0.177013232444591 0.0712549737706249 -0.0276185674400994
0.126013791871118 0.127416368748708 -0.0727668162842027 0.0335157974977713
0.0683417652392087 -0.0567238159302212 -0.304609742364697 0.25156238401566
-0.0540780827383931 -0.0580822157250745 -0.101078443237361 0.40700961158461
-0.0577896674234398 0.0399158344477992 0.128989029099075 0.292177289955013
0.00990114902904567 0.0134289210838507 0.168368985282252 0.089229001399792
-0.00702402427413336 -0.0289558650670818 0.0919826258453542 0.0287433871067708
-0.0262229547926915 -0.0101673770532717 0.0424962197316686 0.0465857433885999
-0.0193066400298623 0.0208707034451251 0.0142640947347132 0.0326816267928314
-0.0142948677074945 0.0491573003171446 -0.00212674218052126 0.022616905372378
-0.0453259087588616 0.0731038004929162 -0.0429934342739269 0.0646176541395423
-0.11946068330424 0.078132128833317 -0.189697777667547 0.0749125904409736
-0.192224444160009 -0.0920190958138586 -0.347272066951584 -0.17793753161073
0.065485393444404 -0.247000038430703 -0.158512073178304 -0.51118628581275
0.276204910735704 -0.00770572501768532 0.27522816667566 -0.487612285697931
0.190685006102334 0.239099583329442 0.0912356489604807 -0.0935323233802401
0.0974230378241903 0.0948845355100896 -0.0254540358834744 0.000632937304378704
0.0198157683393348 -0.0209405977253852 -0.219786330890951 0.19593937973447
-0.0360532912826317 0.00275657527909467 -0.0961793781891281 0.35049803773945
0.0105922666770534 0.0394987387308486 0.127889369947444 0.289808015478852
0.0475813683329669 -0.0238605349314047 0.195500644984728 0.0827329175702263
0.00601028944463884 -0.0583562115664 0.106921288221279 0.00843807832823949
-0.0225214022388532 -0.0318244880178315 0.0300099235751554 0.0331594432899621
-0.0263610758700084 0.00552144731697554 -0.00408120530856397 0.0397554002501962
-0.0365565359717289 0.0419422708091441 -0.013149830862485 0.0517107547491531
-0.0814555968919494 0.0492998978946416 -0.0767797855587508 0.110374267216037
-0.140981412658405 0.0010003738822539 -0.267712436058619 0.0950342615926733
-0.115538325172006 -0.196278999585933 -0.413092321008271 -0.263813392512403
0.195175180106495 -0.222048067406817 -0.0999161909135325 -0.643358774492136
0.310539471786848 0.0849270587080763 0.39124193456198 -0.522155229953533
0.169413326946819 0.252534916857958 0.104712214821636 -0.156328517045764
0.0805009085351766 0.0705065787793585 0.0131536949435732 -0.0355537822081162
0.0231103095053473 0.00361207334284877 -0.16965607666307 0.154234919309214
0.00501489827582721 0.00845540139287272 -0.0819864931781612 0.327596457691826
0.0377188215202685 0.000703080740684449 0.155727075068907 0.287577905144967
0.0452879885390259 -0.0446014053263461 0.229286552923044 0.0636399620038428
0.00335426482510664 -0.059352398700124 0.117951575827173 -0.0202354133649524
-0.0205410350949943 -0.0366494999834659 0.0160020748279535 0.0151044465381388
-0.0289384543302061 -0.00996910294730975 -0.0206732669382608 0.0400150402935509
-0.0440231153423828 0.0128346206089404 -0.0339509026145599 0.0719026411779952
-0.0753659287527716 -0.00237368970740561 -0.1298200550083 0.131398361911186
-0.0882909869090281 -0.0667397011362786 -0.345879091533715 0.0612766624256681
0.0139760940861721 -0.194537363590682 -0.421556284767785 -0.381428242027461
0.235451432105589 -0.0967609845696721 0.0262874003084999 -0.734007314603589
0.221193533744797 0.153916293096494 0.508245247957482 -0.499226385561674
0.100161095728705 0.193278297411419 0.114975828952759 -0.201393227127068
-0.00348826097458834 -0.0203547288582195 -0.0496018858678061 0.157276864870949
-0.0364223371124934 -0.0535777236291506 -0.594253154792659 0.338933664049066
-0.0983859174358813 -0.0209735025321494 -0.226913482861839 0.810446743864224
-0.087579372782542 0.0755473058348918 0.400233270070584 0.561880701997569
0.00285686012283185 0.0853738647004081 0.444756002973507 -0.00560121142041258
0.0365704076099434 0.0526162629062942 0.184544528122183 -0.156396289223134
0.0461263074947249 0.018283047511562 0.0482242734147591 -0.0822245027479845
0.0272287453451163 0.0125025879207842 0.0371509586192619 -0.0465513585139345
0.0240523302386315 0.0155223049995182 -0.00674016009076875 -0.0276039753916111
0.0150174029139834 0.0410205331939742 -0.108988164704846 0.00215254707403285
-0.0105440709964505 0.0489762687014976 -0.229035178757837 -0.057213323681766
-0.0159891858242588 0.0371991637517071 -0.194095171808564 -0.261821072241708
-0.0224249488205803 0.0190059428699194 0.0257804771723563 -0.32492735652014
-0.0499205366263046 0.0109529863130696 0.166899954794214 -0.180920313487416
-0.054942934380309 -0.0439494594850858 -0.0302520939132468 0.0647269490274537
0.0876416201428969 0.0965678613940027 -0.0649624727132062 0.166019422241001
0.132425395791013 -0.0308520583238214 -0.604986683679152 0.318217527799971
-0.00282755688155775 -0.129170103074401 -0.261634063691807 0.780225609001342
-0.151082742346316 -0.0307682344091411 0.33894562018365 0.560294225794472
-0.0853307793574721 0.0849971372755809 0.404961265579834 0.0406778069751075
-0.0151980748117576 0.0882383547420766 0.183379709547809 -0.111871612897155
0.0208948195363923 0.055639679001235 0.0633584979531032 -0.0530650717170403
0.0221096128225367 0.0305809917081115 0.0480542428454049 -0.035479121988597
0.0272669179676037 0.00908354898785024 -0.000894102991082212 -0.0215551642037978
0.0362142122989056 0.0174251601204866 -0.104015729352724 0.00747522366841009
0.0296669192154859 0.0531454666275979 -0.230430839087911 -0.0452797654485036
-0.00183562318852283 0.0915440766432681 -0.212946380639051 -0.249550119039347
-0.0606426371013464 0.0505770932763746 -0.00557863764538097 -0.332172962107783
-0.0708963454906726 0.00716410395620298 0.16225775177038 -0.20008362806184
-0.0273079828209504 -0.0131667829691285 -0.0139742924747688 0.0771240527170156
0.156543613984451 0.173177782610935 -0.0919987408960385 0.139705133983815
0.239819119192905 -0.0354931748504084 -0.592799327515835 0.319714016593653
0.0482781286989986 -0.204835352031682 -0.224321753065385 0.728973444483619
-0.188860673022385 -0.0899252024505143 0.290518071471877 0.495523175273138
-0.132503559078868 0.0774423215890858 0.325001857833999 0.0576642014883008
-0.0500493706223041 0.0941326052432606 0.149710539132319 -0.0567645886894897
-0.00422813519237306 0.0706117429822467 0.0667574280352532 -0.0114859144529181
0.0140260137702 0.0412339425365678 0.0516873826959553 -0.0192078284473782
0.0298790914160982 0.00861555491930955 -0.0020830334404249 -0.0208897289111188
0.0506727645011259 0.0108663818244897 -0.091495299494884 0.00168427999596305
0.0506824887053201 0.0719655839751179 -0.210862185980179 -0.0386287125531855
-0.0201753140628379 0.130062496040948 -0.219684615085734 -0.229420427568579
-0.0943415300426943 0.0392439645361755 -0.0424024106351769 -0.339494831293551
-0.0509929137515836 -0.0130506115899714 0.164798208806152 -0.249253625379863
0.0257987996226744 0.0355505362012715 0.0165627841178464 0.0672538896667512
0.185718332800679 0.190675516826082 -0.111627136692057 0.101365722924679
0.245164840919927 -0.0702374202865334 -0.528824343184996 0.326540901906697
0.0224228819544057 -0.22076386377489 -0.159125572506871 0.634493208364574
-0.193868342294157 -0.0706494722135864 0.238602515385233 0.399049136533019
-0.12023502061296 0.072421162055264 0.236373262842796 0.0659007843521169
-0.0529596324124465 0.0709903999151236 0.11080311040307 -0.00581958954380779
-0.0206112900907528 0.0591505315033029 0.0635618130768663 0.0258070083830896
0.00517934708223327 0.0429351049289036 0.0460760670601339 -0.00138639983957211
0.0273156116707845 0.0205931887684111 -0.003002899163357 -0.0179999531728739
0.0446982925399865 0.0308085557208399 -0.0685284039797729 -0.00123127731442948
0.0267358212291156 0.104681287386023 -0.179294967294186 -0.0211403183583692
-0.0886869857638807 0.127881829637821 -0.231560879552485 -0.197742682275869
-0.109596475589145 -0.0400435997670474 -0.0882399983186895 -0.357269744645063
0.0302471207893653 -0.0481646198527841 0.174635273322405 -0.323067064494759
0.100652613163824 0.102765432007857 0.0502924164699856 0.0320961056672376
0.175342280580453 0.166200231441306 -0.106323705809437 0.0651933188170974
0.167902908969871 -0.0882633166906779 -0.422696127626642 0.308088635191715
-0.034939367704904 -0.159701380613451 -0.113972801354129 0.516115637822241
-0.148194388283621 -0.00364450182397089 0.173630058598354 0.326304707095349
-0.059984433896715 0.0556221461305318 0.17812220904091 0.0821362691868403
-0.0332806368555537 0.0243275465535394 0.0912713376233925 0.0276079512036816
-0.0265881829312566 0.0282879398172572 0.0567572486929357 0.0468386737896409
-0.00484465897465098 0.0372462651619125 0.0338329364736386 0.0173551375971441
0.013276386536037 0.0397338100244915 -0.00137140851524939 -0.00424516048833755
0.00926886396522725 0.0657741491515871 -0.0444137326152168 0.0178237830349758
-0.0435051017565604 0.123326245287094 -0.160826077832883 0.0220791817519196
-0.179182460161993 0.0519408222519022 -0.273795343454274 -0.166050453634269
-0.0666514477400926 -0.16990158854849 -0.144323047790933 -0.411582515678887
0.163828231478095 -0.0650842370457926 0.20412705875076 -0.41841604942472
0.175238416268348 0.179884554544018 0.0765693567668142 -0.0246067610376329
0.143933585681169 0.127493470885641 -0.0735160178699645 0.0311553279405757
0.0752599309291081 -0.0671854868580505 -0.311900393916602 0.257279250936026
-0.0614044719231557 -0.0646562204141174 -0.103005250347468 0.418081015024567
-0.0660875428451251 0.0463140826484822 0.129954020255547 0.299899795692109
0.00814025208789974 0.0185874232201837 0.170824846400782 0.0946492451572158
-0.00927057177078118 -0.0259945084718484 0.0961819936941104 0.0327769649630437
-0.025793829391815 -0.00566773538365077 0.0487361371454214 0.048850142526829
-0.0155795292185888 0.0254633759633676 0.0174048309834572 0.0336361526379092
-0.0101445853270093 0.0549127065213509 -0.0011665188791944 0.0215464985601985
-0.0439540121305037 0.0837610762426682 -0.0412498194308694 0.0629826674459954
-0.12302777609786 0.0907825405718295 -0.191124394514752 0.0771543569572676
-0.21143227695272 -0.0852620741337335 -0.357258508229286 -0.177312977201405
0.0541445193043922 -0.266818948144388 -0.170137956906555 -0.524477192606544
0.293528788304373 -0.0216855207623115 0.278651017527138 -0.507455387783471
0.213695276174112 0.242805317163619 0.0926097041904378 -0.0937809018432796
0.112071408696164 0.0941011097664158 -0.0286238927342438 -0.00510660172132579
0.0249522772154334 -0.0266901561174866 -0.227986659336031 0.197096324366145
-0.0400448014364762 0.000528404107326718 -0.101584214540194 0.361905336266565
0.00661975390848482 0.0426723464458799 0.128496220808692 0.300108929979804
0.047273160513891 -0.0232666186822257 0.19954002587404 0.0889654914721345
0.00393258425559757 -0.0578091295030386 0.111474536605284 0.0125590445797942
-0.0233877836669022 -0.0291052968010359 0.0356286649974048 0.0364113289067672
-0.0246624379151589 0.00970069357073807 0.000120811292282128 0.0435160931591972
-0.0331560878309994 0.0482178983046343 -0.0103199577218814 0.0532569933466068
-0.0833876964725152 0.0602967114797122 -0.0734017207421493 0.113749181001302
-0.149154381366468 0.00979123618307632 -0.271034127685548 0.102392253128265
-0.135164065483281 -0.199207568262547 -0.431090819540418 -0.261330811279733
0.19268160651122 -0.244477700201012 -0.115617287289183 -0.664029606721685
0.331456692465932 0.0753254406460065 0.397227956612441 -0.548747251618147
0.189641166706587 0.257782945952925 0.102989271311638 -0.159884738450392
0.0906777272718348 0.0689479135362211 0.00708078264625838 -0.0443181679683347
0.027685232270309 0.000654270669580302 -0.179536081979768 0.153914390350047
0.00373158410400522 0.00706176028169293 -0.0884151901820753 0.339192988129147
0.0357445638642838 0.000897003722418874 0.157829003148607 0.298441671750524
0.0449335483397786 -0.0468520114842063 0.235597386834261 0.0679015599020074
0.0015527297308204 -0.0594344174617691 0.122123272295836 -0.0177144184751086
-0.0223484196305267 -0.0350598217530771 0.0212504261226019 0.0192282204531537
-0.0292499046498556 -0.00693724703831707 -0.015410873229325 0.0446710792789736
-0.0438533961027691 0.0177306797937989 -0.028776702070542 0.0756841041752442
-0.0791433242388919 0.00341681183511926 -0.127487082110867 0.139446583212918
-0.0956842490616321 -0.0646423763235416 -0.354024621654284 0.0732135447737109
0.00271670386397141 -0.203685451539754 -0.443487285806202 -0.38281081051974
0.240633351122333 -0.112281200031087 0.010582322938495 -0.760354229202387
0.239169945256203 0.152321996601592 0.519987187764407 -0.525460207184529
0.112619463605435 0.19680670831266 0.11113697285559 -0.207494364033112
-0.00548974314988253 -0.0206484071072448 -0.0359428631020139 0.15855425819415
-0.040921511065209 -0.0529482882306545 -0.597949859855876 0.37319726951623
-0.101899403629407 -0.0150340623455115 -0.194129130721107 0.848789655596652
-0.0853350178449166 0.0850343293197871 0.441302002680422 0.557147530939454
0.00991195910394415 0.0870217643861653 0.454551423884526 -0.032808439090306
0.0419202745921734 0.051086331975677 0.17724069955289 -0.174390071154937
0.0469824635054464 0.0149221362423043 0.0421803777202297 -0.0897637067243015
0.0276716564747854 0.0109206737758897 0.0307054365610264 -0.0535301065232187
0.0238328830016836 0.0136184602737754 -0.0133454343712037 -0.0333238091066679
0.018241544448883 0.040169916241607 -0.116312280951836 0.00158750239730681
-0.00618327318204442 0.0510049722011794 -0.238530656675628 -0.0524962821107407
-0.012045563471797 0.0400324990813285 -0.208443334059958 -0.266210127763757
-0.0228582263287526 0.0232421402620344 0.0212479902361899 -0.33910704581744
-0.0528475499420422 0.0162532560965563 0.173687087432051 -0.190227231807187
-0.0626508684998242 -0.0428151304945406 -0.0183327642852863 0.0758618669948792
0.0993624036325826 0.0950157635858566 -0.0500806539748199 0.168937962067215
0.137329064774628 -0.0407646615178231 -0.61065922832601 0.351685141385616
-0.0112360650668218 -0.136297061262574 -0.232459935522028 0.817978279384875
-0.161779144088146 -0.0212078980044926 0.375903978128651 0.557596906487221
-0.0830230943024582 0.0952594147903077 0.414486081527743 0.0174279266027223
-0.00987379467862273 0.0934331240366974 0.179317414955193 -0.127631770555684
0.0258804960457373 0.0569843952659054 0.0603883776825272 -0.0606602108475386
0.0254995988891887 0.0304466629342218 0.0431710365371714 -0.043665385957517
0.0287180508509919 0.00792567416311557 -0.00794934431366341 -0.0279712135016304
0.0389926500994101 0.0158296116626976 -0.110721613683125 0.00653550735799731
0.0348877125612203 0.0535730345954174 -0.240690909152277 -0.0408636832640119
0.00421330957126254 0.0969220381013046 -0.22782272679011 -0.252751506357911
-0.0612292461208943 0.0573586870616848 -0.0124146640465747 -0.345149920496609
-0.0733873143659289 0.011338567233247 0.16794132401758 -0.211562312733477
-0.0272586047424152 -0.0135815967294894 -0.000691647288020871 0.0866539419380748
0.177921736721873 0.169963179671196 -0.0791976930934037 0.142960717271564
0.251128751277777 -0.0543842176258905 -0.595440637793464 0.350610021493721
0.0352853452685527 -0.221537429708348 -0.197228277804512 0.76164999669404
-0.20687538849063 -0.0797101976560685 0.323407896385582 0.492301936527872
-0.133401659152514 0.0927421931005139 0.331366206161875 0.0393911709214942
-0.0448660411413629 0.104060869111576 0.148567565805893 -0.0667761341766566
0.00247104700841668 0.0749280249630554 0.0679581311766224 -0.0169108529822569
0.0195810047344222 0.0428293113832023 0.0484497927534962 -0.0267333130470954
0.0331196578997609 0.0077481218470596 -0.00864913803318708 -0.0263930111951035
0.0534258660425248 0.00928638917681289 -0.0978966686209266 -0.000313354972703436
0.057145878851415 0.0733920598591038 -0.221097774327001 -0.0348495459968612
-0.0130842311557212 0.139932896236923 -0.233386251846534 -0.23316986294094
-0.100249997509219 0.0462697252098864 -0.0510443619499356 -0.351619342704558
-0.0520431335436072 -0.0128831282276062 0.16757716126034 -0.262163984403434
0.0334626738139675 0.0334851436031126 0.03013272837781 0.0741028090496727
0.212563000147178 0.185761501818911 -0.10305448540612 0.105408933455873
0.255822686022356 -0.0933011710758262 -0.529524975090299 0.354612046365854
0.00729687514024781 -0.237417336918012 -0.133383827426352 0.65991801268222
-0.212643722422406 -0.0587077642076753 0.259282958730237 0.395335145356098
-0.121497280492108 0.0887925504667459 0.241143170611724 0.0560563319724111
-0.0504607518051736 0.0811204936657041 0.112170166164508 -0.00978233171398137
-0.0146957431441841 0.0657719935308748 0.0677768733482739 0.0220752516564291
0.0118241631488429 0.0460243922216899 0.0456050617033762 -0.00747301557768201
0.0322765503312942 0.0204726260706293 -0.00860445144857859 -0.0224610103360553
0.0489619835291323 0.031865029014634 -0.073555750556778 -0.00483434893865237
0.0349562995181326 0.110881307507452 -0.185377903457307 -0.0196843465768756
-0.0876962870909708 0.143913184161256 -0.243619611849994 -0.199237001289456
-0.122784292720789 -0.0370980269826077 -0.100514553270896 -0.365758229400366
0.0313668324486283 -0.0568646206446588 0.171238807054965 -0.33887238400321
0.118427563445965 0.0980276596047866 0.0601384844811052 0.0364205314511524
0.200841358253835 0.159807094952184 -0.101490327809759 0.0676166063227343
0.175164674569513 -0.108113318184635 -0.42111599791371 0.328659416330203
-0.0497940930087219 -0.170282146803895 -0.0961789868101583 0.532430688972283
-0.161309474259479 0.00893980454750979 0.186340217439266 0.326238995647603
-0.0603516052855474 0.0674464283156052 0.18138240962438 0.0787600268202067
-0.0329626257212905 0.0318763243125207 0.0950910159223396 0.0274008851399952
-0.0227519439514342 0.0353202298898521 0.0644103008310617 0.0454449889382461
0.000953461377025879 0.0411587375448836 0.0358414369496787 0.014731303695971
0.0205589775379102 0.042195049617584 -0.00370620698049226 -0.00833423864191397
0.0158788546608749 0.0724642761247622 -0.045957784392905 0.0136369617636749
-0.0375516739323762 0.136229158023843 -0.162759657132019 0.0239683708103301
-0.188024429786285 0.0714718166372292 -0.285455032338833 -0.162073135062775
-0.0873556288630067 -0.176342756451491 -0.163297649859946 -0.41648172718929
0.17036856422912 -0.0846232370348322 0.194735913167607 -0.439692058166329
0.201231935367204 0.173916906947887 0.0813643616854415 -0.0241576072160177
0.165947903852376 0.120730798024672 -0.0728688144983332 0.0306828799946351
0.0796305523196763 -0.0809259140662658 -0.311788664153638 0.271857831343517
-0.0714851034559629 -0.069017912845634 -0.0912829658531167 0.430452000154886
-0.0719482561786321 0.0555537349880141 0.139290246854943 0.304037739694065
0.00808202428457661 0.0229351678617479 0.175687699406813 0.0942356844482109
-0.011158787514278 -0.022598910793152 0.10176889002245 0.0332857655897331
-0.0247040259437518 -0.0001202171314661 0.0561745269885859 0.0489118197282349
-0.0104326442617499 0.0297618134045925 0.0219994688477025 0.0333696951347528
-0.00274745756235298 0.0595263551571107 0.00017353082836648 0.0196417087219374
-0.038664039056195 0.0951327413349379 -0.0374328392290774 0.0609883373966909
-0.122907667093658 0.107714329769103 -0.189762615655193 0.084743482328535
-0.232817703465624 -0.0690925421378268 -0.37148611561638 -0.166048971844238
0.0326477519394045 -0.286592295860221 -0.199832778995215 -0.530722713479665
0.307891804298352 -0.046693683584746 0.26660185008301 -0.537071264649652
0.244318402713196 0.237337724068733 0.0913212181981933 -0.0969822979682901
0.128270456813588 0.0881307075028389 -0.0321896290227642 -0.00995487570264699
0.0286160062137228 -0.0348051428387548 -0.23140413987665 0.205901002491725
-0.0444180461896957 -0.0007619436013607 -0.0965666723142754 0.374565186180012
0.00462171591450565 0.0471849369239795 0.138424204686153 0.307047336629591
0.046040018505516 -0.0244413251313304 0.20668328436716 0.0880198827900145
0.000335674391189225 -0.0565374540430023 0.117724153044021 0.0122831957078964
-0.0244533736717887 -0.0248232386422869 0.042757994758689 0.03845907983025
-0.0222073832660722 0.0140843416023636 0.00608918268053144 0.0455762125436375
-0.028209382746478 0.055098808587637 -0.00548776575533932 0.0538898885352923
-0.0819113710490756 0.0734403654731127 -0.0658773475562149 0.118131698655003
-0.15577819270231 0.0239940384362592 -0.270833138453125 0.118753706356454
-0.159712913513868 -0.195544108264956 -0.453906092425462 -0.244867655039495
0.179282513494152 -0.271694538237121 -0.15373370960097 -0.677651500015075
0.35344905726215 0.0533654242950424 0.385090164954543 -0.586558853347992
0.21688650937998 0.254561171157344 0.0960024293519871 -0.165682769233227
0.102319833874824 0.0621622009015057 -0.00129611300352488 -0.0533045840711876
0.0318011040600534 -0.00367223470389624 -0.184993053269276 0.159560576633435
0.00236987708630061 0.00554068371493408 -0.0852443803033923 0.353828421548495
0.0331511312571582 0.000971176179753536 0.167271312291301 0.306010931061973
0.0426394565406018 -0.0503719385077457 0.24353470682848 0.0643726870469789
-0.00216254009582664 -0.0592899640033219 0.127540798818824 -0.0195479684300788
-0.0242668754052364 -0.032461414649752 0.02717901162618 0.0223474732260595
-0.0297995412430084 -0.00350467601405137 -0.00855840309066033 0.0491278399833552
-0.0414626750449187 0.0225001266796921 -0.0230749721454449 0.0798585874343397
-0.0821964998528469 0.0128660247714708 -0.11952152329916 0.149695124639699
-0.105066547241375 -0.0582614634662874 -0.358128157904847 0.096309468466437
-0.0160193258834122 -0.211020942044943 -0.474625595794535 -0.36802496794779
0.240428443929628 -0.135626765618445 -0.0294538243806685 -0.784268820402526
0.26109966257512 0.141609013896655 0.512234271289433 -0.567148229168307
0.130633732736887 0.195490160849451 0.100633948970375 -0.215555492213624
0.00549515579860248 -0.022838979709086 -0.094024795870095 0.127333047287273
-0.00570201791783475 -0.0643041502997869 -0.7119750194787 0.0735257464924975
-0.0761100342833883 -0.0652867153506703 -0.549165457105343 0.691986456635695
-0.111141457918001 0.0337604401217329 0.166589083330309 0.701221122818916
-0.0309981921866076 0.0785480513018388 0.430018633297131 0.161906638112275
0.0167282860359023 0.0621946747639601 0.236131742610122 -0.085381013082011
0.0375471461997208 0.0317924643435262 0.0753624962279809 -0.0659195514404527
0.0203953324384417 0.0206572230300564 0.0480354939043074 -0.0412010647491591
0.0153782184850917 0.021009001545485 -0.00186826913397514 -0.0425072203484742
-0.000127751868857372 0.0447458997404992 -0.106170158814935 -0.0548402389847797
-0.0285932472673007 0.0453596838619332 -0.192700084423542 -0.155239466726443
-0.0312440844708081 0.0293582221325077 -0.064279612021329 -0.334902996845986
-0.0315461784406288 0.00974250298917308 0.180698167444299 -0.296411284069859
-0.0550570577847862 -0.00896390902488521 0.254351194625769 -0.0886026127653319
-0.0426256096685953 -0.0672309562178175 -0.0442428229835877 0.0706991334785656
0.0551267715619449 0.130868678862643 -0.108010884830452 0.129277966322108
0.158196821522584 0.0225778840753289 -0.716895817018439 0.0444118555414467
0.0605594571006974 -0.140191241973657 -0.57398844081756 0.644518323031943
-0.13918347094592 -0.0959015706072999 0.103925663869994 0.676158266675449
-0.120511332785686 0.0480982312480208 0.372888317679618 0.194330116937491
-0.0486936346699124 0.0828602276885507 0.219258365880308 -0.0411204413265332
0.000438124414239486 0.06316860948313 0.080773214969689 -0.0315417555126615
0.011226383604321 0.0402963342463957 0.0547981822420791 -0.0268913515426786
0.022312723574364 0.0189563747391722 0.00121436064420799 -0.0354221492794247
0.0283570104512025 0.0315632399996363 -0.103383681706711 -0.0477085871543914
0.00807002982246323 0.0652084629025637 -0.199622959367029 -0.143617265056312
-0.0415441807413754 0.089362897873851 -0.0903133187144796 -0.331426851334036
-0.082844473993831 0.0221944898725952 0.151200976909673 -0.319701235024616
-0.0693597168397896 -0.0237837128818343 0.259130888854354 -0.111564472973819
-0.0183224902782046 -0.0245442689670891 -0.034014973745726 0.0890201655223043
0.0975503528207267 0.236455588032918 -0.121860610388908 0.0906318887863787
0.271727221634556 0.0560991783134234 -0.704341532647885 0.0492624467029913
0.139194981665492 -0.202029198179774 -0.520440525141471 0.605498993061103
-0.158731845077147 -0.168515952444525 0.0783388275465395 0.591904712289008
-0.166085332995558 0.0271785281275576 0.285665282484898 0.182773576592502
-0.0864653291893541 0.0794331336589817 0.164711090152546 0.00254844831440486
-0.0280054003617197 0.0736429809726063 0.0708065452319487 0.0119064711190238
0.00202112395696061 0.0505351728955547 0.0538314441814457 -0.00902155680807411
0.0275871266145721 0.0218160952658538 0.000342173125939124 -0.0337053295871879
0.045181807381457 0.0317097545348874 -0.0892313873768273 -0.0486164973434943
0.0205528444480789 0.0936787156911552 -0.184424728932356 -0.129499981896001
-0.0786612342107638 0.122354959198769 -0.10561163830643 -0.316287419331102
-0.115285440714121 -0.00631895130193324 0.119225983682852 -0.343734584352695
-0.0372904055718088 -0.0392456570550986 0.281570604601241 -0.157522055431121
0.0224255723165449 0.0456605436805965 -0.00193915515005959 0.0914281418365624
0.124048941261946 0.266397303969074 -0.128001348733705 0.0435545928356414
0.294456619216741 0.0208601754562371 -0.645589934601284 0.0832854538833744
0.117185186231606 -0.230243870141724 -0.41793809183292 0.540783671071014
-0.175345672419291 -0.149405874786353 0.0605831109524639 0.476438616190881
-0.153198026495784 0.029807393891536 0.193434739297288 0.160939454425761
-0.0820002897030074 0.0564797623597476 0.106477337663655 0.0425935026429565
-0.0396394454489868 0.058614441045558 0.0538806959644796 0.0494099898402745
-0.00605217191837176 0.0505692771959864 0.0441916895912899 0.00947164052433128
0.0228296456407643 0.0337399752593036 -0.000428968053265652 -0.0289508875640322
0.0314461975968862 0.0529544756647638 -0.0646014541483863 -0.042628631777312
-0.0161702486861731 0.121489200958915 -0.159096379210787 -0.10136276585719
-0.149830303058637 0.0964175055517539 -0.130989434751645 -0.290304556405288
-0.102095176344522 -0.0960786108790253 0.0811902165509828 -0.380317657936497
0.0604037884605581 -0.0475460768895114 0.31872927108895 -0.225990992735952
0.0751139184327628 0.141950490795013 0.0394540699547624 0.0707145538125928
0.126130103876609 0.238038602681959 -0.113066628560447 0.0085433951068606
0.224883748843687 -0.030329599934911 -0.535464371282883 0.107249964092008
0.0334111232809368 -0.192900532131495 -0.328287360553895 0.438023218404454
-0.156920485711342 -0.0641225935509666 0.0224187451430792 0.3797545762797
-0.0881818456676398 0.0371639852028257 0.12814287050315 0.155387101617011
-0.0457186734099791 0.0186374646428071 0.0730957465604484 0.07124818796245
-0.0340825660185772 0.027556363698522 0.0411887305214311 0.0698183878210194
-0.0130533349766797 0.0419754890560132 0.0275643270512813 0.0264418146063817
0.00369695818720638 0.0498468450231907 -0.00168209480799472 -0.0131875992434292
-0.0160609753417213 0.07798140442524 -0.0462997249248981 -0.0142097961887402
-0.0943422964986967 0.115949304958235 -0.15779607724619 -0.0523148705073296
-0.213840038194221 -0.00991882684986562 -0.18724599132927 -0.277448919858189
-0.01065489913503 -0.210858478560649 0.0485664000439328 -0.453898564603305
0.201341965213851 -0.0155032766733537 0.382917474387824 -0.304607067520961
0.120613529351176 0.245975473936147 0.0822702187770364 0.0236383974877529
0.109974213970233 0.185897987111415 -0.0743296857175254 -0.0142966904990946
0.122040260686188 -0.0462162472731786 -0.408749199274389 0.1016970756298
-0.0326365103119881 -0.104978177733492 -0.280371221128948 0.346069171270768
-0.0943653822864852 0.0177760445623407 -0.0127368960646716 0.339304489584885
-0.00564240588911006 0.0250688359982952 0.114535874592245 0.166284953812952
-0.00247950506298456 -0.0231374611081331 0.0762661195348656 0.0815473025655752
-0.0212042133937826 -0.00654290496652724 0.0320478527479316 0.0710201271889836
-0.0200014739346086 0.0272693228267666 0.00824196762048114 0.0401135462875063
-0.0241424379910637 0.0573744641141704 -0.00711558231182559 0.015193379698054
-0.0760611265138684 0.078747991799847 -0.058025216035299 0.0342674885413922
-0.163005619372266 0.0545503000049871 -0.207612752934589 -0.00831931307515232
-0.198292579383109 -0.158226094728537 -0.262690807636492 -0.319218604966549
0.147919915130952 -0.262821925455723 0.0651733923226459 -0.57149355831164
0.313953398603535 0.0763167300778563 0.488111945670055 -0.361571924468026
0.131286703742792 0.322978284259258 0.122113508102388 -0.0393655612250352
0.0878540307556058 0.137292267760293 -0.0239379073671247 -0.0338806133839376
0.0521351810343359 -0.0239463125343593 -0.305573108048623 0.076620691308146
-0.037697883758122 -0.0269054494576492 -0.260187204839295 0.29251958846432
-0.0190176351979965 0.0418388676031179 -0.016512607873142 0.340878790890276
0.0499427673764283 -0.00431565534259182 0.144623568766237 0.173981958302121
0.0229270633018701 -0.0513509872512046 0.09980953278158 0.069011943683337
-0.010848424353412 -0.0303206010234014 0.0239454353121217 0.0575756748209525
-0.0250610477404825 0.00685610149510419 -0.00972656264597858 0.0462127467814255
-0.0459110057687409 0.0424529889059625 -0.0254531120176755 0.045379390202677
-0.106681522132538 0.0404964968095093 -0.106011237047014 0.0753861441959868
-0.159531708764388 -0.0372110660216225 -0.2949281729239 -0.0111161878563519
-0.0796839079916259 -0.245842834850928 -0.300443116379952 -0.427186443716733
0.279741330738184 -0.186271505722377 0.17196526504994 -0.682737806383169
0.314352561961426 0.189338568565578 0.617518883339028 -0.352870932606175
0.0962301276144718 0.327299982361363 0.156315829713111 -0.101311940552977
0.0700223594397582 0.10122357957329 0.0206722979407119 -0.0602507622114863
0.038271745791476 0.00722838867755836 -0.243841409168059 0.0525474009421266
0.00429744658668366 0.00168604107969794 -0.243082821574716 0.278262798626812
0.0290150354176132 0.0102654545046335 0.011026764985823 0.354860993533494
0.0587081776902995 -0.0302924733531832 0.188094841277889 0.167971351668459
0.0232036223394427 -0.0543365747219543 0.122607272782381 0.0444952986460187
-0.00886864976544483 -0.0364477977503673 0.017617270291479 0.0371585396406439
-0.0249655816859488 -0.0140469026849078 -0.0253647193598685 0.0438738947344127
-0.0476027787449035 0.00721238776240179 -0.0514365279573463 0.0631281043002506
-0.0818357270968211 -0.0167374943409639 -0.167406015699318 0.0851010517715886
-0.0776361795472002 -0.0956824064610184 -0.362182130379324 -0.067135046072957
0.0599379125534917 -0.201774569867736 -0.263894993532855 -0.543424615597339
0.279265923852261 -0.0330638390445913 0.324992868456819 -0.722180592490624
0.191614115820712 0.234091956364742 0.728262695040352 -0.281593087763201
0.0376285330040635 0.234432265237184 0.184286023809442 -0.145523883037762
0.00321859707488807 -0.0229242864807922 -0.07698020318808 0.125932855391625
-0.0112351564623601 -0.0619534007370226 -0.699154923881068 0.104988964037514
-0.0794423834144223 -0.0588899455788607 -0.50253815497048 0.71603769086292
-0.107064416650858 0.0430879646418908 0.207617610926833 0.678933336383977
-0.0234863590760307 0.079106338861435 0.429935440906208 0.128436181519342
0.0212255013716364 0.0588778579281041 0.223062795464144 -0.10218588903145
0.0382885959462655 0.0268252433412613 0.0676825647387002 -0.0723584427102715
0.0200980371959192 0.0181962453066201 0.0421971686264016 -0.0476794019360167
0.0150750574407416 0.0180938714346364 -0.00824088867111161 -0.0485638342308581
0.00317402407430912 0.0430757554500479 -0.109912793244877 -0.0533861095849278
-0.0237589910800827 0.0461694442529471 -0.196751033414906 -0.146154027295577
-0.0274295483425688 0.0322829212368596 -0.0773798161894837 -0.330556920971639
-0.032018090062076 0.0139032936410889 0.171498544125292 -0.300619738636351
-0.0572798805739575 -0.00405012580362242 0.254634900549035 -0.0954159218306263
-0.0491135398727227 -0.0653709094452014 -0.0329647278600282 0.0814609450771561
0.0649790590473968 0.127012141965508 -0.0890412654417957 0.129280140626939
0.159688102293685 0.0102609496986078 -0.703845611280762 0.0742288884446864
0.0505703015757399 -0.146045271235965 -0.53021981384134 0.667993493525224
-0.145918683393512 -0.0840326727509481 0.141369059600265 0.656938998694372
-0.115802306434877 0.0567562536925091 0.374709018110529 0.164232643626095
-0.0421808869557905 0.0858768873715838 0.209362788664051 -0.0563082249134153
0.00605135188397495 0.0637978382013791 0.0757717315582622 -0.0383189038056643
0.0143453492258096 0.0389245026130404 0.0492976107265221 -0.0349951667841939
0.023596723222149 0.0165643266477291 -0.00513466566819391 -0.0412328398236992
0.0302154775320296 0.0287872039379046 -0.107390292954424 -0.0471430982759733
0.0135597685059353 0.0645954492827268 -0.204231672848009 -0.134982163666704
-0.035759432583085 0.0932603988176886 -0.103595682121768 -0.326768508495988
-0.0829962409457788 0.0279292777618195 0.140683479848983 -0.322766663747507
-0.0696265612048886 -0.0194690939156429 0.258457630140505 -0.118440968152424
-0.018378950194174 -0.0243756378768093 -0.0215670450758782 0.0991558310686675
0.117599664509512 0.228187134513627 -0.105008017338491 0.0923916300744054
0.277648386817333 0.0353519406289334 -0.690719569735784 0.080845487764873
0.123752599771072 -0.215538085400225 -0.478805524317342 0.626225898014147
-0.173826981458792 -0.154704508878684 0.110787714268466 0.57488319133871
-0.163767235479097 0.0417438542572536 0.286882868773324 0.159508903750071
-0.0799847600756014 0.0874043470956702 0.159426272942848 -0.00780277486790464
-0.0210188943090464 0.0766498126629572 0.0698252795074462 0.00537505223522931
0.00740118203958721 0.050663392136041 0.0503573175741367 -0.0168104599229729
0.0307909956395162 0.0196631342729416 -0.00592981037192439 -0.0390528223251629
0.0467812642639151 0.0294585856138601 -0.0924545775935381 -0.0500946359824821
0.02742283300174 0.0933535305237458 -0.188200839479773 -0.123632261312333
-0.0710499454866921 0.13005822183122 -0.117350763056893 -0.310961461344261
-0.118543967446094 4.88098162541722E-05 0.10745888839427 -0.345736756175765
-0.0372216701230312 -0.0397974344812147 0.277827986631398 -0.166688184970698
0.0297691376835089 0.0428371613562938 0.0092103763402173 0.0990752981463606
0.147826043663963 0.257107385000514 -0.115364154388356 0.046227929238351
0.299523239267717 -0.00325405791499201 -0.630342857053101 0.11011316510479
0.0998836109713832 -0.244245530660181 -0.382319843638162 0.551285096493925
-0.190411250682008 -0.135283029966057 0.0833791479020879 0.461811106091343
-0.152033260532352 0.0449283039418636 0.193708029732891 0.145557635013898
-0.0779611276460109 0.0653122715111695 0.104881012004771 0.0367958582708321
-0.033668052973526 0.064074260753311 0.0578209310313892 0.0440928119931335
0.000767794663927598 0.0527622475639026 0.0426576909824933 0.00245866945831485
0.0276735081209688 0.0332911101628468 -0.00547474184921587 -0.0337290151105519
0.0352483795498147 0.0529207258373797 -0.0678145187157072 -0.0456377239357818
-0.00779179511246341 0.124031899592615 -0.161623657165398 -0.0967611929861015
-0.145219114997692 0.110636459531704 -0.140615133799482 -0.283775232986423
-0.11285888502934 -0.0917199876177617 0.0672410973899269 -0.378492885671889
0.0609253791446534 -0.0552285899768554 0.308213114334514 -0.23561269148926
0.0916391490816877 0.134891619636281 0.0476401992575051 0.0746948933139314
0.149213952987534 0.228190168605362 -0.104941902757427 0.0102285304412175
0.227612825714003 -0.050287352317048 -0.520865735935505 0.126370685665785
0.018054863165957 -0.200459474596502 -0.301794684384559 0.443751388476425
-0.166935896094275 -0.0504672476450844 0.0366689982710267 0.369573161627231
-0.0871680353812136 0.0475818746176125 0.128143586325253 0.147208624342953
-0.044542767533387 0.025253980826323 0.0751205383471666 0.0694480636052384
-0.0304547764899345 0.033519209939527 0.0467657216274954 0.0661054465473226
-0.00653169583847664 0.0454773487388821 0.0286847193148264 0.0222093883782157
0.0104833507625283 0.0517109249725054 -0.00357787989548227 -0.016614322356085
-0.00990099530970142 0.083777900658181 -0.0460860801686426 -0.0182755943102142
-0.0871694385278431 0.126415010136662 -0.155406284255241 -0.0477719667138388
-0.219136918558393 0.00998584720742967 -0.194608480691168 -0.265486435342219
-0.0310452818083482 -0.213901815109923 0.0295663711214146 -0.448063805828969
0.203809509291394 -0.0344567241233432 0.364799347690942 -0.31925665183602
0.144763500130041 0.236995093805249 0.0846254764252183 0.0249561257070274
0.129599998200101 0.177106373050584 -0.0711685367978182 -0.0150609084340935
0.12378993135872 -0.0589977107587905 -0.397868972256121 0.113350327905132
-0.0415008096121513 -0.107939851524646 -0.262066685184082 0.350449593356689
-0.0972418591254666 0.0264595734464647 -0.0020604626772258 0.333704985490477
-0.00614182603149267 0.0288097812080843 0.116589863966116 0.160701504110392
-0.0049963825832512 -0.0199131064471098 0.0799788439198785 0.0805703503009427
-0.0199002058445609 -0.000602149234912048 0.0386981867102219 0.0701640997120551
-0.0148699647597437 0.0310534856173011 0.0123528366895702 0.0390086180291447
-0.0167283878083613 0.0617382815129493 -0.0059004738569609 0.0122567598651167
-0.0692371743624246 0.089076769931327 -0.0524761817607106 0.0316463191506193
-0.160053567349262 0.0708214772872242 -0.200405772627343 0.00116453466697262
-0.215439876067717 -0.139485964033995 -0.273211713355073 -0.298999522514362
0.123091721282862 -0.277534004496754 0.0357626607953151 -0.562965630827509
0.322233765775385 0.0495638192652422 0.463242869596893 -0.382062761061674
0.159413837255821 0.312498210137803 0.116520864748893 -0.0404642637929519
0.101579329693796 0.128955164553405 -0.0257314415464244 -0.0386471392268903
0.0541179185026579 -0.0314948413083853 -0.300217366410217 0.0818952008997462
-0.0405050293105715 -0.0277675387616892 -0.249298877891609 0.298265194870805
-0.0198098510148484 0.0453174212453158 -0.00567449074171596 0.339320545530425
0.0473748761992746 -0.00592781252921483 0.148175723842629 0.167536360565513
0.0185723640131061 -0.0504470473001493 0.102489097968987 0.0672028515166456
-0.0118006746010206 -0.0255187687076349 0.0300431150722359 0.0582468945729879
-0.0218055761543923 0.0121941601308036 -0.00382834457916557 0.0472156989232713
-0.0406665346914532 0.0483983140657101 -0.0200864189968856 0.0449289408746481
-0.103271164625689 0.0534327293342316 -0.0961825693094146 0.0788719723347792
-0.163855095625729 -0.0225513064957086 -0.286380594662485 0.00708539216744508
-0.104108096040104 -0.236223087951754 -0.320057527586726 -0.40119865371499
0.260528456921149 -0.209969763783309 0.129519528185879 -0.678788728866391
0.329747779913203 0.164475654805762 0.589850894773054 -0.383816139189482
0.122426535132556 0.319104112371188 0.144920755168601 -0.105037779078608
0.0806927987727551 0.0942280153919724 0.0130761842634681 -0.0686729701803723
0.041906126159202 0.00252126980640524 -0.243134754042137 0.0543393310817224
0.00323727648387181 -0.000403907093730119 -0.234084508946814 0.284709325716212
0.0264794214535774 0.0101806744713592 0.021780714480573 0.351986059566612
0.0548382537280682 -0.0345067023205792 0.190912660555145 0.160298196708261
0.0191212978724937 -0.0536363288190134 0.123520269965983 0.0423564092166674
-0.00997043125253501 -0.0329595360204983 0.0223579108255294 0.0395962065990743
-0.0249888985320022 -0.00893015412304635 -0.0174697134594816 0.0475352017839269
-0.0451428012279573 0.0129392617482133 -0.042829179013434 0.0648911680322587
-0.0831867687768717 -0.0070530909327759 -0.155917060023313 0.0938250376267864
-0.0866101964641416 -0.0875472544883055 -0.358390130082764 -0.0417172477508314
0.0397215771380132 -0.204418563263884 -0.292300336883943 -0.517830463722626
0.273063258748911 -0.0563465107720903 0.280967314913416 -0.730289000299632
0.209078197502411 0.217184635666338 0.70251054398415 -0.319482226037224
0.0558073640166238 0.229527954854884 0.167737178649439 -0.151657424658092
0.00144367943044434 -0.0231002016360929 -0.0613920860754388 0.122092129667136
-0.0150881911075223 -0.0592476993166056 -0.680524332818745 0.123670968866733
-0.0801910997047671 -0.0529130532170106 -0.462798383617934 0.721979455674795
-0.101202405623227 0.0487720712989061 0.232630845848489 0.651541876184928
-0.0175636671149921 0.0781041142547826 0.42066144243891 0.103981578881039
0.0239885525868318 0.0553933198462472 0.20899650553836 -0.112110005509395
0.0381446910623923 0.022665017756536 0.060017056133379 -0.0750974880020418
0.0188749045277529 0.0163130734776266 0.0347906842772621 -0.0520081622233216
0.0132735945354656 0.0158825834006644 -0.0146327886950503 -0.0516304870224354
0.00541938838866271 0.0412182804084896 -0.112544947170763 -0.054029759414911
-0.0201190543033537 0.0461051405878531 -0.197324524526072 -0.139484183632327
-0.0236386021561119 0.0337740646252182 -0.0842796460460862 -0.32449544661789
-0.0319268632772233 0.0176688054206686 0.165972308878803 -0.300403134400677
-0.0585928645504474 0.00038643547228703 0.254350671852197 -0.0978786923983425
-0.0549474163996513 -0.0622089356870887 -0.0211261502376189 0.0897070477321552
0.0723053240623433 0.121447648337518 -0.0721207306522741 0.125940660513332
0.158708461454893 0.0012996276602486 -0.687764608785171 0.0937120423154564
0.0420599027000033 -0.148655323636252 -0.492404584854745 0.675634667918714
-0.149374128798821 -0.0739916320401733 0.165328100735802 0.633652539937179
-0.110172119830288 0.0641571914011736 0.368358498229302 0.1404990321069
-0.036040598415017 0.0874190381136214 0.197920944433298 -0.0664478614931938
0.010092085889704 0.0618795152863372 0.0699984029330603 -0.0431909215983661
0.0168671129217917 0.0369838452868943 0.0430999253946954 -0.0401017265599382
0.0235890301498719 0.0141110641558278 -0.0121227849059845 -0.0454974652899498
0.0316518744094219 0.0257205034069976 -0.109890468393269 -0.0480041905199264
0.0170926874256452 0.0630371937319979 -0.204723238606225 -0.128176312308148
-0.0293024718847738 0.094617671253587 -0.109928516465112 -0.320488127763127
-0.0819650743308831 0.0319263334856903 0.13432960711639 -0.321843771284008
-0.0696968415241623 -0.0164869665513918 0.257427344339598 -0.121407030087366
-0.0189526292560162 -0.0237018123575253 -0.00836097475012392 0.106196408380264
0.131912258581268 0.21900787455057 -0.0900879216588362 0.0906743465708486
0.278138808182247 0.0175193351393399 -0.67404146016218 0.0974793741889473
0.109798698561718 -0.223351634227233 -0.441616664847317 0.628196515782057
-0.182432728360049 -0.142451181762835 0.130664946863534 0.553033721904181
-0.159666906957125 0.0530641332767511 0.281630215032989 0.140887806773476
-0.0738148130454383 0.0925765522965229 0.151773003253196 -0.0151388629083531
-0.0151110262439469 0.0781629711495693 0.0676865114034467 0.000851498758121635
0.0121623252937586 0.0499665132747 0.0450214961248048 -0.0226915952867955
0.0319426563735724 0.0173117901620211 -0.0127378910230247 -0.0427853288744619
0.04757153376757 0.0271557490700226 -0.0956385844643477 -0.0511505589985972
0.0312755459872435 0.0912541005155913 -0.188591527543476 -0.118234478267753
-0.0635572634502342 0.134317152022061 -0.124327855799707 -0.304752497222992
-0.11965542372904 0.00492757884375983 0.100709463611396 -0.343059235107947
-0.0368412915338716 -0.0393744121228167 0.273270664603473 -0.169470061850584
0.0360664276703511 0.0392020455879817 0.0203887025675347 0.104635312254611
0.16477404894773 0.244935089618508 -0.103639887272841 0.0455766381375803
0.299129843861587 -0.0232288043209181 -0.61470755797268 0.123812063668263
0.0832789379822691 -0.251916191331065 -0.352341249962202 0.549330207337537
-0.200104328553997 -0.121248329613225 0.096536252836858 0.443936161891254
-0.149123324913076 0.0568018276924037 0.188675118078439 0.134146250656722
-0.0733779717950191 0.0724278765233363 0.101749093079104 0.0336332082598204
-0.0270859359669287 0.0679160556655978 0.058859270232892 0.0397949305800352
0.00666036505423319 0.0532802169926114 0.0399619133958037 -0.00277474853016151
0.0311348520149418 0.0317294518616952 -0.0108243218474987 -0.0371637158477569
0.03815844114518 0.0523093141406962 -0.0703005452202982 -0.048560117076276
-0.00167267615977245 0.125683521358389 -0.160530985734481 -0.0935753137205859
-0.139620590413373 0.12097239877249 -0.144985379502237 -0.277045877841866
-0.121529819437404 -0.0869684181577482 0.0592327255392911 -0.372377792156857
0.0599813343564388 -0.0619976499042776 0.299119906249652 -0.23940555496194
0.103756805988434 0.127739407030919 0.0546433076229797 0.078387278160952
0.165458761296109 0.216342217368397 -0.0970389233837683 0.00890854852419313
0.226392768631101 -0.0661885434313377 -0.505445695247985 0.134865030971231
0.00466396472722701 -0.205206059331598 -0.280484993615768 0.441722298998144
-0.172309452817167 -0.038687545531137 0.0441222259874915 0.356695294923188
-0.0849566723243224 0.056321234535263 0.124991141297982 0.14153916136374
-0.0434026619818083 0.0308266827687254 0.0756075660061889 0.0683581784206814
-0.0255387775179181 0.0382354306742597 0.0502105253779164 0.0636159975946931
-5.32662612072123E-05 0.0469105202100302 0.0288536862525171 0.0186025660472743
0.0160599461986948 0.0512565815278176 -0.00683861621385857 -0.0199191803958488
-0.0043446972816563 0.0864869134152648 -0.0466877989587922 -0.0228246112399957
-0.079516694104356 0.133339883232718 -0.150840478100341 -0.0453226516341837
-0.219865278245157 0.0265441477729151 -0.197179215483244 -0.253838866891267
-0.0479326868832252 -0.213747387048587 0.0163618939598034 -0.437016637753027
0.203367162176774 -0.0492769420153801 0.348372337538447 -0.324009399012693
0.16202425316312 0.225159089330015 0.0859847452385666 0.0276331999134389
0.142966354197026 0.166809906575756 -0.06749770795736 -0.0177181470348211
0.123490456417308 -0.0702496206683806 -0.386772685316609 0.116690255238345
-0.048977821757955 -0.109506884524755 -0.249838361373026 0.34668624473905
-0.0993746969093518 0.0337786294083499 0.00316527033041568 0.326773902807932
-0.00679784275291538 0.0324978065011748 0.11516930468495 0.15643175240469
-0.00711134303850899 -0.0166012613773922 0.0816031268152757 0.0795992005094435
-0.0172490408794182 0.0034750562882152 0.0431207225230577 0.068122335991719
-0.00925972235682864 0.0337640821705738 0.0157091451627526 0.0365696956383149
-0.00978867956674941 0.0635278688744243 -0.00589648438565375 0.00952887247451868
-0.0622977471507872 0.0969062750355229 -0.0481480870473727 0.0274905096275213
-0.155630891740458 0.0830653217160966 -0.192167975987965 0.00689988625259367
-0.225608502236708 -0.121073881628828 -0.275929953734102 -0.280002087769491
0.100880288415482 -0.285345701176701 0.0149350489520802 -0.549222860329077
0.324200289821042 0.0280665769698019 0.439597968452361 -0.393291282923231
0.178740795939823 0.299462025081626 0.112065483130503 -0.0383524718478678
0.111983032635633 0.121259990794782 -0.0280186119789181 -0.0434551705152401
0.055071353538528 -0.0381406929817475 -0.294793004629491 0.08165324212302
-0.0429424787117993 -0.0288324038391815 -0.23974961328397 0.298035027467565
-0.0205644214693122 0.0477781499494919 0.000225488645688728 0.333744506346556
0.044253000873027 -0.00640476065172526 0.14771072015443 0.162858294347562
0.0149323917177676 -0.048514302434239 0.104025833228717 0.0666791759539066
-0.0111277036233106 -0.0209842319922464 0.035290918640403 0.0588048816201622
-0.0185293086161373 0.0154596342312852 0.00138183236803464 0.0475257727732831
-0.0344537947405696 0.0527261912125464 -0.0162030715798184 0.0431463439934773
-0.098487201020565 0.0633761297798554 -0.0873803449686284 0.0781922079131603
-0.165358982720651 -0.0087213001993625 -0.274933259187905 0.019178255265804
-0.121671859380459 -0.223757047885844 -0.327620373900937 -0.375917937823898
0.241243964544701 -0.226240706318242 0.10074507797264 -0.667083530734586
0.337097140519407 0.140705675370239 0.565041294327297 -0.400037654232871
0.141018842517498 0.30715664575756 0.133830543059157 -0.103600667496393
0.0860837525133531 0.08752144188852 0.00557081986623273 -0.0756759984867331
0.0431969059630479 -0.00251795351034012 -0.241869223831343 0.0529011073721831
0.00168219356484121 -0.00271112455306918 -0.227732518939785 0.285782647426433
0.0242992595968392 0.00996472387825989 0.0275327236050245 0.347434683800165
0.0506679216267106 -0.036190838610136 0.189743974844547 0.154468950936213
0.015303930414121 -0.0527179651221892 0.123894131262113 0.0419887020121692
-0.0109481357906311 -0.0290829959645168 0.0267869496572606 0.0424797019662986
-0.0239876565864081 -0.00485969613428239 -0.0112904524969548 0.0493992697205752
-0.0422705620286275 0.0176420783554248 -0.0365123726712487 0.0650431273173413
-0.0828915541368113 0.00129592754721914 -0.144297212561088 0.0982862025340296
-0.092557024266372 -0.0786394379319595 -0.348286124566902 -0.0222538588011466
0.0232827016474823 -0.202019565619543 -0.307644472095125 -0.489919448177614
0.263449730467727 -0.072993520960418 0.242613831516728 -0.724916517470889
0.220192389154691 0.201810159606077 0.676380513781539 -0.339185847425763
0.0680764584968941 0.222043801473456 0.15278808898839 -0.150292459782028
-0.000231302914723693 -0.0233000182796587 -0.0496088362412234 0.116388871531742
-0.0188214343305111 -0.0568406512992856 -0.669558741323232 0.133337420869497
-0.0809573655689357 -0.0491347906868577 -0.433453871006318 0.723839929437586
-0.0960461299825461 0.0527677742968435 0.248916076169202 0.631080311756621
-0.0130163562947097 0.0771864289581776 0.412648047475098 0.0863325734182721
0.0259980481094087 0.0523767307057412 0.196569394995871 -0.118669411742595
0.0379199830913808 0.0192670177706251 0.0531848989888543 -0.0763619744120932
0.0183362203146806 0.0141654048042408 0.0288592139320749 -0.0547151970028017
0.0122273683746227 0.014163049335592 -0.0211449514177604 -0.0549017200846975
0.00705962218830174 0.0388902573099526 -0.115934736823556 -0.0545831136269986
-0.0169035794788143 0.0459675769607346 -0.197809487235121 -0.135988554899028
-0.0209621967268043 0.0344556716251547 -0.0871977025199462 -0.321007020376576
-0.0317924215948587 0.0205053527976787 0.165230886736309 -0.300501570543072
-0.0596866267986473 0.00434935255638606 0.256263752258128 -0.099158513643158
-0.0598478076462464 -0.0597555981236097 -0.0100638621189727 0.0965070856825937
0.0780148278451232 0.116785569729675 -0.0591509675605921 0.121252431343055
0.157789814554026 -0.00578272147300562 -0.674146243022755 0.103068676045351
0.0353670252248755 -0.150960504738185 -0.464478348936771 0.678701658988791
-0.151502436434434 -0.0661805555901687 0.182236969823321 0.615943883075774
-0.106051242132332 0.0696624971954636 0.361846256271779 0.124741870115508
-0.0317947628731598 0.0885541088601217 0.188169586539432 -0.07209199329157
0.0137150377905831 0.0605955997784271 0.0656656501582363 -0.0467326394325536
0.0182953580407797 0.0360082657492692 0.0370805066962311 -0.0440222071042623
0.023369115430451 0.0117220450929493 -0.0189594208542589 -0.0486084491777444
0.0321303054290467 0.0236358935680489 -0.113176156495736 -0.0492352248121095
0.019838743992936 0.0616128402736116 -0.204676096188303 -0.124874099893195
-0.0244098575060409 0.0963715925774067 -0.113445770707564 -0.316889215509036
-0.0816251448149915 0.0354660333820676 0.132705027678788 -0.321450369191248
-0.0691874702899291 -0.0140786725270729 0.258737949614425 -0.123172227610751
-0.0193390938399469 -0.0234025980218116 0.00335235766591534 0.112086189848888
0.142575755460977 0.211205233979414 -0.0776012356580686 0.0864467798206568
0.278114593148814 0.00352804409620678 -0.661357381746671 0.106138697792078
0.0980069060109937 -0.229828499739793 -0.418883717622399 0.629956769208908
-0.189548679695332 -0.131856746560247 0.143384108442881 0.536052712530611
-0.156390770449349 0.0624292262523638 0.275032550613698 0.129336726877103
-0.0685550491288297 0.0968710099981169 0.145392218208347 -0.0186090392967239
-0.00942145436766408 0.0788222825528867 0.0657439410487829 -0.0026476097883022
0.0159209206531475 0.0486804233357649 0.039942425618654 -0.026525207882759
0.0327698570605982 0.0151281231640335 -0.0188390250337164 -0.0457783111363753
0.0488565131087521 0.0249079640851254 -0.0996110192236938 -0.0537463008619028
0.0349803451302021 0.0902868384081717 -0.188545513224503 -0.115500278667502
-0.0579603502391879 0.138435693817985 -0.127482574748131 -0.301181679882704
-0.121538176320155 0.00825287125667637 0.0987182037387469 -0.341544349916707
-0.0362278788083202 -0.040489976349041 0.272452863055002 -0.170591666190557
0.040649406925536 0.0361884021688237 0.0311414082373421 0.109171392614737
0.177708753792263 0.23586126837921 -0.0928662757755645 0.0420406796259084
0.298490380355726 -0.039326437443697 -0.600671606565743 0.13048936468946
0.0693513719637957 -0.258411256830896 -0.333016635266583 0.546322681172388
-0.206991125382457 -0.110049353740661 0.104037984024512 0.429513966427046
-0.145685254876824 0.0668934677170656 0.183186544878778 0.127292363447053
-0.0692516440165319 0.0777237338889663 0.0984994690241788 0.0327183424890212
-0.0216065830425275 0.0703089600783941 0.0595321789731166 0.0366118028242243
0.0112474131569216 0.0530992074657865 0.0371701719723591 -0.00595554428710036
0.0342804460976889 0.0297420880909774 -0.0164976081679917 -0.0396576721012657
0.0405959770897417 0.0521271794852826 -0.0738247304188197 -0.0519452180212849
0.00389875428095754 0.12694989292223 -0.159170853892244 -0.09349163097875
-0.135510182898139 0.130227267344137 -0.147320114703311 -0.272846332925116
-0.128378705745509 -0.0832726908551751 0.0561559918166675 -0.36907786977225
0.0601865124353998 -0.0682456838425711 0.293272580439488 -0.241637007280855
0.114194682124319 0.120880396095389 0.0619246873232138 0.0824219282991176
0.178059264330154 0.207245893292969 -0.0903551761717853 0.00581566000041177
0.225234770437436 -0.0803749773425347 -0.496326970792873 0.139402931455785
-0.00667201468455773 -0.209547516948011 -0.26800210321494 0.435662233511155
-0.17696056872396 -0.0281730019866248 0.0467101559776057 0.347249496540728
-0.083134052854553 0.0638940235688911 0.121484950269308 0.138443684195825
-0.0427162740292842 0.035720703793718 0.0757696343497123 0.0693789365004508
-0.0212965129949464 0.0416410981681718 0.0529144829633085 0.0611205510900259
0.0048977356344789 0.0483545715155046 0.0284484756404313 0.0156613602939488
0.0208230651984298 0.051055213162172 -0.0099583553178693 -0.0225113194841276
0.000699171488204233 0.0890691278042195 -0.0479235318236675 -0.0275962359149393
-0.0732987059722579 0.139924452012192 -0.147279236681394 -0.0455252221460794
-0.220388400457393 0.0410311028867419 -0.197067733757735 -0.24650025612394
-0.0630101417311802 -0.212984614952175 0.0112681402833336 -0.428901628040645
0.202894848026465 -0.0624529515236103 0.337941168522134 -0.326769289043338
0.175919993753796 0.215186951673011 0.0883146634558366 0.0309297428069466
0.153928220423106 0.158850105966114 -0.0651244282923828 -0.021719488978984
0.123123766762729 -0.0794972025299566 -0.380957329120426 0.11647441240071
-0.0561485994598258 -0.11127907013318 -0.243843942653473 0.344287992056499
-0.100533439955025 0.04077807101226 0.00385504789017226 0.321086057228655
-0.00698181535165733 0.0356101801695136 0.112571936368569 0.155674352101801
-0.00878792945245328 -0.0135171379580915 0.0836300686151055 0.080912735585396
-0.014557263820447 0.00670091735016874 0.0473911279544435 0.0672411420774053
-0.00454373165185389 0.0355626118493443 0.01795482937362 0.0350386722929018
-0.00412743149125302 0.0648745346573763 -0.00665579479095676 0.00706345601910896
-0.0560451718431944 0.103397156592942 -0.0452289847532657 0.0228117597459855
-0.151237737555408 0.0942903064392998 -0.183721707972217 0.0092464982607547
-0.233982710865377 -0.104912241389069 -0.276382433068184 -0.268230820450063
0.0818825693438731 -0.291408638344784 0.00286383139280971 -0.537008055131342
0.326362146728143 0.0100052994581404 0.4244113540673 -0.396617523480835
0.194993151957066 0.288317011601278 0.108899178452904 -0.0350670127239494
0.119982357102418 0.114283464378848 -0.0298836169252159 -0.0487505399681882
0.0557270624940114 -0.0434666820003239 -0.293110746408136 0.0789889343772496
-0.0456227914264041 -0.0305523620557512 -0.237539312884248 0.296458008106482
-0.0213771745327569 0.050326907509582 0.00158899953500166 0.331406532620579
0.0412936293337049 -0.00572475350401247 0.146295835777475 0.161839044180233
0.0118602939665621 -0.0471701053932832 0.106112029864531 0.0673613696341366
-0.00958682954258169 -0.0182955115126075 0.0399439065955545 0.0595868933612437
-0.0149036459841024 0.0183661624226231 0.00573086051824086 0.0471670527668899
-0.029577333143184 0.0560096742755121 -0.0139743751756877 0.0407398748348257
-0.0938710541379242 0.0718489259433934 -0.0796467779227308 0.0760954111219433
-0.165583441398426 0.00282290110248985 -0.265344401743598 0.0276586155947724
-0.135008561298575 -0.214232740722293 -0.332017231750079 -0.356875336169861
0.224433644229469 -0.237615364181607 0.0800134000371402 -0.656454181108035
0.342430330361274 0.122471780431772 0.546247431319591 -0.407881334326509
0.155555209116258 0.297999404652282 0.126147591271451 -0.10014539008384
0.0903633727491493 0.0820395877550043 -0.000956140329072287 -0.0809573737700077
0.0438727309255696 -0.00661257573103438 -0.244138209756927 0.0501684218246616
0.00103380221953245 -0.00460674188867972 -0.22670397920516 0.286474024069303
0.0222957271985178 0.0100501136518593 0.0298378068694562 0.345343444225636
0.0467795207778974 -0.0370862891771361 0.189676685240108 0.152050962543304
0.0128340764283856 -0.0520636412458239 0.125025245889655 0.0429583223519424
-0.00998527598698414 -0.0264783943233618 0.0310506414808179 0.044911457438596
-0.0227807067842904 -0.00140811599502582 -0.00570152336833195 0.0507038233560119
-0.0396966876598496 0.0212163152284742 -0.0325237453815582 0.0648802897282887
-0.0816999980768584 0.00855395087938378 -0.134816029616792 0.100807813936699
-0.0968925132978038 -0.0714122492687163 -0.339644806957348 -0.00869820662615044
0.0109548801666299 -0.19969741766181 -0.318449845008698 -0.469542236079318
0.254872908239587 -0.0853485655138976 0.217216700565534 -0.717614462002342
0.227862808886772 0.188889581936221 0.657392502234204 -0.352911964635533
0.0777291334432985 0.216264474377659 0.141612609715612 -0.147153126285913
-0.00140074446783497 -0.0231245697505949 -0.0385908983514731 0.110436187897094
-0.0212538543340736 -0.0543551040025719 -0.663307004102542 0.14332213648461
-0.0820912490051787 -0.0457581455196456 -0.412457807636994 0.730007209772244
-0.091618442105785 0.056019375138784 0.264372612359039 0.614021534544794
-0.00906050214015636 0.07616898081417 0.405830798727719 0.0719132435198805
0.0274999340777269 0.0490404094600772 0.187112784345797 -0.123747074695913
0.0377809376498247 0.0147959300321229 0.0472636530144094 -0.0782565258219949
0.0173806649708731 0.0129496164197418 0.0227180503370818 -0.0565622423169026
0.0106377943454359 0.0131500780046831 -0.0283512810307682 -0.0578480978876975
0.0075024875949382 0.0374060298151787 -0.120085006488713 -0.0554755314845934
-0.0143286483384315 0.045418513913147 -0.198711634092686 -0.13395897492985
-0.0183790325434141 0.0353389832353199 -0.09121571921366 -0.319606937795342
-0.0319876384235127 0.0238779581829525 0.165960225906542 -0.303435804390701
-0.0609933691635818 0.00780003013661187 0.258994949931545 -0.101587514884973
-0.0645157539452486 -0.0572740179987407 0.00015677827721201 0.102539023930227
0.0831343612825199 0.112450467130283 -0.0469231463740448 0.115208809923991
0.156858868143928 -0.0128544405382022 -0.670088040069173 0.112726629647575
0.0282209283900176 -0.154046889560598 -0.443681088577721 0.685414035481533
-0.15463016579904 -0.0594146877291708 0.198906792323614 0.600604218705981
-0.102645153788761 0.0744752645789468 0.357529434577156 0.111235238070767
-0.0280597086180726 0.089442873636812 0.179822944971622 -0.0772568204060037
0.0164394442131517 0.0594886437015952 0.0615899877754278 -0.0481689825845225
0.0192665808295289 0.0344977079648674 0.0310315356156229 -0.0468076402896721
0.0225892381207868 0.0105998561366709 -0.0258953175357187 -0.0513679356898893
0.0324097731239483 0.021554126264907 -0.117725781842071 -0.0506963087528091
0.0226538968220468 0.0606364276264973 -0.206207806103615 -0.122274522054252
-0.0211456373778482 0.098452477095748 -0.117194266137132 -0.316042982277051
-0.0823548861401673 0.039111885647227 0.132954892541956 -0.324693303484331
-0.0701163373649187 -0.0121698692135391 0.262266878228887 -0.125110649871069
-0.0198163541748374 -0.0232883896537156 0.0149854829437687 0.11791154201309
0.152700359751021 0.205405186168264 -0.0662308614938999 0.082109271468667
0.279863721790001 -0.0104411928326395 -0.654482406228903 0.115254296403207
0.0868506563605037 -0.237948282472586 -0.399922623164361 0.633750744621597
-0.197212468585297 -0.122340391104492 0.155652334669389 0.523134843769861
-0.152276941405585 0.0718500240071813 0.270675485140097 0.119972720655882
-0.063944594560572 0.101553087454456 0.140643470805573 -0.021047847390519
-0.00483453019022907 0.0790821511603049 0.0644050508703362 -0.00526508959615488
0.0198383525754425 0.0477107094595402 0.0350180186016427 -0.0301093029556585
0.0334306210058174 0.0132477616227961 -0.0251792965129971 -0.0480231854625371
0.0495119509185371 0.0237151650027978 -0.104537444746766 -0.0555408709127676
0.0391915578550792 0.0900098991935592 -0.190261732530606 -0.113803820274361
-0.0531583704668799 0.143058875958071 -0.132603935797935 -0.300968162289377
-0.12442423484966 0.0128242692104644 0.0982874986284375 -0.343112770819388
-0.0372631445510396 -0.0414274327698148 0.273914643257929 -0.17435355674537
0.0459935826650419 0.0332088429171699 0.0416300057835059 0.113992163013624
0.191730074032313 0.227773456089705 -0.0843460422417688 0.038328366360318
0.299088496746577 -0.0544548061754374 -0.595532214451186 0.136234887624151
0.0563239175910522 -0.266212931455662 -0.317432696982375 0.54678750517099
-0.215025192993124 -0.0997840892350425 0.107994174724161 0.419269733055935
-0.143034047856248 0.0769787718487276 0.179257604190938 0.122019473933913
-0.0661194070900753 0.0834019072837053 0.0971308252762354 0.0341498587597077
-0.0168915658844218 0.0729741787003685 0.0592089474146103 0.0351139832796472
0.0171798563154565 0.0525457528055815 0.0331868976616495 -0.00776124058614681
0.0361284370187677 0.0270589793398625 -0.0211602871967549 -0.0415651204184922
0.0443817413778598 0.0526207347413922 -0.0780992892587396 -0.0558180180638377
0.00898646369733624 0.128644152587176 -0.159701048973072 -0.0946052222655932
-0.131897992033237 0.140072587112677 -0.14951573962324 -0.270930116329033
-0.135175075822376 -0.0796662284800292 0.0524794877961387 -0.371110531912389
0.0594096930028874 -0.0748473712587116 0.291005464831402 -0.244494960403716
0.126765972076019 0.114443524520712 0.0696060799679253 0.0865956498027907
0.192010074241971 0.198892708059703 -0.0851392479319302 0.000989854996762897
0.224751577092823 -0.0938178750561394 -0.488957407435179 0.140796197425246
-0.0197635584290409 -0.215305619615103 -0.258385993203968 0.433742291696717
-0.181627184691877 -0.0186085139473034 0.049413741955835 0.341257468050533
-0.0800662819370831 0.0711349734689945 0.119758350601881 0.138114905875403
-0.0412900399101117 0.0404083135446512 0.0762480007461756 0.0708323908137156
-0.0175627671357357 0.043540372755705 0.057162377899594 0.0602032451486967
0.00976615658418198 0.0479916304486863 0.0284864212054528 0.0120875293392326
0.0236599694353778 0.0512965491622578 -0.0136708748412822 -0.0245421471433633
0.00567939597407858 0.0928482694654622 -0.0516447209852455 -0.0332410750783219
-0.066842969536285 0.14519513591134 -0.144522392910354 -0.04812345152515
-0.221629565950966 0.0553335945874347 -0.198187785366517 -0.24181606019925
-0.0773787259905387 -0.212605697101344 0.00552102516496887 -0.426147672579691
0.202303483107149 -0.075253221889972 0.330497974248947 -0.331983221112877
0.190291854636197 0.206008589520349 0.0922084274033816 0.0349941079316956
0.164971342798817 0.151993320948511 -0.0643038076070397 -0.0265499244984778
0.122836416598958 -0.0888940630123249 -0.378204420180322 0.117912064468283
-0.0630512042408172 -0.113661953968956 -0.23786458241996 0.343851067138951
-0.102057662479187 0.0478993138024434 0.00488229476920714 0.319147961928592
-0.00649806431149244 0.0398113047247262 0.111815366350893 0.156295339578176
-0.0103005592921605 -0.0101324679297718 0.0868540397074904 0.0818767904226192
-0.0121871026811795 0.00952885078726121 0.0519686621232697 0.0671626676348864
0.00023137721759185 0.0367634604077229 0.0203622758914662 0.0335743742906529
0.00133359997863933 0.0656096169556585 -0.00646885463811389 0.00519003453358873
-0.0495264816736977 0.109439818105747 -0.0445084595331264 0.0183201295434585
-0.147460966004263 0.104565469413201 -0.177861477207582 0.0111320062819369
-0.24176457545717 -0.0899339342674288 -0.278228467755861 -0.255664159705201
0.0639269749679033 -0.296998420712753 -0.00839234835794954 -0.53181148719905
0.328860354982757 -0.00837611370917914 0.411604783280143 -0.404792113981356
0.212464840202565 0.279715150415043 0.107661457575906 -0.0319299049579877
0.127835911966515 0.109178556430674 -0.0333974210953398 -0.0537970180794613
0.0554485676371174 -0.0487927579792774 -0.295205399272177 0.0784908067918559
-0.0498128194623421 -0.0324153367134514 -0.235907110325877 0.297256388574931
-0.0213865388939248 0.0546252445973511 0.00235994085215447 0.331296816750325
0.0391737329898029 -0.00617877319172097 0.147060192651881 0.162181433213518
0.0083072108528163 -0.0454889033113199 0.110731556043251 0.0671967420088603
-0.00894711983008117 -0.0163168107000615 0.0451353674431934 0.0609328178264326
-0.0112160643435733 0.0212713353304707 0.00992732025041536 0.0470940493802985
-0.0243105942523927 0.0590159546100251 -0.012041196674741 0.0399381324865458
-0.0895808750727617 0.0794088137196082 -0.0744219483038311 0.0739110502943339
-0.165871781439738 0.013790963044769 -0.25867112409112 0.0348817893694351
-0.147568079312184 -0.203856136346069 -0.337153731417031 -0.341836099816565
0.210012602283561 -0.250244953295397 0.0629732958783753 -0.648903247665959
0.348913206418266 0.104653882081945 0.53117372816868 -0.418856571964717
0.171272998344852 0.289946836980381 0.120559107295498 -0.0966186430624133
0.0947261542831938 0.0774697596856107 -0.00829717184689934 -0.0863805591140387
0.0448706389043639 -0.0107644123507713 -0.24981612830753 0.0492831830025111
-0.000731595900718863 -0.00706006054087766 -0.22544812664398 0.290291483777405
0.020057716971509 0.0107902475424379 0.0327405668741941 0.346553582156971
0.0436526911377584 -0.0379365146952499 0.190536304281596 0.151546027704566
0.0103979557599952 -0.0520653587732001 0.128663801026153 0.0436990156111801
-0.00936763211331808 -0.0243810142698704 0.0370110970223493 0.0479501970829888
-0.0207486526334563 0.00153076775344467 6.02297610035042E-05 0.0513972495655814
-0.0368544150732208 0.0253880696877605 -0.0279431246256699 0.0644223055171358
-0.0817120483560022 0.0145834706510008 -0.126951578760516 0.103559377952675
-0.101531926788049 -0.0645460326255316 -0.332730955403 0.00204545734878564
-0.00107188917764164 -0.197740603376852 -0.328691773517186 -0.452790300057591
0.247908038057046 -0.0985819822449897 0.195105716127498 -0.714871993093096
0.236779799039427 0.177965921594695 0.643517419735902 -0.368720732706012
0.086535309201245 0.211957731408452 0.133360850336365 -0.143076700666736
0.00151924768835729 -0.0240510841934371 -0.049074619760437 0.09584491746744
-0.00922761067423516 -0.0633091455760948 -0.672913755194734 0.0168192335926798
-0.0760848033767173 -0.0688103517711299 -0.529896849407795 0.629771033103976
-0.103732933697788 0.0343694902520735 0.14795255266737 0.640629693689769
-0.0259768543945706 0.073005473425258 0.379619268443289 0.138911907196829
0.0169301392243666 0.052585943528807 0.199652122588337 -0.0879482973486694
0.0322500397009422 0.0190554560953721 0.0578613116533854 -0.0676124311340193
0.0136727317243622 0.015367164539409 0.0292042352671687 -0.0532728293023851
0.0058302755355527 0.0140142000916366 -0.0222265093361862 -0.0649253803176516
0.000928899485694154 0.0361089611126893 -0.109503924886313 -0.0802425826478408
-0.0221319355304735 0.0413304974505407 -0.167338058953139 -0.169620709559914
-0.0255474899648484 0.031010755709369 -0.0229024519169164 -0.33291244813316
-0.0375502730448 0.0165509372095431 0.230561804908686 -0.267118023397462
-0.0631309805500567 -0.00621627258096754 0.284796944490096 -0.0471752393230078
-0.0555986418660327 -0.0680642662499976 -0.0138531766884698 0.110725687175629
0.0618419573945039 0.12224167294592 -0.0574067629182199 0.10161172095095
0.158469276984987 0.00301446968677051 -0.6765315068978 -0.00785689507343359
0.0486728204178525 -0.15834288202062 -0.550346811288142 0.58404219211588
-0.145258445221742 -0.0859297613645134 0.0863647618877163 0.613324003130771
-0.115989912374556 0.0565135286858296 0.325961995416761 0.166931422241758
-0.0431685795893716 0.0831826098878873 0.185710051672202 -0.0451767517599663
0.00654225155714072 0.0595884368940081 0.0668792368949288 -0.0369376303043422
0.0140147307998878 0.0374127154633751 0.0357234927402126 -0.0417758783983138
0.0191834469388274 0.0143700337194161 -0.0206418719243769 -0.057888412082979
0.0273771341319431 0.0261917494102575 -0.1075856491719 -0.0756975536084993
0.0108248697891523 0.0639225270035082 -0.175359549614313 -0.160082521398979
-0.0409679836089164 0.0929437663598757 -0.0491682463746986 -0.333272039400678
-0.0910929779128009 0.0196370033912689 0.198978043920503 -0.294237773495964
-0.06628371699909 -0.0285193372174473 0.292683933618886 -0.0718283208558279
-0.01443253266523 -0.0269827066004286 -0.00162216920697566 0.129031801107357
0.116021357339108 0.223267947419457 -0.0707888958165813 0.0661179271736854
0.276781224811314 0.0243487924404269 -0.664478125503095 0.0022837285437944
0.117631393223781 -0.230099900821333 -0.495452790516642 0.542552130752844
-0.176161285180922 -0.152511693233735 0.0592325921295579 0.529367110258418
-0.163521976045643 0.0456185121610937 0.240971028419872 0.162878729217791
-0.0803738186020612 0.0906938280882336 0.137827483227121 0.00334394359656523
-0.0153904977844501 0.0774675693358974 0.0627948487171255 0.00711840980356382
0.0121536510532549 0.0511508250851739 0.037103573697854 -0.0246658649846118
0.0309846327879077 0.0180167400393632 -0.0207095712484995 -0.054096590654173
0.0441164672575937 0.0310750254322121 -0.0935638841305581 -0.0777613187037793
0.0224213177935085 0.0961537122816606 -0.161010185761649 -0.148866825195299
-0.0814524628223808 0.131012156001347 -0.0680402269470092 -0.319074495222651
-0.130331227562842 -0.0163095889331651 0.166031413565273 -0.320571058139596
-0.0260984724763749 -0.0529253748977706 0.31358161893089 -0.118770422511769
0.0423488499304386 0.0406819933413253 0.0258361776488756 0.131106400488507
0.151045152647581 0.250859998073303 -0.0817363982330909 0.0201107714548862
0.303828209383901 -0.016697172576576 -0.60722285947133 0.0347196837974956
0.0937754068963254 -0.262440720293707 -0.402438923371404 0.472387270828494
-0.198076671922354 -0.132142329015158 0.0297764181504854 0.417810953604007
-0.153985518506337 0.0541997392704923 0.149754380324171 0.150784534408092
-0.0789266522482084 0.0737972117578254 0.0869757877451597 0.0498178887921571
-0.0260304213090832 0.0690615366985396 0.0533988425153441 0.0459758401201775
0.00913278453590183 0.0567928185028654 0.033365379342455 -0.00403130467457355
0.0309536626202627 0.0337504671566082 -0.0165793824999134 -0.0472730516283722
0.0335562408503081 0.0605429966223417 -0.06746254958314 -0.0744280785920867
-0.0148016328707 0.130859863370221 -0.136454139381596 -0.121945854301859
-0.159461306494526 0.114256484621215 -0.0931133893918494 -0.29280626312834
-0.123667449364628 -0.110521562262089 0.127098062536582 -0.356737136942205
0.0752720637218229 -0.0694616201982173 0.343769544941415 -0.186066612012201
0.107221312692948 0.135712624657371 0.0579664130251834 0.109187955781948
0.157345066485159 0.224627087009 -0.0772288650174218 -0.0165313307720343
0.238500072859385 -0.0670314432108449 -0.503859655716391 0.0538847595739252
0.0120296267530216 -0.222836170293478 -0.325881772329914 0.367351543511971
-0.177644608194809 -0.0492596513438315 -0.0198424524674956 0.33364714440505
-0.0951006055128339 0.0583685263086138 0.0846274634101973 0.155841741890911
-0.0497618684802085 0.0351862656139066 0.0626816643302179 0.0865354810673432
-0.0204644074769985 0.0416065624274501 0.0443335106097707 0.0701076574039108
0.00456582651802729 0.0513087344732634 0.024383449131703 0.0167287777773305
0.0170410929190133 0.0527316130115774 -0.0121077534388028 -0.0272448261821965
-0.0101536518635657 0.0947513007329501 -0.0440342139964138 -0.0460773895581511
-0.0930766976826479 0.134824083472294 -0.131307741639098 -0.0728239412398986
-0.232170017666445 0.0156587393947676 -0.149414682185616 -0.273637360672275
-0.0405112828767956 -0.230962584021029 0.090634659793966 -0.42530687271075
0.217440414841192 -0.0439573326976715 0.397550672821273 -0.261023689530834
0.154287643549887 0.239114528975957 0.0893446032074045 0.0605887986078233
0.139660037733399 0.174334701528255 -0.0551102811441746 -0.0402971318676629
0.13776173388625 -0.0755102730490216 -0.392186702964317 0.0461278851273673
-0.0472650114529397 -0.130180522915514 -0.295528050876504 0.281378588492449
-0.110802346295997 0.0271677502493893 -0.0602012889782018 0.308618506818612
-0.0167876423643722 0.039796664445534 0.0778547645014191 0.175358227199346
-0.0108177408508762 -0.00985132550691174 0.0718320882901545 0.101191161477225
-0.0107050415272557 0.00804473714743886 0.0411710521267261 0.0777165524420365
-0.00371907367815628 0.0387981224171916 0.0151796822950191 0.0359843435996637
-0.00832793108772745 0.0656995924295174 -0.00938819417153617 0.00149319529525541
-0.0667983353148341 0.102143412259137 -0.0466076963526045 0.0060115439960588
-0.163584853750122 0.0806820503158755 -0.175126889410024 -0.0228125494108371
-0.223289271573201 -0.12796812553411 -0.2263974156834 -0.304814658917297
0.115316328191729 -0.287915388945121 0.0988326033520077 -0.533381015551095
0.326675980711418 0.045562278272657 0.491377993567362 -0.318093694947294
0.161447382011898 0.315431518743102 0.11544042624281 -0.00281316449861432
0.110162357095438 0.12725336315796 -0.021948381331499 -0.0619270538493151
0.0663265847352969 -0.0472607662284297 -0.304826113101246 0.0186646721331484
-0.0463302125043765 -0.0478416249019745 -0.288943505948639 0.240914959884554
-0.0354289350017185 0.0458199649370021 -0.0656702743782121 0.324941470339808
0.0355669817773801 0.00251950646945068 0.111930962241029 0.186949046392187
0.0146887278810116 -0.0411266829989179 0.0983537671824474 0.0928081743717233
-0.00393102390947001 -0.0163289444055938 0.0366252301715982 0.0704136387402392
-0.0119560925332501 0.0208941747302026 0.00425815763841814 0.0479410514889881
-0.0325035664983459 0.0558461356075233 -0.0187881855684073 0.0352967699334051
-0.101481080767218 0.0666677610801636 -0.0851155468478001 0.0553971103366198
-0.165774780163749 -0.0121355568889685 -0.255900508139667 -0.0150857076189681
-0.113035605427941 -0.220834932079995 -0.26903977206277 -0.401680432387778
0.250858015400548 -0.212096613390283 0.192156784307265 -0.635147982247432
0.325259291037225 0.160783634383965 0.613393856815951 -0.31020156609238
0.117195166175961 0.317916597208258 0.139623630484706 -0.0656821070034465
0.0817305299311361 0.092784018765053 0.00488932345919397 -0.0914132417275648
0.0485798310465446 -0.00839492714260462 -0.258691079184406 -0.00138805040950337
-0.00173190303487904 -0.0143756725390889 -0.27952220748411 0.239230820927437
0.0130333239290976 0.0113138287537234 -0.0368898373029198 0.347151605334826
0.0441474931034071 -0.0292790527354821 0.157354419682226 0.187516803906436
0.0168763419636588 -0.0478193996220712 0.122006413336709 0.0719132104893124
-0.00404824701059723 -0.0242127924117303 0.0315551100165374 0.0577508125352949
-0.0193993222608474 0.000302179770940217 -0.00566649124749791 0.050918160303253
-0.0402263649611631 0.0203757359921022 -0.0379131867033051 0.0572218184771541
-0.0824098151932544 0.00260259318677609 -0.139911781596936 0.0749244670340417
-0.0889296881808492 -0.0790490098675382 -0.323204859971698 -0.0588776817834787
0.0292650375995627 -0.188222838977184 -0.233710355185038 -0.509206276423458
0.258584584786437 -0.0541299107177128 0.334626991500231 -0.670055736777651
0.200958949106339 0.212484263936834 0.713729608817232 -0.23855821113128
0.0468033638452373 0.22519095271591 0.159693639397854 -0.11083424827064
0.000612728304686355 -0.024655517877378 -0.0381979523034036 0.0901061680865277
-0.0123949543555571 -0.0611259866796538 -0.665024796777625 0.0302885941191427
-0.0781372445403166 -0.0656866160603914 -0.504709706245861 0.634854858074707
-0.0996612253502684 0.0376454623972319 0.162830125685959 0.622406735697389
-0.0216746364110391 0.0720942918150193 0.373466098585427 0.124626417608307
0.0192580162553539 0.0501635407241266 0.190499273927562 -0.0929559816096593
0.0313608822489109 0.0152761462794864 0.0524373505124306 -0.0684989914168769
0.0130392302337329 0.0138415291873268 0.0238534572760659 -0.0553945406639742
0.00406042654044838 0.0137197613858226 -0.029217399901709 -0.0657672722135613
0.00197953026926545 0.0342855029181331 -0.113615557466712 -0.0789991354349451
-0.0187814424236485 0.0411010595469144 -0.168623575387991 -0.166418240615169
-0.0225902866737358 0.0318348477868047 -0.0272306374326046 -0.330832205658678
-0.0365420314187088 0.0199490282021162 0.228120549163231 -0.270059901922493
-0.0643592091322245 -0.00164227295900928 0.286468549273635 -0.0496304045487219
-0.0589313470731359 -0.0640937928083912 -0.00304378228458669 0.116963050337339
0.0680195954537141 0.118364560809735 -0.0457672906934885 0.0952578692546456
0.156816603749208 -0.00308925488177793 -0.66863977408787 0.00478941829639164
0.0409367472640657 -0.160385650625205 -0.525919996039241 0.591834570308231
-0.147968330695039 -0.0787648946869504 0.103183128640675 0.595951720223189
-0.111039919478869 0.0610960981654054 0.321585821100858 0.154230871246407
-0.0388325538294462 0.0846092482045723 0.178675572564365 -0.0497531767380602
0.00875076094199461 0.0571309672608664 0.0622625923637991 -0.0385677698422957
0.0153329216175234 0.0359757064176391 0.0305496317288391 -0.043825504589129
0.0191732687894876 0.0120922941121442 -0.0275859159344457 -0.0583034203150418
0.0280170611414722 0.0236504912370212 -0.11180764894696 -0.0746899644503775
0.0137055975483271 0.0626296397913934 -0.177210315982403 -0.156187353446894
-0.0352731397211531 0.0939665240387386 -0.0551566966956214 -0.330906755613034
-0.0911778365802864 0.0232322219521136 0.196846099806794 -0.296287029859737
-0.066442065582048 -0.0263707602667313 0.293321004298155 -0.0749813728736852
-0.0141369821370768 -0.026789683457806 0.00909170252956699 0.134437693753093
0.126292105868448 0.214472727982228 -0.0604185490187347 0.0610310789488294
0.276184278364448 0.0106885820002741 -0.655271057212088 0.0137303717891538
0.105181232617241 -0.236222106216004 -0.47276867301188 0.544622324238639
-0.183201909074536 -0.142372973472349 0.0715150888084294 0.5135034629768
-0.159045840774573 0.0548480386506281 0.237765127020175 0.151581775798097
-0.0751778375997879 0.0941419315944918 0.133429034037755 0.00161014982309644
-0.0113823473116035 0.0775053890182555 0.0613567577888048 0.0043922162378826
0.0160313678638142 0.0500276332838648 0.0333948074305521 -0.0271297304088863
0.0308991819303455 0.0162873904731142 -0.0259986869279762 -0.0548377232096872
0.0454726560824881 0.0284926938953978 -0.099089858615765 -0.0798026284984599
0.0254800437613757 0.0946702028553808 -0.163446633307491 -0.145473262571396
-0.0744352116898282 0.134266134412398 -0.0723554630590919 -0.316235857344378
-0.131415590910042 -0.0118453032683935 0.162846603006027 -0.321166943801204
-0.0266185677395226 -0.0541809675038063 0.311262847576204 -0.122156069866215
0.0471486475817028 0.0372282109512328 0.0359201975425173 0.134556108837654
0.164267337191755 0.242265432768092 -0.0731673744666673 0.0155148414013374
0.302574994634332 -0.0305076161205152 -0.597806745935579 0.0444907566599796
0.0779884990682502 -0.269076807176728 -0.383352458116289 0.471681507367273
-0.205381598513743 -0.120508789596102 0.0352827242100745 0.407749917409917
-0.149257983095114 0.0619775338757667 0.147377358389625 0.144300543996876
-0.0758105944271972 0.0794280710236373 0.087258216018152 0.0493682341150355
-0.0211706598004171 0.0707545201023171 0.0553308285541029 0.0434106081792046
0.0150059688262862 0.055295532872399 0.0326557960690658 -0.00613886620260396
0.0339773104326415 0.0314054725801835 -0.022191071219343 -0.0486170470280501
0.0351158507650452 0.0590500885025476 -0.0719126603779053 -0.0769993472958741
-0.00911476909337579 0.131445096344955 -0.135681001204034 -0.12270643416709
-0.152443903440437 0.12409167812204 -0.0953344410191669 -0.288743698709271
-0.132403816525985 -0.105403412457988 0.121231435265527 -0.355474387021945
0.0729398344300511 -0.0746400609115208 0.338699123310972 -0.188801611048583
0.115505094599983 0.127422789614228 0.0658502215236832 0.112535350799539
0.170049244905146 0.215483521217 -0.073004549171402 -0.0191175655204624
0.236047225462222 -0.0780805829761073 -0.496023617772352 0.0630201640954789
-0.00108606857311619 -0.226864652372286 -0.313034405166162 0.367246665845738
-0.180902125205469 -0.0388069231015804 -0.016668001955361 0.32549624555422
-0.0894655909444263 0.0659093744021343 0.0830664830055471 0.153571267338562
-0.046560597145454 0.0394531671633786 0.0665470804342472 0.087238798284043
-0.0172436536463366 0.0435755349682465 0.0489357503940051 0.0673082567176674
0.010400918379159 0.0526786390914048 0.0263495741794472 0.0155676326606916
0.0221116664466789 0.0534197825552604 -0.0135812417007439 -0.0304172114196806
-0.00495113558312526 0.0961602339743967 -0.0484104716859207 -0.0496084347039284
-0.0852246236488316 0.142153215665483 -0.127151630512432 -0.0729419583415829
-0.23010998777363 0.0314805253724754 -0.151285850772613 -0.266012974234126
-0.0535227449417792 -0.230009975520718 0.0816312076651798 -0.420132991203131
0.214083526218516 -0.0573808254493488 0.389133628593974 -0.265777365710474
0.168269509054971 0.227941379984222 0.094051928604344 0.0630743852487579
0.150566191260625 0.167218378682753 -0.0534169291831205 -0.0444296005624319
0.136550859918003 -0.0847278854231494 -0.386932405974768 0.048835582993861
-0.0546189054234845 -0.131413645148841 -0.289081810092907 0.280445117505206
-0.111809696571861 0.0346784856304586 -0.0591329509740634 0.30528802569844
-0.0159105631177813 0.0430318766693009 0.0770549114635992 0.175092645289409
-0.0116160107938433 -0.00624355683527337 0.0759492789524471 0.100743057802248
-0.00851150039378743 0.0106451828920691 0.0461685102665654 0.0760730372628435
0.00168955110891284 0.0393974619039379 0.0172295545855786 0.0345146839583928
-0.00311859539670653 0.0666542538214403 -0.0104937618009804 -2.84630034956765E-05
-0.060251786675264 0.10827358783131 -0.0450630802358332 0.00184316078424327
-0.158677843220479 0.0910596186035842 -0.168532461598567 -0.0207782961954752
-0.230438725653067 -0.112020053095514 -0.228747872819862 -0.291976886853321
0.0971511535507828 -0.292807036624507 0.0843918592701202 -0.526495543440131
0.328091198468272 0.0277472376346614 0.47625830623987 -0.326145012894213
0.177272983550446 0.303398222609896 0.113712424203918 0.000508927664232652
0.119768736516718 0.121198096688402 -0.02571668869034 -0.0674730082634077
0.0661460972915321 -0.0514509515022131 -0.305264037784905 0.0202308019010127
-0.0496240118457915 -0.0483148761419732 -0.286505859767767 0.243187234161568
-0.0347662764395447 0.0479938507523143 -0.0622529849926413 0.323558361426233
0.0324988547842923 0.00347602751849489 0.112847301678802 0.186446854142215
0.0107630810154976 -0.0391216735033918 0.104173736228079 0.0914342337611763
-0.00352691493182154 -0.0134979027140374 0.0436127707955495 0.0713396457445959
-0.00904499695370709 0.0223383975525149 0.00840595264264469 0.0469847677481037
-0.027053474741439 0.0579779302983296 -0.0165673795063008 0.0325604119827367
-0.0965239069110996 0.0740018478005325 -0.0784090862478077 0.0535191912456913
-0.165740285988921 -0.00212342627087478 -0.248274709308997 -0.00801480822831275
-0.12574998188432 -0.210044606529962 -0.274248472387748 -0.383565207089002
0.233494614027604 -0.223740411549886 0.17156903523314 -0.629439247802176
0.330827018816336 0.14218956283125 0.594167328103482 -0.321895797150796
0.131760065402186 0.308764413740261 0.133596233097944 -0.0622971538176028
0.0861082844022584 0.0880896493907768 -0.00195723142772063 -0.0969620075791745
0.0486273558863755 -0.0120654145193295 -0.261684301529465 -0.0010147655964738
-0.00404565096301237 -0.0162369440517955 -0.27759882119809 0.242053881732874
0.0114548153528633 0.0123846839808828 -0.0328267962700445 0.346112236724575
0.041362539998959 -0.030351392188583 0.15934689350469 0.184898620279906
0.0139891878296927 -0.0464543879982716 0.125679925330702 0.0705859302960437
-0.00319386113022437 -0.0232183755640768 0.038054779328983 0.0583904456522262
-0.0181476815750664 0.0032672297716854 -0.00035504928933139 0.0512492599946758
-0.0385578501486832 0.0230195627888099 -0.0340825046076857 0.0567600779300872
-0.0810667920379223 0.00990580640359592 -0.131458835808484 0.0774087484168111
-0.092868937699044 -0.0721158037287468 -0.315737402559232 -0.0471873850818439
0.0177595204316066 -0.185953449120656 -0.24548403338216 -0.490091474802175
0.250337807460279 -0.0672807834508004 0.308434653635833 -0.666526816358623
0.208495438869313 0.199750130443469 0.697027460632391 -0.253431584275132
0.0566906989982063 0.21970376534514 0.149673831981651 -0.107747574717616
-0.000916056242240568 -0.0248480764590945 -0.0293436636337308 0.0823150767727936
-0.0140120897027683 -0.0582726430126388 -0.65574401265628 0.0346311724835171
-0.0786135345298203 -0.062830439728327 -0.486066261290612 0.632502424830768
-0.0948465448301831 0.0402297927049522 0.172559543255618 0.605124599783314
-0.0179471204187668 0.0699936135492395 0.364867112590995 0.113508260090927
0.0198554362097063 0.047286755968903 0.181778803288051 -0.0947643695826736
0.0296790980670976 0.0131415677608503 0.0468239256456157 -0.0676090218466537
0.0117163375178881 0.012460914636151 0.0187844131187722 -0.0562287848693555
0.00217392617999496 0.0134310818287652 -0.0354238609204197 -0.0660459499262236
0.00224992975587845 0.0327046152564404 -0.116523915690859 -0.0787303776703153
-0.016617804877166 0.0400399796481954 -0.167864122043736 -0.16500912257017
-0.0199985402594462 0.0323467699780324 -0.0292040766602662 -0.328143551076897
-0.0363686994447766 0.0224706895669356 0.22888062457804 -0.269959176602772
-0.0656991867485608 0.000683045701270833 0.288401155895339 -0.0491590927749352
-0.0615075048348482 -0.0609513599424044 0.00525249052550246 0.121931736511952
0.0714634408954154 0.11390826648562 -0.0360256502865103 0.0879653056334079
0.155512175033357 -0.00780803044817297 -0.660944942556116 0.00754872152616882
0.0340400927507397 -0.161069297821611 -0.505240459601012 0.590118869996335
-0.149204713102136 -0.0729920686497288 0.111889897559659 0.581129309635587
-0.106134581033759 0.0640106416916754 0.315758712840025 0.144293445138807
-0.0348101086401768 0.085394946489557 0.17166358972542 -0.0514367724927326
0.0107095545620547 0.0553877600504917 0.0593313091135787 -0.0384793536764129
0.0165311963417491 0.034031741822939 0.0254943594862521 -0.0455852091848684
0.0178366849883265 0.011887072953354 -0.0334523359124898 -0.0594640056114678
0.0267674137054334 0.0211498927783021 -0.115470080445955 -0.0753476682948729
0.0160016563163346 0.0605383907318732 -0.176570195212668 -0.155185972000324
-0.0313357770061885 0.0944320834638444 -0.0568457096937339 -0.327361158589374
-0.0911706562558104 0.0261941983150198 0.196360281834923 -0.296057356197308
-0.0667202465565633 -0.0246758964552662 0.295076254846009 -0.074322655525965
-0.0138124122928596 -0.0258539122396377 0.0190425141385291 0.138386355655202
0.133998543689027 0.20758134729027 -0.0524023102715792 0.0541550181260294
0.276212987115296 0.00135583470511942 -0.646691888818526 0.0182926993666128
0.0937997568895532 -0.240580423786068 -0.45498684999198 0.542288989304562
-0.187869990440044 -0.134234272259956 0.0768810290123479 0.500174616049917
-0.153541768135716 0.0606427774263438 0.231984286249373 0.144962737489065
-0.0702974611877515 0.0979434625349669 0.12983265533699 -9.36927663813954E-05
-0.00724551713735739 0.0769048997918002 0.0597836947970583 0.00270509772231296
0.0197768228495702 0.048617707886078 0.0288739304543654 -0.0286829777465957
0.0317557241906715 0.0150307596163557 -0.0323224129134298 -0.0552477466538887
0.045064805357388 0.0259417105296071 -0.102492310006943 -0.0799976667849673
0.0282162962220217 0.0941443083454778 -0.16312711297433 -0.145542992213875
-0.0688860552890146 0.137365732292355 -0.0736008000604753 -0.313992780561687
-0.134158254330963 -0.00891829366756308 0.161998629245305 -0.320950264231485
-0.0269231261457446 -0.0556862281947397 0.310740485206918 -0.120722391779544
0.0509006854389229 0.034143788464804 0.0451258916313165 0.137177989468527
0.172097775968825 0.232865641603764 -0.0668321085232992 0.00998045103136297
0.300533725290931 -0.044531436412584 -0.588656534680479 0.0508728604920365
0.0653834914314587 -0.2706022511013 -0.369137418704895 0.465328627891593
-0.207600550822968 -0.111237740859135 0.0381332324593502 0.394025496790066
-0.144615963443922 0.0694760680523271 0.143870978180962 0.141210678881576
-0.0706389203971608 0.0832752856355132 0.0856167484904474 0.0509166637560467
-0.0180572381482641 0.0711833886203698 0.0555769057150419 0.041271222524799
0.0193182314186761 0.0551836313597965 0.0281323870439309 -0.00848349282974218
0.034700544473561 0.0312566203659483 -0.0260745258339115 -0.0490009995671282
0.0374765926875288 0.0578909420305142 -0.0779736669995076 -0.077685166986834
-0.00486719679104439 0.13145107599038 -0.136308897624307 -0.122009990234255
-0.147077655991118 0.131287673440505 -0.0964238133258645 -0.285355530357763
-0.137064813452512 -0.103868672057764 0.120958710688434 -0.353387398712079
0.0720811916402325 -0.0813119005808092 0.335624971933644 -0.187860284158398
0.12586832000972 0.121701312370875 0.0736217242158237 0.11360879357404
0.18012704225967 0.206566554983999 -0.0682747279238085 -0.0234817424746843
0.234937450527337 -0.0876253773581396 -0.487307259059995 0.0628481793792608
-0.0110390237165713 -0.22634227705411 -0.305925431667923 0.359641932270732
-0.181333112103042 -0.0309445417522403 -0.0176869371091993 0.317860476121291
-0.0861997096553905 0.0709598984523727 0.082076653653751 0.153547397678324
-0.0456807500927302 0.0453323874298653 0.0660746046911796 0.0880247675019347
-0.0140956971073494 0.0456595752431802 0.0521298765430856 0.0655864797294517
0.0145526449593692 0.0507423393090046 0.0249711907088574 0.0127491363122501
0.0238648872123842 0.050153602862119 -0.0183613100838616 -0.0324352863066035
0.00205207548349548 0.0979599446071806 -0.0495874582744932 -0.0524649569802357
-0.0784024010058529 0.143466320159736 -0.125781728761781 -0.0746684145111375
-0.226673382458152 0.0429642173880183 -0.149635613613543 -0.261248249674526
-0.0664341337967331 -0.228312789517133 0.0798768129695187 -0.413754021789187
0.212983196333391 -0.066625294536737 0.379863931116084 -0.265716817507403
0.178222706926302 0.218148199948342 0.0967377081909975 0.0682816434314083
0.158673351158363 0.158191875692797 -0.0527422247828705 -0.0483138355139951
0.135111791246702 -0.0907147291849556 -0.383816051377642 0.0486011496682032
-0.0610677365214085 -0.131447891336169 -0.28533722556069 0.278087158927745
-0.111072743827138 0.039442571162473 -0.0607033988003906 0.300097477968402
-0.0144215801152025 0.0454403297484375 0.0757078456563405 0.175486138543057
-0.012683098680727 -0.00254866336281932 0.0790552344781095 0.100726266941308
-0.0067429841586323 0.0121713290610002 0.0507046058521742 0.0735296329897673
0.00612187936107013 0.0396761120308019 0.0192193470776339 0.0324526403394267
0.00141335818893819 0.066815780718691 -0.0109679262356563 -0.00169305902228975
-0.0543422607123469 0.111947028073143 -0.0446782578764162 -0.00249217303873948
-0.153550447045453 0.0982126173820814 -0.162168904159806 -0.021318061903912
-0.23411441297472 -0.0983192443172492 -0.226487252005103 -0.28187105013992
0.0812678347219359 -0.294322985901752 0.0793149328294005 -0.516796001153928
0.326954017618376 0.0139709594121801 0.465131269123501 -0.326287575443362
0.189164744797936 0.293700199170372 0.113432832431914 0.00489634098456894
0.125775200076448 0.115756957084928 -0.0278878705185139 -0.0712694105572107
0.0654484551882307 -0.0562539914061084 -0.302070901679649 0.0181183515495237
-0.0530012784624834 -0.0484527994859636 -0.284588354899618 0.241010934568341
-0.0347105044961268 0.0510594977854435 -0.0616491812559756 0.320773489199097
0.0321128417308607 0.00378751639267958 0.111547363897162 0.185957058968446
0.0088323813003147 -0.0374512284874818 0.106793883426567 0.0906265533111449
-0.002372674439544 -0.012386400634995 0.047404391483939 0.0686677687751545
-0.00550485361828628 0.0245654466262139 0.0125615426989324 0.0455282275853759
-0.0226366266307915 0.0597771948522554 -0.0148968813420254 0.0332319793468147
-0.0908583839227848 0.0796871299182756 -0.0756266716303414 0.0513427193982762
-0.163902975413554 0.00805802146296319 -0.239541699754296 -0.00384337055775513
-0.132893276101219 -0.20139608469726 -0.274718319041222 -0.369792189759377
0.221273162017637 -0.229698644640947 0.15950858270728 -0.619047311143455
0.333464135103757 0.128510195787492 0.58200623422494 -0.325051191143456
0.142860390961038 0.300666919978956 0.128579320107039 -0.0570455861203511
0.0909168871292381 0.0840755899285097 -0.00800582377957092 -0.100931981488827
0.04950900479538 -0.0144550086531324 -0.26343093005962 -0.00203031226244915
-0.00688084023818357 -0.0178826918991868 -0.276623930156333 0.241541755195921
0.0104916067863409 0.0129847220550386 -0.0323311749076308 0.3453551954018
0.0388603548402466 -0.0299839276298489 0.158443192197581 0.182315388740605
0.0119185427378548 -0.0462611479704955 0.128792125233771 0.0691989569158567
-0.00367894404696648 -0.0217647695637152 0.0430301313280895 0.0597970716748041
-0.0153782708850642 0.00445080682892686 0.00536290527418203 0.050846081071219
-0.0352089041348722 0.0266401224815946 -0.0310678952944374 0.0576714701501085
-0.0793358011023789 0.0155679210737595 -0.124509411544991 0.0776214148017164
-0.0954530314314956 -0.0656245962862258 -0.305989546304725 -0.038402015504478
0.00879181304831732 -0.182920108739156 -0.248962617903194 -0.471110257710302
0.242063506936081 -0.0763595809418386 0.291975712901536 -0.656057393145085
0.211660286099404 0.187935632126697 0.682027483997644 -0.258033057743749
0.062790449899951 0.214435799222777 0.142423897640983 -0.102725198998944
-0.00125784976766727 -0.0251445174243206 -0.0230930867685299 0.0756046255880701
-0.014803580980022 -0.056148207577483 -0.653686978158051 0.0327690463843622
-0.0792960122448 -0.0612028175007524 -0.476922982534884 0.629770242211131
-0.0918898750069573 0.0412681327774103 0.173889785348173 0.594552510061014
-0.0150945248864961 0.0682945690675031 0.361448073850127 0.109660736779065
0.0208300450766074 0.0461654655317311 0.177103649842763 -0.0955947793336795
0.0281725590745731 0.0104433555464218 0.0434935542601796 -0.0662557530998354
0.0112316963467245 0.0115213568400158 0.0156441648942284 -0.0571673511786688
0.00151291423527996 0.0137845221256972 -0.0409956692175233 -0.0670371928947847
0.00169125150374741 0.0305676204154514 -0.120416817506476 -0.0792772920423948
-0.0154736089338651 0.0389045558787583 -0.168135601723823 -0.166746352915888
-0.017975974183375 0.0322946202946109 -0.0267466310970282 -0.328122774384692
-0.0367984041409371 0.0239979306068622 0.233036626143648 -0.26916954478632
-0.0663005996990212 0.00238273845290063 0.293086720144713 -0.0458065568471396
-0.0630045727561658 -0.0593746326530036 0.0123947543442706 0.126802975580523
0.0742331000087501 0.110509292969624 -0.0291503304068642 0.0808827388999581
0.155420162367544 -0.0113959342827968 -0.657825285014538 0.00784716835589683
0.0301403558111054 -0.162813281963192 -0.495978021289517 0.586960597581384
-0.150230751291431 -0.0698446138260773 0.112136723951219 0.571269452949149
-0.103031694819366 0.0657601373068042 0.311280663241444 0.140513971568042
-0.0326858233721454 0.0855890685630646 0.16814790671594 -0.0530202503652699
0.0119129619517606 0.0543495367116993 0.0565499260653995 -0.0388983234549211
0.0178268228815897 0.0328345670383398 0.0215948084734712 -0.0462828984797261
0.0172450558474106 0.0103389598603822 -0.0386567720880269 -0.0602877067424189
0.0269846950379395 0.0194714137170078 -0.119461156022388 -0.0757865512569444
0.017067249424085 0.0593667049936997 -0.176903546293771 -0.156696916121551
-0.0281495284998538 0.0946826413059353 -0.0547566491686903 -0.32817456814273
-0.0917829389824935 0.0280090995319398 0.200688011611425 -0.29571247224337
-0.0670982875794472 -0.024894248377055 0.299992691143479 -0.0714333614531188
-0.0126566121510564 -0.0259606551599223 0.0270423971823592 0.142365066641684
0.139581198709972 0.203792633383446 -0.0449924853832395 0.0467407908031018
0.276365286551663 -0.00587086727948327 -0.643396250915454 0.0170272118830653
0.0872312479167739 -0.243362602752726 -0.446972329709458 0.537766180165518
-0.190711204036842 -0.12889599076782 0.0758401840872355 0.490869788233632
-0.150993831648489 0.0642295194147829 0.227689317899865 0.143022020240206
-0.0668305204291894 0.099962403687825 0.128439955452923 -9.34594447942621E-05
-0.00530365021589773 0.0760081118971432 0.0589334758091741 0.00231013867332892
0.021346483845515 0.0472867704175717 0.0262014705309722 -0.0307915913148218
0.0315090511555158 0.013615006875097 -0.0370175009002433 -0.0558478740176909
0.0441216431827788 0.0252180960331114 -0.107283012134273 -0.0808149302665404
0.0307549956646833 0.0923078774896362 -0.161852236406072 -0.148649638022648
-0.0655630800687348 0.140570207348846 -0.0724652795154213 -0.314633034590386
-0.137025466977485 -0.00624711417033512 0.167325576426991 -0.320635563052469
-0.0278299212015841 -0.0577802960615154 0.31516419280041 -0.118245753916157
0.0550782199838644 0.0317062373646837 0.0523224973786661 0.142983574902038
0.179472071380614 0.229281379974008 -0.0616586075489088 0.00282509133392553
0.302248060563957 -0.0517413848882129 -0.587826266928209 0.0459492965960486
0.056421798267564 -0.274129281215643 -0.364591502591719 0.45964352105705
-0.211846790093543 -0.105097455690582 0.0347224145484785 0.388293727780342
-0.141463914745787 0.0735081095399766 0.138384630055591 0.140870054430481
-0.0687448554241193 0.0863893301316668 0.0865413995661996 0.0505534829096737
-0.0130832817676582 0.072222849711506 0.0569742434986825 0.0401960233486976
0.0226629797108957 0.0532928547303569 0.0265178014209369 -0.0100601383249104
0.0365392654341925 0.028232723183067 -0.0305099079881718 -0.0502965598707226
0.040342668765911 0.0566807687100037 -0.0806371191537665 -0.0810581935462138
-0.000869280419426052 0.134285593264059 -0.135030209190447 -0.126565192021369
-0.144682121977412 0.136550686161339 -0.0944773548317269 -0.285300532048566
-0.143188087167288 -0.101521520554917 0.12586229156208 -0.352223313861259
0.0716120991503927 -0.0853522530741395 0.338126983639763 -0.185655491059245
0.129890853155943 0.117051352159938 0.0776655294138205 0.118671412662442
0.187460955908736 0.20198536214158 -0.0668645440656582 -0.0312302802274403
0.23476364491384 -0.0966507545886875 -0.487193682942008 0.0579733617901473
-0.0196208674731663 -0.230052706854856 -0.304867722234928 0.354582303674945
-0.184101649458404 -0.0251599055986204 -0.0228067972576457 0.314043306965997
-0.0840759187155752 0.0734197581546299 0.0789877742743311 0.155491979280612
-0.0436017968079431 0.048479812053918 0.0682691048617385 0.0895330921207542
-0.0108050288316136 0.0460710434896842 0.0542013420888158 0.0644951681530504
0.0192315890818105 0.0496747541852181 0.0237701217253697 0.0113197746773374
0.0266681821325886 0.0515242184804264 -0.0214902644529174 -0.0319000647288929
0.00357141033096222 0.0985563526776315 -0.0535557824032127 -0.0559086099615877
-0.0740576007231918 0.149173833737014 -0.122917603141887 -0.0793705960047728
-0.227533590753749 0.0503901929296941 -0.145937658870338 -0.258117602807676
-0.076262403796891 -0.227500873462642 0.0821197206884678 -0.409612159012857
0.212137303730748 -0.0747737841744618 0.379921410505327 -0.26348748355546
0.186621940823192 0.212305790597842 0.0990192012030257 0.0714287770002673
0.166490751289368 0.153994839487575 -0.0523891158197529 -0.0540388742086889
0.135589355091486 -0.0971115270325491 -0.382414896556361 0.0441515649349368
-0.0665648189657923 -0.132725684896657 -0.287730932181916 0.270914157162041
-0.111752430098143 0.043732611251695 -0.0651270379624736 0.298360531456763
-0.0132797818194781 0.0484957782104741 0.0721149457494087 0.177452615422446
-0.0133970675232132 0.000233538807228449 0.0808524005449746 0.101693551503337
-0.0051939747651343 0.013400662711793 0.0536575257223768 0.0733922242937108
0.00970254474950011 0.040189626776603 0.0204344561325012 0.0315129445930909
0.0045902612738435 0.0670112258266165 -0.0122117634128223 -0.00256161478583153
-0.0501667266439275 0.115826536036078 -0.0456782282788092 -0.00642859608625709
-0.150358429724269 0.104606800502252 -0.157206781977241 -0.023594957687381
-0.237336177655329 -0.0894833420688501 -0.222161415184366 -0.277429926503045
0.0691662590195521 -0.297670888662413 0.0777544075649179 -0.51134125366141
0.327239712498236 0.00439781671316527 0.460423119821027 -0.324392993835063
0.196992904944213 0.286720408572375 0.113734301267319 0.00997943783401701
0.131150020883187 0.111752398469052 -0.0290939738062562 -0.0754323787598629
0.0665493602868747 -0.0592863458454116 -0.30665929685234 0.0143765702594686
-0.0562246760036123 -0.0497954676984046 -0.287778190543446 0.236169798795697
-0.0351017417866403 0.0529088191560333 -0.066654902863044 0.32072926625868
0.0311489122108116 0.00465691388033119 0.109681179248324 0.188350809289797
0.00636843798374763 -0.0356902098042805 0.109967081228167 0.0901372474473523
-0.00162718689625868 -0.0105712971847228 0.052250830679378 0.0683175875135406
-0.00225912362593638 0.0251995144374285 0.0154461190479671 0.0448734600647785
-0.0202278229167567 0.061120274436362 -0.0143455642105475 0.0309995918002178
-0.0874448653972089 0.0850664612976537 -0.0727345676130602 0.0476471731173743
-0.163976944057637 0.0140317596427258 -0.232771362549881 -0.00370784978159462
-0.140364661419598 -0.19403120182517 -0.272168757014041 -0.361071010832483
0.209643300221875 -0.235597831588018 0.156661333492152 -0.612774657590856
0.334594670492126 0.119422383186156 0.574468471126937 -0.324839217561966
0.148847374530359 0.295131960768061 0.126564196071265 -0.0505962731067203
0.0942489729618914 0.0811809834226546 -0.0127339446746646 -0.104561364944537
0.0499785670335003 -0.0163977375982498 -0.26740427774382 -0.00616794008726191
-0.00865880238735461 -0.0180483661229893 -0.280936366233599 0.240213223160493
0.00939402989884385 0.0141982738744115 -0.0356981299400498 0.345788911559175
0.036147736788745 -0.0298980813574802 0.157744251579367 0.183625688089861
0.00944273860538219 -0.0452551415022921 0.131655313752914 0.0687285858792062
-0.00366124260727981 -0.0210669360221167 0.048816332963216 0.0598039701175796
-0.013346664175867 0.00678014073869126 0.00862369187032808 0.0501260368119168
-0.0332154283182239 0.0291867566845153 -0.0280893805576567 0.0558594378074232
-0.078167308092131 0.0200404861262002 -0.119681975180404 0.0765465787561878
-0.0968523573218564 -0.0621364036255552 -0.299746687312459 -0.0336946575577387
0.00207585742481998 -0.180669264202713 -0.249258723055242 -0.460236601939881
0.236444866056356 -0.0821818308144977 0.28626159317366 -0.651185124818598
0.214880833543357 0.182573054865696 0.676763792932197 -0.258570894417241
0.0668512724721819 0.210160071588185 0.138460704168563 -0.0951421240943989
-0.00117789867919113 -0.0258789837415019 -0.0176551275340843 0.0691015014359943
-0.0158984594898878 -0.0555445156843782 -0.661736330304626 0.0294553655026726
-0.0809476657928228 -0.0611516329803025 -0.480043204797039 0.634909728345809
-0.0918432512325422 0.0427776698572709 0.176085714373482 0.596292651586988
-0.0134023832456165 0.068169809436879 0.363696245903975 0.107794503517439
0.0224311801405924 0.0449826692770799 0.174833029811261 -0.0970714249735615
0.0269932902364153 0.00879474989066246 0.0412278520372411 -0.0659486901243149
0.0104994495311555 0.011425041987438 0.0118990438381329 -0.0586186693687509
0.000842865193246431 0.0134978997370262 -0.0470716897034827 -0.0685045150763711
0.00173818348003446 0.0303680217608098 -0.125820674303492 -0.0811905683014685
-0.0144164942077316 0.0387103620654897 -0.170862824499046 -0.17191901644146
-0.016407378341285 0.0320826129481952 -0.02513826880291 -0.334288715945598
-0.0373569546826575 0.0262417141789927 0.243873093910718 -0.273615359391486
-0.0693359501121192 0.00507546675887039 0.303683048343699 -0.043132306763074
-0.0651351235055985 -0.0594475322566081 0.019595050127958 0.133900647442268
0.0785987771339896 0.109959151065131 -0.0242039058185241 0.0746345357484271
0.157668073903275 -0.0139410442043624 -0.666027960179795 0.00358977385572285
0.0271439917165053 -0.167213858742548 -0.500993917739173 0.591223858299478
-0.152734076745893 -0.0681194214576606 0.113471584711152 0.571964013879806
-0.102400708243937 0.0675246145070102 0.312759235225983 0.140051502853258
-0.0301137054289623 0.0869442776837656 0.167076675230235 -0.0534456523528037
0.0128568798065285 0.0537460812031 0.0553633379185584 -0.0386397534467165
0.0180972278264788 0.0321622092724722 0.0188408583028778 -0.0475157568643893
0.0170160253797418 0.00985233902408496 -0.045047389672433 -0.0616390700779109
0.0261150972333977 0.0181798330154556 -0.125805471541507 -0.0786621147650278
0.0183102295376981 0.0599157081402982 -0.178860317024252 -0.162114764338591
-0.0266681744595091 0.0974039566759443 -0.0538589659146281 -0.334442125311732
-0.094165878605765 0.0294291283933423 0.210091420956622 -0.301145531140732
-0.0687032204141343 -0.0250896465327857 0.311283017205135 -0.0690325246494831
-0.0121160274274177 -0.0271119732152776 0.0345676712822379 0.150063613277412
0.147493314500593 0.203040811801579 -0.0416166461830117 0.0410071759758564
0.281634867354101 -0.0120925346272809 -0.653192420970187 0.0128434832253602
0.0824492932218552 -0.250315849032434 -0.450997950858116 0.54201739826498
-0.196963464556754 -0.127603575781266 0.0757380315887753 0.491125703681983
-0.15007101470912 0.0680637509151905 0.22728230711822 0.142190188100205
-0.0643372740584236 0.103762115337208 0.128726377338171 0.0014993392138663
-0.00289061554989904 0.0770623029130193 0.0600930149855391 0.0012065169843969
0.0236551754717752 0.0466052839657434 0.0244655477044357 -0.0318102968781295
0.0317685326523741 0.0132155999242533 -0.0422872785306431 -0.0576504838776558
0.0452476311568248 0.0246730441336918 -0.112759499297082 -0.0834162179880251
0.0336532884941604 0.0942244103101401 -0.164473309665722 -0.153605273700457
-0.0632104337512699 0.145157687315363 -0.0717858948681579 -0.321371530556037
-0.141876884874456 -0.0051245373092359 0.175431486100472 -0.325870871548267
-0.0275500011538251 -0.0605709615565251 0.32548260083862 -0.116393002956158
0.0588350631648206 0.030128490086099 0.0608751880035979 0.149133929031429
0.190281790216065 0.227351149401838 -0.0589391913968135 -0.00399634200557065
0.306592601916583 -0.0598900830933604 -0.595113032571684 0.0420858067794478
0.0511393319112773 -0.282747204200143 -0.366512739080152 0.459623220721452
-0.217998117731414 -0.101106049429609 0.0312012672263852 0.389752589718932
-0.141476958839537 0.0801492129089987 0.13654708345659 0.143274386707282
-0.0668712190167376 0.0907667879213662 0.0884542226096805 0.0533313138789313
-0.00997497295430642 0.0731224077220144 0.0583497002759734 0.0390310755780709
0.0271985357690843 0.0518994840040072 0.0256776758914628 -0.0111621354053518
0.0396139923289289 0.0291294994602756 -0.0345687155622244 -0.0499723332701157
0.04052391019072 0.0577608788554707 -0.0871556255677889 -0.0840418265308741
0.00194549599139918 0.137382404865577 -0.136318901362909 -0.132520699636327
-0.14284161955688 0.143113707055183 -0.0936387586348492 -0.291769495988499
-0.151874939389294 -0.10243122134084 0.132451520657974 -0.357089775322129
0.073826469926506 -0.090428101842378 0.347481187977913 -0.185047971456852
0.13890000660923 0.11528296986801 0.0864622668975396 0.124134763479299
0.197532295933897 0.200226171869571 -0.0640156173292302 -0.0363409727650204
0.239192727496619 -0.105067181699923 -0.492788377329863 0.0556007090986765
-0.0246807700343086 -0.236185891221029 -0.309358261781983 0.35264860302877
-0.189664286965616 -0.0194511681609599 -0.0295318788115713 0.314956845361034
-0.0824268668590999 0.0789583066978476 0.07550380111595 0.160844405708403
-0.0429454577129863 0.053642390299341 0.071106323845164 0.0919462744203872
-0.00886323237028961 0.0487510851665708 0.0577736591483634 0.064809662627878
0.0233212727453917 0.050706512933746 0.0258143149864817 0.0102816595884558
0.0296497116095383 0.0513825975284594 -0.0242842544257128 -0.0337641941028158
0.00607022178043831 0.10186200814351 -0.0559588854174952 -0.0617923622606014
-0.0725980652572692 0.154696216646574 -0.123065478510661 -0.0836286668863964
-0.230510790678884 0.0597517974694264 -0.143739650116387 -0.262409035900086
-0.0859318130229475 -0.231137916350607 0.0878575217845345 -0.414955326339015
0.216919461822374 -0.0828123814434991 0.386402651925864 -0.263204596849196
0.197683919452684 0.212463712173237 0.103005254006995 0.0773935492824545
0.175519598638667 0.152426376334281 -0.0523933374116067 -0.059579461881229
0.138649793614378 -0.104188716692734 -0.390728010882137 0.0400116559105409
-0.0723739590542159 -0.135910821201635 -0.295919878297174 0.269810705816569
-0.113884929532999 0.0480055216323383 -0.0729875175899385 0.302968185069931
-0.0128085221828177 0.0511968368743407 0.0701848187819493 0.183681802685564
-0.0136605852896678 0.00381065264302709 0.0849665628970635 0.103998424132916
-0.00291631864746615 0.014751690875471 0.0572716222862185 0.0733914458859676
0.0132348900046086 0.0411165531263396 0.0222844514837829 0.0301412804567298
0.00806218273184249 0.0694075723442678 -0.0129612817623167 -0.00449477699574319
-0.0473406462180471 0.121042748963857 -0.0470319033323777 -0.0111547379187599
-0.149664047890543 0.112349741116119 -0.15654336951775 -0.0286345079916178
-0.244772632795514 -0.0829109058505981 -0.221376263632243 -0.278314817372281
0.0603265715952345 -0.304033453392439 0.082316741339078 -0.514217946159127
0.333955849159765 -0.00394140129462156 0.466911811684242 -0.325900867391269
0.207136618787827 0.285855431313352 0.116513948942237 0.0153924102498325
0.13761396265491 0.109697105313962 -0.0308095136026578 -0.0820852968862113
0.0688955055438865 -0.0641255901684496 -0.313929542659175 0.00886300544729348
-0.0592990152735298 -0.0503717755213375 -0.297738671330815 0.238016441682652
-0.0354587747519995 0.0578309666187414 -0.0738086965325477 0.326940152079453
0.030936782626139 0.00708537845492706 0.108591162181312 0.193220743996051
0.00589566971901701 -0.0347350932826345 0.113244534237357 0.0919151873533248
-6.7236688590884E-05 -0.0101654875532761 0.0587563493972748 0.0698295054165727
-3.68331745523066E-05 0.0257237939480246 0.0168610262776298 0.0446337071966119
-0.0164626315305602 0.0635820108151304 -0.0139404422463004 0.0309123840292977
-0.0851367374844838 0.0912414296876656 -0.070654353190012 0.0451464743163872
-0.166355287079928 0.0208758934349839 -0.230135626291558 -0.00509506106423059
-0.147802882223692 -0.191012184906029 -0.273194051973882 -0.359821057747092
0.204013685450453 -0.245164127474475 0.157637288102618 -0.615521441688038
0.342186571474433 0.114239848433265 0.581712207324167 -0.327119971641466
0.156702955194142 0.29637775179461 0.12804777285367 -0.0455303513034487
0.0991168511800497 0.0796956991961591 -0.0180110925402301 -0.10993821690686
0.0514893358925252 -0.0181624101431385 -0.275702490301852 -0.00956670355074191
-0.0106344928013264 -0.0187517720343348 -0.289562174034139 0.242328765507147
0.00928703642119528 0.0153451923295086 -0.0414798771284146 0.353770900618604
0.0361325891772337 -0.0298725783829068 0.158784288923965 0.188881648394173
0.00789789435206343 -0.044340132988602 0.136469680039165 0.0688899112238507
-0.00358045567498062 -0.0198404544535901 0.0549201207470739 0.0605354941873995
-0.0118410494040385 0.00920086597479288 0.0117839302843679 0.0496949468113958
-0.0316088898186956 0.032138403402125 -0.0264669933379738 0.0558091390908934
-0.0783274245740582 0.0250561775515611 -0.117601267167875 0.0762960673407946
-0.100430620420356 -0.0585009777118112 -0.299065711265249 -0.0329218298594473
-0.00376706449552485 -0.181032013785956 -0.251705900834251 -0.460951047730562
0.234170413606625 -0.086865144653917 0.287614517059746 -0.655953720721103
0.220563197095815 0.181543385612961 0.685683219180525 -0.261438231394894
0.07152589956345 0.212428492266346 0.138149515857472 -0.0904938077270478
-0.0174404805139481 -0.0206558373177808 0.0262366653038353 0.0583033020457331
-0.0461014379754574 -0.0307498565053631 -0.525646613539264 0.430275305687101
-0.101260124965604 0.00532461968574303 -0.00742421737024861 0.814943438771228
-0.0438155153175128 0.0868953022152983 0.513326509675223 0.378938892655834
0.0298037896583366 0.059685117080139 0.357958508196326 -0.136024769392509
0.0447211932036499 0.0208886056046869 0.0795133926542771 -0.184463907860613
0.0244706025295295 -0.0094699625759199 -0.00820199159222254 -0.0779495883412572
0.0143696194033678 0.00291829064013063 -0.030403698837149 -0.0515911702044913
0.00799891193744946 0.0110922300875221 -0.086535844056287 -0.0224130126427525
0.0184702715271249 0.0238136992081627 -0.157865055237957 0.0135829508083869
0.0104320110904977 0.0407670279575139 -0.249050259819906 -0.0345900099936089
0.0045572153283401 0.0354086840852555 -0.230976077799882 -0.262799819050433
-0.0138699223059399 0.0425321104525588 0.0274431109221311 -0.384279054885203
-0.0522462253133444 0.0480815565791428 0.226088777477935 -0.235450289581844
-0.0942155862719206 -0.00363113293269558 0.116717665397739 0.0968562513748676
0.129762536522891 0.044091846292656 0.0330691302427482 0.0594788962306185
0.117045671007259 -0.101563329332163 -0.537633762257556 0.40678696952184
-0.0800161162015355 -0.14536695610034 -0.053932883987219 0.783701454140147
-0.159322790865119 0.0369661507218269 0.438421406333991 0.3986008412453
-0.041211229527802 0.113844154163814 0.335437083862125 -0.0771116548511248
0.0294532430083435 0.0877832006381533 0.100112507035918 -0.144082433126799
0.0424889724996138 0.0346260688981452 0.0209314158118016 -0.0654928922156819
0.0347238923049032 0.0138524848515161 -0.0177036194926178 -0.048174267028663
0.0188557137224971 -0.00338304336547169 -0.0799013257516639 -0.019430745286293
0.0315945844217229 -0.00181147502662625 -0.156708973760516 0.0165127065449851
0.0517123623457184 0.0361854038363394 -0.249884961096553 -0.0214269209186974
0.0380069534333027 0.0962140424411237 -0.255831943419682 -0.244798472992534
-0.0624851753954349 0.0836730305425773 -0.0165196034791478 -0.383987477358044
-0.0715500642324299 0.0203426282919458 0.216454492243278 -0.263488708168209
-0.0258975436117737 -0.0141582994947314 0.137035009836471 0.100601861519621
0.242328117213734 0.0790990028387412 0.00209529593643122 0.0376960567275738
0.215911305021486 -0.175184509934146 -0.51728832000304 0.403562718222549
-0.0865442122787671 -0.247385383130826 -0.0473851852153468 0.708154642507045
-0.230735147472255 0.0172622849813322 0.353112694315091 0.358891009286065
-0.0788800027370641 0.144281366254134 0.268470292346308 -0.0203558440575815
0.0129171475605076 0.123183359442663 0.10261409706 -0.0749216156353482
0.0467373290522974 0.0619178309938086 0.0511783250762882 -0.0356841725638477
0.0495189493402075 0.0206937145999427 -0.00274930773183169 -0.0396598256291081
0.0332823261995153 -0.0111780758899467 -0.0750537517136046 -0.0179964265610112
0.0505295418008827 -0.00894438773319089 -0.150753851449046 0.00361247420437599
0.0868092802597492 0.0559505335113008 -0.23319793627031 -0.0244567439257719
0.0385399217963462 0.161023229913993 -0.261061338212323 -0.223682141604007
-0.127365657464763 0.086431362395834 -0.0609719904740448 -0.382168362845002
-0.0621059424604487 -0.0381613900691003 0.19772882710778 -0.310605571166091
0.0724846650698958 -0.0159112673780559 0.15235469077548 0.0853662669333577
0.292987799970141 0.0735161167209694 -0.0387885123852452 0.0111535451590798
0.208038077328338 -0.230865285523439 -0.451489164903945 0.3881965358903
-0.133951442659362 -0.255319935959557 -0.0335349036444833 0.589659050623916
-0.233452211686104 0.0515801242467613 0.252774466836833 0.305736273882924
-0.0633340713446971 0.148379183955059 0.195270897683514 0.0382973109324481
0.00466277465206798 0.114534350579203 0.105795354515349 -0.00773340598314996
0.039591295620709 0.0636706322246989 0.0745631824956793 -0.00538542610227697
0.0564284955011674 0.0236139312193166 0.0111092228436664 -0.025442602406365
0.0498218712268279 -0.00337429863456913 -0.0648277361088969 -0.0172387424340006
0.0710720240112628 0.0218372140325779 -0.129739585876155 -0.0154567196155416
0.0915518942033206 0.112216023874528 -0.195746000648465 -0.02775065259774
-0.0294572540609723 0.211717583836408 -0.259273672569734 -0.185748644627368
-0.202564858398048 0.0131112916056165 -0.114571983109087 -0.378761622958866
0.000338180914392527 -0.132984983489004 0.168131173942248 -0.373734628447384
0.194962720896675 -0.000712249207644473 0.151112436553166 0.0519437484314095
0.284810118376288 0.0460332933369036 -0.0660052498742064 -0.0115971106009226
0.127853704059403 -0.227722532261272 -0.36543629159071 0.337996339622317
-0.167101408542099 -0.172771635625871 -0.0534639079639027 0.473069973222915
-0.16181315542317 0.100245565584098 0.160587924559075 0.287342006810141
-0.015496971888101 0.11439220693635 0.158852482124548 0.0907926545106251
0.00132811647233941 0.0707319319306897 0.116134440027719 0.0326847856599322
0.0251864541337719 0.0426037566920434 0.0896777723904258 0.0150120751477526
0.0526106902773699 0.0241845508410817 0.0246011927029725 -0.00706522424692385
0.0583794620561283 0.0220432156389803 -0.0448299700693538 -0.0121517363907591
0.072040954471358 0.0803747054663915 -0.0911368024797259 -0.0160049128462763
0.0418824110699929 0.175405694320405 -0.154517403744041 0.00263312160089965
-0.153551059701688 0.200394699772424 -0.279817259544343 -0.127140014264548
-0.234521886328295 -0.140306470600742 -0.188992285829452 -0.394507673568009
0.124280146879021 -0.222781751267353 0.148960112499265 -0.457108118868117
0.309884237793655 0.0408921321930615 0.127413626925932 0.00260626823490365
0.237233632710296 0.0190026701693746 -0.0753356288605856 -0.0346267378412364
0.0482188340298536 -0.167697748755746 -0.29455056056732 0.262240630259808
-0.145048229344409 -0.063383911678504 -0.0913162888664913 0.402151983565057
-0.0601517829456299 0.109810522437461 0.121213876270365 0.304843577874412
0.0232019222036847 0.0499054928285929 0.169965175872432 0.110639376831263
-0.0070583523226696 0.0129073646885646 0.135543029716628 0.0316585692286673
0.00903120597793314 0.0125386157409127 0.0953249341414553 0.0209709521422976
0.0395364422943136 0.0217816964778099 0.0367832650260399 0.00908897982082759
0.0529545987109535 0.0497838208099404 -0.0168085687600646 0.00456124912760451
0.0433986974471963 0.130840952342689 -0.0495813109125385 0.0178316757431179
-0.0489272791282977 0.192093498671427 -0.142291024235529 0.0701889360818439
-0.257758065633428 0.0928893405354004 -0.350349265629962 -0.087849784421768
-0.160059754656554 -0.300081281403978 -0.257168808644842 -0.464329933964118
0.275040886215954 -0.235417994794004 0.169977866844912 -0.558501809748165
0.36897683260244 0.0974481321574211 0.0934348027285184 -0.0566029117103446
0.180722270236754 0.00612456328647291 -0.0747540247772797 -0.0608527743720196
0.0165116760060248 -0.093279326855111 -0.253286864656 0.195475735796582
-0.0820041587369418 -0.00205799755792982 -0.109157511873809 0.379354571980613
0.00756750518804187 0.0693574462800266 0.141057816503398 0.323163631342578
0.0291667565748818 -0.0125195914116328 0.208162806504122 0.0930381246788593
-0.0158699860805393 -0.0293475373820376 0.149864310333801 0.00165633007118082
-0.00509531819518401 -0.00918053743890831 0.0938739208989572 0.0172544904884754
0.0206820473201186 0.0195926592732441 0.0427421682851762 0.0225686005701296
0.029666096058799 0.0633643661702669 0.00702257786723729 0.0321926925435716
-0.00744626529628128 0.13163390754463 -0.031484042232928 0.0776983842334942
-0.122782072717277 0.128205942130461 -0.185868250602167 0.137939383021657
-0.249001320769593 -0.0582022010976387 -0.444108816881314 -0.118955910881072
0.00110877509847407 -0.347588991544278 -0.262437320983379 -0.591735523400162
0.360167196160734 -0.14161416068673 0.26005710844652 -0.633426479492312
0.331204011032255 0.139163595340062 0.0623074179663327 -0.115604817794678
0.129492865333442 0.00542579269011804 -0.0838427426908753 -0.0872264350321127
0.0298648135939222 -0.0455627714718928 -0.235568281565115 0.158959306999187
-0.0212291415682769 -0.00557240310549866 -0.0963843105121667 0.380770125352188
0.0186067115677148 0.00941001790398741 0.184721318139808 0.321827101103057
0.0105061082280214 -0.0450773180707922 0.245178686822292 0.0565956268643241
-0.0204540074351048 -0.0400417901266164 0.155605764419641 -0.0322122315140783
-0.012990204414815 -0.013985022968815 0.0868072260350592 0.0117344862962157
-0.00171146753611628 0.0142466977081376 0.0434278257976986 0.0302715449872107
-0.00242436086179608 0.0478157736443336 0.0146175433917826 0.0608919896196378
-0.0455319849199851 0.0728077914247542 -0.0476878559300235 0.132929089144628
-0.120758118510096 0.0214254902379969 -0.258283439652299 0.16006616073492
-0.12420629199898 -0.14287126817025 -0.492940620658083 -0.212869664100739
0.131166626906819 -0.237025290857306 -0.18410553409107 -0.708458242477316
0.305961385348109 -0.00633423125057971 0.384677262426409 -0.651115986210816
0.203054934501907 0.12744762459184 0.0456715245443957 -0.159361876300648
-0.0196720063763143 -0.0210051512713489 0.0269515624461842 0.0508803299489482
-0.0489233717173707 -0.0283931075939079 -0.531080567889582 0.463315054769862
-0.104495846881987 0.0115326194534503 0.0247010354676661 0.840909415261275
-0.0404874335206031 0.0910635037169565 0.538892616573426 0.368357925844173
0.0331506777181673 0.0581460389695802 0.359966396525933 -0.155574629759152
0.0466453265169257 0.0175685001219344 0.0711756588315168 -0.192013747950235
0.0233560768901514 -0.0107309819262167 -0.0127605267864723 -0.0777595450262949
0.0132590742269976 0.00223527212721875 -0.0359696901143729 -0.0498396142201499
0.00786465906381592 0.0115216404430932 -0.094677552404223 -0.0153245946783321
0.0186888529621678 0.0235897873316087 -0.166793813813572 0.0221190927973744
0.0125227252842374 0.0397920217034238 -0.261320682326611 -0.0273225954749027
0.00705205028573553 0.0353661565274201 -0.248939225508439 -0.266848409463183
-0.0110654401259814 0.0471709501783667 0.0178540411368473 -0.405081984474529
-0.0506072919143829 0.0544199492413801 0.231128305776175 -0.254658260920723
-0.0980780179694713 0.000985413608975685 0.133853918807108 0.0952309596852179
0.136136032748255 0.0374207466565342 0.0349987823212206 0.0520446189067262
0.115477853243895 -0.111692535696984 -0.545135123793444 0.439118309894059
-0.0929277298382569 -0.145946167001795 -0.0271826060058905 0.807791422661902
-0.162751634474344 0.0469494250622505 0.464084829849798 0.392852545311719
-0.0355595353008568 0.118489267391032 0.339661354990734 -0.0931563401998806
0.0363596823941521 0.0882282511450012 0.0952105219878754 -0.15084017223252
0.0447298674597491 0.0329358024795025 0.0178428505029571 -0.0678445033810978
0.0367084738900708 0.0111866272534614 -0.0229578490289654 -0.0468661564382585
0.0191728412745714 -0.00461335479360407 -0.087710773929296 -0.0126179777415797
0.0307973770704108 -0.00407746916884301 -0.165301114991824 0.0253183310504752
0.0553784679324596 0.0344335657761433 -0.262840593159649 -0.013867578654947
0.0460720334051334 0.0967480607696661 -0.274753305863419 -0.24708749398079
-0.0608260925363761 0.0920144425870793 -0.0286745440459428 -0.403776283263204
-0.0730496218613588 0.0248217595920191 0.221101575863473 -0.282828949873759
-0.0270034631830436 -0.0154698826447734 0.154946410353099 0.0976223828800068
0.254784637031253 0.0662950593481708 0.00226676493646872 0.0315918062358809
0.213463326027487 -0.195484327395801 -0.522338645116356 0.435239109142177
-0.106396365071767 -0.251157025840521 -0.0216124300463154 0.728784197719853
-0.238191467699948 0.0318092306069352 0.372484146930417 0.355871585924573
-0.0715541574730416 0.152990007696015 0.271963838265821 -0.0298595585645095
0.0230041494769498 0.125978179094657 0.102728898564535 -0.0808726565917819
0.0516810534578821 0.0604106995515708 0.0506551681603645 -0.0397634127982858
0.0526333719807077 0.0167790070074269 -0.00727975085623909 -0.0392663877901724
0.0331241843796008 -0.0131470061788859 -0.0821198786279754 -0.0119913453905228
0.0503721512039463 -0.0115510140293378 -0.159504987442568 0.0117264351517354
0.0925008162511149 0.0524516823095266 -0.24499185093739 -0.0189785199442885
0.0501568078728406 0.16479174854338 -0.279550532308008 -0.224089167547383
-0.129181715148398 0.0984859403031987 -0.0742446582060078 -0.399984605457668
-0.0673255270341345 -0.0395902166328026 0.198522782244152 -0.330723849052669
0.0759495053109416 -0.0251093059562173 0.170255133458537 0.0814874702591424
0.309182573190015 0.0578531161809354 -0.0415357661890062 0.00631874379458467
0.202980189852805 -0.25397959643282 -0.455508028541475 0.416637029991318
-0.156451271479421 -0.257842939301128 -0.0167438803793042 0.607455978750236
-0.239116933912961 0.068599378571722 0.265684483678803 0.305403283769042
-0.0552660364731069 0.156939149081451 0.19998456124047 0.0350691666446761
0.0136659249668639 0.11900504916082 0.109672163915229 -0.0107902613147787
0.0454309450735599 0.0616281819569881 0.077467852189356 -0.00902034460798808
0.0606364265510801 0.0184233477714314 0.00876929033896284 -0.0269620897445188
0.0507473599120897 -0.00666661524191943 -0.0719888765659439 -0.0139505890328067
0.0753737032508227 0.0187774014784236 -0.14041709915033 -0.00825572443122434
0.102644307503938 0.109865665142823 -0.208818700869695 -0.0247871277365697
-0.0164484483692651 0.222621114771876 -0.273922447408409 -0.186637987280695
-0.211534471576673 0.0268632857868917 -0.129083690187136 -0.391059631459201
-0.00865046855193302 -0.142355006703103 0.165225706273027 -0.395755079930036
0.205010829724969 -0.0155015771482397 0.166045235501772 0.0499397401601481
0.297896901357258 0.0293062459161742 -0.072218173489176 -0.0151040958948231
0.118109928648153 -0.248448101209495 -0.369530408405762 0.359539237593858
-0.18668406707664 -0.168824738526353 -0.0437381443680878 0.487106569834921
-0.162033587068341 0.115645117264506 0.170012100869581 0.293477135908834
-0.00724219868196504 0.119036299289141 0.165688843400188 0.091721609771163
0.00663444709769374 0.073500241545076 0.123879381826488 0.02894327843673
0.0291137142844832 0.0414457834762018 0.0944555584814732 0.0101027233621174
0.058035987993036 0.018447835102409 0.0228829598235541 -0.00957250132178628
0.0624786582660284 0.0173229260055612 -0.0493994670371099 -0.0101260882224805
0.0826669961025175 0.0785571138088897 -0.0986689699324171 -0.0122747552780011
0.055586491884856 0.180401062193506 -0.162763211204503 0.0043699805651396
-0.144546053426404 0.219343453027372 -0.292001111838884 -0.123490938563849
-0.253196618772933 -0.129054656705679 -0.206154442266943 -0.403043226743082
0.11565456495043 -0.241880323544598 0.13934780794615 -0.47907873148156
0.325678172331247 0.0209735807759366 0.138725093298703 -0.000334930478932685
0.248809799193136 0.0029152939983729 -0.0824631118008424 -0.037472038227188
0.040068293993809 -0.180813618638288 -0.299196751574866 0.279598616452869
-0.156943395295686 -0.0583066321207532 -0.0851229282522686 0.418607679247824
-0.0560566203438451 0.119080628298207 0.132265320694378 0.315358203902893
0.0294964136621437 0.0517388220751453 0.180420954695457 0.113633609352168
-0.00492044136444864 0.0162826487162917 0.1437827821238 0.0274532398525515
0.0116363985112217 0.0116130586177352 0.100774192487014 0.0151717436252186
0.0444298050387842 0.0179119872979391 0.0375246309546648 0.00660452758711585
0.0598147354045201 0.0479597133472316 -0.0190933979948558 0.00547058641241745
0.0552916372363585 0.134073813073565 -0.054173108114731 0.0182955701375794
-0.0368562210191368 0.202468345159257 -0.146063564342303 0.0735058876985462
-0.259321409653142 0.114816342747226 -0.361767088778103 -0.0781563503975215
-0.186944692545053 -0.299295629565872 -0.281204484262458 -0.472487016384469
0.272245455865807 -0.262532689052635 0.15521380222938 -0.583773954932755
0.388771459388831 0.0775757877240209 0.100288116481097 -0.0579584384836664
0.188360396058787 -0.00628158337284992 -0.0842193885892986 -0.0635060353456461
0.0118559575143422 -0.100470413715112 -0.259776069965384 0.208375301400225
-0.0876474015902409 0.00337473071110124 -0.105065520208949 0.398893795472517
0.01249760555671 0.0743993137926247 0.155170714887875 0.334773610891422
0.0315618567823417 -0.0120446507922734 0.221874952771272 0.0938446106613178
-0.0164966826912566 -0.0270060303742516 0.15760012012714 -0.00504770196023853
-0.00331390380727707 -0.0092132012606713 0.098357680258358 0.0115504595020294
0.0251384838691785 0.0181985991938038 0.045458129521737 0.0196803991962815
0.0372042666423135 0.062663157077349 0.00703427154132515 0.0322147299921084
0.00341282472784377 0.137804088828661 -0.0306581028140909 0.0779045839186443
-0.117910634564046 0.141717954856224 -0.18587629822007 0.146442439020536
-0.260120099352338 -0.0427054068766632 -0.458560368618054 -0.103946869952567
-0.0220860633905317 -0.356709844236533 -0.293645401262992 -0.6010123269829
0.365081075283782 -0.168850878986445 0.243980131180765 -0.664790288786246
0.351732573331053 0.12494292861362 0.0643840629757655 -0.114332546382932
0.135329281137595 -0.00260162154656557 -0.0959804041152525 -0.0877914669028019
0.0288795616912555 -0.0502190327305952 -0.243293281335014 0.172645187503148
-0.0236100802072601 -0.0033894271700394 -0.0909289981120208 0.401040076856609
0.0202743719945596 0.0100420878497617 0.20170634538421 0.330608509233737
0.00953151881952065 -0.0446362085708571 0.257298172392481 0.0527309224717597
-0.0226889949124566 -0.0383349981887348 0.160104850473738 -0.0405907770366966
-0.0133595051192852 -0.0138676298768135 0.0927060941256017 0.00512962447266971
0.00255966827776638 0.0145468860737014 0.0473879597973447 0.0263242355268517
0.00231407704783332 0.0487322300218987 0.0181526635882278 0.0609911696226578
-0.0403091624448737 0.079391362407681 -0.0421618201226505 0.13577788335713
-0.123222031434058 0.0312384600620614 -0.256097177132899 0.173196244755071
-0.135356618161003 -0.137752351741093 -0.512126817176312 -0.197776788487039
0.120337658070932 -0.250035449975059 -0.216362955500754 -0.724487487473349
0.315489634148646 -0.0228866938165628 0.373200118423869 -0.686639967251741
0.216592087898546 0.121101612042909 0.0444511718474443 -0.159134600709642
-0.0218695959904421 -0.0203059033065259 0.0284458564054597 0.0413019739299662
-0.0507807102532356 -0.0253806121152834 -0.516171924109926 0.498875440407473
-0.104560553512522 0.0193625420104521 0.0743016982428003 0.850047933530825
-0.0344259005107963 0.094285170835248 0.565045313217909 0.339078919156725
0.0374978028706976 0.0546236135226868 0.351238714361873 -0.180461581162863
0.0476763698187853 0.0126848077040329 0.0580886370686275 -0.196885175733739
0.0200056014452775 -0.0116870113330474 -0.0183021247646226 -0.0746026484222411
0.0126663241190007 0.00124910369299109 -0.0418838569454259 -0.0447618908637115
0.00793270756845892 0.0115007455038733 -0.100008421025964 -0.00444767434704799
0.0195593304086768 0.022259388360722 -0.171272699831258 0.0348547752447155
0.0150685867718202 0.0385099365060707 -0.271781981921558 -0.0132247736870243
0.0106729894381536 0.0340696970614483 -0.268416535195433 -0.260704058512466
-0.00589180876966831 0.0498850535959854 -0.00378014074782466 -0.419399842425374
-0.0468102127838485 0.0611926826370089 0.227718747895655 -0.275593968832772
-0.0995923483747648 0.00836491727742221 0.150868176480052 0.0877140681757929
0.14158025676847 0.0266633872585709 0.0362797965750567 0.0422517210244901
0.109102656499249 -0.122117439865815 -0.530919711862206 0.475123314760295
-0.106444525531505 -0.141122425767955 0.0196504521912101 0.817793991652476
-0.162413267429059 0.0608357255592762 0.490473143198029 0.368461434282435
-0.0269296026810221 0.121833106085414 0.334098127787282 -0.114724377350303
0.0440396998122512 0.0860714384540997 0.0850559940110267 -0.157940947915646
0.0476243600392514 0.0290482230127535 0.0127126938114747 -0.0688643485448418
0.0370847071837319 0.00799113146015482 -0.0283714690881094 -0.0435723485130671
0.0174539159382787 -0.00612143988186049 -0.0931910407281903 -0.00227076936100956
0.0286192301330865 -0.00647941510393943 -0.169607002778785 0.038987355859346
0.0580039094157923 0.0301929824963315 -0.271199102687161 0.000676136186160941
0.0547930621807224 0.093980608022611 -0.294211481995566 -0.23742552514312
-0.0540945555915087 0.0996775941447791 -0.0501251582185846 -0.415827216063962
-0.0734532699919296 0.030724417719691 0.213728441641509 -0.304527954778229
-0.0278110617172219 -0.0156631778564499 0.17279905057521 0.0881676350447084
0.265002341248555 0.0469727067930724 0.00225552514706078 0.0237927464510771
0.201862921114771 -0.216122825694572 -0.507528967737377 0.470396114835395
-0.129556476754496 -0.245874956413785 0.0179646394467287 0.736897424233981
-0.239637195367419 0.052525282306342 0.39369046017435 0.337336735583486
-0.0599201435696944 0.160098584171679 0.270061195453561 -0.0439802070258525
0.0345717914839859 0.125766660820027 0.098977559925223 -0.0878083416946381
0.0577945518430239 0.056397751278527 0.0490247329577552 -0.0434217041953066
0.0547947899584052 0.0104216050493072 -0.0117970284131755 -0.0374076514427025
0.0319965584447867 -0.0174400220307407 -0.0882130125310326 -0.00251924199144501
0.0494770134617898 -0.0155030954483577 -0.165691777823725 0.0245473109197215
0.0985841216252282 0.0458778919582103 -0.255699555972129 -0.00600873148055558
0.0651059142535849 0.162810436360441 -0.29840057167679 -0.214534836927312
-0.12497727692114 0.112510505517423 -0.0978203082704442 -0.408186790043923
-0.0721468674701208 -0.0372011364577334 0.188239271195449 -0.349921984105094
0.0759262630580774 -0.0351128216719728 0.187114950459648 0.0713047387922527
0.31956051855743 0.0330524603679803 -0.0453663646465738 0.00265640358376024
0.185298901981818 -0.276008517677795 -0.438616524822523 0.449713734655286
-0.180745028214549 -0.24942396114517 0.0134178266560998 0.613958326978104
-0.237705103526718 0.0899625338573182 0.279833288851015 0.29562537805362
-0.0424761726242509 0.16291656382936 0.203621886370163 0.0280978193832462
0.0264310500213165 0.120016004585109 0.11039812001793 -0.0167788061891373
0.052374216167827 0.0582174616414174 0.0767667729988246 -0.0162966324387315
0.0622284638845652 0.0111112539981687 0.00617162502737721 -0.0267795376124674
0.0511750541936157 -0.0126531127290183 -0.0766986389745835 -0.00549671059407816
0.0770735358001537 0.0133420092768757 -0.146636856319402 0.00291189063972071
0.112767759422041 0.104232294634342 -0.218182668633637 -0.0145382241722313
0.00253523981541129 0.228515933630557 -0.290247283973058 -0.174779890467099
-0.215590746594965 0.0458149449674338 -0.152489156061714 -0.395411542971328
-0.0197741884162298 -0.148090819578661 0.149818648168861 -0.411243722515094
0.209144309702117 -0.0370809598484631 0.1789360473663 0.0389705955024186
0.306565268169881 0.00364135037852773 -0.0778244467952159 -0.0171791630664167
0.101828043305198 -0.263760566446906 -0.355531696262493 0.383679773812818
-0.20621286224557 -0.157515174749146 -0.0223478373081772 0.497060586372079
-0.154426549162754 0.132035946680229 0.183439738690341 0.29070515207794
0.00379009361592447 0.122900998202404 0.174339083701173 0.0896200909454843
0.01542639791866 0.0759329875563462 0.129952545402487 0.0225511714532685
0.0356457247430442 0.0394332543622976 0.0959756133843638 0.00292061574914979
0.0602735562488329 0.0104614960153715 0.0219333143992761 -0.0124886115897566
0.0659336246974829 0.0122709157943457 -0.0535705563263122 -0.0054392867630529
0.0913069429882839 0.075834940029404 -0.106446552131835 -0.00642137504827954
0.0736779837759411 0.177595739943856 -0.169726524338598 0.0106016475209941
-0.127031716253074 0.234978453058621 -0.303038898501032 -0.111450099827433
-0.271241407787789 -0.108771879305383 -0.22926607142678 -0.400812194098632
0.0984525842441008 -0.259735632115146 0.116287112682093 -0.494262022107365
0.333187259269541 -0.00834582155642374 0.149007708562298 -0.00724843723962039
0.254718639592311 -0.018823260384449 -0.0908222165993607 -0.037487463517947
0.0264298719025148 -0.190806663439531 -0.291442035131452 0.298990198678526
-0.16632736153451 -0.0463959146908426 -0.0705284382778367 0.431034567984498
-0.0468305632115268 0.127978931390576 0.14806307994843 0.31861226806173
0.0357452707806253 0.0507640537905496 0.19181180162966 0.110481963037015
-0.000158525554707071 0.0180739464610775 0.149029829536931 0.0181353092089526
0.013877017261579 0.0106349816092758 0.103703163575295 0.00639090514343867
0.0484894282349213 0.0123366659868736 0.03831709394231 0.00294316118608733
0.0660526227048863 0.0428715452402688 -0.0212871862463152 0.00747409436690252
0.0705337684914563 0.131574975124934 -0.0579429756259741 0.0200872019370271
-0.0196963422115258 0.209953965748363 -0.146358413859929 0.0777223739124348
-0.251912797345842 0.139500142860996 -0.36848852356317 -0.0585336472261912
-0.215128961025692 -0.286145320054923 -0.311062038825738 -0.463570813473038
0.256453321192041 -0.290329096240636 0.12336943236671 -0.599308486719424
0.401399439048701 0.0454282182264238 0.104212081503156 -0.06027272681736
0.192708965523461 -0.0225021224731322 -0.0945058203888598 -0.0619229029111546
0.00361187674739046 -0.105664332200048 -0.257974072593345 0.226274197576675
-0.0907867698744579 0.0102698184000723 -0.0914955130232208 0.414660143423214
0.0192384729503317 0.0754963967042972 0.173687070233583 0.33721036565499
0.0332255684226616 -0.0141659991338951 0.23163045166883 0.0865819917199202
-0.0164655766583477 -0.0248373079903603 0.159793892635016 -0.0156666303318434
-0.00275984143456964 -0.00976005851127301 0.101842624874086 0.00158596562336539
0.0279643174751009 0.0131702285096156 0.0481215966689642 0.0134826676598736
0.0457758149883507 0.0601984743349786 0.00874426823462558 0.0311408758727113
0.0174475061821991 0.141040405196621 -0.0290776509009787 0.0784570897099577
-0.106609607184592 0.15480241486887 -0.17898440927725 0.154784068225878
-0.266418916080591 -0.0181411380545425 -0.467505250101336 -0.076496229935119
-0.0515646898852443 -0.358410024793127 -0.330803665589208 -0.59292562373533
0.358421946969744 -0.200996244161299 0.206294942960986 -0.688802948507087
0.368086850180868 0.0973315306545219 0.0629851696551919 -0.115516518486261
0.138015758242249 -0.0136145085506994 -0.107968492211944 -0.0845480684328165
0.0260965974581135 -0.0545655629827098 -0.24389272152655 0.189088968974293
-0.0251557399540748 -0.00162966646783954 -0.0758072652628668 0.41639358783762
0.0222321648804371 0.010585672750494 0.222675316905428 0.331954094730451
0.00721129928353156 -0.0455733494744273 0.266557729585199 0.0424384481345424
-0.0245766664783145 -0.0360944348458844 0.161461463981649 -0.0520337936300692
-0.0134940768296672 -0.013347460197791 0.0961609063787358 -0.00507472206227718
0.00568933214348437 0.0126514829078131 0.0501044227245067 0.0210534511528139
0.00901578594591162 0.0495480124086311 0.0238268395241607 0.0592560297026856
-0.0322604084167474 0.0852377540844177 -0.0343524812073619 0.137173725631685
-0.121749273234286 0.042952348294133 -0.246227103924554 0.18855035546228
-0.147343788619759 -0.125898943085083 -0.526146768987585 -0.16757585788198
0.101794109358673 -0.26070931175752 -0.261861605862141 -0.718535682633006
0.318830450717593 -0.04848566240919 0.335843095624101 -0.719030605837055
0.228282796601956 0.10573791760538 0.0402585211576984 -0.157541223984199
-0.0237689883770849 -0.0183467546677326 0.027806267513572 0.0318378693687036
-0.0510239082115486 -0.020477049972149 -0.486213090349399 0.524133176124491
-0.101663067156513 0.0271444893351301 0.122907612093883 0.83323219677008
-0.0259830115664718 0.095024480924757 0.574112279814446 0.29873026977902
0.0401568992471682 0.049365034442935 0.332224901803786 -0.198745565330581
0.0472833387975183 0.00736757150115332 0.0425937610996176 -0.196416779363769
0.0180807129211849 -0.0124148586255708 -0.0223330396188938 -0.0708600298206185
0.0121183098678107 0.00115102390347553 -0.0453061685295624 -0.0388013949649305
0.00798175280509823 0.0117132526955631 -0.101036495795984 0.0072075662206993
0.0197527613307631 0.0212875639014049 -0.170203885586487 0.0479756675062907
0.0169108769536428 0.0361645669620434 -0.273099780022468 0.00347782635522608
0.0136322735129067 0.0313630587733545 -0.282104514200718 -0.245609396740492
-0.000202287530397059 0.0505546503205246 -0.0263411767639861 -0.422843985405338
-0.040548777027581 0.0656862319237084 0.215545681268974 -0.289179202155459
-0.097865157863558 0.0154011638904934 0.163979536232997 0.0755598329945228
0.141761387998065 0.0146960430231276 0.0359412551306675 0.0318000951756957
0.0987422711647053 -0.129170471325616 -0.500990269198074 0.50099430968504
-0.116124597471511 -0.130302335945755 0.0665831932759576 0.80722196100784
-0.155583961726745 0.0719420920754722 0.502216315211445 0.332986870959118
-0.0179396092308736 0.121037193825578 0.319588920729164 -0.132783772144121
0.0509638274067174 0.0805192883294582 0.0727816032425577 -0.160279725585071
0.048102571343727 0.025269336198115 0.00747622830153728 -0.0679123340828974
0.0363642081526555 0.00383882162387797 -0.0326304232079307 -0.0388490449534629
0.0157067707270684 -0.00749926170412666 -0.0944997753445915 0.00834811927415089
0.026424832529854 -0.00775358502602205 -0.168437215957753 0.0517333079989696
0.0596499943865674 0.0250570178661799 -0.272889092174008 0.0164819485999873
0.0623666922417481 0.0881749649255862 -0.307372549228842 -0.22183939802816
-0.0461666084632074 0.104276560030518 -0.0725753014517911 -0.415387151465284
-0.0701485759458801 0.03487471008222 0.200445738753668 -0.317506875965404
-0.0289261415756003 -0.0152333778695506 0.184990394653514 0.0740232219869474
0.265940008322593 0.0238477104531555 0.000806621835293906 0.0164145313860943
0.183789612437329 -0.230104737383334 -0.477299572639827 0.49327446679248
-0.148275998805774 -0.232707336640469 0.0582830479132677 0.72447748802794
-0.232749693404613 0.0708065200099856 0.403321033703062 0.309973236436354
-0.0471244056324238 0.16204082002118 0.262189081181241 -0.0574215434750574
0.0457355932778439 0.12090546035617 0.0919183866946486 -0.0920020680704063
0.0616853257025143 0.0506756656938526 0.0439760694546849 -0.0467770257614174
0.0543848619970506 0.00471654530323219 -0.0158360754407519 -0.034432530624238
0.0293879089923837 -0.0203531420404961 -0.090041607141789 0.00709766422470463
0.0467806912349957 -0.0179396066206552 -0.16583510215622 0.0378730563561318
0.101023821348134 0.0372015710931629 -0.258696221637993 0.00804140504963633
0.077522194249056 0.156212295111815 -0.309511148704875 -0.198350024677451
-0.116834095107227 0.122373388352744 -0.119045747193243 -0.404710699242941
-0.0759538417675133 -0.0343834314463794 0.171673107726453 -0.36131967668095
0.0741607687038694 -0.0446622053334906 0.197080977615921 0.0565838173888384
0.318918125144431 0.00484175191125447 -0.0475965138490502 -0.000247654997556128
0.162921839794389 -0.290208066749109 -0.409612776902633 0.465730034569569
-0.201480925271053 -0.231705089409633 0.046756554627107 0.602318313691792
-0.228003770512797 0.109315143374552 0.288460137091691 0.278757168842819
-0.0276129266725322 0.163879913290594 0.200965617495325 0.0207000196776723
0.0385148837537664 0.116657872389583 0.109227500126107 -0.021893132901578
0.0572224774524286 0.0536951810684307 0.0744031041696158 -0.0227269083394071
0.0628950544228487 0.00283862242700132 0.00154426969803489 -0.0250284719100443
0.0487964020475498 -0.0174337481098744 -0.0795039534180059 0.00314470386209981
0.0777016827748018 0.0079844599640394 -0.149132796047287 0.0140636098082493
0.120711527857623 0.0935350957475709 -0.222811545565668 -0.00298102745539222
0.0225857372419468 0.225396758196342 -0.299966191306438 -0.15880140856895
-0.212453639733539 0.0634474843140862 -0.17346888715853 -0.388992559246616
-0.0328013985604685 -0.148781291968501 0.128123688429688 -0.417486784235057
0.204599311127295 -0.0564144995679526 0.186754664192498 0.0263678474437891
0.305659717022174 -0.0239388172337471 -0.0831163058925231 -0.0175306525592702
0.0793176069413172 -0.273162191115462 -0.33027068518017 0.398372639806853
-0.218450964712585 -0.140144909171189 -0.000456547990305639 0.491598227827906
-0.142538221520186 0.144124062427269 0.191731206898753 0.283724387646833
0.014428603179975 0.119352416587649 0.177431549848129 0.0838278946061731
0.0243850155636108 0.0737024096541282 0.131859190725929 0.014366938954432
0.0395030779488763 0.0348857274256236 0.09449383795765 -0.00576513059435174
0.061350422397149 0.00251007002894177 0.020902443986545 -0.0129743194225322
0.0665074820222626 0.00470697870003107 -0.0559032570241482 0.00028608773454383
0.0978939170032825 0.0666090061424355 -0.110627747009133 0.00192713086479057
0.0879223898150727 0.17120392888658 -0.173136917039921 0.016568523275983
-0.105429126474295 0.243308704614318 -0.30482212088326 -0.0954425611507771
-0.279107599462843 -0.0848375718778287 -0.250004811106957 -0.38644429477725
0.0768703710385202 -0.268274023605859 0.0902909601898435 -0.495577026114601
0.330774526906999 -0.0375298155476692 0.15415269405339 -0.0155853715316092
0.253136652089076 -0.0415512790146543 -0.0971584804610579 -0.0356284186960265
0.01106907917638 -0.195130975184141 -0.274772620461862 0.309732506908383
-0.170666047312982 -0.0327898347031915 -0.0516361668518152 0.432938210691962
-0.0349381147964708 0.131592409377845 0.161091187573832 0.313710594886899
0.0415441867981793 0.0474203462608289 0.197689871249013 0.103169578275007
0.00357519771867148 0.0181774448092612 0.151047530994314 0.00797158491108936
0.0164421874143891 0.0087461854630101 0.10261181932764 -0.00223316120073016
0.050000463428777 0.00514855682288712 0.0369589566389295 -0.000563416808825761
0.0704984551914822 0.0351174518005439 -0.0225948179328634 0.00965997828260773
0.0822361530717281 0.124977733231738 -0.060309740092022 0.0225714262987412
-0.000999644166327053 0.210002787962995 -0.143446846520029 0.0825436610709456
-0.235785396647479 0.159709934134018 -0.365202132896086 -0.0371222181182563
-0.237049761522157 -0.264786040550754 -0.332439868250075 -0.441974784725027
0.23086128734181 -0.310733060035104 0.0882057844441736 -0.597987828608883
0.402338641124628 0.0121676235389111 0.105899570920087 -0.0640399121157789
0.190680161143116 -0.0407551504724853 -0.103587722784144 -0.0580829128202672
-0.00347017402980591 -0.108732064474837 -0.248717938799741 0.236703349442932
-0.0908096704849823 0.0169851888815388 -0.0734635863503958 0.420527333900747
0.0264424242845623 0.0756272939130195 0.19013573185734 0.331070636133812
0.0335595682379041 -0.0159600079013107 0.236643984058521 0.0764693463085778
-0.0159527988473533 -0.0223061497591723 0.159790260721673 -0.0264794102546991
-0.00197959831905443 -0.00858635734784403 0.100807527880785 -0.00680487021461897
0.0313297493225855 0.00899380863759633 0.0473354224339959 0.00927624207279956
0.0518820980210362 0.0542765378937325 0.0096169422654232 0.0299878064665739
0.0326070107046563 0.138720350642506 -0.0262171144036611 0.0772711207698864
-0.0904438372599116 0.163088789053219 -0.167792135940348 0.160167175040523
-0.260965031243291 0.00481621366046269 -0.46246076319749 -0.0471638090620902
-0.0797051726696999 -0.347700055780303 -0.360487475213178 -0.56627392759299
0.339953706159496 -0.22903927005363 0.163991114364053 -0.69135724534365
0.371385155066779 0.0678249468667893 0.0628345072651267 -0.11339482689533
0.136456994227456 -0.025979628488819 -0.118130735551418 -0.0787729251830094
0.0217395120020386 -0.0580762177272312 -0.237571411930603 0.199237528350145
-0.0252953923835268 0.00149164957962107 -0.0560766869301359 0.422385582269647
0.0246174151338887 0.00971159618112861 0.24130113819931 0.322997236234924
0.00428235283342401 -0.0448614819040253 0.268733796062778 0.0297542586311544
-0.0251959866634532 -0.032950333793263 0.157789410191363 -0.0627530890954271
-0.0133129934186299 -0.0118895486025479 0.0949014828890884 -0.0143958718067279
0.00846834910402216 0.0110747444939408 0.051574298400223 0.0139457732620299
0.0157022588478709 0.0474509892117634 0.0269371792613073 0.0555296591007486
-0.0226674369712483 0.0883255322621765 -0.0249720307149364 0.134178769259897
-0.115555698988223 0.0537617926027145 -0.230069020888235 0.199539720856468
-0.154404463901459 -0.1110609773103 -0.527210439950628 -0.131659881547685
0.0797476434902055 -0.262298315346377 -0.299422127352129 -0.694820295104636
0.311440662906263 -0.0722269274624554 0.290052658847846 -0.732446642073873
0.234405551143889 0.0879679341213088 0.0353488557427843 -0.15275410776888
-0.0243691923996306 -0.0171646813173889 0.0247311030997091 0.0218232012976643
-0.0496183113810808 -0.0167290679957758 -0.456108721514181 0.527378137447487
-0.097341938692378 0.0326989504266255 0.153672464527425 0.805294158356967
-0.0193424031095382 0.0925780691062963 0.566497990742124 0.265674961175276
0.0401784572114641 0.0450518557660404 0.309252435960386 -0.205755505629668
0.0453394422341607 0.00349023743397457 0.0310196036243807 -0.190948060234664
0.0158580475106728 -0.0119419560343278 -0.02518005367443 -0.065976013041316
0.0108605125773199 0.00110223963056781 -0.0464884946782274 -0.0329518926831916
0.00770622406008463 0.0121836739873263 -0.099467025580339 0.0164976468231235
0.0196527728574595 0.0200390343819073 -0.166303173406146 0.0563918710976913
0.0177153353025453 0.0341348538666266 -0.269245360681451 0.0157614697546622
0.0151453946194985 0.0279883783266523 -0.286158314695274 -0.23191492397718
0.00431200368591027 0.0499689558479507 -0.0416860993176486 -0.417213152938637
-0.0349683253748169 0.0670995563688633 0.203562620190555 -0.293087045781094
-0.0948513593979441 0.0202034891386597 0.170249227162845 0.0638238799359863
0.138710307613207 0.0055577016417863 0.0333275824683861 0.0218599826035972
0.0895331964482935 -0.13206204818701 -0.473103977671504 0.507035341518827
-0.12014810414394 -0.119729453635287 0.0955218586371355 0.778841179850501
-0.146695224871666 0.079843701587042 0.496822887302568 0.303310663343892
-0.0106380373420659 0.117562061711268 0.300682150889691 -0.140670240037356
0.0543169845340963 0.0736985356599939 0.061416838184484 -0.157381805996021
0.0481516479886123 0.0218913851895114 0.00362894511551813 -0.0650444323441596
0.0351787572564964 0.00140507464537317 -0.0345836560847612 -0.0345413992530949
0.0131435292716922 -0.00782385137847182 -0.0940308963661493 0.0169405363590735
0.0243131986258609 -0.00815820882154755 -0.164119610504745 0.0605571633032738
0.0585576486322298 0.0203957364126789 -0.269140878552734 0.0271158000752977
0.0666373173186266 0.0804849438647787 -0.309400255299388 -0.206805225960744
-0.0387611518920398 0.105081693698933 -0.0878995529920582 -0.408105268636774
-0.0663324607816546 0.0366820658656576 0.188104135332645 -0.321436661411282
-0.028523286096111 -0.0160052124009368 0.191448290537578 0.060977284356575
0.259561785352322 0.0063966302635303 -0.00215954297590822 0.00939803886870255
0.164588546648975 -0.235425270078344 -0.447402602831881 0.49785483606303
-0.159007353695143 -0.21746506149841 0.0830861899395205 0.700013069516171
-0.221630817720623 0.0838224691060451 0.40008000150331 0.284956419110706
-0.0359033193428002 0.15919094920526 0.248346714369469 -0.0640060850484264
0.0529603685529131 0.11369793627136 0.08400188774834 -0.093076819040854
0.0627984150908686 0.0457181793023289 0.0399577685370973 -0.0472968611977028
0.0519075761959167 -0.000199071967772278 -0.0187303954834388 -0.0318575645930395
0.0263067231004865 -0.0216894145082882 -0.0884554310969854 0.0151209039711138
0.0440799677782076 -0.0191339727023559 -0.162737633868294 0.0463974201643273
0.0999867762558189 0.0303140817989953 -0.25646842467867 0.01882418442159
0.0865763993177873 0.147592471864733 -0.312215453991902 -0.182625330711422
-0.10654169973971 0.127231683928002 -0.132098200272103 -0.395146953414681
-0.0760421302390816 -0.0312114863207411 0.157625461114855 -0.363220430912813
0.0687661724632057 -0.0511784563612145 0.202582018420097 0.0440284363184434
0.310769219115846 -0.0161591174101615 -0.0496233916266591 -0.0046431302869878
0.141916908667517 -0.295025405755211 -0.382149125618141 0.466762938841477
-0.210554448236238 -0.214258825970175 0.0642282326192806 0.582719684220344
-0.213512256520996 0.120628564341336 0.284589964940199 0.262786754702884
-0.0177277945462887 0.159053514855701 0.194930498135388 0.0152893100331309
0.0462807751857421 0.111215937386339 0.105023170250266 -0.0267892300575321
0.0599904600377724 0.0479196637279572 0.0702776964593201 -0.0255379894555611
0.0595702317728121 -0.00204870212458147 -0.00020718418154711 -0.0239842708487008
0.0458944778665739 -0.0202881207721456 -0.0781195639740085 0.0103971508239899
0.0775668621979547 0.0037670802543321 -0.149210629782574 0.0239468527921159
0.124157450225545 0.0843806782226252 -0.224187737963676 0.00654364106646927
0.0376155800948542 0.217852925741909 -0.298173792335065 -0.145233050238821
-0.20439365584565 0.0760683366979368 -0.18444362608723 -0.376706026699068
-0.0413168305391505 -0.147315190451693 0.11477008336573 -0.413158603664261
0.196827375345902 -0.0712375021939087 0.19116805094149 0.0150921909283947
0.296640723029935 -0.0432966039601412 -0.0848186748261808 -0.016415267771987
0.0602244694299913 -0.274606155886787 -0.311553582075983 0.399353604497142
-0.222901025211446 -0.124031815584074 0.0135665188356272 0.480985382073669
-0.128450581647696 0.151268403470398 0.193224073656981 0.273148618594686
0.0229339929449691 0.114338971549596 0.177792138539664 0.0799212757777233
0.0318818252399737 0.0693264119583681 0.130055287853598 0.00924301157553445
0.0408338906896451 0.03026652328589 0.0903837375813994 -0.0102978472019319
0.0604520279403827 -0.0040817750169085 0.0176336031305449 -0.0134341164981396
0.0654401456445809 -0.000550759653326104 -0.0562762139193627 0.00548185305065048
0.102111639754949 0.0605145682492087 -0.111705032737713 0.00762362753703866
0.0975676289872441 0.162214615253587 -0.173168443648102 0.0233566638580808
-0.0848783972311928 0.244358855799292 -0.300084710861219 -0.0824153546097853
-0.278050404478201 -0.0638644649213042 -0.258223805288861 -0.371451188515338
0.0573592577778134 -0.270274986392055 0.0720819347673328 -0.485873698306185
0.320710884463456 -0.0596392154082635 0.15619928419133 -0.0214092966619126
0.244968510381292 -0.0582674792633917 -0.100648564222572 -0.034105642815986
-0.0016384835159633 -0.194303158457691 -0.261310524616433 0.309779834627327
-0.169664793183823 -0.0227526035959255 -0.041494324448401 0.426564214357846
-0.0246232840921407 0.13084290593001 0.166074343565984 0.306492863714939
0.043952097905845 0.0429250278589779 0.199368791161722 0.0979632584085481
0.00726147432043817 0.0177525713040451 0.149058746970283 0.00141078972979459
0.0183135100530697 0.00673894356627374 0.0989601275772298 -0.00853779740195254
0.0496418683624897 -0.000660545794734519 0.0344310284706825 -0.00270862830984169
0.0723622509504552 0.0284917198580837 -0.0230765330700464 0.0107466579135756
0.0918185791615321 0.116480877116813 -0.062553996544137 0.0240290622532587
0.0146545003777337 0.204627410092706 -0.139500961613079 0.0832989136400023
-0.217907741978064 0.170367648194445 -0.353842830703155 -0.0232851110852671
-0.247514108341455 -0.241500551906992 -0.340680295749616 -0.417462603989014
0.206406082439205 -0.319925634953244 0.0639421545920267 -0.584409189771587
0.392598953470114 -0.0141260684757703 0.10714528744898 -0.0656147120105336
0.185359198010282 -0.0526792474841316 -0.108634728004972 -0.0554239767595726
-0.0095318924908173 -0.109456145898827 -0.240130205563152 0.236887446034001
-0.0883521190091717 0.0218605726958593 -0.0611444252503852 0.417160796557851
0.0319354713936847 0.0719432213819864 0.198190286498971 0.322815320613101
0.032881006656336 -0.0173235749277308 0.236545504715537 0.0682580852002141
-0.0154242917194502 -0.0198421289942265 0.156268037987588 -0.0334117159255848
-0.00248902996328817 -0.00966183684577011 0.0967609014713486 -0.0138918350733276
0.0323429431750436 0.00461219424162646 0.0448037674594265 0.00536049886796214
0.0569425069658781 0.0474049743818483 0.00994515105892952 0.028223051379746
0.0422115195423845 0.133019930718447 -0.0251454257524839 0.0739343571384777
-0.0760269972888013 0.16378086610949 -0.156834391933379 0.160258592888846
-0.251785613958976 0.0218531126165887 -0.446851615482271 -0.0246685835604372
-0.0998462005400515 -0.331168207390948 -0.373262066827232 -0.535640089523517
0.317796164580394 -0.242697535004051 0.131030673728776 -0.675797676943937
0.365665293633251 0.0437356322255338 0.062490672338352 -0.108900498827675
0.132502822233021 -0.035254153065805 -0.125120781226016 -0.071965090701311
0.0182818164939228 -0.0600682660358512 -0.232539109077219 0.201900619386534
-0.0250330539323541 0.00356292208275827 -0.0433193305865784 0.419043586367625
0.0257495014633739 0.00869488064478472 0.248657929873179 0.31102378442992
0.00207456878859568 -0.0431458039414857 0.266068127182191 0.0199936146278128
-0.0256327952332092 -0.0295735534650713 0.15181705039883 -0.0691951229018085
-0.0118223916543361 -0.010337473202884 0.0921692571676875 -0.021284210841137
0.0112798933965098 0.00952692447762846 0.0502305825466557 0.00929621033127452
0.0199737402795173 0.044804314466919 0.0293520116573835 0.050908423949851
-0.0140256062743084 0.0878894791151131 -0.0187085217830016 0.129002949330301
-0.107241331120318 0.0604649569324048 -0.213625159415801 0.20078123888932
-0.154614645350044 -0.0967790471913253 -0.514406240892042 -0.102821859973549
0.0625831588413788 -0.257192198531104 -0.319115541856732 -0.661586347305717
0.2992340753853 -0.0875767780012702 0.251651803218612 -0.721883506287969
0.231866520568574 0.0719418805185902 0.0336244696547321 -0.145405135812502
-0.015377771652993 -0.0274954661569158 0.012161475912557 0.024806126290442
-0.0341581431431977 -0.035140066119309 -0.629433823602836 0.286776684325397
-0.0979018983732304 -0.00811600592777742 -0.19212895234661 0.791229167788776
-0.0547962683599648 0.0705029312977829 0.406694310483888 0.47094674380989
0.0140793592838657 0.0554249189927481 0.359067177982547 -0.0592976279213547
0.0377104271995181 0.0203239923084514 0.102639410270406 -0.157690728101431
0.017891297780919 -0.00390727628104727 0.00411685463302672 -0.0675798147228065
0.00824429342443278 0.00600408283567638 -0.0296070605506945 -0.046092062791699
0.000983340583587059 0.0147192023868201 -0.0978903051405989 -0.0213332510431766
0.00835849363440277 0.026798682275773 -0.175741813760392 -0.013017661814708
0.00202486209580989 0.039431058833915 -0.24724081420659 -0.0949301703191737
-0.000598377138214731 0.0322588252397072 -0.161172221660929 -0.327073368746093
-0.0174695346850893 0.0448549134921842 0.132976363482038 -0.390484895855426
-0.0552760646504232 0.0432925971013827 0.300676599561855 -0.184586787627709
-0.0917876196952707 -0.0144536677539283 0.136890991081648 0.121035138244479
0.124577384371508 0.0633413791512933 0.0187720280732506 0.00940831849345903
0.136710268724727 -0.0796657344549478 -0.637572206823529 0.252441177438779
-0.0580770540935661 -0.153173527559345 -0.243395468590967 0.74261751079708
-0.161249985186363 0.00756069916801475 0.324955698139433 0.48389309089256
-0.0598319514518585 0.0988416604010876 0.32776720551591 -0.00111436293463009
0.0194463650345725 0.0863204040001757 0.119627292745655 -0.114732617862703
0.0342447013924513 0.0379964662659767 0.029500573719782 -0.0561961135602823
0.0303321730285315 0.0135429601400053 -0.0188241368173399 -0.0427729062561059
0.0138380518302163 -0.00134669503805857 -0.092257258230462 -0.0175177043358093
0.0241619723649663 0.00396784868549214 -0.175310963797404 -0.0103380555767295
0.0439673578700212 0.0421453123493411 -0.25282044201082 -0.084629938945604
0.0263037938325837 0.0991868682907019 -0.193357486794181 -0.312373289337417
-0.0792894207231368 0.0808527577624814 0.0867637195996956 -0.401608119499862
-0.0739252182949324 0.00271150390339705 0.298826108942397 -0.219721277598256
-0.0174496477082106 -0.026991733952414 0.157187243098104 0.130206564648174
0.235158829102762 0.116096414698612 -0.0103977006302315 -0.0281309849098875
0.245461082683311 -0.141290224406392 -0.618456168645936 0.249721665746496
-0.0530114472289913 -0.256070990774726 -0.232049931785318 0.670109398072918
-0.229112040754633 -0.017483844139819 0.241538864163404 0.435027285531023
-0.0969595709468936 0.124457748575384 0.252616009019217 0.0498582204061658
0.00330689027139337 0.12116302890083 0.116333040389411 -0.0467637848090134
0.0388401335054166 0.0642702360988338 0.0551954780506388 -0.0270584462497421
0.0475787343634271 0.0181764003699897 -0.00662288939541369 -0.0352057750705868
0.0302222243493201 -0.0100618648455921 -0.0881648253944351 -0.0188141879743879
0.0456394301058861 0.000370897460720305 -0.168917655713986 -0.0221099453373423
0.0787639542807731 0.0666069904513076 -0.238835649762138 -0.0876973973890507
0.0206615473739993 0.166166371457947 -0.205201688211908 -0.29091291536396
-0.151965024800297 0.0778841897687583 0.0401451166887473 -0.408665723209134
-0.0601963068398253 -0.0643224913554548 0.290230242781192 -0.269124694488563
0.0871531649635462 -0.0275571326101911 0.172776306124758 0.123757408681539
0.293192466152637 0.118055310787263 -0.0522068344165907 -0.0640279721054409
0.248959733613731 -0.204865768911667 -0.549614209231861 0.250180518939944
-0.101411886406718 -0.275215972653283 -0.200902253624585 0.561252114266946
-0.237791381325672 0.0184766084169143 0.149637925550396 0.370989855793113
-0.0804105763214318 0.133347637909758 0.172762810051464 0.102163389486465
-0.00082126686307443 0.116094025501344 0.109909731953156 0.0197716043826018
0.0364983112050566 0.0649040521490044 0.0738523647199806 0.00439153659638621
0.0567786845792916 0.0184106662503644 0.00741542742982139 -0.0221199357056512
0.0473920124394238 -0.00204515470759292 -0.0760356399429605 -0.0192941244837218
0.0682203871686021 0.0334889705780513 -0.146247468227678 -0.0385127182371912
0.0807453511035639 0.12374070960273 -0.20454191748863 -0.0849594415288333
-0.050151113850548 0.21331611059111 -0.208725998432062 -0.252205948224567
-0.224494910209823 -0.00347830138201633 -0.0124456616239835 -0.414142706730253
0.0101375595503817 -0.159608696691399 0.276332622876389 -0.331402246689722
0.210368196225821 -0.00254324858794507 0.173179144436894 0.101903919783642
0.292503181480788 0.0849165640831402 -0.0822881715461967 -0.0873367510113782
0.169086142411568 -0.222301435055878 -0.457993572200094 0.220837275477523
-0.150438107740363 -0.19985172257334 -0.201685432890151 0.449163720753106
-0.173926483160654 0.0803023904742601 0.0647325217734545 0.341352099400478
-0.0268667861917321 0.109298893172534 0.13030707414145 0.149264479959218
0.00126907033657473 0.0745199910033096 0.116558186541151 0.0601771583582714
0.0267716195234963 0.0423813692760321 0.0855769791158917 0.0260423333436994
0.0559874551680381 0.0180449414866604 0.0193610127750461 -0.00589085310730071
0.0602840890211304 0.0225854755597827 -0.054773358882317 -0.0143776246446602
0.0721092150417289 0.0935498754454427 -0.108596714695523 -0.0375699540526556
0.0297110368299314 0.183331351679774 -0.166308101864427 -0.0507436265322057
-0.170089500951526 0.193735061031001 -0.234773429450166 -0.197057056913144
-0.244264393886857 -0.159448869791245 -0.07824461807536 -0.438861859034566
0.14268784877976 -0.236050511487333 0.270144886958114 -0.406489461917962
0.320669596030016 0.0499703528963748 0.151889735062912 0.0619216401932022
0.251862552620365 0.0492315348751807 -0.091982655161701 -0.101815490293721
0.0806899369335734 -0.17647556814356 -0.373983014344855 0.165005998771038
-0.144839053244097 -0.0881258075776677 -0.223818165378953 0.380899721542255
-0.0736878745459301 0.104639981799376 0.0287784599652963 0.3547694113317
0.0215043349095956 0.0544284849048416 0.142340589640951 0.172757853952541
0.00104311978760125 0.0191193894578458 0.134595778426966 0.0602653187559578
0.0154692799551542 0.0131566698703133 0.0928733237641446 0.0304191847087946
0.0462543430398004 0.0156265129042893 0.0314919612680337 0.0102052959682725
0.056699401564077 0.0522010683172108 -0.0271978219759546 0.00108935515959543
0.0424502741837177 0.140340820427576 -0.0702885458025044 -0.00335008953620096
-0.0602222064655754 0.193335704092041 -0.15946891348322 0.0165901887717066
-0.260036063365638 0.0785903226732906 -0.306292567165031 -0.165479349722471
-0.152467077873538 -0.310542465118267 -0.128840927247961 -0.514468619459887
0.294349683948987 -0.229475113923212 0.304831497932474 -0.489606030186411
0.369807166335722 0.11901832124262 0.121531406849888 0.00634528905689818
0.193500891177589 0.0288007905846607 -0.0896564747190949 -0.115559580704177
0.0374749774217742 -0.1044082650964 -0.323571357141832 0.110545445988094
-0.0883116910203609 -0.0164428049417297 -0.233317262486958 0.359113536544114
0.000460461550956501 0.0757561772852529 0.050387392718915 0.378779810294449
0.0350902676183279 -0.00316128289586167 0.185526716719269 0.160956752081019
-0.00403776340607258 -0.0221045900534665 0.151919313706243 0.032827989452164
0.00401030794552482 -0.00824223741815052 0.0931710126198257 0.0254379859947368
0.0292868203327227 0.0146973732637715 0.0377129294259325 0.0205891447474376
0.0354846814282941 0.0643497710603422 -0.00351660335298253 0.0282749344137246
-0.00659227000861938 0.136796954543143 -0.055482070740339 0.0550540153000035
-0.127445108508952 0.124792751658614 -0.204116634280798 0.078071602817422
-0.237135220798781 -0.0665743488664378 -0.385677910750685 -0.205715397552784
0.0155171209187166 -0.33970222798485 -0.108468548682654 -0.625877236559553
0.369425446456 -0.122232476938571 0.398336555857521 -0.540433041473303
0.323773282147912 0.163690016486464 0.0949385732939687 -0.0526438748849109
0.138179283131884 0.0246516280864517 -0.0956975628646523 -0.131538639050811
0.0429920671479997 -0.0470287625816651 -0.302128312095875 0.080961277558896
-0.0226259588360583 -0.00687532784159482 -0.219075731313415 0.365369440808693
0.0207541942536551 0.0176827184748213 0.0991505280303079 0.388720551630486
0.0181885901437731 -0.0373464534144673 0.229972219130406 0.130075253574887
-0.00984554520730679 -0.0357008829240799 0.162148885104837 -0.00043501437688095
-0.00465540830516817 -0.0129740724359171 0.0919387874669251 0.0157810964081032
0.00861364473769085 0.0117894238765653 0.0410667626891865 0.0253763411579024
0.00485056778674614 0.0487617418007876 0.00620097716790297 0.0550816072621732
-0.0418253675830818 0.0763637441737442 -0.0697667232485899 0.106152069192819
-0.117326023393213 0.0203617784143625 -0.268300872318869 0.0920309362697488
-0.107681071556804 -0.137725816911978 -0.412704502874179 -0.301716981779791
0.137504477904636 -0.214779145832005 -0.0103010631826389 -0.711445693396776
0.299024848453821 0.012700826286117 0.516143853579618 -0.535676629561464
0.18997635477111 0.143963506880136 0.0833910118786002 -0.101139290004943
-0.0167872442498422 -0.0273977284629281 0.0118658492236207 0.0161884094565171
-0.0341769228695615 -0.0330158765613147 -0.626174848657962 0.292530818021333
-0.0964009088023832 -0.00436259747182225 -0.178779352913465 0.788809461413331
-0.0510971250972588 0.0710293381997141 0.408831737163072 0.461137532635881
0.0147989566111814 0.0537630094102008 0.352812038889702 -0.0658979697497467
0.038180939363122 0.0174464524404833 0.0950639065957758 -0.158105836972698
0.0171365803716316 -0.00371508044724487 0.00287516494302679 -0.0655283888081463
0.00806599270257458 0.00619654142396033 -0.0318764869478538 -0.0431450960514316
0.000506781168793053 0.015087215927532 -0.0999182854924945 -0.0148692763809226
0.00914367670706427 0.0266348160727146 -0.178654619994861 -0.00767697319282502
0.00288174193028705 0.0389715511862933 -0.251329726729014 -0.0899177458322872
0.00154092674717802 0.0306354295881489 -0.166628946193892 -0.328415535002058
-0.0148191589043719 0.0449901478931905 0.129656729123937 -0.396620483868088
-0.0525269366701072 0.0456731209861581 0.303493700262533 -0.190363596530175
-0.0918614173208797 -0.013470055469316 0.145342393388003 0.118646511651209
0.125197682550627 0.0586600064460405 0.0179760973995518 0.00120399317994847
0.133886402286064 -0.0842059076008733 -0.635899881531184 0.257143694852806
-0.0624330607888237 -0.149962667847489 -0.232273257317539 0.742638932854062
-0.160000150259339 0.0133130689217908 0.328415581028042 0.476123980392162
-0.0573170203722474 0.0989896975514635 0.32253022228023 -0.0063472340498676
0.022881350217472 0.084112310415225 0.113206069769161 -0.116366770370283
0.0348210431235714 0.0369102389195364 0.0266871984408411 -0.0561160163825401
0.0305145305086425 0.0126348766200255 -0.0220566253605834 -0.0410169393718401
0.0129219329001907 -0.000987096645486336 -0.0947467099550484 -0.0123100150766651
0.0225133088487111 0.0035088344737324 -0.17801317341108 -0.00378101963922468
0.0444670805915657 0.0400154803491154 -0.257141109014246 -0.0792680106988985
0.0299902788600932 0.0974852306195474 -0.197606000797561 -0.311195598683806
-0.0762159347244761 0.0841128123841019 0.0828364659239212 -0.406874526613579
-0.0736716272941204 0.00385650419542733 0.301074749824482 -0.225814696681028
-0.0173667075387521 -0.0292698249095792 0.166842618694278 0.126523484886467
0.237239458380738 0.106933996051576 -0.0119520107468545 -0.0342504664371213
0.239626562903614 -0.149457549609381 -0.613086895538953 0.255807611218038
-0.0616808280817559 -0.253006837955125 -0.222210577720498 0.666557924117679
-0.228614885502739 -0.00961417024362666 0.245472005906999 0.428770646794887
-0.0934231213973141 0.126473417656927 0.248960378646738 0.0477714601819812
0.00912947703297854 0.119577353489867 0.11306923846539 -0.0480756401880142
0.0414189727183944 0.0617133436776343 0.053116911748183 -0.0281913281417902
0.0476339043649339 0.0145779700556428 -0.00884883674913925 -0.034569938172874
0.0287073892131087 -0.0121822349797479 -0.0897816830951906 -0.0133694755472047
0.0451304001597423 -0.00110353669102324 -0.17188776987813 -0.0169733035541208
0.0810076757606868 0.063357268165899 -0.244601347685151 -0.0836473827288852
0.0258075616917367 0.164529104895676 -0.209868383629944 -0.289814304003417
-0.149535456199255 0.08390422132271 0.0367180656504109 -0.411503975387353
-0.0625673554000999 -0.065531486323531 0.291348106763548 -0.275316542706353
0.0864106943072084 -0.0343296073496529 0.182547683329383 0.121571079778102
0.295110715334591 0.103080755139513 -0.0563965034623689 -0.0683682079884632
0.241285702558066 -0.214817626654531 -0.545450261503599 0.252799575518902
-0.1108178868403 -0.272175944576763 -0.19638943439884 0.55753244533888
-0.236092088285785 0.0271651210671192 0.149325674458296 0.366684820638098
-0.0755134960554923 0.134392013194351 0.170883062315481 0.102072053743172
0.00373566011215212 0.114423427327543 0.109105263987759 0.0187331665392421
0.0395064755987133 0.0624282102734526 0.0729205270786604 0.00280423625172615
0.0571065342729357 0.012962921737208 0.00442117818741163 -0.0223676517737914
0.0477154315730604 -0.00486403550177507 -0.0790736457536562 -0.0150145415025581
0.0687588598466708 0.0330196693141702 -0.151976797177316 -0.0336601422625362
0.0870544447057257 0.120491469797501 -0.209217036036749 -0.0833921170374354
-0.0422957931032096 0.215007064841838 -0.211084154599635 -0.251068423840813
-0.22604644484161 0.00672202999005453 -0.0184522592500898 -0.415263597398826
0.00425277732395501 -0.164029658092159 0.274017184511594 -0.333303070550309
0.211631704985903 -0.0149667178846086 0.180908261810452 0.0991279837372555
0.295355640718626 0.0719629822357315 -0.0881221991127275 -0.0897916091933764
0.161672429725465 -0.231088322792202 -0.454706257354604 0.221818914228377
-0.158341553388293 -0.194901474614744 -0.200018209842751 0.448432889665936
-0.168913977047388 0.0860154501897717 0.0639946189803368 0.343286916845771
-0.022199241454716 0.109212685405822 0.132434822783706 0.151525435038928
0.00572249756283253 0.0735327167587695 0.120614974525774 0.0581582616613078
0.0297171364156959 0.0420893432761364 0.0874102630935131 0.0229474203509559
0.0562264145435665 0.0118588892103199 0.0181041153492786 -0.00643407244561538
0.0595640624423422 0.0201203079572894 -0.0568687646628843 -0.0111334688014202
0.0767806561504481 0.0901237624982429 -0.114119922138394 -0.0349429482204876
0.0363155349149215 0.181754374176846 -0.171369201282188 -0.0517232307394451
-0.162481286598625 0.198996849488117 -0.233399904603833 -0.195844963192115
-0.249364301928711 -0.149178596522711 -0.0833395852020192 -0.438164503578563
0.134412526183591 -0.244309894077565 0.268071503776695 -0.407633616107481
0.321265243626692 0.0362225213487968 0.15895703916797 0.0599608772203173
0.253343214784933 0.0382774475664612 -0.096566905660958 -0.103948311500337
0.0750168424664671 -0.182342540182962 -0.375534750023968 0.165645981064211
-0.148585976103993 -0.0848723632287767 -0.224513347015894 0.382315472656197
-0.0690517848372875 0.107491856825237 0.0302655597338251 0.359055632712517
0.0239669882221877 0.0539738966817144 0.14489809467228 0.175753096551925
0.0033823723575821 0.019740089411235 0.13574998674574 0.0571590207027138
0.017241769217037 0.0117689015170196 0.0926100784536059 0.0272473223342423
0.0482626204862155 0.0117159298319909 0.0296725124233379 0.00792853183900726
0.0583557299492367 0.0493510516606488 -0.0281260528558515 0.00200450103187651
0.0504046692356085 0.139464900102283 -0.0755486138807202 -0.00343042390374988
-0.051607073461359 0.195357608175162 -0.160696896200938 0.0173488088409045
-0.255082438426599 0.0891669118300688 -0.303269839554305 -0.160741641030719
-0.163536205559485 -0.302198892467725 -0.135228168515934 -0.510047483946782
0.2858799796489 -0.241356814126639 0.297662309384555 -0.490276929812754
0.373676611540128 0.103269879616896 0.127118518458031 0.00866789099448759
0.195537232939667 0.0205234564120623 -0.0958589144420946 -0.118001987975303
0.0349871901106427 -0.108441887673437 -0.329658426194871 0.111193544999326
-0.0907313949502344 -0.0142764326647353 -0.235930023531402 0.365514115360934
0.00471801593152077 0.0764836108766836 0.0526607334314117 0.383216567738116
0.035173704612729 -0.00484643589013051 0.189627250807043 0.161818421307347
-0.00393071815843759 -0.0218380495341356 0.151309719859278 0.0292070648175415
0.00517396218387764 -0.00860312614998215 0.0935999001438314 0.0213360693146573
0.0318291972220501 0.0112969271645985 0.0386039537405674 0.0184429955680855
0.0393409514892996 0.0621696189440525 -0.00448702505454966 0.0267175609898285
0.00312800222860501 0.137392174702962 -0.0574534405585307 0.0534830388927266
-0.119995432431979 0.128923876558077 -0.202162112771576 0.079909652536623
-0.235768458711244 -0.0568757099981189 -0.385041920539883 -0.197559783336494
0.00294050872128401 -0.337288982482373 -0.115672574232272 -0.620531920088816
0.364356019186208 -0.134365121386516 0.387948768227034 -0.544094151474077
0.328521810616623 0.152337560093157 0.0989541046071478 -0.0491269251398023
0.139194594916092 0.0190333744606065 -0.102117483406443 -0.132743308020415
0.0423535818274675 -0.0503066620443994 -0.308036156087455 0.0823020575838099
-0.0225049220455283 -0.00578655756752696 -0.220635361320831 0.370592469590874
0.0221849260714862 0.0176288412733458 0.103874398411031 0.392243674519732
0.0170132877155667 -0.0374776598176338 0.233782768506225 0.129450899132597
-0.00958716803582791 -0.0342554143691161 0.162475483540844 -0.00450169297244801
-0.00402954880123992 -0.0123276774441955 0.0920239435803258 0.0124819686649983
0.0112131779119452 0.0103920359599922 0.0423193887100468 0.0217044675477237
0.00835291758882179 0.048697181410465 0.00765420763127514 0.0530300234635535
-0.0358899070516014 0.0783900855810756 -0.0678882824602945 0.10350495205223
-0.11441310876831 0.0254988598413475 -0.263252588943629 0.0950020595665051
-0.110043096408585 -0.132245477759982 -0.41456966166095 -0.290146001284255
0.128804354360009 -0.216185413742385 -0.0209169960614349 -0.706786564762979
0.297474915159738 0.00246261378246863 0.507376442836892 -0.538692839948877
0.194057140331192 0.136593502571921 0.0847500210787156 -0.0966218953173005
-0.0182726713245033 -0.026876407690113 0.0114139176297948 0.00787775374246047
-0.0349074925500937 -0.0321814952157448 -0.629008749452953 0.308155909548705
-0.0966896075000619 0.000124547207360274 -0.16199979583917 0.799077695150489
-0.0474278326976401 0.0724354701847373 0.419920144898297 0.453163060482036
0.0166252310024854 0.0529951554659395 0.349316334426039 -0.0752484400676134
0.0378813490379859 0.0145065012680963 0.0867823076292806 -0.160417113971383
0.0164110056293 -0.00417596957837941 9.08352573150601E-05 -0.0640232809603778
0.00813142466524434 0.00644929733569415 -0.0342219755723849 -0.0402365876993066
0.00117461081122068 0.0166510624920131 -0.101844529577419 -0.00772311343337368
0.00910921345514005 0.0273822794445759 -0.182829223731186 0.0010628786420675
0.00412980783763013 0.038827047803865 -0.259648843276156 -0.0838289108156429
0.00258872052478557 0.0298341421024106 -0.178498355391953 -0.330723703686323
-0.0115248862147317 0.0474122093341926 0.122580184322078 -0.407788107831237
-0.0517857760929714 0.0486527986677353 0.307419743658334 -0.201749165989062
-0.0928634699728966 -0.00974677680389488 0.15847802732212 0.114735924742214
0.128003923490721 0.0519266271669081 0.0178090470135583 -0.00713662948802532
0.130851991658746 -0.0905222335274069 -0.637683706445364 0.273670916588913
-0.0692799990040067 -0.148348250504541 -0.21683620119415 0.754221273398374
-0.159385211016699 0.0205433324886764 0.339333269058187 0.469134526988255
-0.053322263290845 0.101727814055571 0.320868196770664 -0.0148805528230318
0.0272576768765498 0.0820442505152565 0.106791713071374 -0.119089403895637
0.0365556523552579 0.0351589169795767 0.0251893373176146 -0.0561788251186929
0.0310453563390318 0.00981732048757614 -0.0245658236898412 -0.0394136493183001
0.0111558257898227 -0.00189498364649692 -0.0976127630817993 -0.00578063422090761
0.0214556746358058 0.00359642012427668 -0.182786691924594 0.00365107664514471
0.0469565589154664 0.0381972761299883 -0.266032936430687 -0.0728697764417105
0.0355897457713916 0.0954053943060428 -0.210140291300422 -0.312193399988752
-0.0727773635120393 0.0890663880902431 0.0747642703040838 -0.417081866055257
-0.0738126372654052 0.00560209075515356 0.303033463981181 -0.237573957259634
-0.0177019253721552 -0.0312452332572472 0.179502063291908 0.121439790104013
0.24270222611821 0.0958555176165169 -0.0149071983301036 -0.0416112702189536
0.234839801132152 -0.161207938744766 -0.614647783130286 0.269500826531316
-0.0732564610499362 -0.251954485672574 -0.209295673528593 0.675292861241045
-0.228857622612308 0.0013846110535159 0.254265234830575 0.424969760834633
-0.0885149198771048 0.131389060094661 0.249762262692376 0.0428479914484142
0.0152060544310944 0.119001645163678 0.110322628269692 -0.0505988810046391
0.045746656957943 0.0601008747261136 0.0517109297386259 -0.0297713568510191
0.0471502956351233 0.0105371508691446 -0.0122156180219171 -0.0328448739394908
0.0275827793758121 -0.0132554084485947 -0.0926352793907172 -0.00741800473623643
0.0442412508460233 -0.00146963628462306 -0.177515809927993 -0.00899284127055796
0.0833667502949489 0.0599290382765788 -0.252692911718487 -0.0768732287737687
0.0350105204134673 0.164547031551829 -0.219722033681532 -0.289946195540164
-0.148261296215359 0.0915404076545894 0.0269460398740715 -0.421863919472431
-0.0669923499364113 -0.0662989796121618 0.292110068872317 -0.2889624988637
0.0855951656527984 -0.0424196620914409 0.195657147821171 0.115843275015513
0.301786660543304 0.0908842285082676 -0.0598946224320704 -0.0730063583784109
0.233174186824457 -0.229251189031639 -0.546884066775306 0.264667586043371
-0.125619865768731 -0.26828358660559 -0.18665858977635 0.566616433714268
-0.235521911753924 0.0384567001238751 0.153649973685302 0.369416945539012
-0.0697880467600627 0.13782827563216 0.174667460544814 0.101805076285812
0.0114456239188826 0.113743898097243 0.110967632299319 0.0151222725278466
0.0440043394740575 0.060153182005644 0.0738206997127231 -0.00037874987346879
0.0573476579844547 0.00731879691121374 0.0018520765812847 -0.0215187005645022
0.0466284698518321 -0.00854980586380588 -0.0824042466854212 -0.010719300429995
0.0725881733633605 0.0291303519257632 -0.157787480565416 -0.0271328018110323
0.0919442491637205 0.118008955051828 -0.218668366230517 -0.0782874245634306
-0.0306613726674354 0.220197762024602 -0.221523947754544 -0.250727564599095
-0.228430548237404 0.0172176701317167 -0.0286547261679399 -0.4231801108437
-0.00319206365251718 -0.169122743323799 0.272453668822872 -0.347132437625031
0.212157482158007 -0.0281703082071128 0.193041385644555 0.0952417405674219
0.30150237628139 0.0587821336473449 -0.0933047264666602 -0.0933848927653096
0.151552870419339 -0.241574454444282 -0.4561823022432 0.229969978027611
-0.170805146702784 -0.190991873518561 -0.195776370289391 0.45770964323451
-0.166075129691126 0.0936565105694813 0.0686963599592698 0.349224753462538
-0.0172686922441169 0.110311325301816 0.137803402901114 0.154823497110017
0.0106027665321217 0.0741493798493346 0.121110688522563 0.0547567803752353
0.0334413928853349 0.0392667868537122 0.0879896441826589 0.019366403538131
0.0575978685470497 0.00595268680168281 0.0163337832067111 -0.0069930608009962
0.0608130738478267 0.0164180555175792 -0.0594509992261051 -0.00856974833051726
0.0833190895199583 0.0883162257417759 -0.120586050191179 -0.0310137390830322
0.0476997179412898 0.18273378265336 -0.177249242447491 -0.047568990092552
-0.152665039928283 0.206908120876928 -0.242615079909713 -0.192660538990662
-0.259527359956069 -0.138183880647111 -0.0926676694355708 -0.442874026714587
0.123796921482075 -0.256114852971291 0.262627164082074 -0.419044428273259
0.326877356370819 0.0175732354590146 0.169401364720036 0.0585421756062886
0.258362065553464 0.0249526078442038 -0.104721500035956 -0.105633742346298
0.0676430997679167 -0.190685430677737 -0.378879540281167 0.171910278805736
-0.155872956917117 -0.0796017632861609 -0.223584358011231 0.394874866578776
-0.0640671729534964 0.111453620618408 0.0348625586629159 0.366858514229968
0.0272265752740104 0.0529387600297275 0.15394064858915 0.177911164052542
0.00578221961756659 0.0192943531801116 0.139295923033808 0.053166752176614
0.0200563705680944 0.0111307273448249 0.0945697631532643 0.0235990855218819
0.0489211297169012 0.00616194563874906 0.0293997245084157 0.00685489632985489
0.0632561930810792 0.0459430169179752 -0.0297985830157336 0.00332482264761925
0.0606154630273605 0.138547382114605 -0.08013316551681 -0.00183169895645583
-0.0418636599984268 0.199630089047023 -0.163745168591061 0.0195026092075547
-0.25226257543788 0.10185243973019 -0.30669865726562 -0.154435363340198
-0.179474698317989 -0.29663183694359 -0.148849131127821 -0.511425873230817
0.276858908605841 -0.259479699915798 0.289218843199677 -0.501430593117302
0.380779452262312 0.0852611709501011 0.134065047410421 0.00800970367823147
0.199863802026475 0.00990852725419204 -0.104958617404837 -0.119628237480776
0.0312336987851954 -0.113384863284457 -0.336445254637994 0.11720443069294
-0.0923154393697774 -0.0118038636160954 -0.23622432401151 0.378657254330274
0.00779686237201908 0.0771255275513991 0.0614937459513811 0.391738545219848
0.0363898600843725 -0.00513524975923616 0.198179362569708 0.162113688859924
-0.00366400496356691 -0.0219881829360468 0.1545591357391 0.0246686683118248
0.00676447319653095 -0.00826571828048685 0.0957292484728584 0.0182718825226396
0.0330528807929228 0.0087637127743551 0.0386446061023109 0.015868213589235
0.0444794538045007 0.060609712155837 -0.00352476172711033 0.0268671240301153
0.0115390125921972 0.138861929100001 -0.0579494527238903 0.0536893845087128
-0.113523491857079 0.136787651812667 -0.200646010818142 0.084460614462003
-0.239315301274449 -0.0452429692008977 -0.387723743180221 -0.187392625648122
-0.0121839972174535 -0.337048837875529 -0.131153615934871 -0.621566568930787
0.36064891100695 -0.154423816128354 0.376827330646709 -0.555624608001138
0.33689160039014 0.135860040239416 0.103119477023484 -0.046605355808864
0.141132139958927 0.0110166937237953 -0.112517937068584 -0.133339481716088
0.0416890208414481 -0.0539210821221482 -0.317715403253163 0.0887407814817716
-0.0241394789398313 -0.00622693377944142 -0.220296425787144 0.38634151119492
0.0241889146277494 0.0170378554894789 0.116430345864887 0.400134096721566
0.0161039915482612 -0.0377609379014174 0.242660553674283 0.125753875622367
-0.00999008134532206 -0.0338659906526452 0.163934481134844 -0.0102763958468652
-0.0023684134652905 -0.0117058252663232 0.0951636778883582 0.00678111062919629
0.0135725531075136 0.00862912620209237 0.0425599961846163 0.0192135662507563
0.0140432570123016 0.048685503531785 0.0103219434266369 0.0500674857080366
-0.0292821369181589 0.0819640627908539 -0.0656609159187023 0.104230221936801
-0.113078404022298 0.0324194944086149 -0.259799146127756 0.103444360760494
-0.115108351121846 -0.125719141639064 -0.419321458392256 -0.276918623277262
0.119439368787855 -0.221315874142744 -0.0387703421399876 -0.707961188369794
0.299357798326588 -0.011469337961346 0.494827108478614 -0.555547605902258
0.200566576243061 0.129101439538279 0.0869733515549371 -0.093560728846954
-0.0204632562819843 -0.0261689489129035 0.0102728075141885 -0.00177696415308365
-0.0362701327018306 -0.0282725244303646 -0.617647306109876 0.334878170661823
-0.0954616564401154 0.00693261612371999 -0.123517760301493 0.804843956112071
-0.0424343801594745 0.0748083893385297 0.439258193814687 0.431172769458037
0.0195118748351475 0.0506835710976614 0.341307177411116 -0.0927979441282266
0.0376561830639935 0.0112205033233382 0.0752932536848874 -0.161306067669487
0.0158035409378982 -0.00515604656034808 -0.00241011406685656 -0.0623058642868815
0.00784641443874591 0.00593563639140327 -0.037129521911091 -0.0360217734023208
0.00183730887345634 0.0178071781285664 -0.102409447184402 0.00135062777453313
0.0102036459929767 0.0272620730217155 -0.185025382955183 0.0133571503336554
0.00632895704858157 0.0378077398026019 -0.266415085096345 -0.0707539783405117
0.00502399061672721 0.0289580345242335 -0.194680992405756 -0.326250412807776
-0.00713003264557024 0.0486052970820108 0.105618370084764 -0.420451210575069
-0.048178649450066 0.0525910413741511 0.303363601598837 -0.219092518289894
-0.0949396840058861 -0.00511254264219711 0.171113606302545 0.105883126202104
0.129698857116633 0.0430405671104807 0.0158639263994124 -0.0157830346419024
0.125305626659235 -0.0975629266433345 -0.627965048079386 0.299159950339355
-0.0774723693304812 -0.142911236946653 -0.181952976260326 0.761855472873702
-0.156620466405165 0.0310287273613099 0.36026716324067 0.450198970483755
-0.0468327881851505 0.104219281438399 0.316650935628944 -0.0303138524328972
0.0325408998652035 0.0791015876712993 0.0977219403817331 -0.122973099105774
0.0390318846129315 0.0326352621997244 0.0211979917634839 -0.0566398959300801
0.0305610752349051 0.00734586889164099 -0.028050363468372 -0.0356628449794274
0.0100133232576879 -0.00261058199646936 -0.0986409143499951 0.00318668885129358
0.0212058368477426 0.00316898626285724 -0.185058463744742 0.0165137891090747
0.0481451624128583 0.0354640307550053 -0.272281943597245 -0.0591831535717103
0.0414401732508824 0.0922433835468331 -0.226008143576622 -0.30610408904443
-0.0671722370756041 0.0942018415363845 0.0572477687376385 -0.426149729351436
-0.0739112494104831 0.00929288242643327 0.298388894435476 -0.257649867683568
-0.0208706096094906 -0.0324086785087915 0.193634748093129 0.111118915405019
0.248503606406321 0.0792650262477433 -0.0179838458997397 -0.0482110778630044
0.224176799864914 -0.176489426045863 -0.604506427767323 0.294173396665005
-0.0897693979781578 -0.246062117006683 -0.178901928663981 0.683789317237977
-0.228917590697417 0.0167551248276805 0.26899294102569 0.412937036595077
-0.079052282302361 0.135421353098666 0.249037777300393 0.0322778902728648
0.0236426774739846 0.115819152084122 0.106343065451333 -0.0554533380922291
0.0499511897389781 0.0564738701832231 0.0498956727851613 -0.0321682386513548
0.0474327859591703 0.00538936759158215 -0.0151511322966695 -0.0308319955830966
0.0251934409857606 -0.014349678011531 -0.093908636199971 0.00070848916566603
0.0435769708115901 -0.00341491069447188 -0.181443533211913 0.00240336968987085
0.0865711998771702 0.0536273464563887 -0.260506827101882 -0.0641094157130216
0.0466307230206322 0.161585979506199 -0.235727943365862 -0.284006822715425
-0.142067345723935 0.10249769854076 0.00779302827482039 -0.42697935757409
-0.072011753002797 -0.0654299073786022 0.281995601287078 -0.305050639712916
0.0822338684759798 -0.0516753760209839 0.208517422347314 0.104914199094808
0.306179387927074 0.0698429549836824 -0.0650422568162447 -0.0770199266594532
0.218004963930212 -0.244542835162621 -0.536682136671291 0.287585873848874
-0.144295687426536 -0.260115198551677 -0.164612062909286 0.574140446196643
-0.231311046223157 0.0545654235234768 0.167013669066103 0.363201961837489
-0.0606862998258154 0.141498259142625 0.179029587942453 0.0971426337414531
0.0194518360990147 0.111431575434378 0.112366292178383 0.0107679154116259
0.0476919634123724 0.0565040207233505 0.0737860175344522 -0.00541347483399447
0.0565978306161798 0.00198570947555265 -0.000588471870674579 -0.0197792992504865
0.0443680459402128 -0.0110909350300961 -0.0831765251084349 -0.00350700354788474
0.0739902642872161 0.0250625476154991 -0.164429367745499 -0.0160474358024738
0.0988241370376149 0.110751403645178 -0.227063819600566 -0.065587319108065
-0.0154271539304012 0.22071245935515 -0.231854591871455 -0.243203770193884
-0.227846105783152 0.0334911921954319 -0.0458908868422673 -0.42493733048631
-0.0165377479110106 -0.173026341529551 0.260996144912222 -0.362359207198646
0.21156960018864 -0.0467048686746789 0.204808413353833 0.084773119697746
0.304195562977043 0.0361156440545383 -0.100255627178997 -0.0925013252237772
0.136055414892412 -0.253451695669967 -0.448982366451168 0.246480353894631
-0.184009772929601 -0.180246503812839 -0.181097091324476 0.466767820033401
-0.159158653457793 0.104628304920482 0.0799855389965151 0.349362723557272
-0.00935416697471378 0.111007320767544 0.147559911212676 0.15309853191094
0.0162576330653786 0.072648378566642 0.12404406512179 0.0486833398931818
0.0378858748104568 0.0356825452286464 0.0882492717233481 0.0135471461809493
0.0568613128414229 -0.000813211519682952 0.0146079990244182 -0.00803755500853052
0.0631415003570501 0.0119052368450053 -0.0614295000333719 -0.00371050815660448
0.0900221713723412 0.0822733730394191 -0.126620451323101 -0.0246082477370592
0.0604319089011491 0.180501196652795 -0.182267474347901 -0.0385920624678512
-0.137608690310812 0.21798048553995 -0.248424182646635 -0.184112108333121
-0.270589389797672 -0.120267687978012 -0.113711903676188 -0.437639274853222
0.105472983976599 -0.266494301864382 0.245910662664365 -0.431253579174516
0.326919194301496 -0.00651705852041981 0.178571135370038 0.0504635860691791
0.260294804384513 0.0056009892443885 -0.11408221190734 -0.104195657032779
0.0555066621119785 -0.197833974905614 -0.377355245135438 0.186470756216428
-0.16288238340686 -0.0702529128937029 -0.211657204149672 0.408461478756783
-0.0554623465019086 0.11666441776103 0.0496243713675465 0.371976215991758
0.0308591156778991 0.0509600196698767 0.165389736650365 0.173785809688247
0.00798528240208055 0.0195202062288393 0.142711627445738 0.0458937644399074
0.02219719373671 0.00825067391005938 0.0969163670661148 0.0173617785305378
0.0491331686396726 0.000118244626194343 0.0288521526302285 0.00519517702587483
0.0667453027689227 0.0408155023015814 -0.0301673468877408 0.00482131334308835
0.0724952971333257 0.13345574450554 -0.0834494951973338 0.00237383941840286
-0.0271242253143299 0.202077899428327 -0.164404220560121 0.0270120745262484
-0.243368559921631 0.118809472580234 -0.310828939024276 -0.140320078496457
-0.19941644533365 -0.283472164765317 -0.172074597724133 -0.504959140552633
0.259005937691307 -0.279619758212506 0.267501325193298 -0.512845677072992
0.386152055805017 0.0578824342176383 0.140473823157638 0.0032789674323998
0.200078168150994 -0.0060986908795171 -0.115665031989515 -0.116834015906255
0.0237072866776584 -0.118065304373521 -0.338700264082083 0.130520287123572
-0.0957041393076303 -0.00564494055445547 -0.224200185644631 0.395306842010669
0.0138477215974426 0.0766136570603 0.0791737583487921 0.395014426611863
0.0365080200048976 -0.00709759448450049 0.208609152017997 0.154956527052802
-0.00379610196270944 -0.0212559856098359 0.156231811557974 0.0152426976809162
0.00746160992626276 -0.0101156865518159 0.0972974426794898 0.00966137678644199
0.034653930520504 0.00335443008508872 0.0383499600807823 0.0129633307980718
0.0509197647833217 0.0565285796898131 -0.0034038573036304 0.0254476277598393
0.0249270526180677 0.138233828075404 -0.0579485387667218 0.0553323436138051
-0.102876715703845 0.144824679306271 -0.195897569333199 0.0933000692116705
-0.240116797901142 -0.0285647697420993 -0.39372091547558 -0.167553458493735
-0.0344724139041394 -0.333061570636448 -0.16028029359066 -0.614112437465524
0.349057434235891 -0.179081133256658 0.351748307361632 -0.572060775075836
0.345919698198159 0.11292883440769 0.106648117976408 -0.0486928569415559
0.14236787234925 0.00172868982951428 -0.124777930908102 -0.128925446019513
0.0378226960856912 -0.058630452425594 -0.324112212948908 0.102605651249349
-0.0253619773883647 -0.00545680538640696 -0.206679789504368 0.403980839083751
0.025258092442513 0.0142631370920136 0.136645060754803 0.400313832842601
0.0134242019515435 -0.0382427025269426 0.252760838661545 0.115601933917942
-0.0119743151963104 -0.0332971252853256 0.164506218146494 -0.019339369755025
-0.00128946444514187 -0.0117090383985523 0.0957619757142725 0.000184173394682707
0.0159707690053771 0.00570574247145546 0.0435108322095121 0.0150161968894089
0.0190661193433749 0.0467941821750751 0.0125622449184747 0.0475380439559079
-0.021571687458272 0.0847801223861665 -0.0600470470098274 0.105984669978668
-0.109713100510292 0.040771607168152 -0.252405042951874 0.114996767533408
-0.121555952347819 -0.116409937942753 -0.428753839287886 -0.253534289225855
0.105593633054615 -0.225621130496446 -0.0722039391690723 -0.705181840001374
0.297459023668213 -0.0303373055375344 0.468792467580718 -0.578571952056045
0.20743935590426 0.114401362852852 0.0863114414188469 -0.0920041760080887
-0.022472792943957 -0.0241329987070084 0.00736553889438724 -0.00983574604207108
-0.0362720041763303 -0.0256000010206237 -0.589392602898939 0.353070189044707
-0.0906146728763884 0.0124258262978602 -0.0819576410617338 0.788484310032223
-0.0358140369392819 0.0746240166068039 0.444357271111373 0.398214540683223
0.0219302605734437 0.0477991447257404 0.323945886058189 -0.106313637892778
0.036016186519022 0.00778738688182224 0.062375407345706 -0.158002473640921
0.0139929999492876 -0.00605005363141554 -0.00481430314619676 -0.0586100750417096
0.00785914326685761 0.00586332926580062 -0.0376954936155472 -0.0314824157044098
0.00213295119656137 0.0183816686876874 -0.09848875099376 0.0108207461673042
0.0114232579058963 0.0265549739896953 -0.179634575688328 0.0261242887737543
0.00882853926459052 0.0362681010920642 -0.264881123294505 -0.0543488742477288
0.00688289585673385 0.0271449044376453 -0.207183716580295 -0.312172928260107
-0.0031102528274626 0.0479887312674124 0.0836201663654554 -0.419392808211026
-0.0436976046152731 0.0546083675831729 0.290101839397858 -0.231616169003586
-0.0934535220471966 -0.000311033790576124 0.179111210929353 0.0920133609635602
0.128218068588776 0.0333792615832542 0.0124283964077356 -0.024261308389426
0.116208198867942 -0.102527074303364 -0.602245382662676 0.318203366624855
-0.0838690260829164 -0.133328718020305 -0.141935605246167 0.749175720612776
-0.1501583342453 0.0398313615721789 0.367764886906327 0.42042750423395
-0.0383424631290512 0.104083315570607 0.303340389038859 -0.0443101452840291
0.0363168168633641 0.0730063994935917 0.0869876191418537 -0.12206023949416
0.0397906460313947 0.0283736556621616 0.0174950167950671 -0.0549879850545875
0.0296409573967598 0.00424231656469099 -0.0290810279033606 -0.0311536924723152
0.00894384486562276 -0.00143990232143519 -0.0949794439514327 0.012123488305128
0.0195648919270981 0.00223056236578794 -0.180331669588437 0.0281079057566864
0.0493674026103474 0.0309720924139567 -0.271189671709312 -0.0416409640264828
0.0467792485922711 0.0858409523183833 -0.235931022466105 -0.290026404060641
-0.0589042424567861 0.0963139660098078 0.0345876733390036 -0.423132077528736
-0.0723783525081694 0.0124803592731868 0.282387711651988 -0.268080676442407
-0.0232841408436848 -0.0329625134250885 0.201486976573037 0.0964811757559048
0.244117137035635 0.0604198974566859 -0.0223284325618175 -0.0528566667670837
0.205762247768808 -0.18688481012429 -0.579649276708727 0.311986352299126
-0.103202762814429 -0.233460245132488 -0.143667666616763 0.672928207229556
-0.220556104382207 0.0306187505154799 0.27881968302165 0.389469663585158
-0.0683461330480782 0.137053538098113 0.241845737433792 0.0223331338882387
0.0306854583427461 0.11014856715956 0.0995640036855318 -0.058374159706312
0.0522999213423135 0.050150863655434 0.0474722947505236 -0.0336863662364682
0.0449746614928488 0.000984775929576037 -0.0175828471397939 -0.0274095684501462
0.0225796427795482 -0.0152064261754965 -0.0920809328745269 0.00889739926516316
0.0422087331792479 -0.00557272420851804 -0.178753566852694 0.0153460714935156
0.0878839271818721 0.0471386391003086 -0.261278058348371 -0.0478669368944902
0.0562341254556568 0.153354872872976 -0.243478211311576 -0.267666213534325
-0.133297848770015 0.109380771955799 -0.0121476583218357 -0.42150867506471
-0.0757031824628472 -0.0607025268691665 0.265281098449311 -0.314683488069924
0.0749077134073146 -0.0588921622639931 0.21529762284105 0.0893555536151316
0.301973476572227 0.0451908681083919 -0.070409962439064 -0.0771308124231635
0.196481181906175 -0.25363537316351 -0.512717470760916 0.299960143738354
-0.15748993598564 -0.241846541310748 -0.137776936635805 0.565141870920462
-0.221064430670651 0.0683451805712069 0.175907354177822 0.348743476747451
-0.0498094900489509 0.140536118395445 0.178812694316183 0.0895772002751501
0.0275294732944321 0.106535993026251 0.109447293072758 0.00453189551154581
0.0517437194864754 0.0499540408605773 0.0723033413820318 -0.00826524455462606
0.0542847326129732 -0.00310878136140454 -0.00259446892311824 -0.0185517756999441
0.0430842840698025 -0.0152329901851178 -0.0821310453032053 0.00478021966771919
0.0745351448555853 0.020895065514527 -0.163895340558605 -0.00456077690193949
0.104975353019377 0.101193466602289 -0.227510072465284 -0.0528563054642531
0.000831736777973754 0.214841806980328 -0.238189859182157 -0.229922664169408
-0.220476123879131 0.0480775299803833 -0.0644180695612129 -0.414973166492713
-0.0299617667498215 -0.169482934606509 0.240295845586901 -0.36569952825327
0.198922687767617 -0.0608843985672284 0.210812148135365 0.0714625269769184
0.297691941096144 0.0129096135200845 -0.105226850325612 -0.0904519119885072
0.115972577957698 -0.257712247982283 -0.428990712019046 0.257824574504406
-0.191245064977207 -0.16364763534959 -0.158720017643856 0.463028375669342
-0.147640031147488 0.114519561824463 0.0909347007714097 0.34153135431038
-0.00153302613635845 0.10864636333059 0.153152971581118 0.146100864548003
0.022380938187089 0.0700963460285598 0.125638138154855 0.0415414418211387
0.0391733913562605 0.0289854670463914 0.0871355204880925 0.00741997344090963
0.0540471474999327 -0.00534754297544942 0.0131718438365946 -0.0077102781949531
0.0622510797140242 0.00645326136485413 -0.0617333889624449 0.00186972770826501
0.0951525372641712 0.0741724096603517 -0.128155707587306 -0.0149920895457896
0.0710783701721865 0.169910379455628 -0.183332809023278 -0.0285205221339272
-0.117052343422527 0.220582552001766 -0.247917097470168 -0.169776299388991
-0.271803036908978 -0.0988565589607746 -0.131163666551134 -0.424343964952325
0.082462564280231 -0.271318714633664 0.221726884962159 -0.434099248984311
0.31608118926971 -0.0308321483481149 0.183519008114021 0.0401921713589934
0.253115434401414 -0.0134475788090697 -0.119763071169244 -0.0991318699974873
0.0403338334635746 -0.199514274335098 -0.363499682866665 0.196646963190731
-0.165265831777565 -0.0583892048325707 -0.192166718749036 0.411299852000994
-0.0457574024051754 0.116417842835949 0.0637253191423517 0.366477865520658
0.0339524106588392 0.0471880283578004 0.172720881277668 0.165883037794283
0.00953778616605571 0.018898649253987 0.142022996818243 0.0371805133495706
0.0227893975042413 0.00522252887854069 0.0953393033111759 0.0105128571444556
0.0473975665956991 -0.00542651496415487 0.0276024967870726 0.00306941816366275
0.0687408751244979 0.0337747656615456 -0.0308364650238307 0.00777749918817628
0.0812872169540388 0.123760261535568 -0.0847123223849219 0.00801492750573935
-0.0118460525625449 0.198203894630279 -0.160596088029899 0.0331124562825423
-0.227407758532582 0.130938493452801 -0.305649467966763 -0.122922148330781
-0.213248780137442 -0.260411138400332 -0.189621133598245 -0.482251802648596
0.230575457487076 -0.290697474190247 0.236831255157696 -0.511074293208151
0.376719631664534 0.0277793297255092 0.143474226809103 -0.00188937995621618
0.194752420620041 -0.020643072309797 -0.123962115772496 -0.11024485869556
0.0155231734436836 -0.119647409021089 -0.331007496048811 0.142246270570236
-0.0940099492854677 2.75075669888564E-05 -0.204739126836989 0.401057955741483
0.0186979492395936 0.0734242615076754 0.0953878105023375 0.387021466658816
0.0349355344696488 -0.0092425607736028 0.215532807307261 0.143865929284403
-0.00511410842903876 -0.0196659418101182 0.154155009996973 0.0062708801228374
0.00839237694989494 -0.0113665797378187 0.0952392265927695 0.00353586020103412
0.0338737186570468 -0.00143988285375149 0.0375180705643695 0.0105678162303755
0.0552059639020695 0.050248761710544 -0.00151908342535142 0.0242976458438859
0.0355992353729648 0.131403917550469 -0.0549129863277926 0.0572653591632253
-0.0893618029208885 0.148054108467173 -0.184770705027097 0.0988955990034401
-0.234676843159273 -0.0117798289997018 -0.38573911937463 -0.143039281610342
-0.0563401214262854 -0.319924404099252 -0.184929731120694 -0.589049654082961
0.325789828783879 -0.197602603108259 0.31582087662713 -0.570976406936811
0.340811314456675 0.0840064674059344 0.106077655980868 -0.0482703979116876
0.138787357147963 -0.00862226959568959 -0.132630458041356 -0.120835924720963
0.0335221247952632 -0.0609931111788322 -0.319364147072622 0.115989931918068
-0.0264518587058703 -0.00374605828299272 -0.187138992910388 0.41118640298499
0.0258796281286503 0.0127014943590007 0.153384533072018 0.389117055500674
0.0113459666605562 -0.0374931072159997 0.254678046843394 0.10178301232856
-0.0128401135409711 -0.0305801681380832 0.159044445964549 -0.0275675353802376
-3.85117947598154E-05 -0.0113318782493024 0.0938550212260422 -0.00731061000828016
0.0169783699431401 0.00345311409112814 0.0420180461369326 0.0114650996498482
0.0242693512758284 0.0438773042343963 0.0144863270921801 0.043292683210162
-0.0123696929016205 0.0826941597146551 -0.053979673512933 0.104458339664412
-0.102457198036562 0.0472832345769867 -0.237844890385176 0.124777564992208
-0.124422299869435 -0.105013686753464 -0.426284621012081 -0.224871921344711
0.0871633629478499 -0.223406903724116 -0.103182914398056 -0.682634636304644
0.285513589742623 -0.0483272734951275 0.428403341209969 -0.585003620907376
0.20775059778338 0.098032823621442 0.0840404478646216 -0.0897436324370767
-0.0260390492627581 -0.0209620794966065 0.00480044251856521 -0.0162205665780674
-0.0388654911171507 -0.0160806138364958 -0.520359158584956 0.409990316452298
-0.078722814541321 0.0263032720979853 0.0196839525187892 0.760938767317422
-0.0230245074002418 0.074206839859444 0.476775306984817 0.315934551551339
0.0268746435976793 0.0427622724557411 0.291603182649817 -0.143595372819176
0.0330526347624813 0.00192270464041953 0.0375077429049835 -0.155915273432728
0.0110580609921887 -0.00689623561286091 -0.0110245160692161 -0.055258254535495
0.00800432382968064 0.0043052736052598 -0.0386041724854789 -0.0232137821480612
0.00455493415671421 0.0179566968368268 -0.09010664457874 0.0254247342644213
0.0143263220591036 0.023854570244428 -0.167186035178978 0.0508896651852234
0.0145775124294858 0.0334302209999977 -0.258148492566813 -0.0190108077801192
0.00838511989602973 0.0275023020243178 -0.235775202312665 -0.276912634186574
0.00132186015675733 0.0468859624148047 0.0338098013359806 -0.413246884667851
-0.0385064377387662 0.0545442563166089 0.251193603929731 -0.255550380168512
-0.0865575775711424 0.0103919306160877 0.185833109520803 0.0648052102609045
0.127441872683224 0.0133182391244654 -0.00547974633244332 -0.0327483937552669
0.0952814696753628 -0.109122130550172 -0.542976388126705 0.378863167994651
-0.0918772992343943 -0.112202648863826 -0.0437321397964309 0.737105138063316
-0.134680301428571 0.0554395179262978 0.410218465972731 0.350814421801273
-0.0234009793625969 0.103027858387975 0.283876228400062 -0.0824987165575652
0.0421081498912013 0.0635389223238517 0.0673879702799313 -0.127445775941835
0.0403962784719046 0.0214859428115633 0.0120017048051753 -0.0551024005053327
0.0273743599518328 -0.000597676834150311 -0.0313740336264517 -0.0240526668641132
0.00776286095633648 -0.00181270630739226 -0.0874700970447273 0.0253286982918586
0.0196203352222634 0.000901571106308223 -0.168007465553278 0.052774892293043
0.052337523116026 0.023219525126849 -0.263544556665952 -0.00802604677977676
0.0541941069290069 0.0775368079242364 -0.259531406259272 -0.252486803810829
-0.0450581147491284 0.101374381942807 -0.013664833982821 -0.409225566266556
-0.0715198460811163 0.0184598316956492 0.236679618500868 -0.291332667258328
-0.0265662904868164 -0.031160431546645 0.209999349926814 0.064386505587589
0.243647631341721 0.021858579393535 -0.052027594473813 -0.0551194456635384
0.169463273323759 -0.199458702030564 -0.522547404730431 0.370946458190251
-0.124781554629614 -0.204081635136163 -0.0547416179279515 0.669396529566147
-0.202538066844365 0.0563216192819375 0.321984277086689 0.337160117438813
-0.0478197007955762 0.137991033407965 0.236134763724138 -0.0121125505778951
0.0423643266385626 0.0992660761405541 0.0895799895532156 -0.0697780440124971
0.0548134161073705 0.0390280487796831 0.042496576501168 -0.0402892787369018
0.0405563768447833 -0.00617079597978177 -0.0196453633923816 -0.0223209463711104
0.0184841010783195 -0.0175195015357304 -0.0854502479180282 0.0217751737103423
0.038770195307269 -0.00947848413719769 -0.16851259837525 0.0391812822956583
0.0905960396731801 0.0339606402600771 -0.254401976339979 -0.0166342090230836
0.071643864061013 0.138816263831184 -0.260733939201293 -0.230503846749973
-0.112653150522517 0.124607005675592 -0.059642546285852 -0.398755890511351
-0.0847491617699864 -0.0493574880876658 0.211305675200956 -0.335082133538518
0.0608311550461073 -0.0699096747664378 0.224901466539967 0.0545854103472209
0.296936845394492 -0.000490850012382954 -0.105986915125711 -0.0678789124509683
0.151398652883037 -0.262018163848967 -0.461400574333358 0.354700141159668
-0.178410525528621 -0.206410041286555 -0.0622380125279987 0.567837113517939
-0.198204047987621 0.0911609794841216 0.220201338445193 0.312527919981154
-0.0281833352656251 0.139968774686407 0.186822281862733 0.0609942012181609
0.0395874100092265 0.0973618277838381 0.107394445230444 -0.0109542532818173
0.053970392103282 0.0389407408786197 0.0697032740836159 -0.0202120700406566
0.0478284079080642 -0.0113031598163132 -0.00603150497035948 -0.0168280746116623
0.0369822365606976 -0.0181787186885903 -0.0763464270228409 0.0149978458892142
0.0738461336142644 0.00897422046285942 -0.156230606276583 0.0181625533479977
0.112932790790987 0.0825579926431932 -0.222777238837171 -0.0246850906630357
0.0288097041957485 0.202743279964412 -0.250290880093749 -0.192458614943039
-0.203164418628722 0.080093971260227 -0.11351860878117 -0.384296828850619
-0.0580737605760916 -0.155552128151895 0.180508151977642 -0.386935491486294
0.175684275097966 -0.0909139878900195 0.221832451290322 0.0382832823266121
0.290148431025742 -0.0321417256442888 -0.141430145905086 -0.072349631991253
0.0757112031606761 -0.258505117352988 -0.385401047607459 0.303738891043939
-0.20357882607052 -0.127050306553321 -0.0920390060686312 0.472451339064502
-0.125041761163394 0.125727173798379 0.137743110278234 0.316873190738365
0.0104568253194449 0.102552328021295 0.170068872777677 0.119821104201127
0.0303273290026341 0.0616652044467126 0.126273646779445 0.0217980568013237
0.0415921637214757 0.020888787119875 0.0872577812051861 -0.00522938430203693
0.0476400814166538 -0.0158241285663285 0.0114868042863299 -0.00850369843496821
0.0597843632063618 -0.00309600652252708 -0.057852484276085 0.00782750643601916
0.100078881432473 0.055619658342556 -0.123476767194385 0.00468502372768667
0.0922896245486519 0.15139041888448 -0.175112254493725 -0.00664175239299725
-0.0797264026030988 0.223997474182149 -0.253290541826929 -0.1313978275126
-0.271248700839439 -0.048360758679182 -0.182017734929118 -0.385164257957545
0.0318582833289424 -0.262707299492826 0.155182687916003 -0.45163146263948
0.284629112055089 -0.0784326750266253 0.194214433668312 0.0159758724678194
0.242729339349128 -0.0527209587216751 -0.151632730244369 -0.0772023840202182
0.0113284627680834 -0.194723141101711 -0.329213827265421 0.236447853618068
-0.164073532954486 -0.0308026205782396 -0.129887509091472 0.423564150974676
-0.0287818942448389 0.116702181586509 0.113453855622743 0.343695128999729
0.0376244282245529 0.0413592934585932 0.189223865271235 0.136387939116364
0.0119938866921099 0.016909975761242 0.14146448974636 0.0179143011793559
0.0233217810105455 0.000487362470646084 0.0938015510139976 -0.00358343606294086
0.0429311226259808 -0.0129392422537807 0.0266637972035686 -0.000654750409852996
0.0695347825374377 0.0207572039212392 -0.0271854041683836 0.0108753865314747
0.0951199108064212 0.104009273358115 -0.0784986640894711 0.0195927833058977
0.0177382815293625 0.187365983456826 -0.144714562484729 0.0504158112833054
-0.192908434710396 0.154723113431414 -0.303208530083692 -0.0757566714503288
-0.240233252970078 -0.207608269866469 -0.249044601914296 -0.437297571066283
0.165528817436846 -0.301236733893387 0.164710426685545 -0.530600766277092
0.349945319514105 -0.0303219297578051 0.15380841872166 -0.0174799784209298
0.18408277925218 -0.0504426187551826 -0.151759824507943 -0.0857840589903396
-0.00181459284562361 -0.117011223273793 -0.30590717672885 0.180211913112293
-0.0905443449124616 0.0145365612823151 -0.145482136039448 0.41578834591898
0.0277588209395752 0.0680355610764089 0.14528069708145 0.359619974569408
0.0312944290205413 -0.0116445586530952 0.226324719000581 0.11201339213728
-0.00686808673772671 -0.0185480026142187 0.147639141576226 -0.0113179501687417
0.00863885173520952 -0.012914318387828 0.0924153549580289 -0.0106687770661193
0.0317779412543423 -0.00634770914290147 0.0368293336774283 0.00505731551999725
0.0607088027513542 0.0375805100660185 0.00131677856565414 0.0229919202984815
0.0526800053507576 0.115887308468762 -0.0447830045582934 0.0625752521651831
-0.0609453334145688 0.150543657421879 -0.160831214816952 0.1188045920997
-0.216304238138905 0.0241124386027163 -0.386014556602532 -0.0861944859034039
-0.102525536167499 -0.285085154662968 -0.254095444513366 -0.543891048415014
0.265009617264837 -0.227024566070088 0.23774398736755 -0.595564319997214
0.324890625630126 0.0274348973915563 0.111453799016106 -0.0544343311417371
0.132434608011884 -0.0298249060559953 -0.157546848235015 -0.0962091130966862
0.0227041351318112 -0.0630987874003513 -0.299182565567266 0.155375234873621
-0.0243822592100824 0.00219944773308181 -0.130601793957685 0.423840572428419
0.0265306586417806 0.0103530175535915 0.198895879861512 0.354260852174978
0.00656235895955704 -0.0347867777395194 0.257960871772008 0.0661104138675307
-0.0154127538257155 -0.027335324649662 0.148533167931105 -0.0459671205486241
0.000510139590222921 -0.0121422879367639 0.0904006737930476 -0.0205226090976572
0.0171489354611108 -0.000434838454266507 0.0408724890634746 0.00380406747489414
0.0308175722744365 0.0366251090358758 0.019742779965431 0.0381322830318348
0.00200223277198896 0.0785254805766199 -0.0370689423304596 0.106302436803766
-0.0867494892366462 0.058633297336174 -0.208804357108431 0.147222851268835
-0.127014444596307 -0.0769557098885126 -0.43369823016495 -0.161726986341288
0.0445863926903803 -0.215857731645185 -0.179762898205531 -0.644074423540712
0.246488140563049 -0.0847744323383322 0.34490165542642 -0.614975991408125
0.20300949813303 0.0592456642714596 0.0810965282909935 -0.0886188336065489
-0.0264718982368131 -0.019596927129888 0.00143265156936024 -0.0226047205094615
-0.0370009779480041 -0.0155242232288017 -0.507861455552667 0.386415232681699
-0.0743207871742208 0.0257237239152483 0.0149215253023813 0.729346933592383
-0.0216310881155301 0.0704045743725333 0.45120494980211 0.306232302789842
0.0253020127848994 0.040058738564302 0.277707948906815 -0.134613209196318
0.0306808423542637 0.00142391671214251 0.036028309049114 -0.14665257527852
0.0098552800784643 -0.00696273881835696 -0.00978154277852984 -0.051628520349933
0.00666372749925764 0.00379703138148804 -0.0353716614941414 -0.0206097459712282
0.00457327014573559 0.0176383137816691 -0.0845533353771065 0.0266234045405342
0.0137015652657581 0.0235872417985032 -0.15994558480391 0.0513573780221065
0.014177600956463 0.0312909650687584 -0.249271093344997 -0.0183392550066989
0.00790263968743092 0.02560860432435 -0.226526607796096 -0.269869641706889
0.00209304705824725 0.0452808882244176 0.0355747351719663 -0.400634282797019
-0.0367930153541608 0.053586897992606 0.248200232272673 -0.246069308418712
-0.0845714180926956 0.00991591710389816 0.183394100212956 0.060720662086958
0.121317415036522 0.0107857132433563 -0.00843709612580063 -0.0383395093736451
0.0905065836111085 -0.105188670538281 -0.527488515280406 0.358592735734032
-0.0880910162652755 -0.107262140742636 -0.0482304121675716 0.706627479443182
-0.129015446311927 0.0534627332611874 0.388338128954644 0.340742948150011
-0.0215540889523658 0.098335565169654 0.269416531840624 -0.0758659613746845
0.0406302500303532 0.0595135908066683 0.0643629190469257 -0.119688599915963
0.0375667869100124 0.0197348501489893 0.0119660171454606 -0.0526384757799364
0.0245031356202569 -0.00180975972675125 -0.0296190501188449 -0.021500412264394
0.00690266221169215 -0.00105293368143695 -0.0828054549288847 0.0260464342614444
0.0176024255843519 0.0016064359148675 -0.161309127022732 0.0528752832438416
0.049388085969735 0.0218333559688682 -0.254831512618232 -0.00704820452832433
0.0525990760534098 0.0733327742763139 -0.248838811103884 -0.246546331208615
-0.0416111512171782 0.098049834999268 -0.00963740496393089 -0.397834342467711
-0.0694137737891167 0.0173607897256621 0.233385329035104 -0.28122717213113
-0.028063527968396 -0.031026153339149 0.206730595470615 0.0599155244529791
0.232030326094382 0.0188052878900534 -0.0526422173349205 -0.0591867347960441
0.159617693211799 -0.192696444400581 -0.510467546517569 0.349701859239281
-0.120450356205959 -0.194390078679063 -0.0607727400575164 0.64213826053534
-0.192563040934129 0.0552871006015903 0.304760210794792 0.327571763063072
-0.0447117675408013 0.132345412839478 0.225203235468243 -0.0065755316760946
0.0417718560404402 0.0939222111149744 0.0857266859567933 -0.0653010580804771
0.0524833882174441 0.0371479168131147 0.04207793901413 -0.0378137099289223
0.0376777957846762 -0.00740513226394069 -0.0181949836390636 -0.019514663903823
0.0164992407430413 -0.0157951135119932 -0.0811984301093243 0.0231429233191802
0.0369759596370374 -0.00779621028624638 -0.162646839929499 0.0406107069867106
0.0860595673893637 0.0318572135014778 -0.245525349130021 -0.0143541221421351
0.0701031186849702 0.13134358013862 -0.251545171685259 -0.224501740220325
-0.106311327294144 0.12031737664132 -0.0538791265128785 -0.386780328367851
-0.0846086878033739 -0.047859652413575 0.208046475046569 -0.323734085103156
0.0557770439410948 -0.0694453808211412 0.221219686553124 0.0511504512670207
0.282862888559526 -0.00391905766959222 -0.104391315944045 -0.071237528140679
0.141108102650367 -0.253160666267162 -0.449043300190523 0.333859416837661
-0.171921119567129 -0.195520903135598 -0.0673452634087936 0.545823385215733
-0.189497007642952 0.0888400253172296 0.20576282681777 0.306344593875443
-0.0268046961679859 0.135155041559087 0.179454529014691 0.0634691153024113
0.0393764682335757 0.0904340923523107 0.103073727616981 -0.0106425909059849
0.0529631768614417 0.0349018481256777 0.0665412825025037 -0.020468769984979
0.0440654633331176 -0.0137199622816124 -0.00393775054430712 -0.0151217772868291
0.0356449723516442 -0.0190561963635219 -0.0742446432363834 0.0157338598486483
0.0713253954215438 0.00989768241192027 -0.150632674628443 0.018397537524535
0.109585207192801 0.0762785724950805 -0.217674369090474 -0.0236095041510858
0.0299587917077796 0.194530774470599 -0.239677134118541 -0.189830845591366
-0.195978141680536 0.0793622926302334 -0.104416833623988 -0.372480025051854
-0.0592730166728156 -0.150838241110947 0.178232982353908 -0.372331537544844
0.163066729578191 -0.0902016310288808 0.218539731040894 0.0360894453160568
0.275120216977645 -0.0334520147929315 -0.137245070503412 -0.0735919954576103
0.0683754990925375 -0.249813180748714 -0.377089013378627 0.287017676386164
-0.197746947759208 -0.120144919294952 -0.097572461223106 0.456896018042519
-0.117502154417165 0.121321449871183 0.126610595646457 0.311807012392881
0.0123902106711314 0.097589945701293 0.162962566355052 0.119598882539625
0.0309943237194181 0.0588051377493011 0.122359194472754 0.0218921293178239
0.039440155958498 0.0183654331019103 0.0826494670863092 -0.00585650039176085
0.0448931289041337 -0.0175651829467008 0.00910350912856193 -0.00723603735158525
0.055472362719872 -0.00509951568352663 -0.0530771147519642 0.0100285984880597
0.0976618246536873 0.0536018709084381 -0.118807094182861 0.00692864030700921
0.0897331261412154 0.142897282811458 -0.169630415655212 -0.00876517928232298
-0.0741372070466599 0.21385814062923 -0.239241110163344 -0.129888480416878
-0.261999219245147 -0.044337114199632 -0.17064518543122 -0.371314226299167
0.0266875854615239 -0.253893495121316 0.1569822495645 -0.431008087065133
0.269580042712485 -0.0796294052611379 0.192116031797565 0.0149154318059752
0.230887889732214 -0.0530477348543864 -0.147982203733314 -0.0771010658751307
0.00711272513365289 -0.189666944520477 -0.322608824499515 0.222857594115043
-0.158947756071152 -0.0281284699895977 -0.130857552910708 0.410277305773705
-0.0253455437270539 0.112016965931194 0.104746441701132 0.33856862491582
0.0363087623235264 0.0391888336999879 0.184440999702148 0.135156170058558
0.012261488381255 0.0158320108504446 0.136743631792243 0.0172193481727863
0.0228181638257758 -0.00174748404320812 0.0900219555050353 -0.00467763252453283
0.0392093681644375 -0.015308795760825 0.025690238179835 -0.00134667240727056
0.0681115720913151 0.0178949050884968 -0.0264463747876436 0.0105098543772567
0.0942807757821293 0.0971361132523479 -0.0776049042528879 0.020048709544204
0.0192141189145196 0.178771906905247 -0.140606293347754 0.0463120057621851
-0.183306988403548 0.149631123205684 -0.287256294998421 -0.0783183225634075
-0.232007289081947 -0.196641595840908 -0.23376423322973 -0.421020355142815
0.153865472621379 -0.29045169714215 0.164720254444077 -0.505432509564635
0.332650870667153 -0.0328865306211978 0.153172540166614 -0.0150801280661148
0.177106093520251 -0.050610643976086 -0.14909614990954 -0.0859566462320019
-0.00522622334058125 -0.114106925920691 -0.300591974834302 0.171120870099329
-0.0877940333073746 0.0149948896960711 -0.145524681425299 0.4035132269832
0.0274171572153869 0.0646811857841845 0.136238153829565 0.354063905905826
0.0302453973675904 -0.0115583964754213 0.220663733139926 0.107959880554829
-0.00587054200413143 -0.0168831679846588 0.142644650683636 -0.0120221836788364
0.00826466130788157 -0.0138919996959723 0.0894930981952011 -0.0111380251330706
0.0305081968433854 -0.00842403775278372 0.0350384731860923 0.00411767734118284
0.0594383173913407 0.0335133491810231 0.000970317496738055 0.0198599810254152
0.0538780314704769 0.110026004907306 -0.0444433499192029 0.0595211205568075
-0.0564844577491247 0.14492104033212 -0.154314997972177 0.111677436601681
-0.206403590734193 0.0247686667297807 -0.364273401024389 -0.0844449152723123
-0.0998426078752493 -0.27089109154356 -0.239375453188696 -0.522059240676603
0.250649518947083 -0.219690933871107 0.23310585639927 -0.567575166015349
0.309445602284031 0.0229046675790108 0.112933891787599 -0.0487204533878447
0.12668276472489 -0.0300858536005796 -0.154479532292535 -0.0940877074983115
0.0213246381634373 -0.0621747120980361 -0.295402869004901 0.148590496145974
-0.0258963760911504 0.00272300431559647 -0.129569483185204 0.41358949471305
0.025567562673581 0.00994121444877004 0.19103558375217 0.347189049527352
0.00608410385836666 -0.0336472826313328 0.250781591182926 0.0669670275736061
-0.0150143658525556 -0.0261377545431271 0.143198838813974 -0.0431792949550373
0.00215270295311322 -0.012641278293456 0.0861264877258256 -0.021680999367308
0.016411860828347 -0.00226880936224015 0.0388627069717314 0.00300830223143306
0.0314373434507332 0.0329429487122992 0.0177559488712556 0.0359504859431031
0.00391600827395596 0.073764428399746 -0.0366239836930735 0.101104706818725
-0.0812779933013833 0.0576757279966852 -0.197781188229292 0.139186428911844
-0.122335405210296 -0.0713800893709085 -0.409700753652691 -0.158039162062812
0.0412198200954676 -0.204222810709693 -0.167578005749934 -0.617960865557643
0.234674690289196 -0.0823789178723638 0.335009099531606 -0.585491924185416
0.193341376433923 0.0554881558096007 0.0842248033732627 -0.0811524445378652
-0.0265273177025521 -0.0206961263468193 -0.00242966304547441 -0.028493029807047
-0.0364459397629248 -0.0154753296857863 -0.517619409087542 0.365539467550892
-0.0728867918530752 0.0228368703305919 -0.00833906743980989 0.719492195696379
-0.0224934951505812 0.0678349244866835 0.43537623656871 0.317472815019469
0.0235760686734321 0.0394157805137732 0.27537889919527 -0.122744501508931
0.0296712029605496 0.00170339138711856 0.0381744721609277 -0.140584319285547
0.00921971522361051 -0.00693749780881132 -0.00652478558939474 -0.0504046643044617
0.0051771294658128 0.00372561676711074 -0.0333605040677206 -0.0198162313296455
0.00370908885660426 0.0174529017723627 -0.082922341350848 0.0258001591461321
0.0129478327849482 0.023533250641189 -0.15838676193938 0.0499856846428527
0.0123669851365026 0.0305668722238037 -0.246389662704942 -0.0235246851673729
0.0073799200453083 0.0247060130328351 -0.217087084139381 -0.276869558252602
0.00134701318965167 0.0446873666880076 0.0489268066717108 -0.398515972880765
-0.0376740434419297 0.0527629036894482 0.256483964920642 -0.238759647973629
-0.0850946875251989 0.00797076267143704 0.185347510400068 0.0628531728817037
0.117735992653864 0.0125795840018121 -0.0105096130123382 -0.0444314609933197
0.0895367622138433 -0.101995208359436 -0.535316163883197 0.336899071793697
-0.0852003099220814 -0.106943021071916 -0.0698593914804249 0.695114888565374
-0.126478869508542 0.050888445518934 0.370869842807405 0.347972149035552
-0.0235848031886835 0.0962456010811707 0.265915245114453 -0.0651250342605928
0.0384020055578054 0.0583370445927062 0.0646253171081964 -0.114646216421009
0.0365518105106051 0.0191186606185649 0.0139557602544217 -0.0512679745931916
0.0228217244558332 -0.0016974889483452 -0.0272429699941103 -0.0206593814626551
0.00646787780246238 -0.00107274301875913 -0.0807681930628608 0.0268258360806031
0.0167172018152732 0.00347755906909135 -0.160633620956918 0.0514163120803759
0.0475797923659284 0.021438980673263 -0.252615426864483 -0.0129043153586733
0.0500500395536304 0.0721894549984135 -0.239793855932012 -0.253720817762421
-0.0430548024765418 0.0964662116573978 0.00448517355239234 -0.395737448132464
-0.0696072984380893 0.0158257928418135 0.241755363871174 -0.275398625733946
-0.0286114498219825 -0.0326582904484034 0.207388536379652 0.0635763857839478
0.226171765266112 0.0224082756219429 -0.0534277846446703 -0.0648179030194547
0.159752015792016 -0.186626084245525 -0.517500282145907 0.329193594684613
-0.115627117996482 -0.193583239051213 -0.081384679428718 0.631172814048605
-0.189725895918431 0.0514434531184499 0.286368406683076 0.334231082944828
-0.046150085895739 0.128754558112531 0.221853554798677 0.00241469107518859
0.0392308034491937 0.0915929689097159 0.0854948447422159 -0.0619266239860575
0.050802463883871 0.0357582859445057 0.0417733769846481 -0.0369519992908586
0.0343449542304257 -0.00817395825600848 -0.0169898155995483 -0.0189741565120273
0.015152480620985 -0.0153657543538912 -0.0806669267627519 0.0220043206720408
0.0357591605270848 -0.00696191739623807 -0.161783972458013 0.0388234556793902
0.084258763314779 0.0315564510897532 -0.245113445182225 -0.0194839905067172
0.0668944194942381 0.130380466945909 -0.242553379744379 -0.23257147425656
-0.107739353351591 0.119160115329815 -0.040493172572818 -0.387321330865771
-0.0846491424537712 -0.0497855848595723 0.219051427784895 -0.317187858184129
0.0541168549951355 -0.069371065169114 0.222209574789787 0.055095246882744
0.277900094354243 0.00063407209115492 -0.104465525998037 -0.0769644649552984
0.142014986287533 -0.246561628537814 -0.458231795391139 0.313726337292386
-0.1672456506931 -0.19675001152942 -0.0844250794895287 0.536672785604148
-0.185547471060352 0.0863241112603905 0.191587194563376 0.311545363799846
-0.0287167931068272 0.131296976070678 0.177166933194757 0.0712199538364933
0.0378083866423957 0.0884920837553739 0.102088807183922 -0.00717941462901442
0.0521177341596866 0.0347198443139221 0.0659983333886817 -0.019550250493938
0.0411444441664271 -0.0148876139967564 -0.0030928455750963 -0.0158145799719542
0.0342128511415383 -0.0178142102051622 -0.0737964890291524 0.0152475290212037
0.0698910102544551 0.0104044572967688 -0.150489296120495 0.0173192953139471
0.106794008974161 0.0772776069025631 -0.21481679093436 -0.0300666803519247
0.0258971047869043 0.190507357793913 -0.231625372369713 -0.197554211373786
-0.196233297814724 0.0758388098309184 -0.0911221836560631 -0.373641577363996
-0.0591226390395176 -0.150675955997463 0.190698437196692 -0.362476639655627
0.160523671940196 -0.0874090379452183 0.219821171318722 0.039647638812457
0.269934370968807 -0.0313533242486891 -0.13610991887507 -0.0807866463646317
0.0689278566888059 -0.246725716296972 -0.384401326966864 0.269058247157702
-0.191871616407868 -0.120727963792552 -0.111422658557439 0.446753286105175
-0.117630276443275 0.118050156893168 0.114454505200749 0.318220174802461
0.00893492763527805 0.0959534534371608 0.159148703151468 0.124600408884631
0.0295212027343403 0.0580707474605869 0.119087648195868 0.0229438279161913
0.0402781605072527 0.0171525462282891 0.0827796824687557 -0.00606396208254529
0.042871051542871 -0.0189760039889508 0.0121810414579475 -0.00823773779438646
0.0545087709720672 -0.0042291897588143 -0.054502130052621 0.00984019115906857
0.0973150002058023 0.0520862463321243 -0.120494300759656 0.00705727229761613
0.0850794905901993 0.14195008197546 -0.170837052417557 -0.0109089430346332
-0.0769629408756221 0.2106946218238 -0.23399733615298 -0.138764158365904
-0.257530595395193 -0.0461742883566802 -0.155974245301728 -0.373922598469806
0.0262742884690676 -0.252541106079824 0.170307369392169 -0.422737512755046
0.266301528749074 -0.0748668189547603 0.194895662401554 0.0183455347697488
0.227021738282399 -0.0510210574308743 -0.146682779432551 -0.0819456522945818
0.00809399069846181 -0.188221592466884 -0.330776208868084 0.208679916843704
-0.158077648058811 -0.0301889041218972 -0.145107719353144 0.405294476255201
-0.0264227538214376 0.109892133066676 0.0926753618925738 0.345191593541586
0.0349362685780791 0.0393033510875999 0.181940507356916 0.141660334035354
0.0127351034536153 0.0157554499970079 0.134917776120358 0.0210658430799464
0.0224612949665289 -0.00260455861326779 0.0890917941184475 -0.00414866596311088
0.0373205207801096 -0.0161957048558548 0.0253823194430503 -0.000296653972852198
0.0662137160672053 0.017480736515586 -0.0267418586862984 0.00998325848161239
0.0927497529675374 0.0964473150922032 -0.0784771272853356 0.0189212987406821
0.0173226922329071 0.176164750638228 -0.140464003721459 0.0411277163094768
-0.182731990450033 0.143763579091139 -0.278229116519664 -0.0881266822680432
-0.225548229151628 -0.195229957373051 -0.215602906923035 -0.421883622141074
0.154705252695061 -0.285112484106876 0.1832001154687 -0.493600250864744
0.326118346531772 -0.0277913574963092 0.157065305829666 -0.00987378040432932
0.174000347777312 -0.0495867379375567 -0.149151626960897 -0.0899485348774229
-0.00408332280261401 -0.115331795460207 -0.308025859634648 0.161030559353573
-0.0889530266514345 0.014149551346072 -0.156946902010366 0.399804693964272
0.0269992752054781 0.0648475658445114 0.126849342047449 0.360127590939588
0.0298133556602309 -0.0112396032619482 0.218277789213515 0.115833725749221
-0.00434922891038541 -0.0153862665675758 0.14173104059552 -0.00782808114397102
0.00948892924154075 -0.0150121447370375 0.0874195528841828 -0.00994232091953341
0.0285824754261279 -0.00944079287939581 0.0357002648908156 0.00325603113039597
0.0573761784110386 0.0325628893851041 -0.00022055015564701 0.0204498152011538
0.0536180635189954 0.108587285084641 -0.0461715104513785 0.0571475462087733
-0.0566875336649208 0.141625528728793 -0.153221671385334 0.102818327894696
-0.203337307195747 0.0200822804021921 -0.35201430123892 -0.0961940377875183
-0.0931157896153941 -0.265723906816228 -0.218223564308064 -0.522997722316589
0.249032297722159 -0.212823920684457 0.248834822615989 -0.552125139741429
0.301673762099355 0.0286692123692336 0.119919677932258 -0.0433309762309858
0.124924564698312 -0.0285609116494097 -0.154125580519866 -0.0982916677555675
0.0210719009936651 -0.0631386372256213 -0.303226861597671 0.140823338730531
-0.0254665653927475 0.00286556873042531 -0.141740983165056 0.410533041064751
0.0257388460048034 0.0104270377526886 0.180632247243333 0.354223258091367
0.00615377362165412 -0.0328518226902828 0.248537237344653 0.0739372307350255
-0.0137457313436413 -0.0250209817752283 0.142176191674143 -0.0396724349518647
0.00306318106088367 -0.0131567997578521 0.0850808890164863 -0.0203988623633627
0.0163958467837215 -0.00340073162956772 0.0388527330802868 0.00224146030010231
0.0321020827916228 0.030879469222881 0.0162890999458157 0.0338139310534725
0.0040107085244459 0.072900187397955 -0.0378724869423044 0.0977763829652918
-0.0809794955588088 0.0558359482711846 -0.196946339968649 0.131479498834088
-0.117601921107168 -0.0724873415277936 -0.395736271768185 -0.16814290040715
0.0452114854842471 -0.198675086736349 -0.144430317317254 -0.612962244644275
0.231293149157057 -0.0763544651445168 0.35046458187975 -0.566417837958212
0.188701608639064 0.0576884730021783 0.0913450875231649 -0.0739011864038322
-0.0281588129692242 -0.0214636675867201 -0.0058322255398621 -0.0365892935366423
-0.0363150243383243 -0.0166676588861155 -0.546245647938859 0.359456950345617
-0.0735454172924549 0.0220216628741735 -0.0306694176439331 0.735863468013927
-0.0231967359177671 0.0670005135487822 0.434633913893578 0.33709793861868
0.0230837466028919 0.0400720486572733 0.283186185895996 -0.117182963477938
0.028486414795502 0.00141141609045084 0.0410030391799713 -0.139372662328205
0.00812136578629751 -0.00652332081399267 -0.00439334165176085 -0.0506143165118959
0.00514553202882761 0.00364942376009416 -0.0319095930447521 -0.020576112953434
0.0037781626281675 0.0183160178922204 -0.0829179568644084 0.0278240043933711
0.0107995235727628 0.0249261134732905 -0.161992456481974 0.0506505181488312
0.0119170427534469 0.0309323163592247 -0.252961583805149 -0.0286040173685591
0.00739722141576991 0.0240608410155782 -0.216570020216591 -0.292873951888211
0.00201885371793838 0.0467020802696206 0.0631979786550467 -0.412379042890702
-0.039715892817234 0.0547955160192158 0.274750804762792 -0.239773598548154
-0.0888319511984217 0.00607179996227802 0.193231878159023 0.0686228996686097
0.118379107499575 0.0146418615442782 -0.0136422194714118 -0.052125835940674
0.0925706841845623 -0.102639517952665 -0.562838133872153 0.329622808164685
-0.0851717655583765 -0.110820969904486 -0.0924580456444695 0.711787419994388
-0.130381108563529 0.0495916704159032 0.367485853126929 0.369236513246155
-0.0261858456703476 0.0972768123698442 0.273259130534548 -0.0560526081141614
0.0379403505674156 0.0593607158014324 0.0675507365013899 -0.113909134480639
0.0364551414343371 0.0198896644487534 0.0156025399041139 -0.0506467803120385
0.0210962267596561 -0.00181043244396228 -0.0268913181477815 -0.0206326716702034
0.00497817535436185 0.000252533616597671 -0.0816611179242993 0.0267901354118459
0.0165632497318126 0.00479525425197303 -0.164471641661046 0.0513300492650125
0.0479972179398961 0.0221123159559922 -0.259078868740911 -0.0174311102739233
0.0503229600721381 0.0733483037957359 -0.240844067383156 -0.270108082752739
-0.0449976930495418 0.0990896282109348 0.0172243942934518 -0.410774226506244
-0.0733366082019021 0.015113510012842 0.260130341310389 -0.277166429907068
-0.0303613785418899 -0.0349306002179603 0.21556653948393 0.0684721957440013
0.228254009369583 0.0251855393647606 -0.0566429591481032 -0.0735823835805357
0.165744262823853 -0.187817181418979 -0.542782067129395 0.322096700917777
-0.115519116913345 -0.199429556990911 -0.101759726512978 0.644246752657669
-0.194343573580808 0.0507013320768845 0.282197853716305 0.351801953998124
-0.0498268168386879 0.130442045509533 0.226106647659139 0.0106263196128558
0.0389414767629646 0.0927584787467702 0.0872772329022132 -0.0592638237141224
0.0513641970051452 0.0368909056512713 0.0435926392343391 -0.0377089521850583
0.0331331091522069 -0.00872687201302483 -0.0167706279642706 -0.018822374728816
0.0144934226061424 -0.0162940902990711 -0.0813138902377782 0.023370813958267
0.0367823926650765 -0.00447959097488483 -0.166524873203413 0.0373358786437944
0.0847671258221596 0.0338913201896917 -0.252055995952956 -0.0243149515067048
0.0676404451227018 0.133338533933563 -0.244058027318466 -0.249305983184783
-0.112982104012565 0.121409559144468 -0.0291369732325675 -0.401736183744898
-0.0876580013565998 -0.0528097512400796 0.236977153563061 -0.322185547784803
0.0539796100883352 -0.0710929896344519 0.231373040354662 0.0606184564080443
0.28105762100196 0.00347374675390592 -0.106272324641077 -0.0841615832587491
0.146802896485257 -0.251287593165759 -0.482736530939696 0.307134529853579
-0.17112397005945 -0.202757973858504 -0.103046134763798 0.550064289692208
-0.192065879045842 0.085769837912461 0.185699645251625 0.327857922796643
-0.0315844411385923 0.133326925324154 0.178154639520517 0.0810690380077535
0.037896556279789 0.091860994161654 0.105025828382785 -0.00278083825007039
0.0521922906788262 0.0352895379361897 0.0676292882554299 -0.0200149734938666
0.0386480876297417 -0.0150735694926816 -0.00443463085818602 -0.0131090241041954
0.0330064160002682 -0.0196103155007076 -0.0744815420943338 0.0147509245144247
0.0705340447878649 0.0118869568704433 -0.15634847529009 0.0175716158700141
0.107675805840935 0.0799027224809658 -0.222307788072947 -0.0343242714121252
0.0247223529615679 0.19543250958267 -0.232810428474098 -0.212783831769403
-0.201679677096593 0.0764385871538329 -0.081174673464454 -0.386816324768218
-0.0605838807169659 -0.156364995374286 0.210208067896476 -0.370057178127429
0.163950700247519 -0.0892510683045982 0.229360649050769 0.0447304285513671
0.274883339082231 -0.028062552022713 -0.139580627235427 -0.0883323727981954
0.0726874709118167 -0.25231668499079 -0.406200246005325 0.263033430934655
-0.196247927795187 -0.12650082463196 -0.131886698968058 0.458312848130017
-0.120534283771179 0.118466149191983 0.108677263887742 0.336081090790517
0.00874002997835584 0.0987902907995056 0.164194289531972 0.135595141161495
0.0311928673657203 0.05966243720755 0.123224369465802 0.0279215012185289
0.0403486575952749 0.0170662317761549 0.0843308602197649 -0.00524085678485542
0.040406181648369 -0.0185878500470198 0.0115373919696005 -0.00737958085649281
0.0563618454144372 -0.00501835788967579 -0.0549412541512447 0.00777603544862144
0.0995571883302027 0.054447577654963 -0.125259002145817 0.00399912771028136
0.0866716194379577 0.146122377682581 -0.177321771260628 -0.0170544945726471
-0.0804894022326533 0.213376564955491 -0.234500956296132 -0.152445286460636
-0.263954313762454 -0.048727778309362 -0.148150361596766 -0.387628803945029
0.0297252930890691 -0.259011144429566 0.190828097161198 -0.429077330443325
0.270828873633687 -0.0715186341021287 0.203162873445482 0.0231208098629197
0.231409083906868 -0.0499670424297801 -0.151511116889275 -0.0910006402498419
0.00902769346566309 -0.193857488524525 -0.350020030375143 0.204075551761188
-0.162872606542541 -0.0320779141273696 -0.164322279880789 0.415318736286022
-0.0282910356078911 0.111872228937805 0.0867723084636803 0.362530417911073
0.0344803064114922 0.0407179956230595 0.186273987652987 0.151583775942615
0.0137052705989743 0.0170736042826378 0.13942869142018 0.0246086962824908
0.0225583962359174 -0.00378715750411837 0.0913712052474627 -0.00309241027628178
0.0367293999137397 -0.0175557489772941 0.0266862316105859 -0.000819354240492931
0.067104341718055 0.015766870140601 -0.0277548932746745 0.00983545803200015
0.0946606800011325 0.0999904175141551 -0.0823695946144773 0.018521684725372
0.0161127576356 0.180571521915798 -0.145870757136697 0.0375489826305859
-0.188264786906997 0.145700913730357 -0.27998983331581 -0.100210924448387
-0.229501983730554 -0.201942011788125 -0.206553171206186 -0.437670899184257
0.159488130155853 -0.289756032850743 0.203664990517745 -0.501194050892574
0.332111883029351 -0.0230417332994849 0.166902577063763 -0.00661961353328667
0.179383846584062 -0.0491827158602991 -0.153418750992875 -0.0970657171429685
-0.00414100151869681 -0.119774909645084 -0.32557119304844 0.155130003632802
-0.0915390954427903 0.0138214048478696 -0.175605158073443 0.410711645011366
0.0258862188492431 0.0668528166303613 0.121040590971603 0.379547064357284
0.0303838598755019 -0.0109636610285201 0.22408354757578 0.126082461316813
-0.00418428603535028 -0.0166508808135538 0.145607746049153 -0.00437118958644995
0.0102378817403531 -0.0161795307885715 0.0908397486717376 -0.00982573557694016
0.0272585019073096 -0.0114610744110719 0.0353358519591342 0.00280768624565918
0.0593070872531892 0.0311057526022005 -0.00188500397356672 0.0199166272491811
0.0535037587558749 0.110712122089055 -0.0503700110265565 0.0589257387701921
-0.0595984716899307 0.144466331937013 -0.158159753926268 0.101547285539398
-0.208285984941126 0.0180582913413605 -0.353860236116298 -0.109303700946354
-0.0927292701561116 -0.272341131478204 -0.206795341483357 -0.539526124983072
0.256077123823551 -0.21402956999551 0.275411991324211 -0.557908066240561
0.307181753058844 0.0333586163927185 0.128160997683883 -0.0395897171069634
0.12766934696747 -0.0283120344520819 -0.159485410603152 -0.105748842122314
0.0212145466506764 -0.065340933251577 -0.320643132288281 0.139000095882648
-0.02816735767989 0.00238103387399399 -0.156841643171942 0.422337924027437
0.0266494720540566 0.0109106520065744 0.179711523750379 0.37458577360262
0.00654100106285491 -0.0333479231963537 0.257324012017168 0.0833434558945786
-0.0131629101888814 -0.0251296002896389 0.148224423710695 -0.0364731132453791
0.0040019517680819 -0.0150364487494254 0.0878789534105512 -0.0203438673301472
0.0164549496041032 -0.0049199774568014 0.0398316372899997 0.00304527756983237
0.0332785781182859 0.0313105819857435 0.0148507494642356 0.0337880448012147
0.00488739447927891 0.074194554400327 -0.0412987812047612 0.0974364821694755
-0.0828320492901222 0.0559030906652961 -0.202168320627533 0.127475025101376
-0.118911119395518 -0.0757111597858088 -0.396227465829289 -0.182867982345979
0.0497739459842949 -0.200261679328888 -0.128564409943145 -0.630108689478663
0.237053302144504 -0.0751625480625708 0.378513035029717 -0.567357355038668
0.189695422123119 0.0621526758851408 0.101176311422465 -0.0715796585048064
-0.0315444607792169 -0.022803141585796 -0.0105269344899979 -0.0452474237836735
-0.0388370237459694 -0.0164240919917061 -0.581175082680459 0.37805953511276
-0.0773112908595923 0.0235778261932498 -0.0338361327638245 0.776767309167006
-0.0232310291013716 0.0704596956957798 0.458254507362684 0.36026756002825
0.0240050383832941 0.0416212961561689 0.296920305069107 -0.121127474070792
0.029189789617007 0.000573195119663781 0.0421581720439248 -0.144038081669781
0.00777156404299837 -0.00700748151147501 -0.00335258133408679 -0.051863960682271
0.00336162630524798 0.00376382295864361 -0.0324334477086907 -0.0202917312876536
0.00347228570628744 0.0203086959482039 -0.0844548312511374 0.0309775538628794
0.0120870812160693 0.0270505700430749 -0.170005151678932 0.0560509554302561
0.0115080272241856 0.0310304567704944 -0.267785647034097 -0.0272506292564713
0.00711987441486563 0.0242584584060895 -0.230299372866107 -0.313632857276476
0.00332571178354463 0.049565387117249 0.0679718835646951 -0.440032573923671
-0.0414948991625431 0.0595001460982834 0.295483509860588 -0.256017163151459
-0.096013489947294 0.00775302210437478 0.210855949030001 0.0703537080821679
0.123037552779144 0.0139587853844317 -0.0187008915202922 -0.0613697774163854
0.096041823400903 -0.108120129112652 -0.600230324189392 0.344707913643431
-0.0901464197067815 -0.116101090501428 -0.0999047084168589 0.749714162029594
-0.135711173037947 0.0529088215035741 0.386499453657816 0.391602888464244
-0.0271434973168738 0.102448552598622 0.286458373551518 -0.0570840378370838
0.0397615384133389 0.0610784654051293 0.0697586616805027 -0.116570588581782
0.0382883626638848 0.0190727371347626 0.0160235264132994 -0.0525416069884481
0.0201135760382802 -0.00371339532061875 -0.0261732605460244 -0.0214946337402232
0.00462499625133249 -0.000910796247594716 -0.0851708111518397 0.0310249884419705
0.016517431656757 0.00556518634349146 -0.172645347045429 0.0572558859230424
0.0490029474476187 0.0226415562918921 -0.274850925575897 -0.0161266816190723
0.0537479211315766 0.0757907904853528 -0.256783786940785 -0.288256579425858
-0.0468308339767175 0.105772947122921 0.0190677876210019 -0.437584591589507
-0.0781343006878189 0.01697377005229 0.279098036162533 -0.296138753501399
-0.0340332748862498 -0.0369244400021976 0.234196042051124 0.0701780311977181
0.240416391114891 0.0239929658850979 -0.064568651516766 -0.0841509951340467
0.170801437815224 -0.199369374732575 -0.579502539741348 0.338314331062637
-0.125009720782634 -0.208589994458626 -0.111560805471368 0.680947315461475
-0.203137019211657 0.0554399443372232 0.296630528627504 0.376615210524034
-0.0509613424101225 0.137685109618167 0.238513182534202 0.0147867291341817
0.0418148706110334 0.0959777097444619 0.0916171140896455 -0.061462714166492
0.0544292256034315 0.035456089758352 0.0454661531875455 -0.0399137436920196
0.0325957719138331 -0.0105741389577215 -0.0167900011777689 -0.0196655053214356
0.0147045709993088 -0.0174149799037141 -0.0845627741021052 0.0261462092844631
0.0373863942847772 -0.00474408036131352 -0.176377040445538 0.0436099135597347
0.0889673619813895 0.0335486577620987 -0.267452130040154 -0.0239341821466956
0.072845435491821 0.138079690657068 -0.259248803244859 -0.266708273010581
-0.117328743096041 0.130291094469846 -0.029518675427624 -0.427285842302982
-0.096244000002741 -0.0557045282603383 0.25494934541408 -0.343783742500542
0.0538462714075049 -0.0770546376188314 0.250734644522806 0.0614419942656205
0.294446943096666 -0.000202950889663443 -0.116545991401925 -0.0942580852824523
0.150239638485991 -0.265888830935568 -0.516410378181962 0.320606108099671
-0.182994793655653 -0.211580454067357 -0.112836894698399 0.577358395297278
-0.200582663965445 0.0921048469515035 0.196143175934423 0.352423446767092
-0.0329375085297718 0.141587614576386 0.192090841937015 0.0888728864672266
0.0419836024276369 0.0958137477986559 0.11101213136688 -0.0030643562316301
0.0544400150818483 0.0341158570247571 0.0718617530454223 -0.0220124394343888
0.0396414028529687 -0.0177169108761001 -0.00321180303816198 -0.0153217738109335
0.0336981396893629 -0.0209457695343692 -0.0775080446365674 0.017434516050858
0.0756866784090412 0.0133720783386556 -0.166144717274854 0.0220019123354954
0.113097467950388 0.083503449138132 -0.237107502380296 -0.0348559789968756
0.0296439017894723 0.20392515308371 -0.247107617817769 -0.227602239918481
-0.212239363779554 0.0841393075295344 -0.0846474346075835 -0.410270384588444
-0.0687354345043213 -0.164808038665027 0.224676864793001 -0.393292104890741
0.169172162118745 -0.0960827463620367 0.246518485028259 0.0448256645587378
0.287339734496702 -0.0342458502482037 -0.150190485757352 -0.096900240567558
0.0703976933914512 -0.26557234680397 -0.433750040518925 0.275715778321266
-0.210720597533937 -0.130179117865665 -0.141002826981253 0.485202998229151
-0.124381723929553 0.126897366658734 0.11322039879932 0.360437085472442
0.010148742689422 0.104538266682469 0.177417090654768 0.146778149722892
0.0329068986834815 0.0631142250587221 0.129945378873428 0.029172036630618
0.0412848765073261 0.0162413049928564 0.0886404317685955 -0.00662440077954649
0.0393136004716056 -0.0210883180349159 0.0126349814867716 -0.0089560138331932
0.0568008473941312 -0.00767365704504992 -0.0581529121340243 0.0109812767239848
0.105458720831944 0.0561794136826627 -0.134234587390468 0.00891471844331054
0.0934372580781588 0.153957378216901 -0.18982338374508 -0.0181653461178815
-0.083231210192882 0.225192817471591 -0.246451877652818 -0.165671695954501
-0.28069248749135 -0.0475875378360112 -0.152676344242828 -0.412230464462959
0.0238257098127686 -0.274429805162307 0.205278559004097 -0.454425354013348
0.283592826212222 -0.0802971367224174 0.221186267002596 0.0239975292542543
0.242138890975107 -0.0572558506956123 -0.163839673919732 -0.0989903774631205
0.00519805006812975 -0.205573282209776 -0.375194612175531 0.212463090361717
-0.173901580811639 -0.0317057285699849 -0.175779316773112 0.44070464556026
-0.0276977014169104 0.117417896214002 0.0940504136591126 0.391081149812124
0.0360059940532358 0.0422776933596772 0.202705120962196 0.161938249319362
0.0153172924720925 0.0184731892541126 0.148038731661871 0.0249992933353388
0.0236573222115009 -0.00616238393535109 0.0967854389826802 -0.0062020092200695
0.0350547717749022 -0.0199303831234596 0.0284730740264686 -0.00169633473011864
0.0710825373362822 0.0144355008310981 -0.0293791735280335 0.00966760079979895
0.102041083074332 0.102989457695398 -0.0874826540304611 0.0212496248292339
0.0195216777875338 0.190191708600448 -0.154085527132609 0.0396942971115645
-0.196759231377417 0.155588794089026 -0.293212954711446 -0.109657372172299
-0.245538970267276 -0.209039708406438 -0.21586911523325 -0.462474034304196
0.162496917160634 -0.308189657144368 0.220110089984177 -0.527931542319645
0.348115088067331 -0.0279824808817646 0.182708963631537 -0.00686708964059274
0.186258850314763 -0.0548658819982343 -0.166237969559903 -0.106244621669465
-0.00766988988369603 -0.127325033724873 -0.350518117473391 0.166116376262592
-0.0979887888411121 0.0168124049165161 -0.186825849185163 0.439168612155934
0.029687283952306 0.0690228806956219 0.13114877839585 0.410896528052739
0.0310309625353589 -0.0110160582025247 0.241157354111331 0.134416220231201
-0.00436699263811048 -0.015205684630867 0.15683943094499 -0.00388915400595674
0.0110003180961164 -0.0192397850416913 0.0964582310755618 -0.0112301795579907
0.0285767217234993 -0.014273068103028 0.03785525168194 0.00193079031090817
0.0635765635678212 0.0300446036553435 -0.00115066788272019 0.0206690615481379
0.0601447316764384 0.11608817583995 -0.0521321550652013 0.0611357567650162
-0.0598528405016537 0.153826580511378 -0.165901560131512 0.106947806127577
-0.219131933007189 0.0219685125580637 -0.370879076628027 -0.117157013139708
-0.0993340707941381 -0.283804460072396 -0.214654912532346 -0.568009778051351
0.264642172338304 -0.228692539067714 0.294783718494593 -0.587949146219442
0.321664044819174 0.0324015697108356 0.142426935070047 -0.0429820384291135
0.133859313228969 -0.0327692744249781 -0.173596722572981 -0.111817172830116
0.0207106436445121 -0.071009645690587 -0.345352206715465 0.148870812103921
-0.0300097225042398 0.00391756668383916 -0.167671032769146 0.453861936359373
0.0292405280506226 0.0115607163470755 0.191524015352029 0.402366143279194
0.00609578555606914 -0.0348744024044987 0.276768161107316 0.088554783101671
-0.0140162964507002 -0.0248703834602472 0.158078959637454 -0.0394106985492782
0.00479884332793377 -0.0174266362648614 0.0925182227508775 -0.0237197615002621
0.0168831928500661 -0.00650059955260255 0.0413386701916514 0.00114135985803364
0.0365288808352939 0.0303476860752724 0.0150224339407296 0.0342431747700539
0.0068455757918572 0.0782009052586523 -0.0428023999320535 0.102496109199318
-0.0860622285200816 0.0618832222244647 -0.21061296281439 0.133722618375161
-0.125277107805463 -0.0784715496935495 -0.415851078368717 -0.194184684428537
0.049195418185572 -0.209131230973361 -0.131064540317922 -0.663720529931592
0.247363382189673 -0.0818868318107075 0.402616406471163 -0.598552885346129
0.200490900823275 0.065129638729467 0.113293266714891 -0.072334191592119
-0.0379860471685903 -0.0177031847449048 -0.0228193026271778 -0.0529503782690722
-0.0425251038197166 -0.0170820856831304 -0.553639218667974 0.50083871739334
-0.0817128569240157 0.0297422834955559 0.101030530162359 0.823178881918785
-0.0201995031745276 0.0790132103948719 0.54519408078979 0.288593288352701
0.0319053520512997 0.0433144580240885 0.288062678049308 -0.180633729146429
0.0296562252694983 -0.00365578011008154 0.0180416959419738 -0.153934664028887
0.00628674577023464 -0.00847354216012837 -0.0114923297988336 -0.0537121539491984
0.00276713583489237 0.00336123523517461 -0.034487182427907 -0.0163054347472927
0.00629646438610046 0.020074143322939 -0.0804731281681117 0.0473822926851078
0.0156456369113359 0.024997922687813 -0.16634154114441 0.0886939353501963
0.0183028567534902 0.0281430488129604 -0.28641667174226 0.0153665142952554
0.0124502820295836 0.0254053587019181 -0.297237366179138 -0.296328616002733
0.0141366814362249 0.0517126071629565 0.00109140650553432 -0.481682335268156
-0.0343206566516667 0.0709069070953988 0.273805503243974 -0.319748978965957
-0.0987292160092225 0.0233612178469405 0.239158372056162 0.0389687805549478
0.132285266203426 -0.00850402806198876 -0.0451323713601936 -0.0604451106584971
0.083358231154016 -0.136352599328506 -0.581210901454138 0.477228528311578
-0.119304451607954 -0.113586336622414 0.0329026939897132 0.814586200036728
-0.139135122072755 0.0782626190564805 0.482000639872181 0.336031210341614
-0.01139664879764 0.114497053726685 0.2912443269548 -0.114837874058582
0.0511870048505252 0.0575708637819339 0.050571875003003 -0.134170818285399
0.0422832572175705 0.0132196080295203 0.00721792143633572 -0.060436875467287
0.0178817163225756 -0.00710785191846287 -0.0300681409539364 -0.0178014684677556
0.00363870980960516 -0.00159412168470905 -0.0806861738924418 0.0478215328354024
0.0173469133729453 0.00254800507424641 -0.17077181565552 0.0912648351753964
0.0549848428572042 0.0119655168052315 -0.29293574386421 0.0287479600722887
0.069096200072838 0.0697517472387873 -0.320596132543368 -0.268070856567802
-0.0272076310035644 0.118105036281488 -0.0495299930029526 -0.469416517662814
-0.0811538198410455 0.0323381373935188 0.249202557629946 -0.359189663073666
-0.0445704961263702 -0.0334058697814932 0.263504802717911 0.0340030541820916
0.258619057714118 -0.0198232491711122 -0.104374199119775 -0.0673410223782896
0.14632979065939 -0.245447910960313 -0.562535438411027 0.468193865162648
-0.171041987876917 -0.20383604928403 0.0136627596927358 0.745808191878689
-0.2085327850948 0.0912734211143246 0.389948240829961 0.335443979173418
-0.0311384911382416 0.154613896430222 0.256938546888187 -0.032169885066955
0.0598807598691981 0.0927928919807503 0.0829470703544001 -0.0810901235999259
0.0617628015691642 0.0270992953995124 0.039056835603867 -0.0535604734698668
0.0292870473795544 -0.0166621329381712 -0.0198180141562709 -0.0180061436732089
0.0101366955446066 -0.0205848487538806 -0.0831456267654675 0.0432180812991066
0.0391236527976516 -0.0124320313278343 -0.17740181040072 0.0774950791994709
0.0974969568174308 0.0170821858108507 -0.288467562859184 0.0199927093683253
0.0993944921553417 0.132118265411098 -0.321190345263727 -0.245012299732977
-0.0974353559900917 0.157281032889565 -0.0974731083635493 -0.449212129394421
-0.111849642725605 -0.0394482104592014 0.212878623051303 -0.402937968649982
0.038294358154307 -0.0909354261400073 0.279324116755179 0.0214773037728828
0.313243262228911 -0.0555381441116398 -0.163811650683978 -0.0660128261942942
0.112167076648087 -0.312135204687469 -0.493384590723335 0.442392378005235
-0.233159545376524 -0.196041199783167 -0.00534587256983003 0.638045405200332
-0.199906153379941 0.127334600522973 0.277305308416168 0.330072780673753
-0.0109895514511535 0.154344324054822 0.218744348013373 0.0528568678063818
0.0585179388434246 0.0923213277279979 0.11406467486923 -0.0249291066995452
0.0618877122520864 0.025544745571591 0.0702875398208473 -0.0391462073084946
0.0331852668475803 -0.025194159072726 -0.00662715702843637 -0.0145407655293412
0.0306213298223777 -0.0278245579793437 -0.0777823088466433 0.0326950021486769
0.0821009469284823 -0.00166325626153796 -0.17087503812128 0.0516952258876942
0.131957279525688 0.0638110894765974 -0.259294057514052 0.00177897139256026
0.065231802111727 0.208562273185638 -0.299477666748658 -0.207879782038583
-0.203704468760378 0.126624455867499 -0.150028872973204 -0.422087361665727
-0.104410204396214 -0.157814686890773 0.171168686867295 -0.447973381488963
0.154164132126624 -0.129265552071363 0.273133776846674 0.00675665585861626
0.297974655128593 -0.0923957380632909 -0.196504408911982 -0.0586864028294822
0.0284384565324893 -0.299487939008054 -0.413435072301688 0.377947259172224
-0.246678874809775 -0.104233850740046 -0.0514416304574888 0.539617286354778
-0.114656171523507 0.151036219000825 0.194296938225334 0.355834396611133
0.0255145343667794 0.108868883664124 0.216429459980312 0.118170753505384
0.0443289239702541 0.0596889840391751 0.142552167394336 0.00561928442406935
0.0439767291938308 0.0081951701343789 0.0907636002094375 -0.02816499072414
0.0337861858999716 -0.029127869316266 0.0116749147311856 -0.0125944265042064
0.0565301790586862 -0.019391572747419 -0.0598740885162548 0.0200539387820148
0.121878640562685 0.0382004239117738 -0.140029890317588 0.0302288056910558
0.122703321236247 0.139360624344873 -0.203000419613776 0.0104773767999567
-0.0468505761686867 0.247532625484166 -0.285256886256374 -0.141741048964734
-0.297775309588562 0.0030323980354671 -0.221440166469889 -0.403597344328222
-0.0245116133338571 -0.283396711302904 0.136266319195274 -0.510933802628941
0.274636636777178 -0.132627602770596 0.244319322289366 -0.0128007191305349
0.245934412119841 -0.108735876381486 -0.206990055840951 -0.0586799177094906
-0.0313263841235594 -0.223365082080544 -0.361490628621349 0.298911977911813
-0.190573168557433 -0.00733717581670362 -0.101579161568026 0.496938133526364
-0.0136964257692981 0.125243836618795 0.175391450917135 0.393154441406469
0.0416536871419252 0.0413658147700976 0.245271142967349 0.133114804255807
0.0190623893721002 0.0174194811252815 0.160903992500312 -0.000315966289594733
0.0217058490936226 -0.0111542996562535 0.100896113969785 -0.025589896313946
0.0307608380450459 -0.0272261965157053 0.0283454541786302 -0.00739700358240775
0.0755034338668893 0.000322572068725278 -0.0307656083631069 0.0156846832191493
0.124708906288881 0.0866015761145499 -0.0895133768343069 0.0369946329648656
0.0539847725146739 0.19105674252771 -0.156255533026223 0.0623589628960581
-0.176820281235776 0.194343215223101 -0.321811411132791 -0.0722654620970491
-0.289629859247697 -0.169804488483128 -0.300693001390823 -0.446123962683864
0.110883680711508 -0.340786328701096 0.140794992140059 -0.594598078878317
0.350550701312084 -0.0893868712526696 0.198352888745496 -0.038193567632679
0.186408508159566 -0.0963469900570276 -0.207939681940951 -0.0674498247019122
-0.0321798154481894 -0.138994194740726 -0.344723305773358 0.243302154486328
-0.103779058188379 0.0304004948937726 -0.117074736866899 0.498383047350839
0.0370711359028365 0.0659144493588299 0.216747357487615 0.408615408124807
0.0285459750781113 -0.0119948596658142 0.283034169004852 0.0969615312554639
-0.00673721402939443 -0.0135056733522386 0.165147857687406 -0.0326058516989238
0.00569218708858313 -0.021831670973609 0.0996502657734986 -0.0319277822464858
0.0248678516596608 -0.0195787807476409 0.038869335563912 -0.00605768122832977
0.0714160863599166 0.0190125988800021 0.00164306652557634 0.0199481919503682
0.0825611084680464 0.10769119870327 -0.0436880299181438 0.0717860626052169
-0.0339088724076445 0.167326773618324 -0.155801712441829 0.135039649649296
-0.22064612478658 0.0600205211063381 -0.401913803417446 -0.0643372383585607
-0.15374399484115 -0.273353592539111 -0.320244001902744 -0.556774370919774
0.230224726298409 -0.275745940345848 0.210418047703865 -0.669851070347872
0.333378803684708 -0.0215001353481993 0.151625356875979 -0.0671468749024643
0.137595591512412 -0.0626816677621697 -0.21604549333045 -0.079309434746632
0.00928873217889222 -0.0832167728086448 -0.345729778852861 0.226486114980948
-0.0331731521592274 0.00469660749918784 -0.0965067383217522 0.515136576180178
0.0260970829280565 0.00688788487057338 0.281726333770526 0.389933397873602
-0.000643899228336392 -0.0325778535513222 0.311717710447831 0.0414961198504792
-0.0189894909468194 -0.0226492936446468 0.162380999286406 -0.0688476016644686
0.0013168150165553 -0.0202501803721773 0.093154774746853 -0.0425130735119374
0.0158069705519297 -0.0106583729791067 0.0422445295510186 -0.00742772690460183
0.0437250222702795 0.0225637586744013 0.0207615701998072 0.0311402620045874
0.021651488009791 0.0791489337157436 -0.0271330680653432 0.112797715095533
-0.0782930269321912 0.0768757693569201 -0.195904415029384 0.17344687273449
-0.140539978728508 -0.0583618161145122 -0.465161327895785 -0.134231814983346
0.0161847899989696 -0.223375608664251 -0.249679976290135 -0.6755923287068
0.236263036761371 -0.120462914102285 0.325560287396871 -0.698600128037436
0.214386149640352 0.0325771864431512 0.116067355599873 -0.0936448663345458
-0.0421012937925722 -0.0134893905587475 -0.0361494708910179 -0.057138725877288
-0.0441953096534383 -0.0130248669264885 -0.524029348590137 0.560574392825653
-0.0788622523670798 0.0376012895639655 0.176316183276497 0.830319598591724
-0.013049871720112 0.0809915522224571 0.582310334258645 0.244067090255161
0.036242251963329 0.0401649933045024 0.276897245632576 -0.208440652367613
0.0281939018058059 -0.00661616500578139 0.00567222079869359 -0.153481766243042
0.00370992087372846 -0.00922823395194758 -0.0153543239890769 -0.053179054675058
0.00103576014792292 0.00334698807564279 -0.0349138788436194 -0.0144822302213908
0.00786604948192522 0.0198653632193006 -0.0737275162131869 0.056631984335871
0.0187576467249835 0.0243561543270034 -0.158457600142381 0.107613457647584
0.0193248630833573 0.0255958488544007 -0.289695554427834 0.0430686576909332
0.0150370523065443 0.0237782094257443 -0.333117160734652 -0.278432297730042
0.0196471314431159 0.0510198426250821 -0.0415489783025563 -0.496278659170166
-0.0280939655669291 0.0760509239838531 0.254938508640482 -0.354903648703497
-0.100596587393264 0.0338152734587741 0.25197065426126 0.0146876948698324
0.131598291095618 -0.0211480977231844 -0.0590747834023499 -0.0623709420077768
0.0705936636373118 -0.146394060301892 -0.556648766380699 0.536681564126325
-0.132064088978298 -0.103483517292284 0.103874328514645 0.825516522222056
-0.133443189589551 0.0924358146083772 0.521341116750629 0.300912438508036
-0.000553393147293234 0.116141330401296 0.286748028985651 -0.14209634705715
0.056838537216725 0.0518676759644301 0.040078424483688 -0.136964524492837
0.042122922631985 0.00848741336975271 0.0028351326257646 -0.0610750366045267
0.0149856359395118 -0.00896958540256986 -0.0307020208116713 -0.0156611837140864
0.00218582000120288 -0.00176632661392726 -0.075019349802137 0.056273697111224
0.0182285478425228 0.00187032767805639 -0.163220667494595 0.110572496095729
0.0551928599232931 0.00691083952758114 -0.29605178198544 0.0590480890536329
0.0765057963850753 0.0621766669878607 -0.354484566763169 -0.246060458424734
-0.0152597756992829 0.123288547519057 -0.0925511553732198 -0.479424037780988
-0.0804701788944247 0.0415017351977608 0.224178694173195 -0.392523426206961
-0.050452452883614 -0.03004191443646 0.277004426086211 0.00648259180942713
0.257952888509534 -0.0451079056344051 -0.117980962501365 -0.0638511855304514
0.122618148446495 -0.262315463375314 -0.535999433577078 0.5276932676303
-0.193811409989531 -0.189009727201788 0.0776754578128728 0.759632870963175
-0.202149272171997 0.112604004884488 0.427594650026917 0.309850316910084
-0.0162110144125839 0.158665362864037 0.260451030622018 -0.0552009274666204
0.0698432348968255 0.0873541701419287 0.0772000822304692 -0.0876483311836713
0.0631922986483835 0.0205592056887523 0.034532056309857 -0.057437002855493
0.0243578639268885 -0.0193991607223436 -0.0204820932440917 -0.0175377374755681
0.00631988132062192 -0.0213811628542318 -0.0787484173780355 0.0514363380944213
0.0385706575933913 -0.0156024406425061 -0.172086656132155 0.0972465167709526
0.1000200510212 0.00733108075319624 -0.292976575151676 0.048592623914471
0.113418739029975 0.12216129804849 -0.352105229671408 -0.223453203532939
-0.082449282480241 0.168618697159293 -0.138515143062795 -0.453664387968
-0.120189251248192 -0.0282946837115351 0.182491859753244 -0.433708442049675
0.0282207094191253 -0.0959828137334282 0.291393994961814 -0.00642577712005667
0.309488480530941 -0.0874321545314943 -0.177694774190864 -0.0542010041471702
0.0817454767460466 -0.326534449175217 -0.466680405490837 0.496089155639634
-0.25648651211539 -0.174430687497018 0.0490030753658007 0.652198140957862
-0.18914475157833 0.149192562689837 0.314480265331757 0.315215779469451
0.00411344501723681 0.156556671029834 0.233354389196238 0.0349378883535606
0.0702423168558065 0.0860497998315966 0.114745628763952 -0.0347279069106298
0.0638039790708404 0.0178674194719488 0.0674317098571239 -0.0460493411500805
0.0284401465196303 -0.0283605425458787 -0.00683890961846631 -0.0163738540310133
0.0255751812780016 -0.0314466259646857 -0.0763774119230924 0.0409616821582648
0.0820798911069383 -0.00972974586759277 -0.170175052468322 0.0709918220283949
0.13982948996065 0.050643808366032 -0.263941610949384 0.0270294328621496
0.0857275003034776 0.203422455170028 -0.326540884594637 -0.188608526905478
-0.194588220421045 0.150658880126676 -0.188874139099804 -0.418981429666185
-0.123221826114004 -0.148569737136567 0.137582813403107 -0.476417727969599
0.141577674512815 -0.14841902754907 0.2850413351676 -0.0221512593818089
0.29128817060056 -0.123488794317867 -0.209946107627841 -0.0433716228211691
-0.00267701080216291 -0.306312664378003 -0.391558312478109 0.419342274831517
-0.263349913917335 -0.0809448651600407 -0.00667302372606922 0.56008417886553
-0.102041541907195 0.164697836116084 0.230985225829212 0.350409197509156
0.0360251386174742 0.108204226213719 0.236675766861587 0.0994996320775638
0.0522740696422073 0.0550773057350327 0.147869353330349 -0.00769956807038414
0.0437015239738078 0.00474301865479099 0.0883503467066684 -0.0371804658368954
0.0286775671390322 -0.033814088921232 0.0114284761408676 -0.0132325425080323
0.0543877022299609 -0.0260285270215486 -0.0601331483843298 0.027512011632669
0.126579719114876 0.0250008820644171 -0.139538735829673 0.0472678684326047
0.139716670151086 0.128795320682589 -0.209144621424068 0.0298547125272615
-0.0219331273206995 0.256510477402854 -0.30332813986552 -0.122797331892632
-0.303583058064941 0.0352812591387023 -0.260430747688012 -0.394760071511791
-0.0583993707128153 -0.283631443503622 0.0969250026186135 -0.536963740950711
0.262689656748473 -0.161297867306653 0.253719159950824 -0.0382841286428814
0.237338703326328 -0.134977616653243 -0.22038091074849 -0.0437075069532071
-0.056063506556517 -0.223072585372561 -0.347348927038698 0.338341299886321
-0.195604571337441 0.0125554465049263 -0.0611531299119271 0.519722110961825
-0.00178192641808581 0.127500286486004 0.218463848453212 0.391347919994216
0.0461477121810257 0.0378319359935373 0.267461422901272 0.11160532958731
0.0219727060805407 0.0158330377432201 0.165556175656661 -0.0154859199009966
0.01849784174599 -0.0140745352549992 0.0996277145604524 -0.0372514453955651
0.0258193781948263 -0.0310316683690985 0.0269531181488302 -0.0113690355595759
0.0750052490667954 -0.00867784957291036 -0.0300586443188527 0.0174155145123977
0.136953233299086 0.0735360473291328 -0.0880894688487406 0.0472769542612613
0.0749829794698691 0.188528171637247 -0.155095469285116 0.0781501857205939
-0.15980982658103 0.216339944241963 -0.333220254173464 -0.0494099699959461
-0.312606272146935 -0.140701276566835 -0.343151606988388 -0.427623683330022
0.0759721252884501 -0.356079406224247 0.0937541110679744 -0.620353195882545
0.345272711792259 -0.125811212450724 0.204448123750663 -0.0584556599643462
0.178859678402668 -0.116299646805904 -0.222903148239895 -0.0526723194180449
-0.046744488350197 -0.137759889757769 -0.333547447521301 0.280665661287293
-0.102031545571621 0.0413977792293006 -0.07604748589134 0.523958908819079
0.0442117641474511 0.0623334050196926 0.264844131320502 0.401661069275253
0.0267474736078172 -0.0144820514271851 0.301971690714398 0.0704008815976491
-0.00658918525323935 -0.0128293399580032 0.166502393916062 -0.0494602052310515
0.00304763647597039 -0.0240299928047764 0.0983198707503203 -0.0443084020460365
0.0215874532843461 -0.0227940990536765 0.0378183166018542 -0.0106433539279596
0.0733603508946008 0.0103603422043679 0.00158140357104272 0.0187936223188977
0.0976174980007777 0.0999302529965224 -0.0388617065180207 0.0780646314548054
-0.0180204756898973 0.174398728915067 -0.145711527521095 0.149736279460143
-0.218489221435014 0.0847171928763797 -0.414210094136043 -0.0315562012354999
-0.183728948957767 -0.260700400579446 -0.374201969592366 -0.540149961257161
0.204949143616546 -0.300169918317118 0.159436439137618 -0.701043395081028
0.335949714568509 -0.0546700093040575 0.154722018218275 -0.0824510554372706
0.131694959510057 -0.0775877176077392 -0.233156745019057 -0.0606824247317437
-0.000191321444240556 -0.0866276709028185 -0.334904402233915 0.265620854639812
-0.0326271952550033 0.00882121683904157 -0.0517683952777001 0.540046895263364
0.0283338349484003 0.0039836197635407 0.328080550625636 0.375296830900693
-0.0052031096376439 -0.0324224584032124 0.326193236008764 0.0121919813951298
-0.0195683981844442 -0.0206435621061463 0.160007990862072 -0.0858097531011496
-0.000707623243536871 -0.021236529942873 0.0909459843138589 -0.0538335042642115
0.0136457377496828 -0.0130153801449988 0.0398604950351708 -0.0126359077833166
0.0460302779368419 0.0169306703041033 0.0232525951888082 0.0286672261135937
0.0316206074550935 0.0762985341794927 -0.0174665191817847 0.117258651966205
-0.0707419146852141 0.0866747314605154 -0.181548375627609 0.19190487311965
-0.148336938032894 -0.045381277129818 -0.482056648581439 -0.0982451762233659
-0.00562162558262581 -0.226178027333977 -0.310072040336801 -0.665379436605535
0.22627334084751 -0.145140142520992 0.271904149392616 -0.739644465917222
0.220273470982492 0.0123323234330328 0.117203846397222 -0.104063498954375
-0.0426012056031171 -0.00832191502089284 -0.0478382400981971 -0.0564965139579381
-0.0429325061144255 -0.00858421318489653 -0.466566089347297 0.586976502362401
-0.0722467974066751 0.0422897968932217 0.234871853602922 0.788673362265126
-0.00543075830370885 0.0776847640243463 0.580170875762192 0.193123114413029
0.0376532428682582 0.0347232420890452 0.25071306832896 -0.223104774474426
0.0256488938776299 -0.00919691511487708 -0.00521613011043059 -0.145415159485976
0.00102242507811868 -0.00873411089252448 -0.017197398689505 -0.0498995999263548
-0.00028666649113372 0.00366941366984499 -0.0340841917164251 -0.0110361347138429
0.00907498418104945 0.018169520347618 -0.0645115294015103 0.0599477456703681
0.0205395568777327 0.0217885375478371 -0.141864652773218 0.117724287832058
0.0193685960102458 0.0228667690469183 -0.275929650007056 0.06691987132269
0.0158854716156916 0.0210027351171069 -0.34839540828492 -0.244418395149153
0.0247014561877861 0.0477496946637306 -0.0797845771443925 -0.480729184801593
-0.0203033468088097 0.0772729693378586 0.22225606783699 -0.368243076483852
-0.0954372858641344 0.0413157388077574 0.250585306825235 -0.00975526998928091
0.123375171022033 -0.0309397150474831 -0.0696923866397752 -0.0589198945490895
0.0551813658615654 -0.146646243033826 -0.498152756199986 0.566258632779381
-0.136512790179493 -0.0886880229784724 0.164956966194093 0.791505564730816
-0.120245169136316 0.100476101620928 0.528202829238249 0.250080636887454
0.00884389333634211 0.112329272639551 0.266531462214769 -0.160314575611462
0.0587804873128958 0.0438929593755815 0.0288143622138501 -0.133087316128886
0.0397669732133732 0.00422592451286888 -0.00166559245454725 -0.0582899063090001
0.01147735479194 -0.00863595872835749 -0.0299448750165239 -0.0136292712694001
0.000990876276187201 -0.00102105926766166 -0.066094221404983 0.0607458643926445
0.0181541214243902 0.000281635922220472 -0.146772287255316 0.122667646525707
0.0525918256743057 0.00159130792486825 -0.280497829135935 0.0824215492491854
0.0784936087273505 0.0524907140846513 -0.367117654685731 -0.21177243635639
-0.00272992469651674 0.120288091356922 -0.127643169200145 -0.460249363374063
-0.0744075245755229 0.0480855328794093 0.187569693217996 -0.401923750613108
-0.0528237675505894 -0.0244563812994978 0.273072385248802 -0.0197432463144636
0.242459293835577 -0.0653609617926533 -0.125373510400781 -0.0544919269514431
0.0947430419372064 -0.263662888283223 -0.479540359619238 0.554755495497812
-0.202988078426407 -0.165595370779493 0.132579924321748 0.726660663037002
-0.184942308564204 0.126157925700044 0.437954018231275 0.26656747661019
-0.00206927463002369 0.155147468012854 0.249358138390914 -0.0744136231177663
0.0749406808776653 0.0768894574775074 0.0690974254075581 -0.0889380512794186
0.0614567241016701 0.013292461098631 0.0291259384321457 -0.0583268969746333
0.0187754791327986 -0.0200983135376075 -0.0230619908511203 -0.0153437440671073
0.00227784492290823 -0.0211627655731708 -0.0709296722858495 0.0564070465762146
0.036040909986947 -0.0182232981533395 -0.15737838330524 0.110841586232598
0.0959034543906274 -0.00228562610562036 -0.279711476512661 0.0737636237091126
0.119242866547974 0.106369996397301 -0.363011219581444 -0.188927233742544
-0.0636769209638443 0.171604560786316 -0.170289694117134 -0.432811152741499
-0.119805618282275 -0.0159041394510261 0.145612608715467 -0.437001231937228
0.0171077108090377 -0.0956421631723227 0.285063596568932 -0.0328223550461718
0.288147917784902 -0.110427751431269 -0.178244895303026 -0.0425143997817493
0.0473097602319261 -0.322484547850579 -0.415356457656212 0.51793263188437
-0.263071264092514 -0.144239368903822 0.097151450973695 0.625822358612116
-0.168359583906746 0.160122960397546 0.330211885249497 0.281210697656739
0.0177266590732996 0.150402133973316 0.231340225786529 0.0141137455142395
0.0751158299808006 0.0757587950448194 0.11129208177596 -0.0426807296338201
0.0607037825957229 0.0107327897486139 0.0605957869719726 -0.0508696991038365
0.0212256931928166 -0.0283926495855877 -0.0096741960183878 -0.0152132886385736
0.0203721285113978 -0.033598950616696 -0.0689927564388601 0.0470446042180718
0.0801641782029206 -0.0184476696895797 -0.157483896950353 0.0847806634194311
0.140176172517989 0.0366087826759809 -0.255258652839311 0.0515569712388574
0.0999103834010892 0.186632741466409 -0.333121573119194 -0.157775823079818
-0.173919014203918 0.164171873564124 -0.21435978152152 -0.393613388230902
-0.134181913946672 -0.129947124827063 0.0967735879913618 -0.475709479741948
0.120842984430088 -0.155573163524164 0.277473233382753 -0.0472674928346885
0.26882205889844 -0.143345986645528 -0.21123323781328 -0.0270363328077827
-0.0300537926963017 -0.294824803394667 -0.350552405183122 0.439384245510664
-0.259996409858545 -0.0532986299314069 0.0337074183980898 0.542672326394096
-0.0833555720166536 0.165381636633769 0.25448409516577 0.32341458364067
0.0455643497679216 0.100318880695587 0.242547440391346 0.0771117376677516
0.0565592440523649 0.0487944461061916 0.145204601166283 -0.0182530068262968
0.0422504504155476 -0.00199591228909586 0.0824295194122088 -0.045854895796935
0.0217156081102321 -0.0334783300673783 0.00695088994916902 -0.0133461205332035
0.0472776219752648 -0.0312861450496898 -0.0544456922469047 0.0302863503698002
0.125538007979444 0.0124129966520981 -0.130989075081537 0.0587164768843195
0.144859489746648 0.112180238525919 -0.199138930127957 0.0474785860273423
0.00339841640383138 0.249427497638719 -0.30625107390358 -0.0986554554012423
-0.288230074160748 0.0625614452975849 -0.280217403377217 -0.364435680825187
-0.0835169953521845 -0.266863472682394 0.0531741928850817 -0.529702500955082
0.238737617806327 -0.18068328771455 0.247532909814054 -0.0599084954696529
0.215428053864826 -0.150791256510639 -0.220960477031489 -0.0261019199029316
-0.075155235218691 -0.210682655483991 -0.314094018055541 0.355425239289914
-0.187208504440927 0.0298122487394167 -0.019602901780724 0.510223527280798
0.00956951159270642 0.122507319097177 0.247536602068759 0.364611513050852
0.0479530919187988 0.0325255721738115 0.272642331712928 0.0843562931657091
0.0237044675290909 0.0129118904298205 0.160713929788753 -0.0303053496026886
0.0155479987407692 -0.0153701976921159 0.0925231867924115 -0.0454710527352294
0.0196143824247004 -0.031473490932389 0.0237248252092332 -0.0150099994605493
0.0698543736021596 -0.0162380185866804 -0.0288725664088885 0.0193808711396664
0.13965488933589 0.0565015254545859 -0.0822651519572314 0.0552161919616406
0.090366762948298 0.175327118224799 -0.143519968793183 0.0877753443649279
-0.134316405210173 0.22344276033122 -0.326268723971137 -0.0246036055039002
-0.313246523049906 -0.106978653331445 -0.361999802734415 -0.386641620774367
0.0383832312116685 -0.34853273414609 0.0431300191658886 -0.607936726919257
0.32066869756012 -0.151967707129032 0.197832657890338 -0.0751591066557433
0.159981204954076 -0.126774054177497 -0.224961772466704 -0.0320998829861109
-0.0609465362927371 -0.130033487938184 -0.305415649913429 0.301286386203348
-0.0951074603952201 0.0494520190338645 -0.0310321963909688 0.517369556753332
0.0478805777209293 0.0557302557531534 0.294166414824688 0.369668223468514
0.0237834811143804 -0.0163219614797632 0.301699286164752 0.0416064311788477
-0.00668040619020835 -0.0110273899228294 0.158347418773817 -0.0637061395188704
-0.000783455863795443 -0.0233264756208202 0.0906284951405944 -0.0506196307392279
0.0160767854272393 -0.0235615718450924 0.0346909261741369 -0.013942895007882
0.0693702586317752 0.00162292258713965 0.000409899007064466 0.0182076983311956
0.103831533939613 0.0845121579332156 -0.0305581810629744 0.079285509487914
-0.000457230813929662 0.168980912448984 -0.128211235069458 0.155733406585178
-0.202228122301454 0.102385246868099 -0.4010101461142 -0.000735127436274733
-0.19947532901791 -0.23216435979503 -0.400433554082638 -0.49161905046878
0.16711467384834 -0.307716980092039 0.101181551958324 -0.69159758775682
0.319339643306057 -0.0830097705708723 0.148714883967084 -0.0940445741769392
0.118947116626066 -0.0857873281870542 -0.236921715488651 -0.0393745271575631
-0.00920255594761841 -0.083920002983466 -0.306857825111549 0.289290968682504
-0.0309163479712856 0.0116412942239567 -0.00557052272196327 0.531529655149202
0.0265631005880953 0.00187461077262132 0.3546097676161 0.339619623876564
-0.00854461566190417 -0.0297836997876879 0.319398023074645 -0.0191840407704163
-0.0193526898750395 -0.0179994948786465 0.148845930841985 -0.0991744322460648
-0.00262618864387475 -0.0213694021440817 0.083002189629321 -0.0604762447738263
0.0106163295733092 -0.0143880552218771 0.036495337990752 -0.0152403212929644
0.0458785862253548 0.0097495278022452 0.0223912874592556 0.0248867473169523
0.0390970614648478 0.0704174102571158 -0.00757184634411959 0.113672043966602
-0.0592283770368362 0.0917182179367722 -0.157284500750994 0.197376615428165
-0.146520527032291 -0.0303628949967777 -0.472487845956656 -0.0571606262882187
-0.0250666826383241 -0.215981284864467 -0.351187881570201 -0.620123436966131
0.204038463061412 -0.158457369669815 0.208024228349148 -0.736237155036159
0.21404220532218 -0.00707552075307439 0.112658595129608 -0.110522227083821
-0.041014046298712 -0.00589268656128549 -0.0544809845567129 -0.0531516731840826
-0.0397220216786858 -0.00637258125335413 -0.422838790208771 0.572210076640251
-0.065770314536153 0.0412610214883588 0.249816989088238 0.734961475106092
-0.00292085940447755 0.0723732831572564 0.555115552011543 0.15773409543964
0.036072935263938 0.0303650351334367 0.226792221853555 -0.21988602435406
0.0235573074028421 -0.0105306070143523 -0.00802869834582079 -0.134591671422115
-0.000289062604289923 -0.00770847085784215 -0.0160169914667902 -0.0464665016293051
-0.00156040380758128 0.00504431479079633 -0.0318048179260954 -0.0105464163155578
0.00906924990329402 0.0173791249818512 -0.05575552857619 0.0572809051655676
0.0204936866282613 0.0203880515117932 -0.126374856520541 0.118420705340264
0.0182625666887946 0.0210422138815776 -0.25604724501229 0.0749187076101712
0.0148874410082819 0.0181601453504559 -0.342277591007256 -0.217756038559968
0.0269035213089825 0.0425378032813316 -0.0937191517314975 -0.454929944253084
-0.0148174125982707 0.0737125344870906 0.198478082177104 -0.360088398550115
-0.0894583671710935 0.0438467996759492 0.240427725236875 -0.0218642515543196
0.113342096167256 -0.0344178088947728 -0.0742825679894138 -0.0557571453487068
0.0457462572531153 -0.14059412481011 -0.453142223603698 0.555393429812675
-0.131662414253701 -0.0786185835041743 0.184145952864518 0.738372627902654
-0.108814892189447 0.0990341821102897 0.507378371661081 0.21486309687381
0.0132743806176976 0.104597687603367 0.244126217660165 -0.161317277823516
0.0562547882583204 0.0378101513058467 0.0226710583828077 -0.124446843689719
0.0366226378920532 0.00160440596981926 -0.00240693059423493 -0.0550270339822912
0.00757499475473815 -0.00767682617177899 -0.029297810669013 -0.012249431795862
-0.000658586196778716 -0.000668192322064008 -0.058028533270974 0.0588342589386549
0.0176183744680988 -0.000498233886163688 -0.131758039837815 0.122770695251519
0.0485017879787111 -0.00080856511792013 -0.260093944942606 0.0913069150983287
0.0751650860940768 0.0451573584546391 -0.359159328624061 -0.187049670131583
0.00386557377160133 0.113195298354359 -0.138989968634472 -0.434443333652455
-0.0683009136235098 0.0482424210611539 0.163757624776117 -0.391250705004844
-0.0526840307003544 -0.0204766704209298 0.260622762811368 -0.0326770652700496
0.224008053691764 -0.0717101210155315 -0.125345780896322 -0.0486521577604233
0.0755616187670891 -0.251313952321847 -0.433391789583023 0.542593485732094
-0.198521345374858 -0.146708764687674 0.151162681825445 0.681886853224472
-0.167391244135017 0.126699481655135 0.422226135782337 0.236062300776409
0.00490559895516848 0.144796347495653 0.232706583640024 -0.0797001457977341
0.0736350537395866 0.0663406532275446 0.0628497123871859 -0.0859572165507721
0.0573177162416586 0.00883106970595821 0.0256323135296108 -0.0563340854895127
0.0135639869052624 -0.0183302615579123 -0.0226642592435804 -0.0139566859554233
-0.00111518963013722 -0.0188663977378405 -0.0630173830958102 0.0569400671684764
0.0328610762418369 -0.0190302484848424 -0.141624670835899 0.113283264895484
0.0892031721597302 -0.0053723138242135 -0.260743215288934 0.0823863478070121
0.115787013654789 0.0934136746628205 -0.353768470909718 -0.165858800062271
-0.0522368961235989 0.163941028167067 -0.176049847588313 -0.406087453078474
-0.114967863658136 -0.0103401243656093 0.120856073299053 -0.422440380199765
0.0104161416465756 -0.0910699767892553 0.271777247454908 -0.0452038262938881
0.265193070931004 -0.114959219864885 -0.175450611054633 -0.0361450594795249
0.0289911103599842 -0.303201269934959 -0.376938675778967 0.504490725896731
-0.253721840111581 -0.12491798174218 0.111386091876263 0.587448802555246
-0.150175863294146 0.157782503625382 0.321310300345879 0.254538461824049
0.0219198591408944 0.140666196621504 0.220968397273949 0.00363417298514509
0.0741932355379665 0.0647543022430126 0.103804612832799 -0.043544666188125
0.0548307513207636 0.00657219704582015 0.0548504878024694 -0.0523109029231718
0.0158656027032175 -0.0270879666091845 -0.0105453965151757 -0.0144438959637114
0.0142284336697828 -0.0311251879375738 -0.0629900519721153 0.0460746573166742
0.0738849265858142 -0.022768391957833 -0.143091577710858 0.0881515891257701
0.131263911316789 0.0287580560300686 -0.238517283250647 0.0605365778011629
0.103692033130789 0.169599156240081 -0.325366098364819 -0.138977657755052
-0.155983740352523 0.163491180367824 -0.215388201461429 -0.367941134074599
-0.134460720604829 -0.116551849080893 0.0751015556787573 -0.454447627753652
0.107215602803119 -0.151362886865463 0.263396822745892 -0.0579643352377017
0.245218015782151 -0.146969610466657 -0.204205223246557 -0.018887290410286
-0.0436660926115766 -0.274125273495079 -0.31626570780267 0.428829262567461
-0.248451055244677 -0.0374275770538972 0.049924814314344 0.5112382593004
-0.0699568062890558 0.159792564401175 0.254500511026914 0.298979868420337
0.0465667800932096 0.0931407463170504 0.233146247183523 0.0618047249251633
0.0556692741707738 0.0418702271570495 0.136177844355091 -0.0255593630348249
0.0377589448579982 -0.00366082262961227 0.0741432418477415 -0.0470339144049027
0.0146838776045279 -0.0292159419616098 0.00629953278021061 -0.0138329486251129
0.0411797347864395 -0.0310291741333688 -0.0514838662056102 0.0315014881642117
0.117718549113677 0.0028439662923588 -0.120896295190265 0.0634993327534681
0.142883863919323 0.0982348549011077 -0.189742157288347 0.0563918783949855
0.0124484309199843 0.234332216460231 -0.294948577438396 -0.0830751247867309
-0.269870004050489 0.073248163323826 -0.276475889199609 -0.334427857585912
-0.0923763811779185 -0.245911341247513 0.0335886464183977 -0.50401935808416
0.213757056515928 -0.180080021968886 0.23462454462517 -0.0690802868054658
0.193781263110842 -0.150715769498399 -0.214287383763713 -0.0165261704664639
-0.0820929755922796 -0.195337126339677 -0.286762573460659 0.348772027291002
-0.17524999460141 0.0366215925959293 -0.00125431735941199 0.486682845306185
0.0143737010021285 0.114224294893679 0.251667904098863 0.33821595944506
0.0469632708266206 0.0289967496515783 0.263662400711896 0.0662947935955343
0.0235624452603273 0.0102648343084805 0.150565514176191 -0.0372485880354485
0.0129390716015254 -0.016189930546296 0.0840832549893745 -0.0492359395410155
0.0138826093073995 -0.0291932977168484 0.0209057446269994 -0.0148466008310358
0.0631843474626054 -0.0196321432582846 -0.0267642515970194 0.0200181181042626
0.134324874249593 0.0438398233037238 -0.0753260001018219 0.0560496679042043
0.0937248433035213 0.160893278182047 -0.133294354779741 0.0896870446024834
-0.114376444944 0.217376512397115 -0.30936685358931 -0.0141916414918966
-0.299975143497562 -0.0839172716140016 -0.352051990506177 -0.35372279857451
0.0189654261921158 -0.327711511068512 0.0211713359789919 -0.575639470212698
0.293303039027285 -0.157411560299944 0.18895616704106 -0.0820106399349037
0.144264399071395 -0.127218175095607 -0.218986152780252 -0.0215340706625471
-0.0643105369443563 -0.119644017674279 -0.279383015034958 0.298197777758453
-0.0880341290877226 0.0521538706164148 -0.00873281154495895 0.494548741631906
0.0464213483718054 0.0494768219720531 0.298479470024797 0.340332428502841
0.0218499921789048 -0.015012081200815 0.288946662003766 0.0238055040409216
-0.00513595191909615 -0.0116580533532729 0.146778087513803 -0.0694859452820659
-0.00234791114816187 -0.0236077496174239 0.0827246848671207 -0.0549131468908091
0.0120431171871792 -0.023351032052335 0.0306763816220459 -0.0152185270652598
0.0660771578477855 -0.00408217409743342 0.000598811975367819 0.0160167735645701
0.102992285920529 0.0730460240911052 -0.0283811251874109 0.0764906593902538
0.0092306578815575 0.160303497727032 -0.115110860015402 0.151789217531348
-0.185092934537762 0.10512721250833 -0.376512572823963 0.0130048862900371
-0.198192502587382 -0.20836584969393 -0.393413981431517 -0.45158957781389
0.142762043046605 -0.294659464896477 0.0724803111735643 -0.657529867056853
0.295117908298901 -0.0921089444427764 0.143252836303652 -0.0959387209655626
0.105678233121165 -0.0863537793949634 -0.229748812343187 -0.0264899328337206
-0.0144191910113509 -0.0794601059829969 -0.280053240657699 0.287482730455819
-0.0291786786021188 0.012226629671934 0.016854614547221 0.507572770556465
0.0254988138376918 7.98171783249289E-07 0.353608186514102 0.309282218962936
-0.00953901387051179 -0.0269105341001072 0.303070002747476 -0.0335107432011827
-0.0187495368833053 -0.0166266987367627 0.137438167058846 -0.102242848675418
-0.00380636749083841 -0.0210497625468725 0.0753691949088392 -0.0622700800784924
0.00875051307772484 -0.0141981958041089 0.0330572915005175 -0.0164420403784123
0.0429088948194987 0.00428410043049902 0.0204521147970291 0.0216184916148888
0.0414437653501902 0.0628808563684043 -0.00271791038486252 0.106812482298975
-0.0503181763526112 0.0894552488019824 -0.140972700589916 0.19287807419772
-0.1395179363115 -0.02019049185157 -0.443224271306194 -0.0379058851347618
-0.0316142679045758 -0.20015885333078 -0.34838137649042 -0.571513007420523
0.183467557447243 -0.156883004807478 0.172417900917189 -0.702618573365273
0.199116726187197 -0.016579112229891 0.108313096283172 -0.110641003017673
-0.0397535727226917 -0.00458702679022382 -0.0601284841180622 -0.0523215311094704
-0.0371147347862131 -0.00647359428639536 -0.412186215991833 0.54694414299647
-0.0621034705267823 0.0383314772151939 0.235107029807667 0.70383653319378
-0.00246065362135224 0.0680964714666924 0.530037230393863 0.152794197156216
0.0337706729996166 0.0284496393034678 0.216538680282704 -0.209026797267268
0.0214319651967243 -0.0106663247656438 -0.00585655097770087 -0.127135337164307
-0.00139727861667267 -0.00701026939261625 -0.0129627365080564 -0.0445462796368373
-0.00265694980270454 0.00506469570992735 -0.0308004710665229 -0.011412987578974
0.00824654784649897 0.0164968307396636 -0.0516837961464861 0.0539624732359212
0.0195691081780521 0.0190171762410115 -0.118846185619582 0.11457912595257
0.0168308209242184 0.0197890638644029 -0.245044848720383 0.0722796889968928
0.0141512744977217 0.0164610682294145 -0.331067310126109 -0.209674110277386
0.026732822154701 0.0398363031290361 -0.0888093807594845 -0.439975178285769
-0.0128594835674259 0.0713924609743335 0.194345381959542 -0.347502175424243
-0.0867599283115646 0.0424506175079546 0.234447337290225 -0.0236875633917221
0.106661143911673 -0.0328463814980419 -0.0776967465963419 -0.0548540886163649
0.0426146548538592 -0.133525193788914 -0.439148484453966 0.530742565383
-0.1262465729501 -0.0751863346814119 0.171194902441888 0.707853831854916
-0.102759039064286 0.0948431115981538 0.484622930314398 0.209516265252965
0.012980811522887 0.0992928953093133 0.233895788211787 -0.153834839154738
0.0529172790797262 0.0337454596136074 0.0239091461279849 -0.116795780928515
0.0341245818018423 0.000816947692986333 -0.00199036372382106 -0.0529754456893493
0.00524805191786559 -0.00587217553624877 -0.0279081640081456 -0.0122120711063089
-0.00166773092023983 -0.000282697765394991 -0.053930200283956 0.056562126539436
0.0164320025890744 0.000144544223093441 -0.123856234336911 0.118539531733204
0.0449189269989052 -0.000609613989590838 -0.248950918661303 0.088567149028903
0.0710083892561062 0.0412982842335801 -0.346118110120835 -0.180086286199985
0.00458042718585231 0.107271020911205 -0.132199364337293 -0.421321364438114
-0.0660971968155004 0.0471270212323904 0.16018637859643 -0.376822571754194
-0.0519576570231562 -0.0201970714346087 0.253802611543631 -0.0338038050167945
0.211652061311346 -0.0687155019029064 -0.124574849600577 -0.0497787130205826
0.0709850371436963 -0.240218027969682 -0.422261364906402 0.519377994794069
-0.190520402089677 -0.13925513038857 0.139484659767268 0.653610335908723
-0.159392030568595 0.121997772947007 0.403446944129893 0.228396606912642
0.00525468364759412 0.138166906940275 0.223433232117613 -0.0761791131758991
0.0699949633140914 0.0617750206992309 0.0626581677911608 -0.0816270649042028
0.0537233593027384 0.00680488190557831 0.0238154519011141 -0.0530672270962982
0.0105474856407027 -0.0154078635730609 -0.0206552570791073 -0.0139745979449319
-0.00254605127491356 -0.017382547874682 -0.0590784824324932 0.0546824964807413
0.0314134556186642 -0.0176534207899413 -0.134715205067292 0.110189848914493
0.0837862186944689 -0.00495857853164527 -0.248996220691411 0.0812316504888548
0.111375644235109 0.0875166082535237 -0.342798562112399 -0.16081949103607
-0.0479674052214749 0.157102644817245 -0.166992639061162 -0.393891304010798
-0.11121010762195 -0.00818368660727871 0.119073236517849 -0.406782544137842
0.00774966783392552 -0.0877969448393067 0.264191471675993 -0.0467107573136286
0.251028493595153 -0.109920491802509 -0.172518283609332 -0.0344909225242631
0.0267126615693279 -0.289673723959775 -0.366409567423838 0.481393090925295
-0.242564260441357 -0.118118815224262 0.102803358226253 0.565464808370267
-0.143719001033694 0.153533440132582 0.308237599450454 0.248026588236453
0.0214164344813029 0.133605551173563 0.213394455546172 0.00437498364931442
0.0702058509217117 0.0610434931118069 0.101888756841477 -0.0430254511425012
0.0526196560213555 0.00461409726101252 0.0505433999733274 -0.047627512688716
0.0119079945962734 -0.0245804901370691 -0.0105171266773218 -0.013669793328474
0.0124035990731446 -0.0298672209959999 -0.0587316441160006 0.0457623373234503
0.0701551746978684 -0.0234416537688738 -0.137534730582166 0.0871310278919998
0.125005404294105 0.0257756018854156 -0.228690398428831 0.0597972897580831
0.098731059816978 0.162864728126942 -0.314724359687754 -0.134999137488847
-0.148252724123728 0.156926663385489 -0.206189244060382 -0.35705532611986
-0.130302708086245 -0.110746786315587 0.0769038549262224 -0.438322777998574
0.0990177178639623 -0.14587048330162 0.257601644150563 -0.0584340935499458
0.231738800586229 -0.141139237062892 -0.200727306711539 -0.0206541299997065
-0.0452936760761463 -0.262590297250515 -0.311605045732289 0.40943709149772
-0.238295376806512 -0.0357970450342711 0.0417336793234692 0.491874691877038
-0.0670870766218207 0.152799236861383 0.243689346959599 0.288620294038349
0.0447402505585262 0.0872088124971026 0.226537470589944 0.059092908940481
0.0538726759406748 0.0378579705078188 0.12973371460401 -0.0254014620183714
0.0361442314528119 -0.00381533728365613 0.0713067605566479 -0.0459859547608887
0.0116169848640977 -0.0288054631744955 0.00356209666034607 -0.0151787539107447
0.036756411594285 -0.0298414784717146 -0.050797888626527 0.0309259931184563
0.113594465228976 -0.00127585032854721 -0.113974999946255 0.0622436647706416
0.136477792794569 0.0915801505487598 -0.18085544951165 0.0526460080236386
0.0138096994115914 0.223977718407731 -0.284262764400517 -0.0822875189761217
-0.257977728268114 0.0734551556689067 -0.25987496590863 -0.326799297222415
-0.0910148830017967 -0.235524535912273 0.034853224161577 -0.484121917057459
0.202574486546491 -0.173868937068739 0.2279831991714 -0.0693929336772979
0.182649984816372 -0.143624827182466 -0.208922867847894 -0.0159968305371558
-0.0804499060031127 -0.185960431933115 -0.278755712031232 0.334273774080226
-0.167953642304638 0.0362321467691742 -0.00390287864859208 0.469588721943713
0.0135548378585801 0.107997949780217 0.244496904041303 0.328120371567403
0.0442752587583314 0.0280297393389381 0.254843837038994 0.0622207356404149
0.0236401296400638 0.00919555836489502 0.144900490555971 -0.0373447926427428
0.0117427829426979 -0.015772388058716 0.0788685632920204 -0.0477130640302304
0.0110864559285868 -0.0270985683758582 0.0183534634668667 -0.0143211734436029
0.0584875738572098 -0.0198697032880406 -0.0272581857171675 0.0186594189766008
0.129402787391181 0.0390320132962514 -0.0718046276399651 0.0558652189610256
0.091785967196813 0.152221754435232 -0.127927282740585 0.0857212473000864
-0.107810478625142 0.208627967313908 -0.295631010870447 -0.0164768038369569
-0.286553789562237 -0.0772197795715192 -0.333535827203203 -0.342355312301427
0.0156597028549264 -0.312693415203381 0.0247765552796879 -0.553140616662726
0.278609700096079 -0.152439579721948 0.185797007323708 -0.0808625009498785
0.135597762366965 -0.121025715975262 -0.213817761050488 -0.0194973930710617
-0.0642662133802965 -0.115487598290257 -0.271681428827174 0.288114305136766
-0.0848858146626526 0.0492178785766194 -0.0126465933572145 0.477851189520734
0.0451643381836333 0.0463739313845748 0.289580734130706 0.330044365840212
0.0203629085077112 -0.0137266991877117 0.279679073784795 0.0210507424245432
-0.00467986484753553 -0.010962243236667 0.139724476432656 -0.0686661018302048
-0.00191279397627175 -0.0219965649913482 0.0783267514940604 -0.0534853553857662
0.00977933868775076 -0.0212511205100763 0.0269215377237312 -0.0146397299516825
0.0606120195970466 -0.00577586462008766 -0.00160799438947702 0.015324220028963
0.099879932295699 0.0670477806041911 -0.0261037612493598 0.0730262439480311
0.0107597342709966 0.153938307571812 -0.10939999284872 0.143486913597196
-0.175781312249316 0.104160130685029 -0.360198584601131 0.00918498984223936
-0.189823119575865 -0.196525148497564 -0.370138455818414 -0.434117901608028
0.134188325358999 -0.280139566420886 0.0739128161669963 -0.628770508116999
0.280334863542979 -0.0893289159443043 0.140942411146182 -0.0951048088535712
0.100799280842453 -0.0824776243332726 -0.225522874062856 -0.0246584418448331
-0.0155049214026882 -0.0766710075864944 -0.270549594835989 0.278554859335896
-0.0280228186060228 0.0111570549829335 0.0152895588541809 0.49193365653975
0.0240310356803384 -0.000510543380598525 0.343748101229387 0.297494904969184
-0.00860120410354524 -0.0234077664238748 0.291025288677517 -0.0367471100392883
-0.0165865312831802 -0.0162311674601513 0.130959803372881 -0.101104211089041
-0.00379920674817101 -0.0207337874558917 0.0716124206775998 -0.0615715300197773
0.00795377583856594 -0.0126220690289256 0.0302791921681343 -0.0158136685570414
0.0409748056428567 0.00385829357394825 0.0179481570511387 0.0197788368814453
0.0412761546248362 0.0588641377076776 -0.0025663133757602 0.101105557422453
-0.0456994562790176 0.0866820189114683 -0.133251525571406 0.181660100727564
-0.133003915531449 -0.017885900936375 -0.424458553342604 -0.0373909034812639
-0.0305864796096747 -0.190065801302786 -0.329245414942142 -0.549983762998778
0.173947791508513 -0.149976689956363 0.168522123071554 -0.674017419548914
0.189979260299291 -0.0169407544764057 0.110274903795202 -0.107091167871648
-0.0384759010764551 -0.00920186826955408 -0.0573496685350513 -0.0644920576202004
-0.0352911949851151 -0.0144300788540731 -0.491274352845162 0.483128098539746
-0.06871155338385 0.0246206436037423 0.128453530085023 0.725793287454519
-0.0150276772499975 0.0659009257194786 0.493554303836997 0.220679037009998
0.0289870139319079 0.0332506926931623 0.238426530818214 -0.173739049822271
0.0204494718515412 -0.00770301438608502 0.0140727134984383 -0.123414125899405
-0.00108992248561299 -0.00729989439920757 -0.00580074159880073 -0.045707485003439
-0.00461304736699912 0.00543670037055865 -0.0269596476262067 -0.0158005798248003
0.00539235164536146 0.0186052644109335 -0.0583936455726125 0.0442423885013049
0.0159465314965839 0.0228475232573508 -0.132284617797538 0.0939140181355808
0.0105981414439488 0.024964129715502 -0.252155358986154 0.0316638092635495
0.00607389302070213 0.0212964580823743 -0.296101833931847 -0.26353194436793
0.0123708887564312 0.0388208796950044 -0.0124447320582554 -0.452493446712541
-0.0273371737498007 0.0641831930550713 0.254143430259679 -0.313102083136023
-0.0922460742930327 0.0241757557629899 0.243036558506447 0.0155442778119286
0.10777517817934 -0.0174949773348041 -0.0760666218015845 -0.0583878566232388
0.0610395531124573 -0.126699130147989 -0.512845591751851 0.46658345906568
-0.114416055468375 -0.0947734844719242 0.0736967977966916 0.718651822586803
-0.116248390921975 0.0758944197007393 0.442851693131608 0.264721716461472
-0.00334508595160335 0.0983713174612539 0.247699281259072 -0.121802194313783
0.0456024767338545 0.0408510622603941 0.0387521147282939 -0.109961998761425
0.0312474260496596 0.00521480239693508 0.0060798688409193 -0.0527196152965119
0.00350088840145434 -0.00390247901915075 -0.0256490479717831 -0.0168417745486572
-0.00319314849872759 0.00115032162781624 -0.061753348996624 0.0450341122213389
0.0159040539865011 0.00419461311269543 -0.138236428894347 0.0975467079241559
0.041724516325029 0.00990656143728299 -0.259774990417361 0.0465337472014765
0.0584034624233126 0.0554057951158139 -0.317038257824507 -0.236920432035795
-0.0198131374412373 0.101832635487513 -0.0559867701958917 -0.440944283279645
-0.0760488820898553 0.0319241117644971 0.224067443177168 -0.345609715079152
-0.0487397532789602 -0.031642742778263 0.263204741336051 0.00870190591507346
0.215012184890416 -0.0381554800235575 -0.12391910571647 -0.0516205755808837
0.1044023167706 -0.225860431255996 -0.48907478710417 0.460933499529923
-0.167938665878132 -0.166462959029378 0.0547801787808738 0.660504186776771
-0.174917455165151 0.0924674856250065 0.363494492428173 0.269384752251007
-0.0168439285511578 0.134242945528756 0.226435650559375 -0.0485241334852117
0.0568756788818785 0.0696039914015849 0.0695188542560986 -0.0709081131221937
0.0499925879936599 0.0131846146287887 0.0301668206924375 -0.0503328765542759
0.0101640091873381 -0.0123718124259517 -0.0200569375164046 -0.0167680876386015
-0.000916312172034211 -0.0151042598457445 -0.0671107861955919 0.0433233063856118
0.0324467095563136 -0.0115517843063252 -0.148428469296234 0.0877410429799238
0.0806464757016409 0.0106894132136077 -0.258375803661959 0.0392213264066957
0.0895185199515125 0.106201781723369 -0.316235232709514 -0.218019954402931
-0.079588331737984 0.142961875652451 -0.0941914153814765 -0.418552964347727
-0.111594569942872 -0.0295665417762646 0.189051827711375 -0.379561578634945
0.0206227420103673 -0.0878206642911475 0.27418262403226 -0.00349943198397647
0.259807209910708 -0.0741921909734359 -0.171850396428686 -0.0395238923369612
0.0677521721031299 -0.280798726457379 -0.425525433983603 0.432020420180689
-0.221649209155047 -0.153442288201141 0.0300837381353284 0.56467169551274
-0.164935839805988 0.124671101848945 0.268871302961714 0.275140382603717
-9.68419265579019E-05 0.133477463497873 0.20591335413243 0.0279250433417622
0.0582400328231585 0.0673963576240409 0.102543773761041 -0.0265107868522275
0.0487863084190953 0.0119440744530035 0.0536756137046957 -0.0425060467861355
0.013316402822521 -0.0193742443145928 -0.00824639586765526 -0.0151481353284036
0.013762347368236 -0.0248909629732929 -0.0652298687057169 0.0341085563329355
0.0707974892446404 -0.00869877091587794 -0.147295799022597 0.065124672455516
0.116605548348553 0.0459878780615809 -0.235915518798195 0.0198962960972441
0.0660052187602607 0.1766150918665 -0.291403987483204 -0.190959840111683
-0.175044695794051 0.129790255706033 -0.136051550315966 -0.386066960232333
-0.116381446173422 -0.130637988630835 0.149754296829925 -0.415626740134441
0.11813177110764 -0.131507751569148 0.269128035707204 -0.0158927593961515
0.243738962739744 -0.105584645993901 -0.196939906650415 -0.0296014013548926
-0.00425015784574397 -0.264749706119542 -0.360271477805271 0.366152008111366
-0.228134217518275 -0.0715080130900042 -0.0224473324184429 0.482506785247784
-0.0906796734709416 0.13710548272744 0.198527112544001 0.310327980782321
0.0282561763264878 0.0942741342588832 0.212512751390304 0.0837859613262374
0.044976292025808 0.0429105556774057 0.132004617129309 -0.00590769014261815
0.0346091792650365 0.00074709659744834 0.0730830869544537 -0.034847468382727
0.0139125541312216 -0.0236274607448402 0.00657297961356199 -0.0135699095235955
0.0387892997000954 -0.0221798244055026 -0.0540611490419823 0.0222246276578446
0.109645505841732 0.0164398448386987 -0.12239179196203 0.0428434080299397
0.117508231901174 0.111726438994883 -0.18792330196958 0.0223116748069567
-0.0238332694663565 0.224588334504331 -0.266095449780516 -0.134571309938317
-0.269655812143274 0.0330589767796544 -0.195583180040381 -0.362897900838798
-0.0568804496586078 -0.244477142422815 0.11510109093345 -0.465733780796849
0.224822211784825 -0.142113875855894 0.23840967012351 -0.0309038821354314
0.198852210467871 -0.115658840671089 -0.206172393312732 -0.0291411987426315
-0.0533514002290349 -0.196197488976738 -0.319303761258331 0.292156476048094
-0.170765988867812 0.00898284559179757 -0.0713454686709612 0.456406617839357
-0.00554898700171625 0.106596364214159 0.193423357165558 0.35140375460747
0.0384957654014586 0.0363800774614526 0.240919705402922 0.0946878626341908
0.0203235595492353 0.0108143752003737 0.146648558579196 -0.016641441520195
0.0135946265179155 -0.0145053406383197 0.0830145429303275 -0.0376154265740026
0.0127719621620247 -0.0237182216993314 0.0191577258783166 -0.0111921473935523
0.0582156114938957 -0.0109814525011151 -0.0320211703675396 0.0143061747371394
0.119619585699966 0.0567371402703263 -0.0783516513600171 0.0423213649494513
0.0661821674555207 0.162698565893709 -0.138687123160541 0.0612304359585249
-0.139576265765321 0.190743112003127 -0.286907058578123 -0.0690236220593833
-0.27548723275112 -0.115813651031644 -0.265459662978887 -0.387011833345763
0.0569614698984565 -0.302129429732091 0.112384991810412 -0.537590930594626
0.294295079260116 -0.106380172247728 0.199021918913307 -0.0515441609323787
0.149575549145312 -0.100532433392545 -0.21040707671337 -0.0362434970631942
-0.0466697061909132 -0.12377461934189 -0.30950551003384 0.245489737951108
-0.0915294733501515 0.0333595924706863 -0.0819511910021005 0.467195189814404
0.0342021869778369 0.0524641763345939 0.238011592711059 0.361960698056737
0.0223134217436813 -0.00695199249824472 0.270819140647574 0.0576200644671848
-0.00387208923284521 -0.0109834639720193 0.148916225967208 -0.0485360983689753
0.000623018128887842 -0.0244809596580246 0.0827642308568094 -0.0437642979282433
0.0126030038194069 -0.0192304164059944 0.0290247826885042 -0.00968540266800981
0.0590126773902032 0.00184011930580656 -0.00480271716935378 0.0143246778730395
0.0878572003466234 0.0785595428262515 -0.0364651926304708 0.0657785090715074
-0.0123368733246425 0.151656471572384 -0.127534016980803 0.121915052246004
-0.188157518122071 0.0791534241037592 -0.351249299028878 -0.0516662187444817
-0.165737770458171 -0.216030271893788 -0.288594056220012 -0.484917070944248
0.166453818679402 -0.253514965209414 0.173307718909515 -0.607201735665861
0.285793350798192 -0.0444714478704027 0.158444656884539 -0.0728278782164893
0.109501236510084 -0.0663775644283817 -0.221839539618347 -0.0447130176214832
-0.00489466988038189 -0.0790984450754348 -0.30788543380168 0.239599667548742
-0.0316313117519155 0.00509140320369549 -0.0537217098655165 0.488879211432403
0.0215162103611407 0.00403654272870497 0.297846946970157 0.340716354008784
-0.00380557400160441 -0.0218076395588478 0.292071651126497 0.0031112343960807
-0.0137691613875028 -0.0185950197545441 0.143915015854664 -0.0822984913300919
-0.000473223853384428 -0.0227426358912134 0.0780691968742035 -0.0514736258148783
0.00828351421347178 -0.0123268586516718 0.0307372580330762 -0.010692586359449
0.0378184728524357 0.00833636237120772 0.0121255590845179 0.0222845123849881
0.0323657785764568 0.0626128159989318 -0.0180606084477353 0.0966903701016968
-0.0551023485881267 0.0799012477405629 -0.157344325528766 0.156729193632522
-0.127304063990343 -0.0322661547154738 -0.40648763106426 -0.107249583362916
-0.0127609614376876 -0.18803935713558 -0.231101151164211 -0.592503251234839
0.18378473773356 -0.120241902744056 0.276163816339452 -0.635706183824997
0.185698450437642 0.0118850366855795 0.131848736342552 -0.090180850108958
-0.0403660925598846 -0.008361927962975 -0.0643415730963241 -0.0685084592017984
-0.0352893343730705 -0.0156518982170533 -0.509078043900703 0.492174240390527
-0.0699368295177656 0.0233960042787873 0.124716141405249 0.742405789338701
-0.0153679754623315 0.0670181766120949 0.503433770767756 0.227323681343832
0.0293045779067378 0.0334409869702467 0.243010132137441 -0.177558298310994
0.0199924520594309 -0.00812757788822305 0.0158631712244506 -0.124073249524665
-0.00238635905322128 -0.0074106271279641 -0.00393904115807054 -0.0478807865406519
-0.00492204125121587 0.00724873218827573 -0.0275245600512779 -0.0177714479256464
0.00434173360568274 0.0186417989107731 -0.058791154317052 0.0438177868716877
0.0163139148085819 0.0231120033204966 -0.133173519444128 0.0962132243882491
0.0103509357832422 0.0261971542412838 -0.256680649800635 0.0317584088022432
0.00623944120096335 0.0211691930619433 -0.305753881899751 -0.271271320197004
0.0138005554757247 0.0389504403226414 -0.00951020732768821 -0.467820607666785
-0.0275626550283455 0.0650660551287747 0.26445885144836 -0.323096475814204
-0.0967797295793897 0.0250831809665453 0.253002348813033 0.0133753713139673
0.108771322994999 -0.0162892833112023 -0.0825458535335077 -0.0632541943378167
0.0621592742254801 -0.129327494915147 -0.530761183491864 0.475515826911105
-0.117596935118139 -0.097533256392685 0.067958560875401 0.736743702931024
-0.118142779030808 0.0775887537043228 0.452160160237248 0.272405948709951
-0.00293691154041514 0.0999837803421071 0.251591515314862 -0.123380711293082
0.0454342125427459 0.0397562221103594 0.0406267278746461 -0.110851599810486
0.0307539431629651 0.00493407021126138 0.00663922703154449 -0.0538838643420457
0.00272579762365955 -0.00248768630767275 -0.0260178817950928 -0.0176730519831648
-0.00430727289873575 0.00143253593907739 -0.0627219482616228 0.0460894266515901
0.0158776330176681 0.00387642269082093 -0.140655836464058 0.100583273744464
0.0416115984733429 0.0105882867065928 -0.264591093860799 0.0485580717623138
0.0591772398402923 0.0553273837979058 -0.326965067206691 -0.244727144636265
-0.0195502585527951 0.103295590720958 -0.0555165852665026 -0.456687857470375
-0.0780874908326296 0.0329459480898434 0.234292347466814 -0.35605132758918
-0.0520620969169685 -0.0328307306762791 0.274313458935171 0.0070313010907689
0.219120608268201 -0.0379790792783836 -0.131580592769764 -0.0562721458396019
0.104841431441937 -0.228904695561416 -0.50646230886395 0.471812894316363
-0.172252331176374 -0.169232971528425 0.0493877363411875 0.676217204580884
-0.177553819943262 0.094656936385154 0.369689076867407 0.278893644099548
-0.0173050090897729 0.13755421133752 0.230097017652882 -0.0494664522152595
0.0579304728312732 0.0683803498651909 0.0713252109740477 -0.0704334660354195
0.0488721802891495 0.0133137738025814 0.0317543812159101 -0.0516489421695699
0.00812770597063609 -0.0108293950534162 -0.0213039477689593 -0.0175029438425999
-0.00263193989610994 -0.015202641966051 -0.0685322522199157 0.0446160743784022
0.0326405477892096 -0.0116775648608267 -0.150495763513878 0.09060479178163
0.0807391315162433 0.0119779839032273 -0.26352921658055 0.0409307827242581
0.0909642348302012 0.107187604638902 -0.326066171197304 -0.225880703875929
-0.0804522075221361 0.145867030391223 -0.0948347663773313 -0.433250278561923
-0.115368360456876 -0.0297895964642943 0.197484783362093 -0.39045787497957
0.0192578192605711 -0.0905700442764066 0.28546742574035 -0.00384026291616009
0.263933650235404 -0.0738414698146668 -0.176885941678178 -0.0437839673034924
0.0671713063628257 -0.285901964753433 -0.43967126433733 0.440229134256578
-0.227788902754993 -0.154995697147068 0.0254090093105734 0.579094505324325
-0.167474903295811 0.127447821173746 0.271473288542831 0.288441602623891
0.000134486054162738 0.136937740875085 0.210661286206856 0.0301988655525914
0.0591537599528544 0.0679015948792782 0.105105386795906 -0.0278089099505652
0.0497495883226238 0.0093258338380093 0.0548653942582816 -0.0437855066085685
0.0110956878300233 -0.018068858106169 -0.0103908658786867 -0.0147367341725917
0.011799678327591 -0.0244879376412088 -0.0682329470029618 0.0371266549021092
0.0720379388638692 -0.0105516514361424 -0.149383561086948 0.0672624520637893
0.118981203187961 0.0472215641735682 -0.240958571995684 0.0214275892754508
0.0696019921335142 0.179321239587023 -0.299769382436137 -0.196537830343909
-0.18055266815268 0.133190625311452 -0.13565954361822 -0.400186458921307
-0.119685640161668 -0.131850533327231 0.157120856761082 -0.426904528682998
0.119217600336241 -0.135488887255346 0.277587823042175 -0.0175460140113713
0.247726226363645 -0.106700869586716 -0.205138107286873 -0.0324499468168971
-0.00788767264808629 -0.269418030204094 -0.373352225156104 0.370428386402368
-0.234427836519328 -0.0715339353407297 -0.0314044260690541 0.496761642077143
-0.0911401315337221 0.141339009792658 0.203369232237975 0.321830780001846
0.0307484277437226 0.0947544889590407 0.217746049322649 0.0868012524245407
0.047633794356694 0.0427894919046322 0.132829864371501 -0.00649468695758185
0.0334566892789571 -0.00140505505768934 0.0745425708340024 -0.0389323976516808
0.0109649578914456 -0.0224014082185522 0.00525430743581014 -0.0119554162230625
0.0377493439980784 -0.0238421578975109 -0.0559222862560371 0.0231272002983161
0.111120561534669 0.0148717312624863 -0.125728615340953 0.0446161158281855
0.12203577658774 0.113045921025253 -0.191121368406356 0.0219965500075322
-0.0226785547949382 0.229226579282199 -0.274785497639284 -0.141742652314403
-0.274041308058759 0.034359191048222 -0.199214795248981 -0.375546520983421
-0.0613030293362345 -0.248581220739553 0.122769925653659 -0.475950319589456
0.227410893167066 -0.145429292852033 0.249278856255206 -0.0343414883000106
0.202012105875419 -0.117090289511377 -0.215026424290275 -0.030934722997644
-0.0562543505836189 -0.199287259840841 -0.333501472192711 0.295126120913544
-0.174783716003919 0.00938589953830816 -0.0764289849103488 0.468491069903928
-0.00530165454805358 0.108309164419306 0.198752850572746 0.363804327296795
0.0400871773204258 0.0370376978043468 0.247049891957985 0.0953889876544533
0.0218648633869819 0.00995300395249061 0.149567550305012 -0.0178070176762074
0.012781842404323 -0.0157102172877861 0.0834055337298462 -0.0399418382637272
0.0114481228745186 -0.0228699861819147 0.0186541964097328 -0.0108599932491448
0.057502468819172 -0.0119801329688595 -0.0334627469240791 0.0145140891541151
0.122370582976581 0.0549487283410144 -0.0805995177519753 0.043032142597909
0.0685242769685971 0.165869095845654 -0.141689533368004 0.0630428921230246
-0.140747472237433 0.196959317708685 -0.292693771083075 -0.0733823900101661
-0.281134804339563 -0.11689789160644 -0.267519148908338 -0.402784648203634
0.0566403438974594 -0.307883563951489 0.118723512749197 -0.550683803526225
0.299176228339 -0.111337717277591 0.20688373656069 -0.0544128998257495
0.150887074938583 -0.101348295218895 -0.220570205676331 -0.0370061269244709
-0.0504383651267713 -0.125581985977717 -0.321782013903035 0.250616597123192
-0.0941525505407282 0.0338355862984415 -0.0886288301861284 0.483079771801883
0.035949393146103 0.0521913458701199 0.246574102075042 0.374500295571966
0.0238999968050997 -0.00621460057482949 0.278206072490898 0.0584811351260193
-0.00208387362570222 -0.0133321253468321 0.150496164167117 -0.0512427463739256
0.00148382867491189 -0.0248514299326318 0.0842551805440249 -0.0469983058761685
0.0103740096244568 -0.01875297916553 0.0282687022297816 -0.0100423944053863
0.0597815330370682 0.00150390543613729 -0.00758786120180001 0.0137278123042516
0.0905092734673525 0.0783775153037559 -0.0372683328291211 0.0677656821098943
-0.00961023784070085 0.15571693495097 -0.131239518024424 0.124175523536882
-0.191013011885859 0.0811957603930741 -0.358414179346234 -0.0561970091747116
-0.167919454114346 -0.219545039943594 -0.29053997029974 -0.499453835168236
0.168082923856189 -0.258024111935331 0.183744857642933 -0.61990362200031
0.290579460704387 -0.0464048487094038 0.16737320799009 -0.0765164919760129
0.109804309589878 -0.0672988855917706 -0.231770109323589 -0.0444932355281733
-0.007268463459154 -0.0814422338617521 -0.31976780437619 0.244215521354723
-0.0324930852918914 0.00527928795710394 -0.0594789215572814 0.505364330971562
0.0224749217923262 0.00415144604249903 0.308731667002377 0.351452301705276
-0.00278323332100337 -0.0209089298586327 0.299663050445647 0.00112038881388481
-0.0135643400947604 -0.0199376539136463 0.144953062483928 -0.0866904820306691
-0.000346434719920932 -0.024783876810588 0.0786500845400674 -0.0550177546126699
0.00820126417179109 -0.0113026422485018 0.0300377508684663 -0.0100956705474997
0.0383102618140219 0.00641139535905008 0.0103698705141607 0.0215786870419907
0.0348255280323245 0.0628844331255004 -0.0192910919040316 0.0982287881841568
-0.0548948544236474 0.0832421592922432 -0.159798745862125 0.158460502479502
-0.12971837215614 -0.0312971498159106 -0.413931772121588 -0.113553082875336
-0.012456935294373 -0.191098895910615 -0.228967751347336 -0.610858511584491
0.187016106850284 -0.123539742815603 0.288571494176811 -0.648714554463931
0.188126260716273 0.0111901281648468 0.140380726327394 -0.0929346052120698
-0.0418505296888762 -0.00699100562313833 -0.0752993762642318 -0.0692646196673369
-0.0366190657273052 -0.0151637041297238 -0.515047531475006 0.522519644548401
-0.0711371188743546 0.0259056058366272 0.149200585743814 0.761319530729485
-0.0136506171510833 0.0685384702260043 0.524067646868432 0.219006812028576
0.0313446992332122 0.0323643488116693 0.241367766057817 -0.191157558392191
0.0186621206993149 -0.0101110060780502 0.0138588401292787 -0.12671117860307
-0.00378489740089101 -0.00740719377983139 -0.00471198662813216 -0.0500042886501793
-0.00667018477349857 0.0084173818445542 -0.0301697646917832 -0.0178118020283496
0.00490107877615195 0.0195222501148071 -0.0589298713320675 0.046951279251184
0.0179833465975684 0.0229105665624858 -0.131946490571732 0.104004452332011
0.0115268278533763 0.0269103080535679 -0.262349462826146 0.041934752892479
0.00641064001365029 0.0204895868712729 -0.326891078692468 -0.271120403552204
0.0161122375278835 0.0385933711618649 -0.0250456453468545 -0.487554361925333
-0.0251096863849404 0.0692607479890737 0.265919126288373 -0.344777481199061
-0.0998041087190162 0.0301549602327915 0.264669407385719 0.00286434430690744
0.111373471548269 -0.0199360997467029 -0.0934557634710875 -0.0647976548710394
0.0586420337696203 -0.134931667974495 -0.537723538679546 0.504836191932143
-0.124704165971765 -0.0951901191089746 0.0911155275324212 0.757696418270295
-0.118367634470017 0.083273616317609 0.471726278381073 0.267407971793174
0.00099368568858366 0.102631095794801 0.251983427578002 -0.135572093576982
0.0466864211379347 0.0377474950544644 0.0389341886038305 -0.113929408552327
0.0300980739458114 0.00259973175559374 0.00515452288702159 -0.0560105664246777
0.00117212883833297 -0.000942814657827317 -0.0283204000325715 -0.0175481994306304
-0.00518900980158004 0.00310908012707048 -0.0635346719888092 0.0491826246003728
0.0163223828646381 0.00355193412696784 -0.139742742089604 0.109398747885347
0.0430441492898759 0.00986439358271275 -0.270387223414896 0.0588450029549259
0.0622423243517068 0.0526283882548963 -0.347995089650535 -0.241460612426968
-0.0156597453684423 0.106382297775884 -0.0724443747989754 -0.474872428719488
-0.0789850113340824 0.0374120586984263 0.232951472893259 -0.377558253141516
-0.0572105571265983 -0.0308522966716817 0.286686799809683 -0.00490595480227186
0.222707082111224 -0.0459798738230557 -0.141509285807424 -0.0554513980066533
0.0985798994648041 -0.239176960222026 -0.511499178623043 0.499211296387308
-0.1841801565341 -0.166620340821676 0.0686849812233709 0.694529847698516
-0.178953741485193 0.104444051823068 0.38759344417098 0.277118831810333
-0.0119391751657908 0.142619392491334 0.234873371604461 -0.0592953554461221
0.0609609719690905 0.0664720776343199 0.0718152196479794 -0.0737864710177773
0.0496168167198907 0.00972135255996556 0.0292255004980384 -0.0540608633230467
0.00637829861612158 -0.0100266308509533 -0.0230506868011306 -0.0167887217733847
-0.00528870636160995 -0.0139383009950601 -0.067957291632382 0.0485997022895726
0.0338041801807224 -0.0136589411818072 -0.151537537709212 0.100079526420913
0.0842209897132348 0.00863064656699071 -0.270338744505956 0.0520216508822616
0.097846357259396 0.105509744908452 -0.345923964764106 -0.222275622678911
-0.0769611139124496 0.152132676119313 -0.111307597616175 -0.449859970258839
-0.121250621749291 -0.0263825191513953 0.194113925324587 -0.410837267123293
0.0131731766601253 -0.0933119497755022 0.297950697151043 -0.0164878041331625
0.267452530894808 -0.0850944709377835 -0.188758418030502 -0.0419554620121683
0.0578552674388456 -0.294786431887758 -0.44350709180314 0.467931532245401
-0.241855983764462 -0.149354895485337 0.0405338865145296 0.595278364224945
-0.166300738323073 0.137367282677274 0.286957887186507 0.288949396732148
0.00546668893081248 0.139188249133157 0.217247595348361 0.0220744416584234
0.0623603095680615 0.0662749452040762 0.107174795736775 -0.0319141316659432
0.0488790081783525 0.00658902140367429 0.0540996129628207 -0.0468344500476221
0.00844000815032623 -0.0177191752710699 -0.0126025476322598 -0.0145848018238134
0.00871939468763429 -0.0255120170005338 -0.0696152693414205 0.0403879397976433
0.0729350702392676 -0.0153611146789524 -0.151226061599735 0.0769301018286082
0.123352814249871 0.0444105443515803 -0.247950821493278 0.0318629013413868
0.0786072777563395 0.181166839488778 -0.318367276475212 -0.194949393472202
-0.180238799940252 0.143708449057176 -0.152681367118524 -0.414140556607816
-0.128666861040355 -0.131853657897042 0.150344787454221 -0.446969521305503
0.115013122554427 -0.143062598387284 0.289149720579867 -0.0307617371014638
0.250472584021194 -0.117343014154259 -0.216414387498717 -0.0287393981251662
-0.0199366889558303 -0.275536911445375 -0.375812809836435 0.392940115208407
-0.245418615037808 -0.0642801206821327 -0.0164979232004726 0.515971997533129
-0.0887791371872771 0.146735699610353 0.217671637922836 0.328467511685476
0.0353991189306629 0.0978846453807603 0.225967784565981 0.0816794697272181
0.0492315525641578 0.0407396618787199 0.137752723016986 -0.0126351960452
0.0332746812875253 -0.00424168257470966 0.0736473088332 -0.0418159176261795
0.00968809289667679 -0.023376307751406 0.00224928364826789 -0.013699905814895
0.0341517589561799 -0.0246403987327536 -0.0588254333271688 0.0264456658812711
0.115692250432407 0.0104561820165575 -0.127028139076588 0.0515974264350626
0.131033129360752 0.112122841385464 -0.195377705613781 0.0313083255019448
-0.0129650932358563 0.236292754992096 -0.291693697607457 -0.135045796499912
-0.281713288572962 0.0481484969694038 -0.21297089029498 -0.38389839853836
-0.0733934911252371 -0.253235293036602 0.112361141425671 -0.496731682208686
0.225781664472162 -0.159395420187619 0.256543398696743 -0.0452286071765177
0.202295085155004 -0.126262643086145 -0.22614482011074 -0.0256339066924887
-0.0677731399824661 -0.203111950388238 -0.338774424800795 0.314844294721774
-0.180814876036086 0.0181848255471093 -0.069636492338102 0.488792012228277
-0.00162803621372812 0.110635994070499 0.218524543508622 0.372253646644808
0.0429450199647635 0.037710915269595 0.259166524036706 0.0883699475377184
0.0235769950774017 0.00816201089313414 0.153076185229774 -0.0242711911386797
0.0113529719076899 -0.0177166900893794 0.0824709220392938 -0.0442233727177333
0.00923742416586053 -0.0216394349668759 0.0175727907064426 -0.011854355119477
0.0565446034296629 -0.0145319619396273 -0.0358894976198843 0.0160816712405972
0.128129633110722 0.0493324165616379 -0.0812286393544906 0.0474578927271476
0.0789435875711929 0.166891195366734 -0.142944326319308 0.0705844337332422
-0.135376940007594 0.208243116646611 -0.304349454057381 -0.0680289033645017
-0.294924966867591 -0.108136599398923 -0.287126485283884 -0.408271284788858
0.0458879741737736 -0.318651898390756 0.107516537460312 -0.573991834379441
0.301409260562681 -0.126225701612982 0.214383095718467 -0.065163049321176
0.151388849108137 -0.107898813011156 -0.23113893053259 -0.0322789758127444
-0.059176171763624 -0.128557906793226 -0.328188877357047 0.268017122039955
-0.0970457902668871 0.0408791597138707 -0.0760299578220715 0.503801382060815
0.0382742974103702 0.0527129263782289 0.269954752536471 0.381241039136918
0.0242820367952535 -0.0074880460053286 0.29016442956926 0.0479264978834888
-0.00194266036110866 -0.0134226488816197 0.151577362240277 -0.057591655131501
-0.000978193369487375 -0.0278319920246149 0.0828730017759207 -0.052054970043861
0.0105640757941587 -0.0190250255437616 0.0274785079115092 -0.0119001065560645
0.0581377609966649 -0.00173432526129697 -0.00881193939459438 0.0146677820597425
0.0967858740930056 0.0751076660298339 -0.0362158635660067 0.0704775296756593
-0.00213559749577194 0.160426144587411 -0.127986001136713 0.131244750731871
-0.19224890997507 0.0928911865761478 -0.36935506914394 -0.0477541154496412
-0.181624728006025 -0.218598339605624 -0.313442221694805 -0.509424394947685
0.1629980505488 -0.271475211511481 0.171707011191885 -0.64862210557517
0.294390591507616 -0.0596394988003832 0.173210536773378 -0.0866851626748994
0.111666380537735 -0.072102117278409 -0.244588208861725 -0.0382574426517425
-0.0126157247465805 -0.0834925299023853 -0.325321368622236 0.264888841419186
-0.0348127545580299 0.00713111014093871 -0.0436027271178844 0.527137574818703
0.02373610993328 0.00341067254347321 0.334111702956041 0.353671476142656
-0.00328363253253671 -0.020239225130756 0.308851456876993 -0.011866408632215
-0.0137713560374412 -0.0204036079058951 0.144520729996074 -0.0956439944903637
-0.00110624361670716 -0.0265641227152112 0.077307581692498 -0.0616713832436317
0.00831410441013704 -0.0116240812944785 0.0294483780728943 -0.0123059505603501
0.0387994582774838 0.00513640593133012 0.00932185568224521 0.0216247447125689
0.0392328652780078 0.0621714073627141 -0.0146466678823065 0.101417913375528
-0.0509696807846488 0.0877751178086065 -0.156349952253037 0.167555679512148
-0.134862144556402 -0.0259923023200405 -0.428089302466307 -0.103548440475317
-0.0199469958110612 -0.19605627508402 -0.252390250082357 -0.623679608819928
0.187665897175866 -0.132398767040159 0.280334296397709 -0.677253422380382
0.19336015957618 0.00346259123120507 0.145471877499571 -0.102935428249819
-0.0428645188465199 -0.00352042366135631 -0.0858483104488499 -0.0659401422343703
-0.0363746439528796 -0.0129052542895432 -0.492303299862383 0.554679845231448
-0.0699271810520788 0.0291176479733764 0.188775423137637 0.757328755367256
-0.00967928118934635 0.0675235227264781 0.534417150905997 0.192598044216352
0.0334436454378173 0.0303031656027499 0.228924256088454 -0.204367167095368
0.0166621373422506 -0.0119147119452008 0.00837654767604291 -0.125910592192568
-0.00613193330564609 -0.00666036458258218 -0.00653837614582693 -0.0505128361726534
-0.00629771987523884 0.0108008540341436 -0.0307614437038626 -0.0164867797494669
0.00539400374315428 0.0202959262973548 -0.0556738058779745 0.0493221778725705
0.0186449723482431 0.0213074446581163 -0.12441270660235 0.111659808615619
0.0129539385026126 0.0266269926677809 -0.260146566073228 0.0569383948606558
0.007229945442174 0.01920972910887 -0.346588244693002 -0.253245364838675
0.0192537521670996 0.0367426884350416 -0.0533886333439352 -0.493634733040296
-0.0199351043327199 0.0710417785436952 0.249604231194025 -0.365163757967118
-0.0994744244126222 0.0378961835288571 0.270253292150102 -0.0163666628022546
0.108833587149477 -0.0256085500727497 -0.10316725155978 -0.0610292439923891
0.0504629719720673 -0.13821717786955 -0.516014676406589 0.537729654335985
-0.131452685938946 -0.088423582090703 0.130866391390456 0.757485628491212
-0.113177589408529 0.0902471183007586 0.486388559129409 0.243542028880004
0.00709026774645623 0.102307625766701 0.243182612530293 -0.149306062254093
0.047846898207054 0.0342056772505054 0.0336145268331085 -0.115418443935227
0.0284501757692044 0.00131762655869482 0.002937533733166 -0.0570610147571014
4.10883430146097E-05 0.000707360285558851 -0.0300495936032177 -0.0160122177532112
-0.00635657168491536 0.00472113925064745 -0.0602361187601961 0.052519412559464
0.0165909810259367 0.00245383940037728 -0.131637763850324 0.118477787817446
0.0441094166875527 0.00849718584695091 -0.26676608668031 0.0756875960824408
0.0647235454619909 0.048422551944571 -0.366210322543841 -0.22236049736146
-0.00940322945433456 0.106911561867325 -0.0999930251209847 -0.477509143245041
-0.0770108822740365 0.0424448595755647 0.2146058198749 -0.395156270711278
-0.0604112062455903 -0.026216074843422 0.291646860145228 -0.0240216084419518
0.219229293255704 -0.0575672335668299 -0.148748813400484 -0.0499666919193388
0.0835784053165207 -0.244375649450447 -0.490402715394603 0.529260160022897
-0.194603404799667 -0.154976872584084 0.105409479314363 0.69457918109503
-0.17144318194877 0.114697856613004 0.403017174014251 0.259874826515537
-0.0026118347157278 0.143037645496037 0.229984313407652 -0.0722695685130471
0.063977419344053 0.0622468647987975 0.0684417349354915 -0.0776998908958805
0.0482499236285946 0.00638000855690127 0.0252026051218167 -0.0564838782352369
0.00501757185040761 -0.00860351441516861 -0.0235171084780245 -0.0155395301822696
-0.00791008317956158 -0.0118194931592369 -0.0665015487130942 0.0517309713508626
0.0328460392865978 -0.0158941016414779 -0.14481334722126 0.108574885718596
0.0852493993726335 0.00451115055120076 -0.26752903371914 0.0692444882060906
0.104091260992352 0.0983118908230404 -0.363092076976634 -0.203321760933528
-0.0685260086332872 0.158079187123306 -0.13882611855625 -0.450153173805348
-0.123856837337371 -0.0182035640274484 0.173234485016944 -0.424924734098892
0.00553337913916988 -0.0941197036037118 0.30080209055019 -0.0363607812455412
0.262983783853824 -0.100081959923454 -0.194425774490853 -0.0328521801546355
0.0385215084698025 -0.297660668306451 -0.424306098255035 0.492719994560634
-0.251807334783552 -0.133859083003345 0.069707662884826 0.598358638840748
-0.157027157299033 0.146674252797206 0.303226506162885 0.275378801054476
0.015244356523255 0.140137860720452 0.219111556300659 0.00990289021759449
0.0660771814503809 0.060023703173698 0.106644738223035 -0.038183032366217
0.046692354633344 0.00416808619195515 0.0501020567934787 -0.049750430821227
0.00549849307633043 -0.0161969038747392 -0.0132321718649169 -0.0132029495040078
0.00683924734631765 -0.0228048305528046 -0.068254869140976 0.0459098144188588
0.0714228220271926 -0.0207213370410258 -0.147559497636581 0.0854528160612386
0.126176628969999 0.0368968093075276 -0.245000868499982 0.0479270548188983
0.0909389158384745 0.176584235777412 -0.334125071625597 -0.177662761463069
-0.172482409160601 0.155254699591281 -0.178985536855802 -0.413378015520056
-0.139036594494727 -0.124142800555206 0.1295627889662 -0.458621385991283
0.105561801554942 -0.151140908832539 0.288608524013754 -0.0503450382925459
0.24510962826675 -0.131638547720208 -0.221788248953836 -0.0175374824316178
-0.0376586576967847 -0.273555421338708 -0.359455272082648 0.416804987201409
-0.248567575924846 -0.0477212256412038 0.00605693228865432 0.520301110254047
-0.0791517201689339 0.150639032743478 0.240519113140959 0.322172104619736
0.0410157605814053 0.0946278130747139 0.23215420393957 0.0688190515233261
0.0514870445491036 0.037098420799817 0.137569515475406 -0.0208330789633063
0.0302485935165957 -0.00704078521032602 0.0682222413676753 -0.0477974288556823
0.00744847122203923 -0.020576536546049 0.00143500218912834 -0.0129883580397188
0.032281803560714 -0.0256867849275627 -0.0582457702112803 0.0308921544586726
0.117354495595669 0.00122699764274918 -0.125085462895062 0.0607626399944746
0.138245157309331 0.102552420297857 -0.19540054821388 0.0428911328380971
0.00266685560972774 0.237182488315216 -0.298868492940566 -0.122725437706902
-0.279588935416157 0.0673788326217262 -0.237139623776405 -0.378507850164836
-0.0898586056398207 -0.247860276018587 0.0882607479412253 -0.507748325361302
0.215153528577906 -0.173107044527725 0.256533209388649 -0.0613088310493747
0.196900234425368 -0.137494290147908 -0.232293718026584 -0.0136311739804751
-0.0814288139206307 -0.197873151546003 -0.327444598724915 0.335176673375252
-0.180633521208459 0.0297168014660174 -0.0452084003078602 0.499487794237893
0.00564565552193586 0.110097041339801 0.242701536196686 0.364359175266673
0.0472000674910225 0.0349197489875017 0.265456291745726 0.0730088951024869
0.0238961717405941 0.00634684857848135 0.15134163839067 -0.0331280669149971
0.0087975080788789 -0.0191475223685146 0.0781415710181205 -0.0507763296338023
0.00776408323067491 -0.0210867866958981 0.0159257823813778 -0.013608622164474
0.0541291877401397 -0.0178887558479407 -0.0366187810748035 0.0186414632811508
0.131357342985459 0.0396465584627608 -0.0788649178399738 0.0525362064552084
0.0910333147555634 0.16223836066367 -0.138664281402571 0.0782280032776142
-0.121570148785344 0.217572789760357 -0.30951737468667 -0.0533856729510229
-0.301231527304519 -0.0893043653178291 -0.311091214341899 -0.397356643751282
0.0256583410333095 -0.321190537146635 0.0783430707111413 -0.582375969973026
0.292434824072255 -0.145780735777832 0.212551228246269 -0.0797782278511596
0.146500178651184 -0.11625198797602 -0.238551664085432 -0.01771224104715
-0.0674237637675851 -0.12308033762701 -0.320019665271832 0.288004886416554
-0.0946864165867667 0.0472042438503944 -0.0508446223889331 0.514163031070228
0.041582177229311 0.0486059471396185 0.29555617956273 0.36975534582253
0.0260629074539852 -0.00765233897769001 0.292674357123485 0.0289041560138731
-0.0026716420369862 -0.0141436983557881 0.147599258348431 -0.0683997834446793
-0.00482816235837357 -0.0276517446716011 0.0780782760652313 -0.0588972535463749
0.00821036389502818 -0.0182464759421674 0.0263843510143645 -0.011693221262211
0.0581572421056139 -0.00541049647978387 -0.0101689619952349 0.0155064493187982
0.102051432004341 0.0671618954123606 -0.0327268829498478 0.0710637837511261
0.0100298803601624 0.159743606405388 -0.118029964565008 0.137988594393775
-0.185639803653545 0.106830672662269 -0.372435002920304 -0.02906881081965
-0.194607378675658 -0.207133498417995 -0.341630175109097 -0.496965439444766
0.146098016900745 -0.281112329509377 0.137671238744889 -0.660483564403911
0.289949319247935 -0.0785494206893394 0.171288220464345 -0.100365270685332
0.108174554812296 -0.0769898164768298 -0.252913252879041 -0.0231115935509693
-0.0197339122464843 -0.08100513264049 -0.317522815827341 0.284723494823289
-0.0353246004494942 0.0103439914553198 -0.0148631079618331 0.536613135884276
0.0243423082017088 0.00159679903338162 0.35989162655586 0.336464675285287
-0.00313589931243428 -0.0187033125447062 0.308540851443407 -0.0321888936203258
-0.014133199001555 -0.0200008821327609 0.136521586357177 -0.105464092331556
-0.00388715753737478 -0.0274971634145842 0.072143429935875 -0.0671222118972661
0.00734410618634207 -0.011946765798108 0.0280528803654692 -0.0135398105603936
0.0377760419373478 0.00201037982254116 0.0075281246247643 0.0216265048118159
0.0443379301983475 0.0582371869660482 -0.00864443699630929 0.100513394481085
-0.0439480282429002 0.0918686500169715 -0.145629771965263 0.175824817139599
-0.135997327494492 -0.016208303399408 -0.434388343469689 -0.0812065005943095
-0.0319758006053962 -0.194940310804429 -0.288748897203278 -0.614704123957205
0.180489887296418 -0.14356330569204 0.244258615650891 -0.69778705283216
0.191503435270167 -0.00872772381459574 0.143908230320649 -0.11472997263381
-0.0415848161913178 -0.000403236309228895 -0.0918388175441271 -0.0607362477781486
-0.0351737921985222 -0.0112162932754526 -0.456404665129929 0.560232220430627
-0.0664303073678255 0.0311159545425115 0.217373037863123 0.726123681141862
-0.0059217178312015 0.0647049423099862 0.526673631371616 0.162920571687785
0.0333149174108168 0.0275307585469646 0.209116915473629 -0.207630387605344
0.0143828230833281 -0.0125866578908432 0.00337431958420853 -0.121303426914001
-0.00672871839391596 -0.00568321804975062 -0.00814903612465931 -0.050372941472395
-0.00618324593247388 0.0120459543573331 -0.0312504277122244 -0.0148437921949254
0.00621977257088617 0.0197407622724569 -0.0506725292709278 0.0495890107097328
0.0196042743955389 0.0199448554877139 -0.113847582019632 0.113821579198886
0.0143865460264549 0.0262082977697663 -0.249324199141392 0.0679568246243804
0.00741789634372844 0.017680711451038 -0.350203037940776 -0.227906147491316
0.020690410914717 0.0334063279876162 -0.076499103050076 -0.481525327691571
-0.0154007470749104 0.0694466257609413 0.227403531905321 -0.368900093981672
-0.0956014443212718 0.0432527777483681 0.263913010808996 -0.0321028852604306
0.103999200070662 -0.0294514817942859 -0.108110873022312 -0.0552079195731694
0.0410460732749669 -0.135177316579327 -0.480219654612258 0.544796396345077
-0.131893874903976 -0.0786743953276447 0.158929979169151 0.725547666799069
-0.104053890577884 0.0922392133901826 0.479943525991473 0.216221887398899
0.0124628071657078 0.0987097417532216 0.225368400237327 -0.155735619690883
0.0468417105260606 0.0296625009577864 0.0278165656950898 -0.111704626691857
0.024973683051584 -0.000716742947030076 0.00033113487558195 -0.0565675012885166
-0.000782691811393149 0.00277184111922259 -0.0303359814437131 -0.01474930564497
-0.00655927095349989 0.00655818852546939 -0.0551193106407777 0.0529086565027779
0.0166774684002842 0.00196054024290569 -0.120478382324438 0.121320227895676
0.0425177930667006 0.00588386087975302 -0.253932321098314 0.0861963924262713
0.0647295194519445 0.042361435496153 -0.369087754683972 -0.198326868046602
-0.00346883039787818 0.103831388079525 -0.12050764814915 -0.463392383372907
-0.0726252747414894 0.0455243069632727 0.192292743606564 -0.395635898979527
-0.0614030686504978 -0.0211813386327415 0.28375984693491 -0.0409706079635037
0.209255034379243 -0.0660265355196244 -0.152925034764903 -0.0428722914714335
0.068036287249792 -0.238313019350064 -0.454308487311842 0.534233713043658
-0.197178013607758 -0.139508247067044 0.131712199380728 0.668502792880697
-0.159091882419428 0.119755204753202 0.400388135305192 0.234832852188266
0.00553096178490362 0.138564622919116 0.217760261766644 -0.0794090344852643
0.0634450696684493 0.0562592084441476 0.063241375673263 -0.0783495077452704
0.0446714562007502 0.00405831017820051 0.0213397541081901 -0.0561693784814181
0.00344025983334537 -0.00635380056751926 -0.0257111350195482 -0.0144963216138775
-0.0096535581392194 -0.00808169944481519 -0.0619208891073214 0.0546545309164732
0.030243794750956 -0.0170620036021595 -0.13302202535823 0.114540822412487
0.0823935352364395 -0.000940048017310346 -0.254972620377827 0.0803448560138822
0.104925374433596 0.0886149204873995 -0.363718639420544 -0.179747045893638
-0.0581319220413008 0.155356331633736 -0.156954454820491 -0.433234933663618
-0.121263309978383 -0.0112314330603969 0.150231432057223 -0.422354948300095
-0.00091331531327303 -0.0911177286283027 0.29207493989669 -0.0540551090732975
0.24841326698964 -0.108240286258329 -0.195257358807735 -0.0251694198863378
0.0216786138458902 -0.288111603401476 -0.392522261360626 0.496003047254255
-0.248847497305732 -0.115123069766674 0.0918023451765631 0.575461733896437
-0.143174346255179 0.149598380117853 0.305469075457666 0.255069161053286
0.0247805178701333 0.136024073533996 0.210019806662425 0.000116123054055538
0.0665147217699939 0.0548214177994341 0.100952549859043 -0.0424202353418443
0.0440630395935382 0.000188122834557345 0.0440391333666496 -0.0518453531240289
0.00494616939374403 -0.0132900315744125 -0.0161798013503427 -0.0122602012164581
0.00360875538158034 -0.0219096166153643 -0.0641622053370969 0.0464076468485613
0.067411934480496 -0.0229823778519473 -0.138901707223109 0.0906491129793586
0.125520493123992 0.0278946635019863 -0.235944767985236 0.0597988481900537
0.0964531535356531 0.164357624982145 -0.335426928003371 -0.157171807246396
-0.159433776668034 0.16070452898487 -0.192642759116786 -0.392698376623693
-0.141299502262139 -0.112973178173681 0.104061158072604 -0.451341320772762
0.0901349253799982 -0.151094532155281 0.282811657007015 -0.0623379301140544
0.230503296073907 -0.137208386135359 -0.220224013127634 -0.00709583948811785
-0.0506724452534889 -0.261980297642888 -0.333804552095534 0.418694324967689
-0.24232528403267 -0.0328992445327838 0.0265547820848459 0.505816837605736
-0.0670387007379386 0.14924710348917 0.245810582049455 0.303063274590094
0.0466422053692378 0.0892052301964321 0.228368690909202 0.0558458898593973
0.0532038548894446 0.0328703437524641 0.131027091954527 -0.0265490448081719
0.0260366036758783 -0.00726622827960355 0.0628638399029896 -0.0514335183954625
0.00594324577971431 -0.0185719917607308 -0.00111300868496947 -0.0128578355083509
0.0279277243741414 -0.0250473055167471 -0.0568808067293269 0.0338645247722327
0.111315942012205 -0.00643478045969463 -0.116248913400502 0.0652357949590467
0.14115268646732 0.0916863315680772 -0.187052167616112 0.0507700039993971
0.0154557775321262 0.228676140940219 -0.299000530463723 -0.105156928096453
-0.266134818791914 0.0786899797545556 -0.247242725274913 -0.359412650756159
-0.100984083370371 -0.236641488595439 0.0627410230622388 -0.496721736761987
0.196302142567782 -0.180171172937599 0.247993886878676 -0.0740286966269311
0.184203975832959 -0.14163294559868 -0.229754213534273 -0.00212517014885613
-0.0892464251086741 -0.185723187614073 -0.306532487775132 0.339184328143026
-0.172407598478451 0.0399388529828929 -0.0225475441163312 0.488146875269453
0.0109547268293855 0.104967422081043 0.254216291766191 0.344138391857511
0.0488192494744452 0.0309531103734762 0.261263206764443 0.0565929740753476
0.0236925886384392 0.00366443753445831 0.144029639818249 -0.0395630994385676
0.00565248318157511 -0.0189356555773492 0.0709889529374724 -0.0543182016509906
0.00567481981269138 -0.0190335139216617 0.0136408928083985 -0.0142948001472439
0.0498776812441977 -0.0194975033433717 -0.0360446124990197 0.0207448493523083
0.129587913231146 0.030100490735427 -0.0734562562846169 0.0551845660703244
0.0976753780896663 0.151257754246197 -0.128839380637072 0.0816103060699015
-0.104338996348869 0.216450574040267 -0.302101107610721 -0.0385201151444395
-0.295449010409665 -0.0700457750902796 -0.318328477554694 -0.373833102905139
0.00731580746108016 -0.311010639807114 0.0517218415291523 -0.568838605761843
0.271008090575169 -0.15542233421958 0.20323406755805 -0.0894986019734738
0.135951576447434 -0.119690891356399 -0.23628022752471 -0.00613567332517491
-0.0725897068308498 -0.11414459348569 -0.301845862097546 0.293846563006434
-0.0900435661978593 0.0522576343107168 -0.0252856512691249 0.506365904555434
0.0430577620424148 0.0438296865512571 0.309068692784438 0.345762718490592
0.0261010359961297 -0.00741581067300542 0.285107544505692 0.0118288505777352
-0.00324565158429007 -0.0144150741298513 0.137214585031294 -0.0734896972725418
-0.00739999364822054 -0.0261062684392071 0.0703850045075329 -0.0618340880951542
0.00727360425715283 -0.0161139701630772 0.0230085610008336 -0.0130799116360299
0.0550200014346784 -0.00821956658107754 -0.0112056023140551 0.0156886521828315
0.103805153432213 0.0580775860157486 -0.0275200305965634 0.0704335735344811
0.0193272084061865 0.15445880249144 -0.105782125210247 0.13887317186213
-0.171862981338075 0.113000925647009 -0.361211341276912 -0.0110004554440744
-0.197771499584779 -0.189006994248868 -0.353743995737248 -0.46754381387017
0.126810665241581 -0.279224754457887 0.102592598512344 -0.645505526508062
0.273883006200118 -0.0912584791234389 0.162369017312244 -0.105978262994398
0.101090063656181 -0.0802839320900875 -0.248999154363312 -0.00793772181305512
-0.0239278887516002 -0.0765936152692237 -0.298108422015703 0.290850478279661
-0.0332952934514292 0.0127892443889014 0.0101732453008725 0.525343625210549
0.0235709510702628 0.00044666090635309 0.369543927419795 0.310077117686702
-0.00213278026554991 -0.0164852421001139 0.296443152206817 -0.0486172495424503
-0.0149462656249926 -0.0197531776347172 0.124918053770616 -0.108953477685874
-0.00634630064859609 -0.0275218972093909 0.0651612413874473 -0.0709632775020553
0.00646338655897613 -0.0115851554734163 0.0255151032363758 -0.0140341290797499
0.0364383915816877 -8.5509941509662E-05 0.00587232366614606 0.0206645612558993
0.0470690455352286 0.0532268215950034 -0.00412370394473814 0.0961637912051378
-0.03592385239939 0.0906252065054404 -0.12868041316541 0.174587992364345
-0.131518929886965 -0.00774275235001969 -0.421984383178785 -0.0599594509404841
-0.0399903689698493 -0.186809964367008 -0.305123123101633 -0.583896998928956
0.167120362690806 -0.147149909156543 0.207286874886807 -0.687148253392265
0.18208138043088 -0.0185751867324523 0.137066430120412 -0.120071389383978
-0.0378115641464964 -0.00441612502242068 -0.0858855623200585 -0.0696109917204405
-0.0312364294991173 -0.015448763093256 -0.497530317570768 0.474202577062291
-0.0680950660878898 0.0181470589700614 0.112039474100026 0.700720232124641
-0.0158498066175063 0.0609010452581902 0.463415592761325 0.211925081303644
0.0280000359243857 0.0314901257674039 0.21454655605701 -0.167044300225896
0.01455366106345 -0.00896939008404499 0.0187907273936582 -0.111261202000401
-0.00803415494524522 -0.00485911587148287 0.00042227380591409 -0.0489593600880958
-0.0078279132840595 0.0117397929540788 -0.0276307297308375 -0.019308865311677
0.00434595024193156 0.0202374236564437 -0.0536577296236485 0.040759019106694
0.0161388802969302 0.0216710244329296 -0.120134906767077 0.0948137870689173
0.0132802666338361 0.0280882064004391 -0.246996519525394 0.0330697172668906
0.00697955154158317 0.022452331158233 -0.314366548339915 -0.263672753816312
0.0110585912360148 0.0394242988151243 -0.0141192794475702 -0.479471665972646
-0.0251205592440864 0.0665643819898404 0.266506126568882 -0.335002761951557
-0.099844605330144 0.0316775316322584 0.267109557566216 -0.00574470420557057
0.0994667937381423 -0.0132580735564598 -0.0946716274161709 -0.0592955191406821
0.0559283612973482 -0.119692692504315 -0.510145328849607 0.455729289783347
-0.114068994294612 -0.0908508266315658 0.0618881859764523 0.688664604243729
-0.111039484744714 0.0726381945268896 0.412668948904245 0.250746762048419
-0.00178589534777461 0.0953429649258194 0.220809544376349 -0.119273822397007
0.0393330113191357 0.0345754325601952 0.0393338666858505 -0.0985421709228114
0.0216898238922479 0.00343045415901887 0.00741479331099839 -0.0537511937075981
-0.00196808502980122 0.00434707963499154 -0.0277588440473321 -0.0184658620922364
-0.00745134018466825 0.00677264123805447 -0.0594428296678478 0.043709390055151
0.0157718396715031 0.00386083452141329 -0.128929886282018 0.101201785203506
0.0423603248591902 0.0121126229797197 -0.255816464470141 0.0498084092296141
0.0579672021424796 0.0523546212204179 -0.336071130713918 -0.236791841619195
-0.019515095884062 0.104086727537448 -0.0584138013419725 -0.469891903937206
-0.0777766513800062 0.036789689991198 0.238668508354367 -0.364213067374447
-0.0600041591973925 -0.0267471576551605 0.288817165576272 -0.00963321899135853
0.200529250108457 -0.0347163555538392 -0.131176752453046 -0.0474757239146382
0.0938227746868577 -0.210902140605827 -0.478919520488918 0.448209496723137
-0.166303683565886 -0.155734397546939 0.045192882765329 0.625717694808547
-0.166183054523731 0.0900444516928782 0.334553860162453 0.257574323596275
-0.0142176485868017 0.13080718813321 0.203299807370395 -0.0502113904222717
0.0517156084421458 0.0609926470164246 0.0676339849110145 -0.0617283533168334
0.0387463791255472 0.00841271669468216 0.0259568584644303 -0.051467497836833
0.00250282224063067 -0.00443317180275077 -0.0230705157026164 -0.0173225641304358
-0.00804103257472993 -0.0069542570191138 -0.0659368800576069 0.0445587004609648
0.0313359231184169 -0.012560503754083 -0.141722696634672 0.0932903273872871
0.081471952444469 0.0109043711232359 -0.25667802920732 0.0447497966553208
0.0920881577138285 0.101079032455752 -0.336192841389768 -0.220996753664756
-0.07751746294673 0.148799779321122 -0.0940148297722275 -0.447462143701135
-0.117975449540132 -0.0217845207293831 0.204706206960539 -0.391371500961086
0.00692261367569646 -0.0865998212808542 0.297801090105521 -0.0159782971213477
0.244414654828893 -0.0693682284105215 -0.169049583054814 -0.0330872511494722
0.058463093358051 -0.262735856449877 -0.413730619471295 0.415504903253403
-0.218645194534358 -0.141025632111961 0.0176484390703542 0.534818346854828
-0.155466291478221 0.119633455898985 0.245738319581555 0.269481017305468
0.00320051245578606 0.12863506066803 0.189767909226648 0.0237170706812429
0.0531736157347605 0.0600903200503242 0.0989638185064919 -0.0247144323573384
0.0385682179754961 0.00582380321742066 0.0476989678632597 -0.0452809161647684
0.0055987885892261 -0.0108611140571446 -0.0128486450644792 -0.0155222665510549
0.00470620293889761 -0.0181602281085112 -0.0683472441428894 0.0379930645546307
0.0674839032841 -0.0137597944521516 -0.144774571910077 0.0710146422585046
0.119049141128464 0.0418485329683378 -0.238287146476187 0.0246477893060411
0.0761604891464594 0.17203395914436 -0.309069358377565 -0.196675331606859
-0.1729743696161 0.142182010105811 -0.127739817160523 -0.412118276087025
-0.125096921187664 -0.12099854763066 0.164748798321155 -0.420992183241771
0.100606219367737 -0.134931802522451 0.284865211319332 -0.0233505461629232
0.231894571445204 -0.098487233561471 -0.192718037731038 -0.0214644851612118
-0.0128297651830847 -0.248380960197141 -0.356267164145005 0.346603645203185
-0.222169090691467 -0.0609357681240414 -0.0427089579600304 0.464573482475166
-0.0849202695077128 0.129268529282435 0.187710970379312 0.309376485094268
0.0310228038577186 0.0906010865905373 0.20163998536571 0.0770335306088846
0.0424693091333915 0.0368314546473975 0.126852381327602 -0.00909727341450894
0.0243054883725533 -0.00384552783524347 0.0641241612427523 -0.0411924303364584
0.00661318872353879 -0.0157941319370491 6.65640168538166E-05 -0.0139011256394282
0.0284477207038204 -0.0185727128837663 -0.0595300932976114 0.0242246637814695
0.107238751154806 0.00663114489545195 -0.123413379602722 0.0466570518202094
0.123847834022301 0.104408493405211 -0.187298694073104 0.0199340297138694
-0.00947448683220504 0.223743978491856 -0.279210248404957 -0.146637682554599
-0.265688657834428 0.052990910975927 -0.183512769077648 -0.379990761176177
-0.07327326694534 -0.233745356982485 0.125902741255075 -0.4638467593439
0.205384026624559 -0.150929228022043 0.248213652140699 -0.0334396408558098
0.189150029121788 -0.107902886338019 -0.203880807530616 -0.0201333637503731
-0.0586923879829543 -0.182399917531417 -0.325509436687042 0.274796718561004
-0.166541050052903 0.0132065477246125 -0.08671152201347 0.449592662945567
-0.00647827348124853 0.0994166343929761 0.192708354875637 0.350363149512921
0.0417754787457191 0.0368115866666275 0.233756987045622 0.0829654461436371
0.0204782275699695 0.00738037200517988 0.140634501244334 -0.0211643029630335
0.00525197806823122 -0.0172777821419237 0.0714267591583621 -0.0427301020960482
0.00663432645834558 -0.0165888508884759 0.0131315575516928 -0.0110106897186527
0.0492348643050735 -0.0120089130479315 -0.0399886565503977 0.0158576115750822
0.119269827759601 0.0433487630426537 -0.0803351050416457 0.0400046235257805
0.0761566660914172 0.155992079552864 -0.133957531446721 0.0544708837242634
-0.121755972276275 0.197567316384353 -0.284954240206978 -0.0824004075913214
-0.275902066410914 -0.0908695718835594 -0.251583575983237 -0.398673126517129
0.0384949063108982 -0.293189474156427 0.118748653190936 -0.530135625816359
0.274940880046119 -0.118814381143509 0.205312853147979 -0.0515823091520507
0.143653720496442 -0.0916925005723003 -0.213379976193107 -0.0250341281303096
-0.0534942768442017 -0.115044493158851 -0.319501587202178 0.236726098306795
-0.0900977459673965 0.0355089038605895 -0.0895464116724209 0.469804273727857
0.0326230988505868 0.0478583506799388 0.245575794684774 0.359097524319892
0.0277898610824506 -0.00295581905394444 0.263520836920513 0.0440950983453575
-0.00191458194694031 -0.0144103039348238 0.137293562505078 -0.0536461511563896
-0.00550415997201933 -0.0257971551112814 0.0723404506543467 -0.0513582505312928
0.00813265526262112 -0.0131452815307444 0.0226737304077405 -0.0104748414174237
0.0525578308576117 -0.00157316064432785 -0.0171666197633761 0.0140068892416548
0.09163201790223 0.0666921488440939 -0.0366458524055491 0.0592088137091694
0.00190363127308812 0.148650690750462 -0.116183609106703 0.111394805467419
-0.172285598348439 0.0910607204706301 -0.34142498247069 -0.0606664724624446
-0.17032651422135 -0.193040510077605 -0.275390450175712 -0.49018760520644
0.148559607899845 -0.246933419032427 0.175149442594977 -0.600068687830391
0.268796746293424 -0.0563755367475762 0.165299528962041 -0.0763288447520964
0.105134518713677 -0.0603956889700187 -0.228637420495412 -0.0306246742552174
-0.01248377319206 -0.073855649018028 -0.315426286752862 0.238148968001083
-0.033800271023112 0.00718986415258608 -0.0524205994478321 0.493625321602886
0.0215530903686645 0.00482415434744873 0.307799035548137 0.331142434736204
0.00254354753670296 -0.0138088000894908 0.280902914016554 -0.0127876092810761
-0.0114976702389238 -0.0198967160324593 0.129198793563091 -0.0888962208300532
-0.0036382232815185 -0.0276193097489179 0.0675706541512595 -0.0595654809957511
0.00811735161663754 -0.00967686524122697 0.0251061974557336 -0.0103543573623807
0.0338995535130352 0.00367036227636597 0.000686861756659655 0.0211733604052045
0.0393500270799679 0.0546439790553183 -0.0159550705663921 0.0877649584815579
-0.0414964109904449 0.0817237382740699 -0.140711821834899 0.146403152662605
-0.119050577559572 -0.0188762258707064 -0.395210933244378 -0.108460319162063
-0.0208121916808521 -0.171709921072956 -0.222227061514031 -0.598761835490759
0.171403601060368 -0.118672461385092 0.27604616390511 -0.631804660924447
0.174410542785465 0.00411410589295244 0.143650232295445 -0.0968924066190213
-0.0360726377364693 -0.00416934202743505 -0.0874293363671076 -0.070904376268125
-0.0298854280317379 -0.0161145573088429 -0.503353336003104 0.452008561355739
-0.0672935163578621 0.0163710673371797 0.092551212730245 0.689541386663671
-0.0169670024993313 0.0582934225125015 0.446578867341014 0.218338242426762
0.0269804495958424 0.0306841880309326 0.210758847625719 -0.156170773541115
0.0129004317075525 -0.00875954557684509 0.0229979768366989 -0.107923244064849
-0.00806195350813006 -0.00359747030813511 0.00242792895398871 -0.0501539013878561
-0.00864202218952641 0.0132720348294302 -0.027491967982993 -0.0206824470129349
0.00259114862385709 0.0206412280945838 -0.05312008232668 0.0365117937997062
0.0151804610841453 0.0215946957580877 -0.117523089069112 0.0898160557542331
0.0128304368681721 0.0275036519394185 -0.242059192488757 0.0264894762015988
0.00496858506913636 0.0215531276637083 -0.303133026065888 -0.266341715662479
0.0102419358151121 0.0388229201996989 -0.00317805303210145 -0.474545161784583
-0.0253963473185531 0.065718167793887 0.270570058063165 -0.325590935895796
-0.0995109773538925 0.0309828741377928 0.265422130525232 -0.00273595495860231
0.0972008616047997 -0.0108221026108768 -0.0954027214994278 -0.0615089499509607
0.0570545610310138 -0.11479142291712 -0.514226920444079 0.4342313908009
-0.110585453698917 -0.090365429938549 0.0426080753161323 0.6744944970574
-0.110441890757398 0.0679423888279513 0.39770744562222 0.256266929177754
-0.00264821699872841 0.0923205849781299 0.216064817315326 -0.110600162655268
0.0362014038922549 0.0336116289037504 0.0416574339978612 -0.0946211286108522
0.0190224184221714 0.00497467473328689 0.00921154609432818 -0.0538638556555713
-0.00335158624476685 0.0065682362331227 -0.026775978688711 -0.0191802462229813
-0.00772431040394985 0.00854701761098468 -0.058873096521249 0.0411283516695729
0.0154193774990177 0.00381658014647132 -0.126831134622223 0.0965869573218547
0.0416983965924482 0.0122823900283607 -0.249975696930016 0.04390370504583
0.0549030275385126 0.0510986969635773 -0.324972507337981 -0.240109946752089
-0.0217216297187303 0.101270692393862 -0.046398160320374 -0.464974927590763
-0.0767499072925298 0.0349272313595776 0.24432091755935 -0.352787550030047
-0.0588243176684986 -0.0256818043556798 0.284989898184986 -0.00626619375629455
0.197098759668118 -0.0285942981291241 -0.13052097285956 -0.05101278073368
0.0956891022053884 -0.204115742153242 -0.483009593901279 0.425374485672921
-0.15960478510691 -0.153517881414783 0.0260383647847722 0.611771342576725
-0.163487764095033 0.0847126393211685 0.32046053328879 0.262684796289205
-0.0150848257252368 0.127256007017864 0.199519739513598 -0.0438790463578929
0.0478327038683364 0.0595985364685041 0.0690203975578781 -0.0591680023100655
0.0355061286867321 0.0092676457228822 0.0274614668605639 -0.0507479106895746
0.0010420800700836 -0.00147438704319142 -0.0231392714726604 -0.0164711670884032
-0.00857897893936672 -0.00568041141007638 -0.0661132673875199 0.0415868089073508
0.0302039553458147 -0.0116307734562854 -0.138590775840318 0.0890659015611702
0.07953135236472 0.0119193349212509 -0.252134330977867 0.0377980846920397
0.0867778431683588 0.0992989397787692 -0.325208455035198 -0.223946941104835
-0.0780574406718717 0.14526329922703 -0.081527500811572 -0.443067829043571
-0.117220344331488 -0.0231063002362959 0.211601238509707 -0.381179116976208
0.00710791457904732 -0.0840565265348464 0.293624029201952 -0.0118533149575476
0.239925908163425 -0.0626670721003345 -0.166591519790098 -0.036195267667906
0.0626029971846844 -0.254696265539113 -0.419057562473788 0.392155551321784
-0.208728908771488 -0.140203480676695 0.00210868144709591 0.524157641016744
-0.153413790281678 0.11430172797654 0.233125411898356 0.271964062401501
0.00177647579033778 0.125965121422934 0.183668600587287 0.0281892898111013
0.0508047905140031 0.0570436066349938 0.0991586432899014 -0.0227295120489397
0.0357114125840032 0.00633775747562726 0.0465912196313282 -0.0422047535417645
0.00392967511009018 -0.00792459823991875 -0.0143823022779477 -0.0154323422843727
0.00391803072668494 -0.0160957650918645 -0.0696031850607084 0.0357360003889746
0.0656228109260678 -0.0136232057050812 -0.141539941096643 0.0674372215093629
0.115746174766616 0.0448077625657805 -0.232394497800057 0.0191816588397731
0.0722987762723696 0.167194826726483 -0.300180620741615 -0.20237845292484
-0.171999296407598 0.136208612880627 -0.117137396251711 -0.408590547272737
-0.122943734866494 -0.121916158411529 0.175878609637866 -0.410336652459982
0.100676094504764 -0.130194894601755 0.280992182449793 -0.0167273714448833
0.229417331669954 -0.0897356395792656 -0.190024788699753 -0.0272241197842569
-0.00850004547195751 -0.241833920857061 -0.360245261772367 0.330808404110922
-0.215236838728728 -0.0646780045445143 -0.0521991598798844 0.456287009131284
-0.0858601736271262 0.126034689729728 0.176113610418107 0.30899060754731
0.0297906570132391 0.0884999710027992 0.195442183065153 0.0796566092812534
0.0404440968089596 0.0360955340105058 0.126048463380576 -0.00656430891712147
0.0221068175025147 -0.00272801359621493 0.0615219291535217 -0.0419522291387218
0.00471753769464351 -0.0129389899152577 -0.00176542146185329 -0.0129715415906153
0.0267453444098861 -0.0169409488728977 -0.0599396511288739 0.0233707057473251
0.104873841705432 0.00824320812631033 -0.121344666150507 0.0432584616397442
0.119259888855481 0.10346968955876 -0.183772905632779 0.0144738253156488
-0.0120606274993277 0.218599410344534 -0.269681044047161 -0.150873899953078
-0.262049410489232 0.0481860036324306 -0.170061650897863 -0.380483780361245
-0.0684614512056296 -0.230142940503634 0.138037094422511 -0.451956706260614
0.200748328321421 -0.140510669371078 0.24836349661581 -0.0256208162267143
0.188668799737233 -0.101996054451712 -0.201632257460336 -0.0254200802550459
-0.0526543188629203 -0.178892451056158 -0.329158400484846 0.260480582495545
-0.162725830641918 0.0108692956974282 -0.0999692285672476 0.440363400965537
-0.00845663989110817 0.0964800966387748 0.181936564975033 0.351370419177845
0.0417743006332375 0.036192866634972 0.228213095587292 0.0861626161574107
0.019236781652823 0.00703452366967807 0.137618777996682 -0.017997457690719
0.00369115942530491 -0.0163830212356333 0.0688933506953529 -0.0424220764160773
0.00690312961934565 -0.0135555135544628 0.0127415913733428 -0.011512888040606
0.0472862712170189 -0.0100117281272465 -0.0416229479515594 0.0148136683406696
0.115908442528461 0.0421265941770819 -0.0801434961139046 0.0371666755008528
0.0726179374153069 0.153528699410553 -0.131289705733927 0.0485192952918874
-0.12088026242933 0.190693232089814 -0.275641836627189 -0.0898977917937753
-0.268175079692812 -0.0923890062990016 -0.236376336388211 -0.397411884769087
0.0424101942556517 -0.285250242934934 0.131884645239884 -0.516460967434358
0.268386383090635 -0.110349064463492 0.202454332765084 -0.0464064946974405
0.142866569998061 -0.0881358934172846 -0.212477792296717 -0.0302646180375215
-0.0506479437451731 -0.112929055715815 -0.322758673012723 0.223489751448899
-0.0890405656940219 0.0332276401451406 -0.10140883246822 0.461961798335808
0.0308331784583367 0.0463002336184634 0.234926232087475 0.358728871559633
0.0282792956948621 -0.00225708300105924 0.256616901150209 0.0480278117471321
-0.00280509788020516 -0.0129187845955363 0.134321552811685 -0.0501987064732685
-0.00694060333301217 -0.0260254224524472 0.069226286971322 -0.0502075666938401
0.00795977708002472 -0.0121508195038977 0.0219143979102674 -0.00996094058464803
0.0495186031891451 0.000377226684211791 -0.0182256292065463 0.0129775263798165
0.0880682653589788 0.0650333509966382 -0.0369079158780305 0.056967805656586
0.00167384178298237 0.14481712199184 -0.11427752339946 0.104694073564632
-0.168830057868098 0.0857180887569619 -0.329665930899121 -0.0691454256689054
-0.162647373059891 -0.190487868885299 -0.258893228033585 -0.486054166869048
0.149352094069809 -0.238960235865536 0.184471875333302 -0.581868749294093
0.261653319551097 -0.0484236800776325 0.163970090512401 -0.0713831259944303
0.105707289451972 -0.0561145457995629 -0.2263976660552 -0.0339014485994221
-0.0110748826025845 -0.0710851219596301 -0.319966658475143 0.227156119479036
-0.0331088504620223 0.00735660219405663 -0.062439919631618 0.487324786505176
0.0200857288902155 0.0041104152876389 0.296846093938479 0.33214857140467
0.00530160294587684 -0.0135879928624526 0.274951926347464 -0.00750690799038598
-0.0114216507316855 -0.0198899259817405 0.126131636593731 -0.0850877327610142
-0.00411218938545248 -0.0270184855448778 0.066425284851681 -0.0593187676580965
0.0084027611644174 -0.00880153609275852 0.0234912814242918 -0.0097077214639343
0.0331279562433225 0.00442731889100783 -0.00236063907059135 0.0209008409786886
0.0385868384521798 0.0531611893474034 -0.0179427470044647 0.0838900122125516
-0.0403117200459163 0.0788388619231787 -0.137666335782572 0.137533048548405
-0.115195813957727 -0.0204246596531489 -0.381416852883808 -0.117125259145582
-0.0168402502155072 -0.167024360451726 -0.201637542847748 -0.593047614088031
0.168521926008525 -0.113358590306351 0.286112520174929 -0.611575030570867
0.167504746487815 0.00831071907198855 0.145091902435023 -0.0928857145223364
-0.0370937294094795 -0.00465405780369726 -0.0906292236125868 -0.0764591708571933
-0.0289549280371359 -0.016996403286926 -0.530211795859733 0.442763456662745
-0.0693821707964421 0.0142932272135478 0.0675856680588937 0.704674809758523
-0.019239557863718 0.0580187407617011 0.446825857485379 0.238083411964484
0.0269643076640679 0.0315140651391518 0.217310603485753 -0.152422001861729
0.0124149128252549 -0.00896127689281954 0.0281183002695363 -0.109050797083269
-0.0102473877576869 -0.00246093456273617 0.00481263712931685 -0.0521949087636099
-0.00950089446171182 0.0155121479830842 -0.0275234826121617 -0.0221748109975754
0.00237905195464846 0.0207725217662383 -0.054804076031731 0.0345294780608257
0.015264733494387 0.0219719888442744 -0.120805574521814 0.0873377183884541
0.0122520028444982 0.0280111178465278 -0.247329264696673 0.019793512995037
0.0027994292049588 0.0218312774871856 -0.302262942654712 -0.280002986407851
0.00882293200396794 0.0396487035409075 0.011622837094129 -0.487426286501031
-0.0268797780618409 0.0661964406966226 0.288685128639383 -0.32347283636193
-0.103097811608193 0.0302608787505687 0.27280123745155 0.00267098122632765
0.0990699910869908 -0.00713092485652098 -0.0992218144301097 -0.0673236588590799
0.0612141934847 -0.114659754300751 -0.54143530271274 0.423895774146435
-0.109797794413176 -0.0940620561075382 0.0199997408153314 0.687747213597733
-0.113521803177233 0.0661418056840853 0.395321582289685 0.275460746598874
-0.00390045196067846 0.0941015773250186 0.221694034988079 -0.103569808721503
0.034788487858822 0.0341914860646217 0.0464002092945421 -0.094185684805103
0.0179620887284542 0.00614798645528388 0.0117323696180037 -0.0552375967335695
-0.00418523973366703 0.00799904293503803 -0.0280566082230632 -0.0208194964697726
-0.00874382726337354 0.00897997786912344 -0.0609164615807149 0.0397420548891879
0.0149698952827239 0.00524250981614926 -0.130028988470658 0.0947091807338638
0.0423609614333796 0.0137282728056348 -0.255711008499082 0.0367991847261151
0.0524939163425254 0.0532702926595714 -0.325100470694583 -0.254404823846411
-0.0246604668699314 0.103094712623459 -0.0324265324499463 -0.479145505202724
-0.0792473034237136 0.0338011571585908 0.262224288452579 -0.352931677345622
-0.0602528907957589 -0.0268497332639315 0.294064688546611 0.000748610910012233
0.201223483611138 -0.0226455726859912 -0.135563336597164 -0.0584035200228453
0.10302956965648 -0.203515550871298 -0.510568454843329 0.417091826827514
-0.158328480377921 -0.159088654921977 0.00464589552636213 0.624949959583776
-0.168264873587636 0.0818587276077018 0.317141391934924 0.278640143934612
-0.0188315164951008 0.127574645827537 0.20210446926731 -0.0368780803669315
0.0466458230086026 0.059699803504963 0.0730333241618449 -0.057974643286452
0.0338118214240777 0.0118183980606028 0.0287139503281133 -0.052427244516382
0.000315128010988392 0.000516770598765069 -0.0235556716841219 -0.0186128915905009
-0.00928685590033754 -0.00477432275101435 -0.0689932353592469 0.0410981605050842
0.0305262345428075 -0.010996116969471 -0.1428482574013 0.0864307011701808
0.0798198188175472 0.0134159172642285 -0.257037330987898 0.0316220084331823
0.0839799808582177 0.101795152879196 -0.324844717519004 -0.238263440346838
-0.0845870621979125 0.145233016022684 -0.0688309215417838 -0.458114923785535
-0.118398363135065 -0.0267455014753689 0.231099569372262 -0.381885951911875
0.00748737713044357 -0.0836845006566512 0.302012028964914 -0.00486297910922186
0.246061241642557 -0.0557217935324504 -0.172630946086991 -0.0459560194421982
0.0700793588653933 -0.255908273536842 -0.439541485449716 0.387797779427056
-0.209900905162546 -0.146614489636656 -0.0204527321446079 0.534024394283284
-0.159187180576415 0.111504905837548 0.227744102780949 0.287901119389006
-0.00135717291615592 0.126985377357492 0.186234320419406 0.0343650311951117
0.0496793294932268 0.0598874826127118 0.101259814734703 -0.0207558003057026
0.0345946875969082 0.00949870083857275 0.0477322938516653 -0.0441626052761454
0.00380806506455633 -0.00741333029971199 -0.014057915320809 -0.0169623067961834
0.00346896701374567 -0.014059609622705 -0.0718725515836172 0.0348630665704783
0.0664945526412296 -0.012187781929209 -0.145935726340942 0.0643117548473642
0.115982457661322 0.0458025210674286 -0.236474071440463 0.0136111438214264
0.0655511093123502 0.171644622963679 -0.300720910029328 -0.214585597319996
-0.179471132661081 0.135509616554322 -0.104897647538882 -0.422739045978324
-0.121631461516715 -0.125415593940511 0.193074361927985 -0.410674314610622
0.103463302016354 -0.128029272615817 0.289662213186836 -0.00999463712299344
0.237089553155351 -0.0852162160082747 -0.195479967504753 -0.034914293000833
-0.000429750706458244 -0.245228599790212 -0.380032861141859 0.322503384551672
-0.21801251342457 -0.0708713076074708 -0.0726846960542866 0.46369692730786
-0.0910439235156647 0.124303001978059 0.170961630828858 0.324230679773558
0.0291193420357269 0.0900752221242971 0.198250678807391 0.088481681315806
0.0395849947898701 0.0364146726320338 0.128423069725528 -0.0030157727329023
0.0206455903263625 -0.00368618993669539 0.0606464006734021 -0.0387750462939336
0.00676211363131753 -0.0116676570060889 -0.00182772790757509 -0.0137295507261031
0.0266865645445776 -0.0156913711892623 -0.062808497282791 0.0245222461193617
0.10596784166153 0.00879630470022206 -0.12430284906486 0.0410521250896098
0.120428180040966 0.107583480267154 -0.188789213879452 0.00930225462150994
-0.0189019806993314 0.220339342111599 -0.269677541576287 -0.165134345458022
-0.268583086523679 0.0431003178496305 -0.160314756620821 -0.392513808136387
-0.0630888425395869 -0.235542309423361 0.157238078113426 -0.452881134135673
0.206473963805309 -0.13809563337746 0.255965559765864 -0.0206842689585941
0.196079712533795 -0.0971491655677554 -0.207808742574693 -0.0333511638688902
-0.0493547506025711 -0.182387784012253 -0.348516821539963 0.254666461133279
-0.165788623327009 0.00704010847293117 -0.116273752407876 0.448345762605982
-0.0116293739201231 0.0963629810402124 0.177540078413808 0.365404386490151
0.0423724631955338 0.0371639853578897 0.229988046882085 0.0947329216866018
0.0187914289311844 0.00732169199869858 0.140510482382983 -0.0145381969278784
0.00226451154383505 -0.0159896080642819 0.0699743952764029 -0.0421789667720447
0.00710191122713819 -0.0120956082973523 0.0118900947499269 -0.0117495546838608
0.0470162916477671 -0.00848229650394381 -0.0440372303317867 0.0149106949666631
0.117288947702452 0.0445317410560967 -0.0834459420283876 0.0354666650446472
0.0713293817436715 0.156736345645328 -0.134180575568753 0.0434668487145008
-0.127134897880169 0.190053865551632 -0.277448312073689 -0.101714677692359
-0.270075940465739 -0.100491307222087 -0.226680719088451 -0.41245786742358
0.0504463695222113 -0.288761927602386 0.152119716315669 -0.519587798497759
0.273711066885563 -0.103876493822347 0.21004247224944 -0.039767984488867
0.148231590368643 -0.0855262140497944 -0.216722597049433 -0.0369758448560233
-0.0476870691959801 -0.114738424124299 -0.340501003878845 0.21783313632564
-0.0912013763721569 0.032916482756561 -0.119261688368254 0.470507543210678
0.0287726390877164 0.0480359999366937 0.231970488139924 0.373707896329555
0.0297678518870235 -0.00162562157449348 0.260017882604432 0.0556125821625212
-0.00154363075986405 -0.0141386276976185 0.137934933442525 -0.0464292349411677
-0.00729093575150267 -0.0268240974272983 0.0709710721429959 -0.0503625582399375
0.0103307426854234 -0.0102863146006187 0.0215446645571051 -0.00995675013131331
0.049413096216908 0.0012518360337893 -0.0210679072405112 0.0154194545603653
0.089960635965301 0.0664858641854134 -0.040886258611308 0.0541985732263752
-0.000818827232675769 0.146508179540135 -0.117940980737241 0.0994650094557163
-0.172045404917862 0.0836553954192584 -0.331579588432282 -0.0827258278038938
-0.159940134868446 -0.196612554198117 -0.247217674808067 -0.503755113257363
0.157192453568864 -0.239037233771391 0.212018892982544 -0.585429458352906
0.264002221066777 -0.0399533697979302 0.171142874223776 -0.0675997111069394
0.109496950313118 -0.0540357367614178 -0.232342687199235 -0.0414790597637328
-0.00930720987191327 -0.0719289514558341 -0.338228909831571 0.221005679181827
-0.0334052493530628 0.00715807881303529 -0.0792649706833687 0.496850919174757
0.0200049728315657 0.00464257463454593 0.296852284778914 0.348769635199762
0.00672453815910784 -0.0132454497110836 0.279000170487977 -0.000203787130701272
-0.0110227689060934 -0.0209373496623388 0.129561547852274 -0.0829808102355236
-0.00450126167182213 -0.0275357242753771 0.06731422330844 -0.059140560258282
0.00992977617228044 -0.007029522754626 0.0243241513219855 -0.00931632776013416
0.0330471528051077 0.00544442671731732 -0.00449990233764305 0.0221461363769718
0.0384898773702078 0.0542725909036359 -0.0219241578179088 0.0829030388480969
-0.0412379989503354 0.0791430714556562 -0.141427050046154 0.131914794498787
-0.115777927101625 -0.0226809816748431 -0.381455240650857 -0.133506351793653
-0.0127877728520481 -0.168863994911011 -0.184570152867055 -0.610844045235593
0.173510358596922 -0.110056492944724 0.315411092467424 -0.610601194373715
0.167661508904782 0.0143598313364809 0.152174614671235 -0.0898536983786849
