TRXV5
3
4
4
9
string Extension=J
integer IsArchMeasurement=1
integer IsSpherical=1
string Generator=SPM
string GeneratorVersion=1.3.1 Dev
double ArchRadius=0.449999988079071
integer FrequencyAxisIndex=0
integer AzimuthAxisIndex=1
integer ElevationAxisIndex=2
Frequency
5 201 600000000 700000000 LIN
Azimuth
7 8 0 2.74889357189107 LIN
Elevation
7 15 -2.74889357189107 2.74889357189107 LIN
Polar H Real Part
13
Polar H Imaginary Part
14
Polar V Real Part
13
Polar V Imaginary Part
14
Polar H Magnitude (dB)
12 0xC0000002 0 1
Polar H Phase
7 0xC0000003 0 1
Polar V Magnitude (dB)
12 0xC0000002 2 3
Polar V Phase
7 0xC0000003 2 3
0.0220394134521484 -0.0122089385986328 -0.0467987060546875 -0.160186767578125
0.0160045623779297 0.0172395706176758 0.210525512695313 -0.100677490234375
0.0249862670898438 0.0371475219726563 0.407989501953125 0.1240234375
-0.00535202026367188 0.0452003479003906 0.360595703125 0.48419189453125
-0.0537109375 0.00902557373046876 -0.1627197265625 0.68145751953125
-0.0520439147949219 -0.0603408813476563 -0.727783203125 0.46820068359375
-0.0399665832519531 -0.0299606323242187 -0.68048095703125 0.0125122070312501
-0.0128946304321289 0.0154800415039062 0.0248336791992188 0.126754760742188
-0.00288200378417969 0.0067753791809082 0.8037109375 0.17608642578125
-0.0191898345947266 -0.0175094604492188 0.85455322265625 -0.4427490234375
-0.0368537902832031 0.000606536865234377 0.12518310546875 -0.771240234375
-0.0113849639892578 0.022186279296875 -0.407440185546875 -0.439453125
0.0150337219238281 0.0361671447753906 -0.415435791015625 -0.093170166015625
0.0256061553955078 0.0256423950195312 -0.161712646484375 0.149322509765625
0.0234947204589844 -0.0200443267822266 0.0750274658203125 0.151565551757813
0.0213794708251953 -0.01177978515625 -0.039215087890625 -0.160980224609375
0.014129638671875 0.0197563171386719 0.219207763671875 -0.0905609130859375
0.0221138000488281 0.0423088073730469 0.406494140625 0.14727783203125
-0.00926589965820312 0.0437355041503906 0.333648681640625 0.5133056640625
-0.0539970397949219 0.0034332275390625 -0.2083740234375 0.6795654296875
-0.0487709045410156 -0.0627593994140625 -0.7567138671875 0.42724609375
-0.0408706665039062 -0.0263557434082031 -0.65936279296875 -0.00604248046875009
-0.0159215927124023 0.0161294937133789 0.068939208984375 0.144882202148438
-0.00558662414550781 0.00376176834106445 0.8284912109375 0.1343994140625
-0.0207462310791016 -0.0179920196533203 0.8135986328125 -0.49163818359375
-0.0385894775390625 -0.001129150390625 0.06732177734375 -0.76568603515625
-0.0101242065429688 0.02130126953125 -0.42938232421875 -0.406707763671875
0.0144691467285156 0.0360641479492188 -0.413848876953125 -0.0667724609375001
0.0251789093017578 0.0250911712646484 -0.152862548828125 0.156448364257813
0.0218658447265625 -0.0207958221435547 0.0774078369140625 0.151763916015625
0.0189723968505859 -0.0106906890869141 -0.034393310546875 -0.161392211914063
0.0112934112548828 0.0214881896972656 0.225143432617188 -0.0791778564453125
0.0184364318847656 0.0433273315429687 0.403594970703125 0.172088623046875
-0.0129966735839844 0.0398178100585937 0.3038330078125 0.539520263671875
-0.0530853271484375 -0.00641632080078124 -0.2574462890625 0.67205810546875
-0.0372161865234375 -0.0695114135742188 -0.7840576171875 0.38543701171875
-0.0289020538330078 -0.0213413238525391 -0.63580322265625 -0.0226440429687501
-0.00469017028808594 0.02423095703125 0.110260009765625 0.160659790039063
0.00451278686523438 0.00427818298339844 0.8511962890625 0.09375
-0.0152645111083984 -0.018829345703125 0.77362060546875 -0.53656005859375
-0.0351638793945313 -0.00411224365234375 0.0137939453125 -0.75634765625
-0.0111751556396484 0.0166006088256836 -0.44732666015625 -0.373382568359375
0.0149250030517578 0.0330047607421875 -0.409698486328125 -0.0426025390624999
0.0225105285644531 0.0250434875488281 -0.144821166992188 0.163345336914063
0.0179004669189453 -0.0195522308349609 0.08154296875 0.151351928710938
0.0170755386352539 -0.00722312927246094 -0.0285186767578125 -0.158111572265625
0.00813484191894531 0.0230484008789063 0.229476928710937 -0.0683746337890625
0.0132064819335938 0.0434951782226563 0.396728515625 0.193359375
-0.0157814025878906 0.0337982177734375 0.2762451171875 0.55987548828125
-0.0487174987792969 -0.0159759521484375 -0.301025390625 0.66522216796875
-0.020172119140625 -0.0726242065429688 -0.8035888671875 0.3536376953125
-0.00247573852539063 -0.0111150741577148 -0.6180419921875 -0.0346069335937499
0.0202560424804688 0.040283203125 0.145416259765625 0.172103881835937
0.0246162414550781 0.006500244140625 0.86663818359375 0.06195068359375
-0.00472450256347656 -0.0230655670166016 0.74371337890625 -0.5693359375
-0.0332145690917969 -0.00882530212402344 -0.0231933593750001 -0.7474365234375
-0.0134134292602539 0.0125741958618164 -0.4609375 -0.349700927734375
0.0121574401855469 0.03173828125 -0.40692138671875 -0.026336669921875
0.0196342468261719 0.0242729187011719 -0.137710571289063 0.167068481445312
0.0163259506225586 -0.0175590515136719 0.0868377685546875 0.150543212890625
0.0147209167480469 -0.00593948364257813 -0.0260467529296875 -0.156478881835938
0.00454521179199219 0.0242996215820313 0.229721069335938 -0.06292724609375
0.00905609130859375 0.0426902770996094 0.3905029296875 0.20465087890625
-0.0191879272460938 0.0267620086669922 0.25738525390625 0.5711669921875
-0.0410652160644531 -0.0267410278320313 -0.32647705078125 0.6572265625
0.0022125244140625 -0.0750885009765625 -0.81561279296875 0.33233642578125
0.0289173126220703 0.00292396545410156 -0.60540771484375 -0.04241943359375
0.0532875061035156 0.0606727600097656 0.166168212890625 0.176864624023438
0.0505485534667969 0.0103340148925781 0.87542724609375 0.03955078125
0.0103359222412109 -0.0279636383056641 0.72576904296875 -0.58673095703125
-0.0295162200927734 -0.0160846710205078 -0.0448608398437501 -0.74139404296875
-0.015904426574707 0.00776195526123047 -0.47015380859375 -0.333709716796875
0.0101413726806641 0.0300636291503906 -0.40374755859375 -0.0160522460937499
0.0164165496826172 0.0244960784912109 -0.132675170898438 0.170440673828125
0.0140104293823242 -0.0146579742431641 0.0906219482421875 0.151260375976563
0.0130615234375 -0.00346755981445313 -0.0266876220703125 -0.155075073242188
0.001678466796875 0.0269813537597656 0.228775024414063 -0.0595703125
0.00539016723632812 0.0413818359375 0.38885498046875 0.210479736328125
-0.0204410552978516 0.0210952758789062 0.24798583984375 0.57318115234375
-0.0356712341308594 -0.03515625 -0.336669921875 0.65423583984375
0.0225830078125 -0.0767745971679688 -0.82061767578125 0.32733154296875
0.0645103454589844 0.0171089172363281 -0.60089111328125 -0.0457763671875
0.0895309448242188 0.0800857543945313 0.172073364257813 0.176223754882813
0.0792922973632813 0.0149993896484375 0.87774658203125 0.02874755859375
0.0261192321777344 -0.0354270935058594 0.720458984375 -0.594482421875
-0.0263633728027344 -0.0256500244140625 -0.05377197265625 -0.73870849609375
-0.0200996398925781 0.00267410278320312 -0.47198486328125 -0.32940673828125
0.00521278381347657 0.0282554626464844 -0.404083251953125 -0.0147705078125001
0.0134658813476563 0.0243663787841797 -0.1336669921875 0.171112060546875
0.0118131637573242 -0.0107698440551758 0.091522216796875 0.152252197265625
0.0124826431274414 -0.0014801025390625 -0.0286102294921875 -0.154464721679688
-0.000167846679687499 0.0264015197753906 0.225112915039062 -0.063507080078125
0.00115966796875 0.0405540466308594 0.389739990234375 0.205413818359375
-0.0213642120361328 0.015838623046875 0.2520751953125 0.5667724609375
-0.0301475524902344 -0.042816162109375 -0.3277587890625 0.655517578125
0.0416030883789062 -0.07904052734375 -0.814697265625 0.33489990234375
0.0973968505859375 0.0265731811523438 -0.60516357421875 -0.04388427734375
0.124801635742188 0.100387573242188 0.16265869140625 0.167861938476562
0.107673645019531 0.0218429565429688 0.8740234375 0.04144287109375
0.0429153442382812 -0.0391883850097656 0.733154296875 -0.58428955078125
-0.0217151641845703 -0.0325851440429688 -0.04248046875 -0.74237060546875
-0.0219497680664062 -0.00167465209960937 -0.4696044921875 -0.337188720703125
0.00137519836425782 0.0259571075439453 -0.40667724609375 -0.01983642578125
0.0113449096679688 0.0245513916015625 -0.138031005859375 0.168777465820313
0.00951385498046875 -0.00785923004150391 0.0894317626953125 0.1558837890625
0.0101079940795898 -0.00168418884277344 -0.0323333740234375 -0.154327392578125
0.00030708312988281 0.0262260437011719 0.220458984375 -0.06884765625
0.00249862670898438 0.0384101867675781 0.3880615234375 0.19293212890625
-0.0215625762939453 0.0127639770507813 0.269622802734375 0.553680419921875
-0.0272941589355469 -0.0461044311523438 -0.3011474609375 0.66143798828125
0.050750732421875 -0.082611083984375 -0.8011474609375 0.361328125
0.122848510742188 0.0308609008789063 -0.619384765625 -0.0375366210937499
0.152694702148438 0.115142822265625 0.137252807617188 0.155548095703125
0.133003234863281 0.0309524536132813 0.8638916015625 0.0589599609375
0.0574798583984375 -0.0421104431152344 0.75445556640625 -0.56390380859375
-0.0183563232421875 -0.0391197204589844 -0.0131225585937499 -0.75018310546875
-0.0253562927246094 -0.00581550598144531 -0.460906982421875 -0.358795166015625
0.000776290893554685 0.0252933502197266 -0.411163330078125 -0.034393310546875
0.0105075836181641 0.0246505737304688 -0.144012451171875 0.167495727539063
0.00973033905029297 -0.00485706329345703 0.08758544921875 0.158660888671875
0.0217952728271484 -0.0122509002685547 -0.046875 -0.158340454101563
0.0165634155273438 0.0178451538085938 0.211013793945313 -0.100677490234375
0.0244331359863281 0.0384330749511719 0.40814208984375 0.120849609375
-0.00615692138671876 0.0454902648925781 0.36199951171875 0.481689453125
-0.0526390075683594 0.00780868530273437 -0.16070556640625 0.67950439453125
-0.0534858703613281 -0.0605049133300781 -0.724365234375 0.46630859375
-0.0399055480957031 -0.028717041015625 -0.67803955078125 0.0130615234374999
-0.0122661590576172 0.015620231628418 0.023956298828125 0.123222351074219
-0.00265312194824219 0.0059967041015625 0.8011474609375 0.17266845703125
-0.0178813934326172 -0.0182170867919922 0.8480224609375 -0.44293212890625
-0.0373992919921875 0.000282287597656255 0.1231689453125 -0.768798828125
-0.0108890533447266 0.0204906463623047 -0.406768798828125 -0.43695068359375
0.0129013061523438 0.0347099304199219 -0.414459228515625 -0.0902099609375
0.0252895355224609 0.0243320465087891 -0.160888671875 0.150100708007813
0.0213508605957031 -0.0199375152587891 0.0744171142578125 0.151397705078125
0.0222835540771484 -0.0121192932128906 -0.038787841796875 -0.160568237304688
0.0149440765380859 0.0197696685791016 0.216842651367188 -0.091583251953125
0.0227813720703125 0.0407524108886719 0.406097412109375 0.144805908203125
-0.00937652587890624 0.043853759765625 0.3343505859375 0.5106201171875
-0.0544166564941406 0.00359725952148439 -0.20843505859375 0.67779541015625
-0.0498046875 -0.063507080078125 -0.75213623046875 0.42828369140625
-0.0418434143066406 -0.0264701843261719 -0.65692138671875 -0.00537109374999995
-0.0152530670166016 0.0137939453125 0.0673065185546875 0.141098022460938
-0.00608587265014648 0.00344181060791016 0.8245849609375 0.13250732421875
-0.0209293365478516 -0.0170040130615234 0.809814453125 -0.4906005859375
-0.0382347106933594 -0.00014877319335937 0.06707763671875 -0.7630615234375
-0.0107898712158203 0.0204143524169922 -0.428924560546875 -0.40216064453125
0.014892578125 0.0342731475830078 -0.41217041015625 -0.06585693359375
0.0244941711425781 0.0244712829589844 -0.152297973632813 0.157135009765625
0.0212936401367187 -0.0208168029785156 0.0778350830078125 0.150772094726563
0.0191898345947266 -0.0122833251953125 -0.032501220703125 -0.15948486328125
0.0113964080810547 0.0232086181640625 0.223175048828125 -0.0792694091796875
0.0193748474121094 0.0432777404785156 0.40020751953125 0.16912841796875
-0.0130195617675781 0.0392570495605469 0.30181884765625 0.53564453125
-0.05303955078125 -0.00563812255859376 -0.259033203125 0.6700439453125
-0.038055419921875 -0.06768798828125 -0.7791748046875 0.385986328125
-0.0287494659423828 -0.0202808380126953 -0.6346435546875 -0.0223388671874999
-0.0042877197265625 0.0239124298095703 0.110946655273437 0.158950805664063
0.00400733947753906 0.00565338134765625 0.84552001953125 0.09332275390625
-0.0152435302734375 -0.0201053619384766 0.77093505859375 -0.53515625
-0.0351238250732422 -0.00342178344726562 0.0130615234374999 -0.75341796875
-0.0110664367675781 0.0163469314575195 -0.447021484375 -0.37091064453125
0.0147190093994141 0.0315170288085938 -0.408233642578125 -0.0415649414062501
0.0208320617675781 0.0244178771972656 -0.143661499023438 0.162429809570313
0.0182838439941406 -0.0202598571777344 0.0814208984375 0.152191162109375
0.017207145690918 -0.00759983062744141 -0.029205322265625 -0.158767700195313
0.00925064086914063 0.0236186981201172 0.22747802734375 -0.0689849853515625
0.0137901306152344 0.0431175231933594 0.395782470703125 0.190826416015625
-0.0160541534423828 0.0340633392333984 0.27545166015625 0.5546875
-0.0494003295898438 -0.0158843994140625 -0.298583984375 0.66156005859375
-0.020355224609375 -0.0713272094726563 -0.8017578125 0.353515625
-0.00351095199584961 -0.00826263427734375 -0.6138916015625 -0.0345458984375
0.0204582214355469 0.0395355224609375 0.144256591796875 0.168121337890625
0.0246753692626953 0.00748252868652344 0.860107421875 0.06048583984375
-0.00526046752929687 -0.0246200561523438 0.74139404296875 -0.5684814453125
-0.0313987731933594 -0.009368896484375 -0.023681640625 -0.74560546875
-0.0139427185058594 0.0127582550048828 -0.45916748046875 -0.346282958984375
0.0116119384765625 0.03057861328125 -0.404754638671875 -0.0257263183593749
0.0186843872070313 0.0231533050537109 -0.136367797851563 0.166946411132813
0.0157070159912109 -0.0173940658569336 0.0852508544921875 0.150100708007812
0.014918327331543 -0.00492382049560547 -0.0256500244140625 -0.156341552734375
0.00536155700683594 0.0261135101318359 0.2305908203125 -0.0622100830078125
0.00848388671875 0.0429306030273437 0.39105224609375 0.204010009765625
-0.0189056396484375 0.0279827117919922 0.25640869140625 0.5660400390625
-0.0428428649902344 -0.0266456604003906 -0.32489013671875 0.6558837890625
0.00114440917968749 -0.0743408203125 -0.8126220703125 0.33172607421875
0.0280475616455078 0.00276947021484375 -0.60205078125 -0.0445556640625001
0.0525474548339844 0.0590934753417969 0.164337158203125 0.17657470703125
0.0510711669921875 0.00883102416992188 0.87005615234375 0.038818359375
0.00998497009277343 -0.0279541015625 0.72222900390625 -0.58856201171875
-0.0299873352050781 -0.0159931182861328 -0.0484619140625 -0.73797607421875
-0.0167970657348633 0.00837326049804687 -0.466766357421875 -0.33050537109375
0.0103645324707031 0.0292778015136719 -0.40283203125 -0.014190673828125
0.0173587799072266 0.0254344940185547 -0.1319580078125 0.169296264648438
0.013336181640625 -0.0149631500244141 0.0886383056640625 0.150253295898438
0.0133371353149414 -0.00163173675537109 -0.025726318359375 -0.154922485351563
0.00231170654296875 0.02618408203125 0.228363037109375 -0.0598907470703125
0.00467300415039063 0.0399856567382813 0.3876953125 0.207244873046875
-0.020660400390625 0.0202655792236328 0.2490234375 0.5704345703125
-0.0361518859863281 -0.0362052917480469 -0.33551025390625 0.6514892578125
0.0221710205078125 -0.0767364501953125 -0.8150634765625 0.3270263671875
0.0641899108886719 0.0157623291015625 -0.5985107421875 -0.0458984374999999
0.0896835327148437 0.0790176391601563 0.171951293945313 0.1739501953125
0.078826904296875 0.014190673828125 0.87451171875 0.0281982421875
0.0254840850830078 -0.0347137451171875 0.71588134765625 -0.59393310546875
-0.0262241363525391 -0.0242557525634766 -0.05450439453125 -0.735107421875
-0.0198230743408203 0.00208663940429688 -0.4705810546875 -0.325531005859375
0.00597572326660156 0.0273532867431641 -0.402984619140625 -0.0126647949218751
0.0138473510742187 0.0239963531494141 -0.133453369140625 0.169708251953125
0.0121965408325195 -0.011082649230957 0.0901336669921875 0.153060913085938
0.0103511810302734 -0.0009613037109375 -0.0273590087890625 -0.152755737304688
0.0010986328125 0.0261211395263672 0.22430419921875 -0.0624542236328125
0.00330352783203125 0.0381927490234375 0.38726806640625 0.20355224609375
-0.0211429595947266 0.0148029327392578 0.2535400390625 0.564453125
-0.0313796997070313 -0.0433311462402344 -0.32403564453125 0.65191650390625
0.0399932861328125 -0.0783615112304688 -0.8125 0.33367919921875
0.0952911376953125 0.0254898071289063 -0.603759765625 -0.0449218750000001
0.122856140136719 0.100372314453125 0.160919189453125 0.166900634765625
0.108474731445313 0.0210113525390625 0.86944580078125 0.03778076171875
0.0418968200683594 -0.0398979187011719 0.73016357421875 -0.58251953125
-0.0215549468994141 -0.0326995849609375 -0.0419921874999999 -0.7398681640625
-0.0227146148681641 -0.00351905822753906 -0.467926025390625 -0.334808349609375
0.00303840637207031 0.0259380340576172 -0.40655517578125 -0.0185852050781251
0.0118427276611328 0.0230865478515625 -0.136795043945312 0.169281005859375
0.00936222076416016 -0.00836753845214844 0.08929443359375 0.154739379882813
0.0114355087280273 -0.000368118286132813 -0.0340118408203125 -0.153457641601562
-5.91278076171881E-05 0.0250797271728516 0.22027587890625 -0.0682525634765625
0.00310897827148438 0.0379371643066406 0.38861083984375 0.18994140625
-0.0211372375488281 0.0131320953369141 0.269622802734375 0.549041748046875
-0.0275497436523437 -0.0446319580078125 -0.2991943359375 0.65899658203125
0.0502395629882813 -0.0816116333007813 -0.79876708984375 0.3583984375
0.122909545898438 0.02978515625 -0.6171875 -0.0373535156249999
0.152679443359375 0.114120483398438 0.1357421875 0.154266357421875
0.131782531738281 0.0296249389648437 0.8604736328125 0.05706787109375
0.0579414367675781 -0.0415000915527344 0.7523193359375 -0.5628662109375
-0.0177154541015625 -0.0378456115722656 -0.01495361328125 -0.7469482421875
-0.0243682861328125 -0.00555229187011719 -0.458831787109375 -0.355194091796875
-0.000526428222656249 0.0240497589111328 -0.41064453125 -0.031890869140625
0.0109329223632812 0.0247077941894531 -0.143264770507812 0.169235229492188
0.00970554351806641 -0.00541114807128906 0.0872039794921875 0.15765380859375
0.0215988159179687 -0.0127010345458984 -0.046722412109375 -0.158843994140625
0.0165386199951172 0.0192070007324219 0.210601806640625 -0.099700927734375
0.0247688293457031 0.0384063720703125 0.406951904296875 0.11981201171875
-0.00638961791992188 0.0434951782226563 0.3604736328125 0.478485107421875
-0.0527839660644531 0.00897979736328124 -0.1600341796875 0.67608642578125
-0.0528450012207031 -0.0594711303710938 -0.722412109375 0.4654541015625
-0.0411491394042969 -0.02783203125 -0.6761474609375 0.0150756835937501
-0.0132379531860352 0.0143461227416992 0.02313232421875 0.122283935546875
-0.00334835052490234 0.00711917877197266 0.7955322265625 0.1727294921875
-0.0196342468261719 -0.0162067413330078 0.845947265625 -0.4404296875
-0.0377655029296875 0.000225067138671879 0.1236572265625 -0.76458740234375
-0.0115470886230469 0.0206737518310547 -0.40557861328125 -0.434295654296875
0.0150279998779297 0.0345001220703125 -0.414886474609375 -0.0886230468749999
0.0250072479248047 0.0252208709716797 -0.161697387695312 0.14849853515625
0.0214748382568359 -0.0197486877441406 0.07281494140625 0.15130615234375
0.020660400390625 -0.0113143920898438 -0.0398406982421875 -0.159561157226562
0.0142707824707031 0.0211887359619141 0.217071533203125 -0.090362548828125
0.0236358642578125 0.0406303405761719 0.4051513671875 0.141845703125
-0.00862884521484375 0.0434417724609375 0.332977294921875 0.506072998046875
-0.0553092956542969 0.00384902954101562 -0.20733642578125 0.67437744140625
-0.0504837036132813 -0.0610122680664062 -0.74920654296875 0.4249267578125
-0.0417671203613281 -0.0267906188964844 -0.65313720703125 -0.00628662109374992
-0.0168123245239258 0.0152673721313477 0.0667877197265625 0.140228271484375
-0.00640439987182617 0.00339746475219727 0.8189697265625 0.1322021484375
-0.0222244262695313 -0.0172615051269531 0.80645751953125 -0.48919677734375
-0.0371055603027344 -0.000862121582031243 0.06591796875 -0.75909423828125
-0.0109691619873047 0.0205001831054688 -0.42779541015625 -0.403594970703125
0.0155620574951172 0.0325202941894531 -0.412445068359375 -0.06536865234375
0.0247173309326172 0.0244178771972656 -0.152862548828125 0.1556396484375
0.0190849304199219 -0.0203819274902344 0.07574462890625 0.149566650390625
0.0195178985595703 -0.010040283203125 -0.0327301025390625 -0.159530639648438
0.0110912322998047 0.0239791870117188 0.223358154296875 -0.07861328125
0.0188179016113281 0.0427207946777344 0.399871826171875 0.1666259765625
-0.0116004943847656 0.03948974609375 0.303497314453125 0.53387451171875
-0.05413818359375 -0.00674057006835937 -0.25457763671875 0.6663818359375
-0.0393753051757812 -0.0658111572265625 -0.77642822265625 0.38385009765625
-0.0288600921630859 -0.0205497741699219 -0.63153076171875 -0.0220947265625001
-0.00451087951660156 0.0238151550292969 0.109176635742188 0.15765380859375
0.00459861755371094 0.00467395782470703 0.840087890625 0.091796875
-0.0160846710205078 -0.0194892883300781 0.76824951171875 -0.53338623046875
-0.0353546142578125 -0.00356292724609375 0.013671875 -0.7532958984375
-0.0108203887939453 0.0167951583862305 -0.445587158203125 -0.371002197265625
0.0140533447265625 0.0327816009521484 -0.407989501953125 -0.041961669921875
0.0231075286865234 0.0236682891845703 -0.14276123046875 0.163330078125
0.0154361724853516 -0.0200443267822266 0.0808563232421875 0.151840209960938
0.0167732238769531 -0.0085601806640625 -0.028167724609375 -0.157150268554688
0.00868415832519531 0.0242347717285156 0.228271484375 -0.0688018798828125
0.0138740539550781 0.0426673889160156 0.394256591796875 0.18841552734375
-0.0164756774902344 0.0343036651611328 0.274261474609375 0.551849365234375
-0.0499649047851563 -0.0166015625 -0.29766845703125 0.65875244140625
-0.0217514038085938 -0.0701065063476563 -0.7977294921875 0.35235595703125
-0.00504589080810547 -0.00950336456298828 -0.61065673828125 -0.0364990234375
0.0197906494140625 0.0391120910644531 0.141921997070313 0.168045043945312
0.0241432189941406 0.00601005554199219 0.8575439453125 0.0592041015625
-0.00467491149902344 -0.0228195190429688 0.73681640625 -0.5682373046875
-0.0330028533935547 -0.00862503051757813 -0.0247802734375 -0.742919921875
-0.0129051208496094 0.0117702484130859 -0.460540771484375 -0.34393310546875
0.0133514404296875 0.0313987731933594 -0.40509033203125 -0.0241699218749999
0.0184650421142578 0.0237522125244141 -0.13616943359375 0.167144775390625
0.01409912109375 -0.0177650451660156 0.085418701171875 0.151046752929688
0.0145015716552734 -0.00509357452392578 -0.026763916015625 -0.155654907226563
0.005035400390625 0.0263538360595703 0.227920532226563 -0.061737060546875
0.0095672607421875 0.0411453247070313 0.390289306640625 0.202178955078125
-0.0191192626953125 0.0258331298828125 0.25640869140625 0.564453125
-0.0417327880859375 -0.0271987915039062 -0.32489013671875 0.65252685546875
-0.000686645507812503 -0.074127197265625 -0.8096923828125 0.33251953125
0.0269317626953125 0.00404548645019531 -0.59942626953125 -0.04254150390625
0.0525131225585938 0.0590248107910156 0.162567138671875 0.173934936523438
0.0506820678710938 0.0101547241210938 0.866943359375 0.0355224609375
0.00969314575195313 -0.0281085968017578 0.7188720703125 -0.58489990234375
-0.0304832458496094 -0.0169391632080078 -0.046630859375 -0.73626708984375
-0.014988899230957 0.00738716125488281 -0.46563720703125 -0.33056640625
0.0103073120117188 0.0286464691162109 -0.403045654296875 -0.013427734375
0.0176944732666016 0.0237655639648438 -0.132720947265625 0.168991088867188
0.0127592086791992 -0.0134592056274414 0.0884857177734375 0.151748657226563
0.0132570266723633 -0.00337696075439453 -0.0253753662109375 -0.154678344726563
0.00366973876953125 0.0267181396484375 0.228195190429688 -0.0598907470703125
0.00658416748046875 0.0405006408691406 0.386962890625 0.205535888671875
-0.0209178924560547 0.0200996398925781 0.24969482421875 0.56732177734375
-0.0363693237304688 -0.0366668701171875 -0.33453369140625 0.6488037109375
0.02008056640625 -0.0758132934570313 -0.81243896484375 0.32568359375
0.063446044921875 0.0169296264648437 -0.59490966796875 -0.04620361328125
0.0872039794921875 0.0790023803710938 0.170028686523438 0.171951293945313
0.0786361694335938 0.0150833129882813 0.8685302734375 0.0291748046875
0.02484130859375 -0.0343036651611328 0.7138671875 -0.59197998046875
-0.0262012481689453 -0.0251312255859375 -0.05487060546875 -0.7342529296875
-0.0200634002685547 0.00250816345214844 -0.46893310546875 -0.32501220703125
0.00598716735839844 0.0276584625244141 -0.40277099609375 -0.01092529296875
0.0142593383789063 0.0236244201660156 -0.13238525390625 0.171539306640625
0.0107717514038086 -0.00967788696289063 0.0897064208984375 0.152725219726563
0.0110130310058594 -0.0018768310546875 -0.0281524658203125 -0.153594970703125
0.000637054443359375 0.0292205810546875 0.225311279296875 -0.061767578125
0.00342941284179688 0.0389556884765625 0.3873291015625 0.2008056640625
-0.0213146209716797 0.0149860382080078 0.252838134765625 0.56201171875
-0.0308418273925781 -0.0423545837402344 -0.32440185546875 0.65167236328125
0.0402145385742188 -0.0779037475585938 -0.807861328125 0.33380126953125
0.0953369140625 0.0264892578125 -0.60113525390625 -0.04486083984375
0.122520446777344 0.099365234375 0.159927368164063 0.165252685546875
0.107231140136719 0.0209732055664063 0.86407470703125 0.03753662109375
0.0417251586914063 -0.0390663146972656 0.7244873046875 -0.58197021484375
-0.0222415924072266 -0.0326461791992188 -0.04193115234375 -0.73736572265625
-0.0226192474365234 -0.0031280517578125 -0.46685791015625 -0.332733154296875
0.00212669372558594 0.0255279541015625 -0.40655517578125 -0.0169982910156251
0.0114002227783203 0.0243682861328125 -0.13653564453125 0.169662475585937
0.0086979866027832 -0.00795459747314453 0.08929443359375 0.155349731445313
0.0114240646362305 -0.00205039978027344 -0.0327301025390625 -0.151626586914063
0.000452041625976562 0.0264930725097656 0.218963623046875 -0.0676422119140625
0.0026397705078125 0.0374870300292969 0.387237548828125 0.187286376953125
-0.0217781066894531 0.0129737854003906 0.267974853515625 0.547332763671875
-0.0274391174316406 -0.0460128784179687 -0.2979736328125 0.6571044921875
0.0493392944335938 -0.0801620483398438 -0.7933349609375 0.35687255859375
0.121177673339844 0.0297698974609375 -0.6142578125 -0.0367431640624999
0.15203857421875 0.113265991210937 0.13433837890625 0.152694702148438
0.131546020507813 0.0299835205078125 0.85394287109375 0.05670166015625
0.0562057495117188 -0.0411262512207031 0.74835205078125 -0.5618896484375
-0.0178451538085938 -0.0385627746582031 -0.0145263671875001 -0.7452392578125
-0.0238399505615234 -0.00742721557617188 -0.458740234375 -0.352447509765625
0.000106811523437502 0.0241413116455078 -0.410003662109375 -0.03192138671875
0.0104427337646484 0.0243492126464844 -0.14306640625 0.166366577148437
0.00881099700927734 -0.00443077087402344 0.0873260498046875 0.156723022460938
0.0207386016845703 -0.0121631622314453 -0.0468292236328125 -0.1585693359375
0.0173740386962891 0.0188102722167969 0.210159301757812 -0.0988616943359375
0.0266838073730469 0.0383148193359375 0.405731201171875 0.117523193359375
-0.00703811645507813 0.0436248779296875 0.359130859375 0.47637939453125
-0.0539016723632813 0.00843811035156249 -0.1600341796875 0.675048828125
-0.0546226501464844 -0.0590744018554688 -0.72198486328125 0.46368408203125
-0.0415115356445312 -0.0281715393066406 -0.6754150390625 0.0133056640625001
-0.0136747360229492 0.0147457122802734 0.0212478637695313 0.121253967285156
-0.00368213653564453 0.00634384155273438 0.79339599609375 0.17059326171875
-0.0198078155517578 -0.0175304412841797 0.845703125 -0.44000244140625
-0.036773681640625 1.52587890625007E-05 0.12420654296875 -0.76446533203125
-0.0103874206542969 0.0212860107421875 -0.405120849609375 -0.434906005859375
0.0143623352050781 0.0332927703857422 -0.415191650390625 -0.0887451171874999
0.0258750915527344 0.0247116088867188 -0.161209106445313 0.149627685546875
0.0210227966308594 -0.0187110900878906 0.07293701171875 0.152053833007813
0.0208454132080078 -0.0106163024902344 -0.039337158203125 -0.158706665039063
0.0157070159912109 0.0218582153320313 0.218093872070312 -0.0892181396484375
0.0235061645507813 0.0403671264648438 0.40447998046875 0.141143798828125
-0.009002685546875 0.0428199768066406 0.331939697265625 0.50579833984375
-0.0557632446289063 0.00288391113281251 -0.207763671875 0.67230224609375
-0.0516319274902344 -0.06182861328125 -0.74884033203125 0.423828125
-0.0427322387695313 -0.0254096984863281 -0.65179443359375 -0.00701904296874991
-0.016749382019043 0.0133781433105469 0.065887451171875 0.139595031738281
-0.00618696212768555 0.00327014923095703 0.8170166015625 0.13226318359375
-0.0219192504882812 -0.0166072845458984 0.80584716796875 -0.4864501953125
-0.0375633239746094 -0.000366210937500004 0.06768798828125 -0.7578125
-0.00842475891113281 0.0202751159667969 -0.426055908203125 -0.40283203125
0.0154438018798828 0.0327033996582031 -0.41265869140625 -0.064056396484375
0.0248622894287109 0.0238666534423828 -0.152252197265625 0.156845092773437
0.0200958251953125 -0.0207252502441406 0.075958251953125 0.151962280273437
0.0190181732177734 -0.0102252960205078 -0.03289794921875 -0.15838623046875
0.0121746063232422 0.0232925415039063 0.22344970703125 -0.078155517578125
0.019561767578125 0.0411453247070313 0.39849853515625 0.164947509765625
-0.0135841369628906 0.0381584167480469 0.301483154296875 0.53179931640625
-0.0542755126953125 -0.00629043579101562 -0.2574462890625 0.6641845703125
-0.0389137268066406 -0.0663375854492188 -0.77508544921875 0.38427734375
-0.0289020538330078 -0.0204982757568359 -0.62921142578125 -0.0249633789062499
-0.00418853759765625 0.0240402221679688 0.108444213867188 0.15521240234375
0.0035092830657959 0.00356483459472656 0.8385009765625 0.09326171875
-0.0172443389892578 -0.0194110870361328 0.76739501953125 -0.53216552734375
-0.0369224548339844 -0.00282669067382812 0.0131225585937501 -0.74871826171875
-0.0105218887329102 0.0171375274658203 -0.4447021484375 -0.370513916015625
0.0151081085205078 0.0319328308105469 -0.408050537109375 -0.0405578613281251
0.0231723785400391 0.0236701965332031 -0.14471435546875 0.162887573242188
0.0159320831298828 -0.021026611328125 0.0800628662109375 0.152252197265625
0.015955924987793 -0.00793838500976563 -0.02880859375 -0.15643310546875
0.009307861328125 0.0256576538085938 0.228179931640625 -0.0690765380859375
0.0143051147460938 0.0425186157226563 0.394195556640625 0.187774658203125
-0.0169448852539063 0.0330181121826172 0.27545166015625 0.54998779296875
-0.0498619079589844 -0.0166702270507812 -0.29901123046875 0.6568603515625
-0.0221710205078125 -0.0708541870117188 -0.79486083984375 0.351318359375
-0.00382328033447266 -0.0107765197753906 -0.60888671875 -0.0358886718750001
0.0196113586425781 0.038177490234375 0.141525268554688 0.166610717773437
0.0232906341552734 0.00523757934570313 0.853271484375 0.06048583984375
-0.00375938415527344 -0.0228099822998047 0.73553466796875 -0.56512451171875
-0.0324249267578125 -0.00777435302734375 -0.0241088867187499 -0.7420654296875
-0.0127029418945313 0.0118808746337891 -0.45831298828125 -0.345367431640625
0.0127639770507812 0.0304737091064453 -0.40521240234375 -0.0231628417968751
0.0200157165527344 0.0221023559570313 -0.135940551757812 0.167510986328125
0.0139741897583008 -0.0167350769042969 0.0837860107421875 0.151382446289063
0.0145845413208008 -0.00494098663330078 -0.025360107421875 -0.154388427734375
0.00628089904785156 0.0265007019042969 0.229080200195313 -0.0623016357421875
0.00983810424804688 0.0413131713867188 0.388702392578125 0.20037841796875
-0.0186100006103516 0.0268726348876953 0.25592041015625 0.5625
-0.0427742004394531 -0.0278053283691406 -0.3238525390625 0.6517333984375
-0.00103759765624999 -0.0729293823242188 -0.80816650390625 0.33013916015625
0.0275783538818359 0.00256729125976563 -0.59771728515625 -0.0437011718749999
0.0516586303710938 0.0583610534667969 0.161453247070313 0.172561645507813
0.050537109375 0.00955963134765625 0.86383056640625 0.0404052734375
0.00912094116210937 -0.0287094116210937 0.71759033203125 -0.585205078125
-0.0297012329101563 -0.0161323547363281 -0.0460205078124999 -0.7353515625
-0.0156478881835938 0.00779056549072266 -0.465789794921875 -0.32904052734375
0.0101032257080078 0.0279674530029297 -0.404327392578125 -0.01300048828125
0.0169029235839844 0.0235328674316406 -0.132476806640625 0.169769287109375
0.0119199752807617 -0.0136079788208008 0.086761474609375 0.152664184570313
0.0121974945068359 -0.00424003601074219 -0.025848388671875 -0.153350830078125
0.00376129150390625 0.0276393890380859 0.228164672851563 -0.0599517822265625
0.00597000122070312 0.0407981872558594 0.387664794921875 0.205230712890625
-0.0208492279052734 0.0196914672851562 0.24822998046875 0.56585693359375
-0.0368118286132813 -0.0373764038085938 -0.33343505859375 0.6478271484375
0.0204620361328125 -0.0753707885742188 -0.8106689453125 0.32476806640625
0.062042236328125 0.0160369873046875 -0.593505859375 -0.04705810546875
0.0872726440429688 0.079437255859375 0.168167114257813 0.17138671875
0.0779037475585938 0.0150146484375 0.86651611328125 0.02960205078125
0.024810791015625 -0.0336666107177734 0.7130126953125 -0.5909423828125
-0.026214599609375 -0.0242652893066406 -0.05316162109375 -0.7318115234375
-0.0184326171875 0.0017852783203125 -0.467071533203125 -0.32476806640625
0.00570106506347656 0.0271644592285156 -0.402587890625 -0.01068115234375
0.0146617889404297 0.0235004425048828 -0.1319580078125 0.17047119140625
0.00939083099365234 -0.0103168487548828 0.0888671875 0.153579711914063
0.0112590789794922 -0.000956535339355469 -0.0284881591796875 -0.152801513671875
0.00122261047363281 0.0278072357177734 0.225112915039063 -0.0616455078125
0.0030364990234375 0.0385360717773438 0.385955810546875 0.20037841796875
-0.0214138031005859 0.0148029327392578 0.253082275390625 0.55963134765625
-0.0309982299804688 -0.04266357421875 -0.32598876953125 0.64886474609375
0.0375823974609375 -0.0771865844726563 -0.80682373046875 0.33172607421875
0.0956573486328125 0.0260009765625 -0.59893798828125 -0.0457763671874999
0.122650146484375 0.0982284545898438 0.158309936523438 0.165130615234375
0.107864379882813 0.0210342407226563 0.86224365234375 0.0384521484375
0.0421066284179688 -0.0386543273925781 0.7239990234375 -0.580322265625
-0.0227375030517578 -0.0314044952392578 -0.0400390625 -0.73565673828125
-0.0218563079833984 -0.00298690795898437 -0.4659423828125 -0.332275390625
0.00325202941894532 0.0258350372314453 -0.4044189453125 -0.0171508789062499
0.0120983123779297 0.0247268676757813 -0.136505126953125 0.16998291015625
0.00845718383789063 -0.00737190246582031 0.0883636474609375 0.154861450195313
0.0100078582763672 -0.000887870788574219 -0.031280517578125 -0.150650024414063
0.000802993774414062 0.0271167755126953 0.220474243164063 -0.067840576171875
0.002593994140625 0.0368614196777344 0.38690185546875 0.185089111328125
-0.0205230712890625 0.0121860504150391 0.269378662109375 0.546539306640625
-0.0277519226074219 -0.0465354919433594 -0.29766845703125 0.65399169921875
0.0474853515625 -0.0798492431640625 -0.7923583984375 0.35699462890625
0.121650695800781 0.0307159423828125 -0.6123046875 -0.0400390625
0.151779174804688 0.1126708984375 0.132553100585938 0.151687622070313
0.131614685058594 0.0303726196289063 0.85302734375 0.0576171875
0.0565223693847656 -0.0412254333496094 0.74798583984375 -0.56072998046875
-0.0180320739746094 -0.0383071899414062 -0.01568603515625 -0.7425537109375
-0.0233612060546875 -0.00709342956542968 -0.45831298828125 -0.352386474609375
0.000715255737304688 0.0238895416259766 -0.4102783203125 -0.030242919921875
0.0117149353027344 0.0246982574462891 -0.143295288085937 0.1671142578125
0.00876569747924805 -0.00546789169311523 0.087310791015625 0.158432006835938
0.0207748413085938 -0.0122623443603516 -0.045654296875 -0.157440185546875
0.0182971954345703 0.0196189880371094 0.209686279296875 -0.0978240966796875
0.0261917114257813 0.0378379821777344 0.405792236328125 0.1181640625
-0.00682830810546875 0.0415802001953125 0.359832763671875 0.4783935546875
-0.0549468994140625 0.00910568237304688 -0.16229248046875 0.6734619140625
-0.0547866821289063 -0.0584487915039062 -0.72027587890625 0.4625244140625
-0.0436019897460938 -0.0276985168457031 -0.6751708984375 0.0108642578124999
-0.013885498046875 0.0150766372680664 0.0228500366210938 0.120819091796875
-0.00394964218139649 0.00596094131469727 0.7919921875 0.17266845703125
-0.0199432373046875 -0.0167427062988281 0.84625244140625 -0.44073486328125
-0.038726806640625 -0.000690460205078127 0.12628173828125 -0.76416015625
-0.0107078552246094 0.0198211669921875 -0.4053955078125 -0.434356689453125
0.0135307312011719 0.0326175689697266 -0.416961669921875 -0.088592529296875
0.0250396728515625 0.0236358642578125 -0.162139892578125 0.150527954101563
0.0205554962158203 -0.0195350646972656 0.0719451904296875 0.153076171875
0.0212020874023438 -0.0115680694580078 -0.03912353515625 -0.157363891601563
0.0151157379150391 0.0222854614257813 0.218002319335938 -0.0874786376953125
0.0235214233398438 0.0406112670898438 0.40399169921875 0.141021728515625
-0.0098876953125 0.0425872802734375 0.33074951171875 0.504730224609375
-0.0544700622558594 0.00384902954101562 -0.20916748046875 0.67236328125
-0.0528335571289062 -0.0610771179199219 -0.74835205078125 0.42205810546875
-0.0421104431152344 -0.0256919860839844 -0.6517333984375 -0.00732421875000011
-0.0178642272949219 0.0155601501464844 0.0641326904296875 0.138381958007812
-0.0072174072265625 0.00365829467773437 0.81524658203125 0.13421630859375
-0.0225963592529297 -0.017669677734375 0.806640625 -0.4864501953125
-0.0379447937011719 0.00118637084960938 0.0682373046875001 -0.75946044921875
-0.00934982299804688 0.0201778411865234 -0.426116943359375 -0.402130126953125
0.0157241821289063 0.0321121215820313 -0.413787841796875 -0.0638427734375001
0.0239830017089844 0.0241928100585938 -0.153579711914063 0.156814575195313
0.0182895660400391 -0.0202922821044922 0.074981689453125 0.1531982421875
0.0191574096679688 -0.0100383758544922 -0.0334930419921875 -0.156906127929688
0.0115909576416016 0.0249443054199219 0.224899291992188 -0.0781402587890625
0.0196952819824219 0.0417976379394531 0.399261474609375 0.165771484375
-0.0136680603027344 0.0386505126953125 0.302032470703125 0.531707763671875
-0.0531349182128906 -0.00534820556640626 -0.25909423828125 0.66455078125
-0.0404701232910156 -0.0664138793945313 -0.7772216796875 0.3814697265625
-0.0293712615966797 -0.0200271606445313 -0.62799072265625 -0.0260620117187499
-0.00564002990722656 0.02264404296875 0.1063232421875 0.155624389648437
0.00474691390991211 0.00376796722412109 0.837158203125 0.091552734375
-0.0170726776123047 -0.0180683135986328 0.7666015625 -0.5316162109375
-0.0360450744628906 -0.00265884399414062 0.014892578125 -0.7506103515625
-0.00943374633789062 0.0160140991210937 -0.444549560546875 -0.370147705078125
0.0150146484375 0.0318412780761719 -0.408050537109375 -0.039794921875
0.0220623016357422 0.0238933563232422 -0.145126342773438 0.163116455078125
0.0161819458007813 -0.0189990997314453 0.079559326171875 0.15313720703125
0.0165328979492188 -0.00828075408935547 -0.026763916015625 -0.156463623046875
0.00947761535644531 0.026580810546875 0.22796630859375 -0.06805419921875
0.0146827697753906 0.0417251586914063 0.394500732421875 0.186309814453125
-0.0168323516845703 0.0319442749023438 0.27496337890625 0.5491943359375
-0.0485420227050781 -0.0175552368164062 -0.29931640625 0.655029296875
-0.0240669250488281 -0.0694961547851562 -0.796630859375 0.3485107421875
-0.00402641296386719 -0.00976753234863281 -0.60882568359375 -0.03631591796875
0.0183944702148438 0.0395240783691406 0.140655517578125 0.167221069335938
0.0241641998291016 0.00613021850585938 0.853515625 0.05926513671875
-0.00599288940429688 -0.0227222442626953 0.73736572265625 -0.5665283203125
-0.0327892303466797 -0.00891304016113282 -0.02203369140625 -0.74273681640625
-0.0118551254272461 0.0115642547607422 -0.458343505859375 -0.345611572265625
0.0132198333740234 0.0295124053955078 -0.40655517578125 -0.022979736328125
0.0198478698730469 0.0225467681884766 -0.136947631835938 0.167816162109375
0.0136928558349609 -0.0175800323486328 0.0841064453125 0.15234375
0.0127115249633789 -0.00603008270263672 -0.0266876220703125 -0.153228759765625
0.00567245483398438 0.0270156860351563 0.229537963867188 -0.061859130859375
0.00993728637695313 0.0409622192382813 0.389923095703125 0.20062255859375
-0.0193729400634766 0.0261573791503906 0.255889892578125 0.561737060546875
-0.0434989929199219 -0.0264892578125 -0.32586669921875 0.65093994140625
-0.00202178955078126 -0.07305908203125 -0.8072509765625 0.32843017578125
0.0274028778076172 0.00331497192382813 -0.597412109375 -0.04559326171875
0.0528030395507812 0.0583343505859375 0.1610107421875 0.17266845703125
0.0491256713867188 0.010345458984375 0.860595703125 0.039306640625
0.00938224792480469 -0.0286960601806641 0.71868896484375 -0.5849609375
-0.0294284820556641 -0.0149440765380859 -0.04486083984375 -0.73516845703125
-0.0146389007568359 0.00721263885498047 -0.4647216796875 -0.329071044921875
0.00922775268554687 0.0285892486572266 -0.403045654296875 -0.01300048828125
0.0171966552734375 0.023529052734375 -0.133880615234375 0.17034912109375
0.0103549957275391 -0.0128879547119141 0.0870513916015625 0.151260375976563
0.0133523941040039 -0.00312709808349609 -0.025482177734375 -0.152801513671875
0.00391578674316406 0.0288887023925781 0.22955322265625 -0.0581817626953125
0.00760269165039062 0.040679931640625 0.3878173828125 0.203582763671875
-0.0201930999755859 0.01922607421875 0.24798583984375 0.56549072265625
-0.0370559692382813 -0.0369606018066406 -0.33526611328125 0.64849853515625
0.0188140869140625 -0.07464599609375 -0.81256103515625 0.32275390625
0.0623054504394531 0.0166435241699219 -0.59283447265625 -0.0477294921875001
0.0865325927734375 0.0785446166992188 0.16644287109375 0.170974731445313
0.0783843994140625 0.0138015747070313 0.8641357421875 0.0308837890625
0.0241985321044922 -0.0335254669189453 0.71441650390625 -0.58953857421875
-0.0265102386474609 -0.0249156951904297 -0.0521240234375001 -0.73370361328125
-0.0194263458251953 0.00174713134765625 -0.467376708984375 -0.326568603515625
0.00676536560058594 0.0261478424072266 -0.404510498046875 -0.012176513671875
0.0149440765380859 0.0232009887695312 -0.133209228515625 0.170501708984375
0.00938606262207031 -0.0111885070800781 0.0881805419921875 0.154754638671875
0.0107421875 -0.00212860107421875 -0.0275115966796875 -0.151748657226563
0.00164031982421875 0.0282382965087891 0.224609375 -0.0595703125
0.0042266845703125 0.0382499694824219 0.38690185546875 0.201141357421875
-0.0230236053466797 0.0142250061035156 0.250762939453125 0.559326171875
-0.03192138671875 -0.0431098937988281 -0.32745361328125 0.64837646484375
0.0382308959960938 -0.076446533203125 -0.807861328125 0.33074951171875
0.0955276489257813 0.02691650390625 -0.59759521484375 -0.04632568359375
0.121910095214844 0.0976333618164063 0.157058715820313 0.164459228515625
0.106376647949219 0.0221023559570313 0.86065673828125 0.0399169921875
0.0407752990722656 -0.0390434265136719 0.7249755859375 -0.57916259765625
-0.0219268798828125 -0.0316429138183594 -0.040771484375 -0.7353515625
-0.0215435028076172 -0.003265380859375 -0.465850830078125 -0.3341064453125
0.00341987609863281 0.0249176025390625 -0.407806396484375 -0.0164184570312499
0.0115451812744141 0.0234203338623047 -0.137100219726563 0.170257568359375
0.00801753997802734 -0.0073542594909668 0.0885467529296875 0.15606689453125
0.0102224349975586 -0.000440597534179687 -0.030426025390625 -0.151687622070313
0.00191116333007812 0.0269660949707031 0.22149658203125 -0.0673370361328125
0.00381088256835938 0.0356330871582031 0.38739013671875 0.18511962890625
-0.0227222442626953 0.011505126953125 0.267852783203125 0.545867919921875
-0.0290641784667969 -0.0460128784179688 -0.29974365234375 0.6551513671875
0.0476608276367187 -0.0797348022460938 -0.79296875 0.3548583984375
0.119758605957031 0.0306167602539063 -0.61016845703125 -0.03961181640625
0.150192260742188 0.113494873046875 0.131423950195313 0.151412963867188
0.132080078125 0.029754638671875 0.85076904296875 0.05731201171875
0.0570793151855469 -0.041229248046875 0.7476806640625 -0.56158447265625
-0.0177383422851563 -0.0379486083984375 -0.01324462890625 -0.7427978515625
-0.0232486724853516 -0.00590705871582031 -0.456756591796875 -0.35211181640625
0.000934600830078126 0.0233306884765625 -0.411865234375 -0.0316772460937499
0.0111351013183594 0.0236167907714844 -0.14263916015625 0.167755126953125
0.00836467742919922 -0.00397205352783203 0.0863800048828125 0.158615112304688
0.0216083526611328 -0.0118522644042969 -0.0451507568359375 -0.157119750976563
0.0192642211914063 0.0201072692871094 0.212432861328125 -0.09930419921875
0.0264739990234375 0.0382232666015625 0.406890869140625 0.1180419921875
-0.00802993774414062 0.0417442321777344 0.358917236328125 0.476348876953125
-0.0540771484375 0.00742721557617188 -0.1632080078125 0.674560546875
-0.0560455322265625 -0.0585556030273438 -0.7236328125 0.4615478515625
-0.0431861877441406 -0.0274391174316406 -0.67498779296875 0.00946044921874988
-0.0143680572509766 0.0139923095703125 0.0196380615234375 0.119667053222656
-0.00424528121948242 0.00522375106811523 0.7906494140625 0.17510986328125
-0.0201950073242187 -0.0174026489257813 0.84881591796875 -0.4375
-0.0376014709472656 -0.000732421874999995 0.12677001953125 -0.76727294921875
-0.00960922241210938 0.02069091796875 -0.404937744140625 -0.435546875
0.0155963897705078 0.0335121154785156 -0.41680908203125 -0.08795166015625
0.0267467498779297 0.0249595642089844 -0.162460327148438 0.150527954101563
0.0203094482421875 -0.0181560516357422 0.0715484619140625 0.15423583984375
0.0205898284912109 -0.0111598968505859 -0.038330078125 -0.159637451171875
0.0162868499755859 0.0217361450195313 0.219253540039062 -0.0889739990234375
0.0244064331054688 0.0406303405761719 0.405975341796875 0.14215087890625
-0.0107192993164062 0.0421524047851563 0.331878662109375 0.504425048828125
-0.0562171936035156 0.00229644775390625 -0.2100830078125 0.671142578125
-0.0532150268554688 -0.0606498718261719 -0.75177001953125 0.42279052734375
-0.0436172485351563 -0.0249977111816406 -0.65264892578125 -0.01055908203125
-0.0173864364624023 0.0134162902832031 0.0645980834960937 0.137382507324219
-0.00637912750244141 0.00166034698486328 0.81573486328125 0.13604736328125
-0.0221748352050781 -0.0174217224121094 0.8056640625 -0.487060546875
-0.0374412536621094 0.000423431396484378 0.0692138671874999 -0.76043701171875
-0.0100116729736328 0.0188465118408203 -0.427581787109375 -0.403076171875
0.0158348083496094 0.0330410003662109 -0.4161376953125 -0.0650634765625001
0.025054931640625 0.0241489410400391 -0.152984619140625 0.157638549804687
0.0174102783203125 -0.0205745697021484 0.0745849609375 0.152389526367188
0.0191669464111328 -0.0104866027832031 -0.0325469970703125 -0.15692138671875
0.0145015716552734 0.0247440338134766 0.225326538085938 -0.0766754150390625
0.0196342468261719 0.0419235229492188 0.39971923828125 0.164886474609375
-0.01409912109375 0.0371742248535156 0.301483154296875 0.53179931640625
-0.0550994873046875 -0.00674438476562501 -0.25982666015625 0.66412353515625
-0.0430450439453125 -0.0649948120117188 -0.77886962890625 0.3807373046875
-0.0306148529052734 -0.0199184417724609 -0.628662109375 -0.0277709960937501
-0.00394439697265625 0.0215835571289062 0.106094360351563 0.154388427734375
0.00355339050292969 0.00280213356018066 0.83612060546875 0.09503173828125
-0.016357421875 -0.0188808441162109 0.77044677734375 -0.53033447265625
-0.0361251831054688 -0.00320816040039062 0.0168457031249999 -0.75006103515625
-0.0106220245361328 0.0172853469848633 -0.444244384765625 -0.372314453125
0.0154972076416016 0.0315227508544922 -0.410919189453125 -0.0416564941406249
0.0238571166992188 0.0233078002929688 -0.145309448242188 0.164169311523438
0.0158710479736328 -0.0191497802734375 0.078155517578125 0.153732299804688
0.0161104202270508 -0.00662326812744141 -0.0267181396484375 -0.155563354492188
0.0100536346435547 0.0263442993164063 0.230194091796875 -0.0663299560546875
0.0142707824707031 0.0426864624023437 0.394927978515625 0.186981201171875
-0.0160484313964844 0.0337257385253906 0.2728271484375 0.5526123046875
-0.0498924255371094 -0.0178565979003906 -0.30096435546875 0.65704345703125
-0.0255279541015625 -0.0703506469726563 -0.798095703125 0.34857177734375
-0.00567626953125 -0.00845813751220703 -0.60943603515625 -0.0408325195312501
0.0193634033203125 0.0379791259765625 0.13836669921875 0.166961669921875
0.0242786407470703 0.00505638122558594 0.85357666015625 0.0611572265625
-0.00493049621582031 -0.0231399536132813 0.73809814453125 -0.56573486328125
-0.0332279205322266 -0.00905036926269531 -0.0203857421875001 -0.7421875
-0.011988639831543 0.010986328125 -0.45745849609375 -0.345672607421875
0.0130863189697266 0.0297927856445313 -0.407806396484375 -0.0220642089843749
0.0206394195556641 0.0233783721923828 -0.1383056640625 0.16802978515625
0.0123300552368164 -0.0164384841918945 0.08404541015625 0.153610229492188
0.0141830444335938 -0.00417137145996094 -0.0254364013671875 -0.15313720703125
0.00671577453613281 0.0270938873291016 0.231414794921875 -0.0612945556640625
0.0098876953125 0.0410232543945313 0.390838623046875 0.198577880859375
-0.0202541351318359 0.0254859924316406 0.256011962890625 0.561614990234375
-0.0441970825195313 -0.028564453125 -0.32952880859375 0.65216064453125
-0.00315856933593749 -0.0722274780273437 -0.81060791015625 0.32757568359375
0.0273799896240234 0.00468635559082031 -0.597412109375 -0.0494384765625001
0.0520820617675781 0.0575599670410156 0.158966064453125 0.171493530273438
0.0498466491699219 0.00954437255859375 0.86212158203125 0.04052734375
0.00946807861328125 -0.0293846130371094 0.7210693359375 -0.58367919921875
-0.0300197601318359 -0.0161685943603516 -0.044677734375 -0.736328125
-0.0156316757202148 0.00685691833496094 -0.46588134765625 -0.33056640625
0.00870513916015625 0.0288276672363281 -0.405792236328125 -0.0130004882812499
0.0177993774414063 0.0238838195800781 -0.133453369140625 0.171218872070313
0.00932788848876953 -0.0139665603637695 0.0881195068359375 0.15386962890625
0.0123081207275391 -0.00333499908447266 -0.0244293212890625 -0.152389526367188
0.0032806396484375 0.0288925170898438 0.230911254882813 -0.0589752197265625
0.00658798217773437 0.0393257141113281 0.388580322265625 0.204010009765625
-0.0203647613525391 0.0197696685791016 0.248291015625 0.5653076171875
-0.0374679565429688 -0.0373268127441406 -0.3372802734375 0.64862060546875
0.0186996459960937 -0.0732269287109375 -0.81317138671875 0.322021484375
0.0619316101074219 0.0171699523925781 -0.59332275390625 -0.0511474609375001
0.088043212890625 0.0790252685546875 0.165069580078125 0.171829223632813
0.0779342651367187 0.0138473510742187 0.86505126953125 0.03265380859375
0.0254745483398438 -0.0341434478759766 0.7154541015625 -0.5892333984375
-0.02667236328125 -0.0248222351074219 -0.051025390625 -0.73614501953125
-0.0187129974365234 0.00249290466308594 -0.468963623046875 -0.327484130859375
0.00730133056640625 0.0261783599853516 -0.406097412109375 -0.0114440917968749
0.0135765075683594 0.0235843658447266 -0.133804321289063 0.171783447265625
0.00884151458740234 -0.0103044509887695 0.08770751953125 0.1551513671875
0.0117921829223633 -0.00221824645996094 -0.027008056640625 -0.151702880859375
0.00211334228515625 0.0284423828125 0.227706909179687 -0.061004638671875
0.0036163330078125 0.0385208129882813 0.387786865234375 0.19915771484375
-0.0220203399658203 0.0144195556640625 0.2496337890625 0.5589599609375
-0.0318374633789063 -0.0435371398925781 -0.32867431640625 0.6510009765625
0.0375595092773438 -0.0770721435546875 -0.80877685546875 0.33026123046875
0.0936279296875 0.028350830078125 -0.5982666015625 -0.0482788085937499
0.122077941894531 0.098724365234375 0.155059814453125 0.1627197265625
0.106918334960938 0.0213165283203125 0.8616943359375 0.04022216796875
0.0404548645019531 -0.0388069152832031 0.7257080078125 -0.57965087890625
-0.0241222381591797 -0.0315895080566406 -0.0394897460937499 -0.73919677734375
-0.0216445922851563 -0.0027618408203125 -0.46441650390625 -0.334503173828125
0.00225639343261719 0.0244388580322266 -0.407501220703125 -0.01837158203125
0.0120124816894531 0.0250415802001953 -0.137359619140625 0.17132568359375
0.00752878189086914 -0.00638151168823242 0.0877227783203125 0.157073974609375
0.0104045867919922 -0.00203800201416016 -0.03057861328125 -0.151901245117188
0.000932693481445311 0.0288772583007813 0.221588134765625 -0.0652313232421875
0.00441360473632813 0.0369071960449219 0.387420654296875 0.18487548828125
-0.0228462219238281 0.0113792419433594 0.267730712890625 0.54779052734375
-0.0293693542480469 -0.0462188720703125 -0.30047607421875 0.65582275390625
0.048583984375 -0.0792007446289063 -0.79437255859375 0.3555908203125
0.11932373046875 0.0312652587890625 -0.61090087890625 -0.0413818359375
0.149627685546875 0.113357543945313 0.131027221679688 0.151214599609375
0.131462097167969 0.0297164916992188 0.85125732421875 0.0599365234375
0.0566940307617188 -0.0417938232421875 0.7493896484375 -0.56024169921875
-0.0174560546875 -0.0378608703613281 -0.01025390625 -0.74462890625
-0.0235462188720703 -0.00606536865234375 -0.45709228515625 -0.3548583984375
0.000659942626953124 0.0230827331542969 -0.41363525390625 -0.0303955078125
0.0118122100830078 0.0246009826660156 -0.143890380859375 0.1676025390625
0.00637483596801758 -0.00384759902954102 0.0858154296875 0.159317016601563
0.0205059051513672 -0.0118694305419922 -0.0467681884765625 -0.157699584960938
0.0194892883300781 0.0213203430175781 0.213302612304688 -0.0978240966796875
0.0255165100097656 0.0374641418457031 0.40850830078125 0.1171875
-0.00809478759765625 0.0411872863769531 0.359466552734375 0.479888916015625
-0.0567359924316406 0.00808334350585937 -0.1651611328125 0.67828369140625
-0.0576438903808594 -0.0591850280761719 -0.7257080078125 0.46331787109375
-0.042816162109375 -0.0278129577636719 -0.6761474609375 0.00793457031249997
-0.0144290924072266 0.0135345458984375 0.0198135375976563 0.118339538574219
-0.00516605377197266 0.00447750091552734 0.7926025390625 0.17694091796875
-0.0215930938720703 -0.0182685852050781 0.85113525390625 -0.43829345703125
-0.0385169982910156 2.28881835937461E-05 0.12811279296875 -0.76904296875
-0.0104389190673828 0.0206279754638672 -0.406768798828125 -0.439239501953125
0.015106201171875 0.0326862335205078 -0.420013427734375 -0.088043212890625
0.0265960693359375 0.0253391265869141 -0.164047241210938 0.150634765625
0.0197544097900391 -0.0188484191894531 0.0716094970703125 0.154083251953125
0.0211620330810547 -0.0109920501708984 -0.03802490234375 -0.159011840820313
0.0158882141113281 0.0244693756103516 0.220138549804688 -0.087982177734375
0.0251693725585938 0.0394134521484375 0.4071044921875 0.141754150390625
-0.0099334716796875 0.0401878356933594 0.331878662109375 0.50830078125
-0.0573921203613281 0.00193405151367187 -0.2120361328125 0.67413330078125
-0.0541458129882813 -0.061248779296875 -0.75531005859375 0.419921875
-0.044647216796875 -0.0255279541015625 -0.6549072265625 -0.0119628906250001
-0.0171623229980469 0.0128746032714844 0.06329345703125 0.137496948242188
-0.00679922103881836 0.000300884246826173 0.81585693359375 0.13677978515625
-0.0235252380371094 -0.0166721343994141 0.813232421875 -0.48992919921875
-0.0388145446777344 0.000499725341796868 0.0697631835937501 -0.764892578125
-0.0103473663330078 0.0197181701660156 -0.426727294921875 -0.40533447265625
0.0162773132324219 0.0328083038330078 -0.416290283203125 -0.06439208984375
0.0252838134765625 0.0250453948974609 -0.156524658203125 0.157928466796875
0.0175762176513672 -0.0207004547119141 0.074493408203125 0.155014038085938
0.0194950103759766 -0.00965309143066406 -0.03155517578125 -0.158660888671875
0.0130462646484375 0.0250015258789062 0.2271728515625 -0.0773773193359375
0.0193367004394531 0.0418930053710938 0.402374267578125 0.164276123046875
-0.013946533203125 0.0372047424316406 0.300872802734375 0.533935546875
-0.0552597045898437 -0.00714111328124999 -0.2607421875 0.66693115234375
-0.0418968200683594 -0.0653228759765625 -0.78192138671875 0.37957763671875
-0.0313377380371094 -0.0187625885009766 -0.63031005859375 -0.02960205078125
-0.00333786010742187 0.0219326019287109 0.1053466796875 0.153549194335938
0.0028226375579834 0.00279402732849121 0.83941650390625 0.09765625
-0.0178871154785156 -0.0188655853271484 0.7747802734375 -0.53167724609375
-0.0359687805175781 -0.00327682495117188 0.0177612304687501 -0.7547607421875
-0.0104598999023438 0.0170669555664063 -0.446502685546875 -0.374359130859375
0.0166435241699219 0.0317268371582031 -0.413238525390625 -0.041290283203125
0.0225429534912109 0.0240936279296875 -0.145416259765625 0.163986206054688
0.0144710540771484 -0.0183792114257813 0.0785675048828125 0.155044555664063
0.0164966583251953 -0.00663471221923828 -0.026885986328125 -0.155059814453125
0.0103588104248047 0.0267238616943359 0.230697631835938 -0.06671142578125
0.0148735046386719 0.0415687561035156 0.397857666015625 0.187469482421875
-0.0178031921386719 0.0319271087646484 0.274871826171875 0.552459716796875
-0.0512657165527344 -0.0181007385253906 -0.30389404296875 0.65936279296875
-0.0249099731445313 -0.0698661804199219 -0.80096435546875 0.35040283203125
-0.00643682479858399 -0.00824689865112305 -0.6123046875 -0.0417480468750001
0.0187835693359375 0.0382614135742188 0.137176513671875 0.165542602539063
0.0237865447998047 0.00497245788574219 0.85626220703125 0.06317138671875
-0.00620841979980469 -0.0229396820068359 0.7442626953125 -0.56597900390625
-0.0325260162353516 -0.00919532775878907 -0.02001953125 -0.74688720703125
-0.0113029479980469 0.0118293762207031 -0.458984375 -0.347930908203125
0.0130901336669922 0.0292758941650391 -0.40911865234375 -0.0231933593750001
0.0208892822265625 0.0230178833007813 -0.138961791992188 0.169525146484375
0.0118083953857422 -0.0173254013061523 0.0829315185546875 0.153656005859375
0.014307975769043 -0.00515460968017578 -0.025115966796875 -0.154037475585938
0.00724601745605468 0.0282917022705078 0.232330322265625 -0.0597381591796875
0.0107879638671875 0.0408287048339844 0.392974853515625 0.2010498046875
-0.0191650390625 0.0248699188232422 0.2559814453125 0.56402587890625
-0.0446968078613281 -0.0284919738769531 -0.3316650390625 0.654541015625
-0.0025634765625 -0.0716400146484375 -0.81488037109375 0.3277587890625
0.0259380340576172 0.00460433959960938 -0.60076904296875 -0.0501708984375001
0.0521774291992188 0.0578041076660156 0.158554077148438 0.172119140625
0.0502815246582031 0.00927352905273438 0.86297607421875 0.04449462890625
0.00876808166503906 -0.0284786224365234 0.72467041015625 -0.58563232421875
-0.0306320190429688 -0.0163288116455078 -0.04229736328125 -0.738525390625
-0.0151844024658203 0.00668239593505859 -0.467742919921875 -0.33221435546875
0.0101737976074219 0.0271320343017578 -0.406402587890625 -0.0128173828125
0.0170345306396484 0.0231151580810547 -0.1353759765625 0.171737670898438
0.0104532241821289 -0.0133571624755859 0.0860595703125 0.154571533203125
0.0117311477661133 -0.00195693969726563 -0.0239410400390625 -0.15234375
0.00485420227050781 0.0289688110351562 0.231491088867188 -0.0575103759765625
0.00647735595703125 0.0391616821289062 0.389923095703125 0.204742431640625
-0.0217857360839844 0.0176296234130859 0.24713134765625 0.56854248046875
-0.0375328063964844 -0.0374565124511719 -0.3408203125 0.6488037109375
0.0178909301757813 -0.0731048583984375 -0.81658935546875 0.322021484375
0.0605392456054688 0.0187835693359375 -0.59613037109375 -0.0509643554687499
0.0874786376953125 0.0790786743164063 0.164291381835938 0.170669555664063
0.0785369873046875 0.0134429931640625 0.8671875 0.0323486328125
0.0236587524414063 -0.0347766876220703 0.72052001953125 -0.59161376953125
-0.0273246765136719 -0.0243663787841797 -0.0507202148437499 -0.737548828125
-0.0184574127197266 0.00136184692382812 -0.471771240234375 -0.330078125
0.00645065307617187 0.0258960723876953 -0.408355712890625 -0.010162353515625
0.0139198303222656 0.0238075256347656 -0.134429931640625 0.172470092773437
0.00869369506835937 -0.0101499557495117 0.0888519287109375 0.155776977539063
0.010350227355957 -0.00116634368896484 -0.025634765625 -0.150787353515625
0.00127029418945312 0.0289516448974609 0.228317260742187 -0.0615234375
0.004150390625 0.0376739501953125 0.38946533203125 0.198638916015625
-0.0213661193847656 0.014251708984375 0.2509765625 0.561859130859375
-0.0330123901367188 -0.0433692932128906 -0.33160400390625 0.65106201171875
0.0362167358398438 -0.076324462890625 -0.8128662109375 0.32916259765625
0.0938186645507813 0.0280990600585938 -0.59954833984375 -0.0518798828124999
0.121498107910156 0.0993576049804687 0.15484619140625 0.163421630859375
0.106048583984375 0.021148681640625 0.8638916015625 0.04248046875
0.0407485961914063 -0.0386238098144531 0.73089599609375 -0.581298828125
-0.0232429504394531 -0.0319118499755859 -0.0384521484375001 -0.740966796875
-0.0205326080322266 -0.00201606750488282 -0.467559814453125 -0.335968017578125
0.0031890869140625 0.0242271423339844 -0.412322998046875 -0.017425537109375
0.0117473602294922 0.0245151519775391 -0.137847900390625 0.171722412109375
0.00654506683349609 -0.0055232048034668 0.0880126953125 0.158218383789063
0.0104284286499023 -0.00197315216064453 -0.030120849609375 -0.151763916015625
0.00207710266113281 0.0277538299560547 0.223480224609375 -0.0651702880859375
0.00335884094238282 0.0350437164306641 0.389495849609375 0.18450927734375
-0.0233116149902344 0.0104808807373047 0.26739501953125 0.549407958984375
-0.0287208557128906 -0.0476036071777344 -0.3050537109375 0.6566162109375
0.046966552734375 -0.0788345336914063 -0.7991943359375 0.35479736328125
0.120018005371094 0.03387451171875 -0.61279296875 -0.0443115234375
0.149490356445312 0.113601684570312 0.131698608398438 0.151702880859375
0.130744934082031 0.0295486450195312 0.85186767578125 0.06292724609375
0.05615234375 -0.0401573181152344 0.75408935546875 -0.561279296875
-0.0186424255371094 -0.0389633178710938 -0.0108032226562499 -0.75103759765625
-0.0230007171630859 -0.00601959228515626 -0.459564208984375 -0.355560302734375
0.000759124755859374 0.0221710205078125 -0.414825439453125 -0.0302124023437499
0.010589599609375 0.0257415771484375 -0.145492553710938 0.169769287109375
0.00695896148681641 -0.00497817993164062 0.0855865478515625 0.160049438476563
0.0209522247314453 -0.0115299224853516 -0.0453033447265625 -0.157730102539063
0.0200328826904297 0.0218067169189453 0.214569091796875 -0.09832763671875
0.0259895324707031 0.0373344421386719 0.410430908203125 0.115936279296875
-0.007843017578125 0.0436210632324219 0.36212158203125 0.48101806640625
-0.0569267272949219 0.00749206542968751 -0.16644287109375 0.68060302734375
-0.0576591491699219 -0.0580101013183594 -0.733642578125 0.4639892578125
-0.0430068969726563 -0.02764892578125 -0.68212890625 0.00579833984375007
-0.014439582824707 0.0126485824584961 0.01800537109375 0.118965148925781
-0.00514364242553711 0.00493144989013672 0.7947998046875 0.1785888671875
-0.0214080810546875 -0.01715087890625 0.85528564453125 -0.4393310546875
-0.0389823913574219 -0.00111770629882813 0.13037109375 -0.77386474609375
-0.0102996826171875 0.0205612182617188 -0.408050537109375 -0.442840576171875
0.0151748657226563 0.0327892303466797 -0.4222412109375 -0.08892822265625
0.0262985229492188 0.0249404907226563 -0.165084838867188 0.152099609375
0.019073486328125 -0.0200557708740234 0.0699005126953125 0.157089233398438
0.0196323394775391 -0.00932884216308594 -0.0382080078125 -0.15911865234375
0.0169525146484375 0.0234966278076172 0.222763061523438 -0.087738037109375
0.0246849060058594 0.0398025512695312 0.409393310546875 0.141326904296875
-0.0103530883789063 0.0412445068359375 0.333038330078125 0.510894775390625
-0.0589599609375 0.00273895263671876 -0.215576171875 0.6766357421875
-0.0544013977050781 -0.06085205078125 -0.7601318359375 0.4256591796875
-0.0454444885253906 -0.0249710083007813 -0.658935546875 -0.0130615234374999
-0.0169553756713867 0.0131807327270508 0.06195068359375 0.137161254882813
-0.00739717483520508 0.00217390060424805 0.81884765625 0.14007568359375
-0.0234432220458984 -0.0169639587402344 0.817626953125 -0.48919677734375
-0.0394935607910156 9.91821289062562E-05 0.0731811523437499 -0.76708984375
-0.00908470153808594 0.0196933746337891 -0.429901123046875 -0.408355712890625
0.0164699554443359 0.032318115234375 -0.420654296875 -0.0651245117187499
0.0252532958984375 0.0240993499755859 -0.156784057617187 0.159927368164063
0.0167160034179688 -0.0198745727539063 0.0741424560546875 0.156387329101563
0.0172824859619141 -0.00923633575439453 -0.0316009521484375 -0.157394409179688
0.0144195556640625 0.0253829956054688 0.229583740234375 -0.0776519775390625
0.0199775695800781 0.04071044921875 0.405029296875 0.16595458984375
-0.0141792297363281 0.03900146484375 0.3033447265625 0.536773681640625
-0.0561904907226563 -0.00746536254882813 -0.263427734375 0.67034912109375
-0.0427398681640625 -0.0650291442871094 -0.78656005859375 0.3834228515625
-0.031768798828125 -0.0196685791015625 -0.63507080078125 -0.03076171875
-0.00525665283203125 0.0215721130371094 0.104583740234375 0.154449462890625
0.00393986701965332 0.00299191474914551 0.842529296875 0.098388671875
-0.0177478790283203 -0.0197086334228516 0.7767333984375 -0.53546142578125
-0.0375709533691406 -0.00140380859375 0.0202026367187501 -0.75909423828125
-0.0109567642211914 0.0166339874267578 -0.447845458984375 -0.375946044921875
0.0150547027587891 0.0314865112304687 -0.415283203125 -0.0404968261718751
0.0230503082275391 0.0238227844238281 -0.147842407226563 0.164993286132813
0.0137310028076172 -0.0193519592285156 0.0782928466796875 0.157394409179688
0.0155000686645508 -0.00678825378417969 -0.026641845703125 -0.156021118164063
0.0116863250732422 0.0278778076171875 0.2340087890625 -0.0668182373046875
0.0162315368652344 0.0417671203613281 0.400360107421875 0.1865234375
-0.0182838439941406 0.0317516326904297 0.27581787109375 0.556304931640625
-0.0511703491210938 -0.0182685852050781 -0.30694580078125 0.6617431640625
-0.0253219604492187 -0.0690078735351563 -0.80804443359375 0.349609375
-0.00517511367797851 -0.00850725173950195 -0.61346435546875 -0.0429077148437499
0.0192680358886719 0.0379409790039063 0.138473510742188 0.166427612304688
0.0231857299804688 0.00463104248046875 0.85760498046875 0.06634521484375
-0.00700759887695312 -0.0235500335693359 0.7467041015625 -0.56988525390625
-0.0330410003662109 -0.00885009765625001 -0.0193481445312499 -0.75146484375
-0.0117197036743164 0.0110244750976563 -0.463165283203125 -0.350128173828125
0.0146255493164063 0.029083251953125 -0.4136962890625 -0.024505615234375
0.0202445983886719 0.0240135192871094 -0.139312744140625 0.170074462890625
0.0107192993164063 -0.0163602828979492 0.0832672119140625 0.155258178710938
0.0132637023925781 -0.00489234924316406 -0.023590087890625 -0.154266357421875
0.00712203979492187 0.0296859741210937 0.234237670898438 -0.0608673095703125
0.0103912353515625 0.0406455993652344 0.394561767578125 0.200775146484375
-0.0201358795166016 0.02484130859375 0.25836181640625 0.56817626953125
-0.04534912109375 -0.0287742614746094 -0.333984375 0.6572265625
-0.00360107421875 -0.0716629028320313 -0.820556640625 0.32757568359375
0.0276126861572266 0.0051422119140625 -0.6033935546875 -0.0525512695312501
0.0514297485351563 0.0578880310058594 0.159011840820313 0.17333984375
0.0502128601074219 0.00950241088867188 0.86651611328125 0.0440673828125
0.0082550048828125 -0.0287647247314453 0.73028564453125 -0.58734130859375
-0.0301971435546875 -0.0166912078857422 -0.0413818359375 -0.74481201171875
-0.0154552459716797 0.00695419311523437 -0.46942138671875 -0.335357666015625
0.0104179382324219 0.0275745391845703 -0.410247802734375 -0.0137329101562501
0.0169830322265625 0.0235366821289063 -0.135208129882813 0.173370361328125
0.00921726226806641 -0.0126781463623047 0.0869140625 0.156326293945313
0.0111484527587891 -0.00266551971435547 -0.02301025390625 -0.152740478515625
0.00493431091308594 0.0292778015136719 0.233123779296875 -0.0585479736328125
0.00634384155273438 0.0391120910644531 0.392578125 0.205657958984375
-0.0215625762939453 0.019256591796875 0.2498779296875 0.57049560546875
-0.0387001037597656 -0.0367851257324219 -0.3426513671875 0.653564453125
0.0179214477539063 -0.074005126953125 -0.8226318359375 0.32171630859375
0.0611343383789063 0.0187454223632812 -0.598388671875 -0.0544433593750001
0.086700439453125 0.0790557861328125 0.16461181640625 0.171707153320313
0.0781326293945313 0.0146560668945313 0.87091064453125 0.03564453125
0.0249156951904297 -0.0342845916748047 0.7236328125 -0.595458984375
-0.0275077819824219 -0.0249233245849609 -0.0506591796874999 -0.74200439453125
-0.0181465148925781 0.0015106201171875 -0.473876953125 -0.329986572265625
0.0073699951171875 0.0255584716796875 -0.411224365234375 -0.0109558105468749
0.0144252777099609 0.0238437652587891 -0.134902954101563 0.17431640625
0.00799751281738281 -0.0101127624511719 0.0895843505859375 0.1578369140625
0.0108661651611328 -0.00129127502441406 -0.02679443359375 -0.15252685546875
0.00275802612304687 0.031005859375 0.230133056640625 -0.0587005615234375
0.0051116943359375 0.0369491577148438 0.390533447265625 0.199859619140625
-0.0224761962890625 0.0127696990966797 0.2529296875 0.5665283203125
-0.0311126708984375 -0.0439376831054687 -0.33526611328125 0.654541015625
0.0357818603515625 -0.075958251953125 -0.8175048828125 0.330078125
0.0934982299804688 0.02886962890625 -0.6026611328125 -0.052734375
0.122406005859375 0.0987319946289063 0.1549072265625 0.163711547851562
0.107147216796875 0.0217437744140625 0.86700439453125 0.04345703125
0.0404815673828125 -0.0382881164550781 0.73455810546875 -0.5833740234375
-0.0227642059326172 -0.0318222045898438 -0.0374755859375 -0.7452392578125
-0.0210742950439453 -0.004425048828125 -0.470550537109375 -0.337890625
0.00374412536621094 0.023834228515625 -0.414825439453125 -0.0172729492187499
0.012481689453125 0.0242824554443359 -0.1396484375 0.173294067382813
0.0057525634765625 -0.00763988494873047 0.0898590087890625 0.160491943359375
0.00997447967529297 -0.00141334533691406 -0.0297393798828125 -0.151351928710938
0.00262832641601562 0.0298957824707031 0.226547241210938 -0.065948486328125
0.00376129150390625 0.0353584289550781 0.3917236328125 0.186126708984375
-0.0234966278076172 0.0112991333007813 0.268463134765625 0.55145263671875
-0.0304603576660156 -0.04693603515625 -0.3070068359375 0.66204833984375
0.047760009765625 -0.0773544311523438 -0.805419921875 0.35546875
0.118629455566406 0.0346221923828125 -0.616943359375 -0.0435791015625
0.150527954101563 0.114822387695313 0.130874633789063 0.150924682617188
0.131889343261719 0.0295867919921875 0.8568115234375 0.06280517578125
0.055999755859375 -0.042694091796875 0.75885009765625 -0.5634765625
-0.0186424255371094 -0.0385780334472656 -0.00921630859374993 -0.75384521484375
-0.0225925445556641 -0.00757598876953125 -0.461395263671875 -0.359039306640625
0.00143241882324219 0.0231914520263672 -0.4188232421875 -0.0297546386718751
0.0120506286621094 0.0253181457519531 -0.1466064453125 0.171798706054688
0.00556278228759766 -0.00420856475830078 0.08642578125 0.162704467773438
0.0200557708740234 -0.0107688903808594 -0.0440826416015625 -0.15936279296875
0.0202713012695313 0.0224361419677734 0.217864990234375 -0.0978851318359375
0.0259742736816406 0.0363540649414063 0.414459228515625 0.119049072265625
-0.00851821899414062 0.0433921813964844 0.365692138671875 0.48468017578125
-0.0577926635742188 0.00714111328125001 -0.16949462890625 0.688720703125
-0.0582733154296875 -0.0572776794433594 -0.739501953125 0.46612548828125
-0.0451889038085938 -0.0269088745117187 -0.68768310546875 0.00317382812500007
-0.0151023864746094 0.0119142532348633 0.0180740356445313 0.118156433105469
-0.00577402114868164 0.00268936157226563 0.8001708984375 0.179931640625
-0.0222187042236328 -0.0176219940185547 0.86376953125 -0.4429931640625
-0.0396614074707031 -0.00121307373046874 0.13238525390625 -0.7811279296875
-0.00927352905273438 0.0200653076171875 -0.412353515625 -0.447479248046875
0.0152034759521484 0.0321235656738281 -0.4268798828125 -0.089996337890625
0.0278377532958984 0.0253467559814453 -0.16778564453125 0.154312133789063
0.017578125 -0.0192909240722656 0.0724639892578125 0.157928466796875
0.0207233428955078 -0.0111370086669922 -0.0380401611328125 -0.159332275390625
0.0181808471679688 0.0243930816650391 0.226119995117187 -0.0886688232421875
0.0234146118164062 0.0393104553222656 0.4127197265625 0.142730712890625
-0.011871337890625 0.0408096313476562 0.3367919921875 0.5140380859375
-0.0585289001464844 0.000904083251953119 -0.2178955078125 0.68328857421875
-0.0569267272949219 -0.0605430603027344 -0.7677001953125 0.42840576171875
-0.0459327697753906 -0.0252342224121094 -0.6640625 -0.0139770507812499
-0.0174188613891602 0.0128707885742187 0.0621566772460938 0.136154174804688
-0.00838994979858398 0.0018157958984375 0.8258056640625 0.14154052734375
-0.0235424041748047 -0.0172023773193359 0.82427978515625 -0.4935302734375
-0.0397605895996094 -0.000137329101562506 0.07305908203125 -0.7750244140625
-0.0108814239501953 0.0205039978027344 -0.433135986328125 -0.412628173828125
0.0158729553222656 0.0327072143554688 -0.424560546875 -0.064361572265625
0.0260791778564453 0.0251140594482422 -0.157424926757812 0.1612548828125
0.0146846771240234 -0.0209331512451172 0.0748138427734375 0.159317016601563
0.0170488357543945 -0.0101385116577148 -0.031402587890625 -0.159500122070313
0.0149765014648437 0.0267963409423828 0.233047485351563 -0.076934814453125
0.020843505859375 0.0402565002441406 0.407958984375 0.167083740234375
-0.01495361328125 0.0362777709960938 0.304534912109375 0.542327880859375
-0.0566329956054687 -0.00741577148437501 -0.26885986328125 0.67608642578125
-0.0433692932128906 -0.0658607482910156 -0.79217529296875 0.3853759765625
-0.0308647155761719 -0.0200252532958984 -0.6397705078125 -0.0321044921874999
-0.00548553466796875 0.0226821899414063 0.103775024414063 0.15521240234375
0.00436139106750488 0.00223994255065918 0.84765625 0.100341796875
-0.0183277130126953 -0.0187873840332031 0.78509521484375 -0.53851318359375
-0.0374069213867188 -0.00136566162109375 0.019287109375 -0.765625
-0.00879287719726563 0.0167045593261719 -0.45263671875 -0.379608154296875
0.0170783996582031 0.03057861328125 -0.419921875 -0.0390625
0.0244235992431641 0.0238189697265625 -0.149673461914063 0.167266845703125
0.0138168334960937 -0.0197315216064453 0.0775299072265625 0.159454345703125
0.0155000686645508 -0.00669002532958984 -0.02630615234375 -0.157684326171875
0.0119152069091797 0.0275650024414063 0.23602294921875 -0.066925048828125
0.0144500732421875 0.0417823791503906 0.4041748046875 0.187744140625
-0.0185089111328125 0.0318450927734375 0.277862548828125 0.561431884765625
-0.0518951416015625 -0.0188751220703125 -0.311279296875 0.6680908203125
-0.0275802612304687 -0.0675582885742188 -0.81439208984375 0.3511962890625
-0.00738763809204102 -0.00805521011352539 -0.6182861328125 -0.0448608398437501
0.0185050964355469 0.038665771484375 0.13818359375 0.1668701171875
0.0228328704833984 0.004608154296875 0.86480712890625 0.06768798828125
-0.00756072998046875 -0.0223617553710938 0.75506591796875 -0.57177734375
-0.0337371826171875 -0.0070037841796875 -0.0181274414062501 -0.75799560546875
-0.0116958618164063 0.0119256973266602 -0.466156005859375 -0.354583740234375
0.0145301818847656 0.0300617218017578 -0.41644287109375 -0.0239257812499999
0.02117919921875 0.0227928161621094 -0.142105102539063 0.17047119140625
0.011845588684082 -0.0171289443969727 0.0829315185546875 0.158966064453125
0.0127658843994141 -0.00334930419921875 -0.02215576171875 -0.155014038085938
0.00986480712890625 0.02996826171875 0.238693237304688 -0.05999755859375
0.0105705261230469 0.0393562316894531 0.398651123046875 0.201080322265625
-0.0202980041503906 0.024932861328125 0.2587890625 0.5711669921875
-0.0461540222167969 -0.0284538269042969 -0.337646484375 0.6610107421875
-0.00463104248046875 -0.0716476440429688 -0.82647705078125 0.3284912109375
0.0253543853759766 0.00656318664550781 -0.60687255859375 -0.0543212890625
0.0513877868652344 0.0581169128417969 0.158432006835937 0.17315673828125
0.0503768920898437 0.009307861328125 0.873046875 0.04388427734375
0.00840950012207031 -0.0287075042724609 0.73779296875 -0.592529296875
-0.0310535430908203 -0.0154438018798828 -0.0421142578125001 -0.75042724609375
-0.0154504776000977 0.00675773620605469 -0.475341796875 -0.337646484375
0.0102882385253906 0.0274124145507812 -0.415283203125 -0.0131530761718751
0.0180377960205078 0.0244350433349609 -0.135940551757813 0.17431640625
0.00941848754882812 -0.0148649215698242 0.08758544921875 0.157806396484375
0.0115671157836914 -0.00224876403808594 -0.0237579345703125 -0.1531982421875
0.00507736206054688 0.0306415557861328 0.236984252929688 -0.0575714111328125
0.00772476196289063 0.0396194458007813 0.3961181640625 0.205596923828125
-0.0221939086914063 0.0172080993652344 0.249267578125 0.5767822265625
-0.0392227172851562 -0.0371513366699219 -0.34478759765625 0.65753173828125
0.0165634155273438 -0.0739974975585937 -0.82952880859375 0.3236083984375
0.0611343383789063 0.0200309753417969 -0.601806640625 -0.0563964843749999
0.0869522094726563 0.0793533325195313 0.165878295898438 0.1729736328125
0.0798797607421875 0.0128250122070313 0.876220703125 0.03631591796875
0.0247287750244141 -0.0337886810302734 0.73046875 -0.598388671875
-0.0276412963867188 -0.0238151550292969 -0.0498046875 -0.74896240234375
-0.0177173614501953 0.000621795654296876 -0.47723388671875 -0.33258056640625
0.0067138671875 0.0255451202392578 -0.4161376953125 -0.00982666015624994
0.0145645141601563 0.0225276947021484 -0.13751220703125 0.174591064453125
0.00642681121826172 -0.00932216644287109 0.088409423828125 0.159164428710938
0.00958824157714844 -0.00166416168212891 -0.025634765625 -0.152069091796875
0.00320625305175781 0.0312271118164063 0.233657836914063 -0.0596160888671875
0.00678253173828125 0.0374412536621094 0.39471435546875 0.20062255859375
-0.0237846374511719 0.0135936737060547 0.25543212890625 0.5699462890625
-0.0334663391113281 -0.0449562072753906 -0.3402099609375 0.6600341796875
0.0358047485351563 -0.075897216796875 -0.825439453125 0.33203125
0.0941925048828125 0.029998779296875 -0.60797119140625 -0.0560302734375
0.123252868652344 0.09918212890625 0.156097412109375 0.165191650390625
0.107719421386719 0.0198135375976562 0.87078857421875 0.04425048828125
0.0402488708496094 -0.0397682189941406 0.74127197265625 -0.58917236328125
-0.0233116149902344 -0.0317611694335938 -0.035400390625 -0.75274658203125
-0.0219173431396484 -0.00438499450683593 -0.475250244140625 -0.343109130859375
0.00370025634765625 0.0247859954833984 -0.4190673828125 -0.016082763671875
0.0122127532958984 0.0253391265869141 -0.140304565429688 0.1746826171875
0.00628471374511719 -0.00594186782836914 0.0871124267578125 0.16131591796875
0.00889873504638672 -0.000928878784179687 -0.029327392578125 -0.151947021484375
0.00412940979003906 0.0289077758789063 0.22900390625 -0.065521240234375
0.00284194946289062 0.0348243713378906 0.39630126953125 0.187103271484375
-0.0234317779541016 0.0110797882080078 0.27130126953125 0.557037353515625
-0.0312423706054687 -0.0477943420410156 -0.3123779296875 0.66595458984375
0.04644775390625 -0.0770797729492188 -0.81207275390625 0.3568115234375
0.120811462402344 0.0341567993164063 -0.6221923828125 -0.0477905273437501
0.15167236328125 0.11676025390625 0.129592895507813 0.151580810546875
0.133262634277344 0.0306854248046875 0.86126708984375 0.063232421875
0.0558509826660156 -0.0423164367675781 0.76531982421875 -0.56927490234375
-0.0186805725097656 -0.0376739501953125 -0.00878906249999992 -0.76104736328125
-0.0240802764892578 -0.00715065002441406 -0.468475341796875 -0.361480712890625
0.000717163085937498 0.0226116180419922 -0.421783447265625 -0.0305480957031249
0.0112094879150391 0.0249214172363281 -0.14776611328125 0.172012329101562
0.00498771667480469 -0.00311517715454102 0.084716796875 0.163986206054687
0.0219402313232422 -0.0113449096679688 -0.046295166015625 -0.160385131835938
0.0216541290283203 0.0229473114013672 0.22113037109375 -0.0998687744140625
0.0269775390625 0.0370979309082031 0.4180908203125 0.115447998046875
-0.00850296020507813 0.0432586669921875 0.369232177734375 0.489105224609375
-0.0577850341796875 0.00628662109375001 -0.16937255859375 0.69305419921875
-0.0596656799316406 -0.0560111999511719 -0.74664306640625 0.47186279296875
-0.0451126098632813 -0.0253105163574219 -0.69439697265625 0.00415039062500014
-0.0145931243896484 0.0126476287841797 0.01751708984375 0.118499755859375
-0.00561428070068359 0.00328969955444336 0.8072509765625 0.18328857421875
-0.0228309631347656 -0.0180416107177734 0.87152099609375 -0.44976806640625
-0.0399246215820313 0.000560760498046883 0.1322021484375 -0.78668212890625
-0.00912857055664063 0.0194969177246094 -0.416900634765625 -0.4486083984375
0.0166606903076172 0.0329608917236328 -0.43035888671875 -0.0876159667968751
0.0276756286621094 0.0249576568603516 -0.16876220703125 0.154586791992188
0.0170307159423828 -0.0195331573486328 0.0714874267578125 0.160598754882813
0.0196857452392578 -0.00939369201660156 -0.0377197265625 -0.160293579101562
0.0195217132568359 0.0247287750244141 0.229690551757813 -0.0889739990234375
0.0249977111816406 0.0382881164550781 0.41558837890625 0.14117431640625
-0.0113143920898438 0.0419540405273438 0.339263916015625 0.51947021484375
-0.059844970703125 0.0015106201171875 -0.220947265625 0.69024658203125
-0.057220458984375 -0.0602302551269531 -0.77557373046875 0.43218994140625
-0.0462570190429687 -0.0240440368652344 -0.6695556640625 -0.01336669921875
-0.0174465179443359 0.0124893188476563 0.0609054565429687 0.137496948242187
-0.00637340545654297 0.00138139724731445 0.83135986328125 0.14190673828125
-0.0244884490966797 -0.0173702239990234 0.831298828125 -0.49859619140625
-0.04052734375 0.00127410888671875 0.0733032226562499 -0.7822265625
-0.00926971435546875 0.0190677642822266 -0.4384765625 -0.414703369140625
0.0182666778564453 0.032562255859375 -0.4285888671875 -0.0638122558593749
0.0264568328857422 0.0253143310546875 -0.160064697265625 0.163223266601563
0.0155735015869141 -0.0195140838623047 0.074249267578125 0.160064697265625
0.0180644989013672 -0.00966644287109375 -0.03204345703125 -0.1590576171875
0.0163211822509766 0.0264167785644531 0.234085083007813 -0.0775604248046875
0.0199317932128906 0.0408515930175781 0.411834716796875 0.166748046875
-0.0156326293945313 0.0382156372070313 0.309722900390625 0.546783447265625
-0.0577545166015625 -0.0074615478515625 -0.27032470703125 0.682861328125
-0.0453376770019531 -0.0644493103027344 -0.80169677734375 0.39044189453125
-0.0328311920166016 -0.0189399719238281 -0.64617919921875 -0.0352783203125001
-0.00620269775390625 0.0222702026367188 0.104537963867188 0.156173706054688
0.00314235687255859 0.00151991844177246 0.85455322265625 0.1002197265625
-0.0189495086669922 -0.0200405120849609 0.789794921875 -0.54461669921875
-0.0373268127441406 -0.00170135498046875 0.0174560546874999 -0.7740478515625
-0.00987625122070313 0.0153312683105469 -0.457305908203125 -0.381591796875
0.0171623229980469 0.0312213897705078 -0.4256591796875 -0.04034423828125
0.0241127014160156 0.02398681640625 -0.15069580078125 0.17095947265625
0.0130424499511719 -0.0194606781005859 0.0793609619140625 0.161178588867188
0.0150108337402344 -0.00628757476806641 -0.0251007080078125 -0.157516479492188
0.0130176544189453 0.0278091430664063 0.239288330078125 -0.068359375
0.016326904296875 0.0422821044921875 0.40667724609375 0.190032958984375
-0.0191574096679688 0.0320186614990234 0.281494140625 0.56524658203125
-0.0541572570800781 -0.0175819396972656 -0.314453125 0.67578125
-0.0283050537109375 -0.0688896179199219 -0.82098388671875 0.3555908203125
-0.00702953338623047 -0.00882720947265625 -0.6251220703125 -0.0463867187499999
0.0194549560546875 0.0375404357910156 0.138748168945313 0.16802978515625
0.0224208831787109 0.00455856323242188 0.870361328125 0.0667724609375
-0.00740242004394532 -0.0228805541992188 0.7596435546875 -0.58001708984375
-0.0347480773925781 -0.00763702392578125 -0.01947021484375 -0.763427734375
-0.0112028121948242 0.0120229721069336 -0.4716796875 -0.355712890625
0.0144844055175781 0.0289440155029297 -0.422821044921875 -0.0210266113281251
0.0207672119140625 0.0234546661376953 -0.143142700195313 0.174835205078125
0.0115470886230469 -0.0169095993041992 0.0838623046875 0.159103393554688
0.0127935409545898 -0.00374698638916016 -0.023681640625 -0.156997680664063
0.0079498291015625 0.0299568176269531 0.240936279296875 -0.0605926513671875
0.0127716064453125 0.0414047241210937 0.40277099609375 0.20294189453125
-0.0199851989746094 0.0246334075927734 0.26141357421875 0.5770263671875
-0.0476188659667969 -0.0285758972167969 -0.34197998046875 0.66961669921875
-0.00538253784179687 -0.0698127746582031 -0.83428955078125 0.3345947265625
0.0261650085449219 0.006683349609375 -0.61260986328125 -0.0551147460937501
0.0504875183105469 0.0590133666992188 0.160354614257813 0.174728393554688
0.0508613586425781 0.00867462158203125 0.88177490234375 0.0443115234375
0.00810813903808594 -0.0287113189697266 0.7421875 -0.59967041015625
-0.0307903289794922 -0.0157680511474609 -0.04229736328125 -0.75665283203125
-0.0148334503173828 0.00742244720458984 -0.47894287109375 -0.34124755859375
0.0106296539306641 0.0268898010253906 -0.42041015625 -0.0115966796875001
0.0184764862060547 0.0240440368652344 -0.138900756835938 0.1766357421875
0.00808620452880859 -0.0128288269042969 0.087066650390625 0.1611328125
0.0119962692260742 -0.00286769866943359 -0.0233612060546875 -0.155075073242188
0.00624847412109375 0.0303878784179688 0.240127563476563 -0.0588226318359375
0.00829696655273437 0.03936767578125 0.399932861328125 0.2049560546875
-0.0216312408447266 0.0177955627441406 0.25457763671875 0.5811767578125
-0.0399551391601563 -0.0382080078125 -0.35040283203125 0.6656494140625
0.0168914794921875 -0.0734024047851563 -0.83660888671875 0.3267822265625
0.061737060546875 0.0204391479492188 -0.60882568359375 -0.05657958984375
0.087432861328125 0.0797882080078125 0.166824340820313 0.173904418945313
0.0797348022460938 0.0150222778320313 0.88348388671875 0.0362548828125
0.0234375 -0.0346755981445313 0.73583984375 -0.60577392578125
-0.0282917022705078 -0.0241889953613281 -0.051025390625 -0.7576904296875
-0.018829345703125 0.00122833251953125 -0.481658935546875 -0.336029052734375
0.00737571716308594 0.0250377655029297 -0.42010498046875 -0.00988769531250006
0.0156364440917969 0.0241565704345703 -0.13836669921875 0.176742553710937
0.00641822814941406 -0.0101432800292969 0.08990478515625 0.160781860351563
0.0104665756225586 -0.00119495391845703 -0.0258941650390625 -0.154373168945313
0.00323867797851562 0.0309848785400391 0.237869262695313 -0.06072998046875
0.0038909912109375 0.0367965698242188 0.399932861328125 0.203277587890625
-0.0244331359863281 0.0128440856933594 0.25726318359375 0.5745849609375
-0.0361824035644531 -0.0454559326171875 -0.34130859375 0.667724609375
0.0346908569335937 -0.0744552612304688 -0.8338623046875 0.334716796875
0.0954666137695313 0.0296707153320313 -0.614501953125 -0.05633544921875
0.123939514160156 0.100051879882813 0.155502319335937 0.166793823242187
0.108299255371094 0.0207443237304687 0.88079833984375 0.04425048828125
0.0407676696777344 -0.0386543273925781 0.74749755859375 -0.59613037109375
-0.0230140686035156 -0.0309314727783203 -0.036865234375 -0.758544921875
-0.0231781005859375 -0.00343704223632813 -0.480499267578125 -0.3455810546875
0.00419807434082031 0.0231189727783203 -0.422637939453125 -0.0149536132812501
0.0133495330810547 0.0242919921875 -0.142349243164063 0.17791748046875
0.00613594055175781 -0.0073246955871582 0.0890655517578125 0.163894653320313
0.00891399383544922 -0.000766754150390625 -0.029541015625 -0.153854370117188
0.00302886962890625 0.0301666259765625 0.23345947265625 -0.066650390625
0.00350189208984375 0.036163330078125 0.40081787109375 0.18634033203125
-0.0240325927734375 0.0106830596923828 0.2747802734375 0.560028076171875
-0.0313568115234375 -0.0483016967773437 -0.3153076171875 0.67291259765625
0.0458755493164062 -0.078155517578125 -0.81982421875 0.36065673828125
0.120513916015625 0.0347518920898438 -0.62640380859375 -0.049072265625
0.15264892578125 0.116165161132813 0.132171630859375 0.153076171875
0.133720397949219 0.029083251953125 0.8680419921875 0.06500244140625
0.0564041137695313 -0.0416526794433594 0.77252197265625 -0.57403564453125
-0.0183792114257812 -0.0375251770019531 -0.00903320312500001 -0.76873779296875
-0.0231742858886719 -0.00827789306640625 -0.471527099609375 -0.365142822265625
0.00027275085449219 0.0218868255615234 -0.427642822265625 -0.0306396484375001
0.0128269195556641 0.0253829956054688 -0.148391723632813 0.173431396484375
0.00384020805358887 -0.00413131713867188 0.0859222412109375 0.1649169921875
0.0206298828125 -0.0105228424072266 -0.0457611083984375 -0.161651611328125
0.0233573913574219 0.0244407653808594 0.222579956054688 -0.101776123046875
0.0281295776367188 0.0388298034667969 0.422332763671875 0.115692138671875
-0.00793075561523437 0.0425491333007813 0.37451171875 0.49224853515625
-0.0580787658691406 0.00706481933593749 -0.1719970703125 0.70123291015625
-0.0601348876953125 -0.0571479797363281 -0.75164794921875 0.47991943359375
-0.0453262329101562 -0.0257148742675781 -0.7008056640625 0.00451660156250004
-0.0158500671386719 0.0123453140258789 0.01666259765625 0.118759155273437
-0.00587797164916992 0.00213336944580078 0.815185546875 0.1822509765625
-0.0230522155761719 -0.0167522430419922 0.8790283203125 -0.45556640625
-0.0403327941894531 -0.000381469726562507 0.1326904296875 -0.79730224609375
-0.0108146667480469 0.0207118988037109 -0.42230224609375 -0.452362060546875
0.0164451599121094 0.0325603485107422 -0.4368896484375 -0.0877990722656251
0.0292778015136719 0.0254745483398438 -0.169479370117188 0.159896850585938
0.0166053771972656 -0.01837158203125 0.0732574462890625 0.162277221679688
0.0199737548828125 -0.00925064086914063 -0.0381317138671875 -0.162033081054688
0.0211639404296875 0.024932861328125 0.232192993164063 -0.0911102294921875
0.0248298645019531 0.0401115417480469 0.4224853515625 0.140594482421875
-0.011932373046875 0.0421791076660156 0.345306396484375 0.523834228515625
-0.0611686706542969 0.00219345092773439 -0.22100830078125 0.699951171875
-0.0580787658691406 -0.0604209899902344 -0.7822265625 0.439453125
-0.0468063354492187 -0.0244102478027344 -0.67645263671875 -0.0140380859375001
-0.0184383392333984 0.0126132965087891 0.0616073608398438 0.13946533203125
-0.00793981552124023 0.00160455703735352 0.83941650390625 0.1405029296875
-0.0244884490966797 -0.0174217224121094 0.83941650390625 -0.5068359375
-0.0403327941894531 0.00158309936523437 0.0714721679687499 -0.7896728515625
-0.008453369140625 0.0205917358398437 -0.44512939453125 -0.419952392578125
0.0175247192382813 0.0307350158691406 -0.434661865234375 -0.0620422363281251
0.0272617340087891 0.0259418487548828 -0.16015625 0.166061401367187
0.0158195495605469 -0.0191326141357422 0.074981689453125 0.162826538085938
0.0186309814453125 -0.00946426391601563 -0.0308685302734375 -0.159835815429688
0.0181617736816406 0.0300025939941406 0.240066528320313 -0.0795135498046875
0.0218505859375 0.0416946411132813 0.41839599609375 0.166534423828125
-0.016693115234375 0.0378837585449219 0.31549072265625 0.55133056640625
-0.0600204467773438 -0.00593948364257812 -0.27178955078125 0.689697265625
-0.0468368530273437 -0.0647735595703125 -0.8084716796875 0.39642333984375
-0.0342140197753906 -0.0177135467529297 -0.6519775390625 -0.0310058593749999
-0.00559425354003906 0.0204505920410156 0.104751586914063 0.156509399414063
0.00294113159179688 0.00180244445800781 0.8624267578125 0.1007080078125
-0.0194492340087891 -0.0204505920410156 0.79827880859375 -0.55401611328125
-0.0397796630859375 -0.00111007690429687 0.01806640625 -0.7833251953125
-0.0102262496948242 0.0164690017700195 -0.4654541015625 -0.385009765625
0.0168514251708984 0.0302658081054688 -0.429443359375 -0.036712646484375
0.0244960784912109 0.0238571166992188 -0.151870727539062 0.172134399414063
0.0109691619873047 -0.0193958282470703 0.0794525146484375 0.162094116210938
0.0158510208129883 -0.00667762756347656 -0.026092529296875 -0.159271240234375
0.0134925842285156 0.0307044982910156 0.243789672851563 -0.069091796875
0.0158882141113281 0.0410614013671875 0.412994384765625 0.190338134765625
-0.0180072784423828 0.0311450958251953 0.286865234375 0.57086181640625
-0.0555038452148437 -0.0192337036132813 -0.3160400390625 0.6839599609375
-0.0276908874511719 -0.0682868957519531 -0.82879638671875 0.362060546875
-0.00635910034179688 -0.00708627700805664 -0.63055419921875 -0.045654296875
0.0185737609863281 0.0371170043945313 0.139923095703125 0.1685791015625
0.0231685638427734 0.00448799133300781 0.87969970703125 0.06707763671875
-0.00780105590820313 -0.0232906341552734 0.769287109375 -0.58758544921875
-0.0363121032714844 -0.00825119018554687 -0.0211791992187501 -0.773681640625
-0.0108251571655273 0.0109453201293945 -0.477752685546875 -0.359283447265625
0.0142498016357422 0.0288562774658203 -0.428955078125 -0.020477294921875
0.0219974517822266 0.0236797332763672 -0.145126342773437 0.176620483398438
0.00909805297851563 -0.0154447555541992 0.0856170654296875 0.162078857421875
0.0131616592407227 -0.00477790832519531 -0.022613525390625 -0.157867431640625
0.0103073120117188 0.0313587188720703 0.2449951171875 -0.0616302490234375
0.011749267578125 0.0397872924804688 0.406768798828125 0.202056884765625
-0.0218429565429688 0.0249404907226562 0.26885986328125 0.58197021484375
-0.0489578247070313 -0.0299415588378906 -0.3436279296875 0.6766357421875
-0.00621795654296876 -0.070556640625 -0.8438720703125 0.33929443359375
0.0255966186523438 0.00502586364746094 -0.619873046875 -0.0538330078125
0.0535316467285156 0.0577278137207031 0.160659790039063 0.174362182617188
0.0498123168945313 0.00878524780273438 0.88714599609375 0.0428466796875
0.00747299194335938 -0.0296230316162109 0.748046875 -0.60906982421875
-0.0327644348144531 -0.0149326324462891 -0.04473876953125 -0.7657470703125
-0.0152482986450195 0.00657558441162109 -0.485382080078125 -0.343414306640625
0.0106334686279297 0.0276641845703125 -0.4254150390625 -0.0118408203124999
0.0190715789794922 0.0238704681396484 -0.139328002929688 0.179107666015625
0.00688552856445313 -0.0128879547119141 0.0881805419921875 0.162307739257813
0.0112056732177734 -0.00289440155029297 -0.022796630859375 -0.1566162109375
0.00658798217773438 0.0325851440429688 0.24481201171875 -0.0601959228515625
0.00730895996093751 0.0385894775390625 0.405792236328125 0.207122802734375
-0.0247116088867188 0.0176811218261719 0.258544921875 0.5860595703125
-0.0414314270019531 -0.0375099182128906 -0.3543701171875 0.67449951171875
0.0167160034179687 -0.0733871459960938 -0.847900390625 0.33258056640625
0.0618553161621094 0.0196990966796875 -0.61370849609375 -0.05615234375
0.0882949829101563 0.0797805786132813 0.167312622070313 0.174835205078125
0.0794525146484375 0.0127792358398437 0.8914794921875 0.0369873046875
0.0242691040039062 -0.0356254577636719 0.74359130859375 -0.6156005859375
-0.0273857116699219 -0.0237808227539063 -0.0523681640624999 -0.76434326171875
-0.0178871154785156 0.00194740295410156 -0.488067626953125 -0.337310791015625
0.006927490234375 0.0245819091796875 -0.42529296875 -0.007843017578125
0.0161285400390625 0.0233783721923828 -0.139862060546875 0.180953979492188
0.00612068176269531 -0.00945854187011719 0.0904083251953125 0.163848876953125
0.0102806091308594 -0.00145339965820313 -0.0247039794921875 -0.154541015625
0.00575065612792968 0.0326614379882813 0.242538452148437 -0.06243896484375
0.00552749633789062 0.0360069274902344 0.4044189453125 0.201995849609375
-0.0244693756103516 0.0126457214355469 0.2620849609375 0.57794189453125
-0.0369606018066406 -0.0448684692382813 -0.34600830078125 0.6767578125
0.03533935546875 -0.0755615234375 -0.8426513671875 0.34320068359375
0.09649658203125 0.0313034057617188 -0.61767578125 -0.05596923828125
0.124771118164063 0.102569580078125 0.158111572265625 0.167022705078125
0.109642028808594 0.0213088989257813 0.88885498046875 0.04193115234375
0.0416374206542969 -0.0401382446289063 0.7550048828125 -0.6041259765625
-0.0247745513916016 -0.0313968658447266 -0.04022216796875 -0.76812744140625
-0.0221652984619141 -0.00456428527832031 -0.486114501953125 -0.34698486328125
0.00309371948242188 0.02386474609375 -0.4300537109375 -0.014892578125
0.0135383605957031 0.0250167846679688 -0.142532348632813 0.180130004882813
0.00317144393920898 -0.00651025772094727 0.090301513671875 0.16607666015625
0.00868511199951172 -0.000317096710205078 -0.0302276611328125 -0.155136108398438
0.00559425354003906 0.0295867919921875 0.23583984375 -0.068450927734375
0.00406455993652344 0.0345554351806641 0.40484619140625 0.18743896484375
-0.0249423980712891 0.0103664398193359 0.279296875 0.56689453125
-0.03314208984375 -0.0494232177734375 -0.3177490234375 0.68048095703125
0.0463409423828125 -0.0782318115234375 -0.8267822265625 0.3671875
0.123031616210937 0.0369796752929688 -0.6353759765625 -0.0480346679687499
0.154052734375 0.116897583007813 0.131790161132813 0.152236938476563
0.133735656738281 0.0300445556640625 0.8768310546875 0.06341552734375
0.0570411682128906 -0.041717529296875 0.778564453125 -0.58203125
-0.0204238891601563 -0.0376815795898438 -0.0108642578125001 -0.77618408203125
-0.0238418579101563 -0.00790596008300781 -0.47857666015625 -0.3665771484375
-0.00022697448730469 0.0216941833496094 -0.433380126953125 -0.0285644531249999
0.0127716064453125 0.0252685546875 -0.150955200195312 0.176834106445313
0.00424814224243164 -0.00343489646911621 0.088287353515625 0.168243408203125
0.0215129852294922 -0.0111312866210937 -0.0467987060546875 -0.161773681640625
0.0229911804199219 0.0237102508544922 0.228500366210937 -0.103240966796875
0.0285720825195313 0.0374374389648438 0.429779052734375 0.113525390625
-0.00946807861328125 0.0436210632324219 0.383026123046875 0.49755859375
-0.0613288879394531 0.00928497314453125 -0.1715087890625 0.7113037109375
-0.0627326965332031 -0.0571861267089844 -0.76068115234375 0.4896240234375
-0.0460700988769531 -0.0277175903320313 -0.70892333984375 0.00830078124999997
-0.0165519714355469 0.0116910934448242 0.016510009765625 0.118675231933594
-0.00611257553100586 0.00247097015380859 0.824951171875 0.17877197265625
-0.0237674713134766 -0.0168209075927734 0.8878173828125 -0.46630859375
-0.0420570373535156 0.000885009765625004 0.13140869140625 -0.8070068359375
-0.00989913940429687 0.0205650329589844 -0.430908203125 -0.4559326171875
0.0164928436279297 0.0324287414550781 -0.44329833984375 -0.0860900878906251
0.0287132263183594 0.0248985290527344 -0.172378540039063 0.16107177734375
0.0166492462158203 -0.0189590454101563 0.0757293701171875 0.164840698242188
0.0198822021484375 -0.00965118408203125 -0.0389862060546875 -0.163558959960938
0.0218105316162109 0.0265235900878906 0.235565185546875 -0.093475341796875
0.025177001953125 0.0387725830078125 0.428131103515625 0.138916015625
-0.011871337890625 0.0431938171386719 0.3533935546875 0.526519775390625
-0.0623855590820313 0.00293731689453124 -0.22125244140625 0.70928955078125
-0.0602340698242187 -0.0603828430175781 -0.78948974609375 0.44580078125
-0.0466766357421875 -0.0248947143554687 -0.68505859375 -0.0131225585937501
-0.0200481414794922 0.0119380950927734 0.0624618530273437 0.140335083007813
-0.00937080383300781 -0.000365257263183595 0.84967041015625 0.1385498046875
-0.02752685546875 -0.0180912017822266 0.84649658203125 -0.51715087890625
-0.0423164367675781 0.00147247314453126 0.0699462890625001 -0.79949951171875
-0.00899696350097657 0.0190620422363281 -0.4532470703125 -0.420928955078125
0.0175399780273437 0.032196044921875 -0.440093994140625 -0.0601501464843749
0.0277538299560547 0.0244522094726563 -0.163742065429688 0.169754028320312
0.0145225524902344 -0.0217247009277344 0.07525634765625 0.164199829101563
0.0182991027832031 -0.00862693786621094 -0.032135009765625 -0.1630859375
0.0182552337646484 0.0291156768798828 0.2431640625 -0.0807647705078125
0.0210609436035156 0.0409469604492188 0.42401123046875 0.16558837890625
-0.0160980224609375 0.0376701354980469 0.32110595703125 0.555755615234375
-0.0613822937011719 -0.00659942626953126 -0.27435302734375 0.70062255859375
-0.0482254028320312 -0.0649490356445313 -0.81805419921875 0.4031982421875
-0.0323657989501953 -0.0181140899658203 -0.6612548828125 -0.0321044921874999
-0.00582313537597656 0.0201034545898438 0.10736083984375 0.156784057617188
0.00258922576904297 0.000831127166748047 0.87255859375 0.09808349609375
-0.0190391540527344 -0.019256591796875 0.80645751953125 -0.56549072265625
-0.0386390686035156 -0.000865936279296877 0.01446533203125 -0.79217529296875
-0.00840473175048828 0.0168113708496094 -0.47210693359375 -0.387847900390625
0.0171089172363281 0.0307216644287109 -0.436767578125 -0.03533935546875
0.0258636474609375 0.0245189666748047 -0.152587890625 0.175491333007813
0.0121421813964844 -0.0196456909179688 0.0808868408203125 0.1658935546875
0.0159082412719727 -0.00634479522705078 -0.02630615234375 -0.159835815429688
0.0153846740722656 0.0300178527832031 0.248199462890625 -0.0717620849609375
0.01611328125 0.0411491394042969 0.417633056640625 0.188720703125
-0.0185832977294922 0.0328617095947266 0.29095458984375 0.57635498046875
-0.0552482604980469 -0.017974853515625 -0.31829833984375 0.69219970703125
-0.0285682678222656 -0.0687332153320313 -0.83966064453125 0.3680419921875
-0.0073094367980957 -0.0067753791809082 -0.63995361328125 -0.0429077148437499
0.0191421508789062 0.037109375 0.140274047851563 0.168426513671875
0.0238151550292969 0.00359344482421875 0.8905029296875 0.06329345703125
-0.00811386108398438 -0.0233974456787109 0.77496337890625 -0.60064697265625
-0.0358924865722656 -0.00799560546874999 -0.0247802734375 -0.78240966796875
-0.0116176605224609 0.0113058090209961 -0.4864501953125 -0.361328125
0.0147705078125 0.0292491912841797 -0.433990478515625 -0.018310546875
0.0232753753662109 0.0242767333984375 -0.14349365234375 0.180572509765625
0.00838661193847656 -0.0165252685546875 0.0865478515625 0.1646728515625
0.0130786895751953 -0.00281143188476562 -0.02215576171875 -0.158340454101563
0.00996780395507813 0.0315742492675781 0.247894287109375 -0.0646209716796875
0.0118598937988281 0.040252685546875 0.415283203125 0.202606201171875
-0.0225906372070313 0.0245323181152344 0.27294921875 0.58831787109375
-0.0490036010742188 -0.0292320251464844 -0.346923828125 0.6868896484375
-0.007568359375 -0.070343017578125 -0.85162353515625 0.34619140625
0.0263385772705078 0.0057830810546875 -0.62628173828125 -0.05377197265625
0.0526580810546875 0.0590362548828125 0.163436889648438 0.17449951171875
0.0506935119628906 0.00714874267578125 0.89874267578125 0.04052734375
0.0080413818359375 -0.0296382904052734 0.7552490234375 -0.6202392578125
-0.0329189300537109 -0.0153369903564453 -0.04815673828125 -0.7760009765625
-0.0152997970581055 0.00711536407470703 -0.494354248046875 -0.3443603515625
0.0125007629394531 0.0274600982666016 -0.431304931640625 -0.00753784179687505
0.0200710296630859 0.0242424011230469 -0.141525268554688 0.183303833007812
0.0073699951171875 -0.0121526718139648 0.09112548828125 0.163986206054688
0.01177978515625 -0.00272941589355469 -0.023223876953125 -0.156112670898438
0.00819587707519531 0.0324287414550781 0.249465942382812 -0.062713623046875
0.00967025756835938 0.0390090942382813 0.41290283203125 0.207366943359375
-0.0236930847167969 0.0181655883789062 0.263427734375 0.591796875
-0.0429115295410156 -0.0383682250976563 -0.3553466796875 0.68450927734375
0.0151443481445313 -0.0731735229492188 -0.85528564453125 0.3406982421875
0.0631332397460938 0.0213775634765625 -0.62054443359375 -0.0554809570312499
0.091064453125 0.081329345703125 0.17041015625 0.174148559570313
0.0803985595703125 0.0133132934570313 0.90313720703125 0.0301513671875
0.0241317749023438 -0.0346260070800781 0.749267578125 -0.62628173828125
-0.0288372039794922 -0.0228176116943359 -0.056396484375 -0.774169921875
-0.0178432464599609 0.0020751953125 -0.497283935546875 -0.341278076171875
0.00818634033203125 0.0259857177734375 -0.431976318359375 -0.00430297851562501
0.0168609619140625 0.0243625640869141 -0.141128540039063 0.184341430664063
0.00490522384643555 -0.00823497772216797 0.0926055908203125 0.165176391601563
0.0107097625732422 -0.00101375579833984 -0.02496337890625 -0.15570068359375
0.0043792724609375 0.032318115234375 0.245361328125 -0.0636444091796875
0.00484466552734375 0.0367317199707031 0.410400390625 0.201141357421875
-0.0250053405761719 0.0127277374267578 0.2689208984375 0.58587646484375
-0.0363540649414062 -0.0455665588378906 -0.34716796875 0.6842041015625
0.0349273681640625 -0.074371337890625 -0.8502197265625 0.35003662109375
0.0967788696289063 0.0308761596679688 -0.62689208984375 -0.0534667968750001
0.125709533691406 0.101150512695313 0.158935546875 0.16632080078125
0.111000061035156 0.01953125 0.8975830078125 0.0386962890625
0.0403594970703125 -0.0405731201171875 0.7623291015625 -0.61627197265625
-0.0246448516845703 -0.0320796966552734 -0.04461669921875 -0.77789306640625
-0.0214767456054688 -0.00393104553222656 -0.494720458984375 -0.348175048828125
0.00494384765625 0.0219917297363281 -0.43609619140625 -0.0131835937500001
0.0139198303222656 0.0260009765625 -0.144638061523438 0.183441162109375
0.00422000885009766 -0.00588369369506836 0.0909881591796875 0.16790771484375
0.0089569091796875 -0.000345230102539063 -0.0298614501953125 -0.155715942382813
0.00546455383300781 0.0307769775390625 0.240478515625 -0.0702362060546875
0.00470161437988281 0.0347461700439453 0.411834716796875 0.18585205078125
-0.0249843597412109 0.00953102111816406 0.28631591796875 0.57232666015625
-0.0341262817382812 -0.0487556457519531 -0.31890869140625 0.6929931640625
0.0451126098632813 -0.0778579711914063 -0.8359375 0.375732421875
0.1239013671875 0.03497314453125 -0.64202880859375 -0.0474853515624999
0.15728759765625 0.116653442382813 0.13360595703125 0.152679443359375
0.136077880859375 0.0294113159179687 0.8863525390625 0.06060791015625
0.0574798583984375 -0.0427207946777344 0.7872314453125 -0.59429931640625
-0.0205268859863281 -0.0369682312011719 -0.0148315429687501 -0.78509521484375
-0.0229568481445313 -0.00874519348144531 -0.48626708984375 -0.37158203125
0.00158500671386719 0.021697998046875 -0.4395751953125 -0.025848388671875
0.0140457153320312 0.0248126983642578 -0.151016235351563 0.180404663085937
0.00366568565368652 -0.00323009490966797 0.0886383056640625 0.169082641601563
0.0210113525390625 -0.00995826721191406 -0.048431396484375 -0.163360595703125
0.0251026153564453 0.0242424011230469 0.230728149414063 -0.106948852539063
0.0281295776367188 0.0379371643066406 0.435577392578125 0.111724853515625
-0.00897598266601562 0.0431060791015625 0.388946533203125 0.498870849609375
-0.06060791015625 0.00979614257812501 -0.167724609375 0.72174072265625
-0.0633087158203125 -0.0554351806640625 -0.76837158203125 0.501220703125
-0.0487480163574219 -0.0243415832519531 -0.71893310546875 0.012939453125
-0.0164041519165039 0.012791633605957 0.017303466796875 0.121185302734375
-0.00585174560546875 0.00156545639038086 0.83612060546875 0.177734375
-0.0246067047119141 -0.0166034698486328 0.89825439453125 -0.47686767578125
-0.0421524047851563 0.00227737426757813 0.12786865234375 -0.82000732421875
-0.00959968566894531 0.0189476013183594 -0.439910888671875 -0.459442138671875
0.0168914794921875 0.0327777862548828 -0.451385498046875 -0.0824584960937499
0.030120849609375 0.0257949829101563 -0.173858642578125 0.164474487304688
0.0171451568603516 -0.0189990997314453 0.0741119384765625 0.166244506835938
0.0201473236083984 -0.0101776123046875 -0.0398406982421875 -0.162979125976563
0.0226211547851563 0.0259208679199219 0.239761352539063 -0.095672607421875
0.026763916015625 0.0393028259277344 0.432342529296875 0.13763427734375
-0.0127830505371094 0.0433311462402344 0.35992431640625 0.5328369140625
-0.0637741088867188 0.00230789184570313 -0.219970703125 0.7186279296875
-0.0610122680664063 -0.0604515075683594 -0.79815673828125 0.4586181640625
-0.0476188659667969 -0.0249099731445313 -0.69482421875 -0.00781250000000007
-0.0192356109619141 0.0104351043701172 0.0639419555664063 0.139495849609375
-0.00753927230834961 -0.000839233398437499 0.86224365234375 0.137451171875
-0.0278854370117187 -0.0173969268798828 0.8563232421875 -0.52947998046875
-0.0403289794921875 0.00279617309570312 0.0667724609374999 -0.81158447265625
-0.00891494750976563 0.0197505950927734 -0.461822509765625 -0.4241943359375
0.0178813934326172 0.0312747955322266 -0.446533203125 -0.0559082031249999
0.0291652679443359 0.0239086151123047 -0.164260864257813 0.172607421875
0.0122737884521484 -0.0201549530029297 0.0778656005859375 0.166488647460937
0.0179977416992187 -0.00852203369140625 -0.0326995849609375 -0.164108276367188
0.0190105438232422 0.0301399230957031 0.247100830078125 -0.084747314453125
0.0222396850585938 0.0422554016113281 0.431640625 0.164337158203125
-0.0174827575683594 0.0381317138671875 0.329742431640625 0.55950927734375
-0.0602989196777344 -0.00686264038085938 -0.27239990234375 0.71234130859375
-0.0502128601074219 -0.0636367797851563 -0.825927734375 0.4136962890625
-0.0338001251220703 -0.0179462432861328 -0.66845703125 -0.028564453125
-0.00570487976074219 0.0205440521240234 0.106964111328125 0.1572265625
0.00287461280822754 0.0018765926361084 0.88348388671875 0.09326171875
-0.0203151702880859 -0.0201091766357422 0.81256103515625 -0.5784912109375
-0.0387039184570313 0.000518798828125 0.00891113281250004 -0.8017578125
-0.00845909118652344 0.0156707763671875 -0.480133056640625 -0.391143798828125
0.0159854888916016 0.0300941467285156 -0.443939208984375 -0.0323181152343751
0.0256729125976562 0.0250988006591797 -0.153884887695313 0.180374145507812
0.0105266571044922 -0.0194950103759766 0.0822906494140625 0.16644287109375
0.016291618347168 -0.00817680358886719 -0.027313232421875 -0.161895751953125
0.0154514312744141 0.0305023193359375 0.251998901367188 -0.0744171142578125
0.01776123046875 0.0399360656738281 0.42633056640625 0.185333251953125
-0.02081298828125 0.0318889617919922 0.30059814453125 0.5799560546875
-0.0587043762207031 -0.0178413391113281 -0.31878662109375 0.70562744140625
-0.0321807861328125 -0.0684394836425781 -0.84686279296875 0.37982177734375
-0.00867748260498047 -0.00733470916748047 -0.647216796875 -0.04083251953125
0.0198745727539063 0.0368232727050781 0.143447875976563 0.169891357421875
0.0237178802490234 0.0028839111328125 0.8997802734375 0.0576171875
-0.0079803466796875 -0.0242252349853516 0.77880859375 -0.61273193359375
-0.0365028381347656 -0.00665664672851562 -0.0305786132812501 -0.79400634765625
-0.0111351013183594 0.0119724273681641 -0.496185302734375 -0.36041259765625
0.0152511596679687 0.0304660797119141 -0.43878173828125 -0.0142822265624999
0.0247116088867188 0.0241222381591797 -0.145767211914063 0.184188842773437
0.00948810577392578 -0.0173110961914063 0.088134765625 0.165512084960938
0.0139074325561523 -0.00393390655517578 -0.0235443115234375 -0.158798217773437
0.0124912261962891 0.0301971435546875 0.25360107421875 -0.067596435546875
0.0123062133789063 0.0401573181152344 0.420989990234375 0.201202392578125
-0.0224990844726562 0.0238609313964844 0.28070068359375 0.595947265625
-0.0511550903320313 -0.0280227661132812 -0.3460693359375 0.69635009765625
-0.0074310302734375 -0.0715179443359375 -0.8597412109375 0.3570556640625
0.0280418395996094 0.00603294372558594 -0.63409423828125 -0.0488281249999999
0.0536842346191406 0.0577812194824219 0.164291381835937 0.175567626953125
0.0508003234863281 0.00667953491210938 0.91058349609375 0.035400390625
0.00798606872558594 -0.0295829772949219 0.76202392578125 -0.6324462890625
-0.0322418212890625 -0.0148086547851562 -0.05413818359375 -0.7862548828125
-0.0149784088134766 0.00546741485595703 -0.50396728515625 -0.34722900390625
0.0119838714599609 0.0287551879882812 -0.438385009765625 -0.003570556640625
0.0210494995117188 0.0236625671386719 -0.140899658203125 0.185760498046875
0.00561237335205078 -0.012578010559082 0.0935821533203125 0.164520263671875
0.0113773345947266 -0.000959396362304687 -0.023284912109375 -0.158172607421875
0.009124755859375 0.0323028564453125 0.253204345703125 -0.0644073486328125
0.00792694091796875 0.0388755798339844 0.419036865234375 0.206268310546875
-0.0246372222900391 0.0195293426513672 0.2720947265625 0.59893798828125
-0.0433692932128906 -0.0379638671875 -0.35650634765625 0.69580078125
0.0152359008789063 -0.0736083984375 -0.86444091796875 0.3504638671875
0.0629692077636719 0.0209999084472656 -0.6309814453125 -0.0525512695312501
0.091339111328125 0.0795745849609375 0.171798706054688 0.175521850585938
0.081634521484375 0.010894775390625 0.91302490234375 0.0252685546875
0.0237541198730469 -0.0354118347167969 0.75592041015625 -0.6402587890625
-0.0300922393798828 -0.0234012603759766 -0.06085205078125 -0.782958984375
-0.0188350677490234 0.00202560424804688 -0.50653076171875 -0.3394775390625
0.0073089599609375 0.0256195068359375 -0.4371337890625 -0.00192260742187502
0.0173797607421875 0.0249652862548828 -0.142257690429688 0.187301635742188
0.00496959686279297 -0.00890541076660156 0.094879150390625 0.168121337890625
0.00857782363891602 -0.000698566436767578 -0.0254058837890625 -0.158432006835937
0.00706291198730468 0.0322380065917969 0.2491455078125 -0.0662078857421875
0.00459671020507812 0.0363273620605469 0.416473388671875 0.199249267578125
-0.0256175994873047 0.0135593414306641 0.27655029296875 0.591552734375
-0.0390739440917969 -0.0457687377929687 -0.34844970703125 0.69732666015625
0.0338134765625 -0.0763702392578125 -0.86163330078125 0.3594970703125
0.100631713867188 0.0324325561523438 -0.6343994140625 -0.0524902343749999
0.127479553222656 0.100601196289063 0.16046142578125 0.166976928710938
0.111709594726563 0.0194854736328125 0.90802001953125 0.034423828125
0.0409164428710938 -0.0424270629882813 0.766845703125 -0.6298828125
-0.0249977111816406 -0.0317726135253906 -0.0494995117187501 -0.788818359375
-0.0223007202148438 -0.00378608703613281 -0.503875732421875 -0.351043701171875
0.0052947998046875 0.0233421325683594 -0.440643310546875 -0.0078125
0.0146846771240234 0.0247039794921875 -0.1448974609375 0.186752319335938
0.00522613525390625 -0.00550174713134766 0.093292236328125 0.169708251953125
0.00809812545776367 -0.000771522521972656 -0.0298004150390625 -0.1578369140625
0.00803565979003906 0.0322647094726563 0.243698120117187 -0.07330322265625
0.00529098510742188 0.0354118347167969 0.418212890625 0.184844970703125
-0.0246963500976563 0.0102043151855469 0.29339599609375 0.5784912109375
-0.0361824035644531 -0.0470542907714844 -0.31787109375 0.7041015625
0.0476455688476563 -0.0791473388671875 -0.84423828125 0.38592529296875
0.124313354492188 0.0367507934570313 -0.6495361328125 -0.0422973632812499
0.158416748046875 0.116348266601563 0.13580322265625 0.153182983398437
0.138572692871094 0.0266342163085937 0.89703369140625 0.0556640625
0.0577621459960937 -0.0453109741210937 0.791259765625 -0.608642578125
-0.0196075439453125 -0.037567138671875 -0.0191650390625 -0.79595947265625
-0.0262374877929688 -0.00786781311035156 -0.496002197265625 -0.370513916015625
0.00208282470703125 0.02191162109375 -0.446563720703125 -0.019622802734375
0.0141582489013672 0.026092529296875 -0.151168823242188 0.183578491210937
0.00303840637207031 -0.00336360931396484 0.0906982421875 0.171951293945313
0.0200920104980469 -0.00998115539550781 -0.0486297607421875 -0.165451049804688
0.0274448394775391 0.0244884490966797 0.233612060546875 -0.110321044921875
0.0294723510742188 0.0364837646484375 0.443267822265625 0.10791015625
-0.010284423828125 0.0448722839355469 0.39971923828125 0.5029296875
-0.06402587890625 0.00991058349609376 -0.1650390625 0.7342529296875
-0.0667610168457031 -0.0555496215820313 -0.77337646484375 0.5152587890625
-0.048614501953125 -0.0256919860839844 -0.72900390625 0.0192260742187501
-0.0177097320556641 0.0111904144287109 0.0186080932617187 0.121734619140625
-0.00751638412475586 0.00238609313964844 0.84710693359375 0.17120361328125
-0.0265865325927734 -0.017425537109375 0.90374755859375 -0.4949951171875
-0.0427513122558594 0.00187301635742188 0.121826171875 -0.83099365234375
-0.00897407531738281 0.0206966400146484 -0.450958251953125 -0.4599609375
0.0177154541015625 0.0334129333496094 -0.457489013671875 -0.0798034667968751
0.0313777923583984 0.0261459350585937 -0.173568725585938 0.170120239257813
0.0150413513183594 -0.0197792053222656 0.0771636962890625 0.168502807617188
0.0203723907470703 -0.0106315612792969 -0.04119873046875 -0.166397094726563
0.0236797332763672 0.0280857086181641 0.243576049804687 -0.100357055664063
0.0267868041992188 0.0389595031738281 0.442840576171875 0.13543701171875
-0.0131797790527344 0.0440444946289063 0.370635986328125 0.53466796875
-0.0647735595703125 0.00382995605468749 -0.21551513671875 0.73089599609375
-0.0616798400878906 -0.0587921142578125 -0.803955078125 0.47357177734375
-0.04937744140625 -0.0241966247558594 -0.704833984375 -0.00250244140625008
-0.0198822021484375 0.0114479064941406 0.0643539428710938 0.13946533203125
-0.00899410247802734 -5.1498413085936E-05 0.873291015625 0.13250732421875
-0.0279045104980469 -0.0172348022460938 0.86029052734375 -0.545166015625
-0.0432281494140625 0.00372695922851562 0.06036376953125 -0.82257080078125
-0.00957679748535156 0.0196800231933594 -0.47247314453125 -0.425994873046875
0.0191898345947266 0.0325546264648438 -0.4560546875 -0.05230712890625
0.0296993255615234 0.0256919860839844 -0.16363525390625 0.176483154296875
0.0130863189697266 -0.0204849243164063 0.0803985595703125 0.169952392578125
0.0178432464599609 -0.00752449035644531 -0.03326416015625 -0.164947509765625
0.0207405090332031 0.028717041015625 0.249664306640625 -0.087554931640625
0.0214576721191406 0.0404205322265625 0.437774658203125 0.160736083984375
-0.0161552429199219 0.0403099060058594 0.33929443359375 0.56439208984375
-0.0637550354003906 -0.00504684448242189 -0.269287109375 0.7236328125
-0.0509986877441406 -0.0635452270507813 -0.83453369140625 0.4300537109375
-0.0346431732177734 -0.0191287994384766 -0.6793212890625 -0.0230102539062501
-0.00618553161621094 0.0195388793945313 0.11016845703125 0.158950805664063
0.00255370140075684 -0.000255107879638672 0.89501953125 0.08721923828125
-0.0211296081542969 -0.0200366973876953 0.81597900390625 -0.5946044921875
-0.0407028198242188 0.000106811523437503 0.00445556640624992 -0.811767578125
-0.00997352600097656 0.0165557861328125 -0.491424560546875 -0.390350341796875
0.0184974670410156 0.03125 -0.44940185546875 -0.027252197265625
0.0276088714599609 0.0239295959472656 -0.155426025390625 0.183700561523438
0.00999259948730469 -0.0179233551025391 0.085845947265625 0.170730590820313
0.0157146453857422 -0.00572586059570313 -0.028656005859375 -0.163314819335937
0.0171928405761719 0.0303688049316406 0.25653076171875 -0.0787811279296875
0.0178337097167969 0.04010009765625 0.43414306640625 0.184661865234375
-0.0204124450683594 0.0324020385742187 0.31011962890625 0.5869140625
-0.059112548828125 -0.0170249938964844 -0.31671142578125 0.7177734375
-0.031646728515625 -0.068511962890625 -0.855712890625 0.3917236328125
-0.00878620147705078 -0.00668048858642578 -0.65631103515625 -0.03564453125
0.01983642578125 0.0366477966308594 0.145980834960938 0.169586181640625
0.0235214233398438 0.00338554382324219 0.91156005859375 0.04937744140625
-0.00860023498535156 -0.0228805541992187 0.78643798828125 -0.62811279296875
-0.0372886657714844 -0.00516510009765624 -0.0377197265625 -0.8031005859375
-0.0111837387084961 0.0121612548828125 -0.5052490234375 -0.362030029296875
0.0162563323974609 0.0283164978027344 -0.4461669921875 -0.00967407226562506
0.0258045196533203 0.0241031646728516 -0.146209716796875 0.188385009765625
0.00776004791259766 -0.0159368515014648 0.0908355712890625 0.168289184570313
0.0140657424926758 -0.00373268127441406 -0.0258026123046875 -0.16217041015625
0.0139369964599609 0.0320110321044922 0.2574462890625 -0.07061767578125
0.0123100280761719 0.0398025512695313 0.42999267578125 0.198974609375
-0.0246658325195312 0.0253219604492187 0.29083251953125 0.59881591796875
-0.0519828796386719 -0.0292129516601562 -0.34490966796875 0.713134765625
-0.00831604003906249 -0.0721359252929688 -0.86883544921875 0.36968994140625
0.0273399353027344 0.00648880004882812 -0.64349365234375 -0.0452880859375
0.0546340942382813 0.0574378967285156 0.167831420898437 0.173965454101562
0.05145263671875 0.00638961791992188 0.92205810546875 0.027099609375
0.00708770751953125 -0.0304851531982422 0.7646484375 -0.64776611328125
-0.0339317321777344 -0.0137805938720703 -0.06158447265625 -0.796630859375
-0.0138912200927734 0.00770759582519531 -0.512054443359375 -0.34454345703125
0.0131587982177734 0.0278797149658203 -0.4439697265625 0.000976562499999991
0.0205345153808594 0.0243473052978516 -0.141311645507813 0.190444946289063
0.00571632385253906 -0.0117416381835938 0.095977783203125 0.1676025390625
0.0107507705688477 -0.00277042388916016 -0.024322509765625 -0.159622192382813
0.00990676879882813 0.0333156585693359 0.257080078125 -0.0680084228515625
0.00830459594726563 0.038177490234375 0.426239013671875 0.20263671875
-0.0251388549804688 0.0197925567626953 0.28179931640625 0.60260009765625
-0.0455703735351562 -0.0385780334472656 -0.3548583984375 0.7099609375
0.0147628784179688 -0.0746917724609375 -0.87457275390625 0.36419677734375
0.0651664733886719 0.0222091674804687 -0.6368408203125 -0.0487060546875
0.0929641723632813 0.0803146362304688 0.17462158203125 0.174606323242188
0.0826873779296875 0.0118560791015625 0.9256591796875 0.01763916015625
0.0243492126464844 -0.0353813171386719 0.75799560546875 -0.65557861328125
-0.0304965972900391 -0.0244255065917969 -0.0709838867187501 -0.79437255859375
-0.0184364318847656 0.00103378295898437 -0.516632080078125 -0.338592529296875
0.00983047485351563 0.0247421264648438 -0.444549560546875 0.00326538085937509
0.0178356170654297 0.0244693756103516 -0.140228271484375 0.19195556640625
0.00351190567016602 -0.00851249694824219 0.0957794189453125 0.169662475585938
0.00863027572631836 -0.000503063201904297 -0.0254669189453125 -0.159744262695313
0.00849533081054688 0.0319309234619141 0.252960205078125 -0.070465087890625
0.00674057006835938 0.0359230041503906 0.425048828125 0.198974609375
-0.0248146057128906 0.014892578125 0.2869873046875 0.59832763671875
-0.0397415161132813 -0.0457992553710938 -0.34649658203125 0.71044921875
0.0335922241210937 -0.0766677856445313 -0.86907958984375 0.37066650390625
0.100563049316406 0.0316085815429687 -0.64349365234375 -0.0478515625
0.130714416503906 0.0994720458984375 0.164459228515625 0.16705322265625
0.113197326660156 0.0181427001953125 0.919189453125 0.02764892578125
0.0413360595703125 -0.0426597595214844 0.77008056640625 -0.64593505859375
-0.0254230499267578 -0.0319309234619141 -0.05792236328125 -0.7974853515625
-0.0224437713623047 -0.00366973876953125 -0.51409912109375 -0.34918212890625
0.00536155700683594 0.0234813690185547 -0.448211669921875 -0.001251220703125
0.0155601501464844 0.0259571075439453 -0.1453857421875 0.191543579101563
0.00352907180786133 -0.00618600845336914 0.0948944091796875 0.171188354492188
0.00791501998901367 -0.000458717346191406 -0.030181884765625 -0.159744262695313
0.00832366943359375 0.0322990417480469 0.249053955078125 -0.0765838623046875
0.00514793395996093 0.0342636108398438 0.425567626953125 0.184051513671875
-0.0273990631103516 0.0119209289550781 0.30377197265625 0.58270263671875
-0.0376472473144531 -0.0494499206542969 -0.3148193359375 0.71771240234375
0.0454559326171875 -0.080810546875 -0.85308837890625 0.39849853515625
0.128936767578125 0.0349960327148438 -0.65814208984375 -0.0393066406250001
0.161148071289063 0.116241455078125 0.137374877929688 0.153640747070313
0.139999389648438 0.0264968872070312 0.90863037109375 0.0484619140625
0.0579872131347656 -0.0458106994628906 0.79595947265625 -0.624267578125
-0.021270751953125 -0.03875732421875 -0.0277709960937499 -0.80694580078125
-0.0245380401611328 -0.00874710083007812 -0.50592041015625 -0.371795654296875
0.00205039978027344 0.0233650207519531 -0.451995849609375 -0.0164794921875
0.01495361328125 0.0255260467529297 -0.152847290039063 0.187545776367187
0.00240468978881836 -0.00304150581359863 0.0939788818359375 0.172149658203125
0.0217838287353516 -0.0104827880859375 -0.050628662109375 -0.165374755859375
0.0293025970458984 0.0253410339355469 0.236770629882812 -0.11541748046875
0.0294990539550781 0.0363616943359375 0.4493408203125 0.103759765625
-0.0113563537597656 0.0463447570800781 0.410003662109375 0.50677490234375
-0.0642013549804688 0.0116539001464844 -0.15692138671875 0.7464599609375
-0.0669212341308594 -0.053863525390625 -0.7783203125 0.53411865234375
-0.0497856140136719 -0.0245361328125 -0.73809814453125 0.0278320312499999
-0.0168581008911133 0.0111217498779297 0.0185928344726563 0.119590759277344
-0.00661563873291016 0.00234079360961914 0.8587646484375 0.1658935546875
-0.0273723602294922 -0.0181522369384766 0.9091796875 -0.51007080078125
-0.0434150695800781 0.00377273559570312 0.11444091796875 -0.84375
-0.00915336608886719 0.0202846527099609 -0.4610595703125 -0.462738037109375
0.0188674926757812 0.0334758758544922 -0.465362548828125 -0.0753173828125
0.0327796936035156 0.0242710113525391 -0.174270629882813 0.1741943359375
0.014007568359375 -0.0189857482910156 0.081329345703125 0.17132568359375
0.0197906494140625 -0.0106163024902344 -0.0416412353515625 -0.167465209960938
0.0261039733886719 0.0277900695800781 0.246719360351563 -0.10443115234375
0.0269546508789062 0.0392684936523438 0.449462890625 0.130950927734375
-0.0139122009277344 0.04473876953125 0.38226318359375 0.537750244140625
-0.0657768249511719 0.004974365234375 -0.211669921875 0.7442626953125
-0.0649261474609375 -0.0578804016113281 -0.81024169921875 0.48779296875
-0.0502967834472656 -0.0230216979980469 -0.71270751953125 0.00482177734375012
-0.0207118988037109 0.0101795196533203 0.0669021606445312 0.14019775390625
-0.00961971282958985 -0.00138092041015625 0.8856201171875 0.12176513671875
-0.0288677215576172 -0.0175724029541016 0.86669921875 -0.56365966796875
-0.0420761108398438 0.00606155395507812 0.0523681640624999 -0.83575439453125
-0.008331298828125 0.0199871063232422 -0.48388671875 -0.424102783203125
0.0196647644042969 0.0322017669677734 -0.46185302734375 -0.047821044921875
0.0318527221679688 0.0236587524414063 -0.16302490234375 0.17999267578125
0.011962890625 -0.01971435546875 0.0832366943359375 0.17083740234375
0.016815185546875 -0.00919532775878906 -0.0361175537109375 -0.165130615234375
0.0216503143310547 0.0282649993896484 0.254730224609375 -0.0922393798828125
0.0228767395019531 0.0394210815429688 0.446533203125 0.157257080078125
-0.01690673828125 0.0410423278808594 0.35107421875 0.567626953125
-0.0631446838378906 -0.00382614135742187 -0.26513671875 0.73809814453125
-0.0528717041015625 -0.0638313293457031 -0.84173583984375 0.4432373046875
-0.0357284545898437 -0.0164756774902344 -0.68719482421875 -0.0150146484375001
-0.00778579711914063 0.0208969116210938 0.111724853515625 0.157272338867188
0.00229239463806152 0.000749111175537109 0.907958984375 0.07940673828125
-0.0224494934082031 -0.0207424163818359 0.8223876953125 -0.611328125
-0.0404548645019531 0.00127029418945312 -0.00506591796875 -0.824462890625
-0.008819580078125 0.0170164108276367 -0.5042724609375 -0.389556884765625
0.0189132690429688 0.0300388336181641 -0.456329345703125 -0.0202026367187499
0.0286922454833984 0.0231876373291016 -0.154022216796875 0.187896728515625
0.00896835327148437 -0.0187759399414063 0.0886688232421875 0.170135498046875
0.0165023803710937 -0.00742912292480469 -0.0299835205078125 -0.165847778320312
0.0173835754394531 0.0324783325195313 0.260055541992187 -0.08258056640625
0.0195846557617187 0.0417404174804688 0.442413330078125 0.18109130859375
-0.0198822021484375 0.0332775115966797 0.3231201171875 0.5919189453125
-0.0615615844726563 -0.0167350769042969 -0.3135986328125 0.73089599609375
-0.0339508056640625 -0.0677375793457031 -0.86370849609375 0.4095458984375
-0.00797033309936524 -0.00745105743408203 -0.66436767578125 -0.0317993164062499
0.0190811157226562 0.0369300842285156 0.148223876953125 0.169830322265625
0.0239086151123047 0.00293159484863281 0.92486572265625 0.042724609375
-0.0113887786865234 -0.0237751007080078 0.78778076171875 -0.64593505859375
-0.0379104614257813 -0.00600814819335937 -0.0479736328125001 -0.81451416015625
-0.010986328125 0.0118312835693359 -0.517608642578125 -0.36077880859375
0.0178241729736328 0.0283393859863281 -0.453094482421875 -0.00436401367187494
0.0260238647460938 0.0242271423339844 -0.144866943359375 0.1925048828125
0.00761032104492188 -0.0153903961181641 0.0937042236328125 0.168014526367187
0.0130348205566406 -0.00385665893554688 -0.02618408203125 -0.163467407226562
0.0138511657714844 0.0319576263427734 0.261444091796875 -0.0760650634765625
0.0138816833496094 0.0413055419921875 0.43890380859375 0.1953125
-0.0245914459228516 0.0263519287109375 0.30279541015625 0.6031494140625
-0.0539970397949219 -0.0281143188476562 -0.34222412109375 0.7264404296875
-0.0114593505859375 -0.0718307495117187 -0.876953125 0.384033203125
0.0283145904541016 0.00708770751953125 -0.65087890625 -0.0397338867187501
0.0573921203613281 0.0575828552246094 0.172134399414062 0.176864624023438
0.0513916015625 0.00545120239257813 0.93426513671875 0.01837158203125
0.00542068481445312 -0.0307903289794922 0.7662353515625 -0.66680908203125
-0.034393310546875 -0.0123939514160156 -0.0723876953125 -0.8074951171875
-0.014653205871582 0.0070648193359375 -0.526336669921875 -0.343994140625
0.0137195587158203 0.0266284942626953 -0.451171875 0.00671386718750009
0.0224113464355469 0.0242118835449219 -0.141677856445313 0.195556640625
0.00607681274414062 -0.0119848251342773 0.097259521484375 0.17041015625
0.0109376907348633 -0.00222015380859375 -0.025146484375 -0.16119384765625
0.0101375579833984 0.0340518951416016 0.2626953125 -0.071929931640625
0.00918197631835937 0.0378913879394531 0.434661865234375 0.2005615234375
-0.0241355895996094 0.0197257995605469 0.29388427734375 0.60858154296875
-0.0462570190429687 -0.0378532409667969 -0.35125732421875 0.7249755859375
0.0131759643554688 -0.0755462646484375 -0.88079833984375 0.37738037109375
0.0659637451171875 0.0211906433105469 -0.64794921875 -0.0437011718749999
0.09521484375 0.0794219970703125 0.179458618164063 0.175582885742188
0.0830841064453125 0.00965118408203125 0.93804931640625 0.00787353515625
0.0231513977050781 -0.0370635986328125 0.76019287109375 -0.6751708984375
-0.0295295715332031 -0.0223426818847656 -0.0791015625000001 -0.80535888671875
-0.0184440612792969 0.00197792053222656 -0.528594970703125 -0.336578369140625
0.00891494750976563 0.0252933502197266 -0.451690673828125 0.010101318359375
0.0202903747558594 0.0253829956054688 -0.141311645507813 0.195541381835937
0.00342130661010742 -0.00781059265136719 0.0997772216796875 0.172119140625
0.0103168487548828 -0.000225067138671875 -0.02734375 -0.16229248046875
0.0106658935546875 0.0337886810302734 0.25640869140625 -0.0755767822265625
0.00703620910644531 0.0350399017333984 0.434478759765625 0.1942138671875
-0.0278129577636719 0.0157222747802734 0.29779052734375 0.60174560546875
-0.0416030883789062 -0.04388427734375 -0.3419189453125 0.7261962890625
0.0329513549804688 -0.0773391723632813 -0.8758544921875 0.38671875
0.100479125976563 0.0299148559570313 -0.65191650390625 -0.0416870117187499
0.133148193359375 0.10076904296875 0.168304443359375 0.167068481445313
0.114349365234375 0.0157852172851562 0.9315185546875 0.01629638671875
0.0417289733886719 -0.0437278747558594 0.77227783203125 -0.66375732421875
-0.0264739990234375 -0.0320072174072266 -0.0665893554687501 -0.80987548828125
-0.0223674774169922 -0.00422859191894532 -0.5257568359375 -0.34783935546875
0.005126953125 0.0232219696044922 -0.4547119140625 0.00442504882812501
0.0184955596923828 0.0263137817382813 -0.144744873046875 0.195281982421875
0.00271797180175781 -0.00479698181152344 0.09967041015625 0.173492431640625
0.00956439971923828 3.33786010742187E-05 -0.0329742431640625 -0.160934448242188
0.00891876220703125 0.03271484375 0.253280639648437 -0.0810394287109375
0.00577163696289063 0.0356597900390625 0.433441162109375 0.180450439453125
-0.0274734497070313 0.0120143890380859 0.31451416015625 0.587158203125
-0.0377883911132812 -0.0479698181152344 -0.31390380859375 0.733154296875
0.0452651977539062 -0.080902099609375 -0.8603515625 0.4156494140625
0.128852844238281 0.0347747802734375 -0.66766357421875 -0.0311279296875001
0.162918090820313 0.115646362304688 0.141693115234375 0.15325927734375
0.140975952148438 0.0253143310546875 0.9222412109375 0.0361328125
0.0579719543457031 -0.0459022521972656 0.7994384765625 -0.64141845703125
-0.0217399597167969 -0.0385055541992188 -0.0378417968750001 -0.8182373046875
-0.0252399444580078 -0.00733566284179687 -0.51934814453125 -0.369903564453125
0.002288818359375 0.022308349609375 -0.459381103515625 -0.0118408203125
0.0160083770751953 0.0254898071289063 -0.151138305664062 0.19256591796875
0.0023956298828125 -0.00132584571838379 0.097015380859375 0.175689697265625
0.0215377807617188 -0.0109729766845703 -0.0529022216796875 -0.167327880859375
0.030914306640625 0.0245552062988281 0.239822387695313 -0.121047973632813
0.030426025390625 0.0368118286132813 0.456298828125 0.097900390625
-0.0101509094238281 0.0470314025878906 0.426239013671875 0.507720947265625
-0.0659599304199219 0.0129203796386719 -0.150146484375 0.75885009765625
-0.068572998046875 -0.0543174743652344 -0.7802734375 0.54962158203125
-0.05120849609375 -0.0235710144042969 -0.74554443359375 0.0380859375000001
-0.0173320770263672 0.0118207931518555 0.019989013671875 0.121238708496094
-0.00793075561523438 0.00336933135986328 0.87225341796875 0.15472412109375
-0.0279254913330078 -0.0166778564453125 0.91265869140625 -0.52899169921875
-0.0428237915039063 0.00479507446289063 0.10479736328125 -0.85693359375
-0.00843620300292969 0.0207576751708984 -0.4739990234375 -0.458984375
0.0195655822753906 0.0319881439208984 -0.474029541015625 -0.0676574707031249
0.0332393646240234 0.0246639251708984 -0.17340087890625 0.179046630859375
0.0142726898193359 -0.0194549560546875 0.083465576171875 0.171707153320313
0.0199127197265625 -0.00985527038574219 -0.0447540283203125 -0.1683349609375
0.0265350341796875 0.0265636444091797 0.249267578125 -0.110122680664063
0.0276641845703125 0.0387496948242188 0.457061767578125 0.125030517578125
-0.0136070251464844 0.0440521240234375 0.396484375 0.53900146484375
-0.0677642822265625 0.00723648071289063 -0.20330810546875 0.75811767578125
-0.0664749145507813 -0.0574226379394531 -0.81207275390625 0.50665283203125
-0.0518417358398437 -0.0226364135742188 -0.7210693359375 0.0145874023437499
-0.0203094482421875 0.0114040374755859 0.068145751953125 0.139434814453125
-0.00965785980224609 0.000286102294921874 0.8975830078125 0.1119384765625
-0.0293254852294922 -0.0164966583251953 0.86785888671875 -0.58282470703125
-0.0433273315429688 0.00482940673828125 0.0411376953125 -0.84796142578125
-0.00726127624511719 0.02044677734375 -0.49713134765625 -0.423309326171875
0.0207901000976563 0.0314044952392578 -0.469512939453125 -0.04150390625
0.0319919586181641 0.0233554840087891 -0.163177490234375 0.186325073242188
0.0113849639892578 -0.0202846527099609 0.0849456787109375 0.172393798828125
0.0181808471679688 -0.00857162475585938 -0.036834716796875 -0.16790771484375
0.0237236022949219 0.0301513671875 0.258224487304688 -0.0984344482421875
0.0240592956542969 0.0406455993652344 0.45458984375 0.15252685546875
-0.01708984375 0.0400619506835937 0.3653564453125 0.57135009765625
-0.0661048889160156 -0.00358581542968749 -0.25775146484375 0.7520751953125
-0.0545730590820312 -0.0641365051269531 -0.84503173828125 0.46392822265625
-0.036102294921875 -0.0171928405761719 -0.69659423828125 -0.00646972656249989
-0.00617408752441407 0.0202770233154297 0.115249633789063 0.158157348632813
0.00176656246185303 -0.000234484672546387 0.91845703125 0.06610107421875
-0.0228214263916016 -0.019012451171875 0.822998046875 -0.63201904296875
-0.0407829284667969 0.00344467163085937 -0.01971435546875 -0.83660888671875
-0.00892925262451172 0.016667366027832 -0.517059326171875 -0.38739013671875
0.0198860168457031 0.030731201171875 -0.46295166015625 -0.0154418945312501
0.0302658081054688 0.0239276885986328 -0.1534423828125 0.192764282226563
0.00942420959472656 -0.0187492370605469 0.0897216796875 0.17236328125
0.0153846740722656 -0.00687885284423828 -0.031524658203125 -0.166656494140625
0.0208644866943359 0.03131103515625 0.263717651367187 -0.0872955322265625
0.0184745788574219 0.0407905578613281 0.45123291015625 0.1768798828125
-0.0219402313232422 0.0345172882080078 0.33526611328125 0.59332275390625
-0.0603408813476562 -0.015625 -0.30499267578125 0.7459716796875
-0.0356521606445313 -0.0690536499023438 -0.867919921875 0.42498779296875
-0.00855922698974609 -0.00767755508422852 -0.6739501953125 -0.02178955078125
0.0209884643554688 0.0363845825195313 0.151962280273438 0.168701171875
0.0254306793212891 0.000415802001953125 0.93572998046875 0.027587890625
-0.00938796997070313 -0.0246963500976563 0.78759765625 -0.66778564453125
-0.0385818481445313 -0.00418853759765625 -0.062255859375 -0.82611083984375
-0.0107927322387695 0.0125541687011719 -0.53076171875 -0.357147216796875
0.0185146331787109 0.0285205841064453 -0.45904541015625 0.00344848632812491
0.027374267578125 0.0224494934082031 -0.145217895507813 0.197067260742188
0.00622272491455078 -0.0156259536743164 0.0961456298828125 0.17156982421875
0.0132541656494141 -0.00335025787353516 -0.0281829833984375 -0.164810180664063
0.0164127349853516 0.0332126617431641 0.266983032226563 -0.0803375244140625
0.0156173706054688 0.0388031005859375 0.446685791015625 0.19207763671875
-0.0239734649658203 0.0272312164306641 0.3148193359375 0.60626220703125
-0.0557441711425781 -0.0275382995605469 -0.3363037109375 0.74072265625
-0.0119705200195313 -0.0727691650390625 -0.8837890625 0.402099609375
0.0285930633544922 0.00643157958984375 -0.66070556640625 -0.0314941406249999
0.0579299926757812 0.0568313598632812 0.175628662109375 0.175048828125
0.0526046752929688 0.00383758544921875 0.94549560546875 0.00494384765625
0.00537490844726563 -0.031158447265625 0.76654052734375 -0.68914794921875
-0.0346240997314453 -0.0138149261474609 -0.0842895507812501 -0.817138671875
-0.01434326171875 0.00777149200439453 -0.5377197265625 -0.3392333984375
0.0137271881103516 0.0259933471679688 -0.45782470703125 0.013946533203125
0.0239086151123047 0.0235366821289063 -0.1397705078125 0.19915771484375
0.00557231903076172 -0.0112333297729492 0.100753784179688 0.170272827148438
0.0120105743408203 -0.00187397003173828 -0.0259246826171875 -0.163787841796875
0.0128402709960938 0.0328140258789063 0.265167236328125 -0.07781982421875
0.00957489013671875 0.0386428833007813 0.442291259765625 0.196563720703125
-0.0259685516357422 0.0196380615234375 0.30572509765625 0.61224365234375
-0.0478782653808594 -0.0371055603027344 -0.3455810546875 0.73822021484375
0.0114974975585938 -0.0758285522460938 -0.88787841796875 0.3968505859375
0.0671348571777344 0.0192604064941406 -0.6558837890625 -0.0340576171875
0.0978775024414063 0.0783004760742188 0.183212280273438 0.173507690429688
0.0846328735351563 0.00925445556640625 0.946533203125 -0.0069580078125
0.0233306884765625 -0.0387458801269531 0.7591552734375 -0.6922607421875
-0.0314960479736328 -0.0215969085693359 -0.09246826171875 -0.814453125
-0.0192031860351562 0.00145530700683594 -0.54132080078125 -0.334503173828125
0.0105113983154297 0.0258274078369141 -0.45758056640625 0.0165100097656251
0.0207443237304688 0.0243511199951172 -0.139724731445313 0.201385498046875
0.00277328491210937 -0.00750970840454102 0.10302734375 0.1712646484375
0.00924396514892578 -0.0007171630859375 -0.0282440185546875 -0.161911010742188
0.0106048583984375 0.0321941375732422 0.261505126953125 -0.0800323486328125
0.00774002075195313 0.0356178283691406 0.442169189453125 0.189300537109375
-0.0277462005615234 0.0161075592041016 0.31036376953125 0.6070556640625
-0.0428352355957031 -0.0447616577148438 -0.3353271484375 0.74017333984375
0.0329437255859375 -0.0783538818359375 -0.88348388671875 0.406494140625
0.103042602539063 0.0298843383789063 -0.659912109375 -0.0329589843749999
0.134956359863281 0.09912109375 0.170974731445313 0.16558837890625
0.116081237792969 0.0148391723632812 0.94384765625 0.00225830078125
0.0398483276367188 -0.0446548461914063 0.7724609375 -0.684814453125
-0.0273151397705078 -0.0316123962402344 -0.0783691406250001 -0.82061767578125
-0.0237636566162109 -0.00319671630859375 -0.537841796875 -0.344268798828125
0.00518798828125 0.0242843627929687 -0.4608154296875 0.00891113281249997
0.0165939331054688 0.0261478424072266 -0.143142700195312 0.199325561523438
0.00196170806884766 -0.00526762008666992 0.102294921875 0.174728393554688
0.00825643539428711 -0.000141620635986328 -0.0339813232421875 -0.161407470703125
0.010650634765625 0.0330829620361328 0.255935668945313 -0.0872650146484375
0.00551223754882813 0.0344867706298828 0.442626953125 0.173919677734375
-0.0277938842773438 0.0124626159667969 0.32696533203125 0.589599609375
-0.0398025512695313 -0.047515869140625 -0.3065185546875 0.74639892578125
0.0443267822265625 -0.0817718505859375 -0.8648681640625 0.4322509765625
0.132057189941406 0.0335464477539063 -0.67596435546875 -0.0257568359375
0.167388916015625 0.115432739257813 0.143402099609375 0.1519775390625
0.14276123046875 0.023223876953125 0.9320068359375 0.02349853515625
0.0562782287597656 -0.0480918884277344 0.7984619140625 -0.66265869140625
-0.022796630859375 -0.0380020141601563 -0.049072265625 -0.828857421875
-0.0256938934326172 -0.00953483581542969 -0.53057861328125 -0.365142822265625
0.00307273864746093 0.0223064422607422 -0.46673583984375 -0.0052490234374999
0.0173149108886719 0.0248756408691406 -0.150970458984375 0.196929931640625
0.00147199630737305 -0.00248622894287109 0.0997314453125 0.177093505859375
0.0209083557128906 -0.0106773376464844 -0.0545196533203125 -0.168441772460937
0.0305347442626953 0.0232028961181641 0.242202758789062 -0.127685546875
0.0299224853515625 0.035797119140625 0.465057373046875 0.0897216796875
-0.0103187561035156 0.047882080078125 0.4395751953125 0.5035400390625
-0.0670013427734375 0.0142936706542969 -0.1383056640625 0.76953125
-0.071075439453125 -0.0519180297851563 -0.7783203125 0.57159423828125
-0.05242919921875 -0.0238609313964844 -0.7550048828125 0.0493774414062502
-0.0174455642700195 0.0110645294189453 0.0207672119140625 0.119575500488281
-0.00721502304077148 0.0013880729675293 0.88226318359375 0.14117431640625
-0.0289878845214844 -0.0162296295166016 0.914794921875 -0.55181884765625
-0.0449943542480469 0.00527572631835938 0.0906982421875 -0.86883544921875
-0.00849533081054688 0.0209941864013672 -0.488739013671875 -0.45709228515625
0.01995849609375 0.0309772491455078 -0.48089599609375 -0.057952880859375
0.0343112945556641 0.0228691101074219 -0.174560546875 0.183807373046875
0.0130748748779297 -0.0179691314697266 0.086273193359375 0.173171997070313
0.0193729400634766 -0.0103588104248047 -0.047698974609375 -0.168914794921875
0.0298919677734375 0.0257511138916016 0.252700805664063 -0.116592407226563
0.0284919738769531 0.0364646911621094 0.463653564453125 0.11578369140625
-0.0131950378417969 0.0451278686523437 0.412750244140625 0.539337158203125
-0.0675315856933594 0.00907135009765625 -0.19586181640625 0.770263671875
-0.0682945251464844 -0.0574226379394531 -0.812744140625 0.5262451171875
-0.0527763366699219 -0.0222244262695312 -0.728515625 0.0266113281249999
-0.0194568634033203 0.0110549926757813 0.0708084106445313 0.139739990234375
-0.0105600357055664 -0.000918388366699219 0.908447265625 0.09698486328125
-0.0306167602539063 -0.0160999298095703 0.8695068359375 -0.60296630859375
-0.0450057983398438 0.00709533691406251 0.0252685546874999 -0.85662841796875
-0.00765609741210938 0.0185546875 -0.51025390625 -0.419403076171875
0.0218296051025391 0.0313091278076172 -0.4759521484375 -0.03033447265625
0.0347881317138672 0.0231952667236328 -0.16326904296875 0.191787719726563
0.0114173889160156 -0.0189228057861328 0.0894622802734375 0.172210693359375
0.0178852081298828 -0.00779533386230469 -0.039581298828125 -0.169281005859375
0.0261726379394531 0.0301170349121094 0.260269165039063 -0.105072021484375
0.0252838134765625 0.0391960144042969 0.462799072265625 0.1435546875
-0.0167961120605469 0.040985107421875 0.37738037109375 0.57049560546875
-0.0672988891601563 -0.00128555297851562 -0.24945068359375 0.7657470703125
-0.0557746887207031 -0.0624542236328125 -0.84613037109375 0.48309326171875
-0.0370903015136719 -0.0173110961914063 -0.70318603515625 0.00329589843750011
-0.00575065612792969 0.0196590423583984 0.118118286132812 0.155746459960938
0.0017082691192627 -0.00163125991821289 0.92913818359375 0.0504150390625
-0.02520751953125 -0.01708984375 0.8204345703125 -0.65399169921875
-0.040740966796875 0.00315093994140625 -0.0340576171875 -0.8438720703125
-0.00916290283203125 0.01800537109375 -0.527801513671875 -0.381256103515625
0.0205936431884766 0.0300445556640625 -0.46990966796875 -0.00466918945312502
0.0306415557861328 0.0227165222167969 -0.151016235351563 0.19854736328125
0.00725650787353516 -0.0175657272338867 0.0934906005859375 0.173110961914063
0.0162830352783203 -0.00669479370117188 -0.0340576171875 -0.168182373046875
0.0222187042236328 0.0310211181640625 0.267822265625 -0.0941619873046875
0.0189552307128906 0.0426483154296875 0.459808349609375 0.168487548828125
-0.021453857421875 0.0366439819335937 0.3505859375 0.59515380859375
-0.062713623046875 -0.0136795043945313 -0.297607421875 0.76177978515625
-0.0369148254394531 -0.0675697326660156 -0.86932373046875 0.44549560546875
-0.00936126708984375 -0.00689601898193359 -0.68011474609375 -0.00939941406250014
0.0211143493652344 0.0348796844482422 0.155746459960938 0.16778564453125
0.02398681640625 -0.000463485717773437 0.9454345703125 0.01361083984375
-0.0117855072021484 -0.0244216918945313 0.78594970703125 -0.68780517578125
-0.0385513305664063 -0.00310134887695312 -0.0747070312499999 -0.83551025390625
-0.0103521347045898 0.0113430023193359 -0.542510986328125 -0.350830078125
0.0195713043212891 0.0282917022705078 -0.465850830078125 0.0130615234375
0.0276451110839844 0.0221233367919922 -0.143280029296875 0.202316284179688
0.00692844390869141 -0.0149545669555664 0.09918212890625 0.171890258789063
0.0132951736450195 -0.00434303283691406 -0.02978515625 -0.167205810546875
0.0171527862548828 0.0331134796142578 0.268707275390625 -0.087677001953125
0.0147666931152344 0.0391807556152344 0.45745849609375 0.185272216796875
-0.0251350402832031 0.0279979705810547 0.3297119140625 0.60894775390625
-0.0561904907226562 -0.0271568298339844 -0.32623291015625 0.75616455078125
-0.01385498046875 -0.0715789794921875 -0.88702392578125 0.42047119140625
0.0290546417236328 0.00559806823730469 -0.66729736328125 -0.0216064453124999
0.0586433410644531 0.0552406311035156 0.178680419921875 0.172348022460938
0.0524635314941406 0.00408554077148437 0.9541015625 -0.01153564453125
0.00441932678222656 -0.0318984985351563 0.764404296875 -0.708740234375
-0.03411865234375 -0.0112876892089844 -0.0993652343749999 -0.8245849609375
-0.0141572952270508 0.00679397583007813 -0.54949951171875 -0.3328857421875
0.0145378112792969 0.0270748138427734 -0.461639404296875 0.0236511230468751
0.0243053436279297 0.0229911804199219 -0.137130737304688 0.204132080078125
0.00410079956054688 -0.0119943618774414 0.103530883789063 0.170684814453125
0.0108785629272461 -0.00207328796386719 -0.02862548828125 -0.164901733398438
0.0144195556640625 0.0335369110107422 0.268203735351563 -0.08477783203125
0.00985336303710937 0.0386314392089844 0.453155517578125 0.189849853515625
-0.0260372161865234 0.0205478668212891 0.320556640625 0.613037109375
-0.0495109558105469 -0.0372200012207031 -0.33880615234375 0.75213623046875
0.0108261108398438 -0.0754623413085938 -0.89007568359375 0.41485595703125
0.0683822631835937 0.0179252624511719 -0.6630859375 -0.0260009765625
0.0997238159179687 0.0778884887695313 0.187057495117188 0.17156982421875
0.0852890014648438 0.00732421875 0.95684814453125 -0.02056884765625
0.0216941833496094 -0.0391769409179688 0.75628662109375 -0.71636962890625
-0.031890869140625 -0.0214767456054688 -0.1094970703125 -0.82330322265625
-0.0198326110839844 0.00100326538085937 -0.552764892578125 -0.33148193359375
0.01129150390625 0.026123046875 -0.461151123046875 0.026397705078125
0.0208473205566406 0.0249614715576172 -0.137863159179687 0.204849243164063
0.00294637680053711 -0.00699043273925781 0.10479736328125 0.173507690429687
0.00920581817626953 -0.0007476806640625 -0.030242919921875 -0.163345336914063
0.0121536254882812 0.0335884094238281 0.264801025390625 -0.0866241455078125
0.00783538818359375 0.035614013671875 0.4501953125 0.1854248046875
-0.0277519226074219 0.0165634155273437 0.3223876953125 0.60711669921875
-0.0449409484863281 -0.0439262390136719 -0.32763671875 0.75579833984375
0.0315628051757812 -0.0790557861328125 -0.88409423828125 0.4248046875
0.104530334472656 0.0281600952148438 -0.6689453125 -0.023193359375
0.138534545898438 0.0980148315429687 0.174819946289063 0.163711547851563
0.118408203125 0.01300048828125 0.95294189453125 -0.0126953125
0.0400962829589844 -0.0450019836425781 0.767578125 -0.70599365234375
-0.0261688232421875 -0.0302677154541016 -0.09332275390625 -0.8280029296875
-0.0232505798339844 -0.00403976440429688 -0.550811767578125 -0.339019775390625
0.00675392150878906 0.0229053497314453 -0.46771240234375 0.019622802734375
0.0195140838623047 0.0242443084716797 -0.142745971679688 0.205581665039063
0.000324726104736329 -0.00400328636169434 0.107040405273437 0.174713134765625
0.00669193267822266 -0.000457763671875 -0.036376953125 -0.164047241210938
0.0111579895019531 0.0319252014160156 0.259918212890625 -0.094207763671875
0.00520706176757813 0.0340576171875 0.45025634765625 0.168914794921875
-0.0281505584716797 0.012420654296875 0.34136962890625 0.5921630859375
-0.0410041809082031 -0.0467872619628906 -0.29840087890625 0.760986328125
0.0431671142578125 -0.083526611328125 -0.86663818359375 0.450927734375
0.134552001953125 0.0306854248046875 -0.6832275390625 -0.0136718749999999
0.170791625976563 0.112335205078125 0.147491455078125 0.150131225585938
0.145095825195313 0.0201416015625 0.9423828125 0.0084228515625
0.0570030212402344 -0.0497093200683594 0.79730224609375 -0.68603515625
-0.0230522155761719 -0.0371742248535156 -0.0645751953124999 -0.83740234375
-0.0250415802001953 -0.00993728637695313 -0.5443115234375 -0.362213134765625
0.00206756591796875 0.0211009979248047 -0.4725341796875 0.00509643554687497
0.0165195465087891 0.0257167816162109 -0.14874267578125 0.202499389648437
0.00141310691833496 -0.000513434410095215 0.104049682617187 0.177627563476563
0.0207843780517578 -0.0112686157226562 -0.057159423828125 -0.16925048828125
0.0342330932617188 0.0233421325683594 0.24267578125 -0.134201049804688
0.0316257476806641 0.0348110198974609 0.470428466796875 0.08111572265625
-0.0101432800292969 0.0482673645019531 0.454833984375 0.499908447265625
-0.0670585632324219 0.0151405334472656 -0.12322998046875 0.78216552734375
-0.0747222900390625 -0.0502166748046875 -0.7762451171875 0.59283447265625
-0.051605224609375 -0.0224189758300781 -0.7620849609375 0.0640258789062499
-0.0179214477539063 0.0104331970214844 0.0232009887695313 0.120773315429688
-0.00793743133544922 6.2942504882811E-05 0.89312744140625 0.1256103515625
-0.0301017761230469 -0.0169734954833984 0.912109375 -0.57470703125
-0.0438041687011719 0.007598876953125 0.07373046875 -0.87921142578125
-0.00751686096191406 0.0207424163818359 -0.502410888671875 -0.451141357421875
0.0220699310302734 0.0297336578369141 -0.487762451171875 -0.0498352050781251
0.0351676940917969 0.0224113464355469 -0.1708984375 0.18994140625
0.0129432678222656 -0.0188579559326172 0.09136962890625 0.173095703125
0.0206127166748047 -0.0106334686279297 -0.048736572265625 -0.169830322265625
0.0319557189941406 0.0257740020751953 0.253997802734375 -0.122589111328125
0.0297775268554688 0.0370979309082031 0.4722900390625 0.10870361328125
-0.0128555297851562 0.0451126098632812 0.425140380859375 0.534820556640625
-0.0692634582519531 0.00937271118164061 -0.1788330078125 0.78265380859375
-0.0714569091796875 -0.0549774169921875 -0.81085205078125 0.54779052734375
-0.0530471801757813 -0.0211524963378906 -0.73492431640625 0.0406494140625001
-0.0211925506591797 0.0108814239501953 0.0729293823242188 0.138824462890625
-0.00959110260009766 -0.00254440307617187 0.91717529296875 0.08062744140625
-0.0313758850097656 -0.0147438049316406 0.863037109375 -0.62744140625
-0.0446052551269531 0.00804901123046874 0.0103759765624999 -0.86871337890625
-0.00724029541015625 0.0203399658203125 -0.524017333984375 -0.41204833984375
0.0232295989990234 0.0300636291503906 -0.481719970703125 -0.02117919921875
0.0347576141357422 0.0217990875244141 -0.15985107421875 0.195785522460938
0.0103874206542969 -0.0190410614013672 0.0926361083984375 0.172698974609375
0.0177650451660156 -0.00835037231445313 -0.040985107421875 -0.17022705078125
0.0274543762207031 0.0288734436035156 0.263351440429688 -0.11248779296875
0.0249481201171875 0.038787841796875 0.46893310546875 0.13555908203125
-0.0177879333496094 0.0426139831542969 0.39410400390625 0.56842041015625
-0.0676803588867188 -0.00112915039062501 -0.23577880859375 0.7777099609375
-0.0579948425292969 -0.0611724853515625 -0.84454345703125 0.504150390625
-0.0383071899414063 -0.0167579650878906 -0.7098388671875 0.01678466796875
-0.00636672973632813 0.0193977355957031 0.122146606445313 0.153671264648438
0.000526607036590576 -0.00106126070022583 0.9385986328125 0.03387451171875
-0.0242671966552734 -0.0171527862548828 0.8145751953125 -0.67578125
-0.0432167053222656 0.00507354736328124 -0.0484619140625 -0.8519287109375
-0.00815677642822266 0.016326904296875 -0.541473388671875 -0.373931884765625
0.0215396881103516 0.0295352935791016 -0.475677490234375 0.00607299804687494
0.0315017700195313 0.0229129791259766 -0.14996337890625 0.202117919921875
0.00724029541015625 -0.0177593231201172 0.09832763671875 0.173324584960938
0.0154542922973633 -0.00729274749755859 -0.035430908203125 -0.169540405273438
0.0236244201660156 0.0300254821777344 0.268875122070312 -0.1002197265625
0.0210418701171875 0.0399208068847656 0.46722412109375 0.16033935546875
-0.0207290649414062 0.0355224609375 0.36614990234375 0.593994140625
-0.064239501953125 -0.0119552612304688 -0.28411865234375 0.77447509765625
-0.0394020080566406 -0.0665931701660156 -0.870849609375 0.4678955078125
-0.00850820541381836 -0.00632619857788086 -0.6875 0.00158691406250008
0.022064208984375 0.0347251892089844 0.160293579101563 0.165328979492188
0.0236186981201172 -0.0009918212890625 0.95343017578125 -0.0045166015625
-0.0128211975097656 -0.0231990814208984 0.77923583984375 -0.71209716796875
-0.038299560546875 -0.000339508056640617 -0.0910034179687499 -0.841064453125
-0.00996780395507812 0.0122480392456055 -0.554840087890625 -0.344268798828125
0.0190658569335938 0.028106689453125 -0.4697265625 0.0233154296875
0.0280075073242188 0.0218372344970703 -0.1397705078125 0.207443237304688
0.00580501556396484 -0.0141000747680664 0.103378295898438 0.171157836914063
0.0119247436523438 -0.00323390960693359 -0.0319671630859375 -0.167770385742188
0.0182781219482422 0.0330715179443359 0.271286010742187 -0.0937652587890625
0.0152854919433594 0.0396347045898437 0.46319580078125 0.177703857421875
-0.0241622924804688 0.0298271179199219 0.345703125 0.60791015625
-0.0574913024902344 -0.0248336791992187 -0.316162109375 0.76953125
-0.0164413452148438 -0.0709609985351563 -0.8876953125 0.44329833984375
0.0287685394287109 0.00419807434082031 -0.67413330078125 -0.01007080078125
0.0609474182128906 0.0555458068847656 0.1832275390625 0.1707763671875
0.0539512634277344 0.00281143188476563 0.963134765625 -0.030029296875
0.00402259826660156 -0.0313148498535156 0.754150390625 -0.7303466796875
-0.0364570617675781 -0.0112075805664063 -0.11578369140625 -0.83203125
-0.0145730972290039 0.00653171539306641 -0.560211181640625 -0.325836181640625
0.0162582397460938 0.0262565612792969 -0.467529296875 0.034515380859375
0.0251846313476563 0.0227241516113281 -0.13543701171875 0.209136962890625
0.00356578826904297 -0.0107412338256836 0.108367919921875 0.171722412109375
0.0117473602294922 -0.00195121765136719 -0.0309600830078125 -0.165328979492187
0.0153827667236328 0.0331935882568359 0.271316528320313 -0.092498779296875
0.0115814208984375 0.0382156372070313 0.460601806640625 0.182373046875
-0.0273609161376953 0.0216350555419922 0.335693359375 0.61358642578125
-0.0501861572265625 -0.0363883972167969 -0.3250732421875 0.76837158203125
0.00897216796875001 -0.0752792358398438 -0.8902587890625 0.43853759765625
0.06884765625 0.0185356140136719 -0.6685791015625 -0.0123291015625
0.100936889648437 0.0759506225585937 0.1920166015625 0.168746948242188
0.0860443115234375 0.00514984130859375 0.96453857421875 -0.04083251953125
0.0207595825195312 -0.0397872924804688 0.7489013671875 -0.7393798828125
-0.0326347351074219 -0.0210018157958984 -0.1251220703125 -0.82952880859375
-0.0185508728027344 0.00148963928222656 -0.5657958984375 -0.32086181640625
0.0117549896240234 0.0237483978271484 -0.468475341796875 0.0366821289062499
0.0224437713623047 0.0240116119384766 -0.134689331054687 0.210296630859375
0.000994205474853515 -0.00654745101928711 0.110794067382813 0.17315673828125
0.00914382934570313 -8.86917114257813E-05 -0.0318145751953125 -0.165557861328125
0.0130462646484375 0.032623291015625 0.2674560546875 -0.09417724609375
0.00794601440429688 0.0361289978027344 0.45928955078125 0.175811767578125
-0.0282859802246094 0.0169963836669922 0.33929443359375 0.60614013671875
-0.0452384948730469 -0.0424690246582031 -0.3172607421875 0.76995849609375
0.0298309326171875 -0.0794219970703125 -0.88751220703125 0.4453125
0.106277465820313 0.0260086059570313 -0.6737060546875 -0.0128173828124999
0.141494750976563 0.0949859619140625 0.180389404296875 0.160751342773438
0.116966247558594 0.00983428955078125 0.96063232421875 -0.0303955078125
0.0407257080078125 -0.0466079711914063 0.76287841796875 -0.7281494140625
-0.0284080505371094 -0.02911376953125 -0.11260986328125 -0.83453369140625
-0.0232028961181641 -0.00420570373535157 -0.56182861328125 -0.328857421875
0.00641250610351562 0.0233421325683594 -0.47271728515625 0.0288696289062501
0.0208950042724609 0.0239639282226563 -0.138031005859375 0.20965576171875
0.00112247467041016 -0.00258255004882813 0.1107177734375 0.174957275390625
0.00937652587890625 0.00140762329101563 -0.0381317138671875 -0.163909912109375
0.0134811401367188 0.0319290161132813 0.261199951171875 -0.10009765625
0.00676536560058594 0.0346755981445313 0.4573974609375 0.16094970703125
-0.029815673828125 0.0136203765869141 0.35858154296875 0.5894775390625
-0.0432662963867188 -0.0460548400878906 -0.28521728515625 0.7733154296875
0.0420455932617188 -0.0838699340820312 -0.86773681640625 0.47467041015625
0.135231018066406 0.0283279418945313 -0.68902587890625 -0.000976562499999886
0.174240112304687 0.109420776367188 0.151092529296875 0.148651123046875
0.14544677734375 0.0168914794921875 0.9490966796875 -0.010009765625
0.0561981201171875 -0.0507278442382813 0.790771484375 -0.708251953125
-0.0238800048828125 -0.03753662109375 -0.0822143554687499 -0.8448486328125
-0.0254077911376953 -0.00933647155761719 -0.5572509765625 -0.352935791015625
0.00334548950195313 0.0219936370849609 -0.47796630859375 0.0152893066406251
0.0183353424072266 0.0253200531005859 -0.146377563476562 0.206130981445312
0.00081789493560791 -0.00187551975250244 0.107147216796875 0.17730712890625
0.0223979949951172 -0.0111598968505859 -0.06011962890625 -0.170013427734375
0.0349102020263672 0.0217266082763672 0.243484497070313 -0.141357421875
0.03106689453125 0.0355796813964844 0.474945068359375 0.0709228515625
-0.00851821899414062 0.0488815307617188 0.46942138671875 0.493621826171875
-0.0671005249023438 0.0178337097167969 -0.10736083984375 0.7901611328125
-0.0758056640625 -0.04931640625 -0.76898193359375 0.6136474609375
-0.0535621643066406 -0.0193901062011719 -0.76300048828125 0.0787353515625
-0.0172662734985352 0.0102510452270508 0.0256881713867188 0.119857788085938
-0.00869417190551758 0.000455856323242186 0.900146484375 0.10858154296875
-0.0309066772460938 -0.0146446228027344 0.90338134765625 -0.5986328125
-0.0449485778808594 0.00958251953124999 0.0562133789062501 -0.8868408203125
-0.00676345825195313 0.0197544097900391 -0.516143798828125 -0.443634033203125
0.0230903625488281 0.0292949676513672 -0.4918212890625 -0.0384521484375
0.0359306335449219 0.0216293334960938 -0.168014526367188 0.19586181640625
0.0129547119140625 -0.017730712890625 0.09356689453125 0.172943115234375
0.0202579498291016 -0.0100650787353516 -0.0521087646484375 -0.170639038085937
0.0320568084716797 0.0257682800292969 0.254898071289063 -0.131240844726563
0.0303153991699219 0.0377044677734375 0.47674560546875 0.098724365234375
-0.0121116638183594 0.0472297668457031 0.44110107421875 0.528472900390625
-0.0680885314941406 0.0120429992675781 -0.16265869140625 0.79180908203125
-0.0729904174804688 -0.0537185668945312 -0.80322265625 0.569580078125
-0.0549812316894531 -0.0197257995605469 -0.740966796875 0.0557250976562499
-0.0210781097412109 0.0101451873779297 0.0760498046875 0.137039184570313
-0.010716438293457 -0.00143623352050781 0.92352294921875 0.0618896484375
-0.0320167541503906 -0.0145339965820312 0.85565185546875 -0.6507568359375
-0.0427207946777344 0.00921630859375001 -0.0084838867187501 -0.8748779296875
-0.00613212585449219 0.0189380645751953 -0.5364990234375 -0.401763916015625
0.0228614807128906 0.0304183959960937 -0.4849853515625 -0.010711669921875
0.035186767578125 0.0212135314941406 -0.15728759765625 0.2017822265625
0.00972175598144531 -0.0185337066650391 0.0969085693359375 0.172393798828125
0.0193691253662109 -0.00933647155761719 -0.0442047119140625 -0.169723510742187
0.027618408203125 0.0283145904541016 0.262298583984375 -0.119140625
0.0268898010253906 0.0383186340332031 0.47607421875 0.126983642578125
-0.0162582397460937 0.0430412292480469 0.40899658203125 0.56494140625
-0.0691566467285156 0.00212097167968751 -0.2208251953125 0.78887939453125
-0.0609321594238281 -0.0600204467773437 -0.840087890625 0.52728271484375
-0.0386314392089844 -0.0150413513183594 -0.71527099609375 0.03204345703125
-0.00683784484863281 0.0190010070800781 0.125228881835938 0.151336669921875
0.00127124786376953 -0.00296115875244141 0.94427490234375 0.01361083984375
-0.0242748260498047 -0.0177268981933594 0.80535888671875 -0.69964599609375
-0.04150390625 0.006011962890625 -0.0668945312500001 -0.85931396484375
-0.00626564025878906 0.0178318023681641 -0.5548095703125 -0.3629150390625
0.0227642059326172 0.0289859771728516 -0.47784423828125 0.015899658203125
0.0332756042480469 0.0213279724121094 -0.146957397460938 0.208465576171875
0.00694179534912109 -0.0163536071777344 0.101394653320312 0.17364501953125
0.0155611038208008 -0.00618076324462891 -0.037750244140625 -0.168716430664063
0.0237960815429688 0.0298137664794922 0.269912719726563 -0.109481811523437
0.0213050842285156 0.039581298828125 0.47320556640625 0.150665283203125
-0.0206260681152344 0.0378532409667969 0.38226318359375 0.58856201171875
-0.0651321411132813 -0.0101547241210937 -0.27105712890625 0.78662109375
-0.0423660278320312 -0.0650367736816406 -0.86651611328125 0.490478515625
-0.00945091247558594 -0.00684928894042969 -0.69110107421875 0.0128784179687499
0.0232868194580078 0.0335311889648438 0.163681030273437 0.161209106445313
0.0230026245117188 -0.00238418579101563 0.959716796875 -0.02734375
-0.0133705139160156 -0.0252285003662109 0.7684326171875 -0.73333740234375
-0.0402488708496094 -0.00227737426757812 -0.1102294921875 -0.84527587890625
-0.00951862335205078 0.0131635665893555 -0.5660400390625 -0.33258056640625
0.0209159851074219 0.0279369354248047 -0.47332763671875 0.035400390625
0.0294246673583984 0.0212135314941406 -0.136215209960938 0.212631225585937
0.0043487548828125 -0.0146398544311523 0.108535766601563 0.170944213867188
0.0141153335571289 -0.00469875335693359 -0.0330047607421875 -0.168533325195313
0.020751953125 0.0324382781982422 0.272811889648438 -0.101638793945313
0.017120361328125 0.0390663146972656 0.469512939453125 0.16754150390625
-0.0233802795410156 0.0301380157470703 0.36114501953125 0.60418701171875
-0.0579452514648437 -0.0235786437988281 -0.30218505859375 0.783203125
-0.016326904296875 -0.0713424682617188 -0.88348388671875 0.4656982421875
0.0280475616455078 0.00393486022949219 -0.6781005859375 0.00415039062499998
0.0625762939453125 0.0535736083984375 0.1868896484375 0.16656494140625
0.0527877807617187 0.0009307861328125 0.967041015625 -0.04925537109375
0.003204345703125 -0.0323562622070313 0.7427978515625 -0.7528076171875
-0.0363388061523438 -0.00947570800781249 -0.134765625 -0.8365478515625
-0.0146865844726563 0.00714588165283203 -0.57269287109375 -0.31512451171875
0.0164566040039063 0.0248908996582031 -0.469573974609375 0.0457153320312499
0.0259571075439453 0.0226516723632813 -0.131607055664062 0.214202880859375
0.00289630889892578 -0.0098724365234375 0.112167358398438 0.170486450195313
0.0108261108398437 -0.00179100036621094 -0.0344085693359375 -0.16644287109375
0.0172538757324219 0.0321464538574219 0.271514892578125 -0.0998992919921875
0.0123939514160156 0.03863525390625 0.467681884765625 0.170440673828125
-0.0256557464599609 0.0232925415039062 0.3515625 0.608154296875
-0.0516166687011719 -0.0341567993164062 -0.3115234375 0.781005859375
0.00648498535156251 -0.0751190185546875 -0.886962890625 0.4583740234375
0.0692825317382813 0.015411376953125 -0.67327880859375 -0.00054931640624991
0.103073120117188 0.0726547241210938 0.195144653320313 0.164718627929687
0.0866622924804687 0.0029144287109375 0.968505859375 -0.06134033203125
0.0206184387207031 -0.0406990051269531 0.7366943359375 -0.76092529296875
-0.0328083038330078 -0.0194892883300781 -0.14288330078125 -0.834228515625
-0.0180320739746094 0.00205230712890625 -0.575439453125 -0.30841064453125
0.0114459991455078 0.0235195159912109 -0.470428466796875 0.0476074218749999
0.0237178802490234 0.0226325988769531 -0.130752563476563 0.214675903320312
0.000987529754638671 -0.00718975067138672 0.112472534179688 0.171646118164063
0.0102443695068359 0.000738143920898437 -0.0357208251953125 -0.165252685546875
0.0164127349853516 0.0326442718505859 0.268203735351563 -0.100784301757813
0.00954437255859375 0.0352745056152344 0.467681884765625 0.16680908203125
-0.0286006927490234 0.0170269012451172 0.3555908203125 0.60345458984375
-0.0455055236816406 -0.040802001953125 -0.3006591796875 0.78350830078125
0.027252197265625 -0.079681396484375 -0.883056640625 0.46881103515625
0.108062744140625 0.0257492065429687 -0.678955078125 0.00158691406249992
0.144027709960938 0.09234619140625 0.18267822265625 0.15753173828125
0.119651794433594 0.007171630859375 0.96453857421875 -0.05413818359375
0.0388870239257813 -0.0463905334472656 0.75177001953125 -0.75018310546875
-0.0275592803955078 -0.0296154022216797 -0.130126953125 -0.83795166015625
-0.0224571228027344 -0.00438308715820313 -0.57427978515625 -0.32049560546875
0.00858306884765625 0.0218467712402344 -0.47442626953125 0.0408935546875001
0.0205707550048828 0.0226173400878906 -0.136489868164062 0.214141845703125
0.00172948837280273 -0.00223088264465332 0.11383056640625 0.174957275390625
0.00898075103759766 0.000383377075195312 -0.0403289794921875 -0.16412353515625
0.014617919921875 0.0318584442138672 0.262008666992188 -0.10791015625
0.00708389282226563 0.0340423583984375 0.46490478515625 0.150421142578125
-0.0301761627197266 0.0156288146972656 0.37432861328125 0.585693359375
-0.0439376831054688 -0.044708251953125 -0.27081298828125 0.78594970703125
0.0404586791992187 -0.0843658447265625 -0.8634033203125 0.4952392578125
0.136146545410156 0.0258865356445312 -0.69451904296875 0.0128784179687501
0.177642822265625 0.106369018554688 0.154449462890625 0.144500732421875
0.14678955078125 0.0136260986328125 0.95428466796875 -0.0299072265625
0.05584716796875 -0.0525245666503906 0.78082275390625 -0.7291259765625
-0.0244674682617187 -0.0375823974609375 -0.0991210937500001 -0.850341796875
-0.0259494781494141 -0.00836181640625001 -0.56903076171875 -0.3428955078125
0.00466156005859375 0.0220050811767578 -0.481781005859375 0.0276794433593751
0.0182113647460938 0.0240974426269531 -0.1434326171875 0.211151123046875
0.000951588153839111 -0.000400900840759277 0.1112060546875 0.17608642578125
0.0231151580810547 -0.0115699768066406 -0.0636444091796875 -0.168807983398438
0.0373916625976562 0.0200576782226562 0.243804931640625 -0.149276733398438
0.0324974060058594 0.0339565277099609 0.47979736328125 0.0595703125
-0.00765228271484375 0.0505294799804688 0.4827880859375 0.484466552734375
-0.0672569274902344 0.019927978515625 -0.08905029296875 0.79833984375
-0.076904296875 -0.0463790893554688 -0.75567626953125 0.633544921875
-0.0546493530273437 -0.0200576782226563 -0.7652587890625 0.0967407226562501
-0.0172281265258789 0.0105199813842773 0.027374267578125 0.119415283203125
-0.00847959518432617 0.000286579132080079 0.904296875 0.0870361328125
-0.0321083068847656 -0.01446533203125 0.89520263671875 -0.62200927734375
-0.043914794921875 0.0101242065429688 0.03515625 -0.894287109375
-0.00759315490722656 0.0204410552978516 -0.528778076171875 -0.4326171875
0.0230064392089844 0.0295944213867187 -0.49468994140625 -0.026824951171875
0.0367393493652344 0.0199699401855469 -0.164108276367187 0.199996948242188
0.0103664398193359 -0.0170459747314453 0.098480224609375 0.172897338867188
0.0208549499511719 -0.0103473663330078 -0.05523681640625 -0.1697998046875
0.0336360931396484 0.0223445892333984 0.253143310546875 -0.137130737304688
0.0309371948242188 0.0362663269042969 0.48077392578125 0.087890625
-0.0104637145996094 0.0485572814941406 0.456634521484375 0.520751953125
-0.0697174072265625 0.0147628784179687 -0.1466064453125 0.7994384765625
-0.0740890502929688 -0.051361083984375 -0.79388427734375 0.592041015625
-0.0542564392089844 -0.0188255310058594 -0.74127197265625 0.0706176757812498
-0.0209007263183594 0.0108280181884766 0.0780792236328125 0.13470458984375
-0.0115957260131836 -0.00197219848632813 0.92767333984375 0.0413818359375
-0.0337944030761719 -0.0135707855224609 0.84454345703125 -0.6734619140625
-0.0445289611816406 0.0115318298339844 -0.02801513671875 -0.87689208984375
-0.00481224060058594 0.0198345184326172 -0.548675537109375 -0.393768310546875
0.0256137847900391 0.0291423797607422 -0.487884521484375 0.000152587890625045
0.0369644165039063 0.019561767578125 -0.153213500976563 0.207534790039063
0.00974655151367188 -0.0178241729736328 0.101119995117188 0.173171997070313
0.0184803009033203 -0.00812339782714844 -0.04644775390625 -0.170623779296875
0.0301666259765625 0.0266990661621094 0.263427734375 -0.126251220703125
0.0257987976074219 0.0384712219238281 0.482177734375 0.11553955078125
-0.0150032043457031 0.0444145202636719 0.425537109375 0.55584716796875
-0.068878173828125 0.00356292724609374 -0.20379638671875 0.79705810546875
-0.0639381408691406 -0.0572586059570313 -0.8304443359375 0.5478515625
-0.0397148132324219 -0.0141143798828125 -0.7164306640625 0.0469970703125001
-0.006591796875 0.0180244445800781 0.128494262695313 0.149169921875
0.000563502311706543 -0.00192677974700928 0.94671630859375 -0.0057373046875
-0.0272731781005859 -0.0165939331054687 0.79327392578125 -0.72161865234375
-0.0417861938476563 0.00799560546875001 -0.0882568359375001 -0.86126708984375
-0.00737476348876953 0.0174436569213867 -0.565673828125 -0.3519287109375
0.0244064331054688 0.0273780822753906 -0.48077392578125 0.0270080566406249
0.0339584350585938 0.0205421447753906 -0.142105102539063 0.211669921875
0.00676918029785156 -0.0162496566772461 0.106460571289063 0.173110961914063
0.0162906646728516 -0.00653457641601563 -0.0408782958984375 -0.169845581054688
0.0265159606933594 0.0285396575927734 0.269210815429688 -0.116989135742188
0.0212059020996094 0.0384597778320313 0.47918701171875 0.14068603515625
-0.0192527770996094 0.0380935668945313 0.39630126953125 0.5816650390625
-0.0646133422851563 -0.0101203918457031 -0.2537841796875 0.79632568359375
-0.0432968139648438 -0.0642204284667969 -0.85833740234375 0.5123291015625
-0.00903129577636719 -0.00686931610107422 -0.6943359375 0.0292968749999999
0.0235080718994141 0.0330734252929688 0.166839599609375 0.159347534179688
0.0221042633056641 -0.00265693664550781 0.96142578125 -0.0478515625
-0.0135402679443359 -0.0232162475585937 0.75299072265625 -0.75457763671875
-0.0389595031738281 0.00123977661132813 -0.13018798828125 -0.84613037109375
-0.00893783569335938 0.0130167007446289 -0.57659912109375 -0.3211669921875
0.0209217071533203 0.0255012512207031 -0.47552490234375 0.0442504882812499
0.0308399200439453 0.0195827484130859 -0.132537841796875 0.215225219726563
0.00523853302001953 -0.0133275985717773 0.112030029296875 0.170623779296875
0.0138912200927734 -0.00306987762451172 -0.0372314453125 -0.16851806640625
0.0211372375488281 0.0304126739501953 0.272491455078125 -0.10882568359375
0.0158882141113281 0.0372467041015625 0.476593017578125 0.1553955078125
-0.0221652984619141 0.0309619903564453 0.37744140625 0.59771728515625
-0.0599365234375 -0.0217361450195313 -0.2840576171875 0.79290771484375
-0.0198822021484375 -0.0701332092285156 -0.874267578125 0.4862060546875
0.0280265808105469 0.00476264953613281 -0.68218994140625 0.0196533203125001
0.0614547729492187 0.0514259338378906 0.190887451171875 0.162673950195313
0.0530853271484375 -0.00199127197265625 0.9686279296875 -0.07415771484375
0.00209236145019531 -0.0324783325195313 0.73101806640625 -0.77288818359375
-0.0361366271972656 -0.00867462158203125 -0.15472412109375 -0.8369140625
-0.0131731033325195 0.00661182403564453 -0.58447265625 -0.3031005859375
0.0179023742675781 0.0250949859619141 -0.47235107421875 0.0562744140625
0.0277652740478516 0.0202064514160156 -0.127456665039062 0.217575073242188
0.00246334075927734 -0.00968456268310547 0.116439819335938 0.169815063476563
0.0112333297729492 -0.00157260894775391 -0.0352630615234375 -0.167190551757813
0.0185947418212891 0.0318641662597656 0.273040771484375 -0.107498168945312
0.0111923217773437 0.0370903015136719 0.47454833984375 0.16015625
-0.0257911682128906 0.0232372283935547 0.367431640625 0.6029052734375
-0.0528068542480469 -0.031951904296875 -0.2955322265625 0.7933349609375
0.00478363037109375 -0.0751419067382813 -0.87939453125 0.48138427734375
0.0698204040527344 0.0147132873535156 -0.67462158203125 0.01385498046875
0.10498046875 0.070465087890625 0.198928833007812 0.159622192382812
0.0865936279296875 -0.000457763671875 0.9710693359375 -0.08367919921875
0.0188560485839844 -0.0405426025390625 0.7216796875 -0.7802734375
-0.0326900482177734 -0.0174808502197266 -0.16119384765625 -0.83465576171875
-0.0180606842041016 0.00236129760742187 -0.58599853515625 -0.29803466796875
0.0125350952148437 0.0226707458496094 -0.4716796875 0.060455322265625
0.0243301391601562 0.0227203369140625 -0.126846313476563 0.217453002929688
0.00142955780029297 -0.00574541091918945 0.118438720703125 0.172164916992188
0.0104141235351563 -0.000374794006347656 -0.0381317138671875 -0.166412353515625
0.0160675048828125 0.0311794281005859 0.267608642578125 -0.110031127929687
0.0106544494628906 0.0355415344238281 0.472320556640625 0.156005859375
-0.0275745391845703 0.0187320709228516 0.373046875 0.59710693359375
-0.0471839904785156 -0.0410308837890625 -0.2864990234375 0.7943115234375
0.0253372192382813 -0.0792999267578125 -0.87615966796875 0.49285888671875
0.107505798339844 0.0210494995117188 -0.681640625 0.0155029296875
0.146682739257813 0.0885009765625 0.185821533203125 0.1519775390625
0.118637084960937 0.00330352783203125 0.9658203125 -0.07623291015625
0.03826904296875 -0.0494575500488281 0.73663330078125 -0.77288818359375
-0.0289993286132812 -0.0283641815185547 -0.1485595703125 -0.83929443359375
-0.0241165161132813 -0.00440216064453125 -0.5850830078125 -0.30810546875
0.00827407836914063 0.0218887329101563 -0.47589111328125 0.0532226562499999
0.0212440490722656 0.0213375091552734 -0.131607055664063 0.21820068359375
0.000689268112182617 -0.00114643573760986 0.118667602539063 0.173049926757813
0.0101232528686523 0.000321388244628906 -0.0430755615234375 -0.165283203125
0.0161800384521484 0.0310916900634766 0.261276245117188 -0.115982055664063
0.00838661193847656 0.0334281921386719 0.470977783203125 0.139923095703125
-0.0298614501953125 0.0165233612060547 0.3892822265625 0.5787353515625
-0.045623779296875 -0.0439109802246094 -0.254150390625 0.79656982421875
0.0380630493164062 -0.084869384765625 -0.85467529296875 0.51702880859375
0.137298583984375 0.0222930908203125 -0.69549560546875 0.0276489257812501
0.178970336914063 0.102371215820312 0.157455444335938 0.141769409179688
0.148208618164063 0.00958251953125 0.95672607421875 -0.0504150390625
0.0551872253417969 -0.0541419982910156 0.7642822265625 -0.751220703125
-0.0252265930175781 -0.0356521606445312 -0.12091064453125 -0.8525390625
-0.0272426605224609 -0.00752639770507812 -0.58074951171875 -0.33135986328125
0.00471305847167969 0.0203208923339844 -0.482391357421875 0.037872314453125
0.0190219879150391 0.0220909118652344 -0.138961791992187 0.215652465820313
0.000889182090759277 -0.000137090682983398 0.115936279296875 0.17510986328125
0.0222644805908203 -0.0119533538818359 -0.06585693359375 -0.167938232421875
0.0377731323242188 0.0191459655761719 0.240097045898437 -0.15472412109375
0.0324115753173828 0.0329380035400391 0.4808349609375 0.0474853515625
-0.00652313232421875 0.0504150390625 0.49530029296875 0.4730224609375
-0.0666160583496094 0.0215263366699219 -0.0709838867187499 0.80194091796875
-0.0780792236328125 -0.0441436767578125 -0.74249267578125 0.65338134765625
-0.0559501647949219 -0.017669677734375 -0.7637939453125 0.11419677734375
-0.0171661376953125 0.0104494094848633 0.0292282104492188 0.117538452148438
-0.00867557525634766 0.000171184539794922 0.90704345703125 0.06561279296875
-0.0311717987060547 -0.0144004821777344 0.879150390625 -0.64447021484375
-0.0439033508300781 0.0117301940917969 0.0152587890625001 -0.895751953125
-0.00563621520996094 0.0213966369628906 -0.541107177734375 -0.42108154296875
0.0253009796142578 0.0289878845214844 -0.4957275390625 -0.0162048339843749
0.0381278991699219 0.0180740356445313 -0.16009521484375 0.202850341796875
0.0113325119018555 -0.0169773101806641 0.1016845703125 0.17083740234375
0.0216541290283203 -0.00957489013671875 -0.058563232421875 -0.170181274414063
0.0352897644042969 0.0207786560058594 0.251022338867188 -0.145309448242188
0.0318222045898438 0.0353279113769531 0.4835205078125 0.074371337890625
-0.0100212097167969 0.04901123046875 0.471893310546875 0.509063720703125
-0.0687942504882812 0.0166854858398438 -0.12872314453125 0.8046875
-0.0752029418945313 -0.0471343994140625 -0.7801513671875 0.609619140625
-0.0563430786132812 -0.0157623291015625 -0.73907470703125 0.0867919921874999
-0.0215301513671875 0.0117950439453125 0.0811233520507812 0.131370544433594
-0.0122756958007812 -0.00438308715820313 0.9305419921875 0.01885986328125
-0.0340385437011719 -0.0134696960449219 0.829345703125 -0.6944580078125
-0.0432929992675781 0.0117225646972656 -0.04901123046875 -0.878662109375
-0.00429344177246094 0.0199489593505859 -0.559326171875 -0.379364013671875
0.0257396697998047 0.0283107757568359 -0.489959716796875 0.0137939453125
0.0359420776367187 0.0182876586914063 -0.148330688476563 0.210311889648438
0.00813865661621094 -0.0185356140136719 0.105239868164062 0.172271728515625
0.0182819366455078 -0.00955963134765625 -0.049530029296875 -0.16912841796875
0.0308780670166016 0.0237979888916016 0.261688232421875 -0.134307861328125
0.0272407531738281 0.0379180908203125 0.484893798828125 0.102508544921875
-0.0146102905273438 0.0450592041015625 0.440155029296875 0.546142578125
-0.06988525390625 0.00647354125976563 -0.18438720703125 0.80474853515625
-0.0647544860839844 -0.0547599792480469 -0.81829833984375 0.568359375
-0.0394287109375 -0.0137786865234375 -0.71435546875 0.0621337890624999
-0.00551033020019531 0.0186481475830078 0.131454467773438 0.145278930664063
-3.33786010742171E-06 -0.0030510425567627 0.945556640625 -0.0299072265625
-0.0263957977294922 -0.0173187255859375 0.77386474609375 -0.73663330078125
-0.0425834655761719 0.00838470458984374 -0.108642578125 -0.8609619140625
-0.00569820404052734 0.0172052383422852 -0.574951171875 -0.33990478515625
0.0245742797851562 0.0267238616943359 -0.480926513671875 0.0393066406249999
0.0368270874023438 0.0188369750976563 -0.136978149414062 0.214569091796875
0.00662136077880859 -0.014979362487793 0.110580444335938 0.1695556640625
0.015507698059082 -0.00640678405761719 -0.04339599609375 -0.169296264648438
0.0278701782226563 0.0269546508789063 0.266845703125 -0.12286376953125
0.0216636657714844 0.0370101928710938 0.484710693359375 0.128265380859375
-0.0204582214355469 0.0385894775390625 0.41265869140625 0.5728759765625
-0.0657615661621094 -0.00716781616210938 -0.234619140625 0.8046875
-0.0465354919433594 -0.0618476867675781 -0.8475341796875 0.5333251953125
-0.010716438293457 -0.0057373046875 -0.6920166015625 0.0452880859375
0.0240383148193359 0.0314044952392578 0.169921875 0.153778076171875
0.0230674743652344 -0.00246810913085937 0.9608154296875 -0.07061767578125
-0.0148773193359375 -0.0238151550292969 0.73577880859375 -0.77288818359375
-0.0387344360351563 0.0018157958984375 -0.14947509765625 -0.84588623046875
-0.00979137420654297 0.0131587982177734 -0.5849609375 -0.30816650390625
0.0217227935791016 0.025115966796875 -0.473236083984375 0.056793212890625
0.032470703125 0.0189228057861328 -0.126434326171875 0.218521118164063
0.0042877197265625 -0.0125608444213867 0.11529541015625 0.170028686523438
0.0142250061035156 -0.00500679016113281 -0.04058837890625 -0.167953491210938
0.0228195190429688 0.0294609069824219 0.270889282226563 -0.117782592773438
0.0180320739746094 0.0384902954101563 0.48211669921875 0.143402099609375
-0.022308349609375 0.0312423706054688 0.39312744140625 0.58966064453125
-0.0592803955078125 -0.0201263427734375 -0.26727294921875 0.80084228515625
-0.0223503112792969 -0.0678215026855469 -0.86627197265625 0.50811767578125
0.0280418395996094 0.00261116027832031 -0.6800537109375 0.0310058593749999
0.0621223449707031 0.0481109619140625 0.194671630859375 0.156585693359375
0.0539207458496094 -0.00475692749023438 0.96673583984375 -0.0972900390625
0.00219345092773437 -0.0318489074707031 0.71148681640625 -0.79193115234375
-0.0368576049804688 -0.00726699829101563 -0.17437744140625 -0.83624267578125
-0.013401985168457 0.0059804916381836 -0.590576171875 -0.29022216796875
0.0172939300537109 0.0250034332275391 -0.46942138671875 0.068023681640625
0.0280590057373047 0.0187816619873047 -0.123153686523437 0.22088623046875
0.00315570831298828 -0.00934696197509766 0.120758056640625 0.1678466796875
0.0117874145507813 -0.00150871276855469 -0.038116455078125 -0.166793823242188
0.0195713043212891 0.0310802459716797 0.269943237304688 -0.1143798828125
0.0130119323730469 0.0354232788085938 0.479217529296875 0.150115966796875
-0.0262432098388672 0.0256671905517578 0.38427734375 0.5970458984375
-0.05255126953125 -0.03057861328125 -0.27679443359375 0.80010986328125
0.00284576416015625 -0.0742721557617188 -0.86846923828125 0.503662109375
0.0697593688964844 0.0131149291992188 -0.67425537109375 0.02972412109375
0.104751586914062 0.0671463012695312 0.201217651367188 0.155044555664063
0.0866470336914063 -0.0018463134765625 0.96978759765625 -0.10595703125
0.0175399780273438 -0.0412063598632813 0.702880859375 -0.79876708984375
-0.0325736999511719 -0.0171794891357422 -0.1832275390625 -0.83013916015625
-0.0191974639892578 0.00163841247558594 -0.5931396484375 -0.28466796875
0.0138206481933594 0.0220623016357422 -0.47137451171875 0.07257080078125
0.0257606506347656 0.019805908203125 -0.121368408203125 0.2210693359375
8.65459442138669E-05 -0.00405764579772949 0.121612548828125 0.168502807617188
0.0125055313110352 -0.000435829162597656 -0.039306640625 -0.166427612304688
0.0176010131835938 0.0304317474365234 0.266555786132813 -0.116714477539062
0.00985527038574219 0.0345916748046875 0.477386474609375 0.14312744140625
-0.029296875 0.0193462371826172 0.386474609375 0.58984375
-0.0495033264160156 -0.0393180847167969 -0.2669677734375 0.8018798828125
0.0215225219726563 -0.0798568725585938 -0.8629150390625 0.51336669921875
0.109306335449219 0.019012451171875 -0.6800537109375 0.0318603515625
0.147308349609375 0.0845794677734375 0.189010620117188 0.147430419921875
0.118026733398438 0.0006256103515625 0.96527099609375 -0.09771728515625
0.0361137390136719 -0.0495414733886719 0.71783447265625 -0.78997802734375
-0.0281486511230469 -0.0273532867431641 -0.170654296875 -0.8377685546875
-0.0240573883056641 -0.00397872924804688 -0.59228515625 -0.29486083984375
0.00844383239746094 0.0223522186279297 -0.475677490234375 0.0645141601562501
0.021759033203125 0.0214481353759766 -0.126235961914063 0.221176147460938
0.000122785568237305 -0.00151968002319336 0.123046875 0.17193603515625
0.010009765625 0.000369071960449219 -0.045501708984375 -0.165130615234375
0.0171699523925781 0.0293464660644531 0.259689331054688 -0.1241455078125
0.00675392150878906 0.0337085723876953 0.474151611328125 0.127777099609375
-0.0268993377685547 0.016876220703125 0.4053955078125 0.56787109375
-0.0457572937011719 -0.0427169799804688 -0.2353515625 0.8045654296875
0.0363845825195313 -0.0853118896484375 -0.84283447265625 0.5389404296875
0.137428283691406 0.0197372436523438 -0.69635009765625 0.0413818359374999
0.181884765625 0.096893310546875 0.159317016601563 0.137176513671875
0.146713256835938 0.005706787109375 0.956298828125 -0.07305908203125
0.0529670715332031 -0.0549163818359375 0.7476806640625 -0.769775390625
-0.0247230529785156 -0.0355682373046875 -0.13946533203125 -0.84979248046875
-0.0259571075439453 -0.00619125366210938 -0.58746337890625 -0.31744384765625
0.00495338439941406 0.0198707580566406 -0.483123779296875 0.0526428222656249
0.0191326141357422 0.0213470458984375 -0.134536743164063 0.21929931640625
0.00115180015563965 0.000514388084411621 0.120132446289063 0.171783447265625
0.0224151611328125 -0.0120811462402344 -0.06903076171875 -0.166915893554688
0.0377388000488281 0.0172653198242188 0.236846923828125 -0.16168212890625
0.0335407257080078 0.0318775177001953 0.4820556640625 0.037506103515625
-0.00597381591796875 0.0513496398925781 0.50518798828125 0.457977294921875
-0.0649185180664062 0.0242538452148438 -0.05120849609375 0.8004150390625
-0.078765869140625 -0.03997802734375 -0.7271728515625 0.6689453125
-0.0553970336914063 -0.0168647766113281 -0.75738525390625 0.1319580078125
-0.0181865692138672 0.0112476348876953 0.030303955078125 0.116493225097656
-0.0107507705688477 -0.00111103057861328 0.90557861328125 0.04541015625
-0.0325736999511719 -0.0131683349609375 0.86126708984375 -0.66033935546875
-0.0436019897460938 0.0128746032714844 -0.00256347656250003 -0.89532470703125
-0.0058135986328125 0.0194988250732422 -0.548614501953125 -0.40655517578125
0.0239353179931641 0.0272274017333984 -0.496826171875 -0.00271606445312493
0.0392494201660156 0.0169754028320313 -0.155502319335938 0.207122802734375
0.0104141235351563 -0.0178489685058594 0.104873657226562 0.16949462890625
0.0218772888183594 -0.0100440979003906 -0.060699462890625 -0.16961669921875
0.0364837646484375 0.0209808349609375 0.248214721679688 -0.152206420898438
0.0327243804931641 0.0345573425292969 0.484771728515625 0.063140869140625
-0.00790786743164063 0.05029296875 0.48236083984375 0.497467041015625
-0.0672874450683594 0.0174942016601563 -0.109375 0.80535888671875
-0.0770111083984375 -0.0452957153320313 -0.7662353515625 0.6282958984375
-0.0557785034179688 -0.0157394409179687 -0.7354736328125 0.10296630859375
-0.0224685668945313 0.00950431823730469 0.083038330078125 0.130020141601563
-0.0120401382446289 -0.0022430419921875 0.92626953125 -0.00030517578125
-0.0345840454101562 -0.0136356353759766 0.8089599609375 -0.708740234375
-0.0426139831542969 0.014312744140625 -0.0684204101562501 -0.87689208984375
-0.00475502014160156 0.0203838348388672 -0.5667724609375 -0.36602783203125
0.0263099670410156 0.0263214111328125 -0.48870849609375 0.0250244140625
0.0384750366210938 0.0165061950683594 -0.1431884765625 0.214111328125
0.00871467590332031 -0.0178165435791016 0.1080322265625 0.168289184570313
0.0198211669921875 -0.00833320617675781 -0.0537261962890625 -0.168502807617187
0.0326652526855469 0.0240135192871094 0.259048461914063 -0.142364501953125
0.0283393859863281 0.0357246398925781 0.486602783203125 0.092742919921875
-0.0143775939941406 0.0446434020996094 0.4493408203125 0.534637451171875
-0.068115234375 0.00657272338867186 -0.16668701171875 0.80706787109375
-0.0655403137207031 -0.0533256530761719 -0.802978515625 0.583984375
-0.0405120849609375 -0.0114326477050781 -0.71075439453125 0.0783081054687499
-0.00629234313964844 0.0168447494506836 0.13275146484375 0.141815185546875
-0.00054931640625 -0.00319552421569824 0.940673828125 -0.04998779296875
-0.0271453857421875 -0.0158748626708984 0.75433349609375 -0.7557373046875
-0.0408554077148437 0.0106277465820313 -0.1270751953125 -0.8592529296875
-0.00529384613037109 0.0170392990112305 -0.58056640625 -0.3240966796875
0.02459716796875 0.0258159637451172 -0.4803466796875 0.0504150390625
0.0344314575195313 0.0175495147705078 -0.1329345703125 0.217544555664063
0.00602054595947266 -0.0141935348510742 0.113265991210938 0.16827392578125
0.0169486999511719 -0.0063323974609375 -0.04693603515625 -0.167678833007813
0.0292530059814453 0.0268936157226563 0.265594482421875 -0.13140869140625
0.0238075256347656 0.0381622314453125 0.485382080078125 0.117095947265625
-0.0179710388183594 0.0418777465820312 0.424835205078125 0.560882568359375
-0.0653572082519531 -0.00534820556640625 -0.21636962890625 0.80706787109375
-0.0462379455566406 -0.0603179931640625 -0.8333740234375 0.55059814453125
-0.0109529495239258 -0.00617694854736328 -0.6904296875 0.0604248046874999
0.0233001708984375 0.0303897857666016 0.172882080078125 0.147689819335937
0.0222644805908203 -0.00413322448730469 0.95465087890625 -0.09210205078125
-0.0147609710693359 -0.0210342407226563 0.7166748046875 -0.78778076171875
-0.0374374389648438 0.00232315063476563 -0.1690673828125 -0.84075927734375
-0.00822162628173828 0.0126934051513672 -0.5906982421875 -0.29339599609375
0.0228595733642578 0.0234718322753906 -0.47137451171875 0.0682373046874999
0.0321197509765625 0.0175628662109375 -0.12255859375 0.220474243164063
0.00405311584472656 -0.0124950408935547 0.117523193359375 0.16607666015625
0.0148563385009766 -0.00285053253173828 -0.0420074462890625 -0.16796875
0.0248432159423828 0.0292472839355469 0.267303466796875 -0.123977661132812
0.0174598693847656 0.0378532409667969 0.484588623046875 0.133453369140625
-0.0214061737060547 0.0319900512695313 0.4053955078125 0.57830810546875
-0.0595321655273437 -0.0174751281738281 -0.24755859375 0.806396484375
-0.0225677490234375 -0.066986083984375 -0.85015869140625 0.52777099609375
0.0271625518798828 0.00279045104980469 -0.67669677734375 0.0469360351562499
0.0635147094726563 0.0468597412109375 0.196929931640625 0.151611328125
0.0523796081542969 -0.00416946411132813 0.96209716796875 -0.1171875
0.000837326049804685 -0.0320606231689453 0.69189453125 -0.80426025390625
-0.0354804992675781 -0.00584030151367188 -0.1915283203125 -0.82843017578125
-0.013401985168457 0.00676536560058594 -0.596435546875 -0.27520751953125
0.0181312561035156 0.0229396820068359 -0.46893310546875 0.079681396484375
0.0285320281982422 0.0173435211181641 -0.1162109375 0.221939086914063
0.00149917602539062 -0.0081171989440918 0.123550415039063 0.165802001953125
0.0126409530639648 -0.00325489044189453 -0.041473388671875 -0.167144775390625
0.0211315155029297 0.0301990509033203 0.267837524414063 -0.122161865234375
0.0131607055664063 0.0353965759277344 0.480255126953125 0.137176513671875
-0.0249557495117188 0.026702880859375 0.398681640625 0.58477783203125
-0.0546684265136719 -0.0300750732421875 -0.2596435546875 0.803955078125
0.000946044921875006 -0.0735397338867188 -0.8560791015625 0.519775390625
0.0689735412597656 0.0117759704589844 -0.672119140625 0.04217529296875
0.107002258300781 0.0641098022460937 0.201873779296875 0.14990234375
0.0852890014648438 -0.00476837158203125 0.9630126953125 -0.1275634765625
0.0167350769042969 -0.0414581298828125 0.6834716796875 -0.81219482421875
-0.0324726104736328 -0.0159835815429687 -0.20111083984375 -0.82720947265625
-0.0182704925537109 0.00257110595703125 -0.59783935546875 -0.2686767578125
0.0141811370849609 0.0218677520751953 -0.469879150390625 0.0837707519531251
0.0269870758056641 0.0199165344238281 -0.116775512695312 0.22369384765625
0.00105404853820801 -0.00343179702758789 0.125045776367188 0.16729736328125
0.010462760925293 -0.000995635986328125 -0.042877197265625 -0.166091918945313
0.0182361602783203 0.0299758911132812 0.264114379882812 -0.124420166015625
0.00938796997070312 0.0328102111816406 0.4791259765625 0.132904052734375
-0.0271110534667969 0.0186824798583984 0.39971923828125 0.57830810546875
-0.0484542846679687 -0.0385284423828125 -0.24835205078125 0.8067626953125
0.0217056274414063 -0.0801467895507813 -0.8505859375 0.53082275390625
0.108345031738281 0.0176544189453125 -0.6778564453125 0.0439453124999999
0.14813232421875 0.079864501953125 0.1907958984375 0.141586303710938
0.118049621582031 -0.0021209716796875 0.95947265625 -0.11883544921875
0.0345344543457031 -0.0504417419433594 0.69696044921875 -0.802734375
-0.0298995971679687 -0.0265102386474609 -0.1864013671875 -0.8309326171875
-0.0223522186279297 -0.00291252136230469 -0.59857177734375 -0.27972412109375
0.00858879089355469 0.0190544128417969 -0.474029541015625 0.076934814453125
0.0233516693115234 0.020843505859375 -0.120315551757813 0.221832275390625
0.000769257545471191 -0.00118350982666016 0.124908447265625 0.168060302734375
0.00937652587890625 0.00172138214111328 -0.046417236328125 -0.16387939453125
0.0190143585205078 0.0277442932128906 0.256698608398438 -0.131500244140625
0.00911140441894531 0.0333232879638672 0.477203369140625 0.11761474609375
-0.028656005859375 0.0176849365234375 0.416656494140625 0.560028076171875
-0.0474967956542969 -0.0412979125976563 -0.21502685546875 0.80712890625
0.0337677001953125 -0.085601806640625 -0.82867431640625 0.55633544921875
0.137557983398438 0.0173187255859375 -0.6925048828125 0.0552978515624998
0.184371948242188 0.0932464599609375 0.160400390625 0.130279541015625
0.14569091796875 0.0029754638671875 0.9505615234375 -0.0931396484375
0.0507240295410156 -0.0560989379882813 0.72784423828125 -0.784912109375
-0.0257205963134766 -0.0341415405273438 -0.1607666015625 -0.8460693359375
-0.02618408203125 -0.00707626342773437 -0.59503173828125 -0.302734375
0.00576400756835938 0.0188026428222656 -0.480712890625 0.0621032714843751
0.0207653045654297 0.0201034545898438 -0.12890625 0.221420288085938
0.000556230545043945 0.00136649608612061 0.123321533203125 0.17083740234375
0.023101806640625 -0.0113525390625 -0.069732666015625 -0.165664672851563
0.0388984680175781 0.0161476135253906 0.231277465820313 -0.168045043945313
0.0330581665039063 0.0304489135742187 0.478179931640625 0.023956298828125
-0.0052490234375 0.0522994995117188 0.515228271484375 0.446685791015625
-0.0644950866699219 0.0252532958984375 -0.0330810546874999 0.80029296875
-0.079376220703125 -0.0381622314453125 -0.70654296875 0.68115234375
-0.0560379028320313 -0.0146827697753906 -0.751220703125 0.14642333984375
-0.0177383422851563 0.00966072082519531 0.0308303833007812 0.113960266113281
-0.0109834671020508 -0.0004425048828125 0.90020751953125 0.02508544921875
-0.0329704284667969 -0.0117149353027344 0.84161376953125 -0.6756591796875
-0.0419235229492188 0.0142707824707031 -0.0250244140625 -0.88818359375
-0.00424003601074219 0.0206661224365234 -0.553863525390625 -0.39190673828125
0.0251255035400391 0.0249195098876953 -0.494659423828125 0.0109558105468749
0.0397872924804688 0.0155601501464844 -0.150482177734375 0.2083740234375
0.0115432739257813 -0.0159273147583008 0.107696533203125 0.1668701171875
0.0213508605957031 -0.0111980438232422 -0.061492919921875 -0.166946411132813
0.0379219055175781 0.0201530456542969 0.242919921875 -0.159194946289063
0.0313472747802734 0.0333690643310547 0.48419189453125 0.0523681640625
-0.00892257690429688 0.0502395629882813 0.4903564453125 0.484832763671875
-0.0671424865722656 0.0196342468261719 -0.0898437500000001 0.8043212890625
-0.07763671875 -0.0430831909179688 -0.7464599609375 0.639404296875
-0.0557212829589844 -0.0141639709472656 -0.73046875 0.11773681640625
-0.0218334197998047 0.0102596282958984 0.083831787109375 0.126502990722656
-0.0126543045043945 -0.00298404693603516 0.918701171875 -0.021728515625
-0.0339107513427734 -0.0114612579345703 0.7879638671875 -0.72540283203125
-0.0421981811523438 0.0154266357421875 -0.0876464843750001 -0.871826171875
-0.00323104858398438 0.0175046920776367 -0.57147216796875 -0.34869384765625
0.02685546875 0.0247535705566406 -0.484771728515625 0.036041259765625
0.0381927490234375 0.0149154663085938 -0.137588500976563 0.215805053710937
0.00778961181640625 -0.0160055160522461 0.110702514648438 0.165481567382813
0.0190353393554688 -0.00998497009277344 -0.0545196533203125 -0.16815185546875
0.0344524383544922 0.0224857330322266 0.255233764648438 -0.14898681640625
0.0267524719238281 0.0356826782226563 0.484771728515625 0.078857421875
-0.0114974975585937 0.0463371276855469 0.460357666015625 0.520843505859375
-0.0673866271972656 0.00794601440429687 -0.14801025390625 0.80804443359375
-0.0669136047363281 -0.0506515502929687 -0.78582763671875 0.59765625
-0.0405921936035156 -0.0114631652832031 -0.70458984375 0.0915527343750001
-0.00784111022949219 0.0169973373413086 0.13336181640625 0.136886596679688
-0.00153255462646484 -0.0044550895690918 0.93408203125 -0.07244873046875
-0.0287075042724609 -0.0155353546142578 0.735107421875 -0.767578125
-0.0412406921386719 0.0116348266601563 -0.14727783203125 -0.85015869140625
-0.00438880920410156 0.0164289474487305 -0.58502197265625 -0.3092041015625
0.0264015197753906 0.0237350463867187 -0.47552490234375 0.0631713867187499
0.0362510681152344 0.0156059265136719 -0.125885009765625 0.221023559570313
0.00526523590087891 -0.0141229629516602 0.115570068359375 0.166488647460938
0.0170812606811523 -0.00680351257324219 -0.0488433837890625 -0.167449951171875
0.0293903350830078 0.0251560211181641 0.261856079101563 -0.139389038085938
0.0238456726074219 0.0368080139160156 0.48577880859375 0.1060791015625
-0.0172843933105469 0.0410308837890625 0.434661865234375 0.54791259765625
-0.0641555786132813 -0.00292205810546876 -0.19512939453125 0.8079833984375
-0.0478973388671875 -0.0576400756835937 -0.81610107421875 0.5667724609375
-0.0114727020263672 -0.00538253784179687 -0.68585205078125 0.07220458984375
0.0238819122314453 0.0306377410888672 0.173751831054688 0.14373779296875
0.0220775604248047 -0.00466156005859375 0.94580078125 -0.11041259765625
-0.0154075622558594 -0.0211715698242188 0.6951904296875 -0.79913330078125
-0.0376358032226563 0.00505447387695313 -0.18524169921875 -0.832763671875
-0.00817489624023437 0.0119094848632813 -0.59619140625 -0.27685546875
0.0229206085205078 0.02301025390625 -0.4688720703125 0.0805053710937499
0.0319061279296875 0.0156288146972656 -0.116714477539063 0.222793579101563
0.00456905364990234 -0.0116043090820313 0.120635986328125 0.16424560546875
0.0138063430786133 -0.00386333465576172 -0.0428314208984375 -0.165481567382813
0.0262050628662109 0.0266609191894531 0.264663696289063 -0.131210327148438
0.0177536010742187 0.0361518859863281 0.48529052734375 0.119873046875
-0.0214195251464844 0.0330562591552734 0.4176025390625 0.5665283203125
-0.0586128234863281 -0.0160102844238281 -0.2279052734375 0.8072509765625
-0.0243911743164063 -0.0665855407714844 -0.83526611328125 0.54443359375
0.0281658172607422 0.00239753723144531 -0.67138671875 0.0603637695312499
0.0626144409179688 0.0445938110351563 0.197067260742188 0.145751953125
0.0510101318359375 -0.00528335571289063 0.95245361328125 -0.13861083984375
-0.00139045715332031 -0.0314559936523438 0.66925048828125 -0.8155517578125
-0.0345497131347656 -0.004241943359375 -0.21051025390625 -0.82208251953125
-0.0130090713500977 0.00678157806396485 -0.60003662109375 -0.26019287109375
0.0196323394775391 0.0211448669433594 -0.463409423828125 0.0916442871093749
0.02996826171875 0.0170822143554688 -0.111251831054687 0.224472045898438
0.00240278244018555 -0.00721931457519531 0.124832153320312 0.161941528320313
0.0130338668823242 -0.00213527679443359 -0.0428619384765625 -0.165664672851563
0.021270751953125 0.0286483764648438 0.263641357421875 -0.129119873046875
0.0126552581787109 0.0347480773925781 0.481201171875 0.12408447265625
-0.0239410400390625 0.0268898010253906 0.40777587890625 0.5731201171875
-0.0538330078125 -0.0280990600585937 -0.23883056640625 0.8060302734375
-0.000564575195312497 -0.073272705078125 -0.839111328125 0.53680419921875
0.070159912109375 0.00946044921875 -0.6671142578125 0.0559692382812501
0.107521057128906 0.061187744140625 0.204208374023437 0.14288330078125
0.084197998046875 -0.00597381591796875 0.9534912109375 -0.14739990234375
0.0151023864746094 -0.0405807495117188 0.66156005859375 -0.82403564453125
-0.0327892303466797 -0.0148429870605469 -0.218505859375 -0.81890869140625
-0.0177516937255859 0.00215721130371094 -0.60260009765625 -0.2545166015625
0.0141563415527344 0.0197467803955078 -0.464691162109375 0.09344482421875
0.0265693664550781 0.0185432434082031 -0.110641479492187 0.22430419921875
0.00144839286804199 -0.00299477577209473 0.128555297851563 0.163787841796875
0.0123920440673828 -0.000100135803222656 -0.04443359375 -0.16339111328125
0.0200653076171875 0.0273494720458984 0.262069702148438 -0.130767822265625
0.00987052917480469 0.0340232849121094 0.478271484375 0.121307373046875
-0.0262336730957031 0.0216426849365234 0.412841796875 0.5673828125
-0.0486640930175781 -0.0363883972167969 -0.22900390625 0.80853271484375
0.0190277099609375 -0.0792617797851563 -0.83367919921875 0.54736328125
0.106986999511719 0.0146484375 -0.67401123046875 0.0584106445312501
0.149642944335938 0.076995849609375 0.192108154296875 0.136810302734375
0.117630004882812 -0.00592041015625 0.95013427734375 -0.13836669921875
0.0345840454101563 -0.0502700805664063 0.67529296875 -0.8153076171875
-0.0302181243896484 -0.0260810852050781 -0.2047119140625 -0.8250732421875
-0.0227184295654297 -0.001983642578125 -0.603271484375 -0.2640380859375
0.00910568237304688 0.0190544128417969 -0.468841552734375 0.08660888671875
0.0240859985351563 0.0174274444580078 -0.114974975585938 0.223907470703125
0.000671863555908203 -0.000417947769165039 0.128814697265625 0.165130615234375
0.0092926025390625 -2.38418579101563E-05 -0.04913330078125 -0.1619873046875
0.0173473358154297 0.0277252197265625 0.254180908203125 -0.138748168945313
0.00903701782226563 0.0323162078857422 0.47723388671875 0.105438232421875
-0.0263290405273437 0.0189781188964844 0.428253173828125 0.547637939453125
-0.0471992492675781 -0.0388908386230469 -0.19671630859375 0.80889892578125
0.031494140625 -0.0844573974609375 -0.81243896484375 0.57098388671875
0.136611938476563 0.0139541625976563 -0.68841552734375 0.0697021484375001
0.183303833007812 0.08819580078125 0.161895751953125 0.126495361328125
0.144790649414063 0.0001220703125 0.94091796875 -0.11578369140625
0.0492439270019531 -0.0553474426269531 0.7044677734375 -0.795654296875
-0.025115966796875 -0.0333080291748047 -0.178955078125 -0.83843994140625
-0.0269718170166016 -0.00754165649414063 -0.59942626953125 -0.28717041015625
0.00721931457519531 0.0178070068359375 -0.477569580078125 0.0739135742187499
0.0203361511230469 0.0199604034423828 -0.123458862304688 0.221923828125
0.00185155868530273 0.00307297706604004 0.125091552734375 0.169189453125
0.02337646484375 -0.0118789672851563 -0.0725555419921875 -0.163619995117188
0.0405426025390625 0.0145263671875 0.227020263671875 -0.1729736328125
0.0332050323486328 0.0314617156982422 0.47662353515625 0.01544189453125
-0.00353240966796875 0.0512428283691406 0.5205078125 0.432159423828125
-0.0624237060546875 0.0270729064941406 -0.01690673828125 0.79132080078125
-0.0807266235351563 -0.0365371704101562 -0.6866455078125 0.6900634765625
-0.0561599731445312 -0.0135421752929687 -0.74176025390625 0.15997314453125
-0.0187644958496094 0.00887680053710938 0.0330886840820313 0.110206604003906
-0.0103816986083984 -0.00147151947021484 0.8917236328125 0.00653076171875
-0.0329208374023438 -0.0101184844970703 0.81951904296875 -0.6878662109375
-0.0410995483398438 0.0148887634277344 -0.0403442382812501 -0.884521484375
-0.00515365600585938 0.0197334289550781 -0.558929443359375 -0.377777099609375
0.0248222351074219 0.0247802734375 -0.48907470703125 0.02069091796875
0.0407180786132813 0.0141334533691406 -0.144927978515625 0.20928955078125
0.00976181030273438 -0.0157413482666016 0.110092163085938 0.16375732421875
0.0230484008789063 -0.0113983154296875 -0.064605712890625 -0.163406372070313
0.0378150939941406 0.0184402465820313 0.239639282226562 -0.164505004882813
0.0318336486816406 0.0319194793701172 0.481719970703125 0.040435791015625
-0.00608444213867187 0.0510292053222656 0.496124267578125 0.469940185546875
-0.0659370422363281 0.0208969116210938 -0.0729370117187501 0.79962158203125
-0.0791244506835938 -0.0398483276367188 -0.72723388671875 0.649169921875
-0.0562171936035156 -0.0133819580078125 -0.71966552734375 0.13140869140625
-0.0219764709472656 0.00968742370605469 0.084716796875 0.123771667480469
-0.0142230987548828 -0.00370502471923828 0.9095458984375 -0.0399169921875
-0.0353507995605469 -0.010223388671875 0.766357421875 -0.73431396484375
-0.0405921936035156 0.0155830383300781 -0.10394287109375 -0.86236572265625
-0.00290489196777344 0.0176906585693359 -0.5750732421875 -0.3349609375
0.0276298522949219 0.0238437652587891 -0.4818115234375 0.0474548339843749
0.0384559631347656 0.0136222839355469 -0.132171630859375 0.215560913085938
0.00782585144042969 -0.0150279998779297 0.112640380859375 0.163162231445312
0.0196685791015625 -0.00865554809570313 -0.057159423828125 -0.167449951171875
0.0330600738525391 0.0202999114990234 0.249664306640625 -0.153640747070313
0.0268726348876953 0.0347156524658203 0.483734130859375 0.06817626953125
-0.0103797912597656 0.0466041564941406 0.469451904296875 0.5064697265625
-0.0663604736328125 0.0101280212402344 -0.12933349609375 0.8033447265625
-0.0669631958007813 -0.0485954284667969 -0.7677001953125 0.6119384765625
-0.0406761169433594 -0.0106163024902344 -0.69781494140625 0.10540771484375
-0.00648403167724609 0.0161199569702148 0.134719848632813 0.131851196289063
-0.00243926048278809 -0.00379252433776856 0.92327880859375 -0.091552734375
-0.0288105010986328 -0.0135917663574219 0.712890625 -0.77581787109375
-0.0392303466796875 0.0127372741699219 -0.16107177734375 -0.84185791015625
-0.00566959381103516 0.0158157348632813 -0.5872802734375 -0.293701171875
0.0266971588134766 0.0227184295654297 -0.470947265625 0.0714416503906251
0.0363731384277344 0.0138397216796875 -0.121063232421875 0.220382690429688
0.00533485412597656 -0.0139293670654297 0.118209838867188 0.162246704101563
0.0161981582641602 -0.00620746612548828 -0.0509033203125 -0.165496826171875
0.0307216644287109 0.0230140686035156 0.257247924804688 -0.1451416015625
0.0235557556152344 0.036285400390625 0.483489990234375 0.092529296875
-0.016204833984375 0.0402565002441406 0.445465087890625 0.5345458984375
-0.0637283325195313 -0.000835418701171872 -0.17742919921875 0.804931640625
-0.0492973327636719 -0.0559349060058594 -0.79681396484375 0.5780029296875
-0.0107231140136719 -0.00413417816162109 -0.678466796875 0.0849609374999999
0.0226516723632812 0.02777099609375 0.173660278320313 0.138687133789062
0.0211067199707031 -0.00534629821777344 0.93499755859375 -0.1307373046875
-0.0168590545654297 -0.0206832885742188 0.670654296875 -0.80621337890625
-0.0366363525390625 0.0061492919921875 -0.20208740234375 -0.8233642578125
-0.00761318206787109 0.0115489959716797 -0.595703125 -0.26397705078125
0.0227088928222656 0.0210075378417969 -0.46343994140625 0.09014892578125
0.032562255859375 0.0147037506103516 -0.112106323242187 0.223052978515625
0.00286006927490234 -0.01031494140625 0.123046875 0.159866333007813
0.0162687301635742 -0.00459194183349609 -0.0465850830078125 -0.1654052734375
0.0260334014892578 0.0255794525146484 0.259628295898438 -0.138320922851563
0.0183372497558594 0.0360832214355469 0.48291015625 0.10882568359375
-0.0200138092041016 0.0339756011962891 0.425140380859375 0.55267333984375
-0.0599784851074219 -0.0153656005859375 -0.20928955078125 0.80523681640625
-0.025421142578125 -0.0636329650878906 -0.81524658203125 0.5550537109375
0.0274200439453125 0.00284004211425781 -0.66363525390625 0.0726318359375
0.0634613037109375 0.0429496765136719 0.19732666015625 0.139862060546875
0.050323486328125 -0.00630950927734375 0.94110107421875 -0.156494140625
-0.0020294189453125 -0.0308761596679688 0.64520263671875 -0.82373046875
-0.0352401733398438 -0.00399398803710937 -0.2276611328125 -0.81219482421875
-0.0126428604125977 0.00758457183837891 -0.601318359375 -0.24615478515625
0.0191936492919922 0.0205631256103516 -0.457916259765625 0.10015869140625
0.0303974151611328 0.0156326293945312 -0.10687255859375 0.225006103515625
0.00243854522705078 -0.00651311874389648 0.127395629882812 0.159591674804688
0.0119009017944336 -0.00217533111572266 -0.044647216796875 -0.164886474609375
0.0222225189208984 0.02685546875 0.260955810546875 -0.135604858398438
0.0132884979248047 0.0345706939697266 0.4805908203125 0.114776611328125
-0.0228500366210938 0.0268802642822266 0.41748046875 0.5587158203125
-0.0540504455566406 -0.0268287658691406 -0.21929931640625 0.8055419921875
-0.00312805175781249 -0.0715560913085938 -0.82275390625 0.55206298828125
0.0687255859375 0.00780868530273438 -0.66015625 0.0665893554687499
0.106575012207031 0.0568161010742188 0.2047119140625 0.137649536132813
0.0827865600585938 -0.009246826171875 0.94158935546875 -0.16656494140625
0.0158042907714844 -0.0416984558105469 0.638671875 -0.82965087890625
-0.0321731567382813 -0.0144634246826172 -0.23260498046875 -0.8087158203125
-0.0182533264160156 0.00159835815429688 -0.60406494140625 -0.2384033203125
0.0139636993408203 0.0193805694580078 -0.458984375 0.104461669921875
0.02581787109375 0.0169887542724609 -0.105987548828125 0.225616455078125
0.0015556812286377 -0.00307750701904297 0.130325317382813 0.16033935546875
0.0119142532348633 -2.86102294921875E-06 -0.046966552734375 -0.163497924804688
0.0200023651123047 0.0274219512939453 0.256088256835937 -0.137359619140625
0.0113525390625 0.0338077545166016 0.479339599609375 0.109375
-0.026031494140625 0.0219268798828125 0.420135498046875 0.551971435546875
-0.0490379333496094 -0.033966064453125 -0.208984375 0.806640625
0.0172119140625 -0.0773239135742188 -0.81561279296875 0.55963134765625
0.10699462890625 0.012176513671875 -0.66729736328125 0.0692749023437502
0.147720336914062 0.072235107421875 0.192840576171875 0.131103515625
0.115188598632812 -0.00832366943359375 0.93878173828125 -0.1572265625
0.0305671691894531 -0.0499229431152344 0.6524658203125 -0.82281494140625
-0.0292415618896484 -0.0243053436279297 -0.22259521484375 -0.81683349609375
-0.0235366821289063 -0.00388717651367187 -0.603759765625 -0.2486572265625
0.0102605819702148 0.0170145034790039 -0.463653564453125 0.0967102050781251
0.0244598388671875 0.0176944732666016 -0.110061645507813 0.225021362304687
0.00172162055969238 0.000730991363525391 0.128921508789063 0.16131591796875
0.0106277465820312 -0.000291824340820312 -0.052154541015625 -0.161880493164063
0.019287109375 0.0266208648681641 0.2493896484375 -0.143341064453125
0.009185791015625 0.0325527191162109 0.475341796875 0.09246826171875
-0.02655029296875 0.0203781127929687 0.437713623046875 0.53424072265625
-0.0466575622558594 -0.0387916564941406 -0.1790771484375 0.80743408203125
0.0304489135742188 -0.0842971801757813 -0.7940673828125 0.5836181640625
0.136138916015625 0.0104751586914062 -0.6820068359375 0.0808715820312499
0.1827392578125 0.0825653076171875 0.163238525390625 0.121902465820313
0.143585205078125 -0.004150390625 0.93084716796875 -0.134033203125
0.0477142333984375 -0.0564842224121094 0.68133544921875 -0.80572509765625
-0.0268402099609375 -0.0337066650390625 -0.19488525390625 -0.8316650390625
-0.0265636444091797 -0.00693321228027343 -0.6005859375 -0.271240234375
0.00665187835693359 0.0174007415771484 -0.472869873046875 0.0833740234375
0.0229015350341797 0.0183391571044922 -0.117996215820312 0.222854614257813
0.00165224075317383 0.0031883716583252 0.127899169921875 0.163848876953125
0.0222816467285156 -0.0130672454833984 -0.0734405517578125 -0.161163330078125
0.0394668579101563 0.012664794921875 0.221603393554688 -0.177108764648438
0.0327529907226563 0.0299491882324219 0.47210693359375 0.00469970703125
-0.001678466796875 0.0517158508300781 0.524566650390625 0.4168701171875
-0.06097412109375 0.028106689453125 -0.000671386718749963 0.78656005859375
-0.078887939453125 -0.0340957641601562 -0.66473388671875 0.694580078125
-0.055328369140625 -0.0116500854492187 -0.7310791015625 0.1707763671875
-0.0177669525146484 0.00843429565429688 0.0337371826171875 0.107620239257813
-0.0111408233642578 -0.00231266021728516 0.88031005859375 -0.0086669921875
-0.0331439971923828 -0.00856781005859376 0.79742431640625 -0.69927978515625
-0.0395240783691406 0.0162773132324219 -0.05792236328125 -0.87481689453125
-0.00363540649414062 0.0198707580566406 -0.56072998046875 -0.362701416015625
0.0258674621582031 0.0233821868896484 -0.48492431640625 0.03118896484375
0.0392379760742188 0.0113754272460937 -0.137863159179687 0.210601806640625
0.0106258392333984 -0.0145664215087891 0.111114501953125 0.160736083984375
0.0224361419677734 -0.013336181640625 -0.0651702880859375 -0.164016723632813
0.0375938415527344 0.0164833068847656 0.235137939453125 -0.169113159179688
0.0319995880126953 0.0312061309814453 0.4791259765625 0.029510498046875
-0.00534820556640625 0.0496940612792969 0.50140380859375 0.455810546875
-0.0639877319335938 0.0220108032226563 -0.0543823242187501 0.79351806640625
-0.07843017578125 -0.0373458862304688 -0.70501708984375 0.65673828125
-0.0566062927246094 -0.0105018615722656 -0.70965576171875 0.14166259765625
-0.0219936370849609 0.0104999542236328 0.0860366821289063 0.118919372558594
-0.014556884765625 -0.00300979614257812 0.8988037109375 -0.05682373046875
-0.0359611511230469 -0.00944137573242188 0.7432861328125 -0.74005126953125
-0.0387191772460938 0.0162467956542969 -0.11810302734375 -0.85345458984375
-0.00280380249023438 0.0178146362304688 -0.57574462890625 -0.31964111328125
0.0263004302978516 0.0233726501464844 -0.4754638671875 0.0566406250000001
0.0377273559570313 0.012420654296875 -0.127685546875 0.216445922851562
0.00738811492919922 -0.014495849609375 0.1138916015625 0.16107177734375
0.0183658599853516 -0.00857925415039063 -0.0580902099609375 -0.16522216796875
0.0344142913818359 0.0187358856201172 0.244293212890625 -0.158767700195313
0.0280418395996094 0.0346736907958984 0.4793701171875 0.057464599609375
-0.00873565673828125 0.046966552734375 0.4742431640625 0.494537353515625
-0.0642814636230469 0.0111083984375 -0.113525390625 0.7987060546875
-0.0678825378417969 -0.0452690124511719 -0.7464599609375 0.61773681640625
-0.0407028198242187 -0.00901794433593749 -0.68719482421875 0.11651611328125
-0.00712299346923828 0.0160903930664063 0.134834289550781 0.12786865234375
-0.00299572944641113 -0.00428676605224609 0.91162109375 -0.1064453125
-0.0283451080322266 -0.0129909515380859 0.68798828125 -0.77996826171875
-0.0370330810546875 0.01263427734375 -0.17486572265625 -0.83172607421875
-0.00424098968505859 0.0154323577880859 -0.58673095703125 -0.28076171875
0.0254611968994141 0.0205898284912109 -0.46234130859375 0.0809326171874999
0.035552978515625 0.0124397277832031 -0.116119384765625 0.221145629882813
0.00513935089111328 -0.0129528045654297 0.119461059570313 0.160110473632813
0.0169143676757813 -0.00688743591308594 -0.0529327392578125 -0.163894653320313
0.0304470062255859 0.0229377746582031 0.251113891601563 -0.148284912109375
0.0224380493164063 0.0347976684570313 0.4820556640625 0.08197021484375
-0.01416015625 0.0418472290039063 0.450531005859375 0.521087646484375
-0.061981201171875 -0.000606536865234362 -0.162841796875 0.80133056640625
-0.0492286682128906 -0.0552215576171875 -0.7762451171875 0.5848388671875
-0.0122823715209961 -0.00513458251953125 -0.6680908203125 0.0957031250000001
0.0235729217529297 0.0276966094970703 0.173965454101563 0.134002685546875
0.0206756591796875 -0.00769805908203125 0.92144775390625 -0.14697265625
-0.0159530639648437 -0.0207462310791016 0.646728515625 -0.81072998046875
-0.0366287231445313 0.00642395019531251 -0.21405029296875 -0.81121826171875
-0.00736141204833984 0.0107803344726563 -0.59405517578125 -0.2491455078125
0.0220603942871094 0.020172119140625 -0.456451416015625 0.0979309082031251
0.0332317352294922 0.0138587951660156 -0.107009887695312 0.223663330078125
0.00399112701416016 -0.00864839553833008 0.1256103515625 0.157455444335938
0.0150060653686523 -0.00377941131591797 -0.0491790771484375 -0.16326904296875
0.027130126953125 0.0246295928955078 0.255645751953125 -0.142578125
0.0173091888427734 0.0348148345947266 0.479705810546875 0.097991943359375
-0.0191726684570312 0.03466796875 0.432952880859375 0.53790283203125
-0.0580596923828125 -0.0139007568359375 -0.19378662109375 0.80169677734375
-0.0276641845703125 -0.0622138977050781 -0.796630859375 0.56591796875
0.0263042449951172 0.00237846374511719 -0.65655517578125 0.0866088867187499
0.0622367858886719 0.0428504943847656 0.197006225585938 0.133865356445313
0.0497398376464844 -0.00905990600585938 0.92510986328125 -0.170166015625
-0.00239372253417968 -0.0297470092773437 0.62347412109375 -0.82672119140625
-0.0335006713867188 -0.00423812866210938 -0.23760986328125 -0.7994384765625
-0.0107336044311523 0.00632476806640625 -0.5997314453125 -0.23138427734375
0.0197772979736328 0.0179042816162109 -0.453216552734375 0.108306884765625
0.0292949676513672 0.01458740234375 -0.1005859375 0.223709106445312
0.00391435623168945 -0.0056767463684082 0.127670288085938 0.157669067382813
0.0135507583618164 -0.00278186798095703 -0.0478973388671875 -0.16192626953125
0.0230617523193359 0.0252914428710938 0.25640869140625 -0.139938354492188
0.0140361785888672 0.0347518920898437 0.477996826171875 0.102447509765625
-0.022613525390625 0.0275764465332031 0.425323486328125 0.547088623046875
-0.0549507141113281 -0.0247230529785156 -0.2017822265625 0.8016357421875
-0.00305938720703125 -0.0707015991210937 -0.80462646484375 0.56207275390625
0.0676002502441406 0.00814437866210938 -0.65277099609375 0.0787963867187499
0.105422973632813 0.0540313720703125 0.205291748046875 0.13092041015625
0.08099365234375 -0.0110244750976563 0.92669677734375 -0.1822509765625
0.0123138427734375 -0.0406494140625 0.6146240234375 -0.83380126953125
-0.0317096710205078 -0.0134086608886719 -0.24652099609375 -0.797119140625
-0.0185813903808594 0.00119400024414063 -0.60107421875 -0.2259521484375
0.0165576934814453 0.0185737609863281 -0.44940185546875 0.111053466796875
0.0270214080810547 0.0154476165771484 -0.100067138671875 0.224166870117188
0.00219821929931641 -0.00290107727050781 0.132080078125 0.156646728515625
0.0117149353027344 -0.000317573547363281 -0.0509185791015625 -0.1612548828125
0.0219135284423828 0.0257797241210938 0.251907348632813 -0.140335083007813
0.0118331909179688 0.0334796905517578 0.4754638671875 0.099639892578125
-0.0260162353515625 0.0212326049804688 0.427978515625 0.53729248046875
-0.0496597290039063 -0.0339546203613281 -0.1927490234375 0.80206298828125
0.0153732299804688 -0.0774765014648438 -0.7958984375 0.56768798828125
0.105522155761719 0.00955963134765625 -0.6580810546875 0.0810546875
0.147720336914063 0.06756591796875 0.192291259765625 0.125717163085938
0.112884521484375 -0.0115280151367188 0.92340087890625 -0.1748046875
0.029876708984375 -0.0506095886230469 0.6282958984375 -0.8248291015625
-0.0297183990478516 -0.0236091613769531 -0.23779296875 -0.80255126953125
-0.0228080749511719 -0.00217437744140625 -0.60186767578125 -0.23663330078125
0.00933933258056641 0.0167646408081055 -0.457733154296875 0.10430908203125
0.0227222442626953 0.0178585052490234 -0.103958129882813 0.224884033203125
0.00112581253051758 0.00188231468200684 0.132064819335938 0.158981323242187
0.0100908279418945 0.00032806396484375 -0.0540771484375 -0.160079956054688
0.0209312438964844 0.0247249603271484 0.245941162109375 -0.145553588867188
0.00811958312988281 0.0323600769042969 0.473419189453125 0.082489013671875
-0.0262527465820312 0.0204086303710937 0.442840576171875 0.520721435546875
-0.0482444763183594 -0.0367240905761719 -0.1614990234375 0.8028564453125
0.0279083251953125 -0.08392333984375 -0.7750244140625 0.59246826171875
0.134040832519531 0.00827789306640625 -0.6702880859375 0.0914306640625001
0.180801391601562 0.078125 0.16241455078125 0.116439819335938
0.140029907226563 -0.0061492919921875 0.91729736328125 -0.1510009765625
0.0462379455566406 -0.0559272766113281 0.65814208984375 -0.8089599609375
-0.0258293151855469 -0.0317363739013672 -0.20770263671875 -0.81964111328125
-0.0271358489990234 -0.00518798828125 -0.59967041015625 -0.25677490234375
0.00634670257568359 0.0159263610839844 -0.467437744140625 0.0917968749999999
0.0227909088134766 0.0173702239990234 -0.112197875976563 0.222900390625
0.00120663642883301 0.00370192527770996 0.1287841796875 0.160354614257813
0.0228614807128906 -0.0127086639404297 -0.074462890625 -0.158599853515625
0.03839111328125 0.0118865966796875 0.217178344726562 -0.180038452148437
0.0318641662597656 0.0275688171386719 0.468719482421875 -0.004669189453125
-0.000434875488281255 0.0511016845703125 0.52471923828125 0.40234375
-0.059539794921875 0.0280265808105469 0.0119018554687501 0.77520751953125
-0.079010009765625 -0.032073974609375 -0.6435546875 0.697998046875
-0.0554351806640625 -0.0114707946777344 -0.71893310546875 0.1793212890625
-0.0182018280029297 0.00899314880371093 0.0341567993164062 0.105461120605469
-0.0117311477661133 -0.000580787658691407 0.8695068359375 -0.02410888671875
-0.0334053039550781 -0.00929069519042968 0.77655029296875 -0.7008056640625
-0.039154052734375 0.0160179138183594 -0.06951904296875 -0.863037109375
-0.00434303283691406 0.0191059112548828 -0.559539794921875 -0.348663330078125
0.0250396728515625 0.0211677551269531 -0.478607177734375 0.0399475097656249
0.0392417907714844 0.0109214782714844 -0.134735107421875 0.209945678710938
0.00939750671386719 -0.0143032073974609 0.111602783203125 0.158828735351563
0.02203369140625 -0.0111198425292969 -0.0668792724609375 -0.161102294921875
0.0376434326171875 0.0161819458007813 0.228744506835938 -0.171417236328125
0.0303783416748047 0.0317325592041016 0.472442626953125 0.020355224609375
-0.0045318603515625 0.0512123107910156 0.504425048828125 0.441253662109375
-0.0623283386230469 0.0228080749511719 -0.04083251953125 0.78497314453125
-0.0765151977539062 -0.0357742309570313 -0.68658447265625 0.66046142578125
-0.0562019348144531 -0.00986099243164063 -0.69915771484375 0.1497802734375
-0.0200710296630859 0.00893020629882812 0.0857467651367188 0.115234375
-0.0134315490722656 -0.00174617767333984 0.88519287109375 -0.06964111328125
-0.0348415374755859 -0.00796890258789063 0.72296142578125 -0.7430419921875
-0.0382766723632813 0.0179786682128906 -0.132568359375 -0.84161376953125
-0.00234794616699219 0.0183658599853516 -0.572509765625 -0.30560302734375
0.0262699127197266 0.0208950042724609 -0.469024658203125 0.0654296874999999
0.0390205383300781 0.0114326477050781 -0.12359619140625 0.215103149414063
0.00791263580322265 -0.0142192840576172 0.11419677734375 0.156661987304688
0.0191307067871094 -0.00998687744140625 -0.0594024658203125 -0.162872314453125
0.0345516204833984 0.0170383453369141 0.240570068359375 -0.163253784179688
0.0277194976806641 0.0335712432861328 0.475372314453125 0.04815673828125
-0.00902938842773438 0.0466766357421875 0.476593017578125 0.478485107421875
-0.0630226135253906 0.0114250183105469 -0.09967041015625 0.789306640625
-0.0678939819335938 -0.0431404113769531 -0.72894287109375 0.62420654296875
-0.0420074462890625 -0.0077362060546875 -0.677490234375 0.12432861328125
-0.00662136077880859 0.0152273178100586 0.133613586425781 0.122779846191406
-0.00294589996337891 -0.00482940673828125 0.89947509765625 -0.119140625
-0.0291576385498047 -0.0113143920898438 0.667236328125 -0.78167724609375
-0.0364952087402344 0.0142250061035156 -0.18682861328125 -0.81915283203125
-0.00306224822998047 0.0146007537841797 -0.58465576171875 -0.2672119140625
0.0269775390625 0.0204296112060547 -0.4583740234375 0.0885009765625
0.0356521606445313 0.0116920471191406 -0.11126708984375 0.219375610351563
0.00548458099365234 -0.0123567581176758 0.118850708007813 0.156982421875
0.0157194137573242 -0.00686264038085938 -0.052459716796875 -0.162307739257813
0.0319404602050781 0.0208206176757813 0.24627685546875 -0.151657104492188
0.0227622985839844 0.0352668762207031 0.47705078125 0.071502685546875
-0.0139045715332031 0.0416946411132813 0.453033447265625 0.5059814453125
-0.0614166259765625 0.00221633911132811 -0.1453857421875 0.79412841796875
-0.050689697265625 -0.0532150268554687 -0.7578125 0.59112548828125
-0.011744499206543 -0.00345611572265625 -0.65838623046875 0.10357666015625
0.0229969024658203 0.0257587432861328 0.172515869140625 0.126556396484375
0.0188083648681641 -0.0063323974609375 0.90631103515625 -0.1595458984375
-0.0168495178222656 -0.02008056640625 0.6246337890625 -0.81109619140625
-0.0337333679199219 0.00753402709960938 -0.2275390625 -0.79949951171875
-0.00718021392822266 0.0110416412353516 -0.59161376953125 -0.23541259765625
0.0240955352783203 0.0188083648681641 -0.449554443359375 0.105865478515625
0.0328865051269531 0.0127544403076172 -0.102493286132812 0.22198486328125
0.00465297698974609 -0.0100679397583008 0.12542724609375 0.15423583984375
0.0161800384521484 -0.00539875030517578 -0.050384521484375 -0.162490844726563
0.0276336669921875 0.0227680206298828 0.25018310546875 -0.145843505859375
0.0185737609863281 0.0353050231933594 0.477294921875 0.087158203125
-0.0180397033691406 0.0342636108398438 0.4365234375 0.525238037109375
-0.0580177307128906 -0.0133438110351563 -0.175537109375 0.79656982421875
-0.0283126831054687 -0.0612258911132813 -0.77789306640625 0.57171630859375
0.0267505645751953 0.00129127502441406 -0.64569091796875 0.09197998046875
0.0631256103515625 0.0377159118652344 0.1961669921875 0.128662109375
0.0465164184570312 -0.0103073120117187 0.91082763671875 -0.185791015625
-0.00313568115234375 -0.0297832489013672 0.601318359375 -0.82635498046875
-0.0322971343994141 -0.00259208679199219 -0.24993896484375 -0.78656005859375
-0.0109653472900391 0.00674819946289062 -0.59503173828125 -0.21905517578125
0.018829345703125 0.0180225372314453 -0.445465087890625 0.115966796875
0.0290126800537109 0.0129203796386719 -0.09747314453125 0.22296142578125
0.0035548210144043 -0.00545358657836914 0.130615234375 0.153854370117188
0.0120143890380859 -0.00174808502197266 -0.0481414794921875 -0.159698486328125
0.0233802795410156 0.0236034393310547 0.25042724609375 -0.144439697265625
0.0141277313232422 0.0344448089599609 0.474884033203125 0.09234619140625
-0.0221138000488281 0.0270442962646484 0.43011474609375 0.53173828125
-0.0531044006347656 -0.0247039794921875 -0.18731689453125 0.79638671875
-0.00509643554687499 -0.0682868957519531 -0.7841796875 0.56591796875
0.0664405822753906 0.0058746337890625 -0.6412353515625 0.08575439453125
0.104751586914063 0.0536956787109375 0.203369140625 0.125991821289063
0.0794830322265625 -0.0113143920898438 0.912109375 -0.1949462890625
0.0131034851074219 -0.0399093627929688 0.59283447265625 -0.83233642578125
-0.0314064025878906 -0.0120830535888672 -0.25970458984375 -0.7823486328125
-0.0172586441040039 0.00207233428955078 -0.598876953125 -0.21282958984375
0.0147075653076172 0.0177555084228516 -0.4442138671875 0.11767578125
0.0271072387695312 0.0143032073974609 -0.095489501953125 0.223388671875
0.0025942325592041 -0.00319719314575195 0.132476806640625 0.153839111328125
0.0122175216674805 -0.000906944274902344 -0.05059814453125 -0.158905029296875
0.0193672180175781 0.0237770080566406 0.245925903320313 -0.145843505859375
0.0121192932128906 0.0317726135253906 0.472076416015625 0.089111328125
-0.0241813659667969 0.0221805572509766 0.432220458984375 0.522430419921875
-0.0492820739746094 -0.0323677062988281 -0.1754150390625 0.796630859375
0.0143661499023437 -0.0756988525390625 -0.777099609375 0.5748291015625
0.104446411132813 0.0087127685546875 -0.6480712890625 0.08709716796875
0.146514892578125 0.0636749267578125 0.189254760742188 0.120681762695313
0.109825134277344 -0.0117645263671875 0.90936279296875 -0.1866455078125
0.0281486511230469 -0.0514907836914063 0.6060791015625 -0.82568359375
-0.0279903411865234 -0.0223007202148438 -0.2447509765625 -0.79150390625
-0.02264404296875 -0.00301170349121094 -0.59710693359375 -0.22259521484375
0.0107851028442383 0.0172872543334961 -0.45159912109375 0.111968994140625
0.0234527587890625 0.0170688629150391 -0.100387573242188 0.222946166992187
0.00250363349914551 0.00219011306762695 0.130828857421875 0.155593872070313
0.0105876922607422 -0.000978469848632813 -0.0565032958984375 -0.158706665039063
0.0206184387207031 0.0234966278076172 0.238571166992188 -0.150588989257813
0.00963973999023438 0.0308933258056641 0.468597412109375 0.07403564453125
-0.0242328643798828 0.0202178955078125 0.446563720703125 0.507232666015625
-0.0478057861328125 -0.0360679626464844 -0.1461181640625 0.7957763671875
0.0260238647460937 -0.0809249877929688 -0.75421142578125 0.5972900390625
0.131538391113281 0.0065460205078125 -0.66162109375 0.10028076171875
0.17950439453125 0.0736846923828125 0.160354614257813 0.112045288085937
0.138023376464844 -0.0091094970703125 0.90216064453125 -0.16363525390625
0.0439796447753906 -0.056060791015625 0.6376953125 -0.80987548828125
-0.0256481170654297 -0.0298919677734375 -0.2193603515625 -0.80548095703125
-0.0267906188964844 -0.00501632690429687 -0.59503173828125 -0.244873046875
0.00554943084716797 0.01507568359375 -0.460479736328125 0.0993957519531249
0.022308349609375 0.0169849395751953 -0.10882568359375 0.2210693359375
0.00208091735839844 0.00364136695861816 0.13067626953125 0.157882690429688
0.0223827362060547 -0.0132045745849609 -0.0751800537109375 -0.157135009765625
0.0395164489746094 0.0102272033691406 0.21160888671875 -0.181854248046875
0.0321025848388672 0.0294227600097656 0.460601806640625 -0.01165771484375
0.000110626220703122 0.0511932373046875 0.524688720703125 0.38897705078125
-0.0590705871582031 0.0292282104492187 0.0211181640625 0.76568603515625
-0.0772628784179688 -0.028076171875 -0.6270751953125 0.69659423828125
-0.0557746887207031 -0.0105438232421875 -0.70550537109375 0.18536376953125
-0.0189304351806641 0.00951766967773437 0.03399658203125 0.104270935058594
-0.0115728378295898 -0.0023040771484375 0.85546875 -0.0350341796875
-0.0329990386962891 -0.00830268859863282 0.75677490234375 -0.70068359375
-0.0371131896972656 0.0172882080078125 -0.08062744140625 -0.8525390625
-0.00342369079589844 0.0175819396972656 -0.555145263671875 -0.336639404296875
0.0246315002441406 0.0216522216796875 -0.472625732421875 0.0469970703125
0.0385894775390625 0.0112342834472656 -0.130233764648438 0.210250854492187
0.00968837738037109 -0.0136127471923828 0.112335205078125 0.155136108398438
0.0228958129882813 -0.0106315612792969 -0.0670318603515625 -0.158035278320313
0.0375518798828125 0.0138664245605469 0.223724365234375 -0.173248291015625
0.0307140350341797 0.031097412109375 0.46636962890625 0.01324462890625
-0.00334930419921875 0.0505142211914063 0.50445556640625 0.4276123046875
-0.0616378784179688 0.023223876953125 -0.02874755859375 0.77471923828125
-0.0763778686523438 -0.0338058471679688 -0.66839599609375 0.660400390625
-0.056549072265625 -0.0104103088378906 -0.687255859375 0.15753173828125
-0.0214824676513672 0.00882148742675782 0.0837326049804688 0.113151550292969
-0.0148134231567383 -0.00396537780761719 0.873291015625 -0.07806396484375
-0.0350112915039063 -0.00717353820800782 0.703125 -0.74371337890625
-0.0365104675292969 0.018341064453125 -0.1424560546875 -0.82867431640625
-0.00196552276611328 0.0173654556274414 -0.57000732421875 -0.2943115234375
0.0283355712890625 0.0220108032226563 -0.461517333984375 0.070892333984375
0.0380287170410156 0.00983047485351562 -0.118438720703125 0.213882446289063
0.00860118865966797 -0.0136079788208008 0.115936279296875 0.155181884765625
0.0210456848144531 -0.00890350341796875 -0.0599365234375 -0.159271240234375
0.0350856781005859 0.0175399780273438 0.23388671875 -0.164596557617188
0.0255546569824219 0.0329551696777344 0.468536376953125 0.0426025390625
-0.0083160400390625 0.0469436645507813 0.478729248046875 0.46484375
-0.0626640319824219 0.01348876953125 -0.0857543945312499 0.78155517578125
-0.0678138732910156 -0.0400047302246094 -0.70892333984375 0.62445068359375
-0.0399551391601563 -0.00806427001953125 -0.66754150390625 0.1318359375
-0.00648307800292969 0.0146961212158203 0.132835388183594 0.11944580078125
-0.00369930267333984 -0.00504779815673828 0.88330078125 -0.12969970703125
-0.0296287536621094 -0.0106239318847656 0.648681640625 -0.7803955078125
-0.0353355407714844 0.0141448974609375 -0.1953125 -0.80841064453125
-0.00224494934082031 0.0147418975830078 -0.5792236328125 -0.25543212890625
0.0260963439941406 0.0185337066650391 -0.451416015625 0.0943603515624999
0.0362396240234375 0.00992584228515625 -0.107009887695312 0.219192504882813
0.00517654418945313 -0.0113096237182617 0.119873046875 0.155029296875
0.0181903839111328 -0.00737953186035156 -0.053314208984375 -0.16064453125
0.0307655334472656 0.0197505950927734 0.242263793945313 -0.154403686523438
0.0225143432617188 0.0340213775634766 0.4716796875 0.06329345703125
-0.0121383666992187 0.04046630859375 0.454071044921875 0.492156982421875
-0.0614509582519531 0.00082015991210938 -0.1334228515625 0.785400390625
-0.050750732421875 -0.0499267578125 -0.7398681640625 0.59295654296875
-0.0118570327758789 -0.00423526763916016 -0.647216796875 0.10980224609375
0.0229701995849609 0.0249748229980469 0.17059326171875 0.123306274414063
0.0180435180664063 -0.00649452209472656 0.89044189453125 -0.16949462890625
-0.0186290740966797 -0.0183525085449219 0.60516357421875 -0.80712890625
-0.0345592498779297 0.00751876831054687 -0.2349853515625 -0.7864990234375
-0.00625801086425781 0.0108203887939453 -0.58819580078125 -0.2232666015625
0.0235958099365234 0.0177192687988281 -0.44415283203125 0.110076904296875
0.0329341888427734 0.0108909606933594 -0.097198486328125 0.219512939453125
0.00403738021850586 -0.00875711441040039 0.125656127929688 0.151565551757812
0.0160675048828125 -0.00521945953369141 -0.050872802734375 -0.159439086914063
0.0261898040771484 0.021453857421875 0.245635986328125 -0.14935302734375
0.0182895660400391 0.0340900421142578 0.470733642578125 0.0797119140625
-0.0172595977783203 0.0335807800292969 0.439453125 0.51171875
-0.0564956665039063 -0.0126686096191406 -0.16436767578125 0.7899169921875
-0.0286331176757813 -0.059112548828125 -0.76043701171875 0.5731201171875
0.0255470275878906 0.00110626220703125 -0.63690185546875 0.0986328124999999
0.0614891052246094 0.0372123718261719 0.194671630859375 0.123550415039062
0.0459442138671875 -0.0104789733886719 0.89508056640625 -0.192626953125
-0.0036163330078125 -0.0285320281982422 0.58160400390625 -0.822265625
-0.0327701568603516 -0.00188255310058594 -0.2574462890625 -0.7740478515625
-0.00985527038574219 0.00655555725097656 -0.59197998046875 -0.20770263671875
0.0194664001464844 0.0171585083007813 -0.437896728515625 0.1201171875
0.0284175872802734 0.0108585357666016 -0.0947113037109375 0.22137451171875
0.00351142883300781 -0.00530052185058594 0.129638671875 0.15020751953125
0.0138034820556641 -0.0019683837890625 -0.0489959716796875 -0.159149169921875
0.0228652954101563 0.0226802825927734 0.246170043945313 -0.146484375
0.0148792266845703 0.03363037109375 0.4697265625 0.084503173828125
-0.0199470520019531 0.0276985168457031 0.431640625 0.51715087890625
-0.0519294738769531 -0.0225334167480469 -0.1741943359375 0.787841796875
-0.00695037841796875 -0.0669403076171875 -0.76605224609375 0.56793212890625
0.0654830932617188 0.00633621215820313 -0.63134765625 0.0921630859375
0.102577209472656 0.0491561889648438 0.2005615234375 0.1207275390625
0.0758056640625 -0.0128631591796875 0.89752197265625 -0.20281982421875
0.0110206604003906 -0.0405921936035156 0.572998046875 -0.82794189453125
-0.03009033203125 -0.01177978515625 -0.26611328125 -0.77105712890625
-0.0171661376953125 0.00139904022216797 -0.594482421875 -0.2012939453125
0.0139980316162109 0.0161209106445313 -0.4383544921875 0.12371826171875
0.0268516540527344 0.0138301849365234 -0.0930633544921875 0.22265625
0.0026850700378418 -0.00160694122314453 0.132217407226563 0.150375366210938
0.0125818252563477 -0.000995635986328125 -0.0512847900390625 -0.158538818359375
0.0218257904052734 0.0225639343261719 0.241439819335938 -0.149093627929688
0.0095367431640625 0.0323715209960938 0.467864990234375 0.080291748046875
-0.0225772857666016 0.0223064422607422 0.434173583984375 0.512054443359375
-0.0491218566894531 -0.0297317504882813 -0.16302490234375 0.7890625
0.0129776000976562 -0.0739974975585938 -0.7603759765625 0.576171875
0.103134155273438 0.008056640625 -0.63714599609375 0.0942382812499999
0.144866943359375 0.0608062744140625 0.188278198242188 0.114852905273438
0.106803894042969 -0.0121612548828125 0.8929443359375 -0.1942138671875
0.0262641906738281 -0.049041748046875 0.586669921875 -0.82196044921875
-0.0282211303710937 -0.0226459503173828 -0.2535400390625 -0.7777099609375
-0.0228004455566406 -0.00200271606445312 -0.59295654296875 -0.2110595703125
0.00953769683837891 0.0152416229248047 -0.443359375 0.118988037109375
0.0235729217529297 0.0151042938232422 -0.096405029296875 0.222396850585938
0.00208079814910889 0.00129818916320801 0.131988525390625 0.1524658203125
0.010258674621582 -0.00130081176757812 -0.0551910400390625 -0.15509033203125
0.0184326171875 0.0241737365722656 0.234024047851563 -0.153579711914063
0.00824356079101562 0.0292644500732422 0.4659423828125 0.063385009765625
-0.0232295989990234 0.0200519561767578 0.44757080078125 0.4937744140625
-0.0464057922363281 -0.0344810485839844 -0.1329345703125 0.78680419921875
0.0250091552734375 -0.0809326171875 -0.7373046875 0.59735107421875
0.130233764648438 0.00498199462890625 -0.6519775390625 0.10748291015625
0.177993774414063 0.069610595703125 0.158203125 0.107345581054688
0.134780883789063 -0.0122833251953125 0.8870849609375 -0.17218017578125
0.042266845703125 -0.0561599731445313 0.61663818359375 -0.80731201171875
-0.0258102416992188 -0.0304355621337891 -0.226806640625 -0.79486083984375
-0.0252666473388672 -0.00750923156738282 -0.59295654296875 -0.2322998046875
0.00553417205810547 0.0144443511962891 -0.4522705078125 0.10418701171875
0.0227108001708984 0.0156059265136719 -0.105667114257813 0.220748901367188
0.00311017036437988 0.00319361686706543 0.129150390625 0.155227661132813
0.0242729187011719 -0.0137176513671875 -0.075469970703125 -0.154891967773438
0.0380287170410156 0.00942611694335937 0.207351684570313 -0.181976318359375
0.0328292846679688 0.0282955169677734 0.455108642578125 -0.0162353515625
0.00199127197265625 0.0503501892089844 0.5224609375 0.3792724609375
-0.0565299987792969 0.029510498046875 0.0313110351562501 0.7559814453125
-0.0777740478515625 -0.0271453857421875 -0.611328125 0.69378662109375
-0.0538787841796875 -0.00845718383789063 -0.69549560546875 0.18963623046875
-0.0201377868652344 0.00884056091308593 0.0341644287109375 0.100791931152344
-0.012730598449707 -0.0022134780883789 0.84307861328125 -0.04254150390625
-0.034088134765625 -0.00731658935546874 0.7392578125 -0.6983642578125
-0.03582763671875 0.0170783996582031 -0.0909423828125 -0.83941650390625
-0.00380420684814453 0.0172281265258789 -0.552581787109375 -0.326141357421875
0.025604248046875 0.0199165344238281 -0.464752197265625 0.0501098632812499
0.0384483337402344 0.00931930541992187 -0.126419067382813 0.2080078125
0.0106639862060547 -0.0128974914550781 0.111557006835938 0.1536865234375
0.0219917297363281 -0.0118350982666016 -0.068328857421875 -0.157760620117188
0.0371284484863281 0.0119094848632813 0.219818115234375 -0.174346923828125
0.0302200317382813 0.0309028625488281 0.46051025390625 0.008819580078125
-0.00229263305664063 0.0488357543945313 0.50250244140625 0.41583251953125
-0.0602455139160156 0.0241470336914062 -0.0220947265625 0.7666015625
-0.0760345458984375 -0.0316925048828125 -0.65234375 0.658935546875
-0.0556373596191406 -0.00852584838867188 -0.6766357421875 0.16015625
-0.0214824676513672 0.00942611694335938 0.082733154296875 0.108787536621094
-0.0161380767822266 -0.00393104553222656 0.85760498046875 -0.0887451171875
-0.0350189208984375 -0.00741767883300782 0.68585205078125 -0.73846435546875
-0.0363883972167969 0.0181617736816406 -0.1488037109375 -0.8179931640625
-0.00155925750732422 0.0161657333374023 -0.5648193359375 -0.28363037109375
0.0259208679199219 0.0193080902099609 -0.455841064453125 0.0751037597656251
0.0365447998046875 0.00754928588867188 -0.11431884765625 0.213699340820313
0.0081024169921875 -0.0131511688232422 0.116409301757813 0.15252685546875
0.0211372375488281 -0.00996780395507813 -0.0610504150390625 -0.158843994140625
0.0332813262939453 0.0165004730224609 0.230010986328125 -0.16680908203125
0.027130126953125 0.0320835113525391 0.463958740234375 0.03448486328125
-0.00710678100585938 0.0465087890625 0.4786376953125 0.453094482421875
-0.0613670349121094 0.0148773193359375 -0.0776367187499999 0.772216796875
-0.0681266784667969 -0.0398445129394531 -0.69281005859375 0.62322998046875
-0.0396308898925781 -0.00735855102539063 -0.6561279296875 0.13409423828125
-0.00747299194335937 0.0136604309082031 0.130508422851563 0.11566162109375
-0.00566911697387695 -0.00494289398193359 0.8702392578125 -0.134521484375
-0.0279064178466797 -0.0102443695068359 0.63092041015625 -0.77655029296875
-0.0337467193603516 0.0141830444335938 -0.20208740234375 -0.79376220703125
-0.00216102600097656 0.0128345489501953 -0.57666015625 -0.245849609375
0.0263023376464844 0.0191135406494141 -0.443389892578125 0.098388671875
0.0370216369628906 0.00893402099609375 -0.103988647460937 0.215957641601563
0.00608444213867188 -0.0112905502319336 0.120071411132813 0.152175903320313
0.0178413391113281 -0.00721168518066406 -0.0546417236328125 -0.158889770507812
0.0305938720703125 0.0178508758544922 0.237075805664062 -0.156265258789062
0.0238018035888672 0.0339088439941406 0.46685791015625 0.057830810546875
-0.012481689453125 0.0400123596191406 0.45556640625 0.482696533203125
-0.05975341796875 0.00138854980468749 -0.12261962890625 0.7769775390625
-0.0501785278320312 -0.0481719970703125 -0.724853515625 0.593505859375
-0.0119056701660156 -0.00212955474853516 -0.63787841796875 0.114501953125
0.0217704772949219 0.0220146179199219 0.169097900390625 0.117782592773438
0.0165719985961914 -0.00728321075439453 0.87640380859375 -0.17431640625
-0.0173988342285156 -0.018646240234375 0.59075927734375 -0.80364990234375
-0.0330104827880859 0.00717735290527344 -0.2386474609375 -0.77569580078125
-0.00564384460449219 0.0103416442871094 -0.58233642578125 -0.216552734375
0.0235137939453125 0.0168724060058594 -0.435760498046875 0.11407470703125
0.0324077606201172 0.0103187561035156 -0.09521484375 0.218246459960938
0.00384902954101562 -0.00810384750366211 0.125778198242188 0.14971923828125
0.0159168243408203 -0.00451183319091797 -0.0507965087890625 -0.158737182617188
0.0260524749755859 0.0209617614746094 0.241943359375 -0.150711059570313
0.0188655853271484 0.0344867706298828 0.46734619140625 0.072296142578125
-0.0153675079345703 0.0344161987304688 0.43890380859375 0.498748779296875
-0.0556907653808594 -0.0126113891601563 -0.15380859375 0.77850341796875
-0.0291938781738281 -0.0564765930175781 -0.7447509765625 0.57373046875
0.0247879028320313 0.000799179077148438 -0.6260986328125 0.1009521484375
0.0613632202148438 0.035430908203125 0.191360473632813 0.118438720703125
0.0441741943359375 -0.0108070373535156 0.8798828125 -0.1983642578125
-0.00377655029296875 -0.0269279479980469 0.564453125 -0.81781005859375
-0.0306644439697266 -0.00256729125976563 -0.26190185546875 -0.76104736328125
-0.0106067657470703 0.0062093734741211 -0.58538818359375 -0.19732666015625
0.01947021484375 0.0154514312744141 -0.43145751953125 0.124908447265625
0.0299263000488281 0.0114860534667969 -0.0895843505859375 0.219528198242188
0.0040125846862793 -0.00478553771972656 0.129562377929688 0.148162841796875
0.013401985168457 -0.00343132019042969 -0.0507049560546875 -0.157119750976562
0.0235538482666016 0.0224246978759766 0.240432739257813 -0.148651123046875
0.0145721435546875 0.0334892272949219 0.465179443359375 0.078155517578125
-0.0194511413574219 0.0275478363037109 0.431610107421875 0.5067138671875
-0.0518569946289062 -0.0222930908203125 -0.1646728515625 0.77947998046875
-0.00804901123046875 -0.0648612976074219 -0.75030517578125 0.56732177734375
0.0641212463378906 0.00437545776367188 -0.62298583984375 0.09625244140625
0.101837158203125 0.047607421875 0.197723388671875 0.116317749023437
0.074798583984375 -0.0125732421875 0.8822021484375 -0.210205078125
0.0106582641601563 -0.0400505065917969 0.556884765625 -0.82525634765625
-0.0295734405517578 -0.0117378234863281 -0.2701416015625 -0.75994873046875
-0.0166826248168945 0.00157070159912109 -0.588623046875 -0.19207763671875
0.0147333145141602 0.0157833099365234 -0.432403564453125 0.126556396484375
0.0258884429931641 0.0124950408935547 -0.0891876220703125 0.220382690429688
0.00281524658203125 -0.000732898712158203 0.130752563476563 0.148727416992188
0.0118589401245117 -0.001739501953125 -0.0508575439453125 -0.15631103515625
0.0218467712402344 0.0221881866455078 0.236831665039063 -0.149734497070313
0.0109424591064453 0.03375244140625 0.46160888671875 0.07305908203125
-0.0218887329101563 0.0215988159179687 0.4354248046875 0.499969482421875
-0.0478782653808594 -0.0309677124023437 -0.1534423828125 0.7786865234375
0.0114974975585938 -0.0729827880859375 -0.74383544921875 0.57574462890625
0.101150512695313 0.0068359375 -0.62811279296875 0.0973510742187501
0.142562866210938 0.059661865234375 0.185821533203125 0.110153198242188
0.105094909667969 -0.0138473510742188 0.8787841796875 -0.20062255859375
0.0270271301269531 -0.04876708984375 0.5712890625 -0.81622314453125
-0.0274219512939453 -0.0215415954589844 -0.25830078125 -0.7659912109375
-0.0211582183837891 -0.00312995910644531 -0.588623046875 -0.1998291015625
0.00926589965820313 0.015019416809082 -0.4365234375 0.1212158203125
0.0225811004638672 0.0136489868164063 -0.0930633544921875 0.219192504882813
0.00339102745056152 0.00218963623046875 0.131973266601563 0.149566650390625
0.0114994049072266 -0.000271797180175781 -0.055572509765625 -0.154083251953125
0.0190334320068359 0.0212287902832031 0.229415893554688 -0.155181884765625
0.00994491577148438 0.0302829742431641 0.459808349609375 0.06036376953125
-0.0225849151611328 0.020172119140625 0.447296142578125 0.482696533203125
-0.0467567443847656 -0.0336837768554688 -0.12188720703125 0.779296875
0.0237350463867188 -0.0775299072265625 -0.72198486328125 0.59844970703125
0.127662658691406 0.0040740966796875 -0.64056396484375 0.1109619140625
0.1763916015625 0.0681610107421875 0.155807495117188 0.103836059570312
0.131179809570313 -0.0129928588867188 0.87176513671875 -0.177490234375
0.0404930114746094 -0.0566596984863281 0.59930419921875 -0.80157470703125
-0.0244770050048828 -0.0295314788818359 -0.2333984375 -0.781494140625
-0.0256805419921875 -0.00608634948730469 -0.58673095703125 -0.22344970703125
0.0061798095703125 0.0144138336181641 -0.445404052734375 0.109375
0.0227203369140625 0.0135536193847656 -0.10198974609375 0.218658447265625
0.00261211395263672 0.00357532501220703 0.129226684570313 0.152053833007813
0.0234279632568359 -0.0127944946289063 -0.075408935546875 -0.1529541015625
0.0378036499023438 0.0077972412109375 0.202728271484375 -0.183868408203125
0.0320644378662109 0.0276165008544922 0.447021484375 -0.0208740234375
0.00215148925781249 0.05181884765625 0.519012451171875 0.370574951171875
-0.0560646057128906 0.0291595458984375 0.03558349609375 0.746826171875
-0.0749969482421875 -0.0257492065429688 -0.59747314453125 0.68914794921875
-0.0543136596679688 -0.00762939453125001 -0.6842041015625 0.19146728515625
-0.0191154479980469 0.00829696655273438 0.0332870483398437 0.0966262817382813
-0.0139102935791016 -0.00113964080810547 0.83026123046875 -0.04486083984375
-0.0338344573974609 -0.00537872314453125 0.7216796875 -0.69439697265625
-0.0357208251953125 0.01702880859375 -0.09490966796875 -0.82928466796875
-0.00343513488769531 0.0157365798950195 -0.548309326171875 -0.3182373046875
0.0252342224121094 0.0182304382324219 -0.458404541015625 0.0535888671875
0.0372352600097656 0.00768280029296875 -0.122802734375 0.205917358398438
0.011744499206543 -0.0130729675292969 0.112014770507813 0.15191650390625
0.0232582092285156 -0.0119380950927734 -0.0677947998046875 -0.153701782226563
0.037750244140625 0.0119705200195312 0.215286254882813 -0.176040649414063
0.0310688018798828 0.0297355651855469 0.45562744140625 0.0048828125
-9.91821289062546E-05 0.0498123168945312 0.501220703125 0.405426025390625
-0.0591812133789063 0.0236892700195312 -0.0147094726562499 0.7548828125
-0.0767745971679688 -0.0296173095703125 -0.64013671875 0.654296875
-0.0541267395019531 -0.00788116455078126 -0.6661376953125 0.16217041015625
-0.0220470428466797 0.009552001953125 0.08123779296875 0.106895446777344
-0.0152273178100586 -0.00452041625976562 0.8447265625 -0.09356689453125
-0.0347957611083984 -0.0086669921875 0.66973876953125 -0.73162841796875
-0.0352706909179688 0.0188713073730469 -0.15277099609375 -0.80706787109375
-0.000789642333984377 0.0156984329223633 -0.561279296875 -0.276397705078125
0.0259380340576172 0.0193157196044922 -0.448699951171875 0.0779418945312499
0.0360069274902344 0.007720947265625 -0.112167358398438 0.20928955078125
0.00749874114990234 -0.012028694152832 0.115234375 0.151275634765625
0.0202083587646484 -0.0108909606933594 -0.06011962890625 -0.157196044921875
0.0328178405761719 0.0140323638916016 0.225250244140625 -0.166717529296875
0.0266304016113281 0.0326156616210938 0.4593505859375 0.02996826171875
-0.0070343017578125 0.0455589294433594 0.47723388671875 0.440032958984375
-0.0613975524902344 0.0136909484863281 -0.0684814453125 0.7628173828125
-0.0670814514160156 -0.0368919372558594 -0.67822265625 0.6202392578125
-0.0406112670898437 -0.00536346435546874 -0.6461181640625 0.13592529296875
-0.00695228576660156 0.0139865875244141 0.130302429199219 0.11236572265625
-0.00452613830566406 -0.00502634048461914 0.855712890625 -0.1407470703125
-0.0278778076171875 -0.0100803375244141 0.6180419921875 -0.76788330078125
-0.0330333709716797 0.0148792266845703 -0.20623779296875 -0.7816162109375
-0.00368499755859375 0.0131549835205078 -0.5699462890625 -0.23895263671875
0.0253105163574219 0.0162487030029297 -0.44000244140625 0.10223388671875
0.0335884094238281 0.00721549987792969 -0.103179931640625 0.215133666992188
0.00771617889404297 -0.0105733871459961 0.119125366210938 0.150985717773438
0.017247200012207 -0.00731658935546875 -0.0535888671875 -0.156494140625
0.0298805236816406 0.0178413391113281 0.233413696289062 -0.157485961914062
0.0227489471435547 0.0345535278320313 0.461212158203125 0.05377197265625
-0.0111427307128906 0.0412788391113281 0.454010009765625 0.4708251953125
-0.0580787658691406 0.00178146362304688 -0.1156005859375 0.76629638671875
-0.0496177673339844 -0.0460891723632812 -0.71246337890625 0.5880126953125
-0.0118637084960937 -0.00306320190429688 -0.62744140625 0.115234375
0.0222148895263672 0.0231800079345703 0.16693115234375 0.115493774414062
0.0166826248168945 -0.00651836395263672 0.86260986328125 -0.17816162109375
-0.0177593231201172 -0.0174236297607422 0.575439453125 -0.79547119140625
-0.0304603576660156 0.00722885131835938 -0.24365234375 -0.76275634765625
-0.00470542907714844 0.010075569152832 -0.576171875 -0.20745849609375
0.0227146148681641 0.0150909423828125 -0.428253173828125 0.120025634765625
0.0329856872558594 0.00830841064453125 -0.093536376953125 0.217178344726562
0.00379753112792969 -0.00797414779663086 0.124984741210937 0.147003173828125
0.0161972045898438 -0.00593852996826172 -0.0513153076171875 -0.15643310546875
0.0276451110839844 0.0188751220703125 0.237579345703125 -0.151580810546875
0.0180873870849609 0.0336246490478516 0.4610595703125 0.06805419921875
-0.0147800445556641 0.0327873229980469 0.435943603515625 0.48773193359375
-0.0559196472167969 -0.0125999450683594 -0.14459228515625 0.77081298828125
-0.0281944274902344 -0.0540695190429688 -0.72833251953125 0.5711669921875
0.0229301452636719 0.00139999389648437 -0.61663818359375 0.1036376953125
0.0583839416503906 0.0337867736816406 0.190277099609375 0.115097045898438
0.0438575744628906 -0.0111770629882813 0.86590576171875 -0.20184326171875
-0.00435066223144531 -0.0284061431884766 0.55194091796875 -0.81201171875
-0.0307178497314453 -0.00143051147460937 -0.26336669921875 -0.75054931640625
-0.0101776123046875 0.00695228576660156 -0.58050537109375 -0.1910400390625
0.019378662109375 0.0152835845947266 -0.42510986328125 0.1265869140625
0.0289192199707031 0.0105457305908203 -0.089813232421875 0.216461181640625
0.00568675994873047 -0.00413274765014648 0.1297607421875 0.146835327148438
0.0130739212036133 -0.00394916534423828 -0.05096435546875 -0.154876708984375
0.0231418609619141 0.0200939178466797 0.23577880859375 -0.150238037109375
0.0140762329101563 0.0337238311767578 0.45880126953125 0.073028564453125
-0.0196819305419922 0.0272655487060547 0.42938232421875 0.494537353515625
-0.0508346557617187 -0.0214614868164063 -0.1566162109375 0.76873779296875
-0.00733184814453125 -0.0628814697265625 -0.73675537109375 0.56439208984375
0.0637931823730469 0.00539779663085938 -0.6134033203125 0.09698486328125
0.100982666015625 0.0463027954101563 0.195037841796875 0.112274169921875
0.0729446411132813 -0.01348876953125 0.8660888671875 -0.2135009765625
0.0104331970214844 -0.0396881103515625 0.5423583984375 -0.81671142578125
-0.0304622650146484 -0.0112209320068359 -0.27252197265625 -0.7459716796875
-0.0154094696044922 0.00243186950683594 -0.5823974609375 -0.18487548828125
0.0146389007568359 0.0149145126342773 -0.425689697265625 0.128662109375
0.0252685546875 0.0114631652832031 -0.0862274169921875 0.217559814453125
0.00404882431030273 3.98159027099609E-05 0.131866455078125 0.146316528320313
0.0114288330078125 -0.00238037109375 -0.0502777099609375 -0.155899047851563
0.0206890106201172 0.0213108062744141 0.231353759765625 -0.149688720703125
0.0103073120117187 0.03338623046875 0.45867919921875 0.069122314453125
-0.0200614929199219 0.0234527587890625 0.4329833984375 0.4869384765625
-0.0471115112304688 -0.02960205078125 -0.14556884765625 0.7689208984375
0.0106658935546875 -0.0708389282226563 -0.7275390625 0.57427978515625
0.100250244140625 0.00691986083984375 -0.61737060546875 0.0995483398437501
0.138862609863281 0.0579833984375 0.181121826171875 0.107772827148438
0.103660583496094 -0.014678955078125 0.86322021484375 -0.20330810546875
0.0252456665039062 -0.0488014221191406 0.555908203125 -0.81036376953125
-0.0271835327148438 -0.0209865570068359 -0.26007080078125 -0.75469970703125
-0.0215854644775391 -0.00312614440917968 -0.58282470703125 -0.19342041015625
0.00915336608886719 0.0140171051025391 -0.42919921875 0.124237060546875
0.0226726531982422 0.0131721496582031 -0.0917205810546875 0.217987060546875
0.00508737564086914 0.000930309295654297 0.132843017578125 0.148193359375
0.0114946365356445 -0.00219821929931641 -0.0543670654296875 -0.153884887695313
0.0187721252441406 0.020843505859375 0.227630615234375 -0.155746459960938
0.00942802429199218 0.0303630828857422 0.452880859375 0.054290771484375
-0.0211906433105469 0.0204296112060547 0.447540283203125 0.471405029296875
-0.0450325012207031 -0.0330543518066406 -0.11712646484375 0.76873779296875
0.0219039916992188 -0.0778656005859375 -0.70703125 0.59295654296875
0.124862670898438 0.00328826904296875 -0.63037109375 0.11187744140625
0.172286987304688 0.0659027099609375 0.154098510742188 0.100082397460938
0.129158020019531 -0.0133209228515625 0.8568115234375 -0.18121337890625
0.039825439453125 -0.0545616149902344 0.58544921875 -0.79498291015625
-0.0246505737304688 -0.0294780731201172 -0.2376708984375 -0.76824951171875
-0.0253314971923828 -0.0066070556640625 -0.58062744140625 -0.2156982421875
0.00798416137695313 0.0135536193847656 -0.438629150390625 0.111968994140625
0.0230922698974609 0.0138092041015625 -0.0990142822265625 0.216842651367187
0.00356388092041016 0.00403404235839844 0.131149291992188 0.15032958984375
0.0236129760742188 -0.0133495330810547 -0.0736541748046875 -0.151779174804687
0.0381927490234375 0.00677108764648438 0.200408935546875 -0.18316650390625
0.0315837860107422 0.0289974212646484 0.443267822265625 -0.0220947265625
0.00298309326171875 0.04974365234375 0.51544189453125 0.36053466796875
-0.0536308288574219 0.0302352905273438 0.0396118164062501 0.73419189453125
-0.0759811401367188 -0.0248641967773438 -0.5867919921875 0.68292236328125
-0.0535202026367188 -0.00852203369140625 -0.67181396484375 0.18878173828125
-0.0193920135498047 0.00765419006347656 0.0318069458007812 0.0970916748046875
-0.0134439468383789 -0.00199413299560547 0.81732177734375 -0.0499267578125
-0.0340194702148438 -0.00530242919921874 0.709228515625 -0.68719482421875
-0.0341587066650391 0.0172824859619141 -0.0980224609375001 -0.819091796875
-0.00284385681152344 0.0160427093505859 -0.54296875 -0.309967041015625
0.0248928070068359 0.0180206298828125 -0.452178955078125 0.056121826171875
0.03759765625 0.00772857666015625 -0.12176513671875 0.2037353515625
0.0123720169067383 -0.0127429962158203 0.110183715820313 0.150665283203125
0.0222091674804687 -0.0126018524169922 -0.0663604736328125 -0.1534423828125
0.0354957580566406 0.0107994079589844 0.211715698242187 -0.175064086914062
0.0302486419677734 0.0315093994140625 0.45135498046875 0.000518798828125002
-0.000740051269531252 0.0482826232910156 0.49542236328125 0.39666748046875
-0.0574111938476563 0.0227241516113281 -0.0108032226562501 0.74560546875
-0.0748138427734375 -0.0273666381835938 -0.62744140625 0.649169921875
-0.053497314453125 -0.00683975219726562 -0.6549072265625 0.16229248046875
-0.0214996337890625 0.0080108642578125 0.0798721313476563 0.104095458984375
-0.0158262252807617 -0.00337696075439453 0.83087158203125 -0.09375
-0.0348548889160156 -0.00494384765625 0.65679931640625 -0.72698974609375
-0.03399658203125 0.0181159973144531 -0.154296875 -0.7957763671875
-0.001953125 0.0164394378662109 -0.554290771484375 -0.270843505859375
0.0253715515136719 0.0168285369873047 -0.44195556640625 0.0797729492187499
0.036529541015625 0.00818634033203125 -0.110763549804688 0.2083740234375
0.00839138031005859 -0.0112619400024414 0.113754272460937 0.148910522460937
0.0200138092041016 -0.0110530853271484 -0.0590972900390625 -0.156204223632813
0.0342082977294922 0.0124492645263672 0.221725463867188 -0.167068481445313
0.0273036956787109 0.031158447265625 0.454376220703125 0.02740478515625
-0.00582504272460937 0.0459098815917969 0.470855712890625 0.43206787109375
-0.05926513671875 0.0139808654785156 -0.0648193359375 0.75274658203125
-0.066558837890625 -0.0366477966308594 -0.66796875 0.6160888671875
-0.0393295288085937 -0.00582885742187499 -0.6363525390625 0.1361083984375
-0.00779914855957031 0.0128107070922852 0.127479553222656 0.1102294921875
-0.00561714172363281 -0.00570058822631836 0.8409423828125 -0.14117431640625
-0.0288867950439453 -0.00864601135253907 0.60308837890625 -0.7635498046875
-0.0335330963134766 0.0140705108642578 -0.2052001953125 -0.77178955078125
-0.00347805023193359 0.0132532119750977 -0.56329345703125 -0.23248291015625
0.0250511169433594 0.0159168243408203 -0.4307861328125 0.10198974609375
0.0349826812744141 0.00851249694824219 -0.0989532470703125 0.212493896484375
0.00648021697998047 -0.0101604461669922 0.118850708007813 0.148712158203125
0.0182762145996094 -0.00888633728027344 -0.0535888671875 -0.155166625976563
0.0294322967529297 0.0165843963623047 0.228775024414063 -0.156997680664063
0.0231304168701172 0.033599853515625 0.455291748046875 0.049896240234375
-0.0108528137207031 0.0399932861328125 0.449432373046875 0.46240234375
-0.0578346252441406 0.00111770629882812 -0.10870361328125 0.75848388671875
-0.0499038696289063 -0.0450515747070313 -0.69732666015625 0.58538818359375
-0.0123615264892578 -0.00153160095214844 -0.61907958984375 0.116455078125
0.0198230743408203 0.0222091674804688 0.164230346679688 0.113311767578125
0.0148944854736328 -0.00746726989746094 0.84930419921875 -0.1783447265625
-0.0181732177734375 -0.0177230834960938 0.56390380859375 -0.7869873046875
-0.0302104949951172 0.00723457336425781 -0.2431640625 -0.7523193359375
-0.00579595565795898 0.00869941711425781 -0.571533203125 -0.2012939453125
0.0222320556640625 0.0147972106933594 -0.42376708984375 0.1185302734375
0.031402587890625 0.0076141357421875 -0.090911865234375 0.21441650390625
0.00510358810424805 -0.00658035278320313 0.122970581054687 0.1451416015625
0.0157947540283203 -0.00578689575195313 -0.0499420166015625 -0.15484619140625
0.0254154205322266 0.0187892913818359 0.232086181640625 -0.151885986328125
0.0175495147705078 0.0342121124267578 0.454833984375 0.064117431640625
-0.01483154296875 0.0346412658691406 0.43463134765625 0.479583740234375
-0.054229736328125 -0.0106887817382813 -0.1405029296875 0.76019287109375
-0.0289993286132813 -0.0531730651855469 -0.71759033203125 0.567138671875
0.0229740142822266 0.00224876403808594 -0.60760498046875 0.10491943359375
0.0569381713867187 0.0328483581542969 0.18603515625 0.114013671875
0.0415916442871094 -0.0114402770996094 0.8514404296875 -0.20263671875
-0.00506973266601563 -0.0270919799804688 0.5396728515625 -0.8018798828125
-0.0295581817626953 -0.000694274902343757 -0.26617431640625 -0.7408447265625
-0.0109214782714844 0.00620841979980469 -0.5751953125 -0.1859130859375
0.0188007354736328 0.0143356323242188 -0.4178466796875 0.128204345703125
0.0282573699951172 0.00868797302246094 -0.0855865478515625 0.214065551757813
0.00412917137145996 -0.00344228744506836 0.1282958984375 0.14312744140625
0.0139760971069336 -0.00336742401123047 -0.0489501953125 -0.153366088867188
0.0224380493164063 0.0209846496582031 0.232101440429688 -0.150131225585938
0.0142021179199219 0.0332012176513672 0.453338623046875 0.069427490234375
-0.0182533264160156 0.0274219512939453 0.42706298828125 0.4857177734375
-0.0500411987304688 -0.020477294921875 -0.14886474609375 0.76092529296875
-0.00788879394531249 -0.0620346069335938 -0.721923828125 0.5601806640625
0.0625114440917969 0.00558090209960938 -0.6064453125 0.0975952148437501
0.0984573364257813 0.045074462890625 0.192840576171875 0.109832763671875
0.0716552734375 -0.0148086547851563 0.85235595703125 -0.21185302734375
0.00996780395507813 -0.0379142761230469 0.53045654296875 -0.80859375
-0.0279712677001953 -0.0107994079589844 -0.27392578125 -0.736572265625
-0.0171604156494141 0.00120353698730469 -0.57598876953125 -0.17889404296875
0.0135631561279297 0.0146045684814453 -0.418426513671875 0.12969970703125
0.0255641937255859 0.0111846923828125 -0.085723876953125 0.215667724609375
0.00337958335876465 -0.00150942802429199 0.129959106445313 0.1448974609375
0.012669563293457 9.34600830078125E-05 -0.05194091796875 -0.153106689453125
0.0193309783935547 0.0208377838134766 0.228729248046875 -0.150375366210938
0.0116519927978516 0.0316390991210938 0.45245361328125 0.065277099609375
-0.0211162567138672 0.0235786437988281 0.4300537109375 0.48040771484375
-0.0466651916503906 -0.0294342041015625 -0.13995361328125 0.75909423828125
0.010498046875 -0.0678558349609375 -0.7177734375 0.56890869140625
0.09674072265625 0.0061187744140625 -0.61041259765625 0.1014404296875
0.138069152832031 0.0550460815429687 0.179046630859375 0.103744506835938
0.10089111328125 -0.0156936645507813 0.8489990234375 -0.20599365234375
0.0238876342773438 -0.0478096008300781 0.546142578125 -0.80126953125
-0.0262126922607422 -0.0214271545410156 -0.26171875 -0.74365234375
-0.0222702026367188 -0.00326728820800781 -0.57568359375 -0.18792724609375
0.00971031188964844 0.0128879547119141 -0.42352294921875 0.125732421875
0.023468017578125 0.0122203826904297 -0.0892486572265625 0.215530395507813
0.00409150123596191 0.00211930274963379 0.130462646484375 0.146148681640625
0.0112142562866211 -0.00138950347900391 -0.0550994873046875 -0.151153564453125
0.0194168090820313 0.01983642578125 0.222732543945313 -0.155960083007813
0.009246826171875 0.0295486450195313 0.448486328125 0.052093505859375
-0.0208091735839844 0.02069091796875 0.4442138671875 0.4620361328125
-0.0448570251464844 -0.032501220703125 -0.11004638671875 0.76043701171875
0.0209884643554687 -0.0761184692382813 -0.6956787109375 0.588623046875
0.125518798828125 0.00290679931640625 -0.623291015625 0.11328125
0.169265747070313 0.0634765625 0.150924682617188 0.0978546142578125
0.12847900390625 -0.0143966674804688 0.84356689453125 -0.184326171875
0.0388298034667969 -0.0549392700195313 0.572998046875 -0.7882080078125
-0.0228748321533203 -0.0284156799316406 -0.23773193359375 -0.75909423828125
-0.0253047943115234 -0.00573539733886719 -0.57293701171875 -0.20928955078125
0.00579738616943359 0.0133476257324219 -0.432861328125 0.112579345703125
0.0212211608886719 0.0126190185546875 -0.0976715087890625 0.21441650390625
0.00388836860656738 0.00413799285888672 0.127471923828125 0.14959716796875
0.0237216949462891 -0.0129547119140625 -0.0736236572265625 -0.150527954101563
0.0376014709472656 0.0066680908203125 0.197265625 -0.181381225585938
0.031829833984375 0.0283603668212891 0.438446044921875 -0.023773193359375
0.003204345703125 0.0493965148925781 0.510589599609375 0.35400390625
-0.0541954040527344 0.0284233093261719 0.0419921875 0.72528076171875
-0.0749053955078125 -0.0238876342773437 -0.57562255859375 0.674560546875
-0.0522613525390625 -0.00709533691406249 -0.66680908203125 0.18804931640625
-0.0187587738037109 0.00605583190917969 0.0320663452148438 0.0953216552734375
-0.0154590606689453 -0.00241661071777344 0.8035888671875 -0.0501708984375
-0.0339431762695313 -0.00545692443847656 0.6982421875 -0.68121337890625
-0.0333328247070312 0.0167064666748047 -0.1009521484375 -0.809814453125
-0.002166748046875 0.015289306640625 -0.537353515625 -0.305389404296875
0.0251502990722656 0.0177478790283203 -0.445953369140625 0.0572509765625
0.0366592407226563 0.00668716430664063 -0.1212158203125 0.201873779296875
0.011016845703125 -0.0115528106689453 0.109085083007812 0.14971923828125
0.0221900939941406 -0.0119590759277344 -0.0663909912109375 -0.153060913085938
0.0362091064453125 0.0100784301757813 0.209442138671875 -0.175155639648438
0.0303001403808594 0.0293731689453125 0.444091796875 0.000457763671875002
0.000610351562499998 0.04827880859375 0.49200439453125 0.390625
-0.0560951232910156 0.0236358642578125 -0.0108642578125 0.73663330078125
-0.0738677978515625 -0.0262832641601562 -0.619140625 0.64141845703125
-0.05279541015625 -0.00537490844726562 -0.646728515625 0.16070556640625
-0.0217418670654297 0.00675201416015625 0.078765869140625 0.101966857910156
-0.0158700942993164 -0.00378799438476562 0.82147216796875 -0.0948486328125
-0.0336360931396484 -0.00510787963867188 0.64697265625 -0.7186279296875
-0.0332450866699219 0.0187568664550781 -0.155029296875 -0.7867431640625
-0.0015716552734375 0.0138626098632813 -0.549713134765625 -0.26617431640625
0.0257225036621094 0.0164146423339844 -0.436920166015625 0.0806579589843749
0.0359573364257812 0.00709915161132812 -0.109481811523437 0.206130981445313
0.00981235504150391 -0.0120201110839844 0.11279296875 0.1492919921875
0.0199699401855469 -0.00995063781738281 -0.0592193603515625 -0.154922485351563
0.0321331024169922 0.0130748748779297 0.219161987304688 -0.165725708007813
0.0259170532226563 0.0325260162353516 0.44927978515625 0.025543212890625
-0.0045928955078125 0.0445747375488281 0.469207763671875 0.42559814453125
-0.0588607788085937 0.0148239135742187 -0.0614624023437501 0.74517822265625
-0.0653839111328125 -0.0348320007324219 -0.6563720703125 0.6075439453125
-0.0393753051757813 -0.00436401367187501 -0.6300048828125 0.13470458984375
-0.0081319808959961 0.011082649230957 0.125350952148438 0.106880187988281
-0.00665140151977539 -0.00485944747924805 0.83251953125 -0.140625
-0.0280418395996094 -0.00802803039550782 0.5938720703125 -0.75390625
-0.03094482421875 0.0147552490234375 -0.2066650390625 -0.7646484375
-0.00112342834472656 0.0113105773925781 -0.557037353515625 -0.22845458984375
0.0247459411621094 0.0151920318603516 -0.426025390625 0.102264404296875
0.0334358215332031 0.00638771057128906 -0.0986938476562499 0.210723876953125
0.00726318359375 -0.00981903076171875 0.11737060546875 0.148178100585938
0.0182704925537109 -0.00835227966308594 -0.052581787109375 -0.15350341796875
0.0301761627197266 0.0160846710205078 0.226043701171875 -0.156936645507813
0.0223751068115234 0.0330257415771484 0.451141357421875 0.04681396484375
-0.00901031494140625 0.0395355224609375 0.446746826171875 0.453948974609375
-0.0571174621582031 0.00063705444335938 -0.1070556640625 0.74920654296875
-0.049835205078125 -0.0430870056152344 -0.68841552734375 0.58038330078125
-0.012080192565918 -0.0021820068359375 -0.612060546875 0.11395263671875
0.02056884765625 0.0215702056884766 0.160507202148438 0.110733032226563
0.0148458480834961 -0.00882244110107422 0.837646484375 -0.17730712890625
-0.0185775756835938 -0.0160770416259766 0.554443359375 -0.77838134765625
-0.0298976898193359 0.00797080993652344 -0.2437744140625 -0.74468994140625
-0.005340576171875 0.00860834121704102 -0.56451416015625 -0.19879150390625
0.0215110778808594 0.0148487091064453 -0.41839599609375 0.11871337890625
0.0311298370361328 0.00658035278320313 -0.0901641845703125 0.211578369140625
0.00560331344604492 -0.00601053237915039 0.122665405273438 0.144668579101562
0.0165491104125977 -0.00686454772949219 -0.0496368408203125 -0.154876708984375
0.0252437591552734 0.0186672210693359 0.229156494140625 -0.15216064453125
0.0185108184814453 0.0336589813232422 0.451446533203125 0.062103271484375
-0.0140476226806641 0.0326957702636719 0.430511474609375 0.47247314453125
-0.0535964965820313 -0.0104408264160156 -0.13787841796875 0.75115966796875
-0.0271492004394531 -0.0523262023925781 -0.7056884765625 0.5601806640625
0.0228176116943359 0.00246429443359375 -0.60162353515625 0.1021728515625
0.056884765625 0.0333747863769531 0.18280029296875 0.110198974609375
0.0410385131835938 -0.0111618041992188 0.83978271484375 -0.203125
-0.00473213195800782 -0.027740478515625 0.5306396484375 -0.7939453125
-0.0280857086181641 -0.00237846374511718 -0.26348876953125 -0.73065185546875
-0.00932693481445312 0.00444221496582031 -0.5672607421875 -0.18115234375
0.0174026489257813 0.0136451721191406 -0.41241455078125 0.1287841796875
0.0273685455322266 0.00947189331054688 -0.085662841796875 0.213211059570313
0.00425577163696289 -0.00313544273376465 0.126113891601563 0.144256591796875
0.0132932662963867 -0.00323677062988281 -0.0488433837890625 -0.152297973632813
0.0223865509033203 0.0193576812744141 0.229934692382812 -0.149932861328125
0.0137863159179688 0.0319404602050781 0.4481201171875 0.06610107421875
-0.0164909362792969 0.0265712738037109 0.4251708984375 0.478973388671875
-0.0499076843261719 -0.0206069946289063 -0.14752197265625 0.7532958984375
-0.00725173950195313 -0.05926513671875 -0.7132568359375 0.55419921875
0.0612831115722656 0.0054931640625 -0.59771728515625 0.0957031250000001
0.0966720581054688 0.0433197021484375 0.189346313476563 0.107269287109375
0.0701980590820313 -0.0147476196289063 0.84100341796875 -0.21368408203125
0.0102157592773438 -0.0369606018066406 0.52349853515625 -0.7999267578125
-0.0274829864501953 -0.0115985870361328 -0.2733154296875 -0.72833251953125
-0.0151042938232422 0.00157356262207031 -0.56915283203125 -0.17510986328125
0.0136375427246094 0.0135202407836914 -0.411895751953125 0.12945556640625
0.024749755859375 0.0110569000244141 -0.0842437744140625 0.212188720703125
0.00440454483032227 0.000500202178955078 0.128524780273438 0.142868041992188
0.0123100280761719 -0.00248813629150391 -0.0505828857421875 -0.152130126953125
0.0203456878662109 0.02081298828125 0.225982666015625 -0.150726318359375
0.0107192993164063 0.0305252075195313 0.44696044921875 0.062713623046875
-0.0199871063232422 0.0224571228027344 0.42803955078125 0.47369384765625
-0.04547119140625 -0.0285606384277344 -0.1380615234375 0.7528076171875
0.00956344604492188 -0.0676612854003906 -0.7056884765625 0.56512451171875
0.0980758666992188 0.0069732666015625 -0.6026611328125 0.0983276367187499
0.136001586914062 0.0539321899414062 0.17645263671875 0.102310180664062
0.0997314453125 -0.0152206420898438 0.836181640625 -0.203369140625
0.0224609375 -0.0461311340332031 0.53717041015625 -0.7911376953125
-0.0243549346923828 -0.0208148956298828 -0.2603759765625 -0.73406982421875
-0.0203971862792969 -0.00425910949707031 -0.56988525390625 -0.18408203125
0.00898551940917969 0.0129890441894531 -0.41748046875 0.124603271484375
0.0227184295654297 0.0120029449462891 -0.089385986328125 0.2135009765625
0.00353193283081055 0.00409245491027832 0.126983642578125 0.144943237304688
0.0116214752197266 -0.000952720642089844 -0.0539398193359375 -0.150283813476563
0.0182971954345703 0.0188388824462891 0.219131469726562 -0.155166625976563
0.00900459289550781 0.0301494598388672 0.443450927734375 0.047271728515625
-0.0215969085693359 0.0204868316650391 0.440399169921875 0.456146240234375
-0.0439033508300781 -0.0337753295898438 -0.107666015625 0.75140380859375
0.0203475952148437 -0.0738601684570312 -0.684814453125 0.58343505859375
0.122146606445313 0.00254058837890625 -0.6146240234375 0.110595703125
0.167129516601563 0.0626068115234375 0.149322509765625 0.09613037109375
0.124900817871094 -0.0136566162109375 0.83251953125 -0.1815185546875
0.0376205444335938 -0.0553550720214844 0.56451416015625 -0.779541015625
-0.0236167907714844 -0.0280876159667969 -0.23699951171875 -0.74981689453125
-0.0253639221191406 -0.0067901611328125 -0.56817626953125 -0.20648193359375
0.00508499145507812 0.0119504928588867 -0.4283447265625 0.111785888671875
0.0215530395507813 0.0121345520019531 -0.0958099365234375 0.211166381835938
0.0050663948059082 0.00413703918457031 0.12628173828125 0.147308349609375
0.0244369506835938 -0.0144290924072266 -0.0724945068359375 -0.14935302734375
0.0361328125 0.00629043579101563 0.1944580078125 -0.180770874023438
0.0314712524414063 0.02789306640625 0.4339599609375 -0.021575927734375
0.00336837768554688 0.0488014221191406 0.506011962890625 0.34857177734375
-0.0528144836425781 0.02783203125 0.0411376953125 0.7193603515625
-0.0750045776367188 -0.0213088989257813 -0.5714111328125 0.66766357421875
-0.0511550903320313 -0.00567626953125001 -0.6585693359375 0.1846923828125
-0.0187759399414063 0.00651359558105469 0.0306930541992187 0.0935592651367188
-0.0137443542480469 -0.00194835662841797 0.79730224609375 -0.04949951171875
-0.0328235626220703 -0.00508308410644531 0.69183349609375 -0.67431640625
-0.0328330993652344 0.0164623260498047 -0.0988159179687501 -0.80126953125
-0.00260448455810547 0.0140542984008789 -0.531280517578125 -0.30267333984375
0.0237636566162109 0.016448974609375 -0.442626953125 0.0562133789062501
0.0350875854492188 0.00589752197265625 -0.12017822265625 0.198715209960937
0.0114126205444336 -0.012059211730957 0.109695434570313 0.1475830078125
0.0230979919433594 -0.0129814147949219 -0.065032958984375 -0.151153564453125
0.0357284545898437 0.0092620849609375 0.206283569335937 -0.174026489257812
0.0304470062255859 0.0301036834716797 0.4412841796875 0.001953125
6.10351562500005E-05 0.0473442077636719 0.488250732421875 0.385833740234375
-0.0564231872558594 0.02325439453125 -0.00866699218749999 0.7283935546875
-0.072906494140625 -0.025421142578125 -0.61212158203125 0.63336181640625
-0.0524444580078125 -0.00607681274414063 -0.6407470703125 0.15753173828125
-0.0233058929443359 0.00665283203125 0.076934814453125 0.100440979003906
-0.0161399841308594 -0.00338554382324219 0.81060791015625 -0.0948486328125
-0.0346755981445313 -0.00514221191406249 0.6412353515625 -0.70989990234375
-0.0318145751953125 0.0180912017822266 -0.15411376953125 -0.77874755859375
-0.000964164733886717 0.013401985168457 -0.54522705078125 -0.263031005859375
0.0251426696777344 0.0162773132324219 -0.4329833984375 0.0791320800781249
0.0352249145507813 0.0059814453125 -0.10858154296875 0.20404052734375
0.00923061370849609 -0.0112400054931641 0.111846923828125 0.1484375
0.0207176208496094 -0.0107631683349609 -0.05792236328125 -0.152908325195313
0.0336093902587891 0.0125999450683594 0.2164306640625 -0.163894653320313
0.0274925231933594 0.0312595367431641 0.445068359375 0.025543212890625
-0.00356674194335937 0.044921875 0.46356201171875 0.422454833984375
-0.0582008361816406 0.0123672485351562 -0.0620727539062499 0.73760986328125
-0.0653724670410156 -0.0341987609863281 -0.6517333984375 0.600341796875
-0.0387458801269531 -0.00580978393554687 -0.622802734375 0.13134765625
-0.00917911529541016 0.0114765167236328 0.12353515625 0.106483459472656
-0.00629091262817383 -0.00528526306152344 0.82244873046875 -0.13818359375
-0.0277385711669922 -0.00807952880859375 0.5888671875 -0.74530029296875
-0.0312042236328125 0.0144290924072266 -0.203369140625 -0.75653076171875
-0.00210380554199219 0.011260986328125 -0.55218505859375 -0.225372314453125
0.0238361358642578 0.0138664245605469 -0.422210693359375 0.1007080078125
0.0342445373535156 0.00574684143066406 -0.099395751953125 0.2083740234375
0.0089263916015625 -0.00819206237792969 0.115798950195313 0.146881103515625
0.0183792114257812 -0.00840568542480469 -0.05206298828125 -0.152862548828125
0.0293502807617188 0.0150814056396484 0.223098754882813 -0.157028198242188
0.0237922668457031 0.0339984893798828 0.447479248046875 0.046844482421875
-0.00845718383789063 0.0387153625488281 0.44207763671875 0.449493408203125
-0.0553627014160156 0.00162506103515624 -0.10650634765625 0.74151611328125
-0.0489883422851563 -0.0418624877929687 -0.68292236328125 0.57293701171875
-0.0118265151977539 -0.000944137573242186 -0.6051025390625 0.11181640625
0.0191650390625 0.0200634002685547 0.159149169921875 0.108718872070312
0.0146312713623047 -0.00735282897949219 0.8289794921875 -0.17645263671875
-0.0181922912597656 -0.0165252685546875 0.5474853515625 -0.76983642578125
-0.0279102325439453 0.00740623474121094 -0.24127197265625 -0.7374267578125
-0.00585651397705078 0.00806236267089844 -0.557861328125 -0.195892333984375
0.0212211608886719 0.0132465362548828 -0.414093017578125 0.11724853515625
0.0301151275634766 0.00724601745605469 -0.0894012451171875 0.20977783203125
0.00619268417358399 -0.00652217864990234 0.121749877929687 0.145858764648438
0.0165548324584961 -0.0057525634765625 -0.0478668212890625 -0.153152465820313
0.0251102447509766 0.0171279907226563 0.227996826171875 -0.151046752929688
0.018585205078125 0.0331020355224609 0.447021484375 0.06011962890625
-0.0137844085693359 0.0330486297607422 0.427276611328125 0.46771240234375
-0.0529441833496094 -0.0103950500488281 -0.13531494140625 0.7425537109375
-0.0291290283203125 -0.0501670837402344 -0.69891357421875 0.5550537109375
0.0234127044677734 0.00341224670410156 -0.5947265625 0.09930419921875
0.0560798645019531 0.0312309265136719 0.179779052734375 0.109283447265625
0.0398521423339844 -0.0107574462890625 0.8311767578125 -0.19818115234375
-0.00556564331054688 -0.0256977081298828 0.52581787109375 -0.78302001953125
-0.0269660949707031 -0.00159454345703125 -0.26385498046875 -0.72467041015625
-0.0103359222412109 0.00343513488769531 -0.561859130859375 -0.177642822265625
0.0184974670410156 0.0124759674072266 -0.408477783203125 0.126861572265625
0.0272026062011719 0.00767898559570313 -0.0855255126953125 0.209732055664062
0.00504827499389648 -0.00354290008544922 0.122726440429688 0.143478393554688
0.0135002136230469 -0.00431632995605469 -0.0467529296875 -0.15216064453125
0.0214920043945313 0.0191993713378906 0.226593017578125 -0.148651123046875
0.01434326171875 0.0323314666748047 0.444488525390625 0.065093994140625
-0.01611328125 0.0261077880859375 0.418853759765625 0.47430419921875
-0.0494880676269531 -0.0212821960449219 -0.14520263671875 0.7459716796875
-0.00726318359375 -0.0578994750976563 -0.70660400390625 0.54864501953125
0.0604629516601563 0.0055999755859375 -0.5924072265625 0.093017578125
0.0958175659179688 0.0425949096679688 0.186370849609375 0.1060791015625
0.06817626953125 -0.0129547119140625 0.8310546875 -0.20782470703125
0.00931167602539062 -0.0372314453125 0.51702880859375 -0.7901611328125
-0.0258541107177734 -0.0113315582275391 -0.2708740234375 -0.72119140625
-0.0164337158203125 0.00108146667480469 -0.56341552734375 -0.17327880859375
0.0143985748291016 0.0130319595336914 -0.410491943359375 0.1298828125
0.0243663787841797 0.00914573669433594 -0.0836029052734375 0.210952758789063
0.00512123107910156 0.000798225402832031 0.12713623046875 0.143142700195313
0.0127325057983398 -0.00172805786132813 -0.04925537109375 -0.150665283203125
0.0194377899169922 0.0202445983886719 0.2235107421875 -0.150360107421875
0.0113544464111328 0.0312156677246094 0.4422607421875 0.06109619140625
-0.0179004669189453 0.0215835571289063 0.4246826171875 0.4681396484375
-0.0461387634277344 -0.0283088684082031 -0.1356201171875 0.74603271484375
0.00931930541992188 -0.0655059814453125 -0.7003173828125 0.5572509765625
0.0957870483398438 0.006561279296875 -0.5965576171875 0.0956420898437501
0.134017944335938 0.0533294677734375 0.1727294921875 0.100357055664063
0.0966720581054688 -0.0142288208007813 0.82879638671875 -0.20098876953125
0.0241470336914063 -0.0455703735351563 0.53021240234375 -0.784912109375
-0.0256156921386719 -0.019195556640625 -0.2576904296875 -0.72747802734375
-0.0213222503662109 -0.00430679321289062 -0.562225341796875 -0.183319091796875
0.00881576538085938 0.0118989944458008 -0.414886474609375 0.1240234375
0.0225391387939453 0.0112934112548828 -0.0886993408203125 0.210617065429688
0.00468969345092773 0.00282955169677734 0.128189086914062 0.14385986328125
0.010401725769043 -0.00211715698242187 -0.053314208984375 -0.149688720703125
0.0171394348144531 0.019866943359375 0.21661376953125 -0.154205322265625
0.00925254821777344 0.0299854278564453 0.438995361328125 0.04815673828125
-0.0206928253173828 0.0193405151367188 0.433929443359375 0.449981689453125
-0.0443763732910156 -0.0322494506835938 -0.10711669921875 0.7442626953125
0.0207977294921875 -0.072784423828125 -0.67913818359375 0.5780029296875
0.121627807617187 0.0040740966796875 -0.60845947265625 0.1077880859375
0.165618896484375 0.0614166259765625 0.147064208984375 0.0938873291015625
0.122566223144531 -0.0130462646484375 0.8209228515625 -0.1812744140625
0.0364303588867188 -0.0534400939941406 0.55706787109375 -0.77142333984375
-0.0218086242675781 -0.0274734497070313 -0.2347412109375 -0.74407958984375
-0.0249347686767578 -0.00702476501464844 -0.5635986328125 -0.2037353515625
0.00478267669677734 0.0113372802734375 -0.423553466796875 0.1121826171875
0.0220355987548828 0.0116310119628906 -0.0952911376953125 0.21063232421875
0.00513792037963867 0.00500965118408203 0.12554931640625 0.146133422851563
0.0231246948242188 -0.0149154663085937 -0.0710906982421875 -0.148895263671875
0.0367393493652344 0.00430679321289062 0.19256591796875 -0.179107666015625
0.0309715270996094 0.0285015106201172 0.430511474609375 -0.02288818359375
0.00351715087890624 0.0492706298828125 0.503509521484375 0.3475341796875
-0.0518455505371094 0.0274200439453125 0.04119873046875 0.7138671875
-0.0736007690429688 -0.0210723876953125 -0.56805419921875 0.66021728515625
-0.0513381958007812 -0.00638580322265625 -0.6533203125 0.179443359375
-0.0186290740966797 0.00460052490234375 0.0276641845703125 0.0916213989257813
-0.0141696929931641 -0.00291919708251953 0.7921142578125 -0.04705810546875
-0.0326747894287109 -0.003509521484375 0.6883544921875 -0.6629638671875
-0.0320415496826172 0.0176753997802734 -0.095458984375 -0.79351806640625
-0.00255966186523437 0.0143260955810547 -0.5274658203125 -0.299591064453125
0.0233516693115234 0.0152359008789063 -0.437530517578125 0.0550842285156251
0.0357627868652344 0.00604629516601563 -0.120773315429687 0.198410034179688
0.0112142562866211 -0.0116510391235352 0.106246948242188 0.149444580078125
0.0227622985839844 -0.011932373046875 -0.0627288818359375 -0.150970458984375
0.0328998565673828 0.00823593139648438 0.2054443359375 -0.17352294921875
0.0309371948242188 0.0313453674316406 0.438720703125 1.91928680598421E-18
-0.000194549560546875 0.0481071472167969 0.483123779296875 0.384307861328125
-0.0556793212890625 0.0230484008789062 -0.01153564453125 0.72357177734375
-0.0720443725585938 -0.0256881713867187 -0.6094970703125 0.6259765625
-0.0524711608886719 -0.00465774536132813 -0.6351318359375 0.15301513671875
-0.0221481323242188 0.00601959228515625 0.0753021240234375 0.0996322631835938
-0.018280029296875 -0.00243949890136718 0.8026123046875 -0.09112548828125
-0.0334606170654297 -0.00525474548339844 0.63665771484375 -0.7032470703125
-0.0311336517333984 0.0169849395751953 -0.15020751953125 -0.7734375
-0.00103569030761719 0.0121870040893555 -0.538726806640625 -0.2611083984375
0.0249061584472656 0.0150623321533203 -0.42962646484375 0.0786743164062501
0.0344066619873047 0.00712966918945312 -0.109176635742187 0.201995849609375
0.00997352600097656 -0.0112485885620117 0.111175537109375 0.148941040039063
0.0212783813476563 -0.0114059448242188 -0.0561981201171875 -0.15234375
0.0315876007080078 0.0112037658691406 0.214599609375 -0.164398193359375
0.0266227722167969 0.0324592590332031 0.44219970703125 0.024139404296875
-0.0057525634765625 0.0444488525390625 0.46044921875 0.415771484375
-0.0558700561523438 0.0120964050292969 -0.063720703125 0.72979736328125
-0.0632286071777344 -0.0324020385742187 -0.64593505859375 0.59442138671875
-0.0375862121582031 -0.00296020507812499 -0.616943359375 0.12713623046875
-0.00788211822509766 0.0105905532836914 0.120620727539063 0.102981567382812
-0.00694608688354492 -0.00543069839477539 0.813232421875 -0.13525390625
-0.0291824340820312 -0.00820350646972656 0.58306884765625 -0.7379150390625
-0.0307865142822266 0.0131988525390625 -0.2022705078125 -0.75115966796875
-0.00382900238037109 0.0121650695800781 -0.548309326171875 -0.222930908203125
0.024566650390625 0.0143775939941406 -0.417938232421875 0.102386474609375
0.0323066711425781 0.00693893432617188 -0.098480224609375 0.207305908203125
0.00798606872558594 -0.00945758819580078 0.115692138671875 0.146469116210938
0.0200519561767578 -0.00909233093261719 -0.0511627197265625 -0.152252197265625
0.0286846160888672 0.0140399932861328 0.221206665039062 -0.156967163085937
0.0230960845947266 0.0346775054931641 0.444915771484375 0.047943115234375
-0.00856781005859375 0.0394477844238281 0.438751220703125 0.446258544921875
-0.0559310913085937 0.00207138061523438 -0.1077880859375 0.73486328125
-0.0494422912597656 -0.0390472412109375 -0.6763916015625 0.56634521484375
-0.0118503570556641 -0.00262069702148438 -0.6002197265625 0.10894775390625
0.0189666748046875 0.0199451446533203 0.15679931640625 0.1080322265625
0.0126743316650391 -0.00702571868896484 0.821533203125 -0.17205810546875
-0.0163860321044922 -0.015625 0.54510498046875 -0.7637939453125
-0.028076171875 0.00848770141601562 -0.23773193359375 -0.73101806640625
-0.00520944595336914 0.00789356231689453 -0.554412841796875 -0.19482421875
0.0208969116210938 0.0123405456542969 -0.41168212890625 0.11578369140625
0.0302200317382812 0.00585746765136719 -0.0892791748046875 0.20782470703125
0.00694084167480469 -0.00527381896972656 0.120346069335937 0.1446533203125
0.0146198272705078 -0.00654888153076172 -0.0464019775390625 -0.151229858398438
0.0240097045898438 0.0167999267578125 0.225631713867188 -0.150131225585938
0.0174980163574219 0.0337448120117188 0.44232177734375 0.0594482421875
-0.0130615234375 0.0330352783203125 0.422607421875 0.462646484375
-0.0527458190917969 -0.0122222900390625 -0.13568115234375 0.73724365234375
-0.0273666381835937 -0.0489692687988281 -0.69683837890625 0.54925537109375
0.0232658386230469 0.00327301025390625 -0.5908203125 0.0970458984375
0.0549163818359375 0.0334243774414063 0.176254272460938 0.10675048828125
0.0392723083496094 -0.0104293823242188 0.823486328125 -0.1943359375
-0.0053863525390625 -0.0246543884277344 0.5206298828125 -0.77642822265625
-0.0256614685058594 0.00037956237792969 -0.261474609375 -0.72052001953125
-0.0100936889648438 0.00356483459472656 -0.55712890625 -0.178558349609375
0.0182571411132813 0.0126590728759766 -0.404022216796875 0.126739501953125
0.0268707275390625 0.00987815856933594 -0.08575439453125 0.2081298828125
0.00625276565551758 -0.00322341918945312 0.12518310546875 0.14385986328125
0.0140419006347656 -0.00402736663818359 -0.046356201171875 -0.150970458984375
0.0213394165039063 0.0192203521728516 0.225631713867187 -0.147720336914062
0.0151042938232422 0.0313873291015625 0.442626953125 0.06549072265625
-0.0153770446777344 0.0263862609863281 0.41644287109375 0.470123291015625
-0.0482559204101563 -0.0210533142089844 -0.14581298828125 0.740234375
-0.00812149047851563 -0.0567359924316406 -0.7021484375 0.5416259765625
0.0606231689453125 0.00543975830078125 -0.58648681640625 0.0909423828125001
0.0940322875976563 0.0418243408203125 0.183486938476562 0.105697631835938
0.0678596496582031 -0.013916015625 0.82366943359375 -0.20623779296875
0.00744247436523437 -0.0368461608886719 0.51312255859375 -0.78338623046875
-0.0268630981445313 -0.0117244720458984 -0.26702880859375 -0.71649169921875
-0.0158538818359375 8.77380371093783E-05 -0.55975341796875 -0.17144775390625
0.0122652053833008 0.0121040344238281 -0.4053955078125 0.126922607421875
0.0238571166992188 0.0095367431640625 -0.08489990234375 0.210052490234375
0.00628471374511719 0.00199127197265625 0.126724243164063 0.14349365234375
0.0123834609985352 -0.00287342071533203 -0.0471038818359375 -0.1505126953125
0.0176010131835938 0.0191421508789063 0.2213134765625 -0.150177001953125
0.0120277404785156 0.0313434600830078 0.43914794921875 0.06182861328125
-0.0193080902099609 0.0223369598388672 0.420989990234375 0.463653564453125
-0.0457611083984375 -0.0291061401367188 -0.13543701171875 0.73822021484375
0.00983428955078126 -0.064300537109375 -0.6959228515625 0.5496826171875
0.0938720703125 0.006988525390625 -0.592041015625 0.0919799804687501
0.132575988769531 0.0523910522460938 0.170394897460938 0.100997924804688
0.0947799682617188 -0.014404296875 0.81866455078125 -0.1961669921875
0.0228462219238281 -0.0458183288574219 0.52569580078125 -0.77581787109375
-0.0243282318115234 -0.0214977264404297 -0.25469970703125 -0.7236328125
-0.0210914611816406 -0.00516700744628907 -0.56048583984375 -0.17999267578125
0.00805282592773438 0.0125646591186523 -0.4112548828125 0.123291015625
0.0213432312011719 0.0111827850341797 -0.087860107421875 0.206695556640625
0.00468826293945312 0.00320339202880859 0.126693725585938 0.144424438476563
0.0113687515258789 -0.00269222259521484 -0.0513916015625 -0.149200439453125
0.0167274475097656 0.0190200805664063 0.214981079101563 -0.155120849609375
0.0111484527587891 0.0297164916992187 0.436859130859375 0.0458984375
-0.0188655853271484 0.0183868408203125 0.433319091796875 0.449798583984375
-0.0440864562988281 -0.0315322875976563 -0.107177734375 0.73846435546875
0.0195388793945313 -0.0712432861328125 -0.67425537109375 0.5694580078125
0.1207275390625 0.0047607421875 -0.60345458984375 0.1029052734375
0.164047241210938 0.0595703125 0.144882202148438 0.0930938720703125
0.120567321777344 -0.0126266479492188 0.8143310546875 -0.17486572265625
0.0360145568847656 -0.0521163940429687 0.55548095703125 -0.76080322265625
-0.0209064483642578 -0.0270595550537109 -0.2330322265625 -0.73907470703125
-0.0248889923095703 -0.0072479248046875 -0.558807373046875 -0.201690673828125
0.00491619110107422 0.00983238220214844 -0.422027587890625 0.110748291015625
0.0218639373779297 0.0108776092529297 -0.096832275390625 0.20880126953125
0.00581645965576172 0.00392770767211914 0.124252319335938 0.1463623046875
0.0241127014160156 -0.0146598815917969 -0.0706634521484375 -0.148025512695313
0.0363006591796875 0.00645828247070313 0.192901611328125 -0.17926025390625
0.0317897796630859 0.0299873352050781 0.428619384765625 -0.02069091796875
0.004608154296875 0.0480270385742188 0.49859619140625 0.34552001953125
-0.0527687072753906 0.0279693603515625 0.0382080078125 0.70806884765625
-0.073272705078125 -0.0214691162109375 -0.5665283203125 0.6541748046875
-0.0510177612304688 -0.00551223754882812 -0.6497802734375 0.17626953125
-0.0195217132568359 0.00439453125 0.0274658203125 0.090087890625
-0.0149803161621094 -0.00188541412353516 0.783447265625 -0.042236328125
-0.0333061218261719 -0.00399208068847656 0.68572998046875 -0.6590576171875
-0.0312519073486328 0.0165309906005859 -0.09295654296875 -0.79205322265625
-0.00209331512451172 0.0136623382568359 -0.5225830078125 -0.299957275390625
0.0232524871826172 0.0157222747802734 -0.437286376953125 0.0539855957031251
0.0355949401855469 0.0059814453125 -0.121047973632813 0.1971435546875
0.0139713287353516 -0.010685920715332 0.10638427734375 0.149810791015625
0.0235500335693359 -0.0131740570068359 -0.061920166015625 -0.152236938476562
0.0342464447021484 0.00968551635742188 0.204376220703125 -0.171554565429687
0.0310077667236328 0.0304069519042969 0.4354248046875 0.001708984375
0.000705718994140625 0.0473251342773438 0.47967529296875 0.380950927734375
-0.0546379089355469 0.0218963623046875 -0.01220703125 0.71832275390625
-0.0722503662109375 -0.0244140625 -0.6063232421875 0.61993408203125
-0.051300048828125 -0.00490570068359374 -0.63385009765625 0.147705078125
-0.0235023498535156 0.0054779052734375 0.0734634399414063 0.0983657836914063
-0.0179843902587891 -0.00429916381835938 0.796875 -0.0858154296875
-0.0334949493408203 -0.00506591796875 0.63427734375 -0.6956787109375
-0.0311641693115234 0.0181312561035156 -0.1494140625 -0.7706298828125
-0.00328826904296875 0.0126552581787109 -0.534088134765625 -0.259796142578125
0.0241565704345703 0.0147857666015625 -0.426971435546875 0.0779418945312499
0.0343570709228516 0.00536155700683594 -0.11053466796875 0.202255249023437
0.010249137878418 -0.0114870071411133 0.11004638671875 0.149826049804688
0.0212039947509766 -0.01214599609375 -0.056854248046875 -0.153564453125
0.0321197509765625 0.012298583984375 0.213165283203125 -0.162979125976563
0.0253734588623047 0.0325736999511719 0.44134521484375 0.025543212890625
-0.0045928955078125 0.0443763732910156 0.4569091796875 0.415985107421875
-0.0569343566894531 0.0139884948730469 -0.0634765625 0.7281494140625
-0.0621185302734375 -0.030975341796875 -0.6453857421875 0.58697509765625
-0.0377120971679688 -0.00423431396484376 -0.61419677734375 0.12298583984375
-0.00826168060302734 0.0101509094238281 0.119163513183594 0.104476928710938
-0.00791406631469727 -0.00526905059814453 0.8070068359375 -0.13134765625
-0.0293483734130859 -0.00745964050292969 0.5828857421875 -0.72991943359375
-0.0297622680664063 0.0132656097412109 -0.19989013671875 -0.7479248046875
-0.00261020660400391 0.010014533996582 -0.54510498046875 -0.222412109375
0.0235919952392578 0.0136528015136719 -0.4161376953125 0.10052490234375
0.032806396484375 0.00484275817871094 -0.0981292724609375 0.205398559570313
0.00817298889160156 -0.00914478302001953 0.114303588867188 0.147018432617188
0.0185813903808594 -0.00914573669433594 -0.0496826171875 -0.15216064453125
0.0277671813964844 0.0157546997070313 0.222747802734375 -0.154373168945313
0.0226058959960938 0.0331401824951172 0.441802978515625 0.048126220703125
-0.00696563720703125 0.03851318359375 0.4351806640625 0.44537353515625
-0.055816650390625 0.00136947631835937 -0.10919189453125 0.731201171875
-0.0480003356933594 -0.0396690368652344 -0.67340087890625 0.55865478515625
-0.0108833312988281 -0.000420570373535156 -0.59710693359375 0.1024169921875
0.0182952880859375 0.0194206237792969 0.154251098632813 0.1068115234375
0.012507438659668 -0.00842761993408203 0.8145751953125 -0.16796875
-0.0186653137207031 -0.0159587860107422 0.54376220703125 -0.7559814453125
-0.0278892517089844 0.00632858276367188 -0.2344970703125 -0.72705078125
-0.00606536865234375 0.00660610198974609 -0.551910400390625 -0.19403076171875
0.0207786560058594 0.0128250122070313 -0.409027099609375 0.11541748046875
0.0289535522460937 0.00692558288574219 -0.090057373046875 0.207366943359375
0.00729179382324219 -0.0065765380859375 0.120193481445313 0.144912719726563
0.0150012969970703 -0.00706577301025391 -0.045623779296875 -0.150955200195313
0.0239582061767578 0.0164928436279297 0.225814819335938 -0.14923095703125
0.0191307067871094 0.0333690643310547 0.44097900390625 0.05950927734375
-0.0120849609375 0.03240966796875 0.420684814453125 0.460296630859375
-0.0530052185058594 -0.0111122131347656 -0.13848876953125 0.73291015625
-0.0283737182617188 -0.0490341186523438 -0.69329833984375 0.5423583984375
0.0224552154541016 0.00292587280273438 -0.5877685546875 0.09344482421875
0.0540924072265625 0.0303382873535156 0.172332763671875 0.107025146484375
0.0378494262695313 -0.0109901428222656 0.819091796875 -0.1917724609375
-0.00548744201660156 -0.0254802703857422 0.52227783203125 -0.7703857421875
-0.0266857147216797 -0.00179481506347657 -0.25677490234375 -0.7159423828125
-0.0102052688598633 0.00196361541748047 -0.552764892578125 -0.179656982421875
0.0174016952514648 0.012324333190918 -0.403411865234375 0.12457275390625
0.0263214111328125 0.00764083862304688 -0.0855255126953125 0.2078857421875
0.00670289993286133 -0.00188684463500977 0.123489379882813 0.143203735351563
0.0147924423217773 -0.00540542602539063 -0.045501708984375 -0.150680541992187
0.0201168060302734 0.0184822082519531 0.224563598632813 -0.147003173828125
0.0156536102294922 0.0330162048339844 0.438629150390625 0.06524658203125
-0.0163707733154297 0.0255928039550781 0.414825439453125 0.466827392578125
-0.047576904296875 -0.0215225219726562 -0.147216796875 0.73394775390625
-0.008270263671875 -0.0568122863769531 -0.70050048828125 0.5357666015625
0.05950927734375 0.0061798095703125 -0.58294677734375 0.0866699218750001
0.0930404663085938 0.0422439575195313 0.178909301757813 0.103958129882813
0.0670394897460938 -0.0121307373046875 0.81787109375 -0.20166015625
0.00860786437988281 -0.0351371765136719 0.513916015625 -0.7763671875
-0.0244140625 -0.0112361907958984 -0.2652587890625 -0.71173095703125
-0.0142459869384766 0.000440597534179685 -0.55621337890625 -0.171783447265625
0.0124855041503906 0.0116157531738281 -0.40582275390625 0.12591552734375
0.0233802795410156 0.00949668884277344 -0.08514404296875 0.20867919921875
0.00648927688598633 -0.000782012939453125 0.125640869140625 0.143768310546875
0.0122013092041016 -0.004180908203125 -0.045684814453125 -0.150283813476563
0.0191898345947266 0.0192947387695313 0.220382690429688 -0.149215698242188
0.0116729736328125 0.0319442749023438 0.437103271484375 0.060516357421875
-0.0181598663330078 0.0218467712402344 0.4161376953125 0.463531494140625
-0.0444526672363281 -0.0284271240234375 -0.13751220703125 0.7353515625
0.0100746154785156 -0.0626907348632813 -0.69439697265625 0.54400634765625
0.0939178466796875 0.00817108154296875 -0.5880126953125 0.08831787109375
0.130470275878906 0.053680419921875 0.169921875 0.098876953125
0.0953216552734375 -0.0129776000976563 0.81439208984375 -0.19403076171875
0.0224876403808594 -0.0456733703613281 0.5250244140625 -0.76898193359375
-0.0234527587890625 -0.0196208953857422 -0.25244140625 -0.71881103515625
-0.0217399597167969 -0.0040435791015625 -0.55865478515625 -0.183135986328125
0.00849056243896484 0.0104780197143555 -0.412139892578125 0.122772216796875
0.0224571228027344 0.0102195739746094 -0.0894622802734375 0.208358764648438
0.00562238693237305 0.00187349319458008 0.125869750976562 0.146286010742188
0.0103635787963867 -0.00353431701660156 -0.051025390625 -0.149703979492188
0.016815185546875 0.019500732421875 0.21478271484375 -0.152236938476563
0.00869560241699219 0.0314750671386719 0.434173583984375 0.047607421875
-0.0191497802734375 0.0197982788085938 0.42962646484375 0.444915771484375
-0.0429649353027344 -0.0330123901367188 -0.10809326171875 0.73345947265625
0.0212974548339844 -0.069580078125 -0.67230224609375 0.5643310546875
0.119194030761719 0.00460052490234375 -0.6007080078125 0.10052490234375
0.160308837890625 0.060760498046875 0.142120361328125 0.09246826171875
0.119461059570312 -0.0114517211914062 0.80731201171875 -0.16986083984375
0.0366401672363281 -0.050262451171875 0.55291748046875 -0.75506591796875
-0.0211734771728516 -0.028594970703125 -0.22955322265625 -0.7359619140625
-0.0256595611572266 -0.00750160217285157 -0.555450439453125 -0.202880859375
0.00428485870361328 0.0110740661621094 -0.4190673828125 0.1092529296875
0.0211448669433594 0.0116615295410156 -0.09674072265625 0.206832885742188
0.00650453567504883 0.00370264053344727 0.123748779296875 0.1463623046875
0.0247669219970703 -0.0157546997070312 -0.06878662109375 -0.149658203125
0.0350894927978516 0.00541496276855469 0.19232177734375 -0.177627563476563
0.0322132110595703 0.0288295745849609 0.428497314453125 -0.020477294921875
0.00432205200195313 0.0474281311035156 0.496368408203125 0.345184326171875
-0.0519485473632813 0.026580810546875 0.0358886718750001 0.70513916015625
-0.072174072265625 -0.0190658569335938 -0.56817626953125 0.64837646484375
-0.0499153137207031 -0.00637054443359374 -0.65032958984375 0.1717529296875
-0.0201282501220703 0.00319671630859375 0.0252838134765625 0.0900726318359375
-0.0157499313354492 -0.00236129760742188 0.7786865234375 -0.03900146484375
-0.0327262878417969 -0.00364494323730469 0.68719482421875 -0.6514892578125
-0.0315399169921875 0.01654052734375 -0.0898437499999999 -0.79046630859375
-0.00275325775146484 0.0134086608886719 -0.5194091796875 -0.3009033203125
0.0222110748291016 0.0158405303955078 -0.43646240234375 0.053070068359375
0.035003662109375 0.00646209716796875 -0.122177124023438 0.1956787109375
0.0144252777099609 -0.00984764099121094 0.106277465820313 0.149566650390625
0.0222911834716797 -0.0150089263916016 -0.060577392578125 -0.152130126953125
0.03558349609375 0.00823974609375 0.204071044921875 -0.170089721679688
0.0305461883544922 0.0319709777832031 0.43499755859375 0.001983642578125
0.00237274169921875 0.047943115234375 0.47650146484375 0.380950927734375
-0.0551795959472656 0.0214729309082031 -0.0165405273437499 0.71630859375
-0.0718307495117188 -0.02410888671875 -0.60675048828125 0.6153564453125
-0.0502243041992187 -0.0058746337890625 -0.6329345703125 0.14239501953125
-0.0229396820068359 0.00401306152343751 0.0729751586914063 0.0983123779296875
-0.0174837112426758 -0.00380229949951172 0.79510498046875 -0.083251953125
-0.0342636108398438 -0.00355911254882813 0.6358642578125 -0.6883544921875
-0.0308780670166016 0.0162734985351563 -0.145263671875 -0.76934814453125
-0.00288581848144531 0.0123167037963867 -0.532684326171875 -0.259918212890625
0.0235576629638672 0.0137729644775391 -0.427459716796875 0.0758056640625001
0.0338077545166016 0.00515556335449219 -0.1092529296875 0.200759887695313
0.0123100280761719 -0.0104541778564453 0.109420776367188 0.150253295898438
0.0204315185546875 -0.0120601654052734 -0.0552520751953125 -0.152496337890625
0.0313796997070313 0.0122604370117188 0.214218139648438 -0.162094116210938
0.0274753570556641 0.0333118438720703 0.437896728515625 0.02557373046875
-0.00127792358398438 0.0447883605957031 0.454376220703125 0.415283203125
-0.0553550720214844 0.01220703125 -0.0690307617187499 0.72344970703125
-0.0618515014648438 -0.0310707092285156 -0.64630126953125 0.58245849609375
-0.0373764038085938 -0.00394439697265625 -0.611572265625 0.119140625
-0.0100040435791016 0.0104885101318359 0.117088317871094 0.104042053222656
-0.00858592987060547 -0.00475978851318359 0.80462646484375 -0.12579345703125
-0.0293178558349609 -0.00819587707519532 0.5836181640625 -0.72467041015625
-0.0290393829345703 0.0127124786376953 -0.19512939453125 -0.7464599609375
-0.00204277038574219 0.00975418090820313 -0.542755126953125 -0.224700927734375
0.0232486724853516 0.0131893157958984 -0.415985107421875 0.0962524414062499
0.0328140258789063 0.00485992431640625 -0.100494384765625 0.2044677734375
0.00972175598144531 -0.00789260864257813 0.113922119140625 0.148529052734375
0.01971435546875 -0.00965499877929688 -0.0475616455078125 -0.153274536132813
0.0273704528808594 0.0134410858154297 0.220840454101563 -0.154541015625
0.0224933624267578 0.0338497161865234 0.44091796875 0.04791259765625
-0.00738143920898437 0.0389213562011719 0.431671142578125 0.44403076171875
-0.0545387268066406 0.000698089599609372 -0.111572265625 0.7275390625
-0.047637939453125 -0.0385360717773438 -0.6763916015625 0.5540771484375
-0.0112552642822266 -0.000500679016113281 -0.595703125 0.10040283203125
0.0176849365234375 0.0185985565185547 0.15191650390625 0.108123779296875
0.0119104385375977 -0.00674152374267578 0.8138427734375 -0.1644287109375
-0.0175018310546875 -0.0152511596679688 0.54595947265625 -0.75030517578125
-0.0276737213134766 0.00742340087890625 -0.23260498046875 -0.72821044921875
-0.00610208511352539 0.00660371780395508 -0.5494384765625 -0.196807861328125
0.0205421447753906 0.0129756927490234 -0.41009521484375 0.113800048828125
0.0291328430175781 0.00646591186523438 -0.092132568359375 0.206375122070313
0.00811576843261719 -0.00557994842529297 0.118331909179688 0.145462036132813
0.0159711837768555 -0.00711917877197266 -0.0463714599609375 -0.152374267578125
0.0230731964111328 0.0156803131103516 0.224884033203125 -0.148117065429687
0.0191135406494141 0.0329246520996094 0.43896484375 0.059722900390625
-0.0108566284179688 0.0322666168212891 0.41741943359375 0.46209716796875
-0.0522041320800781 -0.0114212036132813 -0.14068603515625 0.72918701171875
-0.0275001525878906 -0.0471076965332031 -0.694580078125 0.53564453125
0.0233287811279297 0.00351333618164063 -0.58563232421875 0.0880126953124999
0.0529975891113281 0.0306282043457031 0.171249389648438 0.106399536132813
0.0375747680664063 -0.00980758666992188 0.8153076171875 -0.184326171875
-0.00647163391113281 -0.0243778228759766 0.52166748046875 -0.764404296875
-0.0263099670410156 -0.00236129760742188 -0.25238037109375 -0.716796875
-0.0111064910888672 0.00365734100341797 -0.552001953125 -0.179534912109375
0.0150279998779297 0.0116424560546875 -0.4046630859375 0.1220703125
0.0276699066162109 0.00834465026855469 -0.0872344970703125 0.207366943359375
0.00700521469116211 -0.00259685516357422 0.121902465820313 0.144134521484375
0.0142965316772461 -0.00564002990722656 -0.0440826416015625 -0.152374267578125
0.0198802947998047 0.0192737579345703 0.224746704101562 -0.146408081054687
0.0147800445556641 0.0320568084716797 0.437286376953125 0.06793212890625
-0.0157299041748047 0.0269374847412109 0.408843994140625 0.4677734375
-0.047454833984375 -0.0215950012207031 -0.14990234375 0.731201171875
-0.00719451904296876 -0.0548858642578125 -0.7008056640625 0.53057861328125
0.0605049133300781 0.00750732421875 -0.582763671875 0.082275390625
0.092193603515625 0.0418548583984375 0.178054809570313 0.103515625
0.0671539306640625 -0.0121192932128906 0.815673828125 -0.195068359375
0.00756072998046875 -0.0344982147216797 0.51318359375 -0.768798828125
-0.0251483917236328 -0.0118331909179688 -0.26153564453125 -0.71209716796875
-0.0165834426879883 -0.00167942047119141 -0.555572509765625 -0.173583984375
0.0109958648681641 0.0114202499389648 -0.40472412109375 0.12469482421875
0.0238933563232422 0.00879669189453125 -0.0852508544921875 0.208160400390625
0.00748872756958008 -8.53538513183594E-05 0.124710083007812 0.144744873046875
0.0127248764038086 -0.00341224670410156 -0.0463104248046875 -0.149826049804688
0.0185680389404297 0.0202102661132813 0.221878051757813 -0.148513793945313
0.0121612548828125 0.0322647094726563 0.43658447265625 0.06219482421875
-0.016632080078125 0.0228271484375 0.412353515625 0.462554931640625
-0.0449867248535156 -0.0284996032714844 -0.14129638671875 0.7293701171875
0.0113449096679688 -0.0622711181640625 -0.694580078125 0.53814697265625
0.0939483642578125 0.008270263671875 -0.58892822265625 0.0844726562500001
0.129203796386719 0.0518951416015625 0.164382934570313 0.0984954833984375
0.0941543579101563 -0.012420654296875 0.81109619140625 -0.18902587890625
0.0236434936523438 -0.042999267578125 0.52801513671875 -0.76446533203125
-0.0219001770019531 -0.0218925476074219 -0.24969482421875 -0.7183837890625
-0.0208854675292969 -0.00398826599121093 -0.5535888671875 -0.183197021484375
0.00695419311523438 0.0110483169555664 -0.409271240234375 0.119598388671875
0.0214576721191406 0.00924110412597656 -0.0897979736328125 0.2069091796875
0.00565004348754883 0.00320672988891602 0.123550415039063 0.1463623046875
0.0100364685058594 -0.00311660766601563 -0.0502166748046875 -0.149871826171875
0.0167255401611328 0.0195960998535156 0.214614868164063 -0.152450561523438
0.0102977752685547 0.0310935974121094 0.433807373046875 0.04876708984375
-0.0182952880859375 0.0208644866943359 0.425506591796875 0.44482421875
-0.04248046875 -0.0321731567382812 -0.1114501953125 0.73162841796875
0.0207977294921875 -0.0684127807617187 -0.673583984375 0.5574951171875
0.119636535644531 0.00638580322265625 -0.60040283203125 0.0947265625
0.16009521484375 0.0616607666015625 0.139228820800781 0.0925750732421875
0.118766784667969 -0.0113372802734375 0.80364990234375 -0.1678466796875
0.0374946594238281 -0.0502433776855469 0.55242919921875 -0.750244140625
-0.01934814453125 -0.0291080474853516 -0.22625732421875 -0.73382568359375
-0.0247402191162109 -0.00704002380371094 -0.553741455078125 -0.204437255859375
0.00424957275390625 0.00944328308105469 -0.42034912109375 0.106719970703125
0.0201816558837891 0.0107498168945313 -0.0991058349609375 0.20550537109375
0.00632762908935547 0.00375747680664063 0.124221801757813 0.14764404296875
0.0257110595703125 -0.0160140991210938 -0.0662841796875 -0.149703979492188
0.0353965759277344 0.00554656982421875 0.19366455078125 -0.178176879882813
0.0313892364501953 0.0298957824707031 0.42779541015625 -0.01776123046875
0.00615310668945313 0.0478439331054688 0.494110107421875 0.3468017578125
-0.0524940490722656 0.0261192321777344 0.03167724609375 0.7044677734375
-0.0722808837890625 -0.019805908203125 -0.56915283203125 0.64691162109375
-0.0501136779785156 -0.00558471679687501 -0.6495361328125 0.16900634765625
-0.0206012725830078 0.00409698486328125 0.0238800048828125 0.0894088745117188
-0.016932487487793 -0.00347423553466797 0.77825927734375 -0.03375244140625
-0.0340232849121094 -0.00358009338378906 0.6885986328125 -0.64923095703125
-0.0303020477294922 0.0162181854248047 -0.0874633789062501 -0.78778076171875
-0.00173568725585938 0.0125865936279297 -0.5185546875 -0.30303955078125
0.0223922729492188 0.0151634216308594 -0.43536376953125 0.052642822265625
0.0335884094238281 0.00474357604980469 -0.12274169921875 0.196914672851563
0.0139951705932617 -0.0103855133056641 0.105133056640625 0.150985717773438
0.0236072540283203 -0.0152168273925781 -0.0604400634765625 -0.15216064453125
0.0339889526367188 0.00762557983398438 0.206741333007813 -0.170867919921875
0.030426025390625 0.0315799713134766 0.433319091796875 0.005279541015625
0.00342941284179687 0.047332763671875 0.4759521484375 0.3828125
-0.0555648803710938 0.0208702087402344 -0.01922607421875 0.71490478515625
-0.0711441040039062 -0.0243682861328125 -0.60882568359375 0.61279296875
-0.0516815185546875 -0.00508499145507812 -0.63134765625 0.139404296875
-0.0231361389160156 0.00399208068847657 0.0704421997070313 0.0959320068359375
-0.019317626953125 -0.00397491455078125 0.79302978515625 -0.07891845703125
-0.0343608856201172 -0.00355148315429688 0.63714599609375 -0.683837890625
-0.0306549072265625 0.0174140930175781 -0.14312744140625 -0.76788330078125
-0.00247669219970703 0.0123319625854492 -0.531951904296875 -0.262481689453125
0.0221710205078125 0.0147609710693359 -0.42669677734375 0.0745239257812501
0.0340900421142578 0.00536155700683594 -0.11004638671875 0.199371337890625
0.0112190246582031 -0.0100831985473633 0.108673095703125 0.1517333984375
0.0210971832275391 -0.0123138427734375 -0.052520751953125 -0.154464721679687
0.0303802490234375 0.0122337341308594 0.215286254882813 -0.161331176757813
0.0271701812744141 0.0340232849121094 0.437225341796875 0.02740478515625
-0.00211334228515625 0.0433692932128906 0.4527587890625 0.4168701171875
-0.0562820434570312 0.0114364624023437 -0.07037353515625 0.72137451171875
-0.0633049011230469 -0.0306396484375 -0.6497802734375 0.57806396484375
-0.0379295349121094 -0.00375366210937501 -0.61236572265625 0.11456298828125
-0.0103130340576172 0.00960540771484375 0.114814758300781 0.1029052734375
-0.00869989395141601 -0.00539827346801758 0.80413818359375 -0.12164306640625
-0.0287666320800781 -0.00711250305175781 0.58563232421875 -0.718505859375
-0.0293426513671875 0.0129985809326172 -0.19317626953125 -0.74609375
-0.00299596786499023 0.00876903533935547 -0.542572021484375 -0.225982666015625
0.0223102569580078 0.0149002075195312 -0.41705322265625 0.095947265625
0.0321788787841797 0.00514411926269531 -0.100555419921875 0.203475952148438
0.007659912109375 -0.00787973403930664 0.113540649414062 0.149490356445313
0.0201053619384766 -0.0107536315917969 -0.0469512939453125 -0.153213500976562
0.0278263092041016 0.0139446258544922 0.222732543945313 -0.154083251953125
0.0230293273925781 0.0349102020263672 0.44091796875 0.0489501953125
-0.00665664672851562 0.0382270812988281 0.430633544921875 0.4443359375
-0.0563125610351563 0.00127410888671874 -0.114990234375 0.72674560546875
-0.0465850830078125 -0.0396652221679687 -0.679443359375 0.55108642578125
-0.012669563293457 0.000151634216308593 -0.594970703125 0.09649658203125
0.0175685882568359 0.0186614990234375 0.149826049804688 0.10736083984375
0.010655403137207 -0.00703716278076172 0.8104248046875 -0.15899658203125
-0.0181999206542969 -0.0148086547851563 0.549072265625 -0.7459716796875
-0.0276565551757812 0.00550270080566406 -0.22894287109375 -0.72808837890625
-0.00509738922119141 0.0061650276184082 -0.547119140625 -0.198516845703125
0.0208911895751953 0.0129127502441406 -0.40753173828125 0.112396240234375
0.0295352935791016 0.00555992126464844 -0.0922698974609375 0.205490112304688
0.00905799865722656 -0.00557422637939453 0.118453979492188 0.147064208984375
0.0162830352783203 -0.00774478912353516 -0.043731689453125 -0.151809692382812
0.0228595733642578 0.0173835754394531 0.224716186523438 -0.14776611328125
0.0197296142578125 0.0336551666259766 0.438995361328125 0.061981201171875
-0.0114154815673828 0.0330829620361328 0.415771484375 0.46197509765625
-0.0528984069824219 -0.0115966796875 -0.1435546875 0.72857666015625
-0.0265045166015625 -0.0456924438476562 -0.69775390625 0.5333251953125
0.0224380493164063 0.00352668762207031 -0.58624267578125 0.08453369140625
0.0517921447753906 0.0304641723632813 0.16937255859375 0.108169555664063
0.0376129150390625 -0.0112686157226563 0.8154296875 -0.181884765625
-0.00589370727539063 -0.0237140655517578 0.5245361328125 -0.76123046875
-0.02484130859375 -0.00237655639648437 -0.2509765625 -0.71746826171875
-0.0107507705688477 0.00299358367919922 -0.551300048828125 -0.181427001953125
0.0153408050537109 0.0112752914428711 -0.4049072265625 0.121246337890625
0.0268325805664063 0.00684356689453125 -0.08843994140625 0.206405639648437
0.00661993026733398 -0.00242757797241211 0.121063232421875 0.145767211914063
0.0139942169189453 -0.00679302215576172 -0.0422210693359375 -0.153656005859375
0.0197029113769531 0.0185890197753906 0.226226806640625 -0.145797729492188
0.0158958435058594 0.032196044921875 0.437164306640625 0.067108154296875
-0.0135784149169922 0.0267353057861328 0.4088134765625 0.468994140625
-0.048248291015625 -0.0213813781738281 -0.15350341796875 0.7291259765625
-0.00679397583007813 -0.0542106628417969 -0.7049560546875 0.5260009765625
0.0595321655273438 0.00654220581054688 -0.5833740234375 0.0790405273437499
0.0906448364257813 0.0422821044921875 0.17626953125 0.10430908203125
0.0655441284179688 -0.0114517211914063 0.81219482421875 -0.19134521484375
0.00829124450683593 -0.03387451171875 0.51666259765625 -0.76715087890625
-0.0247898101806641 -0.0111503601074219 -0.2593994140625 -0.71148681640625
-0.0160818099975586 -0.00102519989013672 -0.5540771484375 -0.17742919921875
0.0116357803344727 0.0114908218383789 -0.4046630859375 0.122589111328125
0.0236415863037109 0.00821113586425781 -0.087677001953125 0.207275390625
0.00702333450317383 0.00127553939819336 0.123443603515625 0.145431518554688
0.012120246887207 -0.00401210784912109 -0.0454254150390625 -0.1517333984375
0.0182514190673828 0.0186958312988281 0.220870971679687 -0.146392822265625
0.0122737884521484 0.0331020355224609 0.43695068359375 0.06292724609375
-0.0176181793212891 0.0222873687744141 0.411041259765625 0.462890625
-0.0443687438964844 -0.0297393798828125 -0.14544677734375 0.73040771484375
0.0106773376464844 -0.0616989135742187 -0.6951904296875 0.533935546875
0.0931854248046875 0.0074615478515625 -0.5859375 0.0795898437500001
0.127838134765625 0.0529403686523437 0.165512084960938 0.099700927734375
0.0938644409179688 -0.012420654296875 0.81024169921875 -0.18365478515625
0.0226364135742188 -0.0424690246582031 0.52911376953125 -0.76043701171875
-0.0226879119873047 -0.0218944549560547 -0.24725341796875 -0.7197265625
-0.0210208892822266 -0.00514030456542968 -0.554046630859375 -0.186126708984375
0.00645732879638672 0.0104436874389648 -0.4100341796875 0.118499755859375
0.0221652984619141 0.0110092163085938 -0.09100341796875 0.205337524414063
0.00731706619262695 0.00304079055786133 0.124160766601563 0.147186279296875
0.0114421844482422 -0.00408077239990234 -0.0477294921875 -0.149871826171875
0.0162143707275391 0.0189895629882813 0.214691162109375 -0.15155029296875
0.00970840454101562 0.0309810638427734 0.433502197265625 0.04962158203125
-0.0177173614501953 0.0185165405273437 0.425933837890625 0.4449462890625
-0.0424232482910156 -0.031982421875 -0.1163330078125 0.7276611328125
0.022705078125 -0.0673255920410156 -0.6756591796875 0.55517578125
0.119483947753906 0.0059051513671875 -0.6002197265625 0.0905761718749999
0.158309936523438 0.0604248046875 0.137603759765625 0.09234619140625
0.118064880371094 -0.0117416381835938 0.80230712890625 -0.162109375
0.0358467102050781 -0.0500259399414062 0.55731201171875 -0.7459716796875
-0.0200576782226563 -0.0291576385498047 -0.22454833984375 -0.73382568359375
-0.024383544921875 -0.00928306579589844 -0.552337646484375 -0.20355224609375
0.00272941589355469 0.0110282897949219 -0.42010498046875 0.106903076171875
0.0187816619873047 0.00997543334960937 -0.09906005859375 0.206146240234375
0.00749444961547852 0.00380039215087891 0.12249755859375 0.149673461914063
0.0252494812011719 -0.0149173736572266 -0.0658721923828125 -0.151504516601562
0.0355110168457031 0.00412368774414062 0.193496704101563 -0.17755126953125
0.0319480895996094 0.0311088562011719 0.430694580078125 -0.01885986328125
0.00639724731445313 0.0493698120117188 0.4927978515625 0.348968505859375
-0.0533523559570312 0.0263595581054687 0.0270996093749999 0.7056884765625
-0.0712203979492188 -0.0181808471679687 -0.57489013671875 0.6455078125
-0.0495948791503906 -0.005340576171875 -0.6514892578125 0.16473388671875
-0.0209369659423828 0.00416946411132812 0.0238265991210937 0.088775634765625
-0.0170536041259766 -0.00310039520263672 0.776123046875 -0.03118896484375
-0.0349235534667969 -0.00338172912597656 0.692626953125 -0.6419677734375
-0.0318279266357422 0.0150260925292969 -0.08441162109375 -0.79315185546875
-0.00308322906494141 0.0121049880981445 -0.51934814453125 -0.304290771484375
0.0203800201416016 0.0157871246337891 -0.437774658203125 0.05023193359375
0.0346946716308594 0.00525093078613281 -0.125289916992188 0.194656372070312
0.0143642425537109 -0.00974845886230469 0.10443115234375 0.151458740234375
0.0236396789550781 -0.0142726898193359 -0.0597686767578125 -0.154510498046875
0.0340232849121094 0.00868988037109375 0.20587158203125 -0.171157836914062
0.0306720733642578 0.0316963195800781 0.436370849609375 0.00469970703125
0.00353240966796875 0.0480270385742188 0.4735107421875 0.383148193359375
-0.0550994873046875 0.0211067199707031 -0.02392578125 0.715087890625
-0.0695648193359375 -0.0227241516113281 -0.6123046875 0.60906982421875
-0.0501594543457031 -0.00601959228515626 -0.6337890625 0.13787841796875
-0.0235729217529297 0.00360870361328125 0.0687179565429688 0.09600830078125
-0.0208797454833984 -0.00419807434082032 0.7928466796875 -0.07379150390625
-0.0343341827392578 -0.00381088256835937 0.64080810546875 -0.68389892578125
-0.0300083160400391 0.0154075622558594 -0.1383056640625 -0.77044677734375
-0.0020437240600586 0.0118684768676758 -0.5323486328125 -0.267822265625
0.0226821899414063 0.0144214630126953 -0.427764892578125 0.072479248046875
0.0329360961914063 0.00574493408203125 -0.113632202148438 0.20172119140625
0.0131368637084961 -0.00926494598388672 0.1083984375 0.153152465820313
0.0212593078613281 -0.0125713348388672 -0.0531158447265625 -0.154434204101563
0.0293807983398438 0.0116844177246094 0.215682983398438 -0.16314697265625
0.0274257659912109 0.0332775115966797 0.43927001953125 0.029541015625
-0.00104904174804688 0.0449409484863281 0.451507568359375 0.41705322265625
-0.0571746826171875 0.010711669921875 -0.07342529296875 0.7215576171875
-0.0607337951660156 -0.0305747985839844 -0.65045166015625 0.57421875
-0.0385932922363281 -0.00279998779296874 -0.614501953125 0.11029052734375
-0.00991725921630859 0.00856781005859375 0.114356994628906 0.103691101074219
-0.00811004638671875 -0.00557470321655274 0.80419921875 -0.11724853515625
-0.0289230346679688 -0.00632476806640624 0.58935546875 -0.7178955078125
-0.0278644561767578 0.0133438110351563 -0.189453125 -0.74700927734375
-0.00267410278320312 0.00973606109619141 -0.540679931640625 -0.22900390625
0.0216541290283203 0.0131435394287109 -0.41864013671875 0.0944824218749999
0.0309562683105469 0.0051422119140625 -0.10211181640625 0.20379638671875
0.0116891860961914 -0.00761985778808594 0.112716674804688 0.151168823242188
0.0184955596923828 -0.00988006591796875 -0.045013427734375 -0.154052734375
0.0274333953857422 0.0150184631347656 0.223236083984375 -0.152587890625
0.024139404296875 0.0355300903320313 0.4395751953125 0.050689697265625
-0.00529861450195313 0.0375633239746094 0.429962158203125 0.44464111328125
-0.0548629760742188 7.62939453124482E-06 -0.1192626953125 0.725341796875
-0.0463447570800781 -0.0373001098632813 -0.68109130859375 0.5474853515625
-0.0106239318847656 -0.000313758850097658 -0.59722900390625 0.0917358398437501
0.01654052734375 0.0184421539306641 0.147613525390625 0.106964111328125
0.0105857849121094 -0.00635910034179687 0.8131103515625 -0.15411376953125
-0.0190773010253906 -0.0138263702392578 0.55194091796875 -0.74652099609375
-0.0261516571044922 0.00582695007324219 -0.2266845703125 -0.73150634765625
-0.00583505630493164 0.00493526458740234 -0.547088623046875 -0.200164794921875
0.0191612243652344 0.0129375457763672 -0.41058349609375 0.110504150390625
0.0294742584228516 0.00561141967773438 -0.093719482421875 0.20587158203125
0.00971603393554688 -0.00547218322753906 0.1185302734375 0.149444580078125
0.0163478851318359 -0.00871658325195313 -0.0417022705078125 -0.1534423828125
0.0222892761230469 0.0171108245849609 0.225570678710938 -0.14794921875
0.0195693969726563 0.0338191986083984 0.44207763671875 0.065216064453125
-0.00975608825683593 0.0322685241699219 0.413360595703125 0.464385986328125
-0.0520210266113281 -0.0124664306640625 -0.146728515625 0.72900390625
-0.0265045166015625 -0.0452346801757813 -0.70050048828125 0.529296875
0.0225925445556641 0.00315475463867188 -0.58599853515625 0.0821533203124999
0.0513458251953125 0.0309410095214844 0.17041015625 0.107223510742188
0.0377845764160156 -0.0106468200683594 0.814697265625 -0.17730712890625
-0.00526237487792969 -0.0236663818359375 0.53045654296875 -0.75933837890625
-0.02362060546875 -0.00183486938476563 -0.24908447265625 -0.7183837890625
-0.0106334686279297 0.00246715545654297 -0.551239013671875 -0.184356689453125
0.0153379440307617 0.0117454528808594 -0.40533447265625 0.119140625
0.0257701873779297 0.006866455078125 -0.0897216796875 0.205856323242188
0.00864362716674805 -0.00234794616699219 0.120864868164063 0.146163940429688
0.0139369964599609 -0.006744384765625 -0.0435791015625 -0.152618408203125
0.0203132629394531 0.0192356109619141 0.227890014648438 -0.144927978515625
0.0158748626708984 0.0327663421630859 0.439056396484375 0.06884765625
-0.0146255493164062 0.0249462127685547 0.4083251953125 0.46917724609375
-0.0477752685546875 -0.0216484069824219 -0.15570068359375 0.73016357421875
-0.0059051513671875 -0.053802490234375 -0.70709228515625 0.52532958984375
0.059112548828125 0.00933837890625 -0.5850830078125 0.0734863281249999
0.0889816284179688 0.0422897338867188 0.175613403320313 0.104782104492188
0.0651893615722656 -0.0117645263671875 0.813232421875 -0.18768310546875
0.00906753540039062 -0.0335502624511719 0.51983642578125 -0.763916015625
-0.0234928131103516 -0.0129909515380859 -0.25653076171875 -0.71307373046875
-0.0160350799560547 -0.00204277038574218 -0.553466796875 -0.17840576171875
0.0106945037841797 0.0123834609985352 -0.407470703125 0.121978759765625
0.0229816436767578 0.00847244262695313 -0.089691162109375 0.206985473632813
0.00774860382080078 0.000123500823974609 0.123428344726562 0.147705078125
0.0119762420654297 -0.00409984588623047 -0.0427398681640625 -0.150482177734375
0.0163173675537109 0.0184650421142578 0.222640991210938 -0.145599365234375
0.0122814178466797 0.0314502716064453 0.436004638671875 0.065582275390625
-0.0155105590820313 0.0206241607666016 0.41094970703125 0.465423583984375
-0.0444831848144531 -0.0282058715820312 -0.14727783203125 0.7294921875
0.0122642517089844 -0.0607452392578125 -0.699462890625 0.53277587890625
0.0938873291015625 0.0101089477539063 -0.58917236328125 0.076171875
0.127647399902344 0.054718017578125 0.164291381835938 0.100234985351563
0.0932846069335937 -0.0109710693359375 0.8111572265625 -0.1787109375
0.0233078002929687 -0.043304443359375 0.53082275390625 -0.7598876953125
-0.0224933624267578 -0.0204238891601563 -0.24395751953125 -0.7210693359375
-0.0208625793457031 -0.00616455078125 -0.555267333984375 -0.18768310546875
0.00643157958984375 0.0122842788696289 -0.41162109375 0.117767333984375
0.0214042663574219 0.00982856750488281 -0.0937652587890625 0.206741333007813
0.00699520111083984 0.00255966186523438 0.124557495117188 0.148544311523438
0.0108842849731445 -0.00491142272949219 -0.048065185546875 -0.150970458984375
0.0178165435791016 0.0198440551757813 0.216079711914063 -0.1529541015625
0.0094146728515625 0.0285015106201172 0.432525634765625 0.051300048828125
-0.0176067352294922 0.0201282501220703 0.4239501953125 0.44500732421875
-0.0429191589355469 -0.0318489074707031 -0.11761474609375 0.728759765625
0.0223655700683594 -0.0667037963867188 -0.67877197265625 0.55072021484375
0.120063781738281 0.006927490234375 -0.60009765625 0.0880737304687499
0.15728759765625 0.062103271484375 0.136116027832031 0.0914764404296875
0.118682861328125 -0.0107192993164062 0.80419921875 -0.15667724609375
0.0356063842773438 -0.050201416015625 0.560546875 -0.744873046875
-0.0195579528808594 -0.0296134948730469 -0.22222900390625 -0.736572265625
-0.0246849060058594 -0.00812339782714843 -0.552886962890625 -0.20819091796875
0.00412178039550781 0.0100669860839844 -0.420623779296875 0.106353759765625
0.0201492309570313 0.0116691589355469 -0.100540161132813 0.206069946289063
0.00693225860595703 0.00535726547241211 0.12127685546875 0.15032958984375
0.0249500274658203 -0.0177383422851563 -0.0658721923828125 -0.151596069335938
0.0348796844482422 0.00525474548339844 0.196090698242187 -0.179946899414063
0.0331974029541016 0.0305423736572266 0.4332275390625 -0.015838623046875
0.00579071044921875 0.0487022399902344 0.495849609375 0.349761962890625
-0.0539169311523437 0.0252914428710937 0.024658203125 0.70855712890625
-0.0726394653320313 -0.0186004638671875 -0.5784912109375 0.643310546875
-0.0496826171875 -0.00602722167968751 -0.6551513671875 0.16143798828125
-0.0212459564208984 0.00299644470214843 0.0219039916992188 0.0874404907226563
-0.0176429748535156 -0.0027618408203125 0.77752685546875 -0.02752685546875
-0.0334568023681641 -0.00280952453613281 0.6971435546875 -0.64276123046875
-0.0307846069335938 0.0168285369873047 -0.08233642578125 -0.7938232421875
-0.00391292572021484 0.0127029418945313 -0.519805908203125 -0.307159423828125
0.0215873718261719 0.0157222747802734 -0.438568115234375 0.049468994140625
0.035552978515625 0.00513076782226562 -0.124496459960938 0.196823120117187
0.015202522277832 -0.00895595550537109 0.104736328125 0.155654907226563
0.0255603790283203 -0.0153141021728516 -0.05780029296875 -0.154998779296875
0.0333137512207031 0.00732421875 0.208221435546875 -0.17132568359375
0.0314044952392578 0.0326213836669922 0.436767578125 0.005767822265625
0.0027618408203125 0.047088623046875 0.475006103515625 0.385467529296875
-0.0557441711425781 0.0211906433105469 -0.0256958007812499 0.71673583984375
-0.0709304809570313 -0.0224761962890625 -0.6192626953125 0.60760498046875
-0.0508689880371094 -0.00657272338867188 -0.63641357421875 0.1328125
-0.0247344970703125 0.002655029296875 0.0675811767578125 0.095367431640625
-0.0197525024414062 -0.00389671325683594 0.793212890625 -0.072265625
-0.0349483489990234 -0.00363540649414063 0.64715576171875 -0.6800537109375
-0.0296211242675781 0.0159931182861328 -0.13702392578125 -0.77410888671875
-0.00321388244628906 0.0130691528320313 -0.5333251953125 -0.26837158203125
0.0224990844726563 0.0143814086914063 -0.42950439453125 0.073272705078125
0.0343723297119141 0.00509834289550781 -0.115386962890625 0.20086669921875
0.0135049819946289 -0.00875282287597656 0.1085205078125 0.154632568359375
0.0223369598388672 -0.0113105773925781 -0.050567626953125 -0.155776977539063
0.0305805206298828 0.0122718811035156 0.218841552734375 -0.162506103515625
0.028778076171875 0.0350666046142578 0.439849853515625 0.02886962890625
-0.00139617919921875 0.0439949035644531 0.4530029296875 0.419464111328125
-0.0557785034179688 0.0121002197265625 -0.0787353515624999 0.7257080078125
-0.0644607543945313 -0.0296859741210938 -0.65753173828125 0.57489013671875
-0.0358810424804688 -0.00482940673828126 -0.61761474609375 0.10894775390625
-0.0112667083740234 0.00904369354248047 0.113067626953125 0.103996276855469
-0.0103950500488281 -0.00549125671386719 0.8074951171875 -0.11505126953125
-0.0290336608886719 -0.00676727294921875 0.59625244140625 -0.71649169921875
-0.0283317565917969 0.0143470764160156 -0.18951416015625 -0.7529296875
-0.00293827056884766 0.009063720703125 -0.5430908203125 -0.230987548828125
0.0211868286132813 0.0121021270751953 -0.420745849609375 0.0932922363281251
0.0302448272705078 0.00520706176757813 -0.102996826171875 0.204971313476563
0.0111017227172852 -0.00821113586425781 0.1124267578125 0.152908325195313
0.0190906524658203 -0.0109233856201172 -0.0469207763671875 -0.156387329101563
0.0273475646972656 0.0142574310302734 0.226318359375 -0.153915405273438
0.0242881774902344 0.0353927612304688 0.442230224609375 0.05145263671875
-0.00626373291015625 0.0389862060546875 0.429290771484375 0.447998046875
-0.0561332702636719 0.00028228759765624 -0.1221923828125 0.7294921875
-0.0481376647949219 -0.0371894836425781 -0.68695068359375 0.54541015625
-0.0110321044921875 5.72204589843762E-05 -0.6004638671875 0.0898437500000001
0.0153121948242188 0.0173349380493164 0.146377563476563 0.108322143554688
0.00972366333007813 -0.00662612915039063 0.81304931640625 -0.1494140625
-0.0186595916748047 -0.0136833190917969 0.55645751953125 -0.74566650390625
-0.0266342163085937 0.00546836853027343 -0.22637939453125 -0.73431396484375
-0.00625181198120117 0.00609016418457031 -0.54803466796875 -0.201416015625
0.0193042755126953 0.0102901458740234 -0.41094970703125 0.10968017578125
0.0289440155029297 0.00527191162109375 -0.095733642578125 0.206954956054688
0.00933361053466797 -0.00563812255859375 0.1180419921875 0.151153564453125
0.0165128707885742 -0.00771808624267578 -0.0418701171875 -0.1558837890625
0.0231342315673828 0.0174598693847656 0.229705810546875 -0.147918701171875
0.0195350646972656 0.0333442687988281 0.44256591796875 0.065155029296875
-0.00992965698242188 0.0330047607421875 0.412872314453125 0.46661376953125
-0.0525856018066406 -0.0123825073242188 -0.151123046875 0.73004150390625
-0.0269355773925781 -0.0461044311523438 -0.70599365234375 0.5283203125
0.0234184265136719 0.00522994995117187 -0.5906982421875 0.0763549804687501
0.0516548156738281 0.02960205078125 0.1669921875 0.1072998046875
0.0355873107910156 -0.00804901123046875 0.81658935546875 -0.1732177734375
-0.00564002990722656 -0.0236759185791016 0.53369140625 -0.76019287109375
-0.0247879028320313 -0.00323104858398438 -0.24713134765625 -0.72265625
-0.0111627578735352 0.0015554428100586 -0.5543212890625 -0.186187744140625
0.0163936614990234 0.0115814208984375 -0.409637451171875 0.119842529296875
0.0264072418212891 0.00667572021484375 -0.0924835205078125 0.207733154296875
0.00862598419189453 -0.00256109237670898 0.120956420898437 0.149749755859375
0.0141010284423828 -0.00493335723876953 -0.040374755859375 -0.154953002929688
0.0195350646972656 0.018310546875 0.228347778320313 -0.146148681640625
0.0149688720703125 0.0336513519287109 0.43902587890625 0.0699462890625
-0.0128879547119141 0.0263214111328125 0.40802001953125 0.473236083984375
-0.0485687255859375 -0.0227394104003906 -0.16314697265625 0.73175048828125
-0.00708770751953125 -0.0528793334960938 -0.71026611328125 0.52410888671875
0.0600814819335938 0.00769424438476563 -0.58709716796875 0.0708007812499999
0.0888824462890625 0.0414047241210938 0.173233032226563 0.106246948242188
0.0648422241210938 -0.0111579895019531 0.816650390625 -0.186767578125
0.00828933715820312 -0.0339565277099609 0.5255126953125 -0.76568603515625
-0.0237712860107422 -0.0122509002685547 -0.2559814453125 -0.7188720703125
-0.0172719955444336 -0.00131130218505859 -0.556915283203125 -0.179718017578125
0.0095968246459961 0.0107145309448242 -0.408721923828125 0.121795654296875
0.0228004455566406 0.00870323181152344 -0.0891265869140625 0.20751953125
0.00771427154541016 -0.000895500183105469 0.125823974609375 0.148468017578125
0.0107507705688477 -0.00266361236572266 -0.04339599609375 -0.153854370117188
0.0168399810791016 0.0204238891601563 0.224273681640625 -0.146530151367188
0.0136184692382813 0.0315628051757813 0.438018798828125 0.067047119140625
-0.0161247253417969 0.0211753845214844 0.409912109375 0.46661376953125
-0.0449714660644531 -0.0302886962890625 -0.1512451171875 0.73199462890625
0.0109062194824219 -0.0589828491210938 -0.705322265625 0.53045654296875
0.0954055786132813 0.009307861328125 -0.59112548828125 0.07403564453125
0.1275634765625 0.0537033081054687 0.1612548828125 0.100860595703125
0.0930557250976563 -0.0124740600585938 0.8123779296875 -0.1756591796875
0.0221099853515625 -0.0425567626953125 0.5379638671875 -0.75640869140625
-0.0214519500732422 -0.0209789276123047 -0.2454833984375 -0.72503662109375
-0.0226211547851563 -0.00613212585449219 -0.5567626953125 -0.1873779296875
0.00521087646484375 0.0109920501708984 -0.4149169921875 0.117401123046875
0.0215320587158203 0.00912666320800781 -0.092559814453125 0.207992553710938
0.00802946090698242 0.0023956298828125 0.123687744140625 0.151229858398438
0.0108051300048828 -0.00389766693115234 -0.047698974609375 -0.153549194335938
0.0156364440917969 0.0183067321777344 0.21783447265625 -0.151214599609375
0.0103034973144531 0.0302333831787109 0.434478759765625 0.051849365234375
-0.0169658660888672 0.0185394287109375 0.42181396484375 0.44805908203125
-0.0418128967285156 -0.0324058532714844 -0.123046875 0.7305908203125
0.0217132568359375 -0.0658378601074219 -0.68218994140625 0.55023193359375
0.119461059570313 0.00687408447265625 -0.60540771484375 0.0850830078124999
0.157012939453125 0.0634765625 0.134407043457031 0.0929107666015625
0.117942810058594 -0.0107269287109375 0.80731201171875 -0.15521240234375
0.0366363525390625 -0.0488204956054688 0.56524658203125 -0.74371337890625
-0.0184955596923828 -0.0301494598388672 -0.2215576171875 -0.740478515625
-0.0265159606933594 -0.00927352905273438 -0.555206298828125 -0.208282470703125
0.00132083892822266 0.00936508178710938 -0.4237060546875 0.10455322265625
0.0193138122558594 0.00938224792480469 -0.102218627929687 0.2071533203125
0.00882339477539063 0.00471878051757813 0.123367309570313 0.151748657226563
0.025665283203125 -0.016387939453125 -0.0648040771484375 -0.154541015625
0.0349941253662109 0.00536537170410156 0.19744873046875 -0.179290771484375
0.0335044860839844 0.0306015014648438 0.43408203125 -0.015869140625
0.00685501098632813 0.0486183166503906 0.49627685546875 0.3525390625
-0.0539207458496094 0.0271873474121094 0.02496337890625 0.71295166015625
-0.0715789794921875 -0.0185470581054687 -0.58294677734375 0.64532470703125
-0.0488815307617188 -0.0056915283203125 -0.65997314453125 0.1578369140625
-0.0214252471923828 0.00115013122558594 0.020416259765625 0.0875473022460938
-0.0181827545166016 -0.002838134765625 0.78076171875 -0.02447509765625
-0.0354690551757813 -0.00301742553710938 0.70281982421875 -0.64483642578125
-0.0292549133300781 0.0154781341552734 -0.0821533203125 -0.796875
-0.00384616851806641 0.0117502212524414 -0.52105712890625 -0.310333251953125
0.0206012725830078 0.0146465301513672 -0.441925048828125 0.049163818359375
0.034454345703125 0.00506973266601563 -0.128692626953125 0.197174072265625
0.0166826248168945 -0.0102806091308594 0.104476928710938 0.156524658203125
0.0241489410400391 -0.0158500671386719 -0.0577850341796875 -0.156829833984375
0.0337448120117188 0.00893402099609375 0.21044921875 -0.17083740234375
0.0316696166992188 0.0328769683837891 0.441070556640625 0.007965087890625
0.00375747680664063 0.0477371215820313 0.476593017578125 0.3876953125
-0.0555992126464844 0.020965576171875 -0.0277099609375 0.721435546875
-0.0715866088867188 -0.0215301513671875 -0.62396240234375 0.61029052734375
-0.0512313842773437 -0.00545883178710937 -0.640869140625 0.1309814453125
-0.0245037078857422 0.0020751953125 0.06781005859375 0.095947265625
-0.0209846496582031 -0.00520706176757813 0.79632568359375 -0.06781005859375
-0.0352249145507813 -0.00345230102539062 0.6514892578125 -0.68402099609375
-0.0305538177490234 0.0164337158203125 -0.13629150390625 -0.78009033203125
-0.00240325927734375 0.0128812789916992 -0.534423828125 -0.269989013671875
0.0221424102783203 0.0138931274414063 -0.433380126953125 0.0718994140625
0.0327072143554688 0.00395393371582031 -0.116363525390625 0.2020263671875
0.0135211944580078 -0.00951957702636719 0.108261108398437 0.156509399414063
0.0221176147460938 -0.0140571594238281 -0.0506591796875 -0.158767700195313
0.0301742553710938 0.0121345520019531 0.2197265625 -0.163650512695313
0.0281715393066406 0.0344200134277344 0.4443359375 0.031768798828125
4.9591064453121E-05 0.0437660217285156 0.453369140625 0.4224853515625
-0.05755615234375 0.0110626220703125 -0.08001708984375 0.7275390625
-0.062774658203125 -0.028472900390625 -0.6624755859375 0.57452392578125
-0.0373802185058594 -0.00447463989257813 -0.62164306640625 0.1055908203125
-0.0106687545776367 0.00730609893798828 0.112052917480469 0.103797912597656
-0.00918006896972656 -0.00627422332763672 0.8087158203125 -0.11248779296875
-0.0293483734130859 -0.00603485107421875 0.60137939453125 -0.71978759765625
-0.0282917022705078 0.0125331878662109 -0.1890869140625 -0.756103515625
-0.00382709503173828 0.00901889801025391 -0.54583740234375 -0.232513427734375
0.0211143493652344 0.01251220703125 -0.42413330078125 0.093597412109375
0.0323295593261719 0.00558662414550781 -0.106292724609375 0.206680297851563
0.0133047103881836 -0.00906276702880859 0.11322021484375 0.15570068359375
0.0188941955566406 -0.0110836029052734 -0.0440216064453125 -0.156646728515625
0.0282230377197266 0.0149936676025391 0.228256225585937 -0.153823852539063
0.0248985290527344 0.0352554321289063 0.4453125 0.051971435546875
-0.00606536865234375 0.0384674072265625 0.43109130859375 0.450469970703125
-0.0567474365234375 0.000560760498046873 -0.12677001953125 0.73297119140625
-0.0475616455078125 -0.0371246337890625 -0.6934814453125 0.54791259765625
-0.0101766586303711 -0.000339508056640627 -0.60382080078125 0.08544921875
0.014409065246582 0.0167694091796875 0.146896362304688 0.107421875
0.0103940963745117 -0.00763034820556641 0.81787109375 -0.1484375
-0.0187835693359375 -0.01397705078125 0.56219482421875 -0.7469482421875
-0.0257091522216797 0.00540542602539062 -0.22509765625 -0.739990234375
-0.00635433197021484 0.00500297546386719 -0.5518798828125 -0.205413818359375
0.0184173583984375 0.0117130279541016 -0.417266845703125 0.11077880859375
0.0286922454833984 0.00557518005371094 -0.0970306396484375 0.207656860351563
0.0119647979736328 -0.00598812103271484 0.11962890625 0.152496337890625
0.0159358978271484 -0.00803279876708984 -0.04046630859375 -0.1566162109375
0.0235080718994141 0.0185356140136719 0.2296142578125 -0.148101806640625
0.0195846557617188 0.0353546142578125 0.445343017578125 0.067138671875
-0.00845718383789063 0.0317325592041016 0.4156494140625 0.46929931640625
-0.0538597106933594 -0.0122871398925781 -0.155029296875 0.73486328125
-0.0264701843261719 -0.0444374084472656 -0.71124267578125 0.52862548828125
0.0229606628417969 0.00437545776367188 -0.59228515625 0.0718994140625
0.0512466430664063 0.0298843383789063 0.167190551757813 0.109405517578125
0.0359687805175781 -0.00902557373046875 0.819580078125 -0.17218017578125
-0.00604820251464844 -0.0231342315673828 0.53985595703125 -0.7620849609375
-0.0247669219970703 -0.00360298156738281 -0.2471923828125 -0.7264404296875
-0.0111455917358398 0.00162887573242187 -0.556427001953125 -0.187347412109375
0.0160207748413086 0.0112800598144531 -0.412353515625 0.119873046875
0.0264415740966797 0.00811767578125 -0.09259033203125 0.20819091796875
0.0100383758544922 -0.00233745574951172 0.12353515625 0.150665283203125
0.0135812759399414 -0.00526046752929688 -0.041534423828125 -0.155227661132813
0.0201072692871094 0.0201549530029297 0.230392456054688 -0.146942138671875
0.0152511596679688 0.0344429016113281 0.44354248046875 0.0714111328125
-0.0126590728759766 0.0255622863769531 0.408538818359375 0.475616455078125
-0.048370361328125 -0.0223617553710937 -0.16546630859375 0.73504638671875
-0.00731658935546875 -0.0523300170898438 -0.71722412109375 0.52386474609375
0.0616798400878906 0.00825119018554688 -0.59002685546875 0.06842041015625
0.088592529296875 0.0416259765625 0.172500610351563 0.105712890625
0.0639419555664063 -0.0108795166015625 0.81805419921875 -0.18310546875
0.00861930847167968 -0.0334205627441406 0.52850341796875 -0.76611328125
-0.0229225158691406 -0.0131988525390625 -0.2564697265625 -0.72308349609375
-0.0166234970092773 -0.00244522094726562 -0.5599365234375 -0.180999755859375
0.0104169845581055 0.0113658905029297 -0.4132080078125 0.122344970703125
0.0223522186279297 0.00774192810058594 -0.09234619140625 0.209884643554688
0.00937747955322266 -5.53131103515625E-05 0.124908447265625 0.15106201171875
0.0109720230102539 -0.0047454833984375 -0.0408477783203125 -0.155288696289063
0.0164279937744141 0.0183944702148438 0.22637939453125 -0.146560668945313
0.0134029388427734 0.03240966796875 0.442138671875 0.067962646484375
-0.0152034759521484 0.0202980041503906 0.41162109375 0.468231201171875
-0.0461311340332031 -0.0293235778808594 -0.155029296875 0.73614501953125
0.0126571655273437 -0.0595588684082031 -0.71209716796875 0.53082275390625
0.0956497192382812 0.0111236572265625 -0.59783935546875 0.0700073242187499
0.126998901367188 0.0536346435546875 0.161270141601563 0.100006103515625
0.0923309326171875 -0.0105514526367188 0.8165283203125 -0.1734619140625
0.0242843627929688 -0.0425567626953125 0.541748046875 -0.76043701171875
-0.0217113494873047 -0.0227222442626953 -0.244384765625 -0.7296142578125
-0.0219001770019531 -0.00543785095214844 -0.557861328125 -0.192169189453125
0.00461101531982422 0.0102291107177734 -0.418182373046875 0.116058349609375
0.0211029052734375 0.00963401794433594 -0.095611572265625 0.208511352539063
0.00815963745117188 0.0046234130859375 0.1251220703125 0.151626586914063
0.0109338760375977 -0.00349712371826172 -0.0458221435546875 -0.153427124023438
0.0149593353271484 0.0194892883300781 0.218475341796875 -0.152938842773438
0.0122509002685547 0.0316543579101563 0.437896728515625 0.053680419921875
-0.0171985626220703 0.0197849273681641 0.424652099609375 0.4537353515625
-0.043548583984375 -0.0333900451660156 -0.12646484375 0.7353515625
0.0225486755371094 -0.0646781921386719 -0.69171142578125 0.55194091796875
0.119705200195313 0.00847625732421875 -0.60784912109375 0.08294677734375
0.157516479492188 0.06256103515625 0.133781433105469 0.0931854248046875
0.117988586425781 -0.0079498291015625 0.80975341796875 -0.15362548828125
0.0375289916992188 -0.0489273071289063 0.57037353515625 -0.74578857421875
-0.0190486907958984 -0.0299930572509766 -0.2203369140625 -0.74444580078125
-0.0259151458740234 -0.0097808837890625 -0.5565185546875 -0.211761474609375
0.00263500213623047 0.00954914093017578 -0.426177978515625 0.105804443359375
0.0193748474121094 0.0107593536376953 -0.103973388671875 0.20819091796875
0.00816249847412109 0.00440454483032227 0.122283935546875 0.153488159179688
0.0264167785644531 -0.017669677734375 -0.06585693359375 -0.155441284179688
0.0348587036132813 0.00568199157714844 0.199935913085938 -0.181350708007813
0.0342006683349609 0.0316677093505859 0.4395751953125 -0.016143798828125
0.00797271728515625 0.0487480163574219 0.50018310546875 0.353546142578125
-0.0553817749023438 0.0268630981445313 0.02191162109375 0.71771240234375
-0.0721664428710938 -0.0183181762695313 -0.58868408203125 0.64886474609375
-0.0496482849121094 -0.00606918334960938 -0.66485595703125 0.15875244140625
-0.0223274230957031 0.00170516967773437 0.0191116333007813 0.08843994140625
-0.0194416046142578 -0.00402069091796875 0.7862548828125 -0.024169921875
-0.0341014862060547 -0.00315284729003906 0.70721435546875 -0.64739990234375
-0.0303478240966797 0.0150127410888672 -0.07891845703125 -0.80615234375
-0.00455951690673828 0.0125455856323242 -0.52545166015625 -0.314178466796875
0.0198020935058594 0.0151500701904297 -0.446014404296875 0.0501403808593751
0.0342807769775391 0.00516128540039063 -0.130722045898437 0.199844360351563
0.0172433853149414 -0.0111246109008789 0.106903076171875 0.158187866210938
0.0245189666748047 -0.0154094696044922 -0.05780029296875 -0.157699584960938
0.0337944030761719 0.00895881652832031 0.211944580078125 -0.173385620117188
0.0336589813232422 0.0347766876220703 0.445587158203125 0.0067138671875
0.00481414794921875 0.0473594665527344 0.4798583984375 0.391357421875
-0.0566635131835937 0.0221481323242188 -0.0305786132812501 0.7294921875
-0.0726470947265625 -0.0212173461914062 -0.62811279296875 0.6142578125
-0.0511207580566406 -0.00598907470703125 -0.6439208984375 0.1297607421875
-0.0259475708007812 0.00164413452148438 0.0663909912109375 0.096527099609375
-0.0216197967529297 -0.00435829162597656 0.80279541015625 -0.06427001953125
-0.0350704193115234 -0.00230789184570313 0.659423828125 -0.6876220703125
-0.0290355682373047 0.0161190032958984 -0.136474609375 -0.78631591796875
-0.00340938568115234 0.0106716156005859 -0.539520263671875 -0.272064208984375
0.0209732055664063 0.01336669921875 -0.438140869140625 0.07373046875
0.03240966796875 0.00514030456542969 -0.118881225585938 0.202621459960938
0.0149707794189453 -0.00929737091064453 0.10919189453125 0.15899658203125
0.0230255126953125 -0.0136394500732422 -0.049224853515625 -0.159103393554688
0.0301246643066406 0.0118160247802734 0.223724365234375 -0.164688110351563
0.0312767028808594 0.0352363586425781 0.448394775390625 0.03009033203125
-0.000423431396484372 0.0446357727050781 0.457305908203125 0.426727294921875
-0.0593719482421875 0.0120582580566406 -0.08343505859375 0.73284912109375
-0.0620193481445313 -0.0275421142578125 -0.6705322265625 0.57904052734375
-0.0362701416015625 -0.00302886962890625 -0.62664794921875 0.1033935546875
-0.0121192932128906 0.00763416290283203 0.111083984375 0.105697631835938
-0.0113668441772461 -0.00576686859130859 0.81640625 -0.111083984375
-0.0287590026855469 -0.00474357604980468 0.60675048828125 -0.72259521484375
-0.0275382995605469 0.0127983093261719 -0.1888427734375 -0.76190185546875
-0.00417566299438476 0.00839996337890625 -0.54986572265625 -0.2371826171875
0.0208053588867188 0.0123691558837891 -0.427886962890625 0.09478759765625
0.0316715240478516 0.00586700439453125 -0.10687255859375 0.207992553710938
0.0116071701049805 -0.00788497924804688 0.11395263671875 0.158004760742188
0.0201206207275391 -0.0114097595214844 -0.0455474853515625 -0.158889770507813
0.0256423950195313 0.0160427093505859 0.229873657226563 -0.154953002929688
0.0253810882568359 0.0351390838623047 0.44989013671875 0.05230712890625
-0.00531005859375 0.0387687683105469 0.4329833984375 0.453338623046875
-0.0560493469238281 -0.00138473510742189 -0.12921142578125 0.7384033203125
-0.0484428405761719 -0.0343170166015625 -0.7003173828125 0.54791259765625
-0.00957202911376953 0.000200271606445314 -0.60931396484375 0.0841674804687499
0.0152864456176758 0.0170679092407227 0.145050048828125 0.109756469726563
0.00971603393554688 -0.00603199005126953 0.82305908203125 -0.1478271484375
-0.0190696716308594 -0.0130386352539063 0.56793212890625 -0.7525634765625
-0.0259914398193359 0.00551605224609375 -0.22772216796875 -0.7457275390625
-0.00649929046630859 0.00416135787963867 -0.556732177734375 -0.2071533203125
0.0175380706787109 0.0107688903808594 -0.419708251953125 0.111083984375
0.0285091400146484 0.00660324096679688 -0.098175048828125 0.208511352539063
0.00979900360107422 -0.00657844543457031 0.119430541992187 0.1552734375
0.0157871246337891 -0.00924873352050781 -0.040679931640625 -0.1593017578125
0.0222129821777344 0.0191287994384766 0.232284545898438 -0.149444580078125
0.0220222473144531 0.0357398986816406 0.44903564453125 0.06671142578125
-0.0102024078369141 0.0319652557373047 0.41827392578125 0.473663330078125
-0.0531463623046875 -0.0136375427246094 -0.158447265625 0.7391357421875
-0.0269851684570313 -0.0455970764160156 -0.71893310546875 0.5302734375
0.0234470367431641 0.00561141967773438 -0.59832763671875 0.073486328125
0.0505523681640625 0.0295944213867188 0.16748046875 0.1099853515625
0.0345420837402344 -0.00806617736816406 0.8250732421875 -0.1712646484375
-0.00631523132324219 -0.0238380432128906 0.54669189453125 -0.7657470703125
-0.025146484375 -0.00493431091308593 -0.24896240234375 -0.734619140625
-0.0115833282470703 0.00190067291259765 -0.560089111328125 -0.19000244140625
0.014042854309082 0.0103025436401367 -0.415924072265625 0.120513916015625
0.0267562866210938 0.00665855407714844 -0.0946502685546875 0.210037231445313
0.0108795166015625 -0.00335597991943359 0.122650146484375 0.153610229492188
0.0136947631835938 -0.00734806060791016 -0.0396270751953125 -0.157806396484375
0.0189800262451172 0.0183563232421875 0.232696533203125 -0.146820068359375
0.0167655944824219 0.0335731506347656 0.4468994140625 0.07220458984375
-0.0130577087402344 0.0244369506835938 0.411102294921875 0.479095458984375
-0.0487823486328125 -0.023223876953125 -0.168701171875 0.740966796875
-0.00612258911132812 -0.0517349243164063 -0.725341796875 0.52459716796875
0.062255859375 0.00918197631835938 -0.595458984375 0.06695556640625
0.0898666381835938 0.04193115234375 0.172927856445313 0.107391357421875
0.0637702941894531 -0.0101432800292969 0.82464599609375 -0.1822509765625
0.00882530212402343 -0.0330562591552734 0.5335693359375 -0.7718505859375
-0.0237064361572266 -0.0130901336669922 -0.25738525390625 -0.729248046875
-0.0175228118896484 -0.0026082992553711 -0.56298828125 -0.18359375
0.00966262817382813 0.0107002258300781 -0.41571044921875 0.12335205078125
0.0221023559570313 0.00892448425292969 -0.0935516357421875 0.210250854492187
0.00922393798828125 -0.000484466552734375 0.126022338867188 0.153045654296875
0.0118227005004883 -0.00458049774169922 -0.0419464111328125 -0.157211303710938
0.0167865753173828 0.0217418670654297 0.229598999023438 -0.14874267578125
0.0132045745849609 0.0305328369140625 0.44464111328125 0.0672607421875
-0.0147609710693359 0.0215473175048828 0.414947509765625 0.473846435546875
-0.0442848205566406 -0.0306053161621094 -0.1575927734375 0.74139404296875
0.0108413696289063 -0.0601959228515625 -0.71881103515625 0.5347900390625
0.0949325561523438 0.0101699829101563 -0.60162353515625 0.0692138671874999
0.126869201660156 0.0539169311523437 0.1597900390625 0.102035522460938
0.0921478271484375 -0.00959014892578125 0.82073974609375 -0.1729736328125
0.0240516662597656 -0.0422935485839844 0.54754638671875 -0.76409912109375
-0.0204734802246094 -0.0233860015869141 -0.2459716796875 -0.7357177734375
-0.0225315093994141 -0.00548171997070313 -0.564453125 -0.1932373046875
0.00400161743164062 0.00887584686279297 -0.421966552734375 0.116668701171875
0.0212879180908203 0.00826644897460937 -0.0972747802734375 0.21112060546875
0.00901508331298828 0.00182533264160156 0.12615966796875 0.155563354492188
0.00938510894775391 -0.00344753265380859 -0.0445709228515625 -0.15411376953125
0.0165290832519531 0.0206623077392578 0.221786499023438 -0.153213500976563
0.0108394622802734 0.0297451019287109 0.441802978515625 0.0557861328125
-0.0157508850097656 0.0170183181762695 0.426910400390625 0.455108642578125
-0.0442886352539062 -0.0332756042480469 -0.13006591796875 0.73980712890625
0.0229644775390625 -0.0653419494628906 -0.696533203125 0.5545654296875
0.122062683105469 0.00974273681640625 -0.6121826171875 0.0798950195312501
0.157455444335938 0.06353759765625 0.132949829101563 0.0933837890625
0.1182861328125 -0.00832366943359375 0.8157958984375 -0.15264892578125
0.0370368957519531 -0.0489654541015625 0.5767822265625 -0.7508544921875
-0.0183696746826172 -0.0311031341552734 -0.22283935546875 -0.7506103515625
-0.0252532958984375 -0.0100555419921875 -0.56243896484375 -0.21380615234375
2.86102294921885E-05 0.00936031341552734 -0.430267333984375 0.10400390625
0.0181903839111328 0.00902748107910156 -0.105499267578125 0.208633422851563
0.00945472717285156 0.00444221496582031 0.123794555664063 0.1561279296875
0.0249443054199219 -0.0167407989501953 -0.0648040771484375 -0.157730102539063
0.03466796875 0.00482940673828125 0.201507568359375 -0.18280029296875
0.0354423522949219 0.0333251953125 0.4439697265625 -0.016326904296875
0.00811767578125 0.0492782592773438 0.506622314453125 0.35565185546875
-0.0531768798828125 0.025848388671875 0.02154541015625 0.72369384765625
-0.073577880859375 -0.015960693359375 -0.595703125 0.6544189453125
-0.0490837097167969 -0.00502777099609375 -0.6715087890625 0.15869140625
-0.0224742889404297 0.00110816955566406 0.01837158203125 0.0877227783203125
-0.0194377899169922 -0.00275230407714843 0.79473876953125 -0.02203369140625
-0.0363807678222656 -0.00143814086914062 0.7164306640625 -0.65325927734375
-0.0311069488525391 0.0150718688964844 -0.0822753906249999 -0.81298828125
-0.00413036346435547 0.0115985870361328 -0.5311279296875 -0.31610107421875
0.0189609527587891 0.0148105621337891 -0.45111083984375 0.0504760742187499
0.0335826873779297 0.00428390502929687 -0.131271362304687 0.201385498046875
0.0181140899658203 -0.0113964080810547 0.107559204101563 0.160598754882813
0.0234870910644531 -0.0174579620361328 -0.0572052001953125 -0.15899658203125
0.0336933135986328 0.0080718994140625 0.214111328125 -0.17657470703125
0.0344982147216797 0.0336952209472656 0.448333740234375 0.0057373046875
0.0061798095703125 0.0486831665039063 0.4852294921875 0.3931884765625
-0.0584449768066406 0.0207252502441406 -0.0294189453125 0.73553466796875
-0.0732650756835937 -0.0193939208984375 -0.63525390625 0.619140625
-0.0511627197265625 -0.00583267211914063 -0.65399169921875 0.13006591796875
-0.0263633728027344 0.000892639160156247 0.0658493041992188 0.0975875854492188
-0.0217075347900391 -0.00517463684082031 0.80938720703125 -0.06622314453125
-0.03607177734375 -0.00192642211914063 0.6632080078125 -0.6923828125
-0.0303707122802734 0.0150184631347656 -0.1378173828125 -0.79412841796875
-0.00349807739257813 0.011073112487793 -0.5457763671875 -0.274627685546875
0.0207252502441406 0.0150394439697266 -0.442626953125 0.073974609375
0.0347557067871094 0.00455856323242188 -0.119369506835938 0.206298828125
0.0144739151000977 -0.0105390548706055 0.11053466796875 0.160018920898437
0.0216064453125 -0.0149345397949219 -0.049652099609375 -0.161605834960938
0.0314102172851563 0.0122871398925781 0.224609375 -0.1663818359375
0.03057861328125 0.0364112854003906 0.4521484375 0.030487060546875
0.0012969970703125 0.0444145202636719 0.46343994140625 0.428619384765625
-0.0594215393066406 0.0105094909667969 -0.08447265625 0.7412109375
-0.0639610290527344 -0.0258293151855469 -0.67633056640625 0.583984375
-0.0377578735351563 -0.00336837768554688 -0.63177490234375 0.10357666015625
-0.0120325088500977 0.00681877136230469 0.11090087890625 0.10479736328125
-0.0101404190063477 -0.00415897369384766 0.8212890625 -0.110107421875
-0.0300388336181641 -0.00418281555175782 0.6116943359375 -0.72894287109375
-0.0271148681640625 0.0130481719970703 -0.19342041015625 -0.770263671875
-0.00427818298339844 0.00838661193847656 -0.55615234375 -0.239898681640625
0.0208511352539063 0.0119991302490234 -0.4326171875 0.095703125
0.0317649841308594 0.00564384460449219 -0.109329223632813 0.210433959960937
0.0134000778198242 -0.00822544097900391 0.115386962890625 0.160415649414063
0.0189552307128906 -0.0113868713378906 -0.044921875 -0.161697387695312
0.026947021484375 0.0155906677246094 0.23248291015625 -0.157211303710938
0.025360107421875 0.0361900329589844 0.4547119140625 0.05279541015625
-0.0042572021484375 0.0384178161621094 0.437469482421875 0.45770263671875
-0.0581092834472656 -0.000553131103515622 -0.13092041015625 0.74530029296875
-0.0472679138183594 -0.0364112854003906 -0.70672607421875 0.55340576171875
-0.00996971130371094 0.000186920166015623 -0.61456298828125 0.0853881835937499
0.0143051147460938 0.0174884796142578 0.14617919921875 0.109146118164062
0.00903415679931641 -0.00621986389160156 0.8304443359375 -0.14788818359375
-0.0198783874511719 -0.0134983062744141 0.57421875 -0.75909423828125
-0.0256671905517578 0.00494384765625 -0.2320556640625 -0.7506103515625
-0.00769424438476563 0.00429344177246094 -0.56298828125 -0.208251953125
0.0179481506347656 0.0116443634033203 -0.42462158203125 0.112548828125
0.0303516387939453 0.00594329833984375 -0.101165771484375 0.211196899414063
0.0123376846313477 -0.00544643402099609 0.12139892578125 0.157791137695313
0.0172557830810547 -0.00778293609619141 -0.0406951904296875 -0.160736083984375
0.0229263305664063 0.0179977416992188 0.235321044921875 -0.15228271484375
0.0224609375 0.0369224548339844 0.45220947265625 0.066680908203125
-0.00797271728515625 0.0308856964111328 0.421356201171875 0.47601318359375
-0.0539398193359375 -0.0120468139648437 -0.1595458984375 0.74713134765625
-0.0266494750976562 -0.0429840087890625 -0.72686767578125 0.53546142578125
0.0231361389160156 0.00550270080566406 -0.6051025390625 0.0722045898437501
0.0499649047851562 0.0302925109863281 0.167984008789063 0.110702514648438
0.0350437164306641 -0.00859451293945312 0.83233642578125 -0.17169189453125
-0.00539588928222657 -0.0226554870605469 0.54949951171875 -0.77288818359375
-0.0245094299316406 -0.002655029296875 -0.2523193359375 -0.739501953125
-0.0116748809814453 -0.000342369079589844 -0.56719970703125 -0.1923828125
0.0143423080444336 0.0110569000244141 -0.4215087890625 0.12152099609375
0.0254402160644531 0.00605392456054688 -0.096405029296875 0.211929321289063
0.010890007019043 -0.00463962554931641 0.125808715820313 0.15667724609375
0.0139055252075195 -0.00701713562011719 -0.0390167236328125 -0.160369873046875
0.0191249847412109 0.0194759368896484 0.23504638671875 -0.148239135742188
0.0169525146484375 0.0352516174316406 0.4517822265625 0.072113037109375
-0.0126438140869141 0.0248298645019531 0.414581298828125 0.482879638671875
-0.0487823486328125 -0.0232505798339844 -0.1700439453125 0.7486572265625
-0.00554275512695312 -0.0510749816894531 -0.73223876953125 0.53131103515625
0.06231689453125 0.00967025756835938 -0.60223388671875 0.06756591796875
0.0885696411132812 0.0426025390625 0.1729736328125 0.108688354492187
0.0638923645019531 -0.0107002258300781 0.83148193359375 -0.180908203125
0.00824546813964844 -0.0322456359863281 0.54150390625 -0.77972412109375
-0.0235195159912109 -0.0129146575927734 -0.26092529296875 -0.7364501953125
-0.0174341201782227 -0.00249862670898437 -0.5694580078125 -0.1844482421875
0.00963306427001953 0.0101213455200195 -0.42047119140625 0.12640380859375
0.0243186950683594 0.00838088989257813 -0.09393310546875 0.213302612304688
0.00962734222412109 -0.000558853149414063 0.12744140625 0.156097412109375
0.0103635787963867 -0.00405597686767578 -0.041351318359375 -0.158920288085937
0.0173168182373047 0.021728515625 0.231063842773437 -0.150253295898438
0.0146999359130859 0.0334568023681641 0.451416015625 0.0687255859375
-0.0139999389648438 0.0198173522949219 0.418853759765625 0.479522705078125
-0.0465965270996094 -0.0286407470703125 -0.15899658203125 0.75048828125
0.0113677978515625 -0.0592727661132813 -0.72601318359375 0.538818359375
0.0962448120117188 0.0098724365234375 -0.6077880859375 0.0683593750000001
0.127189636230469 0.0554733276367188 0.160385131835938 0.101516723632813
0.0928115844726563 -0.00910186767578125 0.826416015625 -0.17327880859375
0.0225715637207031 -0.0426750183105469 0.55029296875 -0.7720947265625
-0.0220451354980469 -0.0234146118164062 -0.24822998046875 -0.74334716796875
-0.022216796875 -0.00605583190917969 -0.5693359375 -0.19403076171875
0.00574874877929688 0.0103273391723633 -0.42657470703125 0.120208740234375
0.0205650329589844 0.00990676879882813 -0.099365234375 0.213668823242187
0.00900745391845703 0.00228309631347656 0.127975463867188 0.157394409179688
0.00989341735839844 -0.00431442260742188 -0.045196533203125 -0.157623291015625
0.0154514312744141 0.0208015441894531 0.225723266601563 -0.1546630859375
0.0123844146728516 0.0314865112304687 0.447235107421875 0.052947998046875
-0.0162773132324219 0.0176620483398438 0.43255615234375 0.459228515625
-0.0430908203125 -0.0340919494628906 -0.1287841796875 0.7481689453125
0.023468017578125 -0.06475830078125 -0.70611572265625 0.56170654296875
0.122535705566406 0.0099945068359375 -0.6195068359375 0.0809936523437501
0.157928466796875 0.0632781982421875 0.132858276367188 0.0948944091796875
0.117866516113281 -0.0081329345703125 0.82000732421875 -0.15179443359375
0.0377388000488281 -0.0483665466308594 0.58013916015625 -0.75714111328125
-0.0197296142578125 -0.0322780609130859 -0.2252197265625 -0.757568359375
-0.0278797149658203 -0.0101947784423828 -0.5673828125 -0.2139892578125
-0.000672340393066405 0.00907135009765625 -0.434722900390625 0.1082763671875
0.0186634063720703 0.0111904144287109 -0.107330322265625 0.211471557617188
0.0100431442260742 0.00356388092041016 0.1243896484375 0.15838623046875
0.0258865356445313 -0.0177402496337891 -0.0656280517578125 -0.160385131835938
0.0345706939697266 0.00414085388183594 0.204544067382812 -0.185806274414062
0.0367889404296875 0.032196044921875 0.44866943359375 -0.019287109375
0.008697509765625 0.0489540100097656 0.513427734375 0.361968994140625
-0.0551719665527344 0.0270042419433594 0.02349853515625 0.73101806640625
-0.07293701171875 -0.01617431640625 -0.6009521484375 0.66241455078125
-0.0502052307128906 -0.00712585449218751 -0.67901611328125 0.16094970703125
-0.0239543914794922 8.77380371093719E-05 0.0185089111328125 0.0882034301757813
-0.0219917297363281 -0.00378608703613281 0.8004150390625 -0.023193359375
-0.0355339050292969 -0.000751495361328127 0.72186279296875 -0.6607666015625
-0.0310859680175781 0.0157184600830078 -0.0827636718750001 -0.8226318359375
-0.00458908081054687 0.011876106262207 -0.53814697265625 -0.317169189453125
0.0185680389404297 0.0143051147460938 -0.457366943359375 0.0533142089843749
0.0357398986816406 0.00531387329101563 -0.133346557617188 0.20391845703125
0.0188484191894531 -0.0112419128417969 0.110855102539062 0.164581298828125
0.0239582061767578 -0.0151329040527344 -0.0585479736328125 -0.162033081054688
0.0340251922607422 0.00865936279296875 0.21685791015625 -0.177536010742188
0.0352020263671875 0.034027099609375 0.45452880859375 0.00396728515625
0.0055999755859375 0.0481300354003906 0.49188232421875 0.3963623046875
-0.0585556030273437 0.0210723876953125 -0.0300903320312499 0.74395751953125
-0.0724029541015625 -0.0193328857421875 -0.6429443359375 0.62750244140625
-0.0517158508300781 -0.00586700439453125 -0.66064453125 0.13165283203125
-0.0279464721679688 0.00150108337402344 0.0637969970703125 0.0993804931640625
-0.0235748291015625 -0.00355911254882812 0.81719970703125 -0.06683349609375
-0.0366325378417969 -0.002349853515625 0.66925048828125 -0.70208740234375
-0.0294284820556641 0.0153694152832031 -0.1444091796875 -0.80145263671875
-0.00359249114990234 0.0106992721557617 -0.55072021484375 -0.27752685546875
0.0209541320800781 0.0142021179199219 -0.448638916015625 0.07781982421875
0.0327911376953125 0.00417518615722656 -0.120849609375 0.208511352539063
0.0168342590332031 -0.0117044448852539 0.114898681640625 0.163330078125
0.0223255157470703 -0.0150318145751953 -0.05029296875 -0.164337158203125
0.0299758911132813 0.0128593444824219 0.227203369140625 -0.167587280273438
0.0332603454589844 0.0360832214355469 0.45953369140625 0.03057861328125
0.000984191894531252 0.0440559387207031 0.4676513671875 0.433807373046875
-0.0598297119140625 0.0115509033203125 -0.0845947265625 0.74951171875
-0.0638771057128906 -0.0262489318847656 -0.68377685546875 0.5931396484375
-0.0370712280273437 -0.00389099121093751 -0.63983154296875 0.10467529296875
-0.0135869979858398 0.00650787353515625 0.110954284667969 0.105804443359375
-0.0118312835693359 -0.00482749938964843 0.82843017578125 -0.1129150390625
-0.0300617218017578 -0.00410270690917969 0.61865234375 -0.73846435546875
-0.0286483764648438 0.0114669799804687 -0.19549560546875 -0.77935791015625
-0.0041956901550293 0.00877094268798828 -0.5618896484375 -0.23974609375
0.0219974517822266 0.0127048492431641 -0.438018798828125 0.0987548828124999
0.0318088531494141 0.00478553771972656 -0.111129760742188 0.214935302734375
0.0141267776489258 -0.00887107849121094 0.118392944335938 0.1629638671875
0.0194358825683594 -0.0120944976806641 -0.0447235107421875 -0.16265869140625
0.0278072357177734 0.0155391693115234 0.233474731445313 -0.15960693359375
0.0272750854492187 0.0381851196289063 0.459625244140625 0.052520751953125
-0.00365447998046875 0.0389785766601563 0.443939208984375 0.460968017578125
-0.0579833984375 6.10351562499903E-05 -0.13214111328125 0.754638671875
-0.0485076904296875 -0.0334548950195313 -0.71343994140625 0.56146240234375
-0.00992107391357422 0.00069141387939453 -0.6226806640625 0.08441162109375
0.0136289596557617 0.017237663269043 0.145553588867188 0.11151123046875
0.00714969635009766 -0.00582218170166016 0.8355712890625 -0.14947509765625
-0.0198440551757813 -0.0116138458251953 0.57708740234375 -0.76715087890625
-0.0254936218261719 0.00453567504882812 -0.2344970703125 -0.76007080078125
-0.0095062255859375 0.00526142120361328 -0.5693359375 -0.208984375
0.0177745819091797 0.0105857849121094 -0.427825927734375 0.114990234375
0.0284843444824219 0.00566864013671875 -0.101242065429688 0.215164184570313
0.0137767791748047 -0.00565338134765625 0.1234130859375 0.159759521484375
0.0162467956542969 -0.00968456268310547 -0.0401153564453125 -0.163330078125
0.0237026214599609 0.0187530517578125 0.238937377929687 -0.153915405273437
0.0232276916503906 0.0359306335449219 0.45977783203125 0.067718505859375
-0.00883293151855469 0.0317878723144531 0.427001953125 0.48089599609375
-0.0561332702636719 -0.0125007629394531 -0.1614990234375 0.75579833984375
-0.0285758972167969 -0.0423202514648438 -0.7332763671875 0.543212890625
0.0249176025390625 0.00465583801269531 -0.61248779296875 0.0716552734375
0.050384521484375 0.0303726196289062 0.166534423828125 0.110641479492188
0.0351600646972656 -0.00897216796875 0.84051513671875 -0.17572021484375
-0.00693321228027344 -0.0224437713623047 0.55340576171875 -0.782470703125
-0.0246963500976563 -0.00393104553222657 -0.25701904296875 -0.74749755859375
-0.0118980407714844 0.000494956970214845 -0.57452392578125 -0.190673828125
0.0128402709960938 0.0111293792724609 -0.424591064453125 0.12451171875
0.0257091522216797 0.0068206787109375 -0.09613037109375 0.215469360351562
0.0108137130737305 -0.00363731384277344 0.127365112304687 0.15777587890625
0.0137910842895508 -0.00777339935302734 -0.0389404296875 -0.160858154296875
0.0188465118408203 0.0209732055664063 0.238235473632812 -0.1513671875
0.0202198028564453 0.0342178344726563 0.459625244140625 0.0711669921875
-0.0123844146728516 0.0253276824951172 0.4200439453125 0.4869384765625
-0.0501670837402344 -0.0226707458496094 -0.170654296875 0.7587890625
-0.00543594360351563 -0.0510063171386719 -0.74200439453125 0.538818359375
0.0620841979980469 0.009613037109375 -0.610107421875 0.0673828125000001
0.0895309448242188 0.0432357788085938 0.17401123046875 0.107864379882813
0.0640068054199219 -0.0103759765625 0.83837890625 -0.18408203125
0.008544921875 -0.0331630706787109 0.54534912109375 -0.78643798828125
-0.0242214202880859 -0.0139293670654297 -0.26678466796875 -0.74322509765625
-0.0176830291748047 -0.00429153442382813 -0.57623291015625 -0.1856689453125
0.00908088684082031 0.00954818725585937 -0.42730712890625 0.127777099609375
0.0220241546630859 0.00860214233398438 -0.096099853515625 0.215591430664063
0.00879669189453125 -0.000468254089355469 0.129364013671875 0.15838623046875
0.0115480422973633 -0.00572681427001953 -0.0419464111328125 -0.159439086914063
0.0159091949462891 0.0219402313232422 0.233749389648438 -0.15203857421875
0.0148544311523438 0.0319919586181641 0.45556640625 0.06707763671875
-0.0147056579589844 0.0208473205566406 0.42498779296875 0.479156494140625
-0.0478401184082031 -0.0308074951171875 -0.16064453125 0.75701904296875
0.0115013122558594 -0.0578575134277344 -0.7340087890625 0.5474853515625
0.0979232788085938 0.0117263793945313 -0.6134033203125 0.06903076171875
0.127815246582031 0.0557327270507812 0.161895751953125 0.103851318359375
0.0935287475585938 -0.00997161865234375 0.83349609375 -0.1763916015625
0.0233535766601562 -0.0429573059082031 0.55596923828125 -0.7806396484375
-0.0218353271484375 -0.0238227844238281 -0.254150390625 -0.74981689453125
-0.0238094329833984 -0.00687026977539062 -0.5767822265625 -0.19464111328125
0.00299453735351563 0.0101690292358398 -0.4317626953125 0.122955322265625
0.0218849182128906 0.00994300842285156 -0.101333618164062 0.215377807617188
0.00960254669189453 0.00187206268310547 0.128921508789063 0.157669067382813
0.0104408264160156 -0.005157470703125 -0.0454559326171875 -0.159225463867188
0.0158615112304688 0.0213088989257813 0.227737426757813 -0.156539916992188
0.0129833221435547 0.0314102172851563 0.45196533203125 0.051116943359375
-0.0148096084594727 0.0167388916015625 0.438079833984375 0.463104248046875
-0.0451774597167969 -0.0342025756835937 -0.1309814453125 0.7579345703125
0.0223884582519531 -0.0638656616210937 -0.71258544921875 0.570068359375
0.124374389648438 0.00975799560546875 -0.62725830078125 0.0823364257812501
0.15850830078125 0.0631103515625 0.132637023925781 0.0954437255859375
0.118400573730469 -0.00804901123046875 0.82806396484375 -0.154541015625
0.0364265441894531 -0.04913330078125 0.58489990234375 -0.76513671875
-0.0194282531738281 -0.0319938659667969 -0.22821044921875 -0.7662353515625
-0.0281276702880859 -0.00921249389648438 -0.5765380859375 -0.2139892578125
0.000297546386718749 0.00953197479248047 -0.44073486328125 0.111053466796875
0.0199718475341797 0.00947952270507813 -0.108963012695313 0.214218139648438
0.0102987289428711 0.00164508819580078 0.127777099609375 0.15972900390625
0.0262069702148437 -0.019378662109375 -0.0657501220703125 -0.162094116210938
0.0360794067382813 0.00503921508789062 0.206298828125 -0.189651489257813
0.0369987487792969 0.0324325561523438 0.4549560546875 -0.022369384765625
0.00914382934570313 0.0499801635742188 0.52069091796875 0.35870361328125
-0.0563278198242188 0.0262870788574219 0.0263671875 0.7403564453125
-0.0750350952148438 -0.0154190063476563 -0.60595703125 0.67144775390625
-0.05157470703125 -0.00598144531249999 -0.68701171875 0.16357421875
-0.0241260528564453 -7.24792480468781E-05 0.0173110961914062 0.0899276733398437
-0.0224933624267578 -0.00228309631347656 0.8079833984375 -0.0255126953125
-0.0370979309082031 -0.00154876708984374 0.72705078125 -0.66986083984375
-0.0298423767089844 0.0151557922363281 -0.0877685546875 -0.83258056640625
-0.00531959533691406 0.0118684768676758 -0.545440673828125 -0.31689453125
0.0186080932617188 0.0152225494384766 -0.462493896484375 0.0548706054687501
0.0356941223144531 0.00530624389648438 -0.134262084960937 0.207870483398438
0.0190963745117188 -0.0117340087890625 0.112472534179688 0.166488647460938
0.0242557525634766 -0.0176849365234375 -0.05682373046875 -0.165084838867188
0.0350303649902344 0.00927925109863281 0.220291137695313 -0.180892944335938
0.0359535217285156 0.0344314575195313 0.461578369140625 0.002410888671875
0.00778579711914063 0.047607421875 0.499969482421875 0.397918701171875
-0.0601997375488281 0.0215568542480469 -0.0276489257812501 0.75140380859375
-0.0740509033203125 -0.019775390625 -0.6456298828125 0.6370849609375
-0.0520401000976563 -0.0062408447265625 -0.66741943359375 0.134033203125
-0.0285816192626953 0.00104522705078125 0.06488037109375 0.0983123779296875
-0.0230922698974609 -0.00392341613769531 0.82452392578125 -0.0701904296875
-0.0371284484863281 -0.0019073486328125 0.67376708984375 -0.7108154296875
-0.0299072265625 0.0162982940673828 -0.149169921875 -0.81097412109375
-0.00393962860107422 0.0103435516357422 -0.559783935546875 -0.276092529296875
0.0202674865722656 0.0145702362060547 -0.451873779296875 0.0806884765625
0.0341701507568359 0.00480270385742188 -0.121932983398437 0.212356567382812
0.0164556503295898 -0.0106935501098633 0.115768432617188 0.164764404296875
0.0238113403320313 -0.0156154632568359 -0.050506591796875 -0.165451049804687
0.0309429168701172 0.0136756896972656 0.23028564453125 -0.172760009765625
0.0320472717285156 0.0370941162109375 0.4644775390625 0.0286865234375
0.00123977661132813 0.0439910888671875 0.4742431640625 0.434356689453125
-0.0614395141601562 0.0121040344238281 -0.08355712890625 0.759765625
-0.065887451171875 -0.0261573791503906 -0.687744140625 0.6009521484375
-0.0383796691894531 -0.00345230102539062 -0.64752197265625 0.1082763671875
-0.0151557922363281 0.00590324401855468 0.111984252929688 0.10552978515625
-0.0139780044555664 -0.00576591491699219 0.83648681640625 -0.117431640625
-0.0313091278076172 -0.00422096252441406 0.6207275390625 -0.750244140625
-0.0287570953369141 0.0107364654541016 -0.20208740234375 -0.78521728515625
-0.00416374206542969 0.00880813598632812 -0.57110595703125 -0.239013671875
0.0193595886230469 0.0119972229003906 -0.44384765625 0.101226806640625
0.03271484375 0.00533294677734375 -0.110733032226562 0.216171264648438
0.0152339935302734 -0.0103616714477539 0.121307373046875 0.163864135742188
0.0212917327880859 -0.0125751495361328 -0.045562744140625 -0.164764404296875
0.0283336639404297 0.0163307189941406 0.2371826171875 -0.164077758789063
0.0291175842285156 0.0367469787597656 0.466552734375 0.050811767578125
-0.00241470336914063 0.0389976501464844 0.452392578125 0.462860107421875
-0.0595893859863281 -0.000686645507812496 -0.1326904296875 0.76422119140625
-0.0482673645019531 -0.0320167541503906 -0.71942138671875 0.5721435546875
-0.00960922241210938 0.000143051147460938 -0.63031005859375 0.0874633789062499
0.0132198333740234 0.0162391662597656 0.14788818359375 0.111434936523438
0.00872230529785156 -0.00627040863037109 0.84283447265625 -0.15606689453125
-0.0194282531738281 -0.0122051239013672 0.58001708984375 -0.77777099609375
-0.0270481109619141 0.00512313842773438 -0.24017333984375 -0.76708984375
-0.00869512557983398 0.00454235076904297 -0.5765380859375 -0.20855712890625
0.0179653167724609 0.0113449096679688 -0.43255615234375 0.119293212890625
0.029541015625 0.0047149658203125 -0.103256225585937 0.217987060546875
0.0136241912841797 -0.00758647918701172 0.126205444335938 0.162094116210938
0.0155735015869141 -0.00987625122070313 -0.04071044921875 -0.165008544921875
0.0233249664306641 0.0191364288330078 0.24151611328125 -0.157257080078125
0.0233230590820313 0.0363273620605469 0.46484375 0.0648193359375
-0.00847053527832031 0.0320854187011719 0.434417724609375 0.4835205078125
-0.0565376281738281 -0.0118026733398437 -0.16162109375 0.765380859375
-0.0276145935058594 -0.0425987243652344 -0.7408447265625 0.55224609375
0.0244426727294922 0.00434303283691406 -0.61962890625 0.0758056640625
0.0501480102539063 0.0305366516113281 0.168655395507813 0.11175537109375
0.0350723266601563 -0.00917434692382813 0.84716796875 -0.17919921875
-0.00617790222167969 -0.0224418640136719 0.55517578125 -0.79376220703125
-0.0249500274658203 -0.00459480285644532 -0.26348876953125 -0.7548828125
-0.0136289596557617 0.000747680664062499 -0.58349609375 -0.19036865234375
0.0137100219726563 0.0105209350585938 -0.429443359375 0.129241943359375
0.0248928070068359 0.00534820556640625 -0.096771240234375 0.21893310546875
0.0133428573608398 -0.00343418121337891 0.129638671875 0.159347534179688
0.013697624206543 -0.00762271881103516 -0.0389862060546875 -0.164840698242188
0.020294189453125 0.0218162536621094 0.240081787109375 -0.155029296875
0.0194683074951172 0.0345230102539063 0.46392822265625 0.069488525390625
-0.0120105743408203 0.0246410369873047 0.42681884765625 0.489776611328125
-0.0526542663574219 -0.0226593017578125 -0.17193603515625 0.76806640625
-0.00605392456054688 -0.0501518249511719 -0.74615478515625 0.54730224609375
0.0642547607421875 0.009063720703125 -0.616943359375 0.06927490234375
0.0896072387695312 0.0428314208984375 0.173583984375 0.108627319335937
0.0640945434570313 -0.00990676879882813 0.84735107421875 -0.18902587890625
0.0083770751953125 -0.0323677062988281 0.5472412109375 -0.799560546875
-0.0246849060058594 -0.0149250030517578 -0.2734375 -0.7503662109375
-0.0193252563476563 -0.003021240234375 -0.58489990234375 -0.183349609375
0.00829601287841797 0.0105705261230469 -0.430419921875 0.131378173828125
0.0233573913574219 0.00767135620117188 -0.0975494384765625 0.219467163085938
0.0115747451782227 -0.00125598907470703 0.132232666015625 0.158645629882813
0.0111846923828125 -0.00536918640136719 -0.040985107421875 -0.16400146484375
0.0179290771484375 0.0225238800048828 0.236663818359375 -0.156890869140625
0.0153617858886719 0.0322380065917969 0.461456298828125 0.065032958984375
-0.0127487182617187 0.0184478759765625 0.430023193359375 0.485107421875
-0.0476760864257812 -0.0309486389160156 -0.1614990234375 0.76800537109375
0.0128250122070312 -0.0575675964355469 -0.74090576171875 0.5550537109375
0.0988006591796875 0.0114593505859375 -0.62030029296875 0.0726318359375
0.129005432128906 0.0551605224609375 0.161392211914063 0.103363037109375
0.0933609008789063 -0.0103836059570313 0.8414306640625 -0.18267822265625
0.0234451293945313 -0.0425567626953125 0.55908203125 -0.79449462890625
-0.0224246978759766 -0.0244884490966797 -0.2613525390625 -0.75872802734375
-0.0246219635009766 -0.00623130798339844 -0.586181640625 -0.192138671875
0.00416183471679688 0.0111284255981445 -0.4361572265625 0.1279296875
0.0207958221435547 0.00874900817871094 -0.101791381835937 0.218887329101563
0.0109071731567383 0.000396728515625 0.13232421875 0.16107177734375
0.00926017761230469 -0.00547695159912109 -0.0453948974609375 -0.159820556640625
0.015899658203125 0.0215663909912109 0.229644775390625 -0.161880493164063
0.0134677886962891 0.0314235687255859 0.459228515625 0.050140380859375
-0.0146007537841797 0.0179386138916016 0.445159912109375 0.465087890625
-0.0459480285644531 -0.033782958984375 -0.1290283203125 0.7677001953125
0.0250701904296875 -0.0639572143554688 -0.71771240234375 0.57708740234375
0.125762939453125 0.00748443603515625 -0.63470458984375 0.0836181640625
0.160293579101562 0.0642547607421875 0.133918762207031 0.0966415405273437
0.118904113769531 -0.00922393798828125 0.83367919921875 -0.15911865234375
0.0366630554199219 -0.0497627258300781 0.5863037109375 -0.77825927734375
-0.0198650360107422 -0.0325660705566406 -0.23675537109375 -0.77276611328125
-0.0293693542480469 -0.0111465454101562 -0.58343505859375 -0.21502685546875
0.000779151916503907 0.0102977752685547 -0.445068359375 0.114898681640625
0.019744873046875 0.00948333740234375 -0.108688354492187 0.218414306640625
0.0109596252441406 0.00266933441162109 0.130538940429688 0.161270141601563
0.0263195037841797 -0.0200958251953125 -0.0675506591796875 -0.163970947265625
0.0372161865234375 0.0056610107421875 0.208953857421875 -0.195114135742188
0.0368194580078125 0.0319976806640625 0.460601806640625 -0.024993896484375
0.0115242004394531 0.0491256713867188 0.529571533203125 0.358551025390625
-0.0566329956054688 0.0293006896972656 0.0308837890625 0.74957275390625
-0.0742721557617188 -0.0142593383789062 -0.60992431640625 0.685791015625
-0.0513877868652344 -0.00492095947265625 -0.69281005859375 0.16876220703125
-0.0262928009033203 0.00029373168945312 0.0174026489257812 0.09002685546875
-0.0237560272216797 -0.00258445739746094 0.815673828125 -0.0316162109375
-0.0371322631835938 0.00129699707031251 0.73236083984375 -0.68463134765625
-0.031768798828125 0.0153274536132813 -0.0963134765624999 -0.8428955078125
-0.00391769409179687 0.0126504898071289 -0.553466796875 -0.3179931640625
0.0196533203125 0.0167179107666016 -0.46673583984375 0.06036376953125
0.0371627807617188 0.00453948974609375 -0.1356201171875 0.212631225585937
0.0194416046142578 -0.0123138427734375 0.115005493164063 0.16754150390625
0.0255851745605469 -0.0183868408203125 -0.0598297119140625 -0.166427612304688
0.0351333618164063 0.00864028930664063 0.220443725585937 -0.185623168945312
0.0369071960449219 0.0340957641601563 0.4666748046875 -0.003265380859375
0.00711441040039062 0.0499343872070313 0.50836181640625 0.39727783203125
-0.0595664978027344 0.022369384765625 -0.022705078125 0.7603759765625
-0.0742950439453125 -0.0163726806640625 -0.651123046875 0.64947509765625
-0.0528373718261719 -0.00514602661132813 -0.67425537109375 0.13995361328125
-0.0299148559570313 0.00166893005371094 0.065338134765625 0.0998306274414063
-0.0259437561035156 -0.00212287902832032 0.83056640625 -0.07635498046875
-0.0372848510742188 -0.000373840332031249 0.6776123046875 -0.72406005859375
-0.0298805236816406 0.015380859375 -0.15802001953125 -0.8197021484375
-0.00415706634521484 0.0104179382324219 -0.56854248046875 -0.27642822265625
0.0205821990966797 0.0130538940429687 -0.458770751953125 0.086944580078125
0.0365676879882813 0.00406646728515625 -0.12451171875 0.217010498046875
0.0175142288208008 -0.011871337890625 0.118316650390625 0.166961669921875
0.0227279663085938 -0.0162372589111328 -0.052001953125 -0.16864013671875
0.0316028594970703 0.0132389068603516 0.232192993164062 -0.177947998046875
0.0344314575195313 0.0361366271972656 0.470001220703125 0.024566650390625
0.00284576416015625 0.0453987121582031 0.4852294921875 0.435760498046875
-0.0616378784179687 0.0129280090332031 -0.0805053710937501 0.7681884765625
-0.0667381286621094 -0.0256919860839844 -0.69317626953125 0.61419677734375
-0.0375709533691406 -0.00312423706054687 -0.65576171875 0.11395263671875
-0.0165243148803711 0.00570297241210937 0.111930847167969 0.107376098632812
-0.0143280029296875 -0.00445270538330078 0.84405517578125 -0.12408447265625
-0.0313663482666016 -0.00383567810058593 0.6229248046875 -0.76177978515625
-0.0296916961669922 0.0118179321289063 -0.21160888671875 -0.79412841796875
-0.00473976135253907 0.00945091247558594 -0.57940673828125 -0.2374267578125
0.0206966400146484 0.0119838714599609 -0.447418212890625 0.108978271484375
0.0311927795410156 0.00455856323242188 -0.111526489257813 0.220245361328125
0.0144939422607422 -0.00965690612792969 0.124359130859375 0.165328979492188
0.0197963714599609 -0.0133075714111328 -0.045806884765625 -0.168853759765625
0.0276870727539063 0.0175342559814453 0.240585327148438 -0.166580200195313
0.0296249389648438 0.03790283203125 0.473175048828125 0.0457763671875
-0.00185394287109375 0.0399513244628906 0.4595947265625 0.465301513671875
-0.0607376098632812 0.000694274902343758 -0.1265869140625 0.77471923828125
-0.0499000549316406 -0.0320205688476562 -0.7254638671875 0.5819091796875
-0.00865983963012695 -0.000442504882812502 -0.63726806640625 0.0925903320312501
0.0125923156738281 0.0170192718505859 0.148605346679688 0.111541748046875
0.00641727447509766 -0.00790739059448242 0.8492431640625 -0.162353515625
-0.0211830139160156 -0.0122509002685547 0.58258056640625 -0.79107666015625
-0.0256614685058594 0.00397491455078125 -0.2481689453125 -0.774169921875
-0.00767040252685547 0.00524234771728516 -0.58441162109375 -0.20501708984375
0.0170574188232422 0.0117616653442383 -0.439605712890625 0.122772216796875
0.0302028656005859 0.00425910949707031 -0.102157592773437 0.222305297851563
0.0136957168579102 -0.00704479217529297 0.129196166992188 0.161163330078125
0.0147504806518555 -0.0111207962036133 -0.0416259765625 -0.167144775390625
0.0228080749511719 0.0191688537597656 0.243667602539063 -0.1630859375
0.0243721008300781 0.0362014770507813 0.473175048828125 0.0609130859375
-0.007171630859375 0.0322246551513672 0.443389892578125 0.485687255859375
-0.0579719543457031 -0.0122947692871094 -0.15869140625 0.779296875
-0.02789306640625 -0.0416946411132813 -0.7470703125 0.5648193359375
0.0266380310058594 0.00493431091308594 -0.62579345703125 0.0790405273437499
0.0501899719238281 0.0308837890625 0.169326782226563 0.112258911132813
0.035186767578125 -0.00858688354492187 0.85467529296875 -0.1885986328125
-0.00579643249511719 -0.0223560333251953 0.55572509765625 -0.804443359375
-0.0259742736816406 -0.00552749633789062 -0.27239990234375 -0.7618408203125
-0.0141315460205078 0.00155162811279297 -0.5926513671875 -0.186767578125
0.0133705139160156 0.010101318359375 -0.4344482421875 0.135467529296875
0.0259647369384766 0.005950927734375 -0.100357055664063 0.221298217773438
0.0125541687011719 -0.00537204742431641 0.133087158203125 0.161529541015625
0.0137395858764648 -0.00755405426025391 -0.040374755859375 -0.16595458984375
0.0210285186767578 0.0209331512451172 0.242904663085938 -0.160354614257813
0.0193214416503906 0.0349292755126953 0.471466064453125 0.0643310546875
-0.0104045867919922 0.0248069763183594 0.435333251953125 0.4923095703125
-0.0535888671875 -0.0229721069335937 -0.16912841796875 0.7794189453125
-0.00806808471679687 -0.0485267639160156 -0.75311279296875 0.56072998046875
0.0650100708007813 0.00920867919921875 -0.62359619140625 0.0745239257812499
0.0903778076171875 0.0430374145507813 0.175872802734375 0.108123779296875
0.0646209716796875 -0.0100631713867188 0.85400390625 -0.196044921875
0.00696563720703125 -0.0314731597900391 0.54718017578125 -0.8109130859375
-0.0242385864257813 -0.0140609741210937 -0.2818603515625 -0.75628662109375
-0.0188140869140625 -0.00273513793945312 -0.59381103515625 -0.1829833984375
0.00689697265625 0.0122127532958984 -0.436187744140625 0.13873291015625
0.022735595703125 0.00813865661621094 -0.0975189208984375 0.223968505859375
0.0105819702148438 -0.00172328948974609 0.136260986328125 0.16094970703125
0.00889110565185547 -0.00611591339111328 -0.0423583984375 -0.165176391601563
0.0174312591552734 0.0215549468994141 0.238662719726563 -0.15997314453125
0.0167598724365234 0.0322036743164063 0.467681884765625 0.061248779296875
-0.0156955718994141 0.0197906494140625 0.441131591796875 0.4842529296875
-0.0496559143066406 -0.0310745239257812 -0.15960693359375 0.7779541015625
0.0127372741699219 -0.0573348999023438 -0.74676513671875 0.56781005859375
0.099884033203125 0.0102767944335938 -0.62939453125 0.0759277343749999
0.129257202148438 0.0528945922851563 0.16094970703125 0.103057861328125
0.0935592651367187 -0.0110092163085937 0.84735107421875 -0.1881103515625
0.0228919982910156 -0.0435981750488281 0.5594482421875 -0.80517578125
-0.0221080780029297 -0.0258312225341797 -0.27032470703125 -0.7642822265625
-0.0252780914306641 -0.00620651245117187 -0.5926513671875 -0.18914794921875
0.00257968902587891 0.0107498168945313 -0.44256591796875 0.13458251953125
0.0209980010986328 0.0084228515625 -0.100845336914063 0.221023559570312
0.0108261108398438 0.000983238220214844 0.135528564453125 0.160598754882813
0.00919628143310547 -0.00519561767578125 -0.046478271484375 -0.1650390625
0.0163555145263672 0.0220603942871094 0.231231689453125 -0.164306640625
0.0144519805908203 0.0310878753662109 0.465667724609375 0.04827880859375
-0.0136566162109375 0.0181083679199219 0.453277587890625 0.468475341796875
-0.0470428466796875 -0.0341758728027344 -0.1285400390625 0.7769775390625
0.0237998962402344 -0.0631980895996094 -0.722900390625 0.59136962890625
0.127784729003906 0.0076904296875 -0.64093017578125 0.0885620117187499
0.162567138671875 0.0643310546875 0.135482788085938 0.0954437255859375
0.120277404785156 -0.00832366943359375 0.84130859375 -0.16510009765625
0.037017822265625 -0.0505218505859375 0.5904541015625 -0.789306640625
-0.0200538635253906 -0.0334739685058594 -0.24578857421875 -0.7806396484375
-0.0297012329101563 -0.0105190277099609 -0.5938720703125 -0.2122802734375
-0.00209522247314453 0.0107507705688477 -0.4512939453125 0.121337890625
0.0193672180175781 0.00901985168457031 -0.109359741210937 0.22308349609375
0.0123510360717773 0.000852584838867188 0.133041381835938 0.164154052734375
0.0248184204101562 -0.0210227966308594 -0.0698699951171875 -0.166656494140625
0.0358619689941406 0.0068817138671875 0.209503173828125 -0.19842529296875
0.0405387878417969 0.0317039489746094 0.468414306640625 -0.031341552734375
0.0124626159667969 0.0489425659179688 0.539764404296875 0.357330322265625
-0.0573692321777344 0.0283317565917969 0.03704833984375 0.75909423828125
-0.0751113891601563 -0.0119094848632812 -0.609375 0.69866943359375
-0.05169677734375 -0.00572586059570312 -0.69866943359375 0.1773681640625
-0.0279331207275391 0.000581741333007812 0.0157470703125 0.0908660888671875
-0.0234870910644531 -0.00219535827636719 0.8221435546875 -0.038330078125
-0.0370597839355469 0.000358581542968745 0.73345947265625 -0.695556640625
-0.03076171875 0.0154991149902344 -0.10589599609375 -0.84942626953125
-0.00541019439697266 0.012019157409668 -0.5633544921875 -0.3148193359375
0.0192813873291016 0.0157051086425781 -0.473785400390625 0.0657653808593749
0.0365676879882812 0.00370025634765625 -0.134384155273437 0.216354370117188
0.0213966369628906 -0.0142192840576172 0.118972778320313 0.168121337890625
0.0252590179443359 -0.0193595886230469 -0.0618896484375 -0.168319702148437
0.0350780487060547 0.00747299194335937 0.222137451171875 -0.191314697265625
0.0389862060546875 0.0335655212402344 0.474578857421875 -0.00628662109375
0.0105781555175781 0.0479736328125 0.5169677734375 0.396942138671875
-0.0613784790039063 0.0246734619140625 -0.01690673828125 0.7703857421875
-0.075531005859375 -0.0158920288085937 -0.65570068359375 0.66229248046875
-0.0533370971679687 -0.00513839721679687 -0.683349609375 0.14691162109375
-0.0308399200439453 0.00107002258300781 0.0654449462890625 0.0992965698242188
-0.0258579254150391 -0.00396537780761719 0.83807373046875 -0.0838623046875
-0.0395126342773438 0.00133132934570313 0.67730712890625 -0.74066162109375
-0.0297927856445312 0.0157699584960938 -0.16815185546875 -0.82403564453125
-0.00437545776367187 0.00928211212158203 -0.57818603515625 -0.27166748046875
0.0197582244873047 0.0144805908203125 -0.46270751953125 0.0928649902343751
0.0347385406494141 0.00359153747558594 -0.121917724609375 0.22052001953125
0.0175399780273438 -0.0132808685302734 0.121795654296875 0.169052124023438
0.0237960815429688 -0.016387939453125 -0.0533294677734375 -0.169937133789063
0.0328693389892578 0.0131511688232422 0.233200073242187 -0.183731079101562
0.0354766845703125 0.0362968444824219 0.47723388671875 0.019073486328125
0.0050811767578125 0.0440025329589844 0.493438720703125 0.434295654296875
-0.0616416931152344 0.0131721496582031 -0.07421875 0.77825927734375
-0.0670318603515625 -0.0223388671875 -0.695556640625 0.62677001953125
-0.0374221801757813 -0.00392913818359376 -0.66290283203125 0.12017822265625
-0.0164241790771484 0.00658035278320313 0.11285400390625 0.105812072753906
-0.0155811309814453 -0.00365924835205078 0.85107421875 -0.131103515625
-0.0325183868408203 -0.00262832641601563 0.62139892578125 -0.77783203125
-0.0280513763427734 0.0125827789306641 -0.22161865234375 -0.8021240234375
-0.00573492050170898 0.00867700576782227 -0.587646484375 -0.23260498046875
0.0196819305419922 0.0136528015136719 -0.452880859375 0.116241455078125
0.032012939453125 0.00441169738769531 -0.111968994140625 0.223709106445313
0.0167760848999023 -0.010951042175293 0.126449584960937 0.16766357421875
0.0191745758056641 -0.0139961242675781 -0.04766845703125 -0.169921875
0.0277290344238281 0.0164680480957031 0.241073608398437 -0.173309326171875
0.0314407348632813 0.0363883972167969 0.47943115234375 0.040924072265625
-0.00178909301757813 0.0390739440917969 0.4688720703125 0.465789794921875
-0.0621261596679688 0.000793457031249988 -0.1234130859375 0.784423828125
-0.0499534606933594 -0.0322608947753906 -0.72900390625 0.59600830078125
-0.0108251571655273 -0.000455856323242188 -0.6448974609375 0.0982055664062501
0.0135612487792969 0.0170488357543945 0.148544311523438 0.110565185546875
0.00633001327514649 -0.00553750991821289 0.8582763671875 -0.171142578125
-0.0223350524902344 -0.0118274688720703 0.58001708984375 -0.80242919921875
-0.0266666412353516 0.00629234313964843 -0.2623291015625 -0.78118896484375
-0.00833797454833984 0.00572919845581055 -0.59442138671875 -0.200439453125
0.0168952941894531 0.0112705230712891 -0.445098876953125 0.132415771484375
0.0292453765869141 0.00332450866699219 -0.102005004882812 0.225677490234375
0.0137844085693359 -0.00779247283935547 0.132659912109375 0.1634521484375
0.0159692764282227 -0.00978851318359375 -0.0435028076171875 -0.169403076171875
0.0242290496826172 0.0194015502929687 0.245635986328125 -0.167495727539062
0.024993896484375 0.0353965759277344 0.4788818359375 0.05633544921875
-0.00497817993164062 0.0323009490966797 0.45208740234375 0.486297607421875
-0.0579109191894531 -0.0099639892578125 -0.1546630859375 0.7901611328125
-0.0282821655273438 -0.0409278869628906 -0.74945068359375 0.5765380859375
0.0257511138916016 0.00436019897460938 -0.63275146484375 0.08489990234375
0.0504875183105469 0.0286216735839844 0.1712646484375 0.111572265625
0.0335197448730469 -0.00743865966796875 0.8614501953125 -0.19561767578125
-0.00756263732910156 -0.0224037170410156 0.55419921875 -0.81988525390625
-0.0263938903808594 -0.00412559509277344 -0.28411865234375 -0.76776123046875
-0.0137033462524414 0.00127792358398438 -0.60113525390625 -0.1832275390625
0.0121126174926758 0.0125284194946289 -0.4384765625 0.14239501953125
0.0259227752685547 0.0042724609375 -0.0974884033203125 0.2255859375
0.012852668762207 -0.00620841979980469 0.136566162109375 0.162277221679688
0.0129823684692383 -0.00771808624267578 -0.04107666015625 -0.169586181640625
0.0205459594726563 0.0213394165039063 0.245925903320313 -0.164443969726563
0.0213088989257813 0.0344924926757813 0.476165771484375 0.061187744140625
-0.01116943359375 0.0255241394042969 0.44378662109375 0.4925537109375
-0.0546493530273438 -0.0218582153320312 -0.1654052734375 0.78955078125
-0.00640869140625 -0.0500984191894531 -0.75555419921875 0.57391357421875
0.0658493041992188 0.00945663452148437 -0.62957763671875 0.079345703125
0.090911865234375 0.0422744750976563 0.17694091796875 0.108474731445313
0.0653839111328125 -0.0110321044921875 0.859375 -0.20660400390625
0.0077972412109375 -0.0328731536865234 0.54473876953125 -0.8275146484375
-0.023712158203125 -0.0153255462646484 -0.291748046875 -0.7626953125
-0.0206718444824219 -0.00128746032714844 -0.60400390625 -0.17694091796875
0.00868988037109375 0.0121135711669922 -0.4398193359375 0.145355224609375
0.0233650207519531 0.00730323791503906 -0.0967254638671875 0.2261962890625
0.0124502182006836 -0.00221824645996094 0.138702392578125 0.161727905273438
0.00857639312744141 -0.00710439682006836 -0.043243408203125 -0.169815063476563
0.0170173645019531 0.0231418609619141 0.241317749023438 -0.165267944335938
0.0170516967773438 0.0317516326904297 0.47540283203125 0.056488037109375
-0.0141391754150391 0.0193119049072266 0.447509765625 0.4869384765625
-0.0500640869140625 -0.0296134948730469 -0.15447998046875 0.79046630859375
0.0121879577636719 -0.0574455261230469 -0.751708984375 0.57928466796875
0.102493286132812 0.00974273681640625 -0.63555908203125 0.0809326171874999
0.129486083984375 0.0538787841796875 0.16461181640625 0.101242065429688
0.0944747924804688 -0.0102691650390625 0.85516357421875 -0.1956787109375
0.0223197937011719 -0.0426788330078125 0.55743408203125 -0.81890869140625
-0.0241146087646484 -0.0254878997802734 -0.28253173828125 -0.771728515625
-0.0254344940185547 -0.00696754455566407 -0.60369873046875 -0.18414306640625
0.00243759155273438 0.0110044479370117 -0.446197509765625 0.138275146484375
0.0193614959716797 0.00873565673828125 -0.1021728515625 0.227005004882813
0.0112390518188477 0.000454902648925781 0.14019775390625 0.162872314453125
0.00828313827514648 -0.00378036499023438 -0.0480804443359375 -0.166763305664062
0.0173454284667969 0.0226345062255859 0.232025146484375 -0.170669555664063
0.0155506134033203 0.0327110290527344 0.469024658203125 0.0433349609375
-0.0148963928222656 0.0174312591552734 0.46435546875 0.468353271484375
-0.0480918884277344 -0.0344963073730469 -0.1219482421875 0.7889404296875
0.0232276916503906 -0.0651168823242188 -0.72705078125 0.60382080078125
0.128692626953125 0.00724029541015625 -0.6485595703125 0.0946655273437501
0.163818359375 0.0642547607421875 0.1348876953125 0.0955581665039062
0.120414733886719 -0.00966644287109375 0.84576416015625 -0.1739501953125
0.0358543395996094 -0.0501251220703125 0.588134765625 -0.802490234375
-0.0202217102050781 -0.0330810546875 -0.25616455078125 -0.78509521484375
-0.0310478210449219 -0.0102596282958984 -0.60137939453125 -0.209228515625
-0.00185394287109375 0.0114068984985352 -0.455413818359375 0.126007080078125
0.0196056365966797 0.00902938842773438 -0.11016845703125 0.22674560546875
0.0114574432373047 0.00158405303955078 0.136077880859375 0.165725708007813
0.0251922607421875 -0.0215263366699219 -0.071380615234375 -0.168548583984375
0.0360984802246094 0.00476837158203125 0.209808349609375 -0.203231811523438
0.0417137145996094 0.0312080383300781 0.47137451171875 -0.039093017578125
0.0154914855957031 0.0489616394042969 0.547393798828125 0.352783203125
-0.0579414367675781 0.0311965942382812 0.04754638671875 0.7662353515625
-0.0782012939453125 -0.0103530883789063 -0.60760498046875 0.71246337890625
-0.0518035888671875 -0.00529479980468749 -0.70611572265625 0.1859130859375
-0.0282039642333984 0.000724792480468756 0.0160980224609375 0.0907440185546875
-0.0250530242919922 -0.00107192993164063 0.82855224609375 -0.04705810546875
-0.0387382507324219 0.00323867797851563 0.732421875 -0.7142333984375
-0.0292091369628906 0.0146942138671875 -0.11767578125 -0.85833740234375
-0.00618743896484375 0.012761116027832 -0.57476806640625 -0.310302734375
0.0192432403564453 0.0168418884277344 -0.477081298828125 0.07421875
0.0357398986816406 0.0049285888671875 -0.134185791015625 0.219223022460938
0.0208301544189453 -0.014129638671875 0.121673583984375 0.170913696289063
0.0255355834960938 -0.0201854705810547 -0.0633087158203125 -0.170822143554688
0.035552978515625 0.00874710083007813 0.2230224609375 -0.196746826171875
0.03936767578125 0.0347366333007813 0.478302001953125 -0.013519287109375
0.010589599609375 0.0470657348632813 0.529205322265625 0.394805908203125
-0.0617752075195313 0.024200439453125 -0.00830078125000008 0.7794189453125
-0.0771636962890625 -0.01275634765625 -0.651611328125 0.67486572265625
-0.0538864135742187 -0.00412750244140626 -0.68695068359375 0.15570068359375
-0.0321063995361328 8.01086425781231E-05 0.0651016235351563 0.0992584228515625
-0.0269336700439453 -0.00306892395019532 0.84515380859375 -0.09368896484375
-0.0383186340332031 0.00139236450195313 0.6768798828125 -0.754150390625
-0.0297222137451172 0.0168724060058594 -0.17889404296875 -0.833251953125
-0.00437736511230469 0.0109224319458008 -0.587646484375 -0.26690673828125
0.0202178955078125 0.0144901275634766 -0.4658203125 0.0977172851562501
0.0347518920898438 0.00254249572753906 -0.123382568359375 0.223968505859375
0.0195293426513672 -0.0128879547119141 0.1263427734375 0.169815063476563
0.0224819183349609 -0.0169334411621094 -0.05657958984375 -0.171096801757813
0.0320568084716797 0.0134468078613281 0.234375 -0.188125610351563
0.035797119140625 0.0351371765136719 0.482147216796875 0.012176513671875
0.00577926635742187 0.045013427734375 0.50286865234375 0.432281494140625
-0.0635795593261719 0.0135307312011719 -0.06732177734375 0.7879638671875
-0.0669288635253906 -0.022552490234375 -0.696044921875 0.64166259765625
-0.0384140014648438 -0.00392532348632813 -0.66815185546875 0.128662109375
-0.0164642333984375 0.00681400299072265 0.114677429199219 0.106613159179687
-0.0164241790771484 -0.00409412384033203 0.8563232421875 -0.1435546875
-0.0310764312744141 -0.002685546875 0.619140625 -0.7891845703125
-0.0280094146728516 0.0126724243164063 -0.23370361328125 -0.8077392578125
-0.00570964813232422 0.00896739959716797 -0.597412109375 -0.226806640625
0.0193424224853516 0.0135765075683594 -0.45562744140625 0.1239013671875
0.0321807861328125 0.002288818359375 -0.109848022460938 0.228713989257812
0.0154962539672852 -0.0118207931518555 0.129653930664062 0.16943359375
0.0200557708740234 -0.0153827667236328 -0.0486297607421875 -0.172561645507812
0.0282268524169922 0.0162467956542969 0.242645263671875 -0.178482055664063
0.0318717956542969 0.035430908203125 0.485443115234375 0.036651611328125
0.000339508056640625 0.039886474609375 0.4769287109375 0.465850830078125
-0.0631294250488281 0.00243759155273439 -0.116455078125 0.795166015625
-0.0513458251953125 -0.0308380126953125 -0.72998046875 0.61041259765625
-0.00968074798583984 0.000487327575683595 -0.64794921875 0.10540771484375
0.0125608444213867 0.0162267684936523 0.150650024414063 0.1107177734375
0.00604772567749023 -0.00547361373901367 0.86395263671875 -0.18072509765625
-0.0222377777099609 -0.0102977752685547 0.57684326171875 -0.8197021484375
-0.0275135040283203 0.00446128845214843 -0.2763671875 -0.785888671875
-0.00996685028076172 0.00520229339599609 -0.60455322265625 -0.19512939453125
0.0179882049560547 0.0123748779296875 -0.447662353515625 0.141082763671875
0.0295333862304688 0.003387451171875 -0.101470947265625 0.230514526367188
0.0156888961791992 -0.0111818313598633 0.137435913085938 0.166213989257812
0.0144548416137695 -0.0113115310668945 -0.046173095703125 -0.17041015625
0.0240840911865234 0.0196475982666016 0.246368408203125 -0.171463012695313
0.0264205932617188 0.0360755920410156 0.48468017578125 0.050079345703125
-0.00599479675292969 0.0304679870605469 0.46075439453125 0.485076904296875
-0.0604515075683594 -0.0106964111328125 -0.1475830078125 0.80120849609375
-0.0293197631835938 -0.0392723083496094 -0.75128173828125 0.59332275390625
0.02685546875 0.0041351318359375 -0.63897705078125 0.09222412109375
0.0507087707519531 0.028472900390625 0.17218017578125 0.111373901367188
0.0331535339355469 -0.00781059265136719 0.8660888671875 -0.2064208984375
-0.00804901123046875 -0.0202903747558594 0.55035400390625 -0.83514404296875
-0.0265903472900391 -0.00508689880371094 -0.298828125 -0.77142333984375
-0.0163059234619141 0.000112533569335938 -0.60662841796875 -0.17596435546875
0.0123186111450195 0.0125331878662109 -0.442169189453125 0.149200439453125
0.0265312194824219 0.00423049926757813 -0.0965118408203125 0.232040405273437
0.0122718811035156 -0.00727939605712891 0.140243530273438 0.163040161132813
0.0128545761108398 -0.0085763931274414 -0.0435638427734375 -0.17120361328125
0.0210475921630859 0.0218906402587891 0.247116088867187 -0.17120361328125
0.0230712890625 0.0355110168457031 0.482940673828125 0.0552978515625
-0.00953483581542969 0.0225944519042969 0.453948974609375 0.49365234375
-0.0554237365722656 -0.0209388732910156 -0.15789794921875 0.80316162109375
-0.00828170776367187 -0.0490989685058594 -0.7593994140625 0.58807373046875
0.0659599304199219 0.00730133056640625 -0.63604736328125 0.0874023437500001
0.0916213989257813 0.0418548583984375 0.178329467773438 0.107635498046875
0.0644111633300781 -0.0104255676269531 0.86480712890625 -0.2164306640625
0.00649642944335937 -0.0323505401611328 0.5400390625 -0.84033203125
-0.0259532928466797 -0.0149955749511719 -0.30694580078125 -0.76837158203125
-0.0214328765869141 -0.00180244445800781 -0.611328125 -0.1705322265625
0.00611686706542969 0.0111417770385742 -0.443267822265625 0.1514892578125
0.0233192443847656 0.00717735290527344 -0.096405029296875 0.230712890625
0.0124683380126953 -0.00362586975097656 0.1448974609375 0.162673950195313
0.00933265686035156 -0.00561904907226563 -0.0462799072265625 -0.169281005859375
0.0188140869140625 0.0234317779541016 0.243118286132813 -0.169891357421875
0.0183525085449219 0.032073974609375 0.481231689453125 0.050567626953125
-0.0126190185546875 0.0201587677001953 0.4588623046875 0.486328125
-0.0511131286621094 -0.0294876098632813 -0.14642333984375 0.80316162109375
0.0106315612792969 -0.0570526123046875 -0.751220703125 0.5987548828125
0.102195739746094 0.008209228515625 -0.64044189453125 0.08990478515625
0.13055419921875 0.0521469116210937 0.166122436523437 0.101211547851562
0.0946807861328125 -0.0120468139648437 0.86077880859375 -0.2073974609375
0.0208206176757813 -0.042755126953125 0.55572509765625 -0.8343505859375
-0.0236415863037109 -0.0256462097167969 -0.29266357421875 -0.77606201171875
-0.0255527496337891 -0.00698471069335938 -0.61260986328125 -0.18023681640625
0.00216293334960938 0.0124893188476563 -0.44866943359375 0.147674560546875
0.0212211608886719 0.00783729553222656 -0.0996856689453125 0.231948852539063
0.0118904113769531 -0.000842094421386719 0.142852783203125 0.162887573242188
0.00930500030517578 -0.00460720062255859 -0.0496063232421875 -0.169876098632813
0.0168209075927734 0.0229682922363281 0.23577880859375 -0.17559814453125
0.0161533355712891 0.0319938659667969 0.47576904296875 0.036224365234375
-0.0141324996948242 0.0169486999511719 0.47540283203125 0.466156005859375
-0.0492744445800781 -0.0336990356445313 -0.1143798828125 0.80108642578125
0.0223960876464844 -0.0639991760253906 -0.72735595703125 0.6197509765625
0.130119323730469 0.0048065185546875 -0.65533447265625 0.10205078125
0.164642333984375 0.0605316162109375 0.136932373046875 0.093719482421875
0.122215270996094 -0.0094451904296875 0.85504150390625 -0.185302734375
0.0358543395996094 -0.0504341125488281 0.5836181640625 -0.81976318359375
-0.020904541015625 -0.0349693298339844 -0.26885986328125 -0.79095458984375
-0.0310554504394531 -0.0104904174804688 -0.611328125 -0.20263671875
-0.00259208679199219 0.0120792388916016 -0.4586181640625 0.134613037109375
0.0186195373535156 0.00906753540039062 -0.1094970703125 0.22900390625
0.0120115280151367 0.000883102416992188 0.140533447265625 0.164932250976563
0.0257034301757812 -0.0221462249755859 -0.0738525390625 -0.168853759765625
0.0379066467285156 0.00405120849609375 0.208358764648437 -0.209442138671875
0.0410652160644531 0.0316352844238281 0.477142333984375 -0.04779052734375
0.0155296325683594 0.0489387512207031 0.558258056640625 0.34857177734375
-0.0590476989746094 0.0322113037109375 0.0589599609375 0.773193359375
-0.07708740234375 -0.00873565673828125 -0.60491943359375 0.728515625
-0.0524787902832031 -0.00460815429687499 -0.71099853515625 0.19708251953125
-0.029022216796875 -0.00158882141113281 0.0179367065429688 0.0903244018554688
-0.0259685516357422 -0.00131797790527343 0.83526611328125 -0.05841064453125
-0.0381126403808594 0.00365829467773438 0.72747802734375 -0.72930908203125
-0.0315113067626953 0.0150337219238281 -0.132080078125 -0.863525390625
-0.00655078887939453 0.0121793746948242 -0.58612060546875 -0.30548095703125
0.0191841125488281 0.0163173675537109 -0.481353759765625 0.0819702148437501
0.0362319946289062 0.00269317626953125 -0.13360595703125 0.22491455078125
0.0211257934570313 -0.0154743194580078 0.126007080078125 0.16937255859375
0.0249137878417969 -0.0213489532470703 -0.065338134765625 -0.172164916992188
0.0357704162597656 0.00939178466796875 0.22216796875 -0.201583862304688
0.0427589416503906 0.0326690673828125 0.484527587890625 -0.0220947265625
0.0120277404785156 0.0486068725585937 0.538116455078125 0.386444091796875
-0.062652587890625 0.0256767272949219 0.0020751953125 0.78759765625
-0.0758895874023438 -0.012359619140625 -0.64801025390625 0.69366455078125
-0.0538864135742187 -0.00503921508789063 -0.69110107421875 0.16754150390625
-0.0312137603759766 0.000848770141601567 0.0670700073242187 0.098358154296875
-0.0272121429443359 -0.00226974487304688 0.84918212890625 -0.1055908203125
-0.03973388671875 0.00358963012695313 0.6700439453125 -0.77056884765625
-0.0292835235595703 0.0176868438720703 -0.1929931640625 -0.83843994140625
-0.00540542602539063 0.0117473602294922 -0.60003662109375 -0.26202392578125
0.0200424194335938 0.0150699615478516 -0.469268798828125 0.107421875
0.0359992980957031 0.00133132934570312 -0.121124267578125 0.22894287109375
0.0186367034912109 -0.0151157379150391 0.130844116210938 0.169601440429688
0.0218105316162109 -0.017547607421875 -0.0573272705078125 -0.17364501953125
0.0326690673828125 0.0132083892822266 0.233322143554688 -0.194061279296875
0.0392227172851563 0.0335617065429688 0.488525390625 0.003509521484375
0.006683349609375 0.0440444946289063 0.5133056640625 0.427215576171875
-0.0644340515136719 0.0154838562011719 -0.0589599609375001 0.798828125
-0.0695114135742188 -0.0188217163085938 -0.69342041015625 0.659423828125
-0.0380325317382813 -0.00247955322265624 -0.67315673828125 0.1363525390625
-0.0174112319946289 0.00512218475341797 0.11492919921875 0.104713439941406
-0.0150051116943359 -0.00380325317382812 0.860595703125 -0.15496826171875
-0.0335292816162109 -0.00123023986816406 0.61468505859375 -0.80657958984375
-0.0288295745849609 0.0118923187255859 -0.24908447265625 -0.80999755859375
-0.00624465942382813 0.00894355773925781 -0.60736083984375 -0.21966552734375
0.0189495086669922 0.0132427215576172 -0.458465576171875 0.131011962890625
0.0330982208251953 0.00390052795410156 -0.109710693359375 0.234466552734375
0.0153417587280273 -0.0131187438964844 0.135589599609375 0.169326782226563
0.0201396942138672 -0.0146331787109375 -0.05078125 -0.17376708984375
0.0285987854003906 0.0171680450439453 0.242813110351563 -0.18414306640625
0.0347442626953125 0.0357398986816406 0.490753173828125 0.028228759765625
0.000728607177734377 0.0378913879394531 0.490966796875 0.46099853515625
-0.0641441345214844 0.00400161743164063 -0.1082763671875 0.80572509765625
-0.0519866943359375 -0.0286712646484375 -0.728759765625 0.6285400390625
-0.0110721588134766 -0.00110912322998047 -0.6558837890625 0.1170654296875
0.0124521255493164 0.0172157287597656 0.152008056640625 0.109024047851562
0.00420808792114258 -0.00575160980224609 0.8648681640625 -0.19561767578125
-0.0221061706542969 -0.00898551940917968 0.56951904296875 -0.83367919921875
-0.0270729064941406 0.00521659851074219 -0.2890625 -0.78924560546875
-0.00961208343505859 0.00576210021972656 -0.61395263671875 -0.18927001953125
0.0170621871948242 0.0111894607543945 -0.448577880859375 0.14959716796875
0.0284137725830078 0.00355911254882812 -0.100265502929688 0.234664916992188
0.0151557922363281 -0.0109367370605469 0.140579223632813 0.165176391601563
0.0157222747802734 -0.0111637115478516 -0.047332763671875 -0.172439575195313
0.0248756408691406 0.0198020935058594 0.247085571289063 -0.178115844726563
0.0284194946289063 0.0355339050292969 0.491455078125 0.043243408203125
-0.00417518615722657 0.0310592651367188 0.47357177734375 0.483001708984375
-0.0599403381347656 -0.00969696044921876 -0.1387939453125 0.810302734375
-0.0301933288574219 -0.0386924743652344 -0.7496337890625 0.610595703125
0.0273017883300781 0.00277137756347656 -0.64361572265625 0.1019287109375
0.0496673583984375 0.0287971496582031 0.173355102539063 0.109237670898438
0.0332622528076172 -0.0081634521484375 0.87017822265625 -0.21990966796875
-0.00872802734375 -0.0206546783447266 0.54364013671875 -0.84857177734375
-0.0259838104248047 -0.00448036193847657 -0.31072998046875 -0.77532958984375
-0.015995979309082 0.00186443328857422 -0.61822509765625 -0.16796875
0.0117769241333008 0.0116281509399414 -0.44427490234375 0.1580810546875
0.0258750915527344 0.00467491149902344 -0.096282958984375 0.234649658203125
0.0128622055053711 -0.00668144226074219 0.145355224609375 0.163803100585938
0.0116119384765625 -0.00889968872070313 -0.04595947265625 -0.172561645507813
0.0209541320800781 0.0210075378417969 0.246963500976563 -0.176055908203125
0.0229110717773438 0.0341682434082031 0.488250732421875 0.048065185546875
-0.00873374938964844 0.0232715606689453 0.466156005859375 0.49212646484375
-0.0566291809082031 -0.0207290649414062 -0.14947509765625 0.81121826171875
-0.00781631469726562 -0.0476150512695313 -0.75787353515625 0.6044921875
0.0666084289550781 0.00652313232421875 -0.64093017578125 0.0961914062500001
0.0918807983398438 0.040740966796875 0.179656982421875 0.10687255859375
0.0630035400390625 -0.0106697082519531 0.86749267578125 -0.2293701171875
0.00681686401367188 -0.0324249267578125 0.53289794921875 -0.8551025390625
-0.0262794494628906 -0.0147895812988281 -0.32080078125 -0.7684326171875
-0.0222892761230469 -0.00259017944335938 -0.61981201171875 -0.1610107421875
0.00736236572265625 0.011286735534668 -0.446990966796875 0.162261962890625
0.0236244201660156 0.00599288940429688 -0.0922088623046875 0.234375
0.0116176605224609 -0.00339698791503906 0.147918701171875 0.162979125976563
0.0101757049560547 -0.00647830963134766 -0.048095703125 -0.171066284179688
0.0191879272460937 0.0232810974121094 0.242294311523438 -0.176834106445313
0.0182151794433594 0.0318088531494141 0.485443115234375 0.0428466796875
-0.0117321014404297 0.0193595886230469 0.47021484375 0.482147216796875
-0.0529403686523437 -0.0296211242675781 -0.13787841796875 0.8131103515625
0.0109367370605469 -0.0557975769042969 -0.7506103515625 0.6141357421875
0.102874755859375 0.0086212158203125 -0.64764404296875 0.0989990234374999
0.132026672363281 0.053619384765625 0.165786743164063 0.0998382568359375
0.0947952270507813 -0.0115814208984375 0.86334228515625 -0.2208251953125
0.0213584899902344 -0.0444602966308594 0.54644775390625 -0.8492431640625
-0.0254173278808594 -0.025909423828125 -0.3087158203125 -0.776611328125
-0.0285701751708984 -0.00543212890625 -0.62164306640625 -0.17138671875
0.00169467926025391 0.0115890502929688 -0.45196533203125 0.156494140625
0.0212421417236328 0.0077056884765625 -0.0980224609375 0.23583984375
0.0119237899780273 -0.00164413452148438 0.146286010742188 0.164260864257812
0.00708532333374023 -0.00429105758666992 -0.052734375 -0.169815063476562
0.0183391571044922 0.0226669311523438 0.234375 -0.1812744140625
0.0181961059570312 0.0299892425537109 0.48101806640625 0.030303955078125
-0.0131893157958984 0.017791748046875 0.4847412109375 0.463470458984375
-0.0506019592285156 -0.0335350036621094 -0.1048583984375 0.810791015625
0.0234832763671875 -0.0650825500488281 -0.7252197265625 0.634521484375
0.129859924316406 0.0035400390625 -0.66033935546875 0.111328125
0.164276123046875 0.0599822998046875 0.138038635253906 0.0944747924804688
0.122520446777344 -0.0110397338867188 0.85699462890625 -0.19732666015625
0.0355110168457031 -0.0515708923339844 0.57806396484375 -0.83447265625
-0.022705078125 -0.0347232818603516 -0.28271484375 -0.79437255859375
-0.0318393707275391 -0.00855445861816406 -0.61956787109375 -0.1943359375
-0.002960205078125 0.01104736328125 -0.459930419921875 0.144134521484375
0.0199241638183594 0.00945663452148438 -0.107803344726562 0.23291015625
0.0111751556396484 -0.000750541687011719 0.144134521484375 0.163986206054688
0.0229015350341797 -0.0228424072265625 -0.0758209228515625 -0.1695556640625
0.0364456176757812 0.00511550903320312 0.2076416015625 -0.215728759765625
0.0429840087890625 0.0298843383789063 0.479522705078125 -0.0556640625
0.0166206359863281 0.0479621887207031 0.568115234375 0.34210205078125
-0.0573692321777344 0.0330314636230469 0.069091796875 0.7789306640625
-0.0786361694335938 -0.00688171386718748 -0.5970458984375 0.743408203125
-0.0527992248535156 -0.00384521484374999 -0.7142333984375 0.20965576171875
-0.0298328399658203 -0.000455856323242183 0.01739501953125 0.0923080444335938
-0.0255908966064453 0.0011444091796875 0.83935546875 -0.070556640625
-0.0389823913574219 0.00379943847656249 0.72235107421875 -0.74261474609375
-0.0326023101806641 0.0148372650146484 -0.146728515625 -0.86822509765625
-0.00874996185302734 0.0120649337768555 -0.5938720703125 -0.29827880859375
0.0175418853759766 0.0168876647949219 -0.483734130859375 0.092987060546875
0.0360794067382813 0.0018768310546875 -0.130706787109375 0.229751586914063
0.0205726623535156 -0.0160655975341797 0.13006591796875 0.170501708984375
0.0252151489257813 -0.0211620330810547 -0.070770263671875 -0.173263549804688
0.0359230041503906 0.00899124145507813 0.221237182617188 -0.208084106445313
0.0433311462402344 0.0320549011230469 0.486541748046875 -0.03106689453125
0.0144081115722656 0.0473060607910156 0.547943115234375 0.383331298828125
-0.0619850158691406 0.0279273986816406 0.0125122070312501 0.7940673828125
-0.07598876953125 -0.00987243652343749 -0.6461181640625 0.7119140625
-0.0532569885253906 -0.00326156616210938 -0.69610595703125 0.17718505859375
-0.0336437225341797 0.000165939331054689 0.06903076171875 0.0989608764648438
-0.0284290313720703 -0.000373840332031256 0.85321044921875 -0.116943359375
-0.0386924743652344 0.00476074218750001 0.664306640625 -0.7850341796875
-0.0315647125244141 0.0163288116455078 -0.2069091796875 -0.83892822265625
-0.00668907165527344 0.012232780456543 -0.60723876953125 -0.25469970703125
0.0204486846923828 0.01348876953125 -0.473236083984375 0.117218017578125
0.0343379974365234 0.00223541259765625 -0.119720458984375 0.233062744140625
0.0193595886230469 -0.0155200958251953 0.133621215820313 0.168930053710938
0.0217781066894531 -0.0181465148925781 -0.0598907470703125 -0.174697875976563
0.0334548950195313 0.0130882263183594 0.2342529296875 -0.199844360351563
0.0399017333984375 0.0351104736328125 0.4912109375 -0.00396728515625
0.00670242309570313 0.0437164306640625 0.5234375 0.423553466796875
-0.0653114318847656 0.0167045593261719 -0.0445556640625 0.8079833984375
-0.0687675476074219 -0.0180892944335937 -0.69012451171875 0.67535400390625
-0.0384712219238281 -9.53674316406266E-05 -0.67657470703125 0.1488037109375
-0.0190258026123047 0.00649261474609375 0.116493225097656 0.105232238769531
-0.0180511474609375 -0.0029449462890625 0.86370849609375 -0.16839599609375
-0.0322418212890625 -4.95910644531219E-05 0.6051025390625 -0.821533203125
-0.0300502777099609 0.0132808685302734 -0.26348876953125 -0.8126220703125
-0.00684881210327149 0.00868511199951172 -0.61590576171875 -0.21087646484375
0.019073486328125 0.0129776000976563 -0.4610595703125 0.1412353515625
0.0325164794921875 0.00162696838378906 -0.1063232421875 0.237869262695313
0.0188407897949219 -0.0143489837646484 0.138671875 0.168869018554688
0.0181388854980469 -0.0155239105224609 -0.0538177490234375 -0.173660278320312
0.0294837951660156 0.0172653198242188 0.242446899414062 -0.188507080078125
0.0338459014892578 0.0347862243652344 0.49615478515625 0.019500732421875
0.00162124633789063 0.0384941101074219 0.500640869140625 0.457000732421875
-0.0661811828613281 0.00474166870117188 -0.09820556640625 0.81390380859375
-0.0515785217285156 -0.0271034240722656 -0.72381591796875 0.6436767578125
-0.0110549926757813 -5.34057617187487E-05 -0.6591796875 0.12738037109375
0.0121669769287109 0.0163564682006836 0.154129028320313 0.1072998046875
0.00412082672119141 -0.00543737411499023 0.8692626953125 -0.2076416015625
-0.022613525390625 -0.00906753540039062 0.5594482421875 -0.8485107421875
-0.0280513763427734 0.00455474853515625 -0.3046875 -0.7896728515625
-0.00943851470947265 0.00554847717285157 -0.6202392578125 -0.17926025390625
0.0165863037109375 0.0119161605834961 -0.451171875 0.158203125
0.0285758972167969 0.00306892395019531 -0.0973358154296875 0.238693237304687
0.0140104293823242 -0.0113067626953125 0.143692016601563 0.165130615234375
0.0147151947021484 -0.0114736557006836 -0.0504302978515625 -0.17498779296875
0.0264472961425781 0.019805908203125 0.246170043945313 -0.184555053710938
0.028839111328125 0.0360336303710938 0.49591064453125 0.036163330078125
-0.003936767578125 0.0293064117431641 0.48211669921875 0.479034423828125
-0.0624122619628906 -0.00900650024414061 -0.12762451171875 0.8204345703125
-0.0303726196289062 -0.0381698608398438 -0.74615478515625 0.6260986328125
0.0276584625244141 0.00304412841796875 -0.64862060546875 0.11138916015625
0.049957275390625 0.0274734497070312 0.177078247070313 0.10870361328125
0.0340900421142578 -0.00795555114746094 0.8717041015625 -0.23345947265625
-0.00788688659667969 -0.0196704864501953 0.53314208984375 -0.8634033203125
-0.0268058776855469 -0.00461578369140625 -0.3289794921875 -0.77484130859375
-0.0151271820068359 -0.000347137451171876 -0.6236572265625 -0.1590576171875
0.0137777328491211 0.012141227722168 -0.44586181640625 0.167205810546875
0.0262050628662109 0.00472068786621094 -0.09295654296875 0.238616943359375
0.0148477554321289 -0.00742721557617188 0.147750854492188 0.163558959960937
0.0115022659301758 -0.00864696502685547 -0.0476837158203125 -0.174392700195313
0.0223464965820313 0.0211887359619141 0.247711181640625 -0.181655883789063
0.0249176025390625 0.0331707000732422 0.49505615234375 0.039886474609375
-0.007537841796875 0.0248470306396484 0.478118896484375 0.4859619140625
-0.0575752258300781 -0.0209884643554687 -0.13873291015625 0.822998046875
-0.00965499877929687 -0.0458946228027344 -0.75421142578125 0.62200927734375
0.0669479370117188 0.00418853759765625 -0.64556884765625 0.10467529296875
0.0916824340820313 0.0389328002929688 0.181915283203125 0.104476928710938
0.0641632080078125 -0.0119209289550781 0.87017822265625 -0.2432861328125
0.00562286376953125 -0.0315418243408203 0.521728515625 -0.87042236328125
-0.0266227722167969 -0.0157623291015625 -0.33465576171875 -0.76947021484375
-0.0233020782470703 -0.00273704528808594 -0.62860107421875 -0.15277099609375
0.00665473937988281 0.011631965637207 -0.44622802734375 0.171356201171875
0.023406982421875 0.00663185119628906 -0.09222412109375 0.24005126953125
0.0115852355957031 -0.00429725646972656 0.151901245117188 0.161834716796875
0.009002685546875 -0.00692272186279297 -0.0516204833984375 -0.173660278320313
0.0194873809814453 0.0237712860107422 0.244979858398438 -0.183486938476563
0.0186519622802734 0.0318794250488281 0.488983154296875 0.035736083984375
-0.012420654296875 0.0174407958984375 0.482086181640625 0.481201171875
-0.0529975891113281 -0.0273780822753906 -0.12554931640625 0.8240966796875
0.0104484558105469 -0.057403564453125 -0.74700927734375 0.631591796875
0.104888916015625 0.00499725341796875 -0.651123046875 0.1085205078125
0.132804870605469 0.0507965087890625 0.167373657226563 0.0998687744140625
0.0938796997070313 -0.0127639770507813 0.8656005859375 -0.233642578125
0.0202980041503906 -0.0404129028320313 0.5347900390625 -0.8621826171875
-0.0253677368164063 -0.0261459350585937 -0.3262939453125 -0.7769775390625
-0.0298671722412109 -0.00506782531738282 -0.6279296875 -0.16131591796875
0.000287055969238281 0.0114974975585938 -0.454315185546875 0.1668701171875
0.0195178985595703 0.00952339172363281 -0.0966339111328125 0.237747192382813
0.0125350952148438 -0.00222873687744141 0.150909423828125 0.164443969726563
0.00814580917358398 -0.00526952743530273 -0.0543365478515625 -0.171234130859375
0.0161876678466797 0.0231075286865234 0.2349853515625 -0.187240600585938
0.0195140838623047 0.0314083099365234 0.48785400390625 0.021636962890625
-0.0143976211547852 0.0169706344604492 0.495635986328125 0.458740234375
-0.0519905090332031 -0.0316543579101563 -0.0938720703125 0.8204345703125
0.0234107971191406 -0.0644187927246094 -0.721435546875 0.65087890625
0.13177490234375 0.00264739990234375 -0.66241455078125 0.1220703125
0.167495727539063 0.0583343505859375 0.139503479003906 0.092254638671875
0.122154235839844 -0.0121002197265625 0.8597412109375 -0.21044921875
0.0359573364257813 -0.0506248474121094 0.5679931640625 -0.84759521484375
-0.0226020812988281 -0.0339069366455078 -0.298095703125 -0.7969970703125
-0.0327320098876953 -0.00839614868164063 -0.6279296875 -0.184326171875
-0.00419807434082031 0.0124998092651367 -0.4632568359375 0.155426025390625
0.0180931091308594 0.008087158203125 -0.105392456054688 0.2373046875
0.0123291015625 -0.000706672668457031 0.14959716796875 0.163482666015625
0.0262203216552734 -0.0242919921875 -0.0782012939453125 -0.170501708984375
0.0390129089355469 0.00431442260742188 0.205657958984375 -0.220428466796875
0.0460205078125 0.0301284790039063 0.48321533203125 -0.066925048828125
0.0165443420410156 0.0479087829589844 0.57647705078125 0.33245849609375
-0.0580978393554688 0.0345497131347656 0.0812377929687499 0.78289794921875
-0.0785598754882813 -0.00397491455078123 -0.58905029296875 0.75958251953125
-0.0530471801757813 -0.00362014770507812 -0.71356201171875 0.22113037109375
-0.031280517578125 0.00057792663574219 0.0169143676757812 0.0902786254882812
-0.027313232421875 0.002166748046875 0.84112548828125 -0.08282470703125
-0.0394706726074219 0.00645446777343751 0.713134765625 -0.76123046875
-0.0319995880126953 0.0170021057128906 -0.16107177734375 -0.87017822265625
-0.00628948211669922 0.0131149291992188 -0.60296630859375 -0.28826904296875
0.0182914733886719 0.0154476165771484 -0.48468017578125 0.1015625
0.0359649658203125 0.00223159790039062 -0.129974365234375 0.234283447265625
0.0210514068603516 -0.0175533294677734 0.135055541992188 0.168777465820313
0.0241146087646484 -0.0213699340820313 -0.07025146484375 -0.174606323242188
0.0363311767578125 0.00680160522460938 0.219650268554688 -0.214996337890625
0.0445098876953125 0.0319023132324219 0.491790771484375 -0.040679931640625
0.0132331848144531 0.0460205078125 0.55712890625 0.37420654296875
-0.0631599426269531 0.0290412902832031 0.02655029296875 0.79803466796875
-0.077392578125 -0.0074462890625 -0.63568115234375 0.72540283203125
-0.0543670654296875 -0.000968933105468744 -0.69610595703125 0.18975830078125
-0.0336704254150391 0.00183486938476562 0.0683135986328125 0.0976638793945313
-0.0293693542480469 -0.000223159790039068 0.8558349609375 -0.13360595703125
-0.0398330688476563 0.0062713623046875 0.6533203125 -0.79876708984375
-0.0316886901855469 0.0169124603271484 -0.22406005859375 -0.8409423828125
-0.00515174865722656 0.010472297668457 -0.6136474609375 -0.2430419921875
0.0212879180908203 0.014892578125 -0.472747802734375 0.1263427734375
0.0345001220703125 0.00177764892578125 -0.116607666015625 0.237884521484375
0.020050048828125 -0.0162734985351563 0.137832641601563 0.1678466796875
0.0208911895751953 -0.01959228515625 -0.06378173828125 -0.177581787109375
0.0328865051269531 0.0123863220214844 0.232025146484375 -0.205184936523438
0.0406265258789063 0.0321769714355469 0.495452880859375 -0.01336669921875
0.00882720947265625 0.0437850952148438 0.532867431640625 0.4150390625
-0.0651893615722656 0.0195999145507812 -0.03216552734375 0.81298828125
-0.0694732666015625 -0.0156364440917969 -0.68218994140625 0.68994140625
-0.0384979248046875 -0.00275039672851562 -0.67779541015625 0.1607666015625
-0.0193614959716797 0.00752067565917969 0.116905212402344 0.103218078613281
-0.0177078247070313 -0.000970840454101564 0.86590576171875 -0.18115234375
-0.0331249237060547 0.000970840454101563 0.59332275390625 -0.83612060546875
-0.0292301177978516 0.0130691528320312 -0.278564453125 -0.81256103515625
-0.00609874725341797 0.00915241241455078 -0.6231689453125 -0.201416015625
0.0190887451171875 0.0118427276611328 -0.460357666015625 0.15179443359375
0.0327110290527344 0.00228500366210938 -0.105072021484375 0.240325927734375
0.0167751312255859 -0.0151052474975586 0.143310546875 0.16839599609375
0.0184669494628906 -0.0148391723632813 -0.0575408935546875 -0.175247192382812
0.0307197570800781 0.0156402587890625 0.242782592773438 -0.19671630859375
0.0363235473632812 0.0336036682128906 0.500946044921875 0.009857177734375
0.00258255004882813 0.0374183654785156 0.511016845703125 0.45196533203125
-0.0654411315917969 0.00678634643554687 -0.08367919921875 0.8240966796875
-0.0531692504882813 -0.0256423950195313 -0.71990966796875 0.660400390625
-0.0102834701538086 -0.000295639038085937 -0.65899658203125 0.13818359375
0.0107440948486328 0.0160598754882813 0.15533447265625 0.10614013671875
0.00387668609619141 -0.00378298759460449 0.8690185546875 -0.22332763671875
-0.0230941772460938 -0.00671768188476563 0.54901123046875 -0.86163330078125
-0.0272502899169922 0.00523757934570313 -0.31884765625 -0.786376953125
-0.0105733871459961 0.00525569915771484 -0.62689208984375 -0.1671142578125
0.0168905258178711 0.0109148025512695 -0.450592041015625 0.168060302734375
0.0305557250976563 0.00319862365722656 -0.093994140625 0.241806030273438
0.0153684616088867 -0.012110710144043 0.148757934570312 0.1632080078125
0.0136747360229492 -0.0130701065063477 -0.052337646484375 -0.174392700195313
0.0263309478759766 0.0193710327148438 0.244964599609375 -0.18975830078125
0.0305061340332031 0.0335845947265625 0.499755859375 0.024993896484375
-0.00323677062988281 0.0299453735351563 0.4951171875 0.471893310546875
-0.0623588562011719 -0.00663375854492187 -0.1136474609375 0.82708740234375
-0.0321426391601563 -0.0358047485351563 -0.7412109375 0.64306640625
0.0267333984375 0.0025787353515625 -0.6502685546875 0.12396240234375
0.049072265625 0.0269432067871094 0.1767578125 0.105438232421875
0.0328083038330078 -0.00886344909667969 0.86993408203125 -0.24810791015625
-0.00872993469238281 -0.0179023742675781 0.52252197265625 -0.87835693359375
-0.0273609161376953 -0.00490379333496094 -0.34356689453125 -0.77490234375
-0.0166845321655273 0.00137519836425781 -0.6328125 -0.14727783203125
0.0121326446533203 0.0113992691040039 -0.4453125 0.177490234375
0.0272655487060547 0.00426101684570313 -0.0902862548828125 0.242279052734375
0.0125303268432617 -0.00783920288085938 0.15264892578125 0.161605834960938
0.0118112564086914 -0.00799560546875 -0.0511322021484375 -0.174789428710938
0.0214786529541016 0.0218753814697266 0.24676513671875 -0.189071655273438
0.0243892669677734 0.0324363708496094 0.49786376953125 0.031494140625
-0.00743484497070313 0.0236911773681641 0.48883056640625 0.480499267578125
-0.0578765869140625 -0.0189132690429687 -0.12628173828125 0.8306884765625
-0.00996017456054688 -0.0457229614257813 -0.74835205078125 0.63897705078125
0.0673027038574219 0.004180908203125 -0.64727783203125 0.1163330078125
0.0930252075195313 0.037994384765625 0.183761596679688 0.102890014648438
0.0642929077148438 -0.0117568969726563 0.86700439453125 -0.2587890625
0.00481986999511719 -0.0306339263916016 0.51055908203125 -0.8857421875
-0.0274238586425781 -0.0152931213378906 -0.3529052734375 -0.76910400390625
-0.0227775573730469 -0.00241661071777344 -0.63336181640625 -0.14056396484375
0.00732517242431641 0.0130424499511719 -0.44720458984375 0.181640625
0.0228195190429688 0.00526809692382813 -0.089385986328125 0.241867065429688
0.0122499465942383 -0.00560760498046875 0.155120849609375 0.16070556640625
0.00840187072753906 -0.00645780563354492 -0.0517120361328125 -0.17425537109375
0.02001953125 0.0231704711914063 0.241439819335938 -0.188201904296875
0.0209255218505859 0.030029296875 0.49493408203125 0.027008056640625
-0.0111637115478516 0.0187263488769531 0.492919921875 0.472137451171875
-0.0539894104003906 -0.0263595581054687 -0.11395263671875 0.8294677734375
0.00952911376953125 -0.0554695129394531 -0.7408447265625 0.6466064453125
0.104957580566406 0.002471923828125 -0.6517333984375 0.11895751953125
0.133613586425781 0.0494613647460938 0.1693115234375 0.09698486328125
0.0927047729492187 -0.0147933959960938 0.86383056640625 -0.2496337890625
0.0197181701660156 -0.0424995422363281 0.5247802734375 -0.874755859375
-0.0252094268798828 -0.0248146057128906 -0.33966064453125 -0.777587890625
-0.0291786193847656 -0.00579643249511719 -0.63330078125 -0.1505126953125
0.00157546997070313 0.0131235122680664 -0.4521484375 0.175811767578125
0.0196647644042969 0.00776481628417969 -0.0937957763671875 0.244140625
0.0138645172119141 -0.00260639190673828 0.154617309570312 0.162628173828125
0.00617027282714844 -0.00537538528442383 -0.0574798583984375 -0.172073364257813
0.0179214477539063 0.0229015350341797 0.234512329101563 -0.1939697265625
0.0191822052001953 0.0299472808837891 0.491729736328125 0.01214599609375
-0.0136222839355469 0.0153961181640625 0.507110595703125 0.453155517578125
-0.0534133911132813 -0.0312156677246094 -0.0807495117187499 0.828125
0.0209007263183594 -0.0628662109375 -0.7144775390625 0.669189453125
0.131240844726563 -0.001708984375 -0.6640625 0.13409423828125
0.168136596679688 0.05621337890625 0.138618469238281 0.0913162231445313
0.121078491210938 -0.0125961303710938 0.85809326171875 -0.22760009765625
0.0351028442382813 -0.0516128540039063 0.55487060546875 -0.8629150390625
-0.0239181518554688 -0.0339012145996094 -0.31622314453125 -0.79522705078125
-0.0341129302978516 -0.00787353515624999 -0.6346435546875 -0.17388916015625
-0.00297927856445312 0.0135116577148438 -0.46356201171875 0.163421630859375
0.0190620422363281 0.00821304321289063 -0.102218627929688 0.242721557617188
0.0120220184326172 -0.000864028930664063 0.151611328125 0.162857055664063
0.0243167877197266 -0.0222454071044922 -0.0821380615234375 -0.169830322265625
0.0379371643066406 0.00386810302734375 0.201873779296875 -0.227020263671875
0.047149658203125 0.0288658142089844 0.48468017578125 -0.076019287109375
0.0186271667480469 0.0459632873535156 0.58416748046875 0.322509765625
-0.0577812194824219 0.0364875793457031 0.0953979492187499 0.78485107421875
-0.0764617919921875 -0.00322723388671874 -0.57708740234375 0.772216796875
-0.0517044067382812 -0.00168228149414063 -0.71160888671875 0.2353515625
-0.030914306640625 0.00226593017578125 0.0176315307617187 0.091949462890625
-0.0279178619384766 0.0025634765625 0.83880615234375 -0.098388671875
-0.0405235290527344 0.00667953491210938 0.700927734375 -0.77557373046875
-0.0310211181640625 0.0184555053710937 -0.17950439453125 -0.86981201171875
-0.00681495666503906 0.0135955810546875 -0.6090087890625 -0.27691650390625
0.0196361541748047 0.0164470672607422 -0.4837646484375 0.113128662109375
0.0357589721679687 0.000762939453125 -0.126113891601562 0.238113403320313
0.0209083557128906 -0.0186443328857422 0.138595581054688 0.167434692382813
0.0219993591308594 -0.0216407775878906 -0.0740509033203125 -0.174530029296875
0.0367698669433594 0.00740432739257812 0.217132568359375 -0.221389770507813
0.0448570251464844 0.0292129516601563 0.492431640625 -0.05072021484375
0.0155830383300781 0.0464668273925781 0.56427001953125 0.36431884765625
-0.0629501342773438 0.0295486450195312 0.03802490234375 0.802734375
-0.0771713256835938 -0.00551605224609373 -0.62335205078125 0.73785400390625
-0.0545082092285156 -0.000942230224609384 -0.6951904296875 0.2020263671875
-0.0350303649902344 0.00303077697753906 0.0696029663085937 0.0977096557617188
-0.0290508270263672 0.000722885131835934 0.8521728515625 -0.14581298828125
-0.0395050048828125 0.00911331176757813 0.6395263671875 -0.8131103515625
-0.0307102203369141 0.0181980133056641 -0.24127197265625 -0.83837890625
-0.0062408447265625 0.0116863250732422 -0.6207275390625 -0.232666015625
0.0213165283203125 0.0138664245605469 -0.47149658203125 0.13671875
0.0333271026611328 0.00099945068359375 -0.113906860351563 0.242095947265625
0.0194149017333984 -0.0175266265869141 0.142822265625 0.167205810546875
0.0197277069091797 -0.0187397003173828 -0.064605712890625 -0.177734375
0.0352821350097656 0.0112648010253906 0.22821044921875 -0.211898803710938
0.0419044494628906 0.0343132019042969 0.4981689453125 -0.0230712890625
0.00963973999023438 0.0427284240722656 0.543182373046875 0.406951904296875
-0.0665016174316406 0.0202980041503906 -0.0174560546875 0.8165283203125
-0.0695838928222656 -0.0139236450195313 -0.6729736328125 0.70318603515625
-0.0388450622558594 -0.000339508056640617 -0.67755126953125 0.17230224609375
-0.0194873809814453 0.00691986083984375 0.118080139160156 0.102218627929688
-0.0164222717285156 -0.000715255737304688 0.86102294921875 -0.1962890625
-0.0339069366455078 0.00309181213378906 0.57904052734375 -0.8470458984375
-0.0290031433105469 0.0143623352050781 -0.2943115234375 -0.810302734375
-0.00677680969238281 0.00861024856567383 -0.628662109375 -0.18902587890625
0.0205974578857422 0.0140247344970703 -0.459686279296875 0.16082763671875
0.0331287384033203 0.000955581665039062 -0.100234985351562 0.244903564453125
0.0170736312866211 -0.0164909362792969 0.146652221679688 0.164962768554688
0.017460823059082 -0.0161838531494141 -0.05938720703125 -0.176727294921875
0.0311851501464844 0.0157756805419922 0.23858642578125 -0.203887939453125
0.0368385314941406 0.0335044860839844 0.501495361328125 6.1035156250002E-05
0.00259017944335937 0.0372848510742188 0.51947021484375 0.441375732421875
-0.0656166076660156 0.00821685791015626 -0.0690917968750001 0.8271484375
-0.053619384765625 -0.0233612060546875 -0.70880126953125 0.67620849609375
-0.010004997253418 5.05447387695303E-05 -0.65960693359375 0.14617919921875
0.011016845703125 0.0163841247558594 0.156692504882813 0.103317260742188
0.00297760963439941 -0.00418186187744141 0.86541748046875 -0.23638916015625
-0.0239696502685547 -0.00815773010253906 0.53521728515625 -0.87445068359375
-0.0281124114990234 0.00673866271972656 -0.3341064453125 -0.784912109375
-0.0115337371826172 0.00571250915527344 -0.63330078125 -0.15692138671875
0.01666259765625 0.0138845443725586 -0.447998046875 0.178466796875
0.0305042266845703 0.00298690795898437 -0.0915374755859375 0.245529174804688
0.0139131546020508 -0.0129413604736328 0.153793334960938 0.16180419921875
0.0137653350830078 -0.0130596160888672 -0.055877685546875 -0.177581787109375
0.027099609375 0.0186977386474609 0.243423461914063 -0.198013305664063
0.0316562652587891 0.0333003997802734 0.5006103515625 0.01605224609375
-0.00242996215820312 0.0281143188476563 0.505523681640625 0.464508056640625
-0.0630035400390625 -0.00526428222656251 -0.10064697265625 0.833984375
-0.0306282043457031 -0.0356369018554688 -0.73236083984375 0.65948486328125
0.027557373046875 0.00231552124023437 -0.650390625 0.1337890625
0.049530029296875 0.026214599609375 0.178054809570313 0.10211181640625
0.0322952270507813 -0.00876045227050781 0.866455078125 -0.26312255859375
-0.0104131698608398 -0.0174036026000977 0.505615234375 -0.88775634765625
-0.0270767211914063 -0.00364494323730469 -0.35821533203125 -0.7711181640625
-0.0168294906616211 0.00238990783691406 -0.6356201171875 -0.136474609375
0.0123605728149414 0.0127286911010742 -0.443603515625 0.18853759765625
0.0263233184814453 0.004608154296875 -0.086639404296875 0.244537353515625
0.0131158828735352 -0.00904655456542969 0.156631469726563 0.159378051757813
0.0102806091308594 -0.00845813751220703 -0.054351806640625 -0.176422119140625
0.0238170623779297 0.0234489440917969 0.24407958984375 -0.194046020507812
0.0260505676269531 0.0303173065185547 0.499847412109375 0.02215576171875
-0.00751876831054687 0.0238170623779297 0.497833251953125 0.471771240234375
-0.0595970153808594 -0.0174064636230469 -0.11114501953125 0.8350830078125
-0.00931549072265625 -0.0445060729980469 -0.738525390625 0.65283203125
0.0676422119140625 0.00353622436523438 -0.64776611328125 0.1280517578125
0.09136962890625 0.0366439819335938 0.1839599609375 0.099456787109375
0.062957763671875 -0.0121955871582031 0.8656005859375 -0.27557373046875
0.00415992736816406 -0.0311660766601563 0.496337890625 -0.894775390625
-0.0283603668212891 -0.0150909423828125 -0.365966796875 -0.763427734375
-0.0243606567382813 -0.001373291015625 -0.63818359375 -0.12872314453125
0.00625705718994141 0.0119047164916992 -0.444427490234375 0.1912841796875
0.0228481292724609 0.00499153137207031 -0.085601806640625 0.24627685546875
0.0127696990966797 -0.00691127777099609 0.159423828125 0.159317016601563
0.00735807418823242 -0.00628805160522461 -0.0551605224609375 -0.174972534179688
0.0209712982177734 0.0231666564941406 0.238662719726562 -0.194671630859375
0.0213603973388672 0.0298786163330078 0.49713134765625 0.017120361328125
-0.0122184753417969 0.0175046920776367 0.500885009765625 0.4658203125
-0.0565032958984375 -0.0255699157714844 -0.100341796875 0.83563232421875
0.00978851318359375 -0.0544967651367187 -0.73095703125 0.66143798828125
0.104141235351563 0.00090789794921875 -0.65411376953125 0.13018798828125
0.134971618652344 0.0466156005859375 0.170013427734375 0.094879150390625
0.093902587890625 -0.0142822265625 0.86114501953125 -0.26507568359375
0.0194549560546875 -0.0419883728027344 0.50909423828125 -0.88702392578125
-0.0273189544677734 -0.0234661102294922 -0.35406494140625 -0.771240234375
-0.0309848785400391 -0.005279541015625 -0.637451171875 -0.1375732421875
0.00214290618896484 0.01312255859375 -0.449249267578125 0.1854248046875
0.0207386016845703 0.00623512268066406 -0.0895843505859375 0.245712280273438
0.00986862182617188 -0.00268459320068359 0.159286499023438 0.159225463867188
0.00636005401611328 -0.00541019439697266 -0.06097412109375 -0.172027587890625
0.020111083984375 0.0235557556152344 0.231155395507813 -0.199844360351563
0.0196247100830078 0.029632568359375 0.491363525390625 0.00335693359375
-0.0126047134399414 0.0146045684814453 0.5152587890625 0.4459228515625
-0.0548744201660156 -0.029632568359375 -0.068359375 0.83197021484375
0.0211372375488281 -0.0633049011230469 -0.70306396484375 0.68475341796875
0.131881713867188 -0.0019989013671875 -0.66644287109375 0.14404296875
0.167861938476563 0.05218505859375 0.141891479492188 0.089569091796875
0.120994567871094 -0.0141983032226563 0.8560791015625 -0.24139404296875
0.034454345703125 -0.0514183044433594 0.5399169921875 -0.8746337890625
-0.0263614654541016 -0.0340995788574219 -0.33154296875 -0.79205322265625
-0.0352554321289063 -0.007904052734375 -0.64154052734375 -0.161865234375
-0.00364398956298828 0.0153131484985352 -0.4637451171875 0.174407958984375
0.0185565948486328 0.00753402709960938 -0.0994415283203125 0.24517822265625
0.010223388671875 -0.00332832336425781 0.156173706054688 0.16168212890625
0.0225257873535156 -0.0237617492675781 -0.0837554931640625 -0.171127319335938
0.0385017395019531 0.003570556640625 0.19940185546875 -0.2314453125
0.0478324890136719 0.0267143249511719 0.48260498046875 -0.087066650390625
0.0212020874023437 0.0456886291503906 0.58953857421875 0.311279296875
-0.0571937561035156 0.0382461547851562 0.1085205078125 0.7845458984375
-0.07769775390625 0.000221252441406249 -0.565185546875 0.78179931640625
-0.0530662536621094 -0.00196838378906251 -0.70806884765625 0.24713134765625
-0.0310382843017578 0.00164031982421875 0.01776123046875 0.090911865234375
-0.0280685424804688 0.00263023376464844 0.8377685546875 -0.111083984375
-0.0388336181640625 0.00924301147460938 0.687255859375 -0.786865234375
-0.0311660766601562 0.0178661346435547 -0.1953125 -0.8668212890625
-0.00772285461425781 0.0131845474243164 -0.61431884765625 -0.2657470703125
0.0189952850341797 0.0155582427978516 -0.484466552734375 0.122283935546875
0.0353736877441406 0.00078582763671875 -0.122634887695312 0.241455078125
0.0206031799316406 -0.0183734893798828 0.140045166015625 0.16650390625
0.0217666625976563 -0.0232372283935547 -0.0774688720703125 -0.173812866210938
0.0368385314941406 0.005889892578125 0.212326049804688 -0.22625732421875
0.0462532043457031 0.0300178527832031 0.491302490234375 -0.061676025390625
0.0169143676757813 0.046173095703125 0.5709228515625 0.35455322265625
-0.0625038146972656 0.0324821472167969 0.051513671875 0.80316162109375
-0.0779342651367188 -0.00301361083984373 -0.6134033203125 0.7489013671875
-0.053985595703125 -0.000495910644531246 -0.69171142578125 0.214111328125
-0.0360908508300781 0.00289154052734375 0.0699996948242188 0.0970611572265625
-0.0307636260986328 0.00116539001464844 0.8492431640625 -0.1617431640625
-0.0405158996582031 0.00944137573242188 0.6260986328125 -0.82427978515625
-0.0300159454345703 0.0186805725097656 -0.25799560546875 -0.83563232421875
-0.00761699676513672 0.0107192993164062 -0.62506103515625 -0.219970703125
0.0197982788085938 0.0148506164550781 -0.4698486328125 0.147125244140625
0.0349407196044922 -0.000545501708984375 -0.110214233398437 0.244644165039063
0.0184001922607422 -0.0176868438720703 0.143951416015625 0.166122436523438
0.020599365234375 -0.0199108123779297 -0.06787109375 -0.1771240234375
0.0339794158935547 0.0109348297119141 0.22589111328125 -0.217071533203125
0.0424842834472656 0.0303878784179688 0.497833251953125 -0.03289794921875
0.00981903076171875 0.0412254333496094 0.549835205078125 0.397430419921875
-0.0638618469238281 0.023040771484375 -0.00512695312500003 0.81689453125
-0.0681037902832031 -0.0105781555175781 -0.659912109375 0.71417236328125
-0.039764404296875 -0.000137329101562496 -0.6746826171875 0.18341064453125
-0.0206451416015625 0.00818824768066406 0.117828369140625 0.100517272949219
-0.0187587738037109 0.000125885009765624 0.85723876953125 -0.2098388671875
-0.0344181060791016 0.00551033020019532 0.56463623046875 -0.859130859375
-0.0287361145019531 0.0138950347900391 -0.3104248046875 -0.8028564453125
-0.00676822662353516 0.00946903228759766 -0.63177490234375 -0.17791748046875
0.0192050933837891 0.0129909515380859 -0.45489501953125 0.1705322265625
0.030914306640625 -0.000604629516601563 -0.097442626953125 0.24798583984375
0.0167245864868164 -0.0158977508544922 0.151046752929688 0.163619995117188
0.0172271728515625 -0.0155849456787109 -0.061492919921875 -0.177597045898438
0.0310440063476562 0.0156135559082031 0.237106323242188 -0.208969116210938
0.03802490234375 0.0318794250488281 0.50238037109375 -0.010284423828125
0.00451469421386718 0.0341091156005859 0.5279541015625 0.432891845703125
-0.0659065246582031 0.00981521606445314 -0.0546875 0.83062744140625
-0.0531539916992188 -0.0203895568847656 -0.697998046875 0.6884765625
-0.010502815246582 -0.000423431396484376 -0.6575927734375 0.15985107421875
0.0103397369384766 0.0160074234008789 0.156112670898438 0.101913452148438
0.00403308868408203 -0.00379133224487305 0.86175537109375 -0.25177001953125
-0.0235729217529297 -0.00541496276855469 0.51837158203125 -0.8829345703125
-0.0281276702880859 0.00703620910644531 -0.3509521484375 -0.77899169921875
-0.0115232467651367 0.00687217712402343 -0.63702392578125 -0.142822265625
0.0175600051879883 0.0126943588256836 -0.4447021484375 0.18731689453125
0.0289554595947266 0.00151634216308594 -0.0875091552734375 0.248153686523438
0.014134407043457 -0.0131473541259766 0.156326293945312 0.159408569335937
0.013859748840332 -0.0115327835083008 -0.0578155517578125 -0.176483154296875
0.0266513824462891 0.0198326110839844 0.240829467773438 -0.202896118164063
0.0331077575683594 0.0311336517333984 0.5028076171875 0.0062255859375
-0.00271797180175781 0.0288295745849609 0.5145263671875 0.455596923828125
-0.0636711120605469 -0.00308609008789063 -0.0878295898437501 0.83746337890625
-0.0322284698486328 -0.0320529937744141 -0.72021484375 0.67120361328125
0.0270347595214844 0.00019073486328125 -0.6474609375 0.145751953125
0.0507125854492188 0.0251998901367188 0.179489135742187 0.100479125976562
0.0314750671386719 -0.00824165344238281 0.86102294921875 -0.2781982421875
-0.0109825134277344 -0.0169057846069336 0.490478515625 -0.897216796875
-0.0281352996826172 -0.00252151489257813 -0.371826171875 -0.76324462890625
-0.0181369781494141 0.00307273864746094 -0.6392822265625 -0.12261962890625
0.0117473602294922 0.0127792358398438 -0.441192626953125 0.198699951171875
0.0254497528076172 0.00354194641113281 -0.083984375 0.24822998046875
0.0122718811035156 -0.0104513168334961 0.160369873046875 0.157485961914063
0.0107851028442383 -0.00853347778320313 -0.0567626953125 -0.175186157226562
0.0242137908935547 0.0217170715332031 0.241043090820313 -0.199356079101563
0.0267143249511719 0.0302982330322266 0.500244140625 0.01031494140625
-0.0066986083984375 0.0218467712402344 0.507293701171875 0.462799072265625
-0.0594444274902344 -0.0151939392089844 -0.0960083007812501 0.841064453125
-0.0107192993164062 -0.0437202453613281 -0.72906494140625 0.664794921875
0.0682907104492188 0.00241851806640625 -0.64483642578125 0.13922119140625
0.092742919921875 0.03546142578125 0.18353271484375 0.09808349609375
0.061920166015625 -0.0140419006347656 0.85626220703125 -0.28802490234375
0.00400733947753906 -0.0307254791259766 0.4793701171875 -0.90283203125
-0.0278778076171875 -0.0143871307373047 -0.380615234375 -0.75750732421875
-0.0241546630859375 -0.000995635986328124 -0.63995361328125 -0.11785888671875
0.00660514831542969 0.0132102966308594 -0.441162109375 0.200927734375
0.0222492218017578 0.00580215454101563 -0.0821990966796875 0.24932861328125
0.0122766494750977 -0.00731182098388672 0.1629638671875 0.156036376953125
0.00997543334960938 -0.00562667846679688 -0.0592041015625 -0.174774169921875
0.0201492309570313 0.0232868194580078 0.235809326171875 -0.199905395507813
0.0225334167480469 0.0300521850585938 0.49798583984375 0.00634765625
-0.011347770690918 0.0164718627929688 0.509796142578125 0.458343505859375
-0.0569419860839844 -0.0236892700195312 -0.0860595703125001 0.83880615234375
0.00827026367187501 -0.0534934997558594 -0.719482421875 0.6756591796875
0.103172302246094 0.00012969970703125 -0.65167236328125 0.142822265625
0.133712768554688 0.0439300537109375 0.170196533203125 0.09234619140625
0.0949478149414063 -0.0156631469726563 0.85577392578125 -0.27789306640625
0.0178718566894531 -0.04193115234375 0.492919921875 -0.89453125
-0.0269985198974609 -0.0248680114746094 -0.36871337890625 -0.76580810546875
-0.0304546356201172 -0.00358772277832032 -0.6429443359375 -0.125732421875
0.000478744506835937 0.0131721496582031 -0.447845458984375 0.194366455078125
0.0202407836914063 0.00705718994140625 -0.0861053466796875 0.248703002929688
0.0111074447631836 -0.00533008575439453 0.162139892578125 0.156051635742187
0.0071868896484375 -0.00382328033447266 -0.06329345703125 -0.17279052734375
0.0208339691162109 0.0223274230957031 0.229095458984375 -0.206146240234375
0.0203151702880859 0.0280284881591797 0.491943359375 -0.008392333984375
-0.0117816925048828 0.0149450302124023 0.523834228515625 0.4364013671875
-0.0553131103515625 -0.0271530151367188 -0.0527343749999999 0.83551025390625
0.020111083984375 -0.0615921020507813 -0.69329833984375 0.697265625
0.131629943847656 -0.00518035888671875 -0.66461181640625 0.156005859375
0.167694091796875 0.05133056640625 0.140525817871094 0.0875930786132813
0.120033264160156 -0.0168075561523438 0.85009765625 -0.2545166015625
0.0326461791992188 -0.0507316589355469 0.5255126953125 -0.88311767578125
-0.0265541076660156 -0.033050537109375 -0.34356689453125 -0.783935546875
-0.0350837707519531 -0.00659179687499999 -0.64324951171875 -0.14849853515625
-0.00334358215332031 0.0135955810546875 -0.459075927734375 0.1839599609375
0.0198345184326172 0.00806617736816406 -0.0962982177734375 0.248626708984375
0.0108852386474609 -0.0034637451171875 0.15948486328125 0.158447265625
0.0225658416748047 -0.0242233276367188 -0.08697509765625 -0.169265747070313
0.0382461547851563 0.00192642211914063 0.195068359375 -0.236984252929688
0.0483016967773437 0.0249557495117187 0.479339599609375 -0.095123291015625
0.0217552185058594 0.0440292358398438 0.5941162109375 0.2987060546875
-0.0558242797851563 0.0382957458496094 0.1236572265625 0.78131103515625
-0.0764541625976563 0.00184631347656249 -0.55072021484375 0.7901611328125
-0.0532264709472656 3.81469726562568E-05 -0.7012939453125 0.258056640625
-0.0330181121826172 0.00192832946777344 0.0183029174804687 0.089996337890625
-0.028350830078125 0.00463104248046875 0.83172607421875 -0.1241455078125
-0.0383415222167969 0.0101470947265625 0.67041015625 -0.796630859375
-0.0316486358642578 0.0184612274169922 -0.21051025390625 -0.86065673828125
-0.0083932876586914 0.0140457153320313 -0.61822509765625 -0.254150390625
0.0204658508300781 0.0169754028320313 -0.47991943359375 0.13360595703125
0.0350856781005859 -0.000476837158203125 -0.11871337890625 0.243240356445313
0.0185203552246094 -0.0189056396484375 0.143280029296875 0.163360595703125
0.0222740173339844 -0.0225067138671875 -0.07891845703125 -0.172195434570313
0.0388908386230469 0.00588607788085938 0.210845947265625 -0.229934692382813
0.0464096069335938 0.0282707214355469 0.489959716796875 -0.0693359375
0.0181007385253906 0.0443916320800781 0.5762939453125 0.34320068359375
-0.0616455078125 0.0332984924316406 0.0650634765625 0.8016357421875
-0.0753936767578125 0.000175476074218756 -0.5982666015625 0.759765625
-0.0544662475585938 -0.00026702880859374 -0.68609619140625 0.22735595703125
-0.0355987548828125 0.00278472900390626 0.0702590942382813 0.0952072143554688
-0.0305881500244141 0.00259208679199219 0.844970703125 -0.17364501953125
-0.0397567749023438 0.00936889648437501 0.609130859375 -0.8314208984375
-0.0315532684326172 0.0180644989013672 -0.27020263671875 -0.8291015625
-0.00633716583251953 0.0114288330078125 -0.62677001953125 -0.2066650390625
0.0202922821044922 0.0138645172119141 -0.467132568359375 0.156890869140625
0.0346260070800781 0.00172615051269531 -0.10589599609375 0.247314453125
0.0164813995361328 -0.0195713043212891 0.147964477539063 0.162673950195313
0.0193977355957031 -0.0211429595947266 -0.06976318359375 -0.175979614257813
0.0354766845703125 0.01141357421875 0.2218017578125 -0.222518920898438
0.0450859069824219 0.02911376953125 0.496734619140625 -0.043670654296875
0.0118675231933594 0.0392074584960938 0.552978515625 0.385711669921875
-0.0647201538085938 0.0244674682617188 0.00836181640625 0.8179931640625
-0.0697097778320313 -0.0086212158203125 -0.6474609375 0.72625732421875
-0.0391464233398438 -0.00026702880859375 -0.67034912109375 0.1944580078125
-0.0204792022705078 0.00882148742675782 0.118606567382813 0.0978622436523438
-0.0179920196533203 0.0023040771484375 0.85101318359375 -0.22247314453125
-0.0356597900390625 0.00550079345703125 0.54766845703125 -0.86456298828125
-0.0284309387207031 0.0147628784179687 -0.324951171875 -0.796630859375
-0.00859165191650391 0.00805044174194336 -0.63446044921875 -0.1650390625
0.0193061828613281 0.0130863189697266 -0.453948974609375 0.179229736328125
0.0316638946533203 -0.000711441040039062 -0.0930328369140625 0.249374389648437
0.0161552429199219 -0.0185489654541016 0.152633666992188 0.160202026367188
0.0151224136352539 -0.0168771743774414 -0.0636138916015625 -0.176605224609375
0.0321483612060547 0.0153846740722656 0.232772827148438 -0.213882446289063
0.0396652221679688 0.0312461853027344 0.501220703125 -0.019317626953125
0.00549507141113281 0.0346202850341797 0.5340576171875 0.424072265625
-0.0656814575195313 0.0113563537597656 -0.0416259765625001 0.83087158203125
-0.0530929565429688 -0.018524169921875 -0.68505859375 0.70001220703125
-0.0111255645751953 -0.00147438049316406 -0.65411376953125 0.17010498046875
0.0103397369384766 0.0155010223388672 0.15521240234375 0.0986328125
0.00384831428527832 -0.00333428382873535 0.85455322265625 -0.2642822265625
-0.0225677490234375 -0.00290298461914062 0.5015869140625 -0.89019775390625
-0.0278778076171875 0.00721931457519531 -0.36309814453125 -0.76934814453125
-0.0123252868652344 0.00722312927246094 -0.63751220703125 -0.13134765625
0.0163736343383789 0.0128059387207031 -0.4432373046875 0.194183349609375
0.0279350280761719 0.00101661682128906 -0.0846405029296875 0.249420166015625
0.0147743225097656 -0.0139808654785156 0.15997314453125 0.157180786132813
0.0130796432495117 -0.0122652053833008 -0.0603485107421875 -0.17645263671875
0.0277366638183594 0.0198230743408203 0.236618041992188 -0.207412719726563
0.0334739685058594 0.0317115783691406 0.503173828125 -0.004364013671875
-0.00286102294921875 0.0287303924560547 0.519378662109375 0.443756103515625
-0.0630836486816406 -0.000751495361328111 -0.0716552734374999 0.83819580078125
-0.0319004058837891 -0.0309696197509766 -0.70733642578125 0.682373046875
0.0259456634521484 0.000982284545898438 -0.6439208984375 0.15496826171875
0.05078125 0.0255355834960937 0.178421020507813 0.09686279296875
0.0312862396240234 -0.00712776184082031 0.85455322265625 -0.29180908203125
-0.0091238021850586 -0.0164718627929688 0.47308349609375 -0.90472412109375
-0.0283279418945313 -0.00215339660644531 -0.3846435546875 -0.75433349609375
-0.017852783203125 0.00372886657714844 -0.639404296875 -0.1104736328125
0.0117130279541016 0.0130138397216797 -0.436187744140625 0.20709228515625
0.0253181457519531 0.0039520263671875 -0.07989501953125 0.2498779296875
0.0108890533447266 -0.010798454284668 0.164031982421875 0.1552734375
0.0103635787963867 -0.0101480484008789 -0.0592498779296875 -0.175308227539063
0.0251483917236328 0.0214023590087891 0.236801147460937 -0.2047119140625
0.0278167724609375 0.0283088684082031 0.500946044921875 0.003936767578125
-0.00607681274414063 0.021453857421875 0.51373291015625 0.453704833984375
-0.0599937438964844 -0.0131721496582031 -0.08135986328125 0.84130859375
-0.0098876953125 -0.0411720275878906 -0.716552734375 0.6778564453125
0.0663833618164063 0.0009765625 -0.64208984375 0.1490478515625
0.092315673828125 0.034881591796875 0.18524169921875 0.094146728515625
0.0615272521972656 -0.0126724243164063 0.85137939453125 -0.29998779296875
0.00335693359375 -0.0299091339111328 0.4627685546875 -0.906005859375
-0.0286445617675781 -0.0129833221435547 -0.396484375 -0.74908447265625
-0.0248985290527344 0.00163078308105469 -0.64208984375 -0.1033935546875
0.00529670715332031 0.0134897232055664 -0.436553955078125 0.210784912109375
0.0232868194580078 0.00525093078613281 -0.0767059326171875 0.2498779296875
0.0117006301879883 -0.00705909729003906 0.164932250976563 0.153610229492188
0.00812292098999023 -0.00570535659790039 -0.0611114501953125 -0.174530029296875
0.0226612091064453 0.0234413146972656 0.232574462890625 -0.204788208007813
0.0221614837646484 0.0287761688232422 0.49755859375 -0.002288818359375
-0.010960578918457 0.0158538818359375 0.5184326171875 0.447509765625
-0.0584754943847656 -0.0219879150390625 -0.0718994140624999 0.8424072265625
0.00770187377929688 -0.0528488159179688 -0.708251953125 0.68707275390625
0.103141784667969 -0.0028228759765625 -0.64825439453125 0.1510009765625
0.133987426757813 0.0428314208984375 0.1702880859375 0.089019775390625
0.0922088623046875 -0.0160980224609375 0.84857177734375 -0.2908935546875
0.0181922912597656 -0.0415573120117188 0.47589111328125 -0.90234375
-0.0273628234863281 -0.0237827301025391 -0.38409423828125 -0.7567138671875
-0.0303726196289063 -0.00246810913085938 -0.64373779296875 -0.11474609375
0.00148773193359375 0.0144672393798828 -0.4422607421875 0.205780029296875
0.020172119140625 0.00554656982421875 -0.08221435546875 0.24957275390625
0.0114650726318359 -0.00468158721923828 0.167007446289062 0.155181884765625
0.00590133666992187 -0.00297451019287109 -0.066497802734375 -0.173004150390625
0.0209922790527344 0.0233955383300781 0.22442626953125 -0.208755493164062
0.0209217071533203 0.0270938873291016 0.491424560546875 -0.017608642578125
-0.0132160186767578 0.0139684677124023 0.531158447265625 0.425140380859375
-0.0549812316894531 -0.0272674560546875 -0.038330078125 0.83673095703125
0.0195388793945313 -0.0604591369628906 -0.6805419921875 0.70721435546875
0.131385803222656 -0.006744384765625 -0.6605224609375 0.16656494140625
0.168563842773438 0.047821044921875 0.139732360839844 0.0848236083984375
0.118972778320313 -0.0175857543945312 0.84307861328125 -0.2674560546875
0.0305023193359375 -0.0498733520507813 0.507568359375 -0.888427734375
-0.0269603729248047 -0.0320644378662109 -0.360595703125 -0.77789306640625
-0.0363616943359375 -0.00712966918945312 -0.6451416015625 -0.13653564453125
-0.00466156005859375 0.0156641006469727 -0.45501708984375 0.193511962890625
0.0185890197753906 0.00565719604492188 -0.091583251953125 0.250320434570313
0.0120773315429688 -0.00419807434082031 0.163101196289063 0.15496826171875
0.0220794677734375 -0.0247840881347656 -0.088653564453125 -0.166976928710938
0.0394821166992188 0.00241470336914062 0.191131591796875 -0.239730834960938
0.0509452819824219 0.0236244201660156 0.476348876953125 -0.1060791015625
0.0222091674804687 0.0435447692871094 0.595947265625 0.28857421875
-0.056976318359375 0.0415153503417969 0.134521484375 0.77911376953125
-0.0753402709960938 0.0063018798828125 -0.53448486328125 0.795166015625
-0.0527610778808594 -0.000453948974609368 -0.69677734375 0.2679443359375
-0.0334815979003906 0.00181198120117187 0.0185317993164062 0.0910186767578125
-0.02789306640625 0.00499343872070312 0.82427978515625 -0.13592529296875
-0.0390434265136719 0.01214599609375 0.6553955078125 -0.802978515625
-0.0320243835449219 0.0203800201416016 -0.2254638671875 -0.85107421875
-0.008331298828125 0.0144853591918945 -0.6199951171875 -0.24176025390625
0.0193080902099609 0.0158348083496094 -0.47662353515625 0.139892578125
0.0343208312988281 -0.000638961791992188 -0.115615844726563 0.245407104492187
0.0197467803955078 -0.0202198028564453 0.147048950195313 0.161575317382813
0.0209541320800781 -0.0223178863525391 -0.0813140869140625 -0.17181396484375
0.0381317138671875 0.00699615478515625 0.205322265625 -0.233840942382813
0.0479469299316406 0.0266151428222656 0.485931396484375 -0.079132080078125
0.0201034545898437 0.0414886474609375 0.58026123046875 0.33203125
-0.0611610412597656 0.03533935546875 0.0777587890625 0.79925537109375
-0.0745620727539063 0.00241088867187501 -0.58489990234375 0.7646484375
-0.05438232421875 0.00148773193359376 -0.67999267578125 0.23468017578125
-0.0363616943359375 0.00345611572265625 0.0685348510742188 0.0944671630859375
-0.0313606262207031 0.00430870056152343 0.8372802734375 -0.18463134765625
-0.0396003723144531 0.0119819641113281 0.5928955078125 -0.83892822265625
-0.0304298400878906 0.0183086395263672 -0.28143310546875 -0.8211669921875
-0.00747203826904297 0.0137090682983398 -0.628173828125 -0.1956787109375
0.0206031799316406 0.0147533416748047 -0.46160888671875 0.164154052734375
0.0342292785644531 -0.00055694580078125 -0.102752685546875 0.24932861328125
0.017913818359375 -0.0185928344726563 0.151107788085938 0.160659790039063
0.0197334289550781 -0.0200386047363281 -0.07379150390625 -0.17510986328125
0.0361061096191406 0.0102005004882813 0.217941284179687 -0.2264404296875
0.0422592163085938 0.0282096862792969 0.494232177734375 -0.05364990234375
0.01318359375 0.0392646789550781 0.558837890625 0.3751220703125
-0.0645866394042969 0.0255241394042969 0.0199584960937501 0.81524658203125
-0.0673713684082031 -0.00768280029296876 -0.6324462890625 0.73480224609375
-0.0388031005859375 0.000629425048828123 -0.6636962890625 0.20452880859375
-0.02069091796875 0.00836563110351563 0.118255615234375 0.096527099609375
-0.0193233489990234 0.0025177001953125 0.84197998046875 -0.2347412109375
-0.0352897644042969 0.00821685791015625 0.5313720703125 -0.869873046875
-0.0285797119140625 0.0145988464355469 -0.3359375 -0.78741455078125
-0.00922966003417969 0.0101480484008789 -0.63372802734375 -0.1510009765625
0.0199661254882813 0.0130252838134766 -0.447174072265625 0.188018798828125
0.0316791534423828 -8.20159912109375E-05 -0.0903778076171875 0.250045776367188
0.0152473449707031 -0.0187549591064453 0.15679931640625 0.158767700195313
0.0156536102294922 -0.016026496887207 -0.067138671875 -0.175369262695312
0.0318641662597656 0.0152969360351563 0.228042602539063 -0.218719482421875
0.0392379760742188 0.0301551818847656 0.499114990234375 -0.029327392578125
0.00503921508789062 0.0332469940185547 0.53887939453125 0.410919189453125
-0.0661468505859375 0.0133476257324219 -0.0298461914062501 0.83013916015625
-0.0521392822265625 -0.0172538757324219 -0.6705322265625 0.70843505859375
-0.00916767120361328 0.000452041625976563 -0.64874267578125 0.180419921875
0.00918102264404297 0.015106201171875 0.156906127929687 0.097259521484375
0.00182867050170898 -0.00252747535705566 0.84429931640625 -0.27685546875
-0.0229396820068359 -0.00251197814941406 0.48321533203125 -0.89410400390625
-0.028289794921875 0.00765609741210937 -0.37432861328125 -0.76123046875
-0.0115089416503906 0.00676918029785156 -0.63800048828125 -0.118896484375
0.0164422988891602 0.0125541687011719 -0.435516357421875 0.204681396484375
0.02850341796875 0.000680923461914063 -0.0809326171875 0.252655029296875
0.0128402709960938 -0.0151138305664063 0.161407470703125 0.154190063476563
0.0135393142700195 -0.0126161575317383 -0.06243896484375 -0.17681884765625
0.0282020568847656 0.0185470581054688 0.233123779296875 -0.213058471679688
0.0337543487548828 0.0298957824707031 0.5006103515625 -0.014556884765625
-0.00138282775878906 0.0260906219482422 0.524383544921875 0.4346923828125
-0.0643043518066406 -0.000228881835937493 -0.0583496093750001 0.837890625
-0.0330009460449219 -0.0278873443603516 -0.6956787109375 0.69158935546875
0.0268154144287109 -0.000782012939453125 -0.63983154296875 0.16497802734375
0.0485649108886719 0.0240440368652344 0.179534912109375 0.0955963134765625
0.0300979614257813 -0.00940895080566406 0.84381103515625 -0.3006591796875
-0.00951004028320312 -0.0157928466796875 0.4552001953125 -0.9066162109375
-0.0272274017333984 -0.00177192687988281 -0.39691162109375 -0.7427978515625
-0.0178947448730469 0.00448226928710938 -0.63909912109375 -0.09979248046875
0.011383056640625 0.0136356353759766 -0.430938720703125 0.214019775390625
0.0253314971923828 0.00310325622558594 -0.0752410888671875 0.251693725585938
0.0121822357177734 -0.0116367340087891 0.165817260742188 0.152023315429688
0.0100383758544922 -0.00830268859863281 -0.0618896484375 -0.174911499023438
0.0244579315185547 0.0224170684814453 0.23333740234375 -0.209579467773438
0.0286903381347656 0.0296134948730469 0.498687744140625 -0.008026123046875
-0.00638389587402344 0.0206737518310547 0.5185546875 0.44384765625
-0.0608787536621094 -0.0111846923828125 -0.0681152343750001 0.84197998046875
-0.00998306274414063 -0.0388069152832031 -0.70098876953125 0.68817138671875
0.0674591064453125 -0.00104904174804688 -0.6375732421875 0.15850830078125
0.0926284790039063 0.03228759765625 0.183135986328125 0.09136962890625
0.0614204406738281 -0.0134391784667969 0.84173583984375 -0.31121826171875
0.00299072265625 -0.0272483825683594 0.4444580078125 -0.91131591796875
-0.0288734436035156 -0.0132923126220703 -0.4051513671875 -0.7379150390625
-0.0250415802001953 0.000846862792968745 -0.63909912109375 -0.0909423828124999
0.00616931915283203 0.0140981674194336 -0.433990478515625 0.21661376953125
0.0230770111083984 0.00503158569335938 -0.0749053955078125 0.251907348632812
0.0116338729858398 -0.0084228515625 0.166656494140625 0.149810791015625
0.00800848007202149 -0.00557136535644531 -0.06280517578125 -0.173858642578125
0.0225906372070312 0.0239028930664062 0.22955322265625 -0.210906982421875
0.0234127044677734 0.0287933349609375 0.49554443359375 -0.013153076171875
-0.0108423233032227 0.0155115127563477 0.52215576171875 0.437774658203125
-0.0565834045410156 -0.0202293395996094 -0.0583496093750001 0.83978271484375
0.00753402709960937 -0.0517311096191406 -0.6932373046875 0.6968994140625
0.102615356445313 -0.00495147705078125 -0.64306640625 0.16253662109375
0.133506774902344 0.0395431518554688 0.1708984375 0.0876617431640625
0.092071533203125 -0.01763916015625 0.83929443359375 -0.3021240234375
0.0166473388671875 -0.0410957336425781 0.45745849609375 -0.90557861328125
-0.0291538238525391 -0.023681640625 -0.3953857421875 -0.74664306640625
-0.0324554443359375 -0.00113487243652344 -0.64251708984375 -0.10186767578125
0.00124835968017578 0.0141105651855469 -0.43927001953125 0.211944580078125
0.0197505950927734 0.00573158264160156 -0.077911376953125 0.251495361328125
0.0102062225341797 -0.00588130950927734 0.167648315429688 0.15032958984375
0.00548028945922852 -0.00375843048095703 -0.0669708251953125 -0.17034912109375
0.0223140716552734 0.0223941802978516 0.2208251953125 -0.213592529296875
0.0213508605957031 0.0270595550537109 0.490692138671875 -0.0260009765625
-0.0120811462402344 0.0120782852172852 0.533843994140625 0.41510009765625
-0.0554580688476563 -0.0233116149902344 -0.02410888671875 0.8350830078125
0.0179786682128906 -0.0584335327148438 -0.66644287109375 0.718505859375
0.13067626953125 -0.0103683471679688 -0.65521240234375 0.17645263671875
0.16668701171875 0.0449371337890625 0.140304565429688 0.0834503173828125
0.119132995605469 -0.0178604125976563 0.83148193359375 -0.27874755859375
0.0299415588378906 -0.0496444702148438 0.4913330078125 -0.892578125
-0.0288257598876953 -0.0322360992431641 -0.36993408203125 -0.7674560546875
-0.0374984741210937 -0.00371170043945313 -0.64312744140625 -0.1226806640625
-0.00368595123291016 0.0147600173950195 -0.449615478515625 0.200897216796875
0.0186519622802734 0.00756263732910156 -0.0878448486328125 0.25164794921875
0.0104560852050781 -0.00426387786865234 0.165130615234375 0.152938842773438
0.0204029083251953 -0.0249290466308594 -0.0904541015625 -0.166519165039062
0.0368843078613281 0.0011749267578125 0.185546875 -0.24200439453125
0.04986572265625 0.0222320556640625 0.4744873046875 -0.112335205078125
0.0225181579589844 0.0411453247070313 0.5968017578125 0.27685546875
-0.0557212829589844 0.041229248046875 0.1455078125 0.77276611328125
-0.07470703125 0.00778961181640626 -0.51873779296875 0.80029296875
-0.0522804260253906 0.00199127197265626 -0.6883544921875 0.27764892578125
-0.0345458984375 0.00283241271972656 0.0182647705078125 0.090362548828125
-0.0282115936279297 0.00570297241210937 0.8173828125 -0.14715576171875
-0.0380935668945313 0.0130043029785156 0.63861083984375 -0.8074951171875
-0.0303707122802734 0.0185871124267578 -0.2364501953125 -0.8450927734375
-0.00719451904296875 0.0154476165771484 -0.6197509765625 -0.22882080078125
0.0184783935546875 0.0162944793701172 -0.4705810546875 0.148193359375
0.0346870422363281 0.000720977783203125 -0.110855102539063 0.24652099609375
0.0194778442382813 -0.0212326049804688 0.148590087890625 0.159164428710938
0.0202255249023437 -0.0226211547851562 -0.0821075439453125 -0.171554565429688
0.0363960266113281 0.0045318603515625 0.199935913085938 -0.23602294921875
0.0478019714355469 0.0253105163574219 0.483795166015625 -0.085601806640625
0.0200119018554688 0.0405654907226563 0.5799560546875 0.31988525390625
-0.0606575012207031 0.0362281799316406 0.08917236328125 0.79461669921875
-0.0753021240234375 0.00339508056640624 -0.5701904296875 0.77008056640625
-0.0534172058105469 0.00264739990234375 -0.67144775390625 0.24468994140625
-0.0364532470703125 0.00411987304687501 0.0697097778320313 0.09161376953125
-0.0308361053466797 0.00474357604980468 0.82586669921875 -0.19671630859375
-0.0380783081054688 0.0125961303710938 0.57708740234375 -0.84027099609375
-0.0290966033935547 0.0199508666992187 -0.29595947265625 -0.8109130859375
-0.00743198394775391 0.0140542984008789 -0.6279296875 -0.1832275390625
0.021270751953125 0.0141963958740234 -0.456268310546875 0.171539306640625
0.0328083038330078 -0.00077056884765625 -0.0985565185546875 0.250991821289063
0.0160064697265625 -0.0217151641845703 0.152252197265625 0.157257080078125
0.0174598693847656 -0.0190200805664063 -0.075897216796875 -0.174362182617187
0.0354270935058594 0.0102348327636719 0.214019775390625 -0.231231689453125
0.0449752807617188 0.0277061462402344 0.49139404296875 -0.0626220703125
0.0132980346679688 0.0371894836425781 0.5615234375 0.365509033203125
-0.0634117126464844 0.0269393920898437 0.0341796875000001 0.812744140625
-0.0663490295410156 -0.00463867187500001 -0.617919921875 0.740478515625
-0.0394935607910156 0.000839233398437509 -0.65789794921875 0.21185302734375
-0.0209102630615234 0.00788497924804688 0.117019653320312 0.094329833984375
-0.0197696685791016 0.003570556640625 0.82989501953125 -0.24578857421875
-0.0335979461669922 0.00727081298828125 0.51568603515625 -0.871826171875
-0.0282859802246094 0.0174407958984375 -0.34686279296875 -0.77642822265625
-0.00729465484619141 0.0106649398803711 -0.63177490234375 -0.14068603515625
0.0195598602294922 0.0139694213867187 -0.44256591796875 0.194549560546875
0.0319232940673828 0.00107574462890625 -0.0854949951171875 0.252670288085938
0.0139856338500977 -0.0175075531005859 0.158660888671875 0.155044555664062
0.0141353607177734 -0.0158538818359375 -0.0695953369140625 -0.174362182617188
0.0312271118164063 0.0143299102783203 0.224456787109375 -0.220062255859375
0.0390625 0.0290412902832031 0.496856689453125 -0.0379638671875
0.00566482543945313 0.0330562591552734 0.5408935546875 0.401702880859375
-0.0660209655761719 0.0153999328613281 -0.0154418945312501 0.82696533203125
-0.0510520935058594 -0.0157661437988281 -0.65704345703125 0.712646484375
-0.0117025375366211 8.48770141601543E-05 -0.64361572265625 0.186767578125
0.00818824768066406 0.0144224166870117 0.15533447265625 0.094390869140625
0.00234150886535645 -0.00103521347045898 0.8321533203125 -0.28607177734375
-0.0238399505615234 -0.00152206420898437 0.46722412109375 -0.894775390625
-0.0272235870361328 0.00848770141601563 -0.38653564453125 -0.75146484375
-0.0120010375976562 0.00726890563964844 -0.63568115234375 -0.1080322265625
0.016026496887207 0.011958122253418 -0.43109130859375 0.210968017578125
0.0276126861572266 0.00194931030273438 -0.0754852294921875 0.2530517578125
0.0140161514282227 -0.0157947540283203 0.163467407226563 0.151458740234375
0.0136899948120117 -0.0110378265380859 -0.064178466796875 -0.174102783203125
0.0277805328369141 0.0162391662597656 0.228103637695313 -0.216140747070313
0.0345687866210938 0.0288314819335938 0.49639892578125 -0.022796630859375
-0.000761032104492185 0.0260448455810547 0.527618408203125 0.424835205078125
-0.064178466796875 0.00242996215820311 -0.04730224609375 0.8370361328125
-0.0310592651367188 -0.0275001525878906 -0.6795654296875 0.69781494140625
0.0261287689208984 -0.000909805297851563 -0.63348388671875 0.1724853515625
0.0489540100097656 0.0239753723144531 0.177871704101563 0.0933074951171875
0.0294342041015625 -0.00686073303222656 0.83209228515625 -0.31048583984375
-0.0114812850952148 -0.0137805938720703 0.438720703125 -0.90716552734375
-0.0273704528808594 -0.00207328796386718 -0.40618896484375 -0.732421875
-0.0181198120117188 0.00254249572753906 -0.63543701171875 -0.0882568359375
0.0109443664550781 0.012883186340332 -0.425872802734375 0.2197265625
0.0244827270507813 0.00253486633300781 -0.071380615234375 0.25164794921875
0.0113954544067383 -0.0124454498291016 0.166717529296875 0.148468017578125
0.00911998748779297 -0.00746345520019531 -0.063201904296875 -0.173828125
0.0262718200683594 0.0214271545410156 0.229904174804687 -0.213043212890625
0.028533935546875 0.0273456573486328 0.49542236328125 -0.01849365234375
-0.00687408447265625 0.0206851959228516 0.5220947265625 0.431915283203125
-0.0622444152832031 -0.00975036621093749 -0.0558471679687501 0.8411865234375
-0.0104293823242188 -0.0371055603027344 -0.6884765625 0.6961669921875
0.0649452209472656 -0.00159072875976563 -0.632080078125 0.16748046875
0.091217041015625 0.0322723388671875 0.182662963867188 0.0886383056640625
0.0607757568359375 -0.0140762329101562 0.82989501953125 -0.3204345703125
0.00246238708496094 -0.0272274017333984 0.42669677734375 -0.91021728515625
-0.02960205078125 -0.0127639770507812 -0.41461181640625 -0.72760009765625
-0.0251350402832031 0.00185585021972656 -0.637451171875 -0.07891845703125
0.00529384613037109 0.0139551162719727 -0.42730712890625 0.223663330078125
0.0215301513671875 0.00485801696777344 -0.0707855224609375 0.251861572265625
0.00996971130371094 -0.00916481018066406 0.169052124023438 0.147048950195313
0.00695133209228516 -0.00426959991455078 -0.065704345703125 -0.172271728515625
0.0234909057617187 0.0233688354492187 0.2247314453125 -0.21490478515625
0.0236930847167969 0.0279312133789063 0.4918212890625 -0.01904296875
-0.00880908966064453 0.0147590637207031 0.525146484375 0.426544189453125
-0.0592803955078125 -0.0182876586914063 -0.0455322265625 0.83758544921875
0.00582122802734375 -0.0476760864257813 -0.6798095703125 0.70111083984375
0.103309631347656 -0.004669189453125 -0.6387939453125 0.16815185546875
0.132080078125 0.03814697265625 0.16815185546875 0.08599853515625
0.09063720703125 -0.018310546875 0.82562255859375 -0.311279296875
0.0163421630859375 -0.0389785766601563 0.44244384765625 -0.904541015625
-0.0295562744140625 -0.0234966278076172 -0.40338134765625 -0.73504638671875
-0.0312061309814453 -0.00145530700683594 -0.64093017578125 -0.0903320312499999
0.00199222564697266 0.0153713226318359 -0.432373046875 0.219573974609375
0.0193061828613281 0.00642967224121094 -0.0756378173828125 0.253158569335938
0.011322021484375 -0.00600337982177734 0.169784545898438 0.148681640625
0.00555181503295898 -0.00317287445068359 -0.069915771484375 -0.169921875
0.0214080810546875 0.0233669281005859 0.215988159179688 -0.217254638671875
0.0219879150390625 0.0270805358886719 0.4869384765625 -0.034942626953125
-0.0122575759887695 0.0111513137817383 0.5374755859375 0.405731201171875
-0.0576820373535156 -0.0246734619140625 -0.0114135742187499 0.83184814453125
0.0189895629882813 -0.0576553344726563 -0.65277099609375 0.72412109375
0.129035949707031 -0.010894775390625 -0.64886474609375 0.18487548828125
0.165237426757813 0.0433502197265625 0.140525817871094 0.0809326171875
0.117904663085938 -0.019866943359375 0.82318115234375 -0.2869873046875
0.0304145812988281 -0.0501060485839844 0.472900390625 -0.894775390625
-0.0283489227294922 -0.0308494567871094 -0.38177490234375 -0.7579345703125
-0.0369987487792969 -0.00280380249023437 -0.64263916015625 -0.11370849609375
-0.00291252136230469 0.0148582458496094 -0.445220947265625 0.206756591796875
0.0177726745605469 0.00571250915527344 -0.084869384765625 0.252670288085938
0.0100193023681641 -0.00475120544433594 0.166122436523438 0.150177001953125
0.0204849243164063 -0.0251655578613281 -0.0916900634765625 -0.16522216796875
0.0375251770019531 0.00152206420898437 0.181289672851563 -0.244400024414063
0.0489540100097656 0.0209465026855469 0.46917724609375 -0.119537353515625
0.0227432250976562 0.0390892028808594 0.59576416015625 0.2659912109375
-0.0558929443359375 0.0437774658203125 0.154541015625 0.76849365234375
-0.0729293823242188 0.00962829589843749 -0.50592041015625 0.8021240234375
-0.052215576171875 0.00081634521484375 -0.681396484375 0.28363037109375
-0.0337123870849609 0.00405693054199218 0.0172119140625 0.08966064453125
-0.0280323028564453 0.00718116760253906 0.807861328125 -0.15338134765625
-0.0372543334960938 0.014312744140625 0.62530517578125 -0.80841064453125
-0.0315437316894531 0.0203704833984375 -0.24603271484375 -0.83343505859375
-0.00882720947265625 0.0147848129272461 -0.61749267578125 -0.21990966796875
0.0192050933837891 0.0164718627929688 -0.46600341796875 0.154571533203125
0.0331974029541016 -0.00158119201660156 -0.107986450195313 0.247360229492188
0.0178565979003906 -0.0226840972900391 0.150238037109375 0.155838012695313
0.0193614959716797 -0.0226535797119141 -0.0843963623046875 -0.169113159179687
0.0371894836425781 0.00415802001953125 0.195404052734375 -0.239501953125
0.0491294860839844 0.0233116149902344 0.479644775390625 -0.0943603515625
0.0178680419921875 0.0393867492675781 0.5806884765625 0.3101806640625
-0.0603446960449219 0.037628173828125 0.10009765625 0.78955078125
-0.0732040405273437 0.00701141357421875 -0.55670166015625 0.77276611328125
-0.053009033203125 0.00215530395507812 -0.66754150390625 0.250244140625
-0.0374832153320313 0.00401687622070312 0.0706100463867187 0.0911102294921875
-0.0306777954101563 0.00521087646484375 0.81805419921875 -0.20294189453125
-0.0378761291503906 0.0147933959960938 0.5621337890625 -0.842529296875
-0.02880859375 0.0208549499511719 -0.30242919921875 -0.80035400390625
-0.00724029541015625 0.0129327774047852 -0.62713623046875 -0.17413330078125
0.0205230712890625 0.0143280029296875 -0.451934814453125 0.176727294921875
0.0330581665039063 -0.000257492065429688 -0.0956573486328125 0.251327514648438
0.0160465240478516 -0.021209716796875 0.153396606445312 0.154586791992187
0.0180740356445313 -0.0195217132568359 -0.0760955810546875 -0.17230224609375
0.0350704193115234 0.00995445251464844 0.208343505859375 -0.231918334960938
0.0448570251464844 0.0251350402832031 0.48663330078125 -0.06878662109375
0.0133171081542969 0.0359954833984375 0.559967041015625 0.354034423828125
-0.0643501281738281 0.0290946960449219 0.0418701171875001 0.80950927734375
-0.0662918090820313 -0.0035247802734375 -0.60540771484375 0.7427978515625
-0.0387306213378906 0.000526428222656254 -0.6490478515625 0.21826171875
-0.0225601196289063 0.00884437561035156 0.115875244140625 0.0930099487304688
-0.0192489624023438 0.00359344482421875 0.82183837890625 -0.2513427734375
-0.0324382781982422 0.00992012023925781 0.50018310546875 -0.8714599609375
-0.0291252136230469 0.0163974761962891 -0.35601806640625 -0.76519775390625
-0.00884532928466797 0.0116157531738281 -0.629638671875 -0.13043212890625
0.0183849334716797 0.0128688812255859 -0.4371337890625 0.198272705078125
0.0304355621337891 -0.00030517578125 -0.08209228515625 0.252426147460938
0.0129280090332031 -0.0189342498779297 0.1595458984375 0.152328491210937
0.0148735046386719 -0.0157070159912109 -0.0709381103515625 -0.173095703125
0.0329666137695313 0.0141792297363281 0.218582153320313 -0.224075317382813
0.0387535095214844 0.0270919799804688 0.492950439453125 -0.04583740234375
0.00632286071777344 0.030975341796875 0.541961669921875 0.3914794921875
-0.0653724670410156 0.0169029235839844 -0.00402832031249996 0.82330322265625
-0.0500030517578125 -0.0137214660644531 -0.64263916015625 0.71612548828125
-0.0105829238891602 0.000833511352539061 -0.6348876953125 0.1942138671875
0.00871181488037109 0.0154685974121094 0.155059814453125 0.090789794921875
0.00211203098297119 -0.000520944595336914 0.8233642578125 -0.29150390625
-0.0235309600830078 -0.000385284423828125 0.453369140625 -0.8927001953125
-0.0288410186767578 0.00810050964355468 -0.39166259765625 -0.74066162109375
-0.0130167007446289 0.00869655609130859 -0.63214111328125 -0.0973510742187501
0.0163402557373047 0.0135650634765625 -0.425323486328125 0.216644287109375
0.0280570983886719 0.000120162963867188 -0.073272705078125 0.251785278320313
0.0113039016723633 -0.0172948837280273 0.16448974609375 0.14849853515625
0.012181282043457 -0.0113945007324219 -0.06689453125 -0.173431396484375
0.0273971557617187 0.0183448791503906 0.224472045898438 -0.21917724609375
0.0333480834960937 0.0260372161865234 0.49493408203125 -0.030548095703125
-0.00139236450195312 0.0243968963623047 0.528106689453125 0.4149169921875
-0.0631065368652344 0.00369262695312499 -0.0345458984375 0.83294677734375
-0.0314426422119141 -0.0253963470458984 -0.6683349609375 0.70306396484375
0.0261936187744141 -6.866455078125E-05 -0.62701416015625 0.1790771484375
0.0482177734375 0.0221824645996094 0.176528930664063 0.090362548828125
0.0300807952880859 -0.00810623168945313 0.8218994140625 -0.318603515625
-0.0112466812133789 -0.0130405426025391 0.42315673828125 -0.9058837890625
-0.0280933380126953 -0.000570297241210935 -0.41302490234375 -0.72344970703125
-0.0177173614501953 0.00583648681640625 -0.633544921875 -0.0769042968750001
0.0102758407592773 0.0125761032104492 -0.4207763671875 0.226165771484375
0.0241107940673828 0.000925064086914063 -0.0686798095703125 0.251373291015625
0.010807991027832 -0.0128898620605469 0.16766357421875 0.146194458007813
0.00965595245361328 -0.00817012786865234 -0.06591796875 -0.17303466796875
0.0256614685058594 0.0216960906982422 0.2252197265625 -0.216461181640625
0.027862548828125 0.0271625518798828 0.49273681640625 -0.023345947265625
-0.00618553161621094 0.0184822082519531 0.523223876953125 0.42327880859375
-0.0613365173339844 -0.00882720947265624 -0.04510498046875 0.8370361328125
-0.0103340148925781 -0.0358047485351563 -0.67486572265625 0.7003173828125
0.0663909912109375 -0.00197601318359375 -0.6259765625 0.17242431640625
0.0904922485351562 0.0303802490234375 0.1820068359375 0.0869903564453125
0.0605697631835938 -0.0146369934082031 0.8182373046875 -0.3277587890625
0.00180625915527343 -0.0262317657470703 0.4124755859375 -0.91033935546875
-0.0298500061035156 -0.0118656158447266 -0.42242431640625 -0.716552734375
-0.0247116088867188 0.00277519226074219 -0.6353759765625 -0.0698852539062501
0.00604724884033203 0.0139570236206055 -0.419921875 0.228729248046875
0.0224323272705078 0.0035858154296875 -0.067047119140625 0.253326416015625
0.00940418243408203 -0.00995349884033203 0.169921875 0.1444091796875
0.00854730606079102 -0.00434970855712891 -0.06646728515625 -0.170913696289063
0.0243492126464844 0.02215576171875 0.220733642578125 -0.216201782226563
0.0229740142822266 0.0254573822021484 0.487823486328125 -0.02734375
-0.0105762481689453 0.0144138336181641 0.526397705078125 0.41741943359375
-0.0587882995605469 -0.0174751281738281 -0.03228759765625 0.83514404296875
0.00796127319335937 -0.0474395751953125 -0.665283203125 0.7081298828125
0.101348876953125 -0.00669097900390625 -0.630126953125 0.17559814453125
0.130897521972656 0.035675048828125 0.168594360351563 0.0823822021484375
0.08868408203125 -0.0185699462890625 0.8145751953125 -0.31683349609375
0.0155487060546875 -0.0390243530273438 0.42669677734375 -0.90338134765625
-0.0305900573730469 -0.0223407745361328 -0.41290283203125 -0.7257080078125
-0.0339069366455078 9.53674316406309E-06 -0.63677978515625 -0.0799560546874999
0.00110912322998047 0.0152969360351562 -0.4278564453125 0.224884033203125
0.0183086395263672 0.00618743896484375 -0.071380615234375 0.252838134765625
0.00960826873779297 -0.00743389129638672 0.170486450195313 0.146377563476563
0.0063624382019043 -0.00338888168334961 -0.0712738037109375 -0.169387817382813
0.0219211578369141 0.0222282409667969 0.211441040039063 -0.219894409179687
0.0212116241455078 0.0241050720214844 0.48382568359375 -0.04168701171875
-0.0128965377807617 0.0117521286010742 0.537353515625 0.3946533203125
-0.0568695068359375 -0.0226821899414063 -0.00207519531249996 0.82928466796875
0.017730712890625 -0.0562210083007812 -0.63909912109375 0.724853515625
0.1273193359375 -0.012908935546875 -0.6434326171875 0.191162109375
0.164566040039063 0.04071044921875 0.137359619140625 0.079071044921875
0.115425109863281 -0.0195846557617188 0.8121337890625 -0.293212890625
0.0281219482421875 -0.0490188598632812 0.45867919921875 -0.89215087890625
-0.0292110443115234 -0.0310382843017578 -0.38836669921875 -0.74542236328125
-0.0373878479003906 -0.00127792358398438 -0.64044189453125 -0.10223388671875
-0.00257205963134766 0.0155086517333984 -0.44085693359375 0.2132568359375
0.0168132781982422 0.00620555877685547 -0.0808563232421875 0.253707885742188
0.00998783111572266 -0.00541210174560547 0.167251586914063 0.14630126953125
0.0209484100341797 -0.0259418487548828 -0.0930328369140625 -0.164047241210937
0.0373191833496094 0.00145721435546875 0.17724609375 -0.245742797851563
0.0512466430664063 0.0202445983886719 0.46392822265625 -0.127044677734375
0.0211448669433594 0.037567138671875 0.5931396484375 0.2578125
-0.0546875 0.0433883666992187 0.16143798828125 0.761962890625
-0.0732498168945312 0.0112762451171875 -0.492919921875 0.8017578125
-0.0528144836425781 0.00146484374999999 -0.6715087890625 0.288330078125
-0.0342350006103516 0.00337600708007812 0.016998291015625 0.0890350341796875
-0.0280818939208984 0.0077056884765625 0.79998779296875 -0.15887451171875
-0.0380706787109375 0.0147361755371094 0.6080322265625 -0.80694580078125
-0.0307884216308594 0.0188808441162109 -0.2529296875 -0.8248291015625
-0.00901222229003906 0.0141754150390625 -0.61541748046875 -0.2108154296875
0.0186996459960938 0.0161800384521484 -0.45977783203125 0.15972900390625
0.0327777862548828 -0.00057220458984375 -0.1063232421875 0.247604370117188
0.0189247131347656 -0.0233612060546875 0.150070190429688 0.15362548828125
0.0194721221923828 -0.0229530334472656 -0.0858917236328125 -0.168685913085938
0.0366020202636719 0.00481414794921875 0.193145751953125 -0.240402221679688
0.0486907958984375 0.0218658447265625 0.4766845703125 -0.101287841796875
0.0204925537109375 0.0378837585449219 0.57806396484375 0.30218505859375
-0.0601348876953125 0.0393295288085938 0.10736083984375 0.78277587890625
-0.0724334716796875 0.00682830810546874 -0.54278564453125 0.7723388671875
-0.051788330078125 0.00375747680664063 -0.65826416015625 0.25390625
-0.0373039245605469 0.00413894653320313 0.069183349609375 0.090301513671875
-0.0300331115722656 0.00680732727050781 0.80889892578125 -0.2091064453125
-0.0375213623046875 0.0166397094726562 0.547119140625 -0.84130859375
-0.0288276672363281 0.0224380493164063 -0.3094482421875 -0.79107666015625
-0.00726127624511719 0.0130224227905273 -0.621337890625 -0.16375732421875
0.0188694000244141 0.0143909454345703 -0.444793701171875 0.183624267578125
0.0312976837158203 -0.00080108642578125 -0.0912017822265625 0.251388549804688
0.0149307250976563 -0.0217533111572266 0.15582275390625 0.1522216796875
0.0178852081298828 -0.0202083587646484 -0.078704833984375 -0.172775268554688
0.0348873138427734 0.00868034362792969 0.206069946289062 -0.2342529296875
0.0454902648925781 0.0245323181152344 0.481658935546875 -0.0755615234375
0.0134773254394531 0.0362815856933594 0.5611572265625 0.34637451171875
-0.0637016296386719 0.0299186706542969 0.0531005859374999 0.8038330078125
-0.0642051696777344 0.000709533691406253 -0.5919189453125 0.74365234375
-0.0385856628417969 0.00177001953125 -0.64202880859375 0.2215576171875
-0.0221023559570313 0.00862884521484375 0.116157531738281 0.091827392578125
-0.0206699371337891 0.00295257568359375 0.80975341796875 -0.25616455078125
-0.0329303741455078 0.0095062255859375 0.48779296875 -0.86932373046875
-0.0285854339599609 0.0180187225341797 -0.36114501953125 -0.75531005859375
-0.00903892517089844 0.0115432739257813 -0.62628173828125 -0.12213134765625
0.0192070007324219 0.0141220092773438 -0.4300537109375 0.2047119140625
0.0301895141601563 -0.00025177001953125 -0.080718994140625 0.252044677734375
0.0114631652832031 -0.0195026397705078 0.16021728515625 0.14996337890625
0.0152473449707031 -0.0161151885986328 -0.070404052734375 -0.172882080078125
0.0310802459716797 0.0133285522460938 0.213470458984375 -0.226409912109375
0.0401611328125 0.0265960693359375 0.48944091796875 -0.05255126953125
0.00544548034667968 0.0298786163330078 0.541900634765625 0.383819580078125
-0.0636634826660156 0.0195350646972656 0.00360107421875007 0.819580078125
-0.0507011413574219 -0.0105323791503906 -0.6298828125 0.72021484375
-0.0102930068969727 0.000493049621582032 -0.626953125 0.19952392578125
0.00727748870849609 0.0137128829956055 0.152679443359375 0.0908966064453125
0.00334286689758301 -0.000365495681762695 0.81134033203125 -0.29644775390625
-0.0211658477783203 0.00116539001464844 0.438720703125 -0.89154052734375
-0.0279254913330078 0.00932502746582032 -0.3984375 -0.728759765625
-0.0120859146118164 0.00862884521484375 -0.6278076171875 -0.0874023437500001
0.0153055191040039 0.0123720169067383 -0.41925048828125 0.219146728515625
0.0258102416992187 0.000209808349609375 -0.0699615478515625 0.253250122070313
0.0106449127197266 -0.0168046951293945 0.165069580078125 0.145156860351563
0.0111169815063477 -0.0118255615234375 -0.06732177734375 -0.1719970703125
0.0293731689453125 0.0177841186523438 0.219757080078125 -0.221115112304687
0.0342178344726563 0.0270252227783203 0.4910888671875 -0.03656005859375
-0.00116920471191406 0.0237674713134766 0.52972412109375 0.405914306640625
-0.0640182495117188 0.00497817993164063 -0.0254516601562501 0.82904052734375
-0.0313777923583984 -0.0220966339111328 -0.65582275390625 0.7037353515625
0.026123046875 -0.00042724609375 -0.62188720703125 0.18402099609375
0.0473213195800781 0.0212249755859375 0.17388916015625 0.088623046875
0.0283775329589844 -0.0067138671875 0.8084716796875 -0.32159423828125
-0.00989913940429687 -0.0119037628173828 0.40789794921875 -0.90020751953125
-0.0287551879882813 -0.00141143798828125 -0.4200439453125 -0.71148681640625
-0.0184822082519531 0.006072998046875 -0.62945556640625 -0.06793212890625
0.0102262496948242 0.0128622055053711 -0.4141845703125 0.2286376953125
0.0216598510742187 -0.00011444091796875 -0.0663909912109375 0.250808715820312
0.0116357803344727 -0.0132083892822266 0.167343139648438 0.14312744140625
0.00833320617675781 -0.00813722610473633 -0.0657501220703125 -0.17279052734375
0.0269680023193359 0.0200862884521484 0.219772338867187 -0.219100952148438
0.0282821655273437 0.0261344909667969 0.489166259765625 -0.0296630859375
-0.00695991516113281 0.0174369812011719 0.523651123046875 0.4136962890625
-0.0613365173339844 -0.00670623779296876 -0.0346679687500001 0.83203125
-0.008819580078125 -0.0357017517089844 -0.66253662109375 0.701416015625
0.0638313293457031 -0.00300979614257813 -0.62030029296875 0.1768798828125
0.0890884399414063 0.0288238525390625 0.180999755859375 0.0858154296875
0.0592308044433594 -0.0134773254394531 0.80670166015625 -0.3319091796875
0.00205230712890625 -0.0257225036621094 0.3992919921875 -0.90545654296875
-0.0309562683105469 -0.0103950500488281 -0.42657470703125 -0.70703125
-0.0266399383544922 0.00343894958496094 -0.63031005859375 -0.0612792968749999
0.00732231140136719 0.0151205062866211 -0.414398193359375 0.233184814453125
0.0221595764160156 0.00298690795898438 -0.0654449462890625 0.252426147460938
0.00877475738525391 -0.00881099700927734 0.171218872070312 0.141738891601563
0.00630855560302734 -0.00461292266845703 -0.06756591796875 -0.170074462890625
0.0243053436279297 0.0228786468505859 0.217086791992188 -0.21826171875
0.0232295989990234 0.0262985229492188 0.484710693359375 -0.033294677734375
-0.0109329223632813 0.0128984451293945 0.527984619140625 0.408416748046875
-0.0570526123046875 -0.0151405334472656 -0.02374267578125 0.83099365234375
0.00751495361328125 -0.0475692749023437 -0.654052734375 0.70806884765625
0.101371765136719 -0.0076751708984375 -0.62530517578125 0.18212890625
0.129348754882813 0.03558349609375 0.168853759765625 0.0807342529296875
0.0888442993164062 -0.0188140869140625 0.80316162109375 -0.3232421875
0.0141487121582031 -0.0384445190429688 0.41400146484375 -0.898193359375
-0.0316848754882813 -0.0220375061035156 -0.41796875 -0.7158203125
-0.033447265625 0.00138282775878906 -0.632080078125 -0.07061767578125
9.05990600585934E-05 0.0167741775512695 -0.420867919921875 0.226531982421875
0.0180950164794922 0.00433921813964844 -0.06927490234375 0.252700805664062
0.00947189331054687 -0.00821781158447266 0.17034912109375 0.143524169921875
0.00475931167602539 -0.0028223991394043 -0.0725555419921875 -0.16778564453125
0.0216636657714844 0.0219841003417969 0.207672119140625 -0.221298217773438
0.0214672088623047 0.0240497589111328 0.479461669921875 -0.048675537109375
-0.0128564834594727 0.0125799179077148 0.537139892578125 0.386016845703125
-0.0562591552734375 -0.0204582214355469 0.00793457031249995 0.8238525390625
0.0187606811523438 -0.0566024780273438 -0.62481689453125 0.73004150390625
0.126510620117188 -0.0130233764648437 -0.63323974609375 0.1968994140625
0.162582397460938 0.041015625 0.136711120605469 0.0790328979492188
0.115440368652344 -0.0201873779296875 0.79998779296875 -0.29827880859375
0.0273323059082031 -0.0472030639648437 0.444580078125 -0.8900146484375
-0.0288333892822266 -0.0304107666015625 -0.39276123046875 -0.7352294921875
-0.0381011962890625 -0.00258636474609376 -0.63690185546875 -0.09429931640625
-0.00364112854003906 0.0172462463378906 -0.433685302734375 0.218505859375
0.0166864395141602 0.00661659240722656 -0.0785675048828125 0.25311279296875
0.00833606719970703 -0.00578403472900391 0.167892456054688 0.143844604492188
0.0204811096191406 -0.0247535705566406 -0.0937347412109375 -0.1629638671875
0.0373153686523438 0.000774383544921875 0.174728393554688 -0.245864868164063
0.0489120483398438 0.0181198120117188 0.459503173828125 -0.13189697265625
0.0219841003417969 0.0354461669921875 0.59130859375 0.2510986328125
-0.0547904968261719 0.0441741943359375 0.1661376953125 0.75372314453125
-0.0706787109375 0.0135498046875 -0.4820556640625 0.79840087890625
-0.0512351989746094 0.00280380249023438 -0.6636962890625 0.291259765625
-0.0343704223632813 0.00415611267089845 0.0175704956054688 0.08837890625
-0.0286083221435547 0.00800895690917969 0.7890625 -0.16375732421875
-0.0367012023925781 0.0163040161132813 0.59796142578125 -0.8043212890625
-0.0299491882324219 0.0198707580566406 -0.25653076171875 -0.8143310546875
-0.00934314727783203 0.0155878067016602 -0.61297607421875 -0.2015380859375
0.0188827514648438 0.0166358947753906 -0.45263671875 0.163116455078125
0.0333213806152344 -0.0010223388671875 -0.103286743164063 0.24871826171875
0.0171527862548828 -0.0224246978759766 0.152130126953125 0.151275634765625
0.0191268920898438 -0.0233535766601563 -0.0859527587890625 -0.167526245117187
0.0372123718261719 0.00342559814453125 0.1878662109375 -0.2420654296875
0.0471878051757813 0.0200157165527344 0.46875 -0.107818603515625
0.01849365234375 0.0358848571777344 0.57623291015625 0.2933349609375
-0.0585212707519531 0.040130615234375 0.11517333984375 0.7757568359375
-0.0699729919433594 0.0103378295898437 -0.53057861328125 0.77032470703125
-0.0540809631347656 0.003143310546875 -0.648681640625 0.257568359375
-0.0374794006347656 0.00469207763671875 0.06744384765625 0.0887908935546875
-0.0307579040527344 0.00765228271484375 0.797119140625 -0.2122802734375
-0.0353965759277344 0.0160942077636719 0.5362548828125 -0.83526611328125
-0.0299186706542969 0.0213451385498047 -0.31427001953125 -0.7803955078125
-0.00737953186035157 0.0137729644775391 -0.61773681640625 -0.15618896484375
0.0193691253662109 0.0145187377929688 -0.440155029296875 0.1849365234375
0.0321254730224609 -0.00049591064453125 -0.0897979736328125 0.250518798828125
0.0143890380859375 -0.0226345062255859 0.1552734375 0.14947509765625
0.0175991058349609 -0.0213241577148437 -0.0785064697265625 -0.170547485351563
0.0349102020263672 0.00961494445800781 0.200881958007813 -0.234786987304688
0.0450325012207031 0.0223159790039062 0.477996826171875 -0.080169677734375
0.0124282836914063 0.0336837768554688 0.5584716796875 0.3394775390625
-0.0624237060546875 0.0305595397949219 0.0572509765625001 0.79681396484375
-0.0629348754882813 0.00133514404296874 -0.580810546875 0.74334716796875
-0.0390739440917969 0.00202178955078126 -0.6363525390625 0.22564697265625
-0.0221195220947266 0.00885581970214844 0.116157531738281 0.0907135009765625
-0.0194587707519531 0.00550460815429688 0.7994384765625 -0.26031494140625
-0.0310649871826172 0.00916290283203126 0.475341796875 -0.8636474609375
-0.0282974243164063 0.0178794860839844 -0.36553955078125 -0.7470703125
-0.00821971893310547 0.0131473541259766 -0.6221923828125 -0.1148681640625
0.0193538665771484 0.0130386352539063 -0.426666259765625 0.20648193359375
0.0314044952392578 -0.000631332397460938 -0.076629638671875 0.252838134765625
0.0123786926269531 -0.0186233520507813 0.16162109375 0.147232055664062
0.0150642395019531 -0.015960693359375 -0.073211669921875 -0.17108154296875
0.0334205627441406 0.0137653350830078 0.210739135742188 -0.228775024414063
0.0379371643066406 0.0264053344726562 0.484161376953125 -0.057403564453125
0.00649261474609375 0.0295314788818359 0.54144287109375 0.372528076171875
-0.0645484924316406 0.0191688537597656 0.01190185546875 0.815185546875
-0.0483932495117188 -0.0084381103515625 -0.61810302734375 0.72052001953125
-0.0112934112548828 0.000205039978027346 -0.62139892578125 0.201904296875
0.00853347778320313 0.0146160125732422 0.152511596679688 0.0890045166015625
0.00195193290710449 -0.000928878784179687 0.8006591796875 -0.29901123046875
-0.0223979949951172 0.00131988525390625 0.42584228515625 -0.8851318359375
-0.0279102325439453 0.010162353515625 -0.40081787109375 -0.718994140625
-0.013153076171875 0.00873565673828125 -0.6229248046875 -0.0786743164062501
0.0164709091186523 0.0126581192016602 -0.4136962890625 0.222625732421875
0.0259170532226563 0.00107002258300781 -0.06842041015625 0.252182006835938
0.0103092193603516 -0.01739501953125 0.165481567382813 0.14312744140625
0.0113286972045898 -0.010986328125 -0.0687713623046875 -0.171844482421875
0.0288314819335937 0.0177650451660156 0.215713500976563 -0.222183227539062
0.0335369110107422 0.0247764587402344 0.485260009765625 -0.041168212890625
-0.001007080078125 0.0228099822998047 0.52642822265625 0.397735595703125
-0.06329345703125 0.00728988647460937 -0.01824951171875 0.82373046875
-0.0293788909912109 -0.0217323303222656 -0.6427001953125 0.7047119140625
0.025604248046875 -0.00179481506347656 -0.61456298828125 0.18670654296875
0.0448226928710938 0.020965576171875 0.173126220703125 0.0873260498046875
0.0285053253173828 -0.00608444213867188 0.80157470703125 -0.32354736328125
-0.0105247497558594 -0.0116214752197266 0.39849853515625 -0.89569091796875
-0.0274429321289063 -7.05718994140656E-05 -0.42169189453125 -0.701171875
-0.0199546813964844 0.00572586059570312 -0.62554931640625 -0.0605468750000001
0.012385368347168 0.0142650604248047 -0.407073974609375 0.231475830078125
0.0237369537353516 0.00317192077636719 -0.063079833984375 0.2518310546875
0.0098428726196289 -0.0127906799316406 0.16937255859375 0.140213012695313
0.00802803039550781 -0.00765228271484375 -0.067962646484375 -0.169815063476563
0.0265598297119141 0.0208988189697266 0.216598510742188 -0.219955444335938
0.0281200408935547 0.0249366760253906 0.484283447265625 -0.034210205078125
-0.00693798065185547 0.016972541809082 0.52325439453125 0.4052734375
-0.0608329772949219 -0.00562286376953125 -0.02801513671875 0.8260498046875
-0.00897789001464843 -0.032470703125 -0.65093994140625 0.7017822265625
0.0641517639160156 -0.00513076782226563 -0.60980224609375 0.1805419921875
0.08624267578125 0.0290985107421875 0.179031372070313 0.083038330078125
0.058074951171875 -0.0138473510742188 0.79547119140625 -0.33416748046875
0.00179862976074219 -0.0243244171142578 0.38763427734375 -0.89971923828125
-0.0295829772949219 -0.0104866027832031 -0.42974853515625 -0.6954345703125
-0.0263481140136719 0.00452804565429687 -0.62518310546875 -0.05389404296875
0.00747871398925781 0.0157222747802734 -0.408538818359375 0.235504150390625
0.020477294921875 0.00307083129882813 -0.0619354248046875 0.25103759765625
0.00778102874755859 -0.00991916656494141 0.170654296875 0.139892578125
0.00795888900756836 -0.00446224212646484 -0.06982421875 -0.16961669921875
0.0245361328125 0.0217990875244141 0.211822509765625 -0.218826293945312
0.0234222412109375 0.0238819122314453 0.4803466796875 -0.038238525390625
-0.0126056671142578 0.0113582611083984 0.52642822265625 0.4002685546875
-0.0589141845703125 -0.014190673828125 -0.0175781250000001 0.825439453125
0.00727081298828124 -0.04412841796875 -0.64239501953125 0.7098388671875
0.0985870361328125 -0.0087890625 -0.61846923828125 0.18511962890625
0.127464294433594 0.03497314453125 0.16510009765625 0.0797576904296875
0.0869598388671875 -0.0177154541015625 0.79437255859375 -0.32635498046875
0.0147743225097656 -0.0368080139160156 0.40228271484375 -0.89422607421875
-0.0297794342041016 -0.022125244140625 -0.42083740234375 -0.70361328125
-0.0309371948242187 0.00126457214355469 -0.62847900390625 -0.0636596679687499
0.000677108764648438 0.0150146484375 -0.415374755859375 0.231231689453125
0.0198020935058594 0.00509834289550781 -0.0671539306640625 0.25103759765625
0.00960445404052734 -0.00731182098388672 0.171218872070313 0.138214111328125
0.00473308563232422 -0.00332307815551758 -0.07373046875 -0.168182373046875
0.0237617492675781 0.0212364196777344 0.204208374023438 -0.222808837890625
0.0206527709960937 0.0231800079345703 0.475311279296875 -0.0521240234375
-0.0134525299072266 0.010432243347168 0.53839111328125 0.377166748046875
-0.0560874938964844 -0.0189437866210937 0.0148925781250001 0.81781005859375
0.0172042846679688 -0.0534896850585937 -0.613037109375 0.728759765625
0.125602722167969 -0.0145416259765625 -0.62689208984375 0.199462890625
0.161026000976562 0.0382537841796875 0.135505676269531 0.0775527954101563
0.113609313964844 -0.02142333984375 0.7911376953125 -0.3023681640625
0.0273895263671875 -0.0462493896484375 0.43310546875 -0.88275146484375
-0.0293960571289063 -0.0282020568847656 -0.396484375 -0.72540283203125
-0.0374908447265625 -0.00210952758789063 -0.6307373046875 -0.0860595703124999
-0.00318336486816406 0.0168294906616211 -0.427642822265625 0.223236083984375
0.0170421600341797 0.00666236877441406 -0.0756988525390625 0.253814697265625
0.00897789001464844 -0.00557899475097656 0.168197631835938 0.142669677734375
0.0187225341796875 -0.0231571197509766 -0.094390869140625 -0.162521362304688
0.0387840270996094 0.0009765625 0.169967651367188 -0.2479248046875
0.0499458312988281 0.0185928344726563 0.45458984375 -0.133087158203125
0.0216560363769531 0.0353050231933594 0.5859375 0.24407958984375
-0.0522270202636719 0.0461616516113281 0.16937255859375 0.74853515625
-0.0684471130371094 0.014495849609375 -0.47308349609375 0.7962646484375
-0.0512657165527344 0.00265121459960937 -0.65716552734375 0.2916259765625
-0.0352249145507813 0.00401687622070313 0.0181655883789062 0.087249755859375
-0.0280857086181641 0.00871849060058594 0.78131103515625 -0.16485595703125
-0.0367279052734375 0.0171852111816406 0.5849609375 -0.8006591796875
-0.0302009582519531 0.0206279754638672 -0.2615966796875 -0.8055419921875
-0.00865650177001953 0.0152730941772461 -0.6080322265625 -0.19512939453125
0.0183486938476563 0.0169506072998047 -0.448486328125 0.163909912109375
0.0305690765380859 -0.00123786926269531 -0.099090576171875 0.246673583984375
0.0158672332763672 -0.0238666534423828 0.152191162109375 0.149398803710938
0.0186500549316406 -0.0221290588378906 -0.0849761962890625 -0.167694091796875
0.0372848510742188 0.00490570068359375 0.183273315429687 -0.242919921875
0.0483589172363281 0.019378662109375 0.46502685546875 -0.110321044921875
0.0169830322265625 0.0342178344726563 0.57257080078125 0.28607177734375
-0.0583610534667969 0.04083251953125 0.11663818359375 0.7694091796875
-0.06982421875 0.00985336303710939 -0.52252197265625 0.77081298828125
-0.0527877807617188 0.00298309326171874 -0.64569091796875 0.25946044921875
-0.0377693176269531 0.00433731079101562 0.0657119750976563 0.089141845703125
-0.0298938751220703 0.00831413269042969 0.78692626953125 -0.21392822265625
-0.0370559692382813 0.0169830322265625 0.5247802734375 -0.83160400390625
-0.0292015075683594 0.0204925537109375 -0.31939697265625 -0.77337646484375
-0.00799369812011719 0.0144748687744141 -0.61383056640625 -0.149658203125
0.0195102691650391 0.0141563415527344 -0.433807373046875 0.188262939453125
0.0324134826660156 -0.00139427185058594 -0.0890045166015625 0.24981689453125
0.0135822296142578 -0.02252197265625 0.155914306640625 0.148056030273438
0.0175971984863281 -0.0197353363037109 -0.078704833984375 -0.16973876953125
0.0357666015625 0.00991058349609375 0.197341918945313 -0.235107421875
0.0440711975097656 0.0218009948730469 0.474029541015625 -0.084228515625
0.0107917785644531 0.0330371856689453 0.556610107421875 0.331207275390625
-0.0613670349121094 0.03271484375 0.06146240234375 0.79266357421875
-0.0629959106445313 0.00422668457031249 -0.57318115234375 0.74053955078125
-0.0378646850585938 0.00193023681640626 -0.62841796875 0.227294921875
-0.0219764709472656 0.00798606872558594 0.113792419433594 0.0889892578125
-0.018951416015625 0.0053253173828125 0.79058837890625 -0.26239013671875
-0.0304031372070312 0.0122318267822266 0.46307373046875 -0.86126708984375
-0.0282440185546875 0.0173587799072266 -0.36871337890625 -0.73602294921875
-0.00837135314941406 0.0116872787475586 -0.616455078125 -0.10723876953125
0.0202407836914063 0.0129604339599609 -0.417510986328125 0.20849609375
0.0285243988037109 -0.000562667846679688 -0.0769195556640625 0.252471923828125
0.0123729705810547 -0.0193805694580078 0.161331176757813 0.145751953125
0.0141201019287109 -0.0157670974731445 -0.0731048583984375 -0.170318603515625
0.0321826934814453 0.0142726898193359 0.207046508789063 -0.230270385742188
0.0396232604980469 0.0241775512695313 0.479949951171875 -0.061126708984375
0.00625038146972656 0.0289440155029297 0.53692626953125 0.36688232421875
-0.0632972717285156 0.0208663940429687 0.01666259765625 0.8072509765625
-0.0486488342285156 -0.00668716430664063 -0.60888671875 0.718017578125
-0.0121965408325195 -5.91278076171865E-05 -0.61456298828125 0.204833984375
0.00609683990478516 0.0128021240234375 0.149887084960938 0.087158203125
0.00185990333557129 0.000219464302062988 0.78985595703125 -0.30218505859375
-0.0214614868164063 0.00308990478515625 0.41668701171875 -0.8798828125
-0.0270423889160156 0.0111217498779297 -0.40313720703125 -0.70916748046875
-0.0135536193847656 0.00827789306640625 -0.61883544921875 -0.0763549804687499
0.0152006149291992 0.0123758316040039 -0.40777587890625 0.22515869140625
0.02618408203125 0.00110626220703125 -0.0670013427734375 0.251266479492188
0.0101432800292969 -0.0167961120605469 0.165756225585938 0.1412353515625
0.0113725662231445 -0.0105371475219727 -0.069000244140625 -0.171112060546875
0.0283985137939453 0.0171604156494141 0.212142944335937 -0.223526000976562
0.0310420989990234 0.0241069793701172 0.481109619140625 -0.045745849609375
-0.00100898742675781 0.0211963653564453 0.525604248046875 0.39178466796875
-0.0605392456054687 0.00934982299804689 -0.0130615234375 0.81817626953125
-0.0283241271972656 -0.0192737579345703 -0.63348388671875 0.70172119140625
0.0255088806152344 -0.00121879577636719 -0.60699462890625 0.18756103515625
0.0452384948730469 0.0207862854003906 0.171920776367188 0.08575439453125
0.02911376953125 -0.00502777099609375 0.788330078125 -0.3240966796875
-0.00966644287109375 -0.0101470947265625 0.387939453125 -0.88970947265625
-0.0284748077392578 0.000476837158203121 -0.4222412109375 -0.69256591796875
-0.0188369750976563 0.00782394409179688 -0.6177978515625 -0.0550537109375
0.0117368698120117 0.0149307250976563 -0.4027099609375 0.2335205078125
0.0235118865966797 0.00287437438964844 -0.0601348876953125 0.251007080078125
0.00823307037353516 -0.014002799987793 0.169082641601563 0.139083862304688
0.00737333297729492 -0.00684547424316406 -0.0680389404296875 -0.16998291015625
0.027374267578125 0.0204887390136719 0.212356567382813 -0.220489501953125
0.0278186798095703 0.02392578125 0.479034423828125 -0.038909912109375
-0.00696754455566406 0.0161571502685547 0.52099609375 0.399322509765625
-0.0595970153808594 -0.0030059814453125 -0.0214233398437499 0.82244873046875
-0.00955390930175781 -0.03271484375 -0.64056396484375 0.7025146484375
0.0634803771972656 -0.00341415405273438 -0.60467529296875 0.18212890625
0.0870285034179688 0.027069091796875 0.176651000976562 0.0817413330078125
0.057464599609375 -0.0135879516601563 0.78704833984375 -0.334228515625
0.00247955322265625 -0.0228099822998047 0.37646484375 -0.89410400390625
-0.0296726226806641 -0.00890541076660157 -0.4317626953125 -0.686279296875
-0.0251483917236328 0.0047760009765625 -0.6199951171875 -0.0498046875
0.00737953186035156 0.0152988433837891 -0.402374267578125 0.238006591796875
0.0193557739257813 0.0040283203125 -0.0617523193359375 0.251602172851563
0.00894927978515625 -0.0109081268310547 0.171249389648438 0.137924194335938
0.00818443298339844 -0.00363302230834961 -0.0693511962890625 -0.1705322265625
0.0255146026611328 0.0218791961669922 0.208969116210938 -0.218734741210938
0.0233078002929687 0.0215511322021484 0.478515625 -0.0433349609375
-0.0124931335449219 0.0128240585327148 0.5235595703125 0.393218994140625
-0.0576095581054687 -0.0109901428222656 -0.0136108398437501 0.81915283203125
0.00623703002929687 -0.0430755615234375 -0.6312255859375 0.7080078125
0.09814453125 -0.0083160400390625 -0.61138916015625 0.1854248046875
0.127647399902344 0.0327606201171875 0.163925170898438 0.0784149169921875
0.0864715576171875 -0.0180892944335938 0.782470703125 -0.32470703125
0.0153083801269531 -0.0365142822265625 0.389892578125 -0.88787841796875
-0.0320911407470703 -0.0214443206787109 -0.41937255859375 -0.6942138671875
-0.0317192077636719 0.000543594360351564 -0.621337890625 -0.05718994140625
0.00108242034912109 0.0161523818969727 -0.407867431640625 0.23443603515625
0.0174150466918945 0.00597095489501953 -0.063873291015625 0.251861572265625
0.00900173187255859 -0.00810623168945313 0.17144775390625 0.138427734375
0.00604867935180664 -0.00384378433227539 -0.0730438232421875 -0.166595458984375
0.0236072540283203 0.0226707458496094 0.200714111328125 -0.22357177734375
0.0210475921630859 0.0225601196289063 0.470306396484375 -0.055572509765625
-0.0131196975708008 0.0101747512817383 0.5347900390625 0.37109375
-0.0554542541503906 -0.0162010192871094 0.02178955078125 0.8109130859375
0.0169906616210938 -0.0534095764160156 -0.60565185546875 0.7269287109375
0.122871398925781 -0.0158615112304688 -0.6201171875 0.20172119140625
0.159194946289063 0.0367431640625 0.134979248046875 0.074920654296875
0.11163330078125 -0.0202102661132813 0.7796630859375 -0.3021240234375
0.0269546508789063 -0.0449981689453125 0.42315673828125 -0.87884521484375
-0.030120849609375 -0.0287418365478516 -0.39984130859375 -0.716796875
-0.0370712280273438 -0.000492095947265632 -0.62579345703125 -0.0800781249999999
-0.00469684600830078 0.0170621871948242 -0.4217529296875 0.22320556640625
0.0167055130004883 0.00638961791992187 -0.071868896484375 0.253219604492188
0.0079035758972168 -0.00481557846069336 0.167190551757812 0.140411376953125
0.0182151794433594 -0.025634765625 -0.0942230224609375 -0.161788940429688
0.0371246337890625 0.0001068115234375 0.1663818359375 -0.246841430664063
0.0474166870117188 0.0168075561523438 0.45001220703125 -0.13739013671875
0.0229778289794922 0.0346126556396484 0.5823974609375 0.238525390625
-0.05328369140625 0.047210693359375 0.17108154296875 0.74273681640625
-0.06695556640625 0.0159416198730469 -0.4669189453125 0.79205322265625
-0.0503311157226562 0.0015106201171875 -0.64892578125 0.2908935546875
-0.0361404418945312 0.00402069091796875 0.0166778564453125 0.0871810913085938
-0.0285758972167969 0.00934219360351562 0.7724609375 -0.165771484375
-0.0345020294189453 0.0180492401123047 0.5789794921875 -0.79742431640625
-0.0310554504394531 0.0210628509521484 -0.26373291015625 -0.79840087890625
-0.00952911376953125 0.0163745880126953 -0.6041259765625 -0.190673828125
0.0196475982666016 0.0169544219970703 -0.44451904296875 0.167144775390625
0.0329341888427734 -0.00163650512695313 -0.0985107421875 0.248001098632813
0.0156078338623047 -0.0234222412109375 0.151885986328125 0.148056030273438
0.0176467895507813 -0.0229015350341797 -0.0875396728515625 -0.167633056640625
0.0377769470214844 0.00380325317382813 0.18072509765625 -0.242935180664062
0.0474815368652344 0.0187454223632813 0.461578369140625 -0.113525390625
0.0186061859130859 0.0321369171142578 0.56951904296875 0.28179931640625
-0.0576133728027344 0.0428047180175781 0.1199951171875 0.76629638671875
-0.067901611328125 0.0126457214355469 -0.51611328125 0.7664794921875
-0.0521812438964844 0.00417327880859375 -0.6376953125 0.2576904296875
-0.0373954772949219 0.00492858886718749 0.065521240234375 0.0876541137695313
-0.0305557250976563 0.00913047790527344 0.7791748046875 -0.21429443359375
-0.0357475280761719 0.017486572265625 0.5162353515625 -0.8267822265625
-0.0292644500732422 0.0218677520751953 -0.319091796875 -0.76239013671875
-0.00728416442871094 0.0144033432006836 -0.6087646484375 -0.14520263671875
0.0191135406494141 0.0151271820068359 -0.431060791015625 0.18988037109375
0.0310573577880859 -0.000127792358398438 -0.0856781005859375 0.25042724609375
0.0128822326660156 -0.0229911804199219 0.155487060546875 0.1466064453125
0.0174694061279297 -0.019927978515625 -0.07965087890625 -0.1693115234375
0.0354728698730469 0.0103874206542969 0.194259643554688 -0.236099243164063
0.0438766479492188 0.0208549499511719 0.4678955078125 -0.08770751953125
0.0119743347167969 0.0321865081787109 0.551605224609375 0.3251953125
-0.0614356994628906 0.0337982177734375 0.0663452148437501 0.7864990234375
-0.0621528625488281 0.00533676147460938 -0.56439208984375 0.73876953125
-0.0390739440917969 0.00164794921875001 -0.621337890625 0.228759765625
-0.0218315124511719 0.0089874267578125 0.113197326660156 0.0889053344726562
-0.019744873046875 0.00507926940917969 0.78338623046875 -0.26300048828125
-0.0311107635498047 0.0139980316162109 0.45556640625 -0.85089111328125
-0.0274143218994141 0.0173358917236328 -0.36981201171875 -0.7296142578125
-0.00851631164550781 0.0129756927490234 -0.61126708984375 -0.10296630859375
0.0172443389892578 0.0140228271484375 -0.41461181640625 0.2103271484375
0.0294151306152344 -0.00055694580078125 -0.074127197265625 0.2518310546875
0.0101604461669922 -0.0215282440185547 0.161514282226563 0.1434326171875
0.0150632858276367 -0.0147085189819336 -0.07440185546875 -0.169540405273438
0.0325069427490234 0.0133743286132813 0.204421997070312 -0.228775024414062
0.0386810302734375 0.0226097106933594 0.47650146484375 -0.06304931640625
0.00455284118652343 0.0271759033203125 0.53558349609375 0.3623046875
-0.0631866455078125 0.0212059020996094 0.018798828125 0.80279541015625
-0.0465774536132813 -0.00690078735351561 -0.6016845703125 0.71575927734375
-0.0101528167724609 -0.00148296356201172 -0.608154296875 0.203369140625
0.00689315795898438 0.0140533447265625 0.14825439453125 0.0856781005859375
0.00167787075042725 0.00157821178436279 0.78204345703125 -0.300048828125
-0.0216579437255859 0.00308418273925781 0.40899658203125 -0.87200927734375
-0.0265693664550781 0.00877952575683593 -0.4027099609375 -0.70172119140625
-0.0126533508300781 0.00916671752929687 -0.61181640625 -0.0700683593749999
0.0164861679077148 0.0134391784667969 -0.404052734375 0.22625732421875
0.0255107879638672 -0.000410079956054688 -0.064666748046875 0.250747680664063
0.0094451904296875 -0.0177764892578125 0.164749145507813 0.139907836914063
0.0110244750976563 -0.0103902816772461 -0.06842041015625 -0.170166015625
0.0309047698974609 0.0173511505126953 0.210296630859375 -0.224578857421875
0.0328426361083984 0.0231571197509766 0.477935791015625 -0.049896240234375
-0.00317192077636719 0.0207252502441406 0.52276611328125 0.385162353515625
-0.0625724792480469 0.00932312011718751 -0.00988769531249994 0.81219482421875
-0.0276966094970703 -0.0176448822021484 -0.6263427734375 0.70257568359375
0.0237350463867188 -0.00173759460449219 -0.601806640625 0.188720703125
0.0448188781738281 0.0202255249023438 0.169464111328125 0.085235595703125
0.0266571044921875 -0.005706787109375 0.77972412109375 -0.32464599609375
-0.00975799560546875 -0.00883960723876953 0.3826904296875 -0.88134765625
-0.0283966064453125 0.000658035278320316 -0.42474365234375 -0.68310546875
-0.0191440582275391 0.00688743591308594 -0.6124267578125 -0.0515747070312499
0.0109968185424805 0.0142984390258789 -0.397857666015625 0.234710693359375
0.023223876953125 0.00137710571289062 -0.060211181640625 0.250381469726563
0.00813102722167969 -0.0149364471435547 0.16925048828125 0.137527465820313
0.00803852081298828 -0.0075221061706543 -0.0674285888671875 -0.1702880859375
0.0265159606933594 0.0203685760498047 0.210723876953125 -0.220321655273438
0.0283603668212891 0.0240402221679687 0.476470947265625 -0.043060302734375
-0.00823783874511719 0.0159263610839844 0.517730712890625 0.393890380859375
-0.0600242614746094 -0.00238037109374999 -0.0190429687500001 0.81689453125
-0.00750160217285156 -0.0302276611328125 -0.63311767578125 0.69873046875
0.0631484985351563 -0.00379180908203125 -0.5994873046875 0.1827392578125
0.085845947265625 0.027130126953125 0.175155639648438 0.081817626953125
0.0565567016601562 -0.0123100280761719 0.7762451171875 -0.3319091796875
0.00326728820800781 -0.0238265991210937 0.37066650390625 -0.885498046875
-0.0298233032226562 -0.00972747802734375 -0.4324951171875 -0.67828369140625
-0.0256423950195313 0.00452041625976563 -0.6151123046875 -0.0452270507812499
0.00629329681396485 0.0157032012939453 -0.398284912109375 0.238250732421875
0.0204067230224609 0.00434112548828125 -0.059112548828125 0.251083374023438
0.00735378265380859 -0.0106096267700195 0.170578002929688 0.134292602539063
0.0056147575378418 -0.00407648086547852 -0.0711212158203125 -0.167404174804688
0.025482177734375 0.0197544097900391 0.205657958984375 -0.222213745117188
0.02313232421875 0.0223331451416016 0.473358154296875 -0.04632568359375
-0.0117588043212891 0.0105781555175781 0.522186279296875 0.387054443359375
-0.0567092895507812 -0.0108489990234375 -0.00756835937499998 0.81500244140625
0.009552001953125 -0.0421104431152344 -0.62469482421875 0.70611572265625
0.0960540771484375 -0.008880615234375 -0.6046142578125 0.18829345703125
0.124626159667969 0.0319595336914063 0.161148071289063 0.0788421630859375
0.085968017578125 -0.0182571411132813 0.77447509765625 -0.322998046875
0.0147686004638672 -0.0350532531738281 0.38287353515625 -0.88177490234375
-0.0313301086425781 -0.0185489654541016 -0.4212646484375 -0.685791015625
-0.0328197479248047 0.00307846069335938 -0.616455078125 -0.0539550781250001
0.00217151641845703 0.0168323516845703 -0.404205322265625 0.23468017578125
0.0178947448730469 0.00613784790039063 -0.062347412109375 0.251296997070313
0.0056910514831543 -0.00801563262939453 0.16949462890625 0.136856079101563
0.00498294830322266 -0.00312995910644531 -0.074310302734375 -0.165985107421875
0.0230827331542969 0.0206489562988281 0.1993408203125 -0.22503662109375
0.0202159881591797 0.0220565795898438 0.4649658203125 -0.059356689453125
-0.0147981643676758 0.0102443695068359 0.53155517578125 0.3662109375
-0.0560493469238281 -0.0158767700195313 0.02386474609375 0.8070068359375
0.0189437866210938 -0.0499954223632813 -0.59912109375 0.72442626953125
0.1219482421875 -0.0156173706054687 -0.61724853515625 0.20062255859375
0.1573486328125 0.0355987548828125 0.132392883300781 0.0750045776367188
0.110572814941406 -0.0197067260742188 0.77203369140625 -0.29925537109375
0.0277824401855469 -0.0448417663574219 0.41583251953125 -0.87115478515625
-0.0283527374267578 -0.0293331146240234 -0.3985595703125 -0.708740234375
-0.037261962890625 -0.000560760498046872 -0.6212158203125 -0.0751342773437499
-0.00280952453613281 0.0182456970214844 -0.417236328125 0.22467041015625
0.0162410736083984 0.00689888000488281 -0.070831298828125 0.251480102539063
0.00745630264282226 -0.00481462478637695 0.16705322265625 0.136795043945313
0.0176277160644531 -0.0235691070556641 -0.093109130859375 -0.161529541015625
0.0378303527832031 0.00110626220703125 0.166030883789063 -0.2474365234375
0.0490684509277344 0.0164299011230469 0.4459228515625 -0.137481689453125
0.0208702087402344 0.0339107513427734 0.58026123046875 0.2354736328125
-0.052764892578125 0.0465774536132813 0.1719970703125 0.73876953125
-0.0657424926757812 0.0169448852539063 -0.4632568359375 0.7904052734375
-0.0513229370117188 0.00238037109375001 -0.6448974609375 0.28973388671875
-0.0349636077880859 0.00370025634765626 0.0164337158203125 0.0870895385742188
-0.0282421112060547 0.00883102416992187 0.767333984375 -0.16497802734375
-0.0342082977294922 0.0196952819824219 0.5716552734375 -0.7899169921875
-0.0302982330322266 0.0213203430175781 -0.2620849609375 -0.79095458984375
-0.00958538055419922 0.0158777236938477 -0.59991455078125 -0.1876220703125
0.0184993743896484 0.0163822174072266 -0.44317626953125 0.167572021484375
0.0331783294677734 -0.000802993774414063 -0.098724365234375 0.246475219726563
0.0147762298583984 -0.0221500396728516 0.151535034179688 0.146743774414062
0.0186653137207031 -0.0233917236328125 -0.0856781005859375 -0.166107177734375
0.0377922058105469 0.003204345703125 0.178146362304688 -0.243499755859375
0.0484275817871094 0.0196800231933594 0.4569091796875 -0.114776611328125
0.0191783905029297 0.0342235565185547 0.56683349609375 0.27886962890625
-0.0566749572753906 0.04315185546875 0.1217041015625 0.76275634765625
-0.0661659240722656 0.0126876831054688 -0.5115966796875 0.7615966796875
-0.0516471862792969 0.00225830078124999 -0.6329345703125 0.2576904296875
-0.0388069152832031 0.00623321533203125 0.0639877319335938 0.0890884399414063
-0.0291709899902344 0.00730323791503906 0.773193359375 -0.21112060546875
-0.0343856811523438 0.0173931121826172 0.51116943359375 -0.8211669921875
-0.0291023254394531 0.0203628540039063 -0.31756591796875 -0.75732421875
-0.00770854949951172 0.0160684585571289 -0.60546875 -0.1419677734375
0.0189857482910156 0.0150794982910156 -0.42706298828125 0.19036865234375
0.0316410064697266 -0.000213623046875 -0.08465576171875 0.250015258789062
0.0126361846923828 -0.0226860046386719 0.155487060546875 0.14556884765625
0.0172271728515625 -0.0195579528808594 -0.07830810546875 -0.16839599609375
0.0349216461181641 0.00959968566894531 0.193252563476563 -0.237289428710938
0.04296875 0.0188865661621094 0.466949462890625 -0.089447021484375
0.0126247406005859 0.0304584503173828 0.54754638671875 0.322418212890625
-0.0613517761230469 0.0339241027832031 0.0678100585937501 0.7825927734375
-0.0596046447753906 0.00738525390625001 -0.55853271484375 0.7353515625
-0.0379371643066406 0.00203323364257813 -0.6175537109375 0.2266845703125
-0.0233707427978516 0.00697898864746094 0.110893249511719 0.0881729125976562
-0.01947021484375 0.00493812561035157 0.77679443359375 -0.25799560546875
-0.0292510986328125 0.0141220092773438 0.45086669921875 -0.84539794921875
-0.0283126831054688 0.0171127319335938 -0.369873046875 -0.7215576171875
-0.00909900665283203 0.0117378234863281 -0.6063232421875 -0.10064697265625
0.0187854766845703 0.0141181945800781 -0.4112548828125 0.210906982421875
0.0285873413085938 0.000776290893554688 -0.0725250244140625 0.249969482421875
0.0111923217773437 -0.0207290649414063 0.159561157226563 0.141754150390625
0.0141525268554688 -0.0152301788330078 -0.0740814208984375 -0.169677734375
0.0328178405761719 0.0139541625976563 0.202621459960938 -0.229568481445313
0.0381851196289063 0.0233306884765625 0.472015380859375 -0.065673828125
0.00546073913574219 0.0269870758056641 0.533111572265625 0.357666015625
-0.0611572265625 0.0223312377929688 0.0219116210937501 0.79974365234375
-0.0459861755371094 -0.00473403930664063 -0.5953369140625 0.712890625
-0.0118484497070312 0.000336647033691405 -0.6038818359375 0.203125
0.005401611328125 0.0154666900634766 0.147476196289063 0.0883636474609375
0.00184106826782227 0.000445723533630371 0.77398681640625 -0.29876708984375
-0.0207958221435547 0.0041046142578125 0.403076171875 -0.86639404296875
-0.0265941619873047 0.0107784271240234 -0.40081787109375 -0.69427490234375
-0.0128803253173828 0.00933647155761719 -0.60784912109375 -0.0654296875
0.0157661437988281 0.0146074295043945 -0.4005126953125 0.227783203125
0.0252056121826172 0.000286102294921875 -0.06390380859375 0.2529296875
0.00856399536132812 -0.0181446075439453 0.164382934570313 0.13861083984375
0.00960540771484375 -0.0114097595214844 -0.068603515625 -0.169174194335937
0.0291156768798828 0.0174198150634766 0.208114624023438 -0.224075317382812
0.03363037109375 0.0218658447265625 0.473663330078125 -0.04913330078125
-0.00252532958984375 0.022979736328125 0.520751953125 0.3817138671875
-0.0614852905273438 0.009185791015625 -0.00653076171875005 0.80938720703125
-0.0261497497558594 -0.0158462524414062 -0.61993408203125 0.69989013671875
0.0252151489257813 -0.00230026245117188 -0.59735107421875 0.1890869140625
0.0436820983886719 0.0193290710449219 0.16827392578125 0.0853118896484375
0.0283184051513672 -0.00560569763183594 0.773193359375 -0.32183837890625
-0.0101470947265625 -0.00912952423095703 0.37286376953125 -0.8758544921875
-0.0293064117431641 0.000354766845703123 -0.42193603515625 -0.6776123046875
-0.0189304351806641 0.00839042663574219 -0.60821533203125 -0.0491333007812499
0.0113725662231445 0.0148496627807617 -0.3951416015625 0.23431396484375
0.0237789154052734 0.00239181518554688 -0.0584869384765625 0.250503540039063
0.00887393951416016 -0.014613151550293 0.169219970703125 0.135589599609375
0.00865459442138672 -0.00697135925292969 -0.068145751953125 -0.168899536132812
0.0267868041992188 0.0201320648193359 0.21014404296875 -0.221542358398438
0.0255622863769531 0.0231285095214844 0.47259521484375 -0.04571533203125
-0.00851821899414063 0.0135135650634766 0.516937255859375 0.3905029296875
-0.0587921142578125 -0.000373840332031246 -0.01470947265625 0.8138427734375
-0.00729942321777344 -0.0290393829345703 -0.62744140625 0.6954345703125
0.0623855590820313 -0.00475311279296875 -0.59564208984375 0.18304443359375
0.0840377807617188 0.0252761840820313 0.173187255859375 0.081207275390625
0.0555343627929687 -0.0126419067382813 0.76806640625 -0.3294677734375
0.00322723388671875 -0.0220069885253906 0.36517333984375 -0.88128662109375
-0.0305862426757813 -0.00832176208496094 -0.431396484375 -0.67047119140625
-0.0259151458740234 0.00510787963867188 -0.61175537109375 -0.0404052734375
0.00767230987548828 0.017451286315918 -0.396392822265625 0.239227294921875
0.0188961029052734 0.00514793395996094 -0.0579071044921875 0.250717163085938
0.00657176971435547 -0.0105905532836914 0.169357299804688 0.134063720703125
0.0063176155090332 -0.00435209274291992 -0.069854736328125 -0.168228149414063
0.0231361389160156 0.0217857360839844 0.20526123046875 -0.220306396484375
0.0238037109375 0.0224933624267578 0.466888427734375 -0.048431396484375
-0.0113992691040039 0.0126428604125977 0.5186767578125 0.384246826171875
-0.0565261840820313 -0.00993347167968749 -0.00317382812499996 0.81134033203125
0.00936508178710937 -0.0397987365722656 -0.61859130859375 0.702880859375
0.0947723388671875 -0.00940704345703125 -0.60040283203125 0.18524169921875
0.123374938964844 0.0302658081054687 0.16015625 0.0768890380859375
0.0834884643554687 -0.0182952880859375 0.76727294921875 -0.32208251953125
0.0145778656005859 -0.0342178344726563 0.37646484375 -0.87579345703125
-0.0325145721435547 -0.0187721252441406 -0.42138671875 -0.681396484375
-0.0317611694335938 0.00318145751953125 -0.61431884765625 -0.0519409179687499
0.000790596008300782 0.0168733596801758 -0.40087890625 0.235931396484375
0.0183486938476563 0.00764846801757813 -0.062286376953125 0.252227783203125
0.00606679916381836 -0.00643777847290039 0.169219970703125 0.135162353515625
0.00523233413696289 -0.00224781036376953 -0.0731658935546875 -0.165725708007813
0.0237617492675781 0.0215530395507812 0.19622802734375 -0.225372314453125
0.0200939178466797 0.0221672058105469 0.461822509765625 -0.061065673828125
-0.0148487091064453 0.00823307037353516 0.528656005859375 0.36138916015625
-0.05633544921875 -0.0147132873535156 0.0285644531250001 0.8045654296875
0.0198135375976563 -0.0497703552246094 -0.592041015625 0.722412109375
0.121719360351563 -0.0147933959960938 -0.611572265625 0.20135498046875
0.154571533203125 0.035003662109375 0.13165283203125 0.0748291015625
0.108818054199219 -0.0196304321289063 0.763671875 -0.29669189453125
0.0272712707519531 -0.04376220703125 0.40826416015625 -0.866455078125
-0.0310039520263672 -0.0278396606445313 -0.39837646484375 -0.7012939453125
-0.0373573303222656 0.0015106201171875 -0.61474609375 -0.072509765625
-0.00341320037841797 0.017115592956543 -0.415863037109375 0.224945068359375
0.0165576934814453 0.00702857971191406 -0.070587158203125 0.251800537109375
0.00573825836181641 -0.00635194778442383 0.167129516601563 0.13641357421875
0.0188694000244141 -0.0249233245849609 -0.0940704345703125 -0.160919189453125
0.036285400390625 -0.00014495849609375 0.163925170898438 -0.246627807617187
0.0488319396972656 0.0152244567871094 0.443267822265625 -0.1396484375
0.0199680328369141 0.0333461761474609 0.57586669921875 0.23370361328125
-0.0525588989257812 0.0484504699707031 0.174072265625 0.73651123046875
-0.0649490356445313 0.0173797607421875 -0.4600830078125 0.78582763671875
-0.0512886047363281 0.000930786132812508 -0.64251708984375 0.28875732421875
-0.0365562438964844 0.00252151489257813 0.015411376953125 0.0875473022460938
-0.0277786254882813 0.0104770660400391 0.760498046875 -0.1627197265625
-0.0339183807373047 0.0189762115478516 0.5703125 -0.78448486328125
-0.0308303833007813 0.0226974487304687 -0.26422119140625 -0.78619384765625
-0.00944805145263672 0.0166044235229492 -0.59552001953125 -0.1865234375
0.0179176330566406 0.0154056549072266 -0.438507080078125 0.167572021484375
0.03240966796875 2.09808349609375E-05 -0.0972442626953125 0.249191284179687
0.0137443542480469 -0.0234050750732422 0.150497436523438 0.146392822265625
0.0191593170166016 -0.0219688415527344 -0.086944580078125 -0.166168212890625
0.0367202758789063 0.00418472290039063 0.177734375 -0.243133544921875
0.0476493835449219 0.0175933837890625 0.454132080078125 -0.11572265625
0.0172557830810547 0.0306320190429688 0.56298828125 0.27581787109375
-0.0560951232910156 0.0444107055664063 0.12213134765625 0.76025390625
-0.0655670166015625 0.0157356262207031 -0.5076904296875 0.759521484375
-0.0519294738769531 0.00173187255859375 -0.62884521484375 0.2569580078125
-0.0393257141113281 0.00554656982421876 0.064697265625 0.0878982543945313
-0.0302162170410156 0.00959777832031249 0.76922607421875 -0.208251953125
-0.0342235565185547 0.0194358825683594 0.50799560546875 -0.8148193359375
-0.029022216796875 0.0227985382080078 -0.31610107421875 -0.75146484375
-0.0092782974243164 0.0143766403198242 -0.60260009765625 -0.14166259765625
0.0188827514648437 0.0152969360351563 -0.42376708984375 0.191314697265625
0.0308990478515625 0.00026702880859375 -0.084625244140625 0.248779296875
0.0107345581054687 -0.022430419921875 0.155059814453125 0.145431518554688
0.0164623260498047 -0.0214385986328125 -0.077606201171875 -0.168182373046875
0.0364341735839844 0.00971221923828125 0.1920166015625 -0.236480712890625
0.0432929992675781 0.0204696655273438 0.462799072265625 -0.090789794921875
0.0117645263671875 0.0300369262695312 0.5472412109375 0.320831298828125
-0.0594863891601563 0.0351448059082031 0.0691528320312501 0.77996826171875
-0.0580673217773438 0.00773239135742186 -0.5565185546875 0.7340087890625
-0.0377845764160156 0.0013580322265625 -0.61505126953125 0.2265625
-0.0233707427978516 0.00693130493164063 0.110862731933594 0.0888214111328125
-0.0187797546386719 0.00712013244628906 0.7711181640625 -0.2589111328125
-0.0283298492431641 0.0141963958740234 0.4456787109375 -0.84027099609375
-0.0285568237304688 0.0174388885498047 -0.36676025390625 -0.71624755859375
-0.00945854187011719 0.0120353698730469 -0.60406494140625 -0.0978393554687499
0.0178337097167969 0.0141448974609375 -0.41015625 0.210968017578125
0.0285930633544922 0.0003509521484375 -0.07183837890625 0.2510986328125
0.00978469848632813 -0.0219173431396484 0.160385131835938 0.141983032226563
0.0141563415527344 -0.0153207778930664 -0.0736846923828125 -0.169296264648437
0.0345306396484375 0.0129280090332031 0.200271606445312 -0.228317260742187
0.0380172729492188 0.0208663940429688 0.46868896484375 -0.0672607421875
0.00255966186523438 0.0255336761474609 0.530487060546875 0.3572998046875
-0.0605850219726562 0.0239639282226563 0.02166748046875 0.79644775390625
-0.044342041015625 -0.00273895263671876 -0.59246826171875 0.708984375
-0.0103521347045898 -0.000766754150390627 -0.60150146484375 0.20477294921875
0.00630760192871094 0.0128898620605469 0.145278930664063 0.08587646484375
0.0022428035736084 0.00191926956176758 0.77117919921875 -0.2952880859375
-0.0198440551757812 0.00505447387695312 0.4002685546875 -0.86175537109375
-0.0273761749267578 0.0103549957275391 -0.40167236328125 -0.6905517578125
-0.0135946273803711 0.0102100372314453 -0.60516357421875 -0.06561279296875
0.0157985687255859 0.0138063430786133 -0.39813232421875 0.226776123046875
0.0262317657470703 0.00115585327148438 -0.0637664794921875 0.250411987304688
0.00824832916259765 -0.0168142318725586 0.16558837890625 0.137893676757813
0.0124435424804687 -0.0107278823852539 -0.06890869140625 -0.1689453125
0.0317249298095703 0.0184383392333984 0.205520629882812 -0.224349975585937
0.032440185546875 0.0220737457275391 0.471832275390625 -0.051483154296875
-0.00367355346679687 0.0200328826904297 0.517333984375 0.377777099609375
-0.0613555908203125 0.0113296508789062 -0.00531005859375003 0.80975341796875
-0.0256767272949219 -0.0150794982910156 -0.6162109375 0.696533203125
0.022216796875 -0.00169181823730469 -0.5933837890625 0.188720703125
0.043121337890625 0.0193290710449219 0.16650390625 0.084503173828125
0.0282802581787109 -0.00373649597167969 0.76837158203125 -0.32000732421875
-0.0090484619140625 -0.00759601593017578 0.37261962890625 -0.87060546875
-0.0277519226074219 0.000278472900390627 -0.42181396484375 -0.6751708984375
-0.0211219787597656 0.00838279724121094 -0.60479736328125 -0.0471801757812501
0.0121498107910156 0.0157957077026367 -0.392333984375 0.23480224609375
0.0223579406738281 0.00246620178222656 -0.0578155517578125 0.250106811523438
0.00557327270507813 -0.0131635665893555 0.168975830078125 0.133987426757813
0.00954151153564453 -0.00707530975341797 -0.0679779052734375 -0.1693115234375
0.0271015167236328 0.0195827484130859 0.207778930664063 -0.222869873046875
0.0255794525146484 0.0212955474853516 0.47021484375 -0.04412841796875
-0.00869560241699219 0.0153226852416992 0.51373291015625 0.389007568359375
-0.0579490661621094 -0.00170135498046874 -0.01580810546875 0.810791015625
-0.00589179992675782 -0.0291538238525391 -0.6240234375 0.69451904296875
0.0614242553710938 -0.00521087646484375 -0.59222412109375 0.18304443359375
0.0832748413085938 0.026824951171875 0.171722412109375 0.080963134765625
0.05487060546875 -0.011322021484375 0.7647705078125 -0.32879638671875
0.00268745422363282 -0.0209617614746094 0.3616943359375 -0.8743896484375
-0.0303916931152344 -0.00969314575195313 -0.428955078125 -0.667724609375
-0.0263023376464844 0.00467681884765625 -0.6064453125 -0.0399780273437501
0.00650882720947266 0.0159721374511719 -0.39385986328125 0.239044189453125
0.0189990997314453 0.00409317016601562 -0.05889892578125 0.251052856445313
0.00710391998291016 -0.0102167129516602 0.16961669921875 0.133941650390625
0.00693988800048828 -0.00493574142456055 -0.0702667236328125 -0.16845703125
0.0258808135986328 0.0202541351318359 0.202606201171875 -0.2213134765625
0.022979736328125 0.0213394165039063 0.46612548828125 -0.04803466796875
-0.0135040283203125 0.00996780395507813 0.516815185546875 0.381988525390625
-0.0573501586914063 -0.00991439819335939 -0.00329589843750005 0.8094482421875
0.009246826171875 -0.0387687683105469 -0.6171875 0.70135498046875
0.0945281982421875 -0.0079345703125 -0.59832763671875 0.18487548828125
0.121498107910156 0.0323562622070313 0.158645629882813 0.07733154296875
0.0839462280273438 -0.0171051025390625 0.7642822265625 -0.31903076171875
0.0162239074707031 -0.0325679779052734 0.37542724609375 -0.87017822265625
-0.0298557281494141 -0.0197067260742187 -0.41815185546875 -0.6756591796875
-0.0318546295166016 0.00355529785156249 -0.60986328125 -0.0507812499999999
0.0004425048828125 0.016322135925293 -0.397857666015625 0.23370361328125
0.0170040130615234 0.00598621368408203 -0.0611419677734375 0.249984741210937
0.00658178329467773 -0.00753116607666016 0.16925048828125 0.134048461914063
0.00552749633789063 -0.0023798942565918 -0.0719146728515625 -0.166427612304688
0.0243167877197266 0.0211105346679687 0.195358276367188 -0.224563598632813
0.0193958282470703 0.0200271606445313 0.46038818359375 -0.062530517578125
-0.0154552459716797 0.00949668884277344 0.526336669921875 0.36065673828125
-0.0557899475097656 -0.0133552551269531 0.027587890625 0.80181884765625
0.0209846496582031 -0.0478858947753906 -0.5877685546875 0.7191162109375
0.119384765625 -0.0163040161132813 -0.6090087890625 0.200927734375
0.153335571289063 0.0355072021484375 0.130661010742188 0.07440185546875
0.10870361328125 -0.0179061889648438 0.7581787109375 -0.294189453125
0.0258255004882812 -0.0426483154296875 0.40765380859375 -0.857666015625
-0.0310096740722656 -0.0274219512939453 -0.39739990234375 -0.69622802734375
-0.0374412536621094 0.000308990478515626 -0.61114501953125 -0.0714111328125
-0.00242042541503906 0.0187625885009766 -0.41131591796875 0.22589111328125
0.0160627365112305 0.00661563873291016 -0.0709991455078125 0.251144409179688
0.00519371032714844 -0.00637626647949219 0.1661376953125 0.137420654296875
0.0188541412353516 -0.0254116058349609 -0.091339111328125 -0.162155151367188
0.0380897521972656 0.00049591064453125 0.162490844726562 -0.247589111328125
0.0468978881835938 0.014190673828125 0.44097900390625 -0.140411376953125
0.0199680328369141 0.0317726135253906 0.57366943359375 0.23260498046875
-0.0521926879882813 0.0477294921875 0.17254638671875 0.73553466796875
-0.0639801025390625 0.018280029296875 -0.45733642578125 0.78289794921875
-0.0490188598632813 0.00162887573242187 -0.64056396484375 0.28765869140625
-0.0362892150878906 0.00345993041992188 0.0150299072265625 0.0852432250976563
-0.0286369323730469 0.0103626251220703 0.75732421875 -0.16046142578125
-0.0342350006103516 0.0192527770996094 0.56591796875 -0.781494140625
-0.0302677154541016 0.0219001770019531 -0.2637939453125 -0.78448486328125
-0.0102977752685547 0.0176448822021484 -0.5948486328125 -0.18341064453125
0.0187702178955078 0.0168876647949219 -0.438568115234375 0.167633056640625
0.0312824249267578 -0.000951766967773437 -0.0964202880859375 0.247634887695313
0.0130424499511719 -0.0235118865966797 0.15167236328125 0.146865844726563
0.0182838439941406 -0.0234870910644531 -0.086395263671875 -0.165771484375
0.0387496948242187 0.00431442260742187 0.174667358398437 -0.243560791015625
0.0463104248046875 0.0178031921386719 0.45172119140625 -0.116790771484375
0.0161724090576172 0.0311431884765625 0.559661865234375 0.27490234375
-0.0563621520996094 0.0447158813476562 0.12261962890625 0.760009765625
-0.0637855529785156 0.0154762268066406 -0.50762939453125 0.75738525390625
-0.0512886047363281 0.00343322753906249 -0.6270751953125 0.25518798828125
-0.0396842956542969 0.00666427612304687 0.0632476806640625 0.0876312255859375
-0.0291786193847656 0.0102195739746094 0.76605224609375 -0.207763671875
-0.0338268280029297 0.0203628540039062 0.50762939453125 -0.8109130859375
-0.0293560028076172 0.0223979949951172 -0.31689453125 -0.75006103515625
-0.00794124603271484 0.0152473449707031 -0.5994873046875 -0.1385498046875
0.0185508728027344 0.0159778594970703 -0.420562744140625 0.190032958984375
0.0307178497314453 -1.71661376953125E-05 -0.08355712890625 0.250396728515625
0.0111846923828125 -0.0232830047607422 0.15380859375 0.143630981445313
0.0178108215332031 -0.0190696716308594 -0.078521728515625 -0.168411254882813
0.0368156433105469 0.00888824462890625 0.190292358398437 -0.236587524414063
0.04254150390625 0.0187110900878906 0.46014404296875 -0.093017578125
0.0103244781494141 0.0292339324951172 0.545654296875 0.318695068359375
-0.0589179992675781 0.036102294921875 0.06610107421875 0.780517578125
-0.0566864013671875 0.00781631469726562 -0.554443359375 0.73089599609375
-0.0391197204589844 0.00226974487304688 -0.6146240234375 0.22381591796875
-0.0248851776123047 0.00785064697265625 0.108222961425781 0.088104248046875
-0.0196590423583984 0.00606155395507813 0.767822265625 -0.25396728515625
-0.0280838012695313 0.015655517578125 0.44586181640625 -0.83721923828125
-0.0294685363769531 0.0185985565185547 -0.36395263671875 -0.71466064453125
-0.00832462310791015 0.0133810043334961 -0.60272216796875 -0.0991210937500001
0.0198268890380859 0.0135765075683594 -0.407745361328125 0.21160888671875
0.0290546417236328 -0.00129508972167969 -0.071502685546875 0.251632690429688
0.0100994110107422 -0.0200214385986328 0.159210205078125 0.141265869140625
0.0136747360229492 -0.0157184600830078 -0.072509765625 -0.170822143554688
0.03314208984375 0.0129261016845703 0.2001953125 -0.228118896484375
0.0382308959960938 0.0211448669433594 0.46807861328125 -0.069488525390625
0.00238037109375 0.0257911682128906 0.526397705078125 0.354034423828125
-0.0619735717773438 0.0236396789550781 0.0231933593750001 0.797119140625
-0.0443382263183594 -0.00381469726562499 -0.591796875 0.706787109375
-0.0118236541748047 -0.00129222869873047 -0.59906005859375 0.20111083984375
0.00425815582275391 0.0131044387817383 0.14434814453125 0.086517333984375
0.00103950500488281 0.00259923934936523 0.76666259765625 -0.29132080078125
-0.0197696685791016 0.006378173828125 0.3994140625 -0.85498046875
-0.0287971496582031 0.0111274719238281 -0.39874267578125 -0.68798828125
-0.0134820938110352 0.00890827178955078 -0.6029052734375 -0.0644531249999999
0.0164632797241211 0.012639045715332 -0.395721435546875 0.226959228515625
0.0253028869628906 -0.00058746337890625 -0.0626678466796875 0.249923706054688
0.00675201416015625 -0.0185832977294922 0.164520263671875 0.138381958007813
0.011052131652832 -0.0122861862182617 -0.06927490234375 -0.171249389648438
0.0322742462158203 0.0161914825439453 0.205657958984375 -0.224334716796875
0.0319404602050781 0.0223579406738281 0.47100830078125 -0.053375244140625
-0.00392723083496094 0.0210628509521484 0.515472412109375 0.37799072265625
-0.0601768493652344 0.0125503540039063 -0.00518798828125006 0.80731201171875
-0.0237026214599609 -0.0144424438476563 -0.6148681640625 0.696044921875
0.0221672058105469 -0.00352668762207031 -0.59130859375 0.185302734375
0.0410690307617187 0.0212059020996094 0.165298461914063 0.0838165283203125
0.0267410278320313 -0.00494766235351563 0.76422119140625 -0.3155517578125
-0.00724029541015625 -0.00769948959350586 0.37066650390625 -0.8651123046875
-0.0284004211425781 0.00245857238769531 -0.42138671875 -0.66998291015625
-0.0192966461181641 0.00775146484375 -0.60357666015625 -0.04620361328125
0.0121097564697266 0.0147495269775391 -0.39044189453125 0.235931396484375
0.022216796875 0.00312995910644531 -0.05828857421875 0.24957275390625
0.00677299499511719 -0.0152721405029297 0.168136596679687 0.135955810546875
0.00911426544189453 -0.00761032104492188 -0.0672760009765625 -0.169586181640625
0.0282135009765625 0.0185756683349609 0.206192016601563 -0.221847534179688
0.0262699127197266 0.0208644866943359 0.4693603515625 -0.046661376953125
-0.00896167755126953 0.0141658782958984 0.510986328125 0.386566162109375
-0.0581321716308594 0.00184249877929689 -0.0153198242187501 0.80950927734375
-0.00519561767578125 -0.0257778167724609 -0.6229248046875 0.69244384765625
0.0605430603027344 -0.00499343872070313 -0.5908203125 0.1793212890625
0.0824508666992188 0.0268630981445313 0.168792724609375 0.0826263427734375
0.0549850463867188 -0.0105781555175781 0.76153564453125 -0.32427978515625
0.00367164611816406 -0.0199813842773438 0.3592529296875 -0.87042236328125
-0.0310726165771484 -0.00850296020507812 -0.42889404296875 -0.66326904296875
-0.0260047912597656 0.00606155395507813 -0.60516357421875 -0.0398559570312501
0.00666618347167969 0.015782356262207 -0.392669677734375 0.23931884765625
0.0189800262451172 0.00445938110351563 -0.0563201904296875 0.25054931640625
0.00532150268554687 -0.0107564926147461 0.16912841796875 0.133438110351563
0.00586843490600586 -0.00358438491821289 -0.069061279296875 -0.169265747070313
0.0274238586425781 0.0202598571777344 0.202301025390625 -0.222198486328125
0.0237827301025391 0.0203952789306641 0.466278076171875 -0.049957275390625
-0.0143270492553711 0.0100688934326172 0.513946533203125 0.38153076171875
-0.055206298828125 -0.00694656372070312 -0.00122070312499995 0.80853271484375
0.00954437255859375 -0.037933349609375 -0.6129150390625 0.69866943359375
0.0921707153320313 -0.0102920532226563 -0.597412109375 0.18524169921875
0.120704650878906 0.0309677124023438 0.156829833984375 0.0780792236328125
0.0833892822265625 -0.0156784057617188 0.75994873046875 -0.31707763671875
0.0152969360351563 -0.0312862396240234 0.374267578125 -0.86419677734375
-0.0301361083984375 -0.0180435180664063 -0.41986083984375 -0.6732177734375
-0.0325756072998047 0.00475692749023438 -0.60638427734375 -0.0481567382812501
0.000940322875976562 0.0170965194702148 -0.398284912109375 0.2352294921875
0.0185146331787109 0.00662040710449219 -0.06304931640625 0.249847412109375
0.00504016876220703 -0.00763416290283203 0.168609619140625 0.13427734375
0.00518131256103516 -0.00218057632446289 -0.0741119384765625 -0.164138793945313
0.0241489410400391 0.0201473236083984 0.19500732421875 -0.225921630859375
0.0193920135498047 0.0218791961669922 0.45745849609375 -0.063507080078125
-0.0167818069458008 0.00986289978027344 0.524658203125 0.357452392578125
-0.0551261901855469 -0.0133438110351562 0.028076171875 0.80010986328125
0.0205154418945312 -0.0465850830078125 -0.5877685546875 0.71795654296875
0.12030029296875 -0.016815185546875 -0.60516357421875 0.19775390625
0.1514892578125 0.037078857421875 0.13067626953125 0.075164794921875
0.109100341796875 -0.017822265625 0.7550048828125 -0.292724609375
0.0277862548828125 -0.0424232482910156 0.4061279296875 -0.85552978515625
-0.03021240234375 -0.0276947021484375 -0.3970947265625 -0.69537353515625
-0.0374221801757813 0.00185012817382813 -0.61102294921875 -0.0700683593750001
-0.00290107727050781 0.0189590454101563 -0.409332275390625 0.2236328125
0.015620231628418 0.00690364837646484 -0.0702362060546875 0.250396728515625
0.00553369522094727 -0.00667953491210938 0.1649169921875 0.134857177734375
0.0186138153076172 -0.0248832702636719 -0.09246826171875 -0.16363525390625
0.0384101867675781 0.0016632080078125 0.1614990234375 -0.248489379882813
0.0476493835449219 0.0142097473144531 0.440673828125 -0.141845703125
0.01885986328125 0.0299015045166016 0.5711669921875 0.23187255859375
-0.0521774291992187 0.0489692687988281 0.17315673828125 0.7359619140625
-0.0613632202148438 0.01922607421875 -0.45965576171875 0.78363037109375
-0.0507926940917969 0.00142669677734375 -0.64141845703125 0.28497314453125
-0.0380935668945313 0.00456619262695313 0.0141677856445313 0.0863418579101563
-0.0283870697021484 0.010955810546875 0.75384521484375 -0.154296875
-0.0336246490478516 0.0196933746337891 0.56597900390625 -0.77923583984375
-0.0300064086914062 0.0224151611328125 -0.260498046875 -0.78240966796875
-0.0105695724487305 0.0173730850219727 -0.59356689453125 -0.18267822265625
0.0188941955566406 0.0170612335205078 -0.43548583984375 0.168121337890625
0.0320262908935547 -0.0004730224609375 -0.098602294921875 0.250228881835938
0.0128822326660156 -0.0226497650146484 0.150741577148438 0.14569091796875
0.0180606842041016 -0.0228939056396484 -0.08648681640625 -0.167144775390625
0.0380783081054687 0.00370025634765625 0.17608642578125 -0.244186401367188
0.0472488403320313 0.0156974792480469 0.45111083984375 -0.117645263671875
0.0154838562011719 0.0306777954101563 0.5584716796875 0.2750244140625
-0.0564079284667969 0.0452499389648438 0.12286376953125 0.76123046875
-0.0620918273925781 0.0176048278808594 -0.505859375 0.75787353515625
-0.0511627197265625 0.00221633911132812 -0.62713623046875 0.25286865234375
-0.0401115417480469 0.00434112548828125 0.061126708984375 0.088165283203125
-0.0311412811279297 0.0101833343505859 0.7615966796875 -0.20501708984375
-0.0340690612792969 0.0200271606445312 0.50579833984375 -0.808349609375
-0.0298252105712891 0.0219821929931641 -0.315185546875 -0.749267578125
-0.00875091552734375 0.0149993896484375 -0.59893798828125 -0.1376953125
0.0192356109619141 0.0157966613769531 -0.422332763671875 0.193084716796875
0.0311565399169922 0.000616073608398438 -0.083953857421875 0.249542236328125
0.0111236572265625 -0.0220203399658203 0.155136108398438 0.144241333007813
0.0166015625 -0.019439697265625 -0.0789337158203125 -0.170989990234375
0.0381546020507812 0.00811004638671875 0.189346313476563 -0.23760986328125
0.0434608459472656 0.018218994140625 0.459320068359375 -0.09197998046875
0.00933265686035156 0.0284690856933594 0.542144775390625 0.3193359375
-0.0606956481933594 0.0376434326171875 0.0668945312499999 0.78045654296875
-0.0563240051269531 0.00945281982421876 -0.5545654296875 0.7301025390625
-0.0375022888183594 0.000247955322265631 -0.61279296875 0.22076416015625
-0.0246124267578125 0.00711441040039063 0.107719421386719 0.0895614624023438
-0.0198192596435547 0.00797271728515625 0.76397705078125 -0.251220703125
-0.02825927734375 0.0159549713134766 0.44476318359375 -0.83343505859375
-0.0289020538330078 0.0179538726806641 -0.3648681640625 -0.71380615234375
-0.0111112594604492 0.0140218734741211 -0.5999755859375 -0.0974121093749999
0.0184726715087891 0.0143890380859375 -0.407684326171875 0.210845947265625
0.0288600921630859 0.000658035278320313 -0.073211669921875 0.252182006835938
0.0075225830078125 -0.0202732086181641 0.160140991210938 0.1439208984375
0.0146608352661133 -0.0155267715454102 -0.07257080078125 -0.1717529296875
0.0338516235351562 0.0119972229003906 0.198211669921875 -0.229507446289063
0.0374298095703125 0.0213203430175781 0.466278076171875 -0.069305419921875
0.00217437744140625 0.0248146057128906 0.526275634765625 0.355255126953125
-0.0604667663574219 0.0255165100097656 0.0213623046875 0.7962646484375
-0.0422439575195313 -0.00189208984375 -0.5919189453125 0.705078125
-0.0126218795776367 -0.000911712646484373 -0.5992431640625 0.19976806640625
0.00477218627929687 0.0127468109130859 0.1435546875 0.086883544921875
0.00139594078063965 0.00240492820739746 0.762939453125 -0.28912353515625
-0.0188999176025391 0.00593757629394532 0.399169921875 -0.85345458984375
-0.0287570953369141 0.0106430053710937 -0.39837646484375 -0.6871337890625
-0.0131721496582031 0.010920524597168 -0.60009765625 -0.0643310546874999
0.0155677795410156 0.0156936645507813 -0.39508056640625 0.227508544921875
0.0247421264648438 0.00141525268554687 -0.0624237060546875 0.251510620117188
0.00749778747558594 -0.0189666748046875 0.164138793945313 0.138427734375
0.0125198364257813 -0.0102405548095703 -0.0686492919921875 -0.171539306640625
0.0302391052246094 0.0172843933105469 0.205093383789063 -0.225387573242188
0.0319728851318359 0.020416259765625 0.468597412109375 -0.053436279296875
-0.00501060485839844 0.0193271636962891 0.51422119140625 0.37811279296875
-0.0590705871582031 0.01300048828125 -0.00494384765624994 0.80755615234375
-0.0235347747802734 -0.0131072998046875 -0.6126708984375 0.69366455078125
0.0235824584960937 -0.0030670166015625 -0.59112548828125 0.18365478515625
0.0421104431152344 0.0202445983886719 0.16400146484375 0.0850372314453125
0.0267543792724609 -0.00367164611816406 0.76409912109375 -0.31182861328125
-0.00827932357788086 -0.0065765380859375 0.37030029296875 -0.86297607421875
-0.0294933319091797 0.00102615356445312 -0.41986083984375 -0.66949462890625
-0.0201835632324219 0.00841140747070312 -0.60125732421875 -0.0461425781249999
0.0118684768676758 0.0152111053466797 -0.391082763671875 0.236297607421875
0.0222988128662109 0.00333595275878906 -0.0583038330078125 0.251678466796875
0.00667095184326172 -0.0144901275634766 0.167617797851563 0.134674072265625
0.00769376754760742 -0.00710248947143555 -0.0675506591796875 -0.169830322265625
0.0287456512451172 0.0190505981445313 0.204574584960937 -0.223281860351562
0.0256519317626953 0.0208911895751953 0.465850830078125 -0.0472412109375
-0.0093851089477539 0.0139350891113281 0.509674072265625 0.38653564453125
-0.058258056640625 0.00135421752929688 -0.01397705078125 0.811279296875
-0.00536918640136719 -0.025238037109375 -0.62158203125 0.6903076171875
0.0611381530761719 -0.005859375 -0.5892333984375 0.17852783203125
0.082550048828125 0.0264358520507813 0.169342041015625 0.082489013671875
0.0545310974121094 -0.0105628967285156 0.75958251953125 -0.3206787109375
0.00395965576171875 -0.0189208984375 0.36083984375 -0.8658447265625
-0.0311603546142578 -0.00907707214355469 -0.42864990234375 -0.66168212890625
-0.0264472961425781 0.00631332397460938 -0.6014404296875 -0.0380859375000001
0.00719070434570312 0.0168371200561523 -0.390350341796875 0.239532470703125
0.0190219879150391 0.00516700744628906 -0.0578765869140625 0.251983642578125
0.00392436981201172 -0.0103664398193359 0.169708251953125 0.134078979492188
0.00759792327880859 -0.00286388397216797 -0.0703277587890625 -0.169540405273438
0.0267753601074219 0.0210456848144531 0.20208740234375 -0.222854614257813
0.0218677520751953 0.0208110809326172 0.46282958984375 -0.050750732421875
-0.0145730972290039 0.0109920501708984 0.5126953125 0.379791259765625
-0.0562973022460938 -0.00806427001953126 -0.00292968750000005 0.80828857421875
0.0131645202636719 -0.0364608764648438 -0.61279296875 0.69793701171875
0.0933380126953125 -0.00908660888671875 -0.59515380859375 0.1827392578125
0.119964599609375 0.0325775146484375 0.155899047851562 0.0790863037109375
0.08367919921875 -0.0151443481445313 0.7576904296875 -0.3116455078125
0.0176620483398438 -0.0313148498535156 0.37347412109375 -0.86285400390625
-0.0312957763671875 -0.0183563232421875 -0.414794921875 -0.67340087890625
-0.0318565368652344 0.00322151184082031 -0.6064453125 -0.0478515625
0.00117206573486328 0.0173377990722656 -0.397491455078125 0.236053466796875
0.0163059234619141 0.00722599029541016 -0.061431884765625 0.252227783203125
0.00447416305541992 -0.00831747055053711 0.169158935546875 0.133102416992188
0.0045475959777832 -0.0028839111328125 -0.0721893310546875 -0.166275024414063
0.0236873626708984 0.0196456909179688 0.193756103515625 -0.226974487304688
0.0180034637451172 0.0210094451904297 0.45794677734375 -0.06329345703125
-0.0165500640869141 0.00896072387695312 0.5223388671875 0.358489990234375
-0.0548248291015625 -0.0109405517578125 0.03070068359375 0.80120849609375
0.02154541015625 -0.0453376770019531 -0.5870361328125 0.71563720703125
0.119110107421875 -0.0155487060546875 -0.6064453125 0.195556640625
0.152114868164063 0.037628173828125 0.128639221191406 0.0753402709960938
0.108352661132813 -0.0168838500976563 0.75323486328125 -0.2900390625
0.0284423828125 -0.0410079956054688 0.40606689453125 -0.8519287109375
-0.0308208465576172 -0.0279560089111328 -0.394287109375 -0.69293212890625
-0.0363616943359375 0.00106430053710937 -0.6080322265625 -0.0700683593750001
-0.00269889831542969 0.0181064605712891 -0.408355712890625 0.225982666015625
0.0152692794799805 0.0073394775390625 -0.0709381103515625 0.25311279296875
0.00367593765258789 -0.00636577606201172 0.16534423828125 0.135833740234375
0.0188121795654297 -0.0243339538574219 -0.093475341796875 -0.164215087890625
0.0382156372070313 -0.00113296508789063 0.1624755859375 -0.248703002929688
0.0490074157714844 0.0133247375488281 0.440460205078125 -0.142242431640625
0.0183353424072266 0.0306797027587891 0.5714111328125 0.23199462890625
-0.0515556335449219 0.0496902465820313 0.1702880859375 0.73846435546875
-0.0613288879394531 0.0209007263183594 -0.458251953125 0.782958984375
-0.0516777038574219 0.00180053710937499 -0.6414794921875 0.28289794921875
-0.0373420715332031 0.00344848632812501 0.01220703125 0.0870361328125
-0.0278339385986328 0.00973892211914063 0.7542724609375 -0.15753173828125
-0.0326499938964844 0.0213623046875 0.565185546875 -0.77740478515625
-0.0303897857666016 0.0216541290283203 -0.26177978515625 -0.78173828125
-0.0103073120117187 0.0177383422851563 -0.59271240234375 -0.1851806640625
0.0193500518798828 0.0181598663330078 -0.4364013671875 0.16864013671875
0.0323333740234375 0.000469207763671875 -0.0978851318359375 0.249954223632813
0.0119476318359375 -0.0237064361572266 0.151702880859375 0.146224975585938
0.0187110900878906 -0.0230178833007813 -0.087066650390625 -0.16741943359375
0.038848876953125 0.00433731079101563 0.176345825195313 -0.244979858398437
0.0468978881835938 0.0154647827148437 0.451568603515625 -0.117431640625
0.0162849426269531 0.0308094024658203 0.55828857421875 0.274627685546875
-0.0562591552734375 0.0457305908203125 0.119873046875 0.762939453125
-0.0619964599609375 0.0192375183105469 -0.50732421875 0.75714111328125
-0.05133056640625 0.00143432617187499 -0.627197265625 0.25103759765625
-0.0405044555664062 0.00468826293945312 0.0620269775390625 0.0878448486328125
-0.0300178527832031 0.0114173889160156 0.76171875 -0.20208740234375
-0.0330924987792969 0.0219573974609375 0.5059814453125 -0.80816650390625
-0.0298748016357422 0.0240230560302734 -0.3138427734375 -0.74774169921875
-0.00911140441894531 0.0158920288085937 -0.5985107421875 -0.13897705078125
0.0197734832763672 0.0166492462158203 -0.4210205078125 0.191192626953125
0.0299510955810547 -0.000589370727539063 -0.0839691162109375 0.25146484375
0.00916290283203125 -0.0244598388671875 0.155838012695313 0.144073486328125
0.0149936676025391 -0.019195556640625 -0.07928466796875 -0.171920776367188
0.0353813171386719 0.0089263916015625 0.188934326171875 -0.2376708984375
0.0422554016113281 0.0187797546386719 0.45965576171875 -0.092926025390625
0.00660896301269531 0.0278854370117188 0.54046630859375 0.320343017578125
-0.0601844787597656 0.0385360717773438 0.06939697265625 0.78216552734375
-0.0543632507324219 0.00974273681640624 -0.5555419921875 0.73223876953125
-0.0385971069335937 0.000949859619140629 -0.6141357421875 0.21826171875
-0.0231781005859375 0.00913619995117187 0.10614013671875 0.0892715454101562
-0.0187492370605469 0.00738525390625 0.7642822265625 -0.24835205078125
-0.0282421112060547 0.0172252655029297 0.44757080078125 -0.830078125
-0.0267391204833984 0.0184516906738281 -0.36309814453125 -0.7130126953125
-0.00807476043701172 0.014862060546875 -0.6009521484375 -0.0967407226562501
0.0197238922119141 0.01495361328125 -0.40655517578125 0.211883544921875
0.0272064208984375 0.0006103515625 -0.0740509033203125 0.2530517578125
0.00794410705566406 -0.0212783813476563 0.160354614257813 0.139862060546875
0.0138845443725586 -0.0152063369750977 -0.0743408203125 -0.172256469726563
0.0348491668701172 0.0124454498291016 0.200271606445313 -0.2327880859375
0.0367965698242188 0.0199317932128906 0.46612548828125 -0.070159912109375
0.000986099243164065 0.0238990783691406 0.527191162109375 0.3555908203125
-0.0597076416015625 0.02520751953125 0.0224609375 0.7982177734375
-0.0411186218261719 -0.000404357910156249 -0.59039306640625 0.708251953125
-0.0123233795166016 -0.00280666351318359 -0.59942626953125 0.19879150390625
0.00427341461181641 0.0143136978149414 0.142181396484375 0.0867462158203125
0.00022435188293457 0.00389742851257324 0.7652587890625 -0.2867431640625
-0.0187721252441406 0.0074310302734375 0.39984130859375 -0.8519287109375
-0.0282669067382813 0.0124702453613281 -0.39776611328125 -0.6876220703125
-0.0145597457885742 0.0111150741577148 -0.599853515625 -0.0646362304687499
0.0165805816650391 0.0157880783081055 -0.397491455078125 0.226226806640625
0.02545166015625 0.00136947631835938 -0.0645599365234375 0.252349853515625
0.00589942932128906 -0.0182418823242188 0.164505004882813 0.139144897460938
0.0111932754516602 -0.0109214782714844 -0.0675048828125 -0.172225952148438
0.0311298370361328 0.0153560638427734 0.203750610351563 -0.22607421875
0.0328159332275391 0.0201282501220703 0.467864990234375 -0.05511474609375
-0.00558853149414063 0.0199775695800781 0.51312255859375 0.3800048828125
-0.0602951049804688 0.0132064819335937 -0.00622558593749995 0.8096923828125
-0.0226364135742188 -0.0115108489990234 -0.61529541015625 0.6947021484375
0.0233383178710937 -0.00362968444824219 -0.5908203125 0.18109130859375
0.0413246154785156 0.0204925537109375 0.163787841796875 0.0855712890625
0.0260028839111328 -0.00251197814941406 0.7630615234375 -0.3099365234375
-0.00644922256469727 -0.00490474700927734 0.37139892578125 -0.86297607421875
-0.0291500091552734 0.00125885009765625 -0.4195556640625 -0.670166015625
-0.0189723968505859 0.00874710083007812 -0.59991455078125 -0.0467529296874999
0.0117549896240234 0.0146331787109375 -0.39056396484375 0.23712158203125
0.0217037200927734 0.00502967834472656 -0.059295654296875 0.2545166015625
0.00579547882080078 -0.0152778625488281 0.16876220703125 0.134841918945313
0.00848627090454102 -0.00732946395874023 -0.0668182373046875 -0.172103881835938
0.0289878845214844 0.0180091857910156 0.20489501953125 -0.224029541015625
0.0258312225341797 0.0200614929199219 0.466156005859375 -0.0484619140625
-0.0127201080322266 0.0141401290893555 0.510162353515625 0.3887939453125
-0.0575180053710938 0.00268554687500001 -0.01556396484375 0.81378173828125
-0.00271034240722656 -0.0239486694335937 -0.62396240234375 0.6910400390625
0.058502197265625 -0.005584716796875 -0.59039306640625 0.175537109375
0.0817108154296875 0.026275634765625 0.168960571289063 0.0836639404296875
0.0553855895996094 -0.0115013122558594 0.7586669921875 -0.3199462890625
0.00441169738769531 -0.0185127258300781 0.3607177734375 -0.86468505859375
-0.0304508209228516 -0.00817680358886718 -0.42626953125 -0.6630859375
-0.0263538360595703 0.00692176818847656 -0.6005859375 -0.03887939453125
0.00724220275878906 0.0162878036499023 -0.392181396484375 0.24090576171875
0.0199871063232422 0.00457000732421875 -0.058349609375 0.253173828125
0.00371074676513672 -0.0107889175415039 0.170974731445312 0.1334228515625
0.00787019729614258 -0.00446081161499023 -0.0683135986328125 -0.170211791992187
0.0265712738037109 0.0205593109130859 0.200927734375 -0.224380493164062
0.0223102569580078 0.0203304290771484 0.463165283203125 -0.051605224609375
-0.0155239105224609 0.00972938537597656 0.51348876953125 0.38262939453125
-0.0548973083496094 -0.00539398193359374 -0.00244140625000005 0.80950927734375
0.013214111328125 -0.0365486145019531 -0.61541748046875 0.69866943359375
0.0926895141601562 -0.00868988037109375 -0.59588623046875 0.1790771484375
0.120361328125 0.033477783203125 0.15521240234375 0.0781707763671875
0.082427978515625 -0.01513671875 0.75653076171875 -0.3104248046875
0.0164203643798828 -0.0310897827148438 0.37548828125 -0.85906982421875
-0.0306453704833984 -0.0174942016601563 -0.4140625 -0.673095703125
-0.0319271087646484 0.00462722778320312 -0.6041259765625 -0.0500488281250001
0.00156402587890625 0.018463134765625 -0.3963623046875 0.23651123046875
0.0157222747802734 0.00730037689208984 -0.062042236328125 0.254241943359375
0.00257062911987305 -0.00806474685668945 0.16973876953125 0.1361083984375
0.00549602508544922 -0.00290298461914063 -0.0730133056640625 -0.168701171875
0.0251979827880859 0.0202045440673828 0.194198608398438 -0.22674560546875
0.0180587768554688 0.0206375122070312 0.457183837890625 -0.06207275390625
-0.0179882049560547 0.00849533081054687 0.522674560546875 0.358367919921875
-0.0533180236816406 -0.0102462768554687 0.0289306640625001 0.80316162109375
0.0244064331054688 -0.0439186096191406 -0.589111328125 0.7176513671875
0.118278503417969 -0.01654052734375 -0.6046142578125 0.19427490234375
0.1502685546875 0.0372772216796875 0.126663208007813 0.075927734375
0.109321594238281 -0.0179443359375 0.75164794921875 -0.2855224609375
0.0296516418457031 -0.0413932800292969 0.40570068359375 -0.8525390625
-0.0308189392089844 -0.0269565582275391 -0.396240234375 -0.69189453125
-0.0369949340820313 0.00222396850585938 -0.6092529296875 -0.0692749023437501
-0.00122261047363281 0.0194797515869141 -0.409576416015625 0.22479248046875
0.0156002044677734 0.00805091857910156 -0.0714111328125 0.253021240234375
0.00412416458129883 -0.00861120223999023 0.16607666015625 0.136184692382813
0.0178089141845703 -0.0249443054199219 -0.0944366455078125 -0.16656494140625
0.037841796875 -0.000186920166015625 0.162155151367188 -0.249374389648438
0.046600341796875 0.013031005859375 0.440032958984375 -0.143310546875
0.0182991027832031 0.0297164916992188 0.57159423828125 0.23492431640625
-0.0515060424804688 0.0503883361816406 0.1712646484375 0.7415771484375
-0.0604667663574219 0.0219917297363281 -0.46112060546875 0.78497314453125
-0.0516242980957031 0.00176239013671874 -0.64141845703125 0.282470703125
-0.0395126342773438 0.00378799438476562 0.0129241943359375 0.0867385864257813
-0.0292873382568359 0.00991058349609375 0.75640869140625 -0.15155029296875
-0.0322074890136719 0.0223197937011719 0.5714111328125 -0.77545166015625
-0.0324382781982422 0.02215576171875 -0.26129150390625 -0.78472900390625
-0.0111064910888672 0.018218994140625 -0.593505859375 -0.1851806640625
0.0187129974365234 0.0187149047851563 -0.437469482421875 0.16845703125
0.032135009765625 0.0012054443359375 -0.0990753173828125 0.25274658203125
0.010223388671875 -0.0241565704345703 0.14971923828125 0.147003173828125
0.0191783905029297 -0.0243988037109375 -0.0877532958984375 -0.171844482421875
0.0379676818847656 0.00297927856445313 0.175949096679688 -0.246795654296875
0.046661376953125 0.0151214599609375 0.451568603515625 -0.11822509765625
0.0138912200927734 0.0310935974121094 0.55950927734375 0.276763916015625
-0.0554542541503906 0.0461616516113281 0.121826171875 0.76495361328125
-0.05987548828125 0.0192222595214844 -0.50958251953125 0.75848388671875
-0.0526084899902344 0.00152587890624999 -0.62945556640625 0.250732421875
-0.0410575866699219 0.00566482543945312 0.060943603515625 0.0883560180664063
-0.0312366485595703 0.00992393493652343 0.76177978515625 -0.1982421875
-0.0326328277587891 0.0213050842285156 0.509765625 -0.80682373046875
-0.0303726196289063 0.0238323211669922 -0.315673828125 -0.7525634765625
-0.0093841552734375 0.0164251327514648 -0.6005859375 -0.14093017578125
0.0202045440673828 0.0170078277587891 -0.423248291015625 0.1915283203125
0.03173828125 0.000347137451171875 -0.085418701171875 0.253707885742188
0.0101776123046875 -0.0220222473144531 0.15582275390625 0.144485473632812
0.0174388885498047 -0.0210857391357422 -0.0785675048828125 -0.172653198242187
0.0372467041015625 0.0081634521484375 0.18841552734375 -0.239410400390625
0.0416069030761719 0.017120361328125 0.4591064453125 -0.093109130859375
0.00732612609863281 0.0264472961425781 0.541290283203125 0.32122802734375
-0.0583419799804688 0.0385055541992187 0.06695556640625 0.78631591796875
-0.0524444580078125 0.0104904174804688 -0.5579833984375 0.732421875
-0.0389938354492188 -0.000190734863281252 -0.614013671875 0.21728515625
-0.0243587493896484 0.008697509765625 0.106285095214844 0.087677001953125
-0.0191879272460938 0.00847816467285157 0.7659912109375 -0.24700927734375
-0.0259304046630859 0.0166339874267578 0.447509765625 -0.8323974609375
-0.0293369293212891 0.0184745788574219 -0.3651123046875 -0.71380615234375
-0.0110673904418945 0.012965202331543 -0.60101318359375 -0.09820556640625
0.0180702209472656 0.0146446228027344 -0.4091796875 0.21282958984375
0.0288715362548828 0.000423431396484375 -0.073944091796875 0.255325317382813
0.00858879089355469 -0.0208454132080078 0.161239624023438 0.140884399414063
0.0143928527832031 -0.0163049697875977 -0.0720672607421875 -0.173477172851563
0.033966064453125 0.0114498138427734 0.199981689453125 -0.234283447265625
0.0370254516601563 0.0182151794433594 0.467071533203125 -0.071136474609375
0.00158119201660156 0.0240554809570313 0.526641845703125 0.3577880859375
-0.0597648620605469 0.0270957946777344 0.02374267578125 0.8017578125
-0.0395851135253906 -0.000648498535156252 -0.59429931640625 0.70794677734375
-0.011815071105957 -0.00182819366455078 -0.60247802734375 0.19598388671875
0.00330543518066406 0.0137271881103516 0.143341064453125 0.0884857177734375
0.000290393829345703 0.00281190872192383 0.76458740234375 -0.2845458984375
-0.0189380645751953 0.00699615478515625 0.40277099609375 -0.8529052734375
-0.0297660827636719 0.0119915008544922 -0.398681640625 -0.6871337890625
-0.0137882232666016 0.0107545852661133 -0.60089111328125 -0.06500244140625
0.0150527954101562 0.015838623046875 -0.397491455078125 0.228179931640625
0.02587890625 0.00211906433105469 -0.063812255859375 0.254547119140625
0.0054168701171875 -0.0178050994873047 0.165008544921875 0.13714599609375
0.0109949111938477 -0.0118284225463867 -0.0690765380859375 -0.17352294921875
0.0320568084716797 0.0156879425048828 0.204605102539062 -0.227783203125
0.0310554504394531 0.0195960998535156 0.4686279296875 -0.054779052734375
-0.0066986083984375 0.0186557769775391 0.515045166015625 0.381591796875
-0.0599021911621094 0.0156631469726562 -0.00701904296874993 0.8140869140625
-0.0207462310791016 -0.0117835998535156 -0.619140625 0.6947021484375
0.0230255126953125 -0.00204277038574219 -0.59405517578125 0.1806640625
0.0411033630371094 0.0215568542480469 0.162307739257813 0.0858612060546875
0.0270519256591797 -0.004119873046875 0.764892578125 -0.30718994140625
-0.00700759887695313 -0.00588750839233398 0.3726806640625 -0.86126708984375
-0.0309429168701172 0.00200271606445313 -0.4190673828125 -0.6710205078125
-0.02001953125 0.00938034057617188 -0.60150146484375 -0.0459594726562499
0.0116977691650391 0.015202522277832 -0.393157958984375 0.2373046875
0.0223674774169922 0.00461387634277344 -0.0592498779296875 0.254806518554688
0.00443649291992187 -0.0145530700683594 0.168685913085938 0.135574340820313
0.00855922698974609 -0.00753688812255859 -0.0683135986328125 -0.173828125
0.0277481079101562 0.0191516876220703 0.20343017578125 -0.2255859375
0.02606201171875 0.0202808380126953 0.46673583984375 -0.04949951171875
-0.0128993988037109 0.0137605667114258 0.510894775390625 0.390350341796875
-0.0583572387695313 0.00500488281249999 -0.0151977539062501 0.8157958984375
-0.000659942626953127 -0.0219154357910156 -0.62420654296875 0.692138671875
0.0588455200195313 -0.00543212890625 -0.591796875 0.17449951171875
0.0803146362304688 0.0271759033203125 0.167449951171875 0.082916259765625
0.0563850402832031 -0.00897598266601563 0.7589111328125 -0.31683349609375
0.00559806823730468 -0.0181198120117187 0.36309814453125 -0.86541748046875
-0.0305194854736328 -0.00842857360839844 -0.42901611328125 -0.6641845703125
-0.0267295837402344 0.00683784484863281 -0.60247802734375 -0.0390625
0.00748729705810547 0.0172538757324219 -0.39044189453125 0.24072265625
0.0194015502929688 0.00534820556640625 -0.0581207275390625 0.253646850585938
0.00448036193847656 -0.0111093521118164 0.1712646484375 0.134613037109375
0.00625038146972656 -0.00502252578735352 -0.068450927734375 -0.173446655273437
0.02685546875 0.0184402465820313 0.20281982421875 -0.225875854492187
0.0208816528320313 0.0213527679443359 0.462005615234375 -0.051727294921875
-0.0172996520996094 0.00944137573242188 0.514678955078125 0.3829345703125
-0.0559806823730469 -0.00505065917968749 -0.00427246093749997 0.8148193359375
0.0161800384521484 -0.0345878601074219 -0.61370849609375 0.701416015625
0.0936431884765625 -0.00829315185546875 -0.5985107421875 0.1788330078125
0.118156433105469 0.032257080078125 0.15521240234375 0.0804290771484375
0.083465576171875 -0.0144424438476562 0.75616455078125 -0.30535888671875
0.0172271728515625 -0.0313434600830078 0.3768310546875 -0.86077880859375
-0.0332126617431641 -0.0198898315429688 -0.4168701171875 -0.6744384765625
-0.0324077606201172 0.00584030151367188 -0.60430908203125 -0.04736328125
0.00261878967285156 0.0171470642089844 -0.3970947265625 0.23724365234375
0.0146684646606445 0.00728893280029297 -0.0626678466796875 0.254364013671875
0.00209712982177734 -0.00891685485839844 0.168167114257813 0.134994506835938
0.0047764778137207 -0.00319099426269531 -0.0720062255859375 -0.169952392578125
0.0247554779052734 0.019073486328125 0.192550659179688 -0.228439331054688
0.0189533233642578 0.0200538635253906 0.456787109375 -0.06451416015625
-0.0193309783935547 0.00767707824707031 0.525146484375 0.3619384765625
-0.0535163879394531 -0.00915527343749999 0.0287475585937499 0.8050537109375
0.0243492126464844 -0.0436134338378906 -0.5887451171875 0.7183837890625
0.118827819824219 -0.014617919921875 -0.6082763671875 0.1937255859375
0.151519775390625 0.037933349609375 0.127540588378906 0.0762939453125
0.109428405761719 -0.0168685913085938 0.7537841796875 -0.284423828125
0.0302810668945313 -0.0399246215820312 0.407958984375 -0.84979248046875
-0.0314922332763672 -0.0257034301757813 -0.3963623046875 -0.6943359375
-0.038299560546875 0.00379562377929687 -0.61090087890625 -0.07000732421875
-0.00246429443359375 0.0193824768066406 -0.409454345703125 0.228363037109375
0.013310432434082 0.00800514221191406 -0.0714111328125 0.25421142578125
0.00235843658447266 -0.00644493103027344 0.16705322265625 0.134658813476563
0.0192756652832031 -0.0261688232421875 -0.0940399169921875 -0.167953491210937
0.0393333435058594 -0.0015716552734375 0.161636352539063 -0.25238037109375
0.0471534729003906 0.0124244689941406 0.44317626953125 -0.146148681640625
0.0167598724365234 0.0294914245605469 0.572265625 0.23455810546875
-0.05072021484375 0.0520896911621094 0.1727294921875 0.745849609375
-0.0595626831054688 0.0221099853515625 -0.4635009765625 0.78851318359375
-0.0508918762207031 0.000751495361328125 -0.64483642578125 0.28363037109375
-0.04010009765625 0.00434875488281251 0.0118637084960937 0.0877227783203125
-0.0277118682861328 0.0108699798583984 0.7596435546875 -0.15142822265625
-0.0327110290527344 0.0211296081542969 0.57391357421875 -0.777587890625
-0.0317955017089844 0.0237789154052734 -0.260498046875 -0.78875732421875
-0.0110054016113281 0.0180892944335938 -0.5936279296875 -0.1856689453125
0.0180950164794922 0.0184078216552734 -0.4395751953125 0.1700439453125
0.0317897796630859 0.00115966796875 -0.0991668701171875 0.253890991210938
0.0112380981445312 -0.0248641967773438 0.152694702148438 0.146957397460938
0.0184230804443359 -0.0260963439941406 -0.0855560302734375 -0.172332763671875
0.0382080078125 0.00304794311523438 0.176101684570313 -0.248428344726563
0.0451850891113281 0.0149154663085938 0.451934814453125 -0.119598388671875
0.0126419067382813 0.0289382934570313 0.56072998046875 0.278778076171875
-0.0550079345703125 0.0476226806640625 0.123779296875 0.76898193359375
-0.060760498046875 0.0186767578125 -0.51171875 0.76171875
-0.0533294677734375 -0.000804901123046865 -0.6319580078125 0.250244140625
-0.0421028137207031 0.00383377075195312 0.06158447265625 0.08984375
-0.0317344665527344 0.0118198394775391 0.765869140625 -0.1968994140625
-0.0321922302246094 0.0219898223876953 0.512451171875 -0.8087158203125
-0.0309543609619141 0.0247554779052734 -0.31756591796875 -0.75299072265625
-0.00858211517333984 0.0165557861328125 -0.60015869140625 -0.14056396484375
0.0199432373046875 0.0159873962402344 -0.423248291015625 0.193939208984375
0.0307941436767578 0.00130271911621094 -0.084716796875 0.256683349609375
0.00927543640136719 -0.0226516723632813 0.1568603515625 0.146011352539063
0.0170478820800781 -0.0203590393066406 -0.080413818359375 -0.175338745117188
0.0377273559570313 0.00771713256835938 0.189727783203125 -0.241012573242188
0.0415916442871094 0.0177841186523438 0.46075439453125 -0.09442138671875
0.00667190551757813 0.027069091796875 0.54364013671875 0.323516845703125
-0.0590629577636719 0.0401611328125 0.0689697265625 0.7901611328125
-0.0516242980957031 0.0118675231933594 -0.56072998046875 0.7362060546875
-0.0403213500976562 -0.000110626220703126 -0.61883544921875 0.21826171875
-0.0261745452880859 0.00786018371582031 0.107833862304688 0.0901870727539063
-0.0195693969726563 0.00915145874023438 0.766845703125 -0.2440185546875
-0.0265350341796875 0.0172233581542969 0.4520263671875 -0.83489990234375
-0.0288314819335938 0.0195102691650391 -0.3660888671875 -0.71746826171875
-0.00945281982421875 0.0141286849975586 -0.60272216796875 -0.098388671875
0.0185718536376953 0.01544189453125 -0.40966796875 0.2142333984375
0.0277004241943359 0.0008392333984375 -0.072845458984375 0.256622314453125
0.00769424438476563 -0.0212535858154297 0.161270141601563 0.143905639648438
0.0151214599609375 -0.0165090560913086 -0.074066162109375 -0.175018310546875
0.0351047515869141 0.0113410949707031 0.19873046875 -0.236663818359375
0.0366630554199219 0.0179061889648438 0.4678955078125 -0.072906494140625
-0.000156402587890625 0.0242652893066406 0.52703857421875 0.35906982421875
-0.0591964721679688 0.0283889770507813 0.02313232421875 0.8074951171875
-0.0389976501464844 0.00195693969726563 -0.5972900390625 0.71240234375
-0.0130910873413086 -0.00148868560791016 -0.604248046875 0.1947021484375
0.00310897827148437 0.0114307403564453 0.142074584960938 0.0896453857421875
0.00116491317749023 0.00365591049194336 0.76727294921875 -0.28216552734375
-0.0196208953857422 0.00815582275390626 0.40533447265625 -0.85308837890625
-0.0293655395507813 0.0115489959716797 -0.400390625 -0.69134521484375
-0.0139684677124023 0.0122461318969727 -0.60333251953125 -0.0654907226562501
0.0170764923095703 0.0139694213867188 -0.39971923828125 0.230010986328125
0.0253696441650391 0.00349044799804688 -0.065460205078125 0.2574462890625
0.00543594360351563 -0.0179805755615234 0.165939331054688 0.139511108398438
0.00990486145019531 -0.0132713317871094 -0.0689239501953125 -0.176406860351563
0.0329132080078125 0.0155315399169922 0.2042236328125 -0.22943115234375
0.0307769775390625 0.0207862854003906 0.470428466796875 -0.055389404296875
-0.00720024108886719 0.0179691314697266 0.515777587890625 0.383056640625
-0.0590629577636719 0.0161666870117187 -0.00677490234374999 0.8167724609375
-0.0199527740478516 -0.0116653442382813 -0.62078857421875 0.70025634765625
0.0223770141601563 -0.00289154052734375 -0.59576416015625 0.1800537109375
0.0398139953613281 0.0204811096191406 0.162750244140625 0.088287353515625
0.0271625518798828 -0.00419044494628906 0.76629638671875 -0.30621337890625
-0.00691652297973633 -0.00485658645629883 0.37542724609375 -0.8631591796875
-0.0305938720703125 0.00157928466796876 -0.42034912109375 -0.67218017578125
-0.0207996368408203 0.00886726379394531 -0.60369873046875 -0.0458984375000001
0.0126514434814453 0.0167436599731445 -0.39373779296875 0.2386474609375
0.0216007232666016 0.00562477111816406 -0.0597381591796875 0.25640869140625
0.00328254699707031 -0.0135726928710938 0.16943359375 0.136077880859375
0.00882911682128906 -0.0080881118774414 -0.0674285888671875 -0.174270629882813
0.0291042327880859 0.0187110900878906 0.20660400390625 -0.22735595703125
0.0244178771972656 0.0198745727539063 0.468231201171875 -0.0478515625
-0.0127172470092773 0.0139293670654297 0.511138916015625 0.393310546875
-0.0563888549804687 0.00396728515625 -0.014404296875 0.8231201171875
-0.00034332275390625 -0.0223960876464844 -0.627685546875 0.69549560546875
0.0606117248535156 -0.00555038452148437 -0.5943603515625 0.17578125
0.080596923828125 0.027740478515625 0.16925048828125 0.084014892578125
0.0546836853027344 -0.0081634521484375 0.76177978515625 -0.31512451171875
0.00508880615234375 -0.0180816650390625 0.36602783203125 -0.86761474609375
-0.0312404632568359 -0.00772666931152344 -0.42755126953125 -0.66748046875
-0.0266551971435547 0.00805282592773438 -0.6064453125 -0.0392456054687501
0.00762176513671875 0.0174283981323242 -0.39208984375 0.2423095703125
0.0198402404785156 0.007049560546875 -0.0584259033203125 0.25714111328125
0.00240612030029297 -0.0104866027832031 0.171249389648438 0.133926391601563
0.00719213485717774 -0.0052037239074707 -0.0684814453125 -0.172409057617188
0.0274887084960938 0.0193996429443359 0.20196533203125 -0.225875854492188
0.0205631256103516 0.0186939239501953 0.46417236328125 -0.053466796875
-0.0174646377563477 0.00853824615478516 0.51348876953125 0.386505126953125
-0.0569190979003906 -0.00432968139648438 -0.00360107421875006 0.8192138671875
0.0154094696044922 -0.0327281951904297 -0.62042236328125 0.7022705078125
0.0936965942382813 -0.00963592529296875 -0.59869384765625 0.1790771484375
0.118247985839844 0.0322952270507813 0.15582275390625 0.0823516845703125
0.0840301513671875 -0.0149612426757812 0.75933837890625 -0.30584716796875
0.0169467926025391 -0.0298480987548828 0.37939453125 -0.86334228515625
-0.0329227447509766 -0.0185375213623047 -0.41925048828125 -0.6759033203125
-0.0335655212402344 0.0044097900390625 -0.60821533203125 -0.0492553710937501
0.00194168090820312 0.0181922912597656 -0.400604248046875 0.238128662109375
0.0174674987792969 0.00796890258789063 -0.063507080078125 0.256744384765625
0.00267887115478516 -0.00871181488037109 0.169357299804688 0.133712768554688
0.00456571578979492 -0.00313997268676758 -0.073577880859375 -0.171279907226563
0.0259075164794922 0.0190773010253906 0.19366455078125 -0.2315673828125
0.0183925628662109 0.0197849273681641 0.460235595703125 -0.064971923828125
-0.0198249816894531 0.00730705261230469 0.52532958984375 0.364044189453125
-0.052734375 -0.00778198242187499 0.0296630859375 0.8118896484375
0.0264739990234375 -0.0437583923339844 -0.59222412109375 0.72003173828125
0.117591857910156 -0.0154953002929688 -0.6107177734375 0.19427490234375
0.150787353515625 0.038330078125 0.1290283203125 0.0773162841796875
0.108039855957031 -0.0144805908203125 0.75787353515625 -0.28253173828125
0.0302162170410156 -0.0411491394042969 0.41046142578125 -0.8529052734375
-0.0312004089355469 -0.0262317657470703 -0.39703369140625 -0.6962890625
-0.0384712219238281 0.00310897827148437 -0.61151123046875 -0.0710449218750001
-0.00194358825683594 0.0197162628173828 -0.41217041015625 0.22857666015625
0.0147705078125 0.0080556869506836 -0.0703887939453125 0.256881713867188
0.00261592864990234 -0.0069727897644043 0.166244506835938 0.1358642578125
0.0198078155517578 -0.0265636444091797 -0.0952606201171875 -0.169113159179688
0.0391921997070313 -0.0015869140625 0.161239624023438 -0.25482177734375
0.0463409423828125 0.0129623413085938 0.443603515625 -0.147247314453125
0.0160942077636719 0.0297775268554687 0.5765380859375 0.23468017578125
-0.0516700744628906 0.0530815124511719 0.17376708984375 0.75128173828125
-0.0594482421875 0.0240135192871094 -0.46759033203125 0.79266357421875
-0.0528602600097656 0.000579833984374995 -0.6490478515625 0.28271484375
-0.0406227111816406 0.00320053100585938 0.010528564453125 0.0888824462890625
-0.0295658111572266 0.0104312896728516 0.76202392578125 -0.14923095703125
-0.0324954986572266 0.0222663879394531 0.57708740234375 -0.7796630859375
-0.0315952301025391 0.0241470336914063 -0.26177978515625 -0.79052734375
-0.0104694366455078 0.0190677642822266 -0.59857177734375 -0.18646240234375
0.0193309783935547 0.0191059112548828 -0.4417724609375 0.170196533203125
0.0326747894287109 0.001556396484375 -0.098419189453125 0.255889892578125
0.0107536315917969 -0.0253410339355469 0.153564453125 0.148681640625
0.0173797607421875 -0.0248508453369141 -0.0861053466796875 -0.174957275390625
0.0398063659667969 0.003143310546875 0.175994873046875 -0.249618530273438
0.0452651977539063 0.0142631530761719 0.45538330078125 -0.12310791015625
0.0119552612304688 0.0293769836425781 0.5628662109375 0.2801513671875
-0.0551490783691406 0.0501785278320312 0.1243896484375 0.7745361328125
-0.0582466125488281 0.0193595886230469 -0.5157470703125 0.76593017578125
-0.0539474487304688 0.00115585327148437 -0.6361083984375 0.25164794921875
-0.0430641174316406 0.00368499755859375 0.0599136352539062 0.090789794921875
-0.0302314758300781 0.0108318328857422 0.7689208984375 -0.1962890625
-0.0323581695556641 0.0232257843017578 0.51678466796875 -0.81072998046875
-0.0304355621337891 0.0252361297607422 -0.3165283203125 -0.7581787109375
-0.00954246520996094 0.0175714492797852 -0.6021728515625 -0.14068603515625
0.021148681640625 0.0170345306396484 -0.42645263671875 0.19464111328125
0.0310401916503906 0.00133323669433594 -0.0860748291015625 0.257461547851563
0.00818634033203125 -0.0239181518554688 0.158004760742188 0.145339965820313
0.0173149108886719 -0.0223217010498047 -0.0809783935546875 -0.176193237304688
0.0381965637207031 0.00642013549804688 0.19061279296875 -0.243820190429687
0.0429954528808594 0.0162544250488281 0.46209716796875 -0.097320556640625
0.00634956359863282 0.0266780853271484 0.54644775390625 0.32421875
-0.0592536926269531 0.0404129028320312 0.07135009765625 0.79681396484375
-0.0517654418945312 0.011932373046875 -0.56439208984375 0.74029541015625
-0.0397567749023438 -0.000297546386718751 -0.62139892578125 0.21990966796875
-0.02801513671875 0.00725746154785157 0.106674194335938 0.090911865234375
-0.0188331604003906 0.00766944885253906 0.77191162109375 -0.24395751953125
-0.0261898040771484 0.0181751251220703 0.45452880859375 -0.8382568359375
-0.0293388366699219 0.0206546783447266 -0.367431640625 -0.7208251953125
-0.0108938217163086 0.0147485733032227 -0.60498046875 -0.0994873046875001
0.0185108184814453 0.0156211853027344 -0.4124755859375 0.217315673828125
0.0286483764648438 0.00174140930175781 -0.07373046875 0.259811401367188
0.00638580322265625 -0.0220355987548828 0.16278076171875 0.14422607421875
0.0142002105712891 -0.0171909332275391 -0.0733642578125 -0.178115844726563
0.0350799560546875 0.0109138488769531 0.200027465820312 -0.237594604492188
0.0360603332519531 0.017608642578125 0.469024658203125 -0.072723388671875
-0.00100517272949219 0.0240974426269531 0.529693603515625 0.361663818359375
-0.0584945678710937 0.0304641723632813 0.02374267578125 0.8135986328125
-0.0367927551269531 0.00279998779296875 -0.60211181640625 0.71551513671875
-0.0124893188476562 -0.00210952758789062 -0.6087646484375 0.19488525390625
0.00140380859375 0.0138378143310547 0.142181396484375 0.0907135009765625
0.00108695030212402 0.0038149356842041 0.7708740234375 -0.281494140625
-0.0183753967285156 0.0072784423828125 0.4083251953125 -0.85528564453125
-0.0293235778808594 0.0123672485351563 -0.40338134765625 -0.69512939453125
-0.0145597457885742 0.0120096206665039 -0.60772705078125 -0.0648803710937501
0.0169582366943359 0.0161533355712891 -0.402374267578125 0.2318115234375
0.0240383148193359 0.00251579284667969 -0.0648193359375 0.259353637695313
0.00510597229003906 -0.0189037322998047 0.167221069335938 0.139801025390625
0.0112218856811523 -0.0133886337280273 -0.0704193115234375 -0.178482055664062
0.0323143005371094 0.0153884887695313 0.205551147460938 -0.232208251953125
0.0293998718261719 0.0198135375976563 0.4735107421875 -0.05792236328125
-0.00762367248535156 0.0191059112548828 0.517303466796875 0.387420654296875
-0.0592727661132812 0.0166015625 -0.00476074218750006 0.82427978515625
-0.0182685852050781 -0.00994491577148437 -0.62469482421875 0.701904296875
0.0229701995849609 -0.00246429443359375 -0.601318359375 0.17974853515625
0.0397834777832031 0.0210838317871094 0.163864135742187 0.0892333984375
0.0271701812744141 -0.00277328491210938 0.76861572265625 -0.30657958984375
-0.00602197647094727 -0.00530195236206055 0.37823486328125 -0.865478515625
-0.0297946929931641 0.00181198120117187 -0.42315673828125 -0.6737060546875
-0.0221805572509766 0.0103569030761719 -0.60565185546875 -0.04644775390625
0.0127401351928711 0.0164642333984375 -0.395538330078125 0.24127197265625
0.0223960876464844 0.00318145751953125 -0.0605010986328125 0.256423950195313
0.00326251983642578 -0.0156822204589844 0.169113159179688 0.135528564453125
0.00855541229248047 -0.00905609130859375 -0.069000244140625 -0.176925659179688
0.0303802490234375 0.0171222686767578 0.205612182617188 -0.229171752929687
0.0248622894287109 0.0187664031982422 0.4713134765625 -0.049285888671875
-0.0138406753540039 0.0130786895751953 0.514984130859375 0.39434814453125
-0.0568161010742188 0.00573730468750001 -0.0134887695312499 0.82696533203125
0.0011138916015625 -0.0216770172119141 -0.6317138671875 0.69927978515625
0.0595054626464844 -0.00510787963867188 -0.59844970703125 0.1746826171875
0.0800094604492188 0.0270309448242188 0.168212890625 0.084503173828125
0.0561866760253906 -0.00888824462890625 0.76605224609375 -0.31524658203125
0.00528526306152344 -0.0171604156494141 0.36700439453125 -0.8702392578125
-0.0315418243408203 -0.00745582580566406 -0.43341064453125 -0.6700439453125
-0.0276336669921875 0.00775527954101562 -0.609375 -0.0398559570312499
0.00703048706054688 0.01800537109375 -0.39617919921875 0.24578857421875
0.0200519561767578 0.00651168823242188 -0.0589447021484375 0.258163452148438
0.00167751312255859 -0.0105838775634766 0.172821044921875 0.134674072265625
0.00546503067016602 -0.00619649887084961 -0.071136474609375 -0.175430297851563
0.0263137817382812 0.017059326171875 0.203414916992187 -0.229751586914062
0.0204620361328125 0.0197715759277344 0.465728759765625 -0.052734375
-0.0178356170654297 0.00945281982421875 0.516387939453125 0.38824462890625
-0.0557212829589844 -0.00312042236328126 -0.00207519531250004 0.82513427734375
0.0177116394042969 -0.0328273773193359 -0.62286376953125 0.70635986328125
0.0932540893554688 -0.0086669921875 -0.60284423828125 0.178466796875
0.118598937988281 0.033477783203125 0.155914306640625 0.0819244384765625
0.08355712890625 -0.0136947631835938 0.763916015625 -0.30572509765625
0.0178852081298828 -0.0315036773681641 0.3800048828125 -0.86492919921875
-0.03277587890625 -0.0183372497558594 -0.4207763671875 -0.6800537109375
-0.0336265563964844 0.00641250610351562 -0.6103515625 -0.0482788085937501
0.000965118408203125 0.0195693969726563 -0.402313232421875 0.239776611328125
0.0168542861938477 0.00795555114746094 -0.064605712890625 0.259002685546875
0.00113201141357422 -0.00901317596435547 0.172439575195313 0.13592529296875
0.00456619262695313 -0.00428247451782227 -0.07403564453125 -0.173873901367188
0.025238037109375 0.0184192657470703 0.195632934570312 -0.2332763671875
0.0167236328125 0.0193614959716797 0.4605712890625 -0.065155029296875
-0.0207366943359375 0.00758552551269531 0.52777099609375 0.36505126953125
-0.0526084899902344 -0.00950241088867188 0.03070068359375 0.81683349609375
0.0274925231933594 -0.0421028137207031 -0.59423828125 0.7255859375
0.118942260742188 -0.0171966552734375 -0.61474609375 0.19244384765625
0.150634765625 0.037689208984375 0.127067565917969 0.0767135620117188
0.10931396484375 -0.0152053833007813 0.7603759765625 -0.28070068359375
0.03118896484375 -0.039306640625 0.41302490234375 -0.85614013671875
-0.0331344604492188 -0.0255451202392578 -0.39959716796875 -0.70025634765625
-0.0383644104003906 0.00416183471679688 -0.61126708984375 -0.0714111328124999
-0.000514984130859377 0.0196170806884766 -0.41558837890625 0.23126220703125
0.014622688293457 0.00900650024414062 -0.072418212890625 0.260330200195313
0.00202369689941406 -0.00756359100341797 0.167312622070312 0.137313842773438
0.0198116302490234 -0.0284709930419922 -0.0957794189453125 -0.171218872070313
0.0405387878417969 -0.0009307861328125 0.161941528320313 -0.2567138671875
0.0456695556640625 0.0111236572265625 0.446258544921875 -0.149871826171875
0.0169544219970703 0.0279369354248047 0.5804443359375 0.23590087890625
-0.0496139526367187 0.0546379089355469 0.17767333984375 0.7559814453125
-0.0571212768554688 0.0227165222167969 -0.47003173828125 0.80035400390625
-0.0535812377929688 0.00181961059570312 -0.65472412109375 0.2838134765625
-0.0391845703125 0.0028228759765625 0.0112075805664062 0.0881195068359375
-0.0291690826416016 0.0117683410644531 0.7669677734375 -0.15045166015625
-0.0316181182861328 0.0236530303955078 0.58038330078125 -0.783935546875
-0.0322742462158203 0.0253105163574219 -0.26702880859375 -0.79736328125
-0.0110034942626953 0.0181522369384766 -0.6041259765625 -0.18890380859375
0.0182323455810547 0.0191478729248047 -0.444671630859375 0.174224853515625
0.0316810607910156 -0.00066375732421875 -0.0989532470703125 0.25982666015625
0.0108814239501953 -0.0251178741455078 0.154403686523437 0.149505615234375
0.0177593231201172 -0.0261249542236328 -0.0877685546875 -0.175888061523438
0.0407829284667969 0.00242233276367188 0.176620483398438 -0.252853393554688
0.0460739135742188 0.0136680603027344 0.457550048828125 -0.124053955078125
0.0115528106689453 0.0292015075683594 0.56646728515625 0.2828369140625
-0.0546417236328125 0.05096435546875 0.12677001953125 0.78350830078125
-0.0580520629882813 0.0217514038085938 -0.51959228515625 0.77435302734375
-0.0544815063476563 0.00109481811523438 -0.6416015625 0.2501220703125
-0.04327392578125 0.00367355346679688 0.0611190795898438 0.090789794921875
-0.0324783325195313 0.0113658905029297 0.77288818359375 -0.197265625
-0.033935546875 0.0227832794189453 0.520263671875 -0.81829833984375
-0.0286903381347656 0.0251998901367187 -0.32147216796875 -0.76055908203125
-0.010066032409668 0.0172519683837891 -0.6090087890625 -0.14056396484375
0.0212535858154297 0.0162467956542969 -0.42974853515625 0.197021484375
0.0303897857666016 0.000410079956054688 -0.0853118896484375 0.26251220703125
0.00795173645019531 -0.0254707336425781 0.158645629882813 0.146987915039063
0.0173587799072266 -0.0220985412597656 -0.0801849365234375 -0.179489135742187
0.0366630554199219 0.00618743896484375 0.189056396484375 -0.249191284179688
0.0420646667480469 0.0145988464355469 0.46588134765625 -0.0980224609375
0.00428199768066406 0.0262985229492187 0.549407958984375 0.327362060546875
-0.0587310791015625 0.0419387817382813 0.0714111328125 0.80340576171875
-0.051025390625 0.0141029357910156 -0.567138671875 0.74493408203125
-0.0394096374511719 0.00106811523437501 -0.6268310546875 0.22052001953125
-0.0272369384765625 0.00724029541015625 0.107086181640625 0.0913467407226563
-0.0191268920898438 0.00881958007812499 0.77740478515625 -0.2425537109375
-0.0272502899169922 0.0181198120117187 0.45697021484375 -0.84393310546875
-0.0293178558349609 0.0201606750488281 -0.37237548828125 -0.72576904296875
-0.0101604461669922 0.0142917633056641 -0.6090087890625 -0.0989990234375001
0.0202789306640625 0.014984130859375 -0.4140625 0.219268798828125
0.0291347503662109 0.000226974487304687 -0.074188232421875 0.263015747070313
0.00601959228515625 -0.0214767456054688 0.165237426757813 0.144241333007813
0.0129718780517578 -0.0185909271240234 -0.0748748779296875 -0.181381225585937
0.0361557006835938 0.010711669921875 0.2001953125 -0.240585327148438
0.0364189147949219 0.0176200866699219 0.47528076171875 -0.07513427734375
-0.00237655639648438 0.0235805511474609 0.53387451171875 0.36627197265625
-0.0595474243164063 0.0317115783691406 0.02520751953125 0.821533203125
-0.0361328125 0.00317764282226562 -0.606201171875 0.72418212890625
-0.0136547088623047 -0.00309181213378906 -0.61334228515625 0.19866943359375
0.000617027282714845 0.013737678527832 0.144073486328125 0.090911865234375
-0.000699043273925781 0.00471401214599609 0.77471923828125 -0.2821044921875
-0.0172805786132813 0.00953960418701172 0.409423828125 -0.864013671875
-0.0303726196289063 0.0128154754638672 -0.40594482421875 -0.69879150390625
-0.0145578384399414 0.0122804641723633 -0.6114501953125 -0.0645751953124999
0.0167427062988281 0.0173273086547852 -0.403717041015625 0.23504638671875
0.0249671936035156 0.001678466796875 -0.065399169921875 0.261932373046875
0.00356292724609375 -0.0183925628662109 0.167816162109375 0.138900756835938
0.0103578567504883 -0.0135936737060547 -0.0712127685546875 -0.179962158203125
0.0338230133056641 0.0130901336669922 0.206314086914063 -0.234619140625
0.0302391052246094 0.0179328918457031 0.4754638671875 -0.05712890625
-0.00874137878417969 0.0184001922607422 0.522796630859375 0.387786865234375
-0.0585975646972656 0.0183944702148437 -0.00640869140624992 0.8302001953125
-0.0178165435791016 -0.00991630554199218 -0.62957763671875 0.70867919921875
0.0212650299072266 -0.00283050537109375 -0.60552978515625 0.18109130859375
0.0394325256347656 0.0199737548828125 0.165374755859375 0.08856201171875
0.0281276702880859 -0.000658035278320313 0.77508544921875 -0.30609130859375
-0.00731992721557617 -0.00312709808349609 0.38067626953125 -0.87310791015625
-0.0307979583740234 0.00408554077148438 -0.42724609375 -0.681640625
-0.0207443237304687 0.0101680755615234 -0.61004638671875 -0.04742431640625
0.0126504898071289 0.0163774490356445 -0.398529052734375 0.243438720703125
0.0228614807128906 0.00503730773925781 -0.0594482421875 0.261734008789063
0.00264263153076172 -0.0152807235717773 0.172073364257813 0.138351440429688
0.0075078010559082 -0.0084691047668457 -0.070343017578125 -0.178558349609375
0.0291595458984375 0.017486572265625 0.207763671875 -0.232833862304687
0.0238456726074219 0.0201511383056641 0.47369384765625 -0.050506591796875
-0.0148677825927734 0.0130176544189453 0.51641845703125 0.3974609375
-0.0581855773925781 0.00689315795898437 -0.0123901367187499 0.83587646484375
0.00406265258789062 -0.0213623046875 -0.63446044921875 0.70733642578125
0.0602569580078125 -0.00668716430664063 -0.6046142578125 0.17523193359375
0.0811920166015625 0.027557373046875 0.168807983398438 0.08563232421875
0.0549583435058594 -0.00831985473632813 0.77081298828125 -0.31573486328125
0.00626087188720703 -0.0168342590332031 0.36993408203125 -0.87530517578125
-0.0322513580322266 -0.00691032409667968 -0.4365234375 -0.677001953125
-0.0285568237304687 0.00838088989257813 -0.6138916015625 -0.0388183593750001
0.00788688659667969 0.0187702178955078 -0.398590087890625 0.2481689453125
0.0188064575195313 0.00688743591308594 -0.05865478515625 0.26165771484375
0.00133800506591797 -0.0107049942016602 0.173614501953125 0.136398315429688
0.00692033767700195 -0.00441741943359375 -0.0710601806640625 -0.177780151367188
0.0270442962646484 0.0163631439208984 0.202957153320312 -0.234466552734375
0.0196113586425781 0.0178489685058594 0.47174072265625 -0.055450439453125
-0.0201759338378906 0.00863456726074219 0.5234375 0.39288330078125
-0.0536079406738281 -0.00275421142578124 -0.00103759765625001 0.83447265625
0.0207729339599609 -0.0321197509765625 -0.6285400390625 0.714111328125
0.0945816040039063 -0.00739288330078125 -0.60919189453125 0.1805419921875
0.118560791015625 0.0338516235351563 0.15673828125 0.084136962890625
0.0843429565429688 -0.0133132934570312 0.7685546875 -0.3048095703125
0.0188217163085938 -0.0297050476074219 0.3853759765625 -0.8721923828125
-0.0345249176025391 -0.0168876647949219 -0.426513671875 -0.6827392578125
-0.0343589782714844 0.00637054443359374 -0.61700439453125 -0.0473632812499999
0.0020751953125 0.0200672149658203 -0.4052734375 0.244659423828125
0.0181465148925781 0.0089569091796875 -0.0630340576171875 0.261444091796875
0.00193500518798828 -0.00681257247924805 0.171371459960938 0.137664794921875
0.00556755065917969 -0.00494813919067383 -0.0753326416015625 -0.173660278320313
0.02606201171875 0.0187892913818359 0.195266723632813 -0.236053466796875
0.0173358917236328 0.0183525085449219 0.46533203125 -0.06787109375
-0.0199642181396484 0.00667190551757812 0.532440185546875 0.368621826171875
-0.0539627075195313 -0.00806045532226563 0.03106689453125 0.82598876953125
0.0300064086914063 -0.0407981872558594 -0.600341796875 0.73223876953125
0.118087768554688 -0.0156478881835938 -0.619140625 0.19573974609375
0.14984130859375 0.0391845703125 0.127975463867188 0.078643798828125
0.10992431640625 -0.0145416259765625 0.765625 -0.2828369140625
0.0324478149414063 -0.0397377014160156 0.41455078125 -0.86175537109375
-0.0331363677978516 -0.0255126953125 -0.40240478515625 -0.70416259765625
-0.0391464233398438 0.00320816040039063 -0.617919921875 -0.07049560546875
-0.000959396362304689 0.0209159851074219 -0.418426513671875 0.234710693359375
0.0152759552001953 0.00920009613037109 -0.07171630859375 0.2630615234375
0.000883102416992187 -0.0067896842956543 0.168426513671875 0.13751220703125
0.0180091857910156 -0.0281620025634766 -0.0981597900390625 -0.17388916015625
0.040618896484375 -0.002227783203125 0.162796020507813 -0.259933471679688
0.0451545715332031 0.0112953186035156 0.44720458984375 -0.15362548828125
0.0156764984130859 0.0291633605957031 0.58612060546875 0.23779296875
-0.0492515563964844 0.0551033020019531 0.1834716796875 0.76690673828125
-0.0558815002441406 0.0245361328125 -0.4691162109375 0.81072998046875
-0.0533943176269531 0.0016632080078125 -0.65997314453125 0.28826904296875
-0.0408897399902344 0.0029144287109375 0.0110015869140625 0.08984375
-0.0294933319091797 0.0121631622314453 0.77252197265625 -0.15234375
-0.0324039459228516 0.0231914520263672 0.58221435546875 -0.793212890625
-0.0344886779785156 0.0259208679199219 -0.2705078125 -0.8045654296875
-0.0104522705078125 0.0213184356689453 -0.607666015625 -0.18658447265625
0.0211391448974609 0.0177898406982422 -0.448089599609375 0.176361083984375
0.0325241088867188 0.000452041625976563 -0.098846435546875 0.26348876953125
0.00876617431640625 -0.0240974426269531 0.1575927734375 0.151199340820313
0.0184478759765625 -0.0270652770996094 -0.09124755859375 -0.179367065429687
0.0397186279296875 0.0016632080078125 0.176651000976563 -0.25732421875
0.0451850891113281 0.0132560729980469 0.45947265625 -0.127716064453125
0.0119056701660156 0.0302410125732422 0.572509765625 0.28253173828125
-0.05426025390625 0.0525894165039063 0.1298828125 0.79058837890625
-0.0584831237792969 0.0217475891113281 -0.52069091796875 0.78350830078125
-0.0560111999511719 0.00178909301757812 -0.64691162109375 0.2542724609375
-0.0446395874023437 0.00334548950195312 0.060211181640625 0.0913314819335938
-0.031494140625 0.0120830535888672 0.7786865234375 -0.19854736328125
-0.0314292907714844 0.0256233215332031 0.52099609375 -0.825439453125
-0.0312767028808594 0.0260181427001953 -0.3270263671875 -0.76788330078125
-0.00936698913574219 0.0180568695068359 -0.61383056640625 -0.140625
0.0214309692382813 0.0182857513427734 -0.432525634765625 0.2005615234375
0.0310707092285156 -0.000577926635742187 -0.0861663818359375 0.264328002929688
0.00564193725585938 -0.0240516662597656 0.160980224609375 0.146987915039063
0.0171966552734375 -0.0237293243408203 -0.0843505859375 -0.181655883789063
0.038787841796875 0.00652694702148437 0.190689086914063 -0.250747680664063
0.0422935485839844 0.0156517028808594 0.468902587890625 -0.102935791015625
0.00489997863769531 0.0276660919189453 0.55523681640625 0.32958984375
-0.0586166381835938 0.0433425903320312 0.07513427734375 0.8140869140625
-0.0491256713867188 0.01458740234375 -0.56915283203125 0.75701904296875
-0.0409278869628906 -0.00139236450195312 -0.631103515625 0.22332763671875
-0.02984619140625 0.00762557983398437 0.107383728027344 0.0933303833007813
-0.0197486877441406 0.008453369140625 0.7808837890625 -0.246337890625
-0.0268707275390625 0.0202980041503906 0.4600830078125 -0.8504638671875
-0.0297393798828125 0.0218486785888672 -0.378173828125 -0.73077392578125
-0.0127830505371094 0.0162973403930664 -0.6162109375 -0.0962524414062499
0.0200595855712891 0.0161018371582031 -0.4193115234375 0.222320556640625
0.0296783447265625 0.00135993957519531 -0.0730438232421875 0.267776489257812
0.00481605529785156 -0.0217933654785156 0.167160034179688 0.145767211914063
0.0132408142089844 -0.0190448760986328 -0.0766754150390625 -0.184326171875
0.0368576049804688 0.0102958679199219 0.20245361328125 -0.244918823242188
0.0353546142578125 0.0178947448730469 0.4766845703125 -0.07757568359375
-0.00163841247558594 0.0226192474365234 0.540435791015625 0.365997314453125
-0.0599861145019531 0.0318756103515625 0.02716064453125 0.8289794921875
-0.0349502563476563 0.00294876098632813 -0.607177734375 0.7315673828125
-0.0139236450195313 -0.00251960754394531 -0.6190185546875 0.19927978515625
0.00176620483398437 0.0138111114501953 0.143692016601562 0.0919189453125
0.00131726264953613 0.00413107872009277 0.7808837890625 -0.28497314453125
-0.0167350769042969 0.00968360900878906 0.41070556640625 -0.87054443359375
-0.0295257568359375 0.0132503509521484 -0.4134521484375 -0.70233154296875
-0.0159626007080078 0.0125160217285156 -0.61810302734375 -0.06329345703125
0.0167264938354492 0.015263557434082 -0.407867431640625 0.239166259765625
0.0257301330566406 0.00310897827148438 -0.0626373291015625 0.26605224609375
0.00334930419921875 -0.0185260772705078 0.171112060546875 0.140274047851563
0.0105009078979492 -0.0135173797607422 -0.0719451904296875 -0.183395385742188
0.0314865112304688 0.0143756866455078 0.207687377929688 -0.238815307617188
0.0305423736572266 0.0189800262451172 0.47760009765625 -0.06231689453125
-0.00910186767578125 0.0183124542236328 0.52850341796875 0.392608642578125
-0.0578651428222656 0.0192527770996094 0.000732421875000019 0.84063720703125
-0.0153255462646484 -0.00906085968017578 -0.63250732421875 0.720703125
0.0204601287841797 -0.00325775146484375 -0.61138916015625 0.1832275390625
0.0404930114746094 0.0195388793945313 0.16619873046875 0.0882110595703125
0.0270957946777344 -0.00316238403320313 0.78106689453125 -0.309326171875
-0.00663661956787109 -0.00339984893798828 0.38104248046875 -0.880126953125
-0.0311813354492188 0.00395584106445312 -0.43267822265625 -0.68646240234375
-0.0207843780517578 0.0116348266601563 -0.6168212890625 -0.0439453125000001
0.0138511657714844 0.0170564651489258 -0.4017333984375 0.2493896484375
0.0218772888183594 0.00420379638671875 -0.059783935546875 0.26611328125
0.00166606903076172 -0.014434814453125 0.174774169921875 0.138153076171875
0.00818061828613281 -0.00936794281005859 -0.06982421875 -0.18048095703125
0.0310001373291016 0.0167160034179688 0.207763671875 -0.237503051757813
0.0242080688476563 0.0191650390625 0.477294921875 -0.053863525390625
-0.0151596069335938 0.0137739181518555 0.52520751953125 0.40179443359375
-0.0562858581542969 0.00775527954101562 -0.01031494140625 0.84381103515625
0.00312614440917969 -0.0214691162109375 -0.638427734375 0.71710205078125
0.0588798522949219 -0.00624847412109375 -0.60736083984375 0.1783447265625
0.07952880859375 0.0264892578125 0.17034912109375 0.0861968994140625
0.0570602416992188 -0.00687789916992188 0.7764892578125 -0.3179931640625
0.00619125366210937 -0.0159931182861328 0.3709716796875 -0.8837890625
-0.0340156555175781 -0.00627136230468751 -0.4425048828125 -0.678955078125
-0.0282764434814453 0.00807571411132813 -0.618896484375 -0.0369873046875
0.00814628601074219 0.0179271697998047 -0.402435302734375 0.25189208984375
0.01922607421875 0.00723075866699219 -0.05865478515625 0.26458740234375
0.00177383422851563 -0.011688232421875 0.175445556640625 0.137039184570313
0.00562524795532226 -0.00810527801513672 -0.07293701171875 -0.180801391601562
0.0273914337158203 0.0170154571533203 0.203445434570313 -0.23773193359375
0.0205497741699219 0.01849365234375 0.474273681640625 -0.05596923828125
-0.0199241638183594 0.00904083251953125 0.528961181640625 0.393463134765625
-0.0536689758300781 -0.000751495361328123 0.00207519531250006 0.84149169921875
0.0211753845214844 -0.0325412750244141 -0.630126953125 0.72467041015625
0.094024658203125 -0.0108566284179688 -0.61285400390625 0.1812744140625
0.119888305664062 0.0350265502929688 0.159378051757813 0.084686279296875
0.0859756469726562 -0.012725830078125 0.77362060546875 -0.30950927734375
0.0190811157226563 -0.0304756164550781 0.38287353515625 -0.87884521484375
-0.0336265563964844 -0.0168361663818359 -0.4351806640625 -0.68865966796875
-0.0341358184814453 0.00721168518066406 -0.6219482421875 -0.0461425781249999
0.00261306762695312 0.0198650360107422 -0.40679931640625 0.249755859375
0.016545295715332 0.00787639617919922 -0.0631256103515625 0.265640258789063
0.00110149383544922 -0.00734472274780273 0.174819946289063 0.137283325195313
0.00420403480529785 -0.00346016883850098 -0.0759735107421875 -0.178009033203125
0.0259609222412109 0.0171890258789063 0.196701049804688 -0.241424560546875
0.0166797637939453 0.0189743041992188 0.468475341796875 -0.06890869140625
-0.0224838256835938 0.00733184814453125 0.537811279296875 0.37139892578125
-0.053558349609375 -0.00719451904296876 0.03582763671875 0.8326416015625
0.0319442749023438 -0.0408668518066406 -0.60205078125 0.743408203125
0.119483947753906 -0.0156784057617188 -0.6251220703125 0.19781494140625
0.152297973632813 0.04010009765625 0.13018798828125 0.0801773071289063
0.111618041992188 -0.0162811279296875 0.7703857421875 -0.28460693359375
0.0315437316894531 -0.0398330688476563 0.416015625 -0.8670654296875
-0.0333518981933594 -0.0262546539306641 -0.40899658203125 -0.70819091796875
-0.0399398803710938 0.00603103637695313 -0.62432861328125 -0.06890869140625
-0.000953674316406248 0.0215435028076172 -0.420440673828125 0.239227294921875
0.0146932601928711 0.00973415374755859 -0.073333740234375 0.265335083007813
-0.00119924545288086 -0.00800466537475586 0.170257568359375 0.137832641601563
0.0159931182861328 -0.0302047729492188 -0.10028076171875 -0.17578125
0.0413055419921875 -0.00413894653320313 0.163101196289062 -0.266876220703125
0.0472335815429688 0.0100860595703125 0.45184326171875 -0.1571044921875
0.0154323577880859 0.0302009582519531 0.593017578125 0.23712158203125
-0.04974365234375 0.0571365356445313 0.1865234375 0.7734375
-0.0553131103515625 0.0274124145507812 -0.47235107421875 0.8193359375
-0.0547561645507813 0.00129318237304688 -0.66436767578125 0.29449462890625
-0.0427589416503906 0.00347900390624999 0.0102081298828125 0.0910415649414063
-0.0302028656005859 0.0114688873291016 0.77911376953125 -0.1531982421875
-0.0316162109375 0.0260505676269531 0.5855712890625 -0.80224609375
-0.0343189239501953 0.0258464813232422 -0.278564453125 -0.8087158203125
-0.0118789672851563 0.0204296112060547 -0.61370849609375 -0.18548583984375
0.0201854705810547 0.0189590454101563 -0.4521484375 0.1822509765625
0.0344772338867188 -0.00030517578125 -0.0986480712890625 0.266815185546875
0.00779151916503906 -0.0256156921386719 0.159454345703125 0.150634765625
0.017181396484375 -0.0288238525390625 -0.092926025390625 -0.181564331054688
0.0398712158203125 0.00146102905273438 0.178115844726563 -0.260787963867188
0.0453147888183594 0.0135650634765625 0.463653564453125 -0.132537841796875
0.00998878479003906 0.0301322937011719 0.57977294921875 0.28240966796875
-0.053741455078125 0.0535316467285156 0.13525390625 0.80047607421875
-0.0540657043457031 0.023101806640625 -0.523681640625 0.79449462890625
-0.05548095703125 0.000102996826171867 -0.65350341796875 0.26055908203125
-0.0448875427246094 0.00351333618164063 0.0618667602539063 0.0922775268554688
-0.0312690734863281 0.0125064849853516 0.78656005859375 -0.20281982421875
-0.0326366424560547 0.0255069732666016 0.52166748046875 -0.83294677734375
-0.0317859649658203 0.0272941589355469 -0.33209228515625 -0.77410888671875
-0.0100574493408203 0.0181217193603516 -0.62060546875 -0.13653564453125
0.0220565795898438 0.0185699462890625 -0.43707275390625 0.205810546875
0.0330905914306641 0.00086212158203125 -0.0853424072265625 0.27142333984375
0.00646018981933594 -0.0235404968261719 0.164215087890625 0.147552490234375
0.0163345336914063 -0.0239028930664063 -0.08514404296875 -0.183212280273438
0.0407638549804688 0.00582504272460938 0.190872192382812 -0.255111694335938
0.0415534973144531 0.0142478942871094 0.473602294921875 -0.1044921875
0.00358200073242188 0.0275325775146484 0.56268310546875 0.33099365234375
-0.0587120056152344 0.0457000732421875 0.0815429687499999 0.8212890625
-0.0471725463867188 0.0168304443359375 -0.57244873046875 0.76666259765625
-0.0430068969726562 -0.00190353393554688 -0.637451171875 0.22821044921875
-0.0307712554931641 0.00715065002441406 0.109306335449219 0.092803955078125
-0.0202827453613281 0.00895881652832032 0.78936767578125 -0.25042724609375
-0.0271415710449219 0.02056884765625 0.45867919921875 -0.86126708984375
-0.0310497283935547 0.0230770111083984 -0.38427734375 -0.7364501953125
-0.0109405517578125 0.0162220001220703 -0.622802734375 -0.0947265625000001
0.0205249786376953 0.0147228240966797 -0.420013427734375 0.227813720703125
0.0298328399658203 0.000135421752929688 -0.07305908203125 0.270614624023438
0.00521278381347656 -0.0220832824707031 0.16876220703125 0.145965576171875
0.0141067504882813 -0.019195556640625 -0.0767822265625 -0.18572998046875
0.0364875793457031 0.0094146728515625 0.20196533203125 -0.249008178710938
0.0357856750488281 0.0181350708007813 0.480316162109375 -0.08148193359375
-0.00223541259765625 0.0238723754882813 0.545623779296875 0.369384765625
-0.0583343505859375 0.0337028503417969 0.0346069335937499 0.83734130859375
-0.0347099304199219 0.00438880920410157 -0.61077880859375 0.74267578125
-0.0144472122192383 -0.00278663635253906 -0.6240234375 0.20269775390625
-0.000483512878417969 0.0128393173217773 0.146759033203125 0.09320068359375
0.000708103179931641 0.00324177742004395 0.788330078125 -0.29241943359375
-0.0168924331665039 0.0107040405273437 0.4114990234375 -0.87884521484375
-0.0308189392089844 0.014923095703125 -0.41949462890625 -0.70770263671875
-0.0157022476196289 0.0131950378417969 -0.622802734375 -0.061279296875
0.0174703598022461 0.0168390274047852 -0.40972900390625 0.24444580078125
0.0275611877441406 0.00238609313964844 -0.0643310546875 0.270599365234375
0.00258255004882812 -0.0184993743896484 0.173446655273438 0.139785766601563
0.0114936828613281 -0.0138950347900391 -0.0742340087890625 -0.18634033203125
0.0330848693847656 0.0136013031005859 0.20794677734375 -0.2435302734375
0.0292587280273437 0.0199260711669922 0.482208251953125 -0.063934326171875
-0.0104236602783203 0.0188636779785156 0.535125732421875 0.394500732421875
-0.0580329895019531 0.0214653015136719 0.00372314453125001 0.85015869140625
-0.0145540237426758 -0.00822830200195313 -0.6346435546875 0.72760009765625
0.0217723846435547 -0.0042572021484375 -0.6143798828125 0.18621826171875
0.038177490234375 0.0213241577148438 0.168487548828125 0.0900115966796875
0.0274181365966797 -0.00102615356445313 0.7862548828125 -0.3140869140625
-0.00564813613891602 -0.00277900695800781 0.38116455078125 -0.88885498046875
-0.0318031311035156 0.00470352172851563 -0.4412841796875 -0.68768310546875
-0.0221576690673828 0.0107517242431641 -0.62408447265625 -0.0413818359375001
0.0134067535400391 0.0180034637451172 -0.40484619140625 0.253143310546875
0.0236282348632813 0.00465965270996094 -0.058135986328125 0.269271850585938
0.00222206115722656 -0.0166597366333008 0.17669677734375 0.137542724609375
0.00797939300537109 -0.0095367431640625 -0.071868896484375 -0.183349609375
0.0319652557373047 0.0149517059326172 0.208297729492187 -0.240402221679687
0.0235214233398437 0.0201816558837891 0.48065185546875 -0.05780029296875
-0.0163688659667969 0.0145139694213867 0.53179931640625 0.40435791015625
-0.0556602478027344 0.00920104980468749 -0.00677490234375001 0.8531494140625
0.00698471069335938 -0.0209770202636719 -0.64154052734375 0.72723388671875
0.0598678588867187 -0.0048675537109375 -0.61407470703125 0.18017578125
0.079833984375 0.0272750854492188 0.173385620117188 0.0875091552734375
0.0566596984863281 -0.00893402099609375 0.78277587890625 -0.32403564453125
0.00689125061035156 -0.0175371170043945 0.3709716796875 -0.89453125
-0.0323905944824219 -0.00563621520996094 -0.4512939453125 -0.68341064453125
-0.0281944274902344 0.00958442687988281 -0.625 -0.03338623046875
0.00789451599121094 0.0184650421142578 -0.405181884765625 0.257232666015625
0.0195980072021484 0.00599288940429687 -0.0588226318359375 0.267929077148438
0.000848770141601561 -0.0111446380615234 0.17852783203125 0.137359619140625
0.0045623779296875 -0.00689315795898438 -0.07379150390625 -0.183181762695313
0.0278091430664063 0.0183353424072266 0.20458984375 -0.241943359375
0.0187320709228516 0.0197067260742188 0.477813720703125 -0.060028076171875
-0.0214900970458984 0.00905036926269531 0.535552978515625 0.39642333984375
-0.0539436340332031 -0.00131607055664062 0.0067138671875 0.85198974609375
0.0231189727783203 -0.0328311920166016 -0.6331787109375 0.73321533203125
0.0940475463867188 -0.00899505615234375 -0.619140625 0.1868896484375
0.120742797851563 0.0347366333007813 0.160659790039062 0.08258056640625
0.0867996215820313 -0.014068603515625 0.780517578125 -0.3123779296875
0.0200977325439453 -0.0306282043457031 0.38421630859375 -0.88983154296875
-0.0347442626953125 -0.0162525177001953 -0.43896484375 -0.69183349609375
-0.0343666076660156 0.00720024108886719 -0.62982177734375 -0.0423583984375001
0.00385093688964844 0.0202884674072266 -0.41058349609375 0.253326416015625
0.016200065612793 0.00844669342041016 -0.0632171630859375 0.269805908203125
0.000154495239257813 -0.00903034210205078 0.177474975585938 0.136520385742187
0.00416803359985351 -0.00472736358642578 -0.078155517578125 -0.1790771484375
0.0271186828613281 0.0167675018310547 0.1962890625 -0.24444580078125
0.0169792175292969 0.0186538696289063 0.471923828125 -0.074676513671875
-0.0234603881835938 0.00819778442382813 0.54388427734375 0.372314453125
-0.0525245666503906 -0.00539779663085937 0.0410156250000001 0.84417724609375
0.0319709777832031 -0.0419883728027344 -0.60345458984375 0.75238037109375
0.119453430175781 -0.0169525146484375 -0.62884521484375 0.201416015625
0.151458740234375 0.03955078125 0.130477905273437 0.0802764892578125
0.111427307128906 -0.0145492553710938 0.77679443359375 -0.28887939453125
0.0340690612792969 -0.040069580078125 0.41632080078125 -0.8775634765625
-0.0337810516357422 -0.0253791809082031 -0.41815185546875 -0.7130126953125
-0.0399360656738281 0.005950927734375 -0.63018798828125 -0.0652465820312499
-0.000587463378906249 0.0216522216796875 -0.42303466796875 0.2437744140625
0.0136375427246094 0.00942134857177734 -0.0727081298828125 0.270660400390625
-0.00117588043212891 -0.00716733932495117 0.173858642578125 0.139205932617188
0.0177249908447266 -0.0308036804199219 -0.103744506835938 -0.179107666015625
0.0402069091796875 -0.00434112548828125 0.16192626953125 -0.270980834960938
0.0477485656738281 0.009613037109375 0.454376220703125 -0.1641845703125
0.0143413543701172 0.0289154052734375 0.59844970703125 0.23541259765625
-0.0486869812011719 0.0587272644042969 0.19659423828125 0.78277587890625
-0.0544548034667969 0.0266494750976563 -0.47125244140625 0.8349609375
-0.0563316345214844 0.00130081176757813 -0.6697998046875 0.3011474609375
-0.0446052551269531 0.00310897827148438 0.0101089477539062 0.0909194946289063
-0.0300483703613281 0.0129776000976562 0.783447265625 -0.1619873046875
-0.0305671691894531 0.0255374908447266 0.5863037109375 -0.81280517578125
-0.0341014862060547 0.0281829833984375 -0.287109375 -0.81500244140625
-0.0115928649902344 0.0207748413085938 -0.62298583984375 -0.18255615234375
0.0207023620605469 0.0193367004394531 -0.456268310546875 0.1888427734375
0.0335559844970703 0.000314712524414063 -0.0973052978515625 0.27203369140625
0.00792121887207031 -0.0256557464599609 0.161285400390625 0.1514892578125
0.0167121887207031 -0.0289802551269531 -0.0943603515625 -0.183364868164063
0.0393867492675781 -0.000728607177734375 0.1766357421875 -0.267547607421875
0.0457992553710938 0.0104522705078125 0.46490478515625 -0.138824462890625
0.00961112976074219 0.0281352996826172 0.58624267578125 0.283447265625
-0.0522117614746094 0.05322265625 0.1436767578125 0.80853271484375
-0.0544357299804687 0.024658203125 -0.52197265625 0.8089599609375
-0.0586662292480469 0.00193023681640624 -0.65997314453125 0.265869140625
-0.0466232299804688 0.00468444824218749 0.0617294311523438 0.0942611694335938
-0.0325813293457031 0.0123233795166016 0.79144287109375 -0.21002197265625
-0.0310173034667969 0.0264320373535156 0.523193359375 -0.845458984375
-0.031890869140625 0.0289096832275391 -0.34375 -0.77789306640625
-0.00933837890625 0.0190677642822266 -0.625732421875 -0.1373291015625
0.0227108001708984 0.0153636932373047 -0.439605712890625 0.212615966796875
0.0327625274658203 0.00145721435546875 -0.083587646484375 0.27459716796875
0.00482177734375 -0.0250682830810547 0.166336059570312 0.149200439453125
0.0147037506103516 -0.0269508361816406 -0.0871124267578125 -0.187423706054688
0.0403099060058594 0.00462722778320313 0.190475463867188 -0.261032104492188
0.0418434143066406 0.01373291015625 0.475860595703125 -0.110321044921875
0.00329971313476563 0.0277481079101563 0.5706787109375 0.33099365234375
-0.0573883056640625 0.0467338562011719 0.0871582031249999 0.8319091796875
-0.0467605590820313 0.0169029235839844 -0.5721435546875 0.78106689453125
-0.0425262451171875 4.9591064453122E-05 -0.642578125 0.23358154296875
-0.0316410064697266 0.00841712951660157 0.110824584960938 0.0911636352539063
-0.0196819305419922 0.0104045867919922 0.79656982421875 -0.2572021484375
-0.0250492095947266 0.0219478607177734 0.45977783203125 -0.871337890625
-0.0313034057617188 0.0220394134521484 -0.39385986328125 -0.7396240234375
-0.0115871429443359 0.0160856246948242 -0.6287841796875 -0.0906982421875
0.0213775634765625 0.0163612365722656 -0.424468994140625 0.2359619140625
0.0298824310302734 0.00201416015625 -0.07098388671875 0.275299072265625
0.00342750549316406 -0.0219135284423828 0.172149658203125 0.146514892578125
0.0130386352539063 -0.0209579467773437 -0.08050537109375 -0.188034057617188
0.0352859497070312 0.00933456420898437 0.201736450195313 -0.254867553710938
0.0363922119140625 0.0172119140625 0.48419189453125 -0.085662841796875
-0.00302886962890625 0.0242118835449219 0.555572509765625 0.370452880859375
-0.0590667724609375 0.0352249145507812 0.0438842773437501 0.8494873046875
-0.0332717895507813 0.0048980712890625 -0.61199951171875 0.7557373046875
-0.0150699615478516 -0.00197410583496094 -0.62847900390625 0.20892333984375
0.000230789184570312 0.0126609802246094 0.146316528320313 0.092132568359375
0.000315427780151367 0.00424647331237793 0.7930908203125 -0.29559326171875
-0.0161294937133789 0.0110931396484375 0.40899658203125 -0.89166259765625
-0.0311088562011719 0.0166454315185547 -0.42938232421875 -0.71148681640625
-0.0143442153930664 0.0129356384277344 -0.62933349609375 -0.0565795898437499
0.017547607421875 0.0158176422119141 -0.412200927734375 0.250640869140625
0.0281829833984375 0.00109672546386719 -0.0612335205078125 0.272674560546875
0.0018768310546875 -0.0190849304199219 0.175537109375 0.141433715820313
0.0107660293579102 -0.0157842636108398 -0.0768890380859375 -0.18658447265625
0.0340347290039063 0.0128440856933594 0.206893920898438 -0.249099731445313
0.0298843383789063 0.0175418853759766 0.48590087890625 -0.06988525390625
-0.0105972290039063 0.0175914764404297 0.545654296875 0.39495849609375
-0.0579643249511719 0.022857666015625 0.0136108398437499 0.860595703125
-0.013545036315918 -0.00886917114257813 -0.63677978515625 0.74267578125
0.0209560394287109 -0.00327682495117187 -0.6207275390625 0.19366455078125
0.0389328002929688 0.0208549499511719 0.16961669921875 0.0904388427734375
0.0284194946289063 -0.00115776062011719 0.790283203125 -0.32061767578125
-0.0053863525390625 -0.00244283676147461 0.37823486328125 -0.90008544921875
-0.0333919525146484 0.00508308410644531 -0.4510498046875 -0.6925048828125
-0.0221309661865234 0.0118579864501953 -0.6309814453125 -0.03759765625
0.0134620666503906 0.0182685852050781 -0.40679931640625 0.26019287109375
0.0230350494384766 0.00268173217773437 -0.05767822265625 0.272903442382813
0.000812530517578125 -0.016261100769043 0.179656982421875 0.136947631835938
0.00757312774658203 -0.0108127593994141 -0.074310302734375 -0.186752319335938
0.0305843353271484 0.0168018341064453 0.208053588867187 -0.2464599609375
0.0239162445068359 0.0195369720458984 0.485504150390625 -0.061309814453125
-0.01763916015625 0.0137786865234375 0.53997802734375 0.405914306640625
-0.0551033020019531 0.0101814270019531 0.00360107421875002 0.86346435546875
0.00638198852539063 -0.0194301605224609 -0.64453125 0.7403564453125
0.058990478515625 -0.0079345703125 -0.62109375 0.18585205078125
0.0803070068359375 0.028289794921875 0.174072265625 0.0861968994140625
0.058013916015625 -0.00946807861328125 0.78857421875 -0.329345703125
0.00743293762207031 -0.0167179107666016 0.36749267578125 -0.90631103515625
-0.0339298248291016 -0.00479507446289062 -0.4588623046875 -0.68768310546875
-0.0291690826416016 0.00967788696289063 -0.63177490234375 -0.0291748046875
0.00929069519042969 0.0188159942626953 -0.40625 0.26513671875
0.0198898315429688 0.00679397583007813 -0.0562744140625 0.273300170898438
-0.000288009643554688 -0.0129013061523438 0.181121826171875 0.136306762695313
0.00528907775878906 -0.00676679611206055 -0.0761871337890625 -0.185302734375
0.0275917053222656 0.0161895751953125 0.203887939453125 -0.246856689453125
0.0194892883300781 0.0173454284667969 0.48406982421875 -0.065582275390625
-0.0222988128662109 0.0107517242431641 0.542449951171875 0.396881103515625
-0.0538825988769531 0.00122833251953124 0.014892578125 0.8616943359375
0.0253124237060547 -0.0324211120605469 -0.6341552734375 0.74737548828125
0.0940933227539063 -0.012115478515625 -0.6243896484375 0.19195556640625
0.1212158203125 0.0335769653320313 0.16082763671875 0.082977294921875
0.0864715576171875 -0.0121917724609375 0.78448486328125 -0.32098388671875
0.0198383331298828 -0.029632568359375 0.38232421875 -0.89837646484375
-0.0362663269042969 -0.0150642395019531 -0.44842529296875 -0.69635009765625
-0.0363578796386719 0.008209228515625 -0.63519287109375 -0.0384521484375001
0.00407218933105469 0.0210094451904297 -0.4124755859375 0.2596435546875
0.0191268920898438 0.00827217102050781 -0.0626983642578125 0.273452758789063
-0.00172758102416992 -0.00770807266235351 0.179824829101563 0.137191772460938
0.00368547439575195 -0.00452470779418945 -0.080841064453125 -0.182754516601563
0.0271682739257813 0.0170764923095703 0.197067260742187 -0.249603271484375
0.0165290832519531 0.0177574157714844 0.475433349609375 -0.078369140625
-0.0235385894775391 0.00718116760253906 0.552825927734375 0.375244140625
-0.0513572692871094 -0.00460433959960937 0.0472412109375 0.85272216796875
0.0332527160644531 -0.0435752868652344 -0.6051025390625 0.766357421875
0.120872497558594 -0.0174026489257813 -0.6356201171875 0.2071533203125
0.154632568359375 0.0389251708984375 0.130577087402344 0.0793533325195313
0.112960815429688 -0.0155181884765625 0.78167724609375 -0.29498291015625
0.0325355529785156 -0.0392913818359375 0.416015625 -0.888916015625
-0.036956787109375 -0.024444580078125 -0.42645263671875 -0.7171630859375
-0.0413131713867188 0.00608444213867188 -0.6373291015625 -0.0621948242187501
-0.00130081176757813 0.0212860107421875 -0.425262451171875 0.249542236328125
0.0154705047607422 0.009765625 -0.070220947265625 0.274993896484375
-0.000725746154785156 -0.00632762908935547 0.176116943359375 0.138900756835938
0.0167694091796875 -0.0329437255859375 -0.106918334960937 -0.179901123046875
0.04150390625 -0.00446319580078125 0.160110473632813 -0.275360107421875
0.0464401245117187 0.00726699829101562 0.457855224609375 -0.1702880859375
0.0138168334960937 0.0290641784667969 0.6085205078125 0.23260498046875
-0.0481376647949219 0.0602836608886719 0.2080078125 0.789306640625
-0.0522003173828125 0.0277061462402344 -0.4652099609375 0.847412109375
-0.0558662414550781 0.000717163085937509 -0.676025390625 0.30816650390625
-0.0455055236816406 0.00323104858398438 0.010162353515625 0.0914764404296875
-0.0314807891845703 0.0146121978759766 0.790771484375 -0.1671142578125
-0.0306148529052734 0.0266456604003906 0.5828857421875 -0.82574462890625
-0.0347843170166016 0.0291786193847656 -0.29534912109375 -0.81939697265625
-0.0106334686279297 0.0216445922851563 -0.63165283203125 -0.17840576171875
0.0223236083984375 0.0181865692138672 -0.457855224609375 0.19573974609375
0.0348186492919922 -0.00173759460449219 -0.0959930419921875 0.2763671875
0.00641632080078125 -0.0253753662109375 0.164718627929688 0.151168823242188
0.0170650482177734 -0.0305690765380859 -0.09686279296875 -0.18487548828125
0.0438423156738281 -0.0003509521484375 0.174240112304688 -0.272415161132813
0.0443611145019531 0.011566162109375 0.468109130859375 -0.145904541015625
0.0100460052490234 0.0285167694091797 0.5963134765625 0.27978515625
-0.0532646179199219 0.056610107421875 0.15362548828125 0.81695556640625
-0.0523338317871094 0.0247116088867187 -0.52008056640625 0.82293701171875
-0.0572662353515625 0.000122070312499987 -0.66241455078125 0.27484130859375
-0.0478630065917969 0.0042572021484375 0.0621490478515625 0.09429931640625
-0.0340156555175781 0.0125446319580078 0.79901123046875 -0.217529296875
-0.0318870544433594 0.0271320343017578 0.52093505859375 -0.85748291015625
-0.0326042175292969 0.0304355621337891 -0.35186767578125 -0.78167724609375
-0.00943374633789063 0.0199642181396484 -0.635009765625 -0.1331787109375
0.0225677490234375 0.015380859375 -0.4420166015625 0.2198486328125
0.0336475372314453 0.000703811645507812 -0.0816650390625 0.279769897460938
0.00296592712402344 -0.0242824554443359 0.170745849609375 0.1494140625
0.0147533416748047 -0.0266761779785156 -0.090362548828125 -0.1884765625
0.039794921875 0.00503158569335937 0.189559936523438 -0.26605224609375
0.0416717529296875 0.0130043029785156 0.478302001953125 -0.11907958984375
0.00252723693847656 0.0276737213134766 0.580322265625 0.32861328125
-0.0562973022460937 0.0490608215332031 0.09796142578125 0.8402099609375
-0.0435752868652344 0.0170974731445313 -0.570556640625 0.7938232421875
-0.0433311462402344 -0.000629425048828121 -0.64703369140625 0.2384033203125
-0.0324554443359375 0.00907897949218749 0.111549377441406 0.0918121337890625
-0.0200576782226563 0.0113544464111328 0.7998046875 -0.26165771484375
-0.0235214233398437 0.0218353271484375 0.45465087890625 -0.88250732421875
-0.031707763671875 0.0248184204101563 -0.405517578125 -0.7447509765625
-0.0101299285888672 0.0172100067138672 -0.6370849609375 -0.08709716796875
0.0225925445556641 0.0148029327392578 -0.426727294921875 0.240997314453125
0.0304317474365234 0.000881195068359375 -0.070068359375 0.280059814453125
0.0032196044921875 -0.0234584808349609 0.17376708984375 0.146591186523438
0.0122909545898438 -0.0209865570068359 -0.083984375 -0.187911987304688
0.0381622314453125 0.00687408447265625 0.200851440429688 -0.259017944335938
0.0364799499511719 0.0169258117675781 0.48583984375 -0.0931396484375
-0.00390243530273437 0.0247478485107422 0.5655517578125 0.36810302734375
-0.0576705932617188 0.0364761352539063 0.0499267578125001 0.85919189453125
-0.0302200317382813 0.00508880615234375 -0.6103515625 0.76861572265625
-0.0166358947753906 -0.00274562835693359 -0.63482666015625 0.21502685546875
0.000386238098144532 0.0131378173828125 0.14837646484375 0.0917510986328125
-0.000574111938476563 0.00525903701782227 0.79864501953125 -0.30511474609375
-0.0161657333374023 0.0109882354736328 0.4071044921875 -0.9029541015625
-0.0310726165771484 0.0162124633789062 -0.44244384765625 -0.71600341796875
-0.0154895782470703 0.0149440765380859 -0.63653564453125 -0.0506591796875
0.0189018249511719 0.0170478820800781 -0.417083740234375 0.258270263671875
0.0266456604003906 0.00272369384765625 -0.059234619140625 0.280258178710937
0.00174140930175781 -0.0194511413574219 0.179336547851563 0.140213012695313
0.00849628448486328 -0.0164270401000977 -0.0798492431640625 -0.190872192382813
0.0343799591064453 0.0102005004882812 0.206680297851563 -0.253326416015625
0.0292510986328125 0.0169792175292969 0.490814208984375 -0.07574462890625
-0.0114650726318359 0.0195446014404297 0.554779052734375 0.395050048828125
-0.0560684204101563 0.0244293212890625 0.0214843750000001 0.87139892578125
-0.0126552581787109 -0.00742530822753906 -0.6348876953125 0.7581787109375
0.0206298828125 -0.00511550903320313 -0.6246337890625 0.2001953125
0.0385093688964844 0.0205078125 0.171173095703125 0.0898284912109375
0.0280265808105469 -0.00196647644042969 0.79638671875 -0.3277587890625
-0.00525426864624024 -0.00158929824829102 0.3753662109375 -0.909912109375
-0.0323257446289063 0.00700187683105468 -0.4622802734375 -0.6949462890625
-0.0224895477294922 0.0132846832275391 -0.63555908203125 -0.0297241210937501
0.0146236419677734 0.0156612396240234 -0.408416748046875 0.267974853515625
0.0238571166992188 0.00264739990234375 -0.05499267578125 0.276412963867188
-0.000410079956054689 -0.015406608581543 0.182662963867187 0.137420654296875
0.00731086730957031 -0.0110044479370117 -0.0773468017578125 -0.189926147460938
0.0313968658447266 0.0149669647216797 0.208877563476563 -0.25140380859375
0.0237770080566406 0.0178756713867188 0.4893798828125 -0.06744384765625
-0.0180168151855469 0.0141334533691406 0.548736572265625 0.40362548828125
-0.0552444458007813 0.0121078491210938 0.00994873046874995 0.87652587890625
0.00990104675292969 -0.0197963714599609 -0.64129638671875 0.75439453125
0.0585975646972656 -0.00744247436523437 -0.62310791015625 0.19256591796875
0.0818328857421875 0.0267715454101563 0.176956176757813 0.0867156982421875
0.0572776794433594 -0.00972366333007813 0.792236328125 -0.33831787109375
0.0076150894165039 -0.0172548294067383 0.36279296875 -0.91558837890625
-0.0357017517089844 -0.00377273559570312 -0.47076416015625 -0.687744140625
-0.0285072326660156 0.00936889648437499 -0.6378173828125 -0.02362060546875
0.00930404663085937 0.0194110870361328 -0.408172607421875 0.271942138671875
0.0196323394775391 0.00583457946777344 -0.05487060546875 0.278900146484375
-0.00149726867675781 -0.0117979049682617 0.182373046875 0.136383056640625
0.00355434417724609 -0.00718498229980469 -0.07757568359375 -0.187454223632813
0.0276679992675781 0.0158329010009766 0.204818725585938 -0.251449584960938
0.0191211700439453 0.0188884735107422 0.485809326171875 -0.07110595703125
-0.0230674743652344 0.00896835327148438 0.552947998046875 0.397979736328125
-0.0541191101074219 0.00123214721679688 0.0248413085937499 0.87139892578125
0.0259685516357422 -0.0328502655029297 -0.632568359375 0.76019287109375
0.0931243896484375 -0.0118942260742188 -0.62786865234375 0.19744873046875
0.121505737304688 0.0334548950195313 0.162857055664063 0.0831451416015625
0.08575439453125 -0.01434326171875 0.78936767578125 -0.32867431640625
0.0210475921630859 -0.0304737091064453 0.3765869140625 -0.9110107421875
-0.0363121032714844 -0.0148124694824219 -0.45989990234375 -0.69964599609375
-0.0377998352050781 0.00963211059570312 -0.64019775390625 -0.0343627929687501
0.00446891784667969 0.0194339752197266 -0.4146728515625 0.268707275390625
0.0167474746704102 0.00732421875 -0.0600738525390625 0.277313232421875
-0.00235128402709961 -0.00856590270996094 0.181060791015625 0.136672973632813
0.00302410125732422 -0.00666141510009766 -0.0818023681640625 -0.18463134765625
0.0260848999023438 0.0164604187011719 0.196380615234375 -0.25445556640625
0.0167427062988281 0.0179252624511719 0.48236083984375 -0.08477783203125
-0.0246295928955078 0.00763893127441406 0.55999755859375 0.3729248046875
-0.0518722534179688 -0.00347900390624999 0.05767822265625 0.8624267578125
0.0360603332519531 -0.0429000854492188 -0.60528564453125 0.78057861328125
0.121742248535156 -0.0188674926757813 -0.6405029296875 0.2159423828125
0.154861450195313 0.0374298095703125 0.132858276367188 0.0800323486328125
0.113731384277344 -0.0155792236328125 0.78778076171875 -0.3048095703125
0.0328941345214844 -0.0405464172363281 0.4091796875 -0.9000244140625
-0.036895751953125 -0.0232276916503906 -0.436767578125 -0.7191162109375
-0.0397453308105469 0.00711441040039062 -0.64593505859375 -0.0560913085937501
-0.00131607055664063 0.0218715667724609 -0.4298095703125 0.259033203125
0.0156850814819336 0.0103626251220703 -0.0682220458984375 0.2789306640625
-0.00156450271606445 -0.00674867630004883 0.17791748046875 0.136566162109375
0.0156993865966797 -0.0345287322998047 -0.108963012695313 -0.181884765625
0.0412750244140625 -0.00702285766601562 0.159149169921875 -0.282623291015625
0.04681396484375 0.007354736328125 0.458038330078125 -0.179443359375
0.0120277404785156 0.0297012329101563 0.61810302734375 0.22906494140625
-0.0460128784179687 0.0622596740722656 0.219970703125 0.79754638671875
-0.05035400390625 0.0290718078613281 -0.4615478515625 0.86083984375
-0.058258056640625 0.00185394287109375 -0.67840576171875 0.32000732421875
-0.0463485717773438 0.00418090820312499 0.0106430053710937 0.0925979614257813
-0.0304889678955078 0.0153827667236328 0.79638671875 -0.17620849609375
-0.0305023193359375 0.0274753570556641 0.58203125 -0.8408203125
-0.0349864959716797 0.0316371917724609 -0.30841064453125 -0.82421875
-0.0127048492431641 0.0221138000488281 -0.63922119140625 -0.1741943359375
0.0213394165039063 0.0194530487060547 -0.461578369140625 0.2049560546875
0.0364913940429688 -0.00126266479492188 -0.0931396484375 0.281463623046875
0.00576591491699219 -0.0255622863769531 0.167938232421875 0.149734497070313
0.0146026611328125 -0.0328884124755859 -0.10211181640625 -0.187423706054687
0.0405464172363281 -0.00197219848632813 0.172775268554688 -0.278350830078125
0.0450477600097656 0.00865554809570313 0.472076416015625 -0.152069091796875
0.00851631164550781 0.0301036834716797 0.60479736328125 0.2772216796875
-0.0520858764648438 0.0569610595703125 0.16619873046875 0.823486328125
-0.0498428344726563 0.027801513671875 -0.51385498046875 0.83905029296875
-0.0591697692871094 0.00156784057617187 -0.66717529296875 0.28436279296875
-0.0484046936035156 0.00407791137695313 0.0638198852539063 0.09381103515625
-0.0338859558105469 0.0151023864746094 0.80413818359375 -0.22479248046875
-0.0296688079833984 0.0280361175537109 0.5162353515625 -0.87115478515625
-0.0340118408203125 0.0315666198730469 -0.367919921875 -0.78656005859375
-0.0111579895019531 0.0212955474853516 -0.64202880859375 -0.1256103515625
0.0225982666015625 0.0159740447998047 -0.44415283203125 0.22796630859375
0.0324954986572266 -0.0015716552734375 -0.0792236328125 0.281646728515625
0.00385475158691406 -0.026214599609375 0.172561645507812 0.146575927734375
0.0139579772949219 -0.0283794403076172 -0.094818115234375 -0.19024658203125
0.0399589538574219 0.00249099731445313 0.1868896484375 -0.272308349609375
0.0417556762695313 0.0128021240234375 0.482025146484375 -0.125091552734375
0.00294685363769531 0.0281639099121094 0.59002685546875 0.32513427734375
-0.0556793212890625 0.0514564514160156 0.109130859375 0.849365234375
-0.0436058044433594 0.0190467834472656 -0.56683349609375 0.8092041015625
-0.0447044372558594 3.81469726561553E-06 -0.65032958984375 0.25018310546875
-0.0332183837890625 0.00706100463867187 0.11236572265625 0.0938034057617188
-0.0199031829833984 0.00980377197265626 0.80548095703125 -0.2755126953125
-0.0246200561523438 0.0232028961181641 0.45166015625 -0.89599609375
-0.0309791564941406 0.0264511108398438 -0.41851806640625 -0.7474365234375
-0.013453483581543 0.0173721313476563 -0.6436767578125 -0.0787353515625001
0.0222282409667969 0.0160236358642578 -0.4285888671875 0.2510986328125
0.0315704345703125 0.00225639343261719 -0.06671142578125 0.28472900390625
0.00070762634277344 -0.022369384765625 0.177001953125 0.144760131835938
0.0106430053710938 -0.0216445922851563 -0.0868988037109375 -0.193679809570313
0.0377883911132813 0.006011962890625 0.19921875 -0.264739990234375
0.0365219116210938 0.0175552368164063 0.49029541015625 -0.0997314453125
-0.00547027587890625 0.02471923828125 0.5728759765625 0.36614990234375
-0.0580177307128906 0.0370750427246094 0.0618896484375 0.86956787109375
-0.0289535522460937 0.00596427917480469 -0.60662841796875 0.784912109375
-0.0152301788330078 -0.00368022918701172 -0.6365966796875 0.22418212890625
-0.00211620330810547 0.0120573043823242 0.151321411132813 0.0904998779296875
0.00182247161865234 0.00628328323364258 0.803955078125 -0.31536865234375
-0.0142135620117188 0.012263298034668 0.39849853515625 -0.91461181640625
-0.0314159393310547 0.0187931060791016 -0.45477294921875 -0.7169189453125
-0.0157327651977539 0.0159435272216797 -0.64288330078125 -0.0433349609375
0.0191383361816406 0.0158805847167969 -0.4158935546875 0.26629638671875
0.0282993316650391 0.00255012512207031 -0.0562744140625 0.28369140625
2.09808349609368E-05 -0.0183544158935547 0.182327270507813 0.13848876953125
0.00751686096191406 -0.0177669525146484 -0.08197021484375 -0.191314697265625
0.0333919525146484 0.0115547180175781 0.205123901367187 -0.259918212890625
0.0291233062744141 0.0189990997314453 0.49359130859375 -0.08294677734375
-0.0125026702880859 0.0186500549316406 0.562744140625 0.39434814453125
-0.057647705078125 0.0256843566894531 0.03204345703125 0.88067626953125
-0.00991535186767578 -0.00731277465820313 -0.63287353515625 0.77081298828125
0.0202426910400391 -0.00548744201660156 -0.63018798828125 0.20770263671875
0.03759765625 0.0191268920898438 0.1741943359375 0.088348388671875
0.0278530120849609 -0.00139999389648438 0.80133056640625 -0.34027099609375
-0.00329136848449707 -0.00222206115722656 0.36859130859375 -0.9232177734375
-0.0337448120117188 0.00731849670410156 -0.4752197265625 -0.696533203125
-0.0242462158203125 0.0124130249023437 -0.64288330078125 -0.0230102539062499
0.0143346786499023 0.0169095993041992 -0.4090576171875 0.276824951171875
0.0249919891357422 0.00428962707519531 -0.05340576171875 0.283050537109375
-0.00241184234619141 -0.0158405303955078 0.184371948242188 0.13616943359375
0.00718021392822266 -0.0114526748657227 -0.080810546875 -0.191055297851563
0.0297088623046875 0.0142822265625 0.205184936523438 -0.256881713867188
0.0229587554931641 0.0182209014892578 0.49224853515625 -0.07373046875
-0.0199604034423828 0.0148468017578125 0.558502197265625 0.403594970703125
-0.0552749633789063 0.0130691528320313 0.0213623046874999 0.8870849609375
0.0117607116699219 -0.0211925506591797 -0.64056396484375 0.771484375
0.05902099609375 -0.0101699829101562 -0.629638671875 0.20001220703125
0.0812454223632813 0.0250396728515625 0.178604125976563 0.0848388671875
0.0582618713378906 -0.00999832153320313 0.79571533203125 -0.3507080078125
0.00722408294677734 -0.0160446166992188 0.354736328125 -0.92779541015625
-0.0371551513671875 -0.00363540649414063 -0.48431396484375 -0.689208984375
-0.0294952392578125 0.0120105743408203 -0.6434326171875 -0.0151367187500001
0.0100650787353516 0.0202369689941406 -0.409332275390625 0.280670166015625
0.0208053588867188 0.00504493713378906 -0.0505218505859375 0.281036376953125
-0.00212860107421875 -0.0112428665161133 0.185897827148438 0.13409423828125
0.00563764572143555 -0.00775527954101563 -0.0821685791015625 -0.187301635742188
0.0273799896240234 0.0159358978271484 0.202926635742188 -0.259124755859375
0.0183353424072266 0.0184192657470703 0.489959716796875 -0.076385498046875
-0.0234546661376953 0.00966644287109374 0.56378173828125 0.39678955078125
-0.0531730651855469 0.00324249267578124 0.0367431640625 0.88323974609375
0.0293102264404297 -0.0333099365234375 -0.6292724609375 0.7774658203125
0.0948486328125 -0.0131607055664063 -0.63580322265625 0.2061767578125
0.1231689453125 0.0317459106445313 0.165542602539063 0.08221435546875
0.0882034301757813 -0.0143356323242188 0.793701171875 -0.33868408203125
0.0204811096191406 -0.0298137664794922 0.37213134765625 -0.9227294921875
-0.0361175537109375 -0.0131492614746094 -0.47235107421875 -0.699951171875
-0.036407470703125 0.0107803344726563 -0.6488037109375 -0.0235595703125001
0.00511741638183594 0.02093505859375 -0.41705322265625 0.27801513671875
0.0177764892578125 0.00804901123046875 -0.056243896484375 0.282562255859375
-0.00197887420654297 -0.00718307495117187 0.18609619140625 0.136566162109375
0.00204277038574219 -0.00766134262084961 -0.087249755859375 -0.185455322265625
0.0261116027832031 0.0148105621337891 0.1934814453125 -0.261016845703125
0.0156641006469727 0.0171403884887695 0.482513427734375 -0.0924072265625
-0.0266742706298828 0.011138916015625 0.57421875 0.37042236328125
-0.0512657165527344 -0.00226593017578125 0.0698852539062499 0.87359619140625
0.0386962890625 -0.0433425903320312 -0.599365234375 0.796142578125
0.120864868164063 -0.0212020874023438 -0.64398193359375 0.224853515625
0.156417846679687 0.036285400390625 0.135406494140625 0.0795059204101562
0.114082336425781 -0.01776123046875 0.7911376953125 -0.31329345703125
0.0337982177734375 -0.0396728515625 0.4052734375 -0.91412353515625
-0.0382041931152344 -0.0224647521972656 -0.45184326171875 -0.7208251953125
-0.0412788391113281 0.00827407836914063 -0.65032958984375 -0.0494384765625001
-0.000194549560546874 0.0238876342773438 -0.4315185546875 0.267120361328125
0.0157995223999023 0.00868606567382813 -0.066741943359375 0.2840576171875
-0.00274562835693359 -0.005279541015625 0.18218994140625 0.137176513671875
0.0147380828857422 -0.0339469909667969 -0.113983154296875 -0.183868408203125
0.04119873046875 -0.00709915161132813 0.15484619140625 -0.287841796875
0.0474472045898438 0.00504302978515625 0.460174560546875 -0.185089111328125
0.0130062103271484 0.0296497344970703 0.625 0.22119140625
-0.0463409423828125 0.0635833740234375 0.23333740234375 0.802734375
-0.0491905212402344 0.0306205749511719 -0.45379638671875 0.87689208984375
-0.0602302551269531 0.00258255004882812 -0.681396484375 0.33251953125
-0.0473709106445313 0.00453186035156251 0.0129623413085937 0.0947952270507813
-0.0318431854248047 0.0155162811279297 0.80120849609375 -0.18731689453125
-0.0296363830566406 0.0290260314941406 0.5755615234375 -0.852294921875
-0.0335826873779297 0.0322399139404297 -0.323974609375 -0.827392578125
-0.0112133026123047 0.0231342315673828 -0.64862060546875 -0.166015625
0.0226993560791016 0.0190181732177734 -0.462615966796875 0.214202880859375
0.0364036560058594 -4.9591064453125E-05 -0.089569091796875 0.2864990234375
0.00517654418945312 -0.0242385864257812 0.170928955078125 0.148956298828125
0.0147514343261719 -0.0327262878417969 -0.106369018554688 -0.189651489257812
0.0409431457519531 -0.00457763671875 0.170135498046875 -0.28289794921875
0.0438804626464844 0.009307861328125 0.47161865234375 -0.161773681640625
0.00832748413085937 0.0300273895263672 0.61566162109375 0.27166748046875
-0.0493316650390625 0.0602493286132813 0.17974853515625 0.83056640625
-0.049163818359375 0.0267143249511719 -0.5078125 0.85113525390625
-0.0598831176757812 0.00251770019531249 -0.66876220703125 0.29656982421875
-0.0501441955566406 0.00450134277343749 0.0653457641601563 0.093841552734375
-0.0326900482177734 0.0156459808349609 0.806640625 -0.238037109375
-0.0289821624755859 0.0286712646484375 0.5108642578125 -0.88311767578125
-0.0322837829589844 0.0308361053466797 -0.38055419921875 -0.7872314453125
-0.0112247467041016 0.0211372375488281 -0.6495361328125 -0.11712646484375
0.0234718322753906 0.0158958435058594 -0.4451904296875 0.237579345703125
0.0346145629882813 -0.000213623046875 -0.07440185546875 0.28656005859375
0.00301742553710937 -0.0261020660400391 0.176925659179688 0.145919799804688
0.0133686065673828 -0.0284061431884766 -0.097320556640625 -0.192367553710938
0.0406455993652344 0.003143310546875 0.185699462890625 -0.277496337890625
0.0417251586914063 0.0126266479492188 0.483367919921875 -0.134613037109375
0.00265884399414063 0.0278911590576172 0.59832763671875 0.32122802734375
-0.0548858642578125 0.0506935119628906 0.12432861328125 0.85589599609375
-0.0428504943847656 0.0186576843261719 -0.56103515625 0.82513427734375
-0.046417236328125 -0.000373840332031256 -0.65533447265625 0.261474609375
-0.033599853515625 0.00769615173339843 0.115180969238281 0.0930938720703125
-0.020660400390625 0.0117664337158203 0.80816650390625 -0.2860107421875
-0.0242328643798828 0.0234203338623047 0.44097900390625 -0.907958984375
-0.0339279174804688 0.0271472930908203 -0.43255615234375 -0.7459716796875
-0.0113506317138672 0.0179519653320313 -0.65118408203125 -0.0717163085937501
0.0231742858886719 0.0137615203857422 -0.42926025390625 0.26080322265625
0.0308609008789063 0.00038909912109375 -0.063446044921875 0.28826904296875
0.0019683837890625 -0.0230140686035156 0.18109130859375 0.142623901367188
0.0113582611083984 -0.0228233337402344 -0.0914154052734375 -0.193099975585938
0.0394058227539062 0.00576019287109375 0.195968627929688 -0.271041870117188
0.0354118347167969 0.0145759582519531 0.49285888671875 -0.10760498046875
-0.00487518310546875 0.0234088897705078 0.583251953125 0.363037109375
-0.0558128356933594 0.039520263671875 0.07562255859375 0.876953125
-0.0271358489990234 0.00754165649414063 -0.59979248046875 0.8031005859375
-0.016331672668457 -0.00377655029296875 -0.64093017578125 0.2335205078125
-0.00086688995361328 0.0123558044433594 0.154632568359375 0.0905303955078125
0.00083017349243164 0.00645017623901367 0.80584716796875 -0.3271484375
-0.0149965286254883 0.0125312805175781 0.39056396484375 -0.926025390625
-0.0311985015869141 0.0204792022705078 -0.4669189453125 -0.7169189453125
-0.0150566101074219 0.0157337188720703 -0.6500244140625 -0.03558349609375
0.0195808410644531 0.0155353546142578 -0.415313720703125 0.275726318359375
0.0284252166748047 0.00167274475097656 -0.053070068359375 0.28717041015625
-0.0014495849609375 -0.0190334320068359 0.186370849609375 0.136917114257813
0.00842666625976562 -0.0168991088867188 -0.086639404296875 -0.193588256835938
0.0339603424072266 0.00896453857421875 0.202850341796875 -0.266571044921875
0.0284690856933594 0.0168514251708984 0.49658203125 -0.08868408203125
-0.0124568939208984 0.0198535919189453 0.5740966796875 0.387451171875
-0.0562362670898437 0.0259208679199219 0.0459594726562501 0.88983154296875
-0.00817155838012695 -0.00754547119140625 -0.6290283203125 0.7886962890625
0.0201911926269531 -0.00663375854492188 -0.63250732421875 0.21710205078125
0.0387077331542969 0.0187873840332031 0.176528930664063 0.0867919921875
0.0289936065673828 -0.00212860107421875 0.803466796875 -0.351806640625
-0.00273966789245605 -0.00133323669433594 0.35882568359375 -0.935302734375
-0.0334453582763672 0.00993537902832032 -0.4918212890625 -0.69366455078125
-0.0221462249755859 0.0135307312011719 -0.65045166015625 -0.0157470703125
0.0153274536132812 0.0169410705566406 -0.409423828125 0.28643798828125
0.0242633819580078 0.003753662109375 -0.048004150390625 0.28607177734375
-0.002410888671875 -0.0154409408569336 0.189071655273437 0.134750366210937
0.00565147399902344 -0.0123271942138672 -0.0844268798828125 -0.192520141601563
0.0314579010009766 0.0124015808105469 0.203994750976563 -0.26446533203125
0.0235996246337891 0.0165367126464844 0.4970703125 -0.083251953125
-0.0189704895019531 0.0143337249755859 0.56927490234375 0.40045166015625
-0.0539894104003906 0.0138053894042969 0.0370483398437499 0.8953857421875
0.0115280151367188 -0.0220890045166016 -0.634033203125 0.78643798828125
0.0584907531738281 -0.0104904174804688 -0.6312255859375 0.210693359375
0.0823974609375 0.02447509765625 0.180526733398438 0.0848388671875
0.0582504272460938 -0.0103302001953125 0.7994384765625 -0.35992431640625
0.00940418243408203 -0.0158634185791016 0.34747314453125 -0.9405517578125
-0.0355796813964844 -0.00216674804687499 -0.496826171875 -0.6878662109375
-0.0300579071044922 0.0128574371337891 -0.650390625 -0.00726318359374999
0.00948524475097656 0.0201873779296875 -0.409515380859375 0.2899169921875
0.0204257965087891 0.00610923767089844 -0.0477294921875 0.286865234375
-0.00290298461914062 -0.0113105773925781 0.189590454101563 0.131866455078125
0.00293540954589844 -0.0085606575012207 -0.0852508544921875 -0.189956665039063
0.0284900665283203 0.0153923034667969 0.200057983398438 -0.263397216796875
0.0200290679931641 0.0182895660400391 0.493438720703125 -0.085174560546875
-0.0257663726806641 0.0130805969238281 0.57293701171875 0.3917236328125
-0.0518951416015625 0.0039825439453125 0.0493164062500001 0.89337158203125
0.0284423828125 -0.0356826782226563 -0.62451171875 0.79449462890625
0.094451904296875 -0.01507568359375 -0.6385498046875 0.21624755859375
0.121833801269531 0.0306396484375 0.167404174804688 0.08123779296875
0.0891876220703125 -0.0154800415039063 0.7960205078125 -0.3509521484375
0.0206279754638672 -0.0296077728271484 0.36358642578125 -0.93475341796875
-0.0378189086914063 -0.0127677917480469 -0.48876953125 -0.697998046875
-0.0360260009765625 0.0103721618652344 -0.65350341796875 -0.0161132812499999
0.00400733947753906 0.0215396881103516 -0.4161376953125 0.28851318359375
0.0177078247070313 0.00794601440429688 -0.05255126953125 0.285858154296875
-0.00320053100585937 -0.0081019401550293 0.18780517578125 0.134506225585938
0.00166988372802734 -0.00768661499023438 -0.090087890625 -0.1885986328125
0.0256443023681641 0.0131683349609375 0.19085693359375 -0.266403198242188
0.0159292221069336 0.016871452331543 0.48638916015625 -0.099090576171875
-0.0279293060302734 0.00894355773925781 0.58355712890625 0.36700439453125
-0.0517692565917969 -0.00200271606445313 0.08489990234375 0.881591796875
0.0385627746582031 -0.0456428527832031 -0.5938720703125 0.81298828125
0.121932983398438 -0.0233535766601563 -0.64630126953125 0.23345947265625
0.157241821289063 0.034393310546875 0.136878967285156 0.0775222778320313
0.115638732910156 -0.018951416015625 0.79388427734375 -0.3243408203125
0.0334434509277344 -0.0408134460449219 0.39556884765625 -0.9248046875
-0.0379409790039063 -0.0210952758789062 -0.466064453125 -0.72186279296875
-0.0424690246582031 0.00928115844726562 -0.65728759765625 -0.0395507812499999
0.00026702880859375 0.0221729278564453 -0.428985595703125 0.277069091796875
0.0166835784912109 0.00869369506835938 -0.062744140625 0.288238525390625
-0.00474882125854492 -0.00539112091064453 0.183364868164063 0.136886596679688
0.0130119323730469 -0.0349674224853516 -0.119949340820312 -0.18292236328125
0.0411224365234375 -0.00827789306640625 0.151214599609375 -0.292816162109375
0.0477447509765625 0.005218505859375 0.459808349609375 -0.196502685546875
0.0132808685302734 0.0290241241455078 0.6331787109375 0.21478271484375
-0.0430221557617187 0.0640945434570312 0.2474365234375 0.80584716796875
-0.0463066101074219 0.0321922302246094 -0.44451904296875 0.8914794921875
-0.0601310729980469 0.00234603881835937 -0.6795654296875 0.34326171875
-0.0473747253417969 0.00431442260742187 0.0133056640625 0.0940933227539063
-0.0319271087646484 0.0166263580322266 0.80255126953125 -0.19927978515625
-0.0293731689453125 0.0302715301513672 0.5687255859375 -0.8675537109375
-0.0340728759765625 0.0333442687988281 -0.33795166015625 -0.82904052734375
-0.0117664337158203 0.0238380432128906 -0.65496826171875 -0.15667724609375
0.0232048034667969 0.0179367065429688 -0.4619140625 0.2230224609375
0.0361251831054687 -0.00199508666992188 -0.08544921875 0.29083251953125
0.00372505187988281 -0.0271129608154297 0.176406860351563 0.147201538085938
0.0113849639892578 -0.0335578918457031 -0.110870361328125 -0.187225341796875
0.0412559509277344 -0.00490188598632813 0.1663818359375 -0.28863525390625
0.0464363098144531 0.00867462158203125 0.471466064453125 -0.170654296875
0.00773429870605469 0.0290031433105469 0.6224365234375 0.265625
-0.0484123229980469 0.063201904296875 0.19635009765625 0.83612060546875
-0.0468902587890625 0.027252197265625 -0.49609375 0.8680419921875
-0.0605583190917969 0.00418472290039061 -0.6697998046875 0.307373046875
-0.0507354736328125 0.00489044189453126 0.068023681640625 0.0923309326171875
-0.0333347320556641 0.0157623291015625 0.81036376953125 -0.2493896484375
-0.0280437469482422 0.0300579071044922 0.49945068359375 -0.8970947265625
-0.0325050354003906 0.0355262756347656 -0.39385986328125 -0.78680419921875
-0.0100841522216797 0.0225620269775391 -0.65570068359375 -0.1064453125
0.0243930816650391 0.0163822174072266 -0.44586181640625 0.247833251953125
0.0347995758056641 -0.00203514099121094 -0.07159423828125 0.29193115234375
0.000717163085937498 -0.0249195098876953 0.18133544921875 0.146026611328125
0.0113620758056641 -0.0295391082763672 -0.10333251953125 -0.192596435546875
0.0399246215820313 0.00154876708984375 0.180267333984375 -0.284271240234375
0.0421142578125 0.0114974975585938 0.486114501953125 -0.14276123046875
0.000976562499999998 0.0285491943359375 0.60833740234375 0.31756591796875
-0.0545387268066406 0.0530166625976563 0.13861083984375 0.8614501953125
-0.0412559509277344 0.01947021484375 -0.55364990234375 0.83795166015625
-0.0467796325683594 7.62939453124851E-06 -0.654296875 0.272216796875
-0.0328693389892578 0.00678443908691406 0.116500854492188 0.0907440185546875
-0.0210132598876953 0.0134124755859375 0.80902099609375 -0.30059814453125
-0.0218620300292969 0.0260448455810547 0.433349609375 -0.92266845703125
-0.0309524536132812 0.0290203094482422 -0.44482421875 -0.74652099609375
-0.0135135650634766 0.0198135375976563 -0.6578369140625 -0.0604248046875
0.0228519439697266 0.0150127410888672 -0.427093505859375 0.269927978515625
0.0318088531494141 -0.000326156616210937 -0.058624267578125 0.29278564453125
-2.8610229492188E-05 -0.0234642028808594 0.185333251953125 0.140899658203125
0.00867462158203125 -0.0246486663818359 -0.0955963134765625 -0.193832397460938
0.0373153686523438 0.0057525634765625 0.193603515625 -0.277664184570312
0.0355796813964844 0.0148086547851563 0.492340087890625 -0.116607666015625
-0.00557136535644531 0.0255355834960938 0.5953369140625 0.3564453125
-0.0550117492675781 0.0415153503417969 0.09307861328125 0.8843994140625
-0.0258731842041016 0.00717735290527344 -0.5921630859375 0.81695556640625
-0.0188941955566406 -0.00316238403320313 -0.64117431640625 0.2449951171875
-0.00246334075927734 0.0108089447021484 0.1549072265625 0.089202880859375
0.00119924545288086 0.00661849975585938 0.80560302734375 -0.33843994140625
-0.0138750076293945 0.0134792327880859 0.3775634765625 -0.93927001953125
-0.0318088531494141 0.0207157135009766 -0.4825439453125 -0.7158203125
-0.0164766311645508 0.0172214508056641 -0.65716552734375 -0.0256347656249999
0.0201835632324219 0.0145664215087891 -0.41302490234375 0.284942626953125
0.0298805236816406 0.00126457214355469 -0.049896240234375 0.29168701171875
-0.00182151794433594 -0.0198516845703125 0.189422607421875 0.135421752929688
0.00658416748046875 -0.0182247161865234 -0.0920867919921875 -0.196212768554688
0.0334644317626953 0.0102977752685547 0.199478149414063 -0.272186279296875
0.0293064117431641 0.0167655944824219 0.499053955078125 -0.099029541015625
-0.0125064849853516 0.0203189849853516 0.58465576171875 0.382080078125
-0.0548820495605469 0.0276985168457031 0.0618286132812501 0.89837646484375
-0.00628519058227539 -0.00748348236083985 -0.61700439453125 0.80279541015625
0.0179576873779297 -0.00590705871582031 -0.63458251953125 0.2266845703125
0.0399703979492188 0.0185890197753906 0.17864990234375 0.0854034423828125
0.0288467407226563 -0.00185775756835937 0.8037109375 -0.3646240234375
-0.00347208976745605 -0.00018310546875 0.34710693359375 -0.94921875
-0.0335769653320313 0.010467529296875 -0.5032958984375 -0.69085693359375
-0.0231266021728516 0.0154953002929687 -0.6539306640625 -0.00421142578125
0.0152683258056641 0.0172691345214844 -0.408599853515625 0.294677734375
0.0256252288818359 0.00284194946289063 -0.044158935546875 0.2891845703125
-0.0033721923828125 -0.0152873992919922 0.1907958984375 0.132644653320313
0.00384521484375 -0.0134477615356445 -0.0898742675781249 -0.193923950195313
0.0308876037597656 0.0129261016845703 0.20037841796875 -0.269439697265625
0.0231666564941406 0.0154228210449219 0.497955322265625 -0.091766357421875
-0.0188102722167969 0.0157108306884766 0.5819091796875 0.39434814453125
-0.0533294677734375 0.0143928527832031 0.0529785156249999 0.9034423828125
0.0139141082763672 -0.0228137969970703 -0.62579345703125 0.80181884765625
0.0595130920410156 -0.010955810546875 -0.63275146484375 0.22113037109375
0.0821914672851562 0.0226287841796875 0.182403564453125 0.0806427001953125
0.0581398010253906 -0.0098724365234375 0.79974365234375 -0.37353515625
0.00912189483642578 -0.0161819458007813 0.33526611328125 -0.9482421875
-0.0363998413085938 -0.000217437744140626 -0.513427734375 -0.682861328125
-0.0306034088134766 0.0128631591796875 -0.6568603515625 0.00317382812500009
0.0094451904296875 0.0192089080810547 -0.40673828125 0.30010986328125
0.0220088958740234 0.00599288940429688 -0.04437255859375 0.2889404296875
-0.00387477874755859 -0.0116024017333984 0.191864013671875 0.130889892578125
0.00236225128173828 -0.00941658020019531 -0.09063720703125 -0.190933227539063
0.0280590057373047 0.0142021179199219 0.197006225585938 -0.270065307617188
0.0186271667480469 0.0167331695556641 0.49578857421875 -0.093658447265625
-0.025848388671875 0.0130023956298828 0.5833740234375 0.3858642578125
-0.0520210266113281 0.00501251220703125 0.0662231445312501 0.8983154296875
0.0297985076904297 -0.0331764221191406 -0.61541748046875 0.8094482421875
0.0947799682617188 -0.0172958374023438 -0.63812255859375 0.22674560546875
0.123565673828125 0.0295867919921875 0.1678466796875 0.079620361328125
0.0887832641601563 -0.0174560546875 0.79779052734375 -0.36334228515625
0.0205821990966797 -0.0314960479736328 0.34967041015625 -0.94561767578125
-0.038360595703125 -0.0126991271972656 -0.50189208984375 -0.6920166015625
-0.0366134643554688 0.0124626159667969 -0.65887451171875 -0.00488281250000009
0.00440025329589843 0.0199623107910156 -0.415618896484375 0.29620361328125
0.0187435150146484 0.00823974609375 -0.047882080078125 0.29046630859375
-0.00410652160644531 -0.00775241851806641 0.189117431640625 0.132400512695313
0.000857830047607421 -0.00682926177978516 -0.0935821533203125 -0.18817138671875
0.026092529296875 0.0128459930419922 0.186355590820313 -0.273895263671875
0.0165891647338867 0.017003059387207 0.48956298828125 -0.10723876953125
-0.0276622772216797 0.00965309143066406 0.59527587890625 0.36138916015625
-0.0504150390625 -0.00139999389648437 0.1016845703125 0.88739013671875
0.0399818420410156 -0.0452957153320313 -0.58465576171875 0.8262939453125
0.122840881347656 -0.0264816284179688 -0.64849853515625 0.24346923828125
0.157135009765625 0.0315704345703125 0.13836669921875 0.0756149291992187
0.116645812988281 -0.021392822265625 0.79364013671875 -0.339599609375
0.0350875854492188 -0.0411338806152344 0.3857421875 -0.93572998046875
-0.0391311645507812 -0.01959228515625 -0.47882080078125 -0.71917724609375
-0.04327392578125 0.0109214782714844 -0.66461181640625 -0.0294189453125001
6.48498535156266E-05 0.0227108001708984 -0.428863525390625 0.286468505859375
0.016448974609375 0.00922489166259766 -0.05859375 0.29083251953125
-0.0050349235534668 -0.00638818740844727 0.185791015625 0.134048461914063
0.0106010437011719 -0.0365524291992188 -0.124221801757812 -0.184112548828125
0.0418434143066406 -0.0096893310546875 0.145263671875 -0.29901123046875
0.0453147888183594 0.00298309326171875 0.456634521484375 -0.205963134765625
0.0121650695800781 0.0294780731201172 0.64111328125 0.20440673828125
-0.0405540466308594 0.0661354064941406 0.26641845703125 0.80572509765625
-0.04669189453125 0.0297813415527344 -0.4271240234375 0.9051513671875
-0.0614128112792969 0.00378799438476563 -0.6806640625 0.35626220703125
-0.0492210388183594 0.00489425659179688 0.0154495239257813 0.09466552734375
-0.031158447265625 0.0170192718505859 0.80657958984375 -0.21197509765625
-0.0279388427734375 0.0320224761962891 0.5555419921875 -0.88055419921875
-0.0333938598632812 0.0351982116699219 -0.35400390625 -0.82684326171875
-0.0121936798095703 0.0245094299316406 -0.661376953125 -0.1466064453125
0.0236682891845703 0.0183849334716797 -0.461212158203125 0.23248291015625
0.0369377136230469 -0.00241851806640625 -0.0802001953125 0.294097900390625
0.00143051147460937 -0.0281200408935547 0.176803588867188 0.144943237304688
0.0108547210693359 -0.0339241027832031 -0.1148681640625 -0.189056396484375
0.042724609375 -0.0055389404296875 0.16168212890625 -0.293914794921875
0.0443382263183594 0.00721359252929688 0.471282958984375 -0.18017578125
0.00939369201660156 0.0290565490722656 0.63079833984375 0.256103515625
-0.0458488464355469 0.0621261596679688 0.2132568359375 0.8387451171875
-0.0459671020507812 0.0287628173828125 -0.48492431640625 0.88201904296875
-0.0616378784179688 0.00447463989257813 -0.66961669921875 0.320556640625
-0.0515060424804688 0.00558853149414063 0.0680999755859375 0.09210205078125
-0.0333633422851563 0.0159206390380859 0.80963134765625 -0.2628173828125
-0.0282821655273437 0.0320625305175781 0.48785400390625 -0.90863037109375
-0.0315093994140625 0.0347671508789063 -0.41156005859375 -0.7840576171875
-0.00979995727539062 0.0224514007568359 -0.66229248046875 -0.0974121093749999
0.0249423980712891 0.0157699584960937 -0.442535400390625 0.2569580078125
0.0348358154296875 -0.00237846374511719 -0.06512451171875 0.295166015625
0.000631332397460939 -0.0254535675048828 0.183258056640625 0.142196655273437
0.009796142578125 -0.0304832458496094 -0.107192993164063 -0.192886352539063
0.0391426086425781 0.000354766845703125 0.1767578125 -0.2906494140625
0.0415534973144531 0.010040283203125 0.482421875 -0.1533203125
0.002288818359375 0.0271053314208984 0.6175537109375 0.30596923828125
-0.052276611328125 0.0540847778320312 0.15576171875 0.8656005859375
-0.0387039184570313 0.0195045471191406 -0.5374755859375 0.85260009765625
-0.0473556518554687 0.000450134277343758 -0.65325927734375 0.2840576171875
-0.0352783203125 0.00847244262695312 0.118293762207031 0.08917236328125
-0.0211391448974609 0.0136699676513672 0.80780029296875 -0.31243896484375
-0.0233249664306641 0.0252246856689453 0.41845703125 -0.93218994140625
-0.0308399200439453 0.029998779296875 -0.4620361328125 -0.740966796875
-0.0109710693359375 0.0202178955078125 -0.66168212890625 -0.0496826171874999
0.0223312377929688 0.0147113800048828 -0.42352294921875 0.279296875
0.0326671600341797 -0.00146102905273438 -0.05157470703125 0.29669189453125
-9.53674316406233E-05 -0.02294921875 0.187973022460938 0.139022827148438
0.00912857055664063 -0.0248775482177734 -0.10028076171875 -0.195602416992187
0.0366668701171875 0.00500106811523438 0.190032958984375 -0.28363037109375
0.0354270935058594 0.0139083862304688 0.494659423828125 -0.126129150390625
-0.00630378723144531 0.0268096923828125 0.60382080078125 0.34918212890625
-0.0528717041015625 0.0429153442382812 0.10980224609375 0.88714599609375
-0.0249176025390625 0.00645637512207032 -0.5809326171875 0.832763671875
-0.0182838439941406 -0.00338172912597656 -0.6407470703125 0.25653076171875
-0.00284099578857422 0.0117368698120117 0.156906127929688 0.086883544921875
0.00223207473754883 0.00634098052978516 0.804931640625 -0.354736328125
-0.0127096176147461 0.0149993896484375 0.36639404296875 -0.94830322265625
-0.0314121246337891 0.0229644775390625 -0.49884033203125 -0.70849609375
-0.0166091918945312 0.0181694030761719 -0.66009521484375 -0.01324462890625
0.020843505859375 0.0145797729492188 -0.411163330078125 0.295867919921875
0.0278606414794922 0.00104904174804688 -0.0433349609375 0.29571533203125
-0.00344467163085937 -0.0190944671630859 0.192214965820312 0.1334228515625
0.00599098205566406 -0.0190525054931641 -0.09454345703125 -0.19378662109375
0.035430908203125 0.0077667236328125 0.194686889648437 -0.279281616210938
0.0296173095703125 0.0153026580810547 0.4998779296875 -0.1090087890625
-0.0133342742919922 0.0212192535400391 0.59466552734375 0.3765869140625
-0.0530548095703125 0.0286102294921875 0.0775146484375001 0.9031982421875
-0.00536394119262695 -0.00696420669555664 -0.6070556640625 0.82183837890625
0.0181236267089844 -0.00881576538085938 -0.63641357421875 0.23876953125
0.0372161865234375 0.01483154296875 0.17999267578125 0.08270263671875
0.0289325714111328 -0.00261306762695313 0.8004150390625 -0.37823486328125
-0.00206148624420166 0.000380396842956543 0.3358154296875 -0.95782470703125
-0.0329914093017578 0.0120277404785156 -0.52020263671875 -0.68670654296875
-0.0225200653076172 0.0163726806640625 -0.65777587890625 0.00823974609375008
0.0175266265869141 0.0177116394042969 -0.4046630859375 0.3062744140625
0.0257759094238281 0.00269317626953125 -0.03814697265625 0.2911376953125
-0.00440788269042969 -0.0149545669555664 0.19268798828125 0.129776000976563
0.00240612030029297 -0.0134963989257813 -0.09295654296875 -0.194625854492187
0.0304374694824219 0.0101413726806641 0.196456909179687 -0.2762451171875
0.0230464935302734 0.0170097351074219 0.499481201171875 -0.099639892578125
-0.0207672119140625 0.0164985656738281 0.5916748046875 0.38702392578125
-0.0524787902832031 0.015960693359375 0.0717773437499999 0.90740966796875
0.0155048370361328 -0.0213832855224609 -0.61395263671875 0.81768798828125
0.0582351684570313 -0.0119171142578125 -0.63262939453125 0.2335205078125
0.0819625854492187 0.0218276977539062 0.184799194335938 0.0789947509765625
0.0587882995605469 -0.0113410949707031 0.7965087890625 -0.38836669921875
0.00966072082519531 -0.0158700942993164 0.320556640625 -0.95953369140625
-0.0356369018554688 -0.000419616699218754 -0.52777099609375 -0.67694091796875
-0.029266357421875 0.0148715972900391 -0.65863037109375 0.0155029296874999
0.0101890563964844 0.0193729400634766 -0.40264892578125 0.31146240234375
0.0205898284912109 0.00475502014160156 -0.03912353515625 0.291229248046875
-0.00584697723388672 -0.0112400054931641 0.194534301757813 0.12872314453125
0.000173568725585937 -0.0105104446411133 -0.0945587158203125 -0.191238403320313
0.028656005859375 0.013336181640625 0.191329956054687 -0.277008056640625
0.0178852081298828 0.01690673828125 0.495330810546875 -0.103179931640625
-0.0261077880859375 0.0131416320800781 0.59466552734375 0.38116455078125
-0.0510101318359375 0.00484466552734376 0.08282470703125 0.905517578125
0.0327835083007813 -0.0377578735351563 -0.60467529296875 0.82537841796875
0.094268798828125 -0.0199203491210938 -0.638671875 0.23773193359375
0.123703002929688 0.0272598266601563 0.169937133789063 0.0761260986328125
0.0892715454101563 -0.018096923828125 0.795654296875 -0.3775634765625
0.0221633911132813 -0.0302543640136719 0.337890625 -0.954833984375
-0.0372314453125 -0.0109596252441406 -0.51470947265625 -0.68841552734375
-0.0376243591308594 0.0128822326660156 -0.66265869140625 0.00720214843750014
0.00678634643554687 0.0213832855224609 -0.409423828125 0.3067626953125
0.01861572265625 0.0073089599609375 -0.04522705078125 0.293701171875
-0.00606584548950195 -0.00848722457885742 0.192840576171875 0.130477905273438
-0.000935077667236327 -0.00769615173339844 -0.0986328125 -0.188934326171875
0.0244483947753906 0.0119838714599609 0.182373046875 -0.279037475585938
0.0147409439086914 0.0168437957763672 0.48907470703125 -0.11907958984375
-0.0281486511230469 0.0110359191894531 0.603759765625 0.35198974609375
-0.0503921508789063 -2.67028808593833E-05 0.1163330078125 0.890625
0.0410346984863281 -0.0473518371582031 -0.57220458984375 0.8414306640625
0.121452331542969 -0.027374267578125 -0.6478271484375 0.25445556640625
0.157852172851563 0.0299072265625 0.140281677246094 0.0749435424804687
0.116828918457031 -0.0207061767578125 0.7945556640625 -0.35430908203125
0.0322303771972656 -0.0409126281738281 0.37054443359375 -0.94549560546875
-0.0381927490234375 -0.0175819396972656 -0.49444580078125 -0.71392822265625
-0.0409698486328125 0.0119819641113281 -0.66802978515625 -0.0173950195312499
0.00188064575195313 0.0231952667236328 -0.42529296875 0.297210693359375
0.0166807174682617 0.00927543640136719 -0.053802490234375 0.29364013671875
-0.00534677505493164 -0.00559759140014648 0.18914794921875 0.131423950195313
0.00923538208007812 -0.0369377136230469 -0.126739501953125 -0.182205200195313
0.0400428771972656 -0.0112113952636719 0.140594482421875 -0.302459716796875
0.0453872680664063 0.00272750854492188 0.45458984375 -0.21539306640625
0.0118789672851563 0.0300521850585938 0.64593505859375 0.195068359375
-0.0393180847167969 0.0670318603515625 0.28277587890625 0.8065185546875
-0.0431251525878906 0.0320663452148437 -0.41265869140625 0.91644287109375
-0.0606803894042969 0.006134033203125 -0.6728515625 0.36712646484375
-0.0496711730957031 0.00573348999023437 0.016632080078125 0.094146728515625
-0.0304775238037109 0.0181446075439453 0.801513671875 -0.22607421875
-0.0258312225341797 0.0315704345703125 0.54119873046875 -0.89007568359375
-0.032501220703125 0.0360908508300781 -0.37054443359375 -0.82244873046875
-0.0115222930908203 0.0255203247070313 -0.66650390625 -0.1337890625
0.0245876312255859 0.0173377990722656 -0.45660400390625 0.241729736328125
0.0365676879882812 -0.00293350219726562 -0.07513427734375 0.296356201171875
0.00117301940917969 -0.0265979766845703 0.18157958984375 0.141937255859375
0.0103473663330078 -0.0346832275390625 -0.11956787109375 -0.189743041992187
0.0412101745605469 -0.00706100463867188 0.15411376953125 -0.2998046875
0.0451278686523438 0.00551986694335938 0.467803955078125 -0.190673828125
0.00773048400878906 0.0287418365478516 0.6368408203125 0.24481201171875
-0.0438156127929688 0.0639190673828125 0.2298583984375 0.83868408203125
-0.044158935546875 0.0301589965820313 -0.4683837890625 0.8916015625
-0.0625 0.00431060791015625 -0.66436767578125 0.33154296875
-0.0528793334960938 0.00590896606445312 0.0675125122070313 0.0910491943359375
-0.032562255859375 0.0179519653320312 0.80584716796875 -0.274658203125
-0.0272865295410156 0.03265380859375 0.47332763671875 -0.9202880859375
-0.0303535461425781 0.0370635986328125 -0.42572021484375 -0.781005859375
-0.00938034057617188 0.0230331420898438 -0.6676025390625 -0.0842285156249999
0.0244827270507813 0.013427734375 -0.438690185546875 0.26666259765625
0.0343856811523438 -0.004638671875 -0.05938720703125 0.297271728515625
8.58306884765608E-05 -0.0259418487548828 0.186187744140625 0.138931274414063
0.0081634521484375 -0.0307159423828125 -0.110794067382813 -0.192520141601563
0.0386123657226563 -0.00195693969726563 0.171875 -0.29412841796875
0.041168212890625 0.0103836059570313 0.48126220703125 -0.16168212890625
0.00110626220703125 0.02978515625 0.62518310546875 0.29791259765625
-0.0495033264160156 0.0561256408691406 0.17449951171875 0.866943359375
-0.0383033752441406 0.0215377807617188 -0.52410888671875 0.8658447265625
-0.0482254028320313 0.00035476684570313 -0.65216064453125 0.29583740234375
-0.0364151000976563 0.00765228271484375 0.118911743164063 0.0878219604492188
-0.0192775726318359 0.0137958526611328 0.80438232421875 -0.3265380859375
-0.0200786590576172 0.0260448455810547 0.40399169921875 -0.94000244140625
-0.0298480987548828 0.0316715240478516 -0.47607421875 -0.735595703125
-0.0125236511230469 0.0213298797607422 -0.66357421875 -0.0393676757812499
0.0244293212890625 0.0137481689453125 -0.420379638671875 0.28997802734375
0.0328426361083984 -0.00214195251464844 -0.047210693359375 0.298431396484375
-0.00338172912597656 -0.0218734741210938 0.189697265625 0.135711669921875
0.00581741333007812 -0.0255146026611328 -0.10333251953125 -0.194976806640625
0.0381240844726563 0.00235366821289063 0.182373046875 -0.288543701171875
0.0340328216552734 0.0134906768798828 0.4932861328125 -0.136810302734375
-0.00830268859863281 0.0249519348144531 0.61334228515625 0.3416748046875
-0.0513534545898438 0.0431404113769531 0.125732421875 0.890625
-0.0234050750732422 0.00688552856445313 -0.5673828125 0.84417724609375
-0.0199069976806641 -0.0035858154296875 -0.6414794921875 0.26824951171875
-0.00416374206542969 0.0113925933837891 0.15789794921875 0.0820770263671875
0.00213623046875 0.00620794296264648 0.79998779296875 -0.3685302734375
-0.0128278732299805 0.0145149230957031 0.3505859375 -0.957275390625
-0.0315189361572266 0.022247314453125 -0.5126953125 -0.700439453125
-0.0169143676757812 0.0181007385253906 -0.6610107421875 -0.00158691406249987
0.0208396911621094 0.0128059387207031 -0.40704345703125 0.306793212890625
0.0287857055664063 -0.00035858154296875 -0.038604736328125 0.29840087890625
-0.00353622436523437 -0.0197639465332031 0.194488525390625 0.130218505859375
0.00439643859863281 -0.0191726684570313 -0.100662231445313 -0.193695068359375
0.0345726013183594 0.00722885131835938 0.18939208984375 -0.283599853515625
0.0290565490722656 0.0137538909912109 0.4967041015625 -0.119293212890625
-0.0135536193847656 0.0217742919921875 0.6055908203125 0.36724853515625
-0.053070068359375 0.0314140319824219 0.0966796875 0.90472412109375
-0.00310611724853516 -0.00847816467285156 -0.59454345703125 0.83355712890625
0.0170984268188477 -0.00914764404296875 -0.63262939453125 0.2491455078125
0.0373153686523438 0.0168914794921875 0.1810302734375 0.0796356201171875
0.0279083251953125 -0.00203704833984375 0.7967529296875 -0.39154052734375
0.000353783369064331 0.000355005264282227 0.31866455078125 -0.9661865234375
-0.0321865081787109 0.0137615203857422 -0.5316162109375 -0.67962646484375
-0.0228977203369141 0.0164165496826172 -0.6590576171875 0.0206298828125001
0.0149545669555664 0.015528678894043 -0.40081787109375 0.31646728515625
0.0259628295898438 0.00258445739746094 -0.03314208984375 0.295440673828125
-0.00594139099121094 -0.0143365859985352 0.1971435546875 0.127120971679687
0.000668525695800782 -0.0144166946411133 -0.097320556640625 -0.19342041015625
0.0307865142822266 0.0113792419433594 0.1920166015625 -0.28106689453125
0.0215301513671875 0.0175094604492188 0.4974365234375 -0.111724853515625
-0.0212898254394531 0.0162506103515625 0.6011962890625 0.37872314453125
-0.05206298828125 0.0176124572753906 0.08868408203125 0.91259765625
0.0153999328613281 -0.0228099822998047 -0.59954833984375 0.83111572265625
0.0568428039550781 -0.0142860412597656 -0.6312255859375 0.2440185546875
0.081207275390625 0.0200042724609375 0.186370849609375 0.075439453125
0.058074951171875 -0.0107688903808594 0.79168701171875 -0.4010009765625
0.00890159606933594 -0.0167932510375977 0.30743408203125 -0.96673583984375
-0.036468505859375 0.00366973876953125 -0.539794921875 -0.67071533203125
-0.0299625396728516 0.0145282745361328 -0.6622314453125 0.0281982421875
0.0120449066162109 0.0180091857910156 -0.39910888671875 0.31793212890625
0.0220737457275391 0.00630569458007813 -0.0328369140625 0.29486083984375
-0.00546073913574219 -0.0116415023803711 0.196807861328125 0.126373291015625
-0.000164985656738281 -0.0102128982543945 -0.098876953125 -0.190765380859375
0.0281162261962891 0.0123157501220703 0.186172485351562 -0.280380249023438
0.0183563232421875 0.0166416168212891 0.49530029296875 -0.112945556640625
-0.0264911651611328 0.0131816864013672 0.60614013671875 0.371826171875
-0.0492591857910156 0.00708770751953124 0.10235595703125 0.9063720703125
0.0324020385742188 -0.0376739501953125 -0.5889892578125 0.83831787109375
0.0933074951171875 -0.0222702026367188 -0.63836669921875 0.24786376953125
0.124008178710937 0.0236587524414062 0.172042846679688 0.07305908203125
0.0891876220703125 -0.0190505981445313 0.78814697265625 -0.3887939453125
0.0214767456054687 -0.0316886901855469 0.32257080078125 -0.96160888671875
-0.0385589599609375 -0.00838088989257813 -0.531494140625 -0.68182373046875
-0.0373458862304688 0.0136146545410156 -0.6639404296875 0.0191040039062499
0.00686264038085937 0.0224590301513672 -0.405975341796875 0.31719970703125
0.0195674896240234 0.0066375732421875 -0.038360595703125 0.2962646484375
-0.00661516189575195 -0.00770854949951172 0.194244384765625 0.127593994140625
-0.00180578231811524 -0.0079646110534668 -0.102783203125 -0.188446044921875
0.0259799957275391 0.011016845703125 0.178619384765625 -0.28466796875
0.0142107009887695 0.0166244506835938 0.489013671875 -0.125335693359375
-0.0280189514160156 0.0114231109619141 0.61328125 0.345703125
-0.0499305725097656 0.0011444091796875 0.13427734375 0.89483642578125
0.0422592163085938 -0.0495376586914062 -0.55755615234375 0.85589599609375
0.119583129882813 -0.0300521850585938 -0.646240234375 0.26739501953125
0.158157348632813 0.025299072265625 0.141754150390625 0.0715789794921875
0.115440368652344 -0.0226898193359375 0.78826904296875 -0.36444091796875
0.0337448120117187 -0.04296875 0.35858154296875 -0.9561767578125
-0.0385971069335938 -0.0177230834960938 -0.50872802734375 -0.7052001953125
-0.04345703125 0.0141868591308594 -0.6708984375 -0.00567626953125001
0.000776290893554685 0.0232372283935547 -0.420989990234375 0.3077392578125
0.0166378021240234 0.0084075927734375 -0.04852294921875 0.29693603515625
-0.00617218017578125 -0.00551652908325195 0.191436767578125 0.12933349609375
0.00801849365234375 -0.0362014770507813 -0.131332397460938 -0.180084228515625
0.0396003723144531 -0.0126762390136719 0.134124755859375 -0.305633544921875
0.0461845397949219 0.00204086303710938 0.45013427734375 -0.224212646484375
0.0112247467041016 0.0291252136230469 0.6510009765625 0.18511962890625
-0.03692626953125 0.0687828063964844 0.2998046875 0.8017578125
-0.0422744750976563 0.0320472717285156 -0.39508056640625 0.9244384765625
-0.0619049072265625 0.0063018798828125 -0.66864013671875 0.3812255859375
-0.0506591796875 0.00715255737304687 0.0173187255859375 0.0937423706054688
-0.0312881469726563 0.0187721252441406 0.7991943359375 -0.2391357421875
-0.0259532928466797 0.0324821472167969 0.5281982421875 -0.90008544921875
-0.0313301086425781 0.0390586853027344 -0.38623046875 -0.81561279296875
-0.0117759704589844 0.0261631011962891 -0.6695556640625 -0.12152099609375
0.0232353210449219 0.0157661437988281 -0.452392578125 0.253570556640625
0.03704833984375 -0.0035858154296875 -0.069671630859375 0.299072265625
0.00010871887207031 -0.0269069671630859 0.183563232421875 0.137985229492187
0.00754165649414063 -0.0361518859863281 -0.123458862304687 -0.186660766601563
0.0386581420898438 -0.00719070434570313 0.1507568359375 -0.302947998046875
0.0435028076171875 0.0048980712890625 0.4656982421875 -0.201416015625
0.00707626342773438 0.0301570892333984 0.6434326171875 0.236083984375
-0.0433082580566406 0.0654373168945313 0.2470703125 0.835205078125
-0.0413970947265625 0.0282821655273438 -0.45123291015625 0.9022216796875
-0.0633201599121094 0.0057830810546875 -0.65966796875 0.34100341796875
-0.0532379150390625 0.00621032714843751 0.0699386596679688 0.0898208618164062
-0.0308322906494141 0.0194511413574219 0.8023681640625 -0.2899169921875
-0.0257453918457031 0.0337390899658203 0.458984375 -0.92572021484375
-0.0295753479003906 0.0400772094726562 -0.44134521484375 -0.7718505859375
-0.00905227661132812 0.0228099822998047 -0.66729736328125 -0.07305908203125
0.025665283203125 0.013946533203125 -0.43316650390625 0.276031494140625
0.0361366271972656 -0.00420379638671875 -0.053253173828125 0.2998046875
-0.00229644775390625 -0.0256156921386719 0.18707275390625 0.134429931640625
0.00745010375976563 -0.0319194793701172 -0.115142822265625 -0.191864013671875
0.0378494262695313 -0.00366592407226563 0.16583251953125 -0.30059814453125
0.0403327941894531 0.00796127319335938 0.47802734375 -0.171600341796875
0.00152778625488281 0.0285415649414063 0.6334228515625 0.28704833984375
-0.046966552734375 0.0568695068359375 0.1917724609375 0.86651611328125
-0.0346279144287109 0.0205478668212891 -0.50762939453125 0.87762451171875
-0.049041748046875 0.00133514404296876 -0.64715576171875 0.3045654296875
-0.0363121032714844 0.00867843627929688 0.11981201171875 0.0853347778320313
-0.0195426940917969 0.014739990234375 0.7994384765625 -0.33978271484375
-0.0200614929199219 0.028350830078125 0.38641357421875 -0.9466552734375
-0.0278606414794922 0.0329036712646484 -0.49200439453125 -0.72540283203125
-0.0112190246582031 0.0211391448974609 -0.66619873046875 -0.0246582031250001
0.0240345001220703 0.0129051208496094 -0.413604736328125 0.29949951171875
0.0328159332275391 -0.00160408020019531 -0.040802001953125 0.299530029296875
-0.00368690490722656 -0.0223350524902344 0.19281005859375 0.132171630859375
0.00501060485839844 -0.0239849090576172 -0.1068115234375 -0.194610595703125
0.0346088409423828 0.000200271606445313 0.17816162109375 -0.29254150390625
0.0337963104248047 0.0117015838623047 0.4915771484375 -0.145721435546875
-0.00548553466796875 0.0251598358154297 0.6199951171875 0.3297119140625
-0.050384521484375 0.0438766479492187 0.1458740234375 0.89129638671875
-0.021636962890625 0.00672149658203125 -0.54827880859375 0.85882568359375
-0.0206546783447266 -0.00296592712402344 -0.635986328125 0.2784423828125
-0.00504493713378906 0.0116024017333984 0.159561157226562 0.0806121826171875
0.000883102416992188 0.00648736953735351 0.79534912109375 -0.3807373046875
-0.0117511749267578 0.0146007537841797 0.33404541015625 -0.96405029296875
-0.0295085906982422 0.0242214202880859 -0.52593994140625 -0.6912841796875
-0.0164623260498047 0.0190963745117187 -0.66253662109375 0.0124511718750001
0.0206813812255859 0.0146675109863281 -0.40020751953125 0.3140869140625
0.0293655395507812 -0.0012359619140625 -0.03204345703125 0.297027587890625
-0.00572776794433594 -0.0198554992675781 0.195404052734375 0.125244140625
0.00230598449707031 -0.0188980102539063 -0.102752685546875 -0.194122314453125
0.0336017608642578 0.00633621215820312 0.184295654296875 -0.28826904296875
0.0274848937988281 0.0140132904052734 0.496551513671875 -0.127044677734375
-0.0160751342773437 0.0216350555419922 0.61212158203125 0.3594970703125
-0.0498504638671875 0.0312042236328125 0.11614990234375 0.90643310546875
-0.00163173675537109 -0.00799989700317383 -0.578125 0.84332275390625
0.017216682434082 -0.00968551635742188 -0.62811279296875 0.26165771484375
0.0365486145019531 0.015655517578125 0.183364868164063 0.0760498046875
0.0284843444824219 -0.00211143493652344 0.7904052734375 -0.40484619140625
-0.000714957714080811 3.85642051696777E-05 0.30133056640625 -0.97100830078125
-0.0314559936523437 0.0143337249755859 -0.5457763671875 -0.6695556640625
-0.0233688354492187 0.0177001953125 -0.6591796875 0.03448486328125
0.0167989730834961 0.0155439376831055 -0.392822265625 0.32464599609375
0.0262527465820313 0.000307083129882813 -0.0264892578125 0.296905517578125
-0.00635147094726562 -0.0149459838867188 0.197601318359375 0.123428344726562
0.000240325927734374 -0.0137529373168945 -0.102203369140625 -0.193450927734375
0.0292320251464844 0.008819580078125 0.18511962890625 -0.28497314453125
0.0225429534912109 0.0157356262207031 0.495635986328125 -0.118927001953125
-0.0219974517822266 0.0181293487548828 0.609375 0.36883544921875
-0.0498580932617188 0.0183868408203125 0.10614013671875 0.91058349609375
0.0159721374511719 -0.0246105194091797 -0.5853271484375 0.84130859375
0.0548095703125 -0.0154838562011719 -0.62701416015625 0.25177001953125
0.0809783935546875 0.0185546875 0.18731689453125 0.0718536376953125
0.0592803955078125 -0.012359619140625 0.78533935546875 -0.4149169921875
0.00961494445800781 -0.0151338577270508 0.2884521484375 -0.97320556640625
-0.0350837707519531 0.00312423706054688 -0.552490234375 -0.65997314453125
-0.0297393798828125 0.0150279998779297 -0.65960693359375 0.0402221679687499
0.0111770629882813 0.0181179046630859 -0.39202880859375 0.328857421875
0.0226230621337891 0.00425529479980469 -0.02716064453125 0.29644775390625
-0.0081014633178711 -0.0106515884399414 0.197662353515625 0.123687744140625
-0.00201225280761719 -0.009674072265625 -0.101150512695313 -0.192092895507812
0.0271263122558594 0.0120468139648438 0.18145751953125 -0.286224365234375
0.017155647277832 0.0151500701904297 0.492431640625 -0.123077392578125
-0.0274810791015625 0.0157394409179688 0.61151123046875 0.36077880859375
-0.0490074157714844 0.00832366943359374 0.11883544921875 0.90631103515625
0.0327873229980469 -0.0390853881835938 -0.5738525390625 0.84808349609375
0.0925521850585938 -0.0205154418945313 -0.63104248046875 0.2601318359375
0.123626708984375 0.0218505859375 0.17486572265625 0.069000244140625
0.0890045166015625 -0.0202560424804688 0.78460693359375 -0.40338134765625
0.0213546752929688 -0.0312099456787109 0.304931640625 -0.9678955078125
-0.03851318359375 -0.0052490234375 -0.54583740234375 -0.67333984375
-0.0364341735839844 0.0155830383300781 -0.66680908203125 0.0311279296874999
0.00696754455566406 0.0219669342041016 -0.400177001953125 0.32525634765625
0.0197982788085938 0.0066070556640625 -0.03369140625 0.29681396484375
-0.00721311569213867 -0.00656509399414062 0.196090698242188 0.123565673828125
-0.0039520263671875 -0.00743246078491211 -0.106826782226562 -0.188735961914063
0.0252628326416016 0.0114994049072266 0.172119140625 -0.287933349609375
0.0161066055297852 0.0159788131713867 0.48614501953125 -0.1373291015625
-0.0289783477783203 0.0115795135498047 0.62030029296875 0.33447265625
-0.048095703125 0.00198745727539063 0.15264892578125 0.8927001953125
0.04168701171875 -0.0509147644042969 -0.54241943359375 0.8660888671875
0.118057250976563 -0.031829833984375 -0.6414794921875 0.2772216796875
0.156494140625 0.0238494873046875 0.141403198242187 0.070343017578125
0.116867065429688 -0.0242996215820312 0.7843017578125 -0.37713623046875
0.0333251953125 -0.0424575805664063 0.34002685546875 -0.96112060546875
-0.0402107238769531 -0.0154228210449219 -0.5218505859375 -0.69805908203125
-0.0425796508789063 0.0143165588378906 -0.67108154296875 0.00738525390624998
0.00199127197265625 0.0223178863525391 -0.41314697265625 0.315582275390625
0.0173730850219727 0.00817298889160156 -0.04290771484375 0.2989501953125
-0.00822782516479492 -0.00553226470947265 0.192718505859375 0.125656127929688
0.005828857421875 -0.0375480651855469 -0.133636474609375 -0.179306030273438
0.0384635925292969 -0.0143165588378906 0.128265380859375 -0.309844970703125
0.0445518493652344 -0.000263214111328125 0.443756103515625 -0.232635498046875
0.0106334686279297 0.0285797119140625 0.65435791015625 0.17291259765625
-0.0362586975097656 0.0694580078125 0.3148193359375 0.79754638671875
-0.0389137268066406 0.030731201171875 -0.3758544921875 0.9310302734375
-0.0615348815917969 0.007781982421875 -0.66131591796875 0.391357421875
-0.0507583618164063 0.00703430175781251 0.0183944702148438 0.0921859741210938
-0.0303421020507813 0.0189609527587891 0.79180908203125 -0.251953125
-0.0244121551513672 0.0338516235351563 0.51116943359375 -0.9073486328125
-0.0302925109863281 0.0402297973632813 -0.39910888671875 -0.80743408203125
-0.0106410980224609 0.0269145965576172 -0.66986083984375 -0.11016845703125
0.0232315063476562 0.0143165588378906 -0.44744873046875 0.261688232421875
0.0363693237304687 -0.00462722778320312 -0.063690185546875 0.299835205078125
-0.00107955932617188 -0.0263271331787109 0.184234619140625 0.13226318359375
0.00714874267578125 -0.0354156494140625 -0.127960205078125 -0.184539794921875
0.038848876953125 -0.007568359375 0.14508056640625 -0.305419921875
0.0430946350097656 0.00331497192382813 0.4593505859375 -0.210174560546875
0.00707626342773437 0.0303974151611328 0.64544677734375 0.22509765625
-0.0398368835449219 0.0663261413574219 0.2646484375 0.8319091796875
-0.0396308898925781 0.0283775329589844 -0.43377685546875 0.90911865234375
-0.0643997192382813 0.00605392456054686 -0.65301513671875 0.35150146484375
-0.0543670654296875 0.00734329223632812 0.0708236694335938 0.0894775390625
-0.0322666168212891 0.0191593170166016 0.79852294921875 -0.3026123046875
-0.0256404876708984 0.0343818664550781 0.44134521484375 -0.93414306640625
-0.0284347534179688 0.0395050048828125 -0.4539794921875 -0.76373291015625
-0.00961112976074218 0.0241031646728516 -0.66925048828125 -0.0592041015624999
0.0258045196533203 0.0129547119140625 -0.427001953125 0.286346435546875
0.0358161926269531 -0.00504684448242187 -0.047760009765625 0.29876708984375
-0.00397491455078125 -0.0259246826171875 0.188629150390625 0.131668090820313
0.00605201721191406 -0.0319423675537109 -0.120254516601563 -0.190780639648437
0.0365562438964844 -0.00495147705078125 0.160888671875 -0.302398681640625
0.0398521423339844 0.00743865966796875 0.47369384765625 -0.17926025390625
-0.000185012817382813 0.027496337890625 0.6368408203125 0.27496337890625
-0.0455818176269531 0.0582008361816406 0.20745849609375 0.86370849609375
-0.0331439971923828 0.0198745727539063 -0.4908447265625 0.88580322265625
-0.0495796203613281 0.00362396240234375 -0.6419677734375 0.31573486328125
-0.0369415283203125 0.00995635986328124 0.122306823730469 0.0830917358398438
-0.0211582183837891 0.0146865844726563 0.7933349609375 -0.35272216796875
-0.0195903778076172 0.0281410217285156 0.3724365234375 -0.9527587890625
-0.0270805358886719 0.0341663360595703 -0.50286865234375 -0.716796875
-0.0121135711669922 0.0229682922363281 -0.66522216796875 -0.0120239257812499
0.0255756378173828 0.0123519897460938 -0.407440185546875 0.306793212890625
0.0339698791503906 -0.00481796264648438 -0.0350341796875 0.2994384765625
-0.00494575500488281 -0.0228042602539063 0.192214965820313 0.1273193359375
0.00395011901855469 -0.0259590148925781 -0.11248779296875 -0.192596435546875
0.0361366271972656 0.002349853515625 0.171600341796875 -0.2972412109375
0.0345993041992188 0.0116844177246094 0.48565673828125 -0.155242919921875
-0.00785064697265625 0.0263652801513672 0.6259765625 0.3192138671875
-0.047088623046875 0.0460243225097656 0.1640625 0.88751220703125
-0.0198459625244141 0.00565147399902344 -0.5340576171875 0.86865234375
-0.0226612091064453 -0.00186729431152344 -0.62969970703125 0.28765869140625
-0.00462055206298828 0.0121374130249023 0.160720825195313 0.078369140625
0.00157070159912109 0.00707006454467773 0.7872314453125 -0.3935546875
-0.0107383728027344 0.0148305892944336 0.31787109375 -0.9658203125
-0.0277748107910156 0.0258064270019531 -0.53582763671875 -0.6802978515625
-0.015655517578125 0.0194377899169922 -0.66162109375 0.0241088867187499
0.0210552215576172 0.0129718780517578 -0.394134521484375 0.321685791015625
0.0295467376708984 -0.00126838684082031 -0.025421142578125 0.298797607421875
-0.00713157653808594 -0.0181541442871094 0.196090698242188 0.122222900390625
0.000402450561523439 -0.0198211669921875 -0.10675048828125 -0.193389892578125
0.0325202941894531 0.0052947998046875 0.179962158203125 -0.292633056640625
0.0285148620605469 0.0130767822265625 0.491363525390625 -0.13909912109375
-0.0162754058837891 0.0224933624267578 0.6199951171875 0.34698486328125
-0.0493202209472656 0.0323448181152344 0.133056640625 0.9056396484375
-0.00161075592041016 -0.00912857055664063 -0.55950927734375 0.853515625
0.0148677825927734 -0.00994491577148437 -0.62554931640625 0.26947021484375
0.0344791412353516 0.0136489868164063 0.182388305664063 0.0733642578125
0.0283832550048828 -0.00181770324707031 0.7816162109375 -0.4188232421875
0.000185191631317139 0.00060349702835083 0.28515625 -0.97308349609375
-0.0313549041748047 0.0161666870117187 -0.55670166015625 -0.65765380859375
-0.0213184356689453 0.0190296173095703 -0.6585693359375 0.0457763671875
0.0156764984130859 0.0149927139282227 -0.3857421875 0.3314208984375
0.0261173248291016 0.0009918212890625 -0.021392822265625 0.296051025390625
-0.00877857208251953 -0.014185905456543 0.199676513671875 0.1197509765625
-0.00125503540039063 -0.0139427185058594 -0.105911254882812 -0.191299438476563
0.0288543701171875 0.00869369506835938 0.179656982421875 -0.291290283203125
0.0226211547851563 0.0136661529541016 0.493682861328125 -0.1298828125
-0.0212974548339844 0.0184612274169922 0.61614990234375 0.3575439453125
-0.0482864379882813 0.0182991027832031 0.1258544921875 0.91094970703125
0.0171833038330078 -0.0252246856689453 -0.567138671875 0.85205078125
0.0535736083984375 -0.0168991088867188 -0.62335205078125 0.2642822265625
0.0795211791992188 0.0172195434570312 0.188751220703125 0.069488525390625
0.0590248107910156 -0.013214111328125 0.7789306640625 -0.4263916015625
0.0103626251220703 -0.0165691375732422 0.27166748046875 -0.97528076171875
-0.0342044830322266 0.00558853149414062 -0.56494140625 -0.65069580078125
-0.0306167602539063 0.0168781280517578 -0.65869140625 0.0526123046874999
0.0117950439453125 0.0168781280517578 -0.3856201171875 0.33502197265625
0.0226726531982422 0.00360679626464844 -0.02227783203125 0.296905517578125
-0.00857830047607422 -0.0100812911987305 0.199005126953125 0.117813110351563
-0.00184154510498047 -0.00946903228759766 -0.105560302734375 -0.190185546875
0.0262870788574219 0.00983619689941406 0.17547607421875 -0.290740966796875
0.0177497863769531 0.0151824951171875 0.489959716796875 -0.13153076171875
-0.0276260375976563 0.0144538879394531 0.61773681640625 0.349609375
-0.0479316711425781 0.0102500915527344 0.13525390625 0.90399169921875
0.0346527099609375 -0.0403518676757813 -0.55712890625 0.8570556640625
0.09033203125 -0.024993896484375 -0.62628173828125 0.27056884765625
0.121192932128906 0.0202865600585938 0.1734619140625 0.0679168701171875
0.0877914428710938 -0.0223312377929688 0.774658203125 -0.4146728515625
0.0212612152099609 -0.0313625335693359 0.29010009765625 -0.970947265625
-0.0377655029296875 -0.00590896606445313 -0.55712890625 -0.66064453125
-0.0357513427734375 0.0168342590332031 -0.6632080078125 0.0438842773437499
0.00592422485351563 0.0202255249023438 -0.39263916015625 0.33343505859375
0.0186214447021484 0.00658798217773438 -0.026031494140625 0.2987060546875
-0.0082545280456543 -0.00612640380859375 0.19805908203125 0.11871337890625
-0.00342893600463867 -0.00681447982788086 -0.110641479492187 -0.187423706054687
0.0227985382080078 0.00993537902832031 0.166473388671875 -0.29351806640625
0.0146169662475586 0.0150957107543945 0.482757568359375 -0.14630126953125
-0.0300960540771484 0.0132694244384766 0.6248779296875 0.3226318359375
-0.0476608276367188 0.00268554687500001 0.1719970703125 0.8885498046875
0.0423431396484375 -0.05120849609375 -0.52386474609375 0.8736572265625
0.116325378417969 -0.0344772338867188 -0.6351318359375 0.2869873046875
0.157333374023437 0.0218963623046875 0.1412353515625 0.066680908203125
0.115440368652344 -0.0252227783203125 0.77532958984375 -0.3912353515625
0.0336036682128906 -0.0429916381835938 0.32415771484375 -0.96490478515625
-0.0390777587890625 -0.0162887573242188 -0.53338623046875 -0.68756103515625
-0.04254150390625 0.0149574279785156 -0.67022705078125 0.0195922851562499
0.00267410278320313 0.0218238830566406 -0.4075927734375 0.32464599609375
0.0165929794311523 0.00785923004150391 -0.036834716796875 0.300445556640625
-0.00802421569824219 -0.00411033630371094 0.193344116210938 0.122802734375
0.00282669067382812 -0.037506103515625 -0.138092041015625 -0.176666259765625
0.0364418029785156 -0.0133857727050781 0.121856689453125 -0.31060791015625
0.0436935424804688 -0.0003509521484375 0.437408447265625 -0.241424560546875
0.0109462738037109 0.0279579162597656 0.653076171875 0.160400390625
-0.0333442687988281 0.069244384765625 0.3292236328125 0.7891845703125
-0.0363349914550781 0.0311203002929688 -0.35955810546875 0.93359375
-0.0627708435058594 0.00751876831054686 -0.65289306640625 0.40057373046875
-0.0523414611816406 0.00793838500976563 0.0202102661132812 0.0920562744140625
-0.0291919708251953 0.0201301574707031 0.7861328125 -0.2630615234375
-0.0220317840576172 0.0343227386474609 0.494873046875 -0.91424560546875
-0.0286979675292969 0.0405158996582031 -0.4114990234375 -0.797119140625
-0.0095062255859375 0.0283336639404297 -0.66876220703125 -0.0977783203124998
0.0238666534423828 0.0144615173339844 -0.440277099609375 0.269439697265625
0.0375137329101563 -0.0059814453125 -0.05718994140625 0.300018310546875
-0.00164031982421875 -0.0253562927246094 0.185211181640625 0.13055419921875
0.00426864624023437 -0.0356712341308594 -0.131866455078125 -0.183837890625
0.03778076171875 -0.0101242065429688 0.137603759765625 -0.308746337890625
0.0425453186035156 0.00352096557617188 0.45367431640625 -0.2156982421875
0.00589179992675781 0.0291557312011719 0.64874267578125 0.21282958984375
-0.0390167236328125 0.0664215087890625 0.27984619140625 0.82440185546875
-0.0401802062988281 0.02862548828125 -0.41436767578125 0.9124755859375
-0.0643959045410156 0.00632095336914062 -0.6436767578125 0.36285400390625
-0.0552864074707031 0.00835037231445313 0.0722274780273438 0.0869903564453125
-0.0323448181152344 0.0188083648681641 0.78900146484375 -0.315185546875
-0.0226001739501953 0.0341358184814453 0.4234619140625 -0.93701171875
-0.0253143310546875 0.039794921875 -0.4638671875 -0.7515869140625
-0.00882911682128906 0.0250301361083984 -0.6671142578125 -0.0455322265625
0.0242080688476563 0.0114860534667969 -0.419708251953125 0.29376220703125
0.0359573364257813 -0.00667190551757813 -0.042083740234375 0.301605224609375
-0.00423812866210937 -0.0247459411621094 0.18994140625 0.126785278320313
0.00227737426757813 -0.0313148498535156 -0.122222900390625 -0.187820434570313
0.0366744995117187 -0.00537872314453125 0.1534423828125 -0.3052978515625
0.0393486022949219 0.00632858276367188 0.46795654296875 -0.187744140625
-0.000366210937499997 0.0285892486572266 0.6402587890625 0.26531982421875
-0.0434188842773437 0.0586204528808594 0.22650146484375 0.85821533203125
-0.03173828125 0.0192813873291016 -0.47113037109375 0.8919677734375
-0.0504417419433594 0.00313568115234376 -0.6348876953125 0.32452392578125
-0.0390472412109375 0.00984573364257812 0.122779846191406 0.0807418823242188
-0.0186557769775391 0.0146369934082031 0.782958984375 -0.36328125
-0.0165615081787109 0.0272903442382812 0.3533935546875 -0.95574951171875
-0.0270214080810547 0.0347175598144531 -0.513427734375 -0.703857421875
-0.0101680755615234 0.0225868225097656 -0.6641845703125 -0.00109863281249989
0.0250606536865234 0.0117015838623047 -0.401519775390625 0.314117431640625
0.0332374572753906 -0.00477981567382813 -0.028717041015625 0.300323486328125
-0.00369834899902344 -0.0216236114501953 0.193374633789063 0.124984741210937
0.001312255859375 -0.0253753662109375 -0.115493774414062 -0.19110107421875
0.0325126647949219 -0.00120925903320313 0.165374755859375 -0.29888916015625
0.0342388153076172 0.0105381011962891 0.481689453125 -0.1639404296875
-0.00667190551757812 0.0272178649902344 0.62823486328125 0.30682373046875
-0.0468711853027344 0.0460662841796875 0.179931640625 0.88385009765625
-0.0167655944824219 0.00523948669433594 -0.51605224609375 0.87152099609375
-0.0221691131591797 -0.00206184387207031 -0.623046875 0.29803466796875
-0.00683212280273437 0.0101509094238281 0.160247802734375 0.0753936767578125
0.00229358673095703 0.00801753997802734 0.775634765625 -0.40203857421875
-0.0102195739746094 0.0153312683105469 0.30035400390625 -0.96820068359375
-0.0281982421875 0.0261650085449219 -0.54742431640625 -0.669677734375
-0.0147342681884766 0.0190277099609375 -0.657958984375 0.03564453125
0.0215053558349609 0.0120086669921875 -0.386810302734375 0.32861328125
0.0291843414306641 -0.0034027099609375 -0.021697998046875 0.298431396484375
-0.00901031494140625 -0.0187034606933594 0.197250366210938 0.118820190429687
-6.67572021484354E-05 -0.01910400390625 -0.109161376953125 -0.191207885742188
0.0311183929443359 0.00375556945800781 0.171875 -0.296630859375
0.0275745391845703 0.0125827789306641 0.48980712890625 -0.1466064453125
-0.0154018402099609 0.0238285064697266 0.62420654296875 0.33642578125
-0.04766845703125 0.0326423645019531 0.15081787109375 0.8992919921875
4.95910644531258E-05 -0.0108423233032227 -0.54205322265625 0.860595703125
0.0139732360839844 -0.0106725692749023 -0.61639404296875 0.27880859375
0.0358848571777344 0.0132942199707031 0.18280029296875 0.0687713623046875
0.0293540954589844 -0.00358200073242188 0.77093505859375 -0.42919921875
0.000172317028045654 -6.02602958679199E-05 0.26611328125 -0.97369384765625
-0.0298213958740234 0.0163097381591797 -0.56640625 -0.6446533203125
-0.0219154357910156 0.0194053649902344 -0.65582275390625 0.057861328125
0.0162258148193359 0.0136699676513672 -0.37664794921875 0.3370361328125
0.0251789093017578 -0.000507354736328125 -0.017547607421875 0.296661376953125
-0.00815868377685547 -0.0140647888183594 0.199920654296875 0.116424560546875
-0.00278377532958985 -0.0131340026855469 -0.108322143554687 -0.18975830078125
0.02947998046875 0.00755119323730469 0.173675537109375 -0.293975830078125
0.0207443237304687 0.0147933959960937 0.489410400390625 -0.13818359375
-0.0223541259765625 0.0185203552246094 0.62188720703125 0.34466552734375
-0.0476455688476563 0.0198097229003906 0.1446533203125 0.90472412109375
0.0189857482910156 -0.0272865295410156 -0.551025390625 0.86004638671875
0.052947998046875 -0.0180244445800781 -0.6170654296875 0.27313232421875
0.0789718627929688 0.0162582397460938 0.187042236328125 0.065032958984375
0.0585250854492187 -0.0139732360839844 0.76666259765625 -0.4381103515625
0.0100736618041992 -0.0155048370361328 0.25592041015625 -0.975341796875
-0.0333366394042969 0.00562858581542969 -0.57513427734375 -0.6357421875
-0.0286636352539063 0.0170440673828125 -0.65643310546875 0.065673828125
0.0122394561767578 0.0175876617431641 -0.378204345703125 0.3414306640625
0.0211238861083984 0.00221824645996094 -0.016510009765625 0.2957763671875
-0.00934028625488281 -0.00930690765380859 0.200180053710938 0.1141357421875
-0.00295066833496094 -0.00810050964355469 -0.1085205078125 -0.188186645507813
0.0254936218261719 0.00963973999023438 0.168853759765625 -0.292205810546875
0.0165700912475586 0.0152111053466797 0.4879150390625 -0.139190673828125
-0.0284366607666016 0.0168781280517578 0.62213134765625 0.3377685546875
-0.0474128723144531 0.00849151611328126 0.15570068359375 0.89874267578125
0.0341644287109375 -0.0415115356445312 -0.5396728515625 0.86578369140625
0.09027099609375 -0.0258255004882813 -0.61810302734375 0.2772216796875
0.120674133300781 0.0176467895507813 0.17340087890625 0.062744140625
0.0886764526367188 -0.0230865478515625 0.766357421875 -0.4263916015625
0.0217113494873047 -0.0312957763671875 0.27069091796875 -0.9727783203125
-0.0361671447753906 -0.00452423095703125 -0.56475830078125 -0.6483154296875
-0.0355148315429688 0.0160331726074219 -0.66131591796875 0.05657958984375
0.00732612609863281 0.0202293395996094 -0.382659912109375 0.33984375
0.0180244445800781 0.00582313537597656 -0.023162841796875 0.29754638671875
-0.01068115234375 -0.00472640991210937 0.198974609375 0.116455078125
-0.00719070434570312 -0.00778579711914063 -0.114044189453125 -0.185348510742187
0.0227680206298828 0.0098114013671875 0.16162109375 -0.294647216796875
0.0143604278564453 0.01593017578125 0.477508544921875 -0.154449462890625
-0.0291290283203125 0.0133094787597656 0.63031005859375 0.3121337890625
-0.0469169616699219 0.00360107421875001 0.18963623046875 0.88470458984375
0.0429267883300781 -0.0545539855957031 -0.5069580078125 0.880126953125
0.114814758300781 -0.0361328125 -0.62945556640625 0.29559326171875
0.153961181640625 0.019744873046875 0.142547607421875 0.063720703125
0.114601135253906 -0.0280380249023437 0.76678466796875 -0.4005126953125
0.0341224670410156 -0.0436325073242188 0.3060302734375 -0.96722412109375
-0.0387916564941406 -0.0141448974609375 -0.54522705078125 -0.67529296875
-0.041839599609375 0.015869140625 -0.6685791015625 0.03271484375
0.0028533935546875 0.0204753875732422 -0.399749755859375 0.32965087890625
0.016627311706543 0.006500244140625 -0.031494140625 0.29962158203125
-0.00917911529541015 -0.00229263305664062 0.195144653320313 0.119033813476563
0.00104141235351563 -0.0373001098632813 -0.140426635742187 -0.174850463867188
0.0362358093261719 -0.0146217346191406 0.1143798828125 -0.313232421875
0.0419921875 -0.00067138671875 0.432403564453125 -0.24774169921875
0.00953292846679688 0.0301837921142578 0.65264892578125 0.15032958984375
-0.0303077697753906 0.0692138671875 0.34234619140625 0.78131103515625
-0.0369644165039062 0.0302276611328125 -0.34088134765625 0.936767578125
-0.0623283386230469 0.00870895385742187 -0.6422119140625 0.40740966796875
-0.052520751953125 0.00921249389648438 0.0213775634765625 0.089630126953125
-0.0294342041015625 0.0201644897460938 0.77703857421875 -0.27337646484375
-0.0210494995117187 0.0354156494140625 0.47900390625 -0.91339111328125
-0.0262527465820313 0.0407218933105469 -0.42327880859375 -0.7869873046875
-0.00922775268554687 0.0281085968017578 -0.66748046875 -0.0881347656249999
0.0239696502685547 0.0155277252197266 -0.432708740234375 0.2762451171875
0.03753662109375 -0.00709915161132813 -0.052642822265625 0.30059814453125
-0.00265693664550781 -0.0251312255859375 0.18658447265625 0.126708984375
0.00162696838378907 -0.0350666046142578 -0.133804321289062 -0.179916381835938
0.0369987487792969 -0.0105743408203125 0.13165283203125 -0.3099365234375
0.0412406921386719 0.00205230712890625 0.447967529296875 -0.22296142578125
0.00684547424316407 0.0304489135742188 0.6517333984375 0.20111083984375
-0.0340042114257813 0.0655021667480469 0.294189453125 0.8167724609375
-0.0351638793945313 0.0287361145019531 -0.39697265625 0.9171142578125
-0.0644950866699219 0.00893020629882813 -0.6357421875 0.36773681640625
-0.054931640625 0.00926971435546875 0.0734939575195313 0.0857009887695313
-0.0304546356201172 0.0192775726318359 0.7784423828125 -0.32452392578125
-0.0219783782958984 0.033599853515625 0.40802001953125 -0.93768310546875
-0.0257530212402344 0.0408782958984375 -0.47613525390625 -0.74066162109375
-0.00859260559082031 0.0253982543945313 -0.6644287109375 -0.0358276367187501
0.0259552001953125 0.0124473571777344 -0.41351318359375 0.298248291015625
0.0344429016113281 -0.00741004943847656 -0.037139892578125 0.30096435546875
-0.00511360168457031 -0.0229549407958984 0.19012451171875 0.122833251953125
0.00138282775878906 -0.0329532623291016 -0.126724243164063 -0.186111450195313
0.0350875854492188 -0.00586128234863281 0.14691162109375 -0.306884765625
0.0383377075195313 0.00557708740234375 0.4632568359375 -0.198028564453125
0.00122261047363281 0.029541015625 0.640380859375 0.25146484375
-0.0396194458007813 0.0590591430664063 0.2408447265625 0.851318359375
-0.0296497344970703 0.0200176239013672 -0.45465087890625 0.894287109375
-0.0516090393066406 0.00305938720703125 -0.6278076171875 0.3321533203125
-0.0393562316894531 0.010040283203125 0.122688293457031 0.0774459838867187
-0.0183696746826172 0.0164222717285156 0.77239990234375 -0.373291015625
-0.0162887573242188 0.0278949737548828 0.337890625 -0.954833984375
-0.0246791839599609 0.0347194671630859 -0.52215576171875 -0.691650390625
-0.0104351043701172 0.0220756530761719 -0.660400390625 0.01031494140625
0.0255298614501953 0.0106925964355469 -0.393463134765625 0.31939697265625
0.0328617095947266 -0.00567817687988281 -0.0242919921875 0.299407958984375
-0.00754356384277344 -0.0213527679443359 0.195449829101562 0.121658325195312
-0.00060272216796875 -0.0261402130126953 -0.118545532226562 -0.188934326171875
0.0335407257080078 -0.00116920471191406 0.158416748046875 -0.3021240234375
0.032196044921875 0.00969886779785156 0.47454833984375 -0.171905517578125
-0.00727462768554688 0.0274581909179687 0.63262939453125 0.2972412109375
-0.0436592102050781 0.0472335815429688 0.19647216796875 0.876220703125
-0.0160188674926758 0.00516223907470703 -0.4967041015625 0.874755859375
-0.0239753723144531 -0.00195503234863282 -0.61688232421875 0.30291748046875
-0.008209228515625 0.0120668411254883 0.161590576171875 0.07244873046875
0.00142812728881836 0.00629997253417969 0.7664794921875 -0.41314697265625
-0.00938987731933594 0.0160284042358398 0.2838134765625 -0.967041015625
-0.0266513824462891 0.0279388427734375 -0.55450439453125 -0.65673828125
-0.0149116516113281 0.0215873718261719 -0.65472412109375 0.0477294921874999
0.0217227935791016 0.0119647979736328 -0.376922607421875 0.334197998046875
0.0291690826416016 -0.00342369079589844 -0.016204833984375 0.29669189453125
-0.0094146728515625 -0.0172691345214844 0.19866943359375 0.11578369140625
-0.00214767456054687 -0.0195026397705078 -0.113189697265625 -0.19000244140625
0.031646728515625 0.0040283203125 0.1663818359375 -0.298004150390625
0.0271339416503906 0.0117912292480469 0.48284912109375 -0.153045654296875
-0.0145473480224609 0.0239219665527344 0.625 0.323974609375
-0.0466270446777344 0.0327911376953125 0.1666259765625 0.89263916015625
0.000714302062988282 -0.0133523941040039 -0.52349853515625 0.86553955078125
0.0129508972167969 -0.0108060836791992 -0.60906982421875 0.28668212890625
0.0344753265380859 0.0138664245605469 0.182968139648438 0.0668487548828125
0.0299758911132813 -0.00192642211914063 0.760986328125 -0.43719482421875
0.00172340869903564 -0.00020146369934082 0.25274658203125 -0.9739990234375
-0.0297794342041016 0.0174922943115234 -0.573486328125 -0.6319580078125
-0.0223236083984375 0.0197792053222656 -0.652099609375 0.067626953125
0.0181465148925781 0.0143947601318359 -0.369781494140625 0.341888427734375
0.0259895324707031 -0.000116348266601563 -0.0113525390625 0.296173095703125
-0.010441780090332 -0.0123767852783203 0.19952392578125 0.112106323242188
-0.00341606140136719 -0.0124492645263672 -0.11273193359375 -0.19049072265625
0.0279388427734375 0.00740242004394531 0.1671142578125 -0.296783447265625
0.0204944610595703 0.0150241851806641 0.4827880859375 -0.146148681640625
-0.0228691101074219 0.0186519622802734 0.6253662109375 0.33447265625
-0.0454330444335938 0.0195426940917969 0.158203125 0.8983154296875
0.0191898345947266 -0.0258045196533203 -0.533203125 0.8623046875
0.0527610778808594 -0.0187339782714844 -0.61053466796875 0.28070068359375
0.0775680541992188 0.0142059326171875 0.188949584960937 0.06097412109375
0.0567131042480469 -0.0145492553710938 0.755615234375 -0.44683837890625
0.0114707946777344 -0.0153274536132813 0.24053955078125 -0.971435546875
-0.0339202880859375 0.00730705261230468 -0.5823974609375 -0.6241455078125
-0.0272693634033203 0.0208415985107422 -0.6510009765625 0.0762939453124999
0.0129337310791016 0.0177364349365234 -0.369781494140625 0.34716796875
0.0227718353271484 0.001434326171875 -0.011077880859375 0.29638671875
-0.00900554656982422 -0.00859928131103516 0.199661254882813 0.111251831054688
-0.00571107864379883 -0.00867843627929688 -0.111618041992187 -0.187149047851563
0.0247764587402344 0.008941650390625 0.1622314453125 -0.29425048828125
0.0167217254638672 0.0150051116943359 0.481597900390625 -0.149658203125
-0.0278415679931641 0.0153446197509766 0.6273193359375 0.3262939453125
-0.0443191528320313 0.00923156738281249 0.172119140625 0.89483642578125
0.0341644287109375 -0.0429763793945313 -0.52099609375 0.86883544921875
0.08685302734375 -0.0288467407226563 -0.61474609375 0.287353515625
0.117591857910156 0.0155715942382812 0.172073364257813 0.0611572265625
0.0872116088867188 -0.0242843627929688 0.75506591796875 -0.43572998046875
0.0238552093505859 -0.0323104858398438 0.257080078125 -0.96942138671875
-0.0375518798828125 -0.00352859497070313 -0.57196044921875 -0.63543701171875
-0.0363197326660156 0.016998291015625 -0.65814208984375 0.0687255859374999
0.00844764709472656 0.0201549530029297 -0.3782958984375 0.344451904296875
0.0210990905761719 0.00466156005859375 -0.017333984375 0.297760009765625
-0.0103302001953125 -0.00521659851074219 0.198013305664063 0.112716674804688
-0.00690889358520508 -0.00666618347167969 -0.116195678710937 -0.185287475585938
0.0207176208496094 0.00877761840820312 0.153228759765625 -0.296630859375
0.0134801864624023 0.0152044296264648 0.4735107421875 -0.1607666015625
-0.0308609008789063 0.0152645111083984 0.634033203125 0.30023193359375
-0.0464630126953125 0.0051116943359375 0.20330810546875 0.87738037109375
0.0416946411132813 -0.0566368103027344 -0.4884033203125 0.8851318359375
0.111305236816406 -0.0369033813476562 -0.6224365234375 0.304443359375
0.152450561523438 0.017730712890625 0.14263916015625 0.0608062744140625
0.113639831542969 -0.029144287109375 0.75726318359375 -0.41021728515625
0.0327644348144531 -0.0424766540527344 0.28875732421875 -0.9644775390625
-0.038421630859375 -0.0113601684570313 -0.55340576171875 -0.660888671875
-0.0416069030761719 0.0167732238769531 -0.66583251953125 0.0426025390624999
0.00301361083984375 0.0222549438476563 -0.390411376953125 0.33740234375
0.0173454284667969 0.00685977935791016 -0.027313232421875 0.299346923828125
-0.01171875 -0.00149154663085938 0.193893432617188 0.116851806640625
-0.000247955322265627 -0.03778076171875 -0.143035888671875 -0.17120361328125
0.0347843170166016 -0.0154800415039062 0.109039306640625 -0.313140869140625
0.0403022766113281 -0.0023956298828125 0.4227294921875 -0.2532958984375
0.00957870483398438 0.0297946929931641 0.6524658203125 0.1402587890625
-0.0291290283203125 0.0690231323242188 0.35589599609375 0.770263671875
-0.0347194671630859 0.0298271179199219 -0.32318115234375 0.93524169921875
-0.0637054443359375 0.00861740112304688 -0.63311767578125 0.41412353515625
-0.0538673400878906 0.00947952270507813 0.0217666625976563 0.0909423828125
-0.0282306671142578 0.0198307037353516 0.76806640625 -0.279296875
-0.0192222595214844 0.0361213684082031 0.46221923828125 -0.91253662109375
-0.0252265930175781 0.0418968200683594 -0.4300537109375 -0.776123046875
-0.00819587707519531 0.0275459289550781 -0.66424560546875 -0.07421875
0.0239486694335938 0.0133113861083984 -0.4267578125 0.28167724609375
0.0363349914550781 -0.00870513916015625 -0.046417236328125 0.29931640625
-0.00387191772460938 -0.0248088836669922 0.18524169921875 0.1234130859375
-0.000484466552734373 -0.0348644256591797 -0.137603759765625 -0.17926025390625
0.0352020263671875 -0.0122795104980469 0.124176025390625 -0.310821533203125
0.0399856567382813 0.001068115234375 0.441070556640625 -0.2293701171875
0.00561141967773438 0.0295791625976562 0.64788818359375 0.1920166015625
-0.0339164733886719 0.0647659301757813 0.30499267578125 0.80755615234375
-0.0350055694580078 0.0266666412353516 -0.38031005859375 0.91424560546875
-0.0655364990234375 0.009521484375 -0.6260986328125 0.37457275390625
-0.0553245544433594 0.00908279418945313 0.0737686157226563 0.0832366943359375
-0.0298671722412109 0.0194835662841797 0.76617431640625 -0.33062744140625
-0.020477294921875 0.0345916748046875 0.39251708984375 -0.9354248046875
-0.0234756469726563 0.0415802001953125 -0.4825439453125 -0.72796630859375
-0.00792694091796875 0.0247821807861328 -0.66162109375 -0.0257568359374999
0.0251884460449219 0.0113182067871094 -0.404052734375 0.3021240234375
0.0340957641601563 -0.00698661804199219 -0.03179931640625 0.299560546875
-0.00645065307617188 -0.0236015319824219 0.190338134765625 0.119186401367188
0.000148773193359374 -0.0305519104003906 -0.1278076171875 -0.1844482421875
0.0346775054931641 -0.00722885131835937 0.140380859375 -0.308807373046875
0.0363502502441406 0.00466156005859375 0.454193115234375 -0.20306396484375
-0.000137329101562503 0.0286178588867188 0.64093017578125 0.2420654296875
-0.039154052734375 0.0579948425292969 0.25238037109375 0.83990478515625
-0.0275821685791016 0.018310546875 -0.43463134765625 0.89556884765625
-0.0527267456054688 0.00417709350585938 -0.6158447265625 0.33978271484375
-0.0394668579101563 0.0107879638671875 0.121711730957031 0.0757980346679688
-0.0188217163085938 0.0148258209228516 0.76318359375 -0.38104248046875
-0.0145378112792969 0.0271339416503906 0.3214111328125 -0.95294189453125
-0.0241241455078125 0.0370864868164062 -0.529296875 -0.67926025390625
-0.00917816162109375 0.0210075378417969 -0.65435791015625 0.02349853515625
0.0240936279296875 0.010101318359375 -0.385009765625 0.323883056640625
0.0329151153564453 -0.00636100769042969 -0.01947021484375 0.29730224609375
-0.00866127014160156 -0.0208778381347656 0.194290161132813 0.117233276367188
-0.00238227844238281 -0.0250110626220703 -0.12152099609375 -0.185653686523438
0.0333213806152344 -0.00168037414550781 0.15264892578125 -0.30267333984375
0.0323066711425781 0.0075225830078125 0.46881103515625 -0.177520751953125
-0.00875091552734375 0.0260391235351563 0.63348388671875 0.28564453125
-0.0419998168945313 0.0471763610839844 0.21063232421875 0.86895751953125
-0.0149574279785156 0.00315666198730469 -0.4793701171875 0.87664794921875
-0.0240249633789063 -0.00338172912597657 -0.6080322265625 0.31036376953125
-0.00840950012207031 0.0107803344726563 0.160476684570313 0.0689849853515625
0.00167417526245117 0.0070347785949707 0.753662109375 -0.4178466796875
-0.00825309753417968 0.0158720016479492 0.26800537109375 -0.964111328125
-0.0246353149414062 0.0285625457763672 -0.56195068359375 -0.643798828125
-0.0147628784179688 0.0210437774658203 -0.65032958984375 0.05792236328125
0.0205593109130859 0.0103988647460938 -0.370086669921875 0.3382568359375
0.0291042327880859 -0.00461196899414063 -0.01055908203125 0.295257568359375
-0.00981616973876953 -0.0160226821899414 0.197189331054688 0.11248779296875
-0.002655029296875 -0.0180854797363281 -0.115585327148438 -0.186370849609375
0.0305843353271484 0.00341987609863281 0.158172607421875 -0.299774169921875
0.0261764526367188 0.0122642517089844 0.4769287109375 -0.16119384765625
-0.0157680511474609 0.0241298675537109 0.62884521484375 0.3131103515625
-0.0437431335449219 0.0332756042480469 0.1810302734375 0.8843994140625
0.00156497955322266 -0.0126409530639648 -0.50946044921875 0.8680419921875
0.0119247436523438 -0.0109186172485352 -0.60137939453125 0.2916259765625
0.0333061218261719 0.0125579833984375 0.182357788085938 0.0627288818359375
0.0281238555908203 -0.00324249267578125 0.74859619140625 -0.44305419921875
0.00272846221923828 -0.000500679016113281 0.236083984375 -0.96923828125
-0.0278987884521484 0.0180568695068359 -0.57916259765625 -0.6202392578125
-0.0209884643554688 0.0195026397705078 -0.64453125 0.07891845703125
0.0176277160644531 0.014068603515625 -0.361297607421875 0.346160888671875
0.025299072265625 -0.00209999084472656 -0.00708007812499998 0.293365478515625
-0.0102090835571289 -0.0125494003295898 0.199386596679688 0.109207153320313
-0.00541400909423828 -0.0128211975097656 -0.114852905273438 -0.186492919921875
0.0268325805664063 0.00645637512207031 0.160919189453125 -0.2967529296875
0.0193386077880859 0.0143337249755859 0.47796630859375 -0.152069091796875
-0.0235614776611328 0.0208301544189453 0.626953125 0.32366943359375
-0.0433349609375 0.021209716796875 0.1719970703125 0.8897705078125
0.0202789306640625 -0.0289382934570313 -0.515380859375 0.86444091796875
0.0487480163574219 -0.019073486328125 -0.60107421875 0.28558349609375
0.0752334594726563 0.013153076171875 0.186935424804688 0.058197021484375
0.0580101013183594 -0.0142631530761719 0.7432861328125 -0.45306396484375
0.012049674987793 -0.017054557800293 0.223388671875 -0.96990966796875
-0.0327205657958984 0.00712776184082031 -0.5863037109375 -0.60992431640625
-0.0274944305419922 0.018829345703125 -0.646240234375 0.0866088867187501
0.0128383636474609 0.0159912109375 -0.359954833984375 0.350555419921875
0.0225830078125 0.00154304504394531 -0.00671386718750003 0.294281005859375
-0.0119609832763672 -0.00716018676757812 0.199600219726563 0.108016967773438
-0.0060572624206543 -0.00852727890014648 -0.113433837890625 -0.185455322265625
0.0232200622558594 0.00745582580566406 0.157867431640625 -0.295379638671875
0.0146036148071289 0.0157642364501953 0.476043701171875 -0.154388427734375
-0.0282421112060547 0.0176448822021484 0.62823486328125 0.3179931640625
-0.0442886352539062 0.01104736328125 0.18511962890625 0.8848876953125
0.0343437194824219 -0.0442047119140625 -0.50213623046875 0.87078857421875
0.0832977294921875 -0.0296554565429688 -0.60528564453125 0.29034423828125
0.117080688476563 0.013916015625 0.172637939453125 0.05718994140625
0.0865249633789062 -0.0226898193359375 0.74151611328125 -0.4412841796875
0.0223674774169922 -0.03106689453125 0.2412109375 -0.96490478515625
-0.0355339050292969 -0.00322341918945312 -0.57745361328125 -0.62335205078125
-0.0360298156738281 0.0185966491699219 -0.64898681640625 0.0759277343750001
0.00777626037597656 0.0196819305419922 -0.36761474609375 0.34820556640625
0.0201148986816406 0.00454139709472656 -0.0107421875 0.295806884765625
-0.0105133056640625 -0.00424861907958985 0.198196411132812 0.109954833984375
-0.007293701171875 -0.00506877899169922 -0.118545532226563 -0.181396484375
0.0210456848144531 0.00978279113769531 0.147125244140625 -0.2987060546875
0.0130586624145508 0.0136079788208008 0.466827392578125 -0.16925048828125
-0.0302391052246094 0.0151844024658203 0.632568359375 0.2879638671875
-0.0441932678222656 0.00465011596679687 0.21710205078125 0.8677978515625
0.0420913696289063 -0.0556373596191406 -0.47113037109375 0.88507080078125
0.110847473144531 -0.0383682250976563 -0.61346435546875 0.31011962890625
0.151504516601562 0.01385498046875 0.140464782714844 0.057708740234375
0.112579345703125 -0.029937744140625 0.74359130859375 -0.4158935546875
0.0320320129394531 -0.0434455871582031 0.2728271484375 -0.96124267578125
-0.0374908447265625 -0.0114784240722656 -0.55950927734375 -0.64813232421875
-0.0394630432128906 0.0181083679199219 -0.65771484375 0.0551757812499999
0.00369071960449219 0.0222625732421875 -0.38323974609375 0.34136962890625
0.0174703598022461 0.00633525848388672 -0.0234375 0.297607421875
-0.0122947692871094 -0.00229167938232422 0.193893432617188 0.111923217773438
-0.0027618408203125 -0.0374488830566406 -0.145034790039063 -0.16998291015625
0.0337734222412109 -0.0165424346923828 0.1024169921875 -0.312469482421875
0.0408439636230469 -0.0016937255859375 0.41656494140625 -0.256683349609375
0.00880813598632812 0.0289211273193359 0.650634765625 0.131103515625
-0.0274162292480469 0.0674247741699219 0.3624267578125 0.75909423828125
-0.0323066711425781 0.0295886993408203 -0.306884765625 0.92919921875
-0.0644111633300781 0.010284423828125 -0.62353515625 0.418701171875
-0.0540809631347656 0.0100669860839844 0.0217437744140625 0.087921142578125
-0.0281314849853516 0.0206699371337891 0.75811767578125 -0.2889404296875
-0.0182628631591797 0.0342044830322266 0.44732666015625 -0.9119873046875
-0.0243453979492188 0.0422744750976563 -0.4383544921875 -0.76287841796875
-0.00901985168457031 0.0285148620605469 -0.6597900390625 -0.065185546875
0.0232925415039063 0.0125560760498047 -0.417816162109375 0.285491943359375
0.0347747802734375 -0.0102348327636719 -0.041595458984375 0.29718017578125
-0.00616645812988281 -0.0234737396240234 0.1846923828125 0.120880126953125
-0.00242996215820313 -0.0320262908935547 -0.138229370117188 -0.17657470703125
0.0349273681640625 -0.0112285614013672 0.11883544921875 -0.31103515625
0.0386466979980469 0.000263214111328125 0.433441162109375 -0.235107421875
0.00551986694335937 0.030364990234375 0.64666748046875 0.1802978515625
-0.0315704345703125 0.0660667419433594 0.31524658203125 0.79876708984375
-0.0338878631591797 0.0274429321289062 -0.3642578125 0.91204833984375
-0.0658760070800781 0.0100135803222656 -0.61651611328125 0.3817138671875
-0.0555992126464844 0.00996780395507813 0.0736770629882813 0.0819854736328125
-0.0289764404296875 0.02069091796875 0.75616455078125 -0.338134765625
-0.0189476013183594 0.0352668762207031 0.37652587890625 -0.93402099609375
-0.0222320556640625 0.0420341491699219 -0.487548828125 -0.71453857421875
-0.00646591186523438 0.0258312225341797 -0.6546630859375 -0.0156249999999999
0.0249366760253906 0.00960922241210937 -0.395538330078125 0.307373046875
0.0357322692871094 -0.00982666015625 -0.02801513671875 0.297088623046875
-0.00642585754394531 -0.0216350555419922 0.189712524414063 0.117462158203125
-0.00183486938476562 -0.0306453704833984 -0.130340576171875 -0.182052612304687
0.0340499877929688 -0.00763130187988281 0.13568115234375 -0.307769775390625
0.0357475280761719 0.00391006469726563 0.4505615234375 -0.20733642578125
0.000352859497070314 0.0291175842285156 0.6390380859375 0.23175048828125
-0.0370140075683594 0.0590057373046875 0.26446533203125 0.83099365234375
-0.0271244049072266 0.0180320739746094 -0.4202880859375 0.89263916015625
-0.0510063171386719 0.00422286987304689 -0.6080322265625 0.34246826171875
-0.0407371520996094 0.0111770629882812 0.120559692382812 0.0742874145507813
-0.0164518356323242 0.0154104232788086 0.75115966796875 -0.38763427734375
-0.0130348205566406 0.0276927947998047 0.3065185546875 -0.94677734375
-0.0216140747070312 0.0365257263183594 -0.533935546875 -0.665771484375
-0.0105686187744141 0.0228061676025391 -0.64837646484375 0.0313110351562499
0.0256252288818359 0.00976753234863281 -0.37493896484375 0.326202392578125
0.0314655303955078 -0.00727081298828125 -0.013763427734375 0.296051025390625
-0.00971221923828125 -0.0199069976806641 0.192672729492188 0.11322021484375
-0.00343132019042969 -0.0252876281738281 -0.12371826171875 -0.185134887695313
0.0321254730224609 -0.00153923034667969 0.14794921875 -0.303985595703125
0.0311260223388672 0.00765037536621094 0.462677001953125 -0.182220458984375
-0.00888824462890625 0.027191162109375 0.6336669921875 0.27520751953125
-0.0406951904296875 0.0476188659667969 0.220458984375 0.8583984375
-0.0150718688964844 0.00285530090332031 -0.463134765625 0.8759765625
-0.025726318359375 -0.00244903564453126 -0.59600830078125 0.31427001953125
-0.0100517272949219 0.0105314254760742 0.15838623046875 0.0666656494140625
0.00229787826538086 0.00658845901489258 0.74169921875 -0.42486572265625
-0.00536060333251953 0.0151300430297852 0.25506591796875 -0.95849609375
-0.0232391357421875 0.0287914276123047 -0.56536865234375 -0.6304931640625
-0.0122337341308594 0.0223407745361328 -0.64215087890625 0.0648803710937501
0.0206432342529297 0.009521484375 -0.36151123046875 0.341156005859375
0.0287685394287109 -0.00522804260253906 -0.006683349609375 0.293182373046875
-0.00880146026611328 -0.015620231628418 0.19549560546875 0.10821533203125
-0.004547119140625 -0.0184173583984375 -0.117904663085938 -0.1845703125
0.0287227630615234 0.002197265625 0.153228759765625 -0.299468994140625
0.0254001617431641 0.0121898651123047 0.468719482421875 -0.165802001953125
-0.0165176391601563 0.0246334075927734 0.62713623046875 0.30267333984375
-0.0430831909179688 0.0324440002441406 0.19342041015625 0.87579345703125
0.00286769866943359 -0.0120420455932617 -0.48883056640625 0.8653564453125
0.0101394653320313 -0.010772705078125 -0.592041015625 0.29742431640625
0.0307407379150391 0.0113430023193359 0.179428100585937 0.058502197265625
0.0295181274414063 -0.00407218933105469 0.73822021484375 -0.44964599609375
0.00121068954467773 0.00044715404510498 0.22479248046875 -0.96435546875
-0.0278434753417969 0.0184822082519531 -0.583984375 -0.6063232421875
-0.0203037261962891 0.021331787109375 -0.64019775390625 0.0866699218750001
0.0167455673217773 0.0122509002685547 -0.35382080078125 0.34967041015625
0.0253543853759766 -0.00174140930175781 -0.001953125 0.293548583984375
-0.0114583969116211 -0.0116977691650391 0.197982788085938 0.105072021484375
-0.00818538665771485 -0.0142889022827148 -0.115966796875 -0.184494018554688
0.0257606506347656 0.00670433044433594 0.154388427734375 -0.29736328125
0.0202903747558594 0.0128326416015625 0.469970703125 -0.1585693359375
-0.0235404968261719 0.0200119018554687 0.62744140625 0.31292724609375
-0.0427970886230469 0.0216751098632813 0.18316650390625 0.8802490234375
0.0199069976806641 -0.0303573608398437 -0.497314453125 0.864013671875
0.0485382080078125 -0.0198631286621094 -0.59295654296875 0.289794921875
0.0742874145507813 0.0123672485351563 0.185333251953125 0.05517578125
0.0580062866210938 -0.0164451599121094 0.72991943359375 -0.457275390625
0.0123376846313477 -0.0163545608520508 0.20977783203125 -0.963623046875
-0.0312767028808594 0.00867271423339844 -0.58990478515625 -0.597900390625
-0.0266399383544922 0.0201473236083984 -0.6390380859375 0.094482421875
0.0121574401855469 0.0154552459716797 -0.3531494140625 0.353729248046875
0.0214710235595703 0.0006866455078125 -0.00341796874999998 0.292938232421875
-0.0125894546508789 -0.0069570541381836 0.197723388671875 0.104598999023438
-0.00818252563476563 -0.00702238082885742 -0.116806030273438 -0.183303833007813
0.0235080718994141 0.00815963745117188 0.1494140625 -0.295562744140625
0.0142555236816406 0.0141267776489258 0.469329833984375 -0.161285400390625
-0.0297069549560547 0.0171070098876953 0.629638671875 0.30615234375
-0.0429344177246094 0.00959777832031249 0.19635009765625 0.87408447265625
0.03436279296875 -0.0469512939453125 -0.4864501953125 0.8695068359375
0.0835647583007813 -0.02862548828125 -0.59820556640625 0.296142578125
0.114753723144531 0.0125961303710938 0.171798706054688 0.05450439453125
0.0853347778320312 -0.0250473022460937 0.73040771484375 -0.44500732421875
0.0216102600097656 -0.0316104888916016 0.227294921875 -0.96038818359375
-0.0350570678710938 -0.00228309631347657 -0.57940673828125 -0.60760498046875
-0.0339832305908203 0.0205364227294922 -0.64501953125 0.0839233398437501
0.00636100769042969 0.0206451416015625 -0.35968017578125 0.349700927734375
0.0194263458251953 0.00260353088378906 -0.00909423828124997 0.29351806640625
-0.011958122253418 -0.00333213806152344 0.196212768554688 0.10595703125
-0.00856351852416992 -0.0034027099609375 -0.120452880859375 -0.179855346679687
0.0206527709960938 0.00980377197265625 0.1416015625 -0.298431396484375
0.0127220153808594 0.014887809753418 0.4608154296875 -0.174652099609375
-0.0304470062255859 0.0134983062744141 0.63409423828125 0.27984619140625
-0.0421485900878906 0.00529479980468749 0.22967529296875 0.85833740234375
0.0408096313476563 -0.0577507019042969 -0.45599365234375 0.88348388671875
0.106857299804687 -0.0400161743164062 -0.60479736328125 0.31329345703125
0.149032592773438 0.0136260986328125 0.140220642089844 0.0549087524414063
0.111579895019531 -0.0317230224609375 0.7325439453125 -0.419921875
0.0335617065429688 -0.0441207885742188 0.2603759765625 -0.95526123046875
-0.0368194580078125 -0.00942993164062501 -0.56304931640625 -0.6358642578125
-0.0405998229980469 0.0196266174316406 -0.65191650390625 0.0631103515624999
0.00529289245605469 0.020965576171875 -0.375244140625 0.3455810546875
0.0172319412231445 0.00459194183349609 -0.018280029296875 0.2965087890625
-0.0132999420166016 -0.001190185546875 0.191970825195313 0.109878540039063
-0.00478363037109375 -0.0353240966796875 -0.146560668945313 -0.166854858398437
0.032989501953125 -0.0158252716064453 0.098052978515625 -0.311798095703125
0.0377159118652344 -0.00388336181640625 0.40655517578125 -0.25958251953125
0.00987434387207031 0.0296421051025391 0.64410400390625 0.12261962890625
-0.024566650390625 0.0686264038085938 0.37109375 0.7493896484375
-0.0302867889404297 0.0273933410644531 -0.2940673828125 0.92529296875
-0.0630340576171875 0.010467529296875 -0.61322021484375 0.4193115234375
-0.0547294616699219 0.0105133056640625 0.0212554931640625 0.0869674682617188
-0.0261001586914062 0.0208663940429688 0.748779296875 -0.29339599609375
-0.0178375244140625 0.0339870452880859 0.43609619140625 -0.90838623046875
-0.0224189758300781 0.0422248840332031 -0.44189453125 -0.7503662109375
-0.00884246826171875 0.0288658142089844 -0.6549072265625 -0.0570678710937501
0.0236682891845703 0.0128841400146484 -0.40869140625 0.2864990234375
0.0362319946289063 -0.00899124145507813 -0.03863525390625 0.29461669921875
-0.00645637512207031 -0.0231513977050781 0.183090209960938 0.118789672851563
-0.00421524047851563 -0.0331306457519531 -0.139373779296875 -0.17279052734375
0.0329170227050781 -0.011993408203125 0.112579345703125 -0.309722900390625
0.0373878479003906 -0.00028228759765625 0.426177978515625 -0.23626708984375
0.00455665588378906 0.0295257568359375 0.64361572265625 0.17279052734375
-0.0295257568359375 0.0656814575195313 0.32305908203125 0.78631591796875
-0.0317153930664063 0.0254993438720703 -0.34857177734375 0.9075927734375
-0.0657730102539062 0.00983428955078126 -0.605224609375 0.3836669921875
-0.0574150085449219 0.0104904174804688 0.0720977783203125 0.0777587890625
-0.028289794921875 0.0193290710449219 0.74652099609375 -0.34063720703125
-0.0171241760253906 0.033905029296875 0.36370849609375 -0.927978515625
-0.0211067199707031 0.0418472290039062 -0.49237060546875 -0.7017822265625
-0.00789833068847656 0.0268726348876953 -0.64959716796875 -0.00628662109375009
0.0244064331054687 0.0099945068359375 -0.389862060546875 0.308807373046875
0.0352058410644531 -0.00947952270507813 -0.023956298828125 0.29522705078125
-0.00702095031738281 -0.0219631195068359 0.187911987304688 0.1146240234375
-0.00488662719726562 -0.0290260314941406 -0.131820678710937 -0.178741455078125
0.0313587188720703 -0.00662422180175781 0.12823486328125 -0.308074951171875
0.0350437164306641 0.00322341918945313 0.443389892578125 -0.21142578125
-0.000528335571289063 0.0287628173828125 0.63922119140625 0.2235107421875
-0.0364341735839844 0.0577964782714844 0.27197265625 0.8201904296875
-0.0242671966552734 0.015777587890625 -0.4071044921875 0.8897705078125
-0.0509262084960938 0.00483322143554688 -0.5980224609375 0.34283447265625
-0.0406265258789063 0.0102691650390625 0.121902465820313 0.0717239379882813
-0.0183753967285156 0.0157623291015625 0.73760986328125 -0.38958740234375
-0.0121097564697266 0.0274677276611328 0.2945556640625 -0.94219970703125
-0.0199966430664063 0.0372543334960937 -0.5357666015625 -0.65472412109375
-0.00882339477539062 0.0230388641357422 -0.6436767578125 0.0380249023437501
0.0227451324462891 0.00818061828613281 -0.3682861328125 0.328582763671875
0.03094482421875 -0.00730323791503906 -0.012054443359375 0.293182373046875
-0.00895500183105469 -0.0197353363037109 0.19281005859375 0.11163330078125
-0.00449752807617188 -0.0236339569091797 -0.124252319335938 -0.182052612304687
0.0315933227539062 -0.000829696655273437 0.140594482421875 -0.303253173828125
0.0304965972900391 0.00737380981445313 0.457550048828125 -0.18646240234375
-0.00864791870117188 0.0286540985107422 0.629638671875 0.2664794921875
-0.0387420654296875 0.0454940795898437 0.2310791015625 0.8487548828125
-0.0140743255615234 0.00214767456054687 -0.4500732421875 0.872314453125
-0.0260276794433594 -0.000736236572265626 -0.58953857421875 0.31634521484375
-0.00955390930175781 0.00995635986328125 0.157135009765625 0.063262939453125
0.00243282318115234 0.00664901733398437 0.729736328125 -0.42694091796875
-0.00463676452636719 0.0161466598510742 0.24334716796875 -0.953125
-0.0228176116943359 0.0279254913330078 -0.56719970703125 -0.61773681640625
-0.0139999389648438 0.0207595825195313 -0.63739013671875 0.0717163085937501
0.0214748382568359 0.00884437561035156 -0.3519287109375 0.340576171875
0.0287303924560547 -0.005157470703125 -0.00289916992187501 0.29071044921875
-0.0116720199584961 -0.0149345397949219 0.1951904296875 0.10687255859375
-0.00535964965820312 -0.0179481506347656 -0.121185302734375 -0.182647705078125
0.0278644561767578 0.00324821472167969 0.147369384765625 -0.29974365234375
0.0254650115966797 0.0113182067871094 0.464874267578125 -0.168853759765625
-0.0177841186523438 0.0256805419921875 0.62689208984375 0.2933349609375
-0.040191650390625 0.0341110229492188 0.20220947265625 0.86676025390625
0.00287055969238281 -0.014225959777832 -0.4765625 0.8638916015625
0.00868797302246094 -0.0101642608642578 -0.58740234375 0.2989501953125
0.0286636352539063 0.0106391906738281 0.178985595703125 0.05853271484375
0.0278968811035156 -0.00494956970214844 0.7239990234375 -0.4521484375
0.0029606819152832 -0.00162959098815918 0.20928955078125 -0.95452880859375
-0.0251102447509766 0.0185432434082031 -0.58331298828125 -0.59259033203125
-0.0210399627685547 0.0203742980957031 -0.63153076171875 0.0934448242187499
0.0172548294067383 0.0125589370727539 -0.344512939453125 0.35125732421875
0.0254039764404297 -0.00275993347167969 -0.000274658203124992 0.289764404296875
-0.012629508972168 -0.0110683441162109 0.19708251953125 0.103302001953125
-0.00689029693603516 -0.0119705200195312 -0.118682861328125 -0.183242797851562
0.0241241455078125 0.00651168823242188 0.149627685546875 -0.29791259765625
0.0181808471679688 0.0124492645263672 0.464202880859375 -0.16229248046875
-0.0235767364501953 0.0204830169677734 0.62432861328125 0.30517578125
-0.0408897399902344 0.0228309631347656 0.197998046875 0.87103271484375
0.0195121765136719 -0.0306663513183594 -0.48236083984375 0.86175537109375
0.0460243225097656 -0.0194053649902344 -0.58489990234375 0.29315185546875
0.0720062255859375 0.0105056762695313 0.18389892578125 0.051910400390625
0.0564231872558594 -0.0168495178222656 0.7196044921875 -0.45953369140625
0.0122032165527344 -0.016383171081543 0.1983642578125 -0.95611572265625
-0.0303993225097656 0.00962448120117188 -0.59051513671875 -0.58563232421875
-0.0266380310058594 0.0212764739990234 -0.63287353515625 0.10174560546875
0.0128135681152344 0.0150480270385742 -0.344573974609375 0.355133056640625
0.0224018096923828 0.000307083129882812 0.000335693359375002 0.290008544921875
-0.0121841430664063 -0.0054931640625 0.196258544921875 0.103042602539063
-0.00738382339477539 -0.00749301910400391 -0.118743896484375 -0.181137084960938
0.02227783203125 0.00834846496582031 0.14544677734375 -0.297271728515625
0.0139064788818359 0.0158729553222656 0.462158203125 -0.165679931640625
-0.0276145935058594 0.0188045501708984 0.6273193359375 0.29638671875
-0.0427780151367188 0.0125160217285156 0.20709228515625 0.8648681640625
0.0335731506347656 -0.0461044311523438 -0.470703125 0.86737060546875
0.0809860229492188 -0.0299301147460938 -0.58917236328125 0.29840087890625
0.114013671875 0.0136032104492188 0.170730590820313 0.0522308349609375
0.0855636596679688 -0.027984619140625 0.718017578125 -0.44927978515625
0.0228080749511719 -0.0325489044189453 0.21319580078125 -0.95355224609375
-0.0342979431152344 -0.00103950500488281 -0.581787109375 -0.59539794921875
-0.0346183776855469 0.0209598541259766 -0.635986328125 0.09197998046875
0.00763511657714844 0.0185146331787109 -0.352569580078125 0.3521728515625
0.0185661315917969 0.00197219848632813 -0.00445556640624999 0.292266845703125
-0.013361930847168 -0.00322723388671875 0.195693969726563 0.1048583984375
-0.00972366333007812 -0.00501632690429688 -0.122482299804688 -0.178131103515625
0.0202808380126953 0.00912666320800781 0.13519287109375 -0.299163818359375
0.0113067626953125 0.0142745971679688 0.45477294921875 -0.177886962890625
-0.0304336547851562 0.0162124633789063 0.63409423828125 0.27008056640625
-0.0425491333007812 0.00572586059570312 0.23883056640625 0.8475341796875
0.0417938232421875 -0.05731201171875 -0.43780517578125 0.8782958984375
0.104354858398437 -0.0404739379882812 -0.59686279296875 0.315673828125
0.145919799804688 0.0117340087890625 0.141082763671875 0.053680419921875
0.110038757324219 -0.0333023071289063 0.72021484375 -0.42291259765625
0.0334625244140625 -0.0445747375488281 0.24737548828125 -0.94970703125
-0.0361442565917969 -0.00888824462890626 -0.56353759765625 -0.62188720703125
-0.0395050048828125 0.0194129943847656 -0.6458740234375 0.0709838867187499
0.0054931640625 0.0201072692871094 -0.3663330078125 0.34576416015625
0.016047477722168 0.00397872924804688 -0.014617919921875 0.294708251953125
-0.0123729705810547 -0.000463485717773435 0.193283081054688 0.10723876953125
-0.00570106506347656 -0.0330715179443359 -0.1473388671875 -0.166976928710938
0.0297622680664063 -0.0156726837158203 0.09442138671875 -0.310455322265625
0.0372428894042969 -0.0044097900390625 0.400482177734375 -0.260498046875
0.00919723510742188 0.0291824340820313 0.64178466796875 0.114990234375
-0.0219039916992187 0.0673065185546875 0.37738037109375 0.73828125
-0.0293006896972656 0.0267772674560547 -0.2821044921875 0.91851806640625
-0.0645713806152344 0.00948333740234374 -0.60382080078125 0.4195556640625
-0.054534912109375 0.0107269287109375 0.0221405029296875 0.0862274169921875
-0.0265350341796875 0.0194377899169922 0.7369384765625 -0.29510498046875
-0.015533447265625 0.0336894989013672 0.42156982421875 -0.904541015625
-0.0218849182128906 0.0426025390625 -0.4442138671875 -0.73858642578125
-0.00794601440429688 0.0286941528320313 -0.64813232421875 -0.0499267578124999
0.0215225219726563 0.0120353698730469 -0.4029541015625 0.290313720703125
0.0346908569335938 -0.00966835021972656 -0.034637451171875 0.29376220703125
-0.0078125 -0.0240497589111328 0.181381225585938 0.115859985351563
-0.00408554077148437 -0.0334262847900391 -0.13916015625 -0.169937133789062
0.0316791534423828 -0.0120372772216797 0.1102294921875 -0.3095703125
0.037109375 0.000301361083984375 0.419158935546875 -0.238311767578125
0.00419044494628906 0.0296859741210938 0.6402587890625 0.16607666015625
-0.0297126770019531 0.0644340515136719 0.33056640625 0.77703857421875
-0.0281429290771484 0.0244274139404297 -0.336181640625 0.90185546875
-0.0675086975097656 0.0111656188964844 -0.59765625 0.38311767578125
-0.0581817626953125 0.0105133056640625 0.0724868774414063 0.0778350830078125
-0.0298080444335938 0.0204429626464844 0.7359619140625 -0.343017578125
-0.0159702301025391 0.0336780548095703 0.35455322265625 -0.920166015625
-0.0196418762207031 0.0422477722167969 -0.49261474609375 -0.69189453125
-0.00720596313476563 0.0256061553955078 -0.6444091796875 -0.000122070312500089
0.0237483978271484 0.00991630554199219 -0.381439208984375 0.309600830078125
0.0326824188232422 -0.0109214782714844 -0.0206298828125 0.29400634765625
-0.00762748718261718 -0.0205287933349609 0.188323974609375 0.112014770507812
-0.0045318603515625 -0.0290374755859375 -0.132949829101563 -0.177459716796875
0.0313072204589844 -0.00702667236328125 0.12261962890625 -0.305999755859375
0.0330047607421875 0.0030670166015625 0.435028076171875 -0.213897705078125
-0.001861572265625 0.0290851593017578 0.63665771484375 0.21575927734375
-0.0325202941894531 0.0580558776855469 0.27935791015625 0.8109130859375
-0.0253639221191406 0.0145111083984375 -0.393798828125 0.88482666015625
-0.0518302917480469 0.00530624389648438 -0.589599609375 0.3446044921875
-0.041534423828125 0.0109329223632813 0.119033813476563 0.06787109375
-0.0169811248779297 0.0148534774780273 0.72900390625 -0.39117431640625
-0.0106601715087891 0.0265789031982422 0.28564453125 -0.93585205078125
-0.0205879211425781 0.0357513427734375 -0.53717041015625 -0.64337158203125
-0.00848770141601563 0.0234699249267578 -0.6351318359375 0.0410766601562501
0.0235710144042969 0.00818061828613281 -0.361236572265625 0.3309326171875
0.0303096771240234 -0.00800132751464844 -0.00970458984374999 0.29083251953125
-0.0101184844970703 -0.0188694000244141 0.191543579101562 0.108139038085937
-0.00480842590332031 -0.0241146087646484 -0.125259399414063 -0.180572509765625
0.0294551849365234 -0.00121688842773437 0.136199951171875 -0.301727294921875
0.0304450988769531 0.00736236572265625 0.4486083984375 -0.19000244140625
-0.00849533081054687 0.0282382965087891 0.629638671875 0.25897216796875
-0.037445068359375 0.0462188720703125 0.23699951171875 0.83978271484375
-0.0136337280273438 0.000983238220214845 -0.43365478515625 0.86871337890625
-0.0276870727539063 -0.00123023986816407 -0.58074951171875 0.318603515625
-0.0111484527587891 0.0114593505859375 0.15582275390625 0.062255859375
0.00195455551147461 0.00625085830688476 0.71893310546875 -0.42767333984375
-0.00286388397216797 0.0143508911132813 0.2330322265625 -0.94256591796875
-0.0206890106201172 0.0292892456054688 -0.56640625 -0.6083984375
-0.0135478973388672 0.0216026306152344 -0.63006591796875 0.077392578125
0.0191841125488281 0.00889396667480469 -0.346221923828125 0.343475341796875
0.0275306701660156 -0.00583076477050781 -0.000885009765625011 0.28814697265625
-0.0135478973388672 -0.0144138336181641 0.193435668945313 0.104171752929688
-0.00619888305664063 -0.0185222625732422 -0.120025634765625 -0.182708740234375
0.0282192230224609 0.002838134765625 0.143768310546875 -0.29931640625
0.02374267578125 0.0117778778076172 0.456939697265625 -0.172607421875
-0.0158863067626953 0.0252361297607422 0.624267578125 0.28778076171875
-0.0406455993652344 0.0332870483398438 0.2117919921875 0.85479736328125
0.00429916381835938 -0.0145645141601563 -0.46282958984375 0.8599853515625
0.00736045837402344 -0.010218620300293 -0.5784912109375 0.3006591796875
0.0277233123779297 0.0112800598144531 0.177352905273438 0.0543212890625
0.0281028747558594 -0.00446510314941406 0.71319580078125 -0.4539794921875
0.00304889678955078 -0.000259160995483398 0.20166015625 -0.9473876953125
-0.0247154235839844 0.0181980133056641 -0.58526611328125 -0.5821533203125
-0.019622802734375 0.0209407806396484 -0.62530517578125 0.0985717773437499
0.0159120559692383 0.0116291046142578 -0.3367919921875 0.350372314453125
0.0237693786621094 -0.0035858154296875 0.00238037109375 0.287872314453125
-0.0132904052734375 -0.0097036361694336 0.194580078125 0.0994415283203125
-0.00749397277832032 -0.0115299224853516 -0.11907958984375 -0.182342529296875
0.0247173309326172 0.00640678405761719 0.144256591796875 -0.29638671875
0.0179481506347656 0.0126190185546875 0.459747314453125 -0.164215087890625
-0.0236167907714844 0.0207042694091797 0.62310791015625 0.2967529296875
-0.0408287048339844 0.020660400390625 0.20233154296875 0.86181640625
0.0199222564697266 -0.03131103515625 -0.469970703125 0.857177734375
0.04461669921875 -0.0189399719238281 -0.57623291015625 0.2933349609375
0.0693511962890625 0.0110664367675781 0.181991577148438 0.0489501953125
0.0558242797851563 -0.0165596008300781 0.70880126953125 -0.4603271484375
0.0119495391845703 -0.0176448822021484 0.18963623046875 -0.94873046875
-0.0286712646484375 0.00850486755371094 -0.59039306640625 -0.5723876953125
-0.0272254943847656 0.0203819274902344 -0.62451171875 0.107177734375
0.0124025344848633 0.0148324966430664 -0.337005615234375 0.355712890625
0.0198001861572266 0.00120925903320313 0.00244140625 0.28753662109375
-0.0127754211425781 -0.00521183013916016 0.195526123046875 0.101242065429687
-0.00869417190551758 -0.00786066055297852 -0.11895751953125 -0.17987060546875
0.0219764709472656 0.00948715209960938 0.141571044921875 -0.29510498046875
0.0136251449584961 0.0152854919433594 0.456512451171875 -0.1678466796875
-0.0268917083740234 0.0190715789794922 0.624755859375 0.2889404296875
-0.0417404174804688 0.012176513671875 0.215087890625 0.85382080078125
0.0343704223632813 -0.0471153259277344 -0.459716796875 0.86102294921875
0.0783157348632813 -0.0292587280273438 -0.57965087890625 0.29949951171875
0.111083984375 0.0112991333007813 0.1697998046875 0.048583984375
0.0829315185546875 -0.0267410278320312 0.7088623046875 -0.44976806640625
0.0227813720703125 -0.03155517578125 0.203857421875 -0.94708251953125
-0.0317821502685547 9.34600830078108E-05 -0.58282470703125 -0.58331298828125
-0.0333461761474609 0.0221748352050781 -0.627685546875 0.0976562500000001
0.00735855102539063 0.0185832977294922 -0.345306396484375 0.35443115234375
0.0190982818603516 0.00346565246582031 -0.00201416015624999 0.288299560546875
-0.0137672424316406 -0.00146865844726563 0.192581176757812 0.102340698242188
-0.0096578598022461 -0.00343704223632813 -0.122390747070312 -0.176681518554688
0.0190372467041016 0.0088043212890625 0.131439208984375 -0.297454833984375
0.011845588684082 0.0130958557128906 0.448486328125 -0.18096923828125
-0.0307731628417969 0.0181427001953125 0.63037109375 0.260986328125
-0.0404777526855469 0.00510406494140624 0.24591064453125 0.8370361328125
0.0395851135253906 -0.0582656860351562 -0.42559814453125 0.8721923828125
0.101127624511719 -0.0402297973632813 -0.5892333984375 0.316162109375
0.142608642578125 0.0100555419921875 0.139045715332031 0.0509109497070312
0.109725952148437 -0.0336837768554687 0.7109375 -0.42498779296875
0.0324172973632813 -0.0433349609375 0.23797607421875 -0.94091796875
-0.0346660614013672 -0.00911331176757813 -0.5640869140625 -0.61199951171875
-0.0386314392089844 0.0193595886230469 -0.6376953125 0.0751953125
0.005584716796875 0.0209178924560547 -0.358612060546875 0.34637451171875
0.0176563262939453 0.00161933898925781 -0.012939453125 0.292083740234375
-0.0126771926879883 -0.000771522521972657 0.191009521484375 0.105377197265625
-0.00666999816894532 -0.0331172943115234 -0.146499633789063 -0.164260864257812
0.0301303863525391 -0.0155620574951172 0.0897216796875 -0.309051513671875
0.0361289978027344 -0.00501632690429687 0.3951416015625 -0.2601318359375
0.00832748413085938 0.0285167694091797 0.634765625 0.1103515625
-0.0216102600097656 0.0660667419433594 0.38104248046875 0.72857666015625
-0.0286026000976563 0.0251083374023437 -0.27081298828125 0.91204833984375
-0.0638580322265625 0.0120391845703125 -0.59552001953125 0.42034912109375
-0.054962158203125 0.0114517211914063 0.0220565795898438 0.0847091674804687
-0.0260429382324219 0.0202560424804687 0.72576904296875 -0.29620361328125
-0.0140724182128906 0.0329151153564453 0.41326904296875 -0.89678955078125
-0.0199623107910156 0.0419807434082031 -0.44635009765625 -0.728271484375
-0.00740623474121093 0.0284843444824219 -0.64263916015625 -0.0447998046875
0.0222892761230469 0.0108871459960937 -0.395751953125 0.288970947265625
0.03533935546875 -0.0115432739257812 -0.031524658203125 0.290985107421875
-0.00709724426269531 -0.0227279663085938 0.180770874023438 0.113357543945312
-0.00576972961425781 -0.032501220703125 -0.140701293945313 -0.170867919921875
0.0309047698974609 -0.0116481781005859 0.105621337890625 -0.30804443359375
0.0354881286621094 -0.000263214111328125 0.41326904296875 -0.238922119140625
0.00441360473632813 0.0306186676025391 0.63482666015625 0.160888671875
-0.0261993408203125 0.0640792846679688 0.33367919921875 0.76788330078125
-0.0298309326171875 0.0235366821289063 -0.32904052734375 0.89599609375
-0.0662498474121094 0.010772705078125 -0.59173583984375 0.3829345703125
-0.0574111938476563 0.0109062194824219 0.0711746215820313 0.0752334594726563
-0.0272178649902344 0.0200233459472656 0.7252197265625 -0.34442138671875
-0.0142822265625 0.0329036712646484 0.34429931640625 -0.9151611328125
-0.0186309814453125 0.0412330627441406 -0.49261474609375 -0.68243408203125
-0.00763511657714844 0.026947021484375 -0.63677978515625 0.00360107421875014
0.0237274169921875 0.00868606567382813 -0.375701904296875 0.31085205078125
0.0332412719726563 -0.0101318359375 -0.01873779296875 0.289276123046875
-0.00901985168457031 -0.0200214385986328 0.18499755859375 0.110061645507813
-0.00510787963867187 -0.0286598205566406 -0.132904052734375 -0.17498779296875
0.0298480987548828 -0.0072784423828125 0.120086669921875 -0.30572509765625
0.0326194763183594 0.00325393676757813 0.429595947265625 -0.213623046875
-0.00155448913574219 0.0288124084472656 0.63189697265625 0.21099853515625
-0.0322227478027344 0.0584030151367187 0.2852783203125 0.80120849609375
-0.0239734649658203 0.0145893096923828 -0.3831787109375 0.8790283203125
-0.0528984069824219 0.007232666015625 -0.5826416015625 0.34356689453125
-0.0412063598632812 0.0114021301269531 0.119430541992187 0.0675201416015625
-0.0165081024169922 0.0154914855957031 0.71734619140625 -0.390380859375
-0.0110073089599609 0.0258579254150391 0.27880859375 -0.92901611328125
-0.0177803039550781 0.0357513427734375 -0.5345458984375 -0.6341552734375
-0.00790214538574219 0.0227165222167969 -0.6300048828125 0.046875
0.0237751007080078 0.00840377807617188 -0.354522705078125 0.32879638671875
0.0309906005859375 -0.0103302001953125 -0.00576782226562497 0.287139892578125
-0.0112314224243164 -0.0175189971923828 0.189041137695313 0.108200073242187
-0.00650405883789062 -0.0226726531982422 -0.127197265625 -0.178970336914062
0.0292282104492187 -0.000112533569335937 0.1326904296875 -0.301605224609375
0.0290985107421875 0.00759124755859375 0.44378662109375 -0.189910888671875
-0.00786209106445313 0.0286235809326172 0.6243896484375 0.2542724609375
-0.0364646911621094 0.0468902587890625 0.241943359375 0.83062744140625
-0.0122833251953125 0.000235557556152343 -0.4251708984375 0.86199951171875
-0.0282649993896484 -0.00140762329101562 -0.57415771484375 0.3173828125
-0.0114593505859375 0.0118284225463867 0.154525756835938 0.0595855712890625
0.00269460678100586 0.00544357299804688 0.71112060546875 -0.4295654296875
-0.00371646881103516 0.0148811340332031 0.22479248046875 -0.9371337890625
-0.0203456878662109 0.0294532775878906 -0.56475830078125 -0.59674072265625
-0.0126304626464844 0.0227546691894531 -0.62261962890625 0.0816650390624999
0.0205516815185547 0.00859451293945313 -0.3414306640625 0.3406982421875
0.0274429321289062 -0.00830268859863281 0.00125122070312502 0.2867431640625
-0.012700080871582 -0.0134344100952148 0.191970825195313 0.101699829101563
-0.00671958923339844 -0.015965461730957 -0.121429443359375 -0.181167602539063
0.0270824432373047 0.00325393676757813 0.138885498046875 -0.298309326171875
0.0226726531982422 0.0103225708007813 0.452545166015625 -0.173065185546875
-0.0150432586669922 0.0260219573974609 0.6214599609375 0.2803955078125
-0.0389060974121094 0.0323104858398437 0.21875 0.8455810546875
0.00330162048339844 -0.0155773162841797 -0.4537353515625 0.85302734375
0.00604438781738281 -0.0099639892578125 -0.572021484375 0.30072021484375
0.0264339447021484 0.0114517211914063 0.175216674804688 0.05267333984375
0.0280666351318359 -0.00522613525390625 0.7047119140625 -0.4510498046875
0.00507831573486328 -0.00211000442504883 0.19390869140625 -0.9398193359375
-0.023895263671875 0.0186576843261719 -0.58282470703125 -0.5731201171875
-0.0201950073242188 0.0225429534912109 -0.61773681640625 0.102294921875
0.0156326293945313 0.0113582611083984 -0.33099365234375 0.3514404296875
0.0240058898925781 -0.00492477416992188 0.00402832031250001 0.28509521484375
-0.0136728286743164 -0.00921154022216797 0.193084716796875 0.0999755859375
-0.0100221633911133 -0.00998973846435547 -0.119781494140625 -0.179473876953125
0.0231113433837891 0.00588035583496094 0.139984130859375 -0.296478271484375
0.0181980133056641 0.0120162963867188 0.45501708984375 -0.165863037109375
-0.0234813690185547 0.0219097137451172 0.6219482421875 0.288330078125
-0.0380630493164063 0.020172119140625 0.20892333984375 0.85162353515625
0.0185890197753906 -0.0323657989501953 -0.45989990234375 0.8497314453125
0.041839599609375 -0.0183563232421875 -0.57049560546875 0.2930908203125
0.0686492919921875 0.00987625122070313 0.178817749023438 0.048431396484375
0.0545501708984375 -0.016845703125 0.69775390625 -0.4588623046875
0.0128002166748047 -0.0176448822021484 0.1806640625 -0.9417724609375
-0.0280513763427734 0.0101356506347656 -0.589111328125 -0.5643310546875
-0.0266094207763672 0.0208778381347656 -0.6187744140625 0.10992431640625
0.0114994049072266 0.013789176940918 -0.330108642578125 0.355712890625
0.02044677734375 -0.00109672546386719 0.00335693359375003 0.285430908203125
-0.0129890441894531 -0.00367355346679688 0.194320678710938 0.0993499755859375
-0.010462760925293 -0.00548171997070312 -0.120101928710937 -0.179290771484375
0.0208892822265625 0.00898551940917969 0.1365966796875 -0.294647216796875
0.0114898681640625 0.01556396484375 0.45098876953125 -0.170257568359375
-0.0280189514160156 0.0195960998535156 0.622802734375 0.28192138671875
-0.0404396057128906 0.0108070373535156 0.2216796875 0.84521484375
0.03277587890625 -0.0474205017089844 -0.44793701171875 0.8565673828125
0.0762939453125 -0.0304794311523438 -0.576171875 0.29925537109375
0.107597351074219 0.010009765625 0.164794921875 0.047515869140625
0.0844802856445312 -0.0268783569335937 0.69842529296875 -0.448974609375
0.0229969024658203 -0.0325927734375 0.19488525390625 -0.937744140625
-0.0337505340576172 -0.00039863586425781 -0.58197021484375 -0.5740966796875
-0.0328350067138672 0.0206718444824219 -0.622802734375 0.10107421875
0.00816726684570313 0.0178718566894531 -0.337921142578125 0.35162353515625
0.0168209075927734 0.00189876556396484 -0.000976562500000007 0.287841796875
-0.0144548416137695 -0.000732421875000001 0.191436767578125 0.09979248046875
-0.0109663009643555 -0.00201702117919922 -0.122039794921875 -0.17535400390625
0.0176734924316406 0.00979232788085938 0.126312255859375 -0.296966552734375
0.0110836029052734 0.0147247314453125 0.444427490234375 -0.182281494140625
-0.0309772491455078 0.0175075531005859 0.62957763671875 0.2548828125
-0.0391197204589844 0.00542068481445312 0.25146484375 0.8297119140625
0.0398635864257813 -0.0583572387695313 -0.416015625 0.86968994140625
0.09844970703125 -0.038818359375 -0.5836181640625 0.317138671875
0.141494750976562 0.010772705078125 0.136016845703125 0.0483016967773438
0.109153747558594 -0.0335311889648438 0.702392578125 -0.4239501953125
0.0332908630371094 -0.0444297790527344 0.231201171875 -0.93475341796875
-0.0342025756835938 -0.00885391235351563 -0.56427001953125 -0.6007080078125
-0.0379104614257812 0.0209579467773438 -0.63031005859375 0.08001708984375
0.00335311889648438 0.0199604034423828 -0.352935791015625 0.3472900390625
0.0156927108764648 0.00401020050048828 -0.01019287109375 0.290679931640625
-0.0142993927001953 0.00197601318359375 0.188796997070313 0.103988647460938
-0.00822067260742187 -0.0318183898925781 -0.148529052734375 -0.162261962890625
0.0296916961669922 -0.0155105590820313 0.087615966796875 -0.308135986328125
0.0352706909179688 -0.00341415405273438 0.39013671875 -0.26220703125
0.00683403015136718 0.0305423736572266 0.6329345703125 0.10736083984375
-0.0208702087402344 0.0648689270019531 0.381103515625 0.72113037109375
-0.0282917022705078 0.0251617431640625 -0.26324462890625 0.9034423828125
-0.0651092529296875 0.0118522644042969 -0.5892333984375 0.4178466796875
-0.0546684265136719 0.0115699768066406 0.020263671875 0.0808792114257812
-0.0255699157714844 0.0205821990966797 0.72064208984375 -0.29644775390625
-0.0134830474853516 0.0323505401611328 0.4063720703125 -0.89093017578125
-0.0193023681640625 0.0411949157714844 -0.44683837890625 -0.7208251953125
-0.00873374938964844 0.0293598175048828 -0.6376953125 -0.0404663085937501
0.0227279663085938 0.0107784271240234 -0.392333984375 0.28924560546875
0.0333213806152344 -0.0109767913818359 -0.03131103515625 0.289459228515625
-0.00654411315917969 -0.0191764831542969 0.17803955078125 0.112167358398438
-0.00713348388671875 -0.0324287414550781 -0.140823364257813 -0.168655395507813
0.0313167572021484 -0.0110797882080078 0.101226806640625 -0.30633544921875
0.0335159301757813 -0.0010986328125 0.407958984375 -0.241363525390625
0.00374984741210938 0.0309257507324219 0.6326904296875 0.15618896484375
-0.0252532958984375 0.063201904296875 0.3382568359375 0.75994873046875
-0.0294570922851563 0.0220069885253906 -0.32012939453125 0.8892822265625
-0.0673866271972656 0.0112953186035156 -0.583740234375 0.37872314453125
-0.0579910278320313 0.0112991333007813 0.07073974609375 0.0724411010742188
-0.0269031524658203 0.0190048217773437 0.7186279296875 -0.3433837890625
-0.0134677886962891 0.0320339202880859 0.337646484375 -0.90826416015625
-0.0165443420410156 0.0424423217773438 -0.49267578125 -0.6737060546875
-0.00580978393554688 0.0259971618652344 -0.6307373046875 0.00677490234375
0.0240402221679688 0.00915718078613281 -0.3685302734375 0.308990478515625
0.0332717895507813 -0.0112075805664062 -0.017547607421875 0.2867431640625
-0.00990867614746093 -0.0198516845703125 0.18115234375 0.108673095703125
-0.0065460205078125 -0.02685546875 -0.134536743164063 -0.1739501953125
0.0291957855224609 -0.00613975524902344 0.115814208984375 -0.304412841796875
0.0308036804199219 0.0038604736328125 0.423828125 -0.21533203125
-0.00116729736328125 0.0305805206298828 0.62738037109375 0.20660400390625
-0.0311927795410156 0.0564041137695313 0.28741455078125 0.79400634765625
-0.0225543975830078 0.0143394470214844 -0.37420654296875 0.8724365234375
-0.0549659729003906 0.00847625732421874 -0.57733154296875 0.34661865234375
-0.0408287048339844 0.0109672546386719 0.118255615234375 0.0642776489257813
-0.0166006088256836 0.0153493881225586 0.71038818359375 -0.39117431640625
-0.00981521606445312 0.0264930725097656 0.2694091796875 -0.920654296875
-0.0174102783203125 0.0358352661132812 -0.5350341796875 -0.62481689453125
-0.00743865966796875 0.0240211486816406 -0.62298583984375 0.0528564453124999
0.0230541229248047 0.00636100769042969 -0.351043701171875 0.327545166015625
0.0299320220947266 -0.00974082946777344 -0.00506591796874998 0.285888671875
-0.0105810165405273 -0.0170021057128906 0.186935424804687 0.105377197265625
-0.00674819946289063 -0.0201454162597656 -0.126815795898437 -0.177505493164063
0.0276393890380859 -0.00136375427246094 0.130615234375 -0.299835205078125
0.028289794921875 0.00701713562011719 0.439178466796875 -0.194580078125
-0.010223388671875 0.0282554626464844 0.6239013671875 0.24798583984375
-0.0351181030273438 0.0451393127441406 0.24725341796875 0.8211669921875
-0.0128364562988281 0.000796318054199216 -0.41546630859375 0.85791015625
-0.0292205810546875 0.000385284423828128 -0.5677490234375 0.3148193359375
-0.0126800537109375 0.0114974975585938 0.152450561523438 0.0576324462890625
0.00377082824707031 0.00556182861328125 0.70263671875 -0.42706298828125
-0.00327968597412109 0.0144453048706055 0.2183837890625 -0.92877197265625
-0.0189056396484375 0.0282821655273438 -0.56353759765625 -0.58868408203125
-0.0133857727050781 0.0217266082763672 -0.6153564453125 0.0853271484374999
0.0209026336669922 0.00827789306640625 -0.335205078125 0.341156005859375
0.0268611907958984 -0.00836372375488281 0.00296020507812503 0.285430908203125
-0.0129919052124023 -0.0127134323120117 0.191574096679687 0.101837158203125
-0.00921344757080078 -0.0152215957641602 -0.121246337890625 -0.179473876953125
0.0241374969482422 0.0031585693359375 0.13519287109375 -0.297637939453125
0.023162841796875 0.0104503631591797 0.446197509765625 -0.175262451171875
-0.0170516967773437 0.026458740234375 0.6197509765625 0.27484130859375
-0.0357093811035156 0.0321426391601563 0.22100830078125 0.83953857421875
0.00327205657958984 -0.017247200012207 -0.442138671875 0.8470458984375
0.00363540649414063 -0.0101413726806641 -0.564697265625 0.29803466796875
0.0253047943115234 0.0107898712158203 0.173721313476563 0.0507049560546875
0.0274562835693359 -0.00525474548339844 0.6956787109375 -0.448486328125
0.00506114959716797 -0.00101232528686523 0.18701171875 -0.931884765625
-0.0234127044677734 0.0201606750488281 -0.57977294921875 -0.56329345703125
-0.0183925628662109 0.0210647583007813 -0.6123046875 0.10498046875
0.0151386260986328 0.0113334655761719 -0.327789306640625 0.349884033203125
0.0229873657226563 -0.00434494018554688 0.004425048828125 0.28399658203125
-0.0151739120483398 -0.00847053527832031 0.192169189453125 0.099273681640625
-0.00865650177001953 -0.0106868743896484 -0.119705200195312 -0.179763793945313
0.0225486755371094 0.00623703002929687 0.137451171875 -0.294769287109375
0.0181884765625 0.0131702423095703 0.4495849609375 -0.16632080078125
-0.0237808227539063 0.0224266052246094 0.61907958984375 0.28369140625
-0.0372314453125 0.0210418701171875 0.21368408203125 0.84393310546875
0.020599365234375 -0.0340137481689453 -0.451171875 0.84600830078125
0.04095458984375 -0.0172080993652344 -0.56591796875 0.29168701171875
0.0671577453613281 0.0110511779785156 0.177764892578125 0.0465087890625
0.0545463562011719 -0.0181007385253906 0.68988037109375 -0.45703125
0.0154628753662109 -0.0175561904907227 0.1749267578125 -0.9320068359375
-0.0282058715820313 0.00865936279296875 -0.586669921875 -0.5555419921875
-0.0253200531005859 0.0219745635986328 -0.61083984375 0.11279296875
0.011693000793457 0.0141458511352539 -0.325836181640625 0.3529052734375
0.0201320648193359 -0.00135040283203125 0.00445556640625002 0.28314208984375
-0.0140857696533203 -0.00424671173095703 0.19207763671875 0.097686767578125
-0.0109338760375977 -0.00545120239257812 -0.121841430664062 -0.177017211914063
0.0194015502929688 0.00872993469238281 0.132568359375 -0.293060302734375
0.0139484405517578 0.014988899230957 0.445068359375 -0.1707763671875
-0.02899169921875 0.0197010040283203 0.6212158203125 0.27496337890625
-0.0389328002929688 0.0128288269042969 0.2254638671875 0.83673095703125
0.0336227416992188 -0.0492515563964844 -0.437744140625 0.85101318359375
0.074676513671875 -0.0282821655273437 -0.56927490234375 0.299560546875
0.107261657714844 0.0093994140625 0.16436767578125 0.044342041015625
0.081756591796875 -0.0269012451171875 0.68994140625 -0.44720458984375
0.0227069854736328 -0.0325393676757813 0.18988037109375 -0.93048095703125
-0.0319404602050781 0.000347137451171869 -0.57904052734375 -0.5673828125
-0.0319042205810547 0.0208168029785156 -0.616455078125 0.1063232421875
0.00877666473388672 0.0165891647338867 -0.33154296875 0.351287841796875
0.0187778472900391 0.00067901611328125 0.000244140624999983 0.285400390625
-0.0129022598266602 -0.000165939331054686 0.190536499023438 0.099700927734375
-0.0127801895141602 -0.00259780883789063 -0.124282836914063 -0.173751831054687
0.0181255340576172 0.00955772399902344 0.123870849609375 -0.296142578125
0.00987052917480469 0.0145683288574219 0.43890380859375 -0.1845703125
-0.0307464599609375 0.0175666809082031 0.6251220703125 0.24993896484375
-0.0400009155273438 0.00550460815429687 0.25543212890625 0.8203125
0.0398292541503906 -0.0603485107421875 -0.40740966796875 0.8609619140625
0.097869873046875 -0.0395660400390625 -0.57659912109375 0.31591796875
0.13818359375 0.0091552734375 0.135589599609375 0.0473861694335938
0.106781005859375 -0.03399658203125 0.69342041015625 -0.423095703125
0.031646728515625 -0.0428886413574219 0.224853515625 -0.9266357421875
-0.0324840545654297 -0.00911712646484374 -0.561767578125 -0.5909423828125
-0.0380134582519531 0.0209884643554688 -0.6243896484375 0.08319091796875
0.0035247802734375 0.021240234375 -0.347198486328125 0.344451904296875
0.0151424407958984 0.0031890869140625 -0.00811767578124997 0.287689208984375
-0.0154190063476563 0.00290966033935547 0.188461303710938 0.103836059570313
-0.00887107849121093 -0.0308933258056641 -0.147216796875 -0.161697387695313
0.0295066833496094 -0.01513671875 0.084503173828125 -0.307403564453125
0.0338211059570313 -0.00429916381835938 0.386260986328125 -0.261016845703125
0.00755882263183594 0.0301322937011719 0.6309814453125 0.1048583984375
-0.019287109375 0.0649986267089844 0.384033203125 0.713134765625
-0.0271434783935547 0.0232372283935547 -0.2603759765625 0.89971923828125
-0.0643463134765625 0.0124473571777344 -0.58453369140625 0.41510009765625
-0.0559959411621094 0.0127372741699219 0.0215301513671875 0.0804672241210937
-0.0251007080078125 0.0192546844482422 0.7132568359375 -0.29437255859375
-0.0126438140869141 0.0312385559082031 0.40081787109375 -0.88690185546875
-0.0180473327636719 0.0420188903808594 -0.44378662109375 -0.7138671875
-0.00758743286132813 0.0303115844726563 -0.633056640625 -0.0386962890624999
0.0225582122802734 0.0105228424072266 -0.3861083984375 0.287994384765625
0.0347843170166016 -0.0128917694091797 -0.031341552734375 0.287567138671875
-0.00881195068359375 -0.0197811126708984 0.175491333007813 0.1124267578125
-0.00794601440429687 -0.0294361114501953 -0.142074584960938 -0.168380737304688
0.0292243957519531 -0.0116043090820313 0.10028076171875 -0.306182861328125
0.0333938598632813 -0.00155258178710938 0.403045654296875 -0.23907470703125
0.00426292419433594 0.0313606262207031 0.62872314453125 0.15411376953125
-0.0257072448730469 0.0618934631347656 0.339599609375 0.7550048828125
-0.0280570983886719 0.0214214324951172 -0.3116455078125 0.88287353515625
-0.0673446655273437 0.0130233764648438 -0.57916259765625 0.37994384765625
-0.0600662231445312 0.0113372802734375 0.0691070556640625 0.0750579833984375
-0.027069091796875 0.0186729431152344 0.70965576171875 -0.34246826171875
-0.0132904052734375 0.0326042175292969 0.3333740234375 -0.901611328125
-0.0159988403320313 0.0419654846191406 -0.49078369140625 -0.66607666015625
-0.00591468811035156 0.0273590087890625 -0.62750244140625 0.00933837890625006
0.0241146087646484 0.00906181335449219 -0.365814208984375 0.309173583984375
0.0331001281738281 -0.0122566223144531 -0.017181396484375 0.28564453125
-0.0113639831542969 -0.0198020935058594 0.18243408203125 0.10833740234375
-0.00758934020996094 -0.026641845703125 -0.134078979492188 -0.173675537109375
0.0307083129882813 -0.00652503967285156 0.114837646484375 -0.304931640625
0.0304527282714844 0.00381851196289063 0.4195556640625 -0.214508056640625
-0.00196647644042969 0.0307598114013672 0.6258544921875 0.20196533203125
-0.0301933288574219 0.0550155639648437 0.2901611328125 0.7864990234375
-0.0222930908203125 0.0121688842773437 -0.3680419921875 0.86566162109375
-0.053985595703125 0.00703430175781249 -0.57122802734375 0.34228515625
-0.0439910888671875 0.0119667053222656 0.116455078125 0.0638427734375
-0.0153360366821289 0.0145111083984375 0.704833984375 -0.3890380859375
-0.00803565979003906 0.0261020660400391 0.265625 -0.914794921875
-0.0164642333984375 0.0377120971679688 -0.530029296875 -0.61865234375
-0.00890922546386719 0.0241775512695313 -0.61700439453125 0.052978515625
0.0216274261474609 0.00760650634765625 -0.343353271484375 0.32647705078125
0.0300178527832031 -0.00989151000976563 -0.00476074218750003 0.285430908203125
-0.0118341445922852 -0.0147085189819336 0.185684204101563 0.104827880859375
-0.00898551940917969 -0.0196590423583984 -0.126541137695312 -0.177642822265625
0.0270595550537109 -0.00183486938476563 0.125244140625 -0.30023193359375
0.0266647338867188 0.008544921875 0.434722900390625 -0.19378662109375
-0.00931358337402344 0.0289077758789063 0.61883544921875 0.244384765625
-0.0338973999023438 0.044769287109375 0.24908447265625 0.81378173828125
-0.00953102111816406 -0.00130653381347656 -0.409423828125 0.85150146484375
-0.0285301208496094 -0.000558853149414065 -0.56549072265625 0.3170166015625
-0.0136890411376953 0.0124588012695313 0.149688720703125 0.05609130859375
0.002105712890625 0.00571870803833008 0.6951904296875 -0.42578125
-0.00211524963378906 0.0128917694091797 0.21649169921875 -0.92303466796875
-0.0179443359375 0.0274868011474609 -0.56158447265625 -0.58477783203125
-0.0134525299072266 0.0226669311523438 -0.611083984375 0.08538818359375
0.0195732116699219 0.00808143615722656 -0.332275390625 0.340240478515625
0.0253353118896484 -0.00748252868652344 0.00332641601562502 0.28387451171875
-0.0134420394897461 -0.0107364654541016 0.188430786132813 0.100341796875
-0.009979248046875 -0.0144195556640625 -0.121368408203125 -0.178512573242188
0.0242042541503906 0.00454139709472656 0.134490966796875 -0.29541015625
0.0207691192626953 0.0101985931396484 0.44366455078125 -0.175262451171875
-0.0163364410400391 0.0254611968994141 0.6156005859375 0.2701416015625
-0.0356369018554688 0.0317611694335938 0.2244873046875 0.830810546875
0.00401878356933594 -0.0176410675048828 -0.4376220703125 0.84246826171875
0.00412464141845703 -0.00893592834472656 -0.561676025390625 0.2984619140625
0.022613525390625 0.0117263793945313 0.172042846679688 0.0503082275390625
0.0272712707519531 -0.006134033203125 0.68890380859375 -0.44635009765625
0.0063776969909668 -0.00324392318725586 0.1859130859375 -0.92572021484375
-0.0207176208496094 0.0196323394775391 -0.57684326171875 -0.55841064453125
-0.0183620452880859 0.0216960906982422 -0.60626220703125 0.107421875
0.016326904296875 0.0112590789794922 -0.32366943359375 0.34869384765625
0.0234031677246094 -0.00333213806152344 0.00796508789062501 0.281646728515625
-0.0131397247314453 -0.00673675537109375 0.19207763671875 0.0980072021484375
-0.0099334716796875 -0.00954151153564453 -0.1197509765625 -0.177658081054688
0.0224475860595703 0.00719451904296875 0.1353759765625 -0.2939453125
0.0167322158813477 0.0141115188598633 0.44464111328125 -0.167877197265625
-0.0226478576660156 0.0218925476074219 0.6177978515625 0.280029296875
-0.0361328125 0.0199546813964844 0.21746826171875 0.8358154296875
0.0188980102539063 -0.0341167449951172 -0.443603515625 0.83978271484375
0.0398712158203125 -0.0178947448730469 -0.56207275390625 0.289794921875
0.0656814575195313 0.011138916015625 0.175201416015625 0.0451812744140625
0.0553398132324219 -0.0173492431640625 0.68414306640625 -0.454345703125
0.0140209197998047 -0.0174713134765625 0.1724853515625 -0.9259033203125
-0.0271339416503906 0.00916481018066406 -0.58538818359375 -0.54998779296875
-0.0257835388183594 0.0197868347167969 -0.6064453125 0.1138916015625
0.01177978515625 0.0141677856445313 -0.320770263671875 0.35137939453125
0.0204868316650391 -0.00180244445800781 0.00680541992187502 0.281890869140625
-0.013092041015625 -0.00235462188720703 0.191253662109375 0.097442626953125
-0.0129594802856445 -0.00348281860351562 -0.12078857421875 -0.176803588867187
0.0208778381347656 0.00902557373046875 0.131195068359375 -0.292633056640625
0.0107555389404297 0.0143651962280273 0.443084716796875 -0.17083740234375
-0.0280399322509766 0.0200386047363281 0.61724853515625 0.2728271484375
-0.0379905700683594 0.0104751586914062 0.22918701171875 0.8314208984375
0.0333747863769531 -0.049591064453125 -0.433349609375 0.8443603515625
0.0719451904296875 -0.0284957885742188 -0.56500244140625 0.29656982421875
0.104240417480469 0.01171875 0.161941528320312 0.0441741943359375
0.0804214477539063 -0.0281219482421875 0.68487548828125 -0.445068359375
0.0226554870605469 -0.0336112976074219 0.188232421875 -0.92327880859375
-0.0296440124511719 -0.000778198242187506 -0.57537841796875 -0.560791015625
-0.0327358245849609 0.0205402374267578 -0.61102294921875 0.1048583984375
0.00841045379638672 0.0159854888916016 -0.3284912109375 0.349884033203125
0.0167303085327148 0.0010833740234375 -0.000213623046875022 0.283843994140625
-0.013239860534668 -0.000420570373535158 0.1881103515625 0.0997161865234375
-0.0116252899169922 -0.000125885009765627 -0.124053955078125 -0.173797607421875
0.0180797576904297 0.00965118408203125 0.122283935546875 -0.293701171875
0.0101070404052734 0.0144720077514648 0.4346923828125 -0.184173583984375
-0.0302639007568359 0.0188503265380859 0.6231689453125 0.24627685546875
-0.0382614135742188 0.00500869750976563 0.25775146484375 0.813232421875
0.0399131774902344 -0.061065673828125 -0.4013671875 0.8565673828125
0.0964279174804688 -0.0381698608398438 -0.5723876953125 0.31536865234375
0.136878967285156 0.0114059448242188 0.133232116699219 0.0450286865234375
0.107261657714844 -0.0339508056640625 0.685546875 -0.41986083984375
0.0314559936523438 -0.04510498046875 0.22052001953125 -0.92047119140625
-0.0324192047119141 -0.0079193115234375 -0.55853271484375 -0.58984375
-0.0361976623535156 0.02142333984375 -0.619140625 0.082763671875
0.00429534912109375 0.0191116333007813 -0.343475341796875 0.34423828125
0.0150079727172852 0.00364971160888672 -0.00802612304687502 0.287933349609375
-0.0143070220947266 0.00170040130615234 0.185302734375 0.10357666015625
-0.0118007659912109 -0.0312404632568359 -0.1474609375 -0.161773681640625
0.0275745391845703 -0.0157127380371094 0.082763671875 -0.305389404296875
0.0321331024169922 -0.00352287292480469 0.38140869140625 -0.261260986328125
0.00658035278320313 0.0304279327392578 0.627685546875 0.1011962890625
-0.0192298889160156 0.0642127990722656 0.38360595703125 0.70843505859375
-0.0258922576904297 0.0234527587890625 -0.25262451171875 0.89324951171875
-0.0670089721679688 0.0118637084960938 -0.58062744140625 0.41339111328125
-0.0573577880859375 0.0113868713378906 0.021453857421875 0.0803298950195312
-0.0250301361083984 0.0177669525146484 0.7083740234375 -0.29345703125
-0.0129928588867187 0.0312747955322266 0.39697265625 -0.880859375
-0.0178642272949219 0.0410728454589844 -0.44134521484375 -0.7088623046875
-0.00762176513671875 0.0293350219726563 -0.6287841796875 -0.0355224609374999
0.0222721099853516 0.00982475280761719 -0.38385009765625 0.287078857421875
0.0325813293457031 -0.0128269195556641 -0.03021240234375 0.286407470703125
-0.00832748413085938 -0.0182895660400391 0.175491333007813 0.11126708984375
-0.00901222229003906 -0.0294399261474609 -0.14166259765625 -0.167770385742188
0.0280418395996094 -0.0112838745117188 0.098388671875 -0.305023193359375
0.0340976715087891 -0.00185394287109375 0.40081787109375 -0.24053955078125
0.0029144287109375 0.0306186676025391 0.6263427734375 0.15032958984375
-0.0233917236328125 0.0624313354492188 0.340576171875 0.7491455078125
-0.0273685455322266 0.0197029113769531 -0.309814453125 0.8770751953125
-0.0677757263183594 0.0133285522460937 -0.575927734375 0.37664794921875
-0.0602531433105469 0.013092041015625 0.0685958862304688 0.0715713500976563
-0.0270328521728516 0.0184307098388672 0.7042236328125 -0.34063720703125
-0.0129451751708984 0.0316982269287109 0.330810546875 -0.89605712890625
-0.0157394409179688 0.0409698486328125 -0.48944091796875 -0.66107177734375
-0.00570297241210937 0.0279636383056641 -0.6214599609375 0.00823974609374994
0.0218296051025391 0.00809478759765625 -0.362518310546875 0.306915283203125
0.0320491790771484 -0.0118312835693359 -0.01458740234375 0.285980224609375
-0.0102252960205078 -0.0190982818603516 0.1790771484375 0.10614013671875
-0.00763130187988281 -0.0261058807373047 -0.133392333984375 -0.17242431640625
0.0273075103759766 -0.00675010681152344 0.112823486328125 -0.303436279296875
0.0323696136474609 0.00583076477050781 0.41802978515625 -0.2154541015625
-0.00130271911621094 0.0300045013427734 0.62188720703125 0.1998291015625
-0.0283393859863281 0.0554389953613281 0.29229736328125 0.78192138671875
-0.0228424072265625 0.0118789672851563 -0.36395263671875 0.86260986328125
-0.0559463500976563 0.00816726684570314 -0.5694580078125 0.34112548828125
-0.0451011657714844 0.0108299255371094 0.113143920898438 0.0626907348632813
-0.0165128707885742 0.0142936706542969 0.69793701171875 -0.3851318359375
-0.00775718688964844 0.0232830047607422 0.26519775390625 -0.90924072265625
-0.0154037475585937 0.0355758666992188 -0.53082275390625 -0.61199951171875
-0.00795936584472656 0.0229282379150391 -0.614990234375 0.0548706054687499
0.0219535827636719 0.00600051879882813 -0.342010498046875 0.3255615234375
0.0297775268554688 -0.00868988037109375 -0.00534057617187497 0.283905029296875
-0.0104160308837891 -0.0157432556152344 0.184432983398438 0.1055908203125
-0.0112628936767578 -0.0190200805664062 -0.126876831054687 -0.177322387695313
0.0259914398193359 -3.814697265625E-05 0.12567138671875 -0.298583984375
0.0269298553466797 0.00772857666015625 0.432861328125 -0.192474365234375
-0.00667190551757813 0.0300884246826172 0.618896484375 0.24273681640625
-0.0320205688476563 0.0442161560058594 0.2513427734375 0.81011962890625
-0.0098419189453125 -0.00261306762695312 -0.4073486328125 0.8468017578125
-0.0299339294433594 0.00011253356933594 -0.5604248046875 0.31292724609375
-0.0140094757080078 0.0109424591064453 0.149154663085938 0.0547332763671875
0.00254964828491211 0.00609731674194336 0.6923828125 -0.421875
-0.00171566009521484 0.0107717514038086 0.2144775390625 -0.91754150390625
-0.0167675018310547 0.0289306640625 -0.55718994140625 -0.57763671875
-0.0132560729980469 0.0217399597167969 -0.60595703125 0.0855712890625
0.0192852020263672 0.00837516784667969 -0.3260498046875 0.338470458984375
0.0257339477539063 -0.00866317749023438 0.00500488281250003 0.282135009765625
-0.0127553939819336 -0.010716438293457 0.185165405273438 0.100662231445313
-0.0108041763305664 -0.0145635604858398 -0.121795654296875 -0.176971435546875
0.0249080657958984 0.00449562072753906 0.13177490234375 -0.296112060546875
0.0215930938720703 0.0122852325439453 0.44146728515625 -0.175140380859375
-0.0174083709716797 0.0263481140136719 0.61480712890625 0.26910400390625
-0.0339813232421875 0.0303173065185547 0.2259521484375 0.82421875
0.00479888916015625 -0.0170116424560547 -0.43145751953125 0.83734130859375
0.00194644927978516 -0.00780200958251953 -0.558502197265625 0.296234130859375
0.0222892761230469 0.0115833282470703 0.17181396484375 0.0493621826171875
0.0272197723388672 -0.00682640075683594 0.68463134765625 -0.4432373046875
0.0070805549621582 -0.00203609466552734 0.18316650390625 -0.92205810546875
-0.0214729309082031 0.0189056396484375 -0.573974609375 -0.55419921875
-0.0177593231201172 0.0205612182617187 -0.60296630859375 0.10711669921875
0.0153102874755859 0.0098114013671875 -0.319091796875 0.34619140625
0.0228805541992187 -0.00504684448242188 0.00668334960937502 0.28143310546875
-0.0148134231567383 -0.00582218170166015 0.188186645507813 0.098388671875
-0.0109920501708984 -0.00704765319824219 -0.119964599609375 -0.178070068359375
0.0204524993896484 0.00830268859863281 0.131744384765625 -0.293914794921875
0.0164194107055664 0.0133438110351563 0.44366455078125 -0.168212890625
-0.0229377746582031 0.0245609283447266 0.6151123046875 0.275390625
-0.0356216430664063 0.0189590454101563 0.21807861328125 0.830322265625
0.0207405090332031 -0.0352363586425781 -0.4393310546875 0.8355712890625
0.0374374389648438 -0.0188331604003906 -0.557861328125 0.289398193359375
0.063873291015625 0.0105209350585937 0.175018310546875 0.044219970703125
0.0544281005859375 -0.0174942016601563 0.67840576171875 -0.45050048828125
0.0142765045166016 -0.0188446044921875 0.17138671875 -0.91900634765625
-0.0265121459960938 0.00961494445800781 -0.5809326171875 -0.5474853515625
-0.0250091552734375 0.0219326019287109 -0.6011962890625 0.11590576171875
0.0109920501708984 0.0127458572387695 -0.3182373046875 0.3511962890625
0.0189476013183594 -0.00142288208007813 0.00631713867187499 0.281585693359375
-0.0146980285644531 -0.00261211395263672 0.19024658203125 0.0976104736328125
-0.0117244720458984 -0.00442790985107422 -0.119308471679687 -0.1776123046875
0.0190010070800781 0.0109748840332031 0.128082275390625 -0.29351806640625
0.0120754241943359 0.0154552459716797 0.440673828125 -0.171600341796875
-0.0262203216552734 0.0198287963867187 0.61566162109375 0.2696533203125
-0.0370559692382813 0.0109977722167969 0.231689453125 0.824951171875
0.0337562561035156 -0.048614501953125 -0.428955078125 0.84075927734375
0.070159912109375 -0.0272102355957031 -0.5618896484375 0.29498291015625
0.101737976074219 0.0120391845703125 0.159805297851562 0.0428619384765625
0.080841064453125 -0.027374267578125 0.68011474609375 -0.4425048828125
0.0229854583740234 -0.0333938598632813 0.1856689453125 -0.91741943359375
-0.0292625427246094 -0.000236511230468747 -0.5714111328125 -0.55523681640625
-0.0324115753173828 0.0228481292724609 -0.60760498046875 0.10693359375
0.00639820098876953 0.0173063278198242 -0.324432373046875 0.349456787109375
0.0162315368652344 0.00125789642333984 0.00149536132812501 0.28387451171875
-0.0146713256835938 0.00154304504394531 0.187255859375 0.099884033203125
-0.0124034881591797 -0.00168704986572265 -0.124481201171875 -0.171722412109375
0.0174474716186523 0.00937271118164063 0.120269775390625 -0.294647216796875
0.00977706909179688 0.0143337249755859 0.432403564453125 -0.18524169921875
-0.0314044952392578 0.0180931091308594 0.62109375 0.242431640625
-0.0367546081542969 0.00435256958007812 0.259765625 0.80767822265625
0.0406036376953125 -0.0600204467773438 -0.39752197265625 0.85101318359375
0.0945587158203125 -0.038543701171875 -0.568603515625 0.3126220703125
0.136016845703125 0.0111160278320313 0.130416870117188 0.04412841796875
0.106002807617188 -0.0334701538085938 0.68133544921875 -0.416259765625
0.0321769714355469 -0.0452499389648438 0.21575927734375 -0.915283203125
-0.0322437286376953 -0.00769805908203124 -0.55621337890625 -0.58294677734375
-0.0362930297851563 0.022186279296875 -0.61651611328125 0.0828247070312499
0.00432205200195313 0.018157958984375 -0.340057373046875 0.344573974609375
0.0145950317382812 0.00225257873535156 -0.00616455078125001 0.28564453125
-0.0124444961547852 0.00393486022949219 0.185287475585938 0.104034423828125
-0.0116424560546875 -0.0285682678222656 -0.14697265625 -0.161544799804688
0.0265064239501953 -0.0147686004638672 0.08123779296875 -0.304473876953125
0.0319633483886719 -0.00329017639160156 0.379486083984375 -0.260498046875
0.00715255737304688 0.0311927795410156 0.625244140625 0.100341796875
-0.0196800231933594 0.062713623046875 0.38616943359375 0.705810546875
-0.0254898071289062 0.0211582183837891 -0.2496337890625 0.88812255859375
-0.0656356811523438 0.0137443542480469 -0.5780029296875 0.41204833984375
-0.0572853088378906 0.0125732421875 0.01971435546875 0.0794754028320312
-0.0246372222900391 0.0185756683349609 0.702392578125 -0.2899169921875
-0.0113620758056641 0.0305385589599609 0.39617919921875 -0.8741455078125
-0.0155220031738281 0.0406951904296875 -0.4417724609375 -0.7060546875
-0.00680160522460938 0.0296840667724609 -0.6243896484375 -0.0357055664062501
0.0213966369628906 0.0100860595703125 -0.379608154296875 0.286773681640625
0.0325908660888672 -0.0137348175048828 -0.029815673828125 0.284881591796875
-0.00849342346191406 -0.0184535980224609 0.174240112304688 0.112533569335938
-0.0089263916015625 -0.0284233093261719 -0.141098022460938 -0.168289184570313
0.0277366638183594 -0.0109043121337891 0.097808837890625 -0.302978515625
0.0319614410400391 0.000316619873046875 0.39752197265625 -0.23797607421875
0.00336456298828125 0.0312328338623047 0.624267578125 0.1485595703125
-0.0227088928222656 0.0602340698242188 0.34088134765625 0.7430419921875
-0.0279273986816406 0.0189170837402344 -0.30621337890625 0.87274169921875
-0.0684738159179688 0.0124931335449219 -0.5718994140625 0.375
-0.0608863830566406 0.0121421813964844 0.067108154296875 0.0715103149414063
-0.0271453857421875 0.0182666778564453 0.7030029296875 -0.337646484375
-0.0118007659912109 0.0301532745361328 0.32867431640625 -0.8944091796875
-0.0145950317382812 0.0406379699707031 -0.48663330078125 -0.657470703125
-0.00574493408203125 0.027130126953125 -0.61810302734375 0.010009765625
0.0224971771240234 0.00765419006347656 -0.3597412109375 0.306427001953125
0.0328350067138672 -0.0124721527099609 -0.016448974609375 0.28387451171875
-0.0100212097167969 -0.0170621871948242 0.1798095703125 0.108184814453125
-0.00914192199707031 -0.0247211456298828 -0.134490966796875 -0.173614501953125
0.0271224975585938 -0.004364013671875 0.1116943359375 -0.3016357421875
0.0301151275634766 0.00284194946289062 0.4146728515625 -0.212799072265625
-0.00310707092285156 0.0319881439208984 0.62213134765625 0.19647216796875
-0.0272331237792969 0.0543060302734375 0.29229736328125 0.7772216796875
-0.0204753875732422 0.0114650726318359 -0.36016845703125 0.853759765625
-0.0557670593261719 0.00770187377929688 -0.567626953125 0.3382568359375
-0.0449676513671875 0.01300048828125 0.113029479980469 0.0617446899414063
-0.0163354873657227 0.0125560760498047 0.6949462890625 -0.38372802734375
-0.00679588317871094 0.0249996185302734 0.26336669921875 -0.90478515625
-0.0145301818847656 0.0352897644042969 -0.5294189453125 -0.60992431640625
-0.00779914855957031 0.0248985290527344 -0.6104736328125 0.05548095703125
0.021026611328125 0.0067138671875 -0.33868408203125 0.32611083984375
0.0291309356689453 -0.0102195739746094 -0.0025634765625 0.282623291015625
-0.0125064849853516 -0.0148477554321289 0.182052612304688 0.104278564453125
-0.00945091247558593 -0.0191822052001953 -0.128021240234375 -0.17608642578125
0.0270919799804687 -0.00181770324707031 0.1241455078125 -0.29827880859375
0.0258159637451172 0.00855064392089844 0.4290771484375 -0.192169189453125
-0.0101184844970703 0.0300102233886719 0.6187744140625 0.239501953125
-0.0309677124023438 0.043701171875 0.25347900390625 0.8035888671875
-0.0101203918457031 -0.00240993499755859 -0.40185546875 0.841552734375
-0.0318279266357422 0.0013885498046875 -0.558135986328125 0.31170654296875
-0.0167055130004883 0.0126218795776367 0.146621704101563 0.0535430908203125
0.00325727462768555 0.00473785400390625 0.68756103515625 -0.419921875
-0.000476837158203124 0.0118637084960938 0.21063232421875 -0.912109375
-0.0157432556152344 0.0283527374267578 -0.556884765625 -0.5732421875
-0.0118236541748047 0.0214653015136719 -0.60400390625 0.0880126953125
0.0202369689941406 0.00723075866699219 -0.32470703125 0.33782958984375
0.0252914428710938 -0.00857353210449219 0.00411987304687498 0.281402587890625
-0.0127172470092773 -0.0110492706298828 0.186447143554688 0.100570678710938
-0.00997734069824219 -0.0122652053833008 -0.122177124023437 -0.178359985351563
0.0246257781982422 0.00433349609375 0.129486083984375 -0.29412841796875
0.0209007263183594 0.0113410949707031 0.43780517578125 -0.17572021484375
-0.0162830352783203 0.0269088745117188 0.6138916015625 0.2659912109375
-0.0344409942626953 0.0310630798339844 0.2265625 0.820556640625
0.00434112548828125 -0.0192775726318359 -0.4293212890625 0.82977294921875
0.00134801864624023 -0.00767087936401367 -0.556365966796875 0.29461669921875
0.0212783813476563 0.0119533538818359 0.168441772460938 0.0472564697265625
0.0277214050292969 -0.0060882568359375 0.67974853515625 -0.44085693359375
0.0085296630859375 -0.00311040878295898 0.1822509765625 -0.91546630859375
-0.0206432342529297 0.0186290740966797 -0.5721435546875 -0.55029296875
-0.0173397064208984 0.0211181640625 -0.59918212890625 0.10736083984375
0.0153121948242188 0.00974845886230469 -0.31646728515625 0.3453369140625
0.0220146179199219 -0.00433349609375 0.00630187988281251 0.280105590820313
-0.0138769149780273 -0.00610160827636719 0.187301635742188 0.0989227294921875
-0.0111160278320313 -0.006439208984375 -0.119155883789062 -0.178131103515625
0.0203742980957031 0.00926589965820312 0.13079833984375 -0.293426513671875
0.0156946182250977 0.0139579772949219 0.4405517578125 -0.16961669921875
-0.0230007171630859 0.0223388671875 0.61334228515625 0.2745361328125
-0.0341033935546875 0.0197086334228516 0.21990966796875 0.82623291015625
0.0196990966796875 -0.0348682403564453 -0.43560791015625 0.8302001953125
0.0375938415527344 -0.0173606872558594 -0.55474853515625 0.28662109375
0.0625648498535156 0.0118789672851563 0.17181396484375 0.0439910888671875
0.0533103942871094 -0.0179939270019531 0.674560546875 -0.44708251953125
0.0149326324462891 -0.0191001892089844 0.16912841796875 -0.91558837890625
-0.0242481231689453 0.00932502746582031 -0.57916259765625 -0.54168701171875
-0.0257682800292969 0.0214576721191406 -0.598388671875 0.11480712890625
0.0111351013183594 0.0137500762939453 -0.315582275390625 0.3514404296875
0.0188694000244141 -0.00287818908691406 0.00570678710937502 0.280776977539063
-0.0147314071655273 -0.00115966796875 0.187347412109375 0.098663330078125
-0.012969970703125 -0.00214672088623047 -0.120223999023437 -0.177886962890625
0.0197372436523438 0.0103626251220703 0.1280517578125 -0.292449951171875
0.0111837387084961 0.0154352188110352 0.43756103515625 -0.170867919921875
-0.0275325775146484 0.0206928253173828 0.61505126953125 0.26751708984375
-0.0356597900390625 0.0100479125976563 0.2308349609375 0.81927490234375
0.0325050354003906 -0.0498733520507813 -0.4249267578125 0.8353271484375
0.0682945251464844 -0.0267257690429687 -0.561004638671875 0.29254150390625
0.100921630859375 0.011810302734375 0.158950805664062 0.04071044921875
0.0811996459960938 -0.0280990600585937 0.67474365234375 -0.43780517578125
0.0236148834228516 -0.0328292846679687 0.18243408203125 -0.91265869140625
-0.0287208557128906 -0.00201034545898438 -0.57171630859375 -0.55230712890625
-0.0314903259277344 0.0230121612548828 -0.60302734375 0.10791015625
0.00747585296630859 0.0167036056518555 -0.324615478515625 0.349090576171875
0.0175514221191406 0.00170516967773437 0.00241088867187503 0.283477783203125
-0.0142049789428711 0.00250720977783203 0.18701171875 0.10003662109375
-0.0131521224975586 0.000389099121093752 -0.123687744140625 -0.171630859375
0.0178565979003906 0.0116195678710938 0.119354248046875 -0.294921875
0.00743770599365234 0.0144281387329102 0.42938232421875 -0.184051513671875
-0.0311317443847656 0.0191326141357422 0.62017822265625 0.240966796875
-0.0365562438964844 0.00441360473632812 0.2613525390625 0.8026123046875
0.0400619506835938 -0.0613059997558594 -0.39306640625 0.847900390625
0.0914993286132813 -0.0370407104492188 -0.56671142578125 0.3095703125
0.132926940917969 0.0123138427734375 0.129707336425781 0.0446853637695313
0.104896545410156 -0.0353622436523438 0.67645263671875 -0.41534423828125
0.0347061157226563 -0.0437660217285156 0.21588134765625 -0.91131591796875
-0.0318260192871094 -0.00850868225097656 -0.55267333984375 -0.578125
-0.0357627868652344 0.02178955078125 -0.61187744140625 0.0860595703125
0.00298309326171875 0.0191230773925781 -0.33685302734375 0.342041015625
0.0153160095214844 0.00217533111572266 -0.00747680664062502 0.286102294921875
-0.0149250030517578 0.00390052795410157 0.183822631835938 0.10382080078125
-0.0118045806884766 -0.0283336639404297 -0.14947509765625 -0.160598754882813
0.0271396636962891 -0.0139808654785156 0.080047607421875 -0.304901123046875
0.0318889617919922 -0.00212478637695312 0.378936767578125 -0.260406494140625
0.00754737854003907 0.0307559967041016 0.6236572265625 0.1007080078125
-0.0174674987792969 0.0624618530273438 0.38427734375 0.70062255859375
-0.0265941619873047 0.0218029022216797 -0.24755859375 0.88458251953125
-0.0665779113769531 0.0117683410644531 -0.57720947265625 0.40753173828125
-0.0582313537597656 0.0126533508300781 0.0180587768554687 0.0794296264648437
-0.0246448516845703 0.0175437927246094 0.70001220703125 -0.288818359375
-0.0112247467041016 0.0303897857666016 0.39337158203125 -0.87335205078125
-0.0159759521484375 0.041961669921875 -0.439453125 -0.702880859375
-0.00651741027832032 0.0305385589599609 -0.6221923828125 -0.0358886718749999
0.0205230712890625 0.00976753234863281 -0.379852294921875 0.28509521484375
0.0326271057128906 -0.014190673828125 -0.0301513671875 0.283966064453125
-0.00919628143310547 -0.0168704986572266 0.172470092773438 0.112503051757813
-0.0103473663330078 -0.0273246765136719 -0.142349243164063 -0.16851806640625
0.0272083282470703 -0.0103569030761719 0.0966796875 -0.303314208984375
0.0324001312255859 -1.33514404296875E-05 0.39483642578125 -0.237579345703125
0.00330543518066406 0.0319728851318359 0.6221923828125 0.14764404296875
-0.0220146179199219 0.0606613159179688 0.34161376953125 0.7401123046875
-0.0273284912109375 0.0168838500976562 -0.304443359375 0.87115478515625
-0.0696525573730469 0.0145454406738281 -0.571533203125 0.37164306640625
-0.0604820251464844 0.0125465393066406 0.06488037109375 0.0696449279785156
-0.0268096923828125 0.0186996459960938 0.69915771484375 -0.33489990234375
-0.00991249084472656 0.0301380157470703 0.32733154296875 -0.88873291015625
-0.01397705078125 0.03961181640625 -0.48699951171875 -0.65435791015625
-0.00668907165527343 0.0273494720458984 -0.61541748046875 0.0104370117187501
0.0219669342041016 0.0084686279296875 -0.357696533203125 0.30633544921875
0.0325145721435547 -0.0128269195556641 -0.016021728515625 0.283905029296875
-0.012791633605957 -0.0166778564453125 0.176803588867188 0.108108520507813
-0.011138916015625 -0.0231399536132812 -0.134780883789062 -0.173309326171875
0.0279216766357422 -0.00427818298339844 0.11114501953125 -0.30230712890625
0.0288963317871094 0.00457954406738281 0.413421630859375 -0.213897705078125
-0.00213813781738281 0.0314197540283203 0.6204833984375 0.19720458984375
-0.026214599609375 0.0530281066894531 0.29339599609375 0.77410888671875
-0.020965576171875 0.00902748107910157 -0.359130859375 0.852294921875
-0.0560951232910156 0.00954818725585936 -0.56689453125 0.3377685546875
-0.0458831787109375 0.01312255859375 0.111251831054688 0.060760498046875
-0.0165901184082031 0.0144538879394531 0.6903076171875 -0.37921142578125
-0.00784683227539063 0.0223903656005859 0.26190185546875 -0.90216064453125
-0.0144290924072266 0.0346832275390625 -0.5267333984375 -0.608642578125
-0.00867462158203125 0.024749755859375 -0.6072998046875 0.0541381835937499
0.0211982727050781 0.00644111633300781 -0.3377685546875 0.3248291015625
0.0283317565917969 -0.0119152069091797 -0.00335693359374999 0.283416748046875
-0.0125274658203125 -0.012455940246582 0.182052612304688 0.104827880859375
-0.0116100311279297 -0.0175857543945313 -0.128067016601563 -0.176071166992188
0.0257587432861328 -3.24249267578125E-05 0.12322998046875 -0.29803466796875
0.0254306793212891 0.00816726684570313 0.42816162109375 -0.191650390625
-0.00837898254394531 0.0298404693603516 0.61688232421875 0.237548828125
-0.0301971435546875 0.0425453186035156 0.25299072265625 0.8006591796875
-0.0111379623413086 -0.00317668914794922 -0.3994140625 0.83978271484375
-0.0307559967041016 0.00216102600097656 -0.558441162109375 0.309173583984375
-0.0171833038330078 0.0123262405395508 0.146530151367188 0.053955078125
0.00297665596008301 0.00405287742614746 0.68402099609375 -0.4156494140625
0.000304222106933593 0.0117092132568359 0.21148681640625 -0.9097900390625
-0.0162696838378906 0.0269412994384766 -0.553955078125 -0.57183837890625
-0.01312255859375 0.0233821868896484 -0.599853515625 0.0889892578124999
0.0186195373535156 0.00812530517578125 -0.322235107421875 0.33563232421875
0.0249691009521484 -0.00772666931152344 0.00418090820312501 0.281097412109375
-0.0142135620117187 -0.0103349685668945 0.184860229492187 0.1016845703125
-0.0121612548828125 -0.0122528076171875 -0.122467041015625 -0.178573608398437
0.0236015319824219 0.00390434265136719 0.12847900390625 -0.295745849609375
0.0204257965087891 0.0120067596435547 0.435699462890625 -0.175567626953125
-0.0159282684326172 0.0265445709228516 0.61279296875 0.26617431640625
-0.0324974060058594 0.0302848815917969 0.22900390625 0.81671142578125
0.00404548645019531 -0.0198383331298828 -0.42584228515625 0.82781982421875
0.000767230987548828 -0.00599241256713867 -0.5555419921875 0.290435791015625
0.0214729309082031 0.0125217437744141 0.165023803710938 0.0477294921875
0.0276985168457031 -0.00646209716796875 0.6795654296875 -0.43878173828125
0.00678205490112305 -0.00305652618408203 0.17864990234375 -0.9141845703125
-0.0197944641113281 0.0175323486328125 -0.5701904296875 -0.5489501953125
-0.0187644958496094 0.022003173828125 -0.5958251953125 0.106689453125
0.0149517059326172 0.0102987289428711 -0.3148193359375 0.345550537109375
0.0222225189208984 -0.00604820251464844 0.00727844238281251 0.27978515625
-0.0148382186889648 -0.00520896911621093 0.186752319335938 0.09979248046875
-0.0128889083862305 -0.00648784637451172 -0.120574951171875 -0.179183959960938
0.0212249755859375 0.00705909729003906 0.13031005859375 -0.294189453125
0.0156469345092773 0.0138158798217773 0.439361572265625 -0.16839599609375
-0.0240230560302734 0.0240287780761719 0.61138916015625 0.2750244140625
-0.0347042083740234 0.0187320709228516 0.22149658203125 0.822509765625
0.0189361572265625 -0.0358505249023438 -0.43389892578125 0.8277587890625
0.0351486206054688 -0.0157623291015625 -0.554412841796875 0.284637451171875
0.0611038208007813 0.0116691589355469 0.169586181640625 0.0428314208984375
0.0527191162109375 -0.0192718505859375 0.67333984375 -0.445068359375
0.0165271759033203 -0.0197658538818359 0.16845703125 -0.9122314453125
-0.024139404296875 0.00876045227050781 -0.5760498046875 -0.53955078125
-0.0249691009521484 0.0206203460693359 -0.5968017578125 0.1156005859375
0.0118436813354492 0.0122947692871094 -0.313201904296875 0.350555419921875
0.0198631286621094 -0.00299072265625 0.00765991210937497 0.281524658203125
-0.0151100158691406 -0.000644683837890625 0.186538696289063 0.0982513427734375
-0.0125036239624023 -0.00220394134521484 -0.120941162109375 -0.17681884765625
0.0179920196533203 0.0103435516357422 0.12652587890625 -0.292633056640625
0.0101785659790039 0.014674186706543 0.43682861328125 -0.172149658203125
-0.0279254913330078 0.0212821960449219 0.6143798828125 0.265380859375
-0.0342521667480469 0.00860023498535156 0.231689453125 0.818603515625
0.0327072143554687 -0.0512542724609375 -0.421630859375 0.83062744140625
0.0684700012207031 -0.0252189636230469 -0.55987548828125 0.29095458984375
0.0996932983398438 0.0134429931640625 0.157638549804688 0.0408782958984375
0.0799407958984375 -0.0271530151367188 0.6724853515625 -0.4368896484375
0.0236244201660156 -0.0335865020751953 0.18341064453125 -0.90704345703125
-0.0284347534179688 -0.000343322753906252 -0.5684814453125 -0.551025390625
-0.0309867858886719 0.0224723815917969 -0.6004638671875 0.1060791015625
0.00779533386230469 0.0147562026977539 -0.322021484375 0.347808837890625
0.0149469375610352 0.00230312347412109 0.00161743164062499 0.28271484375
-0.0145702362060547 0.00275039672851562 0.185302734375 0.101058959960938
-0.012476921081543 0.00166988372802735 -0.124786376953125 -0.173782348632813
0.0170097351074219 0.0118684768676758 0.117950439453125 -0.29449462890625
0.00757789611816406 0.0149860382080078 0.428802490234375 -0.184814453125
-0.0325794219970703 0.020538330078125 0.61737060546875 0.24029541015625
-0.0364646911621094 0.004791259765625 0.26116943359375 0.79931640625
0.0399246215820313 -0.0618934631347656 -0.3917236328125 0.84283447265625
0.091827392578125 -0.036590576171875 -0.56549072265625 0.30780029296875
0.132896423339844 0.013580322265625 0.128913879394531 0.0428390502929688
0.105506896972656 -0.0345916748046875 0.67431640625 -0.4132080078125
0.0333442687988281 -0.0459823608398438 0.2156982421875 -0.90692138671875
-0.0300693511962891 -0.00904846191406249 -0.5535888671875 -0.576904296875
-0.0361900329589844 0.0217781066894531 -0.6102294921875 0.0843505859375001
0.00321006774902344 0.0184535980224609 -0.33465576171875 0.341217041015625
0.0154323577880859 0.00362777709960938 -0.00747680664062501 0.285675048828125
-0.0160007476806641 0.00384235382080078 0.181991577148438 0.103469848632812
-0.0125637054443359 -0.0270462036132813 -0.148361206054687 -0.161285400390625
0.0261631011962891 -0.0140113830566406 0.07958984375 -0.305877685546875
0.0305633544921875 -0.00354194641113281 0.37823486328125 -0.2598876953125
0.0057220458984375 0.0303821563720703 0.6229248046875 0.09979248046875
-0.0167045593261719 0.0611000061035156 0.38592529296875 0.7000732421875
-0.0265159606933594 0.0198593139648437 -0.2486572265625 0.881591796875
-0.0677757263183594 0.01519775390625 -0.57464599609375 0.40716552734375
-0.0583686828613281 0.0130958557128906 0.0169219970703125 0.0770645141601562
-0.0249767303466797 0.0172748565673828 0.69989013671875 -0.28680419921875
-0.00909233093261718 0.0293064117431641 0.39605712890625 -0.8702392578125
-0.0160560607910156 0.0401802062988281 -0.43890380859375 -0.7017822265625
-0.00478172302246094 0.0295467376708984 -0.62030029296875 -0.0349121093750001
0.0211849212646484 0.0105133056640625 -0.37701416015625 0.285614013671875
0.0336647033691406 -0.0142097473144531 -0.0286865234375 0.284912109375
-0.00965023040771484 -0.0165166854858398 0.171951293945312 0.1134033203125
-0.0113296508789062 -0.0248508453369141 -0.142120361328125 -0.168548583984375
0.0280189514160156 -0.0102901458740234 0.0950927734375 -0.304779052734375
0.0310478210449219 0.00103378295898438 0.397003173828125 -0.2392578125
0.00330162048339844 0.0321769714355469 0.624755859375 0.14874267578125
-0.0219306945800781 0.0589599609375 0.343017578125 0.7373046875
-0.0258255004882813 0.0187435150146484 -0.30218505859375 0.86614990234375
-0.0690574645996094 0.0129318237304687 -0.57354736328125 0.3726806640625
-0.0622673034667969 0.01531982421875 0.0656547546386719 0.0696907043457031
-0.0263462066650391 0.0163650512695312 0.6976318359375 -0.33453369140625
-0.0113773345947266 0.0295753479003906 0.32806396484375 -0.8890380859375
-0.0126724243164062 0.0403976440429687 -0.4847412109375 -0.65447998046875
-0.00569343566894531 0.0274162292480469 -0.61541748046875 0.0108032226562501
0.0214557647705078 0.00817108154296875 -0.355499267578125 0.304107666015625
0.0319099426269531 -0.0133209228515625 -0.0147705078125 0.28399658203125
-0.011444091796875 -0.0150232315063477 0.17779541015625 0.107833862304688
-0.0115413665771484 -0.0229072570800781 -0.135696411132813 -0.174835205078125
0.0284595489501953 -0.00394058227539062 0.10943603515625 -0.3031005859375
0.0290412902832031 0.00423622131347656 0.41204833984375 -0.21307373046875
-0.00342750549316406 0.0313892364501953 0.62213134765625 0.19671630859375
-0.0262527465820313 0.0518302917480469 0.294677734375 0.7723388671875
-0.0204086303710938 0.00899124145507812 -0.35601806640625 0.84918212890625
-0.0576972961425781 0.00867843627929688 -0.56390380859375 0.336669921875
-0.0468902587890625 0.01214599609375 0.109085083007813 0.0602493286132813
-0.0176887512207031 0.012451171875 0.689208984375 -0.3790283203125
-0.00597000122070313 0.0234241485595703 0.26336669921875 -0.8978271484375
-0.0111007690429688 0.0352745056152344 -0.5247802734375 -0.60699462890625
-0.00884628295898437 0.025238037109375 -0.60528564453125 0.0543212890625001
0.0224418640136719 0.00530624389648437 -0.337310791015625 0.322662353515625
0.0289936065673828 -0.0117931365966797 -0.00433349609375 0.28228759765625
-0.0133209228515625 -0.013615608215332 0.180953979492188 0.10675048828125
-0.0116806030273438 -0.0176181793212891 -0.128326416015625 -0.179031372070313
0.0259761810302734 0.000333786010742188 0.121856689453125 -0.2991943359375
0.0239067077636719 0.00905990600585938 0.427001953125 -0.191558837890625
-0.0100765228271484 0.0306797027587891 0.61724853515625 0.2366943359375
-0.0294914245605469 0.0416488647460938 0.25677490234375 0.7984619140625
-0.0098562240600586 -0.00399398803710937 -0.39788818359375 0.8353271484375
-0.0324687957763672 0.000875473022460942 -0.55853271484375 0.30926513671875
-0.0174808502197266 0.0128307342529297 0.143936157226563 0.052978515625
0.00327968597412109 0.00455474853515625 0.6822509765625 -0.41241455078125
0.000600814819335937 0.00923538208007812 0.2119140625 -0.90496826171875
-0.0151596069335937 0.0277233123779297 -0.5531005859375 -0.56866455078125
-0.0119647979736328 0.0224628448486328 -0.59942626953125 0.0873413085937499
0.0179367065429688 0.00673866271972656 -0.32366943359375 0.335723876953125
0.0254039764404297 -0.00895309448242188 0.00259399414062498 0.280075073242188
-0.0137853622436523 -0.00922775268554688 0.1849365234375 0.102127075195313
-0.0128164291381836 -0.0107126235961914 -0.123626708984375 -0.178756713867188
0.0244140625 0.00525665283203125 0.127471923828125 -0.296417236328125
0.0198230743408203 0.0122146606445313 0.436126708984375 -0.17633056640625
-0.0178565979003906 0.0269145965576172 0.61468505859375 0.26397705078125
-0.0318660736083984 0.0305900573730469 0.23040771484375 0.81573486328125
0.00487327575683594 -0.0212554931640625 -0.42291259765625 0.82586669921875
0.000589847564697266 -0.00725126266479492 -0.554901123046875 0.29034423828125
0.0194873809814453 0.0134716033935547 0.164382934570313 0.0461273193359375
0.0274925231933594 -0.00650215148925781 0.67559814453125 -0.43701171875
0.00779104232788086 -0.00400066375732422 0.181640625 -0.91021728515625
-0.0189189910888672 0.0178089141845703 -0.56890869140625 -0.548828125
-0.0174217224121094 0.0215950012207031 -0.5955810546875 0.10845947265625
0.0152482986450195 0.0094900131225586 -0.31524658203125 0.34442138671875
0.0224990844726563 -0.00547027587890625 0.00653076171875 0.27947998046875
-0.0141534805297852 -0.00454330444335938 0.1866455078125 0.0994415283203125
-0.0133476257324219 -0.00516319274902344 -0.1214599609375 -0.17877197265625
0.0203456878662109 0.00777816772460938 0.12969970703125 -0.292694091796875
0.0143890380859375 0.0139760971069336 0.439453125 -0.169281005859375
-0.0226879119873047 0.0244369506835937 0.61456298828125 0.27301025390625
-0.0331916809082031 0.0179309844970703 0.2235107421875 0.81903076171875
0.0194358825683594 -0.0358047485351563 -0.4322509765625 0.8240966796875
0.0338821411132813 -0.0158557891845703 -0.55377197265625 0.283203125
0.0604362487792969 0.0131263732910156 0.169097900390625 0.0411376953125
0.0542259216308594 -0.0178565979003906 0.6715087890625 -0.4412841796875
0.0161876678466797 -0.0208473205566406 0.16973876953125 -0.90972900390625
-0.0227851867675781 0.00823783874511719 -0.5740966796875 -0.5382080078125
-0.0257186889648438 0.02081298828125 -0.594970703125 0.11676025390625
0.0107994079589844 0.0128078460693359 -0.313568115234375 0.348052978515625
0.0192031860351563 -0.00353240966796875 0.00619506835937497 0.280075073242188
-0.016087532043457 0.000588417053222655 0.1871337890625 0.100814819335937
-0.013453483581543 -0.001373291015625 -0.121902465820313 -0.177261352539062
0.018280029296875 0.0125751495361328 0.126068115234375 -0.2919921875
0.010167121887207 0.0142145156860352 0.43603515625 -0.173126220703125
-0.0290489196777344 0.020538330078125 0.6156005859375 0.26470947265625
-0.0348453521728516 0.00894355773925781 0.23248291015625 0.8134765625
0.032806396484375 -0.04998779296875 -0.4215087890625 0.82830810546875
0.0663032531738281 -0.0235748291015625 -0.5592041015625 0.288787841796875
0.0994796752929688 0.0145339965820313 0.155044555664063 0.0396728515625
0.0807952880859375 -0.0295181274414063 0.671142578125 -0.43414306640625
0.0260391235351563 -0.03472900390625 0.1851806640625 -0.9080810546875
-0.0263442993164063 -0.00188827514648438 -0.5697021484375 -0.54913330078125
-0.0300121307373047 0.0219326019287109 -0.6002197265625 0.107421875
0.00656795501708984 0.0152740478515625 -0.320892333984375 0.347076416015625
0.0160770416259766 0.000992774963378906 0.000274658203125011 0.284088134765625
-0.015101432800293 0.00311946868896484 0.184677124023437 0.102264404296875
-0.0144796371459961 0.00198078155517578 -0.126205444335938 -0.174072265625
0.0168972015380859 0.0129270553588867 0.1171875 -0.293609619140625
0.00766563415527344 0.016047477722168 0.42919921875 -0.1851806640625
-0.031707763671875 0.019500732421875 0.619873046875 0.239501953125
-0.0355224609375 0.00347900390625 0.26226806640625 0.79864501953125
0.0395622253417969 -0.0610542297363281 -0.38946533203125 0.83941650390625
0.0903244018554688 -0.0342025756835938 -0.56549072265625 0.30615234375
0.129844665527344 0.0145263671875 0.128082275390625 0.0416717529296875
0.103721618652344 -0.0354537963867188 0.67218017578125 -0.40985107421875
0.0336647033691406 -0.0454559326171875 0.217529296875 -0.90411376953125
-0.0309219360351563 -0.0074462890625 -0.54998779296875 -0.57501220703125
-0.0364227294921875 0.0226860046386719 -0.60748291015625 0.08575439453125
0.00487136840820312 0.0187702178955078 -0.33343505859375 0.34002685546875
0.0144262313842773 0.00198936462402344 -0.00778198242187503 0.285919189453125
-0.0165519714355469 0.00513172149658203 0.18280029296875 0.103958129882813
-0.0124931335449219 -0.0265617370605469 -0.148712158203125 -0.161834716796875
0.0272541046142578 -0.0137443542480469 0.07977294921875 -0.3072509765625
0.0318317413330078 -0.00236129760742188 0.378173828125 -0.259124755859375
0.0050048828125 0.0318641662597656 0.6243896484375 0.09857177734375
-0.0152359008789062 0.0618247985839844 0.387939453125 0.6993408203125
-0.024871826171875 0.0188655853271484 -0.24737548828125 0.8800048828125
-0.0680160522460937 0.01519775390625 -0.57867431640625 0.40582275390625
-0.059539794921875 0.0147552490234375 0.0156173706054687 0.07635498046875
-0.0255146026611328 0.0166797637939453 0.6995849609375 -0.285400390625
-0.00960350036621094 0.0296001434326172 0.39385986328125 -0.86846923828125
-0.0144309997558594 0.0402565002441406 -0.4381103515625 -0.70062255859375
-0.00614356994628906 0.0302982330322266 -0.61956787109375 -0.0346069335937501
0.0224990844726562 0.00901222229003906 -0.375823974609375 0.284271240234375
0.0317573547363281 -0.0133762359619141 -0.030548095703125 0.285888671875
-0.0100021362304688 -0.0183525085449219 0.171951293945313 0.114303588867188
-0.013153076171875 -0.0237979888916016 -0.141586303710938 -0.1693115234375
0.02752685546875 -0.0113277435302734 0.095184326171875 -0.305908203125
0.0317707061767578 -0.000902175903320313 0.395721435546875 -0.238677978515625
0.00387763977050781 0.0316581726074219 0.625244140625 0.1474609375
-0.01971435546875 0.0596084594726563 0.344970703125 0.7386474609375
-0.02545166015625 0.0162334442138672 -0.30194091796875 0.86798095703125
-0.06866455078125 0.0154495239257813 -0.57183837890625 0.36865234375
-0.0632591247558594 0.0127334594726562 0.0621871948242187 0.070648193359375
-0.0259075164794922 0.0169563293457031 0.69573974609375 -0.33148193359375
-0.0101070404052734 0.0270843505859375 0.3277587890625 -0.88677978515625
-0.0115776062011719 0.0394668579101563 -0.484619140625 -0.6517333984375
-0.00460624694824219 0.0285224914550781 -0.6131591796875 0.00976562500000005
0.0217990875244141 0.00707054138183594 -0.355987548828125 0.30548095703125
0.0293617248535156 -0.0145015716552734 -0.017242431640625 0.2840576171875
-0.0122442245483398 -0.0152683258056641 0.177078247070313 0.110809326171875
-0.0107460021972656 -0.0224151611328125 -0.137924194335937 -0.17633056640625
0.0296764373779297 -0.00275039672851563 0.108978271484375 -0.30511474609375
0.0284919738769531 0.00596427917480469 0.412200927734375 -0.21600341796875
-0.00441169738769531 0.0313339233398438 0.62335205078125 0.197265625
-0.0259132385253906 0.0535850524902344 0.29888916015625 0.7716064453125
-0.0214996337890625 0.0101432800292969 -0.355224609375 0.84857177734375
-0.0576286315917969 0.0105209350585938 -0.56524658203125 0.3316650390625
-0.0465202331542969 0.0131607055664062 0.109878540039063 0.06243896484375
-0.0159387588500977 0.0131406784057617 0.68817138671875 -0.3758544921875
-0.00559234619140625 0.0224971771240234 0.26318359375 -0.8980712890625
-0.0116844177246094 0.0360984802246094 -0.52490234375 -0.60687255859375
-0.0072021484375 0.0243453979492188 -0.60748291015625 0.05438232421875
0.0213985443115234 0.00708770751953125 -0.33551025390625 0.321533203125
0.0287857055664063 -0.0126628875732422 -0.00521850585937503 0.282318115234375
-0.0131378173828125 -0.0114479064941406 0.18035888671875 0.106597900390625
-0.0109109878540039 -0.0160894393920898 -0.12933349609375 -0.179519653320313
0.0270519256591797 0.00151443481445313 0.120391845703125 -0.2998046875
0.0246944427490234 0.00800514221191406 0.42706298828125 -0.19256591796875
-0.00909042358398437 0.0300807952880859 0.6180419921875 0.23602294921875
-0.0286903381347656 0.042144775390625 0.259033203125 0.7991943359375
-0.00781965255737305 -0.00626850128173828 -0.395751953125 0.83294677734375
-0.0326404571533203 0.00492286682128906 -0.558349609375 0.307037353515625
-0.0180206298828125 0.0147628784179687 0.14263916015625 0.051910400390625
0.00399136543273926 0.00319933891296387 0.681640625 -0.4127197265625
0.000329017639160156 0.0101356506347656 0.21307373046875 -0.90606689453125
-0.0139198303222656 0.0267505645751953 -0.552490234375 -0.57025146484375
-0.0109825134277344 0.0226612091064453 -0.59906005859375 0.0878906250000001
0.0177669525146484 0.00791740417480469 -0.321685791015625 0.335968017578125
0.0257778167724609 -0.00946044921875 0.00381469726562499 0.282958984375
-0.0139856338500977 -0.0107450485229492 0.18505859375 0.102813720703125
-0.0124835968017578 -0.0122261047363281 -0.123077392578125 -0.181015014648437
0.0237312316894531 0.00508880615234375 0.1270751953125 -0.296966552734375
0.0200004577636719 0.0130863189697266 0.435638427734375 -0.174957275390625
-0.0173606872558594 0.0266857147216797 0.61505126953125 0.2633056640625
-0.0316677093505859 0.0286216735839844 0.23382568359375 0.816650390625
0.00431442260742188 -0.0202293395996094 -0.42266845703125 0.8243408203125
-0.000188827514648438 -0.0035860538482666 -0.5560302734375 0.289703369140625
0.018829345703125 0.0139713287353516 0.1649169921875 0.0462188720703125
0.0261688232421875 -0.00836372375488281 0.67498779296875 -0.43359375
0.00835657119750976 -0.0057220458984375 0.181396484375 -0.91082763671875
-0.0187015533447266 0.0170097351074219 -0.568603515625 -0.5472412109375
-0.0183849334716797 0.0231380462646484 -0.59405517578125 0.106689453125
0.0140752792358398 0.0101423263549805 -0.31439208984375 0.344757080078125
0.0226497650146484 -0.00555992126464844 0.00746154785156249 0.279922485351563
-0.0160446166992188 -0.00274753570556641 0.18505859375 0.100738525390625
-0.0138063430786133 -0.0044403076171875 -0.121261596679688 -0.18023681640625
0.0229434967041016 0.0104560852050781 0.12945556640625 -0.2945556640625
0.0146493911743164 0.0153350830078125 0.439453125 -0.169158935546875
-0.0233592987060547 0.0239963531494141 0.61419677734375 0.27227783203125
-0.0321483612060547 0.0179424285888672 0.22418212890625 0.82012939453125
0.0218353271484375 -0.0365829467773438 -0.431640625 0.822998046875
0.0339832305908203 -0.0135326385498047 -0.555908203125 0.282501220703125
0.0576591491699219 0.01373291015625 0.167083740234375 0.04095458984375
0.053192138671875 -0.0183143615722656 0.67071533203125 -0.441650390625
0.0170135498046875 -0.0211849212646484 0.16949462890625 -0.90765380859375
-0.0239830017089844 0.00797462463378906 -0.5753173828125 -0.53668212890625
-0.0239276885986328 0.0219802856445313 -0.593505859375 0.11517333984375
0.0106792449951172 0.012965202331543 -0.31304931640625 0.349395751953125
0.0176258087158203 -0.00321769714355469 0.00671386718749998 0.282135009765625
-0.0156822204589844 -0.000362396240234373 0.185867309570313 0.099822998046875
-0.0139007568359375 -0.000209808349609376 -0.12286376953125 -0.177047729492188
0.0178947448730469 0.0118465423583984 0.1234130859375 -0.294219970703125
0.0104179382324219 0.0137872695922852 0.436248779296875 -0.171661376953125
-0.0292015075683594 0.0222549438476562 0.6170654296875 0.26446533203125
-0.0336036682128906 0.00797843933105469 0.238037109375 0.81378173828125
0.0338172912597656 -0.0515899658203125 -0.421142578125 0.82757568359375
0.0642814636230469 -0.0232162475585938 -0.559539794921875 0.287933349609375
0.0980453491210938 0.0136184692382813 0.153488159179688 0.04058837890625
0.0809097290039063 -0.0262527465820313 0.6695556640625 -0.43231201171875
0.024871826171875 -0.03582763671875 0.18267822265625 -0.90728759765625
-0.0268688201904297 -0.00125694274902344 -0.56561279296875 -0.547119140625
-0.0312938690185547 0.0222339630126953 -0.5982666015625 0.10540771484375
0.00723648071289063 0.0158958435058594 -0.320465087890625 0.345489501953125
0.0149602890014648 -0.000628471374511719 0.000762939453125003 0.282684326171875
-0.0171184539794922 0.00246906280517578 0.183624267578125 0.101287841796875
-0.0148506164550781 0.00405311584472656 -0.126632690429688 -0.1746826171875
0.0158653259277344 0.0124044418334961 0.115447998046875 -0.29541015625
0.00806522369384766 0.0149660110473633 0.428131103515625 -0.185791015625
-0.0324935913085938 0.0192718505859375 0.618896484375 0.238525390625
-0.0363311767578125 0.00339889526367188 0.26275634765625 0.7987060546875
0.038726806640625 -0.0636749267578125 -0.3878173828125 0.84063720703125
0.0890121459960938 -0.0331344604492188 -0.5675048828125 0.30615234375
0.129951477050781 0.0134201049804687 0.126266479492188 0.0416336059570313
0.104843139648438 -0.0326461791992188 0.673583984375 -0.40704345703125
0.0343170166015625 -0.047119140625 0.21710205078125 -0.90234375
-0.0284824371337891 -0.00907707214355469 -0.54974365234375 -0.57427978515625
-0.0359039306640625 0.0223617553710937 -0.608154296875 0.0859375
0.0035247802734375 0.0179023742675781 -0.333160400390625 0.34100341796875
0.0141572952270508 0.00287818908691406 -0.009368896484375 0.28857421875
-0.016383171081543 0.0048980712890625 0.181640625 0.106399536132813
-0.0131645202636719 -0.0254135131835938 -0.1495361328125 -0.164291381835938
0.0272712707519531 -0.0128765106201172 0.07952880859375 -0.30853271484375
0.0296134948730469 -0.00150108337402344 0.37689208984375 -0.260833740234375
0.00450515747070313 0.031707763671875 0.62713623046875 0.098388671875
-0.0152740478515625 0.0602340698242188 0.39056396484375 0.7012939453125
-0.0241222381591797 0.0183353424072266 -0.24737548828125 0.88116455078125
-0.0694618225097656 0.0164985656738281 -0.5771484375 0.4051513671875
-0.0603408813476562 0.0137901306152344 0.0164031982421875 0.076812744140625
-0.0247364044189453 0.0155601501464844 0.6995849609375 -0.2855224609375
-0.00958633422851562 0.0274944305419922 0.39581298828125 -0.868408203125
-0.01226806640625 0.0397987365722656 -0.4385986328125 -0.70233154296875
-0.00624656677246094 0.0314826965332031 -0.6204833984375 -0.0345458984375
0.0207004547119141 0.0102653503417969 -0.3780517578125 0.28515625
0.0328483581542969 -0.0143070220947266 -0.03125 0.286407470703125
-0.0100946426391602 -0.0143108367919922 0.1715087890625 0.114410400390625
-0.0117893218994141 -0.0232810974121094 -0.143569946289062 -0.170501708984375
0.0274887084960938 -0.00904655456542969 0.09344482421875 -0.308258056640625
0.0305824279785156 0.000234603881835937 0.396484375 -0.241180419921875
0.00297164916992187 0.0332679748535156 0.6278076171875 0.14642333984375
-0.0191726684570313 0.0584259033203125 0.34765625 0.73858642578125
-0.0244464874267578 0.0168209075927734 -0.30126953125 0.86761474609375
-0.0706100463867188 0.0149917602539063 -0.57342529296875 0.369873046875
-0.0626678466796875 0.0142631530761719 0.0634117126464844 0.068572998046875
-0.0279064178466797 0.0155162811279297 0.6982421875 -0.33111572265625
-0.00954246520996094 0.0291213989257813 0.32940673828125 -0.88616943359375
-0.0118865966796875 0.0389060974121094 -0.48638916015625 -0.65423583984375
-0.00564193725585937 0.0273342132568359 -0.614501953125 0.01055908203125
0.022491455078125 0.00745964050292969 -0.357330322265625 0.304840087890625
0.0311927795410156 -0.013824462890625 -0.01751708984375 0.285675048828125
-0.0124273300170898 -0.0145740509033203 0.176803588867188 0.111373901367188
-0.0106067657470703 -0.02154541015625 -0.136611938476563 -0.17510986328125
0.0289726257324219 -0.00436973571777344 0.108551025390625 -0.306854248046875
0.0283737182617188 0.00389480590820313 0.4127197265625 -0.21527099609375
-0.00335502624511719 0.0318412780761719 0.623046875 0.19598388671875
-0.023712158203125 0.0514144897460938 0.29998779296875 0.7728271484375
-0.0192470550537109 0.00693702697753906 -0.35589599609375 0.849365234375
-0.0582771301269531 0.00897979736328126 -0.56744384765625 0.33270263671875
-0.0490913391113281 0.0141677856445312 0.108695983886719 0.0603790283203125
-0.0160121917724609 0.0109653472900391 0.69036865234375 -0.3746337890625
-0.00487327575683594 0.0217151641845703 0.2640380859375 -0.8970947265625
-0.0119380950927734 0.0341701507568359 -0.525146484375 -0.6072998046875
-0.0070648193359375 0.0259189605712891 -0.605712890625 0.0545043945312499
0.0214653015136719 0.00508880615234375 -0.33746337890625 0.323394775390625
0.0290718078613281 -0.0118465423583984 -0.00424194335937498 0.284515380859375
-0.0120506286621094 -0.0116910934448242 0.18243408203125 0.10845947265625
-0.0118904113769531 -0.0155487060546875 -0.130477905273437 -0.17938232421875
0.0265254974365234 0.000690460205078125 0.12060546875 -0.3021240234375
0.0251789093017578 0.00891304016113281 0.427703857421875 -0.192840576171875
-0.0100917816162109 0.0306377410888672 0.6214599609375 0.23785400390625
-0.028717041015625 0.0425071716308594 0.26080322265625 0.8001708984375
-0.00812149047851562 -0.0064396858215332 -0.39776611328125 0.83428955078125
-0.03424072265625 0.00346183776855469 -0.5599365234375 0.305999755859375
-0.0198936462402344 0.0147418975830078 0.143447875976563 0.0529632568359375
0.00422072410583496 0.00381350517272949 0.683837890625 -0.409423828125
0.00131416320800781 0.008819580078125 0.21417236328125 -0.90594482421875
-0.0138473510742188 0.0268688201904297 -0.55340576171875 -0.57208251953125
-0.0101699829101563 0.0241413116455078 -0.5989990234375 0.0871582031249999
0.0193061828613281 0.00787544250488281 -0.32122802734375 0.336944580078125
0.0253715515136719 -0.00941848754882813 0.00317382812500003 0.2821044921875
-0.0135955810546875 -0.00815200805664063 0.183364868164062 0.105484008789062
-0.0134048461914063 -0.00856399536132812 -0.12506103515625 -0.181015014648437
0.0242538452148438 0.00601768493652344 0.126556396484375 -0.297637939453125
0.0193462371826172 0.0114898681640625 0.4366455078125 -0.17755126953125
-0.0174274444580078 0.0267391204833984 0.61712646484375 0.26397705078125
-0.0318717956542969 0.0284557342529297 0.23284912109375 0.81463623046875
0.00507736206054688 -0.0219078063964844 -0.4234619140625 0.82415771484375
-0.00070333480834961 -0.00502586364746094 -0.557586669921875 0.28961181640625
0.0180511474609375 0.0157890319824219 0.162445068359375 0.045623779296875
0.0269927978515625 -0.00798416137695312 0.6781005859375 -0.43243408203125
0.00813913345336914 -0.00580787658691406 0.18341064453125 -0.91070556640625
-0.0172109603881836 0.0163125991821289 -0.57037353515625 -0.54638671875
-0.0178298950195313 0.0220737457275391 -0.59417724609375 0.108642578125
0.0152082443237305 0.00986671447753906 -0.31304931640625 0.34454345703125
0.0213375091552734 -0.0059661865234375 0.00582885742187498 0.282989501953125
-0.0147790908813477 -0.00198078155517578 0.186065673828125 0.102188110351562
-0.0131654739379883 -0.00460433959960938 -0.121688842773437 -0.181961059570313
0.0214443206787109 0.00958251953125 0.127777099609375 -0.29644775390625
0.0149612426757813 0.0133228302001953 0.439422607421875 -0.170166015625
-0.0243301391601562 0.0240898132324219 0.6177978515625 0.2733154296875
-0.0316295623779297 0.0166893005371094 0.2265625 0.8197021484375
0.022125244140625 -0.0372886657714844 -0.43060302734375 0.82342529296875
0.0341796875 -0.0141258239746094 -0.5582275390625 0.2823486328125
0.05841064453125 0.0150108337402344 0.166152954101563 0.0412139892578125
0.0535926818847656 -0.0201225280761719 0.6732177734375 -0.440673828125
0.0171298980712891 -0.0213050842285156 0.17022705078125 -0.908935546875
-0.0217475891113281 0.00828361511230469 -0.5765380859375 -0.5396728515625
-0.0243186950683594 0.0222053527832031 -0.594970703125 0.11529541015625
0.0116958618164063 0.0118303298950195 -0.3126220703125 0.348175048828125
0.016993522644043 -0.00372028350830078 0.00717163085937502 0.283203125
-0.0162734985351563 0.00130653381347656 0.186737060546875 0.102066040039063
-0.0150966644287109 0.00019741058349609 -0.122467041015625 -0.180023193359375
0.0185203552246094 0.0118026733398437 0.126129150390625 -0.2952880859375
0.00936126708984375 0.015385627746582 0.438751220703125 -0.17169189453125
-0.0288066864013672 0.0218086242675781 0.61895751953125 0.2647705078125
-0.0336818695068359 0.00803756713867188 0.236083984375 0.81500244140625
0.0333976745605469 -0.0516853332519531 -0.4212646484375 0.82684326171875
0.0650901794433594 -0.0225944519042969 -0.5618896484375 0.287445068359375
0.0973587036132813 0.0157928466796875 0.154373168945313 0.0392913818359375
0.080291748046875 -0.0289688110351563 0.67156982421875 -0.43115234375
0.0255928039550781 -0.0366325378417969 0.1842041015625 -0.90777587890625
-0.0270347595214844 -0.00227928161621094 -0.5682373046875 -0.548583984375
-0.0303363800048828 0.0225257873535156 -0.59954833984375 0.10687255859375
0.00658226013183594 0.0157403945922852 -0.3204345703125 0.34857177734375
0.0149507522583008 0.000482559204101563 0.000518798828124984 0.28497314453125
-0.0154657363891602 0.00504589080810547 0.184890747070312 0.104339599609375
-0.0156526565551758 0.00296115875244141 -0.127777099609375 -0.17718505859375
0.0162830352783203 0.0127716064453125 0.116546630859375 -0.297027587890625
0.00725650787353516 0.0149154663085938 0.43017578125 -0.18536376953125
-0.0319480895996094 0.0204982757568359 0.622802734375 0.23931884765625
-0.0337944030761719 0.00219535827636719 0.26629638671875 0.79693603515625
0.040557861328125 -0.0634384155273438 -0.388916015625 0.840087890625
0.0886459350585938 -0.0317916870117188 -0.56915283203125 0.30462646484375
0.1292724609375 0.0156478881835938 0.125030517578125 0.0424957275390625
0.105697631835938 -0.0351791381835938 0.67266845703125 -0.4071044921875
0.0344734191894531 -0.0462760925292969 0.21710205078125 -0.90338134765625
-0.02899169921875 -0.00992584228515626 -0.55145263671875 -0.5765380859375
-0.036224365234375 0.0223770141601562 -0.6065673828125 0.0852661132812501
0.00402450561523437 0.0195236206054688 -0.33477783203125 0.342529296875
0.0134868621826172 0.00276851654052734 -0.00802612304687503 0.28973388671875
-0.0159311294555664 0.00860786437988281 0.181930541992188 0.108123779296875
-0.0154972076416016 -0.0233402252197266 -0.150985717773438 -0.16436767578125
0.0263347625732422 -0.0113849639892578 0.078369140625 -0.3104248046875
0.0294151306152344 -0.00277328491210938 0.378265380859375 -0.262054443359375
0.0056304931640625 0.0331878662109375 0.62939453125 0.0986328125
-0.0147590637207031 0.0605697631835938 0.39385986328125 0.701171875
-0.0234603881835937 0.0179824829101563 -0.24664306640625 0.88372802734375
-0.0696372985839844 0.0171890258789062 -0.57989501953125 0.40618896484375
-0.06219482421875 0.0139389038085938 0.0137710571289063 0.0772247314453125
-0.0256023406982422 0.0161666870117188 0.70062255859375 -0.28466796875
-0.00786018371582031 0.0270576477050781 0.39642333984375 -0.87225341796875
-0.0117874145507812 0.0396957397460938 -0.4393310546875 -0.70367431640625
-0.00560188293457031 0.0306396484375 -0.62213134765625 -0.0341796874999999
0.0215339660644531 0.0105724334716797 -0.378448486328125 0.286376953125
0.0322036743164063 -0.0160560607910156 -0.030853271484375 0.289764404296875
-0.0100669860839844 -0.015192985534668 0.172210693359375 0.117294311523437
-0.0123538970947266 -0.0232162475585938 -0.1453857421875 -0.171737670898438
0.0287914276123047 -0.00840568542480469 0.093017578125 -0.309906005859375
0.0311355590820313 0.00107955932617188 0.396820068359375 -0.240631103515625
0.00232315063476563 0.0339069366455078 0.63067626953125 0.146240234375
-0.0188407897949219 0.0580253601074219 0.35125732421875 0.7408447265625
-0.0258846282958984 0.0157661437988281 -0.302001953125 0.86871337890625
-0.0716629028320313 0.0174942016601562 -0.5770263671875 0.37078857421875
-0.064605712890625 0.0135879516601562 0.0633735656738281 0.0693778991699219
-0.0277633666992188 0.0152702331542969 0.698974609375 -0.32904052734375
-0.00957489013671875 0.0286483764648438 0.3294677734375 -0.8883056640625
-0.0115776062011719 0.0394515991210938 -0.4853515625 -0.6553955078125
-0.00486183166503907 0.0285720825195313 -0.6151123046875 0.01226806640625
0.02191162109375 0.00831031799316406 -0.35791015625 0.306304931640625
0.0304584503173828 -0.0135955810546875 -0.017822265625 0.287017822265625
-0.0124149322509766 -0.0138149261474609 0.17669677734375 0.111984252929688
-0.0136222839355469 -0.0205745697021484 -0.137039184570313 -0.176422119140625
0.0289325714111328 -0.00400543212890625 0.107574462890625 -0.307373046875
0.0279197692871094 0.00557518005371094 0.41436767578125 -0.215484619140625
-0.00332832336425781 0.032745361328125 0.626708984375 0.1966552734375
-0.0236549377441406 0.0511627197265625 0.3031005859375 0.7734375
-0.0199794769287109 0.00737571716308593 -0.35565185546875 0.85125732421875
-0.0594596862792969 0.0116424560546875 -0.569091796875 0.33489990234375
-0.0495262145996094 0.0143775939941406 0.106674194335938 0.061065673828125
-0.0153732299804688 0.0109672546386719 0.69293212890625 -0.377197265625
-0.00606918334960938 0.0208702087402344 0.26275634765625 -0.9012451171875
-0.0115947723388672 0.0339164733886719 -0.5267333984375 -0.60833740234375
-0.00675201416015625 0.0264244079589844 -0.607421875 0.0537109375
0.0214767456054688 0.00556564331054688 -0.336334228515625 0.323211669921875
0.0281410217285156 -0.0135231018066406 -0.00442504882812497 0.285369873046875
-0.0141839981079102 -0.0119056701660156 0.181076049804688 0.109939575195313
-0.0136327743530273 -0.0142507553100586 -0.131393432617187 -0.180557250976563
0.0264415740966797 0.00164413452148438 0.119171142578125 -0.30218505859375
0.0245246887207031 0.00898170471191406 0.42864990234375 -0.193206787109375
-0.0107288360595703 0.0307540893554688 0.6239013671875 0.2366943359375
-0.0279808044433594 0.0406532287597656 0.26263427734375 0.79925537109375
-0.00764179229736328 -0.00658893585205078 -0.399169921875 0.83514404296875
-0.0342807769775391 0.00507354736328125 -0.561767578125 0.30657958984375
-0.0220088958740234 0.0150794982910156 0.140823364257813 0.0520172119140625
0.00223970413208008 0.00235486030578613 0.6856689453125 -0.4100341796875
0.00263404846191406 0.00996112823486328 0.212158203125 -0.90838623046875
-0.0143527984619141 0.0256633758544922 -0.55560302734375 -0.57073974609375
-0.0123138427734375 0.0249977111816406 -0.603271484375 0.0893554687499999
0.0186958312988281 0.0063629150390625 -0.32281494140625 0.33843994140625
0.0258369445800781 -0.00941658020019531 0.00314331054687499 0.28350830078125
-0.0144414901733398 -0.00806045532226562 0.18280029296875 0.104660034179688
-0.0131416320800781 -0.00850677490234375 -0.126983642578125 -0.18316650390625
0.0234947204589844 0.00681495666503906 0.127288818359375 -0.3001708984375
0.0192794799804688 0.0117511749267578 0.43841552734375 -0.17779541015625
-0.0163173675537109 0.0278778076171875 0.6202392578125 0.26446533203125
-0.0306491851806641 0.0286083221435547 0.23699951171875 0.81829833984375
0.00647163391113281 -0.0207901000976563 -0.42462158203125 0.82763671875
-0.000895738601684571 -0.00359010696411133 -0.5595703125 0.290130615234375
0.016510009765625 0.0144758224487305 0.163360595703125 0.04644775390625
0.0279865264892578 -0.00764083862304688 0.6781005859375 -0.4337158203125
0.00910663604736328 -0.00675773620605469 0.181640625 -0.913818359375
-0.0168628692626953 0.0177936553955078 -0.5716552734375 -0.54888916015625
-0.0159244537353516 0.0226707458496094 -0.5963134765625 0.1094970703125
0.014643669128418 0.00888824462890625 -0.313323974609375 0.347625732421875
0.0209541320800781 -0.00584030151367188 0.00704956054687499 0.282806396484375
-0.0140924453735352 -0.00325202941894531 0.1881103515625 0.103317260742188
-0.0145797729492188 -0.00317764282226562 -0.123626708984375 -0.18243408203125
0.0218620300292969 0.00910758972167969 0.126373291015625 -0.29901123046875
0.0152292251586914 0.0136089324951172 0.44183349609375 -0.1710205078125
-0.0245475769042969 0.0251636505126953 0.61859130859375 0.27154541015625
-0.0329875946044922 0.0177726745605469 0.2296142578125 0.8233642578125
0.0213356018066406 -0.037689208984375 -0.4324951171875 0.823974609375
0.0321826934814453 -0.0127391815185547 -0.56011962890625 0.28204345703125
0.0575828552246094 0.0158500671386719 0.165328979492188 0.0402984619140625
0.0535736083984375 -0.0188026428222656 0.674072265625 -0.43975830078125
0.0165348052978516 -0.0228157043457031 0.17236328125 -0.9111328125
-0.0209865570068359 0.00722312927246094 -0.57733154296875 -0.54119873046875
-0.0235671997070313 0.0229339599609375 -0.5947265625 0.11651611328125
0.0115146636962891 0.0123958587646484 -0.313079833984375 0.350555419921875
0.0173139572143555 -0.00314235687255859 0.00616455078125002 0.282470703125
-0.0165300369262695 0.00237560272216797 0.187179565429688 0.104415893554688
-0.0144414901733398 -0.000300407409667967 -0.125534057617188 -0.180023193359375
0.0181598663330078 0.0122623443603516 0.124176025390625 -0.298614501953125
0.00977611541748047 0.0143804550170898 0.440643310546875 -0.17425537109375
-0.0282211303710937 0.0213298797607422 0.62353515625 0.264404296875
-0.0319786071777344 0.00655555725097656 0.24267578125 0.81463623046875
0.0342063903808594 -0.0518112182617187 -0.41986083984375 0.82867431640625
0.0666351318359375 -0.0217323303222656 -0.563232421875 0.28814697265625
0.09600830078125 0.0154266357421875 0.15155029296875 0.040771484375
0.0806045532226563 -0.0288238525390625 0.6741943359375 -0.4317626953125
0.0266265869140625 -0.0368385314941406 0.18658447265625 -0.90972900390625
-0.0243434906005859 -0.00149154663085938 -0.5692138671875 -0.54998779296875
-0.0305004119873047 0.0233631134033203 -0.6004638671875 0.10882568359375
0.00710105895996094 0.0175724029541016 -0.320037841796875 0.34698486328125
0.0139656066894531 0.00100231170654297 0.00262451171875001 0.28753662109375
-0.0159692764282227 0.00487041473388672 0.185455322265625 0.104965209960937
-0.0152187347412109 0.00400638580322266 -0.12860107421875 -0.176895141601562
0.0166997909545898 0.0129384994506836 0.114471435546875 -0.299774169921875
0.00703239440917969 0.0162200927734375 0.430023193359375 -0.187744140625
-0.0323677062988281 0.0210800170898438 0.62713623046875 0.23602294921875
-0.0345802307128906 0.00136375427246094 0.2689208984375 0.79730224609375
0.0409126281738281 -0.0652427673339844 -0.3892822265625 0.8402099609375
0.0877532958984375 -0.0313339233398438 -0.57049560546875 0.30517578125
0.127738952636719 0.0153427124023438 0.124862670898438 0.041259765625
0.105674743652344 -0.0348129272460938 0.67291259765625 -0.40679931640625
0.0349159240722656 -0.0477485656738281 0.22003173828125 -0.9073486328125
-0.0289497375488281 -0.00966072082519531 -0.55120849609375 -0.575439453125
-0.0357704162597656 0.0223846435546875 -0.60845947265625 0.08770751953125
0.00333404541015625 0.0183925628662109 -0.335662841796875 0.3421630859375
0.0123147964477539 0.00322818756103516 -0.00769042968750003 0.29180908203125
-0.0152816772460938 0.00661373138427735 0.182052612304688 0.109573364257813
-0.0139255523681641 -0.0241641998291016 -0.152359008789063 -0.166595458984375
0.0266361236572266 -0.0110263824462891 0.078277587890625 -0.31280517578125
0.0281963348388672 -0.00128936767578125 0.378997802734375 -0.263641357421875
0.00482368469238281 0.0324897766113281 0.63214111328125 0.09783935546875
-0.0134162902832031 0.0592918395996094 0.39959716796875 0.703369140625
-0.0243816375732422 0.0184249877929688 -0.2464599609375 0.88592529296875
-0.069671630859375 0.0178947448730469 -0.58367919921875 0.408203125
-0.0624923706054688 0.0156135559082031 0.0141067504882812 0.0771636962890625
-0.0243320465087891 0.0152320861816406 0.70404052734375 -0.28497314453125
-0.00928306579589844 0.0266895294189453 0.39794921875 -0.8746337890625
-0.0118751525878906 0.0386962890625 -0.4425048828125 -0.7056884765625
-0.00554084777832031 0.0320625305175781 -0.6236572265625 -0.0346679687500001
0.0219841003417969 0.00909233093261719 -0.380401611328125 0.28668212890625
0.0327415466308594 -0.0150966644287109 -0.029998779296875 0.28912353515625
-0.0105657577514648 -0.0164251327514648 0.171844482421875 0.117950439453125
-0.0135078430175781 -0.0224666595458984 -0.145599365234375 -0.17364501953125
0.02862548828125 -0.0072784423828125 0.0928955078125 -0.312744140625
0.0297794342041016 0.000886917114257813 0.39453125 -0.242828369140625
0.001190185546875 0.0342025756835938 0.63397216796875 0.1466064453125
-0.0185813903808594 0.0576515197753906 0.35260009765625 0.74127197265625
-0.0245952606201172 0.0150814056396484 -0.3016357421875 0.872314453125
-0.0721664428710938 0.019134521484375 -0.57843017578125 0.3702392578125
-0.0649337768554688 0.0155601501464844 0.0615692138671875 0.0674552917480469
-0.0264015197753906 0.01495361328125 0.70068359375 -0.33209228515625
-0.00909233093261719 0.0264739990234375 0.329833984375 -0.892333984375
-0.0114212036132812 0.0391273498535156 -0.488037109375 -0.65728759765625
-0.00294876098632813 0.0288314819335937 -0.6181640625 0.01239013671875
0.0218086242675781 0.00746536254882813 -0.3565673828125 0.30926513671875
0.0309963226318359 -0.0153179168701172 -0.016143798828125 0.2890625
-0.011474609375 -0.0129880905151367 0.17816162109375 0.11444091796875
-0.0126190185546875 -0.0193691253662109 -0.139968872070313 -0.179931640625
0.0287876129150391 -0.00307464599609375 0.106964111328125 -0.31060791015625
0.0270252227783203 0.00518417358398438 0.414825439453125 -0.217010498046875
-0.00280952453613281 0.0336780548095703 0.632080078125 0.1971435546875
-0.0247879028320313 0.0512962341308594 0.30706787109375 0.77410888671875
-0.0192813873291016 0.00598335266113281 -0.3563232421875 0.85113525390625
-0.0600776672363281 0.0148353576660156 -0.5711669921875 0.33477783203125
-0.04949951171875 0.0145835876464844 0.107696533203125 0.0602645874023438
-0.016510009765625 0.0105161666870117 0.69305419921875 -0.37603759765625
-0.00316047668457031 0.0203132629394531 0.26422119140625 -0.90234375
-0.00946426391601562 0.0336074829101563 -0.52862548828125 -0.60870361328125
-0.00741386413574218 0.0267333984375 -0.60980224609375 0.0562133789062501
0.0212230682373047 0.00646018981933594 -0.336761474609375 0.326324462890625
0.0277729034423828 -0.0133457183837891 -0.00448608398437497 0.289031982421875
-0.0134801864624023 -0.00998210906982422 0.182144165039063 0.110198974609375
-0.0133752822875977 -0.0142316818237305 -0.131744384765625 -0.18182373046875
0.0274391174316406 0.00140190124511719 0.119110107421875 -0.3062744140625
0.0235042572021484 0.00861167907714844 0.4300537109375 -0.19573974609375
-0.0101356506347656 0.0316734313964844 0.62786865234375 0.2373046875
-0.0268440246582031 0.0396766662597656 0.2677001953125 0.80291748046875
-0.00745439529418945 -0.00762796401977539 -0.3978271484375 0.84075927734375
-0.0347633361816406 0.00553321838378906 -0.56597900390625 0.30908203125
-0.0226345062255859 0.0160713195800781 0.140205383300781 0.0528488159179688
0.00277924537658691 0.00210452079772949 0.68536376953125 -0.4122314453125
0.00197076797485352 0.00861501693725586 0.2138671875 -0.9130859375
-0.0129680633544922 0.0250701904296875 -0.556884765625 -0.57342529296875
-0.0112457275390625 0.0231456756591797 -0.6029052734375 0.0882568359375001
0.0189437866210938 0.00594329833984375 -0.321990966796875 0.33935546875
0.0242767333984375 -0.00962066650390625 0.00350952148437502 0.286163330078125
-0.0146188735961914 -0.00593471527099609 0.1856689453125 0.105804443359375
-0.0135946273803711 -0.00803089141845703 -0.12725830078125 -0.184844970703125
0.0243797302246094 0.00535011291503906 0.1251220703125 -0.301300048828125
0.0188827514648438 0.0109939575195313 0.43890380859375 -0.17938232421875
-0.0181217193603516 0.0287914276123047 0.6265869140625 0.2625732421875
-0.0296249389648438 0.0275955200195312 0.2406005859375 0.82000732421875
0.0072174072265625 -0.0224456787109375 -0.4248046875 0.82794189453125
-0.00293612480163574 -0.00344157218933106 -0.56231689453125 0.28985595703125
0.0167083740234375 0.0154762268066406 0.16131591796875 0.04498291015625
0.0279178619384766 -0.00913238525390625 0.68145751953125 -0.435546875
0.00880146026611328 -0.00656509399414063 0.1827392578125 -0.91650390625
-0.0167684555053711 0.0174036026000977 -0.57415771484375 -0.5498046875
-0.0180740356445313 0.0239524841308594 -0.59832763671875 0.1097412109375
0.0153112411499023 0.00920581817626953 -0.31573486328125 0.34759521484375
0.0218486785888672 -0.0070037841796875 0.00708007812500002 0.28497314453125
-0.0151233673095703 -0.00258827209472656 0.188888549804688 0.103424072265625
-0.0142278671264648 -0.0012674331665039 -0.12579345703125 -0.184158325195313
0.0222759246826172 0.0109405517578125 0.126617431640625 -0.301605224609375
0.0145645141601563 0.0154361724853516 0.442352294921875 -0.17303466796875
-0.0243358612060547 0.0258293151855469 0.625244140625 0.27252197265625
-0.0311775207519531 0.0157012939453125 0.2332763671875 0.8248291015625
0.0213966369628906 -0.0375137329101563 -0.429931640625 0.82696533203125
0.0329399108886719 -0.0105857849121094 -0.56280517578125 0.2840576171875
0.0575828552246094 0.0172233581542969 0.16558837890625 0.0420379638671875
0.053985595703125 -0.0198516845703125 0.67559814453125 -0.441650390625
0.0178451538085938 -0.0223293304443359 0.1715087890625 -0.91607666015625
-0.0214443206787109 0.00728034973144532 -0.58056640625 -0.5399169921875
-0.0245685577392578 0.0237255096435547 -0.596435546875 0.11834716796875
0.0105390548706055 0.0122852325439453 -0.313446044921875 0.353179931640625
0.0174074172973633 -0.00317001342773438 0.00747680664062498 0.2880859375
-0.0152759552001953 0.00255489349365234 0.188430786132813 0.103744506835938
-0.0151958465576172 0.00295829772949219 -0.1259765625 -0.18194580078125
0.0207366943359375 0.0137825012207031 0.12213134765625 -0.298828125
0.00826644897460937 0.0159111022949219 0.441253662109375 -0.1761474609375
-0.029144287109375 0.0228919982910156 0.6260986328125 0.26531982421875
-0.032257080078125 0.00654411315917968 0.24359130859375 0.817626953125
0.0346527099609375 -0.0524139404296875 -0.420654296875 0.83306884765625
0.0650291442871094 -0.0201950073242187 -0.56689453125 0.28973388671875
0.0967559814453125 0.0177078247070313 0.153213500976563 0.039825439453125
0.0822525024414063 -0.028594970703125 0.6741943359375 -0.433349609375
0.02532958984375 -0.036865234375 0.18719482421875 -0.91168212890625
-0.0251560211181641 -0.00256156921386719 -0.57257080078125 -0.55078125
-0.0301284790039062 0.0229778289794922 -0.60028076171875 0.10906982421875
0.00737380981445312 0.0165529251098633 -0.3218994140625 0.3511962890625
0.0157403945922852 -0.00107669830322266 0.00213623046875002 0.290313720703125
-0.0160989761352539 0.00719261169433594 0.186721801757813 0.106964111328125
-0.0160932540893555 0.00547218322753906 -0.129135131835938 -0.180084228515625
0.0179882049560547 0.0128135681152344 0.114105224609375 -0.30084228515625
0.00671958923339844 0.0160970687866211 0.432647705078125 -0.1898193359375
-0.0331592559814453 0.0214042663574219 0.630615234375 0.23828125
-0.0338783264160156 0.00192260742187499 0.274169921875 0.79949951171875
0.0420608520507813 -0.063934326171875 -0.38934326171875 0.843505859375
0.0890579223632812 -0.03021240234375 -0.5745849609375 0.306640625
0.127540588378906 0.017852783203125 0.122634887695313 0.0413055419921875
0.104499816894531 -0.0357437133789063 0.67559814453125 -0.40667724609375
0.0370216369628906 -0.048919677734375 0.21978759765625 -0.908447265625
-0.0280609130859375 -0.00923728942871094 -0.55487060546875 -0.575927734375
-0.0360107421875 0.0232124328613281 -0.60968017578125 0.0869140624999999
0.00379562377929687 0.0184612274169922 -0.335540771484375 0.34478759765625
0.0120458602905273 0.00242519378662109 -0.00640869140624997 0.293487548828125
-0.0158596038818359 0.00899600982666016 0.183380126953125 0.109375
-0.0141162872314453 -0.0225849151611328 -0.153778076171875 -0.168991088867187
0.0276527404785156 -0.0116672515869141 0.07574462890625 -0.3175048828125
0.0288486480712891 -0.000734329223632813 0.381378173828125 -0.2669677734375
0.004547119140625 0.0339107513427734 0.63970947265625 0.095458984375
-0.0143280029296875 0.0596427917480469 0.4033203125 0.705322265625
-0.0236949920654297 0.0165004730224609 -0.24261474609375 0.88946533203125
-0.070587158203125 0.0198593139648438 -0.584228515625 0.41021728515625
-0.0634918212890625 0.017059326171875 0.0118560791015625 0.0746078491210938
-0.0254840850830078 0.0159206390380859 0.70611572265625 -0.28692626953125
-0.00791168212890625 0.0261497497558594 0.3973388671875 -0.877685546875
-0.0122184753417969 0.0391998291015625 -0.4456787109375 -0.7076416015625
-0.0052642822265625 0.0320873260498047 -0.627197265625 -0.0332031250000001
0.0208854675292969 0.00969314575195313 -0.37939453125 0.2894287109375
0.0312652587890625 -0.0156784057617188 -0.029083251953125 0.292144775390625
-0.0121402740478516 -0.0135297775268555 0.174972534179688 0.11712646484375
-0.0140419006347656 -0.0225677490234375 -0.147903442382812 -0.174148559570313
0.0298194885253906 -0.00765419006347656 0.092254638671875 -0.315185546875
0.0292148590087891 0.00353050231933594 0.39923095703125 -0.2462158203125
0.00205421447753906 0.0343284606933594 0.637939453125 0.1456298828125
-0.0188865661621094 0.0569267272949219 0.359375 0.74310302734375
-0.0245532989501953 0.0151252746582031 -0.30029296875 0.874755859375
-0.0734710693359375 0.0193634033203125 -0.5809326171875 0.37646484375
-0.0652999877929688 0.0160980224609375 0.0612220764160156 0.0681266784667969
-0.0287399291992188 0.0142536163330078 0.70489501953125 -0.33416748046875
-0.00812149047851562 0.0273189544677734 0.33087158203125 -0.8951416015625
-0.0102577209472656 0.0399208068847656 -0.492919921875 -0.658447265625
-0.00473403930664063 0.0298900604248047 -0.62054443359375 0.01312255859375
0.0220947265625 0.00691986083984375 -0.35797119140625 0.3101806640625
0.0311985015869141 -0.0160865783691406 -0.015960693359375 0.29132080078125
-0.0128726959228516 -0.0131511688232422 0.179656982421875 0.11474609375
-0.0146236419677734 -0.0197200775146484 -0.141128540039063 -0.180084228515625
0.0281829833984375 -0.00173377990722656 0.105682373046875 -0.315277099609375
0.0264873504638672 0.00390243530273438 0.414306640625 -0.222259521484375
-0.00320625305175782 0.0343837738037109 0.63739013671875 0.19580078125
-0.0237045288085938 0.0496482849121094 0.31280517578125 0.77801513671875
-0.0201778411865234 0.00605010986328125 -0.3538818359375 0.85845947265625
-0.0594520568847656 0.0134963989257813 -0.57574462890625 0.3388671875
-0.050872802734375 0.0156402587890625 0.105537414550781 0.06011962890625
-0.0171089172363281 0.0107307434082031 0.6961669921875 -0.378173828125
-0.00444602966308594 0.0181522369384766 0.26226806640625 -0.90960693359375
-0.00960922241210938 0.0329742431640625 -0.53277587890625 -0.6109619140625
-0.00672149658203125 0.0269851684570313 -0.61016845703125 0.0557861328125001
0.0201473236083984 0.00634002685546875 -0.338287353515625 0.32861328125
0.0291366577148438 -0.0129795074462891 -0.00320434570312501 0.288330078125
-0.0138626098632813 -0.00930118560791016 0.183364868164063 0.110443115234375
-0.0109272003173828 -0.0129318237304688 -0.134292602539063 -0.184707641601563
0.0274620056152344 0.00336647033691406 0.1182861328125 -0.30987548828125
0.0230731964111328 0.0101776123046875 0.4320068359375 -0.19793701171875
-0.0103321075439453 0.0322265625 0.63433837890625 0.235595703125
-0.0262184143066406 0.0413360595703125 0.2723388671875 0.805419921875
-0.00699996948242187 -0.00672340393066406 -0.39544677734375 0.84393310546875
-0.0345058441162109 0.00604438781738281 -0.5679931640625 0.3115234375
-0.0222949981689453 0.0165767669677734 0.14251708984375 0.0519561767578125
0.00167202949523926 0.00354480743408203 0.68853759765625 -0.41448974609375
0.00109004974365234 0.00654363632202148 0.212890625 -0.91583251953125
-0.0125579833984375 0.0246334075927734 -0.56103515625 -0.5758056640625
-0.0100135803222656 0.0246181488037109 -0.6051025390625 0.0907592773437499
0.0183486938476563 0.0054473876953125 -0.322662353515625 0.34161376953125
0.0246334075927734 -0.0106258392333984 0.00735473632812498 0.288787841796875
-0.0173711776733398 -0.00639057159423828 0.186050415039063 0.107467651367188
-0.0161514282226563 -0.00570487976074219 -0.129608154296875 -0.186248779296875
0.0254077911376953 0.00667762756347656 0.12420654296875 -0.306304931640625
0.0193023681640625 0.0129127502441406 0.442474365234375 -0.18218994140625
-0.0187034606933594 0.0302352905273438 0.631103515625 0.2623291015625
-0.0289726257324219 0.0278663635253906 0.2470703125 0.82330322265625
0.0081024169921875 -0.0235595703125 -0.42401123046875 0.83306884765625
-0.00358915328979492 -0.00130319595336914 -0.5654296875 0.29315185546875
0.0159111022949219 0.0171356201171875 0.161209106445313 0.046234130859375
0.0266971588134766 -0.00897407531738281 0.6839599609375 -0.43621826171875
0.00926876068115234 -0.00707149505615234 0.17950439453125 -0.921630859375
-0.0146188735961914 0.0160284042358398 -0.5750732421875 -0.55096435546875
-0.0173549652099609 0.0237159729003906 -0.59906005859375 0.11236572265625
0.0154142379760742 0.00945854187011719 -0.3153076171875 0.352020263671875
0.0195884704589844 -0.00774192810058594 0.00720214843749998 0.288665771484375
-0.0180530548095703 -0.000242233276367187 0.188934326171875 0.107223510742188
-0.0139007568359375 -0.000430107116699222 -0.127761840820312 -0.186172485351563
0.0236606597900391 0.00983810424804688 0.126220703125 -0.303253173828125
0.0154733657836914 0.0155534744262695 0.44439697265625 -0.17645263671875
-0.0246372222900391 0.0258903503417969 0.63043212890625 0.271728515625
-0.0312767028808594 0.0160293579101563 0.23883056640625 0.82781982421875
0.02264404296875 -0.0390090942382813 -0.43011474609375 0.83111572265625
0.0333423614501953 -0.0108222961425781 -0.56475830078125 0.28497314453125
0.0570106506347656 0.0175628662109375 0.165374755859375 0.0411529541015625
0.0542793273925781 -0.0195846557617188 0.67669677734375 -0.4437255859375
0.0172691345214844 -0.0232696533203125 0.1719970703125 -0.91864013671875
-0.0210800170898438 0.00628280639648437 -0.584716796875 -0.54229736328125
-0.02288818359375 0.0237026214599609 -0.59881591796875 0.1209716796875
0.0100793838500977 0.0130720138549805 -0.3138427734375 0.355712890625
0.0168933868408203 -0.00445175170898438 0.00708007812499997 0.28936767578125
-0.0163669586181641 0.00279045104980469 0.1898193359375 0.105422973632812
-0.0128488540649414 0.00362014770507812 -0.128219604492188 -0.182464599609375
0.0200538635253906 0.0127906799316406 0.121826171875 -0.302734375
0.0101985931396484 0.0164718627929688 0.44232177734375 -0.18017578125
-0.030975341796875 0.023101806640625 0.63104248046875 0.26361083984375
-0.0312690734863281 0.00585365295410157 0.24951171875 0.8218994140625
0.0340461730957031 -0.0533180236816406 -0.41802978515625 0.83477783203125
0.0652961730957031 -0.0199241638183594 -0.57037353515625 0.29205322265625
0.0947341918945312 0.0170822143554688 0.149215698242188 0.0410614013671875
0.081512451171875 -0.0286178588867188 0.6754150390625 -0.4306640625
0.0267677307128906 -0.0379867553710938 0.185546875 -0.91546630859375
-0.0243263244628906 -0.00275421142578125 -0.5767822265625 -0.551513671875
-0.0308628082275391 0.0226173400878906 -0.604248046875 0.110595703125
0.00660514831542969 0.0153121948242188 -0.321624755859375 0.353179931640625
0.0144786834716797 0.000477790832519531 0.00357055664062498 0.29345703125
-0.0165987014770508 0.00662708282470703 0.188323974609375 0.108383178710938
-0.0153493881225586 0.0066375732421875 -0.13128662109375 -0.18170166015625
0.0181827545166016 0.0135498046875 0.114166259765625 -0.304107666015625
0.00694465637207031 0.0179119110107422 0.434051513671875 -0.193695068359375
-0.0320148468017578 0.0218563079833984 0.63482666015625 0.2362060546875
-0.0338020324707031 0.00140380859375 0.27667236328125 0.80218505859375
0.0418739318847656 -0.0652313232421875 -0.3878173828125 0.847412109375
0.0891952514648438 -0.0284500122070313 -0.57769775390625 0.30938720703125
0.128807067871094 0.0187835693359375 0.122650146484375 0.0411834716796875
0.105216979980469 -0.0354843139648438 0.6773681640625 -0.41070556640625
0.0348243713378906 -0.0485725402832031 0.21771240234375 -0.9127197265625
-0.0267963409423828 -0.0119647979736328 -0.56005859375 -0.57769775390625
-0.035308837890625 0.0236625671386719 -0.61395263671875 0.0914306640625
0.00440025329589844 0.0183429718017578 -0.334625244140625 0.348785400390625
0.0125570297241211 0.00218296051025391 -0.007232666015625 0.29547119140625
-0.0158071517944336 0.00858116149902344 0.185104370117188 0.111053466796875
-0.0156307220458984 -0.0209693908691406 -0.156600952148437 -0.167205810546875
0.0279560089111328 -0.0111484527587891 0.07452392578125 -0.31939697265625
0.0283451080322266 -0.00159263610839844 0.380523681640625 -0.269744873046875
0.0036468505859375 0.0345745086669922 0.64215087890625 0.0924072265625
-0.0132598876953125 0.0594024658203125 0.40985107421875 0.70574951171875
-0.0238819122314453 0.0160350799560547 -0.24066162109375 0.8948974609375
-0.0719833374023438 0.020477294921875 -0.58837890625 0.41400146484375
-0.0647048950195313 0.0162162780761719 0.0115890502929687 0.0765380859375
-0.02679443359375 0.0143871307373047 0.7078857421875 -0.2890625
-0.0085906982421875 0.0256938934326172 0.39739990234375 -0.88385009765625
-0.0102653503417969 0.0391311645507813 -0.4512939453125 -0.70928955078125
-0.00543785095214844 0.0327053070068359 -0.63043212890625 -0.0324096679687499
0.0213260650634766 0.00989913940429688 -0.38067626953125 0.293212890625
0.0315876007080078 -0.0168895721435547 -0.028839111328125 0.29522705078125
-0.0102901458740234 -0.0130729675292969 0.176193237304688 0.119659423828125
-0.0131397247314453 -0.0204372406005859 -0.151611328125 -0.175247192382813
0.0300922393798828 -0.00806427001953125 0.089447021484375 -0.318115234375
0.0294532775878906 0.00212860107421875 0.39898681640625 -0.24932861328125
0.00199508666992187 0.0354385375976563 0.6456298828125 0.14312744140625
-0.0176658630371094 0.0577468872070313 0.3668212890625 0.74603271484375
-0.0240459442138672 0.0130653381347656 -0.29815673828125 0.88189697265625
-0.0731735229492187 0.0203323364257812 -0.58349609375 0.37786865234375
-0.0657730102539063 0.0161285400390625 0.0605545043945312 0.068817138671875
-0.0286216735839844 0.0149593353271484 0.70635986328125 -0.3349609375
-0.00810623168945312 0.0255622863769531 0.32904052734375 -0.90313720703125
-0.00854492187500001 0.0391273498535156 -0.49786376953125 -0.65960693359375
-0.00441169738769531 0.0293922424316406 -0.622802734375 0.01654052734375
0.0220966339111328 0.00785446166992188 -0.359161376953125 0.31353759765625
0.0307083129882813 -0.0160007476806641 -0.01513671875 0.29266357421875
-0.012730598449707 -0.0115842819213867 0.1800537109375 0.115676879882813
-0.0131454467773438 -0.0179405212402344 -0.14373779296875 -0.180465698242188
0.0292568206787109 -0.00324630737304687 0.10467529296875 -0.316986083984375
0.0278606414794922 0.00542449951171875 0.41790771484375 -0.224517822265625
-0.00503730773925781 0.0341148376464844 0.64251708984375 0.19232177734375
-0.0236778259277344 0.050445556640625 0.31903076171875 0.78009033203125
-0.0194683074951172 0.005706787109375 -0.35101318359375 0.86285400390625
-0.0606765747070313 0.0151863098144531 -0.57794189453125 0.34295654296875
-0.05224609375 0.0173072814941406 0.105712890625 0.0599441528320313
-0.0165195465087891 0.00968170166015625 0.70037841796875 -0.38116455078125
-0.00387191772460937 0.0193233489990234 0.26312255859375 -0.9136962890625
-0.00921440124511718 0.0341396331787109 -0.53662109375 -0.61236572265625
-0.00535392761230469 0.0265655517578125 -0.61456298828125 0.0610961914062501
0.0199756622314453 0.00566482543945313 -0.3397216796875 0.331451416015625
0.0282135009765625 -0.0137596130371094 -0.00155639648437499 0.29229736328125
-0.0148372650146484 -0.0097799301147461 0.18524169921875 0.112686157226563
-0.0139560699462891 -0.0120077133178711 -0.136993408203125 -0.186386108398438
0.0282363891601563 0.00203323364257813 0.116363525390625 -0.3128662109375
0.0238208770751953 0.00983810424804688 0.434967041015625 -0.202606201171875
-0.0107192993164062 0.0329456329345703 0.63922119140625 0.235107421875
-0.0260276794433594 0.04107666015625 0.278076171875 0.80999755859375
-0.00731086730957031 -0.0075383186340332 -0.39593505859375 0.84759521484375
-0.0364952087402344 0.007843017578125 -0.57000732421875 0.31427001953125
-0.0238723754882813 0.0164394378662109 0.140655517578125 0.0524444580078125
0.00259494781494141 0.00185203552246094 0.6912841796875 -0.41729736328125
0.00256109237670898 0.00625801086425781 0.21099853515625 -0.921875
-0.0117816925048828 0.0261325836181641 -0.5684814453125 -0.576904296875
-0.0102748870849609 0.0244998931884766 -0.60791015625 0.09234619140625
0.0181884765625 0.00634384155273438 -0.32275390625 0.346282958984375
0.0252418518066406 -0.0107746124267578 0.00695800781250002 0.2916259765625
-0.0153017044067383 -0.00550460815429688 0.189987182617188 0.109420776367188
-0.0139932632446289 -0.00561428070068359 -0.130828857421875 -0.187698364257812
0.0267314910888672 0.00652885437011719 0.123931884765625 -0.3095703125
0.0186042785644531 0.0116462707519531 0.444183349609375 -0.184722900390625
-0.0183582305908203 0.0305004119873047 0.63751220703125 0.26153564453125
-0.0296077728271484 0.0280647277832031 0.25189208984375 0.8255615234375
0.00863265991210938 -0.0244731903076172 -0.422119140625 0.8392333984375
-0.00301790237426758 -0.000455141067504882 -0.5677490234375 0.29534912109375
0.0158262252807617 0.0164928436279297 0.161834716796875 0.0452728271484375
0.0281772613525391 -0.00944900512695313 0.68475341796875 -0.43914794921875
0.0100784301757813 -0.00830936431884766 0.17999267578125 -0.92266845703125
-0.0153560638427734 0.016357421875 -0.5831298828125 -0.5509033203125
-0.0161666870117188 0.0241470336914063 -0.603271484375 0.11407470703125
0.015965461730957 0.00924873352050781 -0.316650390625 0.354736328125
0.0200347900390625 -0.00747299194335938 0.00936889648437501 0.2908935546875
-0.0167274475097656 0.000290870666503904 0.190353393554688 0.106460571289063
-0.014409065246582 0.000220298767089846 -0.128143310546875 -0.188796997070313
0.0235309600830078 0.0106658935546875 0.125213623046875 -0.307281494140625
0.0134067535400391 0.0157890319824219 0.44610595703125 -0.1787109375
-0.0243892669677734 0.0267200469970703 0.63482666015625 0.2686767578125
-0.0308265686035156 0.0155544281005859 0.2430419921875 0.83087158203125
0.0228843688964844 -0.03973388671875 -0.4302978515625 0.835205078125
0.0324954986572266 -0.00888442993164062 -0.5682373046875 0.29119873046875
0.0570755004882813 0.018829345703125 0.165023803710938 0.040863037109375
0.0534248352050781 -0.0201606750488281 0.68011474609375 -0.44775390625
0.0177478790283203 -0.0240039825439453 0.16796875 -0.92559814453125
-0.0207176208496094 0.00558853149414062 -0.58880615234375 -0.54241943359375
-0.0231437683105469 0.0248489379882812 -0.603271484375 0.12347412109375
0.0105676651000977 0.0120334625244141 -0.312896728515625 0.358978271484375
0.0169229507446289 -0.00452136993408203 0.00836181640625003 0.292633056640625
-0.0174980163574219 0.00423240661621094 0.191360473632813 0.105789184570313
-0.0133914947509766 0.00464344024658203 -0.131149291992187 -0.185714721679688
0.0203781127929688 0.012908935546875 0.120574951171875 -0.30780029296875
0.0104427337646484 0.0157661437988281 0.44500732421875 -0.18255615234375
-0.0304813385009766 0.0238418579101563 0.63726806640625 0.26031494140625
-0.0329055786132813 0.0067462921142578 0.25469970703125 0.823974609375
0.035369873046875 -0.0542984008789062 -0.418701171875 0.84185791015625
0.0647926330566406 -0.0174598693847656 -0.57293701171875 0.2955322265625
0.0962295532226562 0.0183486938476562 0.15106201171875 0.039276123046875
0.0804595947265625 -0.0294418334960937 0.6790771484375 -0.436279296875
0.0269813537597656 -0.0391845703125 0.182861328125 -0.9224853515625
-0.0245494842529297 -0.00302886962890625 -0.58294677734375 -0.5538330078125
-0.0293521881103516 0.0238037109375 -0.607177734375 0.115478515625
0.00751972198486328 0.0149269104003906 -0.3214111328125 0.35809326171875
0.0134744644165039 -0.00181007385253906 0.00405883789062497 0.29425048828125
-0.0172338485717773 0.00747108459472656 0.190155029296875 0.109130859375
-0.0149106979370117 0.00757789611816406 -0.131912231445312 -0.181747436523438
0.0173110961914063 0.0143556594848633 0.113189697265625 -0.3084716796875
0.00741195678710937 0.0171384811401367 0.436981201171875 -0.196929931640625
-0.0333957672119141 0.0226669311523438 0.642578125 0.2327880859375
-0.0331363677978516 0.000814437866210936 0.28173828125 0.80523681640625
0.0414199829101563 -0.0669631958007813 -0.386474609375 0.853271484375
0.0883865356445313 -0.0282363891601563 -0.57977294921875 0.313232421875
0.127998352050781 0.0190200805664062 0.122718811035156 0.0412445068359375
0.105796813964844 -0.0355682373046875 0.67987060546875 -0.41302490234375
0.0352516174316406 -0.0498428344726563 0.2176513671875 -0.9189453125
-0.0264568328857422 -0.0108928680419922 -0.5633544921875 -0.5794677734375
-0.0356330871582031 0.0240364074707031 -0.61700439453125 0.0908813476562501
0.00369834899902344 0.0181350708007813 -0.337432861328125 0.3499755859375
0.0117855072021484 0.00109767913818359 -0.00585937500000001 0.299835205078125
-0.0172700881958008 0.0102910995483398 0.186111450195313 0.111740112304688
-0.0138530731201172 -0.0205917358398437 -0.15960693359375 -0.169601440429687
0.0281238555908203 -0.0112094879150391 0.071807861328125 -0.321929931640625
0.0288162231445313 -0.00129127502441406 0.380645751953125 -0.276123046875
0.004486083984375 0.0344696044921875 0.6485595703125 0.089599609375
-0.0127449035644531 0.0597190856933594 0.418212890625 0.70867919921875
-0.0243167877197266 0.0158443450927734 -0.23834228515625 0.8995361328125
-0.070892333984375 0.021881103515625 -0.59075927734375 0.41986083984375
-0.064605712890625 0.0169143676757813 0.0108108520507812 0.075592041015625
-0.0270652770996094 0.0151920318603516 0.7098388671875 -0.29345703125
-0.00842666625976563 0.0261478424072266 0.39508056640625 -0.890380859375
-0.0102272033691406 0.0401268005371094 -0.45648193359375 -0.71099853515625
-0.0041656494140625 0.0314388275146484 -0.634765625 -0.0291137695312499
0.0214824676513672 0.0103244781494141 -0.3819580078125 0.296875
0.0317726135253906 -0.01800537109375 -0.027099609375 0.30029296875
-0.0106391906738281 -0.0113506317138672 0.177108764648438 0.1214599609375
-0.0141544342041016 -0.0204944610595703 -0.153411865234375 -0.176177978515625
0.0295295715332031 -0.007476806640625 0.088165283203125 -0.32232666015625
0.0296993255615234 0.00237655639648438 0.401031494140625 -0.253143310546875
0.00127029418945312 0.0366477966308594 0.64923095703125 0.1402587890625
-0.0162620544433594 0.0572395324707031 0.3748779296875 0.746826171875
-0.0227832794189453 0.0134449005126953 -0.29376220703125 0.8863525390625
-0.0728988647460938 0.021636962890625 -0.58563232421875 0.38287353515625
-0.0690765380859375 0.0176658630371094 0.0603256225585937 0.0679397583007813
-0.0278797149658203 0.0138206481933594 0.70831298828125 -0.3402099609375
-0.00752067565917969 0.0256500244140625 0.325927734375 -0.908935546875
-0.00741195678710938 0.0386924743652344 -0.504150390625 -0.66217041015625
-0.00432777404785156 0.0315475463867187 -0.62738037109375 0.0198974609375001
0.021636962890625 0.00734710693359375 -0.360015869140625 0.317962646484375
0.0301399230957031 -0.0163917541503906 -0.01318359375 0.2967529296875
-0.0134115219116211 -0.0130929946899414 0.182723999023438 0.115890502929688
-0.0144948959350586 -0.0168361663818359 -0.146636962890625 -0.182708740234375
0.0298385620117187 -0.00333023071289062 0.101593017578125 -0.320098876953125
0.0280857086181641 0.00572967529296875 0.420074462890625 -0.22808837890625
-0.00417327880859375 0.0354690551757813 0.64886474609375 0.18975830078125
-0.0213623046875 0.0502281188964844 0.3265380859375 0.78131103515625
-0.0187034606933594 0.00482368469238281 -0.34906005859375 0.8695068359375
-0.0607223510742188 0.0165977478027344 -0.5806884765625 0.3472900390625
-0.0528717041015625 0.0179214477539063 0.105690002441406 0.059661865234375
-0.0180168151855469 0.0103988647460937 0.7012939453125 -0.3858642578125
-0.00356483459472656 0.018524169921875 0.2589111328125 -0.920166015625
-0.0080718994140625 0.0327911376953125 -0.54486083984375 -0.61297607421875
-0.006317138671875 0.0274620056152344 -0.61700439453125 0.063232421875
0.0206966400146484 0.00557327270507813 -0.339508056640625 0.3343505859375
0.0276012420654297 -0.0162334442138672 0.001129150390625 0.296112060546875
-0.0142536163330078 -0.00844383239746094 0.188125610351563 0.11181640625
-0.014251708984375 -0.0106439590454102 -0.138961791992187 -0.185928344726563
0.0300750732421875 0.00246429443359375 0.11529541015625 -0.31689453125
0.0235576629638672 0.0103683471679688 0.436676025390625 -0.20526123046875
-0.0111846923828125 0.0341796875 0.64727783203125 0.2308349609375
-0.0258102416992188 0.0409698486328125 0.28643798828125 0.8126220703125
-0.00620317459106445 -0.00774478912353516 -0.391845703125 0.85504150390625
-0.0381507873535156 0.00806045532226563 -0.57373046875 0.31915283203125
-0.0239048004150391 0.0175457000732422 0.140449523925781 0.0514450073242188
0.00077664852142334 0.00118172168731689 0.69305419921875 -0.4234619140625
0.00294589996337891 0.00573444366455078 0.2069091796875 -0.926513671875
-0.0109748840332031 0.0246868133544922 -0.5740966796875 -0.57574462890625
-0.00998497009277344 0.0258712768554688 -0.61016845703125 0.0992431640625
0.0198135375976563 0.0067138671875 -0.322998046875 0.350341796875
0.0235385894775391 -0.0116634368896484 0.00854492187500003 0.293853759765625
-0.0161886215209961 -0.00363063812255859 0.189666748046875 0.109115600585938
-0.0138788223266602 -0.00589275360107422 -0.133773803710938 -0.187179565429688
0.0274028778076172 0.00705528259277344 0.121002197265625 -0.311859130859375
0.0209789276123047 0.0128231048583984 0.44573974609375 -0.189697265625
-0.0172252655029297 0.0324020385742188 0.642578125 0.2567138671875
-0.0294723510742188 0.0279045104980469 0.2603759765625 0.82708740234375
0.00741767883300781 -0.0249462127685547 -0.42315673828125 0.8447265625
-0.00296497344970703 -0.000120401382446288 -0.57000732421875 0.30072021484375
0.0161170959472656 0.0175895690917969 0.161026000976563 0.0440521240234375
0.0254840850830078 -0.00905990600585938 0.68646240234375 -0.44403076171875
0.0108013153076172 -0.00877475738525391 0.17645263671875 -0.93035888671875
-0.0157718658447266 0.0145273208618164 -0.58892822265625 -0.55169677734375
-0.0158805847167969 0.0250129699707031 -0.60504150390625 0.11785888671875
0.0145149230957031 0.00822830200195313 -0.313079833984375 0.359130859375
0.0210418701171875 -0.00718307495117188 0.011474609375 0.29254150390625
-0.0162620544433594 0.00119781494140625 0.193359375 0.107086181640625
-0.0139579772949219 0.000285148620605471 -0.132461547851562 -0.188217163085938
0.0240612030029297 0.0121383666992188 0.1226806640625 -0.310455322265625
0.0146398544311523 0.016240119934082 0.44879150390625 -0.182281494140625
-0.0239048004150391 0.0280570983886719 0.64227294921875 0.26605224609375
-0.0293769836425781 0.0155429840087891 0.25103759765625 0.8316650390625
0.0227394104003906 -0.0411453247070313 -0.4261474609375 0.84228515625
0.0326156616210938 -0.00874710083007813 -0.5701904296875 0.29351806640625
0.0561637878417969 0.0186386108398437 0.164718627929688 0.0399322509765625
0.0529136657714844 -0.0216331481933594 0.6815185546875 -0.451171875
0.01806640625 -0.0257015228271484 0.1646728515625 -0.9287109375
-0.0194015502929688 0.00554275512695312 -0.594970703125 -0.54193115234375
-0.0233936309814453 0.0254383087158203 -0.6043701171875 0.127685546875
0.0114498138427734 0.0123262405395508 -0.313507080078125 0.362762451171875
0.0176868438720703 -0.00461578369140625 0.011627197265625 0.2952880859375
-0.0171089172363281 0.00495529174804688 0.194107055664063 0.1064453125
-0.0148248672485352 0.00622367858886719 -0.131759643554688 -0.187576293945313
0.0225563049316406 0.0138893127441406 0.1199951171875 -0.31060791015625
0.00836467742919922 0.0164852142333984 0.447235107421875 -0.18927001953125
-0.0298995971679688 0.0266380310058594 0.6431884765625 0.25958251953125
-0.0306606292724609 0.00732040405273437 0.262451171875 0.826416015625
0.037628173828125 -0.056671142578125 -0.41656494140625 0.8477783203125
0.0648841857910156 -0.0168495178222656 -0.574462890625 0.29962158203125
0.096282958984375 0.0197067260742188 0.150177001953125 0.039276123046875
0.0810012817382813 -0.0308914184570313 0.68243408203125 -0.4403076171875
0.0262603759765625 -0.0403671264648438 0.1793212890625 -0.92730712890625
-0.0239486694335937 -0.00468826293945313 -0.5887451171875 -0.55279541015625
-0.0299415588378906 0.0244083404541016 -0.60809326171875 0.11639404296875
0.00625801086425781 0.0163249969482422 -0.3203125 0.361236572265625
0.0143051147460938 -0.000887870788574219 0.00601196289062501 0.297515869140625
-0.0160722732543945 0.00922489166259766 0.192840576171875 0.108596801757813
-0.0161352157592773 0.00873661041259766 -0.1356201171875 -0.183380126953125
0.0181598663330078 0.0136356353759766 0.11041259765625 -0.310699462890625
0.00702476501464844 0.0173063278198242 0.43829345703125 -0.20147705078125
-0.0334568023681641 0.0236530303955078 0.64794921875 0.22967529296875
-0.0336418151855469 2.28881835937502E-05 0.2933349609375 0.808349609375
0.0414009094238281 -0.0676498413085938 -0.3839111328125 0.8590087890625
0.0883560180664063 -0.0283737182617188 -0.58038330078125 0.31939697265625
0.129104614257813 0.0179824829101563 0.12359619140625 0.0403671264648438
0.106216430664063 -0.0384750366210938 0.68212890625 -0.4163818359375
0.0367240905761719 -0.0504302978515625 0.2127685546875 -0.9234619140625
-0.0280075073242188 -0.0107288360595703 -0.5701904296875 -0.57928466796875
-0.0353736877441406 0.0244903564453125 -0.618408203125 0.0968627929687501
0.00346946716308594 0.0179004669189453 -0.334442138671875 0.3555908203125
0.0123252868652344 0.00112152099609375 -0.00323486328124998 0.301544189453125
-0.017420768737793 0.0116815567016602 0.18865966796875 0.112396240234375
-0.0157356262207031 -0.0194683074951172 -0.162551879882813 -0.168853759765625
0.0290489196777344 -0.0115089416503906 0.069610595703125 -0.32537841796875
0.0284538269042969 -0.00121879577636719 0.382598876953125 -0.27960205078125
0.00391769409179688 0.0353927612304687 0.65362548828125 0.08489990234375
-0.0105133056640625 0.0581283569335937 0.42645263671875 0.70703125
-0.0232086181640625 0.0153331756591797 -0.2318115234375 0.90667724609375
-0.0720596313476563 0.0240478515625 -0.590576171875 0.4271240234375
-0.0649261474609375 0.0188064575195312 0.0115814208984375 0.0757675170898438
-0.0267066955566406 0.0135326385498047 0.71380615234375 -0.2987060546875
-0.00840187072753906 0.0244007110595703 0.3917236328125 -0.8983154296875
-0.0103950500488281 0.0390777587890625 -0.4649658203125 -0.7119140625
-0.0028076171875 0.0341606140136719 -0.63861083984375 -0.0252685546875001
0.0216350555419922 0.00889205932617188 -0.382080078125 0.302703857421875
0.031707763671875 -0.0191287994384766 -0.0257568359375 0.30078125
-0.0109596252441406 -0.0113058090209961 0.178421020507813 0.120758056640625
-0.0139541625976563 -0.0186023712158203 -0.156631469726562 -0.177841186523438
0.0314064025878906 -0.00898170471191406 0.085479736328125 -0.325042724609375
0.0288467407226562 0.0026397705078125 0.401092529296875 -0.258880615234375
0.00191116333007813 0.0366439819335938 0.6558837890625 0.1331787109375
-0.014892578125 0.0562286376953125 0.38128662109375 0.74908447265625
-0.0227680206298828 0.0129528045654297 -0.2864990234375 0.891845703125
-0.0737533569335938 0.023834228515625 -0.5889892578125 0.3875732421875
-0.0680160522460938 0.0197601318359375 0.0598258972167969 0.0684547424316406
-0.0293960571289063 0.0131034851074219 0.71240234375 -0.34576416015625
-0.00808143615722656 0.0244884490966797 0.32421875 -0.9166259765625
-0.00708770751953125 0.0386924743652344 -0.50994873046875 -0.66192626953125
-0.00275039672851562 0.0302886962890625 -0.62823486328125 0.0229492187500001
0.023590087890625 0.00692367553710938 -0.360076904296875 0.321075439453125
0.029388427734375 -0.0185928344726563 -0.011383056640625 0.29742431640625
-0.0133352279663086 -0.0107269287109375 0.183822631835938 0.115997314453125
-0.0147991180419922 -0.0153579711914062 -0.14776611328125 -0.18377685546875
0.0312423706054688 -0.00314712524414063 0.10064697265625 -0.325592041015625
0.0274066925048828 0.00542068481445313 0.42120361328125 -0.232635498046875
-0.002960205078125 0.0358161926269531 0.65582275390625 0.185791015625
-0.0197906494140625 0.0506591796875 0.33685302734375 0.7833251953125
-0.0191001892089844 0.0040740966796875 -0.3433837890625 0.87689208984375
-0.0603294372558594 0.0174026489257813 -0.58251953125 0.35174560546875
-0.0529289245605469 0.0188751220703125 0.105812072753906 0.05804443359375
-0.0193653106689453 0.0107364654541016 0.70404052734375 -0.3907470703125
-0.00222110748291016 0.0171098709106445 0.25567626953125 -0.925537109375
-0.00763702392578125 0.0334205627441406 -0.550537109375 -0.61370849609375
-0.00514984130859375 0.0281028747558594 -0.62115478515625 0.06805419921875
0.0210323333740234 0.00497245788574219 -0.3367919921875 0.339752197265625
0.0266952514648437 -0.0135250091552734 0.00155639648437502 0.297576904296875
-0.0145721435546875 -0.0075225830078125 0.189132690429687 0.113845825195313
-0.0137968063354492 -0.0105171203613281 -0.14154052734375 -0.187026977539063
0.0281639099121094 0.0024871826171875 0.113616943359375 -0.31982421875
0.0245628356933594 0.00986480712890625 0.43780517578125 -0.20977783203125
-0.0100212097167969 0.0351791381835937 0.65496826171875 0.227294921875
-0.0243492126464844 0.0396766662597656 0.295166015625 0.8153076171875
-0.00706672668457031 -0.00990676879882812 -0.38818359375 0.86285400390625
-0.0376815795898438 0.00932693481445313 -0.57513427734375 0.32275390625
-0.0240745544433594 0.0188522338867187 0.140419006347656 0.05010986328125
0.00101476907730103 0.000210881233215332 0.694091796875 -0.42779541015625
0.00236368179321289 0.00450754165649414 0.20440673828125 -0.9326171875
-0.0107040405273438 0.0232486724853516 -0.5799560546875 -0.575439453125
-0.0102825164794922 0.0260009765625 -0.61285400390625 0.10321044921875
0.0189075469970703 0.00548744201660156 -0.32257080078125 0.35406494140625
0.0254325866699219 -0.0131435394287109 0.01043701171875 0.29638671875
-0.0158271789550781 -0.00339698791503906 0.193679809570313 0.109573364257813
-0.0145664215087891 -0.0044717788696289 -0.137496948242187 -0.190277099609375
0.0280570983886719 0.00653266906738281 0.120635986328125 -0.316253662109375
0.0199146270751953 0.0141468048095703 0.446136474609375 -0.193145751953125
-0.0191802978515625 0.0313205718994141 0.6495361328125 0.25445556640625
-0.0287418365478516 0.0274085998535156 0.269775390625 0.830078125
0.00946617126464844 -0.0259933471679687 -0.415283203125 0.8524169921875
-0.00386381149291992 0.00157904624938965 -0.57269287109375 0.306396484375
0.0149440765380859 0.0187568664550781 0.161529541015625 0.0435943603515625
0.0263309478759766 -0.0109901428222656 0.688232421875 -0.45050048828125
0.00951576232910156 -0.0111398696899414 0.1724853515625 -0.93511962890625
-0.0143013000488281 0.0147829055786133 -0.59686279296875 -0.5521240234375
-0.0154209136962891 0.0252246856689453 -0.60693359375 0.12164306640625
0.0153055191040039 0.00964546203613281 -0.313140869140625 0.3616943359375
0.0209426879882812 -0.00895309448242187 0.01422119140625 0.29620361328125
-0.0166101455688477 0.00339221954345703 0.1959228515625 0.108261108398438
-0.0148477554321289 0.00214862823486328 -0.134490966796875 -0.190582275390625
0.0256824493408203 0.0113277435302734 0.1199951171875 -0.314300537109375
0.0140323638916016 0.0142965316772461 0.450164794921875 -0.18731689453125
-0.0251235961914063 0.0294189453125 0.64990234375 0.263427734375
-0.0291099548339844 0.0153007507324219 0.26025390625 0.8359375
0.0244483947753906 -0.04266357421875 -0.423095703125 0.84967041015625
0.0317325592041016 -0.00779914855957031 -0.572998046875 0.29833984375
0.0567970275878906 0.0195541381835938 0.164215087890625 0.0400848388671875
0.0539436340332031 -0.0210952758789063 0.68389892578125 -0.455810546875
0.0177001953125 -0.025787353515625 0.16033935546875 -0.93597412109375
-0.0199546813964844 0.00621604919433593 -0.60186767578125 -0.54022216796875
-0.021636962890625 0.0259685516357422 -0.6065673828125 0.13128662109375
0.0107870101928711 0.0111761093139648 -0.3133544921875 0.36639404296875
0.0167989730834961 -0.00405597686767578 0.013702392578125 0.297760009765625
-0.0168676376342773 0.00730800628662109 0.196762084960938 0.106887817382813
-0.0154809951782227 0.00603389739990234 -0.135055541992188 -0.1884765625
0.0224323272705078 0.0129299163818359 0.116424560546875 -0.312469482421875
0.0107383728027344 0.0180950164794922 0.446044921875 -0.19268798828125
-0.0314693450927734 0.0257358551025391 0.65240478515625 0.2540283203125
-0.0316905975341797 0.00482177734374999 0.269775390625 0.8304443359375
0.0375099182128906 -0.0559310913085937 -0.4122314453125 0.85400390625
0.0657806396484375 -0.01702880859375 -0.57794189453125 0.3062744140625
0.0962600708007813 0.0199737548828125 0.150482177734375 0.038726806640625
0.0817184448242188 -0.0320968627929688 0.6817626953125 -0.44708251953125
0.0271415710449219 -0.0409660339355469 0.17388916015625 -0.93145751953125
-0.0247306823730469 -0.00231742858886719 -0.59576416015625 -0.5513916015625
-0.0292625427246094 0.0245494842529297 -0.6107177734375 0.12347412109375
0.00763320922851563 0.0148324966430664 -0.32073974609375 0.365570068359375
0.0142335891723633 6.103515625E-05 0.00823974609375 0.29962158203125
-0.0164165496826172 0.0110368728637695 0.194305419921875 0.109786987304687
-0.0148868560791016 0.00983619689941406 -0.140106201171875 -0.185211181640625
0.0195541381835938 0.0137596130371094 0.106719970703125 -0.315673828125
0.00595378875732422 0.0166654586791992 0.438873291015625 -0.206298828125
-0.0328521728515625 0.0233287811279297 0.65545654296875 0.22528076171875
-0.0333290100097656 0.00117301940917968 0.2996826171875 0.8099365234375
0.0425910949707031 -0.0676536560058594 -0.379150390625 0.86376953125
0.08978271484375 -0.0281829833984375 -0.58380126953125 0.324462890625
0.130142211914063 0.0199203491210938 0.121482849121094 0.0396804809570312
0.104988098144531 -0.0400009155273437 0.68408203125 -0.42315673828125
0.0365562438964844 -0.0520515441894531 0.2086181640625 -0.9306640625
-0.0262794494628906 -0.0110015869140625 -0.5787353515625 -0.579833984375
-0.0352249145507813 0.0247573852539062 -0.62255859375 0.101318359375
0.00405311584472656 0.0182781219482422 -0.334014892578125 0.360015869140625
0.0119819641113281 0.00167942047119141 -0.000823974609375005 0.305084228515625
-0.0170230865478516 0.012761116027832 0.19244384765625 0.11407470703125
-0.0159969329833984 -0.0184497833251953 -0.165435791015625 -0.171157836914063
0.0300846099853516 -0.0131263732910156 0.066192626953125 -0.330108642578125
0.0283699035644531 -0.000415802001953125 0.380950927734375 -0.28509521484375
0.00342559814453125 0.0364418029785156 0.6588134765625 0.0792236328125
-0.0102195739746094 0.058868408203125 0.43896484375 0.7073974609375
-0.0218601226806641 0.0143909454345703 -0.224853515625 0.91082763671875
-0.0724334716796875 0.0261764526367188 -0.59173583984375 0.43212890625
-0.0664825439453125 0.0198287963867187 0.00966644287109375 0.0757293701171875
-0.0270423889160156 0.0138759613037109 0.71429443359375 -0.30352783203125
-0.00646018981933594 0.0256862640380859 0.38787841796875 -0.90869140625
-0.00833511352539063 0.0396308898925781 -0.47100830078125 -0.7127685546875
-0.00226402282714844 0.0340805053710938 -0.64129638671875 -0.02008056640625
0.0226688385009766 0.00756645202636719 -0.38079833984375 0.306610107421875
0.0309257507324219 -0.0179786682128906 -0.023040771484375 0.304656982421875
-0.0125398635864258 -0.0108366012573242 0.180313110351563 0.121612548828125
-0.0153064727783203 -0.0165252685546875 -0.159957885742187 -0.178726196289063
0.030914306640625 -0.00861167907714844 0.082366943359375 -0.32818603515625
0.0296211242675781 0.00215530395507813 0.400848388671875 -0.2626953125
0.00149917602539062 0.0377616882324219 0.6612548828125 0.12921142578125
-0.0157661437988281 0.0568885803222656 0.39453125 0.74798583984375
-0.0213375091552734 0.0121994018554688 -0.28143310546875 0.89935302734375
-0.07525634765625 0.0233154296875 -0.5894775390625 0.39556884765625
-0.068695068359375 0.0190925598144531 0.0596961975097656 0.0672683715820313
-0.0291805267333984 0.0129127502441406 0.7130126953125 -0.3514404296875
-0.00601959228515625 0.0240707397460937 0.32037353515625 -0.92181396484375
-0.00699234008789063 0.0375595092773438 -0.5191650390625 -0.6605224609375
-0.00261306762695313 0.0305194854736328 -0.63140869140625 0.0268554687499999
0.0232582092285156 0.00636482238769531 -0.3577880859375 0.327972412109375
0.0295772552490234 -0.0172214508056641 -0.00796508789062502 0.30145263671875
-0.0139427185058594 -0.0107049942016602 0.186996459960938 0.116989135742188
-0.0140762329101562 -0.015782356262207 -0.153564453125 -0.184677124023437
0.0318546295166016 -0.00260734558105469 0.096221923828125 -0.32623291015625
0.0278491973876953 0.0057373046875 0.422576904296875 -0.2384033203125
-0.00422286987304687 0.036224365234375 0.66314697265625 0.18157958984375
-0.0192718505859375 0.0513801574707031 0.34417724609375 0.78662109375
-0.016810417175293 0.00304508209228516 -0.3392333984375 0.8812255859375
-0.0627403259277344 0.0186882019042969 -0.5823974609375 0.3577880859375
-0.0533332824707031 0.0193672180175781 0.105178833007812 0.058013916015625
-0.0172872543334961 0.00930976867675781 0.703125 -0.39825439453125
-0.003875732421875 0.0176067352294922 0.24993896484375 -0.9322509765625
-0.00752449035644531 0.0345115661621094 -0.5572509765625 -0.6129150390625
-0.00320625305175781 0.0284500122070313 -0.6246337890625 0.0716552734375
0.0221214294433594 0.0045318603515625 -0.337127685546875 0.345062255859375
0.0279197692871094 -0.0164375305175781 0.00415039062499999 0.301544189453125
-0.0144529342651367 -0.0084848403930664 0.19171142578125 0.113983154296875
-0.0156278610229492 -0.00971317291259766 -0.14385986328125 -0.18719482421875
0.0312786102294922 0.000913619995117188 0.1114501953125 -0.324066162109375
0.0245170593261719 0.0100746154785156 0.43743896484375 -0.21588134765625
-0.0108642578125 0.0382003784179688 0.6591796875 0.22198486328125
-0.0249900817871094 0.0396232604980469 0.3043212890625 0.8153076171875
-0.00458431243896484 -0.0110292434692383 -0.38494873046875 0.867919921875
-0.0369377136230469 0.0112648010253906 -0.57720947265625 0.3299560546875
-0.0223217010498047 0.0186977386474609 0.14178466796875 0.048858642578125
0.0012284517288208 -0.000241994857788086 0.69598388671875 -0.4339599609375
0.00316691398620605 0.00438404083251953 0.19891357421875 -0.93902587890625
-0.0107994079589844 0.024139404296875 -0.58697509765625 -0.57501220703125
-0.008209228515625 0.0262622833251953 -0.61480712890625 0.1063232421875
0.0186595916748047 0.00621795654296875 -0.322662353515625 0.3599853515625
0.0236110687255859 -0.0135002136230469 0.013092041015625 0.29864501953125
-0.0161342620849609 -0.00392055511474609 0.194747924804688 0.10980224609375
-0.0151567459106445 -0.00329303741455078 -0.140548706054688 -0.189971923828125
0.0284423828125 0.00564193725585938 0.115203857421875 -0.319244384765625
0.0193843841552734 0.0139579772949219 0.4476318359375 -0.20074462890625
-0.0178680419921875 0.0326385498046875 0.6575927734375 0.24981689453125
-0.0271568298339844 0.0272617340087891 0.27801513671875 0.833984375
0.00754356384277344 -0.0263671875 -0.4102783203125 0.8582763671875
-0.004119873046875 0.00146865844726563 -0.57373046875 0.3123779296875
0.0148143768310547 0.0177211761474609 0.161239624023437 0.04327392578125
0.0252761840820313 -0.0116462707519531 0.6905517578125 -0.45703125
0.00946712493896484 -0.0106592178344727 0.168701171875 -0.9427490234375
-0.0135593414306641 0.0142822265625 -0.60321044921875 -0.5494384765625
-0.0148429870605469 0.0250892639160156 -0.60980224609375 0.1280517578125
0.0151538848876953 0.00812244415283203 -0.3116455078125 0.365570068359375
0.0208950042724609 -0.00937843322753906 0.016845703125 0.29888916015625
-0.0164728164672852 0.00208282470703125 0.198165893554688 0.107940673828125
-0.0141887664794922 0.00211048126220703 -0.137130737304687 -0.1912841796875
0.0266914367675781 0.0100994110107422 0.1187744140625 -0.319091796875
0.0151224136352539 0.0157880783081055 0.451690673828125 -0.195098876953125
-0.0260372161865234 0.0297679901123047 0.65692138671875 0.2591552734375
-0.0297889709472656 0.0145339965820312 0.2691650390625 0.8380126953125
0.0243949890136719 -0.0428619384765625 -0.42071533203125 0.8563232421875
0.0325145721435547 -0.00670814514160156 -0.57464599609375 0.30682373046875
0.0565147399902344 0.0197410583496094 0.164535522460938 0.03924560546875
0.053741455078125 -0.0222358703613281 0.68408203125 -0.46173095703125
0.017578125 -0.02691650390625 0.15704345703125 -0.9410400390625
-0.0203971862792969 0.00532150268554688 -0.6109619140625 -0.53997802734375
-0.0221385955810547 0.0271110534667969 -0.608642578125 0.13720703125
0.0112142562866211 0.0117387771606445 -0.310882568359375 0.370513916015625
0.0162010192871094 -0.00469684600830078 0.015716552734375 0.30072021484375
-0.0175418853759766 0.00834369659423828 0.197921752929688 0.107742309570313
-0.0154247283935547 0.00756740570068359 -0.138916015625 -0.188873291015625
0.0232734680175781 0.0123615264892578 0.11431884765625 -0.316375732421875
0.0110054016113281 0.0174274444580078 0.450439453125 -0.196197509765625
-0.0296745300292969 0.0258655548095703 0.65850830078125 0.250244140625
-0.0287990570068359 0.00641441345214844 0.28045654296875 0.830810546875
0.0353813171386719 -0.0590972900390625 -0.40802001953125 0.86126708984375
0.0670089721679688 -0.0181427001953125 -0.5794677734375 0.31146240234375
0.0983200073242187 0.020294189453125 0.150802612304687 0.03839111328125
0.0798568725585938 -0.0343093872070313 0.68377685546875 -0.45330810546875
0.0259628295898438 -0.0414085388183594 0.16925048828125 -0.9390869140625
-0.0230216979980469 -0.006103515625 -0.601806640625 -0.55145263671875
-0.0287227630615234 0.0266895294189453 -0.614501953125 0.12841796875
0.00823211669921875 0.0165624618530273 -0.318023681640625 0.372222900390625
0.0134420394897461 -0.000887870788574219 0.010345458984375 0.303466796875
-0.0157585144042969 0.0107612609863281 0.197463989257813 0.110885620117188
-0.0153121948242188 0.00967979431152344 -0.141510009765625 -0.185653686523437
0.0203742980957031 0.0134639739990234 0.104095458984375 -0.318115234375
0.00805854797363281 0.0177688598632813 0.439208984375 -0.21258544921875
-0.0337753295898438 0.0258216857910156 0.6605224609375 0.2198486328125
-0.033233642578125 0.000913619995117192 0.30999755859375 0.81170654296875
0.0430068969726563 -0.0691947937011719 -0.37457275390625 0.87286376953125
0.0892562866210938 -0.027374267578125 -0.5858154296875 0.33135986328125
0.130393981933594 0.0199203491210938 0.121246337890625 0.0399017333984375
0.105575561523438 -0.0398483276367188 0.6839599609375 -0.42724609375
0.0363807678222656 -0.0533180236816406 0.2042236328125 -0.93670654296875
-0.0268726348876953 -0.0119533538818359 -0.58453369140625 -0.578125
-0.0339698791503906 0.0257434844970703 -0.6246337890625 0.10540771484375
0.00329303741455078 0.0172357559204102 -0.33428955078125 0.36370849609375
0.0110902786254883 0.000405311584472656 0.00195312500000003 0.306732177734375
-0.0164632797241211 0.013214111328125 0.192947387695313 0.113845825195313
-0.0162572860717773 -0.017542839050293 -0.168701171875 -0.170516967773438
0.0301990509033203 -0.0125885009765625 0.06280517578125 -0.333740234375
0.0287227630615234 -0.00054168701171875 0.380462646484375 -0.291473388671875
0.0052032470703125 0.0377693176269531 0.6640625 0.0718994140625
-0.00899124145507812 0.0581130981445313 0.449462890625 0.7064208984375
-0.0213909149169922 0.0147342681884766 -0.21826171875 0.9193115234375
-0.0716781616210938 0.0274734497070312 -0.5902099609375 0.43896484375
-0.0662918090820313 0.0198516845703125 0.0111541748046875 0.0752487182617188
-0.0280628204345703 0.0141353607177734 0.71502685546875 -0.31060791015625
-0.00769996643066406 0.0231609344482422 0.38433837890625 -0.913818359375
-0.00724411010742188 0.0381546020507813 -0.48077392578125 -0.711181640625
-0.000959396362304687 0.0348529815673828 -0.64520263671875 -0.013671875
0.0218868255615234 0.00909233093261719 -0.380889892578125 0.311981201171875
0.0310535430908203 -0.0196533203125 -0.019195556640625 0.30615234375
-0.0123424530029297 -0.0104942321777344 0.184616088867188 0.120880126953125
-0.0148086547851562 -0.0169448852539063 -0.162673950195313 -0.177047729492187
0.0320072174072266 -0.00817489624023438 0.077972412109375 -0.3309326171875
0.0292758941650391 0.00240325927734375 0.40155029296875 -0.26776123046875
0.00200271606445313 0.0378761291503906 0.6669921875 0.123291015625
-0.0144691467285156 0.0558013916015625 0.40374755859375 0.74700927734375
-0.0224075317382813 0.0118789672851563 -0.27581787109375 0.906005859375
-0.0740966796875 0.0256805419921875 -0.58770751953125 0.4007568359375
-0.06982421875 0.0206832885742187 0.0606575012207031 0.0659561157226562
-0.0294437408447266 0.0136051177978516 0.71185302734375 -0.35821533203125
-0.0072021484375 0.0234584808349609 0.31268310546875 -0.92901611328125
-0.00683212280273437 0.037506103515625 -0.52691650390625 -0.6607666015625
-0.001129150390625 0.0326251983642578 -0.63653564453125 0.0339965820312501
0.0219306945800781 0.00615882873535156 -0.35797119140625 0.332733154296875
0.0301284790039063 -0.0189113616943359 -0.00561523437500001 0.304656982421875
-0.0138006210327148 -0.00886058807373047 0.18927001953125 0.117813110351562
-0.0148305892944336 -0.0152645111083984 -0.1556396484375 -0.18487548828125
0.0330219268798828 -0.00460624694824219 0.09307861328125 -0.33026123046875
0.0276756286621094 0.00678253173828125 0.4200439453125 -0.242431640625
-0.00350189208984375 0.0388221740722656 0.669189453125 0.1754150390625
-0.0182647705078125 0.0510215759277344 0.3555908203125 0.78533935546875
-0.0157260894775391 0.00210952758789063 -0.33221435546875 0.88848876953125
-0.0613670349121094 0.0214157104492188 -0.58197021484375 0.36627197265625
-0.0539207458496094 0.0210647583007812 0.105751037597656 0.057769775390625
-0.0190162658691406 0.00961875915527344 0.7037353515625 -0.404052734375
-0.00321483612060547 0.0164957046508789 0.24560546875 -0.9378662109375
-0.00625991821289062 0.0325775146484375 -0.5657958984375 -0.60906982421875
-0.00269508361816406 0.0285472869873047 -0.625 0.0798339843749999
0.0222339630126953 0.00406837463378906 -0.33612060546875 0.35089111328125
0.0278148651123047 -0.0173473358154297 0.00744628906250003 0.30340576171875
-0.0150394439697266 -0.00538158416748047 0.193893432617188 0.115219116210938
-0.0147819519042969 -0.0086679458618164 -0.147247314453125 -0.189224243164062
0.0312175750732422 0.001007080078125 0.106170654296875 -0.327667236328125
0.0238018035888672 0.00998878479003906 0.4383544921875 -0.22088623046875
-0.0107002258300781 0.036651611328125 0.666259765625 0.21624755859375
-0.0224266052246094 0.0390510559082031 0.3162841796875 0.8153076171875
-0.00637722015380859 -0.0115594863891602 -0.37713623046875 0.87567138671875
-0.0365486145019531 0.0121879577636719 -0.57818603515625 0.337646484375
-0.0232753753662109 0.0198783874511719 0.139106750488281 0.0482177734375
0.000558316707611084 -0.000255107879638672 0.69561767578125 -0.4405517578125
0.00384140014648437 0.00465965270996094 0.19140625 -0.94525146484375
-0.00873756408691406 0.0240745544433594 -0.59515380859375 -0.57220458984375
-0.00795364379882813 0.0279655456542969 -0.61663818359375 0.11395263671875
0.0188484191894531 0.00531768798828125 -0.320343017578125 0.36370849609375
0.0234317779541016 -0.0132179260253906 0.0167236328125 0.30169677734375
-0.0159730911254883 -0.00138473510742188 0.197738647460938 0.10888671875
-0.0146484375 -0.00180530548095703 -0.143524169921875 -0.192291259765625
0.0292263031005859 0.00551605224609375 0.112762451171875 -0.324432373046875
0.0193672180175781 0.0141487121582031 0.44879150390625 -0.205810546875
-0.0183944702148438 0.0335578918457031 0.662841796875 0.244873046875
-0.026641845703125 0.0280857086181641 0.28955078125 0.83221435546875
0.00841140747070313 -0.0279102325439453 -0.40362548828125 0.86492919921875
-0.00301241874694824 0.00328350067138672 -0.57427978515625 0.3201904296875
0.0140914916992188 0.0199413299560547 0.161056518554688 0.0431365966796875
0.0254878997802734 -0.0114669799804688 0.689208984375 -0.46368408203125
0.0105133056640625 -0.0106019973754883 0.16021728515625 -0.9476318359375
-0.0134172439575195 0.0143136978149414 -0.61126708984375 -0.54632568359375
-0.0129604339599609 0.0273303985595703 -0.61077880859375 0.13433837890625
0.0152912139892578 0.00861740112304688 -0.309906005859375 0.372467041015625
0.0211715698242188 -0.00934028625488281 0.02032470703125 0.301910400390625
-0.0160894393920898 0.00481319427490234 0.199813842773438 0.107620239257812
-0.0153942108154297 0.00338935852050782 -0.14111328125 -0.190536499023438
0.0265312194824219 0.0098419189453125 0.1153564453125 -0.322296142578125
0.0145597457885742 0.0168905258178711 0.451934814453125 -0.198272705078125
-0.0251026153564453 0.0297660827636719 0.66302490234375 0.25335693359375
-0.0278778076171875 0.0154342651367188 0.281005859375 0.83843994140625
0.0247764587402344 -0.0445632934570313 -0.41357421875 0.861572265625
0.0329132080078125 -0.00576400756835937 -0.5748291015625 0.31146240234375
0.0579109191894531 0.0187950134277344 0.165130615234375 0.0369720458984375
0.0524673461914063 -0.0230293273925781 0.68267822265625 -0.46923828125
0.0174446105957031 -0.0268115997314453 0.1473388671875 -0.94586181640625
-0.0195636749267578 0.00530624389648438 -0.615966796875 -0.5377197265625
-0.0222568511962891 0.0255527496337891 -0.61077880859375 0.14398193359375
0.01092529296875 0.0111122131347656 -0.308349609375 0.37786865234375
0.0160083770751953 -0.00500202178955078 0.019287109375 0.303619384765625
-0.0172700881958008 0.00792312622070313 0.199569702148438 0.107254028320313
-0.0151729583740234 0.00775051116943359 -0.141708374023437 -0.189163208007813
0.0230293273925781 0.012451171875 0.111297607421875 -0.320709228515625
0.00979423522949219 0.0182323455810547 0.45245361328125 -0.20361328125
-0.0301990509033203 0.0274009704589844 0.6636962890625 0.2412109375
-0.0295372009277344 0.00497627258300781 0.2908935546875 0.830078125
0.0371246337890625 -0.0605010986328125 -0.40069580078125 0.867919921875
0.0659370422363281 -0.0171241760253906 -0.58056640625 0.3172607421875
0.096771240234375 0.0200881958007812 0.1507568359375 0.0360565185546875
0.079559326171875 -0.0334548950195313 0.68267822265625 -0.458984375
0.0264167785644531 -0.0418586730957031 0.162841796875 -0.94256591796875
-0.02392578125 -0.003662109375 -0.61212158203125 -0.5465087890625
-0.0286216735839844 0.0266475677490234 -0.6181640625 0.13397216796875
0.00734519958496094 0.0148153305053711 -0.316009521484375 0.375457763671875
0.0146903991699219 -0.00119304656982422 0.015899658203125 0.305633544921875
-0.0166425704956055 0.0120515823364258 0.198898315429687 0.110366821289063
-0.0167970657348633 0.0115184783935547 -0.1458740234375 -0.18658447265625
0.0211277008056641 0.0136203765869141 0.1011962890625 -0.3212890625
0.00846672058105469 0.0170106887817383 0.4404296875 -0.21807861328125
-0.0326290130615234 0.0274219512939453 0.6666259765625 0.2149658203125
-0.0324764251708984 0.000837326049804685 0.31982421875 0.81292724609375
0.0427093505859375 -0.0725250244140625 -0.3673095703125 0.87847900390625
0.0898056030273438 -0.0261688232421875 -0.58526611328125 0.337890625
0.131538391113281 0.01885986328125 0.121536254882813 0.0383758544921875
0.104454040527344 -0.0415496826171875 0.6844482421875 -0.43389892578125
0.0356788635253906 -0.0542793273925781 0.19952392578125 -0.93975830078125
-0.0267066955566406 -0.0126380920410156 -0.59295654296875 -0.57537841796875
-0.0342979431152344 0.0256557464599609 -0.62603759765625 0.11248779296875
0.00407981872558594 0.0182476043701172 -0.3316650390625 0.368804931640625
0.0110044479370117 0.000978469848632812 0.00518798828124999 0.310546875
-0.0160846710205078 0.0155763626098633 0.19573974609375 0.113555908203125
-0.0171833038330078 -0.0155439376831055 -0.173294067382813 -0.170318603515625
0.0297946929931641 -0.0132865905761719 0.05853271484375 -0.33538818359375
0.0285167694091797 0.000186920166015625 0.378631591796875 -0.295684814453125
0.0051422119140625 0.0378074645996094 0.6693115234375 0.06475830078125
-0.0074920654296875 0.0583381652832031 0.4580078125 0.703857421875
-0.0204315185546875 0.0121402740478516 -0.20806884765625 0.92401123046875
-0.0699081420898437 0.0289497375488281 -0.58819580078125 0.44927978515625
-0.0670585632324219 0.0226707458496094 0.0094451904296875 0.0777587890625
-0.0284690856933594 0.0124435424804687 0.71600341796875 -0.31719970703125
-0.00736808776855469 0.0235824584960938 0.37640380859375 -0.91986083984375
-0.00685882568359375 0.037628173828125 -0.488525390625 -0.71026611328125
-5.72204589843768E-05 0.0360374450683594 -0.64727783203125 -0.00970458984374987
0.0213794708251953 0.00911903381347656 -0.37860107421875 0.317474365234375
0.0305252075195312 -0.0197734832763672 -0.01513671875 0.309478759765625
-0.0119247436523437 -0.00898838043212891 0.187774658203125 0.12176513671875
-0.0149908065795898 -0.0162858963012695 -0.166061401367188 -0.177810668945313
0.0334186553955078 -0.00693130493164063 0.07452392578125 -0.334747314453125
0.0298614501953125 0.00175857543945313 0.4002685546875 -0.272247314453125
0.00286102294921875 0.0394821166992187 0.67340087890625 0.115966796875
-0.0131492614746094 0.0571670532226563 0.415771484375 0.74493408203125
-0.0212688446044922 0.0107803344726563 -0.2667236328125 0.90899658203125
-0.0723648071289063 0.0276412963867188 -0.5849609375 0.4110107421875
-0.0694122314453125 0.0222587585449219 0.058837890625 0.0654373168945313
-0.0308246612548828 0.0132770538330078 0.7119140625 -0.3642578125
-0.00589942932128906 0.0221176147460938 0.30450439453125 -0.9339599609375
-0.00553512573242188 0.0354232788085937 -0.5340576171875 -0.65863037109375
0.00102424621582032 0.0321807861328125 -0.63885498046875 0.03924560546875
0.0223712921142578 0.00621795654296875 -0.35577392578125 0.337066650390625
0.0299339294433594 -0.0191879272460938 -0.00158691406249997 0.3070068359375
-0.0128946304321289 -0.00870132446289063 0.191375732421875 0.1163330078125
-0.0152397155761719 -0.0133352279663086 -0.15814208984375 -0.183792114257813
0.0324668884277344 -0.00481986999511719 0.089569091796875 -0.332763671875
0.0268840789794922 0.005645751953125 0.42169189453125 -0.250274658203125
-0.00390625 0.0387649536132813 0.6727294921875 0.1685791015625
-0.0188255310058594 0.0499153137207031 0.36724853515625 0.78448486328125
-0.0164766311645508 0.00215435028076172 -0.32562255859375 0.89483642578125
-0.0614433288574219 0.022491455078125 -0.579833984375 0.37176513671875
-0.0546684265136719 0.0211868286132813 0.106040954589844 0.057373046875
-0.0192775726318359 0.00879859924316407 0.70281982421875 -0.40997314453125
-0.00241947174072265 0.0155763626098633 0.23504638671875 -0.943115234375
-0.00545310974121094 0.0307846069335937 -0.57623291015625 -0.60736083984375
-0.00280952453613281 0.0288925170898438 -0.62701416015625 0.0849609374999999
0.0217723846435547 0.00533676147460938 -0.332427978515625 0.356658935546875
0.0266036987304688 -0.0177822113037109 0.01171875 0.303680419921875
-0.0168838500976563 -0.00402641296386718 0.196212768554688 0.11395263671875
-0.0155620574951172 -0.00787353515625 -0.150970458984375 -0.188491821289063
0.0321598052978516 0.000701904296875 0.102783203125 -0.330780029296875
0.0252418518066406 0.0106143951416016 0.4383544921875 -0.225921630859375
-0.00949478149414062 0.0379981994628906 0.67254638671875 0.2110595703125
-0.0234909057617188 0.0388412475585937 0.326416015625 0.81292724609375
-0.00454616546630859 -0.0125465393066406 -0.36956787109375 0.8797607421875
-0.0371170043945313 0.0142173767089844 -0.5765380859375 0.3436279296875
-0.0251197814941406 0.0211219787597656 0.141830444335938 0.0498809814453125
0.00070798397064209 0.000354945659637451 0.695068359375 -0.44903564453125
0.00349545478820801 0.00379419326782227 0.1837158203125 -0.9493408203125
-0.00892257690429688 0.0236873626708984 -0.60321044921875 -0.56683349609375
-0.00628471374511719 0.0276718139648438 -0.6175537109375 0.11956787109375
0.0187492370605469 0.00593948364257813 -0.316314697265625 0.369110107421875
0.0228252410888672 -0.0144538879394531 0.020599365234375 0.302581787109375
-0.016880989074707 -0.00129508972167969 0.19940185546875 0.110198974609375
-0.0153837203979492 -0.00224876403808594 -0.148101806640625 -0.191696166992188
0.0290317535400391 0.00546836853027344 0.11090087890625 -0.327301025390625
0.0216922760009766 0.0141239166259766 0.44952392578125 -0.21038818359375
-0.0177059173583984 0.0345954895019531 0.67041015625 0.239501953125
-0.0259914398193359 0.0276508331298828 0.30230712890625 0.83221435546875
0.00766754150390625 -0.0291233062744141 -0.39727783203125 0.873046875
-0.00194787979125977 0.00326275825500488 -0.57196044921875 0.32672119140625
0.0140953063964844 0.0191078186035156 0.16082763671875 0.0412445068359375
0.0251197814941406 -0.0119400024414063 0.68804931640625 -0.46893310546875
0.0101375579833984 -0.0121307373046875 0.15087890625 -0.95269775390625
-0.013758659362793 0.0134172439575195 -0.61895751953125 -0.542236328125
-0.0133457183837891 0.0257358551025391 -0.61151123046875 0.1396484375
0.0149869918823242 0.00844192504882813 -0.30889892578125 0.378936767578125
0.0200634002685547 -0.00917434692382812 0.023406982421875 0.3038330078125
-0.0166006088256836 0.00598335266113281 0.201751708984375 0.10589599609375
-0.0149192810058594 0.00405788421630859 -0.14459228515625 -0.190628051757813
0.0279750823974609 0.00949287414550781 0.11187744140625 -0.32421875
0.0147256851196289 0.0167436599731445 0.453094482421875 -0.20440673828125
-0.0248241424560547 0.0304355621337891 0.669921875 0.246337890625
-0.0272407531738281 0.0148983001708984 0.29339599609375 0.8370361328125
0.0245285034179687 -0.0459403991699219 -0.40521240234375 0.87115478515625
0.0337448120117188 -0.00676536560058594 -0.57293701171875 0.318115234375
0.0571403503417969 0.0196571350097656 0.164337158203125 0.0363006591796875
0.0535202026367188 -0.0238609313964844 0.68060302734375 -0.47674560546875
0.0177631378173828 -0.0277538299560547 0.14019775390625 -0.95184326171875
-0.0196857452392578 0.00466728210449219 -0.6256103515625 -0.53228759765625
-0.0211677551269531 0.0272197723388672 -0.61102294921875 0.150634765625
0.0114250183105469 0.011474609375 -0.305755615234375 0.3814697265625
0.0164632797241211 -0.00523662567138672 0.02313232421875 0.305084228515625
-0.0163955688476563 0.00826454162597657 0.203598022460937 0.10601806640625
-0.0141677856445312 0.0088348388671875 -0.1461181640625 -0.19049072265625
0.0244159698486328 0.0122909545898437 0.107757568359375 -0.32244873046875
0.0106105804443359 0.0183086395263672 0.451629638671875 -0.211273193359375
-0.0297641754150391 0.02899169921875 0.6741943359375 0.23809814453125
-0.0299835205078125 0.00576210021972656 0.30255126953125 0.828369140625
0.0377960205078125 -0.0608863830566406 -0.394287109375 0.87432861328125
0.0660972595214844 -0.0167007446289063 -0.57904052734375 0.32470703125
0.0989837646484375 0.0204925537109375 0.151016235351563 0.0349884033203125
0.0798568725585938 -0.03546142578125 0.68231201171875 -0.467529296875
0.0255966186523438 -0.0445327758789063 0.1549072265625 -0.950439453125
-0.0236263275146484 -0.00452613830566406 -0.61773681640625 -0.5439453125
-0.0283412933349609 0.027801513671875 -0.61737060546875 0.13897705078125
0.00798606872558594 0.0158786773681641 -0.31427001953125 0.380950927734375
0.0125436782836914 -0.00151729583740234 0.01861572265625 0.309051513671875
-0.0169944763183594 0.0140151977539063 0.201583862304688 0.109237670898438
-0.0160350799560547 0.0119504928588867 -0.148056030273438 -0.185791015625
0.0218372344970703 0.0126609802246094 0.09930419921875 -0.326080322265625
0.00731086730957031 0.0196609497070313 0.43896484375 -0.224395751953125
-0.0325088500976562 0.0278244018554688 0.6737060546875 0.2093505859375
-0.0324058532714844 0.00135612487792969 0.33160400390625 0.8115234375
0.043182373046875 -0.0729141235351563 -0.3619384765625 0.88519287109375
0.0896530151367188 -0.0263900756835938 -0.58477783203125 0.34332275390625
0.131095886230469 0.0196304321289062 0.1190185546875 0.0381011962890625
0.104698181152344 -0.0434036254882813 0.68170166015625 -0.44207763671875
0.03424072265625 -0.0547370910644531 0.19073486328125 -0.9471435546875
-0.0268745422363281 -0.0127487182617188 -0.6002197265625 -0.57135009765625
-0.0337104797363281 0.0269794464111328 -0.62646484375 0.11822509765625
0.00474452972412109 0.0173158645629883 -0.3304443359375 0.375457763671875
0.011876106262207 0.00123310089111328 0.00860595703124997 0.313323974609375
-0.0162506103515625 0.0153951644897461 0.199310302734375 0.11322021484375
-0.0169992446899414 -0.0150918960571289 -0.174301147460938 -0.170822143554688
0.0311832427978516 -0.0139656066894531 0.05218505859375 -0.338409423828125
0.0295925140380859 0.000505447387695313 0.376007080078125 -0.3016357421875
0.00605010986328125 0.0386772155761719 0.67376708984375 0.0582275390625
-0.00707244873046875 0.0588531494140625 0.46966552734375 0.69842529296875
-0.0195941925048828 0.0122356414794922 -0.1995849609375 0.92755126953125
-0.0717315673828125 0.0300140380859375 -0.5867919921875 0.45526123046875
-0.0672340393066406 0.0239143371582031 0.009552001953125 0.0767135620117188
-0.0297298431396484 0.0132617950439453 0.71502685546875 -0.3260498046875
-0.00708198547363281 0.0239448547363281 0.36822509765625 -0.92388916015625
-0.00524139404296875 0.03814697265625 -0.49884033203125 -0.70709228515625
9.53674316406256E-05 0.0362625122070313 -0.64971923828125 -0.00244140625
0.0230045318603516 0.00894355773925781 -0.374908447265625 0.320526123046875
0.0314502716064453 -0.0221366882324219 -0.01220703125 0.31201171875
-0.0112771987915039 -0.00761508941650391 0.188491821289062 0.120346069335937
-0.0153684616088867 -0.0145854949951172 -0.168411254882812 -0.176773071289063
0.0332927703857422 -0.00943183898925781 0.069122314453125 -0.339080810546875
0.0297298431396484 0.00202560424804688 0.40130615234375 -0.280670166015625
0.00395965576171875 0.0410881042480469 0.677734375 0.10833740234375
-0.0113105773925781 0.0573692321777344 0.4261474609375 0.742431640625
-0.0204238891601563 0.0105228424072266 -0.25677490234375 0.91558837890625
-0.0738143920898438 0.0288848876953125 -0.5831298828125 0.41790771484375
-0.0688705444335938 0.0243911743164063 0.0594253540039062 0.0666542053222656
-0.03033447265625 0.0117664337158203 0.71038818359375 -0.3709716796875
-0.00649452209472656 0.0223884582519531 0.29852294921875 -0.93939208984375
-0.00378036499023437 0.0367660522460938 -0.543212890625 -0.653076171875
0.00148391723632812 0.0322742462158203 -0.6397705078125 0.0463256835937499
0.0234756469726562 0.00551033020019531 -0.352294921875 0.342315673828125
0.0311870574951172 -0.0205192565917969 0.00173950195312498 0.30853271484375
-0.013667106628418 -0.00736618041992187 0.193008422851563 0.116561889648438
-0.0159149169921875 -0.0127468109130859 -0.163421630859375 -0.183639526367188
0.0327548980712891 -0.00497627258300781 0.08447265625 -0.337371826171875
0.0283641815185547 0.00551986694335938 0.42071533203125 -0.25592041015625
-0.00244140625 0.039794921875 0.677734375 0.16119384765625
-0.0171852111816406 0.0511054992675781 0.38018798828125 0.781982421875
-0.0140008926391602 0.000801086425781249 -0.31591796875 0.89727783203125
-0.0614395141601563 0.0232315063476562 -0.578125 0.3792724609375
-0.055206298828125 0.0233573913574219 0.103446960449219 0.05572509765625
-0.0206279754638672 0.00904655456542969 0.7022705078125 -0.41851806640625
-0.00169849395751953 0.0155982971191406 0.2275390625 -0.94744873046875
-0.00523948669433593 0.031036376953125 -0.5821533203125 -0.60137939453125
-0.00216293334960937 0.0293197631835938 -0.62811279296875 0.0928955078124999
0.0234355926513672 0.0058441162109375 -0.3309326171875 0.36053466796875
0.0267009735107422 -0.0192489624023437 0.0135498046875 0.30718994140625
-0.0150012969970703 -0.0041036605834961 0.198211669921875 0.112167358398438
-0.0148725509643555 -0.00694179534912109 -0.1536865234375 -0.189346313476562
0.0342350006103516 0.000743865966796875 0.09881591796875 -0.33209228515625
0.0262393951416016 0.0114402770996094 0.43804931640625 -0.234100341796875
-0.00817108154296875 0.0374259948730469 0.67706298828125 0.2047119140625
-0.0223045349121094 0.0383796691894531 0.3387451171875 0.81158447265625
-0.00574302673339844 -0.0138845443725586 -0.36090087890625 0.88604736328125
-0.0354537963867188 0.0159149169921875 -0.57366943359375 0.3509521484375
-0.0244808197021484 0.0220451354980469 0.141433715820312 0.0476837158203125
0.000404477119445801 -0.000983655452728271 0.69134521484375 -0.45367431640625
0.0044093132019043 0.00156211853027344 0.17529296875 -0.95458984375
-0.00772857666015625 0.0239086151123047 -0.61090087890625 -0.5638427734375
-0.00706672668457032 0.0279693603515625 -0.6187744140625 0.12841796875
0.0188465118408203 0.00462150573730469 -0.3133544921875 0.37493896484375
0.0230941772460938 -0.0149078369140625 0.02349853515625 0.30517578125
-0.0159149169921875 0.000331878662109377 0.203445434570312 0.107879638671875
-0.0141229629516602 -0.000127792358398435 -0.151168823242188 -0.19219970703125
0.0315208435058594 0.00513076782226563 0.106201171875 -0.330596923828125
0.0216102600097656 0.0149002075195313 0.4483642578125 -0.217041015625
-0.0175361633300781 0.0362701416015625 0.67401123046875 0.23052978515625
-0.0250205993652344 0.0272789001464844 0.30963134765625 0.82916259765625
0.00783920288085937 -0.0303936004638672 -0.38726806640625 0.87847900390625
-0.00180149078369141 0.00471067428588867 -0.5718994140625 0.3321533203125
0.0151939392089844 0.0203876495361328 0.159515380859375 0.0415191650390625
0.0237693786621094 -0.0126991271972656 0.6837158203125 -0.4779052734375
0.010066032409668 -0.0119314193725586 0.14166259765625 -0.95489501953125
-0.0116920471191406 0.0150127410888672 -0.62591552734375 -0.53729248046875
-0.0118160247802734 0.0280895233154297 -0.61322021484375 0.146484375
0.0157976150512695 0.00717353820800781 -0.304229736328125 0.384033203125
0.0189857482910156 -0.00797080993652344 0.0279541015625 0.30548095703125
-0.0163345336914063 0.005706787109375 0.206146240234375 0.104537963867188
-0.0143728256225586 0.00419139862060547 -0.1478271484375 -0.19146728515625
0.0276641845703125 0.00867080688476563 0.108062744140625 -0.3287353515625
0.0153274536132813 0.0164451599121094 0.453216552734375 -0.21124267578125
-0.0239963531494141 0.0319557189941406 0.67578125 0.24053955078125
-0.0280952453613281 0.0157070159912109 0.30206298828125 0.83551025390625
0.0253868103027344 -0.0473747253417969 -0.39678955078125 0.87506103515625
0.0335807800292969 -0.00552558898925781 -0.57232666015625 0.3262939453125
0.057403564453125 0.0210075378417969 0.164703369140625 0.0352325439453125
0.0516204833984375 -0.0254402160644531 0.67852783203125 -0.48309326171875
0.0170745849609375 -0.0275554656982422 0.13165283203125 -0.95465087890625
-0.0200443267822266 0.00351142883300781 -0.633544921875 -0.52716064453125
-0.0197772979736328 0.0282917022705078 -0.61279296875 0.1572265625
0.0107307434082031 0.0116615295410156 -0.30426025390625 0.38653564453125
0.0151653289794922 -0.00580406188964844 0.028167724609375 0.304595947265625
-0.0154867172241211 0.0103769302368164 0.205322265625 0.10455322265625
-0.0147209167480469 0.0105085372924805 -0.147842407226563 -0.18994140625
0.0248222351074219 0.0114974975585938 0.103729248046875 -0.327362060546875
0.0113725662231445 0.0169200897216797 0.45111083984375 -0.215301513671875
-0.0286846160888672 0.0310096740722656 0.6759033203125 0.22845458984375
-0.0306491851806641 0.00483131408691406 0.31219482421875 0.8271484375
0.0383186340332031 -0.0626983642578125 -0.38531494140625 0.8826904296875
0.0671310424804688 -0.0170364379882813 -0.57611083984375 0.33111572265625
0.0985565185546875 0.0202560424804687 0.149383544921875 0.0355377197265625
0.0786361694335938 -0.0362091064453125 0.68048095703125 -0.4737548828125
0.02508544921875 -0.0447921752929688 0.1483154296875 -0.952392578125
-0.0238914489746094 -0.00495338439941406 -0.62518310546875 -0.53955078125
-0.0260181427001953 0.0265712738037109 -0.6180419921875 0.1473388671875
0.00634193420410156 0.0135126113891602 -0.31103515625 0.383819580078125
0.0140390396118164 -0.00328826904296875 0.023590087890625 0.309417724609375
-0.0168123245239258 0.0164003372192383 0.204193115234375 0.107589721679688
-0.0146636962890625 0.0141925811767578 -0.15155029296875 -0.187545776367188
0.0226516723632813 0.0124282836914063 0.09478759765625 -0.32794189453125
0.00914955139160156 0.0191688537597656 0.4395751953125 -0.230743408203125
-0.0343265533447266 0.0285720825195313 0.679443359375 0.20196533203125
-0.0318832397460938 0.000789642333984378 0.341796875 0.80950927734375
0.0418930053710938 -0.074859619140625 -0.35125732421875 0.89105224609375
0.0920333862304687 -0.0264816284179688 -0.58245849609375 0.35064697265625
0.13165283203125 0.0177459716796875 0.119804382324219 0.0372161865234375
0.104248046875 -0.0436630249023438 0.681884765625 -0.44964599609375
0.0346031188964844 -0.0569305419921875 0.18316650390625 -0.9503173828125
-0.0272998809814453 -0.0133152008056641 -0.6085205078125 -0.5662841796875
-0.0323600769042969 0.0281543731689453 -0.628662109375 0.1248779296875
0.00396728515625 0.0174446105957031 -0.32513427734375 0.380035400390625
0.013300895690918 0.00114345550537109 0.0137939453125 0.313873291015625
-0.0160961151123047 0.0164833068847656 0.202423095703125 0.111618041992188
-0.0162267684936523 -0.0140008926391602 -0.177322387695313 -0.167129516601563
0.0317592620849609 -0.0135250091552734 0.04730224609375 -0.341583251953125
0.0291366577148438 -0.000402450561523438 0.37457275390625 -0.307464599609375
0.00693511962890625 0.0402145385742188 0.6766357421875 0.0487060546875
-0.005462646484375 0.0589027404785156 0.479248046875 0.69244384765625
-0.0190849304199219 0.0128192901611328 -0.19000244140625 0.92974853515625
-0.0706329345703125 0.032562255859375 -0.58062744140625 0.46136474609375
-0.06634521484375 0.0253753662109375 0.00950622558593749 0.076873779296875
-0.0293922424316406 0.0133266448974609 0.71112060546875 -0.33306884765625
-0.00593185424804688 0.0234260559082031 0.361083984375 -0.9298095703125
-0.00511550903320313 0.0373878479003906 -0.50616455078125 -0.70208740234375
0.0011444091796875 0.0361785888671875 -0.65057373046875 0.00390625000000009
0.0220069885253906 0.00762748718261719 -0.373016357421875 0.327911376953125
0.0294551849365234 -0.0227146148681641 -0.00891113281249998 0.312255859375
-0.0109004974365234 -0.00600814819335937 0.1898193359375 0.118621826171875
-0.0154151916503906 -0.0152807235717773 -0.172500610351563 -0.177536010742187
0.0340652465820313 -0.0109653472900391 0.065093994140625 -0.3406982421875
0.0304927825927734 0.00353431701660156 0.39556884765625 -0.286376953125
0.00384521484375 0.0419731140136719 0.68035888671875 0.10064697265625
-0.0116043090820313 0.057037353515625 0.43719482421875 0.73675537109375
-0.0193061828613281 0.00965118408203125 -0.24639892578125 0.91729736328125
-0.0714340209960938 0.0307998657226562 -0.58026123046875 0.42303466796875
-0.0693588256835938 0.0245628356933594 0.0587501525878906 0.0657539367675781
-0.0308284759521484 0.0143203735351562 0.707275390625 -0.3779296875
-0.00471687316894531 0.0226840972900391 0.2879638671875 -0.94293212890625
-0.00337791442871094 0.0349349975585938 -0.55047607421875 -0.64947509765625
0.00188255310058593 0.0334949493408203 -0.63958740234375 0.0560302734375
0.0222454071044922 0.00666999816894531 -0.34979248046875 0.3463134765625
0.0301532745361328 -0.0220451354980469 0.00598144531250003 0.309722900390625
-0.013885498046875 -0.00678730010986328 0.196151733398438 0.114242553710938
-0.0145101547241211 -0.0108041763305664 -0.166000366210938 -0.18426513671875
0.0345954895019531 -0.00558090209960937 0.0810546875 -0.339385986328125
0.0305976867675781 0.00728034973144531 0.418121337890625 -0.259796142578125
-0.00177001953125 0.0400543212890625 0.6837158203125 0.1533203125
-0.0165367126464844 0.0495338439941406 0.38885498046875 0.7763671875
-0.0150156021118164 -0.00108051300048828 -0.3067626953125 0.9034423828125
-0.0594825744628906 0.023468017578125 -0.5751953125 0.38531494140625
-0.0542259216308594 0.0247230529785156 0.105216979980469 0.0558090209960938
-0.02099609375 0.00791549682617188 0.6966552734375 -0.4249267578125
-0.0022430419921875 0.0147256851196289 0.2205810546875 -0.95184326171875
-0.00494956970214843 0.0295162200927734 -0.58984375 -0.5958251953125
-0.00115585327148438 0.0302848815917969 -0.6268310546875 0.09918212890625
0.0209445953369141 0.00222587585449219 -0.325958251953125 0.365081787109375
0.0277938842773438 -0.0185089111328125 0.018890380859375 0.30767822265625
-0.0141658782958984 -0.00213527679443359 0.201171875 0.110397338867188
-0.0146007537841797 -0.00498580932617188 -0.157745361328125 -0.18756103515625
0.0336666107177734 -0.00120162963867188 0.094085693359375 -0.3363037109375
0.0261173248291016 0.0105724334716797 0.438201904296875 -0.237823486328125
-0.0079498291015625 0.0384140014648438 0.6845703125 0.19561767578125
-0.0195808410644531 0.0399131774902344 0.34881591796875 0.808349609375
-0.00418949127197266 -0.0137424468994141 -0.35040283203125 0.8917236328125
-0.0353279113769531 0.015350341796875 -0.571044921875 0.3575439453125
-0.0242843627929688 0.0228614807128906 0.14111328125 0.04559326171875
0.000229716300964355 -0.000148460268974304 0.68841552734375 -0.4608154296875
0.00358295440673828 0.00184226036071777 0.1656494140625 -0.95703125
-0.00850486755371094 0.0217247009277344 -0.618408203125 -0.55694580078125
-0.00529670715332031 0.0281810760498047 -0.61944580078125 0.13446044921875
0.0197830200195313 0.00465011596679688 -0.309967041015625 0.37744140625
0.0235595703125 -0.0155696868896484 0.027740478515625 0.30615234375
-0.0157461166381836 0.00157928466796875 0.203887939453125 0.1063232421875
-0.013941764831543 -0.000646591186523437 -0.153564453125 -0.189926147460938
0.0316486358642578 0.00421333312988281 0.101043701171875 -0.33343505859375
0.0223503112792969 0.0157318115234375 0.446990966796875 -0.22412109375
-0.0154495239257812 0.0371170043945313 0.68084716796875 0.22137451171875
-0.0237579345703125 0.0281944274902344 0.322265625 0.82781982421875
0.00915718078613281 -0.0310707092285156 -0.380126953125 0.88262939453125
-0.00170087814331055 0.00528430938720703 -0.56829833984375 0.33819580078125
0.0149288177490234 0.0229721069335938 0.1607666015625 0.0385589599609375
0.0245475769042969 -0.0131015777587891 0.6800537109375 -0.485107421875
0.0102195739746094 -0.0127906799316406 0.1319580078125 -0.95831298828125
-0.0134954452514648 0.0132322311401367 -0.6326904296875 -0.53228759765625
-0.0117721557617188 0.0268115997314453 -0.61163330078125 0.15472412109375
0.0153131484985352 0.00753116607666016 -0.30169677734375 0.38726806640625
0.0192394256591797 -0.0102024078369141 0.031097412109375 0.3045654296875
-0.0156021118164063 0.00692558288574219 0.208175659179688 0.10455322265625
-0.015228271484375 0.00686359405517578 -0.150726318359375 -0.190765380859375
0.0276851654052734 0.00759124755859375 0.101898193359375 -0.331512451171875
0.0175561904907227 0.017329216003418 0.451080322265625 -0.217315673828125
-0.0235824584960938 0.0341472625732422 0.68109130859375 0.23089599609375
-0.0270118713378906 0.0153923034667969 0.3140869140625 0.83319091796875
0.0234184265136719 -0.0487823486328125 -0.385986328125 0.8819580078125
0.0340690612792969 -0.00544548034667969 -0.56903076171875 0.33331298828125
0.0570945739746094 0.0210838317871094 0.163726806640625 0.03564453125
0.0519866943359375 -0.0263481140136719 0.67584228515625 -0.49017333984375
0.0171470642089844 -0.0305137634277344 0.12457275390625 -0.95672607421875
-0.0186367034912109 0.00392532348632812 -0.63873291015625 -0.5213623046875
-0.0187454223632812 0.0270233154296875 -0.611328125 0.16278076171875
0.0125942230224609 0.0105876922607422 -0.299591064453125 0.39068603515625
0.0160388946533203 -0.00730800628662109 0.03228759765625 0.307647705078125
-0.0162229537963867 0.011627197265625 0.208343505859375 0.103378295898438
-0.0147972106933594 0.0116252899169922 -0.152618408203125 -0.188995361328125
0.0259666442871094 0.0109825134277344 0.099365234375 -0.329345703125
0.011199951171875 0.0180816650390625 0.449127197265625 -0.224090576171875
-0.0284690856933594 0.0303192138671875 0.681396484375 0.22076416015625
-0.0290031433105469 0.00571060180664062 0.3250732421875 0.8248291015625
0.0352401733398438 -0.0638809204101563 -0.37640380859375 0.884765625
0.0695877075195313 -0.0144538879394531 -0.57281494140625 0.33868408203125
0.0976715087890625 0.0187759399414063 0.1495361328125 0.0339202880859375
0.0784835815429688 -0.0370635986328125 0.67388916015625 -0.48052978515625
0.0238838195800781 -0.0462913513183594 0.13726806640625 -0.95562744140625
-0.0241870880126953 -0.00621986389160156 -0.63140869140625 -0.53277587890625
-0.0255393981933594 0.0276317596435547 -0.61627197265625 0.15435791015625
0.0081644058227539 0.0138139724731445 -0.306732177734375 0.39190673828125
0.0129709243774414 -0.00370311737060547 0.025848388671875 0.311492919921875
-0.0163841247558594 0.0158567428588867 0.207077026367188 0.107574462890625
-0.0145673751831055 0.0139923095703125 -0.156021118164063 -0.185470581054687
0.02313232421875 0.0116539001464844 0.0910339355468749 -0.33123779296875
0.00832366943359375 0.0177593231201172 0.439178466796875 -0.23651123046875
-0.0320949554443359 0.0299110412597656 0.6832275390625 0.191162109375
-0.0308113098144531 0.00169944763183594 0.35430908203125 0.80657958984375
0.04168701171875 -0.074432373046875 -0.3433837890625 0.89483642578125
0.0911178588867188 -0.0275344848632813 -0.58013916015625 0.357421875
0.131431579589844 0.0187835693359375 0.1199951171875 0.0357818603515625
0.104484558105469 -0.0445327758789063 0.6788330078125 -0.45489501953125
0.0346565246582031 -0.0565834045410156 0.1717529296875 -0.95458984375
-0.0271224975585938 -0.0133380889892578 -0.6146240234375 -0.55938720703125
-0.0314655303955078 0.0288410186767578 -0.62738037109375 0.13372802734375
0.00433921813964844 0.0182266235351563 -0.323394775390625 0.38555908203125
0.0112876892089844 -0.000325202941894531 0.019287109375 0.315765380859375
-0.0162448883056641 0.0180377960205078 0.20281982421875 0.111343383789062
-0.0165367126464844 -0.0124349594116211 -0.181732177734375 -0.166900634765625
0.0310249328613281 -0.0145835876464844 0.044921875 -0.342254638671875
0.0300617218017578 0.000719070434570313 0.3721923828125 -0.31219482421875
0.0075225830078125 0.0401763916015625 0.677978515625 0.03985595703125
-0.00412750244140625 0.0574913024902344 0.4896240234375 0.68829345703125
-0.0190601348876953 0.0116157531738281 -0.178466796875 0.932373046875
-0.0677299499511719 0.0322380065917969 -0.57672119140625 0.468994140625
-0.0674095153808594 0.0249099731445313 0.00990295410156249 0.0766525268554688
-0.0303421020507813 0.0131912231445313 0.71038818359375 -0.3388671875
-0.00496482849121094 0.0214042663574219 0.3521728515625 -0.93365478515625
-0.0043182373046875 0.0359420776367188 -0.5140380859375 -0.698974609375
0.00360488891601562 0.03643798828125 -0.65057373046875 0.0128173828125001
0.0226879119873047 0.00784111022949219 -0.370147705078125 0.33282470703125
0.0297870635986328 -0.0221290588378906 -0.00497436523437501 0.31390380859375
-0.0108203887939453 -0.00652313232421875 0.193557739257813 0.11822509765625
-0.0156078338623047 -0.0131158828735352 -0.175064086914062 -0.174972534179688
0.0335407257080078 -0.0116405487060547 0.060272216796875 -0.343475341796875
0.0297908782958984 0.00162506103515625 0.392791748046875 -0.29071044921875
0.0048065185546875 0.0423774719238281 0.68414306640625 0.09246826171875
-0.00836944580078125 0.0554046630859375 0.4464111328125 0.73236083984375
-0.0193424224853516 0.00776290893554688 -0.23773193359375 0.91961669921875
-0.0702285766601563 0.0320320129394531 -0.5748291015625 0.43017578125
-0.0681686401367188 0.0266914367675781 0.0577430725097656 0.0658226013183594
-0.0326271057128906 0.013580322265625 0.70458984375 -0.38531494140625
-0.00603866577148438 0.0220260620117187 0.2803955078125 -0.948486328125
-0.00228309631347656 0.0347785949707031 -0.5577392578125 -0.6436767578125
0.00358963012695312 0.0332393646240234 -0.6397705078125 0.0592651367187499
0.0229511260986328 0.00542068481445313 -0.34521484375 0.350982666015625
0.0296649932861328 -0.0223731994628906 0.00900268554687497 0.3115234375
-0.0130710601806641 -0.00436210632324219 0.19805908203125 0.113235473632812
-0.0152139663696289 -0.0101537704467773 -0.168365478515625 -0.182571411132813
0.0344753265380859 -0.00701332092285156 0.075469970703125 -0.34234619140625
0.0294780731201172 0.00657272338867188 0.415130615234375 -0.267242431640625
-0.00148773193359375 0.041351318359375 0.685302734375 0.1446533203125
-0.0140533447265625 0.0494728088378906 0.400390625 0.77117919921875
-0.0138015747070312 -0.000983238220214844 -0.29425048828125 0.90606689453125
-0.0587196350097656 0.0261116027832031 -0.571044921875 0.39056396484375
-0.0542793273925781 0.0232620239257812 0.105422973632813 0.0549163818359375
-0.0202465057373047 0.00791549682617188 0.6949462890625 -0.43011474609375
-0.00207996368408203 0.014460563659668 0.21075439453125 -0.95587158203125
-0.002655029296875 0.0306053161621094 -0.5970458984375 -0.5902099609375
0.000526428222656251 0.029449462890625 -0.62750244140625 0.10662841796875
0.0218372344970703 0.00371742248535156 -0.323150634765625 0.36871337890625
0.0252857208251953 -0.0196514129638672 0.023895263671875 0.3087158203125
-0.0130176544189453 -0.00223159790039062 0.202972412109375 0.109634399414063
-0.0139541625976563 -0.00517463684082031 -0.161453247070313 -0.187576293945312
0.0337448120117187 -0.00131034851074219 0.090545654296875 -0.339263916015625
0.0262813568115234 0.00966072082519531 0.433349609375 -0.245025634765625
-0.00759124755859375 0.0401268005371094 0.68707275390625 0.18670654296875
-0.0186958312988281 0.0393447875976563 0.36016845703125 0.8050537109375
-0.0053863525390625 -0.0158596038818359 -0.3411865234375 0.8939208984375
-0.0348148345947266 0.0173549652099609 -0.56781005859375 0.36505126953125
-0.0247077941894531 0.0238895416259766 0.139755249023438 0.044921875
-0.000475525856018066 -0.00106322765350342 0.6832275390625 -0.46942138671875
0.00434756278991699 0.000922203063964844 0.15509033203125 -0.960693359375
-0.00566864013671875 0.0218925476074219 -0.6265869140625 -0.55072021484375
-0.00464630126953125 0.0286197662353516 -0.61663818359375 0.14141845703125
0.0191097259521484 0.00502204895019531 -0.306884765625 0.382354736328125
0.0235538482666016 -0.0145092010498047 0.031280517578125 0.307647705078125
-0.0159921646118164 0.00344467163085938 0.206497192382813 0.105209350585937
-0.0137262344360352 0.00217533111572266 -0.156097412109375 -0.189346313476563
0.0323467254638672 0.00333213806152344 0.096710205078125 -0.336456298828125
0.0226688385009766 0.0132923126220703 0.445526123046875 -0.230926513671875
-0.0153732299804688 0.0371284484863281 0.6845703125 0.21466064453125
-0.0236167907714844 0.0268306732177734 0.33465576171875 0.8232421875
0.00890350341796875 -0.0321578979492188 -0.3690185546875 0.885498046875
-0.00146627426147461 0.005584716796875 -0.56488037109375 0.34521484375
0.0144767761230469 0.0226707458496094 0.159591674804688 0.03680419921875
0.0229568481445313 -0.0135421752929688 0.6754150390625 -0.49078369140625
0.00968360900878906 -0.0142059326171875 0.12347412109375 -0.9600830078125
-0.0123214721679688 0.0126609802246094 -0.6383056640625 -0.5260009765625
-0.00948905944824219 0.0272712707519531 -0.61065673828125 0.160888671875
0.0167140960693359 0.00681209564208984 -0.29522705078125 0.39007568359375
0.0192794799804688 -0.0108966827392578 0.03594970703125 0.306243896484375
-0.0153169631958008 0.00885105133056641 0.208969116210938 0.102569580078125
-0.0136270523071289 0.00778388977050781 -0.154953002929687 -0.190689086914063
0.0295143127441406 0.00800895690917969 0.099395751953125 -0.33380126953125
0.0172910690307617 0.0162210464477539 0.44989013671875 -0.22369384765625
-0.0220661163330078 0.0341911315917969 0.686279296875 0.22314453125
-0.0269012451171875 0.0148448944091797 0.3262939453125 0.82843017578125
0.0242843627929687 -0.0485610961914063 -0.3782958984375 0.88330078125
0.0347747802734375 -0.00524520874023438 -0.566650390625 0.33819580078125
0.0582313537597656 0.0214157104492187 0.162689208984375 0.0338592529296875
0.0495529174804687 -0.0263252258300781 0.66961669921875 -0.4969482421875
0.0167293548583984 -0.0295448303222656 0.1131591796875 -0.958740234375
-0.0188579559326172 0.00371551513671875 -0.6466064453125 -0.515869140625
-0.017486572265625 0.0283584594726563 -0.6082763671875 0.1697998046875
0.0113487243652344 0.00967311859130859 -0.296539306640625 0.395263671875
0.0162973403930664 -0.00655078887939453 0.0361328125 0.309356689453125
-0.014582633972168 0.0128049850463867 0.210357666015625 0.102798461914062
-0.0147247314453125 0.0126028060913086 -0.155609130859375 -0.18829345703125
0.0256576538085938 0.0102977752685547 0.095306396484375 -0.334136962890625
0.0129175186157227 0.0171079635620117 0.445892333984375 -0.2286376953125
-0.0286273956298828 0.0340232849121094 0.68634033203125 0.21319580078125
-0.0287303924560547 0.00608253479003906 0.3345947265625 0.82196044921875
0.0363960266113281 -0.0644378662109375 -0.36468505859375 0.8885498046875
0.068450927734375 -0.0158042907714844 -0.57147216796875 0.34771728515625
0.0981521606445313 0.0195388793945313 0.149337768554688 0.031890869140625
0.078948974609375 -0.0370559692382813 0.67108154296875 -0.4871826171875
0.0259895324707031 -0.0457611083984375 0.12811279296875 -0.95831298828125
-0.0242023468017578 -0.00535774230957031 -0.63995361328125 -0.52667236328125
-0.0241718292236328 0.0271701812744141 -0.61566162109375 0.1629638671875
0.00674057006835938 0.0139780044555664 -0.30242919921875 0.395172119140625
0.0145111083984375 -0.00401687622070312 0.031463623046875 0.3126220703125
-0.0154638290405273 0.0168867111206055 0.208969116210937 0.1051025390625
-0.0145721435546875 0.0144529342651367 -0.157745361328125 -0.18475341796875
0.0232143402099609 0.0107860565185547 0.084747314453125 -0.33319091796875
0.00911712646484375 0.0181674957275391 0.436920166015625 -0.242340087890625
-0.0327835083007813 0.0307579040527344 0.68695068359375 0.18310546875
-0.0308399200439453 -0.000776290893554684 0.3636474609375 0.80206298828125
0.0411453247070313 -0.0772476196289062 -0.33154296875 0.8974609375
0.091796875 -0.0274505615234375 -0.57659912109375 0.36639404296875
0.132301330566406 0.0180892944335938 0.118865966796875 0.0362930297851563
0.1038818359375 -0.0455856323242187 0.67437744140625 -0.46148681640625
0.0341033935546875 -0.0588455200195312 0.1644287109375 -0.9556884765625
-0.0280742645263672 -0.0140151977539063 -0.62310791015625 -0.5552978515625
-0.0307807922363281 0.0284976959228516 -0.62725830078125 0.14111328125
0.00525856018066406 0.0167570114135742 -0.31817626953125 0.389556884765625
0.0101289749145508 -0.000489234924316406 0.02264404296875 0.316131591796875
-0.0146408081054687 0.0194454193115234 0.205368041992188 0.110427856445313
-0.0165176391601563 -0.0123004913330078 -0.183349609375 -0.165374755859375
0.0316295623779297 -0.0156688690185547 0.039306640625 -0.343841552734375
0.0312557220458984 -0.0005645751953125 0.36785888671875 -0.317626953125
0.00911712646484375 0.0418815612792969 0.679443359375 0.03179931640625
-0.00434494018554688 0.0559158325195312 0.496826171875 0.68157958984375
-0.0185337066650391 0.0108089447021484 -0.1676025390625 0.931884765625
-0.0680503845214844 0.0349235534667969 -0.5706787109375 0.475341796875
-0.0646209716796875 0.0273704528808594 0.00937652587890625 0.0766067504882812
-0.03192138671875 0.0130176544189453 0.70648193359375 -0.34600830078125
-0.0063934326171875 0.0224056243896484 0.34356689453125 -0.937744140625
-0.00396347045898437 0.03668212890625 -0.52142333984375 -0.69219970703125
0.00411224365234375 0.0356483459472656 -0.6502685546875 0.0180053710937501
0.0217761993408203 0.00754165649414063 -0.367034912109375 0.33551025390625
0.03045654296875 -0.0236778259277344 -0.00204467773437502 0.31524658203125
-0.0110788345336914 -0.00573539733886719 0.194778442382813 0.11724853515625
-0.0151948928833008 -0.0127477645874023 -0.177886962890625 -0.174911499023437
0.0332145690917969 -0.0121555328369141 0.055999755859375 -0.34454345703125
0.0310020446777344 0.00310707092285156 0.39117431640625 -0.294830322265625
0.00574111938476563 0.0422821044921875 0.6854248046875 0.08612060546875
-0.00859451293945312 0.0562057495117188 0.4571533203125 0.72662353515625
-0.0187969207763672 0.00747871398925782 -0.22698974609375 0.92279052734375
-0.0699119567871094 0.0332107543945312 -0.57220458984375 0.43353271484375
-0.0686302185058594 0.0265846252441406 0.0579872131347656 0.065277099609375
-0.0324478149414063 0.0126419067382813 0.70147705078125 -0.3929443359375
-0.00586128234863281 0.0231857299804688 0.27178955078125 -0.95001220703125
-0.00310897827148438 0.0356407165527344 -0.5654296875 -0.63916015625
0.00350761413574219 0.0344257354736328 -0.638916015625 0.0655517578125
0.0237255096435547 0.00539016723632813 -0.34197998046875 0.3548583984375
0.0279045104980469 -0.0232353210449219 0.013092041015625 0.310821533203125
-0.0114297866821289 -0.00442695617675781 0.19976806640625 0.112258911132812
-0.0155792236328125 -0.00959300994873047 -0.170791625976563 -0.18145751953125
0.0353775024414063 -0.00786972045898438 0.071502685546875 -0.343597412109375
0.029510498046875 0.00595855712890625 0.411651611328125 -0.27288818359375
0.000129699707031254 0.0422477722167969 0.68853759765625 0.13494873046875
-0.012451171875 0.048370361328125 0.410400390625 0.76678466796875
-0.0147838592529297 -0.00145626068115234 -0.28729248046875 0.91015625
-0.0586128234863281 0.0248260498046875 -0.56756591796875 0.39837646484375
-0.0539169311523437 0.0271987915039063 0.103630065917969 0.0536346435546875
-0.0214462280273438 0.00888252258300782 0.690673828125 -0.43756103515625
-0.00187587738037109 0.0148344039916992 0.2025146484375 -0.95709228515625
-0.00426483154296875 0.0283317565917969 -0.6038818359375 -0.5838623046875
0.000457763671875003 0.0302600860595703 -0.62518310546875 0.1126708984375
0.0222549438476563 0.00423812866210938 -0.318603515625 0.373046875
0.0250320434570313 -0.0191974639892578 0.026123046875 0.30877685546875
-0.0144376754760742 -0.00246238708496094 0.205368041992188 0.10791015625
-0.0148696899414063 -0.00377559661865234 -0.16259765625 -0.187347412109375
0.03399658203125 -0.00384521484375 0.08447265625 -0.340576171875
0.0267753601074219 0.0108966827392578 0.430511474609375 -0.251312255859375
-0.00721359252929687 0.0420379638671875 0.68988037109375 0.1771240234375
-0.0176315307617187 0.038787841796875 0.37176513671875 0.800537109375
-0.00533485412597656 -0.0155849456787109 -0.3302001953125 0.898681640625
-0.0345191955566406 0.0182304382324219 -0.56298828125 0.36944580078125
-0.0236110687255859 0.0261192321777344 0.139656066894531 0.04473876953125
-0.00176644325256348 -0.000566840171813965 0.67913818359375 -0.47344970703125
0.00302529335021973 -0.000416278839111328 0.14801025390625 -0.96307373046875
-0.00529098510742187 0.0198936462402344 -0.6319580078125 -0.5440673828125
-0.00174522399902344 0.0283908843994141 -0.6156005859375 0.14764404296875
0.0188255310058594 0.00398063659667969 -0.30029296875 0.38641357421875
0.0230484008789063 -0.0156955718994141 0.0350341796875 0.30780029296875
-0.0148525238037109 0.00431442260742187 0.208755493164063 0.10382080078125
-0.0144138336181641 0.0018472671508789 -0.15948486328125 -0.189041137695312
0.0327777862548828 0.00273323059082031 0.092041015625 -0.33868408203125
0.0215911865234375 0.0130462646484375 0.445098876953125 -0.2353515625
-0.0145072937011719 0.0391273498535156 0.68743896484375 0.20794677734375
-0.0222320556640625 0.0259666442871094 0.34368896484375 0.81915283203125
0.00878143310546875 -0.0323162078857422 -0.35791015625 0.8875732421875
-0.00168800354003906 0.00574398040771484 -0.561737060546875 0.35076904296875
0.0150337219238281 0.0220775604248047 0.16058349609375 0.036468505859375
0.022735595703125 -0.0137462615966797 0.6712646484375 -0.49444580078125
0.00991630554199219 -0.0140247344970703 0.11663818359375 -0.96160888671875
-0.0112056732177734 0.0124111175537109 -0.6453857421875 -0.51751708984375
-0.00893974304199219 0.0276737213134766 -0.60894775390625 0.1676025390625
0.015782356262207 0.00602912902832031 -0.2921142578125 0.393798828125
0.0194854736328125 -0.0110549926757812 0.03887939453125 0.308441162109375
-0.0127286911010742 0.00895977020263672 0.21160888671875 0.100860595703125
-0.0133762359619141 0.00877094268798828 -0.15740966796875 -0.189804077148438
0.0298576354980469 0.00616455078125 0.09442138671875 -0.335357666015625
0.0173273086547852 0.0170497894287109 0.448394775390625 -0.22991943359375
-0.0202560424804687 0.0355682373046875 0.690185546875 0.21563720703125
-0.0247554779052734 0.0144271850585937 0.33636474609375 0.8243408203125
0.0239028930664063 -0.0511970520019531 -0.3681640625 0.886474609375
0.0342693328857422 -0.00482559204101563 -0.563232421875 0.344970703125
0.0571174621582031 0.0207633972167969 0.162490844726562 0.0326385498046875
0.0496330261230469 -0.0261306762695313 0.66668701171875 -0.50347900390625
0.0167789459228516 -0.029327392578125 0.10491943359375 -0.96087646484375
-0.018096923828125 0.00418853759765625 -0.6505126953125 -0.50714111328125
-0.017852783203125 0.0284976959228516 -0.6064453125 0.1781005859375
0.0126514434814453 0.00965595245361328 -0.29046630859375 0.399261474609375
0.0157842636108398 -0.00722312927246094 0.03985595703125 0.311248779296875
-0.0141315460205078 0.0138397216796875 0.212615966796875 0.101791381835938
-0.0129909515380859 0.015477180480957 -0.15875244140625 -0.189071655273438
0.0263652801513672 0.00969505310058594 0.091644287109375 -0.33404541015625
0.0132284164428711 0.0175304412841797 0.4462890625 -0.234527587890625
-0.0271072387695313 0.0329380035400391 0.68829345703125 0.20379638671875
-0.0268917083740234 0.00658416748046875 0.34674072265625 0.8182373046875
0.0354194641113281 -0.0670928955078125 -0.3563232421875 0.89324951171875
0.0673141479492188 -0.0169525146484375 -0.56719970703125 0.352294921875
0.0981979370117188 0.01708984375 0.148468017578125 0.0325775146484375
0.0771408081054687 -0.0386276245117187 0.66546630859375 -0.4931640625
0.0260009765625 -0.0464248657226563 0.119384765625 -0.9583740234375
-0.0243072509765625 -0.00560569763183594 -0.64263916015625 -0.519287109375
-0.0240917205810547 0.0289974212646484 -0.61431884765625 0.16815185546875
0.00804996490478516 0.0151309967041016 -0.298492431640625 0.399261474609375
0.0127267837524414 -0.00352382659912109 0.03533935546875 0.313751220703125
-0.0151329040527344 0.0195903778076172 0.212554931640625 0.104934692382813
-0.0151395797729492 0.0171442031860352 -0.160232543945313 -0.182662963867188
0.0242977142333984 0.0107803344726563 0.081298828125 -0.3338623046875
0.00906562805175781 0.0179290771484375 0.4345703125 -0.24737548828125
-0.0314426422119141 0.0328350067138672 0.68963623046875 0.1749267578125
-0.0311737060546875 0.00103759765624999 0.37286376953125 0.79754638671875
0.0403976440429688 -0.0792465209960938 -0.32147216796875 0.90069580078125
0.0920181274414063 -0.0274887084960938 -0.57183837890625 0.37213134765625
0.13330078125 0.0171890258789063 0.117263793945313 0.0356063842773438
0.101737976074219 -0.0471420288085937 0.669921875 -0.46710205078125
0.0335006713867187 -0.0587120056152344 0.15576171875 -0.95654296875
-0.0267829895019531 -0.0140037536621094 -0.6273193359375 -0.5491943359375
-0.0303020477294922 0.0290508270263672 -0.625732421875 0.1470947265625
0.00394344329833984 0.0174036026000977 -0.314483642578125 0.3927001953125
0.0108089447021484 -0.000748634338378906 0.026397705078125 0.319488525390625
-0.0134124755859375 0.0201148986816406 0.20758056640625 0.108673095703125
-0.0157623291015625 -0.0121526718139648 -0.186416625976563 -0.164306640625
0.0325660705566406 -0.0163898468017578 0.035736083984375 -0.344970703125
0.0312004089355469 -3.4332275390625E-05 0.363525390625 -0.323089599609375
0.0104598999023438 0.0418472290039063 0.6806640625 0.0225830078125
-0.00190353393554687 0.0563392639160156 0.50701904296875 0.67486572265625
-0.0187778472900391 0.00918006896972656 -0.156494140625 0.9327392578125
-0.0670814514160156 0.0363044738769531 -0.5662841796875 0.48028564453125
-0.0662155151367188 0.0284156799316406 0.00756072998046874 0.076385498046875
-0.0312404632568359 0.0131931304931641 0.7020263671875 -0.35064697265625
-0.00574493408203125 0.020843505859375 0.33349609375 -0.938720703125
-0.00294113159179688 0.035797119140625 -0.52703857421875 -0.6854248046875
0.00494766235351563 0.0361824035644531 -0.650146484375 0.0242919921874999
0.0236740112304687 0.00717926025390625 -0.362213134765625 0.340606689453125
0.0295448303222656 -0.0240402221679687 0.00210571289062497 0.316619873046875
-0.00879859924316406 -0.00475120544433593 0.196685791015625 0.11474609375
-0.0158929824829102 -0.0119762420654297 -0.180404663085938 -0.171371459960938
0.0326881408691406 -0.0139789581298828 0.051300048828125 -0.346405029296875
0.0322208404541016 0.00368881225585938 0.38818359375 -0.299468994140625
0.00737380981445313 0.0433883666992188 0.68804931640625 0.0750732421875
-0.00671005249023438 0.0536918640136719 0.464599609375 0.71893310546875
-0.0196094512939453 0.00749778747558594 -0.214111328125 0.92352294921875
-0.0683937072753906 0.0350532531738281 -0.56829833984375 0.44122314453125
-0.0685272216796875 0.0290794372558594 0.0577735900878906 0.0654678344726563
-0.0309886932373047 0.0141983032226562 0.69891357421875 -0.39666748046875
-0.00613784790039062 0.0223541259765625 0.26324462890625 -0.950927734375
-0.00268936157226563 0.0348110198974609 -0.57110595703125 -0.63275146484375
0.00596809387207031 0.0337867736816406 -0.636962890625 0.0716552734375001
0.0249919891357422 0.00461578369140625 -0.335113525390625 0.358001708984375
0.0273933410644531 -0.0223503112792969 0.0185546875 0.3121337890625
-0.0113201141357422 -0.00472354888916016 0.200698852539063 0.111343383789063
-0.0134572982788086 -0.00886249542236328 -0.1734619140625 -0.180099487304688
0.0362091064453125 -0.008087158203125 0.06707763671875 -0.34552001953125
0.0306777954101562 0.00675582885742187 0.40972900390625 -0.276702880859375
0.00178146362304687 0.0445976257324219 0.6893310546875 0.12615966796875
-0.0125808715820313 0.0485687255859375 0.4173583984375 0.75921630859375
-0.0131340026855469 -0.00350666046142578 -0.27508544921875 0.91015625
-0.0585556030273437 0.0272254943847656 -0.56414794921875 0.401123046875
-0.05413818359375 0.0268325805664063 0.104774475097656 0.0532760620117188
-0.0222644805908203 0.00890350341796875 0.6881103515625 -0.4437255859375
-0.00249004364013672 0.0138769149780273 0.19207763671875 -0.95794677734375
-0.00308609008789063 0.0309391021728516 -0.60797119140625 -0.57733154296875
0.00237846374511718 0.0292205810546875 -0.6241455078125 0.1182861328125
0.0224952697753906 0.00357246398925781 -0.314056396484375 0.377471923828125
0.0260009765625 -0.0198612213134766 0.0291748046875 0.30877685546875
-0.0114860534667969 -0.000286102294921876 0.208328247070312 0.105682373046875
-0.0151233673095703 -0.00407695770263672 -0.167266845703125 -0.1854248046875
0.0335311889648438 -0.0037689208984375 0.08123779296875 -0.34234619140625
0.0290699005126953 0.00893020629882812 0.42864990234375 -0.2567138671875
-0.00633621215820313 0.0409927368164063 0.69122314453125 0.1688232421875
-0.0164108276367187 0.0393142700195313 0.37908935546875 0.7930908203125
-0.00569438934326172 -0.0170812606811523 -0.3228759765625 0.897216796875
-0.0341358184814453 0.0175037384033203 -0.559417724609375 0.375
-0.0238857269287109 0.0254459381103516 0.139633178710938 0.0444107055664063
-0.00134027004241943 -0.00021517276763916 0.6754150390625 -0.47979736328125
0.00482606887817383 0.000318050384521484 0.138671875 -0.96282958984375
-0.00707817077636719 0.0213394165039063 -0.63519287109375 -0.53765869140625
-0.00354194641113281 0.0305767059326172 -0.61346435546875 0.15289306640625
0.0194339752197266 0.00434112548828125 -0.297882080078125 0.388885498046875
0.0219326019287109 -0.0162925720214844 0.038726806640625 0.30645751953125
-0.013514518737793 0.00600910186767578 0.209930419921875 0.103103637695312
-0.0131111145019531 0.00261878967285156 -0.161773681640625 -0.187759399414063
0.0328350067138672 0.000736236572265625 0.08740234375 -0.340179443359375
0.0228786468505859 0.0131721496582031 0.4407958984375 -0.2420654296875
-0.0143623352050781 0.0391731262207031 0.69219970703125 0.19610595703125
-0.0219001770019531 0.0266990661621094 0.3533935546875 0.81158447265625
0.00921630859375 -0.0353202819824219 -0.34942626953125 0.8909912109375
7.29560852050781E-05 0.00644063949584961 -0.55615234375 0.35650634765625
0.0154056549072266 0.0239505767822266 0.157638549804687 0.0350799560546875
0.0218353271484375 -0.0137367248535156 0.6658935546875 -0.50079345703125
0.00958919525146484 -0.01483154296875 0.108642578125 -0.9595947265625
-0.0108871459960938 0.0115585327148437 -0.65045166015625 -0.509033203125
-0.00824165344238281 0.0274696350097656 -0.60552978515625 0.17279052734375
0.0165443420410156 0.00694942474365234 -0.285919189453125 0.397613525390625
0.0185375213623047 -0.0118446350097656 0.044219970703125 0.3074951171875
-0.0144472122192383 0.0112581253051758 0.2144775390625 0.100479125976563
-0.012965202331543 0.00951099395751953 -0.159423828125 -0.187744140625
0.031219482421875 0.00626564025878906 0.090850830078125 -0.3365478515625
0.0171976089477539 0.0149850845336914 0.445709228515625 -0.236785888671875
-0.0207176208496094 0.0362052917480469 0.692138671875 0.206298828125
-0.0242767333984375 0.0157375335693359 0.34539794921875 0.8173828125
0.0237808227539063 -0.0519523620605469 -0.35821533203125 0.88763427734375
0.0354843139648438 -0.00449752807617188 -0.556976318359375 0.35089111328125
0.0587882995605469 0.0204353332519531 0.16253662109375 0.0315093994140625
0.0488014221191406 -0.0285377502441406 0.66241455078125 -0.5072021484375
0.0168380737304688 -0.0323886871337891 0.09588623046875 -0.95928955078125
-0.0188961029052734 0.00321578979492187 -0.65478515625 -0.501708984375
-0.0165500640869141 0.0288925170898438 -0.6038818359375 0.18475341796875
0.0113182067871094 0.00913906097412109 -0.2855224609375 0.40399169921875
0.0174102783203125 -0.00719547271728516 0.04351806640625 0.30926513671875
-0.0137834548950195 0.0152902603149414 0.212814331054688 0.099151611328125
-0.014129638671875 0.0137910842895508 -0.161605834960938 -0.188690185546875
0.0268020629882813 0.00848388671875 0.086273193359375 -0.33740234375
0.013606071472168 0.0169010162353516 0.442047119140625 -0.2412109375
-0.027801513671875 0.0339317321777344 0.6925048828125 0.19775390625
-0.0274467468261719 0.00639152526855469 0.35540771484375 0.81109619140625
0.0346565246582031 -0.0672340393066406 -0.3463134765625 0.89129638671875
0.0688018798828125 -0.0159263610839844 -0.561920166015625 0.357452392578125
0.100013732910156 0.0188140869140625 0.147964477539063 0.0299224853515625
0.07574462890625 -0.0375442504882813 0.66217041015625 -0.498779296875
0.0231513977050781 -0.0467147827148437 0.1107177734375 -0.958740234375
-0.0222606658935547 -0.00620079040527344 -0.64886474609375 -0.51324462890625
-0.0236473083496094 0.0302696228027344 -0.61077880859375 0.17608642578125
0.00677204132080078 0.0130729675292969 -0.2940673828125 0.403533935546875
0.0123214721679688 -0.00132369995117188 0.039398193359375 0.3125
-0.0140819549560547 0.0177154541015625 0.2138671875 0.101348876953125
-0.0134153366088867 0.0171728134155273 -0.163070678710937 -0.182464599609375
0.0250339508056641 0.0104408264160156 0.07733154296875 -0.3375244140625
0.0104913711547852 0.0166521072387695 0.4326171875 -0.253387451171875
-0.0305881500244141 0.0324535369873047 0.6917724609375 0.167236328125
-0.0288047790527344 0.000221252441406256 0.38348388671875 0.7908935546875
0.040313720703125 -0.080078125 -0.31402587890625 0.900146484375
0.091278076171875 -0.0265350341796875 -0.5677490234375 0.37646484375
0.131423950195313 0.0162353515625 0.117439270019531 0.035064697265625
0.101478576660156 -0.047760009765625 0.66546630859375 -0.4737548828125
0.031585693359375 -0.058807373046875 0.14556884765625 -0.95733642578125
-0.0263824462890625 -0.0138587951660156 -0.6331787109375 -0.54107666015625
-0.0284862518310547 0.0295143127441406 -0.6220703125 0.15350341796875
0.00362586975097656 0.0170021057128906 -0.309539794921875 0.396087646484375
0.0107126235961914 0.000879287719726562 0.030517578125 0.318389892578125
-0.0129165649414063 0.0217494964599609 0.2109375 0.107131958007813
-0.0158109664916992 -0.0101604461669922 -0.188201904296875 -0.162185668945313
0.0319881439208984 -0.0190906524658203 0.03021240234375 -0.34466552734375
0.0307826995849609 0.00026702880859375 0.361083984375 -0.325347900390625
0.010345458984375 0.0426101684570313 0.6793212890625 0.01715087890625
-0.00107574462890625 0.0558586120605469 0.5120849609375 0.665283203125
-0.0178794860839844 0.0084991455078125 -0.14813232421875 0.92919921875
-0.0648612976074219 0.036956787109375 -0.55950927734375 0.4840087890625
-0.0654754638671875 0.0289192199707031 0.00892639160156249 0.0767593383789062
-0.0325393676757813 0.0149116516113281 0.69757080078125 -0.35455322265625
-0.00515937805175781 0.0209560394287109 0.324951171875 -0.93951416015625
-0.00290679931640625 0.0337810516357422 -0.532958984375 -0.68011474609375
0.00717926025390625 0.0360145568847656 -0.64862060546875 0.0314941406249999
0.0227928161621094 0.00714683532714844 -0.357696533203125 0.34344482421875
0.0292778015136719 -0.0234127044677734 0.00762939453125 0.31500244140625
-0.00894451141357422 -0.00342369079589844 0.197174072265625 0.11566162109375
-0.0148305892944336 -0.0102930068969727 -0.181243896484375 -0.171859741210937
0.0334587097167969 -0.01397705078125 0.04644775390625 -0.346405029296875
0.0313949584960938 0.000827789306640625 0.384063720703125 -0.303558349609375
0.0093536376953125 0.0446281433105469 0.68719482421875 0.0692138671875
-0.00622177124023437 0.0536575317382812 0.47125244140625 0.71197509765625
-0.0175838470458984 0.00695419311523437 -0.20635986328125 0.91998291015625
-0.0677909851074219 0.0354499816894531 -0.560211181640625 0.4461669921875
-0.0685234069824219 0.0295944213867187 0.05682373046875 0.0631599426269531
-0.0331745147705078 0.0131950378417969 0.6942138671875 -0.40185546875
-0.00500679016113281 0.0204582214355469 0.25341796875 -0.95013427734375
-0.00079154968261719 0.0348186492919922 -0.57525634765625 -0.6243896484375
0.00546646118164062 0.0333194732666016 -0.63446044921875 0.0785522460937499
0.0248012542724609 0.0036773681640625 -0.332611083984375 0.362274169921875
0.0268383026123047 -0.0231723785400391 0.022491455078125 0.312652587890625
-0.00973701477050781 -0.00180149078369141 0.202987670898437 0.10882568359375
-0.0141057968139648 -0.00766563415527344 -0.176284790039063 -0.178390502929688
0.0340290069580078 -0.0101566314697266 0.06298828125 -0.345703125
0.0299587249755859 0.00484848022460938 0.4051513671875 -0.281341552734375
0.00305938720703125 0.0440444946289063 0.69097900390625 0.118896484375
-0.0104141235351563 0.0486984252929688 0.42779541015625 0.75323486328125
-0.0131473541259766 -0.00378799438476562 -0.26544189453125 0.90887451171875
-0.0560684204101562 0.0287895202636719 -0.556549072265625 0.406494140625
-0.0541725158691406 0.0272216796875 0.103897094726563 0.0528640747070313
-0.0214252471923828 0.00869560241699219 0.68060302734375 -0.4483642578125
-0.00152587890625 0.0130834579467773 0.18548583984375 -0.95587158203125
-0.00151252746582031 0.02935791015625 -0.61248779296875 -0.56903076171875
0.00334358215332031 0.0313682556152344 -0.62213134765625 0.12567138671875
0.0217914581298828 0.00295829772949219 -0.308990478515625 0.378662109375
0.0243415832519531 -0.0207576751708984 0.033172607421875 0.3094482421875
-0.0137672424316406 0.00129032135009765 0.208282470703125 0.105514526367188
-0.0148582458496094 -0.00211048126220703 -0.169418334960938 -0.184097290039062
0.0337276458740234 -0.0042877197265625 0.07623291015625 -0.34442138671875
0.0285377502441406 0.00979804992675781 0.42620849609375 -0.260589599609375
-0.00452041625976562 0.0434608459472656 0.69317626953125 0.1607666015625
-0.0171127319335938 0.0381622314453125 0.3895263671875 0.78814697265625
-0.00477218627929688 -0.0182552337646484 -0.3104248046875 0.8973388671875
-0.031982421875 0.0184688568115234 -0.553985595703125 0.3780517578125
-0.0240745544433594 0.02667236328125 0.138656616210938 0.0427017211914063
-0.00197339057922363 -0.00065004825592041 0.66973876953125 -0.48321533203125
0.00415468215942383 2.38418579101562E-07 0.13104248046875 -0.96038818359375
-0.00547218322753906 0.021453857421875 -0.6385498046875 -0.53082275390625
-0.000843048095703124 0.0298881530761719 -0.6103515625 0.15887451171875
0.0187187194824219 0.00385093688964844 -0.2916259765625 0.390838623046875
0.02264404296875 -0.0158138275146484 0.044036865234375 0.3084716796875
-0.0115137100219727 0.00623512268066406 0.210983276367188 0.101119995117188
-0.0133810043334961 0.00438404083251953 -0.165054321289063 -0.185943603515625
0.03118896484375 0.0014801025390625 0.084320068359375 -0.34002685546875
0.0237464904785156 0.0137100219726562 0.438873291015625 -0.24761962890625
-0.0101509094238281 0.0396728515625 0.69378662109375 0.189208984375
-0.0198593139648437 0.0258522033691406 0.3609619140625 0.8077392578125
0.010223388671875 -0.035400390625 -0.340576171875 0.8905029296875
0.000893592834472657 0.00853586196899414 -0.55206298828125 0.36102294921875
0.0157566070556641 0.0252780914306641 0.1575927734375 0.035919189453125
0.0214252471923828 -0.0132656097412109 0.662353515625 -0.505126953125
0.00964260101318359 -0.0147638320922852 0.10107421875 -0.95880126953125
-0.0110101699829102 0.0131158828735352 -0.6536865234375 -0.50372314453125
-0.00813674926757813 0.0277252197265625 -0.60235595703125 0.1796875
0.0169458389282227 0.00526142120361328 -0.28192138671875 0.401092529296875
0.0182666778564453 -0.0112819671630859 0.048065185546875 0.307464599609375
-0.0142946243286133 0.0109062194824219 0.214141845703125 0.09759521484375
-0.013728141784668 0.0100307464599609 -0.160736083984375 -0.187942504882812
0.0307235717773438 0.00544357299804688 0.085601806640625 -0.3397216796875
0.0179157257080078 0.0151386260986328 0.44476318359375 -0.2410888671875
-0.0180816650390625 0.036376953125 0.69354248046875 0.19805908203125
-0.0237159729003906 0.0148963928222656 0.35345458984375 0.81243896484375
0.0234375 -0.0533485412597656 -0.349853515625 0.888427734375
0.035919189453125 -0.00405502319335938 -0.55316162109375 0.353607177734375
0.0586891174316406 0.0205345153808594 0.161590576171875 0.030120849609375
0.04876708984375 -0.0265960693359375 0.6558837890625 -0.5125732421875
0.0158309936523438 -0.0317497253417969 0.0884399414062499 -0.95928955078125
-0.0168991088867188 0.00222969055175781 -0.65936279296875 -0.4913330078125
-0.0140914916992188 0.0290355682373047 -0.602294921875 0.19012451171875
0.0129508972167969 0.00964927673339844 -0.280731201171875 0.405364990234375
0.0154018402099609 -0.00556468963623047 0.0482177734375 0.309356689453125
-0.0123672485351563 0.016087532043457 0.21514892578125 0.097503662109375
-0.0124826431274414 0.0148725509643555 -0.163116455078125 -0.185501098632812
0.0260524749755859 0.00852012634277344 0.081451416015625 -0.336456298828125
0.0159320831298828 0.0169486999511719 0.4393310546875 -0.24444580078125
-0.0249652862548828 0.034576416015625 0.693359375 0.18963623046875
-0.0251178741455078 0.0048828125 0.36309814453125 0.80352783203125
0.0326271057128906 -0.0686492919921875 -0.33843994140625 0.8922119140625
0.0684356689453125 -0.0174446105957031 -0.557952880859375 0.361175537109375
0.0986557006835938 0.0185546875 0.1461181640625 0.030670166015625
0.0768890380859375 -0.0401535034179687 0.65625 -0.5009765625
0.0235061645507813 -0.0481529235839844 0.10186767578125 -0.9578857421875
-0.0231647491455078 -0.00546073913574218 -0.6517333984375 -0.50372314453125
-0.0215129852294922 0.0283946990966797 -0.6072998046875 0.17999267578125
0.00855255126953125 0.0141763687133789 -0.289154052734375 0.404266357421875
0.0119552612304687 -0.00272083282470703 0.04412841796875 0.31298828125
-0.0130462646484375 0.0209579467773438 0.213348388671875 0.101486206054687
-0.0123081207275391 0.0159053802490234 -0.165618896484375 -0.181503295898438
0.0252799987792969 0.0102176666259766 0.07232666015625 -0.337005615234375
0.0117311477661133 0.0171890258789063 0.428619384765625 -0.257781982421875
-0.0281753540039062 0.0338554382324219 0.694580078125 0.158203125
-0.0294399261474609 0.000642776489257815 0.3912353515625 0.7843017578125
0.0389862060546875 -0.0809555053710937 -0.30316162109375 0.90216064453125
0.0926513671875 -0.0277633666992188 -0.5635986328125 0.3802490234375
0.132904052734375 0.0164566040039062 0.117019653320313 0.03326416015625
0.101104736328125 -0.0466842651367188 0.66046142578125 -0.478515625
0.0315780639648438 -0.0600662231445313 0.13824462890625 -0.9552001953125
-0.02691650390625 -0.0138835906982422 -0.63555908203125 -0.53448486328125
-0.0285301208496094 0.0302524566650391 -0.6195068359375 0.16131591796875
0.00590324401855469 0.0165843963623047 -0.304046630859375 0.39910888671875
0.0104303359985352 0.000444412231445312 0.034332275390625 0.318817138671875
-0.0123348236083984 0.0213871002197266 0.211135864257813 0.104888916015625
-0.0155868530273438 -0.00869560241699219 -0.189483642578125 -0.161346435546875
0.0321807861328125 -0.0181808471679687 0.026031494140625 -0.34429931640625
0.0303459167480469 -0.001434326171875 0.356903076171875 -0.329315185546875
0.0127220153808594 0.0436592102050781 0.6783447265625 0.00836181640625
0.000350952148437499 0.05474853515625 0.518310546875 0.6583251953125
-0.0174312591552734 0.0058889389038086 -0.13885498046875 0.92840576171875
-0.0646400451660156 0.03656005859375 -0.553985595703125 0.4852294921875
-0.0643386840820313 0.0304222106933594 0.0094757080078125 0.0762100219726563
-0.0315189361572266 0.0138988494873047 0.69354248046875 -0.361572265625
-0.00487709045410156 0.0198326110839844 0.3162841796875 -0.93927001953125
-0.00190544128417969 0.0351295471191406 -0.53826904296875 -0.673095703125
0.00782012939453125 0.0364608764648438 -0.64605712890625 0.0371093750000001
0.0237579345703125 0.00532150268554688 -0.353607177734375 0.345550537109375
0.0269069671630859 -0.0239200592041016 0.00964355468750001 0.316070556640625
-0.00836515426635742 -0.00191879272460937 0.198654174804688 0.112930297851563
-0.0154476165771484 -0.00879478454589844 -0.182174682617188 -0.169204711914062
0.0345115661621094 -0.0156612396240234 0.04229736328125 -0.345855712890625
0.0319023132324219 0.00197601318359375 0.380615234375 -0.3072509765625
0.0100440979003906 0.0440635681152344 0.6871337890625 0.060791015625
-0.00405883789062501 0.0544242858886719 0.4794921875 0.70404052734375
-0.0174188613891602 0.00464344024658203 -0.1964111328125 0.91888427734375
-0.0668869018554688 0.0357551574707031 -0.553741455078125 0.4493408203125
-0.0687484741210937 0.0302276611328125 0.0576515197753906 0.0640640258789063
-0.03289794921875 0.0163116455078125 0.68780517578125 -0.40472412109375
-0.00504684448242188 0.0189876556396484 0.24676513671875 -0.95135498046875
-7.62939453124867E-06 0.0331573486328125 -0.5809326171875 -0.61572265625
0.00866317749023437 0.0333690643310547 -0.63482666015625 0.0853881835937501
0.0232467651367187 0.00326728820800781 -0.329132080078125 0.364471435546875
0.0271167755126953 -0.0242042541503906 0.0234375 0.31219482421875
-0.0100135803222656 -0.0015096664428711 0.205368041992188 0.108169555664063
-0.0160121917724609 -0.00703048706054687 -0.17791748046875 -0.177169799804687
0.035980224609375 -0.0096588134765625 0.057861328125 -0.3465576171875
0.0313472747802734 0.00551986694335938 0.402557373046875 -0.28582763671875
0.0038604736328125 0.0433998107910156 0.69287109375 0.113525390625
-0.0105476379394531 0.0479240417480469 0.4345703125 0.74664306640625
-0.0135898590087891 -0.00526142120361328 -0.25689697265625 0.90753173828125
-0.0564002990722656 0.0289382934570313 -0.5521240234375 0.409088134765625
-0.0531578063964844 0.0274658203125 0.103981018066406 0.052276611328125
-0.0217361450195313 0.00861930847167969 0.6751708984375 -0.4503173828125
-0.00152873992919922 0.0133886337280273 0.1771240234375 -0.95465087890625
-0.00268745422363281 0.0283832550048828 -0.61627197265625 -0.5650634765625
0.00539398193359375 0.0297374725341797 -0.61993408203125 0.13067626953125
0.0231399536132812 0.00209808349609375 -0.303741455078125 0.382293701171875
0.0239849090576172 -0.0212783813476563 0.036712646484375 0.3111572265625
-0.0120344161987305 -0.000115394592285157 0.2091064453125 0.104415893554688
-0.0123157501220703 -0.00135517120361328 -0.171417236328125 -0.182937622070313
0.0345458984375 -0.00540733337402344 0.0721435546875 -0.344390869140625
0.0288066864013672 0.0106430053710938 0.423431396484375 -0.26580810546875
-0.00333023071289063 0.0430870056152344 0.69342041015625 0.1544189453125
-0.0151443481445313 0.0378341674804688 0.3968505859375 0.77972412109375
-0.00336074829101563 -0.0192527770996094 -0.30303955078125 0.8970947265625
-0.0317478179931641 0.0185794830322266 -0.548492431640625 0.3804931640625
-0.0218372344970703 0.0265407562255859 0.137908935546875 0.0428924560546875
-0.00288009643554688 -0.000724554061889649 0.66583251953125 -0.486572265625
0.00437831878662109 0.000423192977905273 0.1236572265625 -0.95977783203125
-0.00432395935058594 0.0195560455322266 -0.64178466796875 -0.52392578125
0.000608444213867187 0.0285358428955078 -0.607666015625 0.164306640625
0.0189247131347656 0.001708984375 -0.287567138671875 0.394378662109375
0.0209293365478516 -0.0181465148925781 0.0458984375 0.308319091796875
-0.0137224197387695 0.00625324249267578 0.21307373046875 0.098968505859375
-0.0114908218383789 0.00419425964355469 -0.165176391601563 -0.186141967773437
0.0316543579101563 -0.000162124633789063 0.07952880859375 -0.34136962890625
0.0239715576171875 0.0127754211425781 0.435516357421875 -0.249359130859375
-0.011383056640625 0.04010009765625 0.69439697265625 0.18316650390625
-0.0201511383056641 0.0255413055419922 0.3701171875 0.79937744140625
0.00862503051757812 -0.0363273620605469 -0.331298828125 0.8907470703125
9.82284545898444E-05 0.00714492797851563 -0.547088623046875 0.365142822265625
0.0159206390380859 0.023834228515625 0.15765380859375 0.0333404541015625
0.0210285186767578 -0.0127887725830078 0.65606689453125 -0.5093994140625
0.00935554504394532 -0.0163021087646484 0.0921630859375001 -0.9593505859375
-0.0104856491088867 0.0109148025512695 -0.65667724609375 -0.49444580078125
-0.00631332397460938 0.0286502838134766 -0.599609375 0.1845703125
0.0169429779052734 0.00537014007568359 -0.276947021484375 0.402618408203125
0.0180587768554688 -0.0116481781005859 0.050994873046875 0.306915283203125
-0.0108890533447266 0.0111484527587891 0.215057373046875 0.097076416015625
-0.0118284225463867 0.0112133026123047 -0.162811279296875 -0.186203002929687
0.0305595397949219 0.00468635559082031 0.081207275390625 -0.33984375
0.0199623107910156 0.0159721374511719 0.43994140625 -0.244964599609375
-0.0171012878417969 0.0375289916992188 0.69580078125 0.1898193359375
-0.0213050842285156 0.0134029388427734 0.3619384765625 0.8062744140625
0.022216796875 -0.0538063049316406 -0.34112548828125 0.889892578125
0.0358161926269531 -0.00383758544921875 -0.547943115234375 0.357757568359375
0.0593185424804687 0.0208282470703125 0.160980224609375 0.028289794921875
0.0481185913085938 -0.0267868041992187 0.65130615234375 -0.51470947265625
0.0159187316894531 -0.0333480834960938 0.0823974609375 -0.95623779296875
-0.0163030624389648 0.00163173675537109 -0.6611328125 -0.48663330078125
-0.0139751434326172 0.0283374786376953 -0.598388671875 0.19390869140625
0.0131206512451172 0.00945663452148438 -0.27593994140625 0.40716552734375
0.0153217315673828 -0.00635433197021484 0.05084228515625 0.308990478515625
-0.0110883712768555 0.0166120529174805 0.21624755859375 0.095855712890625
-0.0119857788085938 0.0152950286865234 -0.163604736328125 -0.185791015625
0.0280132293701172 0.00735092163085938 0.078399658203125 -0.338623046875
0.0152559280395508 0.0163955688476563 0.436920166015625 -0.250244140625
-0.0241546630859375 0.0357818603515625 0.695068359375 0.179443359375
-0.0248470306396484 0.00488662719726562 0.3709716796875 0.79931640625
0.0324478149414063 -0.0696830749511719 -0.32855224609375 0.89263916015625
0.0694160461425781 -0.0157699584960938 -0.551025390625 0.363128662109375
0.0989913940429688 0.0183258056640625 0.145523071289063 0.0302581787109375
0.0746612548828125 -0.0381546020507812 0.6507568359375 -0.50494384765625
0.02374267578125 -0.0481681823730469 0.0939941406249999 -0.95330810546875
-0.0211048126220703 -0.00678634643554687 -0.65289306640625 -0.4971923828125
-0.0217056274414063 0.0292873382568359 -0.6053466796875 0.1868896484375
0.0100889205932617 0.0131444931030273 -0.283660888671875 0.406646728515625
0.0132465362548828 -0.000840187072753906 0.046295166015625 0.31329345703125
-0.0123786926269531 0.0189285278320313 0.216354370117188 0.10137939453125
-0.0121707916259766 0.0179882049560547 -0.168502807617187 -0.180328369140625
0.0251235961914063 0.00945281982421875 0.068511962890625 -0.337249755859375
0.0111579895019531 0.017003059387207 0.426605224609375 -0.2630615234375
-0.0274028778076172 0.0340538024902344 0.69482421875 0.1514892578125
-0.0283145904541016 -0.00011634826660156 0.39923095703125 0.7774658203125
0.0392227172851563 -0.0817718505859375 -0.2933349609375 0.900390625
0.092193603515625 -0.0283050537109375 -0.555450439453125 0.38446044921875
0.1331787109375 0.0154037475585938 0.115768432617188 0.033203125
0.0993194580078125 -0.0477828979492187 0.6546630859375 -0.48077392578125
0.0313644409179688 -0.0602531433105469 0.12896728515625 -0.95556640625
-0.0267448425292969 -0.0135669708251953 -0.64013671875 -0.52630615234375
-0.0269279479980469 0.0298976898193359 -0.616455078125 0.1644287109375
0.00628852844238281 0.0157680511474609 -0.300048828125 0.40118408203125
0.00994396209716797 0.000501632690429687 0.037628173828125 0.318084716796875
-0.0115890502929687 0.0230541229248047 0.212249755859375 0.104598999023438
-0.0155010223388672 -0.00892353057861328 -0.191909790039062 -0.159027099609375
0.0322856903076172 -0.0193424224853516 0.0220947265625 -0.344879150390625
0.0312309265136719 -0.00220489501953125 0.35205078125 -0.33001708984375
0.014495849609375 0.0424728393554688 0.678955078125 0.0020751953125
0.00118637084960938 0.0540847778320313 0.52618408203125 0.6500244140625
-0.0176239013671875 0.00536918640136719 -0.13037109375 0.92510986328125
-0.0626678466796875 0.0370864868164063 -0.54833984375 0.488311767578125
-0.0653228759765625 0.0303001403808594 0.007568359375 0.0767059326171875
-0.0319595336914063 0.0145206451416016 0.689453125 -0.36212158203125
-0.00562095642089844 0.0208625793457031 0.3106689453125 -0.938720703125
-0.00248336791992187 0.0334529876708984 -0.5413818359375 -0.66729736328125
0.00943374633789063 0.0368194580078125 -0.64385986328125 0.0416870117187501
0.0230655670166016 0.00728034973144531 -0.350677490234375 0.34783935546875
0.0277900695800781 -0.0256023406982422 0.013580322265625 0.3148193359375
-0.00813102722167969 -0.00258970260620117 0.200836181640625 0.112808227539063
-0.0146894454956055 -0.00816059112548828 -0.18634033203125 -0.16705322265625
0.0332889556884766 -0.0170688629150391 0.03875732421875 -0.346160888671875
0.0322017669677734 0.00106430053710938 0.3773193359375 -0.310028076171875
0.0105552673339844 0.0438003540039063 0.687744140625 0.0528564453125
-0.00412750244140625 0.05218505859375 0.48504638671875 0.6971435546875
-0.0175542831420898 0.00262355804443359 -0.1903076171875 0.9173583984375
-0.0645523071289063 0.0356369018554687 -0.547576904296875 0.451446533203125
-0.0674972534179687 0.030670166015625 0.0575981140136719 0.0645942687988281
-0.0334186553955078 0.0149593353271484 0.68194580078125 -0.4093017578125
-0.00555801391601563 0.0190410614013672 0.240478515625 -0.95068359375
0.000782012939453125 0.0328922271728516 -0.58209228515625 -0.6116943359375
0.00848770141601563 0.0317153930664063 -0.63128662109375 0.090087890625
0.0231685638427734 0.00364112854003906 -0.326171875 0.36761474609375
0.0270156860351563 -0.0224552154541016 0.027374267578125 0.31195068359375
-0.00968360900878906 -0.000743865966796875 0.205001831054688 0.107009887695313
-0.0132942199707031 -0.00699520111083984 -0.17840576171875 -0.176910400390625
0.0345306396484375 -0.00995063781738281 0.0543212890625 -0.346282958984375
0.0302486419677734 0.00471878051757813 0.399139404296875 -0.28961181640625
0.0052642822265625 0.044097900390625 0.6942138671875 0.1043701171875
-0.00920486450195312 0.0459365844726563 0.44036865234375 0.740234375
-0.0130023956298828 -0.00524520874023437 -0.2462158203125 0.9072265625
-0.0542831420898438 0.0288848876953125 -0.547210693359375 0.41204833984375
-0.0540351867675781 0.0291938781738281 0.102096557617187 0.0521011352539062
-0.0228786468505859 0.0104961395263672 0.67034912109375 -0.45343017578125
1.52587890624988E-05 0.0123653411865234 0.1702880859375 -0.9530029296875
-0.00198936462402343 0.0268001556396484 -0.61859130859375 -0.557861328125
0.00548553466796875 0.0300445556640625 -0.61431884765625 0.134521484375
0.0230674743652344 0.00206375122070313 -0.301513671875 0.38232421875
0.0240268707275391 -0.0215663909912109 0.04132080078125 0.3099365234375
-0.0121631622314453 0.00230693817138672 0.211380004882812 0.103912353515625
-0.0130224227905273 -0.00041007995605469 -0.171615600585938 -0.180557250976563
0.0346164703369141 -0.00738906860351563 0.06829833984375 -0.343963623046875
0.0277843475341797 0.0105495452880859 0.42095947265625 -0.268646240234375
-0.00184249877929687 0.0424957275390625 0.69482421875 0.1463623046875
-0.015472412109375 0.0373573303222656 0.40301513671875 0.77288818359375
-0.00539779663085938 -0.0204257965087891 -0.29473876953125 0.89697265625
-0.0289974212646484 0.0189971923828125 -0.54278564453125 0.384246826171875
-0.0219154357910156 0.0258941650390625 0.137969970703125 0.0414810180664063
-0.00407147407531738 -0.00120902061462402 0.659912109375 -0.4891357421875
0.00386333465576172 -0.00170779228210449 0.11834716796875 -0.95599365234375
-0.0051116943359375 0.0200519561767578 -0.6434326171875 -0.51678466796875
0.000719070434570313 0.0280666351318359 -0.60284423828125 0.1680908203125
0.0186100006103516 0.00426292419433594 -0.282745361328125 0.39666748046875
0.0210437774658203 -0.0174217224121094 0.04840087890625 0.307220458984375
-0.010746955871582 0.00551891326904297 0.21453857421875 0.09625244140625
-0.0141630172729492 0.00513648986816406 -0.166717529296875 -0.18487548828125
0.032470703125 -0.000494003295898437 0.076751708984375 -0.34228515625
0.0233840942382813 0.0121688842773438 0.433380126953125 -0.254852294921875
-0.00918960571289062 0.0411949157714844 0.6962890625 0.17474365234375
-0.0179347991943359 0.0256443023681641 0.3763427734375 0.79290771484375
0.00885009765625 -0.0388031005859375 -0.32244873046875 0.888916015625
0.00218629837036133 0.0067138671875 -0.544525146484375 0.36639404296875
0.0158424377441406 0.0245914459228516 0.154098510742188 0.0335540771484375
0.0198688507080078 -0.0129413604736328 0.65087890625 -0.510498046875
0.0103874206542969 -0.0150661468505859 0.0834960937499999 -0.954345703125
-0.0105476379394531 0.0110836029052734 -0.65924072265625 -0.48736572265625
-0.00555038452148438 0.0267467498779297 -0.59521484375 0.19085693359375
0.0166597366333008 0.00531959533691406 -0.273406982421875 0.4058837890625
0.0196495056152344 -0.0111675262451172 0.05426025390625 0.3072509765625
-0.0107250213623047 0.0141229629516602 0.218292236328125 0.0951690673828125
-0.012507438659668 0.0119457244873047 -0.165969848632812 -0.184768676757813
0.0297622680664063 0.00288009643554688 0.077911376953125 -0.341400146484375
0.0173072814941406 0.0156307220458984 0.437164306640625 -0.24822998046875
-0.0163993835449219 0.0379562377929688 0.69732666015625 0.18426513671875
-0.0216197967529297 0.0136661529541016 0.36749267578125 0.800048828125
0.0234642028808594 -0.0548057556152344 -0.33160400390625 0.887451171875
0.0371589660644531 -0.00419235229492188 -0.543914794921875 0.3583984375
0.0594863891601562 0.0209274291992188 0.15972900390625 0.028167724609375
0.04779052734375 -0.0264167785644531 0.64556884765625 -0.51751708984375
0.0159530639648437 -0.0326652526855469 0.0750732421874999 -0.95489501953125
-0.0176830291748047 0.00197029113769531 -0.663818359375 -0.4786376953125
-0.0133838653564453 0.0275249481201172 -0.59552001953125 0.19891357421875
0.0124626159667969 0.00916671752929688 -0.2723388671875 0.410003662109375
0.0154514312744141 -0.00639057159423828 0.055145263671875 0.30804443359375
-0.00987148284912109 0.0171165466308594 0.21832275390625 0.095550537109375
-0.0109643936157227 0.0161504745483398 -0.166732788085937 -0.180648803710938
0.0270481109619141 0.00673484802246094 0.0743408203125 -0.339752197265625
0.0154743194580078 0.0164327621459961 0.43505859375 -0.253448486328125
-0.0224742889404297 0.03485107421875 0.695068359375 0.17327880859375
-0.0248031616210937 0.00528144836425782 0.37652587890625 0.791748046875
0.033538818359375 -0.0697059631347656 -0.3187255859375 0.8914794921875
0.0689735412597656 -0.0164794921875 -0.5479736328125 0.3673095703125
0.098480224609375 0.0179061889648438 0.145187377929687 0.0291595458984375
0.0746994018554688 -0.0380706787109375 0.6439208984375 -0.505859375
0.0227584838867188 -0.0471267700195313 0.087158203125 -0.952880859375
-0.0222110748291016 -0.00687217712402343 -0.657470703125 -0.4912109375
-0.0204696655273437 0.0285987854003906 -0.60107421875 0.19171142578125
0.00858402252197266 0.0126743316650391 -0.279266357421875 0.40802001953125
0.012359619140625 -0.00340938568115234 0.051544189453125 0.31195068359375
-0.0108623504638672 0.0205478668212891 0.216720581054688 0.0970916748046875
-0.0109939575195313 0.017730712890625 -0.169570922851563 -0.179962158203125
0.0244884490966797 0.00869178771972656 0.063446044921875 -0.339508056640625
0.0127859115600586 0.0175199508666992 0.421722412109375 -0.268157958984375
-0.0260105133056641 0.0345230102539063 0.694580078125 0.144287109375
-0.0275859832763672 -0.00153732299804688 0.4033203125 0.7703857421875
0.03802490234375 -0.0824737548828125 -0.28515625 0.9002685546875
0.0921554565429688 -0.0291671752929688 -0.551300048828125 0.387786865234375
0.132102966308594 0.015716552734375 0.114776611328125 0.0322113037109375
0.09844970703125 -0.04718017578125 0.6483154296875 -0.4827880859375
0.0302352905273437 -0.0601119995117187 0.123291015625 -0.95391845703125
-0.0274105072021484 -0.0143890380859375 -0.6416015625 -0.52099609375
-0.0262870788574219 0.0311660766601562 -0.61517333984375 0.17047119140625
0.00542163848876953 0.0164327621459961 -0.293548583984375 0.403717041015625
0.0114078521728516 -0.00026702880859375 0.042327880859375 0.317718505859375
-0.0103302001953125 0.0224075317382813 0.214126586914063 0.101760864257813
-0.0154361724853516 -0.00889778137207031 -0.193405151367188 -0.159103393554687
0.0309276580810547 -0.0211906433105469 0.01800537109375 -0.344635009765625
0.0307731628417969 -0.00230026245117188 0.350250244140625 -0.33306884765625
0.0155258178710938 0.0427474975585938 0.67724609375 -0.00579833984375
0.00283050537109376 0.0537033081054688 0.5279541015625 0.64276123046875
-0.0167703628540039 0.00621795654296875 -0.12506103515625 0.92205810546875
-0.0605087280273438 0.0391502380371094 -0.543914794921875 0.490142822265625
-0.0630149841308594 0.0312271118164062 0.00774383544921875 0.0755233764648438
-0.0331974029541016 0.0146656036376953 0.68524169921875 -0.36212158203125
-0.00602531433105469 0.0191173553466797 0.30322265625 -0.93817138671875
0.000324249267578123 0.0324630737304688 -0.54229736328125 -0.66241455078125
0.0100517272949219 0.0346775054931641 -0.6400146484375 0.04571533203125
0.0237522125244141 0.00684165954589844 -0.347015380859375 0.3487548828125
0.0275516510009766 -0.0257434844970703 0.016143798828125 0.31536865234375
-0.00660228729248047 -0.00167322158813476 0.20050048828125 0.112152099609375
-0.0139751434326172 -0.00778102874755859 -0.1868896484375 -0.168197631835938
0.0330162048339844 -0.0167121887207031 0.0352783203125 -0.34613037109375
0.03167724609375 0.000978469848632812 0.374267578125 -0.31195068359375
0.012451171875 0.0449867248535156 0.68743896484375 0.04730224609375
-0.00394058227539062 0.0516090393066406 0.4920654296875 0.68927001953125
-0.0181026458740234 0.00298118591308594 -0.1817626953125 0.9154052734375
-0.0630683898925781 0.0360565185546875 -0.541473388671875 0.45172119140625
-0.0672416687011719 0.0312042236328125 0.0578880310058594 0.0647354125976563
-0.0339202880859375 0.0152225494384766 0.67718505859375 -0.41082763671875
-0.00520896911621094 0.01947021484375 0.235107421875 -0.94732666015625
0.000583648681640623 0.0329170227050781 -0.58392333984375 -0.60601806640625
0.00929641723632813 0.0320701599121094 -0.628662109375 0.09210205078125
0.0238590240478516 0.003814697265625 -0.322509765625 0.368194580078125
0.0248565673828125 -0.0240917205810547 0.03253173828125 0.312347412109375
-0.00932788848876953 -7.62939453124991E-05 0.205429077148438 0.107284545898438
-0.0138921737670898 -0.00597000122070313 -0.180313110351563 -0.174758911132813
0.0319461822509766 -0.0124740600585938 0.050323486328125 -0.346343994140625
0.0327739715576172 0.00471687316894531 0.39630126953125 -0.290008544921875
0.00748062133789063 0.0436744689941406 0.69219970703125 0.0994873046875
-0.00836181640625 0.0472145080566406 0.44573974609375 0.73101806640625
-0.0137453079223633 -0.00737380981445313 -0.24188232421875 0.90643310546875
-0.0539588928222656 0.0303459167480469 -0.541595458984375 0.412933349609375
-0.0524139404296875 0.0308494567871094 0.0999298095703125 0.0505523681640625
-0.0228347778320313 0.00997543334960938 0.66717529296875 -0.4560546875
-0.00130748748779297 0.0107955932617188 0.16650390625 -0.95294189453125
-0.00113296508789063 0.0276298522949219 -0.62054443359375 -0.550048828125
0.00636482238769531 0.0284290313720703 -0.6107177734375 0.1383056640625
0.0218086242675781 0.00297164916992187 -0.295806884765625 0.384735107421875
0.0228939056396484 -0.0218181610107422 0.04266357421875 0.310302734375
-0.00814723968505859 0.00243711471557617 0.2113037109375 0.103134155273438
-0.013310432434082 -0.000519752502441405 -0.173751831054687 -0.1796875
0.0339508056640625 -0.00829505920410156 0.06549072265625 -0.344970703125
0.0283641815185547 0.00958442687988281 0.417388916015625 -0.26995849609375
-0.000167846679687501 0.0426559448242188 0.69580078125 0.140625
-0.01434326171875 0.0358924865722656 0.40850830078125 0.7681884765625
-0.00436973571777344 -0.0224647521972656 -0.2879638671875 0.89202880859375
-0.03021240234375 0.0187511444091797 -0.53759765625 0.38555908203125
-0.0225410461425781 0.0271949768066406 0.135971069335938 0.0410232543945313
-0.00339770317077637 -0.00010991096496582 0.654296875 -0.4892578125
0.00342226028442383 -0.000345945358276367 0.11236572265625 -0.9530029296875
-0.00336837768554688 0.0187473297119141 -0.645263671875 -0.5087890625
0.00204277038574219 0.0283012390136719 -0.60150146484375 0.17230224609375
0.0196514129638672 0.00165557861328125 -0.278564453125 0.396087646484375
0.0210151672363281 -0.0173435211181641 0.052703857421875 0.30780029296875
-0.00913810729980469 0.00884342193603516 0.21429443359375 0.0957489013671875
-0.0132865905761719 0.006683349609375 -0.1697998046875 -0.183395385742188
0.0322208404541016 -0.00212287902832031 0.07183837890625 -0.3411865234375
0.0253334045410156 0.0120315551757813 0.430816650390625 -0.255615234375
-0.00869369506835938 0.0410881042480469 0.6983642578125 0.16644287109375
-0.0177516937255859 0.0249824523925781 0.38177490234375 0.78741455078125
0.00759506225585938 -0.0388755798339844 -0.3153076171875 0.88702392578125
0.0026698112487793 0.00650978088378906 -0.539337158203125 0.369537353515625
0.0162868499755859 0.0248756408691406 0.155593872070313 0.0325927734375
0.0183677673339844 -0.0124855041503906 0.6468505859375 -0.51300048828125
0.00837516784667969 -0.0166816711425781 0.0806884765625 -0.953857421875
-0.0095376968383789 0.0101222991943359 -0.6580810546875 -0.482177734375
-0.00620651245117188 0.0275821685791016 -0.59185791015625 0.19110107421875
0.0158147811889648 0.00452041625976563 -0.269500732421875 0.403350830078125
0.0169897079467773 -0.0131978988647461 0.058258056640625 0.30712890625
-0.00943183898925781 0.013005256652832 0.21893310546875 0.09442138671875
-0.0117206573486328 0.0132350921630859 -0.166152954101563 -0.184188842773437
0.0296764373779297 0.000394821166992188 0.073333740234375 -0.33966064453125
0.0196266174316406 0.013885498046875 0.43475341796875 -0.252899169921875
-0.014739990234375 0.0374717712402344 0.69647216796875 0.17864990234375
-0.0211219787597656 0.0134925842285156 0.37200927734375 0.79290771484375
0.0215682983398437 -0.05548095703125 -0.32452392578125 0.88555908203125
0.037689208984375 -0.004913330078125 -0.53778076171875 0.360870361328125
0.0593643188476562 0.0216178894042969 0.158538818359375 0.027008056640625
0.0472488403320313 -0.0266685485839844 0.64239501953125 -0.5191650390625
0.0153312683105469 -0.034576416015625 0.0686035156250001 -0.9515380859375
-0.0165071487426758 0.00194454193115234 -0.66357421875 -0.47308349609375
-0.0122432708740234 0.0292339324951172 -0.59149169921875 0.20220947265625
0.0115728378295898 0.00988483428955078 -0.26666259765625 0.408966064453125
0.0153627395629883 -0.00741481781005859 0.0577392578125 0.308441162109375
-0.00968074798583984 0.0172309875488281 0.218841552734375 0.0937957763671875
-0.0106716156005859 0.0181922912597656 -0.166900634765625 -0.183120727539063
0.0284557342529297 0.00573539733886719 0.07049560546875 -0.337127685546875
0.0154876708984375 0.0167789459228516 0.431854248046875 -0.258544921875
-0.0200576782226562 0.0348644256591797 0.6943359375 0.16668701171875
-0.0226955413818359 0.00597000122070313 0.3837890625 0.78692626953125
0.0328292846679688 -0.0723190307617188 -0.31317138671875 0.88909912109375
0.0709762573242188 -0.0159988403320313 -0.543853759765625 0.368865966796875
0.0997085571289062 0.0172500610351563 0.144073486328125 0.029083251953125
0.0724639892578125 -0.037567138671875 0.64056396484375 -0.50531005859375
0.022918701171875 -0.0482749938964844 0.0838623046875001 -0.9515380859375
-0.0225200653076172 -0.00662612915039063 -0.65802001953125 -0.48492431640625
-0.0204849243164062 0.0279541015625 -0.5975341796875 0.1943359375
0.00955295562744141 0.012700080871582 -0.27606201171875 0.40911865234375
0.0122299194335938 -0.00280284881591797 0.05401611328125 0.311614990234375
-0.0104713439941406 0.0220394134521484 0.218719482421875 0.0966796875
-0.0101318359375 0.0187320709228516 -0.17034912109375 -0.176803588867187
0.0244464874267578 0.00750160217285156 0.059783935546875 -0.338653564453125
0.0110397338867188 0.0171260833740234 0.42071533203125 -0.26953125
-0.0253677368164063 0.0354766845703125 0.6954345703125 0.13861083984375
-0.0273113250732422 6.10351562499995E-05 0.40875244140625 0.76446533203125
0.0367660522460938 -0.0831985473632813 -0.27880859375 0.8974609375
0.0945816040039063 -0.0283279418945312 -0.548583984375 0.3892822265625
0.134559631347656 0.0155410766601563 0.114906311035156 0.0316848754882813
0.0977325439453125 -0.0475921630859375 0.64385986328125 -0.4842529296875
0.0305213928222656 -0.061981201171875 0.11956787109375 -0.95037841796875
-0.0256233215332031 -0.0148715972900391 -0.64166259765625 -0.513671875
-0.0256919860839844 0.0289459228515625 -0.61090087890625 0.1710205078125
0.00644969940185547 0.0164833068847656 -0.292236328125 0.404144287109375
0.0114850997924805 0.000121116638183594 0.045074462890625 0.317138671875
-0.00933074951171875 0.0235748291015625 0.214202880859375 0.102203369140625
-0.0142917633056641 -0.0069122314453125 -0.193939208984375 -0.157211303710938
0.0313854217529297 -0.0203800201416016 0.01409912109375 -0.344818115234375
0.0314064025878906 -0.00112152099609375 0.345947265625 -0.3350830078125
0.0157737731933594 0.0436477661132812 0.6766357421875 -0.008056640625
0.0021209716796875 0.0511741638183594 0.53173828125 0.6370849609375
-0.0173435211181641 0.00383663177490235 -0.11920166015625 0.919677734375
-0.0604515075683594 0.0377960205078125 -0.5374755859375 0.490631103515625
-0.0628585815429688 0.0306777954101562 0.00794219970703124 0.0750274658203125
-0.0331172943115234 0.0146102905273437 0.68145751953125 -0.3668212890625
-0.00539588928222656 0.0192337036132813 0.3023681640625 -0.9373779296875
-1.52587890624997E-05 0.0333671569824219 -0.545654296875 -0.65802001953125
0.0102996826171875 0.0356369018554688 -0.63995361328125 0.0499267578125
0.0230903625488281 0.00583267211914063 -0.3433837890625 0.35101318359375
0.0271797180175781 -0.0256519317626953 0.018280029296875 0.315643310546875
-0.00575733184814453 0.000134944915771484 0.201736450195313 0.110366821289063
-0.0133123397827148 -0.00671672821044922 -0.188034057617187 -0.1666259765625
0.0346431732177734 -0.0180110931396484 0.032379150390625 -0.346343994140625
0.0326347351074219 0.00100898742675781 0.37005615234375 -0.313690185546875
0.0140914916992187 0.044586181640625 0.68450927734375 0.044189453125
-0.00181198120117188 0.0504837036132813 0.4925537109375 0.6832275390625
-0.0175857543945312 0.00135421752929687 -0.17669677734375 0.91217041015625
-0.0638275146484375 0.0375213623046875 -0.539459228515625 0.45135498046875
-0.0669136047363281 0.0330009460449219 0.0555229187011719 0.0640678405761719
-0.0339469909667969 0.0152988433837891 0.6749267578125 -0.41253662109375
-0.00607967376708984 0.0170917510986328 0.229736328125 -0.94683837890625
0.00146293640136719 0.0319023132324219 -0.58563232421875 -0.5997314453125
0.0111198425292969 0.0328865051269531 -0.62548828125 0.09710693359375
0.0234298706054688 0.00301170349121094 -0.317901611328125 0.369842529296875
0.0268001556396484 -0.0250587463378906 0.03240966796875 0.31195068359375
-0.00842189788818359 0.000504016876220703 0.205657958984375 0.106002807617188
-0.0132646560668945 -0.00480461120605469 -0.182571411132813 -0.1748046875
0.0332145690917969 -0.0124607086181641 0.046966552734375 -0.34613037109375
0.03076171875 0.00496864318847656 0.39630126953125 -0.293975830078125
0.00942611694335938 0.044708251953125 0.69390869140625 0.09326171875
-0.0077667236328125 0.0454826354980469 0.4490966796875 0.72503662109375
-0.0127506256103516 -0.00850296020507813 -0.23443603515625 0.9013671875
-0.0537033081054687 0.02947998046875 -0.537933349609375 0.4151611328125
-0.0535354614257813 0.0312767028808594 0.100730895996094 0.0514755249023438
-0.0246620178222656 0.0102481842041016 0.66326904296875 -0.4573974609375
-0.00150775909423828 0.0109777450561523 0.160400390625 -0.9508056640625
-0.000110626220703124 0.0280323028564453 -0.62139892578125 -0.54742431640625
0.00804328918457031 0.0288944244384766 -0.61004638671875 0.140869140625
0.0224018096923828 0.00055694580078125 -0.292633056640625 0.38714599609375
0.0230007171630859 -0.0212860107421875 0.0450439453125 0.308746337890625
-0.00979518890380859 0.0029449462890625 0.21173095703125 0.101348876953125
-0.0117969512939453 0.000460624694824218 -0.174575805664062 -0.1796875
0.0346260070800781 -0.00736618041992188 0.06170654296875 -0.345001220703125
0.0293617248535156 0.00856971740722656 0.41473388671875 -0.27325439453125
0.00163650512695312 0.0434761047363281 0.69512939453125 0.1343994140625
-0.013580322265625 0.0358657836914063 0.41156005859375 0.76092529296875
-0.00427436828613281 -0.0217208862304688 -0.28143310546875 0.8919677734375
-0.0287189483642578 0.0189628601074219 -0.53436279296875 0.388763427734375
-0.0218257904052734 0.0284500122070312 0.134368896484375 0.0392837524414063
-0.00328898429870605 -0.000428915023803711 0.650146484375 -0.492431640625
0.00297331809997559 -0.000346660614013672 0.1070556640625 -0.9541015625
-0.00383567810058594 0.01837158203125 -0.64556884765625 -0.50299072265625
0.00282096862792969 0.0296382904052734 -0.59820556640625 0.1759033203125
0.0197811126708984 0.002044677734375 -0.276275634765625 0.397491455078125
0.0208034515380859 -0.0173130035400391 0.05419921875 0.306427001953125
-0.00952720642089844 0.00844669342041016 0.214706420898438 0.0965423583984375
-0.0109405517578125 0.00750732421875 -0.17108154296875 -0.1832275390625
0.0323429107666016 -0.00333213806152344 0.067657470703125 -0.34259033203125
0.0240955352783203 0.0119380950927734 0.428558349609375 -0.259521484375
-0.00643539428710937 0.0417709350585938 0.6961669921875 0.16143798828125
-0.0176601409912109 0.0249919891357422 0.38616943359375 0.78167724609375
0.00737380981445312 -0.0395927429199219 -0.3123779296875 0.88568115234375
0.00245285034179688 0.0083003044128418 -0.5345458984375 0.368621826171875
0.0173511505126953 0.0265960693359375 0.15472412109375 0.0316009521484375
0.0188694000244141 -0.0129146575927734 0.641357421875 -0.51318359375
0.00919532775878906 -0.0169773101806641 0.0753784179687499 -0.9501953125
-0.01019287109375 0.0101003646850586 -0.6595458984375 -0.47674560546875
-0.00422096252441406 0.0279655456542969 -0.59051513671875 0.19683837890625
0.0160980224609375 0.00674247741699219 -0.2666015625 0.4052734375
0.0184612274169922 -0.01153564453125 0.059295654296875 0.305389404296875
-0.00919723510742188 0.0128135681152344 0.218490600585938 0.092803955078125
-0.0105142593383789 0.0130786895751953 -0.168991088867187 -0.182601928710938
0.0299472808837891 0.002044677734375 0.071014404296875 -0.341278076171875
0.0197639465332031 0.0140323638916016 0.431884765625 -0.255340576171875
-0.0134124755859375 0.0388221740722656 0.69586181640625 0.17108154296875
-0.0193767547607422 0.0124073028564453 0.3792724609375 0.78643798828125
0.0217552185058594 -0.0561676025390625 -0.3203125 0.88360595703125
0.0389671325683594 -0.00389862060546875 -0.535888671875 0.363739013671875
0.0577545166015625 0.0212860107421875 0.156646728515625 0.027984619140625
0.0459823608398438 -0.0267601013183594 0.63616943359375 -0.51971435546875
0.0146331787109375 -0.03472900390625 0.0629882812500001 -0.9493408203125
-0.0165109634399414 0.00151348114013672 -0.6641845703125 -0.46728515625
-0.0116710662841797 0.0280036926269531 -0.5888671875 0.204833984375
0.0128717422485352 0.00893974304199219 -0.264007568359375 0.41058349609375
0.0152435302734375 -0.00716781616210938 0.058837890625 0.307586669921875
-0.0089111328125 0.0177536010742187 0.21966552734375 0.0933380126953125
-0.0101089477539063 0.0189723968505859 -0.168563842773438 -0.181625366210938
0.0266304016113281 0.00549697875976563 0.06719970703125 -0.33984375
0.0147542953491211 0.0160627365112305 0.42803955078125 -0.261260986328125
-0.0212135314941406 0.0361557006835937 0.6951904296875 0.16070556640625
-0.0242958068847656 0.0028228759765625 0.38787841796875 0.7799072265625
0.03265380859375 -0.07171630859375 -0.30853271484375 0.8870849609375
0.069793701171875 -0.0161666870117188 -0.538818359375 0.371246337890625
0.100044250488281 0.0186614990234375 0.142547607421875 0.0274658203125
0.072967529296875 -0.0392303466796875 0.636474609375 -0.5089111328125
0.0207481384277344 -0.048828125 0.07830810546875 -0.9488525390625
-0.0225067138671875 -0.00659942626953125 -0.658935546875 -0.47918701171875
-0.0181541442871094 0.0285625457763672 -0.59490966796875 0.19744873046875
0.00925159454345703 0.0129365921020508 -0.2705078125 0.41131591796875
0.011383056640625 -0.00286006927490234 0.056396484375 0.311676025390625
-0.00896453857421875 0.0224876403808594 0.218460083007813 0.0966949462890625
-0.0100421905517578 0.0197410583496094 -0.173416137695313 -0.177871704101563
0.0245895385742188 0.00681114196777344 0.057220458984375 -0.339019775390625
0.0115890502929688 0.0164327621459961 0.4176025390625 -0.271484375
-0.0241813659667969 0.0359306335449219 0.6962890625 0.13385009765625
-0.0262451171875 0.000631332397460941 0.4139404296875 0.75946044921875
0.0371627807617188 -0.0848617553710938 -0.2723388671875 0.89459228515625
0.09344482421875 -0.0284423828125 -0.5438232421875 0.390716552734375
0.132095336914063 0.0154876708984375 0.112960815429688 0.0322265625
0.097503662109375 -0.0479278564453125 0.640625 -0.4859619140625
0.0293502807617188 -0.0619964599609375 0.114990234375 -0.9495849609375
-0.0260581970214844 -0.0141105651855469 -0.64251708984375 -0.50872802734375
-0.0249233245849609 0.0293197631835938 -0.60888671875 0.17742919921875
0.0068979263305664 0.0165519714355469 -0.288330078125 0.406768798828125
0.0110845565795898 0.000853538513183594 0.048431396484375 0.317718505859375
-0.00826835632324219 0.0240821838378906 0.21563720703125 0.101226806640625
-0.0136260986328125 -0.00608634948730469 -0.195098876953125 -0.157638549804688
0.031341552734375 -0.0207138061523437 0.011199951171875 -0.346435546875
0.0328292846679688 -0.00205039978027344 0.344482421875 -0.335784912109375
0.0170402526855469 0.0433082580566406 0.6761474609375 -0.013427734375
0.00257492065429687 0.0507240295410156 0.5345458984375 0.6307373046875
-0.0176181793212891 0.00259971618652343 -0.113037109375 0.916259765625
-0.0597190856933594 0.0380020141601563 -0.53515625 0.491119384765625
-0.0637359619140625 0.0327873229980469 0.00713348388671874 0.0763931274414063
-0.0333328247070313 0.0160026550292969 0.67803955078125 -0.3699951171875
-0.00510025024414062 0.0182304382324219 0.29608154296875 -0.9368896484375
0.000478744506835938 0.0337963104248047 -0.54644775390625 -0.65380859375
0.0120925903320313 0.0360488891601562 -0.6385498046875 0.05218505859375
0.0244636535644531 0.00504302978515625 -0.341217041015625 0.353271484375
0.0252361297607422 -0.0265102386474609 0.019866943359375 0.31744384765625
-0.00559854507446289 0.00122690200805664 0.204116821289063 0.110671997070313
-0.0129613876342773 -0.00556087493896484 -0.1890869140625 -0.165390014648438
0.0337276458740234 -0.01800537109375 0.028533935546875 -0.348236083984375
0.0330047607421875 0.00120925903320313 0.3702392578125 -0.316192626953125
0.014923095703125 0.044281005859375 0.6854248046875 0.03692626953125
-0.00116729736328125 0.0502357482910156 0.49664306640625 0.678955078125
-0.0169467926025391 0.000413894653320316 -0.1727294921875 0.91021728515625
-0.0617599487304688 0.037322998046875 -0.53607177734375 0.4547119140625
-0.0667953491210937 0.0313262939453125 0.0553359985351562 0.0636405944824219
-0.0358200073242188 0.0151939392089844 0.6722412109375 -0.41265869140625
-0.00470161437988281 0.0195636749267578 0.224853515625 -0.94720458984375
0.00172233581542969 0.0312252044677734 -0.58709716796875 -0.5968017578125
0.0116443634033203 0.0311012268066406 -0.62353515625 0.0980224609375001
0.0238857269287109 0.00217247009277344 -0.31549072265625 0.37139892578125
0.0256805419921875 -0.0246543884277344 0.03399658203125 0.312042236328125
-0.0073552131652832 0.00176000595092773 0.207778930664063 0.105972290039063
-0.0121393203735352 -0.00312709808349609 -0.183242797851563 -0.173980712890625
0.0342254638671875 -0.0120143890380859 0.044769287109375 -0.348297119140625
0.0319538116455078 0.00464630126953125 0.392913818359375 -0.294830322265625
0.00900650024414063 0.044158935546875 0.6932373046875 0.090087890625
-0.00688934326171875 0.0450706481933594 0.4541015625 0.72149658203125
-0.0148124694824219 -0.0100574493408203 -0.23211669921875 0.90045166015625
-0.0517768859863281 0.0290107727050781 -0.53369140625 0.415435791015625
-0.0508689880371094 0.0300025939941406 0.100425720214844 0.0528335571289062
-0.0241603851318359 0.0104274749755859 0.661376953125 -0.456787109375
-0.000546455383300781 0.0103397369384766 0.1568603515625 -0.94903564453125
-0.00108718872070312 0.0249786376953125 -0.6209716796875 -0.54266357421875
0.00941658020019531 0.0291652679443359 -0.60791015625 0.14385986328125
0.0219364166259766 0.000728607177734375 -0.291656494140625 0.38653564453125
0.022918701171875 -0.0214157104492188 0.046905517578125 0.30828857421875
-0.00887012481689453 0.00345134735107422 0.211807250976563 0.100921630859375
-0.0129995346069336 0.00194358825683594 -0.177536010742188 -0.179641723632813
0.0331039428710938 -0.00850868225097656 0.058563232421875 -0.34521484375
0.0295658111572266 0.00708580017089844 0.413482666015625 -0.2767333984375
0.0027923583984375 0.0441017150878906 0.6968994140625 0.13067626953125
-0.0119972229003906 0.0348625183105469 0.4149169921875 0.7562255859375
-0.00426483154296875 -0.0236892700195313 -0.27764892578125 0.89093017578125
-0.0276641845703125 0.0187702178955078 -0.531829833984375 0.387603759765625
-0.0213794708251953 0.0284614562988281 0.134742736816406 0.0405731201171875
-0.00369119644165039 0.00104045867919922 0.64910888671875 -0.4930419921875
0.00263381004333496 -0.00200128555297852 0.10467529296875 -0.95184326171875
-0.00420761108398438 0.0194892883300781 -0.6461181640625 -0.5010986328125
0.00263595581054688 0.0275344848632813 -0.595458984375 0.178466796875
0.0199050903320313 0.00199699401855469 -0.27484130859375 0.397857666015625
0.0213680267333984 -0.0180511474609375 0.057159423828125 0.30877685546875
-0.00799083709716797 0.00965309143066406 0.216903686523437 0.09515380859375
-0.0123472213745117 0.00793266296386719 -0.172225952148438 -0.181594848632812
0.0329322814941406 -0.00357818603515625 0.06622314453125 -0.3433837890625
0.0254154205322266 0.0113372802734375 0.426361083984375 -0.26373291015625
-0.00497055053710938 0.0408058166503906 0.6982421875 0.15838623046875
-0.0160140991210938 0.0236282348632813 0.39013671875 0.77593994140625
0.00866317749023438 -0.0416755676269531 -0.306884765625 0.88287353515625
0.00293111801147461 0.00780963897705078 -0.531524658203125 0.37017822265625
0.01556396484375 0.0252761840820313 0.154388427734375 0.032012939453125
0.0202007293701172 -0.0129108428955078 0.63970947265625 -0.51287841796875
0.00865650177001953 -0.0172033309936523 0.0739746093749999 -0.95013427734375
-0.0101308822631836 0.010502815246582 -0.65966796875 -0.47430419921875
-0.00342369079589844 0.0276241302490234 -0.588623046875 0.19793701171875
0.0159616470336914 0.00569343566894531 -0.263031005859375 0.40716552734375
0.0180816650390625 -0.0127506256103516 0.063018798828125 0.305999755859375
-0.00805854797363281 0.0139751434326172 0.21905517578125 0.093658447265625
-0.0107192993164063 0.0146207809448242 -0.169906616210937 -0.183120727539063
0.0301761627197266 0.00247573852539063 0.0692138671875 -0.341583251953125
0.0198116302490234 0.0141830444335938 0.430450439453125 -0.257781982421875
-0.012298583984375 0.0387115478515625 0.69769287109375 0.16644287109375
-0.0186386108398438 0.0125255584716797 0.384765625 0.78167724609375
0.0201454162597656 -0.0564155578613281 -0.3145751953125 0.88165283203125
0.0377388000488281 -0.00501251220703125 -0.53277587890625 0.364776611328125
0.0596389770507812 0.0216217041015625 0.156478881835938 0.0269775390625
0.0460777282714844 -0.0272903442382813 0.6326904296875 -0.5186767578125
0.0148639678955078 -0.0341930389404297 0.0606689453124999 -0.9486083984375
-0.0159473419189453 0.00194740295410157 -0.66375732421875 -0.46527099609375
-0.0104598999023438 0.0284328460693359 -0.58673095703125 0.20721435546875
0.0135822296142578 0.00956153869628906 -0.26116943359375 0.412078857421875
0.0153951644897461 -0.00747299194335937 0.062591552734375 0.307403564453125
-0.00785446166992187 0.0186443328857422 0.220413208007813 0.0928955078125
-0.0104522705078125 0.0177116394042969 -0.171539306640625 -0.181427001953125
0.0277862548828125 0.00467872619628906 0.063751220703125 -0.34088134765625
0.014704704284668 0.0155792236328125 0.426055908203125 -0.262908935546875
-0.0184593200683594 0.0363082885742188 0.69622802734375 0.15740966796875
-0.0228939056396484 0.00410652160644531 0.3916015625 0.7755126953125
0.0319976806640625 -0.0741424560546875 -0.3023681640625 0.886474609375
0.0703659057617188 -0.0159912109375 -0.536468505859375 0.370880126953125
0.099151611328125 0.019195556640625 0.141738891601563 0.0280609130859375
0.0723800659179688 -0.0389938354492188 0.634033203125 -0.5084228515625
0.0221481323242187 -0.0498771667480469 0.0783081054687501 -0.945556640625
-0.0222873687744141 -0.00726318359375 -0.656982421875 -0.47564697265625
-0.0172939300537109 0.0300006866455078 -0.5936279296875 0.19927978515625
0.00896358489990234 0.013336181640625 -0.26666259765625 0.411712646484375
0.0130825042724609 -0.00243091583251953 0.0577392578125 0.312103271484375
-0.00694656372070313 0.0231761932373047 0.220932006835937 0.0950775146484375
-0.0106430053710937 0.0211658477783203 -0.17474365234375 -0.177658081054688
0.025146484375 0.00610923767089844 0.056121826171875 -0.34014892578125
0.0125350952148438 0.0144901275634766 0.414398193359375 -0.27496337890625
-0.022613525390625 0.0354385375976562 0.69580078125 0.1280517578125
-0.0254364013671875 -0.000322341918945317 0.41705322265625 0.755126953125
0.0376815795898438 -0.0851593017578125 -0.26812744140625 0.8927001953125
0.093353271484375 -0.029449462890625 -0.5413818359375 0.390625
0.132316589355469 0.0149459838867187 0.112564086914063 0.0327529907226563
0.0970993041992188 -0.0486221313476563 0.6378173828125 -0.487548828125
0.0282669067382812 -0.0608978271484375 0.11083984375 -0.94940185546875
-0.0257034301757813 -0.0142230987548828 -0.64337158203125 -0.50567626953125
-0.0231685638427734 0.0286865234375 -0.6044921875 0.178466796875
0.00572776794433594 0.0162143707275391 -0.283782958984375 0.40655517578125
0.0110607147216797 0.000829696655273438 0.049468994140625 0.31915283203125
-0.00690841674804688 0.0239620208740234 0.216552734375 0.0996246337890625
-0.0133504867553711 -0.0041961669921875 -0.1953125 -0.15692138671875
0.0303573608398438 -0.0228996276855469 0.00936889648437501 -0.345550537109375
0.0323295593261719 -0.00267219543457031 0.34246826171875 -0.33856201171875
0.0186843872070312 0.0429115295410156 0.6766357421875 -0.0177001953125
0.00379180908203125 0.0508346557617187 0.5369873046875 0.62744140625
-0.0175971984863281 0.00228691101074219 -0.11029052734375 0.91644287109375
-0.0583992004394531 0.0388374328613281 -0.533355712890625 0.4927978515625
-0.0627059936523438 0.0330314636230469 0.00772857666015624 0.0766067504882813
-0.0337486267089844 0.0162143707275391 0.677490234375 -0.36993408203125
-0.00574302673339843 0.0194110870361328 0.29376220703125 -0.9390869140625
0.000164031982421875 0.0319862365722656 -0.5478515625 -0.65008544921875
0.0130043029785156 0.0353813171386719 -0.6375732421875 0.0540771484375001
0.0226058959960938 0.00506401062011719 -0.338653564453125 0.35455322265625
0.0257759094238281 -0.0266704559326172 0.021820068359375 0.316558837890625
-0.00515413284301758 0.000819206237792969 0.203887939453125 0.110946655273437
-0.0125064849853516 -0.00504207611083984 -0.190139770507813 -0.165237426757812
0.0333957672119141 -0.0172672271728516 0.02587890625 -0.347198486328125
0.0326499938964844 0.00155830383300781 0.36907958984375 -0.31915283203125
0.0156173706054687 0.0446281433105469 0.6865234375 0.0338134765625
-0.000167846679687498 0.0493698120117188 0.5010986328125 0.67431640625
-0.0187339782714844 0.000207901000976561 -0.1673583984375 0.9097900390625
-0.0622367858886719 0.0368499755859375 -0.533538818359375 0.45440673828125
-0.0662879943847656 0.0326995849609375 0.0547332763671875 0.0642013549804688
-0.0350055694580078 0.0169219970703125 0.6715087890625 -0.416259765625
-0.00441741943359375 0.0179252624511719 0.2232666015625 -0.94464111328125
0.00253486633300781 0.0312767028808594 -0.5889892578125 -0.59417724609375
0.0125064849853516 0.0314102172851563 -0.62249755859375 0.102294921875
0.0233421325683594 0.00221824645996094 -0.312774658203125 0.370941162109375
0.0249004364013672 -0.0260562896728516 0.036590576171875 0.3121337890625
-0.00700855255126953 0.000482559204101564 0.20880126953125 0.103759765625
-0.0120363235473633 -0.00364208221435547 -0.184371948242188 -0.173721313476563
0.0345554351806641 -0.0138816833496094 0.042327880859375 -0.348175048828125
0.0326385498046875 0.00365257263183594 0.390869140625 -0.297027587890625
0.00948715209960938 0.0446624755859375 0.69451904296875 0.0843505859375
-0.00594329833984375 0.043792724609375 0.45751953125 0.7149658203125
-0.0144433975219727 -0.00977706909179687 -0.22601318359375 0.8984375
-0.0513458251953125 0.0279769897460938 -0.53179931640625 0.4166259765625
-0.05169677734375 0.0316658020019531 0.09979248046875 0.0515899658203125
-0.0242977142333984 0.0111351013183594 0.65753173828125 -0.4603271484375
-0.00114631652832031 0.0110416412353516 0.15399169921875 -0.94921875
-1.71661376953147E-05 0.0261325836181641 -0.625 -0.53790283203125
0.009368896484375 0.0286121368408203 -0.60699462890625 0.14617919921875
0.022247314453125 0.00075531005859375 -0.290191650390625 0.388397216796875
0.023193359375 -0.0222320556640625 0.049652099609375 0.309478759765625
-0.00715446472167969 0.00410795211791992 0.214035034179688 0.100723266601563
-0.0114526748657227 0.00283718109130859 -0.178604125976562 -0.179061889648437
0.0346946716308594 -0.00856590270996094 0.05615234375 -0.34686279296875
0.0289802551269531 0.00679969787597656 0.412139892578125 -0.277618408203125
0.00445938110351563 0.0444831848144531 0.6982421875 0.12738037109375
-0.00974273681640624 0.0345401763916016 0.419189453125 0.75244140625
-0.00482177734375 -0.0248050689697266 -0.27325439453125 0.890869140625
-0.0280094146728516 0.0180721282958984 -0.5284423828125 0.3880615234375
-0.0228538513183594 0.0283565521240234 0.134109497070313 0.0403900146484375
-0.00525712966918945 0.000756263732910157 0.64776611328125 -0.494384765625
0.00367569923400879 -0.00121688842773438 0.10174560546875 -0.94989013671875
-0.00267314910888672 0.0171337127685547 -0.648193359375 -0.49676513671875
0.00427436828613281 0.0285072326660156 -0.594482421875 0.181884765625
0.0202465057373047 0.00252342224121094 -0.269134521484375 0.399871826171875
0.0211925506591797 -0.0175094604492188 0.058685302734375 0.307952880859375
-0.00787353515625 0.0103769302368164 0.21832275390625 0.094940185546875
-0.00996780395507812 0.00875282287597656 -0.174575805664063 -0.18170166015625
0.0321521759033203 -0.00416946411132813 0.062103271484375 -0.343414306640625
0.0254249572753906 0.0108489990234375 0.424407958984375 -0.2646484375
-0.00402450561523438 0.042083740234375 0.70037841796875 0.15234375
-0.0155143737792969 0.0238533020019531 0.39349365234375 0.77294921875
0.00643157958984375 -0.0400199890136719 -0.30169677734375 0.88299560546875
0.00417280197143555 0.00812578201293945 -0.52740478515625 0.37042236328125
0.0177764892578125 0.0256080627441406 0.15313720703125 0.0311126708984375
0.0191364288330078 -0.0117683410644531 0.6380615234375 -0.515380859375
0.00853824615478516 -0.0174760818481445 0.0702514648437499 -0.94903564453125
-0.00868511199951172 0.008941650390625 -0.66064453125 -0.470703125
-0.00222396850585938 0.0278511047363281 -0.58538818359375 0.20037841796875
0.016148567199707 0.00480270385742188 -0.259796142578125 0.408416748046875
0.0178794860839844 -0.0127544403076172 0.062652587890625 0.306396484375
-0.00752639770507813 0.0156145095825195 0.220352172851563 0.09271240234375
-0.009521484375 0.0150527954101563 -0.17138671875 -0.183944702148437
0.0299263000488281 0.00116539001464844 0.065765380859375 -0.34112548828125
0.0190334320068359 0.0121040344238281 0.42926025390625 -0.260009765625
-0.0116386413574219 0.0377922058105469 0.69976806640625 0.162353515625
-0.018096923828125 0.0113162994384766 0.38653564453125 0.77984619140625
0.0204315185546875 -0.0567092895507813 -0.30975341796875 0.88153076171875
0.0391998291015625 -0.00461959838867188 -0.528594970703125 0.363983154296875
0.0595130920410156 0.02301025390625 0.15582275390625 0.0276031494140625
0.0458946228027344 -0.0261917114257813 0.63238525390625 -0.5213623046875
0.0140647888183594 -0.0333709716796875 0.0589599609375 -0.94744873046875
-0.0159873962402344 0.00039768218994141 -0.6649169921875 -0.459716796875
-0.00996208190917969 0.0281143188476562 -0.58502197265625 0.2091064453125
0.0128231048583984 0.00759792327880859 -0.2587890625 0.411773681640625
0.0144786834716797 -0.00672054290771484 0.0650634765625 0.30902099609375
-0.00743484497070313 0.0202274322509766 0.220870971679688 0.0924835205078125
-0.00918006896972656 0.0189628601074219 -0.1724853515625 -0.1820068359375
0.0282115936279297 0.00457572937011719 0.061614990234375 -0.34088134765625
0.0153961181640625 0.0144443511962891 0.425872802734375 -0.264373779296875
-0.0168838500976563 0.0373153686523438 0.697998046875 0.15203857421875
-0.0212192535400391 0.00418853759765625 0.39471435546875 0.771240234375
0.0309371948242188 -0.073760986328125 -0.30023193359375 0.8863525390625
0.0723800659179688 -0.01708984375 -0.534027099609375 0.372344970703125
0.100311279296875 0.0183868408203125 0.142044067382812 0.0288238525390625
0.0727157592773438 -0.0391387939453125 0.6312255859375 -0.51202392578125
0.0213775634765625 -0.0510749816894531 0.0731811523437501 -0.9456787109375
-0.0230064392089844 -0.00797080993652344 -0.66070556640625 -0.47357177734375
-0.0163631439208984 0.0286369323730469 -0.5919189453125 0.203125
0.00951194763183594 0.0114307403564453 -0.265716552734375 0.412872314453125
0.0123777389526367 -0.00310230255126953 0.06146240234375 0.311614990234375
-0.00610542297363281 0.0230064392089844 0.221038818359375 0.0947265625
-0.00919151306152344 0.0228424072265625 -0.176010131835938 -0.177520751953125
0.0255870819091797 0.00666046142578125 0.05328369140625 -0.34112548828125
0.0117979049682617 0.0157871246337891 0.413726806640625 -0.278778076171875
-0.0221633911132812 0.0364303588867188 0.69671630859375 0.12451171875
-0.0244770050048828 -0.00168609619140625 0.42181396484375 0.7513427734375
0.0352630615234375 -0.0858612060546875 -0.266357421875 0.89202880859375
0.0946273803710938 -0.0293731689453125 -0.53765869140625 0.39141845703125
0.133415222167969 0.0165023803710938 0.111381530761719 0.0341339111328125
0.096954345703125 -0.04779052734375 0.63519287109375 -0.488037109375
0.0295486450195313 -0.060943603515625 0.10784912109375 -0.9476318359375
-0.0260086059570313 -0.015350341796875 -0.644287109375 -0.50152587890625
-0.0235881805419922 0.0297374725341797 -0.60546875 0.18182373046875
0.00666713714599609 0.0167207717895508 -0.282379150390625 0.409210205078125
0.0112056732177734 -0.000295639038085937 0.052398681640625 0.31829833984375
-0.00652503967285156 0.0247287750244141 0.218002319335938 0.0996246337890625
-0.0127849578857422 -0.00337886810302735 -0.197357177734375 -0.154876708984375
0.0312480926513672 -0.0228595733642578 0.005706787109375 -0.346710205078125
0.0318946838378906 -0.001708984375 0.339630126953125 -0.3406982421875
0.0202827453613281 0.0444107055664063 0.677490234375 -0.0205078125
0.00411605834960938 0.0506095886230469 0.5389404296875 0.62396240234375
-0.0163173675537109 -0.00034999847412109 -0.10546875 0.91436767578125
-0.0578384399414063 0.0371932983398438 -0.531646728515625 0.49420166015625
-0.0618171691894531 0.0336036682128906 0.007293701171875 0.0774002075195312
-0.0345497131347656 0.0179576873779297 0.675537109375 -0.37005615234375
-0.00623321533203125 0.0186882019042969 0.2913818359375 -0.93829345703125
6.10351562499974E-05 0.0319614410400391 -0.55120849609375 -0.64813232421875
0.0137844085693359 0.0350265502929688 -0.6368408203125 0.05670166015625
0.0238494873046875 0.00496482849121094 -0.337310791015625 0.356964111328125
0.0256233215332031 -0.0270462036132812 0.025146484375 0.318023681640625
-0.00315117835998535 0.00182914733886719 0.206954956054688 0.111419677734375
-0.01416015625 -0.00311470031738282 -0.192611694335938 -0.16448974609375
0.0339126586914063 -0.0187282562255859 0.022430419921875 -0.347503662109375
0.0340042114257812 0.000474929809570312 0.36553955078125 -0.322113037109375
0.0180397033691406 0.0441703796386719 0.685791015625 0.0301513671875
-5.72204589843774E-05 0.0481376647949219 0.5030517578125 0.6717529296875
-0.0172348022460938 -0.00238323211669922 -0.16546630859375 0.91015625
-0.0602798461914063 0.03729248046875 -0.531646728515625 0.454437255859375
-0.0653343200683594 0.0330543518066406 0.0533027648925781 0.0647010803222656
-0.0337104797363281 0.01654052734375 0.6678466796875 -0.4178466796875
-0.00432872772216797 0.0169162750244141 0.21990966796875 -0.94696044921875
0.000192642211914064 0.0305671691894531 -0.59027099609375 -0.59246826171875
0.0151157379150391 0.0309295654296875 -0.62261962890625 0.1041259765625
0.0240917205810547 0.00162315368652344 -0.3115234375 0.37451171875
0.0241832733154297 -0.0268173217773438 0.0384521484375 0.3140869140625
-0.00443744659423828 0.00243902206420899 0.211196899414062 0.105880737304687
-0.0115108489990234 -0.00132560729980469 -0.186248779296875 -0.172683715820313
0.0334320068359375 -0.0138092041015625 0.03802490234375 -0.347869873046875
0.0332450866699219 0.00382614135742188 0.389739990234375 -0.2984619140625
0.0106887817382813 0.0436782836914063 0.69610595703125 0.080810546875
-0.00330352783203125 0.04119873046875 0.46075439453125 0.7142333984375
-0.0126447677612305 -0.0101747512817383 -0.22491455078125 0.89703369140625
-0.0500602722167969 0.0296669006347656 -0.531951904296875 0.4168701171875
-0.0498085021972656 0.0327224731445312 0.0984878540039063 0.052978515625
-0.0247650146484375 0.0113468170166016 0.6563720703125 -0.46063232421875
-0.000902175903320313 0.0101375579833984 0.1490478515625 -0.95086669921875
0.000568389892578124 0.0254802703857422 -0.62469482421875 -0.53692626953125
0.0108680725097656 0.0306663513183594 -0.60516357421875 0.14697265625
0.0229701995849609 0.00061798095703125 -0.287139892578125 0.389801025390625
0.0228710174560547 -0.0212783813476563 0.052764892578125 0.311065673828125
-0.00546360015869141 0.00525951385498047 0.214096069335938 0.0999755859375
-0.0103693008422852 0.00297451019287109 -0.17962646484375 -0.179046630859375
0.0332870483398438 -0.0101490020751953 0.052520751953125 -0.3470458984375
0.0292301177978516 0.0067138671875 0.411102294921875 -0.2811279296875
0.0060882568359375 0.0434799194335938 0.7003173828125 0.1219482421875
-0.00998878479003906 0.0336513519287109 0.42315673828125 0.7479248046875
-0.00558853149414063 -0.025115966796875 -0.26885986328125 0.88818359375
-0.0282192230224609 0.0208549499511719 -0.5277099609375 0.3892822265625
-0.0204715728759766 0.0288658142089844 0.13397216796875 0.041229248046875
-0.00556659698486328 0.000496387481689453 0.64642333984375 -0.49505615234375
0.00365781784057617 -0.0026698112487793 0.0988769531249999 -0.9525146484375
-0.00387382507324219 0.0179557800292969 -0.64959716796875 -0.494140625
0.00453758239746094 0.0276927947998047 -0.5941162109375 0.18316650390625
0.0186576843261719 0.00426101684570313 -0.268890380859375 0.400482177734375
0.0213680267333984 -0.0173206329345703 0.0596923828125 0.3077392578125
-0.00644111633300781 0.00991153717041015 0.218658447265625 0.095672607421875
-0.00946331024169922 0.00999164581298828 -0.174819946289063 -0.182464599609375
0.0315799713134766 -0.00492477416992188 0.061553955078125 -0.34393310546875
0.0254669189453125 0.0103092193603516 0.423583984375 -0.266265869140625
-0.00314712524414063 0.0415077209472656 0.70135498046875 0.14654541015625
-0.0155029296875 0.0233955383300781 0.3978271484375 0.77032470703125
0.00677490234375 -0.0423507690429687 -0.30029296875 0.8804931640625
0.00537633895874023 0.00664377212524414 -0.52642822265625 0.372711181640625
0.0172386169433594 0.0267734527587891 0.153106689453125 0.03173828125
0.0189723968505859 -0.0114841461181641 0.63677978515625 -0.51654052734375
0.00749588012695313 -0.0181350708007813 0.068115234375 -0.94989013671875
-0.0097494125366211 0.00856590270996094 -0.6630859375 -0.46856689453125
-0.000537872314453127 0.02642822265625 -0.585693359375 0.20166015625
0.0173721313476563 0.00435161590576172 -0.25909423828125 0.40924072265625
0.0184707641601563 -0.0127315521240234 0.0660400390625 0.30682373046875
-0.00485515594482422 0.0149440765380859 0.221633911132813 0.0926513671875
-0.0092916488647461 0.016204833984375 -0.173980712890625 -0.183502197265625
0.0294475555419922 9.5367431640625E-06 0.0628662109375 -0.34332275390625
0.0192451477050781 0.0127658843994141 0.4285888671875 -0.264495849609375
-0.0102996826171875 0.0384559631347656 0.6995849609375 0.15899658203125
-0.0179538726806641 0.012359619140625 0.3900146484375 0.77484130859375
0.0202102661132812 -0.059356689453125 -0.3065185546875 0.88055419921875
0.0397262573242188 -0.00509262084960938 -0.5281982421875 0.36474609375
0.0590095520019531 0.0220527648925781 0.156723022460938 0.02838134765625
0.0462303161621094 -0.0267333984375 0.6312255859375 -0.522216796875
0.0129604339599609 -0.0337600708007813 0.0560302734374999 -0.94537353515625
-0.0157194137573242 0.000777244567871094 -0.66766357421875 -0.4566650390625
-0.00893974304199219 0.0263328552246094 -0.58331298828125 0.21124267578125
0.0127429962158203 0.00885963439941406 -0.25616455078125 0.415252685546875
0.0157747268676758 -0.00693225860595703 0.067291259765625 0.308868408203125
-0.00517654418945313 0.0197505950927734 0.222503662109375 0.0909576416015625
-0.00809478759765625 0.0198802947998047 -0.173446655273438 -0.18194580078125
0.0274734497070313 0.00330162048339844 0.058868408203125 -0.34033203125
0.0160865783691406 0.0156135559082031 0.422882080078125 -0.26983642578125
-0.0161209106445313 0.0365333557128906 0.7005615234375 0.14959716796875
-0.0202198028564453 0.00282478332519531 0.39801025390625 0.768798828125
0.0298995971679687 -0.0749282836914063 -0.29620361328125 0.88421630859375
0.0717239379882813 -0.01702880859375 -0.53240966796875 0.371917724609375
0.101051330566406 0.0202178955078125 0.142135620117188 0.0287017822265625
0.0725479125976563 -0.0367507934570313 0.6334228515625 -0.51080322265625
0.0199661254882813 -0.0511054992675781 0.0715332031250001 -0.94769287109375
-0.0212745666503906 -0.00743484497070313 -0.659912109375 -0.4703369140625
-0.0154895782470703 0.0287952423095703 -0.59197998046875 0.20269775390625
0.00847244262695313 0.0120372772216797 -0.264862060546875 0.41510009765625
0.0112018585205078 -0.0023956298828125 0.062957763671875 0.314910888671875
-0.00564384460449218 0.0223636627197266 0.222030639648438 0.0948028564453125
-0.00855827331542969 0.0235767364501953 -0.177459716796875 -0.177291870117188
0.0245399475097656 0.00474357604980469 0.04962158203125 -0.34185791015625
0.0128498077392578 0.0143766403198242 0.4124755859375 -0.2822265625
-0.0211105346679687 0.0362815856933594 0.6981201171875 0.11981201171875
-0.0230922698974609 -0.00018310546875 0.42462158203125 0.74835205078125
0.0361557006835937 -0.086151123046875 -0.261474609375 0.8919677734375
0.095977783203125 -0.0284805297851563 -0.536651611328125 0.393341064453125
0.133529663085938 0.0169754028320313 0.111961364746094 0.0343093872070313
0.0971527099609375 -0.0473403930664062 0.63470458984375 -0.48699951171875
0.0284576416015625 -0.0605010986328125 0.10528564453125 -0.94793701171875
-0.0254764556884766 -0.013824462890625 -0.6456298828125 -0.49786376953125
-0.0218048095703125 0.0285682678222656 -0.6048583984375 0.1837158203125
0.00614452362060547 0.0156345367431641 -0.278472900390625 0.410919189453125
0.0107345581054688 0.000734329223632813 0.055084228515625 0.3193359375
-0.005462646484375 0.0252132415771484 0.218734741210938 0.0987701416015625
-0.0133895874023438 -0.00225353240966797 -0.199600219726563 -0.155624389648437
0.0303440093994141 -0.0218467712402344 0.00366210937499997 -0.347412109375
0.0323715209960938 -0.00161933898925781 0.34002685546875 -0.341796875
0.0205955505371094 0.0439414978027344 0.6790771484375 -0.02410888671875
0.00563812255859374 0.0499191284179688 0.54486083984375 0.6199951171875
-0.0188808441162109 -0.00110054016113282 -0.10345458984375 0.91412353515625
-0.0573692321777344 0.03680419921875 -0.5286865234375 0.49609375
-0.0624580383300781 0.0351676940917969 0.0067291259765625 0.077362060546875
-0.0330791473388672 0.0181636810302734 0.6739501953125 -0.3740234375
-0.00590133666992187 0.0183353424072266 0.2894287109375 -0.93939208984375
0.00114631652832031 0.0320510864257813 -0.55255126953125 -0.648193359375
0.0155067443847656 0.0335979461669922 -0.63690185546875 0.0587158203124999
0.0233478546142578 0.00506591796875 -0.334686279296875 0.358154296875
0.0251502990722656 -0.0269947052001953 0.0277099609375 0.320404052734375
-0.00280523300170898 0.0021059513092041 0.2081298828125 0.111083984375
-0.0140314102172852 -0.00222969055175781 -0.19378662109375 -0.164138793945313
0.0324268341064453 -0.0199432373046875 0.02044677734375 -0.349151611328125
0.0334930419921875 0.000263214111328125 0.36553955078125 -0.324005126953125
0.0186729431152344 0.0443916320800781 0.68902587890625 0.0252685546875
0.00160598754882813 0.047943115234375 0.50732421875 0.66754150390625
-0.0184841156005859 -0.00230598449707032 -0.1610107421875 0.90850830078125
-0.0599784851074219 0.0375213623046875 -0.528472900390625 0.456878662109375
-0.0657157897949219 0.0333442687988281 0.0537643432617187 0.0638580322265625
-0.0348548889160156 0.0157680511474609 0.669677734375 -0.4200439453125
-0.00623989105224609 0.0172023773193359 0.21661376953125 -0.94970703125
0.00176048278808594 0.0290012359619141 -0.59161376953125 -0.59027099609375
0.0153923034667969 0.0314235687255859 -0.62188720703125 0.1080322265625
0.0239887237548828 0.00217628479003906 -0.310516357421875 0.3751220703125
0.0251808166503906 -0.0266532897949219 0.0396728515625 0.315277099609375
-0.0049896240234375 0.00364112854003906 0.212005615234375 0.105209350585938
-0.0099029541015625 -0.000157356262207033 -0.189346313476563 -0.172836303710938
0.0345973968505859 -0.0143489837646484 0.03643798828125 -0.3489990234375
0.0318107604980469 0.0030517578125 0.38916015625 -0.303314208984375
0.0134620666503906 0.0437545776367188 0.69769287109375 0.0767822265625
-0.00377655029296875 0.0411911010742188 0.46435546875 0.71087646484375
-0.014155387878418 -0.0112104415893555 -0.222412109375 0.8980712890625
-0.0500907897949219 0.0289154052734375 -0.528717041015625 0.418853759765625
-0.0510292053222656 0.0325355529785156 0.09808349609375 0.0530853271484375
-0.0243244171142578 0.0117130279541016 0.65582275390625 -0.46258544921875
-0.0009918212890625 0.0105733871459961 0.1497802734375 -0.95233154296875
0.00156211853027344 0.0256881713867188 -0.62689208984375 -0.53375244140625
0.0114765167236328 0.0289421081542969 -0.6068115234375 0.15093994140625
0.0225887298583984 0.000650405883789063 -0.2852783203125 0.391632080078125
0.0235671997070313 -0.0234107971191406 0.053924560546875 0.31158447265625
-0.00634956359863281 0.00467967987060547 0.21630859375 0.100112915039063
-0.00986766815185547 0.00514888763427734 -0.182327270507813 -0.178619384765625
0.0336589813232422 -0.00887489318847656 0.050079345703125 -0.34832763671875
0.0300102233886719 0.00810623168945313 0.411163330078125 -0.284912109375
0.0067596435546875 0.0421066284179688 0.70245361328125 0.11822509765625
-0.00938224792480469 0.0326900482177734 0.4268798828125 0.7474365234375
-0.00552177429199219 -0.0263442993164062 -0.26678466796875 0.8912353515625
-0.0257549285888672 0.0199337005615234 -0.527130126953125 0.390899658203125
-0.0209140777587891 0.0310020446777344 0.132431030273438 0.0401840209960938
-0.00368690490722656 0.00214433670043945 0.64459228515625 -0.4971923828125
0.00328850746154785 -0.00293684005737305 0.0968017578125 -0.95220947265625
-0.002349853515625 0.0176925659179688 -0.65234375 -0.49200439453125
0.00577735900878906 0.0271186828613281 -0.5936279296875 0.18505859375
0.0194797515869141 0.00190162658691406 -0.266571044921875 0.403564453125
0.0211887359619141 -0.0175418853759766 0.06317138671875 0.309356689453125
-0.0051422119140625 0.00974082946777344 0.220779418945313 0.0934600830078125
-0.00875091552734375 0.0110950469970703 -0.17791748046875 -0.181991577148438
0.0315742492675781 -0.00476264953613281 0.05804443359375 -0.346099853515625
0.0251617431640625 0.00833320617675781 0.423004150390625 -0.26934814453125
-0.00131988525390625 0.040863037109375 0.7039794921875 0.14453125
-0.0138168334960937 0.0213394165039063 0.4007568359375 0.7667236328125
0.00568008422851563 -0.0437889099121094 -0.29583740234375 0.88555908203125
0.00398492813110352 0.00729179382324219 -0.52471923828125 0.3739013671875
0.0179843902587891 0.0266799926757813 0.152130126953125 0.0325927734375
0.0200691223144531 -0.0110282897949219 0.6361083984375 -0.517822265625
0.00831031799316406 -0.0177745819091797 0.06512451171875 -0.95166015625
-0.0100479125976563 0.00935935974121094 -0.66461181640625 -0.46533203125
-0.000719070434570311 0.0270957946777344 -0.584228515625 0.20635986328125
0.0170059204101563 0.00477504730224609 -0.257568359375 0.412322998046875
0.0168018341064453 -0.0128641128540039 0.068878173828125 0.307891845703125
-0.00538063049316406 0.0150947570800781 0.22308349609375 0.0919952392578125
-0.0093841552734375 0.0160331726074219 -0.17529296875 -0.184051513671875
0.0293960571289063 0.000324249267578125 0.0609130859375 -0.344818115234375
0.0197010040283203 0.0123634338378906 0.42938232421875 -0.267425537109375
-0.00823974609375 0.0383758544921875 0.703369140625 0.15625
-0.0186328887939453 0.0107936859130859 0.3956298828125 0.77642822265625
0.0189476013183594 -0.0605735778808594 -0.30426025390625 0.8831787109375
0.0386161804199219 -0.00368499755859375 -0.52569580078125 0.369598388671875
0.0593299865722656 0.0224075317382813 0.15576171875 0.028228759765625
0.0454330444335938 -0.0265655517578125 0.630126953125 -0.52252197265625
0.0129108428955078 -0.0344371795654297 0.0542602539062499 -0.94940185546875
-0.0168142318725586 0.000610351562500001 -0.66888427734375 -0.45428466796875
-0.00872039794921875 0.0277538299560547 -0.5828857421875 0.21484375
0.0127964019775391 0.00855922698974609 -0.254302978515625 0.418212890625
0.0158395767211914 -0.00795078277587891 0.068695068359375 0.31036376953125
-0.00512886047363281 0.0201816558837891 0.224319458007813 0.091644287109375
-0.007415771484375 0.0216999053955078 -0.177764892578125 -0.180267333984375
0.0268459320068359 0.0046539306640625 0.056365966796875 -0.34368896484375
0.0153217315673828 0.0145034790039063 0.425567626953125 -0.2728271484375
-0.0139198303222656 0.0369415283203125 0.7034912109375 0.14605712890625
-0.0189704895019531 0.00279808044433594 0.4024658203125 0.767333984375
0.0299301147460937 -0.07635498046875 -0.29351806640625 0.88800048828125
0.071502685546875 -0.0172271728515625 -0.5301513671875 0.37591552734375
0.0989532470703125 0.02081298828125 0.140823364257813 0.028717041015625
0.072998046875 -0.0387191772460938 0.63043212890625 -0.51177978515625
0.0209197998046875 -0.0505828857421875 0.06787109375 -0.94744873046875
-0.0226097106933594 -0.00831985473632812 -0.6639404296875 -0.4664306640625
-0.0155124664306641 0.0286941528320313 -0.59197998046875 0.20501708984375
0.00881004333496094 0.0116767883300781 -0.262664794921875 0.41668701171875
0.0134639739990234 -0.00263881683349609 0.066680908203125 0.314727783203125
-0.00444221496582031 0.0237140655517578 0.2237548828125 0.093353271484375
-0.00874710083007813 0.0244426727294922 -0.179946899414062 -0.177215576171875
0.0244617462158203 0.00513076782226563 0.0467529296875 -0.34210205078125
0.0126810073852539 0.0157289505004883 0.413482666015625 -0.2852783203125
-0.0196762084960937 0.0357246398925781 0.70068359375 0.115966796875
-0.0218467712402344 -0.00158500671386719 0.42974853515625 0.74456787109375
0.0350494384765625 -0.087493896484375 -0.25921630859375 0.8927001953125
0.0956497192382813 -0.0285491943359375 -0.53338623046875 0.394775390625
0.133438110351563 0.0165252685546875 0.11187744140625 0.0331268310546875
0.0971755981445312 -0.0460662841796875 0.63507080078125 -0.48944091796875
0.0276756286621094 -0.0622787475585938 0.10284423828125 -0.94769287109375
-0.0270271301269531 -0.0149765014648437 -0.6483154296875 -0.4954833984375
-0.0202465057373047 0.0296459197998047 -0.60321044921875 0.186279296875
0.0072784423828125 0.0152044296264648 -0.277374267578125 0.413818359375
0.0117740631103516 -0.000301361083984375 0.057525634765625 0.31988525390625
-0.00339889526367187 0.0268936157226563 0.220169067382813 0.0992279052734375
-0.0129194259643555 -0.000332832336425783 -0.201431274414062 -0.156265258789063
0.0299625396728516 -0.0225162506103516 -0.00103759765625003 -0.34832763671875
0.0321407318115234 -0.00265884399414063 0.33935546875 -0.34527587890625
0.0220680236816406 0.0434303283691406 0.67987060546875 -0.02862548828125
0.00549697875976563 0.0482635498046875 0.54779052734375 0.61822509765625
-0.0188941955566406 -0.00132179260253906 -0.09735107421875 0.91571044921875
-0.0560188293457031 0.0380516052246094 -0.5263671875 0.496856689453125
-0.0627250671386719 0.0337867736816406 0.00496673583984375 0.0789337158203125
-0.033111572265625 0.0187301635742188 0.6744384765625 -0.376953125
-0.00527191162109375 0.0164527893066406 0.28900146484375 -0.943603515625
0.000942230224609372 0.0307407379150391 -0.5560302734375 -0.64532470703125
0.0160350799560547 0.03375244140625 -0.6390380859375 0.0626831054687501
0.0233154296875 0.00443267822265625 -0.334564208984375 0.361114501953125
0.0262660980224609 -0.0271034240722656 0.028594970703125 0.320587158203125
-0.00168299674987793 0.00362968444824219 0.209747314453125 0.111007690429687
-0.0118913650512695 -0.00082206726074219 -0.195053100585938 -0.16522216796875
0.0323104858398438 -0.0208930969238281 0.016510009765625 -0.34967041015625
0.0332183837890625 0.00127029418945313 0.365631103515625 -0.32470703125
0.0197868347167969 0.0452079772949219 0.69097900390625 0.02239990234375
0.0025177001953125 0.0472450256347656 0.512939453125 0.6654052734375
-0.0188770294189453 -0.00390434265136719 -0.1578369140625 0.90972900390625
-0.0594253540039063 0.0384750366210938 -0.528656005859375 0.45849609375
-0.0653152465820313 0.0358505249023437 0.0539588928222656 0.0659904479980469
-0.0352859497070313 0.0189704895019531 0.66766357421875 -0.421875
-0.00595188140869141 0.0168390274047852 0.2154541015625 -0.95208740234375
0.00383186340332031 0.0291423797607422 -0.59368896484375 -0.589111328125
0.0154457092285156 0.0308609008789062 -0.6231689453125 0.1087646484375
0.0243797302246094 0.000970840454101563 -0.310333251953125 0.37823486328125
0.0252151489257813 -0.0262298583984375 0.042205810546875 0.317230224609375
-0.00358939170837402 0.00258135795593262 0.213272094726563 0.104110717773438
-0.0108280181884766 0.00167465209960937 -0.190521240234375 -0.173187255859375
0.0332889556884766 -0.0150890350341797 0.03363037109375 -0.351806640625
0.0334815979003906 0.00245094299316406 0.389190673828125 -0.30511474609375
0.0158958435058594 0.0448417663574219 0.7005615234375 0.07366943359375
-0.00320053100585937 0.0418815612792969 0.46832275390625 0.70806884765625
-0.0152349472045898 -0.0131168365478516 -0.21722412109375 0.900634765625
-0.0494232177734375 0.0288200378417969 -0.52862548828125 0.42156982421875
-0.0505828857421875 0.0328407287597656 0.0994644165039063 0.05218505859375
-0.0240688323974609 0.0121307373046875 0.655517578125 -0.4642333984375
-0.00274944305419922 0.0100669860839844 0.14813232421875 -0.952880859375
0.00104522705078125 0.0249004364013672 -0.63037109375 -0.53387451171875
0.0126094818115234 0.0275306701660156 -0.6070556640625 0.1522216796875
0.0230789184570313 0.000455856323242188 -0.284698486328125 0.392608642578125
0.0229759216308594 -0.0233573913574219 0.05426025390625 0.3121337890625
-0.00551939010620117 0.00567770004272461 0.21673583984375 0.101089477539063
-0.00933456420898438 0.00639724731445312 -0.184356689453125 -0.179733276367188
0.0334358215332031 -0.0113277435302734 0.048004150390625 -0.34991455078125
0.0302238464355469 0.0067596435546875 0.41064453125 -0.286865234375
0.00656890869140625 0.0437164306640625 0.7032470703125 0.1134033203125
-0.00802421569824219 0.0324573516845703 0.43115234375 0.74468994140625
-0.00518798828125 -0.0273761749267578 -0.26300048828125 0.89129638671875
-0.0258140563964844 0.0190181732177734 -0.5260009765625 0.392181396484375
-0.0199222564697266 0.0304355621337891 0.132583618164063 0.0410919189453125
-0.00434279441833496 0.00311589241027832 0.6435546875 -0.50103759765625
0.00315618515014648 -0.00309085845947266 0.0944824218750001 -0.95379638671875
-0.00222587585449219 0.0167684555053711 -0.65411376953125 -0.49072265625
0.00729179382324219 0.027008056640625 -0.5926513671875 0.1873779296875
0.0203189849853516 0.00110816955566406 -0.265228271484375 0.4071044921875
0.0209693908691406 -0.0180778503417969 0.06585693359375 0.311279296875
-0.00591087341308594 0.010371208190918 0.222412109375 0.093780517578125
-0.00812435150146484 0.01220703125 -0.18035888671875 -0.181610107421875
0.0311241149902344 -0.00471115112304688 0.056396484375 -0.346893310546875
0.0259037017822266 0.00946426391601563 0.4249267578125 -0.27435302734375
-0.000453948974609373 0.0415763854980469 0.70538330078125 0.14208984375
-0.013397216796875 0.0209064483642578 0.4075927734375 0.7664794921875
0.00605392456054687 -0.0453720092773438 -0.2930908203125 0.88739013671875
0.0061650276184082 0.00714778900146484 -0.52423095703125 0.373016357421875
0.0181121826171875 0.0270919799804687 0.15118408203125 0.03375244140625
0.019805908203125 -0.0104446411132813 0.635498046875 -0.52008056640625
0.00836563110351563 -0.0185985565185547 0.061279296875 -0.95367431640625
-0.00854206085205078 0.00888156890869141 -0.66632080078125 -0.46563720703125
0.000118255615234378 0.0264053344726563 -0.585693359375 0.207763671875
0.016758918762207 0.00456047058105469 -0.257232666015625 0.415679931640625
0.0187587738037109 -0.0132122039794922 0.070831298828125 0.3106689453125
-0.0045166015625 0.0161542892456055 0.225479125976563 0.09161376953125
-0.00643062591552734 0.0172100067138672 -0.1767578125 -0.18316650390625
0.0287399291992188 0.00103759765625 0.058868408203125 -0.34637451171875
0.0196647644042969 0.0118446350097656 0.427764892578125 -0.26873779296875
-0.00765609741210938 0.039276123046875 0.70550537109375 0.1512451171875
-0.0161828994750977 0.0107812881469727 0.39862060546875 0.77252197265625
0.0191726684570313 -0.0612678527832031 -0.3006591796875 0.88458251953125
0.0404167175292969 -0.0040740966796875 -0.527740478515625 0.3685302734375
0.0591964721679688 0.0228843688964844 0.156021118164063 0.0281982421875
0.0454635620117188 -0.0247306823730469 0.6287841796875 -0.5255126953125
0.0135631561279297 -0.0350933074951172 0.05096435546875 -0.951171875
-0.0169439315795898 0.000546455383300785 -0.672119140625 -0.45269775390625
-0.00797080993652344 0.0279693603515625 -0.58404541015625 0.21697998046875
0.012542724609375 0.00899124145507813 -0.25244140625 0.41973876953125
0.0161409378051758 -0.00709724426269531 0.071868896484375 0.31219482421875
-0.00275611877441406 0.0203723907470703 0.226104736328125 0.091827392578125
-0.00778770446777344 0.0206336975097656 -0.176467895507813 -0.180343627929688
0.0269794464111328 0.00452423095703125 0.054473876953125 -0.34393310546875
0.0145149230957031 0.0127325057983398 0.423309326171875 -0.27398681640625
-0.0144615173339844 0.0369949340820313 0.703369140625 0.1402587890625
-0.0199317932128906 0.001190185546875 0.40850830078125 0.765625
0.0304412841796875 -0.0768280029296875 -0.291015625 0.8883056640625
0.0729217529296875 -0.0186004638671875 -0.530548095703125 0.376251220703125
0.100181579589844 0.019561767578125 0.140228271484375 0.0291671752929687
0.0721206665039063 -0.03863525390625 0.63104248046875 -0.5167236328125
0.0197639465332031 -0.0519561767578125 0.0664672851562499 -0.9505615234375
-0.0214977264404297 -0.00911140441894531 -0.667724609375 -0.4666748046875
-0.01495361328125 0.0288295745849609 -0.590576171875 0.20904541015625
0.0107698440551758 0.0132617950439453 -0.2620849609375 0.4193115234375
0.0141363143920898 -0.00376224517822266 0.067291259765625 0.3150634765625
-0.00385665893554687 0.0242862701416016 0.225067138671875 0.0938720703125
-0.00685501098632813 0.0256252288818359 -0.181594848632812 -0.176559448242188
0.0247535705566406 0.00544357299804688 0.045166015625 -0.345184326171875
0.0122604370117188 0.0146398544311523 0.412353515625 -0.28741455078125
-0.0183372497558594 0.0365409851074219 0.70367431640625 0.11199951171875
-0.02197265625 -0.00293540954589844 0.43438720703125 0.74212646484375
0.0347976684570313 -0.0888671875 -0.25579833984375 0.89422607421875
0.0950241088867187 -0.0296630859375 -0.533477783203125 0.39593505859375
0.134941101074219 0.0163345336914063 0.111061096191406 0.0341339111328125
0.0973739624023438 -0.0466537475585938 0.63616943359375 -0.490234375
0.0283775329589844 -0.0626869201660156 0.100830078125 -0.9505615234375
-0.0265560150146484 -0.0154571533203125 -0.65093994140625 -0.49468994140625
-0.0205116271972656 0.0299015045166016 -0.60498046875 0.18896484375
0.00688076019287109 0.0167303085327148 -0.2769775390625 0.415313720703125
0.0109996795654297 -0.000483512878417969 0.059814453125 0.321746826171875
-0.00493621826171875 0.0273094177246094 0.222000122070313 0.099456787109375
-0.0121917724609375 -0.00118255615234375 -0.201248168945312 -0.155975341796875
0.0299472808837891 -0.0239486694335938 -0.00210571289062498 -0.348663330078125
0.0321502685546875 -0.00340461730957031 0.338623046875 -0.346649169921875
0.0234413146972656 0.0438117980957031 0.68475341796875 -0.03375244140625
0.00615692138671875 0.0479583740234375 0.55584716796875 0.6142578125
-0.0186901092529297 -0.00223159790039063 -0.09515380859375 0.9178466796875
-0.056060791015625 0.0376129150390625 -0.528961181640625 0.498809814453125
-0.0611495971679688 0.0344963073730469 0.00618743896484374 0.0785598754882813
-0.0335159301757812 0.0181446075439453 0.67596435546875 -0.37872314453125
-0.00645256042480469 0.0179004669189453 0.28582763671875 -0.94732666015625
0.00111007690429687 0.0301837921142578 -0.55950927734375 -0.64459228515625
0.0181980133056641 0.0329170227050781 -0.64031982421875 0.06402587890625
0.0232200622558594 0.00396347045898438 -0.335052490234375 0.363128662109375
0.0260715484619141 -0.0288066864013672 0.031494140625 0.322265625
-0.000456333160400391 0.00305819511413574 0.21014404296875 0.110397338867187
-0.0109949111938477 -0.000506401062011717 -0.19677734375 -0.164794921875
0.0327701568603516 -0.020751953125 0.015594482421875 -0.35174560546875
0.03369140625 -0.00159072875976562 0.36383056640625 -0.32843017578125
0.0195350646972656 0.0444526672363281 0.69598388671875 0.0185546875
0.00258636474609375 0.046356201171875 0.5159912109375 0.66162109375
-0.0193653106689453 -0.00392341613769531 -0.1544189453125 0.9110107421875
-0.0601425170898437 0.0371017456054687 -0.52838134765625 0.460906982421875
-0.0645256042480469 0.0359878540039063 0.0544281005859375 0.0644607543945313
-0.0349693298339844 0.0175247192382812 0.6690673828125 -0.42364501953125
-0.00567913055419922 0.0162820816040039 0.21539306640625 -0.9547119140625
0.00297164916992187 0.0304126739501953 -0.599609375 -0.58807373046875
0.0167942047119141 0.0301170349121094 -0.62384033203125 0.11126708984375
0.0240402221679688 0.00127983093261719 -0.30810546875 0.3819580078125
0.0242214202880859 -0.0260772705078125 0.046844482421875 0.3177490234375
-0.00290489196777344 0.00306177139282227 0.21575927734375 0.1051025390625
-0.00933361053466797 0.00170230865478516 -0.192520141601562 -0.173202514648438
0.0342769622802734 -0.0149669647216797 0.03033447265625 -0.3524169921875
0.0330066680908203 0.00235176086425781 0.38916015625 -0.3082275390625
0.0143852233886719 0.0434303283691406 0.703369140625 0.06915283203125
-0.00277328491210938 0.0405044555664062 0.473876953125 0.7078857421875
-0.0153732299804688 -0.0152683258056641 -0.2149658203125 0.90142822265625
-0.0497817993164063 0.0301094055175781 -0.527252197265625 0.423370361328125
-0.0504074096679687 0.0338897705078125 0.0992584228515625 0.053741455078125
-0.0241622924804687 0.0136356353759766 0.6544189453125 -0.46722412109375
-0.000850677490234374 0.0090789794921875 0.1455078125 -0.95648193359375
0.00132369995117188 0.0240249633789063 -0.63330078125 -0.5311279296875
0.0134811401367187 0.0284690856933594 -0.60650634765625 0.1572265625
0.0224246978759766 0.000970840454101563 -0.284088134765625 0.3984375
0.0221138000488281 -0.0234794616699219 0.05841064453125 0.31427001953125
-0.00305652618408203 0.0061640739440918 0.220184326171875 0.100357055664063
-0.00919914245605469 0.00558757781982422 -0.186065673828125 -0.1798095703125
0.0327644348144531 -0.0121402740478516 0.04608154296875 -0.35101318359375
0.0304698944091797 0.00628471374511719 0.410491943359375 -0.290496826171875
0.008575439453125 0.0428504943847656 0.7083740234375 0.11004638671875
-0.0091705322265625 0.0317459106445312 0.43780517578125 0.74395751953125
-0.00637054443359375 -0.0275630950927734 -0.2606201171875 0.89251708984375
-0.02520751953125 0.0205497741699219 -0.5264892578125 0.396484375
-0.0205345153808594 0.0309925079345703 0.133819580078125 0.0407485961914063
-0.0048828125 0.00265121459960938 0.64385986328125 -0.5040283203125
0.00242304801940918 -0.00338459014892578 0.0904541015625 -0.958984375
-0.00203418731689453 0.0163593292236328 -0.658935546875 -0.48974609375
0.00682258605957032 0.0264854431152344 -0.59283447265625 0.1893310546875
0.0200347900390625 0.00161933898925781 -0.263519287109375 0.410003662109375
0.0204696655273438 -0.0197601318359375 0.06915283203125 0.3125
-0.00330829620361328 0.0107831954956055 0.223861694335938 0.0935211181640625
-0.00720691680908203 0.0123662948608398 -0.181640625 -0.182525634765625
0.0314407348632813 -0.00514793395996094 0.053253173828125 -0.3494873046875
0.0259895324707031 0.00980377197265625 0.4239501953125 -0.27777099609375
0.000125885009765626 0.0412788391113281 0.7093505859375 0.138916015625
-0.0110301971435547 0.0201530456542969 0.41326904296875 0.76324462890625
0.005645751953125 -0.0446319580078125 -0.29058837890625 0.887451171875
0.00615358352661133 0.00798368453979492 -0.524200439453125 0.377532958984375
0.0182151794433594 0.0267696380615234 0.153228759765625 0.034576416015625
0.0206317901611328 -0.0112266540527344 0.63482666015625 -0.5225830078125
0.00775909423828125 -0.0185394287109375 0.0578613281249999 -0.95623779296875
-0.00797843933105469 0.00838041305541992 -0.6705322265625 -0.4639892578125
0.000782012939453127 0.026947021484375 -0.58551025390625 0.2115478515625
0.016606330871582 0.00419330596923828 -0.25396728515625 0.418212890625
0.0172901153564453 -0.0141468048095703 0.073760986328125 0.31219482421875
-0.00316619873046875 0.0163116455078125 0.227294921875 0.0921783447265625
-0.00574684143066406 0.0178279876708984 -0.17840576171875 -0.18377685546875
0.0293254852294922 -0.000125885009765625 0.055938720703125 -0.3486328125
0.0201892852783203 0.0123729705810547 0.429473876953125 -0.2734375
-0.00718307495117188 0.0382270812988281 0.71160888671875 0.147216796875
-0.0170497894287109 0.00995540618896484 0.40509033203125 0.77203369140625
0.0182685852050781 -0.0623321533203125 -0.2974853515625 0.887451171875
0.0423545837402344 -0.00587844848632812 -0.526611328125 0.37176513671875
0.060455322265625 0.0243949890136719 0.156158447265625 0.02972412109375
0.0454864501953125 -0.0247116088867188 0.6309814453125 -0.52734375
0.0132102966308594 -0.0351142883300781 0.04840087890625 -0.953369140625
-0.0155258178710937 0.00108242034912109 -0.67510986328125 -0.4525146484375
-0.00687789916992187 0.0287895202636719 -0.584228515625 0.220458984375
0.0137176513671875 0.0078582763671875 -0.250701904296875 0.42254638671875
0.0157194137573242 -0.00780010223388672 0.074920654296875 0.313140869140625
-0.00295257568359375 0.0218849182128906 0.227920532226563 0.0911102294921875
-0.00604438781738281 0.0238914489746094 -0.179550170898438 -0.182022094726562
0.025360107421875 0.00248908996582031 0.051361083984375 -0.346771240234375
0.014582633972168 0.0131158828735352 0.425140380859375 -0.27850341796875
-0.0140495300292969 0.0359458923339844 0.70831298828125 0.13653564453125
-0.0178394317626953 -0.000497817993164062 0.4117431640625 0.765380859375
0.029266357421875 -0.0786895751953125 -0.28631591796875 0.892822265625
0.07275390625 -0.017242431640625 -0.529205322265625 0.37750244140625
0.10125732421875 0.0201950073242188 0.141326904296875 0.031158447265625
0.0747604370117188 -0.0380325317382813 0.63031005859375 -0.51763916015625
0.0212631225585937 -0.0522193908691406 0.06488037109375 -0.9541015625
-0.0209541320800781 -0.008941650390625 -0.66943359375 -0.46234130859375
-0.0136795043945312 0.0278453826904297 -0.59039306640625 0.212646484375
0.00934219360351563 0.0127964019775391 -0.25970458984375 0.4215087890625
0.0136384963989258 -0.00491142272949219 0.0709228515625 0.317108154296875
-0.00322532653808594 0.0257453918457031 0.228240966796875 0.094970703125
-0.00759696960449219 0.0262451171875 -0.183853149414062 -0.177047729492188
0.0243873596191406 0.00633049011230469 0.041473388671875 -0.345855712890625
0.0114984512329102 0.013880729675293 0.412261962890625 -0.29071044921875
-0.0180130004882813 0.036163330078125 0.70697021484375 0.107177734375
-0.0228977203369141 -0.00442695617675781 0.4412841796875 0.741455078125
0.033050537109375 -0.08984375 -0.253173828125 0.8974609375
0.095733642578125 -0.02923583984375 -0.533111572265625 0.398651123046875
0.1361083984375 0.0159835815429688 0.111228942871094 0.0336227416992188
0.098724365234375 -0.0472488403320313 0.63531494140625 -0.49444580078125
0.0284080505371094 -0.0640296936035156 0.09747314453125 -0.9534912109375
-0.0259723663330078 -0.0153846740722656 -0.6561279296875 -0.494384765625
-0.0198402404785156 0.0297794342041016 -0.605712890625 0.1917724609375
0.00711441040039063 0.0164709091186523 -0.276519775390625 0.41802978515625
0.0121002197265625 0.000432014465332031 0.06231689453125 0.323516845703125
-0.00205230712890625 0.0263519287109375 0.2239990234375 0.0989837646484375
-0.0118169784545898 -0.000335693359375002 -0.204727172851563 -0.156814575195313
0.029510498046875 -0.0241069793701172 -0.00527954101562501 -0.349884033203125
0.0328483581542969 -0.00312042236328125 0.337493896484375 -0.350311279296875
0.0237007141113281 0.0438270568847656 0.68780517578125 -0.037109375
0.00700759887695312 0.0480537414550781 0.55999755859375 0.61444091796875
-0.0191974639892578 -0.00354194641113282 -0.0897216796875 0.92083740234375
-0.0558280944824219 0.037384033203125 -0.527496337890625 0.5025634765625
-0.0625381469726563 0.0362281799316406 0.0064239501953125 0.079925537109375
-0.0343055725097656 0.0182228088378906 0.67633056640625 -0.3812255859375
-0.00574779510498047 0.0159435272216797 0.2835693359375 -0.952392578125
0.00233078002929688 0.0305595397949219 -0.56378173828125 -0.64532470703125
0.0180244445800781 0.0333061218261719 -0.6414794921875 0.068603515625
0.0240879058837891 0.00409507751464844 -0.3336181640625 0.368408203125
0.0232086181640625 -0.0283546447753906 0.034027099609375 0.32452392578125
-0.000445008277893066 0.00170934200286865 0.213241577148438 0.109481811523438
-0.00964164733886719 -0.0014190673828125 -0.201278686523438 -0.164215087890625
0.0316162109375 -0.0202903747558594 0.011260986328125 -0.353118896484375
0.0330009460449219 7.43865966796875E-05 0.364532470703125 -0.33319091796875
0.0221977233886719 0.04473876953125 0.70068359375 0.01483154296875
0.00395965576171875 0.0454826354980469 0.52197265625 0.662841796875
-0.0208110809326172 -0.00552749633789063 -0.15283203125 0.91473388671875
-0.0585975646972656 0.0373611450195313 -0.527984619140625 0.463775634765625
-0.0651206970214844 0.0347328186035156 0.0536155700683594 0.066497802734375
-0.0351905822753906 0.0198135375976563 0.67041015625 -0.4285888671875
-0.00528717041015625 0.0177288055419922 0.213134765625 -0.96148681640625
0.00366020202636719 0.0303230285644531 -0.60382080078125 -0.58746337890625
0.0177001953125 0.0308303833007813 -0.62628173828125 0.115234375
0.0236492156982422 0.00118637084960938 -0.307861328125 0.385040283203125
0.0237979888916016 -0.027008056640625 0.0477294921875 0.32037353515625
-0.00140213966369629 0.0033259391784668 0.218429565429688 0.106231689453125
-0.0102090835571289 0.00280570983886719 -0.194198608398437 -0.172744750976563
0.0324134826660156 -0.0168304443359375 0.028045654296875 -0.355682373046875
0.0323848724365234 0.00353431701660156 0.390045166015625 -0.312225341796875
0.0158729553222656 0.0456275939941406 0.70697021484375 0.063232421875
-0.002471923828125 0.0396995544433594 0.48028564453125 0.7064208984375
-0.0163860321044922 -0.0143623352050781 -0.2110595703125 0.90606689453125
-0.0498313903808594 0.030364990234375 -0.525360107421875 0.42840576171875
-0.0509414672851563 0.03326416015625 0.0984878540039063 0.052642822265625
-0.0251140594482422 0.0138664245605469 0.65869140625 -0.4708251953125
-0.00170326232910156 0.0103445053100586 0.1414794921875 -0.9622802734375
0.00295448303222656 0.0241222381591797 -0.63739013671875 -0.53009033203125
0.0134258270263672 0.0289669036865234 -0.60882568359375 0.15948486328125
0.021697998046875 0.000856399536132813 -0.2803955078125 0.401519775390625
0.0219478607177734 -0.0236721038818359 0.062469482421875 0.31829833984375
-0.0024261474609375 0.00625419616699219 0.221084594726562 0.09979248046875
-0.00894832611083984 0.00611495971679687 -0.188995361328125 -0.179977416992188
0.0332279205322266 -0.0109233856201172 0.04296875 -0.35211181640625
0.0295696258544922 0.0048828125 0.410400390625 -0.294281005859375
0.0100021362304688 0.0435867309570313 0.71337890625 0.1063232421875
-0.00744819641113281 0.0317440032958984 0.44244384765625 0.7445068359375
-0.00749397277832031 -0.0283298492431641 -0.2578125 0.89874267578125
-0.0261173248291016 0.0210494995117188 -0.52435302734375 0.399444580078125
-0.0198612213134766 0.029632568359375 0.133857727050781 0.042816162109375
-0.00457954406738281 0.00165033340454102 0.645263671875 -0.507080078125
0.00321364402770996 -0.00311946868896484 0.0881347656250001 -0.96136474609375
-0.00243377685546875 0.0178146362304688 -0.6622314453125 -0.48883056640625
0.00850296020507812 0.0258941650390625 -0.59735107421875 0.1925048828125
0.0187950134277344 0.00381660461425781 -0.26348876953125 0.413543701171875
0.0210304260253906 -0.0210399627685547 0.070404052734375 0.3153076171875
-0.00389957427978516 0.0117111206054688 0.225692749023438 0.0947723388671875
-0.00652027130126953 0.0120096206665039 -0.184661865234375 -0.182708740234375
0.0323333740234375 -0.00726509094238281 0.0509033203125 -0.35302734375
0.0251789093017578 0.010223388671875 0.4266357421875 -0.280609130859375
0.000850677490234375 0.0406112670898438 0.71441650390625 0.13494873046875
-0.0113105773925781 0.0196170806884766 0.41937255859375 0.76507568359375
0.00530242919921875 -0.0464134216308594 -0.28619384765625 0.89080810546875
0.00644874572753906 0.00801706314086914 -0.524932861328125 0.380615234375
0.0184383392333984 0.0286884307861328 0.153213500976563 0.0334930419921875
0.0194263458251953 -0.00927162170410156 0.637939453125 -0.525634765625
0.00732612609863281 -0.0191097259521484 0.0577392578125 -0.96063232421875
-0.00848770141601563 0.00741434097290039 -0.675537109375 -0.46197509765625
0.00124740600585937 0.0259685516357422 -0.5889892578125 0.214599609375
0.0163183212280273 0.00547027587890625 -0.253021240234375 0.42266845703125
0.0185050964355469 -0.0131473541259766 0.076690673828125 0.31317138671875
-0.00344276428222656 0.017155647277832 0.2294921875 0.089508056640625
-0.00601005554199219 0.0191783905029297 -0.182449340820313 -0.18426513671875
0.0286750793457031 -0.000200271606445313 0.052490234375 -0.351287841796875
0.0193843841552734 0.0126934051513672 0.42852783203125 -0.27655029296875
-0.00562667846679687 0.0393562316894531 0.71417236328125 0.14501953125
-0.0158462524414063 0.00965213775634766 0.4102783203125 0.77142333984375
0.0170631408691406 -0.0625953674316406 -0.29693603515625 0.89080810546875
0.0403366088867188 -0.00521087646484375 -0.527099609375 0.37530517578125
0.0603981018066406 0.0231056213378906 0.156173706054688 0.0302886962890625
0.0450973510742188 -0.0249404907226562 0.63238525390625 -0.53045654296875
0.0133132934570312 -0.0362701416015625 0.04559326171875 -0.957275390625
-0.0150556564331055 0.00101661682128906 -0.67889404296875 -0.4501953125
-0.00540733337402344 0.0276355743408203 -0.58648681640625 0.22479248046875
0.0126514434814453 0.00809097290039063 -0.249053955078125 0.425384521484375
0.0165443420410156 -0.00895214080810547 0.078094482421875 0.3157958984375
-0.00216865539550781 0.0212745666503906 0.230194091796875 0.09112548828125
-0.00632858276367187 0.0240211486816406 -0.1837158203125 -0.182266235351562
0.02642822265625 0.00221061706542969 0.0496826171875 -0.349609375
0.0153417587280273 0.0138559341430664 0.424102783203125 -0.283172607421875
-0.0135726928710937 0.0354995727539063 0.71490478515625 0.1329345703125
-0.0179824829101563 0.00189971923828125 0.41839599609375 0.76531982421875
0.028472900390625 -0.0785675048828125 -0.28521728515625 0.89459228515625
0.0732650756835937 -0.0182037353515625 -0.529266357421875 0.38116455078125
0.101997375488281 0.0201034545898438 0.140975952148437 0.0306549072265625
0.0738372802734375 -0.0381546020507813 0.63006591796875 -0.520263671875
0.0198554992675781 -0.0524711608886719 0.062255859375 -0.9578857421875
-0.0212936401367187 -0.00654792785644532 -0.673095703125 -0.462646484375
-0.0141868591308594 0.0287971496582031 -0.59393310546875 0.216552734375
0.0103082656860352 0.0117807388305664 -0.258148193359375 0.4283447265625
0.0138387680053711 -0.00424385070800781 0.07330322265625 0.318084716796875
-0.00173759460449219 0.0256977081298828 0.230850219726563 0.094024658203125
-0.00572013854980469 0.0286579132080078 -0.186126708984375 -0.178024291992188
0.0240306854248047 0.00492477416992188 0.03948974609375 -0.348480224609375
0.0115280151367187 0.0150022506713867 0.41265869140625 -0.295196533203125
-0.015625 0.0354042053222656 0.71099853515625 0.10247802734375
-0.0197563171386719 -0.00387954711914063 0.44573974609375 0.741455078125
0.0331039428710938 -0.0914230346679687 -0.2496337890625 0.90350341796875
0.096771240234375 -0.0295333862304688 -0.533447265625 0.4019775390625
0.136039733886719 0.0159683227539063 0.113594055175781 0.034393310546875
0.0974502563476563 -0.046966552734375 0.63629150390625 -0.498779296875
0.0265121459960937 -0.0629348754882812 0.0966796875 -0.95880126953125
-0.0261592864990234 -0.0159130096435547 -0.65936279296875 -0.49444580078125
-0.0183296203613281 0.029022216796875 -0.60675048828125 0.19464111328125
0.00774383544921875 0.01593017578125 -0.274322509765625 0.4215087890625
0.012420654296875 0.000655174255371094 0.064605712890625 0.324432373046875
-0.00209808349609375 0.0282382965087891 0.2264404296875 0.0995941162109375
-0.00993919372558594 0.00109481811523438 -0.2064208984375 -0.15484619140625
0.0293235778808594 -0.0241565704345703 -0.00900268554687498 -0.352935791015625
0.0317516326904297 -0.0036163330078125 0.337799072265625 -0.355682373046875
0.0257568359375 0.0428466796875 0.692138671875 -0.0443115234375
0.00844573974609375 0.0456123352050781 0.5667724609375 0.61285400390625
-0.0205059051513672 -0.00326156616210938 -0.0881347656250001 0.92559814453125
-0.0555801391601563 0.037750244140625 -0.52545166015625 0.506195068359375
-0.0604515075683594 0.0367164611816406 0.00624847412109375 0.0806427001953125
-0.0338001251220703 0.0193252563476563 0.67816162109375 -0.385986328125
-0.00653743743896484 0.0174846649169922 0.2796630859375 -0.95721435546875
0.00204277038574219 0.0305385589599609 -0.57073974609375 -0.646240234375
0.0194339752197266 0.0333595275878906 -0.64404296875 0.0708007812500001
0.0248126983642578 0.00293731689453125 -0.33251953125 0.37286376953125
0.0241603851318359 -0.0285129547119141 0.036773681640625 0.326812744140625
0.000957489013671875 0.00322532653808594 0.214569091796875 0.111785888671875
-0.00908184051513672 0.0020895004272461 -0.2037353515625 -0.163742065429688
0.0314884185791016 -0.0216312408447266 0.00930786132812499 -0.35516357421875
0.033477783203125 -0.00212860107421875 0.365936279296875 -0.338134765625
0.0224266052246094 0.0431747436523438 0.70452880859375 0.008544921875
0.00403213500976563 0.0444145202636719 0.52838134765625 0.66009521484375
-0.0204257965087891 -0.00619125366210937 -0.1461181640625 0.919921875
-0.0592803955078125 0.0373687744140625 -0.527984619140625 0.468048095703125
-0.0653915405273438 0.0375251770019531 0.0534820556640625 0.0667266845703125
-0.0349788665771484 0.0186080932617188 0.6702880859375 -0.4329833984375
-0.00566387176513672 0.015599250793457 0.20947265625 -0.96392822265625
0.00350570678710937 0.0298576354980469 -0.60968017578125 -0.58612060546875
0.0174140930175781 0.0299911499023438 -0.6265869140625 0.12030029296875
0.0242748260498047 0.00188446044921875 -0.3055419921875 0.38885498046875
0.0241336822509766 -0.0282001495361328 0.05035400390625 0.32281494140625
-0.000250577926635742 0.00339818000793457 0.220046997070313 0.1044921875
-0.00928306579589844 0.00270843505859375 -0.197021484375 -0.174606323242187
0.0344715118408203 -0.0157489776611328 0.02606201171875 -0.356964111328125
0.0319061279296875 0.0014190673828125 0.387603759765625 -0.31768798828125
0.01776123046875 0.0428504943847656 0.7135009765625 0.0594482421875
0.000579833984374996 0.0399894714355469 0.48541259765625 0.70697021484375
-0.0161266326904297 -0.0146055221557617 -0.20721435546875 0.910888671875
-0.0498847961425781 0.0298004150390625 -0.528228759765625 0.430816650390625
-0.04998779296875 0.0345726013183594 0.100028991699219 0.053863525390625
-0.0244102478027344 0.0132465362548828 0.65863037109375 -0.474609375
-0.00234746932983398 0.00861740112304688 0.1363525390625 -0.965576171875
0.00296974182128906 0.0234355926513672 -0.6429443359375 -0.53082275390625
0.0153732299804687 0.0270767211914062 -0.611572265625 0.16424560546875
0.0236454010009766 0.000448226928710937 -0.2783203125 0.407012939453125
0.0233783721923828 -0.0244865417480469 0.06390380859375 0.3184814453125
-0.00292444229125977 0.00664472579956055 0.224822998046875 0.0998077392578125
-0.00727224349975586 0.00853300094604492 -0.192535400390625 -0.179092407226562
0.0336723327636719 -0.0106487274169922 0.039306640625 -0.3548583984375
0.0298576354980469 0.00608634948730469 0.409515380859375 -0.29901123046875
0.0104446411132813 0.0435447692871094 0.7161865234375 0.10107421875
-0.00669097900390625 0.0309963226318359 0.44970703125 0.7430419921875
-0.00867652893066407 -0.0294532775878906 -0.2537841796875 0.9022216796875
-0.0259418487548828 0.0197391510009766 -0.52520751953125 0.401580810546875
-0.0201053619384766 0.0311832427978516 0.134468078613281 0.0426559448242188
-0.00392508506774902 0.00306057929992676 0.64581298828125 -0.510498046875
0.00269508361816406 -0.00449085235595703 0.0844116210937501 -0.96734619140625
-0.00143909454345703 0.015960693359375 -0.6676025390625 -0.48577880859375
0.00960540771484375 0.0262851715087891 -0.59576416015625 0.20001220703125
0.0204029083251953 0.00166130065917969 -0.26031494140625 0.4176025390625
0.020843505859375 -0.0204296112060547 0.073577880859375 0.316162109375
-0.00211048126220703 0.0119047164916992 0.22943115234375 0.0939788818359375
-0.00576305389404297 0.0145349502563477 -0.185333251953125 -0.182937622070312
0.0296955108642578 -0.007232666015625 0.04840087890625 -0.35406494140625
0.0246334075927734 0.00829696655273437 0.424102783203125 -0.284942626953125
0.00307464599609375 0.0399971008300781 0.7188720703125 0.1278076171875
-0.0122051239013672 0.0201873779296875 0.42559814453125 0.7646484375
0.00463485717773438 -0.0472946166992187 -0.28485107421875 0.89678955078125
0.00387477874755859 0.00711774826049805 -0.52532958984375 0.3843994140625
0.0191764831542969 0.0277023315429688 0.153366088867188 0.03338623046875
0.0211277008056641 -0.0100936889648438 0.6375732421875 -0.53143310546875
0.00785064697265625 -0.0202045440673828 0.0521240234375 -0.9639892578125
-0.00839996337890625 0.00752878189086914 -0.67962646484375 -0.45953369140625
0.0018157958984375 0.0260086059570313 -0.588134765625 0.21844482421875
0.0167503356933594 0.00435161590576172 -0.2510986328125 0.4259033203125
0.0168895721435547 -0.0143985748291016 0.078521728515625 0.314910888671875
-0.000708580017089842 0.0173559188842773 0.231338500976563 0.0902099609375
-0.00554847717285156 0.0204868316650391 -0.185165405273438 -0.183914184570313
0.0289859771728516 -0.000661849975585938 0.04949951171875 -0.35382080078125
0.0193367004394531 0.0122318267822266 0.42987060546875 -0.282470703125
-0.00429916381835938 0.0380516052246094 0.720458984375 0.1368408203125
-0.0134992599487305 0.00799369812011719 0.41754150390625 0.77105712890625
0.0172805786132812 -0.0641250610351562 -0.291015625 0.89471435546875
0.041107177734375 -0.00576400756835938 -0.526214599609375 0.378326416015625
0.0618133544921875 0.0245590209960938 0.156723022460938 0.029632568359375
0.0464935302734375 -0.0234832763671875 0.63226318359375 -0.536865234375
0.0122756958007813 -0.0363616943359375 0.0411376953125 -0.9625244140625
-0.0152292251586914 -0.00123882293701172 -0.6849365234375 -0.44854736328125
-0.00520133972167969 0.0273914337158203 -0.58819580078125 0.22821044921875
0.0129575729370117 0.00838565826416016 -0.2471923828125 0.42950439453125
0.0161123275756836 -0.00837421417236328 0.080841064453125 0.317291259765625
-0.00125885009765625 0.02197265625 0.232803344726563 0.092193603515625
-0.00559043884277344 0.0242366790771484 -0.184600830078125 -0.183029174804688
0.02679443359375 0.00352668762207031 0.04608154296875 -0.350189208984375
0.0152215957641602 0.0129785537719727 0.425140380859375 -0.287261962890625
-0.0103187561035156 0.036102294921875 0.71923828125 0.12847900390625
-0.0175304412841797 -0.000375747680664065 0.42755126953125 0.76318359375
0.028564453125 -0.0804595947265625 -0.28045654296875 0.89971923828125
0.0749740600585938 -0.0184478759765625 -0.52947998046875 0.386077880859375
0.1033935546875 0.01904296875 0.141510009765625 0.0307464599609375
0.0738601684570313 -0.0381240844726563 0.632080078125 -0.5255126953125
0.02069091796875 -0.0514183044433594 0.0557861328124999 -0.96356201171875
-0.0223598480224609 -0.00797462463378906 -0.677734375 -0.45928955078125
-0.0119667053222656 0.0282955169677734 -0.59405517578125 0.2216796875
0.010066032409668 0.0126123428344727 -0.255401611328125 0.43017578125
0.0142297744750977 -0.003509521484375 0.077606201171875 0.32061767578125
5.14984130859403E-05 0.0266265869140625 0.232620239257812 0.0945587158203125
-0.00616073608398437 0.0271778106689453 -0.189224243164063 -0.177902221679688
0.0235977172851563 0.0041961669921875 0.0364990234375 -0.35064697265625
0.0116176605224609 0.0143451690673828 0.41162109375 -0.30078125
-0.0161209106445313 0.0364151000976563 0.71514892578125 0.0999755859375
-0.0208625793457031 -0.0045166015625 0.45245361328125 0.74139404296875
0.0325851440429688 -0.0936355590820312 -0.24615478515625 0.9053955078125
0.0972442626953125 -0.0308837890625 -0.5322265625 0.406707763671875
0.137359619140625 0.0158767700195313 0.11285400390625 0.0345230102539063
0.098358154296875 -0.0472564697265625 0.63671875 -0.50213623046875
0.0273895263671875 -0.0652656555175781 0.0899658203125 -0.96124267578125
-0.0251617431640625 -0.0152397155761719 -0.66473388671875 -0.49176025390625
-0.0183677673339844 0.0296249389648438 -0.60809326171875 0.2005615234375
0.00685882568359375 0.0152702331542969 -0.272735595703125 0.425628662109375
0.0137701034545898 -0.00014495849609375 0.068756103515625 0.32635498046875
0.000328063964843747 0.0284252166748047 0.230850219726563 0.09844970703125
-0.00931358337402344 0.00292778015136719 -0.210708618164063 -0.155426025390625
0.0295696258544922 -0.0228118896484375 -0.0123291015625 -0.35498046875
0.0314655303955078 -0.00412750244140625 0.3365478515625 -0.36053466796875
0.0262184143066406 0.0430030822753906 0.69384765625 -0.049560546875
0.00824737548828125 0.0456809997558594 0.57415771484375 0.60943603515625
-0.0213432312011719 -0.00436019897460937 -0.08160400390625 0.93023681640625
-0.0566329956054688 0.0373420715332031 -0.52655029296875 0.511688232421875
-0.0609550476074219 0.0380973815917969 0.00679016113281249 0.0813140869140625
-0.0349216461181641 0.0193328857421875 0.67987060546875 -0.39117431640625
-0.00770092010498047 0.0166711807250977 0.27777099609375 -0.96429443359375
0.00224113464355469 0.0294380187988281 -0.57598876953125 -0.64617919921875
0.0204887390136719 0.0321083068847656 -0.64666748046875 0.0753784179687501
0.0246028900146484 0.00327491760253906 -0.3316650390625 0.375885009765625
0.0252456665039062 -0.0290641784667969 0.041412353515625 0.329071044921875
0.00288939476013184 0.00237655639648438 0.218353271484375 0.110382080078125
-0.00916957855224609 0.000781059265136718 -0.20538330078125 -0.164169311523438
0.0328121185302734 -0.0213489532470703 0.00515747070312496 -0.357421875
0.0333385467529297 -0.000909805297851563 0.362884521484375 -0.341094970703125
0.0244598388671875 0.0434532165527344 0.70745849609375 0.00225830078125
0.00453186035156249 0.0444908142089844 0.53717041015625 0.6595458984375
-0.0212230682373047 -0.0076141357421875 -0.14117431640625 0.923583984375
-0.0591011047363281 0.0370903015136719 -0.527679443359375 0.471405029296875
-0.0652847290039062 0.0384368896484375 0.0540275573730469 0.0671653747558594
-0.03570556640625 0.01953125 0.67315673828125 -0.43798828125
-0.00622749328613281 0.0170145034790039 0.20489501953125 -0.9716796875
0.00539207458496094 0.0287361145019531 -0.61376953125 -0.58709716796875
0.0205020904541016 0.0298423767089844 -0.63177490234375 0.12451171875
0.0241298675537109 0.000152587890625 -0.3050537109375 0.39373779296875
0.023712158203125 -0.0278167724609375 0.053253173828125 0.32586669921875
0.000457763671875 0.00323700904846191 0.223388671875 0.104568481445312
-0.00879669189453125 0.00426197052001953 -0.20037841796875 -0.173507690429687
0.0330696105957031 -0.01666259765625 0.021881103515625 -0.358184814453125
0.0336952209472656 0.00108528137207031 0.390777587890625 -0.32452392578125
0.0188484191894531 0.0435218811035156 0.71728515625 0.05279541015625
-0.000934600830078121 0.0394363403320313 0.49530029296875 0.70556640625
-0.0186691284179687 -0.0158767700195313 -0.20098876953125 0.915771484375
-0.0492935180664062 0.0297584533691406 -0.526031494140625 0.435760498046875
-0.05059814453125 0.0352859497070312 0.101280212402344 0.0532073974609375
-0.0243034362792969 0.0143070220947266 0.6588134765625 -0.4798583984375
-0.00208139419555664 0.00850391387939453 0.13385009765625 -0.97076416015625
0.0035247802734375 0.0245475769042969 -0.64801025390625 -0.52947998046875
0.0158443450927734 0.0288162231445312 -0.61529541015625 0.169189453125
0.0227603912353516 -0.0003204345703125 -0.27935791015625 0.409942626953125
0.0229701995849609 -0.0239048004150391 0.06768798828125 0.32171630859375
-0.00174331665039062 0.00660562515258789 0.227096557617188 0.09881591796875
-0.00739955902099609 0.00982379913330078 -0.19403076171875 -0.178695678710938
0.0326919555664063 -0.0122222900390625 0.036041259765625 -0.357757568359375
0.0304527282714844 0.00548744201660156 0.41107177734375 -0.303131103515625
0.0129203796386719 0.0421638488769531 0.72308349609375 0.0953369140625
-0.00734519958496094 0.0302276611328125 0.4593505859375 0.74188232421875
-0.00977516174316407 -0.0307674407958984 -0.24896240234375 0.9072265625
-0.0259284973144531 0.0197982788085937 -0.524993896484375 0.406341552734375
-0.0199775695800781 0.0319366455078125 0.134597778320313 0.042388916015625
-0.00388312339782715 0.00425887107849121 0.6473388671875 -0.5155029296875
0.00277471542358398 -0.00323891639709473 0.0795288085937501 -0.9716796875
-0.000614166259765626 0.0171279907226563 -0.67242431640625 -0.4852294921875
0.0110244750976563 0.0262832641601563 -0.5987548828125 0.20367431640625
0.0208415985107422 0.00137138366699219 -0.2587890625 0.42169189453125
0.020965576171875 -0.0195579528808594 0.07843017578125 0.32000732421875
-7.43865966796863E-05 0.0128440856933594 0.232574462890625 0.0941619873046875
-0.00539970397949219 0.0151948928833008 -0.188522338867187 -0.18316650390625
0.0311126708984375 -0.00642585754394531 0.044891357421875 -0.35699462890625
0.0254840850830078 0.00934791564941406 0.425201416015625 -0.29156494140625
0.00355148315429687 0.0395584106445313 0.724609375 0.1220703125
-0.0104255676269531 0.0177555084228516 0.43304443359375 0.76361083984375
0.00305938720703125 -0.0472984313964844 -0.279052734375 0.9017333984375
0.00514698028564453 0.0074005126953125 -0.524810791015625 0.386871337890625
0.0206527709960938 0.0271568298339844 0.153549194335938 0.0347442626953125
0.0200786590576172 -0.0106315612792969 0.638427734375 -0.53759765625
0.00757408142089843 -0.0191440582275391 0.048095703125 -0.968994140625
-0.00651216506958008 0.0074911117553711 -0.6864013671875 -0.4573974609375
0.00308990478515625 0.0257587432861328 -0.58892822265625 0.224365234375
0.0168275833129883 0.00272464752197266 -0.2481689453125 0.430938720703125
0.0184421539306641 -0.0136566162109375 0.084625244140625 0.317535400390625
-0.000686645507812499 0.0183792114257813 0.23486328125 0.0898895263671875
-0.00462532043457031 0.0203266143798828 -0.188613891601563 -0.185256958007813
0.02935791015625 -0.00147819519042969 0.04681396484375 -0.35479736328125
0.0191173553466797 0.0114974975585938 0.43035888671875 -0.2872314453125
-0.00452804565429688 0.0378074645996094 0.72747802734375 0.13348388671875
-0.013401985168457 0.00732707977294922 0.42510986328125 0.77154541015625
0.0160865783691406 -0.0649566650390625 -0.28717041015625 0.90045166015625
0.0422248840332031 -0.00584030151367188 -0.527435302734375 0.3826904296875
0.0632743835449219 0.0235748291015625 0.157257080078125 0.0285491943359375
0.0474624633789063 -0.0251388549804688 0.6318359375 -0.54119873046875
0.0135269165039062 -0.0363845825195313 0.03509521484375 -0.9664306640625
-0.0157737731933594 -0.000139236450195311 -0.68988037109375 -0.4447021484375
-0.00453758239746094 0.0267486572265625 -0.58819580078125 0.23406982421875
0.0129337310791016 0.00842952728271484 -0.245452880859375 0.43463134765625
0.0167398452758789 -0.00892162322998047 0.085174560546875 0.319061279296875
0.0009765625 0.0221843719482422 0.235443115234375 0.090240478515625
-0.00234031677246093 0.0254573822021484 -0.18792724609375 -0.183975219726562
0.0273246765136719 0.00416183471679688 0.043060302734375 -0.353363037109375
0.015345573425293 0.0134658813476563 0.426849365234375 -0.29034423828125
-0.009307861328125 0.0358963012695313 0.72314453125 0.12310791015625
-0.0173416137695313 -0.000638008117675779 0.4332275390625 0.7628173828125
0.0258865356445312 -0.08074951171875 -0.277587890625 0.9027099609375
0.0746841430664063 -0.0188674926757813 -0.528839111328125 0.389892578125
0.103340148925781 0.01959228515625 0.14202880859375 0.0301971435546875
0.0743560791015625 -0.0394058227539063 0.6329345703125 -0.53271484375
0.0192337036132812 -0.0523605346679687 0.0520019531249999 -0.967529296875
-0.021484375 -0.00885772705078124 -0.68194580078125 -0.45904541015625
-0.0120334625244141 0.0282669067382813 -0.595458984375 0.2265625
0.0108280181884766 0.0135107040405273 -0.254730224609375 0.43463134765625
0.0134181976318359 -0.00283527374267578 0.08172607421875 0.32354736328125
0.000452041625976563 0.0281715393066406 0.235382080078125 0.0935821533203125
-0.00399971008300781 0.0281505584716797 -0.191818237304687 -0.177993774414063
0.0244865417480469 0.00438499450683594 0.033294677734375 -0.352752685546875
0.0114345550537109 0.0145053863525391 0.4119873046875 -0.304901123046875
-0.0154228210449219 0.0362701416015625 0.72149658203125 0.09417724609375
-0.0203113555908203 -0.00641059875488281 0.461669921875 0.74200439453125
0.0317916870117188 -0.0922012329101563 -0.2401123046875 0.90911865234375
0.0984573364257813 -0.0298233032226563 -0.533355712890625 0.409942626953125
0.1368408203125 0.0142288208007813 0.113327026367188 0.0355987548828125
0.0991592407226562 -0.0486679077148438 0.639404296875 -0.50823974609375
0.0260963439941406 -0.0644073486328125 0.087158203125 -0.96929931640625
-0.0261135101318359 -0.015228271484375 -0.67108154296875 -0.489990234375
-0.0170974731445313 0.0291252136230469 -0.60821533203125 0.2054443359375
0.00666999816894531 0.0163888931274414 -0.270050048828125 0.43109130859375
0.0114927291870117 -0.00113010406494141 0.072845458984375 0.329833984375
0.00118827819824219 0.0283794403076172 0.232864379882813 0.0978851318359375
-0.00734519958496094 0.00342893600463867 -0.21417236328125 -0.154876708984375
0.0288639068603516 -0.0264244079589844 -0.016448974609375 -0.357208251953125
0.0338687896728516 -0.00504112243652344 0.335540771484375 -0.365264892578125
0.02923583984375 0.0424003601074219 0.69879150390625 -0.05584716796875
0.00958633422851563 0.0442008972167969 0.58245849609375 0.60626220703125
-0.0217704772949219 -0.00440216064453125 -0.074462890625 0.9317626953125
-0.0561790466308594 0.0385093688964844 -0.525604248046875 0.516357421875
-0.0611915588378906 0.0382194519042969 0.00703430175781249 0.0823974609375
-0.0334606170654297 0.0212211608886719 0.6806640625 -0.3975830078125
-0.00682353973388672 0.0172100067138672 0.272705078125 -0.9698486328125
0.00351524353027344 0.0300197601318359 -0.58599853515625 -0.6458740234375
0.0208072662353516 0.0329341888427734 -0.65057373046875 0.0803222656249999
0.0253200531005859 0.00397491455078125 -0.330963134765625 0.38226318359375
0.0233020782470703 -0.0302162170410156 0.04400634765625 0.333160400390625
0.00245475769042969 0.00419235229492188 0.221588134765625 0.110702514648438
-0.0073399543762207 0.00260782241821289 -0.209075927734375 -0.164794921875
0.0321674346923828 -0.0224075317382812 0.00106811523437497 -0.358367919921875
0.0340652465820313 -0.00200462341308594 0.36334228515625 -0.34722900390625
0.0254058837890625 0.0425376892089844 0.71221923828125 -0.00543212890625
0.00626373291015625 0.0438919067382813 0.54620361328125 0.6578369140625
-0.0234165191650391 -0.00836181640625 -0.1341552734375 0.927734375
-0.0582046508789063 0.0374488830566406 -0.5264892578125 0.478515625
-0.0654830932617188 0.0373153686523437 0.0549468994140625 0.0688095092773438
-0.0354461669921875 0.0217437744140625 0.6724853515625 -0.444580078125
-0.00533676147460937 0.0163745880126953 0.19775390625 -0.97747802734375
0.00433731079101563 0.0305004119873047 -0.62261962890625 -0.58447265625
0.0206851959228516 0.0295524597167969 -0.63336181640625 0.13037109375
0.0246429443359375 0.00107955932617188 -0.301361083984375 0.399566650390625
0.0232334136962891 -0.0277099609375 0.06011962890625 0.328460693359375
0.00122928619384766 0.00331425666809082 0.225418090820312 0.103927612304687
-0.00765514373779297 0.00589561462402344 -0.203964233398438 -0.172958374023437
0.03399658203125 -0.0185050964355469 0.01873779296875 -0.3623046875
0.0350360870361328 0.00208663940429688 0.388763427734375 -0.32861328125
0.0199737548828125 0.0441398620605469 0.72265625 0.0472412109375
0.000423431396484379 0.0391044616699219 0.5029296875 0.70233154296875
-0.0165500640869141 -0.0169258117675781 -0.1978759765625 0.9205322265625
-0.04986572265625 0.0297126770019531 -0.525970458984375 0.439361572265625
-0.0505218505859375 0.0352249145507813 0.101142883300781 0.054901123046875
-0.023284912109375 0.0150566101074219 0.65924072265625 -0.486083984375
-0.00165843963623047 0.00867080688476563 0.128662109375 -0.97979736328125
0.00465202331542969 0.0244960784912109 -0.6552734375 -0.5264892578125
0.0174999237060547 0.0268535614013672 -0.6153564453125 0.17486572265625
0.0224723815917969 0.000127792358398438 -0.27557373046875 0.415924072265625
0.0226764678955078 -0.0249519348144531 0.07281494140625 0.322845458984375
-0.000328063964843751 0.00673484802246094 0.230056762695313 0.0981292724609375
-0.00570106506347656 0.00940799713134765 -0.197723388671875 -0.179885864257813
0.0337543487548828 -0.0115852355957031 0.033660888671875 -0.3612060546875
0.0298385620117187 0.004425048828125 0.411346435546875 -0.309173583984375
0.013916015625 0.0426101684570313 0.72869873046875 0.091064453125
-0.00500297546386719 0.0276374816894531 0.4658203125 0.74053955078125
-0.0103340148925781 -0.0312767028808594 -0.24371337890625 0.9136962890625
-0.0265789031982422 0.0201377868652344 -0.52423095703125 0.411773681640625
-0.0194129943847656 0.0328254699707031 0.136093139648438 0.0417022705078125
-0.00380659103393555 0.00382423400878906 0.64691162109375 -0.5230712890625
0.00298857688903809 -0.00396800041198731 0.0736083984374999 -0.97772216796875
-0.000930786132812501 0.0171947479248047 -0.67950439453125 -0.48309326171875
0.0116519927978516 0.0254726409912109 -0.59942626953125 0.20806884765625
0.0205898284912109 0.00121116638183594 -0.255950927734375 0.426544189453125
0.0190849304199219 -0.0201911926269531 0.08282470703125 0.31988525390625
0.000340461730957033 0.0124320983886719 0.2349853515625 0.09173583984375
-0.00468730926513672 0.0163412094116211 -0.1934814453125 -0.18408203125
0.0313720703125 -0.00639152526855469 0.0404052734375 -0.359039306640625
0.0254840850830078 0.00839614868164063 0.425750732421875 -0.29736328125
0.00444793701171875 0.04046630859375 0.73199462890625 0.11572265625
-0.00921821594238281 0.0182018280029297 0.442626953125 0.7637939453125
0.00197982788085938 -0.0488700866699219 -0.274658203125 0.90753173828125
0.00604057312011719 0.00710964202880859 -0.5242919921875 0.392913818359375
0.0206127166748047 0.0273265838623047 0.155899047851563 0.032928466796875
0.0226573944091797 -0.00969314575195313 0.63818359375 -0.54156494140625
0.00787544250488281 -0.0207252502441406 0.0402832031249999 -0.97412109375
-0.00865983963012695 0.00683212280273437 -0.69183349609375 -0.45489501953125
0.00350761413574219 0.0257740020751953 -0.5931396484375 0.2303466796875
0.0172758102416992 0.00485515594482422 -0.244659423828125 0.4346923828125
0.0174236297607422 -0.0139188766479492 0.087432861328125 0.319610595703125
0.000919342041015626 0.0185070037841797 0.237106323242188 0.090087890625
-0.00370216369628907 0.0216159820556641 -0.191238403320313 -0.184463500976563
0.0296039581298828 -0.00204849243164063 0.043701171875 -0.358001708984375
0.0195960998535156 0.0111885070800781 0.428924560546875 -0.29241943359375
-0.00264358520507813 0.0384101867675781 0.732421875 0.12713623046875
-0.013361930847168 0.00700283050537109 0.43414306640625 0.77020263671875
0.0165481567382812 -0.0657844543457031 -0.2840576171875 0.90545654296875
0.0425758361816406 -0.00548934936523438 -0.525390625 0.387664794921875
0.063262939453125 0.0227317810058594 0.157882690429688 0.0295257568359375
0.0475692749023438 -0.0253219604492188 0.6326904296875 -0.54681396484375
0.0128135681152344 -0.036376953125 0.0279541015624999 -0.97271728515625
-0.0151882171630859 -0.000690460205078122 -0.6973876953125 -0.44293212890625
-0.00397109985351562 0.0277652740478516 -0.5897216796875 0.240478515625
0.0131645202636719 0.00821590423583984 -0.24365234375 0.4410400390625
0.0153665542602539 -0.00885868072509766 0.08905029296875 0.320709228515625
0.000877380371093749 0.0229721069335938 0.239044189453125 0.0883636474609375
-0.00300407409667969 0.0269813537597656 -0.1907958984375 -0.18316650390625
0.0267543792724609 0.00176429748535156 0.038726806640625 -0.357330322265625
0.0152664184570313 0.0124568939208984 0.42633056640625 -0.298828125
-0.01043701171875 0.0345802307128906 0.73065185546875 0.11627197265625
-0.0160894393920898 -0.00221157073974609 0.44390869140625 0.76312255859375
0.0266265869140625 -0.0834732055664063 -0.2735595703125 0.91021728515625
0.074462890625 -0.0196151733398438 -0.528564453125 0.394989013671875
0.105331420898438 0.0195388793945313 0.144805908203125 0.02960205078125
0.0739898681640625 -0.040130615234375 0.63232421875 -0.5391845703125
0.0189247131347656 -0.0529060363769531 0.04534912109375 -0.97076416015625
-0.0204200744628906 -0.00869941711425782 -0.69049072265625 -0.4561767578125
-0.0108489990234375 0.0293712615966797 -0.5985107421875 0.23248291015625
0.0103349685668945 0.0122556686401367 -0.2523193359375 0.440704345703125
0.012969970703125 -0.00375747680664063 0.086334228515625 0.32440185546875
0.00123786926269531 0.0272712707519531 0.238204956054688 0.0930633544921875
-0.00274467468261719 0.0289630889892578 -0.196319580078125 -0.17889404296875
0.0231113433837891 0.00480270385742188 0.030242919921875 -0.35516357421875
0.0119752883911133 0.014674186706543 0.41168212890625 -0.31011962890625
-0.0135002136230469 0.0359916687011719 0.72650146484375 0.0855712890625
-0.0199165344238281 -0.00576210021972656 0.46820068359375 0.7379150390625
0.0307846069335938 -0.0942459106445313 -0.2369384765625 0.91827392578125
0.099212646484375 -0.03228759765625 -0.5328369140625 0.41473388671875
0.139213562011719 0.0141143798828125 0.11370849609375 0.0357208251953125
0.0999755859375 -0.047821044921875 0.63714599609375 -0.5137939453125
0.0271148681640625 -0.0659065246582031 0.0808715820312499 -0.97552490234375
-0.0261745452880859 -0.015869140625 -0.6773681640625 -0.488037109375
-0.0173873901367187 0.0294876098632813 -0.610595703125 0.2122802734375
0.00708103179931641 0.0169363021850586 -0.268035888671875 0.43572998046875
0.01287841796875 -0.00152206420898438 0.076629638671875 0.331512451171875
0.00350761413574219 0.0299072265625 0.235763549804687 0.097808837890625
-0.00751161575317383 0.00533819198608399 -0.2188720703125 -0.1539306640625
0.0288887023925781 -0.0258274078369141 -0.019805908203125 -0.357421875
0.0328273773193359 -0.00428009033203125 0.335052490234375 -0.37200927734375
0.0279045104980469 0.0424423217773438 0.70367431640625 -0.06292724609375
0.0105781555175781 0.0443229675292969 0.591064453125 0.6036376953125
-0.0225429534912109 -0.00634002685546875 -0.0687866210937501 0.9383544921875
-0.0549507141113281 0.0393829345703125 -0.52203369140625 0.52325439453125
-0.0618438720703125 0.0377159118652344 0.00715637207031249 0.0831756591796875
-0.0339431762695313 0.0205116271972656 0.68035888671875 -0.4058837890625
-0.00568962097167969 0.0170650482177734 0.26678466796875 -0.9786376953125
0.00320625305175781 0.0299663543701172 -0.5921630859375 -0.6435546875
0.0218086242675781 0.0323905944824219 -0.65216064453125 0.0872192382812499
0.0251026153564453 0.00210189819335938 -0.328521728515625 0.386810302734375
0.0243892669677734 -0.0316886901855469 0.049468994140625 0.334442138671875
0.00308847427368164 0.00323271751403809 0.224136352539063 0.110015869140625
-0.00715255737304688 0.00370073318481445 -0.213027954101562 -0.1636962890625
0.0318241119384766 -0.023040771484375 -0.00253295898437499 -0.362548828125
0.0338325500488281 -0.00261306762695313 0.3614501953125 -0.353515625
0.0274429321289062 0.0436935424804688 0.716796875 -0.01226806640625
0.00686264038085937 0.0437469482421875 0.552490234375 0.6539306640625
-0.0254917144775391 -0.0072784423828125 -0.12762451171875 0.93548583984375
-0.0593490600585938 0.0370750427246094 -0.525238037109375 0.484130859375
-0.0654258728027344 0.0392799377441406 0.0563011169433594 0.0693778991699219
-0.0352134704589844 0.0220947265625 0.67230224609375 -0.45184326171875
-0.00396251678466797 0.0172262191772461 0.1920166015625 -0.98553466796875
0.00608062744140625 0.0295047760009766 -0.6322021484375 -0.58404541015625
0.0217914581298828 0.0290336608886719 -0.6353759765625 0.13812255859375
0.0241146087646484 0.000164031982421875 -0.300079345703125 0.405914306640625
0.0228862762451172 -0.0283679962158203 0.063568115234375 0.329864501953125
0.00211119651794434 0.0041956901550293 0.2275390625 0.103958129882813
-0.00627613067626953 0.00584554672241211 -0.206939697265625 -0.171630859375
0.032928466796875 -0.0192394256591797 0.014678955078125 -0.3619384765625
0.0342292785644531 0.000886917114257813 0.38714599609375 -0.333587646484375
0.0204505920410156 0.0426559448242188 0.72796630859375 0.03851318359375
0.000583648681640627 0.0396728515625 0.512939453125 0.70037841796875
-0.0187454223632813 -0.0179004669189453 -0.18890380859375 0.92584228515625
-0.0496635437011719 0.0317840576171875 -0.52691650390625 0.446136474609375
-0.0509109497070312 0.0376167297363281 0.102119445800781 0.0533294677734375
-0.0232944488525391 0.0151863098144531 0.65740966796875 -0.49530029296875
-0.00214147567749023 0.00854873657226563 0.121337890625 -0.984375
0.00401878356933594 0.0244808197021484 -0.66571044921875 -0.5235595703125
0.0176010131835937 0.0260906219482422 -0.61700439453125 0.18011474609375
0.0232906341552734 -0.000684738159179688 -0.273223876953125 0.420928955078125
0.0205154418945312 -0.0264091491699219 0.076873779296875 0.326568603515625
0.00106573104858398 0.00680017471313477 0.23614501953125 0.0972900390625
-0.00516128540039063 0.0116891860961914 -0.200912475585937 -0.1805419921875
0.0319805145263672 -0.0136508941650391 0.028839111328125 -0.3634033203125
0.0296688079833984 0.0055084228515625 0.411041259765625 -0.315277099609375
0.0130653381347656 0.0411720275878906 0.73504638671875 0.0819091796875
-0.00571250915527344 0.0287628173828125 0.478515625 0.73846435546875
-0.0113811492919922 -0.0315341949462891 -0.23681640625 0.9197998046875
-0.0244541168212891 0.0197620391845703 -0.52294921875 0.416168212890625
-0.0202236175537109 0.0316219329833984 0.135902404785156 0.0421218872070313
-0.0044550895690918 0.00425958633422852 0.64703369140625 -0.53045654296875
0.00270509719848633 -0.00522756576538086 0.0665893554687499 -0.98382568359375
-0.00053691864013672 0.0169239044189453 -0.6861572265625 -0.48004150390625
0.0118694305419922 0.0249423980712891 -0.5997314453125 0.21661376953125
0.0202522277832031 0.0009613037109375 -0.253997802734375 0.43365478515625
0.0184040069580078 -0.0213966369628906 0.087005615234375 0.3216552734375
0.000996589660644531 0.0120458602905273 0.237045288085937 0.091949462890625
-0.00257301330566406 0.0178108215332031 -0.196701049804687 -0.183425903320313
0.0313663482666016 -0.00601577758789063 0.035369873046875 -0.362060546875
0.0260009765625 0.00818061828613281 0.426300048828125 -0.302886962890625
0.00583648681640625 0.0402107238769531 0.73748779296875 0.109619140625
-0.00933074951171875 0.018096923828125 0.4532470703125 0.7620849609375
0.000591278076171872 -0.0503005981445313 -0.26763916015625 0.913330078125
0.00518035888671875 0.0068507194519043 -0.52520751953125 0.39788818359375
0.0194969177246094 0.0280933380126953 0.15753173828125 0.03326416015625
0.0203094482421875 -0.0109081268310547 0.6380615234375 -0.55126953125
0.00749588012695312 -0.0198993682861328 0.03271484375 -0.98114013671875
-0.00677585601806641 0.00832653045654297 -0.70025634765625 -0.44940185546875
0.00393295288085938 0.0243988037109375 -0.59222412109375 0.2369384765625
0.0177249908447266 0.00465011596679688 -0.24212646484375 0.4393310546875
0.0174589157104492 -0.0148029327392578 0.09368896484375 0.3214111328125
0.00137519836425781 0.0188503265380859 0.239898681640625 0.08758544921875
-0.00321197509765625 0.0223789215087891 -0.196380615234375 -0.184707641601562
0.0295562744140625 -0.0028076171875 0.0384521484375 -0.3616943359375
0.0203800201416016 0.0110206604003906 0.430816650390625 -0.299163818359375
-0.0027008056640625 0.0379066467285156 0.73675537109375 0.11834716796875
-0.0117673873901367 0.00558376312255859 0.44622802734375 0.769287109375
0.0144500732421875 -0.0683555603027344 -0.2763671875 0.9130859375
0.0416221618652344 -0.006072998046875 -0.525970458984375 0.391998291015625
0.0644149780273438 0.021697998046875 0.158920288085937 0.029296875
0.0479583740234375 -0.02471923828125 0.6319580078125 -0.55596923828125
0.0128402709960938 -0.0373573303222656 0.02294921875 -0.97772216796875
-0.0164899826049805 -0.000438690185546875 -0.70379638671875 -0.4393310546875
-0.00342941284179687 0.0280399322509766 -0.5909423828125 0.247314453125
0.0140314102172852 0.00824737548828125 -0.2410888671875 0.4444580078125
0.0153646469116211 -0.00815296173095703 0.09503173828125 0.32379150390625
0.00179862976074219 0.0241050720214844 0.24139404296875 0.0891876220703125
-0.00143241882324218 0.0273113250732422 -0.196090698242188 -0.18212890625
0.026947021484375 0.00134658813476563 0.035064697265625 -0.358795166015625
0.015711784362793 0.0133905410766602 0.42596435546875 -0.3048095703125
-0.00847244262695312 0.0357818603515625 0.73663330078125 0.109619140625
-0.0155553817749023 -0.00281429290771485 0.452880859375 0.76141357421875
0.0249481201171875 -0.0818710327148438 -0.26654052734375 0.91680908203125
0.0751419067382813 -0.019683837890625 -0.52734375 0.402008056640625
0.107208251953125 0.0186233520507813 0.14410400390625 0.0295867919921875
0.0736846923828125 -0.0379562377929688 0.63287353515625 -0.54534912109375
0.0198745727539063 -0.0517959594726563 0.03814697265625 -0.9776611328125
-0.0225982666015625 -0.00905990600585938 -0.6966552734375 -0.45123291015625
-0.0101051330566406 0.0294990539550781 -0.5960693359375 0.23895263671875
0.0119819641113281 0.013239860534668 -0.247955322265625 0.44500732421875
0.0138339996337891 -0.00495433807373047 0.0908203125 0.3258056640625
0.00321006774902344 0.0279369354248047 0.241470336914063 0.0921630859375
-0.00295257568359375 0.0309219360351563 -0.199432373046875 -0.179031372070313
0.0241889953613281 0.00344276428222656 0.02508544921875 -0.35687255859375
0.0123605728149414 0.0156326293945313 0.412445068359375 -0.31707763671875
-0.0135383605957031 0.03564453125 0.733154296875 0.0772705078125
-0.0185184478759766 -0.00571823120117188 0.480712890625 0.74072265625
0.031036376953125 -0.0940933227539063 -0.22955322265625 0.92230224609375
0.100791931152344 -0.032440185546875 -0.53125 0.42108154296875
0.139877319335938 0.0141372680664063 0.114036560058594 0.0339736938476563
0.100502014160156 -0.0500335693359375 0.6375732421875 -0.520263671875
0.0253791809082031 -0.0667152404785156 0.07275390625 -0.979736328125
-0.0266246795654297 -0.0159587860107422 -0.6868896484375 -0.484375
-0.0173568725585938 0.0310993194580078 -0.6131591796875 0.21881103515625
0.00830078125 0.0149650573730469 -0.261993408203125 0.44342041015625
0.0127582550048828 -0.000760078430175781 0.0823974609375 0.332244873046875
0.00275039672851562 0.0297031402587891 0.238555908203125 0.0966339111328125
-0.00605010986328125 0.00529670715332031 -0.221389770507813 -0.153167724609375
0.0289974212646484 -0.0265178680419922 -0.0260009765625 -0.359710693359375
0.0333251953125 -0.00567054748535156 0.332489013671875 -0.377166748046875
0.0305252075195312 0.0419044494628906 0.70703125 -0.07452392578125
0.011566162109375 0.0425758361816406 0.60150146484375 0.59783935546875
-0.0244789123535156 -0.00669670104980469 -0.0566406250000001 0.9412841796875
-0.0540733337402344 0.0395011901855469 -0.521270751953125 0.53057861328125
-0.0611343383789063 0.0387840270996094 0.0082244873046875 0.0828933715820313
-0.0337657928466797 0.0222988128662109 0.679931640625 -0.41357421875
-0.00689220428466797 0.0173635482788086 0.25732421875 -0.9847412109375
0.00421905517578125 0.0309200286865234 -0.60211181640625 -0.64093017578125
0.0228271484375 0.0313625335693359 -0.65545654296875 0.0950927734374999
0.0254154205322266 0.00317764282226563 -0.326568603515625 0.39495849609375
0.0237293243408203 -0.0314254760742188 0.05413818359375 0.337066650390625
0.00394415855407715 0.00362372398376465 0.228042602539063 0.108871459960938
-0.00663471221923828 0.00495147705078125 -0.21728515625 -0.1627197265625
0.0316123962402344 -0.0236072540283203 -0.008758544921875 -0.36395263671875
0.0339889526367188 -0.00204277038574219 0.3603515625 -0.36004638671875
0.0282249450683594 0.0421981811523438 0.7225341796875 -0.02294921875
0.00764846801757813 0.0427780151367188 0.56634521484375 0.65081787109375
-0.0247116088867188 -0.008453369140625 -0.120849609375 0.9383544921875
-0.0601997375488281 0.0395545959472656 -0.522674560546875 0.490753173828125
-0.0648765563964844 0.039031982421875 0.0572395324707031 0.068450927734375
-0.0344676971435547 0.0221748352050781 0.670654296875 -0.45947265625
-0.00620555877685547 0.0172548294067383 0.18109130859375 -0.99200439453125
0.005401611328125 0.0292377471923828 -0.63922119140625 -0.5791015625
0.0232982635498047 0.0289173126220703 -0.63702392578125 0.14447021484375
0.0257110595703125 0.00046539306640625 -0.296783447265625 0.41094970703125
0.0223445892333984 -0.0290012359619141 0.069915771484375 0.333038330078125
0.0042266845703125 0.00472545623779297 0.23291015625 0.101104736328125
-0.00620365142822266 0.00648880004882813 -0.211212158203125 -0.170928955078125
0.0328788757324219 -0.0182399749755859 0.0091552734375 -0.366241455078125
0.0325298309326172 0.00113677978515625 0.387542724609375 -0.340576171875
0.0222854614257813 0.0419464111328125 0.73126220703125 0.02734375
0.00151443481445312 0.03759765625 0.52490234375 0.69757080078125
-0.0201606750488281 -0.0176334381103516 -0.18157958984375 0.930419921875
-0.0496711730957031 0.0316963195800781 -0.523162841796875 0.45196533203125
-0.050384521484375 0.0375823974609375 0.103317260742188 0.0533065795898438
-0.0232639312744141 0.0164279937744141 0.65740966796875 -0.50421142578125
-0.00351285934448242 0.00799894332885742 0.11029052734375 -0.99224853515625
0.00435447692871094 0.0246677398681641 -0.6734619140625 -0.52197265625
0.0188865661621094 0.0264892578125 -0.61749267578125 0.1873779296875
0.0235500335693359 -0.000715255737304688 -0.268585205078125 0.4259033203125
0.0219707489013672 -0.0265827178955078 0.08209228515625 0.3280029296875
0.00133132934570313 0.00738668441772461 0.237106323242187 0.0956268310546875
-0.00432682037353516 0.0122756958007813 -0.205596923828125 -0.177459716796875
0.0328502655029297 -0.0135650634765625 0.023040771484375 -0.36578369140625
0.0296459197998047 0.00403404235839844 0.410003662109375 -0.321563720703125
0.0162506103515625 0.0420799255371094 0.7391357421875 0.07196044921875
-0.00348281860351563 0.0273723602294922 0.48828125 0.73681640625
-0.0129337310791016 -0.0328083038330078 -0.23101806640625 0.9251708984375
-0.0247840881347656 0.0201950073242188 -0.5228271484375 0.4228515625
-0.0180568695068359 0.0326042175292969 0.138046264648438 0.0401763916015625
-0.00356245040893555 0.00467014312744141 0.64398193359375 -0.5391845703125
0.00281333923339844 -0.00365519523620605 0.0575561523437501 -0.990234375
0.000312805175781249 0.016789436340332 -0.69671630859375 -0.47607421875
0.0134601593017578 0.02423095703125 -0.6043701171875 0.22149658203125
0.0220432281494141 0.000806808471679688 -0.249664306640625 0.438140869140625
0.0187301635742188 -0.0216732025146484 0.09283447265625 0.32427978515625
0.00242519378662109 0.0128583908081055 0.240478515625 0.0893707275390625
-0.00205039978027344 0.0174798965454102 -0.202041625976563 -0.181732177734375
0.0314998626708984 -0.00745391845703125 0.031402587890625 -0.365142822265625
0.0259418487548828 0.00891494750976563 0.4251708984375 -0.309417724609375
0.00786972045898438 0.0399932861328125 0.74456787109375 0.10064697265625
-0.00798988342285156 0.0164384841918945 0.46429443359375 0.75885009765625
-0.000202178955078121 -0.0496978759765625 -0.26092529296875 0.9215087890625
0.00655126571655274 0.0075993537902832 -0.521881103515625 0.40374755859375
0.0214881896972656 0.0284748077392578 0.156967163085938 0.0325927734375
0.0212326049804688 -0.00922775268554688 0.6357421875 -0.5587158203125
0.006927490234375 -0.0198020935058594 0.02471923828125 -0.98541259765625
-0.00634431838989258 0.00719881057739258 -0.70770263671875 -0.44512939453125
0.00652313232421875 0.0256004333496094 -0.59307861328125 0.24456787109375
0.0180759429931641 0.00443649291992188 -0.237213134765625 0.445892333984375
0.0180702209472656 -0.0151920318603516 0.099090576171875 0.32281494140625
0.00205230712890625 0.0197334289550781 0.244216918945313 0.08721923828125
-0.00144386291503906 0.0221519470214844 -0.199569702148438 -0.184555053710938
0.0293979644775391 -0.00281333923339844 0.034576416015625 -0.363189697265625
0.0197811126708984 0.0111312866210938 0.429534912109375 -0.30694580078125
-0.000236511230468746 0.0385093688964844 0.74420166015625 0.11004638671875
-0.0125236511230469 0.0048370361328125 0.454833984375 0.767578125
0.0136680603027344 -0.0680274963378906 -0.2681884765625 0.91851806640625
0.0436210632324219 -0.00774383544921875 -0.5234375 0.398712158203125
0.0648727416992188 0.0228538513183594 0.160690307617188 0.0273895263671875
0.0491600036621094 -0.0272483825683594 0.63134765625 -0.56561279296875
0.0118789672851563 -0.0373001098632812 0.0128173828124999 -0.9837646484375
-0.0152463912963867 -0.000834465026855472 -0.71337890625 -0.4349365234375
-0.0023345947265625 0.0263900756835938 -0.5911865234375 0.25433349609375
0.0145025253295898 0.00842475891113281 -0.23736572265625 0.451141357421875
0.0158796310424805 -0.00883197784423828 0.100921630859375 0.32568359375
0.00428962707519531 0.0237636566162109 0.244918823242187 0.0873870849609375
-0.00110626220703125 0.0276947021484375 -0.19873046875 -0.181777954101563
0.0280113220214844 0.001922607421875 0.031036376953125 -0.36199951171875
0.0152797698974609 0.0141010284423828 0.4249267578125 -0.31207275390625
-0.00749969482421875 0.0352935791015625 0.742919921875 0.10052490234375
-0.0155134201049805 -0.0034170150756836 0.46392822265625 0.759521484375
0.022613525390625 -0.0839157104492188 -0.25653076171875 0.9228515625
0.0754470825195313 -0.0204391479492188 -0.526702880859375 0.40673828125
0.107475280761719 0.0182113647460938 0.145675659179688 0.0291290283203125
0.0761642456054688 -0.0400390625 0.629150390625 -0.5523681640625
0.0192146301269531 -0.0530433654785156 0.0267333984375 -0.98260498046875
-0.0220718383789063 -0.00931167602539063 -0.70770263671875 -0.4486083984375
-0.00922012329101562 0.0288295745849609 -0.60009765625 0.24591064453125
0.0110464096069336 0.0128250122070312 -0.243682861328125 0.45172119140625
0.0140819549560547 -0.00574779510498047 0.097015380859375 0.328338623046875
0.00391578674316406 0.0268096923828125 0.243728637695313 0.090545654296875
-0.0010223388671875 0.0313930511474609 -0.203155517578125 -0.17779541015625
0.0254077911376953 0.00425148010253906 0.019805908203125 -0.361175537109375
0.0122766494750977 0.0148763656616211 0.410247802734375 -0.325042724609375
-0.0126724243164063 0.0355186462402344 0.73895263671875 0.069580078125
-0.0189132690429688 -0.00776863098144531 0.49188232421875 0.73553466796875
0.0286483764648437 -0.095916748046875 -0.22021484375 0.92913818359375
0.099517822265625 -0.0335464477539063 -0.529876708984375 0.427520751953125
0.142166137695312 0.0135345458984375 0.114982604980469 0.0353012084960937
0.101486206054687 -0.0513763427734375 0.63629150390625 -0.531494140625
0.025421142578125 -0.0665359497070313 0.0654296874999999 -0.98480224609375
-0.0259246826171875 -0.0150032043457031 -0.6929931640625 -0.48046875
-0.0149326324462891 0.0288410186767578 -0.614013671875 0.22528076171875
0.00776481628417968 0.0157232284545898 -0.260711669921875 0.44903564453125
0.0137462615966797 -0.000993728637695313 0.087493896484375 0.33514404296875
0.00641441345214844 0.0296554565429688 0.2423095703125 0.0945281982421875
-0.00513887405395508 0.00610923767089844 -0.224395751953125 -0.151763916015625
0.0289592742919922 -0.0259456634521484 -0.030120849609375 -0.360809326171875
0.0325965881347656 -0.00436592102050781 0.3291015625 -0.38446044921875
0.0323371887207031 0.0419387817382812 0.710205078125 -0.08367919921875
0.0121078491210938 0.0416831970214844 0.61187744140625 0.59100341796875
-0.0254535675048828 -0.00597763061523437 -0.0465087890624999 0.94586181640625
-0.0552177429199219 0.0405540466308594 -0.517608642578125 0.53607177734375
-0.0598716735839844 0.0400047302246094 0.00769805908203126 0.0827255249023438
-0.0332622528076172 0.0235309600830078 0.67877197265625 -0.42352294921875
-0.00614166259765625 0.0184383392333984 0.24749755859375 -0.994140625
0.00516891479492187 0.0298576354980469 -0.612548828125 -0.63665771484375
0.0245628356933594 0.0302505493164063 -0.65771484375 0.10296630859375
0.0256710052490234 0.00186538696289063 -0.322601318359375 0.399444580078125
0.0212574005126953 -0.0305747985839844 0.060791015625 0.33953857421875
0.00509977340698242 0.00293207168579102 0.231704711914063 0.107467651367188
-0.00477695465087891 0.0073542594909668 -0.21966552734375 -0.16156005859375
0.0298633575439453 -0.0249786376953125 -0.013702392578125 -0.365692138671875
0.0335559844970703 -0.00264739990234375 0.358734130859375 -0.3662109375
0.0292282104492187 0.0424537658691406 0.725341796875 -0.0328369140625
0.00900268554687501 0.0427627563476563 0.57513427734375 0.64544677734375
-0.0244541168212891 -0.00854492187500001 -0.10858154296875 0.94268798828125
-0.0589065551757813 0.0400505065917969 -0.519561767578125 0.49835205078125
-0.0639686584472656 0.04119873046875 0.0575294494628906 0.0675888061523438
-0.0345230102539063 0.0226936340332031 0.66888427734375 -0.46783447265625
-0.00585174560546875 0.017186164855957 0.17218017578125 -0.99945068359375
0.00892829895019531 0.0287303924560547 -0.6480712890625 -0.57623291015625
0.0237274169921875 0.0277233123779297 -0.6387939453125 0.15093994140625
0.0247611999511719 -0.00112342834472656 -0.292388916015625 0.416534423828125
0.0218296051025391 -0.0310039520263672 0.07366943359375 0.33355712890625
0.00428485870361328 0.00456094741821289 0.235336303710938 0.09954833984375
-0.00436019897460938 0.00912380218505859 -0.2164306640625 -0.170578002929688
0.0329608917236328 -0.0189533233642578 0.00463867187499999 -0.368560791015625
0.0328330993652344 0.00124168395996094 0.385284423828125 -0.346771240234375
0.0230712890625 0.0430641174316406 0.73760986328125 0.01861572265625
0.00323104858398438 0.0370407104492187 0.5338134765625 0.69329833984375
-0.0214328765869141 -0.0170135498046875 -0.1708984375 0.93646240234375
-0.0487861633300781 0.0325469970703125 -0.52191162109375 0.45892333984375
-0.0491180419921875 0.037628173828125 0.103469848632813 0.0539093017578125
-0.0225658416748047 0.0158214569091797 0.6552734375 -0.51214599609375
-0.00237178802490234 0.00889682769775391 0.100830078125 -0.99560546875
0.00429725646972656 0.0227012634277344 -0.68194580078125 -0.51806640625
0.0197410583496094 0.0274028778076172 -0.61944580078125 0.195068359375
0.0229015350341797 -0.000911712646484375 -0.265777587890625 0.43206787109375
0.0206680297851563 -0.027099609375 0.08795166015625 0.330047607421875
0.00229215621948242 0.00814676284790039 0.239761352539062 0.0942840576171875
-0.00271701812744141 0.0124721527099609 -0.209197998046875 -0.177154541015625
0.0321903228759766 -0.0137157440185547 0.01837158203125 -0.36822509765625
0.0305404663085938 0.00473403930664063 0.4085693359375 -0.330596923828125
0.0172996520996094 0.0410881042480469 0.74493408203125 0.06298828125
-0.00338935852050781 0.0269641876220703 0.4984130859375 0.7314453125
-0.0128097534179688 -0.0333480834960938 -0.21856689453125 0.93084716796875
-0.0253257751464844 0.0187454223632813 -0.5194091796875 0.4307861328125
-0.0185413360595703 0.0343666076660156 0.139617919921875 0.040985107421875
-0.00361895561218262 0.00396609306335449 0.640380859375 -0.54656982421875
0.00303077697753906 -0.00436568260192871 0.0463867187499999 -0.9942626953125
0.000469207763671875 0.0157375335693359 -0.70538330078125 -0.4688720703125
0.0141105651855469 0.0237083435058594 -0.6021728515625 0.23175048828125
0.02069091796875 -8.7738037109375E-05 -0.245330810546875 0.44464111328125
0.0197792053222656 -0.0217609405517578 0.098602294921875 0.325286865234375
0.00441360473632813 0.0128040313720703 0.244552612304688 0.087646484375
-0.00156021118164062 0.0181655883789063 -0.204376220703125 -0.182479858398438
0.0307884216308594 -0.0075531005859375 0.026580810546875 -0.36651611328125
0.0253086090087891 0.00850296020507813 0.42315673828125 -0.31805419921875
0.00927352905273437 0.0391311645507813 0.747802734375 0.0897216796875
-0.00821590423583984 0.0154323577880859 0.47528076171875 0.75634765625
-0.000865936279296879 -0.0493698120117188 -0.2506103515625 0.92657470703125
0.00631093978881836 0.00754833221435547 -0.51806640625 0.411468505859375
0.0213222503662109 0.0284500122070313 0.158218383789063 0.0318145751953125
0.0222530364990234 -0.0112762451171875 0.63287353515625 -0.569091796875
0.00696372985839844 -0.0206031799316406 0.0136718749999999 -0.99090576171875
-0.00639009475708008 0.00732803344726563 -0.7152099609375 -0.43988037109375
0.00642204284667969 0.0254764556884766 -0.5931396484375 0.25262451171875
0.0159587860107422 0.00417804718017578 -0.23291015625 0.452880859375
0.0181026458740234 -0.0147895812988281 0.103790283203125 0.32427978515625
0.00368118286132812 0.0189628601074219 0.247421264648438 0.084930419921875
0.000593185424804687 0.0239601135253906 -0.202987670898438 -0.182723999023438
0.0288658142089844 -0.00266647338867187 0.028778076171875 -0.366302490234375
0.0201683044433594 0.0105686187744141 0.42901611328125 -0.3154296875
-0.000427246093749998 0.0371627807617188 0.75103759765625 0.10089111328125
-0.0112333297729492 0.00371551513671875 0.4671630859375 0.7637939453125
0.0124969482421875 -0.0684623718261719 -0.2574462890625 0.9271240234375
0.0427322387695313 -0.00714111328125 -0.5208740234375 0.40618896484375
0.0649604797363281 0.0228538513183594 0.160781860351563 0.0262603759765625
0.0474967956542969 -0.0264816284179688 0.6273193359375 -0.572998046875
0.0110130310058594 -0.0379600524902344 0.00146484374999993 -0.98663330078125
-0.0140056610107422 -0.000970840454101565 -0.71929931640625 -0.4285888671875
-0.000793457031250001 0.0265274047851563 -0.59228515625 0.2625732421875
0.0135793685913086 0.00866508483886719 -0.230621337890625 0.45513916015625
0.0154170989990234 -0.00949668884277344 0.106170654296875 0.32598876953125
0.00419425964355469 0.0234775543212891 0.248321533203125 0.0857391357421875
0.000509262084960936 0.0282497406005859 -0.203826904296875 -0.180709838867188
0.0266227722167969 0.00210189819335938 0.02490234375 -0.364166259765625
0.0153179168701172 0.0129480361938477 0.42242431640625 -0.319793701171875
-0.00667572021484375 0.0355758666992188 0.7462158203125 0.089111328125
-0.0158071517944336 -0.00383472442626953 0.47625732421875 0.756591796875
0.0236282348632813 -0.0864486694335938 -0.2464599609375 0.92864990234375
0.0752334594726563 -0.021453857421875 -0.524383544921875 0.41278076171875
0.107620239257812 0.0167465209960938 0.147232055664063 0.0291290283203125
0.0749053955078125 -0.0404739379882813 0.629638671875 -0.56256103515625
0.018096923828125 -0.0535964965820313 0.0172119140625 -0.98760986328125
-0.0205764770507812 -0.00802993774414063 -0.71484375 -0.44134521484375
-0.00839614868164062 0.0284824371337891 -0.60028076171875 0.2542724609375
0.0108242034912109 0.0137901306152344 -0.2386474609375 0.45623779296875
0.0161514282226562 -0.00441360473632812 0.102264404296875 0.329742431640625
0.00672531127929687 0.0266876220703125 0.247772216796875 0.0876922607421875
0.000871658325195315 0.0322437286376953 -0.2066650390625 -0.175872802734375
0.0255603790283203 0.00345993041992187 0.014617919921875 -0.3621826171875
0.0118370056152344 0.014826774597168 0.40802001953125 -0.331573486328125
-0.0102386474609375 0.0372962951660156 0.742431640625 0.05938720703125
-0.0183467864990234 -0.0075836181640625 0.50372314453125 0.7314453125
0.0262985229492188 -0.0978546142578125 -0.2109375 0.93548583984375
0.0989761352539063 -0.0343017578125 -0.52703857421875 0.43389892578125
0.141891479492187 0.012298583984375 0.115898132324219 0.0340805053710938
0.101829528808594 -0.0524444580078125 0.63433837890625 -0.53936767578125
0.0255775451660156 -0.066497802734375 0.0532226562500001 -0.991455078125
-0.0264167785644531 -0.0150203704833984 -0.70184326171875 -0.4737548828125
-0.0147495269775391 0.0301589965820313 -0.61474609375 0.23468017578125
0.00839805603027344 0.0158538818359375 -0.255340576171875 0.453643798828125
0.0120916366577148 -0.00182533264160156 0.094635009765625 0.336456298828125
0.00620269775390625 0.0293159484863281 0.245956420898438 0.0936737060546875
-0.00498723983764649 0.00708532333374023 -0.227890014648438 -0.1494140625
0.028656005859375 -0.0274372100830078 -0.036041259765625 -0.362640380859375
0.0329246520996094 -0.00397109985351563 0.327423095703125 -0.39007568359375
0.0323829650878906 0.0404548645019531 0.7109375 -0.09490966796875
0.01324462890625 0.0407981872558594 0.62200927734375 0.584716796875
-0.0262374877929688 -0.00576019287109375 -0.03564453125 0.94775390625
-0.0537071228027344 0.0406875610351563 -0.512298583984375 0.544281005859375
-0.0601577758789063 0.0411529541015625 0.0100784301757812 0.0850753784179688
-0.0339775085449219 0.0243244171142578 0.67523193359375 -0.43212890625
-0.00576591491699219 0.0191116333007813 0.23687744140625 -0.9984130859375
0.005889892578125 0.0300464630126953 -0.622314453125 -0.6329345703125
0.025146484375 0.0293998718261719 -0.65936279296875 0.11126708984375
0.0249919891357422 0.00289726257324219 -0.318328857421875 0.407012939453125
0.0210342407226563 -0.0314807891845703 0.0670166015625 0.3402099609375
0.0064692497253418 0.0032658576965332 0.234634399414062 0.105300903320312
-0.00355958938598633 0.00775289535522461 -0.223388671875 -0.159164428710937
0.0303573608398438 -0.0241641998291016 -0.019775390625 -0.366424560546875
0.0342121124267578 -0.00271224975585938 0.355712890625 -0.372528076171875
0.031402587890625 0.0416336059570312 0.7281494140625 -0.043701171875
0.00868606567382812 0.0401573181152344 0.58746337890625 0.6385498046875
-0.0267829895019531 -0.00860786437988281 -0.0979003906250001 0.9471435546875
-0.0590744018554687 0.0405158996582031 -0.51611328125 0.504974365234375
-0.0640144348144531 0.0417289733886719 0.0597038269042969 0.0676651000976563
-0.0343704223632813 0.0228252410888672 0.667236328125 -0.4779052734375
-0.00727081298828125 0.0179443359375 0.1610107421875 -1.00433349609375
0.00774765014648437 0.027618408203125 -0.65838623046875 -0.56976318359375
0.0255222320556641 0.026885986328125 -0.640625 0.16064453125
0.0247592926025391 -0.000288009643554687 -0.28741455078125 0.4229736328125
0.0216217041015625 -0.0297069549560547 0.08074951171875 0.33489990234375
0.00444459915161133 0.00397253036499023 0.23907470703125 0.098419189453125
-0.00375699996948242 0.00778055191040039 -0.219223022460937 -0.169158935546875
0.0306015014648438 -0.0206661224365234 -0.00292968750000001 -0.369659423828125
0.032867431640625 0.000513076782226562 0.3817138671875 -0.35723876953125
0.0255661010742188 0.0416984558105469 0.74176025390625 0.00830078125
0.00365447998046875 0.0365257263183594 0.54705810546875 0.68829345703125
-0.0230674743652344 -0.0190944671630859 -0.1612548828125 0.9417724609375
-0.0484275817871094 0.0331153869628906 -0.518157958984375 0.467193603515625
-0.0480575561523438 0.0391159057617188 0.104377746582031 0.053253173828125
-0.0228424072265625 0.0165271759033203 0.652099609375 -0.520751953125
-0.00192642211914063 0.0102348327636719 0.0912475585937499 -1.00177001953125
0.00686836242675781 0.0229034423828125 -0.6912841796875 -0.50775146484375
0.0217399597167969 0.0239601135253906 -0.61773681640625 0.205078125
0.0232925415039063 -0.00253677368164063 -0.25909423828125 0.437469482421875
0.0202007293701172 -0.027191162109375 0.09442138671875 0.328704833984375
0.00300407409667969 0.00755405426025391 0.243911743164063 0.0915069580078125
-0.000585556030273438 0.0145378112792969 -0.21240234375 -0.176223754882813
0.0320816040039063 -0.0142612457275391 0.01214599609375 -0.370574951171875
0.0306949615478516 0.00395393371582031 0.407196044921875 -0.337982177734375
0.0180473327636719 0.0417976379394531 0.748291015625 0.05096435546875
-0.00219535827636719 0.0260906219482422 0.51275634765625 0.72552490234375
-0.015289306640625 -0.0327930450439453 -0.209716796875 0.93701171875
-0.0252094268798828 0.0216197967529297 -0.516082763671875 0.4366455078125
-0.0180091857910156 0.0342426300048828 0.140380859375 0.039581298828125
-0.00263214111328125 0.00505542755126953 0.63916015625 -0.5576171875
0.00288105010986328 -0.00495004653930664 0.0348510742187499 -0.99786376953125
0.000219345092773436 0.0162572860717773 -0.711181640625 -0.46124267578125
0.0153579711914062 0.0243396759033203 -0.6016845703125 0.240234375
0.0212078094482422 0.000146865844726563 -0.239471435546875 0.450836181640625
0.0191745758056641 -0.0222358703613281 0.10430908203125 0.326934814453125
0.00342559814453125 0.0121345520019531 0.246261596679688 0.087249755859375
-0.000585556030273438 0.0186805725097656 -0.20831298828125 -0.18109130859375
0.0314655303955078 -0.00835227966308594 0.020050048828125 -0.368377685546875
0.0252132415771484 0.00737762451171875 0.422088623046875 -0.324493408203125
0.00939178466796875 0.038665771484375 0.751953125 0.079833984375
-0.00724983215332031 0.014714241027832 0.48638916015625 0.74993896484375
-0.00302505493164062 -0.0519371032714844 -0.24169921875 0.93402099609375
0.00834894180297852 0.00718021392822266 -0.516845703125 0.41845703125
0.0224571228027344 0.0280094146728516 0.159194946289063 0.0308685302734375
0.0217857360839844 -0.0110378265380859 0.63116455078125 -0.57611083984375
0.00611495971679688 -0.0202789306640625 0.00134277343750001 -0.9945068359375
-0.00636053085327148 0.0073847770690918 -0.7249755859375 -0.43292236328125
0.00678825378417969 0.024505615234375 -0.59259033203125 0.2620849609375
0.0182723999023438 0.00431060791015625 -0.22808837890625 0.458953857421875
0.0174655914306641 -0.0167512893676758 0.110260009765625 0.323333740234375
0.00494194030761719 0.0196895599365234 0.251434326171875 0.082427978515625
0.001708984375 0.0252094268798828 -0.208114624023437 -0.181564331054688
0.0292854309082031 -0.00335311889648438 0.022186279296875 -0.3682861328125
0.0210018157958984 0.0115394592285156 0.426177978515625 -0.322601318359375
0.000881195068359376 0.037109375 0.7550048828125 0.08819580078125
-0.0118923187255859 0.00399398803710938 0.48004150390625 0.75750732421875
0.00978851318359375 -0.0693206787109375 -0.24810791015625 0.931640625
0.0431289672851563 -0.00781631469726563 -0.5174560546875 0.411407470703125
0.0650863647460938 0.021270751953125 0.164169311523437 0.0251312255859375
0.0480079650878906 -0.0272865295410156 0.62310791015625 -0.58197021484375
0.0108070373535156 -0.0376129150390625 -0.01031494140625 -0.99072265625
-0.0128316879272461 -0.00049018859863281 -0.72930908203125 -0.42236328125
-0.000446319580078128 0.0269374847412109 -0.58843994140625 0.270751953125
0.0147628784179688 0.00797367095947266 -0.224639892578125 0.461456298828125
0.0168237686157227 -0.00990009307861328 0.1129150390625 0.32647705078125
0.00661468505859375 0.0239276885986328 0.251113891601563 0.0819549560546875
0.00286674499511719 0.0304718017578125 -0.208526611328125 -0.1785888671875
0.0272274017333984 0.00260162353515625 0.01947021484375 -0.367034912109375
0.0150823593139648 0.0136270523071289 0.419403076171875 -0.328125
-0.005096435546875 0.0359954833984375 0.75201416015625 0.0797119140625
-0.0152854919433594 -0.00527667999267578 0.489990234375 0.752685546875
0.0204620361328125 -0.085205078125 -0.23614501953125 0.93328857421875
0.07586669921875 -0.0224990844726563 -0.521820068359375 0.4207763671875
0.108421325683594 0.0161666870117188 0.14794921875 0.0267486572265625
0.076629638671875 -0.0430526733398437 0.623779296875 -0.57275390625
0.0163536071777344 -0.0553054809570313 0.00628662109375 -0.99078369140625
-0.0212306976318359 -0.0106334686279297 -0.72320556640625 -0.43304443359375
-0.00784492492675781 0.0287151336669922 -0.5970458984375 0.26361083984375
0.0119199752807617 0.0133094787597656 -0.23358154296875 0.46160888671875
0.014007568359375 -0.00546646118164063 0.108001708984375 0.32952880859375
0.00712394714355468 0.0287094116210937 0.251327514648438 0.0854339599609375
0.003082275390625 0.0321273803710938 -0.211898803710938 -0.174957275390625
0.0241527557373047 0.00309371948242188 0.00881958007812497 -0.364593505859375
0.0112075805664063 0.0146999359130859 0.406097412109375 -0.33978271484375
-0.0100135803222656 0.0361175537109375 0.74859619140625 0.048583984375
-0.0175657272338867 -0.0107603073120117 0.5147705078125 0.72711181640625
0.0235595703125 -0.0983810424804688 -0.20001220703125 0.939208984375
0.1005859375 -0.0363616943359375 -0.5235595703125 0.4407958984375
0.143966674804687 0.0110015869140625 0.115463256835938 0.0337066650390625
0.100624084472656 -0.0542144775390625 0.6295166015625 -0.5477294921875
0.0241165161132812 -0.0672492980957031 0.0428466796875001 -0.99542236328125
-0.0246505737304688 -0.0160598754882813 -0.71026611328125 -0.46807861328125
-0.0126209259033203 0.0298137664794922 -0.61395263671875 0.24493408203125
0.00954437255859375 0.0157699584960937 -0.2506103515625 0.4600830078125
0.0134344100952148 -0.00122737884521484 0.10107421875 0.337310791015625
0.00686454772949218 0.0301914215087891 0.248245239257812 0.0915069580078125
-0.00339031219482422 0.00701189041137695 -0.232650756835938 -0.14630126953125
0.0277442932128906 -0.0277786254882812 -0.04339599609375 -0.362335205078125
0.0323982238769531 -0.00525665283203125 0.3212890625 -0.3958740234375
0.0349006652832031 0.0410881042480469 0.713623046875 -0.103271484375
0.0140190124511719 0.0406951904296875 0.6341552734375 0.57696533203125
-0.0265445709228516 -0.00623321533203125 -0.0231933593749999 0.94854736328125
-0.0545539855957031 0.0422706604003906 -0.506011962890625 0.552215576171875
-0.0597419738769531 0.0420036315917969 0.00939178466796876 0.082855224609375
-0.0327911376953125 0.0246810913085938 0.67291259765625 -0.440185546875
-0.00635719299316407 0.0190868377685547 0.22412109375 -1.00579833984375
0.00685882568359375 0.0301246643066406 -0.63055419921875 -0.625
0.0259723663330078 0.0288562774658203 -0.6605224609375 0.12078857421875
0.0257606506347656 0.00251579284667969 -0.312042236328125 0.412872314453125
0.0207309722900391 -0.0319194793701172 0.073822021484375 0.34027099609375
0.0078887939453125 0.00448513031005859 0.23785400390625 0.10302734375
-0.00256204605102539 0.0080561637878418 -0.227798461914062 -0.156265258789063
0.0287532806396484 -0.0260047912597656 -0.026031494140625 -0.3692626953125
0.0346164703369141 -0.00350570678710938 0.3497314453125 -0.38037109375
0.0306930541992188 0.040802001953125 0.7301025390625 -0.0546875
0.00928878784179688 0.0400543212890625 0.59814453125 0.62841796875
-0.0256729125976563 -0.00829505920410156 -0.08636474609375 0.94915771484375
-0.0571327209472656 0.0419845581054687 -0.509552001953125 0.513397216796875
-0.0630912780761719 0.0429344177246094 0.0594711303710937 0.0679855346679688
-0.0347251892089844 0.0244083404541016 0.662109375 -0.48687744140625
-0.00522518157958984 0.0168371200561523 0.14727783203125 -1.0101318359375
0.00701713562011719 0.0281639099121094 -0.66741943359375 -0.5618896484375
0.0267276763916016 0.0260963439941406 -0.63885498046875 0.16961669921875
0.0251293182373047 -0.00150299072265625 -0.282623291015625 0.429229736328125
0.0202922821044922 -0.0310802459716797 0.086822509765625 0.334930419921875
0.00658321380615234 0.00389671325683594 0.241867065429688 0.097412109375
-0.00151634216308594 0.00820255279541016 -0.223281860351563 -0.166046142578125
0.0314598083496094 -0.0208263397216797 -0.00933837890625002 -0.37060546875
0.0333099365234375 0.000692367553710937 0.37762451171875 -0.36102294921875
0.0260467529296875 0.0408172607421875 0.74468994140625 -0.003662109375
0.00393486022949219 0.0344142913818359 0.55511474609375 0.6785888671875
-0.0242233276367188 -0.0188751220703125 -0.14752197265625 0.946533203125
-0.0490150451660156 0.0333404541015625 -0.511688232421875 0.474639892578125
-0.0481605529785156 0.0408096313476562 0.104705810546875 0.0524368286132813
-0.0209693908691406 0.0166053771972656 0.6468505859375 -0.5299072265625
-0.00179767608642578 0.00847434997558594 0.076171875 -1.0040283203125
0.0054931640625 0.0215206146240234 -0.69915771484375 -0.5008544921875
0.0223274230957031 0.0244503021240234 -0.6165771484375 0.21307373046875
0.0234909057617188 -0.00225257873535156 -0.25372314453125 0.4449462890625
0.0208778381347656 -0.0277118682861328 0.100616455078125 0.328125
0.00532817840576172 0.00914955139160156 0.246429443359375 0.0904083251953125
-0.000438690185546874 0.0137195587158203 -0.218414306640625 -0.173599243164062
0.0330772399902344 -0.0138473510742188 0.005859375 -0.36968994140625
0.0305938720703125 0.00510978698730469 0.4049072265625 -0.34698486328125
0.0194244384765625 0.0389175415039063 0.7525634765625 0.04083251953125
-0.00196075439453125 0.0247001647949219 0.52337646484375 0.7218017578125
-0.0157127380371094 -0.0333232879638672 -0.197021484375 0.9393310546875
-0.0258102416992188 0.019927978515625 -0.51171875 0.44366455078125
-0.0186634063720703 0.0339984893798828 0.139633178710938 0.0372543334960938
-0.00244951248168945 0.00605630874633789 0.63330078125 -0.565673828125
0.00195240974426269 -0.00376319885253906 0.0235595703125001 -1.001220703125
0.000666618347167969 0.0153264999389648 -0.7200927734375 -0.453369140625
0.0157814025878906 0.0225677490234375 -0.59906005859375 0.24993896484375
0.0204906463623047 -0.000501632690429687 -0.2330322265625 0.454376220703125
0.0190277099609375 -0.02227783203125 0.11224365234375 0.325775146484375
0.00650310516357422 0.0123929977416992 0.251556396484375 0.084075927734375
0.00174140930175781 0.0199108123779297 -0.212860107421875 -0.17889404296875
0.0302085876464844 -0.00886917114257813 0.013824462890625 -0.37115478515625
0.0261459350585938 0.00742721557617188 0.418792724609375 -0.3326416015625
0.0102882385253906 0.03765869140625 0.7581787109375 0.06622314453125
-0.00719356536865235 0.0139083862304687 0.4984130859375 0.74365234375
-0.00519943237304688 -0.0509414672851563 -0.22967529296875 0.93621826171875
0.00606727600097656 0.00652122497558594 -0.512939453125 0.427490234375
0.0232315063476563 0.0296630859375 0.159652709960938 0.0286712646484375
0.0217113494873047 -0.00988388061523437 0.62384033203125 -0.58612060546875
0.00597572326660156 -0.0202064514160156 -0.011474609375 -0.997802734375
-0.00597667694091797 0.00693607330322266 -0.732421875 -0.4244384765625
0.00870704650878906 0.0242786407470703 -0.58856201171875 0.2685546875
0.0175914764404297 0.00262069702148437 -0.220916748046875 0.462005615234375
0.0167732238769531 -0.0172214508056641 0.11669921875 0.3258056640625
0.0068359375 0.0181980133056641 0.253128051757813 0.0817413330078125
0.00229072570800781 0.0252761840820313 -0.211837768554688 -0.18011474609375
0.0288925170898438 -0.00364303588867188 0.01593017578125 -0.36907958984375
0.0201358795166016 0.0121574401855469 0.422393798828125 -0.3310546875
0.00307083129882813 0.0370445251464844 0.7589111328125 0.07574462890625
-0.0105752944946289 0.00334930419921875 0.49237060546875 0.75274658203125
0.00828170776367188 -0.0698394775390625 -0.234619140625 0.9366455078125
0.0429725646972656 -0.00818252563476563 -0.513397216796875 0.41986083984375
0.0671424865722656 0.0214614868164063 0.163528442382812 0.0242156982421875
0.0486221313476563 -0.0276527404785156 0.61859130859375 -0.59149169921875
0.0112152099609375 -0.0384750366210938 -0.0223999023437499 -0.99310302734375
-0.0149297714233398 -0.00167751312255859 -0.73590087890625 -0.41259765625
0.00091552734375 0.0251598358154297 -0.58746337890625 0.28009033203125
0.0146446228027344 0.00851058959960938 -0.21820068359375 0.4678955078125
0.0156211853027344 -0.0109891891479492 0.119293212890625 0.325714111328125
0.0082550048828125 0.0237541198730469 0.253829956054688 0.0811920166015625
0.00417137145996093 0.0294570922851563 -0.212509155273437 -0.177215576171875
0.0270519256591797 0.000848770141601563 0.01300048828125 -0.3675537109375
0.0133523941040039 0.0132255554199219 0.4163818359375 -0.335662841796875
-0.004150390625 0.0361557006835938 0.7567138671875 0.06689453125
-0.0154447555541992 -0.00593376159667968 0.4996337890625 0.74273681640625
0.0189666748046875 -0.085968017578125 -0.22576904296875 0.9376220703125
0.0749588012695313 -0.0235061645507813 -0.51629638671875 0.42694091796875
0.108558654785156 0.0159835815429688 0.147811889648438 0.025390625
0.0767822265625 -0.0431747436523438 0.617431640625 -0.57989501953125
0.0178985595703125 -0.0548439025878906 -0.00531005859374995 -0.9940185546875
-0.0216617584228516 -0.0081634521484375 -0.72991943359375 -0.42449951171875
-0.00820350646972656 0.0289268493652344 -0.5947265625 0.27301025390625
0.0131502151489258 0.0128316879272461 -0.225372314453125 0.465667724609375
0.0155410766601562 -0.00499820709228516 0.11651611328125 0.329803466796875
0.00718307495117187 0.0290374755859375 0.2554931640625 0.08343505859375
0.00418281555175781 0.0340213775634766 -0.215179443359375 -0.173751831054688
0.0242080688476563 0.00265693664550781 0.00311279296874998 -0.3663330078125
0.0115528106689453 0.0159263610839844 0.4024658203125 -0.347991943359375
-0.00912094116210938 0.0355262756347656 0.75189208984375 0.0372314453125
-0.0172338485717773 -0.00991153717041016 0.52783203125 0.71844482421875
0.0238113403320312 -0.0991668701171875 -0.18853759765625 0.94219970703125
0.099090576171875 -0.0369720458984375 -0.518280029296875 0.44775390625
0.1441650390625 0.0092926025390625 0.116676330566406 0.0313720703125
0.100273132324219 -0.0551376342773437 0.62310791015625 -0.558349609375
0.023529052734375 -0.0693321228027344 0.0283813476562501 -0.995849609375
-0.0258846282958984 -0.0159187316894531 -0.7193603515625 -0.457275390625
-0.0134506225585937 0.0292720794677734 -0.61273193359375 0.25311279296875
0.0100994110107422 0.0161228179931641 -0.2435302734375 0.464569091796875
0.0127496719360352 -0.00230884552001953 0.107147216796875 0.33599853515625
0.00855064392089844 0.0301494598388672 0.252517700195313 0.0888519287109375
-0.0017242431640625 0.00728511810302734 -0.236221313476562 -0.143630981445313
0.0279216766357422 -0.0281085968017578 -0.050323486328125 -0.362213134765625
0.0324897766113281 -0.00437164306640625 0.315887451171875 -0.402069091796875
0.036163330078125 0.0390815734863281 0.71295166015625 -0.1185302734375
0.0137710571289062 0.0395164489746094 0.64105224609375 0.565185546875
-0.0289459228515625 -0.00543212890625 -0.0108642578125 0.9505615234375
-0.0541801452636719 0.042999267578125 -0.49957275390625 0.55706787109375
-0.058349609375 0.0431251525878906 0.0114822387695312 0.0853500366210938
-0.0321807861328125 0.0239124298095703 0.66790771484375 -0.45037841796875
-0.00650215148925781 0.0187778472900391 0.21014404296875 -1.00909423828125
0.00757408142089844 0.0281238555908203 -0.6412353515625 -0.6168212890625
0.0280380249023438 0.0276451110839844 -0.65716552734375 0.13104248046875
0.0246353149414062 0.00131797790527344 -0.306304931640625 0.41644287109375
0.0202064514160156 -0.0334548950195313 0.079254150390625 0.339935302734375
0.00958919525146485 0.00359058380126953 0.240478515625 0.100143432617188
-0.00166702270507813 0.00685214996337891 -0.230499267578125 -0.153289794921875
0.0299034118652344 -0.0250473022460938 -0.032379150390625 -0.3673095703125
0.0329265594482422 -0.00239944458007813 0.346649169921875 -0.3857421875
0.0330657958984375 0.0404777526855469 0.73193359375 -0.068115234375
0.0105552673339844 0.0384063720703125 0.60638427734375 0.62005615234375
-0.027252197265625 -0.00795555114746093 -0.0730590820312499 0.949951171875
-0.0581626892089844 0.0431976318359375 -0.503936767578125 0.519866943359375
-0.0624504089355469 0.0443916320800781 0.0595626831054687 0.0671119689941406
-0.0334701538085938 0.0241565704345703 0.6551513671875 -0.49578857421875
-0.00591278076171875 0.0177593231201172 0.1346435546875 -1.01165771484375
0.00893783569335938 0.0277595520019531 -0.675537109375 -0.55096435546875
0.0276966094970703 0.0256671905517578 -0.63641357421875 0.17767333984375
0.0245513916015625 -0.000364303588867187 -0.2762451171875 0.434295654296875
0.0198020935058594 -0.03167724609375 0.09393310546875 0.33465576171875
0.00839614868164063 0.00468873977661133 0.245330810546875 0.0926055908203125
-0.00104141235351562 0.00836515426635742 -0.22723388671875 -0.163360595703125
0.0312328338623047 -0.0201015472412109 -0.01666259765625 -0.37078857421875
0.0329875946044922 8.392333984375E-05 0.372772216796875 -0.36920166015625
0.0272483825683594 0.0407981872558594 0.74554443359375 -0.017578125
0.00543785095214844 0.0338668823242188 0.5684814453125 0.6710205078125
-0.0252494812011719 -0.0179595947265625 -0.13531494140625 0.944580078125
-0.0487403869628906 0.0334968566894531 -0.507080078125 0.479034423828125
-0.0494499206542969 0.0409355163574219 0.106437683105469 0.0513839721679688
-0.0219688415527344 0.0171146392822266 0.64056396484375 -0.5391845703125
-0.00237274169921875 0.00948047637939453 0.0634765625 -1.00640869140625
0.00699043273925781 0.0211830139160156 -0.70751953125 -0.48944091796875
0.0238323211669922 0.0234699249267578 -0.61676025390625 0.22320556640625
0.0231170654296875 -0.00156974792480469 -0.2467041015625 0.44781494140625
0.0187816619873047 -0.0271778106689453 0.10784912109375 0.330108642578125
0.00542306900024414 0.00784444808959961 0.248748779296875 0.0871429443359375
0.00151729583740234 0.0150814056396484 -0.221054077148438 -0.171859741210938
0.0312728881835937 -0.01531982421875 -0.000427246093750021 -0.371490478515625
0.0297603607177734 0.00372695922851563 0.39862060546875 -0.352935791015625
0.0206146240234375 0.0396385192871094 0.753173828125 0.02630615234375
-0.00127983093261719 0.0243396759033203 0.53424072265625 0.71246337890625
-0.0170059204101563 -0.0334453582763672 -0.183349609375 0.9410400390625
-0.0250301361083984 0.0221385955810547 -0.507476806640625 0.45166015625
-0.0172233581542969 0.0351276397705078 0.140762329101563 0.0362701416015625
-0.00192546844482422 0.00550937652587891 0.62567138671875 -0.57513427734375
0.00165128707885742 -0.00428199768066406 0.00830078124999995 -1.0009765625
0.00197982788085938 0.0147695541381836 -0.72735595703125 -0.44354248046875
0.0175399780273437 0.0232200622558594 -0.596923828125 0.25799560546875
0.021209716796875 -0.000347137451171875 -0.225311279296875 0.4583740234375
0.0181865692138672 -0.0237579345703125 0.116424560546875 0.324859619140625
0.00598335266113281 0.0127573013305664 0.254287719726563 0.0799407958984375
0.00320243835449219 0.0202083587646484 -0.216567993164062 -0.175537109375
0.0306644439697266 -0.00934410095214844 0.00775146484375 -0.370513916015625
0.0253486633300781 0.007598876953125 0.41302490234375 -0.340576171875
0.0114173889160156 0.0378456115722656 0.7601318359375 0.05426025390625
-0.00590991973876953 0.0127649307250977 0.51043701171875 0.7381591796875
-0.00579452514648437 -0.0521469116210938 -0.21551513671875 0.93890380859375
0.00733804702758789 0.00727081298828125 -0.5054931640625 0.431610107421875
0.0237789154052734 0.0277614593505859 0.161270141601563 0.02667236328125
0.0220279693603516 -0.0104923248291016 0.61749267578125 -0.59405517578125
0.00590896606445313 -0.0205440521240234 -0.0253295898437499 -0.9998779296875
-0.00611400604248047 0.00684070587158203 -0.7376708984375 -0.41204833984375
0.00976943969726562 0.0227794647216797 -0.586181640625 0.2794189453125
0.0182991027832031 0.00256729125976562 -0.212432861328125 0.4666748046875
0.0166158676147461 -0.0172281265258789 0.1243896484375 0.324066162109375
0.00761795043945313 0.0178108215332031 0.256866455078125 0.07672119140625
0.00506210327148438 0.0256462097167969 -0.214996337890625 -0.175872802734375
0.0290107727050781 -0.00374031066894531 0.010009765625 -0.37005615234375
0.0206069946289063 0.0110740661621094 0.41839599609375 -0.33819580078125
0.00384521484375 0.0360488891601563 0.7606201171875 0.06353759765625
-0.00934791564941406 0.00184059143066406 0.503662109375 0.74371337890625
0.00692367553710938 -0.0693893432617188 -0.22509765625 0.938232421875
0.04327392578125 -0.0081634521484375 -0.50726318359375 0.426055908203125
0.0670738220214844 0.0221977233886719 0.163314819335937 0.0219268798828125
0.0474395751953125 -0.028778076171875 0.609619140625 -0.599853515625
0.0103607177734375 -0.0381507873535156 -0.03717041015625 -0.993896484375
-0.0142965316772461 -0.000910758972167967 -0.74200439453125 -0.4012451171875
0.00194549560546875 0.0259838104248047 -0.58343505859375 0.28802490234375
0.0149078369140625 0.00824260711669922 -0.209564208984375 0.47137451171875
0.0147733688354492 -0.0102167129516602 0.125457763671875 0.324554443359375
0.00845146179199219 0.02349853515625 0.256759643554688 0.077484130859375
0.00596046447753906 0.0308971405029297 -0.215957641601563 -0.173782348632813
0.0268383026123047 -0.000421524047851563 0.00613403320312501 -0.368804931640625
0.0147304534912109 0.0137157440185547 0.41357421875 -0.343780517578125
-0.00393867492675781 0.0340251922607422 0.7568359375 0.054443359375
-0.01422119140625 -0.00588417053222657 0.5133056640625 0.7353515625
0.0165634155273438 -0.0873260498046875 -0.21197509765625 0.94140625
0.0760879516601563 -0.0246353149414063 -0.51031494140625 0.433746337890625
0.110275268554688 0.0135650634765625 0.147140502929688 0.024322509765625
0.0757522583007813 -0.0447921752929687 0.61151123046875 -0.5880126953125
0.0161476135253906 -0.0561370849609375 -0.02191162109375 -0.9957275390625
-0.0212898254394531 -0.00867080688476563 -0.73626708984375 -0.414306640625
-0.00443458557128906 0.029022216796875 -0.59112548828125 0.28179931640625
0.0123796463012695 0.0120143890380859 -0.21856689453125 0.471221923828125
0.0135602951049805 -0.00579929351806641 0.1204833984375 0.328887939453125
0.00928306579589844 0.0278568267822266 0.257293701171875 0.0796051025390625
0.0050811767578125 0.0325927734375 -0.219345092773438 -0.16986083984375
0.0248222351074219 0.00370979309082031 -0.00405883789062504 -0.3670654296875
0.0118646621704102 0.0153360366821289 0.396453857421875 -0.356536865234375
-0.00828170776367188 0.0353240966796875 0.7532958984375 0.02459716796875
-0.0169048309326172 -0.0100374221801758 0.53790283203125 0.70941162109375
0.0206298828125 -0.0994110107421875 -0.17340087890625 0.94464111328125
0.0998382568359375 -0.039306640625 -0.51141357421875 0.4544677734375
0.143936157226563 0.00689697265625 0.117904663085938 0.0312576293945313
0.0998687744140625 -0.0562210083007813 0.61773681640625 -0.56634521484375
0.0225944519042969 -0.0685768127441406 0.0150146484375 -1.00067138671875
-0.0257663726806641 -0.0166587829589844 -0.72540283203125 -0.44989013671875
-0.0122222900390625 0.0289363861083984 -0.60882568359375 0.262451171875
0.00849151611328125 0.0170764923095703 -0.236846923828125 0.46990966796875
0.0137701034545898 -0.0022735595703125 0.11260986328125 0.3363037109375
0.00905609130859375 0.0300960540771484 0.255355834960938 0.084381103515625
-0.000800132751464843 0.00944137573242188 -0.238204956054687 -0.140625
0.025970458984375 -0.0278167724609375 -0.05682373046875 -0.360595703125
0.0316505432128906 -0.00467491149902344 0.309417724609375 -0.408416748046875
0.0371894836425781 0.0385704040527344 0.70965576171875 -0.12982177734375
0.01446533203125 0.0384063720703125 0.64801025390625 0.5537109375
-0.029815673828125 -0.00562667846679687 0.00238037109375004 0.9476318359375
-0.0537834167480469 0.0435752868652344 -0.49163818359375 0.564697265625
-0.0578155517578125 0.0435371398925781 0.0121002197265625 0.083282470703125
-0.032623291015625 0.0250129699707031 0.65936279296875 -0.4566650390625
-0.00656700134277344 0.0187587738037109 0.1964111328125 -1.01055908203125
0.00674057006835938 0.0273609161376953 -0.6488037109375 -0.60723876953125
0.0281505584716797 0.0267868041992187 -0.65557861328125 0.1380615234375
0.0253887176513672 0.00186538696289062 -0.299560546875 0.42291259765625
0.01953125 -0.0335578918457031 0.08734130859375 0.33941650390625
0.00953006744384766 0.00215530395507813 0.242507934570313 0.0962066650390625
-3.76701354980473E-05 0.00845813751220703 -0.235610961914062 -0.150344848632812
0.0291271209716797 -0.0257606506347656 -0.040496826171875 -0.36553955078125
0.0332889556884766 -0.00259590148925781 0.339324951171875 -0.3912353515625
0.0335273742675781 0.0388298034667969 0.728271484375 -0.07965087890625
0.011077880859375 0.0377082824707031 0.6168212890625 0.60888671875
-0.0302791595458984 -0.00722503662109375 -0.05731201171875 0.9473876953125
-0.0569992065429687 0.0429763793945312 -0.496124267578125 0.52374267578125
-0.0625877380371094 0.0447311401367188 0.0612335205078125 0.0671920776367188
-0.0329322814941406 0.0243511199951172 0.6488037109375 -0.50390625
-0.0048828125 0.0183677673339844 0.1220703125 -1.01055908203125
0.00934982299804688 0.0273189544677734 -0.68243408203125 -0.542724609375
0.0277748107910156 0.0248622894287109 -0.6339111328125 0.18914794921875
0.0249061584472656 -0.00162124633789063 -0.269927978515625 0.436920166015625
0.0186176300048828 -0.0314846038818359 0.101348876953125 0.33258056640625
0.00824451446533203 0.00385570526123047 0.2470703125 0.09027099609375
-0.000367164611816406 0.0106973648071289 -0.230438232421875 -0.161163330078125
0.0305461883544922 -0.0214004516601563 -0.02239990234375 -0.370758056640625
0.0321617126464844 -0.000616073608398438 0.36920166015625 -0.37481689453125
0.0279197692871094 0.039215087890625 0.74493408203125 -0.02850341796875
0.0045928955078125 0.032806396484375 0.5767822265625 0.66046142578125
-0.0259532928466797 -0.0174217224121094 -0.1229248046875 0.945556640625
-0.0472488403320313 0.0341377258300781 -0.498870849609375 0.485504150390625
-0.0478172302246094 0.0414695739746094 0.105567932128906 0.0497512817382813
-0.0223331451416016 0.0183582305908203 0.6317138671875 -0.54559326171875
-0.00159263610839844 0.00972747802734375 0.0485229492187499 -1.00592041015625
0.00734519958496093 0.0213565826416016 -0.7135009765625 -0.48138427734375
0.0246772766113281 0.02264404296875 -0.61285400390625 0.2330322265625
0.0230998992919922 -0.00263023376464844 -0.23974609375 0.45233154296875
0.0173568725585937 -0.0286540985107422 0.113189697265625 0.32867431640625
0.00769138336181641 0.00673294067382813 0.250762939453125 0.084686279296875
0.00210189819335937 0.0143375396728516 -0.22528076171875 -0.167160034179687
0.0308551788330078 -0.0157814025878906 -0.00729370117187504 -0.37103271484375
0.0288143157958984 0.00405120849609375 0.393798828125 -0.36029052734375
0.0211601257324219 0.0387039184570313 0.75543212890625 0.014892578125
-0.000259399414062501 0.0225276947021484 0.5445556640625 0.69921875
-0.0179500579833984 -0.032958984375 -0.17095947265625 0.942138671875
-0.0241317749023437 0.0219268798828125 -0.499786376953125 0.45648193359375
-0.0163917541503906 0.0369796752929688 0.140106201171875 0.0355987548828125
-0.0038304328918457 0.00500583648681641 0.6175537109375 -0.58038330078125
0.00144815444946289 -0.00451135635375977 -0.00543212890625 -1.0018310546875
0.00242424011230469 0.0142049789428711 -0.733154296875 -0.43304443359375
0.0172309875488281 0.0205802917480469 -0.59271240234375 0.26824951171875
0.02020263671875 -0.00049591064453125 -0.216888427734375 0.46221923828125
0.0183963775634766 -0.0233707427978516 0.1240234375 0.324188232421875
0.00779247283935547 0.0133838653564453 0.256088256835938 0.0767364501953125
0.00370597839355469 0.0204925537109375 -0.220870971679688 -0.17169189453125
0.0300426483154297 -0.0100421905517578 0.00222778320312498 -0.371063232421875
0.0260429382324219 0.00732040405273438 0.4088134765625 -0.348724365234375
0.0121917724609375 0.036956787109375 0.75921630859375 0.0418701171875
-0.00559234619140625 0.0116777420043945 0.521240234375 0.7265625
-0.00733947753906251 -0.0510826110839844 -0.202392578125 0.9383544921875
0.00838756561279297 0.00713205337524414 -0.50079345703125 0.4375
0.0237255096435547 0.0291652679443359 0.160629272460937 0.0241851806640625
0.0214309692382813 -0.0109424591064453 0.60589599609375 -0.6004638671875
0.00493240356445313 -0.0212650299072266 -0.03863525390625 -0.99591064453125
-0.00640153884887695 0.00636720657348633 -0.7427978515625 -0.40191650390625
0.0107631683349609 0.0223236083984375 -0.58087158203125 0.28704833984375
0.0177745819091797 0.00290489196777344 -0.20611572265625 0.469696044921875
0.0160112380981445 -0.0170488357543945 0.130462646484375 0.322479248046875
0.00940132141113281 0.0172643661499023 0.258010864257813 0.0746002197265625
0.00647163391113281 0.0255718231201172 -0.219390869140625 -0.173004150390625
0.0283889770507813 -0.00431251525878906 0.00292968749999999 -0.36981201171875
0.0183010101318359 0.0112190246582031 0.4129638671875 -0.345123291015625
0.00442886352539062 0.0350608825683594 0.760009765625 0.0516357421875
-0.010188102722168 0.00135040283203125 0.51312255859375 0.73345947265625
0.00527572631835937 -0.0692710876464844 -0.208984375 0.9384765625
0.0423965454101562 -0.0092620849609375 -0.500701904296875 0.43084716796875
0.0670967102050781 0.0204200744628906 0.163238525390625 0.0210113525390625
0.0474205017089844 -0.0296592712402344 0.60076904296875 -0.6070556640625
0.010467529296875 -0.0388603210449219 -0.0501098632812499 -0.99127197265625
-0.0145673751831055 -0.00144100189208984 -0.7470703125 -0.3914794921875
0.00250816345214844 0.0248870849609375 -0.578125 0.2967529296875
0.0150718688964844 0.008026123046875 -0.201812744140625 0.473785400390625
0.0152759552001953 -0.0110359191894531 0.131317138671875 0.324371337890625
0.0101604461669922 0.0241432189941406 0.259414672851563 0.07305908203125
0.00660133361816406 0.0290374755859375 -0.219894409179688 -0.170913696289062
0.0270347595214844 -0.000162124633789063 9.15527343750207E-05 -0.367706298828125
0.0152320861816406 0.0142745971679687 0.4068603515625 -0.35028076171875
-0.00333595275878906 0.0346908569335938 0.75726318359375 0.04156494140625
-0.0145406723022461 -0.00758075714111328 0.52349853515625 0.726318359375
0.0152969360351562 -0.0875625610351563 -0.19793701171875 0.94110107421875
0.075836181640625 -0.0266265869140625 -0.5047607421875 0.43902587890625
0.110275268554688 0.0123825073242188 0.148727416992188 0.021484375
0.07440185546875 -0.044464111328125 0.6014404296875 -0.59625244140625
0.0157241821289063 -0.0546493530273438 -0.0344848632812501 -0.99285888671875
-0.0207347869873047 -0.00869560241699218 -0.74224853515625 -0.4036865234375
-0.0048065185546875 0.0285377502441406 -0.58660888671875 0.29046630859375
0.011474609375 0.0117616653442383 -0.2110595703125 0.4752197265625
0.0132284164428711 -0.00683212280273438 0.127105712890625 0.32769775390625
0.0112400054931641 0.0279541015625 0.259384155273437 0.0754852294921875
0.00777435302734375 0.0335979461669922 -0.222061157226563 -0.165985107421875
0.0244884490966797 0.0023193359375 -0.009552001953125 -0.366790771484375
0.0110530853271484 0.0159740447998047 0.391448974609375 -0.36260986328125
-0.00771903991699219 0.0343647003173828 0.75311279296875 0.010986328125
-0.0179729461669922 -0.0114402770996094 0.5477294921875 0.69989013671875
0.019317626953125 -0.099090576171875 -0.16229248046875 0.94482421875
0.098968505859375 -0.0403594970703125 -0.506439208984375 0.4595947265625
0.145660400390625 0.0064239501953125 0.117889404296875 0.0291824340820313
0.0983200073242188 -0.0570907592773438 0.61065673828125 -0.57366943359375
0.0233345031738281 -0.0701904296875 -0.000915527343749947 -0.99761962890625
-0.0262165069580078 -0.014892578125 -0.73162841796875 -0.4385986328125
-0.0107975006103516 0.0294284820556641 -0.6053466796875 0.26995849609375
0.00927352905273437 0.0159692764282227 -0.229644775390625 0.4732666015625
0.0117168426513672 -0.000940322875976562 0.121063232421875 0.33367919921875
0.0125064849853516 0.0305137634277344 0.25823974609375 0.0803680419921875
0.00103998184204101 0.00859260559082031 -0.240386962890625 -0.137161254882812
0.0256500244140625 -0.0277194976806641 -0.062896728515625 -0.358642578125
0.0314197540283203 -0.00515174865722656 0.303314208984375 -0.411376953125
0.0371475219726562 0.0372276306152344 0.70550537109375 -0.14263916015625
0.0147781372070312 0.0373916625976562 0.65625 0.54034423828125
-0.0301876068115234 -0.00480842590332032 0.0151367187500001 0.94525146484375
-0.0532722473144531 0.0437202453613281 -0.48419189453125 0.56719970703125
-0.0576210021972656 0.044342041015625 0.012054443359375 0.083343505859375
-0.0316677093505859 0.0252113342285156 0.65283203125 -0.4647216796875
-0.0062103271484375 0.0174541473388672 0.1832275390625 -1.010009765625
0.00876808166503906 0.0263729095458984 -0.6556396484375 -0.5963134765625
0.0296306610107422 0.026947021484375 -0.65185546875 0.1480712890625
0.0246162414550781 0.00136756896972656 -0.291473388671875 0.426239013671875
0.0183086395263672 -0.0336360931396484 0.0924072265625 0.33697509765625
0.0103960037231445 0.00326919555664063 0.2449951171875 0.09228515625
0.000961303710937499 0.00948047637939453 -0.237075805664063 -0.146484375
0.027862548828125 -0.0256977081298828 -0.046630859375 -0.363494873046875
0.0329780578613281 -0.00412750244140625 0.33416748046875 -0.3951416015625
0.0352783203125 0.0367240905761719 0.726318359375 -0.09228515625
0.0121955871582031 0.0351982116699219 0.623046875 0.597412109375
-0.030426025390625 -0.00724220275878906 -0.04571533203125 0.94537353515625
-0.0558891296386719 0.0432243347167969 -0.487823486328125 0.528839111328125
-0.0616226196289063 0.0454750061035156 0.0606727600097656 0.0663528442382813
-0.0318717956542969 0.0251884460449219 0.63812255859375 -0.51220703125
-0.00498580932617187 0.0169591903686523 0.10748291015625 -1.01171875
0.00998306274414063 0.0257816314697266 -0.6864013671875 -0.53228759765625
0.0296573638916016 0.0225734710693359 -0.6287841796875 0.1976318359375
0.0235404968261719 -0.00141143798828125 -0.26068115234375 0.44110107421875
0.0183944702148438 -0.0326747894287109 0.107147216796875 0.331695556640625
0.00983047485351563 0.00450611114501953 0.249679565429688 0.0862884521484375
0.00162220001220703 0.0106201171875 -0.234710693359375 -0.155776977539062
0.0301895141601563 -0.0200614929199219 -0.028594970703125 -0.36822509765625
0.0330772399902344 -0.000478744506835938 0.361663818359375 -0.379669189453125
0.030029296875 0.0390510559082031 0.74261474609375 -0.04052734375
0.00565910339355468 0.0308437347412109 0.58526611328125 0.6475830078125
-0.025543212890625 -0.0178394317626953 -0.10821533203125 0.9417724609375
-0.0472488403320313 0.0355873107910156 -0.491485595703125 0.4893798828125
-0.0455207824707031 0.0409049987792969 0.106765747070313 0.0480880737304687
-0.0221710205078125 0.0174732208251953 0.62200927734375 -0.5546875
-0.00246429443359375 0.00875997543334961 0.0347290039062499 -1.0035400390625
0.00722312927246094 0.0203437805175781 -0.71826171875 -0.46881103515625
0.0234794616699219 0.0208473205566406 -0.607421875 0.2388916015625
0.0224018096923828 -0.00315475463867188 -0.23126220703125 0.454681396484375
0.0173320770263672 -0.0293407440185547 0.119384765625 0.3255615234375
0.00832653045654297 0.00711965560913086 0.2542724609375 0.0793609619140625
0.00250720977783203 0.0149621963500977 -0.227569580078125 -0.164703369140625
0.0315799713134766 -0.0157337188720703 -0.013275146484375 -0.369384765625
0.0296726226806641 0.00275993347167969 0.38946533203125 -0.364898681640625
0.0227813720703125 0.036834716796875 0.7525634765625 0.00115966796875
-0.0004730224609375 0.0218009948730469 0.5528564453125 0.6893310546875
-0.0208797454833984 -0.0333042144775391 -0.15704345703125 0.94122314453125
-0.0250682830810547 0.0229148864746094 -0.491455078125 0.46038818359375
-0.0163459777832031 0.03704833984375 0.141937255859375 0.032562255859375
-0.00236177444458008 0.00471735000610352 0.609375 -0.5863037109375
0.00227642059326172 -0.0056157112121582 -0.01898193359375 -0.99713134765625
0.000846862792968751 0.0140495300292969 -0.736572265625 -0.420654296875
0.0184211730957031 0.0204925537109375 -0.5869140625 0.27532958984375
0.0205764770507813 -0.0003204345703125 -0.20953369140625 0.4647216796875
0.017303466796875 -0.0243606567382813 0.13128662109375 0.320709228515625
0.00858592987060547 0.0120792388916016 0.256805419921875 0.0730438232421875
0.00522422790527344 0.0204849243164063 -0.224990844726563 -0.1680908203125
0.0297069549560547 -0.0104484558105469 -0.00558471679687502 -0.369964599609375
0.0241966247558594 0.00698661804199219 0.40118408203125 -0.356048583984375
0.0131072998046875 0.0367698669433594 0.76019287109375 0.0289306640625
-0.00509834289550781 0.0113191604614258 0.52960205078125 0.71490478515625
-0.00821304321289063 -0.0522689819335938 -0.18817138671875 0.93829345703125
0.00802803039550781 0.00789022445678711 -0.49261474609375 0.441375732421875
0.0235843658447266 0.0286121368408203 0.161819458007813 0.0235137939453125
0.0214557647705078 -0.0117835998535156 0.5970458984375 -0.6082763671875
0.00611114501953125 -0.0206279754638672 -0.05169677734375 -0.992431640625
-0.00542402267456055 0.00667285919189453 -0.74627685546875 -0.38897705078125
0.010986328125 0.0216827392578125 -0.57452392578125 0.29583740234375
0.0173330307006836 0.00272178649902344 -0.196563720703125 0.47296142578125
0.0160512924194336 -0.0171661376953125 0.135467529296875 0.31976318359375
0.0110359191894531 0.0185165405273438 0.260513305664063 0.0702972412109375
0.00680160522460937 0.0264396667480469 -0.223297119140625 -0.170791625976563
0.0278224945068359 -0.00545120239257813 -0.00131225585937501 -0.37017822265625
0.0189800262451172 0.0107421875 0.40545654296875 -0.351715087890625
0.00497055053710937 0.0330295562744141 0.76190185546875 0.038818359375
-0.00912666320800781 0.00137615203857422 0.52374267578125 0.72344970703125
0.0042572021484375 -0.069091796875 -0.19671630859375 0.9378662109375
0.0425567626953125 -0.00999069213867188 -0.49530029296875 0.43707275390625
0.0682640075683594 0.019561767578125 0.164352416992188 0.0178680419921875
0.0475311279296875 -0.0292778015136719 0.59259033203125 -0.6138916015625
0.0103492736816406 -0.0400924682617188 -0.0634155273437499 -0.9881591796875
-0.0135307312011719 0.000134468078613284 -0.7506103515625 -0.379638671875
0.00279045104980469 0.025360107421875 -0.5732421875 0.3060302734375
0.0142536163330078 0.00796031951904297 -0.192718505859375 0.474273681640625
0.0147333145141602 -0.0122346878051758 0.138427734375 0.32159423828125
0.0108871459960938 0.0240669250488281 0.261367797851563 0.06866455078125
0.00856208801269531 0.0316810607910156 -0.22186279296875 -0.1693115234375
0.0258941650390625 -0.000436782836914063 -0.00692749023437503 -0.367218017578125
0.0146007537841797 0.0138387680053711 0.40142822265625 -0.357147216796875
-0.00150871276855469 0.0339374542236328 0.75872802734375 0.030029296875
-0.0135507583618164 -0.00811767578125 0.53125 0.713623046875
0.0132293701171875 -0.0877914428710938 -0.18499755859375 0.94140625
0.0740432739257813 -0.025848388671875 -0.49725341796875 0.44329833984375
0.110076904296875 0.0104827880859375 0.14996337890625 0.019989013671875
0.0736465454101563 -0.04644775390625 0.593994140625 -0.6015625
0.01336669921875 -0.0554122924804688 -0.04693603515625 -0.99114990234375
-0.0198478698730469 -0.00897026062011719 -0.74560546875 -0.391845703125
-0.00461578369140625 0.0264263153076172 -0.58050537109375 0.30010986328125
0.0108366012573242 0.0123291015625 -0.202178955078125 0.47674560546875
0.0124921798706055 -0.00641632080078125 0.135162353515625 0.324432373046875
0.0127849578857422 0.0283946990966797 0.260833740234375 0.0719757080078125
0.009002685546875 0.0343303680419922 -0.225814819335937 -0.163177490234375
0.0249824523925781 0.001739501953125 -0.016693115234375 -0.364959716796875
0.0125732421875 0.0168914794921875 0.385528564453125 -0.36883544921875
-0.00690460205078125 0.0339870452880859 0.75140380859375 -0.0020751953125
-0.0182304382324219 -0.0120182037353516 0.5565185546875 0.68963623046875
0.0177841186523438 -0.0993118286132813 -0.1483154296875 0.943359375
0.0985031127929687 -0.0421218872070312 -0.498077392578125 0.465362548828125
0.144729614257813 0.0034942626953125 0.118057250976563 0.0275497436523437
0.0991058349609375 -0.0585708618164063 0.60009765625 -0.5787353515625
0.0220375061035156 -0.0690727233886719 -0.01220703125 -0.994873046875
-0.0258979797363281 -0.0147418975830078 -0.73663330078125 -0.42559814453125
-0.0103607177734375 0.0303726196289063 -0.5980224609375 0.279296875
0.00920486450195313 0.0173749923706055 -0.22039794921875 0.476165771484375
0.0118865966796875 -0.00277328491210937 0.1253662109375 0.33233642578125
0.0139389038085937 0.0299053192138672 0.260223388671875 0.077056884765625
0.00285148620605469 0.00942707061767578 -0.244384765625 -0.133880615234375
0.0258541107177734 -0.0288124084472656 -0.069244384765625 -0.356475830078125
0.0302028656005859 -0.00335693359375 0.295562744140625 -0.41632080078125
0.037567138671875 0.0343589782714844 0.7021484375 -0.1531982421875
0.0152072906494141 0.0347709655761719 0.6600341796875 0.52825927734375
-0.0306320190429687 -0.00418472290039063 0.0285034179687499 0.939453125
-0.0518379211425781 0.0456733703613281 -0.471435546875 0.57061767578125
-0.0567436218261719 0.0452384948730469 0.0133590698242187 0.0838699340820313
-0.0304107666015625 0.0247783660888672 0.6414794921875 -0.47076416015625
-0.00567054748535156 0.0182991027832031 0.16925048828125 -1.0089111328125
0.00856208801269531 0.0268630981445312 -0.6602783203125 -0.5843505859375
0.02978515625 0.0250682830810547 -0.6475830078125 0.155517578125
0.0259113311767578 0.00144767761230469 -0.28460693359375 0.42919921875
0.0175247192382813 -0.0343132019042969 0.099517822265625 0.336395263671875
0.0113525390625 0.001556396484375 0.246963500976563 0.0911407470703125
0.00252437591552734 0.00928974151611328 -0.239364624023438 -0.142745971679688
0.0263767242431641 -0.026397705078125 -0.05291748046875 -0.360931396484375
0.0337467193603516 -0.00386428833007813 0.32696533203125 -0.4012451171875
0.0362167358398438 0.0361557006835938 0.72222900390625 -0.1043701171875
0.0123348236083984 0.0333766937255859 0.62774658203125 0.58233642578125
-0.0304050445556641 -0.00713539123535157 -0.03179931640625 0.9420166015625
-0.0561065673828125 0.0435447692871094 -0.480438232421875 0.533233642578125
-0.0606727600097656 0.04571533203125 0.0620994567871094 0.0663414001464844
-0.0330810546875 0.0252838134765625 0.6287841796875 -0.51727294921875
-0.00497245788574219 0.0181522369384766 0.0928955078124999 -1.00714111328125
0.0106163024902344 0.0258026123046875 -0.69354248046875 -0.51953125
0.0291252136230469 0.0216693878173828 -0.62420654296875 0.20361328125
0.0241127014160156 -0.00150871276855469 -0.25201416015625 0.442901611328125
0.018157958984375 -0.0334606170654297 0.1114501953125 0.32818603515625
0.00995635986328125 0.00361537933349609 0.250503540039062 0.081939697265625
0.00133895874023437 0.0104551315307617 -0.235153198242187 -0.1519775390625
0.0300216674804688 -0.0211696624755859 -0.03521728515625 -0.36602783203125
0.0322341918945313 0.000215530395507813 0.35748291015625 -0.384185791015625
0.0295562744140625 0.0374221801757813 0.7373046875 -0.0535888671875
0.00666999816894531 0.0296669006347656 0.59027099609375 0.63507080078125
-0.0288887023925781 -0.017303466796875 -0.0952758789062501 0.9388427734375
-0.0459060668945313 0.0359725952148437 -0.481353759765625 0.494110107421875
-0.0455360412597656 0.0436363220214844 0.10662841796875 0.0462417602539063
-0.0214252471923828 0.0172977447509766 0.61285400390625 -0.55810546875
-0.00159978866577148 0.00796270370483398 0.0238037109375 -0.99945068359375
0.00837898254394531 0.0214672088623047 -0.72076416015625 -0.45831298828125
0.0251255035400391 0.0194511413574219 -0.59967041015625 0.24749755859375
0.0225238800048828 -0.00261116027832031 -0.223663330078125 0.456298828125
0.0171909332275391 -0.0272064208984375 0.12469482421875 0.323822021484375
0.00797510147094727 0.00747776031494141 0.254653930664063 0.07623291015625
0.00449562072753906 0.0157899856567383 -0.230194091796875 -0.161056518554688
0.0294532775878906 -0.0172348022460938 -0.020965576171875 -0.3692626953125
0.0293693542480469 0.00271224975585938 0.38043212890625 -0.3709716796875
0.0232200622558594 0.0361213684082031 0.75079345703125 -0.0106201171875
0.000490188598632813 0.0216102600097656 0.5599365234375 0.67742919921875
-0.0200366973876953 -0.0335273742675781 -0.144287109375 0.93792724609375
-0.02423095703125 0.0224781036376953 -0.485565185546875 0.46295166015625
-0.0166854858398437 0.0353965759277344 0.140411376953125 0.0318984985351563
-0.00234460830688477 0.00352001190185547 0.5965576171875 -0.590087890625
0.000885486602783203 -0.00530481338500977 -0.0325927734375 -0.99560546875
0.00146293640136719 0.0136623382568359 -0.73773193359375 -0.4090576171875
0.0188789367675781 0.0195903778076172 -0.5809326171875 0.28173828125
0.0205860137939453 -0.000888824462890625 -0.202301025390625 0.466339111328125
0.0159645080566406 -0.0232887268066406 0.1361083984375 0.318878173828125
0.00957012176513672 0.0115327835083008 0.257781982421875 0.0709991455078125
0.0073699951171875 0.0216636657714844 -0.226455688476563 -0.1650390625
0.0300884246826172 -0.0115432739257813 -0.010528564453125 -0.368560791015625
0.0254077911376953 0.00798225402832031 0.39617919921875 -0.35986328125
0.01422119140625 0.0359420776367188 0.75811767578125 0.01531982421875
-0.00570297241210938 0.00905227661132812 0.53887939453125 0.7030029296875
-0.0094757080078125 -0.0508651733398438 -0.17559814453125 0.93450927734375
0.00716543197631836 0.00728321075439453 -0.486083984375 0.44561767578125
0.0244064331054688 0.0275688171386719 0.16058349609375 0.020904541015625
0.0217609405517578 -0.0117969512939453 0.59063720703125 -0.61199951171875
0.00542068481445313 -0.0220489501953125 -0.06463623046875 -0.98822021484375
-0.00459861755371094 0.00552749633789063 -0.74884033203125 -0.38067626953125
0.0114898681640625 0.0218505859375 -0.56817626953125 0.30010986328125
0.0165624618530273 0.00375747680664063 -0.188201904296875 0.473876953125
0.0133914947509766 -0.0190448760986328 0.141845703125 0.316986083984375
0.0108852386474609 0.0175714492797852 0.260177612304688 0.0651092529296875
0.00850486755371094 0.0261974334716797 -0.225494384765625 -0.166748046875
0.0272178649902344 -0.0049285888671875 -0.00939941406249999 -0.36810302734375
0.0208549499511719 0.0109901428222656 0.400482177734375 -0.35797119140625
0.00707054138183594 0.0343074798583984 0.75811767578125 0.02490234375
-0.0103416442871094 -0.00128650665283203 0.53094482421875 0.71368408203125
0.00157165527343749 -0.0697860717773437 -0.18365478515625 0.9351806640625
0.0412483215332031 -0.00986862182617188 -0.486358642578125 0.439544677734375
0.0670547485351562 0.0185775756835937 0.163360595703125 0.016876220703125
0.0475120544433594 -0.0304298400878906 0.5816650390625 -0.616455078125
0.00882339477539062 -0.0397834777832031 -0.0752563476562501 -0.9835205078125
-0.0130100250244141 -0.00117683410644531 -0.75177001953125 -0.36773681640625
0.00511741638183594 0.0241680145263672 -0.56707763671875 0.31317138671875
0.015172004699707 0.00756549835205078 -0.184539794921875 0.47772216796875
0.014643669128418 -0.0119657516479492 0.143798828125 0.317657470703125
0.0124015808105469 0.0220870971679687 0.261520385742188 0.0660247802734375
0.008331298828125 0.0317726135253906 -0.225601196289063 -0.163864135742187
0.0257072448730469 -0.00146484375 -0.0125732421875 -0.365234375
0.0148935317993164 0.0134916305541992 0.39569091796875 -0.3624267578125
-0.00127029418945313 0.0331764221191406 0.75592041015625 0.01470947265625
-0.0136547088623047 -0.00971508026123047 0.5390625 0.7012939453125
0.010284423828125 -0.0866546630859375 -0.172119140625 0.93890380859375
0.0741424560546875 -0.0263137817382813 -0.489532470703125 0.446685791015625
0.110404968261719 0.0089874267578125 0.14825439453125 0.018646240234375
0.0737152099609375 -0.0470123291015625 0.58392333984375 -0.60577392578125
0.0150070190429688 -0.0553474426269531 -0.0599975585937499 -0.984130859375
-0.020294189453125 -0.00866508483886719 -0.7476806640625 -0.38104248046875
-0.00342178344726562 0.0259170532226563 -0.57525634765625 0.3065185546875
0.012115478515625 0.0140600204467773 -0.19451904296875 0.479034423828125
0.0136384963989258 -0.00674915313720703 0.14044189453125 0.322845458984375
0.0135040283203125 0.0269241333007813 0.261566162109375 0.06817626953125
0.0101585388183594 0.0342063903808594 -0.22869873046875 -0.15960693359375
0.0251369476318359 0.00290107727050781 -0.023651123046875 -0.36468505859375
0.0115871429443359 0.0163860321044922 0.37774658203125 -0.3729248046875
-0.00578880310058594 0.0338993072509766 0.74725341796875 -0.0142822265625
-0.0175361633300781 -0.0122127532958984 0.56329345703125 0.67547607421875
0.015228271484375 -0.0998077392578125 -0.13555908203125 0.94091796875
0.0982666015625 -0.0424728393554688 -0.48822021484375 0.46844482421875
0.144241333007813 0.00201416015625 0.117820739746094 0.0267333984375
0.0970230102539063 -0.0601348876953125 0.59002685546875 -0.5836181640625
0.0203170776367188 -0.069580078125 -0.0231933593749999 -0.990966796875
-0.02630615234375 -0.0150356292724609 -0.73760986328125 -0.413818359375
-0.00951957702636719 0.0286235809326172 -0.59368896484375 0.28814697265625
0.0102195739746094 0.0159311294555664 -0.211212158203125 0.47607421875
0.0117940902709961 -0.00238037109375 0.131805419921875 0.328460693359375
0.0138587951660156 0.0287685394287109 0.2607421875 0.0748138427734375
0.00377368927001953 0.0098114013671875 -0.245193481445312 -0.129714965820313
0.0240879058837891 -0.0295200347900391 -0.074676513671875 -0.354644775390625
0.0313529968261719 -0.0047607421875 0.289154052734375 -0.418243408203125
0.0383834838867188 0.0342063903808594 0.69683837890625 -0.162841796875
0.0163726806640625 0.0332927703857422 0.6614990234375 0.5145263671875
-0.0326900482177734 -0.00318145751953125 0.039794921875 0.93328857421875
-0.0505142211914062 0.0438766479492188 -0.46392822265625 0.571533203125
-0.05596923828125 0.045379638671875 0.012451171875 0.0834426879882813
-0.0310268402099609 0.0247097015380859 0.632080078125 -0.4737548828125
-0.00612258911132812 0.01849365234375 0.15509033203125 -1.006103515625
0.00931930541992188 0.0265369415283203 -0.6640625 -0.573974609375
0.0303421020507813 0.0235710144042969 -0.64239501953125 0.1644287109375
0.0238914489746094 0.000608444213867188 -0.27783203125 0.43115234375
0.0162906646728516 -0.0330677032470703 0.105255126953125 0.332733154296875
0.0121297836303711 0.00204086303710937 0.247634887695313 0.0869293212890625
0.00435638427734375 0.0101079940795898 -0.241226196289063 -0.140823364257812
0.0264530181884766 -0.0262508392333984 -0.0587158203125 -0.359954833984375
0.0325222015380859 -0.00327110290527344 0.32073974609375 -0.4041748046875
0.0369796752929688 0.0356330871582031 0.719482421875 -0.1153564453125
0.0113792419433594 0.0322761535644531 0.6331787109375 0.568603515625
-0.0323886871337891 -0.00722312927246094 -0.0211791992187499 0.9359130859375
-0.0561447143554687 0.0443115234375 -0.4703369140625 0.535888671875
-0.0584526062011719 0.0467491149902344 0.0613479614257812 0.0651016235351563
-0.0325241088867187 0.0257911682128906 0.61773681640625 -0.5201416015625
-0.00440216064453125 0.0183353424072266 0.08135986328125 -1.0047607421875
0.0102558135986328 0.0247688293457031 -0.69573974609375 -0.50799560546875
0.0301761627197266 0.02093505859375 -0.619140625 0.2105712890625
0.0248737335205078 -0.00234222412109375 -0.246002197265625 0.445648193359375
0.0157508850097656 -0.0320796966552734 0.11737060546875 0.326019287109375
0.0111446380615234 0.00302696228027344 0.251632690429688 0.080108642578125
0.00481510162353516 0.0110654830932617 -0.237945556640625 -0.149322509765625
0.0287590026855469 -0.021636962890625 -0.04022216796875 -0.3641357421875
0.0320396423339844 -0.00136756896972656 0.348846435546875 -0.38873291015625
0.0311813354492188 0.0365180969238281 0.7349853515625 -0.0643310546875
0.00692176818847656 0.0290813446044922 0.59722900390625 0.625244140625
-0.0278205871582031 -0.0160903930664063 -0.0832519531249999 0.93438720703125
-0.0466651916503906 0.03558349609375 -0.4752197265625 0.49658203125
-0.0456771850585938 0.0427131652832031 0.105903625488281 0.0457763671875
-0.021148681640625 0.0176258087158203 0.6044921875 -0.5609130859375
-0.00224494934082031 0.00818681716918945 0.00927734374999991 -0.99609375
0.00783157348632813 0.0197944641113281 -0.72332763671875 -0.44622802734375
0.0250377655029297 0.0203323364257813 -0.59442138671875 0.25457763671875
0.0211811065673828 -0.00295639038085938 -0.215423583984375 0.457489013671875
0.0160675048828125 -0.0305137634277344 0.13031005859375 0.320037841796875
0.00936412811279297 0.00656795501708984 0.254913330078125 0.073699951171875
0.006134033203125 0.0160379409790039 -0.233749389648437 -0.157440185546875
0.0292949676513672 -0.0167255401611328 -0.026641845703125 -0.36602783203125
0.0304431915283203 0.00312423706054688 0.3741455078125 -0.37481689453125
0.0242824554443359 0.0350723266601563 0.746337890625 -0.0218505859375
0.000976562499999999 0.0191745758056641 0.56512451171875 0.664306640625
-0.0215816497802734 -0.0323982238769531 -0.13177490234375 0.93310546875
-0.0235614776611328 0.0219326019287109 -0.477325439453125 0.466583251953125
-0.0150337219238281 0.0375442504882813 0.139678955078125 0.0299835205078125
-0.00257253646850586 0.0048375129699707 0.58892822265625 -0.59698486328125
0.000859260559082032 -0.00408101081848145 -0.042236328125 -0.9892578125
0.00300979614257812 0.0127687454223633 -0.7384033203125 -0.39752197265625
0.0196666717529297 0.0188140869140625 -0.57342529296875 0.28741455078125
0.0201282501220703 -0.00174903869628906 -0.192718505859375 0.466644287109375
0.0149440765380859 -0.0244503021240234 0.14056396484375 0.315704345703125
0.00935745239257813 0.0112781524658203 0.259231567382812 0.065887451171875
0.00873565673828125 0.0206184387207031 -0.228271484375 -0.162139892578125
0.0285987854003906 -0.00985145568847656 -0.0167236328125 -0.36737060546875
0.0250568389892578 0.00789642333984375 0.38916015625 -0.365478515625
0.0153999328613281 0.0343189239501953 0.75323486328125 0.00537109375
-0.00552940368652344 0.00932025909423828 0.54443359375 0.69122314453125
-0.0113983154296875 -0.0488204956054688 -0.16259765625 0.931884765625
0.00822925567626953 0.00608730316162109 -0.47784423828125 0.446929931640625
0.0248050689697266 0.0276336669921875 0.159164428710938 0.0186004638671875
0.0204181671142578 -0.0129241943359375 0.57843017578125 -0.61480712890625
0.00384330749511719 -0.0217208862304688 -0.0765380859374999 -0.98046875
-0.00516080856323242 0.00529003143310547 -0.750244140625 -0.36865234375
0.0125274658203125 0.0207881927490234 -0.561187744140625 0.30853271484375
0.0175085067749023 0.00310516357421875 -0.181854248046875 0.4742431640625
0.0138912200927734 -0.0176315307617188 0.146575927734375 0.3126220703125
0.0118627548217773 0.017120361328125 0.262588500976563 0.062835693359375
0.010711669921875 0.0253543853759766 -0.227508544921875 -0.163726806640625
0.0276317596435547 -0.004119873046875 -0.015350341796875 -0.366058349609375
0.0194187164306641 0.0118675231933594 0.392791748046875 -0.36273193359375
0.00626182556152343 0.0325183868408203 0.75592041015625 0.01409912109375
-0.0105485916137695 -0.00101089477539063 0.537109375 0.69964599609375
0.00111007690429687 -0.0683631896972656 -0.17193603515625 0.93316650390625
0.042694091796875 -0.0109443664550781 -0.47882080078125 0.443023681640625
0.06805419921875 0.0179367065429688 0.161178588867188 0.014556884765625
0.0459136962890625 -0.0300865173339844 0.5714111328125 -0.62158203125
0.00782012939453125 -0.038787841796875 -0.08685302734375 -0.977294921875
-0.0136222839355469 -0.00177574157714844 -0.7537841796875 -0.3564453125
0.00364494323730469 0.0231952667236328 -0.559967041015625 0.319000244140625
0.0150470733642578 0.00771141052246094 -0.17919921875 0.47796630859375
0.0135679244995117 -0.0119314193725586 0.149261474609375 0.31488037109375
0.0127201080322266 0.0219936370849609 0.262466430664063 0.0610198974609375
0.0120525360107422 0.0308818817138672 -0.228546142578125 -0.1614990234375
0.0261669158935547 0.000314712524414063 -0.0189208984375 -0.364013671875
0.0151348114013672 0.0141973495483398 0.3883056640625 -0.366058349609375
-6.29425048828126E-05 0.0322589874267578 0.7529296875 0.00469970703125
-0.0147066116333008 -0.00940132141113281 0.54376220703125 0.69036865234375
0.009613037109375 -0.0856704711914063 -0.1591796875 0.93438720703125
0.0741958618164063 -0.0276031494140625 -0.4810791015625 0.45013427734375
0.109489440917969 0.0096893310546875 0.146621704101562 0.0168304443359375
0.0724258422851563 -0.0481719970703125 0.57318115234375 -0.6107177734375
0.0122756958007813 -0.05450439453125 -0.0706787109375 -0.979736328125
-0.0212764739990234 -0.00898361206054687 -0.74822998046875 -0.3697509765625
-0.00303459167480469 0.0253372192382813 -0.568115234375 0.31317138671875
0.0124711990356445 0.0118350982666016 -0.186553955078125 0.47955322265625
0.0133686065673828 -0.00676441192626953 0.144317626953125 0.319244384765625
0.0157413482666016 0.02630615234375 0.263351440429687 0.06488037109375
0.0124092102050781 0.0343132019042969 -0.229995727539063 -0.155197143554687
0.0243415832519531 0.00299835205078125 -0.029052734375 -0.361572265625
0.0123071670532227 0.0164518356323242 0.369720458984375 -0.377655029296875
-0.00374412536621094 0.0327720642089844 0.7435302734375 -0.02520751953125
-0.0183258056640625 -0.0135383605957031 0.56866455078125 0.6651611328125
0.0126113891601563 -0.097442626953125 -0.12359619140625 0.93670654296875
0.097015380859375 -0.0424423217773438 -0.482635498046875 0.4720458984375
0.143386840820313 0.0014190673828125 0.116981506347656 0.0262603759765625
0.095733642578125 -0.0611724853515625 0.57958984375 -0.5869140625
0.0193023681640625 -0.0681991577148438 -0.0349121093749999 -0.9859619140625
-0.0266494750976563 -0.0149421691894531 -0.74005126953125 -0.402587890625
-0.00840187072753906 0.0275955200195313 -0.5849609375 0.29339599609375
0.00980758666992187 0.0153837203979492 -0.20367431640625 0.4764404296875
0.0116586685180664 -0.00355625152587891 0.137420654296875 0.32666015625
0.0147151947021484 0.0299072265625 0.261367797851563 0.07073974609375
0.00493526458740234 0.00987815856933594 -0.246490478515625 -0.125701904296875
0.023162841796875 -0.0284442901611328 -0.079345703125 -0.35186767578125
0.0320167541503906 -0.00515174865722656 0.283721923828125 -0.420867919921875
0.0399360656738281 0.0329666137695312 0.6915283203125 -0.171142578125
0.0159721374511719 0.0313720703125 0.6646728515625 0.5023193359375
-0.0319252014160156 -0.00312042236328125 0.0491943359374999 0.9244384765625
-0.0498695373535156 0.0449905395507813 -0.454833984375 0.57293701171875
-0.0549697875976563 0.0463371276855469 0.0150146484375 0.0820159912109375
-0.0307712554931641 0.0259685516357422 0.62420654296875 -0.4774169921875
-0.00553703308105469 0.0183773040771484 0.14501953125 -1.00115966796875
0.00979804992675781 0.0259456634521484 -0.666748046875 -0.56396484375
0.0309734344482422 0.0238819122314453 -0.6365966796875 0.16986083984375
0.0246677398681641 0.00122261047363281 -0.269805908203125 0.432708740234375
0.0157756805419922 -0.0331783294677734 0.109466552734375 0.329010009765625
0.0131711959838867 0.00120162963867188 0.249404907226563 0.0839691162109375
0.00590324401855469 0.0104961395263672 -0.243179321289062 -0.135055541992187
0.0261878967285156 -0.0268688201904297 -0.0615234375 -0.356842041015625
0.0331859588623047 -0.00336837768554687 0.313232421875 -0.40728759765625
0.0375709533691406 0.0336456298828125 0.71185302734375 -0.12103271484375
0.0116920471191406 0.0325431823730469 0.635986328125 0.5594482421875
-0.0335025787353516 -0.00514030456542969 -0.0109863281250001 0.928466796875
-0.0551910400390625 0.04510498046875 -0.46185302734375 0.53497314453125
-0.0583457946777344 0.0475006103515625 0.0614547729492187 0.0629348754882813
-0.0308837890625 0.0263595581054688 0.6099853515625 -0.52362060546875
-0.00324249267578125 0.0178737640380859 0.0704345703125001 -0.99810791015625
0.0117874145507813 0.0241165161132813 -0.69708251953125 -0.499267578125
0.0305271148681641 0.0206165313720703 -0.6123046875 0.21856689453125
0.0233001708984375 -0.00144386291503906 -0.237884521484375 0.445098876953125
0.015655517578125 -0.0321502685546875 0.1220703125 0.324005126953125
0.0111312866210938 0.00269603729248047 0.252166748046875 0.076263427734375
0.00526905059814453 0.0118646621704102 -0.240158081054688 -0.145462036132812
0.0292778015136719 -0.0215110778808594 -0.04547119140625 -0.362030029296875
0.0320453643798828 -0.000974655151367188 0.34259033203125 -0.391845703125
0.0319232940673828 0.0346889495849609 0.72955322265625 -0.07293701171875
0.00635337829589843 0.0278072357177734 0.59930419921875 0.61016845703125
-0.0317897796630859 -0.0159530639648438 -0.0739135742187499 0.927978515625
-0.0458602905273438 0.03668212890625 -0.46630859375 0.49688720703125
-0.0450706481933594 0.0437850952148438 0.105659484863281 0.0437545776367188
-0.0213451385498047 0.0173187255859375 0.59423828125 -0.56463623046875
-0.0022730827331543 0.00841999053955078 0.000915527343749973 -0.9886474609375
0.00839996337890625 0.0190238952636719 -0.7236328125 -0.435791015625
0.0258426666259766 0.0182781219482422 -0.58734130859375 0.25946044921875
0.0216217041015625 -0.00359535217285156 -0.209197998046875 0.457427978515625
0.0141620635986328 -0.0292453765869141 0.13531494140625 0.31768798828125
0.0109643936157227 0.00532913208007813 0.255416870117188 0.06866455078125
0.00749969482421875 0.0157184600830078 -0.234954833984375 -0.153717041015625
0.0279521942138672 -0.0168075561523437 -0.031585693359375 -0.36480712890625
0.0299930572509766 0.00282859802246094 0.367706298828125 -0.378570556640625
0.0235919952392578 0.0342464447021484 0.74298095703125 -0.03076171875
0.00090789794921875 0.0179004669189453 0.5687255859375 0.655029296875
-0.0229129791259766 -0.0316848754882813 -0.12152099609375 0.928955078125
-0.023681640625 0.0236339569091797 -0.467742919921875 0.468780517578125
-0.0138130187988281 0.0359992980957031 0.13922119140625 0.0282440185546875
-0.00211858749389648 0.00572109222412109 0.5782470703125 -0.59698486328125
0.000877857208251953 -0.00603580474853516 -0.054443359375 -0.98150634765625
0.00205421447753906 0.0120391845703125 -0.74114990234375 -0.3865966796875
0.0203495025634766 0.0184955596923828 -0.56817626953125 0.29339599609375
0.02008056640625 -0.00165176391601563 -0.186920166015625 0.468231201171875
0.0147743225097656 -0.0244522094726562 0.14581298828125 0.31292724609375
0.0111541748046875 0.0107498168945313 0.259780883789063 0.06317138671875
0.0100784301757812 0.0202789306640625 -0.231552124023437 -0.158584594726562
0.0292110443115234 -0.0114727020263672 -0.022705078125 -0.36407470703125
0.02618408203125 0.00660896301269531 0.383514404296875 -0.368499755859375
0.0157070159912109 0.0331363677978516 0.7493896484375 -0.00677490234375
-0.00528573989868164 0.00835657119750977 0.5474853515625 0.6800537109375
-0.0123786926269531 -0.0493354797363281 -0.15277099609375 0.92706298828125
0.00818395614624023 0.00702333450317383 -0.470855712890625 0.451141357421875
0.0250091552734375 0.0274620056152344 0.158447265625 0.0177154541015625
0.0200767517089844 -0.0118675231933594 0.5679931640625 -0.61767578125
0.00492477416992187 -0.0206527709960938 -0.08489990234375 -0.97467041015625
-0.00510549545288086 0.0054469108581543 -0.74932861328125 -0.35650634765625
0.0141525268554687 0.0197162628173828 -0.556060791015625 0.31390380859375
0.0177516937255859 0.002197265625 -0.173248291015625 0.47540283203125
0.0140285491943359 -0.0180301666259766 0.1512451171875 0.3094482421875
0.012141227722168 0.0165119171142578 0.262680053710938 0.0594940185546875
0.0115528106689453 0.0259799957275391 -0.229446411132813 -0.159622192382812
0.026824951171875 -0.00495529174804688 -0.020233154296875 -0.36444091796875
0.0205345153808594 0.0105171203613281 0.386932373046875 -0.36663818359375
0.00806808471679688 0.0317935943603516 0.75 0.00225830078125
-0.009857177734375 -0.00194549560546875 0.54150390625 0.68804931640625
-0.00128173828125 -0.0683174133300781 -0.1591796875 0.9287109375
0.042083740234375 -0.0111961364746094 -0.469635009765625 0.446136474609375
0.0678787231445313 0.0166015625 0.160797119140625 0.0138702392578125
0.0460853576660156 -0.0309257507324219 0.56097412109375 -0.62298583984375
0.00722503662109375 -0.0390129089355469 -0.0963134765625 -0.971435546875
-0.0142230987548828 -0.00168514251708984 -0.7518310546875 -0.344482421875
0.00528526306152344 0.0228042602539063 -0.553070068359375 0.3243408203125
0.0147161483764648 0.0072021484375 -0.170166015625 0.47784423828125
0.0130414962768555 -0.0120162963867188 0.152313232421875 0.31109619140625
0.013885498046875 0.0226554870605469 0.263259887695313 0.058685302734375
0.0128498077392578 0.0307636260986328 -0.22955322265625 -0.157669067382813
0.027252197265625 -0.000675201416015625 -0.023712158203125 -0.361785888671875
0.0161209106445312 0.0146617889404297 0.379669189453125 -0.370452880859375
0.00281524658203125 0.0325946807861328 0.749755859375 -0.0074462890625
-0.014277458190918 -0.00935935974121093 0.54913330078125 0.6776123046875
0.0078582763671875 -0.0854339599609375 -0.14959716796875 0.929931640625
0.07232666015625 -0.028167724609375 -0.473846435546875 0.452392578125
0.108360290527344 0.006591796875 0.14581298828125 0.014617919921875
0.0715789794921875 -0.0479888916015625 0.5626220703125 -0.6104736328125
0.0127906799316406 -0.0551795959472656 -0.0794677734374999 -0.97509765625
-0.0224399566650391 -0.00789451599121094 -0.7481689453125 -0.35809326171875
-0.00164985656738281 0.0250930786132813 -0.561431884765625 0.3172607421875
0.0117349624633789 0.0115032196044922 -0.178802490234375 0.4788818359375
0.012547492980957 -0.00658226013183594 0.151092529296875 0.315887451171875
0.0147571563720703 0.0259208679199219 0.264129638671875 0.0620880126953125
0.0135612487792969 0.0336132049560547 -0.232147216796875 -0.152862548828125
0.0252246856689453 0.00281143188476563 -0.03369140625 -0.359893798828125
0.0123414993286133 0.0167913436889648 0.363800048828125 -0.38153076171875
-0.00391578674316407 0.0318431854248047 0.73956298828125 -0.0343017578125
-0.0183258056640625 -0.0143260955810547 0.57257080078125 0.653076171875
0.0115966796875 -0.0980224609375 -0.11297607421875 0.9310302734375
0.0963897705078125 -0.0442657470703125 -0.47393798828125 0.473846435546875
0.142318725585938 -0.0005340576171875 0.116996765136719 0.0249481201171875
0.0948410034179688 -0.0611953735351563 0.57122802734375 -0.5887451171875
0.01763916015625 -0.0691108703613281 -0.04473876953125 -0.97930908203125
-0.0259857177734375 -0.0134105682373047 -0.7386474609375 -0.39178466796875
-0.0074920654296875 0.0277347564697266 -0.5791015625 0.3001708984375
0.0107583999633789 0.0154829025268555 -0.19683837890625 0.476715087890625
0.0122585296630859 -0.00323677062988281 0.1419677734375 0.3231201171875
0.0163364410400391 0.0292243957519531 0.263092041015625 0.0677642822265625
0.00727176666259766 0.0110378265380859 -0.246612548828125 -0.122543334960938
0.0225677490234375 -0.0280647277832031 -0.083251953125 -0.346435546875
0.0312957763671875 -0.00445556640625 0.27587890625 -0.421295166015625
0.0401763916015625 0.0320358276367187 0.68450927734375 -0.1795654296875
0.0166873931884766 0.0313282012939453 0.66314697265625 0.49072265625
-0.0329551696777344 -0.00256729125976563 0.0555419921874999 0.9168701171875
-0.048980712890625 0.0451850891113281 -0.4454345703125 0.57373046875
-0.0533027648925781 0.0460548400878906 0.01416015625 0.0815658569335938
-0.0305404663085938 0.0260124206542969 0.61260986328125 -0.48114013671875
-0.00596237182617188 0.019287109375 0.1351318359375 -0.9945068359375
0.00963401794433594 0.0248451232910156 -0.6680908203125 -0.5538330078125
0.0310173034667969 0.0220165252685547 -0.6307373046875 0.17572021484375
0.0237941741943359 -0.000505447387695313 -0.26275634765625 0.431854248046875
0.0138187408447266 -0.0339298248291016 0.112701416015625 0.32598876953125
0.0129909515380859 1.71661376953125E-05 0.249404907226563 0.0807342529296875
0.00639820098876953 0.0100412368774414 -0.2421875 -0.133056640625
0.0270481109619141 -0.0265617370605469 -0.0672607421875 -0.35406494140625
0.0340518951416016 -0.00382232666015625 0.305419921875 -0.407562255859375
0.0366630554199219 0.0334548950195313 0.70501708984375 -0.13153076171875
0.0116939544677734 0.029388427734375 0.63629150390625 0.5450439453125
-0.0347480773925781 -0.00507926940917968 -0.00213623046874995 0.92071533203125
-0.0526161193847656 0.0437469482421875 -0.454193115234375 0.53594970703125
-0.0579032897949219 0.0479850769042969 0.0614585876464844 0.06268310546875
-0.0330085754394531 0.0268764495849609 0.60125732421875 -0.5235595703125
-0.00572872161865234 0.0165586471557617 0.0616455078125001 -0.99163818359375
0.0112495422363281 0.0229454040527344 -0.69622802734375 -0.48724365234375
0.0304908752441406 0.0190467834472656 -0.60809326171875 0.22174072265625
0.0238246917724609 -0.00264167785644531 -0.23040771484375 0.4444580078125
0.0147266387939453 -0.0327091217041016 0.126373291015625 0.319183349609375
0.0124263763427734 0.00238704681396484 0.251937866210937 0.073699951171875
0.00587940216064453 0.0115785598754883 -0.240737915039063 -0.142898559570312
0.0280647277832031 -0.0213584899902344 -0.05084228515625 -0.35845947265625
0.0314083099365234 -0.000459671020507813 0.336334228515625 -0.39349365234375
0.0324287414550781 0.0330429077148438 0.72265625 -0.08135986328125
0.0068511962890625 0.0264434814453125 0.60028076171875 0.5992431640625
-0.0305404663085938 -0.0147781372070313 -0.0651245117187501 0.9205322265625
-0.0449905395507813 0.0366134643554688 -0.458038330078125 0.49822998046875
-0.0438308715820313 0.0442581176757813 0.104904174804687 0.0419998168945312
-0.0210742950439453 0.0178165435791016 0.5823974609375 -0.56573486328125
-0.00158596038818359 0.00946998596191406 -0.00848388671874991 -0.9825439453125
0.00883102416992187 0.0188083648681641 -0.72308349609375 -0.4244384765625
0.0268707275390625 0.0173072814941406 -0.58251953125 0.26361083984375
0.0215950012207031 -0.0034027099609375 -0.203033447265625 0.45672607421875
0.0146465301513672 -0.0294666290283203 0.139404296875 0.314208984375
0.0106096267700195 0.00610637664794922 0.257171630859375 0.0672760009765625
0.00763893127441406 0.0143823623657227 -0.23565673828125 -0.149459838867188
0.0269489288330078 -0.0166473388671875 -0.03607177734375 -0.361480712890625
0.0295543670654297 0.00403976440429687 0.360595703125 -0.38067626953125
0.0249996185302734 0.0323467254638672 0.73907470703125 -0.041748046875
-4.76837158203145E-05 0.0183734893798828 0.57061767578125 0.64337158203125
-0.0238666534423828 -0.0308170318603516 -0.112548828125 0.92144775390625
-0.0236358642578125 0.0218601226806641 -0.460357666015625 0.466583251953125
-0.0135955810546875 0.0368270874023438 0.138893127441406 0.0285797119140625
-0.00313758850097656 0.00558614730834961 0.5689697265625 -0.59808349609375
0.00130891799926758 -0.00540304183959961 -0.05926513671875 -0.97308349609375
0.00333309173583984 0.0123062133789062 -0.740234375 -0.376220703125
0.0214519500732422 0.0168113708496094 -0.56231689453125 0.295928955078125
0.0201244354248047 -0.00078582763671875 -0.1783447265625 0.46600341796875
0.0134792327880859 -0.0233840942382813 0.149261474609375 0.308502197265625
0.0121221542358398 0.0102109909057617 0.258895874023438 0.0597076416015625
0.0103969573974609 0.0207920074462891 -0.231521606445312 -0.155670166015625
0.0283222198486328 -0.0107059478759766 -0.0277099609375 -0.361419677734375
0.0262279510498047 0.00767898559570312 0.374542236328125 -0.371063232421875
0.0157623291015625 0.0318584442138672 0.743408203125 -0.01483154296875
-0.00577116012573242 0.00702857971191406 0.55072021484375 0.6669921875
-0.0146141052246094 -0.0483970642089844 -0.1436767578125 0.921875
0.00688934326171875 0.00590372085571289 -0.46148681640625 0.45147705078125
0.0262584686279297 0.02642822265625 0.156906127929688 0.0162506103515625
0.0197696685791016 -0.0132102966308594 0.557373046875 -0.61773681640625
0.00241279602050781 -0.0207424163818359 -0.0936889648437501 -0.9661865234375
-0.0042877197265625 0.00516939163208008 -0.74639892578125 -0.34747314453125
0.0137004852294922 0.01934814453125 -0.549072265625 0.3177490234375
0.0170354843139648 0.00270843505859375 -0.166259765625 0.47222900390625
0.0129737854003906 -0.01873779296875 0.15484619140625 0.307098388671875
0.0131330490112305 0.0170202255249023 0.262954711914063 0.055694580078125
0.0127162933349609 0.0266246795654297 -0.230514526367187 -0.156600952148438
0.0267829895019531 -0.00516128540039063 -0.025543212890625 -0.36090087890625
0.0202198028564453 0.0105018615722656 0.38079833984375 -0.368377685546875
0.00862312316894531 0.0314292907714844 0.745849609375 -0.00714111328125
-0.0110588073730469 -0.00310993194580078 0.54473876953125 0.67431640625
-0.00126266479492188 -0.066925048828125 -0.15191650390625 0.91986083984375
0.040435791015625 -0.0106010437011719 -0.462738037109375 0.44451904296875
0.0674972534179688 0.0172653198242188 0.160232543945313 0.01153564453125
0.0445938110351563 -0.030731201171875 0.55224609375 -0.6214599609375
0.00716400146484375 -0.0385589599609375 -0.10614013671875 -0.9632568359375
-0.013641357421875 -0.00174522399902343 -0.75 -0.3355712890625
0.00651168823242188 0.0224075317382813 -0.5450439453125 0.3258056640625
0.0148763656616211 0.00689506530761719 -0.16339111328125 0.475616455078125
0.0123786926269531 -0.0124034881591797 0.1568603515625 0.30792236328125
0.0145950317382813 0.0212478637695313 0.26251220703125 0.056060791015625
0.0132904052734375 0.0294322967529297 -0.231658935546875 -0.153411865234375
0.025665283203125 -3.0517578125E-05 -0.0283203125 -0.35955810546875
0.016265869140625 0.014866828918457 0.374664306640625 -0.37237548828125
0.00103569030761719 0.0305538177490234 0.74053955078125 -0.01617431640625
-0.0144367218017578 -0.0110139846801758 0.55194091796875 0.6678466796875
0.00609588623046874 -0.0846405029296875 -0.14093017578125 0.92266845703125
0.0727767944335938 -0.0279998779296875 -0.466094970703125 0.451416015625
0.107612609863281 0.00682830810546875 0.145721435546875 0.013702392578125
0.0717010498046875 -0.04925537109375 0.5546875 -0.612060546875
0.0104827880859375 -0.0554122924804688 -0.0894165039062501 -0.96295166015625
-0.0207328796386719 -0.00890159606933594 -0.7470703125 -0.3486328125
-0.000997543334960936 0.0242710113525391 -0.55377197265625 0.31982421875
0.0126962661743164 0.0109119415283203 -0.173248291015625 0.478118896484375
0.012242317199707 -0.00734329223632813 0.15399169921875 0.312774658203125
0.0164852142333984 0.02545166015625 0.264968872070313 0.05828857421875
0.0143508911132813 0.0323944091796875 -0.233566284179688 -0.149551391601562
0.0245876312255859 0.00150680541992187 -0.038818359375 -0.357177734375
0.012385368347168 0.0166835784912109 0.356292724609375 -0.382080078125
-0.00369071960449219 0.0324306488037109 0.73284912109375 -0.0450439453125
-0.01812744140625 -0.0138149261474609 0.57611083984375 0.64007568359375
0.00982666015625001 -0.0955429077148438 -0.10101318359375 0.92596435546875
0.0944290161132813 -0.0444717407226563 -0.46728515625 0.47235107421875
0.141525268554688 -0.0009002685546875 0.11578369140625 0.0239791870117188
0.093994140625 -0.0614776611328125 0.5609130859375 -0.589111328125
0.0177459716796875 -0.0678329467773438 -0.05389404296875 -0.969970703125
-0.0275783538818359 -0.0149726867675781 -0.73846435546875 -0.3818359375
-0.0068206787109375 0.0270156860351563 -0.5716552734375 0.30255126953125
0.0112247467041016 0.0154504776000977 -0.18841552734375 0.4765625
0.0112600326538086 -0.00441360473632813 0.145782470703125 0.32000732421875
0.0173282623291016 0.0286827087402344 0.261581420898438 0.0643310546875
0.00826930999755859 0.00982379913330078 -0.246078491210938 -0.118682861328125
0.023651123046875 -0.0285987854003906 -0.0877685546875 -0.3424072265625
0.0314750671386719 -0.00517654418945313 0.270904541015625 -0.4200439453125
0.0404510498046875 0.0310554504394531 0.67755126953125 -0.18511962890625
0.0149497985839844 0.0289726257324219 0.6630859375 0.47796630859375
-0.0329608917236328 -0.00203704833984376 0.0638427734375001 0.908935546875
-0.0482864379882813 0.0453758239746094 -0.439697265625 0.57061767578125
-0.0545692443847656 0.0470809936523438 0.0150833129882813 0.0827407836914063
-0.0282325744628906 0.0249404907226562 0.60540771484375 -0.480224609375
-0.00538444519042969 0.0179653167724609 0.1265869140625 -0.98883056640625
0.0103950500488281 0.0234565734863281 -0.6671142578125 -0.54400634765625
0.0310153961181641 0.020294189453125 -0.62518310546875 0.1812744140625
0.0243377685546875 8.20159912109375E-05 -0.255340576171875 0.432525634765625
0.0134429931640625 -0.0336475372314453 0.11700439453125 0.3238525390625
0.0133762359619141 0.000950813293457031 0.249267578125 0.078094482421875
0.00800895690917969 0.00929832458496094 -0.24310302734375 -0.128631591796875
0.0255546569824219 -0.0259590148925781 -0.06976318359375 -0.34893798828125
0.0336856842041016 -0.00282478332519531 0.30072021484375 -0.40972900390625
0.038604736328125 0.0313072204589844 0.7005615234375 -0.1380615234375
0.0122604370117187 0.029266357421875 0.6365966796875 0.53326416015625
-0.0336208343505859 -0.00418663024902344 0.00256347656250001 0.91290283203125
-0.0525360107421875 0.0451927185058594 -0.446929931640625 0.53515625
-0.0547218322753906 0.0475921630859375 0.0621528625488281 0.0619010925292969
-0.0299320220947266 0.0270633697509766 0.5933837890625 -0.523193359375
-0.00418853759765625 0.0169143676757813 0.0522460937499999 -0.983642578125
0.0120601654052734 0.0229911804199219 -0.69549560546875 -0.47998046875
0.0315685272216797 0.0169925689697266 -0.5999755859375 0.22552490234375
0.0237522125244141 -0.00167274475097656 -0.224700927734375 0.445037841796875
0.0124588012695312 -0.0320625305175781 0.129852294921875 0.31573486328125
0.0131855010986328 0.00163078308105469 0.251693725585938 0.0702362060546875
0.00733089447021484 0.0104885101318359 -0.241470336914062 -0.14105224609375
0.0274791717529297 -0.0229644775390625 -0.054779052734375 -0.355224609375
0.0320262908935547 -0.00102043151855469 0.33001708984375 -0.39501953125
0.0327930450439453 0.0322628021240234 0.71929931640625 -0.090087890625
0.00606155395507813 0.0240325927734375 0.60186767578125 0.5859375
-0.0317420959472656 -0.015228271484375 -0.05645751953125 0.91326904296875
-0.0457229614257813 0.0367088317871094 -0.45263671875 0.49432373046875
-0.0430679321289063 0.0436439514160156 0.103828430175781 0.0432510375976563
-0.0217838287353516 0.0186882019042969 0.5755615234375 -0.5645751953125
-0.00220298767089844 0.00908374786376953 -0.0167846679687501 -0.97271728515625
0.00917625427246094 0.0165624618530273 -0.72161865234375 -0.41387939453125
0.0274066925048828 0.0164279937744141 -0.5748291015625 0.26605224609375
0.0208835601806641 -0.0029144287109375 -0.1949462890625 0.45703125
0.0133094787597656 -0.0291347503662109 0.143402099609375 0.311065673828125
0.0104084014892578 0.00568294525146484 0.255081176757812 0.063751220703125
0.010380744934082 0.0155735015869141 -0.235824584960938 -0.144866943359375
0.0276069641113281 -0.0164585113525391 -0.0394287109375 -0.357574462890625
0.0292510986328125 0.00285530090332031 0.35394287109375 -0.381622314453125
0.0261707305908203 0.0324535369873047 0.7294921875 -0.0509033203125
-0.000269889831542968 0.0162343978881836 0.57293701171875 0.62884521484375
-0.0248126983642578 -0.0284061431884766 -0.10369873046875 0.9154052734375
-0.0231723785400391 0.0230770111083984 -0.4537353515625 0.46783447265625
-0.0137405395507813 0.03594970703125 0.137367248535156 0.0270156860351563
-0.00166225433349609 0.00548601150512695 0.55853271484375 -0.5977783203125
0.000353813171386719 -0.00518989562988281 -0.06781005859375 -0.96484375
0.0032196044921875 0.0109443664550781 -0.73516845703125 -0.36871337890625
0.0204391479492188 0.0152606964111328 -0.55322265625 0.298431396484375
0.0200309753417969 -0.00134849548339844 -0.174102783203125 0.465972900390625
0.0123462677001953 -0.0242652893066406 0.152008056640625 0.30517578125
0.0124502182006836 0.0113515853881836 0.26068115234375 0.057220458984375
0.0123863220214844 0.0193080902099609 -0.233779907226563 -0.151290893554687
0.0275974273681641 -0.0105991363525391 -0.031646728515625 -0.358001708984375
0.0254611968994141 0.0086822509765625 0.368682861328125 -0.373779296875
0.0168418884277344 0.0314407348632813 0.73809814453125 -0.02301025390625
-0.00485992431640625 0.0058293342590332 0.55084228515625 0.65679931640625
-0.0145988464355469 -0.0478363037109375 -0.13568115234375 0.91455078125
0.00865554809570313 0.006500244140625 -0.4547119140625 0.451751708984375
0.0253734588623047 0.0274677276611328 0.1568603515625 0.015716552734375
0.0190677642822266 -0.0132541656494141 0.54669189453125 -0.61737060546875
0.00316810607910156 -0.0224323272705078 -0.0994873046875001 -0.9581298828125
-0.00571823120117188 0.00340604782104492 -0.74334716796875 -0.33807373046875
0.0134105682373047 0.0194606781005859 -0.54327392578125 0.317901611328125
0.0180206298828125 0.00275802612304688 -0.16033935546875 0.471282958984375
0.0117301940917969 -0.0182456970214844 0.15838623046875 0.301971435546875
0.0139923095703125 0.0163955688476563 0.261444091796875 0.053680419921875
0.0151348114013672 0.0260448455810547 -0.231475830078125 -0.154037475585938
0.0268039703369141 -0.006622314453125 -0.02978515625 -0.359466552734375
0.0205516815185547 0.0115718841552734 0.374053955078125 -0.371551513671875
0.00825691223144531 0.0295639038085938 0.73919677734375 -0.01519775390625
-0.00981235504150391 -0.00353717803955078 0.54412841796875 0.66552734375
-0.00388336181640624 -0.066436767578125 -0.14129638671875 0.91510009765625
0.0410652160644531 -0.0100746154785156 -0.45684814453125 0.444000244140625
0.0674591064453125 0.0169143676757813 0.159896850585938 0.01055908203125
0.0435295104980469 -0.031158447265625 0.54205322265625 -0.62115478515625
0.00518417358398437 -0.0387916564941406 -0.11126708984375 -0.95458984375
-0.0132665634155273 -0.00249385833740234 -0.74713134765625 -0.32598876953125
0.00602912902832031 0.0222663879394531 -0.538421630859375 0.32818603515625
0.0152769088745117 0.00689411163330078 -0.15838623046875 0.476043701171875
0.0122356414794922 -0.0115976333618164 0.159759521484375 0.304229736328125
0.0149803161621094 0.0210208892822266 0.263473510742187 0.0540008544921875
0.0156307220458984 0.0284709930419922 -0.231277465820312 -0.151565551757813
0.0257492065429688 -0.000782012939453125 -0.033721923828125 -0.356048583984375
0.0154523849487305 0.0153894424438477 0.365447998046875 -0.37310791015625
0.00117683410644531 0.0308494567871094 0.73431396484375 -0.02392578125
-0.0159645080566406 -0.0111293792724609 0.5540771484375 0.656005859375
0.00531005859374999 -0.0822982788085938 -0.13116455078125 0.91705322265625
0.071258544921875 -0.028839111328125 -0.458465576171875 0.45172119140625
0.107612609863281 0.00542449951171875 0.143524169921875 0.01312255859375
0.0694541931152344 -0.049041748046875 0.54473876953125 -0.61114501953125
0.00937271118164062 -0.0549507141113281 -0.0941772460937501 -0.95684814453125
-0.0206813812255859 -0.0087127685546875 -0.74395751953125 -0.3394775390625
-0.00214767456054687 0.0243873596191406 -0.547393798828125 0.3238525390625
0.0120630264282227 0.0107641220092773 -0.164093017578125 0.474853515625
0.0113515853881836 -0.00797653198242188 0.15655517578125 0.307830810546875
0.0158901214599609 0.0260334014892578 0.262863159179687 0.054901123046875
0.0160617828369141 0.0330238342285156 -0.234298706054688 -0.145645141601563
0.0239753723144531 0.00191688537597656 -0.04180908203125 -0.35400390625
0.012761116027832 0.0165014266967773 0.3497314453125 -0.384429931640625
-0.00238227844238281 0.0306110382080078 0.7279052734375 -0.0518798828125
-0.0187625885009766 -0.0149631500244141 0.5748291015625 0.6297607421875
0.0081634521484375 -0.0940933227539063 -0.0944213867187499 0.9178466796875
0.0933380126953125 -0.0458984375 -0.45953369140625 0.47125244140625
0.140007019042969 -0.0024261474609375 0.114425659179688 0.0234909057617187
0.0920333862304688 -0.0622100830078125 0.5518798828125 -0.5899658203125
0.0165290832519531 -0.0680465698242188 -0.0611572265625 -0.9627685546875
-0.0274620056152344 -0.0148487091064453 -0.73406982421875 -0.372802734375
-0.00591850280761719 0.0263786315917969 -0.56573486328125 0.3046875
0.0117607116699219 0.0156660079956055 -0.183258056640625 0.474700927734375
0.0109901428222656 -0.00459194183349609 0.149932861328125 0.31512451171875
0.0179538726806641 0.028076171875 0.263168334960938 0.061279296875
0.00911808013916016 0.0100212097167969 -0.247695922851563 -0.1160888671875
0.0223369598388672 -0.0272998809814453 -0.090728759765625 -0.33990478515625
0.0314235687255859 -0.00493240356445313 0.263275146484375 -0.421112060546875
0.0400352478027344 0.02984619140625 0.6702880859375 -0.1876220703125
0.01470947265625 0.0282573699951172 0.65972900390625 0.46917724609375
-0.0336856842041016 -0.00116157531738281 0.0676269531250001 0.89892578125
-0.0490798950195313 0.04541015625 -0.43328857421875 0.5684814453125
-0.0533218383789062 0.0460853576660156 0.01373291015625 0.080169677734375
-0.0299625396728516 0.0252552032470703 0.59747314453125 -0.47808837890625
-0.00598335266113281 0.0181007385253906 0.1187744140625 -0.980712890625
0.00927162170410156 0.0227622985839844 -0.6646728515625 -0.53369140625
0.0319309234619141 0.0191421508789063 -0.6201171875 0.1845703125
0.0238399505615234 -0.000268936157226563 -0.250946044921875 0.431396484375
0.0132083892822266 -0.0332202911376953 0.120147705078125 0.319671630859375
0.0142364501953125 0.0007171630859375 0.24908447265625 0.07470703125
0.00928211212158203 0.00975227355957031 -0.244293212890625 -0.126083374023437
0.0235404968261719 -0.0255470275878906 -0.0736083984375 -0.34759521484375
0.0332393646240234 -0.00413703918457031 0.295135498046875 -0.41131591796875
0.0377311706542969 0.0301895141601562 0.692138671875 -0.1441650390625
0.0113735198974609 0.0294017791748047 0.63421630859375 0.5242919921875
-0.0344352722167969 -0.00356101989746094 0.00897216796875005 0.9051513671875
-0.0534896850585937 0.0447044372558594 -0.440826416015625 0.533721923828125
-0.0572700500488281 0.0467376708984375 0.0609855651855469 0.0621566772460938
-0.0301876068115234 0.02679443359375 0.5841064453125 -0.52276611328125
-0.00578403472900391 0.0165891647338867 0.0479736328125001 -0.976318359375
0.0109081268310547 0.0221614837646484 -0.69390869140625 -0.4698486328125
0.0309505462646484 0.0163860321044922 -0.5927734375 0.2288818359375
0.0230121612548828 -0.00315666198730469 -0.21795654296875 0.44366455078125
0.0132465362548828 -0.0318984985351563 0.131927490234375 0.3131103515625
0.0132827758789063 0.00158023834228516 0.252731323242188 0.0682830810546875
0.0102519989013672 0.0100717544555664 -0.24188232421875 -0.136322021484375
0.0272960662841797 -0.0219841003417969 -0.0589599609375 -0.3525390625
0.0322723388671875 -0.00093841552734375 0.32275390625 -0.395416259765625
0.0329475402832031 0.0310859680175781 0.71087646484375 -0.0943603515625
0.0061187744140625 0.0239963531494141 0.60040283203125 0.5753173828125
-0.0324687957763672 -0.0142192840576172 -0.0505981445312499 0.907470703125
-0.0451087951660156 0.03662109375 -0.446136474609375 0.494659423828125
-0.0418128967285156 0.04327392578125 0.10394287109375 0.0411605834960938
-0.0207290649414062 0.0179004669189453 0.56732177734375 -0.56292724609375
-0.0028233528137207 0.0080866813659668 -0.0208740234374999 -0.9659423828125
0.00900459289550781 0.0164737701416016 -0.71868896484375 -0.40777587890625
0.0268688201904297 0.0148200988769531 -0.56903076171875 0.26837158203125
0.0205879211425781 -0.00338935852050781 -0.19049072265625 0.454193115234375
0.0138587951660156 -0.0284938812255859 0.14544677734375 0.3060302734375
0.012883186340332 0.00589179992675781 0.255874633789063 0.0621185302734375
0.010951042175293 0.0150108337402344 -0.236862182617187 -0.14422607421875
0.0272045135498047 -0.0156726837158203 -0.044921875 -0.353912353515625
0.029632568359375 0.00317573547363281 0.347259521484375 -0.381927490234375
0.0259208679199219 0.0307960510253906 0.72454833984375 -0.054931640625
-0.000846862792968751 0.0152626037597656 0.57269287109375 0.6187744140625
-0.0254116058349609 -0.0275955200195313 -0.0982666015624999 0.90753173828125
-0.0228118896484375 0.0231437683105469 -0.448089599609375 0.4656982421875
-0.0129013061523437 0.0370635986328125 0.136383056640625 0.0260009765625
-0.00277471542358398 0.00554037094116211 0.5513916015625 -0.5950927734375
0.000160694122314453 -0.00525903701782226 -0.07470703125 -0.95751953125
0.00292205810546875 0.0112085342407227 -0.73394775390625 -0.35943603515625
0.0204963684082031 0.0154666900634766 -0.54803466796875 0.30242919921875
0.0200271606445313 -0.000505447387695313 -0.168060302734375 0.46142578125
0.0128002166748047 -0.0235462188720703 0.155059814453125 0.3017578125
0.0139627456665039 0.00962162017822265 0.258468627929688 0.05419921875
0.0135231018066406 0.0200366973876953 -0.234481811523438 -0.149383544921875
0.0271396636962891 -0.0105476379394531 -0.036041259765625 -0.355316162109375
0.0254478454589844 0.00772476196289062 0.363128662109375 -0.373931884765625
0.0170402526855469 0.0304737091064453 0.7325439453125 -0.0302734375
-0.00699329376220703 0.004852294921875 0.552001953125 0.646728515625
-0.0160789489746094 -0.0467109680175781 -0.1287841796875 0.9049072265625
0.00742244720458984 0.00719785690307617 -0.4490966796875 0.4486083984375
0.0251426696777344 0.0262527465820313 0.154708862304688 0.0147857666015625
0.0194854736328125 -0.0126991271972656 0.541015625 -0.614013671875
0.002349853515625 -0.02142333984375 -0.104736328125 -0.95068359375
-0.00516271591186523 0.00487470626831055 -0.7406005859375 -0.32867431640625
0.0141401290893555 0.0167684555053711 -0.53594970703125 0.320709228515625
0.0175743103027344 0.00288581848144531 -0.15509033203125 0.468109130859375
0.0112857818603516 -0.0178508758544922 0.16033935546875 0.29925537109375
0.0146484375 0.015315055847168 0.2613525390625 0.0512542724609375
0.0149898529052734 0.0256710052490234 -0.231689453125 -0.149444580078125
0.0272121429443359 -0.00478172302246094 -0.033660888671875 -0.355438232421875
0.0204143524169922 0.0106544494628906 0.366851806640625 -0.372955322265625
0.00858879089355469 0.0287685394287109 0.7340087890625 -0.02252197265625
-0.0111761093139648 -0.00491142272949219 0.54364013671875 0.65496826171875
-0.00458908081054687 -0.0647201538085938 -0.13458251953125 0.90667724609375
0.0399703979492188 -0.0104331970214844 -0.451202392578125 0.44268798828125
0.0667953491210938 0.0158119201660156 0.15753173828125 0.0094757080078125
0.0440177917480469 -0.0307960510253906 0.5347900390625 -0.61859130859375
0.0047607421875 -0.0387496948242188 -0.11566162109375 -0.94744873046875
-0.01275634765625 -0.00271224975585937 -0.74407958984375 -0.31768798828125
0.00641632080078125 0.0201892852783203 -0.532501220703125 0.330841064453125
0.0152120590209961 0.00633144378662109 -0.15216064453125 0.471343994140625
0.0116786956787109 -0.0119657516479492 0.162139892578125 0.30023193359375
0.0164718627929688 0.0206966400146484 0.261642456054688 0.0508575439453125
0.0175571441650391 0.0299777984619141 -0.232696533203125 -0.147628784179688
0.0249252319335938 -0.0012054443359375 -0.036956787109375 -0.352691650390625
0.0163869857788086 0.0149765014648437 0.362060546875 -0.3763427734375
0.00189208984375 0.0288581848144531 0.729248046875 -0.03118896484375
-0.0154294967651367 -0.0124082565307617 0.55230712890625 0.64697265625
0.004180908203125 -0.0815048217773438 -0.1253662109375 0.90771484375
0.06964111328125 -0.0290985107421875 -0.45135498046875 0.448455810546875
0.107093811035156 0.0063934326171875 0.14276123046875 0.0123291015625
0.0677986145019531 -0.04876708984375 0.5372314453125 -0.60919189453125
0.00949859619140625 -0.0537605285644531 -0.1004638671875 -0.94989013671875
-0.0212802886962891 -0.00933265686035156 -0.74127197265625 -0.3314208984375
0.000801086425781249 0.0240020751953125 -0.540130615234375 0.325592041015625
0.01361083984375 0.0108499526977539 -0.159759521484375 0.47314453125
0.0107841491699219 -0.00721645355224609 0.16046142578125 0.3043212890625
0.017822265625 0.0246086120605469 0.263290405273438 0.053985595703125
0.0181007385253906 0.0317211151123047 -0.235244750976563 -0.143356323242187
0.0236148834228516 0.002349853515625 -0.045654296875 -0.349853515625
0.0131864547729492 0.0167407989501953 0.34442138671875 -0.386077880859375
-0.00201797485351562 0.0299053192138672 0.7205810546875 -0.0577392578125
-0.0187969207763672 -0.0151786804199219 0.57513427734375 0.61749267578125
0.00704193115234374 -0.0936355590820312 -0.08795166015625 0.91021728515625
0.0934295654296875 -0.0439224243164063 -0.452392578125 0.46954345703125
0.140640258789063 -0.0040130615234375 0.114242553710938 0.023193359375
0.0917282104492187 -0.0622711181640625 0.5439453125 -0.5865478515625
0.0150718688964844 -0.0678253173828125 -0.06573486328125 -0.95513916015625
-0.0256748199462891 -0.0153369903564453 -0.73223876953125 -0.36407470703125
-0.00596809387207031 0.0257568359375 -0.55828857421875 0.308013916015625
0.0112771987915039 0.0160493850708008 -0.17633056640625 0.47369384765625
0.0102663040161133 -0.00405979156494141 0.151947021484375 0.310272216796875
0.0194759368896484 0.0271968841552734 0.26141357421875 0.058868408203125
0.0109186172485352 0.00943660736083984 -0.246963500976563 -0.114776611328125
0.0216064453125 -0.0283126831054688 -0.092620849609375 -0.33551025390625
0.0313701629638672 -0.00450515747070313 0.261138916015625 -0.420013427734375
0.0405082702636719 0.0297927856445312 0.66375732421875 -0.19500732421875
0.0146656036376953 0.0274982452392578 0.65802001953125 0.46087646484375
-0.0343780517578125 -0.000408172607421881 0.07244873046875 0.89373779296875
-0.0484809875488281 0.0457992553710938 -0.4283447265625 0.5655517578125
-0.0515975952148438 0.04559326171875 0.0145492553710938 0.0808258056640625
-0.0296440124511719 0.0264301300048828 0.589111328125 -0.47857666015625
-0.00577926635742187 0.0184803009033203 0.11309814453125 -0.97503662109375
0.00913810729980469 0.0225772857666016 -0.66387939453125 -0.52923583984375
0.0322551727294922 0.0187969207763672 -0.614013671875 0.18560791015625
0.0235004425048828 0.000379562377929688 -0.247528076171875 0.430023193359375
0.0119361877441406 -0.0322246551513672 0.121856689453125 0.316802978515625
0.0138397216796875 0.000244140625 0.248519897460938 0.07293701171875
0.00975894927978515 0.0103931427001953 -0.244613647460938 -0.124725341796875
0.0243682861328125 -0.0250301361083984 -0.076904296875 -0.342498779296875
0.0333652496337891 -0.00324440002441406 0.290069580078125 -0.41015625
0.0373992919921875 0.0285720825195312 0.6844482421875 -0.14794921875
0.0100364685058594 0.0268135070800781 0.6318359375 0.51458740234375
-0.0352973937988281 -0.0028839111328125 0.0143432617187499 0.89788818359375
-0.0517692565917969 0.0455551147460938 -0.43475341796875 0.528961181640625
-0.0542716979980469 0.0465812683105469 0.0607681274414063 0.0614891052246094
-0.0299816131591797 0.0260257720947266 0.57489013671875 -0.519287109375
-0.00573062896728515 0.0174055099487305 0.0419311523437501 -0.9705810546875
0.0122776031494141 0.0211925506591797 -0.69085693359375 -0.4635009765625
0.0297222137451172 0.0160350799560547 -0.58929443359375 0.23114013671875
0.0234603881835938 -0.00242424011230469 -0.214599609375 0.4427490234375
0.0116119384765625 -0.0317401885986328 0.13385009765625 0.31011962890625
0.0135135650634766 0.00108623504638672 0.250946044921875 0.0657501220703125
0.0103225708007813 0.0112829208374023 -0.241622924804687 -0.134002685546875
0.0264434814453125 -0.0216083526611328 -0.06036376953125 -0.347869873046875
0.0331554412841797 -0.00125503540039063 0.318878173828125 -0.394561767578125
0.0316143035888672 0.0295791625976563 0.7056884765625 -0.101318359375
0.00518035888671875 0.0230903625488281 0.598876953125 0.56732177734375
-0.0331859588623047 -0.0135154724121094 -0.04541015625 0.899169921875
-0.0443687438964844 0.03668212890625 -0.439361572265625 0.49267578125
-0.0409431457519531 0.0424575805664062 0.103866577148437 0.0423126220703125
-0.0199451446533203 0.019012451171875 0.559326171875 -0.560089111328125
-0.00323486328125 0.00931453704833984 -0.0272216796875001 -0.96002197265625
0.00840663909912109 0.0174245834350586 -0.71429443359375 -0.39862060546875
0.0267124176025391 0.0142364501953125 -0.562255859375 0.27001953125
0.0211944580078125 -0.00251007080078125 -0.186004638671875 0.45184326171875
0.0122890472412109 -0.0291118621826172 0.146942138671875 0.303009033203125
0.0126495361328125 0.00531101226806641 0.2554931640625 0.059234619140625
0.0122604370117188 0.0148887634277344 -0.238052368164062 -0.14056396484375
0.0271511077880859 -0.0162849426269531 -0.0467529296875 -0.352081298828125
0.0297126770019531 0.00146102905273437 0.343719482421875 -0.38330078125
0.0249137878417969 0.0305595397949219 0.7191162109375 -0.059814453125
-0.000914573669433593 0.0151348114013672 0.5699462890625 0.61004638671875
-0.0260047912597656 -0.0283164978027344 -0.0927734375 0.8990478515625
-0.0226230621337891 0.0231227874755859 -0.441619873046875 0.463897705078125
-0.0117721557617188 0.0364761352539063 0.13616943359375 0.0243377685546875
-0.00271129608154297 0.00474739074707031 0.5445556640625 -0.5919189453125
5.2928924560547E-05 -0.0043799877166748 -0.0778198242187499 -0.95074462890625
0.00317764282226563 0.00997543334960938 -0.730224609375 -0.353515625
0.0205039978027344 0.0146083831787109 -0.542327880859375 0.300445556640625
0.0184764862060547 -0.00230979919433594 -0.162261962890625 0.461334228515625
0.0113334655761719 -0.0243301391601563 0.15704345703125 0.297943115234375
0.0132102966308594 0.0103235244750977 0.258270263671875 0.0531463623046875
0.0145721435546875 0.0196266174316406 -0.234786987304688 -0.145919799804687
0.0278091430664063 -0.0107345581054688 -0.0379638671875 -0.351654052734375
0.0254440307617187 0.00680160522460937 0.358001708984375 -0.37542724609375
0.0156326293945312 0.0285816192626953 0.725830078125 -0.03570556640625
-0.00723648071289063 0.0044713020324707 0.55096435546875 0.6376953125
-0.016510009765625 -0.0457687377929688 -0.12451171875 0.899658203125
0.0071558952331543 0.00760269165039063 -0.44390869140625 0.44549560546875
0.024810791015625 0.0268707275390625 0.153961181640625 0.015411376953125
0.0191154479980469 -0.0120029449462891 0.5323486328125 -0.61163330078125
0.00214195251464844 -0.0211009979248047 -0.10858154296875 -0.9439697265625
-0.00492668151855469 0.00372028350830078 -0.73870849609375 -0.3226318359375
0.0132312774658203 0.0170145034790039 -0.52862548828125 0.3214111328125
0.016016960144043 0.00202465057373047 -0.15008544921875 0.4674072265625
0.0114974975585938 -0.0181064605712891 0.16180419921875 0.295379638671875
0.0158214569091797 0.0160818099975586 0.26019287109375 0.050445556640625
0.0177822113037109 0.0245208740234375 -0.2330322265625 -0.1483154296875
0.026824951171875 -0.00536727905273438 -0.035614013671875 -0.3519287109375
0.0200729370117188 0.0114879608154297 0.362548828125 -0.373321533203125
0.00955390930175781 0.0287303924560547 0.72955322265625 -0.02642822265625
-0.0119047164916992 -0.00554180145263672 0.5447998046875 0.6451416015625
-0.00531387329101562 -0.0647735595703125 -0.12969970703125 0.899169921875
0.0396804809570312 -0.0111083984375 -0.444671630859375 0.44061279296875
0.0663299560546875 0.0160598754882813 0.156829833984375 0.0094451904296875
0.0430717468261719 -0.0312309265136719 0.52850341796875 -0.6175537109375
0.00487518310546875 -0.038482666015625 -0.11785888671875 -0.93951416015625
-0.0132980346679688 -0.00299263000488281 -0.73876953125 -0.30950927734375
0.00687789916992187 0.0191764831542969 -0.52606201171875 0.3321533203125
0.0147552490234375 0.00624275207519531 -0.14599609375 0.470306396484375
0.0101175308227539 -0.0113401412963867 0.164337158203125 0.29644775390625
0.0170307159423828 0.019866943359375 0.262298583984375 0.0481719970703125
0.0167217254638672 0.0307598114013672 -0.23284912109375 -0.145706176757813
0.0255966186523438 0.00037384033203125 -0.03961181640625 -0.349395751953125
0.0168590545654297 0.0152349472045898 0.35601806640625 -0.376556396484375
0.00185394287109375 0.0275745391845703 0.72265625 -0.03619384765625
-0.0154228210449219 -0.0126008987426758 0.552001953125 0.6358642578125
0.00292205810546875 -0.0811080932617188 -0.119384765625 0.901123046875
0.069793701171875 -0.0287399291992188 -0.446044921875 0.447296142578125
0.106857299804688 0.0056915283203125 0.14300537109375 0.0117950439453125
0.0672950744628906 -0.0470542907714844 0.53155517578125 -0.60638427734375
0.00917816162109375 -0.0531883239746094 -0.104248046875 -0.9410400390625
-0.0207328796386719 -0.00948143005371094 -0.7374267578125 -0.32421875
-0.000169754028320315 0.0229511260986328 -0.534515380859375 0.3251953125
0.0130453109741211 0.0122776031494141 -0.155029296875 0.47076416015625
0.0109424591064453 -0.00734519958496094 0.16180419921875 0.301177978515625
0.0182895660400391 0.0252914428710938 0.261199951171875 0.0500335693359375
0.0191497802734375 0.0315952301025391 -0.235885620117188 -0.140274047851563
0.0238838195800781 0.00331878662109375 -0.04840087890625 -0.3472900390625
0.0133237838745117 0.0164251327514648 0.339752197265625 -0.384796142578125
-0.0020294189453125 0.029296875 0.71539306640625 -0.0638427734375
-0.0194950103759766 -0.0159740447998047 0.57501220703125 0.60986328125
0.00678253173828124 -0.0925827026367188 -0.0836181640625 0.9024658203125
0.0922698974609375 -0.04498291015625 -0.44610595703125 0.468353271484375
0.140533447265625 -0.00376129150390625 0.113945007324219 0.0222702026367188
0.0896759033203125 -0.0624847412109375 0.53814697265625 -0.58306884765625
0.0145721435546875 -0.0667381286621094 -0.071044921875 -0.9462890625
-0.0259590148925781 -0.0146770477294922 -0.72808837890625 -0.35675048828125
-0.00517654418945313 0.0254077911376953 -0.5518798828125 0.309967041015625
0.012324333190918 0.0141973495483398 -0.171234130859375 0.471405029296875
0.00981521606445313 -0.00327396392822266 0.1539306640625 0.307373046875
0.0201072692871094 0.0268211364746094 0.26220703125 0.0564117431640625
0.0116853713989258 0.00989341735839844 -0.246978759765625 -0.111968994140625
0.0205955505371094 -0.0256462097167969 -0.0933837890625 -0.333526611328125
0.030975341796875 -0.00298309326171875 0.25616455078125 -0.417938232421875
0.0399055480957031 0.0274887084960937 0.659423828125 -0.1959228515625
0.0138397216796875 0.0273265838623047 0.65362548828125 0.45355224609375
-0.0340824127197266 -0.00015449523925782 0.07257080078125 0.88604736328125
-0.0479850769042969 0.0445442199707031 -0.42431640625 0.56353759765625
-0.0505599975585937 0.0480728149414063 0.0145645141601562 0.0806884765625
-0.0297031402587891 0.0255870819091797 0.5845947265625 -0.47589111328125
-0.00493812561035156 0.0192031860351563 0.10919189453125 -0.96759033203125
0.009796142578125 0.0220451354980469 -0.659912109375 -0.5208740234375
0.0312824249267578 0.0169029235839844 -0.6092529296875 0.18634033203125
0.0224170684814453 -9.918212890625E-05 -0.241973876953125 0.428436279296875
0.0118274688720703 -0.0322189331054687 0.125518798828125 0.312713623046875
0.0147085189819336 0.000803947448730469 0.249069213867188 0.072265625
0.0111141204833984 0.00837135314941406 -0.244857788085937 -0.122817993164062
0.0238323211669922 -0.02532958984375 -0.078338623046875 -0.339080810546875
0.0333690643310547 -0.00360298156738281 0.286773681640625 -0.406768798828125
0.0390472412109375 0.0280570983886719 0.68109130859375 -0.15069580078125
0.0101146697998047 0.0260944366455078 0.628173828125 0.50860595703125
-0.0346775054931641 -0.00172042846679688 0.01519775390625 0.8897705078125
-0.0520477294921875 0.0450096130371094 -0.430999755859375 0.525634765625
-0.0548629760742187 0.0477981567382813 0.0603790283203125 0.060516357421875
-0.0299930572509766 0.0263538360595703 0.57098388671875 -0.5177001953125
-0.00643539428710937 0.0180263519287109 0.0386962890625 -0.96429443359375
0.0102958679199219 0.0209121704101563 -0.68701171875 -0.4580078125
0.0294055938720703 0.0144863128662109 -0.58477783203125 0.22943115234375
0.0222225189208984 -0.00254440307617187 -0.2127685546875 0.439788818359375
0.0112018585205078 -0.0314903259277344 0.13677978515625 0.3062744140625
0.0131931304931641 0.00242519378662109 0.250762939453125 0.0643157958984375
0.0107288360595703 0.0112905502319336 -0.241729736328125 -0.132339477539063
0.0266857147216797 -0.0219402313232422 -0.062408447265625 -0.34454345703125
0.0323104858398438 -0.000268936157226562 0.3148193359375 -0.395233154296875
0.0323314666748047 0.02923583984375 0.70172119140625 -0.103271484375
0.0054779052734375 0.0208530426025391 0.59552001953125 0.56024169921875
-0.0334873199462891 -0.0109748840332031 -0.0433349609375 0.89215087890625
-0.0446624755859375 0.0374298095703125 -0.436126708984375 0.489349365234375
-0.041046142578125 0.04248046875 0.101387023925781 0.0411376953125
-0.0208663940429688 0.0183582305908203 0.55340576171875 -0.557861328125
-0.00253200531005859 0.00827503204345703 -0.0276489257812501 -0.95135498046875
0.00856208801269531 0.0155534744262695 -0.7100830078125 -0.39501953125
0.0255298614501953 0.0124645233154297 -0.55755615234375 0.269683837890625
0.0204544067382812 -0.00370597839355469 -0.1815185546875 0.44915771484375
0.0110702514648437 -0.0286712646484375 0.148284912109375 0.301544189453125
0.0127325057983398 0.00505638122558594 0.2545166015625 0.0584869384765625
0.0135555267333984 0.0139007568359375 -0.237014770507812 -0.139846801757812
0.0272369384765625 -0.0156879425048828 -0.048828125 -0.34912109375
0.0292510986328125 0.0031585693359375 0.33935546875 -0.382415771484375
0.0258407592773438 0.029510498046875 0.71435546875 -0.06512451171875
-0.00144481658935547 0.0143089294433594 0.56793212890625 0.60205078125
-0.0255279541015625 -0.0273818969726563 -0.0900878906249999 0.89324951171875
-0.0238590240478516 0.0237693786621094 -0.4405517578125 0.46234130859375
-0.013946533203125 0.0362548828125 0.13348388671875 0.025177001953125
-0.00285196304321289 0.00584745407104492 0.5369873046875 -0.5877685546875
-0.000485897064208984 -0.0045619010925293 -0.0789794921875 -0.94183349609375
0.00237083435058594 0.0100297927856445 -0.72576904296875 -0.34686279296875
0.0209312438964844 0.0123119354248047 -0.5382080078125 0.300750732421875
0.0188083648681641 -0.00134849548339844 -0.158203125 0.458526611328125
0.0109043121337891 -0.0242576599121094 0.159271240234375 0.295806884765625
0.0146188735961914 0.00878047943115235 0.25823974609375 0.0514678955078125
0.0154190063476563 0.0194168090820313 -0.234039306640625 -0.144805908203125
0.0272731781005859 -0.00940322875976563 -0.04205322265625 -0.34832763671875
0.0258846282958984 0.00718116760253906 0.3538818359375 -0.3763427734375
0.0175552368164063 0.0293903350830078 0.72100830078125 -0.03912353515625
-0.00727319717407227 0.00341129302978516 0.54644775390625 0.62994384765625
-0.0160865783691406 -0.0443267822265625 -0.120849609375 0.89306640625
0.00751352310180664 0.00688266754150391 -0.43914794921875 0.44384765625
0.0249099731445313 0.0256519317626953 0.152587890625 0.0138092041015625
0.0196075439453125 -0.01226806640625 0.52777099609375 -0.608642578125
0.00259590148925781 -0.021575927734375 -0.10955810546875 -0.935791015625
-0.00479030609130859 0.00353193283081055 -0.733642578125 -0.31744384765625
0.0131797790527344 0.0146064758300781 -0.523681640625 0.323944091796875
0.0168094635009766 0.00168037414550781 -0.1468505859375 0.46484375
0.0105381011962891 -0.0177555084228516 0.1627197265625 0.292938232421875
0.0164003372192383 0.0156564712524414 0.260726928710937 0.0469818115234375
0.0161571502685547 0.0242729187011719 -0.232757568359375 -0.144821166992188
0.0259304046630859 -0.004608154296875 -0.038055419921875 -0.35009765625
0.0208454132080078 0.01190185546875 0.35711669921875 -0.373809814453125
0.00924301147460938 0.0272541046142578 0.72174072265625 -0.03125
-0.0111865997314453 -0.00545501708984375 0.5416259765625 0.63739013671875
-0.00661849975585938 -0.0635910034179688 -0.12872314453125 0.8924560546875
0.0392303466796875 -0.01153564453125 -0.440643310546875 0.437591552734375
0.0656051635742188 0.0153160095214844 0.156402587890625 0.00958251953125
0.0427780151367187 -0.0303153991699219 0.5223388671875 -0.61297607421875
0.00434112548828125 -0.037200927734375 -0.12139892578125 -0.93243408203125
-0.0134572982788086 -0.00187969207763672 -0.735107421875 -0.30517578125
0.0069732666015625 0.0188674926757813 -0.522369384765625 0.331268310546875
0.0150241851806641 0.00638389587402344 -0.143768310546875 0.468536376953125
0.0121173858642578 -0.0112752914428711 0.165924072265625 0.29412841796875
0.0163421630859375 0.0203609466552734 0.261444091796875 0.047515869140625
0.0185146331787109 0.0294532775878906 -0.233367919921875 -0.142410278320312
0.0249366760253906 -0.000581741333007813 -0.041778564453125 -0.347015380859375
0.0175819396972656 0.0147113800048828 0.353790283203125 -0.3768310546875
0.00229263305664062 0.0272846221923828 0.71826171875 -0.04095458984375
-0.0166692733764648 -0.0126104354858398 0.548828125 0.62689208984375
0.00261688232421874 -0.0792694091796875 -0.1175537109375 0.89556884765625
0.0697822570800781 -0.0270919799804688 -0.44329833984375 0.4461669921875
0.106765747070313 0.00494384765625 0.141265869140625 0.0128326416015625
0.0669593811035156 -0.04833984375 0.524169921875 -0.6016845703125
0.00905990600585937 -0.0547218322753906 -0.10693359375 -0.935791015625
-0.0229854583740234 -0.00923728942871094 -0.73309326171875 -0.31939697265625
-0.00157356262207031 0.0219898223876953 -0.530059814453125 0.326751708984375
0.0120048522949219 0.00939559936523438 -0.150604248046875 0.47021484375
0.0106945037841797 -0.00722789764404297 0.16375732421875 0.29754638671875
0.0188426971435547 0.0247249603271484 0.261276245117188 0.0504302978515625
0.0203800201416016 0.0317974090576172 -0.236846923828125 -0.138809204101563
0.0236339569091797 0.00232124328613281 -0.050018310546875 -0.34442138671875
0.0129070281982422 0.0163640975952148 0.334686279296875 -0.38568115234375
-0.002838134765625 0.0283679962158203 0.70965576171875 -0.06793212890625
-0.0199184417724609 -0.0165367126464844 0.572021484375 0.60198974609375
0.00664520263671875 -0.0914535522460938 -0.0817871093750001 0.89508056640625
0.0913772583007813 -0.0432662963867188 -0.441925048828125 0.465179443359375
0.1385498046875 -0.00412750244140625 0.1119384765625 0.0217742919921875
0.08966064453125 -0.061370849609375 0.53082275390625 -0.58111572265625
0.0139083862304688 -0.067291259765625 -0.0727539062499999 -0.942626953125
-0.02545166015625 -0.015625 -0.72442626953125 -0.35174560546875
-0.0053558349609375 0.0247726440429687 -0.546478271484375 0.308135986328125
0.0120115280151367 0.0146598815917969 -0.1676025390625 0.46832275390625
0.00936412811279297 -0.00398731231689453 0.15533447265625 0.305755615234375
0.020172119140625 0.0258636474609375 0.2603759765625 0.0548095703125
0.013275146484375 0.00949954986572266 -0.247665405273437 -0.109954833984375
0.0203170776367188 -0.0263195037841797 -0.094390869140625 -0.3294677734375
0.0325927734375 -0.00465583801269531 0.253082275390625 -0.419158935546875
0.0401382446289063 0.026336669921875 0.653564453125 -0.196533203125
0.0127716064453125 0.0265254974365234 0.6527099609375 0.44903564453125
-0.0346412658691406 -0.00050544738769531 0.0739135742187499 0.87957763671875
-0.0479469299316406 0.0443115234375 -0.420806884765625 0.5592041015625
-0.05072021484375 0.0461463928222656 0.0140914916992188 0.079833984375
-0.0288162231445312 0.0262832641601563 0.57977294921875 -0.472412109375
-0.00557136535644531 0.0186481475830078 0.1094970703125 -0.963134765625
0.0103034973144531 0.0233497619628906 -0.65716552734375 -0.51629638671875
0.0316829681396484 0.0172119140625 -0.60498046875 0.1864013671875
0.0230007171630859 0.00118446350097656 -0.2393798828125 0.42681884765625
0.0106639862060547 -0.031646728515625 0.1256103515625 0.31158447265625
0.0154275894165039 -0.000866889953613281 0.24761962890625 0.071197509765625
0.0126791000366211 0.00855255126953125 -0.244400024414063 -0.121078491210937
0.0242805480957031 -0.0237693786621094 -0.079193115234375 -0.337921142578125
0.0323028564453125 -0.00237083435058594 0.28192138671875 -0.4080810546875
0.0372810363769531 0.027435302734375 0.67645263671875 -0.1539306640625
0.00886726379394531 0.0249404907226562 0.62542724609375 0.5020751953125
-0.0364799499511719 -0.002655029296875 0.01690673828125 0.8836669921875
-0.0513992309570313 0.0449295043945313 -0.427459716796875 0.522308349609375
-0.0543403625488281 0.0492286682128906 0.0590324401855469 0.0600738525390625
-0.0304603576660156 0.0259513854980469 0.56719970703125 -0.515380859375
-0.00522136688232422 0.0163173675537109 0.0378417968749999 -0.9571533203125
0.0100612640380859 0.0212745666503906 -0.68475341796875 -0.45489501953125
0.0311603546142578 0.0145168304443359 -0.58013916015625 0.23040771484375
0.0220737457275391 -0.002899169921875 -0.20794677734375 0.437164306640625
0.0118198394775391 -0.0318145751953125 0.13751220703125 0.3050537109375
0.0141448974609375 0.00159454345703125 0.249664306640625 0.06378173828125
0.0126380920410156 0.00919723510742188 -0.241836547851563 -0.129013061523437
0.0258541107177734 -0.0221157073974609 -0.06414794921875 -0.344757080078125
0.0323677062988281 -0.000209808349609375 0.3116455078125 -0.39508056640625
0.0323162078857422 0.0284023284912109 0.6976318359375 -0.10626220703125
0.00588035583496094 0.0218105316162109 0.5938720703125 0.55413818359375
-0.0328216552734375 -0.0107212066650391 -0.0424194335937499 0.88671875
-0.042449951171875 0.0367889404296875 -0.43414306640625 0.4871826171875
-0.0407524108886719 0.0429840087890625 0.100341796875 0.0407562255859375
-0.0199184417724609 0.0175247192382813 0.54833984375 -0.555450439453125
-0.00439691543579102 0.00634956359863281 -0.0318603515625001 -0.947265625
0.00895309448242188 0.0167016983032227 -0.7059326171875 -0.39208984375
0.0269489288330078 0.0137405395507813 -0.5531005859375 0.269256591796875
0.0200767517089844 -0.0033111572265625 -0.178985595703125 0.448272705078125
0.00987625122070313 -0.0280075073242188 0.149810791015625 0.299468994140625
0.0126762390136719 0.00501918792724609 0.252777099609375 0.0569610595703125
0.0137548446655273 0.0140972137451172 -0.23858642578125 -0.138839721679688
0.0264549255371094 -0.0164051055908203 -0.05010986328125 -0.345977783203125
0.0291099548339844 0.0031280517578125 0.336944580078125 -0.38433837890625
0.0253009796142578 0.0277385711669922 0.7098388671875 -0.0692138671875
-0.00176715850830078 0.0129003524780273 0.56365966796875 0.595703125
-0.0273036956787109 -0.0252456665039062 -0.0902099609375 0.88409423828125
-0.0239105224609375 0.0237255096435547 -0.435577392578125 0.459075927734375
-0.0113334655761719 0.0366401672363281 0.134025573730469 0.0247268676757813
-0.00262093544006348 0.00408554077148438 0.53399658203125 -0.58502197265625
-9.53674316406616E-07 -0.00436234474182129 -0.0803222656250001 -0.9375
0.00226879119873047 0.00953578948974609 -0.72247314453125 -0.34423828125
0.0204391479492188 0.0134048461914063 -0.534454345703125 0.301849365234375
0.0189590454101562 -0.00235366821289062 -0.15728759765625 0.45703125
0.0102119445800781 -0.0218696594238281 0.158935546875 0.292449951171875
0.0146656036376953 0.00882148742675781 0.25689697265625 0.04937744140625
0.0172939300537109 0.0180377960205078 -0.234512329101563 -0.142547607421875
0.0257434844970703 -0.00953102111816406 -0.041107177734375 -0.346405029296875
0.0259952545166016 0.00807952880859375 0.3515625 -0.375579833984375
0.0170669555664063 0.0282440185546875 0.71697998046875 -0.04302978515625
-0.00755548477172851 0.00351190567016602 0.54705810546875 0.62158203125
-0.0161933898925781 -0.0441246032714844 -0.1199951171875 0.88800048828125
0.00666618347167969 0.00725507736206055 -0.4365234375 0.440765380859375
0.0249481201171875 0.0258255004882813 0.151123046875 0.013824462890625
0.0193767547607422 -0.0120277404785156 0.52374267578125 -0.60357666015625
0.0015716552734375 -0.0201568603515625 -0.1114501953125 -0.93035888671875
-0.00411868095397949 0.0032656192779541 -0.7301025390625 -0.315185546875
0.0145959854125977 0.0152149200439453 -0.5203857421875 0.320037841796875
0.0156259536743164 0.0021820068359375 -0.143096923828125 0.463653564453125
0.0096893310546875 -0.0182094573974609 0.164031982421875 0.29010009765625
0.0173330307006836 0.0146350860595703 0.25933837890625 0.0467529296875
0.0174808502197266 0.0234966278076172 -0.23309326171875 -0.144485473632813
0.0253276824951172 -0.00392341613769531 -0.039825439453125 -0.347503662109375
0.0199851989746094 0.0106296539306641 0.353546142578125 -0.372283935546875
0.00875282287597656 0.0266895294189453 0.71881103515625 -0.0343017578125
-0.0128307342529297 -0.00592327117919922 0.539794921875 0.63092041015625
-0.0060577392578125 -0.0624160766601563 -0.128173828125 0.88726806640625
0.0379600524902344 -0.0103073120117188 -0.437347412109375 0.435516357421875
0.0651512145996094 0.0150527954101563 0.154159545898437 0.00970458984375
0.0417671203613281 -0.0307655334472656 0.51806640625 -0.6082763671875
0.004302978515625 -0.0378570556640625 -0.12384033203125 -0.9266357421875
-0.0133581161499023 -0.00283432006835938 -0.73175048828125 -0.30194091796875
0.00631332397460938 0.0182991027832031 -0.518646240234375 0.33038330078125
0.0154304504394531 0.00591945648193359 -0.141204833984375 0.46551513671875
0.00955867767333984 -0.0112342834472656 0.166595458984375 0.290252685546875
0.0179615020751953 0.0205554962158203 0.261260986328125 0.0449371337890625
0.0191135406494141 0.0283603668212891 -0.2337646484375 -0.142349243164062
0.0243892669677734 -0.0009002685546875 -0.042572021484375 -0.345306396484375
0.0172719955444336 0.0148935317993164 0.347442626953125 -0.37591552734375
0.0024871826171875 0.0269012451171875 0.71337890625 -0.04229736328125
-0.0171566009521484 -0.0139322280883789 0.54693603515625 0.6226806640625
0.00261688232421876 -0.0783233642578125 -0.11578369140625 0.88824462890625
0.069000244140625 -0.0271987915039063 -0.439483642578125 0.441131591796875
0.105934143066406 0.00431060791015625 0.1407470703125 0.0121002197265625
0.0661811828613281 -0.0474967956542969 0.51947021484375 -0.59808349609375
0.00802993774414063 -0.0535926818847656 -0.10821533203125 -0.92864990234375
-0.0211906433105469 -0.00894546508789063 -0.729248046875 -0.31671142578125
0.000398635864257812 0.0216541290283203 -0.52557373046875 0.32476806640625
0.012568473815918 0.0113592147827148 -0.1492919921875 0.46875
0.0100584030151367 -0.00516128540039063 0.16424560546875 0.2958984375
0.0201797485351563 0.0248928070068359 0.261520385742188 0.0477294921875
0.0209178924560547 0.0305728912353516 -0.234603881835938 -0.137527465820312
0.0242691040039063 0.00252532958984375 -0.05194091796875 -0.34307861328125
0.0134162902832031 0.0169792175292969 0.3314208984375 -0.384552001953125
-0.00301551818847656 0.0284423828125 0.70623779296875 -0.07080078125
-0.0195426940917969 -0.0169315338134766 0.5701904296875 0.59637451171875
0.00662231445312499 -0.0899734497070313 -0.07977294921875 0.88909912109375
0.090789794921875 -0.0443038940429687 -0.43963623046875 0.46221923828125
0.136695861816406 -0.00449371337890625 0.111709594726563 0.0208053588867188
0.0889892578125 -0.0607681274414063 0.52911376953125 -0.57867431640625
0.0147285461425781 -0.0660858154296875 -0.0715332031249999 -0.93597412109375
-0.0259170532226563 -0.0157089233398437 -0.7222900390625 -0.348876953125
-0.00574302673339844 0.0233783721923828 -0.54217529296875 0.308746337890625
0.0109004974365234 0.0156192779541016 -0.16424560546875 0.466278076171875
0.00988197326660156 -0.00383567810058594 0.157196044921875 0.3026123046875
0.0213432312011719 0.0266780853271484 0.260452270507813 0.0535736083984375
0.0141887664794922 0.00882148742675781 -0.247695922851563 -0.10888671875
0.0210971832275391 -0.0254325866699219 -0.09478759765625 -0.32781982421875
0.0326023101806641 -0.0042572021484375 0.2510986328125 -0.418121337890625
0.0404281616210938 0.024871826171875 0.6500244140625 -0.19873046875
0.0120601654052734 0.0250911712646484 0.6461181640625 0.44403076171875
-0.034820556640625 0.000801086425781252 0.0734252929687501 0.87310791015625
-0.047698974609375 0.0452003479003906 -0.419342041015625 0.556610107421875
-0.0492591857910156 0.0454750061035156 0.01336669921875 0.08026123046875
-0.0296688079833984 0.0269393920898438 0.57489013671875 -0.46856689453125
-0.00621414184570313 0.0188941955566406 0.1064453125 -0.9571533203125
0.00942039489746094 0.0215873718261719 -0.65557861328125 -0.51397705078125
0.0322437286376953 0.01678466796875 -0.60321044921875 0.18603515625
0.0228404998779297 0.000209808349609375 -0.236663818359375 0.425323486328125
0.0102291107177734 -0.0317554473876953 0.12786865234375 0.310302734375
0.0153675079345703 2.76565551757813E-05 0.248123168945312 0.070159912109375
0.0145540237426758 0.00935649871826172 -0.244491577148438 -0.119094848632813
0.0241661071777344 -0.0237445831298828 -0.08026123046875 -0.3349609375
0.0331592559814453 -0.00314712524414063 0.279388427734375 -0.408294677734375
0.0374107360839844 0.0270957946777344 0.67205810546875 -0.1546630859375
0.00818061828613281 0.024932861328125 0.621826171875 0.4989013671875
-0.0358810424804688 -0.00120925903320313 0.01544189453125 0.87982177734375
-0.0518836975097656 0.0451698303222656 -0.42510986328125 0.518524169921875
-0.0542411804199219 0.046539306640625 0.0591812133789062 0.0615577697753906
-0.03076171875 0.0269069671630859 0.562744140625 -0.511474609375
-0.00647544860839844 0.0172328948974609 0.0371093749999999 -0.95416259765625
0.0101127624511719 0.0206451416015625 -0.6812744140625 -0.45147705078125
0.0301342010498047 0.0136280059814453 -0.57867431640625 0.22918701171875
0.0226516723632812 -0.00220680236816406 -0.206390380859375 0.437042236328125
0.00938606262207032 -0.0313129425048828 0.1385498046875 0.303192138671875
0.0142459869384766 0.00133991241455078 0.25006103515625 0.062896728515625
0.0135068893432617 0.0111675262451172 -0.24224853515625 -0.12896728515625
0.0263023376464844 -0.0205097198486328 -0.0640869140625 -0.341156005859375
0.0319290161132812 0.000335693359375 0.30841064453125 -0.395050048828125
0.0331058502197266 0.0278091430664063 0.69293212890625 -0.10888671875
0.00432968139648438 0.0209751129150391 0.59039306640625 0.54901123046875
-0.0345497131347656 -0.0103702545166016 -0.0426635742187499 0.88153076171875
-0.0436210632324219 0.0368576049804688 -0.4310302734375 0.483062744140625
-0.0402908325195313 0.0417823791503906 0.100593566894531 0.0413894653320313
-0.0201320648193359 0.0178413391113281 0.546905517578125 -0.55029296875
-0.00405454635620117 0.00853538513183594 -0.0289306640625001 -0.9420166015625
0.00791072845458984 0.0149679183959961 -0.70361328125 -0.38739013671875
0.0272731781005859 0.0114994049072266 -0.55096435546875 0.26904296875
0.0212364196777344 -0.00249671936035156 -0.176666259765625 0.446258544921875
0.00946807861328125 -0.0274219512939453 0.152099609375 0.296783447265625
0.0137863159179688 0.00456714630126953 0.254379272460938 0.05572509765625
0.0162773132324219 0.0143508911132813 -0.239181518554687 -0.136688232421875
0.0267753601074219 -0.0155467987060547 -0.051116943359375 -0.34344482421875
0.0295352935791016 0.0041351318359375 0.332489013671875 -0.382781982421875
0.0254955291748047 0.0278739929199219 0.70562744140625 -0.0689697265625
-0.00200748443603516 0.0119695663452148 0.561767578125 0.5904541015625
-0.0285625457763672 -0.0258655548095703 -0.0884399414062499 0.881103515625
-0.0230655670166016 0.0233860015869141 -0.433929443359375 0.456024169921875
-0.0122413635253906 0.03594970703125 0.133255004882812 0.0243148803710938
-0.00298309326171875 0.00460100173950195 0.532470703125 -0.580322265625
-0.00030827522277832 -0.00330829620361328 -0.0803222656249999 -0.93359375
0.00192832946777344 0.0102415084838867 -0.71917724609375 -0.3424072265625
0.0216617584228516 0.0124034881591797 -0.531890869140625 0.300811767578125
0.0197639465332031 -0.00144577026367187 -0.1563720703125 0.45538330078125
0.0102863311767578 -0.0231113433837891 0.161041259765625 0.2899169921875
0.0154991149902344 0.00906181335449219 0.256484985351563 0.0497589111328125
0.0161724090576172 0.0185546875 -0.235305786132812 -0.1402587890625
0.0270442962646484 -0.00994110107421875 -0.043853759765625 -0.34521484375
0.0245418548583984 0.00762557983398438 0.348236083984375 -0.374481201171875
0.0176010131835938 0.0274562835693359 0.71307373046875 -0.044677734375
-0.00781059265136719 0.00249862670898438 0.544677734375 0.61895751953125
-0.0175285339355469 -0.0429191589355469 -0.119384765625 0.8822021484375
0.00722503662109375 0.00675821304321289 -0.434783935546875 0.43896484375
0.0255584716796875 0.0272979736328125 0.151275634765625 0.0142059326171875
0.0182781219482422 -0.0130062103271484 0.52337646484375 -0.60113525390625
0.00167465209960938 -0.02099609375 -0.11083984375 -0.92608642578125
-0.00557327270507813 0.00260162353515625 -0.72430419921875 -0.313232421875
0.0141887664794922 0.0139198303222656 -0.518035888671875 0.320953369140625
0.0164756774902344 0.00197124481201172 -0.14300537109375 0.46124267578125
0.00999259948730469 -0.0182247161865234 0.1656494140625 0.28814697265625
0.0166893005371094 0.0151596069335937 0.259719848632813 0.0450592041015625
0.0196304321289062 0.0237083435058594 -0.23406982421875 -0.142562866210938
0.0266437530517578 -0.00401496887207031 -0.04144287109375 -0.345458984375
0.020477294921875 0.012908935546875 0.35223388671875 -0.37255859375
0.00876235961914063 0.0267295837402344 0.7137451171875 -0.03656005859375
-0.0123634338378906 -0.00768375396728516 0.5362548828125 0.6263427734375
-0.00682449340820312 -0.0602607727050781 -0.1253662109375 0.88214111328125
0.038543701171875 -0.0102043151855469 -0.435302734375 0.43292236328125
0.0659141540527344 0.0154533386230469 0.1531982421875 0.0097808837890625
0.0424690246582031 -0.029876708984375 0.51629638671875 -0.60345458984375
0.00395965576171875 -0.0379524230957031 -0.12255859375 -0.92156982421875
-0.0138521194458008 -0.00331974029541015 -0.72796630859375 -0.30029296875
0.00626754760742187 0.0177879333496094 -0.514190673828125 0.3294677734375
0.0155429840087891 0.0061187744140625 -0.13916015625 0.4642333984375
0.00865268707275391 -0.0111455917358398 0.16876220703125 0.2890625
0.0180282592773438 0.0203514099121094 0.26025390625 0.044525146484375
0.0199394226074219 0.0288848876953125 -0.234115600585938 -0.139190673828125
0.0257530212402344 -0.000925064086914062 -0.04547119140625 -0.34375
0.0175600051879883 0.0146455764770508 0.34417724609375 -0.37689208984375
0.00246429443359375 0.0265674591064453 0.70953369140625 -0.0439453125
-0.0169601440429688 -0.0139379501342773 0.54376220703125 0.61871337890625
0.00183868408203126 -0.0764312744140625 -0.11517333984375 0.88348388671875
0.06817626953125 -0.0280799865722656 -0.437835693359375 0.438323974609375
0.105224609375 0.0045166015625 0.138931274414063 0.0113906860351562
0.066650390625 -0.0473556518554687 0.51739501953125 -0.595458984375
0.00751495361328125 -0.0536956787109375 -0.106201171875 -0.92401123046875
-0.0213871002197266 -0.00875282287597656 -0.724853515625 -0.31353759765625
0.000612258911132814 0.0203971862792969 -0.52288818359375 0.325042724609375
0.0131216049194336 0.0117273330688477 -0.1468505859375 0.465179443359375
0.00967216491699219 -0.0060882568359375 0.16436767578125 0.29217529296875
0.0208034515380859 0.0237178802490234 0.261932373046875 0.0475616455078125
0.0218620300292969 0.0295524597167969 -0.237350463867188 -0.135101318359375
0.0240821838378906 0.00248336791992188 -0.05267333984375 -0.3404541015625
0.0133237838745117 0.0173835754394531 0.32861328125 -0.385894775390625
-0.00239944458007812 0.0275592803955078 0.70111083984375 -0.07177734375
-0.0202751159667969 -0.0185012817382813 0.56597900390625 0.59112548828125
0.00626373291015626 -0.08892822265625 -0.0792236328125001 0.88507080078125
0.09039306640625 -0.0430908203125 -0.43707275390625 0.458404541015625
0.136581420898438 -0.0030059814453125 0.111724853515625 0.0220413208007813
0.0878143310546875 -0.0606842041015625 0.52557373046875 -0.57305908203125
0.01483154296875 -0.0659523010253906 -0.0726928710937499 -0.93023681640625
-0.0264739990234375 -0.0149040222167969 -0.71923828125 -0.344970703125
-0.00492668151855469 0.0226650238037109 -0.540771484375 0.30950927734375
0.010920524597168 0.0143756866455078 -0.162689208984375 0.465484619140625
0.0086817741394043 -0.00287818908691406 0.1585693359375 0.30133056640625
0.0211811065673828 0.0259265899658203 0.259963989257813 0.0532073974609375
0.0145235061645508 0.008270263671875 -0.247543334960938 -0.108627319335938
0.0217247009277344 -0.0260219573974609 -0.096893310546875 -0.326141357421875
0.0316524505615234 -0.00343704223632813 0.249298095703125 -0.418121337890625
0.039642333984375 0.0269126892089844 0.6475830078125 -0.199462890625
0.0117759704589844 0.0251750946044922 0.6434326171875 0.44207763671875
-0.0353164672851562 0.001953125 0.07147216796875 0.87066650390625
-0.0472984313964844 0.0444068908691406 -0.4176025390625 0.5548095703125
-0.0503654479980469 0.045379638671875 0.0135345458984375 0.0793914794921875
-0.0296516418457031 0.0258407592773437 0.57208251953125 -0.46539306640625
-0.00676727294921875 0.0189933776855469 0.108154296875 -0.9556884765625
0.00996589660644531 0.0211830139160156 -0.65118408203125 -0.51226806640625
0.0319671630859375 0.0154056549072266 -0.6005859375 0.1885986328125
0.0225048065185547 -0.000188827514648438 -0.23480224609375 0.424224853515625
0.00898933410644531 -0.0312519073486328 0.12823486328125 0.30755615234375
0.0162286758422852 7.62939453125E-05 0.247726440429688 0.0694732666015625
0.0146093368530273 0.0092620849609375 -0.245285034179688 -0.119186401367188
0.0235729217529297 -0.0234699249267578 -0.08135986328125 -0.33270263671875
0.0334606170654297 -0.00220680236816406 0.27899169921875 -0.40692138671875
0.0378303527832031 0.0267143249511719 0.667724609375 -0.15606689453125
0.00716590881347656 0.0238437652587891 0.61822509765625 0.49395751953125
-0.0372390747070313 -0.000438690185546877 0.0141601562499999 0.87493896484375
-0.0511054992675781 0.045562744140625 -0.426605224609375 0.517059326171875
-0.0535011291503906 0.0461273193359375 0.0577392578125 0.0608444213867187
-0.0301780700683594 0.0260486602783203 0.560455322265625 -0.509185791015625
-0.00642013549804687 0.0182018280029297 0.03759765625 -0.94927978515625
0.00977706909179687 0.0198459625244141 -0.67950439453125 -0.44940185546875
0.0302371978759766 0.0125579833984375 -0.5765380859375 0.23052978515625
0.0228176116943359 -0.00243568420410156 -0.205352783203125 0.436004638671875
0.00955772399902344 -0.0296859741210938 0.140655517578125 0.30181884765625
0.0149869918823242 0.00130939483642578 0.249923706054688 0.061798095703125
0.013331413269043 0.00970649719238281 -0.244033813476563 -0.127182006835937
0.0253353118896484 -0.0201873779296875 -0.0660400390625 -0.339447021484375
0.0318031311035156 -0.000455856323242188 0.306671142578125 -0.39306640625
0.0323028564453125 0.0278606414794922 0.69012451171875 -0.10931396484375
0.00247955322265625 0.0198116302490234 0.58892822265625 0.54681396484375
-0.03399658203125 -0.0102653503417969 -0.04400634765625 0.87750244140625
-0.0433731079101562 0.0378646850585938 -0.431121826171875 0.480987548828125
-0.0404815673828125 0.0429878234863281 0.1007080078125 0.04132080078125
-0.0198154449462891 0.0195178985595703 0.546112060546875 -0.54656982421875
-0.00336313247680664 0.00859260559082031 -0.0296630859375 -0.93896484375
0.00732803344726562 0.0156574249267578 -0.70196533203125 -0.3851318359375
0.0260639190673828 0.0118503570556641 -0.550384521484375 0.269744873046875
0.0186691284179688 -0.0032501220703125 -0.174957275390625 0.44708251953125
0.00870323181152344 -0.0275630950927734 0.152923583984375 0.296356201171875
0.0145378112792969 0.00467014312744141 0.253997802734375 0.0550994873046875
0.0157899856567383 0.0129184722900391 -0.237884521484375 -0.135238647460938
0.0264377593994141 -0.0144691467285156 -0.052490234375 -0.34246826171875
0.0300617218017578 0.00331878662109375 0.331085205078125 -0.381622314453125
0.0239849090576172 0.0263271331787109 0.70220947265625 -0.07037353515625
-0.00338649749755859 0.0122957229614258 0.5596923828125 0.58740234375
-0.0281391143798828 -0.0248928070068359 -0.0909423828125 0.876708984375
-0.0225868225097656 0.0236339569091797 -0.43218994140625 0.45343017578125
-0.0113754272460938 0.0353050231933594 0.132598876953125 0.0248031616210938
-0.00247478485107422 0.00479745864868164 0.5322265625 -0.579833984375
-0.000899553298950196 -0.00393438339233398 -0.0791015625000001 -0.9312744140625
0.00270557403564453 0.00860881805419922 -0.7156982421875 -0.3397216796875
0.0208606719970703 0.0114383697509766 -0.5291748046875 0.299072265625
0.0188560485839844 -0.000919342041015625 -0.1533203125 0.455780029296875
0.00925445556640625 -0.0232334136962891 0.161163330078125 0.290557861328125
0.0154647827148438 0.00914382934570313 0.256546020507813 0.0482330322265625
0.0180797576904297 0.0186538696289063 -0.235855102539063 -0.139785766601563
0.0272121429443359 -0.0105133056640625 -0.0447998046875 -0.34405517578125
0.0258541107177734 0.00736427307128906 0.344573974609375 -0.374725341796875
0.0163631439208984 0.0251655578613281 0.70855712890625 -0.04583740234375
-0.00836610794067383 0.00141000747680664 0.54010009765625 0.61468505859375
-0.0173873901367188 -0.0429573059082031 -0.11798095703125 0.878662109375
0.00594091415405273 0.00771760940551758 -0.433258056640625 0.43536376953125
0.0250511169433594 0.0263423919677734 0.15020751953125 0.0132598876953125
0.0189552307128906 -0.0111961364746094 0.51947021484375 -0.5966796875
0.000793457031249999 -0.0198078155517578 -0.110107421875 -0.9217529296875
-0.00491428375244141 0.00251150131225586 -0.72259521484375 -0.31134033203125
0.0139532089233398 0.0141572952270508 -0.517425537109375 0.320037841796875
0.0160379409790039 0.0022735595703125 -0.140106201171875 0.458526611328125
0.00882720947265625 -0.0169954299926758 0.1673583984375 0.28668212890625
0.0177707672119141 0.0142364501953125 0.258590698242188 0.044036865234375
0.0201797485351563 0.0234699249267578 -0.23382568359375 -0.142181396484375
0.0266246795654297 -0.00515174865722656 -0.0426025390625 -0.3447265625
0.0206565856933594 0.012115478515625 0.34918212890625 -0.373779296875
0.00937080383300781 0.0260429382324219 0.71209716796875 -0.0367431640625
-0.0132083892822266 -0.00756168365478515 0.53564453125 0.62225341796875
-0.00661468505859375 -0.0610160827636719 -0.12579345703125 0.879150390625
0.0373497009277344 -0.009765625 -0.435882568359375 0.430694580078125
0.0656623840332031 0.0151138305664063 0.153396606445313 0.009613037109375
0.0423622131347656 -0.030487060546875 0.5152587890625 -0.60040283203125
0.00469589233398437 -0.0374679565429688 -0.12005615234375 -0.91986083984375
-0.0146522521972656 -0.00361061096191406 -0.7244873046875 -0.29803466796875
0.00588798522949219 0.0168933868408203 -0.51483154296875 0.33050537109375
0.0150003433227539 0.00723648071289062 -0.137847900390625 0.463592529296875
0.00876140594482422 -0.0110139846801758 0.168731689453125 0.28741455078125
0.0194969177246094 0.0202445983886719 0.260177612304688 0.043853759765625
0.0216178894042969 0.0278396606445313 -0.234771728515625 -0.139450073242187
0.0254383087158203 -0.0008087158203125 -0.045745849609375 -0.342376708984375
0.017024040222168 0.0150041580200195 0.343231201171875 -0.37786865234375
0.00277328491210937 0.0256366729736328 0.70587158203125 -0.04669189453125
-0.0170001983642578 -0.0150661468505859 0.54315185546875 0.612548828125
0.0015411376953125 -0.0770797729492188 -0.11407470703125 0.87933349609375
0.0688362121582031 -0.0268020629882813 -0.4366455078125 0.438201904296875
0.104927062988281 0.0059051513671875 0.138542175292969 0.012725830078125
0.0651206970214844 -0.047515869140625 0.5159912109375 -0.59136962890625
0.00815200805664063 -0.0529632568359375 -0.10638427734375 -0.9212646484375
-0.0217266082763672 -0.01019287109375 -0.72265625 -0.312255859375
0.000425338745117188 0.0198554992675781 -0.520965576171875 0.32440185546875
0.0127124786376953 0.0114583969116211 -0.144287109375 0.464080810546875
0.00920677185058594 -0.00642776489257813 0.16717529296875 0.293121337890625
0.0217247009277344 0.0241241455078125 0.261306762695313 0.0469970703125
0.0221691131591797 0.0301933288574219 -0.236679077148438 -0.13470458984375
0.0243473052978516 0.00293731689453125 -0.054962158203125 -0.339080810546875
0.0133743286132812 0.0180912017822266 0.327606201171875 -0.386199951171875
-0.0022735595703125 0.0276851654052734 0.69781494140625 -0.07275390625
-0.0202350616455078 -0.0184440612792969 0.56494140625 0.58477783203125
0.0056915283203125 -0.088226318359375 -0.07818603515625 0.8807373046875
0.0898818969726563 -0.0430908203125 -0.4361572265625 0.455963134765625
0.136871337890625 -0.002960205078125 0.110580444335938 0.0224990844726563
0.0875473022460938 -0.0605545043945312 0.52435302734375 -0.5706787109375
0.0126075744628906 -0.0647697448730469 -0.0733642578125 -0.92645263671875
-0.0259075164794922 -0.0144767761230469 -0.713623046875 -0.3448486328125
-0.00448989868164063 0.0224266052246094 -0.5384521484375 0.30877685546875
0.0115022659301758 0.0139331817626953 -0.162506103515625 0.463287353515625
0.00815916061401367 -0.00330018997192383 0.1600341796875 0.299713134765625
0.0219459533691406 0.0251808166503906 0.259841918945313 0.0522918701171875
0.0164470672607422 0.00876235961914063 -0.24847412109375 -0.10906982421875
0.0215568542480469 -0.0276622772216797 -0.096832275390625 -0.325347900390625
0.0331611633300781 -0.00429153442382813 0.2498779296875 -0.417816162109375
0.0395774841308594 0.0241279602050781 0.64605712890625 -0.20001220703125
0.0114383697509766 0.0240726470947266 0.64300537109375 0.44036865234375
-0.0364494323730469 0.00292587280273438 0.071044921875 0.86773681640625
-0.0478096008300781 0.0452232360839844 -0.41668701171875 0.5528564453125
-0.0498275756835937 0.0448417663574219 0.01239013671875 0.0799179077148438
-0.0295982360839844 0.026824951171875 0.5714111328125 -0.46337890625
-0.0063323974609375 0.0186729431152344 0.1102294921875 -0.9521484375
0.00994491577148438 0.0214138031005859 -0.65008544921875 -0.510986328125
0.0317153930664062 0.014495849609375 -0.6016845703125 0.18572998046875
0.0228366851806641 0.00037384033203125 -0.2347412109375 0.422760009765625
0.0090179443359375 -0.0314235687255859 0.129364013671875 0.3084716796875
0.0169162750244141 -0.000494956970214844 0.2484130859375 0.0695037841796875
0.0158100128173828 0.00864601135253906 -0.246688842773437 -0.118576049804688
0.0251140594482422 -0.0239543914794922 -0.082763671875 -0.331787109375
0.0319423675537109 -0.00341415405273438 0.2769775390625 -0.407928466796875
0.0373153686523437 0.0254325866699219 0.669189453125 -0.15673828125
0.00825309753417969 0.02374267578125 0.6162109375 0.49139404296875
-0.0364112854003906 -0.000461578369140622 0.0134277343750001 0.87298583984375
-0.0505218505859375 0.0454139709472656 -0.424346923828125 0.515106201171875
-0.0534515380859375 0.04559326171875 0.0574722290039063 0.0613632202148438
-0.0288619995117188 0.0259075164794922 0.559173583984375 -0.5074462890625
-0.00575542449951172 0.0172243118286133 0.0386962890625001 -0.94775390625
0.00994491577148438 0.0181941986083984 -0.67889404296875 -0.4495849609375
0.0304393768310547 0.01214599609375 -0.575927734375 0.22906494140625
0.0210609436035156 -0.00214767456054688 -0.204132080078125 0.436737060546875
0.00875663757324219 -0.0311756134033203 0.14202880859375 0.30029296875
0.0158967971801758 -5.91278076171875E-05 0.251510620117188 0.0626373291015625
0.015284538269043 0.00979995727539063 -0.243331909179688 -0.127532958984375
0.0254783630371094 -0.0198154449462891 -0.0667724609375 -0.33837890625
0.0325508117675781 -0.00131416320800781 0.3070068359375 -0.394012451171875
0.0337944030761719 0.0260505676269531 0.68829345703125 -0.11077880859375
0.00351905822753906 0.0191612243652344 0.58551025390625 0.5452880859375
-0.0342559814453125 -0.00935935974121093 -0.0450439453125 0.876220703125
-0.0454444885253906 0.0389442443847656 -0.432464599609375 0.479339599609375
-0.039947509765625 0.0424728393554688 0.0994949340820313 0.040985107421875
-0.0206356048583984 0.0189628601074219 0.545013427734375 -0.545806884765625
-0.00486946105957031 0.00871419906616211 -0.0285034179687499 -0.9366455078125
0.0083150863647461 0.0151958465576172 -0.7001953125 -0.38677978515625
0.0260410308837891 0.0103282928466797 -0.550079345703125 0.269317626953125
0.0194492340087891 -0.00340652465820313 -0.17669677734375 0.44598388671875
0.00900650024414063 -0.0280933380126953 0.153472900390625 0.294952392578125
0.0138187408447266 0.00502395629882813 0.254470825195313 0.055908203125
0.0176849365234375 0.0138778686523437 -0.240097045898437 -0.135345458984375
0.0267467498779297 -0.0157089233398438 -0.0538330078125 -0.34130859375
0.0301246643066406 0.00363922119140625 0.33050537109375 -0.3829345703125
0.0258369445800781 0.0253696441650391 0.702392578125 -0.0704345703125
-0.00247287750244141 0.0124139785766602 0.55926513671875 0.5867919921875
-0.0271186828613281 -0.0230655670166016 -0.09136962890625 0.873779296875
-0.0222949981689453 0.0238399505615234 -0.43145751953125 0.452484130859375
-0.0121364593505859 0.0348358154296875 0.131446838378906 0.0253372192382813
-0.00337362289428711 0.00510311126708984 0.530517578125 -0.5750732421875
0.000171422958374023 -0.00407290458679199 -0.0795288085937499 -0.92926025390625
0.00149345397949219 0.00886440277099609 -0.71453857421875 -0.33953857421875
0.0206966400146484 0.0119380950927734 -0.528900146484375 0.29949951171875
0.0178394317626953 -0.00134849548339844 -0.15203857421875 0.45440673828125
0.0100688934326172 -0.0233364105224609 0.161834716796875 0.288909912109375
0.0160713195800781 0.00851726531982422 0.257553100585938 0.0480194091796875
0.0179882049560547 0.0178337097167969 -0.23681640625 -0.140335083007813
0.0260200500488281 -0.0100116729736328 -0.0458984375 -0.343048095703125
0.0274543762207031 0.00834083557128906 0.34490966796875 -0.37542724609375
0.0174713134765625 0.0263252258300781 0.709716796875 -0.04669189453125
-0.00795888900756836 0.00112438201904297 0.53814697265625 0.61328125
-0.0179557800292969 -0.0411529541015625 -0.12017822265625 0.87542724609375
0.00494289398193359 0.00843143463134766 -0.433746337890625 0.43365478515625
0.0246696472167969 0.0264244079589844 0.149398803710937 0.0155792236328125
0.0187835693359375 -0.0118865966796875 0.52142333984375 -0.59478759765625
0.00157546997070312 -0.0200099945068359 -0.10968017578125 -0.92022705078125
-0.00609350204467773 0.00296163558959961 -0.7230224609375 -0.31195068359375
0.0141735076904297 0.0144853591918945 -0.51611328125 0.320648193359375
0.0164394378662109 0.00193500518798828 -0.140777587890625 0.45941162109375
0.00831413269042969 -0.0162477493286133 0.168609619140625 0.286346435546875
0.0183219909667969 0.0157184600830078 0.258895874023438 0.044403076171875
0.0203037261962891 0.0237102508544922 -0.235122680664062 -0.142333984375
0.0262928009033203 -0.00454330444335938 -0.043426513671875 -0.3433837890625
0.0203304290771484 0.0119552612304688 0.34735107421875 -0.375335693359375
0.00747108459472656 0.0255680084228516 0.70965576171875 -0.03753662109375
-0.0142240524291992 -0.00821781158447266 0.53265380859375 0.61993408203125
-0.0066375732421875 -0.0597267150878906 -0.1279296875 0.87603759765625
0.0376968383789063 -0.00946044921875 -0.435638427734375 0.428314208984375
0.0657119750976563 0.0156021118164063 0.153060913085938 0.0084991455078125
0.0425682067871094 -0.0306587219238281 0.51312255859375 -0.59857177734375
0.00326156616210937 -0.0371208190917969 -0.1201171875 -0.9169921875
-0.0151433944702148 -0.00358295440673828 -0.72259521484375 -0.2977294921875
0.00688266754150391 0.0163202285766602 -0.5125732421875 0.329803466796875
0.014286994934082 0.00716972351074219 -0.135986328125 0.4635009765625
0.00837612152099609 -0.0114774703979492 0.170806884765625 0.287139892578125
0.0195999145507813 0.0189838409423828 0.261138916015625 0.0444183349609375
0.0206451416015625 0.0276966094970703 -0.2352294921875 -0.140045166015625
0.0248165130615234 -0.000413894653320313 -0.0458984375 -0.3409423828125
0.0167598724365234 0.0168771743774414 0.343048095703125 -0.37481689453125
0.00260543823242188 0.0256729125976563 0.70635986328125 -0.0478515625
-0.0178565979003906 -0.0160045623779297 0.5394287109375 0.61083984375
0.00130462646484376 -0.0772247314453125 -0.1136474609375 0.877685546875
0.0685806274414063 -0.0269966125488281 -0.4361572265625 0.43414306640625
0.102928161621094 0.00505828857421875 0.137985229492188 0.0134658813476563
0.0641899108886719 -0.0484046936035156 0.5174560546875 -0.58984375
0.00644683837890625 -0.0525779724121094 -0.1031494140625 -0.91571044921875
-0.0211601257324219 -0.0100746154785156 -0.72100830078125 -0.3111572265625
0.000125885009765626 0.0197544097900391 -0.520111083984375 0.325408935546875
0.0124130249023438 0.0108194351196289 -0.14276123046875 0.46380615234375
0.00929927825927734 -0.00689697265625 0.169830322265625 0.291778564453125
0.0219326019287109 0.0228004455566406 0.261215209960938 0.045684814453125
0.0233936309814453 0.0296955108642578 -0.237213134765625 -0.134414672851563
0.0249748229980469 0.00240135192871094 -0.05596923828125 -0.3380126953125
0.0141048431396484 0.0179805755615234 0.325164794921875 -0.385986328125
-0.0018310546875 0.0266571044921875 0.696533203125 -0.0748291015625
-0.0209102630615234 -0.0181255340576172 0.561767578125 0.58477783203125
0.00679779052734374 -0.0886917114257813 -0.078857421875 0.876953125
0.0900497436523438 -0.042388916015625 -0.43585205078125 0.452880859375
0.136611938476563 -0.00360107421875 0.111030578613281 0.0229263305664063
0.0894393920898438 -0.0605087280273438 0.5238037109375 -0.56658935546875
0.013580322265625 -0.0656394958496094 -0.07147216796875 -0.92572021484375
-0.0264263153076172 -0.0148353576660156 -0.7142333984375 -0.3446044921875
-0.00613212585449219 0.0223312377929688 -0.536834716796875 0.307861328125
0.00995349884033203 0.0149650573730469 -0.16009521484375 0.4639892578125
0.00711441040039063 -0.00255489349365234 0.162200927734375 0.29888916015625
0.0223903656005859 0.0258369445800781 0.261032104492188 0.0521392822265625
0.0176639556884766 0.00887870788574219 -0.249465942382812 -0.107101440429688
0.0217037200927734 -0.0252094268798828 -0.09765625 -0.32440185546875
0.0324497222900391 -0.00389671325683594 0.248138427734375 -0.419586181640625
0.0394096374511719 0.025238037109375 0.64654541015625 -0.20233154296875
0.0100498199462891 0.0231685638427734 0.64056396484375 0.4376220703125
-0.0361671447753906 0.00268554687500001 0.0695190429687501 0.86724853515625
-0.0484504699707031 0.0444488525390625 -0.41925048828125 0.552398681640625
-0.0501365661621094 0.0446624755859375 0.0133743286132812 0.079193115234375
-0.0294532775878906 0.0258350372314453 0.572998046875 -0.4605712890625
-0.00725746154785156 0.0193252563476563 0.1103515625 -0.95281982421875
0.00864601135253906 0.0207462310791016 -0.64947509765625 -0.5108642578125
0.0312576293945313 0.0146732330322266 -0.60089111328125 0.18701171875
0.023101806640625 0.00101661682128906 -0.23297119140625 0.424560546875
0.00876617431640625 -0.0317039489746094 0.13177490234375 0.3067626953125
0.0170803070068359 -0.000814437866210938 0.248580932617188 0.0699005126953125
0.0173282623291016 0.008544921875 -0.246994018554688 -0.11859130859375
0.0229949951171875 -0.0241622924804687 -0.082611083984375 -0.33160400390625
0.0336799621582031 -0.00275039672851563 0.27813720703125 -0.40655517578125
0.03668212890625 0.0246200561523438 0.66888427734375 -0.15850830078125
0.00719451904296875 0.0233497619628906 0.61505126953125 0.4915771484375
-0.0376853942871094 0.000415802001953126 0.011962890625 0.8717041015625
-0.0531234741210938 0.0446548461914063 -0.424835205078125 0.51654052734375
-0.0542373657226563 0.0459251403808594 0.0575523376464844 0.0611953735351563
-0.0302906036376953 0.0258026123046875 0.5599365234375 -0.504608154296875
-0.00748062133789063 0.0176162719726563 0.0409545898437501 -0.94781494140625
0.0089874267578125 0.0187587738037109 -0.67822265625 -0.4500732421875
0.0307521820068359 0.0105113983154297 -0.576171875 0.2294921875
0.0221443176269531 -0.0011444091796875 -0.2027587890625 0.43634033203125
0.00927734375 -0.0296859741210938 0.14239501953125 0.300048828125
0.0155487060546875 0.000552177429199219 0.25146484375 0.0616455078125
0.016047477722168 0.00866413116455078 -0.243896484375 -0.126998901367187
0.0267734527587891 -0.0213146209716797 -0.066680908203125 -0.3380126953125
0.0317153930664063 -0.00054931640625 0.305999755859375 -0.396453857421875
0.0324115753173828 0.0263042449951172 0.6873779296875 -0.1109619140625
0.00203323364257812 0.0185985565185547 0.58416748046875 0.54168701171875
-0.0335178375244141 -0.00957489013671875 -0.0475463867187499 0.873779296875
-0.0437469482421875 0.0372848510742187 -0.431365966796875 0.47613525390625
-0.0414009094238281 0.0425949096679688 0.099884033203125 0.0416946411132812
-0.0213432312011719 0.0184440612792969 0.545379638671875 -0.542755126953125
-0.00467252731323242 0.00852680206298828 -0.0272827148437501 -0.9376220703125
0.00696945190429688 0.0142860412597656 -0.70098876953125 -0.38665771484375
0.0262165069580078 0.0104331970214844 -0.549835205078125 0.271240234375
0.0195636749267578 -0.00194358825683594 -0.17523193359375 0.44708251953125
0.00758934020996093 -0.0266876220703125 0.15496826171875 0.293853759765625
0.0146980285644531 0.00308990478515625 0.254745483398438 0.054779052734375
0.0168972015380859 0.0145864486694336 -0.23974609375 -0.134307861328125
0.0278091430664062 -0.0162887573242188 -0.0555419921875 -0.342193603515625
0.0296688079833984 0.00344276428222656 0.33056640625 -0.384735107421875
0.0251941680908203 0.0253524780273437 0.70001220703125 -0.0709228515625
-0.00355339050292969 0.0109920501708984 0.55792236328125 0.58636474609375
-0.0285434722900391 -0.0245380401611328 -0.0924072265625001 0.8751220703125
-0.0227851867675781 0.0234184265136719 -0.432220458984375 0.44976806640625
-0.0126571655273437 0.03582763671875 0.130767822265625 0.0253372192382813
-0.00379562377929688 0.00462579727172852 0.53131103515625 -0.57293701171875
-0.00158548355102539 -0.00482463836669922 -0.07855224609375 -0.9295654296875
0.00160932540893555 0.00805425643920898 -0.71484375 -0.33978271484375
0.0206279754638672 0.0115261077880859 -0.526611328125 0.302032470703125
0.0175857543945313 -0.00241661071777344 -0.15142822265625 0.454833984375
0.00787353515625 -0.0212078094482422 0.164398193359375 0.287841796875
0.0173635482788086 0.00894737243652344 0.257049560546875 0.04779052734375
0.0203647613525391 0.0178775787353516 -0.2373046875 -0.139434814453125
0.0261821746826172 -0.0091552734375 -0.046356201171875 -0.34136962890625
0.0253047943115234 0.00688743591308594 0.34326171875 -0.377593994140625
0.0156421661376953 0.0249996185302734 0.70855712890625 -0.04791259765625
-0.00893878936767578 0.000505447387695312 0.53680419921875 0.61138916015625
-0.0174903869628906 -0.0412368774414063 -0.1209716796875 0.87445068359375
0.0054631233215332 0.00811433792114258 -0.434173583984375 0.433258056640625
0.0246868133544922 0.0263843536376953 0.14862060546875 0.015716552734375
0.0179176330566406 -0.0111865997314453 0.5216064453125 -0.59466552734375
-0.000123977661132812 -0.0203342437744141 -0.10833740234375 -0.920654296875
-0.00579261779785156 0.00169277191162109 -0.72027587890625 -0.31048583984375
0.0130977630615234 0.0124645233154297 -0.516326904296875 0.321136474609375
0.0165576934814453 0.000988960266113281 -0.13958740234375 0.459320068359375
0.007720947265625 -0.0169506072998047 0.16986083984375 0.286163330078125
0.0199108123779297 0.0145950317382813 0.259506225585938 0.044647216796875
0.0217609405517578 0.0217742919921875 -0.236053466796875 -0.14056396484375
0.0265274047851562 -0.00488662719726563 -0.044189453125 -0.34185791015625
0.0213756561279297 0.0118217468261719 0.346435546875 -0.374420166015625
0.00806236267089844 0.0251808166503906 0.7100830078125 -0.04119873046875
-0.0137977600097656 -0.00860404968261719 0.5318603515625 0.61932373046875
-0.00711822509765625 -0.0586891174316406 -0.12689208984375 0.87518310546875
0.03790283203125 -0.00956344604492188 -0.434600830078125 0.427337646484375
0.0653114318847656 0.0155563354492188 0.152191162109375 0.010650634765625
0.0418701171875 -0.0293731689453125 0.515625 -0.5977783203125
0.00316619873046875 -0.03692626953125 -0.117431640625 -0.9173583984375
-0.0135269165039063 -0.00421905517578125 -0.72430419921875 -0.29669189453125
0.00768661499023438 0.0162124633789062 -0.512298583984375 0.33026123046875
0.0146265029907227 0.00728225708007813 -0.1363525390625 0.464019775390625
0.00921249389648438 -0.0109481811523438 0.170806884765625 0.286224365234375
0.0212860107421875 0.0196685791015625 0.260467529296875 0.0440216064453125
0.0237655639648438 0.0283946990966797 -0.235076904296875 -0.13873291015625
0.0268344879150391 0.0004425048828125 -0.047027587890625 -0.34027099609375
0.0173015594482422 0.0158395767211914 0.34149169921875 -0.378265380859375
0.00226593017578125 0.0245761871337891 0.70599365234375 -0.049072265625
-0.0174903869628906 -0.0152769088745117 0.53961181640625 0.6103515625
0.0013275146484375 -0.0755767822265625 -0.1156005859375 0.8768310546875
0.0683937072753906 -0.0271682739257813 -0.43719482421875 0.435760498046875
0.104255676269531 0.00608062744140625 0.138381958007813 0.0136489868164062
0.0656394958496094 -0.0473403930664063 0.51715087890625 -0.5869140625
0.00814437866210937 -0.0527153015136719 -0.10443115234375 -0.91998291015625
-0.0215129852294922 -0.00986671447753907 -0.7215576171875 -0.31048583984375
0.00113296508789062 0.0193576812744141 -0.521087646484375 0.3251953125
0.0130987167358398 0.0110759735107422 -0.14263916015625 0.464141845703125
0.00827646255493164 -0.00578117370605469 0.1689453125 0.29052734375
0.0230922698974609 0.0232295989990234 0.262557983398438 0.0462799072265625
0.02447509765625 0.0301322937011719 -0.238739013671875 -0.133590698242188
0.0247592926025391 0.00285148620605469 -0.055816650390625 -0.338134765625
0.0154237747192383 0.0172586441040039 0.32293701171875 -0.386871337890625
-0.00279426574707031 0.0263042449951172 0.697509765625 -0.07696533203125
-0.021728515625 -0.0191078186035156 0.56292724609375 0.58465576171875
0.005950927734375 -0.0882034301757813 -0.0824584960937501 0.876953125
0.090545654296875 -0.0425796508789063 -0.438262939453125 0.45294189453125
0.136726379394531 -0.00240325927734375 0.109809875488281 0.0232162475585937
0.0879898071289063 -0.0592803955078125 0.52362060546875 -0.5677490234375
0.0137710571289062 -0.0649604797363281 -0.070068359375 -0.9256591796875
-0.0273056030273438 -0.01519775390625 -0.7135009765625 -0.344482421875
-0.00424003601074219 0.0213222503662109 -0.53924560546875 0.309051513671875
0.010432243347168 0.0142726898193359 -0.1593017578125 0.46356201171875
0.00710010528564453 -0.00350475311279297 0.161468505859375 0.299041748046875
0.0236110687255859 0.0252456665039063 0.261383056640625 0.0516510009765625
0.0173807144165039 0.00775337219238281 -0.25238037109375 -0.107101440429687
0.0231761932373047 -0.0267257690429688 -0.09930419921875 -0.32476806640625
0.0333042144775391 -0.00392341613769531 0.247772216796875 -0.420166015625
0.0395088195800781 0.0250816345214844 0.6466064453125 -0.20306396484375
0.00874519348144531 0.0229873657226563 0.64007568359375 0.438720703125
-0.036773681640625 0.003143310546875 0.0675048828124999 0.8690185546875
-0.0481033325195312 0.0445556640625 -0.41876220703125 0.55133056640625
-0.0495681762695313 0.0458259582519531 0.0120697021484375 0.0804290771484375
-0.0298309326171875 0.0255565643310547 0.5751953125 -0.46063232421875
-0.00775146484375 0.0188732147216797 0.11090087890625 -0.9530029296875
0.00748062133789062 0.0209579467773438 -0.6513671875 -0.51483154296875
0.0308818817138672 0.0141105651855469 -0.6007080078125 0.1871337890625
0.0217571258544922 0.000644683837890625 -0.2332763671875 0.42626953125
0.00800514221191407 -0.0300731658935547 0.132354736328125 0.3065185546875
0.0187873840332031 -0.00123023986816406 0.249786376953125 0.069671630859375
0.0167932510375977 0.00697135925292969 -0.24774169921875 -0.117919921875
0.0237693786621094 -0.0241737365722656 -0.08380126953125 -0.3311767578125
0.0340995788574219 -0.00260353088378906 0.27764892578125 -0.409423828125
0.0374984741210937 0.025909423828125 0.66961669921875 -0.159423828125
0.00677299499511719 0.0239162445068359 0.61602783203125 0.4906005859375
-0.0377082824707031 0.00136566162109375 0.01220703125 0.87164306640625
-0.05126953125 0.0453681945800781 -0.42742919921875 0.51483154296875
-0.0538864135742188 0.0465545654296875 0.0565261840820313 0.060943603515625
-0.0307941436767578 0.0262546539306641 0.5616455078125 -0.50299072265625
-0.00807380676269531 0.0180511474609375 0.0400390625 -0.94915771484375
0.00952720642089844 0.0189495086669922 -0.6776123046875 -0.44805908203125
0.0298500061035156 0.0112705230712891 -0.57708740234375 0.231201171875
0.0223846435546875 -0.0012359619140625 -0.204010009765625 0.437164306640625
0.00890350341796875 -0.0291728973388672 0.144256591796875 0.300140380859375
0.0172853469848633 0.000475883483886719 0.251693725585938 0.0621795654296875
0.0171823501586914 0.00857734680175781 -0.245391845703125 -0.127731323242187
0.0262260437011719 -0.0209827423095703 -0.068084716796875 -0.338287353515625
0.0335483551025391 0.000244140625 0.305908203125 -0.397705078125
0.0319309234619141 0.0258712768554688 0.69000244140625 -0.1123046875
0.00146102905273437 0.01727294921875 0.58502197265625 0.5411376953125
-0.0342063903808594 -0.00835418701171874 -0.04669189453125 0.87615966796875
-0.0447425842285156 0.0375137329101563 -0.43170166015625 0.47705078125
-0.0398712158203125 0.0421562194824219 0.0990447998046875 0.0419769287109375
-0.0199794769287109 0.0181865692138672 0.54571533203125 -0.54296875
-0.0048065185546875 0.00944042205810547 -0.02679443359375 -0.93896484375
0.00778770446777344 0.0144176483154297 -0.7010498046875 -0.38818359375
0.0262260437011719 0.0104122161865234 -0.549285888671875 0.2696533203125
0.01824951171875 -0.00324249267578125 -0.174774169921875 0.447540283203125
0.00847816467285156 -0.02587890625 0.15618896484375 0.294403076171875
0.0159120559692383 0.00380897521972656 0.256103515625 0.0551605224609375
0.0198554992675781 0.0129375457763672 -0.243133544921875 -0.13360595703125
0.0266075134277344 -0.0152454376220703 -0.05560302734375 -0.3408203125
0.0304088592529297 0.00391960144042969 0.3294677734375 -0.384674072265625
0.0251026153564453 0.0253143310546875 0.701904296875 -0.07415771484375
-0.00418949127197266 0.0101852416992188 0.55828857421875 0.58428955078125
-0.0284252166748047 -0.0230674743652344 -0.0938110351562501 0.8741455078125
-0.0239143371582031 0.0245227813720703 -0.43438720703125 0.449188232421875
-0.0109405517578125 0.0351295471191406 0.130172729492187 0.0262832641601563
-0.00417470932006836 0.00611305236816406 0.53179931640625 -0.5728759765625
-0.00166940689086914 -0.0044708251953125 -0.0755004882812501 -0.92926025390625
0.00112056732177734 0.00878810882568359 -0.71527099609375 -0.3411865234375
0.0206890106201172 0.009674072265625 -0.5296630859375 0.302703857421875
0.0176258087158203 -0.000453948974609375 -0.15155029296875 0.4552001953125
0.00789451599121094 -0.0219135284423828 0.1663818359375 0.29046630859375
0.0183582305908203 0.007781982421875 0.258544921875 0.048675537109375
0.0209865570068359 0.0168895721435547 -0.239105224609375 -0.138107299804688
0.0277194976806641 -0.01055908203125 -0.047271728515625 -0.34326171875
0.0257072448730469 0.00762939453125 0.3438720703125 -0.3785400390625
0.0172882080078125 0.0243873596191406 0.70947265625 -0.05078125
-0.00995063781738281 0.00111865997314453 0.537353515625 0.61126708984375
-0.0185470581054687 -0.0402870178222656 -0.12158203125 0.87567138671875
0.00565052032470703 0.00845766067504883 -0.434112548828125 0.43145751953125
0.0243625640869141 0.0252418518066406 0.149017333984375 0.015838623046875
0.0184288024902344 -0.0115394592285156 0.52313232421875 -0.5908203125
0.000164031982421874 -0.0204906463623047 -0.106689453125 -0.92315673828125
-0.00614595413208008 0.0021519660949707 -0.72265625 -0.31072998046875
0.014430046081543 0.0129556655883789 -0.5177001953125 0.322723388671875
0.0169868469238281 0.00250434875488281 -0.138397216796875 0.460235595703125
0.0086669921875 -0.0156173706054688 0.171478271484375 0.286773681640625
0.0193157196044922 0.0147609710693359 0.260482788085938 0.0447540283203125
0.0215358734130859 0.0214290618896484 -0.23687744140625 -0.140655517578125
0.0267333984375 -0.00522994995117187 -0.045684814453125 -0.3428955078125
0.0216197967529297 0.0117835998535156 0.346343994140625 -0.376434326171875
0.00841140747070312 0.02447509765625 0.71160888671875 -0.0418701171875
-0.0142059326171875 -0.00969982147216797 0.531982421875 0.61773681640625
-0.00721359252929687 -0.0579299926757813 -0.12908935546875 0.8746337890625
0.0383529663085938 -0.0093231201171875 -0.436798095703125 0.42645263671875
0.0658226013183594 0.0155181884765625 0.151611328125 0.01080322265625
0.0418891906738281 -0.0298500061035156 0.51617431640625 -0.5977783203125
0.00304412841796875 -0.0366134643554687 -0.11627197265625 -0.9180908203125
-0.0150613784790039 -0.00378799438476563 -0.7252197265625 -0.29925537109375
0.00564861297607422 0.0156517028808594 -0.51300048828125 0.331024169921875
0.0132780075073242 0.00664234161376953 -0.135528564453125 0.46600341796875
0.00807762145996094 -0.00998020172119141 0.17425537109375 0.286651611328125
0.0219287872314453 0.0187702178955078 0.262664794921875 0.0437469482421875
0.0248756408691406 0.0272026062011719 -0.238037109375 -0.138748168945313
0.025054931640625 -0.000799179077148438 -0.049652099609375 -0.341461181640625
0.0165262222290039 0.0148468017578125 0.33935546875 -0.379791259765625
0.00214767456054688 0.0249576568603516 0.705810546875 -0.04925537109375
-0.0182781219482422 -0.0171928405761719 0.5384521484375 0.60821533203125
0.002532958984375 -0.074066162109375 -0.11962890625 0.8760986328125
0.0685691833496094 -0.0259132385253906 -0.43804931640625 0.4324951171875
0.103958129882812 0.0055084228515625 0.138160705566406 0.0134048461914063
0.0661201477050781 -0.0460700988769531 0.518798828125 -0.58685302734375
0.0074920654296875 -0.0523643493652344 -0.1005859375 -0.9208984375
-0.0216827392578125 -0.0093841552734375 -0.72119140625 -0.3123779296875
8.20159912109371E-05 0.0184898376464844 -0.520477294921875 0.325286865234375
0.0133571624755859 0.0115118026733398 -0.142730712890625 0.465087890625
0.00807285308837891 -0.00520515441894531 0.171661376953125 0.291717529296875
0.0229949951171875 0.0223865509033203 0.264175415039062 0.045806884765625
0.0249233245849609 0.0294380187988281 -0.239181518554687 -0.134002685546875
0.0238914489746094 0.00215721130371094 -0.0577392578125 -0.337677001953125
0.014892578125 0.0182552337646484 0.323333740234375 -0.387725830078125
-0.00265312194824219 0.0261039733886719 0.69818115234375 -0.07818603515625
-0.0219306945800781 -0.020294189453125 0.5621337890625 0.582763671875
0.00562286376953125 -0.0869064331054688 -0.0814819335937501 0.87799072265625
0.0906906127929687 -0.0415267944335937 -0.43731689453125 0.454376220703125
0.13653564453125 -0.00328826904296875 0.109954833984375 0.0230026245117187
0.0886154174804688 -0.05987548828125 0.52752685546875 -0.56597900390625
0.0129966735839844 -0.064727783203125 -0.06951904296875 -0.92877197265625
-0.0270595550537109 -0.0156307220458984 -0.71307373046875 -0.34381103515625
-0.00502395629882813 0.0218582153320313 -0.539306640625 0.310455322265625
0.0103139877319336 0.014948844909668 -0.1588134765625 0.46502685546875
0.00907421112060547 -0.00217723846435547 0.16455078125 0.29852294921875
0.0230731964111328 0.0252952575683594 0.262176513671875 0.05157470703125
0.0193881988525391 0.00774955749511719 -0.253067016601563 -0.1065673828125
0.0215530395507813 -0.0263633728027344 -0.10015869140625 -0.324981689453125
0.0336513519287109 -0.0037384033203125 0.249298095703125 -0.424072265625
0.0395622253417969 0.0251350402832031 0.64697265625 -0.2060546875
0.00737380981445313 0.0228824615478516 0.64202880859375 0.43804931640625
-0.0369911193847656 0.00492858886718751 0.068115234375 0.8699951171875
-0.0484733581542969 0.046539306640625 -0.42236328125 0.55364990234375
-0.0497779846191406 0.044891357421875 0.0111541748046875 0.0811386108398438
-0.0306205749511719 0.0265541076660156 0.5750732421875 -0.46142578125
-0.00670814514160156 0.0189323425292969 0.1112060546875 -0.95550537109375
0.00844764709472656 0.0207271575927734 -0.6534423828125 -0.51409912109375
0.0308494567871094 0.0131454467773438 -0.60296630859375 0.1888427734375
0.0221748352050781 0.00102996826171875 -0.2330322265625 0.42852783203125
0.00723457336425781 -0.0298099517822266 0.13446044921875 0.30755615234375
0.0184516906738281 -0.00166702270507813 0.250823974609375 0.0687408447265625
0.0195102691650391 0.00721359252929688 -0.250442504882813 -0.1177978515625
0.0240497589111328 -0.0255317687988281 -0.08489990234375 -0.332977294921875
0.033966064453125 -0.00297927856445312 0.2767333984375 -0.411590576171875
0.0377578735351563 0.0244178771972656 0.6700439453125 -0.1622314453125
0.00576019287109375 0.0227737426757813 0.6168212890625 0.489990234375
-0.0378761291503906 0.00200653076171875 0.01177978515625 0.87542724609375
-0.0527000427246094 0.0464210510253906 -0.428802490234375 0.515960693359375
-0.0542984008789063 0.0468521118164063 0.0567626953125 0.0629119873046875
-0.0308856964111328 0.0271034240722656 0.5634765625 -0.505126953125
-0.00617218017578125 0.0184650421142578 0.0400390625 -0.95086669921875
0.00866317749023437 0.0189113616943359 -0.6796875 -0.45050048828125
0.0295619964599609 0.0107650756835937 -0.579345703125 0.2308349609375
0.0209007263183594 -0.00162124633789063 -0.202972412109375 0.440155029296875
0.00793647766113281 -0.0287723541259766 0.14617919921875 0.30047607421875
0.0170707702636719 -0.000239372253417969 0.2545166015625 0.0610504150390625
0.0184040069580078 0.00963592529296875 -0.247634887695313 -0.126434326171875
0.0262432098388672 -0.0213680267333984 -0.07061767578125 -0.33935546875
0.0335273742675781 -7.62939453125E-06 0.305908203125 -0.3997802734375
0.0323562622070313 0.0250492095947266 0.6904296875 -0.11395263671875
0.000984191894531249 0.0179901123046875 0.5853271484375 0.5423583984375
-0.0350303649902344 -0.00704765319824218 -0.0485229492187501 0.8768310546875
-0.0445289611816406 0.0373039245605469 -0.433990478515625 0.477569580078125
-0.0410308837890625 0.0417823791503906 0.0984725952148438 0.0414505004882813
-0.0207996368408203 0.0188312530517578 0.54718017578125 -0.542205810546875
-0.00449180603027344 0.00916671752929688 -0.0253295898437499 -0.94146728515625
0.00783634185791015 0.014256477355957 -0.70074462890625 -0.387451171875
0.0267086029052734 0.00916290283203125 -0.552703857421875 0.271087646484375
0.0191421508789063 -0.00270271301269531 -0.17181396484375 0.44879150390625
0.00812721252441406 -0.0254783630371094 0.158050537109375 0.293731689453125
0.0165901184082031 0.00287914276123047 0.257476806640625 0.05450439453125
0.0197086334228516 0.0123634338378906 -0.244537353515625 -0.134857177734375
0.0269203186035156 -0.0154857635498047 -0.05621337890625 -0.341644287109375
0.0305099487304688 0.00273513793945312 0.330352783203125 -0.388702392578125
0.0252876281738281 0.0250606536865234 0.7032470703125 -0.07708740234375
-0.0052938461303711 0.00951099395751953 0.5577392578125 0.58489990234375
-0.0297584533691406 -0.0222301483154297 -0.0950927734375001 0.87628173828125
-0.022979736328125 0.0242538452148438 -0.43475341796875 0.4498291015625
-0.0124740600585938 0.0357284545898438 0.130989074707031 0.0270767211914063
-0.00349903106689453 0.00511789321899414 0.53460693359375 -0.573486328125
-0.00263595581054688 -0.00391864776611328 -0.07647705078125 -0.93304443359375
0.000430583953857421 0.00832223892211914 -0.71728515625 -0.34130859375
0.0201034545898438 0.009246826171875 -0.532073974609375 0.303131103515625
0.0165281295776367 -0.000617027282714844 -0.149993896484375 0.456298828125
0.00783157348632812 -0.0214347839355469 0.167694091796875 0.288055419921875
0.0175027847290039 0.00824069976806641 0.259307861328125 0.0476531982421875
0.0221290588378906 0.0168132781982422 -0.240737915039062 -0.139312744140625
0.0273284912109375 -0.00977134704589844 -0.0484619140625 -0.34326171875
0.0267562866210938 0.00744056701660156 0.342498779296875 -0.380523681640625
0.0147590637207031 0.0245780944824219 0.70947265625 -0.0521240234375
-0.010472297668457 0.000144004821777345 0.53912353515625 0.61077880859375
-0.0192108154296875 -0.0403709411621094 -0.12347412109375 0.87615966796875
0.00493717193603516 0.00902938842773438 -0.436431884765625 0.433441162109375
0.0250396728515625 0.0259017944335938 0.1490478515625 0.014892578125
0.0185585021972656 -0.0112552642822266 0.52496337890625 -0.592041015625
0.000837326049804686 -0.0201091766357422 -0.10601806640625 -0.92462158203125
-0.00649547576904297 0.00248432159423828 -0.7237548828125 -0.31024169921875
0.0127010345458984 0.0114984512329102 -0.518157958984375 0.322784423828125
0.0153532028198242 0.00401115417480469 -0.1376953125 0.462493896484375
0.00800895690917969 -0.0150966644287109 0.17340087890625 0.2855224609375
0.0204830169677734 0.0138168334960938 0.261764526367188 0.044647216796875
0.0228462219238281 0.0223236083984375 -0.239547729492188 -0.140533447265625
0.0260601043701172 -0.00485610961914063 -0.0465087890625 -0.3441162109375
0.0218791961669922 0.0126304626464844 0.34661865234375 -0.379364013671875
0.00814247131347656 0.0245437622070312 0.7117919921875 -0.04351806640625
-0.0147981643676758 -0.00953006744384766 0.5330810546875 0.6199951171875
-0.00711822509765625 -0.0579376220703125 -0.1314697265625 0.87774658203125
0.0386695861816406 -0.00876617431640625 -0.4384765625 0.426177978515625
0.0663871765136719 0.0157089233398438 0.152374267578125 0.0106048583984375
0.0425224304199219 -0.030059814453125 0.51953125 -0.59771728515625
0.00381851196289063 -0.0372543334960938 -0.118408203125 -0.92156982421875
-0.0142097473144531 -0.00467967987060547 -0.7265625 -0.3004150390625
0.00661659240722656 0.0145120620727539 -0.513916015625 0.33251953125
0.0135107040405273 0.00627803802490234 -0.134185791015625 0.465362548828125
0.00831031799316406 -0.0100288391113281 0.17486572265625 0.287384033203125
0.0216159820556641 0.0184459686279297 0.264190673828125 0.0425872802734375
0.023773193359375 0.0259475708007813 -0.239761352539062 -0.1378173828125
0.0259494781494141 4.76837158203125E-05 -0.0506591796875 -0.34130859375
0.0168333053588867 0.0155439376831055 0.340179443359375 -0.38189697265625
0.00148582458496094 0.0247211456298828 0.70733642578125 -0.05255126953125
-0.0190486907958984 -0.0179309844970703 0.53997802734375 0.61016845703125
0.00211334228515626 -0.07440185546875 -0.118896484375 0.8785400390625
0.0679092407226563 -0.0252418518066406 -0.439849853515625 0.4326171875
0.104804992675781 0.00586700439453125 0.137596130371094 0.01318359375
0.0666694641113281 -0.0463905334472656 0.5225830078125 -0.58734130859375
0.00761795043945312 -0.0517425537109375 -0.10205078125 -0.9232177734375
-0.0228385925292969 -0.0107936859130859 -0.72296142578125 -0.31292724609375
-1.33514404296861E-05 0.0190353393554688 -0.521514892578125 0.3275146484375
0.0123109817504883 0.0114259719848633 -0.141754150390625 0.467041015625
0.00817203521728516 -0.00528812408447266 0.173004150390625 0.2919921875
0.0226268768310547 0.0228767395019531 0.264862060546875 0.0464630126953125
0.0258884429931641 0.0283927917480469 -0.242080688476563 -0.13330078125
0.0243568420410156 0.00156784057617187 -0.05938720703125 -0.338775634765625
0.0142116546630859 0.0181503295898438 0.322601318359375 -0.39105224609375
-0.00191879272460938 0.0249156951904297 0.70001220703125 -0.0792236328125
-0.0225410461425781 -0.0198650360107422 0.56317138671875 0.5833740234375
0.00601959228515626 -0.0858306884765625 -0.0839843750000001 0.87860107421875
0.0897293090820313 -0.041168212890625 -0.4376220703125 0.45391845703125
0.136566162109375 -0.0035247802734375 0.110130310058594 0.02349853515625
0.089202880859375 -0.0601043701171875 0.52899169921875 -0.56683349609375
0.0130119323730469 -0.0643501281738281 -0.0684814453125 -0.92877197265625
-0.0268363952636719 -0.0147056579589844 -0.71502685546875 -0.34478759765625
-0.00468635559082031 0.0212078094482422 -0.5399169921875 0.310760498046875
0.0108861923217773 0.0151939392089844 -0.15704345703125 0.468109130859375
0.00720930099487305 -0.00219535827636719 0.1663818359375 0.29913330078125
0.0253238677978516 0.0243625640869141 0.262451171875 0.051849365234375
0.0195388793945313 0.00708770751953125 -0.25372314453125 -0.106857299804687
0.0222053527832031 -0.0254421234130859 -0.101287841796875 -0.326812744140625
0.0345115661621094 -0.00448417663574219 0.248809814453125 -0.426849365234375
0.0403976440429688 0.0232620239257812 0.64984130859375 -0.20806884765625
0.00745010375976562 0.0231094360351563 0.64398193359375 0.43890380859375
-0.0373458862304687 0.00381088256835938 0.0678710937500001 0.87298583984375
-0.0485305786132812 0.0468292236328125 -0.424530029296875 0.55291748046875
-0.0498695373535156 0.0446624755859375 0.0108184814453125 0.0808868408203125
-0.0297374725341797 0.0267238616943359 0.57794189453125 -0.46136474609375
-0.00850105285644531 0.0203189849853516 0.11334228515625 -0.96112060546875
0.00752449035644531 0.0200157165527344 -0.65557861328125 -0.517333984375
0.0302925109863281 0.0125694274902344 -0.60565185546875 0.18975830078125
0.0214672088623047 0.00180244445800781 -0.23248291015625 0.4302978515625
0.00735282897949219 -0.029815673828125 0.135528564453125 0.3095703125
0.0188694000244141 -0.00139999389648438 0.251876831054687 0.0688018798828125
0.0194511413574219 0.00694656372070313 -0.253570556640625 -0.116317749023438
0.0250263214111328 -0.0248832702636719 -0.08697509765625 -0.332611083984375
0.03436279296875 -0.00413322448730469 0.27703857421875 -0.415740966796875
0.0378990173339844 0.0244598388671875 0.673583984375 -0.16448974609375
0.0056304931640625 0.0223979949951172 0.6177978515625 0.491455078125
-0.0375518798828125 0.00233840942382812 0.00946044921874997 0.87786865234375
-0.0527992248535156 0.046722412109375 -0.43121337890625 0.516265869140625
-0.0553436279296875 0.0460662841796875 0.0569229125976562 0.0609550476074219
-0.0319004058837891 0.0257205963134766 0.56463623046875 -0.5067138671875
-0.00755882263183594 0.0187568664550781 0.04083251953125 -0.95635986328125
0.00848007202148438 0.0184364318847656 -0.68341064453125 -0.4532470703125
0.0294666290283203 0.0103530883789063 -0.5816650390625 0.23309326171875
0.0208988189697266 -0.00256538391113281 -0.202117919921875 0.44134521484375
0.00739669799804687 -0.0282344818115234 0.148223876953125 0.30181884765625
0.016627311706543 -0.00122165679931641 0.254531860351563 0.0610198974609375
0.0194683074951172 0.00889396667480469 -0.2489013671875 -0.126693725585937
0.0268955230712891 -0.0224170684814453 -0.07037353515625 -0.338470458984375
0.0342216491699219 -0.000871658325195313 0.304534912109375 -0.40325927734375
0.0321521759033203 0.0257396697998047 0.6937255859375 -0.11614990234375
0.000621795654296875 0.0169744491577148 0.58917236328125 0.54425048828125
-0.0361366271972656 -0.00648117065429687 -0.04754638671875 0.8802490234375
-0.0458335876464844 0.0378913879394531 -0.436676025390625 0.479461669921875
-0.0400543212890625 0.0421524047851563 0.098297119140625 0.0418319702148437
-0.0237140655517578 0.0182094573974609 0.55035400390625 -0.543121337890625
-0.00414609909057617 0.00813150405883789 -0.02587890625 -0.9461669921875
0.00674343109130859 0.0130062103271484 -0.7076416015625 -0.3887939453125
0.0262184143066406 0.00954627990722656 -0.5557861328125 0.274322509765625
0.0208873748779297 -0.00169181823730469 -0.1717529296875 0.450775146484375
0.00717926025390625 -0.025634765625 0.160858154296875 0.295257568359375
0.0172176361083984 0.00304794311523438 0.25909423828125 0.05487060546875
0.0211143493652344 0.0126152038574219 -0.246078491210938 -0.13427734375
0.0274295806884766 -0.0165901184082031 -0.05926513671875 -0.343353271484375
0.0305881500244141 0.00443267822265625 0.330352783203125 -0.39111328125
0.0237331390380859 0.0246829986572266 0.704833984375 -0.0794677734375
-0.00467491149902344 0.00944328308105469 0.55908203125 0.5838623046875
-0.0288181304931641 -0.0212955474853516 -0.0948486328125 0.8792724609375
-0.0249195098876953 0.0248012542724609 -0.43719482421875 0.45086669921875
-0.0128822326660156 0.0363960266113281 0.132171630859375 0.0279006958007813
-0.00285911560058594 0.00487661361694336 0.53631591796875 -0.575439453125
-0.00298380851745605 -0.00370979309082031 -0.0781249999999999 -0.939453125
0.000654697418212891 0.00802898406982422 -0.72039794921875 -0.34197998046875
0.0194377899169922 0.00888252258300781 -0.533905029296875 0.305450439453125
0.0178203582763672 -0.0007476806640625 -0.14874267578125 0.4598388671875
0.00645828247070312 -0.0209312438964844 0.169677734375 0.2901611328125
0.0190639495849609 0.00780296325683594 0.261795043945312 0.0486907958984375
0.0235881805419922 0.0161018371582031 -0.244400024414062 -0.138671875
0.0268058776855469 -0.0112876892089844 -0.0504150390625 -0.34527587890625
0.0261249542236328 0.00812530517578125 0.3447265625 -0.383819580078125
0.0162563323974609 0.0235023498535156 0.7132568359375 -0.054443359375
-0.0108633041381836 -0.000576972961425779 0.54150390625 0.61181640625
-0.0180625915527344 -0.0396881103515625 -0.12353515625 0.880859375
0.00572776794433594 0.00946712493896484 -0.439056396484375 0.435272216796875
0.0263671875 0.0255641937255859 0.149276733398437 0.016021728515625
0.0193939208984375 -0.0109062194824219 0.526123046875 -0.5950927734375
-0.000572204589843748 -0.0194301605224609 -0.10845947265625 -0.9293212890625
-0.00789117813110352 0.00212764739990234 -0.72967529296875 -0.31353759765625
0.0132017135620117 0.0121555328369141 -0.51904296875 0.32476806640625
0.0157852172851563 0.00234603881835938 -0.136199951171875 0.4658203125
0.00840091705322265 -0.0150852203369141 0.175323486328125 0.28759765625
0.0207347869873047 0.0136604309082031 0.263412475585938 0.0427398681640625
0.0236644744873047 0.0215187072753906 -0.241973876953125 -0.141616821289062
0.0276622772216797 -0.00468063354492188 -0.04742431640625 -0.34503173828125
0.0219402313232422 0.0129547119140625 0.34759521484375 -0.383392333984375
0.0078582763671875 0.02392578125 0.71429443359375 -0.0465087890625
-0.0157842636108398 -0.0109748840332031 0.53302001953125 0.6219482421875
-0.00701904296875 -0.05828857421875 -0.13238525390625 0.87969970703125
0.0385780334472656 -0.0077056884765625 -0.4407958984375 0.4276123046875
0.0653343200683594 0.0156364440917969 0.151504516601563 0.012359619140625
0.0401992797851563 -0.0305290222167969 0.5211181640625 -0.59857177734375
0.00366973876953125 -0.0360679626464844 -0.11920166015625 -0.923828125
-0.0147209167480469 -0.00321483612060547 -0.72882080078125 -0.30078125
0.00759315490722656 0.014643669128418 -0.51470947265625 0.3343505859375
0.0142784118652344 0.00650787353515625 -0.133697509765625 0.469573974609375
0.00701141357421875 -0.00972843170166016 0.1771240234375 0.287139892578125
0.0236186981201172 0.0181026458740234 0.265823364257813 0.0423583984375
0.0246505737304688 0.0262222290039063 -0.24072265625 -0.138565063476562
0.0274257659912109 -0.000490188598632813 -0.051788330078125 -0.3419189453125
0.0191020965576172 0.0144634246826172 0.339141845703125 -0.38482666015625
0.00249862670898438 0.0228004455566406 0.71087646484375 -0.056640625
-0.0190830230712891 -0.0177326202392578 0.542236328125 0.61029052734375
0.00146484375 -0.0748977661132813 -0.1192626953125 0.88201904296875
0.0685157775878906 -0.02490234375 -0.441558837890625 0.435516357421875
0.105323791503906 0.00582122802734375 0.139373779296875 0.013275146484375
0.0674972534179688 -0.0467758178710938 0.52313232421875 -0.5899658203125
0.00813674926757813 -0.052337646484375 -0.10284423828125 -0.92755126953125
-0.0216846466064453 -0.0102558135986328 -0.72381591796875 -0.31304931640625
0.000205993652343751 0.0183734893798828 -0.525177001953125 0.33123779296875
0.0124530792236328 0.0113601684570313 -0.14263916015625 0.469696044921875
0.00817537307739258 -0.00512552261352539 0.176727294921875 0.289886474609375
0.0235729217529297 0.021148681640625 0.26617431640625 0.045074462890625
0.0268878936767578 0.0286674499511719 -0.244369506835937 -0.133865356445313
0.0249786376953125 0.000946044921875 -0.0615234375 -0.34033203125
0.0146350860595703 0.0170755386352539 0.324310302734375 -0.394378662109375
-0.00189399719238281 0.0253314971923828 0.70184326171875 -0.08154296875
-0.0241966247558594 -0.0208187103271484 0.5626220703125 0.58551025390625
0.00503540039062499 -0.0863876342773438 -0.0828857421875001 0.883544921875
0.0906448364257813 -0.0416793823242188 -0.440399169921875 0.454345703125
0.136985778808594 -0.0037689208984375 0.1099853515625 0.023529052734375
0.0895919799804688 -0.059417724609375 0.531494140625 -0.56951904296875
0.0111579895019531 -0.0653114318847656 -0.0677490234374999 -0.9346923828125
-0.0281600952148437 -0.0149364471435547 -0.72027587890625 -0.3450927734375
-0.00520515441894531 0.0206069946289063 -0.541778564453125 0.31280517578125
0.0103979110717773 0.014561653137207 -0.157623291015625 0.468963623046875
0.00792074203491211 -0.00123214721679688 0.169647216796875 0.298980712890625
0.0252399444580078 0.0247554779052734 0.266204833984375 0.051361083984375
0.0208396911621094 0.00635147094726563 -0.258270263671875 -0.106597900390625
0.0216007232666016 -0.0265960693359375 -0.104461669921875 -0.3270263671875
0.0348033905029297 -0.00447654724121094 0.2474365234375 -0.430267333984375
0.0401725769042969 0.02386474609375 0.651123046875 -0.21295166015625
0.00748062133789063 0.0234851837158203 0.64691162109375 0.4381103515625
-0.0379219055175781 0.00571441650390625 0.0690917968749999 0.87750244140625
-0.0488052368164063 0.046844482421875 -0.426910400390625 0.55584716796875
-0.0523147583007813 0.045989990234375 0.010650634765625 0.0817337036132813
-0.0308971405029297 0.0265159606933594 0.5810546875 -0.46563720703125
-0.0077667236328125 0.0202503204345703 0.11004638671875 -0.967529296875
0.00823020935058594 0.0209388732910156 -0.6611328125 -0.51727294921875
0.0318756103515625 0.0125045776367188 -0.60931396484375 0.19378662109375
0.0222454071044922 0.00123214721679688 -0.2320556640625 0.433380126953125
0.00678634643554688 -0.0291633605957031 0.1396484375 0.30926513671875
0.0197505950927734 -0.00184059143066406 0.255218505859375 0.0691986083984375
0.0205173492431641 0.00669288635253906 -0.255126953125 -0.116714477539063
0.0244178771972656 -0.02545166015625 -0.08746337890625 -0.334075927734375
0.0350875854492188 -0.00371551513671875 0.27655029296875 -0.420654296875
0.0382270812988281 0.0244865417480469 0.6759033203125 -0.16802978515625
0.0046844482421875 0.0218944549560547 0.62249755859375 0.49298095703125
-0.0388565063476562 0.00260543823242187 0.0109863281250001 0.8812255859375
-0.0522117614746094 0.0459480285644531 -0.433868408203125 0.520050048828125
-0.0549850463867188 0.0466423034667969 0.0564155578613281 0.062744140625
-0.0315437316894531 0.0269279479980469 0.5662841796875 -0.507568359375
-0.00777435302734375 0.0176372528076172 0.03997802734375 -0.9600830078125
0.00924301147460937 0.0191497802734375 -0.6890869140625 -0.4534912109375
0.0295524597167969 0.00954437255859375 -0.5841064453125 0.23577880859375
0.0208473205566406 -0.00135040283203125 -0.201019287109375 0.444671630859375
0.0060272216796875 -0.028228759765625 0.151275634765625 0.302093505859375
0.0189933776855469 -0.00136947631835938 0.25738525390625 0.0610504150390625
0.0193195343017578 0.00858497619628906 -0.252609252929688 -0.126083374023437
0.0269031524658203 -0.02276611328125 -0.0745849609375 -0.341796875
0.0334815979003906 -0.00162887573242188 0.30340576171875 -0.4078369140625
0.0329418182373047 0.0254554748535156 0.695068359375 -0.12103271484375
-8.29696655273443E-05 0.0175056457519531 0.58892822265625 0.544189453125
-0.0360107421875 -0.00594329833984375 -0.04693603515625 0.88372802734375
-0.0452003479003906 0.0394821166992188 -0.4381103515625 0.48333740234375
-0.041534423828125 0.0429306030273438 0.0994796752929688 0.0427169799804687
-0.0219879150390625 0.0186386108398438 0.55303955078125 -0.547119140625
-0.00550556182861328 0.00970458984375 -0.02880859375 -0.95068359375
0.00576305389404297 0.014216423034668 -0.71124267578125 -0.38983154296875
0.0248088836669922 0.00877189636230469 -0.55810546875 0.27557373046875
0.0195636749267578 -0.00126075744628906 -0.17120361328125 0.454803466796875
0.0069732666015625 -0.0256023406982422 0.16290283203125 0.296112060546875
0.0180225372314453 0.00289535522460938 0.261962890625 0.05389404296875
0.0216598510742188 0.0107364654541016 -0.249679565429688 -0.133773803710938
0.0275230407714844 -0.0165481567382813 -0.059906005859375 -0.345489501953125
0.0313224792480469 0.00264739990234375 0.329986572265625 -0.395416259765625
0.0253963470458984 0.0240039825439453 0.7088623046875 -0.08392333984375
-0.00645065307617187 0.00927448272705078 0.56402587890625 0.5870361328125
-0.0294265747070313 -0.0218467712402344 -0.0939941406249999 0.8846435546875
-0.0245647430419922 0.0253067016601563 -0.440460205078125 0.454864501953125
-0.0130729675292969 0.0358734130859375 0.131233215332031 0.0269393920898438
-0.00504779815673828 0.0054788589477539 0.5386962890625 -0.5792236328125
-0.0035710334777832 -0.00435066223144531 -0.07916259765625 -0.93939208984375
0.000545978546142578 0.00829219818115234 -0.72430419921875 -0.343505859375
0.0198841094970703 0.00905799865722656 -0.537994384765625 0.308868408203125
0.0174741744995117 -0.000136375427246094 -0.148956298828125 0.4615478515625
0.00720024108886719 -0.0199127197265625 0.17315673828125 0.2899169921875
0.0187034606933594 0.00891304016113281 0.263931274414063 0.0477447509765625
0.0242195129394531 0.0160255432128906 -0.246917724609375 -0.13885498046875
0.0278244018554687 -0.0109176635742188 -0.050933837890625 -0.345855712890625
0.0278282165527344 0.00691413879394531 0.3438720703125 -0.387939453125
0.0160770416259766 0.0238418579101563 0.71649169921875 -0.05645751953125
-0.0110549926757813 -5.72204589843737E-05 0.5428466796875 0.61279296875
-0.0195884704589844 -0.038787841796875 -0.12451171875 0.88446044921875
0.00458431243896484 0.00859403610229492 -0.4403076171875 0.43572998046875
0.0232181549072266 0.0269203186035156 0.150527954101563 0.0152435302734375
0.0180416107177734 -0.0113391876220703 0.53070068359375 -0.5987548828125
7.2479248046873E-05 -0.0200099945068359 -0.10968017578125 -0.93499755859375
-0.00679922103881836 0.00139474868774414 -0.72998046875 -0.31292724609375
0.0128059387207031 0.0107793807983398 -0.522308349609375 0.327972412109375
0.0161886215209961 0.00316524505615234 -0.134918212890625 0.46832275390625
0.00782299041748047 -0.0154275894165039 0.178192138671875 0.287017822265625
0.0217437744140625 0.0135936737060547 0.2666015625 0.0436248779296875
0.0250148773193359 0.0222568511962891 -0.244430541992188 -0.140594482421875
0.0263805389404297 -0.00627899169921875 -0.050506591796875 -0.345855712890625
0.0217685699462891 0.0112247467041016 0.34747314453125 -0.386444091796875
0.008056640625 0.0232753753662109 0.71856689453125 -0.0496826171875
-0.0161638259887695 -0.00965213775634766 0.53790283203125 0.621826171875
-0.0073089599609375 -0.0570297241210938 -0.13116455078125 0.88543701171875
0.0380020141601563 -0.00944900512695313 -0.441558837890625 0.431304931640625
0.0659561157226563 0.0157852172851563 0.152099609375 0.010498046875
0.0420341491699219 -0.0306434631347656 0.5233154296875 -0.60357666015625
0.00283432006835937 -0.0363578796386719 -0.11993408203125 -0.92974853515625
-0.0150909423828125 -0.00402927398681641 -0.73358154296875 -0.29937744140625
0.00593376159667969 0.0151939392089844 -0.516876220703125 0.338531494140625
0.0133953094482422 0.00809669494628906 -0.131011962890625 0.471343994140625
0.00846672058105469 -0.00873613357543945 0.1807861328125 0.288360595703125
0.0229129791259766 0.0178680419921875 0.267547607421875 0.0425872802734375
0.0268840789794922 0.0261135101318359 -0.244979858398438 -0.138153076171875
0.0265598297119141 -1.33514404296875E-05 -0.05322265625 -0.344512939453125
0.0173559188842773 0.015772819519043 0.341400146484375 -0.38751220703125
0.00162124633789062 0.0244808197021484 0.71441650390625 -0.05767822265625
-0.0195941925048828 -0.0164604187011719 0.54681396484375 0.61279296875
0.00189971923828125 -0.0740737915039063 -0.118408203125 0.88702392578125
0.0686988830566406 -0.025482177734375 -0.444000244140625 0.436370849609375
0.10552978515625 0.006103515625 0.138069152832031 0.0135116577148438
0.0664520263671875 -0.0481491088867188 0.52569580078125 -0.59375
0.00606155395507813 -0.0524177551269531 -0.10382080078125 -0.932861328125
-0.0233097076416016 -0.00954246520996094 -0.7315673828125 -0.31463623046875
0.000226974487304689 0.0172386169433594 -0.52630615234375 0.3331298828125
0.0113487243652344 0.0111541748046875 -0.139739990234375 0.473114013671875
0.0071563720703125 -0.00482273101806641 0.178924560546875 0.292724609375
0.0257682800292969 0.0219364166259766 0.268386840820313 0.045135498046875
0.028289794921875 0.0273342132568359 -0.247314453125 -0.134078979492187
0.0247249603271484 0.00124931335449219 -0.063018798828125 -0.34210205078125
0.0156536102294922 0.0181026458740234 0.322235107421875 -0.39788818359375
-0.00159454345703125 0.0255794525146484 0.70416259765625 -0.084716796875
-0.0238666534423828 -0.0213985443115234 0.569091796875 0.5849609375
0.00516510009765625 -0.086944580078125 -0.0834350585937499 0.886474609375
0.0911712646484375 -0.0416488647460938 -0.44354248046875 0.456329345703125
0.138664245605469 -0.00327301025390625 0.110382080078125 0.0227584838867188
0.0900726318359375 -0.05950927734375 0.53302001953125 -0.5709228515625
0.0130500793457031 -0.0644149780273438 -0.0724487304687499 -0.9361572265625
-0.027313232421875 -0.0152797698974609 -0.7236328125 -0.34649658203125
-0.00522041320800781 0.0201683044433594 -0.543701171875 0.31707763671875
0.0111331939697266 0.0162754058837891 -0.1552734375 0.472991943359375
0.00743865966796875 -0.000546455383300781 0.172454833984375 0.2996826171875
0.026885986328125 0.024810791015625 0.268081665039063 0.05084228515625
0.0213718414306641 0.00658607482910156 -0.260467529296875 -0.1065673828125
0.0220108032226562 -0.0275783538818359 -0.107208251953125 -0.3287353515625
0.0336017608642578 -0.0048370361328125 0.24676513671875 -0.435089111328125
0.039825439453125 0.0235557556152344 0.65496826171875 -0.21881103515625
0.00666046142578125 0.0230979919433594 0.65057373046875 0.43695068359375
-0.0376930236816406 0.00539779663085938 0.0711669921875 0.88165283203125
-0.0484848022460938 0.0474319458007812 -0.42901611328125 0.56329345703125
-0.051422119140625 0.0454635620117187 0.0100936889648438 0.082305908203125
-0.0316143035888672 0.0275020599365234 0.58221435546875 -0.46697998046875
-0.00794601440429687 0.0199832916259766 0.10906982421875 -0.97137451171875
0.00751686096191406 0.01959228515625 -0.6676025390625 -0.5177001953125
0.0312862396240234 0.0117912292480469 -0.61224365234375 0.1962890625
0.0228919982910156 0.00205612182617188 -0.2315673828125 0.437225341796875
0.00657272338867187 -0.0287055969238281 0.142730712890625 0.308380126953125
0.0200252532958984 -0.00250625610351563 0.256515502929688 0.0692596435546875
0.0206165313720703 0.00540733337402344 -0.258255004882813 -0.116317749023437
0.0242023468017578 -0.0260829925537109 -0.091094970703125 -0.33642578125
0.0354194641113281 -0.00417327880859375 0.2750244140625 -0.42510986328125
0.0376548767089844 0.0232772827148438 0.67779541015625 -0.1727294921875
0.00438117980957031 0.0220737457275391 0.62603759765625 0.4912109375
-0.039306640625 0.00331115722656251 0.0125732421875001 0.8876953125
-0.053680419921875 0.0472908020019531 -0.43450927734375 0.525115966796875
-0.0559005737304688 0.0468521118164062 0.0567626953125 0.0624656677246094
-0.0320034027099609 0.0263519287109375 0.56939697265625 -0.51153564453125
-0.0069732666015625 0.0184478759765625 0.0368041992187499 -0.9677734375
0.00839996337890625 0.0177478790283203 -0.69281005859375 -0.4537353515625
0.029815673828125 0.00901985168457031 -0.58758544921875 0.24188232421875
0.0212879180908203 -0.000108718872070312 -0.199188232421875 0.44952392578125
0.00663566589355469 -0.0278224945068359 0.154022216796875 0.30181884765625
0.0199871063232422 -0.000446319580078125 0.258895874023437 0.0599822998046875
0.0210361480712891 0.00632667541503906 -0.2559814453125 -0.125411987304688
0.0265483856201172 -0.0222568511962891 -0.077056884765625 -0.34320068359375
0.0338077545166016 -0.00152587890625 0.304595947265625 -0.4110107421875
0.0319995880126953 0.0241928100585938 0.69879150390625 -0.12799072265625
-0.00131607055664062 0.016627311706543 0.595458984375 0.54351806640625
-0.0366554260253906 -0.00718688964843751 -0.0461425781250001 0.88922119140625
-0.0452880859375 0.03936767578125 -0.440155029296875 0.485992431640625
-0.0419845581054687 0.0426177978515625 0.100532531738281 0.04266357421875
-0.0218296051025391 0.0194358825683594 0.555206298828125 -0.55230712890625
-0.00583171844482422 0.0103273391723633 -0.03118896484375 -0.95556640625
0.00604152679443359 0.014404296875 -0.7154541015625 -0.38897705078125
0.0260887145996094 0.00760841369628906 -0.5589599609375 0.2816162109375
0.0200862884521484 -0.00277900695800781 -0.16802978515625 0.456817626953125
0.00724411010742187 -0.0252246856689453 0.167327880859375 0.295623779296875
0.0184173583984375 0.00184822082519531 0.263214111328125 0.0538787841796875
0.0230960845947266 0.0103187561035156 -0.252151489257813 -0.133071899414063
0.0267906188964844 -0.0174541473388672 -0.06243896484375 -0.347198486328125
0.0307502746582031 0.00225639343261719 0.328857421875 -0.401123046875
0.0251541137695313 0.0246772766113281 0.71417236328125 -0.08599853515625
-0.00715732574462891 0.00944900512695313 0.5655517578125 0.58721923828125
-0.0294284820556641 -0.021392822265625 -0.0929565429687499 0.88909912109375
-0.0241470336914063 0.0258007049560547 -0.44122314453125 0.457611083984375
-0.0134353637695313 0.0357627868652344 0.131660461425781 0.0267257690429688
-0.00411272048950195 0.00534868240356445 0.54095458984375 -0.5823974609375
-0.00290846824645996 -0.00394344329833984 -0.08251953125 -0.94573974609375
0.00119686126708984 0.0080723762512207 -0.72991943359375 -0.3427734375
0.0194969177246094 0.00892829895019531 -0.53759765625 0.312896728515625
0.0182647705078125 0.00043487548828125 -0.1458740234375 0.465606689453125
0.00724983215332031 -0.0195217132568359 0.17626953125 0.291015625
0.0209903717041016 0.00716781616210937 0.266250610351563 0.0461273193359375
0.0239696502685547 0.0152988433837891 -0.248931884765625 -0.136810302734375
0.0267086029052734 -0.0114650726318359 -0.05462646484375 -0.348052978515625
0.0265254974365234 0.00702667236328125 0.344390869140625 -0.3929443359375
0.0152587890625 0.0237483978271484 0.721435546875 -0.061767578125
-0.0124101638793945 -0.00109291076660156 0.548828125 0.61407470703125
-0.0203208923339844 -0.0388908386230469 -0.12249755859375 0.8890380859375
0.00521278381347656 0.00989532470703125 -0.441558837890625 0.440093994140625
0.0239200592041016 0.0260238647460938 0.150802612304688 0.0155792236328125
0.0180950164794922 -0.0114669799804688 0.5313720703125 -0.60186767578125
-0.00139236450195313 -0.0197315216064453 -0.1146240234375 -0.94061279296875
-0.00768899917602539 0.0022120475769043 -0.7386474609375 -0.31109619140625
0.0131969451904297 0.0101594924926758 -0.524169921875 0.3330078125
0.0157718658447266 0.00362873077392578 -0.133819580078125 0.4720458984375
0.00620651245117188 -0.0153408050537109 0.18218994140625 0.28729248046875
0.0223751068115234 0.0124759674072266 0.268783569335938 0.0418853759765625
0.0266132354736328 0.0211334228515625 -0.24755859375 -0.140396118164063
0.0274543762207031 -0.00562477111816406 -0.053131103515625 -0.348419189453125
0.0229549407958984 0.0119743347167969 0.347686767578125 -0.390625
0.00856399536132813 0.0228023529052734 0.72314453125 -0.05340576171875
-0.0163516998291016 -0.0110092163085938 0.543701171875 0.6226806640625
-0.008148193359375 -0.0578193664550781 -0.12994384765625 0.88836669921875
0.03814697265625 -0.00859832763671875 -0.4439697265625 0.434234619140625
0.0657196044921875 0.0153083801269531 0.154327392578125 0.01068115234375
0.0422744750976563 -0.0302848815917969 0.52630615234375 -0.60687255859375
0.00286865234375 -0.0367546081542969 -0.12548828125 -0.93609619140625
-0.0154495239257813 -0.00352096557617188 -0.73907470703125 -0.30133056640625
0.00587844848632813 0.0147161483764648 -0.519805908203125 0.34356689453125
0.0147542953491211 0.00798225402832031 -0.12945556640625 0.474090576171875
0.00754642486572266 -0.00938034057617188 0.184539794921875 0.289031982421875
0.0250358581542969 0.0180339813232422 0.270004272460938 0.0413055419921875
0.0285930633544922 0.0252323150634766 -0.247650146484375 -0.137481689453125
0.0263385772705078 -0.00114250183105469 -0.056793212890625 -0.34637451171875
0.0186367034912109 0.0155601501464844 0.339508056640625 -0.393280029296875
0.000328063964843749 0.0226116180419922 0.7171630859375 -0.06182861328125
-0.0207920074462891 -0.0172824859619141 0.55023193359375 0.613037109375
0.000221252441406249 -0.0744400024414063 -0.11834716796875 0.8912353515625
0.0690994262695313 -0.0256729125976563 -0.446319580078125 0.439544677734375
0.104606628417969 0.00522613525390625 0.138114929199219 0.0137939453125
0.0667228698730469 -0.0468826293945313 0.5269775390625 -0.597412109375
0.00687408447265625 -0.0526771545410156 -0.10931396484375 -0.93768310546875
-0.0229930877685547 -0.0107574462890625 -0.73687744140625 -0.31158447265625
9.91821289062517E-05 0.0172157287597656 -0.528076171875 0.3387451171875
0.0134763717651367 0.0122871398925781 -0.136932373046875 0.475067138671875
0.00725793838500977 -0.00438356399536133 0.182464599609375 0.292510986328125
0.0263500213623047 0.0223712921142578 0.270462036132812 0.0437469482421875
0.0277862548828125 0.0278587341308594 -0.249755859375 -0.132522583007813
0.0244197845458984 0.0013275146484375 -0.066619873046875 -0.344451904296875
0.0157966613769531 0.0175714492797852 0.322235107421875 -0.40179443359375
-0.00315666198730469 0.0247039794921875 0.70941162109375 -0.09051513671875
-0.0240993499755859 -0.0216007232666016 0.57196044921875 0.58587646484375
0.00501251220703126 -0.0862808227539062 -0.080078125 0.89093017578125
0.091094970703125 -0.0412139892578125 -0.4444580078125 0.461273193359375
0.138076782226563 -0.00386810302734375 0.110343933105469 0.0225296020507813
0.0895767211914063 -0.0605697631835938 0.534912109375 -0.57513427734375
0.012939453125 -0.0651359558105469 -0.0742187499999999 -0.943359375
-0.028045654296875 -0.0148487091064453 -0.728271484375 -0.345947265625
-0.00535392761230469 0.0207767486572266 -0.546234130859375 0.322418212890625
0.0116653442382812 0.0164299011230469 -0.15435791015625 0.47650146484375
0.00720977783203125 -0.000823497772216797 0.175750732421875 0.299407958984375
0.0281162261962891 0.0241813659667969 0.2703857421875 0.0493011474609375
0.0219879150390625 0.00547027587890625 -0.264083862304688 -0.104537963867188
0.0227584838867188 -0.0279827117919922 -0.110076904296875 -0.329864501953125
0.0353546142578125 -0.00557708740234375 0.243499755859375 -0.439483642578125
0.0407943725585938 0.0224533081054688 0.65887451171875 -0.2239990234375
0.00743484497070312 0.0228691101074219 0.65802001953125 0.435546875
-0.0384025573730469 0.00687026977539063 0.0736694335937499 0.8861083984375
-0.0495948791503906 0.0485382080078125 -0.42877197265625 0.567626953125
-0.0524063110351563 0.0464553833007813 0.0099334716796875 0.0828018188476563
-0.0313167572021484 0.0283241271972656 0.5831298828125 -0.4742431640625
-0.0081787109375 0.0210418701171875 0.1041259765625 -0.9810791015625
0.00627708435058594 0.0207233428955078 -0.67413330078125 -0.51861572265625
0.0309886932373047 0.0103645324707031 -0.61578369140625 0.2012939453125
0.0224418640136719 0.00274658203125 -0.22943115234375 0.4412841796875
0.00575828552246094 -0.0280513763427734 0.145660400390625 0.30926513671875
0.0210971832275391 -0.00266647338867188 0.259506225585938 0.0678253173828125
0.0220489501953125 0.00441932678222656 -0.262786865234375 -0.115768432617188
0.0242347717285156 -0.0252780914306641 -0.094512939453125 -0.33758544921875
0.036041259765625 -0.0049285888671875 0.275146484375 -0.429046630859375
0.0383224487304688 0.0234527587890625 0.68280029296875 -0.1785888671875
0.00391006469726563 0.0220680236816406 0.630126953125 0.4910888671875
-0.0394477844238281 0.00457382202148438 0.0159912109375 0.892333984375
-0.0538597106933594 0.0482025146484375 -0.4349365234375 0.528656005859375
-0.0558662414550781 0.0473365783691406 0.0564956665039063 0.0621528625488281
-0.0321903228759766 0.0272560119628906 0.57208251953125 -0.51715087890625
-0.00765228271484375 0.018951416015625 0.033935546875 -0.9747314453125
0.0081787109375 0.0176105499267578 -0.69989013671875 -0.45233154296875
0.0294570922851563 0.00917434692382813 -0.5892333984375 0.24652099609375
0.0213508605957031 -0.000461578369140625 -0.19830322265625 0.4522705078125
0.00613784790039063 -0.0288066864013672 0.157806396484375 0.3023681640625
0.0192775726318359 -0.0006866455078125 0.261566162109375 0.05987548828125
0.02276611328125 0.0064544677734375 -0.258468627929687 -0.1258544921875
0.0266399383544922 -0.0228538513183594 -0.080169677734375 -0.343963623046875
0.0341358184814453 -0.00264549255371094 0.30548095703125 -0.417938232421875
0.0331707000732422 0.0241317749023437 0.702880859375 -0.133544921875
-0.00156974792480469 0.0177650451660156 0.60089111328125 0.54400634765625
-0.0365371704101563 -0.00571060180664063 -0.0436401367187501 0.89508056640625
-0.0463981628417969 0.0397491455078125 -0.44000244140625 0.49005126953125
-0.042449951171875 0.0434074401855469 0.0995864868164063 0.0431365966796875
-0.0231742858886719 0.0188217163085938 0.55474853515625 -0.555908203125
-0.00515937805175781 0.0101995468139648 -0.0359497070312499 -0.96295166015625
0.00598716735839844 0.0130977630615234 -0.72381591796875 -0.38812255859375
0.0254249572753906 0.00829696655273438 -0.5634765625 0.28570556640625
0.0190372467041016 -0.00096893310546875 -0.167144775390625 0.461456298828125
0.00661849975585938 -0.0243263244628906 0.170135498046875 0.297210693359375
0.0188179016113281 0.00177574157714844 0.26611328125 0.05181884765625
0.0232067108154297 0.0105381011962891 -0.256210327148438 -0.132919311523437
0.0276336669921875 -0.0180530548095703 -0.06591796875 -0.349029541015625
0.0311794281005859 0.00244712829589844 0.329559326171875 -0.406494140625
0.0248603820800781 0.0229377746582031 0.7161865234375 -0.0926513671875
-0.00788593292236328 0.00890159606933594 0.5723876953125 0.587158203125
-0.0306663513183594 -0.0203380584716797 -0.08984375 0.89453125
-0.0247917175292969 0.0263462066650391 -0.443206787109375 0.46197509765625
-0.0127716064453125 0.0364036560058594 0.132858276367188 0.0263900756835938
-0.00512933731079102 0.00646781921386719 0.5404052734375 -0.588623046875
-0.00334572792053223 -0.00275349617004395 -0.08740234375 -0.953857421875
-0.000164985656738281 0.00748777389526367 -0.73760986328125 -0.3414306640625
0.0197925567626953 0.00834846496582031 -0.5391845703125 0.319000244140625
0.0177707672119141 4.38690185546875E-05 -0.14483642578125 0.46954345703125
0.00613975524902343 -0.0206680297851563 0.181854248046875 0.289703369140625
0.0201187133789063 0.00659561157226562 0.26934814453125 0.046173095703125
0.0238609313964844 0.0164127349853516 -0.252609252929688 -0.13702392578125
0.0263442993164063 -0.0120754241943359 -0.058319091796875 -0.3507080078125
0.0271797180175781 0.00657463073730469 0.34332275390625 -0.39984130859375
0.0153675079345703 0.0226249694824219 0.72320556640625 -0.0673828125
-0.0126495361328125 7.6293945312499E-05 0.55426025390625 0.61663818359375
-0.0203590393066406 -0.0392265319824219 -0.1181640625 0.89617919921875
0.004425048828125 0.00926017761230469 -0.4434814453125 0.4439697265625
0.0250282287597656 0.0267219543457031 0.150466918945313 0.0147857666015625
0.018524169921875 -0.0107250213623047 0.53271484375 -0.60821533203125
-0.00031280517578125 -0.0197982788085938 -0.12054443359375 -0.9451904296875
-0.00748062133789063 0.00199508666992188 -0.74444580078125 -0.31060791015625
0.0133495330810547 0.0109596252441406 -0.524566650390625 0.33831787109375
0.0157556533813477 0.00271701812744141 -0.128997802734375 0.4752197265625
0.00659275054931641 -0.0142755508422852 0.185699462890625 0.28704833984375
0.0222911834716797 0.0130996704101563 0.27117919921875 0.0414581298828125
0.0264472961425781 0.0203971862792969 -0.251678466796875 -0.1387939453125
0.0267276763916016 -0.00655555725097656 -0.056976318359375 -0.350189208984375
0.0223884582519531 0.0119743347167969 0.3460693359375 -0.396209716796875
0.00761795043945312 0.0233612060546875 0.72601318359375 -0.0579833984375
-0.0177421569824219 -0.0108814239501953 0.54913330078125 0.6229248046875
-0.00880432128906249 -0.0578079223632813 -0.12628173828125 0.89666748046875
0.0378875732421875 -0.00854110717773438 -0.44537353515625 0.4383544921875
0.0663681030273438 0.0164031982421875 0.154708862304688 0.0103302001953125
0.0425491333007813 -0.0307121276855469 0.52716064453125 -0.61151123046875
0.00238418579101563 -0.0371017456054688 -0.12908935546875 -0.94012451171875
-0.0162458419799805 -0.00381088256835937 -0.7469482421875 -0.29803466796875
0.00596523284912109 0.0139636993408203 -0.521026611328125 0.348419189453125
0.0145587921142578 0.00738811492919922 -0.126800537109375 0.47943115234375
0.00711488723754883 -0.00841522216796875 0.18841552734375 0.288116455078125
0.0254421234130859 0.0176792144775391 0.271530151367187 0.0409088134765625
0.0278167724609375 0.0261917114257813 -0.251663208007813 -0.136886596679687
0.0269031524658203 -0.00139808654785156 -0.059539794921875 -0.34820556640625
0.0189037322998047 0.0157146453857422 0.3397216796875 -0.39837646484375
0.00212287902832031 0.0241298675537109 0.7213134765625 -0.06829833984375
-0.0221042633056641 -0.0186023712158203 0.55633544921875 0.61273193359375
0.000289916992187505 -0.0751953125 -0.11572265625 0.89801025390625
0.0699043273925781 -0.0257225036621094 -0.446441650390625 0.445892333984375
0.106399536132812 0.0049285888671875 0.13897705078125 0.0129547119140625
0.0666847229003906 -0.0472488403320312 0.5291748046875 -0.6007080078125
0.00580978393554687 -0.0536117553710937 -0.11383056640625 -0.9422607421875
-0.0232868194580078 -0.00985527038574218 -0.74420166015625 -0.31182861328125
-0.00106048583984375 0.0182228088378906 -0.530303955078125 0.343414306640625
0.0124025344848633 0.0126552581787109 -0.1336669921875 0.480133056640625
0.00778055191040039 -0.00365352630615234 0.186859130859375 0.293731689453125
0.0271797180175781 0.0214328765869141 0.274139404296875 0.0431671142578125
0.0293807983398438 0.0282993316650391 -0.253280639648438 -0.131591796875
0.0244026184082031 0.000812530517578125 -0.069793701171875 -0.345733642578125
0.0158576965332031 0.0179939270019531 0.3214111328125 -0.407745361328125
-0.00138282775878906 0.0246467590332031 0.71160888671875 -0.09417724609375
-0.0247955322265625 -0.0217800140380859 0.5777587890625 0.5855712890625
0.00501251220703125 -0.08624267578125 -0.0781249999999999 0.8974609375
0.0918426513671875 -0.042999267578125 -0.44580078125 0.46392822265625
0.139610290527344 -0.00441741943359375 0.110244750976563 0.023223876953125
0.0897064208984375 -0.0607147216796875 0.535400390625 -0.57916259765625
0.0124092102050781 -0.064788818359375 -0.0822143554687499 -0.95050048828125
-0.0293502807617188 -0.0160179138183594 -0.73443603515625 -0.34375
-0.00490570068359375 0.0188808441162109 -0.547637939453125 0.327789306640625
0.0125951766967773 0.0162544250488281 -0.1524658203125 0.479888916015625
0.00662708282470703 -0.000685214996337891 0.180694580078125 0.30047607421875
0.0279731750488281 0.0233230590820313 0.273971557617187 0.048004150390625
0.0238151550292969 0.00451278686523438 -0.267776489257812 -0.103439331054688
0.0224132537841797 -0.0292396545410156 -0.114776611328125 -0.33123779296875
0.0354042053222656 -0.005889892578125 0.243804931640625 -0.44659423828125
0.0413589477539063 0.0220108032226563 0.65985107421875 -0.2310791015625
0.00705909729003906 0.0222682952880859 0.6619873046875 0.43377685546875
-0.0386428833007813 0.00748062133789063 0.0810546875000001 0.8935546875
-0.0487823486328125 0.0488128662109375 -0.42803955078125 0.57293701171875
-0.0512962341308594 0.0469932556152344 0.00933074951171875 0.083343505859375
-0.03192138671875 0.0286369323730469 0.58648681640625 -0.47882080078125
-0.00819778442382812 0.0209732055664063 0.09954833984375 -0.9873046875
0.00820350646972656 0.0204124450683594 -0.68304443359375 -0.5174560546875
0.0306262969970703 0.010894775390625 -0.6192626953125 0.20806884765625
0.0229225158691406 0.00244140625 -0.22674560546875 0.446197509765625
0.00612640380859375 -0.0276145935058594 0.150604248046875 0.309844970703125
0.0216045379638672 -0.00430488586425781 0.262771606445313 0.06610107421875
0.0233955383300781 0.00531387329101562 -0.26513671875 -0.113052368164062
0.0228557586669922 -0.0277633666992188 -0.09796142578125 -0.338531494140625
0.0357513427734375 -0.00516891479492188 0.273651123046875 -0.435882568359375
0.0393218994140625 0.024139404296875 0.686279296875 -0.18597412109375
0.00237655639648437 0.022674560546875 0.63763427734375 0.489501953125
-0.04010009765625 0.00585556030273438 0.0233154296875 0.897705078125
-0.0552978515625 0.0480766296386719 -0.436981201171875 0.535614013671875
-0.056182861328125 0.0478782653808594 0.0571327209472656 0.0639305114746094
-0.0330142974853516 0.0275135040283203 0.57177734375 -0.52252197265625
-0.00775909423828125 0.0186481475830078 0.02899169921875 -0.981201171875
0.00876998901367188 0.0184211730957031 -0.7066650390625 -0.45068359375
0.0289325714111328 0.00808525085449219 -0.59149169921875 0.251220703125
0.0218296051025391 0.0005035400390625 -0.193695068359375 0.457244873046875
0.00601768493652344 -0.0272445678710938 0.16302490234375 0.303070068359375
0.0211296081542969 -0.00158309936523438 0.265640258789062 0.0584716796875
0.0224552154541016 0.0050811767578125 -0.263809204101563 -0.123916625976563
0.0267810821533203 -0.0233154296875 -0.08270263671875 -0.346588134765625
0.0342159271240234 -0.00273513793945313 0.301239013671875 -0.423431396484375
0.0325775146484375 0.0236339569091797 0.7066650390625 -0.1380615234375
-0.00198554992675781 0.0167531967163086 0.60693359375 0.54205322265625
-0.0387191772460938 -0.00461578369140626 -0.03948974609375 0.9005126953125
-0.046417236328125 0.04095458984375 -0.4429931640625 0.496429443359375
-0.0419197082519531 0.0434455871582031 0.0995864868164063 0.0433502197265625
-0.0223731994628906 0.01959228515625 0.55792236328125 -0.562225341796875
-0.00541496276855469 0.0114641189575195 -0.0408325195312501 -0.96820068359375
0.00692939758300781 0.0130853652954102 -0.73114013671875 -0.387939453125
0.0264682769775391 0.00698471069335938 -0.56378173828125 0.2913818359375
0.0197105407714844 -0.00043487548828125 -0.16229248046875 0.466949462890625
0.00569343566894531 -0.0231819152832031 0.176300048828125 0.298187255859375
0.0208911895751953 0.00093841552734375 0.269134521484375 0.0516510009765625
0.0231342315673828 0.0085906982421875 -0.259780883789063 -0.13201904296875
0.0271396636962891 -0.0182476043701172 -0.07073974609375 -0.35101318359375
0.0317249298095703 0.00299644470214844 0.328125 -0.4130859375
0.0249881744384766 0.0219287872314453 0.7213134765625 -0.09930419921875
-0.00690078735351562 0.0092000961303711 0.58013916015625 0.58709716796875
-0.0302715301513672 -0.0206279754638672 -0.0890502929687501 0.90093994140625
-0.0244712829589844 0.0275001525878906 -0.443328857421875 0.46868896484375
-0.01416015625 0.0375595092773437 0.133399963378906 0.0259628295898438
-0.00353240966796875 0.00602912902832031 0.54168701171875 -0.5955810546875
-0.00296854972839355 -0.00370335578918457 -0.0946044921875 -0.95965576171875
0.000705718994140625 0.0084691047668457 -0.74554443359375 -0.33740234375
0.0195713043212891 0.00789642333984375 -0.54254150390625 0.323944091796875
0.0175514221191406 -0.000178337097167969 -0.140533447265625 0.474578857421875
0.00586700439453125 -0.0195751190185547 0.1844482421875 0.291107177734375
0.0200481414794922 0.00525474548339844 0.27197265625 0.0442352294921875
0.0259475708007813 0.014739990234375 -0.256820678710938 -0.13665771484375
0.0263347625732422 -0.0135307312011719 -0.062957763671875 -0.3525390625
0.0266380310058594 0.00592231750488281 0.340850830078125 -0.40545654296875
0.015655517578125 0.022430419921875 0.7294921875 -0.07318115234375
-0.0121173858642578 -0.00248813629150391 0.561279296875 0.6151123046875
-0.0208244323730469 -0.0373916625976563 -0.11541748046875 0.90252685546875
0.00588226318359375 0.0101137161254883 -0.4447021484375 0.44964599609375
0.0246753692626953 0.0266532897949219 0.152862548828125 0.0145416259765625
0.0177059173583984 -0.0118293762207031 0.53326416015625 -0.61395263671875
0.000167846679687498 -0.0202980041503906 -0.1251220703125 -0.95111083984375
-0.00844621658325195 0.00172996520996094 -0.74981689453125 -0.30743408203125
0.0123043060302734 0.00969123840332031 -0.525726318359375 0.345184326171875
0.0154342651367188 0.00352096557617187 -0.12701416015625 0.479644775390625
0.00619125366210938 -0.0147085189819336 0.190887451171875 0.287139892578125
0.0244865417480469 0.0134372711181641 0.27349853515625 0.0389251708984375
0.0269432067871094 0.0196552276611328 -0.25543212890625 -0.137191772460938
0.0267143249511719 -0.00795364379882813 -0.0595703125 -0.352996826171875
0.0224094390869141 0.0113849639892578 0.345855712890625 -0.4039306640625
0.00779914855957031 0.0224723815917969 0.73004150390625 -0.06610107421875
-0.0169429779052734 -0.0107173919677734 0.55535888671875 0.623291015625
-0.00844573974609375 -0.057220458984375 -0.1231689453125 0.902587890625
0.0374908447265625 -0.00783538818359375 -0.4442138671875 0.444244384765625
0.0661392211914063 0.0154991149902344 0.155349731445313 0.009185791015625
0.0421905517578125 -0.0311203002929688 0.528076171875 -0.6209716796875
0.00118255615234375 -0.0360031127929687 -0.13458251953125 -0.94549560546875
-0.0163097381591797 -0.00329208374023438 -0.7523193359375 -0.2950439453125
0.00536632537841797 0.0132856369018555 -0.52288818359375 0.35498046875
0.014678955078125 0.0082855224609375 -0.123138427734375 0.4835205078125
0.0064244270324707 -0.00780677795410156 0.192138671875 0.288360595703125
0.0263233184814453 0.0180263519287109 0.274765014648438 0.0383758544921875
0.0294418334960938 0.0241355895996094 -0.255340576171875 -0.135360717773438
0.0265712738037109 -0.0032806396484375 -0.064361572265625 -0.3494873046875
0.0200138092041016 0.0153446197509766 0.339080810546875 -0.404296875
0.00137710571289062 0.0221691131591797 0.72589111328125 -0.0745849609375
-0.0221710205078125 -0.0185947418212891 0.56268310546875 0.6136474609375
0.000320434570312504 -0.0753707885742188 -0.11163330078125 0.90301513671875
0.0681838989257812 -0.0255966186523437 -0.44671630859375 0.4501953125
0.107421875 0.00403594970703125 0.1407470703125 0.0121307373046875
0.0675544738769531 -0.0480842590332031 0.53070068359375 -0.61016845703125
0.00475311279296875 -0.0526123046875 -0.1199951171875 -0.9493408203125
-0.0239830017089844 -0.00991630554199219 -0.75006103515625 -0.308349609375
-0.000606536865234374 0.0183620452880859 -0.530242919921875 0.350921630859375
0.0136337280273438 0.0124425888061523 -0.1312255859375 0.484283447265625
0.00825643539428711 -0.00295305252075195 0.191131591796875 0.29302978515625
0.0276546478271484 0.0208721160888672 0.277236938476562 0.0418701171875
0.02996826171875 0.0278835296630859 -0.257583618164063 -0.130538940429688
0.0256900787353516 0.000955581665039063 -0.07244873046875 -0.347808837890625
0.0146923065185547 0.0176677703857422 0.320220947265625 -0.414520263671875
-0.00269317626953125 0.0242805480957031 0.71533203125 -0.10345458984375
-0.0263252258300781 -0.0228672027587891 0.5863037109375 0.5859375
0.00384521484375 -0.08697509765625 -0.0742187499999999 0.90386962890625
0.09307861328125 -0.0419692993164063 -0.447601318359375 0.470489501953125
0.138397216796875 -0.00566864013671875 0.1107177734375 0.02374267578125
0.090911865234375 -0.0625381469726563 0.5379638671875 -0.586669921875
0.0126113891601563 -0.0658035278320313 -0.08551025390625 -0.95709228515625
-0.0289669036865234 -0.0150642395019531 -0.74237060546875 -0.34088134765625
-0.00589370727539062 0.0196704864501953 -0.55023193359375 0.3336181640625
0.0121059417724609 0.0170526504516602 -0.148345947265625 0.486053466796875
0.00716543197631836 -3.86238098144531E-05 0.183837890625 0.3004150390625
0.0296344757080078 0.0211715698242188 0.276382446289063 0.0479888916015625
0.0256099700927734 0.00326919555664063 -0.272171020507813 -0.101654052734375
0.0227851867675781 -0.0300216674804688 -0.118804931640625 -0.331817626953125
0.0358390808105469 -0.00643157958984375 0.239654541015625 -0.45245361328125
0.0412101745605469 0.0218849182128906 0.66326904296875 -0.2408447265625
0.00521469116210938 0.0229816436767578 0.670654296875 0.43072509765625
-0.0397682189941406 0.00982284545898438 0.0875854492187499 0.89892578125
-0.0502204895019531 0.049102783203125 -0.42706298828125 0.58111572265625
-0.0523338317871094 0.04779052734375 0.01031494140625 0.083465576171875
-0.0314693450927734 0.0277557373046875 0.58453369140625 -0.48638916015625
-0.00831985473632813 0.0222244262695313 0.0935058593749999 -0.99517822265625
0.00744819641113281 0.0204982757568359 -0.69122314453125 -0.515869140625
0.0305957794189453 0.0102787017822266 -0.62225341796875 0.21392822265625
0.0228004455566406 0.00254058837890625 -0.225189208984375 0.45245361328125
0.00470161437988282 -0.0273628234863281 0.156219482421875 0.309722900390625
0.0221157073974609 -0.00400924682617188 0.265640258789063 0.0641937255859375
0.0238838195800781 0.00352096557617187 -0.2694091796875 -0.1126708984375
0.0237293243408203 -0.0275020599365234 -0.10272216796875 -0.34130859375
0.0356178283691406 -0.00580596923828125 0.271728515625 -0.441375732421875
0.0383834838867188 0.0226097106933594 0.687744140625 -0.19439697265625
0.00266838073730469 0.0211849212646484 0.6470947265625 0.48614501953125
-0.0404701232910156 0.0064239501953125 0.028564453125 0.90399169921875
-0.05462646484375 0.0492668151855469 -0.434417724609375 0.54248046875
-0.0565338134765625 0.0491828918457031 0.0575904846191406 0.0640144348144531
-0.0329952239990234 0.0278434753417969 0.57373046875 -0.53045654296875
-0.00725364685058594 0.0189285278320313 0.0203857421875001 -0.9881591796875
0.00802421569824219 0.018310546875 -0.71697998046875 -0.4488525390625
0.0299453735351563 0.00778388977050781 -0.5963134765625 0.2587890625
0.0216560363769531 -0.000823974609375 -0.191986083984375 0.464080810546875
0.00599861145019532 -0.0266399383544922 0.167236328125 0.302520751953125
0.0209980010986328 -0.00257301330566406 0.2689208984375 0.0568389892578125
0.0224647521972656 0.00531578063964844 -0.266769409179688 -0.12176513671875
0.0269088745117188 -0.0243186950683594 -0.087127685546875 -0.34832763671875
0.0344142913818359 -0.00249671936035156 0.29998779296875 -0.42962646484375
0.0344638824462891 0.0237216949462891 0.70947265625 -0.1488037109375
-0.00243282318115235 0.0167703628540039 0.61578369140625 0.540283203125
-0.0383949279785156 -0.00416946411132812 -0.0321044921875 0.90509033203125
-0.0463714599609375 0.0414047241210938 -0.442047119140625 0.502716064453125
-0.0433807373046875 0.0455780029296875 0.100997924804688 0.041717529296875
-0.0239467620849609 0.0196952819824219 0.5562744140625 -0.5694580078125
-0.00627231597900391 0.010319709777832 -0.0504150390625001 -0.9757080078125
0.00587654113769531 0.0136127471923828 -0.74017333984375 -0.38238525390625
0.0253620147705078 0.00620460510253906 -0.56744384765625 0.29833984375
0.0203971862792969 -0.00165939331054687 -0.161468505859375 0.471649169921875
0.00547981262207031 -0.0245475769042969 0.180694580078125 0.297088623046875
0.0207481384277344 0.000837326049804688 0.271392822265625 0.0486602783203125
0.0242080688476563 0.0094757080078125 -0.263870239257813 -0.129989624023437
0.0260124206542969 -0.0185508728027344 -0.074737548828125 -0.35211181640625
0.0318412780761719 0.00161933898925781 0.325653076171875 -0.420806884765625
0.0247764587402344 0.0226192474365234 0.7252197265625 -0.107177734375
-0.00823831558227539 0.00857400894165039 0.58831787109375 0.58563232421875
-0.0318202972412109 -0.0190391540527344 -0.0802612304687501 0.90863037109375
-0.0250473022460938 0.0275611877441406 -0.443756103515625 0.474639892578125
-0.013397216796875 0.0379219055175781 0.132904052734375 0.025665283203125
-0.00536584854125976 0.00550699234008789 0.5421142578125 -0.60272216796875
-0.00409579277038574 -0.00305342674255371 -0.10205078125 -0.96533203125
5.28930871626048E-19 0.00863838195800781 -0.75250244140625 -0.33319091796875
0.0191097259521484 0.00762748718261719 -0.54205322265625 0.33172607421875
0.0187015533447266 -0.000337600708007813 -0.13702392578125 0.47906494140625
0.00504684448242188 -0.0198612213134766 0.19000244140625 0.2900390625
0.0218334197998047 0.00566482543945312 0.274185180664063 0.041595458984375
0.0271377563476562 0.0141220092773437 -0.25994873046875 -0.134780883789062
0.0268325805664063 -0.0131111145019531 -0.067108154296875 -0.3544921875
0.0280570983886719 0.00703620910644531 0.34051513671875 -0.412139892578125
0.0169124603271484 0.0219593048095703 0.73089599609375 -0.08172607421875
-0.0144109725952148 -0.00210285186767578 0.569091796875 0.61444091796875
-0.0220184326171875 -0.0370140075683594 -0.1103515625 0.9100341796875
0.00419235229492188 0.0107870101928711 -0.4453125 0.4559326171875
0.0251579284667969 0.0273780822753906 0.152969360351563 0.0140380859375
0.018157958984375 -0.0126800537109375 0.53216552734375 -0.62310791015625
-0.00226402282714843 -0.020050048828125 -0.13446044921875 -0.9556884765625
-0.00834560394287109 0.00157976150512695 -0.75872802734375 -0.30194091796875
0.013371467590332 0.0102195739746094 -0.528350830078125 0.35162353515625
0.0153751373291016 0.00313949584960938 -0.122528076171875 0.485015869140625
0.00568675994873047 -0.0147552490234375 0.19598388671875 0.286285400390625
0.0244884490966797 0.0120735168457031 0.27679443359375 0.03765869140625
0.0284023284912109 0.0177822113037109 -0.260391235351563 -0.1358642578125
0.0266189575195313 -0.00795936584472656 -0.064544677734375 -0.35418701171875
0.0233020782470703 0.00997543334960937 0.344146728515625 -0.41064453125
0.00735282897949219 0.0217189788818359 0.7349853515625 -0.07373046875
-0.0186729431152344 -0.0117149353027344 0.56494140625 0.62225341796875
-0.00978469848632813 -0.0571441650390625 -0.11639404296875 0.9095458984375
0.0383186340332031 -0.00746536254882812 -0.446563720703125 0.449981689453125
0.0667800903320313 0.0153236389160156 0.155609130859375 0.0085601806640625
0.0414619445800781 -0.0316162109375 0.52545166015625 -0.62945556640625
0.00103378295898437 -0.0368919372558594 -0.14483642578125 -0.95263671875
-0.0175209045410156 -0.00392723083496094 -0.76165771484375 -0.29034423828125
0.00661563873291016 0.0134954452514648 -0.52410888671875 0.363311767578125
0.0144033432006836 0.00793933868408203 -0.118499755859375 0.488494873046875
0.00700759887695312 -0.0078287124633789 0.197784423828125 0.287994384765625
0.0271110534667969 0.0161151885986328 0.278457641601563 0.0358734130859375
0.0301914215087891 0.0240364074707031 -0.25970458984375 -0.1341552734375
0.0262355804443359 -0.00343132019042969 -0.069091796875 -0.3521728515625
0.0193080902099609 0.0154857635498047 0.335845947265625 -0.4122314453125
0.0009002685546875 0.0220432281494141 0.7314453125 -0.08233642578125
-0.0227756500244141 -0.0195903778076172 0.571533203125 0.6116943359375
-0.000503540039062497 -0.0739059448242188 -0.1053466796875 0.90899658203125
0.0698165893554688 -0.0261917114257813 -0.447967529296875 0.4559326171875
0.107330322265625 0.00438690185546875 0.140388488769531 0.0114974975585938
0.0664253234863281 -0.0492019653320313 0.52740478515625 -0.61798095703125
0.004913330078125 -0.0512161254882812 -0.12982177734375 -0.95562744140625
-0.0248699188232422 -0.00938796997070313 -0.75714111328125 -0.3028564453125
-0.000822067260742187 0.0169038772583008 -0.52947998046875 0.35797119140625
0.0134477615356445 0.0131711959838867 -0.127349853515625 0.4896240234375
0.00621938705444336 -0.00304985046386719 0.1964111328125 0.292236328125
0.0292034149169922 0.0202407836914062 0.279632568359375 0.038116455078125
0.0314216613769531 0.0266532897949219 -0.2607421875 -0.128875732421875
0.0248489379882813 0.000234603881835938 -0.077423095703125 -0.348602294921875
0.0164852142333984 0.0181407928466797 0.317352294921875 -0.42156982421875
-0.00177764892578125 0.0248527526855469 0.7200927734375 -0.109619140625
-0.0268402099609375 -0.0219516754150391 0.59271240234375 0.582763671875
0.00444793701171876 -0.087005615234375 -0.06671142578125 0.91156005859375
0.0928726196289063 -0.0439529418945313 -0.446929931640625 0.476348876953125
0.140045166015625 -0.00563812255859375 0.112228393554688 0.0224151611328125
0.089447021484375 -0.0629348754882812 0.5364990234375 -0.59710693359375
0.0106964111328125 -0.0664749145507813 -0.093994140625 -0.9615478515625
-0.0288429260253906 -0.0140876770019531 -0.75103759765625 -0.3380126953125
-0.00596237182617187 0.0200214385986328 -0.54913330078125 0.3416748046875
0.0121011734008789 0.01617431640625 -0.1436767578125 0.4893798828125
0.00726890563964844 -0.00046539306640625 0.188995361328125 0.299102783203125
0.0302848815917969 0.0224456787109375 0.27972412109375 0.0452728271484375
0.0260257720947266 0.00329780578613281 -0.2757568359375 -0.097808837890625
0.0220317840576172 -0.0293445587158203 -0.123748779296875 -0.333587646484375
0.03509521484375 -0.00714683532714844 0.235137939453125 -0.45849609375
0.0420303344726563 0.0202560424804688 0.664306640625 -0.24945068359375
0.00596237182617188 0.0232715606689453 0.6790771484375 0.4266357421875
-0.0394630432128906 0.0103645324707031 0.0962524414062501 0.90216064453125
-0.0488700866699219 0.0503120422363281 -0.4248046875 0.58905029296875
-0.0523910522460938 0.0479087829589844 0.00989532470703125 0.0849609375
-0.0324230194091797 0.0292091369628906 0.58538818359375 -0.49371337890625
-0.00843620300292969 0.0214290618896484 0.08502197265625 -1.003173828125
0.00714683532714844 0.0204906463623047 -0.7003173828125 -0.5147705078125
0.0307159423828125 0.00951194763183594 -0.62371826171875 0.22235107421875
0.0228252410888672 0.00300025939941406 -0.2200927734375 0.45654296875
0.00430679321289062 -0.0276317596435547 0.16046142578125 0.309967041015625
0.0228233337402344 -0.00443458557128906 0.268753051757812 0.062469482421875
0.0245742797851563 0.00316619873046875 -0.273635864257813 -0.110000610351562
0.0241622924804687 -0.0283775329589844 -0.10772705078125 -0.341278076171875
0.036773681640625 -0.0058746337890625 0.266510009765625 -0.449462890625
0.0396614074707031 0.0215415954589844 0.69036865234375 -0.20367431640625
0.00306320190429687 0.022003173828125 0.65545654296875 0.48431396484375
-0.0411911010742187 0.00706100463867187 0.0378417968750001 0.9105224609375
-0.05438232421875 0.0510101318359375 -0.4329833984375 0.551422119140625
-0.0562019348144531 0.0488357543945312 0.057037353515625 0.0637626647949219
-0.0333805084228516 0.028564453125 0.57196044921875 -0.53741455078125
-0.00819587707519531 0.0200614929199219 0.00915527343750008 -0.99652099609375
0.00900459289550781 0.0180435180664063 -0.727783203125 -0.445068359375
0.0293216705322266 0.00724220275878906 -0.59503173828125 0.2662353515625
0.0217628479003906 3.62396240234375E-05 -0.1875 0.4664306640625
0.005279541015625 -0.0275535583496094 0.173248291015625 0.302001953125
0.02252197265625 -0.00299453735351563 0.271636962890625 0.0535430908203125
0.0235939025878906 0.00382041931152344 -0.27178955078125 -0.12030029296875
0.0254230499267578 -0.0258293151855469 -0.0921630859375 -0.34930419921875
0.0336494445800781 -0.00325775146484375 0.29638671875 -0.43792724609375
0.0334701538085938 0.0229377746582031 0.71343994140625 -0.157470703125
-0.00285625457763672 0.0173454284667969 0.6259765625 0.53759765625
-0.0387916564941406 -0.00299835205078125 -0.0233764648437499 0.91375732421875
-0.0471611022949219 0.0425567626953125 -0.438873291015625 0.511474609375
-0.0434837341308594 0.0459136962890625 0.100700378417969 0.0419921875
-0.0237770080566406 0.0208454132080078 0.556396484375 -0.57958984375
-0.00589370727539063 0.0114259719848633 -0.0587158203125 -0.982666015625
0.00598716735839844 0.0139312744140625 -0.7464599609375 -0.379150390625
0.0252056121826172 0.00661849975585937 -0.56781005859375 0.30810546875
0.0193271636962891 -0.00139808654785156 -0.15625 0.476470947265625
0.00600051879882813 -0.0232505798339844 0.1859130859375 0.29534912109375
0.0218296051025391 0.000600814819335937 0.274932861328125 0.046539306640625
0.0265769958496094 0.00840950012207031 -0.267181396484375 -0.127548217773438
0.0262813568115234 -0.0194320678710938 -0.079071044921875 -0.35302734375
0.0327930450439453 0.00142288208007813 0.321868896484375 -0.428070068359375
0.0248088836669922 0.0222225189208984 0.728515625 -0.1173095703125
-0.00998497009277344 0.00963973999023438 0.5970458984375 0.58233642578125
-0.0318050384521484 -0.0176525115966797 -0.07147216796875 0.91510009765625
-0.0260372161865234 0.0294685363769531 -0.443267822265625 0.48150634765625
-0.0134048461914062 0.0371971130371094 0.134597778320313 0.0245895385742188
-0.00489616394042969 0.00558090209960937 0.5406494140625 -0.61224365234375
-0.00454139709472656 -0.00367355346679687 -0.1112060546875 -0.97186279296875
-0.0006256103515625 0.00697946548461914 -0.7623291015625 -0.329833984375
0.0197696685791016 0.00678443908691406 -0.542999267578125 0.33880615234375
0.0174150466918945 0.000441551208496094 -0.13336181640625 0.483489990234375
0.00476264953613281 -0.0193004608154297 0.19488525390625 0.289093017578125
0.0229930877685547 0.00626182556152344 0.277099609375 0.0388031005859375
0.0277442932128906 0.0133781433105469 -0.2642822265625 -0.13323974609375
0.0263595581054688 -0.0140762329101563 -0.071258544921875 -0.354522705078125
0.0268135070800781 0.00539398193359375 0.336822509765625 -0.420013427734375
0.0168399810791016 0.0205192565917969 0.735595703125 -0.09027099609375
-0.0145778656005859 -0.0016021728515625 0.5797119140625 0.61114501953125
-0.0217666625976562 -0.0373191833496094 -0.1025390625 0.91558837890625
0.00499248504638672 0.0110769271850586 -0.44354248046875 0.46356201171875
0.0254249572753906 0.0277748107910156 0.153396606445313 0.01275634765625
0.017512321472168 -0.0114107131958008 0.5289306640625 -0.630126953125
-0.00213623046875 -0.0202121734619141 -0.143310546875 -0.96185302734375
-0.00930976867675781 0.00139999389648437 -0.76727294921875 -0.29833984375
0.013031005859375 0.00962162017822266 -0.52752685546875 0.359710693359375
0.0159978866577148 0.00359153747558594 -0.117828369140625 0.48773193359375
0.00594234466552735 -0.0131855010986328 0.20037841796875 0.286376953125
0.0257225036621094 0.0101375579833984 0.279800415039063 0.035247802734375
0.0289802551269531 0.0183010101318359 -0.26385498046875 -0.134246826171875
0.0267372131347656 -0.00823974609375 -0.07073974609375 -0.355865478515625
0.0233249664306641 0.0103511810302734 0.341278076171875 -0.41754150390625
0.00828361511230469 0.0214900970458984 0.7391357421875 -0.0836181640625
-0.0193519592285156 -0.0107021331787109 0.57305908203125 0.62060546875
-0.0100479125976563 -0.0571250915527344 -0.10968017578125 0.916015625
0.0385589599609375 -0.00864791870117188 -0.4444580078125 0.455657958984375
0.0674247741699219 0.0153160095214844 0.155746459960938 0.0082550048828125
0.0422821044921875 -0.0318527221679688 0.526123046875 -0.63494873046875
0.00115585327148437 -0.0370330810546875 -0.15606689453125 -0.95733642578125
-0.0184707641601563 -0.00393104553222656 -0.76715087890625 -0.28515625
0.00615310668945312 0.0131978988647461 -0.522979736328125 0.37017822265625
0.0142669677734375 0.00813484191894531 -0.114349365234375 0.4918212890625
0.005859375 -0.00757360458374023 0.203887939453125 0.2862548828125
0.0279769897460938 0.0164260864257813 0.28167724609375 0.0333251953125
0.0298194885253906 0.0235767364501953 -0.263900756835937 -0.1312255859375
0.0262393951416016 -0.00252342224121094 -0.07373046875 -0.353424072265625
0.0186977386474609 0.0152187347412109 0.333709716796875 -0.420745849609375
0.00180435180664063 0.0218296051025391 0.73309326171875 -0.092529296875
-0.0237312316894531 -0.0187358856201172 0.58056640625 0.61004638671875
-0.000762939453124996 -0.07330322265625 -0.0965576171875 0.91851806640625
0.069854736328125 -0.0274314880371094 -0.446990966796875 0.4627685546875
0.108657836914062 0.003204345703125 0.140762329101563 0.0102691650390625
0.0674629211425781 -0.0503158569335937 0.52734375 -0.6260986328125
0.00487518310546875 -0.0535087585449219 -0.13812255859375 -0.96099853515625
-0.0244884490966797 -0.00928115844726563 -0.76702880859375 -0.29864501953125
-0.000798225402832033 0.0166559219360352 -0.530731201171875 0.365570068359375
0.0129451751708984 0.0133876800537109 -0.12274169921875 0.4937744140625
0.00766324996948242 -0.00341558456420898 0.201141357421875 0.291900634765625
0.0307655334472656 0.0197963714599609 0.282073974609375 0.03656005859375
0.0316619873046875 0.0260009765625 -0.26513671875 -0.127548217773437
0.0243377685546875 -0.000682830810546875 -0.083221435546875 -0.34991455078125
0.0169773101806641 0.0174160003662109 0.31463623046875 -0.42779541015625
-0.00201797485351562 0.02349853515625 0.72265625 -0.119384765625
-0.0268306732177734 -0.0218849182128906 0.60302734375 0.58123779296875
0.00328826904296875 -0.08587646484375 -0.0595703125 0.91558837890625
0.093475341796875 -0.044158935546875 -0.446014404296875 0.4835205078125
0.142425537109375 -0.007293701171875 0.111892700195313 0.021636962890625
0.0900955200195313 -0.064544677734375 0.5341796875 -0.604248046875
0.0103530883789063 -0.0667381286621094 -0.10345458984375 -0.96832275390625
-0.0304584503173828 -0.0152530670166016 -0.76019287109375 -0.33319091796875
-0.00518989562988281 0.0190067291259766 -0.55010986328125 0.348846435546875
0.0117015838623047 0.0164260864257813 -0.139495849609375 0.49462890625
0.00728559494018555 -0.000157833099365234 0.193695068359375 0.298431396484375
0.0322608947753906 0.0220317840576172 0.282196044921875 0.042510986328125
0.0262546539306641 0.00254058837890625 -0.280715942382813 -0.0953369140625
0.0212154388427734 -0.0303859710693359 -0.128662109375 -0.332763671875
0.0347614288330078 -0.00860404968261719 0.231842041015625 -0.464385986328125
0.042205810546875 0.019805908203125 0.66571044921875 -0.26019287109375
0.00516510009765625 0.0231342315673828 0.68682861328125 0.4195556640625
-0.0401992797851563 0.0115242004394531 0.10699462890625 0.906494140625
-0.0493583679199219 0.0516891479492187 -0.42047119140625 0.5963134765625
-0.0518379211425781 0.0485458374023437 0.0109405517578125 0.0853652954101563
-0.0326480865478516 0.0287075042724609 0.582763671875 -0.501953125
-0.00900840759277344 0.0220489501953125 0.0726318359375001 -1.00921630859375
0.00726699829101562 0.0198688507080078 -0.71099853515625 -0.5076904296875
0.0313911437988281 0.00884056091308594 -0.62567138671875 0.23089599609375
0.0222930908203125 0.00291061401367188 -0.214202880859375 0.461883544921875
0.00471878051757813 -0.0277347564697266 0.166961669921875 0.307647705078125
0.0232810974121094 -0.00656700134277344 0.2706298828125 0.05865478515625
0.0258598327636719 0.00271415710449219 -0.278167724609375 -0.106857299804688
0.0232067108154297 -0.0290641784667969 -0.11334228515625 -0.341156005859375
0.0360107421875 -0.00736236572265625 0.26220703125 -0.456207275390625
0.039031982421875 0.0211639404296875 0.6923828125 -0.21551513671875
0.00255775451660156 0.0227508544921875 0.663818359375 0.476318359375
-0.0420722961425781 0.00823974609375001 0.0455322265625 0.91217041015625
-0.0546684265136719 0.0525436401367188 -0.430328369140625 0.556854248046875
-0.0561904907226563 0.0517463684082031 0.0575141906738281 0.0645599365234375
-0.0344257354736328 0.0288162231445313 0.5684814453125 -0.54791259765625
-0.0080108642578125 0.0213088989257813 -0.00177001953125005 -1.00152587890625
0.00768852233886719 0.0190906524658203 -0.735595703125 -0.43896484375
0.029510498046875 0.00721549987792969 -0.5972900390625 0.27606201171875
0.0220012664794922 7.2479248046875E-05 -0.1824951171875 0.471832275390625
0.00361824035644531 -0.0261573791503906 0.179229736328125 0.29986572265625
0.0216617584228516 -0.00454330444335938 0.27471923828125 0.0512847900390625
0.0246562957763672 0.00328636169433594 -0.275894165039063 -0.116943359375
0.0253143310546875 -0.0252132415771484 -0.09954833984375 -0.349639892578125
0.0346202850341797 -0.00371170043945313 0.292633056640625 -0.44537353515625
0.0339450836181641 0.0212230682373047 0.71514892578125 -0.1668701171875
-0.00333786010742187 0.0167627334594727 0.633544921875 0.532470703125
-0.0388221740722656 -0.00229644775390624 -0.01318359375 0.9178466796875
-0.0461578369140625 0.0429496765136719 -0.4354248046875 0.517822265625
-0.0418472290039063 0.0465087890625 0.101692199707031 0.0418930053710938
-0.0237483978271484 0.0214920043945313 0.5513916015625 -0.5867919921875
-0.00673770904541016 0.011408805847168 -0.0701904296875 -0.98895263671875
0.00598335266113281 0.01336669921875 -0.75616455078125 -0.3707275390625
0.0255661010742188 0.00574302673339844 -0.56640625 0.3160400390625
0.0191135406494141 -0.00130271911621094 -0.1495361328125 0.481109619140625
0.00335311889648438 -0.0239353179931641 0.191436767578125 0.2939453125
0.0218105316162109 -0.000751495361328125 0.277908325195313 0.04364013671875
0.0261306762695313 0.00641632080078125 -0.272872924804687 -0.124237060546875
0.0263080596923828 -0.0192470550537109 -0.085693359375 -0.353759765625
0.0322418212890625 0.000614166259765625 0.3179931640625 -0.433929443359375
0.0255050659179687 0.0214214324951172 0.73046875 -0.12689208984375
-0.00948810577392578 0.00846385955810547 0.606201171875 0.57708740234375
-0.032989501953125 -0.0172138214111328 -0.0618286132812501 0.91912841796875
-0.0250396728515625 0.0290126800537109 -0.439727783203125 0.488250732421875
-0.0129356384277344 0.0384864807128906 0.13519287109375 0.0234298706054688
-0.00552225112915039 0.00577592849731445 0.5362548828125 -0.61932373046875
-0.00417017936706543 -0.0021669864654541 -0.12274169921875 -0.9752197265625
-0.000767230987548828 0.00813722610473633 -0.7705078125 -0.32257080078125
0.0193157196044922 0.00737190246582031 -0.54193115234375 0.34881591796875
0.0179691314697266 0.000818252563476563 -0.12567138671875 0.487152099609375
0.00468254089355469 -0.0197601318359375 0.20147705078125 0.287872314453125
0.0232868194580078 0.00455856323242187 0.280288696289063 0.0363616943359375
0.0287036895751953 0.0129032135009766 -0.269622802734375 -0.128829956054687
0.0257568359375 -0.0145912170410156 -0.077362060546875 -0.35589599609375
0.0271358489990234 0.00497055053710938 0.334136962890625 -0.427154541015625
0.0166912078857422 0.0217571258544922 0.73809814453125 -0.10321044921875
-0.0150566101074219 -0.00129795074462891 0.5882568359375 0.6077880859375
-0.0218353271484375 -0.0356369018554688 -0.093505859375 0.9207763671875
0.00504112243652344 0.011723518371582 -0.44189453125 0.470916748046875
0.0256500244140625 0.0279045104980469 0.153411865234375 0.0122222900390625
0.016789436340332 -0.0125064849853516 0.52471923828125 -0.6396484375
-0.00246810913085937 -0.0187644958496094 -0.15777587890625 -0.96649169921875
-0.00939559936523438 0.00205421447753906 -0.77337646484375 -0.29010009765625
0.0127344131469727 0.00922393798828125 -0.52630615234375 0.368927001953125
0.0167360305786133 0.00407981872558594 -0.112060546875 0.49298095703125
0.00569534301757812 -0.0135536193847656 0.205963134765625 0.2840576171875
0.0258026123046875 0.0100765228271484 0.28192138671875 0.031158447265625
0.0302715301513672 0.0182743072509766 -0.268310546875 -0.132080078125
0.0268688201904297 -0.00917816162109375 -0.075225830078125 -0.35699462890625
0.0230503082275391 0.00986480712890625 0.336517333984375 -0.4248046875
0.00827598571777344 0.0219535827636719 0.74102783203125 -0.09185791015625
-0.0203895568847656 -0.0116386413574219 0.58203125 0.61505126953125
-0.0105628967285156 -0.0564842224121094 -0.10101318359375 0.922607421875
0.0387039184570313 -0.00792694091796875 -0.44158935546875 0.46270751953125
0.0676345825195313 0.0147857666015625 0.155685424804688 0.006011962890625
0.0414962768554688 -0.0320587158203125 0.519775390625 -0.64459228515625
-0.000110626220703124 -0.0367050170898438 -0.1661376953125 -0.9609375
-0.0182666778564453 -0.00374984741210938 -0.77581787109375 -0.2772216796875
0.00583744049072265 0.0125522613525391 -0.521331787109375 0.378387451171875
0.0148534774780273 0.00826263427734375 -0.107666015625 0.49664306640625
0.00604963302612305 -0.00797080993652344 0.2083740234375 0.284423828125
0.0292320251464844 0.0148563385009766 0.28375244140625 0.0302734375
0.0320701599121094 0.0227241516113281 -0.266830444335938 -0.127410888671875
0.0261306762695313 -0.00411796569824219 -0.07965087890625 -0.353515625
0.018829345703125 0.0146751403808594 0.327850341796875 -0.427490234375
0.00157737731933594 0.0225181579589844 0.736083984375 -0.10406494140625
-0.0244140625 -0.0188369750976563 0.58856201171875 0.6065673828125
-0.000297546386718756 -0.0738754272460937 -0.0883178710937499 0.922607421875
0.069183349609375 -0.02716064453125 -0.446044921875 0.470703125
0.109878540039063 0.00213623046875 0.142196655273438 0.0100555419921875
0.0656776428222656 -0.0517807006835937 0.52178955078125 -0.63385009765625
0.00302505493164062 -0.0534706115722656 -0.15106201171875 -0.96337890625
-0.0259628295898438 -0.00927543640136719 -0.77325439453125 -0.2911376953125
-0.00023174285888672 0.0165538787841797 -0.53009033203125 0.374542236328125
0.013270378112793 0.0124588012695313 -0.114593505859375 0.497467041015625
0.0066070556640625 -0.00367212295532227 0.206878662109375 0.287384033203125
0.0321083068847656 0.0190563201904297 0.28448486328125 0.03265380859375
0.0326976776123047 0.0255546569824219 -0.270095825195313 -0.123367309570313
0.0242385864257813 -0.00145721435546875 -0.089691162109375 -0.35064697265625
0.0167446136474609 0.017578125 0.31005859375 -0.43475341796875
-0.00228500366210938 0.0241146087646484 0.72314453125 -0.1309814453125
-0.0279655456542969 -0.0212764739990234 0.6131591796875 0.57586669921875
0.00296783447265626 -0.0857772827148438 -0.0505371093749999 0.91986083984375
0.093170166015625 -0.0447921752929688 -0.44183349609375 0.4913330078125
0.142257690429688 -0.008209228515625 0.11181640625 0.0202255249023438
0.0887374877929687 -0.0650787353515625 0.53125 -0.61181640625
0.00904083251953125 -0.0672149658203125 -0.11712646484375 -0.97344970703125
-0.0307254791259766 -0.0150012969970703 -0.769287109375 -0.32574462890625
-0.00500297546386719 0.0192356109619141 -0.549713134765625 0.358673095703125
0.0132484436035156 0.0170536041259766 -0.132568359375 0.49853515625
0.00623178482055664 -0.000106334686279297 0.200531005859375 0.296875
0.0323848724365234 0.0214576721191406 0.283721923828125 0.03826904296875
0.0267925262451172 0.00084686279296875 -0.28326416015625 -0.09088134765625
0.0212535858154297 -0.0308055877685547 -0.135009765625 -0.33343505859375
0.0350360870361328 -0.008758544921875 0.22393798828125 -0.470123291015625
0.0420074462890625 0.019012451171875 0.66351318359375 -0.27166748046875
0.00511360168457031 0.0229949951171875 0.69342041015625 0.41204833984375
-0.0395851135253906 0.0135078430175781 0.1190185546875 0.90802001953125
-0.0496292114257813 0.0530509948730469 -0.415283203125 0.60235595703125
-0.0529136657714844 0.0503349304199219 0.01141357421875 0.086273193359375
-0.03271484375 0.0308036804199219 0.57952880859375 -0.510986328125
-0.00845909118652344 0.0218563079833984 0.0598144531250001 -1.01605224609375
0.00622367858886719 0.0201091766357422 -0.72100830078125 -0.50079345703125
0.0320224761962891 0.00837326049804688 -0.6253662109375 0.239990234375
0.0225811004638672 0.00252151489257813 -0.2091064453125 0.4658203125
0.00441551208496094 -0.0274810791015625 0.170684814453125 0.306976318359375
0.0242462158203125 -0.00669479370117188 0.27337646484375 0.05584716796875
0.0253829956054688 0.00181198120117188 -0.280929565429688 -0.10247802734375
0.022491455078125 -0.0296916961669922 -0.117431640625 -0.34130859375
0.0366973876953125 -0.00777435302734375 0.2552490234375 -0.462249755859375
0.0392608642578125 0.0189933776855469 0.6915283203125 -0.22674560546875
0.00213050842285156 0.0218219757080078 0.6697998046875 0.46990966796875
-0.0424652099609375 0.0102310180664063 0.05926513671875 0.916259765625
-0.05303955078125 0.0538063049316406 -0.42633056640625 0.56494140625
-0.0560798645019531 0.0525474548339844 0.0580902099609375 0.0626869201660156
-0.0340232849121094 0.0302257537841797 0.56402587890625 -0.5556640625
-0.00818824768066406 0.0213356018066406 -0.0150756835937501 -1.006591796875
0.00767135620117188 0.0184650421142578 -0.74578857421875 -0.4320068359375
0.0298004150390625 0.00692176818847656 -0.59625244140625 0.284912109375
0.0218963623046875 -0.000354766845703125 -0.1759033203125 0.47735595703125
0.00356292724609375 -0.0272121429443359 0.184539794921875 0.297332763671875
0.0236072540283203 -0.00528144836425781 0.27593994140625 0.0477294921875
0.0255622863769531 0.0028228759765625 -0.279266357421875 -0.112045288085938
0.0240230560302734 -0.0262966156005859 -0.10467529296875 -0.34857177734375
0.0346412658691406 -0.0047454833984375 0.28759765625 -0.451324462890625
0.0334873199462891 0.0197620391845703 0.71466064453125 -0.178955078125
-0.00347614288330078 0.0165472030639648 0.64227294921875 0.5240478515625
-0.0400314331054688 -0.000278472900390617 -0.0048828125000001 0.9195556640625
-0.0460777282714844 0.0453300476074219 -0.431915283203125 0.5247802734375
-0.0421562194824219 0.0469436645507812 0.101356506347656 0.0407638549804688
-0.0243625640869141 0.0218677520751953 0.547119140625 -0.59552001953125
-0.00751876831054687 0.0109434127807617 -0.0835571289062499 -0.989501953125
0.00509548187255859 0.0133686065673828 -0.76470947265625 -0.3651123046875
0.0253810882568359 0.00477027893066406 -0.5653076171875 0.32489013671875
0.0205364227294922 -0.00119400024414063 -0.144378662109375 0.48492431640625
0.00383377075195313 -0.0239524841308594 0.195465087890625 0.29205322265625
0.0224761962890625 -0.000276565551757812 0.279861450195313 0.039093017578125
0.0268306732177734 0.00726318359375 -0.275482177734375 -0.121597290039063
0.0257225036621094 -0.0221729278564453 -0.090850830078125 -0.35406494140625
0.0316600799560547 -0.00112724304199219 0.3131103515625 -0.44232177734375
0.0244178771972656 0.0206794738769531 0.73126220703125 -0.1407470703125
-0.00917434692382812 0.00875186920166016 0.615478515625 0.56976318359375
-0.0318431854248047 -0.01666259765625 -0.05267333984375 0.923828125
-0.0244598388671875 0.0299949645996094 -0.43572998046875 0.49566650390625
-0.0130538940429687 0.038787841796875 0.134544372558594 0.0229644775390625
-0.00547552108764648 0.00679445266723633 0.53021240234375 -0.62823486328125
-0.0058445930480957 -0.00300741195678711 -0.13726806640625 -0.9781494140625
-0.000535964965820312 0.007293701171875 -0.7760009765625 -0.31378173828125
0.0201511383056641 0.00576591491699219 -0.54010009765625 0.35748291015625
0.0181064605712891 0.00019073486328125 -0.118560791015625 0.4915771484375
0.00529289245605469 -0.0196456909179687 0.20721435546875 0.283782958984375
0.0234909057617188 0.00428962707519531 0.282562255859375 0.03118896484375
0.0286693572998047 0.0117588043212891 -0.274276733398438 -0.12548828125
0.0252151489257812 -0.0144977569580078 -0.082977294921875 -0.356781005859375
0.0276470184326172 0.00485801696777344 0.32745361328125 -0.435028076171875
0.0168685913085938 0.0212154388427734 0.73858642578125 -0.1136474609375
-0.0160741806030273 -0.00075340270996094 0.59759521484375 0.6021728515625
-0.0224876403808594 -0.0354690551757813 -0.0848999023437499 0.92535400390625
0.00470352172851563 0.01165771484375 -0.437103271484375 0.476654052734375
0.0265827178955078 0.0274791717529297 0.153549194335938 0.0096588134765625
0.0164155960083008 -0.0130796432495117 0.51995849609375 -0.64923095703125
-0.00295829772949219 -0.0207805633544922 -0.16864013671875 -0.9691162109375
-0.00960922241210938 0.00243568420410156 -0.78082275390625 -0.28094482421875
0.0121440887451172 0.0074005126953125 -0.52374267578125 0.378662109375
0.0176658630371094 0.00359916687011719 -0.10400390625 0.496368408203125
0.00610160827636719 -0.0134477615356445 0.211669921875 0.282012939453125
0.0268363952636719 0.00887298583984375 0.284088134765625 0.0272216796875
0.0310020446777344 0.0171470642089844 -0.271621704101563 -0.127029418945313
0.026092529296875 -0.00948715209960937 -0.081146240234375 -0.3560791015625
0.0221176147460938 0.0099945068359375 0.331024169921875 -0.431610107421875
0.00842666625976562 0.0204010009765625 0.742431640625 -0.10528564453125
-0.0214519500732422 -0.0118007659912109 0.59112548828125 0.61053466796875
-0.0113029479980469 -0.0556602478027344 -0.0897216796875 0.9276123046875
0.0389976501464844 -0.0088958740234375 -0.438018798828125 0.469512939453125
0.0674781799316406 0.0147018432617188 0.156356811523437 0.0059051513671875
0.0410728454589844 -0.0325927734375 0.5150146484375 -0.65447998046875
-0.00111007690429688 -0.0367965698242188 -0.179931640625 -0.962890625
-0.0181598663330078 -0.00456809997558594 -0.7828369140625 -0.2686767578125
0.00605487823486328 0.0125846862792969 -0.517608642578125 0.388519287109375
0.015202522277832 0.0086212158203125 -0.100250244140625 0.4990234375
0.00602293014526367 -0.00745868682861328 0.2138671875 0.28253173828125
0.0287742614746094 0.0126800537109375 0.285369873046875 0.02593994140625
0.0326652526855469 0.02099609375 -0.271835327148438 -0.124786376953125
0.0254268646240234 -0.00506782531738281 -0.0848388671875 -0.3533935546875
0.0197982788085938 0.0133495330810547 0.323577880859375 -0.43505859375
0.00197029113769531 0.0219688415527344 0.7381591796875 -0.114501953125
-0.0254573822021484 -0.019805908203125 0.59844970703125 0.599609375
-0.00249481201171876 -0.0734939575195313 -0.07757568359375 0.9254150390625
0.0706100463867188 -0.0269699096679688 -0.4395751953125 0.476226806640625
0.108139038085937 0.00261688232421875 0.141754150390625 0.0086517333984375
0.0662002563476563 -0.0519676208496094 0.51654052734375 -0.64337158203125
0.00231552124023437 -0.0538520812988281 -0.16302490234375 -0.9639892578125
-0.0273227691650391 -0.00901412963867188 -0.77996826171875 -0.2825927734375
0.000136375427246092 0.0169200897216797 -0.52593994140625 0.38226318359375
0.0151815414428711 0.0132932662963867 -0.1051025390625 0.50189208984375
0.00657272338867188 -0.00319719314575195 0.211944580078125 0.284576416015625
0.0319805145263672 0.0188407897949219 0.2855224609375 0.029632568359375
0.0341587066650391 0.0259151458740234 -0.273910522460937 -0.120071411132812
0.0236301422119141 -0.00176429748535156 -0.094879150390625 -0.350738525390625
0.0166835784912109 0.0161600112915039 0.3050537109375 -0.441864013671875
-0.00254440307617188 0.0252895355224609 0.72589111328125 -0.14276123046875
-0.0288734436035156 -0.0222015380859375 0.62127685546875 0.5709228515625
0.000877380371093748 -0.086822509765625 -0.0402221679687499 0.92523193359375
0.09326171875 -0.045745849609375 -0.439605712890625 0.496917724609375
0.141830444335938 -0.009735107421875 0.112983703613281 0.0191116333007813
0.0891876220703125 -0.0663528442382812 0.52587890625 -0.6190185546875
0.00704574584960937 -0.0659332275390625 -0.1295166015625 -0.97454833984375
-0.0314769744873047 -0.0138149261474609 -0.77471923828125 -0.31707763671875
-0.00572013854980469 0.0193023681640625 -0.546630859375 0.3665771484375
0.0134706497192383 0.0162487030029297 -0.1253662109375 0.50146484375
0.00693607330322266 0.000549793243408203 0.20538330078125 0.293792724609375
0.0332736968994141 0.0202445983886719 0.287017822265625 0.03564453125
0.0268440246582031 -0.000768661499023438 -0.285552978515625 -0.08734130859375
0.0190105438232422 -0.0331363677978516 -0.141204833984375 -0.33111572265625
0.0355300903320313 -0.0101585388183594 0.217071533203125 -0.47503662109375
0.0429840087890625 0.017852783203125 0.66058349609375 -0.2833251953125
0.0045013427734375 0.0230941772460938 0.70135498046875 0.40142822265625
-0.0405540466308594 0.0139427185058594 0.13006591796875 0.90948486328125
-0.0479087829589844 0.0536537170410156 -0.40802001953125 0.60955810546875
-0.052825927734375 0.050384521484375 0.0115509033203125 0.08697509765625
-0.0320072174072266 0.0311336517333984 0.5721435546875 -0.5189208984375
-0.00890159606933594 0.0234050750732422 0.0458374023437501 -1.01800537109375
0.00694847106933594 0.0197277069091797 -0.72943115234375 -0.49249267578125
0.0314655303955078 0.00795745849609375 -0.62286376953125 0.25006103515625
0.0236053466796875 0.00321006774902344 -0.20166015625 0.47027587890625
0.00243377685546875 -0.0267658233642578 0.177490234375 0.302886962890625
0.0236377716064453 -0.00709342956542969 0.275604248046875 0.052398681640625
0.0276927947998047 -0.00012969970703125 -0.28497314453125 -0.09710693359375
0.0218658447265625 -0.0300369262695313 -0.1248779296875 -0.33990478515625
0.0357208251953125 -0.00774383544921875 0.24871826171875 -0.4683837890625
0.0397491455078125 0.0194664001464844 0.68890380859375 -0.239013671875
0.00301551818847656 0.0218791961669922 0.6788330078125 0.4610595703125
-0.0404434204101563 0.0118637084960937 0.0703125 0.91815185546875
-0.0534324645996094 0.0553512573242187 -0.418212890625 0.57073974609375
-0.0551986694335938 0.0514297485351563 0.0583572387695313 0.0636329650878906
-0.0340576171875 0.0309829711914062 0.55908203125 -0.5635986328125
-0.00801849365234375 0.0205898284912109 -0.02734375 -1.00811767578125
0.00704383850097656 0.0181045532226563 -0.75225830078125 -0.4232177734375
0.0299015045166016 0.00494575500488281 -0.59332275390625 0.29339599609375
0.0228710174560547 0.000322341918945313 -0.16815185546875 0.479736328125
0.00297355651855468 -0.0256767272949219 0.189178466796875 0.29620361328125
0.0226192474365234 -0.00557136535644531 0.277267456054687 0.04180908203125
0.026702880859375 0.00052642822265625 -0.282745361328125 -0.109161376953125
0.0242424011230469 -0.0274276733398438 -0.111297607421875 -0.348663330078125
0.0333232879638672 -0.00623321533203125 0.280426025390625 -0.45709228515625
0.0339393615722656 0.0188579559326172 0.71435546875 -0.1905517578125
-0.00301933288574219 0.0168085098266602 0.65069580078125 0.51763916015625
-0.0398063659667969 0.00167083740234376 0.00903320312499991 0.92327880859375
-0.0459861755371094 0.0467605590820313 -0.426055908203125 0.53216552734375
-0.0424041748046875 0.047821044921875 0.102455139160156 0.03997802734375
-0.0235862731933594 0.0211906433105469 0.5382080078125 -0.60400390625
-0.00675487518310547 0.0118837356567383 -0.0978393554687499 -0.9915771484375
0.00455665588378906 0.0130214691162109 -0.77105712890625 -0.35382080078125
0.0256404876708984 0.00419998168945313 -0.5621337890625 0.334930419921875
0.0197505950927734 -0.0017852783203125 -0.136199951171875 0.48638916015625
0.00377845764160156 -0.0229644775390625 0.2020263671875 0.2879638671875
0.0240306854248047 -0.00251579284667969 0.280319213867188 0.0362091064453125
0.0275020599365234 0.00599288940429688 -0.279525756835937 -0.116500854492188
0.024871826171875 -0.0211887359619141 -0.0980224609375 -0.35198974609375
0.03106689453125 -0.00023651123046875 0.306427001953125 -0.446563720703125
0.0262260437011719 0.020263671875 0.72845458984375 -0.1531982421875
-0.00992298126220703 0.00787067413330078 0.62408447265625 0.5643310546875
-0.0333404541015625 -0.0156612396240234 -0.0398559570312501 0.92529296875
-0.0257110595703125 0.0306262969970703 -0.429901123046875 0.502838134765625
-0.0128860473632813 0.0388832092285156 0.135025024414063 0.02203369140625
-0.00599241256713867 0.00668573379516602 0.52606201171875 -0.6376953125
-0.00599098205566406 -0.00261116027832031 -0.15057373046875 -0.97796630859375
-0.000340938568115234 0.00794744491577148 -0.78338623046875 -0.3038330078125
0.0190792083740234 0.00448036193847656 -0.5352783203125 0.366363525390625
0.0189170837402344 0.001190185546875 -0.11163330078125 0.49462890625
0.00420951843261719 -0.0186576843261719 0.21209716796875 0.28192138671875
0.0247440338134766 0.00208473205566406 0.28375244140625 0.0277099609375
0.0289363861083984 0.0104904174804688 -0.276229858398438 -0.121246337890625
0.0259590148925781 -0.0153121948242188 -0.09014892578125 -0.3560791015625
0.0279464721679688 0.00449371337890625 0.321685791015625 -0.44097900390625
0.0169296264648438 0.0206546783447266 0.73809814453125 -0.12579345703125
-0.015437126159668 -0.00121974945068359 0.6075439453125 0.59326171875
-0.0228099822998047 -0.0343704223632813 -0.0714721679687499 0.928466796875
0.005462646484375 0.0120964050292969 -0.432891845703125 0.48419189453125
0.0259647369384766 0.0269298553466797 0.153976440429688 0.0080108642578125
0.0163078308105469 -0.0128450393676758 0.51287841796875 -0.656005859375
-0.00319099426269531 -0.0188159942626953 -0.18280029296875 -0.96783447265625
-0.00990676879882813 0.00183391571044922 -0.7869873046875 -0.271728515625
0.0135068893432617 0.00853633880615234 -0.5179443359375 0.38641357421875
0.0167303085327148 0.00376987457275391 -0.097137451171875 0.498016357421875
0.00467967987060547 -0.012481689453125 0.216110229492188 0.27734375
0.0277938842773438 0.00856399536132813 0.285247802734375 0.0242919921875
0.03204345703125 0.0159721374511719 -0.274765014648438 -0.1229248046875
0.0244979858398438 -0.0101871490478516 -0.087982177734375 -0.354827880859375
0.0224571228027344 0.00909233093261719 0.32427978515625 -0.439605712890625
0.00855064392089844 0.0204753875732422 0.74285888671875 -0.1171875
-0.020904541015625 -0.0112094879150391 0.601318359375 0.60198974609375
-0.0115203857421875 -0.0547714233398438 -0.0778198242187499 0.9293212890625
0.0386161804199219 -0.00837326049804687 -0.433197021484375 0.475372314453125
0.0680809020996094 0.0139274597167969 0.155715942382812 0.0034332275390625
0.0403785705566406 -0.0335311889648437 0.50848388671875 -0.66156005859375
-0.00201797485351563 -0.0363273620605469 -0.1922607421875 -0.9609375
-0.0184307098388672 -0.00224494934082031 -0.78961181640625 -0.25927734375
0.00616741180419922 0.0117893218994141 -0.512969970703125 0.395355224609375
0.015650749206543 0.00895118713378906 -0.0931091308593749 0.50103759765625
0.00627326965332031 -0.00735855102539063 0.218902587890625 0.277481079101563
0.0300579071044922 0.0125236511230469 0.287017822265625 0.0225830078125
0.0333938598632813 0.0212726593017578 -0.274261474609375 -0.12152099609375
0.024200439453125 -0.00499916076660156 -0.09234619140625 -0.353851318359375
0.0181407928466797 0.0133342742919922 0.3177490234375 -0.4417724609375
0.00165557861328125 0.0206317901611328 0.73736572265625 -0.127685546875
-0.0255107879638672 -0.0190925598144531 0.60888671875 0.59124755859375
-0.0032501220703125 -0.0735855102539063 -0.0645141601562499 0.9300537109375
0.07037353515625 -0.0283737182617188 -0.435089111328125 0.4827880859375
0.109153747558594 0.00041961669921875 0.1419677734375 0.0070648193359375
0.0658149719238281 -0.0520439147949219 0.51019287109375 -0.65032958984375
0.00162124633789062 -0.0531158447265625 -0.17681884765625 -0.96478271484375
-0.0270118713378906 -0.00902175903320312 -0.7867431640625 -0.27215576171875
-1.43051147460955E-05 0.0163211822509766 -0.522705078125 0.39227294921875
0.0133438110351562 0.0128297805786133 -0.09991455078125 0.504302978515625
0.0065770149230957 -0.00346899032592773 0.216583251953125 0.281646728515625
0.0330715179443359 0.0169486999511719 0.287200927734375 0.0245361328125
0.0345077514648438 0.023895263671875 -0.27685546875 -0.115615844726563
0.0240612030029297 -0.0021209716796875 -0.10125732421875 -0.349761962890625
0.016453742980957 0.0157699584960938 0.297149658203125 -0.44891357421875
-0.00205421447753906 0.0231800079345703 0.7237548828125 -0.154296875
-0.0288600921630859 -0.0211143493652344 0.630859375 0.5635986328125
0.000778198242187507 -0.0862350463867188 -0.0291137695312499 0.926513671875
0.092681884765625 -0.046051025390625 -0.43231201171875 0.503021240234375
0.142166137695313 -0.011810302734375 0.113197326660156 0.0193939208984375
0.0880889892578125 -0.0681991577148438 0.5186767578125 -0.626708984375
0.00776290893554688 -0.0665092468261719 -0.14208984375 -0.97772216796875
-0.0321311950683594 -0.0139636993408203 -0.78082275390625 -0.30560302734375
-0.00553131103515625 0.0197601318359375 -0.541168212890625 0.376678466796875
0.0133800506591797 0.0177593231201172 -0.118865966796875 0.504669189453125
0.00685548782348633 0.00108957290649414 0.211578369140625 0.291168212890625
0.0339088439941406 0.0187854766845703 0.288055419921875 0.03106689453125
0.0272750854492188 -0.00150489807128906 -0.28826904296875 -0.082275390625
0.0193119049072266 -0.0320529937744141 -0.1474609375 -0.32861328125
0.0344333648681641 -0.0105800628662109 0.208831787109375 -0.48077392578125
0.0432205200195313 0.0167350769042969 0.6568603515625 -0.293701171875
0.00545883178710938 0.0231266021728516 0.70538330078125 0.39190673828125
-0.0400924682617188 0.0149345397949219 0.1435546875 0.9053955078125
-0.0475387573242188 0.0550498962402344 -0.39984130859375 0.61578369140625
-0.0506134033203125 0.0517120361328125 0.0120086669921875 0.0873031616210937
-0.0319328308105469 0.0311908721923828 0.56561279296875 -0.5255126953125
-0.00789451599121094 0.0235576629638672 0.0308837890624999 -1.01861572265625
0.00626945495605469 0.0203113555908203 -0.73699951171875 -0.4808349609375
0.0315876007080078 0.00679397583007812 -0.6202392578125 0.25921630859375
0.0235671997070313 0.00305938720703125 -0.19488525390625 0.473419189453125
0.00278472900390625 -0.0261554718017578 0.18133544921875 0.29937744140625
0.0239009857177734 -0.00861930847167969 0.276565551757813 0.0472564697265625
0.02740478515625 -0.00141525268554687 -0.28717041015625 -0.092987060546875
0.0198917388916016 -0.0305023193359375 -0.13128662109375 -0.3380126953125
0.0350685119628906 -0.00937080383300781 0.2403564453125 -0.473876953125
0.0407295227050781 0.0180625915527344 0.68328857421875 -0.2498779296875
0.0018310546875 0.0220565795898437 0.68505859375 0.4510498046875
-0.0411109924316406 0.0124893188476562 0.08343505859375 0.9158935546875
-0.0529136657714844 0.0554161071777344 -0.40997314453125 0.577880859375
-0.0550575256347656 0.0534515380859375 0.0583686828613281 0.0632667541503906
-0.0329093933105469 0.0306987762451172 0.54986572265625 -0.56951904296875
-0.00844573974609375 0.0222358703613281 -0.0416259765624999 -1.00811767578125
0.00758552551269531 0.0179080963134766 -0.759033203125 -0.41229248046875
0.0297317504882812 0.00502204895019531 -0.58990478515625 0.30206298828125
0.0221595764160156 0.00070953369140625 -0.16107177734375 0.48101806640625
0.00254631042480469 -0.0260601043701172 0.193359375 0.292022705078125
0.0233516693115234 -0.00702667236328125 0.278717041015625 0.0392303466796875
0.0264759063720703 -0.000192642211914062 -0.28619384765625 -0.10357666015625
0.0220623016357422 -0.0265731811523438 -0.11566162109375 -0.3466796875
0.0335597991943359 -0.00658226013183594 0.27117919921875 -0.46136474609375
0.03363037109375 0.0196857452392578 0.7093505859375 -0.20477294921875
-0.00283050537109375 0.0165901184082031 0.6558837890625 0.506591796875
-0.0398674011230469 0.00139999389648438 0.0192871093750001 0.92169189453125
-0.0457077026367188 0.0456008911132813 -0.4193115234375 0.53778076171875
-0.0414199829101562 0.0480575561523438 0.101829528808594 0.0400924682617188
-0.0238990783691406 0.0226936340332031 0.53228759765625 -0.61077880859375
-0.00683021545410156 0.0117578506469727 -0.11248779296875 -0.98980712890625
0.00503158569335938 0.0134363174438477 -0.777099609375 -0.34320068359375
0.0253219604492187 0.00449371337890625 -0.5567626953125 0.342376708984375
0.0208873748779297 -0.001220703125 -0.12847900390625 0.489013671875
0.00265312194824219 -0.0216159820556641 0.206634521484375 0.28472900390625
0.0231437683105469 -0.00376129150390625 0.282440185546875 0.030181884765625
0.0280399322509766 0.00433158874511719 -0.283416748046875 -0.1121826171875
0.0236892700195313 -0.0213985443115234 -0.104705810546875 -0.3519287109375
0.0310745239257813 -0.00106239318847656 0.29742431640625 -0.45404052734375
0.0255126953125 0.0198631286621094 0.72906494140625 -0.1641845703125
-0.0104408264160156 0.00749397277832031 0.63134765625 0.553955078125
-0.0334186553955078 -0.0143795013427734 -0.02606201171875 0.926025390625
-0.0242519378662109 0.0324211120605469 -0.422698974609375 0.507568359375
-0.0130958557128906 0.0400009155273438 0.135246276855469 0.0197525024414063
-0.00630903244018555 0.00751924514770508 0.51495361328125 -0.6436767578125
-0.00555658340454101 -0.00153064727783203 -0.16448974609375 -0.97650146484375
-0.000875473022460937 0.0075068473815918 -0.78741455078125 -0.291259765625
0.0186176300048828 0.00485992431640625 -0.5308837890625 0.375213623046875
0.0184974670410156 0.000448226928710937 -0.104522705078125 0.4959716796875
0.00335502624511719 -0.0178947448730469 0.216552734375 0.27691650390625
0.0255985260009766 0.00189781188964844 0.284637451171875 0.022857666015625
0.0293083190917969 0.00977325439453125 -0.279403686523438 -0.116683959960938
0.0245037078857422 -0.0154647827148437 -0.095916748046875 -0.354095458984375
0.0261478424072266 0.00422859191894531 0.313812255859375 -0.446044921875
0.0168094635009766 0.0194644927978516 0.73626708984375 -0.13873291015625
-0.0167989730834961 -0.00167179107666016 0.6142578125 0.5841064453125
-0.0233497619628906 -0.0334873199462891 -0.0574951171875 0.92803955078125
0.00464344024658203 0.0122880935668945 -0.42437744140625 0.489501953125
0.0259838104248047 0.0260868072509766 0.154098510742188 0.0065765380859375
0.0163602828979492 -0.0119943618774414 0.5029296875 -0.6632080078125
-0.00462532043457031 -0.0180339813232422 -0.1976318359375 -0.9659423828125
-0.00944805145263672 0.00283622741699219 -0.79150390625 -0.25994873046875
0.0127048492431641 0.00812244415283203 -0.513214111328125 0.39434814453125
0.0162324905395508 0.00372695922851562 -0.0894775390625 0.499969482421875
0.00475692749023438 -0.0129871368408203 0.22161865234375 0.27362060546875
0.0286464691162109 0.00774765014648437 0.286041259765625 0.019744873046875
0.0315418243408203 0.014984130859375 -0.278213500976563 -0.118927001953125
0.0252914428710937 -0.0099029541015625 -0.0941162109375 -0.354278564453125
0.0227813720703125 0.00913619995117188 0.316619873046875 -0.44512939453125
0.00872230529785156 0.0198917388916016 0.7403564453125 -0.1282958984375
-0.0215644836425781 -0.0117454528808594 0.61004638671875 0.5931396484375
-0.0129890441894531 -0.0540847778320313 -0.0651855468749999 0.9295654296875
0.03912353515625 -0.0083160400390625 -0.426422119140625 0.480560302734375
0.068572998046875 0.0132904052734375 0.155776977539063 0.0016632080078125
0.0396804809570313 -0.0336112976074219 0.49761962890625 -0.66717529296875
-0.00194168090820312 -0.0364494323730469 -0.205078125 -0.9595947265625
-0.0198020935058594 -0.003326416015625 -0.793701171875 -0.24658203125
0.00666999816894531 0.0117568969726563 -0.50860595703125 0.405426025390625
0.0159826278686523 0.00818443298339844 -0.084625244140625 0.5018310546875
0.00603580474853516 -0.00694370269775391 0.22479248046875 0.272918701171875
0.0304031372070313 0.0115871429443359 0.2880859375 0.017578125
0.0345516204833984 0.0209808349609375 -0.278732299804687 -0.116729736328125
0.024658203125 -0.00562667846679688 -0.0972900390625 -0.351043701171875
0.0199222564697266 0.0139102935791016 0.31005859375 -0.447113037109375
0.00094413757324219 0.0207309722900391 0.7340087890625 -0.13897705078125
-0.0274753570556641 -0.0190315246582031 0.61663818359375 0.58251953125
-0.00424957275390626 -0.0717086791992188 -0.0535888671875 0.9302978515625
0.0683670043945312 -0.028961181640625 -0.42694091796875 0.488433837890625
0.109275817871094 -0.00160980224609375 0.14202880859375 0.00640869140625
0.0633888244628906 -0.0534896850585937 0.500732421875 -0.6568603515625
0.000289916992187504 -0.0525054931640625 -0.19036865234375 -0.96392822265625
-0.0259284973144531 -0.00764274597167969 -0.7891845703125 -0.2606201171875
-0.00018787384033203 0.0166940689086914 -0.515625 0.400726318359375
0.0133686065673828 0.013279914855957 -0.09259033203125 0.50335693359375
0.00591373443603516 -0.00268888473510742 0.221588134765625 0.277999877929688
0.0330238342285156 0.0154666900634766 0.29022216796875 0.01995849609375
0.0352935791015625 0.0240745544433594 -0.279266357421875 -0.110626220703125
0.0233993530273438 -0.00236129760742188 -0.107330322265625 -0.349151611328125
0.0167379379272461 0.0165872573852539 0.290252685546875 -0.45361328125
-0.00220680236816406 0.0226325988769531 0.72113037109375 -0.16571044921875
-0.0295391082763672 -0.0222949981689453 0.63861083984375 0.55291748046875
0.000244140624999999 -0.0852432250976563 -0.0153808593750001 0.92718505859375
0.0922470092773438 -0.0476837158203125 -0.425811767578125 0.509490966796875
0.1424560546875 -0.013580322265625 0.11260986328125 0.0186309814453125
0.0874862670898438 -0.0691452026367188 0.51177978515625 -0.63446044921875
0.00636672973632813 -0.0661430358886719 -0.15777587890625 -0.97283935546875
-0.0323715209960938 -0.0124244689941406 -0.78558349609375 -0.29541015625
-0.00551033020019531 0.0191478729248047 -0.534698486328125 0.386138916015625
0.0136709213256836 0.0168848037719727 -0.110931396484375 0.506561279296875
0.00658226013183594 0.000647544860839844 0.215850830078125 0.286163330078125
0.0349273681640625 0.0169582366943359 0.28973388671875 0.026153564453125
0.0277023315429688 -0.002471923828125 -0.290313720703125 -0.076629638671875
0.0170135498046875 -0.0325279235839844 -0.152130126953125 -0.32574462890625
0.0341072082519531 -0.0110187530517578 0.200592041015625 -0.481903076171875
0.0429916381835938 0.0149726867675781 0.64935302734375 -0.30438232421875
0.00542449951171875 0.0228900909423828 0.708251953125 0.378662109375
-0.0388031005859375 0.0157928466796875 0.152587890625 0.902099609375
-0.0458221435546875 0.0545730590820312 -0.39202880859375 0.6197509765625
-0.0500755310058594 0.0518875122070312 0.0130157470703125 0.0881118774414063
-0.0317230224609375 0.0312271118164063 0.557586669921875 -0.529541015625
-0.00863075256347656 0.0241565704345703 0.0161132812499999 -1.01519775390625
0.00677108764648438 0.0190391540527344 -0.74273681640625 -0.47216796875
0.0307693481445313 0.00620841979980469 -0.61505126953125 0.2677001953125
0.0243492126464844 0.00324630737304688 -0.188018798828125 0.475189208984375
0.00215721130371094 -0.0251598358154297 0.18621826171875 0.29498291015625
0.0239372253417969 -0.00986480712890625 0.277481079101563 0.0440826416015625
0.0272636413574219 -0.00369071960449219 -0.288238525390625 -0.0882873535156251
0.0199394226074219 -0.0305233001708984 -0.1368408203125 -0.333526611328125
0.0347270965576172 -0.00957107543945313 0.23272705078125 -0.47540283203125
0.0401725769042969 0.0171623229980469 0.6790771484375 -0.26214599609375
0.00248527526855469 0.0212955474853516 0.68804931640625 0.4388427734375
-0.0413970947265625 0.0144577026367188 0.0961303710937501 0.91217041015625
-0.0513801574707031 0.0565643310546875 -0.40203857421875 0.5816650390625
-0.0549888610839844 0.0535545349121094 0.059417724609375 0.06402587890625
-0.0328216552734375 0.0310935974121094 0.541015625 -0.57513427734375
-0.00893592834472656 0.0231304168701172 -0.0574340820312501 -1.005615234375
0.00887107849121094 0.0179557800292969 -0.7642822265625 -0.4005126953125
0.0300350189208984 0.00420951843261719 -0.5828857421875 0.311767578125
0.0230731964111328 -0.000364303588867188 -0.154296875 0.481964111328125
0.00141525268554688 -0.0248241424560547 0.197998046875 0.28729248046875
0.0234909057617188 -0.009033203125 0.279006958007813 0.0354156494140625
0.0269641876220703 0.000213623046875 -0.28656005859375 -0.09906005859375
0.0211296081542969 -0.0265903472900391 -0.12274169921875 -0.343353271484375
0.0330066680908203 -0.00615119934082031 0.2633056640625 -0.4661865234375
0.0333003997802734 0.0173187255859375 0.705078125 -0.21588134765625
-0.00337314605712891 0.0165195465087891 0.661376953125 0.4970703125
-0.0406494140625 0.00265121459960937 0.0320434570312499 0.9183349609375
-0.0441398620605469 0.0484085083007812 -0.411041259765625 0.542266845703125
-0.0405769348144531 0.0485458374023437 0.1016845703125 0.0394821166992187
-0.0233917236328125 0.023468017578125 0.52337646484375 -0.61541748046875
-0.006591796875 0.0122871398925781 -0.12548828125 -0.9873046875
0.00526237487792969 0.0127401351928711 -0.78021240234375 -0.33087158203125
0.0253887176513672 0.00308609008789063 -0.551361083984375 0.351806640625
0.0205936431884766 -0.00136184692382813 -0.12152099609375 0.488677978515625
0.00281333923339844 -0.0224113464355469 0.210983276367188 0.278701782226563
0.0231380462646484 -0.00487899780273438 0.282684326171875 0.027069091796875
0.028656005859375 0.00361824035644531 -0.283935546875 -0.10650634765625
0.0230712890625 -0.0216732025146484 -0.109100341796875 -0.34906005859375
0.030242919921875 -0.00271034240722656 0.29010009765625 -0.4583740234375
0.0253925323486328 0.0176429748535156 0.72308349609375 -0.1767578125
-0.00976943969726563 0.00804233551025391 0.63751220703125 0.54510498046875
-0.0329799652099609 -0.0128993988037109 -0.0139160156249999 0.92401123046875
-0.0239887237548828 0.0326385498046875 -0.414947509765625 0.51116943359375
-0.0114173889160156 0.0388832092285156 0.135139465332031 0.0200042724609375
-0.00628805160522461 0.00678920745849609 0.5050048828125 -0.64703369140625
-0.00601911544799805 -0.00202608108520508 -0.1767578125 -0.97113037109375
-0.000619888305664062 0.00743436813354492 -0.7906494140625 -0.2821044921875
0.0195751190185547 0.00300979614257813 -0.523834228515625 0.381134033203125
0.0186862945556641 -0.00030517578125 -0.09698486328125 0.496002197265625
0.00293731689453125 -0.0186481475830078 0.2197265625 0.272018432617188
0.0255107879638672 0.000598907470703125 0.284210205078125 0.0198974609375
0.0306606292724609 0.0089874267578125 -0.2801513671875 -0.112442016601563
0.0233345031738281 -0.0165634155273438 -0.10205078125 -0.35076904296875
0.0269813537597656 0.0035400390625 0.305572509765625 -0.450592041015625
0.0169334411621094 0.0190258026123047 0.731689453125 -0.1483154296875
-0.0166921615600586 -0.00242519378662109 0.6219482421875 0.5736083984375
-0.0237751007080078 -0.0330390930175781 -0.0456542968749999 0.9278564453125
0.00691413879394531 0.0123319625854492 -0.417022705078125 0.49298095703125
0.0265235900878906 0.0255470275878906 0.154373168945313 0.00579833984375
0.0161533355712891 -0.0125694274902344 0.49481201171875 -0.6695556640625
-0.00422286987304688 -0.0177516937255859 -0.20947265625 -0.96026611328125
-0.0100183486938477 0.00252723693847656 -0.79443359375 -0.24957275390625
0.0122241973876953 0.00691986083984375 -0.5062255859375 0.402008056640625
0.0173044204711914 0.00403785705566406 -0.081634521484375 0.498779296875
0.00530910491943359 -0.0125207901000977 0.224853515625 0.267684936523438
0.0286502838134766 0.00678443908691406 0.28704833984375 0.015472412109375
0.0323867797851563 0.0135650634765625 -0.279953002929687 -0.113998413085938
0.0238132476806641 -0.00974273681640625 -0.100433349609375 -0.352447509765625
0.0223541259765625 0.0088653564453125 0.308380126953125 -0.449310302734375
0.00833511352539063 0.0193996429443359 0.73565673828125 -0.14117431640625
-0.0222358703613281 -0.0108642578125 0.61566162109375 0.58355712890625
-0.0138931274414062 -0.0540657043457031 -0.0528564453124999 0.92626953125
0.0383834838867188 -0.0089263916015625 -0.418670654296875 0.487640380859375
0.0679244995117188 0.01190185546875 0.155380249023438 0.000656127929687501
0.0392990112304688 -0.0351943969726563 0.48883056640625 -0.6732177734375
-0.00318527221679688 -0.035491943359375 -0.21875 -0.95489501953125
-0.018798828125 -0.00252532958984375 -0.79510498046875 -0.236083984375
0.007110595703125 0.011138916015625 -0.5018310546875 0.411346435546875
0.0168285369873047 0.00837516784667969 -0.07720947265625 0.50177001953125
0.00605535507202149 -0.00742816925048828 0.22833251953125 0.26806640625
0.0312480926513672 0.0100727081298828 0.287994384765625 0.013641357421875
0.0345821380615234 0.0197200775146484 -0.279953002929688 -0.11114501953125
0.0234832763671875 -0.00654792785644531 -0.104217529296875 -0.349212646484375
0.0192012786865234 0.0124092102050781 0.301361083984375 -0.45220947265625
0.00126838684082031 0.0205783843994141 0.7301025390625 -0.15130615234375
-0.0271568298339844 -0.0188636779785156 0.62139892578125 0.572021484375
-0.0053558349609375 -0.0722503662109375 -0.03973388671875 0.92889404296875
0.0683975219726563 -0.0297622680664062 -0.421051025390625 0.4921875
0.108856201171875 -0.00258636474609375 0.14031982421875 0.00504302978515625
0.0626907348632813 -0.0542373657226562 0.49365234375 -0.66265869140625
-0.000225067138671873 -0.0523452758789063 -0.203125 -0.95947265625
-0.0280170440673828 -0.007110595703125 -0.79315185546875 -0.24853515625
-3.14712524414046E-05 0.0160951614379883 -0.509796142578125 0.407623291015625
0.0145378112792969 0.0132369995117188 -0.08441162109375 0.5048828125
0.00608253479003906 -0.0028839111328125 0.226043701171875 0.273666381835938
0.0339336395263672 0.0143070220947266 0.289794921875 0.016143798828125
0.0363349914550781 0.0222129821777344 -0.28155517578125 -0.10675048828125
0.0223979949951172 -0.00264358520507812 -0.113433837890625 -0.3448486328125
0.0166740417480469 0.0161504745483398 0.280548095703125 -0.4581298828125
-0.00169944763183594 0.0221424102783203 0.7166748046875 -0.17694091796875
-0.0305213928222656 -0.0209140777587891 0.6446533203125 0.5419921875
-0.00121307373046875 -0.0842742919921875 -0.00445556640624992 0.92572021484375
0.0918426513671875 -0.0492782592773438 -0.417816162109375 0.512359619140625
0.1412353515625 -0.0145416259765625 0.11175537109375 0.0178451538085938
0.0863571166992188 -0.0701370239257813 0.50030517578125 -0.6387939453125
0.00556182861328125 -0.0654411315917969 -0.1702880859375 -0.96832275390625
-0.03277587890625 -0.0122413635253906 -0.78936767578125 -0.28411865234375
-0.00435638427734375 0.0195999145507813 -0.5302734375 0.39263916015625
0.0133962631225586 0.0164241790771484 -0.101593017578125 0.506378173828125
0.00687980651855469 0.000413417816162109 0.220062255859375 0.28143310546875
0.03521728515625 0.0161666870117188 0.289215087890625 0.02191162109375
0.0283584594726563 -0.003997802734375 -0.291168212890625 -0.071929931640625
0.0175685882568359 -0.0328330993652344 -0.156036376953125 -0.322235107421875
0.0331344604492188 -0.0118865966796875 0.191619873046875 -0.484893798828125
0.04254150390625 0.0158309936523438 0.64306640625 -0.3121337890625
0.00506401062011719 0.0221233367919922 0.7122802734375 0.3687744140625
-0.0379829406738281 0.0167007446289062 0.16534423828125 0.89764404296875
-0.046295166015625 0.0555877685546875 -0.38165283203125 0.62158203125
-0.0492591857910156 0.05096435546875 0.0124969482421875 0.0880050659179688
-0.0294609069824219 0.0332355499267578 0.547332763671875 -0.53594970703125
-0.00872611999511719 0.0237808227539063 0.00341796874999999 -1.0137939453125
0.006378173828125 0.0194377899169922 -0.746826171875 -0.45904541015625
0.0313034057617188 0.00434112548828125 -0.6085205078125 0.27655029296875
0.0227165222167969 0.00183868408203125 -0.178619384765625 0.47637939453125
0.00249290466308594 -0.0256271362304688 0.1905517578125 0.2894287109375
0.0244522094726563 -0.0108432769775391 0.278518676757813 0.0401763916015625
0.0277023315429688 -0.00279045104980469 -0.28961181640625 -0.083099365234375
0.0185508728027344 -0.0312709808349609 -0.14154052734375 -0.3316650390625
0.0352058410644531 -0.00991439819335937 0.2225341796875 -0.479156494140625
0.0395278930664063 0.0155906677246094 0.67315673828125 -0.2694091796875
0.001251220703125 0.0209808349609375 0.69024658203125 0.42816162109375
-0.03900146484375 0.0153274536132813 0.10614013671875 0.90771484375
-0.0505790710449219 0.0560264587402344 -0.3939208984375 0.58447265625
-0.0539207458496094 0.0538558959960937 0.0591583251953125 0.062225341796875
-0.0329380035400391 0.0314559936523438 0.5323486328125 -0.578369140625
-0.00879287719726563 0.0221900939941406 -0.0697631835937501 -1.0023193359375
0.00812339782714844 0.0173740386962891 -0.767333984375 -0.38946533203125
0.0300941467285156 0.00395393371582031 -0.57769775390625 0.31951904296875
0.0231666564941406 0.000194549560546875 -0.146392822265625 0.483428955078125
0.001251220703125 -0.0250225067138672 0.201385498046875 0.281646728515625
0.0237693786621094 -0.00873374938964844 0.2794189453125 0.0323638916015625
0.0280742645263672 -0.00179100036621094 -0.288116455078125 -0.093505859375
0.0218505859375 -0.0275840759277344 -0.12646484375 -0.340728759765625
0.0334987640380859 -0.00709342956542969 0.254547119140625 -0.471099853515625
0.0337944030761719 0.0164165496826172 0.70001220703125 -0.22564697265625
-0.00315570831298828 0.0162734985351563 0.6654052734375 0.4832763671875
-0.0386161804199219 0.00540924072265626 0.04327392578125 0.91485595703125
-0.0442657470703125 0.0473060607910156 -0.40240478515625 0.5433349609375
-0.0394248962402344 0.0502128601074219 0.102859497070313 0.0373764038085938
-0.0242557525634766 0.0234432220458984 0.5118408203125 -0.62078857421875
-0.00699424743652344 0.0131692886352539 -0.13641357421875 -0.98114013671875
0.00558757781982422 0.0116109848022461 -0.78326416015625 -0.31890869140625
0.0251121520996094 0.00263404846191406 -0.5450439453125 0.35809326171875
0.0196876525878906 -0.00122833251953125 -0.113250732421875 0.490814208984375
0.00322914123535156 -0.0222702026367188 0.214263916015625 0.276443481445313
0.0241603851318359 -0.00625038146972656 0.282562255859375 0.023345947265625
0.0285015106201172 0.00361824035644531 -0.284637451171875 -0.10235595703125
0.0220203399658203 -0.0222301483154297 -0.1148681640625 -0.34613037109375
0.0295124053955078 -0.0021820068359375 0.282989501953125 -0.4627685546875
0.0262260437011719 0.0171661376953125 0.71893310546875 -0.18548583984375
-0.00953578948974609 0.00743389129638672 0.6417236328125 0.53302001953125
-0.0331230163574219 -0.0115184783935547 -0.00372314453125008 0.9200439453125
-0.0239124298095703 0.0327186584472656 -0.406707763671875 0.514068603515625
-0.0119247436523437 0.0397453308105469 0.134201049804687 0.01727294921875
-0.0060572624206543 0.00734281539916992 0.49505615234375 -0.65234375
-0.00712442398071289 -0.00107669830322265 -0.19000244140625 -0.96923828125
-0.00148344039916992 0.00787115097045898 -0.7933349609375 -0.2685546875
0.0192794799804688 0.00299644470214844 -0.5172119140625 0.388885498046875
0.0184593200683594 0.00110626220703125 -0.0875244140625 0.493438720703125
0.00346565246582031 -0.0174198150634766 0.223220825195313 0.267364501953125
0.0260963439941406 -0.001129150390625 0.28558349609375 0.0157470703125
0.0303878784179687 0.00621604919433594 -0.283538818359375 -0.10748291015625
0.0225162506103516 -0.0159626007080078 -0.10699462890625 -0.34893798828125
0.0252647399902344 0.00305747985839844 0.297698974609375 -0.45599365234375
0.0157375335693359 0.0181179046630859 0.7274169921875 -0.1619873046875
-0.0169525146484375 -0.00290775299072266 0.62652587890625 0.5626220703125
-0.0223712921142578 -0.0326385498046875 -0.03485107421875 0.92291259765625
0.00534915924072266 0.0132341384887695 -0.40997314453125 0.49505615234375
0.0262947082519531 0.0260810852050781 0.152511596679688 0.00469970703125
0.0148229598999023 -0.0136594772338867 0.4842529296875 -0.67156982421875
-0.00519943237304688 -0.0176029205322266 -0.22076416015625 -0.956298828125
-0.00999355316162109 0.00345993041992187 -0.7939453125 -0.23504638671875
0.0123605728149414 0.00624370574951172 -0.498321533203125 0.4095458984375
0.0165853500366211 0.00346565246582031 -0.07470703125 0.49725341796875
0.00437831878662109 -0.0119218826293945 0.229522705078125 0.264389038085938
0.0294952392578125 0.00398063659667969 0.2864990234375 0.01025390625
0.0327053070068359 0.0133342742919922 -0.282440185546875 -0.1092529296875
0.0242671966552734 -0.0111808776855469 -0.1058349609375 -0.348907470703125
0.0218391418457031 0.00805854797363281 0.30010986328125 -0.45306396484375
0.00849723815917969 0.0181007385253906 0.7325439453125 -0.1531982421875
-0.0227336883544922 -0.0121898651123047 0.621826171875 0.57281494140625
-0.0133018493652344 -0.0512542724609375 -0.0413818359375 0.922119140625
0.0378265380859375 -0.00817489624023438 -0.41143798828125 0.48968505859375
0.0684318542480469 0.0113334655761719 0.155044555664063 -0.0012054443359375
0.0384674072265625 -0.035247802734375 0.47906494140625 -0.67755126953125
-0.00352096557617187 -0.0356254577636719 -0.2315673828125 -0.9473876953125
-0.0191097259521484 -0.00189018249511719 -0.7962646484375 -0.2230224609375
0.00580692291259766 0.0112228393554688 -0.493194580078125 0.417449951171875
0.0160512924194336 0.00819301605224609 -0.069244384765625 0.500091552734375
0.00575590133666992 -0.00699043273925781 0.231689453125 0.264312744140625
0.0313682556152344 0.00876045227050781 0.2879638671875 0.01019287109375
0.0346050262451172 0.0186996459960938 -0.281829833984375 -0.106719970703125
0.0235214233398438 -0.00623130798339844 -0.109954833984375 -0.345916748046875
0.0188808441162109 0.0140399932861328 0.294189453125 -0.455047607421875
0.000885009765624998 0.0207233428955078 0.7252197265625 -0.16162109375
-0.0278892517089844 -0.0205574035644531 0.62860107421875 0.56219482421875
-0.00394821166992188 -0.0694541931152344 -0.0295410156249999 0.92523193359375
0.0681800842285156 -0.0297889709472656 -0.411895751953125 0.494537353515625
0.108016967773438 -0.0031585693359375 0.140640258789063 0.0029754638671875
0.0636749267578125 -0.0541572570800781 0.4810791015625 -0.66607666015625
-0.00252151489257813 -0.051666259765625 -0.2154541015625 -0.95416259765625
-0.0271129608154297 -0.00699615478515625 -0.7930908203125 -0.23828125
-0.00133228302001953 0.0141201019287109 -0.50225830078125 0.41314697265625
0.0138425827026367 0.0132579803466797 -0.075653076171875 0.5035400390625
0.006500244140625 -0.00234889984130859 0.231170654296875 0.268402099609375
0.0341377258300781 0.0112190246582031 0.288848876953125 0.01220703125
0.0362663269042969 0.0205268859863281 -0.28369140625 -0.099945068359375
0.0230388641357422 -0.00368881225585938 -0.120147705078125 -0.343109130859375
0.0161600112915039 0.0167322158813477 0.27239990234375 -0.4609375
-0.00180244445800781 0.0228939056396484 0.71075439453125 -0.18817138671875
-0.0311317443847656 -0.0225486755371094 0.649169921875 0.52935791015625
-0.000976562500000004 -0.083709716796875 0.00866699218750008 0.92022705078125
0.091644287109375 -0.0491180419921875 -0.409820556640625 0.516937255859375
0.141845703125 -0.016082763671875 0.112411499023438 0.0170974731445313
0.0849990844726562 -0.0694961547851563 0.49078369140625 -0.64404296875
0.00423431396484376 -0.0646095275878906 -0.1827392578125 -0.96319580078125
-0.0323371887207031 -0.0105304718017578 -0.79046630859375 -0.27166748046875
-0.00380706787109375 0.0185184478759766 -0.5216064453125 0.39764404296875
0.0136442184448242 0.0161037445068359 -0.09442138671875 0.50537109375
0.0075836181640625 0.0006103515625 0.22381591796875 0.27764892578125
0.0365219116210938 0.0155487060546875 0.290496826171875 0.018157958984375
0.028167724609375 -0.0038604736328125 -0.291290283203125 -0.0680541992187499
0.0156822204589844 -0.0323009490966797 -0.16168212890625 -0.318817138671875
0.0322952270507813 -0.0125827789306641 0.183868408203125 -0.48602294921875
0.0430183410644531 0.0135078430175781 0.63690185546875 -0.321044921875
0.00438308715820313 0.0224609375 0.7117919921875 0.358642578125
-0.0377578735351563 0.0186424255371094 0.17529296875 0.891357421875
-0.0451469421386719 0.0565452575683594 -0.37310791015625 0.62384033203125
-0.0485763549804688 0.0523796081542969 0.0146408081054688 0.0885391235351563
-0.0312690734863281 0.0328407287597656 0.538543701171875 -0.537872314453125
-0.00904273986816406 0.0244064331054687 -0.00817871093750004 -1.0087890625
0.00667190551757812 0.0204105377197266 -0.748779296875 -0.44921875
0.0301647186279297 0.00508880615234375 -0.6021728515625 0.28240966796875
0.02386474609375 0.00232315063476563 -0.171234130859375 0.47406005859375
0.00147628784179687 -0.0247039794921875 0.192718505859375 0.2861328125
0.0241432189941406 -0.0117053985595703 0.276657104492188 0.0375213623046875
0.0275688171386719 -0.00413703918457031 -0.29046630859375 -0.0779724121093749
0.0173397064208984 -0.0316543579101563 -0.1461181640625 -0.32745361328125
0.0340538024902344 -0.0105381011962891 0.215789794921875 -0.480438232421875
0.0397911071777344 0.0141639709472656 0.6649169921875 -0.28057861328125
0.00212478637695313 0.0204105377197266 0.6917724609375 0.4166259765625
-0.0392341613769531 0.0158004760742188 0.1160888671875 0.8995361328125
-0.0504226684570313 0.0580558776855469 -0.3834228515625 0.58575439453125
-0.0528106689453125 0.0534210205078125 0.0596809387207031 0.0635032653808594
-0.0331020355224609 0.0325756072998047 0.52252197265625 -0.58258056640625
-0.00831031799316406 0.022369384765625 -0.0819091796874999 -0.994384765625
0.00853157043457031 0.0180530548095703 -0.76861572265625 -0.3790283203125
0.0279998779296875 0.00232505798339844 -0.57244873046875 0.3243408203125
0.0219154357910156 -0.000347137451171875 -0.13885498046875 0.48358154296875
0.0006103515625 -0.0239200592041016 0.2037353515625 0.277847290039063
0.0238018035888672 -0.00981330871582031 0.279510498046875 0.0285797119140625
0.0267505645751953 -0.00177955627441406 -0.289764404296875 -0.090728759765625
0.0200634002685547 -0.0273075103759766 -0.13201904296875 -0.336517333984375
0.0320758819580078 -0.00760459899902344 0.246551513671875 -0.47137451171875
0.0332241058349609 0.0159778594970703 0.6927490234375 -0.2353515625
-0.0025787353515625 0.0160722732543945 0.66705322265625 0.47314453125
-0.0383720397949219 0.00483703613281249 0.05499267578125 0.90960693359375
-0.0428352355957031 0.0490608215332031 -0.39385986328125 0.546295166015625
-0.0404930114746094 0.0486259460449219 0.101425170898438 0.0371627807617187
-0.0233192443847656 0.0227642059326172 0.5042724609375 -0.62225341796875
-0.00752544403076172 0.0138511657714844 -0.14996337890625 -0.9755859375
0.00561428070068359 0.0131559371948242 -0.78424072265625 -0.31011962890625
0.0245780944824219 0.00162315368652344 -0.538665771484375 0.362884521484375
0.0207862854003906 -0.00213050842285156 -0.104736328125 0.488433837890625
0.00184440612792969 -0.0220565795898438 0.217697143554688 0.270431518554688
0.0232181549072266 -0.00615882873535156 0.28143310546875 0.020050048828125
0.0285549163818359 0.00200080871582031 -0.285614013671875 -0.0974121093750001
0.0217094421386719 -0.0229816436767578 -0.120208740234375 -0.343719482421875
0.0292491912841797 -0.00264358520507813 0.273956298828125 -0.4649658203125
0.0253658294677734 0.0175132751464844 0.7119140625 -0.19647216796875
-0.0111093521118164 0.0079345703125 0.64581298828125 0.522705078125
-0.0327320098876953 -0.0115108489990234 0.0045776367187501 0.91650390625
-0.0230484008789063 0.0336074829101563 -0.39752197265625 0.517303466796875
-0.0120277404785156 0.0396270751953125 0.133255004882813 0.0170135498046875
-0.00725221633911133 0.00688457489013672 0.48675537109375 -0.65423583984375
-0.00599002838134766 -0.00067758560180664 -0.20050048828125 -0.95849609375
-0.00207328796386719 0.00761699676513672 -0.79083251953125 -0.257568359375
0.0189666748046875 0.00250816345214844 -0.509552001953125 0.394012451171875
0.0185184478759766 -0.000238418579101562 -0.082244873046875 0.492523193359375
0.00279521942138672 -0.0175657272338867 0.22650146484375 0.2628173828125
0.0266685485839844 -0.00156211853027344 0.283599853515625 0.01275634765625
0.0315818786621094 0.00661468505859375 -0.284393310546875 -0.1025390625
0.0227680206298828 -0.0157241821289063 -0.11260986328125 -0.34619140625
0.0252761840820313 0.00346946716308594 0.28875732421875 -0.45855712890625
0.0167407989501953 0.0177364349365234 0.72235107421875 -0.17108154296875
-0.0169000625610352 -0.00164699554443359 0.62872314453125 0.55303955078125
-0.0239658355712891 -0.0309104919433594 -0.0243530273437501 0.92047119140625
0.00560092926025391 0.0122461318969727 -0.403167724609375 0.49871826171875
0.0268077850341797 0.0257167816162109 0.1514892578125 0.0027008056640625
0.014552116394043 -0.0123214721679688 0.47515869140625 -0.67364501953125
-0.00583076477050781 -0.01776123046875 -0.231689453125 -0.94891357421875
-0.0107231140136719 0.00258827209472656 -0.7940673828125 -0.226318359375
0.012791633605957 0.00634002685546875 -0.492034912109375 0.413726806640625
0.0174055099487305 0.00405502319335938 -0.0675048828125 0.496063232421875
0.00396919250488281 -0.0122241973876953 0.230682373046875 0.257537841796875
0.0282917022705078 0.00422477722167969 0.28662109375 0.007232666015625
0.0331039428710938 0.0119457244873047 -0.283050537109375 -0.104736328125
0.0231056213378906 -0.00986480712890625 -0.1102294921875 -0.345733642578125
0.0217761993408203 0.00895118713378906 0.292388916015625 -0.456268310546875
0.00860595703125 0.0179824829101563 0.72589111328125 -0.16314697265625
-0.0234222412109375 -0.0117835998535156 0.6241455078125 0.56231689453125
-0.0132942199707031 -0.0517501831054688 -0.03076171875 0.91900634765625
0.0376319885253906 -0.00825119018554688 -0.403106689453125 0.49139404296875
0.0672607421875 0.0100593566894531 0.1541748046875 -0.0021820068359375
0.0381011962890625 -0.03466796875 0.4678955078125 -0.67999267578125
-0.00421905517578125 -0.0346946716308594 -0.2401123046875 -0.94122314453125
-0.0196952819824219 -0.0028839111328125 -0.7945556640625 -0.2120361328125
0.00657272338867188 0.0105209350585937 -0.486114501953125 0.42291259765625
0.0155515670776367 0.00770092010498047 -0.06103515625 0.49993896484375
0.00449275970458984 -0.00698471069335938 0.23345947265625 0.258987426757813
0.0314750671386719 0.00852203369140625 0.28729248046875 0.006500244140625
0.0364456176757813 0.0178756713867188 -0.2821044921875 -0.101287841796875
0.0221481323242187 -0.00597953796386719 -0.114532470703125 -0.34271240234375
0.0186481475830078 0.0137271881103516 0.285797119140625 -0.45794677734375
0.00206375122070313 0.0191154479980469 0.71942138671875 -0.171630859375
-0.0277919769287109 -0.017913818359375 0.63055419921875 0.55072021484375
-0.00487518310546875 -0.07025146484375 -0.01861572265625 0.91864013671875
0.0688667297363281 -0.0306777954101563 -0.404998779296875 0.497802734375
0.107559204101563 -0.0048675537109375 0.139503479003906 0.001861572265625
0.0615386962890625 -0.0562667846679688 0.47210693359375 -0.669677734375
-0.00098037719726563 -0.0508499145507812 -0.2254638671875 -0.9451904296875
-0.0271167755126953 -0.00662612915039062 -0.79241943359375 -0.22613525390625
2.38418579101556E-05 0.0149030685424805 -0.49468994140625 0.418243408203125
0.0151481628417969 0.0121526718139648 -0.070068359375 0.50201416015625
0.006378173828125 -0.00225257873535156 0.23236083984375 0.263565063476563
0.0345344543457031 0.0110187530517578 0.28875732421875 0.008209228515625
0.0377349853515625 0.0196075439453125 -0.283843994140625 -0.096893310546875
0.0217151641845703 -0.00373458862304687 -0.123046875 -0.338134765625
0.0164203643798828 0.016016960144043 0.264801025390625 -0.463287353515625
-0.00203895568847656 0.0222320556640625 0.70501708984375 -0.1976318359375
-0.0311813354492188 -0.0214939117431641 0.65069580078125 0.52081298828125
-0.00209808349609375 -0.0829010009765625 0.0181884765625001 0.916015625
0.0893478393554688 -0.0502548217773438 -0.403350830078125 0.51788330078125
0.140716552734375 -0.0181427001953125 0.111419677734375 0.0160751342773438
0.0837631225585938 -0.071380615234375 0.48223876953125 -0.6456298828125
0.00305938720703125 -0.0638427734375 -0.192138671875 -0.95831298828125
-0.0327510833740234 -0.0108795166015625 -0.7901611328125 -0.25994873046875
-0.00381088256835938 0.0185050964355469 -0.51507568359375 0.403228759765625
0.0151443481445313 0.0165433883666992 -0.085968017578125 0.5035400390625
0.00779294967651367 0.00189638137817383 0.225860595703125 0.271209716796875
0.0361518859863281 0.0137786865234375 0.289642333984375 0.01373291015625
0.0294170379638672 -0.00516128540039063 -0.2908935546875 -0.063323974609375
0.0156116485595703 -0.0329627990722656 -0.164031982421875 -0.3145751953125
0.0324211120605469 -0.0124034881591797 0.177154541015625 -0.48529052734375
0.0425567626953125 0.0126953125 0.627197265625 -0.3284912109375
0.00425338745117188 0.0226249694824219 0.71087646484375 0.3475341796875
-0.0374603271484375 0.0190696716308594 0.182373046875 0.8822021484375
-0.04400634765625 0.0575447082519531 -0.3642578125 0.62249755859375
-0.0482368469238281 0.0532493591308594 0.0154266357421875 0.0892181396484375
-0.0304927825927734 0.0320167541503906 0.531494140625 -0.54058837890625
-0.00695037841796875 0.0247516632080078 -0.0186157226562499 -1.00286865234375
0.00667572021484375 0.0192508697509766 -0.75 -0.438232421875
0.0311527252197266 0.00420379638671875 -0.59796142578125 0.28912353515625
0.0245285034179687 0.00123214721679688 -0.165435791015625 0.475006103515625
0.000709533691406248 -0.0240325927734375 0.195281982421875 0.282135009765625
0.0239181518554688 -0.0119609832763672 0.275924682617188 0.033721923828125
0.0289554595947266 -0.00593757629394531 -0.29071044921875 -0.074798583984375
0.0167922973632813 -0.0313739776611328 -0.150482177734375 -0.324920654296875
0.0324611663818359 -0.0120525360107422 0.20849609375 -0.4803466796875
0.0400733947753906 0.0134773254394531 0.65771484375 -0.28680419921875
0.00101661682128906 0.0204639434814453 0.6929931640625 0.40521240234375
-0.0391464233398438 0.0172691345214844 0.12322998046875 0.8955078125
-0.0489959716796875 0.0580825805664063 -0.37677001953125 0.58587646484375
-0.0531501770019531 0.0545310974121094 0.0597763061523437 0.0627174377441406
-0.0319919586181641 0.0330066680908203 0.513916015625 -0.58367919921875
-0.00855827331542969 0.0236454010009766 -0.09326171875 -0.9892578125
0.0072479248046875 0.0170392990112305 -0.76959228515625 -0.3671875
0.0282955169677734 0.00177955627441406 -0.56500244140625 0.32940673828125
0.0213546752929688 -0.00157928466796875 -0.13238525390625 0.4813232421875
0.000621795654296877 -0.0241737365722656 0.206512451171875 0.27349853515625
0.0224399566650391 -0.0114479064941406 0.277374267578125 0.0248870849609375
0.0267810821533203 -0.00259780883789062 -0.289093017578125 -0.084930419921875
0.0189456939697266 -0.0279064178466797 -0.13665771484375 -0.333587646484375
0.0316982269287109 -0.00768661499023438 0.237548828125 -0.472137451171875
0.0327377319335938 0.0139942169189453 0.686279296875 -0.2423095703125
-0.00360870361328125 0.014805793762207 0.6689453125 0.46282958984375
-0.0370292663574219 0.00676727294921876 0.06280517578125 0.90289306640625
-0.0424919128417969 0.0498046875 -0.385528564453125 0.547515869140625
-0.0393943786621094 0.0498161315917969 0.101348876953125 0.0369491577148438
-0.022735595703125 0.0245723724365234 0.4945068359375 -0.62420654296875
-0.00750064849853515 0.0137557983398437 -0.15997314453125 -0.9691162109375
0.00436305999755859 0.0120315551757813 -0.7825927734375 -0.29833984375
0.0242595672607422 0.000516891479492188 -0.53173828125 0.3675537109375
0.0200366973876953 -0.00117301940917969 -0.097564697265625 0.486175537109375
0.00251388549804687 -0.0215950012207031 0.219284057617188 0.265121459960937
0.0230808258056641 -0.00806808471679688 0.28167724609375 0.016326904296875
0.0288810729980469 0.00104141235351562 -0.287872314453125 -0.0932312011718749
0.0206127166748047 -0.0228347778320313 -0.124114990234375 -0.3387451171875
0.0283756256103516 -0.00277137756347656 0.26416015625 -0.466278076171875
0.0249385833740234 0.014892578125 0.70440673828125 -0.20440673828125
-0.0109958648681641 0.00715923309326172 0.64678955078125 0.50958251953125
-0.0325889587402344 -0.00946426391601562 0.01470947265625 0.90997314453125
-0.0225925445556641 0.0337581634521484 -0.3907470703125 0.518035888671875
-0.0111427307128906 0.038543701171875 0.132835388183594 0.0153045654296875
-0.00672197341918945 0.00754928588867188 0.477294921875 -0.65447998046875
-0.00665807723999024 0.000310897827148437 -0.21087646484375 -0.95367431640625
-0.00136518478393555 0.0080561637878418 -0.78955078125 -0.24884033203125
0.0186538696289063 0.00200080871582031 -0.502197265625 0.396697998046875
0.0177803039550781 0.000383377075195313 -0.075836181640625 0.489349365234375
0.00274181365966797 -0.0174856185913086 0.228713989257813 0.257659912109375
0.0260257720947266 -0.00193023681640625 0.2825927734375 0.0091552734375
0.0307712554931641 0.00577735900878906 -0.2835693359375 -0.0974731445312501
0.0221824645996094 -0.0162067413330078 -0.11639404296875 -0.34234619140625
0.0258674621582031 0.00283241271972656 0.2816162109375 -0.460601806640625
0.0175094604492188 0.0162134170532227 0.7158203125 -0.1798095703125
-0.0175704956054688 -0.00243091583251953 0.63201904296875 0.54095458984375
-0.0234584808349609 -0.0295677185058594 -0.0149536132812501 0.91314697265625
0.00629997253417969 0.0128087997436523 -0.394683837890625 0.499053955078125
0.0260353088378906 0.0250358581542969 0.150421142578125 0.001556396484375
0.014399528503418 -0.0136051177978516 0.46502685546875 -0.67462158203125
-0.00597763061523438 -0.0165128707885742 -0.24017333984375 -0.9400634765625
-0.00962066650390625 0.00285148620605469 -0.79217529296875 -0.21502685546875
0.012476921081543 0.00572395324707031 -0.48370361328125 0.416534423828125
0.0167474746704102 0.00327205657958984 -0.060455322265625 0.493682861328125
0.00269031524658203 -0.0127811431884766 0.233139038085937 0.252914428710938
0.0295429229736328 0.00239372253417969 0.284820556640625 0.00439453125
0.0335559844970703 0.0121231079101563 -0.283294677734375 -0.100311279296875
0.0223350524902344 -0.0107421875 -0.11492919921875 -0.342010498046875
0.0211105346679688 0.00823402404785156 0.284393310546875 -0.456939697265625
0.00748825073242188 0.0170621871948242 0.71771240234375 -0.171875
-0.0238609313964844 -0.0120754241943359 0.6260986328125 0.5509033203125
-0.0130348205566406 -0.0507087707519531 -0.0211181640625001 0.91387939453125
0.0371131896972656 -0.00966262817382813 -0.39727783203125 0.49066162109375
0.0674705505371094 0.00966644287109375 0.1533203125 -0.00299072265625
0.0368728637695312 -0.0344924926757813 0.46026611328125 -0.67889404296875
-0.0051422119140625 -0.0339641571044922 -0.25030517578125 -0.93353271484375
-0.0195560455322266 -0.00156211853027344 -0.7928466796875 -0.2037353515625
0.00632381439208984 0.0101995468139648 -0.479095458984375 0.42608642578125
0.0163373947143555 0.00773239135742187 -0.056396484375 0.496826171875
0.00513982772827148 -0.00586175918579102 0.235870361328125 0.253326416015625
0.0312404632568359 0.00743484497070312 0.2861328125 0.0020751953125
0.0361976623535156 0.0152320861816406 -0.282379150390625 -0.0977783203125
0.0220661163330078 -0.00627326965332031 -0.11944580078125 -0.339508056640625
0.0189876556396484 0.0130119323730469 0.275543212890625 -0.460479736328125
0.002105712890625 0.0182991027832031 0.71221923828125 -0.1807861328125
-0.0291347503662109 -0.0182228088378906 0.63348388671875 0.538818359375
-0.00636672973632813 -0.0690460205078125 -0.00775146484374993 0.91412353515625
0.0675544738769531 -0.0308837890625 -0.397735595703125 0.49932861328125
0.106590270996094 -0.0054931640625 0.138664245605469 0.00110626220703125
0.0603866577148438 -0.0552825927734375 0.46356201171875 -0.67010498046875
-0.00278472900390625 -0.0504341125488281 -0.2342529296875 -0.937255859375
-0.0274448394775391 -0.00679588317871094 -0.7918701171875 -0.21624755859375
-0.000108718872070314 0.0144062042236328 -0.485809326171875 0.4217529296875
0.0147542953491211 0.0113554000854492 -0.062957763671875 0.49932861328125
0.00584125518798828 -0.00300216674804688 0.234420776367188 0.257354736328125
0.0344600677490234 0.0116024017333984 0.28814697265625 0.00494384765625
0.0376815795898438 0.018890380859375 -0.284393310546875 -0.092010498046875
0.0217342376708984 -0.00300025939941406 -0.12823486328125 -0.335601806640625
0.016667366027832 0.0170907974243164 0.25738525390625 -0.4638671875
-0.00169181823730469 0.0213985443115234 0.697998046875 -0.2056884765625
-0.0324630737304687 -0.0208072662353516 0.652099609375 0.51007080078125
-0.0025787353515625 -0.0824203491210937 0.0266113281249999 0.90997314453125
0.088775634765625 -0.0508041381835938 -0.39398193359375 0.519317626953125
0.137931823730469 -0.0185699462890625 0.111114501953125 0.0151138305664063
0.0822067260742188 -0.071380615234375 0.47296142578125 -0.64739990234375
0.00164031982421876 -0.0635261535644531 -0.20330810546875 -0.948486328125
-0.0339946746826172 -0.010711669921875 -0.78961181640625 -0.2508544921875
-0.00421905517578125 0.0180988311767578 -0.506988525390625 0.407562255859375
0.0155124664306641 0.0158100128173828 -0.078826904296875 0.501373291015625
0.00736713409423828 0.00147819519042969 0.22784423828125 0.266250610351563
0.0360679626464844 0.0123100280761719 0.28790283203125 0.010284423828125
0.02838134765625 -0.00598907470703125 -0.2900390625 -0.058197021484375
0.0143699645996094 -0.0329189300537109 -0.167205810546875 -0.31011962890625
0.0309600830078125 -0.0121135711669922 0.168670654296875 -0.484649658203125
0.0411415100097656 0.0114021301269531 0.6195068359375 -0.334228515625
0.00451850891113281 0.0227394104003906 0.7091064453125 0.33740234375
-0.0362167358398438 0.0200538635253906 0.18939208984375 0.873779296875
-0.0433540344238281 0.0566825866699219 -0.35479736328125 0.62139892578125
-0.0478553771972656 0.0515480041503906 0.0159759521484375 0.088714599609375
-0.0294837951660156 0.0333690643310547 0.521331787109375 -0.540069580078125
-0.00818252563476563 0.0254802703857422 -0.0304565429687499 -0.9959716796875
0.00565910339355469 0.0193386077880859 -0.75030517578125 -0.42626953125
0.030364990234375 0.00302505493164063 -0.59051513671875 0.29229736328125
0.0240840911865234 0.00160789489746094 -0.158782958984375 0.47137451171875
0.00125885009765625 -0.0242118835449219 0.19586181640625 0.2760009765625
0.0240840911865234 -0.0130023956298828 0.275772094726563 0.0308837890625
0.0284271240234375 -0.00595664978027344 -0.290008544921875 -0.0707397460937499
0.0162277221679688 -0.031158447265625 -0.15185546875 -0.318939208984375
0.031494140625 -0.0108203887939453 0.201751708984375 -0.481353759765625
0.0389595031738281 0.0135040283203125 0.65020751953125 -0.29241943359375
0.000965118408203126 0.0202407836914063 0.691162109375 0.39697265625
-0.0386886596679688 0.0169181823730469 0.1295166015625 0.88690185546875
-0.0481224060058594 0.0576744079589844 -0.36651611328125 0.585205078125
-0.0523452758789063 0.0534934997558594 0.0591545104980469 0.0614509582519531
-0.0312767028808594 0.0334300994873047 0.50494384765625 -0.58453369140625
-0.00793647766113281 0.0236244201660156 -0.10260009765625 -0.9818115234375
0.00800895690917969 0.0182609558105469 -0.76947021484375 -0.3575439453125
0.0275001525878906 0.00111579895019531 -0.556640625 0.334503173828125
0.0227928161621094 -0.00174903869628906 -0.124847412109375 0.479583740234375
0.000783920288085938 -0.0230178833007813 0.208221435546875 0.267684936523438
0.0239162445068359 -0.0114612579345703 0.277313232421875 0.0212554931640625
0.0282115936279297 -0.00514030456542969 -0.289459228515625 -0.081207275390625
0.0178489685058594 -0.0275287628173828 -0.138702392578125 -0.33013916015625
0.0293998718261719 -0.00741767883300781 0.23138427734375 -0.4730224609375
0.0319271087646484 0.0138931274414063 0.677001953125 -0.2498779296875
-0.00423622131347656 0.0160446166992188 0.6671142578125 0.452880859375
-0.0370674133300781 0.0081329345703125 0.0696411132812501 0.895263671875
-0.0413551330566406 0.0487327575683594 -0.377593994140625 0.545989990234375
-0.0390625 0.0491294860839844 0.100074768066406 0.0368423461914063
-0.02325439453125 0.0235481262207031 0.485595703125 -0.624267578125
-0.00742149353027344 0.0140228271484375 -0.16925048828125 -0.9560546875
0.00443363189697266 0.0130128860473633 -0.7816162109375 -0.28790283203125
0.023162841796875 0.000965118408203125 -0.523193359375 0.371429443359375
0.0198745727539063 -0.00118446350097656 -0.093170166015625 0.4842529296875
0.00216293334960938 -0.0207843780517578 0.220901489257813 0.260177612304688
0.0228652954101563 -0.00844192504882813 0.280029296875 0.013671875
0.0288143157958984 -0.00055694580078125 -0.286895751953125 -0.089813232421875
0.0194816589355469 -0.0228519439697266 -0.127197265625 -0.335113525390625
0.0277194976806641 -0.00290489196777344 0.256927490234375 -0.466888427734375
0.0251388549804688 0.0150356292724609 0.69598388671875 -0.21319580078125
-0.0116767883300781 0.00856399536132813 0.64697265625 0.4996337890625
-0.0319595336914062 -0.00909996032714844 0.0235595703124999 0.90264892578125
-0.0222930908203125 0.0337238311767578 -0.38372802734375 0.516876220703125
-0.00996017456054687 0.0388526916503906 0.13238525390625 0.0153350830078125
-0.00550079345703125 0.00840663909912109 0.46795654296875 -0.6536865234375
-0.00656604766845703 0.000117301940917968 -0.2196044921875 -0.94287109375
-0.00227212905883789 0.00791168212890625 -0.78656005859375 -0.237548828125
0.018524169921875 0.00141716003417969 -0.495513916015625 0.4000244140625
0.0195560455322266 -0.000108718872070312 -0.068756103515625 0.487701416015625
0.00176143646240234 -0.0171136856079102 0.229232788085937 0.252059936523438
0.0250797271728516 -0.00375556945800781 0.28216552734375 0.006072998046875
0.0310859680175781 0.00462722778320313 -0.28399658203125 -0.094207763671875
0.0205707550048828 -0.0170993804931641 -0.120025634765625 -0.339111328125
0.0251674652099609 0.00235557556152344 0.2733154296875 -0.4613037109375
0.0154275894165039 0.0159616470336914 0.70819091796875 -0.1861572265625
-0.0184726715087891 -0.00288772583007813 0.62969970703125 0.5303955078125
-0.0231456756591797 -0.0291194915771484 -0.00579833984374992 0.908203125
0.00593376159667969 0.0130949020385742 -0.386749267578125 0.497833251953125
0.0254611968994141 0.0248489379882812 0.149322509765625 0.001220703125
0.0140552520751953 -0.0124006271362305 0.456298828125 -0.6727294921875
-0.00697803497314453 -0.0158920288085938 -0.2476806640625 -0.93048095703125
-0.0104799270629883 0.00268268585205078 -0.7889404296875 -0.20672607421875
0.0119485855102539 0.00544166564941406 -0.475921630859375 0.41888427734375
0.0172758102416992 0.00322723388671875 -0.0552978515625 0.49053955078125
0.00448036193847656 -0.0108718872070313 0.235107421875 0.248153686523438
0.0286350250244141 0.000864028930664063 0.28369140625 0.0013427734375
0.033111572265625 0.0104274749755859 -0.283477783203125 -0.0969543457031249
0.0217056274414063 -0.0106925964355469 -0.118408203125 -0.3387451171875
0.0216770172119141 0.00815010070800781 0.276123046875 -0.45916748046875
0.00768756866455078 0.0168390274047852 0.71136474609375 -0.179443359375
-0.0234394073486328 -0.0108547210693359 0.62744140625 0.53863525390625
-0.0141677856445313 -0.0506629943847656 -0.0131835937499999 0.9056396484375
0.0373344421386719 -0.0096893310546875 -0.3892822265625 0.490692138671875
0.0665054321289063 0.00890350341796875 0.1519775390625 -0.0039520263671875
0.0359230041503906 -0.0349349975585938 0.45123291015625 -0.67669677734375
-0.00563621520996094 -0.0327568054199219 -0.2591552734375 -0.92584228515625
-0.0200729370117188 -0.00185775756835938 -0.79034423828125 -0.19146728515625
0.00642490386962891 0.00897979736328125 -0.4693603515625 0.4287109375
0.0167398452758789 0.00712680816650391 -0.050567626953125 0.493896484375
0.00521087646484375 -0.00628376007080078 0.237594604492188 0.248458862304688
0.0319232940673828 0.00589179992675781 0.284759521484375 -0.0008544921875
0.0353355407714844 0.0147514343261719 -0.2818603515625 -0.093048095703125
0.0217933654785156 -0.00578880310058594 -0.121612548828125 -0.337371826171875
0.0188560485839844 0.0120010375976563 0.2674560546875 -0.46038818359375
0.0018463134765625 0.0176601409912109 0.7061767578125 -0.1871337890625
-0.0286464691162109 -0.0183677673339844 0.6331787109375 0.5296630859375
-0.00591278076171876 -0.0685958862304688 -0.00170898437499996 0.9071044921875
0.0671615600585938 -0.0324211120605469 -0.3907470703125 0.497650146484375
0.106483459472656 -0.00646209716796875 0.138343811035156 0.0012054443359375
0.0586776733398438 -0.0557861328125 0.453125 -0.6680908203125
-0.00199508666992188 -0.0495262145996094 -0.24395751953125 -0.928955078125
-0.0279960632324219 -0.00614166259765625 -0.78741455078125 -0.20684814453125
0.00036907196044922 0.0140743255615234 -0.47802734375 0.42498779296875
0.0144805908203125 0.0117053985595703 -0.0565185546875 0.495361328125
0.00638818740844727 -0.00241518020629883 0.235076904296875 0.252883911132813
0.0345478057861328 0.00995826721191406 0.287811279296875 0.001434326171875
0.0382118225097656 0.017852783203125 -0.283447265625 -0.088775634765625
0.0217170715332031 -0.00342941284179688 -0.131591796875 -0.3321533203125
0.0157175064086914 0.0163192749023438 0.25006103515625 -0.465240478515625
-0.00238990783691406 0.0216388702392578 0.69061279296875 -0.21337890625
-0.0327339172363281 -0.0209922790527344 0.65240478515625 0.49896240234375
-0.00333404541015624 -0.0824737548828125 0.0352783203125 0.90185546875
0.0888748168945313 -0.0512313842773437 -0.3858642578125 0.515838623046875
0.137184143066406 -0.020355224609375 0.110549926757813 0.0140457153320312
0.081085205078125 -0.0713424682617188 0.46453857421875 -0.644287109375
0.001983642578125 -0.0625 -0.21044921875 -0.94146728515625
-0.0333633422851563 -0.0105190277099609 -0.78564453125 -0.2403564453125
-0.00415897369384765 0.0175027847290039 -0.500213623046875 0.41204833984375
0.0141801834106445 0.0151653289794922 -0.073944091796875 0.498321533203125
0.0069584846496582 0.00146865844726563 0.229873657226563 0.261520385742188
0.0354843139648438 0.0113754272460938 0.286712646484375 0.007049560546875
0.0293712615966797 -0.00854873657226563 -0.289764404296875 -0.055267333984375
0.0130233764648438 -0.0330944061279297 -0.16986083984375 -0.30584716796875
0.0306816101074219 -0.0127353668212891 0.161834716796875 -0.48468017578125
0.0421829223632813 0.0110244750976563 0.61114501953125 -0.33868408203125
0.00460433959960938 0.0221538543701172 0.7037353515625 0.32958984375
-0.0354270935058594 0.0199394226074219 0.19476318359375 0.86505126953125
-0.0422782897949219 0.0563507080078125 -0.34710693359375 0.61962890625
-0.047576904296875 0.0520172119140625 0.0163955688476562 0.0873870849609375
-0.0303382873535156 0.0317611694335938 0.51318359375 -0.540496826171875
-0.00756072998046875 0.0260429382324219 -0.0367431640625001 -0.98876953125
0.00584983825683594 0.0189495086669922 -0.74859619140625 -0.4190673828125
0.0289630889892578 0.00293731689453125 -0.5823974609375 0.29595947265625
0.0242500305175781 0.00155067443847656 -0.153167724609375 0.470458984375
-0.000505447387695312 -0.0243587493896484 0.197677612304688 0.27197265625
0.0234870910644531 -0.0146942138671875 0.274642944335937 0.0285491943359375
0.0284881591796875 -0.00675392150878906 -0.28851318359375 -0.065887451171875
0.0147762298583984 -0.0316448211669922 -0.154266357421875 -0.315948486328125
0.0314826965332031 -0.0113105773925781 0.194366455078125 -0.480255126953125
0.037872314453125 0.0113525390625 0.64129638671875 -0.29833984375
0.0012054443359375 0.0195636749267578 0.688232421875 0.38531494140625
-0.0380744934082031 0.018402099609375 0.1370849609375 0.878173828125
-0.0478591918945312 0.0575065612792969 -0.3594970703125 0.581787109375
-0.0521621704101562 0.0539588928222656 0.0596237182617188 0.0614700317382813
-0.0317440032958984 0.0317230224609375 0.497314453125 -0.58251953125
-0.00808334350585938 0.0239028930664063 -0.1109619140625 -0.97344970703125
0.00741481781005859 0.0173768997192383 -0.767578125 -0.34808349609375
0.0271549224853516 0.00048828125 -0.550201416015625 0.33642578125
0.0227165222167969 -0.000944137573242187 -0.12005615234375 0.476837158203125
-0.000713348388671876 -0.022857666015625 0.209793090820313 0.263473510742188
0.0225410461425781 -0.0138416290283203 0.275711059570312 0.0181884765625
0.0275249481201172 -0.0052490234375 -0.287445068359375 -0.0757141113281249
0.0179920196533203 -0.02703857421875 -0.14154052734375 -0.32513427734375
0.0302600860595703 -0.00838661193847656 0.22412109375 -0.474517822265625
0.0315284729003906 0.0122222900390625 0.66796875 -0.25518798828125
-0.00386524200439453 0.0162563323974609 0.6651611328125 0.4432373046875
-0.0370635986328125 0.00692749023437499 0.0776367187499999 0.88726806640625
-0.0409164428710938 0.0493354797363281 -0.37164306640625 0.544921875
-0.0389442443847656 0.0496025085449219 0.100807189941406 0.0356369018554688
-0.02349853515625 0.0239639282226562 0.474853515625 -0.62213134765625
-0.0067586898803711 0.0135087966918945 -0.17633056640625 -0.951904296875
0.00444221496582031 0.0123081207275391 -0.77752685546875 -0.2803955078125
0.0229473114013672 -0.000957489013671875 -0.516815185546875 0.3731689453125
0.0203971862792969 -0.00286293029785156 -0.087860107421875 0.478729248046875
0.000780105590820311 -0.02093505859375 0.221572875976563 0.255096435546875
0.0232925415039063 -0.0101757049560547 0.278289794921875 0.0106353759765625
0.0291099548339844 -0.0017242431640625 -0.2869873046875 -0.0855712890625
0.0191211700439453 -0.0219058990478516 -0.13018798828125 -0.33148193359375
0.0283451080322266 -0.003143310546875 0.25048828125 -0.466644287109375
0.0238437652587891 0.0142097473144531 0.6893310546875 -0.2186279296875
-0.0121726989746094 0.0059051513671875 0.64447021484375 0.48980712890625
-0.0302104949951172 -0.00873947143554688 0.0299072265625 0.8961181640625
-0.0218563079833984 0.0333080291748047 -0.37713623046875 0.516082763671875
-0.0106925964355469 0.0384979248046875 0.1319580078125 0.014984130859375
-0.00538063049316406 0.00798702239990235 0.45965576171875 -0.654052734375
-0.00728845596313476 0.000728607177734376 -0.226318359375 -0.93426513671875
-0.00172948837280273 0.00715398788452149 -0.78253173828125 -0.23114013671875
0.0177936553955078 -0.000286102294921875 -0.48736572265625 0.402069091796875
0.0191135406494141 -0.00158119201660156 -0.0625 0.484222412109375
0.00323581695556641 -0.0164031982421875 0.230331420898438 0.246810913085938
0.0249137878417969 -0.00486183166503906 0.280517578125 0.0020751953125
0.0309638977050781 0.0044097900390625 -0.283447265625 -0.090118408203125
0.0206985473632813 -0.0155239105224609 -0.122894287109375 -0.334991455078125
0.0251579284667969 0.00279617309570313 0.264617919921875 -0.461700439453125
0.0149784088134766 0.0148468017578125 0.70062255859375 -0.19451904296875
-0.0176467895507813 -0.00236129760742188 0.6312255859375 0.52130126953125
-0.0228786468505859 -0.0277004241943359 0.000366210937499985 0.8985595703125
0.00579833984375 0.0138883590698242 -0.381072998046875 0.498260498046875
0.0261116027832031 0.0246353149414063 0.147720336914062 0.000488281250000001
0.0137033462524414 -0.0141630172729492 0.447021484375 -0.67193603515625
-0.00637912750244141 -0.0149965286254883 -0.2567138671875 -0.9227294921875
-0.00979232788085938 0.00365543365478515 -0.78515625 -0.19781494140625
0.0111656188964844 0.00482273101806641 -0.469757080078125 0.420440673828125
0.0171594619750977 0.00267696380615234 -0.048736572265625 0.4869384765625
0.00380611419677734 -0.0117330551147461 0.236099243164063 0.243438720703125
0.0290718078613281 0.000410079956054687 0.28192138671875 -0.002044677734375
0.0324668884277344 0.00877571105957031 -0.282318115234375 -0.0914916992187499
0.0207920074462891 -0.0110702514648437 -0.1207275390625 -0.334625244140625
0.0211009979248047 0.00955009460449219 0.267425537109375 -0.458282470703125
0.0077056884765625 0.0160360336303711 0.703369140625 -0.18475341796875
-0.0238094329833984 -0.0129203796386719 0.624755859375 0.52911376953125
-0.0135231018066406 -0.0483589172363281 -0.0075073242187501 0.900390625
0.0375137329101562 -0.00790786743164063 -0.3817138671875 0.489227294921875
0.0662040710449219 0.00811004638671875 0.150802612304688 -0.0050811767578125
0.0359458923339844 -0.0357894897460938 0.44281005859375 -0.67681884765625
-0.0052947998046875 -0.0321769714355469 -0.263427734375 -0.91558837890625
-0.0195980072021484 -0.00125885009765625 -0.78564453125 -0.1851806640625
0.00539684295654297 0.00934505462646485 -0.463531494140625 0.42938232421875
0.0154380798339844 0.00608062744140625 -0.044647216796875 0.489013671875
0.00489997863769531 -0.00606107711791992 0.237197875976563 0.244049072265625
0.0311698913574219 0.00506210327148438 0.281951904296875 -0.00335693359375
0.0370292663574219 0.0134773254394531 -0.283050537109375 -0.090362548828125
0.0211105346679687 -0.00577354431152344 -0.125091552734375 -0.332550048828125
0.0191993713378906 0.0139789581298828 0.262054443359375 -0.460174560546875
0.000461578369140623 0.0181007385253906 0.6971435546875 -0.19329833984375
-0.0287399291992188 -0.0183811187744141 0.6307373046875 0.5174560546875
-0.00556182861328126 -0.0677261352539062 0.00512695312499996 0.900390625
0.0668563842773438 -0.0302772521972656 -0.383392333984375 0.496917724609375
0.104377746582031 -0.00600433349609375 0.136520385742188 -3.05175781250004E-05
0.0588531494140625 -0.0560150146484375 0.44482421875 -0.666748046875
-0.003509521484375 -0.0484199523925781 -0.24688720703125 -0.92022705078125
-0.0268096923828125 -0.00609016418457031 -0.78338623046875 -0.197265625
-0.000160217285156249 0.012791633605957 -0.46954345703125 0.425537109375
0.0156087875366211 0.0116033554077148 -0.05267333984375 0.49139404296875
0.00608587265014648 -0.00250244140625 0.236282348632813 0.246261596679688
0.0332851409912109 0.00897598266601563 0.28399658203125 -0.000701904296874999
0.0383872985839844 0.0162887573242187 -0.28253173828125 -0.0845947265625
0.021148681640625 -0.00291061401367188 -0.13238525390625 -0.328033447265625
0.0160751342773438 0.0177383422851563 0.24188232421875 -0.464996337890625
-0.0030975341796875 0.0207405090332031 0.68365478515625 -0.219970703125
-0.0339450836181641 -0.0212249755859375 0.6505126953125 0.48736572265625
-0.002899169921875 -0.080078125 0.042236328125 0.89276123046875
0.086761474609375 -0.05059814453125 -0.3800048828125 0.514404296875
0.136253356933594 -0.0203018188476563 0.108787536621094 0.0121612548828125
0.0804290771484375 -0.0712051391601563 0.45574951171875 -0.64447021484375
0.000503540039062499 -0.0615577697753906 -0.21600341796875 -0.9310302734375
-0.0329742431640625 -0.00919723510742188 -0.78192138671875 -0.2315673828125
-0.00446605682373047 0.0164012908935547 -0.491058349609375 0.412841796875
0.0150909423828125 0.0156230926513672 -0.06866455078125 0.49371337890625
0.0062098503112793 0.000718116760253906 0.23046875 0.25469970703125
0.0359573364257813 0.010162353515625 0.285369873046875 0.004058837890625
0.0299968719482422 -0.00742530822753906 -0.288299560546875 -0.052520751953125
0.0114116668701172 -0.0323104858398438 -0.1712646484375 -0.301513671875
0.0302505493164062 -0.0122432708740234 0.156890869140625 -0.482879638671875
0.0409164428710937 0.0104484558105469 0.60260009765625 -0.34417724609375
0.00475311279296875 0.0206508636474609 0.7015380859375 0.3201904296875
-0.0355186462402344 0.0208511352539063 0.19744873046875 0.8563232421875
-0.0416755676269531 0.0572280883789062 -0.34136962890625 0.61602783203125
-0.0475349426269531 0.05206298828125 0.0161819458007812 0.0875778198242188
-0.0300426483154297 0.0321331024169922 0.50677490234375 -0.53826904296875
-0.00745391845703125 0.0257968902587891 -0.0446777343749999 -0.98101806640625
0.00626564025878906 0.0182743072509766 -0.74591064453125 -0.4095458984375
0.0289211273193359 0.00238418579101563 -0.57830810546875 0.29803466796875
0.0236492156982422 0.00153160095214844 -0.148956298828125 0.466522216796875
-4.19616699218726E-05 -0.0235576629638672 0.197341918945313 0.268234252929688
0.0236244201660156 -0.0145759582519531 0.272506713867188 0.026519775390625
0.02862548828125 -0.00774383544921875 -0.28826904296875 -0.0629577636718749
0.0144100189208984 -0.0314598083496094 -0.1561279296875 -0.31207275390625
0.0306472778320313 -0.0111122131347656 0.18829345703125 -0.4791259765625
0.0378761291503906 0.0103530883789063 0.63336181640625 -0.30255126953125
0.000528335571289063 0.0201816558837891 0.6844482421875 0.37921142578125
-0.0367507934570312 0.0190467834472656 0.140869140625 0.8704833984375
-0.0467376708984375 0.0577621459960938 -0.3524169921875 0.57916259765625
-0.051483154296875 0.053863525390625 0.0599861145019531 0.0608139038085937
-0.0304317474365234 0.0314369201660156 0.4892578125 -0.57940673828125
-0.00791358947753906 0.0243320465087891 -0.11468505859375 -0.96539306640625
0.00696659088134766 0.0171079635620117 -0.76171875 -0.34027099609375
0.0282726287841797 -0.000537872314453125 -0.543609619140625 0.3387451171875
0.0227794647216797 -0.00108909606933594 -0.116424560546875 0.473541259765625
-6.29425048828149E-05 -0.0231838226318359 0.209457397460938 0.259628295898438
0.0225486755371094 -0.0137176513671875 0.27410888671875 0.0175323486328125
0.0276546478271484 -0.00727081298828125 -0.2872314453125 -0.0743408203125
0.0160026550292969 -0.0271568298339844 -0.143096923828125 -0.321746826171875
0.0292472839355469 -0.00954818725585938 0.217010498046875 -0.471038818359375
0.0313587188720703 0.0128440856933594 0.66180419921875 -0.2601318359375
-0.00408077239990234 0.0132999420166016 0.66229248046875 0.435302734375
-0.0352134704589844 0.0073394775390625 0.08148193359375 0.88055419921875
-0.0408363342285156 0.0489578247070313 -0.364105224609375 0.541961669921875
-0.0388870239257813 0.0488243103027344 0.0996246337890625 0.0348358154296875
-0.0230865478515625 0.0244407653808594 0.46929931640625 -0.6180419921875
-0.00715923309326172 0.0151529312133789 -0.17974853515625 -0.94403076171875
0.0047760009765625 0.0127754211425781 -0.77532958984375 -0.271484375
0.0235977172851563 -0.000736236572265625 -0.510345458984375 0.37420654296875
0.0197677612304688 -0.00174713134765625 -0.083648681640625 0.477325439453125
0.000787734985351562 -0.02099609375 0.220870971679688 0.25213623046875
0.0227279663085938 -0.0103778839111328 0.277084350585938 0.0088653564453125
0.0289115905761719 -0.00206184387207031 -0.28564453125 -0.081939697265625
0.0184974670410156 -0.0229072570800781 -0.131805419921875 -0.328033447265625
0.02728271484375 -0.00388336181640625 0.24407958984375 -0.465606689453125
0.023162841796875 0.0141830444335938 0.6820068359375 -0.22332763671875
-0.011723518371582 0.00660133361816407 0.642822265625 0.4818115234375
-0.0304203033447266 -0.00815582275390624 0.033935546875 0.887451171875
-0.0215835571289062 0.033172607421875 -0.370330810546875 0.51312255859375
-0.0109825134277344 0.0385093688964844 0.130538940429688 0.0141830444335938
-0.00676679611206055 0.00754642486572266 0.449951171875 -0.65057373046875
-0.00682353973388672 0.00082540512084961 -0.23162841796875 -0.92523193359375
-0.0017848014831543 0.00829124450683594 -0.77947998046875 -0.22161865234375
0.0183773040771484 0.00069427490234375 -0.48114013671875 0.40411376953125
0.0189609527587891 -0.00032806396484375 -0.059539794921875 0.4813232421875
0.0021209716796875 -0.0160255432128906 0.229507446289063 0.243377685546875
0.0263900756835938 -0.0047149658203125 0.278488159179688 0.001556396484375
0.0318641662597656 0.00320816040039062 -0.283477783203125 -0.0870361328125001
0.0198516845703125 -0.01727294921875 -0.124908447265625 -0.33062744140625
0.0242881774902344 0.00313186645507812 0.25909423828125 -0.4603271484375
0.0152139663696289 0.0142040252685547 0.6907958984375 -0.19921875
-0.0193157196044922 -0.00347518920898438 0.627685546875 0.511474609375
-0.0213813781738281 -0.0268192291259766 0.00262451171874996 0.89178466796875
0.00621604919433594 0.0125007629394531 -0.3748779296875 0.493927001953125
0.0259761810302734 0.0241508483886719 0.14703369140625 -0.000427246093749999
0.0135822296142578 -0.0128717422485352 0.43963623046875 -0.66717529296875
-0.00684070587158203 -0.0153064727783203 -0.25836181640625 -0.9136962890625
-0.0100288391113281 0.00244045257568359 -0.78076171875 -0.19189453125
0.0114727020263672 0.00387477874755859 -0.46185302734375 0.420318603515625
0.0174484252929688 0.00317668914794922 -0.044952392578125 0.483245849609375
0.00253486633300781 -0.0117778778076172 0.234695434570313 0.239669799804688
0.0289077758789063 -0.0006866455078125 0.280181884765625 -0.0030517578125
0.0332183837890625 0.00803184509277344 -0.28228759765625 -0.088836669921875
0.0202522277832031 -0.0109081268310547 -0.12322998046875 -0.330535888671875
0.0210342407226563 0.00813484191894531 0.261566162109375 -0.45849609375
0.00738906860351563 0.0160322189331055 0.69598388671875 -0.192138671875
-0.0241050720214844 -0.0117874145507813 0.623779296875 0.52178955078125
-0.0136985778808594 -0.0485763549804688 -0.00335693359375 0.8916015625
0.0372543334960938 -0.00948715209960938 -0.3778076171875 0.485626220703125
0.0648689270019531 0.00754928588867188 0.15032958984375 -0.005035400390625
0.0350112915039062 -0.0348091125488281 0.434814453125 -0.67327880859375
-0.00535011291503907 -0.0316600799560547 -0.26776123046875 -0.90692138671875
-0.0186386108398438 -0.00164222717285156 -0.780029296875 -0.17816162109375
0.00590229034423828 0.00806808471679688 -0.455535888671875 0.429290771484375
0.0160255432128906 0.00615501403808594 -0.0411376953125 0.486541748046875
0.00475025177001953 -0.00681829452514648 0.237335205078125 0.238662719726563
0.0310153961181641 0.00411796569824219 0.281402587890625 -0.005340576171875
0.03680419921875 0.0124435424804688 -0.28131103515625 -0.086578369140625
0.0209121704101563 -0.00580406188964844 -0.12615966796875 -0.328887939453125
0.0181159973144531 0.0126705169677734 0.25372314453125 -0.459228515625
-0.000320434570312498 0.0167379379272461 0.68939208984375 -0.20001220703125
-0.0287742614746094 -0.0188846588134766 0.63134765625 0.5084228515625
-0.00484085083007813 -0.0671844482421875 0.00885009765624998 0.89190673828125
0.0657463073730469 -0.0319061279296875 -0.377593994140625 0.493072509765625
0.1043701171875 -0.00821685791015625 0.135688781738281 -0.00040435791015625
0.0579566955566406 -0.0544509887695312 0.4383544921875 -0.6644287109375
-0.00330352783203125 -0.0481719970703125 -0.25469970703125 -0.91168212890625
-0.0272140502929688 -0.00526618957519531 -0.7772216796875 -0.19189453125
-0.000722885131835938 0.0130348205566406 -0.464630126953125 0.42578125
0.0150461196899414 0.0106630325317383 -0.048126220703125 0.489898681640625
0.00647830963134766 -0.00237131118774414 0.236465454101563 0.242874145507813
0.0343151092529297 0.00823211669921875 0.282562255859375 -0.0025634765625
0.0387153625488281 0.0153923034667969 -0.282440185546875 -0.08184814453125
0.0209197998046875 -0.00290107727050781 -0.1356201171875 -0.32305908203125
0.0157585144042969 0.0162410736083984 0.235137939453125 -0.46392822265625
-0.00257301330566406 0.019134521484375 0.673095703125 -0.22412109375
-0.0331764221191406 -0.0205020904541016 0.6478271484375 0.47674560546875
-0.0027008056640625 -0.0792770385742188 0.0462646484375 0.8868408203125
0.0864944458007813 -0.0505142211914062 -0.3746337890625 0.512786865234375
0.134315490722656 -0.0209579467773438 0.108963012695313 0.0123825073242187
0.0790481567382812 -0.0706787109375 0.44866943359375 -0.64251708984375
0.00124740600585938 -0.0613327026367187 -0.21990966796875 -0.9229736328125
-0.0339107513427734 -0.00966453552246094 -0.7774658203125 -0.22589111328125
-0.00485706329345703 0.0168743133544922 -0.48388671875 0.41302490234375
0.0139007568359375 0.0142698287963867 -0.06573486328125 0.490325927734375
0.00649166107177734 0.00162982940673828 0.2298583984375 0.250808715820313
0.0354232788085938 0.0095062255859375 0.283416748046875 0.0018310546875
0.0294761657714844 -0.00954627990722656 -0.28680419921875 -0.049530029296875
0.0112495422363281 -0.0326194763183594 -0.1717529296875 -0.2994384765625
0.0299320220947266 -0.0131282806396484 0.15338134765625 -0.48028564453125
0.0401039123535156 0.00996017456054688 0.59637451171875 -0.34429931640625
0.00297355651855469 0.0197715759277344 0.69720458984375 0.31390380859375
-0.0343780517578125 0.0210552215576172 0.198974609375 0.8499755859375
-0.0418663024902344 0.0566520690917969 -0.33502197265625 0.611328125
-0.0461273193359375 0.05108642578125 0.0172500610351562 0.08746337890625
-0.0288562774658203 0.032135009765625 0.501251220703125 -0.535675048828125
-0.00773239135742188 0.0256710052490234 -0.0498046874999999 -0.97161865234375
0.00631523132324219 0.0191383361816406 -0.74200439453125 -0.40313720703125
0.0291996002197266 0.0010528564453125 -0.57232666015625 0.29949951171875
0.0241355895996094 0.00132560729980469 -0.1441650390625 0.463104248046875
0.000207901000976563 -0.0222358703613281 0.197021484375 0.263015747070313
0.0230865478515625 -0.0160179138183594 0.271224975585938 0.02490234375
0.0287322998046875 -0.00899887084960938 -0.287750244140625 -0.06121826171875
0.0135784149169922 -0.0313796997070313 -0.1571044921875 -0.30914306640625
0.0296592712402344 -0.0115394592285156 0.183837890625 -0.476531982421875
0.0373077392578125 0.00911712646484375 0.62677001953125 -0.3060302734375
0.000955581665039064 0.0190925598144531 0.68109130859375 0.37005615234375
-0.03582763671875 0.0196456909179687 0.14276123046875 0.862548828125
-0.0459327697753906 0.0577201843261719 -0.3489990234375 0.575927734375
-0.0501174926757813 0.0539741516113281 0.0591659545898438 0.06048583984375
-0.03070068359375 0.0314064025878906 0.48248291015625 -0.5780029296875
-0.00785255432128906 0.0234146118164062 -0.11907958984375 -0.95721435546875
0.0069122314453125 0.0159711837768555 -0.758056640625 -0.33416748046875
0.0274791717529297 -0.000274658203125 -0.53778076171875 0.33831787109375
0.0231723785400391 -0.000814437866210938 -0.112579345703125 0.470001220703125
0.000104904174804689 -0.0226497650146484 0.208908081054688 0.25482177734375
0.0222854614257813 -0.0145587921142578 0.2730712890625 0.0157470703125
0.0282096862792969 -0.00765228271484375 -0.28619384765625 -0.0714111328125
0.0160331726074219 -0.0270252227783203 -0.14447021484375 -0.317230224609375
0.0291786193847656 -0.00860977172851563 0.211822509765625 -0.47039794921875
0.0310783386230469 0.0113086700439453 0.6549072265625 -0.26263427734375
-0.00495052337646484 0.0153541564941406 0.65997314453125 0.42669677734375
-0.0354957580566406 0.00862503051757813 0.08306884765625 0.87322998046875
-0.0403327941894531 0.0495719909667969 -0.359588623046875 0.537750244140625
-0.0380058288574219 0.0485191345214844 0.0992584228515625 0.0351409912109375
-0.0226306915283203 0.0232734680175781 0.4627685546875 -0.61578369140625
-0.00687408447265625 0.0141439437866211 -0.1845703125 -0.9324951171875
0.00373363494873047 0.0125312805175781 -0.7685546875 -0.2674560546875
0.0224609375 -0.00220489501953125 -0.50390625 0.373321533203125
0.0207042694091797 -0.00221633911132813 -0.0810546875 0.472412109375
0.000766754150390623 -0.0190658569335937 0.220855712890625 0.247161865234375
0.0224113464355469 -0.0108566284179688 0.275115966796875 0.0077972412109375
0.0289821624755859 -0.00382614135742187 -0.28375244140625 -0.0802001953125
0.0192050933837891 -0.0219306945800781 -0.1324462890625 -0.3243408203125
0.0264797210693359 -0.00244331359863281 0.23870849609375 -0.4642333984375
0.0229892730712891 0.0114192962646484 0.6741943359375 -0.22613525390625
-0.011713981628418 0.00549221038818359 0.63751220703125 0.474609375
-0.0303916931152344 -0.0067424774169922 0.0373535156249999 0.88067626953125
-0.0207843780517578 0.0343112945556641 -0.36602783203125 0.5081787109375
-0.0104942321777344 0.0381240844726563 0.129676818847656 0.0130233764648438
-0.00620651245117188 0.00756454467773437 0.4456787109375 -0.646728515625
-0.00668096542358399 0.00148105621337891 -0.2330322265625 -0.91680908203125
-0.00171279907226562 0.0071110725402832 -0.77618408203125 -0.21661376953125
0.0174198150634766 0.000590324401855469 -0.474884033203125 0.402496337890625
0.0172977447509766 -0.000612258911132813 -0.056304931640625 0.476409912109375
0.00225925445556641 -0.0153255462646484 0.229217529296875 0.2392578125
0.024749755859375 -0.00610733032226562 0.277008056640625 -9.15527343750004E-05
0.0314197540283203 0.00218772888183594 -0.281524658203125 -0.083740234375
0.0182476043701172 -0.0167903900146484 -0.126983642578125 -0.32794189453125
0.0248184204101563 0.00233268737792969 0.253387451171875 -0.45916748046875
0.0144004821777344 0.0135507583618164 0.683837890625 -0.20233154296875
-0.0184726715087891 -0.00303077697753906 0.6248779296875 0.5029296875
-0.0217666625976563 -0.0272350311279297 0.00842285156249997 0.8846435546875
0.00586891174316406 0.0134210586547852 -0.36895751953125 0.490966796875
0.0255527496337891 0.0222358703613281 0.145706176757813 -0.000244140624999999
0.0134773254394531 -0.0123291015625 0.4342041015625 -0.6644287109375
-0.00582504272460938 -0.0143814086914063 -0.26104736328125 -0.90423583984375
-0.0103178024291992 0.00327205657958984 -0.77679443359375 -0.18438720703125
0.0125064849853516 0.00320720672607422 -0.45648193359375 0.420501708984375
0.0172767639160156 0.00224113464355469 -0.041839599609375 0.4788818359375
0.00304031372070313 -0.0109090805053711 0.234115600585938 0.235733032226563
0.0281753540039062 -0.00198936462402344 0.277740478515625 -0.0052642822265625
0.0332355499267578 0.00648880004882812 -0.280441284179687 -0.086822509765625
0.0206966400146484 -0.00996971130371094 -0.124725341796875 -0.3277587890625
0.020416259765625 0.00786972045898438 0.2568359375 -0.45672607421875
0.00613498687744141 0.0142183303833008 0.687744140625 -0.19354248046875
-0.0252914428710938 -0.0118942260742187 0.62127685546875 0.51202392578125
-0.0126075744628906 -0.0472335815429688 0.00061035156249992 0.88458251953125
0.03668212890625 -0.00916290283203125 -0.37158203125 0.4825439453125
0.0639495849609375 0.00658416748046875 0.14801025390625 -0.0059661865234375
0.0338287353515625 -0.0351676940917969 0.4288330078125 -0.668701171875
-0.00554466247558594 -0.0323257446289063 -0.26898193359375 -0.8988037109375
-0.0194854736328125 -0.00166702270507812 -0.776123046875 -0.17279052734375
0.00478935241699219 0.00817537307739258 -0.44976806640625 0.42816162109375
0.0164394378662109 0.006011962890625 -0.037200927734375 0.481170654296875
0.00416374206542969 -0.00598239898681641 0.236083984375 0.235107421875
0.0308361053466797 0.002349853515625 0.27947998046875 -0.0062408447265625
0.0374946594238281 0.0119552612304688 -0.28057861328125 -0.0841217041015625
0.0194110870361328 -0.00580978393554688 -0.1292724609375 -0.325164794921875
0.0177421569824219 0.0130767822265625 0.248382568359375 -0.457672119140625
8.39233398437514E-05 0.0168142318725586 0.681396484375 -0.20281982421875
-0.0294628143310547 -0.0182838439941406 0.626953125 0.50238037109375
-0.005828857421875 -0.0663528442382813 0.0143432617187499 0.8857421875
0.0660667419433594 -0.0318984985351563 -0.372711181640625 0.4906005859375
0.1029052734375 -0.0081329345703125 0.134819030761719 -0.000846862792968751
0.05706787109375 -0.055755615234375 0.4322509765625 -0.6612548828125
-0.00390243530273437 -0.0467491149902344 -0.255126953125 -0.9013671875
-0.0279788970947266 -0.00551795959472657 -0.77313232421875 -0.186767578125
0.000231742858886718 0.0130186080932617 -0.457672119140625 0.42449951171875
0.0161399841308594 0.0103292465209961 -0.044647216796875 0.485992431640625
0.00626468658447266 -0.00197124481201172 0.235397338867187 0.239715576171875
0.033233642578125 0.0069580078125 0.28216552734375 -0.00439453125
0.0382461547851562 0.0164260864257813 -0.2818603515625 -0.07977294921875
0.0204391479492188 -0.00214958190917969 -0.136749267578125 -0.320648193359375
0.0159711837768555 0.0159120559692383 0.23016357421875 -0.46124267578125
-0.00353431701660156 0.0179901123046875 0.66729736328125 -0.2269287109375
-0.0337467193603516 -0.0207614898681641 0.64532470703125 0.47125244140625
-0.00219726562500001 -0.0791015625 0.0489501953125001 0.8779296875
0.0857467651367187 -0.0504074096679687 -0.369049072265625 0.509246826171875
0.132942199707031 -0.0215530395507813 0.109382629394531 0.0132675170898437
0.0778427124023438 -0.07196044921875 0.4415283203125 -0.63763427734375
0.000709533691406248 -0.0609588623046875 -0.22174072265625 -0.91357421875
-0.0334281921386719 -0.009033203125 -0.77203369140625 -0.220703125
-0.00496864318847656 0.0160770416259766 -0.4783935546875 0.412322998046875
0.0155515670776367 0.0148639678955078 -0.06365966796875 0.488311767578125
0.00597286224365234 0.000870227813720703 0.230392456054688 0.247756958007813
0.0353050231933594 0.00855636596679688 0.28192138671875 0.00152587890625
0.0285930633544922 -0.00974655151367188 -0.286407470703125 -0.048553466796875
0.0120143890380859 -0.0315361022949219 -0.171783447265625 -0.296142578125
0.0287094116210938 -0.013031005859375 0.148529052734375 -0.478271484375
0.0388908386230469 0.0077972412109375 0.58935546875 -0.34539794921875
0.00415992736816406 0.0191802978515625 0.69195556640625 0.30889892578125
-0.0343894958496094 0.0210018157958984 0.1973876953125 0.84405517578125
-0.0408477783203125 0.0555610656738281 -0.33197021484375 0.606689453125
-0.0472602844238281 0.051910400390625 0.0169219970703125 0.0870590209960938
-0.0284004211425781 0.0311355590820312 0.495330810546875 -0.5333251953125
-0.00675201416015625 0.0256156921386719 -0.05084228515625 -0.96533203125
0.00568008422851563 0.0188236236572266 -0.7386474609375 -0.397705078125
0.0276145935058594 0.000885009765625 -0.56671142578125 0.2984619140625
0.0233879089355469 0.00115776062011719 -0.1427001953125 0.460601806640625
-0.000114440917968751 -0.0224647521972656 0.196563720703125 0.260208129882813
0.0213756561279297 -0.0160388946533203 0.271072387695313 0.02392578125
0.0278167724609375 -0.00969886779785156 -0.28533935546875 -0.0593872070312499
0.0136966705322266 -0.0307674407958984 -0.157989501953125 -0.305572509765625
0.0307426452636719 -0.0117874145507812 0.179290771484375 -0.4757080078125
0.0362167358398438 0.00839614868164063 0.62054443359375 -0.30438232421875
-5.53131103515638E-05 0.0193290710449219 0.6759033203125 0.36572265625
-0.0349998474121094 0.0194358825683594 0.14251708984375 0.856201171875
-0.0459709167480469 0.0569114685058594 -0.344482421875 0.5721435546875
-0.0505638122558594 0.052520751953125 0.0601463317871094 0.0606689453125
-0.0307540893554688 0.0328578948974609 0.47869873046875 -0.5743408203125
-0.00718498229980469 0.0246620178222656 -0.120361328125 -0.9503173828125
0.00679492950439453 0.016209602355957 -0.75408935546875 -0.33026123046875
0.0264892578125 -0.00136375427246094 -0.5321044921875 0.337432861328125
0.0229854583740234 -0.00150299072265625 -0.109771728515625 0.46661376953125
-0.000728607177734375 -0.0211372375488281 0.208267211914063 0.251022338867188
0.0226345062255859 -0.0153923034667969 0.271682739257813 0.015594482421875
0.0272388458251953 -0.00812911987304688 -0.2850341796875 -0.069580078125
0.0150356292724609 -0.0265235900878906 -0.145477294921875 -0.31707763671875
0.0290985107421875 -0.00699424743652344 0.207244873046875 -0.46881103515625
0.0305118560791016 0.0120029449462891 0.64801025390625 -0.2662353515625
-0.00503158569335938 0.0135459899902344 0.653564453125 0.42144775390625
-0.0348453521728516 0.00872230529785156 0.0846557617187501 0.8670654296875
-0.0394668579101563 0.0491790771484375 -0.357574462890625 0.533416748046875
-0.0383529663085938 0.047637939453125 0.099761962890625 0.034942626953125
-0.0221309661865234 0.0228767395019531 0.4578857421875 -0.6112060546875
-0.00657176971435547 0.0154943466186523 -0.1851806640625 -0.9268798828125
0.00434970855712891 0.0117416381835938 -0.76513671875 -0.2640380859375
0.0233936309814453 -0.00174140930175781 -0.49993896484375 0.373992919921875
0.0197772979736328 -0.00210189819335937 -0.077972412109375 0.46856689453125
0.00121307373046875 -0.0197715759277344 0.22021484375 0.2435302734375
0.0215015411376953 -0.01165771484375 0.274505615234375 0.0060272216796875
0.0287742614746094 -0.00406074523925781 -0.28289794921875 -0.0778808593750001
0.0171527862548828 -0.0222606658935547 -0.13458251953125 -0.321044921875
0.0269660949707031 -0.00247764587402344 0.233245849609375 -0.461761474609375
0.0218029022216797 0.0119457244873047 0.66693115234375 -0.2274169921875
-0.0123414993286133 0.00529289245605469 0.63494873046875 0.46844482421875
-0.0292510986328125 -0.00631713867187501 0.0377197265625 0.8734130859375
-0.0208282470703125 0.0342807769775391 -0.361236572265625 0.50640869140625
-0.0117301940917969 0.0377349853515625 0.129364013671875 0.013946533203125
-0.0068216323852539 0.00700855255126953 0.4407958984375 -0.64288330078125
-0.00712299346923828 0.000718593597412108 -0.2320556640625 -0.9095458984375
-0.00294876098632812 0.00603961944580078 -0.77197265625 -0.21429443359375
0.0172929763793945 0.000385284423828125 -0.4693603515625 0.40179443359375
0.0189189910888672 -0.00125312805175781 -0.05438232421875 0.47406005859375
0.00136566162109375 -0.0154638290405273 0.227813720703125 0.235336303710938
0.0256843566894531 -0.00698661804199219 0.275253295898438 -0.0011138916015625
0.0309600830078125 0.00098419189453125 -0.280548095703125 -0.0828857421875
0.0181407928466797 -0.0160942077636719 -0.126617431640625 -0.32525634765625
0.0242023468017578 0.00332832336425781 0.247528076171875 -0.456878662109375
0.0141315460205078 0.0132360458374023 0.6776123046875 -0.2037353515625
-0.0199775695800781 -0.00283241271972656 0.62249755859375 0.4981689453125
-0.0216217041015625 -0.0264301300048828 0.01025390625 0.87744140625
0.00690746307373047 0.0142450332641602 -0.365875244140625 0.488983154296875
0.0247554779052734 0.0229434967041016 0.145889282226563 0.000671386718750002
0.012211799621582 -0.0128240585327148 0.4288330078125 -0.65997314453125
-0.00635528564453125 -0.0147705078125 -0.2618408203125 -0.8995361328125
-0.00986576080322265 0.00264263153076172 -0.77001953125 -0.1824951171875
0.0110139846801758 0.004119873046875 -0.453338623046875 0.41851806640625
0.0175991058349609 0.0030670166015625 -0.040557861328125 0.4766845703125
0.00342750549316406 -0.0107049942016602 0.233139038085938 0.231292724609375
0.0277233123779297 -0.00185203552246094 0.276931762695313 -0.004730224609375
0.033538818359375 0.00596809387207031 -0.279708862304688 -0.08441162109375
0.0196475982666016 -0.0109710693359375 -0.125762939453125 -0.325592041015625
0.0198841094970703 0.00772285461425781 0.251251220703125 -0.455902099609375
0.00544357299804688 0.0155096054077148 0.68011474609375 -0.1968994140625
-0.0251426696777344 -0.0123176574707031 0.61688232421875 0.5064697265625
-0.0120697021484375 -0.0469894409179688 0.00122070312500008 0.87994384765625
0.0364570617675781 -0.00962066650390625 -0.368408203125 0.48028564453125
0.0634574890136719 0.00652694702148438 0.14715576171875 -0.0061798095703125
0.0347156524658203 -0.03485107421875 0.423095703125 -0.66607666015625
-0.005462646484375 -0.0309028625488281 -0.2716064453125 -0.893310546875
-0.0200691223144531 -0.00185012817382812 -0.77166748046875 -0.1693115234375
0.00610685348510742 0.0079493522644043 -0.44525146484375 0.427001953125
0.0161151885986328 0.00594329833984375 -0.03515625 0.479766845703125
0.005157470703125 -0.00484657287597656 0.236282348632813 0.231185913085938
0.0307445526123047 0.00270462036132812 0.2783203125 -0.0074462890625
0.0372734069824219 0.0107154846191406 -0.278762817382813 -0.081939697265625
0.0204715728759766 -0.00662994384765625 -0.129150390625 -0.32293701171875
0.0176181793212891 0.0138339996337891 0.24420166015625 -0.45562744140625
0.000417709350585939 0.0158100128173828 0.673828125 -0.20501708984375
-0.0291576385498047 -0.01898193359375 0.62335205078125 0.494873046875
-0.00498962402343749 -0.0652313232421875 0.0145263671875 0.879638671875
0.0651473999023438 -0.0315589904785156 -0.36846923828125 0.48590087890625
0.100959777832031 -0.00891876220703125 0.134994506835938 -0.00107574462890625
0.0566558837890625 -0.0553932189941406 0.42791748046875 -0.65545654296875
-0.00299453735351563 -0.04681396484375 -0.2564697265625 -0.8958740234375
-0.0267353057861328 -0.00542068481445313 -0.76922607421875 -0.18377685546875
-0.000993728637695312 0.0125923156738281 -0.452239990234375 0.4234619140625
0.0166540145874023 0.0102205276489258 -0.04315185546875 0.481781005859375
0.00479555130004883 -0.00221872329711914 0.235122680664063 0.2359619140625
0.0332736968994141 0.00562858581542969 0.279983520507813 -0.0051116943359375
0.0387725830078125 0.01385498046875 -0.279861450195313 -0.0779418945312499
0.0191974639892578 -0.00320053100585937 -0.137115478515625 -0.31622314453125
0.0157365798950195 0.0157690048217773 0.226318359375 -0.46075439453125
-0.00360298156738281 0.0182209014892578 0.6614990234375 -0.2281494140625
-0.0340099334716797 -0.0213966369628906 0.63970947265625 0.46636962890625
-0.00203704833984376 -0.0784225463867188 0.04888916015625 0.8721923828125
0.0856475830078125 -0.0513763427734375 -0.364501953125 0.5052490234375
0.131980895996094 -0.0221099853515625 0.10748291015625 0.0129470825195312
0.0777664184570313 -0.070648193359375 0.4373779296875 -0.634521484375
0.00158309936523437 -0.0597190856933594 -0.22198486328125 -0.90631103515625
-0.0319747924804688 -0.00978088378906249 -0.76898193359375 -0.2159423828125
-0.00464439392089844 0.0151824951171875 -0.473480224609375 0.410400390625
0.0152654647827148 0.0137205123901367 -0.060455322265625 0.483673095703125
0.00635957717895508 0.00239658355712891 0.2298583984375 0.2449951171875
0.0350170135498047 0.00681877136230469 0.281341552734375 -0.00030517578125
0.02862548828125 -0.0110321044921875 -0.28485107421875 -0.0467529296875
0.0109806060791016 -0.0320663452148438 -0.171905517578125 -0.292510986328125
0.0291519165039063 -0.0125579833984375 0.145294189453125 -0.47796630859375
0.0380973815917969 0.00813674926757812 0.5850830078125 -0.34613037109375
0.00340652465820313 0.0200443267822266 0.685546875 0.305908203125
-0.0328769683837891 0.0220489501953125 0.19677734375 0.8380126953125
-0.0407485961914063 0.0554046630859375 -0.33013916015625 0.603271484375
-0.0471839904785156 0.0493011474609375 0.0170440673828125 0.0864105224609375
-0.0284652709960938 0.0309677124023437 0.49359130859375 -0.52935791015625
-0.00682830810546875 0.0253963470458984 -0.0532226562499999 -0.95855712890625
0.00560951232910156 0.0186805725097656 -0.73492431640625 -0.39471435546875
0.027862548828125 0.000246047973632813 -0.5631103515625 0.29852294921875
0.0247097015380859 0.00110054016113281 -0.141815185546875 0.45819091796875
-0.000631332397460937 -0.0220794677734375 0.1964111328125 0.258697509765625
0.0218753814697266 -0.0162124633789063 0.268875122070313 0.0234527587890625
0.0282573699951172 -0.0109710693359375 -0.284271240234375 -0.059051513671875
0.01312255859375 -0.0301895141601563 -0.1591796875 -0.3037109375
0.0297183990478516 -0.0119781494140625 0.17449951171875 -0.4732666015625
0.0347557067871094 0.00902938842773437 0.61431884765625 -0.30718994140625
0.000394821166992188 0.0176887512207031 0.67181396484375 0.36102294921875
-0.0344390869140625 0.0201740264892578 0.1417236328125 0.8504638671875
-0.0466079711914062 0.0574188232421875 -0.34197998046875 0.56903076171875
-0.0500602722167969 0.0522384643554687 0.0595130920410156 0.0608177185058594
-0.0308055877685547 0.0308437347412109 0.4749755859375 -0.56939697265625
-0.00699043273925781 0.0251541137695313 -0.12274169921875 -0.94464111328125
0.00677204132080078 0.0163135528564453 -0.7508544921875 -0.32586669921875
0.0255184173583984 -0.00225448608398438 -0.529876708984375 0.33673095703125
0.0222740173339844 -0.00150871276855469 -0.110107421875 0.463470458984375
-0.000656127929687499 -0.0212230682373047 0.207015991210938 0.249603271484375
0.0213031768798828 -0.0164928436279297 0.27117919921875 0.0157012939453125
0.0259990692138672 -0.00820541381835938 -0.284393310546875 -0.0683593750000001
0.0150032043457031 -0.0264396667480469 -0.146209716796875 -0.312347412109375
0.0294208526611328 -0.00944328308105469 0.20440673828125 -0.465606689453125
0.02996826171875 0.0100879669189453 0.64227294921875 -0.26617431640625
-0.00484275817871094 0.0125436782836914 0.650146484375 0.41845703125
-0.0333786010742187 0.00875473022460938 0.0844726562500001 0.860107421875
-0.0388870239257812 0.0493965148925781 -0.35308837890625 0.52996826171875
-0.0392799377441406 0.0470008850097656 0.0991744995117188 0.03607177734375
-0.0215301513671875 0.0234107971191406 0.45440673828125 -0.608642578125
-0.00609493255615234 0.0155420303344727 -0.18634033203125 -0.92144775390625
0.00438213348388672 0.0120334625244141 -0.7613525390625 -0.25958251953125
0.0218448638916016 -0.00198554992675781 -0.494476318359375 0.3720703125
0.0206298828125 -0.00182723999023438 -0.076507568359375 0.467010498046875
0.00139999389648437 -0.0186824798583984 0.218765258789063 0.241790771484375
0.0229415893554688 -0.0122203826904297 0.273193359375 0.005523681640625
0.0290431976318359 -0.00545692443847656 -0.282867431640625 -0.0767822265625
0.0168170928955078 -0.0217800140380859 -0.13446044921875 -0.31951904296875
0.0264968872070313 -0.00205421447753906 0.228759765625 -0.4619140625
0.0219593048095703 0.0113048553466797 0.660888671875 -0.22991943359375
-0.0131301879882813 0.00509262084960938 0.63262939453125 0.46392822265625
-0.0283927917480469 -0.00636672973632812 0.03839111328125 0.8685302734375
-0.0203990936279297 0.0336074829101563 -0.359588623046875 0.50128173828125
-0.0115013122558594 0.03662109375 0.128982543945313 0.0148849487304688
-0.00664758682250977 0.00783252716064453 0.43658447265625 -0.63690185546875
-0.00678396224975586 0.000689506530761718 -0.23333740234375 -0.90289306640625
-0.00204706192016602 0.00726890563964844 -0.76708984375 -0.21075439453125
0.0172491073608398 -0.00104904174804688 -0.46649169921875 0.4000244140625
0.0184764862060547 -0.00106239318847656 -0.053131103515625 0.47125244140625
0.0016927719116211 -0.0156402587890625 0.228988647460938 0.233428955078125
0.0248775482177734 -0.00779342651367187 0.27545166015625 -0.0015716552734375
0.0317592620849609 0.00144767761230469 -0.27874755859375 -0.081573486328125
0.0194091796875 -0.0168743133544922 -0.126922607421875 -0.323089599609375
0.0237483978271484 0.00257301330566406 0.245269775390625 -0.4566650390625
0.01251220703125 0.0128850936889648 0.67095947265625 -0.20635986328125
-0.0204181671142578 -0.00375747680664062 0.61712646484375 0.49420166015625
-0.0203762054443359 -0.0261211395263672 0.0113525390625 0.87225341796875
0.00684738159179688 0.0124893188476562 -0.362030029296875 0.48406982421875
0.0244522094726562 0.0231189727783203 0.144424438476563 0.000305175781250001
0.0125703811645508 -0.0129070281982422 0.42633056640625 -0.65704345703125
-0.00602531433105468 -0.0126142501831055 -0.2615966796875 -0.89251708984375
-0.0111894607543945 0.00300502777099609 -0.7655029296875 -0.18048095703125
0.0112266540527344 0.00311183929443359 -0.447601318359375 0.416961669921875
0.0166873931884766 0.00203704833984375 -0.039581298828125 0.473541259765625
0.00326728820800781 -0.0108175277709961 0.231735229492188 0.229843139648438
0.0280513763427734 -0.002838134765625 0.275741577148438 -0.005706787109375
0.0335273742675781 0.00456428527832031 -0.279251098632812 -0.0831146240234375
0.0187454223632813 -0.0106754302978516 -0.12689208984375 -0.32244873046875
0.0201492309570313 0.00771713256835938 0.247650146484375 -0.454376220703125
0.00461101531982422 0.0140981674194336 0.67596435546875 -0.2000732421875
-0.0262699127197266 -0.0122356414794922 0.6121826171875 0.50238037109375
-0.0112495422363281 -0.0464515686035156 0.00146484375000009 0.873779296875
0.035858154296875 -0.008819580078125 -0.36541748046875 0.47479248046875
0.0634994506835938 0.006866455078125 0.147293090820312 -0.004730224609375
0.0341110229492188 -0.0343837738037109 0.42138671875 -0.6612548828125
-0.00547218322753906 -0.0304832458496094 -0.27008056640625 -0.8841552734375
-0.018951416015625 -0.00160789489746094 -0.7664794921875 -0.16729736328125
0.00394248962402344 0.00781011581420899 -0.440948486328125 0.42657470703125
0.0155277252197266 0.00613689422607422 -0.0347900390625 0.47515869140625
0.00580930709838867 -0.00693082809448242 0.233871459960938 0.22955322265625
0.0307521820068359 0.00146675109863281 0.277328491210938 -0.0064697265625
0.0361976623535156 0.00957870483398438 -0.279083251953125 -0.0815277099609376
0.0185260772705078 -0.00605392456054688 -0.13006591796875 -0.3193359375
0.0165863037109375 0.0123710632324219 0.240020751953125 -0.45416259765625
-0.00186634063720703 0.0153589248657227 0.6685791015625 -0.205322265625
-0.0311946868896484 -0.0181083679199219 0.61871337890625 0.4915771484375
-0.00523376464843751 -0.0649223327636719 0.01617431640625 0.8724365234375
0.0643043518066406 -0.03070068359375 -0.366180419921875 0.4815673828125
0.100349426269531 -0.00959014892578125 0.132919311523438 0.000144958496093749
0.0564384460449219 -0.054779052734375 0.42547607421875 -0.65057373046875
-0.00294876098632813 -0.045745849609375 -0.2528076171875 -0.8902587890625
-0.0262489318847656 -0.00614738464355468 -0.76416015625 -0.17999267578125
0.0001678466796875 0.0116777420043945 -0.449951171875 0.42242431640625
0.0164299011230469 0.0113325119018555 -0.0430908203125 0.479278564453125
0.00590419769287109 -0.00170516967773438 0.23211669921875 0.234390258789063
0.0333499908447266 0.0047149658203125 0.27911376953125 -0.00592041015625
0.0391616821289062 0.0119972229003906 -0.278717041015625 -0.07623291015625
0.0195446014404297 -0.00337791442871094 -0.138580322265625 -0.3154296875
0.0159139633178711 0.0153207778930664 0.22210693359375 -0.457672119140625
-0.00447845458984375 0.0178928375244141 0.6544189453125 -0.23114013671875
-0.0334625244140625 -0.020965576171875 0.63458251953125 0.461181640625
-0.00141906738281251 -0.0778961181640625 0.04803466796875 0.864990234375
0.08489990234375 -0.0502700805664062 -0.363555908203125 0.50146484375
0.133148193359375 -0.0217056274414063 0.108306884765625 0.013580322265625
0.0765457153320313 -0.0711822509765625 0.434326171875 -0.630859375
0.002105712890625 -0.0590400695800781 -0.22296142578125 -0.90045166015625
-0.0331707000732422 -0.0100669860839844 -0.7659912109375 -0.21356201171875
-0.00533676147460938 0.0149116516113281 -0.470428466796875 0.40911865234375
0.0139541625976562 0.0138626098632812 -0.057373046875 0.48193359375
0.00677347183227539 0.000715255737304688 0.228744506835937 0.240753173828125
0.0334262847900391 0.00786018371582031 0.279388427734375 -0.0009918212890625
0.0295295715332031 -0.0120353698730469 -0.283538818359375 -0.046661376953125
0.0103492736816406 -0.0321865081787109 -0.17230224609375 -0.292572021484375
0.0285282135009766 -0.0117282867431641 0.14227294921875 -0.47540283203125
0.0381622314453125 0.00739288330078125 0.57879638671875 -0.34576416015625
0.00250053405761719 0.0196762084960938 0.68280029296875 0.30267333984375
-0.0317783355712891 0.02117919921875 0.1953125 0.83203125
-0.0410652160644531 0.0559806823730469 -0.32928466796875 0.59881591796875
-0.046234130859375 0.0495986938476562 0.0172119140625 0.0863876342773438
-0.0290851593017578 0.0308208465576172 0.489715576171875 -0.523529052734375
-0.00654983520507813 0.0263595581054688 -0.0523681640625 -0.95257568359375
0.00558662414550781 0.0187759399414063 -0.7327880859375 -0.39215087890625
0.0278797149658203 -0.000274658203125 -0.5594482421875 0.296478271484375
0.0241622924804687 0.000829696655273437 -0.141693115234375 0.45562744140625
-0.000211715698242186 -0.021820068359375 0.19500732421875 0.255508422851563
0.02154541015625 -0.0176353454589844 0.268402099609375 0.0243988037109375
0.0279369354248047 -0.0111484527587891 -0.28338623046875 -0.0575256347656251
0.0113544464111328 -0.0308799743652344 -0.158050537109375 -0.302276611328125
0.0297012329101563 -0.0118255615234375 0.172576904296875 -0.471435546875
0.0344390869140625 0.00857734680175781 0.609619140625 -0.30621337890625
-0.000461578369140624 0.0176620483398438 0.66796875 0.35833740234375
-0.0335884094238281 0.0195789337158203 0.14031982421875 0.8450927734375
-0.045318603515625 0.0577888488769531 -0.34222412109375 0.56390380859375
-0.0504302978515625 0.0508995056152344 0.0591773986816406 0.060760498046875
-0.0301399230957031 0.0318679809570313 0.47259521484375 -0.56475830078125
-0.00696945190429688 0.0245418548583984 -0.12091064453125 -0.939208984375
0.00635814666748047 0.0158987045288086 -0.747314453125 -0.32427978515625
0.0262279510498047 -0.002227783203125 -0.526885986328125 0.33465576171875
0.0233383178710938 -0.00204277038574219 -0.1080322265625 0.460174560546875
-0.000915527343750001 -0.0207271575927734 0.205902099609375 0.24761962890625
0.0219230651855469 -0.0168304443359375 0.269927978515625 0.014801025390625
0.0273265838623047 -0.00837898254394531 -0.28399658203125 -0.06829833984375
0.0150527954101563 -0.0275459289550781 -0.146331787109375 -0.31195068359375
0.0285129547119141 -0.00736236572265625 0.2010498046875 -0.466033935546875
0.0289402008056641 0.0104961395263672 0.637939453125 -0.26678466796875
-0.00605297088623047 0.0125370025634766 0.64593505859375 0.41339111328125
-0.0329761505126953 0.00921440124511719 0.0814208984374999 0.85406494140625
-0.0386962890625 0.0484237670898437 -0.352020263671875 0.527587890625
-0.0376434326171875 0.0465583801269531 0.0983428955078125 0.0358734130859375
-0.022979736328125 0.0225486755371094 0.45367431640625 -0.60247802734375
-0.00728988647460938 0.0157928466796875 -0.18408203125 -0.915771484375
0.00364971160888672 0.0122098922729492 -0.75714111328125 -0.25799560546875
0.0217723846435547 -0.00244140625 -0.493896484375 0.370819091796875
0.0197029113769531 -0.00251197814941406 -0.07489013671875 0.46435546875
0.000518798828124999 -0.0194644927978516 0.217529296875 0.239181518554688
0.0221099853515625 -0.0138492584228516 0.271286010742188 0.0065155029296875
0.0287132263183594 -0.00477218627929688 -0.281341552734375 -0.074462890625
0.0169334411621094 -0.0217761993408203 -0.134674072265625 -0.3177490234375
0.0264396667480469 -0.00321388244628906 0.22760009765625 -0.45941162109375
0.0208568572998047 0.0115261077880859 0.6563720703125 -0.22979736328125
-0.0129690170288086 0.005279541015625 0.62664794921875 0.461669921875
-0.0281181335449219 -0.00650787353515625 0.0369262695312501 0.8614501953125
-0.0208816528320313 0.0333957672119141 -0.359130859375 0.497955322265625
-0.010498046875 0.0369071960449219 0.127723693847656 0.0143966674804688
-0.00755119323730469 0.00705099105834961 0.437255859375 -0.63397216796875
-0.00648784637451172 0.00209474563598633 -0.2327880859375 -0.8990478515625
-0.00205373764038086 0.00710964202880859 -0.76318359375 -0.21142578125
0.0164556503295898 -0.00244617462158203 -0.463134765625 0.39825439453125
0.0186252593994141 -0.000385284423828125 -0.052947998046875 0.466949462890625
0.00136947631835937 -0.0151901245117187 0.225799560546875 0.23114013671875
0.0241680145263672 -0.00870513916015625 0.273544311523438 -0.0020599365234375
0.0310516357421875 -2.288818359375E-05 -0.27911376953125 -0.0801849365234375
0.0177536010742188 -0.0170135498046875 -0.127899169921875 -0.32080078125
0.0224838256835938 0.00273323059082031 0.241790771484375 -0.453521728515625
0.012721061706543 0.0122642517089844 0.6668701171875 -0.20733642578125
-0.0202274322509766 -0.0037384033203125 0.61279296875 0.49102783203125
-0.0203227996826172 -0.0251369476318359 0.00750732421875001 0.86669921875
0.00607681274414063 0.0130596160888672 -0.36083984375 0.479736328125
0.0244064331054688 0.0224742889404297 0.1434326171875 0.000625610351562501
0.0126791000366211 -0.0130996704101563 0.42474365234375 -0.65301513671875
-0.00604820251464844 -0.0139484405517578 -0.258544921875 -0.88739013671875
-0.0110273361206055 0.00333499908447266 -0.76092529296875 -0.18023681640625
0.0111379623413086 0.002685546875 -0.44610595703125 0.416107177734375
0.0172519683837891 0.00181198120117188 -0.03863525390625 0.470062255859375
0.00288009643554687 -0.00973129272460938 0.230850219726563 0.22711181640625
0.0278072357177734 -0.00310516357421875 0.274581909179688 -0.006805419921875
0.0340042114257813 0.00464630126953125 -0.278427124023438 -0.08258056640625
0.0183334350585938 -0.0107460021972656 -0.12689208984375 -0.31964111328125
0.0201663970947266 0.00823783874511719 0.2440185546875 -0.45245361328125
0.00458526611328125 0.0132884979248047 0.67034912109375 -0.198974609375
-0.0260219573974609 -0.0122852325439453 0.60736083984375 0.49853515625
-0.0107841491699219 -0.04656982421875 5.24116888290118E-17 0.86676025390625
0.0360450744628906 -0.0091094970703125 -0.3638916015625 0.47265625
0.0621414184570313 0.00721359252929688 0.145889282226563 -0.00457763671875
0.0339851379394531 -0.0355453491210938 0.41943359375 -0.65618896484375
-0.00518226623535157 -0.0303840637207031 -0.26788330078125 -0.88116455078125
-0.0197525024414063 -0.00206947326660156 -0.7618408203125 -0.16650390625
0.0046839714050293 0.00639820098876953 -0.43890380859375 0.42449951171875
0.015254020690918 0.0062255859375 -0.034912109375 0.4718017578125
0.00499820709228516 -0.00604104995727539 0.233444213867187 0.227493286132813
0.0308036804199219 0.00103569030761719 0.277420043945312 -0.0088653564453125
0.0367660522460938 0.00897216796875 -0.277999877929688 -0.0811614990234375
0.0183944702148437 -0.00605583190917969 -0.128692626953125 -0.317779541015625
0.0170803070068359 0.0132465362548828 0.2379150390625 -0.45208740234375
-0.00236892700195313 0.0150852203369141 0.66302490234375 -0.206787109375
-0.0309028625488281 -0.0187549591064453 0.61346435546875 0.48828125
-0.00435638427734375 -0.0644264221191406 0.0123291015625 0.867919921875
0.0640525817871094 -0.0310211181640625 -0.364532470703125 0.479034423828125
0.09942626953125 -0.008544921875 0.132820129394531 -0.000495910644531251
0.0552902221679688 -0.0549354553222656 0.42388916015625 -0.64654541015625
-0.001953125 -0.0456390380859375 -0.25433349609375 -0.88531494140625
-0.0275936126708984 -0.0049896240234375 -0.761474609375 -0.18017578125
-0.000411033630371095 0.0120573043823242 -0.4473876953125 0.421142578125
0.0149421691894531 0.0101852416992188 -0.04034423828125 0.47607421875
0.00511026382446289 -0.00265073776245117 0.232528686523438 0.230697631835938
0.0332374572753906 0.00479698181152344 0.2779541015625 -0.0069122314453125
0.0394287109375 0.0118942260742188 -0.278518676757813 -0.0750579833984375
0.0192604064941406 -0.00415992736816406 -0.138946533203125 -0.31304931640625
0.016200065612793 0.0164508819580078 0.218841552734375 -0.456146240234375
-0.00550460815429688 0.0179214477539063 0.6500244140625 -0.231689453125
-0.0340976715087891 -0.0213584899902344 0.63238525390625 0.45703125
-0.00148773193359374 -0.0779266357421875 0.04779052734375 0.86065673828125
0.084686279296875 -0.05010986328125 -0.3597412109375 0.49761962890625
0.130973815917969 -0.0218658447265625 0.106346130371094 0.012603759765625
0.0760574340820313 -0.0699691772460938 0.43304443359375 -0.62677001953125
0.00271224975585938 -0.0583839416503906 -0.2222900390625 -0.89630126953125
-0.033203125 -0.009918212890625 -0.76007080078125 -0.2115478515625
-0.00503730773925781 0.0147428512573242 -0.467071533203125 0.406768798828125
0.0146284103393555 0.0142593383789063 -0.0580444335937499 0.47918701171875
0.00646352767944336 0.00129222869873047 0.226898193359375 0.240936279296875
0.0348491668701172 0.00620651245117188 0.278076171875 4.57763671875004E-05
0.0292606353759766 -0.0131969451904297 -0.2838134765625 -0.0461730957031251
0.0102443695068359 -0.0318565368652344 -0.171875 -0.29071044921875
0.0285453796386719 -0.0132427215576172 0.141082763671875 -0.474029541015625
0.0368385314941406 0.006591796875 0.57623291015625 -0.347412109375
0.00232887268066406 0.0186805725097656 0.67919921875 0.3023681640625
-0.0314006805419922 0.0217399597167969 0.1922607421875 0.82904052734375
-0.0408897399902344 0.0560379028320312 -0.3277587890625 0.5966796875
-0.0471611022949219 0.0485572814941406 0.01715087890625 0.0869522094726563
-0.02960205078125 0.02972412109375 0.48785400390625 -0.521240234375
-0.00695610046386719 0.0254707336425781 -0.0513305664062501 -0.95166015625
0.00599861145019531 0.0181941986083984 -0.72857666015625 -0.39129638671875
0.0270862579345703 -0.000509262084960937 -0.558013916015625 0.295257568359375
0.0240974426269531 0.00064849853515625 -0.140533447265625 0.453765869140625
-0.000873565673828125 -0.0218887329101562 0.194229125976563 0.2542724609375
0.0218906402587891 -0.0174427032470703 0.268096923828125 0.02410888671875
0.0279560089111328 -0.0131549835205078 -0.28338623046875 -0.056671142578125
0.0114288330078125 -0.0302009582519531 -0.15802001953125 -0.300628662109375
0.02935791015625 -0.0114231109619141 0.17120361328125 -0.47027587890625
0.0338058471679688 0.00770950317382813 0.60516357421875 -0.3074951171875
-0.00105857849121094 0.0179634094238281 0.66412353515625 0.35858154296875
-0.0326271057128906 0.0192508697509766 0.13604736328125 0.84210205078125
-0.0459060668945313 0.0557594299316406 -0.340301513671875 0.559295654296875
-0.05078125 0.0510978698730469 0.0593223571777344 0.0611572265625
-0.0307598114013672 0.0299301147460938 0.471099853515625 -0.56085205078125
-0.00722694396972656 0.0244331359863281 -0.11834716796875 -0.9346923828125
0.00564193725585938 0.0156412124633789 -0.744873046875 -0.32373046875
0.0254611968994141 -0.00278282165527344 -0.524017333984375 0.3348388671875
0.0218753814697266 -0.00144004821777344 -0.109222412109375 0.458160400390625
-0.000888824462890627 -0.0200366973876953 0.204696655273438 0.246444702148438
0.0218544006347656 -0.0172100067138672 0.270217895507813 0.014892578125
0.0276451110839844 -0.0104923248291016 -0.282989501953125 -0.068023681640625
0.0151119232177734 -0.0270824432373047 -0.145660400390625 -0.311004638671875
0.0288887023925781 -0.00755500793457031 0.201385498046875 -0.464447021484375
0.0277462005615234 0.00922203063964844 0.6346435546875 -0.267333984375
-0.00573253631591797 0.0123834609985352 0.6422119140625 0.412109375
-0.0325794219970703 0.00967407226562499 0.0792236328125 0.851806640625
-0.0389633178710937 0.0490303039550781 -0.352813720703125 0.52130126953125
-0.0386543273925781 0.0466651916503906 0.0988006591796875 0.0345230102539063
-0.0221958160400391 0.0218982696533203 0.4522705078125 -0.600830078125
-0.00648784637451172 0.0157070159912109 -0.18182373046875 -0.9144287109375
0.00311660766601562 0.010991096496582 -0.7525634765625 -0.2579345703125
0.0216865539550781 -0.00309371948242187 -0.490936279296875 0.368988037109375
0.0206966400146484 -0.00178718566894531 -0.075592041015625 0.463409423828125
0.000345230102539061 -0.0185222625732422 0.217620849609375 0.237960815429688
0.0213050842285156 -0.0131778717041016 0.272109985351563 0.00579833984375
0.0294399261474609 -0.00575637817382813 -0.281005859375 -0.074615478515625
0.0154533386230469 -0.0221633911132813 -0.134368896484375 -0.317138671875
0.0250644683837891 -0.00298118591308594 0.22589111328125 -0.4583740234375
0.0200958251953125 0.0110111236572266 0.653564453125 -0.23095703125
-0.0139255523681641 0.00431442260742188 0.62347412109375 0.4581298828125
-0.0275459289550781 -0.00626754760742188 0.0352172851562501 0.8590087890625
-0.0212516784667969 0.0342864990234375 -0.357391357421875 0.493804931640625
-0.0119781494140625 0.0356025695800781 0.127578735351563 0.0149078369140625
-0.00674581527709961 0.00676584243774414 0.43658447265625 -0.62933349609375
-0.00643491744995117 0.00245189666748047 -0.2305908203125 -0.897216796875
-0.00306558609008789 0.00698328018188476 -0.75933837890625 -0.211181640625
0.0157403945922852 -0.00184726715087891 -0.462158203125 0.3958740234375
0.019073486328125 -0.00218582153320313 -0.053314208984375 0.46685791015625
0.00117015838623047 -0.015106201171875 0.22503662109375 0.229644775390625
0.0239353179931641 -0.00805854797363281 0.27276611328125 -0.001068115234375
0.0310020446777344 -0.00192070007324219 -0.279052734375 -0.0805206298828125
0.0173749923706055 -0.01611328125 -0.128173828125 -0.31878662109375
0.0231075286865234 0.00238037109375 0.23956298828125 -0.452880859375
0.0116052627563477 0.0121736526489258 0.66326904296875 -0.206787109375
-0.0205059051513672 -0.00455665588378906 0.6085205078125 0.4886474609375
-0.0190467834472656 -0.0260448455810547 0.00616455078125002 0.86376953125
0.00678730010986328 0.0136337280273438 -0.360992431640625 0.478057861328125
0.024078369140625 0.0219554901123047 0.144882202148438 0.000747680664062501
0.0130491256713867 -0.0141916275024414 0.42523193359375 -0.65032958984375
-0.00524520874023438 -0.0134963989257813 -0.2564697265625 -0.88360595703125
-0.0115041732788086 0.00177955627441406 -0.75909423828125 -0.17950439453125
0.00977611541748047 0.00145626068115234 -0.444091796875 0.413665771484375
0.0170726776123047 0.00206184387207031 -0.040191650390625 0.46881103515625
0.00326347351074219 -0.0101728439331055 0.230438232421875 0.225540161132813
0.0276584625244141 -0.00412368774414063 0.274169921875 -0.006103515625
0.0335617065429688 0.00320243835449219 -0.278213500976563 -0.0821533203125
0.0182361602783203 -0.0109119415283203 -0.1270751953125 -0.31976318359375
0.0193824768066406 0.00827980041503906 0.243133544921875 -0.451141357421875
0.00294589996337891 0.0132160186767578 0.667724609375 -0.19879150390625
-0.0264854431152344 -0.0132293701171875 0.60491943359375 0.4945068359375
-0.0107345581054688 -0.0456390380859375 -0.000732421875000093 0.8643798828125
0.0361137390136719 -0.0082550048828125 -0.36383056640625 0.467803955078125
0.062255859375 0.0069732666015625 0.146591186523438 -0.0046539306640625
0.0344429016113281 -0.0347938537597656 0.41876220703125 -0.65289306640625
-0.00533866882324219 -0.0300521850585938 -0.26678466796875 -0.8773193359375
-0.0195045471191406 -0.00231742858886719 -0.76092529296875 -0.16534423828125
0.00396203994750977 0.00660848617553711 -0.436370849609375 0.42218017578125
0.015742301940918 0.00510120391845703 -0.033935546875 0.470245361328125
0.00478076934814453 -0.00553560256958008 0.232254028320313 0.226821899414062
0.0296611785888672 0.000457763671875 0.275619506835938 -0.0080108642578125
0.036651611328125 0.00922012329101563 -0.277755737304688 -0.080322265625
0.0188999176025391 -0.006134033203125 -0.13006591796875 -0.317047119140625
0.016942024230957 0.0135087966918945 0.235137939453125 -0.452362060546875
-0.00175094604492187 0.0154781341552734 0.65838623046875 -0.206787109375
-0.0316734313964844 -0.0193519592285156 0.611328125 0.48663330078125
-0.00339126586914063 -0.0642623901367188 0.0103759765625001 0.86370849609375
0.06378173828125 -0.0311660766601563 -0.365478515625 0.47503662109375
0.098480224609375 -0.00814056396484375 0.133552551269531 0.00048065185546875
0.0556755065917969 -0.0548057556152344 0.42327880859375 -0.64404296875
-0.00168228149414062 -0.0456771850585938 -0.2523193359375 -0.88128662109375
-0.0276546478271484 -0.00543785095214844 -0.7581787109375 -0.17852783203125
-0.00126266479492187 0.0107250213623047 -0.444793701171875 0.41943359375
0.0152969360351563 0.00984287261962891 -0.041015625 0.47344970703125
0.00477933883666992 -0.00124359130859375 0.23065185546875 0.230117797851562
0.0333766937255859 0.00450897216796875 0.277099609375 -0.0061492919921875
0.0385475158691406 0.010986328125 -0.278976440429688 -0.0745849609375001
0.0187568664550781 -0.00308609008789063 -0.139312744140625 -0.3115234375
0.0146818161010742 0.0161342620849609 0.2158203125 -0.456634521484375
-0.00530624389648438 0.0179195404052734 0.64495849609375 -0.23046875
-0.0341434478759766 -0.0222148895263672 0.627685546875 0.45550537109375
-0.000991821289062502 -0.0771484375 0.04510498046875 0.857421875
0.0835037231445313 -0.0492477416992188 -0.362091064453125 0.492950439453125
0.130378723144531 -0.0218124389648438 0.106491088867188 0.0133590698242187
0.0758514404296875 -0.0704193115234375 0.4326171875 -0.62237548828125
0.002197265625 -0.05767822265625 -0.21875 -0.89288330078125
-0.0323543548583984 -0.00959587097167969 -0.75860595703125 -0.21099853515625
-0.00479412078857422 0.0145835876464844 -0.46649169921875 0.405059814453125
0.0144891738891602 0.0135784149169922 -0.057342529296875 0.477081298828125
0.00619745254516602 0.00108718872070313 0.225845336914062 0.238510131835938
0.0354499816894531 0.00592422485351562 0.278167724609375 -0.00079345703125
0.0293197631835938 -0.0132770538330078 -0.2833251953125 -0.045684814453125
0.00933074951171875 -0.0323886871337891 -0.170623779296875 -0.29144287109375
0.0281906127929687 -0.0126724243164063 0.139678955078125 -0.473602294921875
0.036956787109375 0.0059967041015625 0.5740966796875 -0.345458984375
0.00122833251953125 0.0184421539306641 0.67767333984375 0.30242919921875
-0.0313949584960938 0.0217037200927734 0.18951416015625 0.828125
-0.0403938293457031 0.0554962158203125 -0.32818603515625 0.59228515625
-0.0471992492675781 0.0483360290527344 0.0179443359375 0.0872421264648437
-0.0285720825195313 0.029449462890625 0.489105224609375 -0.5164794921875
-0.00707054138183594 0.0256557464599609 -0.0498046874999999 -0.94903564453125
0.00470638275146485 0.0170497894287109 -0.72760009765625 -0.3919677734375
0.0274868011474609 -0.0005645751953125 -0.55902099609375 0.293060302734375
0.0240974426269531 0.000684738159179688 -0.139984130859375 0.4522705078125
0.000442504882812499 -0.0203418731689453 0.193069458007813 0.254013061523438
0.0209579467773438 -0.0193443298339844 0.268402099609375 0.0250396728515625
0.0281257629394531 -0.0128898620605469 -0.2845458984375 -0.05712890625
0.0118598937988281 -0.0304183959960937 -0.157440185546875 -0.301361083984375
0.0280876159667969 -0.0119304656982422 0.170135498046875 -0.470428466796875
0.0336017608642578 0.00712776184082031 0.60272216796875 -0.3067626953125
-0.000250816345214843 0.0170907974243164 0.66217041015625 0.35858154296875
-0.0320148468017578 0.0198917388916016 0.13531494140625 0.84075927734375
-0.0449752807617187 0.0567169189453125 -0.342041015625 0.558380126953125
-0.0512123107910156 0.0516395568847656 0.0593414306640625 0.0609207153320313
-0.0309524536132812 0.0298748016357422 0.47259521484375 -0.55950927734375
-0.00820732116699219 0.0239105224609375 -0.119384765625 -0.9334716796875
0.00578689575195312 0.0154428482055664 -0.7427978515625 -0.3248291015625
0.0247554779052734 -0.00351142883300781 -0.524658203125 0.33270263671875
0.0226325988769531 -0.00133514404296875 -0.10919189453125 0.4571533203125
-0.000127792358398436 -0.0206298828125 0.204055786132813 0.245895385742188
0.0214996337890625 -0.0169143676757813 0.269241333007813 0.0143280029296875
0.0276947021484375 -0.0107479095458984 -0.28460693359375 -0.067718505859375
0.0134315490722656 -0.0266075134277344 -0.145263671875 -0.310394287109375
0.0277080535888672 -0.00725364685058594 0.19873046875 -0.4632568359375
0.0271949768066406 0.00909614562988281 0.632080078125 -0.26641845703125
-0.00695991516113281 0.0114459991455078 0.639404296875 0.41241455078125
-0.0321559906005859 0.00873565673828125 0.07843017578125 0.84954833984375
-0.0397720336914063 0.0492935180664062 -0.352081298828125 0.521270751953125
-0.038604736328125 0.047149658203125 0.0979766845703125 0.0355682373046875
-0.0234737396240234 0.0225410461425781 0.45355224609375 -0.59661865234375
-0.0072479248046875 0.0156517028808594 -0.1807861328125 -0.9127197265625
0.00283241271972656 0.0109834671020508 -0.75189208984375 -0.25823974609375
0.021636962890625 -0.00402259826660156 -0.491180419921875 0.3670654296875
0.0202713012695313 -0.00208854675292969 -0.076446533203125 0.46142578125
-0.000804901123046877 -0.0188636779785156 0.217086791992188 0.237594604492188
0.0224361419677734 -0.0148143768310547 0.272903442382813 0.0057525634765625
0.0285587310791016 -0.00707817077636719 -0.280303955078125 -0.0756072998046876
0.0160064697265625 -0.0226573944091797 -0.13287353515625 -0.31640625
0.025360107421875 -0.00311660766601562 0.223663330078125 -0.45953369140625
0.0190525054931641 0.0109615325927734 0.64959716796875 -0.23095703125
-0.0130949020385742 0.00377750396728516 0.61968994140625 0.4580078125
-0.0269088745117188 -0.00600433349609374 0.03314208984375 0.85736083984375
-0.0205535888671875 0.0332298278808594 -0.35845947265625 0.492431640625
-0.0115470886230469 0.0362510681152344 0.128349304199219 0.0153579711914063
-0.00754117965698242 0.00624227523803711 0.43585205078125 -0.6275634765625
-0.00607109069824219 0.00194454193115234 -0.228515625 -0.89495849609375
-0.00241947174072266 0.00658893585205078 -0.75762939453125 -0.21142578125
0.015965461730957 -0.00235652923583984 -0.462158203125 0.394683837890625
0.0182304382324219 -0.00103378295898438 -0.05316162109375 0.46502685546875
0.00153255462646484 -0.0151891708374023 0.224105834960938 0.229873657226563
0.0238437652587891 -0.00972175598144531 0.27362060546875 -0.001129150390625
0.0308723449707031 -0.0018310546875 -0.27947998046875 -0.0802001953125
0.016169548034668 -0.0154056549072266 -0.128570556640625 -0.319000244140625
0.0221481323242188 0.00232505798339844 0.24017333984375 -0.45306396484375
0.0107288360595703 0.0119104385375977 0.65997314453125 -0.20758056640625
-0.0210189819335938 -0.00514030456542969 0.60614013671875 0.48748779296875
-0.0190219879150391 -0.0256881713867188 0.00323486328125007 0.86181640625
0.00564384460449219 0.0129680633544922 -0.362274169921875 0.473602294921875
0.0229148864746094 0.0232028961181641 0.143753051757813 0.002105712890625
0.0122671127319336 -0.0133600234985352 0.42510986328125 -0.646728515625
-0.0057525634765625 -0.0136623382568359 -0.25592041015625 -0.88385009765625
-0.0117244720458984 0.00221443176269531 -0.7586669921875 -0.17889404296875
0.00974178314208984 0.00163936614990234 -0.44482421875 0.412017822265625
0.0161123275756836 0.00250148773193359 -0.039154052734375 0.4656982421875
0.00344371795654297 -0.0111236572265625 0.228866577148438 0.225509643554688
0.0270614624023438 -0.00353240966796875 0.27484130859375 -0.0059051513671875
0.0337772369384766 0.00290870666503906 -0.27880859375 -0.0831451416015625
0.0175743103027344 -0.0111713409423828 -0.126312255859375 -0.3193359375
0.0198860168457031 0.00829696655273438 0.241241455078125 -0.45184326171875
0.00236415863037109 0.0132198333740234 0.66650390625 -0.198486328125
-0.0265331268310547 -0.0132694244384766 0.601806640625 0.49554443359375
-0.0097198486328125 -0.0463829040527344 -0.00372314453125008 0.86175537109375
0.0360260009765625 -0.0080108642578125 -0.36358642578125 0.465606689453125
0.0615272521972656 0.00724411010742187 0.1456298828125 -0.003631591796875
0.0329036712646484 -0.0347251892089844 0.4188232421875 -0.650634765625
-0.00434303283691406 -0.030120849609375 -0.2642822265625 -0.87811279296875
-0.0196361541748047 -0.00193405151367187 -0.75885009765625 -0.16778564453125
0.003662109375 0.00626659393310547 -0.438446044921875 0.41973876953125
0.0163888931274414 0.00604629516601562 -0.0357666015625 0.46917724609375
0.0041804313659668 -0.00551605224609375 0.232162475585938 0.227005004882813
0.0302505493164063 -0.0007476806640625 0.27618408203125 -0.0072174072265625
0.037109375 0.00786972045898438 -0.277023315429688 -0.0787200927734375
0.0184955596923828 -0.00634574890136719 -0.129913330078125 -0.31610107421875
0.0165834426879883 0.0128688812255859 0.233245849609375 -0.451934814453125
-0.00340747833251953 0.0150899887084961 0.65789794921875 -0.205810546875
-0.031646728515625 -0.0196132659912109 0.6075439453125 0.48699951171875
-0.00191879272460937 -0.0639686584472656 0.00610351562500002 0.8626708984375
0.0641365051269531 -0.0301971435546875 -0.365875244140625 0.472503662109375
0.0996475219726563 -0.0083465576171875 0.132911682128906 0.0003204345703125
0.0566444396972656 -0.0545501708984375 0.42431640625 -0.64251708984375
-0.002655029296875 -0.0454177856445312 -0.2503662109375 -0.88299560546875
-0.0280857086181641 -0.00534820556640625 -0.7568359375 -0.18096923828125
-0.00218296051025391 0.0114116668701172 -0.444305419921875 0.417083740234375
0.015925407409668 0.0101919174194336 -0.041412353515625 0.4730224609375
0.0043644905090332 -0.00254702568054199 0.230392456054688 0.229141235351563
0.0341510772705078 0.00245285034179688 0.278533935546875 -0.005615234375
0.0391998291015625 0.00998687744140625 -0.27752685546875 -0.07415771484375
0.0182914733886719 -0.00259017944335938 -0.13897705078125 -0.311431884765625
0.0151729583740234 0.0170478820800781 0.21539306640625 -0.45709228515625
-0.00565338134765625 0.0175991058349609 0.6436767578125 -0.22991943359375
-0.0352745056152344 -0.0227088928222656 0.6246337890625 0.455322265625
-3.81469726562542E-05 -0.076873779296875 0.042236328125 0.85626220703125
0.0846786499023438 -0.0497589111328125 -0.361175537109375 0.4921875
0.128761291503906 -0.0223236083984375 0.105964660644531 0.0127182006835938
0.0753097534179688 -0.070831298828125 0.433837890625 -0.62030029296875
0.00202560424804687 -0.0582733154296875 -0.2186279296875 -0.891845703125
-0.0338191986083984 -0.00905799865722657 -0.7554931640625 -0.2105712890625
-0.00548839569091797 0.0131797790527344 -0.465087890625 0.40496826171875
0.0141592025756836 0.0138511657714844 -0.059600830078125 0.475250244140625
0.00525712966918945 -4.29153442382813E-05 0.225570678710938 0.23846435546875
0.0333061218261719 0.00422096252441406 0.278732299804688 -0.0009307861328125
0.0284461975097656 -0.0143222808837891 -0.2841796875 -0.0467834472656249
0.00886726379394531 -0.0321998596191406 -0.171875 -0.2911376953125
0.0278701782226562 -0.0125598907470703 0.139434814453125 -0.4730224609375
0.0353431701660156 0.00537872314453125 0.5732421875 -0.34515380859375
0.00155830383300781 0.0188007354736328 0.67645263671875 0.30322265625
-0.0303897857666016 0.0209064483642578 0.18792724609375 0.8284912109375
-0.041351318359375 0.0546798706054688 -0.330322265625 0.592529296875
-0.0482025146484375 0.0471839904785156 0.0179367065429687 0.0871734619140625
-0.030487060546875 0.0293254852294922 0.489654541015625 -0.516143798828125
-0.00686264038085938 0.0252132415771484 -0.04754638671875 -0.94903564453125
0.00484657287597656 0.0183944702148438 -0.72674560546875 -0.39447021484375
0.0272483825683594 -0.00173187255859375 -0.55853271484375 0.293365478515625
0.0239009857177734 5.340576171875E-05 -0.14263916015625 0.452484130859375
-0.000787734985351565 -0.0212593078613281 0.192245483398438 0.253646850585938
0.0218353271484375 -0.0196285247802734 0.26922607421875 0.0254058837890625
0.0287303924560547 -0.0134544372558594 -0.28399658203125 -0.0573730468749999
0.0114574432373047 -0.0310096740722656 -0.158050537109375 -0.301727294921875
0.0292167663574219 -0.0112552642822266 0.169189453125 -0.4710693359375
0.0324172973632813 0.00743675231933594 0.6044921875 -0.306396484375
-0.00243377685546875 0.0157985687255859 0.6611328125 0.35894775390625
-0.0315456390380859 0.0190143585205078 0.13226318359375 0.842041015625
-0.0464859008789063 0.0572891235351562 -0.3419189453125 0.55633544921875
-0.0517234802246094 0.05096435546875 0.0593681335449219 0.0619087219238281
-0.0307826995849609 0.0287952423095703 0.47393798828125 -0.556671142578125
-0.00744056701660156 0.0242023468017578 -0.11395263671875 -0.93310546875
0.00495052337646484 0.0163516998291016 -0.74224853515625 -0.32757568359375
0.0248031616210938 -0.00366401672363281 -0.524871826171875 0.332244873046875
0.0229530334472656 -0.002166748046875 -0.10955810546875 0.457763671875
-0.000749588012695314 -0.02093505859375 0.203109741210938 0.245849609375
0.0213546752929687 -0.0182647705078125 0.269775390625 0.016876220703125
0.0267658233642578 -0.0121593475341797 -0.283447265625 -0.0669555664062501
0.0134849548339844 -0.0267696380615234 -0.145904541015625 -0.31072998046875
0.0273685455322266 -0.00866508483886719 0.197601318359375 -0.46533203125
0.0265464782714844 0.00972747802734375 0.630615234375 -0.26776123046875
-0.00719738006591797 0.0114889144897461 0.6375732421875 0.4119873046875
-0.0314865112304688 0.00934982299804688 0.0750122070312499 0.84991455078125
-0.0393218994140625 0.0488510131835938 -0.352294921875 0.517578125
-0.0395050048828125 0.0460700988769531 0.0985183715820313 0.0370407104492188
-0.0245304107666016 0.0210323333740234 0.4544677734375 -0.59490966796875
-0.00751686096191406 0.016108512878418 -0.17828369140625 -0.91192626953125
0.00233840942382813 0.0112419128417969 -0.752197265625 -0.25958251953125
0.0211620330810547 -0.00318145751953125 -0.4903564453125 0.365875244140625
0.0206584930419922 -0.00292205810546875 -0.078155517578125 0.461334228515625
0.000640869140624998 -0.0180587768554688 0.215133666992188 0.23736572265625
0.0219364166259766 -0.0148334503173828 0.272491455078125 0.0068359375
0.0290145874023438 -0.00723838806152344 -0.28204345703125 -0.075927734375
0.0156936645507812 -0.0223293304443359 -0.134185791015625 -0.31756591796875
0.0249423980712891 -0.00348091125488281 0.22314453125 -0.458282470703125
0.0187835693359375 0.00935554504394531 0.649658203125 -0.2308349609375
-0.0150728225708008 0.00465011596679687 0.617431640625 0.45831298828125
-0.0268020629882812 -0.00712394714355469 0.0294799804687501 0.8572998046875
-0.0209236145019531 0.03350830078125 -0.358917236328125 0.488983154296875
-0.0123100280761719 0.0358390808105469 0.128318786621094 0.0163116455078125
-0.00715494155883789 0.00607824325561523 0.4375 -0.626220703125
-0.00581884384155273 0.00268077850341797 -0.22662353515625 -0.89556884765625
-0.00322818756103516 0.00594758987426758 -0.7572021484375 -0.2115478515625
0.0162200927734375 -0.00300216674804688 -0.462371826171875 0.39459228515625
0.0182991027832031 -0.00125503540039063 -0.05316162109375 0.46429443359375
0.00179004669189453 -0.015228271484375 0.22357177734375 0.229339599609375
0.0246505737304688 -0.0104827880859375 0.2747802734375 -0.000747680664062501
0.0310935974121094 -0.00259017944335938 -0.27874755859375 -0.0806427001953125
0.0167875289916992 -0.0160484313964844 -0.1280517578125 -0.319854736328125
0.0222454071044922 0.00257682800292969 0.2374267578125 -0.45440673828125
0.0108308792114258 0.0120525360107422 0.66009521484375 -0.2059326171875
-0.0215072631835938 -0.00534820556640625 0.60345458984375 0.4884033203125
-0.0177841186523438 -0.0265388488769531 -0.000793457031250093 0.8612060546875
0.00624561309814453 0.0134181976318359 -0.363128662109375 0.471405029296875
0.0224895477294922 0.0233783721923828 0.14453125 0.0023345947265625
0.011805534362793 -0.0142011642456055 0.42767333984375 -0.64544677734375
-0.00611400604248047 -0.0131359100341797 -0.2537841796875 -0.8839111328125
-0.0108060836791992 0.00128555297851562 -0.75726318359375 -0.1824951171875
0.00936412811279297 0.000102996826171875 -0.4449462890625 0.41058349609375
0.0171470642089844 0.00137138366699219 -0.04132080078125 0.46746826171875
0.00209522247314453 -0.0107975006103516 0.228652954101563 0.224929809570313
0.0275249481201172 -0.00494575500488281 0.275787353515625 -0.0054168701171875
0.0345401763916016 0.00219917297363281 -0.278976440429688 -0.0826568603515625
0.0173549652099609 -0.0114078521728516 -0.126708984375 -0.319427490234375
0.0193252563476563 0.00821113586425781 0.240509033203125 -0.45068359375
0.00262928009033203 0.0131263732910156 0.662841796875 -0.1995849609375
-0.0276069641113281 -0.0144081115722656 0.59954833984375 0.49505615234375
-0.00876617431640625 -0.0456085205078125 -0.0078125 0.86114501953125
0.0361557006835938 -0.00824356079101563 -0.365020751953125 0.464141845703125
0.0617561340332031 0.00704193115234375 0.146499633789063 -0.0036773681640625
0.0341167449951172 -0.035003662109375 0.4217529296875 -0.6494140625
-0.00452995300292969 -0.0302696228027344 -0.2615966796875 -0.877685546875
-0.0206966400146484 -0.00114250183105468 -0.759521484375 -0.1689453125
0.00299406051635742 0.00555086135864258 -0.438232421875 0.420440673828125
0.015904426574707 0.00528430938720703 -0.03546142578125 0.47015380859375
0.00521707534790039 -0.00557565689086914 0.230743408203125 0.22515869140625
0.0291347503662109 -0.00150871276855469 0.277740478515625 -0.008087158203125
0.0372123718261719 0.00551986694335938 -0.27716064453125 -0.0803680419921875
0.0184078216552734 -0.00565338134765625 -0.1304931640625 -0.31610107421875
0.0162191390991211 0.0133562088012695 0.231231689453125 -0.451995849609375
-0.00365734100341797 0.0150251388549805 0.65753173828125 -0.20721435546875
-0.0327930450439453 -0.0205841064453125 0.60430908203125 0.48663330078125
-0.00252914428710937 -0.064910888671875 0.00543212890625004 0.86114501953125
0.0636863708496094 -0.0299797058105469 -0.366790771484375 0.468170166015625
0.0988998413085938 -0.008056640625 0.132843017578125 0.00113677978515625
0.0548744201660156 -0.0547065734863281 0.42578125 -0.63934326171875
-0.00159072875976563 -0.0457801818847656 -0.24774169921875 -0.88201904296875
-0.0279636383056641 -0.00506591796875 -0.75543212890625 -0.178955078125
-0.00172328948974609 0.00985622406005859 -0.445037841796875 0.415435791015625
0.0148258209228516 0.00953102111816406 -0.044036865234375 0.4722900390625
0.00501108169555664 -0.00147294998168945 0.229400634765625 0.2296142578125
0.0320892333984375 0.00306129455566406 0.2781982421875 -0.0057220458984375
0.0393714904785156 0.0090789794921875 -0.2783203125 -0.0745849609375001
0.0172014236450195 -0.00316810607910156 -0.139434814453125 -0.3116455078125
0.0151481628417969 0.0168647766113281 0.216156005859375 -0.4547119140625
-0.00749111175537109 0.0166187286376953 0.642333984375 -0.23077392578125
-0.0361366271972656 -0.0219993591308594 0.62274169921875 0.457275390625
0.000755310058593757 -0.0777359008789063 0.0397338867187501 0.85504150390625
0.0850143432617188 -0.049285888671875 -0.362030029296875 0.488739013671875
0.1295166015625 -0.0202484130859375 0.10736083984375 0.0131912231445312
0.0765228271484375 -0.0709915161132813 0.435791015625 -0.61871337890625
0.00340270996093751 -0.0583839416503906 -0.21551513671875 -0.89117431640625
-0.0327205657958984 -0.00956535339355468 -0.75439453125 -0.21368408203125
-0.00558757781982422 0.0135679244995117 -0.464935302734375 0.40362548828125
0.0144863128662109 0.0131387710571289 -0.05908203125 0.476409912109375
0.00580263137817383 0.00123214721679688 0.224685668945313 0.238418579101563
0.0335121154785156 0.0035400390625 0.2794189453125 -6.10351562499998E-05
0.0284461975097656 -0.0160274505615234 -0.28521728515625 -0.046295166015625
0.00889396667480469 -0.0321292877197266 -0.171417236328125 -0.2918701171875
0.0280590057373047 -0.0132331848144531 0.139556884765625 -0.475677490234375
0.0353622436523438 0.00559234619140625 0.57330322265625 -0.34765625
0.000898361206054688 0.018341064453125 0.676025390625 0.30499267578125
-0.0305576324462891 0.0215950012207031 0.18646240234375 0.82952880859375
-0.041900634765625 0.0550041198730469 -0.3328857421875 0.59130859375
-0.0479507446289062 0.0480766296386719 0.017120361328125 0.0868911743164063
-0.0307273864746094 0.0285167694091797 0.494049072265625 -0.5155029296875
-0.00699615478515625 0.0258369445800781 -0.0458984375 -0.94952392578125
0.00481033325195312 0.0181179046630859 -0.72650146484375 -0.39569091796875
0.0269718170166016 -0.00212287902832031 -0.559783935546875 0.293304443359375
0.0247097015380859 0.00189018249511719 -0.1439208984375 0.453216552734375
-0.00121498107910156 -0.0207881927490234 0.192047119140625 0.255203247070313
0.02081298828125 -0.0189456939697266 0.271392822265625 0.02642822265625
0.0282058715820313 -0.0153846740722656 -0.28521728515625 -0.05859375
0.0109043121337891 -0.0309009552001953 -0.158203125 -0.302398681640625
0.0280132293701172 -0.0116596221923828 0.169769287109375 -0.472198486328125
0.0315990447998047 0.00642204284667969 0.6029052734375 -0.30828857421875
-0.00241279602050781 0.0166873931884766 0.660400390625 0.359375
-0.0318965911865234 0.0197124481201172 0.1302490234375 0.843017578125
-0.0462760925292969 0.0566978454589844 -0.344879150390625 0.554351806640625
-0.0523605346679687 0.0499839782714844 0.0592117309570312 0.062255859375
-0.0317192077636719 0.0294418334960937 0.47564697265625 -0.557373046875
-0.00737571716308593 0.0238914489746094 -0.114990234375 -0.9376220703125
0.00447654724121094 0.0162668228149414 -0.7437744140625 -0.32818603515625
0.0254383087158203 -0.00439834594726563 -0.527374267578125 0.330169677734375
0.0225105285644531 -0.00212860107421875 -0.11163330078125 0.458099365234375
-0.000112533569335939 -0.0193920135498047 0.203399658203125 0.245925903320313
0.0211029052734375 -0.0183811187744141 0.27203369140625 0.0168609619140625
0.0270156860351563 -0.0135402679443359 -0.2841796875 -0.067413330078125
0.0133743286132813 -0.0262947082519531 -0.1458740234375 -0.31182861328125
0.0286407470703125 -0.00676536560058594 0.19720458984375 -0.466827392578125
0.0265083312988281 0.00928688049316406 0.62933349609375 -0.26727294921875
-0.00789260864257813 0.0114631652832031 0.63787841796875 0.4141845703125
-0.0303421020507813 0.00896263122558594 0.0714111328125 0.85150146484375
-0.0407867431640625 0.0490798950195313 -0.355499267578125 0.516754150390625
-0.0400390625 0.046234130859375 0.0986099243164063 0.0363998413085938
-0.0244598388671875 0.0201129913330078 0.4581298828125 -0.5943603515625
-0.00598812103271484 0.0159063339233398 -0.17742919921875 -0.91473388671875
0.00256061553955078 0.0113582611083984 -0.753662109375 -0.26263427734375
0.0204524993896484 -0.00461959838867188 -0.494232177734375 0.365997314453125
0.0207290649414062 -0.00197029113769531 -0.07843017578125 0.462554931640625
0.000505447387695312 -0.0182971954345703 0.215774536132813 0.237762451171875
0.0210456848144531 -0.0155048370361328 0.274383544921875 0.0065460205078125
0.0280647277832031 -0.00870513916015625 -0.2833251953125 -0.075836181640625
0.0149517059326172 -0.0222129821777344 -0.134490966796875 -0.318023681640625
0.0254077911376953 -0.00251388549804688 0.223846435546875 -0.4600830078125
0.0185031890869141 0.00966835021972656 0.65087890625 -0.23162841796875
-0.0150232315063477 0.00396728515625 0.618408203125 0.45965576171875
-0.0260848999023438 -0.00702476501464843 0.02777099609375 0.85943603515625
-0.0212650299072266 0.0326251983642578 -0.361724853515625 0.489013671875
-0.0123291015625 0.0354652404785156 0.128059387207031 0.0161819458007813
-0.00860738754272461 0.00547647476196289 0.44122314453125 -0.625
-0.00597000122070313 0.00189828872680664 -0.2271728515625 -0.89776611328125
-0.00332784652709961 0.00625705718994141 -0.7598876953125 -0.213623046875
0.014988899230957 -0.00319862365722656 -0.463836669921875 0.394805908203125
0.0185832977294922 -0.000757217407226562 -0.055328369140625 0.466766357421875
0.00221157073974609 -0.0144214630126953 0.224365234375 0.230087280273438
0.0240154266357422 -0.0109233856201172 0.276123046875 -0.0014801025390625
0.0318660736083984 -0.00304222106933594 -0.279922485351563 -0.0806732177734375
0.0162143707275391 -0.0164022445678711 -0.128082275390625 -0.320770263671875
0.0225391387939453 0.00304794311523437 0.236328125 -0.454559326171875
0.00919628143310547 0.0115146636962891 0.66094970703125 -0.20806884765625
-0.0215530395507813 -0.00540351867675781 0.6031494140625 0.4893798828125
-0.0176620483398438 -0.0273952484130859 -0.002685546875 0.8619384765625
0.00655937194824219 0.013575553894043 -0.36541748046875 0.47076416015625
0.0227737426757812 0.0220947265625 0.14459228515625 0.002777099609375
0.0112285614013672 -0.0152912139892578 0.42901611328125 -0.6448974609375
-0.00622940063476563 -0.0137805938720703 -0.251953125 -0.88702392578125
-0.0116472244262695 0.00152873992919922 -0.75848388671875 -0.1822509765625
0.00860929489135742 0.000360012054443359 -0.446685791015625 0.411529541015625
0.0168466567993164 0.00190353393554688 -0.040985107421875 0.468170166015625
0.00271320343017578 -0.0100746154785156 0.22991943359375 0.226303100585937
0.0269088745117188 -0.00529861450195313 0.276657104492188 -0.0052490234375
0.0331974029541016 0.00172615051269531 -0.2806396484375 -0.0830841064453125
0.0170879364013672 -0.0109100341796875 -0.127349853515625 -0.3209228515625
0.0189723968505859 0.00832748413085938 0.240447998046875 -0.453033447265625
0.00200653076171875 0.0127172470092773 0.662109375 -0.19805908203125
-0.0285530090332031 -0.0140953063964844 0.5987548828125 0.497802734375
-0.00864410400390625 -0.0466461181640625 -0.00970458984374996 0.8636474609375
0.0362014770507813 -0.00799942016601563 -0.366912841796875 0.464324951171875
0.0607147216796875 0.00706863403320313 0.147140502929687 -0.0032958984375
0.0329437255859375 -0.035400390625 0.42523193359375 -0.648193359375
-0.00455093383789063 -0.0299720764160156 -0.26202392578125 -0.87939453125
-0.0203304290771484 -0.00138092041015625 -0.75933837890625 -0.169189453125
0.0034637451171875 0.00529241561889648 -0.440032958984375 0.420501708984375
0.01568603515625 0.00563812255859375 -0.0362548828125 0.47161865234375
0.00450515747070312 -0.00542545318603516 0.23114013671875 0.225631713867188
0.0296974182128906 -0.00149345397949219 0.278610229492188 -0.0065155029296875
0.0368270874023438 0.00586318969726563 -0.279205322265625 -0.0811920166015624
0.0177745819091797 -0.00619888305664063 -0.12994384765625 -0.31768798828125
0.0164260864257813 0.0133028030395508 0.23272705078125 -0.45318603515625
-0.00420475006103516 0.0147438049316406 0.6563720703125 -0.20672607421875
-0.0327243804931641 -0.021209716796875 0.60589599609375 0.4884033203125
-0.00132369995117188 -0.0658111572265625 0.00238037109374998 0.863037109375
0.0643272399902344 -0.0298538208007813 -0.368927001953125 0.469451904296875
0.0985260009765625 -0.00765228271484375 0.132987976074219 0.00090789794921875
0.0554885864257813 -0.0549087524414063 0.42730712890625 -0.64129638671875
-0.00174713134765625 -0.0443840026855469 -0.24554443359375 -0.882568359375
-0.0286083221435547 -0.00543975830078126 -0.75848388671875 -0.18255615234375
-0.00214385986328125 0.0104637145996094 -0.44580078125 0.4168701171875
0.015894889831543 0.00976657867431641 -0.042877197265625 0.47357177734375
0.00487279891967773 -0.00113105773925781 0.229965209960938 0.229949951171875
0.0322093963623047 0.00222396850585938 0.2796630859375 -0.0052642822265625
0.0386619567871094 0.00876235961914062 -0.280426025390625 -0.0753479003906249
0.0178012847900391 -0.00313758850097656 -0.1390380859375 -0.312103271484375
0.0149765014648438 0.0158758163452148 0.2135009765625 -0.45660400390625
-0.00692176818847656 0.0171575546264648 0.642578125 -0.23211669921875
-0.0365066528320312 -0.0227470397949219 0.62213134765625 0.45733642578125
0.001922607421875 -0.0780792236328125 0.0352783203125001 0.85687255859375
0.085479736328125 -0.048583984375 -0.36663818359375 0.487335205078125
0.128829956054688 -0.0205535888671875 0.107139587402344 0.0141143798828125
0.0761260986328125 -0.071014404296875 0.4373779296875 -0.61773681640625
0.0030059814453125 -0.0582542419433594 -0.21490478515625 -0.89300537109375
-0.0339374542236328 -0.00857734680175781 -0.755615234375 -0.215087890625
-0.00585079193115234 0.013453483581543 -0.468231201171875 0.4041748046875
0.0143871307373047 0.0129966735839844 -0.059295654296875 0.477386474609375
0.00546455383300781 0.00195932388305664 0.224822998046875 0.237808227539063
0.033538818359375 0.00372886657714844 0.280624389648438 -4.57763671874998E-05
0.0283927917480469 -0.0165023803710938 -0.287445068359375 -0.04718017578125
0.00817108154296876 -0.0324630737304688 -0.172607421875 -0.2940673828125
0.0278167724609375 -0.0128650665283203 0.139434814453125 -0.478271484375
0.0345363616943359 0.00563812255859375 0.57476806640625 -0.34991455078125
6.58035278320301E-05 0.0165243148803711 0.676513671875 0.30517578125
-0.0300445556640625 0.0218467712402344 0.183837890625 0.8331298828125
-0.0423774719238281 0.0554771423339844 -0.3350830078125 0.5916748046875
-0.0489730834960938 0.047760009765625 0.017578125 0.0877761840820313
-0.0313987731933594 0.0283527374267578 0.49432373046875 -0.515777587890625
-0.00660133361816406 0.0261611938476562 -0.04412841796875 -0.9541015625
0.00379371643066406 0.0185985565185547 -0.7301025390625 -0.39990234375
0.0262947082519531 -0.00187873840332031 -0.56378173828125 0.2928466796875
0.024932861328125 0.000379562377929687 -0.14532470703125 0.4547119140625
-0.000795364379882811 -0.0205764770507813 0.192581176757812 0.256317138671875
0.0209789276123047 -0.0194530487060547 0.272415161132813 0.026153564453125
0.0279693603515625 -0.0164260864257813 -0.2882080078125 -0.05767822265625
0.0106830596923828 -0.0311431884765625 -0.1600341796875 -0.303436279296875
0.0278186798095703 -0.0114078521728516 0.1695556640625 -0.475799560546875
0.0314407348632813 0.00698471069335938 0.60528564453125 -0.310546875
-0.0026702880859375 0.0166139602661133 0.66143798828125 0.3614501953125
-0.0308094024658203 0.0189723968505859 0.12896728515625 0.8465576171875
-0.0468597412109375 0.0576667785644531 -0.348297119140625 0.55633544921875
-0.0532875061035156 0.0501480102539063 0.05963134765625 0.0620689392089844
-0.0326652526855469 0.0286750793457031 0.4786376953125 -0.55645751953125
-0.00701141357421875 0.0245838165283203 -0.11468505859375 -0.93890380859375
0.00455951690673828 0.0155115127563477 -0.74578857421875 -0.33111572265625
0.0246505737304688 -0.00441360473632813 -0.529754638671875 0.33184814453125
0.022857666015625 -0.00243186950683594 -0.111663818359375 0.46087646484375
-0.000240325927734374 -0.0197525024414062 0.203598022460937 0.24737548828125
0.0219707489013672 -0.0195083618164063 0.274566650390625 0.0169677734375
0.0274543762207031 -0.014007568359375 -0.286834716796875 -0.068756103515625
0.0131397247314453 -0.0269699096679687 -0.147125244140625 -0.313323974609375
0.0286636352539063 -0.00749397277832031 0.199188232421875 -0.468353271484375
0.0256843566894531 0.00877952575683594 0.6319580078125 -0.2684326171875
-0.00862503051757813 0.0102863311767578 0.6387939453125 0.41650390625
-0.030242919921875 0.00942802429199219 0.07012939453125 0.85418701171875
-0.04010009765625 0.0491867065429687 -0.35809326171875 0.51702880859375
-0.0404052734375 0.0458831787109375 0.099639892578125 0.036163330078125
-0.0246639251708984 0.0204734802246094 0.4605712890625 -0.59564208984375
-0.00744342803955078 0.0166149139404297 -0.17730712890625 -0.91650390625
0.00240993499755859 0.011073112487793 -0.75738525390625 -0.26226806640625
0.0205497741699219 -0.00573921203613281 -0.496337890625 0.367401123046875
0.0209751129150391 -0.00326156616210938 -0.080047607421875 0.463470458984375
0.00131988525390625 -0.0170183181762695 0.216323852539062 0.238433837890625
0.021942138671875 -0.0166168212890625 0.276290893554688 0.00830078125
0.0285816192626953 -0.00952911376953125 -0.28424072265625 -0.07568359375
0.0148143768310547 -0.0215950012207031 -0.1358642578125 -0.319122314453125
0.0251865386962891 -0.00300979614257813 0.22412109375 -0.462615966796875
0.0164937973022461 0.0108604431152344 0.6505126953125 -0.23291015625
-0.0156478881835938 0.00282955169677734 0.6185302734375 0.46148681640625
-0.0258045196533203 -0.00731086730957032 0.02471923828125 0.86041259765625
-0.0212020874023437 0.0338668823242188 -0.364349365234375 0.48883056640625
-0.0137405395507813 0.03594970703125 0.128921508789063 0.0169830322265625
-0.00881004333496094 0.00539398193359375 0.44500732421875 -0.6280517578125
-0.00688505172729492 0.00264739990234375 -0.2249755859375 -0.90289306640625
-0.00426149368286133 0.006683349609375 -0.76177978515625 -0.215576171875
0.0146064758300781 -0.00402355194091797 -0.466156005859375 0.395477294921875
0.0185413360595703 -0.00126457214355469 -0.054595947265625 0.46826171875
0.000614166259765626 -0.0145626068115234 0.225082397460938 0.2308349609375
0.0235633850097656 -0.011566162109375 0.277572631835937 -9.15527343750007E-05
0.0303764343261719 -0.0044403076171875 -0.282989501953125 -0.0810546875000001
0.0161314010620117 -0.0164680480957031 -0.13006591796875 -0.32330322265625
0.0220603942871094 0.00255966186523438 0.23797607421875 -0.45709228515625
0.00965023040771484 0.0115880966186523 0.6614990234375 -0.209228515625
-0.0224933624267578 -0.00603103637695312 0.60369873046875 0.4921875
-0.0172939300537109 -0.0263614654541016 -0.00524902343749993 0.86663818359375
0.00569343566894531 0.0145606994628906 -0.36865234375 0.4715576171875
0.0219364166259766 0.0220680236816406 0.146026611328125 0.0023193359375
0.0111207962036133 -0.0141487121582031 0.43402099609375 -0.64697265625
-0.00533580780029297 -0.0129060745239258 -0.2510986328125 -0.8895263671875
-0.0130643844604492 0.00148963928222656 -0.76300048828125 -0.18511962890625
0.00817060470581055 5.48362731933594E-05 -0.4490966796875 0.41302490234375
0.017399787902832 0.00142288208007813 -0.04058837890625 0.469329833984375
0.00290107727050781 -0.00996971130371094 0.230010986328125 0.225601196289063
0.02703857421875 -0.00628471374511719 0.279067993164063 -0.00457763671875
0.0342350006103516 0.000675201416015625 -0.28240966796875 -0.083648681640625
0.0168981552124023 -0.0103025436401367 -0.128326416015625 -0.3226318359375
0.018951416015625 0.00841712951660156 0.240631103515625 -0.453948974609375
0.00124073028564453 0.0124139785766602 0.66552734375 -0.20068359375
-0.0285873413085938 -0.0144844055175781 0.6005859375 0.49993896484375
-0.00764846801757813 -0.0462112426757812 -0.0112304687500001 0.86553955078125
0.0366325378417969 -0.00830459594726563 -0.369964599609375 0.4625244140625
0.0602264404296875 0.00759124755859375 0.148406982421875 -0.00238037109375
0.0336036682128906 -0.03631591796875 0.42742919921875 -0.650390625
-0.00371932983398437 -0.0295925140380859 -0.261474609375 -0.88250732421875
-0.0207271575927734 -0.00174522399902344 -0.76275634765625 -0.17169189453125
0.00292062759399414 0.0047607421875 -0.4423828125 0.4215087890625
0.0154266357421875 0.00552177429199219 -0.037261962890625 0.473052978515625
0.00463676452636719 -0.00538492202758789 0.2325439453125 0.225814819335938
0.0293083190917969 -0.00177001953125 0.280487060546875 -0.00628662109375
0.0364532470703125 0.00538253784179688 -0.281951904296875 -0.0802001953124999
0.0172443389892578 -0.00611591339111328 -0.131011962890625 -0.320098876953125
0.0165185928344727 0.013519287109375 0.232421875 -0.455352783203125
-0.00457286834716797 0.0142812728881836 0.65869140625 -0.20892333984375
-0.0325393676757813 -0.0207462310791016 0.60479736328125 0.4896240234375
-0.000629425048828122 -0.0658493041992188 -0.00201416015625009 0.86737060546875
0.0658378601074219 -0.0304641723632812 -0.37115478515625 0.46875
0.0999755859375 -0.00804901123046875 0.134902954101563 0.00101470947265625
0.0555610656738281 -0.055206298828125 0.43121337890625 -0.64093017578125
-0.00169754028320313 -0.0452384948730469 -0.24609375 -0.88720703125
-0.0284652709960938 -0.006256103515625 -0.7607421875 -0.18402099609375
-0.00191688537597656 0.00948524475097656 -0.449432373046875 0.417999267578125
0.0150880813598633 0.00976085662841797 -0.044189453125 0.476776123046875
0.00461339950561523 -0.00174474716186523 0.230117797851563 0.22967529296875
0.0319480895996094 0.00243186950683594 0.281585693359375 -0.004302978515625
0.0389785766601563 0.00783538818359375 -0.282318115234375 -0.075653076171875
0.0176773071289063 -0.00303077697753906 -0.14111328125 -0.314178466796875
0.0151395797729492 0.0168542861938477 0.21429443359375 -0.459716796875
-0.00844669342041015 0.0169763565063477 0.6444091796875 -0.23248291015625
-0.0368728637695312 -0.0237579345703125 0.6224365234375 0.45953369140625
0.00154876708984376 -0.0784530639648438 0.0352172851562499 0.85968017578125
0.0854949951171875 -0.0484695434570313 -0.367462158203125 0.48858642578125
0.128089904785156 -0.02020263671875 0.107963562011719 0.0142974853515625
0.076873779296875 -0.0718307495117188 0.4412841796875 -0.61956787109375
0.00336456298828125 -0.058258056640625 -0.2139892578125 -0.89776611328125
-0.0342884063720703 -0.0100231170654297 -0.7601318359375 -0.2169189453125
-0.0072021484375 0.01251220703125 -0.4698486328125 0.40521240234375
0.0139036178588867 0.0123405456542969 -0.06134033203125 0.479095458984375
0.00574207305908203 0.00125932693481445 0.225784301757813 0.239212036132813
0.0339336395263672 0.00332260131835937 0.28167724609375 0.00103759765625
0.0291023254394531 -0.0177803039550781 -0.28924560546875 -0.04718017578125
0.00786972045898438 -0.0333900451660156 -0.17413330078125 -0.29522705078125
0.0272216796875 -0.0129165649414063 0.13934326171875 -0.48065185546875
0.0339794158935547 0.00632286071777344 0.57781982421875 -0.351318359375
0.000576019287109374 0.0177402496337891 0.67803955078125 0.30816650390625
-0.029510498046875 0.0207061767578125 0.18438720703125 0.8387451171875
-0.0427513122558594 0.0559349060058594 -0.33782958984375 0.59332275390625
-0.0511093139648438 0.0480003356933594 0.0183029174804688 0.0878372192382813
-0.0314464569091797 0.0280418395996094 0.499755859375 -0.518035888671875
-0.00717926025390625 0.0271205902099609 -0.04522705078125 -0.9580078125
0.0036468505859375 0.0179100036621094 -0.733154296875 -0.4013671875
0.0264434814453125 -0.00228691101074219 -0.5660400390625 0.29473876953125
0.0255184173583984 1.52587890625E-05 -0.14642333984375 0.45819091796875
-0.000564575195312499 -0.0194988250732422 0.192642211914062 0.255706787109375
0.0214462280273438 -0.0209140777587891 0.275894165039063 0.0258636474609375
0.0273189544677734 -0.0177497863769531 -0.290771484375 -0.05889892578125
0.0101566314697266 -0.0302066802978516 -0.16021728515625 -0.306732177734375
0.0281696319580078 -0.0118350982666016 0.168609619140625 -0.47796630859375
0.0314311981201172 0.00688743591308594 0.607177734375 -0.31219482421875
-0.00415706634521484 0.0155572891235352 0.66375732421875 0.3623046875
-0.0306243896484375 0.0197944641113281 0.127685546875 0.85162353515625
-0.0467414855957031 0.0580101013183594 -0.348846435546875 0.555999755859375
-0.0536537170410156 0.0502090454101563 0.0608673095703125 0.0631866455078125
-0.0334587097167969 0.0279293060302734 0.483001708984375 -0.55908203125
-0.00706100463867188 0.0240669250488281 -0.11285400390625 -0.94378662109375
0.00503730773925781 0.0147123336791992 -0.74993896484375 -0.331787109375
0.02447509765625 -0.0050048828125 -0.53265380859375 0.3333740234375
0.0226058959960938 -0.0017852783203125 -0.112762451171875 0.4620361328125
0.000370025634765624 -0.0197010040283203 0.20428466796875 0.247879028320312
0.0205879211425781 -0.0200958251953125 0.276275634765625 0.0177764892578125
0.0281524658203125 -0.0151004791259766 -0.29034423828125 -0.0693359374999999
0.0125675201416016 -0.0278072357177734 -0.148834228515625 -0.315216064453125
0.0274085998535156 -0.00845146179199219 0.199615478515625 -0.4708251953125
0.0251045227050781 0.00859451293945312 0.6343994140625 -0.273193359375
-0.00987434387207031 0.0100841522216797 0.6397705078125 0.4176025390625
-0.0297470092773438 0.00841903686523437 0.06842041015625 0.8599853515625
-0.0407295227050781 0.0489883422851562 -0.360076904296875 0.5186767578125
-0.0403213500976563 0.0460433959960938 0.101600646972656 0.038330078125
-0.0246238708496094 0.0198593139648437 0.464111328125 -0.59765625
-0.00718021392822266 0.0147380828857422 -0.17626953125 -0.9224853515625
0.00320625305175781 0.0113563537597656 -0.76068115234375 -0.2659912109375
0.0197982788085938 -0.00537300109863281 -0.498687744140625 0.369842529296875
0.0209922790527344 -0.00386238098144531 -0.079254150390625 0.468170166015625
-0.00026702880859375 -0.0178127288818359 0.217575073242188 0.239105224609375
0.0211238861083984 -0.0169429779052734 0.278945922851563 0.0070953369140625
0.0296821594238281 -0.00952529907226562 -0.288238525390625 -0.075897216796875
0.0152187347412109 -0.0221328735351563 -0.13726806640625 -0.3209228515625
0.0251598358154297 -0.00264930725097656 0.222564697265625 -0.4654541015625
0.0173463821411133 0.0108737945556641 0.65252685546875 -0.2362060546875
-0.0167026519775391 0.00318241119384766 0.62078857421875 0.4642333984375
-0.0259113311767578 -0.00707817077636719 0.0235595703125 0.86474609375
-0.0208740234375 0.0331459045410156 -0.366302490234375 0.489654541015625
-0.0140228271484375 0.0355644226074219 0.130485534667969 0.0165863037109375
-0.00948429107666016 0.00441741943359375 0.44781494140625 -0.62945556640625
-0.00677347183227539 0.00239276885986328 -0.22564697265625 -0.90606689453125
-0.00423669815063477 0.00651741027832031 -0.76727294921875 -0.21636962890625
0.0136938095092773 -0.00421237945556641 -0.470550537109375 0.3968505859375
0.0191135406494141 -0.00167655944824219 -0.0566101074218751 0.469757080078125
0.00153827667236328 -0.0143699645996094 0.226028442382813 0.232330322265625
0.0233516693115234 -0.0116691589355469 0.2796630859375 0.000671386718749999
0.0313396453857422 -0.00554466247558594 -0.2852783203125 -0.08197021484375
0.0163297653198242 -0.0167131423950195 -0.129913330078125 -0.324249267578125
0.0229148864746094 0.00306892395019531 0.23748779296875 -0.459869384765625
0.00910758972167969 0.0119733810424805 0.66455078125 -0.2113037109375
-0.0235710144042969 -0.00620079040527343 0.60723876953125 0.49481201171875
-0.0169124603271484 -0.0271720886230469 -0.00671386718750008 0.869873046875
0.00604820251464844 0.0132761001586914 -0.370147705078125 0.47332763671875
0.0215435028076172 0.0224056243896484 0.147537231445313 0.0030975341796875
0.0104150772094727 -0.0148696899414062 0.4356689453125 -0.650390625
-0.00468921661376953 -0.0136299133300781 -0.2548828125 -0.89434814453125
-0.0126485824584961 0.00129985809326172 -0.76751708984375 -0.185791015625
0.00842714309692383 -0.000581741333007813 -0.450286865234375 0.415252685546875
0.0172824859619141 0.00229835510253906 -0.04290771484375 0.4725341796875
0.00266075134277344 -0.0104990005493164 0.23089599609375 0.22723388671875
0.0270576477050781 -0.00707626342773437 0.28173828125 -0.005218505859375
0.0329151153564453 -0.000558853149414063 -0.284393310546875 -0.084014892578125
0.0161066055297852 -0.0106058120727539 -0.129364013671875 -0.324249267578125
0.0185642242431641 0.00934410095214844 0.2396240234375 -0.45648193359375
0.000419616699218749 0.0119876861572266 0.66717529296875 -0.20269775390625
-0.0297088623046875 -0.0155200958251953 0.60107421875 0.50299072265625
-0.00829315185546874 -0.0473251342773438 -0.0123901367187499 0.8682861328125
0.0359840393066406 -0.00782394409179688 -0.372711181640625 0.4617919921875
0.0609054565429688 0.00744247436523438 0.14874267578125 -0.00225830078125
0.0323104858398438 -0.0364494323730469 0.43157958984375 -0.6533203125
-0.00485801696777344 -0.0310344696044922 -0.263427734375 -0.8878173828125
-0.0212860107421875 -0.00232124328613281 -0.76416015625 -0.17266845703125
0.00319814682006836 0.00361967086791992 -0.444091796875 0.42340087890625
0.0158424377441406 0.00512218475341797 -0.035430908203125 0.475616455078125
0.0040135383605957 -0.00477981567382813 0.233566284179688 0.226959228515625
0.0298614501953125 -0.002960205078125 0.2828369140625 -0.00714111328125
0.0371170043945313 0.00405120849609375 -0.2843017578125 -0.081298828125
0.0172042846679688 -0.00552463531494141 -0.13311767578125 -0.322296142578125
0.0175495147705078 0.0131216049194336 0.232025146484375 -0.458587646484375
-0.00510215759277344 0.0139541625976563 0.6612548828125 -0.211181640625
-0.03515625 -0.0215377807617188 0.60748291015625 0.49139404296875
-0.000865936279296875 -0.0659408569335938 -0.000793457031249912 0.870361328125
0.0665168762207031 -0.030242919921875 -0.373931884765625 0.470062255859375
0.0986862182617187 -0.00676727294921875 0.135627746582031 0.00235748291015625
0.0551338195800781 -0.0567398071289063 0.43450927734375 -0.643798828125
-0.00159454345703125 -0.045196533203125 -0.2474365234375 -0.8929443359375
-0.0295181274414063 -0.0065460205078125 -0.765380859375 -0.18524169921875
-0.00288105010986328 0.00942230224609375 -0.45220947265625 0.4190673828125
0.0154991149902344 0.00963878631591797 -0.043853759765625 0.4781494140625
0.00511837005615234 -0.000927448272705078 0.232009887695313 0.2315673828125
0.0321273803710938 0.00193023681640625 0.2838134765625 -0.0057373046875
0.038909912109375 0.00750732421875 -0.28533935546875 -0.0770263671875
0.0170421600341797 -0.00252342224121094 -0.141815185546875 -0.316375732421875
0.0153160095214844 0.0171880722045898 0.213470458984375 -0.462066650390625
-0.008331298828125 0.0168695449829102 0.64508056640625 -0.2347412109375
-0.0382194519042969 -0.0236091613769531 0.62579345703125 0.4613037109375
0.001678466796875 -0.0800933837890625 0.0338745117187501 0.86419677734375
0.0858230590820313 -0.049468994140625 -0.370330810546875 0.48956298828125
0.130416870117188 -0.0210723876953125 0.109237670898438 0.0140304565429687
0.07745361328125 -0.0708847045898437 0.44244384765625 -0.6241455078125
0.00374984741210938 -0.0592842102050781 -0.21588134765625 -0.90185546875
-0.0343532562255859 -0.0104522705078125 -0.7633056640625 -0.2171630859375
-0.00615215301513672 0.0132818222045898 -0.471923828125 0.4072265625
0.0152931213378906 0.0131502151489258 -0.0616455078125 0.4813232421875
0.00511646270751953 0.00158977508544922 0.226272583007813 0.239517211914063
0.0337867736816406 0.00279426574707031 0.284210205078125 0.000244140625
0.0289592742919922 -0.018798828125 -0.2919921875 -0.047027587890625
0.00658607482910156 -0.0333423614501953 -0.17584228515625 -0.297332763671875
0.0267524719238281 -0.0126533508300781 0.137786865234375 -0.486236572265625
0.0341911315917969 0.00583457946777344 0.578125 -0.3565673828125
-0.000288963317871094 0.0175151824951172 0.68280029296875 0.30694580078125
-0.0289134979248047 0.0215129852294922 0.18548583984375 0.84295654296875
-0.0424957275390625 0.0563507080078125 -0.33978271484375 0.5980224609375
-0.0512466430664063 0.0474777221679687 0.0190811157226562 0.0889129638671875
-0.0329265594482422 0.0275955200195313 0.501953125 -0.5201416015625
-0.00709915161132813 0.0269546508789063 -0.0465087890625 -0.9652099609375
0.00323295593261719 0.0189857482910156 -0.73992919921875 -0.40301513671875
0.0263290405273438 -0.00311660766601563 -0.57073974609375 0.29888916015625
0.0251197814941406 0.000555038452148438 -0.14508056640625 0.46148681640625
-0.000446319580078127 -0.0207424163818359 0.195907592773438 0.257843017578125
0.0213146209716797 -0.0212631225585938 0.277786254882813 0.026031494140625
0.0278549194335938 -0.0180988311767578 -0.292694091796875 -0.059051513671875
0.00988197326660156 -0.0307960510253906 -0.16278076171875 -0.30902099609375
0.0282630920410156 -0.0118675231933594 0.167633056640625 -0.48211669921875
0.0300273895263672 0.00591850280761719 0.60931396484375 -0.31787109375
-0.00407123565673828 0.0160961151123047 0.667724609375 0.3638916015625
-0.0302753448486328 0.0194969177246094 0.12750244140625 0.85498046875
-0.0481986999511719 0.0582427978515625 -0.3526611328125 0.562042236328125
-0.05535888671875 0.0508537292480469 0.06134033203125 0.0626678466796875
-0.0335464477539063 0.0272407531738281 0.485015869140625 -0.562255859375
-0.007568359375 0.0251808166503906 -0.1171875 -0.95037841796875
0.00385475158691406 0.015772819519043 -0.7564697265625 -0.33465576171875
0.0238227844238281 -0.00541305541992188 -0.5367431640625 0.3370361328125
0.0230140686035156 -0.00212669372558594 -0.1126708984375 0.4652099609375
-0.000747680664062501 -0.01922607421875 0.206832885742188 0.24884033203125
0.0211696624755859 -0.0217437744140625 0.279861450195312 0.0177001953125
0.0268802642822266 -0.0162887573242188 -0.29248046875 -0.06890869140625
0.0104560852050781 -0.0278358459472656 -0.15087890625 -0.317291259765625
0.0260810852050781 -0.00861930847167969 0.197540283203125 -0.475433349609375
0.0238933563232422 0.00832176208496094 0.634765625 -0.27532958984375
-0.0106773376464844 0.010746955871582 0.64532470703125 0.418701171875
-0.0300464630126953 0.00923538208007813 0.06927490234375 0.8651123046875
-0.0404930114746094 0.0497970581054688 -0.36285400390625 0.522491455078125
-0.04132080078125 0.0461616516113281 0.102027893066406 0.0380630493164062
-0.0262794494628906 0.0204753875732422 0.46630859375 -0.60205078125
-0.00673866271972656 0.0159816741943359 -0.17962646484375 -0.9288330078125
0.00122833251953125 0.0113468170166016 -0.766357421875 -0.26727294921875
0.0204925537109375 -0.00559806823730469 -0.502105712890625 0.373291015625
0.0209980010986328 -0.00272560119628906 -0.07958984375 0.4705810546875
3.43322753906235E-05 -0.0178432464599609 0.2181396484375 0.24102783203125
0.0222034454345703 -0.0180187225341797 0.281463623046875 0.007049560546875
0.0291976928710938 -0.0110912322998047 -0.28973388671875 -0.0765075683593749
0.0138988494873047 -0.0227947235107422 -0.139129638671875 -0.3240966796875
0.025299072265625 -0.00238418579101563 0.221893310546875 -0.469970703125
0.0177326202392578 0.010223388671875 0.65576171875 -0.23822021484375
-0.0179843902587891 0.00220680236816406 0.624755859375 0.46685791015625
-0.0250835418701172 -0.0065765380859375 0.0220947265625 0.870361328125
-0.0218391418457031 0.0335941314697266 -0.369903564453125 0.49322509765625
-0.01416015625 0.0367698669433594 0.131340026855469 0.016815185546875
-0.00999927520751953 0.00469017028808594 0.45159912109375 -0.634033203125
-0.00569438934326172 0.00218963623046875 -0.2286376953125 -0.9124755859375
-0.0042109489440918 0.00601434707641602 -0.77154541015625 -0.21710205078125
0.0138635635375977 -0.00456619262695313 -0.472412109375 0.4000244140625
0.0184555053710938 -0.0017852783203125 -0.056304931640625 0.472900390625
0.00173473358154297 -0.0145149230957031 0.22833251953125 0.23162841796875
0.0228919982910156 -0.0136299133300781 0.28289794921875 -6.10351562500008E-05
0.0303936004638672 -0.00545120239257813 -0.287994384765625 -0.0813293457031251
0.0155858993530273 -0.0171442031860352 -0.132537841796875 -0.326416015625
0.0223903656005859 0.00311851501464844 0.23834228515625 -0.463958740234375
0.00833511352539063 0.0112838745117187 0.66680908203125 -0.21356201171875
-0.0242652893066406 -0.00658798217773438 0.60931396484375 0.49658203125
-0.0175342559814453 -0.0278434753417969 -0.00549316406250007 0.87554931640625
0.0060882568359375 0.0140810012817383 -0.373260498046875 0.47393798828125
0.0221481323242188 0.0223369598388672 0.148406982421875 0.0019683837890625
0.00958442687988281 -0.0161561965942383 0.43914794921875 -0.65313720703125
-0.00547695159912109 -0.0137672424316406 -0.25689697265625 -0.90045166015625
-0.0130271911621094 0.00261211395263672 -0.7725830078125 -0.18719482421875
0.00875329971313477 -0.00114059448242188 -0.454193115234375 0.418548583984375
0.0176105499267578 0.00189399719238281 -0.041229248046875 0.477325439453125
0.00360965728759766 -0.0103874206542969 0.234237670898438 0.2275390625
0.02606201171875 -0.00820541381835938 0.2835693359375 -0.0054931640625
0.0339374542236328 -0.00042724609375 -0.28741455078125 -0.084228515625
0.0161190032958984 -0.0110998153686523 -0.132293701171875 -0.32745361328125
0.0193939208984375 0.00781822204589844 0.239715576171875 -0.461181640625
-0.000709533691406251 0.0129928588867187 0.669677734375 -0.20501708984375
-0.0303192138671875 -0.0161209106445313 0.60552978515625 0.5045166015625
-0.00806808471679688 -0.04766845703125 -0.0133056640625 0.87628173828125
0.0365791320800781 -0.00782012939453125 -0.374359130859375 0.465301513671875
0.0611228942871094 0.00754547119140625 0.14959716796875 -0.003204345703125
0.03106689453125 -0.0362052917480469 0.43487548828125 -0.65789794921875
-0.00403404235839843 -0.0309009552001953 -0.2645263671875 -0.89288330078125
-0.0206413269042969 -0.00270271301269532 -0.77166748046875 -0.17181396484375
0.00254201889038086 0.0041954517364502 -0.44671630859375 0.426971435546875
0.0158843994140625 0.00626468658447266 -0.036956787109375 0.478790283203125
0.00509881973266602 -0.00599527359008789 0.236068725585938 0.228302001953125
0.0297794342041016 -0.00324249267578125 0.2861328125 -0.00738525390625
0.0352554321289063 0.00371932983398437 -0.287078857421875 -0.081024169921875
0.0168371200561523 -0.00720310211181641 -0.13525390625 -0.322998046875
0.0168237686157227 0.0135612487792969 0.23333740234375 -0.461334228515625
-0.00593662261962891 0.0147857666015625 0.6630859375 -0.21392822265625
-0.0353584289550781 -0.0219841003417969 0.60943603515625 0.4945068359375
-0.000682830810546879 -0.0665512084960937 -0.00177001953124999 0.87554931640625
0.0659980773925781 -0.0303726196289063 -0.3763427734375 0.472900390625
0.0995101928710937 -0.0072784423828125 0.13714599609375 0.000656127929687499
0.055755615234375 -0.0574836730957031 0.4371337890625 -0.64739990234375
-0.000495910644531247 -0.0465316772460938 -0.24932861328125 -0.8973388671875
-0.0297088623046875 -0.00652313232421875 -0.77044677734375 -0.184326171875
-0.00272083282470703 0.00868606567382812 -0.4539794921875 0.423675537109375
0.0157899856567383 0.00988197326660156 -0.0430908203125 0.483184814453125
0.00537443161010742 -0.0016474723815918 0.2347412109375 0.231658935546875
0.03179931640625 -0.00035858154296875 0.28656005859375 -0.00665283203125
0.0385475158691406 0.00648117065429687 -0.28704833984375 -0.075836181640625
0.0171928405761719 -0.00396251678466797 -0.145172119140625 -0.317108154296875
0.0150785446166992 0.0173215866088867 0.21331787109375 -0.465911865234375
-0.00986480712890625 0.0166635513305664 0.6500244140625 -0.239013671875
-0.0387344360351563 -0.0243606567382813 0.62872314453125 0.46417236328125
0.0027313232421875 -0.08038330078125 0.03240966796875 0.87054443359375
0.08673095703125 -0.04962158203125 -0.37347412109375 0.49078369140625
0.12982177734375 -0.0206832885742188 0.110702514648438 0.0142898559570313
0.0774765014648437 -0.0728607177734375 0.44677734375 -0.627685546875
0.00388717651367188 -0.0601425170898438 -0.2176513671875 -0.90771484375
-0.0354804992675781 -0.00962066650390624 -0.76776123046875 -0.21783447265625
-0.00731754302978515 0.0124750137329102 -0.473052978515625 0.409393310546875
0.0141696929931641 0.0131673812866211 -0.0618896484375 0.483489990234375
0.00514841079711914 0.00219058990478516 0.228988647460938 0.2410888671875
0.0331840515136719 0.00240325927734375 0.287750244140625 -0.000396728515625
0.0281848907470703 -0.0189914703369141 -0.295684814453125 -0.046142578125
0.00653457641601563 -0.0330657958984375 -0.17974853515625 -0.300537109375
0.0270462036132813 -0.0129642486572266 0.135406494140625 -0.489501953125
0.0337715148925781 0.00479698181152344 0.5810546875 -0.36328125
-0.00170135498046875 0.0176525115966797 0.687744140625 0.3072509765625
-0.0284461975097656 0.0213489532470703 0.1878662109375 0.8507080078125
-0.0429801940917969 0.0569953918457031 -0.33990478515625 0.60284423828125
-0.0524024963378906 0.0482101440429687 0.01947021484375 0.089691162109375
-0.0332126617431641 0.0278606414794922 0.504974365234375 -0.524993896484375
-0.00683021545410156 0.0273761749267578 -0.0499877929687499 -0.970703125
0.00333595275878906 0.018798828125 -0.74664306640625 -0.4058837890625
0.0265789031982422 -0.00350189208984375 -0.5731201171875 0.302490234375
0.0255813598632813 -0.000158309936523438 -0.146270751953125 0.465484619140625
-0.000320434570312499 -0.0203723907470703 0.197265625 0.259140014648438
0.0211868286132813 -0.0228328704833984 0.281402587890625 0.025634765625
0.0276317596435547 -0.0193538665771484 -0.295806884765625 -0.0574951171875
0.00856208801269531 -0.0319976806640625 -0.16552734375 -0.3106689453125
0.0286693572998047 -0.0115852355957031 0.167022705078125 -0.487762451171875
0.0305538177490234 0.0068206787109375 0.6109619140625 -0.3218994140625
-0.00520038604736328 0.0154495239257813 0.67266845703125 0.36480712890625
-0.0303058624267578 0.0201492309570313 0.13134765625 0.86346435546875
-0.0477218627929687 0.0581893920898438 -0.35406494140625 0.56488037109375
-0.05487060546875 0.0511207580566406 0.0627517700195313 0.0630950927734375
-0.0341339111328125 0.0279693603515625 0.4881591796875 -0.5679931640625
-0.00708961486816406 0.0249061584472656 -0.12030029296875 -0.95709228515625
0.00398921966552734 0.0168018341064453 -0.7637939453125 -0.33477783203125
0.0240306854248047 -0.00625991821289063 -0.538665771484375 0.34161376953125
0.0237197875976562 -0.00310897827148438 -0.113861083984375 0.46942138671875
-0.000415802001953127 -0.0198764801025391 0.208267211914063 0.250015258789063
0.0206508636474609 -0.0222949981689453 0.282684326171875 0.01593017578125
0.0273170471191406 -0.0170383453369141 -0.2960205078125 -0.068572998046875
0.0111217498779297 -0.0273246765136719 -0.1531982421875 -0.3201904296875
0.0267868041992188 -0.00772285461425781 0.19659423828125 -0.47955322265625
0.0239791870117188 0.00792312622070313 0.64031982421875 -0.27880859375
-0.0122137069702148 0.0102910995483398 0.64996337890625 0.42059326171875
-0.0296535491943359 0.00920486450195313 0.0702514648437501 0.870849609375
-0.0402793884277344 0.0506210327148438 -0.36376953125 0.524810791015625
-0.0421524047851563 0.0469245910644531 0.103279113769531 0.038299560546875
-0.0275516510009766 0.0201225280761719 0.4693603515625 -0.60711669921875
-0.00688457489013672 0.0158271789550781 -0.18408203125 -0.93316650390625
0.00111961364746094 0.0106353759765625 -0.77325439453125 -0.26531982421875
0.0192146301269531 -0.00662040710449219 -0.50482177734375 0.376739501953125
0.0208625793457031 -0.00381851196289062 -0.077667236328125 0.47442626953125
0.00131416320800781 -0.0177936553955078 0.221694946289062 0.241790771484375
0.0215015411376953 -0.0182685852050781 0.28466796875 0.006622314453125
0.0288562774658203 -0.012481689453125 -0.29400634765625 -0.07666015625
0.0128459930419922 -0.0217533111572266 -0.141937255859375 -0.3265380859375
0.0254745483398438 -0.00257682800292969 0.221649169921875 -0.4747314453125
0.0169353485107422 0.0094747543334961 0.65972900390625 -0.24420166015625
-0.0187129974365234 0.00228691101074219 0.6300048828125 0.46954345703125
-0.0254974365234375 -0.00721931457519532 0.023193359375 0.87799072265625
-0.0221405029296875 0.0338478088378906 -0.3699951171875 0.4954833984375
-0.0148162841796875 0.0364418029785156 0.1328125 0.01666259765625
-0.0114145278930664 0.00482940673828125 0.45343017578125 -0.63934326171875
-0.00558900833129883 0.00204849243164062 -0.23223876953125 -0.918212890625
-0.00522041320800781 0.00590133666992187 -0.778564453125 -0.21636962890625
0.0140228271484375 -0.00524425506591797 -0.474212646484375 0.40557861328125
0.0195121765136719 -0.00167274475097656 -0.05487060546875 0.47845458984375
0.00227260589599609 -0.0146303176879883 0.229827880859375 0.233123779296875
0.0238876342773438 -0.0141067504882813 0.285980224609375 -0.001617431640625
0.0305252075195313 -0.00642204284667969 -0.291717529296875 -0.081573486328125
0.0149822235107422 -0.0152549743652344 -0.13525390625 -0.328857421875
0.0219802856445313 0.00315284729003906 0.237152099609375 -0.46978759765625
0.00762748718261719 0.0118980407714844 0.669677734375 -0.21795654296875
-0.0257472991943359 -0.00572013854980468 0.61431884765625 0.4979248046875
-0.0168323516845703 -0.0285396575927734 -0.00579833984374991 0.88275146484375
0.00658607482910156 0.0140552520751953 -0.37322998046875 0.477325439453125
0.0215263366699219 0.0219669342041016 0.151046752929688 0.00152587890625
0.00982189178466797 -0.0161867141723633 0.44158935546875 -0.6588134765625
-0.00544166564941406 -0.0135459899902344 -0.25982666015625 -0.90673828125
-0.0133914947509766 0.00182056427001953 -0.779296875 -0.185302734375
0.00751209259033203 -0.00101137161254883 -0.455047607421875 0.423492431640625
0.0174589157104492 0.000575065612792969 -0.04010009765625 0.480072021484375
0.00321197509765625 -0.00959968566894531 0.234634399414063 0.22857666015625
0.0267906188964844 -0.0091094970703125 0.287689208984375 -0.006805419921875
0.0335655212402344 -0.00146865844726563 -0.29156494140625 -0.0838623046875
0.015955924987793 -0.0111589431762695 -0.13433837890625 -0.32952880859375
0.0189247131347656 0.00920867919921875 0.23944091796875 -0.46600341796875
-0.000660896301269531 0.0125274658203125 0.67315673828125 -0.2103271484375
-0.0311031341552734 -0.0162601470947266 0.60906982421875 0.507568359375
-0.00752639770507812 -0.048583984375 -0.011962890625 0.882568359375
0.0376853942871094 -0.00803375244140625 -0.37847900390625 0.469268798828125
0.061859130859375 0.0063629150390625 0.152252197265625 -0.0040283203125
0.0318336486816406 -0.0377922058105469 0.4364013671875 -0.6644287109375
-0.00471305847167969 -0.0311203002929687 -0.2701416015625 -0.89990234375
-0.0216846466064453 -0.0019073486328125 -0.77813720703125 -0.1722412109375
0.00198769569396973 0.00378537178039551 -0.449859619140625 0.430511474609375
0.0163068771362305 0.00489139556884766 -0.03509521484375 0.48345947265625
0.00421237945556641 -0.00508880615234375 0.238327026367188 0.229583740234375
0.0295047760009766 -0.00382232666015625 0.288543701171875 -0.009521484375
0.0361328125 0.00278854370117188 -0.29022216796875 -0.08148193359375
0.0169124603271484 -0.00582408905029297 -0.137847900390625 -0.325775146484375
0.0165214538574219 0.0127716064453125 0.230133056640625 -0.46728515625
-0.00652503967285156 0.0146169662475586 0.66619873046875 -0.21826171875
-0.0363349914550781 -0.0224227905273438 0.615478515625 0.49713134765625
-0.000427246093750003 -0.0677413940429688 5.39726713925256E-17 0.88189697265625
0.0667037963867188 -0.0303916931152344 -0.378814697265625 0.47454833984375
0.100288391113281 -0.00736236572265625 0.138191223144531 -4.57763671875005E-05
0.0559577941894531 -0.0587158203125 0.44012451171875 -0.65509033203125
-0.00130462646484375 -0.0467262268066406 -0.25250244140625 -0.9034423828125
-0.0297889709472656 -0.00594139099121094 -0.7769775390625 -0.18408203125
-0.00279903411865234 0.00884342193603516 -0.455718994140625 0.428497314453125
0.0154657363891602 0.00953292846679688 -0.0430908203125 0.4862060546875
0.0054926872253418 -0.00121879577636719 0.2364501953125 0.232940673828125
0.03277587890625 -0.000141143798828125 0.289642333984375 -0.006805419921875
0.0395584106445313 0.00531005859375 -0.29248046875 -0.076019287109375
0.01605224609375 -0.00326347351074219 -0.14739990234375 -0.32122802734375
0.0149450302124023 0.0171432495117188 0.21234130859375 -0.46990966796875
-0.00916099548339844 0.0175991058349609 0.6513671875 -0.24237060546875
-0.0398750305175781 -0.0242271423339844 0.63409423828125 0.464599609375
0.00291442871093751 -0.081024169921875 0.03509521484375 0.8765869140625
0.0871124267578125 -0.05047607421875 -0.374969482421875 0.495391845703125
0.13140869140625 -0.020233154296875 0.111434936523438 0.0136795043945312
0.077056884765625 -0.0738449096679687 0.449462890625 -0.6322021484375
0.00400543212890625 -0.0599441528320313 -0.220703125 -0.916015625
-0.0352592468261719 -0.00975418090820313 -0.77423095703125 -0.2166748046875
-0.00735855102539062 0.0123720169067383 -0.476318359375 0.41546630859375
0.0140104293823242 0.0127944946289063 -0.05889892578125 0.488433837890625
0.0063176155090332 0.00165939331054688 0.231765747070313 0.241729736328125
0.0342998504638672 0.00145149230957031 0.2911376953125 -0.00146484375
0.0289554595947266 -0.0210113525390625 -0.299591064453125 -0.044921875
0.00568962097167968 -0.0337753295898438 -0.183349609375 -0.301300048828125
0.0272045135498047 -0.01361083984375 0.133758544921875 -0.497406005859375
0.0332851409912109 0.00476455688476563 0.58270263671875 -0.36810302734375
-0.00242996215820313 0.017268180847168 0.69482421875 0.30804443359375
-0.0283069610595703 0.0219745635986328 0.19305419921875 0.857421875
-0.0431938171386719 0.0581512451171875 -0.343017578125 0.60748291015625
-0.0521926879882813 0.0483512878417969 0.0212783813476562 0.08984375
-0.0333652496337891 0.0276126861572266 0.50677490234375 -0.531036376953125
-0.00655174255371094 0.0267677307128906 -0.0548706054687499 -0.98004150390625
0.00370216369628906 0.0192050933837891 -0.75531005859375 -0.4046630859375
0.0258712768554688 -0.00486183166503906 -0.579833984375 0.3074951171875
0.025482177734375 -1.1444091796875E-05 -0.145355224609375 0.4710693359375
-0.000879287719726562 -0.0198307037353516 0.199478149414063 0.260696411132813
0.0204124450683594 -0.0243053436279297 0.284027099609375 0.02410888671875
0.0275936126708984 -0.0201320648193359 -0.29925537109375 -0.056396484375
0.00836753845214843 -0.0313262939453125 -0.170135498046875 -0.31365966796875
0.0283660888671875 -0.0114898681640625 0.164886474609375 -0.4937744140625
0.0303783416748047 0.00672531127929688 0.61468505859375 -0.32928466796875
-0.00555038452148438 0.0151338577270508 0.679443359375 0.36468505859375
-0.0301609039306641 0.0190868377685547 0.13623046875 0.86737060546875
-0.0483894348144531 0.0594139099121094 -0.35430908203125 0.569580078125
-0.0555534362792969 0.0507926940917969 0.0640945434570313 0.0630760192871094
-0.0359420776367188 0.0282058715820312 0.49053955078125 -0.572998046875
-0.00645256042480469 0.0262641906738281 -0.12445068359375 -0.96337890625
0.00432682037353516 0.0160493850708008 -0.77178955078125 -0.33416748046875
0.0241832733154297 -0.00698280334472656 -0.5439453125 0.34637451171875
0.0237045288085938 -0.00227546691894531 -0.11126708984375 0.474761962890625
-0.000274658203125002 -0.0202007293701172 0.212051391601563 0.251708984375
0.020538330078125 -0.0220146179199219 0.285797119140625 0.014312744140625
0.0268154144287109 -0.0185298919677734 -0.30029296875 -0.066802978515625
0.0105762481689453 -0.0283126831054687 -0.157440185546875 -0.322265625
0.0273361206054688 -0.0075531005859375 0.19415283203125 -0.487335205078125
0.0240707397460938 0.00841903686523438 0.64178466796875 -0.28656005859375
-0.0115833282470703 0.00990104675292969 0.6551513671875 0.42108154296875
-0.0299854278564453 0.00869560241699219 0.0755004882812501 0.87921142578125
-0.0415611267089844 0.0517578125 -0.365203857421875 0.5303955078125
-0.0432548522949219 0.046783447265625 0.103897094726563 0.037261962890625
-0.0281925201416016 0.0198230743408203 0.47174072265625 -0.61346435546875
-0.00653743743896484 0.0158929824829102 -0.18865966796875 -0.9403076171875
0.000962257385253906 0.0108222961425781 -0.78228759765625 -0.2662353515625
0.0194339752197266 -0.00764083862304688 -0.50799560546875 0.382720947265625
0.0210342407226563 -0.00359535217285156 -0.0780029296875 0.479248046875
0.000570297241210936 -0.0178184509277344 0.225067138671875 0.243133544921875
0.0217342376708984 -0.0194473266601563 0.28717041015625 0.00567626953125
0.0283012390136719 -0.0132179260253906 -0.2977294921875 -0.075469970703125
0.0136318206787109 -0.0228347778320312 -0.14599609375 -0.32904052734375
0.0256977081298828 -0.00262069702148437 0.218963623046875 -0.47979736328125
0.0161714553833008 0.00942134857177734 0.66082763671875 -0.2496337890625
-0.0187149047851563 0.00250816345214844 0.635498046875 0.469970703125
-0.0247421264648438 -0.00756263732910156 0.02593994140625 0.88507080078125
-0.0214576721191406 0.0353927612304688 -0.373321533203125 0.500244140625
-0.0153388977050781 0.0362777709960938 0.13525390625 0.0156478881835938
-0.01043701171875 0.00381278991699219 0.4549560546875 -0.6458740234375
-0.00608682632446289 0.00220346450805664 -0.23895263671875 -0.92523193359375
-0.00561094284057617 0.00556612014770508 -0.7862548828125 -0.21514892578125
0.0140056610107422 -0.00538825988769531 -0.47674560546875 0.410400390625
0.0187950134277344 -0.00185775756835938 -0.05279541015625 0.482513427734375
0.001739501953125 -0.0144634246826172 0.233749389648437 0.234390258789063
0.0235595703125 -0.0139732360839844 0.289031982421875 -0.003448486328125
0.0307407379150391 -0.00852775573730469 -0.296356201171875 -0.08050537109375
0.0141239166259766 -0.0163412094116211 -0.13958740234375 -0.3319091796875
0.021759033203125 0.00347709655761719 0.2349853515625 -0.475555419921875
0.007049560546875 0.0118198394775391 0.67254638671875 -0.2239990234375
-0.0260486602783203 -0.00610733032226563 0.620849609375 0.4996337890625
-0.0158824920654297 -0.0284519195556641 -0.00189208984374992 0.889892578125
0.00651359558105469 0.0154256820678711 -0.37567138671875 0.48004150390625
0.0223617553710938 0.0232028961181641 0.151870727539062 0.00103759765625
0.00937461853027344 -0.0161237716674805 0.442626953125 -0.66546630859375
-0.00574111938476563 -0.0137100219726563 -0.26666259765625 -0.91217041015625
-0.0136985778808594 0.00177574157714844 -0.78607177734375 -0.18310546875
0.00741434097290039 -0.00218391418457031 -0.458892822265625 0.42864990234375
0.0174808502197266 0.00184249877929687 -0.038665771484375 0.484893798828125
0.00315666198730469 -0.00982189178466797 0.238601684570313 0.229751586914063
0.0269527435302734 -0.009521484375 0.290008544921875 -0.007781982421875
0.0339832305908203 -0.00283432006835938 -0.2952880859375 -0.08245849609375
0.0150737762451172 -0.0106382369995117 -0.139251708984375 -0.33221435546875
0.0190582275390625 0.00920295715332031 0.238067626953125 -0.472625732421875
-0.0006561279296875 0.0131769180297852 0.677001953125 -0.2161865234375
-0.0320453643798828 -0.0163288116455078 0.6156005859375 0.50714111328125
-0.00724792480468751 -0.0486106872558594 -0.0103759765625001 0.8896484375
0.0377273559570313 -0.00804519653320313 -0.380096435546875 0.472900390625
0.061248779296875 0.00716781616210937 0.154159545898438 -0.0058441162109375
0.0317764282226563 -0.0385665893554688 0.4385986328125 -0.671142578125
-0.00393486022949219 -0.0310935974121094 -0.27520751953125 -0.90673828125
-0.0221118927001953 -0.00149345397949219 -0.78692626953125 -0.1695556640625
0.00146913528442383 0.00299930572509766 -0.45086669921875 0.437652587890625
0.0164909362792969 0.00508880615234375 -0.0328369140625 0.48712158203125
0.0045161247253418 -0.00498771667480469 0.24053955078125 0.228744506835937
0.0301914215087891 -0.00467491149902344 0.291961669921875 -0.010101318359375
0.0370407104492188 0.00289154052734375 -0.29388427734375 -0.079925537109375
0.0161705017089844 -0.0064697265625 -0.141448974609375 -0.32769775390625
0.0166139602661133 0.0141935348510742 0.228668212890625 -0.471435546875
-0.00674629211425781 0.0142850875854492 0.66900634765625 -0.22344970703125
-0.0372161865234375 -0.0221748352050781 0.621337890625 0.4986572265625
3.81469726562526E-05 -0.0683517456054687 0.00213623046875005 0.8887939453125
0.0671958923339844 -0.0313529968261719 -0.3804931640625 0.479461669921875
0.100166320800781 -0.00791168212890625 0.140235900878906 -0.000686645507812501
0.0560073852539063 -0.0591659545898437 0.4417724609375 -0.6619873046875
-0.00128173828125 -0.0473899841308594 -0.2601318359375 -0.91143798828125
-0.0301723480224609 -0.00496864318847656 -0.78521728515625 -0.1832275390625
-0.00400543212890625 0.00877571105957031 -0.460357666015625 0.435394287109375
0.0150241851806641 0.00977993011474609 -0.040740966796875 0.489898681640625
0.00518226623535156 -0.000608921051025391 0.240264892578125 0.232772827148438
0.0326004028320313 -0.00147819519042969 0.292694091796875 -0.00836181640625
0.0396575927734375 0.00531387329101563 -0.294952392578125 -0.074737548828125
0.0162973403930664 -0.00313854217529297 -0.151123046875 -0.32342529296875
0.0147542953491211 0.017176628112793 0.2109375 -0.4747314453125
-0.00911712646484375 0.0172147750854492 0.65411376953125 -0.24847412109375
-0.0409202575683594 -0.0241508483886719 0.63916015625 0.46673583984375
0.003326416015625 -0.0818023681640625 0.0366210937499999 0.8834228515625
0.0875930786132812 -0.0506210327148437 -0.376922607421875 0.49761962890625
0.13177490234375 -0.0213165283203125 0.11322021484375 0.0125656127929687
0.0774917602539063 -0.0755538940429688 0.45166015625 -0.63909912109375
0.00391769409179687 -0.0614852905273437 -0.2271728515625 -0.92071533203125
-0.0355491638183594 -0.00907516479492187 -0.782470703125 -0.216064453125
-0.0079183578491211 0.012385368347168 -0.4791259765625 0.420684814453125
0.0154962539672852 0.0138301849365234 -0.05810546875 0.49481201171875
0.00491046905517578 0.00122928619384766 0.23516845703125 0.243133544921875
0.0339450836181641 0.000202178955078125 0.293853759765625 -0.00311279296875
0.0284957885742187 -0.0215892791748047 -0.302947998046875 -0.0435791015625
0.00490760803222656 -0.0333995819091797 -0.1883544921875 -0.303955078125
0.0266551971435547 -0.0136165618896484 0.13037109375 -0.503875732421875
0.0325546264648438 0.00404167175292969 0.58349609375 -0.378173828125
-0.00283622741699219 0.0176544189453125 0.70257568359375 0.3055419921875
-0.0280361175537109 0.0207920074462891 0.19879150390625 0.86212158203125
-0.0428390502929688 0.0594520568847656 -0.3411865234375 0.61419677734375
-0.0531082153320313 0.0477027893066406 0.0223312377929687 0.0905303955078125
-0.0345592498779297 0.027801513671875 0.509613037109375 -0.537872314453125
-0.00647354125976563 0.0273342132568359 -0.06134033203125 -0.989990234375
0.00300407409667969 0.0187721252441406 -0.76513671875 -0.402587890625
0.0251350402832031 -0.00488090515136719 -0.5833740234375 0.3138427734375
0.0262184143066406 -0.000650405883789063 -0.143218994140625 0.475677490234375
-0.00136566162109375 -0.0200614929199219 0.20361328125 0.261520385742188
0.0209007263183594 -0.0255088806152344 0.2879638671875 0.02239990234375
0.0272712707519531 -0.0214748382568359 -0.3031005859375 -0.055572509765625
0.007659912109375 -0.0316047668457031 -0.17437744140625 -0.315032958984375
0.0280723571777344 -0.0113754272460938 0.1610107421875 -0.499298095703125
0.0300025939941406 0.00531387329101563 0.6162109375 -0.3380126953125
-0.00594329833984375 0.0154027938842773 0.6861572265625 0.362548828125
-0.0300807952880859 0.0191612243652344 0.14111328125 0.8763427734375
-0.0480995178222656 0.0605506896972656 -0.355224609375 0.57476806640625
-0.0578994750976562 0.0512657165527344 0.0651359558105469 0.0627784729003906
-0.036651611328125 0.0283737182617187 0.493408203125 -0.58184814453125
-0.00716209411621093 0.0257625579833984 -0.1324462890625 -0.97161865234375
0.00461101531982422 0.0160131454467773 -0.78131103515625 -0.3328857421875
0.0238513946533203 -0.00698661804199219 -0.547119140625 0.3524169921875
0.0241832733154297 -0.00255203247070312 -0.109527587890625 0.480926513671875
-5.72204589843792E-06 -0.0195770263671875 0.215835571289063 0.251205444335937
0.0207252502441406 -0.0241336822509766 0.289398193359375 0.013092041015625
0.0266551971435547 -0.01861572265625 -0.303680419921875 -0.0665283203125
0.00937652587890625 -0.0280303955078125 -0.16180419921875 -0.32464599609375
0.027862548828125 -0.00883293151855469 0.1932373046875 -0.49346923828125
0.0242118835449219 0.0074920654296875 0.64471435546875 -0.2940673828125
-0.0121955871582031 0.00931644439697265 0.663818359375 0.41943359375
-0.0295028686523438 0.00891685485839843 0.07977294921875 0.8851318359375
-0.0421104431152344 0.0520553588867188 -0.365966796875 0.53692626953125
-0.0429000854492188 0.0468063354492188 0.106491088867187 0.0359878540039063
-0.0284671783447266 0.0198955535888672 0.47369384765625 -0.62213134765625
-0.00691699981689453 0.0154628753662109 -0.1971435546875 -0.9493408203125
0.00087261199951172 0.0114908218383789 -0.79083251953125 -0.2618408203125
0.0190563201904297 -0.00806427001953125 -0.510284423828125 0.388153076171875
0.0226840972900391 -0.00306892395019531 -0.074737548828125 0.48480224609375
0.000881195068359377 -0.0178661346435547 0.229354858398438 0.242782592773438
0.0206470489501953 -0.0204963684082031 0.292327880859375 0.0030517578125
0.0278129577636719 -0.01422119140625 -0.302825927734375 -0.074798583984375
0.0119400024414063 -0.0225009918212891 -0.15069580078125 -0.3311767578125
0.0258541107177734 -0.0031280517578125 0.217681884765625 -0.4869384765625
0.0159978866577148 0.00957202911376953 0.66607666015625 -0.2562255859375
-0.0210857391357422 0.00235366821289062 0.64398193359375 0.4691162109375
-0.02459716796875 -0.00810432434082031 0.03167724609375 0.8924560546875
-0.0219459533691406 0.0353584289550781 -0.371826171875 0.50543212890625
-0.0164299011230469 0.0370254516601563 0.137290954589844 0.0150833129882813
-0.0115976333618164 0.00352191925048828 0.45672607421875 -0.65594482421875
-0.00723695755004883 0.00242280960083008 -0.24749755859375 -0.93304443359375
-0.00584077835083008 0.00600767135620117 -0.796875 -0.20989990234375
0.0135679244995117 -0.00597190856933594 -0.479461669921875 0.41851806640625
0.0194606781005859 -0.00289344787597656 -0.05096435546875 0.487457275390625
0.00165271759033203 -0.014495849609375 0.238189697265625 0.23388671875
0.0233650207519531 -0.0165443420410156 0.29315185546875 -0.004180908203125
0.0315837860107422 -0.00885200500488281 -0.300140380859375 -0.07861328125
0.0145015716552734 -0.0163240432739258 -0.144805908203125 -0.334259033203125
0.0229358673095703 0.00376129150390625 0.231903076171875 -0.4810791015625
0.00692176818847656 0.0110149383544922 0.6766357421875 -0.23028564453125
-0.0268287658691406 -0.00777816772460938 0.62969970703125 0.500732421875
-0.0163497924804688 -0.0285606384277344 0.00122070312499996 0.89886474609375
0.00663852691650391 0.0145540237426758 -0.376556396484375 0.487213134765625
0.0219497680664063 0.0228366851806641 0.153961181640625 -0.0012054443359375
0.00860977172851563 -0.0176200866699219 0.44488525390625 -0.67474365234375
-0.00533294677734375 -0.014923095703125 -0.27520751953125 -0.9195556640625
-0.0131473541259766 0.0020303726196289 -0.7943115234375 -0.17962646484375
0.00796031951904297 -0.00218343734741211 -0.46173095703125 0.436370849609375
0.0181827545166016 0.000560760498046875 -0.035064697265625 0.490631103515625
0.00316715240478516 -0.00967311859130859 0.242034912109375 0.22918701171875
0.0271530151367188 -0.0105876922607422 0.294281005859375 -0.00982666015625
0.0334968566894531 -0.00336265563964844 -0.29974365234375 -0.08062744140625
0.0146799087524414 -0.0106878280639648 -0.143829345703125 -0.335174560546875
0.0190753936767578 0.0096282958984375 0.235748291015625 -0.4788818359375
-0.00129890441894531 0.0123672485351563 0.67889404296875 -0.22216796875
-0.0328540802001953 -0.0160579681396484 0.62298583984375 0.50799560546875
-0.00645065307617188 -0.0502357482910156 -0.00732421875000007 0.89605712890625
0.0379676818847656 -0.00890731811523437 -0.379608154296875 0.476837158203125
0.0621566772460938 0.00690460205078125 0.156356811523438 -0.0065155029296875
0.0320854187011719 -0.0390548706054688 0.437744140625 -0.6802978515625
-0.00535774230957031 -0.0310382843017578 -0.28192138671875 -0.9117431640625
-0.0230770111083984 -0.00267601013183594 -0.7943115234375 -0.16619873046875
0.000258445739746094 0.00258541107177734 -0.45367431640625 0.445159912109375
0.0162553787231445 0.00462818145751953 -0.029083251953125 0.493255615234375
0.00454139709472656 -0.00568723678588867 0.245452880859375 0.23016357421875
0.0290565490722656 -0.006256103515625 0.295013427734375 -0.012359619140625
0.0367698669433594 0.000568389892578125 -0.2996826171875 -0.07843017578125
0.015167236328125 -0.00647926330566406 -0.145294189453125 -0.3306884765625
0.0160322189331055 0.0135564804077148 0.226806640625 -0.479278564453125
-0.00781917572021484 0.0157804489135742 0.673095703125 -0.22991943359375
-0.0382118225097656 -0.0226631164550781 0.628173828125 0.49761962890625
0.000938415527343744 -0.06890869140625 0.00585937500000009 0.89996337890625
0.0676383972167969 -0.0308837890625 -0.381927490234375 0.483306884765625
0.101402282714844 -0.0094146728515625 0.142684936523438 -0.0019989013671875
0.0553054809570313 -0.0604667663574219 0.44287109375 -0.6705322265625
-0.00150299072265625 -0.0471725463867188 -0.26806640625 -0.9168701171875
-0.0309238433837891 -0.00606155395507813 -0.79193115234375 -0.1798095703125
-0.00291156768798828 0.0081181526184082 -0.45947265625 0.440643310546875
0.0153398513793945 0.00934791564941406 -0.036895751953125 0.49664306640625
0.00541305541992188 -0.000932693481445313 0.244094848632813 0.232955932617188
0.0332736968994141 -0.00286483764648438 0.2967529296875 -0.0113525390625
0.0393447875976562 0.00360107421875 -0.29913330078125 -0.0733642578125
0.0163278579711914 -0.00367355346679688 -0.15618896484375 -0.325469970703125
0.0150871276855469 0.0176467895507813 0.20782470703125 -0.482391357421875
-0.0110645294189453 0.0178794860839844 0.65631103515625 -0.25616455078125
-0.0416145324707031 -0.0247230529785156 0.64715576171875 0.4674072265625
0.00353240966796875 -0.0823211669921875 0.0426025390624999 0.88946533203125
0.0885162353515625 -0.0516815185546875 -0.37939453125 0.50262451171875
0.132354736328125 -0.02227783203125 0.114120483398438 0.011199951171875
0.0763702392578125 -0.0772018432617188 0.45361328125 -0.64801025390625
0.00403594970703125 -0.0615348815917969 -0.23358154296875 -0.9273681640625
-0.0361061096191406 -0.00912094116210938 -0.7926025390625 -0.2138671875
-0.00812625885009766 0.0112180709838867 -0.480865478515625 0.42950439453125
0.0148086547851562 0.0132064819335938 -0.053466796875 0.50006103515625
0.00589752197265625 0.00131559371948242 0.238983154296875 0.24267578125
0.0338706970214844 0.000164031982421875 0.297760009765625 -0.005218505859375
0.0276432037353516 -0.0226192474365234 -0.3070068359375 -0.0408935546875
0.00445747375488281 -0.0341167449951172 -0.192962646484375 -0.304840087890625
0.0276527404785156 -0.0136871337890625 0.12567138671875 -0.5093994140625
0.0326442718505859 0.00439643859863281 0.5841064453125 -0.38751220703125
-0.00337505340576172 0.0172462463378906 0.71075439453125 0.3013916015625
-0.0275974273681641 0.0225620269775391 0.20697021484375 0.86920166015625
-0.0433883666992188 0.0596504211425781 -0.33935546875 0.6201171875
-0.0535316467285156 0.0506134033203125 0.0225372314453125 0.0903244018554687
-0.0351181030273438 0.0276241302490234 0.51043701171875 -0.5472412109375
-0.00687026977539063 0.028472900390625 -0.06884765625 -0.99432373046875
0.00335693359375 0.0194034576416016 -0.77728271484375 -0.402099609375
0.0261325836181641 -0.0055084228515625 -0.5848388671875 0.32086181640625
0.0268363952636719 -0.00101089477539063 -0.141357421875 0.482208251953125
-0.000272750854492189 -0.0203495025634766 0.207916259765625 0.260955810546875
0.0203685760498047 -0.0263080596923828 0.29278564453125 0.020294189453125
0.0269050598144531 -0.0229625701904297 -0.307830810546875 -0.0528564453125
0.00649833679199219 -0.0320930480957031 -0.180084228515625 -0.317626953125
0.0279693603515625 -0.0124053955078125 0.15704345703125 -0.505767822265625
0.0295124053955078 0.00599098205566406 0.6175537109375 -0.3458251953125
-0.00634288787841797 0.0149002075195313 0.6939697265625 0.360107421875
-0.0293998718261719 0.0196266174316406 0.1484375 0.8818359375
-0.0476341247558594 0.0617218017578125 -0.3533935546875 0.582763671875
-0.0571784973144531 0.0522270202636719 0.0670967102050781 0.0627708435058594
-0.0371589660644531 0.0276069641113281 0.49267578125 -0.58953857421875
-0.00768852233886719 0.0258140563964844 -0.141357421875 -0.978759765625
0.00408458709716797 0.0155248641967773 -0.7919921875 -0.3292236328125
0.0243663787841797 -0.00819206237792969 -0.54937744140625 0.362457275390625
0.0246353149414063 -0.00342559814453125 -0.106536865234375 0.48663330078125
-0.000488281249999999 -0.0200271606445313 0.219482421875 0.2528076171875
0.0200996398925781 -0.0250930786132813 0.29449462890625 0.0103759765625
0.0268020629882813 -0.0193653106689453 -0.30767822265625 -0.0636901855468749
0.00976943969726562 -0.0284614562988281 -0.167327880859375 -0.327239990234375
0.026092529296875 -0.00783157348632813 0.186614990234375 -0.50006103515625
0.0236186981201172 0.00777244567871094 0.64434814453125 -0.30462646484375
-0.0138149261474609 0.00922203063964844 0.67169189453125 0.41754150390625
-0.0293865203857422 0.00946617126464844 0.085205078125 0.89208984375
-0.0414505004882813 0.0532073974609375 -0.365936279296875 0.543243408203125
-0.0442848205566406 0.0480194091796875 0.10784912109375 0.034423828125
-0.0297317504882813 0.0195446014404297 0.4732666015625 -0.6312255859375
-0.00761699676513672 0.0164375305175781 -0.20751953125 -0.95654296875
0.000658035278320313 0.0120992660522461 -0.801025390625 -0.25872802734375
0.0190677642822266 -0.00830841064453125 -0.512237548828125 0.397705078125
0.0224704742431641 -0.00339317321777344 -0.071136474609375 0.488922119140625
0.000249862670898437 -0.0184268951416016 0.23370361328125 0.242630004882813
0.0211086273193359 -0.0205802917480469 0.29522705078125 0.000488281249999999
0.0276527404785156 -0.0153598785400391 -0.30694580078125 -0.0719299316406251
0.0117206573486328 -0.0231571197509766 -0.15570068359375 -0.333953857421875
0.0259552001953125 -0.00215339660644531 0.214263916015625 -0.4942626953125
0.0154790878295898 0.00973033905029297 0.6668701171875 -0.26690673828125
-0.01995849609375 0.00196456909179687 0.65106201171875 0.468017578125
-0.02520751953125 -0.00731849670410156 0.0384521484375 0.9000244140625
-0.0214920043945313 0.0362014770507813 -0.37255859375 0.512237548828125
-0.0159530639648438 0.0369338989257813 0.138847351074219 0.01251220703125
-0.0128250122070312 0.00349235534667969 0.4561767578125 -0.6639404296875
-0.00595712661743164 0.00248146057128906 -0.25750732421875 -0.93695068359375
-0.0061802864074707 0.00805950164794922 -0.8056640625 -0.2071533203125
0.013397216796875 -0.00648307800292969 -0.48077392578125 0.426239013671875
0.0200958251953125 -0.0022125244140625 -0.0464172363281251 0.492828369140625
0.00196647644042969 -0.0139636993408203 0.24200439453125 0.233383178710938
0.0242023468017578 -0.0165348052978516 0.2974853515625 -0.008575439453125
0.0293121337890625 -0.00983619689941406 -0.30462646484375 -0.07769775390625
0.0137968063354492 -0.0168447494506836 -0.148773193359375 -0.337188720703125
0.0225410461425781 0.00323867797851563 0.229278564453125 -0.488739013671875
0.00633907318115234 0.0109758377075195 0.67779541015625 -0.24139404296875
-0.0280132293701172 -0.00697708129882813 0.638427734375 0.499267578125
-0.0169239044189453 -0.0286846160888672 0.00866699218749999 0.9056396484375
0.00657176971435547 0.0152778625488281 -0.378692626953125 0.491546630859375
0.0217208862304688 0.0228767395019531 0.15594482421875 -0.0023651123046875
0.00866317749023438 -0.0173559188842773 0.4423828125 -0.683349609375
-0.00591945648193359 -0.0143976211547852 -0.2862548828125 -0.92535400390625
-0.0147523880004883 0.00280094146728515 -0.80584716796875 -0.17376708984375
0.00665092468261719 -0.00287961959838867 -0.46197509765625 0.44451904296875
0.0178985595703125 0.00189590454101562 -0.031158447265625 0.49481201171875
0.00259780883789063 -0.0108852386474609 0.247848510742188 0.230087280273438
0.0270233154296875 -0.0113201141357422 0.29803466796875 -0.014007568359375
0.0336055755615234 -0.00451087951660156 -0.304443359375 -0.078704833984375
0.0146884918212891 -0.0103559494018555 -0.14825439453125 -0.337066650390625
0.0195178985595703 0.00963973999023437 0.23223876953125 -0.48443603515625
-0.0023040771484375 0.0130815505981445 0.68231201171875 -0.23236083984375
-0.0350570678710938 -0.0158367156982422 0.63226318359375 0.50885009765625
-0.00777053833007813 -0.0511054992675781 0.00103759765625004 0.90496826171875
0.0383186340332031 -0.0085601806640625 -0.379791259765625 0.482208251953125
0.0628395080566406 0.00605392456054688 0.158843994140625 -0.008758544921875
0.0310554504394531 -0.0403518676757813 0.4376220703125 -0.689453125
-0.00519180297851562 -0.03082275390625 -0.29449462890625 -0.91754150390625
-0.0232505798339844 -0.00104904174804688 -0.8038330078125 -0.16143798828125
0.00156688690185547 0.00263094902038574 -0.452545166015625 0.4537353515625
0.0172519683837891 0.00490379333496094 -0.0250244140625 0.49853515625
0.00550985336303711 -0.00571918487548828 0.249710083007812 0.230255126953125
0.030059814453125 -0.00724220275878906 0.2999267578125 -0.016204833984375
0.0370826721191406 -0.000316619873046875 -0.302459716796875 -0.075927734375
0.015070915222168 -0.00691604614257813 -0.151947021484375 -0.334228515625
0.0176162719726563 0.0140361785888672 0.224090576171875 -0.48663330078125
-0.00766849517822265 0.0154390335083008 0.67620849609375 -0.2398681640625
-0.0386619567871094 -0.0235710144042969 0.638427734375 0.496826171875
0.000453948974609374 -0.0700225830078125 0.0123291015624999 0.9058837890625
0.06787109375 -0.0323104858398438 -0.381072998046875 0.49090576171875
0.100799560546875 -0.0094757080078125 0.1439208984375 -0.0044708251953125
0.0541267395019531 -0.0607147216796875 0.4420166015625 -0.6812744140625
-0.00164413452148437 -0.046905517578125 -0.27618408203125 -0.923583984375
-0.0312442779541016 -0.00553131103515625 -0.80023193359375 -0.1756591796875
-0.00428009033203125 0.00758647918701172 -0.460601806640625 0.44940185546875
0.0162153244018555 0.00932693481445313 -0.032745361328125 0.502044677734375
0.00502824783325195 -0.00180387496948242 0.248550415039063 0.233566284179688
0.0338573455810547 -0.00270271301269531 0.299957275390625 -0.014007568359375
0.0390586853027344 0.00328826904296875 -0.30517578125 -0.071563720703125
0.0154933929443359 -0.00342464447021484 -0.16131591796875 -0.327667236328125
0.0158519744873047 0.0176982879638672 0.20404052734375 -0.489471435546875
-0.0114231109619141 0.018402099609375 0.6595458984375 -0.2642822265625
-0.0432243347167969 -0.0246620178222656 0.65631103515625 0.464111328125
0.0018157958984375 -0.0842208862304688 0.0488281249999999 0.89849853515625
0.089385986328125 -0.0528945922851563 -0.3785400390625 0.510040283203125
0.132827758789063 -0.022186279296875 0.115974426269531 0.00974273681640625
0.0763702392578125 -0.0785446166992188 0.45220947265625 -0.65826416015625
0.00336837768554688 -0.0619354248046875 -0.24365234375 -0.93505859375
-0.0359268188476563 -0.00942993164062499 -0.80059814453125 -0.20758056640625
-0.0083932876586914 0.0113048553466797 -0.481353759765625 0.438079833984375
0.0156993865966797 0.0131340026855469 -0.048828125 0.504974365234375
0.00600290298461914 0.00175285339355469 0.24298095703125 0.242843627929688
0.0342388153076172 -0.0005035400390625 0.301239013671875 -0.0089111328125
0.0274925231933594 -0.0243110656738281 -0.3116455078125 -0.038116455078125
0.00285148620605468 -0.03399658203125 -0.199462890625 -0.306854248046875
0.0273017883300781 -0.0138893127441406 0.12042236328125 -0.516265869140625
0.0330715179443359 0.00367164611816406 0.58544921875 -0.3975830078125
-0.00299072265625 0.0176544189453125 0.7196044921875 0.2960205078125
-0.027923583984375 0.0223979949951172 0.21734619140625 0.87274169921875
-0.0435142517089844 0.0602455139160156 -0.33697509765625 0.62823486328125
-0.0538253784179688 0.0507431030273437 0.0245437622070313 0.0902938842773438
-0.0370025634765625 0.0273857116699219 0.51007080078125 -0.55462646484375
-0.00679588317871094 0.0285243988037109 -0.0797119140625 -1.001953125
0.00380134582519531 0.0195903778076172 -0.78594970703125 -0.39605712890625
0.0254230499267578 -0.00666427612304688 -0.5870361328125 0.3310546875
0.0267143249511719 -0.00141716003417969 -0.136138916015625 0.48846435546875
-0.000497817993164061 -0.0199680328369141 0.213027954101563 0.262161254882813
0.0202884674072266 -0.0270557403564453 0.297027587890625 0.016998291015625
0.0264148712158203 -0.0236892700195313 -0.31329345703125 -0.05035400390625
0.00553512573242187 -0.0319137573242188 -0.18536376953125 -0.3189697265625
0.0279350280761719 -0.0125942230224609 0.15228271484375 -0.51348876953125
0.0302791595458984 0.00530242919921875 0.61749267578125 -0.35614013671875
-0.00737857818603516 0.0151605606079102 0.7042236328125 0.35467529296875
-0.0294055938720703 0.020355224609375 0.156982421875 0.8880615234375
-0.0477218627929687 0.0624504089355469 -0.35211181640625 0.5892333984375
-0.0576019287109375 0.0531654357910156 0.068695068359375 0.0611610412597656
-0.0392341613769531 0.0282325744628906 0.49151611328125 -0.59912109375
-0.00775146484375 0.0262470245361328 -0.15350341796875 -0.9864501953125
0.00386238098144531 0.0159826278686523 -0.80169677734375 -0.3231201171875
0.0239105224609375 -0.00872230529785156 -0.551910400390625 0.370880126953125
0.0250129699707031 -0.00359916687011719 -0.101409912109375 0.49224853515625
0.000284194946289061 -0.0199871063232422 0.224227905273438 0.252456665039063
0.0202178955078125 -0.0254726409912109 0.29742431640625 0.00799560546875
0.0260677337646484 -0.0212726593017578 -0.31280517578125 -0.0606994628906249
0.0084381103515625 -0.0283374786376953 -0.1734619140625 -0.328582763671875
0.0274219512939453 -0.00797080993652344 0.18182373046875 -0.507049560546875
0.0239505767822266 0.00672340393066406 0.6473388671875 -0.3128662109375
-0.0136957168579102 0.0109968185424805 0.68170166015625 0.41351318359375
-0.0296516418457031 0.00951957702636719 0.0960693359374999 0.9002685546875
-0.0413856506347656 0.0547714233398437 -0.365081787109375 0.549896240234375
-0.0441970825195312 0.0487136840820313 0.109474182128906 0.0336685180664063
-0.0298652648925781 0.0210762023925781 0.47222900390625 -0.641845703125
-0.00701808929443359 0.0164394378662109 -0.218505859375 -0.9622802734375
0.000618934631347657 0.0118417739868164 -0.81011962890625 -0.252197265625
0.0194244384765625 -0.0101089477539062 -0.513092041015625 0.40655517578125
0.0215702056884766 -0.00416374206542969 -0.0665283203125 0.495635986328125
0.001068115234375 -0.0187778472900391 0.238037109375 0.242446899414063
0.0208091735839844 -0.0222625732421875 0.300323486328125 -0.00347900390625
0.0274085998535156 -0.0163631439208984 -0.31146240234375 -0.0697631835937501
0.0111713409423828 -0.0218601226806641 -0.16192626953125 -0.336181640625
0.0256996154785156 -0.0032806396484375 0.209716796875 -0.5018310546875
0.01513671875 0.00939846038818359 0.66796875 -0.27655029296875
-0.0213661193847656 0.002655029296875 0.6614990234375 0.46514892578125
-0.0246429443359375 -0.00750350952148438 0.04522705078125 0.90765380859375
-0.0214767456054688 0.0373306274414063 -0.37152099609375 0.518157958984375
-0.0165519714355469 0.0378036499023438 0.140731811523438 0.0102691650390625
-0.0142049789428711 0.0037546157836914 0.45330810546875 -0.67315673828125
-0.00613117218017578 0.00283575057983399 -0.269287109375 -0.94384765625
-0.00623369216918945 0.00689172744750976 -0.8134765625 -0.20269775390625
0.0124368667602539 -0.00706291198730469 -0.480194091796875 0.435882568359375
0.0200557708740234 -0.00284957885742188 -0.040008544921875 0.497314453125
0.00139045715332031 -0.015263557434082 0.247940063476563 0.234222412109375
0.0231552124023438 -0.01800537109375 0.2998046875 -0.01141357421875
0.0308341979980469 -0.0102481842041016 -0.309478759765625 -0.074951171875
0.0132303237915039 -0.016636848449707 -0.154815673828125 -0.338897705078125
0.022216796875 0.00313377380371094 0.2254638671875 -0.496337890625
0.00640487670898438 0.0113916397094727 0.68145751953125 -0.24896240234375
-0.0298595428466797 -0.00657272338867187 0.64715576171875 0.49658203125
-0.0169582366943359 -0.0298919677734375 0.0145263671874999 0.91217041015625
0.00657558441162109 0.0156087875366211 -0.377655029296875 0.498046875
0.0215740203857422 0.0232563018798828 0.158065795898438 -0.0049285888671875
0.00659751892089844 -0.0181083679199219 0.44122314453125 -0.6939697265625
-0.00632286071777344 -0.0141220092773438 -0.29534912109375 -0.92926025390625
-0.0141716003417969 0.00223255157470703 -0.81365966796875 -0.168212890625
0.00628662109375 -0.003173828125 -0.4609375 0.45361328125
0.0185585021972656 0.000787734985351563 -0.025726318359375 0.500091552734375
0.00315570831298828 -0.0105276107788086 0.25177001953125 0.228363037109375
0.0254726409912109 -0.01251220703125 0.3017578125 -0.01702880859375
0.0337181091308594 -0.00550651550292969 -0.3096923828125 -0.0762939453125
0.0138950347900391 -0.0113906860351563 -0.153778076171875 -0.338714599609375
0.0198688507080078 0.00908470153808594 0.227783203125 -0.492767333984375
-0.00174617767333984 0.013026237487793 0.68365478515625 -0.24114990234375
-0.0356369018554688 -0.0160675048828125 0.64300537109375 0.50628662109375
-0.00768280029296875 -0.0519828796386719 0.00781250000000002 0.9132080078125
0.0386962890625 -0.0100250244140625 -0.38037109375 0.490570068359375
0.0615005493164062 0.00577163696289062 0.16015625 -0.0107269287109375
0.0293083190917969 -0.0410232543945313 0.43524169921875 -0.70086669921875
-0.00488662719726563 -0.0319499969482422 -0.30560302734375 -0.92291259765625
-0.0240287780761719 -0.00177955627441406 -0.81170654296875 -0.15447998046875
-2.45571136474607E-05 0.00256204605102539 -0.4522705078125 0.4622802734375
0.0166234970092773 0.00450515747070313 -0.0204467773437499 0.50396728515625
0.00511360168457031 -0.00472927093505859 0.254730224609375 0.228775024414063
0.0300273895263672 -0.00768470764160156 0.30291748046875 -0.01885986328125
0.0368423461914063 -0.000598907470703125 -0.307891845703125 -0.0736083984374999
0.0154085159301758 -0.00590991973876953 -0.157501220703125 -0.33416748046875
0.017521858215332 0.0147895812988281 0.218170166015625 -0.49481201171875
-0.0085897445678711 0.0149192810058594 0.67828369140625 -0.24957275390625
-0.0404586791992188 -0.0225067138671875 0.64776611328125 0.49456787109375
0.000366210937499999 -0.0712661743164063 0.020751953125 0.91204833984375
0.0687484741210938 -0.0334854125976563 -0.381500244140625 0.4962158203125
0.10162353515625 -0.0109329223632812 0.145919799804688 -0.0066680908203125
0.0533790588378906 -0.0624275207519531 0.44012451171875 -0.68896484375
-0.0017242431640625 -0.0489692687988281 -0.28948974609375 -0.92828369140625
-0.0315189361572266 -0.00502586364746094 -0.8111572265625 -0.16705322265625
-0.00476884841918945 0.0073094367980957 -0.460540771484375 0.459014892578125
0.0158958435058594 0.00959110260009766 -0.027191162109375 0.506805419921875
0.0064692497253418 -0.00196695327758789 0.253936767578125 0.232192993164063
0.0333328247070313 -0.00391387939453125 0.304229736328125 -0.01739501953125
0.0397224426269531 0.00311279296875 -0.309844970703125 -0.06854248046875
0.0152587890625 -0.00340557098388672 -0.1663818359375 -0.329254150390625
0.0158767700195313 0.0179481506347656 0.200439453125 -0.496307373046875
-0.0103530883789063 0.0183391571044922 0.6602783203125 -0.2738037109375
-0.0444183349609375 -0.0244216918945312 0.6649169921875 0.46307373046875
0.002227783203125 -0.08599853515625 0.0559082031249999 0.90606689453125
0.0901870727539063 -0.0542831420898437 -0.377105712890625 0.51629638671875
0.134109497070313 -0.024566650390625 0.117385864257813 0.0072784423828125
0.0764999389648438 -0.0797042846679688 0.4505615234375 -0.66766357421875
0.00275421142578125 -0.0631332397460938 -0.2562255859375 -0.9405517578125
-0.0366859436035156 -0.0086212158203125 -0.809814453125 -0.2027587890625
-0.0087890625 0.010955810546875 -0.48162841796875 0.4468994140625
0.0163869857788086 0.0130643844604492 -0.044921875 0.510650634765625
0.00552511215209961 0.00174427032470703 0.247634887695313 0.241714477539063
0.0347576141357422 -0.002227783203125 0.3050537109375 -0.01263427734375
0.026885986328125 -0.02508544921875 -0.315338134765625 -0.033843994140625
0.00213623046875 -0.0341701507568359 -0.2056884765625 -0.3074951171875
0.0269260406494141 -0.0135269165039063 0.1129150390625 -0.524017333984375
0.0326766967773438 0.00351524353027344 0.58135986328125 -0.41058349609375
-0.00401401519775391 0.0174179077148437 0.72589111328125 0.28948974609375
-0.0269298553466797 0.0216484069824219 0.22723388671875 0.8790283203125
-0.0418281555175781 0.0624427795410156 -0.3326416015625 0.63568115234375
-0.0551567077636719 0.0522727966308594 0.0266265869140625 0.089691162109375
-0.0377311706542969 0.0285720825195312 0.50775146484375 -0.5654296875
-0.00620651245117188 0.0283775329589844 -0.09405517578125 -1.01043701171875
0.003509521484375 0.0201168060302734 -0.798828125 -0.38983154296875
0.0256595611572266 -0.00761604309082031 -0.5889892578125 0.3426513671875
0.0274295806884766 -0.00181961059570312 -0.131683349609375 0.49407958984375
-0.000984191894531249 -0.0211143493652344 0.218124389648438 0.2611083984375
0.0201187133789063 -0.0273590087890625 0.300048828125 0.013702392578125
0.0267734527587891 -0.0243320465087891 -0.318145751953125 -0.045745849609375
0.00468254089355469 -0.032318115234375 -0.192596435546875 -0.31878662109375
0.0275325775146484 -0.0132064819335938 0.14593505859375 -0.5206298828125
0.0294780731201172 0.00398635864257813 0.61505126953125 -0.36962890625
-0.00793647766113282 0.0153703689575195 0.71295166015625 0.34967041015625
-0.0288562774658203 0.0200977325439453 0.16949462890625 0.89263916015625
-0.0477333068847656 0.0636749267578125 -0.3482666015625 0.59869384765625
-0.0586585998535156 0.0538825988769531 0.0701026916503906 0.0611419677734375
-0.0392684936523438 0.0290412902832031 0.488037109375 -0.609619140625
-0.0069580078125 0.0268898010253906 -0.1673583984375 -0.99090576171875
0.00282382965087891 0.0168876647949219 -0.8140869140625 -0.3155517578125
0.0231952667236328 -0.00877571105957031 -0.54974365234375 0.382781982421875
0.0251483917236328 -0.00486183166503906 -0.0963134765625 0.497528076171875
-1.52587890625013E-05 -0.0200099945068359 0.229202270507813 0.250900268554688
0.0191631317138672 -0.0273571014404297 0.30145263671875 0.003173828125
0.0250377655029297 -0.0216026306152344 -0.3177490234375 -0.056671142578125
0.00759315490722656 -0.0275669097900391 -0.179107666015625 -0.329376220703125
0.0277194976806641 -0.00890541076660156 0.177154541015625 -0.514801025390625
0.0233039855957031 0.0069122314453125 0.64691162109375 -0.325927734375
-0.014094352722168 0.0104026794433594 0.69091796875 0.408447265625
-0.0292453765869141 0.00881385803222657 0.10504150390625 0.90631103515625
-0.039886474609375 0.0549163818359375 -0.3597412109375 0.556884765625
-0.04473876953125 0.0503730773925781 0.111778259277344 0.032440185546875
-0.0319385528564453 0.0210456848144531 0.46759033203125 -0.6502685546875
-0.00697231292724609 0.0166177749633789 -0.23321533203125 -0.96649169921875
0.00105571746826172 0.0116300582885742 -0.8199462890625 -0.244384765625
0.0183181762695313 -0.0104160308837891 -0.511688232421875 0.418212890625
0.0228843688964844 -0.00403022766113281 -0.061248779296875 0.500152587890625
0.000715255737304689 -0.0176353454589844 0.242538452148438 0.241653442382813
0.0197582244873047 -0.0237922668457031 0.302154541015625 -0.00738525390625
0.0274391174316406 -0.0167999267578125 -0.3162841796875 -0.06463623046875
0.0103569030761719 -0.0231914520263672 -0.16876220703125 -0.33648681640625
0.025390625 -0.00271987915039063 0.202484130859375 -0.50872802734375
0.0155067443847656 0.00989532470703125 0.6688232421875 -0.28802490234375
-0.0218772888183594 0.00319480895996094 0.6715087890625 0.46063232421875
-0.0246639251708984 -0.00841903686523438 0.05712890625 0.91455078125
-0.0212478637695312 0.0382881164550781 -0.367950439453125 0.52520751953125
-0.0160942077636719 0.0387535095214844 0.141510009765625 0.007354736328125
-0.0150852203369141 0.00337600708007813 0.45001220703125 -0.68359375
-0.00636577606201172 0.00304460525512695 -0.28228759765625 -0.94683837890625
-0.00643634796142578 0.00652503967285156 -0.82415771484375 -0.193359375
0.0133800506591797 -0.00786113739013672 -0.4771728515625 0.446533203125
0.0204257965087891 -0.00310897827148438 -0.034423828125 0.502197265625
0.00105571746826172 -0.014500617980957 0.251876831054688 0.23193359375
0.0229740142822266 -0.0199069976806641 0.3037109375 -0.01605224609375
0.0295085906982422 -0.0118579864501953 -0.314544677734375 -0.070281982421875
0.0123434066772461 -0.0162019729614258 -0.162689208984375 -0.339630126953125
0.0232372283935547 0.00405502319335938 0.218994140625 -0.504974365234375
0.00600433349609375 0.0113430023193359 0.68157958984375 -0.26177978515625
-0.0303440093994141 -0.00695610046386719 0.65850830078125 0.49200439453125
-0.0170764923095703 -0.0298538208007813 0.0258789062499999 0.920166015625
0.00713157653808594 0.0156240463256836 -0.37396240234375 0.504608154296875
0.0213470458984375 0.0228023529052734 0.159683227539063 -0.0080108642578125
0.00597000122070312 -0.0179557800292969 0.4356689453125 -0.70458984375
-0.00628089904785156 -0.0142097473144531 -0.31268310546875 -0.93292236328125
-0.0142269134521484 0.00245952606201172 -0.8206787109375 -0.1590576171875
0.00617361068725586 -0.00328350067138672 -0.458465576171875 0.46392822265625
0.0193500518798828 0.000701904296875 -0.019287109375 0.503631591796875
0.00292015075683594 -0.0105743408203125 0.25714111328125 0.227401733398437
0.0260677337646484 -0.0140838623046875 0.304229736328125 -0.02142333984375
0.0342025756835938 -0.00584030151367188 -0.314300537109375 -0.072418212890625
0.0143747329711914 -0.0102272033691406 -0.161895751953125 -0.34014892578125
0.0198268890380859 0.0094146728515625 0.22186279296875 -0.500732421875
-0.00301456451416016 0.013331413269043 0.68450927734375 -0.2529296875
-0.0364151000976563 -0.0157966613769531 0.651611328125 0.50347900390625
-0.0075836181640625 -0.0522232055664063 0.0180664062500001 0.921142578125
0.0390472412109375 -0.00963973999023438 -0.377593994140625 0.495880126953125
0.0626296997070313 0.00540924072265625 0.160964965820313 -0.014312744140625
0.0283050537109375 -0.0416526794433594 0.4312744140625 -0.71148681640625
-0.00594329833984375 -0.0323467254638672 -0.32025146484375 -0.925537109375
-0.0233974456787109 -0.00121307373046875 -0.820556640625 -0.145751953125
6.5922737121582E-05 0.00204741954803467 -0.450347900390625 0.472930908203125
0.0175447463989258 0.00467109680175781 -0.01141357421875 0.506561279296875
0.00467777252197266 -0.00617361068725586 0.260162353515625 0.227371215820312
0.0293731689453125 -0.00931739807128906 0.30572509765625 -0.023040771484375
0.0369491577148438 -0.0015411376953125 -0.31201171875 -0.0704345703125
0.015385627746582 -0.00612735748291016 -0.16455078125 -0.3358154296875
0.0180950164794922 0.0148963928222656 0.21240234375 -0.50048828125
-0.00791263580322266 0.0157957077026367 0.67694091796875 -0.2615966796875
-0.04205322265625 -0.0220947265625 0.65850830078125 0.48974609375
-3.05175781249976E-05 -0.0715408325195313 0.0284423828125 0.91986083984375
0.0696525573730469 -0.0342483520507813 -0.37860107421875 0.50341796875
0.102081298828125 -0.0125045776367188 0.1466064453125 -0.009613037109375
0.0526695251464844 -0.0646896362304687 0.43463134765625 -0.6998291015625
-0.00273895263671875 -0.0493049621582031 -0.302734375 -0.93280029296875
-0.0324287414550781 -0.00396537780761718 -0.81964111328125 -0.15887451171875
-0.00480175018310547 0.00691938400268555 -0.457763671875 0.469024658203125
0.0167922973632813 0.00904178619384766 -0.02081298828125 0.512054443359375
0.00476884841918945 -0.00151920318603516 0.258514404296875 0.231399536132812
0.0332870483398438 -0.00488471984863281 0.30657958984375 -0.022552490234375
0.0394134521484375 0.00132369995117188 -0.31341552734375 -0.0648193359375
0.015355110168457 -0.00302410125732422 -0.173583984375 -0.3309326171875
0.0162410736083984 0.0181064605712891 0.19354248046875 -0.5029296875
-0.0111579895019531 0.0187149047851562 0.661865234375 -0.28564453125
-0.0455322265625 -0.0243644714355469 0.67449951171875 0.45806884765625
0.00151824951171875 -0.0853424072265625 0.068115234375 0.91107177734375
0.0900192260742188 -0.0558319091796875 -0.375885009765625 0.5225830078125
0.133987426757813 -0.0258941650390625 0.118057250976563 0.00585174560546875
0.07525634765625 -0.0809402465820313 0.44720458984375 -0.67822265625
0.00249862670898438 -0.0635719299316406 -0.26959228515625 -0.94415283203125
-0.037506103515625 -0.00770950317382812 -0.81805419921875 -0.19329833984375
-0.00919151306152344 0.0114345550537109 -0.479461669921875 0.4556884765625
0.016331672668457 0.0129251480102539 -0.0391845703125 0.51544189453125
0.00562763214111328 0.00194215774536133 0.253097534179688 0.24017333984375
0.0345478057861328 -0.00269317626953125 0.308746337890625 -0.016845703125
0.0258350372314453 -0.0265865325927734 -0.3193359375 -0.0285949707031251
0.00173187255859375 -0.0341930389404297 -0.212310791015625 -0.3065185546875
0.0267143249511719 -0.0144805908203125 0.10498046875 -0.52752685546875
0.0323104858398438 0.00223159790039063 0.5787353515625 -0.4217529296875
-0.00443458557128906 0.0182609558105469 0.73382568359375 0.27923583984375
-0.0261211395263672 0.0222587585449219 0.2415771484375 0.88250732421875
-0.0410537719726563 0.0640068054199219 -0.3262939453125 0.64337158203125
-0.0550041198730469 0.0536918640136719 0.028350830078125 0.0891571044921875
-0.0386466979980469 0.0287322998046875 0.501953125 -0.577392578125
-0.00563430786132813 0.0282115936279297 -0.11029052734375 -1.015625
0.00399398803710937 0.02069091796875 -0.81048583984375 -0.3812255859375
0.0252628326416016 -0.0082244873046875 -0.5880126953125 0.35345458984375
0.0283622741699219 -0.0017852783203125 -0.123504638671875 0.4990234375
-0.000137329101562501 -0.0216560363769531 0.223007202148437 0.26025390625
0.0193080902099609 -0.02923583984375 0.30328369140625 0.008819580078125
0.0259799957275391 -0.0261344909667969 -0.32208251953125 -0.040618896484375
0.00267791748046875 -0.0314712524414063 -0.200164794921875 -0.318267822265625
0.0280704498291016 -0.0122947692871094 0.137969970703125 -0.526641845703125
0.0299282073974609 0.0044708251953125 0.612060546875 -0.381591796875
-0.00825691223144531 0.0161247253417969 0.72137451171875 0.33941650390625
-0.0282249450683594 0.0204505920410156 0.1817626953125 0.89642333984375
-0.0466995239257812 0.065948486328125 -0.3399658203125 0.60357666015625
-0.0586395263671875 0.0557823181152344 0.0721893310546875 0.0591201782226562
-0.0412445068359375 0.0296096801757812 0.4833984375 -0.6204833984375
-0.00693321228027344 0.0267410278320313 -0.1820068359375 -0.9951171875
0.00397968292236328 0.0169363021850586 -0.82342529296875 -0.30615234375
0.022857666015625 -0.00976753234863281 -0.549163818359375 0.39111328125
0.02532958984375 -0.00346183776855469 -0.089141845703125 0.502227783203125
-0.000568389892578123 -0.0206012725830078 0.23529052734375 0.24981689453125
0.0192127227783203 -0.02850341796875 0.30291748046875 -0.00213623046875
0.0250358581542969 -0.0235118865966797 -0.3218994140625 -0.0504150390625
0.0067596435546875 -0.0279560089111328 -0.18701171875 -0.328582763671875
0.0266246795654297 -0.0088348388671875 0.167388916015625 -0.5216064453125
0.0234222412109375 0.00734519958496094 0.64447021484375 -0.3372802734375
-0.0141744613647461 0.0104541778564453 0.699951171875 0.40087890625
-0.02880859375 0.00918960571289063 0.1199951171875 0.90985107421875
-0.039764404296875 0.0572471618652344 -0.35516357421875 0.561981201171875
-0.0448684692382812 0.0511436462402344 0.112945556640625 0.0292892456054688
-0.0318279266357422 0.0210323333740234 0.46343994140625 -0.66156005859375
-0.00723648071289063 0.0176162719726562 -0.2470703125 -0.9658203125
0.000422477722167969 0.0125579833984375 -0.83123779296875 -0.23406982421875
0.0171928405761719 -0.0109214782714844 -0.51007080078125 0.4285888671875
0.0238876342773438 -0.00621223449707031 -0.052490234375 0.504119873046875
0.000434875488281252 -0.0182666778564453 0.249267578125 0.2386474609375
0.0190181732177734 -0.0241451263427734 0.305633544921875 -0.013336181640625
0.0266437530517578 -0.0174083709716797 -0.3204345703125 -0.060546875
0.0102710723876953 -0.0230255126953125 -0.175537109375 -0.336334228515625
0.0256671905517578 -0.00283241271972656 0.194915771484375 -0.515625
0.0139436721801758 0.0093841552734375 0.66644287109375 -0.3017578125
-0.0228347778320313 0.00210189819335938 0.68194580078125 0.45355224609375
-0.0246696472167969 -0.00716972351074219 0.0696411132812501 0.9185791015625
-0.0200614929199219 0.0393600463867188 -0.364288330078125 0.53125
-0.0159492492675781 0.0378646850585937 0.143875122070313 0.0053253173828125
-0.0163240432739258 0.00372028350830078 0.4429931640625 -0.6962890625
-0.00668621063232422 0.00244045257568359 -0.2989501953125 -0.947021484375
-0.00562381744384766 0.00733566284179688 -0.8328857421875 -0.1817626953125
0.0121316909790039 -0.00773811340332031 -0.476226806640625 0.45721435546875
0.0211887359619141 -0.003326416015625 -0.026885986328125 0.5068359375
0.00133705139160156 -0.0155353546142578 0.258056640625 0.230361938476563
0.0226039886474609 -0.0199527740478516 0.30609130859375 -0.021453857421875
0.0291633605957031 -0.0122413635253906 -0.31915283203125 -0.065704345703125
0.0117425918579102 -0.0165510177612305 -0.17010498046875 -0.339874267578125
0.023101806640625 0.00348091125488281 0.2105712890625 -0.50982666015625
0.00597095489501953 0.0119924545288086 0.680419921875 -0.2755126953125
-0.0319061279296875 -0.00680923461914063 0.66729736328125 0.48614501953125
-0.0167007446289063 -0.0295600891113281 0.0405883789062499 0.92529296875
0.00846385955810547 0.0159902572631836 -0.3699951171875 0.51141357421875
0.0215110778808594 0.0231761932373047 0.161285400390625 -0.011077880859375
0.00547027587890625 -0.018218994140625 0.4293212890625 -0.715576171875
-0.00759315490722656 -0.0149374008178711 -0.32647705078125 -0.93304443359375
-0.014796257019043 0.00346469879150391 -0.829345703125 -0.147705078125
0.00609970092773438 -0.00414133071899414 -0.454437255859375 0.4732666015625
0.0195465087890625 0.00025177001953125 -0.0111083984375 0.50994873046875
0.00321197509765625 -0.0097055435180664 0.262176513671875 0.224533081054687
0.0265159606933594 -0.0149555206298828 0.30706787109375 -0.02667236328125
0.0330066680908203 -0.00747489929199219 -0.31866455078125 -0.068023681640625
0.0140457153320313 -0.0108232498168945 -0.16888427734375 -0.34014892578125
0.0206451416015625 0.00944328308105469 0.21405029296875 -0.5076904296875
-0.00264453887939453 0.014185905456543 0.68359375 -0.26416015625
-0.0377006530761719 -0.0150184631347656 0.66253662109375 0.49407958984375
-0.00823211669921875 -0.0522575378417969 0.0309448242187499 0.9259033203125
0.0400199890136719 -0.00911331176757813 -0.373443603515625 0.504150390625
0.0619010925292969 0.00486373901367188 0.16204833984375 -0.0177001953125
0.0277557373046875 -0.0420989990234375 0.4219970703125 -0.72174072265625
-0.00592041015625 -0.0319652557373047 -0.3350830078125 -0.92578125
-0.0238018035888672 2.67028808593777E-05 -0.82855224609375 -0.1318359375
-0.000297188758850098 0.00042155385017395 -0.44464111328125 0.4814453125
0.0181884765625 0.00286483764648438 -0.00491333007812503 0.51055908203125
0.00431394577026367 -0.00592136383056641 0.265426635742188 0.2235107421875
0.0288810729980469 -0.00986099243164063 0.3095703125 -0.029266357421875
0.0371627807617187 -0.0024261474609375 -0.316864013671875 -0.0635375976562499
0.014190673828125 -0.0057525634765625 -0.171630859375 -0.335906982421875
0.0182971954345703 0.0149822235107422 0.20477294921875 -0.507598876953125
-0.00787734985351563 0.0156917572021484 0.67694091796875 -0.2718505859375
-0.0431938171386719 -0.0221710205078125 0.66876220703125 0.48370361328125
-0.001678466796875 -0.0731353759765625 0.0430908203125001 0.92340087890625
0.0684890747070313 -0.0343856811523438 -0.373565673828125 0.5087890625
0.1021728515625 -0.0127792358398438 0.147308349609375 -0.012054443359375
0.0509185791015625 -0.0649948120117188 0.4285888671875 -0.71075439453125
-0.00283050537109375 -0.0487403869628906 -0.3154296875 -0.93292236328125
-0.0322647094726562 -0.00288581848144532 -0.82659912109375 -0.1475830078125
-0.00502443313598633 0.00799942016601563 -0.453857421875 0.478790283203125
0.017176628112793 0.00831985473632813 -0.012176513671875 0.515625
0.00511598587036133 -0.00198841094970703 0.263534545898438 0.227264404296875
0.0327205657958984 -0.00503349304199219 0.310455322265625 -0.0272216796875
0.03961181640625 0.00081634521484375 -0.3162841796875 -0.0594787597656251
0.0147714614868164 -0.00222301483154297 -0.1810302734375 -0.329864501953125
0.0176239013671875 0.0172767639160156 0.18505859375 -0.510040283203125
-0.0110073089599609 0.0191173553466797 0.65966796875 -0.2960205078125
-0.0472259521484375 -0.0222434997558594 0.68408203125 0.449951171875
0.000801086425781259 -0.0867080688476562 0.0792846679687499 0.91656494140625
0.0905303955078125 -0.056610107421875 -0.370452880859375 0.529632568359375
0.134605407714844 -0.0280532836914063 0.11944580078125 0.00321197509765625
0.0730667114257812 -0.0835342407226563 0.43963623046875 -0.68743896484375
0.00173187255859375 -0.0633049011230469 -0.2835693359375 -0.9462890625
-0.0379219055175781 -0.00689315795898438 -0.8258056640625 -0.18212890625
-0.00930595397949219 0.0111379623413086 -0.474822998046875 0.46636962890625
0.0162591934204102 0.0128822326660156 -0.0301513671875 0.519195556640625
0.006622314453125 0.00109720230102539 0.258560180664063 0.238525390625
0.0336704254150391 -0.00403976440429688 0.311676025390625 -0.022552490234375
0.0262908935546875 -0.0269107818603516 -0.3216552734375 -0.023223876953125
-0.000221252441406251 -0.0332145690917969 -0.2200927734375 -0.304779052734375
0.0259647369384766 -0.0144386291503906 0.094085693359375 -0.534637451171875
0.0316371917724609 0.00192642211914063 0.570556640625 -0.434326171875
-0.00500297546386719 0.0183124542236328 0.742431640625 0.2672119140625
-0.0254592895507813 0.0226020812988281 0.2548828125 0.881103515625
-0.0403251647949219 0.0646133422851563 -0.31817626953125 0.65008544921875
-0.0556106567382813 0.0534210205078125 0.03045654296875 0.08770751953125
-0.0390129089355469 0.0294380187988281 0.49481201171875 -0.585205078125
-0.00510787963867187 0.0296001434326172 -0.1256103515625 -1.0164794921875
0.00416946411132813 0.0202789306640625 -0.82073974609375 -0.36822509765625
0.0254840850830078 -0.00896072387695313 -0.58441162109375 0.363525390625
0.0279788970947266 -0.00271797180175781 -0.11712646484375 0.504425048828125
-0.00140190124511719 -0.0205955505371094 0.228302001953125 0.2564697265625
0.0184726715087891 -0.0298652648925781 0.306671142578125 0.0030517578125
0.0248432159423828 -0.0269336700439453 -0.32415771484375 -0.0345764160156251
0.00300407409667969 -0.0319004058837891 -0.207427978515625 -0.316314697265625
0.0274143218994141 -0.0129108428955078 0.126007080078125 -0.531982421875
0.0288600921630859 0.00424766540527344 0.60626220703125 -0.3927001953125
-0.00816154479980469 0.015965461730957 0.72796630859375 0.33050537109375
-0.0271244049072266 0.020538330078125 0.1956787109375 0.897705078125
-0.0458908081054687 0.0674667358398438 -0.3331298828125 0.6097412109375
-0.0587348937988281 0.0560226440429687 0.0731124877929688 0.0571823120117188
-0.041656494140625 0.03057861328125 0.47430419921875 -0.63092041015625
-0.00536346435546875 0.027679443359375 -0.198974609375 -0.99468994140625
0.00459003448486328 0.0170421600341797 -0.8333740234375 -0.29425048828125
0.0221595764160156 -0.0110454559326172 -0.543914794921875 0.404388427734375
0.0258808135986328 -0.00557518005371094 -0.080535888671875 0.506866455078125
-0.000825881958007813 -0.0209293365478516 0.240219116210937 0.24615478515625
0.0183048248291016 -0.0299339294433594 0.305755615234375 -0.007232666015625
0.0232772827148438 -0.0235157012939453 -0.324798583984375 -0.046905517578125
0.00627517700195312 -0.0273532867431641 -0.194000244140625 -0.327667236328125
0.0272884368896484 -0.00900840759277344 0.158721923828125 -0.52679443359375
0.0233573913574219 0.00629806518554688 0.6402587890625 -0.351318359375
-0.0151805877685547 0.0109281539916992 0.70819091796875 0.39056396484375
-0.0284843444824219 0.00995254516601563 0.13287353515625 0.909912109375
-0.0394248962402344 0.0579605102539063 -0.3492431640625 0.5692138671875
-0.0447921752929688 0.05157470703125 0.1136474609375 0.0266799926757813
-0.0324535369873047 0.0218677520751953 0.4547119140625 -0.671630859375
-0.00675487518310547 0.0173549652099609 -0.2645263671875 -0.96527099609375
0.00114727020263672 0.0125837326049805 -0.8377685546875 -0.2205810546875
0.0179176330566406 -0.0115375518798828 -0.505859375 0.437530517578125
0.0231456756591797 -0.0063018798828125 -0.04376220703125 0.507904052734375
0.00100135803222656 -0.020050048828125 0.253952026367188 0.235488891601562
0.0192527770996094 -0.0254688262939453 0.307861328125 -0.017120361328125
0.0260696411132812 -0.0191230773925781 -0.324310302734375 -0.0538940429687499
0.00858116149902344 -0.0224380493164062 -0.183349609375 -0.335906982421875
0.0254383087158203 -0.00348281860351562 0.185546875 -0.52203369140625
0.0150880813598633 0.00902366638183594 0.6632080078125 -0.31396484375
-0.0240840911865234 0.00300407409667968 0.69073486328125 0.44427490234375
-0.0240116119384766 -0.00692176818847656 0.0835571289062499 0.9215087890625
-0.0193672180175781 0.0389366149902344 -0.35699462890625 0.538970947265625
-0.0160293579101562 0.0393562316894531 0.144683837890625 0.0015411376953125
-0.0165376663208008 0.00434589385986328 0.43353271484375 -0.703857421875
-0.00640535354614258 0.00297021865844727 -0.3154296875 -0.94537353515625
-0.00639200210571289 0.00704622268676758 -0.83953857421875 -0.16748046875
0.0116310119628906 -0.0088348388671875 -0.469696044921875 0.466949462890625
0.0206165313720703 -0.00451087951660156 -0.017852783203125 0.50830078125
0.00129032135009766 -0.0150976181030273 0.263198852539063 0.225830078125
0.0219650268554687 -0.0214729309082031 0.307891845703125 -0.02642822265625
0.0283470153808594 -0.0135402679443359 -0.322235107421875 -0.060699462890625
0.0106964111328125 -0.0158252716064453 -0.17755126953125 -0.337799072265625
0.0235233306884766 0.00302696228027344 0.20166015625 -0.517547607421875
0.00576114654541016 0.0116071701049805 0.67742919921875 -0.287109375
-0.0312747955322266 -0.00575637817382813 0.6773681640625 0.47650146484375
-0.0170783996582031 -0.0304279327392578 0.05328369140625 0.92938232421875
0.00842094421386719 0.0154914855957031 -0.364654541015625 0.518951416015625
0.0222396850585938 0.0228176116943359 0.16094970703125 -0.0142974853515625
0.00384330749511719 -0.0188846588134766 0.41961669921875 -0.72509765625
-0.00730133056640625 -0.0137491226196289 -0.34228515625 -0.93280029296875
-0.0149459838867187 0.00409507751464844 -0.8345947265625 -0.1343994140625
0.00532293319702148 -0.00469350814819336 -0.4483642578125 0.484130859375
0.0197601318359375 -0.000255584716796875 -0.00125122070312499 0.511016845703125
0.00279426574707031 -0.0101909637451172 0.267684936523438 0.221237182617187
0.0260295867919922 -0.0147933959960937 0.308380126953125 -0.03228759765625
0.0321369171142578 -0.00797653198242188 -0.321533203125 -0.0632629394531249
0.0141420364379883 -0.0107812881469727 -0.1756591796875 -0.33856201171875
0.0208568572998047 0.00888252258300781 0.20550537109375 -0.5150146484375
-0.00230503082275391 0.0139970779418945 0.68133544921875 -0.27740478515625
-0.0389633178710938 -0.0142097473144531 0.67169189453125 0.48590087890625
-0.00940322875976563 -0.0526275634765625 0.04327392578125 0.9293212890625
0.0395088195800781 -0.00990676879882813 -0.3663330078125 0.509124755859375
0.0618705749511719 0.003936767578125 0.162643432617188 -0.0213470458984375
0.0258026123046875 -0.0424690246582031 0.41571044921875 -0.7322998046875
-0.00595283508300782 -0.0322761535644531 -0.3529052734375 -0.92388916015625
-0.0243320465087891 2.6702880859374E-05 -0.83416748046875 -0.119384765625
4.88758087158195E-06 0.00136542320251465 -0.439849853515625 0.49261474609375
0.0189895629882813 0.00402069091796875 0.00506591796874999 0.51416015625
0.00422286987304688 -0.00664091110229492 0.270050048828125 0.22021484375
0.0295658111572266 -0.0118331909179688 0.3104248046875 -0.03411865234375
0.0363731384277344 -0.00376510620117188 -0.31976318359375 -0.0594482421875
0.0143718719482422 -0.00614261627197266 -0.17938232421875 -0.335113525390625
0.0186100006103516 0.0149269104003906 0.19561767578125 -0.513671875
-0.00770854949951172 0.0167293548583984 0.6741943359375 -0.28497314453125
-0.0438346862792969 -0.0207405090332031 0.67803955078125 0.47406005859375
-0.00154113769531251 -0.0733413696289063 0.05633544921875 0.928955078125
0.0686073303222656 -0.0365333557128906 -0.3685302734375 0.51611328125
0.1014404296875 -0.0145797729492188 0.147781372070313 -0.016265869140625
0.0491104125976562 -0.06634521484375 0.41851806640625 -0.72088623046875
-0.00408935546875 -0.0487709045410156 -0.3348388671875 -0.9306640625
-0.0320510864257813 -0.00309371948242188 -0.8330078125 -0.1351318359375
-0.00563526153564453 0.00694751739501953 -0.44659423828125 0.4892578125
0.0182113647460938 0.00758171081542969 -0.00408935546874998 0.517669677734375
0.0051727294921875 -0.00172090530395508 0.268402099609375 0.225418090820313
0.0334625244140625 -0.00748443603515625 0.3116455078125 -0.0328369140625
0.038299560546875 -0.000885009765625 -0.32135009765625 -0.0540771484375
0.0149030685424805 -0.00235557556152344 -0.18804931640625 -0.329437255859375
0.0173110961914063 0.0177936553955078 0.17486572265625 -0.51605224609375
-0.0119800567626953 0.019805908203125 0.65606689453125 -0.3096923828125
-0.0476455688476563 -0.0224189758300781 0.692626953125 0.440673828125
0.000198364257812509 -0.0871810913085938 0.09356689453125 0.9193115234375
0.08966064453125 -0.05865478515625 -0.36444091796875 0.5362548828125
0.134117126464844 -0.029998779296875 0.120353698730469 -5.34057617187518E-05
0.0714111328125 -0.0845413208007813 0.4315185546875 -0.69818115234375
0.000263214111328124 -0.0633506774902344 -0.30072021484375 -0.94317626953125
-0.0378608703613281 -0.00640106201171875 -0.83233642578125 -0.1680908203125
-0.00924301147460938 0.0116872787475586 -0.46929931640625 0.477752685546875
0.0180835723876953 0.0120792388916016 -0.021148681640625 0.5235595703125
0.00607919692993164 0.00162076950073242 0.264434814453125 0.23382568359375
0.0347843170166016 -0.00563812255859375 0.3134765625 -0.027313232421875
0.0247707366943359 -0.0284099578857422 -0.32421875 -0.01690673828125
-0.000932693481445312 -0.0328578948974609 -0.2274169921875 -0.302032470703125
0.0255584716796875 -0.0141944885253906 0.084320068359375 -0.53594970703125
0.0326328277587891 0.00174713134765625 0.56268310546875 -0.44610595703125
-0.00498390197753906 0.0177726745605469 0.74560546875 0.255615234375
-0.0253925323486328 0.0232753753662109 0.27001953125 0.8773193359375
-0.0388069152832031 0.0653228759765625 -0.30828857421875 0.6553955078125
-0.055084228515625 0.0543403625488281 0.0314178466796875 0.0864715576171875
-0.0396690368652344 0.029693603515625 0.4871826171875 -0.5938720703125
-0.00534248352050781 0.0291690826416016 -0.142822265625 -1.0142822265625
0.00533294677734375 0.0198192596435547 -0.828125 -0.353515625
0.0242576599121094 -0.00943183898925781 -0.58026123046875 0.3753662109375
0.0280494689941406 -0.0037078857421875 -0.107513427734375 0.5086669921875
-0.00171661376953125 -0.0204658508300781 0.235198974609375 0.252685546875
0.0178871154785156 -0.0316734313964844 0.308135986328125 -0.00238037109375
0.0237388610839844 -0.0277500152587891 -0.326080322265625 -0.02880859375
0.00131607055664063 -0.0315895080566406 -0.214996337890625 -0.314300537109375
0.0274505615234375 -0.0127048492431641 0.115570068359375 -0.536285400390625
0.0290889739990234 0.00305557250976563 0.600830078125 -0.40533447265625
-0.00920295715332031 0.0162372589111328 0.73309326171875 0.31756591796875
-0.0275936126708984 0.0215930938720703 0.21044921875 0.894775390625
-0.0437088012695313 0.0676383972167969 -0.3248291015625 0.6148681640625
-0.058868408203125 0.0580177307128906 0.0748443603515625 0.0553359985351563
-0.0412635803222656 0.0307693481445312 0.4654541015625 -0.6390380859375
-0.00534248352050781 0.0279197692871094 -0.21697998046875 -0.99249267578125
0.00478553771972656 0.0178260803222656 -0.839599609375 -0.28125
0.0219230651855469 -0.0119571685791016 -0.5391845703125 0.413726806640625
0.0258960723876953 -0.00654983520507813 -0.070892333984375 0.5093994140625
-0.00104713439941406 -0.0208644866943359 0.24566650390625 0.242523193359375
0.017242431640625 -0.0291423797607422 0.30810546875 -0.012451171875
0.0241928100585938 -0.0236434936523437 -0.327484130859375 -0.040008544921875
0.00506782531738281 -0.0269966125488281 -0.20123291015625 -0.32501220703125
0.0275287628173828 -0.00938796997070313 0.148590087890625 -0.53125
0.0225868225097656 0.00625228881835937 0.63409423828125 -0.3641357421875
-0.0156183242797852 0.012110710144043 0.71575927734375 0.3804931640625
-0.0281581878662109 0.00999259948730468 0.147216796875 0.90985107421875
-0.0385246276855469 0.0579719543457031 -0.33990478515625 0.5740966796875
-0.0447273254394531 0.051849365234375 0.114402770996094 0.0243911743164063
-0.0330867767333984 0.022430419921875 0.4444580078125 -0.6806640625
-0.006072998046875 0.017669677734375 -0.28228759765625 -0.9630126953125
0.00139141082763672 0.0125837326049805 -0.84234619140625 -0.2069091796875
0.0163698196411133 -0.0122785568237305 -0.498291015625 0.4488525390625
0.0235729217529297 -0.00640869140625 -0.034332275390625 0.51202392578125
-0.000217437744140625 -0.0193996429443359 0.258544921875 0.231201171875
0.0184345245361328 -0.0268783569335938 0.309661865234375 -0.023834228515625
0.0254955291748047 -0.0191841125488281 -0.32598876953125 -0.047607421875
0.00835037231445313 -0.0221500396728516 -0.1912841796875 -0.332794189453125
0.0264873504638672 -0.00330543518066406 0.174957275390625 -0.52838134765625
0.0142784118652344 0.00961017608642578 0.6595458984375 -0.3265380859375
-0.0238780975341797 0.00389289855957031 0.697998046875 0.43316650390625
-0.0245895385742188 -0.00776100158691406 0.0989990234375001 0.92169189453125
-0.0186996459960938 0.0401344299316406 -0.350250244140625 0.543060302734375
-0.0172195434570313 0.03936767578125 0.144699096679688 -0.0018463134765625
-0.0170822143554688 0.00458717346191406 0.42431640625 -0.71240234375
-0.0067448616027832 0.00423240661621094 -0.3314208984375 -0.941650390625
-0.00585174560546875 0.0087432861328125 -0.84234619140625 -0.1529541015625
0.010894775390625 -0.00955390930175781 -0.46160888671875 0.475677490234375
0.0214691162109375 -0.00409889221191406 -0.00729370117187499 0.510406494140625
0.00115585327148437 -0.0153951644897461 0.267898559570313 0.221435546875
0.0211219787597656 -0.0220146179199219 0.308563232421875 -0.0325927734375
0.0288238525390625 -0.0144214630126953 -0.32537841796875 -0.05340576171875
0.0118255615234375 -0.0153064727783203 -0.184478759765625 -0.336517333984375
0.0241546630859375 0.0032806396484375 0.19195556640625 -0.52215576171875
0.00560569763183594 0.0120248794555664 0.67169189453125 -0.29998779296875
-0.0329265594482422 -0.00485038757324219 0.68505859375 0.4661865234375
-0.0173854827880859 -0.0304756164550781 0.06793212890625 0.92889404296875
0.00868606567382812 0.0153894424438477 -0.35577392578125 0.523223876953125
0.0216159820556641 0.0226154327392578 0.16162109375 -0.018310546875
0.00297355651855469 -0.0185775756835938 0.40985107421875 -0.73236083984375
-0.00751209259033203 -0.0139102935791016 -0.35943603515625 -0.92706298828125
-0.0158443450927734 0.00419521331787109 -0.83868408203125 -0.1197509765625
0.00449562072753906 -0.00445890426635742 -0.4403076171875 0.492462158203125
0.0201473236083984 -0.00153732299804688 0.00772094726562499 0.511383056640625
0.00205421447753906 -0.0109224319458008 0.272018432617187 0.216751098632812
0.0250415802001953 -0.0167961120605469 0.310577392578125 -0.038482666015625
0.0322284698486328 -0.00905609130859375 -0.324005126953125 -0.05560302734375
0.0130796432495117 -0.0100269317626953 -0.184478759765625 -0.336517333984375
0.0212345123291016 0.00902748107910156 0.19549560546875 -0.519378662109375
-0.00268268585205078 0.0142097473144531 0.6767578125 -0.29046630859375
-0.0386848449707031 -0.0138206481933594 0.680908203125 0.47760009765625
-0.00889205932617188 -0.0529670715332031 0.05914306640625 0.92919921875
0.0402145385742187 -0.0104598999023437 -0.360748291015625 0.513916015625
0.0626068115234375 0.00284957885742187 0.161712646484375 -0.0242156982421875
0.0243110656738281 -0.0435371398925781 0.401611328125 -0.73980712890625
-0.00690460205078125 -0.0323600769042969 -0.36566162109375 -0.92144775390625
-0.0245094299316406 0.000978469848632813 -0.83721923828125 -0.10626220703125
-0.000735282897949219 0.0011744499206543 -0.43310546875 0.499847412109375
0.0182399749755859 0.00328636169433594 0.014373779296875 0.513641357421875
0.00394058227539063 -0.00612545013427734 0.275390625 0.215835571289063
0.028594970703125 -0.0127239227294922 0.31097412109375 -0.040985107421875
0.0367584228515625 -0.00418472290039063 -0.3228759765625 -0.0539245605468751
0.0140104293823242 -0.00555038452148438 -0.187103271484375 -0.331878662109375
0.0197792053222656 0.0145339965820313 0.184814453125 -0.51885986328125
-0.00903034210205078 0.0174560546875 0.6680908203125 -0.29888916015625
-0.0457496643066406 -0.0200462341308594 0.6861572265625 0.4637451171875
-0.00356292724609375 -0.073638916015625 0.0692138671875 0.92864990234375
0.069793701171875 -0.0379295349121094 -0.36163330078125 0.5225830078125
0.101936340332031 -0.0167083740234375 0.148300170898438 -0.0192108154296875
0.0477561950683594 -0.0671463012695313 0.4071044921875 -0.72991943359375
-0.004486083984375 -0.048675537109375 -0.35015869140625 -0.92584228515625
-0.0324230194091797 -0.00181770324707031 -0.8355712890625 -0.118408203125
-0.00566244125366211 0.00596714019775391 -0.439971923828125 0.499542236328125
0.0181179046630859 0.00783538818359375 0.00747680664062495 0.517913818359375
0.00590085983276367 -0.00245046615600586 0.274337768554688 0.219650268554688
0.0325813293457031 -0.00891876220703125 0.312896728515625 -0.039703369140625
0.0395584106445313 -0.00130081176757813 -0.322845458984375 -0.047698974609375
0.0153160095214844 -0.00229358673095703 -0.1962890625 -0.325531005859375
0.0179100036621094 0.0181770324707031 0.1641845703125 -0.52001953125
-0.0119590759277344 0.0200538635253906 0.64923095703125 -0.32171630859375
-0.0477561950683594 -0.0210914611816406 0.70233154296875 0.43084716796875
-0.000900268554687499 -0.0881195068359375 0.107421875 0.91790771484375
0.0894317626953125 -0.0603179931640625 -0.3587646484375 0.54119873046875
0.133872985839844 -0.032501220703125 0.120445251464844 -0.00323486328125
0.06903076171875 -0.0855560302734375 0.42034912109375 -0.7061767578125
-0.000625610351562495 -0.0633049011230469 -0.3173828125 -0.93939208984375
-0.0377769470214844 -0.00583648681640625 -0.83782958984375 -0.15411376953125
-0.0100746154785156 0.0117225646972656 -0.463043212890625 0.486419677734375
0.0178356170654297 0.012176513671875 -0.0112609863281249 0.52386474609375
0.00643539428710937 0.000875949859619141 0.269149780273438 0.230804443359375
0.0338993072509766 -0.00637435913085938 0.314117431640625 -0.0330810546875
0.0244712829589844 -0.0289955139160156 -0.3260498046875 -0.01031494140625
-0.00187110900878906 -0.0321540832519531 -0.233612060546875 -0.296966552734375
0.0258998870849609 -0.0144023895263672 0.0729980468749999 -0.53900146484375
0.0310287475585938 0.000858306884765625 0.553558349609375 -0.45672607421875
-0.00473594665527344 0.0178375244140625 0.74896240234375 0.24267578125
-0.0243148803710938 0.0231246948242187 0.2838134765625 0.87322998046875
-0.0374946594238281 0.0672340393066406 -0.29833984375 0.6573486328125
-0.0542678833007813 0.0555458068847656 0.0328140258789063 0.0854339599609375
-0.0403938293457031 0.0317802429199219 0.47509765625 -0.60015869140625
-0.00496673583984375 0.0299129486083984 -0.1611328125 -1.0098876953125
0.00482559204101562 0.0211982727050781 -0.834716796875 -0.3414306640625
0.023101806640625 -0.0104179382324219 -0.57293701171875 0.38580322265625
0.0283946990966797 -0.00426483154296875 -0.097412109375 0.5093994140625
-0.0018310546875 -0.0209503173828125 0.23870849609375 0.248550415039063
0.0169734954833984 -0.0312690734863281 0.309539794921875 -0.008880615234375
0.0225868225097656 -0.0286083221435547 -0.3271484375 -0.0225219726562501
0.000305175781249997 -0.0299854278564453 -0.221649169921875 -0.310028076171875
0.0272331237792969 -0.0122566223144531 0.10528564453125 -0.53759765625
0.02923583984375 0.00292015075683594 0.5894775390625 -0.416259765625
-0.00982952117919922 0.0164241790771484 0.73779296875 0.30426025390625
-0.0269966125488281 0.0204124450683594 0.2244873046875 0.889892578125
-0.0421981811523438 0.0685234069824219 -0.31463623046875 0.61944580078125
-0.0586128234863281 0.0588912963867188 0.0754318237304688 0.0532684326171875
-0.0419502258300781 0.0312309265136719 0.456298828125 -0.64501953125
-0.00593757629394531 0.0277328491210938 -0.233154296875 -0.98663330078125
0.00511741638183594 0.0179786682128906 -0.84405517578125 -0.26220703125
0.0212993621826172 -0.0127277374267578 -0.531707763671875 0.4241943359375
0.0263156890869141 -0.00579643249511719 -0.06097412109375 0.510772705078125
-0.00159645080566406 -0.0202598571777344 0.250137329101562 0.237960815429688
0.0162906646728516 -0.0311985015869141 0.3095703125 -0.019073486328125
0.0230560302734375 -0.02447509765625 -0.328155517578125 -0.034332275390625
0.00482749938964844 -0.0268688201904297 -0.209136962890625 -0.32177734375
0.0262908935546875 -0.00934982299804688 0.137603759765625 -0.53472900390625
0.0233726501464844 0.00635910034179688 0.6256103515625 -0.37469482421875
-0.0159378051757813 0.0116252899169922 0.7193603515625 0.366455078125
-0.0273342132568359 0.0104789733886719 0.16351318359375 0.90643310546875
-0.0351715087890625 0.0588493347167969 -0.33172607421875 0.57928466796875
-0.0449981689453125 0.053466796875 0.115058898925781 0.021392822265625
-0.0339889526367188 0.0231246948242188 0.429931640625 -0.68658447265625
-0.00670623779296875 0.017913818359375 -0.29754638671875 -0.9569091796875
0.00125885009765625 0.0122041702270508 -0.84710693359375 -0.1907958984375
0.0159549713134766 -0.0129508972167969 -0.48980712890625 0.458465576171875
0.0236530303955078 -0.00695610046386719 -0.02471923828125 0.510498046875
-0.000322341918945314 -0.0191287994384766 0.263397216796875 0.226364135742188
0.0169792175292969 -0.0276203155517578 0.30975341796875 -0.029510498046875
0.0248279571533203 -0.0196418762207031 -0.329071044921875 -0.0416259765625
0.00760459899902344 -0.0225353240966797 -0.19940185546875 -0.32958984375
0.0264549255371094 -0.00305366516113281 0.164215087890625 -0.530303955078125
0.0141725540161133 0.00870227813720703 0.64910888671875 -0.338134765625
-0.0247478485107422 0.00432968139648437 0.703369140625 0.4205322265625
-0.02392578125 -0.00810623168945313 0.11334228515625 0.918701171875
-0.0170860290527344 0.0406608581542969 -0.342620849609375 0.54827880859375
-0.0160789489746094 0.0397300720214844 0.143997192382813 -0.0053863525390625
-0.018585205078125 0.00455665588378906 0.4114990234375 -0.719970703125
-0.0071263313293457 0.00387048721313477 -0.34820556640625 -0.935302734375
-0.00568437576293945 0.00849485397338867 -0.84521484375 -0.13714599609375
0.00989151000976563 -0.0100584030151367 -0.45391845703125 0.4842529296875
0.0214195251464844 -0.00526618957519531 0.00109863281249995 0.510589599609375
0.000549316406250002 -0.014653205871582 0.270721435546875 0.21624755859375
0.0198822021484375 -0.0238399505615234 0.310577392578125 -0.0380859375
0.0283126831054688 -0.0149421691894531 -0.326416015625 -0.0469360351562499
0.0105361938476563 -0.0149316787719727 -0.192352294921875 -0.3333740234375
0.0237712860107422 0.003082275390625 0.179718017578125 -0.526153564453125
0.00553607940673828 0.0108547210693359 0.6649169921875 -0.31146240234375
-0.0320949554443359 -0.00464630126953124 0.69140625 0.45452880859375
-0.0172100067138672 -0.0303611755371094 0.084228515625 0.92791748046875
0.0100126266479492 0.0145578384399414 -0.34759521484375 0.528564453125
0.0214557647705078 0.0225067138671875 0.1602783203125 -0.022735595703125
0.0018310546875 -0.0172042846679687 0.39654541015625 -0.74005126953125
-0.00742340087890625 -0.0138654708862305 -0.37603759765625 -0.9189453125
-0.0149240493774414 0.00551223754882812 -0.84228515625 -0.10540771484375
0.00473690032958984 -0.00496721267700195 -0.431884765625 0.5001220703125
0.0199851989746094 -0.00152587890625 0.01861572265625 0.511566162109375
0.00256061553955078 -0.0103578567504883 0.276397705078125 0.211441040039063
0.0244102478027344 -0.0188617706298828 0.30999755859375 -0.043609619140625
0.03228759765625 -0.00982093811035156 -0.3265380859375 -0.0498046875
0.0124921798706055 -0.0097494125366211 -0.1915283203125 -0.333099365234375
0.0218963623046875 0.00945663452148438 0.183624267578125 -0.523101806640625
-0.00316810607910156 0.0140619277954102 0.6700439453125 -0.302490234375
-0.0406303405761719 -0.0134468078613281 0.6866455078125 0.464111328125
-0.01019287109375 -0.0532951354980469 0.0740966796875001 0.92730712890625
0.0402679443359375 -0.0114707946777344 -0.352569580078125 0.519256591796875
0.061431884765625 0.00245285034179688 0.16192626953125 -0.029205322265625
0.0238151550292969 -0.0424995422363281 0.39031982421875 -0.7464599609375
-0.00757598876953125 -0.0318050384521484 -0.38201904296875 -0.91241455078125
-0.0244007110595703 0.0015716552734375 -0.83843994140625 -0.0913696289062501
-0.00116467475891113 0.00135600566864014 -0.421905517578125 0.507904052734375
0.017913818359375 0.002410888671875 0.023406982421875 0.51519775390625
0.00423479080200195 -0.00625991821289063 0.279296875 0.210128784179688
0.0277843475341797 -0.0132980346679688 0.311126708984375 -0.046722412109375
0.0367050170898438 -0.0056610107421875 -0.3245849609375 -0.045989990234375
0.0137910842895508 -0.00474929809570313 -0.194000244140625 -0.328094482421875
0.0194149017333984 0.0141124725341797 0.17303466796875 -0.521087646484375
-0.0079965591430664 0.0163764953613281 0.66162109375 -0.30902099609375
-0.0462913513183594 -0.0191001892089844 0.6934814453125 0.4522705078125
-0.00420379638671875 -0.0740737915039063 0.08563232421875 0.92694091796875
0.0688285827636719 -0.039215087890625 -0.353363037109375 0.524993896484375
0.100975036621094 -0.017608642578125 0.147781372070313 -0.02276611328125
0.0465316772460937 -0.0669670104980469 0.3958740234375 -0.734619140625
-0.00576400756835938 -0.0488319396972656 -0.3662109375 -0.91888427734375
-0.0324649810791016 -0.000988006591796868 -0.8385009765625 -0.103271484375
-0.0062556266784668 0.00719118118286133 -0.429412841796875 0.505615234375
0.0190410614013672 0.00867080688476563 0.0159912109374999 0.51739501953125
0.00500631332397461 -0.00324726104736328 0.27777099609375 0.2152099609375
0.0317134857177734 -0.0100212097167969 0.31207275390625 -0.044464111328125
0.0392494201660156 -0.002197265625 -0.325531005859375 -0.041015625
0.014775276184082 -0.00207614898681641 -0.203216552734375 -0.322418212890625
0.0187263488769531 0.0182704925537109 0.15380859375 -0.52325439453125
-0.0110149383544922 0.0199089050292969 0.6412353515625 -0.3328857421875
-0.0496635437011719 -0.020477294921875 0.70843505859375 0.41925048828125
-0.00226593017578124 -0.089080810546875 0.121337890625 0.91748046875
0.0887985229492188 -0.0623321533203125 -0.349273681640625 0.5450439453125
0.132339477539063 -0.034027099609375 0.119857788085938 -0.00627899169921875
0.0670242309570313 -0.085845947265625 0.407470703125 -0.71478271484375
-0.00195693969726563 -0.0645408630371094 -0.33233642578125 -0.9342041015625
-0.0377922058105469 -0.00418853759765626 -0.8388671875 -0.1397705078125
-0.00926113128662109 0.0110540390014648 -0.45318603515625 0.4945068359375
0.0176429748535156 0.0112247467041016 -0.001190185546875 0.524749755859375
0.00618219375610352 0.000525951385498047 0.273406982421875 0.22589111328125
0.0332431793212891 -0.00720024108886719 0.314361572265625 -0.03900146484375
0.0224819183349609 -0.0294075012207031 -0.326080322265625 -0.00308227539062493
-0.00236320495605469 -0.0315322875976563 -0.240753173828125 -0.292388916015625
0.0260124206542969 -0.0148658752441406 0.061187744140625 -0.539276123046875
0.031707763671875 0.000612258911132813 0.541900634765625 -0.464691162109375
-0.00432968139648437 0.0189704895019531 0.7508544921875 0.2271728515625
-0.0223770141601563 0.0223007202148437 0.296875 0.8653564453125
-0.0366172790527344 0.0667877197265625 -0.28570556640625 0.65875244140625
-0.0537757873535156 0.0568771362304688 0.0342941284179687 0.0824813842773438
-0.0400810241699219 0.0315513610839844 0.4674072265625 -0.60858154296875
-0.00414085388183594 0.0299282073974609 -0.177734375 -1.00408935546875
0.0055999755859375 0.0208263397216797 -0.83758544921875 -0.325439453125
0.0230388641357422 -0.0113334655761719 -0.5653076171875 0.39556884765625
0.027740478515625 -0.00468254089355469 -0.088165283203125 0.510894775390625
-0.00115585327148437 -0.0205307006835938 0.242324829101563 0.24383544921875
0.0149459838867188 -0.0314598083496094 0.309051513671875 -0.013763427734375
0.0227565765380859 -0.0294437408447266 -0.328155517578125 -0.01605224609375
-5.14984130859376E-05 -0.0290660858154297 -0.227142333984375 -0.304962158203125
0.0268363952636719 -0.0130672454833984 0.09228515625 -0.53839111328125
0.0279064178466797 0.00197601318359375 0.57958984375 -0.42816162109375
-0.00962066650390625 0.0172996520996094 0.739501953125 0.29107666015625
-0.0258293151855469 0.0211048126220703 0.23822021484375 0.8858642578125
-0.0416488647460938 0.068572998046875 -0.30462646484375 0.62176513671875
-0.0567588806152344 0.0595054626464844 0.0760498046875 0.04986572265625
-0.0420341491699219 0.0324440002441406 0.4443359375 -0.65057373046875
-0.005096435546875 0.0276088714599609 -0.24847412109375 -0.97998046875
0.00428390502929687 0.0169086456298828 -0.8453369140625 -0.25054931640625
0.0199356079101563 -0.0139179229736328 -0.52301025390625 0.432281494140625
0.0257339477539063 -0.00680732727050781 -0.05322265625 0.510711669921875
-0.00104522705078125 -0.0209770202636719 0.254470825195312 0.23291015625
0.01629638671875 -0.0316143035888672 0.308685302734375 -0.023284912109375
0.02252197265625 -0.0257740020751953 -0.329864501953125 -0.02691650390625
0.00412559509277343 -0.0252857208251953 -0.215118408203125 -0.317474365234375
0.0271568298339844 -0.0093994140625 0.125579833984375 -0.536651611328125
0.0218753814697266 0.00508308410644531 0.61492919921875 -0.384521484375
-0.0162239074707031 0.0120267868041992 0.72174072265625 0.35321044921875
-0.0277290344238281 0.00998687744140625 0.175048828125 0.90032958984375
-0.0340461730957031 0.0595703125 -0.321044921875 0.57904052734375
-0.0437049865722656 0.0542030334472656 0.114387512207031 0.0181121826171875
-0.0353469848632812 0.0242919921875 0.42022705078125 -0.69110107421875
-0.0060272216796875 0.0184059143066406 -0.3134765625 -0.94891357421875
0.00247669219970703 0.0135440826416016 -0.84808349609375 -0.17852783203125
0.0150699615478516 -0.0128412246704102 -0.48065185546875 0.465576171875
0.0230312347412109 -0.00805282592773438 -0.01605224609375 0.510223388671875
-0.00010108947753906 -0.0183925628662109 0.267074584960938 0.22064208984375
0.0181427001953125 -0.0275001525878906 0.308624267578125 -0.034393310546875
0.0239467620849609 -0.0203304290771484 -0.32867431640625 -0.035614013671875
0.00665855407714844 -0.0211887359619141 -0.20477294921875 -0.325897216796875
0.0263347625732422 -0.00366401672363281 0.152496337890625 -0.5325927734375
0.0141477584838867 0.00846767425537109 0.6412353515625 -0.3475341796875
-0.0246009826660156 0.0052642822265625 0.7086181640625 0.4066162109375
-0.0234813690185547 -0.00723648071289063 0.12677001953125 0.91510009765625
-0.0161399841308594 0.0402603149414063 -0.33270263671875 0.548583984375
-0.0156059265136719 0.0396728515625 0.144058227539063 -0.00872802734375
-0.018951416015625 0.00517082214355469 0.3988037109375 -0.72381591796875
-0.00730657577514648 0.004180908203125 -0.36236572265625 -0.9254150390625
-0.00630664825439453 0.0083460807800293 -0.8453369140625 -0.12353515625
0.00925636291503906 -0.0102643966674805 -0.4439697265625 0.491058349609375
0.0213947296142578 -0.00495147705078125 0.01165771484375 0.50823974609375
0.000837326049804687 -0.0160102844238281 0.27459716796875 0.2108154296875
0.0192890167236328 -0.0232410430908203 0.31048583984375 -0.04364013671875
0.0283069610595703 -0.0146808624267578 -0.326934814453125 -0.041534423828125
0.00973796844482422 -0.0139551162719727 -0.19805908203125 -0.328887939453125
0.0239772796630859 0.00370407104492188 0.168975830078125 -0.52740478515625
0.00461483001708984 0.0118494033813477 0.65472412109375 -0.3236083984375
-0.0332088470458984 -0.00387763977050782 0.6959228515625 0.442138671875
-0.0183353424072266 -0.030853271484375 0.09588623046875 0.92413330078125
0.0111455917358398 0.0153512954711914 -0.34124755859375 0.529266357421875
0.0211601257324219 0.0225181579589844 0.1597900390625 -0.025787353515625
-0.000270843505859374 -0.0179920196533203 0.38421630859375 -0.74359130859375
-0.00742435455322265 -0.0131254196166992 -0.38885498046875 -0.91009521484375
-0.0149974822998047 0.00509834289550782 -0.8411865234375 -0.0899047851562499
0.00407600402832031 -0.00450420379638672 -0.42236328125 0.508087158203125
0.0212669372558594 -0.00147438049316406 0.0269775390625 0.51043701171875
0.00256633758544922 -0.0104503631591797 0.279403686523438 0.204849243164063
0.0240974426269531 -0.0191249847412109 0.309844970703125 -0.0501708984375
0.0316619873046875 -0.00999832153320313 -0.326171875 -0.043212890625
0.0123300552368164 -0.0100536346435547 -0.198944091796875 -0.328460693359375
0.0220565795898438 0.00951957702636719 0.170562744140625 -0.52545166015625
-0.00276470184326172 0.0145893096923828 0.66162109375 -0.31219482421875
-0.0397796630859375 -0.0126533508300781 0.6915283203125 0.451171875
-0.0104179382324219 -0.0529365539550781 0.087158203125 0.9239501953125
0.0405311584472656 -0.0119895935058594 -0.34393310546875 0.520294189453125
0.0608901977539063 0.00079345703125 0.160751342773438 -0.0326995849609375
0.0204277038574219 -0.0440025329589844 0.37786865234375 -0.751220703125
-0.00789642333984375 -0.0308036804199219 -0.39544677734375 -0.9031982421875
-0.0237655639648438 0.00243568420410157 -0.8382568359375 -0.0763549804687501
-0.00195837020874023 0.000569581985473633 -0.412078857421875 0.514190673828125
0.01922607421875 0.00200271606445313 0.0333251953125 0.5123291015625
0.00450754165649414 -0.00788402557373047 0.28167724609375 0.2047119140625
0.0271453857421875 -0.0134525299072266 0.310821533203125 -0.053131103515625
0.0367774963378906 -0.00541305541992188 -0.326202392578125 -0.04052734375
0.0139551162719727 -0.00500297546386719 -0.20184326171875 -0.325225830078125
0.0192623138427734 0.0151157379150391 0.1629638671875 -0.5242919921875
-0.00792121887207031 0.0175132751464844 0.6529541015625 -0.31976318359375
-0.0459861755371094 -0.0181694030761719 0.6973876953125 0.4398193359375
-0.00528717041015625 -0.073516845703125 0.0994873046875 0.92449951171875
0.0686378479003906 -0.0407562255859375 -0.345001220703125 0.52764892578125
0.100486755371094 -0.0185012817382813 0.146987915039063 -0.02691650390625
0.04327392578125 -0.0675582885742188 0.38238525390625 -0.74017333984375
-0.00736618041992188 -0.0484657287597656 -0.3787841796875 -0.91064453125
-0.0319690704345703 -3.81469726562495E-06 -0.83685302734375 -0.0902099609374999
-0.00629472732543945 0.00583791732788086 -0.420654296875 0.51220703125
0.0186538696289063 0.007598876953125 0.026519775390625 0.516510009765625
0.00476217269897461 -0.0028080940246582 0.28204345703125 0.208770751953125
0.0315170288085938 -0.00948715209960938 0.31329345703125 -0.05029296875
0.0374488830566406 -0.00323486328125 -0.32574462890625 -0.035247802734375
0.0142612457275391 -0.00105762481689453 -0.21044921875 -0.317962646484375
0.0194530487060547 0.0185317993164063 0.141876220703125 -0.52496337890625
-0.0122165679931641 0.0198802947998047 0.6339111328125 -0.34332275390625
-0.050567626953125 -0.01983642578125 0.71160888671875 0.406005859375
-0.00415802001953126 -0.0884628295898438 0.1376953125 0.91241455078125
0.0878219604492188 -0.06304931640625 -0.34027099609375 0.54931640625
0.130889892578125 -0.0354843139648438 0.118812561035156 -0.0102081298828125
0.064422607421875 -0.0865707397460937 0.39739990234375 -0.71734619140625
-0.003662109375 -0.0628013610839844 -0.34869384765625 -0.9232177734375
-0.0380325317382813 -0.00422286987304688 -0.83917236328125 -0.1253662109375
-0.00900936126708985 0.0104026794433594 -0.44287109375 0.5010986328125
0.017542839050293 0.0110940933227539 0.00994873046875005 0.522186279296875
0.00649785995483398 0.000275611877441406 0.276504516601563 0.218704223632813
0.033233642578125 -0.00867843627929688 0.3131103515625 -0.0457763671875
0.0222702026367188 -0.0305442810058594 -0.324462890625 0.00183105468749997
-0.00318717956542969 -0.0314388275146484 -0.245941162109375 -0.2877197265625
0.0258541107177734 -0.0146427154541016 0.0504150390624999 -0.536712646484375
0.0302333831787109 -1.71661376953125E-05 0.531341552734375 -0.470947265625
-0.0049285888671875 0.0187149047851562 0.7467041015625 0.21466064453125
-0.0218143463134766 0.0232772827148437 0.30743408203125 0.85699462890625
-0.0341567993164062 0.0673828125 -0.27630615234375 0.6590576171875
-0.0528144836425781 0.0574913024902344 0.0346145629882813 0.0808639526367188
-0.0414924621582031 0.032684326171875 0.4537353515625 -0.61053466796875
-0.00400352478027343 0.0298271179199219 -0.19207763671875 -0.99505615234375
0.00548171997070313 0.0220165252685547 -0.839599609375 -0.30987548828125
0.0221481323242187 -0.0119552612304687 -0.5557861328125 0.403289794921875
0.0286979675292969 -0.00625038146972656 -0.08026123046875 0.509796142578125
-0.0017547607421875 -0.0203304290771484 0.246078491210937 0.239501953125
0.0138645172119141 -0.0323009490966797 0.30908203125 -0.02032470703125
0.0221710205078125 -0.0296096801757813 -0.328338623046875 -0.010040283203125
-0.000459671020507813 -0.0280075073242188 -0.23248291015625 -0.300140380859375
0.026947021484375 -0.0133934020996094 0.081451416015625 -0.538330078125
0.0281009674072266 0.00240898132324219 0.56890869140625 -0.43438720703125
-0.00902462005615234 0.0167522430419922 0.739013671875 0.27825927734375
-0.0251674652099609 0.0203018188476562 0.25103759765625 0.876708984375
-0.0395851135253906 0.0698394775390625 -0.29534912109375 0.62200927734375
-0.0573043823242187 0.0611686706542969 0.075714111328125 0.0473403930664063
-0.0426597595214844 0.0338935852050781 0.43231201171875 -0.65277099609375
-0.00474929809570312 0.0284023284912109 -0.26422119140625 -0.96929931640625
0.00574493408203125 0.0177497863769531 -0.84674072265625 -0.234130859375
0.0200595855712891 -0.0145225524902344 -0.514251708984375 0.438934326171875
0.0270614624023437 -0.00750160217285156 -0.0444946289062501 0.51019287109375
-0.00147438049316406 -0.0199985504150391 0.256332397460938 0.22735595703125
0.01416015625 -0.0324478149414063 0.308319091796875 -0.029937744140625
0.0209121704101563 -0.0264091491699219 -0.32958984375 -0.019866943359375
0.00270843505859375 -0.0246601104736328 -0.221710205078125 -0.3111572265625
0.0276889801025391 -0.00929450988769531 0.114349365234375 -0.53582763671875
0.0224189758300781 0.00642204284667969 0.603515625 -0.39398193359375
-0.016331672668457 0.0127439498901367 0.72265625 0.33966064453125
-0.0254268646240234 0.0109004974365234 0.188232421875 0.89447021484375
-0.0327949523925781 0.0594863891601563 -0.3116455078125 0.580322265625
-0.0432662963867188 0.0545997619628906 0.114006042480469 0.0141143798828125
-0.034759521484375 0.0245704650878906 0.407470703125 -0.6934814453125
-0.00619316101074219 0.0194740295410156 -0.32415771484375 -0.936767578125
0.00171470642089844 0.0132131576538086 -0.84600830078125 -0.1607666015625
0.0148324966430664 -0.0141324996948242 -0.470367431640625 0.471099853515625
0.0235347747802734 -0.00803756713867188 -0.00784301757812504 0.507843017578125
-0.000869750976562499 -0.0189933776855469 0.269546508789063 0.2156982421875
0.0152626037597656 -0.0278682708740234 0.308502197265625 -0.03961181640625
0.0235309600830078 -0.0205707550048828 -0.32952880859375 -0.02825927734375
0.00649452209472656 -0.0203990936279297 -0.211700439453125 -0.321075439453125
0.0263195037841797 -0.00404739379882813 0.141357421875 -0.53265380859375
0.0142154693603516 0.00846672058105469 0.62872314453125 -0.35906982421875
-0.0252666473388672 0.00513076782226562 0.7099609375 0.395263671875
-0.0240402221679688 -0.00770950317382813 0.13897705078125 0.907958984375
-0.0153388977050781 0.0404052734375 -0.3236083984375 0.54931640625
-0.0149650573730469 0.0402793884277344 0.142745971679688 -0.0121002197265625
-0.0197410583496094 0.00674247741699219 0.38458251953125 -0.72625732421875
-0.0071415901184082 0.00370311737060547 -0.37548828125 -0.915771484375
-0.0059051513671875 0.00865745544433594 -0.8421630859375 -0.1080322265625
0.00876903533935547 -0.0111675262451172 -0.435150146484375 0.495697021484375
0.021514892578125 -0.00620079040527344 0.019287109375 0.507171630859375
0.000585556030273438 -0.0150842666625977 0.27703857421875 0.205291748046875
0.0187492370605469 -0.0242786407470703 0.308197021484375 -0.049896240234375
0.0269069671630859 -0.0156192779541016 -0.327850341796875 -0.0341796875000001
0.00964069366455078 -0.0139913558959961 -0.205108642578125 -0.32403564453125
0.0241603851318359 0.00238609313964844 0.15826416015625 -0.528839111328125
0.00524234771728516 0.0114822387695312 0.64727783203125 -0.3336181640625
-0.0331172943115234 -0.00239753723144531 0.69940185546875 0.42767333984375
-0.0177593231201172 -0.0296669006347656 0.109130859375 0.91668701171875
0.0103845596313477 0.0151424407958984 -0.3302001953125 0.52978515625
0.020904541015625 0.0221195220947266 0.1580810546875 -0.0290069580078125
-0.000569343566894532 -0.0169677734375 0.3699951171875 -0.745849609375
-0.00786304473876953 -0.0132856369018555 -0.4002685546875 -0.898681640625
-0.0139122009277344 0.00540924072265625 -0.8388671875 -0.0761718749999999
0.00258922576904297 -0.00565242767333984 -0.41156005859375 0.51153564453125
0.0194492340087891 -0.00283050537109375 0.035003662109375 0.506927490234375
0.00185775756835938 -0.0108013153076172 0.2821044921875 0.199737548828125
0.0235137939453125 -0.0196914672851563 0.308746337890625 -0.054931640625
0.0308170318603516 -0.0108928680419922 -0.327484130859375 -0.036376953125
0.0121955871582031 -0.00911808013916016 -0.2032470703125 -0.323486328125
0.0217361450195313 0.00938034057617188 0.1600341796875 -0.525848388671875
-0.00259876251220703 0.0150728225708008 0.6513671875 -0.32330322265625
-0.0407257080078125 -0.011444091796875 0.6951904296875 0.4393310546875
-0.0109596252441406 -0.0532188415527344 0.100830078125 0.91845703125
0.0393562316894531 -0.0127792358398438 -0.335235595703125 0.5228271484375
0.0601692199707031 0.0012054443359375 0.158309936523438 -0.0356597900390625
0.019989013671875 -0.0426521301269531 0.3636474609375 -0.75274658203125
-0.00899314880371094 -0.0313911437988281 -0.40692138671875 -0.891357421875
-0.0229511260986328 0.00213050842285157 -0.83428955078125 -0.0610351562500001
-0.00214755535125732 0.000489115715026855 -0.402374267578125 0.518890380859375
0.0195446014404297 0.00119781494140625 0.04229736328125 0.50982666015625
0.00410699844360352 -0.00624752044677734 0.28497314453125 0.19891357421875
0.0262660980224609 -0.0153770446777344 0.309326171875 -0.05712890625
0.0362129211425781 -0.00678253173828125 -0.32635498046875 -0.0345153808593749
0.0137720108032227 -0.00422859191894531 -0.207427978515625 -0.319671630859375
0.0204410552978516 0.0146045684814453 0.152374267578125 -0.524261474609375
-0.00748825073242188 0.0183582305908203 0.6435546875 -0.32989501953125
-0.0469741821289062 -0.0173835754394531 0.69964599609375 0.427001953125
-0.00617980957031251 -0.0737762451171875 0.11151123046875 0.9171142578125
0.0678977966308594 -0.0410919189453125 -0.33782958984375 0.529144287109375
0.098724365234375 -0.0199813842773438 0.14508056640625 -0.0291595458984375
0.0428619384765625 -0.0671730041503906 0.3670654296875 -0.7425537109375
-0.00715255737304688 -0.0489082336425781 -0.393310546875 -0.8985595703125
-0.0318374633789063 9.15527343750024E-05 -0.83514404296875 -0.0745849609375002
-0.00685405731201172 0.00654315948486328 -0.4093017578125 0.516754150390625
0.0182571411132813 0.0060272216796875 0.033966064453125 0.51458740234375
0.00447511672973633 -0.00279474258422852 0.283935546875 0.203094482421875
0.0300979614257813 -0.00999069213867188 0.310638427734375 -0.056610107421875
0.0383567810058594 -0.00416946411132813 -0.324920654296875 -0.02789306640625
0.0144691467285156 -0.00156784057617188 -0.21539306640625 -0.312225341796875
0.0189838409423828 0.0179843902587891 0.130828857421875 -0.525054931640625
-0.0105056762695313 0.0214805603027344 0.6226806640625 -0.3519287109375
-0.0503158569335938 -0.0181007385253906 0.71270751953125 0.39306640625
-0.00419616699218749 -0.0885009765625 0.14971923828125 0.90618896484375
0.086273193359375 -0.064605712890625 -0.33233642578125 0.5491943359375
0.130477905273438 -0.037811279296875 0.1175537109375 -0.0122451782226563
0.0625686645507813 -0.0871734619140625 0.38238525390625 -0.71990966796875
-0.00361251831054688 -0.0629119873046875 -0.35968017578125 -0.9140625
-0.0377998352050781 -0.00317764282226563 -0.8355712890625 -0.11077880859375
-0.0102977752685547 0.0118627548217773 -0.43109130859375 0.5068359375
0.018402099609375 0.0106086730957031 0.017547607421875 0.52020263671875
0.0060114860534668 0.000214576721191406 0.279327392578125 0.21392822265625
0.0327186584472656 -0.00919342041015625 0.31243896484375 -0.049957275390625
0.0215892791748047 -0.0306015014648438 -0.32421875 0.00784301757812506
-0.00376129150390625 -0.0294208526611328 -0.249267578125 -0.281768798828125
0.0251121520996094 -0.0138149261474609 0.040008544921875 -0.5352783203125
0.0305423736572266 0.000209808349609375 0.51812744140625 -0.477142333984375
-0.0050201416015625 0.0196380615234375 0.74371337890625 0.20391845703125
-0.0221157073974609 0.0226364135742188 0.32000732421875 0.84698486328125
-0.0327606201171875 0.0669403076171875 -0.26544189453125 0.6578369140625
-0.0524368286132813 0.0577354431152344 0.0346832275390625 0.0790328979492188
-0.0413970947265625 0.0339508056640625 0.44287109375 -0.61260986328125
-0.00400733947753906 0.0295543670654297 -0.20452880859375 -0.98419189453125
0.00609588623046875 0.0210189819335938 -0.83782958984375 -0.2957763671875
0.0211868286132813 -0.0126399993896484 -0.54632568359375 0.40966796875
0.0285968780517578 -0.00649452209472656 -0.070953369140625 0.508056640625
-0.00181388854980469 -0.0201320648193359 0.248291015625 0.232986450195313
0.0128250122070313 -0.0326995849609375 0.30792236328125 -0.023956298828125
0.0206317901611328 -0.0291690826416016 -0.326904296875 -0.00390625000000003
-0.00128555297851562 -0.0270099639892578 -0.237060546875 -0.29388427734375
0.0270576477050781 -0.0121574401855469 0.071685791015625 -0.535888671875
0.0275821685791016 0.00156021118164063 0.555938720703125 -0.440826416015625
-0.00900554656982422 0.0172586441040039 0.73663330078125 0.26312255859375
-0.0243473052978516 0.0203819274902344 0.259521484375 0.86700439453125
-0.0380172729492188 0.0699462890625 -0.283447265625 0.618408203125
-0.0558280944824219 0.0612564086914062 0.07598876953125 0.045440673828125
-0.0428009033203125 0.0347480773925781 0.41839599609375 -0.654541015625
-0.00488662719726562 0.0277748107910156 -0.2745361328125 -0.9566650390625
0.00647926330566406 0.0178489685058594 -0.84405517578125 -0.21905517578125
0.0187416076660156 -0.0149803161621094 -0.503326416015625 0.44342041015625
0.0260200500488281 -0.00818634033203125 -0.0333251953125 0.50701904296875
-0.00199508666992187 -0.0199699401855469 0.259323120117188 0.221420288085938
0.0132579803466797 -0.0316543579101563 0.30517578125 -0.035186767578125
0.0205612182617188 -0.0261993408203125 -0.3282470703125 -0.013671875
0.00327873229980469 -0.0249671936035156 -0.22576904296875 -0.306396484375
0.0271339416503906 -0.00919532775878906 0.10418701171875 -0.533447265625
0.0211639404296875 0.00591468811035156 0.5921630859375 -0.400390625
-0.0166921615600586 0.0125522613525391 0.72161865234375 0.32611083984375
-0.0247020721435547 0.00959396362304688 0.1981201171875 0.88519287109375
-0.0316963195800781 0.0594978332519531 -0.30328369140625 0.57952880859375
-0.0432167053222656 0.0555229187011719 0.113197326660156 0.012359619140625
-0.0359077453613281 0.0252571105957031 0.39324951171875 -0.69476318359375
-0.00579643249511719 0.0183906555175781 -0.3355712890625 -0.926513671875
0.00191307067871094 0.0133867263793945 -0.84234619140625 -0.1475830078125
0.014373779296875 -0.0130653381347656 -0.460205078125 0.475006103515625
0.0232963562011719 -0.00856590270996094 0.003326416015625 0.50457763671875
-0.00101089477539063 -0.0185623168945313 0.270233154296875 0.209716796875
0.0138874053955078 -0.0283946990966797 0.30731201171875 -0.045867919921875
0.0227870941162109 -0.0214481353759766 -0.328277587890625 -0.022705078125
0.00612258911132813 -0.0196018218994141 -0.215911865234375 -0.31341552734375
0.0265407562255859 -0.0034637451171875 0.129547119140625 -0.531097412109375
0.0139942169189453 0.00841999053955078 0.61798095703125 -0.36529541015625
-0.0247554779052734 0.00532913208007812 0.70751953125 0.38165283203125
-0.0241603851318359 -0.0075531005859375 0.15277099609375 0.90093994140625
-0.0145263671875 0.040008544921875 -0.3135986328125 0.549041748046875
-0.0145225524902344 0.0404205322265625 0.14093017578125 -0.0157318115234375
-0.0198516845703125 0.00713729858398437 0.37237548828125 -0.72613525390625
-0.00690793991088867 0.00424337387084961 -0.38348388671875 -0.9010009765625
-0.00531673431396484 0.00905609130859375 -0.83905029296875 -0.0930786132812499
0.00838375091552734 -0.0109663009643555 -0.422943115234375 0.5
0.0213737487792969 -0.00707626342773438 0.02716064453125 0.503021240234375
-0.000185012817382812 -0.0152215957641602 0.279403686523437 0.199005126953125
0.0179862976074219 -0.0246925354003906 0.305877685546875 -0.054718017578125
0.0258617401123047 -0.0163764953613281 -0.326629638671875 -0.028564453125
0.00972938537597656 -0.0138406753540039 -0.209747314453125 -0.31884765625
0.0246829986572266 0.00278854370117188 0.145904541015625 -0.52783203125
0.00557899475097656 0.0126962661743164 0.63482666015625 -0.33984375
-0.0339202880859375 -0.00230598449707031 0.6990966796875 0.41436767578125
-0.0180835723876953 -0.0299930572509766 0.12060546875 0.9090576171875
0.0113029479980469 0.0143241882324219 -0.322479248046875 0.53106689453125
0.0207748413085938 0.0218505859375 0.155715942382813 -0.032684326171875
-0.00164031982421875 -0.0167036056518555 0.35687255859375 -0.74542236328125
-0.00760364532470703 -0.0131244659423828 -0.4110107421875 -0.88494873046875
-0.0144901275634766 0.00540065765380859 -0.8336181640625 -0.0617065429687499
0.00184059143066406 -0.00650691986083984 -0.40008544921875 0.515106201171875
0.0201511383056641 -0.00287818908691406 0.045013427734375 0.503509521484375
0.00226402282714844 -0.0102157592773437 0.28314208984375 0.19354248046875
0.0219993591308594 -0.0195446014404297 0.306549072265625 -0.060211181640625
0.0308609008789063 -0.0110034942626953 -0.32696533203125 -0.0302734375
0.0122528076171875 -0.00823974609375 -0.20831298828125 -0.31817626953125
0.0223598480224609 0.00946617126464844 0.148895263671875 -0.524017333984375
-0.00321769714355469 0.0146589279174805 0.63970947265625 -0.33001708984375
-0.04132080078125 -0.0108184814453125 0.69500732421875 0.42523193359375
-0.0119857788085938 -0.0530967712402344 0.11041259765625 0.910888671875
0.0407752990722656 -0.0128898620605469 -0.3280029296875 0.521087646484375
0.0600395202636719 0.00046539306640625 0.156051635742188 -0.0396881103515625
0.0186271667480469 -0.0420455932617188 0.350830078125 -0.751953125
-0.00874710083007812 -0.0306549072265625 -0.41729736328125 -0.87811279296875
-0.0239372253417969 0.00267791748046875 -0.82855224609375 -0.0492553710937499
-0.00228714942932129 0.00092768669128418 -0.391448974609375 0.522216796875
0.019561767578125 0.00115585327148438 0.04998779296875 0.50445556640625
0.00426864624023438 -0.00584650039672852 0.286041259765625 0.193328857421875
0.0254745483398438 -0.0151920318603516 0.306732177734375 -0.062469482421875
0.0355186462402344 -0.00771331787109375 -0.324920654296875 -0.027984619140625
0.0138072967529297 -0.00443363189697266 -0.212249755859375 -0.313323974609375
0.0211372375488281 0.0137805938720703 0.140777587890625 -0.521759033203125
-0.0085906982421875 0.0177841186523438 0.63134765625 -0.33648681640625
-0.0480003356933594 -0.0156784057617188 0.69989013671875 0.41253662109375
-0.0060882568359375 -0.07415771484375 0.124267578125 0.90911865234375
0.0668220520019531 -0.0422592163085938 -0.32818603515625 0.52886962890625
0.0981979370117188 -0.0210418701171875 0.142120361328125 -0.0319976806640625
0.0397109985351563 -0.06610107421875 0.35540771484375 -0.74169921875
-0.00725936889648438 -0.0483436584472656 -0.40234375 -0.8861083984375
-0.0319995880126953 0.000295639038085939 -0.82977294921875 -0.0628662109375
-0.00678443908691406 0.00706624984741211 -0.398284912109375 0.52044677734375
0.0185146331787109 0.00656318664550781 0.0435791015625 0.51031494140625
0.00571250915527344 -0.00220394134521484 0.28558349609375 0.19732666015625
0.029937744140625 -0.0124454498291016 0.3092041015625 -0.06195068359375
0.0376701354980469 -0.00571823120117188 -0.325347900390625 -0.02203369140625
0.0147428512573242 -0.000926017761230469 -0.2200927734375 -0.306976318359375
0.0207500457763672 0.0178413391113281 0.12176513671875 -0.523345947265625
-0.0114097595214844 0.0211467742919922 0.6107177734375 -0.35919189453125
-0.0512351989746094 -0.0175399780273437 0.71185302734375 0.37939453125
-0.00559234619140625 -0.0889968872070313 0.158935546875 0.89727783203125
0.0857315063476563 -0.0651702880859375 -0.324249267578125 0.549285888671875
0.128005981445313 -0.0393524169921875 0.114639282226563 -0.0140914916992188
0.0608291625976563 -0.0874481201171875 0.36907958984375 -0.72027587890625
-0.0036773681640625 -0.0614891052246094 -0.36962890625 -0.90142822265625
-0.0374832153320312 -0.00225448608398438 -0.83123779296875 -0.0979003906249999
-0.00955390930175781 0.0109529495239258 -0.4212646484375 0.509490966796875
0.0190391540527344 0.00938034057617188 0.0264587402343751 0.516143798828125
0.00642967224121094 0.000890254974365234 0.280685424804688 0.207366943359375
0.0316791534423828 -0.00987815856933594 0.3106689453125 -0.056732177734375
0.0205879211425781 -0.0310897827148437 -0.321990966796875 0.013275146484375
-0.00430488586425781 -0.0280303955078125 -0.252548217773438 -0.274749755859375
0.0252017974853516 -0.0137710571289063 0.03118896484375 -0.530029296875
0.0290679931640625 1.1444091796875E-05 0.504974365234375 -0.4805908203125
-0.00475502014160156 0.0197849273681641 0.73846435546875 0.19232177734375
-0.0204658508300781 0.0217838287353516 0.32574462890625 0.83465576171875
-0.030731201171875 0.0670242309570313 -0.25433349609375 0.65301513671875
-0.0519676208496094 0.058685302734375 0.0354537963867187 0.0765457153320312
-0.0413894653320313 0.0343437194824219 0.43170166015625 -0.61212158203125
-0.00308609008789063 0.0299854278564453 -0.2158203125 -0.97052001953125
0.00686454772949219 0.021209716796875 -0.83477783203125 -0.2823486328125
0.0209808349609375 -0.0128803253173828 -0.536773681640625 0.41357421875
0.0284767150878906 -0.00688552856445312 -0.063140869140625 0.504180908203125
-0.00136566162109375 -0.0195140838623047 0.249053955078125 0.227798461914063
0.0120525360107422 -0.0333805084228516 0.30560302734375 -0.02850341796875
0.0194530487060547 -0.0291519165039063 -0.32470703125 0.00131225585937505
-0.00152206420898438 -0.026031494140625 -0.24169921875 -0.288909912109375
0.0263690948486328 -0.0130329132080078 0.062408447265625 -0.5323486328125
0.0269622802734375 0.00163078308105469 0.543487548828125 -0.4444580078125
-0.00927925109863281 0.0181941986083984 0.73358154296875 0.25390625
-0.0232963562011719 0.0208702087402344 0.26824951171875 0.85809326171875
-0.0361404418945313 0.0694122314453125 -0.2752685546875 0.6158447265625
-0.0548858642578125 0.0616950988769531 0.0747146606445313 0.0428695678710938
-0.0430526733398438 0.0351982116699219 0.40814208984375 -0.65252685546875
-0.00345420837402344 0.0285568237304688 -0.28497314453125 -0.9443359375
0.00644302368164063 0.0176601409912109 -0.83984375 -0.2066650390625
0.0183582305908203 -0.0156021118164063 -0.49310302734375 0.4482421875
0.0266342163085937 -0.00913619995117187 -0.027435302734375 0.503082275390625
-0.00176239013671875 -0.0194187164306641 0.25927734375 0.216262817382812
0.0123558044433594 -0.032470703125 0.30487060546875 -0.039276123046875
0.0205879211425781 -0.0282630920410156 -0.32769775390625 -0.00848388671874998
0.00202560424804687 -0.0238742828369141 -0.22930908203125 -0.300811767578125
0.0268707275390625 -0.00939559936523437 0.09405517578125 -0.5308837890625
0.0214653015136719 0.00429916381835938 0.58026123046875 -0.40411376953125
-0.017364501953125 0.0133066177368164 0.7174072265625 0.316162109375
-0.0254974365234375 0.0112133026123047 0.207763671875 0.8763427734375
-0.0305938720703125 0.0601043701171875 -0.29449462890625 0.57672119140625
-0.041961669921875 0.0556488037109375 0.111351013183594 0.0103302001953125
-0.0355873107910156 0.0263099670410156 0.38104248046875 -0.6934814453125
-0.0051727294921875 0.0189285278320313 -0.34527587890625 -0.9117431640625
0.00240802764892578 0.0126056671142578 -0.83697509765625 -0.13458251953125
0.0138320922851563 -0.0129995346069336 -0.448699951171875 0.4775390625
0.0233840942382813 -0.0087127685546875 0.00817871093749997 0.50030517578125
-0.00137901306152344 -0.0194091796875 0.272552490234375 0.204086303710938
0.0134429931640625 -0.0290031433105469 0.30450439453125 -0.05010986328125
0.0221939086914062 -0.0225315093994141 -0.32672119140625 -0.0173034667968749
0.00652313232421875 -0.0193424224853516 -0.22021484375 -0.3084716796875
0.0268611907958984 -0.00352859497070313 0.119415283203125 -0.528656005859375
0.0133962631225586 0.00825023651123047 0.60650634765625 -0.36993408203125
-0.0249443054199219 0.00661087036132812 0.70477294921875 0.36968994140625
-0.0222606658935547 -0.00739288330078125 0.15997314453125 0.88861083984375
-0.0132980346679687 0.0397872924804688 -0.305145263671875 0.546234130859375
-0.0143699645996094 0.0409393310546875 0.139434814453125 -0.0169448852539062
-0.0219058990478516 0.00762367248535156 0.3604736328125 -0.72406005859375
-0.00670242309570312 0.00534582138061524 -0.390869140625 -0.88897705078125
-0.00521183013916016 0.00894737243652344 -0.83154296875 -0.0828857421874999
0.00810813903808594 -0.0107221603393555 -0.412872314453125 0.50128173828125
0.0214767456054688 -0.00630378723144531 0.034820556640625 0.49932861328125
-7.43865966796873E-05 -0.0147533416748047 0.279739379882813 0.193878173828125
0.0165576934814453 -0.0258922576904297 0.30322265625 -0.058990478515625
0.0262184143066406 -0.0161514282226563 -0.32598876953125 -0.02276611328125
0.0088186264038086 -0.0132646560668945 -0.213897705078125 -0.312896728515625
0.0251731872558594 0.00289154052734375 0.136627197265625 -0.525054931640625
0.00484180450439453 0.0117959976196289 0.623046875 -0.3453369140625
-0.0334949493408203 -0.00166511535644532 0.6966552734375 0.40240478515625
-0.0173702239990234 -0.0294399261474609 0.1302490234375 0.90020751953125
0.0114822387695313 0.0139684677124023 -0.31463623046875 0.528472900390625
0.0204296112060547 0.0208072662353516 0.153396606445313 -0.0352935791015625
-0.00297069549560547 -0.0155162811279297 0.34356689453125 -0.74395751953125
-0.00790596008300781 -0.0122785568237305 -0.41729736328125 -0.87109375
-0.0140504837036133 0.00655841827392578 -0.82708740234375 -0.04937744140625
0.00194311141967773 -0.00612878799438477 -0.38970947265625 0.51556396484375
0.0194873809814453 -0.00309371948242188 0.051025390625 0.498382568359375
0.00213432312011719 -0.0108680725097656 0.283599853515625 0.188232421875
0.0208511352539063 -0.0203418731689453 0.30401611328125 -0.064361572265625
0.0300712585449219 -0.0124130249023438 -0.325592041015625 -0.02490234375
0.0125455856323242 -0.00850486755371094 -0.21380615234375 -0.311309814453125
0.0229721069335938 0.0087432861328125 0.140167236328125 -0.522216796875
-0.00267505645751953 0.0143461227416992 0.62750244140625 -0.33551025390625
-0.0416603088378906 -0.00997543334960938 0.692138671875 0.4140625
-0.0114936828613281 -0.0538864135742188 0.1204833984375 0.90087890625
0.0403480529785156 -0.0148544311523438 -0.31878662109375 0.519927978515625
0.0592918395996094 -0.000591278076171875 0.153518676757813 -0.0416107177734375
0.0177268981933594 -0.0412864685058594 0.3380126953125 -0.74774169921875
-0.00942039489746094 -0.0288791656494141 -0.42315673828125 -0.8626708984375
-0.0230197906494141 0.00379562377929688 -0.82275390625 -0.03802490234375
-0.00232410430908203 2.07424163818355E-05 -0.380035400390625 0.52166748046875
0.0201416015625 0.000963211059570313 0.057373046875 0.5
0.00333833694458008 -0.00688743591308594 0.287139892578125 0.187103271484375
0.0241336822509766 -0.0160999298095703 0.304931640625 -0.06781005859375
0.0349807739257813 -0.00781631469726563 -0.322998046875 -0.02288818359375
0.0141315460205078 -0.00405311584472656 -0.215484619140625 -0.307830810546875
0.0215702056884766 0.0127296447753906 0.130279541015625 -0.5201416015625
-0.00809669494628906 0.0183639526367188 0.6207275390625 -0.3416748046875
-0.0467033386230469 -0.0152931213378906 0.698974609375 0.4010009765625
-0.0078277587890625 -0.0746231079101563 0.1336669921875 0.9007568359375
0.0665092468261719 -0.042266845703125 -0.320037841796875 0.526153564453125
0.0962677001953125 -0.0208892822265625 0.140426635742188 -0.0350494384765625
0.038116455078125 -0.0661544799804688 0.341796875 -0.74041748046875
-0.00818634033203124 -0.0471420288085937 -0.4107666015625 -0.87286376953125
-0.031005859375 0.00223350524902344 -0.82257080078125 -0.0503540039062498
-0.00658464431762695 0.0059661865234375 -0.38922119140625 0.521331787109375
0.0189781188964844 0.00532150268554688 0.05084228515625 0.505615234375
0.00498056411743164 -0.00233840942382813 0.284881591796875 0.191619873046875
0.0296611785888672 -0.0122394561767578 0.305755615234375 -0.066802978515625
0.0371360778808594 -0.00594329833984375 -0.32269287109375 -0.0171813964843751
0.0150718688964844 -0.000893592834472656 -0.22406005859375 -0.301116943359375
0.021697998046875 0.0177249908447266 0.109405517578125 -0.520477294921875
-0.0109519958496094 0.0206508636474609 0.60015869140625 -0.36474609375
-0.0510978698730469 -0.0162467956542969 0.7091064453125 0.36749267578125
-0.00601959228515625 -0.08868408203125 0.16943359375 0.88787841796875
0.085174560546875 -0.0659408569335938 -0.31561279296875 0.54803466796875
0.1259765625 -0.0398101806640625 0.113555908203125 -0.0170059204101563
0.0579376220703125 -0.0862350463867188 0.35784912109375 -0.718017578125
-0.00471115112304687 -0.0610008239746094 -0.3782958984375 -0.88861083984375
-0.0366249084472656 -0.000816345214843743 -0.826904296875 -0.0844726562500001
-0.0102872848510742 0.0109415054321289 -0.41082763671875 0.510650634765625
0.0191917419433594 0.008575439453125 0.034393310546875 0.51153564453125
0.00574254989624024 0.000128269195556641 0.28173828125 0.2015380859375
0.03106689453125 -0.0115146636962891 0.30755615234375 -0.06072998046875
0.0190620422363281 -0.0312004089355469 -0.318695068359375 0.018402099609375
-0.00439643859863281 -0.0273723602294922 -0.2547607421875 -0.269683837890625
0.0250110626220703 -0.0130271911621094 0.022369384765625 -0.52557373046875
0.0284919738769531 -0.000635147094726563 0.493743896484375 -0.482086181640625
-0.0053558349609375 0.0187530517578125 0.73358154296875 0.18115234375
-0.0201339721679688 0.0213623046875 0.330078125 0.8226318359375
-0.0294151306152344 0.0662918090820313 -0.2469482421875 0.6484375
-0.0515060424804687 0.060272216796875 0.0349578857421875 0.0742645263671875
-0.0423965454101562 0.0352363586425781 0.420166015625 -0.6094970703125
-0.00288963317871094 0.0286655426025391 -0.22467041015625 -0.959716796875
0.00612258911132812 0.0219516754150391 -0.8289794921875 -0.26922607421875
0.0204277038574219 -0.0133228302001953 -0.525848388671875 0.415618896484375
0.0288677215576172 -0.00701522827148438 -0.055908203125 0.501434326171875
-0.002105712890625 -0.0192852020263672 0.24981689453125 0.2236328125
0.0115032196044922 -0.0330429077148438 0.302490234375 -0.03271484375
0.0195236206054688 -0.0297832489013672 -0.322723388671875 0.00585937500000001
-0.00105667114257812 -0.0258331298828125 -0.243255615234375 -0.282989501953125
0.0271625518798828 -0.0113811492919922 0.053497314453125 -0.52838134765625
0.0256786346435547 0.000745773315429688 0.5325927734375 -0.44647216796875
-0.00927162170410156 0.0174007415771484 0.7274169921875 0.24334716796875
-0.0223941802978516 0.0196285247802734 0.273193359375 0.8446044921875
-0.0336341857910156 0.0693016052246094 -0.26568603515625 0.612060546875
-0.0535697937011719 0.062103271484375 0.0737762451171875 0.0400848388671875
-0.0433120727539062 0.0360641479492188 0.3946533203125 -0.65191650390625
-0.00379371643066406 0.0286712646484375 -0.2923583984375 -0.93133544921875
0.00558662414550781 0.0187110900878906 -0.8341064453125 -0.195556640625
0.0179042816162109 -0.0155715942382813 -0.483551025390625 0.450897216796875
0.0264682769775391 -0.00928688049316406 -0.021148681640625 0.49945068359375
-0.000926971435546874 -0.0185813903808594 0.260543823242188 0.211013793945313
0.0114898681640625 -0.0327911376953125 0.301727294921875 -0.04217529296875
0.0205345153808594 -0.0267353057861328 -0.325103759765625 -0.00366210937500004
0.00302505493164062 -0.0224151611328125 -0.231597900390625 -0.29473876953125
0.0267009735107422 -0.0090789794921875 0.084625244140625 -0.526031494140625
0.0201320648193359 0.00525856018066406 0.56793212890625 -0.4080810546875
-0.0171327590942383 0.0134983062744141 0.7130126953125 0.30487060546875
-0.0240497589111328 0.00985145568847656 0.2144775390625 0.86614990234375
-0.0288925170898438 0.0597152709960937 -0.28497314453125 0.5728759765625
-0.0421295166015625 0.0563392639160156 0.108963012695313 0.00690460205078125
-0.0352821350097656 0.0276412963867188 0.368896484375 -0.6890869140625
-0.00504875183105469 0.0182914733886719 -0.35052490234375 -0.8970947265625
0.00327491760253906 0.0147123336791992 -0.83013916015625 -0.12347412109375
0.012578010559082 -0.0145702362060547 -0.439605712890625 0.478912353515625
0.02435302734375 -0.00966072082519531 0.01531982421875 0.4959716796875
-7.62939453125012E-05 -0.0183887481689453 0.271240234375 0.199172973632813
0.0116195678710938 -0.0295448303222656 0.302215576171875 -0.054046630859375
0.0218124389648438 -0.0221061706542969 -0.32470703125 -0.01220703125
0.00650978088378906 -0.017425537109375 -0.22271728515625 -0.303436279296875
0.0276584625244141 -0.00356292724609375 0.110443115234375 -0.52410888671875
0.0137348175048828 0.00862407684326172 0.59539794921875 -0.3736572265625
-0.0257530212402344 0.0073394775390625 0.70159912109375 0.35699462890625
-0.0219993591308594 -0.00786590576171875 0.16827392578125 0.8817138671875
-0.0120086669921875 0.0404739379882813 -0.297943115234375 0.543121337890625
-0.0148086547851563 0.0416526794433594 0.136444091796875 -0.0199050903320312
-0.0213184356689453 0.00852775573730469 0.34857177734375 -0.72198486328125
-0.00623178482055664 0.00501203536987305 -0.39788818359375 -0.87237548828125
-0.004913330078125 0.00941085815429688 -0.8260498046875 -0.0709228515625
0.00662136077880859 -0.0113668441772461 -0.404083251953125 0.50164794921875
0.0223331451416016 -0.00737380981445313 0.040130615234375 0.492889404296875
0.000414848327636718 -0.0149965286254883 0.278656005859375 0.187759399414063
0.0159492492675781 -0.0255565643310547 0.300628662109375 -0.06158447265625
0.0245418548583984 -0.0172500610351563 -0.32342529296875 -0.01776123046875
0.00963115692138672 -0.012089729309082 -0.217193603515625 -0.307373046875
0.0252857208251953 0.00304794311523438 0.1265869140625 -0.52117919921875
0.00416660308837891 0.0118112564086914 0.610595703125 -0.34912109375
-0.0341587066650391 -0.0015716552734375 0.69232177734375 0.39202880859375
-0.0173320770263672 -0.0301265716552734 0.1380615234375 0.88946533203125
0.0128011703491211 0.0129537582397461 -0.305877685546875 0.52532958984375
0.0210437774658203 0.02154541015625 0.150955200195313 -0.0370330810546875
-0.00372314453125 -0.0145769119262695 0.32977294921875 -0.7401123046875
-0.0083465576171875 -0.0122509002685547 -0.42242431640625 -0.85791015625
-0.0140476226806641 0.00704288482666016 -0.81976318359375 -0.0399169921875001
0.00212001800537109 -0.00598621368408203 -0.379669189453125 0.51556396484375
0.0200023651123047 -0.00397491455078125 0.05755615234375 0.49371337890625
0.00252628326416016 -0.0107259750366211 0.28289794921875 0.18341064453125
0.0207195281982422 -0.0205249786376953 0.301055908203125 -0.068206787109375
0.0294075012207031 -0.0128211975097656 -0.3228759765625 -0.0202026367187499
0.0129175186157227 -0.00784683227539063 -0.216949462890625 -0.306671142578125
0.0249156951904297 0.00878143310546875 0.129608154296875 -0.518524169921875
-0.00242424011230469 0.0145416259765625 0.61669921875 -0.33941650390625
-0.0420799255371094 -0.00938796997070312 0.6895751953125 0.4017333984375
-0.0117835998535156 -0.0523643493652344 0.12823486328125 0.8922119140625
0.0393447875976563 -0.0149040222167969 -0.312225341796875 0.517852783203125
0.0584220886230469 -0.00040435791015625 0.150848388671875 -0.0433349609375
0.0156478881835938 -0.0398483276367188 0.32720947265625 -0.74530029296875
-0.00921058654785156 -0.0293350219726563 -0.42919921875 -0.84979248046875
-0.02227783203125 0.00385284423828125 -0.81390380859375 -0.0272216796874998
-0.00299739837646484 0.000903606414794922 -0.369476318359375 0.523406982421875
0.0199832916259766 0.000860214233398438 0.062591552734375 0.496246337890625
0.00374698638916016 -0.00705289840698242 0.285797119140625 0.181427001953125
0.0237827301025391 -0.0157947540283203 0.300872802734375 -0.07025146484375
0.0334434509277344 -0.00772666931152344 -0.3211669921875 -0.017425537109375
0.0143556594848633 -0.00330924987792969 -0.219329833984375 -0.302490234375
0.0219345092773438 0.0143775939941406 0.121673583984375 -0.515411376953125
-0.00779342651367187 0.0179824829101563 0.60870361328125 -0.34521484375
-0.0475692749023437 -0.0143623352050781 0.6949462890625 0.38983154296875
-0.00725555419921876 -0.0732803344726562 0.140380859375 0.88983154296875
0.0657119750976562 -0.0428199768066406 -0.312774658203125 0.52471923828125
0.0951614379882812 -0.0213775634765625 0.136085510253906 -0.0383758544921875
0.0375785827636719 -0.0662040710449219 0.32965087890625 -0.73602294921875
-0.00949478149414062 -0.0466537475585938 -0.41400146484375 -0.858154296875
-0.0304508209228516 0.000942230224609378 -0.81524658203125 -0.0404663085937501
-0.00734329223632813 0.00678396224975586 -0.3790283203125 0.52069091796875
0.0195274353027344 0.00509834289550781 0.05633544921875 0.5
0.00479984283447266 -0.00259113311767578 0.2862548828125 0.185882568359375
0.0295791625976562 -0.0132980346679687 0.303558349609375 -0.069976806640625
0.037017822265625 -0.00651931762695313 -0.319976806640625 -0.011749267578125
0.0153284072875977 -0.000362396240234375 -0.226898193359375 -0.29388427734375
0.0212249755859375 0.0170249938964844 0.100921630859375 -0.514129638671875
-0.0109119415283203 0.0204830169677734 0.58843994140625 -0.3663330078125
-0.0510292053222656 -0.0159454345703125 0.705078125 0.35552978515625
-0.00704193115234375 -0.0867996215820313 0.17578125 0.8770751953125
0.0834579467773437 -0.0668563842773437 -0.308380126953125 0.54400634765625
0.12469482421875 -0.0398483276367188 0.111190795898438 -0.01898193359375
0.0563735961914063 -0.0855636596679688 0.34375 -0.71527099609375
-0.00606536865234375 -0.0607719421386719 -0.3824462890625 -0.8741455078125
-0.0367050170898438 -0.000957489013671875 -0.81719970703125 -0.07440185546875
-0.0098123550415039 0.0114574432373047 -0.399383544921875 0.5093994140625
0.0192394256591797 0.0080718994140625 0.0394287109375 0.506805419921875
0.0063776969909668 0.000807762145996094 0.281890869140625 0.195892333984375
0.029998779296875 -0.0113124847412109 0.305328369140625 -0.064239501953125
0.019775390625 -0.0310955047607422 -0.316680908203125 0.021759033203125
-0.00405311584472656 -0.0256118774414062 -0.256332397460937 -0.264816284179688
0.02520751953125 -0.0140342712402344 0.01416015625 -0.52008056640625
0.0275993347167969 1.1444091796875E-05 0.48297119140625 -0.4815673828125
-0.00496864318847656 0.0190944671630859 0.726318359375 0.17315673828125
-0.0197105407714844 0.0217342376708984 0.333251953125 0.81195068359375
-0.0284957885742188 0.0659294128417969 -0.24041748046875 0.64434814453125
-0.0505142211914063 0.0587730407714844 0.0340805053710937 0.0729293823242188
-0.0419044494628906 0.035614013671875 0.41070556640625 -0.60552978515625
-0.00236892700195313 0.0297183990478516 -0.229736328125 -0.9451904296875
0.00728988647460937 0.0206813812255859 -0.823486328125 -0.25799560546875
0.0188560485839844 -0.0134868621826172 -0.51605224609375 0.416717529296875
0.028594970703125 -0.00767135620117188 -0.0506591796875 0.49603271484375
-0.00236892700195312 -0.018951416015625 0.249969482421875 0.217819213867187
0.0100593566894531 -0.0335750579833984 0.30169677734375 -0.03515625
0.0185108184814453 -0.0298290252685547 -0.320068359375 0.0107421875
-0.00159072875976562 -0.0243072509765625 -0.245346069335938 -0.277053833007813
0.0270977020263672 -0.0125274658203125 0.046478271484375 -0.523193359375
0.02606201171875 0.00164985656738281 0.5213623046875 -0.445465087890625
-0.00911617279052734 0.0174741744995117 0.71990966796875 0.234375
-0.0222053527832031 0.0200481414794922 0.27728271484375 0.83453369140625
-0.0327262878417969 0.0686721801757813 -0.259521484375 0.605712890625
-0.0533447265625 0.0627403259277344 0.072479248046875 0.0380477905273438
-0.0440025329589844 0.0362586975097656 0.38702392578125 -0.64678955078125
-0.00320816040039063 0.0285415649414063 -0.2950439453125 -0.91741943359375
0.00707244873046875 0.0184955596923828 -0.82623291015625 -0.18505859375
0.0168800354003906 -0.0149545669555664 -0.473846435546875 0.4505615234375
0.0259628295898438 -0.00972557067871094 -0.0140380859375 0.495849609375
-0.00214576721191406 -0.0195732116699219 0.260360717773438 0.205718994140625
0.0112476348876953 -0.032806396484375 0.29937744140625 -0.04534912109375
0.0193119049072266 -0.0270576477050781 -0.321533203125 0.000854492187499984
0.00321578979492187 -0.0212650299072266 -0.234130859375 -0.288177490234375
0.0280094146728516 -0.00872421264648437 0.07733154296875 -0.52252197265625
0.0204792022705078 0.00496101379394531 0.55731201171875 -0.408477783203125
-0.0165252685546875 0.0135345458984375 0.70794677734375 0.29486083984375
-0.0237064361572266 0.00940895080566406 0.218994140625 0.85357666015625
-0.0277900695800781 0.058929443359375 -0.27960205078125 0.56829833984375
-0.0414009094238281 0.0564346313476563 0.108139038085938 0.00493621826171875
-0.0356483459472656 0.0275650024414062 0.36083984375 -0.6837158203125
-0.00461959838867188 0.0194587707519531 -0.3536376953125 -0.88507080078125
0.00353908538818359 0.0135002136230469 -0.8226318359375 -0.11468505859375
0.0123252868652344 -0.0142621994018555 -0.43218994140625 0.478546142578125
0.0237751007080078 -0.0104274749755859 0.018707275390625 0.490264892578125
-0.0010223388671875 -0.0182838439941406 0.271148681640625 0.194366455078125
0.01165771484375 -0.0298004150390625 0.299835205078125 -0.056640625
0.0208606719970703 -0.0227241516113281 -0.3218994140625 -0.00793457031250004
0.00651931762695313 -0.0177497863769531 -0.224578857421875 -0.297210693359375
0.0273246765136719 -0.00323295593261719 0.103302001953125 -0.520355224609375
0.012446403503418 0.00891208648681641 0.58441162109375 -0.37548828125
-0.0251865386962891 0.00743865966796875 0.69659423828125 0.34698486328125
-0.0217819213867188 -0.00838088989257812 0.17218017578125 0.8704833984375
-0.0112190246582031 0.0388679504394531 -0.292633056640625 0.53887939453125
-0.0143966674804687 0.0414466857910156 0.133979797363281 -0.0219573974609375
-0.02227783203125 0.0101547241210937 0.338623046875 -0.71484375
-0.00653696060180664 0.00525474548339844 -0.3995361328125 -0.8604736328125
-0.00421047210693359 0.00939464569091797 -0.81494140625 -0.0635986328125
0.00682163238525391 -0.010798454284668 -0.394439697265625 0.501068115234375
0.0217494964599609 -0.007843017578125 0.0460510253906251 0.48895263671875
5.62667846679702E-05 -0.0146017074584961 0.277679443359375 0.183822631835938
0.0148143768310547 -0.0251846313476563 0.297698974609375 -0.064910888671875
0.0244827270507813 -0.0177860260009766 -0.32073974609375 -0.013824462890625
0.00975990295410156 -0.0114250183105469 -0.21917724609375 -0.301544189453125
0.0254993438720703 0.00243186950683594 0.11944580078125 -0.5174560546875
0.00493431091308594 0.0120153427124023 0.59979248046875 -0.3509521484375
-0.03277587890625 -0.00109100341796875 0.68853759765625 0.38140869140625
-0.0178337097167969 -0.0303306579589844 0.14520263671875 0.881103515625
0.0129413604736328 0.0134000778198242 -0.301055908203125 0.520233154296875
0.0197601318359375 0.0222148895263672 0.14764404296875 -0.038116455078125
-0.00430774688720703 -0.0142498016357422 0.32275390625 -0.73431396484375
-0.00828742980957031 -0.0116977691650391 -0.4254150390625 -0.84417724609375
-0.0130081176757813 0.00684642791748047 -0.80999755859375 -0.0318603515625
0.000397205352783203 -0.00604152679443359 -0.3707275390625 0.513671875
0.0197849273681641 -0.0045928955078125 0.061798095703125 0.487274169921875
0.00173282623291016 -0.0108890533447266 0.28265380859375 0.1767578125
0.0198326110839844 -0.0211849212646484 0.298431396484375 -0.0704345703125
0.0290927886962891 -0.0132007598876953 -0.320556640625 -0.016510009765625
0.0128593444824219 -0.00679874420166016 -0.218414306640625 -0.300506591796875
0.0240821838378906 0.00804710388183594 0.1220703125 -0.513702392578125
-0.00230789184570312 0.0146217346191406 0.60614013671875 -0.34136962890625
-0.0404701232910156 -0.00917434692382812 0.68463134765625 0.39215087890625
-0.0125198364257813 -0.0527076721191406 0.13482666015625 0.882568359375
0.0396995544433594 -0.0146903991699219 -0.305511474609375 0.51239013671875
0.0574607849121094 -0.000286102294921875 0.147689819335938 -0.045135498046875
0.0150680541992187 -0.0400466918945313 0.31707763671875 -0.7412109375
-0.00974464416503906 -0.0287895202636719 -0.43194580078125 -0.83624267578125
-0.0217571258544922 0.00414466857910156 -0.8062744140625 -0.01837158203125
-0.0033414363861084 0.000608205795288086 -0.361236572265625 0.520721435546875
0.0195808410644531 -0.00048828125 0.06805419921875 0.48944091796875
0.00334692001342773 -0.0066065788269043 0.28558349609375 0.177032470703125
0.0232715606689453 -0.0164260864257813 0.298614501953125 -0.073516845703125
0.0334186553955078 -0.00959014892578125 -0.31817626953125 -0.013031005859375
0.0149364471435547 -0.00327396392822266 -0.22064208984375 -0.2962646484375
0.0226516723632813 0.0137710571289063 0.114105224609375 -0.5118408203125
-0.00780105590820313 0.0189971923828125 0.59765625 -0.3448486328125
-0.0472984313964844 -0.0130615234375 0.68951416015625 0.38067626953125
-0.00883483886718751 -0.073486328125 0.1466064453125 0.88055419921875
0.0650672912597656 -0.0430526733398438 -0.30633544921875 0.51922607421875
0.093475341796875 -0.0223617553710938 0.134124755859375 -0.0390472412109375
0.0346870422363281 -0.0644760131835938 0.321533203125 -0.7320556640625
-0.00932312011718751 -0.0449752807617188 -0.41619873046875 -0.84539794921875
-0.0298995971679688 0.0022430419921875 -0.8056640625 -0.0322875976562499
-0.00692462921142578 0.00656509399414063 -0.368621826171875 0.5186767578125
0.0180225372314453 0.00413703918457031 0.06121826171875 0.494598388671875
0.00486230850219727 -0.00230693817138672 0.28424072265625 0.181060791015625
0.0272102355957031 -0.0135326385498047 0.3006591796875 -0.071990966796875
0.037322998046875 -0.00724029541015625 -0.31829833984375 -0.00753784179687499
0.0161457061767578 -0.000670433044433594 -0.228912353515625 -0.2890625
0.0224475860595703 0.0163764953613281 0.093505859375 -0.511077880859375
-0.00989913940429688 0.0213890075683594 0.57745361328125 -0.3681640625
-0.0508956909179688 -0.0149345397949219 0.7012939453125 0.34698486328125
-0.00691986083984376 -0.0866622924804688 0.180419921875 0.86968994140625
0.083648681640625 -0.0668182373046875 -0.301055908203125 0.538970947265625
0.122947692871094 -0.0400238037109375 0.108413696289063 -0.0203781127929688
0.0549087524414063 -0.08441162109375 0.33392333984375 -0.71063232421875
-0.00554656982421875 -0.0600166320800781 -0.38592529296875 -0.86236572265625
-0.0349693298339844 -0.000562667846679684 -0.8096923828125 -0.0654907226562502
-0.0105047225952148 0.0101356506347656 -0.391265869140625 0.50946044921875
0.0192317962646484 0.00796127319335938 0.0447998046875 0.501953125
0.00555181503295898 0.00104236602783203 0.281097412109375 0.190872192382813
0.0289173126220703 -0.0116615295410156 0.30255126953125 -0.0672607421875
0.0188159942626953 -0.0309009552001953 -0.3138427734375 0.0250854492187501
-0.00442123413085937 -0.0244274139404297 -0.25653076171875 -0.258026123046875
0.026123046875 -0.0133781433105469 0.00845336914062496 -0.515533447265625
0.0276412963867188 -0.000453948974609375 0.4715576171875 -0.479736328125
-0.00524330139160156 0.0193233489990234 0.7183837890625 0.1661376953125
-0.0188980102539063 0.0208511352539062 0.3343505859375 0.80224609375
-0.0272064208984375 0.0654563903808594 -0.2342529296875 0.63677978515625
-0.0497779846191406 0.0595855712890625 0.034088134765625 0.0707168579101563
-0.0421409606933594 0.0360450744628906 0.40240478515625 -0.60107421875
-0.00229644775390625 0.0298900604248047 -0.2325439453125 -0.93194580078125
0.00810432434082031 0.0212516784667969 -0.81695556640625 -0.2496337890625
0.0185222625732422 -0.0142307281494141 -0.5101318359375 0.417236328125
0.0287361145019531 -0.00836753845214844 -0.046142578125 0.49298095703125
-0.0026397705078125 -0.0192451477050781 0.248886108398438 0.214126586914063
0.00977706909179688 -0.0338401794433594 0.29864501953125 -0.03778076171875
0.0179462432861328 -0.0307521820068359 -0.316925048828125 0.013824462890625
-0.000988006591796874 -0.0235385894775391 -0.245697021484375 -0.272476196289063
0.0274085998535156 -0.0121440887451172 0.041046142578125 -0.5181884765625
0.0246849060058594 0.00111579895019531 0.5093994140625 -0.44549560546875
-0.00910282135009766 0.017333984375 0.7130126953125 0.22650146484375
-0.0211296081542969 0.0193386077880859 0.28009033203125 0.82489013671875
-0.031707763671875 0.0685195922851563 -0.2540283203125 0.600341796875
-0.0534858703613281 0.0625991821289063 0.07098388671875 0.037200927734375
-0.0437240600585938 0.03802490234375 0.379150390625 -0.64227294921875
-0.00372314453125 0.0279312133789063 -0.2969970703125 -0.90423583984375
0.00678825378417969 0.0188179016113281 -0.81817626953125 -0.17730712890625
0.0156040191650391 -0.0149755477905273 -0.466217041015625 0.44879150390625
0.0261974334716797 -0.0102005004882812 -0.0105285644531249 0.48931884765625
-0.00213241577148437 -0.0187282562255859 0.259414672851563 0.202682495117188
0.0091094970703125 -0.0328121185302734 0.29669189453125 -0.048370361328125
0.0178508758544922 -0.0269889831542969 -0.319580078125 0.003814697265625
0.00213623046875 -0.0211162567138672 -0.234954833984375 -0.283721923828125
0.0278987884521484 -0.00885963439941406 0.07061767578125 -0.517578125
0.0201148986816406 0.00478935241699219 0.5457763671875 -0.4080810546875
-0.0161962509155273 0.0138721466064453 0.69952392578125 0.2880859375
-0.0230655670166016 0.00917816162109374 0.22174072265625 0.84356689453125
-0.0265541076660156 0.0579566955566406 -0.274444580078125 0.561370849609375
-0.0403785705566406 0.0560684204101563 0.106040954589844 0.00350189208984375
-0.0355224609375 0.0286178588867188 0.352294921875 -0.67822265625
-0.00546646118164063 0.0193881988525391 -0.35589599609375 -0.8714599609375
0.00424003601074219 0.0136299133300781 -0.814453125 -0.1068115234375
0.0109739303588867 -0.0147666931152344 -0.422637939453125 0.477325439453125
0.0231285095214844 -0.0108661651611328 0.024169921875 0.4853515625
-0.000864028930664064 -0.0173139572143555 0.269760131835938 0.190750122070313
0.0109844207763672 -0.0298671722412109 0.296661376953125 -0.058197021484375
0.0211200714111328 -0.0224208831787109 -0.31964111328125 -0.00476074218749996
0.00596714019775391 -0.0170536041259766 -0.225372314453125 -0.292266845703125
0.0264625549316406 -0.00324630737304688 0.096282958984375 -0.5157470703125
0.013096809387207 0.00861167907714844 0.57342529296875 -0.375244140625
-0.0249385833740234 0.00772666931152344 0.69049072265625 0.33880615234375
-0.0213184356689453 -0.00806999206542969 0.1756591796875 0.86029052734375
-0.0112190246582031 0.0380020141601563 -0.28662109375 0.53387451171875
-0.0136451721191406 0.0416107177734375 0.132034301757813 -0.0228347778320312
-0.0219554901123047 0.0102272033691406 0.32940673828125 -0.71075439453125
-0.00594758987426758 0.00539588928222656 -0.40087890625 -0.84912109375
-0.00414466857910156 0.00965213775634766 -0.8067626953125 -0.0561523437499999
0.0058889389038086 -0.0113191604614258 -0.38763427734375 0.49896240234375
0.0214519500732422 -0.00827980041503906 0.049072265625 0.482421875
0.000205993652343751 -0.0144634246826172 0.277801513671875 0.179962158203125
0.0143318176269531 -0.0260448455810547 0.295867919921875 -0.0667724609375
0.0254440307617187 -0.0175437927246094 -0.318450927734375 -0.011077880859375
0.00961494445800781 -0.011164665222168 -0.2197265625 -0.295196533203125
0.0259819030761719 0.00306510925292969 0.11309814453125 -0.51165771484375
0.00460529327392578 0.0121040344238281 0.58990478515625 -0.3502197265625
-0.0337486267089844 -0.000183105468749997 0.6824951171875 0.3736572265625
-0.0171546936035156 -0.0297813415527344 0.146728515625 0.86968994140625
0.0128860473632812 0.0131711959838867 -0.294769287109375 0.51556396484375
0.0197525024414063 0.0214042663574219 0.144744873046875 -0.040435791015625
-0.00510120391845703 -0.0129499435424805 0.31494140625 -0.72882080078125
-0.00807380676269531 -0.0112943649291992 -0.4251708984375 -0.832275390625
-0.0123081207275391 0.00678634643554688 -0.80084228515625 -0.0255126953124999
0.0008087158203125 -0.00554704666137695 -0.3631591796875 0.51129150390625
0.0193233489990234 -0.00505828857421875 0.064697265625 0.48248291015625
0.00236129760742187 -0.0105180740356445 0.280960083007812 0.172897338867187
0.0189495086669922 -0.0212459564208984 0.2957763671875 -0.07269287109375
0.0282936096191406 -0.0131626129150391 -0.318603515625 -0.012298583984375
0.0132761001586914 -0.00631809234619141 -0.219818115234375 -0.294464111328125
0.0245208740234375 0.00909805297851563 0.11456298828125 -0.50921630859375
-0.00241279602050781 0.0154876708984375 0.59625244140625 -0.34222412109375
-0.0406341552734375 -0.00786209106445313 0.67938232421875 0.3841552734375
-0.0126991271972656 -0.052398681640625 0.1368408203125 0.87261962890625
0.0392913818359375 -0.0152816772460938 -0.3009033203125 0.508087158203125
0.0569267272949219 -0.000400543212890625 0.144668579101563 -0.0464324951171875
0.0140800476074219 -0.0385665893554688 0.30841064453125 -0.73333740234375
-0.00971221923828125 -0.0274982452392578 -0.432861328125 -0.82318115234375
-0.0208950042724609 0.00541687011718749 -0.79693603515625 -0.0121459960937499
-0.0036017894744873 0.0009002685546875 -0.354278564453125 0.51885986328125
0.019622802734375 -0.0001983642578125 0.071197509765625 0.484649658203125
0.00395679473876953 -0.00633668899536133 0.284149169921875 0.172210693359375
0.0225982666015625 -0.0170116424560547 0.296173095703125 -0.0745849609375
0.0337066650390625 -0.00818824768066406 -0.31634521484375 -0.010406494140625
0.0145635604858398 -0.00255489349365234 -0.222015380859375 -0.290924072265625
0.0231876373291016 0.0142021179199219 0.106903076171875 -0.50531005859375
-0.0084991455078125 0.0183506011962891 0.58807373046875 -0.34722900390625
-0.0463447570800781 -0.0132789611816406 0.6834716796875 0.37249755859375
-0.00730133056640625 -0.0723876953125 0.14935302734375 0.87103271484375
0.0633811950683594 -0.0441780090332031 -0.30279541015625 0.51531982421875
0.092529296875 -0.022247314453125 0.132080078125 -0.039581298828125
0.0339164733886719 -0.0627784729003906 0.31341552734375 -0.72381591796875
-0.00876617431640625 -0.0444908142089844 -0.4158935546875 -0.83294677734375
-0.0294971466064453 0.00252532958984376 -0.79736328125 -0.0267944335937501
-0.00727462768554688 0.00595617294311523 -0.361053466796875 0.514892578125
0.0189189910888672 0.00396728515625 0.06549072265625 0.4884033203125
0.00515937805175781 -0.00258970260620117 0.282623291015625 0.176483154296875
0.027191162109375 -0.01348876953125 0.29742431640625 -0.07470703125
0.0356216430664063 -0.0066375732421875 -0.315765380859375 -0.00485229492187497
0.0156059265136719 -0.000148773193359375 -0.22998046875 -0.2840576171875
0.0218524932861328 0.0168056488037109 0.08709716796875 -0.505401611328125
-0.0101795196533203 0.0216197967529297 0.5687255859375 -0.36834716796875
-0.0505332946777344 -0.0140495300292969 0.69384765625 0.33746337890625
-0.00728607177734375 -0.086212158203125 0.18292236328125 0.85791015625
0.0821609497070313 -0.0672378540039063 -0.297088623046875 0.534027099609375
0.121315002441406 -0.039642333984375 0.106674194335938 -0.0217437744140625
0.05303955078125 -0.08355712890625 0.3260498046875 -0.705322265625
-0.0064239501953125 -0.0590438842773437 -0.38824462890625 -0.8487548828125
-0.0343551635742188 0.000152587890624999 -0.801025390625 -0.0595703125
-0.0101613998413086 0.0112648010253906 -0.382110595703125 0.50775146484375
0.0192375183105469 0.00702476501464844 0.048095703125 0.496124267578125
0.00527620315551758 0.00124931335449219 0.280227661132813 0.186264038085938
0.0288047790527344 -0.0118675231933594 0.299407958984375 -0.06964111328125
0.0188426971435547 -0.0312671661376953 -0.311248779296875 0.02734375
-0.00299263000488281 -0.0240154266357422 -0.256607055664062 -0.25408935546875
0.0263423919677734 -0.0127296447753906 0.00579833984375003 -0.509918212890625
0.0271396636962891 -0.000402450561523438 0.46185302734375 -0.475799560546875
-0.00551223754882812 0.0190525054931641 0.7100830078125 0.16265869140625
-0.0181884765625 0.0202598571777344 0.3336181640625 0.79315185546875
-0.0263862609863281 0.0649452209472656 -0.23138427734375 0.63006591796875
-0.0494384765625 0.0590667724609375 0.0329208374023437 0.0691986083984375
-0.0424003601074219 0.0362815856933594 0.39495849609375 -0.5963134765625
-0.00262451171875 0.0300865173339844 -0.2314453125 -0.92132568359375
0.00757408142089844 0.0210952758789063 -0.80914306640625 -0.24298095703125
0.0174674987792969 -0.0139198303222656 -0.503387451171875 0.41461181640625
0.0282993316650391 -0.00846481323242187 -0.04290771484375 0.48681640625
-0.00181198120117187 -0.0184497833251953 0.248001098632813 0.2098388671875
0.00882148742675781 -0.0328617095947266 0.296234130859375 -0.039276123046875
0.0176143646240234 -0.0299205780029297 -0.313995361328125 0.0168762207031251
-0.000898361206054685 -0.0234508514404297 -0.246017456054687 -0.26727294921875
0.0268821716308594 -0.0119380950927734 0.03619384765625 -0.51348876953125
0.0241413116455078 0.00230026245117188 0.501739501953125 -0.44329833984375
-0.00925445556640625 0.0180339813232422 0.70562744140625 0.222412109375
-0.0208454132080078 0.0186901092529297 0.2781982421875 0.815185546875
-0.0308990478515625 0.0670852661132813 -0.25152587890625 0.593505859375
-0.0522003173828125 0.0621185302734375 0.0705795288085938 0.0355224609375
-0.0437240600585937 0.0380134582519531 0.3719482421875 -0.6358642578125
-0.00323486328125 0.0279788970947266 -0.29840087890625 -0.89337158203125
0.00774574279785156 0.0178852081298828 -0.8115234375 -0.17059326171875
0.0144844055175781 -0.0150480270385742 -0.460113525390625 0.446685791015625
0.0261001586914063 -0.0106105804443359 -0.00918579101562502 0.4853515625
-0.00198173522949219 -0.0178050994873047 0.258193969726563 0.198379516601563
0.009124755859375 -0.0333290100097656 0.29486083984375 -0.04925537109375
0.0191822052001953 -0.0274524688720703 -0.31744384765625 0.00619506835937503
0.00299263000488281 -0.0203342437744141 -0.236358642578125 -0.278823852539063
0.0279445648193359 -0.00887870788574219 0.0655517578125 -0.51190185546875
0.0199298858642578 0.00455474853515625 0.537445068359375 -0.408233642578125
-0.0161504745483398 0.0140981674194336 0.6934814453125 0.28375244140625
-0.0235099792480469 0.00923347473144531 0.22210693359375 0.83551025390625
-0.0259628295898437 0.0575485229492188 -0.270660400390625 0.558624267578125
-0.0398597717285156 0.0557670593261719 0.103912353515625 0.0032501220703125
-0.0362930297851563 0.0293083190917969 0.345703125 -0.67266845703125
-0.0043487548828125 0.01983642578125 -0.35552978515625 -0.86029052734375
0.00304698944091797 0.0140132904052734 -0.80767822265625 -0.10345458984375
0.00996112823486328 -0.0145044326782227 -0.41632080078125 0.474822998046875
0.0227489471435547 -0.0108509063720703 0.026214599609375 0.48089599609375
-0.00107288360595703 -0.0173473358154297 0.268402099609375 0.186691284179688
0.0103225708007813 -0.0296039581298828 0.2935791015625 -0.0595703125
0.0202960968017578 -0.0214042663574219 -0.31707763671875 -0.00228881835937494
0.00652599334716797 -0.0158958435058594 -0.226715087890625 -0.2872314453125
0.0277252197265625 -0.00360298156738281 0.09185791015625 -0.511138916015625
0.0128564834594727 0.00842952728271484 0.56488037109375 -0.37225341796875
-0.0254173278808594 0.00795173645019531 0.68365478515625 0.3328857421875
-0.0209312438964844 -0.00791549682617188 0.17706298828125 0.85101318359375
-0.0099334716796875 0.03814697265625 -0.283294677734375 0.52825927734375
-0.0139350891113281 0.0415267944335938 0.129310607910156 -0.0235977172851562
-0.0222682952880859 0.0115070343017578 0.32513427734375 -0.70245361328125
-0.0061039924621582 0.00607967376708984 -0.39874267578125 -0.8372802734375
-0.00323200225830078 0.0099639892578125 -0.798828125 -0.0521850585937498
0.00533962249755859 -0.0109529495239258 -0.38067626953125 0.49468994140625
0.0210723876953125 -0.00852203369140625 0.05096435546875 0.47772216796875
-0.000545501708984375 -0.0136241912841797 0.275543212890625 0.17596435546875
0.0137500762939453 -0.0257587432861328 0.293182373046875 -0.06793212890625
0.02423095703125 -0.0185985565185547 -0.3154296875 -0.00781250000000004
0.0102510452270508 -0.0110588073730469 -0.220794677734375 -0.29132080078125
0.0267524719238281 0.00203514099121094 0.10546875 -0.506378173828125
0.00446701049804688 0.0117616653442383 0.5806884765625 -0.3507080078125
-0.0332164764404297 0.000947952270507807 0.676025390625 0.36798095703125
-0.0169429779052734 -0.0296382904052734 0.14813232421875 0.862060546875
0.0137052536010742 0.0123176574707031 -0.292510986328125 0.511260986328125
0.0206069946289063 0.0219573974609375 0.141937255859375 -0.0411224365234375
-0.0049896240234375 -0.0115289688110352 0.30859375 -0.72119140625
-0.0081787109375 -0.0104055404663086 -0.42425537109375 -0.82244873046875
-0.0129251480102539 0.00712776184082031 -0.7918701171875 -0.0210571289062498
0.000381469726562501 -0.00611972808837891 -0.356842041015625 0.509368896484375
0.0199337005615234 -0.00529098510742188 0.066741943359375 0.47637939453125
0.00163078308105469 -0.0102376937866211 0.279953002929688 0.171051025390625
0.0182514190673828 -0.0207004547119141 0.2928466796875 -0.074432373046875
0.0284271240234375 -0.0136985778808594 -0.3155517578125 -0.00930786132812507
0.0137662887573242 -0.00669670104980469 -0.2203369140625 -0.290618896484375
0.0242862701416016 0.00862884521484375 0.109344482421875 -0.502899169921875
-0.00267791748046875 0.015477180480957 0.58660888671875 -0.34100341796875
-0.0413360595703125 -0.00772476196289062 0.67364501953125 0.37744140625
-0.0125770568847656 -0.0518608093261719 0.1385498046875 0.86376953125
0.0389366149902344 -0.0155067443847656 -0.2977294921875 0.504241943359375
0.05609130859375 -0.000606536865234375 0.1424560546875 -0.0472412109375
0.0133628845214844 -0.0375099182128906 0.3031005859375 -0.72637939453125
-0.00964164733886719 -0.0267753601074219 -0.42999267578125 -0.81427001953125
-0.0208034515380859 0.00543785095214843 -0.78802490234375 -0.00915527343749995
-0.00330448150634766 0.000101566314697266 -0.347625732421875 0.515228271484375
0.0188560485839844 -0.00150299072265625 0.07257080078125 0.479705810546875
0.00301074981689453 -0.0061640739440918 0.282806396484375 0.169525146484375
0.0219402313232422 -0.0170040130615234 0.292816162109375 -0.076019287109375
0.0326099395751953 -0.00983238220214844 -0.313140869140625 -0.00778198242187505
0.0156059265136719 -0.00184440612792969 -0.222412109375 -0.286285400390625
0.0235023498535156 0.0130252838134766 0.1016845703125 -0.502349853515625
-0.00866889953613281 0.0179557800292969 0.5791015625 -0.34600830078125
-0.0467262268066406 -0.0127449035644531 0.67718505859375 0.3668212890625
-0.00786590576171875 -0.0718536376953125 0.15032958984375 0.8612060546875
0.0635452270507813 -0.0435562133789063 -0.29827880859375 0.509002685546875
0.0916748046875 -0.0215911865234375 0.128547668457031 -0.040130615234375
0.0328292846679688 -0.0617752075195313 0.306640625 -0.716796875
-0.00930023193359375 -0.0434303283691406 -0.415771484375 -0.8212890625
-0.0290813446044922 0.00246238708496093 -0.7886962890625 -0.0222167968750002
-0.00759506225585938 0.00585460662841797 -0.354339599609375 0.513031005859375
0.0193862915039062 0.00323677062988281 0.066131591796875 0.483062744140625
0.00486135482788086 -0.0018315315246582 0.281463623046875 0.17364501953125
0.0269641876220703 -0.0132656097412109 0.295257568359375 -0.074981689453125
0.0358238220214844 -0.007720947265625 -0.3133544921875 -0.00192260742187494
0.0157699584960938 0.000618934631347656 -0.230300903320312 -0.278839111328125
0.0224628448486328 0.0168685913085938 0.082366943359375 -0.500030517578125
-0.00958061218261719 0.0216197967529297 0.560272216796875 -0.366363525390625
-0.0504722595214844 -0.0136489868164063 0.688232421875 0.334228515625
-0.00804901123046875 -0.0862350463867188 0.18505859375 0.84881591796875
0.0798797607421875 -0.066619873046875 -0.292816162109375 0.528900146484375
0.119705200195313 -0.0399246215820313 0.103935241699219 -0.0218887329101563
0.0518417358398437 -0.0817794799804688 0.3194580078125 -0.69793701171875
-0.00573348999023437 -0.0583000183105469 -0.38543701171875 -0.83905029296875
-0.0333461761474609 0.000631332397460935 -0.79278564453125 -0.0556030273437501
-0.0099802017211914 0.0106277465820313 -0.37652587890625 0.504150390625
0.0193061828613281 0.00662612915039063 0.050933837890625 0.489715576171875
0.00608634948730469 0.000908851623535156 0.278488159179688 0.183441162109375
0.0280818939208984 -0.01214599609375 0.29742431640625 -0.07171630859375
0.0172920227050781 -0.0318241119384766 -0.30853271484375 0.0281372070312499
-0.00376510620117188 -0.0230350494384766 -0.255905151367188 -0.251068115234375
0.0270004272460938 -0.0132122039794922 0.00228881835937505 -0.505523681640625
0.0262737274169922 -0.00040435791015625 0.455169677734375 -0.4737548828125
-0.00585174560546875 0.0191555023193359 0.70220947265625 0.16046142578125
-0.0186977386474609 0.0193996429443359 0.331298828125 0.7850341796875
-0.0260734558105469 0.0641860961914063 -0.2294921875 0.62335205078125
-0.0495147705078125 0.0594863891601562 0.0319099426269531 0.0676918029785156
-0.0423164367675781 0.0370712280273437 0.3896484375 -0.5888671875
-0.00148391723632812 0.030029296875 -0.232421875 -0.9102783203125
0.00815963745117188 0.0214385986328125 -0.80255126953125 -0.23846435546875
0.0168685913085938 -0.0130405426025391 -0.49615478515625 0.41412353515625
0.0280094146728516 -0.00919532775878906 -0.0414428710937501 0.48406982421875
-0.00213813781738281 -0.0178565979003906 0.2462158203125 0.208404541015625
0.00900650024414063 -0.032562255859375 0.294403076171875 -0.040985107421875
0.0173263549804687 -0.0306072235107422 -0.312469482421875 0.018310546875
-0.000217437744140624 -0.0222930908203125 -0.245880126953125 -0.264114379882813
0.0277786254882813 -0.0124683380126953 0.03179931640625 -0.507781982421875
0.0253658294677734 0.00146102905273438 0.49322509765625 -0.439605712890625
-0.00898551940917968 0.0182476043701172 0.697998046875 0.2196044921875
-0.0202884674072266 0.0181922912597656 0.27685546875 0.80731201171875
-0.03125 0.0658836364746094 -0.24969482421875 0.58642578125
-0.0525093078613281 0.0621414184570312 0.0681037902832031 0.0344352722167969
-0.0437393188476563 0.0387649536132813 0.3662109375 -0.62890625
-0.00189590454101562 0.0287857055664063 -0.29730224609375 -0.88226318359375
0.007476806640625 0.0186557769775391 -0.8033447265625 -0.1663818359375
0.0137882232666016 -0.0151615142822266 -0.453857421875 0.44464111328125
0.0249176025390625 -0.0103816986083984 -0.00634765625000002 0.48016357421875
-0.00130462646484375 -0.0176429748535156 0.256317138671875 0.197052001953125
0.00829315185546875 -0.0319042205810547 0.29254150390625 -0.0504150390625
0.0174484252929688 -0.0272426605224609 -0.313629150390625 0.00985717773437499
0.00258445739746094 -0.0192298889160156 -0.235198974609375 -0.273910522460938
0.02789306640625 -0.008697509765625 0.061126708984375 -0.50628662109375
0.0192909240722656 0.00426864624023438 0.5299072265625 -0.402557373046875
-0.0167407989501953 0.014500617980957 0.68475341796875 0.27960205078125
-0.0224018096923828 0.00789070129394531 0.2213134765625 0.8272705078125
-0.0248794555664063 0.0570259094238281 -0.269989013671875 0.5513916015625
-0.0389213562011719 0.0557632446289062 0.101188659667969 0.0025634765625
-0.0366744995117188 0.0296821594238281 0.34124755859375 -0.6663818359375
-0.00409317016601562 0.0193443298339844 -0.35235595703125 -0.8511962890625
0.00393104553222656 0.0133914947509766 -0.79876708984375 -0.0974731445312499
0.00990581512451172 -0.0145053863525391 -0.409423828125 0.472076416015625
0.0230159759521484 -0.0101318359375 0.0269775390625 0.476043701171875
-0.000797271728515625 -0.0180244445800781 0.266998291015625 0.183395385742188
0.00960159301757812 -0.0296039581298828 0.292083740234375 -0.06072998046875
0.0198192596435547 -0.0232887268066406 -0.3148193359375 -0.000305175781249976
0.00702095031738281 -0.0149745941162109 -0.227264404296875 -0.28375244140625
0.0270404815673828 -0.003570556640625 0.0861511230468751 -0.504974365234375
0.0122270584106445 0.008819580078125 0.55712890625 -0.369598388671875
-0.0255565643310547 0.00810623168945312 0.67498779296875 0.330078125
-0.0212631225585938 -0.00827789306640625 0.1741943359375 0.84368896484375
-0.00992965698242188 0.0376625061035156 -0.28216552734375 0.52325439453125
-0.0139846801757813 0.0420036315917969 0.127143859863281 -0.0248947143554687
-0.0232048034667969 0.0121574401855469 0.3194580078125 -0.69488525390625
-0.00600147247314453 0.00553560256958008 -0.3956298828125 -0.8287353515625
-0.00300312042236328 0.0103473663330078 -0.79266357421875 -0.0488891601562501
0.00470829010009766 -0.01171875 -0.373687744140625 0.493133544921875
0.0211582183837891 -0.00901603698730469 0.05255126953125 0.4732666015625
0.00062274932861328 -0.0142459869384766 0.275039672851563 0.173660278320313
0.0129127502441406 -0.0255832672119141 0.2919921875 -0.069000244140625
0.0237998962402344 -0.0173320770263672 -0.313262939453125 -0.00506591796874996
0.0102643966674805 -0.0096588134765625 -0.22161865234375 -0.287139892578125
0.0264434814453125 0.00283432006835938 0.103363037109375 -0.50213623046875
0.00455379486083984 0.0120906829833984 0.57293701171875 -0.34747314453125
-0.0335445404052734 0.000783920288085938 0.66961669921875 0.36407470703125
-0.0175380706787109 -0.0298404693603516 0.14654541015625 0.85369873046875
0.0126934051513672 0.0113639831542969 -0.2906494140625 0.5054931640625
0.019500732421875 0.0216751098632813 0.139808654785156 -0.04132080078125
-0.00570392608642578 -0.0108118057250977 0.3033447265625 -0.714111328125
-0.00797653198242188 -0.00926494598388672 -0.41949462890625 -0.81231689453125
-0.012049674987793 0.00667190551757812 -0.78436279296875 -0.0185546875000002
0.000638008117675781 -0.00579977035522461 -0.35174560546875 0.504913330078125
0.0203418731689453 -0.00551986694335937 0.06884765625 0.471954345703125
0.00213432312011719 -0.0103282928466797 0.278076171875 0.166305541992188
0.0178108215332031 -0.0209865570068359 0.289825439453125 -0.074951171875
0.0281982421875 -0.0137615203857422 -0.312652587890625 -0.00674438476562496
0.0142784118652344 -0.00587272644042969 -0.220123291015625 -0.286865234375
0.0251502990722656 0.00818061828613281 0.103759765625 -0.49957275390625
-0.00301265716552735 0.0147113800048828 0.57891845703125 -0.3377685546875
-0.0408859252929688 -0.00691986083984374 0.66595458984375 0.37451171875
-0.0118904113769531 -0.0517311096191406 0.13861083984375 0.8553466796875
0.0390052795410156 -0.015594482421875 -0.295867919921875 0.498016357421875
0.0552902221679688 -0.000110626220703125 0.139892578125 -0.04693603515625
0.0127182006835938 -0.0359001159667969 0.2984619140625 -0.7188720703125
-0.00888633728027344 -0.0263290405273438 -0.4278564453125 -0.8043212890625
-0.0203475952148438 0.00539588928222656 -0.7803955078125 -0.00683593750000003
-0.00442266464233398 6.62803649902347E-05 -0.341552734375 0.511688232421875
0.0184783935546875 -0.000864028930664063 0.0753173828125 0.474212646484375
0.00378751754760742 -0.00685739517211914 0.28033447265625 0.1663818359375
0.0206127166748047 -0.0170955657958984 0.290985107421875 -0.077423095703125
0.0312938690185547 -0.00949668884277344 -0.311492919921875 -0.00497436523437494
0.0156440734863281 -0.00221729278564453 -0.223419189453125 -0.2825927734375
0.0233478546142578 0.0125408172607422 0.096588134765625 -0.496551513671875
-0.0073089599609375 0.0186347961425781 0.5711669921875 -0.34271240234375
-0.0464820861816406 -0.0118484497070312 0.67230224609375 0.36187744140625
-0.00809478759765626 -0.0716171264648438 0.14959716796875 0.85302734375
0.0637016296386719 -0.0436286926269531 -0.29583740234375 0.504119873046875
0.0906143188476562 -0.0218353271484375 0.126502990722656 -0.0410385131835938
0.0326271057128906 -0.0603523254394531 0.30108642578125 -0.7109375
-0.00835418701171874 -0.04364013671875 -0.412353515625 -0.8140869140625
-0.0272083282470703 0.00352096557617188 -0.78143310546875 -0.0197753906249999
-0.00795507431030273 0.00578594207763672 -0.350555419921875 0.51031494140625
0.0195426940917969 0.003265380859375 0.067962646484375 0.479644775390625
0.0040736198425293 -0.0018618106842041 0.27978515625 0.1707763671875
0.0250091552734375 -0.0141448974609375 0.293182373046875 -0.07611083984375
0.0350303649902344 -0.00831794738769531 -0.31060791015625 0.000152587890625064
0.0158815383911133 0.000474929809570313 -0.229644775390625 -0.2752685546875
0.0229473114013672 0.0159282684326172 0.0794677734375 -0.4962158203125
-0.0103683471679688 0.0217151641845703 0.55169677734375 -0.36334228515625
-0.0503768920898437 -0.0134124755859375 0.68109130859375 0.3304443359375
-0.0073394775390625 -0.0856170654296875 0.1834716796875 0.841552734375
0.0801239013671875 -0.0663681030273438 -0.29168701171875 0.524200439453125
0.11883544921875 -0.0387954711914063 0.102790832519531 -0.022735595703125
0.0513763427734375 -0.080108642578125 0.31646728515625 -0.69091796875
-0.0061798095703125 -0.0566902160644531 -0.3826904296875 -0.8289794921875
-0.0330104827880859 0.000303268432617187 -0.7857666015625 -0.0527343750000001
-0.0104408264160156 0.0106201171875 -0.370513916015625 0.50054931640625
0.0189208984375 0.00571441650390625 0.05303955078125 0.485443115234375
0.00568056106567383 0.00112533569335938 0.277145385742188 0.180023193359375
0.0274219512939453 -0.0120601654052734 0.294342041015625 -0.071868896484375
0.0170860290527344 -0.0309867858886719 -0.308013916015625 0.0299072265625
-0.00261116027832031 -0.0222702026367188 -0.254974365234375 -0.247207641601562
0.0263099670410156 -0.0124225616455078 -0.000793457031250034 -0.500701904296875
0.025634765625 -0.000446319580078125 0.447967529296875 -0.469696044921875
-0.00506782531738281 0.0190677642822266 0.69512939453125 0.1597900390625
-0.017425537109375 0.018768310546875 0.327392578125 0.77972412109375
-0.0253334045410156 0.062835693359375 -0.22845458984375 0.61859130859375
-0.0489044189453125 0.0591354370117188 0.0309677124023438 0.0672569274902344
-0.0425071716308594 0.0374603271484375 0.38751220703125 -0.5821533203125
-0.00183486938476562 0.0307559967041016 -0.22900390625 -0.90142822265625
0.00767135620117188 0.0211582183837891 -0.795654296875 -0.236083984375
0.0168256759643555 -0.0132722854614258 -0.4915771484375 0.4119873046875
0.0277671813964844 -0.00961685180664063 -0.040191650390625 0.48040771484375
-0.0018463134765625 -0.0184974670410156 0.245071411132813 0.205657958984375
0.008758544921875 -0.0323696136474609 0.29266357421875 -0.04132080078125
0.0172119140625 -0.0306034088134766 -0.310394287109375 0.01898193359375
-5.14984130859388E-05 -0.0210208892822266 -0.245620727539063 -0.260284423828125
0.0281162261962891 -0.0126094818115234 0.028778076171875 -0.503509521484375
0.0234165191650391 0.00118446350097656 0.487274169921875 -0.435150146484375
-0.00999069213867188 0.0184669494628906 0.68988037109375 0.216796875
-0.0204677581787109 0.0183830261230469 0.27471923828125 0.8018798828125
-0.0298423767089844 0.0654869079589844 -0.24957275390625 0.58258056640625
-0.0525398254394531 0.0622787475585937 0.0668678283691406 0.0336952209472656
-0.0434494018554688 0.0395355224609375 0.36358642578125 -0.62225341796875
-0.00262832641601562 0.0283832550048828 -0.2930908203125 -0.873046875
0.00835227966308594 0.0184001922607422 -0.7965087890625 -0.16363525390625
0.0143508911132813 -0.0155267715454102 -0.449249267578125 0.441925048828125
0.0249366760253906 -0.010650634765625 -0.00457763671874996 0.47674560546875
-0.00248336791992187 -0.0180244445800781 0.25408935546875 0.193618774414063
0.00800895690917969 -0.0317516326904297 0.291290283203125 -0.051300048828125
0.0172672271728516 -0.0268001556396484 -0.312103271484375 0.0102233886718749
0.00348854064941406 -0.0192852020263672 -0.236190795898437 -0.271255493164063
0.0285434722900391 -0.00829505920410156 0.058563232421875 -0.50146484375
0.0186309814453125 0.00528144836425781 0.521881103515625 -0.40020751953125
-0.0166263580322266 0.0138378143310547 0.679443359375 0.2779541015625
-0.0227813720703125 0.00870513916015624 0.21710205078125 0.81939697265625
-0.024688720703125 0.0565452575683594 -0.267913818359375 0.5457763671875
-0.0394401550292969 0.0566444396972656 0.099609375 0.00154876708984375
-0.0362701416015625 0.031036376953125 0.33758544921875 -0.6605224609375
-0.003936767578125 0.0204505920410156 -0.34771728515625 -0.8414306640625
0.00386524200439453 0.0137662887573242 -0.79156494140625 -0.0969848632812501
0.009735107421875 -0.0148448944091797 -0.4058837890625 0.467620849609375
0.0228252410888672 -0.0107822418212891 0.0281982421875 0.472686767578125
-0.00102996826171875 -0.0171108245849609 0.2650146484375 0.181427001953125
0.00871849060058594 -0.0298404693603516 0.290191650390625 -0.06103515625
0.0198383331298828 -0.0230617523193359 -0.312774658203125 0.00100708007812495
0.007904052734375 -0.0141201019287109 -0.225967407226562 -0.280029296875
0.0275669097900391 -0.00354194641113281 0.0833740234375 -0.50079345703125
0.011845588684082 0.00913333892822266 0.54998779296875 -0.368133544921875
-0.0246696472167969 0.00825881958007812 0.66900634765625 0.3282470703125
-0.0203685760498047 -0.00880050659179688 0.17340087890625 0.8377685546875
-0.00986480712890625 0.036651611328125 -0.2813720703125 0.518035888671875
-0.0136032104492188 0.0421829223632813 0.123817443847656 -0.0250778198242187
-0.0228614807128906 0.0133914947509766 0.316162109375 -0.68963623046875
-0.00609731674194336 0.00731182098388672 -0.39263916015625 -0.82000732421875
-0.0029764175415039 0.0102596282958984 -0.78338623046875 -0.0480957031249999
0.00409030914306641 -0.0107870101928711 -0.370635986328125 0.48968505859375
0.0213279724121094 -0.0090179443359375 0.0537109375 0.470306396484375
0.000101089477539064 -0.0140953063964844 0.27166748046875 0.170974731445313
0.0129146575927734 -0.0258197784423828 0.289764404296875 -0.069366455078125
0.0236015319824219 -0.016998291015625 -0.311492919921875 -0.00381469726562503
0.0110177993774414 -0.00945568084716797 -0.221221923828125 -0.2843017578125
0.0268611907958984 0.00213813781738281 0.098175048828125 -0.49755859375
0.00386714935302734 0.013279914855957 0.5665283203125 -0.3455810546875
-0.0334415435791016 0.000619888305664067 0.66339111328125 0.3602294921875
-0.0170269012451172 -0.0295944213867188 0.14599609375 0.847412109375
0.0137224197387695 0.0110940933227539 -0.2899169921875 0.500274658203125
0.0198040008544922 0.0227394104003906 0.136970520019531 -0.0414352416992188
-0.006317138671875 -0.00936412811279297 0.30169677734375 -0.70733642578125
-0.00775432586669922 -0.00894451141357422 -0.4140625 -0.80389404296875
-0.0117416381835938 0.00687980651855468 -0.77679443359375 -0.0187988281249999
-0.000254631042480469 -0.00656652450561523 -0.347381591796875 0.5009765625
0.0203933715820313 -0.00588798522949219 0.069732666015625 0.468475341796875
0.00177574157714844 -0.00999259948730469 0.2762451171875 0.165969848632813
0.0169544219970703 -0.0210895538330078 0.289093017578125 -0.075286865234375
0.0274581909179688 -0.0133934020996094 -0.311279296875 -0.00576782226562505
0.0139570236206055 -0.00504684448242188 -0.219482421875 -0.283111572265625
0.0248661041259766 0.00840950012207031 0.10223388671875 -0.493682861328125
-0.00306224822998047 0.0150365829467773 0.57257080078125 -0.33489990234375
-0.0401992797851563 -0.0064239501953125 0.65960693359375 0.3709716796875
-0.0111236572265625 -0.0518341064453125 0.13848876953125 0.84906005859375
0.0389175415039063 -0.0160064697265625 -0.29388427734375 0.4925537109375
0.0547218322753906 0.00058746337890625 0.137596130371094 -0.0482406616210938
0.0126533508300781 -0.0351829528808594 0.2945556640625 -0.71173095703125
-0.00922203063964844 -0.0262470245361328 -0.4241943359375 -0.79766845703125
-0.0196075439453125 0.00473594665527344 -0.773681640625 -0.00592041015624999
-0.00465822219848633 0.00120687484741211 -0.338226318359375 0.507598876953125
0.0187187194824219 -0.00072479248046875 0.075042724609375 0.4697265625
0.00363826751708984 -0.00557947158813477 0.279052734375 0.16424560546875
0.0210514068603516 -0.0168361663818359 0.2900390625 -0.0782470703125
0.0307064056396484 -0.0091705322265625 -0.308929443359375 -0.00473022460937495
0.0159482955932617 -0.00152492523193359 -0.221786499023438 -0.279067993164062
0.0238094329833984 0.0120277404785156 0.095001220703125 -0.492828369140625
-0.00838851928710938 0.0182609558105469 0.56451416015625 -0.3424072265625
-0.0460395812988281 -0.0116119384765625 0.66424560546875 0.3614501953125
-0.0078582763671875 -0.0718994140625 0.14910888671875 0.84686279296875
0.0626564025878906 -0.0433540344238281 -0.295318603515625 0.49920654296875
0.08880615234375 -0.0204925537109375 0.124526977539062 -0.0406036376953125
0.0320205688476563 -0.0584640502929688 0.2991943359375 -0.70428466796875
-0.00824737548828125 -0.0422477722167969 -0.4093017578125 -0.8048095703125
-0.0276165008544922 0.00304985046386719 -0.7718505859375 -0.0205078125000001
-0.00857353210449219 0.00639533996582031 -0.345855712890625 0.506591796875
0.0185928344726562 0.00168991088867188 0.068756103515625 0.4744873046875
0.00453090667724609 -0.00208091735839844 0.277923583984375 0.168807983398438
0.0245132446289063 -0.0135669708251953 0.291107177734375 -0.076202392578125
0.0339527130126953 -0.00796127319335938 -0.30859375 0.00137329101562497
0.0163612365722656 0.00122165679931641 -0.2296142578125 -0.272384643554688
0.0227413177490234 0.0157852172851563 0.0762939453125 -0.490020751953125
-0.00934028625488281 0.0216274261474609 0.544769287109375 -0.36053466796875
-0.0493087768554688 -0.0130805969238281 0.67388916015625 0.3277587890625
-0.00685882568359375 -0.0849380493164063 0.18145751953125 0.835693359375
0.0796356201171875 -0.0664138793945313 -0.2904052734375 0.518218994140625
0.11700439453125 -0.0374069213867188 0.099853515625 -0.0226516723632813
0.0508270263671875 -0.0783233642578125 0.312255859375 -0.68414306640625
-0.00559234619140625 -0.0561981201171875 -0.37847900390625 -0.82196044921875
-0.0324974060058594 0.00108528137207031 -0.7784423828125 -0.0508422851562502
-0.0108785629272461 0.0110912322998047 -0.36712646484375 0.496978759765625
0.0191936492919922 0.00586700439453125 0.05340576171875 0.482696533203125
0.0055699348449707 0.00117158889770508 0.275146484375 0.178146362304688
0.0271129608154297 -0.0121364593505859 0.293548583984375 -0.072052001953125
0.0170860290527344 -0.0306472778320313 -0.304473876953125 0.030914306640625
-0.00170707702636719 -0.0215244293212891 -0.254852294921875 -0.245376586914062
0.0270042419433594 -0.0126609802246094 -0.00204467773437495 -0.496856689453125
0.0259227752685547 -0.000202178955078125 0.445465087890625 -0.465087890625
-0.00633811950683594 0.0198154449462891 0.68878173828125 0.15966796875
-0.0172100067138672 0.0189189910888672 0.3240966796875 0.772705078125
-0.0248146057128906 0.0622940063476563 -0.22979736328125 0.61187744140625
-0.0493240356445313 0.0592994689941406 0.02862548828125 0.0656471252441406
-0.043182373046875 0.0381278991699219 0.38555908203125 -0.5771484375
-0.00119209289550781 0.0311908721923828 -0.22509765625 -0.89569091796875
0.00872802734375 0.0211429595947266 -0.78955078125 -0.2335205078125
0.0155420303344727 -0.0136175155639648 -0.4886474609375 0.40875244140625
0.0275821685791016 -0.00988197326660156 -0.03857421875 0.477264404296875
-0.00185012817382813 -0.0176067352294922 0.244720458984375 0.204940795898437
0.00794601440429688 -0.0327873229980469 0.29132080078125 -0.0416259765625
0.0175590515136719 -0.0302391052246094 -0.308807373046875 0.020538330078125
2.09808349609371E-05 -0.0214309692382812 -0.24542236328125 -0.2586669921875
0.0287742614746094 -0.0118885040283203 0.026611328125 -0.499725341796875
0.0234241485595703 0.00170135498046875 0.4814453125 -0.4329833984375
-0.0100078582763672 0.0183658599853516 0.68499755859375 0.21649169921875
-0.0197944641113281 0.0175819396972656 0.27130126953125 0.79638671875
-0.0298805236816406 0.0658416748046875 -0.2489013671875 0.576171875
-0.051300048828125 0.0623435974121094 0.0650138854980469 0.0326499938964844
-0.0444107055664063 0.0395469665527344 0.3619384765625 -0.6165771484375
-0.00200843811035156 0.0292186737060547 -0.29046630859375 -0.86541748046875
0.00832748413085938 0.0175704956054688 -0.79052734375 -0.16357421875
0.0132741928100586 -0.0140380859375 -0.446868896484375 0.4390869140625
0.0255756378173828 -0.0109138488769531 -0.00518798828124995 0.473785400390625
-0.00216102600097656 -0.0184612274169922 0.253311157226563 0.191543579101563
0.00732040405273438 -0.0324878692626953 0.289886474609375 -0.051727294921875
0.0168685913085938 -0.0272693634033203 -0.311737060546875 0.010833740234375
0.00424385070800781 -0.0187816619873047 -0.234588623046875 -0.269149780273438
0.0286159515380859 -0.00866127014160156 0.057342529296875 -0.49822998046875
0.0189247131347656 0.00547027587890625 0.5186767578125 -0.396453857421875
-0.0164546966552734 0.0136957168579102 0.671875 0.2769775390625
-0.0216293334960938 0.00832557678222656 0.213134765625 0.815185546875
-0.0246505737304687 0.055908203125 -0.269439697265625 0.539825439453125
-0.0390586853027344 0.0561408996582031 0.0984268188476563 0.000846862792968753
-0.0366058349609375 0.0320472717285156 0.33709716796875 -0.6536865234375
-0.00393486022949219 0.0206489562988281 -0.3428955078125 -0.836181640625
0.00481224060058594 0.0143699645996094 -0.7861328125 -0.0965576171875
0.00891876220703125 -0.0143766403198242 -0.402557373046875 0.464202880859375
0.0232429504394531 -0.0110721588134766 0.028839111328125 0.4697265625
-0.00104045867919922 -0.0166835784912109 0.262786865234375 0.181350708007813
0.007781982421875 -0.0296745300292969 0.289947509765625 -0.060943603515625
0.0209903717041016 -0.0225086212158203 -0.31103515625 0.001739501953125
0.00751018524169922 -0.0137338638305664 -0.225738525390625 -0.277679443359375
0.0281925201416016 -0.00382614135742188 0.08099365234375 -0.4969482421875
0.0121555328369141 0.00937271118164063 0.5443115234375 -0.364532470703125
-0.0249156951904297 0.00882148742675781 0.66314697265625 0.3270263671875
-0.0210628509521484 -0.00905609130859375 0.16943359375 0.830322265625
-0.0102767944335937 0.0356559753417969 -0.2808837890625 0.510223388671875
-0.0142974853515625 0.0415763854980469 0.123382568359375 -0.0255279541015625
-0.0230846405029297 0.0146770477294922 0.31573486328125 -0.68255615234375
-0.0050196647644043 0.00747442245483398 -0.3870849609375 -0.814697265625
-0.00287151336669922 0.00942802429199219 -0.77862548828125 -0.0499267578124999
0.00361156463623047 -0.0108928680419922 -0.368988037109375 0.485931396484375
0.0214290618896484 -0.00844573974609375 0.0537109375 0.46533203125
6.6757202148428E-06 -0.0145740509033203 0.269744873046875 0.170486450195313
0.0117092132568359 -0.0249099731445313 0.28887939453125 -0.0697021484375
0.0232315063476563 -0.0176143646240234 -0.309844970703125 -0.00308227539062494
0.0117549896240234 -0.00927352905273438 -0.220550537109375 -0.281280517578125
0.0260391235351563 0.00185966491699219 0.098358154296875 -0.49310302734375
0.004058837890625 0.0121908187866211 0.5616455078125 -0.341552734375
-0.0340824127197266 0.000728607177734381 0.65594482421875 0.3603515625
-0.0167007446289062 -0.0301971435546875 0.14312744140625 0.84259033203125
0.0131387710571289 0.0119390487670898 -0.28955078125 0.49493408203125
0.0185832977294922 0.0231742858886719 0.135017395019531 -0.042633056640625
-0.00696849822998047 -0.00915050506591797 0.29962158203125 -0.701904296875
-0.00762367248535156 -0.0091104507446289 -0.41259765625 -0.79827880859375
-0.0105047225952148 0.00720024108886719 -0.7723388671875 -0.0191650390624998
-0.000831127166748047 -0.00488853454589844 -0.345672607421875 0.498809814453125
0.0196819305419922 -0.00633621215820313 0.068450927734375 0.464752197265625
0.0018310546875 -0.00995635986328125 0.273147583007813 0.164794921875
0.0160179138183594 -0.0207767486572266 0.28863525390625 -0.075592041015625
0.0260086059570313 -0.0126533508300781 -0.310028076171875 -0.00595092773437504
0.0142421722412109 -0.00518226623535156 -0.219467163085938 -0.280517578125
0.0255374908447266 0.00815010070800781 0.099029541015625 -0.489288330078125
-0.00288200378417969 0.0164299011230469 0.5672607421875 -0.33233642578125
-0.0404548645019531 -0.00683212280273437 0.65362548828125 0.369873046875
-0.0111961364746094 -0.0513725280761719 0.135009765625 0.84368896484375
0.0389938354492188 -0.0165367126464844 -0.295166015625 0.48846435546875
0.0543365478515625 0.00123977661132813 0.135231018066406 -0.0473861694335937
0.0117778778076172 -0.0342388153076172 0.29315185546875 -0.70745849609375
-0.00858497619628906 -0.0253162384033203 -0.4189453125 -0.78997802734375
-0.0192661285400391 0.0052032470703125 -0.76739501953125 -0.00640869140625017
-0.00506210327148438 0.000443458557128906 -0.33551025390625 0.504547119140625
0.0186843872070313 -0.00185775756835938 0.074493408203125 0.467498779296875
0.0036163330078125 -0.00551176071166992 0.276580810546875 0.164016723632812
0.0206031799316406 -0.0168972015380859 0.288177490234375 -0.077972412109375
0.0317153930664063 -0.00977516174316406 -0.307525634765625 -0.00381469726562501
0.0157051086425781 -0.000535011291503906 -0.221847534179688 -0.276611328125
0.0242347717285156 0.0124492645263672 0.0941162109375 -0.488494873046875
-0.00737762451171875 0.0182170867919922 0.55926513671875 -0.337921142578125
-0.0462684631347656 -0.0112800598144531 0.65802001953125 0.35870361328125
-0.00751495361328126 -0.0711898803710937 0.14642333984375 0.84222412109375
0.0620994567871094 -0.0436859130859375 -0.295562744140625 0.496185302734375
0.0885238647460938 -0.0202560424804688 0.12298583984375 -0.0406951904296875
0.0321006774902344 -0.0574417114257813 0.29803466796875 -0.69927978515625
-0.00840377807617187 -0.0419235229492187 -0.405029296875 -0.80078125
-0.0257034301757813 0.00380706787109374 -0.76812744140625 -0.0205078125
-0.00884914398193359 0.00646686553955078 -0.34283447265625 0.50213623046875
0.0186080932617188 0.00266838073730469 0.0682373046875 0.4708251953125
0.0032200813293457 -0.00136446952819824 0.275405883789063 0.166748046875
0.024383544921875 -0.0137214660644531 0.289764404296875 -0.07635498046875
0.0342369079589844 -0.00778579711914063 -0.3074951171875 0.003204345703125
0.0173721313476563 0.000910758972167969 -0.229232788085938 -0.269302368164063
0.0243186950683594 0.0157794952392578 0.0736083984375 -0.48602294921875
-0.0103492736816406 0.0218429565429688 0.540313720703125 -0.35687255859375
-0.0498733520507813 -0.0127105712890625 0.66827392578125 0.3270263671875
-0.00651550292968749 -0.0837478637695313 0.1773681640625 0.82958984375
0.0788040161132813 -0.0661773681640625 -0.291290283203125 0.513031005859375
0.116508483886719 -0.0368804931640625 0.0985946655273438 -0.0226364135742188
0.0507659912109375 -0.0781173706054688 0.30999755859375 -0.678955078125
-0.00449752807617188 -0.0553245544433594 -0.37335205078125 -0.8153076171875
-0.0323448181152344 -0.0002593994140625 -0.77301025390625 -0.0514526367187498
-0.0109491348266602 0.0108041763305664 -0.36492919921875 0.493682861328125
0.0184230804443359 0.00660324096679688 0.0537109375 0.4794921875
0.00601577758789063 0.00134706497192383 0.27276611328125 0.176483154296875
0.0267162322998047 -0.0121593475341797 0.29217529296875 -0.071380615234375
0.0177288055419922 -0.0316562652587891 -0.303802490234375 0.031036376953125
-0.00183677673339844 -0.0205039978027344 -0.254226684570313 -0.244216918945312
0.0273323059082031 -0.012115478515625 -0.00198364257812503 -0.493988037109375
0.025909423828125 0.00017547607421875 0.442169189453125 -0.461700439453125
-0.00576972961425781 0.0191574096679687 0.68365478515625 0.1602783203125
-0.0168895721435547 0.0181007385253906 0.3206787109375 0.77252197265625
-0.0254135131835938 0.0614433288574219 -0.23126220703125 0.606689453125
-0.0486831665039063 0.05902099609375 0.0281524658203125 0.0658187866210938
-0.0431289672851563 0.0391883850097656 0.38397216796875 -0.5712890625
-0.00174331665039062 0.0306987762451172 -0.2210693359375 -0.88909912109375
0.009368896484375 0.0208663940429688 -0.7847900390625 -0.234619140625
0.0150766372680664 -0.0133295059204102 -0.4853515625 0.40655517578125
0.0276985168457031 -0.00885772705078125 -0.039215087890625 0.47564697265625
-0.00151824951171875 -0.0177078247070313 0.2431640625 0.202972412109375
0.00647163391113282 -0.0319862365722656 0.29107666015625 -0.041717529296875
0.01629638671875 -0.0304794311523438 -0.307220458984375 0.0203857421874999
0.00122451782226563 -0.0201873779296875 -0.243789672851562 -0.256057739257813
0.0280952453613281 -0.0111331939697266 0.026214599609375 -0.496124267578125
0.0235366821289063 0.00214195251464844 0.479400634765625 -0.428436279296875
-0.00976943969726562 0.0182838439941406 0.67889404296875 0.2191162109375
-0.0191993713378906 0.0166282653808594 0.2667236328125 0.79278564453125
-0.0297775268554687 0.0639419555664063 -0.25018310546875 0.5709228515625
-0.0511589050292969 0.0629501342773438 0.0634613037109375 0.03302001953125
-0.0451316833496094 0.0406150817871094 0.3623046875 -0.6103515625
-0.00206947326660157 0.0294914245605469 -0.283447265625 -0.86248779296875
0.00831413269042969 0.0182514190673828 -0.78564453125 -0.1634521484375
0.0129899978637695 -0.0154590606689453 -0.44500732421875 0.436279296875
0.0250701904296875 -0.0111064910888672 -0.00466918945312497 0.472320556640625
-0.00225257873535156 -0.0180683135986328 0.251083374023438 0.1915283203125
0.00712776184082031 -0.0318088531494141 0.289306640625 -0.051116943359375
0.0167121887207031 -0.0276641845703125 -0.310272216796875 0.011199951171875
0.00500869750976562 -0.0183448791503906 -0.234085083007813 -0.267898559570312
0.0286788940429688 -0.00927543640136719 0.0552978515625 -0.49365234375
0.0184078216552734 0.0051422119140625 0.51434326171875 -0.391815185546875
-0.0177421569824219 0.0146026611328125 0.66790771484375 0.2784423828125
-0.0217781066894531 0.00742340087890625 0.21044921875 0.8114013671875
-0.0247611999511719 0.0544471740722656 -0.270263671875 0.536346435546875
-0.0389137268066406 0.0568008422851563 0.0974273681640625 0.00164031982421875
-0.0370330810546875 0.0323295593261719 0.3363037109375 -0.649169921875
-0.00418663024902344 0.0210208892822266 -0.33941650390625 -0.83197021484375
0.00511074066162109 0.0143327713012695 -0.7811279296875 -0.0970458984374998
0.00835800170898438 -0.0138692855834961 -0.40362548828125 0.462249755859375
0.0228309631347656 -0.0118522644042969 0.027435302734375 0.467620849609375
-0.00162124633789062 -0.0170469284057617 0.262466430664063 0.180099487304688
0.00800132751464843 -0.0298328399658203 0.2891845703125 -0.061370849609375
0.0189285278320313 -0.0225009918212891 -0.3094482421875 0.00207519531250004
0.00752162933349609 -0.0137720108032227 -0.226211547851562 -0.276168823242188
0.0283966064453125 -0.00417137145996094 0.08038330078125 -0.49365234375
0.0113077163696289 0.00879955291748047 0.541900634765625 -0.36077880859375
-0.02398681640625 0.00765419006347656 0.65777587890625 0.327880859375
-0.0196456909179688 -0.00993919372558594 0.16534423828125 0.82855224609375
-0.00947952270507813 0.0362396240234375 -0.281768798828125 0.50799560546875
-0.0143356323242188 0.0423851013183594 0.120933532714844 -0.0247955322265625
-0.0236797332763672 0.0153560638427734 0.31500244140625 -0.6771240234375
-0.00472640991210937 0.00778007507324219 -0.3826904296875 -0.80999755859375
-0.00236034393310547 0.00996303558349609 -0.7744140625 -0.0488891601562501
0.00376796722412109 -0.01055908203125 -0.36724853515625 0.482696533203125
0.0215911865234375 -0.00931358337402344 0.052032470703125 0.46484375
0.000477790832519533 -0.0129489898681641 0.269699096679688 0.168533325195313
0.0119533538818359 -0.0249538421630859 0.287017822265625 -0.069854736328125
0.0232982635498047 -0.0169258117675781 -0.3084716796875 -0.00326538085937499
0.0116071701049805 -0.00922489166259766 -0.219375610351563 -0.279495239257813
0.0275535583496094 0.00140380859375 0.096099853515625 -0.48919677734375
0.00364780426025391 0.0122289657592773 0.557830810546875 -0.338470458984375
-0.0335407257080078 0.00126075744628906 0.65216064453125 0.36077880859375
-0.0159950256347656 -0.0300045013427734 0.13934326171875 0.83837890625
0.012115478515625 0.0106878280639648 -0.290496826171875 0.492095947265625
0.0186672210693359 0.0227298736572266 0.133323669433594 -0.0407943725585938
-0.00720500946044922 -0.00769472122192383 0.29931640625 -0.69610595703125
-0.00657939910888672 -0.00841426849365234 -0.40765380859375 -0.79327392578125
-0.0114145278930664 0.00783729553222656 -0.767333984375 -0.0202636718750001
-0.00126838684082031 -0.00611066818237305 -0.345672607421875 0.49420166015625
0.0192337036132813 -0.00619316101074219 0.068450927734375 0.4637451171875
0.00132656097412109 -0.00955486297607422 0.272598266601562 0.163436889648438
0.0157833099365234 -0.0204277038574219 0.28741455078125 -0.07501220703125
0.0267257690429687 -0.0122432708740234 -0.30816650390625 -0.00482177734374999
0.014744758605957 -0.00444221496582031 -0.219619750976562 -0.278594970703125
0.0261516571044922 0.00701904296875 0.098663330078125 -0.486328125
-0.00263118743896484 0.0155429840087891 0.564453125 -0.32940673828125
-0.0402145385742188 -0.00636672973632812 0.6475830078125 0.37054443359375
-0.0111236572265625 -0.0520362854003906 0.13238525390625 0.84027099609375
0.0381355285644531 -0.0167503356933594 -0.296112060546875 0.483367919921875
0.0532150268554688 0.00241851806640625 0.13421630859375 -0.04669189453125
0.0118389129638672 -0.0327911376953125 0.2933349609375 -0.70098876953125
-0.00821304321289062 -0.0257282257080078 -0.41192626953125 -0.78668212890625
-0.0189552307128906 0.00594520568847656 -0.7635498046875 -0.00836181640625005
-0.00515174865722656 0.000807762145996094 -0.33599853515625 0.501373291015625
0.0182743072509766 -0.00194549560546875 0.07275390625 0.46527099609375
0.00302410125732422 -0.0052495002746582 0.275863647460937 0.16339111328125
0.0194091796875 -0.0163707733154297 0.287353515625 -0.07708740234375
0.0304641723632812 -0.00929641723632813 -0.305633544921875 -0.003662109375
0.0163240432739258 -0.00170612335205078 -0.221725463867188 -0.2750244140625
0.0242290496826172 0.0118770599365234 0.0927734375 -0.484466552734375
-0.00726127624511719 0.0181198120117188 0.55694580078125 -0.332977294921875
-0.0456199645996094 -0.0114097595214844 0.65411376953125 0.360107421875
-0.0076446533203125 -0.0708999633789063 0.1429443359375 0.8377685546875
0.0623245239257813 -0.0425872802734375 -0.295684814453125 0.49139404296875
0.088714599609375 -0.01873779296875 0.120315551757813 -0.0405197143554688
0.0311126708984375 -0.056549072265625 0.29827880859375 -0.691650390625
-0.00864791870117187 -0.0406074523925781 -0.3985595703125 -0.79620361328125
-0.0258407592773437 0.0027313232421875 -0.76263427734375 -0.0209350585937501
-0.00872945785522461 0.00702095031738281 -0.342132568359375 0.498504638671875
0.0183238983154297 0.00250053405761719 0.067840576171875 0.469329833984375
0.00476598739624024 -0.000856876373291016 0.27459716796875 0.166183471679688
0.0243740081787109 -0.0136470794677734 0.28863525390625 -0.075958251953125
0.0335254669189453 -0.00750160217285156 -0.3067626953125 0.00158691406249999
0.0176544189453125 0.001800537109375 -0.228759765625 -0.267379760742187
0.0237693786621094 0.0155620574951172 0.073638916015625 -0.481964111328125
-0.00985908508300781 0.0219936370849609 0.53607177734375 -0.354034423828125
-0.049652099609375 -0.0128593444824219 0.66229248046875 0.3271484375
-0.00604248046874999 -0.0859451293945313 0.17510986328125 0.82611083984375
0.0789260864257813 -0.0661087036132813 -0.29302978515625 0.509063720703125
0.116691589355469 -0.036041259765625 0.096221923828125 -0.0232696533203125
0.0495376586914063 -0.0763320922851563 0.3121337890625 -0.671875
-0.00406265258789063 -0.0545692443847656 -0.36981201171875 -0.8109130859375
-0.0314998626708984 6.48498535156188E-05 -0.76800537109375 -0.0506591796875
-0.0116901397705078 0.0104684829711914 -0.362762451171875 0.4893798828125
0.0187263488769531 0.00586700439453125 0.052825927734375 0.477020263671875
0.00579547882080078 0.00147104263305664 0.272598266601563 0.176528930664063
0.0256843566894531 -0.011871337890625 0.290863037109375 -0.071533203125
0.0166950225830078 -0.0312156677246094 -0.30328369140625 0.0312194824218749
-0.00056266784667969 -0.0200233459472656 -0.254348754882813 -0.24359130859375
0.0286197662353516 -0.0122528076171875 -0.00436401367187503 -0.492095947265625
0.0251102447509766 0.000898361206054688 0.43939208984375 -0.458282470703125
-0.00592994689941406 0.01959228515625 0.679931640625 0.16387939453125
-0.0166864395141602 0.0174570083618164 0.31561279296875 0.77142333984375
-0.0245246887207031 0.0612068176269531 -0.2330322265625 0.60430908203125
-0.0498504638671875 0.0599212646484375 0.0273666381835938 0.0647697448730469
-0.0439491271972656 0.0389366149902344 0.38623046875 -0.5679931640625
-0.000871658325195314 0.0305919647216797 -0.21807861328125 -0.88470458984375
0.0085906982421875 0.0212230682373047 -0.78082275390625 -0.23388671875
0.0148086547851562 -0.0129384994506836 -0.4853515625 0.4029541015625
0.0278358459472656 -0.00965118408203125 -0.040069580078125 0.4737548828125
-0.00193595886230469 -0.0177688598632813 0.241683959960937 0.20355224609375
0.00764656066894532 -0.0320472717285156 0.292205810546875 -0.04168701171875
0.0164680480957031 -0.0297431945800781 -0.307037353515625 0.0194702148437499
0.0013275146484375 -0.0187301635742188 -0.244110107421875 -0.255325317382812
0.0292701721191406 -0.0112876892089844 0.024932861328125 -0.4945068359375
0.0230579376220703 0.00245857238769531 0.47772216796875 -0.4263916015625
-0.00976943969726563 0.0194797515869141 0.67498779296875 0.2218017578125
-0.0192413330078125 0.0169467926025391 0.26190185546875 0.7928466796875
-0.0294914245605469 0.0628662109375 -0.2540283203125 0.56866455078125
-0.0517501831054687 0.0623893737792969 0.0627937316894531 0.032073974609375
-0.0455970764160156 0.0416069030761719 0.36273193359375 -0.606689453125
-0.00283432006835937 0.0295219421386719 -0.280029296875 -0.861328125
0.00849151611328125 0.0176200866699219 -0.7813720703125 -0.16595458984375
0.0134401321411133 -0.0145359039306641 -0.443267822265625 0.43402099609375
0.0256671905517578 -0.0113849639892578 -0.00711059570312502 0.47235107421875
-0.000999450683593752 -0.0170059204101563 0.25177001953125 0.193191528320313
0.00725173950195313 -0.0318222045898437 0.290679931640625 -0.051300048828125
0.0161418914794922 -0.0270614624023438 -0.3096923828125 0.010833740234375
0.005401611328125 -0.0171575546264648 -0.233535766601562 -0.266571044921875
0.0290985107421875 -0.00942230224609375 0.05487060546875 -0.492095947265625
0.0170001983642578 0.00564479827880859 0.513031005859375 -0.388885498046875
-0.0165996551513672 0.0150394439697266 0.6624755859375 0.28070068359375
-0.0221824645996094 0.00749015808105469 0.20684814453125 0.81109619140625
-0.0242424011230469 0.05389404296875 -0.2724609375 0.53192138671875
-0.0395240783691406 0.0561790466308594 0.0953521728515625 0.000915527343750004
-0.0373382568359375 0.0328178405761719 0.339111328125 -0.6431884765625
-0.00406074523925782 0.0212993621826172 -0.334716796875 -0.8294677734375
0.00497055053710938 0.0140199661254883 -0.7784423828125 -0.0985107421875001
0.00802993774414063 -0.013819694519043 -0.40252685546875 0.46038818359375
0.0227241516113281 -0.0111427307128906 0.027740478515625 0.466644287109375
-0.000750541687011719 -0.016392707824707 0.26226806640625 0.17938232421875
0.00831794738769531 -0.0291557312011719 0.288543701171875 -0.06109619140625
0.0186138153076172 -0.0225372314453125 -0.3089599609375 0.00271606445312498
0.00920677185058594 -0.0131702423095703 -0.2252197265625 -0.274505615234375
0.0291996002197266 -0.00420570373535156 0.079681396484375 -0.490966796875
0.011627197265625 0.00977516174316406 0.53985595703125 -0.35809326171875
-0.0252361297607422 0.00795364379882812 0.6533203125 0.3309326171875
-0.0207309722900391 -0.00957489013671875 0.16375732421875 0.8272705078125
-0.00918960571289063 0.0351486206054688 -0.28466796875 0.50408935546875
-0.0145606994628906 0.0428695678710937 0.118896484375 -0.0247573852539062
-0.0237140655517578 0.0159664154052734 0.3165283203125 -0.67327880859375
-0.00487518310546875 0.00772285461425781 -0.37945556640625 -0.8077392578125
-0.00301170349121094 0.0106592178344727 -0.77166748046875 -0.0520019531250002
0.00309371948242187 -0.0107345581054688 -0.36663818359375 0.480621337890625
0.0206699371337891 -0.00948905944824219 0.05194091796875 0.462677001953125
-0.000521659851074219 -0.0137424468994141 0.268341064453125 0.169723510742188
0.0109996795654297 -0.0251998901367188 0.2884521484375 -0.06927490234375
0.0227241516113281 -0.0179462432861328 -0.3074951171875 -0.00344848632812503
0.0118389129638672 -0.00935173034667969 -0.219329833984375 -0.279312133789063
0.0277786254882813 0.00305938720703125 0.0946044921875 -0.48785400390625
0.00411224365234375 0.0127630233764648 0.555755615234375 -0.33465576171875
-0.0333690643310547 0.000875473022460938 0.64569091796875 0.3626708984375
-0.0160675048828125 -0.0305404663085938 0.13580322265625 0.8369140625
0.01287841796875 0.0100202560424805 -0.29180908203125 0.488006591796875
0.0190620422363281 0.02313232421875 0.133125305175781 -0.0412368774414062
-0.00652027130126953 -0.00639057159423828 0.3011474609375 -0.69140625
-0.00663232803344727 -0.00801992416381836 -0.40130615234375 -0.7916259765625
-0.00987052917480469 0.00664234161376953 -0.76361083984375 -0.0223388671875001
-0.00190019607543945 -0.00490665435791016 -0.343902587890625 0.493988037109375
0.0194511413574219 -0.00589942932128906 0.067047119140625 0.46234130859375
0.000986099243164063 -0.00963592529296875 0.27227783203125 0.162750244140625
0.0156898498535156 -0.0206375122070313 0.287811279296875 -0.07452392578125
0.0261440277099609 -0.0129489898681641 -0.308380126953125 -0.00378417968750005
0.0153236389160156 -0.00442409515380859 -0.219070434570313 -0.277389526367188
0.0258865356445313 0.00731468200683594 0.0985717773437499 -0.482635498046875
-0.00292205810546875 0.0156669616699219 0.561859130859375 -0.32489013671875
-0.0405464172363281 -0.00724029541015626 0.64398193359375 0.37249755859375
-0.0107574462890625 -0.0517349243164063 0.1278076171875 0.839111328125
0.0382308959960938 -0.0165367126464844 -0.2987060546875 0.480560302734375
0.0538368225097656 0.00310516357421875 0.132232666015625 -0.0469589233398438
0.0121612548828125 -0.0309047698974609 0.295654296875 -0.69732666015625
-0.00777053833007813 -0.0242443084716797 -0.40740966796875 -0.78607177734375
-0.018890380859375 0.00539779663085938 -0.760009765625 -0.00988769531249993
-0.00566434860229492 0.000111103057861329 -0.335113525390625 0.499755859375
0.0184078216552734 -0.00248146057128906 0.074493408203125 0.464111328125
0.00413370132446289 -0.00517511367797852 0.274078369140625 0.1627197265625
0.0196247100830078 -0.0170135498046875 0.28753662109375 -0.077178955078125
0.0310325622558594 -0.00954055786132813 -0.305908203125 -0.00302124023437495
0.0167303085327148 -0.00105190277099609 -0.221771240234375 -0.273468017578125
0.0245800018310547 0.0117664337158203 0.0897216796875 -0.481048583984375
-0.00859642028808594 0.0191116333007813 0.553558349609375 -0.329986572265625
-0.0456504821777344 -0.0106468200683594 0.64947509765625 0.36236572265625
-0.0067596435546875 -0.07110595703125 0.13800048828125 0.8360595703125
0.0622787475585938 -0.0440025329589844 -0.300872802734375 0.486328125
0.0884780883789063 -0.0180816650390625 0.119377136230469 -0.0402069091796875
0.031463623046875 -0.0552558898925781 0.3006591796875 -0.6893310546875
-0.0068206787109375 -0.04095458984375 -0.393310546875 -0.79388427734375
-0.0261440277099609 0.00245285034179687 -0.7607421875 -0.0233154296875001
-0.00864362716674805 0.0058140754699707 -0.341796875 0.495880126953125
0.0184001922607422 0.00229835510253906 0.0675659179687499 0.468292236328125
0.00443029403686524 -0.00110054016113281 0.2740478515625 0.166397094726562
0.02313232421875 -0.0138702392578125 0.288421630859375 -0.075836181640625
0.0335540771484375 -0.00873756408691406 -0.305999755859375 0.00238037109375002
0.0177459716796875 0.00150299072265625 -0.228713989257812 -0.26727294921875
0.0239658355712891 0.0158462524414063 0.07257080078125 -0.480926513671875
-0.0104732513427734 0.0220088958740234 0.53692626953125 -0.348663330078125
-0.0490798950195313 -0.0127639770507812 0.6602783203125 0.33038330078125
-0.00608062744140624 -0.0846405029296875 0.1727294921875 0.82452392578125
0.0782470703125 -0.0663375854492188 -0.293914794921875 0.506988525390625
0.115608215332031 -0.0347976684570313 0.0949935913085938 -0.0228042602539063
0.04974365234375 -0.0743637084960937 0.313232421875 -0.66729736328125
-0.00441741943359375 -0.0549888610839844 -0.36334228515625 -0.80755615234375
-0.0308361053466797 0.000383377075195307 -0.76434326171875 -0.0539550781250001
-0.0118227005004883 0.0110940933227539 -0.36334228515625 0.486480712890625
0.0191326141357422 0.00614547729492187 0.052520751953125 0.474609375
0.00585603713989258 0.000946521759033203 0.271697998046875 0.175537109375
0.0256690979003906 -0.0123176574707031 0.29168701171875 -0.072357177734375
0.0170860290527344 -0.0316390991210938 -0.302978515625 0.0317077636718751
-0.00052070617675781 -0.0196647644042969 -0.2542724609375 -0.24298095703125
0.0284347534179687 -0.0120506286621094 -0.00311279296874997 -0.489501953125
0.024658203125 0.000650405883789063 0.43951416015625 -0.456085205078125
-0.00615692138671875 0.0191860198974609 0.67828369140625 0.16839599609375
-0.0167827606201172 0.0173149108886719 0.31170654296875 0.771728515625
-0.0244979858398438 0.0601043701171875 -0.23919677734375 0.60052490234375
-0.0494422912597656 0.0606193542480469 0.0255813598632813 0.0648727416992188
-0.043914794921875 0.04058837890625 0.3890380859375 -0.56463623046875
-0.00105476379394531 0.0319900512695313 -0.21087646484375 -0.88494873046875
0.00974464416503907 0.0214042663574219 -0.779296875 -0.23870849609375
0.0143375396728516 -0.0130701065063477 -0.48663330078125 0.4022216796875
0.0280303955078125 -0.00958251953125 -0.04034423828125 0.474029541015625
-0.000973701477050781 -0.0163240432739258 0.241104125976563 0.204391479492188
0.00708770751953125 -0.0322036743164063 0.291351318359375 -0.0401611328125
0.0164127349853516 -0.0298862457275391 -0.3072509765625 0.0208740234375
0.0025177001953125 -0.0192642211914063 -0.24383544921875 -0.255111694335938
0.0297031402587891 -0.0114841461181641 0.027008056640625 -0.492645263671875
0.0223731994628906 0.00255012512207031 0.476806640625 -0.423309326171875
-0.00964927673339843 0.0186271667480469 0.67340087890625 0.2249755859375
-0.020263671875 0.0162506103515625 0.259521484375 0.79339599609375
-0.0292472839355469 0.0630760192871094 -0.2576904296875 0.56622314453125
-0.0520973205566406 0.0624847412109375 0.0609550476074219 0.0329093933105469
-0.0461082458496094 0.0418434143066406 0.36676025390625 -0.6026611328125
-0.00253105163574219 0.0302600860595703 -0.27496337890625 -0.85662841796875
0.00916099548339844 0.0186958312988281 -0.78021240234375 -0.16845703125
0.010767936706543 -0.0149326324462891 -0.44476318359375 0.43218994140625
0.0251884460449219 -0.0108280181884766 -0.00576782226562503 0.4705810546875
-0.00162410736083984 -0.0168352127075195 0.250747680664063 0.192855834960938
0.00725746154785156 -0.0320873260498047 0.29010009765625 -0.050323486328125
0.0165481567382812 -0.0271549224853516 -0.308746337890625 0.010955810546875
0.00639247894287109 -0.0154447555541992 -0.233291625976562 -0.266342163085938
0.0287513732910156 -0.00879096984863281 0.0550537109375 -0.492340087890625
0.0167331695556641 0.00663566589355469 0.513458251953125 -0.38543701171875
-0.0179386138916016 0.0153560638427734 0.6602783203125 0.2843017578125
-0.0213851928710938 0.00634002685546875 0.202392578125 0.81170654296875
-0.0251235961914062 0.0538787841796875 -0.275787353515625 0.530029296875
-0.0400390625 0.0566864013671875 0.09375 0.00148773193359375
-0.0376319885253906 0.0333976745605469 0.3424072265625 -0.64019775390625
-0.00341415405273437 0.0219364166259766 -0.3304443359375 -0.82958984375
0.00520515441894531 0.0133752822875977 -0.7764892578125 -0.101318359375
0.00757503509521484 -0.0129785537719727 -0.40350341796875 0.4603271484375
0.0224056243896484 -0.0124092102050781 0.026702880859375 0.467681884765625
0.000288009643554688 -0.0158720016479492 0.261672973632813 0.180038452148438
0.00772857666015625 -0.0289211273193359 0.2900390625 -0.060394287109375
0.0189189910888672 -0.0227699279785156 -0.309051513671875 0.00271606445312495
0.0102863311767578 -0.0129508972167969 -0.224761962890625 -0.275634765625
0.029022216796875 -0.00412178039550781 0.079681396484375 -0.48980712890625
0.0110301971435547 0.00957393646240234 0.539276123046875 -0.353973388671875
-0.0257644653320313 0.00883865356445312 0.650634765625 0.33477783203125
-0.0201549530029297 -0.0103931427001953 0.1593017578125 0.82745361328125
-0.00989341735839843 0.0344791412353516 -0.289306640625 0.503265380859375
-0.0152053833007812 0.0429649353027344 0.118392944335938 -0.0234603881835937
-0.0244636535644531 0.0169124603271484 0.32012939453125 -0.67095947265625
-0.00457763671875 0.00860834121704102 -0.37237548828125 -0.8070068359375
-0.00146865844726563 0.0105772018432617 -0.76983642578125 -0.0538330078125
0.00277519226074219 -0.0105705261230469 -0.368927001953125 0.4794921875
0.0211219787597656 -0.00995254516601563 0.05194091796875 0.463775634765625
-4.38690185546876E-05 -0.013087272644043 0.26751708984375 0.170074462890625
0.0112571716308594 -0.0251827239990234 0.2882080078125 -0.068756103515625
0.021881103515625 -0.017425537109375 -0.3079833984375 -0.00314331054687495
0.0129022598266602 -0.00798225402832031 -0.219696044921875 -0.277847290039063
0.0281429290771484 0.00177383422851563 0.093963623046875 -0.485595703125
0.00446510314941406 0.0132331848144531 0.555908203125 -0.33154296875
-0.03350830078125 0.000812530517578118 0.64306640625 0.36749267578125
-0.0159511566162109 -0.0304183959960938 0.1312255859375 0.83740234375
0.0134553909301758 0.0102024078369141 -0.297821044921875 0.4862060546875
0.0179691314697266 0.0237884521484375 0.131622314453125 -0.0398712158203125
-0.0063939094543457 -0.00672674179077148 0.30389404296875 -0.68798828125
-0.00669670104980469 -0.00747442245483398 -0.39703369140625 -0.79248046875
-0.00980472564697265 0.0072469711303711 -0.76190185546875 -0.0242919921875001
-0.00164604187011719 -0.00635242462158203 -0.345489501953125 0.4915771484375
0.0189914703369141 -0.00649833679199219 0.066650390625 0.462127685546875
0.00184059143066406 -0.00864601135253906 0.272384643554688 0.163970947265625
0.0146331787109375 -0.0201225280761719 0.288543701171875 -0.074127197265625
0.0261650085449219 -0.0138702392578125 -0.307861328125 -0.00555419921875004
0.0166540145874023 -0.00419044494628906 -0.218856811523438 -0.277069091796875
0.0260524749755859 0.00701141357421875 0.0969238281250001 -0.48126220703125
-0.00350666046142578 0.0155372619628906 0.562255859375 -0.32196044921875
-0.0403938293457031 -0.00510406494140625 0.6417236328125 0.37603759765625
-0.0106391906738281 -0.0518798828125 0.12274169921875 0.8382568359375
0.0378990173339844 -0.0172500610351563 -0.302154541015625 0.4765625
0.05364990234375 0.00332260131835938 0.130294799804688 -0.0466461181640625
0.0115966796875 -0.0303211212158203 0.29669189453125 -0.69390869140625
-0.00751304626464844 -0.0247440338134766 -0.40277099609375 -0.78533935546875
-0.0186214447021484 0.00533485412597657 -0.75750732421875 -0.0139160156249999
-0.00546121597290039 -0.000112533569335938 -0.335205078125 0.4969482421875
0.0192146301269531 -0.002410888671875 0.072357177734375 0.4639892578125
0.00363588333129883 -0.00470590591430664 0.274993896484375 0.162918090820312
0.0190811157226563 -0.0165176391601563 0.288360595703125 -0.0771484375
0.0308914184570312 -0.00969505310058594 -0.305999755859375 -0.00308227539062504
0.0179080963134766 -0.000875473022460937 -0.22186279296875 -0.273239135742188
0.0252017974853516 0.0117855072021484 0.090850830078125 -0.47955322265625
-0.00905036926269532 0.0188407897949219 0.55450439453125 -0.32794189453125
-0.0462913513183594 -0.0106735229492187 0.645751953125 0.3658447265625
-0.00591278076171876 -0.071319580078125 0.1346435546875 0.83746337890625
0.0622749328613281 -0.0427932739257812 -0.30426025390625 0.4853515625
0.0883331298828125 -0.0168991088867188 0.117683410644531 -0.040252685546875
0.0311088562011719 -0.0533485412597656 0.3021240234375 -0.68560791015625
-0.006927490234375 -0.0407371520996094 -0.3887939453125 -0.79400634765625
-0.0263137817382813 0.00253105163574218 -0.76043701171875 -0.0260009765625001
-0.00943279266357422 0.005767822265625 -0.343017578125 0.49517822265625
0.0187873840332031 0.00200271606445313 0.066192626953125 0.468841552734375
0.00471973419189453 -0.000541210174560547 0.2738037109375 0.166427612304688
0.0238628387451172 -0.0141048431396484 0.289093017578125 -0.0770263671875
0.0338783264160156 -0.00844573974609375 -0.30548095703125 0.00262451171875003
0.0188064575195313 0.00128555297851563 -0.228744506835937 -0.266281127929688
0.0241069793701172 0.0154323577880859 0.07257080078125 -0.47869873046875
-0.01104736328125 0.0214920043945313 0.533538818359375 -0.34637451171875
-0.0492286682128906 -0.0125083923339844 0.65899658203125 0.3331298828125
-0.00497436523437501 -0.0841522216796875 0.1676025390625 0.8265380859375
0.0789413452148438 -0.0663528442382812 -0.298828125 0.50518798828125
0.116348266601563 -0.0343017578125 0.0939178466796875 -0.0218505859375
0.050048828125 -0.0734786987304688 0.3145751953125 -0.6656494140625
-0.002685546875 -0.0542068481445313 -0.3599853515625 -0.8096923828125
-0.0300083160400391 0.000608444213867191 -0.761962890625 -0.0582885742187501
-0.0126800537109375 0.0106840133666992 -0.3641357421875 0.486663818359375
0.0189361572265625 0.00514793395996094 0.05194091796875 0.47479248046875
0.00610733032226563 0.00181674957275391 0.271209716796875 0.176910400390625
0.0255279541015625 -0.0114307403564453 0.29150390625 -0.07232666015625
0.0169296264648438 -0.0308647155761719 -0.3046875 0.0311279296875001
9.1552734375E-05 -0.0188636779785156 -0.2537841796875 -0.243621826171875
0.0289630889892578 -0.0126190185546875 -0.00424194335937499 -0.489990234375
0.0243682861328125 0.00145339965820313 0.43988037109375 -0.4537353515625
-0.00660514831542969 0.0207881927490234 0.67779541015625 0.16998291015625
-0.0173397064208984 0.0177383422851563 0.3099365234375 0.77349853515625
-0.0251884460449219 0.0608329772949219 -0.24212646484375 0.6002197265625
-0.0504722595214844 0.0600318908691406 0.0235099792480469 0.064605712890625
-0.0453567504882813 0.0414352416992187 0.39080810546875 -0.56390380859375
-0.00069999694824219 0.0316276550292969 -0.20977783203125 -0.88519287109375
0.0103302001953125 0.0223026275634766 -0.779541015625 -0.23992919921875
0.0139265060424805 -0.0124073028564453 -0.487701416015625 0.40185546875
0.0279293060302734 -0.00992012023925781 -0.040802001953125 0.475830078125
-0.00129127502441406 -0.0178031921386719 0.241546630859375 0.203765869140625
0.00674629211425782 -0.0324668884277344 0.29400634765625 -0.04168701171875
0.0167808532714844 -0.03021240234375 -0.307708740234375 0.020843505859375
0.00266838073730469 -0.0188999176025391 -0.244232177734375 -0.255706787109375
0.0305137634277344 -0.0121040344238281 0.025390625 -0.492706298828125
0.0226707458496094 0.00286102294921875 0.474945068359375 -0.421539306640625
-0.00975799560546875 0.0186214447021484 0.6712646484375 0.2294921875
-0.0198402404785156 0.0159378051757813 0.25518798828125 0.79412841796875
-0.02996826171875 0.0618629455566406 -0.261962890625 0.5631103515625
-0.0528373718261719 0.0635604858398438 0.0611495971679688 0.0334014892578125
-0.0457305908203125 0.0433158874511719 0.36956787109375 -0.60357666015625
-0.00124168395996094 0.0312023162841797 -0.27081298828125 -0.85870361328125
0.00957489013671875 0.0194358825683594 -0.78021240234375 -0.1697998046875
0.010533332824707 -0.0142879486083984 -0.4468994140625 0.4310302734375
0.0253582000732422 -0.0110721588134766 -0.00790405273437502 0.471649169921875
-0.00163650512695313 -0.0168838500976563 0.250518798828125 0.193389892578125
0.00707435607910156 -0.0317745208740234 0.29193115234375 -0.050079345703125
0.0175247192382813 -0.0273246765136719 -0.310150146484375 0.0118103027343751
0.006378173828125 -0.0172920227050781 -0.233978271484375 -0.266983032226563
0.0305938720703125 -0.00874710083007813 0.054046630859375 -0.490264892578125
0.0177230834960938 0.00626754760742188 0.51300048828125 -0.38427734375
-0.0166826248168945 0.0142688751220703 0.65997314453125 0.2880859375
-0.0223770141601563 0.00576210021972657 0.19940185546875 0.81365966796875
-0.0245170593261719 0.0534095764160156 -0.280181884765625 0.52838134765625
-0.0406532287597656 0.0578575134277344 0.092041015625 0.00136566162109375
-0.0381278991699219 0.0349540710449219 0.34344482421875 -0.63702392578125
-0.00336456298828125 0.0226726531982422 -0.32611083984375 -0.82952880859375
0.00549507141113281 0.0140361785888672 -0.776611328125 -0.1031494140625
0.00653743743896484 -0.0141429901123047 -0.4061279296875 0.45770263671875
0.0224494934082031 -0.0118446350097656 0.025115966796875 0.466949462890625
-0.000238418579101561 -0.0161571502685547 0.261062622070313 0.18182373046875
0.00771522521972656 -0.0297870635986328 0.291717529296875 -0.061370849609375
0.0191402435302734 -0.0226325988769531 -0.3096923828125 0.00308227539062505
0.0108747482299805 -0.0118350982666016 -0.226318359375 -0.274658203125
0.0304946899414063 -0.00402641296386719 0.080902099609375 -0.4879150390625
0.0106983184814453 0.0102939605712891 0.540618896484375 -0.3526611328125
-0.0257587432861328 0.008575439453125 0.650146484375 0.339111328125
-0.0193214416503906 -0.0106353759765625 0.15570068359375 0.8292236328125
-0.00843048095703125 0.0341224670410156 -0.29168701171875 0.50213623046875
-0.015655517578125 0.0425529479980469 0.117416381835938 -0.0238113403320312
-0.0252113342285156 0.0175266265869141 0.3236083984375 -0.66937255859375
-0.00527191162109375 0.00761842727661133 -0.36968994140625 -0.80828857421875
-0.00126361846923828 0.0109939575195312 -0.7691650390625 -0.05413818359375
0.00249004364013672 -0.0108795166015625 -0.36962890625 0.479827880859375
0.0214748382568359 -0.0104961395263672 0.05059814453125 0.46435546875
0.000898361206054687 -0.0138435363769531 0.268218994140625 0.169952392578125
0.0105876922607422 -0.0244064331054688 0.290618896484375 -0.069580078125
0.0225353240966797 -0.0171031951904297 -0.309478759765625 -0.00311279296875
0.01385498046875 -0.00842761993408203 -0.21966552734375 -0.27783203125
0.0285472869873047 0.00215721130371094 0.094818115234375 -0.485382080078125
0.00351142883300781 0.0142641067504883 0.555084228515625 -0.3282470703125
-0.0336589813232422 0.00041007995605468 0.64251708984375 0.3704833984375
-0.0156383514404297 -0.0302848815917969 0.12957763671875 0.8392333984375
0.0123500823974609 0.0103282928466797 -0.301361083984375 0.484466552734375
0.0179538726806641 0.0251197814941406 0.129646301269531 -0.0402374267578125
-0.00639104843139648 -0.0051274299621582 0.30712890625 -0.6884765625
-0.00657749176025391 -0.0068669319152832 -0.39453125 -0.79339599609375
-0.00958728790283203 0.00738811492919922 -0.761962890625 -0.0267333984374998
-0.00241899490356445 -0.0050349235534668 -0.34716796875 0.490936279296875
0.0189151763916016 -0.00700950622558594 0.066314697265625 0.4639892578125
0.000484943389892578 -0.00872278213500977 0.272048950195312 0.164749145507812
0.0153369903564453 -0.0199794769287109 0.289794921875 -0.07489013671875
0.0269279479980469 -0.0133686065673828 -0.308197021484375 -0.00405883789062497
0.0166406631469727 -0.00416183471679687 -0.220077514648437 -0.276931762695313
0.0266647338867187 0.00715446472167969 0.0986328125 -0.4805908203125
-0.00328159332275391 0.0162668228149414 0.561798095703125 -0.319366455078125
-0.0405311584472656 -0.00632858276367188 0.63897705078125 0.3795166015625
-0.00994873046875 -0.0530281066894531 0.1204833984375 0.8419189453125
0.0380973815917969 -0.0169677734375 -0.3062744140625 0.478424072265625
0.054351806640625 0.00326919555664063 0.129913330078125 -0.0457305908203125
0.0118026733398438 -0.0294513702392578 0.3016357421875 -0.6920166015625
-0.007843017578125 -0.0246543884277344 -0.40057373046875 -0.78692626953125
-0.0180912017822266 0.004302978515625 -0.75885009765625 -0.0152587890625
-0.00613927841186524 0.000660419464111329 -0.33685302734375 0.498046875
0.0187339782714844 -0.00283622741699219 0.0721435546875 0.464813232421875
0.00393581390380859 -0.00520801544189453 0.274765014648438 0.16375732421875
0.0195903778076172 -0.0163078308105469 0.290191650390625 -0.078033447265625
0.0313930511474609 -0.0108585357666016 -0.306396484375 -0.00283813476562504
0.0185070037841797 -0.00142478942871094 -0.222747802734375 -0.27301025390625
0.0262069702148438 0.0111064910888672 0.090972900390625 -0.478790283203125
-0.00834083557128906 0.0202922821044922 0.555511474609375 -0.325897216796875
-0.0455322265625 -0.0108718872070312 0.6441650390625 0.36865234375
-0.00514221191406251 -0.0717315673828125 0.13275146484375 0.83807373046875
0.0616683959960937 -0.0430526733398438 -0.306488037109375 0.483978271484375
0.088348388671875 -0.0164718627929688 0.116676330566406 -0.0386276245117188
0.0321922302246094 -0.0531806945800781 0.3046875 -0.68524169921875
-0.00582122802734375 -0.0395889282226563 -0.3856201171875 -0.794189453125
-0.0255050659179688 0.00291061401367188 -0.758056640625 -0.0286254882812499
-0.0107135772705078 0.00628948211669922 -0.34442138671875 0.49420166015625
0.0183677673339844 0.00207901000976563 0.0670166015625 0.469940185546875
0.00432515144348145 -0.00103521347045898 0.273345947265625 0.167083740234375
0.0239448547363281 -0.0133705139160156 0.29095458984375 -0.0760498046875
0.0338478088378906 -0.00758552551269531 -0.306060791015625 0.00250244140625001
0.0187625885009766 0.00133514404296875 -0.228713989257812 -0.266281127929688
0.0246047973632813 0.0149059295654297 0.072296142578125 -0.477447509765625
-0.010772705078125 0.0219230651855469 0.53607177734375 -0.344329833984375
-0.0494766235351563 -0.0130691528320313 0.6558837890625 0.3360595703125
-0.00507354736328126 -0.085693359375 0.1658935546875 0.82611083984375
0.0787353515625 -0.065765380859375 -0.302398681640625 0.502655029296875
0.116264343261719 -0.0321807861328125 0.092376708984375 -0.0214691162109375
0.0504684448242188 -0.0726165771484375 0.31793212890625 -0.66387939453125
-0.00219345092773438 -0.0539207458496094 -0.35723876953125 -0.810791015625
-0.0303993225097656 -0.000213623046874996 -0.76275634765625 -0.0599975585937499
-0.0125951766967773 0.0106878280639648 -0.366790771484375 0.487060546875
0.0185451507568359 0.00572776794433594 0.049468994140625 0.4749755859375
0.00557994842529297 0.00215578079223633 0.270492553710938 0.177566528320313
0.0258522033691406 -0.0125064849853516 0.29364013671875 -0.072113037109375
0.0168361663818359 -0.0320091247558594 -0.3056640625 0.0311279296875
0.00174903869628906 -0.019317626953125 -0.255157470703125 -0.243209838867187
0.0288333892822266 -0.0127124786376953 -0.00503540039062499 -0.49066162109375
0.0237026214599609 0.00151634216308594 0.439788818359375 -0.453643798828125
-0.00630569458007813 0.0202159881591797 0.67724609375 0.1739501953125
-0.0160512924194336 0.0168190002441406 0.30718994140625 0.7757568359375
-0.0259628295898438 0.0611190795898437 -0.24566650390625 0.60150146484375
-0.0505561828613281 0.060516357421875 0.0229301452636719 0.0655670166015625
-0.0457267761230469 0.0424461364746094 0.394927978515625 -0.560302734375
-0.00140571594238281 0.0325164794921875 -0.20513916015625 -0.88690185546875
0.0110588073730469 0.0217475891113281 -0.779296875 -0.24285888671875
0.0140142440795898 -0.0122041702270508 -0.49041748046875 0.402496337890625
0.0281162261962891 -0.0109539031982422 -0.041412353515625 0.475555419921875
-0.000752449035644531 -0.0165576934814453 0.242141723632812 0.206024169921875
0.00636863708496094 -0.0331878662109375 0.295257568359375 -0.040252685546875
0.0162868499755859 -0.0308647155761719 -0.30859375 0.021209716796875
0.00377273559570313 -0.0182781219482422 -0.246047973632813 -0.255752563476562
0.0311431884765625 -0.0113410949707031 0.025177001953125 -0.492767333984375
0.0222530364990234 0.00307464599609375 0.477935791015625 -0.41998291015625
-0.0102996826171875 0.0191249847412109 0.6707763671875 0.23199462890625
-0.0200862884521484 0.0152435302734375 0.2552490234375 0.79962158203125
-0.0304450988769531 0.0633392333984375 -0.26495361328125 0.564697265625
-0.0537986755371094 0.0637855529785156 0.0584869384765625 0.033416748046875
-0.0472869873046875 0.0438728332519531 0.371337890625 -0.60150146484375
-0.00188636779785156 0.0303516387939453 -0.2686767578125 -0.861083984375
0.0107288360595703 0.0189170837402344 -0.783203125 -0.17254638671875
0.0109014511108398 -0.0145034790039062 -0.448822021484375 0.4326171875
0.0253620147705078 -0.0119762420654297 -0.00692749023437496 0.473297119140625
-0.000715255737304686 -0.0170345306396484 0.251510620117187 0.194503784179688
0.00665664672851563 -0.0321311950683594 0.293060302734375 -0.05029296875
0.0161380767822266 -0.0273704528808594 -0.311126708984375 0.011962890625
0.00755405426025391 -0.0155324935913086 -0.235565185546875 -0.2669677734375
0.0304889678955078 -0.00844001770019531 0.05438232421875 -0.4912109375
0.0163784027099609 0.0073089599609375 0.515869140625 -0.382476806640625
-0.0176410675048828 0.0151138305664063 0.66143798828125 0.29248046875
-0.0225315093994141 0.00534439086914063 0.19677734375 0.81585693359375
-0.0255622863769531 0.0528907775878906 -0.28497314453125 0.528656005859375
-0.0409507751464844 0.05743408203125 0.091888427734375 0.0018157958984375
-0.0391845703125 0.0362968444824219 0.348388671875 -0.63800048828125
-0.00283050537109375 0.0226249694824219 -0.32275390625 -0.83245849609375
0.00664901733398438 0.0140933990478516 -0.77862548828125 -0.1058349609375
0.00669574737548828 -0.0136661529541016 -0.406890869140625 0.45880126953125
0.0232467651367187 -0.0120964050292969 0.0260009765625 0.46844482421875
-0.000974655151367187 -0.0158720016479492 0.262054443359375 0.182464599609375
0.00650787353515625 -0.0291976928710938 0.29290771484375 -0.060760498046875
0.0192947387695313 -0.0230808258056641 -0.3104248046875 0.002349853515625
0.0109987258911133 -0.0121011734008789 -0.228103637695313 -0.2752685546875
0.0303993225097656 -0.00382614135742188 0.079620361328125 -0.489013671875
0.0107555389404297 0.0100288391113281 0.540313720703125 -0.35003662109375
-0.0257568359375 0.0092620849609375 0.649169921875 0.34234619140625
-0.0205459594726563 -0.0106391906738281 0.15216064453125 0.83111572265625
-0.0106201171875 0.0338172912597656 -0.29595947265625 0.500946044921875
-0.0148124694824219 0.0439186096191406 0.116935729980469 -0.0229721069335937
-0.0246009826660156 0.019256591796875 0.3248291015625 -0.6688232421875
-0.00449371337890625 0.00957012176513672 -0.3665771484375 -0.8106689453125
-0.000325202941894531 0.0107698440551758 -0.77093505859375 -0.0571289062500001
0.00234699249267578 -0.0108785629272461 -0.370147705078125 0.480438232421875
0.0207576751708984 -0.0104408264160156 0.0506591796875 0.46624755859375
0.000897407531738281 -0.0127096176147461 0.269485473632812 0.17144775390625
0.0106258392333984 -0.0246601104736328 0.290924072265625 -0.06976318359375
0.0225849151611328 -0.0177211761474609 -0.31005859375 -0.00241088867187507
0.0145578384399414 -0.00884628295898438 -0.222564697265625 -0.278854370117188
0.0291309356689453 0.00143814086914063 0.09552001953125 -0.485382080078125
0.00282573699951172 0.0134134292602539 0.557281494140625 -0.327392578125
-0.033538818359375 0.0020599365234375 0.64117431640625 0.373291015625
-0.0148696899414062 -0.0315513610839844 0.125732421875 0.84210205078125
0.0123996734619141 0.0098876953125 -0.3038330078125 0.485443115234375
0.0178794860839844 0.0246067047119141 0.129295349121094 -0.040374755859375
-0.00673151016235352 -0.00330448150634766 0.30908203125 -0.6878662109375
-0.0056147575378418 -0.00731563568115234 -0.39141845703125 -0.795654296875
-0.00864076614379883 0.00771331787109375 -0.7637939453125 -0.0281982421875001
-0.0024867057800293 -0.00477266311645508 -0.34979248046875 0.492401123046875
0.0194454193115234 -0.00694847106933594 0.064849853515625 0.465057373046875
0.00153207778930664 -0.00832509994506836 0.272354125976563 0.16522216796875
0.0147819519042969 -0.0212783813476563 0.290283203125 -0.074554443359375
0.026885986328125 -0.0134639739990234 -0.3106689453125 -0.00445556640625
0.0179004669189453 -0.00441741943359375 -0.220703125 -0.278594970703125
0.0278263092041016 0.00743484497070313 0.097564697265625 -0.4810791015625
-0.00431346893310547 0.016265869140625 0.563232421875 -0.31787109375
-0.0406875610351563 -0.00597000122070312 0.64056396484375 0.38458251953125
-0.009918212890625 -0.052703857421875 0.1190185546875 0.84490966796875
0.0382957458496094 -0.0177230834960938 -0.3096923828125 0.476318359375
0.0537528991699219 0.00458145141601563 0.128913879394531 -0.0458831787109375
0.0121250152587891 -0.029296875 0.3048095703125 -0.69232177734375
-0.00692367553710938 -0.0239467620849609 -0.3953857421875 -0.788330078125
-0.017430305480957 0.00548076629638672 -0.7607421875 -0.0163574218749999
-0.00661277770996094 0.000742435455322264 -0.33917236328125 0.49798583984375
0.0193710327148438 -0.00259017944335938 0.072357177734375 0.466766357421875
0.00373268127441406 -0.00465106964111328 0.275131225585937 0.164459228515625
0.0192794799804688 -0.0167083740234375 0.2911376953125 -0.077789306640625
0.0304908752441406 -0.0096588134765625 -0.308380126953125 -0.00210571289062501
0.0198822021484375 -0.000196456909179688 -0.22308349609375 -0.27301025390625
0.0268306732177734 0.0118598937988281 0.090240478515625 -0.479736328125
-0.0083465576171875 0.020111083984375 0.556549072265625 -0.323089599609375
-0.0461006164550781 -0.0111236572265625 0.645263671875 0.37261962890625
-0.00505065917968749 -0.0719223022460938 0.128662109375 0.8419189453125
0.061676025390625 -0.0431137084960938 -0.31256103515625 0.483856201171875
0.0893707275390625 -0.01580810546875 0.115493774414063 -0.0379791259765625
0.0319480895996094 -0.0525398254394531 0.3087158203125 -0.683837890625
-0.00584030151367188 -0.040618896484375 -0.38385009765625 -0.7998046875
-0.0257244110107422 0.00312232971191406 -0.76055908203125 -0.03076171875
-0.0102519989013672 0.00583934783935547 -0.346343994140625 0.49481201171875
0.0179424285888672 0.00215721130371094 0.065093994140625 0.471343994140625
0.00487041473388672 -0.000203609466552734 0.2744140625 0.167526245117188
0.0231685638427734 -0.0129013061523438 0.29144287109375 -0.075927734375
0.0340442657470703 -0.00751113891601562 -0.307220458984375 0.00277709960937495
0.0197219848632813 0.00175857543945313 -0.230056762695313 -0.266006469726563
0.0251960754394531 0.0155124664306641 0.071380615234375 -0.47906494140625
-0.0110969543457031 0.0227985382080078 0.5372314453125 -0.342376708984375
-0.0492820739746094 -0.0119552612304687 0.65667724609375 0.34149169921875
-0.00432586669921875 -0.0859603881835937 0.16259765625 0.83197021484375
0.0792160034179688 -0.0661544799804687 -0.30694580078125 0.5035400390625
0.117164611816406 -0.0322341918945313 0.0913314819335938 -0.0219802856445313
0.0506134033203125 -0.0715560913085938 0.322021484375 -0.66357421875
-0.00134658813476562 -0.0540542602539063 -0.35455322265625 -0.8128662109375
-0.0302753448486328 0.000375747680664067 -0.7642822265625 -0.0625000000000001
-0.0126609802246094 0.0105504989624023 -0.368316650390625 0.4866943359375
0.0181369781494141 0.00528144836425781 0.050201416015625 0.4776611328125
0.00631809234619141 0.00229120254516602 0.270950317382813 0.177139282226563
0.02593994140625 -0.0119056701660156 0.29351806640625 -0.07232666015625
