TRXV5
3
4
4
9
string Extension=J
integer IsArchMeasurement=1
integer IsSpherical=1
string Generator=SPM
string GeneratorVersion=1.3.1 Dev
double ArchRadius=0.449999988079071
integer FrequencyAxisIndex=0
integer AzimuthAxisIndex=1
integer ElevationAxisIndex=2
Frequency
5 201 700000000 800000000 LIN
Azimuth
7 8 0 2.74889357189107 LIN
Elevation
7 15 -2.74889357189107 2.74889357189107 LIN
Polar H Real Part
13
Polar H Imaginary Part
14
Polar V Real Part
13
Polar V Imaginary Part
14
Polar H Magnitude (dB)
12 0xC0000002 0 1
Polar H Phase
7 0xC0000003 0 1
Polar V Magnitude (dB)
12 0xC0000002 2 3
Polar V Phase
7 0xC0000003 2 3
0.0357589721679688 0.00463485717773438 -0.216995239257813 -0.20416259765625
0.00735092163085938 0.00748968124389649 0.024749755859375 -0.351348876953125
0.00817108154296875 0.0230865478515625 0.381561279296875 -0.32073974609375
-0.00629711151123047 0.0142002105712891 0.65008544921875 0.0328369140625
-0.0205802917480469 -0.0148735046386719 0.37396240234375 0.59954833984375
0.00525474548339844 -0.0265636444091797 -0.22357177734375 0.77685546875
0.00103759765625 0.0171604156494141 -0.45745849609375 0.361663818359375
-0.00163459777832032 0.0260124206542969 0.0211029052734375 0.0545310974121094
0.00708580017089844 -0.00319194793701172 0.5831298828125 -0.300537109375
0.0174808502197266 -0.00376129150390625 0.35516357421875 -0.81683349609375
-0.00644969940185547 -0.00373649597167969 -0.40435791015625 -0.69525146484375
-0.00659322738647461 -0.00423669815063476 -0.62139892578125 -0.0729370117187501
0.00501251220703125 0.0194683074951172 -0.37982177734375 0.28173828125
-0.000247478485107422 0.00644731521606445 0.000610351562499984 0.307647705078125
0.0203819274902344 0.000211715698242188 0.224563598632813 0.170089721679688
0.0320339202880859 0.00744819641113281 -0.216094970703125 -0.203521728515625
0.00590038299560547 0.0114345550537109 0.0308837890625 -0.34747314453125
0.00433158874511719 0.0243301391601562 0.389190673828125 -0.303985595703125
-0.0101909637451172 0.0121040344238281 0.64385986328125 0.06134033203125
-0.0195159912109375 -0.02099609375 0.343017578125 0.61761474609375
0.008453369140625 -0.0323696136474609 -0.2596435546875 0.7669677734375
0.00183868408203125 0.0162229537963867 -0.464385986328125 0.34375
-0.000337600708007811 0.0257282257080078 0.0326080322265625 0.0498695373535156
0.00794601440429688 -0.00511980056762695 0.57940673828125 -0.31781005859375
0.0185470581054688 -0.0103664398193359 0.31658935546875 -0.8192138671875
-0.00688362121582031 -0.00950908660888672 -0.433349609375 -0.66204833984375
-0.0100841522216797 -0.00547218322753906 -0.62066650390625 -0.04278564453125
0.00250434875488281 0.0200653076171875 -0.36474609375 0.297027587890625
-0.00206947326660156 0.0102119445800781 0.011749267578125 0.31121826171875
0.0171136856079102 0.00497627258300781 0.22796630859375 0.169403076171875
0.0301990509033203 0.00886154174804687 -0.211807250976563 -0.204208374023437
0.00459766387939453 0.0138702392578125 0.038726806640625 -0.342987060546875
0.000949859619140625 0.0254383087158203 0.400634765625 -0.2890625
-0.0129461288452148 0.0108833312988281 0.6402587890625 0.09332275390625
-0.0194873809814453 -0.0270061492919922 0.31488037109375 0.642822265625
0.0124740600585938 -0.037200927734375 -0.2945556640625 0.7672119140625
0.00686454772949219 0.0133857727050781 -0.473175048828125 0.33099365234375
0.00519371032714844 0.0249080657958984 0.0428390502929688 0.0448265075683594
0.0116157531738281 -0.00924015045166016 0.56768798828125 -0.33636474609375
0.0190353393554688 -0.0152797698974609 0.2781982421875 -0.82879638671875
-0.00775241851806641 -0.0126171112060547 -0.46234130859375 -0.6385498046875
-0.0111045837402344 -0.00451850891113281 -0.6234130859375 -0.0140380859374999
0.000820159912109375 0.0191898345947266 -0.35687255859375 0.3133544921875
-0.00257968902587891 0.0111217498779297 0.017486572265625 0.315582275390625
0.0170202255249023 0.00619220733642578 0.230270385742188 0.170455932617188
0.0291900634765625 0.00776863098144531 -0.210006713867188 -0.203292846679688
0.00592231750488281 0.0140714645385742 0.045623779296875 -0.33856201171875
0.00194931030273437 0.0241603851318359 0.4072265625 -0.2734375
-0.0132732391357422 0.00850772857666016 0.63372802734375 0.1195068359375
-0.0188312530517578 -0.0300617218017578 0.285888671875 0.66204833984375
0.0161628723144531 -0.0430374145507813 -0.3282470703125 0.762451171875
0.0130510330200195 0.0102634429931641 -0.4818115234375 0.3170166015625
0.0137538909912109 0.0234889984130859 0.0506095886230469 0.0407638549804688
0.0167884826660156 -0.0135126113891602 0.561431884765625 -0.350982666015625
0.0197582244873047 -0.0206165313720703 0.2470703125 -0.82806396484375
-0.00837993621826172 -0.0152063369750977 -0.4849853515625 -0.609375
-0.0117530822753906 -0.00527572631835938 -0.6201171875 0.0135498046875001
0.00219535827636719 0.0186843872070313 -0.3470458984375 0.32623291015625
-0.00190353393554687 0.0108671188354492 0.02593994140625 0.31976318359375
0.0144100189208984 0.007171630859375 0.233779907226563 0.170486450195312
0.0287723541259766 0.00652313232421875 -0.205596923828125 -0.203628540039062
0.0081024169921875 0.0122900009155273 0.04949951171875 -0.334259033203125
0.0049285888671875 0.0227413177490234 0.410491943359375 -0.2635498046875
-0.0132064819335938 0.00833892822265625 0.62921142578125 0.13616943359375
-0.0200748443603516 -0.0315189361572266 0.2664794921875 0.6763916015625
0.0185928344726563 -0.0460662841796875 -0.34912109375 0.761474609375
0.0220050811767578 0.00567626953125 -0.489013671875 0.31085205078125
0.0249481201171875 0.0220870971679688 0.0543708801269531 0.0400199890136719
0.0238723754882813 -0.0172767639160156 0.553985595703125 -0.360809326171875
0.0188751220703125 -0.0230484008789063 0.22369384765625 -0.83074951171875
-0.010554313659668 -0.0148019790649414 -0.50128173828125 -0.5928955078125
-0.0104846954345703 -0.00525093078613281 -0.6219482421875 0.03167724609375
0.00601768493652344 0.0178928375244141 -0.34228515625 0.339019775390625
0.00110626220703125 0.00772523880004883 0.02862548828125 0.322784423828125
0.0160560607910156 0.00647640228271484 0.235107421875 0.170944213867188
0.0299224853515625 0.00331687927246094 -0.204910278320313 -0.201278686523437
0.0118741989135742 0.00858879089355469 0.049530029296875 -0.332916259765625
0.00987815856933594 0.0206851959228516 0.408782958984375 -0.26116943359375
-0.0108461380004883 0.00921630859375 0.626220703125 0.14422607421875
-0.02105712890625 -0.0299510955810547 0.2611083984375 0.68341064453125
0.0194740295410156 -0.048187255859375 -0.35894775390625 0.762451171875
0.02978515625 0.00267410278320312 -0.49310302734375 0.309539794921875
0.0369796752929687 0.0188064575195313 0.0524864196777344 0.0387496948242188
0.0297222137451172 -0.0204257965087891 0.54864501953125 -0.361541748046875
0.0178375244140625 -0.0242137908935547 0.2158203125 -0.82855224609375
-0.0110406875610352 -0.012725830078125 -0.50543212890625 -0.588134765625
-0.00778961181640625 -0.00519514083862305 -0.62139892578125 0.0382080078125
0.0103998184204102 0.0150604248046875 -0.34210205078125 0.34222412109375
0.00447559356689453 0.00383615493774414 0.029083251953125 0.32415771484375
0.0168333053588867 0.00257492065429687 0.235260009765625 0.173355102539063
0.03302001953125 -0.000457763671875 -0.20452880859375 -0.201171875
0.0171546936035156 0.00227260589599609 0.04632568359375 -0.334686279296875
0.0157928466796875 0.0187511444091797 0.403350830078125 -0.265167236328125
-0.00789928436279297 0.0110139846801758 0.625244140625 0.13531494140625
-0.0225486755371094 -0.0264625549316406 0.26715087890625 0.67669677734375
0.0185928344726563 -0.0476570129394531 -0.349609375 0.76837158203125
0.0357131958007813 -0.000614166259765625 -0.493408203125 0.314697265625
0.0470542907714844 0.0175857543945313 0.0455284118652344 0.0407218933105469
0.0351219177246094 -0.0228805541992188 0.550994873046875 -0.353759765625
0.0174579620361328 -0.0228805541992188 0.22930908203125 -0.8248291015625
-0.011012077331543 -0.00877094268798828 -0.496826171875 -0.593994140625
-0.0036320686340332 -0.00537872314453125 -0.62579345703125 0.0314331054687499
0.0156946182250977 0.0124006271362305 -0.34820556640625 0.341094970703125
0.00839138031005859 -0.00115394592285156 0.025360107421875 0.325897216796875
0.0188827514648438 -0.00162124633789062 0.2344970703125 0.173446655273438
0.0358085632324219 -0.0041351318359375 -0.205123901367188 -0.199417114257813
0.0206336975097656 -0.00319862365722656 0.039947509765625 -0.3365478515625
0.0217914581298828 0.0150547027587891 0.39605712890625 -0.27423095703125
-0.00354290008544922 0.0140790939331055 0.625 0.11785888671875
-0.0241260528564453 -0.0204257965087891 0.28521728515625 0.66705322265625
0.0149765014648437 -0.04498291015625 -0.327880859375 0.7757568359375
0.0391464233398438 -0.00277328491210937 -0.493255615234375 0.32568359375
0.0536384582519531 0.0161323547363281 0.0356369018554688 0.0442619323730469
0.038726806640625 -0.022613525390625 0.55419921875 -0.34197998046875
0.0167179107666016 -0.0194892883300781 0.25201416015625 -0.82171630859375
-0.0114879608154297 -0.00591945648193359 -0.48187255859375 -0.61175537109375
0.000325679779052735 -0.00524520874023438 -0.626953125 0.0147705078124999
0.0219326019287109 0.0105628967285156 -0.359588623046875 0.331787109375
0.0123233795166016 -0.00780200958251953 0.01800537109375 0.32537841796875
0.0217342376708984 -0.00614356994628906 0.23388671875 0.174453735351563
0.035125732421875 0.00366401672363281 -0.218948364257812 -0.205352783203125
0.00705337524414063 0.00724649429321289 0.023590087890625 -0.35357666015625
0.00791168212890625 0.0234355926513672 0.382537841796875 -0.3211669921875
-0.0068063735961914 0.0144662857055664 0.649658203125 0.03369140625
-0.0200214385986328 -0.0139007568359375 0.37322998046875 0.60406494140625
0.00586891174316407 -0.0267314910888672 -0.22662353515625 0.78082275390625
0.0015716552734375 0.0176200866699219 -0.46234130859375 0.360015869140625
-0.00234603881835938 0.0255870819091797 0.0193367004394531 0.0541610717773438
0.00601625442504883 -0.00285673141479492 0.587158203125 -0.29998779296875
0.0168333053588867 -0.00286483764648438 0.35968017578125 -0.818603515625
-0.00648927688598633 -0.00370979309082031 -0.40435791015625 -0.69769287109375
-0.00709724426269531 -0.00373649597167969 -0.62481689453125 -0.07562255859375
0.00539970397949219 0.0198631286621094 -0.38201904296875 0.2822265625
0.000260353088378906 0.00827980041503906 0.00012207031249999 0.3094482421875
0.0201683044433594 0.00123405456542969 0.225814819335938 0.171051025390625
0.0309257507324219 0.00666618347167969 -0.218429565429687 -0.203826904296875
0.00573253631591797 0.0121641159057617 0.0291748046875 -0.350067138671875
0.00477409362792968 0.0249996185302734 0.389984130859375 -0.305023193359375
-0.0107078552246094 0.012629508972168 0.64599609375 0.06158447265625
-0.0194168090820313 -0.0207271575927734 0.34222412109375 0.623291015625
0.00838088989257812 -0.033538818359375 -0.2635498046875 0.771240234375
0.00287246704101562 0.0166692733764648 -0.469635009765625 0.343170166015625
-0.000812530517578123 0.0263633728027344 0.0328407287597656 0.0496368408203125
0.00740766525268555 -0.00455093383789063 0.58038330078125 -0.3153076171875
0.018951416015625 -0.00885391235351563 0.3193359375 -0.81964111328125
-0.00557041168212891 -0.00857448577880859 -0.43316650390625 -0.666259765625
-0.0103111267089844 -0.00446796417236328 -0.62298583984375 -0.0433349609375001
0.00219917297363281 0.019561767578125 -0.367645263671875 0.298370361328125
-0.00212669372558594 0.0104503631591797 0.01177978515625 0.312225341796875
0.0168170928955078 0.00400447845458984 0.2308349609375 0.169387817382813
0.0303974151611328 0.0083160400390625 -0.213104248046875 -0.204864501953125
0.00416374206542969 0.0145244598388672 0.03924560546875 -0.343109130859375
0.00216293334960937 0.0254497528076172 0.400115966796875 -0.290313720703125
-0.0118951797485352 0.0108823776245117 0.641845703125 0.09381103515625
-0.0196800231933594 -0.0257434844970703 0.31341552734375 0.6475830078125
0.0126228332519531 -0.038238525390625 -0.297607421875 0.77081298828125
0.00611400604248047 0.0142631530761719 -0.475982666015625 0.329833984375
0.00460243225097656 0.0259113311767578 0.0422554016113281 0.0452194213867188
0.0111789703369141 -0.00825881958007813 0.5709228515625 -0.33526611328125
0.0205802917480469 -0.0148468017578125 0.28167724609375 -0.8299560546875
-0.00761127471923828 -0.0122909545898438 -0.46258544921875 -0.64202880859375
-0.0116510391235352 -0.00547122955322266 -0.625244140625 -0.0155029296874999
-1.52587890624997E-05 0.0197181701660156 -0.357452392578125 0.31463623046875
-0.00260066986083984 0.0116920471191406 0.017425537109375 0.3172607421875
0.0160322189331055 0.00707054138183594 0.232162475585938 0.170974731445313
0.0280742645263672 0.0074615478515625 -0.211090087890625 -0.204635620117187
0.0055694580078125 0.0138921737670898 0.0458984375 -0.339111328125
0.00156211853027343 0.0251426696777344 0.4073486328125 -0.273895263671875
-0.0146722793579102 0.00863456726074218 0.6357421875 0.11834716796875
-0.0198516845703125 -0.0304603576660156 0.28436279296875 0.66644287109375
0.016143798828125 -0.0435409545898437 -0.3326416015625 0.76483154296875
0.0125656127929688 0.0109090805053711 -0.486541748046875 0.3160400390625
0.0130863189697266 0.02447509765625 0.0500373840332031 0.0409507751464844
0.0152206420898438 -0.0126657485961914 0.56353759765625 -0.34954833984375
0.0199241638183594 -0.0200099945068359 0.25079345703125 -0.8299560546875
-0.00863361358642578 -0.0142745971679688 -0.4862060546875 -0.614501953125
-0.0120859146118164 -0.00545692443847656 -0.62261962890625 0.0123291015624999
0.0031585693359375 0.0188331604003906 -0.347381591796875 0.329345703125
-0.00128746032714844 0.0108423233032227 0.02593994140625 0.32086181640625
0.0146617889404297 0.00687789916992187 0.234451293945313 0.172164916992188
0.0293941497802734 0.00599098205566406 -0.207550048828125 -0.203277587890625
0.00804996490478515 0.0122079849243164 0.049530029296875 -0.33587646484375
0.00516700744628906 0.0234260559082031 0.4102783203125 -0.2652587890625
-0.0130643844604492 0.008392333984375 0.62939453125 0.1392822265625
-0.0205154418945313 -0.0318202972412109 0.26507568359375 0.67926025390625
0.01873779296875 -0.0461807250976563 -0.35394287109375 0.76470947265625
0.0217514038085938 0.00657463073730469 -0.49188232421875 0.30780029296875
0.0249156951904297 0.0221710205078125 0.0541725158691406 0.0390396118164063
0.0219745635986328 -0.0153827667236328 0.55694580078125 -0.3599853515625
0.0192718505859375 -0.0228767395019531 0.2266845703125 -0.83233642578125
-0.0100736618041992 -0.0140209197998047 -0.5010986328125 -0.5968017578125
-0.0105876922607422 -0.00481033325195312 -0.62359619140625 0.0312499999999999
0.00585269927978516 0.017216682434082 -0.34454345703125 0.34039306640625
0.00159931182861328 0.00838661193847656 0.02899169921875 0.32427978515625
0.0158414840698242 0.00569438934326172 0.236465454101563 0.171630859375
0.0300731658935547 0.00296592712402344 -0.205535888671875 -0.203277587890625
0.0118293762207031 0.00801467895507813 0.0484619140625 -0.3345947265625
0.00950050354003906 0.0209846496582031 0.409576416015625 -0.261474609375
-0.0110225677490234 0.00946521759033203 0.625732421875 0.14385986328125
-0.0209941864013672 -0.0302677154541016 0.2584228515625 0.6871337890625
0.0207481384277344 -0.0477066040039062 -0.36163330078125 0.76678466796875
0.0299186706542969 0.00316429138183594 -0.49786376953125 0.308868408203125
0.036651611328125 0.0200042724609375 0.0521278381347656 0.0386695861816406
0.02935791015625 -0.0198211669921875 0.553253173828125 -0.362213134765625
0.0184173583984375 -0.0236396789550781 0.2200927734375 -0.83056640625
-0.0107107162475586 -0.0126733779907227 -0.50543212890625 -0.59112548828125
-0.00764942169189453 -0.00528764724731445 -0.62603759765625 0.0378417968750001
0.0106563568115234 0.0141592025756836 -0.34442138671875 0.344024658203125
0.00390338897705078 0.00401139259338379 0.028411865234375 0.326202392578125
0.0168008804321289 0.00260353088378906 0.236495971679687 0.17376708984375
0.0326118469238281 -0.00104713439941406 -0.205673217773437 -0.202377319335937
0.0166482925415039 0.00304889678955078 0.046295166015625 -0.33587646484375
0.0165081024169922 0.0185127258300781 0.404083251953125 -0.264984130859375
-0.00777530670166016 0.0114364624023438 0.625 0.13800048828125
-0.0229454040527344 -0.0264816284179688 0.26641845703125 0.681884765625
0.0187644958496094 -0.0482330322265625 -0.35406494140625 0.76995849609375
0.0357894897460938 -0.000385284423828125 -0.499725341796875 0.314056396484375
0.0464820861816406 0.0186691284179688 0.0453414916992188 0.0403976440429688
0.0344314575195313 -0.0212345123291016 0.5538330078125 -0.35394287109375
0.0173263549804688 -0.0231113433837891 0.23150634765625 -0.82769775390625
-0.0116748809814453 -0.00942230224609375 -0.4976806640625 -0.59716796875
-0.00411748886108398 -0.00545740127563477 -0.6279296875 0.03240966796875
0.0167293548583984 0.0119209289550781 -0.351287841796875 0.3426513671875
0.00768136978149414 -0.000268936157226563 0.02569580078125 0.326904296875
0.0184345245361328 -0.0012359619140625 0.236892700195313 0.17413330078125
0.0351047515869141 -0.00388908386230469 -0.206222534179688 -0.2015380859375
0.0199470520019531 -0.00289726257324219 0.040557861328125 -0.338226318359375
0.0234241485595703 0.0161590576171875 0.39581298828125 -0.275299072265625
-0.002716064453125 0.0137729644775391 0.62725830078125 0.120361328125
-0.0239410400390625 -0.0202293395996094 0.28515625 0.67132568359375
0.015838623046875 -0.0450706481933594 -0.33233642578125 0.77752685546875
0.0392341613769531 -0.00136947631835938 -0.496978759765625 0.32464599609375
0.0528717041015625 0.0174026489257812 0.0345954895019531 0.043701171875
0.0385589599609375 -0.0209579467773438 0.558746337890625 -0.341156005859375
0.0176601409912109 -0.0189266204833984 0.2564697265625 -0.82403564453125
-0.010380744934082 -0.00421810150146485 -0.48162841796875 -0.614013671875
-0.000581741333007812 -0.00429129600524902 -0.6307373046875 0.01409912109375
0.0227394104003906 0.0102195739746094 -0.360076904296875 0.334136962890625
0.0121173858642578 -0.00628185272216797 0.018035888671875 0.326324462890625
0.0217933654785156 -0.00614547729492188 0.23529052734375 0.175369262695312
0.0356483459472656 0.00383377075195313 -0.221099853515625 -0.205902099609375
0.00686168670654297 0.00772237777709961 0.022735595703125 -0.355682373046875
0.007965087890625 0.0241641998291016 0.383087158203125 -0.323394775390625
-0.00758552551269531 0.0145034790039063 0.65283203125 0.0347900390625
-0.0200672149658203 -0.0141925811767578 0.37396240234375 0.6087646484375
0.006134033203125 -0.0272560119628906 -0.2298583984375 0.7860107421875
0.00108718872070313 0.0177555084228516 -0.46661376953125 0.361114501953125
-0.00278472900390625 0.0262851715087891 0.0195236206054687 0.0540962219238281
0.00490140914916992 -0.0012059211730957 0.59088134765625 -0.2989501953125
0.0176658630371094 -0.00250053405761719 0.36199951171875 -0.82135009765625
-0.00540399551391602 -0.00314188003540039 -0.4063720703125 -0.70367431640625
-0.00708866119384766 -0.00350379943847656 -0.62847900390625 -0.0750732421875001
0.0059661865234375 0.0203876495361328 -0.3846435546875 0.2850341796875
-0.000604629516601562 0.00772190093994141 0.000366210937500027 0.312225341796875
0.0196685791015625 0.00131034851074219 0.228546142578125 0.173248291015625
0.0318603515625 0.00613021850585938 -0.219497680664062 -0.204498291015625
0.00468635559082031 0.0123062133789063 0.029296875 -0.351409912109375
0.00505828857421875 0.0250244140625 0.391082763671875 -0.307769775390625
-0.0105018615722656 0.0125350952148438 0.64801025390625 0.06329345703125
-0.0201225280761719 -0.0211257934570312 0.34320068359375 0.62652587890625
0.00896072387695313 -0.0325965881347656 -0.267578125 0.7755126953125
0.00188541412353516 0.0162820816040039 -0.47308349609375 0.34228515625
-0.00100326538085937 0.0268115997314453 0.0314102172851562 0.0492668151855469
0.00564384460449219 -0.00398159027099609 0.584716796875 -0.31634521484375
0.019195556640625 -0.00860023498535156 0.3240966796875 -0.82464599609375
-0.00620079040527344 -0.00816822052001953 -0.43511962890625 -0.670654296875
-0.010432243347168 -0.00425243377685547 -0.6268310546875 -0.0443115234374999
0.00189781188964844 0.0204448699951172 -0.37030029296875 0.300750732421875
-0.00281906127929687 0.0102500915527344 0.01202392578125 0.315460205078125
0.0170354843139648 0.00439357757568359 0.232833862304688 0.171157836914063
0.0297679901123047 0.00790023803710938 -0.215805053710937 -0.207366943359375
0.00405120849609375 0.014404296875 0.0372314453125 -0.34619140625
0.00185203552246093 0.0268993377685547 0.40216064453125 -0.292144775390625
-0.0141391754150391 0.0107841491699219 0.64398193359375 0.09423828125
-0.0203418731689453 -0.0259323120117188 0.31439208984375 0.65362548828125
0.0139198303222656 -0.03814697265625 -0.30194091796875 0.776123046875
0.00643157958984375 0.0138988494873047 -0.482666015625 0.331451416015625
0.00465965270996094 0.0268001556396484 0.0418167114257813 0.0450019836425781
0.0107851028442383 -0.00806045532226563 0.5748291015625 -0.33673095703125
0.0195350646972656 -0.0139007568359375 0.284912109375 -0.8343505859375
-0.00695896148681641 -0.0123805999755859 -0.46551513671875 -0.645751953125
-0.0127172470092773 -0.00561332702636719 -0.62945556640625 -0.0145263671875001
0.000226974487304686 0.0205307006835938 -0.361236572265625 0.317047119140625
-0.00285530090332031 0.011784553527832 0.017120361328125 0.31939697265625
0.0165023803710938 0.0066070556640625 0.234466552734375 0.1724853515625
0.0278129577636719 0.00763320922851563 -0.21380615234375 -0.205825805664063
0.00599575042724609 0.0145053863525391 0.044281005859375 -0.341522216796875
0.00289154052734375 0.0254917144775391 0.40716552734375 -0.276580810546875
-0.0149593353271484 0.00897312164306641 0.6375732421875 0.12103271484375
-0.0199413299560547 -0.0295448303222656 0.28485107421875 0.6724853515625
0.0171279907226563 -0.0427780151367188 -0.3365478515625 0.77001953125
0.0130605697631836 0.0112648010253906 -0.490753173828125 0.316009521484375
0.0134983062744141 0.0252628326416016 0.0499496459960938 0.0417671203613281
0.0154333114624023 -0.0116357803344727 0.5667724609375 -0.34979248046875
0.019012451171875 -0.0197372436523438 0.25262451171875 -0.83489990234375
-0.00806713104248047 -0.0145273208618164 -0.48724365234375 -0.61773681640625
-0.0123081207275391 -0.00461196899414063 -0.62908935546875 0.01202392578125
0.00193977355957031 0.0193538665771484 -0.350341796875 0.33050537109375
-0.00161457061767578 0.0109348297119141 0.025482177734375 0.32330322265625
0.0146446228027344 0.00677967071533203 0.238052368164062 0.172592163085938
0.0284175872802734 0.00548171997070313 -0.209609985351562 -0.2056884765625
0.00843524932861328 0.0131139755249023 0.048370361328125 -0.3392333984375
0.00478172302246094 0.0239944458007812 0.4112548828125 -0.267974853515625
-0.0144262313842773 0.00890541076660157 0.63311767578125 0.14117431640625
-0.0203380584716797 -0.0321788787841797 0.26470947265625 0.6861572265625
0.0198211669921875 -0.0462150573730469 -0.3575439453125 0.77093505859375
0.0216579437255859 0.00684547424316406 -0.497711181640625 0.30828857421875
0.0243167877197266 0.0238132476806641 0.0533370971679688 0.0390625
0.0221672058105469 -0.0161933898925781 0.560821533203125 -0.360382080078125
0.0198802947998047 -0.0218315124511719 0.23028564453125 -0.835205078125
-0.0101518630981445 -0.0139656066894531 -0.50445556640625 -0.6011962890625
-0.0109434127807617 -0.00623416900634766 -0.62823486328125 0.0303955078124999
0.00591850280761719 0.0171632766723633 -0.34698486328125 0.34259033203125
0.00147342681884766 0.00854730606079101 0.02874755859375 0.32672119140625
0.0162105560302734 0.00593090057373047 0.239044189453125 0.174530029296875
0.0303726196289063 0.00209999084472656 -0.208145141601562 -0.203689575195313
0.0127716064453125 0.00879192352294922 0.049072265625 -0.337310791015625
0.0105800628662109 0.0213909149169922 0.410919189453125 -0.2633056640625
-0.0125265121459961 0.0102596282958984 0.62908935546875 0.14532470703125
-0.0213356018066406 -0.0304794311523437 0.2581787109375 0.69293212890625
0.0208091735839844 -0.0488700866699219 -0.36676025390625 0.7703857421875
0.0301761627197266 0.00301361083984375 -0.5025634765625 0.308441162109375
0.0375442504882813 0.0213699340820313 0.0519332885742188 0.0383720397949219
0.0293636322021484 -0.0197963714599609 0.55718994140625 -0.361114501953125
0.0187549591064453 -0.0232677459716797 0.22381591796875 -0.83428955078125
-0.010289192199707 -0.0121583938598633 -0.50860595703125 -0.5953369140625
-0.00785350799560547 -0.00508975982666015 -0.62933349609375 0.0371704101562501
0.0104055404663086 0.0153074264526367 -0.346160888671875 0.346923828125
0.00350213050842285 0.00356698036193848 0.0286865234375 0.327880859375
0.0170822143554687 0.00251865386962891 0.238906860351563 0.1746826171875
0.0322647094726563 -0.000417709350585938 -0.208572387695312 -0.202072143554688
0.0174169540405273 0.00387859344482422 0.04547119140625 -0.339202880859375
0.0172977447509766 0.0193672180175781 0.406097412109375 -0.268341064453125
-0.00891590118408203 0.0122852325439453 0.6279296875 0.13787841796875
-0.022674560546875 -0.0266227722167969 0.265869140625 0.68682861328125
0.0193023681640625 -0.0481109619140625 -0.35723876953125 0.7762451171875
0.0363731384277344 0.000400543212890625 -0.50372314453125 0.314300537109375
0.0469512939453125 0.0197105407714844 0.0444869995117188 0.0398597717285156
0.0337677001953125 -0.0205707550048828 0.556488037109375 -0.35614013671875
0.0182609558105469 -0.0225334167480469 0.23370361328125 -0.831298828125
-0.0108022689819336 -0.00909137725830078 -0.50054931640625 -0.6016845703125
-0.00498437881469726 -0.00502634048461914 -0.6331787109375 0.0317993164062499
0.0166244506835938 0.0117588043212891 -0.3514404296875 0.344970703125
0.0080723762512207 -0.000228404998779297 0.025726318359375 0.33050537109375
0.0190715789794922 -0.00164222717285156 0.238800048828125 0.176055908203125
0.0349197387695313 -0.00458335876464844 -0.209396362304688 -0.202911376953125
0.0214061737060547 -0.00186538696289063 0.0386962890625 -0.34014892578125
0.023040771484375 0.0168018341064453 0.3955078125 -0.277130126953125
-0.00412368774414063 0.0146579742431641 0.62957763671875 0.1202392578125
-0.0247955322265625 -0.0205898284912109 0.28411865234375 0.67584228515625
0.0161857604980469 -0.0446548461914062 -0.33636474609375 0.783203125
0.040130615234375 -0.0016937255859375 -0.501678466796875 0.32666015625
0.0536384582519531 0.0178947448730469 0.0343437194824219 0.0433540344238281
0.0380096435546875 -0.0209541320800781 0.561248779296875 -0.34307861328125
0.0177497863769531 -0.0190181732177734 0.2596435546875 -0.8291015625
-0.0108890533447266 -0.00421524047851563 -0.48492431640625 -0.61785888671875
-0.00110626220703125 -0.00490808486938477 -0.6351318359375 0.01409912109375
0.0225391387939453 0.0107231140136719 -0.3619384765625 0.337005615234375
0.0126628875732422 -0.00627517700195313 0.01861572265625 0.328155517578125
0.0226154327392578 -0.0068206787109375 0.237579345703125 0.176559448242188
0.0353851318359375 0.00300216674804687 -0.22344970703125 -0.206222534179687
0.00797653198242188 0.00800752639770508 0.0220947265625 -0.35821533203125
0.00887489318847656 0.0238018035888672 0.383026123046875 -0.3275146484375
-0.00799560546875 0.0150537490844727 0.656005859375 0.0328369140625
-0.0214328765869141 -0.0137901306152344 0.37542724609375 0.61297607421875
0.00653076171875 -0.0272598266601563 -0.23040771484375 0.79266357421875
0.000331878662109374 0.0177192687988281 -0.47161865234375 0.362274169921875
-0.00324058532714844 0.0278568267822266 0.0191650390625 0.0537796020507813
0.00433206558227539 -0.000941991806030273 0.5950927734375 -0.300537109375
0.0175647735595703 -0.00135898590087891 0.3670654296875 -0.8267822265625
-0.00562238693237305 -0.00320816040039062 -0.4088134765625 -0.7078857421875
-0.00862407684326172 -0.00373077392578125 -0.6343994140625 -0.0747070312499999
0.00578689575195313 0.0199546813964844 -0.3863525390625 0.288909912109375
-0.00039052963256836 0.00790691375732422 0.00115966796875 0.313812255859375
0.0201454162597656 0.00134468078613281 0.230804443359375 0.172988891601563
0.0316295623779297 0.0052032470703125 -0.222488403320313 -0.206100463867188
0.00588417053222656 0.0135097503662109 0.026519775390625 -0.3525390625
0.00529861450195312 0.0265274047851562 0.391143798828125 -0.31036376953125
-0.0119895935058594 0.0134706497192383 0.65106201171875 0.06060791015625
-0.0206050872802734 -0.0213775634765625 0.3438720703125 0.63226318359375
0.0103225708007813 -0.0335674285888672 -0.26873779296875 0.7825927734375
0.00162315368652344 0.0173196792602539 -0.479156494140625 0.3448486328125
-0.00222587585449219 0.0289325714111328 0.0306930541992188 0.0494003295898438
0.00537729263305664 -0.00358486175537109 0.587646484375 -0.3184814453125
0.0186405181884766 -0.00838279724121094 0.325927734375 -0.8289794921875
-0.00533723831176758 -0.00819730758666992 -0.4393310546875 -0.6737060546875
-0.0110273361206055 -0.00426673889160156 -0.63214111328125 -0.0418090820312499
0.00252723693847656 0.0201549530029297 -0.3717041015625 0.303253173828125
-0.00199127197265625 0.0106239318847656 0.012298583984375 0.31793212890625
0.0165462493896484 0.00436019897460938 0.235549926757813 0.172409057617188
0.0306224822998047 0.00824356079101563 -0.218154907226562 -0.207305908203125
0.00467777252197266 0.0155811309814453 0.03594970703125 -0.34954833984375
0.00330924987792969 0.027008056640625 0.403717041015625 -0.296539306640625
-0.0143556594848633 0.0108642578125 0.64837646484375 0.0928955078125
-0.0205497741699219 -0.0264682769775391 0.316162109375 0.6588134765625
0.014068603515625 -0.0382499694824219 -0.303955078125 0.78216552734375
0.00753879547119141 0.0146245956420898 -0.486785888671875 0.33251953125
0.00402450561523438 0.0274524688720703 0.0413742065429687 0.0450363159179687
0.00942802429199219 -0.00657272338867187 0.578857421875 -0.33770751953125
0.0205268859863281 -0.0139617919921875 0.2872314453125 -0.8392333984375
-0.00624465942382813 -0.0120086669921875 -0.4686279296875 -0.649169921875
-0.0123319625854492 -0.00580787658691406 -0.63482666015625 -0.0134887695312499
0.000818252563476562 0.0198020935058594 -0.363739013671875 0.321136474609375
-0.00312328338623047 0.0118741989135742 0.01763916015625 0.32232666015625
0.0159597396850586 0.00725936889648438 0.237823486328125 0.174087524414063
0.0279808044433594 0.00638961791992188 -0.21588134765625 -0.206741333007813
0.00518608093261719 0.0149545669555664 0.043212890625 -0.3447265625
0.00310897827148438 0.0253639221191406 0.40875244140625 -0.279815673828125
-0.0154933929443359 0.0092782974243164 0.64154052734375 0.1207275390625
-0.02105712890625 -0.0303287506103516 0.2838134765625 0.6768798828125
0.0176429748535156 -0.0434608459472656 -0.33880615234375 0.77691650390625
0.0132484436035156 0.0104503631591797 -0.49395751953125 0.317474365234375
0.0134372711181641 0.0256996154785156 0.0489044189453125 0.040802001953125
0.0147542953491211 -0.0116128921508789 0.57196044921875 -0.35107421875
0.0201911926269531 -0.0197505950927734 0.253173828125 -0.83819580078125
-0.00743293762207031 -0.014430046081543 -0.4912109375 -0.6221923828125
-0.0121850967407227 -0.00536155700683593 -0.6324462890625 0.01324462890625
0.00189781188964844 0.0185813903808594 -0.3514404296875 0.33428955078125
-0.0016946792602539 0.0112018585205078 0.0263671875 0.32635498046875
0.0145454406738281 0.00633335113525391 0.241119384765625 0.173782348632813
0.0281314849853516 0.00470924377441406 -0.21185302734375 -0.205825805664063
0.00887012481689453 0.0132923126220703 0.046600341796875 -0.341156005859375
0.00641822814941406 0.0245895385742188 0.412811279296875 -0.270782470703125
-0.0153894424438477 0.00870418548583985 0.63690185546875 0.1414794921875
-0.0212688446044922 -0.0315628051757813 0.26629638671875 0.69122314453125
0.0200309753417969 -0.0474967956542969 -0.36175537109375 0.77508544921875
0.0217971801757813 0.0064544677734375 -0.501495361328125 0.311798095703125
0.0246562957763672 0.0239639282226562 0.0532188415527344 0.038787841796875
0.0210704803466797 -0.0155487060546875 0.56591796875 -0.3621826171875
0.0189266204833984 -0.0225887298583984 0.23150634765625 -0.84149169921875
-0.0088348388671875 -0.0141925811767578 -0.50762939453125 -0.6044921875
-0.0111198425292969 -0.00470829010009765 -0.63299560546875 0.0321655273437499
0.00628280639648438 0.0169172286987305 -0.348785400390625 0.345184326171875
0.000362396240234375 0.008697509765625 0.029388427734375 0.328887939453125
0.0157022476196289 0.00514602661132813 0.242019653320312 0.174652099609375
0.0291004180908203 0.00164031982421875 -0.2109375 -0.20458984375
0.0132379531860352 0.00993728637695313 0.047332763671875 -0.33935546875
0.0111942291259766 0.0223102569580078 0.411773681640625 -0.266845703125
-0.012359619140625 0.010737419128418 0.63214111328125 0.14697265625
-0.0217742919921875 -0.0302543640136719 0.25946044921875 0.69793701171875
0.0213546752929687 -0.0487861633300781 -0.36895751953125 0.77886962890625
0.0304641723632813 0.00257492065429688 -0.50604248046875 0.3104248046875
0.0366096496582031 0.0216789245605469 0.050811767578125 0.0386848449707031
0.0284194946289063 -0.0179882049560547 0.5606689453125 -0.36505126953125
0.0189228057861328 -0.0229740142822266 0.22479248046875 -0.84033203125
-0.0102052688598633 -0.011723518371582 -0.51239013671875 -0.5980224609375
-0.00890731811523438 -0.00567817687988281 -0.633056640625 0.037109375
0.0107269287109375 0.0149211883544922 -0.349029541015625 0.351226806640625
0.00383138656616211 0.00439357757568359 0.029571533203125 0.330963134765625
0.0174503326416016 0.00170421600341797 0.242843627929688 0.1759033203125
0.0312843322753906 -0.00187110900878906 -0.210800170898438 -0.204498291015625
0.0176429748535156 0.00390052795410156 0.043609619140625 -0.340667724609375
0.0176982879638672 0.0194339752197266 0.4063720703125 -0.270050048828125
-0.00951194763183594 0.0120754241943359 0.63043212890625 0.13836669921875
-0.0234832763671875 -0.0268936157226563 0.26654052734375 0.6932373046875
0.0199546813964844 -0.0479316711425781 -0.3623046875 0.78460693359375
0.0364799499511719 -0.0002288818359375 -0.50970458984375 0.316131591796875
0.04693603515625 0.0200920104980469 0.0443267822265625 0.0404319763183594
0.0337047576904297 -0.0204105377197266 0.561126708984375 -0.356597900390625
0.0185146331787109 -0.0220489501953125 0.23675537109375 -0.83721923828125
-0.0105552673339844 -0.00818729400634765 -0.50396728515625 -0.60504150390625
-0.00480937957763672 -0.00468111038208008 -0.63702392578125 0.0326538085937501
0.0168256759643555 0.0125417709350586 -0.353424072265625 0.34832763671875
0.00830793380737305 -0.000683784484863281 0.026611328125 0.332061767578125
0.0189628601074219 -0.00189781188964844 0.242431640625 0.17706298828125
0.0348587036132813 -0.00527763366699219 -0.21112060546875 -0.202850341796875
0.0217304229736328 -0.00233078002929688 0.03759765625 -0.3431396484375
0.0232067108154297 0.0168285369873047 0.39727783203125 -0.27880859375
-0.00577831268310547 0.0138359069824219 0.6304931640625 0.12213134765625
-0.025390625 -0.0206432342529297 0.28643798828125 0.683349609375
0.0165061950683594 -0.0446205139160156 -0.339599609375 0.79022216796875
0.0398674011230469 -0.0019989013671875 -0.507598876953125 0.32659912109375
0.0535316467285156 0.018402099609375 0.0330734252929688 0.0436782836914063
0.0379600524902344 -0.0196685791015625 0.5640869140625 -0.34503173828125
0.0174350738525391 -0.0182933807373047 0.26129150390625 -0.83270263671875
-0.0105352401733398 -0.00434970855712891 -0.4873046875 -0.62335205078125
-0.000806331634521484 -0.00545406341552734 -0.6402587890625 0.015625
0.0224094390869141 0.0106964111328125 -0.36376953125 0.34027099609375
0.0126237869262695 -0.00515270233154297 0.01922607421875 0.331756591796875
0.0214824676513672 -0.0063323974609375 0.240341186523437 0.177215576171875
0.0351009368896484 0.00225639343261719 -0.22808837890625 -0.208663940429688
0.00754833221435547 0.0083308219909668 0.01806640625 -0.36163330078125
0.00983238220214844 0.0251312255859375 0.384796142578125 -0.332275390625
-0.00877189636230469 0.0152730941772461 0.6602783203125 0.03045654296875
-0.0209941864013672 -0.0138988494873047 0.37841796875 0.61810302734375
0.007080078125 -0.0275173187255859 -0.23175048828125 0.79931640625
0.00112152099609375 0.0191650390625 -0.475494384765625 0.364501953125
-0.0037078857421875 0.0281963348388672 0.0184059143066406 0.0543785095214844
0.00323009490966797 -0.000938177108764648 0.59918212890625 -0.3038330078125
0.0185203552246094 -0.00157928466796875 0.36663818359375 -0.83367919921875
-0.00508308410644531 -0.00241470336914062 -0.41510009765625 -0.7135009765625
-0.00851011276245117 -0.00407695770263672 -0.63958740234375 -0.07275390625
0.00659561157226563 0.0206413269042969 -0.38922119140625 0.292938232421875
-2.00271606445305E-05 0.00884532928466797 0.00149536132812497 0.316436767578125
0.0198917388916016 0.000606536865234375 0.234725952148438 0.173934936523438
0.0316276550292969 0.00478553771972656 -0.226638793945312 -0.207717895507813
0.00636768341064453 0.0134782791137695 0.025146484375 -0.35601806640625
0.00617027282714844 0.0263347625732422 0.391326904296875 -0.314056396484375
-0.0116767883300781 0.0129518508911133 0.65447998046875 0.0606689453125
-0.0208969116210937 -0.0214595794677734 0.348388671875 0.6380615234375
0.00951385498046875 -0.0332012176513672 -0.26953125 0.79119873046875
0.00259876251220703 0.0173711776733398 -0.48358154296875 0.34765625
-0.0013275146484375 0.0294914245605469 0.0304031372070312 0.0490608215332031
0.0054173469543457 -0.00294589996337891 0.5919189453125 -0.32037353515625
0.0190505981445312 -0.0074615478515625 0.32733154296875 -0.83612060546875
-0.00487613677978515 -0.00758028030395508 -0.444091796875 -0.67926025390625
-0.011530876159668 -0.00464916229248047 -0.63763427734375 -0.04217529296875
0.00180435180664063 0.02044677734375 -0.374420166015625 0.3087158203125
-0.00238513946533203 0.0112161636352539 0.0130615234375 0.32073974609375
0.016688346862793 0.00421047210693359 0.238723754882813 0.173446655273437
0.0297698974609375 0.00681304931640625 -0.22119140625 -0.208526611328125
0.00481128692626953 0.0161666870117188 0.03387451171875 -0.352752685546875
0.00339889526367187 0.0269699096679688 0.4051513671875 -0.2991943359375
-0.0142612457275391 0.0104827880859375 0.65240478515625 0.0921630859375
-0.0217933654785156 -0.0269184112548828 0.319091796875 0.6654052734375
0.0132255554199219 -0.0385055541992188 -0.30584716796875 0.79150390625
0.00688076019287109 0.013941764831543 -0.491485595703125 0.334808349609375
0.00317001342773438 0.0283241271972656 0.0409507751464844 0.0444984436035156
0.00938510894775391 -0.00603008270263672 0.5828857421875 -0.3408203125
0.0202159881591797 -0.0138530731201172 0.2882080078125 -0.84466552734375
-0.00554466247558594 -0.0115528106689453 -0.472900390625 -0.65325927734375
-0.0123720169067383 -0.00532817840576172 -0.63909912109375 -0.0136718750000001
0.00108909606933594 0.0210361480712891 -0.3648681640625 0.325042724609375
-0.00313854217529297 0.0124225616455078 0.018585205078125 0.325592041015625
0.0169162750244141 0.00683498382568359 0.24041748046875 0.17510986328125
0.0278778076171875 0.00652694702148438 -0.218704223632813 -0.20684814453125
0.00636100769042969 0.0159025192260742 0.04193115234375 -0.347198486328125
0.00354957580566406 0.026092529296875 0.410491943359375 -0.282562255859375
-0.0156097412109375 0.0109596252441406 0.64453125 0.11932373046875
-0.0209903717041016 -0.0308456420898438 0.2867431640625 0.68365478515625
0.0177497863769531 -0.0439529418945313 -0.341552734375 0.78240966796875
0.0129299163818359 0.0106840133666992 -0.50054931640625 0.320770263671875
0.0122890472412109 0.0268592834472656 0.0481986999511719 0.0418319702148437
0.0142621994018555 -0.00891494750976563 0.57586669921875 -0.35504150390625
0.0205974578857422 -0.0185546875 0.2564697265625 -0.8450927734375
-0.00804805755615234 -0.0138521194458008 -0.496826171875 -0.62359619140625
-0.0137519836425781 -0.00463962554931641 -0.63861083984375 0.0166625976562501
0.00278472900390625 0.0191020965576172 -0.35357666015625 0.339141845703125
-0.002227783203125 0.0129518508911133 0.0279541015625 0.328765869140625
0.0146121978759766 0.00704383850097656 0.244735717773438 0.173828125
0.0279560089111328 0.00494003295898438 -0.2159423828125 -0.207107543945312
0.00917530059814453 0.0135221481323242 0.044342041015625 -0.34307861328125
0.00633430480957032 0.0255107879638672 0.413543701171875 -0.27276611328125
-0.015437126159668 0.00945854187011719 0.6400146484375 0.140869140625
-0.0209102630615234 -0.0320243835449219 0.26739501953125 0.697998046875
0.0211219787597656 -0.04730224609375 -0.36248779296875 0.78411865234375
0.0220851898193359 0.00753021240234375 -0.506744384765625 0.3125
0.0243129730224609 0.0251064300537109 0.0527229309082031 0.0385894775390625
0.0208206176757813 -0.0145683288574219 0.56744384765625 -0.3653564453125
0.0200138092041016 -0.0220813751220703 0.2330322265625 -0.84869384765625
-0.00868606567382813 -0.0142650604248047 -0.51318359375 -0.60821533203125
-0.0116710662841797 -0.00569057464599609 -0.63702392578125 0.0355834960937499
0.00604724884033203 0.0171661376953125 -0.3494873046875 0.349517822265625
0.00174331665039062 0.00883102416992188 0.031280517578125 0.330963134765625
0.0153093338012695 0.00670146942138672 0.245620727539063 0.17559814453125
0.0293121337890625 0.00131797790527344 -0.214096069335938 -0.206008911132812
0.0128698348999023 0.00967693328857422 0.04388427734375 -0.342529296875
0.0119915008544922 0.0233783721923828 0.412139892578125 -0.270904541015625
-0.0129232406616211 0.0104799270629883 0.636962890625 0.146240234375
-0.0217609405517578 -0.0309925079345703 0.261474609375 0.70556640625
0.0222587585449219 -0.0495834350585937 -0.37139892578125 0.786865234375
0.0305957794189453 0.00309562683105469 -0.51171875 0.31317138671875
0.0365867614746094 0.0224838256835937 0.0501976013183594 0.0385398864746094
0.0272235870361328 -0.01763916015625 0.5654296875 -0.3682861328125
0.0190067291259766 -0.0228843688964844 0.2257080078125 -0.84808349609375
-0.00989341735839843 -0.012298583984375 -0.5177001953125 -0.6016845703125
-0.00896739959716797 -0.00513458251953125 -0.638427734375 0.04095458984375
0.010676383972168 0.0147743225097656 -0.3497314453125 0.355926513671875
0.00397825241088867 0.00481224060058594 0.031097412109375 0.333648681640625
0.0173025131225586 0.00322723388671875 0.246551513671875 0.176193237304688
0.0318832397460938 -0.00215911865234375 -0.21502685546875 -0.2052001953125
0.0181732177734375 0.00450325012207031 0.04119873046875 -0.342803955078125
0.0181713104248047 0.0201816558837891 0.40625 -0.27410888671875
-0.0100250244140625 0.0130290985107422 0.63568115234375 0.13812255859375
-0.023590087890625 -0.0270061492919922 0.27020263671875 0.6988525390625
0.0199165344238281 -0.0486297607421875 -0.364013671875 0.791259765625
0.0373992919921875 -0.0003204345703125 -0.51422119140625 0.319183349609375
0.0470390319824219 0.020477294921875 0.0432510375976563 0.0398178100585938
0.0337696075439453 -0.0191612243652344 0.5653076171875 -0.3603515625
0.0180606842041016 -0.0222740173339844 0.23797607421875 -0.84307861328125
-0.0100917816162109 -0.00954723358154297 -0.5108642578125 -0.607177734375
-0.00550413131713867 -0.00471782684326172 -0.64105224609375 0.0371093749999999
0.0170316696166992 0.0123090744018555 -0.35504150390625 0.354461669921875
0.00867319107055664 -2.52723693847656E-05 0.027435302734375 0.3349609375
0.0185565948486328 -0.00165557861328125 0.24603271484375 0.17803955078125
0.0344696044921875 -0.00635528564453125 -0.21490478515625 -0.20477294921875
0.02197265625 -0.000797271728515625 0.03448486328125 -0.346343994140625
0.0244388580322266 0.0179958343505859 0.39813232421875 -0.283447265625
-0.00511550903320313 0.0151042938232422 0.63616943359375 0.1199951171875
-0.0249443054199219 -0.02117919921875 0.28863525390625 0.6893310546875
0.0171623229980469 -0.0461692810058594 -0.34063720703125 0.797607421875
0.0399398803710938 -0.0019989013671875 -0.512725830078125 0.331573486328125
0.0539321899414063 0.01922607421875 0.0325889587402344 0.0433006286621094
0.0374870300292969 -0.0187568664550781 0.56768798828125 -0.34716796875
0.0182857513427734 -0.0182552337646484 0.26123046875 -0.84051513671875
-0.0103292465209961 -0.0044097900390625 -0.4931640625 -0.62554931640625
-0.000178813934326172 -0.00514745712280274 -0.64544677734375 0.0177612304687501
0.0238513946533203 0.0110569000244141 -0.366851806640625 0.345458984375
0.0120458602905273 -0.00609397888183594 0.020751953125 0.334136962890625
0.0221519470214844 -0.00617599487304688 0.244537353515625 0.178436279296875
0.03497314453125 0.00194549560546875 -0.231903076171875 -0.207626342773437
0.00821113586425781 0.00934505462646484 0.016387939453125 -0.364044189453125
0.0100631713867187 0.0254268646240234 0.382781982421875 -0.335418701171875
-0.00859642028808594 0.0150165557861328 0.66436767578125 0.0279541015625
-0.0220851898193359 -0.0142269134521484 0.383544921875 0.622314453125
0.00828933715820313 -0.0288448333740234 -0.2318115234375 0.80975341796875
0.0019073486328125 0.0183753967285156 -0.479095458984375 0.370330810546875
-0.004302978515625 0.0299148559570313 0.0168075561523437 0.0540618896484375
0.00273823738098145 0.000473976135253906 0.6044921875 -0.30718994140625
0.017913818359375 -0.00134468078613281 0.3690185546875 -0.84075927734375
-0.00471401214599609 -0.00344038009643555 -0.4217529296875 -0.71661376953125
-0.00939750671386719 -0.00269508361816406 -0.646728515625 -0.07061767578125
0.00597572326660156 0.0209178924560547 -0.390594482421875 0.2996826171875
-8.20159912109379E-05 0.00859451293945313 0.00137329101562497 0.321044921875
0.0206661224365234 0.000446319580078125 0.237838745117188 0.17486572265625
0.0323657989501953 0.00556564331054688 -0.231292724609375 -0.207412719726562
0.00634479522705078 0.0148706436157227 0.021575927734375 -0.359954833984375
0.0047607421875 0.0269031524658203 0.3922119140625 -0.319610595703125
-0.0130157470703125 0.0137691497802734 0.65911865234375 0.0579833984375
-0.0215110778808594 -0.0216808319091797 0.3526611328125 0.642822265625
0.00993728637695312 -0.0340747833251953 -0.27069091796875 0.79925537109375
0.00282859802246094 0.0178356170654297 -0.486968994140625 0.3544921875
-0.00123405456542969 0.0304832458496094 0.0283355712890625 0.0493202209472656
0.00484752655029297 -0.00216579437255859 0.59686279296875 -0.3243408203125
0.0197162628173828 -0.00723075866699219 0.328857421875 -0.8447265625
-0.00520515441894531 -0.00732898712158203 -0.45098876953125 -0.68292236328125
-0.0128421783447266 -0.00433635711669922 -0.64532470703125 -0.0385131835937499
0.00331687927246094 0.0191783905029297 -0.375 0.31317138671875
-0.00183486938476562 0.0110740661621094 0.015350341796875 0.324493408203125
0.0161886215209961 0.00347709655761719 0.243545532226563 0.174057006835938
0.0290775299072266 0.00658988952636719 -0.225250244140625 -0.209747314453125
0.00517082214355469 0.0155706405639648 0.0318603515625 -0.35595703125
0.00421714782714844 0.0280342102050781 0.404022216796875 -0.305206298828125
-0.0149106979370117 0.0110492706298828 0.6563720703125 0.08978271484375
-0.0215473175048828 -0.0264091491699219 0.3231201171875 0.671142578125
0.0149078369140625 -0.039947509765625 -0.30670166015625 0.79815673828125
0.00736713409423828 0.0147466659545898 -0.496307373046875 0.338470458984375
0.00336456298828125 0.0294818878173828 0.0411338806152344 0.0450477600097656
0.00827598571777344 -0.00537919998168945 0.58831787109375 -0.3460693359375
0.0208988189697266 -0.0134239196777344 0.287841796875 -0.85467529296875
-0.00491428375244141 -0.0114631652832031 -0.4815673828125 -0.65643310546875
-0.0137882232666016 -0.00557136535644532 -0.64617919921875 -0.00927734374999986
0.00210189819335937 0.0199527740478516 -0.36553955078125 0.32879638671875
-0.00372409820556641 0.0141220092773438 0.02117919921875 0.32916259765625
0.0166635513305664 0.00691509246826172 0.244552612304688 0.173736572265625
0.0275306701660156 0.00665092468261719 -0.222976684570312 -0.208831787109375
0.00760364532470703 0.0159502029418945 0.0384521484375 -0.3505859375
0.00344276428222656 0.0268096923828125 0.410797119140625 -0.28790283203125
-0.0158014297485352 0.0104217529296875 0.648193359375 0.1187744140625
-0.0210857391357422 -0.0308322906494141 0.292236328125 0.6884765625
0.0183830261230469 -0.0437049865722656 -0.342529296875 0.79473876953125
0.0126895904541016 0.0118083953857422 -0.5050048828125 0.323455810546875
0.0124225616455078 0.0287208557128906 0.0483818054199219 0.0410614013671875
0.0138444900512695 -0.00924491882324219 0.578857421875 -0.3583984375
0.0199069976806641 -0.0193824768066406 0.2547607421875 -0.85260009765625
-0.00675106048583984 -0.0133466720581055 -0.50457763671875 -0.62725830078125
-0.0139493942260742 -0.00519180297851563 -0.64495849609375 0.01873779296875
0.00194358825683594 0.0181789398193359 -0.35595703125 0.3446044921875
-0.00197696685791016 0.0126991271972656 0.030487060546875 0.331207275390625
0.0148239135742188 0.00704860687255859 0.248077392578125 0.175765991210938
0.0273761749267578 0.00418663024902344 -0.2188720703125 -0.208587646484375
0.00895309448242187 0.0144443511962891 0.043182373046875 -0.347808837890625
0.00740623474121094 0.0248241424560547 0.414093017578125 -0.278900146484375
-0.015233039855957 0.00976181030273438 0.64459228515625 0.13916015625
-0.0214328765869141 -0.0321693420410156 0.2713623046875 0.70391845703125
0.0217094421386719 -0.0479774475097656 -0.3638916015625 0.79541015625
0.0223312377929688 0.00708770751953125 -0.511810302734375 0.31854248046875
0.0244369506835938 0.0262508392333984 0.0524063110351563 0.0386886596679688
0.0201911926269531 -0.0131664276123047 0.5714111328125 -0.3709716796875
0.0189075469970703 -0.0223007202148438 0.23150634765625 -0.8553466796875
-0.00791549682617187 -0.014002799987793 -0.52142333984375 -0.6107177734375
-0.0123443603515625 -0.00561904907226563 -0.6427001953125 0.03778076171875
0.00625705718994141 0.0170717239379883 -0.35101318359375 0.355987548828125
0.00149345397949219 0.00946426391601563 0.033905029296875 0.335418701171875
0.0151920318603516 0.006072998046875 0.248870849609375 0.17608642578125
0.0286788940429687 0.00122833251953125 -0.217239379882812 -0.206161499023438
0.0138740539550781 0.00957775115966797 0.043121337890625 -0.345611572265625
0.0123043060302734 0.0230293273925781 0.413665771484375 -0.27325439453125
-0.0140848159790039 0.0110464096069336 0.6409912109375 0.14483642578125
-0.0224323272705078 -0.0311298370361328 0.26617431640625 0.709716796875
0.0233650207519531 -0.0498199462890625 -0.37249755859375 0.7960205078125
0.0300674438476563 0.00319290161132813 -0.51605224609375 0.318389892578125
0.0368576049804688 0.0231781005859375 0.0503463745117188 0.03851318359375
0.0278835296630859 -0.0170955657958984 0.56707763671875 -0.37518310546875
0.0187969207763672 -0.0229301452636719 0.22637939453125 -0.85455322265625
-0.0091238021850586 -0.0116376876831055 -0.523681640625 -0.6031494140625
-0.0096893310546875 -0.00549602508544922 -0.64349365234375 0.0445556640624999
0.0107460021972656 0.0141525268554687 -0.351318359375 0.36083984375
0.00437021255493164 0.00508308410644531 0.033447265625 0.33624267578125
0.0166282653808594 0.0030364990234375 0.24896240234375 0.177108764648438
0.0316905975341797 -0.00330352783203125 -0.217926025390625 -0.206146240234375
0.0180320739746094 0.00406646728515625 0.039154052734375 -0.3466796875
0.0186691284179688 0.0200061798095703 0.408447265625 -0.27716064453125
-0.00946903228759765 0.0139560699462891 0.63983154296875 0.138427734375
-0.0239830017089844 -0.0257053375244141 0.27490234375 0.70458984375
0.0210800170898438 -0.050079345703125 -0.364990234375 0.79925537109375
0.0377082824707031 -0.000316619873046875 -0.518798828125 0.323028564453125
0.0468864440917969 0.0209465026855469 0.0434799194335938 0.0391120910644531
0.0332736968994141 -0.0180168151855469 0.57037353515625 -0.3648681640625
0.0196990966796875 -0.0214920043945313 0.23602294921875 -0.85101318359375
-0.0107278823852539 -0.00907707214355469 -0.51763916015625 -0.61083984375
-0.00521326065063476 -0.00545406341552734 -0.6468505859375 0.0407714843750001
0.0171957015991211 0.0126209259033203 -0.356658935546875 0.358184814453125
0.00879859924316406 0.000837326049804688 0.03021240234375 0.33837890625
0.0190677642822266 -0.00218582153320313 0.25 0.178390502929687
0.0353050231933594 -0.00704574584960938 -0.218368530273437 -0.204574584960938
0.0222244262695313 -0.00151443481445313 0.0321044921875 -0.349517822265625
0.0253486633300781 0.0174484252929688 0.39764404296875 -0.2877197265625
-0.00491142272949219 0.0153036117553711 0.6414794921875 0.11981201171875
-0.0252742767333984 -0.0210933685302734 0.29296875 0.69464111328125
0.0185737609863281 -0.0457382202148438 -0.34185791015625 0.80682373046875
0.040283203125 -0.00252914428710938 -0.5177001953125 0.335418701171875
0.0533599853515625 0.0203208923339844 0.0321617126464844 0.0428504943847656
0.0373420715332031 -0.0185356140136719 0.572021484375 -0.3511962890625
0.0186481475830078 -0.0169677734375 0.26251220703125 -0.8480224609375
-0.0101146697998047 -0.00321102142333985 -0.499755859375 -0.63043212890625
-0.00207424163818359 -0.00434660911560059 -0.64910888671875 0.0200805664062501
0.0227451324462891 0.00999641418457031 -0.36688232421875 0.349212646484375
0.0127811431884766 -0.00541210174560547 0.022308349609375 0.337554931640625
0.0211696624755859 -0.00659370422363281 0.248031616210937 0.179092407226562
0.0348873138427734 0.000745773315429688 -0.2357177734375 -0.208343505859375
0.00738430023193359 0.00941181182861328 0.01025390625 -0.36737060546875
0.0108814239501953 0.0254421234130859 0.38360595703125 -0.34222412109375
-0.00871181488037109 0.0146627426147461 0.6678466796875 0.02459716796875
-0.0220088958740234 -0.0150337219238281 0.38995361328125 0.62548828125
0.008575439453125 -0.0280303955078125 -0.22894287109375 0.8184814453125
0.00144767761230469 0.0180912017822266 -0.48272705078125 0.37652587890625
-0.004058837890625 0.0309104919433594 0.0169143676757812 0.05340576171875
0.00266480445861816 -0.000389337539672852 0.60699462890625 -0.31304931640625
0.0187435150146484 -0.00198173522949219 0.366943359375 -0.84991455078125
-0.00428867340087891 -0.00308585166931152 -0.43011474609375 -0.72113037109375
-0.00957202911376953 -0.0037384033203125 -0.65142822265625 -0.0661010742187501
0.00712203979492188 0.0196132659912109 -0.39288330078125 0.3046875
0.000236034393310547 0.00822544097900391 0.00573730468750003 0.324432373046875
0.0196990966796875 0.000652313232421875 0.24420166015625 0.175079345703125
0.0315017700195312 0.00344467163085937 -0.235687255859375 -0.207839965820313
0.00758457183837891 0.014348030090332 0.01922607421875 -0.36346435546875
0.00696182250976563 0.0273151397705078 0.392303466796875 -0.326690673828125
-0.0130796432495117 0.0137405395507813 0.6634521484375 0.05523681640625
-0.0216560363769531 -0.0220012664794922 0.35833740234375 0.6461181640625
0.0109291076660156 -0.0338878631591797 -0.26776123046875 0.8094482421875
0.00312995910644531 0.0177364349365234 -0.491546630859375 0.358642578125
-0.00261878967285156 0.0322074890136719 0.0299072265625 0.0487442016601562
0.00319671630859375 -0.000943899154663086 0.59967041015625 -0.33074951171875
0.0187797546386719 -0.00659561157226563 0.32568359375 -0.85308837890625
-0.00320911407470703 -0.0079045295715332 -0.459716796875 -0.68634033203125
-0.0120420455932617 -0.0042724609375 -0.65118408203125 -0.0341186523437499
0.00484275817871094 0.021240234375 -0.37689208984375 0.3182373046875
-0.00137424468994141 0.012019157409668 0.015655517578125 0.32745361328125
0.0166692733764648 0.00376605987548828 0.248336791992188 0.173355102539063
0.0312004089355469 0.00610160827636719 -0.230209350585938 -0.208908081054688
0.006744384765625 0.0175724029541016 0.026641845703125 -0.36016845703125
0.00395965576171875 0.0285625457763672 0.40380859375 -0.309906005859375
-0.0145845413208008 0.0121631622314453 0.6612548828125 0.0869140625
-0.02239990234375 -0.026214599609375 0.329345703125 0.6749267578125
0.014129638671875 -0.0391006469726563 -0.3048095703125 0.80963134765625
0.00694656372070312 0.0150527954101563 -0.499298095703125 0.34527587890625
0.00202560424804687 0.0296459197998047 0.0394248962402344 0.0446853637695313
0.00755596160888672 -0.00497674942016602 0.5904541015625 -0.3515625
0.0207271575927734 -0.0134391784667969 0.28521728515625 -0.86102294921875
-0.00435638427734375 -0.0110530853271484 -0.4869384765625 -0.65972900390625
-0.0141830444335938 -0.0057077407836914 -0.650634765625 -0.00512695312500009
0.00198936462402344 0.0208873748779297 -0.367706298828125 0.33770751953125
-0.00426578521728516 0.0137624740600586 0.02471923828125 0.3328857421875
0.0166845321655273 0.00639247894287109 0.24981689453125 0.176116943359375
0.0282382965087891 0.00546836853027344 -0.228546142578125 -0.2064208984375
0.00596141815185547 0.0163211822509766 0.03472900390625 -0.35491943359375
0.00564002990722656 0.0268764495849609 0.4119873046875 -0.29254150390625
-0.0175333023071289 0.010594367980957 0.65594482421875 0.11444091796875
-0.0229396820068359 -0.0318031311035156 0.298095703125 0.69464111328125
0.0177650451660156 -0.0444526672363281 -0.34197998046875 0.80364990234375
0.0133514404296875 0.0114240646362305 -0.507965087890625 0.3297119140625
0.0124549865722656 0.0291671752929688 0.0491142272949219 0.0405044555664063
0.0130901336669922 -0.00791072845458984 0.58355712890625 -0.3670654296875
0.0199165344238281 -0.0193119049072266 0.25408935546875 -0.86126708984375
-0.00639533996582031 -0.0138225555419922 -0.5125732421875 -0.62860107421875
-0.0144071578979492 -0.00585079193115234 -0.64923095703125 0.02587890625
0.00269317626953125 0.01904296875 -0.35540771484375 0.350738525390625
-0.000708580017089845 0.0124073028564453 0.0328369140625 0.33587646484375
0.0149154663085938 0.00786399841308594 0.251876831054688 0.175079345703125
0.0279045104980469 0.00419807434082031 -0.223724365234375 -0.207229614257813
0.010040283203125 0.0153961181640625 0.037689208984375 -0.350372314453125
0.007904052734375 0.0259494781494141 0.415374755859375 -0.283538818359375
-0.018402099609375 0.00998497009277344 0.6495361328125 0.1353759765625
-0.0226898193359375 -0.0323066711425781 0.27801513671875 0.7099609375
0.0221748352050781 -0.0491828918457031 -0.3626708984375 0.80316162109375
0.0216217041015625 0.00885200500488281 -0.516510009765625 0.322662353515625
0.0241851806640625 0.0271320343017578 0.052642822265625 0.0376434326171875
0.0200424194335938 -0.0129890441894531 0.5762939453125 -0.3773193359375
0.0213146209716797 -0.0214385986328125 0.22955322265625 -0.86444091796875
-0.00777816772460938 -0.0144901275634766 -0.528564453125 -0.6151123046875
-0.0122413635253906 -0.00630283355712891 -0.64813232421875 0.0421752929687501
0.00708484649658203 0.0174779891967773 -0.3516845703125 0.364105224609375
0.00109100341796875 0.00850534439086914 0.0347900390625 0.33758544921875
0.0158071517944336 0.00567722320556641 0.253219604492188 0.17486572265625
0.0286827087402344 0.000688552856445313 -0.221359252929687 -0.20672607421875
0.0143213272094727 0.0102148056030273 0.038848876953125 -0.349578857421875
0.0121479034423828 0.0235595703125 0.412139892578125 -0.277923583984375
-0.0122127532958984 0.0118923187255859 0.645751953125 0.14324951171875
-0.0233097076416016 -0.0318565368652344 0.27117919921875 0.71600341796875
0.0222549438476562 -0.0506515502929688 -0.370361328125 0.80523681640625
0.0313262939453125 0.00324440002441406 -0.521453857421875 0.322418212890625
0.0370063781738281 0.024658203125 0.0506362915039063 0.0390434265136719
0.0263404846191406 -0.0178813934326172 0.5721435546875 -0.3778076171875
0.0192794799804688 -0.0230274200439453 0.2222900390625 -0.86383056640625
-0.00976657867431641 -0.0124893188476562 -0.53338623046875 -0.6082763671875
-0.0104970932006836 -0.00497055053710937 -0.6519775390625 0.04949951171875
0.0115680694580078 0.0159015655517578 -0.35089111328125 0.365814208984375
0.00364160537719727 0.00537204742431641 0.035125732421875 0.33929443359375
0.016693115234375 0.00187397003173828 0.2523193359375 0.177658081054688
0.0313072204589844 -0.00322914123535156 -0.223098754882812 -0.205276489257813
0.0187721252441406 0.00396728515625 0.035736083984375 -0.350311279296875
0.0197925567626953 0.0205707550048828 0.407501220703125 -0.281982421875
-0.00983524322509765 0.0140743255615234 0.6453857421875 0.13433837890625
-0.0261974334716797 -0.0264186859130859 0.279541015625 0.71038818359375
0.0220489501953125 -0.0501785278320313 -0.36260986328125 0.8116455078125
0.0376930236816406 0.000972747802734375 -0.52337646484375 0.328277587890625
0.0482978820800781 0.0226593017578125 0.0435104370117187 0.0402297973632812
0.0325489044189453 -0.0179767608642578 0.57177734375 -0.37060546875
0.0193138122558594 -0.0221405029296875 0.2359619140625 -0.8577880859375
-0.00877094268798828 -0.00881099700927735 -0.52618408203125 -0.61468505859375
-0.00719690322875977 -0.0049901008605957 -0.6544189453125 0.0444946289062501
0.0152549743652344 0.0121278762817383 -0.3570556640625 0.36468505859375
0.00873708724975586 -0.000418186187744141 0.032928466796875 0.34246826171875
0.0187511444091797 -0.00294876098632813 0.2548828125 0.177093505859375
0.0340461730957031 -0.00759696960449219 -0.223464965820313 -0.2049560546875
0.0240306854248047 -0.00352668762207031 0.027679443359375 -0.352020263671875
0.0244693756103516 0.0185775756835938 0.3988037109375 -0.294586181640625
-0.00552845001220703 0.0172977447509766 0.6451416015625 0.1168212890625
-0.0257930755615234 -0.021026611328125 0.2989501953125 0.7005615234375
0.0173683166503906 -0.0474090576171875 -0.3385009765625 0.817138671875
0.0412673950195313 -0.00284576416015625 -0.521575927734375 0.340728759765625
0.0546836853027344 0.0213356018066406 0.0310592651367188 0.0440101623535156
0.0370445251464844 -0.0180854797363281 0.57537841796875 -0.35931396484375
0.0189437866210938 -0.0178012847900391 0.25946044921875 -0.85552978515625
-0.00780057907104492 -0.0056147575378418 -0.508056640625 -0.63238525390625
-0.00165081024169922 -0.00467729568481445 -0.6553955078125 0.0261230468749999
0.024383544921875 0.00933074951171875 -0.368499755859375 0.35626220703125
0.0122232437133789 -0.00495433807373047 0.02496337890625 0.340087890625
0.0219402313232422 -0.00584793090820313 0.251922607421875 0.179244995117188
0.0348701477050781 0.00142669677734375 -0.242584228515625 -0.207977294921875
0.00934028625488281 0.00957489013671875 0.00628662109375003 -0.3720703125
0.0106925964355469 0.0262851715087891 0.381622314453125 -0.34808349609375
-0.00879383087158203 0.0169973373413086 0.67333984375 0.018310546875
-0.0226650238037109 -0.0140476226806641 0.3974609375 0.62969970703125
0.00776481628417969 -0.0295085906982422 -0.22515869140625 0.82684326171875
0.000862121582031248 0.0195140838623047 -0.48638916015625 0.383758544921875
-0.00375747680664062 0.0318145751953125 0.0171318054199219 0.0556144714355469
0.000957965850830078 0.00254511833190918 0.60833740234375 -0.31964111328125
0.0195407867431641 -2.86102294921875E-05 0.3638916015625 -0.859619140625
-0.0032505989074707 -0.00243282318115234 -0.43975830078125 -0.72247314453125
-0.0104684829711914 -0.00366973876953125 -0.6588134765625 -0.0628662109375
0.00662612915039062 0.0205955505371094 -0.392425537109375 0.312225341796875
-0.000120162963867188 0.00985050201416015 0.00836181640625002 0.327362060546875
0.0199069976806641 -0.000194549560546875 0.247848510742188 0.17431640625
0.0310516357421875 0.00398826599121094 -0.239715576171875 -0.206451416015625
0.00680351257324219 0.0138463973999023 0.01507568359375 -0.3668212890625
0.00629425048828125 0.0268650054931641 0.389251708984375 -0.331329345703125
-0.0128822326660156 0.0143442153930664 0.6673583984375 0.04888916015625
-0.0225849151611328 -0.0223503112792969 0.36627197265625 0.65032958984375
0.0109500885009766 -0.0351352691650391 -0.26348876953125 0.81793212890625
0.0029144287109375 0.0179290771484375 -0.493621826171875 0.3638916015625
-0.00378608703613282 0.0326595306396484 0.0276451110839844 0.0496940612792969
0.00217247009277344 -2.06232070922852E-05 0.602294921875 -0.33758544921875
0.0193538665771484 -0.00628089904785156 0.32232666015625 -0.86041259765625
-0.00372505187988281 -0.00769186019897461 -0.4691162109375 -0.6885986328125
-0.0127983093261719 -0.00478649139404297 -0.65716552734375 -0.02911376953125
0.00280189514160156 0.0205593109130859 -0.3779296875 0.326934814453125
-0.00282859802246094 0.013087272644043 0.021514892578125 0.33135986328125
0.0172719955444336 0.00492668151855469 0.25262451171875 0.17218017578125
0.0293369293212891 0.00522994995117188 -0.234527587890625 -0.208984375
0.00595855712890625 0.0178203582763672 0.022705078125 -0.362213134765625
0.00458145141601562 0.0278415679931641 0.403167724609375 -0.3172607421875
-0.0168342590332031 0.0129356384277344 0.66815185546875 0.0806884765625
-0.0234622955322266 -0.0274772644042969 0.33709716796875 0.68023681640625
0.0153579711914062 -0.0394058227539063 -0.300537109375 0.81903076171875
0.00681591033935547 0.0157470703125 -0.50341796875 0.35101318359375
0.00283432006835937 0.0321750640869141 0.0393142700195313 0.0444259643554688
0.00674676895141602 -0.00363016128540039 0.59295654296875 -0.3590087890625
0.0204296112060547 -0.0129871368408203 0.28192138671875 -0.87091064453125
-0.00568485260009766 -0.012324333190918 -0.498046875 -0.65997314453125
-0.0152463912963867 -0.00517749786376953 -0.65924072265625 0.00207519531250005
0.00141716003417969 0.0208396911621094 -0.36737060546875 0.34332275390625
-0.00287914276123047 0.0149593353271484 0.0264892578125 0.335235595703125
0.0160932540893555 0.00539588928222656 0.252883911132813 0.174209594726563
0.0286865234375 0.00458335876464844 -0.232437133789063 -0.207382202148438
0.00846958160400391 0.0172719955444336 0.0313720703125 -0.357513427734375
0.00460624694824219 0.0277023315429688 0.4090576171875 -0.300262451171875
-0.0167913436889648 0.0107517242431641 0.65997314453125 0.1112060546875
-0.0234413146972656 -0.0309257507324219 0.3046875 0.69879150390625
0.0175514221191406 -0.0452651977539063 -0.33721923828125 0.81500244140625
0.0139312744140625 0.0116748809814453 -0.511474609375 0.337677001953125
0.0113391876220703 0.0299873352050781 0.048065185546875 0.0409202575683594
0.0129852294921875 -0.00756549835205078 0.58453369140625 -0.3748779296875
0.0208377838134766 -0.0192279815673828 0.24951171875 -0.86993408203125
-0.00764083862304688 -0.0131769180297852 -0.523681640625 -0.631591796875
-0.0150575637817383 -0.00416183471679687 -0.65570068359375 0.02911376953125
0.00286102294921875 0.0186595916748047 -0.356048583984375 0.359100341796875
-0.00118064880371094 0.0131988525390625 0.035888671875 0.33795166015625
0.0150833129882813 0.00662136077880859 0.256927490234375 0.174118041992187
0.0273399353027344 0.0042724609375 -0.228240966796875 -0.208251953125
0.0106372833251953 0.0152473449707031 0.034759521484375 -0.353912353515625
0.00860977172851562 0.0257244110107422 0.41241455078125 -0.289031982421875
-0.0167627334594727 0.0105276107788086 0.65643310546875 0.13128662109375
-0.0237865447998047 -0.0325584411621094 0.28546142578125 0.7144775390625
0.0221214294433594 -0.0498428344726563 -0.36029052734375 0.81488037109375
0.0225887298583984 0.00705909729003906 -0.519012451171875 0.328582763671875
0.0244827270507813 0.0285797119140625 0.0525016784667969 0.0380516052246094
0.0196571350097656 -0.011749267578125 0.57666015625 -0.3837890625
0.0207405090332031 -0.0214328765869141 0.22509765625 -0.8729248046875
-0.00845050811767578 -0.0132808685302734 -0.53863525390625 -0.61279296875
-0.0132341384887695 -0.00501441955566406 -0.65509033203125 0.0491943359374999
0.00722503662109375 0.0175504684448242 -0.35113525390625 0.369873046875
0.00108718872070312 0.0107049942016602 0.038970947265625 0.3419189453125
0.0155830383300781 0.00558757781982422 0.259002685546875 0.173980712890625
0.0273094177246094 -6.67572021484375E-05 -0.22662353515625 -0.206298828125
0.0138587951660156 0.0104703903198242 0.03472900390625 -0.3524169921875
0.013641357421875 0.0235271453857422 0.41131591796875 -0.28533935546875
-0.0139951705932617 0.0125360488891602 0.65252685546875 0.138671875
-0.0247211456298828 -0.0319633483886719 0.27899169921875 0.72149658203125
0.0227470397949219 -0.0517845153808594 -0.36859130859375 0.816650390625
0.0318012237548828 0.00311660766601563 -0.52264404296875 0.330047607421875
0.0379714965820313 0.0257530212402344 0.050079345703125 0.0378494262695313
0.0258827209472656 -0.0165386199951172 0.5736083984375 -0.38629150390625
0.0193347930908203 -0.0231781005859375 0.21923828125 -0.87066650390625
-0.00863838195800781 -0.0128068923950195 -0.54339599609375 -0.60687255859375
-0.0105752944946289 -0.00377178192138672 -0.65582275390625 0.0551147460937501
0.0117874145507813 0.0152740478515625 -0.350555419921875 0.374969482421875
0.00388002395629883 0.00573492050170898 0.04058837890625 0.34423828125
0.0173501968383789 0.00214767456054688 0.258468627929688 0.17633056640625
0.0312023162841797 -0.00452232360839844 -0.2264404296875 -0.204986572265625
0.0188655853271484 0.00485801696777344 0.03167724609375 -0.352447509765625
0.0197868347167969 0.0201568603515625 0.4063720703125 -0.2879638671875
-0.0106916427612305 0.0137701034545898 0.65252685546875 0.12957763671875
-0.0254611968994141 -0.0274295806884766 0.28753662109375 0.71661376953125
0.0213890075683594 -0.0512275695800781 -0.35968017578125 0.821533203125
0.037933349609375 -0.000278472900390625 -0.526458740234375 0.336334228515625
0.0485382080078125 0.0228233337402344 0.042999267578125 0.0405158996582031
0.031646728515625 -0.0163402557373047 0.57366943359375 -0.37884521484375
0.0184459686279297 -0.0220413208007813 0.23065185546875 -0.86724853515625
-0.00918483734130859 -0.00892257690429688 -0.5350341796875 -0.61541748046875
-0.00719976425170898 -0.00467157363891602 -0.65826416015625 0.05096435546875
0.0173625946044922 0.0118980407714844 -0.356414794921875 0.371978759765625
0.00788736343383789 2.86102294921875E-06 0.0364990234375 0.344146728515625
0.0192794799804688 -0.00293159484863281 0.259292602539063 0.176834106445313
0.0346775054931641 -0.00769615173339844 -0.227630615234375 -0.205093383789062
0.0220832824707031 -0.00184440612792969 0.02349853515625 -0.35638427734375
0.0255413055419922 0.0181026458740234 0.39788818359375 -0.29791259765625
-0.00632476806640625 0.0174875259399414 0.6519775390625 0.11212158203125
-0.0281009674072266 -0.0203514099121094 0.30670166015625 0.705810546875
0.018463134765625 -0.0466156005859375 -0.3370361328125 0.82794189453125
0.0411262512207031 -0.0020599365234375 -0.522918701171875 0.34625244140625
0.0537948608398438 0.0210418701171875 0.031768798828125 0.0435066223144531
0.0351905822753906 -0.0177421569824219 0.57806396484375 -0.36553955078125
0.0196571350097656 -0.0172252655029297 0.2548828125 -0.864501953125
-0.00905513763427734 -0.00295066833496094 -0.51739501953125 -0.63446044921875
-0.00216102600097656 -0.00458240509033203 -0.6632080078125 0.03271484375
0.024627685546875 0.0106735229492188 -0.36767578125 0.36456298828125
0.0133571624755859 -0.00578689575195313 0.02984619140625 0.345001220703125
0.0218944549560547 -0.00722885131835938 0.257705688476563 0.177566528320313
0.0344924926757813 -0.000299453735351563 -0.247024536132812 -0.207046508789063
0.0099496841430664 0.00946331024169922 0.00146484374999998 -0.37677001953125
0.0118503570556641 0.0271663665771484 0.37939453125 -0.355682373046875
-0.0110988616943359 0.0176677703857422 0.67694091796875 0.01300048828125
-0.0226535797119141 -0.0148811340332031 0.40679931640625 0.63214111328125
0.00877189636230469 -0.0291347503662109 -0.21942138671875 0.83929443359375
0.00197601318359375 0.0213985443115234 -0.488128662109375 0.390594482421875
-0.00517654418945313 0.0327205657958984 0.0155410766601563 0.0542869567871094
0.000715970993041992 0.00439071655273438 0.612548828125 -0.32818603515625
0.0193977355957031 -0.00158309936523437 0.3590087890625 -0.86834716796875
-0.00487089157104492 -0.00100994110107422 -0.45208740234375 -0.72509765625
-0.0105123519897461 -0.00271034240722656 -0.6663818359375 -0.0544433593749999
0.00738334655761719 0.0197067260742188 -0.39263916015625 0.320037841796875
0.000878334045410157 0.0107364654541016 0.01300048828125 0.33001708984375
0.0201320648193359 -0.00023651123046875 0.251876831054687 0.173934936523437
0.0295619964599609 0.0019683837890625 -0.24407958984375 -0.206207275390625
0.00875091552734375 0.0165214538574219 0.00897216796874996 -0.370513916015625
0.00715446472167969 0.0276660919189453 0.389007568359375 -0.339569091796875
-0.0143346786499023 0.0157136917114258 0.6737060546875 0.0423583984375
-0.0222091674804688 -0.0207328796386719 0.375244140625 0.6531982421875
0.010284423828125 -0.0360527038574219 -0.2587890625 0.8289794921875
0.00351715087890625 0.0183143615722656 -0.497344970703125 0.37396240234375
-0.00168609619140625 0.0338554382324219 0.0286216735839844 0.0498504638671875
0.00166356563568115 0.00216233730316162 0.6046142578125 -0.34625244140625
0.0208168029785156 -0.00650405883789063 0.31671142578125 -0.87066650390625
-0.00201797485351563 -0.00947284698486328 -0.4803466796875 -0.6881103515625
-0.0118350982666016 -0.00471019744873047 -0.6632080078125 -0.0230712890625
0.00426101684570313 0.02166748046875 -0.377044677734375 0.3349609375
-0.00116348266601563 0.0127124786376953 0.02484130859375 0.333953857421875
0.0177536010742187 0.00353813171386719 0.256561279296875 0.172607421875
0.0284271240234375 0.00476455688476563 -0.240066528320312 -0.206558227539063
0.00780487060546875 0.0174417495727539 0.0164794921875 -0.365692138671875
0.00428962707519531 0.029510498046875 0.40087890625 -0.323822021484375
-0.0166444778442383 0.0123682022094727 0.67169189453125 0.07464599609375
-0.02362060546875 -0.0259227752685547 0.3450927734375 0.68414306640625
0.0151405334472656 -0.0407066345214844 -0.29437255859375 0.82977294921875
0.00634765625 0.0159997940063477 -0.507110595703125 0.358154296875
0.00316047668457031 0.032623291015625 0.0399665832519531 0.0446624755859375
0.00547409057617188 -0.0032343864440918 0.59521484375 -0.36480712890625
0.0213356018066406 -0.01361083984375 0.27679443359375 -0.8804931640625
-0.00614547729492187 -0.0112638473510742 -0.51129150390625 -0.66204833984375
-0.0157337188720703 -0.00511837005615234 -0.66290283203125 0.00903320312499986
0.00257682800292969 0.0203819274902344 -0.367401123046875 0.35028076171875
-0.00148487091064453 0.0143566131591797 0.03167724609375 0.3377685546875
0.0164155960083008 0.00697231292724609 0.2584228515625 0.173446655273438
0.0260066986083984 0.00366973876953125 -0.238388061523438 -0.207061767578125
0.00888347625732422 0.0175113677978516 0.0250244140625 -0.360015869140625
0.0051116943359375 0.0274810791015625 0.4073486328125 -0.30560302734375
-0.017730712890625 0.0115489959716797 0.66534423828125 0.1063232421875
-0.0241432189941406 -0.0327816009521484 0.3143310546875 0.7042236328125
0.019134521484375 -0.0472259521484375 -0.3314208984375 0.82379150390625
0.0154485702514648 0.0110874176025391 -0.51544189453125 0.345062255859375
0.012939453125 0.0308704376220703 0.0475807189941406 0.0415458679199219
0.012542724609375 -0.00730133056640625 0.58660888671875 -0.38043212890625
0.0197620391845703 -0.0178794860839844 0.2451171875 -0.87921142578125
-0.00567722320556641 -0.0134563446044922 -0.53155517578125 -0.63037109375
-0.0156936645507813 -0.0051736831665039 -0.661376953125 0.0379638671874999
0.0045013427734375 0.0189590454101563 -0.354400634765625 0.36505126953125
-0.0012359619140625 0.0130338668823242 0.039276123046875 0.34222412109375
0.0146646499633789 0.00602054595947266 0.2623291015625 0.173538208007813
0.0270099639892578 0.00270843505859375 -0.233810424804688 -0.206024169921875
0.00978946685791015 0.0145959854125977 0.02960205078125 -0.35723876953125
0.00950431823730469 0.0256023406982422 0.414215087890625 -0.2952880859375
-0.0167331695556641 0.0131826400756836 0.66204833984375 0.1256103515625
-0.0251007080078125 -0.0328330993652344 0.294189453125 0.72076416015625
0.0220565795898438 -0.0496330261230469 -0.35589599609375 0.82562255859375
0.0244007110595703 0.00702667236328125 -0.520751953125 0.338531494140625
0.0255584716796875 0.0273056030273438 0.0513496398925781 0.0381240844726563
0.0192623138427734 -0.0114479064941406 0.57891845703125 -0.39312744140625
0.0210094451904297 -0.0212364196777344 0.22125244140625 -0.88232421875
-0.00750446319580078 -0.0139188766479492 -0.54998779296875 -0.61236572265625
-0.0125589370727539 -0.00543022155761719 -0.65997314453125 0.0572509765625001
0.00622463226318359 0.0172481536865234 -0.3489990234375 0.377197265625
0.00149822235107422 0.0115680694580078 0.043792724609375 0.34368896484375
0.0156841278076172 0.00461769104003906 0.262161254882813 0.17333984375
0.0290718078613281 -0.000202178955078125 -0.23223876953125 -0.204986572265625
0.01495361328125 0.00925636291503906 0.031402587890625 -0.356689453125
0.0140838623046875 0.0224361419677734 0.41033935546875 -0.291259765625
-0.0143508911132812 0.0129222869873047 0.6585693359375 0.13336181640625
-0.0247211456298828 -0.0308074951171875 0.2880859375 0.72979736328125
0.0227088928222656 -0.0518760681152344 -0.36309814453125 0.82818603515625
0.0307140350341797 0.0032806396484375 -0.5263671875 0.3375244140625
0.0378341674804688 0.0260848999023438 0.0500907897949219 0.0372543334960938
0.0253028869628906 -0.0152492523193359 0.575439453125 -0.39593505859375
0.0199146270751953 -0.0223445892333984 0.212158203125 -0.882080078125
-0.00909614562988281 -0.0119743347167969 -0.55426025390625 -0.60797119140625
-0.0122003555297852 -0.00387477874755859 -0.66046142578125 0.06390380859375
0.0113811492919922 0.015192985534668 -0.34979248046875 0.382293701171875
0.00465726852416992 0.00652742385864258 0.04296875 0.345916748046875
0.0166921615600586 0.00147247314453125 0.264205932617188 0.174270629882813
0.0294055938720703 -0.00357246398925781 -0.232711791992188 -0.205825805664063
0.0194282531738281 0.00355148315429687 0.027130126953125 -0.3564453125
0.0206127166748047 0.0205612182617188 0.404022216796875 -0.29449462890625
-0.0116939544677734 0.0153465270996094 0.6563720703125 0.124267578125
-0.0261211395263672 -0.0264339447021484 0.29510498046875 0.7215576171875
0.0221328735351562 -0.0519790649414063 -0.356201171875 0.831787109375
0.0383148193359375 1.9073486328125E-05 -0.529632568359375 0.3428955078125
0.0484733581542969 0.0234909057617188 0.0422744750976563 0.0392494201660156
0.0326175689697266 -0.0162220001220703 0.57537841796875 -0.386962890625
0.0198116302490234 -0.0215702056884766 0.22625732421875 -0.8780517578125
-0.00958919525146484 -0.00834178924560547 -0.544921875 -0.6138916015625
-0.0068669319152832 -0.00466299057006836 -0.66302490234375 0.0577392578125
0.0186271667480469 0.0117835998535156 -0.355133056640625 0.38055419921875
0.00789451599121094 0.000985622406005859 0.038970947265625 0.348388671875
0.0195560455322266 -0.00304412841796875 0.263946533203125 0.17523193359375
0.0337314605712891 -0.00712203979492187 -0.23162841796875 -0.20379638671875
0.0231914520263672 -0.00238609313964844 0.020172119140625 -0.357421875
0.0275592803955078 0.0168094635009766 0.39544677734375 -0.302703857421875
-0.00692176818847656 0.015986442565918 0.65765380859375 0.10797119140625
-0.0273170471191406 -0.0212059020996094 0.315185546875 0.7120361328125
0.0185623168945312 -0.0484428405761719 -0.3319091796875 0.838623046875
0.0420036315917969 -0.00174331665039062 -0.52752685546875 0.35540771484375
0.0556259155273438 0.0215263366699219 0.0319137573242188 0.0433387756347656
0.0370330810546875 -0.0165672302246094 0.58001708984375 -0.37457275390625
0.0195941925048828 -0.0176620483398437 0.251708984375 -0.874267578125
-0.00895595550537109 -0.00439453125 -0.52838134765625 -0.632080078125
-0.00191783905029297 -0.00492191314697266 -0.66680908203125 0.0404052734375
0.0237331390380859 0.0100021362304688 -0.36688232421875 0.372039794921875
0.0120716094970703 -0.00589275360107422 0.03387451171875 0.347015380859375
0.0229873657226563 -0.00774192810058594 0.261795043945313 0.176193237304687
0.0339069366455078 -8.96453857421875E-05 -0.2523193359375 -0.204559326171875
0.009765625 0.00884342193603516 -0.00506591796875003 -0.378570556640625
0.0123767852783203 0.0263919830322266 0.376068115234375 -0.363494873046875
-0.00829887390136719 0.0166406631469727 0.6787109375 0.00360107421875
-0.0234661102294922 -0.01361083984375 0.41815185546875 0.63372802734375
0.0106468200683594 -0.0300178527832031 -0.21087646484375 0.84637451171875
0.00305938720703125 0.0212078094482422 -0.489593505859375 0.400787353515625
-0.00481796264648438 0.0346145629882812 0.0169258117675781 0.0533103942871094
0.000853776931762695 0.0043787956237793 0.6131591796875 -0.3360595703125
0.0208549499511719 0.00133132934570313 0.35223388671875 -0.87823486328125
-0.00327873229980469 -0.00215697288513184 -0.4647216796875 -0.7230224609375
-0.0111989974975586 -0.00256729125976563 -0.67132568359375 -0.0451660156249999
0.00629615783691406 0.0200252532958984 -0.39068603515625 0.327484130859375
0.00114727020263672 0.0123987197875977 0.014678955078125 0.33343505859375
0.0206241607666016 7.05718994140625E-05 0.25653076171875 0.17193603515625
0.0312347412109375 0.00191116333007813 -0.250778198242188 -0.203948974609375
0.00931167602539063 0.0132274627685547 0.00424194335937504 -0.372283935546875
0.00916290283203125 0.0287361145019531 0.38409423828125 -0.34503173828125
-0.0133638381958008 0.0147914886474609 0.677490234375 0.0345458984375
-0.0259227752685547 -0.0206451416015625 0.386474609375 0.6551513671875
0.01226806640625 -0.0366020202636719 -0.25048828125 0.83837890625
0.00444221496582031 0.0195274353027344 -0.496551513671875 0.379058837890625
-0.00307846069335938 0.035430908203125 0.0291404724121094 0.0511436462402344
0.000807464122772217 0.000335991382598877 0.60418701171875 -0.3551025390625
0.0211181640625 -0.00504875183105469 0.3101806640625 -0.88018798828125
-0.00387144088745117 -0.00734186172485351 -0.4913330078125 -0.68890380859375
-0.0141973495483398 -0.00227546691894531 -0.66815185546875 -0.01348876953125
0.00424385070800781 0.0211048126220703 -0.374847412109375 0.341278076171875
-0.00075054168701172 0.0130176544189453 0.0302734375 0.33563232421875
0.0182571411132813 0.00572776794433594 0.261093139648438 0.17022705078125
0.0276622772216797 0.00525093078613281 -0.2449951171875 -0.203948974609375
0.00611305236816406 0.0180320739746094 0.01287841796875 -0.36761474609375
0.006256103515625 0.0277538299560547 0.399322509765625 -0.329986572265625
-0.0172338485717773 0.0135173797607422 0.676513671875 0.06597900390625
-0.0246696472167969 -0.0275440216064453 0.35552978515625 0.68511962890625
0.0137939453125 -0.0417671203613281 -0.2882080078125 0.84063720703125
0.00737571716308594 0.0153999328613281 -0.506195068359375 0.367034912109375
0.00477027893066406 0.0334949493408203 0.0399322509765625 0.0443382263183594
0.00480127334594727 -0.00271177291870117 0.59429931640625 -0.3759765625
0.0214118957519531 -0.0131874084472656 0.26898193359375 -0.88690185546875
-0.00560188293457031 -0.0118398666381836 -0.51971435546875 -0.6600341796875
-0.0172491073608398 -0.00595855712890625 -0.6685791015625 0.01715087890625
0.00425529479980469 0.0211563110351563 -0.364471435546875 0.358856201171875
-0.00203037261962891 0.0156497955322266 0.03533935546875 0.339874267578125
0.0165157318115234 0.00530147552490234 0.263473510742188 0.170974731445313
0.0267410278320313 0.003936767578125 -0.24334716796875 -0.20574951171875
0.0075836181640625 0.0189571380615234 0.01971435546875 -0.361358642578125
0.00733757019042969 0.0269699096679688 0.405120849609375 -0.3135986328125
-0.0182247161865234 0.0126514434814453 0.6705322265625 0.09942626953125
-0.0239944458007813 -0.0314235687255859 0.32427978515625 0.70648193359375
0.0179672241210937 -0.0469703674316406 -0.3232421875 0.8336181640625
0.0148153305053711 0.0114164352416992 -0.514984130859375 0.3521728515625
0.0135040283203125 0.0322532653808594 0.0488166809082031 0.0402145385742187
0.011876106262207 -0.00545597076416016 0.58612060546875 -0.3895263671875
0.0202217102050781 -0.0175838470458984 0.237548828125 -0.8851318359375
-0.00542259216308594 -0.0136432647705078 -0.5428466796875 -0.62890625
-0.0158910751342773 -0.00428962707519531 -0.665283203125 0.047119140625
0.00462913513183594 0.0198402404785156 -0.352691650390625 0.374786376953125
-0.00092792510986328 0.0149946212768555 0.044342041015625 0.343994140625
0.0159320831298828 0.00506687164306641 0.265792846679688 0.17132568359375
0.0268192291259766 0.00251579284667969 -0.238662719726562 -0.205337524414063
0.0109453201293945 0.0147037506103516 0.021820068359375 -0.3599853515625
0.00949478149414063 0.0250453948974609 0.409637451171875 -0.303314208984375
-0.017146110534668 0.0126123428344727 0.6669921875 0.11859130859375
-0.0247917175292969 -0.0323944091796875 0.303466796875 0.72125244140625
0.0231285095214844 -0.0510292053222656 -0.34857177734375 0.8369140625
0.0226707458496094 0.00742912292480469 -0.52191162109375 0.34454345703125
0.0254611968994141 0.0291767120361328 0.0521354675292969 0.0371322631835938
0.0199356079101563 -0.0103740692138672 0.578857421875 -0.39971923828125
0.0203609466552734 -0.0215263366699219 0.21002197265625 -0.8897705078125
-0.00671291351318359 -0.014317512512207 -0.55987548828125 -0.61236572265625
-0.0135641098022461 -0.00333404541015625 -0.66326904296875 0.0664062500000001
0.00769424438476562 0.0178699493408203 -0.34613037109375 0.383819580078125
0.000823974609375001 0.0101022720336914 0.047882080078125 0.345794677734375
0.0162830352783203 0.00404739379882813 0.266082763671875 0.171401977539063
0.0287265777587891 -0.000156402587890625 -0.237747192382813 -0.203338623046875
0.0143251419067383 0.010706901550293 0.02447509765625 -0.357696533203125
0.0150146484375 0.0240001678466797 0.4071044921875 -0.296844482421875
-0.0147638320922852 0.0128364562988281 0.6627197265625 0.12652587890625
-0.0258369445800781 -0.0313262939453125 0.29803466796875 0.7315673828125
0.0222625732421875 -0.053985595703125 -0.3546142578125 0.8397216796875
0.0325908660888672 0.00349235534667969 -0.5274658203125 0.346466064453125
0.0383529663085938 0.0267372131347656 0.0496788024902344 0.0379714965820313
0.0259723663330078 -0.0151176452636719 0.57305908203125 -0.40228271484375
0.0204811096191406 -0.0214271545410156 0.20599365234375 -0.89031982421875
-0.00847911834716797 -0.0121707916259766 -0.5655517578125 -0.6060791015625
-0.0115175247192383 -0.00366115570068359 -0.6656494140625 0.0733642578125001
0.0119647979736328 0.0139341354370117 -0.34613037109375 0.390655517578125
0.00429773330688477 0.00627946853637695 0.04815673828125 0.34661865234375
0.0166006088256836 0.000597000122070313 0.267181396484375 0.172515869140625
0.0297985076904297 -0.00526046752929688 -0.238494873046875 -0.203109741210938
0.0195808410644531 0.00310707092285156 0.021026611328125 -0.3599853515625
0.0215740203857422 0.020416259765625 0.401031494140625 -0.302154541015625
-0.0112810134887695 0.0152292251586914 0.66217041015625 0.1199951171875
-0.0289134979248047 -0.0277614593505859 0.30792236328125 0.72479248046875
0.0210838317871094 -0.0541801452636719 -0.34710693359375 0.844482421875
0.0387077331542969 -0.00118637084960938 -0.531036376953125 0.350738525390625
0.0492706298828125 0.0246238708496094 0.0430374145507813 0.0389213562011719
0.0324287414550781 -0.0168781280517578 0.57562255859375 -0.3958740234375
0.0191822052001953 -0.0202980041503906 0.21734619140625 -0.88458251953125
-0.00859689712524414 -0.00715541839599609 -0.555908203125 -0.61114501953125
-0.00733041763305664 -0.00428581237792969 -0.66766357421875 0.06719970703125
0.0186691284179688 0.0111637115478516 -0.353485107421875 0.388214111328125
0.00939655303955078 0.000568389892578125 0.046417236328125 0.349609375
0.0172052383422852 -0.00369358062744141 0.267684936523438 0.173843383789063
0.0321636199951172 -0.0103187561035156 -0.239227294921875 -0.202423095703125
0.0247936248779297 -0.00290489196777344 0.014007568359375 -0.360595703125
0.0300045013427734 0.018218994140625 0.392120361328125 -0.31097412109375
-0.00628852844238281 0.0185737609863281 0.6607666015625 0.09857177734375
-0.0281772613525391 -0.02130126953125 0.3255615234375 0.7127685546875
0.0195236206054688 -0.0482139587402344 -0.32257080078125 0.8507080078125
0.0415916442871094 -0.00310897827148437 -0.52508544921875 0.36517333984375
0.0554580688476563 0.0235977172851562 0.0317306518554687 0.0424423217773437
0.0360679626464844 -0.0160980224609375 0.57891845703125 -0.3841552734375
0.0192813873291016 -0.0156841278076172 0.2447509765625 -0.88433837890625
-0.00750160217285156 -0.00491857528686523 -0.53955078125 -0.63299560546875
-0.00431609153747559 -0.0039517879486084 -0.67095947265625 0.04754638671875
0.0252094268798828 0.00899696350097656 -0.36297607421875 0.37945556640625
0.011235237121582 -0.00442790985107422 0.038909912109375 0.347930908203125
0.0218524932861328 -0.00771903991699219 0.266845703125 0.173477172851563
0.0327339172363281 -0.000291824340820313 -0.257125854492188 -0.201126098632813
0.010772705078125 0.0102682113647461 -0.01263427734375 -0.3792724609375
0.0121421813964844 0.0250434875488281 0.369232177734375 -0.3714599609375
-0.00951766967773438 0.017822265625 0.68475341796875 -0.007568359375
-0.0246238708496094 -0.0139293670654297 0.42724609375 0.632080078125
0.00818061828613281 -0.0312690734863281 -0.1982421875 0.85430908203125
0.00214958190917969 0.0216236114501953 -0.486968994140625 0.40753173828125
-0.0039215087890625 0.0365943908691406 0.0161705017089844 0.0545463562011719
-0.00220584869384766 0.00558328628540039 0.61041259765625 -0.3458251953125
0.0197849273681641 -0.00100326538085938 0.34234619140625 -0.8885498046875
-0.00253438949584961 -0.00220799446105957 -0.4727783203125 -0.71893310546875
-0.0107927322387695 -0.00250339508056641 -0.6763916015625 -0.0369262695312501
0.00745391845703125 0.0205764770507812 -0.387054443359375 0.334808349609375
0.00146675109863281 0.0121240615844727 0.01995849609375 0.333587646484375
0.0204277038574219 -0.00145530700683594 0.259765625 0.16864013671875
0.0305118560791016 0.0028839111328125 -0.254776000976562 -0.201416015625
0.00903415679931641 0.0164737701416016 -0.00494384765624999 -0.373870849609375
0.00814437866210937 0.0275306701660156 0.3798828125 -0.351898193359375
-0.0149307250976563 0.0159215927124023 0.679443359375 0.024658203125
-0.0266628265380859 -0.0215854644775391 0.39581298828125 0.6541748046875
0.0133323669433594 -0.0379066467285156 -0.23944091796875 0.8475341796875
0.00521469116210938 0.0180511474609375 -0.496307373046875 0.387420654296875
-0.00252723693847656 0.0349216461181641 0.0280380249023438 0.0500640869140625
0.00046849250793457 0.00288224220275879 0.60394287109375 -0.36279296875
0.0193347930908203 -0.00687217712402344 0.30279541015625 -0.88897705078125
-0.00221538543701172 -0.00815582275390625 -0.503662109375 -0.68389892578125
-0.0144710540771484 -0.00342178344726562 -0.67169189453125 -0.00408935546875009
0.00397300720214844 0.0183029174804687 -0.36981201171875 0.348541259765625
-0.00139522552490234 0.0143585205078125 0.03399658203125 0.33929443359375
0.0177536010742188 0.00276374816894531 0.266571044921875 0.168075561523438
0.0287799835205078 0.00428581237792969 -0.252609252929687 -0.201980590820313
0.00848197937011719 0.018035888671875 0.00503540039062496 -0.3709716796875
0.00617408752441406 0.0280971527099609 0.396240234375 -0.3370361328125
-0.0175561904907227 0.0152263641357422 0.68048095703125 0.0609130859375
-0.0245819091796875 -0.0256080627441406 0.36602783203125 0.68505859375
0.015228271484375 -0.0430755615234375 -0.27947998046875 0.8485107421875
0.00671577453613281 0.0162582397460938 -0.505767822265625 0.3753662109375
0.00384330749511719 0.0346641540527344 0.038970947265625 0.0447044372558594
0.00518131256103516 0.00143289566040039 0.59210205078125 -0.3839111328125
0.0191364288330078 -0.0118465423583984 0.260009765625 -0.89385986328125
-0.00516986846923828 -0.0116100311279297 -0.53228759765625 -0.6546630859375
-0.0142154693603516 -0.00423240661621094 -0.67169189453125 0.0257568359374999
0.003326416015625 0.0188941955566406 -0.359375 0.36700439453125
-0.00139808654785156 0.0166444778442383 0.04022216796875 0.340972900390625
0.0176715850830078 0.00412368774414063 0.266891479492187 0.1676025390625
0.0251903533935547 0.00505638122558594 -0.249114990234375 -0.201492309570313
0.00951766967773438 0.0176334381103516 0.013702392578125 -0.364776611328125
0.00753021240234375 0.0274372100830078 0.399139404296875 -0.319183349609375
-0.0192737579345703 0.0126171112060547 0.6737060546875 0.08941650390625
-0.0249710083007812 -0.0311775207519531 0.3348388671875 0.705322265625
0.017822265625 -0.0482025146484375 -0.31536865234375 0.844482421875
0.0133171081542969 0.0121822357177734 -0.51397705078125 0.36199951171875
0.0149097442626953 0.0331153869628906 0.0488166809082031 0.0406379699707031
0.009857177734375 -0.00641441345214844 0.58282470703125 -0.39691162109375
0.0218334197998047 -0.0174140930175781 0.22698974609375 -0.894287109375
-0.00628566741943359 -0.0135164260864258 -0.5552978515625 -0.62518310546875
-0.0165348052978516 -0.00303840637207031 -0.67034912109375 0.055908203125
0.0052337646484375 0.017852783203125 -0.347808837890625 0.3818359375
0.000133514404296874 0.0143709182739258 0.048370361328125 0.344696044921875
0.0140790939331055 0.00744915008544922 0.271255493164063 0.1671142578125
0.0282745361328125 0.00150299072265625 -0.243484497070313 -0.201171875
0.0108442306518555 0.015833854675293 0.016571044921875 -0.36175537109375
0.0100879669189453 0.0253162384033203 0.40643310546875 -0.3096923828125
-0.0168619155883789 0.0129232406616211 0.67156982421875 0.11016845703125
-0.0264320373535156 -0.0321464538574219 0.3153076171875 0.7213134765625
0.021697998046875 -0.0524368286132813 -0.3372802734375 0.84490966796875
0.0222949981689453 0.00872230529785156 -0.520751953125 0.353515625
0.0258102416992188 0.0309543609619141 0.0522079467773438 0.0361824035644531
0.0185260772705078 -0.00941658020019531 0.57440185546875 -0.41058349609375
0.0195636749267578 -0.0208854675292969 0.20245361328125 -0.89630126953125
-0.00772857666015625 -0.0144176483154297 -0.56964111328125 -0.608154296875
-0.0139665603637695 -0.00397968292236328 -0.66815185546875 0.0753784179687501
0.00810432434082031 0.0183219909667969 -0.342620849609375 0.393768310546875
0.00232124328613281 0.0108127593994141 0.0548095703125 0.3470458984375
0.016016960144043 0.00434017181396484 0.27252197265625 0.16754150390625
0.0289058685302734 -0.000802993774414063 -0.242019653320313 -0.201400756835937
0.0156974792480469 0.00996780395507813 0.017364501953125 -0.360504150390625
0.0137405395507812 0.0248432159423828 0.404327392578125 -0.303253173828125
-0.015625 0.0144443511962891 0.667236328125 0.11981201171875
-0.0270481109619141 -0.0324764251708984 0.3087158203125 0.7333984375
0.0225753784179688 -0.0556526184082031 -0.346435546875 0.849365234375
0.0313644409179688 0.00377845764160156 -0.52593994140625 0.355712890625
0.03857421875 0.0280380249023438 0.0486717224121094 0.0385971069335938
0.0254497528076172 -0.0141086578369141 0.57183837890625 -0.41229248046875
0.0209064483642578 -0.0212421417236328 0.19537353515625 -0.89532470703125
-0.00930309295654297 -0.011357307434082 -0.5750732421875 -0.60101318359375
-0.011723518371582 -0.00285911560058594 -0.66680908203125 0.0841064453125001
0.013606071472168 0.0141448974609375 -0.343170166015625 0.394622802734375
0.00563764572143555 0.00635528564453125 0.05438232421875 0.3475341796875
0.0188426971435547 0.00111961364746094 0.272491455078125 0.16876220703125
0.0312519073486328 -0.00650787353515625 -0.242080688476563 -0.200393676757812
0.0197257995605469 0.00298309326171875 0.012908935546875 -0.36151123046875
0.0222320556640625 0.0204944610595703 0.399444580078125 -0.307861328125
-0.0118141174316406 0.0155496597290039 0.6654052734375 0.11029052734375
-0.0283946990966797 -0.0263004302978516 0.3170166015625 0.72418212890625
0.0228347778320313 -0.0529670715332031 -0.33941650390625 0.85345458984375
0.0398063659667969 0.000232696533203125 -0.528778076171875 0.36236572265625
0.0497550964355469 0.0241012573242188 0.041900634765625 0.0390548706054688
0.0303134918212891 -0.0160007476806641 0.571533203125 -0.40521240234375
0.0197010040283203 -0.0214138031005859 0.2080078125 -0.8924560546875
-0.0098419189453125 -0.00816917419433594 -0.56817626953125 -0.6083984375
-0.00794458389282227 -0.00452661514282227 -0.6705322265625 0.0772094726562501
0.017730712890625 0.00922966003417969 -0.34820556640625 0.395111083984375
0.00849580764770508 0.000598907470703125 0.050018310546875 0.35174560546875
0.0188999176025391 -0.00370597839355469 0.273818969726563 0.1712646484375
0.0317497253417969 -0.00868034362792969 -0.242523193359375 -0.2001953125
0.0247154235839844 -0.00378227233886719 0.00573730468750002 -0.36279296875
0.0278167724609375 0.0173168182373047 0.388641357421875 -0.31878662109375
-0.00656509399414062 0.0199565887451172 0.66729736328125 0.0928955078125
-0.0295963287353516 -0.0209789276123047 0.338623046875 0.71173095703125
0.0206756591796875 -0.0506324768066406 -0.31243896484375 0.85888671875
0.0425529479980469 -0.00219345092773438 -0.527984619140625 0.371978759765625
0.0564956665039063 0.0212059020996094 0.0325851440429688 0.0411033630371094
0.0371894836425781 -0.0165290832519531 0.57586669921875 -0.39239501953125
0.0187759399414063 -0.0170154571533203 0.23297119140625 -0.88909912109375
-0.00748205184936523 -0.00496482849121094 -0.55023193359375 -0.6279296875
-0.00378656387329102 -0.00483179092407227 -0.6748046875 0.0581054687500001
0.0230846405029297 0.00959968566894531 -0.358856201171875 0.38714599609375
0.0131969451904297 -0.00555419921875 0.0426025390625 0.35198974609375
0.0220012664794922 -0.00898361206054688 0.271743774414063 0.17266845703125
0.0324039459228516 -0.0020294189453125 -0.263198852539063 -0.197372436523437
0.0106906890869141 0.0112619400024414 -0.018402099609375 -0.380096435546875
0.0144329071044922 0.0259532928466797 0.363616943359375 -0.376708984375
-0.00945472717285156 0.0186328887939453 0.6832275390625 -0.01507568359375
-0.0255184173583984 -0.0136070251464844 0.4368896484375 0.62896728515625
0.00857353210449219 -0.0308856964111328 -0.1868896484375 0.861083984375
0.00308990478515625 0.0224475860595703 -0.482177734375 0.414886474609375
-0.00346755981445312 0.0380020141601563 0.0167922973632813 0.0560646057128906
0.000821113586425782 0.00529193878173828 0.60955810546875 -0.35302734375
0.0199718475341797 0.00026702880859375 0.33197021484375 -0.89349365234375
-0.00134956836700439 -0.00106751918792725 -0.4859619140625 -0.71624755859375
-0.0127115249633789 -0.00130176544189453 -0.67938232421875 -0.0273437500000001
0.00867652893066406 0.0195789337158203 -0.384033203125 0.34442138671875
0.00229167938232422 0.011566162109375 0.026947021484375 0.335968017578125
0.0211009979248047 -0.00159645080566406 0.2664794921875 0.166122436523438
0.0300807952880859 0.00177574157714844 -0.261825561523438 -0.197036743164063
0.00942039489746094 0.0163726806640625 -0.011871337890625 -0.374725341796875
0.0104770660400391 0.0272712707519531 0.373992919921875 -0.360015869140625
-0.0139694213867187 0.0179328918457031 0.68048095703125 0.01617431640625
-0.0249271392822266 -0.0199317932128906 0.40643310546875 0.651611328125
0.0109367370605469 -0.0387001037597656 -0.23046875 0.8553466796875
0.00481414794921875 0.0189094543457031 -0.49249267578125 0.397064208984375
-0.00103378295898437 0.0372467041015625 0.0284614562988281 0.0497245788574219
0.000346183776855468 0.00393319129943848 0.59912109375 -0.37066650390625
0.0208911895751953 -0.00690460205078125 0.29278564453125 -0.89300537109375
-0.00168800354003906 -0.00939178466796875 -0.5137939453125 -0.67962646484375
-0.0140876770019531 -0.00311851501464843 -0.67559814453125 0.00708007812500008
0.00463294982910156 0.0196247100830078 -0.365447998046875 0.3568115234375
-2.76565551757806E-05 0.014622688293457 0.039031982421875 0.3394775390625
0.0173873901367188 0.0023651123046875 0.270126342773437 0.164016723632812
0.0282211303710938 0.00309562683105469 -0.255874633789063 -0.198989868164063
0.00892448425292969 0.0183677673339844 -0.00143432617187499 -0.369964599609375
0.00739288330078125 0.0282764434814453 0.389068603515625 -0.34307861328125
-0.0178089141845703 0.01617431640625 0.6810302734375 0.04888916015625
-0.0262947082519531 -0.0274925231933594 0.37689208984375 0.68365478515625
0.0156669616699219 -0.0432395935058594 -0.26727294921875 0.85626220703125
0.00821781158447266 0.0159950256347656 -0.50244140625 0.384033203125
0.00470352172851562 0.0366859436035156 0.0403327941894531 0.0441780090332031
0.00463628768920898 -0.000237464904785156 0.58856201171875 -0.39288330078125
0.0213546752929688 -0.0134410858154297 0.24853515625 -0.9010009765625
-0.00345420837402344 -0.0114774703979492 -0.54425048828125 -0.65057373046875
-0.0160903930664063 -0.00298213958740235 -0.67510986328125 0.0385742187499999
0.00335311889648438 0.0192909240722656 -0.355560302734375 0.37335205078125
-0.00130271911621094 0.0159406661987305 0.0465087890625 0.343109130859375
0.0182609558105469 0.00503730773925781 0.271942138671875 0.16387939453125
0.0264263153076172 0.00318145751953125 -0.253219604492188 -0.1986083984375
0.00976943969726563 0.0185642242431641 0.00500488281250001 -0.366790771484375
0.00800704956054688 0.0276756286621094 0.3948974609375 -0.32763671875
-0.0205364227294922 0.0131587982177734 0.6766357421875 0.080322265625
-0.0262908935546875 -0.0305118560791016 0.34625244140625 0.7044677734375
0.0187301635742187 -0.0486183166503906 -0.30328369140625 0.85125732421875
0.0141801834106445 0.0123605728149414 -0.512664794921875 0.36834716796875
0.0126800537109375 0.0336494445800781 0.0476531982421875 0.0393524169921875
0.00961971282958984 -0.00438880920410156 0.57843017578125 -0.4073486328125
0.0215511322021484 -0.0180187225341797 0.2166748046875 -0.899658203125
-0.00555610656738281 -0.0146245956420898 -0.56573486328125 -0.61767578125
-0.017064094543457 -0.00364589691162109 -0.67041015625 0.0668945312499999
0.00509071350097656 0.0191078186035156 -0.342559814453125 0.3890380859375
-0.00068950653076172 0.0153226852416992 0.055633544921875 0.346893310546875
0.0152101516723633 0.00670814514160156 0.275604248046875 0.162918090820313
0.0256996154785156 0.00187873840332031 -0.249069213867187 -0.198532104492188
0.0121040344238281 0.015380859375 0.010528564453125 -0.362884521484375
0.0101890563964844 0.0252876281738281 0.39959716796875 -0.314666748046875
-0.017491340637207 0.014373779296875 0.6734619140625 0.1019287109375
-0.0271530151367188 -0.0322227478027344 0.32666015625 0.72235107421875
0.0216751098632813 -0.0533103942871094 -0.3270263671875 0.8546142578125
0.0238914489746094 0.00813865661621094 -0.519866943359375 0.36260986328125
0.0267963409423828 0.0314559936523438 0.0507278442382812 0.0362739562988281
0.0165824890136719 -0.00954151153564453 0.5714111328125 -0.41925048828125
0.0198936462402344 -0.0213890075683594 0.1910400390625 -0.90081787109375
-0.00680446624755859 -0.0136289596557617 -0.58197021484375 -0.59912109375
-0.0155792236328125 -0.00423431396484375 -0.6697998046875 0.08624267578125
0.00762557983398437 0.0175724029541016 -0.3350830078125 0.39947509765625
0.00299739837646485 0.0129613876342773 0.058807373046875 0.347381591796875
0.0163431167602539 0.00485515594482422 0.277664184570313 0.165634155273438
0.0274829864501953 -0.00108909606933594 -0.2486572265625 -0.196426391601563
0.0151510238647461 0.00982379913330078 0.010223388671875 -0.36041259765625
0.0161056518554687 0.0236454010009766 0.39788818359375 -0.311248779296875
-0.0155630111694336 0.0153484344482422 0.6700439453125 0.109619140625
-0.0283317565917969 -0.031219482421875 0.3212890625 0.73040771484375
0.0223464965820312 -0.0555801391601563 -0.33404541015625 0.8575439453125
0.0320053100585938 0.003387451171875 -0.52532958984375 0.362945556640625
0.0386390686035156 0.0283126831054688 0.0493011474609375 0.0358963012695313
0.0252571105957031 -0.0138568878173828 0.56793212890625 -0.420654296875
0.0196933746337891 -0.0223770141601563 0.18414306640625 -0.9012451171875
-0.00876712799072265 -0.0121593475341797 -0.58642578125 -0.592041015625
-0.0127525329589844 -0.00400257110595703 -0.66888427734375 0.09503173828125
0.0138740539550781 0.0137977600097656 -0.33673095703125 0.40447998046875
0.00531721115112305 0.00637054443359375 0.060638427734375 0.35015869140625
0.0177497863769531 0.000925064086914063 0.277236938476563 0.16510009765625
0.0301990509033203 -0.00606155395507813 -0.248428344726562 -0.196746826171875
0.0202465057373047 0.00304031372070313 0.00628662109375001 -0.361083984375
0.0227127075195313 0.0196304321289063 0.391754150390625 -0.316070556640625
-0.0114974975585938 0.0164499282836914 0.66729736328125 0.10198974609375
-0.0292854309082031 -0.0263805389404297 0.3297119140625 0.7230224609375
0.0214347839355469 -0.0546226501464844 -0.3262939453125 0.8626708984375
0.0390739440917969 -0.000583648681640625 -0.526458740234375 0.36865234375
0.0507354736328125 0.025421142578125 0.0424919128417969 0.0374069213867188
0.0312232971191406 -0.0164070129394531 0.5693359375 -0.4136962890625
0.0200042724609375 -0.0215625762939453 0.19622802734375 -0.89935302734375
-0.00886249542236328 -0.00940799713134766 -0.5794677734375 -0.6009521484375
-0.00834798812866211 -0.00403547286987305 -0.67095947265625 0.0893554687500001
0.0190200805664062 0.0102481842041016 -0.343505859375 0.403045654296875
0.00972938537597656 0.000874519348144531 0.057769775390625 0.351593017578125
0.0195541381835938 -0.00370025634765625 0.276382446289063 0.165557861328125
0.0325756072998047 -0.00952529907226563 -0.248626708984375 -0.19537353515625
0.0234279632568359 -0.004302978515625 -0.00131225585937499 -0.3624267578125
0.0286006927490234 0.0170669555664063 0.384063720703125 -0.324066162109375
-0.00618934631347656 0.0196609497070313 0.66729736328125 0.08154296875
-0.0306682586669922 -0.0208530426025391 0.35015869140625 0.711181640625
0.0184440612792969 -0.0511436462402344 -0.30084228515625 0.86883544921875
0.0411033630371094 -0.00321197509765625 -0.52099609375 0.382720947265625
0.05706787109375 0.0232505798339844 0.0305976867675781 0.0427207946777344
0.0359611511230469 -0.0154991149902344 0.57489013671875 -0.400390625
0.0191669464111328 -0.0167198181152344 0.2230224609375 -0.89569091796875
-0.00815248489379883 -0.00157308578491211 -0.5635986328125 -0.62115478515625
-0.0033419132232666 -0.00340700149536133 -0.67596435546875 0.0687255859375
0.0247039794921875 0.00939369201660156 -0.35260009765625 0.39495849609375
0.0135564804077148 -0.00497531890869141 0.049346923828125 0.351898193359375
0.0195350646972656 -0.00930213928222656 0.274505615234375 0.166000366210938
0.0318698883056641 -0.00339317321777344 -0.267349243164062 -0.194732666015625
0.0128879547119141 0.0109443664550781 -0.025726318359375 -0.379058837890625
0.0160007476806641 0.0243949890136719 0.35711669921875 -0.380615234375
-0.00894737243652344 0.0189151763916016 0.6822509765625 -0.0255126953125
-0.0250988006591797 -0.0118999481201172 0.44677734375 0.62359619140625
0.00808334350585938 -0.0339546203613281 -0.17608642578125 0.8658447265625
0.00230789184570313 0.0202922821044922 -0.478515625 0.42425537109375
-0.00250244140625 0.0374259948730469 0.0177230834960937 0.0565299987792969
0.000381946563720704 0.006805419921875 0.60394287109375 -0.36346435546875
0.0191745758056641 -0.000783920288085938 0.32012939453125 -0.89898681640625
-0.00312137603759766 -0.00272417068481445 -0.50091552734375 -0.70892333984375
-0.0143518447875977 -0.00354385375976563 -0.68182373046875 -0.0151367187499999
0.00873184204101563 0.0181922912597656 -0.380401611328125 0.351043701171875
0.00448513031005859 0.0116481781005859 0.033050537109375 0.336639404296875
0.0217323303222656 -0.00238609313964844 0.269668579101563 0.161285400390625
0.0290050506591797 0.00117683410644531 -0.266067504882813 -0.192092895507812
0.0100307464599609 0.0166101455688477 -0.01904296875 -0.374755859375
0.0120162963867187 0.0275535583496094 0.36688232421875 -0.365325927734375
-0.0135574340820312 0.0182018280029297 0.681884765625 0.00555419921875
-0.0263614654541016 -0.022216796875 0.41473388671875 0.64886474609375
0.0122413635253906 -0.0366020202636719 -0.2176513671875 0.85882568359375
0.00516700744628906 0.0195121765136719 -0.48736572265625 0.40460205078125
-0.000217437744140625 0.0396156311035156 0.0273094177246094 0.0496444702148438
0.00150108337402344 0.00567770004272461 0.59423828125 -0.380126953125
0.0195140838623047 -0.00601577758789062 0.27777099609375 -0.898193359375
-0.00254726409912109 -0.00896644592285156 -0.52606201171875 -0.6707763671875
-0.0167875289916992 -0.0034332275390625 -0.67388916015625 0.0153198242187499
0.00630569458007813 0.0212688446044922 -0.361053466796875 0.363983154296875
-0.00124645233154297 0.0152130126953125 0.042633056640625 0.3387451171875
0.0166387557983398 0.00159168243408203 0.272781372070313 0.1595458984375
0.0269908905029297 0.00382804870605469 -0.260772705078125 -0.196746826171875
0.00911521911621094 0.0186653137207031 -0.01116943359375 -0.3704833984375
0.00630760192871093 0.0285472869873047 0.382537841796875 -0.3482666015625
-0.0183277130126953 0.0178661346435547 0.68218994140625 0.0389404296875
-0.0288009643554688 -0.0256843566894531 0.388916015625 0.67913818359375
0.014678955078125 -0.0438308715820312 -0.25567626953125 0.8629150390625
0.00815391540527344 0.0178680419921875 -0.497406005859375 0.391693115234375
0.00588607788085938 0.0356369018554688 0.0388984680175781 0.0448684692382813
0.00561380386352539 0.00251007080078125 0.584228515625 -0.40240478515625
0.0218410491943359 -0.0121402740478516 0.2376708984375 -0.90667724609375
-0.00217151641845703 -0.0117883682250977 -0.55487060546875 -0.64105224609375
-0.0162744522094727 -0.00324249267578125 -0.67425537109375 0.048828125
0.0038909912109375 0.0209140777587891 -0.3511962890625 0.38134765625
-0.000541687011718749 0.0155868530273438 0.052978515625 0.341156005859375
0.016383171081543 0.00291919708251953 0.27801513671875 0.1605224609375
0.0250568389892578 0.00216293334960938 -0.258438110351563 -0.19305419921875
0.00882530212402344 0.0161027908325195 -0.00299072265625002 -0.3648681640625
0.00704193115234375 0.026611328125 0.388153076171875 -0.333038330078125
-0.0195426940917969 0.0141448974609375 0.675537109375 0.07037353515625
-0.0265007019042969 -0.0287303924560547 0.35565185546875 0.6990966796875
0.0175857543945313 -0.0489349365234375 -0.2911376953125 0.85845947265625
0.014927864074707 0.0114965438842773 -0.5084228515625 0.376739501953125
0.0155410766601562 0.0340728759765625 0.046478271484375 0.0401725769042969
0.00877618789672851 -0.00307178497314453 0.5743408203125 -0.417236328125
0.0227451324462891 -0.0177669525146484 0.20562744140625 -0.90118408203125
-0.00573921203613281 -0.0130453109741211 -0.5794677734375 -0.60980224609375
-0.016423225402832 -0.0026702880859375 -0.669921875 0.078857421875
0.0054025650024414 0.0175237655639648 -0.33489990234375 0.3958740234375
0.00318431854248047 0.0157661437988281 0.06182861328125 0.34527587890625
0.0146427154541016 0.00348281860351562 0.281463623046875 0.15924072265625
0.0242347717285156 0.00181198120117188 -0.25439453125 -0.195510864257813
0.0135641098022461 0.0150556564331055 0.00189208984375001 -0.363494873046875
0.0106544494628906 0.025421142578125 0.394805908203125 -0.321075439453125
-0.0182209014892578 0.0135917663574219 0.6749267578125 0.09344482421875
-0.0287704467773438 -0.0322532653808594 0.3369140625 0.718505859375
0.0201873779296875 -0.0547447204589844 -0.31378173828125 0.861083984375
0.0226535797119141 0.00916862487792969 -0.515350341796875 0.371429443359375
0.0262699127197266 0.0309314727783203 0.0518302917480469 0.0358123779296875
0.0182876586914063 -0.00855827331542969 0.56658935546875 -0.426513671875
0.0223789215087891 -0.0212955474853516 0.1785888671875 -0.905517578125
-0.00811290740966797 -0.0134096145629883 -0.59027099609375 -0.5911865234375
-0.0149974822998047 -0.003143310546875 -0.66766357421875 0.0975952148437499
0.00726604461669922 0.0146274566650391 -0.328643798828125 0.40484619140625
0.00286960601806641 0.0125751495361328 0.065826416015625 0.347259521484375
0.0160322189331055 0.00356769561767578 0.28125 0.161224365234375
0.0280990600585938 -0.00181388854980469 -0.251022338867187 -0.192459106445313
0.0177078247070313 0.008819580078125 0.00210571289062503 -0.3616943359375
0.0153160095214844 0.0238132476806641 0.3936767578125 -0.318206787109375
-0.01544189453125 0.0167961120605469 0.67230224609375 0.099853515625
-0.0290699005126953 -0.0294036865234375 0.33282470703125 0.72784423828125
0.0221672058105469 -0.0540275573730469 -0.32464599609375 0.86334228515625
0.0312252044677734 0.00414085388183594 -0.521820068359375 0.37164306640625
0.039306640625 0.0291786193847656 0.0502510070800781 0.0352706909179688
0.0259628295898438 -0.0130901336669922 0.56512451171875 -0.42974853515625
0.0218830108642578 -0.0213069915771484 0.1722412109375 -0.90216064453125
-0.0107889175415039 -0.0108747482299805 -0.59710693359375 -0.5853271484375
-0.0128068923950195 -0.00439357757568359 -0.6690673828125 0.1044921875
0.01275634765625 0.0137434005737305 -0.332489013671875 0.40948486328125
0.00430965423583984 0.00586557388305664 0.06475830078125 0.347991943359375
0.015172004699707 -0.00103569030761719 0.280303955078125 0.162384033203125
0.0282154083251953 -0.00649070739746094 -0.251510620117188 -0.19232177734375
0.0208015441894531 0.0019378662109375 -0.00122070312499999 -0.36029052734375
0.0239429473876953 0.0189533233642578 0.3873291015625 -0.320648193359375
-0.0118255615234375 0.0190601348876953 0.6724853515625 0.09088134765625
-0.0294895172119141 -0.0248050689697266 0.33929443359375 0.71990966796875
0.0204658508300781 -0.055938720703125 -0.3140869140625 0.8699951171875
0.0385475158691406 -0.0020294189453125 -0.5220947265625 0.377471923828125
0.0513801574707031 0.0250625610351562 0.0421524047851562 0.0390777587890625
0.0319995880126953 -0.0146350860595703 0.56439208984375 -0.4215087890625
0.0207748413085938 -0.0217018127441406 0.18414306640625 -0.8988037109375
-0.00741100311279297 -0.00925731658935547 -0.59014892578125 -0.59283447265625
-0.00782680511474609 -0.00424718856811524 -0.67193603515625 0.09881591796875
0.0189838409423828 0.00897216796875 -0.33489990234375 0.4088134765625
0.0100879669189453 0.000471115112304688 0.06280517578125 0.35186767578125
0.0191764831542969 -0.00572586059570313 0.280487060546875 0.162521362304688
0.0298404693603516 -0.0105323791503906 -0.2528076171875 -0.18853759765625
0.0243091583251953 -0.00189208984375 -0.00933837890625004 -0.36297607421875
0.0318431854248047 0.0144596099853516 0.378997802734375 -0.32843017578125
-0.00671768188476563 0.0212173461914063 0.66900634765625 0.0728759765625
-0.0310192108154297 -0.0176181793212891 0.3580322265625 0.7098388671875
0.0192298889160156 -0.0507965087890625 -0.29010009765625 0.8739013671875
0.0408859252929688 -0.00386428833007812 -0.519561767578125 0.391082763671875
0.0588340759277344 0.0229148864746094 0.0311813354492188 0.0433464050292969
0.0376472473144531 -0.0146408081054687 0.5689697265625 -0.410888671875
0.0196475982666016 -0.0179443359375 0.212646484375 -0.89984130859375
-0.00543308258056641 -0.00345420837402344 -0.570556640625 -0.61676025390625
-0.00549173355102539 -0.00475883483886719 -0.67681884765625 0.0807495117187499
0.0250720977783203 0.00826644897460938 -0.3494873046875 0.4010009765625
0.0113773345947266 -0.00542259216308594 0.055389404296875 0.352264404296875
0.0217113494873047 -0.0105152130126953 0.2774658203125 0.162673950195313
0.0311527252197266 -0.00119209289550781 -0.27056884765625 -0.187789916992188
0.0117282867431641 0.0101766586303711 -0.03369140625 -0.376708984375
0.0163097381591797 0.024200439453125 0.3480224609375 -0.385833740234375
-0.0105991363525391 0.0195808410644531 0.6798095703125 -0.03533935546875
-0.0270595550537109 -0.0135879516601562 0.45550537109375 0.61846923828125
0.0102787017822266 -0.0314846038818359 -0.1636962890625 0.86785888671875
0.00326347351074218 0.0217704772949219 -0.473480224609375 0.430328369140625
-0.00139999389648437 0.0399703979492188 0.0154685974121094 0.0561027526855469
-0.000885963439941406 0.00861787796020508 0.59814453125 -0.3709716796875
0.0229835510253906 0.000545501708984375 0.30963134765625 -0.90032958984375
-0.00058889389038086 -0.00339388847351074 -0.50714111328125 -0.70062255859375
-0.0122337341308594 -0.00196361541748047 -0.6807861328125 -0.00494384765624992
0.00981903076171875 0.0207996368408203 -0.372161865234375 0.3582763671875
0.0013580322265625 0.0114736557006836 0.038055419921875 0.3372802734375
0.0169210433959961 -0.00464344024658203 0.270645141601563 0.157958984375
0.0327587127685547 0.000152587890625 -0.270111083984375 -0.188766479492188
0.0092010498046875 0.0157136917114258 -0.02459716796875 -0.37249755859375
0.00838851928710938 0.0273418426513672 0.35870361328125 -0.3714599609375
-0.013641357421875 0.0176811218261719 0.68218994140625 -0.00341796875
-0.0273818969726563 -0.0212917327880859 0.42584228515625 0.6422119140625
0.00985336303710937 -0.0400199890136719 -0.2044677734375 0.8612060546875
0.000480651855468748 0.0205726623535156 -0.482391357421875 0.411865234375
-0.000240325927734377 0.0400962829589844 0.0298118591308594 0.0494613647460938
0.000208854675292968 0.00724172592163086 0.58935546875 -0.38897705078125
0.0204849243164063 -0.00651931762695313 0.27178955078125 -0.90032958984375
-0.00236129760742187 -0.00885391235351563 -0.5361328125 -0.66217041015625
-0.0151643753051758 -0.00208091735839844 -0.6751708984375 0.02642822265625
0.00428581237792969 0.0200862884521484 -0.351470947265625 0.37017822265625
0.00173664093017578 0.0143585205078125 0.047943115234375 0.3385009765625
0.0175285339355469 0.00261306762695313 0.276901245117188 0.155471801757813
0.0269374847412109 0.00387954711914063 -0.263046264648438 -0.1900634765625
0.010401725769043 0.0151805877685547 -0.016448974609375 -0.3681640625
0.00898170471191406 0.028076171875 0.37127685546875 -0.35247802734375
-0.0174789428710938 0.0197219848632813 0.6798095703125 0.029541015625
-0.0274658203125 -0.0269565582275391 0.3961181640625 0.6751708984375
0.0163040161132813 -0.0449066162109375 -0.24176025390625 0.86370849609375
0.00905513763427735 0.0170745849609375 -0.491058349609375 0.39727783203125
0.00585556030273438 0.03692626953125 0.0389480590820313 0.0439949035644531
0.00648641586303711 0.00265073776245117 0.577880859375 -0.40704345703125
0.0222625732421875 -0.011383056640625 0.22418212890625 -0.90679931640625
-0.00435543060302734 -0.0128087997436523 -0.56402587890625 -0.63330078125
-0.0183753967285156 -0.00165939331054688 -0.6737060546875 0.0617675781250001
0.00417327880859375 0.0198955535888672 -0.34100341796875 0.38629150390625
-0.000937461853027344 0.0168170928955078 0.05731201171875 0.3419189453125
0.0182247161865234 0.00274848937988281 0.278915405273438 0.153900146484375
0.0238094329833984 0.00329971313476563 -0.26318359375 -0.191360473632813
0.0112361907958984 0.0195407867431641 -0.00836181640624997 -0.365264892578125
0.0100212097167969 0.0259685516357422 0.38311767578125 -0.334716796875
-0.0175971984863281 0.015899658203125 0.67706298828125 0.059814453125
-0.0273933410644531 -0.0285301208496094 0.36663818359375 0.69659423828125
0.0184974670410156 -0.0504264831542969 -0.2777099609375 0.86114501953125
0.0141878128051758 0.0132522583007813 -0.50628662109375 0.381988525390625
0.0148239135742187 0.0360870361328125 0.0460662841796875 0.0376472473144531
0.0107126235961914 -0.00257682800292969 0.5670166015625 -0.42193603515625
0.0220508575439453 -0.0177078247070313 0.19244384765625 -0.903076171875
-0.00360393524169922 -0.0145597457885742 -0.58251953125 -0.60125732421875
-0.0163688659667969 -0.00249958038330078 -0.66796875 0.0875244140625
0.00235843658447266 0.0174760818481445 -0.329620361328125 0.399505615234375
0.0011749267578125 0.0146398544311523 0.067291259765625 0.3416748046875
0.0156583786010742 0.00413990020751953 0.28375244140625 0.152618408203125
0.0243072509765625 0.00199699401855469 -0.256851196289063 -0.191299438476563
0.0119924545288086 0.0147838592529297 -0.00485229492187502 -0.360992431640625
0.0102787017822266 0.0264225006103516 0.385986328125 -0.3248291015625
-0.0159263610839844 0.0179443359375 0.6754150390625 0.0823974609375
-0.0299625396728516 -0.0315303802490234 0.3463134765625 0.715087890625
0.0211219787597656 -0.0562896728515625 -0.3011474609375 0.86395263671875
0.0240745544433594 0.00793075561523438 -0.51080322265625 0.3780517578125
0.0279121398925781 0.0314197540283203 0.0515213012695313 0.03399658203125
0.0168037414550781 -0.00822162628173828 0.55926513671875 -0.432586669921875
0.0210094451904297 -0.0197677612304688 0.1669921875 -0.904052734375
-0.0092010498046875 -0.0135269165039063 -0.59765625 -0.58416748046875
-0.0146322250366211 -0.00276947021484375 -0.66607666015625 0.11065673828125
0.00840187072753906 0.0159969329833984 -0.321868896484375 0.410247802734375
0.00262928009033203 0.0108976364135742 0.071990966796875 0.345703125
0.015899658203125 0.00469303131103516 0.28387451171875 0.156402587890625
0.0269641876220703 -0.00333595275878906 -0.253128051757813 -0.189239501953125
0.0168819427490234 0.00958061218261719 -0.00384521484375003 -0.35894775390625
0.0173454284667969 0.0241184234619141 0.38726806640625 -0.321807861328125
-0.0137252807617187 0.0156259536743164 0.67218017578125 0.091064453125
-0.0284481048583984 -0.0303306579589844 0.34185791015625 0.72357177734375
0.0204010009765625 -0.0581321716308594 -0.3114013671875 0.86749267578125
0.0307025909423828 0.000570297241210938 -0.516510009765625 0.3782958984375
0.0392875671386719 0.030242919921875 0.0500373840332031 0.0360260009765625
0.0256423950195313 -0.00970649719238281 0.555328369140625 -0.4365234375
0.0186386108398437 -0.0229701995849609 0.1611328125 -0.90521240234375
-0.00734424591064453 -0.0139617919921875 -0.60345458984375 -0.57354736328125
-0.0144815444946289 -0.00418567657470703 -0.66632080078125 0.1171875
0.0147562026977539 0.0125141143798828 -0.321075439453125 0.4149169921875
0.00704145431518555 0.00762367248535156 0.070648193359375 0.348297119140625
0.016810417175293 -0.000767707824707031 0.284332275390625 0.157958984375
0.0276947021484375 -0.00543785095214844 -0.2540283203125 -0.18780517578125
0.0207767486572266 0.00467872619628906 -0.00750732421875004 -0.36090087890625
0.0237979888916016 0.0183486938476563 0.37884521484375 -0.3250732421875
-0.0101356506347656 0.0184974670410156 0.67022705078125 0.0819091796875
-0.0324058532714844 -0.0267391204833984 0.3482666015625 0.71331787109375
0.0197257995605469 -0.0563278198242187 -0.301513671875 0.87286376953125
0.0384521484375 -0.00139999389648438 -0.51708984375 0.3858642578125
0.0513496398925781 0.0260810852050781 0.0400352478027344 0.038055419921875
0.0313568115234375 -0.0124568939208984 0.5570068359375 -0.42901611328125
0.0194263458251953 -0.0207786560058594 0.17413330078125 -0.90081787109375
-0.00973129272460938 -0.00692081451416016 -0.59527587890625 -0.58154296875
-0.00977993011474609 -0.00281143188476563 -0.6685791015625 0.11175537109375
0.0186271667480469 0.00994873046875 -0.326904296875 0.412445068359375
0.0101127624511719 0.000992774963378906 0.067474365234375 0.351531982421875
0.0189056396484375 -0.0057830810546875 0.282989501953125 0.156463623046875
0.0305004119873047 -0.0104961395263672 -0.25579833984375 -0.186386108398438
0.0240898132324219 -0.00621223449707031 -0.015228271484375 -0.36328125
0.0312995910644531 0.0155696868896484 0.369781494140625 -0.3333740234375
-0.00660133361816406 0.0205593109130859 0.66802978515625 0.06378173828125
-0.0332927703857422 -0.0196533203125 0.3682861328125 0.7005615234375
0.0179176330566406 -0.0522956848144531 -0.27508544921875 0.87835693359375
0.0410194396972656 -0.00432968139648438 -0.51458740234375 0.396148681640625
0.0570755004882813 0.0229339599609375 0.0307197570800781 0.0401840209960938
0.0348472595214844 -0.0128765106201172 0.559906005859375 -0.41748046875
0.0194168090820313 -0.0166149139404297 0.19964599609375 -0.9014892578125
-0.00738525390625 -0.00226926803588867 -0.57879638671875 -0.60479736328125
-0.00520896911621094 -0.00616359710693359 -0.6724853515625 0.0915527343750001
0.0254592895507813 0.0072479248046875 -0.340728759765625 0.407257080078125
0.0156583786010742 -0.00576877593994141 0.061676025390625 0.349334716796875
0.0213508605957031 -0.0114231109619141 0.28271484375 0.157440185546875
0.0323200225830078 -0.00320243835449219 -0.273193359375 -0.183486938476562
0.011500358581543 0.010157585144043 -0.040374755859375 -0.3740234375
0.0151863098144531 0.0256214141845703 0.340087890625 -0.388763427734375
-0.00966262817382813 0.0200958251953125 0.6766357421875 -0.0450439453125
-0.0266475677490234 -0.0111560821533203 0.46270751953125 0.6094970703125
0.00880813598632813 -0.0336341857910156 -0.15045166015625 0.8682861328125
0.00377845764160156 0.0214500427246094 -0.46807861328125 0.435394287109375
-0.000122070312499996 0.0405426025390625 0.0154914855957031 0.0551567077636719
-0.00154304504394531 0.00967216491699219 0.5904541015625 -0.3770751953125
0.0239543914794922 -0.000288009643554688 0.29547119140625 -0.902099609375
-0.00125646591186523 -0.00373935699462891 -0.5152587890625 -0.69097900390625
-0.0131111145019531 -0.000581741333007813 -0.678955078125 0.00628662109374994
0.00932121276855469 0.0186367034912109 -0.362548828125 0.362762451171875
0.00344657897949219 0.0119447708129883 0.042083740234375 0.335479736328125
0.0185737609863281 -0.00311279296875 0.274505615234375 0.151016235351563
0.0298137664794922 4.00543212890625E-05 -0.273590087890625 -0.181747436523438
0.0097198486328125 0.0170631408691406 -0.03204345703125 -0.371246337890625
0.0107402801513672 0.0265636444091797 0.3515625 -0.372100830078125
-0.0127143859863281 0.0197181701660156 0.676513671875 -0.01458740234375
-0.0271968841552734 -0.0195884704589844 0.431884765625 0.634033203125
0.0109672546386719 -0.0395431518554688 -0.19036865234375 0.86334228515625
0.00502777099609375 0.0200004577636719 -0.477386474609375 0.416839599609375
-5.72204589843735E-05 0.0410346984863281 0.0280838012695313 0.0498809814453125
-0.000346183776855468 0.00734758377075195 0.58251953125 -0.3946533203125
0.0217399597167969 -0.00711441040039063 0.25640869140625 -0.900146484375
-0.00169897079467773 -0.00839662551879883 -0.54345703125 -0.651611328125
-0.0159740447998047 -0.00188064575195312 -0.6734619140625 0.03985595703125
0.00690269470214844 0.0200119018554688 -0.343963623046875 0.37567138671875
0.00174808502197265 0.0150899887084961 0.056427001953125 0.337158203125
0.0161514282226563 0.00136280059814453 0.2794189453125 0.150680541992188
0.0269298553466797 0.00240707397460938 -0.267822265625 -0.18475341796875
0.009368896484375 0.0182132720947266 -0.022491455078125 -0.3671875
0.00852394104003907 0.0285186767578125 0.367034912109375 -0.358795166015625
-0.0168590545654297 0.0180683135986328 0.676513671875 0.02093505859375
-0.0283641815185547 -0.0247802734375 0.40472412109375 0.66607666015625
0.01397705078125 -0.0455207824707031 -0.22869873046875 0.86639404296875
0.00843334197998047 0.0164289474487305 -0.486541748046875 0.40374755859375
0.00570297241210937 0.0386734008789063 0.0392990112304688 0.0436820983886719
0.00467729568481445 0.00356864929199219 0.57098388671875 -0.41485595703125
0.0222759246826172 -0.0131034851074219 0.2108154296875 -0.90692138671875
-0.00441360473632813 -0.012425422668457 -0.571044921875 -0.62188720703125
-0.0185680389404297 -0.00182723999023438 -0.6710205078125 0.0697021484375
0.00661087036132813 0.0200729370117188 -0.335052490234375 0.389404296875
0.000879287719726562 0.0163259506225586 0.062835693359375 0.34014892578125
0.0173683166503906 0.00316333770751953 0.280197143554688 0.150390625
0.0248184204101563 0.00300216674804688 -0.26409912109375 -0.184555053710938
0.00942611694335938 0.0177364349365234 -0.016143798828125 -0.363800048828125
0.00885391235351563 0.0273265838623047 0.374603271484375 -0.340087890625
-0.0169410705566406 0.0161590576171875 0.67462158203125 0.05218505859375
-0.0274219512939453 -0.0287418365478516 0.37408447265625 0.68988037109375
0.0170745849609375 -0.0511436462402344 -0.267578125 0.86370849609375
0.0150547027587891 0.0108556747436523 -0.499664306640625 0.388763427734375
0.0158576965332031 0.035858154296875 0.0461921691894531 0.0374946594238281
0.00862550735473633 -0.00105810165405273 0.560577392578125 -0.42730712890625
0.0208644866943359 -0.0182971954345703 0.1781005859375 -0.90167236328125
-0.00514793395996094 -0.0150651931762695 -0.5914306640625 -0.59002685546875
-0.0176582336425781 -0.00210952758789063 -0.6644287109375 0.0982666015625002
0.00561332702636719 0.018646240234375 -0.321624755859375 0.402740478515625
0.00174522399902344 0.0164327621459961 0.072723388671875 0.343780517578125
0.0157403945922852 0.00403308868408203 0.283203125 0.1500244140625
0.0242424011230469 0.00131416320800781 -0.2591552734375 -0.185165405273438
0.0138921737670898 0.0133571624755859 -0.01104736328125 -0.360198974609375
0.0115146636962891 0.0255489349365234 0.38006591796875 -0.3306884765625
-0.0174198150634766 0.0164422988891602 0.673095703125 0.07269287109375
-0.0290279388427734 -0.0315380096435547 0.3563232421875 0.7099609375
0.0199317932128906 -0.0546112060546875 -0.28826904296875 0.865966796875
0.0235862731933594 0.00788497924804688 -0.505035400390625 0.3843994140625
0.0274105072021484 0.0311717987060547 0.0494842529296875 0.0350456237792969
0.016575813293457 -0.0066070556640625 0.552490234375 -0.44134521484375
0.0195026397705078 -0.0207328796386719 0.15350341796875 -0.9058837890625
-0.00785541534423828 -0.0137548446655273 -0.60675048828125 -0.57135009765625
-0.0162429809570313 -0.00369644165039062 -0.662109375 0.11859130859375
0.00931262969970703 0.0155973434448242 -0.31488037109375 0.4158935546875
0.00488471984863281 0.0124635696411133 0.076507568359375 0.344451904296875
0.0149908065795898 0.00308704376220703 0.2860107421875 0.1514892578125
0.0258979797363281 -0.00166893005371094 -0.258682250976562 -0.1839599609375
0.0171222686767578 0.00856971740722656 -0.011627197265625 -0.3570556640625
0.0167808532714844 0.0223598480224609 0.378936767578125 -0.325897216796875
-0.0146427154541016 0.0177593231201172 0.6688232421875 0.08160400390625
-0.0297260284423828 -0.0297298431396484 0.35247802734375 0.71533203125
0.0215263366699219 -0.057373046875 -0.29644775390625 0.8692626953125
0.0317859649658203 0.00275039672851563 -0.509857177734375 0.383392333984375
0.0409049987792969 0.0282135009765625 0.0486297607421875 0.0347366333007813
0.0242519378662109 -0.0105381011962891 0.547882080078125 -0.4429931640625
0.0196380615234375 -0.0227565765380859 0.14605712890625 -0.90386962890625
-0.00750350952148438 -0.0105085372924805 -0.6109619140625 -0.56500244140625
-0.0121078491210938 -0.00365447998046875 -0.663330078125 0.12750244140625
0.0133552551269531 0.012476921081543 -0.314239501953125 0.4193115234375
0.00707292556762695 0.00726890563964844 0.07598876953125 0.345703125
0.0159788131713867 -0.000273704528808594 0.285919189453125 0.15203857421875
0.0274295806884766 -0.00785636901855469 -0.25787353515625 -0.1826171875
0.0200328826904297 0.00216865539550781 -0.01483154296875 -0.3583984375
0.0226860046386719 0.0186557769775391 0.373077392578125 -0.32769775390625
-0.0112171173095703 0.0209922790527344 0.668212890625 0.073974609375
-0.0319271087646484 -0.0233020782470703 0.35699462890625 0.70965576171875
0.0207481384277344 -0.0577125549316406 -0.2855224609375 0.87432861328125
0.03753662109375 -0.0020751953125 -0.511962890625 0.390716552734375
0.0514144897460938 0.0242385864257813 0.0417556762695313 0.0368614196777344
0.0308761596679688 -0.0142135620117188 0.549346923828125 -0.433685302734375
0.0191173553466797 -0.0189266204833984 0.1591796875 -0.9010009765625
-0.00841140747070313 -0.00990962982177734 -0.603271484375 -0.5738525390625
-0.0105514526367188 -0.00372695922851562 -0.66497802734375 0.1207275390625
0.0193729400634766 0.00864410400390625 -0.321136474609375 0.41876220703125
0.0103912353515625 0.000622749328613281 0.07342529296875 0.348114013671875
0.0173072814941406 -0.0045318603515625 0.286346435546875 0.15130615234375
0.0304908752441406 -0.00969696044921875 -0.259490966796875 -0.182083129882813
0.024169921875 -0.00421524047851563 -0.0211181640625 -0.36065673828125
0.0290927886962891 0.0143718719482422 0.362640380859375 -0.336578369140625
-0.00621986389160156 0.0209598541259766 0.6668701171875 0.05438232421875
-0.0325088500976563 -0.0179595947265625 0.377685546875 0.69866943359375
0.0169219970703125 -0.0529212951660156 -0.2635498046875 0.880126953125
0.0412254333496094 -0.00448989868164063 -0.507415771484375 0.401580810546875
0.0580635070800781 0.0223464965820312 0.0320396423339844 0.0415534973144531
0.0333614349365234 -0.0143318176269531 0.555694580078125 -0.421356201171875
0.0196666717529297 -0.0173549652099609 0.186767578125 -0.90045166015625
-0.00688505172729492 -0.00360345840454102 -0.58807373046875 -0.592529296875
-0.00504684448242188 -0.00430679321289062 -0.67327880859375 0.1005859375
0.02508544921875 0.00700569152832031 -0.332916259765625 0.411163330078125
0.0144805908203125 -0.00522899627685547 0.064910888671875 0.347869873046875
0.0196990966796875 -0.0112571716308594 0.284820556640625 0.153778076171875
0.0306224822998047 -0.00190544128417969 -0.276321411132813 -0.178176879882813
0.0107879638671875 0.0105648040771484 -0.046356201171875 -0.37127685546875
0.0155887603759766 0.0252323150634766 0.3319091796875 -0.389984130859375
-0.00958061218261719 0.0209445953369141 0.67083740234375 -0.052978515625
-0.0271377563476563 -0.0118656158447266 0.46728515625 0.601806640625
0.00861740112304687 -0.0338058471679688 -0.13775634765625 0.865234375
0.00325775146484375 0.0217227935791016 -0.46142578125 0.43927001953125
-0.00023651123046875 0.0406875610351562 0.0161972045898438 0.0556221008300781
-0.00121688842773438 0.0102548599243164 0.5841064453125 -0.3809814453125
0.0228404998779297 0.000875473022460938 0.28521728515625 -0.9022216796875
-0.00111842155456543 -0.00179624557495117 -0.5240478515625 -0.6796875
-0.0136756896972656 -0.000643730163574216 -0.67572021484375 0.01458740234375
0.00991439819335938 0.018951416015625 -0.358306884765625 0.3665771484375
0.00378990173339844 0.0130367279052734 0.047149658203125 0.33355712890625
0.0199337005615234 -0.00304985046386719 0.274734497070313 0.148483276367188
0.0281715393066406 0.000516891479492188 -0.274368286132813 -0.176925659179688
0.0104351043701172 0.0151214599609375 -0.0379638671875 -0.36810302734375
0.0121040344238281 0.0268726348876953 0.34423828125 -0.375518798828125
-0.0142593383789063 0.0203666687011719 0.672607421875 -0.02197265625
-0.0287799835205078 -0.0204715728759766 0.4366455078125 0.626708984375
0.0103034973144531 -0.0399208068847656 -0.18096923828125 0.86181640625
0.00564193725585938 0.0192852020263672 -0.471160888671875 0.419464111328125
0.00130081176757813 0.0395164489746094 0.0283927917480469 0.0483207702636719
0.00102376937866211 0.00818490982055664 0.5745849609375 -0.39984130859375
0.0221786499023438 -0.0080718994140625 0.2427978515625 -0.89910888671875
-0.00162839889526367 -0.00828981399536133 -0.54876708984375 -0.6429443359375
-0.0160093307495117 -0.00117778778076172 -0.66937255859375 0.048095703125
0.006622314453125 0.0180511474609375 -0.339324951171875 0.37939453125
0.001251220703125 0.0152301788330078 0.06024169921875 0.33392333984375
0.0154895782470703 0.00136089324951172 0.279830932617188 0.14453125
0.0270843505859375 0.00289154052734375 -0.269760131835938 -0.179183959960937
0.00937461853027344 0.0168695449829102 -0.029754638671875 -0.364288330078125
0.0101490020751953 0.0275192260742187 0.358154296875 -0.36175537109375
-0.0174465179443359 0.0178318023681641 0.67626953125 0.0115966796875
-0.0281887054443359 -0.0245590209960937 0.41204833984375 0.66009521484375
0.0141830444335937 -0.0466384887695312 -0.2169189453125 0.86566162109375
0.00920391082763672 0.0162172317504883 -0.480224609375 0.408172607421875
0.0058746337890625 0.0390243530273438 0.0389060974121094 0.0421562194824219
0.00394725799560547 0.00514936447143555 0.5625 -0.41943359375
0.0226173400878906 -0.0131034851074219 0.199951171875 -0.9041748046875
-0.00347709655761719 -0.0120859146118164 -0.57550048828125 -0.6126708984375
-0.0176773071289063 -0.00265693664550781 -0.66815185546875 0.07763671875
0.00493812561035156 0.0188922882080078 -0.3284912109375 0.39410400390625
0.00108432769775391 0.0168590545654297 0.067474365234375 0.337615966796875
0.0158624649047852 0.00427341461181641 0.281951904296875 0.14630126953125
0.025482177734375 0.00278472900390625 -0.2669677734375 -0.179946899414063
0.0117025375366211 0.0162429809570313 -0.021881103515625 -0.361175537109375
0.00874900817871094 0.0265407562255859 0.367767333984375 -0.343841552734375
-0.0187911987304688 0.0176544189453125 0.6710205078125 0.0433349609375
-0.0289039611816406 -0.0287933349609375 0.38134765625 0.68133544921875
0.0170516967773438 -0.05224609375 -0.253662109375 0.8634033203125
0.015223503112793 0.0127105712890625 -0.492218017578125 0.394775390625
0.0157279968261719 0.0360794067382813 0.0462875366210938 0.0373687744140625
0.00910854339599609 -0.000645637512207031 0.554168701171875 -0.4332275390625
0.0220565795898437 -0.0175418853759766 0.1673583984375 -0.90155029296875
-0.00516033172607422 -0.0142755508422852 -0.59576416015625 -0.580078125
-0.0179939270019531 -0.00146293640136719 -0.66162109375 0.107421875
0.00534152984619141 0.0171880722045898 -0.31341552734375 0.4083251953125
0.00379371643066406 0.0154438018798828 0.07684326171875 0.3406982421875
0.0140342712402344 0.00474166870117188 0.285430908203125 0.146636962890625
0.0240459442138672 0.00173377990722656 -0.263656616210938 -0.179885864257813
0.0130386352539063 0.0143604278564453 -0.01715087890625 -0.35748291015625
0.0121860504150391 0.0245380401611328 0.37359619140625 -0.33270263671875
-0.0169553756713867 0.0168857574462891 0.66925048828125 0.06597900390625
-0.0293979644775391 -0.0294990539550781 0.36187744140625 0.7021484375
0.0196037292480469 -0.0558547973632813 -0.27655029296875 0.8680419921875
0.023773193359375 0.00812911987304688 -0.499420166015625 0.387969970703125
0.0276756286621094 0.0325050354003906 0.050628662109375 0.0336494445800781
0.0155401229858398 -0.00554561614990234 0.54498291015625 -0.445556640625
0.0191154479980469 -0.0210475921630859 0.14251708984375 -0.90216064453125
-0.00766658782958984 -0.0142707824707031 -0.61083984375 -0.5614013671875
-0.0165319442749023 -0.00200366973876953 -0.65802001953125 0.126220703125
0.00810146331787109 0.01580810546875 -0.3074951171875 0.418792724609375
0.00472450256347656 0.0125026702880859 0.0816650390625 0.34326171875
0.0140600204467773 0.00214290618896484 0.2880859375 0.145416259765625
0.0246334075927734 -0.00274467468261719 -0.259811401367187 -0.177993774414062
0.0170097351074219 0.00949478149414063 -0.0177001953125 -0.3551025390625
0.0179023742675781 0.0209312438964844 0.3719482421875 -0.32720947265625
-0.0143966674804688 0.0181598663330078 0.666748046875 0.07305908203125
-0.0307483673095703 -0.0282306671142578 0.3585205078125 0.71087646484375
0.0201835632324219 -0.0577888488769531 -0.28466796875 0.869384765625
0.03045654296875 0.00176620483398437 -0.50439453125 0.3892822265625
0.0402870178222656 0.0292434692382812 0.0479164123535156 0.0340423583984375
0.0240955352783203 -0.00881767272949219 0.53912353515625 -0.4461669921875
0.0204868316650391 -0.0208797454833984 0.1343994140625 -0.90057373046875
-0.00778102874755859 -0.0128669738769531 -0.614013671875 -0.55364990234375
-0.0133724212646484 -0.00167369842529297 -0.6583251953125 0.13458251953125
0.0128269195556641 0.0131587982177734 -0.30657958984375 0.422576904296875
0.00639772415161133 0.00828361511230469 0.081146240234375 0.344085693359375
0.0158119201660156 0.0005035400390625 0.28729248046875 0.147705078125
0.0268516540527344 -0.0071868896484375 -0.26123046875 -0.177978515625
0.0210857391357422 0.00274085998535156 -0.020751953125 -0.356658935546875
0.0235462188720703 0.0180244445800781 0.365081787109375 -0.33001708984375
-0.010650634765625 0.0204906463623047 0.66351318359375 0.06573486328125
-0.03192138671875 -0.0235309600830078 0.36431884765625 0.70294189453125
0.0199546813964844 -0.058319091796875 -0.27532958984375 0.87445068359375
0.038177490234375 -0.001617431640625 -0.5050048828125 0.395538330078125
0.0518531799316406 0.0254936218261719 0.0415802001953125 0.0364418029785156
0.0298423767089844 -0.0139446258544922 0.541534423828125 -0.43927001953125
0.0209808349609375 -0.0203208923339844 0.14874267578125 -0.8990478515625
-0.00824451446533203 -0.00820398330688477 -0.607421875 -0.562255859375
-0.00855731964111328 -0.00191640853881836 -0.66131591796875 0.12945556640625
0.0190334320068359 0.00971221923828125 -0.311767578125 0.421356201171875
0.0101118087768555 0.000417709350585938 0.078765869140625 0.346466064453125
0.0170745849609375 -0.00594806671142578 0.28692626953125 0.1468505859375
0.0294227600097656 -0.0115337371826172 -0.261245727539063 -0.177490234375
0.0236167907714844 -0.00457763671875 -0.028106689453125 -0.356719970703125
0.02923583984375 0.0148334503173828 0.356903076171875 -0.338775634765625
-0.00521469116210938 0.0218772888183594 0.6627197265625 0.04681396484375
-0.0328845977783203 -0.0173110961914062 0.3839111328125 0.6888427734375
0.0171012878417969 -0.05438232421875 -0.2496337890625 0.87823486328125
0.0408363342285156 -0.00447463989257813 -0.502593994140625 0.40789794921875
0.0588912963867188 0.0223121643066406 0.029998779296875 0.0426292419433594
0.0347843170166016 -0.0135231018066406 0.548095703125 -0.425079345703125
0.0213756561279297 -0.0162277221679688 0.17327880859375 -0.89764404296875
-0.00634956359863281 -0.00371313095092773 -0.5914306640625 -0.5828857421875
-0.00551700592041016 -0.00319480895996094 -0.66888427734375 0.109619140625
0.0256099700927734 0.00620651245117188 -0.323974609375 0.4140625
0.0134162902832031 -0.00453662872314453 0.070281982421875 0.347015380859375
0.019317626953125 -0.0115604400634766 0.2850341796875 0.149200439453125
0.0307445526123047 -0.00275993347167969 -0.27764892578125 -0.172576904296875
0.0115671157836914 0.00879859924316406 -0.050872802734375 -0.367034912109375
0.0161552429199219 0.0244255065917969 0.32318115234375 -0.39093017578125
-0.00968170166015625 0.0226459503173828 0.6669921875 -0.06195068359375
-0.0273036956787109 -0.0100021362304687 0.4696044921875 0.59295654296875
0.00771522521972656 -0.0351352691650391 -0.128173828125 0.863525390625
0.00445556640625 0.0215702056884766 -0.454254150390625 0.44189453125
-3.81469726562511E-05 0.0403175354003906 0.01690673828125 0.0550308227539063
-0.000741958618164063 0.0114269256591797 0.57684326171875 -0.385498046875
0.0229263305664063 0.000711441040039063 0.27301025390625 -0.8992919921875
-0.00017237663269043 -0.00296235084533691 -0.52691650390625 -0.67205810546875
-0.014643669128418 -0.000225067138671876 -0.670654296875 0.0242309570312501
0.00966262817382812 0.0186767578125 -0.34912109375 0.367828369140625
0.00417423248291016 0.0117731094360352 0.0499267578125 0.330230712890625
0.018829345703125 -0.00462722778320313 0.276458740234375 0.144073486328125
0.0282192230224609 0.000789642333984375 -0.275833129882813 -0.171005249023437
0.00901317596435547 0.016077995300293 -0.043731689453125 -0.364013671875
0.0116748809814453 0.0272846221923828 0.33575439453125 -0.374481201171875
-0.01580810546875 0.0201740264892578 0.66650390625 -0.02752685546875
-0.0289649963378906 -0.0177078247070313 0.44091796875 0.61761474609375
0.0112152099609375 -0.0406646728515625 -0.16937255859375 0.8575439453125
0.00506591796875 0.0185413360595703 -0.46417236328125 0.423248291015625
-0.000236511230468749 0.04083251953125 0.0271873474121094 0.0488128662109375
-0.00112628936767578 0.00853300094604492 0.56817626953125 -0.40460205078125
0.0220184326171875 -0.00609397888183594 0.232177734375 -0.89703369140625
-0.00159120559692383 -0.00860929489135742 -0.55322265625 -0.632080078125
-0.0137014389038086 0.000183105468749999 -0.666015625 0.0549926757812499
0.00635528564453125 0.0188865661621094 -0.33367919921875 0.381439208984375
0.00110149383544922 0.0146217346191406 0.063934326171875 0.332000732421875
0.0163164138793945 0.00078582763671875 0.279739379882813 0.141006469726563
0.0267066955566406 0.00197219848632813 -0.27044677734375 -0.17388916015625
0.00895309448242188 0.0180644989013672 -0.0338134765625 -0.36138916015625
0.00934219360351563 0.0291309356689453 0.348907470703125 -0.361358642578125
-0.0172061920166016 0.0181884765625 0.66839599609375 0.00537109375
-0.0303859710693359 -0.0243854522705078 0.4151611328125 0.65240478515625
0.0132369995117187 -0.0457420349121094 -0.2061767578125 0.8626708984375
0.00863933563232422 0.0163593292236328 -0.4749755859375 0.41064453125
0.00757217407226562 0.0391082763671875 0.0398368835449219 0.04315185546875
0.00327396392822266 0.00506687164306641 0.554901123046875 -0.423736572265625
0.0217342376708984 -0.0122566223144531 0.1904296875 -0.902099609375
-0.00388431549072265 -0.0118646621704102 -0.58001708984375 -0.60125732421875
-0.0185089111328125 -0.002349853515625 -0.6612548828125 0.0880126953125
0.00491523742675781 0.0182533264160156 -0.3193359375 0.396331787109375
0.00272083282470703 0.0167303085327148 0.07012939453125 0.33514404296875
0.0147705078125 0.00346660614013672 0.28314208984375 0.14312744140625
0.0239620208740234 0.00205230712890625 -0.268966674804687 -0.174041748046875
0.0112857818603516 0.0163412094116211 -0.026885986328125 -0.355743408203125
0.0107383728027344 0.0274810791015625 0.35888671875 -0.345977783203125
-0.0183029174804688 0.0192203521728516 0.66656494140625 0.0357666015625
-0.0291252136230469 -0.0275592803955078 0.38629150390625 0.676513671875
0.0152969360351562 -0.0524787902832031 -0.24114990234375 0.86224365234375
0.0152702331542969 0.0125370025634766 -0.485015869140625 0.3983154296875
0.017181396484375 0.0366096496582031 0.046539306640625 0.0365791320800781
0.0108098983764648 0.00136184692382813 0.545135498046875 -0.436370849609375
0.0211009979248047 -0.0177059173583984 0.15618896484375 -0.8988037109375
-0.00636386871337891 -0.0144786834716797 -0.59912109375 -0.5684814453125
-0.0179462432861328 -0.00251960754394531 -0.65509033203125 0.11627197265625
0.00545883178710937 0.018646240234375 -0.30767822265625 0.41015625
0.00244426727294922 0.0167980194091797 0.080413818359375 0.3387451171875
0.0158052444458008 0.00286006927490234 0.28521728515625 0.1405029296875
0.0238780975341797 0.00055694580078125 -0.264114379882813 -0.174301147460937
0.0132408142089844 0.0131425857543945 -0.02349853515625 -0.35394287109375
0.0114250183105469 0.0229129791259766 0.365386962890625 -0.333099365234375
-0.0161418914794922 0.0187911987304688 0.6644287109375 0.05755615234375
-0.0301246643066406 -0.0311508178710937 0.36932373046875 0.6923828125
0.0193405151367187 -0.0572738647460938 -0.26373291015625 0.86553955078125
0.0222568511962891 0.00681877136230469 -0.492919921875 0.392578125
0.0288772583007813 0.0321674346923828 0.0502967834472656 0.0332412719726563
0.0156793594360352 -0.0058135986328125 0.536529541015625 -0.44830322265625
0.0202445983886719 -0.0204448699951172 0.13201904296875 -0.89630126953125
-0.00732231140136719 -0.0144004821777344 -0.6134033203125 -0.5506591796875
-0.0176601409912109 -0.00238037109375 -0.65081787109375 0.134765625
0.00990676879882813 0.0149354934692383 -0.2972412109375 0.419647216796875
0.00443172454833984 0.0119085311889648 0.084136962890625 0.338775634765625
0.0150737762451172 0.00298881530761719 0.287872314453125 0.14093017578125
0.0245761871337891 -0.00100135803222656 -0.261444091796875 -0.173812866210938
0.0164566040039063 0.00826835632324219 -0.02252197265625 -0.353363037109375
0.0181713104248047 0.0216064453125 0.36328125 -0.329986572265625
-0.0141639709472656 0.0192031860351563 0.66400146484375 0.0660400390625
-0.0323200225830078 -0.0273380279541016 0.3642578125 0.70367431640625
0.0200958251953125 -0.0591583251953125 -0.27362060546875 0.86956787109375
0.0314388275146484 0.00246810913085937 -0.497528076171875 0.39263916015625
0.0418624877929688 0.0287513732910156 0.0484352111816406 0.0335273742675781
0.0233020782470703 -0.00979804992675781 0.532623291015625 -0.448974609375
0.0184516906738281 -0.0222530364990234 0.1259765625 -0.89727783203125
-0.00896358489990234 -0.013148307800293 -0.61517333984375 -0.5413818359375
-0.0138740539550781 -0.00299739837646484 -0.65234375 0.143310546875
0.0140666961669922 0.0110912322998047 -0.299896240234375 0.423858642578125
0.00717973709106445 0.00630807876586914 0.08538818359375 0.341552734375
0.0151329040527344 -0.000206947326660156 0.288482666015625 0.14312744140625
0.0261211395263672 -0.00651168823242188 -0.262832641601563 -0.17303466796875
0.0207157135009766 0.00223541259765625 -0.024993896484375 -0.353759765625
0.0234642028808594 0.0170612335205078 0.35723876953125 -0.33343505859375
-0.00972557067871094 0.0204238891601562 0.66259765625 0.0577392578125
-0.0323257446289063 -0.0237216949462891 0.3729248046875 0.69427490234375
0.0190811157226562 -0.0596199035644531 -0.261474609375 0.86968994140625
0.0375328063964844 -0.00157928466796875 -0.499176025390625 0.398406982421875
0.0533905029296875 0.0245933532714844 0.0401611328125 0.0364875793457031
0.0296249389648438 -0.0118389129638672 0.53155517578125 -0.4417724609375
0.0201053619384766 -0.0204925537109375 0.13946533203125 -0.89471435546875
-0.00711727142333984 -0.00825023651123047 -0.6103515625 -0.55157470703125
-0.0101280212402344 -0.0030832290649414 -0.65496826171875 0.13702392578125
0.01971435546875 0.00820541381835937 -0.30523681640625 0.42333984375
0.0105733871459961 0.00212860107421875 0.081695556640625 0.343414306640625
0.0168867111206055 -0.00677299499511719 0.288238525390625 0.143524169921875
0.0301227569580078 -0.0110454559326172 -0.263259887695313 -0.17303466796875
0.0231418609619141 -0.00516510009765625 -0.03411865234375 -0.353973388671875
0.0297374725341797 0.0130710601806641 0.348907470703125 -0.3392333984375
-0.00457382202148437 0.0230159759521484 0.65972900390625 0.03887939453125
-0.0333900451660156 -0.0175189971923828 0.38946533203125 0.6834716796875
0.0151176452636719 -0.055511474609375 -0.23919677734375 0.87921142578125
0.0407295227050781 -0.0044403076171875 -0.49462890625 0.41094970703125
0.0584259033203125 0.0223007202148438 0.0296630859375 0.04095458984375
0.0340557098388672 -0.0130653381347656 0.53863525390625 -0.4293212890625
0.0218181610107422 -0.0173625946044922 0.1641845703125 -0.89532470703125
-0.00699615478515625 -0.00359201431274414 -0.59625244140625 -0.5731201171875
-0.00558185577392578 -0.00244283676147461 -0.6605224609375 0.1170654296875
0.0260543823242187 0.00553703308105469 -0.315765380859375 0.415985107421875
0.0123367309570313 -0.00446891784667969 0.074432373046875 0.34326171875
0.0186214447021484 -0.0117340087890625 0.285491943359375 0.143646240234375
0.0302333831787109 -0.00336074829101562 -0.27740478515625 -0.168167114257812
0.0114269256591797 0.0105190277099609 -0.05767822265625 -0.36474609375
0.0165843963623047 0.0233535766601563 0.3155517578125 -0.39154052734375
-0.00852584838867188 0.0223789215087891 0.66046142578125 -0.0654296875
-0.0278415679931641 -0.0114002227783203 0.473388671875 0.5855712890625
0.00933837890625 -0.0358161926269531 -0.11602783203125 0.8570556640625
0.00563812255859375 0.0225429534912109 -0.447601318359375 0.442718505859375
0.00108718872070312 0.04119873046875 0.0164108276367187 0.05438232421875
-0.00101947784423828 0.0133237838745117 0.569580078125 -0.38763427734375
0.0225811004638672 -0.0005645751953125 0.2633056640625 -0.89520263671875
-0.000415802001953125 -0.00255012512207031 -0.52935791015625 -0.66094970703125
-0.0144329071044922 -0.000373840332031249 -0.66754150390625 0.0313110351562501
0.00943756103515625 0.0184211730957031 -0.343048095703125 0.3701171875
0.00497055053710937 0.0117912292480469 0.054595947265625 0.32806396484375
0.0182285308837891 -0.00461578369140625 0.275909423828125 0.140701293945313
0.0278797149658203 -0.000514984130859375 -0.275985717773438 -0.167236328125
0.0104999542236328 0.0153064727783203 -0.05078125 -0.361053466796875
0.0126972198486328 0.0268630981445313 0.328399658203125 -0.3756103515625
-0.0147438049316406 0.0214042663574219 0.6602783203125 -0.03424072265625
-0.0287284851074219 -0.0174217224121094 0.44586181640625 0.61065673828125
0.0102767944335937 -0.0406417846679688 -0.1614990234375 0.853759765625
0.00522041320800781 0.0202789306640625 -0.4588623046875 0.424530029296875
0.00236892700195313 0.0416297912597656 0.0286369323730469 0.0454673767089844
5.05447387695302E-05 0.0105276107788086 0.558135986328125 -0.405059814453125
0.022705078125 -0.00686073303222656 0.2216796875 -0.89141845703125
-0.000310897827148438 -0.00874710083007813 -0.555908203125 -0.62353515625
-0.0157718658447266 5.43594360351582E-05 -0.658935546875 0.0620727539062499
0.00534629821777344 0.0202159881591797 -0.3253173828125 0.381256103515625
0.00411510467529297 0.0152826309204102 0.06646728515625 0.3314208984375
0.0149221420288086 0.000592231750488281 0.28094482421875 0.13677978515625
0.0259418487548828 0.00228691101074219 -0.271896362304688 -0.169692993164063
0.00975990295410156 0.0170326232910156 -0.039886474609375 -0.357269287109375
0.00907516479492188 0.0269622802734375 0.343994140625 -0.361358642578125
-0.0164604187011719 0.0197544097900391 0.66461181640625 -0.001220703125
-0.0292625427246094 -0.0223636627197266 0.41986083984375 0.6424560546875
0.0126380920410156 -0.0471878051757812 -0.19403076171875 0.85699462890625
0.00924491882324219 0.0171108245849609 -0.466033935546875 0.4132080078125
0.00724411010742187 0.0384101867675781 0.037750244140625 0.0420188903808594
0.0035395622253418 0.00702714920043945 0.54766845703125 -0.426727294921875
0.0227565765380859 -0.0125026702880859 0.17999267578125 -0.897216796875
-0.00360488891601563 -0.0129756927490234 -0.5811767578125 -0.59161376953125
-0.0192375183105469 -0.00234031677246094 -0.6563720703125 0.09417724609375
0.00494956970214844 0.0192050933837891 -0.313720703125 0.396636962890625
0.00230789184570313 0.0174684524536133 0.073883056640625 0.332275390625
0.0156841278076172 0.00284862518310547 0.28240966796875 0.137908935546875
0.0242595672607422 0.00217437744140625 -0.268020629882813 -0.169754028320313
0.0114469528198242 0.0170440673828125 -0.031036376953125 -0.35357666015625
0.010009765625 0.0244312286376953 0.351531982421875 -0.34619140625
-0.0181884765625 0.0193977355957031 0.66033935546875 0.03094482421875
-0.0307712554931641 -0.0276679992675781 0.39154052734375 0.66571044921875
0.015045166015625 -0.052764892578125 -0.23284912109375 0.85845947265625
0.0148735046386719 0.0132694244384766 -0.4769287109375 0.3984375
0.0175094604492188 0.0372390747070313 0.0457077026367187 0.036590576171875
0.010157585144043 0.00200939178466797 0.53704833984375 -0.43975830078125
0.0217418670654297 -0.0179824829101562 0.14892578125 -0.89239501953125
-0.00437450408935547 -0.0147647857666016 -0.60052490234375 -0.559326171875
-0.01898193359375 -0.00127410888671875 -0.65032958984375 0.1229248046875
0.00566864013671875 0.0172557830810547 -0.298370361328125 0.409088134765625
0.00357151031494141 0.0158796310424805 0.083831787109375 0.335174560546875
0.0135374069213867 0.00267982482910156 0.28631591796875 0.136871337890625
0.0231094360351563 0.00177001953125 -0.2647705078125 -0.169418334960938
0.0136508941650391 0.0129032135009766 -0.027496337890625 -0.350860595703125
0.0128860473632812 0.0252037048339844 0.357818603515625 -0.33367919921875
-0.0163917541503906 0.01904296875 0.6607666015625 0.051513671875
-0.0309677124023437 -0.0293350219726563 0.3724365234375 0.6868896484375
0.0185356140136719 -0.0569877624511719 -0.2535400390625 0.862060546875
0.0230941772460938 0.00750732421875 -0.486663818359375 0.394561767578125
0.0280685424804687 0.0333271026611328 0.0497283935546875 0.033477783203125
0.0153264999389648 -0.00411510467529297 0.52740478515625 -0.450347900390625
0.0209064483642578 -0.0206756591796875 0.12286376953125 -0.89288330078125
-0.00725173950195312 -0.0149288177490234 -0.61517333984375 -0.54046630859375
-0.0166473388671875 -0.0014200210571289 -0.64520263671875 0.14166259765625
0.00984764099121094 0.0154132843017578 -0.290985107421875 0.42132568359375
0.00516510009765625 0.0125389099121094 0.087890625 0.33734130859375
0.0145902633666992 0.00212955474853516 0.2884521484375 0.13763427734375
0.0241107940673828 -0.00204658508300781 -0.26153564453125 -0.168655395507813
0.0173616409301758 0.00796318054199219 -0.027435302734375 -0.349639892578125
0.0183238983154297 0.0208168029785156 0.358154296875 -0.33001708984375
-0.0144424438476563 0.0189628601074219 0.65802001953125 0.05816650390625
-0.0328922271728516 -0.0273971557617187 0.36810302734375 0.69482421875
0.0180320739746094 -0.0603561401367187 -0.26141357421875 0.8671875
0.0307731628417969 0.00165367126464844 -0.4898681640625 0.395172119140625
0.0430450439453125 0.0286216735839844 0.0472488403320313 0.031402587890625
0.0238494873046875 -0.00828170776367188 0.524383544921875 -0.4501953125
0.0203857421875 -0.0223102569580078 0.117431640625 -0.89263916015625
-0.00769519805908203 -0.0122470855712891 -0.61895751953125 -0.5328369140625
-0.0145645141601563 -0.00262165069580078 -0.64605712890625 0.1502685546875
0.0139074325561523 0.0116539001464844 -0.291259765625 0.423828125
0.00711488723754883 0.00703716278076172 0.088714599609375 0.339141845703125
0.0146198272705078 -0.00105953216552734 0.287353515625 0.137725830078125
0.0257816314697266 -0.00589370727539063 -0.263046264648438 -0.169097900390625
0.0196266174316406 0.000631332397460938 -0.0299072265625 -0.350433349609375
0.0240955352783203 0.0184974670410156 0.35076904296875 -0.332305908203125
-0.0096893310546875 0.0212287902832031 0.6566162109375 0.05340576171875
-0.0330028533935547 -0.0227870941162109 0.3748779296875 0.68896484375
0.0183563232421875 -0.05926513671875 -0.25360107421875 0.8687744140625
0.0382957458496094 -0.0027618408203125 -0.49237060546875 0.399932861328125
0.0528564453125 0.0259170532226563 0.0395317077636719 0.0360679626464844
0.0304012298583984 -0.0115909576416016 0.5250244140625 -0.444122314453125
0.0212726593017578 -0.0206222534179688 0.1312255859375 -0.89031982421875
-0.00799989700317383 -0.00826835632324219 -0.61102294921875 -0.54119873046875
-0.00942707061767578 -0.002410888671875 -0.64892578125 0.14251708984375
0.0191287994384766 0.00815963745117188 -0.29595947265625 0.42242431640625
0.0106191635131836 0.000585556030273438 0.08599853515625 0.340911865234375
0.0157241821289063 -0.00632858276367187 0.28875732421875 0.13995361328125
0.0289516448974609 -0.0104179382324219 -0.263504028320313 -0.168899536132813
0.0231761932373047 -0.00570487976074219 -0.037353515625 -0.35009765625
0.030487060546875 0.0127754211425781 0.342742919921875 -0.3394775390625
-0.00473594665527344 0.0236682891845703 0.65362548828125 0.0318603515625
-0.0331497192382813 -0.0147495269775391 0.39434814453125 0.6749267578125
0.0158157348632813 -0.0561485290527344 -0.229736328125 0.8717041015625
0.0407981872558594 -0.00474929809570313 -0.48760986328125 0.4129638671875
0.0596466064453125 0.0216064453125 0.030517578125 0.0404586791992188
0.0332088470458984 -0.0124530792236328 0.52880859375 -0.431915283203125
0.0217075347900391 -0.0154685974121094 0.15545654296875 -0.8896484375
-0.00698089599609375 -0.0021810531616211 -0.59857177734375 -0.561279296875
-0.00597286224365234 -0.00163555145263672 -0.6556396484375 0.123779296875
0.0254135131835938 0.00469207763671875 -0.3087158203125 0.416473388671875
0.0139198303222656 -0.00461101531982422 0.07879638671875 0.34100341796875
0.0179271697998047 -0.0111637115478516 0.285430908203125 0.139129638671875
0.0305080413818359 -0.00302696228027344 -0.2789306640625 -0.162872314453125
0.011622428894043 0.00912284851074219 -0.060943603515625 -0.360687255859375
0.0162220001220703 0.0240268707275391 0.3089599609375 -0.389801025390625
-0.00880241394042969 0.0222225189208984 0.6539306640625 -0.0694580078125
-0.0281696319580078 -0.00934600830078126 0.47491455078125 0.577880859375
0.00809097290039062 -0.0360946655273438 -0.10986328125 0.85211181640625
0.00501441955566406 0.0221500396728516 -0.441253662109375 0.442230224609375
0.00165939331054687 0.0413856506347656 0.0164947509765625 0.0541648864746094
-0.000475883483886719 0.0136165618896484 0.562744140625 -0.38812255859375
0.0229053497314453 -0.000288009643554688 0.25531005859375 -0.88873291015625
-0.00084376335144043 -0.00328254699707031 -0.53179931640625 -0.65081787109375
-0.013850212097168 0.00126171112060547 -0.66302490234375 0.0372314453125
0.0106143951416016 0.0176258087158203 -0.3353271484375 0.3701171875
0.00465202331542969 0.0124502182006836 0.056884765625 0.32708740234375
0.0183906555175781 -0.00495529174804688 0.276321411132813 0.136962890625
0.0262718200683594 -0.000501632690429688 -0.27679443359375 -0.162322998046875
0.0106773376464844 0.0149765014648438 -0.05126953125 -0.35638427734375
0.0116214752197266 0.0260429382324219 0.321807861328125 -0.374114990234375
-0.0141544342041016 0.0214309692382812 0.6541748046875 -0.037109375
-0.0286846160888672 -0.0162677764892578 0.44512939453125 0.602294921875
0.0093841552734375 -0.0423088073730469 -0.1507568359375 0.84564208984375
0.00489044189453125 0.0200271606445313 -0.451446533203125 0.425933837890625
0.00236129760742188 0.0422401428222656 0.0270767211914063 0.0473976135253906
0.000488281250000001 0.0110149383544922 0.552886962890625 -0.406707763671875
0.0230045318603516 -0.00642204284667969 0.214599609375 -0.88653564453125
-0.00196933746337891 -0.00916385650634766 -0.55718994140625 -0.6126708984375
-0.0163135528564453 -0.000416755676269531 -0.6536865234375 0.0689086914062501
0.00697898864746094 0.0182628631591797 -0.318450927734375 0.38226318359375
0.00358200073242187 0.0157880783081055 0.070098876953125 0.3267822265625
0.0158872604370117 0.0005645751953125 0.280914306640625 0.134185791015625
0.0257453918457031 0.00304412841796875 -0.271514892578125 -0.165512084960938
0.010594367980957 0.017237663269043 -0.0430908203125 -0.353546142578125
0.0101127624511719 0.0269393920898438 0.336395263671875 -0.359710693359375
-0.0165042877197266 0.0202102661132812 0.6580810546875 -0.0072021484375
-0.0299320220947266 -0.0217533111572266 0.42169189453125 0.635498046875
0.0128517150878906 -0.0476341247558594 -0.1878662109375 0.85369873046875
0.00890636444091797 0.0169401168823242 -0.4608154296875 0.413330078125
0.00914382934570313 0.0400505065917969 0.0374069213867188 0.0401229858398438
0.00443220138549805 0.007110595703125 0.53900146484375 -0.4261474609375
0.0225200653076172 -0.0126914978027344 0.17333984375 -0.89031982421875
-0.0042572021484375 -0.012934684753418 -0.58282470703125 -0.58172607421875
-0.0192489624023437 -0.00109100341796875 -0.651123046875 0.0992431640625001
0.00605201721191406 0.0175533294677734 -0.30523681640625 0.39666748046875
0.00213241577148438 0.016693115234375 0.077056884765625 0.330352783203125
0.0149784088134766 0.00196075439453125 0.281402587890625 0.134857177734375
0.0234432220458984 0.00197219848632813 -0.26873779296875 -0.164840698242188
0.011225700378418 0.0165414810180664 -0.03533935546875 -0.350311279296875
0.0101070404052734 0.0259151458740234 0.345672607421875 -0.34405517578125
-0.0170936584472656 0.0188407897949219 0.6556396484375 0.0245361328125
-0.0305004119873047 -0.0266952514648437 0.39337158203125 0.65911865234375
0.0150680541992188 -0.0531158447265625 -0.2227783203125 0.852783203125
0.0148849487304688 0.0127477645874023 -0.473175048828125 0.399200439453125
0.0174064636230469 0.0371513366699219 0.0450477600097656 0.0350875854492188
0.00954246520996094 0.00207328796386719 0.52947998046875 -0.43841552734375
0.0211009979248047 -0.0169773101806641 0.142578125 -0.88641357421875
-0.00588035583496094 -0.0150852203369141 -0.6007080078125 -0.5487060546875
-0.0184879302978516 -0.000398635864257809 -0.6436767578125 0.1270751953125
0.00623607635498047 0.0167560577392578 -0.290313720703125 0.409942626953125
0.004150390625 0.015620231628418 0.08599853515625 0.33087158203125
0.0137786865234375 0.00349998474121094 0.286041259765625 0.13372802734375
0.02191162109375 0.00114059448242188 -0.265106201171875 -0.165313720703125
0.0135860443115234 0.0134849548339844 -0.031524658203125 -0.348052978515625
0.0128498077392578 0.0241966247558594 0.35235595703125 -0.33416748046875
-0.0166606903076172 0.0195121765136719 0.65496826171875 0.04461669921875
-0.0316753387451172 -0.0279502868652344 0.37542724609375 0.678955078125
0.0179901123046875 -0.0574569702148437 -0.24639892578125 0.85711669921875
0.022186279296875 0.00800514221191406 -0.48046875 0.39471435546875
0.0302410125732422 0.0327472686767578 0.0482330322265625 0.0323333740234375
0.0165081024169922 -0.00296688079833984 0.521209716796875 -0.44793701171875
0.0212612152099609 -0.0204200744628906 0.11669921875 -0.88677978515625
-0.00752925872802734 -0.0142192840576172 -0.61492919921875 -0.5311279296875
-0.017064094543457 -0.00163841247558594 -0.638427734375 0.14605712890625
0.009246826171875 0.0150165557861328 -0.2847900390625 0.42022705078125
0.00570392608642578 0.0117778778076172 0.089691162109375 0.334075927734375
0.013981819152832 0.00212478637695313 0.2869873046875 0.133331298828125
0.0238418579101563 -0.00279045104980469 -0.263046264648438 -0.165664672851563
0.0166492462158203 0.00732803344726563 -0.03076171875 -0.344879150390625
0.0179042816162109 0.0210037231445313 0.350616455078125 -0.329193115234375
-0.0144729614257812 0.0199985504150391 0.65301513671875 0.0537109375
-0.0323562622070313 -0.0263843536376953 0.37005615234375 0.6873779296875
0.0184974670410156 -0.0600433349609375 -0.25360107421875 0.8614501953125
0.0308609008789063 0.00268173217773438 -0.485198974609375 0.39569091796875
0.042236328125 0.0290451049804688 0.0464820861816406 0.0315170288085938
0.0232925415039063 -0.00771331787109375 0.516754150390625 -0.44964599609375
0.0200061798095703 -0.020751953125 0.11102294921875 -0.88641357421875
-0.0079202651977539 -0.0131454467773438 -0.6168212890625 -0.52362060546875
-0.0140867233276367 -0.00177192687988281 -0.63946533203125 0.15509033203125
0.0140781402587891 0.0112781524658203 -0.283172607421875 0.424285888671875
0.00818252563476563 0.00684309005737305 0.091705322265625 0.335174560546875
0.0145034790039063 -0.00169277191162109 0.288604736328125 0.13446044921875
0.0254650115966797 -0.00620079040527344 -0.263031005859375 -0.163833618164063
0.0194835662841797 0.00130081176757813 -0.0338134765625 -0.345977783203125
0.0233688354492188 0.0170841217041016 0.344085693359375 -0.330169677734375
-0.00960922241210938 0.0212593078613281 0.6505126953125 0.046875
-0.0331192016601563 -0.0221157073974609 0.3770751953125 0.6806640625
0.0175132751464844 -0.0587921142578125 -0.24462890625 0.8642578125
0.0370750427246094 -0.00242233276367188 -0.486724853515625 0.402099609375
0.0532455444335938 0.0252799987792969 0.0394935607910156 0.0343360900878906
0.0295658111572266 -0.0101261138916016 0.51776123046875 -0.444366455078125
0.0204105377197266 -0.0198650360107422 0.12322998046875 -0.8851318359375
-0.00722599029541016 -0.0087890625 -0.611572265625 -0.53106689453125
-0.010035514831543 -0.00236320495605469 -0.642822265625 0.1480712890625
0.0194892883300781 0.00749015808105469 -0.288665771484375 0.42364501953125
0.0112533569335938 0.00105667114257813 0.08880615234375 0.337249755859375
0.0156517028808594 -0.00613784790039063 0.2884521484375 0.135040283203125
0.0286197662353516 -0.0110664367675781 -0.263519287109375 -0.16265869140625
0.0234394073486328 -0.00561332702636719 -0.040985107421875 -0.3465576171875
0.0302181243896484 0.0127143859863281 0.33538818359375 -0.3387451171875
-0.00441360473632813 0.0237884521484375 0.6484375 0.02813720703125
-0.0333652496337891 -0.0155220031738281 0.395751953125 0.66619873046875
0.0154571533203125 -0.05572509765625 -0.21990966796875 0.8692626953125
0.0407752990722656 -0.00464248657226563 -0.482208251953125 0.413970947265625
0.05975341796875 0.0225906372070313 0.0292243957519531 0.0397148132324219
0.0337448120117188 -0.0113239288330078 0.52349853515625 -0.432037353515625
0.0212383270263672 -0.0158824920654297 0.14788818359375 -0.8848876953125
-0.00717401504516602 -0.0033106803894043 -0.5975341796875 -0.5528564453125
-0.00676488876342773 -0.00269556045532227 -0.650146484375 0.12994384765625
0.0251197814941406 0.00434303283691406 -0.30181884765625 0.4169921875
0.0136394500732422 -0.00478363037109375 0.080718994140625 0.337493896484375
0.017791748046875 -0.0118236541748047 0.28582763671875 0.1358642578125
0.0301761627197266 -0.00321578979492188 -0.27777099609375 -0.159225463867187
0.0116195678710938 0.00966167449951172 -0.065521240234375 -0.355804443359375
0.0160884857177734 0.0238304138183594 0.302001953125 -0.38836669921875
-0.00845909118652344 0.0242862701416016 0.64593505859375 -0.07366943359375
-0.0286273956298828 -0.00950813293457032 0.47430419921875 0.57012939453125
0.00809097290039063 -0.0356521606445313 -0.10528564453125 0.84576416015625
0.005401611328125 0.0222549438476563 -0.436279296875 0.441741943359375
0.00282669067382812 0.042022705078125 0.0154762268066406 0.0540122985839844
-0.00145053863525391 0.0144691467285156 0.55609130859375 -0.388153076171875
0.0233421325683594 -0.000581741333007813 0.2474365234375 -0.88543701171875
-0.000840663909912109 -0.00368809700012207 -0.53265380859375 -0.64129638671875
-0.0145149230957031 0.00110626220703125 -0.65655517578125 0.04290771484375
0.00980758666992187 0.0164175033569336 -0.330291748046875 0.37103271484375
0.00491428375244141 0.0128011703491211 0.05828857421875 0.323455810546875
0.0174732208251953 -0.00421524047851562 0.275772094726563 0.133865356445313
0.0272636413574219 -2.09808349609375E-05 -0.2772216796875 -0.15838623046875
0.0109958648681641 0.0140953063964844 -0.055450439453125 -0.352325439453125
0.0120716094970703 0.0257492065429688 0.31536865234375 -0.371429443359375
-0.0132637023925781 0.0220890045166016 0.64862060546875 -0.04254150390625
-0.0287208557128906 -0.0162372589111328 0.44635009765625 0.59576416015625
0.0099334716796875 -0.0422248840332031 -0.14642333984375 0.8416748046875
0.00617218017578125 0.0207405090332031 -0.44781494140625 0.424652099609375
0.00356674194335938 0.0418853759765625 0.0266342163085937 0.0477256774902344
0.000225067138671875 0.0116462707519531 0.54638671875 -0.405487060546875
0.0233325958251953 -0.00626182556152344 0.20965576171875 -0.88092041015625
-0.00161647796630859 -0.00917339324951172 -0.5560302734375 -0.60552978515625
-0.0166425704956055 -1.71661376953153E-05 -0.64849853515625 0.07403564453125
0.00719070434570312 0.0180873870849609 -0.313201904296875 0.38177490234375
0.00395393371582031 0.0139150619506836 0.071258544921875 0.325958251953125
0.0140275955200195 0.000178337097167969 0.279922485351563 0.131103515625
0.0257835388183594 0.00194549560546875 -0.271499633789063 -0.160964965820312
0.0105419158935547 0.0163764953613281 -0.045745849609375 -0.349395751953125
0.0103378295898437 0.0271625518798828 0.32977294921875 -0.359588623046875
-0.0165634155273438 0.0206451416015625 0.65118408203125 -0.00994873046875
-0.0306758880615234 -0.0217914581298828 0.42022705078125 0.629150390625
0.0117721557617188 -0.0480766296386719 -0.1815185546875 0.8482666015625
0.00951004028320313 0.0176849365234375 -0.456939697265625 0.41241455078125
0.00900268554687499 0.0404853820800781 0.0369071960449219 0.0400352478027344
0.00413227081298828 0.00822544097900391 0.533111572265625 -0.423919677734375
0.0232734680175781 -0.0125770568847656 0.1673583984375 -0.8846435546875
-0.00397682189941406 -0.0132732391357422 -0.58074951171875 -0.57403564453125
-0.0186042785644531 -0.000322341918945315 -0.64544677734375 0.10357666015625
0.00568008422851562 0.0175857543945313 -0.3009033203125 0.396820068359375
0.00313472747802734 0.0170974731445313 0.07867431640625 0.3280029296875
0.0147371292114258 0.00161457061767578 0.28240966796875 0.13250732421875
0.0234127044677734 0.00253677368164063 -0.268325805664063 -0.1611328125
0.0112237930297852 0.0163516998291016 -0.038665771484375 -0.346710205078125
0.0100440979003906 0.0263652801513672 0.340240478515625 -0.344085693359375
-0.0175266265869141 0.0199928283691406 0.65008544921875 0.0198974609375
-0.0311336517333984 -0.0267887115478516 0.3936767578125 0.65191650390625
0.0143928527832031 -0.0537033081054688 -0.21746826171875 0.84698486328125
0.0151443481445313 0.0133304595947266 -0.467926025390625 0.399749755859375
0.0180587768554687 0.0370826721191406 0.044586181640625 0.0349769592285156
0.0100488662719727 0.0031280517578125 0.523529052734375 -0.4385986328125
0.0215835571289063 -0.0171165466308594 0.1363525390625 -0.88116455078125
-0.00511741638183594 -0.0151004791259766 -0.59906005859375 -0.5404052734375
-0.0192737579345703 8.77380371093733E-05 -0.63677978515625 0.1319580078125
0.00654888153076172 0.0168342590332031 -0.286224365234375 0.408935546875
0.00395011901855469 0.0151224136352539 0.089111328125 0.328277587890625
0.01275634765625 0.00312614440917969 0.285400390625 0.12933349609375
0.0228404998779297 0.000965118408203125 -0.264739990234375 -0.161376953125
0.0137310028076172 0.0132122039794922 -0.0347900390625 -0.3431396484375
0.0127639770507813 0.0241355895996094 0.346405029296875 -0.3330078125
-0.0158557891845703 0.0203399658203125 0.649658203125 0.0418701171875
-0.0322399139404297 -0.0279216766357422 0.3756103515625 0.67279052734375
0.0167503356933594 -0.0576210021972656 -0.23883056640625 0.8511962890625
0.0229873657226563 0.00804328918457031 -0.47412109375 0.393341064453125
0.0301456451416016 0.0333614349365234 0.0473289489746094 0.0315208435058594
0.0169210433959961 -0.00236129760742188 0.51348876953125 -0.447662353515625
0.0207328796386719 -0.0202960968017578 0.11163330078125 -0.88037109375
-0.00734615325927734 -0.0149354934692383 -0.61236572265625 -0.52276611328125
-0.0172786712646484 -0.000884056091308596 -0.63397216796875 0.15155029296875
0.00931644439697265 0.0144567489624023 -0.279022216796875 0.420074462890625
0.00603199005126953 0.01171875 0.092742919921875 0.331146240234375
0.0129566192626953 0.00127983093261719 0.285980224609375 0.130889892578125
0.0236091613769531 -0.0016632080078125 -0.262893676757813 -0.1611328125
0.0164508819580078 0.00855350494384766 -0.034912109375 -0.34161376953125
0.017425537109375 0.0207157135009766 0.34576416015625 -0.328521728515625
-0.0134010314941406 0.0206546783447266 0.64715576171875 0.05035400390625
-0.0330867767333984 -0.0258598327636719 0.371337890625 0.6798095703125
0.0168228149414062 -0.0598831176757813 -0.246337890625 0.85455322265625
0.030914306640625 0.00206375122070313 -0.47998046875 0.395111083984375
0.0424156188964844 0.0286369323730469 0.0462989807128906 0.0306282043457031
0.0237503051757813 -0.00709915161132813 0.509307861328125 -0.44952392578125
0.0203990936279297 -0.0216236114501953 0.10455322265625 -0.87921142578125
-0.00809955596923828 -0.0124416351318359 -0.61590576171875 -0.51495361328125
-0.0146503448486328 -0.00137424468994141 -0.63262939453125 0.1575927734375
0.0142860412597656 0.0114946365356445 -0.279052734375 0.421844482421875
0.0077977180480957 0.00649452209472656 0.09405517578125 0.3319091796875
0.0134096145629883 -0.00168228149414063 0.28631591796875 0.1319580078125
0.0254001617431641 -0.0066375732421875 -0.262969970703125 -0.160934448242188
0.0197582244873047 0.00154304504394531 -0.037567138671875 -0.341278076171875
0.0235710144042969 0.0168094635009766 0.340240478515625 -0.329803466796875
-0.0086669921875 0.0225315093994141 0.6461181640625 0.04248046875
-0.0338077545166016 -0.0215930938720703 0.378173828125 0.67254638671875
0.0173225402832031 -0.0595436096191406 -0.2366943359375 0.85894775390625
0.0372886657714844 -0.00202178955078125 -0.47991943359375 0.402069091796875
0.0533370971679687 0.0251045227050781 0.0387725830078125 0.0341529846191406
0.0302982330322266 -0.0100421905517578 0.510009765625 -0.44403076171875
0.0207614898681641 -0.0197639465332031 0.11798095703125 -0.87750244140625
-0.00875377655029297 -0.00902175903320313 -0.6082763671875 -0.5228271484375
-0.0105190277099609 -0.00188636779785156 -0.63580322265625 0.15277099609375
0.0189075469970703 0.00766181945800781 -0.28216552734375 0.42095947265625
0.010991096496582 0.00119113922119141 0.089111328125 0.33367919921875
0.0151615142822266 -0.00676631927490234 0.286590576171875 0.132110595703125
0.0275211334228516 -0.0102310180664063 -0.262466430664063 -0.15948486328125
0.022186279296875 -0.00481033325195313 -0.045257568359375 -0.343017578125
0.0296878814697266 0.0126895904541016 0.331085205078125 -0.3358154296875
-0.00419425964355469 0.0248355865478516 0.64215087890625 0.02520751953125
-0.0334529876708984 -0.0151214599609375 0.3984375 0.6611328125
0.0153999328613281 -0.0558738708496094 -0.21246337890625 0.8626708984375
0.0410575866699219 -0.00493621826171875 -0.477813720703125 0.412750244140625
0.0597610473632812 0.0227241516113281 0.0282821655273438 0.0393104553222656
0.0345668792724609 -0.0105266571044922 0.5155029296875 -0.430816650390625
0.0214424133300781 -0.0165939331054688 0.14300537109375 -0.8779296875
-0.00597286224365234 -0.00409603118896484 -0.59588623046875 -0.5452880859375
-0.00615978240966797 -0.00227451324462891 -0.64239501953125 0.134765625
0.0253543853759766 0.00430870056152344 -0.296539306640625 0.415313720703125
0.0138778686523438 -0.00486469268798828 0.0826416015625 0.334503173828125
0.0162639617919922 -0.011693000793457 0.284698486328125 0.133026123046875
0.0295524597167969 -0.00366592407226563 -0.27691650390625 -0.15533447265625
0.0115394592285156 0.00909423828125 -0.06732177734375 -0.352294921875
0.0157108306884766 0.0237312316894531 0.298126220703125 -0.38519287109375
-0.00826263427734375 0.0245380401611328 0.64117431640625 -0.07598876953125
-0.0295124053955078 -0.00866317749023438 0.47296142578125 0.56597900390625
0.00759506225585938 -0.0368690490722656 -0.10089111328125 0.8404541015625
0.00613021850585937 0.0228805541992188 -0.43121337890625 0.439727783203125
0.0027618408203125 0.0425033569335938 0.0151901245117188 0.0540046691894531
-0.000120162963867189 0.0149831771850586 0.5489501953125 -0.3876953125
0.0235252380371094 -0.000461578369140625 0.243896484375 -0.8797607421875
-0.000236034393310547 -0.00361156463623047 -0.52923583984375 -0.63385009765625
-0.0138740539550781 0.00212669372558593 -0.65106201171875 0.0454711914062501
0.0109138488769531 0.0170803070068359 -0.32440185546875 0.3695068359375
0.00676155090332031 0.0115718841552734 0.059967041015625 0.32086181640625
0.0176734924316406 -0.00490570068359375 0.27520751953125 0.130950927734375
0.0267925262451172 -0.000436782836914063 -0.276168823242187 -0.15533447265625
0.00988006591796875 0.0146417617797852 -0.056884765625 -0.349456787109375
0.0121994018554687 0.0262660980224609 0.310882568359375 -0.37030029296875
-0.0134830474853516 0.0231723785400391 0.642333984375 -0.0439453125
-0.0293045043945312 -0.0158214569091797 0.4442138671875 0.591796875
0.00872039794921875 -0.0429458618164062 -0.14044189453125 0.83721923828125
0.0062255859375 0.0206146240234375 -0.443145751953125 0.423065185546875
0.00391006469726563 0.0422210693359375 0.0249366760253906 0.0460433959960938
-0.000156402587890625 0.0132665634155273 0.53961181640625 -0.40386962890625
0.0230064392089844 -0.00769615173339844 0.2054443359375 -0.87359619140625
-0.00266742706298828 -0.00954532623291016 -0.55401611328125 -0.59783935546875
-0.0184803009033203 0.000314712524414064 -0.64263916015625 0.0759277343749999
0.00699710845947266 0.01690673828125 -0.30657958984375 0.3812255859375
0.00384712219238281 0.0146713256835938 0.073455810546875 0.323455810546875
0.0132436752319336 -0.000815391540527344 0.27911376953125 0.126617431640625
0.0244197845458984 0.0016632080078125 -0.271316528320313 -0.157867431640625
0.00961971282958984 0.0163564682006836 -0.048309326171875 -0.346832275390625
0.0102596282958984 0.026519775390625 0.32568359375 -0.356597900390625
-0.0159568786621094 0.0215187072753906 0.64617919921875 -0.01123046875
-0.0300731658935547 -0.0211257934570313 0.4210205078125 0.6240234375
0.0116157531738281 -0.0493507385253906 -0.17535400390625 0.842529296875
0.00906848907470703 0.0175294876098633 -0.45220947265625 0.41082763671875
0.00970840454101563 0.0412025451660156 0.0354347229003906 0.040069580078125
0.00458812713623047 0.00896835327148438 0.527374267578125 -0.422882080078125
0.0223159790039063 -0.0118656158447266 0.16448974609375 -0.8792724609375
-0.00390434265136719 -0.0129671096801758 -0.57952880859375 -0.56610107421875
-0.0186119079589844 0.000888824462890627 -0.63873291015625 0.10693359375
0.00570106506347656 0.0173892974853516 -0.29449462890625 0.395599365234375
0.00359916687011719 0.0165138244628906 0.08026123046875 0.325225830078125
0.0139541625976562 0.00184345245361328 0.28106689453125 0.129714965820313
0.0234527587890625 0.00269126892089844 -0.2694091796875 -0.15826416015625
0.0106115341186523 0.0159358978271484 -0.04107666015625 -0.3427734375
0.0105228424072266 0.0250625610351563 0.33355712890625 -0.3409423828125
-0.0157356262207031 0.0212230682373047 0.644287109375 0.01861572265625
-0.0307102203369141 -0.0256233215332031 0.39483642578125 0.6488037109375
0.0131263732910156 -0.0549201965332031 -0.21185302734375 0.8427734375
0.0148887634277344 0.0132637023925781 -0.46282958984375 0.399658203125
0.0184974670410156 0.0380744934082031 0.0446357727050781 0.0345306396484375
0.00973987579345703 0.00384521484375 0.51727294921875 -0.4356689453125
0.0215053558349609 -0.0170459747314453 0.13275146484375 -0.875
-0.00596141815185547 -0.0150203704833984 -0.59649658203125 -0.53436279296875
-0.019073486328125 -0.000165939331054686 -0.6322021484375 0.13427734375
0.006317138671875 0.017064094543457 -0.28094482421875 0.4072265625
0.00438308715820313 0.0154342651367187 0.08929443359375 0.325958251953125
0.0123977661132813 0.00181102752685547 0.2843017578125 0.128265380859375
0.0218772888183594 0.000913619995117188 -0.264663696289063 -0.15875244140625
0.0137214660644531 0.0126132965087891 -0.0380859375 -0.339080810546875
0.0125522613525391 0.0238285064697266 0.34088134765625 -0.331329345703125
-0.0154628753662109 0.0200176239013672 0.64398193359375 0.0391845703125
-0.0318450927734375 -0.0266876220703125 0.37652587890625 0.66595458984375
0.0164947509765625 -0.0587921142578125 -0.23284912109375 0.845703125
0.0227947235107422 0.00895881652832031 -0.470977783203125 0.394073486328125
0.0304813385009766 0.0341262817382813 0.0473518371582031 0.0308113098144531
0.0164880752563477 -0.000640869140625 0.50799560546875 -0.446533203125
0.0210247039794922 -0.0207252502441406 0.10955810546875 -0.8756103515625
-0.00709915161132813 -0.0144252777099609 -0.6102294921875 -0.51422119140625
-0.0174770355224609 -0.000909805297851563 -0.62799072265625 0.15216064453125
0.00951480865478516 0.0141887664794922 -0.273712158203125 0.4173583984375
0.00636672973632812 0.0122470855712891 0.09417724609375 0.328216552734375
0.0133190155029297 0.00164985656738281 0.285369873046875 0.128082275390625
0.0233650207519531 -0.00224494934082031 -0.262741088867187 -0.158203125
0.0170021057128906 0.00680065155029297 -0.037353515625 -0.338226318359375
0.0172748565673828 0.0212688446044922 0.340911865234375 -0.3262939453125
-0.0128269195556641 0.0213222503662109 0.64312744140625 0.04742431640625
-0.0330276489257813 -0.0252628326416016 0.37127685546875 0.67431640625
0.0170249938964844 -0.0607261657714844 -0.24139404296875 0.849365234375
0.0306873321533203 0.0031585693359375 -0.47467041015625 0.394927978515625
0.0425834655761719 0.028839111328125 0.0454559326171875 0.0316619873046875
0.0238323211669922 -0.00676155090332031 0.50311279296875 -0.44775390625
0.0206794738769531 -0.0217571258544922 0.10174560546875 -0.87359619140625
-0.00891494750976563 -0.0123186111450195 -0.61212158203125 -0.50909423828125
-0.014373779296875 -0.000812530517578122 -0.62744140625 0.16082763671875
0.0146121978759766 0.00946235656738281 -0.273101806640625 0.421142578125
0.00878334045410156 0.0068359375 0.09503173828125 0.329833984375
0.0141925811767578 -0.00182247161865234 0.28564453125 0.1287841796875
0.0248832702636719 -0.00712966918945312 -0.26220703125 -0.157562255859375
0.018890380859375 0.00105857849121094 -0.040191650390625 -0.338134765625
0.0233421325683594 0.0168476104736328 0.33416748046875 -0.327484130859375
-0.0081787109375 0.0229301452636719 0.64056396484375 0.0406494140625
-0.0337543487548828 -0.0206241607666016 0.3797607421875 0.668212890625
0.0163612365722656 -0.0600776672363281 -0.23095703125 0.8544921875
0.0368309020996094 -0.000873565673828125 -0.476287841796875 0.399200439453125
0.0529251098632813 0.0261955261230469 0.0367660522460937 0.033721923828125
0.0301170349121094 -0.00938224792480469 0.504638671875 -0.44146728515625
0.0205192565917969 -0.02105712890625 0.1136474609375 -0.8717041015625
-0.00848388671875 -0.00958347320556641 -0.6070556640625 -0.5167236328125
-0.0108985900878906 -0.00181484222412109 -0.63067626953125 0.15460205078125
0.0192699432373047 0.00734901428222656 -0.278839111328125 0.42071533203125
0.0114622116088867 0.00121784210205078 0.092620849609375 0.3311767578125
0.0145425796508789 -0.00652027130126953 0.2862548828125 0.1295166015625
0.0272560119628906 -0.0100746154785156 -0.262771606445313 -0.15667724609375
0.0226631164550781 -0.0063018798828125 -0.0460205078125 -0.33935546875
0.02911376953125 0.0124111175537109 0.324005126953125 -0.33526611328125
-0.00396728515625 0.0244426727294922 0.6396484375 0.0220947265625
-0.0333786010742188 -0.0144367218017578 0.39727783203125 0.65380859375
0.0154571533203125 -0.0556259155273437 -0.20745849609375 0.85699462890625
0.0397186279296875 -0.00492095947265625 -0.47235107421875 0.41192626953125
0.0595016479492187 0.0231704711914062 0.02752685546875 0.038604736328125
0.0350284576416016 -0.00929641723632813 0.512176513671875 -0.4300537109375
0.0220241546630859 -0.0154743194580078 0.139404296875 -0.87200927734375
-0.0064234733581543 -0.00394439697265625 -0.5948486328125 -0.53680419921875
-0.00652790069580078 -0.00198793411254883 -0.63690185546875 0.13580322265625
0.0250682830810547 0.0038299560546875 -0.289947509765625 0.413421630859375
0.0141220092773438 -0.00488090515136719 0.08404541015625 0.33184814453125
0.0157852172851563 -0.0121622085571289 0.283172607421875 0.13116455078125
0.0287055969238281 -0.00382423400878906 -0.27691650390625 -0.153396606445313
0.0116615295410156 0.00920867919921875 -0.06842041015625 -0.3489990234375
0.017181396484375 0.0233898162841797 0.293487548828125 -0.38299560546875
-0.00859832763671875 0.0251350402832031 0.6343994140625 -0.0755615234375
-0.0292148590087891 -0.00882720947265626 0.4697265625 0.56219482421875
0.00683975219726563 -0.0372161865234375 -0.09771728515625 0.8353271484375
0.00602531433105469 0.0225162506103516 -0.430908203125 0.437774658203125
0.00368499755859375 0.0424346923828125 0.0147018432617187 0.0535240173339844
-0.000483512878417968 0.0159339904785156 0.54510498046875 -0.385009765625
0.0237598419189453 -0.000997543334960938 0.24212646484375 -0.874267578125
-0.000810623168945312 -0.00351810455322266 -0.5294189453125 -0.62847900390625
-0.0142488479614258 0.00135040283203125 -0.6461181640625 0.0468749999999999
0.0116615295410156 0.0162906646728516 -0.321746826171875 0.368133544921875
0.00631999969482422 0.0114841461181641 0.060760498046875 0.319244384765625
0.0164451599121094 -0.00507164001464844 0.274505615234375 0.13006591796875
0.0256233215332031 -0.000225067138671875 -0.275192260742188 -0.152938842773437
0.0108232498168945 0.0148391723632812 -0.05853271484375 -0.345458984375
0.0128059387207031 0.0257949829101563 0.305328369140625 -0.368682861328125
-0.0124034881591797 0.023223876953125 0.63726806640625 -0.0447998046875
-0.0288276672363281 -0.0154190063476563 0.44390869140625 0.58673095703125
0.00875091552734375 -0.04315185546875 -0.1390380859375 0.8321533203125
0.00609016418457031 0.0211334228515625 -0.440185546875 0.42144775390625
0.00465774536132813 0.0428199768066406 0.0259208679199219 0.0465850830078125
0.000673294067382812 0.0137834548950195 0.534393310546875 -0.4010009765625
0.0232410430908203 -0.00683784484863281 0.20245361328125 -0.87030029296875
-0.00154304504394531 -0.00915050506591797 -0.55291748046875 -0.591064453125
-0.0174551010131836 0.000479698181152343 -0.63677978515625 0.0780639648437499
0.00618267059326172 0.0172815322875977 -0.30426025390625 0.38055419921875
0.00510787963867187 0.0151004791259766 0.07330322265625 0.320220947265625
0.0137872695922852 -0.000101089477539063 0.2779541015625 0.126541137695313
0.0254535675048828 0.00193023681640625 -0.27032470703125 -0.15576171875
0.0106239318847656 0.0168743133544922 -0.050323486328125 -0.34332275390625
0.0102100372314453 0.0268783569335938 0.321990966796875 -0.353851318359375
-0.0160236358642578 0.0219211578369141 0.640869140625 -0.012939453125
-0.0302467346191406 -0.0207138061523437 0.419189453125 0.61810302734375
0.0117149353027344 -0.0492668151855469 -0.17315673828125 0.83721923828125
0.00979423522949219 0.0180225372314453 -0.449920654296875 0.410369873046875
0.00968551635742188 0.0412864685058594 0.0355262756347656 0.0393753051757813
0.00499725341796875 0.00974273681640625 0.5234375 -0.41973876953125
0.0229148864746094 -0.0127830505371094 0.16314697265625 -0.87298583984375
-0.00399971008300781 -0.012751579284668 -0.577392578125 -0.56024169921875
-0.0198516845703125 0.000795364379882816 -0.63433837890625 0.10870361328125
0.00619697570800781 0.0178318023681641 -0.291412353515625 0.394683837890625
0.00409030914306641 0.0165519714355469 0.081634521484375 0.32275390625
0.0134305953979492 0.00147628784179688 0.279525756835938 0.127365112304688
0.0230941772460938 0.001708984375 -0.267913818359375 -0.155914306640625
0.0112190246582031 0.0162172317504883 -0.04315185546875 -0.339599609375
0.0101146697998047 0.0261878967285156 0.3319091796875 -0.337921142578125
-0.0158710479736328 0.0209522247314453 0.64031982421875 0.0167236328125
-0.0309410095214844 -0.0253334045410156 0.391357421875 0.6435546875
0.013275146484375 -0.0550575256347656 -0.2080078125 0.83843994140625
0.0149497985839844 0.0134201049804687 -0.460235595703125 0.397308349609375
0.0190582275390625 0.0379676818847656 0.0428237915039063 0.0342330932617188
0.00959587097167969 0.00490283966064453 0.51275634765625 -0.4346923828125
0.0214748382568359 -0.0173797607421875 0.131591796875 -0.86981201171875
-0.00598812103271484 -0.0149431228637695 -0.59405517578125 -0.52935791015625
-0.0190811157226563 0.000274658203125002 -0.62725830078125 0.134033203125
0.00599193572998047 0.0157155990600586 -0.276702880859375 0.4053955078125
0.00496387481689453 0.0146903991699219 0.090728759765625 0.32427978515625
0.0119361877441406 0.00235271453857422 0.283538818359375 0.12652587890625
0.022613525390625 0.000762939453125 -0.263381958007812 -0.15606689453125
0.013880729675293 0.012608528137207 -0.0389404296875 -0.33660888671875
0.0130424499511719 0.0236129760742188 0.336578369140625 -0.32781982421875
-0.0152740478515625 0.0213031768798828 0.6400146484375 0.0374755859375
-0.0318489074707031 -0.0261974334716797 0.3760986328125 0.662353515625
0.0153694152832031 -0.0582008361816406 -0.2310791015625 0.841796875
0.0224514007568359 0.008392333984375 -0.4683837890625 0.391937255859375
0.0302658081054688 0.0333251953125 0.0456619262695313 0.030853271484375
0.0166349411010742 -0.000628471374511719 0.5029296875 -0.443084716796875
0.0213279724121094 -0.0201854705810547 0.1060791015625 -0.86993408203125
-0.00707626342773437 -0.0148801803588867 -0.6083984375 -0.50982666015625
-0.0177497863769531 -0.00034332275390625 -0.62249755859375 0.15313720703125
0.00955009460449219 0.013524055480957 -0.270233154296875 0.41534423828125
0.00635623931884766 0.0123605728149414 0.094390869140625 0.326507568359375
0.0122060775756836 0.00185585021972656 0.285369873046875 0.126129150390625
0.0230865478515625 -0.00225448608398438 -0.262176513671875 -0.15582275390625
0.0162277221679688 0.00746536254882813 -0.03887939453125 -0.334442138671875
0.0175590515136719 0.0209598541259766 0.337493896484375 -0.32293701171875
-0.0125961303710937 0.0218467712402344 0.63751220703125 0.0467529296875
-0.033447265625 -0.0253505706787109 0.37017822265625 0.67041015625
0.0158767700195313 -0.0608940124511719 -0.23583984375 0.84625244140625
0.0308284759521484 0.00327301025390625 -0.4718017578125 0.39227294921875
0.0429229736328125 0.0295791625976563 0.0445365905761719 0.0305023193359375
0.0235385894775391 -0.00509071350097656 0.500244140625 -0.4466552734375
0.0207366943359375 -0.021087646484375 0.10064697265625 -0.8692626953125
-0.0081329345703125 -0.0125617980957031 -0.6109619140625 -0.50250244140625
-0.0145969390869141 -0.000644683837890622 -0.62274169921875 0.16156005859375
0.0136451721191406 0.0112714767456055 -0.268402099609375 0.41973876953125
0.00851249694824219 0.00693559646606445 0.0947265625 0.327117919921875
0.0122957229614258 -0.00196456909179688 0.285247802734375 0.12689208984375
0.0244579315185547 -0.00636482238769531 -0.261474609375 -0.155136108398437
0.0193500518798828 0.00142097473144531 -0.0401611328125 -0.334686279296875
0.02386474609375 0.017242431640625 0.33087158203125 -0.324798583984375
-0.00785636901855469 0.0229148864746094 0.63690185546875 0.03936767578125
-0.0333747863769531 -0.0204048156738281 0.37811279296875 0.662841796875
0.0158119201660156 -0.0602035522460937 -0.2286376953125 0.8486328125
0.0374755859375 -0.0015411376953125 -0.47357177734375 0.398773193359375
0.0532417297363281 0.0251007080078125 0.0368080139160156 0.0334358215332031
0.0299453735351562 -0.00799369812011719 0.500946044921875 -0.44000244140625
0.0211048126220703 -0.0200958251953125 0.112060546875 -0.868408203125
-0.0078125 -0.00923824310302734 -0.60516357421875 -0.511474609375
-0.0111494064331055 -0.00191402435302735 -0.6265869140625 0.15582275390625
0.0187225341796875 0.00700187683105469 -0.27532958984375 0.419036865234375
0.0115938186645508 0.00157642364501953 0.09222412109375 0.329681396484375
0.0136375427246094 -0.00632095336914063 0.285797119140625 0.127777099609375
0.0273399353027344 -0.0105800628662109 -0.262054443359375 -0.1546630859375
0.0221309661865234 -0.00551033020019531 -0.048004150390625 -0.33563232421875
0.0294189453125 0.0130767822265625 0.3206787109375 -0.332916259765625
-0.00271797180175781 0.0254497528076172 0.6329345703125 0.0203857421875
-0.0334548950195312 -0.0136680603027344 0.39630126953125 0.65032958984375
0.0141334533691406 -0.0566635131835938 -0.2047119140625 0.85174560546875
0.0401687622070313 -0.00389480590820313 -0.469635009765625 0.411041259765625
0.0599327087402344 0.0229034423828125 0.0272979736328125 0.038665771484375
0.0347671508789063 -0.00857353210449219 0.5074462890625 -0.427032470703125
0.0216331481933594 -0.0159664154052734 0.13629150390625 -0.86871337890625
-0.00725412368774414 -0.00364303588867187 -0.590576171875 -0.53271484375
-0.0070042610168457 -0.00091409683227539 -0.6322021484375 0.13714599609375
0.0252017974853516 0.003692626953125 -0.28594970703125 0.412078857421875
0.0140247344970703 -0.00495529174804687 0.08441162109375 0.329864501953125
0.0159206390380859 -0.0119905471801758 0.28265380859375 0.1285400390625
0.0287075042724609 -0.0040740966796875 -0.276107788085938 -0.150955200195312
0.0117120742797852 0.00941753387451172 -0.0684814453125 -0.346405029296875
0.0164661407470703 0.0234413146972656 0.291473388671875 -0.38006591796875
-0.00809478759765625 0.0253772735595703 0.6314697265625 -0.076904296875
-0.0283031463623047 -0.00776100158691406 0.467315673828125 0.558349609375
0.00689315795898438 -0.0381889343261719 -0.0960693359375 0.83099365234375
0.00566482543945313 0.0222702026367188 -0.427001953125 0.43682861328125
0.00400543212890625 0.0424346923828125 0.0144309997558594 0.0535469055175781
-4.6730041503906E-05 0.0164737701416016 0.54144287109375 -0.38421630859375
0.0236549377441406 -0.000680923461914063 0.2410888671875 -0.86895751953125
-0.000515937805175781 -0.00381803512573242 -0.52685546875 -0.6234130859375
-0.015009880065918 0.00220584869384766 -0.6429443359375 0.0485839843749999
0.0112495422363281 0.0153484344482422 -0.316986083984375 0.367767333984375
0.00659465789794922 0.0110931396484375 0.061309814453125 0.318511962890625
0.0159778594970703 -0.00492572784423828 0.2735595703125 0.128631591796875
0.0256805419921875 0.000125885009765625 -0.274337768554688 -0.1505126953125
0.0106868743896484 0.01422119140625 -0.06109619140625 -0.34356689453125
0.0130500793457031 0.0249652862548828 0.304779052734375 -0.366058349609375
-0.0120735168457031 0.0232505798339844 0.6329345703125 -0.0447998046875
-0.0291919708251953 -0.0155792236328125 0.4415283203125 0.58319091796875
0.00818634033203125 -0.04345703125 -0.13677978515625 0.82684326171875
0.00612068176269531 0.0203647613525391 -0.43817138671875 0.417449951171875
0.00492477416992188 0.0428047180175781 0.0254783630371094 0.0459175109863281
0.00154399871826172 0.0145072937011719 0.533294677734375 -0.399505615234375
0.0234107971191406 -0.00718116760253906 0.2022705078125 -0.86529541015625
-0.00270175933837891 -0.00938224792480469 -0.5498046875 -0.588134765625
-0.0174531936645508 0.000863075256347655 -0.63433837890625 0.0782470703124999
0.00662040710449219 0.0167427062988281 -0.299896240234375 0.378448486328125
0.00519371032714844 0.0151882171630859 0.073394775390625 0.319732666015625
0.0132417678833008 -0.000533103942871094 0.277435302734375 0.12646484375
0.0239105224609375 0.00224876403808594 -0.26995849609375 -0.153228759765625
0.00999355316162109 0.0168294906616211 -0.0501708984375 -0.340789794921875
0.0107879638671875 0.0267086029052734 0.31903076171875 -0.35205078125
-0.0147590637207031 0.0225086212158203 0.63592529296875 -0.01312255859375
-0.0306472778320313 -0.0203647613525391 0.41766357421875 0.616455078125
0.0101776123046875 -0.049468994140625 -0.171875 0.832763671875
0.009735107421875 0.0179557800292969 -0.447174072265625 0.40826416015625
0.01019287109375 0.0413551330566406 0.0356292724609375 0.0401802062988281
0.0046539306640625 0.0101852416992188 0.51922607421875 -0.417449951171875
0.0229473114013672 -0.0122318267822266 0.16119384765625 -0.8675537109375
-0.00377464294433594 -0.0136566162109375 -0.5745849609375 -0.5570068359375
-0.0195045471191406 0.000806808471679688 -0.631103515625 0.10943603515625
0.00533390045166015 0.0170478820800781 -0.28839111328125 0.391357421875
0.00436973571777344 0.0160207748413086 0.08184814453125 0.32159423828125
0.0127334594726562 0.00148105621337891 0.279022216796875 0.126785278320313
0.0229377746582031 0.00200653076171875 -0.267410278320313 -0.153732299804687
0.0114459991455078 0.0160112380981445 -0.04339599609375 -0.337066650390625
0.00990676879882812 0.0255107879638672 0.3289794921875 -0.334930419921875
-0.0156021118164063 0.0211448669433594 0.634765625 0.01751708984375
-0.0311756134033203 -0.0248432159423828 0.390380859375 0.64154052734375
0.0134468078613281 -0.0552139282226563 -0.20721435546875 0.83367919921875
0.0157203674316406 0.0134086608886719 -0.457489013671875 0.396270751953125
0.0193862915039063 0.03790283203125 0.0418701171875 0.0339126586914063
0.00992774963378906 0.00550174713134766 0.50921630859375 -0.432586669921875
0.0221767425537109 -0.0176525115966797 0.130126953125 -0.86431884765625
-0.00542736053466797 -0.0152292251586914 -0.590576171875 -0.5257568359375
-0.0194549560546875 0.000568389892578125 -0.6236572265625 0.13580322265625
0.00595664978027344 0.0155477523803711 -0.27398681640625 0.404327392578125
0.00558280944824219 0.0148420333862305 0.090423583984375 0.322967529296875
0.0116672515869141 0.00244522094726563 0.283203125 0.124755859375
0.0224990844726563 0.000738143920898438 -0.263229370117188 -0.153900146484375
0.013545036315918 0.0130844116210938 -0.039825439453125 -0.333831787109375
0.0131244659423828 0.0242481231689453 0.335205078125 -0.32666015625
-0.0148391723632813 0.0217514038085938 0.63665771484375 0.0382080078125
-0.0326023101806641 -0.0260181427001953 0.3731689453125 0.65863037109375
0.0147552490234375 -0.0595016479492187 -0.227294921875 0.836669921875
0.0224952697753906 0.00885963439941406 -0.466949462890625 0.389678955078125
0.0303726196289063 0.0340576171875 0.0454673767089844 0.030670166015625
0.0172500610351563 0.000658988952636719 0.5008544921875 -0.441802978515625
0.0210742950439453 -0.0205059051513672 0.10491943359375 -0.8648681640625
-0.00790786743164063 -0.0144672393798828 -0.60552978515625 -0.507080078125
-0.0180931091308594 0.000467300415039062 -0.618896484375 0.15380859375
0.00915145874023438 0.0135116577148438 -0.266082763671875 0.412811279296875
0.00654411315917969 0.0116653442382813 0.095367431640625 0.32403564453125
0.0116453170776367 0.00186920166015625 0.2843017578125 0.1258544921875
0.0230560302734375 -0.00218391418457031 -0.261032104492188 -0.153778076171875
0.0161876678466797 0.00744915008544922 -0.039276123046875 -0.331695556640625
0.0179195404052734 0.0209846496582031 0.334625244140625 -0.321075439453125
-0.0117969512939453 0.0226249694824219 0.63330078125 0.046630859375
-0.0332221984863281 -0.0239906311035156 0.36846923828125 0.66668701171875
0.0161247253417969 -0.0609893798828125 -0.23590087890625 0.83953857421875
0.0309486389160156 0.00257682800292969 -0.47052001953125 0.391143798828125
0.0423316955566406 0.0300636291503906 0.0436210632324219 0.0298194885253906
0.0244388580322266 -0.00432395935058594 0.49627685546875 -0.44427490234375
0.0213527679443359 -0.0209980010986328 0.0992431640624999 -0.86322021484375
-0.00883579254150391 -0.012721061706543 -0.6068115234375 -0.5008544921875
-0.0147581100463867 -0.000130653381347655 -0.61785888671875 0.16168212890625
0.0140962600708008 0.00967979431152344 -0.26629638671875 0.417877197265625
0.00882339477539063 0.00664424896240234 0.096038818359375 0.3255615234375
0.0126190185546875 -0.00170803070068359 0.284454345703125 0.1256103515625
0.0244960784912109 -0.00688362121582031 -0.26123046875 -0.153106689453125
0.0187282562255859 0.00140953063964844 -0.042938232421875 -0.33233642578125
0.0232734680175781 0.0166950225830078 0.328460693359375 -0.323333740234375
-0.00761985778808594 0.0232696533203125 0.6314697265625 0.0380859375
-0.0333175659179688 -0.01953125 0.37603759765625 0.65911865234375
0.0155220031738281 -0.0605354309082031 -0.225830078125 0.84521484375
0.0370330810546875 -0.0013885498046875 -0.471435546875 0.39752197265625
0.0533065795898438 0.0261764526367188 0.0363731384277344 0.0326156616210938
0.0305995941162109 -0.00723457336425781 0.49786376953125 -0.436004638671875
0.0208969116210938 -0.0202484130859375 0.1121826171875 -0.8638916015625
-0.00749492645263672 -0.008880615234375 -0.6019287109375 -0.50830078125
-0.0110311508178711 -0.00118446350097656 -0.6220703125 0.15606689453125
0.0192108154296875 0.00705337524414063 -0.27154541015625 0.417205810546875
0.0120029449462891 0.000353813171386719 0.092681884765625 0.3272705078125
0.0137395858764648 -0.00677108764648438 0.283660888671875 0.1268310546875
0.0274658203125 -0.0102443695068359 -0.26171875 -0.152084350585938
0.0220718383789063 -0.00554084777832031 -0.050140380859375 -0.33172607421875
0.0297260284423828 0.0130329132080078 0.31915283203125 -0.32952880859375
-0.00279426574707032 0.0247955322265625 0.6298828125 0.02178955078125
-0.0337104797363281 -0.0132503509521484 0.39410400390625 0.64691162109375
0.0131759643554688 -0.0573387145996094 -0.2025146484375 0.8485107421875
0.0399856567382813 -0.00408172607421875 -0.468658447265625 0.410308837890625
0.0599899291992187 0.0230178833007812 0.0268516540527344 0.0383224487304688
0.0347690582275391 -0.00868606567382813 0.503753662109375 -0.42431640625
0.0219345092773438 -0.0161476135253906 0.13665771484375 -0.86273193359375
-0.00656223297119141 -0.00385618209838867 -0.587890625 -0.527099609375
-0.00696182250976562 -0.00118350982666016 -0.62847900390625 0.1378173828125
0.0247516632080078 0.00364303588867188 -0.28314208984375 0.410186767578125
0.0151329040527344 -0.00526523590087891 0.084991455078125 0.327972412109375
0.0158319473266602 -0.0124282836914063 0.282440185546875 0.127166748046875
0.0293064117431641 -0.00397109985351563 -0.275527954101563 -0.1500244140625
0.0119619369506836 0.00941658020019531 -0.06878662109375 -0.34429931640625
0.0176372528076172 0.023681640625 0.28863525390625 -0.378814697265625
-0.00802421569824219 0.0256767272949219 0.627685546875 -0.0748291015625
-0.0290012359619141 -0.00749778747558593 0.4647216796875 0.557098388671875
0.0063934326171875 -0.0387382507324219 -0.0960693359375 0.82623291015625
0.00618934631347657 0.0225410461425781 -0.427459716796875 0.433746337890625
0.00399017333984375 0.043121337890625 0.0138969421386719 0.0530509948730469
0.000543594360351561 0.0178794860839844 0.5400390625 -0.38067626953125
0.0237884521484375 -0.000925064086914063 0.24188232421875 -0.864501953125
-0.000360965728759765 -0.0040743350982666 -0.52496337890625 -0.6212158203125
-0.0144386291503906 0.00240612030029297 -0.63787841796875 0.0485839843750001
0.0101776123046875 0.0153579711914062 -0.31640625 0.3665771484375
0.00733661651611328 0.0113096237182617 0.0621337890625 0.31689453125
0.0157375335693359 -0.00409507751464844 0.2724609375 0.128311157226562
0.0255126953125 -0.0001983642578125 -0.273788452148437 -0.150161743164063
0.0110397338867188 0.0149927139282227 -0.061370849609375 -0.34130859375
0.0123271942138672 0.0261211395263672 0.3017578125 -0.363189697265625
-0.0114765167236328 0.0240478515625 0.63006591796875 -0.0435791015625
-0.0293445587158203 -0.0150661468505859 0.43927001953125 0.58251953125
0.00706863403320313 -0.0441360473632812 -0.13714599609375 0.82342529296875
0.00626754760742188 0.0208110809326172 -0.43719482421875 0.416473388671875
0.0059051513671875 0.0430374145507813 0.0251312255859375 0.0463371276855469
0.00174522399902344 0.0151472091674805 0.530181884765625 -0.39691162109375
0.0237274169921875 -0.00705909729003906 0.20269775390625 -0.8612060546875
-0.00132656097412109 -0.0102863311767578 -0.54718017578125 -0.583740234375
-0.0179862976074219 0.00152015686035156 -0.63232421875 0.0801391601562499
0.00734615325927734 0.0167007446289063 -0.298553466796875 0.37677001953125
0.00593376159667969 0.0145034790039063 0.07427978515625 0.31787109375
0.0126953125 -0.000285148620605469 0.276535034179688 0.124969482421875
0.0235691070556641 0.00165367126464844 -0.268997192382813 -0.152206420898438
0.0107221603393555 0.0163869857788086 -0.052398681640625 -0.338134765625
0.0110073089599609 0.0269927978515625 0.316925048828125 -0.349517822265625
-0.0141696929931641 0.0231857299804687 0.63507080078125 -0.01171875
-0.0309314727783203 -0.0207538604736328 0.41473388671875 0.61376953125
0.0103683471679688 -0.0491104125976563 -0.17041015625 0.82843017578125
0.00984573364257813 0.01849365234375 -0.4468994140625 0.40570068359375
0.0112075805664063 0.0413131713867188 0.0340461730957031 0.03900146484375
0.00510120391845703 0.011256217956543 0.5174560546875 -0.41729736328125
0.0240211486816406 -0.0124607086181641 0.1607666015625 -0.8660888671875
-0.00319290161132813 -0.0133056640625 -0.57110595703125 -0.5543212890625
-0.0197811126708984 0.000780105590820316 -0.6285400390625 0.1092529296875
0.00583744049072265 0.0170011520385742 -0.2860107421875 0.389984130859375
0.00580501556396484 0.0161209106445313 0.081024169921875 0.320587158203125
0.0127544403076172 0.00173091888427734 0.279296875 0.125946044921875
0.0224628448486328 0.00238800048828125 -0.266494750976563 -0.151779174804687
0.0119504928588867 0.0160551071166992 -0.045440673828125 -0.33465576171875
0.00988578796386719 0.0257740020751953 0.326385498046875 -0.333221435546875
-0.0157470703125 0.022491455078125 0.6319580078125 0.01885986328125
-0.0317249298095703 -0.0244216918945313 0.38763427734375 0.63970947265625
0.011749267578125 -0.0552024841308594 -0.20623779296875 0.829833984375
0.0154027938842773 0.0134658813476563 -0.455841064453125 0.393585205078125
0.0197486877441406 0.0393867492675781 0.0414199829101563 0.0342330932617188
0.00996208190917969 0.00621414184570312 0.50823974609375 -0.42919921875
0.0218868255615234 -0.017303466796875 0.12860107421875 -0.861572265625
-0.0055999755859375 -0.0151481628417969 -0.58892822265625 -0.523681640625
-0.0191440582275391 0.000883102416992185 -0.620849609375 0.135498046875
0.0064849853515625 0.0151681900024414 -0.272857666015625 0.40264892578125
0.00538158416748047 0.014613151550293 0.0899658203125 0.3209228515625
0.0109920501708984 0.00236988067626953 0.281829833984375 0.124755859375
0.0220203399658203 0.00113868713378906 -0.26348876953125 -0.152557373046875
0.0133142471313477 0.0127201080322266 -0.0408935546875 -0.330963134765625
0.0132160186767578 0.0246562957763672 0.33251953125 -0.321990966796875
-0.0140590667724609 0.0215587615966797 0.632568359375 0.038330078125
-0.0319862365722656 -0.0250835418701172 0.37158203125 0.65789794921875
0.0146865844726563 -0.0594940185546875 -0.22698974609375 0.8326416015625
0.0236072540283203 0.00872611999511719 -0.46429443359375 0.38818359375
0.0314216613769531 0.0350151062011719 0.0445632934570313 0.0301856994628906
0.0169553756713867 0.00121116638183594 0.498779296875 -0.43865966796875
0.0217304229736328 -0.0203514099121094 0.1064453125 -0.86236572265625
-0.007843017578125 -0.015350341796875 -0.60247802734375 -0.50408935546875
-0.0183181762695313 0.000465393066406252 -0.61676025390625 0.15380859375
0.00955486297607422 0.0129404067993164 -0.263458251953125 0.41094970703125
0.00722503662109375 0.0112333297729492 0.0950927734375 0.3233642578125
0.0118350982666016 0.00121688842773438 0.282745361328125 0.1240234375
0.0228271484375 -0.00221443176269531 -0.260604858398438 -0.152450561523437
0.0161514282226563 0.00703620910644531 -0.039886474609375 -0.32952880859375
0.0185165405273437 0.0205726623535156 0.332122802734375 -0.31817626953125
-0.0108242034912109 0.0225276947021484 0.63177490234375 0.04608154296875
-0.0328693389892578 -0.0241012573242188 0.367431640625 0.66558837890625
0.0153274536132813 -0.0616035461425781 -0.2342529296875 0.83685302734375
0.0305976867675781 0.00298690795898438 -0.46868896484375 0.388763427734375
0.0430107116699219 0.0306396484375 0.0425453186035156 0.0296173095703125
0.0244655609130859 -0.00362777709960937 0.493927001953125 -0.441741943359375
0.0208969116210938 -0.0210037231445313 0.0996093749999999 -0.85888671875
-0.00875282287597656 -0.0129356384277344 -0.6058349609375 -0.49774169921875
-0.0154104232788086 -0.000308990478515626 -0.6153564453125 0.162109375
0.0133686065673828 0.00980281829833984 -0.264190673828125 0.4154052734375
0.00944995880126953 0.00657558441162109 0.096160888671875 0.324188232421875
0.0120306015014648 -0.00138473510742188 0.284332275390625 0.125091552734375
0.0242710113525391 -0.00612449645996094 -0.261016845703125 -0.151748657226563
0.0188064575195313 0.000995635986328125 -0.04412841796875 -0.329345703125
0.0243396759033203 0.0177993774414063 0.32659912109375 -0.3203125
-0.00740814208984375 0.0235195159912109 0.62982177734375 0.03985595703125
-0.0335578918457031 -0.0195140838623047 0.3746337890625 0.657470703125
0.0146903991699219 -0.0612754821777344 -0.2259521484375 0.8399658203125
0.0373077392578125 -0.00111770629882813 -0.46990966796875 0.395263671875
0.0538291931152344 0.0263633728027344 0.0357475280761719 0.0330276489257813
0.0305747985839844 -0.00672340393066406 0.49603271484375 -0.434906005859375
0.0213088989257813 -0.0197601318359375 0.11322021484375 -0.859130859375
-0.00779533386230469 -0.00891876220703125 -0.59991455078125 -0.506103515625
-0.0115165710449219 -0.00112438201904297 -0.61993408203125 0.15509033203125
0.0189971923828125 0.00633049011230469 -0.2694091796875 0.41436767578125
0.0123424530029297 0.0001678466796875 0.093231201171875 0.326751708984375
0.0131826400756836 -0.00674343109130859 0.283050537109375 0.12579345703125
0.0266036987304688 -0.0104312896728516 -0.260543823242188 -0.150283813476563
0.0210952758789063 -0.00525474548339844 -0.04986572265625 -0.329620361328125
0.030487060546875 0.0129604339599609 0.316192626953125 -0.327301025390625
-0.00180625915527344 0.0256614685058594 0.62579345703125 0.02288818359375
-0.0340290069580078 -0.0131187438964844 0.3919677734375 0.64642333984375
0.0128135681152344 -0.057373046875 -0.2021484375 0.844970703125
0.0403175354003906 -0.00325775146484375 -0.46624755859375 0.40692138671875
0.0604515075683594 0.0237998962402344 0.0261764526367188 0.0381851196289063
0.0352020263671875 -0.00739288330078125 0.50189208984375 -0.42193603515625
0.0223197937011719 -0.0160484313964844 0.135986328125 -0.85980224609375
-0.00651168823242188 -0.00429153442382812 -0.58551025390625 -0.5263671875
-0.00737380981445313 -0.00134801864624023 -0.62664794921875 0.137451171875
0.0248432159423828 0.00262451171875 -0.281707763671875 0.408172607421875
0.0155086517333984 -0.00589656829833984 0.085174560546875 0.327484130859375
0.0148754119873047 -0.0117425918579102 0.28125 0.127471923828125
0.0288066864013672 -0.00377655029296875 -0.274932861328125 -0.148834228515625
0.0113935470581055 0.0103311538696289 -0.070098876953125 -0.341583251953125
0.0170497894287109 0.0231990814208984 0.288238525390625 -0.37646484375
-0.00749588012695313 0.02703857421875 0.625732421875 -0.07489013671875
-0.0280551910400391 -0.00766754150390625 0.46435546875 0.557891845703125
0.00686264038085938 -0.0392494201660156 -0.0983886718750001 0.8238525390625
0.00645065307617187 0.0219554901123047 -0.427154541015625 0.4322509765625
0.00514984130859375 0.0436172485351563 0.0129776000976562 0.0530624389648437
3.81469726562502E-05 0.0178356170654297 0.53887939453125 -0.378387451171875
0.0240001678466797 -0.001556396484375 0.2427978515625 -0.8607177734375
-0.000409603118896484 -0.004119873046875 -0.52215576171875 -0.6195068359375
-0.0152559280395508 0.00197124481201172 -0.6378173828125 0.049072265625
0.0110549926757813 0.0156793594360352 -0.313690185546875 0.36444091796875
0.00683021545410156 0.0113019943237305 0.06146240234375 0.317108154296875
0.0146503448486328 -0.00442981719970703 0.272720336914063 0.127914428710938
0.0263385772705078 -0.00095367431640625 -0.27398681640625 -0.1480712890625
0.0103549957275391 0.0149879455566406 -0.061614990234375 -0.340362548828125
0.0127010345458984 0.0260276794433594 0.3001708984375 -0.360809326171875
-0.0112323760986328 0.0245361328125 0.628173828125 -0.04254150390625
-0.0287456512451172 -0.0145378112792969 0.4368896484375 0.58135986328125
0.00660324096679687 -0.0447120666503906 -0.1375732421875 0.82183837890625
0.00692176818847656 0.0210456848144531 -0.43756103515625 0.415771484375
0.00638198852539062 0.0433540344238281 0.0237388610839844 0.0462226867675781
0.00129604339599609 0.0148582458496094 0.52825927734375 -0.39410400390625
0.0222301483154297 -0.00665855407714844 0.2042236328125 -0.85888671875
-0.00249099731445312 -0.0100393295288086 -0.54443359375 -0.5836181640625
-0.0178108215332031 0.00255393981933594 -0.62921142578125 0.0791015624999999
0.00660133361816406 0.0160198211669922 -0.29669189453125 0.374908447265625
0.00523948669433594 0.0144472122192383 0.074127197265625 0.317047119140625
0.011622428894043 7.91549682617188E-05 0.276473999023438 0.125030517578125
0.0243263244628906 0.00156402587890625 -0.269363403320313 -0.150680541992188
0.0106163024902344 0.0164909362792969 -0.051849365234375 -0.33648681640625
0.0107517242431641 0.0271434783935547 0.31610107421875 -0.347564697265625
-0.0139369964599609 0.0237274169921875 0.63037109375 -0.00921630859375
-0.0313777923583984 -0.0197715759277344 0.413818359375 0.613037109375
0.010223388671875 -0.0508651733398438 -0.1712646484375 0.82672119140625
0.009613037109375 0.0185356140136719 -0.44744873046875 0.403778076171875
0.0110816955566406 0.0422172546386719 0.0332107543945313 0.0390243530273438
0.00565814971923828 0.0118627548217773 0.5166015625 -0.41339111328125
0.0243797302246094 -0.0132904052734375 0.16339111328125 -0.86309814453125
-0.00371074676513672 -0.0135374069213867 -0.570068359375 -0.55322265625
-0.0196933746337891 0.00183296203613282 -0.6256103515625 0.10906982421875
0.00519371032714844 0.0169277191162109 -0.28472900390625 0.389129638671875
0.00562667846679687 0.0159673690795898 0.08172607421875 0.32000732421875
0.0122127532958984 0.00199031829833984 0.278335571289063 0.126144409179688
0.0223598480224609 0.00209808349609375 -0.26593017578125 -0.1512451171875
0.0108585357666016 0.0162830352783203 -0.045135498046875 -0.331878662109375
0.0109786987304688 0.0261917114257813 0.32501220703125 -0.3319091796875
-0.0148849487304688 0.0220298767089844 0.6302490234375 0.0194091796875
-0.0308284759521484 -0.0249481201171875 0.38616943359375 0.63836669921875
0.0120201110839844 -0.0565376281738281 -0.20574951171875 0.8265380859375
0.0162982940673828 0.0138387680053711 -0.456817626953125 0.391326904296875
0.0195121765136719 0.0383186340332031 0.0407791137695313 0.0342330932617188
0.0110874176025391 0.00747585296630859 0.50738525390625 -0.425537109375
0.0227432250976563 -0.0170707702636719 0.1317138671875 -0.85919189453125
-0.00626754760742188 -0.0155429840087891 -0.58770751953125 -0.52215576171875
-0.0203723907470703 0.000844955444335942 -0.619140625 0.135498046875
0.00587368011474609 0.0157327651977539 -0.270355224609375 0.401123046875
0.00656795501708985 0.0142898559570313 0.091339111328125 0.32025146484375
0.0105190277099609 0.00277996063232422 0.28265380859375 0.12481689453125
0.0217514038085937 0.00089263916015625 -0.2628173828125 -0.152450561523438
0.0130815505981445 0.0129566192626953 -0.040985107421875 -0.329345703125
0.0131721496582031 0.0248851776123047 0.33123779296875 -0.32098388671875
-0.013397216796875 0.0220661163330078 0.630126953125 0.04034423828125
-0.0321006774902344 -0.0259284973144531 0.37030029296875 0.65673828125
0.0148773193359375 -0.0597038269042969 -0.22796630859375 0.831298828125
0.0237083435058594 0.00961685180664063 -0.465911865234375 0.38555908203125
0.03143310546875 0.0353584289550781 0.0446701049804688 0.0304908752441406
0.0173072814941406 0.00259590148925781 0.498077392578125 -0.437225341796875
0.02154541015625 -0.020263671875 0.108642578125 -0.85858154296875
-0.00828647613525391 -0.0151557922363281 -0.5985107421875 -0.5029296875
-0.0181522369384766 0.000782012939453127 -0.61431884765625 0.15228271484375
0.00962638854980469 0.0128231048583984 -0.263336181640625 0.409271240234375
0.00734615325927734 0.011688232421875 0.0950927734375 0.32269287109375
0.0111198425292969 0.00197315216064453 0.283447265625 0.12371826171875
0.0226917266845703 -0.00210952758789063 -0.2608642578125 -0.151290893554688
0.0161647796630859 0.00726890563964844 -0.040557861328125 -0.327178955078125
0.0175075531005859 0.0214691162109375 0.331634521484375 -0.316375732421875
-0.0103492736816406 0.0229930877685547 0.62945556640625 0.04779052734375
-0.0328502655029297 -0.0240650177001953 0.36590576171875 0.66644287109375
0.0148200988769531 -0.0615005493164063 -0.2337646484375 0.83404541015625
0.0316257476806641 0.00347518920898438 -0.469085693359375 0.386444091796875
0.044219970703125 0.0311927795410156 0.0419883728027344 0.0298118591308594
0.0244846343994141 -0.00236320495605469 0.4949951171875 -0.43878173828125
0.0210037231445313 -0.0210723876953125 0.10260009765625 -0.8565673828125
-0.00762081146240235 -0.0128297805786133 -0.60296630859375 -0.497802734375
-0.0152711868286133 3.0517578125003E-05 -0.6142578125 0.16204833984375
0.0135927200317383 0.00962257385253906 -0.262969970703125 0.414520263671875
0.0102682113647461 0.00603294372558594 0.09600830078125 0.324737548828125
0.0111846923828125 -0.00161170959472656 0.2833251953125 0.12420654296875
0.0241317749023437 -0.00600051879882813 -0.260910034179687 -0.15081787109375
0.0189247131347656 0.00134849548339844 -0.04376220703125 -0.327850341796875
0.0244865417480469 0.0179805755615234 0.324615478515625 -0.31890869140625
-0.00682258605957031 0.0245933532714844 0.62774658203125 0.04052734375
-0.034088134765625 -0.0203590393066406 0.37371826171875 0.65728759765625
0.0145149230957031 -0.0619468688964844 -0.226318359375 0.83795166015625
0.036834716796875 -0.00113296508789063 -0.469573974609375 0.392730712890625
0.0548973083496094 0.0261344909667969 0.0353355407714844 0.0328483581542969
0.03106689453125 -0.00607872009277344 0.495330810546875 -0.431884765625
0.0217552185058594 -0.0197238922119141 0.1131591796875 -0.85687255859375
-0.00882911682128906 -0.00861358642578125 -0.5960693359375 -0.502685546875
-0.0111713409423828 -0.000459671020507815 -0.6168212890625 0.1546630859375
0.0191535949707031 0.00574493408203125 -0.2681884765625 0.412933349609375
0.0113191604614258 0.0001068115234375 0.0931396484375 0.32574462890625
0.0120658874511719 -0.0061492919921875 0.283477783203125 0.125762939453125
0.0260658264160156 -0.0103206634521484 -0.259963989257813 -0.149154663085937
0.0209846496582031 -0.00515556335449219 -0.050750732421875 -0.32940673828125
0.0301666259765625 0.0135555267333984 0.31591796875 -0.324737548828125
-0.00132179260253906 0.0262794494628906 0.62408447265625 0.0234375
-0.0339260101318359 -0.0126056671142578 0.3892822265625 0.6461181640625
0.0117912292480469 -0.0584220886230469 -0.2021484375 0.84228515625
0.0404014587402344 -0.00377655029296875 -0.466400146484375 0.405548095703125
0.0606651306152344 0.024566650390625 0.0251121520996094 0.0380287170410156
0.0356025695800781 -0.00670242309570313 0.50042724609375 -0.419921875
0.0228977203369141 -0.0166912078857422 0.138427734375 -0.8570556640625
-0.0064539909362793 -0.00392723083496094 -0.58294677734375 -0.5242919921875
-0.00752067565917969 -0.000644683837890625 -0.6226806640625 0.13677978515625
0.0240554809570312 0.00254440307617187 -0.2799072265625 0.40716552734375
0.0158166885375977 -0.00573158264160156 0.085357666015625 0.32598876953125
0.0136709213256836 -0.0114479064941406 0.2813720703125 0.126068115234375
0.0293083190917969 -0.00336265563964844 -0.274856567382812 -0.147903442382813
0.011601448059082 0.0100307464599609 -0.070343017578125 -0.341278076171875
0.0172634124755859 0.0237541198730469 0.28643798828125 -0.37506103515625
-0.00654411315917969 0.0264453887939453 0.62451171875 -0.07183837890625
-0.0291233062744141 -0.00836563110351562 0.462158203125 0.557403564453125
0.00554275512695312 -0.0392990112304688 -0.0993041992187501 0.82275390625
0.006561279296875 0.0226516723632813 -0.427886962890625 0.43060302734375
0.0051422119140625 0.0444297790527344 0.0124435424804688 0.0526962280273438
0.000810623168945312 0.018524169921875 0.537322998046875 -0.377197265625
0.0244007110595703 -0.00137138366699219 0.24493408203125 -0.86090087890625
-0.000684261322021484 -0.00440216064453125 -0.51953125 -0.618896484375
-0.015324592590332 0.00218582153320313 -0.63653564453125 0.0476684570312499
0.0106382369995117 0.0149383544921875 -0.31329345703125 0.363861083984375
0.00818252563476563 0.0103769302368164 0.060943603515625 0.31640625
0.0144033432006836 -0.00417613983154297 0.27325439453125 0.128067016601563
0.0261039733886719 -5.7220458984375E-05 -0.273345947265625 -0.147903442382813
0.0107927322387695 0.0142736434936523 -0.06231689453125 -0.338653564453125
0.0128250122070313 0.0263271331787109 0.29949951171875 -0.35919189453125
-0.0114116668701172 0.0247268676757812 0.627197265625 -0.0411376953125
-0.0297775268554688 -0.0145721435546875 0.43499755859375 0.58306884765625
0.0074005126953125 -0.0459747314453125 -0.14044189453125 0.81982421875
0.00676727294921875 0.0214309692382813 -0.43902587890625 0.41424560546875
0.00601577758789063 0.0437049865722656 0.0227432250976562 0.0456008911132812
0.00216007232666016 0.016972541809082 0.52935791015625 -0.392181396484375
0.0238838195800781 -0.0070343017578125 0.20751953125 -0.8565673828125
-0.00137710571289063 -0.00969886779785156 -0.5421142578125 -0.58404541015625
-0.0177555084228516 0.00239753723144531 -0.629638671875 0.0779418945312501
0.00721454620361328 0.0159139633178711 -0.2960205078125 0.37451171875
0.00611209869384765 0.0142650604248047 0.073883056640625 0.317596435546875
0.0123872756958008 -0.000257492065429688 0.277557373046875 0.124908447265625
0.0248298645019531 0.00184822082519531 -0.2689208984375 -0.150253295898438
0.0102071762084961 0.0163507461547852 -0.05224609375 -0.333892822265625
0.0109195709228516 0.0277423858642578 0.3143310546875 -0.344329833984375
-0.013946533203125 0.0233440399169922 0.6307373046875 -0.008544921875
-0.0307979583740234 -0.0197944641113281 0.41278076171875 0.6141357421875
0.00955581665039063 -0.0513877868652344 -0.17291259765625 0.8250732421875
0.0105113983154297 0.0188655853271484 -0.447265625 0.402923583984375
0.0114326477050781 0.0420989990234375 0.0329971313476563 0.0391731262207031
0.00555896759033203 0.0127429962158203 0.517852783203125 -0.410888671875
0.0231342315673828 -0.0125732421875 0.16485595703125 -0.86083984375
-0.00419521331787109 -0.0130100250244141 -0.5673828125 -0.55059814453125
-0.020477294921875 0.00173377990722656 -0.6246337890625 0.108154296875
0.00590419769287109 0.0159816741943359 -0.28338623046875 0.38861083984375
0.00533294677734375 0.0155420303344727 0.081207275390625 0.319915771484375
0.0115861892700195 0.00171756744384766 0.278976440429688 0.125244140625
0.0219573974609375 0.00250816345214844 -0.267044067382813 -0.1502685546875
0.0116090774536133 0.0156431198120117 -0.0455322265625 -0.331390380859375
0.0111198425292969 0.0265235900878906 0.3245849609375 -0.33013916015625
-0.0141353607177734 0.0220699310302734 0.629150390625 0.0220947265625
-0.0313053131103516 -0.0243091583251953 0.38427734375 0.6390380859375
0.0120658874511719 -0.0563011169433594 -0.20782470703125 0.82403564453125
0.015498161315918 0.0142755508422852 -0.45892333984375 0.389373779296875
0.0210342407226563 0.0393409729003906 0.0404548645019531 0.0337295532226563
0.0111579895019531 0.00855827331542969 0.50689697265625 -0.424346923828125
0.0231170654296875 -0.0169315338134766 0.1343994140625 -0.85491943359375
-0.00595664978027344 -0.0149374008178711 -0.58447265625 -0.52142333984375
-0.0197887420654297 0.00166702270507813 -0.61737060546875 0.13397216796875
0.00604724884033203 0.0149660110473633 -0.26800537109375 0.400360107421875
0.00646686553955078 0.0144128799438477 0.090667724609375 0.3216552734375
0.00950527191162109 0.00267982482910156 0.28240966796875 0.123260498046875
0.0213584899902344 0.00098419189453125 -0.262985229492188 -0.151199340820313
0.0129499435424805 0.0126180648803711 -0.041168212890625 -0.32843017578125
0.0135822296142578 0.0246772766113281 0.331573486328125 -0.3201904296875
-0.0131340026855469 0.0222072601318359 0.62994384765625 0.04132080078125
-0.0325088500976563 -0.0254650115966797 0.368896484375 0.65728759765625
0.0138473510742187 -0.0602684020996094 -0.22784423828125 0.82989501953125
0.0231456756591797 0.00976371765136719 -0.465484619140625 0.385040283203125
0.0317916870117188 0.0357818603515625 0.0430717468261719 0.0300025939941406
0.0177631378173828 0.00255012512207031 0.497467041015625 -0.4354248046875
0.0220108032226563 -0.0205764770507813 0.10894775390625 -0.85693359375
-0.00797843933105469 -0.0147314071655273 -0.5977783203125 -0.50372314453125
-0.0185928344726563 0.000312805175781248 -0.6134033203125 0.1534423828125
0.00967121124267578 0.0135173797607422 -0.262908935546875 0.409149169921875
0.00803661346435547 0.0108003616333008 0.0950927734375 0.32269287109375
0.0100488662719727 0.00185680389404297 0.2830810546875 0.124969482421875
0.0225658416748047 -0.00249671936035156 -0.260574340820313 -0.150543212890625
0.0156459808349609 0.00751686096191406 -0.04132080078125 -0.326904296875
0.0184650421142578 0.0210685729980469 0.3321533203125 -0.315155029296875
-0.0102291107177734 0.0237865447998047 0.6285400390625 0.04925537109375
-0.0335140228271484 -0.0230941772460938 0.36383056640625 0.665771484375
0.0144500732421875 -0.0629158020019531 -0.23681640625 0.8328857421875
0.0315132141113281 0.0038604736328125 -0.4708251953125 0.385894775390625
0.0442123413085938 0.0315055847167969 0.0410919189453125 0.0301666259765625
0.0246410369873047 -0.00224876403808594 0.493988037109375 -0.43603515625
0.0218849182128906 -0.02130126953125 0.1026611328125 -0.857666015625
-0.00821781158447265 -0.0127077102661133 -0.6014404296875 -0.4964599609375
-0.0153408050537109 0.00024127960205078 -0.61279296875 0.15924072265625
0.0137825012207031 0.00951576232910156 -0.262298583984375 0.413299560546875
0.00993156433105469 0.00590896606445312 0.094879150390625 0.324005126953125
0.0109748840332031 -0.00135040283203125 0.284088134765625 0.124969482421875
0.023834228515625 -0.00641632080078125 -0.260879516601563 -0.150558471679688
0.0194931030273438 0.00118255615234375 -0.043975830078125 -0.3255615234375
0.024871826171875 0.0173892974853516 0.324981689453125 -0.31640625
-0.00606346130371093 0.0252780914306641 0.6258544921875 0.04156494140625
-0.0334262847900391 -0.0193328857421875 0.37060546875 0.66015625
0.0143241882324219 -0.0614700317382812 -0.22760009765625 0.8369140625
0.0377349853515625 -0.000804901123046875 -0.4710693359375 0.391937255859375
0.0544548034667969 0.0274391174316406 0.0345859527587891 0.0321502685546875
0.0319499969482422 -0.00523757934570313 0.495635986328125 -0.429107666015625
0.0220546722412109 -0.0199031829833984 0.11627197265625 -0.856201171875
-0.00788402557373047 -0.00954914093017578 -0.59521484375 -0.504638671875
-0.0116939544677734 -0.000406265258789063 -0.61663818359375 0.15460205078125
0.0181121826171875 0.00577735900878906 -0.266265869140625 0.411651611328125
0.0120506286621094 0.000115394592285156 0.092803955078125 0.3255615234375
0.0113754272460938 -0.00638961791992188 0.283050537109375 0.12518310546875
0.0269241333007813 -0.010406494140625 -0.260238647460938 -0.148345947265625
0.0211849212646484 -0.00484275817871094 -0.05029296875 -0.327667236328125
0.0311660766601562 0.01318359375 0.315826416015625 -0.32318115234375
-0.000743865966796875 0.0257492065429688 0.62298583984375 0.02459716796875
-0.0337371826171875 -0.0122222900390625 0.38824462890625 0.6468505859375
0.0125083923339844 -0.0582923889160156 -0.20367431640625 0.83990478515625
0.0411605834960938 -0.00338363647460938 -0.466583251953125 0.405029296875
0.0609359741210938 0.0246467590332031 0.024932861328125 0.0381317138671875
0.0355148315429688 -0.0067138671875 0.501739501953125 -0.417572021484375
0.0230331420898438 -0.0161247253417969 0.1417236328125 -0.8560791015625
-0.00693464279174805 -0.00430583953857422 -0.58197021484375 -0.5257568359375
-0.00735664367675781 -0.00082874298095703 -0.622802734375 0.13525390625
0.0248870849609375 0.0030517578125 -0.278350830078125 0.406097412109375
0.0159339904785156 -0.00617313385009766 0.085235595703125 0.326416015625
0.0139942169189453 -0.0112733840942383 0.281585693359375 0.126434326171875
0.0293331146240234 -0.00424957275390625 -0.275146484375 -0.147048950195312
0.0122900009155273 0.00973606109619141 -0.071014404296875 -0.34075927734375
0.0178413391113281 0.0240745544433594 0.28814697265625 -0.372833251953125
-0.00613594055175781 0.027374267578125 0.62457275390625 -0.06976318359375
-0.0284900665283203 -0.00757217407226563 0.462158203125 0.560821533203125
0.00528717041015625 -0.0396537780761719 -0.099853515625 0.8232421875
0.006927490234375 0.0232772827148438 -0.429107666015625 0.43048095703125
0.00624847412109375 0.0445327758789063 0.0116691589355469 0.0524673461914062
0.00107002258300781 0.0193061828613281 0.53924560546875 -0.375732421875
0.0246868133544922 -0.00081634521484375 0.2474365234375 -0.86077880859375
-0.0002593994140625 -0.00461483001708984 -0.51812744140625 -0.62091064453125
-0.0154609680175781 0.00360393524169922 -0.6368408203125 0.04779052734375
0.0104684829711914 0.014613151550293 -0.3128662109375 0.3642578125
0.00874805450439453 0.0101785659790039 0.062225341796875 0.317962646484375
0.0140800476074219 -0.00425148010253906 0.274032592773438 0.12884521484375
0.0255470275878906 -0.00142478942871094 -0.274642944335937 -0.147125244140625
0.0114517211914062 0.0149908065795898 -0.06121826171875 -0.33721923828125
0.0139369964599609 0.026214599609375 0.300048828125 -0.3572998046875
-0.0106964111328125 0.0250682830810547 0.625732421875 -0.03826904296875
-0.0294418334960938 -0.0143260955810547 0.43389892578125 0.58489990234375
0.0064544677734375 -0.04559326171875 -0.14154052734375 0.82025146484375
0.00653266906738281 0.0210514068603516 -0.441162109375 0.41412353515625
0.00640487670898437 0.0436248779296875 0.0222930908203125 0.0459022521972656
0.00174713134765625 0.0170764923095703 0.529754638671875 -0.392425537109375
0.0238437652587891 -0.00696182250976563 0.20867919921875 -0.85736083984375
-0.00193977355957031 -0.0102090835571289 -0.541259765625 -0.58441162109375
-0.0185260772705078 0.00294876098632813 -0.62811279296875 0.0778808593749999
0.00637531280517578 0.0153417587280273 -0.296600341796875 0.37371826171875
0.00629711151123047 0.0135746002197266 0.074493408203125 0.31939697265625
0.0112924575805664 -0.000496864318847656 0.27752685546875 0.125198364257813
0.0242691040039063 0.00138282775878906 -0.270034790039062 -0.150344848632813
0.0103721618652344 0.0167407989501953 -0.05230712890625 -0.335205078125
0.0119762420654297 0.0277633666992187 0.31475830078125 -0.344482421875
-0.0133590698242188 0.0237693786621094 0.63037109375 -0.00823974609375
-0.0310325622558594 -0.01983642578125 0.4111328125 0.61724853515625
0.00964355468749999 -0.0516357421875 -0.17547607421875 0.82586669921875
0.0107059478759766 0.0183906555175781 -0.449310302734375 0.402923583984375
0.0118217468261719 0.0426445007324219 0.0326271057128906 0.0390739440917969
0.00647735595703125 0.0132255554199219 0.51898193359375 -0.409759521484375
0.0238494873046875 -0.0121307373046875 0.167236328125 -0.86175537109375
-0.00363349914550781 -0.0132179260253906 -0.5682373046875 -0.5537109375
-0.0195407867431641 0.00226593017578125 -0.62567138671875 0.10589599609375
0.00539493560791016 0.0155162811279297 -0.28369140625 0.38916015625
0.00505638122558594 0.0144968032836914 0.082000732421875 0.320587158203125
0.0103530883789063 0.00210857391357422 0.279937744140625 0.12677001953125
0.0218544006347656 0.00142860412597656 -0.26690673828125 -0.15045166015625
0.0113859176635742 0.0163288116455078 -0.046600341796875 -0.330352783203125
0.011871337890625 0.026275634765625 0.325592041015625 -0.32940673828125
-0.0143146514892578 0.0232906341552734 0.6295166015625 0.02178955078125
-0.0313816070556641 -0.0249614715576172 0.384033203125 0.6417236328125
0.0113449096679688 -0.0576896667480469 -0.2099609375 0.8258056640625
0.0155315399169922 0.014195442199707 -0.46099853515625 0.390106201171875
0.0205535888671875 0.0397186279296875 0.0392799377441406 0.0334815979003906
0.0113964080810547 0.00909328460693359 0.506866455078125 -0.423309326171875
0.0233421325683594 -0.0171909332275391 0.1378173828125 -0.85882568359375
-0.00573062896728516 -0.0155572891235352 -0.58447265625 -0.52191162109375
-0.0199966430664063 0.00155067443847656 -0.61737060546875 0.1337890625
0.00596237182617188 0.0148687362670898 -0.26953125 0.399871826171875
0.00670433044433594 0.0137491226196289 0.091217041015625 0.321990966796875
0.00940227508544922 0.00277233123779297 0.28350830078125 0.12396240234375
0.0214118957519531 0.0009613037109375 -0.262588500976563 -0.150741577148438
0.0136604309082031 0.0127553939819336 -0.0404052734375 -0.327545166015625
0.0140953063964844 0.0247268676757813 0.332061767578125 -0.317413330078125
-0.0130481719970703 0.0232315063476563 0.62884521484375 0.04254150390625
-0.032440185546875 -0.0252552032470703 0.36761474609375 0.6607666015625
0.0136146545410156 -0.0607109069824219 -0.23211669921875 0.82733154296875
0.0242519378662109 0.0089569091796875 -0.467254638671875 0.38525390625
0.0313148498535156 0.0359992980957031 0.0427284240722656 0.030242919921875
0.0185070037841797 0.00352859497070312 0.500518798828125 -0.434234619140625
0.0215530395507813 -0.0202426910400391 0.11297607421875 -0.85748291015625
-0.00803279876708985 -0.0147199630737305 -0.59808349609375 -0.504638671875
-0.0186824798583984 0.00200462341308594 -0.614501953125 0.152099609375
0.00891017913818359 0.0127649307250977 -0.26141357421875 0.40936279296875
0.00803852081298828 0.00986289978027344 0.09503173828125 0.32342529296875
0.00978183746337891 0.00201129913330078 0.28424072265625 0.124603271484375
0.0224781036376953 -0.0020751953125 -0.261749267578125 -0.150665283203125
0.0160131454467773 0.00748920440673828 -0.041656494140625 -0.325469970703125
0.0196132659912109 0.0222854614257813 0.331634521484375 -0.31378173828125
-0.00968170166015625 0.0241508483886719 0.62884521484375 0.05023193359375
-0.0334815979003906 -0.0233440399169922 0.3642578125 0.6678466796875
0.0144729614257813 -0.0625953674316406 -0.23736572265625 0.83172607421875
0.0314044952392578 0.00462722778320312 -0.470947265625 0.3858642578125
0.0448341369628906 0.0322074890136719 0.0407600402832031 0.0301704406738281
0.0256671905517578 -0.0013580322265625 0.495086669921875 -0.435638427734375
0.0225429534912109 -0.0207443237304688 0.107177734375 -0.858154296875
-0.00856399536132813 -0.0129194259643555 -0.600830078125 -0.49859619140625
-0.0152454376220703 0.00109481811523438 -0.61224365234375 0.1611328125
0.0138254165649414 0.00989818572998047 -0.26104736328125 0.412994384765625
0.0101814270019531 0.00551414489746094 0.095794677734375 0.3245849609375
0.0106210708618164 -0.000721931457519531 0.284210205078125 0.1253662109375
0.0239810943603516 -0.00579261779785156 -0.261062622070313 -0.150650024414062
0.0193042755126953 0.00141334533691406 -0.04425048828125 -0.32586669921875
0.0251407623291016 0.0170993804931641 0.32537841796875 -0.3154296875
-0.00530815124511719 0.0251522064208984 0.626708984375 0.04376220703125
-0.0340003967285156 -0.019317626953125 0.36944580078125 0.661376953125
0.0136528015136719 -0.0620880126953125 -0.229248046875 0.83612060546875
0.0381088256835938 8.0108642578125E-05 -0.471923828125 0.39166259765625
0.0549659729003906 0.0270805358886719 0.0330963134765625 0.0328388214111328
0.0318374633789063 -0.00407791137695313 0.497222900390625 -0.429901123046875
0.0224132537841797 -0.019622802734375 0.11834716796875 -0.85638427734375
-0.00827884674072265 -0.00917625427246094 -0.59576416015625 -0.5050048828125
-0.0120773315429688 0.000631332397460938 -0.61749267578125 0.15478515625
0.0190200805664062 0.00596427917480469 -0.2669677734375 0.41156005859375
0.0127372741699219 0.000148773193359375 0.093231201171875 0.32598876953125
0.0116996765136719 -0.00584793090820313 0.283966064453125 0.125823974609375
0.0269107818603516 -0.010986328125 -0.261367797851563 -0.149368286132812
0.0215530395507813 -0.00498199462890625 -0.05108642578125 -0.326568603515625
0.0315437316894531 0.0137462615966797 0.31640625 -0.32305908203125
-0.00118637084960937 0.0269489288330078 0.62335205078125 0.0262451171875
-0.0341262817382813 -0.0130653381347656 0.387939453125 0.6492919921875
0.01165771484375 -0.0586700439453125 -0.20654296875 0.84033203125
0.0418281555175781 -0.00254440307617188 -0.469085693359375 0.40301513671875
0.0617027282714844 0.0261077880859375 0.0239181518554688 0.0381813049316406
0.0361824035644531 -0.006072998046875 0.502410888671875 -0.417205810546875
0.0239620208740234 -0.0162143707275391 0.14306640625 -0.855712890625
-0.00666379928588867 -0.0040593147277832 -0.58074951171875 -0.527099609375
-0.00701284408569336 -0.000442981719970703 -0.6236572265625 0.135986328125
0.024658203125 0.002288818359375 -0.27874755859375 0.40521240234375
0.0154275894165039 -0.00643062591552734 0.085540771484375 0.3271484375
0.0133953094482422 -0.0109443664550781 0.28179931640625 0.127288818359375
0.0286102294921875 -0.00450706481933594 -0.27642822265625 -0.147933959960938
0.0122299194335938 0.00947475433349609 -0.071441650390625 -0.3404541015625
0.0178508758544922 0.0242881774902344 0.28814697265625 -0.372650146484375
-0.00611114501953125 0.0269241333007813 0.6265869140625 -0.06866455078125
-0.0297298431396484 -0.00762748718261719 0.461456298828125 0.562255859375
0.00540924072265625 -0.0405082702636719 -0.1024169921875 0.82574462890625
0.00692176818847656 0.0229015350341797 -0.43328857421875 0.431640625
0.00556564331054687 0.045074462890625 0.0108451843261719 0.0527801513671875
0.00109672546386719 0.0202522277832031 0.541961669921875 -0.37554931640625
0.0246944427490234 -0.000947952270507812 0.2515869140625 -0.863525390625
-0.00116229057312012 -0.00422859191894531 -0.5179443359375 -0.62347412109375
-0.0159482955932617 0.00371360778808594 -0.63812255859375 0.0464477539062499
0.0112066268920898 0.0148191452026367 -0.312591552734375 0.364105224609375
0.00822257995605469 0.010645866394043 0.06109619140625 0.319061279296875
0.0135955810546875 -0.00409507751464844 0.275054931640625 0.1297607421875
0.0258636474609375 -0.00113105773925781 -0.276168823242188 -0.147537231445313
0.011693000793457 0.0146045684814453 -0.06195068359375 -0.336822509765625
0.0132045745849609 0.0262470245361328 0.30035400390625 -0.35821533203125
-0.00995254516601563 0.0260791778564453 0.62744140625 -0.03704833984375
-0.0295181274414062 -0.0138473510742188 0.43505859375 0.5892333984375
0.0060272216796875 -0.0466194152832031 -0.14215087890625 0.82220458984375
0.00764656066894531 0.02178955078125 -0.44293212890625 0.413848876953125
0.00795364379882813 0.0456123352050781 0.0220794677734375 0.0460395812988281
0.00267982482910156 0.0176944732666016 0.53271484375 -0.390655517578125
0.02447509765625 -0.00757789611816406 0.21075439453125 -0.86187744140625
-0.00188541412353516 -0.00900936126708984 -0.54168701171875 -0.58636474609375
-0.0186882019042969 0.0026702880859375 -0.630615234375 0.0773925781250001
0.00715351104736328 0.0152931213378906 -0.296600341796875 0.37603759765625
0.0064239501953125 0.0133132934570313 0.075042724609375 0.320037841796875
0.0119352340698242 0.000349044799804688 0.279586791992188 0.126052856445313
0.0239582061767578 0.000789642333984375 -0.270462036132812 -0.150131225585938
0.00980854034423828 0.0163984298706055 -0.05340576171875 -0.3345947265625
0.0125484466552734 0.0279655456542969 0.3160400390625 -0.34405517578125
-0.0121879577636719 0.0240020751953125 0.63092041015625 -0.00640869140625
-0.0311756134033203 -0.019256591796875 0.41033935546875 0.62158203125
0.00838851928710938 -0.052093505859375 -0.1767578125 0.82781982421875
0.0108661651611328 0.0195732116699219 -0.453094482421875 0.40185546875
0.0120697021484375 0.0433845520019531 0.0311508178710938 0.0398368835449219
0.00576591491699219 0.0136680603027344 0.519439697265625 -0.409088134765625
0.0243282318115234 -0.0129814147949219 0.1710205078125 -0.86328125
-0.00381565093994141 -0.0139675140380859 -0.56689453125 -0.5560302734375
-0.0201339721679688 0.0023193359375 -0.62579345703125 0.10723876953125
0.00586986541748047 0.0152902603149414 -0.28363037109375 0.389373779296875
0.0059661865234375 0.0151271820068359 0.081939697265625 0.321807861328125
0.0114784240722656 0.00296211242675781 0.280487060546875 0.1278076171875
0.0220527648925781 0.000677108764648438 -0.268463134765625 -0.150054931640625
0.0118007659912109 0.0164575576782227 -0.045745849609375 -0.3311767578125
0.0112438201904297 0.0267524719238281 0.324493408203125 -0.32916259765625
-0.0127544403076172 0.0233173370361328 0.6314697265625 0.02374267578125
-0.0313625335693359 -0.0244693756103516 0.38507080078125 0.6439208984375
0.0104866027832031 -0.0576972961425781 -0.21337890625 0.8275146484375
0.0160198211669922 0.0148344039916992 -0.461883544921875 0.39068603515625
0.0208549499511719 0.0403861999511719 0.0384864807128906 0.0345077514648438
0.0119056701660156 0.00995254516601562 0.509796142578125 -0.42327880859375
0.0227527618408203 -0.0177726745605469 0.141357421875 -0.86077880859375
-0.00517082214355469 -0.0161333084106445 -0.58563232421875 -0.52545166015625
-0.0199565887451172 0.00220870971679687 -0.61968994140625 0.13470458984375
0.00673866271972656 0.0141077041625977 -0.269744873046875 0.400726318359375
0.00719165802001953 0.013676643371582 0.09063720703125 0.323394775390625
0.00884723663330078 0.00373268127441406 0.283966064453125 0.125091552734375
0.0214443206787109 0.000665664672851563 -0.26416015625 -0.150146484375
0.0129966735839844 0.0126304626464844 -0.04254150390625 -0.327423095703125
0.0147113800048828 0.0246143341064453 0.33331298828125 -0.31842041015625
-0.0121078491210938 0.0232143402099609 0.63134765625 0.04425048828125
-0.0330181121826172 -0.0251693725585937 0.36846923828125 0.66314697265625
0.0135154724121094 -0.0606880187988281 -0.23504638671875 0.8310546875
0.0242958068847656 0.0102977752685547 -0.471893310546875 0.384918212890625
0.0329399108886719 0.0370330810546875 0.0425682067871094 0.0299911499023438
0.0185165405273438 0.00409698486328125 0.50164794921875 -0.433624267578125
0.0221652984619141 -0.0204715728759766 0.11444091796875 -0.8609619140625
-0.00806140899658203 -0.0150480270385742 -0.59814453125 -0.5068359375
-0.0189628601074219 0.001251220703125 -0.61431884765625 0.15289306640625
0.00934314727783203 0.0120706558227539 -0.2615966796875 0.41058349609375
0.00810909271240234 0.0102043151855469 0.09521484375 0.32415771484375
0.00954055786132813 0.00174427032470703 0.285919189453125 0.12518310546875
0.0224037170410156 -0.00200080871582031 -0.261428833007813 -0.150131225585938
0.0163793563842773 0.00669097900390625 -0.04107666015625 -0.326019287109375
0.0201625823974609 0.0213432312011719 0.33294677734375 -0.31451416015625
-0.00939559936523438 0.0242462158203125 0.62908935546875 0.05401611328125
-0.0331516265869141 -0.0236282348632813 0.36199951171875 0.67181396484375
0.0144119262695313 -0.0637855529785156 -0.23956298828125 0.83551025390625
0.0316314697265625 0.0048980712890625 -0.473114013671875 0.385650634765625
0.0448188781738281 0.0319175720214844 0.0405158996582031 0.0293121337890625
0.0253486633300781 -0.000762939453125 0.49658203125 -0.436248779296875
0.0230159759521484 -0.0207386016845703 0.10675048828125 -0.8582763671875
-0.00922393798828125 -0.0133094787597656 -0.60015869140625 -0.49945068359375
-0.0153465270996094 0.000214576721191405 -0.61419677734375 0.1597900390625
0.0128850936889648 0.00887584686279297 -0.262786865234375 0.41461181640625
0.00982952117919922 0.00531578063964844 0.09613037109375 0.325164794921875
0.0102167129516602 -0.00111484527587891 0.28558349609375 0.12506103515625
0.0231113433837891 -0.00728225708007813 -0.261810302734375 -0.150558471679688
0.0184726715087891 0.00142288208007813 -0.044189453125 -0.3250732421875
0.025604248046875 0.0185623168945313 0.326934814453125 -0.314727783203125
-0.00482559204101562 0.0254859924316406 0.6270751953125 0.0457763671875
-0.0346641540527344 -0.0194511413574219 0.36907958984375 0.66461181640625
0.0127716064453125 -0.0626907348632813 -0.23193359375 0.83746337890625
0.0381011962890625 0.000324249267578125 -0.47552490234375 0.392242431640625
0.0561141967773438 0.02911376953125 0.0328750610351563 0.0327243804931641
0.032806396484375 -0.0040130615234375 0.49859619140625 -0.428985595703125
0.0228652954101563 -0.0200481414794922 0.1197509765625 -0.85943603515625
-0.00830745697021484 -0.00865697860717773 -0.59405517578125 -0.50738525390625
-0.0121498107910156 0.000509262084960939 -0.61737060546875 0.1534423828125
0.0185089111328125 0.00531196594238281 -0.26678466796875 0.4124755859375
0.0128240585327148 -0.000588417053222656 0.09295654296875 0.3277587890625
0.0110616683959961 -0.00524711608886719 0.285614013671875 0.1258544921875
0.0260505676269531 -0.0107345581054688 -0.262313842773437 -0.148727416992188
0.0215702056884766 -0.00514984130859375 -0.05279541015625 -0.3280029296875
0.0317878723144531 0.0131626129150391 0.317169189453125 -0.320281982421875
-6.10351562499979E-05 0.0267734527587891 0.62481689453125 0.02911376953125
-0.0347251892089844 -0.0119266510009766 0.38677978515625 0.6502685546875
0.0118637084960938 -0.0595550537109375 -0.2080078125 0.84197998046875
0.0417594909667969 -0.00194168090820313 -0.4716796875 0.403778076171875
0.0619621276855469 0.0258369445800781 0.0233955383300781 0.0373725891113281
0.0366706848144531 -0.00548553466796875 0.5030517578125 -0.41705322265625
0.0238552093505859 -0.0156078338623047 0.14556884765625 -0.85809326171875
-0.00712490081787109 -0.00401735305786133 -0.5804443359375 -0.52752685546875
-0.00753879547119141 0.000608921051025392 -0.62567138671875 0.13592529296875
0.0246219635009766 0.00293159484863281 -0.27984619140625 0.4066162109375
0.0163917541503906 -0.00595760345458984 0.085845947265625 0.3284912109375
0.0129785537719727 -0.0110368728637695 0.283294677734375 0.127227783203125
0.0297718048095703 -0.00515174865722656 -0.277969360351563 -0.147933959960937
0.012293815612793 0.0102415084838867 -0.070831298828125 -0.341400146484375
0.0189151763916016 0.0247268676757812 0.289581298828125 -0.374542236328125
-0.00542640686035156 0.0284328460693359 0.6292724609375 -0.06817626953125
-0.0294666290283203 -0.00623703002929688 0.46270751953125 0.566650390625
0.00475311279296875 -0.0416793823242188 -0.1046142578125 0.8272705078125
0.00736427307128906 0.0242042541503906 -0.435302734375 0.432037353515625
0.00727462768554688 0.0457267761230469 0.01080322265625 0.0529594421386719
0.000698089599609373 0.0209922790527344 0.545257568359375 -0.37591552734375
0.0248641967773438 -0.00116729736328125 0.25299072265625 -0.86474609375
0.000216007232666016 -0.00464439392089844 -0.52044677734375 -0.62591552734375
-0.0162782669067383 0.00484371185302735 -0.64068603515625 0.0471801757812501
0.011077880859375 0.0138168334960938 -0.314239501953125 0.366455078125
0.00816917419433594 0.00978660583496094 0.0625 0.321685791015625
0.0134401321411133 -0.00366020202636719 0.277114868164063 0.129379272460938
0.0253849029541016 -0.001251220703125 -0.276565551757812 -0.146942138671875
0.0115890502929688 0.0149078369140625 -0.06329345703125 -0.338897705078125
0.0146503448486328 0.0273189544677734 0.301300048828125 -0.3587646484375
-0.00892829895019531 0.0266952514648437 0.63104248046875 -0.03594970703125
-0.0302696228027344 -0.0138378143310547 0.436767578125 0.59320068359375
0.005096435546875 -0.0474319458007813 -0.14556884765625 0.8250732421875
0.00743675231933594 0.021636962890625 -0.447174072265625 0.415130615234375
0.00717544555664063 0.0458488464355469 0.0212440490722656 0.046112060546875
0.00339698791503906 0.0183391571044922 0.53680419921875 -0.390869140625
0.0243988037109375 -0.00743675231933594 0.214599609375 -0.86273193359375
-0.00167274475097656 -0.0099029541015625 -0.54425048828125 -0.58929443359375
-0.01885986328125 0.00359344482421875 -0.633544921875 0.0772705078125
0.00561046600341797 0.0152292251586914 -0.297027587890625 0.3768310546875
0.00701522827148438 0.0124101638793945 0.0751953125 0.3211669921875
0.0103979110717773 0.000841140747070313 0.282135009765625 0.126312255859375
0.0245342254638672 0.00113105773925781 -0.271759033203125 -0.15093994140625
0.0111799240112305 0.0168781280517578 -0.0531005859375 -0.335205078125
0.0127716064453125 0.0276031494140625 0.31732177734375 -0.344573974609375
-0.0120449066162109 0.0251178741455078 0.633544921875 -0.00384521484375
-0.0317611694335938 -0.0192546844482422 0.41204833984375 0.62506103515625
0.0078277587890625 -0.0532493591308594 -0.1790771484375 0.82904052734375
0.0105915069580078 0.0188083648681641 -0.455841064453125 0.403656005859375
0.0126380920410156 0.0443191528320313 0.03125 0.0390853881835938
0.00664901733398438 0.0146389007568359 0.52301025390625 -0.4105224609375
0.024169921875 -0.0128955841064453 0.17376708984375 -0.8682861328125
-0.00499534606933594 -0.0137834548950195 -0.5692138671875 -0.55889892578125
-0.0201492309570313 0.00196266174316407 -0.62939453125 0.10760498046875
0.00560188293457031 0.0155849456787109 -0.28448486328125 0.390228271484375
0.00665760040283203 0.0144186019897461 0.0833740234375 0.324432373046875
0.010991096496582 0.00339126586914063 0.283294677734375 0.127227783203125
0.0218086242675781 0.00144004821777344 -0.270263671875 -0.149856567382813
0.0111703872680664 0.0157499313354492 -0.047210693359375 -0.332000732421875
0.0126972198486328 0.0272808074951172 0.327911376953125 -0.328765869140625
-0.0128898620605469 0.0239295959472656 0.63385009765625 0.0269775390625
-0.0317707061767578 -0.0234832763671875 0.38482666015625 0.64990234375
0.0106925964355469 -0.057861328125 -0.21441650390625 0.830322265625
0.0161161422729492 0.0150442123413086 -0.466156005859375 0.39093017578125
0.0216407775878906 0.0407600402832031 0.0377159118652344 0.033447265625
0.0120697021484375 0.0105533599853516 0.513336181640625 -0.423004150390625
0.0230159759521484 -0.0171241760253906 0.14459228515625 -0.86346435546875
-0.00559616088867188 -0.0154485702514648 -0.5865478515625 -0.5281982421875
-0.0207233428955078 0.00196075439453125 -0.6220703125 0.13494873046875
0.00619697570800782 0.0150966644287109 -0.270111083984375 0.400848388671875
0.00683403015136719 0.0131502151489258 0.091644287109375 0.324615478515625
0.0085601806640625 0.00389337539672852 0.28753662109375 0.1260986328125
0.0217685699462891 0.000623703002929688 -0.265655517578125 -0.1514892578125
0.0143671035766602 0.0128622055053711 -0.042022705078125 -0.328521728515625
0.0154800415039062 0.0253467559814453 0.334320068359375 -0.31781005859375
-0.0113945007324219 0.0243244171142578 0.63336181640625 0.0474853515625
-0.0332927703857422 -0.0262260437011719 0.36724853515625 0.66790771484375
0.0125999450683594 -0.0625648498535156 -0.23583984375 0.834716796875
0.0243473052978516 0.00972747802734375 -0.473480224609375 0.386138916015625
0.0338706970214844 0.03729248046875 0.0417747497558594 0.0306282043457031
0.0195579528808594 0.00456619262695313 0.504425048828125 -0.43536376953125
0.0231056213378906 -0.0200634002685547 0.11749267578125 -0.86456298828125
-0.00769615173339844 -0.0147113800048828 -0.59906005859375 -0.5103759765625
-0.0187492370605469 0.00184440612792969 -0.6173095703125 0.15374755859375
0.00854301452636719 0.0122699737548828 -0.262664794921875 0.410736083984375
0.00830936431884766 0.00998973846435547 0.096527099609375 0.326385498046875
0.00866794586181641 0.00269937515258789 0.2879638671875 0.12603759765625
0.0220699310302734 -0.00289726257324219 -0.262802124023438 -0.151275634765625
0.0156736373901367 0.00710868835449219 -0.041778564453125 -0.326446533203125
0.0209693908691406 0.0212345123291016 0.335693359375 -0.313079833984375
-0.00877761840820312 0.0246238708496094 0.632080078125 0.054931640625
-0.0334377288818359 -0.0238189697265625 0.3626708984375 0.67718505859375
0.0128936767578125 -0.0645980834960937 -0.242431640625 0.83843994140625
0.0321750640869141 0.00524711608886719 -0.477142333984375 0.3876953125
0.0460319519042969 0.0327033996582031 0.0392112731933594 0.0305900573730469
0.0262947082519531 -0.000272750854492188 0.5009765625 -0.435546875
0.0227909088134766 -0.0220928192138672 0.11224365234375 -0.8638916015625
-0.00843238830566406 -0.0126409530639648 -0.60308837890625 -0.50262451171875
-0.0169553756713867 0.00171566009521484 -0.61798095703125 0.159912109375
0.0133934020996094 0.00872707366943359 -0.262725830078125 0.4156494140625
0.010289192199707 0.00525951385498047 0.096405029296875 0.328125
0.00949954986572266 -0.000726699829101563 0.287322998046875 0.1268310546875
0.0244197845458984 -0.00681877136230469 -0.26318359375 -0.150344848632813
0.0188846588134766 0.00176429748535156 -0.045135498046875 -0.3277587890625
0.0259857177734375 0.0178737640380859 0.328521728515625 -0.315673828125
-0.00434112548828125 0.0264072418212891 0.63079833984375 0.047119140625
-0.0339298248291016 -0.0182666778564453 0.3707275390625 0.6680908203125
0.0134963989257812 -0.0636749267578125 -0.23284912109375 0.8419189453125
0.038909912109375 -0.000701904296875 -0.478424072265625 0.39215087890625
0.0572395324707031 0.0277633666992188 0.0320930480957031 0.0329093933105469
0.0325870513916016 -0.00317001342773437 0.502044677734375 -0.42803955078125
0.0234222412109375 -0.0191287994384766 0.1231689453125 -0.8621826171875
-0.0084528923034668 -0.00877618789672852 -0.5985107421875 -0.5103759765625
-0.0124969482421875 0.00100326538085938 -0.6212158203125 0.15264892578125
0.0184993743896484 0.00522804260253906 -0.26800537109375 0.41455078125
0.0133657455444336 -0.00171756744384766 0.093658447265625 0.32940673828125
0.0106220245361328 -0.00574684143066406 0.286956787109375 0.127227783203125
0.0265960693359375 -0.0104751586914063 -0.2642822265625 -0.148941040039063
0.0211334228515625 -0.00507926940917969 -0.05169677734375 -0.327850341796875
0.0330181121826172 0.0136642456054688 0.319427490234375 -0.322265625
0.000566482543945309 0.0280342102050781 0.62799072265625 0.02984619140625
-0.03497314453125 -0.0123462677001953 0.388916015625 0.65576171875
0.0111961364746094 -0.0601310729980469 -0.21087646484375 0.84716796875
0.0422630310058594 -0.00241851806640625 -0.473419189453125 0.405609130859375
0.0630378723144531 0.0264091491699219 0.0228691101074219 0.0378761291503906
0.0371513366699219 -0.00403976440429687 0.506072998046875 -0.41925048828125
0.0244045257568359 -0.0161304473876953 0.1483154296875 -0.86285400390625
-0.00678539276123047 -0.00394868850708008 -0.58392333984375 -0.53106689453125
-0.00834465026855469 0.000483512878417969 -0.6279296875 0.1356201171875
0.0245952606201172 0.00263786315917969 -0.279693603515625 0.407623291015625
0.0164785385131836 -0.00724124908447266 0.08544921875 0.330108642578125
0.0132427215576172 -0.0108146667480469 0.284912109375 0.127899169921875
0.0287284851074219 -0.00438880920410156 -0.279739379882813 -0.148544311523438
0.0126638412475586 0.00982761383056641 -0.073699951171875 -0.342987060546875
0.020111083984375 0.0246257781982422 0.29083251953125 -0.375
-0.00520706176757812 0.0278587341308594 0.63116455078125 -0.06781005859375
-0.0297050476074219 -0.00746726989746093 0.46612548828125 0.572998046875
0.00395584106445312 -0.0423622131347656 -0.10528564453125 0.833251953125
0.00717544555664062 0.0236320495605469 -0.439605712890625 0.435699462890625
0.007568359375 0.0459098815917969 0.00931167602539063 0.0536384582519531
0.00177192687988281 0.0215702056884766 0.548187255859375 -0.37677001953125
0.0253105163574219 -0.00118255615234375 0.2557373046875 -0.872314453125
0.000108003616333008 -0.00407862663269043 -0.52392578125 -0.6280517578125
-0.0156707763671875 0.00479030609130859 -0.6458740234375 0.0478515625000001
0.0106010437011719 0.0136594772338867 -0.31524658203125 0.367919921875
0.0091400146484375 0.00900173187255859 0.063934326171875 0.322967529296875
0.0133256912231445 -0.00316047668457031 0.279953002929688 0.12957763671875
0.0255241394042969 -0.00186920166015625 -0.279144287109375 -0.148529052734375
0.0115938186645508 0.0150327682495117 -0.063873291015625 -0.339996337890625
0.0150203704833984 0.0270233154296875 0.303619384765625 -0.359771728515625
-0.009307861328125 0.0268840789794922 0.63458251953125 -0.03515625
-0.0306949615478516 -0.0140781402587891 0.4384765625 0.596923828125
0.00539398193359375 -0.0486907958984375 -0.146728515625 0.83154296875
0.00862884521484375 0.0215969085693359 -0.450714111328125 0.417388916015625
0.00823974609375 0.0460662841796875 0.0203170776367188 0.0460968017578125
0.00298500061035156 0.0190830230712891 0.538848876953125 -0.392730712890625
0.0244159698486328 -0.00813102722167969 0.2181396484375 -0.86712646484375
-0.00193119049072266 -0.010746955871582 -0.54742431640625 -0.59368896484375
-0.0183830261230469 0.00332260131835938 -0.63787841796875 0.0784912109374999
0.00635814666748047 0.0147008895874023 -0.2982177734375 0.3790283203125
0.00696277618408203 0.0129776000976562 0.076080322265625 0.324554443359375
0.0100946426391602 -0.000163078308105469 0.284210205078125 0.127716064453125
0.0242595672607422 0.00111961364746094 -0.274032592773438 -0.151229858398438
0.0109376907348633 0.0168981552124023 -0.0545654296875 -0.336578369140625
0.0138206481933594 0.0285987854003906 0.319183349609375 -0.3458251953125
-0.0117855072021484 0.0246467590332031 0.637939453125 -0.003662109375
-0.0314445495605469 -0.0195121765136719 0.41473388671875 0.62969970703125
0.00726699829101563 -0.0541038513183594 -0.1807861328125 0.83642578125
0.0115451812744141 0.0194969177246094 -0.45941162109375 0.40618896484375
0.0133171081542969 0.0445442199707031 0.0301780700683594 0.0396728515625
0.00675201416015625 0.016021728515625 0.526153564453125 -0.411865234375
0.0245628356933594 -0.013031005859375 0.175537109375 -0.87237548828125
-0.00447654724121094 -0.0130758285522461 -0.57257080078125 -0.56329345703125
-0.0205402374267578 0.003631591796875 -0.63275146484375 0.1075439453125
0.00560760498046875 0.0156669616699219 -0.28564453125 0.3927001953125
0.00636482238769531 0.0142679214477539 0.083892822265625 0.326507568359375
0.0101404190063477 0.00339508056640625 0.286956787109375 0.128814697265625
0.0218162536621094 0.00103569030761719 -0.27264404296875 -0.150665283203125
0.0120906829833984 0.0160627365112305 -0.046905517578125 -0.333984375
0.0131301879882813 0.0266056060791016 0.329376220703125 -0.329833984375
-0.0120086669921875 0.0241661071777344 0.63714599609375 0.026611328125
-0.0324478149414063 -0.0237579345703125 0.38702392578125 0.654052734375
0.00951766967773438 -0.0595588684082031 -0.2186279296875 0.8360595703125
0.0175027847290039 0.0160007476806641 -0.468719482421875 0.39324951171875
0.0222587585449219 0.0423507690429688 0.0373992919921875 0.03466796875
0.0128707885742188 0.0107669830322266 0.516448974609375 -0.4259033203125
0.0229625701904297 -0.0176849365234375 0.14398193359375 -0.87139892578125
-0.00643444061279297 -0.0154256820678711 -0.58941650390625 -0.53143310546875
-0.0202445983886719 0.003173828125 -0.62506103515625 0.1351318359375
0.00681209564208984 0.0139102935791016 -0.271240234375 0.404205322265625
0.00673103332519531 0.0129508972167969 0.093231201171875 0.327056884765625
0.0089263916015625 0.00386524200439453 0.289215087890625 0.1256103515625
0.0213851928710938 -0.000331878662109375 -0.267929077148438 -0.151641845703125
0.0135555267333984 0.0124263763427734 -0.04266357421875 -0.329986572265625
0.0161876678466797 0.0255203247070312 0.33734130859375 -0.319671630859375
-0.0109844207763672 0.0241909027099609 0.6380615234375 0.04864501953125
-0.0333099365234375 -0.0251064300537109 0.370849609375 0.67431640625
0.0112800598144531 -0.0631980895996094 -0.23736572265625 0.83892822265625
0.0249080657958984 0.0106029510498047 -0.477752685546875 0.38824462890625
0.0344352722167969 0.0382156372070313 0.0402717590332031 0.0312156677246094
0.0198268890380859 0.00510406494140625 0.507293701171875 -0.43658447265625
0.0232620239257813 -0.0209465026855469 0.11871337890625 -0.8690185546875
-0.00784873962402344 -0.015324592590332 -0.60302734375 -0.51214599609375
-0.0188961029052734 0.00274658203125 -0.621337890625 0.15496826171875
0.00860595703125 0.011998176574707 -0.263214111328125 0.4139404296875
0.00899410247802734 0.00909805297851563 0.097991943359375 0.328033447265625
0.00883197784423828 0.00296115875244141 0.289825439453125 0.125640869140625
0.0225143432617188 -0.00287628173828125 -0.265380859375 -0.150726318359375
0.0158939361572266 0.00730133056640625 -0.04278564453125 -0.3280029296875
0.0215530395507813 0.0218410491943359 0.337127685546875 -0.314056396484375
-0.00798416137695313 0.0254287719726563 0.63677978515625 0.0545654296875
-0.0340747833251953 -0.0232067108154297 0.36529541015625 0.67987060546875
0.0129013061523438 -0.0653724670410156 -0.24365234375 0.84228515625
0.0327930450439453 0.00423049926757813 -0.4810791015625 0.38873291015625
0.0470314025878906 0.0333404541015625 0.03912353515625 0.0301551818847656
0.0275688171386719 0.000967025756835938 0.50341796875 -0.437896728515625
0.0229206085205078 -0.0214920043945313 0.1141357421875 -0.86846923828125
-0.00897979736328125 -0.0128469467163086 -0.605712890625 -0.50482177734375
-0.0158853530883789 0.00197887420654297 -0.6204833984375 0.1622314453125
0.0134658813476563 0.00795269012451172 -0.26495361328125 0.41717529296875
0.0107717514038086 0.00410938262939453 0.098419189453125 0.330169677734375
0.00970268249511719 -0.000540733337402344 0.28985595703125 0.126617431640625
0.0237579345703125 -0.00685310363769531 -0.26495361328125 -0.151016235351563
0.0190658569335938 0.001007080078125 -0.04656982421875 -0.32830810546875
0.0273628234863281 0.0177993774414063 0.3311767578125 -0.316497802734375
-0.00313568115234375 0.0257587432861328 0.63421630859375 0.047607421875
-0.0352096557617188 -0.0193672180175781 0.372314453125 0.67535400390625
0.0120925903320313 -0.0642738342285156 -0.23504638671875 0.84710693359375
0.0396804809570313 0.00030517578125 -0.481292724609375 0.395050048828125
0.057861328125 0.0294303894042969 0.0318584442138672 0.0331840515136719
0.0341529846191406 -0.00231170654296875 0.504150390625 -0.431854248046875
0.0236797332763672 -0.0202007293701172 0.12542724609375 -0.8699951171875
-0.00829410552978516 -0.00905418395996094 -0.60052490234375 -0.5126953125
-0.0120944976806641 0.000956535339355471 -0.62457275390625 0.15435791015625
0.0188961029052734 0.00483322143554688 -0.269500732421875 0.416046142578125
0.0131540298461914 -0.00114822387695313 0.095001220703125 0.331512451171875
0.0098419189453125 -0.00551795959472656 0.289642333984375 0.1279296875
0.0261192321777344 -0.0117282867431641 -0.265350341796875 -0.150177001953125
0.0222129821777344 -0.00540733337402344 -0.053131103515625 -0.32916259765625
0.0329914093017578 0.0140781402587891 0.32171630859375 -0.32293701171875
0.00142478942871094 0.0280323028564453 0.6324462890625 0.0311279296875
-0.0351009368896484 -0.0118865966796875 0.3916015625 0.6612548828125
0.0114097595214844 -0.0614738464355469 -0.2109375 0.8519287109375
0.04290771484375 -0.00172042846679688 -0.477691650390625 0.4085693359375
0.064605712890625 0.0271720886230469 0.0210533142089844 0.0385627746582031
0.0384788513183594 -0.00377655029296875 0.5107421875 -0.4195556640625
0.0251121520996094 -0.0163803100585938 0.14990234375 -0.86651611328125
-0.00721120834350586 -0.0039067268371582 -0.58648681640625 -0.5360107421875
-0.00763273239135742 0.000877857208251952 -0.6312255859375 0.13720703125
0.0247955322265625 0.00180244445800781 -0.280975341796875 0.411376953125
0.0167150497436523 -0.00762844085693359 0.08746337890625 0.33245849609375
0.012354850769043 -0.0105600357055664 0.28851318359375 0.128692626953125
0.028778076171875 -0.00571823120117188 -0.28192138671875 -0.148040771484375
0.0126876831054688 0.00924968719482422 -0.0745849609375 -0.344970703125
0.0198574066162109 0.0250129699707031 0.29168701171875 -0.3773193359375
-0.00467109680175782 0.0286865234375 0.63604736328125 -0.06903076171875
-0.0296173095703125 -0.00752067565917968 0.46917724609375 0.5762939453125
0.00283050537109375 -0.0431365966796875 -0.1055908203125 0.83978271484375
0.00778388977050781 0.0232353210449219 -0.442840576171875 0.4390869140625
0.00835037231445313 0.0470428466796875 0.00865936279296874 0.0530967712402344
0.00201416015625 0.0223350524902344 0.55206298828125 -0.38018798828125
0.0260677337646484 -0.00100517272949219 0.2578125 -0.87841796875
-0.00091695785522461 -0.00378990173339844 -0.5281982421875 -0.63250732421875
-0.0164117813110352 0.00490093231201172 -0.65032958984375 0.0499877929687501
0.0112495422363281 0.0141115188598633 -0.31591796875 0.371002197265625
0.00919628143310547 0.00925254821777344 0.064697265625 0.32623291015625
0.0131807327270508 -0.00331878662109375 0.282684326171875 0.131103515625
0.0257205963134766 -0.00171661376953125 -0.281494140625 -0.147735595703125
0.0117044448852539 0.0146722793579102 -0.06597900390625 -0.341705322265625
0.0159492492675781 0.0271320343017578 0.3050537109375 -0.36322021484375
-0.00819206237792969 0.0277462005615234 0.63800048828125 -0.0355224609375
-0.0308055877685547 -0.0150489807128906 0.44427490234375 0.6029052734375
0.00400543212890625 -0.0486793518066406 -0.14752197265625 0.83746337890625
0.00835609436035156 0.0224494934082031 -0.4537353515625 0.422454833984375
0.00916671752929688 0.0469894409179688 0.0202178955078125 0.0458831787109375
0.003143310546875 0.0198040008544922 0.54205322265625 -0.395904541015625
0.0254898071289063 -0.00751495361328125 0.21893310546875 -0.87445068359375
-0.00184154510498047 -0.00962066650390625 -0.55157470703125 -0.5968017578125
-0.0191421508789063 0.00464439392089843 -0.6414794921875 0.0808105468749999
0.00658226013183594 0.0142307281494141 -0.29925537109375 0.383026123046875
0.0068807601928711 0.0120067596435547 0.078277587890625 0.326690673828125
0.0105819702148437 0.00104141235351562 0.28729248046875 0.128448486328125
0.0237751007080078 0.000762939453125 -0.2767333984375 -0.150390625
0.0107841491699219 0.0170269012451172 -0.05535888671875 -0.338531494140625
0.0142459869384766 0.0282478332519531 0.32159423828125 -0.347869873046875
-0.0105018615722656 0.0262699127197266 0.64154052734375 -0.003662109375
-0.0320510864257813 -0.0192184448242187 0.4176025390625 0.63421630859375
0.0063934326171875 -0.0552940368652344 -0.18084716796875 0.84173583984375
0.0122432708740234 0.0194301605224609 -0.462127685546875 0.4102783203125
0.0146064758300781 0.0455398559570313 0.0297393798828125 0.0400276184082031
0.0073862075805664 0.0157251358032227 0.5281982421875 -0.414947509765625
0.0254058837890625 -0.0128593444824219 0.17742919921875 -0.8790283203125
-0.00366878509521484 -0.0141143798828125 -0.5765380859375 -0.56488037109375
-0.0210685729980469 0.00396728515625 -0.6373291015625 0.1109619140625
0.00575351715087891 0.0153207778930664 -0.285430908203125 0.39697265625
0.00601577758789063 0.013427734375 0.085784912109375 0.32861328125
0.00929069519042969 0.00399017333984375 0.289337158203125 0.12860107421875
0.021942138671875 0.000867843627929688 -0.27447509765625 -0.150787353515625
0.0120210647583008 0.0161447525024414 -0.04962158203125 -0.334442138671875
0.0137977600097656 0.0274791717529297 0.330596923828125 -0.332122802734375
-0.0120010375976563 0.0246372222900391 0.641845703125 0.02679443359375
-0.0329685211181641 -0.0240497589111328 0.39093017578125 0.65826416015625
0.00914382934570313 -0.059539794921875 -0.2156982421875 0.8424072265625
0.0179252624511719 0.014892578125 -0.47265625 0.396697998046875
0.0232009887695313 0.0424118041992187 0.0369186401367188 0.0344161987304688
0.0131282806396484 0.0116653442382813 0.520355224609375 -0.42864990234375
0.0243682861328125 -0.0179824829101563 0.1461181640625 -0.876708984375
-0.00617599487304687 -0.0158500671386719 -0.59423828125 -0.53436279296875
-0.0209484100341797 0.003326416015625 -0.62921142578125 0.13885498046875
0.00548839569091797 0.0141029357910156 -0.271575927734375 0.407318115234375
0.00699710845947266 0.0127401351928711 0.09527587890625 0.329254150390625
0.00812053680419922 0.00453472137451172 0.292327880859375 0.126556396484375
0.0215473175048828 0.000261306762695313 -0.270339965820313 -0.151199340820313
0.0140457153320313 0.0124044418334961 -0.0445556640625 -0.3314208984375
0.0164241790771484 0.0251235961914063 0.33782958984375 -0.322021484375
-0.0101909637451172 0.0247287750244141 0.64263916015625 0.0478515625
-0.0337295532226563 -0.02545166015625 0.3746337890625 0.67889404296875
0.0109901428222656 -0.0643310546875 -0.239013671875 0.8446044921875
0.0255508422851563 0.0102519989013672 -0.481292724609375 0.39202880859375
0.0355339050292969 0.0382156372070313 0.0402755737304688 0.0309333801269531
0.0202980041503906 0.00600433349609375 0.510650634765625 -0.439697265625
0.0234889984130859 -0.0207080841064453 0.12091064453125 -0.8785400390625
-0.0079202651977539 -0.0150432586669922 -0.609375 -0.51483154296875
-0.0194110870361328 0.00315475463867187 -0.62530517578125 0.1572265625
0.00935554504394531 0.0115795135498047 -0.265625 0.416290283203125
0.00859260559082031 0.00932502746582031 0.10003662109375 0.3314208984375
0.00892925262451172 0.00341606140136719 0.2935791015625 0.1265869140625
0.02142333984375 -0.00281906127929688 -0.267776489257813 -0.15167236328125
0.0164508819580078 0.00732994079589844 -0.04412841796875 -0.330352783203125
0.0221633911132813 0.0218696594238281 0.338653564453125 -0.316253662109375
-0.00710296630859375 0.0253238677978516 0.64141845703125 0.0557861328125
-0.03448486328125 -0.0234432220458984 0.370361328125 0.6866455078125
0.0120162963867187 -0.0662574768066406 -0.24444580078125 0.84918212890625
0.0337047576904297 0.00446128845214844 -0.484588623046875 0.392730712890625
0.0476531982421875 0.0337333679199219 0.0380096435546875 0.0301704406738281
0.0274200439453125 0.00182533264160156 0.505523681640625 -0.4412841796875
0.0232353210449219 -0.0209884643554688 0.11309814453125 -0.87548828125
-0.00893592834472656 -0.0127573013305664 -0.61151123046875 -0.5074462890625
-0.0170907974243164 0.00245285034179688 -0.62493896484375 0.16546630859375
0.0135421752929688 0.00878715515136719 -0.2642822265625 0.421142578125
0.0111198425292969 0.00393581390380859 0.099884033203125 0.331817626953125
0.00911426544189453 -1.9073486328125E-05 0.29351806640625 0.126617431640625
0.0235176086425781 -0.00720596313476563 -0.268463134765625 -0.150787353515625
0.0195960998535156 0.000822067260742188 -0.04754638671875 -0.33062744140625
0.02752685546875 0.0177536010742188 0.331878662109375 -0.318878173828125
-0.00262832641601562 0.0258579254150391 0.6387939453125 0.049072265625
-0.0349063873291016 -0.0191841125488281 0.377685546875 0.679931640625
0.011932373046875 -0.065521240234375 -0.23333740234375 0.8533935546875
0.0404052734375 -7.62939453125E-06 -0.484405517578125 0.3995361328125
0.0592613220214844 0.0301551818847656 0.030853271484375 0.0331802368164063
0.0346164703369141 -0.00249481201171875 0.507476806640625 -0.435455322265625
0.0242214202880859 -0.0200729370117188 0.1265869140625 -0.87347412109375
-0.00851821899414063 -0.00893592834472656 -0.60491943359375 -0.51690673828125
-0.0125541687011719 0.00179672241210938 -0.62847900390625 0.15771484375
0.0188369750976563 0.00471687316894531 -0.268707275390625 0.41925048828125
0.0131559371948242 -0.00162982940673828 0.09710693359375 0.334259033203125
0.00978565216064453 -0.00469493865966797 0.292724609375 0.126953125
0.0259933471679688 -0.0114402770996094 -0.26806640625 -0.150772094726563
0.0216312408447266 -0.00581169128417969 -0.0540771484375 -0.330780029296875
0.03411865234375 0.01336669921875 0.323028564453125 -0.3258056640625
0.00200653076171875 0.0276527404785156 0.6365966796875 0.03057861328125
-0.0350437164306641 -0.0121002197265625 0.39544677734375 0.6673583984375
0.00986480712890625 -0.0623397827148437 -0.21099853515625 0.85614013671875
0.0435371398925781 -0.00269699096679687 -0.481597900390625 0.410919189453125
0.0656852722167969 0.0272216796875 0.0210762023925781 0.0393218994140625
0.03948974609375 -0.00328826904296875 0.5133056640625 -0.42327880859375
0.0253696441650391 -0.0163154602050781 0.1492919921875 -0.87420654296875
-0.00716686248779297 -0.00352716445922852 -0.5902099609375 -0.53607177734375
-0.00908088684082031 0.00158309936523438 -0.6343994140625 0.1387939453125
0.0255584716796875 0.00131797790527344 -0.2818603515625 0.412994384765625
0.0164394378662109 -0.00783538818359375 0.089691162109375 0.334320068359375
0.0121688842773437 -0.0103492736816406 0.290557861328125 0.1300048828125
0.0285396575927734 -0.00618934631347656 -0.285430908203125 -0.148223876953125
0.0128288269042969 0.00973701477050781 -0.07720947265625 -0.346405029296875
0.0207996368408203 0.0248298645019531 0.29278564453125 -0.38104248046875
-0.00369644165039062 0.0300083160400391 0.64093017578125 -0.06951904296875
-0.0298919677734375 -0.00702476501464844 0.4757080078125 0.5819091796875
0.00189590454101562 -0.0449295043945312 -0.10430908203125 0.8465576171875
0.00857162475585938 0.0236415863037109 -0.44573974609375 0.445343017578125
0.00889205932617187 0.0471458435058594 0.00819015502929688 0.0540275573730469
0.00307464599609375 0.0225067138671875 0.554779052734375 -0.383819580078125
0.0263347625732422 -0.00156402587890625 0.25970458984375 -0.8858642578125
-0.0003814697265625 -0.00492000579833984 -0.53363037109375 -0.63751220703125
-0.0163908004760742 0.00571537017822266 -0.65386962890625 0.0525512695312501
0.0101184844970703 0.0138254165649414 -0.3175048828125 0.375640869140625
0.00938606262207031 0.00835418701171875 0.068084716796875 0.3287353515625
0.0128498077392578 -0.00291538238525391 0.2867431640625 0.130523681640625
0.0256557464599609 -0.00302696228027344 -0.283935546875 -0.14794921875
0.0117330551147461 0.0149507522583008 -0.067840576171875 -0.343719482421875
0.0170326232910156 0.0272006988525391 0.3060302734375 -0.364898681640625
-0.00714874267578125 0.0272865295410156 0.64276123046875 -0.036865234375
-0.0311870574951172 -0.0145397186279297 0.448486328125 0.60638427734375
0.00321197509765625 -0.049560546875 -0.14642333984375 0.84381103515625
0.00899696350097656 0.0231361389160156 -0.456268310546875 0.42608642578125
0.0101890563964844 0.0473785400390625 0.0192527770996094 0.0469970703125
0.00347137451171875 0.0208339691162109 0.546844482421875 -0.401519775390625
0.0259628295898437 -0.00760269165039062 0.2198486328125 -0.8819580078125
-0.00181007385253906 -0.0108795166015625 -0.55633544921875 -0.598388671875
-0.0192031860351563 0.00422096252441406 -0.64727783203125 0.0836181640625001
0.0068674087524414 0.0138912200927734 -0.29937744140625 0.385955810546875
0.0074462890625 0.0114841461181641 0.081146240234375 0.32977294921875
0.0100536346435547 0.000814437866210938 0.290771484375 0.12738037109375
0.0238609313964844 0.000278472900390625 -0.280166625976562 -0.14984130859375
0.0104541778564453 0.0158271789550781 -0.058074951171875 -0.340606689453125
0.0148830413818359 0.0291423797607422 0.3214111328125 -0.351318359375
-0.0104656219482422 0.0255222320556641 0.6483154296875 -0.005615234375
-0.0321693420410156 -0.0193080902099609 0.42340087890625 0.64013671875
0.00560379028320313 -0.0551986694335938 -0.18084716796875 0.84906005859375
0.0125999450683594 0.0197315216064453 -0.465911865234375 0.413330078125
0.0158882141113281 0.0451889038085937 0.029327392578125 0.0401992797851563
0.00800991058349609 0.0173988342285156 0.531219482421875 -0.420440673828125
0.0251655578613281 -0.0138664245605469 0.17730712890625 -0.88873291015625
-0.00430107116699219 -0.0136442184448242 -0.5831298828125 -0.5679931640625
-0.0217685699462891 0.00447273254394531 -0.6429443359375 0.11468505859375
0.00475215911865234 0.0152864456176758 -0.285797119140625 0.401885986328125
0.00643348693847656 0.0129804611206055 0.087860107421875 0.332305908203125
0.0100612640380859 0.00374221801757812 0.292388916015625 0.128326416015625
0.0215511322021484 0.00132179260253906 -0.277969360351563 -0.149734497070313
0.0115518569946289 0.0164241790771484 -0.051177978515625 -0.3370361328125
0.0145206451416016 0.0271854400634766 0.33294677734375 -0.334320068359375
-0.0102787017822266 0.0245227813720703 0.64739990234375 0.02655029296875
-0.0325508117675781 -0.0232257843017578 0.39715576171875 0.6639404296875
0.00795364379882812 -0.0606575012207031 -0.21575927734375 0.849853515625
0.0185146331787109 0.0156002044677734 -0.476043701171875 0.401641845703125
0.0246810913085938 0.0425033569335938 0.0360832214355469 0.0345306396484375
0.0141105651855469 0.0124530792236328 0.5235595703125 -0.43365478515625
0.0238265991210938 -0.0181789398193359 0.1439208984375 -0.8839111328125
-0.00672054290771484 -0.0157804489135742 -0.60028076171875 -0.53619384765625
-0.0212612152099609 0.00358390808105469 -0.63360595703125 0.14129638671875
0.00597381591796875 0.0141582489013672 -0.271697998046875 0.4114990234375
0.00725173950195313 0.0126686096191406 0.09765625 0.332061767578125
0.00766229629516601 0.00539731979370117 0.296417236328125 0.12640380859375
0.0213203430175781 -3.4332275390625E-05 -0.273269653320313 -0.151840209960938
0.013859748840332 0.0122556686401367 -0.046112060546875 -0.3338623046875
0.0180397033691406 0.0252780914306641 0.339080810546875 -0.32501220703125
-0.00980186462402344 0.0251312255859375 0.6484375 0.04766845703125
-0.0339679718017578 -0.0259132385253906 0.3798828125 0.68511962890625
0.00968170166015625 -0.0650520324707031 -0.23663330078125 0.8536376953125
0.0256824493408203 0.0102806091308594 -0.483184814453125 0.394561767578125
0.0366172790527344 0.0384063720703125 0.0394554138183594 0.0311775207519531
0.0208454132080078 0.00623703002929688 0.51312255859375 -0.44476318359375
0.0234546661376953 -0.0209560394287109 0.11859130859375 -0.88427734375
-0.0088958740234375 -0.0146217346191406 -0.61590576171875 -0.51739501953125
-0.0193958282470703 0.0034637451171875 -0.629150390625 0.160888671875
0.00909137725830078 0.0114650726318359 -0.2642822265625 0.421112060546875
0.00917148590087891 0.00882244110107422 0.101654052734375 0.33349609375
0.00858211517333984 0.00346279144287109 0.2974853515625 0.126190185546875
0.0215339660644531 -0.00352668762207031 -0.271148681640625 -0.151168823242188
0.0164756774902344 0.00694942474365234 -0.04644775390625 -0.331939697265625
0.0231456756591797 0.0214881896972656 0.340576171875 -0.3197021484375
-0.00651931762695313 0.0258522033691406 0.64599609375 0.053466796875
-0.0350742340087891 -0.0232219696044922 0.37646484375 0.69256591796875
0.0111579895019531 -0.0663108825683594 -0.24560546875 0.8568115234375
0.0343399047851563 0.00472259521484375 -0.486602783203125 0.39678955078125
0.049072265625 0.0347747802734375 0.0374412536621094 0.0306396484375
0.0279788970947266 0.00179672241210937 0.5084228515625 -0.446014404296875
0.0239715576171875 -0.0219402313232422 0.1112060546875 -0.884521484375
-0.00878047943115234 -0.0126991271972656 -0.61865234375 -0.5084228515625
-0.0175571441650391 0.00266265869140625 -0.62933349609375 0.16790771484375
0.0132808685302734 0.00911998748779297 -0.2640380859375 0.42431640625
0.0111274719238281 0.00444412231445313 0.103424072265625 0.333953857421875
0.00928211212158203 0.000232696533203125 0.296356201171875 0.126708984375
0.0236587524414062 -0.00705528259277344 -0.271682739257813 -0.150558471679688
0.0191993713378906 0.000757217407226563 -0.050048828125 -0.3319091796875
0.0294857025146484 0.0174922943115234 0.333831787109375 -0.321746826171875
-0.00147628784179688 0.0266895294189453 0.6441650390625 0.04754638671875
-0.0350742340087891 -0.0188579559326172 0.38311767578125 0.68585205078125
0.0107688903808594 -0.0660438537597656 -0.2359619140625 0.8619384765625
0.040740966796875 0.0001220703125 -0.487823486328125 0.4039306640625
0.0597648620605469 0.031097412109375 0.0304050445556641 0.033721923828125
0.03509521484375 -0.00211334228515625 0.511383056640625 -0.439788818359375
0.0245342254638672 -0.0203380584716797 0.12615966796875 -0.88214111328125
-0.00887107849121094 -0.00932502746582031 -0.61175537109375 -0.51885986328125
-0.0127334594726563 0.00210666656494141 -0.63250732421875 0.16119384765625
0.0190143585205078 0.004608154296875 -0.26885986328125 0.423675537109375
0.0135202407836914 -0.00238513946533203 0.09912109375 0.33612060546875
0.010371208190918 -0.00460529327392578 0.29669189453125 0.127899169921875
0.0255165100097656 -0.0116729736328125 -0.27178955078125 -0.149826049804687
0.0221538543701172 -0.00675392150878906 -0.05670166015625 -0.33233642578125
0.0355606079101563 0.01312255859375 0.324462890625 -0.3280029296875
0.00280380249023438 0.0279464721679688 0.6414794921875 0.0299072265625
-0.0360298156738281 -0.0120124816894531 0.4007568359375 0.67144775390625
0.00888442993164062 -0.0633010864257813 -0.21044921875 0.864501953125
0.0448493957519531 -0.00273895263671875 -0.484893798828125 0.41552734375
0.0667495727539062 0.02764892578125 0.0207176208496094 0.0392494201660156
0.0399360656738281 -0.00392532348632813 0.515655517578125 -0.427978515625
0.0254669189453125 -0.0168380737304688 0.14959716796875 -0.88238525390625
-0.0066523551940918 -0.00344562530517578 -0.5985107421875 -0.54052734375
-0.00820636749267578 0.00178289413452148 -0.64007568359375 0.1431884765625
0.0247745513916016 0.00179100036621094 -0.280731201171875 0.41754150390625
0.0172700881958008 -0.00783538818359375 0.092071533203125 0.33642578125
0.0124530792236328 -0.010655403137207 0.294708251953125 0.12835693359375
0.0283584594726562 -0.00629806518554688 -0.289459228515625 -0.14739990234375
0.0134963989257813 0.00949478149414063 -0.079925537109375 -0.348052978515625
0.0227336883544922 0.0247764587402344 0.292816162109375 -0.385986328125
-0.00314712524414063 0.0293560028076172 0.64691162109375 -0.0732421875
-0.0307598114013672 -0.00655174255371094 0.48321533203125 0.58575439453125
0.00103759765625 -0.0456085205078125 -0.10125732421875 0.8546142578125
0.00914382934570313 0.0240745544433594 -0.4478759765625 0.4498291015625
0.0100135803222656 0.0475578308105469 0.00799560546875 0.0537834167480469
0.00366401672363281 0.0231246948242188 0.557830810546875 -0.388946533203125
0.0262794494628906 -0.00153923034667969 0.2578125 -0.89306640625
-0.000520706176757813 -0.00441837310791016 -0.54046630859375 -0.63848876953125
-0.0169095993041992 0.00585079193115234 -0.65887451171875 0.0570678710937501
0.0107269287109375 0.0134248733520508 -0.315887451171875 0.37939453125
0.00899791717529297 0.00837039947509766 0.07025146484375 0.331451416015625
0.0123815536499023 -0.00310802459716797 0.290435791015625 0.129974365234375
0.0254497528076172 -0.00302314758300781 -0.289276123046875 -0.146697998046875
0.0123395919799805 0.0152606964111328 -0.07208251953125 -0.346466064453125
0.0173110961914063 0.027069091796875 0.306365966796875 -0.3704833984375
-0.00724029541015625 0.0279331207275391 0.64849853515625 -0.039794921875
-0.0314769744873047 -0.0140438079833984 0.455810546875 0.61138916015625
0.00241470336914063 -0.0505561828613281 -0.14453125 0.849609375
0.00958442687988281 0.0230827331542969 -0.4583740234375 0.43243408203125
0.011016845703125 0.0479278564453125 0.0195274353027344 0.0470848083496094
0.00432205200195313 0.0218944549560547 0.54901123046875 -0.405975341796875
0.0257854461669922 -0.00769805908203125 0.21795654296875 -0.8916015625
-0.00201416015625 -0.0102148056030273 -0.56634521484375 -0.600830078125
-0.0196075439453125 0.00553512573242188 -0.651611328125 0.0885620117187501
0.00655746459960938 0.0142593383789063 -0.298828125 0.391265869140625
0.00764274597167969 0.0117025375366211 0.08367919921875 0.332244873046875
0.00952434539794922 0.000742912292480469 0.295013427734375 0.12646484375
0.0231971740722656 -0.000661849975585938 -0.282928466796875 -0.150390625
0.0116443634033203 0.0167331695556641 -0.061676025390625 -0.34332275390625
0.0159282684326172 0.0284500122070313 0.322662353515625 -0.355560302734375
-0.00940132141113281 0.0262928009033203 0.65252685546875 -0.00665283203125
-0.03253173828125 -0.0192813873291016 0.43084716796875 0.64422607421875
0.00434494018554688 -0.0564804077148438 -0.17706298828125 0.8565673828125
0.0128459930419922 0.019287109375 -0.46771240234375 0.419708251953125
0.0164909362792969 0.0460777282714844 0.0289764404296875 0.0399932861328125
0.00847244262695313 0.017730712890625 0.5361328125 -0.424591064453125
0.0258235931396484 -0.0136184692382812 0.1737060546875 -0.89697265625
-0.00299358367919922 -0.0139875411987305 -0.59075927734375 -0.569091796875
-0.021331787109375 0.00531959533691407 -0.6474609375 0.1199951171875
0.00494956970214844 0.0143890380859375 -0.2855224609375 0.405181884765625
0.0070343017578125 0.0133028030395508 0.091064453125 0.334197998046875
0.00927448272705078 0.00423145294189453 0.29693603515625 0.127166748046875
0.0216770172119141 0.00104331970214844 -0.28143310546875 -0.149169921875
0.0125560760498047 0.0156965255737305 -0.054595947265625 -0.339691162109375
0.0160465240478516 0.0272941589355469 0.333099365234375 -0.3382568359375
-0.0100936889648437 0.0253372192382813 0.65264892578125 0.02337646484375
-0.0337066650390625 -0.0236835479736328 0.40289306640625 0.66937255859375
0.00700759887695313 -0.0619544982910156 -0.215087890625 0.85784912109375
0.0182914733886719 0.0152587890625 -0.478912353515625 0.407745361328125
0.0254325866699219 0.0434684753417969 0.0362167358398438 0.0342483520507813
0.0136861801147461 0.0128145217895508 0.524932861328125 -0.439544677734375
0.0245208740234375 -0.0184993743896484 0.1427001953125 -0.8924560546875
-0.00642681121826172 -0.0156269073486328 -0.60760498046875 -0.53466796875
-0.0210800170898438 0.00457191467285157 -0.6387939453125 0.14605712890625
0.00544548034667969 0.0129470825195313 -0.27142333984375 0.416656494140625
0.00856113433837891 0.0116662979125977 0.10089111328125 0.33477783203125
0.00755882263183594 0.00506925582885742 0.300811767578125 0.12554931640625
0.0210781097412109 -0.000652313232421875 -0.276885986328125 -0.150604248046875
0.0137605667114258 0.0122013092041016 -0.049591064453125 -0.336181640625
0.0190620422363281 0.0250587463378906 0.3408203125 -0.328521728515625
-0.00824928283691406 0.0245094299316406 0.65435791015625 0.04534912109375
-0.0345954895019531 -0.0251007080078125 0.38775634765625 0.6900634765625
0.00887680053710938 -0.0659027099609375 -0.2371826171875 0.86151123046875
0.0264072418212891 0.00969314575195313 -0.487457275390625 0.40130615234375
0.0380287170410156 0.0391082763671875 0.0394477844238281 0.0307388305664063
0.0216770172119141 0.00650978088378906 0.51641845703125 -0.4501953125
0.02459716796875 -0.0213413238525391 0.11566162109375 -0.8931884765625
-0.00845623016357422 -0.0151033401489258 -0.62274169921875 -0.518310546875
-0.0193405151367188 0.00405693054199219 -0.6339111328125 0.16571044921875
0.00898456573486328 0.0115575790405273 -0.263641357421875 0.426239013671875
0.00943946838378906 0.008148193359375 0.10443115234375 0.33612060546875
0.00829076766967773 0.0044255256652832 0.30108642578125 0.125640869140625
0.0213260650634766 -0.00368118286132812 -0.274810791015625 -0.150390625
0.0168275833129883 0.00664615631103516 -0.048248291015625 -0.33380126953125
0.0238456726074219 0.0215129852294922 0.3408203125 -0.323150634765625
-0.00522994995117188 0.025726318359375 0.65325927734375 0.052490234375
-0.0351009368896484 -0.0236682891845703 0.38238525390625 0.69952392578125
0.01043701171875 -0.0671005249023437 -0.24346923828125 0.8660888671875
0.0348663330078125 0.00445365905761719 -0.49066162109375 0.40313720703125
0.050018310546875 0.0347328186035156 0.0377464294433594 0.03118896484375
0.0300178527832031 0.00220108032226562 0.51123046875 -0.451446533203125
0.0236949920654297 -0.0224666595458984 0.11029052734375 -0.891845703125
-0.00926399230957031 -0.0125789642333984 -0.62548828125 -0.510498046875
-0.0166482925415039 0.00316524505615235 -0.63409423828125 0.1734619140625
0.0134763717651367 0.00771617889404297 -0.2626953125 0.4300537109375
0.0111074447631836 0.00382137298583984 0.106109619140625 0.336944580078125
0.00869131088256836 0.00109624862670898 0.3009033203125 0.1259765625
0.0228500366210938 -0.00767326354980469 -0.274749755859375 -0.149551391601562
0.0195446014404297 0.00057220458984375 -0.052276611328125 -0.33355712890625
0.0302448272705078 0.0172748565673828 0.334930419921875 -0.325927734375
-0.00115966796875 0.0263843536376953 0.65179443359375 0.044921875
-0.0365943908691406 -0.0186004638671875 0.39031982421875 0.6893310546875
0.00984954833984375 -0.0669593811035156 -0.2333984375 0.86932373046875
0.0418777465820312 -3.814697265625E-06 -0.49029541015625 0.409210205078125
0.0609550476074219 0.0308380126953125 0.0302143096923828 0.03424072265625
0.0361175537109375 -0.00175094604492188 0.512939453125 -0.44512939453125
0.0247535705566406 -0.0206451416015625 0.12322998046875 -0.89056396484375
-0.00824928283691406 -0.00851583480834961 -0.61956787109375 -0.5196533203125
-0.0133438110351562 0.00220203399658203 -0.63714599609375 0.1668701171875
0.0191459655761719 0.00412940979003906 -0.267333984375 0.429656982421875
0.0135421752929687 -0.00242996215820312 0.1026611328125 0.33868408203125
0.0102291107177734 -0.00473785400390625 0.300506591796875 0.12646484375
0.0256423950195313 -0.0121974945068359 -0.275238037109375 -0.149185180664063
0.0214862823486328 -0.00616073608398437 -0.059539794921875 -0.334625244140625
0.0360107421875 0.0130195617675781 0.324462890625 -0.3326416015625
0.0037841796875 0.0286674499511719 0.64813232421875 0.02874755859375
-0.0361862182617188 -0.0119857788085938 0.40716552734375 0.67669677734375
0.00725936889648437 -0.0635490417480469 -0.2100830078125 0.87469482421875
0.0458412170410156 -0.00244522094726563 -0.48724365234375 0.42138671875
0.0688819885253906 0.0278892517089844 0.0196647644042969 0.0395431518554688
0.0409278869628906 -0.00295639038085937 0.51873779296875 -0.433135986328125
0.02606201171875 -0.0173168182373047 0.14703369140625 -0.89208984375
-0.0067605972290039 -0.0032649040222168 -0.60565185546875 -0.5421142578125
-0.00874805450439453 0.00189828872680664 -0.64398193359375 0.14776611328125
0.0250949859619141 0.000308990478515625 -0.281097412109375 0.42279052734375
0.0168037414550781 -0.00878334045410156 0.09515380859375 0.339202880859375
0.0122489929199219 -0.0101022720336914 0.298370361328125 0.12774658203125
0.0283260345458984 -0.00680923461914062 -0.293182373046875 -0.145843505859375
0.0132570266723633 0.00924301147460938 -0.08331298828125 -0.3505859375
0.0231952667236328 0.0242938995361328 0.291717529296875 -0.38916015625
-0.00152397155761719 0.0298919677734375 0.651611328125 -0.07830810546875
-0.0308322906494141 -0.00642776489257813 0.4927978515625 0.58721923828125
-0.00033950805664063 -0.0455818176269531 -0.09735107421875 0.8631591796875
0.00902938842773438 0.0239200592041016 -0.449462890625 0.456512451171875
0.0115509033203125 0.0487518310546875 0.00726699829101563 0.0551109313964844
0.003631591796875 0.0243587493896484 0.559844970703125 -0.39593505859375
0.0267906188964844 -0.00192642211914063 0.252685546875 -0.90350341796875
0.000229358673095703 -0.00456047058105469 -0.551025390625 -0.64166259765625
-0.0162792205810547 0.00662422180175781 -0.66473388671875 0.0632324218750001
0.0108575820922852 0.0128412246704102 -0.316497802734375 0.386688232421875
0.00974941253662109 0.00790691375732422 0.0733642578125 0.333770751953125
0.0121946334838867 -0.00287723541259766 0.29443359375 0.12908935546875
0.0255928039550781 -0.00359725952148437 -0.292144775390625 -0.1461181640625
0.0122556686401367 0.0151166915893555 -0.075439453125 -0.348480224609375
0.0188484191894531 0.0267868041992187 0.30633544921875 -0.374847412109375
-0.00608444213867187 0.0280647277832031 0.6546630859375 -0.045654296875
-0.0317878723144531 -0.0139293670654297 0.463623046875 0.615234375
0.00102615356445313 -0.051544189453125 -0.13897705078125 0.860595703125
0.0102653503417969 0.0222320556640625 -0.46038818359375 0.4388427734375
0.0128250122070313 0.0483322143554688 0.0183334350585937 0.0472564697265625
0.005279541015625 0.0225849151611328 0.5513916015625 -0.413665771484375
0.0262832641601563 -0.00844955444335938 0.214111328125 -0.9027099609375
-0.00128555297851562 -0.0105829238891602 -0.5743408203125 -0.60223388671875
-0.0197601318359375 0.00657272338867187 -0.65679931640625 0.0931396484375
0.00677394866943359 0.0140256881713867 -0.297882080078125 0.39752197265625
0.00786685943603516 0.0114421844482422 0.086883544921875 0.335418701171875
0.0102424621582031 0.00150966644287109 0.2998046875 0.125640869140625
0.0234966278076172 0.000379562377929687 -0.287841796875 -0.148834228515625
0.0113639831542969 0.0160131454467773 -0.064483642578125 -0.344696044921875
0.0166015625 0.0279560089111328 0.32220458984375 -0.361846923828125
-0.00876617431640625 0.0262565612792969 0.65911865234375 -0.0115966796875
-0.0337810516357422 -0.0204429626464844 0.4395751953125 0.647216796875
0.00362014770507812 -0.0573616027832031 -0.17333984375 0.8660888671875
0.0136547088623047 0.02008056640625 -0.469696044921875 0.42724609375
0.0175437927246094 0.0469169616699219 0.02880859375 0.0406837463378906
0.00945281982421875 0.01849365234375 0.537994384765625 -0.4320068359375
0.0262126922607422 -0.0142707824707031 0.170654296875 -0.90643310546875
-0.00443363189697266 -0.0138578414916992 -0.60040283203125 -0.5704345703125
-0.0210285186767578 0.00565147399902344 -0.65216064453125 0.12554931640625
0.00548553466796875 0.0146627426147461 -0.284423828125 0.409637451171875
0.007080078125 0.0125331878662109 0.095245361328125 0.3365478515625
0.0092926025390625 0.00456142425537109 0.301025390625 0.126312255859375
0.021026611328125 -0.000349044799804688 -0.284912109375 -0.14892578125
0.0123472213745117 0.0161075592041016 -0.056915283203125 -0.3411865234375
0.0165672302246094 0.0273361206054688 0.334259033203125 -0.34442138671875
-0.00962638854980469 0.0251884460449219 0.6588134765625 0.01959228515625
-0.0342750549316406 -0.0241718292236328 0.41162109375 0.67413330078125
0.00566482543945312 -0.0625267028808594 -0.21038818359375 0.86724853515625
0.0190658569335938 0.0151329040527344 -0.481231689453125 0.415740966796875
0.0267562866210938 0.0436286926269531 0.03546142578125 0.0345573425292969
0.014714241027832 0.0136575698852539 0.526611328125 -0.44635009765625
0.0249271392822266 -0.0188179016113281 0.13818359375 -0.9012451171875
-0.00629806518554688 -0.0157718658447266 -0.6185302734375 -0.5382080078125
-0.0210647583007813 0.00527000427246094 -0.64263916015625 0.1533203125
0.00602912902832031 0.0134773254394531 -0.269683837890625 0.42169189453125
0.00750732421875 0.0119390487670898 0.105499267578125 0.336883544921875
0.00809860229492188 0.00528430938720703 0.30487060546875 0.124267578125
0.0208644866943359 -0.00107765197753906 -0.281219482421875 -0.150115966796875
0.0145845413208008 0.0123662948608398 -0.052459716796875 -0.338409423828125
0.0195484161376953 0.0247421264648438 0.341766357421875 -0.333740234375
-0.00759315490722656 0.0251998901367188 0.66015625 0.04278564453125
-0.0355110168457031 -0.0253791809082031 0.39605712890625 0.69451904296875
0.00763702392578125 -0.0667343139648437 -0.23089599609375 0.87164306640625
0.0274677276611328 0.0101337432861328 -0.4879150390625 0.40838623046875
0.0392265319824219 0.0397491455078125 0.038970947265625 0.0308074951171875
0.0225372314453125 0.00777626037597656 0.517578125 -0.4578857421875
0.0247344970703125 -0.0218696594238281 0.11224365234375 -0.9019775390625
-0.00784015655517578 -0.0150680541992188 -0.630859375 -0.519287109375
-0.0191555023193359 0.00428962707519531 -0.63763427734375 0.17156982421875
0.00892162322998047 0.0111837387084961 -0.26165771484375 0.431427001953125
0.00918769836425781 0.00821399688720703 0.109375 0.33831787109375
0.00817251205444336 0.00446844100952148 0.305328369140625 0.123260498046875
0.0210494995117188 -0.00361824035644531 -0.27886962890625 -0.149688720703125
0.0168266296386719 0.00662040710449219 -0.052947998046875 -0.3358154296875
0.0247669219970703 0.020751953125 0.342529296875 -0.329010009765625
-0.00460243225097656 0.0259952545166016 0.65948486328125 0.04962158203125
-0.036346435546875 -0.0228309631347656 0.3905029296875 0.70086669921875
0.00863647460937501 -0.068389892578125 -0.2396240234375 0.87432861328125
0.0355606079101563 0.004608154296875 -0.49212646484375 0.4093017578125
0.0522842407226563 0.0344085693359375 0.0366287231445313 0.0311965942382813
0.0301589965820312 0.00189399719238281 0.513031005859375 -0.45977783203125
0.0247802734375 -0.0228729248046875 0.1055908203125 -0.9005126953125
-0.00923538208007813 -0.0123815536499023 -0.63458251953125 -0.512451171875
-0.0168085098266602 0.00372600555419922 -0.6375732421875 0.179443359375
0.0141286849975586 0.00780296325683594 -0.260467529296875 0.435821533203125
0.0115194320678711 0.00306892395019531 0.110015869140625 0.3389892578125
0.00927829742431641 0.000940322875976563 0.3050537109375 0.12451171875
0.0227203369140625 -0.00774192810058594 -0.279067993164063 -0.149017333984375
0.0199794769287109 -9.5367431640625E-06 -0.05572509765625 -0.336334228515625
0.0309982299804688 0.0164852142333984 0.33599853515625 -0.3289794921875
-0.000299453735351565 0.0270004272460937 0.6578369140625 0.04205322265625
-0.0366325378417969 -0.0186920166015625 0.39801025390625 0.694580078125
0.00889205932617188 -0.0679969787597656 -0.22967529296875 0.878662109375
0.0425758361816406 -0.000644683837890625 -0.492645263671875 0.416046142578125
0.0628242492675781 0.0303268432617188 0.0300197601318359 0.0338935852050781
0.0368995666503906 -0.00175094604492188 0.514404296875 -0.4521484375
0.0251712799072266 -0.0212364196777344 0.11767578125 -0.90167236328125
-0.00896549224853516 -0.008636474609375 -0.62860107421875 -0.51904296875
-0.0125551223754883 0.00344467163085938 -0.6405029296875 0.17327880859375
0.0194721221923828 0.00394630432128906 -0.2674560546875 0.434539794921875
0.0140838623046875 -0.00342845916748047 0.10760498046875 0.34124755859375
0.00973129272460938 -0.00428295135498047 0.305023193359375 0.124786376953125
0.0258865356445313 -0.01312255859375 -0.27880859375 -0.148544311523438
0.0221939086914063 -0.00695037841796875 -0.062591552734375 -0.33697509765625
0.0371665954589844 0.0120010375976563 0.327911376953125 -0.33837890625
0.00426292419433594 0.0288105010986328 0.65509033203125 0.02362060546875
-0.0363731384277344 -0.0114097595214844 0.41778564453125 0.68133544921875
0.0065460205078125 -0.0648612976074219 -0.20501708984375 0.8831787109375
0.0461387634277344 -0.00371551513671875 -0.48883056640625 0.427276611328125
0.0699996948242188 0.0274696350097656 0.019683837890625 0.0397071838378906
0.0416069030761719 -0.00319671630859375 0.520751953125 -0.439117431640625
0.0268516540527344 -0.0173225402832031 0.1424560546875 -0.9012451171875
-0.00722742080688476 -0.00328636169433594 -0.61492919921875 -0.5440673828125
-0.00812244415283203 0.00289630889892578 -0.64752197265625 0.154296875
0.025360107421875 0.000324249267578125 -0.279632568359375 0.427703857421875
0.0162582397460938 -0.00970554351806641 0.09906005859375 0.342376708984375
0.012049674987793 -0.00871086120605469 0.302520751953125 0.126708984375
0.0275516510009766 -0.00727081298828125 -0.297332763671875 -0.14447021484375
0.0138301849365234 0.00838184356689453 -0.087677001953125 -0.3531494140625
0.0244235992431641 0.0237598419189453 0.2904052734375 -0.395111083984375
-0.000949859619140624 0.0300636291503906 0.65631103515625 -0.08392333984375
-0.0311088562011719 -0.005859375 0.5015869140625 0.58929443359375
-0.0010833740234375 -0.0467185974121094 -0.0903930664062499 0.87127685546875
0.0108623504638672 0.0237598419189453 -0.45111083984375 0.46417236328125
0.0122528076171875 0.0486106872558594 0.007049560546875 0.0553054809570313
0.00380134582519531 0.0252323150634766 0.562103271484375 -0.404510498046875
0.0273094177246094 -0.00189018249511719 0.2508544921875 -0.9141845703125
-0.000119686126708985 -0.00450944900512695 -0.559814453125 -0.64154052734375
-0.0158233642578125 0.00766277313232422 -0.669677734375 0.0701904296874998
0.0108757019042969 0.0128660202026367 -0.314483642578125 0.392364501953125
0.0101642608642578 0.00698375701904297 0.078582763671875 0.337127685546875
0.0122900009155273 -0.00262260437011719 0.299835205078125 0.12689208984375
0.0254306793212891 -0.00384330749511719 -0.297393798828125 -0.144287109375
0.0123624801635742 0.0144863128662109 -0.08074951171875 -0.3497314453125
0.0199718475341797 0.0268478393554687 0.30535888671875 -0.37957763671875
-0.00563240051269531 0.0280666351318359 0.66009521484375 -0.05023193359375
-0.0323467254638672 -0.0140571594238281 0.47344970703125 0.61553955078125
0.000171661376953131 -0.0522651672363281 -0.13250732421875 0.868896484375
0.0112514495849609 0.0221824645996094 -0.46197509765625 0.4476318359375
0.0137672424316406 0.0485267639160156 0.0181999206542969 0.0476570129394531
0.00663185119628906 0.0230522155761719 0.55230712890625 -0.421142578125
0.0267181396484375 -0.00876808166503906 0.210205078125 -0.91119384765625
-0.001556396484375 -0.010772705078125 -0.58270263671875 -0.6029052734375
-0.0191211700439453 0.0067596435546875 -0.66326904296875 0.10028076171875
0.00694561004638672 0.0128545761108398 -0.296630859375 0.402252197265625
0.00819683074951172 0.0111370086669922 0.09234619140625 0.336883544921875
0.00954532623291016 0.00236797332763672 0.30474853515625 0.123291015625
0.0231513977050781 9.72747802734375E-05 -0.292144775390625 -0.147369384765625
0.0124530792236328 0.0163335800170898 -0.06878662109375 -0.34710693359375
0.0173778533935547 0.0277557373046875 0.3216552734375 -0.365631103515625
-0.00778770446777344 0.0273666381835938 0.66534423828125 -0.0157470703125
-0.0342063903808594 -0.0199851989746094 0.45037841796875 0.651611328125
0.00223922729492187 -0.0580329895019531 -0.16900634765625 0.875244140625
0.0141735076904297 0.0192279815673828 -0.471710205078125 0.434722900390625
0.0191421508789062 0.0471115112304688 0.0281600952148438 0.0411949157714844
0.00988006591796875 0.0193843841552734 0.538726806640625 -0.440673828125
0.0265178680419922 -0.0139904022216797 0.1650390625 -0.91497802734375
-0.00425910949707031 -0.014124870300293 -0.6103515625 -0.5694580078125
-0.0207977294921875 0.00612068176269531 -0.65716552734375 0.1326904296875
0.00551891326904297 0.0143499374389648 -0.282623291015625 0.417694091796875
0.00740337371826172 0.01177978515625 0.100311279296875 0.339080810546875
0.00913143157958984 0.00397968292236328 0.3065185546875 0.123809814453125
0.0214405059814453 0.000337600708007812 -0.289947509765625 -0.1478271484375
0.0121021270751953 0.0163002014160156 -0.061279296875 -0.344390869140625
0.0173606872558594 0.0274085998535156 0.334381103515625 -0.350128173828125
-0.00826263427734375 0.0256290435791016 0.66412353515625 0.0150146484375
-0.0352287292480469 -0.0242767333984375 0.42279052734375 0.67864990234375
0.00379943847656249 -0.063507080078125 -0.20562744140625 0.87615966796875
0.0192070007324219 0.0145912170410156 -0.48333740234375 0.422454833984375
0.0280303955078125 0.0432777404785156 0.0353584289550781 0.0347061157226563
0.0155611038208008 0.0139284133911133 0.528961181640625 -0.453643798828125
0.0252285003662109 -0.0189914703369141 0.134033203125 -0.911865234375
-0.00644588470458985 -0.0156669616699219 -0.62689208984375 -0.53753662109375
-0.0212059020996094 0.0055999755859375 -0.64813232421875 0.15985107421875
0.00522136688232422 0.012939453125 -0.26751708984375 0.428619384765625
0.00834178924560547 0.0111484527587891 0.10919189453125 0.339263916015625
0.00858545303344726 0.00522661209106445 0.308929443359375 0.122344970703125
0.0206031799316406 -0.0006866455078125 -0.28533935546875 -0.14825439453125
0.0149688720703125 0.0122013092041016 -0.057342529296875 -0.340240478515625
0.0207729339599609 0.0236186981201172 0.342071533203125 -0.339630126953125
-0.00705718994140625 0.0251827239990234 0.6680908203125 0.03692626953125
-0.0360221862792969 -0.0252609252929687 0.406005859375 0.69818115234375
0.00671768188476563 -0.0673599243164063 -0.2276611328125 0.88104248046875
0.0282402038574219 0.00953102111816406 -0.489471435546875 0.41583251953125
0.0403709411621094 0.0393333435058594 0.0379638671875 0.0318832397460937
0.0234565734863281 0.008056640625 0.517913818359375 -0.465087890625
0.02484130859375 -0.02203369140625 0.1065673828125 -0.911865234375
-0.0088653564453125 -0.0147619247436523 -0.6407470703125 -0.5164794921875
-0.0197048187255859 0.005401611328125 -0.64202880859375 0.17889404296875
0.00894641876220703 0.0111312866210938 -0.259674072265625 0.4378662109375
0.00906658172607422 0.00754642486572266 0.114410400390625 0.341461181640625
0.0078892707824707 0.00536012649536133 0.310089111328125 0.121795654296875
0.0212326049804688 -0.00318145751953125 -0.283416748046875 -0.148223876953125
0.0170822143554688 0.00613021850585937 -0.05615234375 -0.33795166015625
0.0258846282958984 0.0206222534179688 0.342926025390625 -0.333221435546875
-0.00420188903808593 0.0255165100097656 0.6658935546875 0.04534912109375
-0.0372047424316406 -0.0231513977050781 0.40045166015625 0.70733642578125
0.00736236572265625 -0.0693244934082031 -0.23394775390625 0.8853759765625
0.0361099243164063 0.00445938110351563 -0.492431640625 0.416748046875
0.0529632568359375 0.0348052978515625 0.0365333557128906 0.0312767028808594
0.0305385589599609 0.00233840942382813 0.514617919921875 -0.467864990234375
0.0244922637939453 -0.0229415893554688 0.09814453125 -0.9095458984375
-0.00886917114257813 -0.0123233795166016 -0.6441650390625 -0.5087890625
-0.0166988372802734 0.00475215911865235 -0.6419677734375 0.187744140625
0.0132770538330078 0.00691890716552734 -0.2596435546875 0.441314697265625
0.0115213394165039 0.00193405151367188 0.11395263671875 0.34161376953125
0.00870323181152344 0.00160932540893555 0.310211181640625 0.121856689453125
0.0224990844726563 -0.008026123046875 -0.282958984375 -0.147186279296875
0.0200405120849609 -4.1961669921875E-05 -0.05987548828125 -0.33819580078125
0.031982421875 0.0165557861328125 0.336578369140625 -0.335205078125
0.00131416320800781 0.0272254943847656 0.66412353515625 0.0382080078125
-0.0372848510742188 -0.0188407897949219 0.40802001953125 0.69970703125
0.0068206787109375 -0.0689277648925781 -0.22528076171875 0.8875732421875
0.0432395935058594 -0.00117874145507813 -0.494140625 0.4237060546875
0.0647659301757813 0.0304603576660156 0.0290126800537109 0.0340061187744141
0.0378494262695313 -0.00179672241210937 0.516021728515625 -0.460418701171875
0.0245780944824219 -0.0217704772949219 0.111572265625 -0.91033935546875
-0.00891399383544922 -0.0085906982421875 -0.63824462890625 -0.51922607421875
-0.012598991394043 0.0040435791015625 -0.64569091796875 0.179931640625
0.0188999176025391 0.00341224670410156 -0.2650146484375 0.440093994140625
0.0135335922241211 -0.00369453430175781 0.111724853515625 0.34320068359375
0.00949764251708984 -0.00346088409423828 0.309478759765625 0.1220703125
0.0255298614501953 -0.0127124786376953 -0.28314208984375 -0.146697998046875
0.0218067169189453 -0.00726127624511719 -0.066497802734375 -0.339019775390625
0.0379524230957031 0.0112266540527344 0.325042724609375 -0.342498779296875
0.00632667541503907 0.0286102294921875 0.66058349609375 0.02044677734375
-0.0380134582519531 -0.0110435485839844 0.42608642578125 0.68487548828125
0.00576400756835938 -0.0658073425292969 -0.1986083984375 0.892822265625
0.0462074279785156 -0.00440597534179688 -0.489898681640625 0.436676025390625
0.072296142578125 0.0268707275390625 0.0190200805664063 0.0401687622070313
0.0423507690429688 -0.0030975341796875 0.522491455078125 -0.448211669921875
0.0267753601074219 -0.0175323486328125 0.13677978515625 -0.9097900390625
-0.00681304931640625 -0.00292110443115234 -0.62310791015625 -0.5418701171875
-0.00839614868164063 0.00345325469970703 -0.6522216796875 0.1614990234375
0.0250949859619141 -0.000423431396484375 -0.27825927734375 0.43511962890625
0.0161838531494141 -0.0103006362915039 0.10418701171875 0.3450927734375
0.0114402770996094 -0.00951862335205078 0.30633544921875 0.124542236328125
0.0280914306640625 -0.00762748718261719 -0.301849365234375 -0.141876220703125
0.014007568359375 0.0089263916015625 -0.093048095703125 -0.354461669921875
0.0255470275878906 0.02392578125 0.2900390625 -0.400726318359375
-0.00107383728027344 0.0294170379638672 0.6607666015625 -0.0909423828125
-0.0318050384521484 -0.00582504272460938 0.513916015625 0.589111328125
-0.00318145751953125 -0.0468521118164063 -0.0836791992187499 0.87921142578125
0.0109653472900391 0.0241622924804688 -0.44921875 0.472900390625
0.0136528015136719 0.0488204956054688 0.00682830810546875 0.0557365417480469
0.00546836853027344 0.026031494140625 0.56024169921875 -0.414154052734375
0.0277175903320313 -0.00300979614257813 0.2431640625 -0.9259033203125
0.000239133834838868 -0.00409507751464844 -0.57196044921875 -0.6387939453125
-0.0161991119384766 0.00835227966308593 -0.6749267578125 0.0781249999999998
0.0106868743896484 0.0121517181396484 -0.311492919921875 0.39715576171875
0.00940799713134766 0.00651264190673828 0.083038330078125 0.339691162109375
0.0126743316650391 -0.00171756744384766 0.304931640625 0.1239013671875
0.0239677429199219 -0.00429534912109375 -0.302001953125 -0.140869140625
0.0131826400756836 0.0143003463745117 -0.084197998046875 -0.352203369140625
0.0208740234375 0.0258903503417969 0.30364990234375 -0.385772705078125
-0.00459861755371094 0.0285511016845703 0.6646728515625 -0.05706787109375
-0.0330429077148438 -0.0128860473632812 0.48529052734375 0.61761474609375
-0.00203704833984375 -0.0530891418457031 -0.12603759765625 0.8775634765625
0.0111846923828125 0.0217418670654297 -0.46142578125 0.455657958984375
0.0154953002929688 0.0477142333984375 0.0181694030761719 0.0488510131835938
0.00627708435058594 0.0236415863037109 0.552459716796875 -0.428497314453125
0.0268783569335938 -0.00932693481445313 0.2020263671875 -0.92218017578125
-0.00200271606445312 -0.0112247467041016 -0.59423828125 -0.601806640625
-0.0191211700439453 0.00737953186035156 -0.664794921875 0.1072998046875
0.00658130645751953 0.0132322311401367 -0.29339599609375 0.409637451171875
0.00769615173339844 0.0108957290649414 0.097015380859375 0.338653564453125
0.00961589813232422 0.00271987915039063 0.30914306640625 0.12030029296875
0.0232219696044922 -0.000928878784179688 -0.2960205078125 -0.144744873046875
0.0123491287231445 0.0160942077636719 -0.074676513671875 -0.3482666015625
0.0184841156005859 0.0275840759277344 0.320404052734375 -0.372344970703125
-0.00740623474121094 0.0268707275390625 0.6693115234375 -0.02313232421875
-0.0347518920898438 -0.019073486328125 0.4610595703125 0.65325927734375
0.00036239624023438 -0.0586624145507813 -0.16015625 0.88275146484375
0.0144977569580078 0.0192356109619141 -0.471832275390625 0.442474365234375
0.0212821960449219 0.0477104187011719 0.0274429321289063 0.0410881042480469
0.0106716156005859 0.0196590423583984 0.537628173828125 -0.4483642578125
0.0267410278320313 -0.0147418975830078 0.15740966796875 -0.9237060546875
-0.00476837158203125 -0.0145301818847656 -0.620361328125 -0.5682373046875
-0.0214595794677734 0.007232666015625 -0.66015625 0.14019775390625
0.00533771514892578 0.0142526626586914 -0.278411865234375 0.423614501953125
0.00697994232177734 0.0125637054443359 0.104583740234375 0.340362548828125
0.00910282135009766 0.00434398651123047 0.3114013671875 0.12109375
0.0205268859863281 -5.7220458984375E-06 -0.294464111328125 -0.144927978515625
0.0126676559448242 0.0153656005859375 -0.066680908203125 -0.345367431640625
0.0185127258300781 0.026519775390625 0.333251953125 -0.355621337890625
-0.0076751708984375 0.0255966186523438 0.6719970703125 0.00946044921875
-0.0355987548828125 -0.0235633850097656 0.433349609375 0.67950439453125
0.00272369384765625 -0.0633659362792969 -0.19873046875 0.8863525390625
0.0202445983886719 0.0147190093994141 -0.482208251953125 0.4296875
0.0298690795898438 0.0435676574707031 0.0356712341308594 0.0356101989746094
0.0164108276367187 0.0142812728881836 0.528350830078125 -0.463226318359375
0.0248432159423828 -0.0191612243652344 0.12432861328125 -0.9215087890625
-0.00697040557861328 -0.0166559219360352 -0.6385498046875 -0.533935546875
-0.021392822265625 0.00706863403320313 -0.6495361328125 0.1697998046875
0.00554180145263672 0.0130519866943359 -0.26495361328125 0.4342041015625
0.00782299041748047 0.0103359222412109 0.115203857421875 0.340606689453125
0.0073246955871582 0.00636625289916992 0.31427001953125 0.11822509765625
0.0204505920410156 -0.000360488891601563 -0.289947509765625 -0.145782470703125
0.0137844085693359 0.0122127532958984 -0.062164306640625 -0.341705322265625
0.0213718414306641 0.0235748291015625 0.34136962890625 -0.34417724609375
-0.00622367858886719 0.0253829956054688 0.672607421875 0.03155517578125
-0.0371780395507813 -0.0246925354003906 0.41815185546875 0.70001220703125
0.00421142578124999 -0.0686073303222656 -0.2203369140625 0.88958740234375
0.0285091400146484 0.00918006896972656 -0.4901123046875 0.424407958984375
0.0426368713378906 0.0396537780761719 0.0382499694824219 0.0316886901855469
0.02386474609375 0.00813674926757813 0.517303466796875 -0.473663330078125
0.0248298645019531 -0.0221672058105469 0.09783935546875 -0.92071533203125
-0.00791835784912109 -0.014984130859375 -0.65093994140625 -0.51373291015625
-0.0200824737548828 0.00651359558105469 -0.64495849609375 0.188720703125
0.00847434997558594 0.0107564926147461 -0.255035400390625 0.444549560546875
0.00889205932617188 0.007537841796875 0.119476318359375 0.34210205078125
0.00790214538574219 0.00490617752075195 0.314788818359375 0.119110107421875
0.0211906433105469 -0.00390815734863281 -0.287322998046875 -0.1458740234375
0.0173110961914063 0.00588703155517578 -0.061859130859375 -0.340850830078125
0.026824951171875 0.0194835662841797 0.342254638671875 -0.339752197265625
-0.00189590454101562 0.0253200531005859 0.6724853515625 0.0382080078125
-0.0377349853515625 -0.0228691101074219 0.41314697265625 0.70947265625
0.00593948364257812 -0.0700263977050781 -0.22650146484375 0.89447021484375
0.0367088317871094 0.00348281860351563 -0.4935302734375 0.4256591796875
0.0557975769042969 0.0340957641601562 0.0363349914550781 0.0315017700195313
0.0318527221679688 0.00264358520507812 0.513641357421875 -0.47552490234375
0.0247364044189453 -0.0238399505615234 0.090087890625 -0.91998291015625
-0.00899219512939453 -0.0130996704101563 -0.65472412109375 -0.5069580078125
-0.0173311233520508 0.00496196746826172 -0.64520263671875 0.19720458984375
0.0133275985717773 0.00783252716064453 -0.255218505859375 0.447113037109375
0.0112400054931641 0.002105712890625 0.1197509765625 0.343475341796875
0.0087437629699707 0.00145721435546875 0.314208984375 0.119049072265625
0.0222892761230469 -0.00833511352539063 -0.287353515625 -0.14532470703125
0.0196247100830078 -0.000530242919921875 -0.06475830078125 -0.339508056640625
0.0330715179443359 0.0152511596679688 0.33660888671875 -0.34088134765625
0.00147247314453125 0.0265483856201172 0.6708984375 0.03143310546875
-0.0380630493164062 -0.017730712890625 0.4205322265625 0.70257568359375
0.00574493408203125 -0.068878173828125 -0.2186279296875 0.8978271484375
0.0438194274902344 -0.00191879272460938 -0.495513916015625 0.43060302734375
0.0659332275390625 0.0296401977539062 0.0286750793457031 0.0353431701660156
0.0389823913574219 -0.000843048095703125 0.514007568359375 -0.469451904296875
0.0257148742675781 -0.0217914581298828 0.103759765625 -0.91937255859375
-0.00826597213745117 -0.00835895538330078 -0.6505126953125 -0.51544189453125
-0.0127487182617188 0.00486469268798828 -0.64813232421875 0.19097900390625
0.0188179016113281 0.00262451171875 -0.261749267578125 0.446746826171875
0.013422966003418 -0.00475025177001953 0.116668701171875 0.34490966796875
0.00881099700927734 -0.00361156463623047 0.31365966796875 0.12030029296875
0.0250263214111328 -0.0129737854003906 -0.288238525390625 -0.144256591796875
0.0221023559570313 -0.00799369812011719 -0.072784423828125 -0.340606689453125
0.0389022827148438 0.0107307434082031 0.32489013671875 -0.3480224609375
0.00721931457519531 0.0283946990966797 0.667724609375 0.01324462890625
-0.0382156372070312 -0.01025390625 0.438720703125 0.687744140625
0.00401687622070312 -0.0657882690429688 -0.19097900390625 0.90093994140625
0.0479507446289063 -0.00492477416992188 -0.489288330078125 0.444854736328125
0.074188232421875 0.026214599609375 0.0189895629882813 0.0408821105957031
0.0436820983886719 -0.0031585693359375 0.5208740234375 -0.4571533203125
0.0265598297119141 -0.0184612274169922 0.1280517578125 -0.920654296875
-0.00681209564208984 -0.0025167465209961 -0.6351318359375 -0.53863525390625
-0.00817108154296875 0.0040440559387207 -0.65496826171875 0.17071533203125
0.0248203277587891 -0.000667572021484375 -0.2744140625 0.440704345703125
0.0161876678466797 -0.010563850402832 0.109100341796875 0.345947265625
0.0115251541137695 -0.00899696350097656 0.310943603515625 0.120880126953125
0.0276584625244141 -0.00905990600585938 -0.306854248046875 -0.138092041015625
0.0139636993408203 0.0082550048828125 -0.099365234375 -0.3558349609375
0.0260639190673828 0.0227260589599609 0.285614013671875 -0.406524658203125
0.000904083251953123 0.0292949676513672 0.6644287109375 -0.097412109375
-0.0327587127685547 -0.00572013854980468 0.52325439453125 0.58795166015625
-0.00469207763671875 -0.0472488403320313 -0.0712280273437499 0.884765625
0.0115966796875 0.0229911804199219 -0.448150634765625 0.4813232421875
0.0154228210449219 0.0487632751464844 0.00685501098632813 0.0567169189453125
0.00606918334960937 0.0269451141357422 0.5604248046875 -0.419952392578125
0.0277137756347656 -0.00285530090332031 0.23388671875 -0.934326171875
0.000818967819213867 -0.00394129753112793 -0.58233642578125 -0.63720703125
-0.0162057876586914 0.008758544921875 -0.6785888671875 0.0855712890625001
0.010406494140625 0.0117368698120117 -0.306915283203125 0.404510498046875
0.0097503662109375 0.00636386871337891 0.088623046875 0.340545654296875
0.0119762420654297 -0.00279521942138672 0.308868408203125 0.121307373046875
0.0246486663818359 -0.00487709045410156 -0.305755615234375 -0.1375732421875
0.0134973526000977 0.0141267776489258 -0.088836669921875 -0.35186767578125
0.0214385986328125 0.0252857208251953 0.30035400390625 -0.392059326171875
-0.00328254699707031 0.0278968811035156 0.6697998046875 -0.06329345703125
-0.0337371826171875 -0.0134067535400391 0.49517822265625 0.61749267578125
-0.00279617309570312 -0.0531883239746094 -0.11602783203125 0.8836669921875
0.0113983154296875 0.0219097137451172 -0.4599609375 0.463775634765625
0.0161514282226563 0.0489692687988281 0.0181655883789063 0.0489997863769531
0.00766944885253906 0.0240936279296875 0.549468994140625 -0.437957763671875
0.0265960693359375 -0.00979804992675781 0.19244384765625 -0.9290771484375
-0.00156211853027344 -0.0108680725097656 -0.6060791015625 -0.59783935546875
-0.0195980072021484 0.00782394409179687 -0.66748046875 0.11761474609375
0.00577449798583984 0.0134105682373047 -0.289276123046875 0.414398193359375
0.00818252563476563 0.00998401641845703 0.102081298828125 0.34051513671875
0.0090627670288086 0.00185298919677734 0.313720703125 0.117462158203125
0.0225849151611328 -0.00114059448242188 -0.30010986328125 -0.14208984375
0.0123701095581055 0.0164279937744141 -0.079437255859375 -0.34979248046875
0.0195369720458984 0.0268516540527344 0.3192138671875 -0.37799072265625
-0.00600242614746094 0.0266742706298828 0.67510986328125 -0.0303955078125
-0.0347518920898438 -0.0190944671630859 0.4718017578125 0.65325927734375
-0.00100326538085938 -0.0592994689941406 -0.1524658203125 0.89129638671875
0.0142116546630859 0.0191440582275391 -0.469696044921875 0.451751708984375
0.0221710205078125 0.0469207763671875 0.0282630920410156 0.0414276123046875
0.0109024047851562 0.0198516845703125 0.535552978515625 -0.45782470703125
0.0267963409423828 -0.0154552459716797 0.14849853515625 -0.93267822265625
-0.0038309097290039 -0.0145740509033203 -0.630859375 -0.563232421875
-0.0214824676513672 0.00824928283691407 -0.66033935546875 0.150146484375
0.00509548187255859 0.0139780044555664 -0.27447509765625 0.4296875
0.00751018524169922 0.0115041732788086 0.11151123046875 0.341796875
0.00927734375 0.00548744201660156 0.31494140625 0.117584228515625
0.0205268859863281 -0.000703811645507813 -0.298431396484375 -0.14190673828125
0.0129852294921875 0.015681266784668 -0.072265625 -0.34649658203125
0.0192012786865234 0.0250511169433594 0.331451416015625 -0.36029052734375
-0.00619697570800781 0.0249538421630859 0.67657470703125 0.001220703125
-0.0368728637695313 -0.0233230590820312 0.44464111328125 0.67926025390625
0.00121688842773438 -0.0646018981933594 -0.18902587890625 0.89215087890625
0.0201683044433594 0.0145034790039062 -0.481689453125 0.437835693359375
0.0307655334472656 0.0435371398925781 0.0351448059082031 0.0352401733398438
0.016880989074707 0.0153293609619141 0.525299072265625 -0.46978759765625
0.0255546569824219 -0.0202999114990234 0.11676025390625 -0.92919921875
-0.00692939758300781 -0.0159235000610352 -0.6473388671875 -0.531005859375
-0.0209770202636719 0.00717353820800781 -0.6524658203125 0.17950439453125
0.00522613525390625 0.0128049850463867 -0.25958251953125 0.4395751953125
0.00774192810058594 0.0103769302368164 0.120941162109375 0.34222412109375
0.00820350646972656 0.00626373291015625 0.31842041015625 0.11492919921875
0.0196208953857422 -0.00079345703125 -0.293975830078125 -0.1427001953125
0.0148286819458008 0.0113344192504883 -0.06695556640625 -0.3431396484375
0.0228004455566406 0.0233306884765625 0.33935546875 -0.350006103515625
-0.0051422119140625 0.0248069763183594 0.67822265625 0.02392578125
-0.0381011962890625 -0.0252532958984375 0.42926025390625 0.70147705078125
0.00251770019531249 -0.0685958862304688 -0.2099609375 0.896484375
0.0286655426025391 0.00841522216796875 -0.488037109375 0.431732177734375
0.0434608459472656 0.0390357971191406 0.0391998291015625 0.0319290161132813
0.0242900848388672 0.00912284851074219 0.51544189453125 -0.48309326171875
0.0245170593261719 -0.0224990844726562 0.0877685546875001 -0.9293212890625
-0.00850963592529297 -0.0149707794189453 -0.662353515625 -0.5084228515625
-0.0192203521728516 0.00675582885742187 -0.6463623046875 0.19805908203125
0.00832462310791016 0.0104866027832031 -0.250946044921875 0.450653076171875
0.00938129425048828 0.00636482238769531 0.12469482421875 0.342041015625
0.00777006149291992 0.00555276870727539 0.31890869140625 0.114593505859375
0.0200119018554688 -0.00423812866210938 -0.29150390625 -0.142974853515625
0.0172557830810547 0.00563240051269531 -0.066558837890625 -0.341064453125
0.0271167755126953 0.0193614959716797 0.340240478515625 -0.345794677734375
-0.00206756591796875 0.0258369445800781 0.67840576171875 0.0323486328125
-0.0386466979980469 -0.0225563049316406 0.42449951171875 0.70953369140625
0.00428009033203125 -0.0707855224609375 -0.21734619140625 0.90191650390625
0.0368881225585938 0.00274276733398438 -0.491943359375 0.432220458984375
0.0565032958984375 0.0333404541015625 0.0354881286621094 0.0311965942382813
0.0324726104736328 0.00284957885742188 0.511505126953125 -0.485076904296875
0.0245285034179688 -0.0241260528564453 0.0811767578124999 -0.92547607421875
-0.00949764251708985 -0.0127525329589844 -0.6640625 -0.50189208984375
-0.0169792175292969 0.0059051513671875 -0.6448974609375 0.20574951171875
0.0130367279052734 0.00686454772949219 -0.24945068359375 0.4525146484375
0.0111551284790039 0.00136566162109375 0.12548828125 0.34405517578125
0.00861549377441406 0.00229310989379883 0.31878662109375 0.115325927734375
0.0224971771240234 -0.00833511352539063 -0.291595458984375 -0.1414794921875
0.0198574066162109 -0.00127410888671875 -0.06988525390625 -0.340789794921875
0.03363037109375 0.0144443511962891 0.334747314453125 -0.34783935546875
0.00292778015136719 0.0266876220703125 0.67584228515625 0.0242919921875
-0.0389366149902344 -0.0173797607421875 0.4310302734375 0.701904296875
0.0039215087890625 -0.0701179504394531 -0.20855712890625 0.90582275390625
0.0437126159667969 -0.00286483764648438 -0.4921875 0.4420166015625
0.0670509338378906 0.0287437438964844 0.0284042358398438 0.0350341796875
0.0404930114746094 -0.0017852783203125 0.5111083984375 -0.476531982421875
0.0256004333496094 -0.0227813720703125 0.0939941406250001 -0.92547607421875
-0.00772619247436523 -0.00859451293945313 -0.65997314453125 -0.51190185546875
-0.0129098892211914 0.00463771820068359 -0.64837646484375 0.199462890625
0.0186920166015625 0.00255012512207031 -0.255950927734375 0.452178955078125
0.0135278701782227 -0.00471591949462891 0.12255859375 0.345550537109375
0.00918960571289063 -0.00321674346923828 0.318817138671875 0.115692138671875
0.02471923828125 -0.0131645202636719 -0.291412353515625 -0.140899658203125
0.0218715667724609 -0.00812339782714844 -0.076904296875 -0.341461181640625
0.0398941040039063 0.00933837890625 0.3238525390625 -0.35546875
0.008270263671875 0.0281181335449219 0.67193603515625 0.00457763671875
-0.0386886596679688 -0.00952911376953126 0.449462890625 0.68804931640625
0.00189971923828126 -0.0667953491210938 -0.180908203125 0.9085693359375
0.0477409362792969 -0.00567245483398438 -0.489013671875 0.453155517578125
0.0747909545898438 0.0259017944335938 0.0189208984375 0.0408172607421875
0.0446357727050781 -0.0028839111328125 0.517791748046875 -0.464935302734375
0.0271110534667969 -0.0183544158935547 0.11932373046875 -0.9256591796875
-0.00649023056030274 -0.00278329849243164 -0.64508056640625 -0.53338623046875
-0.00784969329833984 0.00464105606079101 -0.6561279296875 0.179931640625
0.0252838134765625 -0.00108909606933594 -0.269256591796875 0.4459228515625
0.016148567199707 -0.0114564895629883 0.114501953125 0.347625732421875
0.0113048553466797 -0.00921630859375 0.3160400390625 0.117767333984375
0.02685546875 -0.00892066955566406 -0.309967041015625 -0.134490966796875
0.0139408111572266 0.00782680511474609 -0.106842041015625 -0.35479736328125
0.0266551971435547 0.0217609405517578 0.281524658203125 -0.412933349609375
0.00155448913574219 0.0298995971679687 0.66656494140625 -0.10760498046875
-0.032684326171875 -0.00562286376953125 0.53662109375 0.58465576171875
-0.00617599487304687 -0.0474815368652344 -0.06072998046875 0.8916015625
0.0115413665771484 0.0232982635498047 -0.442352294921875 0.490875244140625
0.0164871215820312 0.04864501953125 0.00620651245117188 0.0566520690917969
0.00681686401367188 0.0270519256591797 0.55621337890625 -0.43023681640625
0.0279693603515625 -0.00360488891601563 0.2237548828125 -0.9423828125
0.000550031661987305 -0.00417661666870117 -0.59405517578125 -0.632080078125
-0.0155744552612305 0.00927925109863281 -0.68035888671875 0.096923828125
0.0111246109008789 0.0117702484130859 -0.302734375 0.409454345703125
0.00919151306152344 0.0056915283203125 0.0946044921875 0.341278076171875
0.0116863250732422 -0.00171852111816406 0.312591552734375 0.116119384765625
0.024383544921875 -0.00580215454101563 -0.30963134765625 -0.133636474609375
0.0128984451293945 0.0136041641235352 -0.097198486328125 -0.351593017578125
0.0228252410888672 0.0243263244628906 0.296600341796875 -0.397918701171875
-0.00206184387207031 0.0282382965087891 0.67169189453125 -0.07391357421875
-0.0345306396484375 -0.0127658843994141 0.50787353515625 0.61553955078125
-0.00471878051757812 -0.0536727905273438 -0.10565185546875 0.89154052734375
0.0119400024414063 0.0219173431396484 -0.456939697265625 0.47247314453125
0.0178031921386719 0.0486373901367188 0.0182113647460938 0.0492324829101563
0.00798416137695313 0.0246353149414063 0.548187255859375 -0.446929931640625
0.0272998809814453 -0.00890159606933594 0.181884765625 -0.93701171875
-0.00142288208007812 -0.010650634765625 -0.61572265625 -0.59185791015625
-0.0184345245361328 0.00929450988769531 -0.66943359375 0.12890625
0.00642204284667969 0.0130834579467773 -0.284881591796875 0.421630859375
0.0076141357421875 0.00967121124267578 0.108428955078125 0.34161376953125
0.00874805450439453 0.00281381607055664 0.317291259765625 0.11236572265625
0.0224990844726563 -0.0012969970703125 -0.30438232421875 -0.13775634765625
0.0122690200805664 0.0152435302734375 -0.085296630859375 -0.35015869140625
0.0206165313720703 0.0266132354736328 0.315338134765625 -0.383941650390625
-0.00544929504394531 0.0267486572265625 0.67840576171875 -0.03924560546875
-0.0361595153808594 -0.0188980102539063 0.4859619140625 0.65057373046875
-0.00340652465820312 -0.0592575073242188 -0.14019775390625 0.8974609375
0.0148029327392578 0.0184402465820313 -0.467681884765625 0.460235595703125
0.0229682922363281 0.0471115112304688 0.02752685546875 0.0415229797363281
0.0120754241943359 0.0207252502441406 0.53302001953125 -0.466064453125
0.0264034271240234 -0.0154304504394531 0.13580322265625 -0.94012451171875
-0.00385951995849609 -0.0138683319091797 -0.64251708984375 -0.55828857421875
-0.0202198028564453 0.00869560241699219 -0.6627197265625 0.1600341796875
0.00444984436035156 0.0133991241455078 -0.26910400390625 0.43475341796875
0.00697994232177734 0.0106334686279297 0.116851806640625 0.34246826171875
0.00882148742675781 0.00548267364501953 0.31890869140625 0.1126708984375
0.0202655792236328 -0.000646591186523438 -0.302520751953125 -0.13763427734375
0.0131845474243164 0.0147762298583984 -0.078399658203125 -0.34613037109375
0.0200366973876953 0.0245418548583984 0.327178955078125 -0.36822509765625
-0.00543403625488281 0.0251197814941406 0.6802978515625 -0.00701904296875
-0.0368270874023437 -0.0235710144042969 0.45751953125 0.678955078125
-0.000389099121093752 -0.0644950866699219 -0.17755126953125 0.900146484375
0.0208568572998047 0.0142726898193359 -0.478302001953125 0.447418212890625
0.0329971313476563 0.0428581237792969 0.0351791381835938 0.0351905822753906
0.0180931091308594 0.0152721405029297 0.522247314453125 -0.480316162109375
0.0257892608642578 -0.0202980041503906 0.10394287109375 -0.9354248046875
-0.00646495819091797 -0.0164976119995117 -0.658935546875 -0.52288818359375
-0.0205307006835938 0.00821304321289063 -0.65283203125 0.18829345703125
0.00530242919921875 0.0123205184936523 -0.25439453125 0.4454345703125
0.00799083709716797 0.00942325592041016 0.12628173828125 0.342681884765625
0.00764846801757812 0.00670814514160156 0.32293701171875 0.110809326171875
0.0193061828613281 -0.00145912170410156 -0.298736572265625 -0.1387939453125
0.0146188735961914 0.0106801986694336 -0.072967529296875 -0.343536376953125
0.0234432220458984 0.0221691131591797 0.33709716796875 -0.3564453125
-0.00442886352539063 0.0243511199951172 0.68292236328125 0.0150146484375
-0.0380477905273438 -0.0238876342773438 0.4417724609375 0.69952392578125
0.000759124755859369 -0.0690841674804688 -0.19903564453125 0.9039306640625
0.0286083221435547 0.00822067260742187 -0.484893798828125 0.44110107421875
0.0453872680664063 0.0385322570800781 0.037445068359375 0.0313796997070312
0.0256481170654297 0.00911712646484375 0.511566162109375 -0.4901123046875
0.0249080657958984 -0.0233192443847656 0.0760498046875001 -0.93402099609375
-0.00867938995361328 -0.0155878067016602 -0.67218017578125 -0.50201416015625
-0.0192909240722656 0.00747299194335938 -0.6458740234375 0.20849609375
0.00861835479736328 0.0101804733276367 -0.2457275390625 0.454803466796875
0.00910854339599609 0.00615692138671875 0.131134033203125 0.342681884765625
0.00769233703613281 0.00520467758178711 0.3228759765625 0.1104736328125
0.0196304321289063 -0.00361061096191406 -0.295989990234375 -0.1383056640625
0.0176200866699219 0.00499916076660156 -0.072357177734375 -0.341522216796875
0.0279102325439453 0.0178794860839844 0.33758544921875 -0.351776123046875
-0.00029563903808594 0.0247726440429688 0.68280029296875 0.02203369140625
-0.038818359375 -0.0220375061035156 0.43804931640625 0.70855712890625
0.00232696533203125 -0.0706100463867188 -0.20672607421875 0.90936279296875
0.0371971130371094 0.00203704833984375 -0.4892578125 0.441619873046875
0.0574493408203125 0.0329437255859375 0.035736083984375 0.0316505432128906
0.0337181091308594 0.00278091430664063 0.505615234375 -0.4930419921875
0.0250282287597656 -0.0244541168212891 0.0684814453125 -0.93255615234375
-0.00960159301757812 -0.0123386383056641 -0.6751708984375 -0.4942626953125
-0.016535758972168 0.00644874572753906 -0.6470947265625 0.21624755859375
0.012629508972168 0.00693035125732422 -0.24365234375 0.459503173828125
0.0107011795043945 0.000840187072753906 0.132110595703125 0.34356689453125
0.00852060317993164 0.00177097320556641 0.32305908203125 0.111083984375
0.0215244293212891 -0.00852012634277344 -0.29595947265625 -0.1383056640625
0.0195369720458984 -0.00168991088867187 -0.076171875 -0.341217041015625
0.0337123870849609 0.0129871368408203 0.330810546875 -0.353485107421875
0.00362777709960938 0.0261249542236328 0.68023681640625 0.01605224609375
-0.038909912109375 -0.0163955688476562 0.44451904296875 0.70001220703125
0.00175857543945312 -0.0699539184570312 -0.19732666015625 0.91265869140625
0.0442924499511719 -0.003814697265625 -0.4888916015625 0.4488525390625
0.0693626403808594 0.0284538269042969 0.0281944274902344 0.0357818603515625
0.0403861999511719 -0.00170135498046875 0.5084228515625 -0.48712158203125
0.0259952545166016 -0.0230998992919922 0.0795898437499999 -0.93255615234375
-0.00885677337646484 -0.00850391387939453 -0.6693115234375 -0.50555419921875
-0.0123214721679688 0.0055084228515625 -0.64910888671875 0.2099609375
0.0184726715087891 0.00200843811035156 -0.250640869140625 0.457611083984375
0.0132217407226562 -0.00623607635498047 0.128326416015625 0.345550537109375
0.009246826171875 -0.00306320190429687 0.321502685546875 0.11175537109375
0.0233974456787109 -0.0135574340820313 -0.295318603515625 -0.137786865234375
0.0211296081542969 -0.00875663757324219 -0.083160400390625 -0.341644287109375
0.0406227111816406 0.00702667236328125 0.3204345703125 -0.36053466796875
0.00926780700683594 0.0278816223144531 0.67474365234375 -0.0037841796875
-0.0392074584960938 -0.00955200195312501 0.4622802734375 0.684814453125
0.000370025634765625 -0.0665168762207031 -0.17138671875 0.915283203125
0.0482025146484375 -0.00651168823242188 -0.485321044921875 0.46209716796875
0.0761184692382813 0.024505615234375 0.0185012817382813 0.0405006408691406
0.045318603515625 -0.00347137451171875 0.514129638671875 -0.473052978515625
0.0272121429443359 -0.0195598602294922 0.10833740234375 -0.93450927734375
-0.00672197341918945 -0.00303220748901367 -0.65576171875 -0.52899169921875
-0.00763988494873047 0.00409126281738281 -0.65802001953125 0.1912841796875
0.0255279541015625 -0.00151824951171875 -0.263763427734375 0.45184326171875
0.0160036087036133 -0.012054443359375 0.120941162109375 0.347076416015625
0.0109424591064453 -0.00915050506591797 0.319488525390625 0.11273193359375
0.0260295867919922 -0.00957489013671875 -0.31329345703125 -0.130035400390625
0.0140314102172852 0.00744056701660156 -0.11212158203125 -0.353790283203125
0.0277271270751953 0.0205764770507813 0.27593994140625 -0.417694091796875
0.00317764282226563 0.0295124053955078 0.6673583984375 -0.116943359375
-0.0330867767333984 -0.00419807434082031 0.54718017578125 0.5782470703125
-0.008636474609375 -0.0469169616699219 -0.0489501953125 0.89459228515625
0.0120182037353516 0.0229969024658203 -0.438995361328125 0.498382568359375
0.0178337097167969 0.0484542846679688 0.00620651245117188 0.0573272705078125
0.00775146484375 0.0270595550537109 0.55340576171875 -0.439453125
0.0282707214355469 -0.0036468505859375 0.21014404296875 -0.94927978515625
0.000749588012695312 -0.00469827651977539 -0.60443115234375 -0.62554931640625
-0.0157909393310547 0.00986480712890625 -0.68017578125 0.10797119140625
0.010615348815918 0.0113725662231445 -0.297088623046875 0.416290283203125
0.00951862335205078 0.00578594207763672 0.1015625 0.340240478515625
0.0118074417114258 -0.00266075134277344 0.316925048828125 0.112030029296875
0.0238304138183594 -0.00483322143554688 -0.31341552734375 -0.12939453125
0.0139064788818359 0.0137348175048828 -0.10302734375 -0.35186767578125
0.0234203338623047 0.0235767364501953 0.290924072265625 -0.403228759765625
-0.00172805786132812 0.0277252197265625 0.67535400390625 -0.0826416015625
-0.0350856781005859 -0.0118446350097656 0.5203857421875 0.61090087890625
-0.00694274902343751 -0.0540809631347656 -0.0931396484375 0.89471435546875
0.0124797821044922 0.0211563110351563 -0.451324462890625 0.479705810546875
0.0186843872070313 0.0479621887207031 0.0175590515136719 0.0491905212402344
0.00872802734375 0.0243206024169922 0.54156494140625 -0.4547119140625
0.026458740234375 -0.0106735229492187 0.1685791015625 -0.94384765625
-0.00194835662841797 -0.0106897354125977 -0.62744140625 -0.586181640625
-0.0186061859130859 0.00977897644042969 -0.66827392578125 0.13946533203125
0.00634288787841797 0.0128059387207031 -0.2777099609375 0.42645263671875
0.00818157196044922 0.00821733474731445 0.115386962890625 0.340606689453125
0.00882911682128906 0.00221920013427734 0.321563720703125 0.107330322265625
0.022308349609375 -0.00178337097167969 -0.308868408203125 -0.13311767578125
0.0126199722290039 0.0151615142822266 -0.09222412109375 -0.350067138671875
0.0213947296142578 0.0254039764404297 0.309844970703125 -0.38873291015625
-0.00481224060058594 0.0260124206542969 0.6805419921875 -0.050048828125
-0.0372962951660156 -0.0179786682128906 0.496826171875 0.64569091796875
-0.00463867187499999 -0.0600318908691406 -0.1278076171875 0.90277099609375
0.0149364471435547 0.0180168151855469 -0.46148681640625 0.4681396484375
0.0245170593261719 0.04681396484375 0.0280303955078125 0.0413818359375
0.0126018524169922 0.0204391479492188 0.52752685546875 -0.47467041015625
0.0266132354736328 -0.0158500671386719 0.12420654296875 -0.945556640625
-0.00448131561279297 -0.0143804550170898 -0.652587890625 -0.55157470703125
-0.0209522247314453 0.00971031188964844 -0.66162109375 0.1719970703125
0.00478267669677734 0.0129718780517578 -0.2623291015625 0.4404296875
0.00674057006835938 0.0104122161865234 0.122772216796875 0.34136962890625
0.00992774963378906 0.00581550598144531 0.322906494140625 0.108642578125
0.0203723907470703 -0.000591278076171875 -0.305877685546875 -0.13336181640625
0.0133752822875977 0.0150775909423828 -0.08465576171875 -0.346221923828125
0.0217552185058594 0.0236587524414063 0.32275390625 -0.373077392578125
-0.00430679321289063 0.0246238708496094 0.683349609375 -0.01641845703125
-0.0377998352050781 -0.0221405029296875 0.471435546875 0.6746826171875
-0.00316619873046875 -0.064239501953125 -0.16552734375 0.9049072265625
0.0212631225585938 0.0136756896972656 -0.47430419921875 0.454864501953125
0.0340080261230469 0.0424842834472656 0.03466796875 0.0352096557617188
0.0188884735107422 0.0160694122314453 0.516021728515625 -0.48846435546875
0.0258293151855469 -0.0212116241455078 0.0910034179687499 -0.940673828125
-0.00693035125732422 -0.0162868499755859 -0.667724609375 -0.51617431640625
-0.0205631256103516 0.00897026062011719 -0.65240478515625 0.19989013671875
0.00556087493896484 0.0126523971557617 -0.24774169921875 0.451141357421875
0.00748348236083984 0.00881290435791016 0.13330078125 0.34124755859375
0.00798273086547852 0.00739479064941406 0.32611083984375 0.10498046875
0.0190715789794922 -0.00144767761230469 -0.3017578125 -0.134002685546875
0.0147056579589844 0.0105810165405273 -0.079498291015625 -0.343292236328125
0.0233287811279297 0.0214500427246094 0.332122802734375 -0.36248779296875
-0.00312995910644531 0.0242996215820313 0.68634033203125 0.00506591796875
-0.0395927429199219 -0.0229110717773438 0.455078125 0.69635009765625
-0.00104522705078125 -0.0686454772949219 -0.18731689453125 0.91058349609375
0.0290145874023438 0.0078582763671875 -0.482086181640625 0.44891357421875
0.0461311340332031 0.0376319885253906 0.0374526977539063 0.0318756103515625
0.0261421203613281 0.00890731811523437 0.505767822265625 -0.500244140625
0.0242195129394531 -0.0233268737792969 0.062744140625 -0.9385986328125
-0.00889968872070312 -0.0152988433837891 -0.68218994140625 -0.4932861328125
-0.0188217163085938 0.00820541381835938 -0.6453857421875 0.22039794921875
0.00862503051757813 0.0102691650390625 -0.2373046875 0.458831787109375
0.00919342041015625 0.00548839569091797 0.138031005859375 0.341217041015625
0.00771522521972656 0.00593233108520508 0.3265380859375 0.1043701171875
0.0194511413574219 -0.00438308715820313 -0.299591064453125 -0.134246826171875
0.0164804458618164 0.00421810150146484 -0.078521728515625 -0.341644287109375
0.0284328460693359 0.0165939331054688 0.3331298828125 -0.356597900390625
5.72204589843837E-06 0.0251197814941406 0.6875 0.01324462890625
-0.0398521423339844 -0.0214195251464844 0.4500732421875 0.70599365234375
0.000450134277343758 -0.0709152221679688 -0.1927490234375 0.9140625
0.0376052856445313 0.000823974609375 -0.484710693359375 0.45068359375
0.0589714050292969 0.0319099426269531 0.0356559753417969 0.0320587158203125
0.0341453552246094 0.00264358520507813 0.4998779296875 -0.5020751953125
0.0254039764404297 -0.0249595642089844 0.05572509765625 -0.9365234375
-0.009521484375 -0.0123281478881836 -0.68389892578125 -0.48748779296875
-0.0164461135864258 0.00703048706054687 -0.64459228515625 0.2265625
0.0130529403686523 0.00663089752197266 -0.236724853515625 0.463470458984375
0.0106954574584961 0.00022125244140625 0.13812255859375 0.3427734375
0.00808429718017578 0.00229740142822266 0.32623291015625 0.105621337890625
0.0214653015136719 -0.00930213928222656 -0.2994384765625 -0.133270263671875
0.0191860198974609 -0.00216293334960938 -0.081878662109375 -0.34051513671875
0.0346908569335938 0.0118904113769531 0.326934814453125 -0.359222412109375
0.00514411926269531 0.0252056121826172 0.68280029296875 0.0062255859375
-0.0395126342773438 -0.0161895751953125 0.45733642578125 0.697021484375
0.000411987304687505 -0.0700759887695313 -0.18377685546875 0.9188232421875
0.0438804626464844 -0.0043487548828125 -0.484344482421875 0.459381103515625
0.0707473754882813 0.0268630981445312 0.0282325744628906 0.0352401733398438
0.0414962768554687 -0.0016632080078125 0.501495361328125 -0.494232177734375
0.0258312225341797 -0.0236091613769531 0.07080078125 -0.9371337890625
-0.00799036026000976 -0.00873804092407227 -0.6798095703125 -0.49493408203125
-0.0121221542358398 0.00613975524902344 -0.6478271484375 0.220703125
0.0186042785644531 0.00168037414550781 -0.243133544921875 0.4632568359375
0.0136518478393555 -0.00607872009277344 0.1348876953125 0.345184326171875
0.00908851623535156 -0.00264930725097656 0.325164794921875 0.106170654296875
0.0236167907714844 -0.0136013031005859 -0.298980712890625 -0.13226318359375
0.0216960906982422 -0.00951004028320313 -0.089599609375 -0.341156005859375
0.0408477783203125 0.00682830810546875 0.316314697265625 -0.36590576171875
0.00982856750488281 0.0272064208984375 0.67999267578125 -0.012939453125
-0.0395240783691406 -0.00878143310546875 0.47674560546875 0.6810302734375
-0.00127410888671874 -0.0667533874511719 -0.15850830078125 0.9217529296875
0.0482101440429688 -0.00799560546875 -0.479248046875 0.47222900390625
0.0774993896484375 0.0233612060546875 0.0185279846191406 0.0415916442871094
0.0459403991699219 -0.004058837890625 0.50823974609375 -0.48291015625
0.0274066925048828 -0.0202350616455078 0.0946044921875 -0.93975830078125
-0.00647974014282227 -0.00301885604858398 -0.6656494140625 -0.51934814453125
-0.00704574584960937 0.00476360321044922 -0.65814208984375 0.20196533203125
0.0244770050048828 -0.00204277038574219 -0.25592041015625 0.45733642578125
0.0158014297485352 -0.0126352310180664 0.126861572265625 0.3455810546875
0.0110931396484375 -0.00818920135498047 0.32318115234375 0.10736083984375
0.0255565643310547 -0.00962257385253906 -0.317230224609375 -0.1246337890625
0.0141944885253906 0.00731563568115234 -0.11907958984375 -0.352569580078125
0.0282363891601563 0.0189838409423828 0.269561767578125 -0.422149658203125
0.00366020202636719 0.0291614532470703 0.66766357421875 -0.1273193359375
-0.0335826873779297 -0.0036468505859375 0.5579833984375 0.57257080078125
-0.00959396362304687 -0.0470008850097656 -0.03533935546875 0.89599609375
0.0127983093261719 0.0216464996337891 -0.43255615234375 0.505767822265625
0.0195198059082031 0.0481948852539063 0.0068206787109375 0.0579338073730469
0.0084381103515625 0.0275611877441406 0.546905517578125 -0.446624755859375
0.0287609100341797 -0.00461196899414063 0.195556640625 -0.9525146484375
0.000895977020263671 -0.00508689880371094 -0.61639404296875 -0.6175537109375
-0.0147924423217773 0.0102567672729492 -0.6781005859375 0.1197509765625
0.0108137130737305 0.0108203887939453 -0.290283203125 0.42083740234375
0.0094146728515625 0.00452899932861328 0.107421875 0.33953857421875
0.0113716125488281 -0.00236415863037109 0.31988525390625 0.10626220703125
0.02294921875 -0.00640296936035156 -0.31610107421875 -0.12396240234375
0.0132322311401367 0.013310432434082 -0.109039306640625 -0.350341796875
0.0242633819580078 0.0229701995849609 0.285797119140625 -0.406768798828125
-0.000684738159179688 0.0276470184326172 0.6744384765625 -0.09259033203125
-0.0351333618164063 -0.0120563507080078 0.53143310546875 0.60443115234375
-0.00887680053710938 -0.0531539916992188 -0.0789184570312499 0.897216796875
0.0130138397216797 0.0210342407226563 -0.44500732421875 0.487823486328125
0.0204391479492188 0.0476722717285156 0.017547607421875 0.0493888854980469
0.00943374633789063 0.0253543853759766 0.53594970703125 -0.463775634765625
0.0267906188964844 -0.0105838775634766 0.15472412109375 -0.9473876953125
-0.00148105621337891 -0.0108442306518555 -0.637451171875 -0.5767822265625
-0.0184669494628906 0.0102024078369141 -0.6668701171875 0.15179443359375
0.00578975677490234 0.0128746032714844 -0.270660400390625 0.429443359375
0.00767421722412109 0.00832414627075195 0.12164306640625 0.33917236328125
0.00959205627441406 0.00279998779296875 0.323333740234375 0.1019287109375
0.0213623046875 -0.00139617919921875 -0.31207275390625 -0.127899169921875
0.0127792358398438 0.0147809982299805 -0.09881591796875 -0.34771728515625
0.0214576721191406 0.0240898132324219 0.3050537109375 -0.3948974609375
-0.00342750549316406 0.0259895324707031 0.681884765625 -0.05963134765625
-0.0373954772949219 -0.0177726745605469 0.5087890625 0.640380859375
-0.00623703002929687 -0.0591812133789063 -0.11474609375 0.9058837890625
0.0157241821289062 0.0178031921386719 -0.455230712890625 0.47540283203125
0.0257568359375 0.0464630126953125 0.0273704528808594 0.0412406921386719
0.0140399932861328 0.0209598541259766 0.520751953125 -0.48321533203125
0.0265865325927734 -0.0166950225830078 0.110595703125 -0.94970703125
-0.00463771820068359 -0.0146064758300781 -0.6619873046875 -0.5399169921875
-0.0208759307861328 0.00967025756835937 -0.65924072265625 0.1829833984375
0.00451469421386719 0.0130863189697266 -0.255767822265625 0.444244384765625
0.00686550140380859 0.00985527038574219 0.129119873046875 0.340606689453125
0.00954246520996094 0.00579833984375 0.325897216796875 0.101837158203125
0.0190887451171875 -0.000415802001953125 -0.308746337890625 -0.127532958984375
0.0133171081542969 0.014246940612793 -0.0908203125 -0.34466552734375
0.0220584869384766 0.0226993560791016 0.3177490234375 -0.37872314453125
-0.00382232666015625 0.0249767303466797 0.68487548828125 -0.0281982421875
-0.0388031005859375 -0.0215950012207031 0.48150634765625 0.66845703125
-0.004608154296875 -0.0645828247070313 -0.15277099609375 0.908447265625
0.0213127136230469 0.012451171875 -0.466827392578125 0.462493896484375
0.0353965759277344 0.0421562194824219 0.0347709655761719 0.0353050231933594
0.0197525024414063 0.0152339935302734 0.509490966796875 -0.496612548828125
0.0250072479248047 -0.0213623046875 0.0757446289062499 -0.94268798828125
-0.00662422180175781 -0.0164127349853516 -0.677490234375 -0.505126953125
-0.0207786560058594 0.00932884216308594 -0.6492919921875 0.21026611328125
0.00531578063964844 0.012049674987793 -0.239990234375 0.455078125
0.00752449035644531 0.00884628295898438 0.1395263671875 0.34027099609375
0.00793218612670898 0.00726175308227539 0.328826904296875 0.099395751953125
0.0183219909667969 -0.00121688842773438 -0.305511474609375 -0.12890625
0.0149354934692383 0.0103378295898438 -0.085205078125 -0.342041015625
0.0237655639648438 0.0200710296630859 0.32745361328125 -0.368896484375
-0.00253486633300781 0.0237522125244141 0.68719482421875 -0.00421142578125
-0.0394401550292969 -0.0236015319824219 0.4666748046875 0.68963623046875
-0.00245285034179687 -0.0685462951660156 -0.17425537109375 0.91412353515625
0.0289020538330078 0.0068511962890625 -0.474334716796875 0.458221435546875
0.0475578308105469 0.0362663269042969 0.0373878479003906 0.0314521789550781
0.0273227691650391 0.00892448425292969 0.5 -0.5072021484375
0.0236854553222656 -0.0243282318115234 0.04888916015625 -0.94171142578125
-0.00886726379394531 -0.015498161315918 -0.6898193359375 -0.48394775390625
-0.0187911987304688 0.0083465576171875 -0.64129638671875 0.23114013671875
0.00830268859863281 0.00988864898681641 -0.230987548828125 0.464141845703125
0.00858402252197266 0.00477504730224609 0.144195556640625 0.33978271484375
0.00814676284790039 0.00627565383911133 0.3292236328125 0.099151611328125
0.0192508697509766 -0.00422477722167969 -0.302459716796875 -0.129486083984375
0.0169086456298828 0.00404930114746094 -0.0853271484375 -0.339874267578125
0.0294017791748047 0.0155868530273438 0.328948974609375 -0.36297607421875
0.00155830383300781 0.0246677398681641 0.6881103515625 0.0037841796875
-0.0398101806640625 -0.0203475952148438 0.46307373046875 0.69964599609375
-0.00167846679687499 -0.070648193359375 -0.1810302734375 0.91741943359375
0.0377426147460938 0.000194549560546875 -0.478424072265625 0.457733154296875
0.0603065490722656 0.031097412109375 0.0356330871582031 0.0314178466796875
0.0353279113769531 0.00249862670898438 0.495025634765625 -0.509674072265625
0.0246944427490234 -0.0254974365234375 0.04144287109375 -0.93841552734375
-0.00980472564697266 -0.0123844146728516 -0.6922607421875 -0.47576904296875
-0.0154829025268555 0.00776958465576172 -0.640869140625 0.2369384765625
0.013239860534668 0.00576114654541016 -0.22967529296875 0.466705322265625
0.0106210708618164 -0.000720977783203125 0.144378662109375 0.3408203125
0.00831365585327148 0.00286388397216797 0.328704833984375 0.099578857421875
0.0205116271972656 -0.00890350341796875 -0.302032470703125 -0.12835693359375
0.0190143585205078 -0.00293731689453125 -0.088104248046875 -0.33929443359375
0.035369873046875 0.0105743408203125 0.322845458984375 -0.36468505859375
0.00556373596191407 0.0250453948974609 0.68524169921875 -0.00408935546875
-0.0399208068847656 -0.0158882141113281 0.468994140625 0.69171142578125
-0.00200653076171875 -0.0701904296875 -0.1700439453125 0.92144775390625
0.0445709228515625 -0.00542068481445313 -0.47808837890625 0.465667724609375
0.0713958740234375 0.0256881713867188 0.0282554626464844 0.0351791381835938
0.0423545837402344 -0.00268936157226563 0.49591064453125 -0.50299072265625
0.0259819030761719 -0.02392578125 0.05401611328125 -0.94012451171875
-0.00812864303588867 -0.00810050964355469 -0.68682861328125 -0.48504638671875
-0.0117759704589844 0.00598526000976562 -0.64544677734375 0.23089599609375
0.0181674957275391 0.00102424621582031 -0.23626708984375 0.46746826171875
0.0123720169067383 -0.00669193267822266 0.14166259765625 0.3428955078125
0.00914859771728516 -0.00241374969482422 0.328094482421875 0.100250244140625
0.0226345062255859 -0.0140724182128906 -0.302001953125 -0.127685546875
0.0206050872802734 -0.0100975036621094 -0.09588623046875 -0.340301513671875
0.041473388671875 0.0049591064453125 0.310577392578125 -0.371795654296875
0.0110626220703125 0.0266323089599609 0.68023681640625 -0.02288818359375
-0.03973388671875 -0.00847625732421874 0.488525390625 0.67626953125
-0.00297164916992187 -0.0664520263671875 -0.14483642578125 0.92431640625
0.0479507446289062 -0.00897216796875 -0.474090576171875 0.478668212890625
0.0789108276367188 0.0215835571289063 0.0188217163085938 0.0420646667480469
0.0472564697265625 -0.0041961669921875 0.502716064453125 -0.490203857421875
0.0276603698730469 -0.0196933746337891 0.079833984375 -0.9429931640625
-0.00660133361816406 -0.00278043746948242 -0.6732177734375 -0.51007080078125
-0.00703859329223633 0.00593280792236328 -0.65496826171875 0.212158203125
0.0250053405761719 -0.00293922424316406 -0.248077392578125 0.461029052734375
0.0148324966430664 -0.0132532119750977 0.133453369140625 0.344573974609375
0.0108661651611328 -0.00857448577880859 0.325927734375 0.102935791015625
0.0254840850830078 -0.0100193023681641 -0.31976318359375 -0.118804931640625
0.0136775970458984 0.00710582733154297 -0.125885009765625 -0.350189208984375
0.0288162231445313 0.0183429718017578 0.26239013671875 -0.42694091796875
0.00478363037109375 0.0286598205566406 0.665283203125 -0.13653564453125
-0.0334339141845703 -0.00328826904296876 0.56817626953125 0.56378173828125
-0.01116943359375 -0.0470123291015625 -0.022705078125 0.897216796875
0.0123195648193359 0.0214328765869141 -0.42486572265625 0.5111083984375
0.0213203430175781 0.0474281311035156 0.00681686401367188 0.0579147338867188
0.00925827026367187 0.0277843475341797 0.5390625 -0.454559326171875
0.0279827117919922 -0.00486564636230469 0.180419921875 -0.9560546875
0.000540733337402344 -0.0049290657043457 -0.62548828125 -0.60601806640625
-0.0150480270385742 0.0113401412963867 -0.67584228515625 0.13037109375
0.00963020324707031 0.0104579925537109 -0.282745361328125 0.425079345703125
0.00870704650878906 0.00420761108398438 0.114227294921875 0.337371826171875
0.0121669769287109 -0.00191116333007813 0.3214111328125 0.10003662109375
0.0220870971679688 -0.00626945495605469 -0.318023681640625 -0.117950439453125
0.0139570236206055 0.0119199752807617 -0.114501953125 -0.3475341796875
0.0245132446289063 0.0213279724121094 0.277435302734375 -0.411376953125
0.000356674194335939 0.0269584655761719 0.67230224609375 -0.103271484375
-0.03570556640625 -0.0107612609863281 0.5411376953125 0.5955810546875
-0.0106620788574219 -0.052947998046875 -0.0667114257812499 0.89825439453125
0.0123748779296875 0.0201778411865234 -0.438323974609375 0.49481201171875
0.0216484069824219 0.0467033386230469 0.017913818359375 0.0495376586914062
0.0104141235351563 0.0254383087158203 0.528533935546875 -0.470672607421875
0.0267829895019531 -0.0110149383544922 0.14141845703125 -0.94903564453125
-0.00147056579589844 -0.0106906890869141 -0.645263671875 -0.56390380859375
-0.0178909301757812 0.0112133026123047 -0.6641845703125 0.16204833984375
0.00543212890625 0.0123529434204102 -0.2626953125 0.434906005859375
0.00716495513916016 0.00856685638427734 0.127838134765625 0.33740234375
0.00953197479248047 0.00279998779296875 0.32611083984375 0.0960693359375
0.0207958221435547 -0.00172615051269531 -0.3145751953125 -0.1221923828125
0.0128755569458008 0.0139942169189453 -0.1051025390625 -0.346038818359375
0.0227737426757813 0.0226173400878906 0.296722412109375 -0.398834228515625
-0.00287246704101563 0.0255832672119141 0.68145751953125 -0.06982421875
-0.037933349609375 -0.0169296264648438 0.51995849609375 0.6328125
-0.008697509765625 -0.0587577819824219 -0.10040283203125 0.90740966796875
0.0154256820678711 0.017547607421875 -0.4493408203125 0.482269287109375
0.0269966125488281 0.0449447631835937 0.0272407531738281 0.0417671203613281
0.0146636962890625 0.02142333984375 0.512176513671875 -0.49078369140625
0.0262584686279297 -0.01678466796875 0.09521484375 -0.95025634765625
-0.00467681884765625 -0.0142908096313477 -0.6710205078125 -0.5294189453125
-0.0203437805175781 0.0107212066650391 -0.655517578125 0.19390869140625
0.00475502014160156 0.0132551193237305 -0.2467041015625 0.446746826171875
0.00696086883544922 0.00911617279052734 0.135650634765625 0.337615966796875
0.00880908966064453 0.00592231750488281 0.328094482421875 0.0960693359375
0.0187435150146484 -0.00089263916015625 -0.31195068359375 -0.1224365234375
0.013951301574707 0.0136423110961914 -0.097137451171875 -0.34283447265625
0.0223808288574219 0.0219821929931641 0.312286376953125 -0.38421630859375
-0.00312423706054688 0.0236225128173828 0.683837890625 -0.037841796875
-0.0392684936523438 -0.0202865600585938 0.4932861328125 0.66070556640625
-0.00657272338867188 -0.0640068054199219 -0.13836669921875 0.90972900390625
0.0213108062744141 0.0115871429443359 -0.46087646484375 0.470672607421875
0.0356979370117188 0.0409355163574219 0.0343704223632813 0.0355110168457031
0.0205307006835938 0.0153865814208984 0.501129150390625 -0.50390625
0.0248622894287109 -0.0219478607177734 0.0629272460937501 -0.94366455078125
-0.00704097747802734 -0.0161008834838867 -0.6849365234375 -0.49359130859375
-0.0199203491210938 0.00989151000976563 -0.64404296875 0.22161865234375
0.00527381896972656 0.0119819641113281 -0.232330322265625 0.456695556640625
0.00674915313720703 0.00845670700073242 0.145782470703125 0.336944580078125
0.00845527648925781 0.00761890411376953 0.3310546875 0.094207763671875
0.017974853515625 -0.000902175903320313 -0.307037353515625 -0.124114990234375
0.0143013000488281 0.00974559783935547 -0.091796875 -0.3392333984375
0.0246162414550781 0.0193653106689453 0.32196044921875 -0.3736572265625
-0.00125885009765625 0.0231533050537109 0.68817138671875 -0.01513671875
-0.0409393310546875 -0.0218315124511719 0.47857666015625 0.68359375
-0.00443267822265625 -0.0687141418457031 -0.160888671875 0.916259765625
0.0291919708251953 0.0064239501953125 -0.467437744140625 0.464141845703125
0.0486488342285156 0.0356826782226563 0.0373725891113281 0.0313682556152344
0.028289794921875 0.00780677795410156 0.49017333984375 -0.513671875
0.0248012542724609 -0.0243320465087891 0.03607177734375 -0.9420166015625
-0.00921344757080078 -0.0146026611328125 -0.69757080078125 -0.4715576171875
-0.0183086395263672 0.00901412963867188 -0.6370849609375 0.24114990234375
0.00791454315185547 0.0101890563964844 -0.222137451171875 0.467376708984375
0.00815868377685547 0.00441694259643555 0.14971923828125 0.336883544921875
0.00779867172241211 0.00650882720947266 0.331573486328125 0.09356689453125
0.0184307098388672 -0.00424957275390625 -0.30548095703125 -0.12384033203125
0.0170230865478516 0.00395011901855469 -0.091766357421875 -0.338287353515625
0.0299472808837891 0.0143642425537109 0.32421875 -0.367919921875
0.00159645080566406 0.0242843627929688 0.68853759765625 -0.00726318359375
-0.0402870178222656 -0.0201606750488281 0.4752197265625 0.6925048828125
-0.00337219238281251 -0.070343017578125 -0.16546630859375 0.92083740234375
0.0375442504882813 -0.00011444091796875 -0.471954345703125 0.4652099609375
0.0616264343261719 0.0291748046875 0.0346889495849609 0.0319576263427734
0.0363960266113281 0.00171661376953125 0.48516845703125 -0.516265869140625
0.0247306823730469 -0.0253124237060547 0.0262451171875001 -0.9405517578125
-0.00899696350097657 -0.0119247436523437 -0.69964599609375 -0.46502685546875
-0.0153675079345703 0.00822067260742188 -0.63580322265625 0.24810791015625
0.0128583908081055 0.00558567047119141 -0.220611572265625 0.469940185546875
0.00953960418701172 -0.000745773315429688 0.150909423828125 0.338043212890625
0.00793027877807617 0.00297880172729492 0.33062744140625 0.09381103515625
0.0195522308349609 -0.00873184204101562 -0.304595947265625 -0.12359619140625
0.0185260772705078 -0.00336265563964844 -0.09490966796875 -0.337249755859375
0.035888671875 0.00904464721679688 0.31622314453125 -0.36773681640625
0.0063018798828125 0.0245304107666016 0.6865234375 -0.015625
-0.0406608581542969 -0.0149116516113281 0.4815673828125 0.68304443359375
-0.00383758544921875 -0.070526123046875 -0.1556396484375 0.9228515625
0.0444488525390625 -0.0064849853515625 -0.4705810546875 0.472442626953125
0.072296142578125 0.0238571166992188 0.0277099609375 0.0352249145507813
0.0423393249511719 -0.00330352783203125 0.4873046875 -0.509368896484375
0.025726318359375 -0.0243988037109375 0.0415039062500001 -0.940185546875
-0.00822210311889649 -0.00777816772460937 -0.6943359375 -0.474365234375
-0.0109405517578125 0.00725650787353516 -0.64111328125 0.2425537109375
0.0183277130126953 0.00104522705078125 -0.22723388671875 0.469573974609375
0.0119209289550781 -0.00662136077880859 0.147491455078125 0.340667724609375
0.00841093063354492 -0.00226449966430664 0.329559326171875 0.094512939453125
0.0221481323242188 -0.0137271881103516 -0.305450439453125 -0.122100830078125
0.0203189849853516 -0.0100841522216797 -0.102294921875 -0.33770751953125
0.0417442321777344 0.00352859497070313 0.305419921875 -0.37640380859375
0.0120010375976563 0.0261516571044922 0.68060302734375 -0.0340576171875
-0.0405807495117188 -0.00673675537109374 0.49981689453125 0.668701171875
-0.00470733642578125 -0.0659866333007813 -0.1290283203125 0.92596435546875
0.0480537414550781 -0.00946426391601563 -0.467041015625 0.485260009765625
0.079833984375 0.02044677734375 0.0178413391113281 0.0419807434082031
0.0479507446289063 -0.00559616088867188 0.493377685546875 -0.49896240234375
0.0278491973876953 -0.0205268859863281 0.0658569335937499 -0.9444580078125
-0.00562238693237305 -0.00289344787597656 -0.681640625 -0.49896240234375
-0.0063929557800293 0.00624465942382813 -0.6492919921875 0.22210693359375
0.0235824584960937 -0.00318717956542969 -0.240753173828125 0.463958740234375
0.0140972137451172 -0.0137538909912109 0.139556884765625 0.342437744140625
0.00988006591796875 -0.00770378112792969 0.32769775390625 0.0965576171875
0.0241851806640625 -0.0102653503417969 -0.321990966796875 -0.112823486328125
0.013458251953125 0.00581550598144531 -0.1318359375 -0.34674072265625
0.0286827087402344 0.0169486999511719 0.25628662109375 -0.427947998046875
0.00586318969726563 0.0279273986816406 0.6629638671875 -0.14617919921875
-0.0336894989013672 -0.00285911560058593 0.57470703125 0.55419921875
-0.0128364562988281 -0.0464973449707031 -0.0088500976562499 0.89404296875
0.0130844116210938 0.0208625793457031 -0.4158935546875 0.51654052734375
0.0223655700683594 0.0465126037597656 0.00705718994140625 0.0584030151367187
0.0104751586914062 0.0276527404785156 0.53082275390625 -0.460968017578125
0.0283050537109375 -0.00561904907226563 0.16790771484375 -0.95709228515625
0.00124168395996094 -0.00509166717529297 -0.63262939453125 -0.59521484375
-0.0141448974609375 0.0117111206054687 -0.67242431640625 0.139892578125
0.0100955963134766 0.0102767944335938 -0.27447509765625 0.42620849609375
0.00851249694824219 0.00388431549072266 0.1190185546875 0.335845947265625
0.0113992691040039 -0.00135231018066406 0.323394775390625 0.09466552734375
0.0218467712402344 -0.00584220886230469 -0.320220947265625 -0.112335205078125
0.0136041641235352 0.0122699737548828 -0.1219482421875 -0.344757080078125
0.0248317718505859 0.019805908203125 0.272308349609375 -0.414093017578125
0.00085639953613281 0.0265312194824219 0.67022705078125 -0.11248779296875
-0.0360565185546875 -0.0107612609863281 0.5489501953125 0.58502197265625
-0.0117111206054687 -0.0527534484863281 -0.0532836914062499 0.89727783203125
0.0134563446044922 0.0198116302490234 -0.4307861328125 0.499908447265625
0.0230941772460938 0.0463027954101563 0.0181541442871094 0.0497589111328125
0.0117816925048828 0.0252170562744141 0.521575927734375 -0.477874755859375
0.0264072418212891 -0.0118637084960938 0.1273193359375 -0.94976806640625
-0.00199604034423828 -0.0113201141357422 -0.650390625 -0.5533447265625
-0.0167789459228516 0.0113992691040039 -0.658935546875 0.17132568359375
0.005615234375 0.0123586654663086 -0.253936767578125 0.437530517578125
0.00673198699951172 0.00786828994750976 0.13287353515625 0.3349609375
0.00910663604736328 0.00262260437011719 0.32769775390625 0.08929443359375
0.0203781127929688 -0.00252532958984375 -0.316375732421875 -0.117401123046875
0.0131654739379883 0.0138473510742188 -0.11065673828125 -0.343170166015625
0.0231189727783203 0.0217170715332031 0.291473388671875 -0.40264892578125
-0.00168228149414062 0.0248928070068359 0.67919921875 -0.07952880859375
-0.0379447937011719 -0.0157356262207031 0.52783203125 0.623291015625
-0.00966644287109376 -0.0577850341796875 -0.0867309570312501 0.90509033203125
0.0165338516235352 0.0172529220581055 -0.441131591796875 0.48638916015625
0.0282058715820313 0.0445976257324219 0.0267219543457031 0.0412445068359375
0.0158023834228516 0.021484375 0.50579833984375 -0.4959716796875
0.0261268615722656 -0.0171623229980469 0.0819091796875001 -0.95025634765625
-0.00515079498291016 -0.0142192840576172 -0.67694091796875 -0.51800537109375
-0.0190830230712891 0.0109024047851563 -0.650390625 0.20379638671875
0.00507450103759766 0.0126094818115234 -0.23895263671875 0.448883056640625
0.00635623931884766 0.00928401947021484 0.14044189453125 0.334625244140625
0.00904941558837891 0.00610828399658203 0.328765869140625 0.089569091796875
0.0187015533447266 -0.000415802001953125 -0.31414794921875 -0.116790771484375
0.013641357421875 0.0134954452514648 -0.102752685546875 -0.340545654296875
0.0228652954101562 0.0204105377197266 0.306243896484375 -0.387176513671875
-0.00266265869140625 0.0234642028808594 0.68365478515625 -0.047119140625
-0.0395050048828125 -0.0208282470703125 0.5037841796875 0.6524658203125
-0.00796127319335938 -0.0630874633789063 -0.1248779296875 0.90960693359375
0.0214767456054688 0.0126724243164063 -0.4534912109375 0.474090576171875
0.0373878479003906 0.0400161743164063 0.0337448120117188 0.0357246398925781
0.02178955078125 0.0154151916503906 0.49285888671875 -0.508514404296875
0.0250263214111328 -0.0218753814697266 0.0481567382812499 -0.94415283203125
-0.00716686248779297 -0.016261100769043 -0.6903076171875 -0.483154296875
-0.0198459625244141 0.0101509094238281 -0.6380615234375 0.2313232421875
0.00529575347900391 0.0114107131958008 -0.223419189453125 0.45989990234375
0.00695323944091797 0.00824260711669922 0.150726318359375 0.333526611328125
0.00823450088500977 0.00797319412231445 0.33251953125 0.0870361328125
0.0178585052490234 -0.0013427734375 -0.309417724609375 -0.118682861328125
0.0142192840576172 0.00946998596191406 -0.0972900390625 -0.336822509765625
0.0249576568603516 0.0173778533935547 0.315643310546875 -0.37725830078125
-0.00112533569335938 0.0233631134033203 0.68798828125 -0.025634765625
-0.0407791137695312 -0.02142333984375 0.489013671875 0.675537109375
-0.006805419921875 -0.0680999755859375 -0.1458740234375 0.9168701171875
0.0295257568359375 0.00543594360351563 -0.459930419921875 0.468841552734375
0.0494194030761719 0.0345458984375 0.0369110107421875 0.0315513610839844
0.0285320281982422 0.00831222534179687 0.481536865234375 -0.518890380859375
0.0242118835449219 -0.0253257751464844 0.0213012695312501 -0.93927001953125
-0.00917434692382812 -0.0156793594360352 -0.70184326171875 -0.46051025390625
-0.0182476043701172 0.009521484375 -0.63250732421875 0.2490234375
0.00817680358886719 0.00926017761230469 -0.21405029296875 0.468231201171875
0.00765895843505859 0.00449657440185547 0.155517578125 0.334014892578125
0.00785064697265625 0.00635004043579102 0.332275390625 0.08734130859375
0.0177154541015625 -0.00439834594726563 -0.306488037109375 -0.117919921875
0.0159997940063477 0.00294780731201172 -0.097412109375 -0.334686279296875
0.0294017791748047 0.01300048828125 0.316436767578125 -0.370941162109375
0.00214576721191406 0.0229759216308594 0.68768310546875 -0.01739501953125
-0.0413551330566406 -0.0188674926757812 0.4837646484375 0.68450927734375
-0.00497817993164062 -0.0696372985839844 -0.15191650390625 0.92010498046875
0.0368309020996094 -0.000820159912109375 -0.46466064453125 0.471466064453125
0.0617141723632813 0.0283737182617188 0.0342559814453125 0.0313205718994141
0.0369987487792969 0.001800537109375 0.476287841796875 -0.52215576171875
0.0247077941894531 -0.0262355804443359 0.0147705078125001 -0.93914794921875
-0.00954627990722656 -0.0127143859863281 -0.70599365234375 -0.4537353515625
-0.0148210525512695 0.00870323181152343 -0.62939453125 0.25616455078125
0.0124492645263672 0.00538158416748047 -0.21258544921875 0.472442626953125
0.0097036361694336 -0.00116539001464844 0.1552734375 0.335357666015625
0.00800657272338867 0.00323057174682617 0.33251953125 0.087921142578125
0.0203151702880859 -0.00835418701171875 -0.30694580078125 -0.11767578125
0.0179882049560547 -0.00366020202636719 -0.10076904296875 -0.334228515625
0.0356292724609375 0.00736236572265625 0.310272216796875 -0.373779296875
0.00763702392578125 0.0239620208740234 0.6829833984375 -0.0244140625
-0.0408821105957031 -0.0137214660644531 0.4912109375 0.6756591796875
-0.005279541015625 -0.0694084167480469 -0.14227294921875 0.92279052734375
0.0438117980957031 -0.00664901733398438 -0.463592529296875 0.478759765625
0.072998046875 0.022247314453125 0.0278110504150391 0.0348358154296875
0.0432319641113281 -0.00316238403320312 0.4783935546875 -0.51556396484375
0.0259628295898438 -0.0249042510986328 0.0257568359375 -0.93853759765625
-0.00827693939208985 -0.0085601806640625 -0.6988525390625 -0.4620361328125
-0.0106925964355469 0.00731277465820313 -0.6348876953125 0.25067138671875
0.01788330078125 0.00058746337890625 -0.21905517578125 0.470428466796875
0.0119104385375977 -0.00756645202636719 0.152496337890625 0.3370361328125
0.0087285041809082 -0.00185871124267578 0.33062744140625 0.08782958984375
0.0217342376708984 -0.0138874053955078 -0.306060791015625 -0.117279052734375
0.0196266174316406 -0.0110569000244141 -0.10736083984375 -0.334442138671875
0.0412635803222656 0.00220489501953125 0.298492431640625 -0.378936767578125
0.0122470855712891 0.0252437591552734 0.678955078125 -0.04351806640625
-0.0401344299316406 -0.00613784790039063 0.50872802734375 0.65777587890625
-0.00651168823242188 -0.0656700134277344 -0.11920166015625 0.92547607421875
0.0477104187011719 -0.0104331970214844 -0.457489013671875 0.4906005859375
0.0805892944335937 0.018402099609375 0.0180778503417969 0.0422019958496094
0.0478134155273438 -0.005859375 0.485626220703125 -0.502532958984375
0.0274410247802734 -0.0217876434326172 0.05126953125 -0.943115234375
-0.00583028793334961 -0.00323295593261719 -0.68768310546875 -0.487548828125
-0.00641775131225586 0.00644874572753906 -0.64453125 0.2322998046875
0.0234966278076172 -0.003387451171875 -0.23297119140625 0.46636962890625
0.0134048461914063 -0.0143680572509766 0.144866943359375 0.338775634765625
0.0101099014282227 -0.00771331787109375 0.328704833984375 0.090789794921875
0.0233840942382812 -0.0101432800292969 -0.322418212890625 -0.107574462890625
0.0136833190917969 0.00579357147216797 -0.1370849609375 -0.342681884765625
0.0295200347900391 0.0160446166992188 0.247467041015625 -0.430572509765625
0.00592613220214844 0.0269641876220703 0.65850830078125 -0.156005859375
-0.0340442657470703 -0.00233268737792969 0.58026123046875 0.54473876953125
-0.0143661499023438 -0.0455741882324219 0.00152587890625002 0.89093017578125
0.0134620666503906 0.0210533142089844 -0.40740966796875 0.520050048828125
0.0237884521484375 0.0451736450195313 0.00689315795898437 0.0579376220703125
0.0113658905029297 0.0277900695800781 0.52178955078125 -0.466156005859375
0.0281105041503906 -0.00596809387207031 0.15386962890625 -0.95654296875
0.0011138916015625 -0.00522899627685547 -0.636962890625 -0.58349609375
-0.0135955810546875 0.0121450424194336 -0.66632080078125 0.150146484375
0.00936317443847656 0.00986194610595703 -0.26666259765625 0.42755126953125
0.00840330123901367 0.00293779373168945 0.124359130859375 0.3319091796875
0.0115528106689453 -0.0007171630859375 0.32366943359375 0.08843994140625
0.0211582183837891 -0.00628852844238281 -0.320709228515625 -0.10687255859375
0.0131940841674805 0.0119218826293945 -0.127044677734375 -0.341094970703125
0.0249176025390625 0.0189323425292969 0.26519775390625 -0.4154052734375
0.0011749267578125 0.0260791778564453 0.6658935546875 -0.12237548828125
-0.0361976623535156 -0.00973129272460937 0.55499267578125 0.574951171875
-0.0135498046875 -0.051727294921875 -0.03851318359375 0.892333984375
0.0130138397216797 0.0195217132568359 -0.4224853515625 0.50274658203125
0.02386474609375 0.0454216003417969 0.0176162719726563 0.049468994140625
0.0125236511230469 0.0254878997802734 0.51104736328125 -0.481964111328125
0.0267219543457031 -0.0127582550048828 0.114990234375 -0.94720458984375
-0.00178146362304687 -0.0113201141357422 -0.657470703125 -0.54052734375
-0.0170631408691406 0.0117301940917969 -0.653076171875 0.18096923828125
0.00596714019775391 0.0114078521728516 -0.24652099609375 0.437896728515625
0.00667619705200195 0.00711917877197266 0.138153076171875 0.330657958984375
0.00947761535644531 0.00312137603759766 0.32708740234375 0.083526611328125
0.0199337005615234 -0.00283050537109375 -0.31658935546875 -0.111480712890625
0.0125656127929687 0.013401985168457 -0.116180419921875 -0.339569091796875
0.0230674743652344 0.0199527740478516 0.28460693359375 -0.404571533203125
-0.00103759765625 0.0243759155273438 0.675048828125 -0.0889892578125
-0.0385475158691406 -0.0149116516113281 0.53564453125 0.61407470703125
-0.0119514465332031 -0.0577201843261719 -0.07598876953125 0.90142822265625
0.0164852142333984 0.0163993835449219 -0.43243408203125 0.49090576171875
0.0293464660644531 0.0428276062011719 0.026763916015625 0.0414848327636719
0.0166206359863281 0.0209999084472656 0.493408203125 -0.501708984375
0.0262393951416016 -0.0180149078369141 0.06719970703125 -0.9466552734375
-0.0048828125 -0.0141372680664063 -0.678955078125 -0.5052490234375
-0.0187263488769531 0.011810302734375 -0.6455078125 0.21197509765625
0.00455379486083984 0.0130167007446289 -0.23101806640625 0.449798583984375
0.00645256042480469 0.00890636444091797 0.14556884765625 0.330718994140625
0.00905036926269531 0.00686073303222656 0.329010009765625 0.084228515625
0.0181293487548828 -0.00123214721679687 -0.3148193359375 -0.11175537109375
0.0134658813476563 0.0132026672363281 -0.1090087890625 -0.3365478515625
0.0225734710693359 0.0194721221923828 0.2987060546875 -0.3892822265625
-0.00173377990722656 0.02325439453125 0.68084716796875 -0.0576171875
-0.0404052734375 -0.01959228515625 0.509521484375 0.64239501953125
-0.0097198486328125 -0.0630226135253906 -0.1124267578125 0.90606689453125
0.02154541015625 0.0112514495849609 -0.444244384765625 0.47857666015625
0.037811279296875 0.0387306213378906 0.0332565307617188 0.035308837890625
0.0223178863525391 0.0154533386230469 0.483612060546875 -0.51318359375
0.0244789123535156 -0.0224609375 0.0345458984375001 -0.93792724609375
-0.00678920745849609 -0.0157537460327148 -0.693115234375 -0.47021484375
-0.0184974670410156 0.0106658935546875 -0.63165283203125 0.2388916015625
0.005218505859375 0.0116205215454102 -0.214263916015625 0.459930419921875
0.00682401657104492 0.00786399841308594 0.15557861328125 0.32989501953125
0.00840234756469726 0.00724458694458008 0.3321533203125 0.08135986328125
0.0177001953125 -0.00109100341796875 -0.310577392578125 -0.11297607421875
0.0139398574829102 0.00816631317138672 -0.10302734375 -0.334381103515625
0.0251789093017578 0.0162067413330078 0.308380126953125 -0.379241943359375
0.000494003295898435 0.0224742889404297 0.68499755859375 -0.0350341796875
-0.0410919189453125 -0.0204544067382813 0.49639892578125 0.66552734375
-0.00805282592773437 -0.0668983459472656 -0.13262939453125 0.91290283203125
0.0290737152099609 0.00498771667480469 -0.452484130859375 0.4732666015625
0.0500106811523437 0.0334625244140625 0.0364036560058594 0.0315475463867188
0.0297775268554688 0.00786781311035156 0.4715576171875 -0.5238037109375
0.0241565704345703 -0.0255222320556641 0.00842285156249999 -0.937255859375
-0.00929737091064453 -0.0148763656616211 -0.7064208984375 -0.44879150390625
-0.017120361328125 0.00955295562744141 -0.62445068359375 0.258056640625
0.00756072998046875 0.00918292999267578 -0.20458984375 0.4683837890625
0.0078277587890625 0.00445079803466797 0.159881591796875 0.32989501953125
0.00816583633422852 0.00681161880493164 0.33245849609375 0.081573486328125
0.0178184509277344 -0.00415611267089844 -0.3079833984375 -0.1129150390625
0.0153846740722656 0.00276660919189453 -0.10308837890625 -0.331329345703125
0.02984619140625 0.0115146636962891 0.310272216796875 -0.373931884765625
0.00354957580566406 0.0229053497314453 0.68487548828125 -0.02716064453125
-0.0417327880859375 -0.0181350708007812 0.49249267578125 0.67437744140625
-0.0062713623046875 -0.0686683654785156 -0.13922119140625 0.91827392578125
0.036834716796875 -0.00159454345703125 -0.45654296875 0.476104736328125
0.0632514953613281 0.0267562866210938 0.0344715118408203 0.0310192108154297
0.0370979309082031 0.00078582763671875 0.466766357421875 -0.52593994140625
0.0242958068847656 -0.0261764526367187 0.000488281249999909 -0.93450927734375
-0.00900077819824218 -0.0127334594726563 -0.70831298828125 -0.4403076171875
-0.014317512512207 0.00904178619384766 -0.6229248046875 0.26336669921875
0.0123004913330078 0.00551891326904297 -0.203460693359375 0.4713134765625
0.00943851470947266 -0.00150489807128906 0.16046142578125 0.3309326171875
0.00811004638671875 0.00360727310180664 0.33160400390625 0.081878662109375
0.0190315246582031 -0.00812149047851562 -0.3072509765625 -0.1121826171875
0.0171346664428711 -0.00409698486328125 -0.105926513671875 -0.33087158203125
0.0359153747558594 0.00632095336914063 0.304168701171875 -0.375732421875
0.00757598876953125 0.0230484008789063 0.6807861328125 -0.03350830078125
-0.0416603088378906 -0.0131721496582031 0.4998779296875 0.66644287109375
-0.00658035278320312 -0.0680885314941406 -0.12841796875 0.9202880859375
0.0436363220214844 -0.00801467895507813 -0.45556640625 0.482208251953125
0.073974609375 0.0210494995117187 0.0276260375976563 0.035614013671875
0.043701171875 -0.00413894653320313 0.468170166015625 -0.518341064453125
0.0255470275878906 -0.0250930786132813 0.0133666992187499 -0.9354248046875
-0.00807666778564453 -0.0077362060546875 -0.703857421875 -0.4510498046875
-0.010432243347168 0.00746726989746094 -0.62664794921875 0.2591552734375
0.0177097320556641 0.0004425048828125 -0.21038818359375 0.470855712890625
0.0109663009643555 -0.0077056884765625 0.15704345703125 0.3328857421875
0.00851583480834961 -0.0010676383972168 0.3314208984375 0.082855224609375
0.0209941864013672 -0.0138492584228516 -0.3077392578125 -0.111541748046875
0.0188179016113281 -0.0118236541748047 -0.112579345703125 -0.330810546875
0.0413703918457031 0.00104522705078125 0.29290771484375 -0.381927490234375
0.0128078460693359 0.0242137908935547 0.676513671875 -0.0528564453125
-0.0404396057128906 -0.00590133666992187 0.51751708984375 0.64910888671875
-0.0077362060546875 -0.0649452209472656 -0.10400390625 0.9212646484375
0.0476150512695313 -0.0119857788085938 -0.4500732421875 0.4947509765625
0.0808029174804688 0.0169219970703125 0.0185165405273438 0.0419845581054688
0.0488052368164063 -0.0066680908203125 0.47650146484375 -0.506195068359375
0.0271720886230469 -0.0217571258544922 0.038818359375 -0.939208984375
-0.00568914413452148 -0.00293731689453125 -0.69140625 -0.47393798828125
-0.00626754760742188 0.00633716583251953 -0.63665771484375 0.24169921875
0.0237274169921875 -0.00399971008300781 -0.22357177734375 0.466949462890625
0.0134954452514648 -0.0144824981689453 0.14959716796875 0.334869384765625
0.0100212097167969 -0.00732994079589844 0.328338623046875 0.084197998046875
0.0224876403808594 -0.0104866027832031 -0.32220458984375 -0.1011962890625
0.0130558013916016 0.0050201416015625 -0.14178466796875 -0.339324951171875
0.0291271209716797 0.0143604278564453 0.240509033203125 -0.429901123046875
0.00695991516113281 0.0263862609863281 0.6517333984375 -0.16314697265625
-0.0342063903808594 -0.00141716003417969 0.58502197265625 0.5318603515625
-0.0159950256347656 -0.0445022583007813 0.01361083984375 0.88421630859375
0.0141143798828125 0.0198516845703125 -0.3983154296875 0.52178955078125
0.0251045227050781 0.0445976257324219 0.00699234008789063 0.0581626892089844
0.0127391815185547 0.0278587341308594 0.511627197265625 -0.46893310546875
0.0278968811035156 -0.00702476501464844 0.14141845703125 -0.953125
0.00095367431640625 -0.00548124313354492 -0.64044189453125 -0.5704345703125
-0.0128698348999023 0.01220703125 -0.6585693359375 0.15789794921875
0.0104169845581055 0.0104055404663086 -0.25848388671875 0.428802490234375
0.00818920135498047 0.0032496452331543 0.128509521484375 0.3277587890625
0.0103931427001953 -0.00119304656982422 0.323211669921875 0.083740234375
0.0203971862792969 -0.0063629150390625 -0.320648193359375 -0.10150146484375
0.0135116577148438 0.0111541748046875 -0.132293701171875 -0.337188720703125
0.0252056121826172 0.0176715850830078 0.257537841796875 -0.416412353515625
0.00148200988769531 0.025787353515625 0.6610107421875 -0.129150390625
-0.0363197326660156 -0.00960159301757813 0.56024169921875 0.56427001953125
-0.0146636962890625 -0.05059814453125 -0.02886962890625 0.88916015625
0.0133686065673828 0.0190315246582031 -0.41510009765625 0.504669189453125
0.0246696472167969 0.0439987182617188 0.0173492431640625 0.0496482849121094
0.0143451690673828 0.0251331329345703 0.50079345703125 -0.48529052734375
0.0270347595214844 -0.0129432678222656 0.101806640625 -0.943115234375
-0.00166511535644531 -0.0114002227783203 -0.65887451171875 -0.5281982421875
-0.0160760879516602 0.0117988586425781 -0.64642333984375 0.1884765625
0.00481700897216797 0.0117101669311523 -0.2391357421875 0.437591552734375
0.00690412521362305 0.00705337524414063 0.1417236328125 0.32659912109375
0.00926017761230469 0.00308609008789063 0.32745361328125 0.078521728515625
0.0195388793945313 -0.00198554992675781 -0.317047119140625 -0.105072021484375
0.012542724609375 0.0137777328491211 -0.121795654296875 -0.335113525390625
0.0230922698974609 0.0193672180175781 0.27764892578125 -0.406005859375
-0.000747680664062499 0.0231475830078125 0.67095947265625 -0.0958251953125
-0.0389289855957031 -0.0145988464355469 0.5418701171875 0.60247802734375
-0.0127639770507813 -0.056396484375 -0.0623779296875 0.8963623046875
0.0166492462158203 0.0162296295166016 -0.424835205078125 0.492462158203125
0.0300788879394531 0.0417404174804688 0.0258750915527344 0.0414505004882813
0.0170269012451172 0.0209712982177734 0.483795166015625 -0.502349853515625
0.0254554748535156 -0.0184478759765625 0.05523681640625 -0.94146728515625
-0.00480365753173828 -0.0154142379760742 -0.68115234375 -0.49176025390625
-0.0183658599853516 0.0122928619384766 -0.6370849609375 0.21923828125
0.00416088104248047 0.0125265121459961 -0.222686767578125 0.450164794921875
0.00525999069213867 0.00867223739624023 0.150726318359375 0.32708740234375
0.00876522064208984 0.00655174255371094 0.32928466796875 0.0789794921875
0.0175180435180664 -0.00182437896728516 -0.314788818359375 -0.105438232421875
0.0129203796386719 0.0126981735229492 -0.11309814453125 -0.33197021484375
0.0220222473144531 0.0191307067871094 0.292236328125 -0.39031982421875
-0.000858306884765624 0.0224494934082031 0.6767578125 -0.06494140625
-0.0404396057128906 -0.0189132690429688 0.5174560546875 0.6319580078125
-0.0108680725097656 -0.0622482299804688 -0.10003662109375 0.90264892578125
0.0209598541259766 0.0109577178955078 -0.435699462890625 0.480621337890625
0.0390548706054688 0.0383682250976563 0.032989501953125 0.0349864959716797
0.0234947204589844 0.0147666931152344 0.472869873046875 -0.514923095703125
0.0241546630859375 -0.0225009918212891 0.02294921875 -0.93414306640625
-0.00755405426025391 -0.0160188674926758 -0.694091796875 -0.45648193359375
-0.0180091857910156 0.0106601715087891 -0.623046875 0.2462158203125
0.00480270385742188 0.0119495391845703 -0.207122802734375 0.459014892578125
0.00649499893188477 0.00730419158935547 0.15966796875 0.325714111328125
0.00834226608276367 0.00770139694213867 0.33251953125 0.07586669921875
0.0165824890136719 -0.000773429870605469 -0.31085205078125 -0.107208251953125
0.0132427215576172 0.0082387924194336 -0.107391357421875 -0.329681396484375
0.0247821807861328 0.0154170989990234 0.3023681640625 -0.380645751953125
0.000278472900390625 0.0219058990478516 0.68017578125 -0.04443359375
-0.0413284301757813 -0.0197906494140625 0.50335693359375 0.65386962890625
-0.00957870483398438 -0.0659599304199219 -0.119873046875 0.9091796875
0.029052734375 0.00460433959960937 -0.444793701171875 0.4771728515625
0.0510177612304688 0.0321769714355469 0.0353012084960938 0.0311088562011719
0.0301685333251953 0.00775146484375 0.460540771484375 -0.525421142578125
0.0235176086425781 -0.0256462097167969 -0.0035400390625 -0.93133544921875
-0.00934123992919922 -0.0151987075805664 -0.70672607421875 -0.43548583984375
-0.0161838531494141 0.0105619430541992 -0.61749267578125 0.26483154296875
0.00801944732666016 0.00892448425292969 -0.19683837890625 0.467559814453125
0.0072321891784668 0.00321006774902344 0.163604736328125 0.325592041015625
0.00884723663330078 0.00734424591064453 0.3314208984375 0.075775146484375
0.017303466796875 -0.00406455993652344 -0.307647705078125 -0.10760498046875
0.0150957107543945 0.00280284881591797 -0.107452392578125 -0.32696533203125
0.0288639068603516 0.0105857849121094 0.303253173828125 -0.376190185546875
0.00437355041503906 0.0217056274414063 0.680908203125 -0.03704833984375
-0.0414848327636719 -0.0180091857910156 0.5003662109375 0.66363525390625
-0.00843048095703125 -0.0680809020996094 -0.12652587890625 0.91326904296875
0.0364456176757813 -0.0021209716796875 -0.44793701171875 0.47808837890625
0.0631599426269531 0.0259284973144531 0.0338115692138672 0.0308933258056641
0.0374298095703125 0.000408172607421875 0.457000732421875 -0.52740478515625
0.0239334106445313 -0.0268001556396484 -0.01104736328125 -0.92742919921875
-0.00950813293457031 -0.0119228363037109 -0.7095947265625 -0.427734375
-0.0134515762329102 0.00898647308349609 -0.61376953125 0.2723388671875
0.0124502182006836 0.00465297698974609 -0.19635009765625 0.470123291015625
0.00807046890258789 -0.00188875198364258 0.164642333984375 0.32659912109375
0.00770902633666992 0.00396537780761719 0.331085205078125 0.07647705078125
0.0186023712158203 -0.00876808166503906 -0.30810546875 -0.107269287109375
0.0170297622680664 -0.00479221343994141 -0.110931396484375 -0.3265380859375
0.0352020263671875 0.00496673583984375 0.2972412109375 -0.377471923828125
0.00822067260742187 0.0221786499023438 0.67816162109375 -0.04425048828125
-0.041290283203125 -0.0113868713378906 0.5057373046875 0.65631103515625
-0.00830841064453125 -0.0674934387207031 -0.11737060546875 0.916748046875
0.0434150695800781 -0.00842666625976563 -0.447174072265625 0.483734130859375
0.0737533569335938 0.0196456909179688 0.0270137786865234 0.0346202850341797
0.0441246032714844 -0.0054779052734375 0.458984375 -0.51934814453125
0.0251922607421875 -0.0254707336425781 0.00292968750000008 -0.9293212890625
-0.00801420211791992 -0.0079035758972168 -0.70458984375 -0.436279296875
-0.00973701477050781 0.00814151763916016 -0.61968994140625 0.265380859375
0.0168294906616211 -0.000247001647949219 -0.202301025390625 0.47052001953125
0.0104198455810547 -0.00792026519775391 0.161712646484375 0.329559326171875
0.0089111328125 -0.00101757049560547 0.329681396484375 0.077423095703125
0.0203742980957031 -0.0135707855224609 -0.307861328125 -0.10626220703125
0.0179347991943359 -0.0116806030273438 -0.1173095703125 -0.326568603515625
0.0402908325195313 -0.000701904296875 0.28607177734375 -0.3831787109375
0.0135040283203125 0.0229263305664063 0.67279052734375 -0.06268310546875
-0.0405235290527344 -0.00530624389648438 0.52215576171875 0.63739013671875
-0.0092926025390625 -0.0643806457519531 -0.0922241210937499 0.916748046875
0.0467185974121094 -0.0118751525878906 -0.440826416015625 0.49658203125
0.08099365234375 0.0156097412109375 0.0179328918457031 0.0416984558105469
0.048614501953125 -0.00706100463867187 0.4664306640625 -0.508392333984375
0.0268669128417969 -0.0224895477294922 0.0262451171874999 -0.933349609375
-0.00557470321655273 -0.00277471542358399 -0.69256591796875 -0.4617919921875
-0.00590896606445312 0.00635576248168945 -0.62896728515625 0.24822998046875
0.0221309661865234 -0.00490760803222656 -0.2147216796875 0.464630126953125
0.0120029449462891 -0.0148820877075195 0.1536865234375 0.3306884765625
0.00952911376953125 -0.00636100769042969 0.325958251953125 0.0787353515625
0.0213127136230469 -0.0100040435791016 -0.3221435546875 -0.096282958984375
0.0127201080322266 0.00555133819580078 -0.146331787109375 -0.332672119140625
0.0288982391357422 0.0129203796386719 0.233978271484375 -0.4295654296875
0.007354736328125 0.0258445739746094 0.6466064453125 -0.1702880859375
-0.0336360931396484 -0.00101470947265625 0.5870361328125 0.52203369140625
-0.0167160034179688 -0.0437889099121094 0.0236816406250001 0.87628173828125
0.0133953094482422 0.0195083618164063 -0.391693115234375 0.523101806640625
0.0250663757324219 0.0437278747558594 0.00707244873046875 0.0581741333007812
0.0132579803466797 0.0276088714599609 0.5032958984375 -0.46923828125
0.0272579193115234 -0.00767326354980469 0.1307373046875 -0.94598388671875
0.00116443634033203 -0.00606870651245117 -0.6419677734375 -0.55841064453125
-0.0122833251953125 0.0122890472412109 -0.65057373046875 0.16485595703125
0.00903129577636719 0.00939750671386719 -0.250518798828125 0.4273681640625
0.00816106796264648 0.00232648849487305 0.13165283203125 0.32415771484375
0.010859489440918 -0.00111293792724609 0.32159423828125 0.077545166015625
0.0200252532958984 -0.00608634948730469 -0.3211669921875 -0.09600830078125
0.0128173828125 0.0104532241821289 -0.13525390625 -0.331939697265625
0.0251750946044922 0.0165119171142578 0.248870849609375 -0.41571044921875
0.00292205810546875 0.0245437622070313 0.65570068359375 -0.13720703125
-0.036590576171875 -0.00896835327148437 0.56317138671875 0.5548095703125
-0.015838623046875 -0.0494346618652344 -0.0191040039062499 0.880126953125
0.0137176513671875 0.0183506011962891 -0.404815673828125 0.50482177734375
0.0256462097167969 0.0428581237792969 0.0173187255859375 0.0502815246582031
0.0146083831787109 0.0249481201171875 0.49267578125 -0.486328125
0.0269546508789062 -0.0129508972167969 0.0904541015625001 -0.9365234375
-0.00187397003173828 -0.0106430053710938 -0.6612548828125 -0.517578125
-0.0154151916503906 0.0122823715209961 -0.63897705078125 0.1949462890625
0.00485134124755859 0.0115327835083008 -0.2314453125 0.43597412109375
0.00600910186767578 0.00682258605957031 0.14532470703125 0.32220458984375
0.00988578796386719 0.00281238555908203 0.3271484375 0.073486328125
0.0190792083740234 -0.00216293334960938 -0.316986083984375 -0.100433349609375
0.011530876159668 0.0128574371337891 -0.124969482421875 -0.330413818359375
0.0234928131103516 0.0190715789794922 0.272491455078125 -0.40570068359375
0.000278472900390626 0.0230026245117187 0.66534423828125 -0.10357666015625
-0.0394287109375 -0.0139350891113281 0.5438232421875 0.591064453125
-0.014892578125 -0.0555839538574219 -0.05364990234375 0.89044189453125
0.0159177780151367 0.0152568817138672 -0.41607666015625 0.4937744140625
0.0304145812988281 0.0412864685058594 0.0259895324707031 0.0407524108886719
0.0176544189453125 0.0202827453613281 0.474822998046875 -0.503875732421875
0.0254001617431641 -0.0182456970214844 0.04583740234375 -0.9361572265625
-0.00469017028808594 -0.015380859375 -0.68121337890625 -0.4813232421875
-0.0171041488647461 0.0121355056762695 -0.62847900390625 0.2249755859375
0.00356388092041016 0.0128698348999023 -0.215545654296875 0.44854736328125
0.00621509552001953 0.00788640975952148 0.15313720703125 0.322357177734375
0.009552001953125 0.00672054290771484 0.327850341796875 0.073883056640625
0.0170698165893555 -0.000664710998535156 -0.313812255859375 -0.1011962890625
0.0122976303100586 0.0123052597045898 -0.117950439453125 -0.327545166015625
0.0227794647216797 0.0174579620361328 0.284271240234375 -0.39068603515625
-0.00114059448242188 0.0218544006347656 0.6702880859375 -0.07354736328125
-0.0403556823730469 -0.0184822082519531 0.52166748046875 0.61962890625
-0.0131149291992187 -0.0609817504882812 -0.091064453125 0.89599609375
0.0209026336669922 0.0106296539306641 -0.428497314453125 0.482269287109375
0.0394287109375 0.0365333557128906 0.0327434539794922 0.034271240234375
0.0236721038818359 0.0143718719482422 0.46270751953125 -0.51611328125
0.0240573883056641 -0.0227890014648438 0.01287841796875 -0.9290771484375
-0.0074758529663086 -0.0158290863037109 -0.69439697265625 -0.44488525390625
-0.0173521041870117 0.0111179351806641 -0.61669921875 0.25177001953125
0.00452804565429687 0.0117197036743164 -0.199127197265625 0.45660400390625
0.00664615631103516 0.00745964050292969 0.162841796875 0.3212890625
0.00818967819213867 0.00796031951904297 0.3297119140625 0.070587158203125
0.0161771774291992 -0.000789642333984375 -0.310333251953125 -0.103546142578125
0.0134744644165039 0.00816249847412109 -0.111724853515625 -0.325714111328125
0.0247936248779297 0.0142173767089844 0.29559326171875 -0.381622314453125
0.000606536865234373 0.0210151672363281 0.67529296875 -0.0511474609375
-0.0417251586914062 -0.0188179016113281 0.5087890625 0.642822265625
-0.010986328125 -0.064849853515625 -0.10986328125 0.9041748046875
0.0284442901611328 0.00400543212890625 -0.435760498046875 0.4765625
0.0510215759277344 0.030487060546875 0.0354804992675781 0.0312385559082031
0.0308780670166016 0.00768661499023438 0.451568603515625 -0.52655029296875
0.0233612060546875 -0.0262527465820313 -0.0164794921875 -0.924072265625
-0.00936603546142578 -0.0152978897094727 -0.7052001953125 -0.4229736328125
-0.0156097412109375 0.0107574462890625 -0.6075439453125 0.2705078125
0.00810956954956055 0.00839948654174805 -0.188751220703125 0.4654541015625
0.00709772109985351 0.00312089920043945 0.167022705078125 0.320892333984375
0.00793981552124023 0.00732517242431641 0.329864501953125 0.070098876953125
0.0166530609130859 -0.00357818603515625 -0.307647705078125 -0.102813720703125
0.0150995254516602 0.00264263153076172 -0.110870361328125 -0.32305908203125
0.0294456481933594 0.00980186462402344 0.2974853515625 -0.37652587890625
0.00382614135742187 0.0204257965087891 0.67559814453125 -0.04461669921875
-0.041595458984375 -0.0168190002441406 0.50469970703125 0.65313720703125
-0.009613037109375 -0.0663719177246094 -0.1165771484375 0.908935546875
0.0364036560058594 -0.00226593017578125 -0.44012451171875 0.477020263671875
0.0637779235839844 0.024139404296875 0.0332565307617188 0.0312023162841797
0.0380363464355469 0.000156402587890625 0.447265625 -0.527252197265625
0.0238094329833984 -0.0269584655761719 -0.0212402343749999 -0.92291259765625
-0.00940513610839844 -0.011906623840332 -0.70880126953125 -0.4158935546875
-0.0134868621826172 0.0087890625 -0.60614013671875 0.27667236328125
0.0116195678710938 0.00442409515380859 -0.188446044921875 0.468170166015625
0.00852584838867188 -0.00242996215820313 0.16748046875 0.322296142578125
0.00788784027099609 0.00395679473876953 0.330047607421875 0.070892333984375
0.0174570083618164 -0.00868606567382813 -0.307952880859375 -0.101715087890625
0.0160942077636719 -0.00436878204345703 -0.114349365234375 -0.32232666015625
0.0344715118408203 0.00390625 0.2908935546875 -0.377593994140625
0.00866317749023438 0.0217399597167969 0.673095703125 -0.0513916015625
-0.0409736633300781 -0.0111618041992187 0.50921630859375 0.64501953125
-0.00950241088867188 -0.0668220520019531 -0.10614013671875 0.9095458984375
0.0422325134277344 -0.00897216796875 -0.439727783203125 0.485565185546875
0.0741195678710938 0.0179595947265625 0.0266685485839844 0.0355796813964844
0.0446548461914063 -0.00561904907226563 0.449737548828125 -0.520751953125
0.0253715515136719 -0.0255870819091797 -0.00897216796875008 -0.92413330078125
-0.00781345367431641 -0.00768280029296875 -0.70245361328125 -0.425537109375
-0.00861358642578125 0.00807332992553711 -0.61212158203125 0.2703857421875
0.0164127349853516 -0.000292778015136719 -0.195037841796875 0.46795654296875
0.00998687744140625 -0.00817584991455078 0.163848876953125 0.324432373046875
0.00848388671875 -0.000947952270507813 0.328826904296875 0.071380615234375
0.0199489593505859 -0.0135974884033203 -0.3074951171875 -0.10137939453125
0.0171213150024414 -0.0113821029663086 -0.121856689453125 -0.322265625
0.0402641296386719 -0.00120162963867188 0.27923583984375 -0.383636474609375
0.0138397216796875 0.0224170684814453 0.66705322265625 -0.069580078125
-0.0405540466308594 -0.00442123413085938 0.52716064453125 0.62750244140625
-0.0109634399414063 -0.0625419616699219 -0.0809326171875 0.91015625
0.0460853576660156 -0.0124740600585938 -0.434051513671875 0.4970703125
0.080902099609375 0.0139694213867188 0.0179290771484375 0.0422210693359375
0.0494003295898437 -0.00749588012695312 0.457855224609375 -0.50860595703125
0.0269603729248047 -0.0233421325683594 0.0170898437499999 -0.92657470703125
-0.00520658493041992 -0.00313806533813477 -0.6932373046875 -0.4493408203125
-0.00430107116699219 0.00675630569458008 -0.61920166015625 0.2540283203125
0.0222759246826172 -0.00533676147460938 -0.206756591796875 0.463287353515625
0.0119724273681641 -0.0152606964111328 0.15643310546875 0.32635498046875
0.00956249237060547 -0.00632476806640625 0.326507568359375 0.07427978515625
0.0218334197998047 -0.0101394653320313 -0.320281982421875 -0.09149169921875
0.0124282836914062 0.00455856323242187 -0.148406982421875 -0.327667236328125
0.0289192199707031 0.0125827789306641 0.22833251953125 -0.4273681640625
0.00790596008300781 0.0249671936035156 0.63897705078125 -0.17425537109375
-0.0341205596923828 -0.000511169433593753 0.58856201171875 0.51220703125
-0.0180130004882812 -0.0429039001464844 0.03155517578125 0.8695068359375
0.0134468078613281 0.0193271636962891 -0.382843017578125 0.522247314453125
0.0252151489257813 0.0419197082519531 0.00712966918945312 0.0577430725097656
0.0140285491943359 0.0269393920898438 0.494110107421875 -0.472076416015625
0.027252197265625 -0.007843017578125 0.12109375 -0.9385986328125
0.00128602981567383 -0.0060114860534668 -0.64019775390625 -0.5465087890625
-0.0113792419433594 0.0123205184936523 -0.64422607421875 0.16864013671875
0.00931072235107422 0.00887680053710938 -0.24395751953125 0.4254150390625
0.00709009170532227 0.00228166580200195 0.134063720703125 0.31951904296875
0.0106897354125977 -0.000940322875976563 0.320098876953125 0.072967529296875
0.0186386108398438 -0.00645828247070313 -0.319610595703125 -0.091949462890625
0.0123157501220703 0.0104045867919922 -0.138641357421875 -0.327178955078125
0.0245895385742188 0.0155754089355469 0.24517822265625 -0.41485595703125
0.00301170349121094 0.0241241455078125 0.64886474609375 -0.14141845703125
-0.0369224548339844 -0.00832366943359375 0.5643310546875 0.5443115234375
-0.0169410705566406 -0.0488319396972656 -0.009521484375 0.87213134765625
0.0122756958007813 0.0180320739746094 -0.39910888671875 0.5047607421875
0.0256690979003906 0.0423545837402344 0.0168533325195313 0.0500717163085938
0.0144767761230469 0.0245342254638672 0.4833984375 -0.485565185546875
0.0262241363525391 -0.0129947662353516 0.08099365234375 -0.92919921875
-0.00193214416503906 -0.0116243362426758 -0.6568603515625 -0.50653076171875
-0.0145339965820312 0.012700080871582 -0.63140869140625 0.1988525390625
0.00491428375244141 0.0108671188354492 -0.22564697265625 0.43341064453125
0.00612592697143555 0.00555324554443359 0.14794921875 0.3177490234375
0.00867080688476563 0.00351762771606445 0.32403564453125 0.068603515625
0.0183315277099609 -0.00243949890136719 -0.315704345703125 -0.0960693359375
0.0117120742797852 0.0123758316040039 -0.128143310546875 -0.32586669921875
0.023040771484375 0.0165462493896484 0.264434814453125 -0.404632568359375
0.00046730041503906 0.0221176147460937 0.65936279296875 -0.110107421875
-0.0391616821289062 -0.0128860473632813 0.5457763671875 0.5799560546875
-0.0153045654296875 -0.0546836853027344 -0.0463256835937499 0.88287353515625
0.0154476165771484 0.0150747299194336 -0.410125732421875 0.49261474609375
0.030853271484375 0.039642333984375 0.0260963439941406 0.0409469604492188
0.0190067291259766 0.0201320648193359 0.4674072265625 -0.503692626953125
0.0259132385253906 -0.0191612243652344 0.03704833984375 -0.92828369140625
-0.00517368316650391 -0.0146951675415039 -0.6795654296875 -0.467529296875
-0.017268180847168 0.0123119354248047 -0.62054443359375 0.22979736328125
0.00387287139892578 0.0121746063232422 -0.206878662109375 0.44537353515625
0.00560903549194336 0.00723934173583984 0.1556396484375 0.31781005859375
0.00921058654785156 0.00684738159179687 0.325225830078125 0.069366455078125
0.0161809921264648 -0.00104999542236328 -0.313201904296875 -0.09564208984375
0.0123252868652344 0.0120792388916016 -0.119873046875 -0.3236083984375
0.0224113464355469 0.0165023803710938 0.27911376953125 -0.3909912109375
-0.000307083129882811 0.0210380554199219 0.664794921875 -0.08001708984375
-0.0402641296386719 -0.0177116394042969 0.52490234375 0.61083984375
-0.0141716003417969 -0.0594215393066406 -0.0819091796875 0.8895263671875
0.0207176208496094 0.00985908508300781 -0.42034912109375 0.48138427734375
0.0398788452148438 0.0359115600585938 0.0325984954833984 0.0344200134277344
0.0240421295166016 0.0138111114501953 0.45452880859375 -0.5152587890625
0.0231990814208984 -0.0233497619628906 0.00445556640624999 -0.9207763671875
-0.00735759735107422 -0.0161676406860352 -0.691650390625 -0.43359375
-0.0162086486816406 0.0116500854492188 -0.60772705078125 0.25616455078125
0.00419235229492188 0.0107345581054688 -0.19342041015625 0.45404052734375
0.00640773773193359 0.00666522979736328 0.164337158203125 0.316864013671875
0.00815200805664063 0.00822830200195313 0.328582763671875 0.06585693359375
0.0158109664916992 -0.000895500183105469 -0.30902099609375 -0.098236083984375
0.0128746032714844 0.00810432434082031 -0.114349365234375 -0.32086181640625
0.0245418548583984 0.0131988525390625 0.289093017578125 -0.382293701171875
0.00128555297851562 0.0197620391845703 0.67120361328125 -0.05767822265625
-0.0411224365234375 -0.0185279846191406 0.51055908203125 0.6336669921875
-0.011962890625 -0.0632553100585938 -0.10321044921875 0.8944091796875
0.0280590057373047 0.00373268127441406 -0.42816162109375 0.47564697265625
0.0518417358398438 0.0295257568359375 0.0348644256591797 0.0306529998779297
0.0316181182861328 0.00669670104980469 0.443267822265625 -0.524627685546875
0.0235481262207031 -0.0256214141845703 -0.0216064453125001 -0.91571044921875
-0.00889205932617188 -0.0148172378540039 -0.704345703125 -0.41436767578125
-0.0154895782470703 0.0108184814453125 -0.6005859375 0.27447509765625
0.00696659088134766 0.00845479965209961 -0.18280029296875 0.462921142578125
0.00632429122924805 0.00300025939941406 0.16888427734375 0.316162109375
0.00832891464233398 0.00713777542114258 0.3277587890625 0.065887451171875
0.0155401229858398 -0.00313472747802734 -0.3062744140625 -0.0972595214843749
0.0146484375 0.00190162658691406 -0.113800048828125 -0.318939208984375
0.0289020538330078 0.00835800170898438 0.290618896484375 -0.377197265625
0.0044097900390625 0.0197238922119141 0.66961669921875 -0.05035400390625
-0.0421905517578125 -0.0160408020019531 0.50628662109375 0.64410400390625
-0.0104904174804688 -0.0659980773925781 -0.10540771484375 0.899658203125
0.0353469848632813 -0.00304031372070312 -0.431060791015625 0.477996826171875
0.06329345703125 0.0231208801269531 0.0328197479248047 0.0312557220458984
0.0384788513183594 -0.000244140625 0.43792724609375 -0.5267333984375
0.0235710144042969 -0.0273170471191406 -0.02911376953125 -0.9149169921875
-0.00936126708984375 -0.0124435424804688 -0.70623779296875 -0.4058837890625
-0.012782096862793 0.0101728439331055 -0.5970458984375 0.2803955078125
0.0116100311279297 0.00424289703369141 -0.18255615234375 0.465728759765625
0.00764942169189453 -0.0020442008972168 0.169921875 0.317718505859375
0.00850200653076172 0.00461339950561523 0.3275146484375 0.067779541015625
0.017359733581543 -0.00743484497070312 -0.306610107421875 -0.0975341796875
0.015899658203125 -0.0047454833984375 -0.116851806640625 -0.31787109375
0.0340290069580078 0.00288772583007813 0.285064697265625 -0.3773193359375
0.00919532775878906 0.0209407806396484 0.66656494140625 -0.05657958984375
-0.0419349670410156 -0.0106964111328125 0.51239013671875 0.634521484375
-0.0108909606933594 -0.0653762817382813 -0.09722900390625 0.90277099609375
0.0423965454101562 -0.00992584228515625 -0.432098388671875 0.484710693359375
0.074188232421875 0.0169143676757813 0.0267009735107422 0.0349216461181641
0.0447349548339844 -0.00572586059570313 0.44012451171875 -0.519805908203125
0.0252437591552734 -0.0264358520507812 -0.0166015624999999 -0.915283203125
-0.00759553909301758 -0.00798416137695313 -0.70086669921875 -0.4151611328125
-0.00860786437988281 0.00805330276489258 -0.601806640625 0.275390625
0.0163211822509766 -8.0108642578125E-05 -0.18798828125 0.46600341796875
0.00957012176513672 -0.00899791717529297 0.16668701171875 0.31982421875
0.00873661041259766 -0.0010380744934082 0.326690673828125 0.0670166015625
0.0188255310058594 -0.0130138397216797 -0.306976318359375 -0.096771240234375
0.0165576934814453 -0.0121212005615234 -0.124267578125 -0.317626953125
0.0388565063476563 -0.0023345947265625 0.273895263671875 -0.38275146484375
0.0143814086914063 0.0217857360839844 0.65972900390625 -0.07598876953125
-0.0404891967773438 -0.0029754638671875 0.52972412109375 0.61773681640625
-0.0118560791015625 -0.0613937377929688 -0.0728759765625 0.9029541015625
0.0453033447265625 -0.0129852294921875 -0.425537109375 0.498077392578125
0.0805816650390625 0.0130233764648438 0.0175094604492188 0.0418281555175781
0.049713134765625 -0.00866317749023438 0.4486083984375 -0.50897216796875
0.0269927978515625 -0.0231475830078125 0.00592041015625004 -0.91986083984375
-0.00473165512084961 -0.00275897979736328 -0.6904296875 -0.4398193359375
-0.00458526611328125 0.00620269775390625 -0.613525390625 0.25579833984375
0.0219707489013672 -0.0048828125 -0.201812744140625 0.461395263671875
0.0108585357666016 -0.0162744522094727 0.1575927734375 0.32177734375
0.00930023193359375 -0.00659847259521484 0.32440185546875 0.06964111328125
0.0207996368408203 -0.00967788696289062 -0.3182373046875 -0.08843994140625
0.0118169784545898 0.00439071655273438 -0.151123046875 -0.32373046875
0.0286369323730469 0.0116615295410156 0.222412109375 -0.424957275390625
0.00820350646972656 0.0241241455078125 0.632568359375 -0.17791748046875
-0.0345592498779297 0.000106811523437495 0.58837890625 0.5030517578125
-0.01824951171875 -0.0420608520507813 0.0359497070312499 0.86083984375
0.0127658843994141 0.0184078216552734 -0.377105712890625 0.519989013671875
0.0253562927246094 0.0413360595703125 0.00673675537109375 0.0583724975585938
0.0149173736572266 0.0262928009033203 0.48638916015625 -0.46893310546875
0.0276641845703125 -0.0078887939453125 0.112548828125 -0.93145751953125
0.00124168395996094 -0.00630474090576172 -0.6375732421875 -0.53790283203125
-0.0111465454101563 0.0129823684692383 -0.63580322265625 0.17218017578125
0.00852108001708984 0.00902366638183594 -0.238433837890625 0.422393798828125
0.007293701171875 0.00152349472045898 0.13604736328125 0.316497802734375
0.0102701187133789 -0.000894546508789063 0.3182373046875 0.069183349609375
0.0184001922607422 -0.00651741027832031 -0.318084716796875 -0.0872802734374999
0.0125484466552734 0.0104703903198242 -0.140380859375 -0.32232666015625
0.0245704650878906 0.0148582458496094 0.23919677734375 -0.4136962890625
0.00352287292480469 0.0231208801269531 0.64337158203125 -0.14715576171875
-0.0367050170898438 -0.00753021240234375 0.5645751953125 0.535400390625
-0.0175933837890625 -0.0474967956542969 -0.00506591796875002 0.86566162109375
0.0130176544189453 0.0179824829101562 -0.392730712890625 0.50372314453125
0.0267982482910156 0.0412216186523438 0.0162239074707031 0.0493812561035156
0.0155525207519531 0.0234889984130859 0.475433349609375 -0.4844970703125
0.0258579254150391 -0.0140838623046875 0.0753173828124999 -0.92364501953125
-0.00125980377197266 -0.012019157409668 -0.65655517578125 -0.49664306640625
-0.0143766403198242 0.0120134353637695 -0.6226806640625 0.20220947265625
0.00396823883056641 0.0109643936157227 -0.2186279296875 0.4315185546875
0.00580692291259766 0.00633525848388672 0.14959716796875 0.3135986328125
0.00868415832519531 0.00489711761474609 0.323272705078125 0.06573486328125
0.0177936553955078 -0.002105712890625 -0.315185546875 -0.091278076171875
0.0111398696899414 0.0114555358886719 -0.1302490234375 -0.321075439453125
0.0228538513183594 0.016265869140625 0.259796142578125 -0.404022216796875
0.000759124755859375 0.0217304229736328 0.6527099609375 -0.11419677734375
-0.0393562316894531 -0.0126914978027344 0.54638671875 0.57086181640625
-0.0163497924804688 -0.0533065795898438 -0.0399169921875 0.8743896484375
0.0152730941772461 0.01507568359375 -0.401641845703125 0.492919921875
0.0316543579101563 0.0387115478515625 0.0251655578613281 0.0409164428710938
0.0191020965576172 0.0194072723388672 0.45880126953125 -0.5015869140625
0.0242462158203125 -0.0190982818603516 0.0285644531249999 -0.920166015625
-0.00522327423095703 -0.0154438018798828 -0.67584228515625 -0.46124267578125
-0.0164213180541992 0.0120458602905273 -0.61322021484375 0.2320556640625
0.00392913818359375 0.0117082595825195 -0.203033447265625 0.442413330078125
0.00540733337402344 0.00671052932739258 0.1571044921875 0.31378173828125
0.00901603698730469 0.00775432586669922 0.32330322265625 0.065155029296875
0.0157470703125 -0.000196456909179688 -0.311798095703125 -0.0919189453125
0.0116567611694336 0.0110902786254883 -0.122039794921875 -0.318878173828125
0.0223579406738281 0.0150871276855469 0.27362060546875 -0.388916015625
-0.000150680541992189 0.020294189453125 0.65936279296875 -0.083984375
-0.0409049987792969 -0.0166435241699219 0.52447509765625 0.60107421875
-0.0151748657226563 -0.0579452514648437 -0.074462890625 0.882080078125
0.0205535888671875 0.00951004028320312 -0.41595458984375 0.481292724609375
0.0405235290527344 0.0347023010253906 0.0316734313964844 0.0345745086669922
0.0244064331054688 0.01397705078125 0.44683837890625 -0.513427734375
0.0234756469726563 -0.0231914520263672 -0.00213623046874991 -0.913330078125
-0.00710964202880859 -0.0165891647338867 -0.68865966796875 -0.42608642578125
-0.0161342620849609 0.0116710662841797 -0.60076904296875 0.25738525390625
0.00431156158447266 0.0110721588134766 -0.1868896484375 0.45098876953125
0.00552988052368164 0.00628042221069336 0.166229248046875 0.31268310546875
0.007965087890625 0.00794649124145508 0.32611083984375 0.062225341796875
0.0156583786010742 -0.000330924987792969 -0.308013916015625 -0.09466552734375
0.0125045776367188 0.00739383697509766 -0.116119384765625 -0.316253662109375
0.0241756439208984 0.0125446319580078 0.284637451171875 -0.379669189453125
0.00149345397949219 0.0190582275390625 0.6636962890625 -0.06292724609375
-0.041656494140625 -0.0175437927246094 0.51068115234375 0.62225341796875
-0.0129928588867187 -0.0621376037597656 -0.0962524414062501 0.88775634765625
0.0276718139648438 0.00293350219726563 -0.422393798828125 0.475006103515625
0.0512657165527344 0.0282363891601563 0.0338134765625 0.0312137603759766
0.0317306518554688 0.00608444213867188 0.436370849609375 -0.52398681640625
0.0233497619628906 -0.0264320373535156 -0.0269775390625 -0.90740966796875
-0.0086069107055664 -0.0156917572021484 -0.698974609375 -0.40350341796875
-0.0144567489624023 0.0104703903198242 -0.59063720703125 0.274658203125
0.00766706466674805 0.00864458084106445 -0.177886962890625 0.45916748046875
0.00641489028930664 0.00283718109130859 0.1702880859375 0.3123779296875
0.00851964950561523 0.00816535949707031 0.32550048828125 0.0616455078125
0.0158958435058594 -0.00324344635009766 -0.305328369140625 -0.0943908691406249
0.0134639739990234 0.00129318237304687 -0.11578369140625 -0.314239501953125
0.0280857086181641 0.00762367248535156 0.285186767578125 -0.376220703125
0.00514984130859375 0.0194015502929688 0.66436767578125 -0.0557861328125
-0.0423507690429688 -0.0151405334472656 0.50701904296875 0.6339111328125
-0.0116844177246094 -0.0646209716796875 -0.09991455078125 0.8931884765625
0.0351676940917969 -0.00342178344726563 -0.425567626953125 0.477996826171875
0.0637130737304688 0.0220680236816406 0.0324802398681641 0.0317211151123047
0.03924560546875 -0.0003509521484375 0.431427001953125 -0.523895263671875
0.0239582061767578 -0.0276393890380859 -0.0374145507812499 -0.9073486328125
-0.00893211364746093 -0.0123844146728516 -0.70098876953125 -0.3973388671875
-0.0121936798095703 0.00923919677734375 -0.58984375 0.283203125
0.0103263854980469 0.00427532196044922 -0.176605224609375 0.46221923828125
0.00729990005493164 -0.0026392936706543 0.17108154296875 0.3126220703125
0.00840234756469727 0.00478076934814453 0.32489013671875 0.06329345703125
0.0168609619140625 -0.00694751739501953 -0.305389404296875 -0.09344482421875
0.0144834518432617 -0.00477504730224609 -0.11968994140625 -0.31341552734375
0.0329742431640625 0.00210189819335937 0.279388427734375 -0.376129150390625
0.00956153869628906 0.0194015502929688 0.6622314453125 -0.06158447265625
-0.0410232543945313 -0.0100326538085937 0.513916015625 0.62506103515625
-0.0117034912109375 -0.0641136169433594 -0.09002685546875 0.89617919921875
0.0411300659179688 -0.0094146728515625 -0.425384521484375 0.48358154296875
0.0744781494140625 0.015472412109375 0.0257472991943359 0.0346469879150391
0.0447731018066406 -0.00579833984375 0.4320068359375 -0.51708984375
0.0246639251708984 -0.0267162322998047 -0.0227661132812499 -0.90838623046875
-0.00796222686767578 -0.00855016708374023 -0.69732666015625 -0.4046630859375
-0.00821065902709961 0.00738382339477539 -0.594970703125 0.27484130859375
0.0163536071777344 -0.000977516174316406 -0.1829833984375 0.462127685546875
0.00837898254394531 -0.00896930694580078 0.168548583984375 0.315399169921875
0.00759172439575195 0.000598430633544922 0.32403564453125 0.064208984375
0.0188274383544922 -0.0126686096191406 -0.305267333984375 -0.09356689453125
0.0159015655517578 -0.0119047164916992 -0.125946044921875 -0.31298828125
0.0394515991210938 -0.003265380859375 0.269073486328125 -0.381500244140625
0.0147724151611328 0.0204696655273438 0.65545654296875 -0.08087158203125
-0.0397872924804688 -0.00262069702148437 0.5303955078125 0.6083984375
-0.0128669738769531 -0.0606727600097656 -0.065185546875 0.894775390625
0.04473876953125 -0.0131263732910156 -0.418060302734375 0.496795654296875
0.08056640625 0.0115890502929688 0.0170745849609375 0.0421905517578125
0.0489387512207031 -0.00894927978515625 0.441314697265625 -0.507110595703125
0.0268192291259766 -0.0237979888916016 0.00103759765624991 -0.91058349609375
-0.00487136840820312 -0.00327968597412109 -0.68719482421875 -0.43194580078125
-0.0038905143737793 0.00650930404663086 -0.6060791015625 0.25946044921875
0.0206851959228516 -0.00522804260253906 -0.195892333984375 0.457427978515625
0.0106821060180664 -0.0154657363891602 0.160430908203125 0.317535400390625
0.009246826171875 -0.00583076477050781 0.322021484375 0.0665283203125
0.0199966430664062 -0.00990676879882813 -0.3170166015625 -0.0844726562499999
0.011347770690918 0.00377559661865234 -0.152008056640625 -0.3197021484375
0.0282382965087891 0.0107040405273438 0.219146728515625 -0.423309326171875
0.00800132751464844 0.0235691070556641 0.62725830078125 -0.18084716796875
-0.0340900421142578 0.000310897827148442 0.58587646484375 0.4957275390625
-0.0192337036132813 -0.0411415100097656 0.0392456054687499 0.85235595703125
0.0128555297851563 0.0183315277099609 -0.37188720703125 0.5166015625
0.0264778137207031 0.0400581359863281 0.005462646484375 0.0572853088378906
0.0153102874755859 0.0265884399414063 0.479888916015625 -0.466033935546875
0.0274620056152344 -0.00819778442382813 0.1068115234375 -0.9261474609375
0.00080108642578125 -0.00566673278808594 -0.63525390625 -0.5281982421875
-0.0101957321166992 0.0119476318359375 -0.62957763671875 0.17462158203125
0.00802278518676758 0.00816583633422851 -0.233551025390625 0.4188232421875
0.00541210174560547 0.00179004669189453 0.13677978515625 0.3118896484375
0.0102214813232422 0.000153541564941406 0.31591796875 0.067352294921875
0.0189075469970703 -0.00585746765136719 -0.315887451171875 -0.084197998046875
0.0115175247192383 0.00984859466552734 -0.142303466796875 -0.318115234375
0.0243129730224609 0.0138816833496094 0.2352294921875 -0.410888671875
0.00420379638671875 0.0218620300292969 0.63763427734375 -0.14837646484375
-0.0365982055664063 -0.00695037841796875 0.56298828125 0.5279541015625
-0.0182609558105469 -0.047119140625 -0.00122070312499999 0.8572998046875
0.0124893188476563 0.0177898406982422 -0.3861083984375 0.501312255859375
0.0263633728027344 0.0399131774902344 0.0167655944824219 0.0494766235351562
0.0157489776611328 0.0242023468017578 0.469146728515625 -0.48162841796875
0.0260105133056641 -0.0138835906982422 0.0696411132812499 -0.91668701171875
-0.00172805786132812 -0.0116167068481445 -0.65240478515625 -0.48876953125
-0.0133943557739258 0.0120792388916016 -0.61676025390625 0.203857421875
0.00428199768066406 0.00998401641845703 -0.215545654296875 0.428436279296875
0.0049891471862793 0.00553512573242188 0.150360107421875 0.31011962890625
0.00960826873779297 0.0037078857421875 0.320220947265625 0.061431884765625
0.0172948837280273 -0.00161170959472656 -0.3125 -0.088653564453125
0.0111837387084961 0.0113239288330078 -0.13128662109375 -0.316436767578125
0.0222110748291016 0.0159263610839844 0.2548828125 -0.401824951171875
0.000623703002929688 0.020355224609375 0.647705078125 -0.11712646484375
-0.0391273498535156 -0.0118904113769531 0.5450439453125 0.563232421875
-0.0161361694335937 -0.0521316528320313 -0.03369140625 0.8682861328125
0.0158376693725586 0.0142755508422852 -0.396026611328125 0.490203857421875
0.0314559936523438 0.0378227233886719 0.0246620178222656 0.0412559509277344
0.0199642181396484 0.0196437835693359 0.45208740234375 -0.498626708984375
0.0241928100585938 -0.0190296173095703 0.0252685546875001 -0.9139404296875
-0.00519752502441406 -0.0152730941772461 -0.6728515625 -0.4527587890625
-0.0153818130493164 0.0119972229003906 -0.6064453125 0.2332763671875
0.00344085693359375 0.0117788314819336 -0.1978759765625 0.43890380859375
0.00440168380737305 0.00716495513916016 0.158843994140625 0.310577392578125
0.00915336608886719 0.00730037689208984 0.32208251953125 0.0615234375
0.0161848068237305 0.000304222106933594 -0.31097412109375 -0.088897705078125
0.0112590789794922 0.0111837387084961 -0.12396240234375 -0.31451416015625
0.0218296051025391 0.0142612457275391 0.267791748046875 -0.388031005859375
-0.000389099121093748 0.0195655822753906 0.65325927734375 -0.0872802734375
-0.0409660339355469 -0.0165023803710938 0.52398681640625 0.593994140625
-0.0157089233398438 -0.0574378967285156 -0.0709228515625 0.8721923828125
0.0203208923339844 0.00932502746582031 -0.410186767578125 0.479736328125
0.0407295227050781 0.0337791442871094 0.0303516387939453 0.0347537994384766
0.0252799987792969 0.0130138397216797 0.440460205078125 -0.51239013671875
0.0238113403320313 -0.0243263244628906 -0.00756835937500003 -0.90606689453125
-0.00729179382324219 -0.017094612121582 -0.68341064453125 -0.41717529296875
-0.0149049758911133 0.0117912292480469 -0.59393310546875 0.259033203125
0.00423145294189453 0.0102672576904297 -0.183380126953125 0.44696044921875
0.00504922866821289 0.00584220886230469 0.167205810546875 0.30859375
0.00871849060058594 0.00877237319946289 0.324005126953125 0.059173583984375
0.0154266357421875 -0.000231742858886719 -0.306060791015625 -0.09088134765625
0.0112285614013672 0.00688457489013672 -0.118896484375 -0.31219482421875
0.0237388610839844 0.0113105773925781 0.278411865234375 -0.379119873046875
0.00220489501953125 0.0183467864990234 0.6588134765625 -0.06591796875
-0.0415916442871094 -0.0172843933105469 0.510498046875 0.616943359375
-0.0136833190917969 -0.0612869262695312 -0.0911254882812501 0.880859375
0.0270423889160156 0.00251197814941406 -0.41668701171875 0.473297119140625
0.0516204833984375 0.0274620056152344 0.0334110260009766 0.0311794281005859
0.0319194793701172 0.00575447082519531 0.428955078125 -0.519744873046875
0.0232353210449219 -0.0268478393554687 -0.0330200195312499 -0.90234375
-0.00960063934326172 -0.0151023864746094 -0.69451904296875 -0.396728515625
-0.0144577026367188 0.0105962753295898 -0.58514404296875 0.27740478515625
0.00635957717895508 0.00740289688110352 -0.173248291015625 0.454803466796875
0.00575828552246094 0.00248289108276367 0.171173095703125 0.308563232421875
0.00802278518676758 0.00820398330688477 0.323272705078125 0.059356689453125
0.0155439376831055 -0.00273609161376953 -0.3043212890625 -0.0910644531250001
0.0135993957519531 0.00188636779785156 -0.11773681640625 -0.310546875
0.0280170440673828 0.0066070556640625 0.281646728515625 -0.373748779296875
0.00518226623535156 0.0184097290039062 0.65887451171875 -0.0587158203125
-0.0422859191894531 -0.014739990234375 0.5078125 0.6259765625
-0.0123291015625 -0.0633811950683594 -0.0954589843750001 0.88623046875
0.0353736877441406 -0.00320816040039063 -0.42059326171875 0.473541259765625
0.0633888244628906 0.0207252502441406 0.0314769744873047 0.0308380126953125
0.0388565063476563 -0.000762939453125 0.423004150390625 -0.5218505859375
0.0233154296875 -0.0278682708740234 -0.0406494140625001 -0.8988037109375
-0.00855731964111328 -0.0121574401855469 -0.69732666015625 -0.388916015625
-0.01141357421875 0.0095977783203125 -0.5830078125 0.28375244140625
0.0103845596313477 0.004302978515625 -0.171783447265625 0.4581298828125
0.00667572021484375 -0.002532958984375 0.171417236328125 0.30926513671875
0.00852012634277344 0.00491905212402344 0.3231201171875 0.059906005859375
0.0169830322265625 -0.00715541839599609 -0.303436279296875 -0.0904235839843751
0.0139751434326172 -0.00499057769775391 -0.121124267578125 -0.309356689453125
0.0325889587402344 0.00164031982421875 0.275909423828125 -0.373992919921875
0.00937080383300781 0.0195045471191406 0.65679931640625 -0.066162109375
-0.0416221618652344 -0.00967788696289062 0.5125732421875 0.61676025390625
-0.0121536254882813 -0.0622940063476562 -0.0855712890625001 0.886474609375
0.0407257080078125 -0.00950241088867187 -0.419891357421875 0.4820556640625
0.0734939575195312 0.01422119140625 0.0254135131835938 0.0356559753417969
0.0452156066894531 -0.0069122314453125 0.426361083984375 -0.514801025390625
0.0245380401611328 -0.0265445709228516 -0.0261230468749999 -0.900390625
-0.00716686248779297 -0.00855684280395508 -0.69366455078125 -0.3992919921875
-0.00754213333129883 0.0069880485534668 -0.58721923828125 0.2762451171875
0.0153884887695313 -0.000937461853027344 -0.17828369140625 0.457427978515625
0.00844764709472656 -0.00900459289550781 0.16900634765625 0.310394287109375
0.00841951370239258 0.000222206115722656 0.32232666015625 0.0601806640625
0.0183219909667969 -0.0123157501220703 -0.303802490234375 -0.0906372070312501
0.0155868530273438 -0.0116796493530273 -0.12701416015625 -0.30877685546875
0.0381088256835938 -0.0046234130859375 0.263671875 -0.379913330078125
0.0147933959960937 0.0197353363037109 0.6490478515625 -0.08428955078125
-0.0401649475097656 -0.00204086303710937 0.52935791015625 0.5982666015625
-0.0130615234375 -0.0590934753417969 -0.06036376953125 0.88671875
0.0447845458984375 -0.0135345458984375 -0.413360595703125 0.494232177734375
0.0805130004882813 0.0101089477539062 0.0162734985351563 0.0421943664550781
0.0495986938476563 -0.00965499877929688 0.43450927734375 -0.504547119140625
0.0263881683349609 -0.02301025390625 -0.00421142578125 -0.90557861328125
-0.0046076774597168 -0.00287771224975586 -0.6832275390625 -0.42242431640625
-0.00312423706054688 0.00658845901489258 -0.5965576171875 0.261474609375
0.0209598541259766 -0.0053253173828125 -0.1905517578125 0.454498291015625
0.0103073120117188 -0.0157995223999023 0.1617431640625 0.314361572265625
0.00933647155761719 -0.0054931640625 0.319580078125 0.062835693359375
0.0200996398925781 -0.0101413726806641 -0.316070556640625 -0.0828247070312499
0.00993633270263672 0.00322151184082031 -0.1531982421875 -0.3160400390625
0.0282154083251953 0.00977706909179688 0.21551513671875 -0.420135498046875
0.00878334045410156 0.0222339630126953 0.62200927734375 -0.1807861328125
-0.0341663360595703 0.000766754150390631 0.5838623046875 0.49114990234375
-0.0199203491210937 -0.0401420593261719 0.0407714843749999 0.8458251953125
0.0130863189697266 0.0185546875 -0.36871337890625 0.51513671875
0.0259132385253906 0.0386123657226563 0.00617980957031251 0.0575752258300781
0.0159225463867188 0.0257320404052734 0.47479248046875 -0.4632568359375
0.0274524688720703 -0.00855445861816406 0.1031494140625 -0.917236328125
0.00134754180908203 -0.00657844543457031 -0.6319580078125 -0.52276611328125
-0.0101985931396484 0.0125112533569336 -0.6231689453125 0.17572021484375
0.00766324996948242 0.00779819488525391 -0.23028564453125 0.416412353515625
0.00579404830932617 0.00149631500244141 0.13800048828125 0.309417724609375
0.010472297668457 -0.000519752502441406 0.31402587890625 0.06439208984375
0.0177726745605469 -0.00516891479492188 -0.3148193359375 -0.0824584960937501
0.0107955932617188 0.00982093811035156 -0.142608642578125 -0.315155029296875
0.0235786437988281 0.0129051208496094 0.232879638671875 -0.40972900390625
0.00325584411621094 0.0213470458984375 0.6318359375 -0.1505126953125
-0.0368270874023438 -0.00712203979492188 0.56207275390625 0.52191162109375
-0.0184211730957031 -0.0454063415527344 0.00146484374999995 0.85064697265625
0.0116281509399414 0.0169973373413086 -0.38372802734375 0.497802734375
0.026885986328125 0.0385322570800781 0.0149307250976562 0.0505714416503906
0.0169029235839844 0.0231704711914063 0.46392822265625 -0.47833251953125
0.0258560180664063 -0.0139427185058594 0.0666503906249999 -0.90777587890625
-0.00148296356201172 -0.0115776062011719 -0.6497802734375 -0.48260498046875
-0.0127220153808594 0.0119590759277344 -0.6104736328125 0.20391845703125
0.00389480590820313 0.010711669921875 -0.211334228515625 0.425323486328125
0.00476455688476563 0.00513267517089844 0.150787353515625 0.30682373046875
0.00901603698730469 0.00409412384033203 0.3173828125 0.059417724609375
0.0168781280517578 -0.00140762329101563 -0.31103515625 -0.0860900878906249
0.0102806091308594 0.0112104415893555 -0.13201904296875 -0.312652587890625
0.0215606689453125 0.0144729614257812 0.252166748046875 -0.39959716796875
0.00107574462890625 0.0198497772216797 0.642578125 -0.12005615234375
-0.0392227172851562 -0.0116004943847656 0.543365478515625 0.558837890625
-0.01763916015625 -0.0511283874511719 -0.0332031250000001 0.8594970703125
0.0150232315063477 0.0138702392578125 -0.393585205078125 0.48590087890625
0.0320510864257813 0.0370903015136719 0.0246810913085938 0.0407905578613281
0.0214347839355469 0.0186061859130859 0.447662353515625 -0.494842529296875
0.0244197845458984 -0.0196933746337891 0.02227783203125 -0.9061279296875
-0.00442409515380859 -0.0148744583129883 -0.6689453125 -0.4454345703125
-0.0148086547851562 0.0116958618164063 -0.60028076171875 0.232421875
0.00336933135986328 0.0118093490600586 -0.19439697265625 0.435302734375
0.00335884094238281 0.00700855255126953 0.157562255859375 0.306732177734375
0.00909233093261719 0.00739288330078125 0.318817138671875 0.06024169921875
0.0152711868286133 0.000719070434570313 -0.3089599609375 -0.086395263671875
0.0108623504638672 0.0111103057861328 -0.12457275390625 -0.310882568359375
0.0212898254394531 0.0135250091552734 0.266754150390625 -0.38555908203125
0.000242233276367188 0.0182380676269531 0.64923095703125 -0.0877685546875
-0.0408706665039062 -0.0159530639648438 0.52130126953125 0.58685302734375
-0.0156059265136719 -0.055877685546875 -0.0676879882812501 0.86676025390625
0.0204582214355469 0.00935745239257813 -0.40594482421875 0.476165771484375
0.040863037109375 0.0320930480957031 0.0302619934082031 0.0346946716308594
0.0256576538085938 0.0132369995117188 0.43475341796875 -0.50634765625
0.0236282348632813 -0.0232257843017578 -0.00854492187499995 -0.8994140625
-0.00669479370117187 -0.016575813293457 -0.6798095703125 -0.41180419921875
-0.0151834487915039 0.0110111236572266 -0.586669921875 0.25927734375
0.00332260131835938 0.0105276107788086 -0.18017578125 0.443023681640625
0.00457620620727539 0.00550079345703125 0.167205810546875 0.30596923828125
0.00873661041259765 0.00911140441894531 0.321136474609375 0.05706787109375
0.0150184631347656 0.000283241271972656 -0.304534912109375 -0.088470458984375
0.0112781524658203 0.00684738159179688 -0.119598388671875 -0.308624267578125
0.0232067108154297 0.00996589660644531 0.276397705078125 -0.37744140625
0.000923156738281249 0.0183849334716797 0.65338134765625 -0.06829833984375
-0.041168212890625 -0.0160140991210937 0.50933837890625 0.60986328125
-0.0148963928222656 -0.0604743957519531 -0.08795166015625 0.8746337890625
0.0274753570556641 0.0025482177734375 -0.41387939453125 0.470001220703125
0.0514030456542969 0.0261039733886719 0.0333251953125 0.0308856964111328
0.0322418212890625 0.00504875183105469 0.425872802734375 -0.51776123046875
0.0227146148681641 -0.0264606475830078 -0.0356445312499999 -0.89422607421875
-0.00981998443603515 -0.0153512954711914 -0.69012451171875 -0.39111328125
-0.0136966705322266 0.0107326507568359 -0.5799560546875 0.2763671875
0.00627899169921875 0.00774145126342773 -0.170013427734375 0.45111083984375
0.00506782531738281 0.00206327438354492 0.1717529296875 0.305419921875
0.00853490829467774 0.00795507431030273 0.3221435546875 0.05694580078125
0.0158576965332031 -0.00240135192871094 -0.302520751953125 -0.089263916015625
0.0121068954467773 0.00163078308105469 -0.118621826171875 -0.307586669921875
0.0269374847412109 0.00573348999023438 0.278594970703125 -0.3714599609375
0.00531578063964844 0.0173454284667969 0.65350341796875 -0.06109619140625
-0.0421218872070313 -0.0137252807617188 0.50604248046875 0.61749267578125
-0.0128517150878906 -0.0627250671386719 -0.09344482421875 0.87933349609375
0.0345993041992187 -0.00371170043945312 -0.41656494140625 0.471588134765625
0.0634918212890625 0.0200157165527344 0.0317134857177734 0.0306911468505859
0.0395622253417969 -0.00200271606445313 0.419036865234375 -0.517578125
0.0227737426757813 -0.027923583984375 -0.04327392578125 -0.8927001953125
-0.00910568237304688 -0.0124750137329102 -0.69268798828125 -0.38519287109375
-0.0111465454101563 0.00907135009765625 -0.57659912109375 0.283447265625
0.00998020172119141 0.00409698486328125 -0.167388916015625 0.453033447265625
0.00605487823486328 -0.0027470588684082 0.171905517578125 0.305908203125
0.00832414627075195 0.00492572784423828 0.321441650390625 0.0576171875
0.0167150497436523 -0.00669479370117188 -0.302459716796875 -0.087890625
0.0134706497192383 -0.00526523590087891 -0.1217041015625 -0.305145263671875
0.0320415496826172 0.000387191772460937 0.27178955078125 -0.37237548828125
0.00947761535644531 0.0183620452880859 0.6512451171875 -0.0673828125
-0.041656494140625 -0.00875473022460937 0.51275634765625 0.61004638671875
-0.0124702453613281 -0.0619659423828125 -0.08306884765625 0.880126953125
0.0409126281738281 -0.00998687744140625 -0.41412353515625 0.478424072265625
0.0736465454101563 0.0139846801757813 0.0247611999511719 0.0354995727539063
0.0452766418457031 -0.00726699829101563 0.420654296875 -0.511505126953125
0.0244827270507813 -0.0275592803955078 -0.0308227539062501 -0.89385986328125
-0.00734901428222656 -0.00866889953613281 -0.6871337890625 -0.39349365234375
-0.00751876831054688 0.00744819641113281 -0.58148193359375 0.2772216796875
0.0150833129882812 -0.00127124786376953 -0.174896240234375 0.454376220703125
0.00728416442871094 -0.00928306579589844 0.16943359375 0.3082275390625
0.00814676284790039 0.000141143798828125 0.319610595703125 0.058624267578125
0.0176868438720703 -0.0110721588134766 -0.301910400390625 -0.08636474609375
0.0148506164550781 -0.01251220703125 -0.128326416015625 -0.305328369140625
0.0377540588378906 -0.004638671875 0.260162353515625 -0.378326416015625
0.0152473449707031 0.0188217163085938 0.64569091796875 -0.0853271484375
-0.0398139953613281 -0.00181198120117187 0.52874755859375 0.59375
-0.0135765075683594 -0.0581932067871094 -0.0582275390625001 0.87890625
0.0439109802246094 -0.0137786865234375 -0.409515380859375 0.491241455078125
0.080352783203125 0.00933837890625 0.0160865783691406 0.0415229797363281
0.0495338439941406 -0.00982666015625 0.4302978515625 -0.50048828125
0.0258903503417969 -0.0237560272216797 -0.00537109374999995 -0.8968505859375
-0.00495672225952149 -0.00381374359130859 -0.67926025390625 -0.4169921875
-0.0032644271850586 0.00577116012573242 -0.59173583984375 0.2596435546875
0.0207500457763672 -0.00634765625 -0.1875 0.44879150390625
0.00891876220703125 -0.0158414840698242 0.161865234375 0.30987548828125
0.01007080078125 -0.00528049468994141 0.317535400390625 0.06048583984375
0.0187778472900391 -0.00946807861328125 -0.314849853515625 -0.08062744140625
0.0094757080078125 0.00419712066650391 -0.1546630859375 -0.311981201171875
0.0272140502929688 0.00863456726074219 0.212127685546875 -0.417999267578125
0.00857353210449219 0.0220413208007813 0.61846923828125 -0.1817626953125
-0.0342655181884766 0.000755310058593746 0.5804443359375 0.48663330078125
-0.0197257995605469 -0.0389785766601563 0.0417480468750001 0.84136962890625
0.0120887756347656 0.0185699462890625 -0.366943359375 0.510650634765625
0.0260810852050781 0.0382232666015625 0.0051727294921875 0.05792236328125
0.0160083770751953 0.0254554748535156 0.47021484375 -0.460723876953125
0.0265674591064453 -0.00912094116210938 0.102294921875 -0.910888671875
0.00143146514892578 -0.00674962997436523 -0.6265869140625 -0.51953125
-0.00869178771972656 0.0121641159057617 -0.61895751953125 0.1751708984375
0.00794363021850586 0.00822973251342773 -0.22686767578125 0.41265869140625
0.00531864166259766 0.000685214996337891 0.138153076171875 0.306243896484375
0.0102567672729492 0.0008087158203125 0.312835693359375 0.06243896484375
0.0173978805541992 -0.00549507141113281 -0.313568115234375 -0.080047607421875
0.0106115341186523 0.0097503662109375 -0.14385986328125 -0.3114013671875
0.0234298706054687 0.0115280151367187 0.22869873046875 -0.407012939453125
0.0034637451171875 0.0214576721191406 0.62738037109375 -0.15045166015625
-0.0372886657714844 -0.00626373291015624 0.55731201171875 0.519012451171875
-0.0194091796875 -0.0452728271484375 0.000183105468749918 0.84527587890625
0.0116367340087891 0.0171527862548828 -0.379608154296875 0.4952392578125
0.0270767211914063 0.0382041931152344 0.01458740234375 0.0492477416992188
0.0173187255859375 0.0229206085205078 0.460784912109375 -0.47564697265625
0.0257606506347656 -0.0145282745361328 0.0648803710937501 -0.9029541015625
-0.00145435333251953 -0.0126628875732422 -0.64471435546875 -0.47808837890625
-0.0119857788085937 0.0123796463012695 -0.60406494140625 0.20367431640625
0.00330638885498047 0.0109853744506836 -0.209869384765625 0.42095947265625
0.00420093536376953 0.00561237335205078 0.1512451171875 0.305023193359375
0.00940227508544922 0.004638671875 0.3162841796875 0.0577392578125
0.0170764923095703 -0.00115108489990234 -0.309783935546875 -0.083892822265625
0.0104103088378906 0.0109529495239258 -0.13250732421875 -0.3095703125
0.0214614868164063 0.0140724182128906 0.24810791015625 -0.39703369140625
0.00172615051269531 0.0196266174316406 0.63800048828125 -0.1192626953125
-0.0388526916503906 -0.0113372802734375 0.5404052734375 0.55364990234375
-0.0175285339355469 -0.0506248474121094 -0.03216552734375 0.85418701171875
0.0149831771850586 0.0142183303833008 -0.390533447265625 0.48358154296875
0.0320663452148438 0.0360298156738281 0.0233612060546875 0.0410423278808594
0.020660400390625 0.0184650421142578 0.443389892578125 -0.492034912109375
0.0245628356933594 -0.0194435119628906 0.02001953125 -0.9005126953125
-0.00483131408691406 -0.0152301788330078 -0.66259765625 -0.440673828125
-0.0144577026367187 0.0122518539428711 -0.59503173828125 0.23187255859375
0.00307559967041015 0.0114564895629883 -0.193084716796875 0.431671142578125
0.0042881965637207 0.00638866424560547 0.15789794921875 0.304473876953125
0.0102167129516602 0.00780296325683594 0.3177490234375 0.0574951171875
0.0151958465576172 0.000550270080566406 -0.307373046875 -0.08465576171875
0.0102443695068359 0.0106687545776367 -0.124603271484375 -0.30804443359375
0.0209083557128906 0.012664794921875 0.263824462890625 -0.3831787109375
0.000598907470703123 0.0184783935546875 0.6435546875 -0.08917236328125
-0.0406761169433594 -0.0154571533203125 0.51953125 0.58172607421875
-0.0163497924804688 -0.0554275512695313 -0.067138671875 0.85986328125
0.0198421478271484 0.0086212158203125 -0.403411865234375 0.47271728515625
0.0407791137695313 0.0315704345703125 0.0298919677734375 0.0350933074951172
0.0262088775634766 0.0127353668212891 0.432159423828125 -0.5028076171875
0.0224990844726563 -0.0237331390380859 -0.0112304687499999 -0.89239501953125
-0.00682926177978516 -0.0164079666137695 -0.67626953125 -0.40789794921875
-0.0144777297973633 0.0111713409423828 -0.5823974609375 0.2587890625
0.00298404693603516 0.0103302001953125 -0.17718505859375 0.44049072265625
0.00405979156494141 0.00603389739990234 0.16766357421875 0.302978515625
0.00853919982910156 0.00886344909667969 0.3193359375 0.055145263671875
0.0149946212768555 0.000577926635742188 -0.30413818359375 -0.086456298828125
0.0102481842041016 0.00661659240722656 -0.119171142578125 -0.30584716796875
0.0229034423828125 0.0106868743896484 0.27435302734375 -0.374786376953125
0.00223827362060547 0.0166540145874023 0.64892578125 -0.07025146484375
-0.0416259765625 -0.0160026550292969 0.5076904296875 0.60357666015625
-0.014495849609375 -0.0595283508300781 -0.0860595703125001 0.86895751953125
0.0267505645751953 0.00342178344726562 -0.410919189453125 0.46893310546875
0.0514678955078125 0.0253868103027344 0.0325736999511719 0.0313262939453125
0.0326633453369141 0.0050506591796875 0.420562744140625 -0.513092041015625
0.0227546691894531 -0.0268783569335938 -0.0367431640625 -0.88751220703125
-0.00903129577636719 -0.0154857635498047 -0.6861572265625 -0.3858642578125
-0.0127191543579102 0.0107583999633789 -0.5738525390625 0.2744140625
0.00607776641845703 0.00803136825561523 -0.16802978515625 0.4483642578125
0.00565671920776367 0.00164175033569336 0.171417236328125 0.302337646484375
0.00904750823974609 0.0083770751953125 0.319793701171875 0.05523681640625
0.0153980255126953 -0.00244712829589844 -0.301544189453125 -0.086700439453125
0.0118370056152344 0.00219154357910156 -0.11944580078125 -0.303558349609375
0.0269603729248047 0.00523757934570313 0.2763671875 -0.370513916015625
0.00542831420898438 0.0172605514526367 0.6510009765625 -0.0615234375
-0.0414199829101562 -0.0139427185058594 0.503173828125 0.61322021484375
-0.013214111328125 -0.0608367919921875 -0.0906982421875001 0.87274169921875
0.0341129302978516 -0.00441741943359375 -0.413055419921875 0.468353271484375
0.0630836486816406 0.0186729431152344 0.0306797027587891 0.0312538146972656
0.0395164489746094 -0.00120925903320313 0.41558837890625 -0.5146484375
0.0227565765380859 -0.0280971527099609 -0.04376220703125 -0.88623046875
-0.00887203216552734 -0.0127344131469727 -0.68841552734375 -0.37945556640625
-0.0103130340576172 0.00838756561279297 -0.57220458984375 0.28155517578125
0.0099639892578125 0.00391101837158203 -0.166168212890625 0.45123291015625
0.00596475601196289 -0.00288867950439453 0.171844482421875 0.30322265625
0.00849437713623047 0.00547313690185547 0.318359375 0.0555419921875
0.0159387588500977 -0.00656032562255859 -0.301605224609375 -0.0862426757812501
0.0127849578857422 -0.00480079650878906 -0.123016357421875 -0.3026123046875
0.0320758819580078 -0.000478744506835938 0.2694091796875 -0.371673583984375
0.00983810424804688 0.0170860290527344 0.646484375 -0.06829833984375
-0.0416488647460938 -0.00851821899414063 0.51019287109375 0.60552978515625
-0.0128517150878906 -0.0601692199707031 -0.079833984375 0.87384033203125
0.0407066345214844 -0.010406494140625 -0.412567138671875 0.4761962890625
0.0731582641601563 0.0128250122070312 0.0244941711425781 0.0349845886230469
0.0458526611328125 -0.00713729858398438 0.417572021484375 -0.508056640625
0.0240249633789063 -0.0273017883300781 -0.0310668945312499 -0.8865966796875
-0.00686502456665039 -0.00832509994506836 -0.68353271484375 -0.38873291015625
-0.00696611404418945 0.00737667083740234 -0.57635498046875 0.2755126953125
0.0141010284423828 -0.0016021728515625 -0.172515869140625 0.450164794921875
0.00700664520263672 -0.00913810729980469 0.169525146484375 0.30523681640625
0.00946903228759766 0.000582695007324219 0.3179931640625 0.05731201171875
0.0176162719726563 -0.0111560821533203 -0.301025390625 -0.0848999023437499
0.0136728286743164 -0.0125160217285156 -0.12933349609375 -0.30255126953125
0.0367431640625 -0.0058135986328125 0.259613037109375 -0.3759765625
0.0153121948242187 0.0180835723876953 0.6412353515625 -0.0858154296875
-0.0401496887207031 -0.000850677490234381 0.52471923828125 0.58856201171875
-0.0137977600097656 -0.0574798583984375 -0.0562744140625 0.87384033203125
0.0442390441894531 -0.0139884948730469 -0.4063720703125 0.48681640625
0.0799636840820313 0.008880615234375 0.0155677795410156 0.0422439575195313
0.0500602722167969 -0.0106468200683594 0.42535400390625 -0.49761962890625
0.0262413024902344 -0.0238571166992188 -0.00830078124999992 -0.89263916015625
-0.00420331954956055 -0.00416684150695801 -0.6727294921875 -0.41192626953125
-0.0026707649230957 0.00621414184570313 -0.5865478515625 0.25848388671875
0.0201339721679688 -0.00572013854980469 -0.18603515625 0.447296142578125
0.00873947143554688 -0.0155191421508789 0.16180419921875 0.30792236328125
0.00909900665283203 -0.00482654571533203 0.315582275390625 0.0592041015625
0.0188484191894531 -0.0087890625 -0.313140869140625 -0.078582763671875
0.0092926025390625 0.00370502471923828 -0.15301513671875 -0.3096923828125
0.0266437530517578 0.00742149353027344 0.211700439453125 -0.416595458984375
0.0082550048828125 0.0214157104492188 0.61444091796875 -0.18072509765625
-0.0340442657470703 0.000909805297851564 0.578125 0.481201171875
-0.02044677734375 -0.038421630859375 0.0418701171875001 0.8350830078125
0.0120563507080078 0.0172443389892578 -0.365386962890625 0.5084228515625
0.0269203186035156 0.0371208190917969 0.00476455688476563 0.05804443359375
0.0163822174072266 0.0245075225830078 0.46710205078125 -0.457061767578125
0.0265846252441406 -0.00952911376953125 0.10028076171875 -0.90728759765625
0.00107145309448242 -0.00717401504516602 -0.622802734375 -0.5137939453125
-0.00897121429443359 0.012141227722168 -0.614990234375 0.1746826171875
0.00766134262084961 0.00780010223388672 -0.226531982421875 0.4095458984375
0.00446653366088867 0.000736236572265625 0.137969970703125 0.30413818359375
0.0106697082519531 0.000101089477539062 0.310943603515625 0.0616455078125
0.0173835754394531 -0.0048675537109375 -0.31207275390625 -0.0781555175781251
0.0094451904296875 0.00959110260009766 -0.143218994140625 -0.307464599609375
0.0230140686035156 0.0109901428222656 0.228729248046875 -0.4039306640625
0.00434494018554688 0.0206165313720703 0.623779296875 -0.1507568359375
-0.0366744995117188 -0.00612640380859375 0.55755615234375 0.51318359375
-0.020111083984375 -0.0444297790527344 0.00115966796875003 0.84088134765625
0.0118026733398438 0.0163297653198242 -0.37890625 0.492431640625
0.0282135009765625 0.0369911193847656 0.0144615173339844 0.049774169921875
0.0176982879638672 0.0233230590820313 0.456634521484375 -0.471282958984375
0.0252037048339844 -0.0154495239257812 0.06317138671875 -0.8980712890625
-0.00167083740234375 -0.0127363204956055 -0.6396484375 -0.47271728515625
-0.0120992660522461 0.0121212005615234 -0.6002197265625 0.20245361328125
0.00316143035888672 0.00960350036621094 -0.207275390625 0.41912841796875
0.00360393524169922 0.00461101531982422 0.151458740234375 0.303009033203125
0.00936412811279297 0.00408458709716797 0.314666748046875 0.05682373046875
0.0166110992431641 -0.000843048095703125 -0.309173583984375 -0.082855224609375
0.00877857208251953 0.0113382339477539 -0.133544921875 -0.307647705078125
0.0207672119140625 0.0136032104492188 0.246978759765625 -0.393890380859375
0.000680923461914062 0.0187702178955078 0.63494873046875 -0.12091064453125
-0.039459228515625 -0.0115928649902344 0.538299560546875 0.55047607421875
-0.0186996459960938 -0.0490264892578125 -0.031982421875 0.8497314453125
0.0151491165161133 0.0133218765258789 -0.389923095703125 0.48089599609375
0.0326175689697266 0.0345306396484375 0.0232048034667969 0.0415382385253906
0.0210628509521484 0.0188198089599609 0.4400634765625 -0.487823486328125
0.0244083404541016 -0.0198745727539063 0.02154541015625 -0.89642333984375
-0.00497531890869141 -0.0156421661376953 -0.6585693359375 -0.4381103515625
-0.0141487121582031 0.0120477676391602 -0.59088134765625 0.23175048828125
0.00289344787597656 0.0106401443481445 -0.191009521484375 0.428192138671875
0.00326824188232422 0.00613069534301758 0.1588134765625 0.302703857421875
0.00955104827880859 0.00866222381591797 0.315521240234375 0.057037353515625
0.0148725509643555 0.0004730224609375 -0.3062744140625 -0.083221435546875
0.00963973999023438 0.0106678009033203 -0.125213623046875 -0.30487060546875
0.0209827423095703 0.0121040344238281 0.261199951171875 -0.382171630859375
0.00106143951416016 0.0171966552734375 0.64166259765625 -0.09051513671875
-0.041046142578125 -0.0156021118164063 0.5181884765625 0.57977294921875
-0.0163764953613281 -0.0543060302734375 -0.0667114257812501 0.85491943359375
0.0196895599365234 0.00938987731933594 -0.40167236328125 0.468780517578125
0.0406417846679688 0.0306434631347656 0.028900146484375 0.0351638793945313
0.0261745452880859 0.0122585296630859 0.429229736328125 -0.500091552734375
0.0227851867675781 -0.0240001678466797 -0.01214599609375 -0.88751220703125
-0.00720691680908203 -0.0162220001220703 -0.6707763671875 -0.40521240234375
-0.0138788223266602 0.0111722946166992 -0.5772705078125 0.2568359375
0.00260639190673828 0.0107889175415039 -0.17608642578125 0.437652587890625
0.00293111801147461 0.00532150268554688 0.167236328125 0.3006591796875
0.00853824615478516 0.00909137725830078 0.317718505859375 0.0537109375
0.0144147872924805 0.000863075256347656 -0.302886962890625 -0.084442138671875
0.0101165771484375 0.00626945495605469 -0.1202392578125 -0.3028564453125
0.02215576171875 0.00910186767578125 0.2716064453125 -0.37237548828125
0.00225639343261719 0.0159549713134766 0.64727783203125 -0.07025146484375
-0.0422821044921875 -0.0160789489746094 0.50665283203125 0.5989990234375
-0.0145721435546875 -0.0577850341796875 -0.0855712890625001 0.862548828125
0.0269756317138672 0.00316238403320313 -0.408660888671875 0.46636962890625
0.0522003173828125 0.0245552062988281 0.0316448211669922 0.0312957763671875
0.0326080322265625 0.0048675537109375 0.417572021484375 -0.510009765625
0.0225505828857422 -0.0272903442382813 -0.0372314453124999 -0.883544921875
-0.00866127014160156 -0.0154047012329102 -0.6817626953125 -0.383056640625
-0.0131635665893555 0.0106420516967773 -0.5704345703125 0.27374267578125
0.00578689575195313 0.00760889053344727 -0.166534423828125 0.444488525390625
0.00407171249389648 0.00186896324157715 0.171630859375 0.30078125
0.00859737396240234 0.00839757919311523 0.317718505859375 0.053741455078125
0.0150957107543945 -0.00165367126464844 -0.29986572265625 -0.085693359375
0.0104999542236328 0.00178718566894531 -0.119049072265625 -0.300750732421875
0.0262813568115234 0.00440216064453125 0.275115966796875 -0.3690185546875
0.00547122955322265 0.0167217254638672 0.647705078125 -0.06280517578125
-0.0416831970214844 -0.0133094787597656 0.500732421875 0.609375
-0.0141372680664063 -0.0608444213867187 -0.09185791015625 0.86737060546875
0.0340042114257812 -0.00412940979003906 -0.412445068359375 0.46697998046875
0.0634956359863281 0.0180130004882812 0.0304431915283203 0.0317134857177734
0.03948974609375 -0.00266647338867188 0.411956787109375 -0.5115966796875
0.0231380462646484 -0.0276947021484375 -0.0426025390625 -0.88140869140625
-0.0083770751953125 -0.0131235122680664 -0.682373046875 -0.37628173828125
-0.009979248046875 0.00901126861572266 -0.5675048828125 0.2801513671875
0.00941181182861328 0.00404548645019531 -0.163848876953125 0.447967529296875
0.00577354431152344 -0.00340080261230469 0.171356201171875 0.30157470703125
0.00819063186645508 0.00580787658691406 0.3172607421875 0.054595947265625
0.0158271789550781 -0.00625228881835937 -0.300201416015625 -0.0844726562499999
0.0123910903930664 -0.00426769256591797 -0.122283935546875 -0.29998779296875
0.0313282012939453 -0.00172615051269531 0.267730712890625 -0.36895751953125
0.00976943969726563 0.0163736343383789 0.64324951171875 -0.07037353515625
-0.0407981872558594 -0.00867843627929688 0.5081787109375 0.60040283203125
-0.0134811401367188 -0.0596504211425781 -0.0821533203125001 0.8690185546875
0.0401077270507813 -0.0100212097167969 -0.41064453125 0.472900390625
0.0729751586914063 0.01171875 0.0234146118164063 0.03509521484375
0.0455360412597656 -0.00811386108398438 0.41455078125 -0.504852294921875
0.0243968963623047 -0.0271987915039063 -0.0311279296875 -0.88201904296875
-0.00688266754150391 -0.00883960723876953 -0.67913818359375 -0.38568115234375
-0.00669050216674805 0.00662422180175781 -0.5721435546875 0.27313232421875
0.0142097473144531 -0.00128173828125 -0.171661376953125 0.448394775390625
0.00636672973632813 -0.00914669036865235 0.169158935546875 0.3035888671875
0.00903511047363281 0.00118446350097656 0.316497802734375 0.055938720703125
0.0177497863769531 -0.00999641418457031 -0.300201416015625 -0.0838317871093751
0.0125551223754883 -0.0120706558227539 -0.129241943359375 -0.299041748046875
0.0367622375488281 -0.005645751953125 0.2569580078125 -0.3746337890625
0.0150051116943359 0.0170373916625977 0.63690185546875 -0.08599853515625
-0.039825439453125 -0.00151443481445312 0.52520751953125 0.58331298828125
-0.0136489868164062 -0.0563583374023438 -0.0578002929687499 0.86883544921875
0.04364013671875 -0.0137367248535156 -0.404571533203125 0.48480224609375
0.0805130004882813 0.00778961181640625 0.0155487060546875 0.0419235229492188
0.0500717163085938 -0.0109748840332031 0.422119140625 -0.49444580078125
0.0257244110107422 -0.0240440368652344 -0.00842285156250003 -0.884765625
-0.0049281120300293 -0.00371503829956055 -0.6673583984375 -0.41015625
-0.00271701812744141 0.00587129592895508 -0.58258056640625 0.25830078125
0.0196475982666016 -0.00557327270507813 -0.184356689453125 0.4437255859375
0.00837039947509766 -0.0154094696044922 0.16143798828125 0.305694580078125
0.00990200042724609 -0.00427150726318359 0.31341552734375 0.05810546875
0.0179958343505859 -0.00862693786621094 -0.31207275390625 -0.07794189453125
0.00886631011962891 0.00355434417724609 -0.152740478515625 -0.30780029296875
0.0269355773925781 0.00771713256835938 0.2093505859375 -0.41400146484375
0.00826835632324219 0.0205726623535156 0.6126708984375 -0.18096923828125
-0.0343475341796875 0.00100898742675782 0.5750732421875 0.480224609375
-0.0204696655273438 -0.0377693176269531 0.0413208007812501 0.83111572265625
0.0120983123779297 0.0172033309936523 -0.36444091796875 0.505157470703125
0.0265846252441406 0.0365219116210938 0.0038909912109375 0.0576210021972656
0.0166492462158203 0.0244178771972656 0.4656982421875 -0.454071044921875
0.0260639190673828 -0.00888633728027344 0.1021728515625 -0.9031982421875
0.00142288208007812 -0.00715827941894531 -0.6199951171875 -0.51165771484375
-0.00846195220947266 0.0117635726928711 -0.61175537109375 0.17156982421875
0.00665664672851563 0.00757265090942383 -0.2255859375 0.407073974609375
0.00469017028808594 0.000452518463134766 0.137969970703125 0.302703857421875
0.0111789703369141 0.000565528869628906 0.30987548828125 0.0611572265625
0.0171670913696289 -0.00425434112548828 -0.3116455078125 -0.076934814453125
0.00926017761230469 0.00960445404052734 -0.1431884765625 -0.30615234375
0.0228729248046875 0.0110034942626953 0.227813720703125 -0.4034423828125
0.00387001037597656 0.0197353363037109 0.62188720703125 -0.14959716796875
-0.0369911193847656 -0.00568771362304688 0.552642822265625 0.512115478515625
-0.0196800231933594 -0.0439567565917969 -0.00061035156249991 0.8363037109375
0.0123586654663086 0.0163784027099609 -0.3773193359375 0.4896240234375
0.0269737243652344 0.0363235473632813 0.01348876953125 0.0489006042480469
0.0182380676269531 0.0225238800048828 0.455291748046875 -0.470123291015625
0.0251617431640625 -0.0148181915283203 0.0633544921875 -0.89410400390625
-0.001495361328125 -0.0127887725830078 -0.63482666015625 -0.4727783203125
-0.0109491348266602 0.0117282867431641 -0.59820556640625 0.20172119140625
0.00304412841796875 0.0103797912597656 -0.206634521484375 0.415496826171875
0.00239467620849609 0.00545406341552734 0.1505126953125 0.301361083984375
0.0100326538085938 0.00484371185302734 0.31219482421875 0.055633544921875
0.0161561965942383 -0.000104904174804688 -0.307373046875 -0.0814208984375
0.00854778289794922 0.0104408264160156 -0.13336181640625 -0.305389404296875
0.0209178924560547 0.0127792358398438 0.245513916015625 -0.39471435546875
0.001251220703125 0.0180416107177734 0.63226318359375 -0.12060546875
-0.0387649536132812 -0.0112152099609375 0.535797119140625 0.546173095703125
-0.0193252563476563 -0.0482177734375 -0.03271484375 0.84521484375
0.0143547058105469 0.0137157440185547 -0.389312744140625 0.478118896484375
0.0322589874267578 0.0343551635742188 0.0224761962890625 0.0413894653320313
0.0217247009277344 0.0180244445800781 0.43829345703125 -0.485382080078125
0.0243549346923828 -0.0206298828125 0.0203247070312501 -0.8902587890625
-0.00525951385498047 -0.0155553817749023 -0.65594482421875 -0.43609619140625
-0.0132131576538086 0.0116500854492188 -0.58758544921875 0.22979736328125
0.00132560729980469 0.0110797882080078 -0.18994140625 0.425262451171875
0.00254106521606445 0.00651836395263672 0.158203125 0.300872802734375
0.00980472564697265 0.00825405120849609 0.314422607421875 0.05682373046875
0.0145254135131836 0.00156497955322266 -0.305633544921875 -0.0819091796875001
0.00959396362304688 0.0101642608642578 -0.125518798828125 -0.302459716796875
0.0195140838623047 0.0111160278320312 0.260772705078125 -0.3807373046875
0.00117301940917969 0.0168600082397461 0.6385498046875 -0.089599609375
-0.0405769348144531 -0.0144691467285156 0.515869140625 0.57586669921875
-0.0176277160644531 -0.0541229248046875 -0.068115234375 0.851318359375
0.0195102691650391 0.00850105285644531 -0.4005126953125 0.467376708984375
0.0406913757324219 0.030364990234375 0.0282096862792969 0.0357398986816406
0.0270614624023438 0.0121402740478516 0.426361083984375 -0.49853515625
0.0228195190429688 -0.023956298828125 -0.00921630859375 -0.88330078125
-0.00744056701660156 -0.0172042846679688 -0.66778564453125 -0.403564453125
-0.0133752822875977 0.0111532211303711 -0.576171875 0.2545166015625
0.00224781036376953 0.010493278503418 -0.175506591796875 0.43365478515625
0.00304555892944336 0.00507354736328125 0.167083740234375 0.299285888671875
0.00919723510742188 0.0091562271118164 0.3162841796875 0.053070068359375
0.0147037506103516 0.00179004669189453 -0.301483154296875 -0.084197998046875
0.00963115692138672 0.0067901611328125 -0.119781494140625 -0.300750732421875
0.0219402313232422 0.00876235961914063 0.27032470703125 -0.3714599609375
0.00199794769287109 0.0159072875976563 0.64447021484375 -0.07049560546875
-0.0422592163085938 -0.0155487060546875 0.502197265625 0.5985107421875
-0.0150032043457031 -0.0580787658691406 -0.0877685546874999 0.8585205078125
0.0263099670410156 0.00269126892089844 -0.407379150390625 0.463104248046875
0.0517730712890625 0.0242729187011719 0.0304756164550781 0.0314502716064453
0.033233642578125 0.00448036193847656 0.41650390625 -0.50701904296875
0.0219478607177734 -0.0272426605224609 -0.03643798828125 -0.87896728515625
-0.00866222381591797 -0.0158243179321289 -0.67791748046875 -0.3818359375
-0.012455940246582 0.00959110260009765 -0.56683349609375 0.272216796875
0.00494098663330078 0.00730419158935547 -0.165863037109375 0.441192626953125
0.00376486778259277 0.00188183784484863 0.17108154296875 0.2994384765625
0.00905513763427734 0.00921058654785156 0.315887451171875 0.05377197265625
0.0146751403808594 -0.00143051147460937 -0.29888916015625 -0.0843200683593749
0.0104951858520508 0.00144577026367188 -0.119537353515625 -0.29888916015625
0.0256500244140625 0.00400733947753906 0.273712158203125 -0.367340087890625
0.005859375 0.0155906677246094 0.64422607421875 -0.06304931640625
-0.0421218872070312 -0.0126800537109375 0.4993896484375 0.60693359375
-0.0134391784667969 -0.0600852966308594 -0.09149169921875 0.86224365234375
0.0339317321777344 -0.00429153442382813 -0.41119384765625 0.463470458984375
0.0627288818359375 0.0176506042480469 0.0292472839355469 0.0316295623779297
0.0401229858398438 -0.00284576416015625 0.409912109375 -0.50750732421875
0.0221824645996094 -0.0283946990966797 -0.0411376953124999 -0.87677001953125
-0.00872898101806641 -0.013178825378418 -0.67877197265625 -0.37628173828125
-0.00994586944580078 0.00853443145751953 -0.564697265625 0.27899169921875
0.00924968719482422 0.00370502471923828 -0.16448974609375 0.4442138671875
0.00489187240600586 -0.00316095352172852 0.171295166015625 0.300262451171875
0.00923919677734375 0.00618648529052734 0.316162109375 0.053985595703125
0.0159645080566406 -0.00582027435302734 -0.2987060546875 -0.08380126953125
0.0110244750976563 -0.00463581085205078 -0.121826171875 -0.297210693359375
0.0303230285644531 -0.0015716552734375 0.26727294921875 -0.368194580078125
0.0100517272949219 0.0158329010009766 0.64208984375 -0.07012939453125
-0.0413475036621094 -0.00820541381835938 0.5047607421875 0.5987548828125
-0.0129661560058594 -0.0590896606445313 -0.08306884765625 0.86419677734375
0.0403404235839844 -0.0101089477539063 -0.408447265625 0.469879150390625
0.0732574462890625 0.0109710693359375 0.0231704711914063 0.0362129211425781
0.0457954406738281 -0.0081634521484375 0.41436767578125 -0.50164794921875
0.0244636535644531 -0.028228759765625 -0.0308837890625 -0.877197265625
-0.00681304931640625 -0.00899600982666016 -0.67529296875 -0.38507080078125
-0.00684642791748047 0.00626802444458008 -0.568359375 0.27264404296875
0.0137815475463867 -0.00125026702880859 -0.17041015625 0.4451904296875
0.00598621368408203 -0.0096893310546875 0.167327880859375 0.302215576171875
0.00897312164306641 0.00111865997314453 0.31427001953125 0.0550537109375
0.0176830291748047 -0.0101757049560547 -0.29901123046875 -0.0832519531249999
0.0121631622314453 -0.0114431381225586 -0.129150390625 -0.297332763671875
0.0355110168457031 -0.00710678100585938 0.2550048828125 -0.372955322265625
0.0153436660766602 0.0167064666748047 0.63427734375 -0.08575439453125
-0.0396080017089844 -0.000965118408203124 0.521484375 0.58245849609375
-0.0140266418457031 -0.0560989379882813 -0.05743408203125 0.86407470703125
0.0432472229003906 -0.0137252807617188 -0.40289306640625 0.481689453125
0.0800399780273438 0.00711822509765625 0.0148506164550781 0.042755126953125
0.0503349304199219 -0.0108642578125 0.4207763671875 -0.491790771484375
0.0260181427001953 -0.0239353179931641 -0.00616455078125007 -0.88201904296875
-0.00435471534729004 -0.00421595573425293 -0.66546630859375 -0.408935546875
-0.00197982788085938 0.00560998916625977 -0.580322265625 0.2562255859375
0.0190582275390625 -0.00599288940429687 -0.183502197265625 0.4410400390625
0.00821399688720703 -0.0158157348632813 0.160888671875 0.304534912109375
0.00966262817382812 -0.00454807281494141 0.311767578125 0.05804443359375
0.0183677673339844 -0.00777244567871094 -0.312469482421875 -0.0769348144531251
0.00853395462036133 0.00330734252929688 -0.152984619140625 -0.30511474609375
0.0256862640380859 0.0064849853515625 0.2100830078125 -0.412109375
0.00882720947265625 0.0203113555908203 0.61114501953125 -0.17962646484375
-0.0340251922607422 0.00125885009765626 0.57391357421875 0.4798583984375
-0.0209312438964844 -0.0377197265625 0.03765869140625 0.82861328125
0.0117092132568359 0.0174779891967773 -0.36419677734375 0.504150390625
0.0263710021972656 0.0356636047363281 0.00302886962890625 0.0574760437011719
0.0169525146484375 0.0242080688476562 0.464019775390625 -0.452606201171875
0.0261268615722656 -0.00940513610839844 0.10333251953125 -0.899658203125
0.00100040435791016 -0.00715446472167969 -0.6165771484375 -0.50982666015625
-0.00824069976806641 0.0115871429443359 -0.6092529296875 0.1707763671875
0.00587034225463867 0.00773000717163086 -0.225433349609375 0.404327392578125
0.0039222240447998 0.000746726989746094 0.137908935546875 0.30218505859375
0.0109272003173828 0.00116443634033203 0.308624267578125 0.060943603515625
0.0168857574462891 -0.00455188751220703 -0.3106689453125 -0.0768737792968751
0.00841712951660156 0.00901699066162109 -0.142730712890625 -0.303985595703125
0.0223770141601563 0.00936508178710938 0.22625732421875 -0.401458740234375
0.00400161743164062 0.0189456939697266 0.61956787109375 -0.14935302734375
-0.0373001098632813 -0.00619506835937501 0.55181884765625 0.51116943359375
-0.0203590393066406 -0.0428886413574219 -0.00317382812499997 0.83477783203125
0.0117835998535156 0.0160617828369141 -0.378814697265625 0.488037109375
0.0278244018554688 0.035430908203125 0.0129852294921875 0.0500373840332031
0.0178432464599609 0.0220603942871094 0.454864501953125 -0.467010498046875
0.0247592926025391 -0.0154247283935547 0.0651855468750001 -0.891357421875
-0.00124073028564453 -0.0136795043945313 -0.63134765625 -0.47052001953125
-0.0116415023803711 0.0116682052612305 -0.5966796875 0.2003173828125
0.00232315063476562 0.0102996826171875 -0.20684814453125 0.41375732421875
0.00284862518310547 0.00520992279052734 0.15020751953125 0.300079345703125
0.00979328155517578 0.00507354736328125 0.312835693359375 0.055694580078125
0.0157899856567383 8.86917114257813E-05 -0.30743408203125 -0.0806884765625001
0.00803089141845703 0.0107278823852539 -0.132904052734375 -0.30316162109375
0.0206928253173828 0.0112838745117188 0.246337890625 -0.39190673828125
0.00192642211914062 0.0178947448730469 0.62957763671875 -0.1190185546875
-0.0394363403320313 -0.0109291076660156 0.533294677734375 0.545623779296875
-0.0196075439453125 -0.0482635498046875 -0.03460693359375 0.84283447265625
0.0143241882324219 0.0134296417236328 -0.38916015625 0.477325439453125
0.0322322845458984 0.0334529876708984 0.0215377807617188 0.0419960021972656
0.0222988128662109 0.0178146362304688 0.438140869140625 -0.48199462890625
0.0241127014160156 -0.0204982757568359 0.02197265625 -0.88629150390625
-0.00463104248046875 -0.0160942077636719 -0.65252685546875 -0.435791015625
-0.0131893157958984 0.0112171173095703 -0.5865478515625 0.2291259765625
0.00145530700683594 0.0113019943237305 -0.190399169921875 0.424163818359375
0.00180578231811523 0.00605297088623047 0.157073974609375 0.300506591796875
0.0101356506347656 0.00881099700927734 0.3140869140625 0.055419921875
0.0144491195678711 0.001220703125 -0.3046875 -0.081390380859375
0.00843715667724609 0.0104198455810547 -0.124847412109375 -0.3018798828125
0.0198116302490234 0.0107097625732422 0.26068115234375 -0.37884521484375
0.000618934631347657 0.0159664154052734 0.6373291015625 -0.08966064453125
-0.0415420532226563 -0.0148582458496094 0.51348876953125 0.57550048828125
-0.017364501953125 -0.0532493591308594 -0.0682373046875001 0.84881591796875
0.0193519592285156 0.00944900512695312 -0.40087890625 0.46600341796875
0.0409469604492188 0.0293693542480469 0.0277481079101563 0.0349864959716797
0.0267124176025391 0.0119113922119141 0.426910400390625 -0.49481201171875
0.0233478546142578 -0.0243072509765625 -0.00805664062500005 -0.8804931640625
-0.00688552856445313 -0.0176200866699219 -0.664306640625 -0.4019775390625
-0.012974739074707 0.010188102722168 -0.572265625 0.253173828125
0.00180435180664063 0.0108003616333008 -0.176116943359375 0.43121337890625
0.00194072723388672 0.004974365234375 0.166534423828125 0.298065185546875
0.00887489318847656 0.00986289978027344 0.31634521484375 0.053131103515625
0.0140714645385742 0.00144577026367187 -0.30108642578125 -0.083160400390625
0.00892543792724609 0.00736141204833984 -0.119873046875 -0.299407958984375
0.0218505859375 0.00826072692871094 0.270751953125 -0.3699951171875
0.00266456604003906 0.0151100158691406 0.6435546875 -0.0693359375
-0.0422172546386719 -0.0154380798339844 0.50091552734375 0.59600830078125
-0.0152244567871094 -0.0571250915527344 -0.0879516601562499 0.854248046875
0.0264453887939453 0.00247001647949219 -0.40716552734375 0.4598388671875
0.0523567199707031 0.0237083435058594 0.0299854278564453 0.0322895050048828
0.0335292816162109 0.00382804870605469 0.4166259765625 -0.502960205078125
0.0220603942871094 -0.0274066925048828 -0.0338134765624999 -0.876953125
-0.00853061676025391 -0.0155019760131836 -0.6739501953125 -0.381103515625
-0.0118799209594727 0.00978851318359375 -0.5655517578125 0.27032470703125
0.00464868545532226 0.00831842422485352 -0.16607666015625 0.43890380859375
0.00362396240234375 0.00171828269958496 0.169586181640625 0.299163818359375
0.00936508178710938 0.00908470153808594 0.31512451171875 0.052642822265625
0.0145063400268555 -0.000804901123046875 -0.298919677734375 -0.083953857421875
0.00992107391357422 0.00201511383056641 -0.1187744140625 -0.297088623046875
0.0252895355224609 0.00348472595214844 0.27178955078125 -0.36468505859375
0.00516986846923828 0.0142269134521484 0.642333984375 -0.0618896484375
-0.0416793823242188 -0.0132026672363281 0.49859619140625 0.60638427734375
-0.0144729614257813 -0.0586624145507813 -0.0935058593750001 0.85943603515625
0.0338153839111328 -0.00411033630371094 -0.41119384765625 0.46112060546875
0.063140869140625 0.0170478820800781 0.0285434722900391 0.0325374603271484
0.0397605895996094 -0.00275039672851563 0.409698486328125 -0.5047607421875
0.0224990844726563 -0.0284900665283203 -0.0413818359375 -0.874267578125
-0.00894927978515625 -0.0133152008056641 -0.6759033203125 -0.3740234375
-0.00944614410400391 0.00815105438232422 -0.5640869140625 0.276611328125
0.00911521911621094 0.00367164611816406 -0.1630859375 0.441986083984375
0.0041656494140625 -0.00374150276184082 0.17144775390625 0.299835205078125
0.00923538208007813 0.00630569458007813 0.3140869140625 0.054595947265625
0.0156679153442383 -0.004974365234375 -0.298736572265625 -0.0823974609375
0.0111837387084961 -0.00452899932861328 -0.1229248046875 -0.295928955078125
0.0300045013427734 -0.00269317626953125 0.266204833984375 -0.366363525390625
0.00989341735839844 0.0149526596069336 0.638916015625 -0.06884765625
-0.0406837463378906 -0.00767898559570312 0.503173828125 0.59832763671875
-0.0138664245605469 -0.058746337890625 -0.08453369140625 0.86151123046875
0.0396728515625 -0.0106239318847656 -0.410247802734375 0.468902587890625
0.07354736328125 0.0104904174804688 0.0225563049316406 0.0354499816894531
0.0460090637207031 -0.00859832763671875 0.412384033203125 -0.49835205078125
0.0240993499755859 -0.0278453826904297 -0.0291137695312499 -0.87530517578125
-0.00681400299072266 -0.00918769836425781 -0.6719970703125 -0.3843994140625
-0.00576066970825195 0.0056915283203125 -0.56890869140625 0.2708740234375
0.0131235122680664 -0.00109672546386719 -0.171142578125 0.4422607421875
0.00541877746582031 -0.00941562652587891 0.16802978515625 0.301666259765625
0.0098724365234375 0.00157928466796875 0.313201904296875 0.05535888671875
0.0180988311767578 -0.00981712341308594 -0.298675537109375 -0.0825195312500001
0.0116262435913086 -0.0112619400024414 -0.128509521484375 -0.295928955078125
0.0353012084960938 -0.00751876831054688 0.25518798828125 -0.37127685546875
0.0155057907104492 0.0154886245727539 0.63287353515625 -0.08636474609375
-0.0390968322753906 -0.000839233398437498 0.51983642578125 0.580810546875
-0.014312744140625 -0.0552024841308594 -0.0585327148437499 0.86065673828125
0.042388916015625 -0.0140533447265625 -0.404388427734375 0.480194091796875
0.07977294921875 0.00635528564453125 0.014495849609375 0.0426750183105469
0.0504875183105469 -0.0111045837402344 0.420318603515625 -0.48876953125
0.0256576538085938 -0.0244369506835938 -0.00512695312500003 -0.880126953125
-0.00442314147949219 -0.00444841384887695 -0.66168212890625 -0.40667724609375
-0.00166654586791992 0.00496482849121094 -0.5780029296875 0.25390625
0.0190200805664062 -0.00558090209960937 -0.183319091796875 0.437835693359375
0.00771331787109375 -0.0162897109985352 0.1600341796875 0.304046630859375
0.0101718902587891 -0.00295829772949219 0.310577392578125 0.057830810546875
0.0183773040771484 -0.00794792175292969 -0.31158447265625 -0.0768737792968749
0.0079655647277832 0.00371313095092773 -0.15283203125 -0.305999755859375
0.0253410339355469 0.00577735900878906 0.209930419921875 -0.411651611328125
0.008331298828125 0.0192852020263672 0.611083984375 -0.17962646484375
-0.0339107513427734 0.00217247009277343 0.57257080078125 0.480712890625
-0.0209159851074219 -0.03704833984375 0.0350341796874999 0.82696533203125
0.011998176574707 0.0169086456298828 -0.365753173828125 0.502044677734375
0.0272331237792969 0.0347824096679688 0.00304794311523437 0.0584068298339844
0.0174160003662109 0.0240840911865234 0.463958740234375 -0.448699951171875
0.0257587432861328 -0.0100975036621094 0.10382080078125 -0.89984130859375
0.00109529495239258 -0.00777578353881836 -0.613525390625 -0.51123046875
-0.00738430023193359 0.0114269256591797 -0.608642578125 0.17034912109375
0.00575923919677734 0.00762557983398438 -0.2247314453125 0.40362548828125
0.00288176536560059 0.000818252563476563 0.137359619140625 0.30157470703125
0.0112752914428711 0.00130081176757813 0.308197021484375 0.060455322265625
0.0161943435668945 -0.00393104553222656 -0.310699462890625 -0.07611083984375
0.00793552398681641 0.00941371917724609 -0.14288330078125 -0.30377197265625
0.0217132568359375 0.00964927673339844 0.226806640625 -0.401153564453125
0.0042877197265625 0.0188121795654297 0.62127685546875 -0.14849853515625
-0.0376968383789063 -0.0052337646484375 0.550628662109375 0.510528564453125
-0.0202713012695313 -0.0425987243652344 -0.00506591796875004 0.83258056640625
0.0115346908569336 0.0168647766113281 -0.37994384765625 0.4857177734375
0.0270004272460938 0.0351238250732422 0.0121231079101563 0.05035400390625
0.0183181762695313 0.0220909118652344 0.45440673828125 -0.463592529296875
0.0249309539794922 -0.0152664184570313 0.0681762695312499 -0.89080810546875
-0.00159549713134766 -0.0137176513671875 -0.62921142578125 -0.470703125
-0.0109567642211914 0.0108098983764648 -0.5963134765625 0.19964599609375
0.00159645080566406 0.0102272033691406 -0.206878662109375 0.411895751953125
0.00204324722290039 0.00515270233154297 0.149322509765625 0.300323486328125
0.00974941253662109 0.00570201873779297 0.311920166015625 0.055419921875
0.0155811309814453 0.000529289245605469 -0.307098388671875 -0.080596923828125
0.00725269317626953 0.0110177993774414 -0.132720947265625 -0.304107666015625
0.0194263458251953 0.0110511779785156 0.2459716796875 -0.3916015625
0.00079345703125 0.017054557800293 0.6304931640625 -0.1180419921875
-0.039459228515625 -0.0106277465820312 0.532440185546875 0.545684814453125
-0.0190315246582031 -0.0482330322265625 -0.03759765625 0.84124755859375
0.0141687393188477 0.0136270523071289 -0.3890380859375 0.47479248046875
0.0329837799072266 0.0326690673828125 0.0211257934570313 0.0421333312988281
0.0217781066894531 0.0176429748535156 0.438507080078125 -0.480224609375
0.0235824584960938 -0.0205726623535156 0.0253906250000001 -0.8878173828125
-0.00465011596679688 -0.0167694091796875 -0.65032958984375 -0.43646240234375
-0.0127801895141602 0.0110254287719727 -0.586181640625 0.22711181640625
0.00110816955566406 0.0112648010253906 -0.19097900390625 0.422393798828125
0.00215578079223633 0.00601053237915039 0.157196044921875 0.299530029296875
0.0110340118408203 0.0090484619140625 0.313323974609375 0.055938720703125
0.0143632888793945 0.00222301483154297 -0.30517578125 -0.080780029296875
0.00792789459228516 0.0107622146606445 -0.125701904296875 -0.300262451171875
0.0193653106689453 0.0102577209472656 0.261199951171875 -0.3782958984375
0.00107860565185547 0.0152254104614258 0.636962890625 -0.0892333984375
-0.0410079956054688 -0.0151290893554688 0.5128173828125 0.5753173828125
-0.0179290771484375 -0.0522117614746094 -0.07171630859375 0.847412109375
0.0193843841552734 0.00870132446289063 -0.4022216796875 0.4635009765625
0.0403213500976563 0.0286674499511719 0.0272560119628906 0.0361976623535156
0.0280914306640625 0.0109443664550781 0.42755126953125 -0.492034912109375
0.0225868225097656 -0.0247840881347656 -0.00579833984374995 -0.8807373046875
-0.00658798217773437 -0.0173931121826172 -0.66217041015625 -0.4036865234375
-0.0127792358398438 0.0102558135986328 -0.573486328125 0.25128173828125
0.00143718719482422 0.0101470947265625 -0.17626953125 0.430511474609375
0.0016322135925293 0.00502920150756836 0.16583251953125 0.298614501953125
0.00962066650390625 0.0099639892578125 0.315673828125 0.053131103515625
0.0145778656005859 0.00211238861083984 -0.30133056640625 -0.0830383300781251
0.00794172286987305 0.00693845748901367 -0.119293212890625 -0.298065185546875
0.0206966400146484 0.00726318359375 0.27069091796875 -0.3701171875
0.00248146057128906 0.0144033432006836 0.64215087890625 -0.0693359375
-0.0424041748046875 -0.0148506164550781 0.50054931640625 0.5987548828125
-0.015716552734375 -0.0568008422851563 -0.0904541015625 0.85302734375
0.0259075164794922 0.00255966186523438 -0.40948486328125 0.45831298828125
0.0518417358398438 0.0229148864746094 0.0298709869384766 0.0324993133544922
0.0337562561035156 0.00402641296386719 0.416015625 -0.5029296875
0.0222835540771484 -0.0282478332519531 -0.0336914062499999 -0.8748779296875
-0.00786495208740234 -0.0163450241088867 -0.6715087890625 -0.38165283203125
-0.0117206573486328 0.00950241088867187 -0.5653076171875 0.26824951171875
0.00453472137451172 0.00799322128295898 -0.16766357421875 0.438079833984375
0.00260376930236816 0.00181818008422852 0.16986083984375 0.29876708984375
0.00943851470947265 0.0094451904296875 0.31402587890625 0.053192138671875
0.0142803192138672 -0.000361442565917969 -0.298492431640625 -0.083343505859375
0.00936031341552734 0.00171661376953125 -0.11859130859375 -0.29620361328125
0.0248260498046875 0.00267982482910156 0.27203369140625 -0.3641357421875
0.00571441650390625 0.0141010284423828 0.643310546875 -0.063232421875
-0.0415840148925781 -0.0129890441894531 0.4951171875 0.60675048828125
-0.0148506164550781 -0.0589523315429688 -0.0971069335937501 0.8577880859375
0.0334968566894531 -0.00402450561523438 -0.412445068359375 0.460479736328125
0.0637931823730469 0.016326904296875 0.0284748077392578 0.0317420959472656
0.0401992797851562 -0.00372314453125 0.411376953125 -0.503204345703125
0.0225315093994141 -0.0292453765869141 -0.03863525390625 -0.87249755859375
-0.00832366943359375 -0.0136013031005859 -0.67425537109375 -0.37457275390625
-0.0084691047668457 0.00773096084594727 -0.56365966796875 0.275634765625
0.00858592987060547 0.00364112854003906 -0.164947509765625 0.440643310546875
0.00383877754211426 -0.00354480743408203 0.170562744140625 0.29888916015625
0.00939846038818359 0.0066375732421875 0.314178466796875 0.054351806640625
0.0156946182250977 -0.00413703918457031 -0.2982177734375 -0.082977294921875
0.0103168487548828 -0.00431442260742188 -0.12188720703125 -0.295440673828125
0.0292510986328125 -0.00301742553710937 0.266021728515625 -0.366119384765625
0.00962257385253906 0.0143556594848633 0.6376953125 -0.068359375
-0.0410690307617188 -0.00769805908203124 0.50091552734375 0.5987548828125
-0.0142974853515625 -0.0580558776855469 -0.0860595703124999 0.8592529296875
0.0392074584960938 -0.0105438232421875 -0.410858154296875 0.46612548828125
0.0731887817382813 0.00981903076171875 0.022064208984375 0.0364112854003906
0.0464897155761719 -0.00873947143554688 0.41375732421875 -0.497833251953125
0.0236854553222656 -0.0282096862792969 -0.0277709960937499 -0.87420654296875
-0.00678825378417969 -0.00936222076416016 -0.668701171875 -0.3851318359375
-0.00506448745727539 0.00579214096069336 -0.56695556640625 0.2691650390625
0.0127019882202148 -0.00115966796875 -0.170654296875 0.441253662109375
0.00566196441650391 -0.0100288391113281 0.166778564453125 0.30108642578125
0.00981521606445313 0.00196456909179688 0.313140869140625 0.0555419921875
0.0182609558105469 -0.00934410095214844 -0.297943115234375 -0.081878662109375
0.0110702514648438 -0.0108757019042969 -0.12799072265625 -0.294586181640625
0.0348968505859375 -0.00793266296386719 0.256256103515625 -0.37139892578125
0.014775276184082 0.015437126159668 0.63287353515625 -0.084716796875
-0.0399169921875 8.01086425781243E-05 0.5196533203125 0.5810546875
-0.0142135620117187 -0.0552215576171875 -0.0613403320312499 0.860595703125
0.04376220703125 -0.013763427734375 -0.404998779296875 0.478515625
0.0798416137695312 0.0058746337890625 0.0136604309082031 0.0426025390625
0.0501251220703125 -0.0120353698730469 0.421234130859375 -0.485321044921875
0.0255584716796875 -0.0252590179443359 -0.00103759765625005 -0.87921142578125
-0.00455665588378906 -0.0048213005065918 -0.658935546875 -0.40716552734375
-0.00172996520996094 0.00485897064208984 -0.57672119140625 0.2535400390625
0.0185317993164062 -0.00604820251464844 -0.184417724609375 0.436676025390625
0.00653266906738281 -0.0161542892456055 0.1600341796875 0.3040771484375
0.0108060836791992 -0.00374698638916016 0.310699462890625 0.05743408203125
0.0181045532226563 -0.007415771484375 -0.3125 -0.0769042968750001
0.0070643424987793 0.003875732421875 -0.152801513671875 -0.305511474609375
0.0245552062988281 0.00577545166015625 0.21038818359375 -0.41302490234375
0.00823020935058594 0.0200614929199219 0.61181640625 -0.178466796875
-0.0352554321289063 0.00164031982421875 0.57171630859375 0.48126220703125
-0.0214195251464844 -0.0365447998046875 0.03204345703125 0.82855224609375
0.0119905471801758 0.0171213150024414 -0.36798095703125 0.501983642578125
0.0270175933837891 0.0345516204833984 0.00242996215820312 0.0582313537597656
0.0179996490478516 0.0235748291015625 0.46624755859375 -0.44744873046875
0.0259017944335938 -0.0100631713867188 0.1075439453125 -0.8973388671875
0.000795364379882813 -0.00812435150146484 -0.6109619140625 -0.5128173828125
-0.00725078582763672 0.0107412338256836 -0.60870361328125 0.1685791015625
0.00561094284057617 0.00796270370483398 -0.227203369140625 0.403167724609375
0.00329709053039551 0.000174522399902344 0.137603759765625 0.30255126953125
0.0118579864501953 0.000623703002929688 0.308990478515625 0.06036376953125
0.0166759490966797 -0.00347328186035156 -0.311492919921875 -0.0765380859375
0.00743484497070313 0.00944328308105469 -0.14337158203125 -0.303436279296875
0.0215110778808594 0.00908088684082031 0.227783203125 -0.402130126953125
0.00370407104492187 0.0175991058349609 0.62060546875 -0.1474609375
-0.0375709533691406 -0.00490570068359375 0.55047607421875 0.512237548828125
-0.0204849243164063 -0.0424079895019531 -0.00762939453124995 0.8331298828125
0.0114078521728516 0.0158548355102539 -0.382537841796875 0.48480224609375
0.0270824432373047 0.0343112945556641 0.0121574401855469 0.0506591796875
0.0187816619873047 0.0211849212646484 0.454803466796875 -0.463104248046875
0.0248298645019531 -0.0155525207519531 0.0709838867187501 -0.88970947265625
-0.00150012969970703 -0.0133829116821289 -0.6285400390625 -0.4739990234375
-0.0102291107177734 0.0106887817382812 -0.597412109375 0.19757080078125
0.00206947326660156 0.0102758407592773 -0.20709228515625 0.40985107421875
0.00168180465698242 0.00442171096801758 0.150787353515625 0.30133056640625
0.0106430053710938 0.00524520874023438 0.312408447265625 0.056243896484375
0.0158872604370117 0.000344276428222656 -0.307952880859375 -0.08148193359375
0.00671482086181641 0.0110006332397461 -0.13323974609375 -0.303009033203125
0.019012451171875 0.0109767913818359 0.24737548828125 -0.3922119140625
0.00194835662841797 0.0164432525634766 0.63116455078125 -0.11895751953125
-0.0398445129394531 -0.0107994079589844 0.532806396484375 0.547698974609375
-0.0195045471191406 -0.0470733642578125 -0.0404663085937501 0.8426513671875
0.0141048431396484 0.012913703918457 -0.390899658203125 0.474090576171875
0.0326766967773438 0.0320091247558594 0.0204696655273437 0.0428657531738281
0.0222148895263672 0.0173759460449219 0.43902587890625 -0.477996826171875
0.0238800048828125 -0.0205326080322266 0.0270385742187499 -0.88763427734375
-0.00490093231201172 -0.0165185928344727 -0.6494140625 -0.43914794921875
-0.0117702484130859 0.0102996826171875 -0.58642578125 0.22491455078125
0.000762939453125001 0.0112571716308594 -0.190826416015625 0.422027587890625
0.0014948844909668 0.0056920051574707 0.156982421875 0.300994873046875
0.010685920715332 0.00880527496337891 0.313812255859375 0.0562744140625
0.0141992568969727 0.00229740142822266 -0.304962158203125 -0.080078125
0.00740146636962891 0.0108280181884766 -0.125701904296875 -0.299713134765625
0.0191421508789063 0.00896072387695313 0.26214599609375 -0.37860107421875
0.00100231170654297 0.0151052474975586 0.63848876953125 -0.0887451171875
-0.0416831970214844 -0.0145988464355469 0.510986328125 0.5767822265625
-0.0182304382324219 -0.0524444580078125 -0.07611083984375 0.84747314453125
0.0187454223632813 0.00813865661621094 -0.404510498046875 0.462921142578125
0.040557861328125 0.02838134765625 0.0265846252441406 0.0365447998046875
0.0279026031494141 0.0102767944335938 0.428466796875 -0.491302490234375
0.0226535797119141 -0.0250015258789063 -0.00421142578125002 -0.8798828125
-0.00737380981445313 -0.0173892974853516 -0.6605224609375 -0.404541015625
-0.0118637084960938 0.0100164413452148 -0.57415771484375 0.25006103515625
0.00130844116210937 0.0100059509277344 -0.178009033203125 0.4302978515625
0.00139713287353516 0.00472497940063477 0.165771484375 0.299285888671875
0.00965976715087891 0.010157585144043 0.314849853515625 0.05303955078125
0.0148172378540039 0.00290679931640625 -0.3017578125 -0.08282470703125
0.00743770599365234 0.00702667236328125 -0.1199951171875 -0.297943115234375
0.0207614898681641 0.0066070556640625 0.271087646484375 -0.369873046875
0.00232028961181641 0.0134649276733398 0.6434326171875 -0.06982421875
-0.0420417785644531 -0.01513671875 0.49932861328125 0.59881591796875
-0.0161056518554688 -0.0563812255859375 -0.0941162109375 0.85321044921875
0.0257225036621094 0.00279808044433594 -0.411590576171875 0.458099365234375
0.0519828796386719 0.0226898193359375 0.0292911529541016 0.0329627990722656
0.0346260070800781 0.00290298461914063 0.41802978515625 -0.50006103515625
0.0221595764160156 -0.0276985168457031 -0.0291137695312501 -0.877197265625
-0.00879096984863281 -0.0165424346923828 -0.67095947265625 -0.38409423828125
-0.0110387802124023 0.00900650024414063 -0.5653076171875 0.26824951171875
0.00431203842163086 0.00742244720458984 -0.1676025390625 0.436981201171875
0.00177121162414551 0.00137674808502197 0.170013427734375 0.29852294921875
0.00944805145263672 0.00956058502197266 0.315216064453125 0.05401611328125
0.0143671035766602 0.0001220703125 -0.298797607421875 -0.083251953125
0.00855445861816406 0.00201320648193359 -0.11846923828125 -0.296539306640625
0.0240554809570312 0.002288818359375 0.274261474609375 -0.364837646484375
0.00524139404296875 0.0132884979248047 0.64276123046875 -0.0601806640625
-0.0422096252441406 -0.0124435424804687 0.494873046875 0.6075439453125
-0.0145912170410156 -0.058380126953125 -0.0988159179687499 0.85888671875
0.0331745147705078 -0.004241943359375 -0.413787841796875 0.459503173828125
0.0633125305175781 0.0160064697265625 0.0277214050292969 0.032379150390625
0.04107666015625 -0.00373458862304688 0.411590576171875 -0.5013427734375
0.0230674743652344 -0.0297336578369141 -0.03729248046875 -0.87530517578125
-0.00913429260253907 -0.0140314102172852 -0.67291259765625 -0.37615966796875
-0.00876951217651367 0.00760889053344727 -0.5635986328125 0.2745361328125
0.00822782516479492 0.00363397598266602 -0.16656494140625 0.439910888671875
0.00295734405517578 -0.00303101539611816 0.170166015625 0.299346923828125
0.00964736938476563 0.00676918029785156 0.314361572265625 0.054718017578125
0.0158748626708984 -0.00456333160400391 -0.29913330078125 -0.0826721191406249
0.00988960266113281 -0.00417900085449219 -0.122650146484375 -0.294647216796875
0.0288352966308594 -0.00297737121582031 0.26715087890625 -0.3662109375
0.0102558135986328 0.0138406753540039 0.6402587890625 -0.067626953125
-0.0413246154785156 -0.00761032104492187 0.5013427734375 0.5992431640625
-0.0140838623046875 -0.0578193664550781 -0.0894775390625 0.859619140625
0.0398979187011719 -0.0101776123046875 -0.413726806640625 0.465728759765625
0.0735702514648438 0.00916290283203125 0.0211906433105469 0.0363273620605469
0.047149658203125 -0.00916671752929687 0.4146728515625 -0.496185302734375
0.0245780944824219 -0.0279273986816406 -0.02655029296875 -0.87603759765625
-0.00768756866455078 -0.00934314727783203 -0.66766357421875 -0.38677978515625
-0.00511503219604492 0.00555038452148438 -0.5682373046875 0.2686767578125
0.0132408142089844 -0.00172138214111328 -0.172515869140625 0.44097900390625
0.00464439392089844 -0.00967693328857422 0.16729736328125 0.302581787109375
0.0103721618652344 0.00206375122070313 0.31231689453125 0.056640625
0.0175342559814453 -0.00892066955566406 -0.299468994140625 -0.08154296875
0.0106534957885742 -0.0117769241333008 -0.12835693359375 -0.294342041015625
0.0338516235351563 -0.0086517333984375 0.2568359375 -0.370330810546875
0.0154972076416016 0.0151300430297852 0.63372802734375 -0.0843505859375
-0.0399169921875 -0.000255584716796875 0.5181884765625 0.58251953125
-0.0141716003417969 -0.054443359375 -0.06549072265625 0.86090087890625
0.0427970886230469 -0.0143699645996094 -0.407684326171875 0.477142333984375
0.0802536010742188 0.00501251220703125 0.0128631591796875 0.0430984497070313
0.0505905151367188 -0.0125656127929688 0.422271728515625 -0.48455810546875
0.0257301330566406 -0.0251064300537109 -0.000488281250000077 -0.878662109375
-0.00443744659423828 -0.00482654571533203 -0.65850830078125 -0.41021728515625
-0.000467777252197266 0.00435948371887207 -0.57843017578125 0.2515869140625
0.0179347991943359 -0.00565338134765625 -0.184539794921875 0.43707275390625
0.00627803802490234 -0.0165290832519531 0.15936279296875 0.303558349609375
0.0112953186035156 -0.00300025939941406 0.3114013671875 0.058502197265625
0.0185317993164062 -0.00708198547363281 -0.3135986328125 -0.0764160156250001
0.00723791122436523 0.00469493865966797 -0.152801513671875 -0.30633544921875
0.0255165100097656 0.00488090515136719 0.213104248046875 -0.41326904296875
0.00855064392089843 0.0180435180664063 0.61248779296875 -0.17724609375
-0.0351123809814453 0.00104713439941406 0.57342529296875 0.48358154296875
-0.021759033203125 -0.0361328125 0.0305175781249999 0.83111572265625
0.0115547180175781 0.0168905258178711 -0.37200927734375 0.50164794921875
0.0267143249511719 0.0337696075439453 0.00167083740234375 0.0585212707519531
0.0178909301757812 0.0240325927734375 0.46722412109375 -0.44793701171875
0.0258903503417969 -0.0107765197753906 0.11053466796875 -0.90087890625
0.00184392929077149 -0.0084376335144043 -0.612060546875 -0.5145263671875
-0.00651454925537109 0.0108070373535156 -0.61090087890625 0.16802978515625
0.00506973266601563 0.00769519805908203 -0.227996826171875 0.403411865234375
0.00212204456329346 -7.33137130737305E-05 0.1378173828125 0.302886962890625
0.0123462677001953 0.0012664794921875 0.30938720703125 0.0611572265625
0.016963005065918 -0.00335216522216797 -0.313262939453125 -0.0757751464843751
0.00736427307128906 0.00946617126464844 -0.14434814453125 -0.302734375
0.020751953125 0.00864601135253906 0.227874755859375 -0.40283203125
0.00308322906494141 0.0174379348754883 0.6239013671875 -0.147216796875
-0.0385818481445313 -0.00511932373046874 0.551513671875 0.514312744140625
-0.02105712890625 -0.0419273376464844 -0.00982666015625006 0.83392333984375
0.0112819671630859 0.0167398452758789 -0.384521484375 0.4857177734375
0.0272750854492188 0.0343570709228516 0.0113258361816406 0.0522308349609375
0.0188465118408203 0.0205879211425781 0.457794189453125 -0.461456298828125
0.0241489410400391 -0.0151920318603516 0.07305908203125 -0.8912353515625
-0.00177478790283203 -0.014277458190918 -0.629150390625 -0.47564697265625
-0.0101537704467773 0.0104494094848633 -0.59783935546875 0.19677734375
0.00062274932861328 0.0110797882080078 -0.210296630859375 0.4105224609375
0.00161314010620117 0.00482273101806641 0.150115966796875 0.30145263671875
0.0110549926757813 0.00547122955322266 0.31329345703125 0.056060791015625
0.0155954360961914 0.00119304656982422 -0.30902099609375 -0.08087158203125
0.00629615783691406 0.0122060775756836 -0.133880615234375 -0.30145263671875
0.0183773040771484 0.00948715209960938 0.247314453125 -0.392120361328125
0.00202369689941406 0.0156211853027344 0.632568359375 -0.11761474609375
-0.0401344299316406 -0.00954055786132812 0.533355712890625 0.550079345703125
-0.0205039978027344 -0.0474967956542969 -0.04205322265625 0.84228515625
0.0134181976318359 0.0140666961669922 -0.393798828125 0.4749755859375
0.0335292816162109 0.0315399169921875 0.0197486877441406 0.0429916381835938
0.0227317810058594 0.016571044921875 0.442291259765625 -0.47760009765625
0.0243377685546875 -0.0208091735839844 0.0280151367187501 -0.88909912109375
-0.00495243072509765 -0.0171432495117188 -0.6483154296875 -0.43890380859375
-0.0124835968017578 0.0106868743896484 -0.58758544921875 0.22442626953125
0.000532150268554688 0.0111551284790039 -0.1920166015625 0.42193603515625
0.00044107437133789 0.00503110885620117 0.157928466796875 0.300994873046875
0.0104217529296875 0.0085601806640625 0.313385009765625 0.056854248046875
0.0145206451416016 0.00217437744140625 -0.306732177734375 -0.08062744140625
0.00618553161621094 0.0109138488769531 -0.125579833984375 -0.2998046875
0.0184993743896484 0.00925445556640625 0.262451171875 -0.38104248046875
0.000239372253417969 0.0145225524902344 0.6392822265625 -0.08795166015625
-0.0420951843261719 -0.0142784118652344 0.51202392578125 0.57867431640625
-0.018585205078125 -0.0528907775878906 -0.077392578125 0.8477783203125
0.0185661315917969 0.00924491882324219 -0.40643310546875 0.4630126953125
0.0407981872558594 0.0279960632324219 0.0256538391113281 0.0371894836425781
0.0282440185546875 0.0103988647460938 0.430084228515625 -0.490631103515625
0.0215778350830078 -0.0253257751464844 -0.00231933593750004 -0.8831787109375
-0.00726699829101562 -0.0181045532226563 -0.6602783203125 -0.40771484375
-0.0122594833374023 0.00950431823730469 -0.5743408203125 0.25115966796875
0.000988006591796875 0.0106897354125977 -0.177337646484375 0.428985595703125
9.05990600585935E-05 0.00418972969055176 0.167449951171875 0.2998046875
0.0100326538085938 0.00946044921875 0.317047119140625 0.053314208984375
0.0140190124511719 0.00319766998291016 -0.302886962890625 -0.082550048828125
0.00752878189086914 0.00806903839111328 -0.1195068359375 -0.29833984375
0.0200271606445312 0.00608634948730469 0.272369384765625 -0.37005615234375
0.00258255004882812 0.013239860534668 0.644287109375 -0.0673828125
-0.0425148010253906 -0.0145378112792969 0.4993896484375 0.6009521484375
-0.0158309936523438 -0.0568275451660156 -0.0950927734374999 0.8544921875
0.0256805419921875 0.00317573547363281 -0.414886474609375 0.458221435546875
0.0524101257324219 0.0210952758789063 0.0292816162109375 0.0330638885498047
0.0341835021972656 0.00257492065429687 0.420379638671875 -0.50030517578125
0.0214748382568359 -0.0285816192626953 -0.0272216796875 -0.8787841796875
-0.00880718231201172 -0.0165843963623047 -0.67144775390625 -0.3846435546875
-0.0111761093139648 0.00847434997558594 -0.56573486328125 0.26629638671875
0.00349569320678711 0.00867700576782227 -0.16864013671875 0.439300537109375
0.000909805297851562 0.00163161754608154 0.169769287109375 0.299774169921875
0.0100126266479492 0.00980377197265625 0.314849853515625 0.05419921875
0.014765739440918 0.000408172607421875 -0.30023193359375 -0.083770751953125
0.00777959823608398 0.00204324722290039 -0.1187744140625 -0.2962646484375
0.0244522094726563 0.00179862976074219 0.27386474609375 -0.364501953125
0.00513076782226563 0.0124149322509766 0.644287109375 -0.06146240234375
-0.0424423217773438 -0.0121116638183594 0.496337890625 0.6103515625
-0.0149574279785156 -0.0581626892089844 -0.10107421875 0.85943603515625
0.0331687927246094 -0.0045166015625 -0.417388916015625 0.4600830078125
0.0643882751464844 0.0148887634277344 0.0265960693359375 0.0335807800292969
0.0419425964355469 -0.00384521484375 0.413909912109375 -0.501617431640625
0.0233383178710938 -0.0296611785888672 -0.0341796875000001 -0.87713623046875
-0.00822162628173828 -0.0143213272094727 -0.67254638671875 -0.3798828125
-0.00908946990966797 0.00646018981933594 -0.56549072265625 0.27362060546875
0.00696372985839844 0.00420379638671875 -0.1671142578125 0.4410400390625
0.00281500816345215 -0.0032193660736084 0.170654296875 0.30047607421875
0.010075569152832 0.00734329223632813 0.314208984375 0.0550537109375
0.0163631439208984 -0.00376605987548828 -0.30072021484375 -0.082427978515625
0.00911521911621094 -0.00406074523925781 -0.12152099609375 -0.294097900390625
0.0283756256103516 -0.00430107116699219 0.26788330078125 -0.366790771484375
0.0100784301757813 0.0140628814697266 0.64129638671875 -0.06787109375
-0.0420417785644531 -0.00705337524414063 0.50286865234375 0.60150146484375
-0.0149650573730469 -0.0576972961425781 -0.09259033203125 0.86029052734375
0.039276123046875 -0.0106468200683594 -0.416046142578125 0.466400146484375
0.0735702514648438 0.00904083251953125 0.0216445922851563 0.03692626953125
0.0470924377441406 -0.0100860595703125 0.41656494140625 -0.49517822265625
0.0238914489746094 -0.0291748046875 -0.023193359375 -0.87786865234375
-0.00748062133789063 -0.0100526809692383 -0.66876220703125 -0.3897705078125
-0.00548458099365234 0.00596809387207031 -0.56951904296875 0.26800537109375
0.0122613906860352 -0.00133800506591797 -0.17291259765625 0.441192626953125
0.00448226928710938 -0.00982284545898438 0.167633056640625 0.3017578125
0.0103111267089844 0.00224399566650391 0.3135986328125 0.05621337890625
0.0176849365234375 -0.00866508483886719 -0.299713134765625 -0.082366943359375
0.00919723510742188 -0.0113887786865234 -0.128692626953125 -0.294769287109375
0.0331230163574219 -0.008392333984375 0.257171630859375 -0.37188720703125
0.0154123306274414 0.0137920379638672 0.63543701171875 -0.08477783203125
-0.04034423828125 0.000331878662109383 0.5186767578125 0.58575439453125
-0.0149192810058594 -0.0538902282714844 -0.0682373046875 0.86175537109375
0.0429267883300781 -0.0140953063964844 -0.40875244140625 0.478118896484375
0.0803909301757813 0.004241943359375 0.0120697021484375 0.0431594848632813
0.0521507263183594 -0.0133895874023438 0.423095703125 -0.484588623046875
0.0265655517578125 -0.0261516571044922 -0.000183105468750082 -0.88214111328125
-0.00485706329345703 -0.00585222244262695 -0.6583251953125 -0.4114990234375
-0.000191211700439453 0.00461530685424805 -0.5806884765625 0.2506103515625
0.0180931091308594 -0.00642776489257813 -0.18536376953125 0.436004638671875
0.00536727905273437 -0.016204833984375 0.16046142578125 0.3048095703125
0.0119380950927734 -0.00365447998046875 0.311737060546875 0.0582275390625
0.0172538757324219 -0.00594615936279297 -0.314971923828125 -0.076568603515625
0.00614738464355469 0.00424814224243164 -0.154327392578125 -0.304840087890625
0.0240612030029297 0.00421333312988281 0.2122802734375 -0.414520263671875
0.00878715515136719 0.0177574157714844 0.615234375 -0.1787109375
-0.0350894927978516 0.00304031372070312 0.57513427734375 0.48724365234375
-0.022369384765625 -0.0363540649414062 0.02923583984375 0.83319091796875
0.0112752914428711 0.0169744491577148 -0.37359619140625 0.50433349609375
0.0273723602294922 0.0326614379882813 0.000556945800781257 0.0590896606445313
0.0183792114257813 0.0224323272705078 0.469207763671875 -0.44647216796875
0.0259666442871094 -0.0105781555175781 0.1119384765625 -0.90484619140625
0.0011906623840332 -0.00857210159301758 -0.6114501953125 -0.51641845703125
-0.00657749176025391 0.0104875564575195 -0.61358642578125 0.16729736328125
0.00552558898925781 0.00785064697265625 -0.229644775390625 0.404296875
0.00243473052978516 0.000671863555908203 0.138214111328125 0.30364990234375
0.0123157501220703 0.00187110900878906 0.31158447265625 0.060821533203125
0.0164995193481445 -0.00295162200927734 -0.313720703125 -0.07550048828125
0.00666999816894531 0.00936317443847656 -0.1453857421875 -0.303680419921875
0.0205192565917969 0.00750541687011719 0.22918701171875 -0.402374267578125
0.00355148315429688 0.0177536010742187 0.62567138671875 -0.1480712890625
-0.0384902954101563 -0.00497055053710938 0.553466796875 0.518035888671875
-0.0215072631835937 -0.0417976379394531 -0.0115356445312499 0.83697509765625
0.0111875534057617 0.0156221389770508 -0.38751220703125 0.4869384765625
0.0284671783447266 0.0331001281738281 0.00989913940429688 0.0518760681152344
0.0192909240722656 0.0201759338378906 0.459503173828125 -0.46307373046875
0.0247592926025391 -0.0158367156982422 0.07513427734375 -0.89630126953125
-0.00131511688232422 -0.0144433975219727 -0.62774658203125 -0.476806640625
-0.00957870483398437 0.00990581512451172 -0.5999755859375 0.19683837890625
0.00115108489990234 0.009918212890625 -0.21160888671875 0.412384033203125
0.00118303298950195 0.00443553924560547 0.151641845703125 0.303131103515625
0.0113391876220703 0.00566291809082031 0.314971923828125 0.055755615234375
0.0156164169311523 0.00237178802490234 -0.31024169921875 -0.0792236328125
0.00564479827880859 0.0112361907958984 -0.13397216796875 -0.303985595703125
0.0179786682128906 0.00941658020019531 0.248565673828125 -0.3955078125
0.00194931030273438 0.0149564743041992 0.63525390625 -0.117431640625
-0.0405120849609375 -0.0103721618652344 0.53509521484375 0.552734375
-0.0202178955078125 -0.0465431213378906 -0.0445556640624999 0.8470458984375
0.0138921737670898 0.0131416320800781 -0.397613525390625 0.475616455078125
0.0335235595703125 0.0311660766601563 0.0190925598144531 0.0440330505371094
0.0232143402099609 0.0163135528564453 0.44488525390625 -0.47894287109375
0.0233802795410156 -0.0211048126220703 0.0303955078125 -0.89208984375
-0.00448226928710937 -0.0169782638549805 -0.648681640625 -0.44268798828125
-0.0111894607543945 0.00994205474853515 -0.59051513671875 0.22552490234375
0.00119686126708984 0.0116758346557617 -0.193023681640625 0.421661376953125
0.000403404235839844 0.00560474395751953 0.15948486328125 0.3026123046875
0.0117731094360352 0.00914192199707031 0.315216064453125 0.056549072265625
0.0146036148071289 0.00291347503662109 -0.308502197265625 -0.08038330078125
0.00595283508300781 0.0110034942626953 -0.1259765625 -0.301605224609375
0.01806640625 0.00907516479492187 0.264801025390625 -0.38006591796875
0.00120735168457031 0.0132417678833008 0.642578125 -0.087646484375
-0.0414924621582031 -0.0141792297363281 0.5150146484375 0.58221435546875
-0.0184669494628906 -0.0511856079101563 -0.08001708984375 0.85076904296875
0.0187397003173828 0.00892066955566406 -0.410247802734375 0.464447021484375
0.0411453247070313 0.0265274047851563 0.0254135131835938 0.0368995666503906
0.0289878845214844 0.00959014892578125 0.43182373046875 -0.490570068359375
0.0228252410888672 -0.0255641937255859 -0.00073242187500009 -0.88592529296875
-0.00748443603515625 -0.018096923828125 -0.66168212890625 -0.41070556640625
-0.0125770568847656 0.00999546051025391 -0.57733154296875 0.24932861328125
0.0009918212890625 0.0111331939697266 -0.17919921875 0.430267333984375
7.4386596679688E-05 0.00486898422241211 0.167022705078125 0.300750732421875
0.0112943649291992 0.0100307464599609 0.3179931640625 0.052825927734375
0.0138759613037109 0.00328826904296875 -0.304229736328125 -0.08282470703125
0.00646686553955078 0.00797843933105469 -0.12054443359375 -0.298370361328125
0.0195026397705078 0.00591659545898438 0.273651123046875 -0.37255859375
0.00230884552001953 0.0127334594726562 0.64642333984375 -0.06842041015625
-0.0425453186035156 -0.014129638671875 0.50244140625 0.6038818359375
-0.0164413452148438 -0.0557746887207031 -0.0987548828124999 0.85870361328125
0.0259952545166016 0.00225639343261719 -0.416900634765625 0.458984375
0.052276611328125 0.0209884643554688 0.0284080505371094 0.0337429046630859
0.0358314514160156 0.00284576416015625 0.4215087890625 -0.501434326171875
0.0227489471435547 -0.0284500122070313 -0.02667236328125 -0.8819580078125
-0.00921821594238282 -0.017268180847168 -0.671630859375 -0.3887939453125
-0.0105791091918945 0.00870800018310547 -0.56805419921875 0.26739501953125
0.00347185134887695 0.00841236114501953 -0.17071533203125 0.439178466796875
0.000430941581726074 0.00126993656158447 0.171112060546875 0.301300048828125
0.0105648040771484 0.00981521606445312 0.3170166015625 0.0531005859375
0.0148458480834961 0.00188064575195313 -0.30145263671875 -0.08282470703125
0.00717782974243164 0.00231313705444336 -0.120330810546875 -0.296630859375
0.0232372283935547 0.00148773193359375 0.27655029296875 -0.367767333984375
0.00548362731933594 0.0119180679321289 0.64776611328125 -0.06103515625
-0.0423316955566406 -0.012908935546875 0.4974365234375 0.61328125
-0.0154876708984375 -0.0578460693359375 -0.10498046875 0.862060546875
0.0328693389892578 -0.00424003601074219 -0.420196533203125 0.45904541015625
0.0637245178222656 0.0137252807617188 0.0268459320068359 0.0338993072509766
0.0419692993164062 -0.00479888916015625 0.417816162109375 -0.502197265625
0.0225162506103516 -0.0298404693603516 -0.0333251953124999 -0.87884521484375
-0.00907039642333985 -0.0139846801757813 -0.673828125 -0.38134765625
-0.00900363922119141 0.00741100311279297 -0.56658935546875 0.27349853515625
0.00797891616821289 0.00411748886108398 -0.1680908203125 0.4417724609375
0.00210094451904297 -0.00330853462219238 0.17132568359375 0.301605224609375
0.0106687545776367 0.00703525543212891 0.3165283203125 0.05413818359375
0.0164337158203125 -0.00325298309326172 -0.301849365234375 -0.0825500488281249
0.00831317901611328 -0.00363349914550781 -0.122894287109375 -0.29595947265625
0.0287990570068359 -0.00364875793457031 0.2696533203125 -0.368682861328125
0.0103025436401367 0.0123119354248047 0.64471435546875 -0.06793212890625
-0.0418739318847656 -0.00728607177734375 0.50390625 0.6053466796875
-0.0147781372070312 -0.0576972961425781 -0.0944824218750001 0.86474609375
0.0403518676757813 -0.00945281982421875 -0.41845703125 0.467498779296875
0.0740814208984375 0.00759124755859375 0.0209884643554688 0.0381431579589844
0.0476531982421875 -0.0103912353515625 0.417877197265625 -0.495819091796875
0.0242519378662109 -0.0287532806396484 -0.02178955078125 -0.8795166015625
-0.00677871704101563 -0.0102558135986328 -0.66925048828125 -0.39129638671875
-0.00455427169799805 0.00498819351196289 -0.571533203125 0.2677001953125
0.0121440887451172 -0.00136661529541016 -0.173248291015625 0.44122314453125
0.00382423400878906 -0.00985527038574219 0.168487548828125 0.303497314453125
0.0107660293579102 0.00165081024169922 0.31524658203125 0.056640625
0.0172948837280273 -0.00775814056396484 -0.3017578125 -0.081756591796875
0.00898933410644531 -0.0105104446411133 -0.1292724609375 -0.29547119140625
0.0330810546875 -0.00962066650390625 0.259429931640625 -0.37237548828125
0.0155096054077148 0.0133237838745117 0.637451171875 -0.08538818359375
-0.040557861328125 -0.000293731689453133 0.51983642578125 0.58642578125
-0.0147552490234375 -0.0540657043457031 -0.0703735351562499 0.86468505859375
0.0437889099121094 -0.0138168334960938 -0.4129638671875 0.47894287109375
0.0801467895507812 0.003875732421875 0.0126113891601563 0.044219970703125
0.0525856018066406 -0.0140914916992188 0.4254150390625 -0.48553466796875
0.0262088775634766 -0.0257663726806641 0.00262451171874992 -0.884765625
-0.00367021560668945 -0.00565242767333984 -0.6585693359375 -0.41363525390625
-0.000702142715454102 0.00334668159484863 -0.58209228515625 0.2510986328125
0.0179252624511719 -0.00678253173828125 -0.187469482421875 0.437347412109375
0.00519466400146484 -0.015711784362793 0.160858154296875 0.30596923828125
0.0119104385375977 -0.00286865234375 0.312713623046875 0.058685302734375
0.017730712890625 -0.0062255859375 -0.317291259765625 -0.07550048828125
0.00497722625732422 0.00482606887817383 -0.157073974609375 -0.306488037109375
0.0242118835449219 0.00408363342285156 0.21331787109375 -0.4166259765625
0.00894641876220703 0.017024040222168 0.61798095703125 -0.18072509765625
-0.0353279113769531 0.0026702880859375 0.5794677734375 0.48785400390625
-0.0228157043457031 -0.0364227294921875 0.02801513671875 0.83758544921875
0.011622428894043 0.0167827606201172 -0.3759765625 0.505706787109375
0.0273513793945312 0.0318012237548828 -0.000343322753906252 0.0606803894042969
0.0182533264160156 0.0222587585449219 0.471923828125 -0.44903564453125
0.0261955261230469 -0.0106525421142578 0.11376953125 -0.90802001953125
0.00101089477539063 -0.00910568237304688 -0.6138916015625 -0.520263671875
-0.00616645812988281 0.00992774963378906 -0.6148681640625 0.16888427734375
0.0051426887512207 0.00818109512329102 -0.230987548828125 0.40447998046875
0.00132155418395996 -7.02142715454101E-05 0.13995361328125 0.305572509765625
0.0124473571777344 0.00144386291503906 0.3128662109375 0.060791015625
0.0166130065917969 -0.00241374969482422 -0.315887451171875 -0.07550048828125
0.00564479827880859 0.0106086730957031 -0.145111083984375 -0.30584716796875
0.0201206207275391 0.00744819641113281 0.230926513671875 -0.405853271484375
0.00515174865722656 0.017155647277832 0.6279296875 -0.1494140625
-0.0381050109863281 -0.00542068481445313 0.555938720703125 0.5205078125
-0.0219078063964844 -0.0415267944335938 -0.0129394531249999 0.840087890625
0.010624885559082 0.016179084777832 -0.39190673828125 0.49066162109375
0.0283470153808594 0.0323753356933594 0.00978469848632813 0.0526657104492188
0.0190048217773438 0.0204811096191406 0.4625244140625 -0.46380615234375
0.0241775512695313 -0.0164718627929688 0.0755615234374999 -0.90045166015625
-0.00220108032226562 -0.0146923065185547 -0.630859375 -0.48114013671875
-0.00950908660888672 0.00977611541748047 -0.6016845703125 0.19610595703125
0.000823974609374999 0.01043701171875 -0.210845947265625 0.414581298828125
-0.000223636627197265 0.00416874885559082 0.152496337890625 0.304229736328125
0.0117578506469727 0.00620651245117187 0.31671142578125 0.05450439453125
0.0156345367431641 0.00217819213867188 -0.3128662109375 -0.0799560546874999
0.00508403778076172 0.0122556686401367 -0.136260986328125 -0.304779052734375
0.0175065994262695 0.00988960266113281 0.249847412109375 -0.396728515625
0.00151252746582031 0.015070915222168 0.63995361328125 -0.11932373046875
-0.0407905578613281 -0.00988388061523437 0.537567138671875 0.555511474609375
-0.0205917358398437 -0.0463142395019531 -0.044921875 0.84954833984375
0.0128355026245117 0.013728141784668 -0.400238037109375 0.47857666015625
0.0329704284667969 0.0303192138671875 0.0184059143066406 0.0449295043945313
0.0233345031738281 0.0158290863037109 0.44732666015625 -0.48077392578125
0.0240135192871094 -0.0213298797607422 0.0313110351562499 -0.895751953125
-0.00477409362792969 -0.0177001953125 -0.651611328125 -0.44427490234375
-0.0123786926269531 0.00907039642333985 -0.59283447265625 0.2271728515625
0.000173568725585937 0.0115318298339844 -0.196563720703125 0.4239501953125
-0.000394344329833985 0.00610494613647461 0.160064697265625 0.303497314453125
0.0116081237792969 0.00911521911621094 0.31689453125 0.055908203125
0.0143957138061523 0.00380992889404297 -0.3101806640625 -0.079864501953125
0.00506210327148438 0.0119743347167969 -0.127593994140625 -0.301055908203125
0.0172910690307617 0.00780296325683594 0.26519775390625 -0.383270263671875
0.000824928283691406 0.0130681991577148 0.64593505859375 -0.089111328125
-0.0419387817382813 -0.0134201049804688 0.5169677734375 0.58544921875
-0.0187759399414063 -0.0517005920410156 -0.081298828125 0.855224609375
0.0181884765625 0.00846481323242188 -0.41278076171875 0.46685791015625
0.0411720275878906 0.0263862609863281 0.0257186889648438 0.0379409790039063
0.0286026000976563 0.00904273986816406 0.43450927734375 -0.491790771484375
0.0231151580810547 -0.0258922576904297 0.000610351562499908 -0.89080810546875
-0.00703048706054688 -0.0188007354736328 -0.66412353515625 -0.4114990234375
-0.0114898681640625 0.00880908966064453 -0.5802001953125 0.25152587890625
0.000335693359374999 0.0107698440551758 -0.180633544921875 0.433258056640625
-0.000151634216308594 0.00538110733032226 0.1693115234375 0.303955078125
0.0112390518188477 0.0104093551635742 0.3194580078125 0.05255126953125
0.0143861770629883 0.00427627563476562 -0.305908203125 -0.08251953125
0.00589609146118164 0.00808191299438477 -0.1221923828125 -0.299285888671875
0.0198249816894531 0.00545883178710938 0.275115966796875 -0.373260498046875
0.00189304351806641 0.0117616653442383 0.6513671875 -0.06951904296875
-0.0432815551757812 -0.0138702392578125 0.505126953125 0.6075439453125
-0.0172042846679687 -0.0558586120605469 -0.0986328124999999 0.86199951171875
0.0248908996582031 0.00278091430664063 -0.419769287109375 0.46209716796875
0.0524711608886719 0.0201683044433594 0.0277538299560547 0.0343704223632813
0.0349273681640625 0.00198554992675781 0.425537109375 -0.502288818359375
0.022186279296875 -0.0295372009277344 -0.02716064453125 -0.88677978515625
-0.009002685546875 -0.017791748046875 -0.6749267578125 -0.39068603515625
-0.0110330581665039 0.00755786895751953 -0.57135009765625 0.26910400390625
0.00311613082885742 0.00822973251342774 -0.17010498046875 0.4400634765625
0.00116276741027832 0.00163257122039795 0.17254638671875 0.30230712890625
0.0110349655151367 0.00995159149169922 0.318756103515625 0.0533447265625
0.0143527984619141 0.00157070159912109 -0.303436279296875 -0.0830078125000001
0.00639677047729492 0.00306940078735352 -0.1204833984375 -0.297027587890625
0.0226516723632813 0.000757217407226563 0.27789306640625 -0.36907958984375
0.005523681640625 0.0111370086669922 0.6507568359375 -0.06109619140625
-0.042816162109375 -0.0116157531738281 0.49859619140625 0.61578369140625
-0.0162696838378906 -0.0577049255371094 -0.10455322265625 0.86700439453125
0.0334720611572266 -0.00396728515625 -0.423583984375 0.46282958984375
0.0644950866699219 0.0134506225585938 0.0256938934326172 0.0344104766845703
0.0426750183105469 -0.00519561767578125 0.418853759765625 -0.503387451171875
0.0232696533203125 -0.0304431915283203 -0.0339355468749999 -0.88372802734375
-0.0086822509765625 -0.0145139694213867 -0.6756591796875 -0.3843994140625
-0.00825977325439453 0.00672769546508789 -0.5703125 0.2742919921875
0.00747823715209961 0.00396347045898437 -0.16876220703125 0.44317626953125
0.00197815895080566 -0.00320839881896973 0.17279052734375 0.302978515625
0.0116548538208008 0.00683498382568359 0.31689453125 0.0548095703125
0.0167875289916992 -0.00261688232421875 -0.303924560546875 -0.082183837890625
0.00778388977050781 -0.00302362442016602 -0.123687744140625 -0.297454833984375
0.0276107788085938 -0.00455474853515625 0.271392822265625 -0.3702392578125
0.00872230529785156 0.0119056701660156 0.6480712890625 -0.06842041015625
-0.0422325134277344 -0.0069732666015625 0.505615234375 0.6077880859375
-0.0150375366210938 -0.0572242736816406 -0.0961914062500001 0.86981201171875
0.0398216247558594 -0.0105781555175781 -0.420867919921875 0.469451904296875
0.074310302734375 0.0069732666015625 0.0202598571777344 0.037750244140625
0.0481758117675781 -0.0111465454101563 0.4222412109375 -0.497711181640625
0.0238571166992188 -0.0298366546630859 -0.0223999023437501 -0.885009765625
-0.00736904144287109 -0.0101957321166992 -0.6715087890625 -0.39215087890625
-0.00510263442993164 0.00490856170654297 -0.57366943359375 0.26837158203125
0.0123434066772461 -0.00109481811523437 -0.176849365234375 0.4427490234375
0.00242328643798828 -0.00935745239257813 0.170013427734375 0.305084228515625
0.0115299224853516 0.00240898132324219 0.317596435546875 0.0556640625
0.0184059143066406 -0.007781982421875 -0.3026123046875 -0.0819091796875
0.00833225250244141 -0.0100698471069336 -0.130645751953125 -0.29681396484375
0.0323352813720703 -0.0100250244140625 0.259735107421875 -0.375030517578125
0.0151519775390625 0.0123519897460938 0.64251708984375 -0.08526611328125
-0.0408821105957031 0.000339508056640619 0.5235595703125 0.59161376953125
-0.0157051086425781 -0.05462646484375 -0.07122802734375 0.86859130859375
0.0435600280761719 -0.0148124694824219 -0.415802001953125 0.481201171875
0.0813446044921875 0.00302886962890625 0.0105819702148438 0.0438499450683594
0.0525970458984375 -0.013946533203125 0.42791748046875 -0.4866943359375
0.0270938873291016 -0.0264835357666016 0.00305175781250005 -0.89093017578125
-0.00502967834472656 -0.00505447387695313 -0.66162109375 -0.41729736328125
-0.000823736190795898 0.00348210334777832 -0.58477783203125 0.25225830078125
0.0178585052490234 -0.00627326965332031 -0.18798828125 0.438262939453125
0.00454139709472656 -0.0158920288085938 0.1617431640625 0.307830810546875
0.0122232437133789 -0.00343036651611328 0.313812255859375 0.059173583984375
0.0179214477539063 -0.00632858276367188 -0.31964111328125 -0.07537841796875
0.00468635559082031 0.00462913513183594 -0.157073974609375 -0.307525634765625
0.0232963562011719 0.0035552978515625 0.2137451171875 -0.42034912109375
0.0092620849609375 0.0164966583251953 0.62249755859375 -0.182373046875
-0.0363235473632813 0.00256729125976562 0.58258056640625 0.4910888671875
-0.0236663818359375 -0.0358123779296875 0.0275878906249999 0.84259033203125
0.0116701126098633 0.0174264907836914 -0.378997802734375 0.509429931640625
0.0276374816894531 0.03118896484375 -0.00113296508789062 0.0617713928222656
0.0193462371826172 0.0221385955810547 0.47686767578125 -0.450408935546875
0.0260848999023438 -0.0110797882080078 0.1146240234375 -0.9134521484375
0.000935554504394532 -0.00942420959472656 -0.61773681640625 -0.5240478515625
-0.00647258758544922 0.00995063781738281 -0.6192626953125 0.169189453125
0.00323677062988281 0.00840187072753906 -0.232635498046875 0.4072265625
9.08076763153076E-05 -6.11767172813416E-05 0.141510009765625 0.307159423828125
0.0131492614746094 0.00127887725830078 0.31402587890625 0.0609130859375
0.015864372253418 -0.00158596038818359 -0.318603515625 -0.07586669921875
0.00529861450195313 0.0117740631103516 -0.1474609375 -0.3057861328125
0.019439697265625 0.00773048400878906 0.2305908203125 -0.40838623046875
0.00482654571533203 0.0150184631347656 0.63372802734375 -0.15234375
-0.0388565063476563 -0.00423431396484376 0.560394287109375 0.52301025390625
-0.0224075317382812 -0.0407485961914063 -0.0125732421875 0.847412109375
0.010650634765625 0.016087532043457 -0.394378662109375 0.493011474609375
0.0286502838134766 0.0310230255126953 0.00901794433593751 0.0527114868164063
0.0199222564697266 0.0199413299560547 0.4661865234375 -0.465484619140625
0.02392578125 -0.0166835784912109 0.0755004882812499 -0.90606689453125
-0.00242233276367188 -0.0143604278564453 -0.63568115234375 -0.48480224609375
-0.00986957550048828 0.00987148284912109 -0.60540771484375 0.19940185546875
0.000432014465332031 0.0109786987304688 -0.21258544921875 0.41680908203125
-3.14712524414064E-05 0.005126953125 0.15472412109375 0.305755615234375
0.0127735137939453 0.00515270233154297 0.31884765625 0.055755615234375
0.0161170959472656 0.00285053253173828 -0.314178466796875 -0.079620361328125
0.00433254241943359 0.0120487213134766 -0.1370849609375 -0.305877685546875
0.0178928375244141 0.00850296020507813 0.2513427734375 -0.398834228515625
0.00173854827880859 0.0145349502563477 0.64349365234375 -0.1192626953125
-0.0417442321777344 -0.00939559936523438 0.542572021484375 0.56011962890625
-0.0223541259765625 -0.0467796325683594 -0.0455322265624999 0.8555908203125
0.013697624206543 0.013941764831543 -0.40374755859375 0.48089599609375
0.0326309204101563 0.0295467376708984 0.0177993774414063 0.0450820922851563
0.0235214233398438 0.0151500701904297 0.449859619140625 -0.482574462890625
0.0230369567871094 -0.0215187072753906 0.031982421875 -0.903076171875
-0.00440216064453125 -0.018463134765625 -0.65423583984375 -0.44732666015625
-0.0119314193725586 0.00899028778076172 -0.5946044921875 0.22698974609375
-0.000367164611816407 0.0121278762817383 -0.1964111328125 0.42596435546875
-0.000718116760253906 0.00662136077880859 0.162353515625 0.305023193359375
0.011993408203125 0.00895118713378906 0.31951904296875 0.05572509765625
0.014286994934082 0.00417137145996094 -0.31268310546875 -0.080291748046875
0.00481128692626953 0.012603759765625 -0.12908935546875 -0.30291748046875
0.0172672271728516 0.00813484191894531 0.26666259765625 -0.385345458984375
0.00130462646484375 0.0122385025024414 0.6485595703125 -0.09002685546875
-0.042572021484375 -0.0136947631835938 0.52032470703125 0.58917236328125
-0.0197982788085937 -0.0516777038574219 -0.0809326171875001 0.86029052734375
0.0183086395263672 0.0085601806640625 -0.415496826171875 0.470306396484375
0.0412483215332031 0.0254898071289063 0.0249900817871094 0.0389289855957031
0.0298500061035156 0.00877189636230469 0.438690185546875 -0.493560791015625
0.0220260620117188 -0.0260829925537109 -0.00207519531249997 -0.8956298828125
-0.00826072692871094 -0.0193061828613281 -0.66864013671875 -0.4134521484375
-0.0113430023193359 0.00821304321289063 -0.58148193359375 0.253173828125
0.000132560729980468 0.0113162994384766 -0.18170166015625 0.434844970703125
-0.000511646270751953 0.00525045394897461 0.171478271484375 0.304046630859375
0.0112571716308594 0.0105924606323242 0.32098388671875 0.052642822265625
0.0134792327880859 0.00405216217041016 -0.308746337890625 -0.0824584960937499
0.00594091415405273 0.00814580917358398 -0.123565673828125 -0.300384521484375
0.0187835693359375 0.0050201416015625 0.27685546875 -0.377227783203125
0.00234031677246094 0.010157585144043 0.65496826171875 -0.0703125
-0.0437850952148438 -0.0129356384277344 0.50897216796875 0.61004638671875
-0.0174903869628906 -0.0553092956542969 -0.10113525390625 0.86669921875
0.0259304046630859 0.00295448303222656 -0.420806884765625 0.4639892578125
0.0530433654785156 0.0191764831542969 0.0273323059082031 0.0352973937988281
0.0353622436523438 0.00199127197265625 0.425384521484375 -0.5059814453125
0.0220928192138672 -0.0290317535400391 -0.0285644531249999 -0.89215087890625
-0.00901412963867188 -0.0174798965454102 -0.6795654296875 -0.391845703125
-0.0102939605712891 0.0079050064086914 -0.57476806640625 0.27020263671875
0.00351333618164062 0.00786161422729492 -0.172332763671875 0.442047119140625
0.000417351722717285 0.00166571140289307 0.17431640625 0.3035888671875
0.0116033554077148 0.0100431442260742 0.320831298828125 0.05322265625
0.0141239166259766 0.00301933288574219 -0.306243896484375 -0.0827331542968751
0.00610637664794922 0.0033726692199707 -0.1221923828125 -0.2987060546875
0.0228233337402344 6.4849853515625E-05 0.280426025390625 -0.3719482421875
0.00605964660644531 0.0102434158325195 0.65435791015625 -0.0623779296875
-0.0434112548828125 -0.0114250183105469 0.50494384765625 0.6192626953125
-0.0163154602050781 -0.0570869445800781 -0.10595703125 0.87091064453125
0.0333156585693359 -0.00422286987304688 -0.42657470703125 0.4654541015625
0.0653266906738281 0.0123214721679687 0.0258007049560547 0.035064697265625
0.0430717468261719 -0.00681304931640625 0.421234130859375 -0.5062255859375
0.0227756500244141 -0.0296592712402344 -0.03375244140625 -0.88885498046875
-0.00872516632080078 -0.0150575637817383 -0.679443359375 -0.38623046875
-0.00779104232788086 0.00615119934082031 -0.57110595703125 0.27655029296875
0.00784683227539063 0.00406551361083984 -0.170013427734375 0.44439697265625
0.000904321670532227 -0.00310182571411133 0.175048828125 0.30487060546875
0.0113325119018555 0.00704860687255859 0.31903076171875 0.0540771484375
0.0165176391601563 -0.00220584869384766 -0.306427001953125 -0.08172607421875
0.00754070281982422 -0.00226545333862305 -0.12591552734375 -0.29766845703125
0.0275382995605469 -0.00488662719726563 0.272857666015625 -0.37322998046875
0.0100231170654297 0.0110864639282227 0.651123046875 -0.06988525390625
-0.04266357421875 -0.006195068359375 0.51019287109375 0.6112060546875
-0.0155906677246094 -0.0575370788574219 -0.0969238281249999 0.87396240234375
0.0393486022949219 -0.0110588073730469 -0.42462158203125 0.472412109375
0.075531005859375 0.00640869140625 0.0192184448242188 0.0383033752441406
0.0482101440429688 -0.0116729736328125 0.422882080078125 -0.501220703125
0.0243644714355469 -0.0298824310302734 -0.02288818359375 -0.89019775390625
-0.00772190093994141 -0.0102729797363281 -0.675048828125 -0.3955078125
-0.00490427017211914 0.00455951690673828 -0.577880859375 0.2708740234375
0.0118274688720703 -0.00108814239501953 -0.176055908203125 0.445587158203125
0.00172138214111328 -0.00978183746337891 0.1717529296875 0.307464599609375
0.0120573043823242 0.00228309631347656 0.318206787109375 0.055908203125
0.0185432434082031 -0.00782012939453125 -0.3055419921875 -0.0818176269531249
0.00747394561767578 -0.0099334716796875 -0.1324462890625 -0.29730224609375
0.0325050354003906 -0.00922012329101563 0.261688232421875 -0.3779296875
0.015009880065918 0.012578010559082 0.645263671875 -0.0875244140625
-0.0415496826171875 0.000656127929687497 0.527099609375 0.59326171875
-0.0162239074707031 -0.0540199279785156 -0.07110595703125 0.87542724609375
0.0434150695800781 -0.0145301818847656 -0.4188232421875 0.485015869140625
0.08245849609375 0.0020904541015625 0.0106620788574219 0.044921875
0.0525741577148438 -0.0152740478515625 0.429901123046875 -0.489105224609375
0.0266704559326172 -0.0270023345947266 0.00280761718749998 -0.89556884765625
-0.00458765029907227 -0.00574398040771484 -0.66510009765625 -0.41961669921875
-0.00138521194458008 0.00303530693054199 -0.5889892578125 0.25341796875
0.0175552368164063 -0.00648784637451172 -0.18914794921875 0.44189453125
0.00445079803466797 -0.0161533355712891 0.163848876953125 0.3087158203125
0.0122146606445313 -0.00317859649658203 0.316436767578125 0.058380126953125
0.0173978805541992 -0.00556087493896484 -0.32232666015625 -0.074432373046875
0.00422954559326172 0.00446844100952149 -0.1605224609375 -0.310089111328125
0.0221481323242188 0.00377464294433594 0.214691162109375 -0.4234619140625
0.00837898254394531 0.0169143676757813 0.62744140625 -0.18597412109375
-0.0367012023925781 0.00315856933593751 0.58880615234375 0.49420166015625
-0.0238113403320312 -0.0357894897460938 0.0281982421875001 0.84759521484375
0.0108861923217773 0.0165128707885742 -0.381072998046875 0.514404296875
0.0274810791015625 0.030029296875 -0.00112533569335937 0.0616607666015625
0.0198211669921875 0.0225925445556641 0.477264404296875 -0.45428466796875
0.0253429412841797 -0.0118160247802734 0.11138916015625 -0.91986083984375
0.000606536865234375 -0.00994968414306641 -0.6224365234375 -0.52557373046875
-0.00667762756347656 0.00920772552490234 -0.62225341796875 0.1724853515625
0.00457191467285156 0.00937366485595703 -0.2314453125 0.410308837890625
1.98185443878174E-06 -0.000174164772033691 0.144134521484375 0.309539794921875
0.0127696990966797 0.00151634216308594 0.317596435546875 0.059295654296875
0.0171194076538086 -0.00193500518798828 -0.322235107421875 -0.0740661621093749
0.00519466400146484 0.0105762481689453 -0.150054931640625 -0.3072509765625
0.0195808410644531 0.00673484802246094 0.23126220703125 -0.412384033203125
0.00426673889160156 0.0156641006469727 0.6356201171875 -0.154296875
-0.039306640625 -0.0040435791015625 0.56646728515625 0.52398681640625
-0.0229988098144531 -0.0402793884277344 -0.01116943359375 0.8516845703125
0.0103635787963867 0.0150995254516602 -0.396087646484375 0.498626708984375
0.0279788970947266 0.0307674407958984 0.00954818725585938 0.0533905029296875
0.0195140838623047 0.0197887420654297 0.467742919921875 -0.469146728515625
0.0244522094726563 -0.0171699523925781 0.07342529296875 -0.9127197265625
-0.00244617462158203 -0.014561653137207 -0.63922119140625 -0.485595703125
-0.00902462005615234 0.00906848907470703 -0.61065673828125 0.2000732421875
0.000160217285156251 0.0109577178955078 -0.2120361328125 0.41961669921875
-0.000590801239013672 0.00536775588989258 0.15716552734375 0.30718994140625
0.0120325088500977 0.00545406341552734 0.32159423828125 0.05364990234375
0.015350341796875 0.00329017639160156 -0.3170166015625 -0.078277587890625
0.00386714935302734 0.0133590698242188 -0.139739990234375 -0.307342529296875
0.0171165466308594 0.00801753997802734 0.25079345703125 -0.401885986328125
0.00142288208007813 0.013519287109375 0.64678955078125 -0.12347412109375
-0.0418357849121094 -0.008697509765625 0.5482177734375 0.562103271484375
-0.0226821899414063 -0.0465812683105469 -0.0456542968750001 0.8616943359375
0.0131473541259766 0.0129928588867187 -0.4061279296875 0.48486328125
0.0328941345214844 0.0285739898681641 0.0177230834960938 0.0453605651855469
0.0235099792480469 0.0146656036376953 0.450927734375 -0.48724365234375
0.0239429473876953 -0.0223789215087891 0.02874755859375 -0.90972900390625
-0.0042572021484375 -0.0180683135986328 -0.66082763671875 -0.44927978515625
-0.011225700378418 0.00889205932617187 -0.5992431640625 0.23095703125
-0.0001220703125 0.0122737884521484 -0.19769287109375 0.430145263671875
-0.0017704963684082 0.00635290145874023 0.16424560546875 0.307098388671875
0.0129451751708984 0.00915908813476563 0.322479248046875 0.05401611328125
0.0144786834716797 0.00479221343994141 -0.314605712890625 -0.0783996582031249
0.00361347198486328 0.0122661590576172 -0.131683349609375 -0.30413818359375
0.0150613784790039 0.008331298828125 0.26715087890625 -0.389739990234375
0.000705718994140625 0.0113744735717773 0.6533203125 -0.09405517578125
-0.042877197265625 -0.0126152038574219 0.52667236328125 0.5904541015625
-0.02032470703125 -0.0511207580566406 -0.0810546874999999 0.8675537109375
0.0186100006103516 0.00877761840820313 -0.41766357421875 0.474395751953125
0.0413246154785156 0.0243988037109375 0.024169921875 0.03912353515625
0.0296344757080078 0.00920295715332031 0.438629150390625 -0.49896240234375
0.0223922729492187 -0.0266799926757812 -0.00262451171875009 -0.90301513671875
-0.00813484191894531 -0.0203056335449219 -0.6732177734375 -0.41412353515625
-0.0119571685791016 0.00816726684570312 -0.5865478515625 0.2557373046875
-0.000111579895019532 0.010894775390625 -0.181121826171875 0.438201904296875
-0.001068115234375 0.0050654411315918 0.173614501953125 0.306549072265625
0.0122480392456055 0.00991153717041016 0.325408935546875 0.0516357421875
0.0150852203369141 0.00469970703125 -0.31109619140625 -0.0804443359375001
0.00451564788818359 0.00921058654785156 -0.1256103515625 -0.30230712890625
0.0183868408203125 0.0048675537109375 0.2769775390625 -0.3809814453125
0.00256633758544922 0.0101156234741211 0.65863037109375 -0.07452392578125
-0.0435905456542969 -0.0135421752929688 0.51361083984375 0.6121826171875
-0.0185356140136719 -0.0554275512695313 -0.1007080078125 0.8739013671875
0.0254001617431641 0.00216293334960938 -0.42523193359375 0.469879150390625
0.0532035827636719 0.0185356140136719 0.0276451110839844 0.0353965759277344
0.0357284545898438 0.001129150390625 0.42742919921875 -0.508636474609375
0.0218925476074219 -0.0308551788330078 -0.03009033203125 -0.89691162109375
-0.00952339172363281 -0.0181541442871094 -0.68341064453125 -0.3939208984375
-0.0102767944335937 0.00678348541259766 -0.5782470703125 0.27276611328125
0.00290966033935547 0.00856351852416992 -0.171478271484375 0.44647216796875
-0.000266194343566895 0.00121545791625977 0.177642822265625 0.3055419921875
0.012603759765625 0.0101423263549805 0.3233642578125 0.05316162109375
0.0157051086425781 0.00274753570556641 -0.3089599609375 -0.08123779296875
0.00597190856933594 0.00367116928100586 -0.124176025390625 -0.299560546875
0.0219211578369141 -4.57763671875E-05 0.27899169921875 -0.3768310546875
0.00599861145019531 0.0100297927856445 0.65936279296875 -0.065185546875
-0.0440177917480469 -0.011138916015625 0.5111083984375 0.62200927734375
-0.0166168212890625 -0.0575904846191406 -0.1068115234375 0.87774658203125
0.0328559875488281 -0.00413894653320313 -0.427703857421875 0.4708251953125
0.0649642944335937 0.011749267578125 0.0262565612792969 0.0357093811035156
0.0432090759277344 -0.00669097900390625 0.422088623046875 -0.5098876953125
0.0221977233886719 -0.0308284759521484 -0.0356445312500001 -0.89691162109375
-0.00906562805175781 -0.0151090621948242 -0.68408203125 -0.38653564453125
-0.00860023498535156 0.00541019439697266 -0.5760498046875 0.28125
0.00638866424560547 0.00433158874511719 -0.170135498046875 0.44854736328125
0.00103139877319336 -0.00326895713806152 0.17657470703125 0.30645751953125
0.012385368347168 0.00700950622558594 0.3223876953125 0.052764892578125
0.0169467926025391 -0.00141620635986328 -0.30859375 -0.08074951171875
0.00642108917236328 -0.00168800354003906 -0.1285400390625 -0.29937744140625
0.0263652801513672 -0.00499916076660156 0.272247314453125 -0.37701416015625
0.0102071762084961 0.0101709365844727 0.6572265625 -0.07196044921875
-0.0426101684570313 -0.00589752197265625 0.51690673828125 0.61395263671875
-0.0163726806640625 -0.0573654174804688 -0.0946044921875 0.880615234375
0.0395050048828125 -0.01123046875 -0.427276611328125 0.477142333984375
0.0748748779296875 0.0052642822265625 0.019134521484375 0.0396614074707031
0.0486030578613281 -0.0135040283203125 0.42529296875 -0.505462646484375
0.0245647430419922 -0.0302257537841797 -0.02520751953125 -0.896728515625
-0.00776004791259766 -0.0108575820922852 -0.68212890625 -0.39727783203125
-0.00506067276000977 0.00375795364379883 -0.581787109375 0.27362060546875
0.0118589401245117 -0.00170326232910156 -0.176513671875 0.449493408203125
0.00170707702636719 -0.00918006896972656 0.174713134765625 0.309326171875
0.0122861862182617 0.00224781036376953 0.321197509765625 0.054351806640625
0.0178604125976563 -0.00804519653320313 -0.308746337890625 -0.081329345703125
0.00729942321777344 -0.0087890625 -0.13525390625 -0.29840087890625
0.0317726135253906 -0.0112953186035156 0.26190185546875 -0.3818359375
0.0154056549072266 0.00995540618896484 0.65020751953125 -0.0894775390625
-0.0414924621582031 0.00178909301757812 0.531982421875 0.59649658203125
-0.0168838500976563 -0.0535392761230469 -0.0698852539062501 0.8802490234375
0.0430183410644531 -0.015167236328125 -0.420928955078125 0.490234375
0.0823822021484375 0.00069427490234375 0.0104751586914063 0.0448989868164063
0.0534400939941406 -0.0162086486816406 0.43292236328125 -0.494354248046875
0.0268154144287109 -0.0274753570556641 0.000122070312499955 -0.90155029296875
-0.00446319580078125 -0.00554656982421875 -0.6705322265625 -0.42059326171875
-0.000777721405029296 0.00349855422973633 -0.59185791015625 0.257568359375
0.0173282623291016 -0.00603485107421875 -0.188018798828125 0.443359375
0.00372982025146484 -0.0162248611450195 0.167266845703125 0.31195068359375
0.0134477615356445 -0.003204345703125 0.318756103515625 0.057708740234375
0.0182418823242188 -0.00503730773925781 -0.32586669921875 -0.072723388671875
0.00351667404174805 0.00632762908935547 -0.163055419921875 -0.30950927734375
0.0220394134521484 0.00219535827636719 0.21221923828125 -0.4281005859375
0.00859737396240234 0.0152511596679688 0.6292724609375 -0.19122314453125
-0.0367546081542969 0.00384521484375 0.595947265625 0.4935302734375
-0.0248565673828125 -0.0350246429443359 0.03240966796875 0.855712890625
0.0104942321777344 0.0171480178833008 -0.381500244140625 0.51971435546875
0.0276699066162109 0.0299530029296875 -0.00172805786132813 0.0629615783691406
0.0195598602294922 0.0226192474365234 0.47882080078125 -0.459228515625
0.0257415771484375 -0.0117168426513672 0.10980224609375 -0.92767333984375
0.00042247772216797 -0.00988578796386719 -0.6285400390625 -0.52581787109375
-0.00576305389404297 0.00888442993164062 -0.627197265625 0.17633056640625
0.00364589691162109 0.00909233093261719 -0.233001708984375 0.413116455078125
-0.000525057315826416 0.000766217708587647 0.147247314453125 0.31103515625
0.0143280029296875 0.00112247467041016 0.32061767578125 0.057769775390625
0.0176486968994141 -0.00158882141113281 -0.3245849609375 -0.0720825195312501
0.00399589538574219 0.0120868682861328 -0.1531982421875 -0.30804443359375
0.0185737609863281 0.00595855712890625 0.2310791015625 -0.416900634765625
0.00386619567871094 0.0149641036987305 0.6400146484375 -0.1585693359375
-0.0401992797851563 -0.00341796875 0.57305908203125 0.526123046875
-0.0247154235839844 -0.0404510498046875 -0.00982666015624999 0.85968017578125
0.0105304718017578 0.0161857604980469 -0.397674560546875 0.504364013671875
0.0282497406005859 0.0296745300292969 0.00827407836914063 0.0544509887695312
0.0207405090332031 0.0196857452392578 0.46929931640625 -0.476226806640625
0.0250205993652344 -0.0179920196533203 0.07135009765625 -0.9202880859375
-0.00248146057128906 -0.0160741806030273 -0.64727783203125 -0.486328125
-0.0088043212890625 0.00922298431396485 -0.61199951171875 0.20501708984375
-8.58306884765621E-05 0.0105295181274414 -0.212249755859375 0.422882080078125
-0.000788211822509766 0.00496864318847656 0.161102294921875 0.309295654296875
0.0131168365478516 0.00517749786376953 0.323944091796875 0.052886962890625
0.0158967971801758 0.00354099273681641 -0.32086181640625 -0.076019287109375
0.00316524505615234 0.0136585235595703 -0.143218994140625 -0.307861328125
0.0167522430419922 0.00768566131591797 0.252349853515625 -0.407440185546875
0.00129604339599609 0.0126533508300781 0.65118408203125 -0.12872314453125
-0.0422439575195312 -0.00856018066406251 0.5555419921875 0.563232421875
-0.0232582092285156 -0.0454635620117187 -0.0416870117187501 0.868408203125
0.0131597518920898 0.0132303237915039 -0.406982421875 0.491363525390625
0.0337905883789063 0.0278129577636719 0.0172309875488281 0.0462150573730469
0.0244960784912109 0.0148563385009766 0.451995849609375 -0.49188232421875
0.0235309600830078 -0.02239990234375 0.0252685546875001 -0.91668701171875
-0.006500244140625 -0.0189056396484375 -0.66650390625 -0.44964599609375
-0.0112419128417969 0.00880527496337891 -0.6021728515625 0.234130859375
-0.00117301940917969 0.0124540328979492 -0.195892333984375 0.43310546875
-0.00206470489501953 0.00669622421264648 0.168548583984375 0.309600830078125
0.0130424499511719 0.00899314880371094 0.324462890625 0.053497314453125
0.0157337188720703 0.00551891326904297 -0.319061279296875 -0.077178955078125
0.00439834594726563 0.0138864517211914 -0.133636474609375 -0.30572509765625
0.0159492492675781 0.00684261322021484 0.266448974609375 -0.393646240234375
0.000452995300292968 0.0109767913818359 0.6595458984375 -0.096923828125
-0.0440597534179688 -0.0123710632324219 0.533447265625 0.591552734375
-0.0209274291992188 -0.0508460998535156 -0.0796508789062501 0.87518310546875
0.0187435150146484 0.00860786437988281 -0.419952392578125 0.479705810546875
0.0421218872070312 0.0237693786621094 0.0241355895996094 0.0392417907714844
0.0296058654785156 0.00768280029296875 0.44061279296875 -0.50421142578125
0.0224704742431641 -0.0280189514160156 -0.00561523437500005 -0.9111328125
-0.00826263427734375 -0.0197811126708984 -0.6802978515625 -0.4150390625
-0.0111207962036133 0.00831222534179688 -0.5888671875 0.26007080078125
-0.00085163116455078 0.0108833312988281 -0.1810302734375 0.441314697265625
-0.00107860565185547 0.00563621520996094 0.17694091796875 0.306304931640625
0.0121526718139648 0.0103168487548828 0.326507568359375 0.050445556640625
0.0148134231567383 0.00597858428955078 -0.31414794921875 -0.0789794921874999
0.00380229949951172 0.00988292694091797 -0.1290283203125 -0.3037109375
0.0174160003662109 0.00435161590576172 0.27777099609375 -0.385101318359375
0.00235652923583984 0.00949001312255859 0.6650390625 -0.07781982421875
-0.0436210632324219 -0.0130805969238281 0.52081298828125 0.61614990234375
-0.0197601318359375 -0.0552864074707031 -0.09765625 0.8829345703125
0.0256633758544922 0.00255966186523437 -0.4278564453125 0.474395751953125
0.053466796875 0.0172271728515625 0.0275840759277344 0.0367164611816406
0.0365638732910156 -0.000274658203125 0.428619384765625 -0.515594482421875
0.0221652984619141 -0.0303077697753906 -0.0338134765625 -0.90582275390625
-0.00978469848632813 -0.0180015563964844 -0.68975830078125 -0.39385986328125
-0.0105094909667969 0.00636196136474609 -0.58123779296875 0.27734375
0.00232696533203125 0.00862932205200195 -0.170989990234375 0.450531005859375
-0.0010533332824707 0.00180435180664063 0.180633544921875 0.30706787109375
0.0127201080322266 0.00986194610595703 0.3267822265625 0.050323486328125
0.0155811309814453 0.00288867950439453 -0.3115234375 -0.079376220703125
0.00469112396240234 0.00450801849365234 -0.12750244140625 -0.301239013671875
0.0211353302001953 -0.000799179077148438 0.279541015625 -0.38018798828125
0.00595664978027344 0.00838661193847656 0.66558837890625 -0.06884765625
-0.0446662902832031 -0.0104331970214844 0.51617431640625 0.62371826171875
-0.0177421569824219 -0.0569953918457031 -0.10321044921875 0.88507080078125
0.0340461730957031 -0.0046539306640625 -0.43035888671875 0.475738525390625
0.0658836364746094 0.00979995727539063 0.0252609252929688 0.0361366271972656
0.0431365966796875 -0.00675582885742188 0.423126220703125 -0.515594482421875
0.0225181579589844 -0.0311241149902344 -0.0401000976562501 -0.9002685546875
-0.00935649871826172 -0.0151853561401367 -0.6912841796875 -0.3870849609375
-0.00806093215942383 0.004669189453125 -0.57861328125 0.2841796875
0.0064845085144043 0.00394439697265625 -0.168670654296875 0.452545166015625
0.000558614730834961 -0.00317072868347168 0.18115234375 0.307586669921875
0.0121641159057617 0.00668811798095703 0.32440185546875 0.05194091796875
0.0167446136474609 -0.00149917602539063 -0.311767578125 -0.080047607421875
0.00576114654541016 -0.000927925109863281 -0.13104248046875 -0.300323486328125
0.0269069671630859 -0.00585556030273438 0.272613525390625 -0.380401611328125
0.00983524322509766 0.00872611999511719 0.6614990234375 -0.0758056640625
-0.0433502197265625 -0.00564575195312499 0.5244140625 0.61712646484375
-0.0175590515136719 -0.0568733215332031 -0.0949707031249999 0.887939453125
0.0394325256347656 -0.010650634765625 -0.4298095703125 0.48126220703125
0.0756149291992188 0.00386810302734375 0.0195045471191406 0.0402603149414063
0.0490493774414062 -0.0142288208007812 0.4254150390625 -0.509796142578125
0.0244598388671875 -0.0312366485595703 -0.0274658203125001 -0.9031982421875
-0.00818252563476563 -0.0114364624023437 -0.68621826171875 -0.396484375
-0.00497817993164063 0.00388145446777344 -0.583984375 0.27783203125
0.0116367340087891 -0.00125694274902344 -0.175689697265625 0.45355224609375
0.00152873992919922 -0.0095834732055664 0.17730712890625 0.31072998046875
0.0126209259033203 0.00207233428955078 0.323944091796875 0.05389404296875
0.0188407897949219 -0.00701141357421875 -0.31207275390625 -0.0792236328125
0.00708818435668945 -0.00844573974609375 -0.13818359375 -0.299560546875
0.0316009521484375 -0.0118026733398438 0.261688232421875 -0.386138916015625
0.0155019760131836 0.010615348815918 0.656005859375 -0.094482421875
-0.0419769287109375 0.0019989013671875 0.541015625 0.5989990234375
-0.0175514221191406 -0.0540199279785156 -0.0686645507812499 0.888916015625
0.0432624816894531 -0.0150260925292969 -0.42236328125 0.494781494140625
0.081939697265625 -0.00012969970703125 0.0102157592773438 0.046478271484375
0.0539131164550781 -0.0169754028320313 0.433074951171875 -0.497222900390625
0.0264511108398438 -0.0282783508300781 -0.00463867187499997 -0.90618896484375
-0.00430774688720703 -0.00605297088623047 -0.6756591796875 -0.42083740234375
-0.000735044479370118 0.00295853614807129 -0.59417724609375 0.26177978515625
0.0171241760253906 -0.00582695007324219 -0.18804931640625 0.447662353515625
0.00318050384521484 -0.0161209106445313 0.1705322265625 0.31256103515625
0.0134763717651367 -0.00371646881103516 0.321929931640625 0.0565185546875
0.0182952880859375 -0.00462913513183594 -0.329559326171875 -0.0705566406250001
0.00331449508666992 0.00638437271118164 -0.1673583984375 -0.31103515625
0.0217571258544922 0.00151252746582031 0.212127685546875 -0.43255615234375
0.00882339477539063 0.014862060546875 0.632568359375 -0.19549560546875
-0.0373992919921875 0.0045928955078125 0.60491943359375 0.4942626953125
-0.0255832672119141 -0.0342063903808594 0.0369873046875 0.86297607421875
0.0102682113647461 0.0165414810180664 -0.38323974609375 0.526763916015625
0.0283126831054688 0.0284175872802734 -0.00167846679687499 0.0645256042480469
0.0201377868652344 0.0212974548339844 0.480987548828125 -0.464874267578125
0.0255527496337891 -0.0119056701660156 0.1058349609375 -0.93701171875
-0.000155448913574219 -0.0103006362915039 -0.63525390625 -0.52825927734375
-0.00587844848632813 0.00918769836425781 -0.63140869140625 0.18243408203125
0.00354242324829102 0.00869607925415039 -0.23199462890625 0.416595458984375
-0.000352382659912109 0.000594139099121094 0.151214599609375 0.31243896484375
0.0147418975830078 0.000463485717773438 0.323394775390625 0.055755615234375
0.0173377990722656 -0.000795364379882813 -0.327789306640625 -0.069793701171875
0.00355434417724609 0.0122842788696289 -0.157470703125 -0.3095703125
0.0180835723876953 0.00527381896972656 0.22998046875 -0.42181396484375
0.00409889221191406 0.0139303207397461 0.64508056640625 -0.16510009765625
-0.0401039123535156 -0.00295639038085937 0.58123779296875 0.52947998046875
-0.0248260498046875 -0.0401153564453125 -0.00378417968750004 0.866455078125
0.0102806091308594 0.01611328125 -0.398468017578125 0.509735107421875
0.0289115905761719 0.0295181274414062 0.0085601806640625 0.05596923828125
0.0211868286132813 0.0189361572265625 0.469329833984375 -0.4810791015625
0.0239849090576172 -0.01806640625 0.06683349609375 -0.92724609375
-0.00288867950439453 -0.0159683227539062 -0.65325927734375 -0.4873046875
-0.00911045074462891 0.00931262969970703 -0.61663818359375 0.2099609375
-0.000367164611816406 0.0109214782714844 -0.213348388671875 0.427703857421875
-0.00129795074462891 0.00510740280151367 0.163970947265625 0.311370849609375
0.0129890441894531 0.00491428375244141 0.327911376953125 0.050689697265625
0.0162172317504883 0.0038299560546875 -0.32489013671875 -0.0740966796874999
0.00290012359619141 0.0146608352661133 -0.146270751953125 -0.3092041015625
0.0162591934204102 0.00710010528564453 0.250640869140625 -0.41192626953125
0.00145530700683594 0.0121946334838867 0.65625 -0.1336669921875
-0.0428466796875 -0.00740814208984375 0.56439208984375 0.5650634765625
-0.0235519409179688 -0.045684814453125 -0.0385742187500001 0.87548828125
0.0133399963378906 0.0131120681762695 -0.408050537109375 0.4991455078125
0.0333023071289063 0.0276756286621094 0.0165481567382813 0.0475959777832031
0.0247669219970703 0.0142230987548828 0.454254150390625 -0.49786376953125
0.0232143402099609 -0.0233173370361328 0.0217895507812501 -0.92449951171875
-0.00540924072265625 -0.0191898345947266 -0.6728515625 -0.4503173828125
-0.0113716125488281 0.00867176055908203 -0.606689453125 0.2398681640625
-0.00127601623535156 0.0122470855712891 -0.194671630859375 0.43682861328125
-0.00278663635253906 0.00676870346069336 0.1715087890625 0.31036376953125
0.0134449005126953 0.00888729095458984 0.32940673828125 0.050689697265625
0.0150775909423828 0.00541782379150391 -0.32196044921875 -0.0754394531250001
0.00241756439208984 0.0143680572509766 -0.13739013671875 -0.305511474609375
0.0155963897705078 0.00645256042480469 0.266082763671875 -0.399169921875
0.000730514526367187 0.0105133056640625 0.66400146484375 -0.10186767578125
-0.0436515808105469 -0.0118865966796875 0.541015625 0.59405517578125
-0.022216796875 -0.0502891540527344 -0.0736083984375 0.8822021484375
0.0180606842041016 0.00835037231445313 -0.421875 0.48663330078125
0.0416336059570313 0.0225028991699219 0.023895263671875 0.0415000915527344
0.030120849609375 0.00822067260742188 0.440765380859375 -0.51092529296875
0.0223731994628906 -0.027740478515625 -0.0107421875000001 -0.91650390625
-0.00840568542480469 -0.0205230712890625 -0.68536376953125 -0.41436767578125
-0.0115165710449219 0.00776767730712891 -0.5926513671875 0.26422119140625
-0.00063037872314453 0.0118799209594727 -0.179443359375 0.446380615234375
-0.00236177444458008 0.00592899322509766 0.1812744140625 0.308624267578125
0.0124931335449219 0.00960731506347656 0.330657958984375 0.048370361328125
0.0159215927124023 0.00642490386962891 -0.3182373046875 -0.0775756835937499
0.00322628021240234 0.0103092193603516 -0.131561279296875 -0.304931640625
0.0171709060668945 0.00417518615722656 0.27728271484375 -0.389739990234375
0.00225925445556641 0.00902366638183594 0.66925048828125 -0.08270263671875
-0.045379638671875 -0.012786865234375 0.52874755859375 0.6180419921875
-0.0200996398925781 -0.0546188354492188 -0.0959472656249999 0.88885498046875
0.0259017944335937 0.00209426879882813 -0.427978515625 0.480987548828125
0.0535430908203125 0.0162010192871094 0.0269126892089844 0.036651611328125
0.0363807678222656 -0.00028228759765625 0.4293212890625 -0.519287109375
0.0219955444335938 -0.0306205749511719 -0.0384521484375 -0.91229248046875
-0.00976943969726563 -0.0185966491699219 -0.6968994140625 -0.39337158203125
-0.0100383758544922 0.00676822662353516 -0.583740234375 0.283447265625
0.00188827514648438 0.00892829895019531 -0.169891357421875 0.45513916015625
-0.00184321403503418 0.00267338752746582 0.18505859375 0.308502197265625
0.0133504867553711 0.00922870635986328 0.32965087890625 0.04888916015625
0.0160655975341797 0.00352859497070312 -0.315277099609375 -0.0782165527343751
0.00444555282592773 0.00554037094116211 -0.13055419921875 -0.302276611328125
0.0210800170898438 -0.00131607055664063 0.278533935546875 -0.3856201171875
0.00550413131713867 0.00789594650268555 0.669189453125 -0.07373046875
-0.0441551208496094 -0.0102043151855469 0.52618408203125 0.62725830078125
-0.0187225341796875 -0.0571212768554688 -0.1014404296875 0.89227294921875
0.0334529876708984 -0.0047149658203125 -0.432098388671875 0.48236083984375
0.06573486328125 0.0096435546875 0.0258598327636719 0.0372276306152344
0.0435371398925781 -0.00812149047851563 0.422821044921875 -0.520965576171875
0.0225982666015625 -0.0317459106445313 -0.04736328125 -0.91131591796875
-0.0100135803222656 -0.015955924987793 -0.69873046875 -0.38690185546875
-0.00769758224487305 0.00505399703979492 -0.58203125 0.29058837890625
0.00654125213623047 0.00422811508178711 -0.1685791015625 0.457366943359375
-0.000267267227172852 -0.00343012809753418 0.185150146484375 0.30975341796875
0.0126247406005859 0.00670146942138672 0.328704833984375 0.05059814453125
0.0181407928466797 -0.000896453857421875 -0.3154296875 -0.07757568359375
0.0053105354309082 -0.000931739807128906 -0.134033203125 -0.30096435546875
0.0259780883789063 -0.00660514831542969 0.272735595703125 -0.38616943359375
0.00965118408203125 0.00807571411132813 0.6654052734375 -0.08233642578125
-0.0433120727539063 -0.00473785400390626 0.53131103515625 0.61932373046875
-0.0181961059570313 -0.0561408996582031 -0.0892333984375001 0.89495849609375
0.0395469665527344 -0.0115966796875 -0.430511474609375 0.489044189453125
0.0755386352539063 0.003021240234375 0.0189247131347656 0.0408668518066406
0.0498199462890625 -0.014556884765625 0.426361083984375 -0.516448974609375
0.0240955352783203 -0.0311222076416016 -0.033203125 -0.91064453125
-0.00774097442626953 -0.012059211730957 -0.6927490234375 -0.39776611328125
-0.0042116641998291 0.00377082824707031 -0.58795166015625 0.2845458984375
0.0113248825073242 -0.00153160095214844 -0.17425537109375 0.457855224609375
0.000449180603027343 -0.00903892517089844 0.18194580078125 0.311767578125
0.0126428604125977 0.00184440612792969 0.327239990234375 0.052398681640625
0.0197734832763672 -0.00655174255371094 -0.31524658203125 -0.0777282714843751
0.00671911239624023 -0.00719594955444336 -0.141998291015625 -0.300933837890625
0.0305976867675781 -0.0115852355957031 0.260650634765625 -0.39111328125
0.0149078369140625 0.00922489166259766 0.65997314453125 -0.0999755859375
-0.0413856506347656 0.00296401977539063 0.54791259765625 0.6004638671875
-0.0180473327636719 -0.0534515380859375 -0.06549072265625 0.898193359375
0.0438423156738281 -0.0157737731933594 -0.424102783203125 0.500732421875
0.0826492309570313 -0.00194549560546875 0.00976562500000001 0.0479393005371094
0.0533561706542969 -0.0181159973144531 0.434356689453125 -0.50445556640625
0.0261917114257812 -0.0289897918701172 -0.00933837890625002 -0.91552734375
-0.00501823425292969 -0.00666284561157226 -0.6844482421875 -0.42095947265625
-0.000452995300292969 0.00137603282928467 -0.599365234375 0.26593017578125
0.0164480209350586 -0.00610256195068359 -0.187652587890625 0.453887939453125
0.00259590148925781 -0.0165433883666992 0.173675537109375 0.314239501953125
0.013824462890625 -0.00426006317138672 0.324981689453125 0.05535888671875
0.0183925628662109 -0.00462722778320313 -0.3323974609375 -0.0676879882812499
0.00214195251464844 0.00801324844360352 -0.17266845703125 -0.311309814453125
0.0220146179199219 0.00111961364746094 0.209228515625 -0.439544677734375
0.0091390609741211 0.0145511627197266 0.63623046875 -0.2037353515625
-0.0378189086914062 0.00519561767578126 0.61248779296875 0.49298095703125
-0.026947021484375 -0.0334968566894531 0.0443115234375 0.8685302734375
0.010380744934082 0.0167503356933594 -0.3841552734375 0.53466796875
0.0282516479492188 0.0277614593505859 -0.002044677734375 0.0654335021972656
0.0203380584716797 0.0211048126220703 0.48089599609375 -0.471160888671875
0.0251941680908203 -0.0122661590576172 0.0987548828125 -0.9442138671875
3.24249267578127E-05 -0.0104494094848633 -0.644287109375 -0.52734375
-0.00532817840576172 0.00793933868408203 -0.635498046875 0.18682861328125
0.00357151031494141 0.00887775421142578 -0.23114013671875 0.42425537109375
-0.0011146068572998 0.000819683074951172 0.1552734375 0.3140869140625
0.015324592590332 0.000738143920898438 0.32635498046875 0.053558349609375
0.0169382095336914 -0.000828742980957031 -0.331085205078125 -0.067230224609375
0.00349044799804688 0.0135583877563477 -0.1610107421875 -0.31048583984375
0.0171051025390625 0.00495624542236328 0.228057861328125 -0.428314208984375
0.00348663330078125 0.0133504867553711 0.64813232421875 -0.17193603515625
-0.0401382446289063 -0.00181961059570312 0.59234619140625 0.52789306640625
-0.0263824462890625 -0.0394935607910156 0.000122070312499976 0.87432861328125
0.0100622177124023 0.0161495208740234 -0.39813232421875 0.51629638671875
0.0290374755859375 0.0274219512939453 0.0079345703125 0.0566215515136719
0.0218696594238281 0.0186500549316406 0.470550537109375 -0.487884521484375
0.0241546630859375 -0.0178127288818359 0.0603637695312501 -0.93597412109375
-0.0025787353515625 -0.0166769027709961 -0.660400390625 -0.48541259765625
-0.00837326049804688 0.00883865356445312 -0.6192626953125 0.215087890625
-0.000768661499023436 0.0116233825683594 -0.211578369140625 0.432525634765625
-0.00268650054931641 0.00510072708129883 0.169158935546875 0.312042236328125
0.0134134292602539 0.00464057922363281 0.33074951171875 0.048004150390625
0.0165891647338867 0.00444507598876953 -0.328094482421875 -0.071807861328125
0.00213909149169922 0.0156698226928711 -0.1497802734375 -0.30877685546875
0.0155744552612305 0.00663375854492188 0.24884033203125 -0.41796875
0.00157356262207031 0.011199951171875 0.66021728515625 -0.14068603515625
-0.0432472229003906 -0.00742721557617187 0.5728759765625 0.5657958984375
-0.0253219604492188 -0.0447463989257813 -0.0327148437499999 0.88140869140625
0.0129232406616211 0.0133485794067383 -0.408294677734375 0.5048828125
0.0335216522216797 0.0258884429931641 0.0174827575683594 0.0492401123046875
0.0248222351074219 0.0135326385498047 0.452850341796875 -0.5032958984375
0.0227642059326172 -0.0236663818359375 0.0138549804687499 -0.9315185546875
-0.00581932067871093 -0.0191822052001953 -0.68157958984375 -0.44775390625
-0.011479377746582 0.00798892974853515 -0.60980224609375 0.24609375
-0.00141620635986328 0.0126209259033203 -0.19134521484375 0.443084716796875
-0.00338125228881836 0.00686073303222656 0.176971435546875 0.311431884765625
0.013676643371582 0.00908184051513672 0.33062744140625 0.048248291015625
0.0164709091186523 0.00593090057373047 -0.3255615234375 -0.0730285644531249
0.0027151107788086 0.0147294998168945 -0.14208984375 -0.30694580078125
0.0143871307373047 0.00632762908935547 0.265228271484375 -0.40423583984375
0.000163078308105468 0.00980758666992188 0.6669921875 -0.1094970703125
-0.0447044372558594 -0.0118255615234375 0.5511474609375 0.594970703125
-0.0231666564941406 -0.0497512817382813 -0.0698852539062501 0.88958740234375
0.0181083679199219 0.00849151611328125 -0.42193603515625 0.492431640625
0.0421485900878906 0.0221023559570313 0.024139404296875 0.0412559509277344
0.0303974151611328 0.00687599182128906 0.440093994140625 -0.517059326171875
0.0217723846435547 -0.0277271270751953 -0.0194091796875001 -0.92376708984375
-0.00813865661621094 -0.0203609466552734 -0.6929931640625 -0.41326904296875
-0.0113182067871094 0.008056640625 -0.59466552734375 0.27166748046875
5.24520874023431E-05 0.0123472213745117 -0.17779541015625 0.45135498046875
-0.00249338150024414 0.00636720657348633 0.184967041015625 0.31005859375
0.0136194229125977 0.009552001953125 0.333709716796875 0.045379638671875
0.016077995300293 0.00658798217773438 -0.32135009765625 -0.074981689453125
0.00258541107177734 0.0120477676391602 -0.135589599609375 -0.30499267578125
0.0168466567993164 0.00295734405517578 0.2757568359375 -0.3953857421875
0.00207328796386719 0.00781059265136719 0.67352294921875 -0.088623046875
-0.0452728271484375 -0.0118064880371094 0.5389404296875 0.61810302734375
-0.0208015441894531 -0.0543861389160156 -0.0887451171875 0.89703369140625
0.0256385803222656 0.00157546997070313 -0.428558349609375 0.48736572265625
0.0546455383300781 0.0158195495605469 0.0270919799804688 0.0379371643066406
0.0369796752929688 -0.001373291015625 0.428741455078125 -0.52593994140625
0.0215301513671875 -0.0314464569091797 -0.0452270507812501 -0.91937255859375
-0.0107059478759766 -0.0188522338867188 -0.70489501953125 -0.3907470703125
-0.0106601715087891 0.00625419616699219 -0.58514404296875 0.28961181640625
0.00193691253662109 0.00916385650634765 -0.167510986328125 0.45928955078125
-0.00173544883728027 0.00267148017883301 0.18951416015625 0.309417724609375
0.0133438110351563 0.00964736938476563 0.331939697265625 0.0460205078125
0.0167255401611328 0.00407218933105469 -0.31878662109375 -0.0754089355468751
0.00365877151489258 0.00613832473754883 -0.13470458984375 -0.30255126953125
0.0201988220214844 -0.00144767761230469 0.278839111328125 -0.390106201171875
0.00495767593383789 0.00744056701660156 0.67559814453125 -0.0816650390625
-0.045074462890625 -0.00940704345703125 0.5357666015625 0.6285400390625
-0.0196418762207031 -0.0569305419921875 -0.0948486328124999 0.90203857421875
0.033294677734375 -0.00552749633789062 -0.431915283203125 0.489776611328125
0.0651092529296875 0.00860977172851563 0.0250129699707031 0.0379486083984375
0.0432395935058594 -0.00974655151367188 0.423004150390625 -0.528411865234375
0.0224704742431641 -0.0324993133544922 -0.0532226562499999 -0.91552734375
-0.01043701171875 -0.0154504776000977 -0.7054443359375 -0.3858642578125
-0.00842809677124023 0.00451469421386719 -0.584228515625 0.2958984375
0.00608587265014648 0.00408077239990234 -0.165557861328125 0.46197509765625
-0.000718116760253907 -0.00311398506164551 0.189422607421875 0.310302734375
0.0131626129150391 0.00700759887695313 0.3316650390625 0.04754638671875
0.0183734893798828 -0.000402450561523438 -0.318328857421875 -0.074951171875
0.00493383407592773 -0.000209331512451172 -0.138763427734375 -0.301849365234375
0.0249881744384766 -0.00700569152832031 0.2730712890625 -0.391021728515625
0.00996017456054688 0.00762939453125 0.67059326171875 -0.0872802734375
-0.0439491271972656 -0.00455856323242188 0.54193115234375 0.61834716796875
-0.0190353393554688 -0.0561943054199219 -0.08477783203125 0.90203857421875
0.0393295288085938 -0.01153564453125 -0.429779052734375 0.496368408203125
0.07586669921875 0.00106048583984375 0.0186958312988281 0.04205322265625
0.0498466491699219 -0.0159988403320313 0.426239013671875 -0.5213623046875
0.0235748291015625 -0.0328502655029297 -0.0411987304687501 -0.91839599609375
-0.00820446014404297 -0.0115032196044922 -0.701171875 -0.3961181640625
-0.00448131561279297 0.00282716751098633 -0.58953857421875 0.28997802734375
0.0111103057861328 -0.00158977508544922 -0.17218017578125 0.462249755859375
2.86102294921876E-05 -0.009185791015625 0.18658447265625 0.31231689453125
0.0138177871704102 0.00210952758789062 0.33074951171875 0.04931640625
0.0195770263671875 -0.00596046447753906 -0.31829833984375 -0.073974609375
0.00545883178710938 -0.00657749176025391 -0.1458740234375 -0.30047607421875
0.0304431915283203 -0.0126209259033203 0.26129150390625 -0.39617919921875
0.0155420303344727 0.00848102569580078 0.66485595703125 -0.10638427734375
-0.0418052673339844 0.00285720825195313 0.55682373046875 0.6025390625
-0.0194625854492188 -0.0535087585449219 -0.0592041015625001 0.90362548828125
0.0433998107910156 -0.0163650512695313 -0.424041748046875 0.508514404296875
0.0825653076171875 -0.00363922119140625 0.0102081298828125 0.0483932495117188
0.0535774230957031 -0.018280029296875 0.433349609375 -0.51171875
0.0264320373535156 -0.0295314788818359 -0.01751708984375 -0.92303466796875
-0.00441455841064453 -0.00663137435913086 -0.69189453125 -0.419921875
-0.000448822975158691 0.00134527683258057 -0.5999755859375 0.27362060546875
0.0160589218139648 -0.00672054290771484 -0.1865234375 0.4588623046875
0.00164699554443359 -0.0151767730712891 0.17889404296875 0.3154296875
0.0140247344970703 -0.00430202484130859 0.327911376953125 0.052398681640625
0.0184764862060547 -0.00436592102050781 -0.335662841796875 -0.0643615722656249
0.00175571441650391 0.00836896896362305 -0.1766357421875 -0.310577392578125
0.0210762023925781 0.000761032104492188 0.206298828125 -0.444183349609375
0.00912380218505859 0.0135231018066406 0.63995361328125 -0.21173095703125
-0.0376052856445313 0.00618362426757813 0.62335205078125 0.490234375
-0.02783203125 -0.032440185546875 0.0521240234375001 0.875
0.0114402770996094 0.0166730880737305 -0.3802490234375 0.5416259765625
0.0278453826904297 0.0272483825683594 -0.00172805786132812 0.0661773681640625
0.0197238922119141 0.0203685760498047 0.47930908203125 -0.477691650390625
0.02508544921875 -0.0126495361328125 0.0920410156249999 -0.95074462890625
-5.72204589843758E-05 -0.0108175277709961 -0.652587890625 -0.52423095703125
-0.00585746765136719 0.00804281234741211 -0.6365966796875 0.1943359375
0.00311088562011719 0.00896263122558594 -0.22796630859375 0.427276611328125
-0.00130891799926758 0.00159168243408203 0.1607666015625 0.314544677734375
0.0146589279174805 1.81198120117188E-05 0.3302001953125 0.050567626953125
0.0171728134155273 -0.00012969970703125 -0.334564208984375 -0.063751220703125
0.00287723541259766 0.0146074295043945 -0.166168212890625 -0.309600830078125
0.0173845291137695 0.00453662872314453 0.22515869140625 -0.432342529296875
0.00395584106445312 0.0125532150268555 0.651123046875 -0.17913818359375
-0.0406570434570313 -0.00117492675781249 0.59979248046875 0.524658203125
-0.0273780822753906 -0.0384597778320313 0.00811767578125006 0.8798828125
0.00995063781738281 0.0159997940063477 -0.396392822265625 0.525909423828125
0.0283222198486328 0.027557373046875 0.00794219970703125 0.0576362609863281
0.0212459564208984 0.0181694030761719 0.46820068359375 -0.4945068359375
0.02349853515625 -0.019012451171875 0.0527954101562501 -0.94171142578125
-0.00312614440917969 -0.0160675048828125 -0.66937255859375 -0.48370361328125
-0.00824546813964844 0.00796937942504883 -0.62109375 0.223388671875
-0.000951766967773438 0.0112714767456055 -0.2083740234375 0.4378662109375
-0.00256490707397461 0.00584125518798828 0.17437744140625 0.312347412109375
0.0136804580688477 0.00436592102050781 0.333404541015625 0.044525146484375
0.0175056457519531 0.004119873046875 -0.330902099609375 -0.0684814453124999
0.00235176086425781 0.016265869140625 -0.154510498046875 -0.30950927734375
0.0151882171630859 0.00701236724853516 0.2469482421875 -0.42333984375
0.00135517120361328 0.010075569152832 0.6624755859375 -0.1484375
-0.0434150695800781 -0.00662612915039062 0.582275390625 0.563720703125
-0.0258941650390625 -0.0441551208496094 -0.02545166015625 0.8895263671875
0.0128326416015625 0.0130538940429688 -0.40704345703125 0.5125732421875
0.0335426330566406 0.0254135131835938 0.0173759460449219 0.0491218566894531
0.0253810882568359 0.0134983062744141 0.450469970703125 -0.51104736328125
0.0232486724853516 -0.0240383148193359 0.0056152343750001 -0.93817138671875
-0.00646209716796875 -0.0195770263671875 -0.689697265625 -0.4449462890625
-0.0113821029663086 0.0077981948852539 -0.610107421875 0.25531005859375
-0.0016937255859375 0.013031005859375 -0.19000244140625 0.446563720703125
-0.00311040878295898 0.00714969635009766 0.18157958984375 0.312042236328125
0.0144109725952148 0.00795078277587891 0.334747314453125 0.0447998046875
0.0158510208129883 0.00674724578857422 -0.329010009765625 -0.06964111328125
0.00257778167724609 0.016575813293457 -0.145477294921875 -0.30682373046875
0.0141696929931641 0.00579547882080078 0.2618408203125 -0.410430908203125
0.0003662109375 0.0080723762512207 0.67034912109375 -0.11712646484375
-0.0448074340820313 -0.0100936889648438 0.56201171875 0.59405517578125
-0.0243110656738281 -0.0497627258300781 -0.06195068359375 0.895751953125
0.0183944702148438 0.00860786437988281 -0.4205322265625 0.501068115234375
0.0426788330078125 0.0206031799316406 0.0239906311035156 0.0426406860351563
0.0300121307373047 0.00632286071777344 0.438934326171875 -0.5244140625
0.0212745666503906 -0.0291385650634766 -0.0255126953125 -0.92919921875
-0.00896072387695313 -0.0202445983886719 -0.70123291015625 -0.4095458984375
-0.0117616653442383 0.00714588165283203 -0.5960693359375 0.27923583984375
-3.71932983398443E-05 0.0120916366577148 -0.173797607421875 0.454864501953125
-0.00258731842041016 0.00617790222167969 0.19012451171875 0.309967041015625
0.0142040252685547 0.00921630859375 0.336578369140625 0.041900634765625
0.0159969329833984 0.00699043273925781 -0.32464599609375 -0.07220458984375
0.00305080413818359 0.0120677947998047 -0.140899658203125 -0.3043212890625
0.0166463851928711 0.00286293029785156 0.274169921875 -0.400115966796875
0.0018620491027832 0.00696229934692383 0.67694091796875 -0.09674072265625
-0.0451774597167969 -0.011199951171875 0.5491943359375 0.6162109375
-0.022064208984375 -0.0537376403808594 -0.0839233398437501 0.9027099609375
0.025238037109375 0.0021820068359375 -0.427093505859375 0.495819091796875
0.0541496276855469 0.0139846801757812 0.0266494750976563 0.0389022827148438
0.037445068359375 -0.0009918212890625 0.4266357421875 -0.534210205078125
0.0215263366699219 -0.0319156646728516 -0.0572509765625001 -0.925048828125
-0.01043701171875 -0.0191726684570313 -0.7120361328125 -0.3870849609375
-0.0101099014282227 0.00575637817382813 -0.58624267578125 0.29644775390625
0.00164890289306641 0.00948524475097656 -0.164459228515625 0.46392822265625
-0.0023033618927002 0.00279855728149414 0.19403076171875 0.30987548828125
0.0138645172119141 0.00967693328857422 0.335235595703125 0.042083740234375
0.0172910690307617 0.00449275970458984 -0.321563720703125 -0.072540283203125
0.00414466857910156 0.0068202018737793 -0.138702392578125 -0.302703857421875
0.0196056365966797 -0.00179672241210937 0.276885986328125 -0.397674560546875
0.00532150268554688 0.00662660598754883 0.67822265625 -0.089111328125
-0.0455818176269531 -0.00885772705078124 0.54547119140625 0.6275634765625
-0.020050048828125 -0.0557022094726563 -0.0885620117187501 0.90728759765625
0.0335445404052734 -0.00498008728027344 -0.43133544921875 0.496917724609375
0.065704345703125 0.00705718994140625 0.0256996154785156 0.0387153625488281
0.0435295104980469 -0.00965118408203125 0.420562744140625 -0.5350341796875
0.0220184326171875 -0.0336894989013672 -0.0624999999999999 -0.92279052734375
-0.00968265533447265 -0.0161170959472656 -0.71435546875 -0.37982177734375
-0.00809717178344727 0.00456333160400391 -0.58489990234375 0.30364990234375
0.0060420036315918 0.00509357452392578 -0.161224365234375 0.46600341796875
-0.00159811973571777 -0.00293397903442383 0.194183349609375 0.31036376953125
0.0139551162719727 0.00661182403564453 0.33404541015625 0.044342041015625
0.0187606811523438 -0.000150680541992188 -0.322265625 -0.0726318359375
0.00435876846313477 0.000812530517578125 -0.14312744140625 -0.301666259765625
0.0244960784912109 -0.00763702392578125 0.269775390625 -0.39617919921875
0.00990962982177734 0.00605297088623047 0.674072265625 -0.09661865234375
-0.0444297790527344 -0.003082275390625 0.5509033203125 0.6187744140625
-0.0197486877441406 -0.056121826171875 -0.0768432617187499 0.90985107421875
0.040069580078125 -0.0120811462402344 -0.428497314453125 0.504241943359375
0.0758438110351563 0 0.0195236206054688 0.0427436828613281
0.0502471923828125 -0.0162620544433594 0.422760009765625 -0.52825927734375
0.0235366821289063 -0.0330619812011719 -0.0495605468750001 -0.92327880859375
-0.00863933563232422 -0.0118980407714844 -0.7100830078125 -0.39202880859375
-0.00516796112060547 0.00294017791748047 -0.59014892578125 0.297607421875
0.0107336044311523 -0.000844955444335938 -0.168914794921875 0.46636962890625
-0.0004730224609375 -0.00853347778320312 0.19061279296875 0.313262939453125
0.0137319564819336 0.00129985809326172 0.333282470703125 0.046630859375
0.0206661224365234 -0.005859375 -0.32196044921875 -0.071258544921875
0.00557279586791992 -0.00592231750488281 -0.149688720703125 -0.30023193359375
0.029510498046875 -0.0137367248535156 0.25787353515625 -0.4014892578125
0.0148591995239258 0.00701045989990234 0.66668701171875 -0.11370849609375
-0.0423622131347656 0.00440597534179687 0.568115234375 0.59979248046875
-0.0198745727539063 -0.0523185729980469 -0.0513305664062499 0.91046142578125
0.0434455871582031 -0.0161514282226563 -0.420989990234375 0.516632080078125
0.0828018188476563 -0.00484466552734375 0.0105361938476563 0.0495719909667969
0.0535774230957031 -0.0201797485351563 0.432281494140625 -0.516143798828125
0.0256710052490234 -0.0304546356201172 -0.0235595703124999 -0.92901611328125
-0.00477457046508789 -0.00701379776000976 -0.70184326171875 -0.4161376953125
-0.000226378440856934 0.000903725624084473 -0.60137939453125 0.28045654296875
0.0163116455078125 -0.00602054595947266 -0.18377685546875 0.461273193359375
0.00139522552490235 -0.0161123275756836 0.18389892578125 0.31597900390625
0.0146684646606445 -0.004180908203125 0.330413818359375 0.04931640625
0.0189151763916016 -0.00423240661621094 -0.3380126953125 -0.0600280761718751
0.00192546844482422 0.00903034210205078 -0.18231201171875 -0.310028076171875
0.0197277069091797 5.91278076171875E-05 0.203216552734375 -0.44842529296875
0.00854587554931641 0.0122976303100586 0.640625 -0.2205810546875
-0.037689208984375 0.00709152221679688 0.63232421875 0.4869384765625
-0.0280189514160156 -0.0324592590332031 0.06005859375 0.87811279296875
0.0111379623413086 0.0164909362792969 -0.37884521484375 0.548797607421875
0.0279521942138672 0.0260658264160156 -0.0014495849609375 0.0676155090332031
0.0205821990966797 0.0197181701660156 0.476715087890625 -0.484344482421875
0.0247592926025391 -0.0135517120361328 0.08087158203125 -0.95770263671875
-0.000107765197753906 -0.0109062194824219 -0.66143798828125 -0.52301025390625
-0.00490856170654297 0.00745582580566406 -0.63763427734375 0.20172119140625
0.00296592712402344 0.00945854187011719 -0.224822998046875 0.43170166015625
-0.00175464153289795 0.00202333927154541 0.165313720703125 0.31451416015625
0.01495361328125 -0.000226974487304688 0.33233642578125 0.04681396484375
0.0180015563964844 3.4332275390625E-05 -0.337158203125 -0.0592956542968749
0.00217819213867187 0.015294075012207 -0.1715087890625 -0.309295654296875
0.0168428421020508 0.00478363037109375 0.220977783203125 -0.436279296875
0.00366878509521484 0.0123281478881836 0.65313720703125 -0.18798828125
-0.0410537719726563 0.000495910644531253 0.61016845703125 0.52117919921875
-0.0282211303710938 -0.0381622314453125 0.0184326171875 0.884033203125
0.0105419158935547 0.0167226791381836 -0.3929443359375 0.532501220703125
0.0287418365478516 0.0266685485839844 0.00812911987304688 0.0590553283691406
0.0211658477783203 0.0175132751464844 0.4669189453125 -0.500213623046875
0.0238819122314453 -0.0194320678710938 0.0435791015625001 -0.94744873046875
-0.00353336334228516 -0.0165977478027344 -0.67840576171875 -0.479248046875
-0.00876379013061523 0.00733041763305664 -0.62255859375 0.231201171875
-0.00178432464599609 0.0117673873901367 -0.20574951171875 0.440673828125
-0.00333166122436523 0.00621223449707031 0.17889404296875 0.31182861328125
0.0131616592407227 0.00407695770263672 0.33599853515625 0.040496826171875
0.0177650451660156 0.00507736206054688 -0.334381103515625 -0.0639343261718749
0.00248908996582031 0.0176563262939453 -0.159820556640625 -0.308868408203125
0.0143489837646484 0.00558662414550781 0.24261474609375 -0.4287109375
0.000809669494628907 0.00977706909179687 0.6658935546875 -0.15625
-0.0436248779296875 -0.00505828857421876 0.59234619140625 0.559326171875
-0.0268630981445313 -0.04327392578125 -0.0155029296875001 0.8939208984375
0.0128583908081055 0.01373291015625 -0.405242919921875 0.519927978515625
0.0338764190673828 0.0241146087646484 0.0180244445800781 0.0499725341796875
0.0253067016601563 0.0127296447753906 0.447265625 -0.517059326171875
0.0225563049316406 -0.0245933532714844 -0.00396728515625001 -0.9432373046875
-0.00720596313476563 -0.0196914672851563 -0.69769287109375 -0.4417724609375
-0.0109653472900391 0.00774097442626953 -0.61004638671875 0.26263427734375
-0.00122833251953125 0.0132255554199219 -0.188018798828125 0.451446533203125
-0.00323486328125 0.00809860229492188 0.186737060546875 0.310455322265625
0.0154438018798828 0.00825023651123047 0.33685302734375 0.04052734375
0.0171022415161133 0.00667476654052734 -0.33197021484375 -0.0655822753906251
0.00230121612548828 0.0161371231079102 -0.150970458984375 -0.30694580078125
0.0140151977539063 0.00558662414550781 0.260162353515625 -0.41632080078125
-0.000217914581298828 0.00785303115844727 0.67425537109375 -0.1253662109375
-0.0454902648925781 -0.010009765625 0.572509765625 0.59100341796875
-0.0245018005371094 -0.0490951538085938 -0.0546875 0.9034423828125
0.0181980133056641 0.009063720703125 -0.41741943359375 0.5079345703125
0.0423316955566406 0.0200157165527344 0.0246925354003906 0.0435829162597656
0.0305461883544922 0.00495719909667969 0.435760498046875 -0.530975341796875
0.0214481353759766 -0.0295734405517578 -0.0379638671875 -0.934814453125
-0.00936508178710938 -0.0208587646484375 -0.709716796875 -0.40478515625
-0.0117025375366211 0.0068511962890625 -0.5963134765625 0.2872314453125
-0.000922203063964843 0.0127716064453125 -0.170989990234375 0.460479736328125
-0.00287151336669922 0.00663995742797852 0.1954345703125 0.3092041015625
0.0142927169799805 0.0096883773803711 0.3377685546875 0.037994384765625
0.0168476104736328 0.00734329223632813 -0.327911376953125 -0.0676879882812499
0.00284290313720703 0.013275146484375 -0.14508056640625 -0.3040771484375
0.0155010223388672 0.00261306762695312 0.270294189453125 -0.40679931640625
0.00147867202758789 0.00645971298217773 0.680419921875 -0.10614013671875
-0.0465316772460938 -0.00993347167968751 0.55963134765625 0.61456298828125
-0.0224723815917969 -0.0532989501953125 -0.0753173828125 0.90936279296875
0.0254650115966797 0.00185966491699219 -0.425384521484375 0.5042724609375
0.0535850524902344 0.01263427734375 0.027313232421875 0.0397453308105469
0.0375556945800781 -0.00261688232421875 0.423065185546875 -0.54052734375
0.0211544036865234 -0.0325412750244141 -0.064697265625 -0.93035888671875
-0.0107936859130859 -0.0190505981445312 -0.72003173828125 -0.382568359375
-0.0101823806762695 0.00588703155517578 -0.58770751953125 0.30450439453125
0.00200271606445313 0.00980949401855469 -0.159912109375 0.467193603515625
-0.00280547142028809 0.00279641151428223 0.200042724609375 0.308868408203125
0.0147199630737305 0.00874614715576172 0.33782958984375 0.039154052734375
0.0177536010742188 0.00559806823730469 -0.32586669921875 -0.0685119628906249
0.00330066680908203 0.00855302810668945 -0.1441650390625 -0.30206298828125
0.0188751220703125 -0.00245475769042969 0.273895263671875 -0.402008056640625
0.00500583648681641 0.00575542449951172 0.68121337890625 -0.09674072265625
-0.0458259582519531 -0.00843811035156249 0.55511474609375 0.62359619140625
-0.0209732055664063 -0.0557861328125 -0.0789794921874999 0.914306640625
0.0341720581054688 -0.00554656982421875 -0.427032470703125 0.5045166015625
0.0657730102539063 0.00539016723632813 0.0255661010742188 0.0393028259277344
0.0436325073242188 -0.0109939575195313 0.418426513671875 -0.54034423828125
0.0212516784667969 -0.0338344573974609 -0.07183837890625 -0.92523193359375
-0.0104532241821289 -0.0165309906005859 -0.72119140625 -0.37445068359375
-0.00818490982055664 0.00352859497070313 -0.5858154296875 0.312255859375
0.00592803955078125 0.00452852249145508 -0.15740966796875 0.46929931640625
-0.00221538543701172 -0.00246191024780273 0.20013427734375 0.31024169921875
0.0144033432006836 0.00563716888427734 0.33642578125 0.0408935546875
0.0196781158447266 0.000270843505859375 -0.32501220703125 -0.06854248046875
0.00473356246948242 0.00231170654296875 -0.147430419921875 -0.30120849609375
0.0243301391601562 -0.00807380676269531 0.267608642578125 -0.402130126953125
0.00919628143310547 0.00581645965576172 0.67779541015625 -0.10400390625
-0.0447463989257813 -0.00234603881835938 0.56280517578125 0.614990234375
-0.0209197998046875 -0.0548133850097656 -0.06817626953125 0.916015625
0.0403289794921875 -0.0121116638183594 -0.425567626953125 0.51171875
0.075714111328125 -0.0016937255859375 0.0193290710449219 0.0436134338378906
0.0494461059570313 -0.0184440612792969 0.420379638671875 -0.53521728515625
0.0235576629638672 -0.0344276428222656 -0.0584716796875001 -0.9281005859375
-0.00831127166748047 -0.0124673843383789 -0.71826171875 -0.3857421875
-0.00462532043457031 0.00192499160766601 -0.5902099609375 0.30487060546875
0.0103244781494141 -0.000936508178710938 -0.166168212890625 0.470794677734375
-0.00142860412597656 -0.00862407684326172 0.197296142578125 0.312286376953125
0.0139474868774414 0.000702857971191406 0.335601806640625 0.04180908203125
0.0206642150878906 -0.00549697875976563 -0.324981689453125 -0.067047119140625
0.00537919998168945 -0.0048675537109375 -0.154510498046875 -0.30029296875
0.0285987854003906 -0.01483154296875 0.255584716796875 -0.406982421875
0.0144901275634766 0.00614166259765625 0.67059326171875 -0.1217041015625
-0.0420265197753906 0.00518798828125 0.57867431640625 0.597412109375
-0.0208702087402344 -0.0516433715820313 -0.04388427734375 0.9161376953125
0.0436935424804688 -0.0164299011230469 -0.4188232421875 0.5252685546875
0.0825347900390625 -0.0068511962890625 0.0100860595703125 0.049896240234375
0.0539283752441406 -0.0216789245605469 0.427764892578125 -0.5235595703125
0.0257930755615234 -0.0308399200439453 -0.0335693359374999 -0.93414306640625
-0.00517559051513672 -0.00672435760498047 -0.70806884765625 -0.41119384765625
-0.00125467777252197 0.000874996185302734 -0.60260009765625 0.289306640625
0.0165853500366211 -0.00630855560302734 -0.178070068359375 0.466278076171875
0.000145912170410155 -0.0151576995849609 0.1888427734375 0.314483642578125
0.0147666931152344 -0.00502204895019531 0.332794189453125 0.0458984375
0.0196685791015625 -0.00298881530761719 -0.34210205078125 -0.055084228515625
0.00198078155517578 0.0110225677490234 -0.18780517578125 -0.308074951171875
0.0202350616455078 -0.0001373291015625 0.19775390625 -0.454010009765625
0.00824260711669922 0.0119752883911133 0.6407470703125 -0.2281494140625
-0.0382041931152344 0.00899887084960937 0.64093017578125 0.48089599609375
-0.0290298461914062 -0.0315284729003906 0.07098388671875 0.882080078125
0.0109214782714844 0.016326904296875 -0.372833251953125 0.5555419921875
0.0283527374267578 0.0251369476318359 -0.000839233398437493 0.0691070556640625
0.0200958251953125 0.0199832916259766 0.473419189453125 -0.489990234375
0.02545166015625 -0.0139598846435547 0.0725708007812499 -0.96295166015625
0.000183105468750001 -0.0109443664550781 -0.67041015625 -0.51605224609375
-0.00520610809326172 0.00666332244873047 -0.63958740234375 0.21087646484375
0.00275611877441406 0.00914764404296875 -0.221710205078125 0.437744140625
-0.00311446189880371 0.00155472755432129 0.171295166015625 0.3135986328125
0.0152797698974609 -0.000368118286132812 0.333953857421875 0.042205810546875
0.0184555053710938 0.0008392333984375 -0.340118408203125 -0.0549011230468751
0.00211715698242187 0.0159912109375 -0.176239013671875 -0.308258056640625
0.0160188674926758 0.00397014617919922 0.216705322265625 -0.442230224609375
0.00283527374267578 0.0106163024902344 0.6529541015625 -0.19647216796875
-0.0413665771484375 8.0108642578121E-05 0.61859130859375 0.51556396484375
-0.0284996032714844 -0.0369110107421875 0.0286865234375 0.88690185546875
0.00999927520751953 0.0165634155273437 -0.3897705078125 0.541473388671875
0.0288677215576172 0.025146484375 0.00882339477539063 0.0598373413085938
0.0213565826416016 0.0171451568603516 0.461700439453125 -0.50787353515625
0.0232067108154297 -0.0195331573486328 0.03240966796875 -0.95123291015625
-0.00389766693115234 -0.0174703598022461 -0.68511962890625 -0.4747314453125
-0.00863218307495117 0.00773096084594726 -0.62188720703125 0.2406005859375
-0.00166225433349609 0.0127582550048828 -0.199981689453125 0.4454345703125
-0.00403547286987305 0.00695562362670899 0.184783935546875 0.309967041015625
0.0143318176269531 0.00360012054443359 0.337738037109375 0.0360107421875
0.017552375793457 0.00520896911621094 -0.33697509765625 -0.059478759765625
0.00171470642089844 0.0184211730957031 -0.164886474609375 -0.307769775390625
0.014094352722168 0.00549602508544922 0.238616943359375 -0.4339599609375
0.000719070434570313 0.0091400146484375 0.66558837890625 -0.16558837890625
-0.043548583984375 -0.004638671875 0.602783203125 0.55291748046875
-0.0284881591796875 -0.0425262451171875 -0.00646972656250004 0.89910888671875
0.0128078460693359 0.0137472152709961 -0.400665283203125 0.52825927734375
0.0339717864990234 0.0227241516113281 0.0175399780273438 0.0512504577636719
0.0252647399902344 0.0117168426513672 0.444427490234375 -0.523895263671875
0.0221176147460938 -0.0254974365234375 -0.0152587890625001 -0.9464111328125
-0.00766563415527344 -0.0192127227783203 -0.7049560546875 -0.43499755859375
-0.0103731155395508 0.00778388977050781 -0.60955810546875 0.26904296875
-0.00136280059814453 0.0138225555419922 -0.180877685546875 0.45452880859375
-0.00385189056396484 0.00804233551025391 0.1923828125 0.309661865234375
0.0151729583740234 0.00735378265380859 0.33917236328125 0.036407470703125
0.0178127288818359 0.00751686096191406 -0.3350830078125 -0.060302734375
0.00282859802246094 0.0187129974365234 -0.1558837890625 -0.3052978515625
0.0134420394897461 0.00564765930175781 0.255706787109375 -0.422607421875
-0.000928401947021484 0.00700521469116211 0.67584228515625 -0.13531494140625
-0.0453910827636719 -0.00822067260742187 0.5816650390625 0.58575439453125
-0.0264930725097656 -0.0475845336914063 -0.04510498046875 0.90673828125
0.0191326141357422 0.00846290588378906 -0.41448974609375 0.516387939453125
0.0428314208984375 0.0184593200683594 0.0243568420410156 0.0438957214355469
0.0307769775390625 0.003997802734375 0.431549072265625 -0.536346435546875
0.0214920043945313 -0.0298709869384766 -0.0467529296875 -0.93841552734375
-0.0100574493408203 -0.0209674835205078 -0.7161865234375 -0.4000244140625
-0.0109586715698242 0.0067138671875 -0.5963134765625 0.2950439453125
-0.000513076782226563 0.0126485824584961 -0.165130615234375 0.463714599609375
-0.00350141525268555 0.00715923309326172 0.2017822265625 0.306884765625
0.0140066146850586 0.0091094970703125 0.340576171875 0.03271484375
0.0176296234130859 0.00774002075195313 -0.33038330078125 -0.0632934570312499
0.00259304046630859 0.0143213272094727 -0.149627685546875 -0.303192138671875
0.0149326324462891 0.00230503082275391 0.26776123046875 -0.412017822265625
0.00127887725830078 0.005462646484375 0.681884765625 -0.1134033203125
-0.0460472106933594 -0.00970458984375 0.5711669921875 0.610595703125
-0.0238380432128906 -0.0519294738769531 -0.063232421875 0.9141845703125
0.0256633758544922 0.00168418884277344 -0.421051025390625 0.510711669921875
0.0539169311523438 0.0111045837402344 0.0274124145507813 0.0401954650878906
0.0375747680664063 -0.00348281860351563 0.418243408203125 -0.5462646484375
0.0205669403076172 -0.0328826904296875 -0.0751953124999999 -0.9322509765625
-0.0109233856201172 -0.0187816619873047 -0.72540283203125 -0.37591552734375
-0.0106124877929688 0.00554561614990235 -0.5869140625 0.31256103515625
0.00134849548339844 0.0100831985473633 -0.15460205078125 0.471588134765625
-0.00332808494567871 0.0035851001739502 0.205352783203125 0.30694580078125
0.014775276184082 0.00853824615478516 0.339599609375 0.0341796875
0.0179786682128906 0.00525093078613281 -0.32843017578125 -0.0640869140624999
0.00345230102539062 0.0094451904296875 -0.14862060546875 -0.300537109375
0.0188255310058594 -0.00271987915039063 0.269683837890625 -0.407989501953125
0.00445842742919922 0.00467109680175781 0.68310546875 -0.105712890625
-0.0457534790039063 -0.00668716430664062 0.56683349609375 0.62091064453125
-0.0225105285644531 -0.0544509887695313 -0.0701904296875 0.9195556640625
0.0327415466308594 -0.00589179992675781 -0.4241943359375 0.511199951171875
0.0650596618652344 0.00378799438476562 0.0253868103027344 0.0402717590332031
0.043975830078125 -0.012237548828125 0.4132080078125 -0.547698974609375
0.0212841033935547 -0.0345630645751953 -0.08233642578125 -0.928466796875
-0.0114412307739258 -0.0160331726074219 -0.72747802734375 -0.3704833984375
-0.00860738754272461 0.00374126434326172 -0.58367919921875 0.3192138671875
0.006072998046875 0.00535297393798828 -0.15301513671875 0.47406005859375
-0.00333833694458008 -0.00221085548400879 0.206146240234375 0.308319091796875
0.0146808624267578 0.00551986694335938 0.339111328125 0.036529541015625
0.0200519561767578 0.000406265258789063 -0.327850341796875 -0.063873291015625
0.00410270690917969 0.0032196044921875 -0.1519775390625 -0.29974365234375
0.0230426788330078 -0.00886726379394531 0.263641357421875 -0.40753173828125
0.009124755859375 0.00510883331298828 0.6790771484375 -0.1131591796875
-0.0445785522460938 -0.00186920166015624 0.5726318359375 0.6114501953125
-0.0214805603027344 -0.0545845031738281 -0.0583496093750001 0.92059326171875
0.0399627685546875 -0.0127449035644531 -0.4228515625 0.518280029296875
0.0759963989257813 -0.0029449462890625 0.0203056335449219 0.0441322326660156
0.048858642578125 -0.0186767578125 0.417510986328125 -0.54193115234375
0.0228691101074219 -0.0338878631591797 -0.07037353515625 -0.93145751953125
-0.00836658477783203 -0.0119724273681641 -0.72515869140625 -0.37939453125
-0.00457572937011719 0.00156497955322266 -0.58837890625 0.31439208984375
0.0108232498168945 -0.000680923461914063 -0.1610107421875 0.474395751953125
-0.00149822235107422 -0.00831890106201172 0.2022705078125 0.31134033203125
0.0149660110473633 0.000333786010742188 0.338165283203125 0.038726806640625
0.0217227935791016 -0.00495529174804688 -0.327789306640625 -0.0635681152343751
0.00444173812866211 -0.00430870056152344 -0.15911865234375 -0.29852294921875
0.0289287567138672 -0.0149059295654297 0.25201416015625 -0.41180419921875
0.0139932632446289 0.00522232055664063 0.6712646484375 -0.13116455078125
-0.0420036315917969 0.00542831420898438 0.58990478515625 0.592529296875
-0.0217056274414062 -0.051361083984375 -0.0333862304687501 0.91839599609375
0.0434608459472656 -0.0179634094238281 -0.415679931640625 0.53076171875
0.0826797485351562 -0.008026123046875 0.0112571716308594 0.0508537292480469
0.0539970397949219 -0.0221290588378906 0.4249267578125 -0.5301513671875
0.0247764587402344 -0.0317573547363281 -0.0441894531249999 -0.93731689453125
-0.00532341003417969 -0.00612068176269531 -0.713623046875 -0.4052734375
-0.000907778739929199 -0.00022423267364502 -0.6009521484375 0.29632568359375
0.01556396484375 -0.00724697113037109 -0.174407958984375 0.471038818359375
0.00110435485839844 -0.0156126022338867 0.194976806640625 0.31341552734375
0.0142383575439453 -0.00535869598388672 0.33514404296875 0.041748046875
0.0189533233642578 -0.00354385375976563 -0.3436279296875 -0.0496826171875001
0.00288581848144531 0.0128326416015625 -0.19342041015625 -0.3062744140625
0.0181941986083984 -0.0009918212890625 0.19268798828125 -0.457550048828125
0.00900840759277344 0.0109834671020508 0.6409912109375 -0.23577880859375
-0.0375785827636719 0.00888824462890625 0.6494140625 0.47491455078125
-0.0304851531982422 -0.0299530029296875 0.08074951171875 0.88348388671875
0.0123138427734375 0.0177478790283203 -0.3687744140625 0.56243896484375
0.0272045135498047 0.0231533050537109 -0.000335693359375004 0.070465087890625
0.0212478637695313 0.0187435150146484 0.469024658203125 -0.497955322265625
0.0243892669677734 -0.0142097473144531 0.060791015625 -0.9666748046875
5.24520874023434E-05 -0.0108613967895508 -0.67822265625 -0.51080322265625
-0.00479316711425781 0.00616216659545898 -0.63623046875 0.2198486328125
0.00386619567871094 0.0112276077270508 -0.216033935546875 0.43890380859375
-0.00218367576599121 0.0023648738861084 0.17657470703125 0.310760498046875
0.0153055191040039 -0.00134086608886719 0.335479736328125 0.03759765625
0.0178852081298828 0.0012359619140625 -0.34222412109375 -0.04949951171875
0.00303459167480469 0.0172576904296875 -0.181610107421875 -0.304351806640625
0.0159530639648438 0.00451087951660156 0.21099853515625 -0.44573974609375
0.001373291015625 0.00989246368408203 0.65234375 -0.20440673828125
-0.041259765625 0.00180435180664062 0.62786865234375 0.50799560546875
-0.0289802551269531 -0.0358161926269531 0.0367431640625001 0.89239501953125
0.0109958648681641 0.0167407989501953 -0.3834228515625 0.547760009765625
0.0281639099121094 0.0241737365722656 0.00976943969726563 0.0619430541992188
0.0217571258544922 0.0168685913085937 0.456939697265625 -0.515167236328125
0.0222225189208984 -0.0204944610595703 0.02130126953125 -0.9554443359375
-0.00405311584472656 -0.0171051025390625 -0.69390869140625 -0.46575927734375
-0.00817298889160156 0.00850677490234375 -0.62103271484375 0.25018310546875
0.000266075134277344 0.0131626129150391 -0.19476318359375 0.44873046875
-0.00380659103393555 0.00713682174682617 0.188995361328125 0.30731201171875
0.0150318145751953 0.00296592712402344 0.33941650390625 0.03082275390625
0.0185775756835938 0.00531959533691406 -0.33905029296875 -0.05517578125
0.00214195251464844 0.0191631317138672 -0.170867919921875 -0.3057861328125
0.0138988494873047 0.00532436370849609 0.23333740234375 -0.4388427734375
-6.81877136230463E-05 0.00861787796020508 0.66607666015625 -0.174560546875
-0.0450782775878906 -0.00420379638671875 0.6112060546875 0.5478515625
-0.0293426513671875 -0.0411224365234375 0.00372314453124993 0.9027099609375
0.0155763626098633 0.0138692855834961 -0.395416259765625 0.53521728515625
0.0336513519287109 0.0222454071044922 0.0193901062011719 0.0510673522949219
0.0254478454589844 0.0114364624023438 0.439300537109375 -0.5322265625
0.0209407806396484 -0.0262985229492188 -0.0266113281250001 -0.950439453125
-0.00706291198730469 -0.0204048156738281 -0.7110595703125 -0.42816162109375
-0.0118207931518555 0.00654029846191406 -0.60955810546875 0.2789306640625
-0.00186729431152344 0.0142221450805664 -0.177215576171875 0.457611083984375
-0.00552654266357422 0.00941562652587891 0.197479248046875 0.308074951171875
0.0162191390991211 0.00707244873046875 0.340606689453125 0.032379150390625
0.0181827545166016 0.00711250305175781 -0.33660888671875 -0.0559997558593751
0.00217437744140625 0.01995849609375 -0.160400390625 -0.302703857421875
0.0117473602294922 0.00418186187744141 0.251617431640625 -0.42584228515625
-0.000319004058837891 0.00704431533813477 0.67645263671875 -0.14324951171875
-0.0461502075195313 -0.00814819335937501 0.59185791015625 0.5806884765625
-0.0264244079589844 -0.047332763671875 -0.0343017578124999 0.90972900390625
0.0182704925537109 0.00776481628417969 -0.408966064453125 0.52105712890625
0.0429344177246094 0.0172920227050781 0.0254173278808594 0.0447196960449219
0.0309467315673828 0.00418281555175781 0.42755126953125 -0.541839599609375
0.0201206207275391 -0.0303020477294922 -0.0597534179687499 -0.94171142578125
-0.0109291076660156 -0.0206241607666016 -0.723876953125 -0.390380859375
-0.0111122131347656 0.00587177276611328 -0.5938720703125 0.30572509765625
-0.00202369689941406 0.0123300552368164 -0.1590576171875 0.4678955078125
-0.00422859191894531 0.00899219512939453 0.20648193359375 0.3060302734375
0.0145864486694336 0.00769615173339844 0.3427734375 0.0294189453125
0.0187473297119141 0.00869941711425781 -0.332122802734375 -0.0592346191406251
0.00289630889892578 0.0154800415039063 -0.1533203125 -0.302032470703125
0.0144767761230469 0.00131416320800781 0.26214599609375 -0.418487548828125
0.000459671020507813 0.00443696975708008 0.6829833984375 -0.1229248046875
-0.0466995239257813 -0.0084991455078125 0.57952880859375 0.60540771484375
-0.0248832702636719 -0.0506477355957031 -0.0549316406250001 0.91815185546875
0.0250625610351563 0.0012664794921875 -0.417083740234375 0.51763916015625
0.0547409057617187 0.0100936889648438 0.0285797119140625 0.0408439636230469
0.0366249084472656 -0.00453948974609375 0.414398193359375 -0.552398681640625
0.0205879211425781 -0.0330677032470703 -0.087646484375 -0.93365478515625
-0.0108642578125 -0.0188674926757812 -0.7332763671875 -0.3692626953125
-0.00998306274414063 0.00550079345703125 -0.5833740234375 0.32293701171875
0.00147247314453125 0.0107831954956055 -0.1490478515625 0.4744873046875
-0.00283527374267578 0.0044407844543457 0.211517333984375 0.306396484375
0.0152378082275391 0.00759696960449219 0.34228515625 0.029083251953125
0.0189380645751953 0.00533485412597656 -0.330902099609375 -0.058624267578125
0.00326728820800781 0.00992012023925781 -0.153228759765625 -0.30029296875
0.0179290771484375 -0.00338172912597656 0.265655517578125 -0.413421630859375
0.00339221954345703 0.0041038990020752 0.682861328125 -0.11688232421875
-0.0461921691894531 -0.00495910644531251 0.5767822265625 0.6173095703125
-0.0239982604980469 -0.0533943176269531 -0.06097412109375 0.922607421875
0.0331325531005859 -0.00534629821777344 -0.420013427734375 0.519012451171875
0.0638389587402344 0.00334930419921875 0.0250282287597656 0.0413627624511719
0.0434532165527344 -0.0124092102050781 0.408599853515625 -0.554168701171875
0.020904541015625 -0.0352821350097656 -0.094970703125 -0.93145751953125
-0.0108680725097656 -0.0164690017700195 -0.73345947265625 -0.36187744140625
-0.00783109664916992 0.00192499160766602 -0.5830078125 0.3277587890625
0.00534629821777344 0.00480079650878906 -0.147674560546875 0.4771728515625
-0.00301003456115723 -0.000832080841064453 0.210479736328125 0.30657958984375
0.0149564743041992 0.00508880615234375 0.341094970703125 0.03131103515625
0.0198726654052734 0.000474929809570313 -0.33056640625 -0.0587463378906249
0.00439000129699707 0.0040123462677002 -0.157196044921875 -0.298553466796875
0.0228157043457031 -0.00868797302246094 0.25823974609375 -0.413421630859375
0.00739526748657227 0.00351810455322266 0.68182373046875 -0.1226806640625
-0.0446853637695312 -0.0010833740234375 0.5806884765625 0.60595703125
-0.0227508544921875 -0.0538253784179688 -0.0478515624999999 0.92462158203125
0.039947509765625 -0.0132522583007812 -0.41778564453125 0.525482177734375
0.0759353637695313 -0.00446319580078125 0.0210685729980469 0.0447273254394531
0.0489501953125 -0.0200920104980469 0.41021728515625 -0.548309326171875
0.0220680236816406 -0.0353736877441406 -0.08172607421875 -0.93231201171875
-0.00897121429443359 -0.01202392578125 -0.73187255859375 -0.373291015625
-0.00513935089111328 0.00167608261108398 -0.58636474609375 0.3223876953125
0.0103168487548828 -0.00130748748779297 -0.154876708984375 0.476898193359375
-0.00152111053466797 -0.00942707061767578 0.207916259765625 0.30975341796875
0.0155906677246094 -0.000852584838867187 0.339874267578125 0.033203125
0.0212841033935547 -0.00571632385253906 -0.32989501953125 -0.05889892578125
0.00420498847961426 -0.00302648544311523 -0.1658935546875 -0.297698974609375
0.0278491973876953 -0.0144939422607422 0.24688720703125 -0.417449951171875
0.0134353637695312 0.00418663024902344 0.67095947265625 -0.14007568359375
-0.0432319641113281 0.00605010986328126 0.59869384765625 0.5859375
-0.0225372314453125 -0.0504302978515625 -0.02313232421875 0.92340087890625
0.04302978515625 -0.0179252624511719 -0.410369873046875 0.5377197265625
0.0815277099609375 -0.010589599609375 0.0122184753417969 0.051727294921875
0.0536231994628906 -0.0237770080566406 0.418670654296875 -0.538177490234375
0.02349853515625 -0.0325717926025391 -0.0585327148437501 -0.9388427734375
-0.00608491897583008 -0.00711822509765625 -0.7220458984375 -0.39788818359375
-0.000891149044036865 0.00033724308013916 -0.59814453125 0.30474853515625
0.0157489776611328 -0.00710105895996094 -0.168731689453125 0.474365234375
-0.000557899475097655 -0.0147914886474609 0.19915771484375 0.31243896484375
0.0153894424438477 -0.00596237182617188 0.3372802734375 0.03759765625
0.0195369720458984 -0.00267982482910156 -0.344329833984375 -0.0454101562500001
0.00210857391357422 0.0127429962158203 -0.196685791015625 -0.303985595703125
0.0173730850219727 2.00271606445312E-05 0.18731689453125 -0.462310791015625
0.00898170471191406 0.00982189178466797 0.6387939453125 -0.2464599609375
-0.0370368957519531 0.00901412963867188 0.6566162109375 0.46600341796875
-0.0310344696044922 -0.0279064178466797 0.09197998046875 0.88409423828125
0.0111055374145508 0.0169334411621094 -0.3614501953125 0.5712890625
0.0277748107910156 0.0231800079345703 -1.52587890625026E-05 0.0707931518554688
0.0210723876953125 0.0184402465820313 0.46295166015625 -0.50469970703125
0.0247249603271484 -0.0140476226806641 0.05047607421875 -0.9697265625
-0.000184059143066405 -0.0112018585205078 -0.6829833984375 -0.50250244140625
-0.00549888610839844 0.00695562362670899 -0.635498046875 0.2266845703125
0.00157928466796875 0.0106630325317383 -0.211273193359375 0.443450927734375
-0.00368952751159668 0.0029604434967041 0.1805419921875 0.310089111328125
0.0147819519042969 -0.000856399536132813 0.337921142578125 0.03338623046875
0.0200958251953125 -0.000125885009765625 -0.343353271484375 -0.043060302734375
0.00423717498779297 0.0170221328735352 -0.185638427734375 -0.302490234375
0.0147533416748047 0.00266361236572266 0.20550537109375 -0.44970703125
0.00224781036376953 0.00901889801025391 0.651123046875 -0.2147216796875
-0.0403556823730469 0.00261688232421875 0.63677978515625 0.50091552734375
-0.0305557250976563 -0.0345783233642578 0.0478515625000001 0.8934326171875
0.00980567932128906 0.0164260864257813 -0.3779296875 0.554168701171875
0.0277595520019531 0.0245208740234375 0.00923538208007812 0.0618934631347656
0.0236225128173828 0.0156230926513672 0.451416015625 -0.5194091796875
0.0226783752441406 -0.0205955505371094 0.00994873046875001 -0.95684814453125
-0.00481891632080078 -0.0170469284057617 -0.699951171875 -0.45965576171875
-0.00893497467041016 0.00615787506103516 -0.61956787109375 0.25677490234375
-0.00145149230957031 0.0128889083862305 -0.1885986328125 0.450927734375
-0.00346469879150391 0.00918102264404297 0.194549560546875 0.305908203125
0.0145492553710938 0.00198078155517578 0.3424072265625 0.027191162109375
0.0195217132568359 0.00673866271972656 -0.34124755859375 -0.0487976074218749
0.0031890869140625 0.01947021484375 -0.17425537109375 -0.303680419921875
0.0119876861572266 0.00521564483642578 0.228240966796875 -0.44354248046875
-0.000347614288330077 0.00771570205688477 0.66546630859375 -0.184326171875
-0.0443496704101563 -0.00264739990234375 0.62109375 0.541259765625
-0.0294342041015625 -0.0402107238769531 0.01446533203125 0.90411376953125
0.0130825042724609 0.0142250061035156 -0.38909912109375 0.540313720703125
0.0333251953125 0.0208950042724609 0.0187149047851563 0.05242919921875
0.0248050689697266 0.0108203887939453 0.433624267578125 -0.535247802734375
0.0204429626464844 -0.0259723663330078 -0.037353515625 -0.95123291015625
-0.00820732116699219 -0.0210304260253906 -0.71795654296875 -0.42022705078125
-0.00998783111572266 0.007293701171875 -0.60675048828125 0.28704833984375
-0.00182533264160156 0.014491081237793 -0.17193603515625 0.460357666015625
-0.00488996505737305 0.00873947143554687 0.202545166015625 0.30462646484375
0.0155401229858398 0.00659465789794922 0.342864990234375 0.0279541015625
0.0200004577636719 0.00785255432128906 -0.338287353515625 -0.050384521484375
0.0031280517578125 0.0195903778076172 -0.165679931640625 -0.30181884765625
0.0118036270141602 0.0046539306640625 0.245391845703125 -0.430084228515625
-0.00167131423950195 0.00568962097167969 0.67449951171875 -0.15350341796875
-0.0454788208007813 -0.0060882568359375 0.600341796875 0.57257080078125
-0.0277824401855469 -0.0452842712402344 -0.0242919921875001 0.911865234375
0.0196056365966797 0.00829315185546875 -0.404541015625 0.52923583984375
0.0416145324707031 0.0160140991210938 0.0256500244140625 0.0448951721191406
0.0294113159179688 0.00328826904296875 0.420654296875 -0.548828125
0.0198955535888672 -0.0313644409179688 -0.0698242187500001 -0.94012451171875
-0.00968170166015625 -0.0206356048583984 -0.72857666015625 -0.3839111328125
-0.0105295181274414 0.0051727294921875 -0.5899658203125 0.31195068359375
-0.00167560577392578 0.0134763717651367 -0.1539306640625 0.469573974609375
-0.00364542007446289 0.00803899765014648 0.210968017578125 0.302459716796875
0.0157699584960938 0.00703620910644531 0.3426513671875 0.0224609375
0.0204105377197266 0.00840377807617188 -0.33416748046875 -0.053009033203125
0.0032033920288086 0.0165319442749023 -0.158447265625 -0.299713134765625
0.0138425827026367 0.00121116638183594 0.2568359375 -0.4232177734375
0.000218391418457031 0.00331473350524902 0.682861328125 -0.13238525390625
-0.0466194152832031 -0.00738143920898438 0.58837890625 0.59716796875
-0.0254325866699219 -0.0495834350585937 -0.0426635742187499 0.91937255859375
0.0256938934326172 0.00240325927734375 -0.411102294921875 0.523773193359375
0.0529098510742188 0.00908279418945313 0.0272712707519531 0.0403785705566406
0.0372047424316406 -0.00538253784179688 0.4071044921875 -0.558502197265625
0.0204696655273438 -0.033599853515625 -0.09844970703125 -0.9345703125
-0.0119743347167969 -0.0197734832763672 -0.73681640625 -0.36090087890625
-0.0103883743286133 0.00538730621337891 -0.5806884765625 0.327880859375
0.00191020965576172 0.0103282928466797 -0.14410400390625 0.47686767578125
-0.00332880020141602 0.0049896240234375 0.215362548828125 0.303741455078125
0.0154199600219727 0.00770950317382813 0.3427734375 0.026123046875
0.0201625823974609 0.00559806823730469 -0.33251953125 -0.054290771484375
0.00381946563720703 0.0115747451782227 -0.157318115234375 -0.297027587890625
0.0169973373413086 -0.00333404541015625 0.26025390625 -0.417572021484375
0.0029144287109375 0.00264286994934082 0.6839599609375 -0.1241455078125
-0.0464286804199219 -0.0058135986328125 0.58563232421875 0.60858154296875
-0.0242652893066406 -0.0526237487792969 -0.04864501953125 0.9248046875
0.0334835052490234 -0.00621795654296875 -0.41339111328125 0.52435302734375
0.0651473999023438 0.000400543212890625 0.0259971618652344 0.0417366027832031
0.0430488586425781 -0.0140419006347656 0.40228271484375 -0.559600830078125
0.0205612182617188 -0.0355110168457031 -0.1058349609375 -0.93182373046875
-0.0111608505249023 -0.0149545669555664 -0.73992919921875 -0.35284423828125
-0.00742197036743164 0.00288915634155273 -0.57781982421875 0.33624267578125
0.00589275360107422 0.00596809387207031 -0.142364501953125 0.47857666015625
-0.00329732894897461 -0.00102806091308594 0.215667724609375 0.3040771484375
0.0155534744262695 0.00480461120605469 0.341552734375 0.027557373046875
0.0221481323242188 0.00051116943359375 -0.332244873046875 -0.0543212890625
0.00390815734863281 0.00432968139648438 -0.160491943359375 -0.296661376953125
0.0216522216796875 -0.00908279418945313 0.25421142578125 -0.418426513671875
0.00757932662963867 0.00267791748046875 0.68231201171875 -0.13299560546875
-0.0449485778808594 0.000450134277343746 0.5914306640625 0.5989990234375
-0.02264404296875 -0.0521659851074219 -0.03790283203125 0.9263916015625
0.0403709411621094 -0.0131645202636719 -0.412445068359375 0.530975341796875
0.0741348266601563 -0.00597381591796875 0.0206069946289063 0.0454063415527344
0.0487518310546875 -0.0204582214355469 0.40386962890625 -0.55230712890625
0.02142333984375 -0.0349807739257813 -0.0933837890625001 -0.93499755859375
-0.00931644439697266 -0.0121660232543945 -0.73614501953125 -0.3638916015625
-0.00539064407348633 0.000770092010498048 -0.58392333984375 0.33074951171875
0.00928688049316406 -0.000719070434570313 -0.14886474609375 0.479888916015625
-0.00318717956542969 -0.00761842727661133 0.21319580078125 0.307098388671875
0.0157184600830078 0.000275611877441406 0.340576171875 0.029632568359375
0.0227336883544922 -0.00460624694824219 -0.331390380859375 -0.053375244140625
0.0050206184387207 -0.00237560272216797 -0.16900634765625 -0.2960205078125
0.0271682739257812 -0.0163707733154297 0.241546630859375 -0.42156982421875
0.0123510360717773 0.00318813323974609 0.67144775390625 -0.1494140625
-0.0413970947265625 0.00761795043945313 0.6058349609375 0.578857421875
-0.0224533081054688 -0.0496101379394531 -0.0129394531249999 0.92559814453125
0.043548583984375 -0.0181121826171875 -0.403594970703125 0.543914794921875
0.0823516845703125 -0.0120697021484375 0.0114364624023438 0.0523796081542969
0.0528907775878906 -0.0239448547363281 0.412994384765625 -0.5421142578125
0.0242481231689453 -0.0320720672607422 -0.0685424804687499 -0.94134521484375
-0.00683784484863281 -0.00749111175537109 -0.72784423828125 -0.3896484375
-0.000844240188598633 -0.000249385833740234 -0.596435546875 0.31427001953125
0.0156278610229492 -0.00515365600585938 -0.16339111328125 0.4765625
-0.00197219848632812 -0.0158805847167969 0.204925537109375 0.309722900390625
0.0153331756591797 -0.00672054290771484 0.3380126953125 0.033203125
0.0206966400146484 -0.00360488891601563 -0.34619140625 -0.039703369140625
0.00313854217529297 0.0129671096801758 -0.201507568359375 -0.301544189453125
0.0176677703857422 -0.000917434692382813 0.179962158203125 -0.462432861328125
0.00762653350830078 0.00889682769775391 0.63494873046875 -0.25469970703125
-0.036590576171875 0.0102920532226562 0.6629638671875 0.45770263671875
-0.0305690765380859 -0.0274105072021484 0.10308837890625 0.8834228515625
0.0117340087890625 0.0156192779541016 -0.35601806640625 0.5733642578125
0.0279369354248047 0.0226230621337891 0.00156402587890626 0.0717239379882813
0.0207080841064453 0.0186061859130859 0.456268310546875 -0.509521484375
0.0231037139892578 -0.01397705078125 0.03643798828125 -0.96826171875
-0.00144863128662109 -0.0108404159545898 -0.69073486328125 -0.4935302734375
-0.00469064712524414 0.00475597381591797 -0.63336181640625 0.235107421875
0.00222110748291016 0.0102148056030273 -0.20587158203125 0.446441650390625
-0.00308036804199219 0.00310659408569336 0.18646240234375 0.30706787109375
0.0150327682495117 -0.00179004669189453 0.337371826171875 0.0272216796875
0.0196495056152344 0.0016021728515625 -0.34405517578125 -0.038360595703125
0.00474166870117187 0.0200386047363281 -0.189544677734375 -0.2999267578125
0.0139884948730469 0.00310707092285156 0.199432373046875 -0.45458984375
0.00164890289306641 0.00763463973999024 0.64874267578125 -0.22515869140625
-0.0402374267578125 0.00323867797851563 0.64447021484375 0.491943359375
-0.0306320190429688 -0.0327510833740234 0.0602416992187499 0.89251708984375
0.00953292846679688 0.0169658660888672 -0.369903564453125 0.558807373046875
0.0279350280761719 0.0222339630126953 0.0112838745117188 0.06298828125
0.0211963653564453 0.0163631439208984 0.443634033203125 -0.5238037109375
0.0214557647705078 -0.0217685699462891 -0.00329589843750003 -0.95843505859375
-0.00479316711425781 -0.0170803070068359 -0.7044677734375 -0.4525146484375
-0.00874042510986328 0.00677824020385742 -0.61566162109375 0.2652587890625
-0.00227832794189453 0.0128383636474609 -0.185791015625 0.4525146484375
-0.00400972366333008 0.00780248641967773 0.199737548828125 0.303802490234375
0.01373291015625 0.00155353546142578 0.34130859375 0.021697998046875
0.0205249786376953 0.00620460510253906 -0.34161376953125 -0.04510498046875
0.00265121459960938 0.0219020843505859 -0.1785888671875 -0.300079345703125
0.0116720199584961 0.00506019592285156 0.221405029296875 -0.44647216796875
-0.000511646270751953 0.00626230239868164 0.66229248046875 -0.19219970703125
-0.0436668395996094 -0.00228881835937501 0.62823486328125 0.531005859375
-0.0290260314941406 -0.0394325256347656 0.0243530273437499 0.90289306640625
0.0136880874633789 0.0136470794677734 -0.383392333984375 0.545074462890625
0.0323410034179688 0.0204944610595703 0.0195274353027344 0.0537376403808594
0.0262527465820313 0.0100746154785156 0.425933837890625 -0.5391845703125
0.0202770233154297 -0.0254535675048828 -0.0493774414062499 -0.9503173828125
-0.00862503051757813 -0.0203037261962891 -0.7230224609375 -0.41143798828125
-0.0112648010253906 0.00547313690185547 -0.601806640625 0.29559326171875
-0.0015411376953125 0.0143508911132813 -0.1663818359375 0.463775634765625
-0.00531387329101563 0.0100364685058594 0.206817626953125 0.302459716796875
0.015803337097168 0.00607109069824219 0.34234619140625 0.021942138671875
0.0204334259033203 0.00736045837402344 -0.33843994140625 -0.04534912109375
0.00315093994140625 0.0210361480712891 -0.16961669921875 -0.29864501953125
0.0101957321166992 0.00390434265136719 0.24005126953125 -0.435699462890625
-0.00296378135681152 0.00358700752258301 0.67218017578125 -0.1632080078125
-0.0453681945800781 -0.0059356689453125 0.609619140625 0.56597900390625
-0.0274391174316406 -0.0443572998046875 -0.012451171875 0.91180419921875
0.0181255340576172 0.0089263916015625 -0.396636962890625 0.53387451171875
0.041717529296875 0.0154609680175781 0.0258331298828125 0.0451011657714844
0.0305309295654297 0.00300788879394531 0.41290283203125 -0.55303955078125
0.0185527801513672 -0.0311546325683594 -0.0835571289062499 -0.938720703125
-0.0110263824462891 -0.0204010009765625 -0.7320556640625 -0.377197265625
-0.0114479064941406 0.00616073608398437 -0.58612060546875 0.31817626953125
-0.00150108337402344 0.014491081237793 -0.148895263671875 0.469970703125
-0.0053563117980957 0.00854969024658203 0.21697998046875 0.300384521484375
0.0158653259277344 0.00713062286376953 0.343475341796875 0.01983642578125
0.02069091796875 0.00927543640136719 -0.33544921875 -0.048553466796875
0.00411891937255859 0.0171632766723633 -0.16253662109375 -0.2962646484375
0.0134878158569336 0.0016632080078125 0.2529296875 -0.425933837890625
-0.00135087966918945 0.00299954414367676 0.68121337890625 -0.14190673828125
-0.0464019775390625 -0.00655746459960939 0.59619140625 0.59112548828125
-0.0262794494628906 -0.0485496520996094 -0.0314941406249999 0.9210205078125
0.0243930816650391 0.00236320495605469 -0.40399169921875 0.52984619140625
0.0524406433105469 0.0079803466796875 0.0284767150878906 0.0411033630371094
0.0358772277832031 -0.00489425659179688 0.400299072265625 -0.561859130859375
0.0184478759765625 -0.0340251922607422 -0.10943603515625 -0.9324951171875
-0.0117683410644531 -0.0195255279541016 -0.7421875 -0.35137939453125
-0.0107841491699219 0.00492095947265625 -0.5771484375 0.337158203125
0.00199985504150391 0.0114049911499023 -0.13897705078125 0.477783203125
-0.00493288040161133 0.00475645065307617 0.22052001953125 0.29998779296875
0.0161161422729492 0.00694561004638672 0.34356689453125 0.02081298828125
0.0221138000488281 0.00638961791992188 -0.33251953125 -0.0489196777343749
0.00340652465820313 0.0124416351318359 -0.1622314453125 -0.29473876953125
0.0159263610839844 -0.00230121612548828 0.25537109375 -0.420623779296875
0.00158047676086426 0.00252532958984375 0.6820068359375 -0.1337890625
-0.0461196899414063 -0.00379943847656249 0.59417724609375 0.60009765625
-0.0255279541015625 -0.0519638061523438 -0.03717041015625 0.92486572265625
0.0336189270019531 -0.00617790222167969 -0.40692138671875 0.5302734375
0.064605712890625 -0.000614166259765625 0.0268325805664063 0.0419273376464844
0.0432395935058594 -0.0135612487792969 0.39398193359375 -0.5628662109375
0.0199165344238281 -0.0351753234863281 -0.115478515625 -0.93206787109375
-0.0116291046142578 -0.016911506652832 -0.74383544921875 -0.34503173828125
-0.0089874267578125 0.00322723388671875 -0.57366943359375 0.3426513671875
0.0053248405456543 0.00618600845336914 -0.13568115234375 0.480560302734375
-0.00361824035644531 0.00105714797973633 0.2197265625 0.300262451171875
0.0157766342163086 0.0040283203125 0.34246826171875 0.0228271484375
0.0218467712402344 0.0002899169921875 -0.33380126953125 -0.0490722656250001
0.00454902648925781 0.00672817230224609 -0.166107177734375 -0.2939453125
0.0204696655273438 -0.00933074951171875 0.249420166015625 -0.421051025390625
0.00628042221069336 0.00209331512451172 0.6785888671875 -0.1412353515625
-0.0451202392578125 0.00160980224609375 0.59967041015625 0.5916748046875
-0.0237617492675781 -0.0506057739257813 -0.0281982421875 0.9273681640625
0.0398674011230469 -0.0144920349121094 -0.405548095703125 0.53741455078125
0.0737762451171875 -0.00753021240234375 0.0209579467773438 0.0457916259765625
0.047454833984375 -0.0214080810546875 0.39727783203125 -0.55731201171875
0.0203666687011719 -0.0353126525878906 -0.10394287109375 -0.9307861328125
-0.0104122161865234 -0.0113239288330078 -0.73974609375 -0.35772705078125
-0.00576305389404297 0.000419616699218749 -0.57958984375 0.33673095703125
0.00959968566894531 -0.000298500061035156 -0.14373779296875 0.481109619140625
-0.00274801254272461 -0.00700044631958008 0.21820068359375 0.303558349609375
0.0144987106323242 -0.000736236572265625 0.341339111328125 0.02471923828125
0.0237197875976563 -0.00463676452636719 -0.33331298828125 -0.0492858886718749
0.00420284271240234 -0.000887632369995117 -0.17138671875 -0.291595458984375
0.0254402160644531 -0.0160560607910156 0.23651123046875 -0.425628662109375
0.0122995376586914 0.00226783752441406 0.67010498046875 -0.15826416015625
-0.041717529296875 0.00848007202148438 0.61553955078125 0.5714111328125
-0.0234832763671875 -0.0471076965332031 -0.00219726562500004 0.92474365234375
0.0424079895019531 -0.018341064453125 -0.397674560546875 0.550567626953125
0.08111572265625 -0.0130538940429688 0.0125198364257813 0.0533027648925781
0.0511932373046875 -0.0256996154785156 0.40533447265625 -0.546173095703125
0.0236415863037109 -0.0321636199951172 -0.0803833007812501 -0.939697265625
-0.00632143020629883 -0.00729846954345703 -0.73138427734375 -0.38165283203125
-0.000569224357604981 -0.00147581100463867 -0.59185791015625 0.32110595703125
0.0142507553100586 -0.0062103271484375 -0.15643310546875 0.479827880859375
-0.00201034545898438 -0.014195442199707 0.20892333984375 0.30615234375
0.0156421661376953 -0.00666332244873047 0.33929443359375 0.0274658203125
0.0218029022216797 -0.00392913818359375 -0.345703125 -0.033905029296875
0.00188159942626953 0.0158586502075195 -0.20404052734375 -0.297454833984375
0.0165586471557617 0.00011444091796875 0.175262451171875 -0.465179443359375
0.00629711151123047 0.00829076766967773 0.6307373046875 -0.26385498046875
-0.0369758605957031 0.0123329162597656 0.66680908203125 0.448974609375
-0.0313949584960938 -0.0260848999023437 0.11358642578125 0.87957763671875
0.0107288360595703 0.0184116363525391 -0.34564208984375 0.57623291015625
0.0286903381347656 0.0225486755371094 -0.000167846679687497 0.07208251953125
0.02099609375 0.0166034698486328 0.450592041015625 -0.51043701171875
0.0240955352783203 -0.0146942138671875 0.02398681640625 -0.9693603515625
-0.00119876861572266 -0.0115127563476563 -0.69256591796875 -0.48577880859375
-0.00478458404541016 0.00362586975097656 -0.62896728515625 0.24151611328125
0.00314712524414063 0.0106630325317383 -0.199676513671875 0.448883056640625
-0.00321793556213379 0.00365281105041504 0.190887451171875 0.302886962890625
0.0163507461547852 -0.00243282318115234 0.337615966796875 0.022491455078125
0.0201129913330078 -0.000391006469726563 -0.3443603515625 -0.034271240234375
0.00404739379882812 0.0206813812255859 -0.192840576171875 -0.295623779296875
0.0142717361450195 0.00213432312011719 0.1939697265625 -0.457000732421875
0.000606060028076172 0.00827169418334961 0.6435546875 -0.23175048828125
-0.0408172607421875 0.004302978515625 0.648193359375 0.4822998046875
-0.0312080383300781 -0.0309715270996094 0.07012939453125 0.89013671875
0.0110673904418945 0.0167627334594727 -0.363800048828125 0.561279296875
0.0271873474121094 0.0208053588867187 0.0126571655273438 0.063232421875
0.0199661254882813 0.0147190093994141 0.436767578125 -0.52703857421875
0.0212593078613281 -0.0211296081542969 -0.0133056640625001 -0.9554443359375
-0.00468826293945313 -0.0186042785644531 -0.70965576171875 -0.44189453125
-0.00787210464477539 0.00629901885986328 -0.612548828125 0.27215576171875
-0.00124263763427734 0.0151300430297852 -0.17864990234375 0.455291748046875
-0.00403976440429688 0.00852680206298828 0.2032470703125 0.30029296875
0.0144147872924805 0.00281524658203125 0.341888427734375 0.017669677734375
0.0227222442626953 0.00586509704589844 -0.342071533203125 -0.04046630859375
0.00310325622558594 0.0221900939941406 -0.1820068359375 -0.29620361328125
0.0105514526367188 0.00444316864013672 0.215301513671875 -0.448577880859375
-0.00170755386352539 0.0057835578918457 0.659912109375 -0.200927734375
-0.0446586608886719 -0.000698089599609372 0.63494873046875 0.52239990234375
-0.0299148559570313 -0.0369949340820313 0.03411865234375 0.90081787109375
0.0146007537841797 0.0133285522460937 -0.376373291015625 0.549407958984375
0.0321331024169922 0.0201206207275391 0.0193748474121094 0.0522041320800781
0.0243549346923828 0.00956153869628906 0.416259765625 -0.54217529296875
0.0193328857421875 -0.0266456604003906 -0.0603027343749999 -0.94610595703125
-0.00780487060546875 -0.0185718536376953 -0.7236328125 -0.402587890625
-0.0124435424804688 0.007171630859375 -0.5968017578125 0.2994384765625
-0.00137233734130859 0.0159921646118164 -0.159576416015625 0.463287353515625
-0.00476360321044922 0.0101203918457031 0.211578369140625 0.299346923828125
0.0155344009399414 0.0057373046875 0.34002685546875 0.017913818359375
0.0190982818603516 0.009735107421875 -0.340606689453125 -0.040740966796875
0.00219535827636719 0.0219955444335938 -0.173004150390625 -0.293670654296875
0.0113277435302734 0.00389003753662109 0.23333740234375 -0.4349365234375
-0.00371599197387695 0.00525045394897461 0.672119140625 -0.17108154296875
-0.0479469299316406 -0.0049896240234375 0.61419677734375 0.55438232421875
-0.0280075073242188 -0.0422172546386719 -0.00219726562500006 0.90869140625
0.0186367034912109 0.00855064392089844 -0.3907470703125 0.538543701171875
0.0396652221679688 0.0136680603027344 0.02667236328125 0.0460968017578125
0.0290336608886719 0.00235748291015625 0.404144287109375 -0.555419921875
0.0175933837890625 -0.0315437316894531 -0.0943603515625 -0.9384765625
-0.0112285614013672 -0.0216789245605469 -0.734619140625 -0.367431640625
-0.0116329193115234 0.00519180297851563 -0.5802001953125 0.32537841796875
-0.00136661529541016 0.0139741897583008 -0.144561767578125 0.47235107421875
-0.00533866882324219 0.0099039077758789 0.2215576171875 0.296722412109375
0.0151081085205078 0.00836277008056641 0.34259033203125 0.015167236328125
0.0210018157958984 0.00745964050292969 -0.335540771484375 -0.044647216796875
0.00479698181152344 0.0179557800292969 -0.16766357421875 -0.29443359375
0.0120925903320313 0.00149631500244141 0.245361328125 -0.431304931640625
-0.00203430652618408 0.00164437294006348 0.676513671875 -0.1519775390625
-0.0464401245117188 -0.00602722167968751 0.60284423828125 0.58050537109375
-0.0265274047851563 -0.0471687316894531 -0.0219726562500001 0.91876220703125
0.0243034362792969 0.00104904174804688 -0.398590087890625 0.533599853515625
0.0529899597167969 0.00787353515625 0.0290718078613281 0.0424575805664063
0.0365333557128906 -0.00754928588867188 0.39422607421875 -0.56658935546875
0.0184459686279297 -0.0340080261230469 -0.12359619140625 -0.93145751953125
-0.0125713348388672 -0.0201263427734375 -0.74432373046875 -0.341064453125
-0.0107631683349609 0.00360679626464844 -0.571533203125 0.34332275390625
0.00269985198974609 0.012028694152832 -0.131072998046875 0.477935791015625
-0.00432968139648438 0.00653839111328125 0.2247314453125 0.29736328125
0.0175800323486328 0.0067138671875 0.34210205078125 0.015716552734375
0.021636962890625 0.0055084228515625 -0.331787109375 -0.045501708984375
0.00472545623779297 0.0133695602416992 -0.1650390625 -0.290313720703125
0.0150604248046875 -0.00259113311767578 0.2489013671875 -0.423980712890625
0.00167524814605713 0.00144553184509277 0.6817626953125 -0.142578125
-0.0456199645996094 -0.0037689208984375 0.60137939453125 0.59234619140625
-0.0257949829101563 -0.0496177673339844 -0.0262451171875 0.92388916015625
0.0331401824951172 -0.0070953369140625 -0.39984130859375 0.5321044921875
0.0642242431640625 -0.00230026245117187 0.0266494750976563 0.0410232543945313
0.0416107177734375 -0.0152397155761719 0.38751220703125 -0.56488037109375
0.0197677612304688 -0.0359039306640625 -0.13037109375 -0.92852783203125
-0.0121135711669922 -0.0163660049438477 -0.74420166015625 -0.3355712890625
-0.007781982421875 0.00260257720947266 -0.5697021484375 0.3485107421875
0.00571441650390625 0.00612163543701172 -0.12969970703125 0.481689453125
-0.00365114212036133 0.000744581222534179 0.223480224609375 0.2967529296875
0.0148553848266602 0.00438499450683594 0.34222412109375 0.016632080078125
0.0222110748291016 0.00111961364746094 -0.33258056640625 -0.0426025390625
0.00452136993408203 0.00680398941040039 -0.1700439453125 -0.289794921875
0.0193519592285156 -0.0101737976074219 0.242279052734375 -0.423736572265625
0.00671720504760742 0.00161457061767578 0.67474365234375 -0.1502685546875
-0.0442085266113281 0.002471923828125 0.6055908203125 0.58294677734375
-0.0246734619140625 -0.0506019592285156 -0.0180664062499999 0.92315673828125
0.0384979248046875 -0.0143356323242188 -0.398284912109375 0.540374755859375
0.0734329223632813 -0.0093231201171875 0.0215377807617188 0.0439872741699219
0.0477676391601563 -0.0223388671875 0.389373779296875 -0.55877685546875
0.0207557678222656 -0.0362930297851563 -0.11834716796875 -0.9300537109375
-0.00970363616943359 -0.0119056701660156 -0.74261474609375 -0.34649658203125
-0.00603437423706055 0.000326156616210938 -0.57501220703125 0.3446044921875
0.0105695724487305 -0.000493049621582031 -0.135986328125 0.48309326171875
-0.00275564193725586 -0.00568056106567383 0.21978759765625 0.2994384765625
0.0159320831298828 -0.00155544281005859 0.34124755859375 0.021392822265625
0.0253143310546875 -0.00371551513671875 -0.333038330078125 -0.043548583984375
0.00580787658691406 -0.000563621520996094 -0.176300048828125 -0.2886962890625
0.0260276794433594 -0.0174903869628906 0.23052978515625 -0.42718505859375
0.0119705200195313 0.00183868408203125 0.66748046875 -0.16656494140625
-0.0422019958496094 0.0107002258300781 0.62078857421875 0.562744140625
-0.0244979858398438 -0.0468711853027344 0.00909423828124995 0.924072265625
0.0432167053222656 -0.0197792053222656 -0.38909912109375 0.55377197265625
0.0816268920898438 -0.0142745971679688 0.0138473510742188 0.0529747009277344
0.0514183044433594 -0.0265884399414063 0.397186279296875 -0.54913330078125
0.0223369598388672 -0.0342521667480469 -0.0900268554687501 -0.9378662109375
-0.00583314895629883 -0.00737857818603516 -0.73516845703125 -0.374755859375
-0.00137162208557129 -0.000950455665588379 -0.58819580078125 0.32940673828125
0.0152339935302734 -0.00690174102783203 -0.15057373046875 0.478485107421875
-0.00210475921630859 -0.0132770538330078 0.21478271484375 0.30474853515625
0.0156641006469727 -0.00783348083496094 0.3387451171875 0.02423095703125
0.0220146179199219 -0.00374984741210937 -0.34539794921875 -0.02960205078125
0.00252628326416016 0.0152034759521484 -0.2088623046875 -0.292083740234375
0.0166873931884766 -0.00193881988525391 0.166534423828125 -0.465118408203125
0.00551414489746094 0.00783729553222656 0.62353515625 -0.271484375
-0.0348949432373047 0.0130233764648438 0.67120361328125 0.4383544921875
-0.0305881500244141 -0.0244350433349609 0.12127685546875 0.876708984375
0.011749267578125 0.0166854858398438 -0.3375244140625 0.57830810546875
0.02447509765625 0.0202541351318359 0.00272369384765625 0.072998046875
0.020263671875 0.0169029235839844 0.442474365234375 -0.514495849609375
0.0227985382080078 -0.0165653228759766 0.0114746093750001 -0.96234130859375
-0.00273704528808594 -0.0118017196655273 -0.69879150390625 -0.4761962890625
-0.00615835189819336 0.00636720657348633 -0.62335205078125 0.2501220703125
0.003631591796875 0.0117387771606445 -0.1942138671875 0.449249267578125
-0.00383734703063965 0.00324678421020508 0.19390869140625 0.3009033203125
0.0143671035766602 -0.00438880920410156 0.338592529296875 0.01959228515625
0.0209941864013672 0.00104141235351563 -0.34417724609375 -0.0267944335937499
0.00365638732910156 0.0215072631835938 -0.196746826171875 -0.2913818359375
0.0123796463012695 0.00285434722900391 0.186065673828125 -0.458404541015625
0.000969409942626953 0.00841474533081055 0.63818359375 -0.23773193359375
-0.0400047302246094 0.00517272949218749 0.65216064453125 0.47125244140625
-0.0314292907714844 -0.0300140380859375 0.0789184570312501 0.8868408203125
0.011566162109375 0.0177364349365234 -0.357666015625 0.56585693359375
0.0268611907958984 0.021636962890625 0.0127983093261719 0.0627899169921875
0.0234622955322266 0.0133514404296875 0.430450439453125 -0.530853271484375
0.0210704803466797 -0.0202732086181641 -0.0235595703125001 -0.95318603515625
-0.00505256652832031 -0.017359733581543 -0.70989990234375 -0.43267822265625
-0.00946426391601563 0.00612926483154297 -0.60589599609375 0.280029296875
-0.000692367553710936 0.0140838623046875 -0.174285888671875 0.45574951171875
-0.0036163330078125 0.00946712493896484 0.207916259765625 0.295379638671875
0.0161685943603516 0.00148487091064453 0.3388671875 0.012603759765625
0.0219364166259766 0.00628662109375 -0.34197998046875 -0.0332641601562499
0.00320053100585938 0.0210208892822266 -0.188018798828125 -0.29254150390625
0.00996875762939453 0.00609970092773438 0.210540771484375 -0.450897216796875
-0.000470161437988281 0.0061492919921875 0.6549072265625 -0.20806884765625
-0.0440177917480469 -0.000659942626953123 0.63897705078125 0.51416015625
-0.0288963317871094 -0.0361175537109375 0.04486083984375 0.89727783203125
0.0134830474853516 0.0154294967651367 -0.3697509765625 0.551239013671875
0.0330543518066406 0.0179901123046875 0.0201568603515625 0.0540122985839844
0.0242042541503906 0.00867843627929688 0.410552978515625 -0.54620361328125
0.0181980133056641 -0.0264873504638672 -0.06915283203125 -0.94488525390625
-0.00928115844726563 -0.0203475952148438 -0.7259521484375 -0.3939208984375
-0.0112466812133789 0.00612258911132813 -0.59124755859375 0.306396484375
-0.00119972229003906 0.0173301696777344 -0.154693603515625 0.464324951171875
-0.00559520721435547 0.0105142593383789 0.216094970703125 0.296600341796875
0.0151996612548828 0.00462722778320313 0.34063720703125 0.0135498046875
0.0221385955810547 0.00669670104980469 -0.337738037109375 -0.037353515625
0.00531196594238281 0.0221729278564453 -0.17767333984375 -0.29156494140625
0.00916767120361328 0.00343608856201172 0.22650146484375 -0.43719482421875
-0.00272846221923828 0.00479650497436523 0.66741943359375 -0.1807861328125
-0.0447349548339844 -0.00428390502929688 0.62115478515625 0.54608154296875
-0.0294532775878906 -0.0426254272460938 0.00891113281249993 0.90631103515625
0.0178451538085937 0.0102519989013672 -0.38226318359375 0.539703369140625
0.0405120849609375 0.0142478942871094 0.0257759094238281 0.0457305908203125
0.0295238494873047 0.0022125244140625 0.39697265625 -0.55682373046875
0.0198307037353516 -0.0312595367431641 -0.10308837890625 -0.9317626953125
-0.0108261108398438 -0.0213394165039063 -0.737060546875 -0.35662841796875
-0.0130271911621094 0.00434398651123047 -0.57373046875 0.32977294921875
-0.00240230560302734 0.0142793655395508 -0.1365966796875 0.4703369140625
-0.00540924072265625 0.00979137420654297 0.224456787109375 0.2935791015625
0.0158224105834961 0.00658416748046875 0.34271240234375 0.010406494140625
0.0224323272705078 0.00797462463378906 -0.337249755859375 -0.036865234375
0.00513076782226563 0.0192317962646484 -0.17132568359375 -0.28973388671875
0.0117549896240234 0.00164604187011719 0.23980712890625 -0.43243408203125
-0.00161898136138916 0.000956058502197266 0.67340087890625 -0.15869140625
-0.0455551147460937 -0.00536727905273438 0.60906982421875 0.57275390625
-0.02716064453125 -0.0438957214355469 -0.01153564453125 0.91705322265625
0.0246772766113281 0.00054931640625 -0.39044189453125 0.537078857421875
0.0519981384277344 0.00565719604492188 0.0290870666503906 0.0409698486328125
0.0374298095703125 -0.0080413818359375 0.38360595703125 -0.5679931640625
0.0183429718017578 -0.034149169921875 -0.1319580078125 -0.9268798828125
-0.0142936706542969 -0.0184860229492188 -0.745361328125 -0.33453369140625
-0.0104141235351563 0.00544929504394531 -0.56610107421875 0.34942626953125
0.00135612487792969 0.0115585327148438 -0.12677001953125 0.47705078125
-0.00457477569580078 0.00633859634399414 0.228363037109375 0.292266845703125
0.0170955657958984 0.00646400451660156 0.341552734375 0.010345458984375
0.0232467651367188 0.00616264343261719 -0.332550048828125 -0.039794921875
0.00478363037109375 0.0140295028686523 -0.168212890625 -0.28857421875
0.0159387588500977 -0.00306129455566406 0.242279052734375 -0.425384521484375
0.000386238098144531 0.0013279914855957 0.67584228515625 -0.1512451171875
-0.0466728210449219 -0.00268936157226563 0.60748291015625 0.58258056640625
-0.0245513916015625 -0.0476226806640625 -0.0172729492187501 0.92132568359375
0.0340900421142578 -0.007476806640625 -0.3934326171875 0.53631591796875
0.0630531311035156 -0.00191116333007812 0.0274810791015625 0.0416984558105469
0.0419998168945313 -0.0144844055175781 0.38043212890625 -0.5677490234375
0.0181846618652344 -0.0364913940429688 -0.1392822265625 -0.923095703125
-0.0137014389038086 -0.0166187286376953 -0.74658203125 -0.32525634765625
-0.00891494750976563 0.00161075592041015 -0.56201171875 0.354095458984375
0.00475931167602539 0.00469446182250977 -0.122955322265625 0.480987548828125
-0.00378537178039551 0.00140643119812012 0.227508544921875 0.2926025390625
0.0163583755493164 0.00303173065185547 0.341705322265625 0.014434814453125
0.0238780975341797 0.000379562377929688 -0.331756591796875 -0.0388183593750001
0.00576353073120117 0.00852680206298828 -0.1729736328125 -0.285888671875
0.019378662109375 -0.0109977722167969 0.2357177734375 -0.427398681640625
0.00474262237548828 0.00152778625488281 0.67181396484375 -0.15887451171875
-0.0437583923339844 0.00222396850585938 0.6119384765625 0.57421875
-0.0262413024902344 -0.0487213134765625 -0.00579833984375007 0.92291259765625
0.0388145446777344 -0.0144157409667969 -0.391387939453125 0.54351806640625
0.0734786987304688 -0.00927734375 0.0222091674804687 0.0466537475585938
0.0458221435546875 -0.0238151550292969 0.380950927734375 -0.56170654296875
0.0197029113769531 -0.0366630554199219 -0.1246337890625 -0.92584228515625
-0.00940036773681641 -0.0118408203125 -0.744384765625 -0.3380126953125
-0.00528144836425781 0.000123500823974609 -0.56658935546875 0.34912109375
0.0105905532836914 -0.00038909912109375 -0.130523681640625 0.481781005859375
-0.00326633453369141 -0.00600576400756836 0.2254638671875 0.296234130859375
0.0153894424438477 -0.00182247161865234 0.339508056640625 0.016448974609375
0.0240478515625 -0.00483894348144531 -0.331787109375 -0.04058837890625
0.00602245330810547 0.000761985778808594 -0.182281494140625 -0.283599853515625
0.0238628387451172 -0.017120361328125 0.22320556640625 -0.428985595703125
0.010258674621582 -1.9073486328125E-06 0.662353515625 -0.174560546875
-0.0418434143066406 0.00905990600585937 0.6241455078125 0.5535888671875
-0.0247611999511719 -0.0444984436035156 0.02197265625 0.9215087890625
0.0426063537597656 -0.0201339721679688 -0.382415771484375 0.555450439453125
0.0776443481445312 -0.0156478881835937 0.0149688720703125 0.0529899597167969
0.0514373779296875 -0.0276870727539062 0.389984130859375 -0.551666259765625
0.0239448547363281 -0.0333404541015625 -0.0994873046875001 -0.93280029296875
-0.00539636611938477 -0.00852251052856445 -0.73638916015625 -0.36334228515625
-0.00391960144042969 -0.00208544731140137 -0.57958984375 0.33477783203125
0.0139741897583008 -0.00677394866943359 -0.1444091796875 0.480010986328125
-0.000871658325195311 -0.012786865234375 0.2181396484375 0.29876708984375
0.0157737731933594 -0.00820350646972656 0.337615966796875 0.018524169921875
0.0227222442626953 -0.00322914123535156 -0.344940185546875 -0.0238037109375
0.00394725799560547 0.0163908004760742 -0.210601806640625 -0.28717041015625
0.0147676467895508 -0.000741958618164063 0.16046142578125 -0.466156005859375
0.00520658493041992 0.00728082656860351 0.6207275390625 -0.277099609375
-0.03533935546875 0.0125045776367187 0.6722412109375 0.42730712890625
-0.0303134918212891 -0.0238227844238281 0.12786865234375 0.8717041015625
0.0110807418823242 0.0165548324584961 -0.3314208984375 0.58026123046875
0.0263614654541016 0.017486572265625 0.00310516357421875 0.0734329223632812
0.0209827423095703 0.016326904296875 0.434661865234375 -0.517059326171875
0.0219097137451172 -0.0152950286865234 0.00390624999999997 -0.95867919921875
-0.00271892547607422 -0.0120935440063477 -0.69805908203125 -0.46783447265625
-0.00545454025268555 0.00551700592041016 -0.61920166015625 0.25390625
0.00121879577636719 0.0121612548828125 -0.18841552734375 0.44854736328125
-0.00413322448730469 0.004425048828125 0.19708251953125 0.2965087890625
0.0151004791259766 -0.00294876098632812 0.33538818359375 0.014801025390625
0.0223636627197266 0.000513076782226562 -0.3424072265625 -0.0236206054687499
0.00636482238769531 0.0218124389648438 -0.199615478515625 -0.287689208984375
0.0120944976806641 0.00320148468017578 0.181060791015625 -0.455780029296875
0.00125312805175781 0.00735139846801758 0.634521484375 -0.24530029296875
-0.03826904296875 0.00583648681640625 0.6551513671875 0.46417236328125
-0.0326824188232422 -0.0289287567138672 0.0879516601562501 0.8829345703125
0.011016845703125 0.0168161392211914 -0.34942626953125 0.56597900390625
0.0256595611572266 0.0196037292480469 0.0126800537109375 0.0638160705566406
0.0201377868652344 0.0146656036376953 0.422821044921875 -0.532623291015625
0.0202312469482422 -0.0204544067382813 -0.0346679687499999 -0.9461669921875
-0.00663948059082031 -0.0180149078369141 -0.71026611328125 -0.4248046875
-0.00817251205444336 0.00554132461547851 -0.6007080078125 0.28179931640625
-0.00119495391845703 0.0156497955322266 -0.167510986328125 0.455047607421875
-0.00472831726074219 0.010594367980957 0.2109375 0.291412353515625
0.0153627395629883 0.00119495391845703 0.3387451171875 0.008209228515625
0.0228195190429688 0.00575065612792969 -0.34063720703125 -0.029327392578125
0.00432014465332031 0.0247974395751953 -0.188720703125 -0.288848876953125
0.00990581512451172 0.00637626647949219 0.2041015625 -0.450286865234375
-0.00209999084472656 0.00466299057006836 0.6480712890625 -0.2159423828125
-0.0437049865722656 0.000915527343750006 0.64111328125 0.50494384765625
-0.0312271118164063 -0.0342121124267578 0.05474853515625 0.89263916015625
0.0136184692382813 0.0130405426025391 -0.362091064453125 0.554473876953125
0.0304069519042969 0.0173416137695312 0.0208168029785156 0.0535202026367188
0.0252647399902344 0.0093841552734375 0.40496826171875 -0.54827880859375
0.0191707611083984 -0.0261116027832031 -0.0792846679687501 -0.93927001953125
-0.0102558135986328 -0.0197696685791016 -0.726806640625 -0.38470458984375
-0.0111169815063477 0.00507354736328125 -0.5850830078125 0.3106689453125
-0.000908851623535156 0.0167598724365234 -0.14923095703125 0.4635009765625
-0.00401782989501953 0.0104131698608398 0.21649169921875 0.291259765625
0.0156898498535156 0.0044097900390625 0.340606689453125 0.009002685546875
0.0231094360351563 0.00706291198730469 -0.33758544921875 -0.030029296875
0.00586128234863281 0.0236015319824219 -0.1798095703125 -0.28759765625
0.00895595550537109 0.00356483459472656 0.221649169921875 -0.4393310546875
-0.00492763519287109 0.00457286834716797 0.66143798828125 -0.18719482421875
-0.0460281372070313 -0.00195312499999999 0.6229248046875 0.5367431640625
-0.0292396545410156 -0.0402107238769531 0.01806640625 0.90521240234375
0.0189094543457031 0.00823402404785156 -0.37506103515625 0.542633056640625
0.0401763916015625 0.0111312866210938 0.027191162109375 0.0461006164550781
0.0300788879394531 0.0007781982421875 0.3902587890625 -0.5589599609375
0.015045166015625 -0.0299186706542969 -0.113525390625 -0.92791748046875
-0.0103816986083984 -0.0210037231445313 -0.73602294921875 -0.34796142578125
-0.010706901550293 0.00493812561035156 -0.56890869140625 0.335205078125
-0.000435829162597656 0.0150213241577148 -0.129638671875 0.47149658203125
-0.0021514892578125 0.0103921890258789 0.226318359375 0.288543701171875
0.0158796310424805 0.0064239501953125 0.341217041015625 0.00592041015625
0.0241546630859375 0.00759315490722656 -0.334075927734375 -0.0331115722656251
0.00465011596679687 0.020050048828125 -0.172576904296875 -0.28692626953125
0.0098724365234375 0.00177574157714844 0.234954833984375 -0.431488037109375
-0.00248146057128906 0.00149750709533691 0.6689453125 -0.16595458984375
-0.0466270446777344 -0.00378036499023438 0.61279296875 0.5616455078125
-0.0267448425292969 -0.0443229675292969 -0.00323486328125001 0.91357421875
0.0258274078369141 0.000810623168945312 -0.38201904296875 0.53656005859375
0.0510025024414063 0.00512313842773438 0.0302162170410156 0.042449951171875
0.0348892211914063 -0.00638389587402344 0.378173828125 -0.5679931640625
0.0171260833740234 -0.0342388153076172 -0.1412353515625 -0.91937255859375
-0.0135135650634766 -0.0199260711669922 -0.74444580078125 -0.32391357421875
-0.0120000839233398 0.00414562225341797 -0.557647705078125 0.352935791015625
0.00196647644042969 0.0115385055541992 -0.1199951171875 0.47735595703125
-0.00387811660766601 0.00646400451660156 0.2305908203125 0.288238525390625
0.0163345336914063 0.00470542907714844 0.34039306640625 0.0074462890625
0.0238437652587891 0.00436592102050781 -0.332305908203125 -0.03448486328125
0.00620746612548828 0.0130672454833984 -0.172698974609375 -0.283935546875
0.0139560699462891 -0.00262260437011719 0.23638916015625 -0.428253173828125
5.48362731933593E-05 0.00106054544448853 0.67120361328125 -0.15924072265625
-0.0463333129882812 -0.00143051147460937 0.61041259765625 0.57373046875
-0.0251960754394531 -0.0490798950195313 -0.00872802734374991 0.91790771484375
0.0324211120605469 -0.00771903991699219 -0.38616943359375 0.537139892578125
0.0620574951171875 -0.0048675537109375 0.0276947021484375 0.041412353515625
0.0403480529785156 -0.0168037414550781 0.370849609375 -0.569091796875
0.0176315307617187 -0.0359420776367188 -0.14788818359375 -0.9163818359375
-0.01220703125 -0.0165271759033203 -0.7469482421875 -0.31591796875
-0.00938510894775391 0.00146865844726562 -0.555267333984375 0.36077880859375
0.00555133819580078 0.00559854507446289 -0.118408203125 0.478973388671875
-0.00457096099853516 0.00128698348999023 0.22998046875 0.2896728515625
0.0156660079956055 0.00202369689941406 0.339691162109375 0.00909423828125
0.0244731903076172 0.00032806396484375 -0.333038330078125 -0.03466796875
0.00678634643554687 0.00752401351928711 -0.175628662109375 -0.28216552734375
0.0196208953857422 -0.00936126708984375 0.230804443359375 -0.428955078125
0.00358748435974121 2.38418579101563E-05 0.6678466796875 -0.165771484375
-0.0432052612304688 0.00421142578124999 0.6158447265625 0.56353759765625
-0.0234184265136719 -0.0464210510253906 0.00238037109375006 0.92010498046875
0.0383720397949219 -0.0149192810058594 -0.383514404296875 0.54364013671875
0.0720977783203125 -0.0120010375976562 0.0221443176269531 0.0465888977050781
0.0460624694824219 -0.0232086181640625 0.375244140625 -0.56353759765625
0.0193214416503906 -0.0360527038574219 -0.13360595703125 -0.91943359375
-0.0100870132446289 -0.0126571655273437 -0.745361328125 -0.329345703125
-0.00500917434692383 0.00174379348754883 -0.56231689453125 0.35443115234375
0.0101194381713867 -0.000128746032714844 -0.12689208984375 0.481658935546875
-0.00322437286376953 -0.00523185729980469 0.227264404296875 0.29205322265625
0.0158500671386719 -0.00313949584960937 0.3402099609375 0.0123291015625
0.0259647369384766 -0.00472068786621094 -0.332550048828125 -0.0337829589843749
0.00627851486206055 0.00230264663696289 -0.183319091796875 -0.281890869140625
0.0228004455566406 -0.0157527923583984 0.218170166015625 -0.43182373046875
0.00959110260009765 0.00117206573486328 0.65765380859375 -0.1810302734375
-0.0396194458007812 0.0118522644042969 0.63104248046875 0.54266357421875
-0.0247573852539063 -0.0431556701660156 0.0307006835937499 0.9154052734375
0.0428619384765625 -0.0195198059082031 -0.375091552734375 0.558563232421875
0.0782012939453125 -0.01812744140625 0.0138282775878906 0.0537452697753906
0.0496368408203125 -0.0278778076171875 0.38323974609375 -0.552459716796875
0.0195446014404297 -0.0326766967773438 -0.1102294921875 -0.92633056640625
-0.00621795654296875 -0.00672149658203125 -0.7359619140625 -0.3546142578125
-0.00171244144439697 -0.00197947025299072 -0.57379150390625 0.33935546875
0.0134696960449219 -0.00675392150878906 -0.1370849609375 0.477874755859375
-0.002166748046875 -0.0119667053222656 0.22052001953125 0.294708251953125
0.0153684616088867 -0.00817394256591797 0.33697509765625 0.015045166015625
0.0233783721923828 -0.000528335571289063 -0.3414306640625 -0.0208740234375
0.005401611328125 0.0155267715454102 -0.212493896484375 -0.284393310546875
0.0147800445556641 -0.000750541687011719 0.157135009765625 -0.466278076171875
0.00523567199707031 0.00545644760131836 0.6123046875 -0.2811279296875
-0.0358963012695313 0.0122795104980469 0.67388916015625 0.41729736328125
-0.0303401947021484 -0.0219993591308594 0.13665771484375 0.86505126953125
0.0103588104248047 0.0181541442871094 -0.32708740234375 0.58154296875
0.0262985229492188 0.0176906585693359 0.00423431396484375 0.0721282958984375
0.0219764709472656 0.0158100128173828 0.426513671875 -0.516937255859375
0.021453857421875 -0.0148677825927734 -0.00238037109375009 -0.954345703125
-0.00368881225585938 -0.0106000900268555 -0.69793701171875 -0.45703125
-0.00619888305664062 0.00613689422607422 -0.61279296875 0.25848388671875
0.00342845916748047 0.0121946334838867 -0.185333251953125 0.44775390625
-0.00261592864990234 0.00392794609069824 0.20135498046875 0.292388916015625
0.0168285369873047 -0.00349521636962891 0.335784912109375 0.01129150390625
0.0214653015136719 0.000425338745117187 -0.34429931640625 -0.020965576171875
0.00725746154785156 0.02252197265625 -0.202728271484375 -0.28167724609375
0.0123748779296875 0.0011749267578125 0.174652099609375 -0.454620361328125
8.96453857421875E-05 0.006134033203125 0.63128662109375 -0.25164794921875
-0.0390510559082031 0.00797653198242188 0.6558837890625 0.45330810546875
-0.0322360992431641 -0.0281391143798828 0.0929565429687501 0.87457275390625
0.0119743347167969 0.0143423080444336 -0.339111328125 0.56683349609375
0.0260505676269531 0.0183086395263672 0.0112800598144531 0.06427001953125
0.0214595794677734 0.0120754241943359 0.41424560546875 -0.532196044921875
0.0183143615722656 -0.0212249755859375 -0.0411376953125001 -0.9415283203125
-0.00622463226318359 -0.0162525177001953 -0.71014404296875 -0.41717529296875
-0.00959300994873047 0.00629234313964844 -0.59228515625 0.28857421875
-0.00133609771728516 0.0134391784667969 -0.16058349609375 0.455230712890625
-0.00409984588623047 0.0115108489990234 0.210784912109375 0.28912353515625
0.0154285430908203 0.00119209289550781 0.33636474609375 0.00262451171875
0.0220241546630859 0.00622940063476563 -0.33856201171875 -0.0240783691406249
0.00543212890625 0.0250034332275391 -0.191558837890625 -0.2845458984375
0.00790214538574219 0.00472068786621094 0.1981201171875 -0.452880859375
-0.00395488739013672 0.00424051284790039 0.64337158203125 -0.2215576171875
-0.0437850952148438 0.00230407714843751 0.64385986328125 0.49310302734375
-0.0306320190429688 -0.0325851440429687 0.057861328125 0.888427734375
0.0135211944580078 0.0131511688232422 -0.353759765625 0.554046630859375
0.0323238372802734 0.0164699554443359 0.019866943359375 0.0526580810546875
0.0245895385742187 0.00763511657714844 0.39825439453125 -0.546417236328125
0.0175647735595703 -0.0249195098876953 -0.0869140625000001 -0.9339599609375
-0.00844955444335938 -0.0209255218505859 -0.72564697265625 -0.3765869140625
-0.0107507705688477 0.0055999755859375 -0.57879638671875 0.31634521484375
-0.00196647644042969 0.0161819458007813 -0.145111083984375 0.464263916015625
-0.00421237945556641 0.0124912261962891 0.221710205078125 0.287628173828125
0.0176506042480469 0.0055999755859375 0.338531494140625 0.004150390625
0.0216121673583984 0.00804328918457031 -0.33636474609375 -0.02691650390625
0.00570869445800781 0.025177001953125 -0.183624267578125 -0.284515380859375
0.0080714225769043 0.00617456436157227 0.21380615234375 -0.44000244140625
-0.00537729263305664 0.00348424911499023 0.65594482421875 -0.19244384765625
-0.0458641052246094 -0.00266265869140625 0.62518310546875 0.530029296875
-0.0298538208007813 -0.0373039245605469 0.0257568359375 0.89874267578125
0.0201129913330078 0.00854301452636719 -0.367034912109375 0.540863037109375
0.0397148132324219 0.0116996765136719 0.0272254943847656 0.0460586547851563
0.0287418365478516 -0.000223159790039063 0.384429931640625 -0.55694580078125
0.0173377990722656 -0.0319252014160156 -0.12103271484375 -0.92425537109375
-0.0135688781738281 -0.0216712951660156 -0.73699951171875 -0.3394775390625
-0.0111408233642578 0.00341796875 -0.56256103515625 0.33843994140625
0.00130271911621094 0.0164022445678711 -0.12725830078125 0.469146728515625
-0.00275421142578125 0.0112895965576172 0.22833251953125 0.28668212890625
0.0148591995239258 0.00541210174560547 0.340911865234375 0.0006103515625
0.0228099822998047 0.00763893127441406 -0.333587646484375 -0.029266357421875
0.00598526000976563 0.0200347900390625 -0.177032470703125 -0.282257080078125
0.00850868225097656 0.00207424163818359 0.228271484375 -0.434356689453125
-0.00288987159729004 0.00186991691589355 0.6646728515625 -0.17236328125
-0.0472335815429688 -0.00229644775390625 0.614990234375 0.55291748046875
-0.0285797119140625 -0.0418281555175781 0.00640869140625004 0.9073486328125
0.0250568389892578 0.000169754028320313 -0.374542236328125 0.53802490234375
0.0498046875 0.00492477416992188 0.0302085876464844 0.04376220703125
0.0357017517089844 -0.00822067260742188 0.36993408203125 -0.57025146484375
0.0167770385742188 -0.0336971282958984 -0.14605712890625 -0.91455078125
-0.0132503509521484 -0.0194072723388672 -0.7427978515625 -0.31658935546875
-0.011225700378418 0.00295734405517578 -0.55096435546875 0.356109619140625
0.00213623046875 0.0136442184448242 -0.115966796875 0.477020263671875
-0.00563478469848633 0.00716972351074219 0.233154296875 0.284332275390625
0.0173311233520508 0.00568962097167969 0.33929443359375 0.0035400390625
0.0255756378173828 0.00379180908203125 -0.331878662109375 -0.0303955078125
0.00662803649902344 0.0155248641967773 -0.174484252929688 -0.278533935546875
0.0124845504760742 -0.00146865844726562 0.231475830078125 -0.42803955078125
-0.00140321254730225 -0.000176429748535156 0.6646728515625 -0.1650390625
-0.0449485778808594 -0.000724792480468743 0.6112060546875 0.562744140625
-0.0253257751464844 -0.0463294982910156 -0.00158691406250002 0.91217041015625
0.0314292907714844 -0.00938606262207031 -0.37969970703125 0.538360595703125
0.0604362487792969 -0.00550079345703125 0.0294265747070313 0.0416908264160156
0.0420150756835938 -0.0173263549804688 0.36614990234375 -0.568603515625
0.0171165466308594 -0.0364875793457031 -0.154296875 -0.91162109375
-0.013249397277832 -0.0157651901245117 -0.74383544921875 -0.3096923828125
-0.0085611343383789 0.00238752365112305 -0.55010986328125 0.36407470703125
0.00538396835327148 0.00656318664550781 -0.113861083984375 0.477447509765625
-0.00483894348144531 0.00286006927490234 0.23297119140625 0.286102294921875
0.014246940612793 0.00378036499023438 0.336273193359375 0.0064697265625
0.0263538360595703 -0.0001678466796875 -0.3309326171875 -0.031097412109375
0.00679683685302734 0.00936317443847656 -0.178421020507812 -0.278671264648438
0.0186100006103516 -0.00980567932128906 0.225128173828125 -0.428985595703125
0.00255513191223145 0.000144004821777344 0.6624755859375 -0.1728515625
-0.0429878234863281 0.00424575805664063 0.61724853515625 0.554931640625
-0.0251083374023438 -0.0453376770019531 0.0110473632812501 0.91448974609375
0.0379714965820313 -0.0140037536621094 -0.37677001953125 0.544586181640625
0.0705795288085938 -0.0131759643554687 0.0215835571289063 0.0454826354980469
0.0461616516113281 -0.0239105224609375 0.36663818359375 -0.5633544921875
0.019683837890625 -0.0352935791015625 -0.142822265625 -0.91571044921875
-0.0088491439819336 -0.0124521255493164 -0.7430419921875 -0.32147216796875
-0.00558662414550781 0.00013113021850586 -0.555938720703125 0.3599853515625
0.009735107421875 0.00205135345458984 -0.120330810546875 0.480621337890625
-0.00326228141784668 -0.00422787666320801 0.23028564453125 0.286529541015625
0.0161590576171875 -0.000861167907714844 0.3363037109375 0.008087158203125
0.0265712738037109 -0.00478363037109375 -0.33209228515625 -0.03155517578125
0.00462007522583008 0.00193023681640625 -0.186813354492187 -0.2772216796875
0.0235118865966797 -0.0150947570800781 0.211029052734375 -0.43505859375
0.00834846496582031 0.000124931335449219 0.6534423828125 -0.18780517578125
-0.04010009765625 0.0104904174804688 0.63067626953125 0.53375244140625
-0.0228157043457031 -0.0423545837402344 0.03814697265625 0.9111328125
0.0410079956054688 -0.0193519592285156 -0.367889404296875 0.55810546875
0.0769805908203125 -0.0175857543945313 0.0143547058105469 0.0531806945800781
0.0492630004882813 -0.0279884338378906 0.377410888671875 -0.551666259765625
0.0217437744140625 -0.0328884124755859 -0.11700439453125 -0.920166015625
-0.0057215690612793 -0.00691699981689453 -0.7342529296875 -0.3477783203125
-0.00385069847106934 -0.00109386444091797 -0.57049560546875 0.34100341796875
0.0131673812866211 -0.00571250915527344 -0.1361083984375 0.47698974609375
-0.00400924682617188 -0.0104131698608398 0.2235107421875 0.290252685546875
0.0162820816040039 -0.00827884674072266 0.335784912109375 0.012298583984375
0.0233249664306641 -0.00302696228027344 -0.341339111328125 -0.01519775390625
0.00481986999511719 0.01947021484375 -0.215789794921875 -0.281280517578125
0.012263298034668 -0.00134086608886719 0.150909423828125 -0.46630859375
0.00330686569213867 0.00867033004760742 0.60760498046875 -0.28271484375
-0.03424072265625 0.0138187408447266 0.67352294921875 0.41168212890625
-0.0335578918457031 -0.0207195281982422 0.14044189453125 0.86175537109375
0.0107812881469727 0.0165987014770508 -0.31951904296875 0.58001708984375
0.0230884552001953 0.0185813903808594 0.00237274169921875 0.07232666015625
0.0214748382568359 0.0146350860595703 0.420867919921875 -0.517791748046875
0.0200862884521484 -0.0159893035888672 -0.0101318359375 -0.9498291015625
-0.00263214111328125 -0.0107707977294922 -0.6968994140625 -0.45361328125
-0.00361299514770508 0.00636959075927734 -0.607421875 0.2615966796875
0.00387477874755859 0.011134147644043 -0.18011474609375 0.4444580078125
-0.00489187240600586 0.00487327575683594 0.2008056640625 0.288848876953125
0.0157089233398438 -0.00310039520263672 0.333526611328125 0.007110595703125
0.0235519409179688 0.00218582153320313 -0.34112548828125 -0.018585205078125
0.00681304931640625 0.0245094299316406 -0.205398559570313 -0.280899047851563
0.0110311508178711 0.00348663330078125 0.170074462890625 -0.458892822265625
-0.00169563293457031 0.00678205490112305 0.620849609375 -0.25653076171875
-0.03900146484375 0.00738143920898438 0.6546630859375 0.44671630859375
-0.0309600830078125 -0.0256595611572266 0.0979003906250001 0.87176513671875
0.0109987258911133 0.0164108276367187 -0.33245849609375 0.5665283203125
0.026947021484375 0.0180816650390625 0.0126075744628906 0.0626144409179688
0.0215167999267578 0.0110969543457031 0.4095458984375 -0.529022216796875
0.0179367065429688 -0.0225658416748047 -0.0494384765625 -0.93707275390625
-0.00696754455566406 -0.0160531997680664 -0.7073974609375 -0.4072265625
-0.00662469863891601 0.00603818893432617 -0.5877685546875 0.29156494140625
-0.000597953796386718 0.0158309936523438 -0.16058349609375 0.45068359375
-0.00414657592773438 0.0110492706298828 0.2161865234375 0.286895751953125
0.013789176940918 0.000428199768066406 0.335662841796875 0.00213623046875
0.0239505767822266 0.00445365905761719 -0.337158203125 -0.0215759277343751
0.00745773315429687 0.0242424011230469 -0.191696166992187 -0.280960083007813
0.00746774673461914 0.00473499298095703 0.19281005859375 -0.450347900390625
-0.00524377822875976 0.0050053596496582 0.638671875 -0.2257080078125
-0.0428657531738281 0.0017852783203125 0.64190673828125 0.485107421875
-0.0288829803466797 -0.0308780670166016 0.0655517578125 0.884521484375
0.0144319534301758 0.0131816864013672 -0.34674072265625 0.553924560546875
0.0312595367431641 0.0156593322753906 0.0237846374511719 0.0542564392089844
0.0258979797363281 0.0089874267578125 0.390167236328125 -0.5433349609375
0.0174236297607422 -0.0257167816162109 -0.0930175781249999 -0.92755126953125
-0.0107402801513672 -0.0200424194335937 -0.7254638671875 -0.367431640625
-0.0108194351196289 0.00459384918212891 -0.5748291015625 0.3189697265625
-0.000112533569335939 0.0168275833129883 -0.13818359375 0.461212158203125
-0.00581932067871094 0.0127677917480469 0.220672607421875 0.2847900390625
0.0167884826660156 0.00406455993652344 0.338165283203125 0.003082275390625
0.0221633911132812 0.00683403015136719 -0.337188720703125 -0.02130126953125
0.00761604309082031 0.0251636505126953 -0.186248779296875 -0.278182983398438
0.00919246673583984 0.00454902648925781 0.208282470703125 -0.437469482421875
-0.00533294677734375 0.00519227981567383 0.65081787109375 -0.195556640625
-0.0447578430175781 -0.00107955932617187 0.623291015625 0.51861572265625
-0.0278892517089844 -0.0374755859375 0.0313110351562499 0.892333984375
0.0169191360473633 0.00834941864013672 -0.36431884765625 0.53955078125
0.0391998291015625 0.0112991333007813 0.0275077819824219 0.0465736389160156
0.0290508270263672 0.000219345092773438 0.378692626953125 -0.558563232421875
0.0170383453369141 -0.0327491760253906 -0.12628173828125 -0.9158935546875
-0.0130500793457031 -0.0225772857666016 -0.7318115234375 -0.33428955078125
-0.0136966705322266 0.00583267211914063 -0.55743408203125 0.341217041015625
-0.000246047973632813 0.0168733596801758 -0.12158203125 0.468170166015625
-0.00394630432128906 0.0115261077880859 0.22943115234375 0.281097412109375
0.0160713195800781 0.005462646484375 0.3365478515625 -0.002532958984375
0.0271854400634766 0.0102348327636719 -0.3311767578125 -0.026275634765625
0.00755882263183594 0.0213127136230469 -0.176910400390625 -0.278076171875
0.00982189178466797 0.00331974029541016 0.224029541015625 -0.435577392578125
-0.00444984436035156 0.000785827636718751 0.6591796875 -0.175048828125
-0.0454902648925781 -0.0035858154296875 0.61700439453125 0.5465087890625
-0.0286865234375 -0.0405082702636719 0.01275634765625 0.9052734375
0.0254001617431641 0.001190185546875 -0.369415283203125 0.53961181640625
0.0498924255371094 0.00445938110351562 0.0316123962402344 0.0405540466308594
0.0339851379394531 -0.00781822204589844 0.3651123046875 -0.5677490234375
0.0151596069335937 -0.0353050231933594 -0.15283203125 -0.907470703125
-0.0128917694091797 -0.0196704864501953 -0.73980712890625 -0.30889892578125
-0.0112276077270508 0.00357246398925781 -0.54510498046875 0.35870361328125
0.00113391876220703 0.013763427734375 -0.10888671875 0.474029541015625
-0.00183868408203125 0.008941650390625 0.233993530273437 0.2806396484375
0.0153789520263672 0.00422096252441406 0.33648681640625 0.0030517578125
0.0250263214111328 0.00550079345703125 -0.330169677734375 -0.028045654296875
0.00732421875 0.0167865753173828 -0.1767578125 -0.278488159179687
0.0133934020996094 -0.00428867340087891 0.22760009765625 -0.429840087890625
-0.00104433298110962 0.000561416149139404 0.65997314453125 -0.16845703125
-0.0445404052734375 -0.00124359130859376 0.61102294921875 0.55462646484375
-0.0258331298828125 -0.0441856384277344 0.00427246093750002 0.90869140625
0.0318641662597656 -0.00748634338378906 -0.371917724609375 0.53692626953125
0.0590476989746094 -0.00326156616210938 0.0293464660644531 0.041534423828125
0.0392494201660156 -0.0154380798339844 0.36053466796875 -0.565185546875
0.016387939453125 -0.0355682373046875 -0.1568603515625 -0.904296875
-0.0131044387817383 -0.0167713165283203 -0.74200439453125 -0.29931640625
-0.00776004791259766 0.0015101432800293 -0.545501708984375 0.363922119140625
0.00666666030883789 0.00708675384521484 -0.11077880859375 0.47637939453125
-0.00463294982910156 0.00182437896728516 0.23443603515625 0.283172607421875
0.0167913436889648 0.0037078857421875 0.335601806640625 0.0057373046875
0.0266189575195313 -0.00112342834472656 -0.329986572265625 -0.0257263183593751
0.00774192810058594 0.0102062225341797 -0.179183959960938 -0.277587890625
0.0159111022949219 -0.00961685180664063 0.22021484375 -0.427001953125
0.0022273063659668 0.00103116035461426 0.6552734375 -0.17767333984375
-0.0433883666992188 0.00394058227539063 0.6177978515625 0.5457763671875
-0.0237579345703125 -0.044281005859375 0.0177001953125 0.91192626953125
0.0401649475097656 -0.0163497924804688 -0.371063232421875 0.546234130859375
0.0670127868652344 -0.0132217407226563 0.02313232421875 0.0456161499023438
0.0450248718261719 -0.0243873596191406 0.363800048828125 -0.56207275390625
0.0182380676269531 -0.0360527038574219 -0.1458740234375 -0.9066162109375
-0.0112123489379883 -0.00990962982177734 -0.740478515625 -0.31353759765625
-0.00631284713745117 -0.000948905944824219 -0.551025390625 0.36090087890625
0.00882339477539063 0.00211429595947266 -0.116058349609375 0.476898193359375
-0.0041046142578125 -0.00563430786132813 0.231781005859375 0.283935546875
0.0164518356323242 -0.00508785247802734 0.33575439453125 0.005096435546875
0.0272979736328125 -0.00429916381835938 -0.331878662109375 -0.0256958007812501
0.0102682113647461 0.00279712677001953 -0.186492919921875 -0.27349853515625
0.0198917388916016 -0.0135231018066406 0.206756591796875 -0.4310302734375
0.00674819946289063 -0.00103092193603516 0.647216796875 -0.19219970703125
-0.0386848449707031 0.0135536193847656 0.63299560546875 0.5244140625
-0.0258941650390625 -0.043487548828125 0.04437255859375 0.906494140625
0.0409278869628906 -0.0204505920410156 -0.364349365234375 0.557586669921875
0.0755081176757813 -0.0197525024414063 0.0150642395019531 0.0541419982910156
0.0490913391113281 -0.0280799865722656 0.37103271484375 -0.54998779296875
0.0214385986328125 -0.0330657958984375 -0.12432861328125 -0.91302490234375
-0.00633573532104492 -0.00716066360473633 -0.73321533203125 -0.33935546875
-0.00232362747192383 -0.000614643096923828 -0.561767578125 0.344573974609375
0.0139045715332031 -0.00566005706787109 -0.129425048828125 0.47576904296875
-0.00283336639404297 -0.0118532180786133 0.22430419921875 0.287200927734375
0.0133085250854492 -0.00751876831054688 0.335601806640625 0.00994873046875
0.0256214141845703 -0.00206947326660156 -0.34039306640625 -0.0134582519531249
0.00656700134277344 0.0179729461669922 -0.21539306640625 -0.277267456054687
0.0131473541259766 0.000298500061035156 0.145538330078125 -0.464385986328125
0.00413370132446289 0.00610208511352539 0.6029052734375 -0.2891845703125
-0.0339736938476563 0.0148372650146484 0.67193603515625 0.40557861328125
-0.030242919921875 -0.0204410552978516 0.14459228515625 0.8560791015625
0.0122432708740234 0.0163660049438477 -0.31396484375 0.5789794921875
0.0246238708496094 0.0164928436279297 0.0042877197265625 0.0736923217773438
0.0203571319580078 0.0149917602539063 0.416748046875 -0.51300048828125
0.0199813842773438 -0.0147953033447266 -0.0142211914062499 -0.94439697265625
-0.00240707397460938 -0.0118942260742188 -0.69427490234375 -0.4461669921875
-0.00487232208251953 0.00432872772216797 -0.60296630859375 0.2650146484375
0.00263786315917969 0.0114507675170898 -0.176788330078125 0.444183349609375
-0.00386762619018555 0.00571727752685547 0.20269775390625 0.286163330078125
0.0165128707885742 -0.00495529174804688 0.332061767578125 0.0062255859375
0.0249176025390625 0.00069427490234375 -0.338836669921875 -0.01177978515625
0.00706291198730469 0.0231246948242188 -0.204269409179688 -0.275863647460937
0.00939750671386719 0.00165843963623047 0.1651611328125 -0.4541015625
-0.000767707824707032 0.00658607482910156 0.618408203125 -0.25616455078125
-0.0372695922851562 0.00794601440429687 0.6558837890625 0.4404296875
-0.0303726196289063 -0.0250682830810547 0.1031494140625 0.86370849609375
0.0120220184326172 0.0155162811279297 -0.33099365234375 0.56475830078125
0.0257472991943359 0.0180416107177734 0.0129547119140625 0.0630149841308594
0.0219554901123047 0.0136890411376953 0.405120849609375 -0.52862548828125
0.0189113616943359 -0.0201835632324219 -0.0515747070312501 -0.92926025390625
-0.00726890563964844 -0.0184249877929688 -0.706298828125 -0.40350341796875
-0.00839757919311523 0.00560903549194336 -0.58502197265625 0.29193115234375
9.53674316405537E-07 0.0169429779052734 -0.15570068359375 0.451690673828125
-0.00350189208984375 0.0117692947387695 0.21588134765625 0.281494140625
0.0150604248046875 -0.000288009643554687 0.334503173828125 0.00018310546875
0.0260734558105469 0.00504684448242187 -0.33795166015625 -0.0189514160156251
0.00844192504882812 0.0249843597412109 -0.193939208984375 -0.279220581054687
0.00705814361572266 0.00520420074462891 0.188934326171875 -0.450408935546875
-0.00552892684936524 0.00364446640014648 0.63311767578125 -0.2286376953125
-0.042266845703125 0.00194931030273437 0.64154052734375 0.4788818359375
-0.0286693572998047 -0.0296096801757812 0.0695800781250001 0.877685546875
0.0142068862915039 0.0136194229125977 -0.343963623046875 0.55035400390625
0.0298175811767578 0.0162277221679688 0.022308349609375 0.0527610778808594
0.0229949951171875 0.00867843627929688 0.38641357421875 -0.544525146484375
0.0160083770751953 -0.0263404846191406 -0.0965576171875001 -0.920654296875
-0.0096435546875 -0.0195446014404297 -0.72235107421875 -0.36456298828125
-0.0117015838623047 0.00476455688476563 -0.56903076171875 0.32080078125
-0.00136947631835937 0.0168628692626953 -0.136383056640625 0.4580078125
-0.00484466552734375 0.0129737854003906 0.222579956054688 0.280380249023438
0.0171356201171875 0.0028533935546875 0.3349609375 -0.00030517578125
0.0251655578613281 0.00573539733886719 -0.3341064453125 -0.019805908203125
0.00791740417480469 0.0251026153564453 -0.18316650390625 -0.276809692382813
0.0080409049987793 0.00597000122070313 0.205230712890625 -0.439208984375
-0.00688982009887695 0.00312662124633789 0.64569091796875 -0.2010498046875
-0.0446662902832031 -0.000419616699218748 0.62640380859375 0.51641845703125
-0.0288448333740234 -0.0351333618164063 0.03472900390625 0.88800048828125
0.0180835723876953 0.00888824462890625 -0.35784912109375 0.540863037109375
0.0381355285644531 0.010711669921875 0.0277061462402344 0.0468597412109375
0.0283584594726562 0.000858306884765625 0.372650146484375 -0.555023193359375
0.0153141021728516 -0.0306320190429688 -0.13031005859375 -0.9095458984375
-0.0116748809814453 -0.0200729370117188 -0.72998046875 -0.32666015625
-0.0127744674682617 0.00429153442382813 -0.553192138671875 0.3428955078125
-0.000105857849121093 0.0157804489135742 -0.118560791015625 0.4644775390625
-0.00437259674072266 0.0120811462402344 0.234405517578125 0.277801513671875
0.0166997909545898 0.00514602661132813 0.336090087890625 -0.003173828125
0.0247726440429688 0.0069732666015625 -0.33148193359375 -0.022796630859375
0.00802230834960938 0.0221939086914063 -0.178375244140625 -0.275833129882812
0.00895023345947266 0.00280952453613281 0.21783447265625 -0.432342529296875
-0.00641727447509766 0.00115489959716797 0.654052734375 -0.17999267578125
-0.0448951721191406 -0.00139236450195312 0.61444091796875 0.53936767578125
-0.0259284973144531 -0.0403175354003906 0.01470947265625 0.8990478515625
0.0248260498046875 -6.67572021484375E-05 -0.365325927734375 0.53643798828125
0.0485877990722656 0.00310134887695313 0.030914306640625 0.0418968200683594
0.0338382720947266 -0.00830841064453125 0.3607177734375 -0.56549072265625
0.0156230926513672 -0.0348777770996094 -0.15679931640625 -0.901611328125
-0.0138664245605469 -0.0195655822753906 -0.7396240234375 -0.305908203125
-0.0111255645751953 0.00420188903808594 -0.542388916015625 0.35955810546875
0.00274372100830078 0.0134115219116211 -0.10723876953125 0.4715576171875
-0.00365924835205078 0.0086822509765625 0.234054565429688 0.2774658203125
0.0161600112915039 0.00454616546630859 0.334625244140625 -0.002105712890625
0.0261096954345703 0.00476264953613281 -0.32977294921875 -0.0247192382812499
0.00729465484619141 0.0159759521484375 -0.177520751953125 -0.273773193359375
0.0128278732299805 -0.00419712066650391 0.22119140625 -0.428497314453125
-0.00257492065429688 -0.000309467315673828 0.65643310546875 -0.1727294921875
-0.0442047119140625 0.00136947631835938 0.61187744140625 0.546630859375
-0.0258102416992187 -0.0433425903320313 0.0103149414062499 0.90185546875
0.0327110290527344 -0.00914764404296875 -0.368255615234375 0.53839111328125
0.0585784912109375 -0.00572586059570312 0.0288162231445313 0.0415153503417969
0.0398712158203125 -0.0178451538085938 0.35235595703125 -0.5638427734375
0.0168342590332031 -0.0353813171386719 -0.1639404296875 -0.8975830078125
-0.0139102935791016 -0.0162487030029297 -0.7406005859375 -0.29510498046875
-0.00936508178710938 0.000892639160156252 -0.53887939453125 0.36602783203125
0.00544166564941406 0.00773715972900391 -0.106109619140625 0.474639892578125
-0.00455760955810547 0.00202751159667969 0.235977172851563 0.278182983398438
0.0163898468017578 0.000794410705566406 0.33538818359375 0.000274658203125
0.0278263092041016 -0.00077056884765625 -0.32879638671875 -0.0230712890625001
0.0084075927734375 0.0107078552246094 -0.180801391601563 -0.271270751953125
0.0173749923706055 -0.00955104827880859 0.215850830078125 -0.426788330078125
0.00155925750732422 0.000372409820556641 0.65142822265625 -0.17974853515625
-0.0421371459960938 0.00586700439453125 0.61785888671875 0.53948974609375
-0.024200439453125 -0.0431785583496094 0.0200195312499999 0.9044189453125
0.0385360717773438 -0.0155487060546875 -0.365264892578125 0.5447998046875
0.0676460266113281 -0.0151901245117187 0.0232162475585938 0.0471115112304688
0.0431594848632813 -0.0252952575683594 0.356964111328125 -0.558685302734375
0.0176029205322266 -0.0348396301269531 -0.1512451171875 -0.9010009765625
-0.0101308822631836 -0.0117826461791992 -0.73651123046875 -0.30810546875
-0.00668430328369141 5.10215759277358E-05 -0.545013427734375 0.36285400390625
0.00905990600585938 0.00043487548828125 -0.113372802734375 0.4774169921875
-0.00472068786621094 -0.00367879867553711 0.233200073242188 0.28045654296875
0.0152063369750977 -0.00319099426269531 0.333984375 0.00238037109375
0.0280914306640625 -0.00511360168457031 -0.327667236328125 -0.0240173339843749
0.00725841522216797 0.00397968292236328 -0.188735961914063 -0.2701416015625
0.0207157135009766 -0.0151576995849609 0.20098876953125 -0.430419921875
0.00633621215820312 -0.000577926635742187 0.642578125 -0.195068359375
-0.0386886596679688 0.0128326416015625 0.63214111328125 0.5189208984375
-0.0235671997070313 -0.0400314331054688 0.0473022460937501 0.90008544921875
0.0418281555175781 -0.0221977233886719 -0.3543701171875 0.5565185546875
0.0736846923828125 -0.018890380859375 0.0159568786621094 0.0535850524902344
0.0487709045410156 -0.0291099548339844 0.36505126953125 -0.54840087890625
0.0204219818115234 -0.0335826873779297 -0.12615966796875 -0.90960693359375
-0.00685882568359375 -0.00624227523803711 -0.7288818359375 -0.3333740234375
-0.00324130058288574 -0.00207018852233887 -0.55706787109375 0.34625244140625
0.0134677886962891 -0.00581169128417969 -0.1260986328125 0.4718017578125
-0.00432682037353516 -0.010101318359375 0.22650146484375 0.28564453125
0.0147514343261719 -0.00872421264648438 0.332763671875 0.006072998046875
0.0252132415771484 -0.00238609313964844 -0.33831787109375 -0.0102233886718751
0.007080078125 0.0195484161376953 -0.217086791992188 -0.273712158203125
0.0128984451293945 5.91278076171875E-05 0.14337158203125 -0.462127685546875
0.00329160690307617 0.0059809684753418 0.59716796875 -0.2896728515625
-0.0343112945556641 0.0160636901855469 0.6700439453125 0.39990234375
-0.0288047790527344 -0.0188636779785156 0.14599609375 0.850830078125
0.0121564865112305 0.0158987045288086 -0.3099365234375 0.57818603515625
0.024017333984375 0.016265869140625 0.00511932373046875 0.073150634765625
0.0209426879882813 0.0154075622558594 0.41326904296875 -0.512908935546875
0.0209178924560547 -0.0165042877197266 -0.0208740234375 -0.93951416015625
-0.00277233123779297 -0.0120906829833984 -0.69232177734375 -0.44219970703125
-0.00607919692993164 0.00451850891113281 -0.59796142578125 0.26470947265625
0.00329208374023438 0.0122356414794922 -0.173828125 0.444610595703125
-0.00374937057495117 0.00743579864501953 0.204071044921875 0.2825927734375
0.0154457092285156 -0.00378704071044922 0.33026123046875 0.004852294921875
0.0249614715576172 -0.00031280517578125 -0.338226318359375 -0.0118103027343749
0.008331298828125 0.0242252349853516 -0.206008911132812 -0.274154663085938
0.00950336456298828 0.00274181365966797 0.161163330078125 -0.453643798828125
-0.00247097015380859 0.00733089447021484 0.61395263671875 -0.26007080078125
-0.0377235412597656 0.00878906250000001 0.65142822265625 0.43450927734375
-0.0299110412597656 -0.0242900848388672 0.1048583984375 0.8603515625
0.0120325088500977 0.0156068801879883 -0.32781982421875 0.56414794921875
0.0232906341552734 0.0180759429931641 0.0145645141601562 0.06390380859375
0.0200424194335938 0.0125999450683594 0.400909423828125 -0.5277099609375
0.0185470581054688 -0.0208930969238281 -0.0566406250000001 -0.92559814453125
-0.00703048706054688 -0.0160293579101563 -0.7030029296875 -0.3994140625
-0.0086979866027832 0.00587701797485352 -0.5789794921875 0.29180908203125
-0.000180244445800781 0.0153827667236328 -0.15283203125 0.450469970703125
-0.00406932830810547 0.0113210678100586 0.216812133789063 0.279037475585938
0.0149326324462891 -0.00120162963867187 0.330413818359375 -0.002471923828125
0.0264453887939453 0.00548744201660156 -0.3348388671875 -0.014984130859375
0.00743484497070312 0.0265865325927734 -0.194717407226562 -0.274765014648438
0.00819110870361328 0.00689506530761719 0.18389892578125 -0.449127197265625
-0.00628948211669922 0.00424623489379883 0.6292724609375 -0.23046875
-0.0421791076660156 0.00401687622070313 0.63946533203125 0.4737548828125
-0.0290489196777344 -0.0301513671875 0.0725708007812499 0.872802734375
0.0142393112182617 0.0140409469604492 -0.34014892578125 0.551361083984375
0.028717041015625 0.01458740234375 0.0227432250976562 0.0538825988769531
0.0245170593261719 0.00783157348632813 0.381500244140625 -0.54107666015625
0.0179252624511719 -0.0263614654541016 -0.0993041992187501 -0.9169921875
-0.00978469848632813 -0.0202312469482422 -0.72027587890625 -0.35931396484375
-0.0119028091430664 0.00403404235839844 -0.563720703125 0.32049560546875
0.000267982482910155 0.0169200897216797 -0.133514404296875 0.457183837890625
-0.00367164611816406 0.0123205184936523 0.224090576171875 0.276229858398438
0.0168352127075195 0.00322246551513672 0.333648681640625 -0.001495361328125
0.0252742767333984 0.00574493408203125 -0.332489013671875 -0.017364501953125
0.00873947143554688 0.0259151458740234 -0.186126708984375 -0.272994995117188
0.00739812850952148 0.00568008422851563 0.2025146484375 -0.43768310546875
-0.00705099105834961 0.0032501220703125 0.6419677734375 -0.20184326171875
-0.0438880920410156 0.000511169433593758 0.62384033203125 0.50848388671875
-0.0279273986816406 -0.0352554321289062 0.037353515625 0.884521484375
0.0195388793945313 0.0089111328125 -0.353668212890625 0.540008544921875
0.03692626953125 0.0093231201171875 0.027099609375 0.04730224609375
0.0286922454833984 0.000957489013671875 0.369384765625 -0.553680419921875
0.0163536071777344 -0.0306892395019531 -0.13116455078125 -0.90478515625
-0.0120620727539062 -0.0203990936279297 -0.72711181640625 -0.3243408203125
-0.0121393203735352 0.00401115417480469 -0.547027587890625 0.3438720703125
0.000771522521972657 0.0165033340454102 -0.116455078125 0.465179443359375
-0.00421810150146484 0.0142135620117188 0.23260498046875 0.274337768554688
0.0163469314575195 0.00359058380126953 0.334808349609375 -0.00537109375
0.0263767242431641 0.006683349609375 -0.330596923828125 -0.020294189453125
0.00816154479980469 0.0223331451416016 -0.17901611328125 -0.273284912109375
0.00802278518676758 0.00304985046386719 0.214019775390625 -0.43121337890625
-0.00628471374511719 0.00178194046020508 0.65069580078125 -0.18182373046875
-0.0436019897460938 -0.000446319580078124 0.61419677734375 0.53204345703125
-0.0279464721679688 -0.0398178100585937 0.0183105468750001 0.89288330078125
0.0261135101318359 0.000890731811523438 -0.36138916015625 0.53485107421875
0.0477561950683594 0.00111007690429688 0.0312156677246094 0.041656494140625
0.0342311859130859 -0.00930213928222656 0.3548583984375 -0.56195068359375
0.0156707763671875 -0.0337448120117188 -0.15911865234375 -0.8963623046875
-0.0136528015136719 -0.0191974639892578 -0.73583984375 -0.2984619140625
-0.0116996765136719 0.00305843353271484 -0.535430908203125 0.358795166015625
0.00309658050537109 0.0132293701171875 -0.103729248046875 0.469970703125
-0.00456047058105469 0.00977706909179688 0.236495971679688 0.274749755859375
0.0168933868408203 0.00427150726318359 0.3336181640625 -0.003173828125
0.0275440216064453 0.00331687927246094 -0.327789306640625 -0.0208740234375
0.00835895538330078 0.0171337127685547 -0.178726196289062 -0.271163940429688
0.0121469497680664 -0.00270843505859375 0.217926025390625 -0.426422119140625
-0.00262999534606934 -0.000102758407592773 0.6527099609375 -0.17523193359375
-0.0442276000976563 0.00216674804687499 0.612060546875 0.5433349609375
-0.0247421264648438 -0.0415420532226563 0.01397705078125 0.89837646484375
0.0330753326416016 -0.00786399841308594 -0.363555908203125 0.53790283203125
0.0582695007324219 -0.00616455078125 0.0283584594726563 0.0420722961425781
0.0391044616699219 -0.0180702209472656 0.35028076171875 -0.562164306640625
0.0158233642578125 -0.0358314514160156 -0.166748046875 -0.89190673828125
-0.0132560729980469 -0.015406608581543 -0.73822021484375 -0.2926025390625
-0.0101051330566406 0.00114536285400391 -0.532470703125 0.365631103515625
0.00546646118164062 0.00750255584716797 -0.101226806640625 0.471343994140625
-0.00501394271850586 0.00335693359375 0.236190795898437 0.275787353515625
0.0153121948242187 0.00116348266601562 0.333099365234375 -0.000518798828125
0.0286388397216797 -0.000844955444335938 -0.328460693359375 -0.0212097167968751
0.00984764099121094 0.0117177963256836 -0.181747436523438 -0.269546508789063
0.016484260559082 -0.00782203674316406 0.2110595703125 -0.426605224609375
0.000959217548370361 2.57492065429688E-05 0.64617919921875 -0.18157958984375
-0.0417594909667969 0.00633621215820312 0.6175537109375 0.53216552734375
-0.0231437683105469 -0.0421257019042969 0.02484130859375 0.9002685546875
0.0391693115234375 -0.0162277221679688 -0.36163330078125 0.543609619140625
0.0675315856933594 -0.0135231018066406 0.0244674682617188 0.0462417602539063
0.0437850952148437 -0.0246162414550781 0.351837158203125 -0.556915283203125
0.0167999267578125 -0.0360870361328125 -0.1533203125 -0.89453125
-0.0100669860839844 -0.0120029449462891 -0.7337646484375 -0.3046875
-0.00644969940185547 -0.000707626342773438 -0.538421630859375 0.36322021484375
0.0100584030151367 0.00243949890136719 -0.107269287109375 0.474029541015625
-0.00288915634155273 -0.00375699996948242 0.234024047851563 0.278701782226563
0.015228271484375 -0.00325679779052734 0.33306884765625 0.001953125
0.0298194885253906 -0.00691795349121094 -0.326995849609375 -0.0201416015625
0.00908660888671875 0.00408554077148438 -0.188446044921875 -0.267990112304688
0.0206451416015625 -0.0145645141601562 0.1995849609375 -0.430450439453125
0.00660467147827148 0.000181198120117187 0.63873291015625 -0.19879150390625
-0.0379180908203125 0.0129547119140625 0.63116455078125 0.51324462890625
-0.0236625671386719 -0.0389022827148438 0.051025390625 0.896240234375
0.0411262512207031 -0.0217399597167969 -0.3515625 0.554290771484375
0.0732803344726563 -0.020263671875 0.01513671875 0.0541725158691406
0.0477218627929688 -0.0289115905761719 0.36138916015625 -0.54669189453125
0.0197124481201172 -0.0329818725585938 -0.12860107421875 -0.904296875
-0.00732040405273438 -0.00746440887451172 -0.72613525390625 -0.33038330078125
-0.00290179252624512 -0.00143742561340332 -0.554046630859375 0.346588134765625
0.0139398574829102 -0.00452327728271484 -0.123779296875 0.471893310546875
-0.00363731384277344 -0.00979900360107422 0.226531982421875 0.281585693359375
0.0142707824707031 -0.00949001312255859 0.33172607421875 0.00518798828125
0.0270500183105469 -0.00414276123046875 -0.337066650390625 -0.00836181640624996
0.00786018371582031 0.0194683074951172 -0.216293334960937 -0.270553588867188
0.0129003524780273 -0.000254631042480469 0.1402587890625 -0.460784912109375
0.00134372711181641 0.00596809387207031 0.59515380859375 -0.28851318359375
-0.0340862274169922 0.0148334503173828 0.66900634765625 0.3963623046875
-0.0296516418457031 -0.0176105499267578 0.14923095703125 0.84613037109375
0.0113620758056641 0.0159578323364258 -0.30560302734375 0.57708740234375
0.0233039855957031 0.0173377990722656 0.00614166259765625 0.0743408203125
0.021392822265625 0.0149917602539063 0.410491943359375 -0.511199951171875
0.0202541351318359 -0.0159969329833984 -0.0193481445312499 -0.93426513671875
-0.00129508972167969 -0.0137147903442383 -0.69000244140625 -0.43768310546875
-0.00609207153320312 0.00517892837524414 -0.5938720703125 0.266357421875
0.00421047210693359 0.0119037628173828 -0.170501708984375 0.44268798828125
-0.00377988815307617 0.00670003890991211 0.20367431640625 0.280349731445312
0.0154514312744141 -0.00620365142822266 0.3292236328125 0.00396728515625
0.0276050567626953 -0.0013580322265625 -0.337310791015625 -0.0079345703125
0.00982856750488281 0.0251808166503906 -0.205825805664062 -0.272018432617188
0.00846290588378906 0.00388813018798828 0.157745361328125 -0.45367431640625
-0.00462627410888672 0.00565624237060547 0.6109619140625 -0.2596435546875
-0.0377044677734375 0.0105361938476562 0.65093994140625 0.4305419921875
-0.0297527313232422 -0.0223503112792969 0.107177734375 0.8551025390625
0.0118598937988281 0.0158176422119141 -0.321929931640625 0.5604248046875
0.0237178802490234 0.0176963806152344 0.0134124755859375 0.0650596618652344
0.0209541320800781 0.0124721527099609 0.396331787109375 -0.526153564453125
0.0170574188232422 -0.0206947326660156 -0.05780029296875 -0.92193603515625
-0.00629997253417969 -0.0172967910766602 -0.70050048828125 -0.3963623046875
-0.0085597038269043 0.00475120544433594 -0.5743408203125 0.2930908203125
0.00028705596923828 0.0162801742553711 -0.15069580078125 0.447845458984375
-0.00364780426025391 0.0115280151367188 0.21612548828125 0.27532958984375
0.0142621994018555 -0.00109672546386719 0.33056640625 -0.00335693359375
0.0273056030273437 0.00534439086914063 -0.333892822265625 -0.013763427734375
0.00955581665039063 0.0270729064941406 -0.195785522460938 -0.27178955078125
0.00830602645874023 0.00753355026245117 0.1815185546875 -0.4462890625
-0.00525093078613281 0.0055232048034668 0.6258544921875 -0.23193359375
-0.0409698486328125 0.00516891479492188 0.63885498046875 0.468505859375
-0.0308380126953125 -0.0291461944580078 0.0738525390625 0.86993408203125
0.0135784149169922 0.0137567520141602 -0.33648681640625 0.54998779296875
0.0272197723388672 0.0144443511962891 0.0221939086914062 0.0538368225097656
0.024871826171875 0.00741195678710938 0.37957763671875 -0.540771484375
0.0168266296386719 -0.0244636535644531 -0.1021728515625 -0.91162109375
-0.00967788696289063 -0.019805908203125 -0.7169189453125 -0.35662841796875
-0.0116119384765625 0.00417137145996094 -0.559783935546875 0.3199462890625
9.72747802734363E-05 0.0179424285888672 -0.13067626953125 0.456695556640625
-0.00343036651611328 0.0138187408447266 0.223846435546875 0.274932861328125
0.0161190032958984 0.00196075439453125 0.331512451171875 -0.00244140625
0.0272960662841797 0.00600814819335938 -0.331329345703125 -0.013946533203125
0.00942611694335937 0.0267333984375 -0.184982299804687 -0.270584106445313
0.00652551651000977 0.00449466705322266 0.19805908203125 -0.43670654296875
-0.00800895690917969 0.00357389450073242 0.63800048828125 -0.20556640625
-0.0431327819824219 0.000156402587890621 0.62158203125 0.50433349609375
-0.0282649993896484 -0.0342845916748047 0.0389404296875001 0.8795166015625
0.0185947418212891 0.00760269165039062 -0.349945068359375 0.539581298828125
0.03570556640625 0.0095367431640625 0.0292129516601563 0.0465240478515625
0.0273571014404297 0.00060272216796875 0.3642578125 -0.55181884765625
0.0164737701416016 -0.0301952362060547 -0.13409423828125 -0.89892578125
-0.0127315521240234 -0.0208683013916016 -0.72357177734375 -0.319580078125
-0.0120105743408203 0.00440406799316406 -0.541961669921875 0.342193603515625
0.000737190246582032 0.0158042907714844 -0.11431884765625 0.461669921875
-0.00433921813964844 0.0132369995117188 0.232666015625 0.272003173828125
0.0157604217529297 0.00341033935546875 0.3333740234375 -0.005218505859375
0.0279159545898437 0.00650978088378906 -0.328338623046875 -0.017974853515625
0.00884246826171875 0.0222148895263672 -0.179367065429688 -0.271453857421875
0.00785207748413086 0.00372648239135742 0.21038818359375 -0.4322509765625
-0.00684928894042969 0.000866413116455077 0.64556884765625 -0.18292236328125
-0.0428428649902344 -0.000431060791015632 0.6112060546875 0.5286865234375
-0.0254364013671875 -0.0384979248046875 0.0206298828125001 0.8917236328125
0.0256404876708984 0.00151443481445312 -0.357330322265625 0.5338134765625
0.0457191467285156 0.000919342041015625 0.031036376953125 0.0424842834472656
0.0334110260009766 -0.00943946838378906 0.3533935546875 -0.558746337890625
0.0159893035888672 -0.0336666107177734 -0.15966796875 -0.8927001953125
-0.0141410827636719 -0.0181407928466797 -0.73193359375 -0.29571533203125
-0.0112810134887695 0.00249862670898438 -0.5323486328125 0.359588623046875
0.0030059814453125 0.0141935348510742 -0.103485107421875 0.468841552734375
-0.00434207916259766 0.00912380218505859 0.236541748046875 0.271865844726563
0.0161342620849609 0.00381374359130859 0.333160400390625 -0.004364013671875
0.0288543701171875 0.00416183471679688 -0.326446533203125 -0.01904296875
0.0100212097167969 0.0177097320556641 -0.180252075195313 -0.268508911132813
0.0118350982666016 -0.00187969207763672 0.2139892578125 -0.427215576171875
-0.00481748580932617 0.000629901885986328 0.648193359375 -0.177001953125
-0.0421371459960938 0.00214385986328125 0.61181640625 0.53741455078125
-0.024383544921875 -0.0408363342285156 0.0157470703125001 0.892578125
0.0317039489746094 -0.00797271728515625 -0.359344482421875 0.5355224609375
0.05645751953125 -0.00724411010742188 0.0294723510742188 0.0418853759765625
0.0391998291015625 -0.017425537109375 0.348358154296875 -0.56005859375
0.0137710571289062 -0.0354118347167969 -0.1669921875 -0.88818359375
-0.0136899948120117 -0.0153408050537109 -0.73382568359375 -0.29132080078125
-0.00884151458740234 0.00217723846435547 -0.531097412109375 0.36651611328125
0.00750017166137695 0.00858688354492188 -0.10302734375 0.469573974609375
-0.00420045852661133 0.00336170196533203 0.237030029296875 0.27252197265625
0.0157995223999023 0.00179386138916016 0.332611083984375 -0.00225830078125
0.0292415618896484 -0.001495361328125 -0.3265380859375 -0.0186462402343751
0.0102024078369141 0.0121126174926758 -0.181411743164063 -0.266265869140625
0.0150012969970703 -0.00896072387695313 0.208709716796875 -0.42608642578125
0.000565946102142334 -0.000295162200927734 0.642578125 -0.182861328125
-0.041168212890625 0.00643157958984375 0.61468505859375 0.52752685546875
-0.021759033203125 -0.0408134460449219 0.025634765625 0.89617919921875
0.0376434326171875 -0.0161933898925781 -0.357330322265625 0.5413818359375
0.0660743713378906 -0.0153694152832031 0.02325439453125 0.0454025268554688
0.0429649353027344 -0.0245132446289063 0.349761962890625 -0.5545654296875
0.0174522399902344 -0.0363273620605469 -0.15570068359375 -0.89215087890625
-0.0104970932006836 -0.0118961334228516 -0.73077392578125 -0.30072021484375
-0.0075688362121582 9.05990600585915E-06 -0.535736083984375 0.36260986328125
0.00932121276855469 0.00369548797607422 -0.1072998046875 0.470367431640625
-0.0033118724822998 -0.00202751159667969 0.233688354492188 0.275726318359375
0.0153703689575195 -0.0029754638671875 0.332000732421875 0.001068115234375
0.0303363800048828 -0.00727081298828125 -0.326263427734375 -0.017425537109375
0.0109004974365234 0.00454616546630859 -0.189865112304688 -0.264053344726563
0.0204505920410156 -0.0155906677246094 0.19580078125 -0.429351806640625
0.00622653961181641 0.000147342681884766 0.63323974609375 -0.20074462890625
-0.037872314453125 0.0131340026855469 0.62939453125 0.5086669921875
-0.0215263366699219 -0.0370368957519531 0.0524902343750001 0.8919677734375
0.0403327941894531 -0.0209617614746094 -0.350006103515625 0.554168701171875
0.0727462768554688 -0.0203399658203125 0.0172119140625 0.0528640747070312
0.0468101501464844 -0.0287399291992188 0.357177734375 -0.5439453125
0.020050048828125 -0.0332984924316406 -0.13092041015625 -0.89892578125
-0.00620651245117188 -0.00748109817504883 -0.72479248046875 -0.32537841796875
-0.00386524200439453 -0.00183582305908203 -0.5491943359375 0.346771240234375
0.0139360427856445 -0.00445938110351563 -0.121002197265625 0.468536376953125
-0.00364303588867187 -0.00896358489990234 0.226654052734375 0.279388427734375
0.0152673721313477 -0.00903987884521484 0.329742431640625 0.004150390625
0.0269775390625 -0.00430679321289063 -0.335235595703125 -0.00689697265624997
0.00867652893066406 0.0212020874023438 -0.217758178710938 -0.269027709960938
0.0133123397827148 0.000164985656738281 0.13726806640625 -0.45928955078125
0.00133514404296875 0.00634622573852539 0.59185791015625 -0.29119873046875
-0.0326099395751953 0.0167961120605469 0.666015625 0.3905029296875
-0.0285930633544922 -0.0159549713134766 0.14794921875 0.8441162109375
0.0130128860473633 0.0152797698974609 -0.30462646484375 0.5731201171875
0.0213546752929688 0.0153217315673828 0.00658416748046875 0.0743637084960937
0.0202102661132813 0.0147781372070313 0.406463623046875 -0.509185791015625
0.0201549530029297 -0.0159568786621094 -0.0217285156249999 -0.93115234375
-0.00257968902587891 -0.0122509002685547 -0.6881103515625 -0.43603515625
-0.00647211074829101 0.00367403030395508 -0.59130859375 0.2652587890625
0.00349140167236328 0.0129013061523438 -0.17095947265625 0.440032958984375
-0.00305795669555664 0.00691366195678711 0.205215454101562 0.278244018554688
0.0145158767700195 -0.00438976287841797 0.32806396484375 0.000152587890625
0.0267658233642578 -0.00066375732421875 -0.335723876953125 -0.00466918945312497
0.0109539031982422 0.0253238677978516 -0.205886840820312 -0.267822265625
0.00847673416137695 0.00478410720825195 0.155853271484375 -0.451446533203125
-0.00384759902954102 0.00601434707641602 0.606201171875 -0.26104736328125
-0.0364456176757813 0.00939941406250001 0.648681640625 0.42913818359375
-0.0291862487792969 -0.0221996307373047 0.10675048828125 0.8526611328125
0.0121793746948242 0.0153980255126953 -0.322479248046875 0.55950927734375
0.0236320495605469 0.0166091918945313 0.013824462890625 0.0638771057128906
0.0208377838134766 0.0127334594726563 0.395355224609375 -0.5234375
0.0179061889648438 -0.0203933715820312 -0.057373046875 -0.915771484375
-0.00594806671142578 -0.0165424346923828 -0.69842529296875 -0.3931884765625
-0.0091238021850586 0.00468349456787109 -0.5726318359375 0.2928466796875
0.000922203063964843 0.0151996612548828 -0.149169921875 0.4471435546875
-0.00312328338623047 0.0117177963256836 0.217529296875 0.27203369140625
0.0144252777099609 -0.00169277191162109 0.328582763671875 -0.004058837890625
0.0276451110839844 0.0050048828125 -0.332366943359375 -0.010650634765625
0.0092010498046875 0.0276737213134766 -0.194808959960937 -0.271347045898438
0.00692224502563477 0.00711393356323242 0.17840576171875 -0.445648193359375
-0.00692367553710938 0.00535392761230469 0.62359619140625 -0.23236083984375
-0.0403022766113281 0.0042877197265625 0.63671875 0.46514892578125
-0.0284976959228516 -0.0254840850830078 0.075439453125 0.865478515625
0.013697624206543 0.0123739242553711 -0.333587646484375 0.548858642578125
0.0271701812744141 0.0138721466064453 0.0226325988769531 0.0543594360351563
0.0237007141113281 0.0081787109375 0.37750244140625 -0.537506103515625
0.0159111022949219 -0.0257339477539063 -0.1036376953125 -0.9083251953125
-0.0102653503417969 -0.0197734832763672 -0.71173095703125 -0.3531494140625
-0.0120162963867188 0.00453662872314453 -0.556182861328125 0.3199462890625
0.00081634521484375 0.0176353454589844 -0.130859375 0.455352783203125
-0.00405311584472656 0.0145835876464844 0.226394653320312 0.272659301757813
0.0163230895996094 0.00206279754638672 0.330657958984375 -0.00360107421875
0.0274429321289063 0.00485801696777344 -0.33062744140625 -0.012725830078125
0.00998497009277344 0.028167724609375 -0.186187744140625 -0.2686767578125
0.00694179534912109 0.00626277923583984 0.19500732421875 -0.4364013671875
-0.00893211364746094 0.00313854217529297 0.63397216796875 -0.20501708984375
-0.0426979064941406 0.00220489501953125 0.61865234375 0.4993896484375
-0.0274314880371094 -0.0322303771972656 0.0380859375 0.87615966796875
0.019805908203125 0.00695037841796875 -0.349151611328125 0.5380859375
0.0349922180175781 0.00947189331054688 0.0292243957519531 0.0466537475585937
0.0279388427734375 0.000789642333984375 0.362762451171875 -0.547637939453125
0.0150432586669922 -0.0303897857666016 -0.13653564453125 -0.8978271484375
-0.0125617980957031 -0.0206317901611328 -0.72076416015625 -0.31683349609375
-0.0129594802856445 0.00337028503417969 -0.540008544921875 0.342864990234375
0.000290870666503907 0.0165996551513672 -0.11260986328125 0.461578369140625
-0.00380897521972656 0.0137033462524414 0.233810424804688 0.270095825195313
0.0156373977661133 0.00367927551269531 0.332244873046875 -0.006195068359375
0.0280494689941406 0.00603294372558594 -0.327117919921875 -0.016265869140625
0.0104656219482422 0.0230522155761719 -0.18170166015625 -0.267913818359375
0.00739812850952148 0.00366306304931641 0.20867919921875 -0.430633544921875
-0.00808382034301758 0.000628948211669921 0.64385986328125 -0.18310546875
-0.043548583984375 0.000492095947265625 0.61090087890625 0.5247802734375
-0.0250053405761719 -0.0367965698242188 0.0208129882812499 0.88543701171875
0.0259933471679687 1.9073486328125E-05 -0.35589599609375 0.5316162109375
0.0453987121582031 0.00125503540039062 0.031036376953125 0.0427703857421875
0.0332794189453125 -0.008209228515625 0.349822998046875 -0.557037353515625
0.0145454406738281 -0.0330410003662109 -0.16217041015625 -0.8870849609375
-0.0135536193847656 -0.0176849365234375 -0.72955322265625 -0.294677734375
-0.0117654800415039 0.00260829925537109 -0.53167724609375 0.35888671875
0.00315189361572266 0.0138130187988281 -0.102752685546875 0.46600341796875
-0.00547981262207031 0.0100297927856445 0.237747192382813 0.269699096679688
0.0162839889526367 0.00293445587158203 0.33245849609375 -0.00506591796875
0.0284214019775391 0.00306129455566406 -0.32421875 -0.017730712890625
0.0114955902099609 0.0175647735595703 -0.179977416992188 -0.266448974609375
0.0110979080200195 -0.00206661224365234 0.211029052734375 -0.42572021484375
-0.00592470169067383 0.000578880310058594 0.64404296875 -0.17730712890625
-0.0421638488769531 0.00178909301757812 0.6104736328125 0.53411865234375
-0.0236854553222656 -0.0385932922363281 0.01580810546875 0.8914794921875
0.0319004058837891 -0.00802040100097656 -0.357208251953125 0.532745361328125
0.0563430786132813 -0.00663375854492188 0.0278549194335938 0.0425224304199219
0.0395011901855469 -0.0172119140625 0.34478759765625 -0.55828857421875
0.0149459838867187 -0.036468505859375 -0.16876220703125 -0.88494873046875
-0.0132284164428711 -0.0163850784301758 -0.732177734375 -0.287841796875
-0.0104894638061523 0.00185298919677734 -0.527191162109375 0.366241455078125
0.00604391098022461 0.00833988189697266 -0.09912109375 0.46917724609375
-0.00435018539428711 0.0042870044708252 0.238327026367188 0.270675659179688
0.0161848068237305 0.000242233276367187 0.33172607421875 -0.00201416015625
0.0305976867675781 -0.00314903259277344 -0.325164794921875 -0.017852783203125
0.0111675262451172 0.0121345520019531 -0.182510375976563 -0.264144897460937
0.0149078369140625 -0.00771903991699219 0.205108642578125 -0.4259033203125
-0.00115621089935303 0.00018775463104248 0.642578125 -0.18310546875
-0.0405845642089844 0.00695419311523438 0.61383056640625 0.52459716796875
-0.0225028991699219 -0.0397911071777344 0.02593994140625 0.8912353515625
0.0380210876464844 -0.0169219970703125 -0.356414794921875 0.5389404296875
0.0657310485839844 -0.0154266357421875 0.023529052734375 0.0470161437988281
0.0436859130859375 -0.0249519348144531 0.34619140625 -0.55242919921875
0.0168914794921875 -0.035919189453125 -0.15850830078125 -0.88665771484375
-0.0103569030761719 -0.0114307403564453 -0.72808837890625 -0.298095703125
-0.00788068771362305 -0.000553131103515625 -0.533721923828125 0.3614501953125
0.0103750228881836 0.00122833251953125 -0.1060791015625 0.47100830078125
-0.00232076644897461 -0.00158977508544922 0.23468017578125 0.273300170898438
0.0150537490844727 -0.00426578521728516 0.33013916015625 -0.001953125
0.0318737030029297 -0.00738334655761719 -0.32476806640625 -0.016876220703125
0.0113162994384766 0.00485134124755859 -0.190521240234375 -0.262496948242187
0.0195636749267578 -0.0154953002929688 0.1922607421875 -0.4278564453125
0.00486469268798828 0.000164031982421875 0.6317138671875 -0.20245361328125
-0.0381126403808594 0.0135078430175781 0.62744140625 0.505859375
-0.0218544006347656 -0.0372428894042969 0.0529174804687501 0.88824462890625
0.0412063598632813 -0.0203895568847656 -0.346954345703125 0.552001953125
0.0716323852539063 -0.0212936401367188 0.01605224609375 0.0540771484375
0.0470085144042969 -0.0291290283203125 0.356536865234375 -0.542724609375
0.0194015502929688 -0.0325431823730469 -0.13232421875 -0.8966064453125
-0.00629329681396485 -0.00682783126831055 -0.72021484375 -0.32501220703125
-0.00352168083190918 -0.00322866439819336 -0.5467529296875 0.348419189453125
0.0141868591308594 -0.00356674194335937 -0.11907958984375 0.46746826171875
-0.0034642219543457 -0.00836563110351563 0.228485107421875 0.276947021484375
0.015411376953125 -0.010136604309082 0.328338623046875 0.003814697265625
0.0273914337158203 -0.00469207763671875 -0.336151123046875 -0.00518798828125003
0.00955009460449219 0.020477294921875 -0.219329833984375 -0.267562866210938
0.0110540390014648 0.000784873962402344 0.135589599609375 -0.45806884765625
0.000613689422607421 0.00619411468505859 0.589599609375 -0.29119873046875
-0.0325508117675781 0.0159492492675781 0.66375732421875 0.3896484375
-0.0275325775146484 -0.0154457092285156 0.14825439453125 0.84100341796875
0.0125875473022461 0.0159091949462891 -0.30322265625 0.5726318359375
0.0211238861083984 0.0156097412109375 0.0054779052734375 0.0745773315429688
0.0207614898681641 0.0141448974609375 0.405517578125 -0.506683349609375
0.0195178985595703 -0.0149707794189453 -0.0208129882812501 -0.928466796875
-0.00285053253173828 -0.012019157409668 -0.6849365234375 -0.433837890625
-0.00619792938232422 0.00418424606323242 -0.58966064453125 0.26446533203125
0.00338459014892578 0.0134344100952148 -0.169647216796875 0.439971923828125
-0.00333642959594727 0.00718164443969726 0.205322265625 0.276901245117188
0.0152168273925781 -0.00479984283447266 0.327362060546875 0.001434326171875
0.0272426605224609 -0.000606536865234375 -0.33428955078125 -0.00515747070312496
0.0111770629882812 0.0249137878417969 -0.207122802734375 -0.26617431640625
0.00811624526977539 0.0046381950378418 0.1539306640625 -0.450164794921875
-0.00409936904907227 0.00676107406616211 0.60601806640625 -0.26092529296875
-0.0369949340820313 0.010345458984375 0.64923095703125 0.42486572265625
-0.0280189514160156 -0.0206871032714844 0.107177734375 0.85205078125
0.0112714767456055 0.0163402557373047 -0.32073974609375 0.55792236328125
0.0224399566650391 0.0169143676757813 0.0148048400878906 0.0643043518066406
0.0202751159667969 0.0133304595947266 0.392852783203125 -0.52154541015625
0.0177745819091797 -0.0198421478271484 -0.0585327148437499 -0.91473388671875
-0.00626564025878906 -0.0176429748535156 -0.69775390625 -0.39227294921875
-0.0092325210571289 0.00494003295898438 -0.57171630859375 0.29278564453125
0.00166797637939453 0.0167016983032227 -0.147796630859375 0.446319580078125
-0.00316238403320313 0.0130109786987305 0.217941284179688 0.273178100585938
0.0145359039306641 -0.00226306915283203 0.32952880859375 -0.004608154296875
0.0277347564697266 0.00371742248535156 -0.331878662109375 -0.01031494140625
0.0105857849121094 0.0276298522949219 -0.195831298828125 -0.267745971679688
0.00658607482910156 0.00679111480712891 0.175689697265625 -0.44573974609375
-0.00781106948852539 0.00493955612182617 0.6202392578125 -0.23345947265625
-0.0394401550292969 0.0052032470703125 0.63580322265625 0.46484375
-0.0278949737548828 -0.0261878967285156 0.0734252929687501 0.86395263671875
0.0147552490234375 0.0131082534790039 -0.333251953125 0.5472412109375
0.0266208648681641 0.013275146484375 0.0227317810058594 0.0544013977050781
0.0237274169921875 0.00741195678710938 0.37615966796875 -0.53546142578125
0.0158004760742188 -0.0263347625732422 -0.10308837890625 -0.9049072265625
-0.0100898742675781 -0.0192222595214844 -0.71148681640625 -0.35272216796875
-0.0122785568237305 0.00475502014160157 -0.555267333984375 0.321990966796875
0.000707626342773436 0.0178890228271484 -0.128692626953125 0.454315185546875
-0.00331687927246094 0.0141372680664063 0.226089477539063 0.2716064453125
0.0161256790161133 0.002471923828125 0.33074951171875 -0.00408935546875
0.0291748046875 0.00485992431640625 -0.329559326171875 -0.010528564453125
0.0117092132568359 0.0269813537597656 -0.1876220703125 -0.267440795898438
0.00552511215209961 0.00683927536010742 0.193084716796875 -0.434722900390625
-0.00919437408447266 0.0032806396484375 0.63287353515625 -0.20404052734375
-0.0420303344726563 0.00160598754882813 0.618896484375 0.49798583984375
-0.0264854431152344 -0.0316486358642578 0.04119873046875 0.87530517578125
0.0190277099609375 0.00739479064941406 -0.346343994140625 0.53668212890625
0.0350379943847656 0.00842475891113281 0.0278358459472656 0.0470123291015625
0.0273571014404297 0.000173568725585938 0.36248779296875 -0.5465087890625
0.0142116546630859 -0.0295562744140625 -0.1328125 -0.89337158203125
-0.0127754211425781 -0.0208740234375 -0.7193603515625 -0.3165283203125
-0.012664794921875 0.004180908203125 -0.538848876953125 0.34246826171875
0.00149726867675781 0.0177211761474609 -0.112213134765625 0.459991455078125
-0.00379276275634766 0.0132207870483398 0.233810424804688 0.268234252929688
0.0158720016479492 0.00270843505859375 0.331939697265625 -0.00775146484375
0.0288124084472656 0.00540733337402344 -0.326080322265625 -0.01409912109375
0.0105247497558594 0.0236854553222656 -0.180984497070312 -0.265762329101563
0.00796365737915039 0.00369405746459961 0.20654296875 -0.42938232421875
-0.00789880752563477 0.00144863128662109 0.64215087890625 -0.18585205078125
-0.0429153442382813 0.000347137451171874 0.60980224609375 0.5218505859375
-0.0250053405761719 -0.0361709594726563 0.0220947265624999 0.88226318359375
0.0256595611572266 0.000102996826171875 -0.35430908203125 0.531951904296875
0.0438995361328125 0.00025177001953125 0.0311317443847656 0.0435867309570313
0.0331325531005859 -0.00912666320800781 0.348968505859375 -0.554443359375
0.014434814453125 -0.0337409973144531 -0.16009521484375 -0.88470458984375
-0.0144062042236328 -0.0188522338867188 -0.7286376953125 -0.29339599609375
-0.0120716094970703 0.00322437286376953 -0.527252197265625 0.358428955078125
0.00354480743408203 0.0135459899902344 -0.10137939453125 0.4658203125
-0.00361442565917969 0.0101766586303711 0.237396240234375 0.26873779296875
0.0167922973632813 0.00351333618164062 0.331024169921875 -0.006256103515625
0.0295944213867187 0.00286865234375 -0.32421875 -0.015625
0.0115756988525391 0.0182132720947266 -0.180404663085938 -0.263931274414062
0.0105199813842773 -0.00166893005371094 0.209991455078125 -0.426605224609375
-0.00531816482543945 0.00025463104248047 0.6431884765625 -0.17791748046875
-0.0419692993164063 0.00286865234375 0.60870361328125 0.531005859375
-0.0230255126953125 -0.0391998291015625 0.0166015624999999 0.8892822265625
0.0327796936035156 -0.00850677490234375 -0.355987548828125 0.532318115234375
0.0563125610351563 -0.00795745849609375 0.0296249389648438 0.0424995422363281
0.0387763977050781 -0.0172538757324219 0.344146728515625 -0.555938720703125
0.0141944885253906 -0.0358123779296875 -0.16851806640625 -0.88287353515625
-0.0137701034545898 -0.0160083770751953 -0.72869873046875 -0.28704833984375
-0.00982856750488281 0.000923156738281248 -0.524383544921875 0.36517333984375
0.00688362121582031 0.00805568695068359 -0.09857177734375 0.467498779296875
-0.0039982795715332 0.00437998771667481 0.238815307617187 0.269363403320312
0.0163211822509766 0.000710487365722656 0.3302001953125 -0.0030517578125
0.0310554504394531 -0.0023956298828125 -0.32476806640625 -0.016021728515625
0.0114068984985352 0.0119342803955078 -0.183380126953125 -0.262603759765625
0.0141820907592773 -0.00854301452636719 0.2041015625 -0.425262451171875
-0.00114059448242188 -8.2731246948242E-05 0.639404296875 -0.18536376953125
-0.0395545959472656 0.00711822509765625 0.61248779296875 0.5235595703125
-0.0221405029296875 -0.0392608642578125 0.02813720703125 0.8900146484375
0.0377998352050781 -0.0162811279296875 -0.35418701171875 0.53912353515625
0.0643119812011719 -0.015380859375 0.0236587524414063 0.0467948913574219
0.0431098937988281 -0.0259971618652344 0.346221923828125 -0.5506591796875
0.0162239074707031 -0.035797119140625 -0.156005859375 -0.88330078125
-0.00971031188964844 -0.0125608444213867 -0.7255859375 -0.29815673828125
-0.00743293762207031 0.000388145446777345 -0.530426025390625 0.35992431640625
0.0105800628662109 0.00276756286621094 -0.10546875 0.46905517578125
-0.00368762016296387 -0.00130987167358399 0.235519409179688 0.27191162109375
0.0154209136962891 -0.00443553924560547 0.330535888671875 -0.0010986328125
0.03192138671875 -0.00891876220703125 -0.324615478515625 -0.015228271484375
0.0112152099609375 0.00576114654541016 -0.1905517578125 -0.260208129882813
0.0190715789794922 -0.0143814086914063 0.19122314453125 -0.427398681640625
0.00438714027404785 0.000713348388671875 0.6300048828125 -0.20086669921875
-0.0373191833496094 0.0144729614257812 0.6282958984375 0.5029296875
-0.0204315185546875 -0.0367279052734375 0.05230712890625 0.88702392578125
0.0409507751464844 -0.0213050842285156 -0.34527587890625 0.550079345703125
0.070770263671875 -0.020904541015625 0.0159721374511719 0.0545425415039062
0.0467109680175781 -0.0286331176757812 0.354705810546875 -0.54107666015625
0.0183944702148437 -0.0336856842041016 -0.13299560546875 -0.89300537109375
-0.00623512268066406 -0.00638198852539063 -0.719970703125 -0.32342529296875
-0.00353622436523438 -0.00240278244018555 -0.5458984375 0.346588134765625
0.0152149200439453 -0.00430393218994141 -0.119842529296875 0.4677734375
-0.00257492065429688 -0.00862789154052734 0.227920532226562 0.275665283203125
0.0148820877075195 -0.00940322875976563 0.32830810546875 0.00244140625
0.027587890625 -0.00468635559082031 -0.335296630859375 -0.00399780273437497
0.00963020324707031 0.0217323303222656 -0.218429565429688 -0.266036987304688
0.0113010406494141 0.000646591186523437 0.133453369140625 -0.457611083984375
0.000783920288085937 0.00738620758056641 0.58740234375 -0.2901611328125
-0.0318584442138672 0.0174274444580078 0.66314697265625 0.388671875
-0.0265941619873047 -0.015350341796875 0.14910888671875 0.8408203125
0.0120296478271484 0.0156850814819336 -0.302490234375 0.57269287109375
0.0207843780517578 0.0141754150390625 0.00592803955078124 0.0744247436523437
0.0199356079101563 0.0146102905273438 0.405731201171875 -0.5045166015625
0.0197696685791016 -0.0143508911132812 -0.0212402343750001 -0.92572021484375
-0.00283050537109375 -0.0117025375366211 -0.6837158203125 -0.433837890625
-0.00624275207519531 0.00430822372436523 -0.58831787109375 0.26531982421875
0.00470829010009766 0.013310432434082 -0.168548583984375 0.439422607421875
-0.00264978408813477 0.00811481475830078 0.2064208984375 0.275924682617188
0.0154037475585938 -0.00609779357910156 0.3275146484375 -0.000152587890625
0.0276451110839844 -0.0025634765625 -0.333770751953125 -0.00375366210937502
0.0125827789306641 0.0261611938476563 -0.207977294921875 -0.266464233398437
0.00754356384277344 0.00484848022460938 0.1527099609375 -0.45025634765625
-0.00534534454345703 0.00696706771850586 0.602783203125 -0.2615966796875
-0.0348720550537109 0.0105304718017578 0.6474609375 0.423828125
-0.0289363861083984 -0.0198726654052734 0.10748291015625 0.8507080078125
0.0104808807373047 0.0157365798950195 -0.319610595703125 0.558685302734375
0.0219688415527344 0.0151481628417969 0.0144615173339844 0.0649261474609375
0.0210628509521484 0.0126228332519531 0.39312744140625 -0.519317626953125
0.0173721313476563 -0.01922607421875 -0.059326171875 -0.91339111328125
-0.00638866424560547 -0.0175580978393555 -0.69488525390625 -0.39178466796875
-0.00901508331298828 0.00417423248291016 -0.56927490234375 0.29180908203125
0.00173854827880859 0.0166606903076172 -0.1478271484375 0.44482421875
-0.00330352783203125 0.012664794921875 0.218673706054688 0.27166748046875
0.013920783996582 -0.00176048278808594 0.329498291015625 -0.005096435546875
0.0296249389648438 0.00382232666015625 -0.331817626953125 -0.00888061523437494
0.0110244750976562 0.0280666351318359 -0.19769287109375 -0.267364501953125
0.00677585601806641 0.00820779800415039 0.174713134765625 -0.443817138671875
-0.00823116302490234 0.00576925277709961 0.62005615234375 -0.2327880859375
-0.0396308898925781 0.00618743896484374 0.63531494140625 0.462890625
-0.0270633697509766 -0.0254840850830078 0.07373046875 0.86181640625
0.0139989852905273 0.0132617950439453 -0.333343505859375 0.546661376953125
0.0262298583984375 0.0133399963378906 0.02252197265625 0.0550270080566406
0.0233516693115234 0.0066375732421875 0.37481689453125 -0.5343017578125
0.0152854919433594 -0.0250530242919922 -0.10308837890625 -0.90423583984375
-0.0109634399414063 -0.0204372406005859 -0.711181640625 -0.35321044921875
-0.0124025344848633 0.00397109985351563 -0.555023193359375 0.320892333984375
-9.53674316406254E-05 0.0187740325927734 -0.12908935546875 0.452484130859375
-0.00385761260986328 0.0153160095214844 0.226394653320313 0.27099609375
0.0157938003540039 0.002105712890625 0.33074951171875 -0.005584716796875
0.0290317535400391 0.00471878051757813 -0.329559326171875 -0.00985717773437499
0.0121688842773437 0.0267868041992188 -0.188507080078125 -0.265869140625
0.00556182861328125 0.00690412521362305 0.1917724609375 -0.43524169921875
-0.00992298126220703 0.00329399108886719 0.6312255859375 -0.2059326171875
-0.041900634765625 0.00136184692382812 0.6173095703125 0.49554443359375
-0.0258541107177734 -0.0298900604248047 0.0389404296874999 0.87261962890625
0.0199050903320313 0.00771713256835938 -0.3465576171875 0.53582763671875
0.0343360900878906 0.00747108459472656 0.0282630920410156 0.0481681823730469
0.0278759002685547 -5.340576171875E-05 0.36175537109375 -0.545745849609375
0.0140399932861328 -0.0296630859375 -0.1356201171875 -0.89288330078125
-0.0132408142089844 -0.02105712890625 -0.71832275390625 -0.31744384765625
-0.0125293731689453 0.00390052795410156 -0.5390625 0.343353271484375
0.001129150390625 0.0178337097167969 -0.11328125 0.45916748046875
-0.00388240814208984 0.0145959854125977 0.235076904296875 0.267425537109375
0.0150918960571289 0.00319862365722656 0.330841064453125 -0.00738525390625
0.0308132171630859 0.00511741638183594 -0.326324462890625 -0.0123291015625
0.0116710662841797 0.0247039794921875 -0.181594848632813 -0.264190673828125
0.00723981857299805 0.00396347045898438 0.206024169921875 -0.429290771484375
-0.00921249389648437 0.00221347808837891 0.639892578125 -0.1871337890625
-0.042877197265625 0.00135040283203126 0.61090087890625 0.5194091796875
-0.0237541198730469 -0.0351295471191406 0.0205078125 0.88348388671875
0.0255355834960938 0.000244140625 -0.35382080078125 0.530670166015625
0.0444793701171875 0.0007171630859375 0.031158447265625 0.0433883666992188
0.0328941345214844 -0.00897026062011719 0.34906005859375 -0.553558349609375
0.0143146514892578 -0.03289794921875 -0.16204833984375 -0.8837890625
-0.0141696929931641 -0.0185050964355469 -0.72686767578125 -0.2926025390625
-0.0124835968017578 0.00372314453125 -0.526458740234375 0.358917236328125
0.00359153747558594 0.0145673751831055 -0.100677490234375 0.46484375
-0.00403118133544922 0.0108928680419922 0.238677978515625 0.267562866210938
0.0163383483886719 0.00295162200927734 0.33062744140625 -0.00640869140625
0.0309295654296875 0.00202178955078125 -0.324432373046875 -0.0152282714843749
0.0120010375976563 0.0185089111328125 -0.180572509765625 -0.2623291015625
0.010218620300293 -0.00111198425292969 0.208526611328125 -0.425567626953125
-0.00580549240112305 0.000161647796630859 0.64202880859375 -0.17822265625
-0.0418472290039063 0.00265121459960937 0.60906982421875 0.53045654296875
-0.0225448608398438 -0.0387039184570313 0.0174560546875 0.8865966796875
0.0321388244628906 -0.00879287719726563 -0.35601806640625 0.532684326171875
0.0545082092285156 -0.00872421264648438 0.029510498046875 0.0428619384765625
0.0381927490234375 -0.0180244445800781 0.34222412109375 -0.5543212890625
0.0137290954589844 -0.0355987548828125 -0.16766357421875 -0.880859375
-0.0136823654174805 -0.0157079696655273 -0.72857666015625 -0.2872314453125
-0.0101213455200195 0.000944137573242185 -0.524169921875 0.36651611328125
0.00637245178222656 0.00923919677734375 -0.0982666015625 0.467437744140625
-0.00409698486328125 0.00539159774780273 0.239532470703125 0.26885986328125
0.0157108306884766 3.14712524414063E-05 0.33062744140625 -0.00390625
0.0323085784912109 -0.00363540649414063 -0.324371337890625 -0.0145874023437501
0.0116205215454102 0.012141227722168 -0.184860229492188 -0.260772705078125
0.0145845413208008 -0.00733184814453125 0.202728271484375 -0.42529296875
-0.00238513946533203 9.67979431152345E-05 0.63714599609375 -0.1854248046875
-0.0390968322753906 0.00807952880859376 0.612060546875 0.52276611328125
-0.0210037231445312 -0.0386428833007813 0.0263061523437499 0.8892822265625
0.0378570556640625 -0.0165977478027344 -0.353363037109375 0.53857421875
0.063446044921875 -0.0159721374511719 0.0242385864257813 0.04705810546875
0.042755126953125 -0.02520751953125 0.34588623046875 -0.549102783203125
0.0158538818359375 -0.0355796813964844 -0.15576171875 -0.883056640625
-0.0107698440551758 -0.0117473602294922 -0.72503662109375 -0.29705810546875
-0.00764608383178711 -0.000127792358398437 -0.529571533203125 0.361419677734375
0.0104169845581055 0.00276470184326172 -0.10565185546875 0.468658447265625
-0.00329136848449707 -0.00161838531494141 0.236038208007812 0.2716064453125
0.0151176452636719 -0.00446128845214844 0.3302001953125 -0.001373291015625
0.032073974609375 -0.00895881652832031 -0.32421875 -0.013824462890625
0.0120420455932617 0.00567340850830078 -0.191696166992188 -0.259872436523438
0.0183963775634766 -0.0135879516601563 0.189697265625 -0.427886962890625
0.00290513038635254 0.000931501388549805 0.6280517578125 -0.20196533203125
-0.0360031127929688 0.0150718688964844 0.62738037109375 0.50152587890625
-0.0205268859863281 -0.0352020263671875 0.052490234375 0.8858642578125
0.0406951904296875 -0.0209236145019531 -0.34466552734375 0.549224853515625
0.0696144104003906 -0.0212669372558594 0.0159873962402344 0.0543098449707031
0.0462837219238281 -0.02947998046875 0.3536376953125 -0.539642333984375
0.0188999176025391 -0.0332717895507813 -0.13287353515625 -0.8916015625
-0.00628185272216797 -0.00780200958251953 -0.7188720703125 -0.32366943359375
-0.00408697128295899 -0.00198221206665039 -0.54376220703125 0.345916748046875
0.0152177810668945 -0.00319194793701172 -0.1195068359375 0.466705322265625
-0.00372505187988281 -0.00786733627319336 0.229202270507813 0.275177001953125
0.0148725509643555 -0.0103845596313477 0.3289794921875 0.0015869140625
0.0293178558349609 -0.00511550903320313 -0.336334228515625 -0.00219726562500007
0.0116119384765625 0.0213680267333984 -0.218780517578125 -0.265106201171875
0.0109062194824219 0.000894546508789063 0.133636474609375 -0.457733154296875
-0.0010228157043457 0.00728034973144531 0.58807373046875 -0.290283203125
-0.0313396453857422 0.0175991058349609 0.6634521484375 0.3902587890625
-0.0268878936767578 -0.0140438079833984 0.14801025390625 0.83990478515625
0.0118169784545898 0.0159721374511719 -0.3037109375 0.5721435546875
0.0209674835205078 0.0149974822998047 0.0063934326171875 0.0744476318359375
0.0191822052001953 0.0143089294433594 0.406951904296875 -0.5047607421875
0.0195789337158203 -0.0145778656005859 -0.0217895507812501 -0.92620849609375
-0.00322532653808594 -0.0121879577636719 -0.6845703125 -0.43597412109375
-0.00647068023681641 0.0033564567565918 -0.5892333984375 0.26617431640625
0.00424575805664063 0.0132064819335938 -0.168731689453125 0.439605712890625
-0.00238656997680664 0.00873231887817383 0.207809448242187 0.276168823242187
0.0146970748901367 -0.00583362579345703 0.3277587890625 -0.000335693359375
0.0281352996826172 -0.00234794616699219 -0.334442138671875 -0.00241088867187501
0.0132522583007812 0.0271949768066406 -0.208724975585938 -0.265548706054687
0.00747537612915039 0.00520896911621094 0.153533935546875 -0.450439453125
-0.00531244277954102 0.0070033073425293 0.604248046875 -0.2618408203125
-0.0347118377685547 0.0109100341796875 0.64739990234375 0.42425537109375
-0.0266876220703125 -0.0191497802734375 0.1075439453125 0.85015869140625
0.0114459991455078 0.0161619186401367 -0.320068359375 0.557830810546875
0.0206890106201172 0.0145320892333984 0.0157318115234375 0.0661125183105469
0.0206890106201172 0.0123615264892578 0.393951416015625 -0.52001953125
0.0170631408691406 -0.0198745727539063 -0.05657958984375 -0.91400146484375
-0.00631809234619141 -0.0173864364624023 -0.69464111328125 -0.3931884765625
-0.0100259780883789 0.00512886047363281 -0.5694580078125 0.29107666015625
0.000652313232421877 0.0173130035400391 -0.1473388671875 0.445526123046875
-0.00280475616455078 0.013361930847168 0.220001220703125 0.271804809570313
0.014094352722168 -0.00188827514648438 0.32989501953125 -0.006500244140625
0.0302181243896484 0.00308609008789063 -0.332489013671875 -0.006805419921875
0.0122203826904297 0.0286846160888672 -0.197845458984375 -0.266448974609375
0.0062413215637207 0.00776910781860352 0.17303466796875 -0.44647216796875
-0.0085291862487793 0.00552749633789063 0.6199951171875 -0.23309326171875
-0.0388641357421875 0.0063629150390625 0.63623046875 0.4622802734375
-0.0271587371826172 -0.0249767303466797 0.07415771484375 0.8642578125
0.0143947601318359 0.0133953094482422 -0.3350830078125 0.546875
0.0260810852050781 0.0130386352539063 0.0223922729492187 0.0565261840820313
0.0234241485595703 0.00794029235839844 0.3765869140625 -0.533599853515625
0.0161991119384766 -0.0249881744384766 -0.10235595703125 -0.90557861328125
-0.0107803344726562 -0.0199203491210938 -0.7100830078125 -0.353271484375
-0.0125055313110352 0.00470447540283203 -0.553680419921875 0.319580078125
0.000949859619140626 0.0187568664550781 -0.129241943359375 0.45355224609375
-0.00370311737060547 0.0151243209838867 0.228057861328125 0.270736694335938
0.0161828994750977 0.00173282623291016 0.33074951171875 -0.005645751953125
0.0299491882324219 0.00411796569824219 -0.3297119140625 -0.00973510742187495
0.0137996673583984 0.0284748077392578 -0.189208984375 -0.264617919921875
0.0050201416015625 0.00674867630004883 0.191070556640625 -0.434234619140625
-0.010528564453125 0.00426483154296875 0.63079833984375 -0.20452880859375
-0.0409431457519531 0.00244522094726563 0.6180419921875 0.49713134765625
-0.0250835418701172 -0.0295886993408203 0.03839111328125 0.8726806640625
0.0190334320068359 0.00847434997558594 -0.34710693359375 0.535980224609375
0.0330448150634766 0.00757408142089844 0.0287628173828125 0.0483283996582031
0.0279769897460937 -9.918212890625E-05 0.361785888671875 -0.54425048828125
0.0142478942871094 -0.0296726226806641 -0.13397216796875 -0.89288330078125
-0.0140571594238281 -0.0200557708740234 -0.718017578125 -0.3189697265625
-0.0135765075683594 0.00280189514160156 -0.536956787109375 0.3426513671875
0.00180435180664063 0.0177001953125 -0.111297607421875 0.4603271484375
-0.00286769866943359 0.0145235061645508 0.235931396484375 0.267578125
0.0162601470947266 0.00293350219726563 0.3328857421875 -0.008026123046875
0.0309658050537109 0.00382614135742188 -0.32647705078125 -0.0128173828125
0.0126857757568359 0.0234451293945313 -0.182540893554687 -0.264633178710938
0.00631475448608398 0.00425243377685547 0.2037353515625 -0.428741455078125
-0.00922298431396484 0.00206279754638672 0.64007568359375 -0.18487548828125
-0.041778564453125 0.000873565673828131 0.61138916015625 0.521240234375
-0.0238456726074219 -0.0352401733398438 0.0191040039062501 0.8834228515625
0.0256099700927734 0.000385284423828125 -0.352630615234375 0.53125
0.043609619140625 0.000301361083984375 0.0314559936523437 0.0436325073242187
0.033111572265625 -0.00951385498046875 0.349151611328125 -0.5538330078125
0.0135822296142578 -0.0335159301757813 -0.159912109375 -0.8846435546875
-0.0141963958740234 -0.0181369781494141 -0.7275390625 -0.29534912109375
-0.0131912231445313 0.00232410430908203 -0.52655029296875 0.3592529296875
0.004547119140625 0.0142679214477539 -0.101104736328125 0.4654541015625
-0.00326061248779297 0.0108041763305664 0.239105224609375 0.267745971679688
0.0164394378662109 0.00282096862792969 0.331329345703125 -0.006561279296875
0.0313739776611328 0.000989913940429687 -0.32470703125 -0.013336181640625
0.0123023986816406 0.0191192626953125 -0.181396484375 -0.262176513671875
0.00976848602294922 -0.000586509704589844 0.2073974609375 -0.425384521484375
-0.00648736953735352 0.000996589660644532 0.64312744140625 -0.178955078125
-0.0404739379882813 0.00342941284179688 0.60821533203125 0.53131103515625
-0.0213890075683594 -0.0373649597167969 0.0157470703125001 0.88787841796875
0.0326671600341797 -0.00819206237792969 -0.357147216796875 0.53131103515625
0.0542259216308594 -0.00887298583984375 0.0288047790527344 0.0428428649902344
0.0381507873535156 -0.01824951171875 0.342071533203125 -0.55328369140625
0.0142192840576172 -0.0351333618164063 -0.166748046875 -0.880615234375
-0.0137920379638672 -0.0160617828369141 -0.72613525390625 -0.28765869140625
-0.0113372802734375 0.00141716003417969 -0.524566650390625 0.3660888671875
0.00724315643310547 0.009521484375 -0.098419189453125 0.46722412109375
-0.00321674346923828 0.00576305389404297 0.239456176757813 0.268798828125
0.015350341796875 0.000222206115722656 0.330535888671875 -0.00347900390625
0.0325813293457031 -0.00417327880859375 -0.32391357421875 -0.01220703125
0.0133485794067383 0.0127172470092773 -0.184555053710938 -0.259368896484375
0.0139694213867188 -0.00742340087890625 0.20196533203125 -0.425689697265625
-0.00224399566650391 0.000643014907836914 0.6378173828125 -0.1861572265625
-0.0386085510253906 0.00923156738281251 0.613037109375 0.5235595703125
-0.021484375 -0.0370445251464844 0.026611328125 0.8896484375
0.0381851196289063 -0.0166435241699219 -0.3536376953125 0.53741455078125
0.0627670288085938 -0.0158233642578125 0.0243415832519531 0.0470314025878906
0.0430908203125 -0.0257759094238281 0.346160888671875 -0.546478271484375
0.0159912109375 -0.0355186462402344 -0.15594482421875 -0.8837890625
-0.0102729797363281 -0.0120410919189453 -0.72503662109375 -0.29791259765625
-0.00764131546020508 -0.000618934631347656 -0.529815673828125 0.3616943359375
0.0122470855712891 0.00330734252929688 -0.104583740234375 0.468902587890625
-0.00343728065490723 -0.00145983695983887 0.237274169921875 0.271896362304688
0.014988899230957 -0.00475215911865234 0.330841064453125 -0.002410888671875
0.0338993072509766 -0.00991630554199219 -0.324188232421875 -0.0130615234375
0.0126094818115234 0.00614356994628906 -0.192047119140625 -0.2593994140625
0.0184402465820312 -0.0134391784667969 0.188079833984375 -0.42718505859375
0.00212502479553223 2.288818359375E-05 0.6282958984375 -0.2021484375
-0.0356521606445313 0.0158805847167969 0.62689208984375 0.50262451171875
-0.0202865600585938 -0.0354957580566406 0.0510864257812501 0.8865966796875
0.0409469604492188 -0.0213394165039063 -0.345916748046875 0.54840087890625
0.0691490173339844 -0.0223121643066406 0.0161056518554688 0.0543785095214844
0.0463333129882813 -0.029541015625 0.354705810546875 -0.537933349609375
0.0187740325927734 -0.0333328247070313 -0.13104248046875 -0.89080810546875
-0.00668191909790039 -0.00744295120239258 -0.71905517578125 -0.3251953125
-0.00365138053894043 -0.00218081474304199 -0.5435791015625 0.34649658203125
0.0158481597900391 -0.00338554382324219 -0.1204833984375 0.46722412109375
-0.00232124328613281 -0.00750923156738281 0.230117797851562 0.275009155273438
0.0152034759521484 -0.0102128982543945 0.32794189453125 0.0015869140625
0.0300235748291016 -0.00602149963378906 -0.335784912109375 -0.00183105468750004
0.0117530822753906 0.02154541015625 -0.22076416015625 -0.264190673828125
0.0105094909667969 0.0012359619140625 0.131805419921875 -0.458221435546875
-0.00138950347900391 0.00635910034179687 0.59051513671875 -0.29290771484375
-0.0302810668945312 0.0172634124755859 0.66363525390625 0.39031982421875
-0.0259189605712891 -0.0132160186767578 0.1474609375 0.8419189453125
0.0123758316040039 0.015101432800293 -0.30279541015625 0.5728759765625
0.0199851989746094 0.0146751403808594 0.00607299804687501 0.0756072998046875
0.0206050872802734 0.0138587951660156 0.4078369140625 -0.50439453125
0.0190353393554688 -0.0145359039306641 -0.01995849609375 -0.9273681640625
-0.00322818756103516 -0.0117826461791992 -0.683349609375 -0.4368896484375
-0.00733518600463867 0.00329446792602539 -0.58953857421875 0.26495361328125
0.00490665435791016 0.0137739181518555 -0.168853759765625 0.440948486328125
-0.00224113464355469 0.00909709930419922 0.20849609375 0.27593994140625
0.0147390365600586 -0.00514984130859375 0.328216552734375 -0.0001220703125
0.0288772583007813 -0.00234603881835938 -0.334716796875 -0.00195312499999993
0.0139636993408203 0.0260944366455078 -0.20928955078125 -0.264724731445313
0.00725841522216797 0.00536632537841797 0.150848388671875 -0.450408935546875
-0.00599956512451172 0.00709724426269531 0.60400390625 -0.2625732421875
-0.0351200103759766 0.0111751556396484 0.64886474609375 0.42388916015625
-0.0256748199462891 -0.0189285278320312 0.10540771484375 0.852294921875
0.0119476318359375 0.0153741836547852 -0.321746826171875 0.559814453125
0.0199661254882812 0.0152683258056641 0.0147018432617187 0.0658187866210938
0.0205364227294922 0.0122261047363281 0.3948974609375 -0.5186767578125
0.0174827575683594 -0.019439697265625 -0.0564575195312499 -0.91558837890625
-0.00732040405273438 -0.0173883438110352 -0.6949462890625 -0.3951416015625
-0.0102834701538086 0.00395011901855469 -0.57080078125 0.29290771484375
0.00190353393554688 0.0180225372314453 -0.147430419921875 0.447265625
-0.0025634765625 0.0141763687133789 0.221405029296875 0.271011352539063
0.0144023895263672 -0.00177001953125 0.330474853515625 -0.006317138671875
0.0301990509033203 0.00191497802734375 -0.3328857421875 -0.00656127929687504
0.0137119293212891 0.0279159545898437 -0.199081420898438 -0.265228271484375
0.00592708587646484 0.00796890258789063 0.173492431640625 -0.446258544921875
-0.0086812973022461 0.00572538375854492 0.6202392578125 -0.2335205078125
-0.038116455078125 0.00602722167968751 0.63568115234375 0.46429443359375
-0.0254859924316406 -0.0234718322753906 0.0718994140625 0.86468505859375
0.0140438079833984 0.0128822326660156 -0.333648681640625 0.5472412109375
0.0245819091796875 0.0122261047363281 0.0226783752441406 0.0565986633300781
0.0233230590820313 0.00687217712402344 0.37689208984375 -0.533538818359375
0.0157299041748047 -0.0253009796142578 -0.10089111328125 -0.90606689453125
-0.0107994079589844 -0.0197181701660156 -0.7108154296875 -0.35467529296875
-0.0122489929199219 0.00433635711669922 -0.555572509765625 0.32000732421875
0.0017547607421875 0.0189170837402344 -0.12835693359375 0.4541015625
-0.0033111572265625 0.0155525207519531 0.228805541992188 0.270172119140625
0.016331672668457 0.00142574310302734 0.331634521484375 -0.00543212890625
0.0306396484375 0.00290298461914062 -0.330963134765625 -0.00762939453124997
0.0136318206787109 0.027740478515625 -0.189239501953125 -0.264251708984375
0.00520038604736328 0.00741481781005859 0.18988037109375 -0.436737060546875
-0.0103473663330078 0.00345802307128906 0.63287353515625 -0.2064208984375
-0.0403480529785156 0.00273513793945313 0.6201171875 0.49700927734375
-0.0244026184082031 -0.0295543670654297 0.03900146484375 0.87506103515625
0.0191726684570313 0.00760650634765625 -0.3482666015625 0.535797119140625
0.0322742462158203 0.00758743286132812 0.0283050537109375 0.0484161376953125
0.027801513671875 -0.000123977661132812 0.363006591796875 -0.544464111328125
0.0142822265625 -0.0295944213867188 -0.1339111328125 -0.89501953125
-0.0135955810546875 -0.0205783843994141 -0.71807861328125 -0.31829833984375
-0.0131359100341797 0.0034637451171875 -0.53759765625 0.34405517578125
0.00209236145019531 0.0176315307617188 -0.1114501953125 0.4608154296875
-0.00299263000488281 0.0149965286254883 0.236587524414062 0.26751708984375
0.0154590606689453 0.00276088714599609 0.333251953125 -0.009063720703125
0.0320529937744141 0.00327301025390625 -0.32720947265625 -0.011199951171875
0.0135917663574219 0.0239505767822266 -0.183853149414062 -0.262466430664063
0.0067596435546875 0.00457429885864258 0.20355224609375 -0.42950439453125
-0.00976181030273438 0.00157928466796875 0.64093017578125 -0.18621826171875
-0.0417022705078125 0.00200271606445313 0.61004638671875 0.5218505859375
-0.0227794647216797 -0.0338096618652344 0.0187377929687501 0.885498046875
0.0259361267089844 0.000385284423828125 -0.355072021484375 0.530059814453125
0.0426177978515625 -6.4849853515625E-05 0.0308723449707031 0.0441970825195312
0.0332870483398437 -0.00943565368652344 0.35003662109375 -0.5526123046875
0.0134944915771484 -0.0327548980712891 -0.15924072265625 -0.884521484375
-0.0145626068115234 -0.0195102691650391 -0.72747802734375 -0.2947998046875
-0.0131444931030273 0.00243186950683594 -0.52728271484375 0.35931396484375
0.00484275817871094 0.0142107009887695 -0.100189208984375 0.46630859375
-0.00356674194335937 0.011591911315918 0.240493774414062 0.266921997070313
0.0163307189941406 0.00227260589599609 0.332672119140625 -0.006134033203125
0.0322532653808594 0.00102615356445313 -0.3250732421875 -0.012237548828125
0.0142898559570313 0.0182285308837891 -0.182052612304688 -0.260833740234375
0.00949287414550781 0.000139236450195313 0.20654296875 -0.425384521484375
-0.006561279296875 0.000565528869628906 0.6439208984375 -0.179443359375
-0.0404396057128906 0.00401306152343751 0.6103515625 0.53155517578125
-0.0211219787597656 -0.0363616943359375 0.0147705078125 0.88946533203125
0.0327873229980469 -0.00813865661621094 -0.358184814453125 0.5318603515625
0.0537147521972656 -0.00912857055664063 0.0291938781738281 0.044036865234375
0.0377883911132813 -0.0187416076660156 0.34539794921875 -0.552886962890625
0.0139522552490234 -0.0348262786865234 -0.16552734375 -0.880859375
-0.01336669921875 -0.0160303115844727 -0.72784423828125 -0.2890625
-0.011021614074707 0.00109481811523437 -0.52545166015625 0.3662109375
0.00776386260986328 0.00884246826171875 -0.09759521484375 0.46844482421875
-0.00325107574462891 0.00596904754638672 0.24127197265625 0.267974853515625
0.0157051086425781 0.000958442687988281 0.33209228515625 -0.003814697265625
0.0342731475830078 -0.00507545471191406 -0.32501220703125 -0.0120239257812501
0.0142326354980469 0.012904167175293 -0.185348510742188 -0.259429931640625
0.0134744644165039 -0.00651645660400391 0.19989013671875 -0.425079345703125
-0.00319194793701172 0.000584125518798829 0.63861083984375 -0.18658447265625
-0.0383682250976563 0.00909042358398438 0.61419677734375 0.52386474609375
-0.0197982788085938 -0.0370407104492187 0.0260009765625001 0.89068603515625
0.0377883911132813 -0.0164299011230469 -0.35540771484375 0.53857421875
0.0626869201660156 -0.0167160034179688 0.0240325927734375 0.0479927062988281
0.0433197021484375 -0.0254325866699219 0.3463134765625 -0.546295166015625
0.0160369873046875 -0.0350322723388672 -0.15399169921875 -0.88555908203125
-0.0105981826782227 -0.0120115280151367 -0.7249755859375 -0.298095703125
-0.00819635391235352 -0.000998973846435549 -0.531036376953125 0.361968994140625
0.0117502212524414 0.00267887115478516 -0.10491943359375 0.4710693359375
-0.00313377380371094 -0.000487327575683594 0.238494873046875 0.27117919921875
0.0148134231567383 -0.00610828399658203 0.33123779296875 -0.002288818359375
0.0337982177734375 -0.0102729797363281 -0.325469970703125 -0.0119323730468751
0.0142250061035156 0.00638294219970703 -0.192337036132812 -0.25714111328125
0.0179729461669922 -0.0131626129150391 0.18902587890625 -0.42779541015625
0.00211560726165771 0.000920295715332031 0.6298828125 -0.2032470703125
-0.0348663330078125 0.0157718658447266 0.628173828125 0.50439453125
-0.0193595886230469 -0.0346584320068359 0.0515747070312501 0.888916015625
0.0406303405761719 -0.0220069885253906 -0.345855712890625 0.5501708984375
0.0682106018066406 -0.0223731994628906 0.0163040161132812 0.0560531616210937
0.0462493896484375 -0.0299034118652344 0.354095458984375 -0.53759765625
0.0181045532226563 -0.0333232879638672 -0.130859375 -0.89410400390625
-0.00626564025878906 -0.00736331939697266 -0.71923828125 -0.32568359375
-0.00488710403442383 -0.00220060348510742 -0.54400634765625 0.34625244140625
0.0162925720214844 -0.00389194488525391 -0.118408203125 0.46856689453125
-0.0025181770324707 -0.00740528106689453 0.232315063476562 0.27410888671875
0.0149869918823242 -0.0110149383544922 0.330230712890625 0.0020751953125
0.0307693481445313 -0.00717544555664063 -0.33636474609375 -0.000640869140625036
0.0133876800537109 0.0216197967529297 -0.22247314453125 -0.2628173828125
0.00986957550048828 0.00152873992919922 0.129547119140625 -0.4603271484375
-0.00153541564941406 0.00684642791748047 0.589111328125 -0.29205322265625
-0.0299587249755859 0.0178165435791016 0.665771484375 0.3902587890625
-0.0246715545654297 -0.0126705169677734 0.14569091796875 0.8433837890625
0.0118780136108398 0.0153331756591797 -0.3035888671875 0.57513427734375
0.0190753936767578 0.0133762359619141 0.00620269775390625 0.0760345458984375
0.02020263671875 0.0140380859375 0.40777587890625 -0.503814697265625
0.01959228515625 -0.0138416290283203 -0.02069091796875 -0.93115234375
-0.00312137603759766 -0.0122528076171875 -0.685791015625 -0.4388427734375
-0.00744295120239258 0.00366067886352539 -0.59088134765625 0.2664794921875
0.0060272216796875 0.0133762359619141 -0.17022705078125 0.44183349609375
-0.00185585021972656 0.00936508178710938 0.210037231445313 0.275192260742187
0.0148735046386719 -0.00649833679199219 0.32928466796875 -0.000579833984375
0.0297374725341797 -0.00337791442871094 -0.335540771484375 -6.1035156250001E-05
0.0154571533203125 0.0278568267822266 -0.211502075195313 -0.263702392578125
0.00733232498168945 0.00622892379760742 0.148590087890625 -0.4512939453125
-0.00641918182373047 0.00792646408081055 0.6051025390625 -0.26239013671875
-0.0340099334716797 0.0111885070800781 0.64910888671875 0.42578125
-0.0255832672119141 -0.0182876586914063 0.1051025390625 0.8563232421875
0.0111770629882813 0.0158195495605469 -0.32086181640625 0.560638427734375
0.0195045471191406 0.01513671875 0.0150833129882812 0.06671142578125
0.0200042724609375 0.0121440887451172 0.3953857421875 -0.519683837890625
0.0174198150634766 -0.0191497802734375 -0.0574340820312501 -0.91943359375
-0.00739288330078125 -0.0175657272338867 -0.69683837890625 -0.39697265625
-0.0104923248291016 0.00387096405029297 -0.571533203125 0.2933349609375
0.00197601318359375 0.0175914764404297 -0.147857666015625 0.447357177734375
-0.00187873840332031 0.0147609710693359 0.22265625 0.271286010742188
0.0150060653686523 -0.00265026092529297 0.331817626953125 -0.007598876953125
0.0318393707275391 0.0014495849609375 -0.333465576171875 -0.00466918945312506
0.0143547058105469 0.0288124084472656 -0.199996948242187 -0.265426635742188
0.00569486618041992 0.00810623168945313 0.172698974609375 -0.446990966796875
-0.00953292846679687 0.00542640686035156 0.6207275390625 -0.2352294921875
-0.0381889343261719 0.00668716430664062 0.638916015625 0.46527099609375
-0.0245380401611328 -0.023468017578125 0.0725708007812501 0.86785888671875
0.0142354965209961 0.012812614440918 -0.33544921875 0.547882080078125
0.0240592956542969 0.0121879577636719 0.0225677490234375 0.0566482543945313
0.0234928131103516 0.00699424743652344 0.378753662109375 -0.533447265625
0.0155925750732422 -0.0246067047119141 -0.10186767578125 -0.90924072265625
-0.0110015869140625 -0.0198993682861328 -0.71270751953125 -0.35552978515625
-0.0130615234375 0.00405597686767578 -0.556793212890625 0.321197509765625
0.00188064575195312 0.0191326141357422 -0.129150390625 0.455230712890625
-0.00307178497314453 0.0157938003540039 0.23065185546875 0.270172119140625
0.0153894424438477 0.00112056732177734 0.3326416015625 -0.006011962890625
0.0314750671386719 0.00214767456054687 -0.331329345703125 -0.00616455078124993
0.0149307250976563 0.0281486511230469 -0.1907958984375 -0.263946533203125
0.00533056259155273 0.00798892974853516 0.189727783203125 -0.43670654296875
-0.0116128921508789 0.00359439849853516 0.63372802734375 -0.20758056640625
-0.0395050048828125 0.00309371948242187 0.62152099609375 0.4996337890625
-0.0238361358642578 -0.0284919738769531 0.0382080078125 0.87774658203125
0.0185031890869141 0.00808525085449219 -0.3480224609375 0.538116455078125
0.0318107604980469 0.00773429870605469 0.0289878845214844 0.0492515563964844
0.0273151397705078 -0.000514984130859375 0.36456298828125 -0.54486083984375
0.0145816802978516 -0.0296707153320313 -0.1328125 -0.896728515625
-0.0132560729980469 -0.0208759307861328 -0.7210693359375 -0.32171630859375
-0.0134305953979492 0.00381278991699219 -0.538726806640625 0.34503173828125
0.00240135192871094 0.0189857482910156 -0.1114501953125 0.462432861328125
-0.00258636474609375 0.0154619216918945 0.238616943359375 0.266754150390625
0.0154829025268555 0.00173377990722656 0.334228515625 -0.00885009765625
0.0325813293457031 0.00233078002929688 -0.328216552734375 -0.01068115234375
0.0143299102783203 0.0248641967773437 -0.184967041015625 -0.262420654296875
0.0064692497253418 0.00518465042114258 0.202850341796875 -0.430511474609375
-0.0100955963134766 0.00160598754882812 0.6431884765625 -0.18798828125
-0.0405998229980469 0.00225830078125 0.61236572265625 0.5235595703125
-0.0222015380859375 -0.0334892272949219 0.0189208984375001 0.8875732421875
0.0255775451660156 -0.0001373291015625 -0.35577392578125 0.532470703125
0.0429115295410156 -0.000392913818359375 0.0310592651367188 0.0442924499511719
0.0335292816162109 -0.00977516174316406 0.350982666015625 -0.55377197265625
0.0141620635986328 -0.0327110290527344 -0.1605224609375 -0.88751220703125
-0.0150547027587891 -0.0192451477050781 -0.72918701171875 -0.29486083984375
-0.0134592056274414 0.00222682952880859 -0.529327392578125 0.361480712890625
0.00513458251953125 0.0147972106933594 -0.101104736328125 0.46832275390625
-0.00340747833251953 0.0116634368896484 0.24261474609375 0.266677856445313
0.0166006088256836 0.00277233123779297 0.333984375 -0.007568359375
0.0331497192382813 1.33514404296875E-05 -0.325958251953125 -0.011627197265625
0.0147876739501953 0.0193691253662109 -0.183303833007812 -0.260330200195313
0.00921058654785156 -0.000472068786621094 0.205596923828125 -0.4267578125
-0.00750017166137695 0.000892162322998047 0.644775390625 -0.1805419921875
-0.0399932861328125 0.00457000732421875 0.61151123046875 0.53363037109375
-0.0202903747558594 -0.0365829467773438 0.0130004882812501 0.8927001953125
0.0325660705566406 -0.00898933410644531 -0.3580322265625 0.532867431640625
0.0531997680664063 -0.00904464721679688 0.0296783447265625 0.0441932678222656
0.0383033752441406 -0.0182456970214844 0.34552001953125 -0.555450439453125
0.0141544342041016 -0.0349502563476563 -0.16693115234375 -0.88336181640625
-0.0134468078613281 -0.0163822174072266 -0.73016357421875 -0.28936767578125
-0.0114898681640625 0.00113105773925781 -0.5257568359375 0.366973876953125
0.00843048095703125 0.0100526809692383 -0.09893798828125 0.4691162109375
-0.00329780578613281 0.00608491897583008 0.242630004882813 0.268157958984375
0.0155906677246094 -0.000377655029296875 0.33270263671875 -0.004364013671875
0.0341472625732422 -0.00568962097167969 -0.326080322265625 -0.011260986328125
0.0149049758911133 0.0131692886352539 -0.186492919921875 -0.25933837890625
0.0130939483642578 -0.00625419616699219 0.20068359375 -0.426910400390625
-0.00353741645812988 0.000342369079589844 0.63995361328125 -0.18670654296875
-0.0381393432617188 0.00942230224609374 0.61651611328125 0.52490234375
-0.0188102722167969 -0.0366630554199219 0.025146484375 0.89447021484375
0.038055419921875 -0.0171699523925781 -0.35552978515625 0.539215087890625
0.0622100830078125 -0.017120361328125 0.0240936279296875 0.0484695434570313
0.0427894592285156 -0.0257759094238281 0.347412109375 -0.549041748046875
0.0155811309814453 -0.0347423553466797 -0.15576171875 -0.8873291015625
-0.0102729797363281 -0.0123128890991211 -0.727294921875 -0.3009033203125
-0.00875473022460937 -0.000499248504638672 -0.53228759765625 0.362213134765625
0.0117940902709961 0.0030059814453125 -0.104278564453125 0.472015380859375
-0.00241875648498535 -6.4849853515625E-05 0.240066528320313 0.27099609375
0.0153264999389648 -0.00524044036865234 0.3328857421875 -0.00323486328125
0.0348968505859375 -0.0115756988525391 -0.326446533203125 -0.00988769531249996
0.0151290893554687 0.00631809234619141 -0.194091796875 -0.257171630859375
0.0176906585693359 -0.0130023956298828 0.1875 -0.429718017578125
0.00143551826477051 0.000929713249206543 0.6304931640625 -0.203369140625
-0.0343685150146484 0.0169410705566406 0.6304931640625 0.50457763671875
-0.0183544158935547 -0.0340518951416016 0.0501708984375 0.890869140625
0.0408668518066406 -0.02215576171875 -0.347503662109375 0.551239013671875
0.0678672790527344 -0.0229454040527344 0.0162582397460938 0.0555992126464844
0.0465850830078125 -0.0299530029296875 0.355438232421875 -0.53759765625
0.0189666748046875 -0.0327205657958984 -0.13092041015625 -0.89617919921875
-0.00673103332519531 -0.00702905654907227 -0.72125244140625 -0.32684326171875
-0.00459527969360352 -0.00199747085571289 -0.5462646484375 0.345550537109375
0.0159387588500977 -0.00337123870849609 -0.119720458984375 0.47003173828125
-0.00277948379516601 -0.00805473327636719 0.233108520507813 0.274581909179688
0.0149679183959961 -0.0109586715698242 0.331085205078125 0.000762939453124999
0.0314254760742188 -0.00688362121582031 -0.33795166015625 -9.15527343750024E-05
0.0140151977539062 0.0220603942871094 -0.2239990234375 -0.263275146484375
0.00979518890380859 0.00204086303710937 0.130615234375 -0.460235595703125
-0.00204944610595703 0.00731801986694336 0.59197998046875 -0.2943115234375
-0.0296401977539063 0.0182380676269531 0.668701171875 0.3924560546875
-0.02459716796875 -0.0119609832763672 0.14697265625 0.8477783203125
0.0121994018554688 0.0155477523803711 -0.30535888671875 0.577880859375
0.0181331634521484 0.0139942169189453 0.00617218017578125 0.0771102905273438
0.020233154296875 0.0141620635986328 0.409088134765625 -0.506683349609375
0.0196895599365234 -0.0136528015136719 -0.0207519531249999 -0.934814453125
-0.00358676910400391 -0.0126523971557617 -0.6893310546875 -0.44000244140625
-0.00775814056396484 0.00323486328125 -0.5921630859375 0.26947021484375
0.00663280487060547 0.0149707794189453 -0.169830322265625 0.4439697265625
-0.00207042694091797 0.00967693328857422 0.212127685546875 0.2752685546875
0.0148820877075195 -0.00650882720947266 0.331451416015625 -0.001129150390625
0.0309906005859375 -0.00373268127441406 -0.336639404296875 0.00140380859375005
0.0166187286376953 0.0274085998535156 -0.213455200195312 -0.263427734375
0.00647115707397461 0.00661468505859375 0.14801025390625 -0.452880859375
-0.00724267959594726 0.00707387924194336 0.60711669921875 -0.26556396484375
-0.0342025756835938 0.011810302734375 0.65399169921875 0.42730712890625
-0.0251026153564453 -0.0172443389892578 0.10626220703125 0.85791015625
0.0120744705200195 0.0153608322143555 -0.3236083984375 0.56317138671875
0.0191192626953125 0.0146217346191406 0.0149040222167969 0.0674285888671875
0.0205402374267578 0.0120010375976563 0.3970947265625 -0.521087646484375
0.0174064636230469 -0.01904296875 -0.0583496093749999 -0.92156982421875
-0.00715255737304688 -0.0173768997192383 -0.6995849609375 -0.39715576171875
-0.00983810424804688 0.00385761260986328 -0.57354736328125 0.2950439453125
0.00304222106933594 0.0180683135986328 -0.147003173828125 0.450958251953125
-0.00128746032714844 0.0144758224487305 0.224258422851562 0.271224975585938
0.0144453048706055 -0.00268936157226563 0.333770751953125 -0.008880615234375
0.0325489044189453 0.00109672546386719 -0.334381103515625 -0.00469970703125001
0.0153312683105469 0.0293750762939453 -0.201614379882813 -0.265228271484375
0.00509452819824219 0.00893592834472656 0.171173095703125 -0.448638916015625
-0.0100088119506836 0.00587749481201172 0.62469482421875 -0.2376708984375
-0.0377731323242188 0.00726318359375001 0.64251708984375 0.46661376953125
-0.02490234375 -0.0226459503173828 0.0733032226562501 0.870849609375
0.0147085189819336 0.0124578475952148 -0.335540771484375 0.551422119140625
0.0233573913574219 0.0123500823974609 0.0226249694824219 0.0574455261230469
0.0238304138183594 0.00655937194824219 0.378662109375 -0.536773681640625
0.0160236358642578 -0.0250072479248047 -0.10223388671875 -0.910888671875
-0.01141357421875 -0.02081298828125 -0.71514892578125 -0.358154296875
-0.0128040313720703 0.00426197052001953 -0.55780029296875 0.322265625
0.00219345092773438 0.0191116333007812 -0.128875732421875 0.45794677734375
-0.002655029296875 0.0161323547363281 0.232528686523438 0.2705078125
0.0158987045288086 0.00105094909667969 0.33489990234375 -0.007110595703125
0.0325469970703125 0.001800537109375 -0.33251953125 -0.005767822265625
0.0158271789550781 0.0287742614746094 -0.192428588867188 -0.263519287109375
0.00516223907470703 0.00853967666625977 0.189666748046875 -0.437591552734375
-0.0119304656982422 0.00367259979248047 0.63677978515625 -0.209228515625
-0.0402030944824219 0.00372314453125001 0.62353515625 0.50030517578125
-0.0227508544921875 -0.0279827117919922 0.0384521484374999 0.8812255859375
0.0191841125488281 0.00746345520019531 -0.349029541015625 0.53961181640625
0.0317497253417969 0.00758171081542969 0.0288772583007813 0.0496902465820312
0.0276775360107422 -0.00105094909667969 0.365142822265625 -0.54638671875
0.0138664245605469 -0.0295238494873047 -0.1336669921875 -0.90081787109375
-0.0136680603027344 -0.0208930969238281 -0.72332763671875 -0.32147216796875
-0.0135898590087891 0.00347328186035156 -0.540863037109375 0.34710693359375
0.00310134887695313 0.0189399719238281 -0.1112060546875 0.465118408203125
-0.00217628479003906 0.0164813995361328 0.240707397460938 0.2677001953125
0.0156621932983398 0.00195980072021484 0.335906982421875 -0.010101318359375
0.0332527160644531 0.00160598754882813 -0.329986572265625 -0.00912475585937501
0.0153942108154297 0.0249919891357422 -0.186141967773437 -0.26239013671875
0.00623750686645508 0.00489473342895508 0.203155517578125 -0.431884765625
-0.0112419128417969 0.00187015533447265 0.6456298828125 -0.1885986328125
-0.0402069091796875 0.00260543823242188 0.61639404296875 0.5257568359375
-0.0214786529541016 -0.0326347351074219 0.0199584960937501 0.8907470703125
0.0262393951416016 -0.000436782836914063 -0.35546875 0.53558349609375
0.0423164367675781 -0.00142288208007812 0.0316314697265625 0.04437255859375
0.0329513549804688 -0.00995063781738281 0.3515625 -0.55517578125
0.0134811401367188 -0.0329914093017578 -0.16009521484375 -0.89166259765625
-0.0147991180419922 -0.0193996429443359 -0.7318115234375 -0.29754638671875
-0.0132999420166016 0.00235557556152344 -0.53082275390625 0.36212158203125
0.00626659393310547 0.0153036117553711 -0.1004638671875 0.470123291015625
-0.00284004211425781 0.0125217437744141 0.244644165039063 0.26702880859375
0.0163440704345703 0.00152015686035156 0.334991455078125 -0.007720947265625
0.0346031188964844 -0.00108146667480469 -0.327392578125 -0.00979614257812499
0.0162639617919922 0.0193634033203125 -0.185501098632813 -0.2601318359375
0.00931644439697265 0.000372886657714844 0.204986572265625 -0.427886962890625
-0.00797605514526367 0.000946521759033202 0.6485595703125 -0.18267822265625
-0.03936767578125 0.00445175170898437 0.615234375 0.53436279296875
-0.0191764831542969 -0.03607177734375 0.0146484375000001 0.8974609375
0.0330867767333984 -0.00843048095703125 -0.35888671875 0.53662109375
0.0524406433105469 -0.00926971435546875 0.0308647155761719 0.0448074340820312
0.0380020141601563 -0.0192070007324219 0.347076416015625 -0.5565185546875
0.0140876770019531 -0.0347995758056641 -0.1676025390625 -0.8873291015625
-0.0138921737670898 -0.0163793563842773 -0.73370361328125 -0.291015625
-0.0112028121948242 0.00111484527587891 -0.528717041015625 0.368743896484375
0.00871372222900391 0.0101499557495117 -0.098175048828125 0.471954345703125
-0.00320577621459961 0.00662374496459961 0.245590209960938 0.268112182617188
0.0160865783691406 -0.000240325927734375 0.33453369140625 -0.00543212890625
0.0350589752197266 -0.00696754455566406 -0.327178955078125 -0.00979614257812498
0.0162162780761719 0.0133285522460937 -0.1883544921875 -0.259078979492187
0.0130929946899414 -0.00659084320068359 0.19970703125 -0.42730712890625
-0.00454950332641601 0.00135660171508789 0.64361572265625 -0.18902587890625
-0.037353515625 0.00984573364257813 0.62005615234375 0.5269775390625
-0.01824951171875 -0.0359230041503906 0.02520751953125 0.8966064453125
0.0378913879394531 -0.0170021057128906 -0.356292724609375 0.541107177734375
0.0611534118652344 -0.0169754028320312 0.024871826171875 0.0488090515136719
0.0433425903320313 -0.0265960693359375 0.34893798828125 -0.549407958984375
0.0161170959472656 -0.0355567932128906 -0.15667724609375 -0.89093017578125
-0.0106353759765625 -0.0120534896850586 -0.72991943359375 -0.30169677734375
-0.00900459289550781 -0.000819206237792969 -0.534149169921875 0.365264892578125
0.0122900009155273 0.00316429138183594 -0.104583740234375 0.474090576171875
-0.00297880172729492 -0.000246524810791016 0.242660522460938 0.271209716796875
0.0152168273925781 -0.00549697875976563 0.335357666015625 -0.00396728515625
0.0355873107910156 -0.012603759765625 -0.3275146484375 -0.00930786132812501
0.0158815383911133 0.00745201110839844 -0.195693969726562 -0.256637573242188
0.017547607421875 -0.0127725601196289 0.186370849609375 -0.431365966796875
0.000887811183929443 0.000311136245727539 0.63323974609375 -0.20452880859375
-0.0337371826171875 0.0170822143554687 0.633544921875 0.50579833984375
-0.0177478790283203 -0.0333824157714844 0.0523071289062501 0.8946533203125
0.0412025451660156 -0.0219230651855469 -0.3477783203125 0.553558349609375
0.0673980712890625 -0.02313232421875 0.0163078308105469 0.0559883117675781
0.0467605590820313 -0.0299148559570313 0.35748291015625 -0.539764404296875
0.0185489654541016 -0.0331058502197266 -0.1324462890625 -0.89910888671875
-0.00663614273071289 -0.00775766372680664 -0.72418212890625 -0.327880859375
-0.00429964065551758 -0.00235390663146973 -0.54815673828125 0.34967041015625
0.01702880859375 -0.00331401824951172 -0.119598388671875 0.47149658203125
-0.00224065780639648 -0.00680685043334961 0.235595703125 0.275405883789063
0.0147838592529297 -0.0111179351806641 0.33306884765625 3.05175781249993E-05
0.03167724609375 -0.00836944580078125 -0.339141845703125 0.00320434570312494
0.0156040191650391 0.0225143432617187 -0.226486206054688 -0.262969970703125
0.00966072082519531 0.00228595733642578 0.129608154296875 -0.46295166015625
-0.0018925666809082 0.00746822357177734 0.59429931640625 -0.29901123046875
-0.0291423797607422 0.0186367034912109 0.67498779296875 0.392578125
-0.0236282348632812 -0.0115165710449219 0.14990234375 0.8531494140625
0.0117473602294922 0.0157136917114258 -0.30584716796875 0.582275390625
0.0177974700927734 0.0134468078613281 0.0062713623046875 0.07781982421875
0.0195369720458984 0.0134353637695313 0.40936279296875 -0.50909423828125
0.0190105438232422 -0.0140724182128906 -0.021484375 -0.93975830078125
-0.00324916839599609 -0.0123682022094727 -0.69219970703125 -0.44134521484375
-0.00733757019042969 0.00320053100585937 -0.59539794921875 0.2724609375
0.00614643096923828 0.0145111083984375 -0.169189453125 0.4471435546875
-0.00182437896728516 0.00996685028076172 0.215377807617188 0.275588989257813
0.0149011611938477 -0.00681877136230469 0.333953857421875 -0.003082275390625
0.0312862396240234 -0.00494956970214844 -0.33770751953125 0.00292968749999998
0.0175247192382812 0.0272979736328125 -0.215316772460937 -0.263259887695313
0.0067143440246582 0.0066676139831543 0.147003173828125 -0.4554443359375
-0.00789260864257813 0.00792837142944336 0.6094970703125 -0.26873779296875
-0.0331974029541016 0.01190185546875 0.65899658203125 0.42779541015625
-0.0242061614990234 -0.0166778564453125 0.1092529296875 0.8626708984375
0.0114660263061523 0.0166807174682617 -0.32318115234375 0.567138671875
0.0177593231201172 0.0144710540771484 0.0154991149902344 0.068267822265625
0.0206546783447266 0.0116710662841797 0.39862060546875 -0.524688720703125
0.0171833038330078 -0.0194625854492188 -0.0592041015625 -0.92578125
-0.00751113891601562 -0.0177841186523438 -0.7027587890625 -0.40032958984375
-0.0103836059570313 0.00407505035400391 -0.5750732421875 0.298095703125
0.00284576416015625 0.0184593200683594 -0.149169921875 0.4539794921875
-0.00189590454101562 0.0150566101074219 0.227432250976562 0.271697998046875
0.0143547058105469 -0.00299453735351563 0.33587646484375 -0.009552001953125
0.0336875915527344 -0.000238418579101562 -0.33685302734375 -0.00238037109375005
0.0163536071777344 0.0291328430175781 -0.204010009765625 -0.264389038085938
0.005157470703125 0.00904941558837891 0.17083740234375 -0.450469970703125
-0.00988578796386719 0.00563716888427734 0.6268310546875 -0.24169921875
-0.0377540588378906 0.00730133056640624 0.64556884765625 0.466796875
-0.0240535736083984 -0.0219764709472656 0.0755615234374999 0.87567138671875
0.0140352249145508 0.0126771926879883 -0.3359375 0.554840087890625
0.0225486755371094 0.0121307373046875 0.0229988098144531 0.0579414367675781
0.0231189727783203 0.00681877136230469 0.381256103515625 -0.53759765625
0.0154972076416016 -0.0243053436279297 -0.10333251953125 -0.91644287109375
-0.0111293792724609 -0.0205249786376953 -0.71942138671875 -0.35943603515625
-0.0132026672363281 0.00384998321533203 -0.560882568359375 0.3272705078125
0.00287055969238281 0.0197181701660156 -0.128021240234375 0.46026611328125
-0.00285434722900391 0.0168523788452148 0.23541259765625 0.27093505859375
0.0162744522094727 0.000821113586425781 0.3367919921875 -0.008544921875
0.0343379974365234 0.0004730224609375 -0.334228515625 -0.00369262695312497
0.0168190002441406 0.0289306640625 -0.194854736328125 -0.262191772460938
0.00494909286499024 0.00849580764770508 0.18798828125 -0.44134521484375
-0.0123605728149414 0.00381851196289062 0.639404296875 -0.2117919921875
-0.0391311645507813 0.00358200073242188 0.6282958984375 0.50341796875
-0.0224609375 -0.0273799896240234 0.0380859374999999 0.8863525390625
0.0193901062011719 0.00711441040039063 -0.35101318359375 0.542938232421875
0.0303783416748047 0.00723838806152344 0.0289764404296875 0.0506973266601563
0.0276412963867187 -0.00131988525390625 0.36669921875 -0.5506591796875
0.0138359069824219 -0.0292034149169922 -0.1370849609375 -0.904296875
-0.0145397186279297 -0.0210189819335938 -0.7265625 -0.321533203125
-0.0139665603637695 0.00385761260986328 -0.541717529296875 0.34991455078125
0.00339317321777344 0.0181827545166016 -0.11163330078125 0.46502685546875
-0.00199604034423828 0.0163373947143555 0.243240356445312 0.267105102539063
0.0160236358642578 0.00187301635742188 0.33831787109375 -0.011444091796875
0.0344352722167969 0.000827789306640625 -0.33087158203125 -0.00711059570312496
0.0166301727294922 0.0252323150634766 -0.188247680664062 -0.261581420898438
0.00606203079223633 0.0059971809387207 0.200836181640625 -0.433807373046875
-0.011713981628418 0.00208759307861328 0.64801025390625 -0.19134521484375
-0.03997802734375 0.00292587280273438 0.62091064453125 0.52606201171875
-0.0210151672363281 -0.0325298309326172 0.0206298828124999 0.8968505859375
0.0263118743896484 -0.00054931640625 -0.35791015625 0.53839111328125
0.0415420532226563 -0.0007476806640625 0.03240966796875 0.0455360412597656
0.0327911376953125 -0.010833740234375 0.353851318359375 -0.557281494140625
0.0132827758789063 -0.0331554412841797 -0.1640625 -0.89654541015625
-0.0149860382080078 -0.0200099945068359 -0.736572265625 -0.29693603515625
-0.0133705139160156 0.00222110748291016 -0.533050537109375 0.365997314453125
0.00609970092773438 0.0150079727172852 -0.09857177734375 0.47222900390625
-0.00209712982177734 0.0125837326049805 0.247589111328125 0.267166137695313
0.016301155090332 0.00202846527099609 0.337860107421875 -0.0091552734375
0.0349235534667969 -0.00210380554199219 -0.3297119140625 -0.00878906249999994
0.0167999267578125 0.0191249847412109 -0.187271118164063 -0.259521484375
0.00914573669433594 0.000392913818359375 0.204833984375 -0.430572509765625
-0.00898551940917969 0.00156879425048828 0.6505126953125 -0.18426513671875
-0.0393562316894531 0.00519943237304687 0.6202392578125 0.53662109375
-0.0187759399414063 -0.0348472595214844 0.016845703125 0.90118408203125
0.0333251953125 -0.00974845886230469 -0.3590087890625 0.538299560546875
0.0519294738769531 -0.0098419189453125 0.0303955078125 0.0450820922851563
0.0380630493164063 -0.0189590454101563 0.345733642578125 -0.558258056640625
0.01409912109375 -0.034820556640625 -0.16973876953125 -0.8912353515625
-0.0142612457275391 -0.0159521102905273 -0.73760986328125 -0.2918701171875
-0.0116329193115234 0.00104999542236328 -0.530029296875 0.372467041015625
0.00947189331054688 0.009185791015625 -0.097259521484375 0.47509765625
-0.00240278244018555 0.0072026252746582 0.247695922851563 0.26812744140625
0.0158681869506836 -0.000662803649902344 0.336395263671875 -0.0076904296875
0.0360870361328125 -0.00854110717773438 -0.32916259765625 -0.00860595703124998
0.0171670913696289 0.0138301849365234 -0.1903076171875 -0.257736206054687
0.0133428573608398 -0.00553607940673828 0.198516845703125 -0.42950439453125
-0.00503921508789063 0.00117158889770508 0.644775390625 -0.19158935546875
-0.0367851257324219 0.0101585388183594 0.623291015625 0.52752685546875
-0.0179214477539063 -0.0349178314208984 0.0261840820312501 0.90350341796875
0.03857421875 -0.0178260803222656 -0.356689453125 0.544281005859375
0.0610198974609375 -0.0175247192382813 0.0247573852539063 0.0493621826171875
0.0426216125488281 -0.0271720886230469 0.350189208984375 -0.552886962890625
0.0161895751953125 -0.0348854064941406 -0.15924072265625 -0.89599609375
-0.0108833312988281 -0.0126361846923828 -0.734375 -0.3016357421875
-0.00886249542236328 -0.00068950653076172 -0.535980224609375 0.367950439453125
0.0130243301391602 0.0030059814453125 -0.103912353515625 0.4775390625
-0.00242710113525391 0.000536680221557617 0.2451171875 0.271163940429688
0.0151529312133789 -0.00640106201171875 0.3365478515625 -0.00506591796875
0.0359954833984375 -0.0135688781738281 -0.329437255859375 -0.00775146484374994
0.0169687271118164 0.00620937347412109 -0.198257446289063 -0.255966186523438
0.0176811218261719 -0.0123081207275391 0.18701171875 -0.433563232421875
-0.000155806541442871 0.00127410888671875 0.636474609375 -0.209228515625
-0.0330619812011719 0.0174884796142578 0.6376953125 0.5074462890625
-0.0170497894287109 -0.0330123901367188 0.0526733398437499 0.8980712890625
0.0408515930175781 -0.022125244140625 -0.34857177734375 0.5562744140625
0.067535400390625 -0.0236892700195312 0.015838623046875 0.0563774108886719
0.0464286804199219 -0.0310440063476563 0.358489990234375 -0.542327880859375
0.0184955596923828 -0.0334205627441406 -0.13507080078125 -0.90447998046875
-0.00695037841796875 -0.00736713409423828 -0.72705078125 -0.328125
-0.00475406646728516 -0.00212907791137695 -0.548309326171875 0.353790283203125
0.0171661376953125 -0.00359153747558594 -0.118408203125 0.47418212890625
-0.00197649002075195 -0.00656700134277344 0.2379150390625 0.275146484375
0.0151252746582031 -0.0114278793334961 0.33551025390625 -0.00115966796875
0.0326957702636719 -0.00936126708984375 -0.341522216796875 0.00469970703124996
0.0163993835449219 0.0223503112792969 -0.229232788085937 -0.262664794921875
0.00937175750732422 0.00354862213134766 0.1263427734375 -0.46600341796875
-0.00290536880493164 0.007781982421875 0.596923828125 -0.30230712890625
-0.0282669067382812 0.0196399688720703 0.68115234375 0.39306640625
-0.0228939056396484 -0.0108718872070313 0.15313720703125 0.85699462890625
0.0121564865112305 0.0152492523193359 -0.30645751953125 0.5849609375
0.0172309875488281 0.013671875 0.00684356689453125 0.0790481567382812
0.0200691223144531 0.0137119293212891 0.41107177734375 -0.5128173828125
0.0197238922119141 -0.0136871337890625 -0.02520751953125 -0.94622802734375
-0.00341796875 -0.0127544403076172 -0.6988525390625 -0.444091796875
-0.00739145278930664 0.0028223991394043 -0.59674072265625 0.27386474609375
0.00752544403076172 0.0144243240356445 -0.168182373046875 0.450439453125
-0.000638961791992188 0.0101690292358398 0.217254638671875 0.276504516601563
0.0149879455566406 -0.00761890411376953 0.33599853515625 -0.004730224609375
0.0326557159423828 -0.00588226318359375 -0.339691162109375 0.004852294921875
0.0185928344726562 0.0276374816894531 -0.218276977539063 -0.262420654296875
0.00642824172973633 0.00677394866943359 0.145477294921875 -0.458526611328125
-0.00784492492675781 0.00808095932006836 0.61370849609375 -0.27215576171875
-0.0332660675048828 0.0127277374267578 0.66412353515625 0.4268798828125
-0.0227603912353516 -0.0166568756103516 0.11083984375 0.8680419921875
0.0120201110839844 0.0161285400390625 -0.32318115234375 0.570556640625
0.017298698425293 0.0145349502563477 0.0161933898925781 0.069000244140625
0.0203857421875 0.0116043090820312 0.398590087890625 -0.527923583984375
0.0173759460449219 -0.0184898376464844 -0.0609741210937501 -0.93341064453125
-0.00749588012695313 -0.0176906585693359 -0.7095947265625 -0.40081787109375
-0.0108003616333008 0.00403022766113281 -0.57843017578125 0.30218505859375
0.00383186340332031 0.0188751220703125 -0.146453857421875 0.4578857421875
-0.000580787658691406 0.0158500671386719 0.230300903320313 0.271743774414063
0.0138206481933594 -0.00424003601074219 0.338653564453125 -0.0113525390625
0.033721923828125 -0.00139808654785156 -0.338226318359375 -0.000183105468749941
0.0179519653320312 0.0299186706542969 -0.206375122070312 -0.264053344726563
0.00484085083007813 0.00917148590087891 0.168121337890625 -0.454193115234375
-0.0113563537597656 0.00607872009277344 0.6309814453125 -0.24468994140625
-0.0366401672363281 0.00827789306640626 0.6536865234375 0.4691162109375
-0.0228672027587891 -0.0211238861083984 0.07818603515625 0.8804931640625
0.01483154296875 0.0125532150268555 -0.337127685546875 0.55889892578125
0.0224628448486328 0.0116634368896484 0.0237388610839844 0.0592613220214844
0.0238552093505859 0.00618934631347656 0.38153076171875 -0.542388916015625
0.0154075622558594 -0.0245952606201172 -0.10748291015625 -0.921875
-0.0116024017333984 -0.0207653045654297 -0.724609375 -0.35797119140625
-0.0137672424316406 0.00424003601074219 -0.56353759765625 0.3304443359375
0.00291824340820312 0.0194129943847656 -0.12799072265625 0.46331787109375
-0.00142288208007812 0.017578125 0.2386474609375 0.27099609375
0.0153179168701172 0.000132560729980469 0.339447021484375 -0.009979248046875
0.0343761444091797 -0.000364303588867188 -0.336334228515625 -0.00198364257812505
0.0184135437011719 0.028717041015625 -0.196685791015625 -0.263259887695313
0.00416278839111328 0.00929069519042969 0.187255859375 -0.44293212890625
-0.0128383636474609 0.00419998168945312 0.64337158203125 -0.21600341796875
-0.0389022827148438 0.00412368774414063 0.63446044921875 0.5029296875
-0.0222682952880859 -0.0270576477050781 0.0422363281250001 0.892578125
0.019866943359375 0.00756454467773438 -0.349609375 0.548370361328125
0.0300693511962891 0.00638771057128906 0.0295066833496094 0.0507850646972656
0.0278091430664062 -0.00108528137207031 0.367919921875 -0.5538330078125
0.0145835876464844 -0.0293350219726563 -0.1402587890625 -0.90911865234375
-0.0141277313232422 -0.020538330078125 -0.7332763671875 -0.32269287109375
-0.0137100219726563 0.00400543212890625 -0.54534912109375 0.3543701171875
0.00411033630371094 0.0183830261230469 -0.110382080078125 0.469879150390625
-0.00166893005371094 0.0164375305175781 0.246978759765625 0.268051147460938
0.0161418914794922 0.00135040283203125 0.34100341796875 -0.012725830078125
0.035003662109375 -0.00127983093261719 -0.333099365234375 -0.00592041015625006
0.0180854797363281 0.0250358581542969 -0.191650390625 -0.2618408203125
0.00552892684936523 0.00645923614501953 0.199554443359375 -0.43768310546875
-0.0118865966796875 0.00209712982177734 0.65185546875 -0.19708251953125
-0.0395431518554688 0.00307083129882813 0.626953125 0.5286865234375
-0.0201969146728516 -0.0318851470947266 0.0223388671875001 0.9027099609375
0.0261573791503906 -0.0010528564453125 -0.35845947265625 0.541839599609375
0.0407600402832031 -0.0017547607421875 0.0327033996582031 0.0458526611328125
0.0335540771484375 -0.0109348297119141 0.353759765625 -0.562103271484375
0.0141201019287109 -0.0326862335205078 -0.16705322265625 -0.89923095703125
-0.0152568817138672 -0.0196189880371094 -0.74151611328125 -0.298095703125
-0.0139808654785156 0.00298023223876953 -0.5347900390625 0.3701171875
0.00652790069580078 0.0155582427978516 -0.0972900390625 0.47564697265625
-0.00287818908691406 0.0129623413085938 0.251129150390625 0.267669677734375
0.0164670944213867 0.000951766967773438 0.34100341796875 -0.010955810546875
0.0362167358398438 -0.00316238403320313 -0.3309326171875 -0.00601196289062501
0.0180320739746094 0.0194416046142578 -0.189727783203125 -0.25994873046875
0.00924968719482422 0.00117588043212891 0.203033447265625 -0.4342041015625
-0.00941753387451172 0.00141048431396484 0.65362548828125 -0.18829345703125
-0.0388031005859375 0.00593948364257812 0.62664794921875 0.5367431640625
-0.0184307098388672 -0.0346031188964844 0.0174560546875 0.90606689453125
0.0328502655029297 -0.00918197631835938 -0.3607177734375 0.54388427734375
0.0511970520019531 -0.0102691650390625 0.0306777954101563 0.045440673828125
0.03851318359375 -0.0200424194335938 0.348419189453125 -0.5609130859375
0.0136985778808594 -0.0349903106689453 -0.17364501953125 -0.89556884765625
-0.0145587921142578 -0.0160379409790039 -0.74371337890625 -0.2901611328125
-0.012333869934082 0.00146293640136719 -0.532318115234375 0.377166748046875
0.00977134704589844 0.0102005004882813 -0.096099853515625 0.477935791015625
-0.00210094451904297 0.00698041915893555 0.251007080078125 0.268264770507813
0.0164785385131836 -0.00132369995117188 0.339874267578125 -0.008209228515625
0.0364265441894531 -0.00944137573242188 -0.331939697265625 -0.00592041015625
0.0186824798583984 0.0133056640625 -0.192779541015625 -0.257980346679688
0.0129365921020508 -0.00568389892578125 0.19775390625 -0.433319091796875
-0.00512886047363281 0.000979900360107422 0.65008544921875 -0.195556640625
-0.0363197326660156 0.0104484558105469 0.6304931640625 0.52874755859375
-0.0167388916015625 -0.0357170104980469 0.0295410156250001 0.90911865234375
0.038604736328125 -0.0178604125976563 -0.358673095703125 0.551055908203125
0.0605735778808594 -0.01861572265625 0.0246734619140625 0.0492591857910156
0.0423851013183594 -0.02740478515625 0.35101318359375 -0.556427001953125
0.0159530639648437 -0.0350055694580078 -0.16259765625 -0.90032958984375
-0.0111331939697266 -0.0121593475341797 -0.7396240234375 -0.30279541015625
-0.00838518142700195 -0.000620841979980467 -0.53662109375 0.372222900390625
0.0137577056884766 0.00343418121337891 -0.103302001953125 0.480255126953125
-0.00207030773162842 0.00109016895294189 0.248672485351563 0.271011352539063
0.0153188705444336 -0.00587368011474609 0.339874267578125 -0.0068359375
0.0371513366699219 -0.0152702331542969 -0.33160400390625 -0.00662231445312496
0.0187301635742188 0.006927490234375 -0.200637817382813 -0.25567626953125
0.0174312591552734 -0.0130271911621094 0.1851806640625 -0.436187744140625
-0.000468850135803223 0.0014503002166748 0.64044189453125 -0.21173095703125
-0.0327663421630859 0.0176563262939453 0.6456298828125 0.50811767578125
-0.0156631469726563 -0.0329113006591797 0.0557861328125 0.9051513671875
0.0414199829101563 -0.0231781005859375 -0.34832763671875 0.561004638671875
0.0671806335449219 -0.0244865417480469 0.01666259765625 0.0567626953125
0.0464057922363281 -0.0316581726074219 0.358642578125 -0.545745849609375
0.0190181732177734 -0.0335769653320313 -0.13812255859375 -0.9073486328125
-0.00714826583862305 -0.00753402709960938 -0.73297119140625 -0.32952880859375
-0.00571727752685547 -0.00252294540405274 -0.552490234375 0.357330322265625
0.0181446075439453 -0.003662109375 -0.11724853515625 0.477691650390625
-0.00177431106567383 -0.00603961944580078 0.241622924804688 0.275344848632813
0.0151844024658203 -0.0119905471801758 0.338348388671875 -0.0023193359375
0.0339202880859375 -0.0104255676269531 -0.343505859375 0.00738525390625001
0.018341064453125 0.0223293304443359 -0.232376098632813 -0.26153564453125
0.0100345611572266 0.00257110595703125 0.1243896484375 -0.4688720703125
-0.00288152694702148 0.00764656066894531 0.60076904296875 -0.3070068359375
-0.0278129577636719 0.0196743011474609 0.68634033203125 0.39178466796875
-0.0226688385009766 -0.010009765625 0.15838623046875 0.86383056640625
0.012211799621582 0.0146884918212891 -0.30584716796875 0.59136962890625
0.0167512893676758 0.0124921798706055 0.00789642333984376 0.0801010131835938
0.01983642578125 0.0136432647705078 0.411773681640625 -0.5164794921875
0.0199050903320313 -0.0140037536621094 -0.0277099609375 -0.951904296875
-0.00352859497070312 -0.0119266510009766 -0.70404052734375 -0.44366455078125
-0.00797414779663086 0.00276947021484375 -0.6004638671875 0.27886962890625
0.00758838653564453 0.0152120590209961 -0.167205810546875 0.454437255859375
-0.000936508178710938 0.0103731155395508 0.221664428710938 0.27606201171875
0.0149631500244141 -0.00837135314941406 0.33905029296875 -0.006805419921875
0.0330467224121094 -0.00646781921386719 -0.34234619140625 0.00793457031250006
0.0200119018554688 0.0277500152587891 -0.221603393554688 -0.262420654296875
0.00588035583496094 0.0072784423828125 0.1427001953125 -0.46148681640625
-0.0081324577331543 0.00851583480834961 0.61639404296875 -0.27777099609375
-0.0319118499755859 0.0138168334960938 0.671142578125 0.42889404296875
-0.0230045318603516 -0.01556396484375 0.11566162109375 0.8736572265625
0.0119915008544922 0.0151252746582031 -0.3226318359375 0.57666015625
0.0170650482177734 0.0145034790039063 0.0166473388671875 0.0700035095214844
0.0208015441894531 0.0109672546386719 0.400665283203125 -0.533447265625
0.0172595977783203 -0.0191287994384766 -0.06671142578125 -0.93865966796875
-0.00845909118652344 -0.0183925628662109 -0.71453857421875 -0.401123046875
-0.0114955902099609 0.00369644165039062 -0.5816650390625 0.306884765625
0.00412368774414063 0.0181312561035156 -0.14434814453125 0.461944580078125
-0.000841140747070313 0.0160531997680664 0.234222412109375 0.271774291992188
0.0137405395507813 -0.00452041625976563 0.340362548828125 -0.012420654296875
0.0346412658691406 -0.00275802612304687 -0.340606689453125 0.00207519531249993
0.0194206237792969 0.0292129516601562 -0.209640502929688 -0.263641357421875
0.00477409362792969 0.0100526809692383 0.167327880859375 -0.456939697265625
-0.0113010406494141 0.00622653961181641 0.63372802734375 -0.2491455078125
-0.0360527038574219 0.00806427001953124 0.659423828125 0.4688720703125
-0.0227336883544922 -0.02081298828125 0.08209228515625 0.88824462890625
0.014373779296875 0.0127859115600586 -0.33721923828125 0.56536865234375
0.0221614837646484 0.0111198425292969 0.0242767333984375 0.0596084594726562
0.0231151580810547 0.00546646118164063 0.38250732421875 -0.5469970703125
0.0159091949462891 -0.0246715545654297 -0.11114501953125 -0.92938232421875
-0.0118465423583984 -0.0201053619384766 -0.73138427734375 -0.3575439453125
-0.0135746002197266 0.00395488739013672 -0.564697265625 0.3350830078125
0.00337409973144531 0.0199832916259766 -0.126434326171875 0.467376708984375
-0.00161552429199219 0.0180778503417969 0.242568969726563 0.270721435546875
0.0157308578491211 -0.000218391418457031 0.34210205078125 -0.01220703125
0.0346927642822266 -0.00171470642089844 -0.338623046875 0.00170898437499995
0.019561767578125 0.0285587310791016 -0.2005615234375 -0.262786865234375
0.00466346740722656 0.009033203125 0.185821533203125 -0.4482421875
-0.012822151184082 0.00504684448242188 0.64703369140625 -0.22027587890625
-0.0387725830078125 0.00477981567382812 0.64324951171875 0.50244140625
-0.0208759307861328 -0.0266208648681641 0.04443359375 0.89776611328125
0.0187435150146484 0.00733566284179688 -0.3509521484375 0.552459716796875
0.0292263031005859 0.00642204284667969 0.0306015014648438 0.0516319274902344
0.0277099609375 -0.00179481506347656 0.368499755859375 -0.559661865234375
0.0143470764160156 -0.0291671752929687 -0.14520263671875 -0.91546630859375
-0.0143508911132812 -0.0214099884033203 -0.73919677734375 -0.3226318359375
-0.0144681930541992 0.00433826446533203 -0.5472412109375 0.359283447265625
0.00516700744628906 0.0191364288330078 -0.10882568359375 0.4742431640625
-0.000905036926269532 0.0170936584472656 0.250473022460938 0.268310546875
0.0159969329833984 0.000974655151367187 0.3433837890625 -0.0147705078125
0.0359268188476563 -0.0017547607421875 -0.334930419921875 -0.00323486328124996
0.01922607421875 0.0248851776123047 -0.194564819335938 -0.26116943359375
0.00582504272460937 0.00667238235473633 0.19805908203125 -0.4423828125
-0.0128154754638672 0.00238990783691406 0.65570068359375 -0.2012939453125
-0.0388031005859375 0.00333786010742187 0.634033203125 0.52825927734375
-0.0194892883300781 -0.0314140319824219 0.0264282226562501 0.90948486328125
0.0264034271240234 -0.000459671020507813 -0.358734130859375 0.547698974609375
0.0398445129394531 -0.00179672241210937 0.0321617126464844 0.0467262268066406
0.033294677734375 -0.0113563537597656 0.354736328125 -0.56622314453125
0.0136623382568359 -0.0335159301757813 -0.17144775390625 -0.90606689453125
-0.0160274505615234 -0.0191688537597656 -0.74725341796875 -0.2977294921875
-0.0141630172729492 0.00280475616455078 -0.5364990234375 0.3759765625
0.00739860534667969 0.0153207778930664 -0.0960693359375001 0.47991943359375
-0.00130176544189453 0.0136051177978516 0.254989624023438 0.268173217773438
0.0165538787841797 0.000441551208496094 0.3428955078125 -0.013275146484375
0.0370826721191406 -0.00501632690429687 -0.332763671875 -0.00390625000000007
0.0191173553466797 0.0195751190185547 -0.193222045898437 -0.259353637695313
0.0087890625 0.00116634368896484 0.201629638671875 -0.435302734375
-0.00978660583496094 0.00210475921630859 0.65802001953125 -0.19110107421875
-0.0380287170410156 0.00572586059570312 0.63421630859375 0.5380859375
-0.0169010162353516 -0.0344028472900391 0.0220336914062501 0.91302490234375
0.0336704254150391 -0.00955963134765625 -0.361114501953125 0.548065185546875
0.0506362915039063 -0.010955810546875 0.0314712524414063 0.0466880798339844
0.0381813049316406 -0.0200233459472656 0.34857177734375 -0.5665283203125
0.0139312744140625 -0.0351715087890625 -0.177978515625 -0.90216064453125
-0.0146808624267578 -0.0159034729003906 -0.74871826171875 -0.2901611328125
-0.0120162963867187 0.00150775909423828 -0.533050537109375 0.3818359375
0.0108737945556641 0.00952816009521484 -0.09423828125 0.48321533203125
-0.00131416320800781 0.00834274291992188 0.255355834960938 0.268447875976563
0.0157880783081055 -0.00188159942626953 0.343017578125 -0.010498046875
0.0377998352050781 -0.0109100341796875 -0.3338623046875 -0.00347900390624994
0.0196552276611328 0.0134525299072266 -0.196121215820313 -0.257644653320313
0.0129671096801758 -0.00542545318603516 0.196441650390625 -0.436676025390625
-0.00580120086669922 0.00188302993774414 0.65228271484375 -0.20074462890625
-0.0357627868652344 0.010467529296875 0.63726806640625 0.5294189453125
-0.0158748626708984 -0.0351219177246094 0.0337524414062501 0.91473388671875
0.0387344360351563 -0.0179939270019531 -0.357666015625 0.553497314453125
0.06005859375 -0.0189552307128906 0.0259819030761719 0.0502243041992188
0.0424461364746094 -0.0278701782226563 0.350738525390625 -0.56005859375
0.0159225463867188 -0.0348186492919922 -0.16815185546875 -0.90594482421875
-0.0116338729858398 -0.0125522613525391 -0.74761962890625 -0.30255126953125
-0.00945186614990235 -0.000550270080566405 -0.539581298828125 0.3770751953125
0.0143976211547852 0.00356006622314453 -0.100982666015625 0.483001708984375
-0.00176918506622314 0.00146186351776123 0.253097534179688 0.272293090820313
0.0154743194580078 -0.00707340240478516 0.34271240234375 -0.00860595703125
0.0374412536621094 -0.0163078308105469 -0.333404541015625 -0.00357055664062499
0.0191078186035156 0.00629615783691406 -0.203338623046875 -0.255096435546875
0.0169229507446289 -0.0124444961547852 0.18389892578125 -0.43963623046875
-0.000114321708679199 0.00207722187042236 0.6435546875 -0.2171630859375
-0.0319919586181641 0.0179214477539062 0.65057373046875 0.50897216796875
-0.0146446228027344 -0.0328617095947266 0.0589599609375 0.9105224609375
0.041595458984375 -0.0233917236328125 -0.34857177734375 0.56573486328125
0.0658416748046875 -0.0249252319335938 0.0170326232910156 0.0579910278320313
0.0461692810058594 -0.0322608947753906 0.35882568359375 -0.55126953125
0.0177383422851563 -0.0333995819091797 -0.143310546875 -0.91461181640625
-0.00654697418212891 -0.00775241851806641 -0.73980712890625 -0.32977294921875
-0.00541973114013672 -0.00212240219116211 -0.554107666015625 0.361297607421875
0.0178318023681641 -0.00334358215332031 -0.115753173828125 0.48223876953125
-0.0011744499206543 -0.00585556030273438 0.244964599609375 0.275238037109375
0.0147638320922852 -0.0119333267211914 0.3404541015625 -0.0045166015625
0.0341377258300781 -0.0114173889160156 -0.345611572265625 0.01043701171875
0.0199146270751953 0.0219650268554688 -0.236038208007813 -0.26068115234375
0.00983524322509766 0.00285720825195313 0.122161865234375 -0.473480224609375
-0.00409841537475586 0.00794172286987305 0.60272216796875 -0.313720703125
-0.0282135009765625 0.0198917388916016 0.69482421875 0.3922119140625
-0.0210609436035156 -0.00962638854980468 0.1636962890625 0.86944580078125
0.0123634338378906 0.0147743225097656 -0.3037109375 0.5986328125
0.0167865753173828 0.0136299133300781 0.00823974609375 0.0804290771484375
0.0205192565917969 0.0132789611816406 0.4127197265625 -0.522064208984375
0.0196266174316406 -0.0140571594238281 -0.03228759765625 -0.960205078125
-0.00379753112792969 -0.0130548477172852 -0.71258544921875 -0.4437255859375
-0.00796937942504883 0.00287675857543945 -0.6044921875 0.28485107421875
0.00821113586425781 0.0156211853027344 -0.166107177734375 0.459564208984375
-0.000830650329589844 0.0112533569335938 0.2255859375 0.276657104492188
0.0145158767700195 -0.00853347778320313 0.342041015625 -0.009063720703125
0.0334968566894531 -0.00919532775878906 -0.345245361328125 0.010986328125
0.0207424163818359 0.0269451141357422 -0.225173950195312 -0.26116943359375
0.00646257400512695 0.00806570053100586 0.1412353515625 -0.465179443359375
-0.00880718231201172 0.00935077667236328 0.61871337890625 -0.2841796875
-0.0317707061767578 0.0128917694091797 0.6788330078125 0.4273681640625
-0.0229167938232422 -0.0156478881835938 0.12054443359375 0.88055419921875
0.0121879577636719 0.0157470703125 -0.32281494140625 0.58203125
0.0164985656738281 0.0145978927612305 0.0182876586914062 0.0704803466796875
0.0197963714599609 0.0109138488769531 0.40087890625 -0.53839111328125
0.0167865753173828 -0.0185184478759766 -0.071533203125 -0.94439697265625
-0.0084228515625 -0.0177154541015625 -0.724609375 -0.4005126953125
-0.0116357803344727 0.00426959991455078 -0.58404541015625 0.3123779296875
0.00473213195800781 0.0177707672119141 -0.143585205078125 0.46514892578125
-0.000165939331054687 0.015812873840332 0.238632202148437 0.270736694335938
0.0144023895263672 -0.00457763671875 0.343902587890625 -0.016510009765625
0.0354156494140625 -0.0036468505859375 -0.3426513671875 0.00634765624999996
0.0201930999755859 0.0292987823486328 -0.21356201171875 -0.262954711914063
0.00397777557373047 0.0103998184204102 0.164520263671875 -0.460906982421875
-0.0120887756347656 0.00673484802246094 0.6383056640625 -0.25494384765625
-0.0358734130859375 0.008697509765625 0.66851806640625 0.4676513671875
-0.0224590301513672 -0.0205841064453125 0.0855712890625 0.8935546875
0.0148153305053711 0.0127286911010742 -0.3365478515625 0.569580078125
0.0210475921630859 0.0110950469970703 0.0251388549804687 0.0604362487792969
0.0239601135253906 0.00630760192871094 0.38226318359375 -0.5537109375
0.0150814056396484 -0.0235195159912109 -0.11590576171875 -0.93524169921875
-0.0121669769287109 -0.0205783843994141 -0.7392578125 -0.359619140625
-0.0137767791748047 0.00379657745361328 -0.56756591796875 0.34130859375
0.00420570373535156 0.0200595855712891 -0.12347412109375 0.473175048828125
-0.001708984375 0.0185203552246094 0.247085571289063 0.2713623046875
0.0162115097045898 -0.000782012939453125 0.34527587890625 -0.01470947265625
0.0350303649902344 -0.00311470031738281 -0.340911865234375 0.00350952148437501
0.0215072631835937 0.0289363861083984 -0.20452880859375 -0.262664794921875
0.00381755828857422 0.0106039047241211 0.1837158203125 -0.45330810546875
-0.0136852264404297 0.0053558349609375 0.6507568359375 -0.22662353515625
-0.0376853942871094 0.00500869750976562 0.651611328125 0.504638671875
-0.0206241607666016 -0.0262336730957031 0.0497436523437501 0.905029296875
0.0190010070800781 0.00693893432617188 -0.350067138671875 0.559295654296875
0.0289649963378906 0.00562477111816406 0.0312423706054688 0.0522575378417969
0.0275478363037109 -0.00225257873535156 0.36822509765625 -0.564453125
0.0145740509033203 -0.0295486450195313 -0.14996337890625 -0.92108154296875
-0.0149497985839844 -0.0215950012207031 -0.74609375 -0.31951904296875
-0.0150947570800781 0.00384330749511719 -0.548614501953125 0.364227294921875
0.00495338439941406 0.0188102722167969 -0.10662841796875 0.479156494140625
-0.000478744506835936 0.017822265625 0.255401611328125 0.267608642578125
0.015925407409668 0.00018310546875 0.347076416015625 -0.017669677734375
0.0369796752929688 -0.00301361083984375 -0.33758544921875 -6.10351562499424E-05
0.0207042694091797 0.0250740051269531 -0.197265625 -0.261810302734375
0.00530004501342774 0.00683355331420899 0.196441650390625 -0.44671630859375
-0.0130434036254883 0.00325393676757812 0.6602783203125 -0.20654296875
-0.0391120910644531 0.00490951538085938 0.64227294921875 0.52862548828125
-0.0187740325927734 -0.0312271118164063 0.0306396484374999 0.9156494140625
0.0274333953857422 -0.00184440612792969 -0.357269287109375 0.55413818359375
0.0399551391601563 -0.00147628784179687 0.0345001220703125 0.04718017578125
0.0331592559814453 -0.0120468139648438 0.35357666015625 -0.57177734375
0.0139961242675781 -0.0330562591552734 -0.17779541015625 -0.91363525390625
-0.0158042907714844 -0.0201206207275391 -0.75482177734375 -0.296142578125
-0.0141420364379883 0.00303173065185547 -0.53680419921875 0.382110595703125
0.00836181640625 0.0157718658447266 -0.094146728515625 0.48370361328125
-0.000784873962402345 0.0137996673583984 0.259109497070313 0.267059326171875
0.0167512893676758 0.00107669830322266 0.346160888671875 -0.01678466796875
0.0373382568359375 -0.00652313232421875 -0.33660888671875 -0.00119018554687501
0.0202236175537109 0.0190563201904297 -0.196502685546875 -0.258438110351562
0.00958251953125 0.00129890441894531 0.200775146484375 -0.44146728515625
-0.0104227066040039 0.00117778778076172 0.66229248046875 -0.19952392578125
-0.0384788513183594 0.00588226318359375 0.6419677734375 0.538818359375
-0.0166358947753906 -0.0345306396484375 0.02642822265625 0.9202880859375
0.0338821411132813 -0.0100135803222656 -0.36004638671875 0.55426025390625
0.0508079528808594 -0.0109214782714844 0.0315818786621094 0.0467643737792969
0.0379219055175781 -0.0209922790527344 0.34808349609375 -0.57073974609375
0.014495849609375 -0.0351219177246094 -0.1845703125 -0.90826416015625
-0.014826774597168 -0.0160865783691406 -0.75640869140625 -0.28814697265625
-0.0127830505371094 0.00124645233154297 -0.5360107421875 0.388275146484375
0.0105476379394531 0.00988483428955078 -0.091796875 0.485595703125
-0.00197982788085937 0.00825834274291992 0.260589599609375 0.268325805664063
0.0162525177001953 -0.00206565856933594 0.34527587890625 -0.013641357421875
0.0376358032226563 -0.0122299194335937 -0.337127685546875 -0.00143432617187503
0.0210609436035156 0.0126686096191406 -0.199295043945312 -0.256561279296875
0.0127687454223633 -0.00629329681396484 0.195648193359375 -0.440277099609375
-0.0064849853515625 0.00182580947875977 0.65667724609375 -0.2059326171875
-0.03515625 0.01123046875 0.64642333984375 0.530029296875
-0.0147113800048828 -0.0350818634033203 0.0394897460937501 0.92218017578125
0.0389442443847656 -0.0185165405273438 -0.3568115234375 0.56011962890625
0.0593032836914062 -0.01904296875 0.0261802673339844 0.0506935119628906
0.0419998168945313 -0.0284538269042969 0.349853515625 -0.56756591796875
0.0154266357421875 -0.0355033874511719 -0.17352294921875 -0.91162109375
-0.0112676620483398 -0.0127735137939453 -0.75506591796875 -0.3013916015625
-0.0105371475219727 -0.000651359558105469 -0.541534423828125 0.38409423828125
0.0144748687744141 0.00283622741699219 -0.098663330078125 0.4884033203125
-0.0012136697769165 0.00154376029968262 0.257232666015625 0.271347045898438
0.0147600173950195 -0.00701236724853516 0.34613037109375 -0.01153564453125
0.0382423400878906 -0.0179786682128906 -0.334930419921875 3.05175781250145E-05
0.0204029083251953 0.005950927734375 -0.206756591796875 -0.25506591796875
0.0172348022460938 -0.0121860504150391 0.18157958984375 -0.44317626953125
-0.00133311748504639 0.00194239616394043 0.6473388671875 -0.222412109375
-0.0317420959472656 0.0186309814453125 0.6580810546875 0.50836181640625
-0.0141029357910156 -0.0323390960693359 0.06488037109375 0.91607666015625
0.0417289733886719 -0.0236930847167969 -0.347900390625 0.571533203125
0.0666465759277344 -0.0254936218261719 0.0179176330566406 0.0576667785644531
0.0462188720703125 -0.0331001281738281 0.36053466796875 -0.55633544921875
0.0184383392333984 -0.0337066650390625 -0.14801025390625 -0.92108154296875
-0.00716114044189453 -0.00781631469726563 -0.74774169921875 -0.3267822265625
-0.00541210174560547 -0.0025782585144043 -0.55548095703125 0.368499755859375
0.0189380645751953 -0.00412178039550781 -0.1138916015625 0.4864501953125
-0.000825881958007813 -0.0056767463684082 0.249435424804688 0.275161743164063
0.0147151947021484 -0.0129184722900391 0.342987060546875 -0.00616455078125
0.0353584289550781 -0.0136299133300781 -0.347747802734375 0.01385498046875
0.0209636688232422 0.0220222473144531 -0.240631103515625 -0.2589111328125
0.00968647003173828 0.00352954864501953 0.118011474609375 -0.477081298828125
-0.00342655181884766 0.00876522064208984 0.60589599609375 -0.3212890625
-0.0263595581054687 0.0198211669921875 0.703369140625 0.38897705078125
-0.0199165344238281 -0.00911712646484375 0.17041015625 0.8739013671875
0.0122165679931641 0.0149164199829102 -0.30120849609375 0.60394287109375
0.0155229568481445 0.0124130249023438 0.00991058349609375 0.0818252563476563
0.0199432373046875 0.0121498107910156 0.412445068359375 -0.528472900390625
0.0198268890380859 -0.0138931274414063 -0.0396118164062501 -0.96502685546875
-0.00417709350585937 -0.0130681991577148 -0.7210693359375 -0.443603515625
-0.00806903839111328 0.00325393676757812 -0.60540771484375 0.292236328125
0.00797748565673828 0.015172004699707 -0.162841796875 0.463836669921875
0.000102996826171876 0.0114326477050781 0.230316162109375 0.275375366210938
0.0146322250366211 -0.009246826171875 0.344482421875 -0.012451171875
0.0344066619873047 -0.010406494140625 -0.347869873046875 0.0153808593750001
0.0233554840087891 0.0274143218994141 -0.229110717773438 -0.26123046875
0.00594091415405273 0.00797796249389648 0.137969970703125 -0.47027587890625
-0.00868892669677734 0.00884151458740234 0.622314453125 -0.29058837890625
-0.0310935974121094 0.0143318176269531 0.687255859375 0.42401123046875
-0.0210552215576172 -0.0149135589599609 0.12811279296875 0.8848876953125
0.0126628875732422 0.0155725479125977 -0.3199462890625 0.58782958984375
0.0159950256347656 0.0149974822998047 0.0177078247070313 0.0715484619140625
0.0205936431884766 0.0105533599853516 0.399749755859375 -0.54364013671875
0.0176944732666016 -0.0192432403564453 -0.07940673828125 -0.95098876953125
-0.00911903381347656 -0.0183544158935547 -0.73236083984375 -0.40032958984375
-0.0115270614624023 0.00386714935302734 -0.58551025390625 0.31939697265625
0.00524711608886719 0.0187740325927734 -0.140228271484375 0.468597412109375
0.00101375579833984 0.0164384841918945 0.2437744140625 0.270645141601563
0.0136585235595703 -0.00471591949462891 0.34674072265625 -0.01904296875
0.0360641479492187 -0.00527572631835937 -0.345916748046875 0.00881958007812495
0.0220909118652344 0.0295486450195313 -0.218124389648438 -0.262176513671875
0.00525188446044922 0.0102386474609375 0.161590576171875 -0.46533203125
-0.0124578475952148 0.00693702697753906 0.64031982421875 -0.26129150390625
-0.0346870422363281 0.00909614562988282 0.677490234375 0.4666748046875
-0.0210037231445313 -0.0205726623535156 0.0935058593749999 0.8994140625
0.0151176452636719 0.0125293731689453 -0.33453369140625 0.576904296875
0.0206642150878906 0.0114383697509766 0.0259819030761719 0.0609893798828125
0.0231304168701172 0.00510406494140625 0.38201904296875 -0.55804443359375
0.0156669616699219 -0.0243644714355469 -0.12567138671875 -0.93841552734375
-0.0127162933349609 -0.0205478668212891 -0.74676513671875 -0.3558349609375
-0.0136909484863281 0.00381183624267578 -0.56890869140625 0.3475341796875
0.00498771667480469 0.0198307037353516 -0.121246337890625 0.4775390625
-0.000869750976562498 0.0185565948486328 0.251861572265625 0.269973754882813
0.0163650512695313 -0.00147151947021484 0.347625732421875 -0.017791748046875
0.03607177734375 -0.00402450561523437 -0.342926025390625 0.00723266601562503
0.0230484008789063 0.0283126831054688 -0.208084106445313 -0.260848999023437
0.00390434265136719 0.0102510452270508 0.180023193359375 -0.455535888671875
-0.0137052536010742 0.00526237487792969 0.65338134765625 -0.23345947265625
-0.0368728637695313 0.00507354736328125 0.6588134765625 0.50091552734375
-0.0195541381835938 -0.0259685516357422 0.05694580078125 0.91107177734375
0.0198135375976563 0.00624465942382813 -0.34869384765625 0.56488037109375
0.0288219451904297 0.00567817687988281 0.0318984985351562 0.0530509948730469
0.0273952484130859 -0.0027008056640625 0.3671875 -0.570068359375
0.0139408111572266 -0.0293083190917969 -0.15826416015625 -0.92694091796875
-0.0153713226318359 -0.0217456817626953 -0.753662109375 -0.3182373046875
-0.0151681900024414 0.00397777557373047 -0.5498046875 0.372344970703125
0.00629997253417969 0.0191020965576172 -0.101898193359375 0.482025146484375
0.000579833984375002 0.0181064605712891 0.2603759765625 0.266387939453125
0.0158538818359375 -0.000341415405273437 0.3489990234375 -0.020721435546875
0.0369987487792969 -0.0042572021484375 -0.340362548828125 0.00372314453124994
0.0214481353759766 0.0244083404541016 -0.201858520507813 -0.259735107421875
0.00539875030517578 0.00756549835205078 0.19403076171875 -0.44989013671875
-0.0131893157958984 0.0035543441772461 0.6639404296875 -0.21368408203125
-0.0379219055175781 0.00410079956054688 0.65277099609375 0.52752685546875
-0.0173358917236328 -0.0311965942382813 0.0372314453125 0.922119140625
0.0268878936767578 -0.000988006591796875 -0.35614013671875 0.559783935546875
0.0391159057617187 -0.0030975341796875 0.0346527099609375 0.0472221374511719
0.0327072143554688 -0.0130558013916016 0.3533935546875 -0.57928466796875
0.013519287109375 -0.0333919525146484 -0.1873779296875 -0.917724609375
-0.0158596038818359 -0.0194263458251953 -0.7618408203125 -0.293212890625
-0.0145015716552734 0.00298690795898438 -0.5382080078125 0.390167236328125
0.00825977325439453 0.01556396484375 -0.090728759765625 0.487701416015625
-0.000914573669433595 0.014195442199707 0.264617919921875 0.266387939453125
0.0165128707885742 0.000331878662109375 0.348419189453125 -0.01861572265625
0.0375747680664063 -0.00785064697265625 -0.33837890625 0.00250244140625005
0.0221710205078125 0.0190811157226563 -0.199676513671875 -0.257583618164063
0.00885105133056641 0.00170135498046875 0.196929931640625 -0.446502685546875
-0.0106105804443359 0.00225639343261719 0.66595458984375 -0.20550537109375
-0.0374107360839844 0.00639724731445312 0.64990234375 0.53662109375
-0.0158786773681641 -0.0340557098388672 0.03411865234375 0.92681884765625
0.0337791442871094 -0.0109825134277344 -0.358001708984375 0.560272216796875
0.0499992370605469 -0.0117683410644531 0.0326271057128906 0.0474357604980469
0.0380134582519531 -0.0218276977539063 0.3475341796875 -0.57891845703125
0.0136051177978516 -0.0346775054931641 -0.19342041015625 -0.91455078125
-0.015498161315918 -0.0165224075317383 -0.7635498046875 -0.28564453125
-0.0126886367797852 0.00217533111572266 -0.535980224609375 0.395904541015625
0.0121126174926758 0.00963592529296875 -0.0888671875 0.490234375
-0.000770568847656249 0.00844144821166992 0.264511108398438 0.267852783203125
0.0164585113525391 -0.00321769714355469 0.348236083984375 -0.0166015625
0.0382003784179688 -0.0140266418457031 -0.338104248046875 0.00320434570312494
0.0219802856445313 0.0125160217285156 -0.202850341796875 -0.255783081054688
0.0129880905151367 -0.00471305847167969 0.19158935546875 -0.44586181640625
-0.0066523551940918 0.00206232070922852 0.66168212890625 -0.2132568359375
-0.0350475311279297 0.0113639831542969 0.65570068359375 0.52783203125
-0.0137729644775391 -0.0346736907958984 0.0447998046875 0.92779541015625
0.0386428833007813 -0.019256591796875 -0.35491943359375 0.5665283203125
0.0594139099121094 -0.020477294921875 0.0265998840332031 0.0513839721679688
0.0428085327148438 -0.0288200378417969 0.349853515625 -0.5726318359375
0.014862060546875 -0.0350360870361328 -0.181396484375 -0.91888427734375
-0.0116567611694336 -0.0128765106201172 -0.76251220703125 -0.29803466796875
-0.00993251800537109 -0.000261306762695313 -0.541778564453125 0.3897705078125
0.0147905349731445 0.00264358520507813 -0.09552001953125 0.49334716796875
-0.00179207324981689 0.00153267383575439 0.261688232421875 0.269088745117188
0.0147438049316406 -0.00791072845458984 0.34783935546875 -0.015228271484375
0.0378303527832031 -0.0189399719238281 -0.338653564453125 0.00360107421875001
0.0217647552490234 0.00578880310058594 -0.21044921875 -0.25335693359375
0.0174121856689453 -0.0112199783325195 0.1790771484375 -0.447540283203125
-0.00114595890045166 0.00169765949249268 0.6510009765625 -0.23016357421875
-0.0310993194580078 0.0187187194824219 0.669189453125 0.50701904296875
-0.0135898590087891 -0.0322589874267578 0.0725097656249999 0.9224853515625
0.0413818359375 -0.0245552062988281 -0.34490966796875 0.578857421875
0.0649223327636719 -0.0260391235351563 0.0190048217773438 0.0586128234863281
0.0456504821777344 -0.0335350036621094 0.3585205078125 -0.56195068359375
0.0178470611572266 -0.0334205627441406 -0.156005859375 -0.92791748046875
-0.00646400451660156 -0.00743246078491211 -0.75579833984375 -0.3267822265625
-0.00546503067016602 -0.00208473205566406 -0.556976318359375 0.375244140625
0.0194969177246094 -0.00447845458984375 -0.110931396484375 0.490264892578125
-0.000951766967773437 -0.00558233261108398 0.25518798828125 0.273956298828125
0.0148172378540039 -0.0137767791748047 0.346038818359375 -0.01080322265625
0.0351161956787109 -0.0150012969970703 -0.3504638671875 0.019622802734375
0.0226535797119141 0.0217761993408203 -0.245346069335937 -0.257888793945313
0.0092916488647461 0.00360584259033203 0.113922119140625 -0.480438232421875
-0.00420379638671875 0.00896739959716797 0.606689453125 -0.33013916015625
-0.0255126953125 0.0204391479492188 0.71356201171875 0.3836669921875
-0.019561767578125 -0.00882720947265625 0.1795654296875 0.8790283203125
0.0124940872192383 0.0150613784790039 -0.29864501953125 0.61090087890625
0.0147085189819336 0.012669563293457 0.00960540771484375 0.0819244384765625
0.0204048156738281 0.0115547180175781 0.409942626953125 -0.53509521484375
0.0195655822753906 -0.0135707855224609 -0.0480957031250001 -0.9703369140625
-0.00473594665527344 -0.0126399993896484 -0.72857666015625 -0.44122314453125
-0.00918292999267578 0.0030364990234375 -0.60577392578125 0.29949951171875
0.00890922546386718 0.0146398544311523 -0.159027099609375 0.468780517578125
0.000546455383300781 0.0109481811523438 0.2344970703125 0.274673461914063
0.0140457153320312 -0.00898551940917969 0.34722900390625 -0.016754150390625
0.0337429046630859 -0.0122928619384766 -0.349273681640625 0.0188903808593751
0.024871826171875 0.0269279479980469 -0.234329223632813 -0.258743286132812
0.00596427917480469 0.00846147537231445 0.1341552734375 -0.47271728515625
-0.00882339477539062 0.00947952270507813 0.62408447265625 -0.298583984375
-0.030303955078125 0.0135631561279297 0.69635009765625 0.42138671875
-0.0200862884521484 -0.0142383575439453 0.13677978515625 0.89129638671875
0.0124225616455078 0.0152931213378906 -0.31561279296875 0.5941162109375
0.0149192810058594 0.0133123397827148 0.018707275390625 0.0714340209960938
0.0203456878662109 0.0100288391113281 0.397064208984375 -0.549713134765625
0.0169677734375 -0.019378662109375 -0.08831787109375 -0.9580078125
-0.00948715209960937 -0.0184211730957031 -0.740966796875 -0.395263671875
-0.0116071701049805 0.00401496887207031 -0.58526611328125 0.3282470703125
0.00583648681640625 0.01861572265625 -0.136688232421875 0.47393798828125
0.00171470642089844 0.01715087890625 0.248580932617188 0.269195556640625
0.0138530731201172 -0.00534248352050781 0.34893798828125 -0.023529052734375
0.0363616943359375 -0.00718307495117187 -0.34735107421875 0.0135498046875001
0.0226192474365234 0.0291004180908203 -0.222503662109375 -0.260589599609375
0.00550079345703125 0.0109272003173828 0.15740966796875 -0.468719482421875
-0.0124721527099609 0.00751686096191406 0.64251708984375 -0.27105712890625
-0.0344505310058594 0.00908470153808594 0.68609619140625 0.4630126953125
-0.0201129913330078 -0.0200119018554688 0.102294921875 0.90509033203125
0.0151071548461914 0.0122556686401367 -0.3309326171875 0.58245849609375
0.0191326141357422 0.0109920501708984 0.0269737243652344 0.0609855651855469
0.0240573883056641 0.00470733642578125 0.3785400390625 -0.564453125
0.0155563354492188 -0.0250148773193359 -0.13592529296875 -0.9447021484375
-0.0130138397216797 -0.0202713012695313 -0.7547607421875 -0.353515625
-0.0146961212158203 0.00422191619873047 -0.56927490234375 0.3570556640625
0.00560951232910156 0.019866943359375 -0.116058349609375 0.4810791015625
0.000234603881835939 0.0188941955566406 0.257080078125 0.2672119140625
0.0157566070556641 -0.00126266479492188 0.350555419921875 -0.02239990234375
0.0369071960449219 -0.00643539428710937 -0.34600830078125 0.012176513671875
0.0241336822509766 0.0280971527099609 -0.2117919921875 -0.2593994140625
0.00409030914306641 0.0106048583984375 0.177154541015625 -0.460601806640625
-0.0143213272094727 0.00649738311767578 0.6561279296875 -0.24273681640625
-0.0367622375488281 0.00543975830078124 0.67047119140625 0.497802734375
-0.0184707641601563 -0.0253849029541016 0.06573486328125 0.9168701171875
0.0197601318359375 0.00672531127929688 -0.3458251953125 0.5716552734375
0.0282268524169922 0.00536727905273437 0.0323143005371094 0.0529861450195312
0.0276298522949219 -0.00328636169433594 0.36297607421875 -0.57611083984375
0.0140018463134766 -0.0301761627197266 -0.16741943359375 -0.93292236328125
-0.0159912109375 -0.0216846466064453 -0.761962890625 -0.3143310546875
-0.0146675109863281 0.00378227233886719 -0.54998779296875 0.38043212890625
0.00655364990234375 0.0188503265380859 -0.09716796875 0.48699951171875
0.000589370727539061 0.0176048278808594 0.265975952148438 0.264633178710938
0.0154905319213867 -0.000692367553710937 0.35150146484375 -0.025299072265625
0.0377273559570313 -0.00732421875 -0.341888427734375 0.00762939453124993
0.0230541229248047 0.0241985321044922 -0.204940795898437 -0.258316040039063
0.00568962097167969 0.00737524032592774 0.191162109375 -0.453399658203125
-0.0135679244995117 0.00415897369384766 0.66668701171875 -0.2220458984375
-0.0381622314453125 0.00487136840820313 0.66156005859375 0.52569580078125
-0.0170421600341797 -0.0304374694824219 0.04547119140625 0.92840576171875
0.0272026062011719 -0.00152778625488281 -0.353271484375 0.56536865234375
0.0384178161621094 -0.00272369384765625 0.0350227355957031 0.0481986999511719
0.0323524475097656 -0.0131034851074219 0.35040283203125 -0.5843505859375
0.0134906768798828 -0.0336456298828125 -0.19610595703125 -0.922607421875
-0.0167617797851562 -0.0194091796875 -0.769287109375 -0.28851318359375
-0.0149936676025391 0.00302600860595703 -0.5377197265625 0.39849853515625
0.00894832611083984 0.0154552459716797 -0.08538818359375 0.493072509765625
0.000314712524414061 0.0142126083374023 0.268814086914063 0.264404296875
0.0161056518554688 -0.000689506530761719 0.350921630859375 -0.02392578125
0.0382614135742188 -0.0097808837890625 -0.340545654296875 0.00643920898437493
0.0230655670166016 0.0188388824462891 -0.20458984375 -0.2567138671875
0.00881671905517578 0.00168037414550781 0.194061279296875 -0.44970703125
-0.0113306045532227 0.00251865386962891 0.669189453125 -0.21551513671875
-0.0365562438964844 0.00743484497070313 0.6612548828125 0.5355224609375
-0.0150642395019531 -0.0336456298828125 0.0415039062499999 0.9324951171875
0.0337944030761719 -0.0105133056640625 -0.35699462890625 0.567138671875
0.0488433837890625 -0.01239013671875 0.0339431762695313 0.0478248596191406
0.0375900268554688 -0.0224800109863281 0.34405517578125 -0.5853271484375
0.0133247375488281 -0.0352783203125 -0.2044677734375 -0.9180908203125
-0.015629768371582 -0.0162353515625 -0.771484375 -0.28155517578125
-0.0130710601806641 0.0010671615600586 -0.535888671875 0.4033203125
0.0122499465942383 0.0101938247680664 -0.084197998046875 0.494781494140625
-1.85966491699214E-05 0.008575439453125 0.269424438476563 0.264266967773438
0.0155782699584961 -0.00409507751464844 0.35107421875 -0.020721435546875
0.038299560546875 -0.0158958435058594 -0.34075927734375 0.00653076171875
0.0232315063476563 0.0118675231933594 -0.207794189453125 -0.254043579101563
0.0133094787597656 -0.00510215759277344 0.187164306640625 -0.45013427734375
-0.00713205337524414 0.00245332717895508 0.66351318359375 -0.22265625
-0.0342063903808594 0.0119743347167969 0.66510009765625 0.52484130859375
-0.0140590667724609 -0.0347175598144531 0.05316162109375 0.9327392578125
0.0389671325683594 -0.0198402404785156 -0.35235595703125 0.57269287109375
0.05828857421875 -0.019989013671875 0.0281829833984375 0.0516624450683594
0.0417900085449219 -0.0303230285644531 0.34661865234375 -0.57781982421875
0.0149154663085938 -0.0363349914550781 -0.1905517578125 -0.9215087890625
-0.011815071105957 -0.0122575759887695 -0.76934814453125 -0.2930908203125
-0.0105304718017578 -0.000294685363769533 -0.5406494140625 0.399505615234375
0.0158243179321289 0.00237083435058594 -0.09100341796875 0.497314453125
-0.000626564025878906 0.00165629386901855 0.267898559570313 0.26751708984375
0.0153102874755859 -0.00909137725830078 0.35101318359375 -0.01849365234375
0.03863525390625 -0.0216102600097656 -0.34088134765625 0.00762939453124995
0.0224494934082031 0.00501060485839844 -0.21527099609375 -0.251296997070313
0.0173940658569336 -0.0119266510009766 0.17510986328125 -0.452423095703125
-0.00140190124511719 0.00262188911437988 0.653076171875 -0.23846435546875
-0.0299091339111328 0.0191593170166016 0.67889404296875 0.50323486328125
-0.0126590728759766 -0.0326576232910156 0.0792236328124999 0.92822265625
0.0420913696289063 -0.0258979797363281 -0.3443603515625 0.583984375
0.0643043518066406 -0.0273246765136719 0.0201339721679688 0.0596466064453125
0.0458526611328125 -0.0349807739257813 0.35516357421875 -0.5677490234375
0.0179481506347656 -0.034210205078125 -0.16552734375 -0.93084716796875
-0.00644254684448242 -0.00780916213989258 -0.7637939453125 -0.32147216796875
-0.00612211227416992 -0.00222444534301758 -0.556304931640625 0.38336181640625
0.0195350646972656 -0.00470924377441406 -0.106201171875 0.494720458984375
0.000358104705810547 -0.00634479522705078 0.259796142578125 0.272109985351563
0.0144882202148437 -0.013514518737793 0.34906005859375 -0.014923095703125
0.03546142578125 -0.0168800354003906 -0.35260009765625 0.023834228515625
0.0238723754882812 0.0209293365478516 -0.249343872070313 -0.254669189453125
0.0096426010131836 0.00461673736572266 0.108734130859375 -0.483734130859375
-0.00433015823364258 0.00870847702026367 0.60601806640625 -0.3382568359375
-0.0244140625 0.0213718414306641 0.722900390625 0.37908935546875
-0.0193443298339844 -0.008758544921875 0.1898193359375 0.88134765625
0.0131626129150391 0.0138950347900391 -0.29339599609375 0.617431640625
0.0141830444335938 0.0127906799316406 0.0114898681640625 0.08294677734375
0.0205097198486328 0.0116844177246094 0.408447265625 -0.54248046875
0.0201435089111328 -0.0143413543701172 -0.05975341796875 -0.9786376953125
-0.00453662872314453 -0.0133686065673828 -0.73748779296875 -0.4349365234375
-0.00806713104248047 0.00366783142089844 -0.60662841796875 0.3084716796875
0.0100746154785156 0.0144205093383789 -0.154632568359375 0.473876953125
0.00154972076416016 0.0109071731567383 0.241302490234375 0.272308349609375
0.0139265060424805 -0.00999355316162109 0.348968505859375 -0.021697998046875
0.0348415374755859 -0.0130023956298828 -0.3507080078125 0.023895263671875
0.0256385803222656 0.0258808135986328 -0.238128662109375 -0.256393432617188
0.00674152374267578 0.0087594985961914 0.12823486328125 -0.47607421875
-0.0090799331665039 0.00946044921875 0.62542724609375 -0.31036376953125
-0.0298919677734375 0.0145015716552734 0.7060546875 0.41217041015625
-0.0197601318359375 -0.0136337280273437 0.14447021484375 0.8956298828125
0.0121526718139648 0.0153388977050781 -0.3115234375 0.6016845703125
0.0147819519042969 0.01385498046875 0.0199432373046875 0.0729522705078125
0.0205612182617188 0.0100231170654297 0.39398193359375 -0.557342529296875
0.0171146392822266 -0.0197315216064453 -0.0986938476562501 -0.9613037109375
-0.00937843322753907 -0.0184383392333984 -0.74853515625 -0.3897705078125
-0.0123529434204102 0.00395965576171875 -0.5853271484375 0.33648681640625
0.00670051574707031 0.0190258026123047 -0.132537841796875 0.479461669921875
0.00190353393554688 0.0169820785522461 0.253768920898438 0.267791748046875
0.0131807327270508 -0.00551509857177734 0.351043701171875 -0.027618408203125
0.0362091064453125 -0.0092926025390625 -0.34930419921875 0.0184936523437501
0.0247802734375 0.02813720703125 -0.226959228515625 -0.25762939453125
0.00495529174804688 0.0117053985595703 0.152496337890625 -0.47357177734375
-0.0128517150878906 0.00782871246337891 0.6435546875 -0.27996826171875
-0.0337963104248047 0.00963783264160156 0.69525146484375 0.45697021484375
-0.0191001892089844 -0.0196571350097656 0.11248779296875 0.9090576171875
0.0154962539672852 0.0118188858032227 -0.32562255859375 0.59039306640625
0.0189361572265625 0.0108776092529297 0.0282669067382813 0.0614280700683594
0.0232067108154297 0.00424575805664063 0.37432861328125 -0.571533203125
0.0153274536132812 -0.0246372222900391 -0.14569091796875 -0.9503173828125
-0.0127143859863281 -0.0208148956298828 -0.7633056640625 -0.34735107421875
-0.0143909454345703 0.0043487548828125 -0.56793212890625 0.3631591796875
0.00672340393066406 0.0202674865722656 -0.112335205078125 0.485076904296875
0.00134658813476563 0.0184040069580078 0.261749267578125 0.265762329101563
0.0157861709594727 -0.00134372711181641 0.352264404296875 -0.026947021484375
0.0370826721191406 -0.007904052734375 -0.347381591796875 0.016876220703125
0.0254058837890625 0.0274143218994141 -0.21600341796875 -0.25762939453125
0.00384998321533203 0.0106925964355469 0.17315673828125 -0.465484619140625
-0.0149984359741211 0.00619792938232422 0.6563720703125 -0.2525634765625
-0.0359115600585938 0.00565338134765625 0.67974853515625 0.4935302734375
-0.0185947418212891 -0.0251445770263672 0.07391357421875 0.92291259765625
0.0201530456542969 0.00652313232421875 -0.34228515625 0.5792236328125
0.0271835327148437 0.00539588928222656 0.0340499877929688 0.053375244140625
0.0272750854492188 -0.00326347351074219 0.36083984375 -0.58343505859375
0.0135364532470703 -0.0300788879394531 -0.18072509765625 -0.93572998046875
-0.0158252716064453 -0.0209846496582031 -0.76922607421875 -0.30804443359375
-0.0151433944702148 0.00437641143798828 -0.548919677734375 0.388458251953125
0.00822830200195313 0.0194511413574219 -0.092437744140625 0.490386962890625
0.00166511535644531 0.0182628631591797 0.270477294921875 0.262786865234375
0.0156230926513672 -0.00144100189208984 0.353240966796875 -0.03009033203125
0.0383529663085938 -0.00856781005859375 -0.344024658203125 0.01263427734375
0.0242176055908203 0.0234489440917969 -0.20928955078125 -0.256515502929688
0.0058436393737793 0.00772809982299805 0.18670654296875 -0.458831787109375
-0.014470100402832 0.00439167022705078 0.66693115234375 -0.232421875
-0.0372314453125 0.00483322143554687 0.6717529296875 0.5206298828125
-0.0162391662597656 -0.0304698944091797 0.056640625 0.93328857421875
0.0267810821533203 -0.00225830078125 -0.35009765625 0.5732421875
0.0371513366699219 -0.00350570678710938 0.0364913940429687 0.0482444763183594
0.0325145721435547 -0.01361083984375 0.34552001953125 -0.5908203125
0.0130195617675781 -0.0332717895507813 -0.20672607421875 -0.925537109375
-0.0166244506835938 -0.0196113586425781 -0.77825927734375 -0.28143310546875
-0.0154628753662109 0.00357913970947266 -0.536102294921875 0.40545654296875
0.00940322875976562 0.0146684646606445 -0.081695556640625 0.495635986328125
0.000443458557128907 0.0143260955810547 0.274581909179688 0.261825561523438
0.0167741775512695 -0.000596046447753906 0.35333251953125 -0.027587890625
0.0391464233398438 -0.0114212036132813 -0.34320068359375 0.01165771484375
0.0240631103515625 0.0170631408691406 -0.208450317382813 -0.2542724609375
0.00919342041015625 0.00249004364013672 0.189849853515625 -0.454742431640625
-0.0117397308349609 0.00302696228027344 0.6697998046875 -0.2239990234375
-0.0361137390136719 0.00745773315429688 0.67095947265625 0.529296875
-0.0146369934082031 -0.0333690643310547 0.0513916015625 0.93658447265625
0.0339431762695313 -0.0114078521728516 -0.3509521484375 0.5740966796875
0.0485763549804688 -0.0128173828125 0.0347785949707031 0.0470619201660156
0.0373039245605469 -0.0228996276855469 0.3409423828125 -0.5911865234375
0.0137939453125 -0.0357933044433594 -0.21331787109375 -0.92071533203125
-0.0156345367431641 -0.0160818099975586 -0.77801513671875 -0.27484130859375
-0.0130558013916016 0.00187301635742188 -0.53350830078125 0.413360595703125
0.0123472213745117 0.00932884216308594 -0.079193115234375 0.498779296875
0.000497817993164062 0.00927448272705078 0.275390625 0.262664794921875
0.0153951644897461 -0.00417423248291016 0.3529052734375 -0.025604248046875
0.0391654968261719 -0.0179481506347656 -0.342498779296875 0.01165771484375
0.0247364044189453 0.0112781524658203 -0.211441040039063 -0.252151489257813
0.0130023956298828 -0.00452518463134766 0.182952880859375 -0.45343017578125
-0.00722694396972656 0.0025782585144043 0.66485595703125 -0.23114013671875
-0.0329856872558594 0.0116386413574219 0.67584228515625 0.5203857421875
-0.0132102966308594 -0.0353126525878906 0.06207275390625 0.9388427734375
0.038818359375 -0.0197906494140625 -0.347900390625 0.57861328125
0.0568885803222656 -0.0211830139160156 0.0281639099121094 0.0528106689453125
0.0416297912597656 -0.030853271484375 0.3441162109375 -0.5859375
0.0155754089355469 -0.0363731384277344 -0.20111083984375 -0.92596435546875
-0.0122146606445313 -0.012446403503418 -0.77587890625 -0.28741455078125
-0.0105562210083008 0.00025463104248047 -0.539398193359375 0.40643310546875
0.0165195465087891 0.00217914581298828 -0.0855712890625 0.500701904296875
-0.00037693977355957 0.00178015232086182 0.272308349609375 0.265853881835938
0.0149955749511719 -0.00813579559326172 0.35284423828125 -0.02337646484375
0.039337158203125 -0.0239028930664063 -0.341796875 0.011566162109375
0.0238151550292969 0.00403404235839844 -0.218826293945312 -0.249053955078125
0.0172348022460938 -0.0120382308959961 0.17034912109375 -0.4559326171875
-0.00212597846984863 0.00243806838989258 0.6536865234375 -0.248046875
-0.0291671752929687 0.0189304351806641 0.68914794921875 0.49810791015625
-0.0123195648193359 -0.0320320129394531 0.09002685546875 0.93353271484375
0.0418357849121094 -0.0269279479980469 -0.33807373046875 0.59283447265625
0.0636138916015625 -0.0284690856933594 0.021240234375 0.0596809387207031
0.0452308654785156 -0.0362739562988281 0.3516845703125 -0.57513427734375
0.0176734924316406 -0.0342826843261719 -0.17608642578125 -0.93499755859375
-0.00719165802001953 -0.00772953033447266 -0.77069091796875 -0.315673828125
-0.00581693649291992 -0.00185775756835938 -0.55517578125 0.391448974609375
0.0203418731689453 -0.00511360168457031 -0.1014404296875 0.498809814453125
-0.000685214996337891 -0.00543880462646484 0.264724731445312 0.26971435546875
0.0136442184448242 -0.014307975769043 0.351837158203125 -0.019683837890625
0.03533935546875 -0.0188865661621094 -0.353363037109375 0.0285949707031251
0.0256252288818359 0.0202541351318359 -0.25482177734375 -0.252151489257813
0.00960540771484375 0.00480461120605469 0.101898193359375 -0.486785888671875
-0.00431728363037109 0.00971794128417969 0.60565185546875 -0.347412109375
-0.0236835479736328 0.0216026306152344 0.7313232421875 0.37017822265625
-0.0172052383422852 -0.00801563262939453 0.199951171875 0.88519287109375
0.013300895690918 0.0146017074584961 -0.2872314453125 0.622802734375
0.0127382278442383 0.0120201110839844 0.0126953125 0.0836868286132813
0.0204257965087891 0.0110397338867188 0.404571533203125 -0.5482177734375
0.0199260711669922 -0.0139389038085938 -0.07232666015625 -0.98193359375
-0.004425048828125 -0.0124683380126953 -0.74761962890625 -0.42962646484375
-0.00863027572631836 0.00334835052490234 -0.60491943359375 0.31842041015625
0.0107803344726563 0.0141572952270508 -0.1500244140625 0.4776611328125
0.00137615203857422 0.0109748840332031 0.24591064453125 0.270126342773438
0.0136260986328125 -0.0104312896728516 0.350799560546875 -0.026123046875
0.0345516204833984 -0.0153942108154297 -0.35198974609375 0.029327392578125
0.0277900695800781 0.0249500274658203 -0.242385864257813 -0.252685546875
0.00657224655151367 0.00868320465087891 0.123046875 -0.47894287109375
-0.00917720794677734 0.00987339019775391 0.62335205078125 -0.317626953125
-0.0289802551269531 0.0143909454345703 0.71337890625 0.409912109375
-0.0190677642822266 -0.0138931274414062 0.1563720703125 0.896484375
0.0129871368408203 0.0146598815917969 -0.30633544921875 0.6090087890625
0.0136556625366211 0.0128421783447266 0.0217971801757812 0.073028564453125
0.0207023620605469 0.00960731506347656 0.38958740234375 -0.5638427734375
0.0168590545654297 -0.0189990997314453 -0.11029052734375 -0.96527099609375
-0.00950813293457031 -0.0184459686279297 -0.7572021484375 -0.38323974609375
-0.012054443359375 0.00354766845703125 -0.58428955078125 0.34454345703125
0.00781631469726562 0.0181808471679688 -0.1270751953125 0.48187255859375
0.0028066635131836 0.0166702270507813 0.258987426757813 0.264022827148438
0.0131549835205078 -0.00647163391113281 0.35333251953125 -0.033721923828125
0.0369224548339844 -0.0107078552246094 -0.3505859375 0.0243225097656249
0.0266056060791016 0.0267562866210937 -0.231002807617187 -0.255569458007813
0.00509262084960937 0.0119495391845703 0.146881103515625 -0.4766845703125
-0.0132226943969727 0.00790977478027344 0.6422119140625 -0.28997802734375
-0.0330905914306641 0.0100593566894531 0.70501708984375 0.45037841796875
-0.0181694030761719 -0.0194644927978516 0.121826171875 0.91241455078125
0.0159168243408203 0.0121965408325195 -0.321533203125 0.5950927734375
0.0188674926757813 0.0101413726806641 0.0294036865234375 0.0615043640136719
0.0230617523193359 0.00377082824707031 0.37042236328125 -0.578857421875
0.0153045654296875 -0.0245494842529297 -0.1568603515625 -0.95257568359375
-0.0136280059814453 -0.0208301544189453 -0.770263671875 -0.3404541015625
-0.0146112442016602 0.00533294677734375 -0.56573486328125 0.37261962890625
0.00696754455566406 0.0199432373046875 -0.105926513671875 0.489044189453125
0.00211524963378906 0.0185623168945313 0.267242431640625 0.262954711914063
0.0149316787719727 -0.00227737426757813 0.354034423828125 -0.031768798828125
0.0369415283203125 -0.0101280212402344 -0.34912109375 0.0221557617187499
0.0266971588134766 0.0268268585205078 -0.220321655273438 -0.2550048828125
0.00469017028808594 0.011652946472168 0.167633056640625 -0.467376708984375
-0.0143165588378906 0.00690650939941406 0.65771484375 -0.26239013671875
-0.0356407165527344 0.00701522827148438 0.68939208984375 0.48651123046875
-0.0175971984863281 -0.0258674621582031 0.08587646484375 0.92474365234375
0.0195350646972656 0.00560951232910156 -0.336181640625 0.5853271484375
0.0267848968505859 0.00518035888671875 0.0353736877441406 0.0538215637207031
0.0265674591064453 -0.00448226928710938 0.3551025390625 -0.58941650390625
0.0138702392578125 -0.0304183959960938 -0.1915283203125 -0.93817138671875
-0.0166912078857422 -0.0208473205566406 -0.77734375 -0.30145263671875
-0.0154752731323242 0.00485515594482422 -0.547027587890625 0.396484375
0.00786972045898438 0.0185203552246094 -0.087371826171875 0.49517822265625
0.00205230712890625 0.0183334350585938 0.27587890625 0.259033203125
0.0158605575561523 -0.00210952758789063 0.35577392578125 -0.035125732421875
0.0379104614257813 -0.0101699829101563 -0.346832275390625 0.018035888671875
0.0260028839111328 0.0228252410888672 -0.213363647460938 -0.252883911132813
0.00612068176269531 0.00797128677368164 0.180419921875 -0.463531494140625
-0.0143795013427734 0.00460720062255859 0.668212890625 -0.2413330078125
-0.0361900329589844 0.00505447387695312 0.68255615234375 0.51336669921875
-0.0157260894775391 -0.0306682586669922 0.0656127929687501 0.93603515625
0.0271263122558594 -0.00248146057128906 -0.3446044921875 0.57977294921875
0.0370826721191406 -0.0037689208984375 0.0365447998046875 0.0478706359863281
0.0321197509765625 -0.0143680572509766 0.3406982421875 -0.598876953125
0.0129776000976563 -0.0333385467529297 -0.2191162109375 -0.9273681640625
-0.0175762176513672 -0.0197391510009766 -0.78570556640625 -0.27581787109375
-0.0150413513183594 0.00422954559326172 -0.53363037109375 0.414398193359375
0.0109138488769531 0.0146970748901367 -0.07440185546875 0.500091552734375
0.00101947784423828 0.0150270462036133 0.279891967773438 0.258834838867188
0.0160341262817383 -0.00168228149414063 0.35491943359375 -0.03265380859375
0.038726806640625 -0.0137443542480469 -0.343658447265625 0.0164794921875
0.0247478485107422 0.0170993804931641 -0.212692260742187 -0.251327514648438
0.00873899459838867 0.00235176086425781 0.184539794921875 -0.458892822265625
-0.0109958648681641 0.00345802307128906 0.66973876953125 -0.2340087890625
-0.0352134704589844 0.00734329223632813 0.68341064453125 0.5235595703125
-0.0139026641845703 -0.0339908599853516 0.06146240234375 0.94140625
0.0335502624511719 -0.0123767852783203 -0.34576416015625 0.58026123046875
0.0477142333984375 -0.0133857727050781 0.0351524353027344 0.048004150390625
0.0364532470703125 -0.0240249633789063 0.3348388671875 -0.5972900390625
0.0133743286132813 -0.0358161926269531 -0.2261962890625 -0.92254638671875
-0.0164098739624023 -0.016448974609375 -0.7850341796875 -0.26629638671875
-0.013117790222168 0.00222682952880859 -0.531982421875 0.420013427734375
0.0130786895751953 0.00872802734375 -0.071685791015625 0.501007080078125
0.00106906890869141 0.00891971588134765 0.281143188476563 0.259384155273438
0.0153522491455078 -0.00422763824462891 0.3544921875 -0.030487060546875
0.0387115478515625 -0.0200996398925781 -0.343994140625 0.0167541503906251
0.0251731872558594 0.0103893280029297 -0.215469360351563 -0.24896240234375
0.0129880905151367 -0.00459480285644531 0.178680419921875 -0.458160400390625
-0.0077371597290039 0.00369071960449219 0.6649169921875 -0.23968505859375
-0.0324192047119141 0.0127620697021484 0.68475341796875 0.5146484375
-0.0122718811035156 -0.0353660583496094 0.0742187499999999 0.94256591796875
0.039398193359375 -0.021148681640625 -0.3436279296875 0.5870361328125
0.0563774108886719 -0.0221061706542969 0.029449462890625 0.052001953125
0.0406455993652344 -0.0321617126464844 0.33831787109375 -0.59161376953125
0.0148963928222656 -0.0363235473632813 -0.21441650390625 -0.9273681640625
-0.0116300582885742 -0.0123519897460937 -0.7852783203125 -0.2794189453125
-0.0105257034301758 0.000152587890625002 -0.537506103515625 0.415191650390625
0.0171623229980469 0.00193977355957031 -0.07977294921875 0.504547119140625
2.3365020751953E-05 0.00181317329406738 0.27813720703125 0.262741088867188
0.01470947265625 -0.00939369201660156 0.35516357421875 -0.02777099609375
0.0384254455566406 -0.0261917114257813 -0.344024658203125 0.0169677734375
0.0242424011230469 0.0029144287109375 -0.223175048828125 -0.246109008789063
0.0171489715576172 -0.0114078521728516 0.166015625 -0.4603271484375
-0.00187969207763672 0.00266242027282715 0.65460205078125 -0.25970458984375
-0.0282249450683594 0.0196723937988281 0.69964599609375 0.49139404296875
-0.0114822387695313 -0.0325164794921875 0.10150146484375 0.93792724609375
0.0416946411132812 -0.02752685546875 -0.3330078125 0.59771728515625
0.0622596740722656 -0.0285797119140625 0.0219192504882813 0.0599288940429687
0.0444679260253906 -0.0363426208496094 0.34661865234375 -0.58038330078125
0.0180034637451172 -0.0345382690429687 -0.1876220703125 -0.93670654296875
-0.00721359252929688 -0.00753068923950195 -0.7794189453125 -0.30853271484375
-0.00641536712646484 -0.00165796279907227 -0.552490234375 0.401336669921875
0.0208892822265625 -0.00559234619140625 -0.0943603515625 0.502655029296875
-0.000343799591064453 -0.00573301315307617 0.270370483398438 0.266860961914063
0.0137138366699219 -0.0147695541381836 0.353515625 -0.025054931640625
0.035003662109375 -0.0211811065673828 -0.35382080078125 0.0341796875
0.0261478424072266 0.0190906524658203 -0.258712768554688 -0.247528076171875
0.0100517272949219 0.00472736358642578 0.095916748046875 -0.488433837890625
-0.00447845458984375 0.00914955139160156 0.6025390625 -0.35772705078125
-0.0227146148681641 0.0213184356689453 0.737548828125 0.3614501953125
-0.016352653503418 -0.00817012786865234 0.21112060546875 0.8857421875
0.0130491256713867 0.0146722793579102 -0.280517578125 0.62786865234375
0.0125970840454102 0.0123052597045898 0.0137557983398438 0.0835113525390625
0.0201911926269531 0.0104770660400391 0.39617919921875 -0.554351806640625
0.0193538665771484 -0.01373291015625 -0.0847778320312501 -0.98565673828125
-0.00486850738525391 -0.0132417678833008 -0.75543212890625 -0.42138671875
-0.00828838348388672 0.00409221649169922 -0.60333251953125 0.32781982421875
0.0116949081420898 0.0140314102172852 -0.142791748046875 0.47991943359375
0.00235366821289063 0.0111236572265625 0.251449584960938 0.265869140625
0.0128383636474609 -0.0106449127197266 0.3516845703125 -0.032073974609375
0.0345554351806641 -0.0175609588623047 -0.35321044921875 0.03485107421875
0.0286674499511719 0.02471923828125 -0.247100830078125 -0.24993896484375
0.00689315795898438 0.00929927825927734 0.11553955078125 -0.4818115234375
-0.00909233093261719 0.0104732513427734 0.62225341796875 -0.32818603515625
-0.0277729034423828 0.0145549774169922 0.72210693359375 0.399658203125
-0.0176143646240234 -0.0142383575439453 0.16864013671875 0.899169921875
0.0130577087402344 0.014495849609375 -0.30029296875 0.61328125
0.0132694244384766 0.0135040283203125 0.0226593017578125 0.0730209350585938
0.0200748443603516 0.00929641723632813 0.38323974609375 -0.5699462890625
0.0171585083007813 -0.0197982788085938 -0.12347412109375 -0.9669189453125
-0.00989913940429688 -0.0185146331787109 -0.7646484375 -0.37469482421875
-0.0119838714599609 0.00465297698974609 -0.5816650390625 0.35394287109375
0.00847434997558594 0.0178260803222656 -0.12078857421875 0.48577880859375
0.00368022918701172 0.0163545608520508 0.263153076171875 0.259918212890625
0.0128040313720703 -0.00653457641601563 0.353668212890625 -0.0389404296875
0.0366897583007813 -0.0128822326660156 -0.3509521484375 0.029296875
0.0276870727539062 0.0261116027832031 -0.23516845703125 -0.251266479492188
0.00514411926269531 0.0123863220214844 0.1400146484375 -0.479644775390625
-0.0134792327880859 0.008544921875 0.64080810546875 -0.3001708984375
-0.0322017669677734 0.00973320007324218 0.71337890625 0.44244384765625
-0.0177574157714844 -0.0190677642822266 0.13427734375 0.91375732421875
0.0151777267456055 0.0115642547607422 -0.31414794921875 0.60284423828125
0.0179424285888672 0.0104579925537109 0.0301322937011719 0.0615425109863281
0.0230979919433594 0.00341033935546875 0.36370849609375 -0.58514404296875
0.0149879455566406 -0.024322509765625 -0.17169189453125 -0.95196533203125
-0.0142230987548828 -0.0206375122070312 -0.77728271484375 -0.33111572265625
-0.0151033401489258 0.00504112243652344 -0.5626220703125 0.3826904296875
0.00821685791015625 0.0197086334228516 -0.099700927734375 0.491790771484375
0.0020294189453125 0.0186958312988281 0.271728515625 0.259124755859375
0.0149736404418945 -0.00262451171875 0.35516357421875 -0.037567138671875
0.0372734069824219 -0.0122032165527344 -0.3494873046875 0.0274353027343751
0.0282745361328125 0.0257720947265625 -0.225112915039062 -0.25152587890625
0.00474929809570313 0.0117902755737305 0.1597900390625 -0.470428466796875
-0.0153169631958008 0.00686359405517578 0.6553955078125 -0.27117919921875
-0.0344867706298828 0.00650215148925782 0.69891357421875 0.4791259765625
-0.0169086456298828 -0.0255527496337891 0.0978393554687501 0.9281005859375
0.0203571319580078 0.00536918640136719 -0.3302001953125 0.59112548828125
0.0252285003662109 0.00473594665527344 0.0359306335449219 0.05340576171875
0.0263404846191406 -0.0045623779296875 0.34820556640625 -0.59649658203125
0.0136814117431641 -0.0299758911132813 -0.20196533203125 -0.939453125
-0.0167217254638672 -0.02142333984375 -0.78314208984375 -0.29248046875
-0.0156478881835938 0.00535488128662109 -0.541717529296875 0.405120849609375
0.00853729248046875 0.0189609527587891 -0.080230712890625 0.496246337890625
0.00266456604003906 0.018341064453125 0.281341552734375 0.25518798828125
0.0148372650146484 -0.00172996520996094 0.35650634765625 -0.041351318359375
0.0378799438476563 -0.012176513671875 -0.34716796875 0.0235595703125
0.0269584655761719 0.0215721130371094 -0.2174072265625 -0.249588012695313
0.00679349899291992 0.00854015350341797 0.17486572265625 -0.46466064453125
-0.014765739440918 0.00505352020263672 0.66815185546875 -0.2523193359375
-0.0356330871582031 0.00532150268554688 0.690673828125 0.50579833984375
-0.0149955749511719 -0.0309104919433594 0.0794067382812501 0.93829345703125
0.0272159576416016 -0.0027923583984375 -0.33795166015625 0.58502197265625
0.0361175537109375 -0.0040435791015625 0.0382423400878906 0.0479240417480469
0.0316944122314453 -0.0151557922363281 0.3338623046875 -0.60400390625
0.0129184722900391 -0.0338001251220703 -0.2308349609375 -0.92742919921875
-0.0181694030761719 -0.0192890167236328 -0.79132080078125 -0.2672119140625
-0.0150566101074219 0.00335693359375 -0.530731201171875 0.422210693359375
0.0113229751586914 0.0148086547851563 -0.068695068359375 0.501556396484375
0.00224113464355469 0.0146121978759766 0.285003662109375 0.25421142578125
0.0153608322143555 -0.00181961059570313 0.356170654296875 -0.038299560546875
0.0380668640136719 -0.015838623046875 -0.345123291015625 0.0217590332031251
0.026275634765625 0.0161075592041016 -0.2159423828125 -0.247467041015625
0.00945472717285156 0.00238990783691406 0.17889404296875 -0.46112060546875
-0.0121641159057617 0.00339698791503906 0.66973876953125 -0.24481201171875
-0.0345706939697266 0.00753211975097656 0.6907958984375 0.516845703125
-0.0128288269042969 -0.0344600677490234 0.0731201171875001 0.94390869140625
0.0331077575683594 -0.0131473541259766 -0.34088134765625 0.586181640625
0.046600341796875 -0.0136756896972656 0.0365028381347656 0.0471534729003906
0.0366630554199219 -0.0249290466308594 0.32830810546875 -0.6038818359375
0.0125007629394531 -0.0361061096191406 -0.23876953125 -0.9224853515625
-0.0161905288696289 -0.0161895751953125 -0.7921142578125 -0.25860595703125
-0.0135097503662109 0.00271987915039062 -0.526336669921875 0.429107666015625
0.0139446258544922 0.00876045227050781 -0.066070556640625 0.504974365234375
0.00142002105712891 0.00916957855224609 0.285797119140625 0.25518798828125
0.0150880813598633 -0.00512313842773438 0.355865478515625 -0.036041259765625
0.0385284423828125 -0.0219192504882813 -0.345367431640625 0.02252197265625
0.0265884399414063 0.00951194763183594 -0.219573974609375 -0.245513916015625
0.0129995346069336 -0.00457286834716797 0.1719970703125 -0.4610595703125
-0.00802516937255859 0.00349855422973633 0.663330078125 -0.25164794921875
-0.0319423675537109 0.0128669738769531 0.69342041015625 0.50628662109375
-0.0116195678710938 -0.0355682373046875 0.0856933593750001 0.94384765625
0.0385704040527344 -0.0221481323242188 -0.33721923828125 0.59320068359375
0.0554313659667969 -0.022796630859375 0.030487060546875 0.0520172119140625
0.0403671264648438 -0.0328407287597656 0.33197021484375 -0.5975341796875
0.0144538879394531 -0.0369682312011719 -0.22381591796875 -0.9271240234375
-0.0120763778686523 -0.0114002227783203 -0.78985595703125 -0.2713623046875
-0.0105438232421875 0.000252723693847655 -0.532196044921875 0.424285888671875
0.01751708984375 0.00149154663085938 -0.072662353515625 0.50750732421875
0.00111722946166992 0.00193250179290771 0.28302001953125 0.258636474609375
0.014338493347168 -0.0102424621582031 0.35565185546875 -0.0343017578125
0.0384025573730469 -0.0275382995605469 -0.345245361328125 0.021759033203125
0.0256671905517578 0.00281143188476563 -0.226760864257812 -0.242416381835938
0.0170173645019531 -0.0120077133178711 0.158660888671875 -0.46331787109375
-0.00274658203125 0.00342392921447754 0.65179443359375 -0.2685546875
-0.0276622772216797 0.0200309753417969 0.70697021484375 0.48321533203125
-0.0108184814453125 -0.0333499908447266 0.11346435546875 0.93780517578125
0.0415496826171875 -0.0283775329589844 -0.32745361328125 0.603271484375
0.0611724853515625 -0.0299415588378906 0.0228157043457031 0.0599746704101562
0.0438728332519531 -0.0376434326171875 0.34014892578125 -0.58648681640625
0.0179386138916016 -0.0347728729248047 -0.20294189453125 -0.93804931640625
-0.00712156295776367 -0.00721120834350586 -0.7855224609375 -0.29913330078125
-0.00584650039672852 -0.00122356414794922 -0.54986572265625 0.40924072265625
0.0211200714111328 -0.00652694702148438 -0.08746337890625 0.506561279296875
0.000445842742919922 -0.00615596771240234 0.275543212890625 0.262725830078125
0.0129327774047852 -0.0157613754272461 0.354644775390625 -0.030242919921875
0.0344867706298828 -0.0223598480224609 -0.354156494140625 0.04010009765625
0.027984619140625 0.0173397064208984 -0.262893676757813 -0.242660522460937
0.0103616714477539 0.00467681884765625 0.08843994140625 -0.49041748046875
-0.00435733795166016 0.0099334716796875 0.5985107421875 -0.36798095703125
-0.0219516754150391 0.0215358734130859 0.74298095703125 0.35205078125
-0.0157413482666016 -0.00842380523681641 0.22320556640625 0.8831787109375
0.0131378173828125 0.0139636993408203 -0.27178955078125 0.63287353515625
0.0112705230712891 0.0131092071533203 0.0152740478515625 0.0839004516601563
0.0197906494140625 0.0103778839111328 0.390838623046875 -0.56048583984375
0.0198097229003906 -0.0144863128662109 -0.09906005859375 -0.98480224609375
-0.00493526458740234 -0.013087272644043 -0.76239013671875 -0.4127197265625
-0.00835943222045898 0.00361108779907227 -0.598388671875 0.335693359375
0.0120267868041992 0.0134563446044922 -0.135498046875 0.483917236328125
0.00323009490966797 0.011378288269043 0.25628662109375 0.26190185546875
0.0127840042114258 -0.0108633041381836 0.35186767578125 -0.03717041015625
0.0346317291259766 -0.0194740295410156 -0.353515625 0.0409240722656251
0.02978515625 0.0231952667236328 -0.251174926757813 -0.244308471679687
0.00685024261474609 0.00976753234863281 0.1097412109375 -0.48309326171875
-0.00931739807128906 0.010594367980957 0.61785888671875 -0.33807373046875
-0.0271129608154297 0.0149669647216797 0.729736328125 0.388916015625
-0.0165576934814453 -0.0137510299682617 0.17987060546875 0.89556884765625
0.0131158828735352 0.0141267776489258 -0.29132080078125 0.6190185546875
0.0118837356567383 0.0136585235595703 0.024017333984375 0.0725479125976563
0.0202522277832031 0.00880622863769531 0.3773193359375 -0.57452392578125
0.0179691314697266 -0.0194969177246094 -0.13677978515625 -0.96722412109375
-0.0102863311767578 -0.0184688568115234 -0.7706298828125 -0.36578369140625
-0.0125503540039063 0.00506973266601563 -0.57708740234375 0.36248779296875
0.00871849060058594 0.0181198120117188 -0.1134033203125 0.4884033203125
0.00401020050048828 0.015864372253418 0.26824951171875 0.255722045898438
0.0124320983886719 -0.00728702545166016 0.353759765625 -0.0447998046875
0.036102294921875 -0.0149726867675781 -0.351593017578125 0.0348815917968751
0.0289726257324219 0.0247459411621094 -0.23895263671875 -0.247650146484375
0.00572967529296875 0.0122346878051758 0.134552001953125 -0.481719970703125
-0.0138454437255859 0.00935935974121094 0.63824462890625 -0.3109130859375
-0.0319290161132813 0.0104141235351563 0.72100830078125 0.43157958984375
-0.0168037414550781 -0.019622802734375 0.14361572265625 0.9144287109375
0.015894889831543 0.0113210678100586 -0.30755615234375 0.6077880859375
0.0171709060668945 0.0107612609863281 0.031280517578125 0.06182861328125
0.0229682922363281 0.00332260131835937 0.357177734375 -0.58892822265625
0.0151710510253906 -0.025115966796875 -0.18402099609375 -0.9525146484375
-0.0149345397949219 -0.0208072662353516 -0.781494140625 -0.3201904296875
-0.01507568359375 0.00511741638183593 -0.55792236328125 0.390655517578125
0.009002685546875 0.01934814453125 -0.092041015625 0.493896484375
0.00329971313476563 0.0188770294189453 0.27679443359375 0.254562377929688
0.0143527984619141 -0.00432300567626953 0.355682373046875 -0.04290771484375
0.0364227294921875 -0.0140953063964844 -0.35009765625 0.0331726074218749
0.0286712646484375 0.0243110656738281 -0.228744506835937 -0.2474365234375
0.00474166870117188 0.0119619369506836 0.152740478515625 -0.47344970703125
-0.0148534774780273 0.00736618041992188 0.6531982421875 -0.28131103515625
-0.0336399078369141 0.00654220581054687 0.70623779296875 0.4700927734375
-0.0162067413330078 -0.0256004333496094 0.1097412109375 0.92559814453125
0.0202560424804687 0.00513458251953125 -0.3232421875 0.5950927734375
0.0245513916015625 0.00463485717773438 0.0371284484863281 0.0532951354980469
0.0263748168945313 -0.00510978698730469 0.34100341796875 -0.60089111328125
0.0129966735839844 -0.0300102233886719 -0.2166748046875 -0.93621826171875
-0.0175666809082031 -0.0210132598876953 -0.78887939453125 -0.28302001953125
-0.0158758163452148 0.00488376617431641 -0.537200927734375 0.4139404296875
0.00945281982421875 0.0180683135986328 -0.072479248046875 0.499420166015625
0.0030975341796875 0.0184955596923828 0.285369873046875 0.250091552734375
0.0148601531982422 -0.00193309783935547 0.3560791015625 -0.04656982421875
0.0375404357910156 -0.0145225524902344 -0.346435546875 0.028961181640625
0.0274562835693359 0.0203380584716797 -0.221328735351563 -0.2454833984375
0.00647258758544922 0.00838565826416016 0.168731689453125 -0.467926025390625
-0.0150337219238281 0.00577545166015625 0.66375732421875 -0.26397705078125
-0.035308837890625 0.00582122802734374 0.69866943359375 0.49615478515625
-0.0142745971679687 -0.0307102203369141 0.0910644531250001 0.94036865234375
0.0271778106689453 -0.00409317016601563 -0.33038330078125 0.59136962890625
0.0349006652832031 -0.00421905517578125 0.0394210815429688 0.0480117797851563
0.0310897827148438 -0.0155792236328125 0.32696533203125 -0.60821533203125
0.0125770568847656 -0.0338649749755859 -0.2440185546875 -0.92547607421875
-0.0186996459960937 -0.0191593170166016 -0.79730224609375 -0.25604248046875
-0.0151433944702148 0.00438785552978516 -0.523895263671875 0.430389404296875
0.0121498107910156 0.0142974853515625 -0.06048583984375 0.5029296875
0.00284481048583984 0.0142478942871094 0.290130615234375 0.2503662109375
0.0148897171020508 -0.00281143188476562 0.3564453125 -0.04486083984375
0.0378265380859375 -0.0182228088378906 -0.345703125 0.0272216796875
0.0273056030273437 0.0147914886474609 -0.2193603515625 -0.243453979492187
0.00969791412353516 0.00248432159423828 0.17254638671875 -0.464080810546875
-0.0125799179077148 0.00366973876953125 0.66937255859375 -0.25628662109375
-0.033477783203125 0.00754165649414063 0.699462890625 0.5062255859375
-0.0123691558837891 -0.0344448089599609 0.08477783203125 0.944580078125
0.0333213806152344 -0.0138053894042969 -0.3328857421875 0.591796875
0.04608154296875 -0.0141944885253906 0.037078857421875 0.0469932556152344
0.035308837890625 -0.0256233215332031 0.32098388671875 -0.60888671875
0.0130691528320313 -0.0359878540039063 -0.249267578125 -0.920654296875
-0.0169696807861328 -0.0158309936523437 -0.79766845703125 -0.24853515625
-0.0139169692993164 0.00269699096679687 -0.520904541015625 0.438140869140625
0.01434326171875 0.00862503051757812 -0.05926513671875 0.50640869140625
0.00148582458496094 0.00935173034667969 0.290008544921875 0.251373291015625
0.0151138305664063 -0.00546646118164063 0.35577392578125 -0.04150390625
0.0376358032226562 -0.0240058898925781 -0.346343994140625 0.0279541015625
0.0276050567626953 0.00850296020507812 -0.223190307617187 -0.240936279296875
0.0128765106201172 -0.0048980712890625 0.165557861328125 -0.46392822265625
-0.00797939300537109 0.00384044647216797 0.66229248046875 -0.261962890625
-0.0310287475585938 0.0130615234375 0.70355224609375 0.49658203125
-0.0113067626953125 -0.0356254577636719 0.0975341796875 0.9444580078125
0.0380439758300781 -0.0228118896484375 -0.32977294921875 0.596923828125
0.0545730590820313 -0.02349853515625 0.0318984985351563 0.0517959594726563
0.0391464233398438 -0.0341224670410156 0.32440185546875 -0.60150146484375
0.0142974853515625 -0.03692626953125 -0.2392578125 -0.92626953125
-0.0132808685302734 -0.0123424530029297 -0.79571533203125 -0.2598876953125
-0.0102014541625977 0.000535964965820314 -0.52642822265625 0.43212890625
0.0177879333496094 0.00115776062011719 -0.065155029296875 0.510009765625
0.00110936164855957 0.00233364105224609 0.287017822265625 0.253326416015625
0.0137996673583984 -0.0108165740966797 0.3564453125 -0.0394287109375
0.037872314453125 -0.0297737121582031 -0.3455810546875 0.027679443359375
0.0263080596923828 0.000944137573242187 -0.229995727539063 -0.2386474609375
0.0169801712036133 -0.0118627548217773 0.1534423828125 -0.46502685546875
-0.00203609466552734 0.00310134887695313 0.65020751953125 -0.27935791015625
-0.0265121459960937 0.0196132659912109 0.71533203125 0.474853515625
-0.0105800628662109 -0.0336456298828125 0.1248779296875 0.9390869140625
0.0404052734375 -0.0293960571289063 -0.31982421875 0.60833740234375
0.0599517822265625 -0.0305099487304687 0.0241355895996094 0.0595970153808594
0.0429267883300781 -0.0387649536132813 0.33270263671875 -0.59149169921875
0.0173606872558594 -0.0348644256591797 -0.2132568359375 -0.93536376953125
-0.00702953338623047 -0.00706386566162109 -0.79046630859375 -0.2911376953125
-0.00637578964233398 -0.0014495849609375 -0.543548583984375 0.418060302734375
0.0213794708251953 -0.00680732727050781 -0.080718994140625 0.508575439453125
0.000999450683593751 -0.00589466094970703 0.2801513671875 0.258560180664063
0.0126380920410156 -0.0164756774902344 0.3548583984375 -0.035797119140625
0.0341453552246094 -0.0246715545654297 -0.3531494140625 0.04638671875
0.0285911560058594 0.0163784027099609 -0.26629638671875 -0.238037109375
0.0101594924926758 0.00446891784667969 0.081329345703125 -0.4903564453125
-0.00465488433837891 0.00963020324707031 0.5950927734375 -0.37738037109375
-0.0212726593017578 0.0213565826416016 0.74884033203125 0.34100341796875
-0.0147438049316406 -0.00858402252197266 0.23394775390625 0.88043212890625
0.0134096145629883 0.0132331848144531 -0.26513671875 0.63629150390625
0.0108022689819336 0.012481689453125 0.016754150390625 0.0842971801757813
0.0195465087890625 0.00989151000976563 0.384033203125 -0.5653076171875
0.0203056335449219 -0.0143260955810547 -0.11163330078125 -0.9830322265625
-0.00517177581787109 -0.0131940841674805 -0.76837158203125 -0.40313720703125
-0.00878810882568359 0.00447750091552734 -0.59381103515625 0.34490966796875
0.0124034881591797 0.0130157470703125 -0.12994384765625 0.484710693359375
0.00369739532470703 0.0103092193603516 0.26019287109375 0.256393432617188
0.0120267868041992 -0.0114259719848633 0.35198974609375 -0.043182373046875
0.033050537109375 -0.0205612182617188 -0.3514404296875 0.0468749999999999
0.0312614440917969 0.0220966339111328 -0.254562377929688 -0.240219116210937
0.00717830657958984 0.00946712493896484 0.102935791015625 -0.485076904296875
-0.00941371917724609 0.0113048553466797 0.6134033203125 -0.34844970703125
-0.0263519287109375 0.0154399871826172 0.73382568359375 0.38055419921875
-0.0162143707275391 -0.0138492584228516 0.19012451171875 0.8948974609375
0.0128622055053711 0.0138492584228516 -0.2840576171875 0.62335205078125
0.0113620758056641 0.013946533203125 0.0250473022460937 0.0724334716796875
0.0195236206054688 0.00802803039550781 0.36944580078125 -0.58056640625
0.0174293518066406 -0.019500732421875 -0.148681640625 -0.9639892578125
-0.0109424591064453 -0.0185298919677734 -0.774169921875 -0.357666015625
-0.0124301910400391 0.00473213195800781 -0.57177734375 0.3707275390625
0.00988388061523438 0.0166854858398438 -0.10650634765625 0.48858642578125
0.00435733795166016 0.0162811279296875 0.272109985351563 0.251190185546875
0.0118122100830078 -0.00808620452880859 0.354278564453125 -0.050018310546875
0.0361518859863281 -0.0170478820800781 -0.350738525390625 0.040374755859375
0.0299701690673828 0.0237464904785156 -0.242721557617187 -0.24261474609375
0.00587844848632812 0.0123691558837891 0.126708984375 -0.48309326171875
-0.0134525299072266 0.00932121276855469 0.63330078125 -0.31927490234375
-0.0307750701904297 0.0103187561035156 0.7264404296875 0.4219970703125
-0.0164775848388672 -0.0195083618164063 0.15606689453125 0.9111328125
0.0161104202270508 0.0106306076049805 -0.2998046875 0.61077880859375
0.0161848068237305 0.0103750228881836 0.0321540832519531 0.0618019104003906
0.0222816467285156 0.002471923828125 0.34844970703125 -0.5933837890625
0.0146293640136719 -0.0253658294677734 -0.19757080078125 -0.9495849609375
-0.0153064727783203 -0.0207347869873047 -0.7874755859375 -0.31195068359375
-0.0151681900024414 0.00561714172363281 -0.551666259765625 0.39813232421875
0.0099639892578125 0.0191974639892578 -0.08514404296875 0.496246337890625
0.00407981872558594 0.0180130004882812 0.28106689453125 0.2490234375
0.0137042999267578 -0.00482654571533203 0.35516357421875 -0.0491943359375
0.0361404418945312 -0.0161476135253906 -0.348724365234375 0.03924560546875
0.0299415588378906 0.0233287811279297 -0.232925415039062 -0.24249267578125
0.00507545471191406 0.0115566253662109 0.146728515625 -0.474884033203125
-0.0151329040527344 0.00792407989501953 0.65020751953125 -0.291748046875
-0.0332908630371094 0.00648880004882813 0.71307373046875 0.45965576171875
-0.0157718658447266 -0.0257377624511719 0.12017822265625 0.9261474609375
0.0204067230224609 0.00514411926269531 -0.31451416015625 0.60076904296875
0.0241661071777344 0.00489044189453125 0.0377769470214844 0.0522918701171875
0.0259990692138672 -0.00524711608886719 0.333740234375 -0.6044921875
0.0127658843994141 -0.0306453704833984 -0.22808837890625 -0.93402099609375
-0.017730712890625 -0.0210514068603516 -0.79315185546875 -0.27166748046875
-0.0151214599609375 0.00553417205810547 -0.52978515625 0.421478271484375
0.0106372833251953 0.0179290771484375 -0.0652465820312499 0.499603271484375
0.00426864624023437 0.0178966522216797 0.289703369140625 0.245635986328125
0.0144500732421875 -0.00268363952636719 0.35638427734375 -0.05255126953125
0.0368881225585938 -0.0164070129394531 -0.346954345703125 0.0348510742187499
0.0284805297851563 0.0191535949707031 -0.224716186523438 -0.241592407226562
0.00671672821044922 0.00859689712524414 0.161041259765625 -0.470001220703125
-0.0155019760131836 0.00566768646240235 0.660400390625 -0.2733154296875
-0.0337009429931641 0.00556182861328125 0.706787109375 0.486083984375
-0.0138607025146484 -0.0308475494384766 0.10107421875 0.93939208984375
0.0266551971435547 -0.00450515747070313 -0.32281494140625 0.59429931640625
0.0342597961425781 -0.00436973571777344 0.0402488708496094 0.0468330383300781
0.0302143096923828 -0.0160999298095703 0.3201904296875 -0.6114501953125
0.0119552612304687 -0.0341033935546875 -0.255615234375 -0.92218017578125
-0.018707275390625 -0.0189552307128906 -0.79949951171875 -0.24749755859375
-0.0148963928222656 0.0042428970336914 -0.517669677734375 0.437103271484375
0.0119810104370117 0.0138864517211914 -0.053253173828125 0.503692626953125
0.00278186798095703 0.0142593383789063 0.29364013671875 0.244842529296875
0.0157108306884766 -0.00317668914794922 0.356048583984375 -0.050384521484375
0.0370063781738281 -0.0198249816894531 -0.344024658203125 0.0335693359375001
0.0285625457763672 0.0134677886962891 -0.222457885742188 -0.239181518554687
0.00962257385253906 0.00230884552001953 0.16534423828125 -0.46728515625
-0.0127639770507813 0.00450325012207032 0.6644287109375 -0.2647705078125
-0.0334796905517578 0.00799560546875 0.7064208984375 0.49639892578125
-0.0124244689941406 -0.0347347259521484 0.096435546875 0.942138671875
0.0328826904296875 -0.01416015625 -0.3260498046875 0.59625244140625
0.0446586608886719 -0.0147247314453125 0.0379104614257813 0.0468902587890625
0.0347709655761719 -0.0258960723876953 0.31329345703125 -0.6116943359375
0.0120773315429687 -0.0362930297851563 -0.26263427734375 -0.91717529296875
-0.0168886184692383 -0.0153656005859375 -0.8013916015625 -0.2392578125
-0.0136356353759766 0.00301265716552735 -0.51397705078125 0.4451904296875
0.0147562026977539 0.00748252868652344 -0.050628662109375 0.506622314453125
0.00272655487060547 0.00879478454589844 0.29437255859375 0.245849609375
0.0143098831176758 -0.00566577911376953 0.3558349609375 -0.0474853515625
0.03668212890625 -0.0260162353515625 -0.345489501953125 0.0335083007812501
0.0278244018554687 0.00742721557617188 -0.22601318359375 -0.236785888671875
0.0127983093261719 -0.00454998016357422 0.160064697265625 -0.465728759765625
-0.00837516784667969 0.00369501113891602 0.65887451171875 -0.27264404296875
-0.0300331115722656 0.0134506225585938 0.71026611328125 0.48681640625
-0.0103874206542969 -0.0364418029785156 0.11083984375 0.94232177734375
0.0370903015136719 -0.0241546630859375 -0.32257080078125 0.60040283203125
0.0532112121582031 -0.023895263671875 0.0324249267578125 0.0515213012695313
0.0386428833007813 -0.0337638854980469 0.31494140625 -0.60406494140625
0.0141143798828125 -0.0362510681152344 -0.25103759765625 -0.9217529296875
-0.0131607055664062 -0.0119247436523438 -0.79833984375 -0.25140380859375
-0.0105657577514648 0.00100517272949219 -0.5206298828125 0.43988037109375
0.0184097290039062 -0.000116348266601562 -0.0577392578125 0.509307861328125
0.00201320648193359 0.00102794170379639 0.292266845703125 0.249908447265625
0.0135374069213867 -0.010676383972168 0.35650634765625 -0.04486083984375
0.0366668701171875 -0.032012939453125 -0.345489501953125 0.0337219238281251
0.0261592864990234 0.000310897827148438 -0.233444213867188 -0.234161376953125
0.0168380737304688 -0.0122919082641602 0.146331787109375 -0.467987060546875
-0.00280570983886719 0.00368428230285645 0.64678955078125 -0.28912353515625
-0.025634765625 0.0203304290771484 0.7220458984375 0.46405029296875
-0.010101318359375 -0.0336399078369141 0.136962890625 0.93743896484375
0.0403480529785156 -0.0305061340332031 -0.31048583984375 0.612548828125
0.0587615966796875 -0.0306320190429688 0.0249366760253906 0.059356689453125
0.0423660278320313 -0.0389938354492188 0.3267822265625 -0.5955810546875
0.0173759460449219 -0.0357513427734375 -0.22723388671875 -0.932373046875
-0.00710868835449219 -0.00726652145385742 -0.79461669921875 -0.27978515625
-0.0066828727722168 -0.00053548812866211 -0.537322998046875 0.424407958984375
0.0216865539550781 -0.00736808776855469 -0.074310302734375 0.508392333984375
0.00066375732421875 -0.00586748123168945 0.284698486328125 0.2530517578125
0.0125303268432617 -0.0161914825439453 0.3553466796875 -0.04107666015625
0.0327682495117188 -0.0264987945556641 -0.35235595703125 0.0514221191406249
0.0293827056884766 0.014984130859375 -0.26873779296875 -0.232254028320313
0.0106830596923828 0.00472831726074219 0.07354736328125 -0.489044189453125
-0.00474452972412109 0.0103330612182617 0.58807373046875 -0.384765625
-0.0199947357177734 0.0218429565429688 0.7518310546875 0.33026123046875
-0.0135431289672852 -0.0088958740234375 0.2430419921875 0.87542724609375
0.0134973526000977 0.0126981735229492 -0.25653076171875 0.637939453125
0.0104303359985352 0.012385368347168 0.0181503295898438 0.083343505859375
0.0195140838623047 0.00979423522949219 0.3753662109375 -0.56744384765625
0.0198459625244141 -0.0147018432617188 -0.12164306640625 -0.97833251953125
-0.00543689727783203 -0.0130844116210938 -0.77191162109375 -0.3922119140625
-0.00841808319091797 0.00412750244140625 -0.587158203125 0.35174560546875
0.0128793716430664 0.0126743316650391 -0.1209716796875 0.484649658203125
0.00416946411132812 0.0100955963134766 0.263092041015625 0.251174926757813
0.0115890502929688 -0.0121860504150391 0.352081298828125 -0.049041748046875
0.0325965881347656 -0.0233631134033203 -0.3511962890625 0.0519104003906251
0.0321426391601563 0.0206584930419922 -0.257293701171875 -0.234756469726563
0.00750637054443359 0.00907325744628906 0.0959777832031251 -0.484283447265625
-0.00964069366455078 0.0112905502319336 0.606689453125 -0.3563232421875
-0.0253238677978516 0.0151138305664062 0.738525390625 0.369384765625
-0.0147666931152344 -0.0140466690063477 0.2000732421875 0.8912353515625
0.0129022598266602 0.0133552551269531 -0.27545166015625 0.6243896484375
0.0109729766845703 0.0141229629516602 0.02642822265625 0.0719146728515625
0.0194263458251953 0.00810432434082031 0.36114501953125 -0.58197021484375
0.0167217254638672 -0.0201053619384766 -0.16143798828125 -0.958984375
-0.0108165740966797 -0.0183620452880859 -0.77825927734375 -0.34686279296875
-0.0118227005004883 0.00522518157958984 -0.56494140625 0.37664794921875
0.0106029510498047 0.0170011520385742 -0.098876953125 0.488525390625
0.00521945953369141 0.0154256820678711 0.275421142578125 0.24493408203125
0.0112800598144531 -0.00785636901855469 0.35321044921875 -0.05584716796875
0.0343265533447266 -0.0182991027832031 -0.350311279296875 0.0460510253906249
0.0306644439697266 0.0224494934082031 -0.245925903320313 -0.237396240234375
0.00670146942138672 0.0123348236083984 0.119110107421875 -0.4827880859375
-0.0133705139160156 0.00945377349853516 0.62762451171875 -0.32733154296875
-0.0299968719482422 0.0100536346435547 0.72918701171875 0.40997314453125
-0.0154533386230469 -0.0194568634033203 0.167236328125 0.908447265625
0.0158720016479492 0.0104761123657227 -0.2908935546875 0.61328125
0.0158090591430664 0.0105009078979492 0.0330696105957031 0.061004638671875
0.0217075347900391 0.002197265625 0.34124755859375 -0.596923828125
0.0146217346191406 -0.0253658294677734 -0.20733642578125 -0.94549560546875
-0.0155754089355469 -0.0202598571777344 -0.79071044921875 -0.302001953125
-0.0149164199829102 0.0056905746459961 -0.54449462890625 0.404754638671875
0.0102882385253906 0.0182247161865234 -0.07769775390625 0.4957275390625
0.00497245788574219 0.0177230834960938 0.284088134765625 0.243438720703125
0.0139570236206055 -0.00425529479980469 0.353668212890625 -0.054107666015625
0.0347099304199219 -0.0185070037841797 -0.348175048828125 0.044219970703125
0.0310802459716797 0.0217990875244141 -0.234619140625 -0.23779296875
0.00602912902832031 0.0123558044433594 0.140167236328125 -0.475341796875
-0.0149850845336914 0.00795650482177735 0.64508056640625 -0.30108642578125
-0.0325813293457031 0.00676155090332032 0.71807861328125 0.44873046875
-0.0146255493164063 -0.0260486602783203 0.13214111328125 0.92425537109375
0.0201396942138672 0.00383377075195313 -0.3052978515625 0.603515625
0.0229721069335938 0.00423622131347656 0.0385665893554688 0.051971435546875
0.0249595642089844 -0.00580596923828125 0.3258056640625 -0.606201171875
0.0122776031494141 -0.0298500061035156 -0.2401123046875 -0.92950439453125
-0.0175304412841797 -0.0206127166748047 -0.79376220703125 -0.26153564453125
-0.0154294967651367 0.00561141967773438 -0.522064208984375 0.426727294921875
0.0112190246582031 0.01788330078125 -0.05938720703125 0.500457763671875
0.00522804260253906 0.0178241729736328 0.292724609375 0.239349365234375
0.013676643371582 -0.00352954864501953 0.3546142578125 -0.058135986328125
0.0355758666992188 -0.0184555053710938 -0.345672607421875 0.0410766601562499
0.0294685363769531 0.0180206298828125 -0.227783203125 -0.236328125
0.00689888000488281 0.00821828842163086 0.155517578125 -0.47113037109375
-0.0145807266235352 0.00573253631591797 0.65582275390625 -0.2830810546875
-0.0335884094238281 0.00694656372070313 0.71148681640625 0.4755859375
-0.0134239196777344 -0.031036376953125 0.11328125 0.9344482421875
0.0263385772705078 -0.00483512878417969 -0.3145751953125 0.5982666015625
0.0332279205322266 -0.00492668151855469 0.0406875610351562 0.0463829040527344
0.0292282104492188 -0.0164813995361328 0.31072998046875 -0.6136474609375
0.0120735168457031 -0.0340766906738281 -0.2672119140625 -0.91741943359375
-0.0191783905029297 -0.0187606811523438 -0.80059814453125 -0.2362060546875
-0.015294075012207 0.00427055358886718 -0.51116943359375 0.4442138671875
0.0129413604736328 0.0127983093261719 -0.0460205078125 0.503997802734375
0.00388145446777344 0.0141887664794922 0.297607421875 0.238494873046875
0.0143756866455078 -0.00376224517822266 0.35528564453125 -0.055694580078125
0.0361289978027344 -0.0218162536621094 -0.344146728515625 0.0388793945312499
0.0290107727050781 0.012481689453125 -0.2255859375 -0.234298706054688
0.00980758666992188 0.00257968902587891 0.158538818359375 -0.467498779296875
-0.0119266510009766 0.004730224609375 0.65887451171875 -0.2752685546875
-0.0320510864257813 0.00850486755371094 0.7109375 0.484130859375
-0.0115299224853516 -0.0347042083740234 0.110107421875 0.94281005859375
0.0327320098876953 -0.0153369903564453 -0.317138671875 0.5987548828125
0.0436553955078125 -0.0151252746582031 0.03863525390625 0.0464859008789062
0.0338630676269531 -0.0266799926757813 0.3043212890625 -0.61541748046875
0.0120887756347656 -0.0366325378417969 -0.27362060546875 -0.9107666015625
-0.0170841217041016 -0.0157470703125 -0.80206298828125 -0.22857666015625
-0.0133638381958008 0.00264453887939453 -0.507415771484375 0.450439453125
0.0156326293945313 0.00736236572265625 -0.043487548828125 0.505828857421875
0.00285005569458008 0.00821781158447265 0.298004150390625 0.240509033203125
0.0139369964599609 -0.00641250610351563 0.3548583984375 -0.052734375
0.0355491638183594 -0.0271720886230469 -0.34417724609375 0.0394287109375
0.0279369354248047 0.00541877746582031 -0.228103637695313 -0.232452392578125
0.0132274627685547 -0.00430202484130859 0.152618408203125 -0.46759033203125
-0.00811862945556641 0.00459432601928711 0.65264892578125 -0.28045654296875
-0.0290031433105469 0.0132389068603516 0.71429443359375 0.4744873046875
-0.0102691650390625 -0.0360336303710938 0.1201171875 0.94146728515625
0.0371208190917969 -0.0246810913085938 -0.3133544921875 0.6055908203125
0.0524749755859375 -0.0240821838378906 0.0335006713867188 0.0504989624023437
0.0376777648925781 -0.0349807739257813 0.30615234375 -0.609375
0.0138015747070313 -0.0370368957519531 -0.26336669921875 -0.91595458984375
-0.0129032135009766 -0.0119876861572266 -0.7989501953125 -0.2406005859375
-0.0109348297119141 0.00106525421142578 -0.513427734375 0.446014404296875
0.0184421539306641 -0.000698089599609375 -0.05145263671875 0.509368896484375
0.0024101734161377 0.00149130821228027 0.2947998046875 0.24310302734375
0.0122995376586914 -0.0115289688110352 0.35491943359375 -0.050750732421875
0.0349845886230469 -0.0338859558105469 -0.343994140625 0.03985595703125
0.0269966125488281 -0.00132942199707031 -0.23602294921875 -0.22882080078125
0.0167827606201172 -0.012415885925293 0.139190673828125 -0.46875
-0.00303816795349121 0.00357818603515625 0.6405029296875 -0.2977294921875
-0.0242824554443359 0.0194435119628906 0.72698974609375 0.45196533203125
-0.00916290283203125 -0.0341815948486328 0.149169921875 0.93402099609375
0.0392684936523438 -0.0305366516113281 -0.3028564453125 0.6153564453125
0.0573806762695313 -0.0309715270996094 0.0258598327636719 0.0591850280761719
0.0405693054199219 -0.0398750305175781 0.31646728515625 -0.59912109375
0.0162773132324219 -0.0350704193115234 -0.23748779296875 -0.92889404296875
-0.00770282745361328 -0.00770044326782227 -0.797119140625 -0.268798828125
-0.00637388229370117 -0.00123834609985352 -0.530548095703125 0.43084716796875
0.0219326019287109 -0.00769996643066406 -0.065338134765625 0.5087890625
0.00170087814331055 -0.00611972808837891 0.287506103515625 0.248504638671875
0.0112533569335938 -0.0169858932495117 0.353515625 -0.046600341796875
0.0318241119384766 -0.0279445648193359 -0.35052490234375 0.057861328125
0.0300445556640625 0.0133113861083984 -0.27154541015625 -0.226150512695313
0.0105752944946289 0.00485134124755859 0.06781005859375 -0.486846923828125
-0.00383281707763672 0.0101556777954102 0.581298828125 -0.39154052734375
-0.0192127227783203 0.0209999084472656 0.752685546875 0.3184814453125
-0.0126667022705078 -0.00951290130615234 0.25390625 0.87066650390625
0.0129241943359375 0.0123043060302734 -0.2484130859375 0.63995361328125
0.0100345611572266 0.0119400024414063 0.0205230712890625 0.0829391479492188
0.0188121795654297 0.00954818725585938 0.3663330078125 -0.56951904296875
0.0200901031494141 -0.0149517059326172 -0.13507080078125 -0.97418212890625
-0.00566864013671875 -0.0125551223754883 -0.77325439453125 -0.38153076171875
-0.00838851928710937 0.00440120697021484 -0.5811767578125 0.3570556640625
0.0133705139160156 0.0114355087280273 -0.11517333984375 0.486083984375
0.00441551208496094 0.00969314575195312 0.265762329101563 0.245773315429688
0.0106887817382813 -0.0123205184936523 0.34967041015625 -0.053955078125
0.0312747955322266 -0.0248737335205078 -0.348663330078125 0.0582580566406249
0.0330333709716797 0.0191612243652344 -0.259429931640625 -0.229446411132813
0.00775909423828125 0.0104579925537109 0.08941650390625 -0.48333740234375
-0.00905513763427735 0.0111856460571289 0.599609375 -0.36468505859375
-0.0240306854248047 0.0149173736572266 0.7392578125 0.3568115234375
-0.0146360397338867 -0.0145187377929688 0.21002197265625 0.88568115234375
0.0131864547729492 0.0132665634155273 -0.26751708984375 0.62713623046875
0.0101051330566406 0.0136451721191406 0.0276260375976562 0.0716094970703125
0.0194072723388672 0.00707435607910156 0.3531494140625 -0.5843505859375
0.0168571472167969 -0.0199165344238281 -0.17266845703125 -0.95672607421875
-0.0117149353027344 -0.0182056427001953 -0.77886962890625 -0.33477783203125
-0.0118379592895508 0.00511932373046875 -0.55780029296875 0.38372802734375
0.0114154815673828 0.0161333084106445 -0.0928955078125 0.48785400390625
0.0052947998046875 0.014836311340332 0.277984619140625 0.239944458007812
0.0103597640991211 -0.00872516632080078 0.350677490234375 -0.06097412109375
0.03314208984375 -0.0202922821044922 -0.348480224609375 0.051513671875
0.0318450927734375 0.021697998046875 -0.2481689453125 -0.231842041015625
0.00664901733398437 0.0124502182006836 0.112945556640625 -0.4818115234375
-0.0129966735839844 0.00989627838134765 0.62109375 -0.33648681640625
-0.02899169921875 0.0108814239501953 0.73297119140625 0.39935302734375
-0.0152187347412109 -0.0197601318359375 0.17730712890625 0.90423583984375
0.0154523849487305 0.0095062255859375 -0.281982421875 0.6148681640625
0.0143699645996094 0.0109033584594727 0.0346260070800781 0.0609169006347656
0.0214290618896484 0.00149917602539063 0.332275390625 -0.59698486328125
0.0141506195068359 -0.0253009796142578 -0.2191162109375 -0.93994140625
-0.0154781341552734 -0.0202789306640625 -0.7913818359375 -0.29150390625
-0.0144376754760742 0.00565433502197265 -0.538482666015625 0.409912109375
0.0110588073730469 0.0179710388183594 -0.071197509765625 0.49444580078125
0.00510025024414062 0.0177860260009766 0.286956787109375 0.238494873046875
0.0135107040405273 -0.00527095794677734 0.351898193359375 -0.059906005859375
0.0332374572753906 -0.0204830169677734 -0.346435546875 0.050323486328125
0.0317115783691406 0.0199489593505859 -0.237442016601563 -0.231842041015625
0.00619220733642578 0.0117988586425781 0.131927490234375 -0.474365234375
-0.0150442123413086 0.00857734680175781 0.63934326171875 -0.3092041015625
-0.0317745208740234 0.00655174255371093 0.71990966796875 0.436767578125
-0.0140132904052734 -0.0263023376464844 0.14080810546875 0.91827392578125
0.0197277069091797 0.00334739685058594 -0.29852294921875 0.6051025390625
0.0223617553710938 0.004180908203125 0.0392189025878906 0.0515327453613281
0.0247097015380859 -0.00640487670898438 0.3160400390625 -0.60748291015625
0.0122470855712891 -0.0306816101074219 -0.24993896484375 -0.92266845703125
-0.0188064575195313 -0.0200061798095703 -0.7955322265625 -0.25115966796875
-0.0153570175170898 0.0063018798828125 -0.514678955078125 0.43292236328125
0.0112733840942383 0.0165977478027344 -0.051788330078125 0.49853515625
0.00503063201904297 0.0172853469848633 0.29541015625 0.23419189453125
0.0134639739990234 -0.00348377227783203 0.353057861328125 -0.063018798828125
0.0351448059082031 -0.020263671875 -0.344207763671875 0.0457763671874999
0.0299472808837891 0.0166664123535156 -0.229446411132813 -0.23199462890625
0.00740575790405273 0.00793933868408203 0.147003173828125 -0.471771240234375
-0.0149946212768555 0.00662040710449219 0.650634765625 -0.291259765625
-0.0325107574462891 0.00640296936035156 0.7142333984375 0.4635009765625
-0.0127944946289063 -0.0311164855957031 0.1240234375 0.93121337890625
0.0256538391113281 -0.00573921203613281 -0.307373046875 0.59857177734375
0.0317363739013672 -0.00531768798828125 0.0417671203613281 0.0461158752441406
0.0287456512451172 -0.016510009765625 0.30255126953125 -0.6160888671875
0.0117835998535156 -0.0346393585205078 -0.2779541015625 -0.91064453125
-0.0190658569335938 -0.0177154541015625 -0.80206298828125 -0.2249755859375
-0.0146150588989258 0.005279541015625 -0.503875732421875 0.44976806640625
0.0140628814697266 0.0125436782836914 -0.040313720703125 0.50311279296875
0.004638671875 0.0133800506591797 0.299285888671875 0.232818603515625
0.0141706466674805 -0.00386619567871094 0.353271484375 -0.061126708984375
0.0348529815673828 -0.0233135223388672 -0.34222412109375 0.0438232421875
0.0290126800537109 0.0110073089599609 -0.227386474609375 -0.228973388671875
0.00957679748535156 0.00267696380615234 0.1524658203125 -0.46734619140625
-0.0123195648193359 0.00489997863769532 0.65277099609375 -0.2838134765625
-0.0314178466796875 0.00836944580078125 0.7152099609375 0.4739990234375
-0.0118331909179687 -0.0348644256591797 0.1207275390625 0.93768310546875
0.032012939453125 -0.0159053802490234 -0.308349609375 0.60015869140625
0.0422935485839844 -0.0149345397949219 0.0397872924804688 0.0456581115722656
0.0327568054199219 -0.0268135070800781 0.29620361328125 -0.614990234375
0.0118789672851563 -0.0362319946289063 -0.28594970703125 -0.90692138671875
-0.0171642303466797 -0.015162467956543 -0.80145263671875 -0.217529296875
-0.01348876953125 0.00334548950195313 -0.499664306640625 0.4561767578125
0.0161542892456055 0.00621128082275391 -0.036712646484375 0.50469970703125
0.00347566604614258 0.00791549682617187 0.299713134765625 0.234283447265625
0.0137195587158203 -0.00676631927490234 0.353546142578125 -0.057952880859375
0.0341644287109375 -0.0303592681884766 -0.342529296875 0.044525146484375
0.0284347534179688 0.00482368469238281 -0.231094360351562 -0.226058959960938
0.0130348205566406 -0.00508403778076172 0.146026611328125 -0.466400146484375
-0.00838851928710938 0.00458717346191406 0.6470947265625 -0.28887939453125
-0.0278072357177734 0.0130825042724609 0.71905517578125 0.46282958984375
-0.00982666015625 -0.0371322631835938 0.13031005859375 0.934814453125
0.0362472534179688 -0.0251884460449219 -0.3056640625 0.60546875
0.0505599975585937 -0.0242919921875 0.0346145629882813 0.0498199462890625
0.0369682312011719 -0.0350570678710937 0.30078125 -0.60919189453125
0.0129623413085937 -0.0372161865234375 -0.27392578125 -0.90960693359375
-0.0131120681762695 -0.0119590759277344 -0.800537109375 -0.23046875
-0.0106172561645508 0.00105667114257813 -0.505218505859375 0.45068359375
0.0185966491699219 -0.00134086608886719 -0.043212890625 0.5078125
0.00287795066833496 0.00107645988464355 0.297576904296875 0.23724365234375
0.0120229721069336 -0.0116243362426758 0.354156494140625 -0.056488037109375
0.0337905883789063 -0.0359611511230469 -0.343170166015625 0.04522705078125
0.0269832611083984 -0.00210952758789063 -0.236968994140625 -0.223220825195312
0.0163993835449219 -0.0122833251953125 0.133453369140625 -0.46783447265625
-0.00345540046691895 0.00372433662414551 0.63446044921875 -0.30670166015625
-0.0242137908935547 0.0195655822753906 0.72918701171875 0.4404296875
-0.00875663757324219 -0.0343799591064453 0.15789794921875 0.9300537109375
0.0385246276855469 -0.0313453674316406 -0.294189453125 0.61614990234375
0.056488037109375 -0.0312423706054688 0.0269012451171875 0.0589218139648438
0.0399971008300781 -0.0401992797851563 0.30914306640625 -0.5987548828125
0.0164680480957031 -0.0357093811035156 -0.2496337890625 -0.92181396484375
-0.00789976119995117 -0.00704193115234375 -0.7965087890625 -0.25823974609375
-0.00633335113525391 -0.000903129577636718 -0.52178955078125 0.435943603515625
0.0218620300292969 -0.00874710083007813 -0.059661865234375 0.50738525390625
0.0016474723815918 -0.00671243667602539 0.290252685546875 0.241851806640625
0.0109081268310547 -0.0167226791381836 0.352294921875 -0.05242919921875
0.0295295715332031 -0.029754638671875 -0.347991943359375 0.0619201660156251
0.0306816101074219 0.01141357421875 -0.27264404296875 -0.220367431640625
0.0107192993164063 0.00461578369140625 0.061431884765625 -0.485595703125
-0.00425338745117187 0.0106592178344727 0.5728759765625 -0.39752197265625
-0.0183887481689453 0.0204200744628906 0.7537841796875 0.30657958984375
-0.0119037628173828 -0.00918769836425781 0.260986328125 0.8634033203125
0.0126380920410156 0.0114297866821289 -0.23785400390625 0.638427734375
0.00927829742431641 0.0123405456542969 0.0207138061523437 0.0823745727539063
0.0187664031982422 0.00861167907714844 0.36004638671875 -0.57098388671875
0.0196170806884766 -0.0145320892333984 -0.14508056640625 -0.9669189453125
-0.00610065460205078 -0.0125713348388672 -0.7745361328125 -0.3719482421875
-0.00862264633178711 0.00395631790161133 -0.57232666015625 0.36065673828125
0.0139179229736328 0.0109691619873047 -0.10845947265625 0.48529052734375
0.00549125671386719 0.00931930541992188 0.2681884765625 0.240219116210937
0.0100793838500977 -0.0128107070922852 0.347412109375 -0.059173583984375
0.029632568359375 -0.0265464782714844 -0.34637451171875 0.062652587890625
0.0328578948974609 0.0173530578613281 -0.260818481445313 -0.222946166992187
0.00799655914306641 0.0101404190063477 0.08209228515625 -0.48077392578125
-0.00905132293701172 0.0113420486450195 0.5933837890625 -0.36944580078125
-0.0233116149902344 0.0144710540771484 0.7412109375 0.34600830078125
-0.0140781402587891 -0.0148029327392578 0.21844482421875 0.88134765625
0.0129451751708984 0.0121498107910156 -0.2568359375 0.6265869140625
0.00969505310058594 0.013392448425293 0.0284423828125 0.0713043212890625
0.0183506011962891 0.00749015808105469 0.343994140625 -0.58502197265625
0.0164413452148438 -0.0204277038574219 -0.183349609375 -0.9490966796875
-0.01171875 -0.0171871185302734 -0.78167724609375 -0.32562255859375
-0.0116548538208008 0.00572013854980468 -0.550262451171875 0.38818359375
0.0116539001464844 0.0162143707275391 -0.084747314453125 0.487457275390625
0.00648307800292969 0.0148506164550781 0.2791748046875 0.233657836914063
0.00996589660644531 -0.00873661041259766 0.348663330078125 -0.06610107421875
0.0324573516845703 -0.0222511291503906 -0.345855712890625 0.0576477050781251
0.0321636199951172 0.0194816589355469 -0.24847412109375 -0.226760864257812
0.00688552856445313 0.0130634307861328 0.1064453125 -0.479644775390625
-0.0132741928100586 0.010197639465332 0.61505126953125 -0.34429931640625
-0.0284748077392578 0.0103302001953125 0.7340087890625 0.38836669921875
-0.0144386291503906 -0.020050048828125 0.1854248046875 0.89959716796875
0.015172004699707 0.00935173034667969 -0.2752685546875 0.61590576171875
0.0136795043945312 0.010401725769043 0.0348052978515625 0.0600929260253906
0.0207862854003906 0.000780105590820312 0.32427978515625 -0.59832763671875
0.0148639678955078 -0.0254745483398438 -0.2271728515625 -0.9310302734375
-0.0155658721923828 -0.0198307037353516 -0.7908935546875 -0.28192138671875
-0.0147380828857422 0.00612640380859375 -0.529205322265625 0.414031982421875
0.0117778778076172 0.0171871185302734 -0.0639038085937499 0.49188232421875
0.00566291809082031 0.0171804428100586 0.28887939453125 0.231964111328125
0.0126962661743164 -0.005096435546875 0.350006103515625 -0.064910888671875
0.0325603485107422 -0.0219669342041016 -0.34429931640625 0.055267333984375
0.0323276519775391 0.0191364288330078 -0.238327026367188 -0.226577758789062
0.00575542449951172 0.0120124816894531 0.126068115234375 -0.474029541015625
-0.0149917602539063 0.00803184509277343 0.632080078125 -0.3157958984375
-0.0305957794189453 0.00678634643554688 0.72259521484375 0.42645263671875
-0.0136528015136719 -0.0258522033691406 0.1505126953125 0.91326904296875
0.0193767547607422 0.00279998779296875 -0.2901611328125 0.60601806640625
0.0217075347900391 0.00485610961914062 0.0406494140625 0.050994873046875
0.0238552093505859 -0.00676918029785156 0.3092041015625 -0.6083984375
0.0119838714599609 -0.0307769775390625 -0.260009765625 -0.91473388671875
-0.0190391540527344 -0.0198135375976563 -0.79534912109375 -0.241455078125
-0.015009880065918 0.00593376159667969 -0.50726318359375 0.434234619140625
0.0119028091430664 0.0161046981811523 -0.0450744628906251 0.4969482421875
0.00632190704345703 0.016963005065918 0.297210693359375 0.228302001953125
0.0130462646484375 -0.00447559356689453 0.351104736328125 -0.067657470703125
0.0334758758544922 -0.0212192535400391 -0.341705322265625 0.051422119140625
0.0304279327392578 0.0153923034667969 -0.23077392578125 -0.225433349609375
0.00739908218383789 0.00859880447387695 0.141632080078125 -0.470611572265625
-0.0144176483154297 0.00693607330322266 0.6412353515625 -0.2989501953125
-0.0320491790771484 0.00606918334960937 0.71673583984375 0.453125
-0.0121498107910156 -0.0314750671386719 0.1322021484375 0.92681884765625
0.0258102416992188 -0.00600624084472656 -0.29730224609375 0.5994873046875
0.0312271118164062 -0.00465583801269531 0.0423126220703125 0.0453262329101562
0.0284233093261719 -0.0168209075927734 0.29425048828125 -0.615966796875
0.0112476348876953 -0.0340366363525391 -0.2857666015625 -0.9029541015625
-0.0189647674560547 -0.0175628662109375 -0.79876708984375 -0.2154541015625
-0.0147981643676758 0.00535774230957031 -0.494598388671875 0.452545166015625
0.0136880874633789 0.0121297836303711 -0.033294677734375 0.500518798828125
0.00471305847167969 0.0127849578857422 0.300750732421875 0.227386474609375
0.0138921737670898 -0.00446605682373047 0.350311279296875 -0.065399169921875
0.0336322784423828 -0.0246505737304688 -0.340362548828125 0.0492248535156251
0.0293483734130859 0.00934028625488281 -0.228530883789062 -0.2235107421875
0.0100183486938477 0.00257492065429687 0.145599365234375 -0.466339111328125
-0.0125904083251953 0.00511932373046875 0.64654541015625 -0.2900390625
-0.0307426452636719 0.00806045532226562 0.71710205078125 0.461669921875
-0.0108642578125 -0.0353507995605469 0.12982177734375 0.933349609375
0.0311489105224609 -0.0165805816650391 -0.3006591796875 0.59979248046875
0.0410690307617188 -0.0153999328613281 0.040618896484375 0.0450439453125
0.0316085815429688 -0.0270538330078125 0.28814697265625 -0.6156005859375
0.01165771484375 -0.03680419921875 -0.29388427734375 -0.8966064453125
-0.0172605514526367 -0.0153942108154297 -0.799560546875 -0.2066650390625
-0.0132503509521484 0.00317287445068359 -0.49078369140625 0.458282470703125
0.0163698196411133 0.0055389404296875 -0.029815673828125 0.50341796875
0.00401926040649414 0.00734853744506836 0.302215576171875 0.227996826171875
0.0129613876342773 -0.00665092468261719 0.350311279296875 -0.063201904296875
0.0325603485107422 -0.0312213897705078 -0.34063720703125 0.050079345703125
0.0291786193847656 0.00372314453125 -0.231430053710938 -0.221359252929687
0.0127687454223633 -0.00470638275146484 0.139190673828125 -0.46466064453125
-0.00818967819213867 0.00480985641479492 0.64056396484375 -0.2962646484375
-0.0274467468261719 0.0127239227294922 0.7197265625 0.45306396484375
-0.0099029541015625 -0.0369148254394531 0.1416015625 0.92926025390625
0.035797119140625 -0.0257186889648438 -0.29705810546875 0.606689453125
0.0496406555175781 -0.0247459411621094 0.0345230102539063 0.0491943359375
0.0356330871582031 -0.0357856750488281 0.29119873046875 -0.6104736328125
0.013397216796875 -0.0377426147460938 -0.28253173828125 -0.90155029296875
-0.0128755569458008 -0.0115394592285156 -0.79962158203125 -0.22015380859375
-0.00948524475097656 0.00121212005615234 -0.4974365234375 0.45489501953125
0.0188217163085938 -0.00232315063476563 -0.03765869140625 0.504486083984375
0.00267267227172852 0.00092315673828125 0.299163818359375 0.23114013671875
0.0117979049682617 -0.0114450454711914 0.350830078125 -0.060943603515625
0.0320167541503906 -0.0367355346679688 -0.34124755859375 0.05023193359375
0.0276165008544922 -0.00320053100585937 -0.238113403320313 -0.218093872070312
0.0168399810791016 -0.0123481750488281 0.125946044921875 -0.466156005859375
-0.00262784957885742 0.0045619010925293 0.62774658203125 -0.3131103515625
-0.022735595703125 0.0197105407714844 0.73211669921875 0.42962646484375
-0.00850868225097656 -0.0342197418212891 0.16815185546875 0.923828125
0.0380210876464844 -0.0318527221679688 -0.2867431640625 0.6163330078125
0.0550193786621094 -0.0320396423339844 0.02777099609375 0.0581016540527344
0.0388450622558594 -0.0399017333984375 0.30133056640625 -0.60015869140625
0.015869140625 -0.035552978515625 -0.25762939453125 -0.91357421875
-0.00730276107788086 -0.00676345825195313 -0.79541015625 -0.24676513671875
-0.00648069381713867 -0.00124263763427734 -0.515411376953125 0.4388427734375
0.022186279296875 -0.0100288391113281 -0.0518798828125 0.504669189453125
0.00236129760742188 -0.00705957412719727 0.291656494140625 0.23602294921875
0.0107927322387695 -0.0170669555664063 0.3497314453125 -0.057220458984375
0.0281352996826172 -0.0309123992919922 -0.3448486328125 0.0662841796875
0.0308074951171875 0.0112800598144531 -0.273147583007813 -0.21533203125
0.0106382369995117 0.00448417663574219 0.0556640625 -0.482940673828125
-0.00475311279296875 0.010894775390625 0.5653076171875 -0.40167236328125
-0.0176849365234375 0.0203056335449219 0.75152587890625 0.2969970703125
-0.0114908218383789 -0.00938987731933594 0.26812744140625 0.8577880859375
0.0129194259643555 0.0112648010253906 -0.23016357421875 0.63861083984375
0.00836944580078125 0.0124111175537109 0.021240234375 0.08184814453125
0.0180587768554688 0.00897598266601563 0.3509521484375 -0.57012939453125
0.0198707580566406 -0.0152091979980469 -0.153564453125 -0.95849609375
-0.0064239501953125 -0.0126800537109375 -0.7730712890625 -0.36248779296875
-0.00868654251098633 0.00423145294189453 -0.56561279296875 0.36505126953125
0.0146274566650391 0.0103921890258789 -0.10211181640625 0.482879638671875
0.00525379180908203 0.00887393951416016 0.269195556640625 0.234893798828125
0.00944328308105469 -0.0129499435424805 0.34503173828125 -0.0628662109375
0.0282535552978516 -0.0280189514160156 -0.343048095703125 0.0667419433593749
0.0331382751464844 0.0157051086425781 -0.261260986328125 -0.218353271484375
0.00788974761962891 0.0099649429321289 0.0765380859375 -0.477996826171875
-0.00932598114013672 0.0115079879760742 0.58563232421875 -0.3740234375
-0.0232582092285156 0.0146617889404297 0.7403564453125 0.3370361328125
-0.0128240585327148 -0.0144023895263672 0.22509765625 0.87188720703125
0.0122947692871094 0.0117015838623047 -0.2501220703125 0.6253662109375
0.00947856903076172 0.0139198303222656 0.0289993286132813 0.0705337524414063
0.0179004669189453 0.00715446472167969 0.33642578125 -0.584716796875
0.0163288116455078 -0.0204372406005859 -0.19097900390625 -0.93988037109375
-0.0120964050292969 -0.0176582336425781 -0.779296875 -0.315673828125
-0.0116052627563477 0.00485706329345703 -0.541717529296875 0.391143798828125
0.0119247436523438 0.0145025253295898 -0.079681396484375 0.485076904296875
0.00679206848144531 0.0139455795288086 0.280975341796875 0.228286743164062
0.00948333740234375 -0.00876903533935547 0.34649658203125 -0.07061767578125
0.0311374664306641 -0.0236606597900391 -0.342742919921875 0.061279296875
0.0325794219970703 0.0176315307617187 -0.24981689453125 -0.221145629882813
0.00738620758056641 0.01251220703125 0.0999755859375001 -0.478729248046875
-0.0132932662963867 0.00999832153320313 0.60626220703125 -0.348876953125
-0.0277385711669922 0.00989723205566406 0.7344970703125 0.37762451171875
-0.0133419036865234 -0.0203380584716797 0.19342041015625 0.89178466796875
0.0154314041137695 0.00872993469238281 -0.26641845703125 0.61297607421875
0.0129308700561523 0.0104904174804688 0.0356788635253906 0.058990478515625
0.0198078155517578 0.00140380859375 0.31658935546875 -0.59722900390625
0.0139427185058594 -0.0256843566894531 -0.23590087890625 -0.924560546875
-0.0164299011230469 -0.0191230773925781 -0.78741455078125 -0.272705078125
-0.0140476226806641 0.00578117370605469 -0.521881103515625 0.4171142578125
0.0119104385375977 0.0164737701416016 -0.0579833984375 0.490020751953125
0.00609397888183594 0.0165843963623047 0.289093017578125 0.2264404296875
0.0124149322509766 -0.00566196441650391 0.3472900390625 -0.0692138671875
0.0309543609619141 -0.02294921875 -0.341552734375 0.0591430664062499
0.0323104858398438 0.0176372528076172 -0.239486694335938 -0.221725463867187
0.00620269775390625 0.0120916366577148 0.120697021484375 -0.47161865234375
-0.0151824951171875 0.00912189483642578 0.6251220703125 -0.32318115234375
-0.0300102233886719 0.00635528564453125 0.7225341796875 0.416259765625
-0.0135002136230469 -0.0262546539306641 0.15826416015625 0.9066162109375
0.0194511413574219 0.00231742858886719 -0.28302001953125 0.605224609375
0.0204124450683594 0.00450706481933594 0.04119873046875 0.0505943298339844
0.022796630859375 -0.00680160522460938 0.3009033203125 -0.60772705078125
0.0115375518798828 -0.0299434661865234 -0.26617431640625 -0.90625
-0.0187282562255859 -0.0200614929199219 -0.79095458984375 -0.23236083984375
-0.0147991180419922 0.00619316101074218 -0.4993896484375 0.438873291015625
0.0124502182006836 0.0157108306884766 -0.039154052734375 0.493743896484375
0.00628376007080078 0.0165119171142578 0.29833984375 0.221893310546875
0.0120058059692383 -0.00467014312744141 0.34857177734375 -0.07244873046875
0.0319786071777344 -0.0233154296875 -0.3385009765625 0.0553283691406251
0.0307998657226563 0.0135326385498047 -0.231765747070313 -0.22100830078125
0.00793886184692383 0.00842714309692383 0.135406494140625 -0.468902587890625
-0.0150718688964844 0.00646781921386718 0.63519287109375 -0.30426025390625
-0.0307140350341797 0.00558853149414062 0.71771240234375 0.440673828125
-0.0119037628173828 -0.0315265655517578 0.141845703125 0.92156982421875
0.0246486663818359 -0.00673484802246094 -0.2900390625 0.59844970703125
0.0305862426757813 -0.00483322143554688 0.0424308776855469 0.0449905395507813
0.0273227691650391 -0.0171527862548828 0.2855224609375 -0.6146240234375
0.0106563568115234 -0.0340557098388672 -0.2938232421875 -0.8936767578125
-0.0193576812744141 -0.0170993804931641 -0.797119140625 -0.2061767578125
-0.0147409439086914 0.00496959686279297 -0.485595703125 0.45458984375
0.0147314071655273 0.0109376907348633 -0.025604248046875 0.496429443359375
0.00533103942871094 0.0128755569458008 0.30255126953125 0.2210693359375
0.0126123428344727 -0.00406837463378906 0.348388671875 -0.0694580078125
0.0321788787841797 -0.0261154174804687 -0.337554931640625 0.053924560546875
0.0300159454345703 0.00873565673828125 -0.229141235351563 -0.218536376953125
0.0100345611572266 0.00249576568603516 0.140533447265625 -0.464447021484375
-0.0126218795776367 0.00586700439453125 0.64007568359375 -0.29644775390625
-0.0291957855224609 0.00798606872558594 0.71722412109375 0.45220947265625
-0.0102882385253906 -0.0360527038574219 0.13653564453125 0.92578125
0.0301914215087891 -0.0167522430419922 -0.29345703125 0.599609375
0.0403671264648438 -0.0152626037597656 0.0410079956054688 0.044097900390625
0.0312042236328125 -0.0266666412353516 0.28033447265625 -0.61346435546875
0.0107421875 -0.0364303588867188 -0.3006591796875 -0.887451171875
-0.0176258087158203 -0.0146923065185547 -0.79742431640625 -0.19854736328125
-0.0128002166748047 0.00316715240478515 -0.483673095703125 0.460662841796875
0.0166778564453125 0.00500679016113281 -0.0238647460937501 0.499053955078125
0.00429201126098633 0.00690937042236328 0.302825927734375 0.221893310546875
0.0125865936279297 -0.00670909881591797 0.3480224609375 -0.06707763671875
0.0310764312744141 -0.0321388244628906 -0.338226318359375 0.054046630859375
0.0286083221435547 0.00206756591796875 -0.231216430664062 -0.2166748046875
0.0132427215576172 -0.00510025024414063 0.1339111328125 -0.46380615234375
-0.00811338424682617 0.00492286682128906 0.6336669921875 -0.30218505859375
-0.026153564453125 0.0128078460693359 0.72100830078125 0.4434814453125
-0.0092926025390625 -0.0368614196777344 0.14788818359375 0.92529296875
0.0344409942626953 -0.0257644653320312 -0.29071044921875 0.6058349609375
0.0481834411621094 -0.0243873596191406 0.0349235534667969 0.0485115051269531
0.0346412658691406 -0.035552978515625 0.28302001953125 -0.60919189453125
0.0126190185546875 -0.037139892578125 -0.28814697265625 -0.8946533203125
-0.0134382247924805 -0.0110139846801758 -0.79547119140625 -0.21160888671875
-0.0101871490478516 0.00151443481445313 -0.489959716796875 0.456146240234375
0.0194015502929688 -0.00232887268066406 -0.031829833984375 0.50164794921875
0.00304913520812988 0.000761747360229492 0.300048828125 0.22515869140625
0.0114307403564453 -0.0119724273681641 0.348419189453125 -0.0650634765625
0.0304489135742187 -0.0380859375 -0.337738037109375 0.0543212890625001
0.0282020568847656 -0.00418853759765625 -0.239227294921875 -0.212997436523438
0.0162429809570313 -0.013087272644043 0.12188720703125 -0.46514892578125
-0.00308895111083984 0.00400400161743164 0.62042236328125 -0.31683349609375
-0.0220375061035156 0.0192298889160156 0.73388671875 0.4197998046875
-0.00825119018554688 -0.0349178314208984 0.17572021484375 0.9169921875
0.036376953125 -0.0328712463378906 -0.27825927734375 0.6153564453125
0.0537605285644531 -0.0316276550292969 0.028076171875 0.0573043823242188
0.0371818542480469 -0.0403251647949219 0.2916259765625 -0.5975341796875
0.0157737731933594 -0.0355606079101562 -0.2669677734375 -0.9052734375
-0.0070047378540039 -0.00683879852294922 -0.7923583984375 -0.23822021484375
-0.00601387023925781 -0.00124120712280273 -0.50677490234375 0.44158935546875
0.0217990875244141 -0.0102081298828125 -0.045928955078125 0.50311279296875
0.00231170654296875 -0.00752019882202148 0.2933349609375 0.23016357421875
0.00966644287109375 -0.0178852081298828 0.347076416015625 -0.060882568359375
0.0273780822753906 -0.0322990417480469 -0.341705322265625 0.0710144042968749
0.0310554504394531 0.00958061218261719 -0.273056030273438 -0.210098266601563
0.0104732513427734 0.00488376617431641 0.050994873046875 -0.478668212890625
-0.00429248809814453 0.0108489990234375 0.558380126953125 -0.404327392578125
-0.0166816711425781 0.0200176239013672 0.7491455078125 0.2879638671875
-0.0110073089599609 -0.0100164413452148 0.2718505859375 0.85107421875
0.0126218795776367 0.0107917785644531 -0.22406005859375 0.63604736328125
0.00709152221679688 0.0123834609985352 0.02264404296875 0.0813064575195313
0.0173768997192383 0.00887298583984375 0.34442138671875 -0.569580078125
0.019805908203125 -0.0153408050537109 -0.160400390625 -0.953125
-0.00632190704345703 -0.012420654296875 -0.7718505859375 -0.3529052734375
-0.00841665267944336 0.00435018539428711 -0.557769775390625 0.3682861328125
0.0150384902954102 0.00989151000976563 -0.096832275390625 0.479034423828125
0.00583457946777344 0.00840139389038086 0.269912719726563 0.22955322265625
0.00928688049316406 -0.0127439498901367 0.342193603515625 -0.066741943359375
0.0270042419433594 -0.0285511016845703 -0.340423583984375 0.0708312988281251
0.0337982177734375 0.0138626098632813 -0.26177978515625 -0.212539672851563
0.00766277313232422 0.00979137420654297 0.071746826171875 -0.474609375
-0.00930690765380859 0.0123939514160156 0.5782470703125 -0.37823486328125
-0.0221195220947266 0.0138759613037109 0.7376708984375 0.3267822265625
-0.0127334594726562 -0.0153512954711914 0.22869873046875 0.866455078125
0.0117998123168945 0.0117998123168945 -0.2432861328125 0.62225341796875
0.00884819030761719 0.0136508941650391 0.03033447265625 0.0701522827148438
0.0175046920776367 0.00718784332275391 0.32952880859375 -0.58294677734375
0.0165920257568359 -0.0198554992675781 -0.19793701171875 -0.93255615234375
-0.0121669769287109 -0.0174856185913086 -0.77679443359375 -0.3070068359375
-0.0115175247192383 0.00505828857421875 -0.53399658203125 0.39324951171875
0.0126028060913086 0.0146198272705078 -0.07244873046875 0.482391357421875
0.0072784423828125 0.013427734375 0.28118896484375 0.222991943359375
0.00952053070068359 -0.00944900512695313 0.343231201171875 -0.073516845703125
0.0290336608886719 -0.0250473022460938 -0.339569091796875 0.064361572265625
0.0332183837890625 0.0163345336914063 -0.249542236328125 -0.216094970703125
0.00681209564208984 0.0123424530029297 0.096405029296875 -0.47491455078125
-0.0128536224365234 0.0104808807373047 0.599365234375 -0.35308837890625
-0.0266227722167969 0.00960350036621093 0.73211669921875 0.3701171875
-0.0129299163818359 -0.0201530456542969 0.1983642578125 0.88446044921875
0.0149240493774414 0.00861930847167969 -0.25921630859375 0.61181640625
0.0126590728759766 0.0107631683349609 0.0362014770507813 0.0590248107910156
0.0204219818115234 0.001434326171875 0.309326171875 -0.5958251953125
0.0140323638916016 -0.0253391265869141 -0.24176025390625 -0.91778564453125
-0.0166206359863281 -0.0188503265380859 -0.7852783203125 -0.2628173828125
-0.0143861770629883 0.00591278076171875 -0.51416015625 0.417938232421875
0.0124940872192383 0.0150575637817383 -0.0527648925781251 0.4873046875
0.00703334808349609 0.0156373977661133 0.289581298828125 0.220916748046875
0.0115289688110352 -0.00584888458251953 0.34442138671875 -0.072662353515625
0.0290699005126953 -0.0239696502685547 -0.33880615234375 0.062652587890625
0.03277587890625 0.016326904296875 -0.23876953125 -0.216232299804688
0.00574874877929687 0.0119571685791016 0.115234375 -0.46881103515625
-0.0153102874755859 0.00926685333251953 0.61737060546875 -0.32598876953125
-0.0292377471923828 0.00681304931640625 0.72137451171875 0.406005859375
-0.0129737854003906 -0.0264892578125 0.165283203125 0.90191650390625
0.0182380676269531 0.00190925598144531 -0.2752685546875 0.6033935546875
0.0199642181396484 0.00466156005859375 0.0405616760253906 0.0500755310058594
0.0224151611328125 -0.00663185119628906 0.29443359375 -0.6041259765625
0.0120429992675781 -0.0298175811767578 -0.27215576171875 -0.8980712890625
-0.0190925598144531 -0.0192298889160156 -0.7879638671875 -0.2242431640625
-0.0142669677734375 0.00593662261962891 -0.492767333984375 0.439788818359375
0.0132856369018555 0.0149631500244141 -0.033355712890625 0.49090576171875
0.00665473937988281 0.0155277252197266 0.298370361328125 0.216949462890625
0.0122509002685547 -0.00470256805419922 0.345550537109375 -0.075408935546875
0.0297145843505859 -0.0245323181152344 -0.3359375 0.059539794921875
0.0311069488525391 0.0129127502441406 -0.230941772460938 -0.21533203125
0.00813102722167969 0.00812053680419922 0.12994384765625 -0.46588134765625
-0.01507568359375 0.00689411163330078 0.6282958984375 -0.3089599609375
-0.0303440093994141 0.00642204284667969 0.715087890625 0.433349609375
-0.0116519927978516 -0.0321617126464844 0.1483154296875 0.91363525390625
0.0243434906005859 -0.00716590881347656 -0.28387451171875 0.59796142578125
0.0293979644775391 -0.00500869750976563 0.0432243347167969 0.0442161560058594
0.0270061492919922 -0.0165367126464844 0.27874755859375 -0.6121826171875
0.0108089447021484 -0.0339279174804688 -0.29864501953125 -0.88525390625
-0.0190410614013672 -0.0166664123535156 -0.79351806640625 -0.1981201171875
-0.0139026641845703 0.00519466400146484 -0.477935791015625 0.45538330078125
0.0149326324462891 0.0111246109008789 -0.02191162109375 0.493896484375
0.00578117370605469 0.0121898651123047 0.3023681640625 0.2152099609375
0.0125484466552734 -0.00443077087402344 0.345489501953125 -0.073394775390625
0.0295467376708984 -0.0273380279541016 -0.33447265625 0.05731201171875
0.029296875 0.00778388977050781 -0.228912353515625 -0.213653564453125
0.00961112976074219 0.00273704528808594 0.1351318359375 -0.462158203125
-0.012446403503418 0.00527477264404297 0.63226318359375 -0.30078125
-0.0293064117431641 0.00753974914550781 0.7154541015625 0.4415283203125
-0.0100784301757812 -0.03558349609375 0.14190673828125 0.91802978515625
0.0299072265625 -0.0178146362304687 -0.28497314453125 0.59844970703125
0.0390090942382813 -0.0151290893554688 0.0409889221191406 0.043548583984375
0.0305557250976563 -0.0267715454101563 0.27392578125 -0.61151123046875
0.0111732482910156 -0.0369949340820313 -0.3052978515625 -0.88177490234375
-0.0174808502197266 -0.0143184661865234 -0.79400634765625 -0.19073486328125
-0.0124692916870117 0.00348663330078125 -0.47552490234375 0.461822509765625
0.0164890289306641 0.00487709045410156 -0.019378662109375 0.49676513671875
0.00455474853515625 0.00655174255371094 0.30340576171875 0.21685791015625
0.0118370056152344 -0.00741004943847656 0.3455810546875 -0.07049560546875
0.0296440124511719 -0.0332565307617188 -0.33563232421875 0.0587158203125
0.0283565521240234 0.000883102416992188 -0.231369018554688 -0.211166381835938
0.0127696990966797 -0.00481796264648438 0.129608154296875 -0.46173095703125
-0.00892162322998047 0.00457477569580078 0.6265869140625 -0.30743408203125
-0.0253372192382813 0.0125293731689453 0.7183837890625 0.431396484375
-0.00866317749023438 -0.0367698669433594 0.155517578125 0.91693115234375
0.0342941284179688 -0.0264339447021484 -0.28106689453125 0.6033935546875
0.0470619201660156 -0.0244941711425781 0.0356674194335938 0.047760009765625
0.0336570739746094 -0.035736083984375 0.276123046875 -0.6051025390625
0.0124015808105469 -0.0374679565429688 -0.29339599609375 -0.88629150390625
-0.0131292343139648 -0.0110969543457031 -0.79150390625 -0.20184326171875
-0.0100841522216797 0.00163555145263672 -0.482635498046875 0.45623779296875
0.0196094512939453 -0.003814697265625 -0.0255432128906251 0.49908447265625
0.00297212600708008 -0.000130891799926758 0.30047607421875 0.2203369140625
0.0107126235961914 -0.0119514465332031 0.34564208984375 -0.06854248046875
0.0290298461914063 -0.0386466979980469 -0.33502197265625 0.05816650390625
0.027008056640625 -0.00571060180664062 -0.238784790039062 -0.207534790039063
0.0164670944213867 -0.0124301910400391 0.11578369140625 -0.46270751953125
-0.00346517562866211 0.00433945655822754 0.61370849609375 -0.3231201171875
-0.0204334259033203 0.0182609558105469 0.73187255859375 0.408935546875
-0.00774192810058593 -0.0350456237792969 0.18048095703125 0.91046142578125
0.0359840393066406 -0.0322456359863281 -0.2716064453125 0.61383056640625
0.0522232055664063 -0.0314140319824219 0.0281829833984375 0.0572357177734375
0.0359878540039063 -0.0401802062988281 0.2860107421875 -0.596435546875
0.0156326293945313 -0.0356826782226562 -0.2733154296875 -0.8980712890625
-0.00769376754760742 -0.00679969787597656 -0.7891845703125 -0.2314453125
-0.00599479675292969 -0.000885009765624999 -0.498748779296875 0.44366455078125
0.021942138671875 -0.0107841491699219 -0.0421142578125 0.500244140625
0.0021824836730957 -0.00722837448120117 0.294097900390625 0.224395751953125
0.00883007049560547 -0.0173788070678711 0.34417724609375 -0.064910888671875
0.0254917144775391 -0.0329513549804688 -0.3387451171875 0.0736083984375
0.0315151214599609 0.00814247131347656 -0.272140502929688 -0.205276489257812
0.0102109909057617 0.00405693054199219 0.046844482421875 -0.474945068359375
-0.00465106964111328 0.0106601715087891 0.55096435546875 -0.40692138671875
-0.0162296295166016 0.0193996429443359 0.745361328125 0.2794189453125
-0.0106601715087891 -0.0103893280029297 0.27545166015625 0.84552001953125
0.0119047164916992 0.010345458984375 -0.21807861328125 0.63330078125
0.00703525543212891 0.0121917724609375 0.0228424072265625 0.0803756713867188
0.017176628112793 0.00839519500732422 0.337158203125 -0.56671142578125
0.0195159912109375 -0.0148582458496094 -0.16680908203125 -0.94482421875
-0.00619983673095703 -0.0125141143798828 -0.76947021484375 -0.3460693359375
-0.00780534744262695 0.00430154800415039 -0.55224609375 0.36834716796875
0.0146951675415039 0.00915336608886719 -0.0921630859375 0.476898193359375
0.00627851486206055 0.00817775726318359 0.269775390625 0.22491455078125
0.00851821899414063 -0.0131311416625977 0.339385986328125 -0.069305419921875
0.0243930816650391 -0.0294876098632813 -0.338623046875 0.074005126953125
0.0336360931396484 0.0126361846923828 -0.26080322265625 -0.208038330078125
0.00763130187988281 0.0101718902587891 0.0672912597656251 -0.47137451171875
-0.00961875915527344 0.0118026733398438 0.57122802734375 -0.38067626953125
-0.0213584899902344 0.0133399963378906 0.7349853515625 0.3189697265625
-0.012176513671875 -0.0159082412719727 0.23333740234375 0.86083984375
0.0113296508789062 0.0119562149047852 -0.23724365234375 0.62109375
0.00757312774658203 0.0145320892333984 0.0307044982910156 0.0690650939941406
0.0165033340454102 0.00674057006835938 0.32293701171875 -0.58074951171875
0.0160274505615234 -0.020477294921875 -0.20147705078125 -0.9246826171875
-0.0121183395385742 -0.0164871215820313 -0.77178955078125 -0.300537109375
-0.0113344192504883 0.00544834136962891 -0.52752685546875 0.393280029296875
0.0125150680541992 0.0133056640625 -0.069854736328125 0.479583740234375
0.00765323638916016 0.0126781463623047 0.2813720703125 0.21881103515625
0.00840473175048828 -0.00917625427246094 0.340118408203125 -0.076385498046875
0.0276527404785156 -0.0251903533935547 -0.33697509765625 0.0679016113281251
0.0327224731445313 0.0153236389160156 -0.249496459960937 -0.211181640625
0.00681209564208984 0.0125865936279297 0.0914001464843751 -0.471649169921875
-0.0132455825805664 0.0104465484619141 0.5931396484375 -0.35687255859375
-0.0260848999023438 0.00953865051269531 0.73004150390625 0.3604736328125
-0.0122756958007813 -0.0204315185546875 0.2025146484375 0.8807373046875
0.0138816833496094 0.00818920135498047 -0.25421142578125 0.60992431640625
0.0120334625244141 0.0106868743896484 0.037078857421875 0.0580978393554688
0.0191173553466797 0.00165748596191406 0.3033447265625 -0.59161376953125
0.0139980316162109 -0.025665283203125 -0.2452392578125 -0.90948486328125
-0.0160484313964844 -0.0190677642822266 -0.781494140625 -0.2576904296875
-0.0141239166259766 0.00586986541748047 -0.506683349609375 0.418609619140625
0.012904167175293 0.0152521133422852 -0.048187255859375 0.484039306640625
0.00702762603759766 0.0155735015869141 0.29022216796875 0.216278076171875
0.011448860168457 -0.00600528717041016 0.341796875 -0.075164794921875
0.0271568298339844 -0.0252609252929687 -0.335174560546875 0.0662841796875001
0.0331516265869141 0.0148029327392578 -0.238052368164062 -0.212356567382813
0.00618171691894531 0.0113306045532227 0.111175537109375 -0.466796875
-0.0153493881225586 0.00940608978271485 0.610595703125 -0.3294677734375
-0.0289535522460938 0.0059051513671875 0.71820068359375 0.39801025390625
-0.0120773315429688 -0.0259761810302734 0.16827392578125 0.89398193359375
0.0179595947265625 0.00235939025878906 -0.2689208984375 0.600341796875
0.0194721221923828 0.00478553771972656 0.0413627624511719 0.0488395690917969
0.0220623016357422 -0.00633811950683594 0.287841796875 -0.60205078125
0.0113372802734375 -0.0298862457275391 -0.2774658203125 -0.8892822265625
-0.0191669464111328 -0.0192394256591797 -0.78363037109375 -0.21905517578125
-0.0147609710693359 0.00568580627441406 -0.485107421875 0.439849853515625
0.0135955810546875 0.0141735076904297 -0.0291748046875 0.488311767578125
0.00678348541259766 0.0151586532592773 0.298370361328125 0.21142578125
0.0115346908569336 -0.00450611114501953 0.3424072265625 -0.07867431640625
0.0285816192626953 -0.025238037109375 -0.333404541015625 0.0625610351562499
0.030853271484375 0.0114421844482422 -0.231216430664063 -0.211517333984375
0.00789308547973633 0.00825738906860352 0.12646484375 -0.4630126953125
-0.014826774597168 0.0067138671875 0.62225341796875 -0.31085205078125
-0.02960205078125 0.00521278381347657 0.71466064453125 0.42401123046875
-0.0111675262451172 -0.0320777893066406 0.1517333984375 0.9072265625
0.0236225128173828 -0.00692176818847656 -0.27740478515625 0.595703125
0.0284271240234375 -0.00495529174804688 0.0429611206054688 0.0431709289550781
0.0263633728027344 -0.0171718597412109 0.27294921875 -0.60894775390625
0.0105457305908203 -0.0342922210693359 -0.30255126953125 -0.877197265625
-0.0192890167236328 -0.0175933837890625 -0.78961181640625 -0.1927490234375
-0.0141124725341797 0.00504016876220703 -0.472381591796875 0.456634521484375
0.0150108337402344 0.0101785659790039 -0.01727294921875 0.49017333984375
0.00579738616943359 0.0116024017333984 0.3026123046875 0.210540771484375
0.0119104385375977 -0.00483417510986328 0.342071533203125 -0.075714111328125
0.0285110473632812 -0.0286903381347656 -0.33221435546875 0.060577392578125
0.0291557312011719 0.00645828247070313 -0.22857666015625 -0.209762573242188
0.00998115539550781 0.00216293334960938 0.13140869140625 -0.459808349609375
-0.0128517150878906 0.00616168975830078 0.62548828125 -0.30419921875
-0.0284824371337891 0.00753593444824219 0.7158203125 0.432861328125
-0.0103073120117188 -0.0356712341308594 0.14788818359375 0.912109375
0.0284347534179687 -0.0172824859619141 -0.2808837890625 0.5966796875
0.0381813049316406 -0.0149269104003906 0.04119873046875 0.043548583984375
0.0295829772949219 -0.0266075134277344 0.267578125 -0.60809326171875
0.0109062194824219 -0.0368156433105469 -0.3095703125 -0.87237548828125
-0.0172748565673828 -0.0145549774169922 -0.7891845703125 -0.1842041015625
-0.0128946304321289 0.0034780502319336 -0.4683837890625 0.46112060546875
0.0173225402832031 0.00301361083984375 -0.0166015625 0.493316650390625
0.00417041778564453 0.00599527359008789 0.3028564453125 0.211883544921875
0.0120820999145508 -0.00756263732910156 0.342803955078125 -0.073516845703125
0.0275020599365234 -0.0343494415283203 -0.332122802734375 0.0616455078125
0.0285224914550781 -0.00023651123046875 -0.230789184570313 -0.20751953125
0.013005256652832 -0.00522708892822266 0.1253662109375 -0.459625244140625
-0.00872230529785156 0.00492572784423828 0.61883544921875 -0.3101806640625
-0.0249862670898438 0.0117378234863281 0.71844482421875 0.42437744140625
-0.0090789794921875 -0.0374870300292969 0.15911865234375 0.91131591796875
0.0327949523925781 -0.0266895294189453 -0.27655029296875 0.6007080078125
0.0460319519042969 -0.02398681640625 0.0362548828125 0.047882080078125
0.032806396484375 -0.0346279144287109 0.27081298828125 -0.604248046875
0.0126686096191406 -0.0376625061035156 -0.29779052734375 -0.87738037109375
-0.0132980346679688 -0.0106296539306641 -0.78729248046875 -0.197509765625
-0.010009765625 0.00153255462646485 -0.47528076171875 0.45672607421875
0.0188236236572266 -0.00391960144042969 -0.022918701171875 0.49664306640625
0.00377702713012695 -0.000281810760498047 0.300323486328125 0.214996337890625
0.0100383758544922 -0.012359619140625 0.343017578125 -0.071533203125
0.0271682739257812 -0.0395278930664063 -0.331787109375 0.0610961914062501
0.0279560089111328 -0.00581932067871094 -0.237960815429687 -0.203460693359375
0.0158882141113281 -0.0127658843994141 0.111572265625 -0.459716796875
-0.00403332710266113 0.00438380241394043 0.60693359375 -0.32666015625
-0.0201168060302734 0.0184288024902344 0.72821044921875 0.40179443359375
-0.00738143920898437 -0.0360488891601562 0.1845703125 0.90313720703125
0.0348682403564453 -0.0332279205322266 -0.26580810546875 0.61077880859375
0.0509262084960938 -0.0315437316894531 0.0290451049804687 0.0559234619140625
0.0356712341308594 -0.0400581359863281 0.27978515625 -0.59332275390625
0.0157737731933594 -0.0360794067382813 -0.27606201171875 -0.88885498046875
-0.00720643997192383 -0.0065302848815918 -0.78643798828125 -0.22515869140625
-0.00635433197021484 -0.000790596008300782 -0.492462158203125 0.44488525390625
0.0223369598388672 -0.0116958618164063 -0.03778076171875 0.495941162109375
0.00258636474609375 -0.00824928283691406 0.29296875 0.219879150390625
0.00854396820068359 -0.0175714492797852 0.3421630859375 -0.067657470703125
0.0232982635498047 -0.0330104827880859 -0.3358154296875 0.07635498046875
0.0316715240478516 0.0063934326171875 -0.270782470703125 -0.200759887695313
0.0107622146606445 0.00379657745361328 0.044677734375 -0.4716796875
-0.00454521179199219 0.0106821060180664 0.545013427734375 -0.4100341796875
-0.0149765014648437 0.0184497833251953 0.7430419921875 0.27392578125
-0.00978183746337891 -0.0106887817382813 0.27740478515625 0.8375244140625
0.0119113922119141 0.0103673934936523 -0.2125244140625 0.6297607421875
0.00588130950927734 0.0126180648803711 0.02374267578125 0.0796585083007813
0.0166826248168945 0.00841712951660156 0.33447265625 -0.56365966796875
0.0196685791015625 -0.0146446228027344 -0.17022705078125 -0.9368896484375
-0.00669384002685547 -0.0120029449462891 -0.76483154296875 -0.33966064453125
-0.00824069976806641 0.00393342971801758 -0.544921875 0.369537353515625
0.0154409408569336 0.00827217102050781 -0.088897705078125 0.474090576171875
0.00577068328857422 0.00753688812255859 0.269241333007813 0.220138549804688
0.00829505920410156 -0.0126533508300781 0.3363037109375 -0.072235107421875
0.0235195159912109 -0.0304183959960938 -0.334991455078125 0.0770263671874999
0.0331401824951172 0.0113067626953125 -0.259307861328125 -0.204452514648438
0.00831127166748047 0.00914573669433594 0.065521240234375 -0.468292236328125
-0.00903129577636719 0.0114707946777344 0.5653076171875 -0.3834228515625
-0.0200977325439453 0.0128459930419922 0.73211669921875 0.3138427734375
-0.0121145248413086 -0.0157337188720703 0.2357177734375 0.8553466796875
0.0115795135498047 0.0115070343017578 -0.23138427734375 0.61834716796875
0.00682926177978516 0.0139169692993164 0.0306892395019531 0.0680007934570313
0.0171995162963867 0.00740146636962891 0.31658935546875 -0.57720947265625
0.0159893035888672 -0.0204219818115234 -0.20550537109375 -0.91766357421875
-0.0120344161987305 -0.0166702270507813 -0.76934814453125 -0.29510498046875
-0.0113792419433594 0.00505352020263672 -0.521392822265625 0.39324951171875
0.0127143859863281 0.0124950408935547 -0.06689453125 0.47698974609375
0.00760364532470703 0.0117864608764648 0.280975341796875 0.214431762695313
0.00810909271240234 -0.00972557067871094 0.33685302734375 -0.079071044921875
0.0259170532226563 -0.0259609222412109 -0.334136962890625 0.0711364746093751
0.0326461791992188 0.0133399963378906 -0.248443603515625 -0.206787109375
0.00745296478271484 0.0121002197265625 0.0870361328124999 -0.468597412109375
-0.0134038925170898 0.0106220245361328 0.58563232421875 -0.357666015625
-0.02484130859375 0.00872039794921875 0.72650146484375 0.353515625
-0.0123882293701172 -0.0205707550048828 0.20452880859375 0.87408447265625
0.0134181976318359 0.00809574127197266 -0.248291015625 0.607666015625
0.0108108520507813 0.0106687545776367 0.037261962890625 0.0569725036621094
0.0189743041992187 0.00189208984375 0.29815673828125 -0.5899658203125
0.0137042999267578 -0.0253429412841797 -0.24822998046875 -0.9019775390625
-0.0164146423339844 -0.0183849334716797 -0.7783203125 -0.25177001953125
-0.0140647888183594 0.00533580780029297 -0.500701904296875 0.41851806640625
0.01263427734375 0.0138750076293945 -0.0450439453125 0.4803466796875
0.00730419158935547 0.0144948959350586 0.289581298828125 0.21185302734375
0.0110883712768555 -0.00611114501953125 0.338592529296875 -0.077667236328125
0.0257148742675781 -0.0256004333496094 -0.33331298828125 0.06890869140625
0.0327873229980469 0.0136508941650391 -0.237030029296875 -0.208175659179687
0.00621414184570313 0.0120716094970703 0.108245849609375 -0.462982177734375
-0.0148105621337891 0.00942039489746094 0.603515625 -0.33087158203125
-0.0280838012695312 0.00576210021972656 0.71478271484375 0.39105224609375
-0.0119495391845703 -0.0266494750976562 0.17144775390625 0.88909912109375
0.0172510147094727 0.00165462493896484 -0.26416015625 0.59857177734375
0.0184307098388672 0.00465011596679688 0.0419502258300781 0.0486221313476562
0.0214767456054688 -0.00642585754394531 0.282958984375 -0.59857177734375
0.0111637115478516 -0.0302848815917969 -0.27960205078125 -0.8824462890625
-0.0194034576416016 -0.0187034606933594 -0.77801513671875 -0.21295166015625
-0.0142545700073242 0.00603866577148437 -0.479461669921875 0.440216064453125
0.0138339996337891 0.0127286911010742 -0.027313232421875 0.4842529296875
0.00798606872558594 0.0143852233886719 0.297637939453125 0.20635986328125
0.0109081268310547 -0.00593280792236328 0.34002685546875 -0.080596923828125
0.0267620086669922 -0.0259361267089844 -0.3306884765625 0.0655517578124999
0.0304222106933594 0.0104770660400391 -0.229339599609375 -0.207290649414063
0.0085301399230957 0.00810480117797852 0.12249755859375 -0.460205078125
-0.0151529312133789 0.00713825225830078 0.61456298828125 -0.3134765625
-0.0290336608886719 0.00485610961914062 0.71142578125 0.41583251953125
-0.0104160308837891 -0.0323619842529297 0.154052734375 0.90057373046875
0.0229206085205078 -0.00714683532714844 -0.27252197265625 0.5921630859375
0.0275764465332031 -0.00464439392089844 0.0433273315429687 0.0428466796875
0.025482177734375 -0.0170745849609375 0.26739501953125 -0.60546875
0.0102519989013672 -0.0335044860839844 -0.30462646484375 -0.8697509765625
-0.0194263458251953 -0.0170497894287109 -0.78387451171875 -0.187744140625
-0.0136165618896484 0.00550270080566406 -0.4654541015625 0.456512451171875
0.0149831771850586 0.00926685333251953 -0.014251708984375 0.485626220703125
0.00597286224365234 0.0112066268920898 0.30126953125 0.2059326171875
0.0116071701049805 -0.00541305541992188 0.33905029296875 -0.078704833984375
0.0271186828613281 -0.0288505554199219 -0.3294677734375 0.06378173828125
0.0296764373779297 0.00483322143554688 -0.226730346679688 -0.205596923828125
0.0101251602172852 0.00240421295166016 0.12689208984375 -0.45660400390625
-0.0125951766967773 0.00542545318603515 0.61968994140625 -0.30609130859375
-0.0273761749267578 0.00721549987792969 0.71099853515625 0.42535400390625
-0.00971603393554688 -0.0357513427734375 0.150390625 0.90618896484375
0.0285491943359375 -0.0172328948974609 -0.27459716796875 0.59234619140625
0.0369758605957031 -0.014068603515625 0.0417938232421875 0.0428123474121094
0.0283184051513672 -0.0267887115478516 0.2626953125 -0.6058349609375
0.0101661682128906 -0.0363540649414063 -0.31182861328125 -0.86468505859375
-0.0175228118896484 -0.0142173767089844 -0.7835693359375 -0.1790771484375
-0.0126714706420898 0.00347995758056641 -0.4608154296875 0.46112060546875
0.0170965194702148 0.00273704528808594 -0.01239013671875 0.48846435546875
0.00484848022460937 0.00574016571044922 0.30157470703125 0.2076416015625
0.0112524032592773 -0.00751304626464844 0.33905029296875 -0.07537841796875
0.0261688232421875 -0.0341606140136719 -0.3291015625 0.06378173828125
0.0284252166748047 -0.00099945068359375 -0.229705810546875 -0.202865600585938
0.0131702423095703 -0.00523185729980469 0.123291015625 -0.45556640625
-0.00800800323486328 0.00511407852172852 0.61309814453125 -0.3125
-0.02423095703125 0.0115547180175781 0.7144775390625 0.41766357421875
-0.00809860229492188 -0.0375137329101563 0.162353515625 0.9049072265625
0.0320816040039062 -0.0268325805664062 -0.26983642578125 0.59857177734375
0.0451622009277344 -0.0238876342773438 0.0363388061523438 0.0469245910644531
0.032501220703125 -0.0354843139648438 0.265625 -0.599609375
0.0120964050292969 -0.0373687744140625 -0.30194091796875 -0.86956787109375
-0.0133247375488281 -0.0108680725097656 -0.78314208984375 -0.19134521484375
-0.00985240936279297 0.00147628784179688 -0.4686279296875 0.45538330078125
0.0195789337158203 -0.00492668151855469 -0.02020263671875 0.492919921875
0.0034487247467041 -0.00106954574584961 0.300140380859375 0.21075439453125
0.00966167449951172 -0.0125112533569336 0.340576171875 -0.07379150390625
0.0254631042480469 -0.0399017333984375 -0.32928466796875 0.06463623046875
0.0269260406494141 -0.00702667236328125 -0.236175537109375 -0.199356079101563
0.0159521102905273 -0.0124664306640625 0.10992431640625 -0.456451416015625
-0.00373125076293945 0.00420308113098145 0.6011962890625 -0.3287353515625
-0.0194530487060547 0.0179862976074219 0.7249755859375 0.39520263671875
-0.00748825073242188 -0.0360260009765625 0.1878662109375 0.8974609375
0.0336151123046875 -0.0329837799072266 -0.2593994140625 0.60888671875
0.0497856140136719 -0.0307693481445313 0.02947998046875 0.0554466247558594
0.0352897644042969 -0.0395240783691406 0.274169921875 -0.5892333984375
0.0153465270996094 -0.0357398986816406 -0.27862548828125 -0.88275146484375
-0.00695180892944336 -0.00676774978637695 -0.78277587890625 -0.22015380859375
-0.00607109069824219 -0.000429153442382814 -0.48504638671875 0.443450927734375
0.0217838287353516 -0.0125503540039063 -0.0346069335937501 0.4925537109375
0.00192165374755859 -0.00770330429077148 0.29302978515625 0.215667724609375
0.00839424133300781 -0.0181560516357422 0.338775634765625 -0.07061767578125
0.0212059020996094 -0.0332756042480469 -0.333160400390625 0.0776062011718749
0.0309505462646484 0.00502204895019531 -0.269515991210938 -0.19683837890625
0.0105276107788086 0.00412082672119141 0.041748046875 -0.46832275390625
-0.00472068786621094 0.011143684387207 0.538787841796875 -0.4088134765625
-0.0143623352050781 0.0180416107177734 0.73822021484375 0.2706298828125
-0.0093984603881836 -0.0109691619873047 0.279296875 0.83197021484375
0.0107784271240234 0.0104837417602539 -0.20989990234375 0.6259765625
0.00551033020019531 0.0127401351928711 0.024017333984375 0.0781097412109375
0.0166120529174805 0.00825023651123047 0.328521728515625 -0.558868408203125
0.0185337066650391 -0.0150203704833984 -0.17193603515625 -0.92926025390625
-0.00681400299072265 -0.0121479034423828 -0.7611083984375 -0.3372802734375
-0.00783157348632813 0.00385618209838867 -0.5384521484375 0.36895751953125
0.0153951644897461 0.00762939453125 -0.085723876953125 0.471527099609375
0.0059199333190918 0.00646781921386719 0.268112182617188 0.217086791992188
0.00750923156738281 -0.0131454467773438 0.334075927734375 -0.073974609375
0.0209865570068359 -0.0305080413818359 -0.33209228515625 0.0789794921875
0.03369140625 0.0101547241210938 -0.258987426757813 -0.200241088867187
0.00787067413330078 0.00968647003173828 0.0615234375 -0.46405029296875
-0.00924777984619141 0.0115070343017578 0.559051513671875 -0.381866455078125
-0.0199604034423828 0.0128040313720703 0.72747802734375 0.30767822265625
-0.0112485885620117 -0.0158281326293945 0.2374267578125 0.84857177734375
0.0113763809204102 0.0111093521118164 -0.22900390625 0.616943359375
0.00606155395507812 0.0142889022827148 0.0314674377441406 0.067596435546875
0.0158872604370117 0.00714588165283203 0.313232421875 -0.57537841796875
0.0156707763671875 -0.0204486846923828 -0.20635986328125 -0.91119384765625
-0.0126180648803711 -0.0171108245849609 -0.76470947265625 -0.29180908203125
-0.0109491348266602 0.00538539886474609 -0.51629638671875 0.39276123046875
0.0134820938110352 0.0121297836303711 -0.063201904296875 0.47314453125
0.00742149353027344 0.0112714767456055 0.28009033203125 0.20965576171875
0.00729084014892578 -0.00957202911376953 0.3350830078125 -0.081207275390625
0.0239696502685547 -0.0263156890869141 -0.331451416015625 0.07293701171875
0.0324420928955078 0.0125312805175781 -0.24737548828125 -0.203018188476562
0.00740528106689453 0.0118265151977539 0.086090087890625 -0.465087890625
-0.0127859115600586 0.0107145309448242 0.580322265625 -0.35723876953125
-0.0248165130615234 0.00850486755371093 0.72198486328125 0.3489990234375
-0.0118160247802734 -0.0211162567138672 0.2064208984375 0.867919921875
0.0130720138549805 0.00802135467529297 -0.244384765625 0.60382080078125
0.0109167098999023 0.0111684799194336 0.0371246337890625 0.0567741394042969
0.0186595916748047 0.0015106201171875 0.2939453125 -0.58673095703125
0.0137405395507812 -0.0255107879638672 -0.249755859375 -0.894775390625
-0.0165214538574219 -0.0186176300048828 -0.77301025390625 -0.24658203125
-0.0134267807006836 0.00598716735839844 -0.494384765625 0.41748046875
0.0135278701782227 0.0135955810546875 -0.043853759765625 0.47772216796875
0.00683784484863281 0.0141067504882813 0.28778076171875 0.20745849609375
0.0105047225952148 -0.0062255859375 0.335052490234375 -0.07867431640625
0.0239028930664063 -0.0260887145996094 -0.329681396484375 0.07147216796875
0.0316257476806641 0.0124702453613281 -0.235687255859375 -0.205215454101562
0.006317138671875 0.0112924575805664 0.1058349609375 -0.45916748046875
-0.0150766372680664 0.00880050659179688 0.59722900390625 -0.33282470703125
-0.0278282165527344 0.00488471984863281 0.71282958984375 0.3846435546875
-0.0118618011474609 -0.0277252197265625 0.173095703125 0.88409423828125
0.0170888900756836 0.00153732299804688 -0.259765625 0.59490966796875
0.0176277160644531 0.0055999755859375 0.0416831970214844 0.047821044921875
0.0210113525390625 -0.00684738159179688 0.279296875 -0.5948486328125
0.0112686157226563 -0.0300140380859375 -0.2803955078125 -0.87591552734375
-0.0193977355957031 -0.0182247161865234 -0.77496337890625 -0.20965576171875
-0.0144462585449219 0.00565624237060547 -0.474761962890625 0.437652587890625
0.0135431289672852 0.0126733779907227 -0.024566650390625 0.48077392578125
0.00746917724609375 0.0136470794677734 0.296966552734375 0.2034912109375
0.0101003646850586 -0.00531291961669922 0.336669921875 -0.082672119140625
0.0247707366943359 -0.0264396667480469 -0.3277587890625 0.067657470703125
0.0302944183349609 0.00901412963867188 -0.228179931640625 -0.203781127929687
0.00757932662963867 0.0082554817199707 0.121002197265625 -0.45751953125
-0.0151424407958984 0.00718212127685547 0.60992431640625 -0.31396484375
-0.027984619140625 0.0045928955078125 0.70831298828125 0.41094970703125
-0.0106391906738281 -0.0327129364013672 0.15679931640625 0.89520263671875
0.0231132507324219 -0.00755119323730469 -0.26971435546875 0.58984375
0.026153564453125 -0.00410270690917969 0.04327392578125 0.0428810119628906
0.0250225067138672 -0.0166130065917969 0.265380859375 -0.6031494140625
0.0104942321777344 -0.0339088439941406 -0.30535888671875 -0.86175537109375
-0.0192985534667969 -0.0164928436279297 -0.7802734375 -0.18328857421875
-0.0141668319702148 0.0052490234375 -0.45965576171875 0.45361328125
0.0155563354492188 0.00806140899658203 -0.01251220703125 0.48309326171875
0.00613021850585938 0.0103302001953125 0.300872802734375 0.20257568359375
0.0113735198974609 -0.00559711456298828 0.336883544921875 -0.079864501953125
0.0245075225830078 -0.0292491912841797 -0.326385498046875 0.065704345703125
0.0291843414306641 0.00443458557128906 -0.225555419921875 -0.20208740234375
0.00983047485351563 0.00208473205566406 0.124114990234375 -0.4534912109375
-0.0129213333129883 0.00599956512451172 0.6129150390625 -0.3076171875
-0.0265903472900391 0.00662803649902344 0.70880126953125 0.42120361328125
-0.00958251953125 -0.0369148254394531 0.15240478515625 0.901611328125
0.0276508331298828 -0.0172901153564453 -0.271484375 0.589599609375
0.0359611511230469 -0.0138473510742188 0.0415382385253906 0.0420608520507813
0.0285263061523438 -0.0264663696289063 0.25787353515625 -0.6015625
0.0103111267089844 -0.0361747741699219 -0.312744140625 -0.858154296875
-0.0172290802001953 -0.0136775970458984 -0.78021240234375 -0.17596435546875
-0.0120143890380859 0.00397014617919922 -0.456787109375 0.458770751953125
0.0175199508666992 0.00192642211914062 -0.00942993164062502 0.48602294921875
0.00502157211303711 0.00485849380493164 0.300567626953125 0.203399658203125
0.0104532241821289 -0.00791835784912109 0.336822509765625 -0.0775146484375
0.0240306854248047 -0.0346164703369141 -0.326995849609375 0.0668029785156249
0.0289115905761719 -0.001556396484375 -0.228347778320313 -0.199920654296875
0.0125350952148438 -0.00485038757324219 0.1202392578125 -0.453125
-0.00862264633178711 0.00496673583984375 0.60687255859375 -0.31268310546875
-0.0234870910644531 0.0111370086669922 0.713134765625 0.4102783203125
-0.00757980346679688 -0.037353515625 0.1640625 0.89923095703125
0.0315933227539063 -0.0269851684570313 -0.26617431640625 0.5950927734375
0.0434150695800781 -0.0233840942382813 0.0363082885742188 0.0461082458496094
0.0311489105224609 -0.0350532531738281 0.2618408203125 -0.59515380859375
0.012451171875 -0.0369873046875 -0.3013916015625 -0.86273193359375
-0.012725830078125 -0.0109281539916992 -0.77886962890625 -0.18829345703125
-0.00989818572998047 0.00105190277099609 -0.464141845703125 0.455535888671875
0.0186786651611328 -0.00531196594238281 -0.016143798828125 0.490020751953125
0.00347709655761719 -0.000970125198364258 0.2989501953125 0.2069091796875
0.00876140594482422 -0.0125942230224609 0.337249755859375 -0.075531005859375
0.0241928100585938 -0.0404167175292969 -0.326568603515625 0.0662841796875001
0.0268802642822266 -0.00819206237792969 -0.235260009765625 -0.196243286132813
0.0153360366821289 -0.0128107070922852 0.107025146484375 -0.45440673828125
-0.00391697883605957 0.00404500961303711 0.5950927734375 -0.32891845703125
-0.0185489654541016 0.0173416137695312 0.7220458984375 0.38775634765625
-0.00708389282226563 -0.03594970703125 0.18988037109375 0.8916015625
0.0333786010742188 -0.0331287384033203 -0.25732421875 0.6051025390625
0.0483169555664062 -0.0306739807128906 0.0299568176269531 0.0543899536132813
0.0342864990234375 -0.0399665832519531 0.2713623046875 -0.58734130859375
0.0153999328613281 -0.0357780456542969 -0.27947998046875 -0.87554931640625
-0.00719404220581055 -0.00648069381713867 -0.7772216796875 -0.21478271484375
-0.00537395477294922 -0.000644683837890624 -0.4805908203125 0.442474365234375
0.0216865539550781 -0.0134906768798828 -0.0303955078125001 0.48883056640625
0.00216913223266602 -0.00835275650024414 0.291748046875 0.211456298828125
0.00745010375976563 -0.0180130004882812 0.33673095703125 -0.070892333984375
0.0204391479492188 -0.0339508056640625 -0.3306884765625 0.0796508789062501
0.0307540893554687 0.00463104248046875 -0.268310546875 -0.193405151367188
0.0100584030151367 0.00441551208496094 0.041259765625 -0.4644775390625
-0.00447273254394531 0.0106897354125977 0.534881591796875 -0.408111572265625
-0.0138626098632812 0.0179729461669922 0.73492431640625 0.26470947265625
-0.00885391235351563 -0.0113306045532227 0.2784423828125 0.828369140625
0.0100946426391602 0.0103845596313477 -0.205810546875 0.62249755859375
0.00484275817871094 0.0129318237304688 0.0235671997070313 0.0784454345703125
0.0156459808349609 0.0085611343383789 0.32440185546875 -0.55755615234375
0.0194206237792969 -0.0151939392089844 -0.17205810546875 -0.9244384765625
-0.00683879852294922 -0.0119600296020508 -0.7568359375 -0.33319091796875
-0.00774860382080078 0.00379133224487305 -0.53521728515625 0.366607666015625
0.0153112411499023 0.007293701171875 -0.0843505859375 0.4669189453125
0.00615501403808594 0.00588130950927734 0.26788330078125 0.212631225585938
0.00711631774902344 -0.0128107070922852 0.331298828125 -0.074859619140625
0.0197696685791016 -0.030548095703125 -0.329193115234375 0.08013916015625
0.0328807830810547 0.00942802429199219 -0.256668090820312 -0.196945190429688
0.00748348236083984 0.00937843322753906 0.0615234375 -0.460052490234375
-0.00940704345703125 0.0119590759277344 0.55462646484375 -0.38348388671875
-0.0192413330078125 0.0121402740478516 0.72357177734375 0.303466796875
-0.0110082626342773 -0.0159740447998047 0.23638916015625 0.84356689453125
0.00994777679443359 0.0110721588134766 -0.2265625 0.611083984375
0.0054006576538086 0.0147972106933594 0.0312271118164062 0.0671005249023438
0.0160369873046875 0.00689697265625 0.31109619140625 -0.57086181640625
0.0163116455078125 -0.0203456878662109 -0.20709228515625 -0.905517578125
-0.0125846862792969 -0.0170221328735352 -0.75970458984375 -0.28765869140625
-0.0109691619873047 0.00512218475341797 -0.511322021484375 0.39068603515625
0.0128593444824219 0.0105228424072266 -0.06158447265625 0.469482421875
0.00732994079589844 0.0104789733886719 0.278488159179688 0.207077026367188
0.00651168823242188 -0.00935745239257813 0.33233642578125 -0.081878662109375
0.0221176147460938 -0.0266265869140625 -0.3284912109375 0.073577880859375
0.0320014953613281 0.0110645294189453 -0.244735717773438 -0.200363159179687
0.00747013092041016 0.0121250152587891 0.08477783203125 -0.461517333984375
-0.0135726928710937 0.0105524063110352 0.575439453125 -0.3583984375
-0.0237941741943359 0.00776290893554688 0.72119140625 0.34539794921875
-0.0111408233642578 -0.0212879180908203 0.2071533203125 0.86236572265625
0.0124387741088867 0.00767230987548828 -0.24176025390625 0.60089111328125
0.00967884063720703 0.0111751556396484 0.0374488830566406 0.0557861328125
0.0179538726806641 0.00193023681640625 0.291748046875 -0.5831298828125
0.0134620666503906 -0.0254688262939453 -0.25030517578125 -0.887939453125
-0.0164966583251953 -0.0179939270019531 -0.76800537109375 -0.24615478515625
-0.0134963989257813 0.0059814453125 -0.490203857421875 0.41619873046875
0.0129051208496094 0.0129194259643555 -0.04058837890625 0.473541259765625
0.00708103179931641 0.0131340026855469 0.2867431640625 0.204681396484375
0.00959205627441406 -0.00635337829589844 0.333282470703125 -0.080169677734375
0.0223197937011719 -0.0268363952636719 -0.327423095703125 0.072540283203125
0.031982421875 0.0115928649902344 -0.234329223632813 -0.201461791992187
0.00584983825683594 0.0110960006713867 0.1038818359375 -0.45635986328125
-0.0149765014648438 0.00917625427246094 0.59332275390625 -0.33123779296875
-0.0269889831542969 0.00518035888671875 0.71002197265625 0.3817138671875
-0.011199951171875 -0.0271034240722656 0.17376708984375 0.8773193359375
0.0160579681396484 0.00156021118164063 -0.25811767578125 0.59210205078125
0.0168790817260742 0.00567340850830078 0.0418281555175781 0.047271728515625
0.0207023620605469 -0.00652503967285156 0.27716064453125 -0.5897216796875
0.0114898681640625 -0.0301456451416016 -0.27960205078125 -0.86981201171875
-0.0193901062011719 -0.0181484222412109 -0.77203369140625 -0.208251953125
-0.0143604278564453 0.00582790374755859 -0.46978759765625 0.43658447265625
0.0139589309692383 0.0116910934448242 -0.02325439453125 0.47833251953125
0.00714874267578125 0.0132026672363281 0.2943115234375 0.199432373046875
0.00940322875976563 -0.00566482543945312 0.33465576171875 -0.083953857421875
0.0233783721923828 -0.0269584655761719 -0.325347900390625 0.06842041015625
0.03045654296875 0.00802993774414063 -0.22650146484375 -0.201019287109375
0.00736379623413086 0.00824785232543945 0.11883544921875 -0.45477294921875
-0.015162467956543 0.00698089599609375 0.6055908203125 -0.31427001953125
-0.0275688171386719 0.00406837463378907 0.7052001953125 0.40704345703125
-0.00999641418457031 -0.0320892333984375 0.156005859375 0.8919677734375
0.0219974517822266 -0.0067291259765625 -0.26580810546875 0.58599853515625
0.0254325866699219 -0.00375556945800781 0.0437049865722656 0.0418739318847656
0.0246067047119141 -0.0168304443359375 0.26165771484375 -0.59832763671875
0.0106773376464844 -0.0336589813232422 -0.30511474609375 -0.8563232421875
-0.0188770294189453 -0.0167522430419922 -0.77496337890625 -0.18145751953125
-0.0135812759399414 0.00503635406494141 -0.456817626953125 0.451873779296875
0.0158281326293945 0.00740623474121094 -0.0103759765625 0.4798583984375
0.00636482238769531 0.0096588134765625 0.298797607421875 0.19927978515625
0.0108051300048828 -0.00573348999023438 0.3336181640625 -0.0811767578125
0.0234642028808594 -0.0296459197998047 -0.323699951171875 0.0665283203125
0.0286083221435547 0.00322341918945313 -0.223724365234375 -0.1995849609375
0.00999355316162109 0.00194168090820313 0.122406005859375 -0.451934814453125
-0.0128517150878906 0.00544357299804687 0.60784912109375 -0.30804443359375
-0.0260086059570313 0.00628471374511719 0.70355224609375 0.415771484375
-0.00866317749023438 -0.0363883972167969 0.15228271484375 0.8968505859375
0.02685546875 -0.0170993804931641 -0.26959228515625 0.587158203125
0.0350990295410156 -0.0136356353759766 0.0414657592773438 0.0414695739746094
0.02752685546875 -0.0260524749755859 0.2559814453125 -0.59576416015625
0.0107231140136719 -0.036224365234375 -0.31085205078125 -0.85211181640625
-0.0169525146484375 -0.0138168334960938 -0.77532958984375 -0.17431640625
-0.0127944946289063 0.00383186340332031 -0.45294189453125 0.455780029296875
0.0174894332885742 0.00137042999267578 -0.00851440429687499 0.48291015625
0.00456428527832031 0.00478982925415039 0.3001708984375 0.2003173828125
0.00985336303710937 -0.00835227966308594 0.333740234375 -0.078857421875
0.0224800109863281 -0.0358200073242188 -0.324371337890625 0.067230224609375
0.02825927734375 -0.00270652770996094 -0.225982666015625 -0.196670532226562
0.012669563293457 -0.00498867034912109 0.11798095703125 -0.44989013671875
-0.00888919830322266 0.00555706024169922 0.602783203125 -0.31304931640625
-0.0225429534912109 0.0104160308837891 0.70751953125 0.40679931640625
-0.00754165649414062 -0.0374679565429688 0.1661376953125 0.89520263671875
0.0303211212158203 -0.0266246795654297 -0.26434326171875 0.5924072265625
0.0427322387695313 -0.0228958129882813 0.0366020202636719 0.0459823608398438
0.0309410095214844 -0.0343475341796875 0.25860595703125 -0.59149169921875
0.0124435424804688 -0.0367660522460938 -0.30023193359375 -0.85552978515625
-0.013087272644043 -0.010528564453125 -0.77325439453125 -0.1864013671875
-0.00959014892578125 0.00139904022216797 -0.4591064453125 0.453521728515625
0.0192298889160156 -0.00547981262207031 -0.01513671875 0.485321044921875
0.00355362892150879 -0.00138688087463379 0.29693603515625 0.203460693359375
0.00807285308837891 -0.0124473571777344 0.334686279296875 -0.076904296875
0.0221977233886719 -0.0405769348144531 -0.323883056640625 0.06744384765625
0.0266933441162109 -0.00895118713378906 -0.233154296875 -0.193206787109375
0.014923095703125 -0.012481689453125 0.1048583984375 -0.451202392578125
-0.00438308715820312 0.00478076934814453 0.58941650390625 -0.32904052734375
-0.0176601409912109 0.0169658660888672 0.71832275390625 0.384033203125
-0.00676345825195312 -0.0361442565917969 0.1904296875 0.887451171875
0.0322837829589844 -0.0327854156494141 -0.254150390625 0.6007080078125
0.0477256774902344 -0.0295295715332031 0.0288581848144531 0.0541801452636719
0.03302001953125 -0.0396499633789063 0.26739501953125 -0.58251953125
0.0150947570800781 -0.0360107421875 -0.27911376953125 -0.868408203125
-0.00756311416625977 -0.00644683837890625 -0.77337646484375 -0.21295166015625
-0.00598573684692383 -0.00129365921020508 -0.476715087890625 0.4400634765625
0.0213527679443359 -0.0131187438964844 -0.030487060546875 0.4857177734375
0.00213050842285156 -0.00889778137207031 0.289581298828125 0.208892822265625
0.00699043273925781 -0.0180149078369141 0.334136962890625 -0.073516845703125
0.0189170837402344 -0.0342693328857422 -0.3277587890625 0.0806274414062501
0.0303173065185547 0.0039825439453125 -0.2664794921875 -0.190536499023438
0.010345458984375 0.00415420532226563 0.041259765625 -0.461639404296875
-0.00467300415039062 0.0110588073730469 0.531585693359375 -0.407318115234375
-0.0136146545410156 0.0163536071777344 0.73150634765625 0.26373291015625
-0.00848007202148438 -0.0119495391845703 0.27734375 0.82379150390625
0.00974273681640625 0.00977611541748047 -0.20452880859375 0.62054443359375
0.00413799285888672 0.0128993988037109 0.0241851806640625 0.0778045654296875
0.0155916213989258 0.00854396820068359 0.322479248046875 -0.554229736328125
0.0190887451171875 -0.0153903961181641 -0.17236328125 -0.92010498046875
-0.00702857971191406 -0.0114593505859375 -0.75433349609375 -0.33197021484375
-0.00790739059448242 0.0033726692199707 -0.53228759765625 0.366180419921875
0.0157442092895508 0.00606536865234375 -0.082427978515625 0.465545654296875
0.00584888458251953 0.00584650039672851 0.2662353515625 0.210540771484375
0.00651741027832031 -0.0131549835205078 0.3292236328125 -0.074951171875
0.0183391571044922 -0.0313549041748047 -0.326629638671875 0.0812072753906251
0.0321559906005859 0.00819206237792969 -0.254531860351563 -0.194366455078125
0.00774669647216797 0.00974082946777344 0.06048583984375 -0.458709716796875
-0.00903987884521485 0.0119199752807617 0.55096435546875 -0.381256103515625
-0.0189285278320313 0.0115947723388672 0.72027587890625 0.30255126953125
-0.0104913711547852 -0.0161495208740234 0.23565673828125 0.84100341796875
0.00966835021972656 0.0112533569335938 -0.22442626953125 0.6077880859375
0.00457954406738281 0.014836311340332 0.0310630798339844 0.0663909912109375
0.0154447555541992 0.00718021392822266 0.309326171875 -0.5657958984375
0.0156593322753906 -0.0202960968017578 -0.20880126953125 -0.9002685546875
-0.0128269195556641 -0.0159883499145508 -0.756103515625 -0.2877197265625
-0.0107564926147461 0.00479698181152344 -0.50921630859375 0.389892578125
0.0130767822265625 0.0103187561035156 -0.061248779296875 0.467620849609375
0.00719165802001953 0.010462760925293 0.2774658203125 0.204345703125
0.00644016265869141 -0.00944137573242188 0.33026123046875 -0.08282470703125
0.0209846496582031 -0.0269298553466797 -0.327117919921875 0.075408935546875
0.0319671630859375 0.010650634765625 -0.243087768554688 -0.198440551757813
0.00606727600097656 0.0116033554077148 0.082855224609375 -0.459686279296875
-0.0130863189697266 0.0106525421142578 0.57275390625 -0.35882568359375
-0.0238800048828125 0.00702667236328125 0.71636962890625 0.34210205078125
-0.0109138488769531 -0.0213909149169922 0.2061767578125 0.85931396484375
0.0114946365356445 0.00762844085693359 -0.23980712890625 0.5992431640625
0.00876617431640625 0.0112953186035156 0.0374221801757812 0.0554084777832031
0.0176124572753906 0.00216865539550781 0.28985595703125 -0.5802001953125
0.0139579772949219 -0.025299072265625 -0.24908447265625 -0.88348388671875
-0.0168247222900391 -0.0181503295898437 -0.76605224609375 -0.243896484375
-0.0133190155029297 0.00440502166748047 -0.488433837890625 0.415008544921875
0.0135202407836914 0.0120134353637695 -0.04071044921875 0.47186279296875
0.00743675231933594 0.0127115249633789 0.28607177734375 0.2025146484375
0.00853300094604492 -0.00684547424316406 0.331451416015625 -0.080657958984375
0.0206947326660156 -0.0266284942626953 -0.325592041015625 0.07391357421875
0.0318260192871094 0.0103931427001953 -0.232315063476563 -0.198593139648438
0.00652694702148438 0.0118961334228516 0.102996826171875 -0.45355224609375
-0.0149431228637695 0.00928211212158203 0.5888671875 -0.33258056640625
-0.0261249542236328 0.00398826599121094 0.7047119140625 0.37786865234375
-0.0109634399414063 -0.0277214050292969 0.1729736328125 0.87548828125
0.0160427093505859 0.00189876556396484 -0.25537109375 0.5904541015625
0.015843391418457 0.00532627105712891 0.041656494140625 0.0460205078125
0.0204582214355469 -0.00621986389160156 0.27496337890625 -0.5880126953125
0.0112094879150391 -0.0296611785888672 -0.2791748046875 -0.86590576171875
-0.0193080902099609 -0.0186882019042969 -0.7677001953125 -0.2069091796875
-0.0137853622436523 0.006103515625 -0.466217041015625 0.434051513671875
0.0140085220336914 0.010737419128418 -0.021331787109375 0.474853515625
0.00709819793701172 0.0127925872802734 0.293853759765625 0.196929931640625
0.00891590118408203 -0.00550365447998047 0.332916259765625 -0.08447265625
0.0218601226806641 -0.0273227691650391 -0.323150634765625 0.0702514648437501
0.0296134948730469 0.00701904296875 -0.224349975585938 -0.198959350585937
0.00760984420776367 0.00805187225341797 0.1177978515625 -0.451904296875
-0.0154342651367188 0.00666236877441406 0.60125732421875 -0.31494140625
-0.0270786285400391 0.00372123718261719 0.70111083984375 0.4033203125
-0.00945281982421875 -0.0322952270507813 0.15643310546875 0.88824462890625
0.0211467742919922 -0.00646209716796875 -0.26507568359375 0.5836181640625
0.0250110626220703 -0.00292587280273438 0.0439071655273438 0.0414848327636719
0.023651123046875 -0.0161056518554687 0.26007080078125 -0.5941162109375
0.0107059478759766 -0.0331344604492188 -0.3035888671875 -0.85211181640625
-0.0192890167236328 -0.0159778594970703 -0.77191162109375 -0.18084716796875
-0.0135259628295898 0.00478363037109375 -0.453277587890625 0.449798583984375
0.0154609680175781 0.00661373138427734 -0.00955200195312499 0.47674560546875
0.00631523132324219 0.00967121124267578 0.29791259765625 0.196441650390625
0.00972747802734375 -0.00632190704345703 0.33203125 -0.0814208984375
0.0217056274414062 -0.0298252105712891 -0.321624755859375 0.0677795410156249
0.0278301239013672 0.00235176086425781 -0.221923828125 -0.19708251953125
0.00933933258056641 0.00280570983886719 0.12200927734375 -0.449249267578125
-0.0126991271972656 0.00603675842285156 0.60498046875 -0.3077392578125
-0.0255088806152344 0.005584716796875 0.7025146484375 0.412841796875
-0.00825881958007812 -0.037139892578125 0.1527099609375 0.89227294921875
0.0267124176025391 -0.0173187255859375 -0.2666015625 0.58404541015625
0.034149169921875 -0.0132789611816406 0.0413284301757813 0.0405693054199219
0.0271434783935547 -0.0254497528076172 0.2547607421875 -0.5946044921875
0.0108718872070312 -0.0363044738769531 -0.3094482421875 -0.84771728515625
-0.0170831680297852 -0.0140514373779297 -0.77294921875 -0.17303466796875
-0.0121049880981445 0.00350284576416016 -0.44891357421875 0.454010009765625
0.0178699493408203 0.000379562377929688 -0.00778198242187496 0.480010986328125
0.00452136993408203 0.00445032119750977 0.29852294921875 0.197998046875
0.00916576385498047 -0.00805187225341797 0.33294677734375 -0.0797119140625
0.0206298828125 -0.0354957580566406 -0.3218994140625 0.068359375
0.0275764465332031 -0.00395774841308594 -0.224700927734375 -0.194473266601562
0.0119132995605469 -0.00483989715576172 0.11724853515625 -0.447967529296875
-0.00895023345947266 0.00502681732177734 0.5985107421875 -0.31298828125
-0.0223636627197266 0.0101165771484375 0.70623779296875 0.40399169921875
-0.0068359375 -0.0380630493164063 0.16424560546875 0.8916015625
0.0303897857666016 -0.0260524749755859 -0.26239013671875 0.5885009765625
0.0419425964355469 -0.0221595764160156 0.0357208251953125 0.0456809997558594
0.0303001403808594 -0.0343265533447266 0.25811767578125 -0.58673095703125
0.0119171142578125 -0.0366401672363281 -0.30108642578125 -0.851806640625
-0.0125284194946289 -0.0101747512817383 -0.77081298828125 -0.18499755859375
-0.00942707061767578 0.00115966796875 -0.455841064453125 0.450439453125
0.0193977355957031 -0.00625038146972656 -0.01312255859375 0.482208251953125
0.00333189964294434 -0.00231575965881348 0.29620361328125 0.2005615234375
0.00782966613769531 -0.0129079818725586 0.332855224609375 -0.077178955078125
0.0203475952148438 -0.0409393310546875 -0.32220458984375 0.069610595703125
0.02593994140625 -0.00937080383300781 -0.231185913085938 -0.190673828125
0.0152034759521484 -0.012537956237793 0.10430908203125 -0.447662353515625
-0.00416278839111328 0.0046381950378418 0.5870361328125 -0.3292236328125
-0.0171117782592773 0.0157375335693359 0.71490478515625 0.380615234375
-0.00591278076171875 -0.0371589660644531 0.1910400390625 0.8829345703125
0.0318546295166016 -0.0326156616210938 -0.25146484375 0.59814453125
0.04644775390625 -0.029205322265625 0.0296745300292969 0.0535697937011719
0.0330810546875 -0.0397224426269531 0.266845703125 -0.5789794921875
0.0149497985839844 -0.0354766845703125 -0.2783203125 -0.86480712890625
-0.0071868896484375 -0.00591754913330078 -0.7696533203125 -0.2109375
-0.00559902191162109 -0.00113534927368164 -0.47412109375 0.437469482421875
0.0216007232666016 -0.0147056579589844 -0.028472900390625 0.483734130859375
0.00227260589599609 -0.00909996032714844 0.28936767578125 0.205596923828125
0.00663280487060547 -0.0174598693847656 0.332489013671875 -0.0736083984375
0.0169353485107422 -0.0339851379394531 -0.326171875 0.0820007324218749
0.0297985076904297 0.00282096862792969 -0.264968872070313 -0.188674926757812
0.00992107391357422 0.00415515899658203 0.040771484375 -0.4595947265625
-0.00471305847167969 0.010462760925293 0.529632568359375 -0.40740966796875
-0.0131759643554687 0.015960693359375 0.72869873046875 0.26153564453125
-0.00818443298339844 -0.0121622085571289 0.2762451171875 0.823974609375
0.00930118560791016 0.0100240707397461 -0.20391845703125 0.61895751953125
0.00345802307128906 0.0136852264404297 0.0242385864257813 0.077362060546875
0.0153236389160156 0.00842571258544922 0.32275390625 -0.550506591796875
0.0192432403564453 -0.015106201171875 -0.171142578125 -0.91668701171875
-0.00680923461914063 -0.0121278762817383 -0.7513427734375 -0.33172607421875
-0.00778436660766602 0.00290298461914063 -0.5299072265625 0.363006591796875
0.0153236389160156 0.00557231903076172 -0.082122802734375 0.463134765625
0.00536680221557617 0.00511455535888672 0.265472412109375 0.208511352539063
0.00596141815185547 -0.0127735137939453 0.3282470703125 -0.076812744140625
0.0168704986572266 -0.0309276580810547 -0.325714111328125 0.0828857421875
0.0323810577392578 0.0069580078125 -0.25384521484375 -0.192245483398437
0.00765037536621094 0.00959873199462891 0.06121826171875 -0.456634521484375
-0.00915050506591797 0.0115184783935547 0.547821044921875 -0.380126953125
-0.0184078216552734 0.0100288391113281 0.71795654296875 0.2994384765625
-0.00984764099121093 -0.0162286758422852 0.23541259765625 0.8392333984375
0.00923252105712891 0.011103630065918 -0.2230224609375 0.6070556640625
0.00421142578125 0.0157680511474609 0.0310401916503906 0.0658302307128906
0.0151805877685547 0.007354736328125 0.30804443359375 -0.564697265625
0.0158596038818359 -0.0202713012695312 -0.20635986328125 -0.898193359375
-0.0125398635864258 -0.0161304473876953 -0.75482177734375 -0.28662109375
-0.0103931427001953 0.00469779968261719 -0.506744384765625 0.3861083984375
0.0134258270263672 0.00986003875732422 -0.059814453125 0.465728759765625
0.00702953338623047 0.00994968414306641 0.276138305664063 0.202178955078125
0.00547599792480469 -0.00989055633544922 0.329376220703125 -0.083160400390625
0.0193672180175781 -0.0269374847412109 -0.325164794921875 0.0767822265625
0.0312881469726563 0.00931358337402344 -0.2418212890625 -0.195648193359375
0.00649738311767578 0.0121736526489258 0.083892822265625 -0.457611083984375
-0.0133018493652344 0.0105304718017578 0.5704345703125 -0.357421875
-0.0226325988769531 0.00680923461914063 0.71343994140625 0.34027099609375
-0.0101852416992187 -0.0215835571289063 0.20367431640625 0.85931396484375
0.011937141418457 0.00818443298339844 -0.23980712890625 0.59600830078125
0.00805854797363281 0.0121774673461914 0.0376129150390625 0.055450439453125
0.017390251159668 0.00211811065673828 0.28863525390625 -0.57550048828125
0.0136222839355469 -0.0244483947753906 -0.24835205078125 -0.88031005859375
-0.0165309906005859 -0.0181808471679688 -0.7630615234375 -0.24346923828125
-0.013519287109375 0.00473403930664063 -0.484619140625 0.411895751953125
0.0131416320800781 0.0109186172485352 -0.038726806640625 0.470245361328125
0.00629615783691406 0.0121974945068359 0.285003662109375 0.200347900390625
0.00835037231445313 -0.00661897659301758 0.330535888671875 -0.081878662109375
0.0193367004394531 -0.0263080596923828 -0.32373046875 0.075042724609375
0.0309314727783203 0.00936508178710938 -0.231658935546875 -0.197235107421875
0.00619125366210938 0.0116138458251953 0.102935791015625 -0.4527587890625
-0.0150394439697266 0.00914382934570313 0.587158203125 -0.33258056640625
-0.0254173278808594 0.00302696228027344 0.70269775390625 0.37579345703125
-0.0107040405273437 -0.0275993347167969 0.1715087890625 0.87237548828125
0.0152387619018555 0.00233840942382813 -0.25482177734375 0.5872802734375
0.0145540237426758 0.00607585906982422 0.0418128967285156 0.0458564758300781
0.0200271606445313 -0.00621604919433594 0.2738037109375 -0.5867919921875
0.0113086700439453 -0.0292282104492188 -0.27899169921875 -0.86279296875
-0.0189781188964844 -0.0182685852050781 -0.7652587890625 -0.20758056640625
-0.0140295028686523 0.00609016418457031 -0.46343994140625 0.43170166015625
0.0136699676513672 0.0100154876708984 -0.0220947265625 0.472991943359375
0.00794124603271484 0.0115871429443359 0.2926025390625 0.196075439453125
0.00838184356689453 -0.00591945648193359 0.331085205078125 -0.084991455078125
0.0205249786376953 -0.0269680023193359 -0.321258544921875 0.0708618164062501
0.0298557281494141 0.00650215148925781 -0.22308349609375 -0.197006225585938
0.00753211975097656 0.00807523727416992 0.1168212890625 -0.449310302734375
-0.0153369903564453 0.007080078125 0.598388671875 -0.31524658203125
-0.0268650054931641 0.00287055969238281 0.7005615234375 0.4022216796875
-0.00869941711425782 -0.0329532623291016 0.1568603515625 0.88690185546875
0.0205554962158203 -0.00620460510253906 -0.262939453125 0.58148193359375
0.0243072509765625 -0.00299835205078125 0.04339599609375 0.0408515930175781
0.0232601165771484 -0.0162162780761719 0.2601318359375 -0.59136962890625
0.0103340148925781 -0.0335426330566406 -0.30255126953125 -0.84918212890625
-0.0193309783935547 -0.015838623046875 -0.7684326171875 -0.18145751953125
-0.0134353637695313 0.00499916076660157 -0.45062255859375 0.447357177734375
0.0155744552612305 0.00632572174072266 -0.00933837890625 0.4754638671875
0.00572681427001953 0.00951862335205078 0.297210693359375 0.194671630859375
0.00924301147460938 -0.00626468658447266 0.330078125 -0.08245849609375
0.0204544067382812 -0.0294513702392578 -0.3201904296875 0.068878173828125
0.02880859375 0.00152969360351563 -0.220062255859375 -0.195037841796875
0.0094461441040039 0.00258636474609375 0.1219482421875 -0.446563720703125
-0.013397216796875 0.00610733032226563 0.602294921875 -0.308349609375
-0.025115966796875 0.00537300109863281 0.70068359375 0.4114990234375
-0.00794219970703125 -0.0370521545410156 0.15240478515625 0.8905029296875
0.0260295867919922 -0.0169429779052734 -0.264892578125 0.58148193359375
0.0330657958984375 -0.0124702453613281 0.0414886474609375 0.0403366088867188
0.0267772674560547 -0.0260372161865234 0.25396728515625 -0.5904541015625
0.010986328125 -0.0367164611816406 -0.31005859375 -0.843017578125
-0.0169925689697266 -0.013397216796875 -0.76910400390625 -0.17205810546875
-0.0124921798706055 0.00304603576660156 -0.4471435546875 0.452301025390625
0.0169773101806641 2.86102294921875E-05 -0.006805419921875 0.47723388671875
0.00454425811767578 0.00438451766967773 0.297119140625 0.19671630859375
0.00909519195556641 -0.00813198089599609 0.33056640625 -0.079803466796875
0.01934814453125 -0.0357589721679688 -0.320831298828125 0.069122314453125
0.0280246734619141 -0.00432777404785156 -0.222503662109375 -0.192413330078125
0.0122489929199219 -0.00508499145507813 0.1162109375 -0.44732666015625
-0.00909900665283203 0.00535297393798828 0.59588623046875 -0.3135986328125
-0.0217437744140625 0.00969123840332031 0.70379638671875 0.4024658203125
-0.00701904296875 -0.0383110046386719 0.16412353515625 0.8895263671875
0.0298023223876953 -0.0260009765625 -0.26141357421875 0.5872802734375
0.0409927368164063 -0.0221633911132813 0.0363845825195313 0.0454635620117188
0.0300407409667969 -0.0342617034912109 0.25714111328125 -0.58514404296875
0.0121002197265625 -0.0365447998046875 -0.2984619140625 -0.84893798828125
-0.0124130249023438 -0.0103111267089844 -0.76763916015625 -0.184814453125
-0.00965309143066406 0.00150299072265625 -0.454010009765625 0.4482421875
0.0185565948486328 -0.00730133056640625 -0.012939453125 0.480712890625
0.00356674194335938 -0.00202536582946777 0.29498291015625 0.198883056640625
0.00739288330078125 -0.0128908157348633 0.331756591796875 -0.077789306640625
0.0196266174316406 -0.0407257080078125 -0.319793701171875 0.07012939453125
0.0259323120117188 -0.0105266571044922 -0.229522705078125 -0.1893310546875
0.0151071548461914 -0.0126285552978516 0.10357666015625 -0.447998046875
-0.00410366058349609 0.00473690032958984 0.58453369140625 -0.32794189453125
-0.0166158676147461 0.0157566070556641 0.71246337890625 0.380859375
-0.00555801391601562 -0.0368385314941406 0.19012451171875 0.88140869140625
0.0313949584960938 -0.0317497253417969 -0.25048828125 0.59600830078125
0.0452995300292969 -0.0288009643554687 0.029266357421875 0.052978515625
0.0326347351074219 -0.0387458801269531 0.266845703125 -0.57489013671875
0.0148277282714844 -0.0356559753417969 -0.27691650390625 -0.8609619140625
-0.00689220428466797 -0.00616979598999023 -0.76629638671875 -0.2109375
-0.00570249557495117 -0.00136041641235352 -0.470458984375 0.437469482421875
0.0211696624755859 -0.014984130859375 -0.028533935546875 0.480316162109375
0.00210475921630859 -0.00923061370849609 0.287872314453125 0.203460693359375
0.00617027282714844 -0.0178127288818359 0.33062744140625 -0.074127197265625
0.0159416198730469 -0.0338001251220703 -0.32513427734375 0.08221435546875
0.0293998718261719 0.0015716552734375 -0.262664794921875 -0.187240600585938
0.0102090835571289 0.00497627258300781 0.04034423828125 -0.45758056640625
-0.00553512573242188 0.010951042175293 0.5283203125 -0.40643310546875
-0.0122127532958984 0.0156974792480469 0.72747802734375 0.26251220703125
-0.00774669647216797 -0.0122995376586914 0.27496337890625 0.82318115234375
0.00863456726074219 0.00990104675292969 -0.203125 0.6165771484375
0.00208568572998047 0.0142145156860352 0.02447509765625 0.0771026611328125
0.0143756866455078 0.00866317749023437 0.321807861328125 -0.54876708984375
0.0194835662841797 -0.015625 -0.1695556640625 -0.91387939453125
-0.00664710998535156 -0.0115041732788086 -0.74993896484375 -0.331298828125
-0.00781774520874023 0.00291156768798828 -0.5286865234375 0.363067626953125
0.0154714584350586 0.00515937805175781 -0.082611083984375 0.462432861328125
0.00523614883422852 0.00507831573486328 0.264755249023438 0.207565307617188
0.00448226928710937 -0.0125761032104492 0.326934814453125 -0.076690673828125
0.0149059295654297 -0.0309009552001953 -0.323486328125 0.083160400390625
0.0314846038818359 0.00653457641601563 -0.25213623046875 -0.191421508789062
0.00757503509521484 0.00953960418701172 0.061492919921875 -0.454742431640625
-0.00954627990722656 0.0113687515258789 0.546722412109375 -0.38140869140625
-0.0177516937255859 0.0102024078369141 0.716552734375 0.29931640625
-0.00958251953125 -0.0176067352294922 0.232666015625 0.8414306640625
0.00858211517333984 0.0115184783935547 -0.22314453125 0.60455322265625
0.00304508209228515 0.0156049728393555 0.0308876037597656 0.0659027099609375
0.014918327331543 0.00761127471923828 0.30780029296875 -0.56048583984375
0.0153865814208984 -0.0200290679931641 -0.203369140625 -0.8951416015625
-0.0123300552368164 -0.0164422988891602 -0.7528076171875 -0.28717041015625
-0.0111637115478516 0.0046539306640625 -0.50433349609375 0.38665771484375
0.0124921798706055 0.00873851776123047 -0.059539794921875 0.464752197265625
0.00753116607666016 0.00938129425048828 0.27593994140625 0.199966430664063
0.00483322143554688 -0.00964546203613281 0.327911376953125 -0.0836181640625
0.0179271697998047 -0.0267200469970703 -0.32391357421875 0.0774230957031251
0.0310745239257813 0.00869369506835938 -0.240264892578125 -0.194610595703125
0.00681781768798828 0.0122489929199219 0.083953857421875 -0.455657958984375
-0.0134305953979492 0.010493278503418 0.56793212890625 -0.356201171875
-0.0229301452636719 0.00582695007324219 0.71258544921875 0.341064453125
-0.00975799560546875 -0.0218219757080078 0.204345703125 0.856201171875
0.0111255645751953 0.00841712951660156 -0.2373046875 0.59515380859375
0.00648975372314453 0.0128383636474609 0.037811279296875 0.0548286437988281
0.0168161392211914 0.00177478790283203 0.28729248046875 -0.57232666015625
0.0136165618896484 -0.0248012542724609 -0.245361328125 -0.8795166015625
-0.0169334411621094 -0.0173606872558594 -0.7603759765625 -0.2440185546875
-0.0132160186767578 0.00511455535888672 -0.48345947265625 0.4112548828125
0.0128669738769531 0.0104646682739258 -0.03985595703125 0.46893310546875
0.00674915313720703 0.0121364593505859 0.284149169921875 0.1983642578125
0.00760507583618164 -0.00605154037475586 0.3292236328125 -0.0819091796875
0.0177764892578125 -0.0266780853271484 -0.322723388671875 0.07568359375
0.0307674407958984 0.00868797302246094 -0.229202270507813 -0.195648193359375
0.00599193572998047 0.0113954544067383 0.102813720703125 -0.451385498046875
-0.0158452987670898 0.0092620849609375 0.5850830078125 -0.332275390625
-0.0255050659179688 0.00254440307617187 0.700927734375 0.37744140625
-0.00948524475097656 -0.0283775329589844 0.1702880859375 0.87249755859375
0.014582633972168 0.00232124328613281 -0.25457763671875 0.58538818359375
0.0141849517822266 0.00704765319824219 0.0422325134277344 0.0462570190429688
0.0193367004394531 -0.00593376159667969 0.2725830078125 -0.58203125
0.0109844207763672 -0.0297603607177734 -0.27490234375 -0.8616943359375
-0.0193195343017578 -0.0180931091308594 -0.7623291015625 -0.207275390625
-0.0138912200927734 0.00510978698730469 -0.462890625 0.42987060546875
0.0138998031616211 0.00953102111816406 -0.020721435546875 0.470703125
0.00712013244628906 0.0113601684570313 0.29217529296875 0.194091796875
0.00739240646362305 -0.00593376159667969 0.329833984375 -0.08514404296875
0.0191535949707031 -0.0265121459960938 -0.32025146484375 0.07220458984375
0.0294113159179688 0.00580024719238281 -0.221298217773437 -0.19586181640625
0.00702476501464844 0.00788068771362305 0.116912841796875 -0.449371337890625
-0.0150127410888672 0.00801372528076172 0.59625244140625 -0.31500244140625
-0.0256423950195312 0.00238990783691407 0.69873046875 0.4022216796875
-0.00872802734375 -0.0333290100097656 0.1546630859375 0.88494873046875
0.0204906463623047 -0.00643157958984375 -0.2626953125 0.58001708984375
0.0237350463867187 -0.00221443176269531 0.0435676574707031 0.04046630859375
0.0230903625488281 -0.0161018371582031 0.26007080078125 -0.58917236328125
0.0108451843261719 -0.0337619781494141 -0.29998779296875 -0.84820556640625
-0.0190467834472656 -0.0160617828369141 -0.7672119140625 -0.18133544921875
-0.0135307312011719 0.00467109680175781 -0.449859619140625 0.445709228515625
0.0152416229248047 0.00537872314453125 -0.009033203125 0.474212646484375
0.00610494613647461 0.00851345062255859 0.29638671875 0.193084716796875
0.00882720947265625 -0.00546360015869141 0.329925537109375 -0.08251953125
0.0193099975585937 -0.0300140380859375 -0.31878662109375 0.069793701171875
0.0278701782226562 0.00119972229003906 -0.218154907226563 -0.194412231445313
0.00960922241210938 0.00262546539306641 0.12237548828125 -0.44622802734375
-0.0133962631225586 0.00546932220458984 0.60174560546875 -0.30780029296875
-0.0240020751953125 0.00440025329589843 0.6978759765625 0.4114990234375
-0.007171630859375 -0.0374221801757813 0.15118408203125 0.88934326171875
0.0256576538085938 -0.0163402557373047 -0.2635498046875 0.58038330078125
0.0325832366943359 -0.0120735168457031 0.0410537719726563 0.0408172607421875
0.0264606475830078 -0.0257797241210938 0.2547607421875 -0.58734130859375
0.0105438232421875 -0.0362091064453125 -0.30804443359375 -0.84307861328125
-0.0170860290527344 -0.0136394500732422 -0.76690673828125 -0.17315673828125
-0.0124330520629883 0.00337409973144531 -0.446014404296875 0.45111083984375
0.0168914794921875 -0.000285148620605469 -0.00698852539062504 0.47686767578125
0.00432634353637695 0.00396394729614258 0.296966552734375 0.194091796875
0.00808382034301758 -0.00839900970458984 0.3302001953125 -0.0802001953125
0.0179214477539062 -0.0357017517089844 -0.3197021484375 0.070465087890625
0.0272598266601563 -0.00384712219238281 -0.22064208984375 -0.191757202148438
0.012211799621582 -0.00446033477783203 0.1168212890625 -0.44580078125
-0.00936698913574219 0.00544071197509765 0.59527587890625 -0.31280517578125
-0.0212478637695313 0.00888252258300782 0.7017822265625 0.40277099609375
-0.00590896606445313 -0.0389213562011719 0.16278076171875 0.88873291015625
0.0292301177978516 -0.0253143310546875 -0.2608642578125 0.58392333984375
0.0401039123535156 -0.0213890075683594 0.0363960266113281 0.04498291015625
0.0293445587158203 -0.0332927703857422 0.256103515625 -0.58221435546875
0.0123519897460938 -0.0371856689453125 -0.2977294921875 -0.848388671875
-0.0126161575317383 -0.00961589813232422 -0.7655029296875 -0.1849365234375
-0.00926589965820313 0.00126266479492188 -0.452423095703125 0.447052001953125
0.0186576843261719 -0.00821495056152344 -0.013275146484375 0.47869873046875
0.003387451171875 -0.00245857238769531 0.29400634765625 0.19805908203125
0.00623893737792969 -0.0130958557128906 0.33087158203125 -0.07818603515625
0.0177421569824219 -0.0406761169433594 -0.31890869140625 0.0712280273437499
0.0255680084228516 -0.0106830596923828 -0.228164672851562 -0.188873291015625
0.0151376724243164 -0.012120246887207 0.103851318359375 -0.44622802734375
-0.00473928451538086 0.00461053848266602 0.58306884765625 -0.32794189453125
-0.0159893035888672 0.014704704284668 0.71295166015625 0.3790283203125
-0.00499725341796875 -0.0371475219726563 0.190673828125 0.8812255859375
0.0304927825927734 -0.0316562652587891 -0.2513427734375 0.59307861328125
0.044403076171875 -0.028411865234375 0.0291290283203125 0.0526695251464844
0.0319442749023437 -0.0383567810058594 0.26531982421875 -0.5731201171875
0.0149269104003906 -0.035797119140625 -0.27545166015625 -0.86004638671875
-0.00686550140380859 -0.00633096694946289 -0.76397705078125 -0.21319580078125
-0.00589513778686523 -0.00136137008666992 -0.47015380859375 0.43505859375
0.0213699340820313 -0.016021728515625 -0.02825927734375 0.48046875
0.00193214416503906 -0.00997543334960938 0.287750244140625 0.202423095703125
0.00561714172363281 -0.0178718566894531 0.329803466796875 -0.07421875
0.0148658752441406 -0.0339431762695312 -0.32470703125 0.0831298828125
0.0295219421386719 0.00120162963867188 -0.261474609375 -0.18670654296875
0.00965023040771484 0.00470447540283203 0.041473388671875 -0.4580078125
-0.00557136535644531 0.0105552673339844 0.52703857421875 -0.406707763671875
-0.0119333267211914 0.0145692825317383 0.72735595703125 0.26171875
-0.00721549987792969 -0.0127191543579102 0.27362060546875 0.826171875
0.00794410705566406 0.0104436874389648 -0.20416259765625 0.616455078125
0.00102615356445312 0.0151052474975586 0.0242080688476562 0.0765380859375
0.0138607025146484 0.00869178771972656 0.3236083984375 -0.546600341796875
0.0187625885009766 -0.0152778625488281 -0.16912841796875 -0.91534423828125
-0.00648307800292969 -0.0116186141967773 -0.7489013671875 -0.334228515625
-0.00803661346435547 0.00291013717651367 -0.527252197265625 0.361724853515625
0.0149431228637695 0.00427913665771484 -0.083099365234375 0.463470458984375
0.00515365600585938 0.00453090667724609 0.263839721679688 0.207046508789063
0.00442028045654297 -0.0129871368408203 0.3272705078125 -0.076995849609375
0.0137233734130859 -0.0305194854736328 -0.323760986328125 0.083740234375
0.0318355560302734 0.00508308410644531 -0.251434326171875 -0.190170288085937
0.00712776184082031 0.00959396362304688 0.061431884765625 -0.45477294921875
-0.0101385116577148 0.0110282897949219 0.546630859375 -0.381561279296875
-0.0170774459838867 0.00945472717285156 0.715087890625 0.302001953125
-0.00876617431640625 -0.0178337097167969 0.23175048828125 0.84130859375
0.00836849212646484 0.011652946472168 -0.22430419921875 0.6046142578125
0.00227069854736328 0.0160770416259766 0.0317230224609375 0.0655097961425781
0.0150012969970703 0.00801849365234375 0.3096923828125 -0.561492919921875
0.0158576965332031 -0.0198421478271484 -0.20367431640625 -0.89678955078125
-0.0120410919189453 -0.0159473419189453 -0.75250244140625 -0.28936767578125
-0.0111045837402344 0.00445365905761719 -0.504608154296875 0.3841552734375
0.0130300521850586 0.00806045532226562 -0.060699462890625 0.46368408203125
0.00679254531860352 0.00856161117553711 0.275192260742188 0.200271606445313
0.00383281707763672 -0.00990581512451172 0.327239990234375 -0.083465576171875
0.0162334442138672 -0.0263004302978516 -0.323089599609375 0.0783081054687501
0.0308094024658203 0.00802421569824219 -0.239303588867188 -0.193832397460938
0.00708293914794922 0.0123481750488281 0.084197998046875 -0.455657958984375
-0.0141429901123047 0.00996875762939453 0.569091796875 -0.35687255859375
-0.0218677520751953 0.00527191162109374 0.711669921875 0.340576171875
-0.00934219360351563 -0.0220623016357422 0.20172119140625 0.8594970703125
0.0105762481689453 0.00854301452636719 -0.23876953125 0.59515380859375
0.00652980804443359 0.0133428573608398 0.0372848510742188 0.0548858642578125
0.0165462493896484 0.00227928161621094 0.29034423828125 -0.572021484375
0.0137615203857422 -0.0246562957763672 -0.2445068359375 -0.87939453125
-0.0159330368041992 -0.0174016952514648 -0.76043701171875 -0.24688720703125
-0.0136289596557617 0.00507354736328125 -0.484222412109375 0.4093017578125
0.0132999420166016 0.00978946685791016 -0.04052734375 0.467987060546875
0.00694847106933594 0.0114946365356445 0.283538818359375 0.196868896484375
0.00654220581054688 -0.00663137435913086 0.328948974609375 -0.081878662109375
0.0164127349853516 -0.0263862609863281 -0.322235107421875 0.0756225585937499
0.0303688049316406 0.0084075927734375 -0.22869873046875 -0.195388793945312
0.00586414337158203 0.0116214752197266 0.1043701171875 -0.4495849609375
-0.0158929824829102 0.00882720947265625 0.585205078125 -0.33135986328125
-0.0247611999511719 0.00212860107421875 0.70172119140625 0.37677001953125
-0.00895881652832031 -0.0282382965087891 0.16845703125 0.87451171875
0.0146303176879883 0.00238895416259766 -0.25579833984375 0.5838623046875
0.0135288238525391 0.00726890563964844 0.0415306091308594 0.0457916259765625
0.0191879272460938 -0.00573539733886719 0.27490234375 -0.58203125
0.0114727020263672 -0.0296535491943359 -0.274658203125 -0.86199951171875
-0.0187950134277344 -0.0176849365234375 -0.7620849609375 -0.209228515625
-0.0147342681884766 0.00545692443847657 -0.46258544921875 0.428985595703125
0.0136804580688477 0.00923919677734375 -0.021728515625 0.471099853515625
0.00700283050537109 0.0116119384765625 0.29156494140625 0.1934814453125
0.00744295120239258 -0.00575590133666992 0.3302001953125 -0.084869384765625
0.0180034637451172 -0.0268287658691406 -0.31939697265625 0.072296142578125
0.0285282135009766 0.005218505859375 -0.219757080078125 -0.195236206054687
0.00722551345825195 0.0084681510925293 0.118743896484375 -0.44879150390625
-0.0157794952392578 0.00717830657958985 0.59674072265625 -0.3148193359375
-0.0257301330566406 0.00178337097167969 0.69757080078125 0.4027099609375
-0.00817298889160156 -0.0333843231201172 0.15277099609375 0.88714599609375
0.0200538635253906 -0.00626182556152344 -0.26324462890625 0.579833984375
0.0224685668945312 -0.0015106201171875 0.0429954528808594 0.0405502319335938
0.0226669311523437 -0.0156192779541016 0.260009765625 -0.58892822265625
0.0103416442871094 -0.0337772369384766 -0.3004150390625 -0.84912109375
-0.0191688537597656 -0.0163211822509766 -0.76654052734375 -0.18408203125
-0.0141372680664062 0.00427436828613282 -0.449615478515625 0.44427490234375
0.0151910781860352 0.00481510162353516 -0.00918579101562498 0.4737548828125
0.00601100921630859 0.0083770751953125 0.295623779296875 0.192718505859375
0.00830936431884766 -0.00650644302368164 0.33013916015625 -0.082672119140625
0.0180892944335938 -0.029571533203125 -0.318450927734375 0.070831298828125
0.0270633697509766 0.000783920288085938 -0.217025756835938 -0.193954467773438
0.00940704345703125 0.00307273864746094 0.122406005859375 -0.446441650390625
-0.0141000747680664 0.00586605072021484 0.60052490234375 -0.30853271484375
-0.0239906311035156 0.0037841796875 0.69818115234375 0.411376953125
-0.00683975219726562 -0.0374717712402344 0.1500244140625 0.89068603515625
0.0248584747314453 -0.0159759521484375 -0.265869140625 0.57904052734375
0.0318145751953125 -0.0111103057861328 0.0414695739746094 0.0404205322265625
0.02606201171875 -0.0253524780273438 0.2559814453125 -0.58660888671875
0.0106048583984375 -0.0358963012695313 -0.30596923828125 -0.8436279296875
-0.0167531967163086 -0.0134563446044922 -0.76593017578125 -0.176513671875
-0.0124244689941406 0.00325298309326172 -0.446624755859375 0.4493408203125
0.0167131423950195 -0.00113201141357422 -0.007110595703125 0.4764404296875
0.00433659553527832 0.00331449508666992 0.29669189453125 0.19384765625
0.00733041763305664 -0.00816869735717773 0.329742431640625 -0.080596923828125
0.0169525146484375 -0.0350437164306641 -0.318695068359375 0.07073974609375
0.0271091461181641 -0.00506782531738281 -0.219802856445313 -0.191207885742188
0.0122137069702148 -0.00451946258544922 0.11822509765625 -0.446075439453125
-0.00961208343505859 0.00523757934570313 0.59539794921875 -0.3134765625
-0.0211067199707031 0.00861167907714843 0.7020263671875 0.40155029296875
-0.00578689575195312 -0.0392646789550781 0.16107177734375 0.8896484375
0.0292034149169922 -0.0254974365234375 -0.26190185546875 0.584228515625
0.0395240783691406 -0.0203056335449219 0.0360908508300781 0.0447959899902344
0.0299949645996094 -0.033477783203125 0.2586669921875 -0.58123779296875
0.0119209289550781 -0.0370140075683594 -0.29559326171875 -0.84832763671875
-0.0122127532958984 -0.00969791412353516 -0.7666015625 -0.18743896484375
-0.00983905792236328 0.00127792358398438 -0.453277587890625 0.44598388671875
0.0186004638671875 -0.00863838195800781 -0.013214111328125 0.478424072265625
0.00292396545410156 -0.00292634963989258 0.294342041015625 0.197357177734375
0.00657463073730469 -0.0126428604125977 0.330322265625 -0.07843017578125
0.0162162780761719 -0.0407524108886719 -0.318939208984375 0.07159423828125
0.0251083374023437 -0.0117053985595703 -0.226409912109375 -0.188064575195313
0.0142536163330078 -0.0118522644042969 0.105682373046875 -0.445098876953125
-0.00492477416992187 0.00499391555786133 0.58355712890625 -0.32830810546875
-0.0162353515625 0.0143470764160156 0.711181640625 0.3802490234375
-0.00442123413085937 -0.0374641418457031 0.18756103515625 0.88165283203125
0.0307350158691406 -0.0319652557373047 -0.251953125 0.5928955078125
0.0438117980957031 -0.0273590087890625 0.0289955139160156 0.0522804260253906
0.0320854187011719 -0.0385513305664063 0.2667236328125 -0.572021484375
0.015167236328125 -0.0358924865722656 -0.27374267578125 -0.86199951171875
-0.00628805160522461 -0.00629138946533203 -0.76385498046875 -0.21337890625
-0.00609731674194336 -0.000883102416992188 -0.46868896484375 0.43402099609375
0.0213222503662109 -0.0160427093505859 -0.029296875 0.47869873046875
0.00152206420898438 -0.00981235504150391 0.287017822265625 0.20166015625
0.00488471984863281 -0.0179710388183594 0.32928466796875 -0.074462890625
0.0128974914550781 -0.0334949493408203 -0.324920654296875 0.0840759277343749
0.0284423828125 -8.20159912109375E-05 -0.261337280273438 -0.186019897460938
0.00949192047119141 0.00482559204101563 0.041534423828125 -0.457916259765625
-0.00582504272460938 0.0107583999633789 0.527374267578125 -0.407745361328125
-0.0118551254272461 0.0139846801757813 0.7271728515625 0.26397705078125
-0.00636577606201172 -0.0132341384887695 0.2733154296875 0.82562255859375
0.00800132751464844 0.0107784271240234 -0.2039794921875 0.616455078125
0.000514984130859375 0.0152444839477539 0.0241470336914063 0.076568603515625
0.0143222808837891 0.00902271270751953 0.325897216796875 -0.54620361328125
0.0197639465332031 -0.0148830413818359 -0.16729736328125 -0.916748046875
-0.00712680816650391 -0.0116052627563477 -0.74908447265625 -0.33538818359375
-0.00769662857055664 0.00365591049194336 -0.52850341796875 0.3604736328125
0.014805793762207 0.00344371795654297 -0.0833740234375 0.462249755859375
0.00549554824829102 0.00396156311035156 0.263824462890625 0.205276489257813
0.00391578674316406 -0.013300895690918 0.32769775390625 -0.0780029296875
0.0121612548828125 -0.030029296875 -0.32373046875 0.085174560546875
0.0311489105224609 0.00438880920410156 -0.249954223632812 -0.189682006835938
0.00742721557617188 0.0102357864379883 0.06201171875 -0.454437255859375
-0.0102682113647461 0.0114879608154297 0.5474853515625 -0.382110595703125
-0.0173397064208984 0.00864982604980469 0.71636962890625 0.3023681640625
-0.008636474609375 -0.01763916015625 0.23126220703125 0.84307861328125
0.00798606872558594 0.0119638442993164 -0.2237548828125 0.6048583984375
0.00116062164306641 0.0168485641479492 0.0313224792480469 0.0660247802734375
0.0140724182128906 0.00804996490478516 0.311431884765625 -0.558319091796875
0.015899658203125 -0.0198307037353516 -0.20257568359375 -0.89813232421875
-0.0125017166137695 -0.0158882141113281 -0.75408935546875 -0.29052734375
-0.0109958648681641 0.00424289703369141 -0.504913330078125 0.383056640625
0.0125102996826172 0.00838184356689453 -0.05975341796875 0.463348388671875
0.00692844390869141 0.00810861587524414 0.275283813476563 0.19921875
0.00337982177734375 -0.00947666168212891 0.3270263671875 -0.084014892578125
0.0154781341552734 -0.0259571075439453 -0.3232421875 0.0794372558593749
0.0307483673095703 0.007354736328125 -0.238601684570313 -0.193130493164063
0.00667285919189453 0.0123395919799805 0.08526611328125 -0.456329345703125
-0.0141439437866211 0.00976085662841797 0.569580078125 -0.357421875
-0.0218791961669922 0.00418663024902344 0.71270751953125 0.34295654296875
-0.008880615234375 -0.0226364135742188 0.2021484375 0.862060546875
0.0108184814453125 0.00867271423339844 -0.23846435546875 0.5953369140625
0.00527095794677734 0.0138349533081055 0.037384033203125 0.0548896789550781
0.0157136917114258 0.00256824493408203 0.29132080078125 -0.5721435546875
0.01336669921875 -0.0246753692626953 -0.24603271484375 -0.8809814453125
-0.0163183212280273 -0.0175132751464844 -0.761962890625 -0.248291015625
-0.0133399963378906 0.004852294921875 -0.4854736328125 0.40948486328125
0.0127973556518555 0.00876331329345703 -0.040313720703125 0.467010498046875
0.00657272338867188 0.0115566253662109 0.28424072265625 0.19647216796875
0.00598955154418945 -0.00640439987182617 0.329559326171875 -0.08270263671875
0.0154151916503906 -0.0262241363525391 -0.321868896484375 0.077850341796875
0.0306072235107422 0.00693321228027344 -0.227569580078125 -0.195266723632813
0.00638294219970703 0.0121059417724609 0.106292724609375 -0.450927734375
-0.0165023803710938 0.00885868072509765 0.58551025390625 -0.33306884765625
-0.0244712829589844 0.00156974792480468 0.70098876953125 0.3782958984375
-0.00814437866210938 -0.0286235809326172 0.16937255859375 0.87652587890625
0.0137395858764648 0.00291061401367188 -0.25579833984375 0.58465576171875
0.0125999450683594 0.007965087890625 0.0420036315917969 0.0451736450195313
0.0186061859130859 -0.00507354736328125 0.27630615234375 -0.58099365234375
0.0115127563476563 -0.0294723510742188 -0.27294921875 -0.86328125
-0.0191688537597656 -0.0177288055419922 -0.76324462890625 -0.2115478515625
-0.0141410827636719 0.00508880615234375 -0.464202880859375 0.42864990234375
0.0135774612426758 0.00786685943603516 -0.022003173828125 0.47003173828125
0.00692844390869141 0.0115079879760742 0.292205810546875 0.19244384765625
0.00636148452758789 -0.00574350357055664 0.329315185546875 -0.086090087890625
0.0168666839599609 -0.0268535614013672 -0.31951904296875 0.07342529296875
0.0285758972167969 0.00502586364746094 -0.219146728515625 -0.194778442382812
0.00743293762207031 0.00947952270507813 0.1190185546875 -0.449188232421875
-0.0159988403320313 0.00709247589111328 0.597900390625 -0.31610107421875
-0.0252780914306641 0.0016021728515625 0.6981201171875 0.403076171875
-0.00713157653808594 -0.03387451171875 0.15325927734375 0.8885498046875
0.01934814453125 -0.00597572326660156 -0.26361083984375 0.5794677734375
0.0216712951660156 -0.000804901123046875 0.0435333251953125 0.0404930114746094
0.0223789215087891 -0.0154380798339844 0.26300048828125 -0.58807373046875
0.0102500915527344 -0.0331783294677734 -0.29962158203125 -0.8486328125
-0.0188865661621094 -0.0163860321044922 -0.7664794921875 -0.1844482421875
-0.0139999389648438 0.00411415100097656 -0.45098876953125 0.44378662109375
0.0150575637817383 0.00409507751464844 -0.00927734374999997 0.473907470703125
0.00598287582397461 0.00864219665527344 0.2962646484375 0.191925048828125
0.00707721710205078 -0.00571489334106445 0.3297119140625 -0.083282470703125
0.0167484283447266 -0.0296249389648437 -0.319061279296875 0.0716247558593751
0.0271568298339844 0.00100135803222656 -0.216400146484375 -0.193450927734375
0.00920200347900391 0.00270271301269531 0.1231689453125 -0.446075439453125
-0.0134916305541992 0.00540924072265625 0.60089111328125 -0.30853271484375
-0.0241851806640625 0.00321388244628906 0.6982421875 0.41412353515625
-0.00577545166015625 -0.0378761291503906 0.15032958984375 0.8919677734375
0.0245761871337891 -0.0154457092285156 -0.26605224609375 0.580322265625
0.0311107635498047 -0.0106239318847656 0.0413970947265625 0.0404167175292969
0.0255603790283203 -0.0253009796142578 0.25775146484375 -0.5859375
0.0107307434082031 -0.0363922119140625 -0.3046875 -0.8441162109375
-0.0166540145874023 -0.0133543014526367 -0.7679443359375 -0.17742919921875
-0.0125570297241211 0.00298213958740235 -0.4462890625 0.448577880859375
0.0167007446289063 -0.00212764739990234 -0.00756835937499995 0.476593017578125
0.00413894653320313 0.00298404693603516 0.29656982421875 0.193450927734375
0.00754404067993164 -0.00808191299438477 0.330230712890625 -0.081146240234375
0.0156517028808594 -0.0349845886230469 -0.3187255859375 0.0726318359375
0.0269870758056641 -0.00557899475097656 -0.21923828125 -0.191375732421875
0.0120363235473633 -0.00422954559326172 0.118072509765625 -0.44573974609375
-0.0102987289428711 0.00553131103515625 0.594970703125 -0.31427001953125
-0.0207443237304688 0.00760269165039063 0.70172119140625 0.4027099609375
-0.00492095947265625 -0.0395164489746094 0.16265869140625 0.891845703125
0.0286998748779297 -0.0246028900146484 -0.2630615234375 0.583251953125
0.0387115478515625 -0.0198097229003906 0.0359840393066406 0.0441665649414063
0.0286235809326172 -0.0332660675048828 0.26055908203125 -0.58038330078125
0.0127372741699219 -0.0372886657714844 -0.2957763671875 -0.84869384765625
-0.0125627517700195 -0.0103788375854492 -0.76580810546875 -0.1890869140625
-0.0099945068359375 0.00157737731933594 -0.45379638671875 0.44561767578125
0.0181159973144531 -0.00940132141113281 -0.012908935546875 0.479217529296875
0.00328612327575684 -0.00320076942443848 0.29388427734375 0.19573974609375
0.00601387023925781 -0.0127353668212891 0.330780029296875 -0.078216552734375
0.0153121948242188 -0.0404701232910156 -0.31915283203125 0.0724487304687501
0.0245685577392578 -0.0118370056152344 -0.225555419921875 -0.18682861328125
0.0150651931762695 -0.0118198394775391 0.10516357421875 -0.446044921875
-0.00477409362792969 0.0048832893371582 0.58282470703125 -0.32830810546875
-0.0156898498535156 0.0131111145019531 0.71209716796875 0.380859375
-0.00397872924804688 -0.0384292602539063 0.18701171875 0.88409423828125
0.0302009582519531 -0.0312423706054687 -0.2523193359375 0.59332275390625
0.0431480407714844 -0.0267753601074219 0.0290908813476563 0.0520744323730469
0.0315208435058594 -0.0382041931152344 0.26861572265625 -0.57098388671875
0.0154800415039062 -0.0363388061523438 -0.27490234375 -0.86065673828125
-0.0066227912902832 -0.00609636306762695 -0.76629638671875 -0.21533203125
-0.00594472885131836 -0.00155305862426758 -0.469696044921875 0.431640625
0.0206069946289063 -0.0170440673828125 -0.028839111328125 0.4798583984375
0.00118160247802734 -0.00990772247314453 0.2864990234375 0.2008056640625
0.00444602966308594 -0.0180568695068359 0.329376220703125 -0.0748291015625
0.0121898651123047 -0.0337505340576172 -0.324859619140625 0.086273193359375
0.028411865234375 -0.000329971313476563 -0.261459350585938 -0.185928344726563
0.00989437103271484 0.00561332702636719 0.0433349609375 -0.45916748046875
-0.00597476959228515 0.0111446380615234 0.52984619140625 -0.409576416015625
-0.0116767883300781 0.0133304595947266 0.7293701171875 0.26593017578125
-0.00620937347412109 -0.0137596130371094 0.27227783203125 0.83148193359375
0.00811672210693359 0.0111989974975586 -0.2052001953125 0.61822509765625
-0.000208854675292968 0.0161533355712891 0.023468017578125 0.0767364501953125
0.0135498046875 0.00905513763427734 0.325164794921875 -0.5460205078125
0.0186824798583984 -0.0153369903564453 -0.1673583984375 -0.91925048828125
-0.00666046142578125 -0.0113000869750977 -0.75115966796875 -0.33795166015625
-0.00838899612426758 0.00319766998291015 -0.529998779296875 0.361724853515625
0.0140676498413086 0.00251674652099609 -0.08294677734375 0.46246337890625
0.00514411926269531 0.00357294082641602 0.263763427734375 0.2049560546875
0.00311279296875 -0.0123805999755859 0.327850341796875 -0.078125
0.0111713409423828 -0.0300464630126953 -0.32391357421875 0.086212158203125
0.0312576293945313 0.00420951843261719 -0.250106811523438 -0.188522338867188
0.00781154632568359 0.0108003616333008 0.062652587890625 -0.454803466796875
-0.0102033615112305 0.0115108489990234 0.54864501953125 -0.384613037109375
-0.0172882080078125 0.00771331787109375 0.71881103515625 0.303466796875
-0.00842094421386719 -0.0181961059570312 0.2313232421875 0.84820556640625
0.00760746002197266 0.0123081207275391 -0.22509765625 0.60491943359375
0.000514984130859374 0.0173273086547852 0.031280517578125 0.0656318664550781
0.0137481689453125 0.00764846801757813 0.3126220703125 -0.559906005859375
0.0163249969482422 -0.0204849243164063 -0.2017822265625 -0.9002685546875
-0.0124044418334961 -0.0160903930664063 -0.75457763671875 -0.29412841796875
-0.0109338760375977 0.00403499603271484 -0.507568359375 0.385345458984375
0.0126352310180664 0.00635623931884766 -0.060882568359375 0.46466064453125
0.00653076171875 0.00868797302246094 0.275848388671875 0.198684692382812
0.00235080718994141 -0.00979042053222656 0.328216552734375 -0.085540771484375
0.013916015625 -0.0258216857910156 -0.3228759765625 0.080078125
0.0297164916992188 0.00699234008789063 -0.23858642578125 -0.193634033203125
0.00678730010986328 0.0131893157958984 0.08551025390625 -0.456024169921875
-0.0148534774780273 0.0105905532836914 0.57080078125 -0.3594970703125
-0.0216026306152344 0.00420188903808594 0.7132568359375 0.34332275390625
-0.00841140747070313 -0.0233860015869141 0.2025146484375 0.865966796875
0.0101089477539063 0.00907707214355469 -0.24029541015625 0.59503173828125
0.00488853454589844 0.0151615142822266 0.0377769470214844 0.0545692443847656
0.0161075592041016 0.00309371948242187 0.29425048828125 -0.57171630859375
0.0139598846435547 -0.0256328582763672 -0.24383544921875 -0.88421630859375
-0.0161104202270508 -0.0175571441650391 -0.76416015625 -0.249755859375
-0.014068603515625 0.00506210327148438 -0.486724853515625 0.409698486328125
0.0128622055053711 0.00891494750976563 -0.040130615234375 0.4691162109375
0.00626277923583984 0.0111465454101563 0.283935546875 0.196258544921875
0.00585079193115234 -0.00680971145629883 0.329925537109375 -0.08392333984375
0.0136852264404297 -0.0260486602783203 -0.322509765625 0.078826904296875
0.0302352905273438 0.00672531127929688 -0.227523803710938 -0.195175170898437
0.00628948211669922 0.0122051239013672 0.106201171875 -0.45269775390625
-0.0166530609130859 0.00939559936523438 0.58740234375 -0.33392333984375
-0.0246200561523438 0.000558853149414062 0.703125 0.37969970703125
-0.00760650634765625 -0.0293045043945312 0.1689453125 0.88055419921875
0.0137405395507812 0.00343799591064453 -0.25811767578125 0.58648681640625
0.011927604675293 0.00881290435791016 0.0415840148925781 0.045684814453125
0.0182571411132813 -0.00544166564941406 0.2779541015625 -0.5814208984375
0.0120353698730469 -0.0298328399658203 -0.27362060546875 -0.86712646484375
-0.0192852020263672 -0.0183601379394531 -0.7652587890625 -0.21282958984375
-0.0147123336791992 0.00514507293701172 -0.46490478515625 0.429656982421875
0.0132551193237305 0.00772571563720703 -0.02178955078125 0.472076416015625
0.00661087036132813 0.0105504989624023 0.29248046875 0.1920166015625
0.00560712814331055 -0.00606346130371094 0.330963134765625 -0.086669921875
0.0151710510253906 -0.0268688201904297 -0.32073974609375 0.07403564453125
0.0281906127929688 0.00382423400878906 -0.219863891601563 -0.195053100585938
0.00745391845703125 0.00867605209350586 0.1190185546875 -0.450225830078125
-0.0169572830200195 0.00719547271728516 0.59844970703125 -0.31573486328125
-0.0248985290527344 0.000623703002929688 0.700439453125 0.40411376953125
-0.00674247741699219 -0.0346736907958984 0.15203857421875 0.89190673828125
0.0193557739257812 -0.00556182861328125 -0.2637939453125 0.58062744140625
0.0214748382568359 0.000337600708007813 0.0440101623535156 0.0405349731445313
0.0224571228027344 -0.0154266357421875 0.26348876953125 -0.587158203125
0.0103054046630859 -0.0339298248291016 -0.2987060546875 -0.85137939453125
-0.0192317962646484 -0.0165729522705078 -0.76959228515625 -0.18798828125
-0.0139980316162109 0.00453376770019531 -0.451446533203125 0.445465087890625
0.0148344039916992 0.00384140014648438 -0.00915527343749995 0.475677490234375
0.00532102584838867 0.00791120529174805 0.295989990234375 0.191558837890625
0.00686883926391602 -0.00600385665893555 0.330841064453125 -0.084075927734375
0.0157279968261719 -0.0294456481933594 -0.319122314453125 0.0731201171874999
0.0270347595214844 -0.000171661376953125 -0.215713500976563 -0.194122314453125
0.00916194915771484 0.003753662109375 0.12457275390625 -0.447723388671875
-0.0144786834716797 0.00579833984375 0.60162353515625 -0.31005859375
-0.0235748291015625 0.00255393981933593 0.7001953125 0.414794921875
-0.00582504272460937 -0.0383377075195313 0.149658203125 0.8963623046875
0.0245494842529297 -0.0155296325683594 -0.26763916015625 0.580322265625
0.0304393768310547 -0.00996017456054688 0.041168212890625 0.0398902893066406
0.0255622863769531 -0.0245819091796875 0.2579345703125 -0.58831787109375
0.0109291076660156 -0.0362510681152344 -0.305908203125 -0.84686279296875
-0.0168275833129883 -0.013178825378418 -0.768798828125 -0.1798095703125
-0.0125741958618164 0.00282382965087891 -0.44805908203125 0.44989013671875
0.0166053771972656 -0.00251102447509766 -0.00793457031249997 0.4776611328125
0.00383377075195313 0.00269293785095215 0.2974853515625 0.192718505859375
0.0063018798828125 -0.00812435150146484 0.331787109375 -0.081146240234375
0.0148105621337891 -0.0347995758056641 -0.319183349609375 0.07342529296875
0.0260772705078125 -0.00603485107421875 -0.218612670898437 -0.191543579101563
0.0123405456542969 -0.0041961669921875 0.119049072265625 -0.447509765625
-0.0107631683349609 0.005279541015625 0.5972900390625 -0.315673828125
-0.0202140808105469 0.00648307800292969 0.70361328125 0.40374755859375
-0.0044708251953125 -0.0405731201171875 0.160400390625 0.8956298828125
0.02850341796875 -0.0242462158203125 -0.26361083984375 0.5843505859375
0.0379409790039063 -0.0192604064941406 0.03558349609375 0.0445976257324219
0.0293388366699219 -0.0332965850830078 0.26202392578125 -0.58026123046875
0.01287841796875 -0.037811279296875 -0.29510498046875 -0.85101318359375
-0.0113849639892578 -0.0100307464599609 -0.76922607421875 -0.18975830078125
-0.00946426391601563 0.00111579895019531 -0.455841064453125 0.446685791015625
0.0179557800292969 -0.00969505310058594 -0.013427734375 0.480621337890625
0.00292754173278809 -0.00383734703063965 0.2947998046875 0.195953369140625
0.00457572937011719 -0.0127353668212891 0.3316650390625 -0.0794677734375
0.0146026611328125 -0.0397758483886719 -0.319091796875 0.0733337402343749
0.0245990753173828 -0.0129642486572266 -0.225006103515625 -0.188201904296875
0.0153722763061523 -0.0119218826293945 0.106170654296875 -0.447265625
-0.00565004348754883 0.00489616394042969 0.58551025390625 -0.32904052734375
-0.0154237747192383 0.0129222869873047 0.7139892578125 0.382568359375
-0.00331878662109375 -0.0395126342773438 0.18719482421875 0.8880615234375
0.0303173065185547 -0.0306777954101563 -0.25286865234375 0.59283447265625
0.0427932739257812 -0.026031494140625 0.0283241271972656 0.05169677734375
0.03167724609375 -0.0383872985839844 0.27056884765625 -0.5721435546875
0.0151710510253906 -0.0360908508300781 -0.2733154296875 -0.86328125
-0.00585365295410156 -0.00670671463012695 -0.76629638671875 -0.2188720703125
-0.00586938858032227 -0.000976085662841797 -0.472198486328125 0.432830810546875
0.0213565826416016 -0.0173816680908203 -0.02886962890625 0.48138427734375
0.00163173675537109 -0.0104227066040039 0.28741455078125 0.200958251953125
0.00431442260742188 -0.018157958984375 0.33111572265625 -0.075469970703125
0.0103321075439453 -0.0331478118896484 -0.325714111328125 0.086578369140625
0.0281028747558594 -0.000944137573242188 -0.26141357421875 -0.185104370117188
0.0102748870849609 0.00528526306152344 0.043609619140625 -0.4598388671875
-0.00610256195068359 0.0108709335327148 0.5311279296875 -0.41217041015625
-0.0110797882080078 0.0125627517700195 0.73309326171875 0.26629638671875
-0.00532627105712891 -0.01446533203125 0.2747802734375 0.83514404296875
0.0072784423828125 0.0118465423583984 -0.20684814453125 0.62115478515625
-0.000986099243164064 0.0170822143554688 0.0241546630859375 0.0769882202148438
0.0132627487182617 0.0096282958984375 0.328765869140625 -0.547637939453125
0.0191020965576172 -0.01605224609375 -0.16943359375 -0.922119140625
-0.00661087036132813 -0.0113019943237305 -0.7548828125 -0.340576171875
-0.00789117813110351 0.00345325469970703 -0.532379150390625 0.362152099609375
0.0139598846435547 0.00153064727783203 -0.083221435546875 0.4642333984375
0.00469350814819336 0.00319910049438477 0.264999389648438 0.20465087890625
0.00231456756591797 -0.0125160217285156 0.328887939453125 -0.079437255859375
0.00986671447753906 -0.0299930572509766 -0.324462890625 0.0867614746093749
0.0309562683105469 0.00328254699707031 -0.251129150390625 -0.189285278320313
0.00775146484375 0.0108461380004883 0.063873291015625 -0.457244873046875
-0.0110244750976562 0.0115079879760742 0.549285888671875 -0.38702392578125
-0.0173006057739258 0.00732040405273437 0.722412109375 0.30419921875
-0.00737190246582031 -0.0187854766845703 0.23260498046875 0.85101318359375
0.00678443908691406 0.0129842758178711 -0.22613525390625 0.608154296875
-7.43865966796884E-05 0.0184307098388672 0.0310554504394531 0.0659141540527344
0.0132417678833008 0.00843143463134766 0.31475830078125 -0.56134033203125
0.0162811279296875 -0.0205936431884766 -0.205078125 -0.9046630859375
-0.0123567581176758 -0.0164051055908203 -0.7584228515625 -0.29583740234375
-0.0114955902099609 0.00421428680419922 -0.50830078125 0.3853759765625
0.0119838714599609 0.00641345977783203 -0.0610961914062501 0.466949462890625
0.0062403678894043 0.00777769088745117 0.276840209960938 0.198089599609375
0.00172328948974609 -0.0089263916015625 0.3292236328125 -0.08636474609375
0.0127677917480469 -0.0264015197753906 -0.325286865234375 0.081268310546875
0.0297603607177734 0.00621604919433594 -0.238540649414063 -0.192794799804687
0.00708293914794922 0.0130472183227539 0.085693359375 -0.4588623046875
-0.0151567459106445 0.0105218887329102 0.57196044921875 -0.36224365234375
-0.0208396911621094 0.00335121154785157 0.71746826171875 0.34442138671875
-0.0084991455078125 -0.0232715606689453 0.2037353515625 0.87109375
0.00961112976074219 0.00993824005126953 -0.24066162109375 0.59869384765625
0.00391292572021484 0.0159015655517578 0.0379409790039063 0.0543899536132813
0.0159358978271484 0.00286865234375 0.29461669921875 -0.5738525390625
0.0134792327880859 -0.0252876281738281 -0.24542236328125 -0.8873291015625
-0.0168905258178711 -0.0171833038330078 -0.76495361328125 -0.250732421875
-0.0140113830566406 0.00527858734130859 -0.48773193359375 0.409942626953125
0.0119409561157227 0.008087158203125 -0.039459228515625 0.47137451171875
0.00626850128173828 0.010711669921875 0.28570556640625 0.195953369140625
0.00487804412841797 -0.00596761703491211 0.331085205078125 -0.085205078125
0.0129146575927734 -0.0258235931396484 -0.323638916015625 0.0795288085937501
0.0296592712402344 0.00591850280761719 -0.227340698242188 -0.195236206054687
0.00600337982177734 0.0124740600585938 0.105010986328125 -0.454132080078125
-0.0170450210571289 0.00908184051513672 0.5887451171875 -0.33636474609375
-0.0240364074707031 -0.00053596496582031 0.706787109375 0.38153076171875
-0.00774383544921875 -0.0297145843505859 0.1702880859375 0.88568115234375
0.0138006210327148 0.00377655029296875 -0.25799560546875 0.589111328125
0.0114822387695313 0.0100011825561523 0.04205322265625 0.0460395812988281
0.0184993743896484 -0.00510787963867188 0.2796630859375 -0.58355712890625
0.0119209289550781 -0.0303325653076172 -0.2730712890625 -0.8687744140625
-0.0189285278320312 -0.0179195404052734 -0.76983642578125 -0.21490478515625
-0.0139656066894531 0.00496387481689453 -0.4666748046875 0.43096923828125
0.0132589340209961 0.00727272033691406 -0.02130126953125 0.474517822265625
0.00714397430419922 0.0107307434082031 0.293853759765625 0.191436767578125
0.00455570220947266 -0.00577592849731445 0.331390380859375 -0.0872802734375
0.0142307281494141 -0.0267601013183594 -0.3211669921875 0.076416015625
0.0278282165527344 0.003753662109375 -0.219039916992188 -0.195877075195313
0.00781154632568359 0.00933456420898438 0.12103271484375 -0.453216552734375
-0.0170021057128906 0.00719833374023438 0.600830078125 -0.31964111328125
-0.0250492095947266 -0.0001373291015625 0.7032470703125 0.405517578125
-0.00679779052734375 -0.0349063873291016 0.15411376953125 0.89764404296875
0.0190181732177734 -0.00542831420898437 -0.26611328125 0.58245849609375
0.0207386016845703 0.00138473510742188 0.0432205200195313 0.0403785705566406
0.0221462249755859 -0.0148582458496094 0.2650146484375 -0.59014892578125
0.0105991363525391 -0.0340042114257812 -0.30029296875 -0.85528564453125
-0.0187282562255859 -0.0162258148193359 -0.773193359375 -0.18743896484375
-0.0144519805908203 0.00476932525634766 -0.45318603515625 0.445709228515625
0.0147933959960938 0.00315284729003906 -0.00863647460937504 0.476409912109375
0.00532913208007812 0.00787258148193359 0.298675537109375 0.191162109375
0.00601673126220703 -0.00551462173461914 0.332275390625 -0.084808349609375
0.0143508911132813 -0.0295677185058594 -0.31988525390625 0.073822021484375
0.0265865325927734 -0.00058746337890625 -0.216140747070312 -0.194564819335938
0.00988483428955078 0.00324726104736328 0.12518310546875 -0.4500732421875
-0.015049934387207 0.00588417053222656 0.6051025390625 -0.31280517578125
-0.0239982604980469 0.002197265625 0.7034912109375 0.41497802734375
-0.00508880615234375 -0.03875732421875 0.148681640625 0.90167236328125
0.0247173309326172 -0.0147457122802734 -0.26837158203125 0.58294677734375
0.0300159454345703 -0.00851821899414063 0.0413246154785156 0.0401191711425781
0.0255203247070313 -0.0246028900146484 0.2593994140625 -0.58880615234375
0.0106925964355469 -0.0368309020996094 -0.30755615234375 -0.8505859375
-0.0169754028320313 -0.0134191513061523 -0.7734375 -0.18017578125
-0.0129241943359375 0.00331783294677734 -0.448577880859375 0.45135498046875
0.0167827606201172 -0.00295543670654297 -0.00582885742187503 0.4796142578125
0.00435900688171387 0.00313925743103027 0.298431396484375 0.192169189453125
0.0059514045715332 -0.00824260711669922 0.3319091796875 -0.082550048828125
0.0135631561279297 -0.0339851379394531 -0.320343017578125 0.0746765136718751
0.0259723663330078 -0.00674819946289063 -0.21856689453125 -0.191574096679688
0.0126762390136719 -0.00417137145996094 0.1190185546875 -0.449127197265625
-0.0113143920898438 0.00581645965576172 0.59832763671875 -0.31781005859375
-0.0199661254882813 0.00590896606445313 0.7069091796875 0.4071044921875
-0.0045623779296875 -0.0407295227050781 0.16156005859375 0.90106201171875
0.0284557342529297 -0.0243358612060547 -0.2637939453125 0.58721923828125
0.0380287170410156 -0.0178794860839844 0.0363082885742188 0.0437355041503906
0.0283031463623047 -0.0327510833740234 0.263427734375 -0.5843505859375
0.0124282836914062 -0.0381660461425781 -0.2965087890625 -0.8555908203125
-0.0113992691040039 -0.0102691650390625 -0.77191162109375 -0.19219970703125
-0.0102262496948242 0.00122261047363281 -0.45623779296875 0.447662353515625
0.0176677703857422 -0.0105400085449219 -0.01312255859375 0.481658935546875
0.00266861915588379 -0.00392007827758789 0.29632568359375 0.195892333984375
0.00459194183349609 -0.0122594833374023 0.332733154296875 -0.081024169921875
0.0130767822265625 -0.0396308898925781 -0.32000732421875 0.0753173828125
0.0247440338134766 -0.0123233795166016 -0.225021362304688 -0.187820434570313
0.0152750015258789 -0.0124073028564453 0.10650634765625 -0.448944091796875
-0.00610828399658203 0.00534534454345703 0.5863037109375 -0.3338623046875
-0.0152750015258789 0.0122184753417969 0.71636962890625 0.385009765625
-0.00275039672851563 -0.0392875671386719 0.18865966796875 0.89154052734375
0.029541015625 -0.030792236328125 -0.2545166015625 0.59698486328125
0.0428733825683594 -0.0250358581542969 0.0289344787597656 0.0527114868164062
0.0309638977050781 -0.0380172729492188 0.2708740234375 -0.57440185546875
0.01513671875 -0.0366744995117188 -0.27386474609375 -0.8675537109375
-0.00603055953979492 -0.00668525695800781 -0.77117919921875 -0.22003173828125
-0.00603771209716797 -0.00119972229003906 -0.4732666015625 0.4339599609375
0.0200634002685547 -0.0183372497558594 -0.028839111328125 0.4814453125
0.00124359130859375 -0.0111074447631836 0.28839111328125 0.2001953125
0.00304222106933594 -0.0178070068359375 0.331512451171875 -0.075927734375
0.00955009460449219 -0.0327854156494141 -0.32745361328125 0.0888977050781251
0.0282936096191406 -0.00182533264160156 -0.261962890625 -0.185943603515625
0.0103883743286133 0.00552177429199219 0.043121337890625 -0.46307373046875
-0.00665378570556641 0.0108394622802734 0.532867431640625 -0.41644287109375
-0.0111160278320312 0.0117578506469727 0.7381591796875 0.265380859375
-0.00497627258300781 -0.0156145095825195 0.27923583984375 0.84173583984375
0.00673484802246094 0.012049674987793 -0.206787109375 0.62432861328125
-0.00201606750488281 0.0178165435791016 0.024169921875 0.0771865844726563
0.0134859085083008 0.00962638854980469 0.3294677734375 -0.551025390625
0.0195560455322266 -0.0155735015869141 -0.17022705078125 -0.92822265625
-0.00592422485351562 -0.0113449096679688 -0.75982666015625 -0.3438720703125
-0.00807285308837891 0.00272035598754883 -0.534454345703125 0.364654541015625
0.0133695602416992 0.00135707855224609 -0.08245849609375 0.46685791015625
0.00439548492431641 0.00303459167480469 0.266464233398438 0.204986572265625
0.00147724151611328 -0.0128688812255859 0.330657958984375 -0.080596923828125
0.00840377807617188 -0.0294609069824219 -0.325897216796875 0.08984375
0.0303401947021484 0.00296592712402344 -0.251449584960938 -0.189285278320312
0.00824069976806641 0.0109777450561523 0.062957763671875 -0.45928955078125
-0.0111913681030273 0.0118303298950195 0.5517578125 -0.390777587890625
-0.0170717239379883 0.00576877593994141 0.7274169921875 0.3055419921875
-0.00694656372070313 -0.0191211700439453 0.23699951171875 0.858154296875
0.00678348541259766 0.0135030746459961 -0.224853515625 0.61224365234375
-0.000387191772460938 0.0193138122558594 0.0312767028808594 0.0660514831542969
0.0133647918701172 0.00899505615234375 0.3155517578125 -0.56475830078125
0.0159988403320313 -0.0200386047363281 -0.20538330078125 -0.90802001953125
-0.0125532150268555 -0.0161075592041016 -0.76287841796875 -0.29632568359375
-0.0117511749267578 0.00419139862060547 -0.510650634765625 0.387115478515625
0.0121259689331055 0.00590610504150391 -0.059326171875 0.468841552734375
0.00604820251464844 0.00806188583374023 0.2783203125 0.198471069335938
0.00117301940917969 -0.00959300994873047 0.331146240234375 -0.087249755859375
0.0114002227783203 -0.0255985260009766 -0.3258056640625 0.08331298828125
0.0291233062744141 0.00499534606933594 -0.239089965820313 -0.193435668945312
0.00719451904296875 0.0137825012207031 0.086578369140625 -0.4603271484375
-0.0157594680786133 0.0104207992553711 0.57403564453125 -0.36651611328125
-0.0215549468994141 0.00240325927734375 0.72222900390625 0.344970703125
-0.00754547119140625 -0.0244083404541016 0.2071533203125 0.8746337890625
0.0097970962524414 0.0102500915527344 -0.24176025390625 0.60107421875
0.00331783294677734 0.0168628692626953 0.0377883911132813 0.0545806884765625
0.0155820846557617 0.00334548950195313 0.29571533203125 -0.5765380859375
0.0140705108642578 -0.0253162384033203 -0.247314453125 -0.89202880859375
-0.0163402557373047 -0.0175180435180664 -0.77154541015625 -0.25439453125
-0.0142621994018555 0.00475311279296875 -0.48968505859375 0.4141845703125
0.0124130249023438 0.00745964050292969 -0.038330078125 0.472442626953125
0.00577259063720703 0.0103969573974609 0.28704833984375 0.195587158203125
0.00365829467773438 -0.00647401809692383 0.331634521484375 -0.086273193359375
0.0117340087890625 -0.0255203247070312 -0.324371337890625 0.082275390625
0.0297374725341797 0.00577163696289062 -0.228439331054688 -0.195220947265625
0.00616168975830078 0.0131435394287109 0.106536865234375 -0.457122802734375
-0.0174579620361328 0.00949382781982422 0.5914306640625 -0.339599609375
-0.0238571166992188 -0.000211715698242185 0.71142578125 0.381591796875
-0.00742149353027344 -0.0298919677734375 0.17169189453125 0.89007568359375
0.0134954452514648 0.00418472290039063 -0.25927734375 0.59033203125
0.0105142593383789 0.0108909606933594 0.0421104431152344 0.0460472106933594
0.0179004669189453 -0.00437736511230469 0.28106689453125 -0.58624267578125
0.0118904113769531 -0.0306301116943359 -0.27655029296875 -0.873779296875
-0.0192375183105469 -0.0179176330566406 -0.77362060546875 -0.21478271484375
-0.0148353576660156 0.00492382049560547 -0.46844482421875 0.433380126953125
0.0132150650024414 0.00656700134277344 -0.020599365234375 0.476226806640625
0.00669765472412109 0.0101594924926758 0.295074462890625 0.19091796875
0.00423002243041992 -0.00511264801025391 0.333221435546875 -0.08917236328125
0.0128059387207031 -0.0256462097167969 -0.322509765625 0.0780334472656251
0.0274906158447266 0.00300407409667969 -0.21942138671875 -0.195510864257813
0.00726604461669922 0.00948524475097656 0.1201171875 -0.455657958984375
-0.0179805755615234 0.00795745849609375 0.6036376953125 -0.32318115234375
-0.0251102447509766 -0.00134658813476563 0.7076416015625 0.4075927734375
-0.00626373291015625 -0.0351905822753906 0.1572265625 0.90325927734375
0.0193595886230469 -0.00450897216796875 -0.2659912109375 0.5858154296875
0.0200309753417969 0.00161933898925781 0.0434837341308594 0.0405921936035156
0.0216655731201172 -0.0146446228027344 0.26617431640625 -0.591552734375
0.0104503631591797 -0.0342006683349609 -0.30340576171875 -0.85906982421875
-0.0195903778076172 -0.0162773132324219 -0.77752685546875 -0.1890869140625
-0.013728141784668 0.00501823425292969 -0.454071044921875 0.449005126953125
0.0143222808837891 0.00290012359619141 -0.00790405273437499 0.478668212890625
0.00580978393554688 0.0081324577331543 0.299896240234375 0.19049072265625
0.00525426864624023 -0.00592041015625 0.3328857421875 -0.086883544921875
0.0127449035644531 -0.0285778045654297 -0.321380615234375 0.0767822265625
0.0264415740966797 -0.00176620483398438 -0.216766357421875 -0.194366455078125
0.00969505310058594 0.00406551361083984 0.12579345703125 -0.4522705078125
-0.0152921676635742 0.00648975372314453 0.6083984375 -0.314697265625
-0.0238418579101563 0.00111579895019531 0.70989990234375 0.417236328125
-0.004852294921875 -0.0395774841308594 0.152099609375 0.908935546875
0.0243301391601563 -0.0150051116943359 -0.2686767578125 0.58648681640625
0.0299472808837891 -0.00778388977050781 0.0418739318847656 0.0402412414550781
0.0254936218261719 -0.0247573852539063 0.26202392578125 -0.5933837890625
0.0106239318847656 -0.0370101928710938 -0.30999755859375 -0.85589599609375
-0.0163564682006836 -0.0133762359619141 -0.7781982421875 -0.1812744140625
-0.0131425857543945 0.00301933288574219 -0.4512939453125 0.453369140625
0.0160512924194336 -0.00327301025390625 -0.00582885742187505 0.481292724609375
0.00387215614318848 0.00224065780639648 0.300323486328125 0.1915283203125
0.00516653060913086 -0.00833797454833984 0.333343505859375 -0.08343505859375
0.0124473571777344 -0.0341854095458984 -0.321624755859375 0.076202392578125
0.0257530212402344 -0.00695228576660156 -0.219223022460938 -0.192474365234375
0.0125532150268555 -0.0040130615234375 0.119476318359375 -0.451812744140625
-0.0114593505859375 0.00609397888183594 0.601318359375 -0.3216552734375
-0.0200023651123047 0.00569343566894532 0.7120361328125 0.40753173828125
-0.00310516357421875 -0.0418357849121094 0.16339111328125 0.90679931640625
0.0280933380126953 -0.0240383148193359 -0.26483154296875 0.59014892578125
0.037261962890625 -0.0168304443359375 0.0361328125 0.0446090698242188
0.0283126831054688 -0.0330524444580078 0.2646484375 -0.58685302734375
0.0125312805175781 -0.0382804870605469 -0.29876708984375 -0.85980224609375
-0.0122146606445313 -0.0102310180664062 -0.7769775390625 -0.19232177734375
-0.0103378295898437 0.00131988525390625 -0.45904541015625 0.45050048828125
0.0174465179443359 -0.0109157562255859 -0.012847900390625 0.48480224609375
0.00242090225219727 -0.00460100173950195 0.297760009765625 0.195159912109375
0.00340843200683594 -0.0122747421264648 0.333343505859375 -0.081207275390625
0.0119781494140625 -0.0393218994140625 -0.3214111328125 0.076873779296875
0.0241661071777344 -0.0129489898681641 -0.22601318359375 -0.188568115234375
0.0150156021118164 -0.0117282867431641 0.107696533203125 -0.4522705078125
-0.00668144226074219 0.00553274154663086 0.58953857421875 -0.3355712890625
-0.0148229598999023 0.0120849609375 0.72271728515625 0.384765625
-0.002838134765625 -0.0397834777832031 0.19012451171875 0.8985595703125
0.0299186706542969 -0.0307445526123047 -0.2548828125 0.5994873046875
0.0425949096679688 -0.0240859985351563 0.0292587280273438 0.0524177551269531
0.0308151245117188 -0.0380287170410156 0.27227783203125 -0.57647705078125
0.0154037475585938 -0.0368728637695313 -0.27679443359375 -0.87152099609375
-0.00583982467651367 -0.00652265548706055 -0.7762451171875 -0.22064208984375
-0.00619888305664063 -0.00177764892578125 -0.47344970703125 0.436920166015625
0.019500732421875 -0.0185947418212891 -0.027862548828125 0.484527587890625
0.000913619995117186 -0.0111246109008789 0.290252685546875 0.200408935546875
0.00199508666992188 -0.0170507431030273 0.3328857421875 -0.077056884765625
0.0080413818359375 -0.0326900482177734 -0.327667236328125 0.0924682617187499
0.0279560089111328 -0.00227737426757813 -0.263839721679688 -0.185348510742188
0.0101165771484375 0.00599098205566406 0.0423583984375 -0.465911865234375
-0.00759410858154297 0.0118589401245117 0.533966064453125 -0.42108154296875
-0.0108003616333008 0.010737419128418 0.74383544921875 0.26611328125
-0.0043487548828125 -0.0154266357421875 0.28289794921875 0.84576416015625
0.00738143920898437 0.0131006240844727 -0.20440673828125 0.6290283203125
-0.00185203552246094 0.018463134765625 0.0239028930664062 0.07769775390625
0.0124607086181641 0.00966548919677735 0.331634521484375 -0.554412841796875
0.0199394226074219 -0.0157356262207031 -0.1729736328125 -0.9334716796875
-0.00643157958984375 -0.0113201141357422 -0.7652587890625 -0.341796875
-0.00840091705322266 0.00289249420166016 -0.537017822265625 0.36627197265625
0.0138511657714844 0.00159931182861328 -0.082000732421875 0.469268798828125
0.0039830207824707 0.00282692909240723 0.269027709960938 0.203826904296875
0.000599861145019533 -0.012293815612793 0.33197021484375 -0.08172607421875
0.00759696960449219 -0.0287284851074219 -0.327392578125 0.091705322265625
0.0296096801757812 0.0023345947265625 -0.2532958984375 -0.189163208007812
0.00782489776611328 0.0114192962646484 0.062164306640625 -0.462127685546875
-0.0114622116088867 0.0121326446533203 0.554412841796875 -0.394256591796875
-0.0165777206420898 0.00578975677490235 0.73321533203125 0.30523681640625
-0.00640487670898437 -0.0197601318359375 0.2408447265625 0.8636474609375
0.0073394775390625 0.0136260986328125 -0.22589111328125 0.6148681640625
-0.00168037414550781 0.0206317901611328 0.0314674377441406 0.0662155151367188
0.0132112503051758 0.00871849060058594 0.31622314453125 -0.56787109375
0.0155258178710937 -0.0207080841064453 -0.20880126953125 -0.9140625
-0.0125226974487305 -0.0161848068237305 -0.76885986328125 -0.29736328125
-0.0112590789794922 0.00456619262695312 -0.511993408203125 0.391265869140625
0.0124902725219727 0.00533294677734375 -0.0595703125 0.4732666015625
0.00597906112670898 0.00729036331176758 0.28021240234375 0.197250366210937
3.62396240234385E-05 -0.00902843475341797 0.33282470703125 -0.089935302734375
0.0102176666259766 -0.0245265960693359 -0.327392578125 0.0861511230468749
0.0294227600097656 0.00515365600585938 -0.240585327148437 -0.1932373046875
0.00752544403076172 0.0137643814086914 0.08648681640625 -0.463409423828125
-0.0161075592041016 0.010828971862793 0.5760498046875 -0.369384765625
-0.0209255218505859 0.00141716003417969 0.7281494140625 0.345947265625
-0.00719261169433594 -0.0245475769042969 0.208251953125 0.88134765625
0.00951862335205078 0.0109691619873047 -0.24127197265625 0.60595703125
0.00263786315917969 0.0183773040771484 0.0372505187988281 0.054656982421875
0.0154809951782227 0.00343894958496094 0.2977294921875 -0.58013916015625
0.0132293701171875 -0.0259418487548828 -0.25103759765625 -0.89703369140625
-0.0171585083007812 -0.0176773071289063 -0.77740478515625 -0.25341796875
-0.0138654708862305 0.00527381896972656 -0.491119384765625 0.417236328125
0.0123624801635742 0.00687026977539063 -0.038177490234375 0.47540283203125
0.00564098358154297 0.00995922088623047 0.289306640625 0.19500732421875
0.00330781936645508 -0.00604391098022461 0.33367919921875 -0.087890625
0.0102176666259766 -0.0240058898925781 -0.326019287109375 0.0845947265625
0.0289440155029297 0.00525856018066406 -0.229293823242188 -0.195755004882812
0.00637435913085938 0.0133056640625 0.10552978515625 -0.458709716796875
-0.0177707672119141 0.00963783264160156 0.5936279296875 -0.3438720703125
-0.0248432159423828 -0.00149345397949219 0.718505859375 0.382568359375
-0.0067596435546875 -0.0303573608398438 0.1763916015625 0.89556884765625
0.0134401321411133 0.00493335723876953 -0.2586669921875 0.5946044921875
0.00999927520751953 0.0123462677001953 0.042083740234375 0.0459632873535156
0.01806640625 -0.00448799133300781 0.28179931640625 -0.59027099609375
0.0113792419433594 -0.0307083129882813 -0.27874755859375 -0.8782958984375
-0.0187568664550781 -0.0177173614501953 -0.77984619140625 -0.21533203125
-0.0146455764770508 0.00531101226806641 -0.46905517578125 0.43731689453125
0.0121297836303711 0.00581932067871094 -0.0184326171875 0.47930908203125
0.00586032867431641 0.0100774765014648 0.29742431640625 0.1903076171875
0.00345182418823242 -0.00503110885620117 0.335235595703125 -0.091064453125
0.0121879577636719 -0.0251388549804687 -0.32342529296875 0.08001708984375
0.0277042388916016 0.00301551818847656 -0.22100830078125 -0.195602416992187
0.00825786590576172 0.00985050201416015 0.12078857421875 -0.458770751953125
-0.0182571411132812 0.00822067260742188 0.60589599609375 -0.3270263671875
-0.0249118804931641 -0.00138092041015625 0.71356201171875 0.4078369140625
-0.00598526000976563 -0.0358467102050781 0.159423828125 0.908935546875
0.0190277099609375 -0.004638671875 -0.26617431640625 0.589599609375
0.0195045471191406 0.00255393981933594 0.0437812805175781 0.0401268005371094
0.0217609405517578 -0.0142498016357422 0.26702880859375 -0.59600830078125
0.0106945037841797 -0.0343551635742188 -0.30706787109375 -0.865478515625
-0.0195198059082031 -0.0161895751953125 -0.78424072265625 -0.1885986328125
-0.0148296356201172 0.00479602813720703 -0.45648193359375 0.451995849609375
0.0140972137451172 0.00186538696289063 -0.00604248046874998 0.4820556640625
0.00515413284301758 0.00744867324829102 0.302398681640625 0.189666748046875
0.00507640838623047 -0.00485801696777344 0.335113525390625 -0.08843994140625
0.0117588043212891 -0.0283298492431641 -0.322998046875 0.078521728515625
0.0259666442871094 -0.00181007385253906 -0.217208862304687 -0.195144653320313
0.00995445251464844 0.00353240966796875 0.1256103515625 -0.456146240234375
-0.0157089233398438 0.00717353820800781 0.609130859375 -0.32037353515625
-0.0233249664306641 0.00032997131347656 0.7147216796875 0.41619873046875
-0.004730224609375 -0.0407028198242188 0.15606689453125 0.91522216796875
0.0241146087646484 -0.0152950286865234 -0.26898193359375 0.58984375
0.0290470123291016 -0.0073394775390625 0.0416603088378906 0.0400924682617188
0.0251979827880859 -0.0244560241699219 0.26409912109375 -0.5950927734375
0.0107040405273437 -0.0374069213867188 -0.313232421875 -0.859375
-0.0170211791992187 -0.0132951736450195 -0.78363037109375 -0.18109130859375
-0.0132026672363281 0.00308513641357422 -0.452911376953125 0.45855712890625
0.0154924392700195 -0.00432682037353516 -0.00512695312499996 0.484893798828125
0.00368785858154297 0.00187063217163086 0.302093505859375 0.1905517578125
0.00413084030151367 -0.00767755508422852 0.33575439453125 -0.08514404296875
0.0112419128417969 -0.0341320037841797 -0.3232421875 0.079254150390625
0.0252819061279297 -0.00719070434570312 -0.220504760742188 -0.192626953125
0.0127954483032227 -0.00359916687011719 0.118743896484375 -0.455718994140625
-0.0118398666381836 0.00673198699951172 0.60369873046875 -0.3262939453125
-0.0196990966796875 0.0049285888671875 0.71710205078125 0.408935546875
-0.00342178344726563 -0.0426406860351563 0.1678466796875 0.91131591796875
0.0280342102050781 -0.0239353179931641 -0.265625 0.59503173828125
0.0373687744140625 -0.0164642333984375 0.0360870361328125 0.0439872741699219
0.0279064178466797 -0.0328273773193359 0.26507568359375 -0.589599609375
0.0127983093261719 -0.038177490234375 -0.30242919921875 -0.86419677734375
-0.0121631622314453 -0.0101108551025391 -0.78338623046875 -0.19268798828125
-0.00981998443603516 0.00107574462890625 -0.458831787109375 0.453826904296875
0.0176162719726562 -0.0115680694580078 -0.01190185546875 0.488037109375
0.00281715393066406 -0.00464773178100586 0.299468994140625 0.194610595703125
0.00307369232177734 -0.012598991394043 0.336273193359375 -0.083282470703125
0.0103378295898437 -0.0392684936523438 -0.322509765625 0.079803466796875
0.0237140655517578 -0.0137977600097656 -0.2269287109375 -0.188766479492188
0.0155467987060547 -0.011317253112793 0.106109619140625 -0.4556884765625
-0.00741767883300781 0.00610256195068359 0.5909423828125 -0.33984375
-0.0148801803588867 0.0112924575805664 0.72900390625 0.384765625
-0.00233840942382812 -0.0409660339355469 0.19384765625 0.905029296875
0.0295009613037109 -0.0302925109863281 -0.2554931640625 0.60467529296875
0.0426979064941406 -0.0234832763671875 0.0290031433105469 0.0524978637695313
0.0306777954101563 -0.0381698608398438 0.2740478515625 -0.57965087890625
0.0155868530273438 -0.0375595092773438 -0.2803955078125 -0.87774658203125
-0.00570249557495117 -0.00630712509155273 -0.78131103515625 -0.219970703125
-0.00641584396362305 -0.000675201416015624 -0.47637939453125 0.440155029296875
0.0193500518798828 -0.0195331573486328 -0.02655029296875 0.48846435546875
0.00043487548828125 -0.0114917755126953 0.2928466796875 0.19927978515625
0.00219440460205078 -0.0169706344604492 0.33544921875 -0.079376220703125
0.00711250305175781 -0.0319004058837891 -0.32958984375 0.094024658203125
0.0269794464111328 -0.00291252136230469 -0.265975952148438 -0.184097290039063
0.0104837417602539 0.00634384155273438 0.04107666015625 -0.4696044921875
-0.00754451751708984 0.0116119384765625 0.536712646484375 -0.425506591796875
-0.0110187530517578 0.0104436874389648 0.75018310546875 0.264892578125
-0.00367259979248047 -0.0161333084106445 0.28863525390625 0.85394287109375
0.00666999816894531 0.0132780075073242 -0.20452880859375 0.63385009765625
-0.00292205810546875 0.0205764770507813 0.0246353149414062 0.0773239135742187
0.0124626159667969 0.0104970932006836 0.332305908203125 -0.558868408203125
0.0194435119628906 -0.0161685943603516 -0.1776123046875 -0.9395751953125
-0.00628757476806641 -0.0116252899169922 -0.772705078125 -0.34332275390625
-0.00851297378540039 0.00332069396972656 -0.5400390625 0.37164306640625
0.0131549835205078 0.000187873840332031 -0.080902099609375 0.47283935546875
0.00359249114990234 0.00225400924682617 0.271194458007813 0.203750610351563
-0.000244140625 -0.0122861862182617 0.334228515625 -0.085479736328125
0.00615882873535156 -0.0280284881591797 -0.3277587890625 0.09454345703125
0.0294647216796875 0.00167274475097656 -0.254669189453125 -0.188339233398437
0.0084524154663086 0.010869026184082 0.062591552734375 -0.46685791015625
-0.0121068954467773 0.0126094818115234 0.55572509765625 -0.400390625
-0.0171051025390625 0.00459861755371094 0.74053955078125 0.304443359375
-0.00662994384765625 -0.0212364196777344 0.2459716796875 0.8692626953125
0.00660800933837891 0.0146322250366211 -0.2249755859375 0.62091064453125
-0.00153732299804688 0.0217647552490234 0.0314521789550781 0.0665283203125
0.0130720138549805 0.00945949554443359 0.3173828125 -0.5714111328125
0.0165691375732422 -0.0205955505371094 -0.21368408203125 -0.91998291015625
-0.0130224227905273 -0.0159416198730469 -0.77642822265625 -0.29754638671875
-0.0116682052612305 0.00439453125 -0.514862060546875 0.39453125
0.011662483215332 0.00507164001464844 -0.057342529296875 0.476226806640625
0.00529336929321289 0.00751161575317383 0.28216552734375 0.196441650390625
-0.000652790069580078 -0.00836515426635742 0.334991455078125 -0.09222412109375
0.00946044921875 -0.0241031646728516 -0.32879638671875 0.089996337890625
0.0290946960449219 0.00497245788574219 -0.242828369140625 -0.193115234375
0.00779628753662109 0.0137596130371094 0.085296630859375 -0.4677734375
-0.0164251327514648 0.0110769271850586 0.5780029296875 -0.37713623046875
-0.0217819213867187 0.000883102416992183 0.73541259765625 0.34490966796875
-0.00699043273925782 -0.0251655578613281 0.214599609375 0.8896484375
0.00990867614746094 0.010523796081543 -0.240478515625 0.61090087890625
0.00264358520507812 0.0192012786865234 0.0379219055175781 0.0548171997070313
0.015345573425293 0.0037994384765625 0.2974853515625 -0.5858154296875
0.0137233734130859 -0.0258827209472656 -0.25677490234375 -0.90130615234375
-0.0167779922485352 -0.0171232223510742 -0.78338623046875 -0.253662109375
-0.0143508911132812 0.00512123107910156 -0.493804931640625 0.419891357421875
0.0120420455932617 0.00653839111328125 -0.035614013671875 0.47833251953125
0.00599479675292969 0.0103721618652344 0.29095458984375 0.194610595703125
0.00229406356811523 -0.0054621696472168 0.336151123046875 -0.091064453125
0.00967025756835938 -0.0243358612060547 -0.327545166015625 0.0871276855468749
0.0287685394287109 0.00492668151855469 -0.230865478515625 -0.195297241210937
0.00672245025634765 0.0137567520141602 0.10516357421875 -0.46307373046875
-0.0182743072509766 0.0104770660400391 0.59588623046875 -0.34979248046875
-0.0246238708496094 -0.00210762023925781 0.72552490234375 0.38238525390625
-0.00710678100585938 -0.0314750671386719 0.18084716796875 0.9034423828125
0.0131692886352539 0.00584983825683594 -0.2574462890625 0.59967041015625
0.0100831985473633 0.0133066177368164 0.0428733825683594 0.0458183288574219
0.0180625915527344 -0.00382614135742188 0.28277587890625 -0.59454345703125
0.0113353729248047 -0.0309181213378906 -0.2852783203125 -0.8841552734375
-0.0194110870361328 -0.0183563232421875 -0.7862548828125 -0.2130126953125
-0.0153970718383789 0.00529766082763672 -0.471710205078125 0.440399169921875
0.0123090744018555 0.00536441802978516 -0.017547607421875 0.482452392578125
0.00595283508300781 0.0102214813232422 0.2998046875 0.190277099609375
0.00235080718994141 -0.00455951690673828 0.337371826171875 -0.0938720703125
0.0108718872070313 -0.0248489379882813 -0.32574462890625 0.083099365234375
0.0269107818603516 0.00230789184570313 -0.222702026367187 -0.196151733398437
0.00783538818359375 0.00969982147216797 0.119537353515625 -0.462677001953125
-0.0181217193603516 0.00818252563476563 0.60906982421875 -0.33209228515625
-0.0252456665039063 -0.00213241577148438 0.7218017578125 0.40838623046875
-0.00597000122070313 -0.0372390747070313 0.1644287109375 0.91656494140625
0.0191059112548828 -0.00429916381835938 -0.2659912109375 0.5953369140625
0.0191001892089844 0.00409507751464844 0.0441741943359375 0.0402297973632812
0.0212249755859375 -0.0143318176269531 0.26751708984375 -0.60040283203125
0.0103225708007812 -0.0353584289550781 -0.31097412109375 -0.86993408203125
-0.0190715789794922 -0.0156993865966797 -0.78997802734375 -0.1890869140625
-0.0143451690673828 0.00520706176757812 -0.458343505859375 0.45721435546875
0.0140285491943359 0.00158786773681641 -0.00286865234374995 0.4853515625
0.00422859191894531 0.00702047348022461 0.304473876953125 0.1888427734375
0.00349283218383789 -0.00511503219604492 0.33746337890625 -0.091461181640625
0.0111732482910156 -0.0277996063232422 -0.32476806640625 0.0819396972656249
0.0258846282958984 -0.00181961059570313 -0.219497680664062 -0.194488525390625
0.0103750228881836 0.00426864624023438 0.124267578125 -0.4599609375
-0.0161228179931641 0.00760078430175781 0.61212158203125 -0.32574462890625
-0.0238914489746094 -0.000146865844726564 0.72247314453125 0.41754150390625
-0.0037994384765625 -0.0411834716796875 0.159912109375 0.92083740234375
0.024810791015625 -0.0146274566650391 -0.26776123046875 0.5950927734375
0.0289363861083984 -0.00649452209472656 0.0418243408203125 0.0401878356933594
0.0252418518066406 -0.0244464874267578 0.261962890625 -0.6011962890625
0.0108680725097656 -0.0378990173339844 -0.3194580078125 -0.86517333984375
-0.0168266296386719 -0.01373291015625 -0.7896728515625 -0.17950439453125
-0.0124731063842773 0.00315475463867188 -0.454345703125 0.46112060546875
0.0159797668457031 -0.00445556640625 -0.00137329101562497 0.487518310546875
0.00306463241577148 0.00207304954528809 0.30535888671875 0.19036865234375
0.00371170043945313 -0.00761556625366211 0.33734130859375 -0.088226318359375
0.010101318359375 -0.0333023071289062 -0.323822021484375 0.082305908203125
0.0254096984863281 -0.00779342651367188 -0.221633911132812 -0.192825317382813
0.0129280090332031 -0.00406455993652344 0.11834716796875 -0.459136962890625
-0.0123348236083984 0.00700950622558593 0.606201171875 -0.330322265625
-0.0196361541748047 0.00437164306640625 0.72406005859375 0.40838623046875
-0.00313568115234375 -0.043426513671875 0.17315673828125 0.91937255859375
0.0281715393066406 -0.0234279632568359 -0.26348876953125 0.59954833984375
0.0370559692382813 -0.016021728515625 0.0363426208496094 0.0439109802246094
0.0281600952148437 -0.0329513549804688 0.26611328125 -0.59381103515625
0.0126838684082031 -0.0388870239257813 -0.3082275390625 -0.8712158203125
-0.0117692947387695 -0.0107383728027344 -0.78961181640625 -0.19183349609375
-0.0100669860839844 0.00145816802978515 -0.46124267578125 0.457794189453125
0.0170993804931641 -0.012608528137207 -0.00866699218750002 0.4920654296875
0.00178623199462891 -0.00454044342041016 0.30279541015625 0.19464111328125
0.00181293487548828 -0.0124244689941406 0.337799072265625 -0.08624267578125
0.009735107421875 -0.0393257141113281 -0.324310302734375 0.0831298828124999
0.024169921875 -0.0139942169189453 -0.228866577148438 -0.188583374023438
0.0161724090576172 -0.0122795104980469 0.106536865234375 -0.4599609375
-0.00726604461669922 0.00666713714599609 0.593505859375 -0.34576416015625
-0.0145473480224609 0.0102672576904297 0.7364501953125 0.3853759765625
-0.00214004516601562 -0.0419845581054688 0.20013427734375 0.9107666015625
0.0294742584228516 -0.0301761627197266 -0.2530517578125 0.60943603515625
0.0418701171875 -0.022918701171875 0.0294036865234375 0.0528717041015625
0.0306015014648437 -0.0379791259765625 0.2744140625 -0.5848388671875
0.0150871276855469 -0.0378761291503906 -0.28662109375 -0.88165283203125
-0.00544548034667969 -0.00665378570556641 -0.78790283203125 -0.21893310546875
-0.0061650276184082 -0.00102615356445313 -0.47918701171875 0.444549560546875
0.0191326141357422 -0.0195598602294922 -0.024627685546875 0.49224853515625
0.000314712524414063 -0.0112113952636719 0.29547119140625 0.19873046875
0.000788688659667968 -0.0168733596801758 0.3367919921875 -0.0821533203125
0.00604438781738281 -0.0310802459716797 -0.33062744140625 0.0985412597656251
0.0272369384765625 -0.00407791137695313 -0.268112182617188 -0.184188842773438
0.0107746124267578 0.00622749328613281 0.0401611328125 -0.47320556640625
-0.00798702239990234 0.0120677947998047 0.53680419921875 -0.43450927734375
-0.0110940933227539 0.0100803375244141 0.75885009765625 0.2633056640625
-0.0039215087890625 -0.0163192749023438 0.29547119140625 0.85992431640625
0.00648117065429687 0.013824462890625 -0.20263671875 0.63970947265625
-0.0034637451171875 0.0211467742919922 0.024749755859375 0.0786514282226563
0.0126848220825195 0.0113344192504883 0.333251953125 -0.56451416015625
0.0194530487060547 -0.0160026550292969 -0.18585205078125 -0.946044921875
-0.00673675537109375 -0.0115842819213867 -0.78228759765625 -0.34246826171875
-0.00867605209350586 0.00305366516113281 -0.54083251953125 0.377166748046875
0.012908935546875 -1.33514404296875E-05 -0.07696533203125 0.476959228515625
0.0035090446472168 0.00235629081726074 0.273391723632812 0.202774047851562
-0.00120353698730469 -0.011296272277832 0.33587646484375 -0.08819580078125
0.005279541015625 -0.0278072357177734 -0.329437255859375 0.099029541015625
0.0294055938720703 0.000932693481445313 -0.257080078125 -0.187789916992188
0.00878620147705078 0.0121860504150391 0.0603637695312499 -0.46905517578125
-0.012761116027832 0.0132713317871094 0.557220458984375 -0.40728759765625
-0.017085075378418 0.00408554077148437 0.74810791015625 0.30218505859375
-0.00604629516601563 -0.0208110809326172 0.25396728515625 0.875732421875
0.00666236877441406 0.015192985534668 -0.222900390625 0.6265869140625
-0.00171470642089844 0.0231609344482422 0.031951904296875 0.0665512084960938
0.0129508972167969 0.00944423675537109 0.31756591796875 -0.57720947265625
0.0156154632568359 -0.0213661193847656 -0.220703125 -0.925537109375
-0.0127964019775391 -0.0159988403320313 -0.78411865234375 -0.29705810546875
-0.0118570327758789 0.00425529479980469 -0.51715087890625 0.400848388671875
0.0106792449951172 0.00466346740722656 -0.054473876953125 0.479339599609375
0.00546693801879883 0.00686788558959961 0.285369873046875 0.194854736328125
-0.00174188613891601 -0.00807666778564453 0.33624267578125 -0.095367431640625
0.00883102416992187 -0.0240154266357422 -0.329437255859375 0.093231201171875
0.0285930633544922 0.00419807434082031 -0.244140625 -0.192230224609375
0.00822162628173828 0.0143499374389648 0.082916259765625 -0.472412109375
-0.0164785385131836 0.0118885040283203 0.58001708984375 -0.3837890625
-0.0219936370849609 0.000122070312499999 0.74383544921875 0.3424072265625
-0.00658988952636719 -0.0265293121337891 0.22137451171875 0.89569091796875
0.00940036773681641 0.0115976333618164 -0.23968505859375 0.6156005859375
0.00248146057128906 0.0200023651123047 0.0386314392089844 0.0550308227539063
0.0154094696044922 0.00428962707519531 0.2969970703125 -0.59027099609375
0.0133514404296875 -0.0261993408203125 -0.2626953125 -0.907470703125
-0.0169696807861328 -0.0173158645629883 -0.79290771484375 -0.2525634765625
-0.0145397186279297 0.00518798828125 -0.494598388671875 0.425811767578125
0.0116863250732422 0.00618934631347656 -0.0335693359375 0.48138427734375
0.00570392608642578 0.0101394653320313 0.293792724609375 0.19293212890625
0.000976324081420899 -0.0043785572052002 0.338592529296875 -0.0938720703125
0.00843620300292969 -0.0233840942382813 -0.328704833984375 0.09130859375
0.0290451049804688 0.004364013671875 -0.233062744140625 -0.19482421875
0.00723171234130859 0.0142049789428711 0.102294921875 -0.46746826171875
-0.0187568664550781 0.0105991363525391 0.59832763671875 -0.35638427734375
-0.0247325897216797 -0.00274085998535157 0.733154296875 0.381591796875
-0.00681495666503906 -0.0319328308105469 0.1873779296875 0.91107177734375
0.0131378173828125 0.00560855865478516 -0.25543212890625 0.60601806640625
0.00992679595947266 0.0140438079833984 0.0430068969726562 0.0461997985839844
0.0177497863769531 -0.00370407104492188 0.28302001953125 -0.599853515625
0.0112018585205078 -0.031280517578125 -0.2928466796875 -0.88885498046875
-0.0203113555908203 -0.0177402496337891 -0.79473876953125 -0.2132568359375
-0.0152463912963867 0.00565338134765625 -0.4732666015625 0.447296142578125
0.0126523971557617 0.00466251373291016 -0.012786865234375 0.48577880859375
0.00558376312255859 0.0094757080078125 0.30413818359375 0.188201904296875
0.00215387344360352 -0.00368142127990723 0.339141845703125 -0.0965576171875
0.009490966796875 -0.0242557525634766 -0.327056884765625 0.0879516601562501
0.0269050598144531 0.00212860107421875 -0.224868774414062 -0.19598388671875
0.00894737243652344 0.0106086730957031 0.11712646484375 -0.4661865234375
-0.018463134765625 0.00833320617675781 0.60986328125 -0.33990478515625
-0.0257339477539063 -0.00312995910644531 0.72998046875 0.40692138671875
-0.00503158569335937 -0.0381431579589844 0.17059326171875 0.925048828125
0.0186271667480469 -0.00411033630371094 -0.26416015625 0.600341796875
0.0193233489990234 0.00476455688476563 0.0443801879882813 0.0406723022460938
0.0212173461914062 -0.0144271850585938 0.2669677734375 -0.60675048828125
0.0102653503417969 -0.0354766845703125 -0.320068359375 -0.87451171875
-0.0199680328369141 -0.0157299041748047 -0.79852294921875 -0.18621826171875
-0.0149545669555664 0.00492286682128906 -0.45819091796875 0.462646484375
0.0136566162109375 0.000940322875976563 -0.000823974609374998 0.4881591796875
0.00461626052856445 0.00668144226074219 0.308319091796875 0.18756103515625
0.00338220596313477 -0.00453281402587891 0.338897705078125 -0.094085693359375
0.0107192993164063 -0.0273246765136719 -0.325286865234375 0.0855407714843751
0.0262393951416016 -0.00212478637695313 -0.221145629882812 -0.194000244140625
0.0103569030761719 0.0037994384765625 0.121856689453125 -0.463623046875
-0.0171356201171875 0.00762462615966797 0.61322021484375 -0.3328857421875
-0.023834228515625 -0.000267028808593747 0.73077392578125 0.415283203125
-0.00396728515625 -0.0420722961425781 0.167724609375 0.92987060546875
0.024139404296875 -0.0139732360839844 -0.26739501953125 0.5997314453125
0.0288410186767578 -0.00510597229003906 0.0424957275390625 0.0394134521484375
0.0248794555664063 -0.0243778228759766 0.2620849609375 -0.60589599609375
0.0101318359375 -0.0377388000488281 -0.32696533203125 -0.87060546875
-0.0168571472167969 -0.0136899948120117 -0.7974853515625 -0.17840576171875
-0.0127391815185547 0.00362110137939453 -0.45587158203125 0.4677734375
0.0147161483764648 -0.00506687164306641 0.00125122070312501 0.490447998046875
0.00304388999938965 0.0016787052154541 0.3082275390625 0.189208984375
0.00258541107177734 -0.00679540634155274 0.33892822265625 -0.091278076171875
0.00911331176757812 -0.0328235626220703 -0.3262939453125 0.0862121582031251
0.0250759124755859 -0.00889396667480469 -0.223556518554687 -0.193038940429688
0.0135650634765625 -0.00414752960205078 0.115997314453125 -0.464202880859375
-0.0122461318969727 0.00743293762207031 0.60760498046875 -0.33740234375
-0.0198230743408203 0.00397109985351562 0.7325439453125 0.40618896484375
-0.00279617309570312 -0.0441741943359375 0.17913818359375 0.9268798828125
0.0283699035644531 -0.0239715576171875 -0.2642822265625 0.60687255859375
0.036895751953125 -0.0152206420898438 0.0365142822265625 0.0440521240234375
0.0278854370117187 -0.0333461761474609 0.2628173828125 -0.5986328125
0.0116615295410156 -0.0392875671386719 -0.3143310546875 -0.875244140625
-0.0119400024414063 -0.00995635986328125 -0.79736328125 -0.1893310546875
-0.00991249084472656 0.00153446197509766 -0.4622802734375 0.462890625
0.0169210433959961 -0.0123767852783203 -0.00588989257812501 0.495086669921875
0.00136947631835937 -0.00445938110351563 0.30535888671875 0.192779541015625
0.00141048431396484 -0.0114421844482422 0.339752197265625 -0.0892333984375
0.00873184204101563 -0.0384101867675781 -0.32537841796875 0.08624267578125
0.02362060546875 -0.0145893096923828 -0.230987548828125 -0.188934326171875
0.0162572860717773 -0.0115594863891602 0.104400634765625 -0.463836669921875
-0.00760698318481445 0.0071253776550293 0.595703125 -0.35296630859375
-0.0146369934082031 0.00994873046875 0.7442626953125 0.38214111328125
-0.00147628784179687 -0.0431175231933594 0.20428466796875 0.91876220703125
0.0299053192138672 -0.0303802490234375 -0.251220703125 0.615234375
0.0424537658691406 -0.0227470397949219 0.0294837951660156 0.052642822265625
0.0302696228027344 -0.037994384765625 0.27264404296875 -0.58978271484375
0.0155868530273438 -0.0380134582519531 -0.29302978515625 -0.88726806640625
-0.00590610504150391 -0.00684452056884766 -0.7958984375 -0.21630859375
-0.00626420974731445 -0.000761508941650389 -0.479522705078125 0.4498291015625
0.0187053680419922 -0.0207901000976563 -0.02130126953125 0.494781494140625
-0.000204086303710937 -0.0112237930297852 0.298370361328125 0.198150634765625
0.000136375427246092 -0.0161638259887695 0.339263916015625 -0.0848388671875
0.00537300109863281 -0.0304393768310547 -0.3314208984375 0.1038818359375
0.0274906158447266 -0.00398826599121094 -0.270660400390625 -0.182769775390625
0.0112733840942383 0.00645828247070313 0.03546142578125 -0.477142333984375
-0.007843017578125 0.012822151184082 0.536376953125 -0.442718505859375
-0.0113515853881836 0.00928783416748047 0.76727294921875 0.25787353515625
-0.00310325622558594 -0.0170984268188477 0.304443359375 0.865966796875
0.0069122314453125 0.0146503448486328 -0.200439453125 0.6444091796875
-0.00292587280273437 0.0219001770019531 0.025543212890625 0.0782241821289062
0.0125541687011719 0.0109176635742187 0.33135986328125 -0.5692138671875
0.0196266174316406 -0.0164108276367188 -0.1920166015625 -0.9510498046875
-0.00682544708251953 -0.0116786956787109 -0.79034423828125 -0.339111328125
-0.00830888748168945 0.00337648391723633 -0.54205322265625 0.38336181640625
0.0121793746948242 -0.000872611999511719 -0.0740051269531251 0.4815673828125
0.00295400619506836 0.00216126441955566 0.27655029296875 0.200546264648438
-0.00189971923828125 -0.0106945037841797 0.33740234375 -0.0919189453125
0.00400733947753906 -0.0270595550537109 -0.330413818359375 0.103240966796875
0.0292110443115234 0.000728607177734375 -0.259170532226563 -0.187088012695313
0.00888252258300781 0.0122880935668945 0.057708740234375 -0.474700927734375
-0.0125217437744141 0.0134143829345703 0.55780029296875 -0.415374755859375
-0.017094612121582 0.00389862060546875 0.7574462890625 0.2958984375
-0.00527000427246094 -0.0218524932861328 0.26300048828125 0.8824462890625
0.00675106048583985 0.0153741836547852 -0.2197265625 0.63311767578125
-0.00232124328613281 0.0243186950683594 0.032867431640625 0.0667953491210938
0.0136661529541016 0.01007080078125 0.3150634765625 -0.58428955078125
0.0154056549072266 -0.0213298797607422 -0.228759765625 -0.93182373046875
-0.0127658843994141 -0.0156736373901367 -0.79345703125 -0.293212890625
-0.0121164321899414 0.00478839874267578 -0.517425537109375 0.405548095703125
0.0104751586914063 0.0040740966796875 -0.051483154296875 0.482574462890625
0.00488948822021484 0.00748538970947266 0.288421630859375 0.193695068359375
-0.0023040771484375 -0.00718021392822266 0.337188720703125 -0.099273681640625
0.00760459899902344 -0.0237026214599609 -0.330841064453125 0.097442626953125
0.0287189483642578 0.00343513488769531 -0.247207641601562 -0.191818237304688
0.00843238830566406 0.0146398544311523 0.080474853515625 -0.4755859375
-0.0171051025390625 0.0127372741699219 0.580078125 -0.38946533203125
-0.0215091705322266 -3.81469726562507E-05 0.75347900390625 0.34063720703125
-0.00632286071777344 -0.0268096923828125 0.23052978515625 0.901123046875
0.00922393798828125 0.0123891830444336 -0.23724365234375 0.62109375
0.00230026245117188 0.0219974517822266 0.0392303466796875 0.0550498962402344
0.0152215957641602 0.00492286682128906 0.29412841796875 -0.596435546875
0.0134391784667969 -0.0265293121337891 -0.27191162109375 -0.9134521484375
-0.0174808502197266 -0.0177516937255859 -0.79986572265625 -0.248779296875
-0.0139808654785156 0.00529766082763672 -0.495391845703125 0.43206787109375
0.0114011764526367 0.00585174560546875 -0.029083251953125 0.4862060546875
0.00499534606933594 0.00942611694335938 0.297393798828125 0.190887451171875
0.00125980377197266 -0.00423407554626465 0.338775634765625 -0.097808837890625
0.00742530822753906 -0.0231513977050781 -0.329986572265625 0.0966796875
0.0286216735839844 0.00376510620117188 -0.235382080078125 -0.193954467773437
0.00804901123046875 0.0140752792358398 0.100677490234375 -0.472320556640625
-0.0192165374755859 0.0112171173095703 0.59893798828125 -0.36456298828125
-0.0248737335205078 -0.00341224670410157 0.74298095703125 0.37945556640625
-0.00617790222167969 -0.0333938598632813 0.19677734375 0.91717529296875
0.0134029388427734 0.00566291809082031 -0.25341796875 0.612548828125
0.00992965698242187 0.0150537490844727 0.04339599609375 0.0457229614257812
0.0178432464599609 -0.00355911254882813 0.28021240234375 -0.605224609375
0.0104923248291016 -0.031158447265625 -0.30218505859375 -0.89520263671875
-0.0199699401855469 -0.0177497863769531 -0.80126953125 -0.2095947265625
-0.0155477523803711 0.005950927734375 -0.4725341796875 0.452667236328125
0.0116329193115234 0.004638671875 -0.00848388671874997 0.48895263671875
0.00600337982177734 0.00982475280761719 0.306549072265625 0.186798095703125
0.00100588798522949 -0.00326299667358398 0.339385986328125 -0.10076904296875
0.00884246826171875 -0.0236968994140625 -0.328155517578125 0.0913391113281251
0.0271873474121094 0.00141525268554688 -0.226699829101563 -0.1954345703125
0.00889015197753906 0.01092529296875 0.115325927734375 -0.47125244140625
-0.0191421508789062 0.00952911376953125 0.6116943359375 -0.347412109375
-0.0257949829101562 -0.00334739685058594 0.73828125 0.4034423828125
-0.00509262084960937 -0.0386695861816406 0.17919921875 0.9298095703125
0.0189647674560547 -0.00287055969238281 -0.26263427734375 0.60693359375
0.0189380645751953 0.00582504272460938 0.044219970703125 0.0406646728515625
0.0213966369628906 -0.0138168334960938 0.2657470703125 -0.613525390625
0.0101318359375 -0.0354156494140625 -0.32891845703125 -0.87933349609375
-0.01995849609375 -0.0155601501464844 -0.80682373046875 -0.18280029296875
-0.0147695541381836 0.00514793395996094 -0.4578857421875 0.46746826171875
0.0127944946289063 0.000417709350585937 0.00350952148437496 0.49176025390625
0.00362014770507813 0.00669097900390625 0.311187744140625 0.186431884765625
0.00234079360961914 -0.00379371643066406 0.3404541015625 -0.097747802734375
0.00945281982421875 -0.0271034240722656 -0.3265380859375 0.089447021484375
0.0260276794433594 -0.00310897827148438 -0.223541259765625 -0.194686889648438
0.0111322402954102 0.00371837615966797 0.119232177734375 -0.468658447265625
-0.0171804428100586 0.00859355926513672 0.61553955078125 -0.33856201171875
-0.0239200592041016 -0.00085830688476562 0.73992919921875 0.41204833984375
-0.00400161743164062 -0.0432243347167969 0.1771240234375 0.93475341796875
0.0245456695556641 -0.0139579772949219 -0.26513671875 0.60577392578125
0.0288658142089844 -0.00432014465332031 0.0424118041992188 0.0397987365722656
0.024566650390625 -0.02398681640625 0.259765625 -0.611328125
0.0106735229492187 -0.0381546020507813 -0.335205078125 -0.87286376953125
-0.0166921615600586 -0.0137186050415039 -0.806396484375 -0.17388916015625
-0.0130443572998047 0.00309848785400391 -0.453582763671875 0.47393798828125
0.0141506195068359 -0.00634193420410156 0.00482177734375005 0.49432373046875
0.00272607803344727 0.00176024436950684 0.311187744140625 0.186981201171875
0.00211811065673828 -0.00667428970336914 0.34039306640625 -0.094573974609375
0.00828170776367187 -0.0327320098876953 -0.3275146484375 0.0896606445312499
0.0249099731445312 -0.00873947143554688 -0.226654052734375 -0.191787719726563
0.0135889053344727 -0.00335597991943359 0.114288330078125 -0.467529296875
-0.0135831832885742 0.00799083709716797 0.60919189453125 -0.345947265625
-0.0199909210205078 0.00304794311523437 0.7425537109375 0.404296875
-0.00255966186523437 -0.0455665588378906 0.18780517578125 0.93341064453125
0.0282268524169922 -0.0235538482666016 -0.26007080078125 0.610595703125
0.0364799499511719 -0.0143470764160156 0.0372123718261719 0.0442008972167969
0.0272846221923828 -0.033111572265625 0.2628173828125 -0.6068115234375
0.0119400024414062 -0.039764404296875 -0.32232666015625 -0.87860107421875
-0.0120372772216797 -0.0106687545776367 -0.8043212890625 -0.1856689453125
-0.0100460052490234 0.00162696838378906 -0.46282958984375 0.469329833984375
0.0159225463867188 -0.0134735107421875 -0.00140380859375004 0.4976806640625
0.000962734222412109 -0.00468635559082031 0.308349609375 0.191253662109375
0.000249862670898438 -0.0109128952026367 0.341064453125 -0.09228515625
0.0075225830078125 -0.0385932922363281 -0.326446533203125 0.0908203125
0.0230197906494141 -0.0152187347412109 -0.23260498046875 -0.188140869140625
0.0159473419189453 -0.0113840103149414 0.100555419921875 -0.46795654296875
-0.00817298889160156 0.00723981857299805 0.59674072265625 -0.3607177734375
-0.0147848129272461 0.00949478149414062 0.753173828125 0.37969970703125
-0.00144195556640625 -0.0437049865722656 0.21533203125 0.92315673828125
0.0296497344970703 -0.0302925109863281 -0.249755859375 0.6202392578125
0.0423393249511719 -0.0218696594238281 0.0301933288574219 0.05291748046875
0.0301513671875 -0.0387611389160156 0.27117919921875 -0.5950927734375
0.0151786804199219 -0.0389556884765625 -0.30133056640625 -0.8900146484375
-0.00523567199707031 -0.00647497177124024 -0.80511474609375 -0.2138671875
-0.00647306442260742 -0.00112628936767578 -0.478851318359375 0.45709228515625
0.0182094573974609 -0.0212955474853516 -0.01702880859375 0.498870849609375
-0.000841140747070312 -0.0116176605224609 0.3017578125 0.1961669921875
-0.000693321228027342 -0.0163679122924805 0.34039306640625 -0.0887451171875
0.00371170043945312 -0.0296421051025391 -0.33148193359375 0.1080322265625
0.0264110565185547 -0.00471687316894531 -0.273345947265625 -0.180419921875
0.0113916397094727 0.00681304931640625 0.03216552734375 -0.480377197265625
-0.00838851928710938 0.0133199691772461 0.53509521484375 -0.451171875
-0.0110616683959961 0.00888824462890625 0.77557373046875 0.253173828125
-0.00298881530761719 -0.0180110931396484 0.31591796875 0.8699951171875
0.00702095031738281 0.0147285461425781 -0.19500732421875 0.650634765625
-0.00358772277832031 0.0238609313964844 0.0269775390625 0.0788650512695313
0.0129489898681641 0.0120182037353516 0.32818603515625 -0.57659912109375
0.0196743011474609 -0.0166721343994141 -0.20263671875 -0.9560546875
-0.00650501251220703 -0.0110549926757812 -0.7984619140625 -0.33563232421875
-0.00826930999755859 0.00317668914794922 -0.542572021484375 0.38946533203125
0.0118608474731445 -0.00101852416992188 -0.070709228515625 0.4849853515625
0.00242948532104492 0.00161528587341309 0.280441284179688 0.1990966796875
-0.00326442718505859 -0.0101146697998047 0.33807373046875 -0.09588623046875
0.00367355346679688 -0.0263290405273438 -0.33074951171875 0.10791015625
0.0291347503662109 6.67572021484375E-05 -0.261322021484375 -0.184539794921875
0.00970554351806641 0.0122194290161133 0.053558349609375 -0.47784423828125
-0.0136537551879883 0.0140495300292969 0.5572509765625 -0.424652099609375
-0.0170402526855469 0.00318431854248047 0.7666015625 0.2928466796875
-0.00562667846679687 -0.0227985382080078 0.27313232421875 0.887939453125
0.00689220428466797 0.01629638671875 -0.2147216796875 0.63836669921875
-0.00191879272460937 0.0255031585693359 0.0337257385253906 0.0670051574707031
0.0129241943359375 0.0106973648071289 0.31341552734375 -0.5902099609375
0.0155677795410156 -0.02105712890625 -0.237548828125 -0.93511962890625
-0.0136041641235352 -0.0153379440307617 -0.8018798828125 -0.2884521484375
-0.0116128921508789 0.00516414642333984 -0.51611328125 0.412567138671875
0.0104351043701172 0.00347232818603516 -0.04547119140625 0.48529052734375
0.00494909286499023 0.00636816024780274 0.29229736328125 0.190673828125
-0.00280904769897461 -0.00632476806640625 0.33917236328125 -0.103729248046875
0.0072784423828125 -0.0228042602539063 -0.330902099609375 0.102447509765625
0.0279598236083984 0.00314521789550781 -0.250015258789062 -0.189910888671875
0.00844097137451172 0.0149097442626953 0.075836181640625 -0.480499267578125
-0.0177459716796875 0.0129280090332031 0.5806884765625 -0.4000244140625
-0.0224342346191406 -0.000570297241210941 0.75994873046875 0.33343505859375
-0.006256103515625 -0.0277118682861328 0.242919921875 0.90802001953125
0.00990009307861328 0.0126199722290039 -0.232666015625 0.62896728515625
0.002197265625 0.0228824615478516 0.0397758483886719 0.0554885864257813
0.0148172378540039 0.00496959686279297 0.292724609375 -0.6033935546875
0.0132179260253906 -0.0269966125488281 -0.28131103515625 -0.91485595703125
-0.0179023742675781 -0.0176010131835938 -0.80914306640625 -0.24273681640625
-0.0146951675415039 0.00554847717285156 -0.4935302734375 0.4395751953125
0.0112886428833008 0.00577545166015625 -0.023956298828125 0.489532470703125
0.00484561920166016 0.0097198486328125 0.30133056640625 0.18853759765625
0.000365734100341797 -0.00379037857055664 0.339813232421875 -0.102081298828125
0.00643730163574219 -0.0220813751220703 -0.330413818359375 0.100433349609375
0.0285892486572266 0.00292587280273438 -0.2384033203125 -0.193939208984375
0.00824451446533203 0.0141191482543945 0.095794677734375 -0.477325439453125
-0.0192737579345703 0.0121707916259766 0.59906005859375 -0.37347412109375
-0.0252265930175781 -0.00330924987792969 0.7508544921875 0.37322998046875
-0.00638580322265625 -0.0336894989013672 0.20794677734375 0.9228515625
0.0138082504272461 0.00639533996582031 -0.24859619140625 0.61767578125
0.00937366485595703 0.0164451599121094 0.043792724609375 0.0461082458496094
0.0184249877929688 -0.00368690490722656 0.27691650390625 -0.61102294921875
0.0110702514648437 -0.0320262908935547 -0.31219482421875 -0.89727783203125
-0.0202789306640625 -0.0178604125976563 -0.80853271484375 -0.20391845703125
-0.0151338577270508 0.00608730316162109 -0.473419189453125 0.45977783203125
0.0114850997924805 0.00419139862060547 -0.00466918945312505 0.491973876953125
0.00502204895019531 0.0092020034790039 0.310333251953125 0.184722900390625
0.000320911407470703 -0.00271749496459961 0.341827392578125 -0.104949951171875
0.00811386108398438 -0.0231266021728516 -0.32916259765625 0.097259521484375
0.0267391204833984 0.000856399536132813 -0.229782104492188 -0.194610595703125
0.00914573669433594 0.0102071762084961 0.1114501953125 -0.475372314453125
-0.0201396942138672 0.0101089477539062 0.61297607421875 -0.35565185546875
-0.0259017944335938 -0.00351905822753906 0.74871826171875 0.39984130859375
-0.00535202026367187 -0.0388565063476563 0.190185546875 0.9359130859375
0.0191783905029297 -0.00350189208984375 -0.2589111328125 0.6126708984375
0.0191383361816406 0.00643348693847656 0.0452194213867188 0.0398597717285156
0.0206375122070313 -0.0140094757080078 0.2620849609375 -0.6187744140625
0.00940704345703125 -0.0356369018554688 -0.33856201171875 -0.88134765625
-0.0195083618164062 -0.0164108276367188 -0.81329345703125 -0.1776123046875
-0.0144863128662109 0.00528526306152343 -0.457977294921875 0.47711181640625
0.0127725601196289 7.62939453125E-06 0.00790405273437503 0.4947509765625
0.00380611419677734 0.00660943984985351 0.31439208984375 0.183502197265625
0.00138449668884277 -0.00298666954040527 0.341796875 -0.1026611328125
0.00798225402832031 -0.0262794494628906 -0.327301025390625 0.094696044921875
0.0257244110107422 -0.00357818603515625 -0.226348876953125 -0.193084716796875
0.0117340087890625 0.00403404235839844 0.116973876953125 -0.47412109375
-0.0177154541015625 0.009307861328125 0.6160888671875 -0.348388671875
-0.0241031646728516 -0.00134658813476562 0.74884033203125 0.406982421875
-0.0041961669921875 -0.0434417724609375 0.186767578125 0.94183349609375
0.0245132446289063 -0.0138473510742187 -0.26104736328125 0.61260986328125
0.0289382934570313 -0.00399017333984375 0.0428504943847656 0.0395851135253906
0.0243015289306641 -0.024322509765625 0.25537109375 -0.61737060546875
0.0095062255859375 -0.0382423400878906 -0.34417724609375 -0.87664794921875
-0.0170888900756836 -0.0131464004516602 -0.81475830078125 -0.16790771484375
-0.0130796432495117 0.00409412384033203 -0.454498291015625 0.48095703125
0.0144557952880859 -0.00589656829833984 0.011474609375 0.496917724609375
0.00186097621917725 0.00160527229309082 0.315155029296875 0.18450927734375
0.0011601448059082 -0.00550270080566406 0.342041015625 -0.09942626953125
0.00740432739257813 -0.0324726104736328 -0.328369140625 0.095611572265625
0.0250186920166016 -0.00934028625488281 -0.228485107421875 -0.191513061523437
0.0141019821166992 -0.00373649597167969 0.110504150390625 -0.473480224609375
-0.0134286880493164 0.00935554504394531 0.6092529296875 -0.35369873046875
-0.0204544067382813 0.00299835205078125 0.751953125 0.40020751953125
-0.00326919555664063 -0.0463829040527344 0.20062255859375 0.93804931640625
0.0284595489501953 -0.0237674713134766 -0.25714111328125 0.6171875
0.0371017456054688 -0.0133743286132813 0.03704833984375 0.0443191528320313
0.0270042419433594 -0.0331954956054687 0.26025390625 -0.6112060546875
0.0117683410644531 -0.040008544921875 -0.332275390625 -0.882080078125
-0.0119428634643555 -0.0104751586914063 -0.81298828125 -0.1806640625
-0.010401725769043 0.00205707550048828 -0.461090087890625 0.47589111328125
0.0152797698974609 -0.0139007568359375 0.00207519531249997 0.50018310546875
0.000497102737426758 -0.00432825088500976 0.312530517578125 0.187957763671875
-0.000213623046875 -0.0104093551635742 0.343475341796875 -0.09710693359375
0.00647735595703125 -0.0376167297363281 -0.32708740234375 0.095428466796875
0.0234203338623047 -0.0158309936523438 -0.235671997070313 -0.187454223632813
0.016876220703125 -0.0115852355957031 0.096954345703125 -0.473724365234375
-0.0085291862487793 0.00813007354736328 0.59637451171875 -0.36968994140625
-0.0148544311523438 0.00843524932861328 0.76190185546875 0.37591552734375
-0.00124359130859375 -0.0447845458984375 0.22747802734375 0.92913818359375
0.0293846130371094 -0.0311069488525391 -0.2457275390625 0.62579345703125
0.0425987243652344 -0.0220375061035156 0.0298728942871094 0.0531425476074219
0.0299453735351562 -0.03857421875 0.26910400390625 -0.60260009765625
0.0142898559570313 -0.0390777587890625 -0.31280517578125 -0.89532470703125
-0.00580453872680664 -0.00666189193725586 -0.81231689453125 -0.208251953125
-0.00667953491210938 -0.000560283660888673 -0.47784423828125 0.464263916015625
0.0177192687988281 -0.0219516754150391 -0.012176513671875 0.5010986328125
-0.00106620788574219 -0.0120477676391602 0.30523681640625 0.1934814453125
-0.00161647796630859 -0.0155210494995117 0.342315673828125 -0.0933837890625
0.003143310546875 -0.0288143157958984 -0.331817626953125 0.113006591796875
0.0268917083740234 -0.00561714172363281 -0.276473999023438 -0.177703857421875
0.0124187469482422 0.00677490234375 0.02691650390625 -0.4840087890625
-0.00907802581787109 0.0140018463134766 0.5325927734375 -0.461517333984375
-0.0113811492919922 0.00838565826416016 0.7822265625 0.2447509765625
-0.00287628173828125 -0.0189971923828125 0.32818603515625 0.8707275390625
0.00671768188476562 0.0160102844238281 -0.18939208984375 0.65667724609375
-0.00311470031738281 0.0248184204101562 0.0271759033203125 0.0788955688476563
0.0126838684082031 0.0119867324829102 0.32421875 -0.58294677734375
0.0193901062011719 -0.0170097351074219 -0.2135009765625 -0.96044921875
-0.00731658935546875 -0.0108013153076172 -0.8084716796875 -0.32989501953125
-0.00914478302001953 0.00378036499023437 -0.54180908203125 0.397491455078125
0.011754035949707 -0.0018768310546875 -0.065673828125 0.488922119140625
0.00234007835388184 0.00162506103515625 0.283233642578125 0.1966552734375
-0.00351810455322266 -0.00879001617431641 0.33935546875 -0.101470947265625
0.00240707397460937 -0.025360107421875 -0.33154296875 0.114349365234375
0.0289516448974609 -0.000955581665039063 -0.265838623046875 -0.182907104492187
0.0106582641601563 0.0124893188476563 0.0494384765625 -0.480743408203125
-0.0135374069213867 0.0148811340332031 0.55621337890625 -0.434478759765625
-0.0173873901367188 0.00225925445556641 0.77374267578125 0.28570556640625
-0.00494766235351563 -0.0234394073486328 0.28509521484375 0.89208984375
0.00715351104736328 0.0164594650268555 -0.2099609375 0.6446533203125
-0.00189208984375 0.0267543792724609 0.0340118408203125 0.0668563842773438
0.0135869979858398 0.0107212066650391 0.3111572265625 -0.59808349609375
0.015625 -0.0215435028076172 -0.24981689453125 -0.9381103515625
-0.0139636993408203 -0.015446662902832 -0.81011962890625 -0.28094482421875
-0.0115871429443359 0.00541877746582031 -0.515838623046875 0.420440673828125
0.00986385345458985 0.00263595581054688 -0.041168212890625 0.488555908203125
0.00397825241088867 0.00655746459960938 0.295135498046875 0.188629150390625
-0.00369644165039063 -0.00560712814331055 0.340362548828125 -0.108154296875
0.00604438781738281 -0.0212764739990234 -0.33135986328125 0.10833740234375
0.0284137725830078 0.00206184387207031 -0.252471923828125 -0.188034057617188
0.0100107192993164 0.0145711898803711 0.072479248046875 -0.483978271484375
-0.0175590515136719 0.0135383605957031 0.57781982421875 -0.408935546875
-0.0226554870605469 -0.000520706176757816 0.77069091796875 0.32861328125
-0.00583076477050781 -0.0280532836914063 0.25347900390625 0.9114990234375
0.00977802276611328 0.0136375427246094 -0.22698974609375 0.63446044921875
0.0023193359375 0.0237693786621094 0.0404129028320313 0.0554580688476563
0.0154228210449219 0.00480842590332031 0.28851318359375 -0.60870361328125
0.0133495330810547 -0.0270519256591797 -0.29315185546875 -0.91864013671875
-0.0180282592773438 -0.0173683166503906 -0.81793212890625 -0.23724365234375
-0.0144224166870117 0.00587940216064453 -0.492645263671875 0.44708251953125
0.0103721618652344 0.00507640838623047 -0.0194091796875 0.4927978515625
0.00400257110595703 0.00937175750732422 0.305267333984375 0.185516357421875
-0.00108695030212402 -0.00257158279418945 0.34124755859375 -0.106689453125
0.00577354431152344 -0.0214309692382813 -0.331390380859375 0.106689453125
0.0284271240234375 0.0023345947265625 -0.240997314453125 -0.191375732421875
0.00882530212402344 0.0144844055175781 0.09332275390625 -0.48040771484375
-0.0200004577636719 0.0127105712890625 0.5985107421875 -0.383544921875
-0.0250778198242188 -0.00359344482421875 0.760498046875 0.3663330078125
-0.00597763061523437 -0.0346145629882813 0.21923828125 0.92840576171875
0.0135507583618164 0.00691795349121094 -0.24444580078125 0.62408447265625
0.00977802276611328 0.0171451568603516 0.0441703796386719 0.0457496643066406
0.0177135467529297 -0.00329971313476562 0.27239990234375 -0.61798095703125
0.0106983184814453 -0.0324726104736328 -0.32330322265625 -0.9000244140625
-0.0207958221435547 -0.0171737670898438 -0.81695556640625 -0.19549560546875
-0.0149421691894531 0.00679111480712891 -0.469329833984375 0.46759033203125
0.0113811492919922 0.00343990325927734 0.000244140625000029 0.49432373046875
0.00500679016113281 0.00914096832275391 0.31329345703125 0.1802978515625
-0.000431656837463379 -0.00185883045196533 0.3427734375 -0.109954833984375
0.00750350952148437 -0.0227336883544922 -0.3284912109375 0.101593017578125
0.0267524719238281 0.000125885009765625 -0.23284912109375 -0.192581176757812
0.00953388214111328 0.0102548599243164 0.107421875 -0.4810791015625
-0.019989013671875 0.0106735229492188 0.61114501953125 -0.3653564453125
-0.0261936187744141 -0.00431442260742187 0.75732421875 0.3935546875
-0.00542831420898437 -0.0398483276367188 0.20330810546875 0.94061279296875
0.019287109375 -0.00341033935546875 -0.2542724609375 0.619384765625
0.0197792053222656 0.00716018676757813 0.0459976196289063 0.0400199890136719
0.0206012725830078 -0.0138149261474609 0.2569580078125 -0.62530517578125
0.00957107543945313 -0.0361557006835938 -0.34796142578125 -0.8839111328125
-0.0204620361328125 -0.0152492523193359 -0.821533203125 -0.1690673828125
-0.0148181915283203 0.005889892578125 -0.45452880859375 0.482269287109375
0.0121183395385742 -0.000382423400878906 0.014404296875 0.496551513671875
0.00320911407470703 0.00618219375610351 0.318878173828125 0.179931640625
0.00106453895568848 -0.0023190975189209 0.342498779296875 -0.107940673828125
0.00776290893554688 -0.0253734588623047 -0.328460693359375 0.100341796875
0.0251045227050781 -0.00453948974609375 -0.229263305664062 -0.191619873046875
0.0121145248413086 0.00348091125488281 0.111602783203125 -0.4781494140625
-0.0179157257080078 0.00980758666992188 0.6158447265625 -0.35888671875
-0.0247764587402344 -0.0018157958984375 0.7598876953125 0.40252685546875
-0.00405120849609374 -0.0451393127441406 0.19775390625 0.94488525390625
0.0238380432128906 -0.0143566131591797 -0.25567626953125 0.61798095703125
0.0289344787597656 -0.00336265563964844 0.0438041687011719 0.0392837524414062
0.0241947174072266 -0.0243968963623047 0.2523193359375 -0.62432861328125
0.00957107543945313 -0.0389785766601563 -0.35565185546875 -0.87884521484375
-0.0173397064208984 -0.013340950012207 -0.82135009765625 -0.1607666015625
-0.0131120681762695 0.00412940979003906 -0.452056884765625 0.4884033203125
0.013545036315918 -0.00654125213623047 0.016448974609375 0.500518798828125
0.00199294090270996 0.00218319892883301 0.3193359375 0.180938720703125
0.000826358795166015 -0.00478649139404297 0.342864990234375 -0.104400634765625
0.00664901733398438 -0.0313739776611328 -0.328216552734375 0.100738525390625
0.0247402191162109 -0.0100364685058594 -0.231704711914062 -0.18975830078125
0.0139169692993164 -0.00429534912109375 0.105987548828125 -0.477691650390625
-0.0140676498413086 0.00936508178710938 0.60968017578125 -0.36370849609375
-0.0207061767578125 0.00231170654296875 0.7615966796875 0.3922119140625
-0.00279998779296875 -0.0474777221679688 0.211181640625 0.941650390625
0.0282115936279297 -0.0240287780761719 -0.2515869140625 0.62335205078125
0.0369987487792969 -0.0132827758789063 0.0379753112792969 0.0442924499511719
0.0269832611083984 -0.0334186553955078 0.25469970703125 -0.61834716796875
0.0116348266601562 -0.0407333374023438 -0.3447265625 -0.88409423828125
-0.0123567581176758 -0.0103864669799805 -0.8216552734375 -0.1746826171875
-0.0100584030151367 0.00212383270263672 -0.4593505859375 0.4837646484375
0.0150470733642578 -0.0148515701293945 0.00863647460937495 0.50341796875
0.000249385833740235 -0.00480461120605469 0.315582275390625 0.185211181640625
-0.00116062164306641 -0.0094156265258789 0.343780517578125 -0.10205078125
0.00620651245117188 -0.0369606018066406 -0.327117919921875 0.101226806640625
0.0228996276855469 -0.0164642333984375 -0.2384033203125 -0.185638427734375
0.0169897079467773 -0.0121364593505859 0.09197998046875 -0.476593017578125
-0.00866603851318359 0.00903034210205078 0.59625244140625 -0.3798828125
-0.0152750015258789 0.00848674774169922 0.77178955078125 0.3692626953125
-0.00147247314453125 -0.0459327697753906 0.23779296875 0.9337158203125
0.0291328430175781 -0.0301399230957031 -0.240234375 0.632080078125
0.0421791076660156 -0.0209541320800781 0.0310783386230469 0.0529289245605469
0.02935791015625 -0.0391578674316406 0.26519775390625 -0.607177734375
0.0145301818847656 -0.0396881103515625 -0.32232666015625 -0.8963623046875
-0.00521230697631836 -0.00650453567504883 -0.82061767578125 -0.20159912109375
-0.00548315048217773 -0.000237464904785156 -0.477691650390625 0.470703125
0.0168018341064453 -0.0220108032226563 -0.006256103515625 0.505157470703125
-0.00172233581542969 -0.0124044418334961 0.308929443359375 0.1910400390625
-0.00203800201416016 -0.0148868560791016 0.3431396484375 -0.0980224609375
0.00210380554199219 -0.0282840728759766 -0.3311767578125 0.118743896484375
0.0260372161865234 -0.00628662109375 -0.278854370117188 -0.175613403320312
0.0126419067382813 0.00630378723144531 0.021759033203125 -0.48583984375
-0.00885486602783203 0.0142660140991211 0.529510498046875 -0.470123291015625
-0.0120353698730469 0.00800418853759766 0.79156494140625 0.23651123046875
-0.00240707397460937 -0.0196456909179688 0.34185791015625 0.87359619140625
0.00696372985839844 0.0156164169311523 -0.18170166015625 0.6627197265625
-0.00303459167480469 0.0261211395263672 0.0282745361328125 0.0789413452148438
0.0128278732299805 0.0120887756347656 0.32012939453125 -0.5906982421875
0.0189838409423828 -0.0173816680908203 -0.22705078125 -0.96185302734375
-0.00704479217529297 -0.0105438232421875 -0.81658935546875 -0.32122802734375
-0.00843954086303711 0.00400304794311523 -0.540252685546875 0.404754638671875
0.0108547210693359 -0.00167942047119141 -0.0587158203124999 0.490203857421875
0.00191986560821533 0.00190961360931397 0.28668212890625 0.192626953125
-0.00414705276489258 -0.00803375244140625 0.33978271484375 -0.106414794921875
0.00175857543945312 -0.0241012573242188 -0.330657958984375 0.119110107421875
0.0285682678222656 -0.00207328796386719 -0.268081665039063 -0.180084228515625
0.0109663009643555 0.0125494003295898 0.043487548828125 -0.484527587890625
-0.0136318206787109 0.0157794952392578 0.552825927734375 -0.4439697265625
-0.0180892944335938 0.00195503234863281 0.78216552734375 0.2763671875
-0.00516128540039062 -0.0244808197021484 0.298095703125 0.8936767578125
0.00767230987548828 0.0170879364013672 -0.202880859375 0.65118408203125
-0.0016632080078125 0.0275783538818359 0.0348052978515625 0.0670394897460938
0.0129928588867188 0.0106754302978516 0.3045654296875 -0.6029052734375
0.0149440765380859 -0.022003173828125 -0.2630615234375 -0.94122314453125
-0.0139904022216797 -0.0153512954711914 -0.81817626953125 -0.2747802734375
-0.0119094848632813 0.00528144836425781 -0.51324462890625 0.428009033203125
0.00946521759033203 0.00310897827148438 -0.035797119140625 0.49163818359375
0.00388908386230469 0.0066685676574707 0.299041748046875 0.18536376953125
-0.00474023818969727 -0.00449657440185547 0.34033203125 -0.1134033203125
0.00566291809082031 -0.0211505889892578 -0.330963134765625 0.114288330078125
0.02783203125 0.00154495239257813 -0.255752563476563 -0.185623168945312
0.010223388671875 0.0149316787719727 0.066650390625 -0.488067626953125
-0.0177440643310547 0.0146884918212891 0.57611083984375 -0.42034912109375
-0.0229721069335937 -0.00135231018066406 0.77911376953125 0.3192138671875
-0.00656890869140625 -0.0293331146240234 0.2666015625 0.91534423828125
0.0103063583374023 0.0136804580688477 -0.2198486328125 0.640380859375
0.00270462036132812 0.0248641967773438 0.0411148071289063 0.0550956726074219
0.0154504776000977 0.00497722625732422 0.28338623046875 -0.61505126953125
0.0126934051513672 -0.0269851684570312 -0.30572509765625 -0.9197998046875
-0.0186061859130859 -0.0164966583251953 -0.82403564453125 -0.22821044921875
-0.0142574310302734 0.00603294372558594 -0.489990234375 0.453826904296875
0.0105056762695313 0.00450229644775391 -0.012969970703125 0.494873046875
0.00435161590576172 0.00904750823974609 0.3087158203125 0.181976318359375
-0.0017629861831665 -0.0018850564956665 0.341400146484375 -0.112213134765625
0.00543022155761719 -0.0209140777587891 -0.32989501953125 0.111907958984375
0.0278148651123047 0.00196266174316406 -0.244155883789063 -0.188995361328125
0.00957489013671875 0.0142192840576172 0.086090087890625 -0.484344482421875
-0.0203037261962891 0.0139636993408203 0.59600830078125 -0.39398193359375
-0.0259532928466797 -0.00403785705566406 0.769775390625 0.358154296875
-0.0059967041015625 -0.0353164672851563 0.2303466796875 0.9306640625
0.0137042999267578 0.00730133056640625 -0.2388916015625 0.63018798828125
0.00990104675292969 0.0186042785644531 0.0451431274414063 0.0455665588378906
0.0181713104248047 -0.00314903259277344 0.26690673828125 -0.6241455078125
0.0103740692138672 -0.0323772430419922 -0.33526611328125 -0.89947509765625
-0.0207862854003906 -0.0168895721435547 -0.8236083984375 -0.18798828125
-0.0148248672485352 0.00651454925537109 -0.4677734375 0.474761962890625
0.0107803344726563 0.00308322906494141 0.00817871093749997 0.496856689453125
0.00454521179199219 0.00914382934570313 0.316650390625 0.176849365234375
-0.00126206874847412 -0.000963449478149414 0.342742919921875 -0.115814208984375
0.00685882568359375 -0.0219821929931641 -0.329071044921875 0.10748291015625
0.0269832611083984 -0.000453948974609375 -0.235366821289063 -0.190811157226562
0.0105981826782227 0.0101652145385742 0.10205078125 -0.485076904296875
-0.0205020904541016 0.0117664337158203 0.60858154296875 -0.37530517578125
-0.026519775390625 -0.00465202331542969 0.7679443359375 0.3851318359375
-0.00518798828125 -0.0410308837890625 0.2159423828125 0.9443359375
0.0187015533447266 -0.00312995910644531 -0.24737548828125 0.62353515625
0.0196266174316406 0.00842094421386719 0.0467338562011719 0.0397186279296875
0.0207920074462891 -0.0136241912841797 0.25189208984375 -0.63031005859375
0.00949478149414062 -0.0362701416015625 -0.36260986328125 -0.88421630859375
-0.0205917358398438 -0.0152626037597656 -0.8280029296875 -0.1611328125
-0.014491081237793 0.0064249038696289 -0.45172119140625 0.489227294921875
0.012516975402832 -0.000737190246582031 0.02099609375 0.499603271484375
0.00337886810302734 0.00635480880737305 0.32122802734375 0.175567626953125
0.000627875328063965 -0.00170266628265381 0.3431396484375 -0.11248779296875
0.00666427612304688 -0.0251216888427734 -0.327850341796875 0.106109619140625
0.0251197814941406 -0.00446510314941406 -0.231964111328125 -0.190261840820313
0.0122518539428711 0.00380039215087891 0.106170654296875 -0.482940673828125
-0.0181560516357422 0.0101947784423828 0.6131591796875 -0.3687744140625
-0.0248584747314453 -0.00238800048828125 0.767822265625 0.39385986328125
-0.00436782836914063 -0.0450515747070313 0.21160888671875 0.9488525390625
0.0243606567382813 -0.0136547088623047 -0.24957275390625 0.6248779296875
0.0292854309082031 -0.00229454040527344 0.044097900390625 0.0388412475585938
0.0237331390380859 -0.0242557525634766 0.24560546875 -0.629638671875
0.00894927978515625 -0.0393104553222656 -0.36883544921875 -0.87841796875
-0.0176181793212891 -0.0127410888671875 -0.827392578125 -0.15142822265625
-0.0132923126220703 0.00414848327636719 -0.447967529296875 0.495086669921875
0.0130252838134766 -0.00720119476318359 0.0235595703124999 0.501251220703125
0.00130605697631836 0.00131452083587646 0.321807861328125 0.177337646484375
6.69956207275388E-05 -0.0034329891204834 0.3431396484375 -0.109039306640625
0.00559616088867187 -0.0304450988769531 -0.32861328125 0.106170654296875
0.0240612030029297 -0.0105628967285156 -0.235580444335937 -0.188201904296875
0.0144901275634766 -0.00409412384033203 0.099578857421875 -0.4813232421875
-0.0136260986328125 0.0102777481079102 0.6070556640625 -0.37335205078125
-0.0208206176757813 0.00178718566894531 0.76983642578125 0.38427734375
-0.00311279296875 -0.048370361328125 0.223388671875 0.94525146484375
0.0276432037353516 -0.0239753723144531 -0.24639892578125 0.63079833984375
0.0375404357910156 -0.0125808715820313 0.0381927490234375 0.0444831848144531
0.0263557434082031 -0.0334186553955078 0.24896240234375 -0.62274169921875
0.0109405517578125 -0.0409126281738281 -0.3580322265625 -0.884033203125
-0.0120630264282227 -0.00955104827880859 -0.828125 -0.16400146484375
-0.00978565216064453 0.0023813247680664 -0.45654296875 0.491485595703125
0.0144739151000977 -0.0144491195678711 0.0156249999999999 0.505035400390625
-0.000669479370117187 -0.00499105453491211 0.319976806640625 0.181121826171875
-0.0021204948425293 -0.008514404296875 0.344390869140625 -0.107940673828125
0.00487136840820313 -0.0366592407226562 -0.328094482421875 0.107635498046875
0.0224781036376953 -0.0162715911865234 -0.241531372070312 -0.183624267578125
0.0171127319335938 -0.012603759765625 0.088043212890625 -0.48126220703125
-0.00847816467285156 0.0100202560424805 0.5927734375 -0.38897705078125
-0.0152454376220703 0.00821495056152344 0.78118896484375 0.361083984375
-0.00260543823242188 -0.0470314025878906 0.25067138671875 0.935546875
0.0287246704101563 -0.0309638977050781 -0.23529052734375 0.63970947265625
0.0419998168945313 -0.0203933715820313 0.0315437316894531 0.0530891418457031
0.0291290283203125 -0.0387306213378906 0.2584228515625 -0.61297607421875
0.0141525268554687 -0.0401077270507813 -0.33563232421875 -0.89898681640625
-0.0053095817565918 -0.00613498687744141 -0.82745361328125 -0.19207763671875
-0.00672626495361328 -0.000605106353759765 -0.4735107421875 0.480377197265625
0.0161838531494141 -0.022308349609375 -0.00115966796875005 0.5074462890625
-0.00252056121826172 -0.0121192932128906 0.3118896484375 0.1876220703125
-0.00325298309326172 -0.0135641098022461 0.34326171875 -0.102996826171875
0.00176429748535156 -0.0278301239013672 -0.329925537109375 0.12457275390625
0.0255165100097656 -0.0065460205078125 -0.282196044921875 -0.171051025390625
0.0134553909301758 0.00600433349609375 0.015655517578125 -0.488311767578125
-0.00868797302246094 0.0153055191040039 0.524200439453125 -0.479461669921875
-0.0116405487060547 0.00750923156738281 0.7969970703125 0.225341796875
-0.00281333923339844 -0.0208740234375 0.35516357421875 0.87322998046875
0.00729560852050781 0.0159187316894531 -0.17352294921875 0.66729736328125
-0.0029144287109375 0.0270462036132813 0.0285110473632812 0.0791015625
0.0130844116210938 0.0124635696411133 0.31329345703125 -0.593994140625
0.0187950134277344 -0.0172348022460938 -0.23980712890625 -0.96160888671875
-0.00758934020996094 -0.010981559753418 -0.82568359375 -0.312255859375
-0.00875377655029297 0.00383710861206055 -0.53680419921875 0.41387939453125
0.0107402801513672 -0.00184822082519531 -0.052703857421875 0.4930419921875
0.00134122371673584 0.00159537792205811 0.289947509765625 0.1888427734375
-0.00485897064208984 -0.00720691680908203 0.339324951171875 -0.111724853515625
0.00119400024414063 -0.0235691070556641 -0.329315185546875 0.1253662109375
0.0278244018554688 -0.00308036804199219 -0.270721435546875 -0.176559448242188
0.0115604400634766 0.0121688842773438 0.0374755859375 -0.48687744140625
-0.0138130187988281 0.016606330871582 0.54718017578125 -0.453582763671875
-0.0184440612792969 0.00152778625488281 0.7879638671875 0.26800537109375
-0.0049896240234375 -0.0251121520996094 0.3121337890625 0.8936767578125
0.00786304473876953 0.0175418853759766 -0.19500732421875 0.65643310546875
-0.00151634216308594 0.0288314819335937 0.035888671875 0.06640625
0.0133228302001953 0.0108175277709961 0.297607421875 -0.60772705078125
0.0151481628417969 -0.0222549438476563 -0.27685546875 -0.93914794921875
-0.0145416259765625 -0.0151453018188477 -0.8253173828125 -0.2647705078125
-0.0119285583496094 0.00573635101318359 -0.5103759765625 0.436676025390625
0.00953960418701172 0.0029144287109375 -0.027496337890625 0.492462158203125
0.00379514694213867 0.00683307647705078 0.301971435546875 0.18115234375
-0.00541019439697266 -0.00373554229736328 0.33966064453125 -0.11993408203125
0.00507926940917969 -0.0198116302490234 -0.3294677734375 0.120269775390625
0.0276203155517578 0.000560760498046875 -0.258743286132813 -0.182342529296875
0.0107536315917969 0.0146198272705078 0.058868408203125 -0.490509033203125
-0.0179767608642578 0.0153598785400391 0.5711669921875 -0.4298095703125
-0.0237751007080078 -0.0015411376953125 0.7857666015625 0.310546875
-0.00671195983886719 -0.0297641754150391 0.28021240234375 0.91583251953125
0.0103673934936523 0.0133953094482422 -0.21221923828125 0.64556884765625
0.00290298461914063 0.0258140563964844 0.0412521362304688 0.0544090270996094
0.015355110168457 0.00555038452148438 0.27667236328125 -0.62042236328125
0.0121307373046875 -0.027435302734375 -0.31915283203125 -0.920166015625
-0.0188655853271484 -0.0159149169921875 -0.83062744140625 -0.219482421875
-0.0147495269775391 0.00665473937988282 -0.485382080078125 0.4608154296875
0.00963973999023438 0.00414085388183594 -0.0054931640625 0.496307373046875
0.00363636016845703 0.00921630859375 0.31072998046875 0.1768798828125
-0.00177669525146484 -0.000702261924743652 0.340667724609375 -0.117950439453125
0.00423812866210938 -0.0200061798095703 -0.329620361328125 0.1180419921875
0.0277671813964844 0.00139045715332031 -0.246856689453125 -0.186416625976563
0.00974369049072266 0.0137405395507813 0.080474853515625 -0.487579345703125
-0.0201053619384766 0.0137863159179687 0.59136962890625 -0.404052734375
-0.0266380310058594 -0.00492477416992187 0.77801513671875 0.348388671875
-0.006439208984375 -0.036529541015625 0.24462890625 0.931884765625
0.0140895843505859 0.0072174072265625 -0.2301025390625 0.63592529296875
0.0106220245361328 0.0192127227783203 0.0463104248046875 0.0447540283203125
0.01739501953125 -0.0026397705078125 0.25933837890625 -0.63067626953125
0.00961494445800781 -0.0322456359863281 -0.3487548828125 -0.89862060546875
-0.0213031768798828 -0.0167369842529297 -0.83099365234375 -0.17901611328125
-0.0147924423217773 0.006988525390625 -0.462310791015625 0.480804443359375
0.0104646682739258 0.00287246704101562 0.01495361328125 0.497100830078125
0.00426483154296875 0.00904178619384766 0.3197021484375 0.1719970703125
-0.0019080638885498 0.000302672386169433 0.341888427734375 -0.120391845703125
0.00629425048828125 -0.0212116241455078 -0.327606201171875 0.115020751953125
0.0261058807373047 -0.00108146667480469 -0.238571166992188 -0.187637329101563
0.0113363265991211 0.0100336074829102 0.0956115722656249 -0.488433837890625
-0.0207157135009766 0.012481689453125 0.60498046875 -0.3870849609375
-0.0271091461181641 -0.0050201416015625 0.775634765625 0.3756103515625
-0.005584716796875 -0.0418205261230469 0.2301025390625 0.94647216796875
0.0194110870361328 -0.00306892395019531 -0.2398681640625 0.630126953125
0.0194263458251953 0.00914764404296875 0.0462799072265625 0.0389900207519531
0.0204944610595703 -0.0133190155029297 0.24505615234375 -0.635009765625
0.00835418701171875 -0.0368537902832031 -0.37615966796875 -0.882080078125
-0.0206451416015625 -0.0148258209228516 -0.8348388671875 -0.1510009765625
-0.0144205093383789 0.00634002685546875 -0.447052001953125 0.496551513671875
0.0120067596435547 -0.00130176544189453 0.0277099609375 0.5
0.00283241271972656 0.00610494613647461 0.324615478515625 0.171295166015625
9.78410243988037E-05 -0.000343769788742065 0.34246826171875 -0.117584228515625
0.00631523132324218 -0.0246410369873047 -0.326934814453125 0.112152099609375
0.0246505737304688 -0.00544357299804688 -0.234939575195313 -0.187957763671875
0.0125579833984375 0.00385475158691406 0.1007080078125 -0.485198974609375
-0.0188331604003906 0.0119075775146484 0.6092529296875 -0.37969970703125
-0.0249156951904297 -0.00293350219726563 0.776611328125 0.38543701171875
-0.00476837158203125 -0.0469284057617188 0.22650146484375 0.94989013671875
0.0246505737304688 -0.0138015747070313 -0.243896484375 0.62933349609375
0.0294933319091797 -0.00197029113769531 0.0448684692382812 0.038604736328125
0.023223876953125 -0.0250797271728516 0.23968505859375 -0.63385009765625
0.0086822509765625 -0.0392913818359375 -0.3818359375 -0.877197265625
-0.0174551010131836 -0.012537956237793 -0.833984375 -0.14093017578125
-0.0128078460693359 0.00510406494140625 -0.4432373046875 0.501373291015625
0.0127573013305664 -0.00752449035644531 0.030181884765625 0.50238037109375
0.0011972188949585 0.00203728675842285 0.325897216796875 0.173004150390625
2.86102294921877E-06 -0.00308752059936523 0.343536376953125 -0.115631103515625
0.00487136840820313 -0.0302982330322266 -0.326934814453125 0.112152099609375
0.0238895416259766 -0.0111293792724609 -0.23699951171875 -0.185836791992187
0.0145330429077148 -0.00519561767578125 0.0935058593749999 -0.48529052734375
-0.0139894485473633 0.010955810546875 0.603759765625 -0.38507080078125
-0.0209827423095703 0.00177574157714843 0.7802734375 0.3758544921875
-0.0038604736328125 -0.0492134094238281 0.23809814453125 0.945556640625
0.0278453826904297 -0.0242767333984375 -0.23858642578125 0.6346435546875
0.0372047424316406 -0.0123672485351562 0.0393447875976563 0.04315185546875
0.0260715484619141 -0.0336894989013672 0.24359130859375 -0.63055419921875
0.009979248046875 -0.0413360595703125 -0.368896484375 -0.882568359375
-0.0125179290771484 -0.00949287414550781 -0.83197021484375 -0.154296875
-0.00977897644042969 0.00257492065429688 -0.451263427734375 0.498809814453125
0.0137815475463867 -0.0154895782470703 0.022674560546875 0.50616455078125
-0.000869989395141601 -0.00421237945556641 0.322174072265625 0.176483154296875
-0.00235414505004883 -0.00795698165893555 0.3438720703125 -0.11248779296875
0.00406265258789062 -0.0356674194335938 -0.326171875 0.112518310546875
0.0218105316162109 -0.0171661376953125 -0.244552612304687 -0.180679321289063
0.0169296264648438 -0.0128774642944336 0.081787109375 -0.484832763671875
-0.00894832611083985 0.0105819702148437 0.591064453125 -0.40020751953125
-0.014246940612793 0.00798416137695313 0.78955078125 0.35113525390625
-0.00273513793945313 -0.0483970642089844 0.26580810546875 0.9359130859375
0.0290622711181641 -0.0308361053466797 -0.22698974609375 0.64288330078125
0.0418930053710938 -0.0202140808105469 0.0314178466796875 0.0527458190917969
0.0288200378417969 -0.0393257141113281 0.25286865234375 -0.62017822265625
0.0130996704101562 -0.0407218933105469 -0.34771728515625 -0.89532470703125
-0.00551271438598633 -0.00698137283325195 -0.83221435546875 -0.18402099609375
-0.00603103637695313 -0.000226974487304688 -0.4688720703125 0.48590087890625
0.0150337219238281 -0.0230216979980469 0.00640869140625002 0.508514404296875
-0.00345897674560547 -0.0118045806884766 0.31488037109375 0.183197021484375
-0.00353813171386719 -0.0132818222045898 0.34344482421875 -0.108734130859375
0.00140762329101563 -0.0265426635742188 -0.327606201171875 0.131134033203125
0.0247898101806641 -0.00771522521972656 -0.284515380859375 -0.167449951171875
0.013946533203125 0.00622749328613281 0.00811767578125004 -0.489837646484375
-0.00917625427246093 0.0162239074707031 0.519287109375 -0.488525390625
-0.0119352340698242 0.0067901611328125 0.8028564453125 0.21380615234375
-0.00319480895996094 -0.02154541015625 0.36846923828125 0.87127685546875
0.00773906707763672 0.0160160064697266 -0.16259765625 0.6700439453125
-0.00197410583496094 0.02813720703125 0.0298233032226563 0.0787582397460938
0.0130271911621094 0.0124750137329102 0.3070068359375 -0.59906005859375
0.0188236236572266 -0.0177936553955078 -0.25360107421875 -0.95977783203125
-0.00722408294677734 -0.0105361938476563 -0.831787109375 -0.302734375
-0.0084376335144043 0.00399875640869141 -0.53265380859375 0.42095947265625
0.0104751586914062 -0.00261688232421875 -0.04595947265625 0.494781494140625
0.000956654548645019 0.00139045715332031 0.292877197265625 0.183624267578125
-0.00521945953369141 -0.00564765930175781 0.338165283203125 -0.117156982421875
0.000871658325195312 -0.0228900909423828 -0.3271484375 0.13116455078125
0.0277729034423828 -0.00292015075683594 -0.27374267578125 -0.1739501953125
0.0121383666992188 0.0118770599365234 0.031005859375 -0.48876953125
-0.0134334564208984 0.0172891616821289 0.542266845703125 -0.462493896484375
-0.0189208984375 0.00114250183105468 0.7945556640625 0.256103515625
-0.00545883178710938 -0.0258808135986328 0.326904296875 0.89324951171875
0.0077362060546875 0.0179042816162109 -0.18695068359375 0.6588134765625
-0.00101852416992187 0.0300807952880859 0.0361862182617188 0.0663032531738281
0.0137624740600586 0.0114908218383789 0.29083251953125 -0.61346435546875
0.0146503448486328 -0.0221099853515625 -0.2901611328125 -0.93902587890625
-0.0147457122802734 -0.0147361755371094 -0.8319091796875 -0.2548828125
-0.0118551254272461 0.00545978546142578 -0.505035400390625 0.442535400390625
0.00846147537231445 0.00247049331665039 -0.02099609375 0.494384765625
0.00312900543212891 0.00633859634399414 0.30450439453125 0.176177978515625
-0.00555992126464844 -0.0022425651550293 0.33843994140625 -0.12548828125
0.00408172607421875 -0.0195827484130859 -0.327545166015625 0.126007080078125
0.0273685455322266 -0.00014495849609375 -0.261032104492188 -0.178848266601562
0.0111227035522461 0.0144424438476563 0.053375244140625 -0.493682861328125
-0.0179729461669922 0.0163478851318359 0.56646728515625 -0.43939208984375
-0.0241794586181641 -0.00183868408203125 0.792724609375 0.29827880859375
-0.00608062744140625 -0.0311145782470703 0.29498291015625 0.9149169921875
0.0107498168945313 0.0137405395507813 -0.20489501953125 0.648681640625
0.00318717956542969 0.0267868041992188 0.0424537658691406 0.0539512634277344
0.0150861740112305 0.00565910339355469 0.268798828125 -0.625732421875
0.0122013092041016 -0.0272903442382812 -0.33282470703125 -0.91717529296875
-0.0186080932617187 -0.0162925720214844 -0.83709716796875 -0.208984375
-0.0137977600097656 0.00664615631103516 -0.480072021484375 0.468719482421875
0.00945949554443359 0.00412368774414063 0.00140380859375003 0.49749755859375
0.00329875946044922 0.0095071792602539 0.313934326171875 0.17327880859375
-0.00242710113525391 7.60555267333989E-05 0.3408203125 -0.12298583984375
0.00362586975097656 -0.0193824768066406 -0.327301025390625 0.124237060546875
0.02728271484375 0.00038909912109375 -0.25006103515625 -0.183624267578125
0.0110483169555664 0.0135173797607422 0.0752563476562499 -0.490509033203125
-0.0207309722900391 0.0156364440917969 0.58642578125 -0.4144287109375
-0.0268688201904297 -0.00537681579589843 0.7855224609375 0.338623046875
-0.00677490234375 -0.0368995666503906 0.2601318359375 0.93170166015625
0.0145473480224609 0.00698184967041016 -0.22198486328125 0.63983154296875
0.0105781555175781 0.0201072692871094 0.0464706420898437 0.0447235107421875
0.0172843933105469 -0.00282669067382813 0.25177001953125 -0.63360595703125
0.00890922546386719 -0.0326499938964844 -0.361083984375 -0.89508056640625
-0.0216751098632813 -0.0162525177001953 -0.83642578125 -0.167724609375
-0.0146780014038086 0.00734424591064453 -0.456787109375 0.488067626953125
0.010101318359375 0.00228786468505859 0.020660400390625 0.49810791015625
0.00382661819458008 0.00864219665527344 0.322418212890625 0.167449951171875
-0.00179827213287354 0.000988841056823731 0.340728759765625 -0.1265869140625
0.00519752502441406 -0.0201930999755859 -0.326019287109375 0.1199951171875
0.0258159637451172 -0.00156402587890625 -0.240936279296875 -0.185379028320312
0.0112419128417969 0.00981044769287109 0.088531494140625 -0.4908447265625
-0.0204830169677734 0.0133762359619141 0.60064697265625 -0.39666748046875
-0.0278034210205078 -0.00501251220703125 0.7838134765625 0.36456298828125
-0.00664138793945312 -0.0431327819824219 0.24420166015625 0.944091796875
0.0191268920898438 -0.0023040771484375 -0.23175048828125 0.63421630859375
0.0200405120849609 0.00970077514648438 0.0467300415039063 0.0383987426757813
0.0206508636474609 -0.0138339996337891 0.23675537109375 -0.6407470703125
0.008026123046875 -0.0367393493652344 -0.38836669921875 -0.877685546875
-0.0212974548339844 -0.0147171020507813 -0.8388671875 -0.14093017578125
-0.0144023895263672 0.00686836242675781 -0.441436767578125 0.50299072265625
0.0114288330078125 -0.00197982788085938 0.035125732421875 0.501007080078125
0.00279092788696289 0.00605058670043945 0.327362060546875 0.166107177734375
-0.000684022903442383 0.000657141208648682 0.341339111328125 -0.12347412109375
0.00582122802734375 -0.0236549377441406 -0.3251953125 0.11810302734375
0.0245628356933594 -0.00614166259765625 -0.237808227539062 -0.184860229492188
0.0127935409545898 0.00321865081787109 0.0931396484375 -0.48980712890625
-0.0181560516357422 0.0122337341308594 0.60418701171875 -0.38946533203125
-0.0258922576904297 -0.00284194946289063 0.78472900390625 0.3746337890625
-0.00524139404296875 -0.0476264953613281 0.2412109375 0.94989013671875
0.0241165161132813 -0.0138740539550781 -0.23480224609375 0.63427734375
0.0292930603027344 -0.00146675109863281 0.0447311401367188 0.0383796691894531
0.0229949951171875 -0.0247306823730469 0.23089599609375 -0.63970947265625
0.00754547119140625 -0.0401496887207031 -0.3966064453125 -0.87420654296875
-0.0179481506347656 -0.0116939544677734 -0.83819580078125 -0.1317138671875
-0.0124368667602539 0.0048818588256836 -0.437408447265625 0.509063720703125
0.0122795104980469 -0.00806522369384766 0.037750244140625 0.502593994140625
0.000622987747192383 0.0018007755279541 0.32757568359375 0.168121337890625
-0.00123965740203857 -0.00207531452178955 0.341339111328125 -0.12066650390625
0.00420570373535156 -0.0297203063964844 -0.32501220703125 0.118865966796875
0.0235652923583984 -0.0119609832763672 -0.240493774414063 -0.182861328125
0.0154256820678711 -0.00531578063964844 0.08709716796875 -0.48834228515625
-0.0141105651855469 0.0123844146728516 0.59930419921875 -0.3955078125
-0.0209140777587891 0.00144577026367188 0.78594970703125 0.36468505859375
-0.00482940673828125 -0.0502357482910156 0.2529296875 0.9459228515625
0.0278396606445312 -0.0241470336914062 -0.2310791015625 0.63897705078125
0.0372200012207031 -0.0119438171386719 0.039398193359375 0.0431632995605469
0.0255661010742188 -0.0336933135986328 0.2347412109375 -0.63409423828125
0.0095672607421875 -0.04180908203125 -0.383544921875 -0.87939453125
-0.0127458572387695 -0.00952243804931641 -0.83856201171875 -0.142578125
-0.00934886932373047 0.00302219390869141 -0.44451904296875 0.50506591796875
0.0127801895141602 -0.016057014465332 0.030517578125 0.506072998046875
-0.00133275985717773 -0.00432848930358887 0.32568359375 0.17193603515625
-0.00282096862792969 -0.0069122314453125 0.3426513671875 -0.11907958984375
0.00309371948242188 -0.0357551574707031 -0.32568359375 0.11883544921875
0.0215816497802734 -0.0183925628662109 -0.246429443359375 -0.177871704101563
0.0174446105957031 -0.0136518478393555 0.075042724609375 -0.487823486328125
-0.00803184509277343 0.0112638473510742 0.5838623046875 -0.409912109375
-0.0151777267456055 0.00772666931152343 0.79730224609375 0.3394775390625
-0.0032806396484375 -0.0493125915527344 0.28125 0.935791015625
0.0281982421875 -0.0310020446777344 -0.21832275390625 0.64886474609375
0.0419120788574219 -0.0196342468261719 0.0323486328125 0.0526046752929688
0.0278511047363281 -0.0392608642578125 0.24591064453125 -0.62322998046875
0.0128631591796875 -0.0402755737304688 -0.3624267578125 -0.89349365234375
-0.00540304183959961 -0.00672197341918945 -0.8380126953125 -0.17303466796875
-0.00603628158569336 -0.000257015228271484 -0.464813232421875 0.49285888671875
0.0145263671875 -0.0231571197509766 0.0132751464843749 0.50897216796875
-0.00355815887451172 -0.011164665222168 0.3179931640625 0.178314208984375
-0.00400352478027344 -0.0122413635253906 0.34210205078125 -0.114227294921875
0.00113868713378906 -0.0253314971923828 -0.325164794921875 0.13720703125
0.0247020721435547 -0.00844192504882813 -0.286865234375 -0.16326904296875
0.0146169662475586 0.00572586059570313 0.000457763671875024 -0.490936279296875
-0.00920486450195312 0.0170106887817383 0.509613037109375 -0.496917724609375
-0.012354850769043 0.00638294219970703 0.808837890625 0.20184326171875
-0.00301742553710938 -0.0224494934082031 0.3836669921875 0.8671875
0.0072479248046875 0.016789436340332 -0.154052734375 0.67437744140625
-0.0016326904296875 0.0294437408447266 0.030242919921875 0.0784988403320313
0.0136384963989258 0.0120391845703125 0.29803466796875 -0.60321044921875
0.0182094573974609 -0.0179824829101563 -0.26727294921875 -0.954833984375
-0.00739383697509766 -0.0106678009033203 -0.83624267578125 -0.2901611328125
-0.00800371170043945 0.0038456916809082 -0.52587890625 0.428619384765625
0.00901603698730469 -0.00222206115722656 -0.03875732421875 0.49395751953125
-5.44786453247071E-05 0.00189197063446045 0.294891357421875 0.1793212890625
-0.00566768646240234 -0.00456142425537109 0.335968017578125 -0.123321533203125
0.0003509521484375 -0.0216388702392578 -0.32391357421875 0.13818359375
0.0269279479980469 -0.00423431396484375 -0.275588989257813 -0.168777465820313
0.0124921798706055 0.0110445022583008 0.0217590332031249 -0.490325927734375
-0.0137481689453125 0.0175065994262695 0.5330810546875 -0.471771240234375
-0.0186214447021484 0.000810623168945312 0.79949951171875 0.2418212890625
-0.00562858581542969 -0.0267066955566406 0.340087890625 0.88873291015625
0.00817108154296875 0.0177555084228516 -0.1763916015625 0.66314697265625
-0.000816345214843747 0.0313873291015625 0.0374374389648438 0.0659408569335938
0.0136251449584961 0.0120353698730469 0.28192138671875 -0.61639404296875
0.0142688751220703 -0.0223655700683594 -0.3037109375 -0.93353271484375
-0.0151853561401367 -0.0142660140991211 -0.835205078125 -0.24322509765625
-0.0118045806884766 0.00584030151367187 -0.499725341796875 0.450927734375
0.00840187072753906 0.00182962417602539 -0.01373291015625 0.493560791015625
0.00280666351318359 0.00617170333862305 0.3067626953125 0.17132568359375
-0.00584793090820313 -0.00125598907470703 0.33514404296875 -0.13055419921875
0.00432395935058594 -0.0186386108398438 -0.32501220703125 0.13214111328125
0.0272312164306641 -0.00074005126953125 -0.262680053710938 -0.174713134765625
0.0124883651733398 0.0137042999267578 0.045745849609375 -0.494964599609375
-0.0181312561035156 0.0173530578613281 0.55889892578125 -0.4483642578125
-0.0243015289306641 -0.00220680236816406 0.79742431640625 0.28509521484375
-0.00703811645507813 -0.0311069488525391 0.30938720703125 0.91131591796875
0.0110397338867188 0.0144767761230469 -0.19403076171875 0.65228271484375
0.00381278991699218 0.0274753570556641 0.0429039001464844 0.0536766052246094
0.0156278610229492 0.00547981262207031 0.2603759765625 -0.62713623046875
0.0114803314208984 -0.0272006988525391 -0.344970703125 -0.910400390625
-0.0188274383544922 -0.0156707763671875 -0.84149169921875 -0.1954345703125
-0.0142946243286133 0.00689888000488281 -0.474822998046875 0.475494384765625
0.00918960571289062 0.00366878509521484 0.00860595703125003 0.49700927734375
0.00356388092041016 0.00975608825683594 0.315704345703125 0.16656494140625
-0.00260162353515625 0.0015866756439209 0.338043212890625 -0.12896728515625
0.00342178344726563 -0.0187034606933594 -0.324371337890625 0.1307373046875
0.0269031524658203 -0.000795364379882813 -0.251968383789063 -0.179229736328125
0.0115060806274414 0.0134086608886719 0.06732177734375 -0.49273681640625
-0.0197601318359375 0.0162448883056641 0.579345703125 -0.4234619140625
-0.0270709991455078 -0.00440597534179688 0.79034423828125 0.32470703125
-0.00699996948242187 -0.0373687744140625 0.27490234375 0.92864990234375
0.0144548416137695 0.00723361968994141 -0.21356201171875 0.642578125
0.011474609375 0.020660400390625 0.046783447265625 0.0441207885742188
0.0175800323486328 -0.00293159484863281 0.243896484375 -0.63775634765625
0.00885200500488282 -0.0325164794921875 -0.37591552734375 -0.89019775390625
-0.0217418670654297 -0.0157356262207031 -0.838623046875 -0.15692138671875
-0.0148029327392578 0.00739383697509766 -0.450897216796875 0.493682861328125
0.00946998596191406 0.00236797332763672 0.029815673828125 0.496917724609375
0.00347232818603516 0.00927066802978516 0.32501220703125 0.16192626953125
-0.00196075439453125 0.00220537185668945 0.339111328125 -0.132110595703125
0.00487709045410156 -0.0194301605224609 -0.323211669921875 0.126220703125
0.0255069732666016 -0.00263595581054687 -0.242996215820313 -0.18121337890625
0.011754035949707 0.00952720642089844 0.08111572265625 -0.49285888671875
-0.0206470489501953 0.0146427154541016 0.59417724609375 -0.406494140625
-0.0277748107910156 -0.00492477416992187 0.78826904296875 0.35186767578125
-0.00653839111328125 -0.0436439514160156 0.25830078125 0.94049072265625
0.0194816589355469 -0.002532958984375 -0.22210693359375 0.636962890625
0.0203094482421875 0.0109920501708984 0.0478401184082031 0.0381050109863281
0.0202846527099609 -0.0142898559570313 0.228759765625 -0.64300537109375
0.0074920654296875 -0.0370368957519531 -0.40228271484375 -0.87310791015625
-0.0213336944580078 -0.0138778686523437 -0.8416748046875 -0.1285400390625
-0.0137157440185547 0.00668430328369141 -0.433197021484375 0.508941650390625
0.010162353515625 -0.00169181823730469 0.042999267578125 0.498779296875
0.00276756286621094 0.00699710845947266 0.328521728515625 0.160614013671875
-0.000518798828125 0.00164365768432617 0.33941650390625 -0.12896728515625
0.00439834594726563 -0.0233688354492188 -0.32257080078125 0.124908447265625
0.0239543914794922 -0.00711631774902344 -0.240188598632813 -0.18096923828125
0.0136680603027344 0.00289440155029297 0.0858459472656251 -0.48980712890625
-0.0176734924316406 0.0133075714111328 0.59759521484375 -0.398681640625
-0.026123046875 -0.00294303894042969 0.79119873046875 0.3619384765625
-0.00609588623046875 -0.0488700866699219 0.25372314453125 0.94573974609375
0.0240364074707031 -0.0135784149169922 -0.2244873046875 0.63677978515625
0.0296783447265625 -0.00070953369140625 0.0450553894042969 0.0379104614257813
0.0226860046386719 -0.0245304107666016 0.22308349609375 -0.64129638671875
0.00717926025390625 -0.0394973754882813 -0.40655517578125 -0.868408203125
-0.018218994140625 -0.0117359161376953 -0.8416748046875 -0.1197509765625
-0.0128421783447266 0.00494098663330078 -0.43121337890625 0.514862060546875
0.0118932723999023 -0.00864219665527344 0.04559326171875 0.5008544921875
0.000477433204650879 0.00181317329406738 0.329803466796875 0.162384033203125
-0.00129294395446777 -0.000783562660217285 0.340362548828125 -0.126373291015625
0.00341796875 -0.0291919708251953 -0.322540283203125 0.124786376953125
0.0225296020507813 -0.012603759765625 -0.242568969726563 -0.1783447265625
0.0154314041137695 -0.00593376159667969 0.0795898437499999 -0.490478515625
-0.0135183334350586 0.0128879547119141 0.59075927734375 -0.4056396484375
-0.0212860107421875 0.00101852416992187 0.79345703125 0.349609375
-0.00544357299804688 -0.0508499145507813 0.26727294921875 0.9415283203125
0.0266475677490234 -0.0241355895996094 -0.22161865234375 0.64111328125
0.0375900268554688 -0.0114898681640625 0.0396919250488281 0.0428924560546875
0.0251655578613281 -0.0338802337646484 0.22503662109375 -0.63616943359375
0.00901031494140625 -0.041412353515625 -0.3961181640625 -0.8731689453125
-0.0124168395996094 -0.00946426391601563 -0.840087890625 -0.1324462890625
-0.00998783111572266 0.0031137466430664 -0.43756103515625 0.511993408203125
0.0126781463623047 -0.0158233642578125 0.038848876953125 0.5048828125
-0.00199222564697266 -0.00390076637268066 0.32818603515625 0.166748046875
-0.00244569778442383 -0.00573205947875976 0.34112548828125 -0.12445068359375
0.00270271301269531 -0.0349807739257813 -0.32208251953125 0.126068115234375
0.0210437774658203 -0.0192661285400391 -0.2486572265625 -0.17388916015625
0.0173444747924805 -0.0135202407836914 0.067535400390625 -0.4881591796875
-0.00814247131347656 0.0125150680541992 0.5770263671875 -0.41778564453125
-0.0157461166381836 0.00774478912353516 0.8023681640625 0.3270263671875
-0.00308990478515625 -0.0496101379394531 0.296630859375 0.93023681640625
0.0284786224365234 -0.0310325622558594 -0.2093505859375 0.65045166015625
0.0424652099609375 -0.0196800231933594 0.0330886840820313 0.0523872375488281
0.0270462036132813 -0.0395393371582031 0.2357177734375 -0.6260986328125
0.0120697021484375 -0.0400390625 -0.37518310546875 -0.8885498046875
-0.00535392761230469 -0.00670194625854492 -0.84283447265625 -0.16021728515625
-0.00608396530151367 -3.81469726562491E-05 -0.456817626953125 0.500335693359375
0.0133991241455078 -0.0240554809570313 0.0212402343749999 0.50921630859375
-0.00388431549072266 -0.0116786956787109 0.3211669921875 0.1729736328125
-0.004730224609375 -0.0107536315917969 0.3399658203125 -0.119842529296875
0.00010871887207031 -0.0250148773193359 -0.322021484375 0.142181396484375
0.0239448547363281 -0.0090484619140625 -0.286834716796875 -0.15753173828125
0.0150213241577148 0.00528812408447266 -0.00668334960937502 -0.490142822265625
-0.00837326049804688 0.0180320739746094 0.499786376953125 -0.506591796875
-0.0121402740478516 0.00579833984375 0.80853271484375 0.18780517578125
-0.00343894958496094 -0.0236339569091797 0.395751953125 0.85992431640625
0.00801277160644531 0.0172624588012695 -0.1439208984375 0.6732177734375
-0.00179290771484375 0.0298995971679687 0.0319900512695313 0.0781631469726563
0.0134744644165039 0.0125274658203125 0.28961181640625 -0.6060791015625
0.018341064453125 -0.0180625915527344 -0.28021240234375 -0.94970703125
-0.00751018524169922 -0.00973701477050781 -0.84033203125 -0.27923583984375
-0.00835514068603516 0.00401401519775391 -0.520111083984375 0.43353271484375
0.0091094970703125 -0.00311279296875 -0.030975341796875 0.493133544921875
6.103515625E-05 0.00172948837280273 0.29644775390625 0.174072265625
-0.00652217864990234 -0.00364875793457031 0.332733154296875 -0.128448486328125
0.000190734863281249 -0.0207672119140625 -0.3201904296875 0.1427001953125
0.0266304016113281 -0.00445365905761719 -0.276565551757813 -0.163681030273438
0.0130577087402344 0.0104703903198242 0.015228271484375 -0.489990234375
-0.0134353637695313 0.0184974670410156 0.523681640625 -0.48077392578125
-0.0198001861572266 0.00122451782226562 0.801025390625 0.23016357421875
-0.00637626647949219 -0.0268745422363281 0.35296630859375 0.88238525390625
0.00856781005859375 0.0183315277099609 -0.164794921875 0.6614990234375
0.000185012817382816 0.0318870544433594 0.0385055541992187 0.0658378601074219
0.0137958526611328 0.0109939575195313 0.27264404296875 -0.61993408203125
0.0140571594238281 -0.0223712921142578 -0.31488037109375 -0.92779541015625
-0.0149965286254883 -0.0138645172119141 -0.8409423828125 -0.23321533203125
-0.0113229751586914 0.00585269927978515 -0.490386962890625 0.45489501953125
0.00760173797607422 0.00181150436401367 -0.00643920898437497 0.491119384765625
0.00230836868286133 0.00644826889038086 0.30755615234375 0.165191650390625
-0.0060577392578125 -0.000207901000976562 0.333526611328125 -0.1361083984375
0.00325202941894531 -0.0177726745605469 -0.321380615234375 0.1376953125
0.0264854431152344 -0.0011749267578125 -0.264663696289063 -0.170150756835938
0.0123777389526367 0.0132036209106445 0.0382080078125 -0.494110107421875
-0.0178985595703125 0.0177135467529297 0.550201416015625 -0.456787109375
-0.0248088836669922 -0.0018768310546875 0.79998779296875 0.27252197265625
-0.00732994079589844 -0.0322761535644531 0.32220458984375 0.9051513671875
0.0112590789794922 0.0147075653076172 -0.1842041015625 0.6529541015625
0.00502395629882813 0.0283660888671875 0.0432052612304688 0.0529975891113281
0.0152807235717773 0.00552940368652344 0.2498779296875 -0.6307373046875
0.0112209320068359 -0.0275077819824219 -0.3580322265625 -0.90484619140625
-0.019561767578125 -0.0151844024658203 -0.8416748046875 -0.1834716796875
-0.0137701034545898 0.00744819641113281 -0.466766357421875 0.47918701171875
0.0089263916015625 0.0035858154296875 0.016021728515625 0.493011474609375
0.00254344940185547 0.00913143157958985 0.317535400390625 0.1610107421875
-0.00300073623657227 0.00296616554260254 0.335235595703125 -0.134063720703125
0.00297927856445313 -0.0178070068359375 -0.32086181640625 0.136260986328125
0.0261497497558594 -0.00131607055664063 -0.253402709960938 -0.174728393554688
0.011387825012207 0.0131626129150391 0.0587158203125 -0.49371337890625
-0.0195674896240234 0.0171012878417969 0.57171630859375 -0.43157958984375
-0.0271816253662109 -0.00452995300292968 0.794189453125 0.3123779296875
-0.00806427001953125 -0.0382843017578125 0.28759765625 0.92462158203125
0.0145158767700195 0.00801849365234375 -0.2034912109375 0.64459228515625
0.0116119384765625 0.0216636657714844 0.0469284057617188 0.0432929992675781
0.0170507431030273 -0.00234031677246094 0.2337646484375 -0.6390380859375
0.00852203369140625 -0.0322360992431641 -0.38623046875 -0.88275146484375
-0.0216484069824219 -0.0151252746582031 -0.841064453125 -0.1441650390625
-0.0143795013427734 0.00716018676757813 -0.443328857421875 0.498321533203125
0.00899028778076172 0.00232028961181641 0.035980224609375 0.494598388671875
0.00307178497314453 0.00909042358398438 0.325927734375 0.155731201171875
-0.00213146209716797 0.00316405296325684 0.336029052734375 -0.13800048828125
0.00391960144042969 -0.0186347961425781 -0.31927490234375 0.13214111328125
0.0244541168212891 -0.00334548950195312 -0.245223999023438 -0.1767578125
0.0124979019165039 0.00888347625732422 0.073944091796875 -0.49432373046875
-0.0201053619384766 0.0152969360351562 0.5849609375 -0.41558837890625
-0.0284805297851563 -0.00520896911621093 0.79351806640625 0.33856201171875
-0.0075225830078125 -0.044189453125 0.2728271484375 0.936279296875
0.0191745758056641 -0.00251579284667969 -0.2120361328125 0.64007568359375
0.0203742980957031 0.0114097595214844 0.0478248596191406 0.0369377136230469
0.0197944641113281 -0.0137596130371094 0.21942138671875 -0.64501953125
0.00685882568359375 -0.0367813110351563 -0.412353515625 -0.86480712890625
-0.0212078094482422 -0.0136184692382813 -0.84222412109375 -0.1175537109375
-0.0140047073364258 0.00736427307128906 -0.42620849609375 0.512939453125
0.0100870132446289 -0.00224876403808594 0.050506591796875 0.4957275390625
0.00135087966918945 0.00672769546508789 0.33050537109375 0.154266357421875
-0.000653862953186035 0.00218617916107178 0.336883544921875 -0.13421630859375
0.00382423400878906 -0.0225811004638672 -0.3201904296875 0.130126953125
0.0228443145751953 -0.00776290893554688 -0.242080688476562 -0.176895141601563
0.0136756896972656 0.00186347961425781 0.078704833984375 -0.4923095703125
-0.0177879333496094 0.0141716003417969 0.5902099609375 -0.40740966796875
-0.02618408203125 -0.00292396545410156 0.7943115234375 0.3487548828125
-0.00679779052734376 -0.0493698120117188 0.27130126953125 0.94171142578125
0.0238304138183594 -0.0135746002197266 -0.21612548828125 0.63800048828125
0.0296344757080078 -0.000432968139648438 0.0448493957519531 0.0369491577148438
0.0224437713623047 -0.0247364044189453 0.2139892578125 -0.64373779296875
0.00607681274414062 -0.0397987365722656 -0.41986083984375 -0.861328125
-0.0181102752685547 -0.010833740234375 -0.84234619140625 -0.10833740234375
-0.0123386383056641 0.00516605377197265 -0.421875 0.51898193359375
0.0107765197753906 -0.00857257843017578 0.052764892578125 0.49969482421875
0.000406265258789062 0.00222301483154297 0.331695556640625 0.15582275390625
-0.00131285190582275 0.000336170196533203 0.3370361328125 -0.131256103515625
0.00283622741699219 -0.0284976959228516 -0.31854248046875 0.130035400390625
0.0219898223876953 -0.0134010314941406 -0.243331909179688 -0.174758911132813
0.0158538818359375 -0.00631904602050781 0.071533203125 -0.490966796875
-0.0131978988647461 0.0138435363769531 0.58258056640625 -0.4132080078125
-0.0215930938720703 0.00107192993164062 0.79681396484375 0.338134765625
-0.00563812255859375 -0.0513801574707031 0.28216552734375 0.93658447265625
0.0264873504638672 -0.0239524841308594 -0.21160888671875 0.642578125
0.03753662109375 -0.0113182067871094 0.0402145385742188 0.0417747497558594
0.0242080688476563 -0.0338306427001953 0.2169189453125 -0.637451171875
0.00801849365234375 -0.0411415100097656 -0.40765380859375 -0.86395263671875
-0.0128421783447266 -0.0095663070678711 -0.8414306640625 -0.1187744140625
-0.00971794128417969 0.00276374816894531 -0.43011474609375 0.51580810546875
0.0114078521728516 -0.0157966613769531 0.044769287109375 0.50323486328125
-0.00259971618652344 -0.00442123413085938 0.329010009765625 0.1602783203125
-0.0030522346496582 -0.00468063354492188 0.338165283203125 -0.12890625
0.00181961059570312 -0.0341377258300781 -0.318939208984375 0.130401611328125
0.0202102661132812 -0.0198764801025391 -0.250656127929688 -0.169586181640625
0.0170927047729492 -0.0152502059936523 0.059417724609375 -0.488861083984375
-0.00806999206542969 0.0130958557128906 0.5693359375 -0.4268798828125
-0.016016960144043 0.00666713714599609 0.80474853515625 0.31427001953125
-0.00465774536132813 -0.0505561828613281 0.30853271484375 0.92694091796875
0.0276813507080078 -0.0308704376220703 -0.200439453125 0.6529541015625
0.0422782897949219 -0.0195999145507813 0.0332565307617187 0.0515899658203125
0.0262870788574219 -0.0397224426269531 0.22705078125 -0.626953125
0.0113792419433594 -0.0406532287597656 -0.38702392578125 -0.87982177734375
-0.00479888916015625 -0.00662851333618164 -0.8431396484375 -0.14801025390625
-0.00553798675537109 -3.3378601074227E-06 -0.449066162109375 0.503662109375
0.0125331878662109 -0.0242557525634766 0.02960205078125 0.50714111328125
-0.00471878051757812 -0.0112171173095703 0.32159423828125 0.16705322265625
-0.0047149658203125 -0.00981616973876953 0.337890625 -0.12457275390625
0.000362396240234374 -0.0233936309814453 -0.31695556640625 0.147064208984375
0.022918701171875 -0.00980377197265625 -0.2872314453125 -0.152923583984375
0.0150222778320313 0.00340175628662109 -0.0137023925781249 -0.48736572265625
-0.00837898254394531 0.0181598663330078 0.488800048828125 -0.51123046875
-0.0127248764038086 0.00539016723632813 0.8094482421875 0.17486572265625
-0.00356292724609375 -0.0241050720214844 0.40631103515625 0.852294921875
0.00842475891113281 0.0172128677368164 -0.1336669921875 0.67340087890625
-0.000591278076171874 0.0310077667236328 0.0322113037109375 0.0775527954101563
0.0138731002807617 0.0129156112670898 0.27978515625 -0.60565185546875
0.017669677734375 -0.0180206298828125 -0.29132080078125 -0.9422607421875
-0.00757026672363281 -0.00995826721191406 -0.84039306640625 -0.2647705078125
-0.00817155838012695 0.00467491149902344 -0.513336181640625 0.43817138671875
0.00835800170898438 -0.00302457809448242 -0.0240478515625 0.491241455078125
-0.00123333930969238 0.00252676010131836 0.296722412109375 0.168914794921875
-0.00567197799682617 -0.00243091583251953 0.32940673828125 -0.133331298828125
3.62396240234358E-05 -0.0201702117919922 -0.316436767578125 0.147735595703125
0.0252952575683594 -0.00503730773925781 -0.278106689453125 -0.157760620117187
0.0138339996337891 0.0104703903198242 0.00750732421875001 -0.4866943359375
-0.0128078460693359 0.0197429656982422 0.513916015625 -0.48455810546875
-0.0196437835693359 0.000858306884765627 0.801513671875 0.2164306640625
-0.00713157653808594 -0.0275554656982422 0.36407470703125 0.875244140625
0.00880813598632813 0.0183849334716797 -0.15692138671875 0.661865234375
0.000616073608398435 0.0323963165283203 0.038421630859375 0.0647926330566406
0.0140705108642578 0.0118179321289062 0.263916015625 -0.61944580078125
0.0137119293212891 -0.022674560546875 -0.32568359375 -0.91851806640625
-0.0148220062255859 -0.0129623413085938 -0.83831787109375 -0.21942138671875
-0.0112771987915039 0.00584220886230469 -0.485137939453125 0.460693359375
0.00757122039794922 0.00145053863525391 0.000854492187500035 0.488861083984375
0.00204038619995117 0.0071253776550293 0.308013916015625 0.159759521484375
-0.00632476806640625 0.00163507461547851 0.329986572265625 -0.14044189453125
0.00272178649902344 -0.0166969299316406 -0.316619873046875 0.1416015625
0.0258655548095703 -0.00234222412109375 -0.265106201171875 -0.165542602539063
0.0132741928100586 0.0131969451904297 0.031829833984375 -0.49371337890625
-0.0178813934326172 0.0181427001953125 0.53912353515625 -0.46453857421875
-0.0252285003662109 -0.00264167785644532 0.80206298828125 0.2586669921875
-0.00767898559570313 -0.0327091217041016 0.33453369140625 0.8983154296875
0.0109376907348633 0.0149402618408203 -0.17572021484375 0.65228271484375
0.00512123107910156 0.0289707183837891 0.0443458557128906 0.0526237487792969
0.0152568817138672 0.00572490692138672 0.24139404296875 -0.6318359375
0.0104846954345703 -0.0272216796875 -0.36859130859375 -0.89593505859375
-0.0194816589355469 -0.0145225524902344 -0.84295654296875 -0.1717529296875
-0.0135478973388672 0.00726699829101562 -0.4586181640625 0.48333740234375
0.00799989700317383 0.00352048873901367 0.022735595703125 0.490814208984375
0.00235557556152344 0.00910568237304687 0.317657470703125 0.156005859375
-0.00290632247924805 0.00422453880310059 0.33172607421875 -0.13818359375
0.00293636322021484 -0.0167789459228516 -0.316650390625 0.140472412109375
0.0255832672119141 -0.00182151794433594 -0.254318237304688 -0.169967651367187
0.0122976303100586 0.0120105743408203 0.051483154296875 -0.491729736328125
-0.0200405120849609 0.0175209045410156 0.56109619140625 -0.438446044921875
-0.0281715393066406 -0.00474739074707031 0.7950439453125 0.29974365234375
-0.00844955444335938 -0.0385284423828125 0.30126953125 0.91461181640625
0.0145835876464844 0.00832653045654297 -0.19354248046875 0.64422607421875
0.0122509002685547 0.0220737457275391 0.0473861694335937 0.0424728393554687
0.0173158645629883 -0.00246810913085938 0.225341796875 -0.6397705078125
0.00764656066894531 -0.0324459075927734 -0.39605712890625 -0.873779296875
-0.0215663909912109 -0.0139656066894531 -0.83856201171875 -0.13287353515625
-0.0139827728271484 0.00782489776611328 -0.43450927734375 0.5018310546875
0.00866937637329102 0.00201511383056641 0.042694091796875 0.49127197265625
0.00309467315673828 0.00902748107910156 0.325592041015625 0.150177001953125
-0.00220489501953125 0.00503015518188477 0.332733154296875 -0.141937255859375
0.00398445129394531 -0.0184803009033203 -0.31536865234375 0.136260986328125
0.0243053436279297 -0.00399208068847656 -0.245681762695313 -0.172653198242187
0.0127382278442383 0.00808334350585938 0.065338134765625 -0.493408203125
-0.0196933746337891 0.0161571502685547 0.57513427734375 -0.42242431640625
-0.0284919738769531 -0.00537490844726562 0.79339599609375 0.32550048828125
-0.0081787109375 -0.0447654724121094 0.28729248046875 0.92852783203125
0.0193099975585938 -0.00233650207519531 -0.20318603515625 0.63848876953125
0.0211467742919922 0.0117053985595703 0.0480995178222656 0.0365676879882813
0.0191650390625 -0.0135936737060547 0.2099609375 -0.644287109375
0.00579452514648437 -0.0370025634765625 -0.42236328125 -0.855712890625
-0.0211334228515625 -0.0127182006835937 -0.8414306640625 -0.10400390625
-0.013484001159668 0.00680923461914062 -0.417816162109375 0.516510009765625
0.0100173950195313 -0.00189495086669922 0.056060791015625 0.492706298828125
0.00225114822387695 0.00696992874145508 0.3302001953125 0.14959716796875
-0.000372886657714843 0.00387835502624512 0.332977294921875 -0.139984130859375
0.00399589538574219 -0.0215816497802734 -0.3145751953125 0.1346435546875
0.022247314453125 -0.0083465576171875 -0.242431640625 -0.172698974609375
0.0141067504882813 0.00127601623535156 0.070037841796875 -0.4910888671875
-0.0174350738525391 0.0152730941772461 0.58062744140625 -0.41510009765625
-0.0267829895019531 -0.00387001037597656 0.79656982421875 0.33544921875
-0.00789642333984375 -0.0490379333496094 0.28240966796875 0.9337158203125
0.0241470336914063 -0.0139236450195313 -0.20648193359375 0.639892578125
0.0298576354980469 9.5367431640625E-05 0.0457191467285156 0.0365333557128906
0.0214462280273438 -0.0248374938964844 0.2047119140625 -0.642578125
0.00574874877929687 -0.0396080017089844 -0.429443359375 -0.85015869140625
-0.0184230804443359 -0.0107631683349609 -0.84002685546875 -0.0960693359375001
-0.0118484497070313 0.00559234619140625 -0.414276123046875 0.523040771484375
0.00999641418457031 -0.00909709930419922 0.058563232421875 0.4954833984375
-0.000748395919799805 0.00199794769287109 0.33160400390625 0.1500244140625
-0.00107026100158691 0.000759780406951904 0.333343505859375 -0.136444091796875
0.00168037414550781 -0.0275020599365234 -0.314453125 0.135223388671875
0.0219573974609375 -0.013702392578125 -0.244842529296875 -0.17132568359375
0.0157270431518555 -0.0070343017578125 0.06451416015625 -0.49017333984375
-0.0131807327270508 0.0146265029907227 0.57330322265625 -0.4188232421875
-0.0216083526611328 0.000762939453125002 0.7984619140625 0.3250732421875
-0.00693893432617187 -0.0520477294921875 0.29400634765625 0.92987060546875
0.0262489318847656 -0.0240364074707031 -0.20184326171875 0.64361572265625
0.0374565124511719 -0.0109176635742188 0.040771484375 0.0415916442871094
0.0234661102294922 -0.0332794189453125 0.207763671875 -0.63592529296875
0.0072021484375 -0.0416412353515625 -0.4168701171875 -0.85528564453125
-0.0125198364257812 -0.00865650177001953 -0.8409423828125 -0.10784912109375
-0.00871944427490234 0.00303030014038086 -0.421295166015625 0.519439697265625
0.00983333587646485 -0.0165061950683594 0.052642822265625 0.49969482421875
-0.00261330604553223 -0.00406336784362793 0.329833984375 0.15411376953125
-0.00291299819946289 -0.00352096557617188 0.33514404296875 -0.134246826171875
0.000568389892578128 -0.0332965850830078 -0.31414794921875 0.13592529296875
0.0184326171875 -0.0199756622314453 -0.251480102539063 -0.166015625
0.0172348022460938 -0.0151844024658203 0.05126953125 -0.488800048828125
-0.00822830200195313 0.0140256881713867 0.55877685546875 -0.433349609375
-0.0154438018798828 0.0069427490234375 0.807861328125 0.2998046875
-0.0054779052734375 -0.0514373779296875 0.32177734375 0.9171142578125
0.0271701812744141 -0.0299472808837891 -0.189697265625 0.6533203125
0.0419883728027344 -0.0186653137207031 0.0338478088378906 0.0510215759277344
0.0255393981933594 -0.0396232604980469 0.21868896484375 -0.627685546875
0.0101394653320313 -0.0409622192382813 -0.39605712890625 -0.87042236328125
-0.00521707534790039 -0.00581264495849609 -0.8421630859375 -0.13616943359375
-0.00529193878173828 0.000502109527587891 -0.4407958984375 0.508453369140625
0.0112514495849609 -0.024688720703125 0.0352783203125 0.50360107421875
-0.00500297546386719 -0.0106620788574219 0.322265625 0.161407470703125
-0.00490474700927734 -0.00865888595581055 0.334014892578125 -0.13006591796875
-0.000457763671875 -0.0227470397949219 -0.312042236328125 0.1512451171875
0.0220870971679687 -0.0107860565185547 -0.287445068359375 -0.1480712890625
0.0143327713012695 0.00369548797607422 -0.019500732421875 -0.4853515625
-0.0081329345703125 0.0187110900878906 0.47991943359375 -0.51422119140625
-0.0130729675292969 0.00501441955566407 0.80621337890625 0.162353515625
-0.00396919250488281 -0.0248641967773438 0.416748046875 0.8436279296875
0.00841331481933594 0.0173740386962891 -0.1239013671875 0.670654296875
-0.000158309936523434 0.0315628051757813 0.033294677734375 0.0770950317382813
0.0127077102661133 0.0124473571777344 0.27056884765625 -0.60546875
0.0174942016601563 -0.0178241729736328 -0.30255126953125 -0.93316650390625
-0.00776576995849609 -0.00947093963623047 -0.8392333984375 -0.25604248046875
-0.0082859992980957 0.00454998016357422 -0.504486083984375 0.442108154296875
0.00792789459228516 -0.00321531295776367 -0.0184326171875 0.487457275390625
-0.00105977058410645 0.00209152698516846 0.29608154296875 0.16278076171875
-0.00644445419311523 -0.00128984451293945 0.325286865234375 -0.136688232421875
-0.000661849975585936 -0.0197944641113281 -0.311004638671875 0.152008056640625
0.0253314971923828 -0.00634384155273438 -0.277801513671875 -0.154098510742187
0.0137491226196289 0.00948333740234375 0.00225830078125 -0.484710693359375
-0.0126323699951172 0.0196342468261719 0.5045166015625 -0.490234375
-0.019927978515625 0.000780105590820317 0.79852294921875 0.20343017578125
-0.00685691833496094 -0.0276908874511719 0.375244140625 0.86480712890625
0.00902366638183594 0.0185356140136719 -0.1475830078125 0.65985107421875
0.00121116638183594 0.0335922241210938 0.0395278930664062 0.0639305114746094
0.0142011642456055 0.0119485855102539 0.25604248046875 -0.62042236328125
0.0134830474853516 -0.0225162506103516 -0.33795166015625 -0.9085693359375
-0.0147457122802734 -0.0130376815795898 -0.83697509765625 -0.2093505859375
-0.0112066268920898 0.00627422332763672 -0.47650146484375 0.4622802734375
0.00733327865600586 0.00126457214355469 0.006591796875 0.4857177734375
0.00198554992675781 0.00678110122680664 0.307647705078125 0.154388427734375
-0.00625276565551758 0.00279951095581055 0.326019287109375 -0.143829345703125
0.00265693664550781 -0.0164079666137695 -0.312408447265625 0.146240234375
0.0246734619140625 -0.00282478332519531 -0.26531982421875 -0.1605224609375
0.0132894515991211 0.0118293762207031 0.023406982421875 -0.491302490234375
-0.0167922973632813 0.0190658569335938 0.528656005859375 -0.467254638671875
-0.0246677398681641 -0.00267601013183594 0.79901123046875 0.248046875
-0.00801849365234375 -0.0331897735595703 0.34466552734375 0.887939453125
0.0113840103149414 0.0150861740112305 -0.1651611328125 0.65130615234375
0.00584602355957031 0.0296134948730469 0.0436820983886719 0.0515365600585938
0.0154008865356445 0.00615596771240234 0.232177734375 -0.6290283203125
0.0100288391113281 -0.0267715454101563 -0.37884521484375 -0.8861083984375
-0.0189113616943359 -0.0141658782958984 -0.84149169921875 -0.1610107421875
-0.013646125793457 0.00764846801757813 -0.44964599609375 0.48638916015625
0.0073399543762207 0.00265693664550781 0.029693603515625 0.486724853515625
0.00213146209716797 0.00966548919677734 0.3167724609375 0.150238037109375
-0.00267124176025391 0.00522994995117188 0.3277587890625 -0.142181396484375
0.0022897720336914 -0.016240119934082 -0.3115234375 0.145172119140625
0.0247879028320312 -0.00271797180175781 -0.254730224609375 -0.166885375976563
0.0118255615234375 0.0119028091430664 0.044342041015625 -0.4896240234375
-0.0193214416503906 0.0182323455810547 0.552154541015625 -0.44293212890625
-0.0288333892822266 -0.00502777099609376 0.7955322265625 0.285888671875
-0.00885009765625 -0.0395774841308594 0.312744140625 0.90740966796875
0.0148611068725586 0.00775814056396484 -0.1844482421875 0.641845703125
0.0122947692871094 0.0222911834716797 0.0477485656738281 0.0413932800292969
0.0170698165893555 -0.00278759002685547 0.216064453125 -0.638671875
0.00743675231933594 -0.0322456359863281 -0.40643310546875 -0.86260986328125
-0.0219898223876953 -0.014373779296875 -0.83819580078125 -0.12103271484375
-0.0138301849365234 0.00786685943603516 -0.425079345703125 0.503509521484375
0.00821352005004883 0.00228071212768555 0.047576904296875 0.487091064453125
0.00282859802246094 0.00928974151611328 0.325653076171875 0.144805908203125
-0.00238513946533203 0.0057682991027832 0.327911376953125 -0.1466064453125
0.00335311889648438 -0.0177402496337891 -0.310943603515625 0.141387939453125
0.0233955383300781 -0.0044097900390625 -0.2467041015625 -0.168960571289063
0.0133304595947266 0.00743770599365234 0.0582885742187499 -0.491119384765625
-0.0194034576416016 0.0169124603271484 0.56390380859375 -0.4281005859375
-0.0290374755859375 -0.00502777099609376 0.7938232421875 0.31219482421875
-0.00888824462890625 -0.0450210571289063 0.29620361328125 0.919677734375
0.0192146301269531 -0.00232124328613281 -0.19244384765625 0.63714599609375
0.0213375091552734 0.0116348266601563 0.048126220703125 0.0360794067382812
0.0190277099609375 -0.0138435363769531 0.20001220703125 -0.64190673828125
0.00577163696289062 -0.035919189453125 -0.4300537109375 -0.8453369140625
-0.0212173461914063 -0.0123291015625 -0.83905029296875 -0.09393310546875
-0.0133171081542969 0.00729656219482422 -0.4091796875 0.51776123046875
0.00864028930664063 -0.00274229049682617 0.0634765625 0.488189697265625
0.00142431259155273 0.00676870346069336 0.3302001953125 0.143524169921875
-0.000932216644287109 0.00535106658935547 0.329315185546875 -0.143280029296875
0.00298118591308594 -0.0212326049804688 -0.310028076171875 0.1387939453125
0.0224456787109375 -0.00921058654785156 -0.243438720703125 -0.169052124023438
0.0138530731201172 0.0006866455078125 0.0633544921875 -0.489288330078125
-0.0169048309326172 0.0152482986450195 0.56976318359375 -0.42010498046875
-0.0271492004394531 -0.00283432006835938 0.79620361328125 0.32073974609375
-0.00831222534179688 -0.0503005981445313 0.293701171875 0.9249267578125
0.0232658386230469 -0.0132217407226563 -0.19708251953125 0.63751220703125
0.0304679870605469 0.00105476379394531 0.0457382202148438 0.03558349609375
0.0209865570068359 -0.0244216918945313 0.1942138671875 -0.64178466796875
0.00527572631835938 -0.0393486022949219 -0.43707275390625 -0.837890625
-0.0176525115966797 -0.0102748870849609 -0.83740234375 -0.0845336914062498
-0.0117454528808594 0.00574016571044922 -0.405517578125 0.52471923828125
0.00991535186767578 -0.00887680053710938 0.065460205078125 0.4912109375
-0.00105011463165283 0.0019841194152832 0.33184814453125 0.14508056640625
-0.00109684467315674 0.00189411640167236 0.32977294921875 -0.140411376953125
0.00163459777832031 -0.0268039703369141 -0.310211181640625 0.139862060546875
0.0201644897460938 -0.0146007537841797 -0.24578857421875 -0.166427612304688
0.0151262283325195 -0.0077362060546875 0.057281494140625 -0.4873046875
-0.0126829147338867 0.0150299072265625 0.56317138671875 -0.42572021484375
-0.0222549438476563 0.000965118408203128 0.7972412109375 0.31207275390625
-0.00804901123046875 -0.0528602600097656 0.30615234375 0.91986083984375
0.0256919860839844 -0.0235977172851563 -0.1929931640625 0.64056396484375
0.037506103515625 -0.0102577209472656 0.0402984619140625 0.0410346984863281
0.0231285095214844 -0.0338916778564453 0.19854736328125 -0.635498046875
0.0072021484375 -0.0410079956054688 -0.42620849609375 -0.843994140625
-0.0119562149047852 -0.00842666625976562 -0.8375244140625 -0.0958251953125
-0.00880622863769531 0.0028076171875 -0.41357421875 0.520538330078125
0.00999927520751953 -0.0161600112915039 0.058837890625 0.495391845703125
-0.00323390960693359 -0.00323724746704102 0.32952880859375 0.149261474609375
-0.00273585319519043 -0.00287199020385742 0.3309326171875 -0.137603759765625
-0.000144958496093747 -0.0325660705566406 -0.3096923828125 0.139892578125
0.0184516906738281 -0.0204429626464844 -0.251510620117188 -0.161285400390625
0.0170011520385742 -0.0162448883056641 0.04376220703125 -0.485382080078125
-0.00697231292724609 0.0148687362670898 0.5496826171875 -0.4388427734375
-0.0156402587890625 0.00672721862792968 0.804443359375 0.2864990234375
-0.00672149658203126 -0.0520133972167969 0.33087158203125 0.90814208984375
0.0263042449951172 -0.0310516357421875 -0.1807861328125 0.65057373046875
0.0416488647460938 -0.0180778503417969 0.034393310546875 0.0507049560546875
0.0245437622070313 -0.0393943786621094 0.20916748046875 -0.62750244140625
0.0101890563964844 -0.040496826171875 -0.405517578125 -0.8609619140625
-0.00526523590087891 -0.0061640739440918 -0.8399658203125 -0.1259765625
-0.00547266006469727 0.000352382659912109 -0.433563232421875 0.509674072265625
0.0108661651611328 -0.0247478485107422 0.0419921875 0.499298095703125
-0.00554752349853515 -0.0105752944946289 0.32208251953125 0.1558837890625
-0.00467729568481445 -0.00784587860107422 0.330413818359375 -0.134246826171875
-0.000928878784179689 -0.0220508575439453 -0.30645751953125 0.15386962890625
0.0207843780517578 -0.0111522674560547 -0.286224365234375 -0.14312744140625
0.0154342651367188 0.00276660919189453 -0.024749755859375 -0.481964111328125
-0.00744819641113281 0.0189609527587891 0.469940185546875 -0.5169677734375
-0.0133066177368164 0.00534629821777344 0.80120849609375 0.1514892578125
-0.00456619262695312 -0.02618408203125 0.4259033203125 0.8314208984375
0.00904655456542969 0.0178546905517578 -0.11651611328125 0.6673583984375
0.000591278076171878 0.0319328308105469 0.0336685180664062 0.075439453125
0.0135431289672852 0.012547492980957 0.2633056640625 -0.60504150390625
0.01678466796875 -0.0179595947265625 -0.31048583984375 -0.92340087890625
-0.00718402862548828 -0.00907611846923828 -0.83795166015625 -0.243896484375
-0.00807332992553711 0.00417804718017578 -0.49658203125 0.443389892578125
0.00738811492919922 -0.0027308464050293 -0.012847900390625 0.484039306640625
-0.0013427734375 0.00281047821044922 0.295562744140625 0.15802001953125
-0.00624656677246094 0.000171184539794921 0.321502685546875 -0.1405029296875
-0.00112724304199219 -0.0185775756835938 -0.305877685546875 0.155181884765625
0.0238037109375 -0.00714683532714844 -0.276473999023438 -0.14886474609375
0.0143671035766602 0.00794410705566406 -0.00323486328125003 -0.480255126953125
-0.0123386383056641 0.0205898284912109 0.49346923828125 -0.49310302734375
-0.0206012725830078 1.52587890625034E-05 0.79534912109375 0.19354248046875
-0.00782966613769531 -0.0290412902832031 0.3822021484375 0.855224609375
0.009613037109375 0.0184955596923828 -0.13873291015625 0.65673828125
0.00221061706542969 0.0339431762695312 0.0395050048828125 0.0637893676757813
0.0138311386108398 0.0109024047851563 0.24761962890625 -0.61663818359375
0.0128021240234375 -0.0218296051025391 -0.34429931640625 -0.89892578125
-0.0139551162719727 -0.012333869934082 -0.83477783203125 -0.1971435546875
-0.0103988647460937 0.00615787506103516 -0.467926025390625 0.46380615234375
0.00645923614501953 0.00125694274902344 0.0120849609375 0.481231689453125
0.00115776062011719 0.00726652145385742 0.3067626953125 0.14947509765625
-0.00582075119018555 0.00319957733154297 0.32073974609375 -0.147552490234375
0.00214290618896484 -0.0154352188110352 -0.3067626953125 0.149627685546875
0.0235252380371094 -0.00349807739257813 -0.2650146484375 -0.156387329101563
0.013580322265625 0.0117425918579102 0.017120361328125 -0.487396240234375
-0.0165805816650391 0.0202083587646484 0.518402099609375 -0.47235107421875
-0.0253276824951172 -0.00270652770996093 0.79644775390625 0.23382568359375
-0.00909423828125 -0.0335578918457031 0.35345458984375 0.8778076171875
0.0113439559936523 0.01495361328125 -0.15545654296875 0.64801025390625
0.00634765625 0.0306797027587891 0.0436668395996094 0.0509757995605469
0.0152931213378906 0.00579357147216797 0.22430419921875 -0.62664794921875
0.00967597961425781 -0.0276679992675781 -0.384033203125 -0.87469482421875
-0.0193061828613281 -0.0129795074462891 -0.83721923828125 -0.15179443359375
-0.0136804580688477 0.00730609893798828 -0.442474365234375 0.48736572265625
0.00722360610961914 0.00274944305419922 0.033660888671875 0.48248291015625
0.00184822082519531 0.0100536346435547 0.316436767578125 0.14459228515625
-0.0024867057800293 0.00646495819091797 0.3228759765625 -0.1466064453125
0.00247573852539062 -0.0155277252197266 -0.306732177734375 0.1484375
0.0237522125244141 -0.00276756286621094 -0.254531860351563 -0.161712646484375
0.0125818252563477 0.0105819702148438 0.03912353515625 -0.4871826171875
-0.0182228088378906 0.0190467834472656 0.54107666015625 -0.4483642578125
-0.0287570953369141 -0.00516319274902343 0.7916259765625 0.27325439453125
-0.00946807861328125 -0.0397911071777344 0.32025146484375 0.89764404296875
0.0152826309204102 0.00807857513427734 -0.17523193359375 0.63946533203125
0.0131778717041016 0.0232391357421875 0.0470809936523438 0.0408477783203125
0.016514778137207 -0.00259590148925781 0.20697021484375 -0.63555908203125
0.00666999816894531 -0.0316810607910156 -0.412109375 -0.85186767578125
-0.0212230682373047 -0.0132637023925781 -0.8333740234375 -0.11181640625
-0.0133867263793945 0.00805759429931641 -0.417816162109375 0.504791259765625
0.00734281539916992 0.00158214569091797 0.05401611328125 0.482147216796875
0.0023336410522461 0.00922870635986328 0.323944091796875 0.139251708984375
-0.00152158737182617 0.00652122497558594 0.32373046875 -0.14971923828125
0.00283336639404297 -0.0166683197021484 -0.30517578125 0.144500732421875
0.0215911865234375 -0.00539016723632813 -0.245849609375 -0.164779663085938
0.0129146575927734 0.00696086883544922 0.05230712890625 -0.487274169921875
-0.0188446044921875 0.0173110961914063 0.55450439453125 -0.4324951171875
-0.0291843414306641 -0.00537681579589844 0.79296875 0.29998779296875
-0.0093536376953125 -0.045806884765625 0.3060302734375 0.90985107421875
0.0187301635742188 -0.00213432312011719 -0.1854248046875 0.63580322265625
0.0223598480224609 0.0128364562988281 0.048004150390625 0.0351905822753906
0.0183486938476563 -0.0137996673583984 0.1917724609375 -0.63922119140625
0.00551223754882812 -0.0363578796386719 -0.43597412109375 -0.83349609375
-0.0213527679443359 -0.0118885040283203 -0.83367919921875 -0.0838623046875002
-0.01318359375 0.00736045837402344 -0.4014892578125 0.51824951171875
0.00800466537475586 -0.00253772735595703 0.0677490234375 0.48309326171875
0.000998973846435547 0.0068659782409668 0.32904052734375 0.13775634765625
-0.000342845916748047 0.0061802864074707 0.324676513671875 -0.14703369140625
0.00259971618652344 -0.0203590393066406 -0.305511474609375 0.142333984375
0.0207004547119141 -0.00926971435546875 -0.243240356445312 -0.164398193359375
0.0140190124511719 -0.000482559204101563 0.057403564453125 -0.4862060546875
-0.0163516998291016 0.0165681838989258 0.559234619140625 -0.425323486328125
-0.0265083312988281 -0.00318527221679687 0.79443359375 0.30999755859375
-0.00856399536132812 -0.0501594543457031 0.30157470703125 0.9151611328125
0.0231609344482422 -0.012603759765625 -0.18878173828125 0.6356201171875
0.0303745269775391 0.000957489013671875 0.0449333190917969 0.0348243713378906
0.0204982757568359 -0.0243339538574219 0.185791015625 -0.63934326171875
0.004974365234375 -0.039337158203125 -0.44195556640625 -0.8294677734375
-0.0175495147705078 -0.00978755950927734 -0.83380126953125 -0.0748291015625
-0.0109777450561523 0.00581550598144531 -0.39752197265625 0.5245361328125
0.00871467590332031 -0.00899219512939453 0.06982421875 0.4864501953125
-0.000696659088134766 0.00254154205322266 0.330352783203125 0.139923095703125
-0.000738859176635743 0.00292778015136719 0.32568359375 -0.143585205078125
0.000904083251953123 -0.0263824462890625 -0.3052978515625 0.14324951171875
0.0186557769775391 -0.0151519775390625 -0.245223999023438 -0.16241455078125
0.0149078369140625 -0.00780200958251953 0.0513916015625 -0.485809326171875
-0.0120391845703125 0.0159130096435547 0.5538330078125 -0.428619384765625
-0.0228939056396484 0.000835418701171879 0.79571533203125 0.298583984375
-0.00842666625976562 -0.0533638000488281 0.31451416015625 0.9110107421875
0.0251255035400391 -0.0238304138183594 -0.1842041015625 0.63934326171875
0.0379104614257813 -0.0101432800292969 0.0406379699707031 0.040283203125
0.0219917297363281 -0.0330963134765625 0.18988037109375 -0.63232421875
0.00628280639648438 -0.0405235290527344 -0.431884765625 -0.8330078125
-0.0122518539428711 -0.0085906982421875 -0.8343505859375 -0.0859985351562498
-0.00860214233398437 0.00285673141479492 -0.405029296875 0.52178955078125
0.00868892669677735 -0.0168943405151367 0.0634765625 0.490936279296875
-0.00364160537719727 -0.00358152389526367 0.32806396484375 0.14349365234375
-0.00241160392761231 -0.00118803977966309 0.326629638671875 -0.141998291015625
-0.000343322753906249 -0.0319976806640625 -0.30450439453125 0.143463134765625
0.017303466796875 -0.0209598541259766 -0.252334594726563 -0.157470703125
0.016261100769043 -0.0170345306396484 0.037353515625 -0.48272705078125
-0.00680065155029297 0.0152597427368164 0.53863525390625 -0.44219970703125
-0.0158805847167969 0.00554084777832031 0.801513671875 0.27239990234375
-0.00753402709960938 -0.0524482727050781 0.3409423828125 0.89801025390625
0.0264053344726563 -0.0307521820068359 -0.17218017578125 0.64788818359375
0.04193115234375 -0.0182838439941406 0.034271240234375 0.0500030517578125
0.0238113403320313 -0.0390853881835938 0.201171875 -0.62384033203125
0.00915145874023438 -0.0406341552734375 -0.412353515625 -0.849853515625
-0.00450420379638672 -0.00517940521240234 -0.83721923828125 -0.11517333984375
-0.00509405136108398 0.000682830810546875 -0.425445556640625 0.511810302734375
0.00934982299804687 -0.0241317749023438 0.0477294921875 0.49517822265625
-0.00577831268310547 -0.00962924957275391 0.321441650390625 0.150543212890625
-0.00396823883056641 -0.00650787353515625 0.326324462890625 -0.13775634765625
-0.0015869140625 -0.0214614868164063 -0.30133056640625 0.15606689453125
0.0198841094970703 -0.0116596221923828 -0.28515625 -0.139434814453125
0.0153055191040039 0.00194931030273438 -0.029449462890625 -0.478179931640625
-0.00680923461914063 0.0195446014404297 0.45953369140625 -0.518096923828125
-0.0132455825805664 0.00464153289794922 0.79644775390625 0.14044189453125
-0.00506782531738281 -0.0264949798583984 0.42938232421875 0.8218994140625
0.00925254821777344 0.0175819396972656 -0.1094970703125 0.66351318359375
0.00125885009765625 0.0322494506835938 0.0334014892578125 0.0747604370117188
0.0130681991577148 0.0126762390136719 0.25469970703125 -0.60101318359375
0.0169830322265625 -0.0177936553955078 -0.31640625 -0.91302490234375
-0.00706005096435547 -0.00818252563476562 -0.834228515625 -0.23565673828125
-0.007080078125 0.00404739379882813 -0.490020751953125 0.443145751953125
0.00701475143432617 -0.0035858154296875 -0.00830078125000004 0.480072021484375
-0.00141811370849609 0.00293827056884766 0.294036865234375 0.15380859375
-0.00527143478393555 0.000850677490234374 0.317169189453125 -0.14276123046875
-0.00187110900878906 -0.0181865692138672 -0.300750732421875 0.15728759765625
0.0228309631347656 -0.00708770751953125 -0.274734497070313 -0.145217895507812
0.0136833190917969 0.00804328918457031 -0.00817871093749997 -0.477630615234375
-0.0113563537597656 0.0205745697021484 0.484527587890625 -0.49334716796875
-0.0208415985107422 8.39233398437534E-05 0.79205322265625 0.18292236328125
-0.00779342651367187 -0.0297908782958984 0.38824462890625 0.84490966796875
0.009796142578125 0.0193233489990234 -0.13092041015625 0.65338134765625
0.00260162353515625 0.0345993041992188 0.0396728515625 0.0621337890625
0.0141162872314453 0.0114679336547852 0.24005126953125 -0.61474609375
0.0126209259033203 -0.0221710205078125 -0.3486328125 -0.88787841796875
-0.0145120620727539 -0.012298583984375 -0.82940673828125 -0.188720703125
-0.0103178024291992 0.00590229034423828 -0.46185302734375 0.463470458984375
0.00640535354614258 0.000761985778808594 0.0157470703125 0.47662353515625
0.0010533332824707 0.00719356536865234 0.305084228515625 0.14520263671875
-0.00522327423095703 0.00465059280395508 0.316802978515625 -0.14959716796875
0.00190258026123047 -0.0145254135131836 -0.301849365234375 0.152374267578125
0.0223293304443359 -0.00400161743164063 -0.263442993164063 -0.152786254882813
0.0135641098022461 0.0106754302978516 0.0129089355468751 -0.483673095703125
-0.015869140625 0.0202541351318359 0.51007080078125 -0.472930908203125
-0.0260486602783203 -0.00204277038574218 0.793212890625 0.2237548828125
-0.00913429260253906 -0.0338783264160156 0.35845947265625 0.867919921875
0.0120773315429688 0.0153160095214844 -0.14990234375 0.64324951171875
0.00739288330078125 0.0306835174560547 0.0446434020996094 0.0499725341796875
0.0154619216918945 0.00568962097167969 0.216796875 -0.62451171875
0.00931167602539063 -0.0265274047851563 -0.38812255859375 -0.865478515625
-0.0189781188964844 -0.0129184722900391 -0.8328857421875 -0.143310546875
-0.0129642486572266 0.00722694396972656 -0.435455322265625 0.485260009765625
0.00650882720947266 0.00280857086181641 0.038116455078125 0.476531982421875
0.00174713134765625 0.0104589462280273 0.31365966796875 0.140533447265625
-0.00187492370605469 0.00771665573120117 0.31890869140625 -0.14794921875
0.00124168395996094 -0.0148420333862305 -0.301910400390625 0.15118408203125
0.0226383209228516 -0.00315284729003906 -0.252944946289063 -0.156707763671875
0.012852668762207 0.0105743408203125 0.032684326171875 -0.482452392578125
-0.0178585052490234 0.0194435119628906 0.5322265625 -0.44903564453125
-0.0285377502441406 -0.00548171997070313 0.78759765625 0.26153564453125
-0.010009765625 -0.0401496887207031 0.32611083984375 0.8873291015625
0.0150823593139648 0.00878715515136719 -0.16925048828125 0.63604736328125
0.0138778686523438 0.0235309600830078 0.0470619201660156 0.0399284362792969
0.0162105560302734 -0.00196647644042969 0.20025634765625 -0.6322021484375
0.00602531433105469 -0.0314998626708984 -0.4173583984375 -0.8414306640625
-0.0212535858154297 -0.0136871337890625 -0.82879638671875 -0.1041259765625
-0.0132541656494141 0.00816249847412109 -0.41070556640625 0.502410888671875
0.00699377059936523 0.00146198272705078 0.057647705078125 0.47637939453125
0.00212574005126953 0.00978279113769531 0.321624755859375 0.134735107421875
-0.00169849395751953 0.00817966461181641 0.32000732421875 -0.150848388671875
0.00263023376464844 -0.0159702301025391 -0.30084228515625 0.14666748046875
0.0212764739990234 -0.0055694580078125 -0.2451171875 -0.161422729492188
0.0125865936279297 0.00622177124023437 0.04541015625 -0.485809326171875
-0.0185680389404297 0.0185794830322266 0.545928955078125 -0.433319091796875
-0.0290660858154297 -0.00528335571289062 0.7867431640625 0.28961181640625
-0.00954818725585938 -0.0462532043457031 0.312744140625 0.9022216796875
0.0191593170166016 -0.00228691101074219 -0.17828369140625 0.63189697265625
0.02215576171875 0.0132808685302734 0.0473060607910156 0.0340843200683594
0.0182342529296875 -0.01300048828125 0.18536376953125 -0.63702392578125
0.0045928955078125 -0.0357551574707031 -0.4407958984375 -0.82373046875
-0.0203647613525391 -0.0114364624023438 -0.829345703125 -0.0772705078125001
-0.0131158828735352 0.00750923156738281 -0.39447021484375 0.516510009765625
0.00809288024902344 -0.00244569778442383 0.0721435546875 0.478485107421875
0.000677108764648437 0.00743389129638672 0.3267822265625 0.1339111328125
-0.000452518463134766 0.00678062438964844 0.320220947265625 -0.1488037109375
0.00212287902832031 -0.0201320648193359 -0.30035400390625 0.14471435546875
0.0194091796875 -0.009674072265625 -0.24176025390625 -0.161087036132812
0.0136814117431641 -0.00072479248046875 0.050628662109375 -0.48419189453125
-0.0158710479736328 0.017298698425293 0.550750732421875 -0.42706298828125
-0.0274677276611328 -0.0035858154296875 0.78924560546875 0.29754638671875
-0.0097503662109375 -0.0512123107910156 0.307861328125 0.90521240234375
0.0232124328613281 -0.0131549835205078 -0.181640625 0.63128662109375
0.0307445526123047 0.000766754150390625 0.0452728271484375 0.0343132019042969
0.0197391510009766 -0.0238609313964844 0.1796875 -0.63458251953125
0.00449371337890625 -0.0389823913574219 -0.4462890625 -0.81719970703125
-0.01776123046875 -0.00968360900878906 -0.82891845703125 -0.0686035156249999
-0.0107631683349609 0.00530624389648437 -0.390838623046875 0.523223876953125
0.00828170776367188 -0.00919055938720703 0.0736083984375 0.48004150390625
-0.00101470947265625 0.00287818908691406 0.329010009765625 0.13458251953125
-0.000970363616943359 0.00449371337890625 0.320831298828125 -0.145355224609375
0.000194549560546875 -0.0255622863769531 -0.300201416015625 0.14520263671875
0.0178432464599609 -0.0155410766601563 -0.244491577148438 -0.158920288085938
0.0147809982299805 -0.00902557373046875 0.045745849609375 -0.481842041015625
-0.0112953186035156 0.0162601470947266 0.5452880859375 -0.430755615234375
-0.0227165222167969 0.00094985961914063 0.79205322265625 0.28790283203125
-0.00959777832031249 -0.0533599853515625 0.3211669921875 0.90155029296875
0.0244407653808594 -0.0228748321533203 -0.17755126953125 0.63470458984375
0.0376129150390625 -0.00931930541992188 0.0402412414550781 0.0395011901855469
0.0217494964599609 -0.0326805114746094 0.1839599609375 -0.63018798828125
0.00605010986328125 -0.040740966796875 -0.435791015625 -0.82391357421875
-0.01171875 -0.00774860382080078 -0.8289794921875 -0.0806274414062501
-0.00841999053955078 0.00273036956787109 -0.399383544921875 0.51983642578125
0.00822734832763672 -0.0163459777832031 0.06707763671875 0.485687255859375
-0.00355911254882812 -0.00275444984436035 0.326629638671875 0.13897705078125
-0.00333309173583984 -0.000598907470703126 0.322845458984375 -0.1444091796875
-0.00104713439941406 -0.0312271118164063 -0.300201416015625 0.1455078125
0.0161724090576172 -0.0210704803466797 -0.250579833984375 -0.15423583984375
0.0159778594970703 -0.0170812606811523 0.032958984375 -0.47991943359375
-0.00645065307617188 0.0151576995849609 0.53070068359375 -0.444427490234375
-0.0163030624389648 0.00550270080566406 0.79931640625 0.2623291015625
-0.0080413818359375 -0.0524826049804688 0.346435546875 0.88818359375
0.0261039733886719 -0.0297889709472656 -0.1650390625 0.6448974609375
0.040985107421875 -0.018035888671875 0.0344161987304688 0.0485305786132813
0.0229988098144531 -0.0386619567871094 0.1947021484375 -0.62139892578125
0.00904464721679688 -0.0405960083007812 -0.41497802734375 -0.83843994140625
-0.00465059280395508 -0.00567102432250976 -0.8310546875 -0.10723876953125
-0.00528144836425781 -0.000218391418457032 -0.417572021484375 0.5091552734375
0.00897789001464844 -0.0239086151123047 0.05108642578125 0.4884033203125
-0.0063934326171875 -0.00903034210205078 0.320159912109375 0.146148681640625
-0.00418376922607422 -0.00517702102661133 0.322479248046875 -0.138671875
-0.00181961059570313 -0.0201072692871094 -0.296478271484375 0.158233642578125
0.0191993713378906 -0.011749267578125 -0.282928466796875 -0.13507080078125
0.0146970748901367 0.00119400024414063 -0.03302001953125 -0.47332763671875
-0.00669288635253906 0.0201816558837891 0.44940185546875 -0.516326904296875
-0.0139970779418945 0.00475692749023438 0.78948974609375 0.13311767578125
-0.005615234375 -0.0272598266601563 0.432373046875 0.81182861328125
0.00930595397949219 0.0177211761474609 -0.101806640625 0.657958984375
0.00194549560546875 0.0330123901367188 0.0338592529296875 0.0739822387695313
0.013401985168457 0.0127239227294922 0.24896240234375 -0.59820556640625
0.0165767669677734 -0.0176486968994141 -0.32098388671875 -0.90155029296875
-0.00652456283569336 -0.00832128524780273 -0.82958984375 -0.22821044921875
-0.00727415084838867 0.00385236740112305 -0.484100341796875 0.4427490234375
0.00631332397460938 -0.00359010696411133 -0.00579833984375005 0.47515869140625
-0.00210714340209961 0.00341010093688965 0.291259765625 0.14935302734375
-0.00500345230102539 0.00216865539550781 0.313323974609375 -0.144134521484375
-0.0022287368774414 -0.0167455673217773 -0.295989990234375 0.158660888671875
0.0219135284423828 -0.00772285461425781 -0.27337646484375 -0.141937255859375
0.0136985778808594 0.00687599182128906 -0.011505126953125 -0.473297119140625
-0.0110721588134766 0.0212745666503906 0.4759521484375 -0.493743896484375
-0.0207881927490234 9.15527343749996E-05 0.7861328125 0.1749267578125
-0.00857162475585937 -0.0298118591308594 0.3919677734375 0.83660888671875
0.00972938537597656 0.0188236236572266 -0.12518310546875 0.6475830078125
0.00369453430175781 0.0346946716308594 0.0398063659667969 0.0614280700683594
0.0135374069213867 0.0114955902099609 0.23358154296875 -0.60955810546875
0.012481689453125 -0.0217494964599609 -0.35211181640625 -0.877685546875
-0.0139837265014648 -0.0115442276000977 -0.82513427734375 -0.18060302734375
-0.010009765625 0.00625419616699219 -0.454193115234375 0.461944580078125
0.00505399703979492 0.00124406814575195 0.01947021484375 0.47265625
0.000584602355957031 0.00745391845703125 0.30255126953125 0.14105224609375
-0.00511264801025391 0.00569677352905274 0.312469482421875 -0.151458740234375
0.0015726089477539 -0.0141086578369141 -0.296966552734375 0.154296875
0.0212192535400391 -0.00457572937011719 -0.262222290039063 -0.148422241210938
0.0135030746459961 0.00932025909423828 0.00869750976562499 -0.479461669921875
-0.0156002044677734 0.0209693908691406 0.499755859375 -0.474822998046875
-0.0259227752685547 -0.00274848937988281 0.787109375 0.2156982421875
-0.00919914245605468 -0.0345802307128906 0.36395263671875 0.8582763671875
0.0120944976806641 0.0157108306884766 -0.14306640625 0.638916015625
0.00744819641113281 0.0309009552001953 0.0443496704101563 0.049530029296875
0.0145635604858398 0.00660610198974609 0.21044921875 -0.6199951171875
0.00939178466796875 -0.0263996124267578 -0.39031982421875 -0.85211181640625
-0.0186710357666016 -0.0125980377197266 -0.827880859375 -0.13592529296875
-0.0127372741699219 0.00716781616210938 -0.42864990234375 0.485260009765625
0.00619840621948242 0.00262737274169922 0.041778564453125 0.47344970703125
0.000797271728515626 0.0101957321166992 0.31170654296875 0.13653564453125
-0.00156259536743164 0.00812768936157227 0.314697265625 -0.15008544921875
0.00142478942871094 -0.0140571594238281 -0.296783447265625 0.1531982421875
0.0214672088623047 -0.00397109985351563 -0.2520751953125 -0.154464721679688
0.0128612518310547 0.00946521759033203 0.029571533203125 -0.478912353515625
-0.0176200866699219 0.0198116302490234 0.52301025390625 -0.4498291015625
-0.0287990570068359 -0.00527000427246094 0.78216552734375 0.253662109375
-0.0108566284179687 -0.0407752990722656 0.33172607421875 0.87738037109375
0.0153017044067383 0.00855827331542969 -0.162841796875 0.6317138671875
0.0141258239746094 0.0233402252197266 0.0464363098144531 0.0391578674316406
0.0164890289306641 -0.00174999237060547 0.19537353515625 -0.6275634765625
0.006011962890625 -0.0310192108154297 -0.41693115234375 -0.8309326171875
-0.0215835571289063 -0.0123062133789063 -0.82275390625 -0.0976562500000001
-0.0127029418945313 0.00754451751708984 -0.40386962890625 0.5009765625
0.00667428970336914 0.00121021270751953 0.061309814453125 0.472076416015625
0.00200939178466797 0.00993251800537109 0.3204345703125 0.130950927734375
-0.00137233734130859 0.00823831558227539 0.316009521484375 -0.153350830078125
0.00212192535400391 -0.0157127380371094 -0.2962646484375 0.1488037109375
0.0206718444824219 -0.005859375 -0.243621826171875 -0.157501220703125
0.0131025314331055 0.00512027740478516 0.041961669921875 -0.48089599609375
-0.0178985595703125 0.0189094543457031 0.53704833984375 -0.434783935546875
-0.0291633605957031 -0.0055389404296875 0.78179931640625 0.2799072265625
-0.0108299255371094 -0.0463180541992188 0.31707763671875 0.89093017578125
0.0190792083740234 -0.0016632080078125 -0.171875 0.62689208984375
0.0222721099853516 0.0140190124511719 0.0476188659667969 0.0339813232421875
0.0180130004882813 -0.01312255859375 0.17950439453125 -0.63275146484375
0.00457382202148438 -0.0353240966796875 -0.44097900390625 -0.81280517578125
-0.0201072692871094 -0.0113410949707031 -0.8238525390625 -0.0698242187500001
-0.0126113891601562 0.007476806640625 -0.388519287109375 0.516143798828125
0.00745582580566406 -0.00240516662597656 0.07342529296875 0.472930908203125
0.000653743743896484 0.00736570358276367 0.324432373046875 0.128326416015625
0.000712394714355468 0.00765705108642578 0.31622314453125 -0.15032958984375
0.00172042846679687 -0.0192222595214844 -0.294708251953125 0.1474609375
0.0187263488769531 -0.0096282958984375 -0.24090576171875 -0.158035278320313
0.0139436721801758 -0.00158882141113281 0.046173095703125 -0.478729248046875
-0.0156097412109375 0.0176506042480469 0.541595458984375 -0.427703857421875
-0.0273799896240234 -0.0037841796875 0.78558349609375 0.2891845703125
-0.0102806091308594 -0.0512657165527344 0.313232421875 0.8961181640625
0.0221138000488281 -0.0128612518310547 -0.17510986328125 0.6253662109375
0.0311565399169922 0.00187110900878906 0.0451087951660156 0.0335350036621094
0.0193500518798828 -0.0234317779541016 0.17413330078125 -0.63067626953125
0.00383758544921875 -0.0381546020507813 -0.44927978515625 -0.80731201171875
-0.0167760848999023 -0.00957107543945312 -0.82257080078125 -0.0610351562499999
-0.0109214782714844 0.00521087646484375 -0.3837890625 0.520660400390625
0.0079035758972168 -0.00874185562133789 0.076080322265625 0.47601318359375
-0.00183653831481934 0.00335335731506348 0.32537841796875 0.130889892578125
-0.000121593475341797 0.0048980712890625 0.31719970703125 -0.147705078125
-5.72204589843774E-05 -0.0244693756103516 -0.295196533203125 0.147674560546875
0.0166921615600586 -0.0155353546142578 -0.243133544921875 -0.155303955078125
0.0144796371459961 -0.00906944274902344 0.0396728515625 -0.47857666015625
-0.0108346939086914 0.0169954299926758 0.534454345703125 -0.431243896484375
-0.0227947235107422 0.000692367553710933 0.78729248046875 0.27801513671875
-0.0101203918457031 -0.0536727905273438 0.32427978515625 0.89093017578125
0.0252342224121094 -0.0228900909423828 -0.1722412109375 0.63262939453125
0.0376701354980469 -0.00876235961914063 0.0404586791992188 0.0391273498535156
0.020751953125 -0.0324077606201172 0.1783447265625 -0.62481689453125
0.00526809692382813 -0.0403404235839844 -0.43634033203125 -0.81304931640625
-0.0115947723388672 -0.00785160064697266 -0.82293701171875 -0.0715942382812502
-0.00764799118041992 0.00272846221923828 -0.390594482421875 0.518218994140625
0.00778961181640625 -0.0162410736083984 0.0698547363281249 0.480194091796875
-0.00346779823303223 -0.00239014625549316 0.32373046875 0.13519287109375
-0.00197863578796387 -5.185604095459E-05 0.317901611328125 -0.14532470703125
-0.00100898742675781 -0.0298633575439453 -0.29541015625 0.14776611328125
0.0145015716552734 -0.0211372375488281 -0.249542236328125 -0.150665283203125
0.01519775390625 -0.0175838470458984 0.02752685546875 -0.476470947265625
-0.00495815277099609 0.0162248611450195 0.52069091796875 -0.444580078125
-0.0162630081176758 0.00536346435546875 0.792724609375 0.25384521484375
-0.00875091552734375 -0.053375244140625 0.34930419921875 0.87884521484375
0.0251369476318359 -0.0300559997558594 -0.15936279296875 0.6409912109375
0.0413169860839844 -0.0181503295898438 0.0342254638671875 0.0485496520996094
0.02239990234375 -0.03839111328125 0.18792724609375 -0.61669921875
0.00884246826171875 -0.0401535034179687 -0.41796875 -0.8280029296875
-0.00443744659423828 -0.00529670715332031 -0.82574462890625 -0.10003662109375
-0.00524139404296875 0.000154972076416016 -0.411956787109375 0.50823974609375
0.00791358947753906 -0.0246429443359375 0.05413818359375 0.484619140625
-0.00687932968139649 -0.00836658477783203 0.31781005859375 0.142364501953125
-0.00410747528076172 -0.00457763671875 0.317474365234375 -0.1412353515625
-0.0019073486328125 -0.0193367004394531 -0.292388916015625 0.159332275390625
0.0178108215332031 -0.011993408203125 -0.280975341796875 -0.131515502929688
0.0146732330322266 0.00063323974609375 -0.0362548828125 -0.46826171875
-0.00577926635742187 0.0202579498291016 0.44268798828125 -0.515594482421875
-0.0139579772949219 0.00493431091308594 0.78515625 0.12615966796875
-0.00629234313964843 -0.0275039672851563 0.4346923828125 0.80303955078125
0.00947761535644531 0.0180854797363281 -0.0964965820312499 0.65301513671875
0.00222206115722656 0.0334529876708984 0.0342559814453125 0.07391357421875
0.0127296447753906 0.0125303268432617 0.2454833984375 -0.59454345703125
0.0165281295776367 -0.0172252655029297 -0.3232421875 -0.89166259765625
-0.00657272338867188 -0.00758123397827148 -0.82525634765625 -0.22137451171875
-0.00707912445068359 0.00417518615722656 -0.477264404296875 0.440643310546875
0.00580406188964844 -0.00279378890991211 -0.00213623046875 0.470916748046875
-0.00271940231323242 0.00291180610656738 0.28887939453125 0.146820068359375
-0.0050806999206543 0.00369501113891602 0.309295654296875 -0.14532470703125
-0.00201034545898438 -0.0158023834228516 -0.290771484375 0.1597900390625
0.0205554962158203 -0.007965087890625 -0.271331787109375 -0.13812255859375
0.0138874053955078 0.00668525695800781 -0.014312744140625 -0.469818115234375
-0.0101814270019531 0.0221652984619141 0.46685791015625 -0.492340087890625
-0.0208072662353516 0.000179290771484376 0.7789306640625 0.16717529296875
-0.00840568542480469 -0.0306816101074219 0.39471435546875 0.82635498046875
0.0105361938476563 0.0192127227783203 -0.1209716796875 0.64447021484375
0.00387954711914062 0.0351486206054688 0.0391044616699219 0.0609054565429688
0.0137042999267578 0.0113496780395508 0.2291259765625 -0.60626220703125
0.0123615264892578 -0.0206050872802734 -0.35504150390625 -0.86737060546875
-0.0141162872314453 -0.0110893249511719 -0.8214111328125 -0.175537109375
-0.0102300643920898 0.00556468963623047 -0.4483642578125 0.460723876953125
0.00507211685180664 0.0010528564453125 0.021148681640625 0.467926025390625
0.000507354736328124 0.00725793838500976 0.300384521484375 0.137847900390625
-0.0043025016784668 0.00688028335571289 0.30902099609375 -0.15252685546875
0.00134944915771484 -0.0139989852905273 -0.292724609375 0.155670166015625
0.0204315185546875 -0.0044097900390625 -0.259719848632812 -0.145858764648438
0.0129356384277344 0.00932216644287109 0.006134033203125 -0.4752197265625
-0.0146541595458984 0.0205955505371094 0.49212646484375 -0.472808837890625
-0.0263595581054688 -0.00243377685546875 0.7811279296875 0.20849609375
-0.0098876953125 -0.0349502563476563 0.3671875 0.85040283203125
0.0123348236083984 0.0157642364501953 -0.13812255859375 0.63458251953125
0.00792694091796875 0.0317096710205078 0.0436325073242188 0.048858642578125
0.0145244598388672 0.00603008270263672 0.2054443359375 -0.61590576171875
0.00911521911621093 -0.0255908966064453 -0.3931884765625 -0.8450927734375
-0.0176277160644531 -0.0120258331298828 -0.82080078125 -0.1285400390625
-0.0119562149047852 0.00731849670410156 -0.42364501953125 0.482574462890625
0.00577402114868164 0.00211477279663086 0.043487548828125 0.468994140625
0.00100040435791016 0.0103015899658203 0.3094482421875 0.133453369140625
-0.000752449035644532 0.00901126861572266 0.310211181640625 -0.150726318359375
0.000816345214843749 -0.0134286880493164 -0.29205322265625 0.153961181640625
0.0201320648193359 -0.0045166015625 -0.25030517578125 -0.151443481445312
0.012171745300293 0.0085906982421875 0.025787353515625 -0.475738525390625
-0.0161590576171875 0.0204219818115234 0.512847900390625 -0.4498291015625
-0.0294151306152344 -0.00493812561035156 0.776611328125 0.24517822265625
-0.0111808776855469 -0.04095458984375 0.33404541015625 0.86920166015625
0.0146780014038086 0.00891304016113281 -0.15643310546875 0.62750244140625
0.0145225524902344 0.0244617462158203 0.0465850830078125 0.0388679504394531
0.0159835815429688 -0.00184726715087891 0.18951416015625 -0.62384033203125
0.00599098205566407 -0.0308895111083984 -0.41949462890625 -0.82196044921875
-0.0206756591796875 -0.0121288299560547 -0.8175048828125 -0.0905151367187499
-0.0126781463623047 0.00811386108398438 -0.398529052734375 0.498626708984375
0.00580453872680664 0.00159931182861328 0.06292724609375 0.467498779296875
0.000899314880371093 0.00986003875732422 0.317657470703125 0.127227783203125
-0.000247955322265625 0.0100212097167969 0.311492919921875 -0.153900146484375
0.00174999237060547 -0.0148534774780273 -0.291107177734375 0.150299072265625
0.018951416015625 -0.00563621520996094 -0.242584228515625 -0.154861450195313
0.0123281478881836 0.004180908203125 0.0390625 -0.477630615234375
-0.0175399780273438 0.0194835662841797 0.528228759765625 -0.433837890625
-0.0294685363769531 -0.005035400390625 0.7769775390625 0.27130126953125
-0.011444091796875 -0.0466995239257813 0.32037353515625 0.88275146484375
0.0187568664550781 -0.00137901306152344 -0.168212890625 0.62225341796875
0.0223274230957031 0.0135898590087891 0.0472755432128906 0.0333480834960937
0.0174417495727539 -0.0124597549438477 0.1746826171875 -0.62713623046875
0.0038299560546875 -0.0350360870361328 -0.443115234375 -0.80413818359375
-0.0199775695800781 -0.0106010437011719 -0.81719970703125 -0.0648803710937501
-0.0118570327758789 0.00686836242675781 -0.382537841796875 0.512664794921875
0.00664234161376953 -0.00283432006835938 0.076904296875 0.468597412109375
0.000857830047607422 0.00794076919555664 0.322418212890625 0.125091552734375
0.00107955932617188 0.00855445861816406 0.31292724609375 -0.151519775390625
0.00155067443847656 -0.0183525085449219 -0.29071044921875 0.148681640625
0.0175056457519531 -0.0100336074829102 -0.2398681640625 -0.155059814453125
0.0131435394287109 -0.00248622894287109 0.04364013671875 -0.476165771484375
-0.0142822265625 0.0179767608642578 0.53271484375 -0.42681884765625
-0.0274467468261719 -0.00360298156738281 0.7796630859375 0.2803955078125
-0.0111007690429687 -0.0518302917480469 0.317626953125 0.88629150390625
0.0227737426757813 -0.0123958587646484 -0.168701171875 0.62176513671875
0.0310935974121094 0.00230216979980469 0.0447120666503906 0.0332717895507812
0.0189933776855469 -0.0234661102294922 0.16943359375 -0.6258544921875
0.00399017333984375 -0.0376167297363281 -0.44976806640625 -0.798828125
-0.0168476104736328 -0.00933456420898438 -0.8172607421875 -0.0556030273437499
-0.0102052688598633 0.00533199310302735 -0.377593994140625 0.518463134765625
0.00697994232177734 -0.008880615234375 0.079010009765625 0.470367431640625
-0.00166177749633789 0.00342345237731934 0.323333740234375 0.1265869140625
-8.67843627929689E-05 0.00603055953979492 0.313201904296875 -0.148529052734375
-0.000909805297851563 -0.0235786437988281 -0.29132080078125 0.148712158203125
0.0158843994140625 -0.0151576995849609 -0.242431640625 -0.1524658203125
0.0142812728881836 -0.010188102722168 0.036712646484375 -0.473968505859375
-0.0100688934326172 0.0175914764404297 0.525787353515625 -0.432525634765625
-0.0228595733642578 0.000354766845703122 0.7811279296875 0.2698974609375
-0.0103569030761719 -0.0537681579589844 0.32843017578125 0.8822021484375
0.0250587463378906 -0.0232753753662109 -0.1651611328125 0.62615966796875
0.0375633239746094 -0.00888824462890625 0.0400352478027344 0.0383338928222656
0.0206413269042969 -0.0321559906005859 0.17327880859375 -0.6201171875
0.0052490234375 -0.0398368835449219 -0.4376220703125 -0.80242919921875
-0.0106630325317383 -0.00794219970703125 -0.819091796875 -0.0670166015625001
-0.0080113410949707 0.00289297103881836 -0.385894775390625 0.515960693359375
0.006866455078125 -0.0161867141723633 0.071258544921875 0.474578857421875
-0.00400066375732422 -0.00181674957275391 0.321807861328125 0.132080078125
-0.00175106525421143 0.000995397567749024 0.31427001953125 -0.14715576171875
-0.00203704833984375 -0.0294132232666016 -0.290802001953125 0.14898681640625
0.0139560699462891 -0.0212974548339844 -0.247817993164063 -0.148223876953125
0.0148658752441406 -0.0177860260009766 0.0242919921875 -0.4716796875
-0.00512886047363281 0.0168371200561523 0.51123046875 -0.443695068359375
-0.0166168212890625 0.00498580932617188 0.787353515625 0.245849609375
-0.00942230224609375 -0.0536575317382813 0.35260009765625 0.8709716796875
0.0253734588623047 -0.0299892425537109 -0.154296875 0.6357421875
0.0412635803222656 -0.0167655944824219 0.03411865234375 0.0480804443359375
0.0218124389648438 -0.0374679565429688 0.1829833984375 -0.61236572265625
0.00860595703125 -0.0391387939453125 -0.4185791015625 -0.81939697265625
-0.00372505187988281 -0.00547027587890625 -0.8203125 -0.0943603515624999
-0.00437331199645996 -0.000246286392211915 -0.405029296875 0.50653076171875
0.00737190246582031 -0.0240459442138672 0.0555419921875 0.479705810546875
-0.00674629211425781 -0.00893306732177735 0.315460205078125 0.13824462890625
-0.00379204750061035 -0.00329947471618652 0.314361572265625 -0.143035888671875
-0.00190544128417969 -0.0186614990234375 -0.287750244140625 0.15972900390625
0.0166788101196289 -0.0119495391845703 -0.278854370117188 -0.129287719726563
0.0139446258544922 -0.00028228759765625 -0.0382080078125 -0.46453857421875
-0.00552749633789063 0.0204925537109375 0.434906005859375 -0.513031005859375
-0.0145368576049805 0.00429058074951172 0.77728271484375 0.121826171875
-0.00647735595703125 -0.0282688140869141 0.435302734375 0.79443359375
0.00980758666992188 0.0183506011962891 -0.09271240234375 0.648681640625
0.00306129455566406 0.0338306427001953 0.0339889526367188 0.0732421875
0.0123758316040039 0.0131044387817383 0.2403564453125 -0.590087890625
0.0164546966552734 -0.0172433853149414 -0.322021484375 -0.8837890625
-0.00591850280761719 -0.00778007507324219 -0.819580078125 -0.21478271484375
-0.00689935684204102 0.00418567657470703 -0.472503662109375 0.439544677734375
0.00484275817871094 -0.00338506698608398 -0.00115966796875003 0.465545654296875
-0.0025327205657959 0.00357723236083984 0.28814697265625 0.143798828125
-0.00432062149047851 0.00438809394836426 0.305999755859375 -0.1455078125
-0.00237846374511719 -0.015538215637207 -0.286590576171875 0.160369873046875
0.0193462371826172 -0.00796318054199219 -0.269729614257813 -0.13623046875
0.0136585235595703 0.005950927734375 -0.015625 -0.466156005859375
-0.00985908508300781 0.0227718353271484 0.458740234375 -0.490966796875
-0.0214920043945313 -0.000280380249023442 0.7730712890625 0.1610107421875
-0.0095062255859375 -0.0314235687255859 0.3944091796875 0.81903076171875
0.0101661682128906 0.0195579528808594 -0.11572265625 0.63958740234375
0.00478744506835937 0.0350799560546875 0.03924560546875 0.0605201721191406
0.0128965377807617 0.0122528076171875 0.22430419921875 -0.600341796875
0.0119800567626953 -0.0209884643554688 -0.3533935546875 -0.85980224609375
-0.0132379531860352 -0.0107650756835938 -0.81689453125 -0.17095947265625
-0.0101032257080078 0.00610542297363281 -0.444915771484375 0.457733154296875
0.00381302833557129 0.00108480453491211 0.02227783203125 0.46240234375
-0.000236988067626953 0.007354736328125 0.298828125 0.1353759765625
-0.00437545776367188 0.00768136978149414 0.3050537109375 -0.152618408203125
0.00118923187255859 -0.0123653411865234 -0.28802490234375 0.155670166015625
0.0197944641113281 -0.00391578674316406 -0.258071899414062 -0.143402099609375
0.0127668380737305 0.00807380676269531 0.00292968749999998 -0.471405029296875
-0.0137977600097656 0.0216274261474609 0.485076904296875 -0.47064208984375
-0.0264129638671875 -0.00301742553710938 0.77618408203125 0.20306396484375
-0.0110206604003906 -0.0354537963867188 0.3668212890625 0.840087890625
0.011967658996582 0.0155611038208008 -0.13519287109375 0.62994384765625
0.00857353210449219 0.0316600799560547 0.0434761047363281 0.048126220703125
0.0143957138061523 0.00670909881591797 0.20135498046875 -0.6099853515625
0.00857734680175781 -0.0255813598632813 -0.39208984375 -0.8355712890625
-0.0177059173583984 -0.0111217498779297 -0.81683349609375 -0.1246337890625
-0.0119733810424805 0.00670146942138672 -0.4193115234375 0.47894287109375
0.00481891632080078 0.00214624404907227 0.044769287109375 0.463653564453125
0.000523567199707032 0.0102996826171875 0.30682373046875 0.130584716796875
-0.000635147094726563 0.0102510452270508 0.306915283203125 -0.1512451171875
0.000539779663085938 -0.0125265121459961 -0.287445068359375 0.154754638671875
0.0193500518798828 -0.00428390502929688 -0.24822998046875 -0.148605346679687
0.0118551254272461 0.00766468048095703 0.02374267578125 -0.471435546875
-0.0159969329833984 0.0208396911621094 0.506378173828125 -0.448699951171875
-0.0294761657714844 -0.00547218322753906 0.7713623046875 0.23968505859375
-0.0115737915039062 -0.0406265258789063 0.3350830078125 0.8597412109375
0.0149965286254883 0.00916671752929688 -0.15411376953125 0.62347412109375
0.0146961212158203 0.0251312255859375 0.0460319519042969 0.0384712219238281
0.0157833099365234 -0.00202560424804688 0.186279296875 -0.6171875
0.00531196594238281 -0.0304317474365234 -0.41766357421875 -0.81292724609375
-0.0200119018554687 -0.0117416381835938 -0.81280517578125 -0.0865478515625
-0.0123767852783203 0.00763988494873047 -0.395233154296875 0.49609375
0.00589609146118164 0.000961780548095703 0.06475830078125 0.462127685546875
0.00094890594482422 0.00925540924072266 0.3155517578125 0.124481201171875
-0.000123977661132813 0.00973701477050781 0.307830810546875 -0.15478515625
0.001800537109375 -0.0139665603637695 -0.28717041015625 0.150787353515625
0.0178451538085938 -0.00583457946777344 -0.24072265625 -0.152053833007812
0.0118122100830078 0.00395679473876953 0.03631591796875 -0.473419189453125
-0.0160083770751953 0.0196571350097656 0.521514892578125 -0.43206787109375
-0.0297603607177734 -0.00588417053222656 0.77227783203125 0.26446533203125
-0.0121078491210938 -0.0473785400390625 0.32183837890625 0.8724365234375
0.0189437866210938 -0.0007781982421875 -0.16253662109375 0.618408203125
0.0229034423828125 0.014251708984375 0.0468940734863281 0.03277587890625
0.0171260833740234 -0.0122241973876953 0.1729736328125 -0.623046875
0.00378036499023437 -0.0346946716308594 -0.4425048828125 -0.7947998046875
-0.0194072723388672 -0.0108489990234375 -0.810546875 -0.0616455078124999
-0.0119228363037109 0.00657749176025391 -0.379669189453125 0.50933837890625
0.00619840621948242 -0.00287675857543945 0.0772705078125 0.463348388671875
-0.000195026397705079 0.00797557830810547 0.3199462890625 0.123046875
0.00111961364746094 0.00956344604492188 0.308441162109375 -0.152130126953125
0.00064373016357422 -0.0171318054199219 -0.28656005859375 0.148895263671875
0.016357421875 -0.00979518890380859 -0.23785400390625 -0.152374267578125
0.0121011734008789 -0.00242900848388672 0.03936767578125 -0.470703125
-0.0138301849365234 0.0183563232421875 0.52532958984375 -0.42633056640625
-0.0277194976806641 -0.0037078857421875 0.774658203125 0.273193359375
-0.0111770629882813 -0.0514907836914063 0.31915283203125 0.8785400390625
0.0225353240966797 -0.0122776031494141 -0.16644287109375 0.618408203125
0.0310230255126953 0.00273323059082031 0.0448036193847656 0.0326004028320313
0.0185718536376953 -0.0225505828857422 0.165283203125 -0.620849609375
0.00349807739257812 -0.0375480651855469 -0.44805908203125 -0.78857421875
-0.0161523818969727 -0.00884056091308594 -0.8116455078125 -0.0531005859374999
-0.0099496841430664 0.00535488128662109 -0.374725341796875 0.51544189453125
0.00689268112182617 -0.00849771499633789 0.079071044921875 0.46551513671875
-0.00258088111877441 0.003570556640625 0.320770263671875 0.123809814453125
0.00105094909667969 0.00590229034423828 0.3094482421875 -0.14874267578125
-0.000915527343750002 -0.0227394104003906 -0.287261962890625 0.14990234375
0.0150356292724609 -0.0149917602539063 -0.24053955078125 -0.150833129882813
0.0135011672973633 -0.0103130340576172 0.034271240234375 -0.4708251953125
-0.00963592529296875 0.0176887512207031 0.5185546875 -0.43023681640625
-0.022674560546875 0.000238418579101558 0.77392578125 0.26263427734375
-0.0110664367675781 -0.0544090270996094 0.3299560546875 0.8721923828125
0.0242519378662109 -0.0220603942871094 -0.1614990234375 0.62103271484375
0.0379066467285156 -0.00791168212890625 0.0396003723144531 0.0377464294433594
0.0197505950927734 -0.0314140319824219 0.16851806640625 -0.615234375
0.00505447387695312 -0.039276123046875 -0.435546875 -0.79534912109375
-0.0105829238891602 -0.00747203826904297 -0.81207275390625 -0.063232421875
-0.00739622116088867 0.00259542465209961 -0.382659912109375 0.513641357421875
0.00611019134521484 -0.0169143676757813 0.072601318359375 0.469818115234375
-0.0042262077331543 -0.00179839134216309 0.319091796875 0.128509521484375
-0.00156056880950928 0.00165748596191406 0.3109130859375 -0.147186279296875
-0.00234222412109375 -0.0285320281982422 -0.2869873046875 0.14959716796875
0.0124034881591797 -0.0212917327880859 -0.2464599609375 -0.145355224609375
0.0144538879394531 -0.0185184478759766 0.02239990234375 -0.468170166015625
-0.00422286987304688 0.0164518356323242 0.504852294921875 -0.442657470703125
-0.0166034698486328 0.00478935241699219 0.7811279296875 0.2398681640625
-0.0104598999023437 -0.053924560546875 0.35443115234375 0.86083984375
0.0257034301757813 -0.0292797088623047 -0.14935302734375 0.63079833984375
0.0412559509277344 -0.0162277221679688 0.0337028503417969 0.0473518371582031
0.021087646484375 -0.0376319885253906 0.18084716796875 -0.60760498046875
0.00790786743164062 -0.0389556884765625 -0.4197998046875 -0.81219482421875
-0.00310230255126953 -0.00526857376098633 -0.81414794921875 -0.0918579101562499
-0.00471210479736328 -0.000508308410644532 -0.401611328125 0.5042724609375
0.00622749328613281 -0.0239086151123047 0.057037353515625 0.47412109375
-0.00748443603515625 -0.00775718688964844 0.312591552734375 0.136322021484375
-0.00301289558410645 -0.00281834602355957 0.311065673828125 -0.142608642578125
-0.00199508666992188 -0.0178318023681641 -0.284698486328125 0.159637451171875
0.0151119232177734 -0.0119285583496094 -0.276779174804688 -0.127609252929688
0.0139627456665039 -0.000594139099121094 -0.039031982421875 -0.45977783203125
-0.00487709045410156 0.0212917327880859 0.4298095703125 -0.5107421875
-0.0146102905273438 0.00385570526123047 0.76959228515625 0.11810302734375
-0.00709724426269531 -0.0290756225585938 0.4349365234375 0.78900146484375
0.00954818725585938 0.0183601379394531 -0.09124755859375 0.64337158203125
0.00366401672363281 0.0334186553955078 0.033416748046875 0.0727081298828125
0.0124435424804688 0.0130443572998047 0.23687744140625 -0.5843505859375
0.0157527923583984 -0.0163450241088867 -0.32257080078125 -0.87530517578125
-0.00575733184814453 -0.00699090957641601 -0.816162109375 -0.2119140625
-0.00679636001586914 0.00358152389526367 -0.469970703125 0.436492919921875
0.00450849533081055 -0.00323152542114258 -0.00103759765624996 0.462005615234375
-0.00351786613464356 0.0038607120513916 0.285614013671875 0.1424560546875
-0.00343990325927734 0.00513410568237305 0.303009033203125 -0.14569091796875
-0.00260829925537109 -0.0147724151611328 -0.282257080078125 0.16107177734375
0.0181236267089844 -0.00778579711914063 -0.266983032226563 -0.133895874023438
0.0130071640014648 0.00487899780273438 -0.016754150390625 -0.4617919921875
-0.009307861328125 0.0219860076904297 0.4525146484375 -0.487091064453125
-0.0218391418457031 -0.000183105468750001 0.7667236328125 0.15716552734375
-0.00994682312011719 -0.0311031341552734 0.39544677734375 0.81146240234375
0.0107288360595703 0.0197925567626953 -0.11346435546875 0.63433837890625
0.00540542602539062 0.0353546142578125 0.0390892028808594 0.0600204467773438
0.0132627487182617 0.0119705200195313 0.2220458984375 -0.5966796875
0.0120105743408203 -0.0203762054443359 -0.3533935546875 -0.85162353515625
-0.0126247406005859 -0.0106239318847656 -0.8096923828125 -0.1680908203125
-0.00968170166015625 0.00560092926025391 -0.441009521484375 0.45440673828125
0.00377035140991211 0.00104928016662598 0.0235595703125 0.459869384765625
-0.000641345977783203 0.00751590728759766 0.295654296875 0.13275146484375
-0.00365781784057617 0.00827789306640625 0.30206298828125 -0.153106689453125
0.00085735321044922 -0.0119438171386719 -0.28411865234375 0.155731201171875
0.0185260772705078 -0.00489425659179688 -0.25640869140625 -0.141281127929687
0.0127992630004883 0.00754261016845703 0.00189208984375005 -0.46722412109375
-0.0137653350830078 0.0218029022216797 0.478363037109375 -0.467987060546875
-0.0266819000244141 -0.00303459167480469 0.76971435546875 0.197998046875
-0.0110969543457031 -0.0358467102050781 0.36810302734375 0.83441162109375
0.0124301910400391 0.0153274536132813 -0.13311767578125 0.624267578125
0.00873565673828125 0.0324058532714844 0.0435142517089844 0.0476570129394531
0.0135030746459961 0.00664520263671875 0.197998046875 -0.60687255859375
0.00870895385742188 -0.0252475738525391 -0.39056396484375 -0.82977294921875
-0.0169467926025391 -0.0117053985595703 -0.81097412109375 -0.12152099609375
-0.0118026733398437 0.0066680908203125 -0.415374755859375 0.4752197265625
0.00482988357543945 0.00239086151123047 0.043975830078125 0.459625244140625
0.000500679016113281 0.0106019973754883 0.303924560546875 0.12811279296875
4.00543212890627E-05 0.0106792449951172 0.305084228515625 -0.151092529296875
0.000478744506835937 -0.0114831924438477 -0.2840576171875 0.15509033203125
0.0180282592773438 -0.00458526611328125 -0.24658203125 -0.146743774414063
0.0113096237182617 0.00726985931396484 0.0218505859375 -0.467926025390625
-0.0152988433837891 0.0208301544189453 0.500274658203125 -0.44549560546875
-0.0297641754150391 -0.00544166564941406 0.76544189453125 0.23553466796875
-0.0121726989746094 -0.0416755676269531 0.33636474609375 0.8533935546875
0.0148773193359375 0.00944328308105469 -0.1510009765625 0.6185302734375
0.0154743194580078 0.0254764556884766 0.0458717346191406 0.037689208984375
0.0159025192260742 -0.00133705139160156 0.18359375 -0.61444091796875
0.00584602355957031 -0.0303497314453125 -0.41748046875 -0.80694580078125
-0.0196056365966797 -0.0116214752197266 -0.80731201171875 -0.0859985351562498
-0.0115165710449219 0.00727176666259765 -0.391510009765625 0.492340087890625
0.00565004348754883 0.000959873199462891 0.06451416015625 0.457489013671875
0.000931739807128907 0.00983619689941406 0.3125 0.1224365234375
0.000523567199707032 0.0108499526977539 0.304931640625 -0.154571533203125
0.00129222869873047 -0.0129251480102539 -0.283355712890625 0.15081787109375
0.0164775848388672 -0.00615692138671875 -0.238861083984375 -0.15081787109375
0.0116710662841797 0.00295829772949219 0.032928466796875 -0.470062255859375
-0.01568603515625 0.0195999145507813 0.51361083984375 -0.43072509765625
-0.0294513702392578 -0.00534248352050781 0.76507568359375 0.26055908203125
-0.0124168395996094 -0.0467491149902344 0.322265625 0.86566162109375
0.0186939239501953 -0.000707626342773437 -0.15960693359375 0.61358642578125
0.0238437652587891 0.0145778656005859 0.04571533203125 0.0329780578613281
0.0167560577392578 -0.011383056640625 0.16900634765625 -0.6181640625
0.00405120849609375 -0.0345611572265625 -0.44049072265625 -0.788330078125
-0.0189952850341797 -0.0108833312988281 -0.806640625 -0.05792236328125
-0.0115985870361328 0.00689888000488281 -0.3758544921875 0.506591796875
0.0059199333190918 -0.00292015075683594 0.078125 0.45977783203125
5.483627319336E-05 0.00807476043701172 0.3172607421875 0.120269775390625
0.00120067596435547 0.00978946685791016 0.305572509765625 -0.15203857421875
0.000334739685058593 -0.0166406631469727 -0.282470703125 0.149322509765625
0.0152368545532227 -0.00969123840332031 -0.236495971679688 -0.150054931640625
0.0119686126708984 -0.00302410125732422 0.037750244140625 -0.46929931640625
-0.0131702423095703 0.0182342529296875 0.519439697265625 -0.424072265625
-0.0281276702880859 -0.00297737121582031 0.7677001953125 0.26922607421875
-0.0125236511230469 -0.051422119140625 0.3187255859375 0.86968994140625
0.0221138000488281 -0.0120506286621094 -0.1636962890625 0.613525390625
0.0312557220458984 0.00282096862792969 0.0440444946289063 0.0324325561523438
0.0181694030761719 -0.0219612121582031 0.16351318359375 -0.61663818359375
0.00289535522460938 -0.0371437072753906 -0.4473876953125 -0.78076171875
-0.0156536102294922 -0.00870513916015625 -0.80560302734375 -0.0488281249999999
-0.00973987579345703 0.00463581085205078 -0.37005615234375 0.511962890625
0.00612926483154297 -0.00848197937011719 0.078369140625 0.4608154296875
-0.00235986709594727 0.00376605987548828 0.318817138671875 0.122283935546875
0.00174427032470703 0.00708389282226563 0.30615234375 -0.14959716796875
-0.00150108337402344 -0.0221824645996094 -0.282928466796875 0.1500244140625
0.0140571594238281 -0.0146627426147461 -0.238983154296875 -0.148452758789063
0.0126457214355469 -0.010955810546875 0.031097412109375 -0.467315673828125
-0.0091705322265625 0.0181789398193359 0.51397705078125 -0.4276123046875
-0.0226306915283203 -0.000183105468749995 0.7694091796875 0.25927734375
-0.0118370056152344 -0.0541915893554687 0.3280029296875 0.8662109375
0.0245285034179688 -0.0218772888183594 -0.159423828125 0.61688232421875
0.0378303527832031 -0.00724411010742188 0.0392417907714844 0.0377922058105469
0.0198650360107422 -0.0310554504394531 0.168212890625 -0.611328125
0.00468063354492187 -0.0394821166992187 -0.435302734375 -0.78839111328125
-0.010101318359375 -0.0078277587890625 -0.8077392578125 -0.06109619140625
-0.00699424743652344 0.00208473205566406 -0.378082275390625 0.51025390625
0.00539875030517578 -0.0158891677856445 0.073089599609375 0.466583251953125
-0.00467252731323242 -0.00135421752929688 0.317047119140625 0.127166748046875
-0.00106501579284668 0.0024263858795166 0.30780029296875 -0.1474609375
-0.00320243835449219 -0.0273418426513672 -0.282806396484375 0.15057373046875
0.0114994049072266 -0.0203914642333984 -0.244003295898438 -0.14361572265625
0.0140838623046875 -0.0193672180175781 0.019866943359375 -0.4649658203125
-0.00411796569824219 0.0172691345214844 0.49822998046875 -0.43975830078125
-0.0168285369873047 0.00449848175048828 0.7750244140625 0.23492431640625
-0.0105819702148438 -0.0542335510253906 0.35498046875 0.85235595703125
0.0247459411621094 -0.0287990570068359 -0.1466064453125 0.62432861328125
0.0415763854980469 -0.015960693359375 0.033294677734375 0.0472030639648438
0.0209159851074219 -0.0364952087402344 0.177490234375 -0.6029052734375
0.0077056884765625 -0.0391426086425781 -0.4168701171875 -0.80419921875
-0.00321149826049805 -0.00574254989624023 -0.8089599609375 -0.0871582031250002
-0.00425171852111816 -0.00096750259399414 -0.398529052734375 0.50079345703125
0.00574302673339844 -0.0238170623779297 0.05780029296875 0.470306396484375
-0.00775671005249023 -0.00803518295288086 0.31085205078125 0.133148193359375
-0.00245022773742676 -0.00171613693237305 0.307861328125 -0.142852783203125
-0.00258064270019531 -0.0177135467529297 -0.280975341796875 0.15972900390625
0.0139245986938477 -0.0118999481201172 -0.2747802734375 -0.125778198242187
0.0133495330810547 -0.00117015838623047 -0.03973388671875 -0.457427978515625
-0.00397300720214843 0.0213375091552734 0.4248046875 -0.508148193359375
-0.015289306640625 0.00336551666259766 0.76483154296875 0.1146240234375
-0.00775146484375 -0.0287151336669922 0.43450927734375 0.782470703125
0.0100669860839844 0.0179023742675781 -0.08941650390625 0.63824462890625
0.00370597839355469 0.03436279296875 0.033660888671875 0.0717391967773438
0.0125322341918945 0.0134553909301758 0.2347412109375 -0.58099365234375
0.0158452987670898 -0.0162239074707031 -0.32110595703125 -0.86962890625
-0.00507783889770508 -0.00722455978393555 -0.81097412109375 -0.21044921875
-0.00632905960083008 0.00363492965698242 -0.4674072265625 0.433868408203125
0.00372147560119629 -0.00297045707702637 0.000213623046875015 0.458709716796875
-0.00379705429077148 0.00435686111450195 0.28314208984375 0.14093017578125
-0.00311088562011719 0.00587654113769531 0.299072265625 -0.145751953125
-0.00175762176513672 -0.0137491226196289 -0.280059814453125 0.160690307617187
0.0170965194702148 -0.00786972045898438 -0.265045166015625 -0.131973266601563
0.0127420425415039 0.00429153442382813 -0.018707275390625 -0.459625244140625
-0.00834083557128906 0.0220699310302734 0.449188232421875 -0.48492431640625
-0.0222053527832031 -3.81469726562459E-06 0.76123046875 0.153564453125
-0.0104084014892578 -0.03228759765625 0.3941650390625 0.8055419921875
0.0103626251220703 0.0193138122558594 -0.113525390625 0.62982177734375
0.00576400756835937 0.0362205505371094 0.0386238098144531 0.0593376159667969
0.0132627487182617 0.0124044418334961 0.22015380859375 -0.59228515625
0.0119190216064453 -0.0204696655273437 -0.35040283203125 -0.84521484375
-0.0128898620605469 -0.0107269287109375 -0.806640625 -0.16680908203125
-0.00897979736328125 0.00560188293457031 -0.439544677734375 0.451019287109375
0.00367426872253418 0.000794649124145508 0.023406982421875 0.454193115234375
-0.000898361206054688 0.00823593139648438 0.292999267578125 0.1314697265625
-0.00275993347167969 0.00921630859375 0.300048828125 -0.152313232421875
0.000747680664062499 -0.0107221603393555 -0.281402587890625 0.15545654296875
0.0169696807861328 -0.00481700897216797 -0.254135131835938 -0.13983154296875
0.0116920471191406 0.00720977783203125 0.00173950195312504 -0.46441650390625
-0.012542724609375 0.0218639373779297 0.473724365234375 -0.465362548828125
-0.0269184112548828 -0.00270462036132812 0.76446533203125 0.1937255859375
-0.0118370056152344 -0.03594970703125 0.36846923828125 0.82794189453125
0.0126361846923828 0.0157871246337891 -0.1290283203125 0.62060546875
0.00978469848632812 0.032440185546875 0.0430641174316406 0.0471115112304687
0.0140209197998047 0.00696659088134766 0.19830322265625 -0.6019287109375
0.00860786437988281 -0.0254878997802734 -0.3912353515625 -0.8214111328125
-0.0172519683837891 -0.01165771484375 -0.80731201171875 -0.12152099609375
-0.0117397308349609 0.00628852844238281 -0.413604736328125 0.47271728515625
0.00394296646118164 0.00269317626953125 0.0443115234375 0.456085205078125
-0.000368118286132812 0.0105571746826172 0.3016357421875 0.127044677734375
0.000714302062988281 0.0112905502319336 0.3011474609375 -0.150634765625
0.000244140625000001 -0.0106210708618164 -0.280670166015625 0.154632568359375
0.0170650482177734 -0.00472831726074219 -0.244674682617187 -0.145339965820313
0.0108375549316406 0.00621414184570313 0.02020263671875 -0.46575927734375
-0.0144195556640625 0.0214462280273438 0.494049072265625 -0.442718505859375
-0.02984619140625 -0.00504493713378906 0.75958251953125 0.23175048828125
-0.0133018493652344 -0.0414657592773438 0.3349609375 0.84716796875
0.0157079696655273 0.00936126708984375 -0.15032958984375 0.61474609375
0.0161209106445313 0.0254001617431641 0.0460433959960938 0.0378456115722656
0.0149898529052734 -0.00113677978515625 0.18206787109375 -0.60931396484375
0.00491714477539063 -0.0302352905273437 -0.4151611328125 -0.80023193359375
-0.0194129943847656 -0.0116958618164062 -0.802490234375 -0.08477783203125
-0.0114831924438477 0.00698661804199219 -0.388275146484375 0.48907470703125
0.00420737266540527 0.00127291679382324 0.064483642578125 0.4547119140625
0.000561714172363282 0.0106439590454102 0.30999755859375 0.1214599609375
0.000508308410644531 0.011530876159668 0.302947998046875 -0.154052734375
0.00103282928466797 -0.0118856430053711 -0.280105590820313 0.15118408203125
0.0154075622558594 -0.00609207153320312 -0.237518310546875 -0.148757934570312
0.010991096496582 0.00305652618408203 0.033203125 -0.46807861328125
-0.0149269104003906 0.0203590393066406 0.50885009765625 -0.428466796875
-0.0304851531982422 -0.00526237487792969 0.7587890625 0.255126953125
-0.0128288269042969 -0.0472183227539063 0.321533203125 0.8587646484375
0.0188388824462891 -0.000894546508789063 -0.158447265625 0.6090087890625
0.0237312316894531 0.0153408050537109 0.0457077026367188 0.0320968627929688
0.0165891647338867 -0.011775016784668 0.16693115234375 -0.61395263671875
0.00333404541015625 -0.0338840484619141 -0.43756103515625 -0.7813720703125
-0.0182342529296875 -0.0104160308837891 -0.80169677734375 -0.05731201171875
-0.0115890502929688 0.00615882873535156 -0.372894287109375 0.5029296875
0.00533771514892578 -0.00243186950683594 0.0767822265625 0.4560546875
-4.81605529785158E-05 0.00809717178344727 0.314605712890625 0.11932373046875
0.00241565704345703 0.0106954574584961 0.30303955078125 -0.151397705078125
6.67572021484384E-05 -0.0159692764282227 -0.27972412109375 0.149429321289063
0.0139265060424805 -0.00938034057617188 -0.234481811523438 -0.1494140625
0.011326789855957 -0.00363445281982422 0.037933349609375 -0.464752197265625
-0.0128631591796875 0.0190944671630859 0.5137939453125 -0.422332763671875
-0.0277690887451172 -0.00369453430175782 0.76116943359375 0.26727294921875
-0.0128288269042969 -0.0523109436035156 0.318115234375 0.864013671875
0.0223178863525391 -0.0115814208984375 -0.1614990234375 0.6083984375
0.0321159362792969 0.00374603271484375 0.0438232421875 0.0323295593261719
0.0178680419921875 -0.0217952728271484 0.1614990234375 -0.6114501953125
0.00315093994140625 -0.0373764038085938 -0.44354248046875 -0.77642822265625
-0.015559196472168 -0.00850200653076172 -0.801025390625 -0.0491943359375
-0.00964736938476563 0.0049285888671875 -0.3697509765625 0.50848388671875
0.00536632537841797 -0.00924110412597656 0.08001708984375 0.45819091796875
-0.00256085395812988 0.00415921211242676 0.31640625 0.120941162109375
0.00167179107666016 0.00800228118896484 0.30352783203125 -0.14886474609375
-0.00159263610839844 -0.021026611328125 -0.280044555664063 0.14971923828125
0.0127553939819336 -0.0149641036987305 -0.23760986328125 -0.146881103515625
0.0119342803955078 -0.011836051940918 0.031341552734375 -0.464447021484375
-0.00788497924804687 0.0176658630371094 0.507476806640625 -0.425872802734375
-0.0230789184570313 0.00020217895507812 0.76336669921875 0.25592041015625
-0.0125770568847656 -0.054412841796875 0.3294677734375 0.8580322265625
0.0242500305175781 -0.0213699340820313 -0.15606689453125 0.613525390625
0.0380897521972656 -0.007415771484375 0.0388717651367188 0.0376129150390625
0.0193214416503906 -0.0302505493164063 0.16485595703125 -0.606201171875
0.00472259521484375 -0.0386962890625 -0.4324951171875 -0.7825927734375
-0.00959110260009766 -0.00769996643066406 -0.80169677734375 -0.0604248046875001
-0.00732946395874023 0.00199365615844727 -0.37689208984375 0.506072998046875
0.00536155700683594 -0.0162439346313477 0.073272705078125 0.4622802734375
-0.00486898422241211 -0.000595569610595703 0.3145751953125 0.125030517578125
-0.000380039215087891 0.0027165412902832 0.3057861328125 -0.147247314453125
-0.00269126892089844 -0.0264358520507813 -0.279464721679688 0.150115966796875
0.0104351043701172 -0.0206699371337891 -0.243316650390625 -0.142044067382812
0.0130405426025391 -0.0196666717529297 0.01910400390625 -0.46185302734375
-0.0035238265991211 0.0173473358154297 0.492645263671875 -0.437225341796875
-0.0165548324584961 0.00424385070800781 0.7703857421875 0.2320556640625
-0.0116462707519531 -0.0541152954101563 0.35479736328125 0.845947265625
0.0243740081787109 -0.02862548828125 -0.145263671875 0.62109375
0.0423851013183594 -0.0151519775390625 0.0331687927246094 0.0470657348632813
0.0214576721191406 -0.0356292724609375 0.17584228515625 -0.59906005859375
0.00717926025390625 -0.0390510559082031 -0.413818359375 -0.7982177734375
-0.00281667709350586 -0.00572395324707031 -0.80621337890625 -0.0867309570312501
-0.00400686264038086 -0.000367879867553711 -0.3963623046875 0.49652099609375
0.00548934936523438 -0.0233058929443359 0.057373046875 0.46649169921875
-0.00755786895751953 -0.00698614120483398 0.30828857421875 0.131805419921875
-0.00204658508300781 -0.00161457061767578 0.304962158203125 -0.143341064453125
-0.00201606750488281 -0.0168657302856445 -0.278060913085938 0.1591796875
0.0124721527099609 -0.0119094848632813 -0.2725830078125 -0.124298095703125
0.0128936767578125 -0.00202560424804688 -0.038604736328125 -0.4549560546875
-0.00369644165039062 0.0214767456054688 0.42034912109375 -0.504302978515625
-0.0155096054077148 0.00422382354736328 0.7608642578125 0.11407470703125
-0.00855255126953125 -0.0302848815917969 0.43292236328125 0.7774658203125
0.0100631713867187 0.0187473297119141 -0.0897216796875 0.63616943359375
0.0044708251953125 0.0344924926757813 0.032928466796875 0.0712356567382813
0.0120563507080078 0.0134563446044922 0.233642578125 -0.57684326171875
0.0158367156982422 -0.0163068771362305 -0.31805419921875 -0.8648681640625
-0.00468778610229492 -0.00742149353027344 -0.80816650390625 -0.209716796875
-0.00579261779785156 0.00275754928588867 -0.46600341796875 0.4295654296875
0.00401949882507324 -0.00327372550964355 -0.000732421874999957 0.45672607421875
-0.00389242172241211 0.00455808639526367 0.28106689453125 0.139434814453125
-0.00257301330566406 0.00687646865844727 0.2977294921875 -0.14556884765625
-0.0023651123046875 -0.0127468109130859 -0.277420043945313 0.159957885742187
0.0157880783081055 -0.00745487213134766 -0.263137817382813 -0.131439208984375
0.0120658874511719 0.00376129150390625 -0.01690673828125 -0.455841064453125
-0.00809478759765625 0.0226955413818359 0.44610595703125 -0.48193359375
-0.0222053527832031 -0.000970840454101558 0.754638671875 0.153076171875
-0.010711669921875 -0.0320358276367188 0.39306640625 0.8013916015625
0.0108737945556641 0.0203380584716797 -0.1116943359375 0.62603759765625
0.00598526000976562 0.0362892150878906 0.0387763977050781 0.0591659545898438
0.0125494003295898 0.0129280090332031 0.2193603515625 -0.58978271484375
0.0118331909179687 -0.0197906494140625 -0.34930419921875 -0.84222412109375
-0.0123157501220703 -0.0101318359375 -0.8017578125 -0.16595458984375
-0.00927639007568359 0.00528049468994141 -0.439117431640625 0.44757080078125
0.00252509117126465 0.00128269195556641 0.0225830078125 0.452362060546875
-0.00159692764282226 0.00868701934814453 0.291259765625 0.131256103515625
-0.00273990631103516 0.0104169845581055 0.297698974609375 -0.15167236328125
0.000629425048828124 -0.0100069046020508 -0.27789306640625 0.155746459960937
0.0153293609619141 -0.00425815582275391 -0.252349853515625 -0.138839721679688
0.0112066268920898 0.00627040863037109 0.00326538085937498 -0.461334228515625
-0.0127162933349609 0.0223159790039063 0.46942138671875 -0.462738037109375
-0.0279293060302734 -0.00332069396972657 0.75787353515625 0.19317626953125
-0.0122909545898437 -0.036773681640625 0.3670654296875 0.82366943359375
0.0128765106201172 0.0160989761352539 -0.12933349609375 0.61798095703125
0.0104236602783203 0.0326576232910156 0.0422515869140625 0.0474090576171875
0.0138187408447266 0.00717353820800781 0.1966552734375 -0.59716796875
0.00877571105957031 -0.024810791015625 -0.38800048828125 -0.81817626953125
-0.0170106887817383 -0.0113630294799805 -0.80267333984375 -0.1209716796875
-0.0113182067871094 0.00609779357910156 -0.413299560546875 0.46978759765625
0.0037083625793457 0.00280094146728516 0.043731689453125 0.452423095703125
-0.0002899169921875 0.0115032196044922 0.299530029296875 0.126129150390625
0.00114631652832031 0.0118846893310547 0.299468994140625 -0.150482177734375
0.000253677368164062 -0.0102567672729492 -0.27813720703125 0.154632568359375
0.0156211853027344 -0.00445556640625 -0.242507934570313 -0.143768310546875
0.0104780197143555 0.00622272491455078 0.020477294921875 -0.46142578125
-0.0146255493164062 0.0212306976318359 0.49267578125 -0.441558837890625
-0.0301437377929688 -0.00554847717285157 0.75421142578125 0.22967529296875
-0.0132637023925781 -0.0416755676269531 0.33441162109375 0.8426513671875
0.0156164169311523 0.00971889495849609 -0.14892578125 0.60992431640625
0.0164566040039063 0.0262088775634766 0.0452079772949219 0.037872314453125
0.0152950286865234 -0.000420570373535156 0.18133544921875 -0.6053466796875
0.00513648986816406 -0.0296764373779297 -0.411865234375 -0.795654296875
-0.0186691284179688 -0.0117435455322266 -0.7984619140625 -0.0834960937500002
-0.0116844177246094 0.00689029693603516 -0.38818359375 0.487579345703125
0.0044255256652832 0.0010676383972168 0.063812255859375 0.45147705078125
0.00104331970214844 0.0107126235961914 0.308563232421875 0.11993408203125
0.00157451629638672 0.0122737884521484 0.300048828125 -0.153839111328125
0.000349998474121094 -0.011601448059082 -0.277435302734375 0.149993896484375
0.0148534774780273 -0.00544261932373047 -0.23590087890625 -0.147872924804688
0.0103311538696289 0.00182914733886719 0.032958984375 -0.46356201171875
-0.0149021148681641 0.0197734832763672 0.5054931640625 -0.4244384765625
-0.0301799774169922 -0.005828857421875 0.75469970703125 0.2552490234375
-0.013519287109375 -0.0477561950683594 0.320068359375 0.85601806640625
0.01934814453125 -0.000345230102539062 -0.15740966796875 0.60516357421875
0.0243568420410156 0.0156612396240234 0.045806884765625 0.0324211120605469
0.0162696838378906 -0.0106382369995117 0.166259765625 -0.60931396484375
0.00363731384277343 -0.0338630676269531 -0.4359130859375 -0.7789306640625
-0.0180816650390625 -0.0105609893798828 -0.79754638671875 -0.0582275390625
-0.0113973617553711 0.0061187744140625 -0.371917724609375 0.5001220703125
0.00480556488037109 -0.00282478332519531 0.07574462890625 0.45233154296875
-0.000744342803955079 0.00874614715576172 0.312286376953125 0.11810302734375
0.00250911712646484 0.0111551284790039 0.3018798828125 -0.151092529296875
-0.000202178955078125 -0.0148487091064453 -0.277130126953125 0.1490478515625
0.0130462646484375 -0.00940132141113281 -0.232879638671875 -0.148452758789063
0.0105819702148438 -0.00448131561279297 0.036712646484375 -0.46142578125
-0.0122604370117188 0.0188579559326172 0.510650634765625 -0.41729736328125
-0.0274257659912109 -0.00368118286132812 0.75701904296875 0.263916015625
-0.0134544372558594 -0.0523452758789062 0.31732177734375 0.85992431640625
0.0227756500244141 -0.0108985900878906 -0.1605224609375 0.60516357421875
0.0326919555664063 0.00366783142089844 0.0430717468261719 0.0321273803710938
0.0183391571044922 -0.0214214324951172 0.1624755859375 -0.60760498046875
0.0032196044921875 -0.0366668701171875 -0.43975830078125 -0.7730712890625
-0.0148429870605469 -0.00930309295654297 -0.797119140625 -0.0498046875000001
-0.00933074951171875 0.0040283203125 -0.36993408203125 0.505767822265625
0.00452470779418945 -0.00876855850219727 0.078887939453125 0.455535888671875
-0.00289249420166016 0.00502681732177734 0.315093994140625 0.11968994140625
0.00180149078369141 0.00852108001708984 0.302642822265625 -0.1478271484375
-0.00167465209960937 -0.0204372406005859 -0.27691650390625 0.150100708007812
0.0115890502929688 -0.0146808624267578 -0.23486328125 -0.145797729492188
0.0114736557006836 -0.0118608474731445 0.030731201171875 -0.460174560546875
-0.00761604309082031 0.0179176330566406 0.503204345703125 -0.422271728515625
-0.0232944488525391 -0.000823974609374997 0.75909423828125 0.252685546875
-0.0129928588867188 -0.0546379089355469 0.327392578125 0.85406494140625
0.0244007110595703 -0.0214500427246094 -0.15606689453125 0.6077880859375
0.0387191772460938 -0.0066375732421875 0.0387420654296875 0.0373420715332031
0.0195331573486328 -0.0294609069824219 0.16510009765625 -0.60296630859375
0.004364013671875 -0.0387153625488281 -0.42791748046875 -0.7786865234375
-0.00953006744384766 -0.00747585296630859 -0.7974853515625 -0.0593872070312502
-0.00690650939941406 0.0022120475769043 -0.374267578125 0.503753662109375
0.00454139709472656 -0.0155410766601563 0.071441650390625 0.46002197265625
-0.00479555130004883 -0.000181674957275391 0.3123779296875 0.124237060546875
0.000331640243530273 0.00349617004394531 0.303802490234375 -0.146453857421875
-0.00378608703613281 -0.0256385803222656 -0.27740478515625 0.149459838867187
0.00964927673339844 -0.019805908203125 -0.240707397460937 -0.141189575195313
0.0124702453613281 -0.0197868347167969 0.01898193359375 -0.457794189453125
-0.00249767303466797 0.0170984268188477 0.489776611328125 -0.434478759765625
-0.0169849395751953 0.00401020050048828 0.76531982421875 0.23016357421875
-0.0121116638183594 -0.0546035766601562 0.3516845703125 0.84320068359375
0.0251598358154297 -0.0282516479492188 -0.14324951171875 0.616455078125
0.0423965454101563 -0.0149307250976563 0.0323867797851563 0.0468254089355469
0.0205192565917969 -0.03546142578125 0.1763916015625 -0.5946044921875
0.00763320922851562 -0.037841796875 -0.41119384765625 -0.7935791015625
-0.00221347808837891 -0.0061798095703125 -0.8009033203125 -0.0863037109374999
-0.00377821922302246 -0.000878334045410157 -0.395294189453125 0.4947509765625
0.00506019592285157 -0.0228195190429688 0.05804443359375 0.4647216796875
-0.00784683227539062 -0.00628089904785156 0.306304931640625 0.130950927734375
-0.0021519660949707 -0.000616669654846192 0.303192138671875 -0.142852783203125
-0.00296974182128906 -0.0159416198730469 -0.27587890625 0.1578369140625
0.0121479034423828 -0.0113611221313477 -0.270416259765625 -0.124862670898437
0.0117702484130859 -0.00273799896240234 -0.03826904296875 -0.452362060546875
-0.00337028503417969 0.0210533142089844 0.41973876953125 -0.50140380859375
-0.0158891677856445 0.00395679473876953 0.756103515625 0.11328125
-0.00939750671386719 -0.0297737121582031 0.4307861328125 0.77581787109375
0.0103797912597656 0.0185985565185547 -0.089599609375 0.63177490234375
0.00476264953613281 0.0350513458251953 0.0330047607421875 0.0716018676757813
0.0116472244262695 0.01416015625 0.2352294921875 -0.574462890625
0.0152254104614258 -0.0158872604370117 -0.31488037109375 -0.8607177734375
-0.00459909439086914 -0.00753068923950195 -0.80419921875 -0.2109375
-0.00597000122070313 0.00261926651000976 -0.46588134765625 0.42755126953125
0.00313901901245117 -0.00285577774047852 -0.00238037109375004 0.452789306640625
-0.00451421737670898 0.00519180297851563 0.279220581054688 0.13958740234375
-0.00197029113769531 0.00679159164428711 0.29644775390625 -0.1444091796875
-0.00259113311767578 -0.0124731063842773 -0.274093627929688 0.15887451171875
0.0141258239746094 -0.00698089599609375 -0.26123046875 -0.130966186523438
0.0117263793945313 0.00262928009033203 -0.017181396484375 -0.45501708984375
-0.0077056884765625 0.0223751068115234 0.442169189453125 -0.48016357421875
-0.0230236053466797 -0.00109672546386719 0.75103759765625 0.153564453125
-0.0110263824462891 -0.0329036712646484 0.3900146484375 0.799560546875
0.0110015869140625 0.0202407836914062 -0.1116943359375 0.62353515625
0.00647354125976562 0.036285400390625 0.0378150939941406 0.0590782165527344
0.0130586624145508 0.0130271911621094 0.22113037109375 -0.58538818359375
0.0116558074951172 -0.0201950073242188 -0.345947265625 -0.84033203125
-0.0109930038452148 -0.0105199813842773 -0.79998779296875 -0.16558837890625
-0.00928688049316406 0.00425529479980469 -0.438232421875 0.446044921875
0.0026862621307373 0.00111556053161621 0.020355224609375 0.450592041015625
-0.00167179107666016 0.0090789794921875 0.289031982421875 0.130767822265625
-0.00139999389648437 0.0105085372924805 0.296356201171875 -0.151885986328125
-0.000341415405273438 -0.00979137420654297 -0.275558471679688 0.154312133789062
0.0147523880004883 -0.00391769409179688 -0.2510986328125 -0.138458251953125
0.0113286972045898 0.00580596923828125 0.001800537109375 -0.45977783203125
-0.011810302734375 0.0222339630126953 0.46734619140625 -0.459320068359375
-0.0277690887451172 -0.00347328186035156 0.7532958984375 0.19195556640625
-0.0127487182617188 -0.0366020202636719 0.36297607421875 0.82135009765625
0.0129928588867187 0.0166177749633789 -0.12994384765625 0.6141357421875
0.0106124877929687 0.03302001953125 0.0419502258300781 0.0469284057617188
0.0136804580688477 0.00763034820556641 0.19744873046875 -0.5947265625
0.00855064392089844 -0.0246829986572266 -0.384521484375 -0.815185546875
-0.0161170959472656 -0.0112123489379883 -0.8013916015625 -0.1224365234375
-0.0112209320068359 0.00565719604492188 -0.41351318359375 0.467803955078125
0.00339412689208984 0.00237202644348144 0.04302978515625 0.450927734375
-0.000988960266113282 0.011540412902832 0.29815673828125 0.125518798828125
0.00171470642089844 0.0128612518310547 0.29852294921875 -0.149932861328125
-0.000114440917968749 -0.00902271270751953 -0.275863647460937 0.154327392578125
0.0148124694824219 -0.00380229949951172 -0.241226196289063 -0.14373779296875
0.00967025756835937 0.00563335418701172 0.02142333984375 -0.460052490234375
-0.0136947631835937 0.0213394165039063 0.488983154296875 -0.43701171875
-0.0303287506103516 -0.00494766235351563 0.74908447265625 0.23040771484375
-0.0142440795898438 -0.042205810546875 0.333740234375 0.8399658203125
0.0159788131713867 0.0101594924926758 -0.1480712890625 0.60748291015625
0.0168552398681641 0.0264205932617187 0.0444564819335938 0.0378227233886719
0.0152645111083984 -0.000254631042480469 0.18182373046875 -0.60272216796875
0.00538444519042968 -0.0293941497802734 -0.4105224609375 -0.7947998046875
-0.0184230804443359 -0.0115451812744141 -0.79595947265625 -0.0854492187499999
-0.011077880859375 0.00598812103271484 -0.3890380859375 0.484130859375
0.00379586219787598 0.00136899948120117 0.061737060546875 0.4493408203125
0.000186920166015625 0.0114965438842773 0.3065185546875 0.1202392578125
0.00221538543701172 0.0126333236694336 0.299041748046875 -0.15362548828125
0.000399589538574219 -0.0101022720336914 -0.275283813476563 0.150054931640625
0.013336181640625 -0.00538158416748047 -0.234222412109375 -0.147567749023438
0.00957584381103515 0.00147151947021484 0.032562255859375 -0.461334228515625
-0.0134372711181641 0.0194435119628906 0.50347900390625 -0.422332763671875
-0.0308074951171875 -0.00610923767089843 0.7493896484375 0.25408935546875
-0.0143318176269531 -0.0471000671386719 0.32000732421875 0.8521728515625
0.0194625854492188 -6.67572021484375E-05 -0.15771484375 0.60211181640625
0.0252799987792969 0.0162029266357422 0.045257568359375 0.0319328308105469
0.0169839859008789 -0.0100746154785156 0.167236328125 -0.60626220703125
0.00395011901855468 -0.0334815979003906 -0.4312744140625 -0.775634765625
-0.0175952911376953 -0.0106468200683594 -0.79461669921875 -0.05804443359375
-0.0113096237182617 0.00573444366455078 -0.371978759765625 0.497528076171875
0.00421547889709473 -0.00240230560302734 0.074249267578125 0.450653076171875
-0.000670433044433594 0.00930118560791016 0.311126708984375 0.1180419921875
0.00358867645263672 0.0119895935058594 0.300201416015625 -0.1507568359375
-0.000515937805175782 -0.0130300521850586 -0.275299072265625 0.1490478515625
0.0120840072631836 -0.00937652587890625 -0.2315673828125 -0.147933959960938
0.00966167449951172 -0.00431728363037109 0.037933349609375 -0.460205078125
-0.0112686157226563 0.0188236236572266 0.50738525390625 -0.415924072265625
-0.0282802581787109 -0.00384140014648438 0.75225830078125 0.2633056640625
-0.0140609741210938 -0.0521507263183594 0.31414794921875 0.8560791015625
0.0229053497314453 -0.0108928680419922 -0.159912109375 0.60260009765625
0.03302001953125 0.00471115112304688 0.0431480407714844 0.0319137573242188
0.0176792144775391 -0.0204563140869141 0.1630859375 -0.60467529296875
0.00313568115234375 -0.0368232727050781 -0.43719482421875 -0.7696533203125
-0.014134407043457 -0.00899505615234375 -0.794677734375 -0.0509033203125
-0.00968265533447266 0.00443649291992188 -0.36859130859375 0.502197265625
0.00427722930908203 -0.00889015197753906 0.076263427734375 0.452880859375
-0.00288295745849609 0.00532293319702148 0.3126220703125 0.119659423828125
0.00282001495361328 0.00899505615234375 0.301422119140625 -0.1480712890625
-0.00214958190917969 -0.0193977355957031 -0.275482177734375 0.149078369140625
0.0113439559936523 -0.0133829116821289 -0.233551025390625 -0.146133422851563
0.0104732513427734 -0.0124406814575195 0.032440185546875 -0.457916259765625
-0.00737380981445313 0.0176849365234375 0.501556396484375 -0.42034912109375
-0.0232028961181641 -0.000749588012695314 0.75439453125 0.2529296875
-0.0131721496582031 -0.0547256469726563 0.325927734375 0.85150146484375
0.0244522094726563 -0.0208358764648438 -0.15716552734375 0.606201171875
0.0391311645507813 -0.00592041015625 0.0379676818847656 0.0372467041015625
0.0193595886230469 -0.0291519165039063 0.16583251953125 -0.60028076171875
0.00443649291992187 -0.0382080078125 -0.42681884765625 -0.7764892578125
-0.00946426391601563 -0.00805854797363281 -0.79498291015625 -0.06072998046875
-0.00664091110229492 0.00121355056762695 -0.376556396484375 0.500152587890625
0.00378322601318359 -0.0155229568481445 0.0699462890625 0.45819091796875
-0.00496673583984375 -0.000158786773681641 0.31072998046875 0.123687744140625
0.000450849533081055 0.00429558753967285 0.302978515625 -0.146575927734375
-0.00341033935546875 -0.0249061584472656 -0.274810791015625 0.149444580078125
0.00858116149902344 -0.0191078186035156 -0.239974975585938 -0.140472412109375
0.0114765167236328 -0.0199165344238281 0.020050048828125 -0.455963134765625
-0.00173187255859375 0.0173044204711914 0.4879150390625 -0.4320068359375
-0.0171108245849609 0.0037698745727539 0.7591552734375 0.22882080078125
-0.01287841796875 -0.0546150207519531 0.34942626953125 0.84027099609375
0.0252189636230469 -0.0275287628173828 -0.14520263671875 0.61383056640625
0.0425186157226562 -0.0143814086914062 0.0321578979492188 0.0467643737792969
0.0205020904541016 -0.0350208282470703 0.17486572265625 -0.59326171875
0.00737380981445313 -0.0379486083984375 -0.4073486328125 -0.79168701171875
-0.00175333023071289 -0.00591564178466797 -0.7989501953125 -0.0864868164062499
-0.00394034385681152 -0.00110459327697754 -0.394989013671875 0.492401123046875
0.00444984436035156 -0.0230674743652344 0.056121826171875 0.46246337890625
-0.00763797760009766 -0.00605678558349609 0.304412841796875 0.130584716796875
-0.00113308429718018 -0.000368952751159668 0.302001953125 -0.14178466796875
-0.00264835357666016 -0.0143280029296875 -0.275131225585938 0.158050537109375
0.0108938217163086 -0.0109786987304688 -0.269363403320313 -0.124374389648438
0.0113601684570313 -0.00306510925292969 -0.03607177734375 -0.45147705078125
-0.00276374816894531 0.0211105346679688 0.417755126953125 -0.49945068359375
-0.0165901184082031 0.00319671630859375 0.75372314453125 0.11480712890625
-0.00912094116210938 -0.0303287506103516 0.42877197265625 0.77386474609375
0.0107822418212891 0.01873779296875 -0.08953857421875 0.62957763671875
0.0054931640625 0.0355987548828125 0.0320358276367188 0.071533203125
0.0119543075561523 0.0142879486083984 0.23590087890625 -0.57232666015625
0.0160646438598633 -0.0153694152832031 -0.3118896484375 -0.8604736328125
-0.00434303283691406 -0.00753116607666016 -0.80340576171875 -0.2122802734375
-0.00622987747192383 0.00268793106079101 -0.466583251953125 0.42529296875
0.00219988822937012 -0.00363278388977051 -0.00289916992187505 0.452239990234375
-0.00391721725463867 0.00562000274658203 0.2774658203125 0.138702392578125
-0.000897884368896484 0.00788116455078125 0.296051025390625 -0.144012451171875
-0.00257587432861328 -0.0116405487060547 -0.273284912109375 0.158737182617188
0.0134592056274414 -0.00667953491210938 -0.25994873046875 -0.130661010742188
0.0105476379394531 0.00250434875488281 -0.015869140625 -0.45367431640625
-0.00699615478515625 0.0222892761230469 0.442138671875 -0.47705078125
-0.0230140686035156 -0.000665664672851565 0.7490234375 0.154296875
-0.012542724609375 -0.0335960388183594 0.3883056640625 0.79766845703125
0.0112533569335937 0.0203781127929688 -0.11297607421875 0.6217041015625
0.00732421875 0.0368881225585938 0.0379409790039063 0.0591773986816406
0.013035774230957 0.0134334564208984 0.220458984375 -0.5836181640625
0.0118904113769531 -0.0197772979736328 -0.3416748046875 -0.83819580078125
-0.0112705230712891 -0.0103721618652344 -0.797607421875 -0.1678466796875
-0.00888252258300781 0.00396728515625 -0.439300537109375 0.4429931640625
0.00230932235717773 0.000758886337280274 0.0198974609375 0.448974609375
-0.00192546844482422 0.00951385498046875 0.288116455078125 0.13104248046875
-0.000527381896972657 0.0114498138427734 0.29583740234375 -0.150665283203125
0.000453948974609376 -0.00879287719726563 -0.27471923828125 0.154388427734375
0.0139694213867188 -0.0034942626953125 -0.248779296875 -0.138015747070313
0.0101909637451172 0.00531578063964844 0.00399780273437498 -0.45745849609375
-0.0118656158447266 0.0218181610107422 0.465576171875 -0.458282470703125
-0.0283184051513672 -0.00380897521972656 0.74932861328125 0.1927490234375
-0.0133628845214844 -0.0371742248535156 0.3623046875 0.81805419921875
0.0133399963378906 0.0168437957763672 -0.12933349609375 0.6129150390625
0.0110836029052734 0.0333900451660156 0.0415725708007813 0.0477218627929688
0.0140361785888672 0.00789356231689453 0.19879150390625 -0.59197998046875
0.0087890625 -0.0234012603759766 -0.38226318359375 -0.813720703125
-0.0155496597290039 -0.011683464050293 -0.79876708984375 -0.12261962890625
-0.0111427307128906 0.00516414642333985 -0.4146728515625 0.46539306640625
0.00304841995239258 0.0024712085723877 0.040924072265625 0.44891357421875
-0.000657081604003907 0.01190185546875 0.29742431640625 0.124908447265625
0.00207901000976562 0.0131607055664063 0.297607421875 -0.149169921875
-0.000464439392089843 -0.00798940658569336 -0.273941040039063 0.153350830078125
0.0133171081542969 -0.0030517578125 -0.23956298828125 -0.143569946289063
0.00865459442138672 0.00557088851928711 0.02191162109375 -0.459381103515625
-0.013427734375 0.0206356048583984 0.487335205078125 -0.436370849609375
-0.0305957794189453 -0.00570678710937499 0.74627685546875 0.231201171875
-0.0146560668945313 -0.0425872802734375 0.3299560546875 0.83868408203125
0.016204833984375 0.0103521347045898 -0.14923095703125 0.60504150390625
0.0176219940185547 0.0272941589355469 0.0442237854003906 0.0376243591308594
0.0150337219238281 0.00043487548828125 0.18377685546875 -0.5994873046875
0.00566291809082032 -0.0288143157958984 -0.4051513671875 -0.7921142578125
-0.0173778533935547 -0.0117626190185547 -0.79388427734375 -0.0858154296875001
-0.011775016784668 0.00568771362304688 -0.391204833984375 0.48126220703125
0.00278139114379883 0.00151276588439941 0.059295654296875 0.447235107421875
-0.000443458557128905 0.0119237899780273 0.305023193359375 0.119720458984375
0.00281429290771484 0.0138187408447266 0.297332763671875 -0.15167236328125
0.000409126281738282 -0.00995922088623047 -0.273880004882813 0.14984130859375
0.0119743347167969 -0.00448989868164063 -0.232757568359375 -0.14715576171875
0.00849390029907227 0.0012664794921875 0.034088134765625 -0.461578369140625
-0.0137462615966797 0.0197429656982422 0.5023193359375 -0.420684814453125
-0.0308895111083984 -0.00584983825683594 0.745361328125 0.2559814453125
-0.01434326171875 -0.0480155944824219 0.31591796875 0.85052490234375
0.0194606781005859 0.000333786010742188 -0.15887451171875 0.60107421875
0.0249652862548828 0.0161762237548828 0.0451278686523438 0.0324974060058594
0.0164070129394531 -0.00957298278808594 0.16851806640625 -0.60565185546875
0.00376510620117187 -0.0334205627441406 -0.42840576171875 -0.775146484375
-0.0171546936035156 -0.0108928680419922 -0.7943115234375 -0.0604248046874999
-0.0112552642822266 0.00482654571533203 -0.373870849609375 0.495330810546875
0.00388121604919434 -0.00251889228820801 0.072784423828125 0.45037841796875
-0.00138664245605469 0.00984096527099609 0.3099365234375 0.11846923828125
0.00412559509277344 0.0124063491821289 0.2994384765625 -0.150299072265625
-0.000657081604003905 -0.0126409530639648 -0.27239990234375 0.147918701171875
0.0113801956176758 -0.00829315185546875 -0.230438232421875 -0.147842407226563
0.00909328460693359 -0.00521755218505859 0.038909912109375 -0.45892333984375
-0.0112628936767578 0.0182838439941406 0.507232666015625 -0.4134521484375
-0.0285568237304687 -0.00458908081054688 0.748046875 0.263671875
-0.0144920349121094 -0.0525703430175781 0.31134033203125 0.854248046875
0.0228195190429688 -0.0110588073730469 -0.159423828125 0.5999755859375
0.0330085754394531 0.00489044189453125 0.0424957275390625 0.031951904296875
0.0180225372314453 -0.01947021484375 0.16436767578125 -0.603271484375
0.0034332275390625 -0.0360832214355469 -0.4332275390625 -0.7701416015625
-0.0138063430786133 -0.00952625274658203 -0.79296875 -0.0527954101562501
-0.00985813140869141 0.00330066680908203 -0.37017822265625 0.5001220703125
0.00385332107543945 -0.00820016860961914 0.0755920410156249 0.45166015625
-0.00289249420166016 0.00544595718383789 0.311004638671875 0.119293212890625
0.00367069244384766 0.00945758819580078 0.299530029296875 -0.1474609375
-0.00213241577148437 -0.0180587768554688 -0.2735595703125 0.1488037109375
0.00993824005126953 -0.0129022598266602 -0.232681274414063 -0.1455078125
0.00995445251464844 -0.0129594802856445 0.033447265625 -0.457916259765625
-0.00700187683105468 0.0180740356445313 0.501617431640625 -0.417449951171875
-0.0235557556152344 -0.000438690185546878 0.7498779296875 0.25445556640625
-0.0139083862304687 -0.0552635192871094 0.32293701171875 0.8497314453125
0.0251941680908203 -0.0204486846923828 -0.15625 0.60357666015625
0.0394172668457031 -0.00583267211914063 0.0376739501953125 0.0369606018066406
0.0193729400634766 -0.0285511016845703 0.1669921875 -0.59783935546875
0.00467300415039063 -0.0373954772949219 -0.42291259765625 -0.7760009765625
-0.00884437561035156 -0.00767135620117188 -0.7945556640625 -0.0623779296875001
-0.00706243515014649 0.00140571594238281 -0.377838134765625 0.498992919921875
0.00345516204833984 -0.0153741836547852 0.068511962890625 0.456512451171875
-0.00527620315551758 0.000331878662109374 0.30950927734375 0.123382568359375
0.00129890441894531 0.00512456893920898 0.30224609375 -0.1455078125
-0.00358009338378906 -0.0234642028808594 -0.273345947265625 0.148773193359375
0.00831031799316406 -0.0186614990234375 -0.23785400390625 -0.139938354492188
0.011138916015625 -0.0206336975097656 0.021942138671875 -0.45538330078125
-0.00187110900878906 0.0171213150024414 0.4866943359375 -0.42913818359375
-0.0173425674438477 0.00319480895996093 0.75604248046875 0.230712890625
-0.0136070251464844 -0.0548286437988281 0.34759521484375 0.837646484375
0.0251712799072266 -0.0270061492919922 -0.1453857421875 0.61083984375
0.0429344177246094 -0.014312744140625 0.0321273803710937 0.0464096069335938
0.0206394195556641 -0.0345726013183594 0.17779541015625 -0.5902099609375
0.00728607177734375 -0.0380020141601563 -0.40509033203125 -0.7913818359375
-0.00139474868774414 -0.00678777694702149 -0.79803466796875 -0.0892333984374999
-0.00292658805847168 -0.00131034851074219 -0.3961181640625 0.489349365234375
0.00398826599121093 -0.0224208831787109 0.053680419921875 0.46124267578125
-0.00802707672119141 -0.00517749786376953 0.303741455078125 0.13043212890625
-0.000279337167739868 9.62615013122564E-06 0.301300048828125 -0.1414794921875
-0.00257015228271484 -0.0141696929931641 -0.274017333984375 0.157135009765625
0.0100698471069336 -0.0100479125976563 -0.26812744140625 -0.124923706054687
0.0106096267700195 -0.00277328491210938 -0.036346435546875 -0.451568603515625
-0.00298690795898437 0.0212593078613281 0.4185791015625 -0.497222900390625
-0.0163412094116211 0.00354576110839844 0.75140380859375 0.11676025390625
-0.0102672576904297 -0.0310840606689453 0.42767333984375 0.77508544921875
0.0111732482910156 0.0190410614013672 -0.090576171875 0.630126953125
0.00589370727539063 0.0351448059082031 0.0319671630859375 0.0716171264648438
0.0122919082641602 0.0147933959960938 0.23748779296875 -0.569580078125
0.0164155960083008 -0.0159196853637695 -0.30950927734375 -0.861328125
-0.00303173065185547 -0.00798416137695312 -0.80120849609375 -0.2137451171875
-0.00591516494750977 0.00249242782592773 -0.4688720703125 0.42327880859375
0.00195908546447754 -0.00305342674255371 -0.00518798828124997 0.451507568359375
-0.00470209121704102 0.00674819946289062 0.277252197265625 0.139846801757813
-0.000382423400878906 0.00802755355834961 0.295501708984375 -0.143341064453125
-0.00260066986083984 -0.0099935531616211 -0.272369384765625 0.158065795898438
0.0129547119140625 -0.0056915283203125 -0.258529663085938 -0.130889892578125
0.00969982147216797 0.00233745574951172 -0.014312744140625 -0.45330810546875
-0.00640487670898437 0.0221977233886719 0.441619873046875 -0.475555419921875
-0.0233116149902344 -0.000621795654296871 0.7467041015625 0.15521240234375
-0.0126609802246094 -0.0334796905517578 0.3875732421875 0.7984619140625
0.0116310119628906 0.0203380584716797 -0.11328125 0.62030029296875
0.00762176513671875 0.037109375 0.0371437072753906 0.0590629577636719
0.0122604370117188 0.0134611129760742 0.22283935546875 -0.58331298828125
0.0122661590576172 -0.0192966461181641 -0.33966064453125 -0.83697509765625
-0.0110015869140625 -0.0108423233032227 -0.7987060546875 -0.17010498046875
-0.0090484619140625 0.00410270690917969 -0.441253662109375 0.442291259765625
0.00111579895019531 0.00153529644012451 0.01904296875 0.449188232421875
-0.002227783203125 0.0101099014282227 0.28741455078125 0.130828857421875
5.2452087402344E-05 0.0117397308349609 0.29595947265625 -0.150543212890625
0.000304698944091796 -0.00786018371582031 -0.273468017578125 0.153564453125
0.0131244659423828 -0.00337028503417969 -0.248428344726563 -0.138687133789063
0.00953960418701172 0.00510501861572266 0.00534057617187497 -0.457550048828125
-0.0110664367675781 0.0223846435546875 0.46588134765625 -0.454833984375
-0.0279922485351563 -0.00296974182128906 0.75048828125 0.1951904296875
-0.013763427734375 -0.0376014709472656 0.36224365234375 0.82000732421875
0.0132427215576172 0.0173206329345703 -0.1298828125 0.611083984375
0.0117816925048828 0.0340194702148438 0.0415306091308594 0.0472488403320313
0.0142087936401367 0.0084228515625 0.2008056640625 -0.5916748046875
0.00887298583984375 -0.0237941741943359 -0.37762451171875 -0.81494140625
-0.0145940780639648 -0.0115423202514648 -0.798583984375 -0.1239013671875
-0.0119466781616211 0.00450229644775391 -0.41607666015625 0.463104248046875
0.00232195854187012 0.0026543140411377 0.0390625 0.448760986328125
-0.00132083892822266 0.0122041702270508 0.296173095703125 0.12591552734375
0.00373744964599609 0.014012336730957 0.297088623046875 -0.148895263671875
-0.000117778778076172 -0.00748348236083984 -0.273101806640625 0.153152465820312
0.0133457183837891 -0.00244808197021484 -0.238555908203125 -0.14385986328125
0.00821304321289063 0.00425148010253906 0.022918701171875 -0.457489013671875
-0.0134181976318359 0.0211067199707031 0.488006591796875 -0.433197021484375
-0.0308456420898437 -0.00591659545898437 0.74365234375 0.23077392578125
-0.0148353576660156 -0.0429916381835938 0.32891845703125 0.83856201171875
0.0160608291625977 0.0105133056640625 -0.1500244140625 0.6043701171875
0.0181026458740234 0.0269069671630859 0.0442237854003906 0.037628173828125
0.0156621932983398 0.000837326049804687 0.1844482421875 -0.598876953125
0.00571060180664062 -0.0282630920410156 -0.40338134765625 -0.79302978515625
-0.0177268981933594 -0.0116748809814453 -0.79388427734375 -0.0889282226562499
-0.011474609375 0.00558090209960938 -0.392669677734375 0.479644775390625
0.0024266242980957 0.00166010856628418 0.059356689453125 0.44769287109375
-0.000384330749511719 0.0118513107299805 0.304718017578125 0.119964599609375
0.00352668762207031 0.0139951705932617 0.29827880859375 -0.152252197265625
0.000606536865234375 -0.00846338272094727 -0.272705078125 0.149612426757813
0.0118732452392578 -0.00374889373779297 -0.231887817382813 -0.148101806640625
0.00799226760864258 0.000744819641113281 0.03619384765625 -0.45965576171875
-0.0130195617675781 0.0199737548828125 0.5018310546875 -0.419769287109375
-0.0307655334472656 -0.00602912902832031 0.74285888671875 0.25555419921875
-0.0150337219238281 -0.048309326171875 0.3135986328125 0.8511962890625
0.0195808410644531 0.000432968139648438 -0.1590576171875 0.5987548828125
0.0261325836181641 0.0164279937744141 0.0443382263183594 0.0324630737304687
0.0162591934204102 -0.00927066802978516 0.17059326171875 -0.60455322265625
0.003875732421875 -0.0330696105957031 -0.42572021484375 -0.7764892578125
-0.0164785385131836 -0.0108442306518555 -0.79498291015625 -0.0635375976562501
-0.0111598968505859 0.00494289398193359 -0.3763427734375 0.4935302734375
0.00327444076538086 -0.00244045257568359 0.071746826171875 0.448638916015625
-0.00145816802978516 0.010554313659668 0.30877685546875 0.11895751953125
0.00478076934814453 0.0130109786987305 0.2994384765625 -0.149505615234375
8.20159912109375E-05 -0.011805534362793 -0.272201538085938 0.147247314453125
0.0101385116577148 -0.0076446533203125 -0.229583740234375 -0.147430419921875
0.00819063186645508 -0.0051422119140625 0.038848876953125 -0.458984375
-0.0110912322998047 0.0184116363525391 0.506591796875 -0.412322998046875
-0.0282344818115234 -0.004608154296875 0.74591064453125 0.2647705078125
-0.0149192810058594 -0.0527610778808594 0.3101806640625 0.85638427734375
0.0229377746582031 -0.0106391906738281 -0.16168212890625 0.59881591796875
0.0331306457519531 0.00507736206054688 0.0418434143066406 0.0323638916015625
0.0180320739746094 -0.0193843841552734 0.16424560546875 -0.60235595703125
0.0035400390625 -0.0358467102050781 -0.4310302734375 -0.7708740234375
-0.0133752822875977 -0.00991535186767578 -0.7939453125 -0.0533447265625001
-0.00903987884521484 0.00343894958496094 -0.373046875 0.49871826171875
0.00328397750854492 -0.00868368148803711 0.073272705078125 0.4505615234375
-0.00309324264526367 0.00608348846435547 0.310791015625 0.1190185546875
0.00453281402587891 0.00991249084472656 0.300994873046875 -0.146636962890625
-0.00196647644042969 -0.017399787902832 -0.2730712890625 0.148666381835938
0.00899600982666016 -0.0126838684082031 -0.231826782226563 -0.146072387695313
0.00887489318847656 -0.0126867294311523 0.033782958984375 -0.45703125
-0.00619316101074219 0.0174388885498047 0.50164794921875 -0.4158935546875
-0.0236148834228516 -0.00103759765625 0.748779296875 0.25518798828125
-0.0149345397949219 -0.0553665161132813 0.3218994140625 0.84979248046875
0.0249404907226563 -0.0203514099121094 -0.15802001953125 0.60150146484375
0.0400161743164063 -0.00548934936523438 0.0373725891113281 0.0374259948730469
0.0193157196044922 -0.0280342102050781 0.16845703125 -0.59649658203125
0.005035400390625 -0.0376052856445313 -0.42083740234375 -0.77569580078125
-0.00812625885009766 -0.00893783569335937 -0.79412841796875 -0.0649414062500001
-0.00736522674560547 0.000980854034423829 -0.37994384765625 0.4959716796875
0.002777099609375 -0.0151023864746094 0.067535400390625 0.455474853515625
-0.00517129898071289 0.000742435455322265 0.308990478515625 0.123077392578125
0.00237846374511719 0.00556182861328125 0.301544189453125 -0.14544677734375
-0.00351524353027344 -0.0224170684814453 -0.2724609375 0.1484375
0.00736236572265625 -0.0181388854980469 -0.237472534179687 -0.140853881835938
0.0101737976074219 -0.0202598571777344 0.02099609375 -0.453887939453125
-0.000812530517578126 0.0168952941894531 0.485504150390625 -0.427978515625
-0.0173778533935547 0.00311470031738281 0.75634765625 0.23248291015625
-0.01397705078125 -0.0549812316894531 0.34674072265625 0.83819580078125
0.0252475738525391 -0.0278835296630859 -0.14532470703125 0.6107177734375
0.044097900390625 -0.0139923095703125 0.0317153930664063 0.0467147827148438
0.0204715728759766 -0.0342617034912109 0.179931640625 -0.5885009765625
0.00777435302734375 -0.0381011962890625 -0.40228271484375 -0.7904052734375
-0.00120210647583008 -0.00707626342773438 -0.79718017578125 -0.0908203125000001
-0.00375628471374512 -0.00180172920227051 -0.39996337890625 0.488037109375
0.00355911254882813 -0.0220527648925781 0.05194091796875 0.46044921875
-0.00818681716918945 -0.00476980209350586 0.302978515625 0.131011962890625
0.000917315483093262 0.00017702579498291 0.300994873046875 -0.140838623046875
-0.00261592864990234 -0.0133161544799805 -0.273208618164062 0.156463623046875
0.00922775268554688 -0.00988006591796875 -0.267288208007813 -0.125564575195312
0.00977611541748047 -0.00321102142333984 -0.0343017578125 -0.451873779296875
-0.002471923828125 0.0213756561279297 0.4180908203125 -0.496978759765625
-0.017054557800293 0.00301456451416016 0.7510986328125 0.117431640625
-0.0112113952636719 -0.0310497283935547 0.42608642578125 0.7763671875
0.0107631683349609 0.0192680358886719 -0.0903320312499999 0.62908935546875
0.00621414184570312 0.0354461669921875 0.032135009765625 0.0715866088867188
0.0120153427124023 0.0150003433227539 0.2398681640625 -0.56988525390625
0.0162115097045898 -0.0151424407958984 -0.3072509765625 -0.86297607421875
-0.00317907333374023 -0.00784444808959961 -0.80462646484375 -0.21710205078125
-0.00637340545654297 0.00148916244506836 -0.47198486328125 0.42315673828125
0.00137090682983398 -0.00252437591552734 -0.00674438476562502 0.451507568359375
-0.0049128532409668 0.00636863708496094 0.27667236328125 0.140167236328125
0.000307083129882812 0.00873947143554688 0.29541015625 -0.143218994140625
-0.00238990783691406 -0.0093231201171875 -0.272262573242188 0.158676147460937
0.01116943359375 -0.00492477416992188 -0.257797241210938 -0.13134765625
0.00893783569335937 0.00204658508300781 -0.013031005859375 -0.453216552734375
-0.00656318664550782 0.0221672058105469 0.44219970703125 -0.47430419921875
-0.0234794616699219 -0.000944137573242191 0.7454833984375 0.158447265625
-0.0127582550048828 -0.0339374542236328 0.38739013671875 0.80096435546875
0.0114574432373047 0.0209560394287109 -0.11431884765625 0.62017822265625
0.00809097290039063 0.0370903015136719 0.0368881225585938 0.0593795776367187
0.0127830505371094 0.0135736465454102 0.22412109375 -0.581787109375
0.0123214721679688 -0.0192317962646484 -0.33892822265625 -0.840576171875
-0.00992584228515625 -0.0102682113647461 -0.79803466796875 -0.17120361328125
-0.00919818878173828 0.00361251831054687 -0.4453125 0.44122314453125
0.00101351737976074 0.0013962984085083 0.016876220703125 0.448974609375
-0.00289535522460937 0.00983715057373047 0.28680419921875 0.1314697265625
0.000150680541992187 0.0118408203125 0.2957763671875 -0.150726318359375
-1.90734863281246E-05 -0.00703144073486328 -0.272598266601563 0.153488159179687
0.0121307373046875 -0.00222206115722656 -0.2474365234375 -0.13897705078125
0.00815343856811523 0.00543451309204102 0.00668334960937496 -0.459075927734375
-0.0109920501708984 0.0218429565429687 0.467559814453125 -0.45465087890625
-0.0283412933349609 -0.00347900390625 0.7481689453125 0.19671630859375
-0.0141792297363281 -0.0376853942871094 0.36041259765625 0.82080078125
0.0130558013916016 0.0169744491577148 -0.1318359375 0.6116943359375
0.0118656158447266 0.0344867706298828 0.0409889221191406 0.0475044250488281
0.0139141082763672 0.00893783569335938 0.2015380859375 -0.59136962890625
0.00886344909667969 -0.0241584777832031 -0.37603759765625 -0.8172607421875
-0.0150089263916016 -0.012333869934082 -0.79986572265625 -0.12652587890625
-0.011204719543457 0.00437259674072266 -0.4189453125 0.463287353515625
0.00176525115966797 0.00231766700744629 0.039093017578125 0.449676513671875
-0.00137901306152344 0.0128278732299805 0.295806884765625 0.126556396484375
0.00360679626464844 0.0139780044555664 0.297637939453125 -0.148345947265625
0.00011301040649414 -0.00637531280517578 -0.272598266601563 0.152816772460938
0.012263298034668 -0.00132942199707031 -0.238128662109375 -0.14495849609375
0.0074915885925293 0.00383853912353516 0.02484130859375 -0.458770751953125
-0.0126018524169922 0.0208663940429687 0.488616943359375 -0.432525634765625
-0.0313739776611328 -0.00629234313964844 0.74261474609375 0.23370361328125
-0.0157661437988281 -0.0430068969726563 0.327392578125 0.83935546875
0.0165281295776367 0.0108261108398438 -0.15045166015625 0.60333251953125
0.018280029296875 0.0272216796875 0.0438766479492188 0.0380020141601563
0.0148525238037109 0.00104427337646484 0.1865234375 -0.5987548828125
0.00611114501953125 -0.0285282135009766 -0.400634765625 -0.79547119140625
-0.0170888900756836 -0.0123863220214844 -0.796142578125 -0.0907592773437498
-0.0115203857421875 0.00514793395996094 -0.395416259765625 0.48004150390625
0.0022585391998291 0.0015864372253418 0.055999755859375 0.44708251953125
-0.000535011291503907 0.012420654296875 0.303619384765625 0.120513916015625
0.00417709350585938 0.0142993927001953 0.299102783203125 -0.15252685546875
0.000398159027099609 -0.00743484497070313 -0.272216796875 0.14996337890625
0.0105447769165039 -0.00359630584716797 -0.231033325195313 -0.148239135742188
0.00703239440917969 0.0010371208190918 0.0369873046874999 -0.460357666015625
-0.0127944946289062 0.0194644927978516 0.502838134765625 -0.417633056640625
-0.0309333801269531 -0.00578880310058594 0.74407958984375 0.2578125
-0.0156059265136719 -0.0487251281738281 0.31182861328125 0.85272216796875
0.0201702117919922 0.000329971313476563 -0.15985107421875 0.59783935546875
0.0262832641601563 0.0166015625 0.0444869995117188 0.0317306518554688
0.016632080078125 -0.00895118713378906 0.17291259765625 -0.603271484375
0.00429916381835937 -0.0325355529785156 -0.4229736328125 -0.77825927734375
-0.0165071487426758 -0.0109825134277344 -0.79510498046875 -0.0650024414062498
-0.0111989974975586 0.00444698333740234 -0.37945556640625 0.49285888671875
0.00288486480712891 -0.00238394737243652 0.069061279296875 0.4482421875
-0.00174903869628906 0.0105276107788086 0.308990478515625 0.119140625
0.00553512573242188 0.012908935546875 0.299652099609375 -0.14971923828125
-0.000313758850097657 -0.0108966827392578 -0.271575927734375 0.148086547851563
0.00996685028076172 -0.00678920745849609 -0.228530883789062 -0.148483276367188
0.00787639617919922 -0.00526332855224609 0.040802001953125 -0.459228515625
-0.0104866027832031 0.0186405181884766 0.50836181640625 -0.4112548828125
-0.0290393829345703 -0.00500297546386718 0.7449951171875 0.26708984375
-0.0153884887695312 -0.0530929565429688 0.30877685546875 0.85601806640625
0.0235424041748047 -0.0103607177734375 -0.163330078125 0.5968017578125
0.0344486236572266 0.00551986694335938 0.0417098999023438 0.0319862365722656
0.0183258056640625 -0.0191326141357422 0.16650390625 -0.60101318359375
0.00331878662109375 -0.0358085632324219 -0.4296875 -0.77325439453125
-0.0132389068603516 -0.00982475280761719 -0.79412841796875 -0.0562744140625001
-0.00981426239013672 0.00307846069335938 -0.375579833984375 0.498870849609375
0.00271892547607422 -0.0080561637878418 0.07318115234375 0.451995849609375
-0.00346708297729492 0.0066227912902832 0.310302734375 0.119781494140625
0.00493621826171875 0.0104169845581055 0.300689697265625 -0.147003173828125
-0.00170230865478516 -0.0165138244628906 -0.271636962890625 0.148452758789063
0.00846099853515625 -0.0116720199584961 -0.231124877929687 -0.146591186523438
0.0081939697265625 -0.0130224227905273 0.03594970703125 -0.458221435546875
-0.00582695007324219 0.0173025131225586 0.501434326171875 -0.414825439453125
-0.0240421295166016 -0.000984191894531253 0.748779296875 0.25677490234375
-0.0152702331542969 -0.0559425354003906 0.3193359375 0.85101318359375
0.0256767272949219 -0.0197639465332031 -0.159912109375 0.6011962890625
0.0409011840820313 -0.0051727294921875 0.0371322631835938 0.036895751953125
0.0196533203125 -0.0277843475341797 0.1710205078125 -0.5965576171875
0.00460052490234375 -0.037933349609375 -0.418701171875 -0.77801513671875
-0.00811290740966797 -0.00878810882568359 -0.7958984375 -0.0657958984374999
-0.00705099105834961 0.000594139099121094 -0.383575439453125 0.4964599609375
0.00216102600097656 -0.0152301788330078 0.06494140625 0.4564208984375
-0.00517082214355469 0.00160598754882813 0.308624267578125 0.124542236328125
0.00289630889892578 0.00594711303710938 0.301605224609375 -0.144927978515625
-0.00309944152832031 -0.0219516754150391 -0.270828247070312 0.148895263671875
0.00635337829589844 -0.0172557830810547 -0.236679077148438 -0.1417236328125
0.009063720703125 -0.0207691192626953 0.02276611328125 -0.45526123046875
-0.000444412231445311 0.0168247222900391 0.488494873046875 -0.42645263671875
-0.0176830291748047 0.00274848937988282 0.75445556640625 0.23309326171875
-0.0142364501953125 -0.0551605224609375 0.3433837890625 0.840087890625
0.0258903503417969 -0.0267791748046875 -0.148193359375 0.61016845703125
0.0441207885742188 -0.0135345458984375 0.0312843322753906 0.0465660095214844
0.0207958221435547 -0.0332145690917969 0.1815185546875 -0.5887451171875
0.00780487060546875 -0.0375518798828125 -0.40057373046875 -0.7933349609375
-0.000817298889160157 -0.00710916519165039 -0.798828125 -0.09356689453125
-0.00380945205688477 -0.00203680992126465 -0.402740478515625 0.488128662109375
0.00371932983398438 -0.0214157104492188 0.050628662109375 0.459869384765625
-0.00802946090698242 -0.00500249862670898 0.302703857421875 0.131439208984375
0.000479370355606079 0.000313669443130493 0.30126953125 -0.141387939453125
-0.00249290466308594 -0.0125007629394531 -0.273056030273438 0.15740966796875
0.00852108001708984 -0.00932025909423828 -0.266952514648438 -0.125518798828125
0.00830268859863281 -0.00395298004150391 -0.032806396484375 -0.453582763671875
-0.00148773193359375 0.0211696624755859 0.420257568359375 -0.49639892578125
-0.0173358917236328 0.00265216827392578 0.753173828125 0.1192626953125
-0.0115089416503906 -0.03216552734375 0.42755126953125 0.77978515625
0.0109939575195312 0.0197181701660156 -0.0923461914062499 0.62982177734375
0.00699996948242187 0.0353927612304688 0.0318069458007813 0.0721282958984375
0.0121126174926758 0.0150775909423828 0.24114990234375 -0.57073974609375
0.0160160064697266 -0.0149126052856445 -0.30572509765625 -0.86529541015625
-0.0028223991394043 -0.00802755355834961 -0.80419921875 -0.21875
-0.00621175765991211 0.00141477584838867 -0.47576904296875 0.42303466796875
0.000724673271179199 -0.00202298164367676 -0.00863647460937495 0.453643798828125
-0.00473594665527344 0.00692367553710937 0.277099609375 0.140487670898438
0.00142765045166016 0.00901508331298828 0.29669189453125 -0.143798828125
-0.00182723999023437 -0.00837373733520508 -0.271926879882813 0.158355712890625
0.0108537673950195 -0.00480461120605469 -0.257522583007813 -0.132522583007813
0.00757884979248047 0.00176763534545898 -0.012237548828125 -0.455322265625
-0.00581550598144531 0.0217838287353516 0.444061279296875 -0.47332763671875
-0.0242385864257813 -0.000751495361328122 0.7479248046875 0.15875244140625
-0.013580322265625 -0.0343399047851563 0.38726806640625 0.803466796875
0.0120334625244141 0.0215053558349609 -0.1153564453125 0.6212158203125
0.00844573974609375 0.037811279296875 0.0370597839355469 0.05902099609375
0.0124998092651367 0.014307975769043 0.2265625 -0.58209228515625
0.0119991302490234 -0.0190048217773438 -0.33599853515625 -0.8427734375
-0.0100803375244141 -0.0109195709228516 -0.8009033203125 -0.17401123046875
-0.00966930389404297 0.00327873229980469 -0.447662353515625 0.440887451171875
0.000277280807495117 0.00163173675537109 0.015106201171875 0.44989013671875
-0.00240230560302734 0.0110502243041992 0.287078857421875 0.131927490234375
0.00168132781982422 0.0128765106201172 0.2962646484375 -0.15106201171875
0.000401496887207032 -0.00577974319458008 -0.273056030273437 0.153884887695313
0.0110864639282227 -0.00127792358398438 -0.2469482421875 -0.139739990234375
0.00722503662109375 0.00466775894165039 0.00756835937499998 -0.460540771484375
-0.0103130340576172 0.0210800170898437 0.4691162109375 -0.454681396484375
-0.0283393859863281 -0.00370216369628907 0.75018310546875 0.1983642578125
-0.0150032043457031 -0.0385169982910156 0.35955810546875 0.82403564453125
0.0140857696533203 0.0177898406982422 -0.1331787109375 0.612548828125
0.0122203826904297 0.0338344573974609 0.0411605834960938 0.0480079650878906
0.0138731002807617 0.00904273986816406 0.20452880859375 -0.59185791015625
0.00986862182617188 -0.0235652923583984 -0.373779296875 -0.8212890625
-0.0140590667724609 -0.0120210647583008 -0.80242919921875 -0.1285400390625
-0.0115556716918945 0.00436019897460938 -0.423583984375 0.4642333984375
0.00095820426940918 0.00347208976745605 0.036346435546875 0.449188232421875
-0.00127601623535156 0.0132570266723633 0.29644775390625 0.12640380859375
0.00428199768066406 0.0144243240356445 0.298828125 -0.149383544921875
9.10758972167964E-05 -0.00541353225708008 -0.272048950195313 0.153533935546875
0.0111770629882813 -0.000782966613769531 -0.238067626953125 -0.145233154296875
0.00666522979736328 0.0048832893371582 0.027313232421875 -0.45947265625
-0.0120182037353516 0.0205535888671875 0.49017333984375 -0.43145751953125
-0.0312290191650391 -0.00664901733398437 0.74371337890625 0.2347412109375
-0.0164413452148438 -0.0432624816894531 0.325927734375 0.84295654296875
0.0169200897216797 0.0110511779785156 -0.15203857421875 0.6021728515625
0.0189704895019531 0.0279884338378906 0.0435981750488281 0.0384902954101563
0.0149831771850586 0.00169563293457031 0.1884765625 -0.59906005859375
0.00633621215820313 -0.0287208557128906 -0.39923095703125 -0.799560546875
-0.0162076950073242 -0.0121240615844727 -0.798095703125 -0.0918579101562499
-0.0119638442993164 0.00494956970214844 -0.399871826171875 0.480621337890625
0.00176739692687988 0.00137019157409668 0.055816650390625 0.449310302734375
-0.00073719024658203 0.0128545761108398 0.3048095703125 0.121063232421875
0.00457668304443359 0.0149345397949219 0.2999267578125 -0.1519775390625
0.000554561614990234 -0.00669574737548828 -0.272018432617187 0.149917602539063
0.00998783111572266 -0.00192165374755859 -0.2310791015625 -0.14886474609375
0.00609016418457031 0.000590324401855469 0.038543701171875 -0.461761474609375
-0.0124473571777344 0.0199432373046875 0.5042724609375 -0.4183349609375
-0.0313301086425781 -0.00702285766601563 0.745849609375 0.25970458984375
-0.0160446166992188 -0.0491905212402344 0.31182861328125 0.85467529296875
0.0201301574707031 0.000654220581054688 -0.1605224609375 0.5985107421875
0.026885986328125 0.0164375305175781 0.0442848205566406 0.0321502685546875
0.0168676376342773 -0.00841140747070313 0.17449951171875 -0.60467529296875
0.0046844482421875 -0.0329856872558594 -0.42230224609375 -0.78021240234375
-0.0168218612670898 -0.0113763809204102 -0.8001708984375 -0.06634521484375
-0.0111255645751953 0.00421333312988281 -0.382537841796875 0.494293212890625
0.00226497650146484 -0.0020759105682373 0.06805419921875 0.450408935546875
-0.00165748596191406 0.0114202499389648 0.309967041015625 0.1195068359375
0.00582408905029297 0.0133838653564453 0.30010986328125 -0.14984130859375
0.00016021728515625 -0.00954246520996094 -0.27117919921875 0.1475830078125
0.00855541229248047 -0.00618648529052734 -0.228775024414062 -0.14959716796875
0.00658893585205078 -0.00551271438598633 0.04278564453125 -0.460784912109375
-0.00985527038574219 0.0178775787353516 0.5084228515625 -0.41168212890625
-0.0292720794677734 -0.00487518310546875 0.7454833984375 0.26824951171875
-0.0157585144042969 -0.0538597106933594 0.30902099609375 0.85760498046875
0.0236434936523438 -0.00988388061523438 -0.1639404296875 0.5986328125
0.0347709655761719 0.00592231750488281 0.0418930053710938 0.0324974060058594
0.018798828125 -0.0187320709228516 0.168701171875 -0.60345458984375
0.00396728515625 -0.0355453491210938 -0.43060302734375 -0.77587890625
-0.0129623413085938 -0.0100650787353516 -0.79669189453125 -0.0573120117187501
-0.0100927352905273 0.00231742858886719 -0.37860107421875 0.50030517578125
0.00255632400512695 -0.00750970840454102 0.0704345703125 0.45159912109375
-0.00295019149780273 0.00715065002441406 0.310791015625 0.120574951171875
0.00531864166259766 0.0106315612792969 0.301544189453125 -0.1470947265625
-0.00190353393554688 -0.0159273147583008 -0.271255493164063 0.1494140625
0.00744152069091797 -0.0106410980224609 -0.231002807617188 -0.147171020507813
0.00723361968994141 -0.0126171112060547 0.035858154296875 -0.459930419921875
-0.00544166564941406 0.0176067352294922 0.50439453125 -0.414642333984375
-0.0247001647949219 -0.00157356262207031 0.74774169921875 0.25897216796875
-0.0160560607910156 -0.0563278198242188 0.3192138671875 0.85455322265625
0.0258083343505859 -0.0199699401855469 -0.1614990234375 0.6026611328125
0.0417098999023438 -0.00496673583984375 0.0377044677734375 0.0376091003417969
0.0195350646972656 -0.0276432037353516 0.1724853515625 -0.5975341796875
0.00474929809570313 -0.0377159118652344 -0.4176025390625 -0.7813720703125
-0.00710010528564453 -0.00933456420898438 -0.798828125 -0.0682373046875
-0.00699281692504883 0.000499248504638671 -0.38507080078125 0.497955322265625
0.00189304351806641 -0.015019416809082 0.06390380859375 0.4576416015625
-0.00553083419799805 0.00197649002075195 0.30926513671875 0.124847412109375
0.00380849838256836 0.00584745407104492 0.3028564453125 -0.145721435546875
-0.00354576110839844 -0.0207347869873047 -0.271377563476563 0.148666381835938
0.00554943084716797 -0.0162153244018555 -0.236526489257812 -0.141937255859375
0.00798416137695313 -0.0205345153808594 0.02294921875 -0.45599365234375
-0.000382423400878905 0.0163774490356445 0.4888916015625 -0.426727294921875
-0.018310546875 0.00256538391113281 0.75433349609375 0.2366943359375
-0.0154609680175781 -0.0561904907226563 0.3431396484375 0.84185791015625
0.026275634765625 -0.0271530151367187 -0.14886474609375 0.61212158203125
0.0453262329101563 -0.0131759643554688 0.0307464599609375 0.0468902587890625
0.0210475921630859 -0.0334415435791016 0.18310546875 -0.58929443359375
0.0079193115234375 -0.0376091003417969 -0.398681640625 -0.79742431640625
-0.000795364379882813 -0.00813484191894531 -0.8018798828125 -0.0969238281250001
-0.00370097160339356 -0.00254559516906738 -0.405059814453125 0.488677978515625
0.00271415710449219 -0.0218906402587891 0.04949951171875 0.460601806640625
-0.00779628753662109 -0.004058837890625 0.30316162109375 0.131072998046875
0.00147593021392822 0.000980019569396973 0.30169677734375 -0.140625
-0.00210475921630859 -0.0117578506469727 -0.273269653320313 0.157318115234375
0.00786685943603516 -0.00855064392089844 -0.268035888671875 -0.126022338867188
0.00822067260742188 -0.00402116775512695 -0.03204345703125 -0.454742431640625
-0.00179672241210937 0.0213718414306641 0.421173095703125 -0.498046875
-0.0180912017822266 0.00277900695800782 0.75482177734375 0.1214599609375
-0.0121593475341797 -0.0319118499755859 0.42852783203125 0.78314208984375
0.0112590789794922 0.0199184417724609 -0.0927734374999999 0.63201904296875
0.00788497924804688 0.0357742309570313 0.0321273803710938 0.0718536376953125
0.0119972229003906 0.0149631500244141 0.24383544921875 -0.5718994140625
0.0165634155273438 -0.0148115158081055 -0.3060302734375 -0.86993408203125
-0.00247001647949219 -0.00780630111694336 -0.810791015625 -0.21990966796875
-0.00652027130126953 0.00136995315551758 -0.47979736328125 0.42523193359375
0.000334262847900391 -0.00220775604248047 -0.010101318359375 0.45562744140625
-0.00511837005615234 0.00759315490722656 0.2781982421875 0.141494750976563
0.00188350677490234 0.010040283203125 0.297454833984375 -0.1439208984375
-0.00203895568847656 -0.00819158554077149 -0.271713256835938 0.158721923828125
0.0102910995483398 -0.00380897521972656 -0.257781982421875 -0.132583618164062
0.00727462768554688 0.00187921524047852 -0.0106201171875 -0.457550048828125
-0.00550651550292969 0.0224609375 0.446533203125 -0.475555419921875
-0.0241184234619141 -0.00104713439941406 0.750244140625 0.1597900390625
-0.0144557952880859 -0.0345802307128906 0.389404296875 0.80535888671875
0.0119304656982422 0.0214633941650391 -0.11602783203125 0.62249755859375
0.00923538208007812 0.0377464294433594 0.0365562438964844 0.0599021911621094
0.0127544403076172 0.0150003433227539 0.2286376953125 -0.58453369140625
0.0130062103271484 -0.0190486907958984 -0.33740234375 -0.847412109375
-0.009307861328125 -0.0113019943237305 -0.80645751953125 -0.176513671875
-0.00924110412597656 0.00274753570556641 -0.452362060546875 0.44305419921875
-0.000376462936401367 0.00225567817687988 0.014617919921875 0.451873779296875
-0.00293827056884766 0.0114240646362305 0.28814697265625 0.13189697265625
0.00222873687744141 0.0129241943359375 0.297698974609375 -0.1510009765625
0.000452518463134766 -0.00469207763671875 -0.272918701171875 0.154525756835937
0.0100669860839844 -0.00114154815673828 -0.247604370117188 -0.139862060546875
0.00608634948730469 0.00467872619628906 0.00820922851562499 -0.46258544921875
-0.00993728637695312 0.021881103515625 0.470367431640625 -0.45428466796875
-0.0294589996337891 -0.00432014465332031 0.750732421875 0.2000732421875
-0.0157127380371094 -0.038543701171875 0.36083984375 0.82867431640625
0.0139179229736328 0.0176410675048828 -0.13232421875 0.6141357421875
0.0131893157958984 0.0348472595214844 0.0413742065429688 0.0479812622070313
0.0146121978759766 0.00942516326904297 0.20587158203125 -0.59442138671875
0.00990104675292969 -0.0239372253417969 -0.37469482421875 -0.82464599609375
-0.0135316848754883 -0.0123329162597656 -0.80621337890625 -0.13067626953125
-0.0114221572875977 0.004364013671875 -0.42681884765625 0.464996337890625
5.45978546142581E-05 0.00299406051635742 0.034637451171875 0.452117919921875
-0.00127792358398437 0.0140829086303711 0.29730224609375 0.12677001953125
0.00576305389404297 0.0146312713623047 0.299530029296875 -0.15069580078125
0.000748157501220703 -0.00412273406982422 -0.272430419921875 0.154434204101562
0.0105752944946289 -0.000580787658691406 -0.238265991210938 -0.146163940429687
0.00516748428344727 0.00454235076904297 0.028228759765625 -0.461822509765625
-0.0123252868652344 0.0205593109130859 0.49273681640625 -0.432830810546875
-0.0313549041748047 -0.00622367858886719 0.74664306640625 0.2369384765625
-0.0165367126464844 -0.0439720153808594 0.32806396484375 0.8460693359375
0.0167789459228516 0.0111818313598633 -0.15264892578125 0.60516357421875
0.0197124481201172 0.0278854370117188 0.0438804626464844 0.03802490234375
0.0153617858886719 0.00192356109619141 0.1895751953125 -0.60186767578125
0.006622314453125 -0.0287380218505859 -0.40093994140625 -0.80242919921875
-0.0161466598510742 -0.0129470825195313 -0.80267333984375 -0.0949096679687499
-0.011509895324707 0.00415802001953125 -0.403106689453125 0.481597900390625
0.000813484191894531 0.00255441665649414 0.05419921875 0.450531005859375
-0.000591278076171876 0.0139608383178711 0.30523681640625 0.12152099609375
0.00566768646240234 0.0156269073486328 0.30108642578125 -0.152801513671875
0.000932216644287109 -0.00572299957275391 -0.271896362304688 0.150833129882813
0.00940608978271484 -0.00134849548339844 -0.231231689453125 -0.14996337890625
0.00554895401000977 0.00103187561035156 0.039581298828125 -0.46527099609375
-0.0123386383056641 0.0199947357177734 0.50732421875 -0.41778564453125
-0.0323448181152344 -0.00677490234375 0.74725341796875 0.2620849609375
-0.016571044921875 -0.0492668151855469 0.314208984375 0.85845947265625
0.0207176208496094 0.000972747802734375 -0.161376953125 0.60113525390625
0.027801513671875 0.0174369812011719 0.0446090698242188 0.0327873229980469
0.0168972015380859 -0.00814533233642578 0.17559814453125 -0.6064453125
0.00507164001464844 -0.0328884124755859 -0.4241943359375 -0.78662109375
-0.0159730911254883 -0.0124740600585938 -0.80322265625 -0.0681152343749999
-0.0115432739257813 0.00398159027099609 -0.38677978515625 0.496673583984375
0.00196981430053711 -0.00169634819030762 0.068328857421875 0.45245361328125
-0.00156879425048828 0.0113687515258789 0.3106689453125 0.11968994140625
0.00679874420166016 0.0137510299682617 0.30255126953125 -0.150482177734375
0.000318527221679687 -0.00926589965820313 -0.271209716796875 0.1494140625
0.00861072540283203 -0.00461959838867187 -0.228790283203125 -0.149765014648437
0.00592756271362305 -0.00508260726928711 0.04400634765625 -0.462677001953125
-0.00955963134765625 0.018524169921875 0.5106201171875 -0.4114990234375
-0.02935791015625 -0.00536537170410156 0.74884033203125 0.2713623046875
-0.0170860290527344 -0.0542106628417969 0.3079833984375 0.8619384765625
0.0240287780761719 -0.00964927673339844 -0.16455078125 0.60076904296875
0.0354270935058594 0.00580215454101563 0.0416908264160156 0.0326080322265625
0.0187587738037109 -0.0191726684570313 0.17120361328125 -0.60516357421875
0.00455856323242188 -0.0356903076171875 -0.427734375 -0.78076171875
-0.0124940872192383 -0.0107860565185547 -0.80126953125 -0.060546875
-0.0101757049560547 0.00256919860839844 -0.382476806640625 0.501708984375
0.00198602676391602 -0.00739908218383789 0.07080078125 0.453277587890625
-0.00260734558105469 0.00797367095947266 0.31207275390625 0.1209716796875
0.00626182556152344 0.0110435485839844 0.30224609375 -0.14794921875
-0.00134563446044922 -0.0143680572509766 -0.271804809570313 0.149246215820313
0.00708389282226563 -0.0100259780883789 -0.230606079101563 -0.147842407226562
0.00641059875488281 -0.012664794921875 0.037689208984375 -0.46185302734375
-0.00502967834472656 0.017003059387207 0.504119873046875 -0.414581298828125
-0.0245647430419922 -0.00169563293457031 0.75067138671875 0.26043701171875
-0.0168800354003906 -0.0570945739746094 0.3206787109375 0.85809326171875
0.0261478424072266 -0.0196952819824219 -0.16180419921875 0.60430908203125
0.0426864624023438 -0.0054168701171875 0.0372352600097656 0.0380592346191406
0.0197391510009766 -0.027587890625 0.174560546875 -0.5994873046875
0.00560379028320312 -0.0383148193359375 -0.42047119140625 -0.7867431640625
-0.00728797912597656 -0.00969600677490234 -0.8017578125 -0.0710449218750001
-0.00740432739257813 0.000110149383544922 -0.390167236328125 0.49920654296875
0.00152778625488281 -0.0149641036987305 0.065032958984375 0.459197998046875
-0.00514316558837891 0.00234317779541016 0.310455322265625 0.125640869140625
0.00457096099853516 0.00565147399902344 0.30450439453125 -0.145721435546875
-0.0030517578125 -0.0202617645263672 -0.271621704101563 0.149307250976563
0.00542259216308594 -0.0157670974731445 -0.23779296875 -0.142959594726562
0.0066375732421875 -0.0206756591796875 0.024871826171875 -0.45843505859375
0.000142097473144533 0.0163164138793945 0.49163818359375 -0.42694091796875
-0.0183353424072266 0.00241661071777344 0.75537109375 0.23773193359375
-0.01593017578125 -0.0564613342285156 0.3450927734375 0.8458251953125
0.0267772674560547 -0.0271396636962891 -0.1495361328125 0.61224365234375
0.0456962585449219 -0.013519287109375 0.0313796997070313 0.0472488403320313
0.0217132568359375 -0.0331001281738281 0.18426513671875 -0.59161376953125
0.00794219970703125 -0.0380058288574219 -0.40008544921875 -0.80133056640625
-0.000679492950439454 -0.00807523727416992 -0.806396484375 -0.0969848632812501
-0.00350666046142578 -0.00321173667907715 -0.40911865234375 0.4913330078125
0.00227546691894531 -0.0216999053955078 0.04876708984375 0.46331787109375
-0.00784778594970703 -0.00397539138793945 0.304229736328125 0.13177490234375
0.00271797180175781 0.000885963439941406 0.30377197265625 -0.141326904296875
-0.00198268890380859 -0.0109138488769531 -0.273468017578125 0.15924072265625
0.00683069229125977 -0.00720357894897461 -0.268798828125 -0.127044677734375
0.0070643424987793 -0.00356721878051758 -0.03204345703125 -0.458740234375
-0.00131416320800781 0.0210018157958984 0.4239501953125 -0.501678466796875
-0.01812744140625 0.00318527221679687 0.758544921875 0.12213134765625
-0.0134086608886719 -0.0320701599121094 0.4326171875 0.78680419921875
0.0117931365966797 0.0201282501220703 -0.093505859375 0.634033203125
0.00765228271484375 0.0365257263183594 0.0318603515625 0.072235107421875
0.0120029449462891 0.015721321105957 0.244873046875 -0.575927734375
0.017181396484375 -0.0150957107543945 -0.30621337890625 -0.87445068359375
-0.00178337097167969 -0.00896358489990234 -0.815185546875 -0.22161865234375
-0.00629854202270508 0.00107240676879883 -0.483184814453125 0.42864990234375
0.000245213508605957 -0.00214040279388428 -0.01129150390625 0.457763671875
-0.00490617752075195 0.00808095932006836 0.279159545898438 0.141555786132813
0.00298976898193359 0.00988578796386719 0.299224853515625 -0.145477294921875
-0.00165319442749023 -0.00692176818847656 -0.2720947265625 0.16058349609375
0.00944328308105469 -0.00314426422119141 -0.25860595703125 -0.133346557617188
0.00574731826782227 0.00210428237915039 -0.010528564453125 -0.461029052734375
-0.00518608093261719 0.0218410491943359 0.447784423828125 -0.47772216796875
-0.0252914428710938 -0.00164794921875 0.7529296875 0.16229248046875
-0.0151996612548828 -0.0350112915039063 0.3922119140625 0.81146240234375
0.0126934051513672 0.0215702056884766 -0.1165771484375 0.62646484375
0.009674072265625 0.0381088256835938 0.0371322631835938 0.0602493286132813
0.0130596160888672 0.0152254104614258 0.23114013671875 -0.58831787109375
0.0129623413085938 -0.0192184448242188 -0.3380126953125 -0.85198974609375
-0.00955867767333984 -0.0111942291259766 -0.8109130859375 -0.17718505859375
-0.00941658020019531 0.00235462188720703 -0.45703125 0.44677734375
-0.000452518463134766 0.0023195743560791 0.012908935546875 0.453704833984375
-0.00257682800292969 0.0122528076171875 0.289520263671875 0.132904052734375
0.00320816040039063 0.0137624740600586 0.299407958984375 -0.15264892578125
0.00128722190856934 -0.00385141372680664 -0.273345947265625 0.155319213867188
0.00951290130615234 0.000155448913574219 -0.248580932617187 -0.141250610351563
0.00517797470092774 0.00483417510986328 0.00875854492187502 -0.46490478515625
-0.0100021362304687 0.0215282440185547 0.472686767578125 -0.456512451171875
-0.0299282073974609 -0.00357818603515625 0.75445556640625 0.20135498046875
-0.0163612365722656 -0.0387115478515625 0.36444091796875 0.8336181640625
0.0146961212158203 0.0179176330566406 -0.1341552734375 0.61578369140625
0.013519287109375 0.0348224639892578 0.0411796569824219 0.0483474731445313
0.0145740509033203 0.0101633071899414 0.207275390625 -0.59710693359375
0.00988006591796875 -0.0232467651367187 -0.377197265625 -0.82952880859375
-0.0134706497192383 -0.0128593444824219 -0.81103515625 -0.130615234375
-0.0120201110839844 0.00380802154541016 -0.430877685546875 0.467803955078125
-1.1920928955081E-06 0.00333499908447266 0.034423828125 0.454620361328125
-0.00164031982421875 0.0147113800048828 0.29901123046875 0.1278076171875
0.00619316101074219 0.0154047012329102 0.30084228515625 -0.15093994140625
0.000304460525512695 -0.0036773681640625 -0.27386474609375 0.155441284179688
0.0101642608642578 0.000730514526367188 -0.23883056640625 -0.147354125976563
0.00500917434692383 0.00468158721923828 0.027557373046875 -0.465087890625
-0.0119342803955078 0.0207748413085938 0.49407958984375 -0.435333251953125
-0.0323600769042969 -0.00665092468261719 0.7509765625 0.23828125
-0.0176239013671875 -0.0442352294921875 0.3302001953125 0.8524169921875
0.0177326202392578 0.0113143920898438 -0.1531982421875 0.60797119140625
0.0205554962158203 0.0278759002685547 0.0439872741699219 0.0384559631347656
0.0161619186401367 0.00217247009277344 0.1915283203125 -0.6053466796875
0.00650405883789063 -0.027740478515625 -0.40338134765625 -0.8076171875
-0.0159187316894531 -0.0129280090332031 -0.80767822265625 -0.0943603515625
-0.0124282836914063 0.00415229797363281 -0.406982421875 0.48468017578125
0.000746011734008789 0.00205647945404053 0.05572509765625 0.453399658203125
-0.000507354736328125 0.0138835906982422 0.306976318359375 0.122039794921875
0.00648784637451172 0.0158252716064453 0.301971435546875 -0.154693603515625
0.00143575668334961 -0.00510644912719727 -0.272018432617188 0.15155029296875
0.00909233093261719 -0.000683784484863281 -0.232208251953125 -0.150543212890625
0.00442886352539063 0.00100469589233398 0.04022216796875 -0.466094970703125
-0.0118503570556641 0.0200634002685547 0.50830078125 -0.419708251953125
-0.0322513580322266 -0.00704193115234375 0.75115966796875 0.26373291015625
-0.0178375244140625 -0.0497016906738281 0.31634521484375 0.86285400390625
0.0216159820556641 0.00152778625488281 -0.1611328125 0.60333251953125
0.0287876129150391 0.0173206329345703 0.0446128845214844 0.0325088500976563
0.0171298980712891 -0.00794410705566406 0.17724609375 -0.6090087890625
0.00453567504882813 -0.0326480865478516 -0.42620849609375 -0.79107666015625
-0.0149946212768555 -0.0124502182006836 -0.80889892578125 -0.0666503906250001
-0.0116720199584961 0.00388336181640625 -0.390167236328125 0.498199462890625
0.00113070011138916 -0.00133216381072998 0.067230224609375 0.45440673828125
-0.000922203063964844 0.0125274658203125 0.312469482421875 0.11981201171875
0.00722694396972656 0.0143556594848633 0.302703857421875 -0.152130126953125
0.000519752502441406 -0.00747251510620117 -0.27197265625 0.150161743164062
0.00784063339233398 -0.00417995452880859 -0.229248046875 -0.151016235351563
0.00459003448486328 -0.00498342514038086 0.043701171875 -0.4659423828125
-0.00892448425292968 0.0183200836181641 0.513336181640625 -0.41510009765625
-0.0296421051025391 -0.00496292114257812 0.7518310546875 0.27203369140625
-0.0177803039550781 -0.0545387268066406 0.31146240234375 0.866943359375
0.0243587493896484 -0.00961875915527344 -0.16546630859375 0.60284423828125
0.0360450744628906 0.00571060180664063 0.0423469543457031 0.0327072143554688
0.01873779296875 -0.0185470581054688 0.1732177734375 -0.60809326171875
0.00438308715820312 -0.0361061096191406 -0.43280029296875 -0.783935546875
-0.0123739242553711 -0.0113639831542969 -0.807861328125 -0.0607299804687502
-0.0100107192993164 0.00207042694091797 -0.386260986328125 0.504852294921875
0.00129413604736328 -0.00690460205078125 0.06988525390625 0.45623779296875
-0.00300121307373047 0.00816249847412109 0.3138427734375 0.121124267578125
0.00726890563964844 0.0110340118408203 0.30401611328125 -0.14886474609375
-0.00146007537841797 -0.0141134262084961 -0.272079467773438 0.15045166015625
0.00693225860595703 -0.00909805297851563 -0.232406616210938 -0.149093627929687
0.00508022308349609 -0.0124120712280273 0.03790283203125 -0.4644775390625
-0.00510406494140625 0.0163908004760742 0.5079345703125 -0.417236328125
-0.0249595642089844 -0.00201225280761719 0.75567626953125 0.26251220703125
-0.0172080993652344 -0.0577659606933594 0.3228759765625 0.86224365234375
0.0263919830322266 -0.0199069976806641 -0.16265869140625 0.6063232421875
0.0425872802734375 -0.0051422119140625 0.0374031066894531 0.0376510620117188
0.0195446014404297 -0.0271739959716797 0.1761474609375 -0.60345458984375
0.00531387329101562 -0.0377044677734375 -0.42315673828125 -0.79052734375
-0.00665569305419922 -0.0101480484008789 -0.8070068359375 -0.0689086914062499
-0.00766420364379883 -0.000371932983398438 -0.393035888671875 0.5035400390625
0.00126838684082031 -0.0144376754760742 0.064300537109375 0.462799072265625
-0.00516939163208008 0.00309085845947266 0.31195068359375 0.1259765625
0.00453853607177734 0.00577306747436523 0.30535888671875 -0.14739990234375
-0.00267219543457031 -0.0192756652832031 -0.27215576171875 0.150772094726563
0.00507450103759766 -0.0146093368530273 -0.238540649414063 -0.144119262695312
0.00617027282714844 -0.0200996398925781 0.025054931640625 -0.46209716796875
0.000293731689453125 0.016566276550293 0.49407958984375 -0.429840087890625
-0.0182247161865234 0.00239753723144531 0.760498046875 0.2386474609375
-0.0165367126464844 -0.0577926635742188 0.3482666015625 0.85125732421875
0.0271739959716797 -0.0268650054931641 -0.149658203125 0.61614990234375
0.0462112426757813 -0.0136375427246094 0.0312004089355469 0.0474967956542969
0.0211219787597656 -0.0331707000732422 0.1861572265625 -0.59417724609375
0.008514404296875 -0.0379562377929687 -0.403076171875 -0.805419921875
0.000112056732177734 -0.00835514068603516 -0.81134033203125 -0.0971679687499998
-0.00366544723510742 -0.00284123420715332 -0.413330078125 0.493408203125
0.00150871276855469 -0.0213127136230469 0.04937744140625 0.4666748046875
-0.00800561904907227 -0.0032191276550293 0.30584716796875 0.13275146484375
0.0028526782989502 0.00158119201660156 0.304443359375 -0.142730712890625
-0.00142860412597656 -0.0103836059570313 -0.2735595703125 0.160415649414062
0.00658035278320313 -0.00673246383666992 -0.27032470703125 -0.127731323242188
0.00573921203613281 -0.00354862213134766 -0.033233642578125 -0.46282958984375
-0.000766754150390625 0.0211467742919922 0.424835205078125 -0.505096435546875
-0.0187759399414062 0.00306320190429688 0.76202392578125 0.1209716796875
-0.0142650604248047 -0.0328273773193359 0.435546875 0.79132080078125
0.0121021270751953 0.0204658508300781 -0.09222412109375 0.63824462890625
0.008331298828125 0.0365486145019531 0.0319061279296875 0.0726165771484375
0.012455940246582 0.0160379409790039 0.24566650390625 -0.58062744140625
0.0172958374023438 -0.0150346755981445 -0.31097412109375 -0.88037109375
-0.00169181823730469 -0.00882625579833984 -0.82135009765625 -0.22216796875
-0.00678491592407227 4.10079956054685E-05 -0.487823486328125 0.4322509765625
-9.87052917480469E-05 -0.00165390968322754 -0.010162353515625 0.460205078125
-0.00522518157958985 0.00882816314697266 0.281402587890625 0.14215087890625
0.00321388244628906 0.00957298278808594 0.300872802734375 -0.147613525390625
-0.000983715057373048 -0.00564241409301758 -0.272842407226563 0.162200927734375
0.00933074951171875 -0.00160598754882813 -0.260116577148438 -0.134201049804687
0.00519275665283203 0.00219297409057617 -0.01031494140625 -0.463409423828125
-0.00477027893066406 0.0218830108642578 0.450164794921875 -0.48101806640625
-0.0258216857910156 -0.00169181823730469 0.75799560546875 0.16259765625
-0.0163459777832031 -0.0355148315429687 0.3955078125 0.81488037109375
0.0129489898681641 0.0222835540771484 -0.11529541015625 0.6287841796875
0.0103187561035156 0.0382881164550781 0.0370407104492188 0.0607986450195312
0.0132246017456055 0.0156078338623047 0.2314453125 -0.5911865234375
0.0131607055664063 -0.0193061828613281 -0.34088134765625 -0.8590087890625
-0.00897979736328125 -0.0115222930908203 -0.81793212890625 -0.17755126953125
-0.00992965698242188 0.00216293334960938 -0.46063232421875 0.450897216796875
-0.000685691833496094 0.00228381156921387 0.01446533203125 0.456268310546875
-0.00276470184326172 0.0125913619995117 0.291656494140625 0.13311767578125
0.00385665893554687 0.0141286849975586 0.300323486328125 -0.154327392578125
0.00159454345703125 -0.00302219390869141 -0.27398681640625 0.157669067382812
0.00986289978027344 0.00144863128662109 -0.250076293945312 -0.142074584960938
0.00466680526733399 0.00494003295898438 0.00875854492187504 -0.4696044921875
-0.00995063781738282 0.0209751129150391 0.47491455078125 -0.4609375
-0.0301628112792969 -0.00401496887207031 0.7603759765625 0.20196533203125
-0.0175819396972656 -0.0397186279296875 0.36822509765625 0.83721923828125
0.0146751403808594 0.0181217193603516 -0.13311767578125 0.62066650390625
0.0145797729492188 0.0353355407714844 0.0420188903808594 0.048614501953125
0.0142698287963867 0.00986480712890625 0.20867919921875 -0.601318359375
0.0101222991943359 -0.0240097045898438 -0.3812255859375 -0.83599853515625
-0.0136966705322266 -0.0127763748168945 -0.8189697265625 -0.1314697265625
-0.0119895935058594 0.0036163330078125 -0.434539794921875 0.47412109375
6.866455078125E-05 0.00422430038452148 0.034912109375 0.457427978515625
-0.00135612487792969 0.0151748657226563 0.30120849609375 0.127685546875
0.00746345520019531 0.0158576965332031 0.302642822265625 -0.15283203125
0.000533342361450195 -0.00242209434509277 -0.272872924804688 0.1568603515625
0.00937652587890625 0.00205802917480469 -0.240249633789063 -0.147369384765625
0.00369834899902344 0.0050506591796875 0.028045654296875 -0.469329833984375
-0.0116291046142578 0.0203456878662109 0.497467041015625 -0.4393310546875
-0.0329399108886719 -0.00686073303222657 0.75341796875 0.2396240234375
-0.0188674926757813 -0.044586181640625 0.33367919921875 0.85760498046875
0.0174951553344727 0.0114450454711914 -0.1531982421875 0.6123046875
0.0214748382568359 0.0280933380126953 0.0439453125 0.0385894775390625
0.0162992477416992 0.00236320495605469 0.1925048828125 -0.60888671875
0.00752830505371094 -0.0289783477783203 -0.4073486328125 -0.81365966796875
-0.0162296295166016 -0.0128154754638672 -0.81488037109375 -0.0936279296875001
-0.0123844146728516 0.00401878356933594 -0.4100341796875 0.488189697265625
0.000404596328735351 0.00276851654052734 0.0540771484375 0.45562744140625
-0.000378608703613281 0.0144643783569336 0.309478759765625 0.121734619140625
0.00711917877197266 0.0153951644897461 0.304107666015625 -0.156402587890625
0.0011289119720459 -0.00435376167297363 -0.272293090820313 0.153762817382812
0.00878572463989258 0.000442028045654297 -0.233718872070313 -0.151535034179687
0.00342822074890137 0.00160312652587891 0.038970947265625 -0.471649169921875
-0.0121307373046875 0.0190219879150391 0.511749267578125 -0.4232177734375
-0.0330219268798828 -0.00724029541015625 0.75537109375 0.26495361328125
-0.018585205078125 -0.0503005981445312 0.32135009765625 0.868896484375
0.0214481353759766 0.00112533569335938 -0.16180419921875 0.606689453125
0.0291271209716797 0.01739501953125 0.0447921752929688 0.0327110290527344
0.0177898406982422 -0.00820732116699219 0.17791748046875 -0.61346435546875
0.00495529174804688 -0.0336036682128906 -0.4295654296875 -0.7977294921875
-0.0149955749511719 -0.0127525329589844 -0.81488037109375 -0.0662231445312498
-0.0119800567626953 0.00340080261230469 -0.393341064453125 0.5040283203125
0.000606060028076172 -0.00120913982391357 0.068206787109375 0.45733642578125
-0.00131130218505859 0.0128068923950195 0.315032958984375 0.11968994140625
0.00793647766113281 0.0147867202758789 0.304443359375 -0.153594970703125
0.00068044662475586 -0.00728082656860352 -0.272537231445312 0.151901245117188
0.00771951675415039 -0.00335073471069336 -0.23114013671875 -0.151901245117188
0.00362825393676758 -0.00430989265441894 0.044677734375 -0.46923828125
-0.00918006896972656 0.0179977416992188 0.515289306640625 -0.41619873046875
-0.0309619903564453 -0.00544166564941406 0.75775146484375 0.27276611328125
-0.0181732177734375 -0.0551223754882813 0.31591796875 0.87420654296875
0.0245552062988281 -0.0102977752685547 -0.16558837890625 0.6065673828125
0.036865234375 0.00517654418945313 0.0425338745117188 0.0330963134765625
0.0187091827392578 -0.0183792114257813 0.1729736328125 -0.61224365234375
0.004180908203125 -0.0364952087402344 -0.43597412109375 -0.7894287109375
-0.0126399993896484 -0.011683464050293 -0.8131103515625 -0.0590820312500001
-0.0103693008422852 0.00213432312011719 -0.38958740234375 0.510467529296875
0.00069570541381836 -0.00719928741455078 0.070404052734375 0.459869384765625
-0.00318527221679688 0.00855493545532227 0.316436767578125 0.12091064453125
0.00720787048339844 0.0105352401733398 0.305450439453125 -0.151580810546875
-0.000720977783203125 -0.0130758285522461 -0.27276611328125 0.152679443359375
0.00675725936889648 -0.00853824615478516 -0.233505249023438 -0.150253295898437
0.00469589233398438 -0.0116214752197266 0.037933349609375 -0.468109130859375
-0.00423717498779297 0.0172510147094727 0.510772705078125 -0.421966552734375
-0.0252437591552734 -0.00253486633300781 0.75933837890625 0.263427734375
-0.0183982849121094 -0.0575790405273438 0.32562255859375 0.86846923828125
0.0274486541748047 -0.0200672149658203 -0.1627197265625 0.61090087890625
0.0436210632324219 -0.00523757934570312 0.0377388000488281 0.0380058288574219
0.0201663970947266 -0.0269279479980469 0.176513671875 -0.60723876953125
0.00507736206054687 -0.0381698608398437 -0.42431640625 -0.79730224609375
-0.00659465789794922 -0.0113124847412109 -0.81524658203125 -0.0689697265624999
-0.0077509880065918 -0.00020170211791992 -0.39678955078125 0.50830078125
0.000691413879394533 -0.0140609741210938 0.06500244140625 0.465728759765625
-0.00475835800170899 0.00361251831054687 0.31427001953125 0.125762939453125
0.0054926872253418 0.00615119934082031 0.306793212890625 -0.149139404296875
-0.00226020812988281 -0.0187282562255859 -0.2718505859375 0.152603149414063
0.0050048828125 -0.0142612457275391 -0.239547729492188 -0.144668579101562
0.00535011291503906 -0.0199337005615234 0.024627685546875 -0.46624755859375
0.000519752502441407 0.0156536102294922 0.496429443359375 -0.432769775390625
-0.0185985565185547 0.00224113464355469 0.764892578125 0.23834228515625
-0.0176315307617188 -0.0575370788574219 0.35089111328125 0.85650634765625
0.0273361206054688 -0.0267810821533203 -0.15081787109375 0.618896484375
0.0471878051757813 -0.0144004821777344 0.0316734313964844 0.0472640991210938
0.0212249755859375 -0.0327968597412109 0.1854248046875 -0.59912109375
0.00841140747070313 -0.0383377075195312 -0.40570068359375 -0.8128662109375
1.62124633789062E-05 -0.00910472869873047 -0.81634521484375 -0.0968627929687499
-0.00463962554931641 -0.00352764129638672 -0.416717529296875 0.49951171875
0.00158500671386719 -0.0213527679443359 0.04937744140625 0.469451904296875
-0.00752067565917969 -0.00281620025634766 0.308013916015625 0.132904052734375
0.00341248512268066 0.00127959251403809 0.30621337890625 -0.14520263671875
-0.00152873992919922 -0.00925731658935547 -0.2744140625 0.16375732421875
0.00568342208862305 -0.00540781021118164 -0.27093505859375 -0.127731323242188
0.00534439086914063 -0.00328254699707031 -0.03411865234375 -0.467926025390625
-3.81469726562505E-05 0.0210018157958984 0.425567626953125 -0.510498046875
-0.0188484191894531 0.00288963317871094 0.7691650390625 0.120361328125
-0.0151863098144531 -0.0331459045410156 0.4437255859375 0.79705810546875
0.0126838684082031 0.0213966369628906 -0.0899047851562499 0.643310546875
0.00954437255859376 0.0368766784667969 0.0323333740234375 0.0740585327148438
0.012425422668457 0.01629638671875 0.246337890625 -0.58331298828125
0.0176048278808594 -0.0152015686035156 -0.314697265625 -0.88677978515625
-0.00122547149658203 -0.00934123992919922 -0.829345703125 -0.2218017578125
-0.00702285766601563 2.62260437011729E-05 -0.492340087890625 0.437469482421875
-0.0010145902633667 -0.00122928619384766 -0.0101623535156251 0.4647216796875
-0.00537681579589844 0.00981521606445313 0.283050537109375 0.141876220703125
0.00397777557373047 0.0101699829101563 0.302215576171875 -0.149627685546875
-0.00179290771484375 -0.00576925277709961 -0.272476196289063 0.164657592773438
0.00829076766967773 -0.00123023986816406 -0.261383056640625 -0.134857177734375
0.00422024726867676 0.00249266624450684 -0.011810302734375 -0.468048095703125
-0.00478744506835938 0.0223674774169922 0.450531005859375 -0.487030029296875
-0.0250034332275391 -0.00117301940917969 0.76416015625 0.16033935546875
-0.0171165466308594 -0.0357208251953125 0.4022216796875 0.82061767578125
0.0134658813476563 0.0221462249755859 -0.11346435546875 0.633056640625
0.010528564453125 0.0387039184570313 0.0378570556640625 0.0606460571289063
0.0133981704711914 0.0156888961791992 0.23004150390625 -0.59637451171875
0.0131340026855469 -0.0191402435302734 -0.3465576171875 -0.8646240234375
-0.00833511352539063 -0.0119619369506836 -0.82568359375 -0.17626953125
-0.00994873046875 0.0021514892578125 -0.463287353515625 0.457489013671875
-0.00113368034362793 0.00275993347167969 0.01422119140625 0.46142578125
-0.0026082992553711 0.0126590728759766 0.294189453125 0.13262939453125
0.00505828857421875 0.0140113830566406 0.30206298828125 -0.156829833984375
0.00191855430603027 -0.00266504287719727 -0.273880004882813 0.159912109375
0.00882434844970703 0.00245857238769531 -0.250900268554688 -0.142791748046875
0.00387907028198242 0.0049281120300293 0.00677490234374997 -0.474090576171875
-0.00928497314453125 0.0215339660644531 0.47613525390625 -0.465545654296875
-0.0307788848876953 -0.00284194946289062 0.765869140625 0.2020263671875
-0.018310546875 -0.0394630432128906 0.37420654296875 0.8433837890625
0.0153484344482422 0.018829345703125 -0.132568359375 0.6241455078125
0.0147209167480469 0.0353126525878906 0.0416603088378906 0.0487060546875
0.014042854309082 0.0103206634521484 0.20758056640625 -0.606201171875
0.0100822448730469 -0.0234832763671875 -0.38671875 -0.8394775390625
-0.0125875473022461 -0.0127897262573242 -0.8270263671875 -0.129638671875
-0.0124950408935547 0.00390434265136719 -0.438232421875 0.47906494140625
-0.000684022903442383 0.00418996810913086 0.0355224609375 0.460357666015625
-0.00186061859130859 0.0160293579101563 0.303558349609375 0.1273193359375
0.00793075561523437 0.0158548355102539 0.30340576171875 -0.1556396484375
0.00172150135040283 -0.00145483016967773 -0.273345947265625 0.159027099609375
0.00940418243408203 0.00273323059082031 -0.2415771484375 -0.147567749023438
0.00285577774047852 0.00549411773681641 0.026123046875 -0.473358154296875
-0.0112495422363281 0.0205307006835938 0.497955322265625 -0.442108154296875
-0.0334854125976562 -0.00636100769042969 0.761474609375 0.239013671875
-0.0192718505859375 -0.0449790954589844 0.340087890625 0.8616943359375
0.0185108184814453 0.0120410919189453 -0.15167236328125 0.61700439453125
0.0218772888183594 0.0286827087402344 0.0446624755859375 0.0385513305664063
0.0158147811889648 0.00303173065185547 0.1910400390625 -0.6131591796875
0.00685310363769531 -0.0288009643554688 -0.41259765625 -0.81927490234375
-0.0157279968261719 -0.0137519836425781 -0.822265625 -0.0930175781250002
-0.0125293731689453 0.00392627716064453 -0.4134521484375 0.495086669921875
-0.000609397888183594 0.00238752365112305 0.05572509765625 0.459564208984375
9.53674316406238E-05 0.0151100158691406 0.311187744140625 0.12078857421875
0.00751590728759766 0.0163545608520508 0.305450439453125 -0.159332275390625
0.00247001647949219 -0.0029904842376709 -0.273391723632812 0.1563720703125
0.00797796249389648 0.00118255615234375 -0.234848022460938 -0.151901245117188
0.00320053100585938 0.00196099281311035 0.03765869140625 -0.475067138671875
-0.0117874145507812 0.0191936492919922 0.512908935546875 -0.4288330078125
-0.0334281921386719 -0.00701713562011719 0.76025390625 0.26470947265625
-0.01983642578125 -0.0508956909179688 0.32659912109375 0.8746337890625
0.0219326019287109 0.00146675109863281 -0.16064453125 0.6114501953125
0.0299301147460938 0.0173358917236328 0.0450553894042969 0.0328483581542969
0.0176200866699219 -0.00772285461425781 0.17755126953125 -0.6180419921875
0.00521278381347656 -0.03253173828125 -0.43609619140625 -0.8009033203125
-0.015106201171875 -0.0128440856933594 -0.8218994140625 -0.0655517578125001
-0.0124797821044922 0.00371837615966797 -0.39678955078125 0.509490966796875
0.000323176383972168 -0.00145411491394043 0.069183349609375 0.460723876953125
-0.00079822540283203 0.0136032104492188 0.31756591796875 0.11871337890625
0.00941753387451172 0.014556884765625 0.306182861328125 -0.156951904296875
0.00164508819580078 -0.00677204132080078 -0.273223876953125 0.154830932617188
0.00731468200683594 -0.00241613388061523 -0.232162475585937 -0.152877807617187
0.00268745422363281 -0.00437855720520019 0.042724609375 -0.47515869140625
-0.00871086120605469 0.0180454254150391 0.51812744140625 -0.422149658203125
-0.0305728912353516 -0.0051727294921875 0.7620849609375 0.2735595703125
-0.0193023681640625 -0.05548095703125 0.32110595703125 0.87811279296875
0.0251140594482422 -0.0100879669189453 -0.16455078125 0.61187744140625
0.0381927490234375 0.00568389892578125 0.0428466796875 0.0328445434570313
0.0195446014404297 -0.0181980133056641 0.17169189453125 -0.61798095703125
0.00484848022460938 -0.035919189453125 -0.442138671875 -0.794677734375
-0.0120840072631836 -0.0122165679931641 -0.82110595703125 -0.0563354492187498
-0.00981998443603516 0.00184154510498047 -0.392303466796875 0.516845703125
0.000802516937255859 -0.00653076171875 0.073028564453125 0.46319580078125
-0.00227069854736328 0.00891876220703125 0.318603515625 0.120819091796875
0.00817966461181641 0.0112752914428711 0.3067626953125 -0.1533203125
-0.000339508056640624 -0.0120840072631836 -0.273361206054688 0.155136108398437
0.006683349609375 -0.00750446319580078 -0.235336303710938 -0.150115966796875
0.00354957580566406 -0.0113391876220703 0.03668212890625 -0.4725341796875
-0.00454902648925781 0.0169219970703125 0.512908935546875 -0.426025390625
-0.0259647369384766 -0.00238609313964844 0.76397705078125 0.2645263671875
-0.019744873046875 -0.0581855773925781 0.3316650390625 0.8739013671875
0.0272197723388672 -0.0196380615234375 -0.16131591796875 0.614013671875
0.0447883605957031 -0.00604629516601563 0.0374870300292969 0.0379562377929688
0.0204601287841797 -0.0269508361816406 0.17529296875 -0.61199951171875
0.00569534301757812 -0.0390167236328125 -0.43115234375 -0.8011474609375
-0.00621604919433594 -0.0110492706298828 -0.82220458984375 -0.0672607421874998
-0.00803804397583008 -0.000480175018310546 -0.401580810546875 0.51434326171875
0.000848770141601563 -0.0134029388427734 0.06585693359375 0.469573974609375
-0.00470304489135742 0.00402927398681641 0.317291259765625 0.124664306640625
0.00620174407958984 0.00620460510253906 0.30853271484375 -0.1522216796875
-0.00193977355957031 -0.0176124572753906 -0.27349853515625 0.1552734375
0.00470542907714844 -0.0131320953369141 -0.24127197265625 -0.145523071289063
0.00459098815917969 -0.0194377899169922 0.0233154296875 -0.470703125
0.00117683410644531 0.0157594680786133 0.49755859375 -0.43853759765625
-0.0194168090820313 0.00222969055175782 0.7708740234375 0.23858642578125
-0.0189781188964844 -0.0584297180175781 0.35687255859375 0.86322021484375
0.0276336669921875 -0.0268478393554687 -0.1488037109375 0.62255859375
0.0484237670898438 -0.0146636962890625 0.0313262939453125 0.0479621887207031
0.02117919921875 -0.0325679779052734 0.18609619140625 -0.60369873046875
0.00881576538085938 -0.0385055541992188 -0.411865234375 -0.81561279296875
0.000782966613769532 -0.00952339172363281 -0.82440185546875 -0.0950317382812501
-0.00440740585327148 -0.00346851348876953 -0.41754150390625 0.504608154296875
0.000701904296874999 -0.0208320617675781 0.04998779296875 0.472747802734375
-0.00787210464477539 -0.00207901000976562 0.3109130859375 0.13232421875
0.00426483154296875 0.00116682052612305 0.308624267578125 -0.147064208984375
-0.000742912292480468 -0.00827360153198242 -0.274932861328125 0.165969848632812
0.00577259063720703 -0.00415468215942383 -0.273406982421875 -0.127487182617188
0.00380373001098633 -0.00315046310424805 -0.03619384765625 -0.4715576171875
0.000102996826171875 0.0216026306152344 0.4268798828125 -0.515289306640625
-0.0189723968505859 0.003662109375 0.774169921875 0.11663818359375
-0.0161228179931641 -0.0336093902587891 0.4510498046875 0.8013916015625
0.0132617950439453 0.0209236145019531 -0.0863037109374999 0.647705078125
0.0101356506347656 0.0363731384277344 0.0325927734375 0.0739593505859375
0.0128469467163086 0.0164461135864258 0.24542236328125 -0.59002685546875
0.0180015563964844 -0.0151653289794922 -0.3218994140625 -0.8922119140625
-0.00107002258300781 -0.00992488861083984 -0.83831787109375 -0.21881103515625
-0.00722026824951172 0.000140666961669922 -0.49468994140625 0.44293212890625
-0.00171160697937012 -0.00111043453216553 -0.00854492187500004 0.468414306640625
-0.00490283966064453 0.00984001159667969 0.28668212890625 0.140869140625
0.00528430938720703 0.00996494293212891 0.30291748046875 -0.15301513671875
-7.67707824707027E-05 -0.00445890426635742 -0.273239135742188 0.166854858398438
0.00881004333496094 0.000237464904785156 -0.26336669921875 -0.134689331054687
0.00323319435119629 0.00307011604309082 -0.015045166015625 -0.472991943359375
-0.00422859191894531 0.0222568511962891 0.45098876953125 -0.492431640625
-0.0262584686279297 -0.00115966796875 0.7713623046875 0.15728759765625
-0.018463134765625 -0.03619384765625 0.4097900390625 0.825439453125
0.01409912109375 0.0219974517822266 -0.1116943359375 0.6380615234375
0.0110626220703125 0.0386009216308594 0.0378952026367187 0.0612869262695312
0.0136795043945313 0.0163068771362305 0.23077392578125 -0.60125732421875
0.0145168304443359 -0.0190753936767578 -0.35357666015625 -0.86932373046875
-0.00799560546875 -0.012537956237793 -0.83477783203125 -0.1749267578125
-0.0103530883789062 0.00230026245117188 -0.46728515625 0.462554931640625
-0.00160908699035645 0.0033562183380127 0.014801025390625 0.464111328125
-0.00190162658691406 0.0134477615356445 0.29742431640625 0.131683349609375
0.00530338287353516 0.0135889053344727 0.30340576171875 -0.160369873046875
0.00254464149475098 -0.00169253349304199 -0.273880004882813 0.162612915039062
0.00820732116699219 0.00315284729003906 -0.252960205078125 -0.142196655273437
0.00340509414672852 0.00595617294311523 0.00537109374999995 -0.47674560546875
-0.00915908813476562 0.0222663879394531 0.477569580078125 -0.47247314453125
-0.0318088531494141 -0.00394439697265625 0.7711181640625 0.198974609375
-0.019378662109375 -0.0401954650878906 0.3817138671875 0.8477783203125
0.0158100128173828 0.0186614990234375 -0.1292724609375 0.627685546875
0.0158882141113281 0.0345287322998047 0.0423622131347656 0.0487327575683594
0.0144758224487305 0.0109834671020508 0.2073974609375 -0.61175537109375
0.0103302001953125 -0.0239772796630859 -0.3936767578125 -0.84521484375
-0.0133247375488281 -0.0137767791748047 -0.8350830078125 -0.125732421875
-0.0132198333740234 0.00370502471923828 -0.440887451171875 0.485504150390625
-0.000900268554687501 0.00476884841918945 0.037109375 0.462554931640625
-0.00179386138916016 0.0166053771972656 0.305877685546875 0.126678466796875
0.00887489318847656 0.0160493850708008 0.304840087890625 -0.158477783203125
0.00186073780059814 -0.000564217567443848 -0.273345947265625 0.162307739257813
0.00862550735473633 0.00443410873413086 -0.243667602539062 -0.148757934570313
0.00198554992675781 0.00591564178466797 0.0242919921875 -0.478790283203125
-0.01141357421875 0.0209274291992188 0.499969482421875 -0.449310302734375
-0.0333843231201172 -0.00665855407714843 0.76824951171875 0.23876953125
-0.0208168029785156 -0.0453643798828125 0.34808349609375 0.866455078125
0.0185680389404297 0.0119285583496094 -0.15008544921875 0.62103271484375
0.0227146148681641 0.028106689453125 0.0449485778808594 0.0390739440917969
0.0165414810180664 0.00291538238525391 0.19091796875 -0.618896484375
0.0075531005859375 -0.0290203094482422 -0.42010498046875 -0.82269287109375
-0.0156736373901367 -0.0140047073364258 -0.8310546875 -0.09014892578125
-0.0129718780517578 0.00353431701660156 -0.415313720703125 0.501190185546875
-0.000654935836791992 0.00366878509521484 0.05865478515625 0.462432861328125
0.000227928161621095 0.0157232284545898 0.314788818359375 0.119964599609375
0.00887012481689453 0.0161037445068359 0.30657958984375 -0.16259765625
0.00300264358520508 -0.00195407867431641 -0.273178100585938 0.157806396484375
0.00862026214599609 0.00246238708496094 -0.236892700195313 -0.15240478515625
0.00157499313354492 0.00239300727844238 0.0372314453125 -0.481048583984375
-0.0114917755126953 0.0194149017333984 0.514556884765625 -0.432159423828125
-0.0338382720947266 -0.00694847106933594 0.76690673828125 0.26312255859375
-0.0209579467773438 -0.0509376525878906 0.332763671875 0.878662109375
0.0222434997558594 0.00138282775878906 -0.15985107421875 0.61468505859375
0.0306282043457031 0.0172481536865234 0.0454902648925781 0.0327796936035156
0.0175666809082031 -0.00761699676513672 0.17486572265625 -0.624267578125
0.00528526306152344 -0.0333099365234375 -0.4432373046875 -0.80517578125
-0.0149898529052734 -0.0135288238525391 -0.83013916015625 -0.0611572265625
-0.0121612548828125 0.00337982177734375 -0.397918701171875 0.516571044921875
0.000253230333328247 -0.000363022089004517 0.070404052734375 0.464385986328125
-0.000577926635742187 0.0132932662963867 0.320068359375 0.117401123046875
0.00939846038818359 0.0145864486694336 0.308074951171875 -0.1595458984375
0.00200510025024414 -0.005828857421875 -0.272476196289062 0.157119750976563
0.00734758377075195 -0.00112676620483398 -0.234909057617187 -0.152603149414063
0.00211882591247559 -0.00371909141540527 0.040618896484375 -0.478729248046875
-0.00899887084960937 0.0178070068359375 0.519378662109375 -0.428436279296875
-0.0313949584960938 -0.00552177429199219 0.769287109375 0.271484375
-0.0206527709960938 -0.055999755859375 0.328369140625 0.88348388671875
0.0259208679199219 -0.00982284545898437 -0.16241455078125 0.6143798828125
0.0382843017578125 0.00555419921875 0.0427970886230469 0.0323104858398438
0.0188655853271484 -0.0183773040771484 0.16949462890625 -0.6224365234375
0.0042724609375 -0.0372543334960938 -0.44921875 -0.7989501953125
-0.0118560791015625 -0.0121755599975586 -0.8282470703125 -0.0535278320312501
-0.010716438293457 0.00174427032470703 -0.392913818359375 0.522613525390625
0.000528812408447266 -0.00605535507202148 0.074737548828125 0.46661376953125
-0.00242137908935547 0.00968551635742188 0.3216552734375 0.119476318359375
0.00848674774169922 0.0112075805664063 0.308197021484375 -0.157257080078125
-0.000225067138671875 -0.0116815567016602 -0.273513793945312 0.158157348632813
0.00622653961181641 -0.0063481330871582 -0.237503051757813 -0.150054931640625
0.00252056121826172 -0.0115995407104492 0.034698486328125 -0.476104736328125
-0.00455474853515625 0.0164937973022461 0.51373291015625 -0.431121826171875
-0.0259647369384766 -0.00268363952636719 0.77142333984375 0.26129150390625
-0.0206260681152344 -0.058563232421875 0.337646484375 0.876708984375
0.0280895233154297 -0.0200443267822266 -0.16046142578125 0.6190185546875
0.0452613830566406 -0.00594329833984375 0.0378570556640625 0.0381393432617188
0.0202789306640625 -0.0271015167236328 0.17413330078125 -0.61669921875
0.00584030151367188 -0.0386161804199219 -0.43768310546875 -0.80572509765625
-0.00640296936035156 -0.0116472244262695 -0.8291015625 -0.0640869140625001
-0.00783824920654297 -0.000799179077148436 -0.401519775390625 0.520599365234375
0.000165939331054687 -0.0133256912231445 0.06903076171875 0.471588134765625
-0.00477123260498047 0.0043950080871582 0.320159912109375 0.123260498046875
0.00670909881591797 0.00640058517456055 0.309967041015625 -0.154693603515625
-0.00180244445800781 -0.0173721313476563 -0.272720336914063 0.158035278320313
0.00464439392089844 -0.0121603012084961 -0.243667602539063 -0.145614624023438
0.00304794311523438 -0.0189342498779297 0.02178955078125 -0.4747314453125
0.00192737579345703 0.0162220001220703 0.499725341796875 -0.443695068359375
-0.0192661285400391 0.00248908996582031 0.77886962890625 0.238037109375
-0.0200080871582031 -0.0585289001464844 0.3641357421875 0.86590576171875
0.0276546478271484 -0.0276813507080078 -0.14727783203125 0.627685546875
0.0491180419921875 -0.0147323608398438 0.0320816040039063 0.0475807189941406
0.0213508605957031 -0.0332565307617188 0.1842041015625 -0.6082763671875
0.00830841064453125 -0.0392303466796875 -0.4180908203125 -0.821044921875
0.00114727020263672 -0.0110235214233398 -0.8331298828125 -0.0916748046874999
-0.00449848175048828 -0.00422906875610352 -0.42095947265625 0.511505126953125
0.000175476074218752 -0.0203571319580078 0.052093505859375 0.476165771484375
-0.00749444961547851 -0.00225496292114258 0.313934326171875 0.131195068359375
0.00475025177001953 0.00123977661132813 0.309539794921875 -0.151031494140625
-0.000379562377929687 -0.00835514068603516 -0.27484130859375 0.169631958007813
0.00566530227661133 -0.00351142883300781 -0.276168823242187 -0.126907348632813
0.00333189964294434 -0.00204801559448242 -0.03961181640625 -0.475616455078125
0.000629425048828124 0.02069091796875 0.426605224609375 -0.52276611328125
-0.0196533203125 0.00320816040039063 0.7802734375 0.1134033203125
-0.0174293518066406 -0.0337066650390625 0.460205078125 0.80419921875
0.0137252807617188 0.0209217071533203 -0.0823364257812499 0.6531982421875
0.0104713439941406 0.0369758605957031 0.0335769653320313 0.0739517211914063
0.0130472183227539 0.0171194076538086 0.24432373046875 -0.5948486328125
0.0184135437011719 -0.0156517028808594 -0.3309326171875 -0.89703369140625
-0.000379562377929688 -0.010960578918457 -0.84869384765625 -0.2158203125
-0.00749015808105469 -0.000832557678222657 -0.498779296875 0.45098876953125
-0.00152456760406494 -0.000375628471374512 -0.00595092773437497 0.470916748046875
-0.00449943542480469 0.0106897354125977 0.288238525390625 0.1395263671875
0.00549983978271484 0.0103654861450195 0.3045654296875 -0.15673828125
0.000542163848876953 -0.0040438175201416 -0.272689819335938 0.1702880859375
0.00830507278442383 0.000344753265380859 -0.265838623046875 -0.133956909179688
0.00266218185424805 0.00442361831665039 -0.017364501953125 -0.4776611328125
-0.00359344482421875 0.0218849182128906 0.451812744140625 -0.49920654296875
-0.0265693664550781 -0.000780105590820309 0.77630615234375 0.154052734375
-0.0191612243652344 -0.0358390808105469 0.419677734375 0.82904052734375
0.0147628784179688 0.0223674774169922 -0.1068115234375 0.64312744140625
0.0128440856933594 0.0387344360351563 0.0384597778320312 0.0616912841796875
0.0138511657714844 0.0161676406860352 0.228271484375 -0.606201171875
0.0141010284423828 -0.0194816589355469 -0.36114501953125 -0.87335205078125
-0.00833415985107422 -0.0133914947509766 -0.84283447265625 -0.170166015625
-0.0106582641601563 0.00213241577148438 -0.469451904296875 0.46978759765625
-0.00173640251159668 0.00395798683166504 0.01849365234375 0.46759033203125
-0.00184917449951172 0.0142097473144531 0.29937744140625 0.130279541015625
0.00625419616699219 0.0141887664794922 0.303924560546875 -0.1639404296875
0.00299406051635742 -0.00127291679382324 -0.274429321289063 0.165771484375
0.00832414627075195 0.0041956901550293 -0.255050659179687 -0.142852783203125
0.00278759002685547 0.00606966018676758 0.00228881835937498 -0.48333740234375
-0.00925445556640625 0.0213394165039063 0.477142333984375 -0.4781494140625
-0.0317401885986328 -0.00353431701660157 0.77825927734375 0.19561767578125
-0.0201225280761719 -0.0402641296386719 0.38983154296875 0.85089111328125
0.0167312622070313 0.0188484191894531 -0.126953125 0.63330078125
0.0166702270507812 0.0353202819824219 0.0426559448242188 0.0484352111816406
0.0153656005859375 0.0105876922607422 0.2047119140625 -0.61737060546875
0.0111198425292969 -0.0244674682617188 -0.40325927734375 -0.84893798828125
-0.0129861831665039 -0.0143346786499023 -0.843505859375 -0.1231689453125
-0.0129756927490234 0.00265979766845703 -0.441802978515625 0.491302490234375
-0.00135469436645508 0.0056605339050293 0.040252685546875 0.466400146484375
-0.000965118408203126 0.0169582366943359 0.30902099609375 0.124755859375
0.00943183898925781 0.0158538818359375 0.30560302734375 -0.16265869140625
0.00272917747497559 0.000345706939697266 -0.273468017578125 0.164505004882813
0.00867700576782226 0.00489950180053711 -0.246414184570313 -0.148773193359375
0.00185108184814453 0.00667619705200195 0.021484375 -0.483367919921875
-0.0110797882080078 0.0201148986816406 0.50054931640625 -0.4549560546875
-0.0343208312988281 -0.00661849975585938 0.77423095703125 0.23590087890625
-0.02215576171875 -0.0453109741210938 0.35595703125 0.87005615234375
0.0196666717529297 0.0118942260742188 -0.14630126953125 0.62445068359375
0.0231380462646484 0.0281410217285156 0.0454864501953125 0.0389747619628906
0.0169210433959961 0.0025177001953125 0.18798828125 -0.62567138671875
0.00722122192382813 -0.0294208526611328 -0.42816162109375 -0.82708740234375
-0.0152587890625 -0.014796257019043 -0.8385009765625 -0.08416748046875
-0.0120964050292969 0.00344467163085938 -0.416900634765625 0.5087890625
-0.00104784965515137 0.00399303436279297 0.0609130859375 0.46588134765625
0.000370979309082032 0.0162858963012695 0.317779541015625 0.117462158203125
0.00958633422851562 0.0160112380981445 0.306793212890625 -0.1663818359375
0.0036928653717041 -0.00118327140808105 -0.272964477539063 0.161575317382813
0.00804758071899414 0.00347566604614258 -0.239532470703125 -0.15234375
0.00129890441894531 0.00305747985839844 0.033416748046875 -0.486175537109375
-0.0108737945556641 0.0186023712158203 0.515167236328125 -0.440032958984375
-0.0340919494628906 -0.00678253173828125 0.7730712890625 0.25970458984375
-0.0221824645996094 -0.0508995056152344 0.339599609375 0.8826904296875
0.0228195190429687 0.00124549865722656 -0.1573486328125 0.61968994140625
0.0308380126953125 0.0171051025390625 0.0457534790039063 0.0323143005371094
0.0183906555175781 -0.00762176513671875 0.173095703125 -0.62994384765625
0.00547027587890625 -0.0342636108398438 -0.45147705078125 -0.80810546875
-0.0149078369140625 -0.0140008926391602 -0.83843994140625 -0.0557250976562502
-0.0125236511230469 0.00331783294677735 -0.398712158203125 0.523895263671875
-0.000207990407943726 -8.48770141601562E-05 0.073944091796875 0.46783447265625
-0.000535011291503907 0.0143032073974609 0.323028564453125 0.11676025390625
0.010350227355957 0.0147714614868164 0.3084716796875 -0.163299560546875
0.00291109085083008 -0.00497055053710938 -0.272537231445313 0.160842895507812
0.00719785690307617 -0.000775337219238281 -0.236419677734375 -0.1534423828125
0.00193095207214355 -0.00267696380615234 0.03851318359375 -0.4832763671875
-0.00918769836425781 0.0177936553955078 0.5203857421875 -0.43310546875
-0.0319347381591797 -0.00555801391601562 0.777587890625 0.27032470703125
-0.0219078063964844 -0.05596923828125 0.3365478515625 0.8870849609375
0.0257148742675781 -0.00987815856933594 -0.16021728515625 0.61981201171875
0.0392189025878906 0.00492477416992188 0.0431709289550781 0.0323600769042969
0.0196590423583984 -0.0183200836181641 0.16790771484375 -0.62835693359375
0.00450515747070313 -0.0366668701171875 -0.4571533203125 -0.803955078125
-0.0123147964477539 -0.012847900390625 -0.836181640625 -0.0467529296875
-0.0109844207763672 0.0013580322265625 -0.394989013671875 0.529052734375
0.000332355499267578 -0.00568246841430664 0.077301025390625 0.4696044921875
-0.00251579284667969 0.0101661682128906 0.324951171875 0.11798095703125
0.00984954833984375 0.0110197067260742 0.30938720703125 -0.160614013671875
0.000349044799804689 -0.0107994079589844 -0.272750854492188 0.160781860351563
0.00577831268310547 -0.00554990768432617 -0.240036010742188 -0.150863647460938
0.00148963928222656 -0.0108108520507813 0.032135009765625 -0.481781005859375
-0.00407218933105469 0.0168991088867188 0.513702392578125 -0.437652587890625
-0.0264053344726563 -0.00220108032226563 0.77789306640625 0.2581787109375
-0.0224380493164063 -0.0588798522949219 0.34844970703125 0.88385009765625
0.0280132293701172 -0.0204486846923828 -0.155517578125 0.623291015625
0.0456695556640625 -0.0066986083984375 0.0381851196289063 0.0382308959960938
0.0208148956298828 -0.0273952484130859 0.17279052734375 -0.62261962890625
0.00540542602539063 -0.0392341613769531 -0.44635009765625 -0.81024169921875
-0.00624847412109375 -0.0123567581176758 -0.83636474609375 -0.0597534179687499
-0.00786638259887695 -0.0011143684387207 -0.402374267578125 0.528045654296875
-0.000462532043457033 -0.0133457183837891 0.0718078613281251 0.4744873046875
-0.00438976287841797 0.00487327575683594 0.322845458984375 0.122039794921875
0.00687074661254883 0.0060572624206543 0.311065673828125 -0.158966064453125
-0.00111007690429687 -0.0169849395751953 -0.273193359375 0.16064453125
0.00426864624023437 -0.0114297866821289 -0.246231079101563 -0.145416259765625
0.0025177001953125 -0.0185699462890625 0.017059326171875 -0.478973388671875
0.00138378143310547 0.0157318115234375 0.500396728515625 -0.449737548828125
-0.0198097229003906 0.00194549560546875 0.78466796875 0.23382568359375
-0.0213394165039062 -0.0590438842773437 0.3726806640625 0.87042236328125
0.0282917022705078 -0.0279960632324219 -0.144287109375 0.63177490234375
0.0489768981933594 -0.0150566101074219 0.0320930480957031 0.0478439331054688
0.0209331512451172 -0.0330905914306641 0.18231201171875 -0.61431884765625
0.00883102416992188 -0.0393180847167969 -0.42718505859375 -0.8243408203125
0.000883102416992187 -0.0115728378295898 -0.8414306640625 -0.0863647460937502
-0.0052180290222168 -0.00439834594726563 -0.422698974609375 0.51910400390625
0.000324249267578123 -0.0204181671142578 0.054962158203125 0.47991943359375
-0.00710582733154297 -0.0019221305847168 0.316650390625 0.129638671875
0.0053715705871582 0.00143289566040039 0.31060791015625 -0.15435791015625
0.000598907470703125 -0.00760602951049805 -0.273468017578125 0.172882080078125
0.0049901008605957 -0.00278759002685547 -0.278167724609375 -0.125839233398438
0.00260424613952637 -0.00148415565490723 -0.044281005859375 -0.479339599609375
0.000547409057617187 0.0209293365478516 0.424652099609375 -0.529083251953125
-0.0199604034423828 0.00367546081542969 0.78619384765625 0.1068115234375
-0.01904296875 -0.0338821411132813 0.473388671875 0.80413818359375
0.0137481689453125 0.0211620330810547 -0.07672119140625 0.65655517578125
0.0106658935546875 0.0375099182128906 0.0347442626953125 0.0745315551757813
0.0132436752319336 0.0169401168823242 0.2408447265625 -0.59979248046875
0.0184650421142578 -0.0160102844238281 -0.3388671875 -0.90008544921875
-0.000321388244628907 -0.0108985900878906 -0.85675048828125 -0.20989990234375
-0.00759220123291016 0.00029134750366211 -0.499298095703125 0.46026611328125
-0.00152730941772461 5.62667846679684E-05 -0.00189208984374995 0.476348876953125
-0.0045013427734375 0.0109672546386719 0.292510986328125 0.138153076171875
0.0063943862915039 0.0102348327636719 0.30419921875 -0.1605224609375
0.000934123992919922 -0.00290131568908691 -0.272048950195313 0.174758911132813
0.00806570053100586 0.00202465057373047 -0.268386840820313 -0.1331787109375
0.00161838531494141 0.00418186187744141 -0.021697998046875 -0.480316162109375
-0.003448486328125 0.0224266052246094 0.450836181640625 -0.50665283203125
-0.0272655487060547 -0.000907897949218756 0.7835693359375 0.15093994140625
-0.0204925537109375 -0.0362281799316406 0.42913818359375 0.8294677734375
0.0147247314453125 0.0224380493164063 -0.10211181640625 0.646484375
0.0131034851074219 0.0388641357421875 0.0393714904785156 0.0609703063964844
0.0143270492553711 0.0167655944824219 0.2257080078125 -0.6131591796875
0.0144443511962891 -0.0198402404785156 -0.3717041015625 -0.876220703125
-0.00758647918701172 -0.0139074325561523 -0.85186767578125 -0.1636962890625
-0.0099334716796875 0.00193214416503906 -0.470611572265625 0.478271484375
-0.00216174125671387 0.00416254997253418 0.021728515625 0.4710693359375
-0.00196361541748047 0.0147285461425781 0.302581787109375 0.128753662109375
0.00657176971435547 0.0142087936401367 0.304443359375 -0.167572021484375
0.00404572486877441 6.15119934082031E-05 -0.27337646484375 0.169754028320313
0.00793790817260742 0.00491189956665039 -0.25775146484375 -0.141952514648437
0.00136184692382812 0.00683259963989258 -0.00204467773437495 -0.487213134765625
-0.00860023498535156 0.0216789245605469 0.476654052734375 -0.486297607421875
-0.0324630737304688 -0.00391197204589843 0.784423828125 0.1904296875
-0.0215873718261719 -0.0401420593261719 0.40087890625 0.85382080078125
0.0167140960693359 0.0189933776855469 -0.12078857421875 0.63763427734375
0.0173072814941406 0.0352630615234375 0.0435256958007813 0.0484848022460938
0.0158958435058594 0.0109567642211914 0.20062255859375 -0.6246337890625
0.0111370086669922 -0.0249271392822266 -0.4112548828125 -0.85247802734375
-0.0124979019165039 -0.0148334503173828 -0.852294921875 -0.11767578125
-0.0131568908691406 0.00271224975585938 -0.44305419921875 0.501678466796875
-0.00114583969116211 0.00594425201416016 0.04449462890625 0.47003173828125
-0.000415802001953125 0.0179004669189453 0.312225341796875 0.123199462890625
0.00996685028076172 0.016352653503418 0.30645751953125 -0.1668701171875
0.00348353385925293 0.000584840774536133 -0.272262573242188 0.168869018554687
0.00865745544433594 0.00634336471557617 -0.249282836914063 -0.147903442382813
0.000709533691406249 0.00716447830200195 0.018035888671875 -0.489105224609375
-0.0101966857910156 0.0206165313720703 0.499267578125 -0.462615966796875
-0.0352287292480469 -0.0062103271484375 0.78082275390625 0.23028564453125
-0.0230064392089844 -0.0455665588378906 0.36700439453125 0.87506103515625
0.0200004577636719 0.0125217437744141 -0.14056396484375 0.63067626953125
0.0238780975341797 0.02813720703125 0.0462570190429688 0.0385360717773438
0.0168600082397461 0.00289249420166016 0.18621826171875 -0.6322021484375
0.00800704956054688 -0.0296764373779297 -0.437744140625 -0.8309326171875
-0.0160045623779297 -0.0149202346801758 -0.84832763671875 -0.0766601562499999
-0.0137929916381836 0.0038299560546875 -0.417022705078125 0.5174560546875
-0.000857591629028321 0.00425148010253906 0.06488037109375 0.4693603515625
0.000654220581054688 0.0165891647338867 0.3203125 0.116302490234375
0.0101480484008789 0.0161914825439453 0.307525634765625 -0.17071533203125
0.00401520729064941 -0.000622034072875976 -0.272262573242188 0.165374755859375
0.00782585144042969 0.00454092025756836 -0.241500854492187 -0.151962280273437
0.000718116760253906 0.00340890884399414 0.03021240234375 -0.490203857421875
-0.0106964111328125 0.0190391540527344 0.5157470703125 -0.44805908203125
-0.0351715087890625 -0.006866455078125 0.7822265625 0.25531005859375
-0.0232772827148437 -0.051544189453125 0.35284423828125 0.8880615234375
0.0231094360351563 0.000585556030273438 -0.1513671875 0.6246337890625
0.0320930480957031 0.0164279937744141 0.0461349487304688 0.0324897766113281
0.0179595947265625 -0.00736045837402344 0.16839599609375 -0.63580322265625
0.00476455688476562 -0.0343093872070312 -0.46124267578125 -0.810791015625
-0.0146551132202148 -0.0146369934082031 -0.84527587890625 -0.0493164062500001
-0.0131006240844727 0.00309467315673828 -0.398773193359375 0.5321044921875
-0.000887751579284668 -6.02006912231446E-05 0.07879638671875 0.4696044921875
-0.000223159790039062 0.0146751403808594 0.326751708984375 0.11376953125
0.0109834671020508 0.0147542953491211 0.30859375 -0.167236328125
0.00379514694213867 -0.00447845458984375 -0.27178955078125 0.163650512695313
0.00682401657104492 0.000949382781982422 -0.239105224609375 -0.152435302734375
0.00104165077209473 -0.00230026245117188 0.032684326171875 -0.488861083984375
-0.00822257995605469 0.0176715850830078 0.520538330078125 -0.440673828125
-0.0317306518554688 -0.00598716735839844 0.78472900390625 0.26556396484375
-0.0238151550292969 -0.0560646057128906 0.34710693359375 0.89215087890625
0.0264015197753906 -0.0105228424072266 -0.155029296875 0.62548828125
0.0392990112304688 0.00442886352539063 0.0432968139648438 0.0324516296386719
0.0191631317138672 -0.0185718536376953 0.1636962890625 -0.63336181640625
0.00413131713867188 -0.0377388000488281 -0.46856689453125 -0.80560302734375
-0.0121526718139648 -0.014216423034668 -0.8441162109375 -0.04193115234375
-0.0111284255981445 0.00145149230957031 -0.395538330078125 0.537017822265625
-0.000751972198486328 -0.005218505859375 0.0811767578125 0.47216796875
-0.00191783905029297 0.010711669921875 0.327911376953125 0.1151123046875
0.0100164413452148 0.0114412307739258 0.30999755859375 -0.1646728515625
0.00118446350097656 -0.0104341506958008 -0.2720947265625 0.164321899414063
0.00619029998779297 -0.00455427169799805 -0.242340087890625 -0.1502685546875
0.00143051147460938 -0.0100460052490234 0.027008056640625 -0.487091064453125
-0.00399017333984375 0.017064094543457 0.514312744140625 -0.44586181640625
-0.0267868041992188 -0.00221443176269531 0.78521728515625 0.25396728515625
-0.0229148864746094 -0.0590362548828125 0.3580322265625 0.8861083984375
0.0279579162597656 -0.0212078094482422 -0.15118408203125 0.62738037109375
0.0457763671875 -0.006866455078125 0.0388069152832031 0.0377273559570313
0.0211753845214844 -0.0274295806884766 0.16705322265625 -0.628173828125
0.00518417358398437 -0.0406150817871094 -0.45550537109375 -0.81146240234375
-0.00633525848388672 -0.0126943588256836 -0.84423828125 -0.05224609375
-0.00868749618530273 -0.0014195442199707 -0.4022216796875 0.53619384765625
-0.0007476806640625 -0.0121574401855469 0.075225830078125 0.47833251953125
-0.00366783142089844 0.00474691390991211 0.325836181640625 0.120361328125
0.00798892974853516 0.00624752044677734 0.3116455078125 -0.1629638671875
-0.000207901000976563 -0.0162124633789063 -0.272323608398438 0.16448974609375
0.00449085235595703 -0.010502815246582 -0.248016357421875 -0.144638061523438
0.00204086303710937 -0.0181903839111328 0.015350341796875 -0.484954833984375
0.00207996368408203 0.0158052444458008 0.4989013671875 -0.456512451171875
-0.019927978515625 0.00193405151367188 0.7919921875 0.2313232421875
-0.0225601196289063 -0.0586471557617187 0.3837890625 0.872802734375
0.0285472869873047 -0.0284709930419922 -0.13916015625 0.63653564453125
0.04931640625 -0.0156097412109375 0.0327377319335937 0.0474739074707031
0.022186279296875 -0.0340328216552734 0.17950439453125 -0.61920166015625
0.00827407836914063 -0.0399551391601562 -0.435791015625 -0.8271484375
0.000539779663085937 -0.0117664337158203 -0.84893798828125 -0.0811157226562498
-0.00487232208251953 -0.00415515899658203 -0.421630859375 0.5272216796875
-0.000160217285156249 -0.0200958251953125 0.059478759765625 0.483184814453125
-0.00689888000488281 -0.00145339965820312 0.320281982421875 0.1275634765625
0.00570011138916016 0.000677585601806641 0.31146240234375 -0.15863037109375
0.000829696655273438 -0.00714111328125 -0.272140502929687 0.176681518554688
0.00486660003662109 -0.00199604034423828 -0.28167724609375 -0.1241455078125
0.00183987617492676 -0.00132596492767334 -0.048858642578125 -0.482940673828125
0.00113296508789063 0.0206737518310547 0.42071533203125 -0.53680419921875
-0.0196609497070313 0.00323867797851562 0.793212890625 0.100341796875
-0.0201740264892578 -0.0334396362304688 0.4830322265625 0.80535888671875
0.0143871307373047 0.0212173461914063 -0.07177734375 0.6607666015625
0.0115928649902344 0.0367927551269531 0.0347824096679688 0.07501220703125
0.0137796401977539 0.0171909332275391 0.23565673828125 -0.60528564453125
0.0192527770996094 -0.0165767669677734 -0.3524169921875 -0.9033203125
-0.000152587890625 -0.0114049911499023 -0.8641357421875 -0.20330810546875
-0.00753402709960937 -0.00039196014404297 -0.498779296875 0.468353271484375
-0.00229430198669434 0.000306844711303711 0.00152587890624997 0.47833251953125
-0.00442600250244141 0.0113410949707031 0.295379638671875 0.13531494140625
0.00702285766601562 0.00977897644042969 0.30462646484375 -0.165435791015625
0.00138497352600098 -0.00261521339416504 -0.270706176757813 0.177764892578125
0.00806570053100586 0.00273323059082031 -0.2716064453125 -0.131179809570312
0.00145339965820312 0.00515270233154297 -0.027801513671875 -0.485321044921875
-0.00344276428222656 0.0222911834716797 0.44769287109375 -0.512420654296875
-0.0272617340087891 -0.000307083129882815 0.78875732421875 0.14373779296875
-0.0217018127441406 -0.0357170104980469 0.44134521484375 0.83135986328125
0.0152301788330078 0.0225028991699219 -0.0972900390625 0.6522216796875
0.0141868591308594 0.0388145446777344 0.0401077270507813 0.0612754821777344
0.0150146484375 0.0172824859619141 0.22076416015625 -0.6195068359375
0.0144596099853516 -0.0203475952148438 -0.38153076171875 -0.87969970703125
-0.0078125 -0.0146303176879883 -0.8590087890625 -0.15509033203125
-0.0109014511108398 0.00165939331054687 -0.469970703125 0.48681640625
-0.00268363952636719 0.00471019744873047 0.025360107421875 0.47467041015625
-0.00113296508789063 0.0147638320922852 0.305419921875 0.125946044921875
0.00770187377929688 0.0137500762939453 0.30474853515625 -0.17303466796875
0.00458669662475586 0.000397682189941406 -0.27130126953125 0.17364501953125
0.00840139389038086 0.00640773773193359 -0.260574340820313 -0.140029907226562
0.00116539001464844 0.00790262222290039 -0.00793457031249995 -0.492034912109375
-0.00798797607421875 0.0219383239746094 0.475250244140625 -0.49310302734375
-0.032745361328125 -0.00291252136230469 0.79156494140625 0.1854248046875
-0.0232810974121094 -0.0402641296386719 0.41253662109375 0.8564453125
0.0169296264648438 0.0182914733886719 -0.11517333984375 0.64337158203125
0.0184822082519531 0.0353546142578125 0.0433731079101563 0.0482902526855469
0.0158624649047852 0.0114727020263672 0.1966552734375 -0.6282958984375
0.0110092163085938 -0.025238037109375 -0.42340087890625 -0.8544921875
-0.0125675201416016 -0.0150337219238281 -0.8602294921875 -0.1082763671875
-0.0136547088623047 0.00321197509765625 -0.440643310546875 0.510101318359375
-0.00164890289306641 0.00617313385009766 0.048492431640625 0.472320556640625
-0.000463485717773439 0.0177726745605469 0.31494140625 0.119384765625
0.0114507675170898 0.0155773162841797 0.306884765625 -0.171142578125
0.00435924530029297 0.000823020935058594 -0.271316528320313 0.173736572265625
0.00894546508789063 0.00731372833251953 -0.251815795898438 -0.146499633789062
0.000429630279541015 0.00836086273193359 0.013427734375 -0.492279052734375
-0.00994491577148438 0.0204277038574219 0.497589111328125 -0.471160888671875
-0.0354347229003906 -0.00588226318359376 0.7901611328125 0.22418212890625
-0.0242652893066406 -0.0453605651855469 0.38018798828125 0.87762451171875
0.0202884674072266 0.0115413665771484 -0.13519287109375 0.63385009765625
0.0245475769042969 0.0278759002685547 0.0456886291503906 0.0380401611328125
0.0172014236450195 0.00299072265625 0.1795654296875 -0.63702392578125
0.00744247436523437 -0.0292739868164063 -0.4493408203125 -0.83197021484375
-0.0156717300415039 -0.0152616500854492 -0.85394287109375 -0.0693359375
-0.0137348175048828 0.00375461578369141 -0.414764404296875 0.5262451171875
-0.00143671035766602 0.00465726852416992 0.0684814453125 0.47119140625
0.000665664672851563 0.017303466796875 0.323577880859375 0.1123046875
0.0107803344726563 0.015986442565918 0.307525634765625 -0.175048828125
0.00482416152954102 -0.000238418579101563 -0.27105712890625 0.169143676757812
0.00785064697265625 0.00523805618286133 -0.244491577148438 -0.15155029296875
0.000188350677490234 0.00475692749023438 0.024749755859375 -0.49493408203125
-0.0108127593994141 0.0191097259521484 0.51348876953125 -0.455474853515625
-0.0354804992675781 -0.00715255737304687 0.78887939453125 0.25042724609375
-0.0251007080078125 -0.0512809753417969 0.36248779296875 0.89117431640625
0.0233535766601563 0.0012359619140625 -0.14605712890625 0.6295166015625
0.0328407287597656 0.0162143707275391 0.0465850830078125 0.0317459106445313
0.0187606811523437 -0.00780296325683594 0.16497802734375 -0.6405029296875
0.00528907775878906 -0.0347423553466797 -0.47210693359375 -0.8123779296875
-0.0147218704223633 -0.0147161483764648 -0.8515625 -0.0412597656249999
-0.0133543014526367 0.0030050277709961 -0.3968505859375 0.54107666015625
-0.000620365142822266 0.00075763463973999 0.082122802734375 0.471954345703125
0.000118255615234375 0.0148868560791016 0.329437255859375 0.110870361328125
0.0118904113769531 0.0146579742431641 0.3082275390625 -0.172119140625
0.00378203392028809 -0.00388383865356445 -0.27142333984375 0.168487548828125
0.00740718841552734 0.00177526473999023 -0.242446899414063 -0.151580810546875
0.000602960586547852 -0.00144767761230469 0.027862548828125 -0.49163818359375
-0.00786781311035156 0.0178089141845703 0.518341064453125 -0.44842529296875
-0.0324611663818359 -0.00501251220703125 0.79168701171875 0.25933837890625
-0.0249214172363281 -0.0563735961914062 0.35888671875 0.894775390625
0.0266780853271484 -0.0106258392333984 -0.14886474609375 0.62890625
0.0409698486328125 0.00455093383789063 0.0442276000976563 0.0319786071777344
0.0193881988525391 -0.0186557769775391 0.1573486328125 -0.63983154296875
0.004302978515625 -0.0382766723632813 -0.478271484375 -0.8070068359375
-0.0120458602905273 -0.0145387649536133 -0.8509521484375 -0.0328369140625
-0.0110626220703125 0.00118541717529297 -0.392730712890625 0.546051025390625
-0.00140666961669922 -0.00511264801025391 0.08587646484375 0.475616455078125
-0.00167560577392578 0.0108213424682617 0.330963134765625 0.111907958984375
0.0113620758056641 0.0110273361206055 0.309967041015625 -0.16943359375
0.00182914733886719 -0.010106086730957 -0.271408081054688 0.168380737304688
0.00629472732543945 -0.00327396392822266 -0.245346069335938 -0.14959716796875
0.000641822814941406 -0.00954055786132813 0.02294921875 -0.490692138671875
-0.00309371948242188 0.0167865753173828 0.513092041015625 -0.45257568359375
-0.0270538330078125 -0.00267982482910157 0.79327392578125 0.24859619140625
-0.0249099731445312 -0.0590133666992188 0.36865234375 0.8887939453125
0.0282669067382813 -0.0212154388427734 -0.14581298828125 0.63226318359375
0.04681396484375 -0.00819015502929688 0.0393028259277344 0.037261962890625
0.0209064483642578 -0.0275325775146484 0.16265869140625 -0.63311767578125
0.00511932373046875 -0.0403633117675781 -0.4681396484375 -0.8131103515625
-0.00644874572753906 -0.0135688781738281 -0.851806640625 -0.0432739257812498
-0.00876140594482422 -0.00116300582885742 -0.39898681640625 0.545135498046875
-0.000632286071777345 -0.0121698379516602 0.080352783203125 0.479766845703125
-0.00339174270629883 0.00507402420043945 0.330108642578125 0.116912841796875
0.00858831405639648 0.00587654113769531 0.311859130859375 -0.167816162109375
0.000220298767089843 -0.0159492492675781 -0.270843505859375 0.168670654296875
0.00449466705322266 -0.0095672607421875 -0.251800537109375 -0.143081665039063
0.00124073028564453 -0.0175580978393555 0.00979614257812496 -0.487945556640625
0.00261878967285156 0.0159111022949219 0.497772216796875 -0.46685791015625
-0.0202350616455078 0.00191497802734375 0.79815673828125 0.2242431640625
-0.0242500305175781 -0.0587196350097656 0.3955078125 0.87518310546875
0.0281925201416016 -0.0287494659423828 -0.13409423828125 0.64202880859375
0.050262451171875 -0.0172157287597656 0.0331535339355469 0.0476264953613281
0.0215396881103516 -0.0337200164794922 0.17388916015625 -0.62469482421875
0.008026123046875 -0.0407752990722656 -0.448974609375 -0.82843017578125
0.00102901458740234 -0.0127506256103516 -0.8565673828125 -0.0711669921875001
-0.00564670562744141 -0.00445890426635742 -0.419189453125 0.537689208984375
-0.000865936279296875 -0.0199165344238281 0.064453125 0.486968994140625
-0.00681209564208984 -0.00115728378295899 0.32342529296875 0.1243896484375
0.00593137741088867 0.000681877136230469 0.31121826171875 -0.16290283203125
0.00187110900878906 -0.00606060028076172 -0.271453857421875 0.18084716796875
0.0052952766418457 -0.000652790069580078 -0.2835693359375 -0.122161865234375
0.00144863128662109 0.000286579132080078 -0.05487060546875 -0.486419677734375
0.0016021728515625 0.0212593078613281 0.41748046875 -0.54547119140625
-0.0200557708740234 0.00351524353027344 0.798095703125 0.0948486328125
-0.0219764709472656 -0.0334701538085937 0.4962158203125 0.80413818359375
0.0156040191650391 0.0209980010986328 -0.063232421875 0.66259765625
0.0122642517089844 0.0362625122070313 0.0358734130859375 0.0746841430664063
0.0138740539550781 0.017974853515625 0.23193359375 -0.61236572265625
0.018524169921875 -0.0166053771972656 -0.3636474609375 -0.906494140625
-9.82284545898426E-05 -0.0125303268432617 -0.87115478515625 -0.19403076171875
-0.0079798698425293 -0.000497817993164061 -0.497467041015625 0.47918701171875
-0.00245070457458496 0.000816583633422852 0.00634765624999997 0.4820556640625
-0.00387287139892578 0.011601448059082 0.29827880859375 0.133148193359375
0.0075836181640625 0.00952434539794922 0.30401611328125 -0.170074462890625
0.00175344944000244 -0.00183761119842529 -0.269027709960937 0.1817626953125
0.00793361663818359 0.00410842895507813 -0.273544311523438 -0.129837036132813
0.00102996826171875 0.00595808029174805 -0.032562255859375 -0.48919677734375
-0.00253486633300781 0.0222129821777344 0.4443359375 -0.521575927734375
-0.0274829864501953 -0.000745773315429687 0.7943115234375 0.135986328125
-0.0234298706054687 -0.0362968444824219 0.4554443359375 0.83331298828125
0.0161285400390625 0.0227298736572266 -0.0892944335937501 0.65460205078125
0.0145072937011719 0.0387992858886719 0.0405502319335938 0.0607223510742187
0.0154428482055664 0.0168590545654297 0.21368408203125 -0.62493896484375
0.0149097442626953 -0.0206985473632812 -0.39434814453125 -0.8822021484375
-0.00785636901855469 -0.0151433944702148 -0.8681640625 -0.1475830078125
-0.0114307403564453 0.00136756896972656 -0.46868896484375 0.495635986328125
-0.00253725051879883 0.00524187088012695 0.030487060546875 0.477294921875
-0.000719070434570314 0.0154752731323242 0.308685302734375 0.12286376953125
0.00858020782470703 0.0138912200927734 0.3038330078125 -0.17791748046875
0.00535297393798828 0.000795364379882812 -0.2703857421875 0.176971435546875
0.0082087516784668 0.00734949111938476 -0.263320922851563 -0.138824462890625
0.000668048858642579 0.00839805603027344 -0.0123291015625001 -0.49560546875
-0.00779533386230469 0.0219535827636719 0.4713134765625 -0.50201416015625
-0.0331287384033203 -0.00295257568359375 0.79913330078125 0.177978515625
-0.0246086120605469 -0.0399017333984375 0.424560546875 0.8553466796875
0.0179061889648438 0.0188808441162109 -0.108154296875 0.646240234375
0.0186138153076172 0.0348625183105469 0.0446624755859375 0.0472869873046875
0.0164260864257813 0.0117206573486328 0.19036865234375 -0.63427734375
0.0108222961425781 -0.0257072448730469 -0.43426513671875 -0.85430908203125
-0.0128850936889648 -0.0157766342163086 -0.866943359375 -0.0999145507812502
-0.0140161514282227 0.00303363800048828 -0.4417724609375 0.518707275390625
-0.00150775909423828 0.00647163391113281 0.053192138671875 0.475372314453125
0.000177383422851564 0.0181674957275391 0.31842041015625 0.117034912109375
0.0114307403564453 0.0157442092895508 0.306549072265625 -0.175506591796875
0.00498247146606445 0.0016179084777832 -0.270034790039062 0.177520751953125
0.00916576385498047 0.00760459899902344 -0.253997802734375 -0.145660400390625
0.000208854675292968 0.00880336761474609 0.00714111328125001 -0.496612548828125
-0.00949668884277344 0.0207252502441406 0.495880126953125 -0.47857666015625
-0.0356483459472656 -0.00614547729492188 0.7958984375 0.21826171875
-0.0260391235351562 -0.0451774597167969 0.39215087890625 0.877197265625
0.0213184356689453 0.0118618011474609 -0.1295166015625 0.63848876953125
0.0250167846679688 0.0271091461181641 0.0465164184570313 0.0373458862304688
0.0177421569824219 0.00336265563964844 0.17413330078125 -0.64202880859375
0.00670623779296875 -0.0305194854736328 -0.45953369140625 -0.832275390625
-0.0157289505004883 -0.0154924392700195 -0.8604736328125 -0.0596313476562498
-0.0138120651245117 0.00365924835205078 -0.412445068359375 0.535736083984375
-0.00133800506591797 0.00530290603637695 0.07440185546875 0.4730224609375
0.00151634216308594 0.0178909301757813 0.32684326171875 0.109710693359375
0.0118446350097656 0.0155544281005859 0.306610107421875 -0.179962158203125
0.00488948822021484 0.000478744506835938 -0.26922607421875 0.173599243164062
0.00864267349243164 0.00621891021728516 -0.247589111328125 -0.14947509765625
1.95503234863282E-05 0.00547361373901367 0.0198974609375 -0.498504638671875
-0.0100498199462891 0.0190620422363281 0.509735107421875 -0.4639892578125
-0.0358200073242188 -0.00650787353515625 0.79595947265625 0.2432861328125
-0.0263404846191406 -0.0506591796875 0.375 0.8909912109375
0.0234718322753906 0.00122261047363281 -0.14007568359375 0.63482666015625
0.0332469940185547 0.0158920288085938 0.0465316772460937 0.031341552734375
0.0181770324707031 -0.007476806640625 0.15814208984375 -0.646240234375
0.004913330078125 -0.0351600646972656 -0.4847412109375 -0.81085205078125
-0.0151834487915039 -0.0153770446777344 -0.85906982421875 -0.03216552734375
-0.0131406784057617 0.002716064453125 -0.3953857421875 0.548736572265625
-0.000853419303894043 0.00169467926025391 0.0880126953125 0.47393798828125
0.000763893127441406 0.0157403945922852 0.331634521484375 0.107452392578125
0.0125961303710938 0.0145120620727539 0.308074951171875 -0.1766357421875
0.00461864471435547 -0.00341606140136719 -0.26959228515625 0.172256469726562
0.00742149353027344 0.00283718109130859 -0.24560546875 -0.15020751953125
0.000233232975006103 -0.00088578462600708 0.023284912109375 -0.4974365234375
-0.00730705261230469 0.0175457000732422 0.515960693359375 -0.456939697265625
-0.0336761474609375 -0.00554656982421875 0.79888916015625 0.2530517578125
-0.0267257690429687 -0.0558242797851563 0.37274169921875 0.89532470703125
0.0270252227783203 -0.0110149383544922 -0.14385986328125 0.63385009765625
0.0407295227050781 0.00304794311523438 0.0442276000976563 0.0315704345703125
0.0193939208984375 -0.0179977416992188 0.152587890625 -0.6448974609375
0.00360488891601563 -0.0390129089355469 -0.4912109375 -0.806396484375
-0.0121269226074219 -0.0149364471435547 -0.857177734375 -0.0226440429687502
-0.012141227722168 0.00153446197509766 -0.39019775390625 0.5557861328125
-0.0007476806640625 -0.00480031967163086 0.0908203125 0.47784423828125
-0.00115966796875 0.0112161636352539 0.33392333984375 0.108917236328125
0.0114126205444336 0.0107822418212891 0.309783935546875 -0.17449951171875
0.00221443176269531 -0.00943660736083984 -0.269577026367188 0.172592163085937
0.00672340393066406 -0.00266504287719727 -0.247833251953125 -0.147384643554687
0.000401020050048828 -0.00809764862060547 0.016265869140625 -0.495513916015625
-0.003082275390625 0.0168428421020508 0.50994873046875 -0.462127685546875
-0.0278759002685547 -0.00227165222167969 0.80096435546875 0.24127197265625
-0.0267410278320313 -0.0587692260742188 0.3807373046875 0.88909912109375
0.0285854339599609 -0.0217056274414063 -0.140380859375 0.63726806640625
0.0469894409179688 -0.00845718383789062 0.0396232604980469 0.0370101928710938
0.0203704833984375 -0.0274410247802734 0.15716552734375 -0.63922119140625
0.00480270385742188 -0.0410423278808594 -0.4781494140625 -0.81207275390625
-0.00647354125976562 -0.014643669128418 -0.8590087890625 -0.0339355468750001
-0.00893211364746094 -0.00170230865478516 -0.3973388671875 0.554290771484375
-0.00095653533935547 -0.0115289688110352 0.08477783203125 0.482696533203125
-0.00388622283935547 0.00549459457397461 0.332977294921875 0.113372802734375
0.00862550735473633 0.00618791580200195 0.31207275390625 -0.172149658203125
0.00027942657470703 -0.0155048370361328 -0.269699096679688 0.1727294921875
0.00468111038208008 -0.00859785079956055 -0.254425048828125 -0.141952514648437
0.00103092193603516 -0.0169925689697266 0.001129150390625 -0.492279052734375
0.00297069549560547 0.0151710510253906 0.494384765625 -0.474365234375
-0.0207901000976563 0.00236320495605469 0.80670166015625 0.2154541015625
-0.0257415771484375 -0.0585174560546875 0.40643310546875 0.87579345703125
0.0282249450683594 -0.0293407440185547 -0.1270751953125 0.64556884765625
0.0504570007324219 -0.0180168151855469 0.0339164733886719 0.0474967956542969
0.0211257934570313 -0.033660888671875 0.16912841796875 -0.631103515625
0.00783157348632812 -0.0413169860839844 -0.45977783203125 -0.82958984375
0.000802993774414064 -0.0132026672363281 -0.86224365234375 -0.0617675781249998
-0.00524473190307617 -0.00520515441894531 -0.417144775390625 0.546417236328125
-0.00116729736328125 -0.0195941925048828 0.070068359375 0.48968505859375
-0.00665950775146484 -0.00100040435791016 0.326904296875 0.12103271484375
0.00654458999633789 0.00103521347045898 0.310455322265625 -0.168304443359375
0.00224876403808594 -0.00580501556396484 -0.268661499023438 0.185409545898438
0.00502586364746094 0.000127792358398437 -0.28582763671875 -0.119659423828125
0.00108510255813599 0.000440239906311035 -0.0611877441406249 -0.488983154296875
0.00234603881835938 0.0208110809326172 0.411102294921875 -0.552886962890625
-0.0207729339599609 0.00357246398925781 0.80291748046875 0.08380126953125
-0.0229396820068359 -0.0329799652099609 0.5087890625 0.80218505859375
0.0152797698974609 0.0214328765869141 -0.05609130859375 0.66571044921875
0.0130271911621094 0.0361671447753906 0.0366973876953125 0.0743026733398438
0.0141334533691406 0.0176639556884766 0.22509765625 -0.616455078125
0.0188770294189453 -0.0173282623291016 -0.3746337890625 -0.90447998046875
-0.000691413879394531 -0.0125293731689453 -0.87939453125 -0.18408203125
-0.00832509994506836 0.000437736511230469 -0.495758056640625 0.487579345703125
-0.0027925968170166 0.00164103507995606 0.011627197265625 0.484405517578125
-0.00348663330078125 0.0115880966186523 0.300384521484375 0.128875732421875
0.00884819030761719 0.00932121276855469 0.30218505859375 -0.174407958984375
0.00315618515014648 -0.0012056827545166 -0.266067504882813 0.186187744140625
0.00848293304443359 0.00466299057006836 -0.276565551757813 -0.12701416015625
0.000693798065185546 0.00642919540405273 -0.04046630859375 -0.490875244140625
-0.00182914733886719 0.0222320556640625 0.439056396484375 -0.529083251953125
-0.0280075073242187 9.72747802734392E-05 0.80096435546875 0.1279296875
-0.0250167846679688 -0.0355949401855469 0.46661376953125 0.82904052734375
0.0166912078857422 0.0225467681884766 -0.0806274414062501 0.658203125
0.0151634216308594 0.0385017395019531 0.0412635803222656 0.0605697631835937
0.0152711868286133 0.0172386169433594 0.2071533203125 -0.6302490234375
0.0144691467285156 -0.0210475921630859 -0.4075927734375 -0.87945556640625
-0.00830936431884766 -0.0151185989379883 -0.87408447265625 -0.13665771484375
-0.0113945007324219 0.00128459930419922 -0.465301513671875 0.505523681640625
-0.00307273864746094 0.00564765930175781 0.036163330078125 0.4776611328125
-0.00068187713623047 0.015995979309082 0.311492919921875 0.1190185546875
0.00876235961914063 0.0135478973388672 0.30291748046875 -0.182403564453125
0.00611114501953125 0.00156402587890625 -0.268081665039063 0.181564331054688
0.00863027572631836 0.0083460807800293 -0.26611328125 -0.13592529296875
0.000844955444335937 0.00920963287353516 -0.019561767578125 -0.4986572265625
-0.00737190246582032 0.022186279296875 0.46734619140625 -0.510650634765625
-0.0328578948974609 -0.00294685363769531 0.8026123046875 0.16790771484375
-0.0257720947265625 -0.0393562316894531 0.437744140625 0.85333251953125
0.0181941986083984 0.0186672210693359 -0.10003662109375 0.64892578125
0.0196819305419922 0.0342044830322266 0.0450019836425781 0.0479164123535156
0.0166568756103516 0.0115270614624023 0.18377685546875 -0.63836669921875
0.0108165740966797 -0.0264606475830078 -0.448974609375 -0.8526611328125
-0.013127326965332 -0.0166616439819336 -0.8731689453125 -0.0891113281249998
-0.0137357711791992 0.00338268280029297 -0.437103271484375 0.528228759765625
-0.00209379196166992 0.00686359405517578 0.058624267578125 0.47625732421875
0.00117683410644531 0.0184249877929687 0.320556640625 0.112152099609375
0.0119094848632813 0.0155563354492188 0.304595947265625 -0.1805419921875
0.00603437423706055 0.00214099884033203 -0.2674560546875 0.181594848632812
0.00907802581787109 0.00933647155761719 -0.257232666015625 -0.143630981445312
-0.000205039978027344 0.00981998443603516 -0.000518798828124949 -0.49957275390625
-0.00956344604492187 0.0208225250244141 0.491363525390625 -0.487640380859375
-0.0363082885742188 -0.00578689575195312 0.80206298828125 0.2083740234375
-0.0274238586425781 -0.0442581176757812 0.403564453125 0.876953125
0.0213775634765625 0.0121383666992187 -0.12109375 0.64215087890625
0.0256614685058594 0.0274791717529297 0.0469207763671875 0.0368461608886719
0.017822265625 0.00412750244140625 0.1673583984375 -0.6466064453125
0.00676918029785156 -0.0308914184570313 -0.47186279296875 -0.82904052734375
-0.0156049728393555 -0.016143798828125 -0.8651123046875 -0.0484008789062499
-0.0139493942260742 0.00399589538574219 -0.4091796875 0.54345703125
-0.00198030471801758 0.00606584548950195 0.07952880859375 0.4754638671875
0.00193977355957031 0.0181598663330078 0.329620361328125 0.105682373046875
0.0126514434814453 0.0155620574951172 0.3052978515625 -0.18487548828125
0.00653457641601562 0.00112199783325195 -0.266677856445313 0.178176879882812
0.00909423828125 0.00749397277832031 -0.250289916992188 -0.1480712890625
-0.000300884246826172 0.0058445930480957 0.012420654296875 -0.502044677734375
-0.0100631713867187 0.0191135406494141 0.50628662109375 -0.4727783203125
-0.03582763671875 -0.00637435913085938 0.802490234375 0.2344970703125
-0.0277328491210938 -0.0507621765136719 0.38818359375 0.8897705078125
0.0248699188232422 0.000843048095703125 -0.13262939453125 0.637939453125
0.0337486267089844 0.0159034729003906 0.0472373962402344 0.0309867858886719
0.0181064605712891 -0.00765037536621094 0.1502685546875 -0.65057373046875
0.00479888916015625 -0.0356712341308594 -0.496826171875 -0.8096923828125
-0.0153465270996094 -0.0160017013549805 -0.863525390625 -0.0205688476562502
-0.0134792327880859 0.00317764282226563 -0.390411376953125 0.55780029296875
-0.000354409217834473 0.00184130668640137 0.09466552734375 0.474761962890625
0.00119876861572266 0.015711784362793 0.33477783203125 0.103424072265625
0.0130777359008789 0.0141487121582031 0.30657958984375 -0.18206787109375
0.00531435012817383 -0.00317955017089844 -0.267135620117188 0.17669677734375
0.00822734832763672 0.00386476516723633 -0.248382568359375 -0.148605346679688
2.39312648773193E-05 0.000250115990638733 0.015960693359375 -0.500823974609375
-0.00708770751953125 0.0174226760864258 0.5128173828125 -0.46588134765625
-0.0336647033691406 -0.00512886047363281 0.80596923828125 0.2421875
-0.0281562805175781 -0.0552444458007813 0.38427734375 0.89508056640625
0.0268192291259766 -0.0107536315917969 -0.13665771484375 0.63739013671875
0.0407218933105469 0.0029754638671875 0.0446319580078125 0.0306015014648438
0.0194263458251953 -0.0182647705078125 0.143310546875 -0.64813232421875
0.00355911254882812 -0.0389480590820313 -0.50439453125 -0.8040771484375
-0.0122737884521484 -0.015385627746582 -0.862548828125 -0.0120849609375001
-0.0123977661132813 0.00111961364746094 -0.38409423828125 0.56427001953125
-0.000915050506591796 -0.00432062149047852 0.097686767578125 0.477447509765625
-0.000527381896972656 0.0112800598144531 0.337615966796875 0.104522705078125
0.0119600296020508 0.0107755661010742 0.308074951171875 -0.179229736328125
0.00303506851196289 -0.00844192504882813 -0.267929077148438 0.176895141601562
0.00727701187133789 -0.001434326171875 -0.251373291015625 -0.145370483398438
0.000417709350585938 -0.00791406631469727 0.01019287109375 -0.4984130859375
-0.00271415710449219 0.0166263580322266 0.504119873046875 -0.4705810546875
-0.0281867980957031 -0.00225067138671874 0.80755615234375 0.234130859375
-0.0274543762207031 -0.0582313537597656 0.394775390625 0.88836669921875
0.0286102294921875 -0.0221652984619141 -0.134033203125 0.6400146484375
0.0469970703125 -0.00922012329101562 0.0402450561523438 0.0367507934570313
0.0206489562988281 -0.0275516510009766 0.14990234375 -0.64404296875
0.00443267822265625 -0.0417709350585938 -0.491455078125 -0.81011962890625
-0.00679683685302734 -0.0149974822998047 -0.8619384765625 -0.02301025390625
-0.00913429260253906 -0.00201129913330078 -0.392333984375 0.56158447265625
-0.00114727020263672 -0.0117359161376953 0.09210205078125 0.48419189453125
-0.00300312042236328 0.00571203231811523 0.335235595703125 0.108673095703125
0.00904369354248047 0.00493526458740234 0.31072998046875 -0.177703857421875
0.00120925903320313 -0.0148191452026367 -0.2674560546875 0.177322387695313
0.00519609451293945 -0.00740861892700195 -0.256866455078125 -0.1397705078125
-0.000296592712402345 -0.0160074234008789 -0.00360107421874999 -0.495208740234375
0.00306987762451172 0.014979362487793 0.491119384765625 -0.482147216796875
-0.0214347839355469 0.00201988220214843 0.8133544921875 0.2073974609375
-0.0278892517089844 -0.0582542419433594 0.42132568359375 0.87396240234375
0.0280838012695313 -0.0292720794677734 -0.11981201171875 0.648193359375
0.0506362915039063 -0.017974853515625 0.0337448120117188 0.0470962524414063
0.0210628509521484 -0.0337162017822266 0.16094970703125 -0.635498046875
0.00738525390625 -0.0417633056640625 -0.472412109375 -0.8262939453125
0.00028514862060547 -0.013737678527832 -0.8681640625 -0.04998779296875
-0.00562143325805664 -0.00518798828125 -0.413604736328125 0.55560302734375
-0.0017547607421875 -0.0191822052001953 0.07550048828125 0.48992919921875
-0.00614070892333984 -0.00095510482788086 0.329437255859375 0.116790771484375
0.00710630416870117 0.000435829162597656 0.3096923828125 -0.172576904296875
0.0028529167175293 -0.0054774284362793 -0.264663696289063 0.189132690429688
0.00539493560791016 0.00136280059814453 -0.28814697265625 -0.116119384765625
0.000165343284606933 0.00163745880126953 -0.069854736328125 -0.48876953125
0.00230979919433594 0.0205535888671875 0.403106689453125 -0.559600830078125
-0.0207920074462891 0.00416374206542969 0.805908203125 0.072998046875
-0.0240478515625 -0.0325756072998047 0.52056884765625 0.7952880859375
0.0158672332763672 0.0206184387207031 -0.04638671875 0.666748046875
0.0136260986328125 0.0361518859863281 0.03741455078125 0.0736541748046875
0.0153026580810547 0.0177631378173828 0.21710205078125 -0.62091064453125
0.0190296173095703 -0.0180721282958984 -0.38922119140625 -0.90283203125
-0.000752449035644533 -0.0135593414306641 -0.884521484375 -0.17041015625
-0.00858163833618164 1.85966491699232E-05 -0.4906005859375 0.495819091796875
-0.00296425819396973 0.00165128707885742 0.017974853515625 0.485809326171875
-0.00293254852294922 0.0124359130859375 0.30267333984375 0.125213623046875
0.00888824462890625 0.00953197479248047 0.30047607421875 -0.18017578125
0.0031583309173584 -0.00135898590087891 -0.263107299804688 0.19036865234375
0.00823402404785156 0.0063629150390625 -0.277267456054688 -0.123886108398437
0.000757694244384766 0.00705480575561524 -0.046539306640625 -0.49285888671875
-0.00200843811035156 0.0219802856445313 0.4324951171875 -0.53582763671875
-0.0277862548828125 0.000534057617187498 0.80364990234375 0.11785888671875
-0.025970458984375 -0.0349102020263672 0.480712890625 0.82421875
0.0177421569824219 0.0225276947021484 -0.0729370117187501 0.6591796875
0.0153961181640625 0.0378303527832031 0.0421714782714844 0.06036376953125
0.0159463882446289 0.0172481536865234 0.19989013671875 -0.63433837890625
0.0145092010498047 -0.0216236114501953 -0.4202880859375 -0.87554931640625
-0.00785064697265625 -0.0161123275756836 -0.8785400390625 -0.12469482421875
-0.0113792419433594 0.00215625762939453 -0.46136474609375 0.51416015625
-0.00262212753295898 0.0064091682434082 0.04241943359375 0.48040771484375
-0.000491142272949218 0.015899658203125 0.312469482421875 0.114654541015625
0.00946044921875 0.0135164260864258 0.300750732421875 -0.1865234375
0.00680828094482422 0.00186300277709961 -0.264541625976563 0.185684204101563
0.00925731658935547 0.00915145874023438 -0.268600463867187 -0.134033203125
9.2506408691406E-05 0.0107240676879883 -0.026214599609375 -0.5
-0.00699996948242188 0.0219554901123047 0.45928955078125 -0.516510009765625
-0.0337066650390625 -0.00282287597656249 0.80731201171875 0.15826416015625
-0.0273513793945312 -0.0389060974121094 0.4539794921875 0.85009765625
0.0192050933837891 0.0190753936767578 -0.0913696289062499 0.65020751953125
0.0196208953857422 0.0341320037841797 0.0450553894042969 0.0465660095214844
0.0166721343994141 0.0118017196655273 0.176025390625 -0.6416015625
0.0106849670410156 -0.0269813537597656 -0.46087646484375 -0.84967041015625
-0.0130157470703125 -0.016352653503418 -0.8778076171875 -0.0761718749999999
-0.0138216018676758 0.00319957733154297 -0.431304931640625 0.53546142578125
-0.00146818161010742 0.0077204704284668 0.06488037109375 0.47784423828125
0.00154876708984375 0.0188770294189453 0.3228759765625 0.108367919921875
0.0125846862792969 0.015446662902832 0.30218505859375 -0.185333251953125
0.00642871856689453 0.00250864028930664 -0.263839721679688 0.185821533203125
0.0102500915527344 0.00985050201416016 -0.259567260742188 -0.140823364257812
7.91549682617177E-05 0.0103616714477539 -0.00769042968749999 -0.5023193359375
-0.008941650390625 0.0208339691162109 0.484893798828125 -0.495941162109375
-0.0363845825195313 -0.00527572631835937 0.8052978515625 0.19921875
-0.0285301208496094 -0.0438346862792969 0.4166259765625 0.87176513671875
0.0212230682373047 0.0115604400634766 -0.11224365234375 0.6441650390625
0.0263233184814453 0.0270843505859375 0.0470314025878906 0.036590576171875
0.0181674957275391 0.0031890869140625 0.158935546875 -0.64971923828125
0.00643348693847656 -0.0313529968261719 -0.48529052734375 -0.82537841796875
-0.016118049621582 -0.0163955688476563 -0.8697509765625 -0.0377197265624999
-0.013911247253418 0.00395011901855469 -0.4031982421875 0.552001953125
-0.00143766403198242 0.00639724731445312 0.0845947265625 0.474945068359375
0.00247955322265625 0.0184230804443359 0.330902099609375 0.100860595703125
0.0124998092651367 0.0160398483276367 0.303253173828125 -0.1895751953125
0.00753116607666016 0.00123977661132813 -0.264083862304688 0.181259155273437
0.00922298431396484 0.00831413269042969 -0.252609252929688 -0.144729614257813
-0.000698089599609374 0.00710868835449219 0.00320434570312499 -0.50335693359375
-0.00948143005371094 0.0191135406494141 0.500640869140625 -0.4801025390625
-0.0366783142089844 -0.00568389892578124 0.8077392578125 0.22589111328125
-0.0291481018066406 -0.04974365234375 0.40203857421875 0.885986328125
0.0243453979492188 0.0006561279296875 -0.124755859375 0.63824462890625
0.0338268280029297 0.0148849487304687 0.0470924377441406 0.0302886962890625
0.0184612274169922 -0.00771713256835937 0.14288330078125 -0.65283203125
0.00403594970703125 -0.035675048828125 -0.50732421875 -0.80487060546875
-0.0161399841308594 -0.0161209106445313 -0.86614990234375 -0.00891113281249999
-0.0139665603637695 0.00306415557861328 -0.3843994140625 0.565185546875
-0.00111603736877441 0.00182986259460449 0.10101318359375 0.47503662109375
0.00246715545654297 0.0156593322753906 0.337005615234375 0.098052978515625
0.0134811401367188 0.0138072967529297 0.30474853515625 -0.18701171875
0.00573825836181641 -0.00206565856933594 -0.263458251953125 0.179519653320313
0.00813961029052734 0.00386333465576172 -0.250762939453125 -0.146484375
-0.00022423267364502 0.000591397285461426 0.00817871093749997 -0.502288818359375
-0.00667762756347656 0.0174760818481445 0.506988525390625 -0.474029541015625
-0.0337352752685547 -0.00502204895019531 0.809814453125 0.23358154296875
-0.0290756225585938 -0.0548362731933594 0.39715576171875 0.89105224609375
0.0275344848632813 -0.0112094879150391 -0.12774658203125 0.63934326171875
0.0413665771484375 0.00232696533203125 0.044097900390625 0.0302352905273438
0.0192890167236328 -0.0188350677490234 0.13726806640625 -0.651123046875
0.00323486328125 -0.039642333984375 -0.51519775390625 -0.7987060546875
-0.0131464004516602 -0.0158538818359375 -0.86517333984375 0.000854492187500061
-0.0125722885131836 0.000724792480468752 -0.3787841796875 0.572265625
-0.00120115280151367 -0.00383758544921875 0.10357666015625 0.4779052734375
-0.000470161437988282 0.01190185546875 0.339202880859375 0.099578857421875
0.0123767852783203 0.0104875564575195 0.306060791015625 -0.184112548828125
0.00344991683959961 -0.00827789306640625 -0.264511108398437 0.180343627929688
0.0074162483215332 -0.000771522521972656 -0.253707885742188 -0.143661499023438
-0.000328540802001953 -0.00665521621704102 0.00183105468749999 -0.5008544921875
-0.00212192535400391 0.0166587829589844 0.499847412109375 -0.47735595703125
-0.0287666320800781 -0.00221824645996093 0.81121826171875 0.2236328125
-0.0294456481933594 -0.0579490661621094 0.40673828125 0.885009765625
0.0289554595947266 -0.0219993591308594 -0.1253662109375 0.64202880859375
0.0471382141113281 -0.0103759765625 0.0398521423339844 0.0362129211425781
0.0200290679931641 -0.0281505584716797 0.1424560546875 -0.64630126953125
0.00370407104492188 -0.0417289733886719 -0.50433349609375 -0.80401611328125
-0.00671482086181641 -0.0156784057617188 -0.86590576171875 -0.00952148437500003
-0.00964069366455078 -0.0014801025390625 -0.38677978515625 0.5712890625
-0.00170516967773438 -0.0113391876220703 0.097259521484375 0.48419189453125
-0.00305891036987305 0.00546169281005859 0.337554931640625 0.1044921875
0.00949478149414063 0.0052337646484375 0.30780029296875 -0.181854248046875
0.00202655792236328 -0.0141315460205078 -0.264846801757813 0.180862426757812
0.00533437728881836 -0.00735187530517578 -0.25921630859375 -0.136962890625
-8.39233398437506E-05 -0.0151910781860352 -0.012237548828125 -0.49609375
0.00361442565917969 0.014531135559082 0.484954833984375 -0.48919677734375
-0.02154541015625 0.00218963623046875 0.816162109375 0.1971435546875
-0.0292892456054688 -0.057373046875 0.432373046875 0.87158203125
0.0281543731689453 -0.0292606353759766 -0.11175537109375 0.6513671875
0.0502052307128906 -0.0191688537597656 0.0345954895019531 0.0466079711914063
0.0207843780517578 -0.0334644317626953 0.153564453125 -0.63720703125
0.007049560546875 -0.0427742004394531 -0.48675537109375 -0.8226318359375
0.000228881835937499 -0.0149021148681641 -0.87152099609375 -0.0397949218750001
-0.00570440292358398 -0.00462961196899414 -0.40789794921875 0.56268310546875
-0.00156021118164062 -0.0182895660400391 0.0819091796875 0.4906005859375
-0.006011962890625 -0.000267505645751953 0.33123779296875 0.1123046875
0.00694513320922851 0.000566482543945312 0.3084716796875 -0.177734375
0.00373172760009766 -0.00493717193603516 -0.26165771484375 0.193466186523438
0.00554275512695313 0.00213766098022461 -0.28973388671875 -0.112945556640625
0.000191926956176758 0.00201833248138428 -0.0760803222656251 -0.48992919921875
0.00310707092285156 0.0206336975097656 0.396240234375 -0.563232421875
-0.0206260681152344 0.00389671325683594 0.806640625 0.06182861328125
-0.0253639221191406 -0.0319671630859375 0.53509521484375 0.789794921875
0.0170650482177734 0.0206928253173828 -0.0357055664062501 0.66680908203125
0.0138397216796875 0.0359039306640625 0.038299560546875 0.0731124877929688
0.0148391723632813 0.0177631378173828 0.2086181640625 -0.62237548828125
0.0189971923828125 -0.0185966491699219 -0.40301513671875 -0.896240234375
0.000190734863281249 -0.0142116546630859 -0.88897705078125 -0.1590576171875
-0.00848197937011719 -0.000387668609619141 -0.48492431640625 0.505828857421875
-0.00242900848388672 0.00178050994873047 0.024169921875 0.4853515625
-0.00295543670654297 0.0124597549438477 0.30438232421875 0.12078857421875
0.00930118560791016 0.00918197631835938 0.2969970703125 -0.18438720703125
0.00460243225097656 -0.00029754638671875 -0.259811401367188 0.193878173828125
0.00951194763183594 0.00662422180175781 -0.279327392578125 -0.121185302734375
0.000494003295898438 0.00775909423828125 -0.054656982421875 -0.493896484375
-0.00139617919921875 0.0213184356689453 0.4249267578125 -0.542205810546875
-0.0286769866943359 0.000194549560546873 0.80560302734375 0.106689453125
-0.0269317626953125 -0.0340900421142578 0.4921875 0.819580078125
0.0177669525146484 0.0222892761230469 -0.0623779296875 0.6595458984375
0.0157051086425781 0.0376548767089844 0.0429115295410156 0.0593757629394531
0.0160017013549805 0.0173883438110352 0.19183349609375 -0.636474609375
0.0143032073974609 -0.0221424102783203 -0.43438720703125 -0.87255859375
-0.00851917266845703 -0.0162935256958008 -0.8824462890625 -0.1119384765625
-0.0114946365356445 0.00143718719482422 -0.454193115234375 0.522186279296875
-0.00250053405761719 0.00652408599853516 0.048004150390625 0.480133056640625
0.000716209411621095 0.0159530639648438 0.31500244140625 0.1102294921875
0.0098876953125 0.0129947662353516 0.297119140625 -0.1917724609375
0.00779104232788086 0.00254726409912109 -0.260696411132813 0.189849853515625
0.00961494445800781 0.0100440979003906 -0.27044677734375 -0.130523681640625
0.000680923461914062 0.0114049911499023 -0.035003662109375 -0.500274658203125
-0.00664710998535156 0.0216293334960938 0.45233154296875 -0.52362060546875
-0.0334930419921875 -0.002227783203125 0.809326171875 0.14752197265625
-0.0289421081542969 -0.0377120971679687 0.4652099609375 0.84356689453125
0.0197811126708984 0.0186519622802734 -0.08245849609375 0.6513671875
0.0205669403076172 0.0342617034912109 0.045623779296875 0.046356201171875
0.0171947479248047 0.0119218826293945 0.1673583984375 -0.644287109375
0.0100803375244141 -0.0267486572265625 -0.47332763671875 -0.84356689453125
-0.0136880874633789 -0.0168828964233398 -0.8778076171875 -0.0632934570312498
-0.014190673828125 0.00351524353027344 -0.424041748046875 0.543365478515625
-0.00151348114013672 0.0078730583190918 0.0709228515625001 0.477569580078125
0.00141334533691406 0.0192794799804688 0.323944091796875 0.10333251953125
0.0131864547729492 0.0150146484375 0.29962158203125 -0.19012451171875
0.00739192962646484 0.00334358215332031 -0.260421752929688 0.188735961914063
0.0103664398193359 0.0104742050170898 -0.260986328125 -0.13726806640625
-0.000275611877441406 0.0113840103149414 -0.015289306640625 -0.50274658203125
-0.00901985168457031 0.0209827423095703 0.477783203125 -0.501861572265625
-0.0368080139160156 -0.00531005859375 0.80902099609375 0.18817138671875
-0.0299720764160156 -0.0432777404785156 0.4310302734375 0.8662109375
0.0218467712402344 0.0115585327148437 -0.1048583984375 0.64453125
0.0271186828613281 0.0262908935546875 0.0479240417480469 0.0356178283691406
0.0183143615722656 0.00358390808105469 0.1505126953125 -0.65289306640625
0.00605392456054687 -0.0322341918945313 -0.49774169921875 -0.8192138671875
-0.0164031982421875 -0.0167598724365234 -0.87115478515625 -0.0250244140625002
-0.0145893096923828 0.00369930267333985 -0.395965576171875 0.56011962890625
-0.00160837173461914 0.00673675537109375 0.091705322265625 0.473846435546875
0.00272941589355469 0.0187702178955078 0.332275390625 0.095733642578125
0.0131301879882813 0.0157051086425781 0.30072021484375 -0.194091796875
0.00769615173339844 0.00167512893676758 -0.260467529296875 0.184951782226563
0.00969696044921875 0.00913524627685547 -0.254928588867188 -0.141937255859375
-0.000298500061035157 0.0077362060546875 -0.00311279296875001 -0.50604248046875
-0.00865554809570312 0.0195274353027344 0.495086669921875 -0.4862060546875
-0.0369033813476563 -0.00543975830078125 0.8109130859375 0.215576171875
-0.0304527282714844 -0.0486793518066406 0.4149169921875 0.88037109375
0.0250434875488281 0.000326156616210938 -0.11614990234375 0.6397705078125
0.0341987609863281 0.0147666931152344 0.0476799011230469 0.0294609069824219
0.0190219879150391 -0.00740623474121094 0.1334228515625 -0.65496826171875
0.00376510620117187 -0.0364799499511719 -0.521240234375 -0.798828125
-0.0158729553222656 -0.0166006088256836 -0.86810302734375 0.00292968749999982
-0.0137901306152344 0.00318050384521484 -0.377197265625 0.57183837890625
-0.00120377540588379 0.00270462036132813 0.106353759765625 0.47503662109375
0.00185966491699219 0.0165185928344727 0.33831787109375 0.09295654296875
0.0142421722412109 0.013422966003418 0.3018798828125 -0.19171142578125
0.00695705413818359 -0.00243186950683594 -0.260269165039063 0.183486938476563
0.00848150253295898 0.00580310821533203 -0.252609252929688 -0.142822265625
-0.000243902206420898 0.00129485130310059 -9.15527343750437E-05 -0.503143310546875
-0.00669384002685547 0.0174903869628906 0.49969482421875 -0.48028564453125
-0.0340690612792969 -0.00447273254394531 0.81317138671875 0.223388671875
-0.0307502746582031 -0.0537796020507813 0.4110107421875 0.88641357421875
0.0272369384765625 -0.0115222930908203 -0.12005615234375 0.63873291015625
0.0413818359375 0.00120925903320313 0.0449409484863281 0.0297164916992188
0.0195541381835937 -0.0186557769775391 0.1259765625 -0.654052734375
0.00299453735351563 -0.0392799377441406 -0.52716064453125 -0.79095458984375
-0.0133247375488281 -0.0166501998901367 -0.865966796875 0.0126953125000002
-0.0124111175537109 0.00106525421142578 -0.3709716796875 0.57879638671875
-0.000875949859619141 -0.00403475761413574 0.110107421875 0.476898193359375
0.00023174285888672 0.011509895324707 0.34033203125 0.09423828125
0.0126800537109375 0.0101718902587891 0.303192138671875 -0.18865966796875
0.00464916229248047 -0.00803756713867188 -0.260406494140625 0.184463500976563
0.00751066207885742 3.57627868652344E-05 -0.25579833984375 -0.140716552734375
-0.000896930694580077 -0.00623941421508789 -0.005584716796875 -0.501495361328125
-0.000997543334960939 0.0162315368652344 0.493072509765625 -0.485992431640625
-0.0288753509521484 -0.00193023681640626 0.814453125 0.2109375
-0.0313682556152344 -0.056976318359375 0.42144775390625 0.8790283203125
0.0281620025634766 -0.0220088958740234 -0.1163330078125 0.642822265625
0.0469284057617187 -0.0107421875 0.039886474609375 0.0351295471191406
0.0198860168457031 -0.0277328491210938 0.13116455078125 -0.64794921875
0.0032958984375 -0.0419692993164062 -0.5164794921875 -0.79962158203125
-0.00752449035644531 -0.0162448883056641 -0.8670654296875 0.00183105468750011
-0.0100383758544922 -0.00132274627685547 -0.3790283203125 0.5767822265625
-0.00153827667236328 -0.0108423233032227 0.105072021484375 0.481689453125
-0.00264978408813477 0.00615549087524414 0.338897705078125 0.099700927734375
0.00970077514648438 0.00487136840820313 0.30596923828125 -0.187103271484375
0.00212383270263672 -0.0142993927001953 -0.260406494140625 0.184188842773438
0.00571489334106445 -0.00624370574951172 -0.262130737304688 -0.134002685546875
-0.000770568847656251 -0.0141973495483398 -0.01971435546875 -0.496917724609375
0.00461387634277344 0.0147285461425781 0.47821044921875 -0.496856689453125
-0.0214099884033203 0.00172615051269531 0.82110595703125 0.18731689453125
-0.0306472778320313 -0.0570335388183594 0.4459228515625 0.8641357421875
0.0280113220214844 -0.0301074981689453 -0.10284423828125 0.65032958984375
0.0505523681640625 -0.0199356079101563 0.0343399047851563 0.0454139709472656
0.0201129913330078 -0.0338668823242188 0.14404296875 -0.639404296875
0.00603103637695313 -0.0423583984375 -0.49774169921875 -0.81719970703125
-0.000105857849121095 -0.0157032012939453 -0.87255859375 -0.02752685546875
-0.00612592697143555 -0.00531387329101563 -0.400390625 0.57086181640625
-0.00202560424804688 -0.0180168151855469 0.08905029296875 0.490264892578125
-0.00545358657836914 -0.000242710113525391 0.33306884765625 0.107940673828125
0.00761985778808594 0.000224590301513672 0.3048095703125 -0.18218994140625
0.00452947616577149 -0.00445032119750977 -0.256500244140625 0.196243286132813
0.00648880004882813 0.00312948226928711 -0.29119873046875 -0.109283447265625
0.000670433044433594 0.00303387641906738 -0.083648681640625 -0.488189697265625
0.00372886657714844 0.0202674865722656 0.38623046875 -0.5682373046875
-0.0210189819335938 0.00401878356933594 0.80609130859375 0.05059814453125
-0.0270652770996094 -0.0309391021728516 0.54638671875 0.78057861328125
0.0173797607421875 0.0208568572998047 -0.02703857421875 0.66497802734375
0.0148124694824219 0.0354690551757812 0.0385971069335938 0.072601318359375
0.0152111053466797 0.017913818359375 0.200927734375 -0.6243896484375
0.0182132720947266 -0.0193443298339844 -0.41461181640625 -0.8907470703125
-0.000980377197265627 -0.014409065246582 -0.888916015625 -0.145263671875
-0.00876808166503906 0.000155448913574218 -0.4771728515625 0.51275634765625
-0.00210356712341309 0.0029456615447998 0.0286865234375 0.483978271484375
-0.00265216827392578 0.0125675201416016 0.30560302734375 0.1158447265625
0.00872421264648438 0.00887012481689453 0.294464111328125 -0.18829345703125
0.00513362884521484 -0.000533103942871094 -0.255035400390625 0.196975708007813
0.00984573364257813 0.00713920593261719 -0.28118896484375 -0.117462158203125
0.000473499298095703 0.00863361358642578 -0.062164306640625 -0.4925537109375
-0.000782012939453125 0.0213603973388672 0.41571044921875 -0.547760009765625
-0.0283432006835938 0.000638961791992189 0.80450439453125 0.09588623046875
-0.0284061431884766 -0.0328483581542969 0.50396728515625 0.80865478515625
0.0185279846191406 0.0224380493164063 -0.05291748046875 0.6575927734375
0.0161857604980469 0.0374870300292969 0.0425033569335938 0.0588874816894531
0.0163917541503906 0.0169925689697266 0.18328857421875 -0.63714599609375
0.0140895843505859 -0.0230178833007813 -0.4453125 -0.864990234375
-0.00886249542236328 -0.0167484283447266 -0.8814697265625 -0.0999755859375001
-0.0117692947387695 0.00236988067626953 -0.446441650390625 0.529693603515625
-0.00251436233520508 0.00751590728759766 0.0548095703125 0.479248046875
0.00070667266845703 0.016636848449707 0.315521240234375 0.105621337890625
0.0105438232421875 0.0133743286132813 0.2933349609375 -0.19537353515625
0.00887298583984375 0.00250244140625 -0.256301879882813 0.192550659179688
0.00986385345458984 0.0102338790893555 -0.2716064453125 -0.127426147460938
0.000439643859863281 0.0117149353027344 -0.0423583984374999 -0.499603271484375
-0.00614166259765625 0.0218238830566406 0.444793701171875 -0.528289794921875
-0.0336341857910156 -0.00141334533691407 0.8125 0.13592529296875
-0.0296211242675781 -0.0367774963378906 0.4774169921875 0.8353271484375
0.0197696685791016 0.0183925628662109 -0.0742797851562501 0.64971923828125
0.0207958221435547 0.0338001251220703 0.0456886291503906 0.0456314086914063
0.017247200012207 0.011500358581543 0.15869140625 -0.64508056640625
0.0100460052490234 -0.0275363922119141 -0.4840087890625 -0.83380126953125
-0.0135478973388672 -0.0172996520996094 -0.87994384765625 -0.0513916015625001
-0.0141935348510742 0.00352859497070313 -0.416046142578125 0.5498046875
-0.00127315521240234 0.00828075408935547 0.0772705078125 0.47607421875
0.00212860107421875 0.0191478729248047 0.32513427734375 0.098236083984375
0.0136232376098633 0.0150995254516602 0.295867919921875 -0.19427490234375
0.00811004638671875 0.00318050384521484 -0.255874633789063 0.192108154296875
0.0111961364746094 0.0113039016723633 -0.262313842773437 -0.134231567382813
9.15527343749996E-05 0.0116920471191406 -0.022552490234375 -0.501220703125
-0.00823974609375 0.0207157135009766 0.47021484375 -0.506927490234375
-0.037017822265625 -0.00429916381835938 0.81072998046875 0.17547607421875
-0.0304183959960938 -0.0415267944335938 0.44171142578125 0.8587646484375
0.0228176116943359 0.0113525390625 -0.09521484375 0.64385986328125
0.0278472900390625 0.0260696411132813 0.0471763610839844 0.034515380859375
0.0185794830322266 0.00307273864746094 0.14068603515625 -0.6527099609375
0.00620841979980468 -0.0320301055908203 -0.50860595703125 -0.811767578125
-0.0164632797241211 -0.0170631408691406 -0.87054443359375 -0.0115966796875001
-0.014592170715332 0.00385284423828125 -0.38824462890625 0.56463623046875
-0.00121831893920899 0.00670146942138672 0.09698486328125 0.47137451171875
0.00313568115234375 0.0186023712158203 0.332305908203125 0.090728759765625
0.0139312744140625 0.0150680541992188 0.296142578125 -0.197784423828125
0.00867509841918945 0.001953125 -0.255630493164062 0.187911987304688
0.010930061340332 0.0104684829711914 -0.256210327148437 -0.138626098632813
-0.000607013702392578 0.00871849060058594 -0.01055908203125 -0.504974365234375
-0.00821304321289063 0.0189018249511719 0.486541748046875 -0.492950439453125
-0.0369338989257813 -0.00527572631835937 0.81280517578125 0.2025146484375
-0.0316276550292969 -0.0476875305175781 0.42803955078125 0.8748779296875
0.0250759124755859 0.00045013427734375 -0.10784912109375 0.6390380859375
0.0344142913818359 0.0138301849365234 0.0474586486816406 0.0289268493652344
0.0188655853271484 -0.00754547119140625 0.12396240234375 -0.65509033203125
0.00342178344726562 -0.0367546081542969 -0.53167724609375 -0.78948974609375
-0.0168867111206055 -0.0167446136474609 -0.8646240234375 0.0154418945312499
-0.0136928558349609 0.00297069549560547 -0.36907958984375 0.57757568359375
-0.000933408737182617 0.00291728973388672 0.11334228515625 0.4732666015625
0.00242710113525391 0.0159769058227539 0.338531494140625 0.087646484375
0.0143299102783203 0.0130205154418945 0.297698974609375 -0.195281982421875
0.00776481628417969 -0.00244522094726563 -0.25567626953125 0.187118530273438
0.00960731506347656 0.00554466247558594 -0.254669189453125 -0.139968872070312
-7.55786895751952E-05 0.00257205963134766 -0.00680541992187505 -0.5029296875
-0.00584030151367188 0.0173101425170898 0.493011474609375 -0.487091064453125
-0.0349521636962891 -0.00427627563476562 0.8145751953125 0.2122802734375
-0.0323944091796875 -0.0530166625976563 0.42144775390625 0.87872314453125
0.0269584655761719 -0.0113258361816406 -0.111083984375 0.63885498046875
0.0413169860839844 0.000576019287109375 0.0444374084472656 0.0286026000976563
0.0195236206054688 -0.0183429718017578 0.11846923828125 -0.65386962890625
0.0017242431640625 -0.0397529602050781 -0.5367431640625 -0.78302001953125
-0.0136499404907227 -0.0167045593261719 -0.86590576171875 0.0258789062499998
-0.011967658996582 0.000918388366699217 -0.36285400390625 0.58380126953125
-0.00133585929870605 -0.00327181816101074 0.1163330078125 0.474822998046875
0.000324249267578125 0.0116033554077148 0.340301513671875 0.08843994140625
0.0128955841064453 0.00996017456054688 0.2996826171875 -0.193450927734375
0.00505828857421875 -0.00813913345336914 -0.256423950195313 0.187545776367187
0.00860261917114258 0.000645160675048828 -0.257705688476563 -0.137130737304688
-0.000171661376953125 -0.00546932220458984 -0.01470947265625 -0.500396728515625
-0.00108146667480469 0.0154342651367187 0.4857177734375 -0.490234375
-0.0287933349609375 -0.00187301635742187 0.81646728515625 0.201171875
-0.0327568054199219 -0.0554237365722656 0.43170166015625 0.871826171875
0.0285110473632813 -0.0226860046386719 -0.10711669921875 0.64312744140625
0.0472908020019531 -0.011474609375 0.04010009765625 0.0347862243652344
0.0192527770996094 -0.0278205871582031 0.12213134765625 -0.64739990234375
0.00286483764648438 -0.042327880859375 -0.52685546875 -0.79022216796875
-0.00742816925048828 -0.0166206359863281 -0.8653564453125 0.0149536132812499
-0.00920295715332031 -0.00141525268554687 -0.3699951171875 0.58258056640625
-0.00203323364257813 -0.010650634765625 0.11041259765625 0.479339599609375
-0.00229501724243164 0.00581264495849609 0.339324951171875 0.093414306640625
0.0102005004882813 0.0051727294921875 0.3016357421875 -0.19189453125
0.00256919860839844 -0.0137042999267578 -0.256622314453125 0.187240600585938
0.00610971450805664 -0.00537109375 -0.2633056640625 -0.130828857421875
0.000218391418457033 -0.0138072967529297 -0.0263671875 -0.495758056640625
0.00450611114501953 0.0142230987548828 0.469146728515625 -0.500823974609375
-0.0217857360839844 0.00198173522949219 0.8212890625 0.17626953125
-0.0318794250488281 -0.0555877685546875 0.458251953125 0.85809326171875
0.0275306701660156 -0.0307655334472656 -0.09320068359375 0.64971923828125
0.0498733520507813 -0.0205268859863281 0.0342216491699219 0.0448455810546875
0.0200386047363281 -0.0341014862060547 0.1343994140625 -0.64007568359375
0.00537872314453125 -0.0433464050292969 -0.50823974609375 -0.8072509765625
-0.00075244903564453 -0.0161933898925781 -0.87225341796875 -0.0150146484374999
-0.00633716583251953 -0.00531816482543945 -0.39202880859375 0.57598876953125
-0.00217437744140625 -0.0176982879638672 0.0955810546875 0.4881591796875
-0.00581073760986328 -0.000711917877197266 0.33355712890625 0.1024169921875
0.00762128829956055 -0.000280380249023438 0.301177978515625 -0.186920166015625
0.00534248352050781 -0.00429773330688477 -0.251388549804688 0.198348999023437
0.00671052932739258 0.00390481948852539 -0.291015625 -0.105438232421875
0.00031733512878418 0.00370216369628906 -0.090789794921875 -0.486175537109375
0.00450515747070312 0.0197429656982422 0.37725830078125 -0.57159423828125
-0.0213031768798828 0.00453948974609375 0.803466796875 0.04144287109375
-0.0273418426513672 -0.0293769836425781 0.5543212890625 0.76959228515625
0.0175266265869141 0.0207138061523438 -0.01800537109375 0.661865234375
0.014862060546875 0.0351676940917969 0.0396041870117188 0.07171630859375
0.01605224609375 0.0180702209472656 0.190185546875 -0.62518310546875
0.0178337097167969 -0.0200481414794922 -0.42431640625 -0.8822021484375
-0.00173377990722656 -0.0153493881225586 -0.89007568359375 -0.13275146484375
-0.00910568237304688 -0.000500679016113282 -0.46929931640625 0.518402099609375
-0.00227904319763184 0.00355386734008789 0.035888671875 0.48272705078125
-0.00158405303955078 0.0130271911621094 0.30474853515625 0.111541748046875
0.00969028472900391 0.00941562652587891 0.290008544921875 -0.1915283203125
0.00605535507202148 0.000182628631591797 -0.249908447265625 0.199569702148438
0.0100507736206055 0.00758647918701172 -0.28106689453125 -0.113525390625
0.000751495361328126 0.00998497009277344 -0.06964111328125 -0.49072265625
-0.000408172607421875 0.0214462280273438 0.406036376953125 -0.55078125
-0.0289459228515625 0.00102615356445313 0.80401611328125 0.0843505859375
-0.0292015075683594 -0.0319175720214844 0.51580810546875 0.80120849609375
0.0189189910888672 0.0220108032226563 -0.0441284179687499 0.6552734375
0.0175590515136719 0.0372161865234375 0.0433845520019531 0.0578155517578125
0.0167636871337891 0.0166664123535156 0.17266845703125 -0.63568115234375
0.0136585235595703 -0.0231285095214844 -0.4547119140625 -0.854736328125
-0.0083770751953125 -0.0166816711425781 -0.8800048828125 -0.08709716796875
-0.0120468139648437 0.00219535827636719 -0.439239501953125 0.53485107421875
-0.00303030014038086 0.00693416595458984 0.0602722167968751 0.476959228515625
0.000641822814941407 0.0168724060058594 0.31591796875 0.100250244140625
0.011073112487793 0.0126047134399414 0.289306640625 -0.199371337890625
0.010066032409668 0.00276279449462891 -0.251251220703125 0.194992065429688
0.0105791091918945 0.0113916397094727 -0.272323608398437 -0.123321533203125
0.000455856323242186 0.0123977661132813 -0.050506591796875 -0.498016357421875
-0.00560569763183594 0.0211257934570313 0.43450927734375 -0.533111572265625
-0.0342864990234375 -0.00107002258300781 0.80963134765625 0.1265869140625
-0.0299415588378906 -0.0358657836914063 0.48565673828125 0.8250732421875
0.0201930999755859 0.0187644958496094 -0.06451416015625 0.6473388671875
0.0215263366699219 0.0333271026611328 0.0457000732421875 0.0444145202636719
0.0172967910766602 0.0116052627563477 0.14990234375 -0.6441650390625
0.00967597961425781 -0.0274486541748047 -0.49334716796875 -0.82537841796875
-0.0140247344970703 -0.0172138214111328 -0.87799072265625 -0.03729248046875
-0.0138673782348633 0.00368785858154297 -0.408172607421875 0.553924560546875
-0.00114727020263672 0.00846290588378906 0.0836181640625 0.474212646484375
0.00245475769042969 0.0191173553466797 0.323760986328125 0.093353271484375
0.0141515731811523 0.0145492553710937 0.2916259765625 -0.197662353515625
0.00886726379394531 0.0037994384765625 -0.251663208007813 0.19488525390625
0.011784553527832 0.0123367309570312 -0.264068603515625 -0.130889892578125
0.0003204345703125 0.0132684707641602 -0.0291748046875 -0.500885009765625
-0.00676345825195312 0.0207004547119141 0.460479736328125 -0.512359619140625
-0.0374679565429687 -0.00363159179687499 0.8092041015625 0.1656494140625
-0.0320205688476563 -0.0404701232910156 0.4530029296875 0.84991455078125
0.0230216979980469 0.0116634368896484 -0.0860595703125 0.64056396484375
0.0280780792236328 0.0253753662109375 0.0474510192871094 0.0340805053710937
0.0179653167724609 0.00330924987792969 0.13140869140625 -0.6517333984375
0.00530052185058594 -0.0320701599121094 -0.51788330078125 -0.8023681640625
-0.017333984375 -0.017669677734375 -0.86834716796875 0.000976562500000082
-0.0145034790039063 0.00432586669921875 -0.37969970703125 0.5694580078125
-0.00105762481689453 0.0077972412109375 0.10382080078125 0.470123291015625
0.00376319885253906 0.0183658599853516 0.332122802734375 0.0853271484375
0.0143909454345703 0.0151138305664063 0.292388916015625 -0.201507568359375
0.00957107543945313 0.00201606750488281 -0.251510620117188 0.191024780273438
0.0112838745117188 0.010554313659668 -0.258224487304688 -0.136138916015625
0.000101089477539063 0.00923442840576172 -0.01885986328125 -0.5032958984375
-0.00796318054199219 0.018280029296875 0.4776611328125 -0.498199462890625
-0.0373420715332031 -0.00488662719726563 0.8118896484375 0.19171142578125
-0.0328445434570312 -0.046295166015625 0.437255859375 0.8663330078125
0.0252799987792969 0.000215530395507812 -0.09765625 0.636474609375
0.0343208312988281 0.0134105682373047 0.0467681884765625 0.0279388427734375
0.0185642242431641 -0.00725173950195313 0.1143798828125 -0.65325927734375
0.00267791748046875 -0.0364723205566406 -0.53961181640625 -0.7803955078125
-0.016657829284668 -0.0167713165283203 -0.863525390625 0.02825927734375
-0.0139245986938477 0.00309181213378906 -0.36029052734375 0.582275390625
-0.000360965728759766 0.00312566757202148 0.118377685546875 0.469818115234375
0.00297069549560547 0.0159511566162109 0.337890625 0.081817626953125
0.0145845413208008 0.0132780075073242 0.2935791015625 -0.199462890625
0.00871562957763672 -0.00179815292358398 -0.2509765625 0.18927001953125
0.0097808837890625 0.00629711151123047 -0.256179809570313 -0.136672973632813
-0.000271797180175781 0.00375175476074219 -0.01580810546875 -0.501678466796875
-0.00515937805175781 0.0168552398681641 0.482879638671875 -0.4912109375
-0.0346794128417969 -0.00344276428222656 0.81500244140625 0.20068359375
-0.0334014892578125 -0.0513229370117187 0.43408203125 0.86981201171875
0.0274620056152344 -0.0120506286621094 -0.10302734375 0.63677978515625
0.041473388671875 2.6702880859375E-05 0.0439872741699219 0.02777099609375
0.0187110900878906 -0.0187664031982422 0.109375 -0.65234375
0.001007080078125 -0.0401458740234375 -0.54559326171875 -0.77215576171875
-0.0139951705932617 -0.0169820785522461 -0.86346435546875 0.0369262695312501
-0.0126276016235352 0.00100135803222656 -0.353515625 0.587890625
-0.00147128105163574 -0.00267243385314941 0.121734619140625 0.471405029296875
0.000624656677246094 0.0121927261352539 0.339935302734375 0.083251953125
0.0132741928100586 0.0101757049560547 0.295989990234375 -0.19671630859375
0.00577688217163086 -0.00748825073242187 -0.251617431640625 0.190078735351562
0.00886917114257813 0.00102043151855469 -0.258819580078125 -0.133468627929688
-0.000145435333251954 -0.00472831726074219 -0.022735595703125 -0.499481201171875
-0.00105571746826172 0.0156888961791992 0.47857666015625 -0.494903564453125
-0.0288715362548828 -0.00129508972167968 0.81744384765625 0.19073486328125
-0.0335235595703125 -0.054107666015625 0.4439697265625 0.86248779296875
0.0281448364257813 -0.0227241516113281 -0.0979003906250001 0.640380859375
0.046539306640625 -0.0119552612304687 0.0402565002441406 0.0335807800292969
0.0189533233642578 -0.0279502868652344 0.11456298828125 -0.6475830078125
0.0016632080078125 -0.0425071716308594 -0.53570556640625 -0.78253173828125
-0.00825119018554687 -0.0176315307617188 -0.86395263671875 0.0269165039062498
-0.00949954986572266 -0.001556396484375 -0.36322021484375 0.58746337890625
-0.00126266479492188 -0.009979248046875 0.1162109375 0.478851318359375
-0.0018467903137207 0.00599145889282226 0.33935546875 0.088134765625
0.0100975036621094 0.00554943084716797 0.29718017578125 -0.194671630859375
0.00346088409423828 -0.0133590698242188 -0.252212524414063 0.190353393554687
0.00704622268676758 -0.00501680374145508 -0.264007568359375 -0.126937866210937
-0.000438690185546875 -0.0129108428955078 -0.034332275390625 -0.494781494140625
0.0045928955078125 0.0141353607177734 0.462005615234375 -0.5059814453125
-0.0220623016357422 0.00236320495605469 0.82122802734375 0.164306640625
-0.0333251953125 -0.0551223754882813 0.4678955078125 0.84808349609375
0.0276927947998047 -0.0303859710693359 -0.0856323242187501 0.64837646484375
0.0490074157714844 -0.0213241577148438 0.03436279296875 0.0445175170898438
0.0192985534667969 -0.0343132019042969 0.12701416015625 -0.638671875
0.00507354736328125 -0.0432624816894531 -0.51812744140625 -0.79901123046875
-0.000807762145996092 -0.0171194076538086 -0.86944580078125 -0.00183105468750016
-0.00653743743896484 -0.00526094436645508 -0.38348388671875 0.5794677734375
-0.0024566650390625 -0.0173091888427734 0.1011962890625 0.48492431640625
-0.0054478645324707 -5.96046447753916E-05 0.333648681640625 0.0966796875
0.00745058059692383 -0.000324249267578125 0.29718017578125 -0.1905517578125
0.00626850128173828 -0.00387907028198242 -0.246429443359375 0.200271606445313
0.00678014755249024 0.00447320938110352 -0.29052734375 -0.1016845703125
0.000205039978027344 0.00424289703369141 -0.09771728515625 -0.4832763671875
0.00487518310546875 0.0192489624023438 0.36859130859375 -0.5728759765625
-0.0214481353759766 0.00431251525878907 0.800048828125 0.0323486328125
-0.0281085968017578 -0.0285110473632812 0.561279296875 0.7608642578125
0.0180377960205078 0.0205421447753906 -0.00988769531249997 0.65789794921875
0.0149860382080078 0.034942626953125 0.0401458740234375 0.0703277587890625
0.0154933929443359 0.0176601409912109 0.18206787109375 -0.6239013671875
0.0174808502197266 -0.0206241607666016 -0.43353271484375 -0.8726806640625
-0.00165367126464844 -0.0161123275756836 -0.88690185546875 -0.12060546875
-0.00928974151611328 -0.00051593780517578 -0.4617919921875 0.52349853515625
-0.00194334983825684 0.00357174873352051 0.040618896484375 0.4813232421875
-0.00216960906982422 0.0133647918701172 0.304443359375 0.105926513671875
0.0102386474609375 0.00869178771972656 0.285980224609375 -0.194183349609375
0.00723648071289063 0.000338077545166016 -0.244338989257813 0.201431274414063
0.0102882385253906 0.00897121429443359 -0.281280517578125 -0.109832763671875
0.000525474548339844 0.0104379653930664 -0.0753784179687499 -0.488037109375
0.000255584716796873 0.0204906463623047 0.39739990234375 -0.5521240234375
-0.0287113189697266 0.00116539001464844 0.8006591796875 0.07562255859375
-0.0302181243896484 -0.0309581756591797 0.52252197265625 0.789794921875
0.019134521484375 0.0217418670654297 -0.03594970703125 0.650390625
0.01739501953125 0.0368385314941406 0.0433120727539063 0.0574188232421875
0.0167779922485352 0.0170536041259766 0.16387939453125 -0.63580322265625
0.0131149291992187 -0.0236606597900391 -0.4638671875 -0.84539794921875
-0.00894927978515625 -0.017399787902832 -0.87908935546875 -0.0741577148437499
-0.0121011734008789 0.0020608901977539 -0.42987060546875 0.53826904296875
-0.0027008056640625 0.0074315071105957 0.0653076171875 0.473236083984375
0.00128936767578125 0.0170660018920898 0.31488037109375 0.095550537109375
0.0117626190185547 0.0130901336669922 0.285430908203125 -0.20233154296875
0.0106801986694336 0.00294685363769531 -0.246353149414063 0.1966552734375
0.0114927291870117 0.0118646621704102 -0.272705078125 -0.119903564453125
0.00124931335449219 0.0133333206176758 -0.056427001953125 -0.494964599609375
-0.00534629821777344 0.0209903717041016 0.424957275390625 -0.53375244140625
-0.0339221954345703 -0.000699996948242193 0.80755615234375 0.11541748046875
-0.0318698883056641 -0.0346870422363281 0.49395751953125 0.81488037109375
0.0206356048583984 0.0182304382324219 -0.056884765625 0.643310546875
0.0216712951660156 0.0324535369873047 0.0455665588378906 0.0435218811035156
0.0180511474609375 0.0117092132568359 0.1409912109375 -0.64251708984375
0.00952911376953125 -0.027984619140625 -0.5013427734375 -0.81451416015625
-0.0145454406738281 -0.0177192687988281 -0.8726806640625 -0.0262451171874999
-0.0141077041625977 0.003082275390625 -0.39947509765625 0.55865478515625
-0.00150012969970703 0.00889873504638672 0.087554931640625 0.47027587890625
0.00278472900390625 0.0191440582275391 0.32373046875 0.08770751953125
0.0140676498413086 0.0148191452026367 0.28759765625 -0.20074462890625
0.0102157592773438 0.00343799591064453 -0.246063232421875 0.196090698242188
0.0121421813964844 0.0131778717041016 -0.26385498046875 -0.127349853515625
0.000810623168945312 0.0128364562988281 -0.03790283203125 -0.498138427734375
-0.00771331787109375 0.0200119018554688 0.45086669921875 -0.512969970703125
-0.037384033203125 -0.00348663330078124 0.8077392578125 0.15509033203125
-0.0324897766113281 -0.039764404296875 0.46044921875 0.8402099609375
0.0232124328613281 0.0112934112548828 -0.07830810546875 0.638427734375
0.0277996063232422 0.0255279541015625 0.04766845703125 0.0332603454589844
0.0182285308837891 0.00349807739257813 0.123779296875 -0.64923095703125
0.00448989868164063 -0.0322017669677734 -0.5242919921875 -0.7891845703125
-0.0170440673828125 -0.0178203582763672 -0.8641357421875 0.0114746093750002
-0.0141925811767578 0.00447940826416016 -0.3719482421875 0.572265625
-0.00122356414794922 0.00795841217041016 0.108001708984375 0.467071533203125
0.00433349609375 0.0183162689208984 0.33209228515625 0.080413818359375
0.0144424438476562 0.0148344039916992 0.288482666015625 -0.2041015625
0.0106878280639648 0.00238227844238281 -0.245529174804687 0.192794799804688
0.0118074417114258 0.0111885070800781 -0.258407592773438 -0.132553100585937
4.10079956054695E-05 0.00983905792236328 -0.025299072265625 -0.50128173828125
-0.00783538818359375 0.0183696746826172 0.46893310546875 -0.5008544921875
-0.0378952026367188 -0.00495529174804687 0.81121826171875 0.181884765625
-0.0337791442871094 -0.0457191467285156 0.44671630859375 0.8548583984375
0.0256519317626953 0.000543594360351563 -0.09039306640625 0.6339111328125
0.0345478057861328 0.0128974914550781 0.046630859375 0.0268440246582031
0.0188388824462891 -0.00727272033691406 0.1051025390625 -0.65203857421875
0.00213623046875 -0.0372734069824219 -0.54638671875 -0.7698974609375
-0.016937255859375 -0.0173931121826172 -0.8607177734375 0.039794921875
-0.0139398574829102 0.00295162200927734 -0.3514404296875 0.5845947265625
-0.000815868377685547 0.00359988212585449 0.12353515625 0.465576171875
0.00314044952392578 0.016444206237793 0.337310791015625 0.077392578125
0.0153369903564453 0.0128660202026367 0.28924560546875 -0.201934814453125
0.00925827026367188 -0.00190639495849609 -0.2462158203125 0.191070556640625
0.0100784301757813 0.00746822357177734 -0.2564697265625 -0.132888793945313
0.000216245651245118 0.00351929664611816 -0.021820068359375 -0.49908447265625
-0.00485992431640625 0.0166769027709961 0.47601318359375 -0.49505615234375
-0.0347652435302734 -0.00367164611816406 0.81353759765625 0.19012451171875
-0.0338783264160156 -0.0501289367675781 0.44293212890625 0.85992431640625
0.0277996063232422 -0.0118732452392578 -0.0955200195312499 0.6339111328125
0.0416259765625 -0.00048828125 0.0439682006835938 0.0276260375976563
0.0186004638671875 -0.0185356140136719 0.10052490234375 -0.6510009765625
0.000488281250000002 -0.0401649475097656 -0.553466796875 -0.76300048828125
-0.0142440795898438 -0.017669677734375 -0.8572998046875 0.0489501953124998
-0.0126867294311523 0.00131416320800781 -0.3460693359375 0.59124755859375
-0.00101351737976074 -0.00229692459106445 0.1256103515625 0.469146728515625
0.0010213851928711 0.0119590759277344 0.33990478515625 0.078094482421875
0.0138978958129883 0.0095224380493164 0.291107177734375 -0.1995849609375
0.00621557235717773 -0.00784587860107422 -0.246932983398437 0.191726684570313
0.00988483428955078 0.00242328643798828 -0.259979248046875 -0.130126953125
-0.000720500946044921 -0.00464200973510742 -0.02880859375 -0.4957275390625
-0.000436782836914061 0.0151338577270508 0.46807861328125 -0.499053955078125
-0.0292396545410156 -0.00110435485839844 0.81353759765625 0.1795654296875
-0.034515380859375 -0.0526351928710937 0.45281982421875 0.85357666015625
0.0278759002685547 -0.0224208831787109 -0.09124755859375 0.63714599609375
0.0466156005859375 -0.0125579833984375 0.0395469665527344 0.0332870483398438
0.0189437866210938 -0.0274238586425781 0.10565185546875 -0.64544677734375
0.000854492187499998 -0.0429534912109375 -0.5418701171875 -0.770263671875
-0.00815773010253906 -0.0173349380493164 -0.86053466796875 0.0380859374999999
-0.009490966796875 -0.00141429901123047 -0.35284423828125 0.5889892578125
-0.00264263153076172 -0.00966930389404297 0.122283935546875 0.4742431640625
-0.00187921524047852 0.00635957717895508 0.33843994140625 0.083099365234375
0.0105724334716797 0.00465202331542969 0.292572021484375 -0.19842529296875
0.00380420684814453 -0.0130825042724609 -0.246505737304688 0.192031860351563
0.00758695602416992 -0.00481462478637695 -0.26470947265625 -0.123489379882812
-0.00063610076904297 -0.0123052597045898 -0.041290283203125 -0.4921875
0.00545310974121094 0.0135955810546875 0.4517822265625 -0.5098876953125
-0.0218830108642578 0.00225067138671875 0.81829833984375 0.1544189453125
-0.0340995788574219 -0.0533103942871094 0.47705078125 0.838134765625
0.027099609375 -0.0302009582519531 -0.07623291015625 0.6451416015625
0.0488510131835938 -0.0217361450195313 0.0344352722167969 0.0439682006835938
0.0187835693359375 -0.0338363647460937 0.11749267578125 -0.63677978515625
0.0036773681640625 -0.0429496765136719 -0.525390625 -0.78863525390625
-0.00173664093017578 -0.0173521041870117 -0.86688232421875 0.00756835937500002
-0.00612545013427734 -0.00521469116210938 -0.3736572265625 0.583251953125
-0.00232601165771484 -0.0168237686157227 0.10638427734375 0.48126220703125
-0.00490617752075195 0.00037240982055664 0.3328857421875 0.092071533203125
0.00779151916503906 -0.000364780426025391 0.293304443359375 -0.193756103515625
0.00722694396972656 -0.00381278991699219 -0.24237060546875 0.201156616210937
0.00798416137695313 0.00473356246948242 -0.29022216796875 -0.0984191894531249
-9.58442687988285E-05 0.00522136688232422 -0.102752685546875 -0.47955322265625
0.00508689880371094 0.0185623168945313 0.3594970703125 -0.573486328125
-0.0208320617675781 0.00499725341796875 0.79583740234375 0.0220947265625
-0.0290069580078125 -0.0272407531738281 0.56536865234375 0.74810791015625
0.0181541442871094 0.0200767517089844 -0.00439453125000006 0.65142822265625
0.0161857604980469 0.0344753265380859 0.0393524169921875 0.070037841796875
0.0160083770751953 0.0176620483398438 0.17364501953125 -0.62109375
0.0168704986572266 -0.0207767486572266 -0.44281005859375 -0.86260986328125
-0.00186920166015625 -0.0159139633178711 -0.88323974609375 -0.11065673828125
-0.00886917114257813 -2.38418579101571E-05 -0.45361328125 0.526397705078125
-0.00180983543395996 0.00338220596313477 0.045867919921875 0.47784423828125
-0.00164318084716797 0.0131359100341797 0.30340576171875 0.10272216796875
0.0101346969604492 0.00893878936767578 0.281112670898438 -0.195907592773438
0.00817251205444336 0.000425815582275391 -0.24017333984375 0.201919555664063
0.0109996795654297 0.00962257385253906 -0.28155517578125 -0.1068115234375
0.000970840454101563 0.0104570388793945 -0.081451416015625 -0.484222412109375
0.000509262084960938 0.0205154418945313 0.38885498046875 -0.55255126953125
-0.0289440155029297 0.00153350830078124 0.79833984375 0.06671142578125
-0.0302772521972656 -0.0291080474853516 0.528076171875 0.77978515625
0.0196743011474609 0.022125244140625 -0.02960205078125 0.645751953125
0.0178070068359375 0.0364265441894531 0.0430335998535156 0.05633544921875
0.0167474746704102 0.0168418884277344 0.15716552734375 -0.6331787109375
0.0127010345458984 -0.0237026214599609 -0.469970703125 -0.8358154296875
-0.0097198486328125 -0.0176734924316406 -0.87506103515625 -0.0637817382812499
-0.0122833251953125 0.00191402435302734 -0.42266845703125 0.54058837890625
-0.0020136833190918 0.00790309906005859 0.069244384765625 0.470672607421875
0.00125980377197266 0.0170812606811523 0.313812255859375 0.0916748046875
0.01190185546875 0.0129671096801758 0.28125 -0.204315185546875
0.0114011764526367 0.0030517578125 -0.242095947265625 0.197418212890625
0.0123052597045898 0.0132064819335938 -0.272323608398438 -0.117507934570312
0.00108623504638672 0.0140724182128906 -0.062347412109375 -0.491668701171875
-0.00458145141601563 0.0205574035644531 0.417724609375 -0.535369873046875
-0.0345325469970703 -0.000568389892578132 0.80426025390625 0.10784912109375
-0.0325984954833984 -0.0330410003662109 0.50164794921875 0.8055419921875
0.0213222503662109 0.0177326202392578 -0.04864501953125 0.637939453125
0.0215568542480469 0.0324897766113281 0.0456695556640625 0.0430564880371094
0.0178108215332031 0.0113162994384766 0.13311767578125 -0.63922119140625
0.00818443298339844 -0.0280609130859375 -0.50787353515625 -0.80499267578125
-0.0143394470214844 -0.0179214477539062 -0.869384765625 -0.0191650390624999
-0.0142116546630859 0.00330066680908203 -0.39190673828125 0.55999755859375
-0.00110912322998047 0.00951194763183594 0.09222412109375 0.466339111328125
0.0031890869140625 0.0189723968505859 0.32177734375 0.083770751953125
0.0144987106323242 0.0145244598388672 0.2833251953125 -0.202178955078125
0.0109195709228516 0.00297355651855469 -0.241775512695313 0.1976318359375
0.0128145217895508 0.0133905410766602 -0.264251708984375 -0.124191284179687
0.000473976135253908 0.0137615203857422 -0.044525146484375 -0.4957275390625
-0.00668144226074219 0.0193824768066406 0.443603515625 -0.5152587890625
-0.0378990173339844 -0.00323104858398438 0.8035888671875 0.14630126953125
-0.033843994140625 -0.0378036499023438 0.4686279296875 0.83074951171875
0.0237388610839844 0.0113334655761719 -0.07171630859375 0.6334228515625
0.0277214050292969 0.0247135162353516 0.0461158752441406 0.0324745178222656
0.0179767608642578 0.00318145751953125 0.1148681640625 -0.64642333984375
0.004608154296875 -0.0325298309326172 -0.53106689453125 -0.7802734375
-0.0174484252929688 -0.0177536010742187 -0.859130859375 0.0207519531249998
-0.0138998031616211 0.00392627716064453 -0.3638916015625 0.5731201171875
-0.00123739242553711 0.0079045295715332 0.111358642578125 0.463134765625
0.00449562072753906 0.0184688568115234 0.330535888671875 0.075958251953125
0.0150146484375 0.014678955078125 0.28387451171875 -0.206085205078125
0.011540412902832 0.00242137908935547 -0.241317749023438 0.19390869140625
0.0120620727539063 0.0116205215454102 -0.258193969726563 -0.129928588867188
0.000688552856445312 0.0104351043701172 -0.032318115234375 -0.4986572265625
-0.00739669799804687 0.0178680419921875 0.46038818359375 -0.501708984375
-0.0378379821777344 -0.00360870361328124 0.80804443359375 0.1729736328125
-0.0344429016113281 -0.0441627502441406 0.45263671875 0.8460693359375
0.0259208679199219 -0.000158309936523438 -0.083984375 0.62890625
0.0344352722167969 0.0126190185546875 0.0458755493164063 0.0266151428222656
0.0189762115478516 -0.00745964050292969 0.0993041992187501 -0.6484375
0.000873565673828128 -0.0361824035644531 -0.55316162109375 -0.7598876953125
-0.0171909332275391 -0.0177249908447266 -0.85491943359375 0.0493774414062498
-0.014033317565918 0.00329399108886719 -0.3433837890625 0.5858154296875
-0.000757694244384766 0.00377392768859863 0.1268310546875 0.463470458984375
0.0030059814453125 0.0157346725463867 0.335662841796875 0.072479248046875
0.0151119232177734 0.0128469467163086 0.2850341796875 -0.2039794921875
0.010279655456543 -0.00181961059570312 -0.241836547851563 0.1923828125
0.0112943649291992 0.00781822204589844 -0.256622314453125 -0.130386352539063
0.000503778457641602 0.00386905670166016 -0.027557373046875 -0.4967041015625
-0.00432682037353516 0.0163116455078125 0.4671630859375 -0.49676513671875
-0.0347461700439453 -0.00337600708007813 0.8106689453125 0.18072509765625
-0.0341415405273438 -0.0486640930175781 0.44921875 0.849853515625
0.0266609191894531 -0.0122432708740234 -0.0866699218750001 0.6287841796875
0.0408439636230469 -0.000743865966796875 0.0432891845703125 0.0271148681640625
0.0190773010253906 -0.0179195404052734 0.0941162109375 -0.6473388671875
0.000213623046874998 -0.0404243469238281 -0.55828857421875 -0.75347900390625
-0.0147876739501953 -0.0176372528076172 -0.85308837890625 0.0582275390625002
-0.0125551223754883 0.00125503540039062 -0.33770751953125 0.5928955078125
-0.00112533569335937 -0.00188922882080078 0.131011962890625 0.4654541015625
0.000448226928710937 0.0119962692260742 0.338104248046875 0.073760986328125
0.0141448974609375 0.00957965850830078 0.286865234375 -0.201690673828125
0.00744152069091797 -0.00748205184936523 -0.242599487304688 0.192916870117187
0.0104608535766602 0.00223445892333984 -0.259307861328125 -0.127182006835938
-0.000113487243652344 -0.00345253944396973 -0.034332275390625 -0.49298095703125
-0.000250816345214845 0.0146732330322266 0.45855712890625 -0.500396728515625
-0.0296115875244141 -0.000921249389648439 0.811279296875 0.16937255859375
-0.0350303649902344 -0.0515060424804688 0.45855712890625 0.8431396484375
0.0282020568847656 -0.0224056243896484 -0.0831298828124999 0.63323974609375
0.0460968017578125 -0.0131111145019531 0.0392303466796875 0.0333023071289063
0.0186004638671875 -0.0275821685791016 0.097900390625 -0.64111328125
0.000473022460937495 -0.0424957275390625 -0.54681396484375 -0.7601318359375
-0.0091705322265625 -0.0179214477539063 -0.85455322265625 0.0462646484375
-0.00974082946777344 -0.00181007385253906 -0.34539794921875 0.59185791015625
-0.00227069854736328 -0.00965118408203125 0.1259765625 0.469329833984375
-0.00177907943725586 0.00584125518798828 0.337158203125 0.078399658203125
0.0107088088989258 0.005218505859375 0.2891845703125 -0.200042724609375
0.00438880920410156 -0.0133571624755859 -0.24237060546875 0.19317626953125
0.00798940658569336 -0.00348949432373047 -0.264175415039063 -0.12115478515625
-0.000205993652343749 -0.0111007690429688 -0.047637939453125 -0.489013671875
0.00569057464599609 0.0126533508300781 0.44317626953125 -0.51080322265625
-0.0222740173339844 0.00216865539550782 0.81488037109375 0.1435546875
-0.0353775024414062 -0.0514030456542969 0.4833984375 0.82733154296875
0.0264377593994141 -0.0305538177490234 -0.0699462890624999 0.64080810546875
0.0475387573242188 -0.0219650268554688 0.0342826843261719 0.043853759765625
0.0189723968505859 -0.0337562561035156 0.1116943359375 -0.63238525390625
0.00291824340820313 -0.0429039001464844 -0.5306396484375 -0.77740478515625
-0.00171470642089844 -0.0175857543945313 -0.86126708984375 0.0196533203124999
-0.00675678253173828 -0.00528430938720703 -0.3665771484375 0.58660888671875
-0.00326824188232422 -0.01690673828125 0.109619140625 0.477813720703125
-0.00580978393554688 0.000538825988769531 0.331695556640625 0.086517333984375
0.00783157348632813 0.000151634216308594 0.28948974609375 -0.195648193359375
0.00765657424926758 -0.00410366058349609 -0.2374267578125 0.200927734375
0.00795507431030273 0.00567722320556641 -0.289215087890625 -0.095458984375
0.000163555145263672 0.00589227676391602 -0.10736083984375 -0.474822998046875
0.00566673278808594 0.0180473327636719 0.35076904296875 -0.572998046875
-0.0214424133300781 0.00428390502929687 0.7911376953125 0.015869140625
-0.0291519165039063 -0.0263099670410156 0.57183837890625 0.7371826171875
0.0190925598144531 0.0203819274902344 0.00122070312500002 0.6456298828125
0.0159854888916016 0.0339012145996094 0.0397109985351563 0.0688209533691406
0.0163078308105469 0.0176506042480469 0.1663818359375 -0.6182861328125
0.0165691375732422 -0.0208892822265625 -0.44482421875 -0.850830078125
-0.001678466796875 -0.0163555145263672 -0.878662109375 -0.0995483398437499
-0.00885772705078125 -0.000793457031249999 -0.445892333984375 0.526702880859375
-0.00229692459106445 0.00405168533325195 0.04925537109375 0.475494384765625
-0.00161457061767578 0.0135307312011719 0.302001953125 0.09808349609375
0.0110902786254883 0.00885295867919922 0.27740478515625 -0.197402954101563
0.00859451293945313 0.000428676605224609 -0.2359619140625 0.202590942382813
0.0114898681640625 0.00987625122070313 -0.279220581054688 -0.10443115234375
0.000917434692382813 0.0112142562866211 -0.08660888671875 -0.480865478515625
0.000802993774414062 0.0199604034423828 0.379608154296875 -0.551544189453125
-0.0289516448974609 0.00131416320800782 0.79217529296875 0.059326171875
-0.0306854248046875 -0.0275630950927734 0.5321044921875 0.767578125
0.0199718475341797 0.0221920013427734 -0.023193359375 0.64056396484375
0.0182456970214844 0.0357131958007813 0.0428237915039063 0.0556144714355469
0.017390251159668 0.0168008804321289 0.149169921875 -0.62713623046875
0.0119743347167969 -0.0236968994140625 -0.4739990234375 -0.82415771484375
-0.0100803375244141 -0.0180149078369141 -0.86944580078125 -0.05487060546875
-0.0118751525878906 0.00159549713134766 -0.4150390625 0.541900634765625
-0.00226449966430664 0.00860071182250977 0.07257080078125 0.467498779296875
0.0018463134765625 0.0167274475097656 0.3114013671875 0.087249755859375
0.0120000839233398 0.0129156112670898 0.27679443359375 -0.204910278320313
0.0127134323120117 0.00330066680908203 -0.236846923828125 0.19775390625
0.0125522613525391 0.0133562088012695 -0.2716064453125 -0.11456298828125
0.001312255859375 0.0139045715332031 -0.06732177734375 -0.488922119140625
-0.00433349609375 0.0195846557617188 0.410186767578125 -0.5345458984375
-0.0343303680419922 0.00018692016601562 0.79876708984375 0.100341796875
-0.0326805114746094 -0.0316791534423828 0.50592041015625 0.79547119140625
0.0219154357910156 0.0175018310546875 -0.04315185546875 0.6339111328125
0.0219230651855469 0.0322933197021484 0.0448951721191406 0.0419921875
0.0180168151855469 0.0110111236572266 0.1259765625 -0.63580322265625
0.00814628601074219 -0.0283527374267578 -0.5120849609375 -0.7943115234375
-0.01513671875 -0.0182132720947266 -0.86395263671875 -0.00860595703125002
-0.0140695571899414 0.00314140319824219 -0.384796142578125 0.560638427734375
-0.000976562499999999 0.00907707214355469 0.095489501953125 0.46319580078125
0.00259208679199219 0.01934814453125 0.320587158203125 0.079620361328125
0.0155954360961914 0.0144891738891602 0.278900146484375 -0.204025268554688
0.012242317199707 0.00365352630615234 -0.23638916015625 0.1976318359375
0.0135307312011719 0.0143108367919922 -0.263702392578125 -0.1214599609375
0.000825881958007813 0.0143165588378906 -0.048828125 -0.491546630859375
-0.00619125366210937 0.0183639526367188 0.43511962890625 -0.515960693359375
-0.0370979309082031 -0.0028533935546875 0.8001708984375 0.13970947265625
-0.0340003967285156 -0.0365791320800781 0.47314453125 0.82025146484375
0.0237178802490234 0.0112247467041016 -0.0645751953125 0.62762451171875
0.0277156829833984 0.0239639282226563 0.0460319519042969 0.0312614440917969
0.0182056427001953 0.00298500061035156 0.10809326171875 -0.64215087890625
0.00352096557617188 -0.0325641632080078 -0.53375244140625 -0.77093505859375
-0.0185604095458984 -0.01837158203125 -0.855224609375 0.0296020507812501
-0.0143594741821289 0.00421810150146484 -0.35601806640625 0.575439453125
-0.000519275665283202 0.00801467895507813 0.115753173828125 0.45794677734375
0.004638671875 0.0186080932617188 0.327880859375 0.07196044921875
0.0152158737182617 0.0147275924682617 0.279342651367188 -0.207244873046875
0.0126018524169922 0.00193023681640625 -0.23699951171875 0.194076538085937
0.0131444931030273 0.0123863220214844 -0.25897216796875 -0.12664794921875
0.000867843627929688 0.011143684387207 -0.036834716796875 -0.495391845703125
-0.00683116912841797 0.0173397064208984 0.452484130859375 -0.50244140625
-0.0376510620117188 -0.00336074829101562 0.80364990234375 0.16473388671875
-0.0348968505859375 -0.042449951171875 0.45684814453125 0.83392333984375
0.0256595611572266 0.000555038452148438 -0.078125 0.62518310546875
0.0346145629882813 0.0120773315429688 0.0453453063964844 0.0258293151855469
0.0190296173095703 -0.00726699829101562 0.0928955078125001 -0.6439208984375
0.000339508056640622 -0.0365791320800781 -0.5560302734375 -0.748046875
-0.0177192687988281 -0.0177059173583984 -0.84881591796875 0.05731201171875
-0.0136880874633789 0.0030679702758789 -0.33587646484375 0.58673095703125
-0.000496625900268555 0.00416040420532227 0.12847900390625 0.459075927734375
0.00321674346923828 0.0159292221069336 0.3338623046875 0.069305419921875
0.0157833099365234 0.0129938125610352 0.280609130859375 -0.204696655273437
0.0111141204833984 -0.00175380706787109 -0.23724365234375 0.192764282226563
0.0115747451782227 0.00800609588623047 -0.255905151367188 -0.1270751953125
0.000446319580078125 0.0051732063293457 -0.033599853515625 -0.49285888671875
-0.00465774536132813 0.0155553817749023 0.4588623046875 -0.497222900390625
-0.0347213745117188 -0.00324249267578125 0.806884765625 0.1727294921875
-0.0353507995605469 -0.0468254089355469 0.4547119140625 0.83966064453125
0.0279388427734375 -0.0117149353027344 -0.08160400390625 0.6246337890625
0.0409049987792969 -0.00151824951171875 0.04278564453125 0.0261192321777344
0.0180683135986328 -0.0182971954345703 0.08734130859375 -0.64154052734375
-0.000713348388671871 -0.0400924682617188 -0.56005859375 -0.74090576171875
-0.0152912139892578 -0.0181140899658203 -0.84698486328125 0.0670166015625
-0.0125503540039062 0.00115489959716797 -0.33050537109375 0.5919189453125
-0.00150597095489502 -0.00153934955596924 0.1329345703125 0.46026611328125
0.00114154815673828 0.0116281509399414 0.336151123046875 0.06976318359375
0.0140361785888672 0.00897598266601563 0.2825927734375 -0.2027587890625
0.00852203369140625 -0.00736141204833984 -0.238204956054688 0.193267822265625
0.0109224319458008 0.00228595733642578 -0.259048461914063 -0.124420166015625
0.000386238098144531 -0.00262331962585449 -0.0397033691406249 -0.48944091796875
-0.000277519226074218 0.0136518478393555 0.45208740234375 -0.500946044921875
-0.0295372009277344 -0.0010223388671875 0.8077392578125 0.16253662109375
-0.0358161926269531 -0.0501670837402344 0.4638671875 0.8333740234375
0.0274829864501953 -0.0230350494384766 -0.07916259765625 0.628662109375
0.045318603515625 -0.0134315490722656 0.0382843017578125 0.0320701599121094
0.0179634094238281 -0.0267925262451172 0.0914306640625 -0.63812255859375
-0.000274658203124997 -0.0427627563476563 -0.55072021484375 -0.74951171875
-0.0096435546875 -0.0177192687988281 -0.8475341796875 0.0559692382812502
-0.010157585144043 -0.00158309936523438 -0.33795166015625 0.59100341796875
-0.00240182876586914 -0.00822782516479492 0.129241943359375 0.466827392578125
-0.0016169548034668 0.00626611709594727 0.334930419921875 0.0745849609375
0.0106821060180664 0.00472736358642578 0.284332275390625 -0.201568603515625
0.00489330291748047 -0.0133552551269531 -0.237655639648437 0.193405151367188
0.00877475738525391 -0.00353336334228516 -0.264312744140625 -0.117218017578125
-0.000923156738281249 -0.0109853744506836 -0.05328369140625 -0.4854736328125
0.0059347152709961 0.0120248794555664 0.435272216796875 -0.51129150390625
-0.0223827362060547 0.00234794616699219 0.81201171875 0.13763427734375
-0.0355987548828125 -0.0500450134277344 0.48779296875 0.81854248046875
0.0267734527587891 -0.0302314758300781 -0.06488037109375 0.635009765625
0.0476608276367187 -0.0224723815917969 0.0337295532226563 0.0426559448242188
0.01800537109375 -0.0334949493408203 0.10382080078125 -0.630126953125
0.00250625610351562 -0.0430335998535156 -0.53472900390625 -0.76544189453125
-0.00290679931640625 -0.0181770324707031 -0.8551025390625 0.0275878906249999
-0.00685930252075195 -0.00574970245361328 -0.3585205078125 0.5849609375
-0.00237846374511719 -0.0163078308105469 0.11358642578125 0.474365234375
-0.00528240203857422 0.000621795654296874 0.329315185546875 0.083465576171875
0.00823354721069336 0.000310897827148437 0.284881591796875 -0.19708251953125
0.0082554817199707 -0.00373411178588867 -0.232513427734375 0.200729370117188
0.008758544921875 0.0063176155090332 -0.28814697265625 -0.0936584472656251
0.000639915466308594 0.00598335266113281 -0.111358642578125 -0.47198486328125
0.00569343566894531 0.017277717590332 0.343017578125 -0.5697021484375
-0.0214958190917969 0.00473213195800781 0.7845458984375 0.00946044921875
-0.0295333862304688 -0.0245800018310547 0.57305908203125 0.726318359375
0.0186100006103516 0.0202064514160156 0.00592041015625004 0.63983154296875
0.0156040191650391 0.0336837768554688 0.0396003723144531 0.0688323974609375
0.016169548034668 0.0175085067749023 0.16046142578125 -0.61322021484375
0.0155277252197266 -0.0209007263183594 -0.4490966796875 -0.84124755859375
-0.00279140472412109 -0.0171279907226563 -0.87322998046875 -0.0916748046875001
-0.00930213928222656 -7.15255737304688E-05 -0.43792724609375 0.527099609375
-0.00243663787841797 0.00403738021850586 0.051025390625 0.47174072265625
-0.00131130218505859 0.013519287109375 0.299957275390625 0.09564208984375
0.0111598968505859 0.00948333740234375 0.273117065429688 -0.198471069335938
0.00940704345703125 0.000161170959472656 -0.230819702148438 0.201171875
0.0124444961547852 0.0105648040771484 -0.279571533203125 -0.101181030273438
0.00175380706787109 0.0116539001464844 -0.09051513671875 -0.47711181640625
0.000703811645507811 0.0191669464111328 0.372039794921875 -0.549835205078125
-0.0292148590087891 0.00217819213867187 0.786376953125 0.05426025390625
-0.0321559906005859 -0.0268611907958984 0.534912109375 0.75823974609375
0.0206642150878906 0.0215320587158203 -0.0195312499999999 0.63348388671875
0.0180435180664063 0.0354728698730469 0.0426254272460938 0.0548019409179688
0.0176486968994141 0.0167999267578125 0.144287109375 -0.62518310546875
0.0121612548828125 -0.0239143371582031 -0.47735595703125 -0.81439208984375
-0.0100088119506836 -0.0175457000732422 -0.86175537109375 -0.0479736328125002
-0.0117311477661133 0.00168514251708984 -0.409149169921875 0.542388916015625
-0.00161457061767578 0.00769853591918945 0.075408935546875 0.46368408203125
0.00175189971923828 0.0171175003051758 0.30938720703125 0.084564208984375
0.0122947692871094 0.0122900009155273 0.27227783203125 -0.204910278320312
0.013545036315918 0.00305843353271484 -0.232376098632813 0.1971435546875
0.01336669921875 0.0137710571289063 -0.270675659179688 -0.111251831054687
0.00165271759033203 0.0147562026977539 -0.072357177734375 -0.48480224609375
-0.00358963012695312 0.0194129943847656 0.401275634765625 -0.5343017578125
-0.0343685150146484 -0.000339508056640618 0.7935791015625 0.0931396484375
-0.033111572265625 -0.0305576324462891 0.50830078125 0.78521728515625
0.0215415954589844 0.0173892974853516 -0.037841796875 0.6270751953125
0.0221462249755859 0.0317325592041016 0.0449447631835938 0.0418014526367188
0.0182056427001953 0.0120887756347656 0.12091064453125 -0.6309814453125
0.00762367248535156 -0.0281581878662109 -0.5147705078125 -0.78533935546875
-0.0148677825927734 -0.0187416076660156 -0.8577880859375 -0.00164794921875015
-0.0143709182739258 0.00333595275878906 -0.376983642578125 0.5601806640625
-0.000695228576660157 0.00909805297851562 0.0978088378906249 0.458740234375
0.0035247802734375 0.0194377899169922 0.317718505859375 0.0767822265625
0.0154495239257813 0.0136003494262695 0.274429321289063 -0.204086303710938
0.0132198333740234 0.00360870361328125 -0.232040405273438 0.1966552734375
0.0146446228027344 0.0146732330322266 -0.263442993164063 -0.11895751953125
0.000917434692382811 0.014277458190918 -0.052734375 -0.48797607421875
-0.00655364990234375 0.0179977416992188 0.427215576171875 -0.51422119140625
-0.0376243591308594 -0.0020294189453125 0.79620361328125 0.1331787109375
-0.0342025756835938 -0.0352859497070313 0.477294921875 0.8094482421875
0.0238513946533203 0.0115509033203125 -0.060791015625 0.62420654296875
0.027618408203125 0.0233421325683594 0.0454750061035156 0.0314903259277344
0.0183162689208984 0.00318717956542969 0.10272216796875 -0.63641357421875
0.00300216674804688 -0.0326156616210938 -0.536865234375 -0.75836181640625
-0.0184574127197266 -0.0184593200683594 -0.84814453125 0.0369873046874999
-0.0143280029296875 0.00356578826904297 -0.34881591796875 0.57373046875
-0.000477313995361329 0.00825262069702148 0.117523193359375 0.453948974609375
0.00453758239746094 0.0183048248291016 0.32586669921875 0.069244384765625
0.0155849456787109 0.0144996643066406 0.27520751953125 -0.20806884765625
0.0127735137939453 0.00170326232910156 -0.232711791992188 0.193679809570312
0.0141324996948242 0.0126266479492187 -0.257583618164063 -0.123992919921875
0.00110244750976563 0.0114860534667969 -0.040252685546875 -0.4901123046875
-0.00754642486572265 0.0167570114135742 0.444000244140625 -0.502288818359375
-0.0371742248535156 -0.00307083129882812 0.79815673828125 0.15618896484375
-0.0354080200195312 -0.0407371520996094 0.461181640625 0.825927734375
0.0263004302978516 -0.000463485717773438 -0.07403564453125 0.61895751953125
0.0344142913818359 0.0119743347167969 0.0446510314941406 0.0250244140625
0.0183429718017578 -0.00731277465820313 0.0870361328125 -0.63787841796875
0.000186920166015629 -0.0365066528320313 -0.55889892578125 -0.7393798828125
-0.0180473327636719 -0.0181961059570313 -0.8426513671875 0.06268310546875
-0.0136623382568359 0.00273609161376953 -0.32977294921875 0.585205078125
-0.000288724899291993 0.00411057472229004 0.13153076171875 0.454620361328125
0.00372409820556641 0.0162763595581055 0.331268310546875 0.0655517578125
0.0162696838378906 0.0136699676513672 0.277252197265625 -0.2066650390625
0.0120439529418945 -0.00192070007324219 -0.232864379882813 0.192733764648438
0.01275634765625 0.00905418395996094 -0.255844116210938 -0.125320434570312
0.000407695770263672 0.00569534301757813 -0.03619384765625 -0.48858642578125
-0.00428485870361328 0.01531982421875 0.4510498046875 -0.495941162109375
-0.0350208282470703 -0.00244140625 0.80340576171875 0.16583251953125
-0.0354804992675781 -0.0451736450195313 0.45782470703125 0.83013916015625
0.0272750854492188 -0.0111141204833984 -0.0762329101562499 0.61871337890625
0.0401649475097656 -0.001373291015625 0.0421791076660156 0.0253829956054688
0.0184803009033203 -0.0177726745605469 0.0805053710937499 -0.6361083984375
-0.00109100341796875 -0.0396766662597656 -0.56439208984375 -0.7308349609375
-0.0156717300415039 -0.0173463821411133 -0.8399658203125 0.0729980468750001
-0.0124635696411133 0.000635147094726563 -0.32269287109375 0.59246826171875
-0.000919103622436523 -0.00113022327423096 0.135498046875 0.456451416015625
0.000824928283691406 0.01190185546875 0.33349609375 0.0662841796875
0.0143680572509766 0.00959968566894531 0.2786865234375 -0.20355224609375
0.0088348388671875 -0.0075979232788086 -0.233367919921875 0.193161010742188
0.0115146636962891 0.00339794158935547 -0.258651733398437 -0.121505737304688
-0.000313162803649902 -0.00205564498901367 -0.044036865234375 -0.4854736328125
2.00271606445324E-05 0.0140542984008789 0.44287109375 -0.501007080078125
-0.0295391082763672 -0.000833511352539057 0.80322265625 0.15399169921875
-0.0360107421875 -0.0483856201171875 0.4676513671875 0.8228759765625
0.0279541015625 -0.0228195190429688 -0.0726318359375 0.623779296875
0.0455970764160156 -0.0136985778808594 0.0382804870605469 0.0316848754882813
0.0177555084228516 -0.027130126953125 0.0865478515625 -0.632568359375
-0.000972747802734371 -0.0423469543457031 -0.5535888671875 -0.73974609375
-0.0102386474609375 -0.0178546905517578 -0.841552734375 0.061767578125
-0.0100889205932617 -0.00212287902832031 -0.33099365234375 0.58990478515625
-0.00223827362060547 -0.0079350471496582 0.130615234375 0.462127685546875
-0.00136375427246094 0.00645780563354492 0.3321533203125 0.070892333984375
0.0115041732788086 0.00525093078613281 0.280288696289063 -0.202255249023437
0.00593185424804687 -0.0133895874023437 -0.23358154296875 0.193801879882813
0.00928115844726563 -0.00289726257324219 -0.263885498046875 -0.115341186523438
-0.000402450561523437 -0.0101537704467773 -0.057708740234375 -0.481964111328125
0.00603866577148437 0.0112314224243164 0.428802490234375 -0.510467529296875
-0.0225353240966797 0.00252342224121094 0.8076171875 0.12957763671875
-0.0353927612304688 -0.0487747192382812 0.49053955078125 0.80645751953125
0.0268630981445313 -0.0299625396728516 -0.06011962890625 0.63037109375
0.0474357604980469 -0.0227775573730469 0.03375244140625 0.0424003601074219
0.0177288055419922 -0.0330543518066406 0.09771728515625 -0.62518310546875
0.00164413452148438 -0.0434226989746094 -0.53594970703125 -0.756103515625
-0.00293350219726563 -0.0183601379394531 -0.84918212890625 0.03460693359375
-0.00617361068725586 -0.00517749786376953 -0.35296630859375 0.585205078125
-0.00311565399169922 -0.0157175064086914 0.11541748046875 0.471038818359375
-0.00540447235107422 0.000763416290283202 0.32769775390625 0.079071044921875
0.00885200500488281 0.000612258911132813 0.280364990234375 -0.19830322265625
0.00955867767333984 -0.00397968292236328 -0.228744506835938 0.199691772460937
0.00996017456054688 0.00643062591552734 -0.28656005859375 -0.091156005859375
0.000835418701171875 0.00665283203125 -0.11431884765625 -0.467803955078125
0.00556182861328125 0.0163640975952148 0.33758544921875 -0.56732177734375
-0.0215110778808594 0.00483131408691406 0.7801513671875 0.00457763671875
-0.0297260284423828 -0.0235958099365234 0.5736083984375 0.71722412109375
0.0197238922119141 0.0196437835693359 0.00976562499999995 0.633544921875
0.0155429840087891 0.0337448120117188 0.039520263671875 0.0672645568847656
0.0162029266357422 0.0176563262939453 0.156005859375 -0.60772705078125
0.0157604217529297 -0.0208740234375 -0.45062255859375 -0.8314208984375
-0.00264644622802734 -0.0167388916015625 -0.86761474609375 -0.0856933593750001
-0.00931358337402344 -0.000678062438964843 -0.432952880859375 0.527801513671875
-0.00200891494750977 0.00423407554626465 0.052886962890625 0.468780517578125
-0.000916481018066406 0.0137233734130859 0.298309326171875 0.09234619140625
0.011225700378418 0.00929832458496094 0.270050048828125 -0.197769165039063
0.0104713439941406 0.000482559204101563 -0.2276611328125 0.201004028320313
0.0132503509521484 0.0111274719238281 -0.27813720703125 -0.100067138671875
0.0013580322265625 0.0119590759277344 -0.092803955078125 -0.47235107421875
0.000667572021484373 0.0188674926757813 0.36688232421875 -0.546844482421875
-0.0291366577148437 0.00181007385253906 0.7811279296875 0.04864501953125
-0.0314407348632812 -0.0257549285888672 0.5362548828125 0.75006103515625
0.0211620330810547 0.0216960906982422 -0.01531982421875 0.62884521484375
0.0184898376464844 0.035369873046875 0.0422897338867188 0.05389404296875
0.0173015594482422 0.0161724090576172 0.139892578125 -0.61981201171875
0.0109081268310547 -0.0236930847167969 -0.47894287109375 -0.8048095703125
-0.0110416412353516 -0.0181884765625 -0.858154296875 -0.0419311523437501
-0.0119094848632812 0.00162315368652344 -0.401885986328125 0.54217529296875
-0.0017247200012207 0.00848770141601563 0.0766601562499999 0.459808349609375
0.00181007385253906 0.0170698165893555 0.30755615234375 0.0816650390625
0.0127935409545898 0.0127744674682617 0.268890380859375 -0.205612182617188
0.0140409469604492 0.00274181365966797 -0.22906494140625 0.196578979492188
0.0143909454345703 0.0148677825927734 -0.270339965820313 -0.110198974609375
0.00197887420654297 0.0148801803588867 -0.074798583984375 -0.481201171875
-0.00455093383789063 0.0190277099609375 0.3953857421875 -0.532806396484375
-0.03411865234375 -0.000135421752929694 0.7880859375 0.089111328125
-0.0327033996582031 -0.0291252136230469 0.509033203125 0.77569580078125
0.0224609375 0.0181598663330078 -0.03570556640625 0.62103271484375
0.0223808288574219 0.0310935974121094 0.0438232421875 0.0412521362304688
0.017491340637207 0.0113296508789062 0.11572265625 -0.625732421875
0.00708389282226562 -0.0278759002685547 -0.5146484375 -0.77490234375
-0.0156936645507813 -0.0180511474609375 -0.8519287109375 0.00372314453125008
-0.0144538879394531 0.00260543823242187 -0.371856689453125 0.560302734375
-0.000634193420410156 0.00980758666992188 0.098541259765625 0.4566650390625
0.00368499755859375 0.0193672180175781 0.31549072265625 0.074951171875
0.0157251358032227 0.0139560699462891 0.27154541015625 -0.204696655273438
0.0133380889892578 0.00345325469970703 -0.228439331054688 0.196456909179687
0.0147504806518555 0.0147294998168945 -0.262298583984375 -0.116134643554687
0.00115203857421875 0.0148487091064453 -0.0567626953125 -0.483734130859375
-0.00621986389160156 0.018157958984375 0.42254638671875 -0.512420654296875
-0.0375785827636719 -0.00217819213867188 0.79022216796875 0.126953125
-0.0337486267089844 -0.0342159271240234 0.47869873046875 0.80145263671875
0.0242176055908203 0.0114517211914063 -0.05682373046875 0.61724853515625
0.0277729034423828 0.0237998962402344 0.0443572998046875 0.0312995910644531
0.0186691284179688 0.00366401672363281 0.099853515625 -0.63177490234375
0.00302696228027344 -0.0322704315185547 -0.53875732421875 -0.7501220703125
-0.0188770294189453 -0.0182819366455078 -0.84112548828125 0.04193115234375
-0.014012336730957 0.00355052947998047 -0.3447265625 0.57305908203125
-0.00051259994506836 0.00849342346191406 0.11859130859375 0.451141357421875
0.00465965270996094 0.0180492401123047 0.32305908203125 0.0660400390625
0.0162620544433594 0.0146694183349609 0.272232055664063 -0.208572387695313
0.0144186019897461 0.00159835815429688 -0.228973388671875 0.192550659179687
0.014552116394043 0.0131292343139648 -0.256881713867188 -0.122787475585938
0.000940322875976563 0.0111370086669922 -0.044830322265625 -0.48699951171875
-0.00690460205078125 0.0164604187011719 0.437255859375 -0.500701904296875
-0.0380325317382813 -0.00310897827148438 0.79400634765625 0.15045166015625
-0.0352058410644531 -0.0398139953613281 0.46441650390625 0.81512451171875
0.0264949798583984 3.24249267578125E-05 -0.0709228515625001 0.61383056640625
0.0346221923828125 0.0116024017333984 0.0441246032714844 0.024932861328125
0.0184993743896484 -0.00702095031738281 0.08416748046875 -0.63470458984375
-0.00079345703125 -0.0359001159667969 -0.557861328125 -0.7279052734375
-0.0188655853271484 -0.0178623199462891 -0.835693359375 0.0684814453125
-0.0138607025146484 0.00275135040283203 -0.32427978515625 0.58355712890625
-0.000326633453369141 0.00460433959960937 0.1328125 0.4503173828125
0.00363731384277344 0.0166778564453125 0.328521728515625 0.062530517578125
0.0162134170532227 0.0126352310180664 0.272735595703125 -0.205780029296875
0.0129022598266602 -0.00151157379150391 -0.229141235351562 0.19171142578125
0.0137615203857422 0.00930500030517578 -0.255599975585938 -0.123031616210938
0.000776767730712891 0.00564193725585938 -0.04083251953125 -0.48516845703125
-0.00423812866210937 0.0145587921142578 0.445343017578125 -0.49530029296875
-0.0356521606445313 -0.00250625610351563 0.79681396484375 0.15899658203125
-0.0358619689941406 -0.0445671081542969 0.459716796875 0.82012939453125
0.0281162261962891 -0.0121326446533203 -0.0739746093750001 0.61419677734375
0.0401725769042969 -0.00186538696289062 0.0415496826171875 0.0255279541015625
0.0183906555175781 -0.0178432464599609 0.0782470703125 -0.63238525390625
-0.00214385986328125 -0.0398712158203125 -0.56353759765625 -0.72039794921875
-0.0158567428588867 -0.0173807144165039 -0.8330078125 0.07720947265625
-0.0128374099731445 0.000805854797363283 -0.314453125 0.58929443359375
-0.000573396682739258 -0.00142502784729004 0.135711669921875 0.452911376953125
0.00137710571289062 0.0123844146728516 0.330810546875 0.0635986328125
0.0150299072265625 0.00955867767333984 0.275314331054688 -0.204116821289063
0.00975894927978516 -0.00690269470214844 -0.229522705078125 0.192703247070312
0.0121574401855469 0.00422096252441406 -0.257980346679688 -0.12005615234375
-0.000163197517395019 -0.00206542015075684 -0.048187255859375 -0.482147216796875
1.33514404296888E-05 0.0128917694091797 0.4375 -0.49786376953125
-0.0294895172119141 -0.000717163085937499 0.798095703125 0.14849853515625
-0.0360984802246094 -0.0472221374511719 0.46868896484375 0.8135986328125
0.0283355712890625 -0.0222282409667969 -0.069580078125 0.6173095703125
0.0449562072753906 -0.0132026672363281 0.0374259948730469 0.0310211181640625
0.0175514221191406 -0.0269203186035156 0.0819091796875 -0.626708984375
-0.00153350830078125 -0.0418739318847656 -0.5528564453125 -0.72918701171875
-0.0111713409423828 -0.0183792114257813 -0.83642578125 0.0661010742187499
-0.00983905792236328 -0.00218009948730469 -0.32464599609375 0.58917236328125
-0.00231075286865234 -0.00787830352783203 0.131927490234375 0.45782470703125
-0.00123023986816406 0.00657844543457031 0.330413818359375 0.068389892578125
0.0113697052001953 0.00448322296142578 0.276992797851563 -0.202621459960938
0.00634002685546875 -0.0126829147338867 -0.230072021484375 0.192413330078125
0.00963401794433594 -0.00254058837890625 -0.263397216796875 -0.113189697265625
-0.000858306884765626 -0.0100164413452148 -0.060302734375 -0.476776123046875
0.00562477111816406 0.0109443664550781 0.421600341796875 -0.508544921875
-0.0225791931152344 0.00201416015625 0.800537109375 0.12457275390625
-0.0359954833984375 -0.0476188659667969 0.49395751953125 0.79705810546875
0.0267162322998047 -0.0298538208007813 -0.05572509765625 0.624267578125
0.0466156005859375 -0.0223045349121094 0.0324974060058594 0.0418510437011719
0.0180206298828125 -0.0330295562744141 0.0948486328125 -0.6202392578125
0.000919342041015622 -0.0421409606933594 -0.53662109375 -0.74798583984375
-0.00400543212890625 -0.0184822082519531 -0.84197998046875 0.0394897460937501
-0.00701665878295899 -0.00560617446899414 -0.345703125 0.582763671875
-0.00266551971435547 -0.0148849487304688 0.117919921875 0.4661865234375
-0.00595664978027344 0.00142478942871094 0.3253173828125 0.07659912109375
0.00832891464233398 0.000233173370361328 0.277130126953125 -0.198165893554687
0.00986289978027344 -0.00446796417236328 -0.225723266601563 0.198654174804688
0.0105695724487305 0.00725936889648438 -0.28533935546875 -0.0898132324218751
0.000986099243164063 0.00666189193725586 -0.116729736328125 -0.46331787109375
0.00564670562744141 0.0159292221069336 0.3331298828125 -0.564697265625
-0.0217761993408203 0.00437355041503906 0.7740478515625 0.003173828125
-0.0301094055175781 -0.0219764709472656 0.5732421875 0.7091064453125
0.0204048156738281 0.0201740264892578 0.01220703125 0.62744140625
0.0157356262207031 0.0332527160644531 0.0387916564941406 0.0668716430664063
0.0163288116455078 0.0172481536865234 0.1536865234375 -0.6043701171875
0.0149688720703125 -0.0207633972167969 -0.45098876953125 -0.82177734375
-0.00296783447265625 -0.0168380737304688 -0.86260986328125 -0.0809326171875001
-0.00963401794433594 -0.00110721588134766 -0.42791748046875 0.526885986328125
-0.00206089019775391 0.00397872924804688 0.053863525390625 0.46429443359375
-0.00090503692626953 0.0138092041015625 0.295562744140625 0.0906982421875
0.0115365982055664 0.00875377655029297 0.266098022460938 -0.197998046875
0.0116386413574219 0.00019073486328125 -0.2242431640625 0.199676513671875
0.0137758255004883 0.0116100311279297 -0.2763671875 -0.098480224609375
0.00123310089111328 0.0123310089111328 -0.09490966796875 -0.4696044921875
0.000733375549316408 0.0175695419311523 0.362457275390625 -0.545135498046875
-0.0296611785888672 0.00179481506347656 0.77655029296875 0.04583740234375
-0.0314235687255859 -0.0245418548583984 0.53668212890625 0.74310302734375
0.0216579437255859 0.0213623046875 -0.0131225585937499 0.6220703125
0.0183544158935547 0.0347576141357422 0.0418052673339844 0.0539932250976563
0.0181217193603516 0.0167903900146484 0.13665771484375 -0.61541748046875
0.0108165740966797 -0.0241298675537109 -0.47918701171875 -0.79534912109375
-0.0103530883789062 -0.0183677673339844 -0.8526611328125 -0.0375366210937499
-0.0123510360717773 0.00132465362548828 -0.397705078125 0.541961669921875
-0.00195217132568359 0.00885009765625 0.077117919921875 0.457366943359375
0.00217628479003906 0.0173625946044922 0.30523681640625 0.07965087890625
0.0129308700561523 0.0119380950927734 0.26611328125 -0.205123901367188
0.0149745941162109 0.00225067138671875 -0.225814819335938 0.195449829101563
0.0146646499633789 0.0149803161621094 -0.26922607421875 -0.1077880859375
0.00209140777587891 0.0155868530273438 -0.0771484375 -0.4771728515625
-0.00418472290039063 0.0175971984863281 0.389068603515625 -0.529083251953125
-0.0341167449951172 -0.000185012817382819 0.7843017578125 0.0843505859375
-0.0326251983642578 -0.0275688171386719 0.50897216796875 0.76708984375
0.0225944519042969 0.0177745819091797 -0.03240966796875 0.61669921875
0.0222892761230469 0.0315685272216797 0.0437507629394531 0.0409317016601562
0.0183982849121094 0.0114727020263672 0.11260986328125 -0.62164306640625
0.00605583190917969 -0.0283088684082031 -0.51470947265625 -0.76715087890625
-0.0158462524414063 -0.01806640625 -0.84539794921875 0.00744628906250012
-0.0142393112182617 0.00315284729003906 -0.367340087890625 0.558013916015625
-0.0005645751953125 0.00952529907226563 0.0990905761718749 0.45184326171875
0.00386810302734375 0.0196437835693359 0.313262939453125 0.07147216796875
0.0167102813720703 0.0142812728881836 0.267791748046875 -0.203720092773438
0.0146656036376953 0.00320243835449219 -0.22528076171875 0.194580078125
0.0160942077636719 0.0158061981201172 -0.261367797851563 -0.115692138671875
0.0012054443359375 0.0153160095214844 -0.05914306640625 -0.48114013671875
-0.00603485107421875 0.0172500610351563 0.415771484375 -0.511016845703125
-0.0379371643066406 -0.00250625610351563 0.7867431640625 0.1236572265625
-0.0341835021972656 -0.0328483581542969 0.478515625 0.7923583984375
0.0249443054199219 0.0108394622802734 -0.05413818359375 0.6114501953125
0.0275840759277344 0.0238056182861328 0.044189453125 0.0305404663085938
0.0185546875 0.00368118286132813 0.09521484375 -0.62847900390625
0.00193214416503906 -0.0319023132324219 -0.5382080078125 -0.741943359375
-0.0191192626953125 -0.0187644958496094 -0.836181640625 0.0450439453124999
-0.0146446228027344 0.00311374664306641 -0.3387451171875 0.5706787109375
-0.000305175781249999 0.00820112228393555 0.119842529296875 0.44873046875
0.00397109985351562 0.0192356109619141 0.321075439453125 0.064300537109375
0.0162153244018555 0.0146036148071289 0.26837158203125 -0.208145141601563
0.0153045654296875 0.00158309936523438 -0.225982666015625 0.191558837890625
0.0155658721923828 0.0136318206787109 -0.25634765625 -0.12030029296875
0.000913619995117188 0.0120849609375 -0.04705810546875 -0.482269287109375
-0.00660419464111328 0.015711784362793 0.432769775390625 -0.4979248046875
-0.0377235412597656 -0.00304794311523437 0.78961181640625 0.148193359375
-0.0349349975585938 -0.0383529663085937 0.46484375 0.8079833984375
0.0266342163085937 0.000211715698242187 -0.0668334960937501 0.60791015625
0.0345287322998047 0.0112342834472656 0.0433082580566406 0.0248641967773437
0.0184345245361328 -0.00726509094238281 0.0800170898437499 -0.6297607421875
-0.000633239746093752 -0.0360603332519531 -0.55609130859375 -0.72259521484375
-0.0189113616943359 -0.0178337097167969 -0.8292236328125 0.072265625
-0.01416015625 0.00238037109375 -0.320068359375 0.58221435546875
1.04904174804686E-05 0.00436758995056152 0.134552001953125 0.4473876953125
0.0040283203125 0.0168027877807617 0.326416015625 0.05975341796875
0.0164890289306641 0.0128707885742187 0.269775390625 -0.205520629882812
0.0132131576538086 -0.00253200531005859 -0.225723266601562 0.191024780273437
0.0145959854125977 0.00927734375 -0.25482177734375 -0.12091064453125
0.000702857971191407 0.00600481033325195 -0.0438232421875 -0.48162841796875
-0.00468921661376953 0.0139093399047852 0.43939208984375 -0.4927978515625
-0.0353584289550781 -0.00237274169921875 0.7928466796875 0.1553955078125
-0.0354995727539063 -0.0430145263671875 0.46002197265625 0.8135986328125
0.0287055969238281 -0.0117149353027344 -0.071044921875 0.60845947265625
0.0401344299316406 -0.00149154663085938 0.0404319763183594 0.0250282287597656
0.018157958984375 -0.0176429748535156 0.07354736328125 -0.62725830078125
-0.00225067138671875 -0.0392837524414063 -0.562744140625 -0.715087890625
-0.0165367126464844 -0.017913818359375 -0.82659912109375 0.0803222656249999
-0.0129919052124023 0.000883102416992189 -0.31243896484375 0.58795166015625
-0.000663876533508301 -0.00116312503814697 0.137542724609375 0.44866943359375
0.000975608825683593 0.0125560760498047 0.328582763671875 0.06048583984375
0.0149631500244141 0.00935935974121094 0.271942138671875 -0.203323364257813
0.0103855133056641 -0.00762367248535156 -0.226486206054688 0.191238403320312
0.0130252838134766 0.00376987457275391 -0.257431030273438 -0.11810302734375
0.000132918357849121 -0.00146448612213135 -0.050262451171875 -0.47869873046875
-0.000146865844726563 0.0123481750488281 0.43255615234375 -0.496307373046875
-0.0300273895263672 -0.000583648681640624 0.794189453125 0.14593505859375
-0.0359115600585938 -0.045806884765625 0.4708251953125 0.80450439453125
0.0280055999755859 -0.0222434997558594 -0.0675659179687501 0.61309814453125
0.0441055297851563 -0.0135536193847656 0.0370941162109375 0.0313529968261719
0.0174198150634766 -0.0260505676269531 0.079345703125 -0.62261962890625
-0.00184249877929688 -0.0419044494628906 -0.55169677734375 -0.7225341796875
-0.0109081268310547 -0.0184974670410156 -0.82806396484375 0.0711059570312499
-0.0100803375244141 -0.00195693969726563 -0.320068359375 0.58734130859375
-0.00215482711791992 -0.00818872451782227 0.13330078125 0.45458984375
-0.00109243392944336 0.00725507736206055 0.3280029296875 0.06610107421875
0.0120229721069336 0.00463104248046875 0.274169921875 -0.20294189453125
0.00771713256835938 -0.0125761032104492 -0.227249145507813 0.192031860351563
0.0111446380615234 -0.00176906585693359 -0.262313842773438 -0.111526489257813
-0.000347137451171874 -0.00935649871826172 -0.0631103515625 -0.472442626953125
0.00531864166259766 0.00989341735839844 0.416961669921875 -0.50701904296875
-0.0224342346191406 0.00251197814941407 0.796142578125 0.11981201171875
-0.035980224609375 -0.0454673767089844 0.4942626953125 0.78936767578125
0.0268707275390625 -0.0294342041015625 -0.05279541015625 0.6185302734375
0.0461311340332031 -0.0223007202148438 0.0322074890136719 0.0414161682128906
0.0178127288818359 -0.0328140258789063 0.09039306640625 -0.6148681640625
0.000381469726562502 -0.04205322265625 -0.5360107421875 -0.73980712890625
-0.00422477722167969 -0.0183620452880859 -0.83673095703125 0.0438232421875002
-0.00768613815307617 -0.00560379028320312 -0.34039306640625 0.58197021484375
-0.00256156921386719 -0.0150232315063477 0.118804931640625 0.46295166015625
-0.00499057769775391 0.00143289566040039 0.32275390625 0.074371337890625
0.00871086120605469 0.000463008880615234 0.273956298828125 -0.19805908203125
0.0109415054321289 -0.00428295135498047 -0.223159790039063 0.197189331054687
0.0112180709838867 0.00786972045898437 -0.284088134765625 -0.0885314941406251
0.00083160400390625 0.00749635696411133 -0.116973876953125 -0.460784912109375
0.00571537017822265 0.0153970718383789 0.329193115234375 -0.561279296875
-0.0218296051025391 0.00506591796875 0.767578125 0.00091552734375
-0.0301647186279297 -0.0215358734130859 0.57122802734375 0.703125
0.0206222534179688 0.0201339721679688 0.013671875 0.62213134765625
0.0156593322753906 0.0330753326416016 0.0387496948242188 0.0666084289550781
0.0161371231079102 0.0167608261108398 0.15155029296875 -0.60040283203125
0.0144405364990234 -0.0211887359619141 -0.450439453125 -0.8148193359375
-0.00400733947753906 -0.0173444747924805 -0.857177734375 -0.0762939453125001
-0.00948905944824219 -0.000716209411621092 -0.424346923828125 0.52471923828125
-0.00189018249511719 0.00456380844116211 0.05517578125 0.462493896484375
-0.000885963439941406 0.0138311386108398 0.293670654296875 0.088592529296875
0.0119590759277344 0.00928211212158203 0.26434326171875 -0.19696044921875
0.0121278762817383 8.20159912109375E-05 -0.221420288085938 0.198104858398437
0.0147523880004883 0.0120849609375 -0.27569580078125 -0.096221923828125
0.00152969360351562 0.0127553939819336 -0.096221923828125 -0.46588134765625
0.000827789306640627 0.0169181823730469 0.3582763671875 -0.543914794921875
-0.0297069549560547 0.00196456909179688 0.77117919921875 0.04278564453125
-0.0314979553222656 -0.0236320495605469 0.5345458984375 0.73486328125
0.0220623016357422 0.0209159851074219 -0.01141357421875 0.6170654296875
0.0183506011962891 0.0350551605224609 0.0411949157714844 0.053924560546875
0.0177402496337891 0.0164566040039063 0.13421630859375 -0.60992431640625
0.0103778839111328 -0.0240459442138672 -0.47900390625 -0.78851318359375
-0.0111808776855469 -0.0184326171875 -0.8465576171875 -0.0345458984375002
-0.0119409561157227 0.000841140747070314 -0.39288330078125 0.53900146484375
-0.00206947326660156 0.00885295867919922 0.07830810546875 0.45404052734375
0.00173473358154297 0.0172958374023438 0.30364990234375 0.078399658203125
0.0132207870483398 0.0126018524169922 0.2633056640625 -0.204437255859375
0.0161380767822266 0.00243186950683594 -0.222763061523438 0.194244384765625
0.0155391693115234 0.0155181884765625 -0.267715454101563 -0.106903076171875
0.00227642059326172 0.0159549713134766 -0.079864501953125 -0.47454833984375
-0.00392341613769531 0.0173711776733398 0.38629150390625 -0.52569580078125
-0.0343265533447266 -8.77380371093762E-05 0.77923583984375 0.0810546875
-0.032562255859375 -0.0268344879150391 0.50958251953125 0.7601318359375
0.0233688354492188 0.0178356170654297 -0.0322265625 0.612060546875
0.0218181610107422 0.0308017730712891 0.0426177978515625 0.0412750244140625
0.0181407928466797 0.0113010406494141 0.10943603515625 -0.61700439453125
0.00629425048828125 -0.0278530120849609 -0.513427734375 -0.7587890625
-0.0165901184082031 -0.0186195373535156 -0.84033203125 0.0119018554687498
-0.0149211883544922 0.00327968597412109 -0.36370849609375 0.55743408203125
-0.000966072082519532 0.00984764099121094 0.100067138671875 0.45037841796875
0.00374794006347656 0.0202503204345703 0.311126708984375 0.070159912109375
0.0168371200561523 0.0145101547241211 0.265335083007813 -0.203598022460938
0.0156164169311523 0.00283527374267578 -0.222427368164063 0.193771362304688
0.0165205001831055 0.0155782699584961 -0.260208129882813 -0.11431884765625
0.00129985809326172 0.0152435302734375 -0.06072998046875 -0.47698974609375
-0.00604057312011719 0.0162820816040039 0.4110107421875 -0.50799560546875
-0.0383186340332031 -0.00247573852539063 0.78009033203125 0.11993408203125
-0.0332584381103516 -0.0317535400390625 0.4786376953125 0.78594970703125
0.0257110595703125 0.0108203887939453 -0.05255126953125 0.60650634765625
0.0277805328369141 0.0232734680175781 0.0433616638183594 0.0305099487304688
0.0183010101318359 0.00318145751953125 0.09210205078125 -0.62298583984375
0.00132179260253906 -0.0317764282226563 -0.5362548828125 -0.73480224609375
-0.0190486907958984 -0.0183906555175781 -0.8287353515625 0.04718017578125
-0.0150346755981445 0.00286674499511718 -0.33612060546875 0.5682373046875
-0.000386238098144531 0.00878286361694336 0.1201171875 0.445892333984375
0.00455665588378906 0.0184478759765625 0.318695068359375 0.06243896484375
0.0173625946044922 0.0148382186889648 0.265777587890625 -0.207138061523438
0.0153627395629883 0.001251220703125 -0.223220825195313 0.191513061523437
0.0156669616699219 0.0139570236206055 -0.255844116210937 -0.119064331054687
0.00133991241455078 0.0121994018554687 -0.04901123046875 -0.4793701171875
-0.00696754455566406 0.0157222747802734 0.42864990234375 -0.495941162109375
-0.0384559631347656 -0.00322723388671875 0.7838134765625 0.14410400390625
-0.0350570678710938 -0.0372772216796875 0.464599609375 0.8009033203125
0.0270175933837891 0.000307083129882813 -0.0656738281250001 0.60498046875
0.0339756011962891 0.0114974975585937 0.0421371459960937 0.0248794555664063
0.0186252593994141 -0.00666046142578125 0.07794189453125 -0.62591552734375
-0.00168228149414063 -0.0356903076171875 -0.55694580078125 -0.71484375
-0.0195484161376953 -0.0180225372314453 -0.82269287109375 0.07489013671875
-0.014404296875 0.00243282318115235 -0.31622314453125 0.58013916015625
-2.47955322265628E-05 0.00494861602783203 0.1326904296875 0.445648193359375
0.00384998321533203 0.016636848449707 0.324005126953125 0.058380126953125
0.0165443420410156 0.0126266479492188 0.266952514648438 -0.205703735351563
0.0144157409667969 -0.00196647644042969 -0.222488403320313 0.189620971679687
0.0153169631958008 0.00931167602539063 -0.254196166992188 -0.120315551757813
0.00111865997314453 0.00628328323364258 -0.046295166015625 -0.478179931640625
-0.00506973266601562 0.0131683349609375 0.433746337890625 -0.4896240234375
-0.0355567932128906 -0.0027618408203125 0.7886962890625 0.1527099609375
-0.0357017517089844 -0.04229736328125 0.45953369140625 0.80352783203125
0.0280284881591797 -0.0117092132568359 -0.06787109375 0.6036376953125
0.0398902893066406 -0.00109481811523438 0.0400772094726563 0.0245094299316406
0.0179386138916016 -0.0174579620361328 0.07281494140625 -0.62213134765625
-0.00302505493164063 -0.0388374328613281 -0.5614013671875 -0.7071533203125
-0.0176334381103516 -0.0178451538085937 -0.82147216796875 0.0829467773437501
-0.0132236480712891 0.000459671020507811 -0.3096923828125 0.58746337890625
-0.000906229019165039 -0.000618100166320801 0.136810302734375 0.44659423828125
0.00169181823730469 0.0128364562988281 0.32666015625 0.059234619140625
0.0154781341552734 0.00994205474853516 0.268814086914062 -0.202743530273438
0.0110111236572266 -0.00796794891357422 -0.223876953125 0.190521240234375
0.013676643371582 0.0037841796875 -0.256942749023438 -0.116439819335937
0.000510156154632568 -0.000773131847381592 -0.053466796875 -0.47491455078125
-0.00014972686767578 0.0115642547607422 0.4276123046875 -0.493194580078125
-0.0297565460205078 -7.43865966796868E-05 0.78857421875 0.14276123046875
-0.035888671875 -0.0449905395507813 0.46929931640625 0.7989501953125
0.0286579132080078 -0.0223731994628906 -0.0639648437500001 0.60693359375
0.044403076171875 -0.0128326416015625 0.0359115600585938 0.0305366516113281
0.0177288055419922 -0.0261669158935547 0.076904296875 -0.6168212890625
-0.002471923828125 -0.041229248046875 -0.5513916015625 -0.715576171875
-0.0115127563476562 -0.0186672210693359 -0.8243408203125 0.07220458984375
-0.0099477767944336 -0.00232505798339844 -0.31689453125 0.58544921875
-0.00212001800537109 -0.00785541534423828 0.13397216796875 0.452117919921875
-0.00135707855224609 0.00729465484619141 0.32647705078125 0.06439208984375
0.0122432708740234 0.00532722473144531 0.271041870117188 -0.201889038085938
0.00835514068603515 -0.0135984420776367 -0.223709106445313 0.191146850585937
0.0117254257202148 -0.00170707702636719 -0.261856079101563 -0.11016845703125
-0.000412464141845703 -0.00868511199951172 -0.06549072265625 -0.4698486328125
0.00508403778076172 0.00976371765136719 0.412078857421875 -0.50421142578125
-0.0233268737792969 0.00255012512207031 0.7908935546875 0.11602783203125
-0.0353927612304688 -0.0447196960449219 0.4925537109375 0.7823486328125
0.0274333953857422 -0.0293617248535156 -0.05120849609375 0.614501953125
0.0460891723632813 -0.0216331481933594 0.0319786071777344 0.0419464111328125
0.0174541473388672 -0.0321445465087891 0.0890502929687501 -0.610595703125
-0.000148773193359373 -0.0418701171875 -0.53448486328125 -0.73095703125
-0.00480079650878906 -0.0182399749755859 -0.83123779296875 0.0470581054687501
-0.00716733932495117 -0.00538206100463867 -0.33721923828125 0.579833984375
-0.00276279449462891 -0.0148410797119141 0.119659423828125 0.45965576171875
-0.00502967834472656 0.00157928466796875 0.3206787109375 0.072052001953125
0.00891017913818359 0.000573158264160156 0.271881103515625 -0.197479248046875
0.0114889144897461 -0.00456333160400391 -0.221038818359375 0.195724487304687
0.011988639831543 0.00836277008056641 -0.283172607421875 -0.088043212890625
0.00124406814575195 0.00757741928100586 -0.117950439453125 -0.45751953125
0.00480842590332031 0.0147886276245117 0.3265380859375 -0.559967041015625
-0.021942138671875 0.0047454833984375 0.765869140625 -0.0003662109375
-0.0296916961669922 -0.0201263427734375 0.56951904296875 0.69744873046875
0.0212078094482422 0.019744873046875 0.0122070312500001 0.6173095703125
0.0156211853027344 0.0332736968994141 0.0377082824707031 0.0667228698730469
0.0162134170532227 0.0172443389892578 0.14898681640625 -0.5968017578125
0.013885498046875 -0.0204601287841797 -0.44903564453125 -0.810546875
-0.00402641296386719 -0.0174140930175781 -0.8504638671875 -0.0751953125
-0.00958728790283203 -0.000802993774414062 -0.420562744140625 0.52313232421875
-0.00211143493652344 0.00468587875366211 0.05438232421875 0.460601806640625
-0.000350952148437499 0.0146903991699219 0.2916259765625 0.0880126953125
0.0122747421264648 0.0085906982421875 0.26202392578125 -0.197067260742188
0.0129356384277344 -0.000279426574707031 -0.21893310546875 0.196060180664063
0.0153369903564453 0.012629508972168 -0.274795532226562 -0.0969085693359375
0.00171089172363281 0.0124197006225586 -0.0978393554687501 -0.464324951171875
0.000585556030273437 0.0160341262817383 0.3560791015625 -0.53887939453125
-0.0292091369628906 0.00142860412597656 0.767333984375 0.043212890625
-0.0312690734863281 -0.0213279724121094 0.53466796875 0.72796630859375
0.0226325988769531 0.0208301544189453 -0.01055908203125 0.6114501953125
0.0191440582275391 0.0348358154296875 0.0405731201171875 0.0535392761230469
0.0174770355224609 0.0166826248168945 0.13128662109375 -0.6065673828125
0.00948715209960937 -0.0233001708984375 -0.47698974609375 -0.7828369140625
-0.0114536285400391 -0.0185928344726563 -0.8411865234375 -0.032470703125
-0.0128297805786133 0.00129604339599609 -0.3907470703125 0.53741455078125
-0.00116729736328125 0.00864219665527344 0.07757568359375 0.453033447265625
0.00211143493652344 0.0179042816162109 0.30126953125 0.077056884765625
0.0145635604858398 0.0130977630615234 0.260543823242188 -0.203689575195313
0.0169172286987305 0.00216865539550781 -0.220550537109375 0.192703247070313
0.0164251327514648 0.0160932540893555 -0.26702880859375 -0.10565185546875
0.00278854370117188 0.0156431198120117 -0.08050537109375 -0.471893310546875
-0.0043792724609375 0.0164813995361328 0.382659912109375 -0.524810791015625
-0.0344810485839844 0.000141143798828123 0.77471923828125 0.0811767578125
-0.0323371887207031 -0.0256080627441406 0.50653076171875 0.7542724609375
0.0242271423339844 0.0171108245849609 -0.0323486328125 0.60711669921875
0.0225086212158203 0.0311641693115234 0.0421409606933594 0.0405693054199219
0.0186347961425781 0.0117244720458984 0.10968017578125 -0.6123046875
0.00532913208007813 -0.0277137756347656 -0.51123046875 -0.75445556640625
-0.0161724090576172 -0.0187931060791016 -0.8359375 0.0137939453124999
-0.0153045654296875 0.00240612030029297 -0.35968017578125 0.554901123046875
-0.000712394714355469 0.00969886779785156 0.0992431640625 0.44775390625
0.003448486328125 0.0203304290771484 0.30889892578125 0.069671630859375
0.0170574188232422 0.0143699645996094 0.263168334960938 -0.202362060546875
0.0160732269287109 0.00233364105224609 -0.219985961914062 0.191970825195313
0.0177993774414063 0.0163936614990234 -0.25946044921875 -0.1136474609375
0.00212955474853515 0.015080451965332 -0.062530517578125 -0.473876953125
-0.00668811798095703 0.0158348083496094 0.408203125 -0.506103515625
-0.0383987426757812 -0.00257492065429687 0.77783203125 0.1182861328125
-0.0339984893798828 -0.0304088592529297 0.47686767578125 0.77972412109375
0.0258808135986328 0.0107746124267578 -0.0528564453124999 0.60223388671875
0.0275611877441406 0.0236110687255859 0.042816162109375 0.0304908752441406
0.0186653137207031 0.00393867492675781 0.091064453125 -0.61956787109375
0.001556396484375 -0.0317420959472656 -0.5330810546875 -0.73089599609375
-0.0194244384765625 -0.0186042785644531 -0.82598876953125 0.0485839843749999
-0.0149984359741211 0.00298690795898438 -0.3336181640625 0.56732177734375
-0.000269889831542969 0.00882339477539062 0.120147705078125 0.443634033203125
0.00500106811523437 0.0186920166015625 0.316864013671875 0.06146240234375
0.0172138214111328 0.014643669128418 0.263931274414063 -0.207046508789063
0.0166530609130859 0.00098419189453125 -0.220474243164063 0.189102172851563
0.0165624618530273 0.0141716003417969 -0.255035400390625 -0.118576049804688
0.00141143798828125 0.0124483108520508 -0.05169677734375 -0.477203369140625
-0.00733757019042969 0.0149621963500977 0.42578125 -0.49346923828125
-0.0378227233886719 -0.00279998779296875 0.780029296875 0.1435546875
-0.0343284606933594 -0.0354652404785156 0.4627685546875 0.79541015625
0.0274906158447266 -0.000349044799804688 -0.0648193359375 0.59954833984375
0.0342483520507813 0.0116024017333984 0.0415802001953125 0.0245513916015625
0.0184459686279297 -0.00689315795898438 0.07684326171875 -0.621337890625
-0.00147628784179688 -0.0356597900390625 -0.55322265625 -0.70953369140625
-0.0198326110839844 -0.0183792114257813 -0.82025146484375 0.0758056640624999
-0.0142354965209961 0.00225830078125 -0.31390380859375 0.577392578125
6.96182250976567E-05 0.00467634201049805 0.133453369140625 0.441741943359375
0.00437259674072266 0.0167207717895508 0.3226318359375 0.0577392578125
0.0168304443359375 0.0127019882202148 0.266082763671875 -0.204513549804687
0.0154695510864258 -0.00255680084228516 -0.220672607421875 0.1878662109375
0.0159749984741211 0.0102424621582031 -0.253463745117187 -0.119537353515625
0.00113058090209961 0.00667810440063477 -0.048095703125 -0.4755859375
-0.00475311279296875 0.0127811431884766 0.431243896484375 -0.487152099609375
-0.0353469848632813 -0.00269699096679687 0.78515625 0.14971923828125
-0.0348930358886719 -0.0412178039550781 0.4588623046875 0.79730224609375
0.0290069580078125 -0.0118827819824219 -0.06915283203125 0.5994873046875
0.0397491455078125 -0.000705718994140625 0.0390586853027344 0.0250091552734375
0.0180606842041016 -0.0173892974853516 0.0704345703125 -0.61846923828125
-0.00354385375976562 -0.0385169982910156 -0.55816650390625 -0.7030029296875
-0.0171260833740234 -0.0178546905517578 -0.8173828125 0.0843505859374999
-0.0135097503662109 0.000515937805175779 -0.3076171875 0.58380126953125
-0.000849902629852295 -0.00104552507400513 0.13714599609375 0.444732666015625
0.00131893157958985 0.0135021209716797 0.323486328125 0.058013916015625
0.0162239074707031 0.00973701477050781 0.267364501953125 -0.202133178710937
0.0113134384155273 -0.00835895538330078 -0.221969604492188 0.18914794921875
0.0149669647216797 0.00459861755371094 -0.256256103515625 -0.115936279296875
0.000540375709533691 -0.000781893730163574 -0.053619384765625 -0.472015380859375
0.000121116638183594 0.0106744766235352 0.422637939453125 -0.49188232421875
-0.0303516387939453 -0.000604629516601558 0.7845458984375 0.1417236328125
-0.0352516174316406 -0.0437736511230469 0.46807861328125 0.7930908203125
0.0292930603027344 -0.0219879150390625 -0.0650634765625 0.60272216796875
0.04376220703125 -0.0133895874023437 0.0347099304199219 0.0311737060546875
0.0177536010742188 -0.0260391235351563 0.07586669921875 -0.6136474609375
-0.00326156616210937 -0.0407524108886719 -0.548095703125 -0.70941162109375
-0.0120429992675781 -0.0185127258300781 -0.818603515625 0.0742187500000001
-0.010767936706543 -0.00293254852294922 -0.315185546875 0.5843505859375
-0.00198221206665039 -0.00787162780761719 0.133209228515625 0.449951171875
-0.00129413604736328 0.00753021240234375 0.324127197265625 0.063201904296875
0.012049674987793 0.00529861450195313 0.2689208984375 -0.202239990234375
0.00871944427490234 -0.0133695602416992 -0.221588134765625 0.188751220703125
0.0128440856933594 -0.00190353393554688 -0.261306762695313 -0.10882568359375
-0.000486373901367188 -0.00829696655273438 -0.06622314453125 -0.46795654296875
0.00463294982910156 0.00903797149658203 0.40911865234375 -0.502197265625
-0.0232620239257813 0.00250625610351562 0.78753662109375 0.114990234375
-0.0352554321289063 -0.0432662963867188 0.49127197265625 0.77716064453125
0.0275783538818359 -0.0292205810546875 -0.0518798828125 0.60882568359375
0.0452308654785156 -0.0215415954589844 0.031646728515625 0.0417442321777344
0.0172653198242188 -0.0319499969482422 0.08837890625 -0.60736083984375
-0.000720977783203123 -0.0415191650390625 -0.53253173828125 -0.7271728515625
-0.00520133972167969 -0.0182895660400391 -0.8258056640625 0.0465698242187501
-0.00770950317382812 -0.00593042373657226 -0.33465576171875 0.577880859375
-0.00267505645751953 -0.0143213272094727 0.117919921875 0.45794677734375
-0.00458955764770508 0.00184535980224609 0.318389892578125 0.072357177734375
0.00956630706787109 0.000426292419433594 0.269134521484375 -0.196868896484375
0.0124788284301758 -0.00504112243652344 -0.218841552734375 0.19342041015625
0.0122079849243164 0.00815200805664063 -0.282318115234375 -0.086944580078125
0.00120210647583008 0.00787925720214844 -0.118927001953125 -0.456573486328125
0.00539207458496094 0.0144338607788086 0.3232421875 -0.554840087890625
-0.0224475860595703 0.00500679016113281 0.76226806640625 0.0009765625
-0.0292549133300781 -0.0194721221923828 0.5679931640625 0.69219970703125
0.0211410522460938 0.019195556640625 0.01434326171875 0.61297607421875
0.015625 0.0336856842041016 0.0370101928710938 0.0662422180175781
0.0159645080566406 0.016972541809082 0.14739990234375 -0.591796875
0.0137825012207031 -0.0206184387207031 -0.4478759765625 -0.806396484375
-0.00411224365234375 -0.0173044204711914 -0.84771728515625 -0.0739135742187502
-0.009735107421875 -0.00169277191162109 -0.4188232421875 0.522064208984375
-0.00154018402099609 0.00485610961914063 0.054901123046875 0.459014892578125
-0.000347137451171874 0.0145149230957031 0.289581298828125 0.0875244140625
0.013458251953125 0.00895881652832031 0.260040283203125 -0.195785522460938
0.0137472152709961 -0.00103473663330078 -0.217041015625 0.19476318359375
0.0161323547363281 0.0124711990356445 -0.273971557617188 -0.0961456298828124
0.00215244293212891 0.0131921768188477 -0.098114013671875 -0.46124267578125
0.00075244903564453 0.0159406661987305 0.35345458984375 -0.537322998046875
-0.0296058654785156 0.00201034545898437 0.76513671875 0.04083251953125
-0.0301551818847656 -0.0213642120361328 0.53253173828125 0.72430419921875
0.0228347778320312 0.0209503173828125 -0.0118408203125 0.60845947265625
0.0188922882080078 0.0344715118408203 0.040008544921875 0.0534095764160156
0.0174655914306641 0.0168819427490234 0.13189697265625 -0.6026611328125
0.00973129272460938 -0.0231781005859375 -0.47406005859375 -0.77801513671875
-0.0114765167236328 -0.0186729431152344 -0.83892822265625 -0.0313110351562499
-0.0130472183227539 0.000624656677246096 -0.389678955078125 0.534698486328125
-0.00143146514892578 0.00917911529541016 0.0780029296875 0.4512939453125
0.00239181518554688 0.0181941986083984 0.299072265625 0.07611083984375
0.0143604278564453 0.0129871368408203 0.258804321289063 -0.202774047851563
0.0172338485717773 0.00106906890869141 -0.218948364257812 0.190750122070313
0.0168590545654297 0.0158424377441406 -0.267074584960938 -0.105728149414063
0.00257492065429688 0.0162992477416992 -0.080780029296875 -0.469146728515625
-0.00521469116210938 0.0162925720214844 0.37921142578125 -0.5216064453125
-0.0343475341796875 3.8146972656253E-05 0.77203369140625 0.0802001953125
-0.0318107604980469 -0.0249252319335938 0.5067138671875 0.75
0.0242290496826172 0.0174198150634766 -0.03143310546875 0.60260009765625
0.0221824645996094 0.030975341796875 0.041839599609375 0.0406455993652344
0.018341064453125 0.0116672515869141 0.1082763671875 -0.60870361328125
0.00550079345703125 -0.0266895294189453 -0.51080322265625 -0.75048828125
-0.0164413452148438 -0.0185565948486328 -0.83148193359375 0.0140991210937502
-0.0154237747192383 0.00224590301513672 -0.358734130859375 0.553497314453125
-0.000698089599609375 0.00972843170166016 0.097625732421875 0.447021484375
0.00370597839355469 0.0199928283691406 0.307281494140625 0.06866455078125
0.0180816650390625 0.0147113800048828 0.261245727539063 -0.201828002929688
0.0171871185302734 0.00213146209716797 -0.219039916992188 0.1907958984375
0.0182266235351562 0.0161476135253906 -0.259124755859375 -0.11395263671875
0.00226020812988281 0.016108512878418 -0.062713623046875 -0.472076416015625
-0.00676059722900391 0.0153884887695313 0.4061279296875 -0.5032958984375
-0.0379295349121094 -0.00195693969726563 0.7744140625 0.11712646484375
-0.0336723327636719 -0.0297374725341797 0.4747314453125 0.77520751953125
0.0263118743896484 0.0105552673339844 -0.05303955078125 0.59954833984375
0.0275344848632813 0.0236835479736328 0.0418701171875 0.0306320190429687
0.0189361572265625 0.00362396240234375 0.0914306640625001 -0.61572265625
0.000896453857421875 -0.0308990478515625 -0.53131103515625 -0.7259521484375
-0.0197963714599609 -0.0184211730957031 -0.820556640625 0.04852294921875
-0.0150728225708008 0.00257396697998047 -0.3321533203125 0.56591796875
4.10079956054679E-05 0.00879955291748047 0.118408203125 0.441986083984375
0.00482559204101562 0.0199069976806641 0.315338134765625 0.06048583984375
0.0174875259399414 0.0148611068725586 0.262252807617188 -0.206039428710938
0.0170888900756836 0.000487327575683594 -0.219207763671875 0.187332153320313
0.0175762176513672 0.0143203735351562 -0.254531860351563 -0.117782592773437
0.00128364562988281 0.0123739242553711 -0.05169677734375 -0.475128173828125
-0.00737762451171875 0.0144577026367187 0.42291259765625 -0.49114990234375
-0.038177490234375 -0.00287628173828125 0.7777099609375 0.14324951171875
-0.0338020324707031 -0.0355377197265625 0.462890625 0.79058837890625
0.0279102325439453 0.000440597534179687 -0.06512451171875 0.59515380859375
0.0336265563964844 0.0114784240722656 0.0409011840820313 0.024261474609375
0.0185203552246094 -0.00613594055175781 0.0758056640625 -0.6192626953125
-0.00241470336914063 -0.0352134704589844 -0.5526123046875 -0.7064208984375
-0.0194339752197266 -0.0181903839111328 -0.8140869140625 0.07574462890625
-0.0147743225097656 0.00169944763183594 -0.3114013671875 0.57568359375
4.3869018554688E-05 0.00502443313598633 0.133392333984375 0.441650390625
0.00431537628173828 0.0167055130004883 0.320343017578125 0.056365966796875
0.0176010131835937 0.0131931304931641 0.264144897460938 -0.203628540039063
0.0157232284545898 -0.00265407562255859 -0.218597412109375 0.186187744140625
0.0167703628540039 0.00969028472900391 -0.253204345703125 -0.118576049804688
0.0012211799621582 0.00727272033691406 -0.04815673828125 -0.4735107421875
-0.00589370727539062 0.0126657485961914 0.42926025390625 -0.485992431640625
-0.0353317260742188 -0.00217819213867188 0.78179931640625 0.14971923828125
-0.0348854064941406 -0.0400962829589844 0.4571533203125 0.79425048828125
0.0291767120361328 -0.0114536285400391 -0.06793212890625 0.595458984375
0.0396156311035156 -0.0009002685546875 0.0390090942382813 0.02484130859375
0.017669677734375 -0.0161781311035156 0.0703735351562501 -0.614990234375
-0.00354385375976562 -0.038299560546875 -0.55718994140625 -0.6990966796875
-0.0171108245849609 -0.0183429718017578 -0.81304931640625 0.0845947265625001
-0.0134458541870117 4.76837158203002E-06 -0.306396484375 0.58270263671875
-0.000938475131988525 -0.000590384006500244 0.135223388671875 0.442474365234375
0.00143146514892578 0.0130615234375 0.32220458984375 0.05804443359375
0.015934944152832 0.0101356506347656 0.266159057617188 -0.201690673828125
0.012359619140625 -0.00823116302490234 -0.219741821289063 0.18780517578125
0.0156021118164063 0.00463676452636719 -0.256072998046875 -0.115463256835937
0.00136256217956543 0.000156283378601074 -0.05499267578125 -0.470245361328125
-0.000885009765625 0.0108699798583984 0.42315673828125 -0.488739013671875
-0.0303821563720703 -0.000272750854492193 0.78271484375 0.13934326171875
-0.0350837707519531 -0.0423927307128906 0.46783447265625 0.788330078125
0.0292625427246094 -0.0219821929931641 -0.0637817382812501 0.59912109375
0.0442848205566406 -0.0121498107910156 0.0346508026123047 0.0307998657226562
0.0175113677978516 -0.0259914398193359 0.07562255859375 -0.60986328125
-0.00298309326171875 -0.0410270690917969 -0.54522705078125 -0.7056884765625
-0.0125694274902344 -0.0187873840332031 -0.8162841796875 0.0744628906249999
-0.0109052658081055 -0.00311183929443359 -0.313232421875 0.5816650390625
-0.00191688537597656 -0.00776100158691406 0.13232421875 0.449005126953125
-0.0010075569152832 0.00752639770507812 0.321990966796875 0.06219482421875
0.0129423141479492 0.00515937805175781 0.2681884765625 -0.200546264648437
0.00916671752929688 -0.0135440826416016 -0.219955444335937 0.188262939453125
0.0129642486572266 -0.00123023986816406 -0.260589599609375 -0.108551025390625
2.52723693847661E-05 -0.00811433792114258 -0.067657470703125 -0.463470458984375
0.00450611114501953 0.00918483734130859 0.40679931640625 -0.498992919921875
-0.0234832763671875 0.00274658203125 0.78460693359375 0.11505126953125
-0.0349044799804687 -0.0426406860351563 0.49029541015625 0.77203369140625
0.0283241271972656 -0.0296211242675781 -0.0506591796874999 0.6044921875
0.0451011657714844 -0.0210227966308594 0.0298385620117188 0.0414505004882813
0.0173130035400391 -0.0320205688476563 0.08770751953125 -0.604248046875
-0.000610351562500002 -0.0410842895507813 -0.53125 -0.72296142578125
-0.00549507141113282 -0.0186443328857422 -0.82391357421875 0.0487060546874999
-0.00849819183349609 -0.00640678405761719 -0.33416748046875 0.57623291015625
-0.00263786315917969 -0.0141525268554688 0.11749267578125 0.45660400390625
-0.00403380393981934 0.00233864784240723 0.3177490234375 0.0703125
0.00947189331054688 0.000378608703613281 0.267578125 -0.196945190429688
0.0133829116821289 -0.0047760009765625 -0.2176513671875 0.191604614257813
0.0134792327880859 0.00838947296142578 -0.28192138671875 -0.087249755859375
0.00143337249755859 0.00857686996459961 -0.118255615234375 -0.453826904296875
0.00447750091552734 0.0141582489013672 0.322265625 -0.55340576171875
-0.0227775573730469 0.00493431091308594 0.75872802734375 0.00103759765625
-0.0288505554199219 -0.0188541412353516 0.56671142578125 0.6890869140625
0.0220279693603516 0.0191001892089844 0.01177978515625 0.60858154296875
0.0160980224609375 0.0332202911376953 0.0368576049804688 0.0656166076660156
0.0161247253417969 0.0176734924316406 0.1490478515625 -0.5899658203125
0.0139541625976563 -0.0202083587646484 -0.445068359375 -0.80230712890625
-0.004730224609375 -0.0176658630371094 -0.84478759765625 -0.0736083984375002
-0.0100135803222656 -0.00228023529052734 -0.418426513671875 0.521484375
-0.00203084945678711 0.0055842399597168 0.054290771484375 0.45758056640625
-0.000695228576660155 0.0148324966430664 0.289276123046875 0.08648681640625
0.0126638412475586 0.00936317443847656 0.259765625 -0.194686889648438
0.0147991180419922 -0.00113201141357422 -0.216751098632813 0.193328857421875
0.0165033340454102 0.0131664276123047 -0.273391723632812 -0.095855712890625
0.00223255157470703 0.0142974853515625 -0.0986022949218749 -0.4608154296875
0.000349998474121092 0.0157194137573242 0.3515625 -0.534271240234375
-0.0302810668945313 0.00217056274414063 0.76226806640625 0.04278564453125
-0.0308113098144531 -0.0208797454833984 0.5321044921875 0.7205810546875
0.0236740112304687 0.0209465026855469 -0.01202392578125 0.60455322265625
0.0179595947265625 0.0345840454101562 0.0389137268066406 0.0528717041015625
0.0176982879638672 0.0165615081787109 0.13128662109375 -0.6007080078125
0.00848007202148437 -0.0232715606689453 -0.47235107421875 -0.77618408203125
-0.0121479034423828 -0.0185985565185547 -0.83502197265625 -0.0309448242187499
-0.0130596160888672 0.000472068786621096 -0.389190673828125 0.5347900390625
-0.00154781341552734 0.00947189331054688 0.07684326171875 0.45050048828125
0.00229835510253906 0.0183944702148438 0.297332763671875 0.07635498046875
0.0145349502563477 0.013056755065918 0.258575439453125 -0.202911376953125
0.0181179046630859 0.0009918212890625 -0.21728515625 0.189910888671875
0.0178012847900391 0.015899658203125 -0.266387939453125 -0.105712890625
0.00255298614501953 0.016535758972168 -0.081329345703125 -0.467529296875
-0.00467395782470703 0.0159807205200195 0.379486083984375 -0.518890380859375
-0.0351390838623047 0.00032997131347656 0.7689208984375 0.07958984375
-0.0313930511474609 -0.0236854553222656 0.50457763671875 0.74688720703125
0.0244941711425781 0.0171108245849609 -0.0318603515625 0.59869384765625
0.0220012664794922 0.0312271118164063 0.0407066345214844 0.0403022766113281
0.0181980133056641 0.0116138458251953 0.1082763671875 -0.60546875
0.0048828125 -0.0268020629882813 -0.50738525390625 -0.7484130859375
-0.0170383453369141 -0.0189285278320313 -0.82891845703125 0.0133056640625001
-0.0156059265136719 0.00196266174316406 -0.358154296875 0.552215576171875
-0.000600814819335937 0.00959491729736328 0.097564697265625 0.44580078125
0.00421714782714844 0.02056884765625 0.3055419921875 0.067962646484375
0.0181350708007813 0.0144081115722656 0.260726928710937 -0.200531005859375
0.0175561904907227 0.00221157073974609 -0.21722412109375 0.189544677734375
0.0191001892089844 0.0160617828369141 -0.258819580078125 -0.11309814453125
0.00222587585449219 0.0160284042358398 -0.06353759765625 -0.47149658203125
-0.00766754150390625 0.0151939392089844 0.404815673828125 -0.499725341796875
-0.0383224487304688 -0.00183105468749999 0.7711181640625 0.1181640625
-0.032928466796875 -0.0288276672363281 0.47540283203125 0.7725830078125
0.0266838073730469 0.0107212066650391 -0.0533447265625 0.595703125
0.0278472900390625 0.0238265991210937 0.041351318359375 0.0303382873535156
0.0184211730957031 0.004547119140625 0.09149169921875 -0.612060546875
0.000556945800781247 -0.0309925079345703 -0.52825927734375 -0.72283935546875
-0.0196189880371094 -0.0186328887939453 -0.8192138671875 0.0482788085937501
-0.0154628753662109 0.002838134765625 -0.32989501953125 0.56329345703125
0.000380516052246094 0.0089874267578125 0.11810302734375 0.441131591796875
0.00530242919921875 0.0199604034423828 0.313720703125 0.060272216796875
0.0179786682128906 0.0145263671875 0.261367797851563 -0.204925537109375
0.0183048248291016 0.00025177001953125 -0.217864990234375 0.186004638671875
0.0187263488769531 0.0141105651855469 -0.254776000976563 -0.117843627929687
0.00198554992675781 0.0131044387817383 -0.052825927734375 -0.47210693359375
-0.00775718688964844 0.0135288238525391 0.421630859375 -0.488006591796875
-0.0384941101074219 -0.0024566650390625 0.7745361328125 0.14276123046875
-0.0334949493408203 -0.0342350006103516 0.4591064453125 0.787841796875
0.0286865234375 -0.000417709350585938 -0.0646362304687501 0.59185791015625
0.0337429046630859 0.0120925903320313 0.0402984619140625 0.0248298645019531
0.0181751251220703 -0.00623703002929688 0.0759277343749999 -0.6138916015625
-0.00237464904785156 -0.0347652435302734 -0.548828125 -0.70263671875
-0.02008056640625 -0.0183811187744141 -0.8131103515625 0.0758666992187498
-0.0150442123413086 0.00207710266113281 -0.31195068359375 0.57562255859375
1.85966491699213E-05 0.00528764724731445 0.131805419921875 0.439117431640625
0.00420951843261719 0.0176525115966797 0.31866455078125 0.056396484375
0.0178680419921875 0.0130882263183594 0.262954711914062 -0.203292846679687
0.016362190246582 -0.00310420989990234 -0.217987060546875 0.185150146484375
0.0173969268798828 0.0101852416992187 -0.252670288085938 -0.118728637695312
0.00190305709838867 0.00759506225585938 -0.04913330078125 -0.469757080078125
-0.00595474243164063 0.0115318298339844 0.42718505859375 -0.483795166015625
-0.0359649658203125 -0.00202560424804688 0.778076171875 0.15130615234375
-0.0345115661621094 -0.0387001037597656 0.4573974609375 0.79095458984375
0.0299186706542969 -0.0120716094970703 -0.06964111328125 0.59295654296875
0.0393295288085938 -0.00093841552734375 0.0380134582519531 0.024932861328125
0.0175838470458984 -0.0167331695556641 0.0706787109375 -0.61126708984375
-0.00417327880859375 -0.0382156372070313 -0.5537109375 -0.69573974609375
-0.0173664093017578 -0.0180587768554688 -0.812255859375 0.0842895507812499
-0.0139532089233398 -0.000503540039062501 -0.30511474609375 0.58123779296875
-0.000723302364349365 -0.000530779361724854 0.13568115234375 0.44256591796875
0.00187110900878906 0.0130853652954102 0.3216552734375 0.056915283203125
0.0163335800170898 0.00949859619140625 0.26446533203125 -0.200454711914063
0.0128517150878906 -0.0084075927734375 -0.218734741210938 0.186935424804688
0.0166072845458984 0.00482368469238281 -0.25518798828125 -0.114334106445312
0.00094372034072876 -8.34465026855469E-07 -0.05499267578125 -0.468597412109375
-0.00129318237304688 0.0105009078979492 0.42138671875 -0.48687744140625
-0.0306491851806641 -0.000505447387695307 0.77838134765625 0.1387939453125
-0.0348243713378906 -0.0418624877929687 0.4639892578125 0.7852783203125
0.0301742553710938 -0.0222568511962891 -0.066650390625 0.595703125
0.0439605712890625 -0.0129585266113281 0.0335254669189453 0.0309982299804688
0.0177116394042969 -0.0249862670898438 0.07470703125 -0.607421875
-0.00323104858398437 -0.0404815673828125 -0.54351806640625 -0.7034912109375
-0.0125064849853516 -0.0192508697509766 -0.8131103515625 0.07293701171875
-0.0116815567016602 -0.00302505493164062 -0.31292724609375 0.5799560546875
-0.00234651565551758 -0.00753641128540039 0.131683349609375 0.4471435546875
-0.000959396362304688 0.00806570053100586 0.320587158203125 0.06170654296875
0.0134124755859375 0.00503921508789063 0.266937255859375 -0.200469970703125
0.00970458984375 -0.0138845443725586 -0.21881103515625 0.1868896484375
0.0138139724731445 -0.00137615203857422 -0.260528564453125 -0.108230590820312
-6.48498535156245E-05 -0.00793361663818359 -0.068145751953125 -0.462982177734375
0.0040740966796875 0.0087733268737793 0.40570068359375 -0.497100830078125
-0.0234622955322266 0.00264167785644532 0.782470703125 0.1142578125
-0.0347251892089844 -0.0418930053710938 0.48931884765625 0.76971435546875
0.0287666320800781 -0.0291748046875 -0.05181884765625 0.60235595703125
0.0457420349121094 -0.0208053588867188 0.0302848815917969 0.0416450500488281
0.0173187255859375 -0.0312290191650391 0.08819580078125 -0.6009521484375
-0.00128555297851562 -0.0410003662109375 -0.52838134765625 -0.72076416015625
-0.006256103515625 -0.0186710357666016 -0.8214111328125 0.0476684570312499
-0.0083165168762207 -0.00627613067626953 -0.332763671875 0.5745849609375
-0.00233650207519531 -0.014129638671875 0.117156982421875 0.455413818359375
-0.00388240814208984 0.00246095657348633 0.315948486328125 0.069976806640625
0.0099945068359375 0.000246047973632813 0.26654052734375 -0.19512939453125
0.0132083892822266 -0.00581741333007813 -0.216827392578125 0.190826416015625
0.0138978958129883 0.00924110412597656 -0.281890869140625 -0.087432861328125
0.00200939178466797 0.00893306732177734 -0.119171142578125 -0.45196533203125
0.00417518615722656 0.0133905410766602 0.3236083984375 -0.55029296875
-0.0230846405029297 0.00536346435546875 0.7598876953125 0.0018310546875
-0.0282554626464844 -0.0182476043701172 0.5643310546875 0.68896484375
0.0224628448486328 0.0191116333007813 0.0114135742187499 0.60736083984375
0.0161895751953125 0.0333061218261719 0.0366363525390625 0.0660820007324219
0.0162773132324219 0.0176410675048828 0.148681640625 -0.58721923828125
0.0124111175537109 -0.0199966430664063 -0.4423828125 -0.80010986328125
-0.00514984130859375 -0.0178356170654297 -0.843994140625 -0.0736694335937501
-0.0104999542236328 -0.00149631500244141 -0.4189453125 0.520538330078125
-0.00199699401855469 0.00518798828125 0.054443359375 0.45819091796875
-0.000202178955078125 0.0147705078125 0.28814697265625 0.087188720703125
0.0136480331420898 0.00933265686035156 0.259140014648438 -0.193954467773438
0.0154314041137695 -0.00136470794677734 -0.215805053710937 0.191268920898438
0.0174036026000977 0.0127706527709961 -0.274093627929687 -0.0954437255859375
0.00238132476806641 0.0138206481933594 -0.098785400390625 -0.458831787109375
-0.000414848327636717 0.0152759552001953 0.35125732421875 -0.531951904296875
-0.0305557250976562 0.00197029113769531 0.76116943359375 0.04345703125
-0.0299186706542969 -0.0198307037353516 0.52947998046875 0.718017578125
0.0246295928955078 0.0208778381347656 -0.0142822265625 0.603271484375
0.0184993743896484 0.0351104736328125 0.0389060974121094 0.0536575317382813
0.0175676345825195 0.0167016983032227 0.13134765625 -0.59881591796875
0.00791740417480469 -0.0228710174560547 -0.470458984375 -0.77325439453125
-0.0122947692871094 -0.01885986328125 -0.834716796875 -0.0325927734375001
-0.0133943557739258 0.000402450561523438 -0.389923095703125 0.534393310546875
-0.00182580947875977 0.00875616073608398 0.075408935546875 0.44921875
0.00254058837890625 0.0183582305908203 0.29638671875 0.07647705078125
0.0155248641967773 0.0129861831665039 0.257659912109375 -0.201629638671875
0.0190258026123047 0.00102806091308594 -0.217239379882813 0.188156127929688
0.0185146331787109 0.0160980224609375 -0.266448974609375 -0.106369018554687
0.00214004516601562 0.016876220703125 -0.08197021484375 -0.465789794921875
-0.00535488128662109 0.0152835845947266 0.379608154296875 -0.516937255859375
-0.0355682373046875 0.000656127929687497 0.7681884765625 0.08111572265625
-0.03118896484375 -0.0228042602539063 0.501708984375 0.74371337890625
0.0252113342285156 0.0169277191162109 -0.0338134765625 0.59576416015625
0.0223789215087891 0.0314903259277344 0.0403060913085938 0.0406913757324219
0.0181694030761719 0.0117835998535156 0.10943603515625 -0.60394287109375
0.00471878051757813 -0.0266075134277344 -0.5057373046875 -0.74560546875
-0.0169467926025391 -0.0189399719238281 -0.82647705078125 0.012451171875
-0.0163946151733398 0.00164031982421875 -0.35931396484375 0.551605224609375
-0.000780105590820312 0.0103111267089844 0.09637451171875 0.445556640625
0.00461196899414063 0.0205707550048828 0.30474853515625 0.06817626953125
0.0181446075439453 0.0148468017578125 0.260025024414063 -0.199737548828125
0.0180873870849609 0.00205230712890625 -0.216552734375 0.187454223632812
0.0197410583496094 0.0167083740234375 -0.259170532226562 -0.113128662109375
0.00242996215820313 0.0171318054199219 -0.06390380859375 -0.47003173828125
-0.00816631317138672 0.0146770477294922 0.405548095703125 -0.498199462890625
-0.0384712219238281 -0.00186538696289063 0.76934814453125 0.11834716796875
-0.0328521728515625 -0.0279884338378906 0.4732666015625 0.771728515625
0.0279006958007813 0.0105762481689453 -0.0533447265625 0.59326171875
0.0278701782226563 0.0238151550292969 0.04107666015625 0.0305099487304688
0.0183219909667969 0.00417327880859375 0.0917968750000001 -0.60992431640625
0.000289916992187502 -0.0308799743652344 -0.52740478515625 -0.721435546875
-0.0203113555908203 -0.0187664031982422 -0.81683349609375 0.0483398437499999
-0.0164604187011719 0.00267314910888672 -0.33197021484375 0.5638427734375
-0.00124168395996094 0.00921916961669922 0.1171875 0.440155029296875
0.00523757934570313 0.0196857452392578 0.31243896484375 0.0599365234375
0.0185832977294922 0.0146236419677734 0.2611083984375 -0.20465087890625
0.0190048217773438 0.000616073608398438 -0.217025756835938 0.184829711914063
0.0189094543457031 0.0145645141601563 -0.253921508789063 -0.11663818359375
0.00178146362304688 0.0133953094482422 -0.05279541015625 -0.472320556640625
-0.00840473175048828 0.0130128860473633 0.421112060546875 -0.486968994140625
-0.0386505126953125 -0.00318145751953126 0.7720947265625 0.14166259765625
-0.033233642578125 -0.0334224700927734 0.45867919921875 0.78515625
0.0288944244384766 -0.000123977661132813 -0.06646728515625 0.59002685546875
0.0348110198974609 0.0119075775146484 0.0391159057617188 0.0252838134765625
0.0183315277099609 -0.0062103271484375 0.07696533203125 -0.612548828125
-0.00277137756347657 -0.0345115661621094 -0.54656982421875 -0.700439453125
-0.0200119018554687 -0.0176277160644531 -0.81036376953125 0.0757446289062501
-0.0157413482666016 0.0021514892578125 -0.31195068359375 0.57562255859375
-0.000730037689208985 0.00480413436889648 0.130706787109375 0.440643310546875
0.0040130615234375 0.017552375793457 0.317413330078125 0.056243896484375
0.0186061859130859 0.0128021240234375 0.262451171875 -0.20263671875
0.0175971984863281 -0.00375556945800781 -0.217926025390625 0.184173583984375
0.0189437866210938 0.0101814270019531 -0.253448486328125 -0.117813110351562
0.00169563293457031 0.00746965408325195 -0.049285888671875 -0.470123291015625
-0.0065155029296875 0.0116062164306641 0.427276611328125 -0.481414794921875
-0.0357933044433594 -0.002288818359375 0.77874755859375 0.1500244140625
-0.034271240234375 -0.0383682250976562 0.45574951171875 0.78912353515625
0.0301933288574219 -0.0120277404785156 -0.07098388671875 0.59051513671875
0.0395317077636719 -0.00034332275390625 0.037445068359375 0.0253257751464844
0.0181503295898438 -0.0162696838378906 0.0714111328125 -0.61004638671875
-0.00420761108398438 -0.0379905700683594 -0.55328369140625 -0.6947021484375
-0.0180473327636719 -0.0182933807373047 -0.8094482421875 0.0842895507812501
-0.0143623352050781 -0.000435829162597653 -0.305908203125 0.580322265625
-0.00108623504638672 -0.000599026679992676 0.13372802734375 0.44036865234375
0.00271224975585937 0.0133991241455078 0.31976318359375 0.056884765625
0.0174636840820313 0.0099334716796875 0.264022827148438 -0.200531005859375
0.0132627487182617 -0.00886917114257813 -0.218536376953125 0.184799194335938
0.0177516937255859 0.00464630126953125 -0.25616455078125 -0.1151123046875
0.00115275382995605 0.000428080558776855 -0.055419921875 -0.4661865234375
-0.00143909454345703 0.00991439819335937 0.42059326171875 -0.484588623046875
-0.0307998657226562 4.57763671874937E-05 0.7789306640625 0.13970947265625
-0.03472900390625 -0.0413246154785156 0.463623046875 0.78424072265625
0.0309162139892578 -0.0222415924072266 -0.06719970703125 0.59381103515625
0.0440330505371094 -0.0121383666992188 0.0338954925537109 0.0316562652587891
0.0174579620361328 -0.0247535705566406 0.0755615234375 -0.6048583984375
-0.00339126586914063 -0.0400238037109375 -0.54046630859375 -0.70220947265625
-0.0129756927490234 -0.0186309814453125 -0.81268310546875 0.0729980468750001
-0.0115489959716797 -0.00321578979492187 -0.31329345703125 0.5809326171875
-0.00260686874389648 -0.00714778900146484 0.12939453125 0.44732666015625
-0.000379562377929688 0.0083160400390625 0.3192138671875 0.061309814453125
0.0135259628295898 0.00543880462646484 0.26556396484375 -0.200286865234375
0.0114784240722656 -0.0144023895263672 -0.218429565429688 0.185470581054688
0.0142784118652344 -0.00132846832275391 -0.260406494140625 -0.107925415039063
0.000281810760498047 -0.00725746154785156 -0.067535400390625 -0.461578369140625
0.00403451919555664 0.00827980041503906 0.405487060546875 -0.494476318359375
-0.0238685607910156 0.00208854675292969 0.78057861328125 0.115234375
-0.0338783264160156 -0.0412216186523437 0.4871826171875 0.767822265625
0.0291385650634766 -0.0293941497802734 -0.05279541015625 0.60052490234375
0.0456390380859375 -0.0209922790527344 0.029052734375 0.04156494140625
0.0178966522216797 -0.0304031372070312 0.08831787109375 -0.5986328125
-0.00156402587890625 -0.040496826171875 -0.5267333984375 -0.7188720703125
-0.00624656677246094 -0.0189247131347656 -0.81988525390625 0.0462646484375001
-0.00884056091308594 -0.00658512115478516 -0.33209228515625 0.574462890625
-0.00294876098632812 -0.0137739181518555 0.115814208984375 0.454833984375
-0.00516939163208008 0.00247001647949219 0.31494140625 0.06976318359375
0.0106639862060547 0.000787734985351563 0.26617431640625 -0.194931030273438
0.0141725540161133 -0.00644111633300781 -0.217361450195312 0.189849853515625
0.0148820877075195 0.00877952575683594 -0.282135009765625 -0.087799072265625
0.00226879119873047 0.00938224792480469 -0.119293212890625 -0.4520263671875
0.00351619720458984 0.0132522583007813 0.32452392578125 -0.550689697265625
-0.0230464935302734 0.00482559204101563 0.75848388671875 0.00177001953125
-0.0278606414794922 -0.0174198150634766 0.5631103515625 0.6883544921875
0.0229587554931641 0.0191707611083984 0.00915527343749994 0.60595703125
0.0155887603759766 0.0339450836181641 0.0351676940917969 0.06634521484375
0.0158920288085937 0.0174016952514648 0.14990234375 -0.58587646484375
0.0122776031494141 -0.0199298858642578 -0.44293212890625 -0.80029296875
-0.00447845458984375 -0.017791748046875 -0.8399658203125 -0.0755615234375002
-0.0109710693359375 -0.00174903869628906 -0.41943359375 0.5218505859375
-0.00234460830688477 0.00542306900024414 0.052886962890625 0.4581298828125
9.53674316406084E-06 0.0150413513183594 0.287933349609375 0.087371826171875
0.0142297744750977 0.00942134857177735 0.259170532226563 -0.1937255859375
0.0165929794311523 -0.00196170806884766 -0.21441650390625 0.191024780273438
0.0181751251220703 0.0133609771728516 -0.274383544921875 -0.0963439941406251
0.00219249725341797 0.0145463943481445 -0.0990295410156249 -0.458953857421875
-0.00131797790527344 0.0145406723022461 0.352569580078125 -0.53076171875
-0.0306720733642578 0.00222015380859375 0.76190185546875 0.0447998046875
-0.0298137664794922 -0.0191001892089844 0.528564453125 0.71826171875
0.0250434875488281 0.0201377868652344 -0.0152587890625001 0.60101318359375
0.0181961059570313 0.0351276397705078 0.0379104614257813 0.0531387329101563
0.0174999237060547 0.0173673629760742 0.13336181640625 -0.59698486328125
0.00827407836914062 -0.0227794647216797 -0.46917724609375 -0.77362060546875
-0.0125007629394531 -0.0186710357666016 -0.833251953125 -0.034423828125
-0.0136499404907227 1.67158038542363E-18 -0.39044189453125 0.53509521484375
-0.00153732299804687 0.00944232940673828 0.074981689453125 0.45068359375
0.00285720825195313 0.01934814453125 0.295684814453125 0.076629638671875
0.0158863067626953 0.0124549865722656 0.25836181640625 -0.20135498046875
0.0195884704589844 0.000429153442382812 -0.2166748046875 0.186447143554687
0.0195369720458984 0.0168495178222656 -0.267074584960938 -0.106307983398438
0.00236701965332031 0.017364501953125 -0.0816650390625 -0.46575927734375
-0.00590705871582031 0.0149011611938477 0.379180908203125 -0.515167236328125
-0.0353126525878906 0.000480651855468756 0.767822265625 0.08270263671875
-0.0302295684814453 -0.0230255126953125 0.5015869140625 0.74517822265625
0.0258941650390625 0.0165920257568359 -0.03515625 0.594970703125
0.0224704742431641 0.0311203002929687 0.0399017333984375 0.0410575866699219
0.0183162689208984 0.0119800567626953 0.11175537109375 -0.60302734375
0.00382804870605469 -0.0263614654541016 -0.50341796875 -0.74444580078125
-0.0169334411621094 -0.0195674896240234 -0.82684326171875 0.0115966796875001
-0.0160350799560547 0.00161552429199219 -0.3592529296875 0.552032470703125
-0.000732421875 0.00986480712890625 0.095947265625 0.4466552734375
0.00438308715820312 0.0212364196777344 0.304840087890625 0.0679931640625
0.0186405181884766 0.0140705108642578 0.2611083984375 -0.199295043945313
0.0194759368896484 0.00134658813476563 -0.216751098632813 0.1871337890625
0.0202598571777344 0.0165805816650391 -0.259429931640625 -0.113662719726563
0.00211811065673828 0.0168018341064453 -0.063812255859375 -0.468658447265625
-0.00858592987060547 0.0143270492553711 0.405181884765625 -0.49737548828125
-0.0386962890625 -0.00165939331054687 0.77105712890625 0.12042236328125
-0.0316123962402344 -0.027801513671875 0.47100830078125 0.77166748046875
0.0276985168457031 0.0103664398193359 -0.0569458007812499 0.591064453125
0.0279960632324219 0.0236415863037109 0.0399742126464844 0.0309486389160156
0.0188179016113281 0.00440025329589844 0.0927734375 -0.60931396484375
-8.96453857421874E-05 -0.0305652618408203 -0.525390625 -0.72296142578125
-0.0203170776367188 -0.0186023712158203 -0.81640625 0.04815673828125
-0.0162057876586914 0.00200939178466797 -0.33197021484375 0.5654296875
-2.38418579101557E-05 0.00911426544189453 0.115875244140625 0.440673828125
0.00543212890625 0.0203475952148438 0.311981201171875 0.059326171875
0.0187149047851563 0.0145435333251953 0.26080322265625 -0.204315185546875
0.0193634033203125 -0.000425338745117188 -0.216934204101562 0.18402099609375
0.0204601287841797 0.0151710510253906 -0.2548828125 -0.118057250976563
0.00242328643798828 0.0138463973999023 -0.05316162109375 -0.472625732421875
-0.00902271270751953 0.0127429962158203 0.422088623046875 -0.4849853515625
-0.0393486022949219 -0.00278091430664063 0.77337646484375 0.143798828125
-0.0329265594482422 -0.0332870483398438 0.4571533203125 0.78387451171875
0.0296192169189453 -0.000415802001953125 -0.0689697265625001 0.58782958984375
0.0337562561035156 0.0126667022705078 0.0392951965332031 0.0250701904296875
0.0185356140136719 -0.00523757934570312 0.0788574218750001 -0.61187744140625
-0.00327491760253906 -0.0341262817382813 -0.5457763671875 -0.70068359375
-0.0210781097412109 -0.0184326171875 -0.81134033203125 0.0741577148437501
-0.016423225402832 0.00162601470947265 -0.312255859375 0.5748291015625
-0.00018310546875 0.0050663948059082 0.12890625 0.439849853515625
0.00454521179199219 0.0177593231201172 0.3175048828125 0.055999755859375
0.0187854766845703 0.0132884979248047 0.26226806640625 -0.202117919921875
0.0177097320556641 -0.00376510620117188 -0.217910766601562 0.182891845703125
0.0193519592285156 0.0101089477539063 -0.253524780273437 -0.118133544921875
0.00170755386352539 0.00806760787963867 -0.049652099609375 -0.468963623046875
-0.00698089599609375 0.0114192962646484 0.427947998046875 -0.480926513671875
-0.0364456176757813 -0.00230026245117187 0.7767333984375 0.150390625
-0.0327949523925781 -0.03839111328125 0.4542236328125 0.7896728515625
0.0308475494384766 -0.0121059417724609 -0.0715942382812499 0.5894775390625
0.0399131774902344 -0.00040435791015625 0.0364608764648438 0.0255661010742188
0.0181121826171875 -0.0160732269287109 0.07061767578125 -0.60968017578125
-0.00470733642578125 -0.0374641418457031 -0.54962158203125 -0.69451904296875
-0.0182762145996094 -0.0183849334716797 -0.80975341796875 0.0821533203125001
-0.0148735046386719 -0.000279426574707029 -0.30621337890625 0.5806884765625
-0.000805318355560303 -0.000489115715026855 0.133056640625 0.442138671875
0.00260734558105469 0.0135507583618164 0.319580078125 0.057037353515625
0.0173072814941406 0.0091705322265625 0.263839721679687 -0.199905395507813
0.0143222808837891 -0.00920581817626953 -0.217803955078125 0.184234619140625
0.0185451507568359 0.00449562072753906 -0.256622314453125 -0.115081787109375
0.000796139240264893 9.16123390197754E-05 -0.05401611328125 -0.466339111328125
-0.00311470031738281 0.010040283203125 0.421142578125 -0.48504638671875
-0.0311794281005859 -0.000844955444335936 0.77752685546875 0.1405029296875
-0.0338172912597656 -0.0403709411621094 0.46221923828125 0.78143310546875
0.0313301086425781 -0.0227794647216797 -0.0682373046874999 0.59197998046875
0.0436668395996094 -0.0119361877441406 0.0329132080078125 0.0320072174072266
0.0176601409912109 -0.0242538452148437 0.07586669921875 -0.6043701171875
-0.00406646728515625 -0.039794921875 -0.541015625 -0.7008056640625
-0.0132083892822266 -0.0187816619873047 -0.81243896484375 0.0722045898437499
-0.0116662979125977 -0.00326156616210937 -0.3134765625 0.580078125
-0.00242519378662109 -0.00652694702148438 0.129150390625 0.44793701171875
-0.00042104721069336 0.00864839553833008 0.317962646484375 0.061431884765625
0.0145292282104492 0.00528144836425781 0.2655029296875 -0.199386596679688
0.0112190246582031 -0.0147428512573242 -0.218734741210937 0.184585571289063
0.0159568786621094 -0.00101757049560547 -0.260772705078125 -0.107803344726562
0.000674724578857421 -0.00705957412719727 -0.06793212890625 -0.461090087890625
0.00314044952392578 0.00759315490722656 0.404571533203125 -0.49359130859375
-0.0238628387451172 0.00284385681152344 0.7808837890625 0.11517333984375
-0.0337753295898438 -0.0410919189453125 0.48516845703125 0.76788330078125
0.0301723480224609 -0.0300445556640625 -0.05517578125 0.59765625
0.0460395812988281 -0.0208587646484375 0.0289955139160156 0.041778564453125
0.0176124572753906 -0.0305709838867188 0.0895996093749999 -0.5982666015625
-0.00189590454101562 -0.04034423828125 -0.523193359375 -0.71746826171875
-0.00612068176269531 -0.0189342498779297 -0.8179931640625 0.0453491210937501
-0.00859975814819336 -0.00647640228271484 -0.3333740234375 0.57440185546875
-0.0030364990234375 -0.0140485763549805 0.11431884765625 0.456451416015625
-0.00363707542419434 0.00277113914489746 0.314453125 0.069732666015625
0.0110340118408203 7.62939453125E-05 0.26641845703125 -0.194534301757813
0.0155582427978516 -0.00688552856445312 -0.21746826171875 0.188430786132812
0.0153951644897461 0.00903701782226563 -0.28363037109375 -0.08843994140625
0.00180149078369141 0.00960540771484375 -0.11944580078125 -0.453125
0.00298118591308594 0.0127401351928711 0.32452392578125 -0.550384521484375
-0.0240993499755859 0.00492286682128906 0.7603759765625 0.0025634765625
-0.0274715423583984 -0.0168418884277344 0.56378173828125 0.6884765625
0.0239448547363281 0.0186023712158203 0.00842285156250003 0.6046142578125
0.0160675048828125 0.0333309173583984 0.0352058410644531 0.0662918090820313
0.0161457061767578 0.0179080963134766 0.1510009765625 -0.5859375
0.0119743347167969 -0.0193004608154297 -0.44158935546875 -0.8009033203125
-0.00524520874023438 -0.0183124542236328 -0.84344482421875 -0.0756225585937501
-0.0118503570556641 -0.00195884704589844 -0.420318603515625 0.5218505859375
-0.00259113311767578 0.00527095794677734 0.0523681640625 0.459320068359375
5.72204589843812E-06 0.0158205032348633 0.28704833984375 0.087738037109375
0.0153007507324219 0.00948143005371094 0.258773803710938 -0.193191528320313
0.0165338516235352 -0.00230216979980469 -0.215560913085937 0.19000244140625
0.0193729400634766 0.0134811401367187 -0.274917602539063 -0.0972595214843751
0.00218963623046875 0.0145454406738281 -0.0987548828125 -0.4600830078125
-0.00153636932373047 0.0138568878173828 0.353546142578125 -0.532440185546875
-0.0309677124023437 0.00223731994628907 0.7620849609375 0.0460205078125
-0.0289764404296875 -0.0190505981445313 0.52850341796875 0.72125244140625
0.0256843566894531 0.0201702117919922 -0.01629638671875 0.60174560546875
0.0186061859130859 0.0351352691650391 0.0376052856445313 0.05377197265625
0.017242431640625 0.017369270324707 0.13482666015625 -0.59686279296875
0.00803565979003906 -0.0221710205078125 -0.46722412109375 -0.77581787109375
-0.0130157470703125 -0.01904296875 -0.8341064453125 -0.0336914062499999
-0.0138969421386719 0.000199317932128907 -0.39178466796875 0.5360107421875
-0.00191879272460938 0.00951957702636719 0.073760986328125 0.450653076171875
0.00268745422363281 0.0193538665771484 0.295806884765625 0.0772705078125
0.0162296295166016 0.0126829147338867 0.258148193359375 -0.200881958007812
0.0206050872802734 0.000213623046875 -0.217071533203125 0.185791015625
0.0202350616455078 0.0170230865478516 -0.268325805664063 -0.106475830078125
0.00287437438964844 0.0173549652099609 -0.0814208984375 -0.46563720703125
-0.00617218017578125 0.0150661468505859 0.382232666015625 -0.515350341796875
-0.035888671875 0.00125503540039062 0.769775390625 0.08319091796875
-0.0303916931152344 -0.022216796875 0.50128173828125 0.7467041015625
0.0267066955566406 0.0164947509765625 -0.0374145507812499 0.5947265625
0.0228195190429688 0.0317134857177734 0.0391387939453125 0.0410919189453125
0.0180072784423828 0.0122337341308594 0.11181640625 -0.6029052734375
0.00412368774414062 -0.0260028839111328 -0.5052490234375 -0.74676513671875
-0.0178775787353516 -0.0193080902099609 -0.8284912109375 0.0101928710937502
-0.0163192749023437 0.00147247314453125 -0.36126708984375 0.55224609375
-0.00087451934814453 0.0100564956665039 0.095062255859375 0.44671630859375
0.00481414794921875 0.0216960906982422 0.304718017578125 0.069183349609375
0.0192642211914063 0.0141105651855469 0.26019287109375 -0.199737548828125
0.0201473236083984 0.000711441040039063 -0.216751098632813 0.185745239257812
0.0213489532470703 0.017059326171875 -0.260696411132813 -0.113967895507813
0.00228404998779297 0.0174674987792969 -0.063018798828125 -0.46917724609375
-0.00927162170410156 0.0144691467285156 0.40618896484375 -0.497589111328125
-0.0392265319824219 -0.00168609619140624 0.7713623046875 0.12078857421875
-0.0318393707275391 -0.0273532867431641 0.47235107421875 0.77001953125
0.0286006927490234 0.00948905944824219 -0.0574951171875 0.59149169921875
0.0281963348388672 0.0241947174072266 0.03961181640625 0.0311622619628906
0.0189590454101563 0.00498008728027344 0.0942993164062499 -0.60797119140625
-0.000610351562500001 -0.0297374725341797 -0.524169921875 -0.72216796875
-0.0208549499511719 -0.0187225341796875 -0.818115234375 0.0472412109375001
-0.0170764923095703 0.00246620178222656 -0.3350830078125 0.5648193359375
-0.000591278076171874 0.00929546356201172 0.114898681640625 0.441314697265625
0.00544929504394531 0.0201892852783203 0.3118896484375 0.060302734375
0.0191516876220703 0.0147724151611328 0.26116943359375 -0.203842163085937
0.0199985504150391 -0.00107955932617188 -0.2171630859375 0.183395385742187
0.0212078094482422 0.0146598815917969 -0.255996704101563 -0.118408203125
0.00186538696289062 0.0136966705322266 -0.051910400390625 -0.4710693359375
-0.00971031188964843 0.0123767852783203 0.422576904296875 -0.484619140625
-0.0388755798339844 -0.00276565551757813 0.77520751953125 0.1451416015625
-0.0324935913085938 -0.0327053070068359 0.45733642578125 0.7857666015625
0.0300941467285156 -0.000576019287109375 -0.06982421875 0.5875244140625
0.0339546203613281 0.0130405426025391 0.038909912109375 0.0252418518066406
0.0188808441162109 -0.00547218322753906 0.0799560546875 -0.61053466796875
-0.00346755981445312 -0.0340652465820313 -0.54534912109375 -0.70330810546875
-0.0209884643554688 -0.0187206268310547 -0.8128662109375 0.0720825195312499
-0.0165987014770508 0.00110721588134766 -0.313720703125 0.5775146484375
-0.000539779663085937 0.00536394119262695 0.12847900390625 0.441650390625
0.00508689880371094 0.0183086395263672 0.317596435546875 0.056640625
0.0199775695800781 0.0131034851074219 0.262741088867188 -0.202499389648438
0.018402099609375 -0.00451278686523438 -0.218002319335938 0.18267822265625
0.0195827484130859 0.0106582641601563 -0.2547607421875 -0.118927001953125
0.00218057632446289 0.00809240341186523 -0.04937744140625 -0.46923828125
-0.00742149353027344 0.0109281539916992 0.42919921875 -0.479949951171875
-0.0367240905761719 -0.00175476074218749 0.77716064453125 0.15283203125
-0.0322952270507812 -0.0374526977539063 0.45233154296875 0.788818359375
0.0314064025878906 -0.0131053924560547 -0.0746459960937501 0.5897216796875
0.0401268005371094 -0.000354766845703125 0.0363082885742188 0.0257339477539062
0.0181503295898438 -0.0154075622558594 0.07354736328125 -0.6085205078125
-0.0050506591796875 -0.0373802185058594 -0.5494384765625 -0.695556640625
-0.0183734893798828 -0.0185737609863281 -0.80908203125 0.0816650390624998
-0.0154781341552734 -0.000535964965820316 -0.30755615234375 0.5814208984375
-0.0012214183807373 1.1920928955052E-07 0.132293701171875 0.443939208984375
0.00259971618652344 0.0144739151000977 0.319305419921875 0.057220458984375
0.0178241729736328 0.00949287414550781 0.264297485351563 -0.200210571289063
0.0149736404418945 -0.0101566314697266 -0.218551635742188 0.184036254882813
0.0187435150146484 0.00487709045410156 -0.257156372070313 -0.115234375
0.00128006935119629 0.000904679298400879 -0.054595947265625 -0.465087890625
-0.00287151336669922 0.00928592681884766 0.4232177734375 -0.484161376953125
-0.0314407348632813 -0.000450134277343744 0.7781982421875 0.14117431640625
-0.0333404541015625 -0.0403327941894531 0.4603271484375 0.7845458984375
0.0318889617919922 -0.0228404998779297 -0.07049560546875 0.591064453125
0.0441017150878906 -0.0118751525878906 0.0319461822509766 0.0312423706054688
0.0179653167724609 -0.0239696502685547 0.07781982421875 -0.603271484375
-0.00433731079101562 -0.0389938354492187 -0.53936767578125 -0.70208740234375
-0.0135116577148438 -0.019134521484375 -0.8135986328125 0.071044921875
-0.0122604370117188 -0.00304794311523438 -0.31549072265625 0.5806884765625
-0.00220918655395508 -0.00664758682250977 0.12896728515625 0.44879150390625
0.000160217285156249 0.00887107849121094 0.318939208984375 0.061767578125
0.0146017074584961 0.00482177734375 0.266281127929688 -0.199127197265625
0.0120840072631836 -0.0151166915893555 -0.218353271484375 0.184036254882812
0.0164947509765625 -0.00113296508789062 -0.261932373046875 -0.10821533203125
0.000628471374511719 -0.00671863555908203 -0.0677490234375 -0.460662841796875
0.00250577926635742 0.00771999359130859 0.40802001953125 -0.493438720703125
-0.0242595672607422 0.00257492065429687 0.781982421875 0.11834716796875
-0.0330886840820313 -0.0409774780273438 0.48516845703125 0.7684326171875
0.0303707122802734 -0.0300445556640625 -0.05615234375 0.59716796875
0.046295166015625 -0.0204010009765625 0.0281867980957031 0.0420722961425781
0.0179100036621094 -0.0300388336181641 0.091064453125 -0.59637451171875
-0.0023345947265625 -0.0397453308105469 -0.52435302734375 -0.71966552734375
-0.0064544677734375 -0.0186576843261719 -0.8193359375 0.0458984374999999
-0.0092763900756836 -0.00634574890136719 -0.33599853515625 0.5751953125
-0.00327205657958984 -0.0138483047485352 0.114471435546875 0.456634521484375
-0.00321817398071289 0.00348186492919922 0.314788818359375 0.069854736328125
0.0111837387084961 0.000205039978027344 0.266448974609375 -0.194732666015625
0.0158796310424805 -0.00710678100585937 -0.217880249023437 0.187850952148438
0.0169296264648438 0.00963878631591797 -0.284759521484375 -0.0889282226562501
0.00175380706787109 0.00940704345703125 -0.119598388671875 -0.45501708984375
0.00296783447265625 0.0127267837524414 0.3275146484375 -0.550445556640625
-0.0240592956542969 0.00495338439941406 0.7630615234375 0.00244140625
-0.0273551940917969 -0.0162200927734375 0.56549072265625 0.6907958984375
0.02447509765625 0.01861572265625 0.00756835937500007 0.60650634765625
0.016387939453125 0.0336704254150391 0.03460693359375 0.0674209594726563
0.0162849426269531 0.0178546905517578 0.15155029296875 -0.586669921875
0.0119800567626953 -0.0189437866210938 -0.44122314453125 -0.8040771484375
-0.00546836853027344 -0.0181179046630859 -0.84747314453125 -0.0761718749999998
-0.0123128890991211 -0.00224781036376953 -0.423309326171875 0.525909423828125
-0.0022578239440918 0.00537776947021484 0.050872802734375 0.46209716796875
0.00064373016357422 0.0158109664916992 0.287261962890625 0.087554931640625
0.0151071548461914 0.0095672607421875 0.259994506835938 -0.193923950195313
0.0172700881958008 -0.00247669219970703 -0.216064453125 0.189132690429688
0.0200786590576172 0.0136528015136719 -0.277481079101563 -0.0968475341796875
0.00187969207763672 0.0151948928833008 -0.0989990234375 -0.459747314453125
-0.00194740295410156 0.0148172378540039 0.35595703125 -0.53143310546875
-0.0313987731933594 0.00205230712890626 0.76513671875 0.0452880859375
-0.0287799835205078 -0.0181427001953125 0.53118896484375 0.72161865234375
0.0264511108398437 0.0198287963867188 -0.01971435546875 0.6011962890625
0.0193634033203125 0.0354804992675781 0.036956787109375 0.0541152954101563
0.01788330078125 0.0180511474609375 0.13531494140625 -0.59735107421875
0.00807762145996094 -0.022216796875 -0.468505859375 -0.7772216796875
-0.0126075744628906 -0.0196094512939453 -0.835693359375 -0.0345458984375001
-0.0145702362060547 0.000170707702636721 -0.393157958984375 0.5384521484375
-0.00215244293212891 0.00971698760986328 0.07330322265625 0.454498291015625
0.00317001342773437 0.0200176239013672 0.295928955078125 0.077117919921875
0.0171842575073242 0.0123815536499023 0.25909423828125 -0.2015380859375
0.0213851928710937 -0.000452041625976562 -0.21826171875 0.185317993164063
0.0207347869873047 0.0169391632080078 -0.26898193359375 -0.106338500976563
0.00288486480712891 0.0174884796142578 -0.082489013671875 -0.467742919921875
-0.00732612609863281 0.015045166015625 0.38128662109375 -0.51641845703125
-0.0363502502441406 0.00096511840820312 0.77117919921875 0.08447265625
-0.0295066833496094 -0.0222949981689453 0.5042724609375 0.74676513671875
0.0276260375976562 0.0153675079345703 -0.03826904296875 0.59521484375
0.0227012634277344 0.0316543579101562 0.0386619567871094 0.0414085388183594
0.0187358856201172 0.0125007629394531 0.1129150390625 -0.60321044921875
0.00357627868652344 -0.0254421234130859 -0.50274658203125 -0.7470703125
-0.0181522369384766 -0.0192089080810547 -0.8299560546875 0.0104370117187499
-0.0171499252319336 0.00161457061767578 -0.3626708984375 0.55609130859375
-0.00131988525390625 0.0110006332397461 0.0959472656249999 0.44879150390625
0.00507736206054687 0.0219306945800781 0.305084228515625 0.069122314453125
0.0198249816894531 0.0145263671875 0.262176513671875 -0.201065063476563
0.0204601287841797 4.9591064453125E-05 -0.216903686523437 0.186309814453125
0.0219955444335938 0.0171451568603516 -0.261428833007813 -0.114105224609375
0.00290203094482422 0.0174760818481445 -0.063812255859375 -0.4708251953125
-0.00981044769287109 0.0137910842895508 0.40765380859375 -0.497711181640625
-0.0397148132324219 -0.00177764892578125 0.77374267578125 0.1224365234375
-0.0311050415039063 -0.0266666412353516 0.47296142578125 0.77239990234375
0.0297794342041016 0.00931358337402344 -0.0590820312500001 0.59161376953125
0.0284366607666016 0.0244808197021484 0.0391311645507813 0.0316276550292969
0.0185050964355469 0.00505638122558594 0.09539794921875 -0.61016845703125
-0.000291824340820315 -0.0303058624267578 -0.5263671875 -0.7261962890625
-0.0214443206787109 -0.0191650390625 -0.8209228515625 0.0455322265625
-0.0173091888427734 0.00206565856933594 -0.33514404296875 0.5679931640625
-0.000474929809570313 0.00914096832275391 0.1156005859375 0.44561767578125
0.00578689575195312 0.0209064483642578 0.313262939453125 0.060638427734375
0.0196590423583984 0.0148296356201172 0.262100219726563 -0.204635620117188
0.0208339691162109 -0.00148391723632813 -0.217376708984375 0.183517456054688
0.0215988159179688 0.0147819519042969 -0.257034301757813 -0.11846923828125
0.00235652923583985 0.0139179229736328 -0.0538330078125 -0.47314453125
-0.010162353515625 0.0126142501831055 0.424835205078125 -0.4859619140625
-0.0397148132324219 -0.002288818359375 0.77630615234375 0.14697265625
-0.0321044921875 -0.0324878692626953 0.45916748046875 0.78656005859375
0.0309238433837891 -0.00147819519042969 -0.07049560546875 0.58917236328125
0.0347213745117188 0.0131950378417969 0.038116455078125 0.0256576538085938
0.0188045501708984 -0.005157470703125 0.08056640625 -0.611328125
-0.00282859802246093 -0.0338020324707031 -0.5447998046875 -0.70367431640625
-0.0208625793457031 -0.0184440612792969 -0.8162841796875 0.0716552734375
-0.0173177719116211 0.00132465362548828 -0.31463623046875 0.57794189453125
-0.000402450561523437 0.00556230545043945 0.127899169921875 0.442718505859375
0.00492668151855469 0.0185794830322266 0.317474365234375 0.056121826171875
0.02044677734375 0.0127239227294922 0.263351440429688 -0.202835083007813
0.0194606781005859 -0.00525283813476563 -0.218292236328125 0.182357788085938
0.0202007293701172 0.01055908203125 -0.2564697265625 -0.119155883789063
0.00187969207763672 0.00853633880615234 -0.050262451171875 -0.47149658203125
-0.00803947448730469 0.0106687545776367 0.430694580078125 -0.481719970703125
-0.0369758605957031 -0.00216293334960938 0.78125 0.15289306640625
-0.0321464538574219 -0.0374794006347656 0.45458984375 0.789794921875
0.0325527191162109 -0.0125961303710938 -0.0751953125000001 0.589111328125
0.040496826171875 -0.000400543212890625 0.035675048828125 0.0261650085449219
0.0184059143066406 -0.0153255462646484 0.07415771484375 -0.6103515625
-0.00510406494140625 -0.0368919372558594 -0.552001953125 -0.6956787109375
-0.0188159942626953 -0.0184555053710938 -0.81341552734375 0.0821533203125
-0.0158586502075195 -0.000422477722167967 -0.30975341796875 0.58447265625
-0.00110721588134766 -0.000134468078613281 0.132598876953125 0.445068359375
0.00288009643554688 0.0137672424316406 0.320465087890625 0.057098388671875
0.0185699462890625 0.00945854187011719 0.264938354492188 -0.200592041015625
0.0159368515014648 -0.0105800628662109 -0.219009399414063 0.183761596679688
0.0202598571777344 0.00456047058105469 -0.259353637695313 -0.115570068359375
0.00144314765930176 0.00143647193908691 -0.0547180175781251 -0.467926025390625
-0.00318336486816406 0.00966644287109375 0.42413330078125 -0.48455810546875
-0.0318412780761719 0.000246047973632814 0.78143310546875 0.1435546875
-0.0324974060058594 -0.0399932861328125 0.46368408203125 0.78546142578125
0.0324249267578125 -0.0230979919433594 -0.0709838867187499 0.593505859375
0.044769287109375 -0.0118293762207031 0.0317859649658203 0.0327281951904297
0.0178794860839844 -0.0245018005371094 0.07989501953125 -0.60595703125
-0.0047760009765625 -0.0393562316894531 -0.5411376953125 -0.705810546875
-0.0142059326171875 -0.019195556640625 -0.81561279296875 0.0699462890625001
-0.0129413604736328 -0.00305271148681641 -0.3167724609375 0.5833740234375
-0.00273561477661133 -0.00697422027587891 0.129302978515625 0.450927734375
-0.0003509521484375 0.00924873352050781 0.319580078125 0.061279296875
0.0148706436157227 0.00475883483886719 0.267425537109375 -0.200363159179687
0.0122995376586914 -0.016021728515625 -0.218856811523438 0.18389892578125
0.0172281265258789 -0.00159454345703125 -0.26300048828125 -0.107742309570313
0.000362396240234375 -0.00628376007080078 -0.067962646484375 -0.462158203125
0.00250577926635742 0.00713014602661133 0.410003662109375 -0.495697021484375
-0.0245075225830078 0.00234603881835937 0.784912109375 0.11895751953125
-0.0326042175292969 -0.0402488708496094 0.4873046875 0.77117919921875
0.0311374664306641 -0.0307273864746094 -0.058837890625 0.59918212890625
0.04632568359375 -0.0201339721679688 0.027801513671875 0.0427093505859375
0.0176773071289063 -0.0301246643066406 0.090576171875 -0.59820556640625
-0.00274276733398437 -0.0396652221679687 -0.524658203125 -0.720458984375
-0.00685501098632813 -0.0193881988525391 -0.82244873046875 0.0447998046875001
-0.00981807708740234 -0.00664710998535156 -0.3359375 0.57867431640625
-0.00341796875 -0.0136394500732422 0.1146240234375 0.45782470703125
-0.00354743003845215 0.00348591804504394 0.3150634765625 0.07037353515625
0.0115509033203125 0.000673294067382813 0.267745971679688 -0.195571899414063
0.0166177749633789 -0.00828933715820313 -0.218841552734375 0.187454223632813
0.0169649124145508 0.00925731658935547 -0.286712646484375 -0.089324951171875
0.00169658660888672 0.0101718902587891 -0.121673583984375 -0.45721435546875
0.00197696685791016 0.0123224258422852 0.327667236328125 -0.552093505859375
-0.0248088836669922 0.00502777099609375 0.767578125 0.00335693359375
-0.0274887084960938 -0.0154380798339844 0.569091796875 0.69354248046875
0.0250949859619141 0.0182914733886719 0.00506591796874998 0.6072998046875
0.0164031982421875 0.0342559814453125 0.0344161987304688 0.0682868957519531
0.0167083740234375 0.0186958312988281 0.15325927734375 -0.588134765625
0.0118465423583984 -0.0192070007324219 -0.44110107421875 -0.80584716796875
-0.00574684143066406 -0.0185356140136719 -0.85009765625 -0.0786132812499998
-0.0120639801025391 -0.0019683837890625 -0.42523193359375 0.52838134765625
-0.00192451477050781 0.00616645812988281 0.0517272949218749 0.4644775390625
0.000738143920898436 0.0163335800170898 0.288421630859375 0.088104248046875
0.0157051086425781 0.00944328308105469 0.261962890625 -0.195327758789063
0.0181903839111328 -0.003509521484375 -0.216705322265625 0.1895751953125
0.0208969116210938 0.0138473510742188 -0.278396606445313 -0.0973358154296874
0.00285911560058594 0.0155372619628906 -0.10101318359375 -0.4627685546875
-0.0027313232421875 0.0140008926391602 0.3565673828125 -0.53485107421875
-0.0315952301025391 0.00247573852539062 0.76837158203125 0.0457763671875
-0.0287246704101563 -0.0179729461669922 0.53179931640625 0.72332763671875
0.0264606475830078 0.0199871063232422 -0.01971435546875 0.603515625
0.0191726684570313 0.0363883972167969 0.0364036560058594 0.0543746948242188
0.0181541442871094 0.0187091827392578 0.1365966796875 -0.5997314453125
0.00752449035644531 -0.0219135284423828 -0.47100830078125 -0.78204345703125
-0.0131721496582031 -0.0199222564697266 -0.84197998046875 -0.0352172851562501
-0.015233039855957 -0.000257492065429686 -0.39495849609375 0.541290283203125
-0.00269412994384766 0.00984382629394531 0.074127197265625 0.457122802734375
0.00366592407226563 0.0202350616455078 0.298126220703125 0.0772705078125
0.0174217224121094 0.0126771926879883 0.259902954101563 -0.202194213867188
0.0218677520751953 -0.000551223754882813 -0.2188720703125 0.185104370117188
0.0217170715332031 0.0172348022460938 -0.27142333984375 -0.107254028320312
0.00313377380371094 0.0180988311767578 -0.081878662109375 -0.469482421875
-0.00732135772705078 0.0144844055175781 0.384979248046875 -0.517974853515625
-0.0369682312011719 0.0008087158203125 0.77685546875 0.085693359375
-0.0293369293212891 -0.0217857360839844 0.50543212890625 0.7506103515625
0.0280990600585938 0.0158557891845703 -0.0390014648437501 0.59747314453125
0.0228137969970703 0.0323505401611328 0.0380058288574219 0.0418624877929688
0.0189418792724609 0.0125694274902344 0.11334228515625 -0.60516357421875
0.00327873229980469 -0.0255870819091797 -0.50408935546875 -0.75323486328125
-0.0182285308837891 -0.0193729400634766 -0.834716796875 0.00994873046874999
-0.0179634094238281 0.00140762329101563 -0.36431884765625 0.5595703125
-0.00126743316650391 0.0108089447021484 0.094940185546875 0.4525146484375
0.00499343872070313 0.0228691101074219 0.306182861328125 0.068878173828125
0.0203933715820312 0.0145263671875 0.263626098632813 -0.201217651367187
0.0212268829345703 -0.00043487548828125 -0.218063354492187 0.186248779296875
0.0230541229248047 0.0172214508056641 -0.264114379882812 -0.11431884765625
0.00216865539550781 0.0176048278808594 -0.0648193359375001 -0.47259521484375
-0.0101003646850586 0.0138120651245117 0.41131591796875 -0.500335693359375
-0.0399589538574219 -0.00125122070312499 0.77874755859375 0.1226806640625
-0.0307636260986328 -0.0267734527587891 0.47509765625 0.77532958984375
0.0303688049316406 0.00878334045410156 -0.06060791015625 0.593505859375
0.0285301208496094 0.0248794555664063 0.0385932922363281 0.0321044921875
0.0189590454101563 0.00510978698730469 0.0956420898437499 -0.61151123046875
-0.000734329223632812 -0.02972412109375 -0.52783203125 -0.72735595703125
-0.0219516754150391 -0.0194110870361328 -0.82550048828125 0.0469970703125001
-0.0179271697998047 0.00221633911132812 -0.33758544921875 0.57183837890625
-0.000762939453125 0.0101261138916016 0.115570068359375 0.44659423828125
0.005950927734375 0.0210895538330078 0.3133544921875 0.060638427734375
0.0203266143798828 0.0145053863525391 0.264144897460937 -0.205886840820312
0.0212440490722656 -0.00189590454101562 -0.218017578125 0.183822631835937
0.0223541259765625 0.0146656036376953 -0.259658813476562 -0.11859130859375
0.00211143493652344 0.0144176483154297 -0.053253173828125 -0.474151611328125
-0.0108413696289063 0.0126638412475586 0.425628662109375 -0.487884521484375
-0.0401954650878906 -0.00221633911132812 0.7808837890625 0.1475830078125
-0.0316810607910156 -0.0325813293457031 0.46148681640625 0.78985595703125
0.0318851470947266 -0.00154876708984375 -0.07244873046875 0.58966064453125
0.0358543395996094 0.013092041015625 0.0367240905761719 0.0260810852050781
0.0189857482910156 -0.00461578369140625 0.08184814453125 -0.614013671875
-0.00369071960449219 -0.0329704284667969 -0.5469970703125 -0.70684814453125
-0.0215930938720703 -0.0186176300048828 -0.81939697265625 0.0726318359375001
-0.0173912048339844 0.00152873992919922 -0.3182373046875 0.5831298828125
-0.000628948211669922 0.00598526000976563 0.12847900390625 0.44586181640625
0.0050048828125 0.0187206268310547 0.318359375 0.05670166015625
0.0203590393066406 0.0129318237304688 0.265335083007813 -0.203750610351563
0.0199356079101563 -0.00596046447753906 -0.21917724609375 0.182723999023438
0.0213546752929688 0.0100879669189453 -0.258575439453125 -0.118881225585937
0.00216579437255859 0.00902175903320313 -0.050994873046875 -0.472381591796875
-0.00857353210449219 0.0108499526977539 0.433013916015625 -0.4827880859375
-0.0373573303222656 -0.0019073486328125 0.78570556640625 0.15460205078125
-0.0315475463867187 -0.0374984741210938 0.4566650390625 0.79449462890625
0.0330753326416016 -0.0134906768798828 -0.0773315429687501 0.5909423828125
0.0412063598632813 -0.000423431396484375 0.0354385375976563 0.0264358520507813
0.0191478729248047 -0.0152721405029297 0.07440185546875 -0.61114501953125
-0.00562286376953125 -0.0368804931640625 -0.5528564453125 -0.69989013671875
-0.0193710327148438 -0.0190391540527344 -0.81634521484375 0.0823974609375001
-0.0158224105834961 -6.96182250976576E-05 -0.31085205078125 0.58935546875
-0.00130128860473633 0.00029909610748291 0.132781982421875 0.447967529296875
0.00324058532714844 0.0142536163330078 0.3211669921875 0.057586669921875
0.0190448760986328 0.00957298278808594 0.266448974609375 -0.201187133789062
0.0159645080566406 -0.0113506317138672 -0.220199584960937 0.184051513671875
0.0210800170898438 0.005218505859375 -0.260635375976563 -0.115341186523437
0.00134372711181641 0.00126528739929199 -0.0562744140625 -0.469635009765625
-0.00409793853759766 0.00929069519042969 0.4259033203125 -0.48681640625
-0.0325603485107422 -0.000179290771484374 0.7852783203125 0.14434814453125
-0.0324897766113281 -0.0394935607910156 0.46435546875 0.7901611328125
0.0336093902587891 -0.0235843658447266 -0.0733642578125 0.59527587890625
0.0452651977539062 -0.0113754272460937 0.0308952331542969 0.0323657989501953
0.0186920166015625 -0.0245857238769531 0.0804443359375 -0.6064453125
-0.00510406494140625 -0.0389595031738281 -0.5428466796875 -0.70709228515625
-0.0142555236816406 -0.0194187164306641 -0.81939697265625 0.0701293945312498
-0.013789176940918 -0.0026092529296875 -0.31842041015625 0.58758544921875
-0.00276374816894531 -0.00663232803344727 0.1282958984375 0.45416259765625
0.000660896301269532 0.00917339324951172 0.3212890625 0.062469482421875
0.0154743194580078 0.00464725494384766 0.268508911132812 -0.201004028320312
0.0130233764648438 -0.0167274475097656 -0.219863891601563 0.184661865234375
0.0183353424072266 -0.00163078308105469 -0.265853881835938 -0.108551025390625
0.000190258026123047 -0.00620079040527344 -0.068572998046875 -0.463165283203125
0.00136947631835937 0.00789260864257813 0.41064453125 -0.497222900390625
-0.0253829956054688 0.00237846374511718 0.7882080078125 0.11785888671875
-0.0324821472167969 -0.0399742126464844 0.488037109375 0.7738037109375
0.0318164825439453 -0.0312385559082031 -0.0606079101562499 0.59991455078125
0.0475425720214844 -0.0205421447753906 0.0270233154296875 0.0428848266601562
0.01812744140625 -0.0300807952880859 0.09130859375 -0.6002197265625
-0.00278854370117188 -0.039825439453125 -0.52618408203125 -0.7244873046875
-0.007354736328125 -0.0193290710449219 -0.8262939453125 0.0452880859375001
-0.0109186172485352 -0.00657558441162109 -0.33966064453125 0.5828857421875
-0.00323390960693359 -0.0136423110961914 0.114593505859375 0.461029052734375
-0.00349783897399902 0.00369787216186523 0.316436767578125 0.07110595703125
0.0123672485351563 0.0001678466796875 0.268356323242187 -0.196273803710937
0.0169248580932617 -0.00803375244140625 -0.220169067382813 0.1885986328125
0.0181064605712891 0.00963020324707031 -0.289459228515625 -0.0888977050781251
0.00114822387695313 0.0108299255371094 -0.122406005859375 -0.458343505859375
0.00148200988769531 0.0122203826904297 0.329376220703125 -0.556732177734375
-0.0246372222900391 0.00502014160156251 0.772216796875 0.00311279296875
-0.0265884399414063 -0.0153713226318359 0.5723876953125 0.6954345703125
0.0259895324707031 0.0178031921386719 0.00592041015624999 0.60858154296875
0.0169162750244141 0.0345630645751953 0.0347709655761719 0.0678596496582031
0.0168514251708984 0.0188121795654297 0.15325927734375 -0.59161376953125
0.0116844177246094 -0.0182228088378906 -0.445068359375 -0.80810546875
-0.00620841979980469 -0.0186634063720703 -0.8555908203125 -0.07781982421875
-0.0125322341918945 -0.00204753875732422 -0.42724609375 0.53155517578125
-0.00272178649902344 0.00612831115722656 0.0513916015625 0.4677734375
0.00109195709228516 0.0166091918945312 0.2901611328125 0.0880126953125
0.0160026550292969 0.00895118713378906 0.26287841796875 -0.196319580078125
0.0189323425292969 -0.00414276123046875 -0.217803955078125 0.189804077148438
0.0220775604248047 0.0139865875244141 -0.281219482421875 -0.097564697265625
0.00228691101074219 0.0154342651367187 -0.102081298828125 -0.465576171875
-0.00285911560058594 0.0139627456665039 0.3587646484375 -0.536895751953125
-0.0326404571533203 0.00223922729492187 0.7744140625 0.04534912109375
-0.0280513763427734 -0.0174541473388672 0.53717041015625 0.7274169921875
0.0276699066162109 0.0187110900878906 -0.01922607421875 0.60504150390625
0.0197792053222656 0.0361442565917969 0.0365638732910156 0.05517578125
0.0181713104248047 0.0178470611572266 0.13812255859375 -0.6029052734375
0.00739860534667969 -0.0215015411376953 -0.47314453125 -0.78314208984375
-0.0137767791748047 -0.0200557708740234 -0.846435546875 -0.0341186523437502
-0.0157327651977539 -0.000308036804199221 -0.3984375 0.547088623046875
-0.00219440460205078 0.0104284286499023 0.0750732421875 0.460296630859375
0.00357818603515625 0.0201587677001953 0.29925537109375 0.0767822265625
0.0178890228271484 0.0128955841064453 0.262191772460938 -0.203887939453125
0.0223445892333984 -0.00172042846679688 -0.219558715820312 0.186126708984375
0.0224151611328125 0.0165271759033203 -0.272552490234375 -0.10723876953125
0.003204345703125 0.0187263488769531 -0.0827331542968749 -0.47198486328125
-0.00826549530029297 0.0144853591918945 0.385955810546875 -0.521392822265625
-0.0373115539550781 0.000511169433593749 0.7816162109375 0.0838623046875
-0.0292816162109375 -0.0212059020996094 0.5111083984375 0.752197265625
0.0286674499511719 0.0157318115234375 -0.03973388671875 0.597900390625
0.0230617523193359 0.0329208374023438 0.037841796875 0.0421028137207031
0.0187873840332031 0.0131111145019531 0.11273193359375 -0.60772705078125
0.0030975341796875 -0.0252132415771484 -0.50787353515625 -0.75390625
-0.0184059143066406 -0.0198192596435547 -0.840087890625 0.0109252929687502
-0.0182151794433594 0.0015106201171875 -0.367431640625 0.5640869140625
-0.00129318237304687 0.0115232467651367 0.095733642578125 0.455352783203125
0.00532150268554687 0.0227088928222656 0.307159423828125 0.06866455078125
0.0210628509521484 0.0140151977539063 0.263748168945313 -0.202560424804688
0.0223674774169922 -0.000690460205078125 -0.219192504882812 0.187057495117188
0.0242595672607422 0.01715087890625 -0.266632080078125 -0.114059448242188
0.00262069702148438 0.0182094573974609 -0.0657958984375 -0.475372314453125
-0.0109148025512695 0.0139484405517578 0.411865234375 -0.503509521484375
-0.0401954650878906 -0.00137329101562501 0.78216552734375 0.1220703125
-0.0305843353271484 -0.0265178680419922 0.47998046875 0.77813720703125
0.0310268402099609 0.00861740112304688 -0.0606689453125 0.5958251953125
0.0285053253173828 0.02459716796875 0.0379638671875 0.0322456359863281
0.0194263458251953 0.00515937805175781 0.094970703125 -0.61590576171875
-0.000921249389648438 -0.0294094085693359 -0.5316162109375 -0.7308349609375
-0.0222225189208984 -0.0198478698730469 -0.83074951171875 0.0483398437499999
-0.0182209014892578 0.00244140625 -0.33941650390625 0.5758056640625
-0.00126266479492187 0.00935935974121094 0.116424560546875 0.450408935546875
0.00632095336914063 0.0216407775878906 0.315185546875 0.059722900390625
0.0213623046875 0.0144844055175781 0.264450073242188 -0.20703125
0.0223503112792969 -0.00268363952636719 -0.220138549804687 0.18463134765625
0.0233020782470703 0.0148239135742188 -0.261810302734375 -0.118606567382813
0.00236701965332031 0.0153923034667969 -0.0552978515625 -0.477294921875
-0.0111761093139648 0.0130681991577148 0.4285888671875 -0.491790771484375
-0.0404434204101563 -0.00200653076171874 0.78558349609375 0.14697265625
-0.0309677124023438 -0.0319976806640625 0.46282958984375 0.79461669921875
0.0327625274658203 -0.00282859802246094 -0.07501220703125 0.59234619140625
0.0352668762207031 0.0129966735839844 0.0378303527832031 0.0267066955566406
0.0193767547607422 -0.0049896240234375 0.0800781250000001 -0.61700439453125
-0.00438690185546875 -0.0333385467529297 -0.55029296875 -0.71099853515625
-0.0219974517822266 -0.0188007354736328 -0.82452392578125 0.0745239257812501
-0.018402099609375 0.00190544128417969 -0.31866455078125 0.5880126953125
-0.000460624694824219 0.00603389739990234 0.130584716796875 0.448944091796875
0.00578880310058594 0.0196380615234375 0.3203125 0.056396484375
0.0212516784667969 0.0126876831054688 0.266250610351563 -0.205581665039062
0.0202503204345703 -0.00643539428710937 -0.220550537109375 0.1832275390625
0.0222797393798828 0.0105991363525391 -0.260009765625 -0.119338989257813
0.00255203247070312 0.00926303863525391 -0.05126953125 -0.474395751953125
-0.00934886932373047 0.0113382339477539 0.435272216796875 -0.48590087890625
-0.0374984741210937 -0.00130462646484376 0.7899169921875 0.15325927734375
-0.0319366455078125 -0.0372352600097656 0.4615478515625 0.79644775390625
0.0337963104248047 -0.0140590667724609 -0.07745361328125 0.594970703125
0.0417289733886719 9.918212890625E-05 0.0346946716308594 0.0267677307128906
0.0184898376464844 -0.0153598785400391 0.07342529296875 -0.61480712890625
-0.0057525634765625 -0.0364570617675781 -0.5582275390625 -0.70184326171875
-0.0198898315429687 -0.0195388793945313 -0.822265625 0.08392333984375
-0.0168333053588867 2.06141726983249E-18 -0.31182861328125 0.591552734375
-0.00136470794677734 0.000148892402648926 0.134490966796875 0.451263427734375
0.00324630737304688 0.0152654647827148 0.322296142578125 0.056671142578125
0.0195140838623047 0.00963973999023438 0.267410278320313 -0.20343017578125
0.0165958404541016 -0.0118618011474609 -0.2205810546875 0.184585571289062
0.021331787109375 0.00445175170898438 -0.2635498046875 -0.115814208984375
0.0010383129119873 0.00168812274932861 -0.056243896484375 -0.47174072265625
-0.00466442108154297 0.00903892517089844 0.428863525390625 -0.48931884765625
-0.0322742462158203 -0.000242233276367182 0.7908935546875 0.1424560546875
-0.0324363708496094 -0.0402145385742188 0.4671630859375 0.7918701171875
0.03387451171875 -0.0245628356933594 -0.07415771484375 0.5972900390625
0.0454330444335938 -0.0117073059082031 0.0312061309814453 0.0330257415771484
0.0186557769775391 -0.0241870880126953 0.07989501953125 -0.61004638671875
-0.00590896606445313 -0.0387420654296875 -0.54669189453125 -0.71038818359375
-0.0149936676025391 -0.0193634033203125 -0.8240966796875 0.0718994140625
-0.0140743255615234 -0.00316810607910156 -0.3206787109375 0.59234619140625
-0.00274944305419922 -0.00652647018432617 0.130340576171875 0.45574951171875
0.00115108489990234 0.00941753387451172 0.322998046875 0.061767578125
0.015751838684082 0.00441455841064453 0.269622802734375 -0.2030029296875
0.0138072967529297 -0.0176830291748047 -0.220794677734375 0.1861572265625
0.0186786651611328 -0.00171470642089844 -0.266891479492188 -0.1090087890625
0.000619888305664062 -0.00574970245361328 -0.06982421875 -0.465087890625
0.00079965591430664 0.00754880905151367 0.412384033203125 -0.499786376953125
-0.0253944396972656 0.0028076171875 0.79254150390625 0.11724853515625
-0.0321464538574219 -0.0406913757324219 0.49163818359375 0.77587890625
0.0328826904296875 -0.0320186614990234 -0.06097412109375 0.60284423828125
0.0471420288085938 -0.0209732055664063 0.0271759033203125 0.0436668395996094
0.0177688598632813 -0.0298748016357422 0.0921630859375001 -0.6033935546875
-0.00297927856445312 -0.0390434265136719 -0.5306396484375 -0.726318359375
-0.00779151916503906 -0.0197658538818359 -0.83148193359375 0.0471191406250002
-0.0107555389404297 -0.00672340393066407 -0.339111328125 0.5860595703125
-0.00353145599365234 -0.0132513046264648 0.115570068359375 0.46405029296875
-0.00263619422912598 0.00349712371826172 0.317840576171875 0.070587158203125
0.0129537582397461 -1.62124633789063E-05 0.269119262695313 -0.198776245117187
0.0177593231201172 -0.00875473022460938 -0.22088623046875 0.190093994140625
0.0188789367675781 0.00912666320800781 -0.2918701171875 -0.088653564453125
0.0016632080078125 0.0112876892089844 -0.12396240234375 -0.4600830078125
0.000119209289550781 0.0133066177368164 0.33148193359375 -0.560150146484375
-0.0255298614501953 0.0055999755859375 0.7767333984375 -0.0001220703125
-0.0265483856201172 -0.0153388977050781 0.5791015625 0.698486328125
0.026947021484375 0.0170173645019531 0.00598144531250007 0.6123046875
0.0178413391113281 0.0346107482910156 0.0341529846191406 0.0688629150390625
0.0168666839599609 0.0196914672851563 0.1534423828125 -0.59393310546875
0.0111541748046875 -0.0185470581054688 -0.44921875 -0.81195068359375
-0.00577735900878906 -0.019378662109375 -0.86181640625 -0.0751953125000001
-0.0138473510742188 -0.00182247161865234 -0.428985595703125 0.5382080078125
-0.0027461051940918 0.00594949722290039 0.053314208984375 0.471649169921875
0.00135231018066406 0.0171298980712891 0.291717529296875 0.087738037109375
0.0177536010742188 0.00878334045410156 0.263717651367188 -0.198699951171875
0.0191516876220703 -0.00475502014160156 -0.218963623046875 0.19183349609375
0.0225334167480469 0.0136070251464844 -0.283721923828125 -0.0960693359375
0.00265979766845703 0.0160093307495117 -0.103851318359375 -0.467193603515625
-0.00373649597167969 0.014190673828125 0.3604736328125 -0.541748046875
-0.0330314636230469 0.00279045104980469 0.7811279296875 0.04278564453125
-0.0278072357177734 -0.0180015563964844 0.54278564453125 0.7296142578125
0.0287628173828125 0.0186290740966797 -0.0197143554687499 0.6087646484375
0.0205612182617188 0.0363044738769531 0.0359306335449219 0.0554771423339844
0.0183162689208984 0.0185298919677734 0.1353759765625 -0.6048583984375
0.00687217712402343 -0.0212268829345703 -0.478271484375 -0.7861328125
-0.0137577056884766 -0.020111083984375 -0.851318359375 -0.0319213867187502
-0.0161714553833008 0.00102901458740234 -0.3984375 0.552490234375
-0.00244617462158203 0.0104942321777344 0.07562255859375 0.463287353515625
0.00424385070800781 0.0206031799316406 0.300933837890625 0.076385498046875
0.0185718536376953 0.0121421813964844 0.2628173828125 -0.206161499023438
0.0227069854736328 -0.00276374816894531 -0.221176147460938 0.18792724609375
0.0233001708984375 0.0173168182373047 -0.2762451171875 -0.10699462890625
0.00284576416015625 0.0184173583984375 -0.0859375 -0.474639892578125
-0.00932979583740234 0.0143241882324219 0.387054443359375 -0.525390625
-0.0373764038085938 0.00115966796875 0.78692626953125 0.08135986328125
-0.0289230346679688 -0.0209197998046875 0.51611328125 0.75634765625
0.0292434692382813 0.0143547058105469 -0.0386962890625 0.60205078125
0.0240211486816406 0.0323867797851562 0.0381622314453125 0.0430641174316406
0.0190982818603516 0.0132217407226562 0.11334228515625 -0.61322021484375
0.00293350219726562 -0.0256576538085938 -0.513671875 -0.7579345703125
-0.0184917449951172 -0.0196857452392578 -0.84429931640625 0.0151977539062498
-0.0182209014892578 0.00164222717285156 -0.36761474609375 0.56951904296875
-0.00153446197509766 0.0107507705688477 0.0989990234375 0.456512451171875
0.00561714172363281 0.0230693817138672 0.30938720703125 0.067657470703125
0.0225257873535156 0.0140380859375 0.265045166015625 -0.204620361328125
0.0224361419677734 -0.00196456909179688 -0.2208251953125 0.188400268554688
0.0250167846679687 0.0173225402832031 -0.268966674804687 -0.113357543945312
0.00246047973632812 0.018524169921875 -0.068145751953125 -0.478179931640625
-0.0117111206054687 0.0141391754150391 0.413055419921875 -0.50762939453125
-0.040924072265625 -0.0014801025390625 0.7880859375 0.11981201171875
-0.0297393798828125 -0.0265140533447266 0.48468017578125 0.781982421875
0.0316257476806641 0.00790977478027344 -0.06072998046875 0.59783935546875
0.0297260284423828 0.0249195098876953 0.0382804870605469 0.0324745178222656
0.0197601318359375 0.00586891174316406 0.09429931640625 -0.61865234375
-0.00167465209960938 -0.0294075012207031 -0.53558349609375 -0.7335205078125
-0.022003173828125 -0.0197582244873047 -0.83575439453125 0.051025390625
-0.0187454223632813 0.00297355651855469 -0.339599609375 0.58203125
-0.00119972229003906 0.0102453231811523 0.118560791015625 0.451934814453125
0.0069580078125 0.0220146179199219 0.31689453125 0.058929443359375
0.0217838287353516 0.0142364501953125 0.26611328125 -0.209732055664062
0.0226707458496094 -0.00386810302734375 -0.220184326171875 0.185623168945313
0.0242195129394531 0.0144786834716797 -0.264266967773438 -0.117568969726563
0.00236988067626953 0.0155811309814453 -0.057952880859375 -0.480560302734375
-0.0118942260742188 0.0123376846313477 0.430877685546875 -0.495025634765625
-0.0415267944335938 -0.00211334228515624 0.79296875 0.1441650390625
-0.0306758880615234 -0.0315437316894531 0.469970703125 0.79541015625
0.0332813262939453 -0.00318717956542969 -0.07232666015625 0.59521484375
0.0362472534179688 0.012786865234375 0.0363540649414063 0.0271797180175781
0.0197582244873047 -0.00434112548828125 0.0791015625 -0.6202392578125
-0.00472640991210938 -0.0328750610351563 -0.5560302734375 -0.71209716796875
-0.0223026275634766 -0.0191669464111328 -0.828369140625 0.0772094726562499
-0.0183658599853516 0.00144577026367188 -0.31964111328125 0.59375
-0.00114345550537109 0.005584716796875 0.132781982421875 0.450958251953125
0.00643157958984375 0.0199241638183594 0.3223876953125 0.055084228515625
0.02191162109375 0.0121479034423828 0.266357421875 -0.20819091796875
0.0212535858154297 -0.0072479248046875 -0.221359252929687 0.184799194335937
0.023529052734375 0.00996971130371094 -0.2635498046875 -0.119003295898437
0.00202751159667969 0.00958251953125 -0.05328369140625 -0.47808837890625
-0.00981998443603515 0.0114955902099609 0.4365234375 -0.489715576171875
-0.0378265380859375 -0.00185775756835937 0.7960205078125 0.15191650390625
-0.0320167541503906 -0.0370750427246094 0.46441650390625 0.80133056640625
0.0343894958496094 -0.0145893096923828 -0.07586669921875 0.59649658203125
0.0417251586914063 -0.00037384033203125 0.0341854095458984 0.0269126892089844
0.0188560485839844 -0.0144519805908203 0.073486328125 -0.61737060546875
-0.005889892578125 -0.03594970703125 -0.5625 -0.70416259765625
-0.0198841094970703 -0.0191173553466797 -0.82666015625 0.08721923828125
-0.0174808502197266 0.000514030456542969 -0.312255859375 0.59954833984375
-0.00160455703735352 0.000745415687561035 0.135772705078125 0.45355224609375
0.00381660461425781 0.015594482421875 0.3248291015625 0.05596923828125
0.019775390625 0.0093231201171875 0.268478393554688 -0.205917358398438
0.0176315307617188 -0.0124664306640625 -0.221664428710937 0.186813354492188
0.0226936340332031 0.00484275817871094 -0.265899658203125 -0.114669799804687
0.00179243087768555 0.00179636478424072 -0.058197021484375 -0.475006103515625
-0.00578117370605469 0.00927925109863281 0.4287109375 -0.49359130859375
-0.0329570770263672 9.7274780273438E-05 0.79705810546875 0.14141845703125
-0.0319671630859375 -0.0399055480957031 0.4752197265625 0.79290771484375
0.0345478057861328 -0.0252761840820312 -0.0736694335937501 0.5997314453125
0.0458641052246094 -0.011962890625 0.0307655334472656 0.0339565277099609
0.0187187194824219 -0.0241870880126953 0.0788574218749999 -0.6131591796875
-0.00541305541992188 -0.0384445190429688 -0.5513916015625 -0.7132568359375
-0.0152969360351563 -0.0196876525878906 -0.82940673828125 0.0769653320312501
-0.014552116394043 -0.00276851654052735 -0.3201904296875 0.59783935546875
-0.00247621536254883 -0.00628566741943359 0.1328125 0.458770751953125
0.00118637084960937 0.00955295562744141 0.324371337890625 0.060821533203125
0.0166597366333008 0.00466442108154297 0.270355224609375 -0.204483032226563
0.0136947631835938 -0.0180854797363281 -0.221893310546875 0.186492919921875
0.0202083587646484 -0.00182151794433594 -0.270889282226563 -0.107894897460938
0.000821113586425781 -0.00550317764282226 -0.0716552734375 -0.46942138671875
0.000157833099365234 0.00793552398681641 0.41412353515625 -0.50439453125
-0.0260162353515625 0.00249099731445313 0.7989501953125 0.11529541015625
-0.0316352844238281 -0.0399856567382813 0.49798583984375 0.77862548828125
0.0331687927246094 -0.0330181121826172 -0.05816650390625 0.6058349609375
0.0477447509765625 -0.0204925537109375 0.0268478393554688 0.0436439514160156
0.0183086395263672 -0.0297489166259766 0.0908203125 -0.60675048828125
-0.00324249267578125 -0.0392532348632813 -0.5347900390625 -0.73016357421875
-0.00838851928710937 -0.019805908203125 -0.836181640625 0.0499877929687499
-0.0112028121948242 -0.00644207000732422 -0.34014892578125 0.593994140625
-0.00351333618164063 -0.0130825042724609 0.11767578125 0.467926025390625
-0.00226807594299316 0.00377821922302246 0.31903076171875 0.068939208984375
0.0134553909301758 -0.000460624694824219 0.27105712890625 -0.201263427734375
0.017491340637207 -0.0104236602783203 -0.221923828125 0.192169189453125
0.0201587677001953 0.0100307464599609 -0.29437255859375 -0.087127685546875
0.00187778472900391 0.0111856460571289 -0.1279296875 -0.462188720703125
0.000566482543945312 0.012629508972168 0.331298828125 -0.56512451171875
-0.0257606506347656 0.00618362426757813 0.78265380859375 -0.0047607421875
-0.0261592864990234 -0.0148983001708984 0.58502197265625 0.6981201171875
0.0272789001464844 0.0165519714355469 0.00860595703124994 0.6142578125
0.0181388854980469 0.0344791412353516 0.0332794189453125 0.068695068359375
0.0165328979492188 0.0195217132568359 0.1510009765625 -0.59716796875
0.011474609375 -0.0183849334716797 -0.45611572265625 -0.81494140625
-0.00662994384765625 -0.0193405151367188 -0.86773681640625 -0.0714111328124999
-0.0139942169189453 -0.00177383422851563 -0.431060791015625 0.545867919921875
-0.00301074981689453 0.00644969940185547 0.0565185546875 0.47406005859375
0.00152969360351562 0.0169382095336914 0.293304443359375 0.086639404296875
0.0175838470458984 0.00833892822265625 0.264450073242188 -0.201934814453125
0.0202007293701172 -0.00543403625488281 -0.219680786132812 0.193435668945313
0.0229282379150391 0.0130043029785156 -0.286590576171875 -0.09588623046875
0.00275135040283203 0.0164775848388672 -0.108184814453125 -0.469146728515625
-0.00447654724121094 0.0145492553710938 0.360626220703125 -0.54638671875
-0.0325489044189453 0.00364112854003907 0.78558349609375 0.03948974609375
-0.0276756286621094 -0.0173892974853516 0.5491943359375 0.73016357421875
0.0293807983398438 0.0177574157714844 -0.016845703125 0.61181640625
0.0204544067382813 0.0362129211425781 0.0355148315429688 0.0561141967773438
0.0180492401123047 0.0190563201904297 0.13507080078125 -0.6090087890625
0.0076904296875 -0.0214023590087891 -0.482177734375 -0.788818359375
-0.0142631530761719 -0.0199851989746094 -0.85821533203125 -0.0280761718749999
-0.0165929794311523 0.000690460205078124 -0.39947509765625 0.55853271484375
-0.00219440460205078 0.00992298126220703 0.078155517578125 0.466705322265625
0.0048828125 0.0213813781738281 0.302825927734375 0.0753173828125
0.0189933776855469 0.0124263763427734 0.263717651367188 -0.20904541015625
0.0236759185791016 -0.00305557250976562 -0.22161865234375 0.189773559570313
0.0247688293457031 0.0166835784912109 -0.27911376953125 -0.105941772460938
0.00244140625 0.0191326141357422 -0.087982177734375 -0.477142333984375
-0.0103359222412109 0.0149106979370117 0.388397216796875 -0.53118896484375
-0.0380401611328125 0.0017547607421875 0.79217529296875 0.07794189453125
-0.0291957855224609 -0.0211524963378906 0.52178955078125 0.7559814453125
0.0304718017578125 0.013824462890625 -0.03680419921875 0.6048583984375
0.0250282287597656 0.0327701568603516 0.0373878479003906 0.0428428649902344
0.0193977355957031 0.0131340026855469 0.11126708984375 -0.6163330078125
0.00270652770996094 -0.0252170562744141 -0.52093505859375 -0.75946044921875
-0.0192832946777344 -0.0202617645263672 -0.8516845703125 0.0172119140625
-0.0195102691650391 0.0022735595703125 -0.36810302734375 0.5762939453125
-0.000979423522949219 0.011723518371582 0.099853515625 0.46087646484375
0.00691795349121094 0.0228614807128906 0.311248779296875 0.067047119140625
0.0223865509033203 0.0136432647705078 0.265411376953125 -0.207748413085938
0.0234375 -0.00295448303222656 -0.221038818359375 0.190078735351562
0.0260505676269531 0.0179271697998047 -0.271926879882813 -0.1131591796875
0.00294876098632813 0.0192394256591797 -0.070159912109375 -0.479156494140625
-0.0121068954467773 0.014185905456543 0.4146728515625 -0.510772705078125
-0.0408554077148438 -0.000614166259765625 0.7938232421875 0.1170654296875
-0.0304107666015625 -0.0265121459960937 0.48974609375 0.7838134765625
0.0326080322265625 0.007080078125 -0.0574951171875 0.60162353515625
0.0305671691894531 0.0243320465087891 0.0375747680664063 0.0335273742675781
0.0193367004394531 0.00582695007324219 0.09271240234375 -0.6212158203125
-0.00216484069824218 -0.0294284820556641 -0.542724609375 -0.73583984375
-0.0228939056396484 -0.0193519592285156 -0.83978271484375 0.056396484375
-0.0198593139648438 0.00237274169921875 -0.3399658203125 0.588134765625
-0.000894546508789063 0.0104999542236328 0.12188720703125 0.455413818359375
0.00754737854003906 0.0220718383789063 0.319244384765625 0.057647705078125
0.0226039886474609 0.0140590667724609 0.266464233398438 -0.212539672851563
0.0241050720214844 -0.00436019897460938 -0.221694946289062 0.187744140625
0.0251197814941406 0.0148582458496094 -0.267807006835938 -0.117416381835938
0.00267601013183594 0.0155534744262695 -0.059295654296875 -0.482574462890625
-0.0132341384887695 0.0133285522460938 0.430908203125 -0.500457763671875
-0.0414505004882813 -0.00170135498046874 0.79840087890625 0.1417236328125
-0.030181884765625 -0.0314998626708984 0.4755859375 0.7967529296875
0.0339775085449219 -0.00336265563964844 -0.0717163085937499 0.59881591796875
0.0370330810546875 0.0129966735839844 0.0363922119140625 0.0277862548828125
0.0196285247802734 -0.00425910949707031 0.0778198242187499 -0.62353515625
-0.00464057922363281 -0.0325832366943359 -0.5628662109375 -0.71282958984375
-0.0233421325683594 -0.0191059112548828 -0.8355712890625 0.0830688476562498
-0.0194091796875 0.00209236145019532 -0.31939697265625 0.60107421875
-0.00079345703125 0.00624418258666992 0.134552001953125 0.454010009765625
0.00643348693847656 0.0190658569335938 0.324432373046875 0.053619384765625
0.0226516723632813 0.0122585296630859 0.268096923828125 -0.210540771484375
0.0212478637695313 -0.0074615478515625 -0.221115112304687 0.186676025390625
0.0239677429199219 0.0102062225341797 -0.266387939453125 -0.117767333984375
0.00187873840332031 0.0103883743286133 -0.05584716796875 -0.478851318359375
-0.0110931396484375 0.0109701156616211 0.437774658203125 -0.495849609375
-0.0390205383300781 -0.000724792480468746 0.802490234375 0.14984130859375
-0.03118896484375 -0.0372581481933594 0.470703125 0.8035888671875
0.0354461669921875 -0.0158615112304688 -0.07623291015625 0.5994873046875
0.0425262451171875 -8.0108642578125E-05 0.0335102081298828 0.0275783538818359
0.0191745758056641 -0.0152950286865234 0.07061767578125 -0.6212158203125
-0.00549697875976562 -0.0356636047363281 -0.5675048828125 -0.70550537109375
-0.0208759307861328 -0.0191078186035156 -0.833740234375 0.0895996093750002
-0.017822265625 0.000383377075195315 -0.3118896484375 0.60528564453125
-0.00165319442749023 0.00081169605255127 0.137115478515625 0.45672607421875
0.00403881072998047 0.0156431198120117 0.326934814453125 0.05438232421875
0.0208969116210938 0.0088653564453125 0.269180297851563 -0.208816528320313
0.0178661346435547 -0.0138092041015625 -0.221908569335937 0.188735961914062
0.0235862731933594 0.00444221496582031 -0.269027709960938 -0.113067626953125
0.00201749801635742 0.00239920616149902 -0.06201171875 -0.477996826171875
-0.00603389739990234 0.00955677032470703 0.43072509765625 -0.498260498046875
-0.0328845977783203 0.000190734863281254 0.80145263671875 0.138427734375
-0.0317192077636719 -0.040008544921875 0.4798583984375 0.79656982421875
0.0354385375976562 -0.0266456604003906 -0.07305908203125 0.60369873046875
0.0470085144042969 -0.0117378234863281 0.0304412841796875 0.0340995788574219
0.0187206268310547 -0.0230159759521484 0.0769653320312501 -0.61639404296875
-0.0060882568359375 -0.0376853942871094 -0.556640625 -0.71466064453125
-0.0161571502685547 -0.0192737579345703 -0.8341064453125 0.0811767578125001
-0.0146961212158203 -0.00323772430419922 -0.3206787109375 0.60516357421875
-0.00266408920288086 -0.00591087341308594 0.13604736328125 0.462493896484375
0.0016937255859375 0.0105018615722656 0.326690673828125 0.058990478515625
0.0172958374023438 0.00456333160400391 0.2716064453125 -0.207656860351563
0.0141658782958984 -0.0190753936767578 -0.222091674804687 0.189132690429687
0.0208053588867188 -0.00289344787597656 -0.27362060546875 -0.10675048828125
0.000766277313232422 -0.00504922866821289 -0.074005126953125 -0.4703369140625
-0.00102949142456055 0.00807332992553711 0.414825439453125 -0.510498046875
-0.0260868072509766 0.00346755981445312 0.8033447265625 0.11199951171875
-0.0318107604980469 -0.0410194396972656 0.503173828125 0.780029296875
0.0332317352294922 -0.0336933135986328 -0.0585327148437499 0.60943603515625
0.0478248596191406 -0.0208854675292969 0.0262260437011719 0.0444679260253906
0.0184402465820313 -0.0299854278564453 0.0889892578125 -0.61053466796875
-0.00352096557617187 -0.0393943786621094 -0.541748046875 -0.73150634765625
-0.00894355773925781 -0.0198268890380859 -0.843017578125 0.0533447265625001
-0.011810302734375 -0.00629997253417969 -0.33990478515625 0.60009765625
-0.00435447692871094 -0.0132112503051758 0.1204833984375 0.47113037109375
-0.00249767303466797 0.00442790985107422 0.3216552734375 0.06781005859375
0.014185905456543 -1.81198120117188E-05 0.271224975585938 -0.20355224609375
0.0184078216552734 -0.0110263824462891 -0.222305297851563 0.193984985351563
0.021148681640625 0.00982856750488281 -0.297637939453125 -0.084747314453125
0.00179576873779297 0.0123329162597656 -0.132232666015625 -0.465423583984375
-0.000307083129882811 0.0126485824584961 0.32989501953125 -0.57159423828125
-0.0259323120117187 0.00652885437011719 0.7880859375 -0.0081787109375
-0.0258026123046875 -0.0148887634277344 0.5950927734375 0.69952392578125
0.0280284881591797 0.0152664184570312 0.01116943359375 0.61859130859375
0.0185413360595703 0.0349254608154297 0.0336685180664063 0.0693283081054688
0.017425537109375 0.0199451446533203 0.1492919921875 -0.60150146484375
0.0109729766845703 -0.0178699493408203 -0.46209716796875 -0.81689453125
-0.00727653503417969 -0.0194473266601563 -0.87432861328125 -0.0665893554687498
-0.0146999359130859 -0.00174522399902344 -0.4283447265625 0.553466796875
-0.00340700149536133 0.00682544708251953 0.05859375 0.4775390625
0.00206565856933594 0.0176200866699219 0.296142578125 0.08612060546875
0.0183143615722656 0.00838661193847656 0.26513671875 -0.205337524414063
0.0208377838134766 -0.00664138793945312 -0.220123291015625 0.19610595703125
0.0248908996582031 0.0139675140380859 -0.2900390625 -0.093963623046875
0.00340557098388672 0.0174798965454102 -0.111358642578125 -0.471832275390625
-0.00517559051513672 0.0145864486694336 0.359832763671875 -0.55279541015625
-0.0332489013671875 0.00380897521972656 0.79168701171875 0.03472900390625
-0.0276374816894531 -0.0175571441650391 0.5576171875 0.73150634765625
0.0299186706542969 0.0172042846679688 -0.01531982421875 0.615478515625
0.0214881896972656 0.0365982055664063 0.0358543395996094 0.056884765625
0.0188083648681641 0.0189418792724609 0.1314697265625 -0.61322021484375
0.00676536560058594 -0.0211257934570313 -0.4925537109375 -0.7901611328125
-0.0146884918212891 -0.020172119140625 -0.86517333984375 -0.0233764648437498
-0.0172252655029297 0.000862121582031252 -0.3978271484375 0.567138671875
-0.00250148773193359 0.0106773376464844 0.0814208984375 0.469207763671875
0.00552749633789062 0.0217475891113281 0.30560302734375 0.07421875
0.0206546783447266 0.0122833251953125 0.263961791992188 -0.212432861328125
0.0242767333984375 -0.00392723083496094 -0.22174072265625 0.191665649414063
0.0256881713867188 0.0170879364013672 -0.28271484375 -0.10430908203125
0.00330352783203125 0.0196647644042969 -0.09307861328125 -0.479644775390625
-0.0106258392333984 0.014866828918457 0.38812255859375 -0.5361328125
-0.0385208129882813 0.00219726562500001 0.797607421875 0.0740966796875
-0.0284862518310547 -0.02099609375 0.530029296875 0.75872802734375
0.0307712554931641 0.0131683349609375 -0.0349121093749999 0.60870361328125
0.0252876281738281 0.0323524475097656 0.0372390747070313 0.0440940856933594
0.0199794769287109 0.0143585205078125 0.1085205078125 -0.61895751953125
0.00264358520507812 -0.0247936248779297 -0.526611328125 -0.76251220703125
-0.020050048828125 -0.0202369689941406 -0.85791015625 0.0229492187499999
-0.0199298858642578 0.00267219543457031 -0.36773681640625 0.58392333984375
-0.0012350082397461 0.0119075775146484 0.103240966796875 0.4644775390625
0.00687789916992187 0.0234298706054688 0.313629150390625 0.06475830078125
0.0231876373291016 0.0135021209716797 0.266021728515625 -0.210540771484375
0.0239601135253906 -0.00387382507324219 -0.221710205078125 0.192657470703125
0.0271015167236328 0.0169658660888672 -0.27471923828125 -0.112075805664062
0.00306510925292969 0.0201778411865234 -0.0743103027343749 -0.483123779296875
-0.0127649307250977 0.0148038864135742 0.41558837890625 -0.5177001953125
-0.0414657592773437 -5.34057617187411E-05 0.8011474609375 0.1134033203125
-0.0299282073974609 -0.0262584686279297 0.498779296875 0.78399658203125
0.0328140258789063 0.00539398193359375 -0.05712890625 0.60498046875
0.0310516357421875 0.0253200531005859 0.03741455078125 0.0338401794433594
0.0198726654052734 0.00609397888183594 0.0906982421875 -0.62646484375
-0.00174331665039063 -0.0291156768798828 -0.55035400390625 -0.736572265625
-0.0234928131103516 -0.0198764801025391 -0.84716796875 0.0609130859375
-0.0205497741699219 0.00266456604003906 -0.3385009765625 0.59576416015625
-0.00113010406494141 0.0106678009033203 0.12432861328125 0.45965576171875
0.00784683227539062 0.0225791931152344 0.32122802734375 0.05596923828125
0.0235939025878906 0.0135307312011719 0.266708374023438 -0.215408325195312
0.0241966247558594 -0.00518989562988281 -0.222213745117187 0.19000244140625
0.0266857147216797 0.0146579742431641 -0.270965576171875 -0.115798950195313
0.00249862670898437 0.0164651870727539 -0.063690185546875 -0.48486328125
-0.0137081146240234 0.0132179260253906 0.431976318359375 -0.506378173828125
-0.0421180725097656 -0.00163650512695312 0.80419921875 0.1387939453125
-0.0305137634277344 -0.0320701599121094 0.484619140625 0.79901123046875
0.0342235565185547 -0.00573158264160156 -0.06988525390625 0.60235595703125
0.0375022888183594 0.0129623413085937 0.0356636047363281 0.0279464721679688
0.0201091766357422 -0.00407791137695313 0.0734863281249999 -0.6282958984375
-0.00520515441894531 -0.0330581665039063 -0.569580078125 -0.71539306640625
-0.0230541229248047 -0.0194168090820313 -0.8406982421875 0.0886840820312498
-0.0197525024414063 0.00271034240722657 -0.3179931640625 0.607177734375
-0.000571250915527344 0.00703954696655274 0.138336181640625 0.45709228515625
0.00726127624511719 0.0198402404785156 0.326873779296875 0.052276611328125
0.0238304138183594 0.0115127563476563 0.26763916015625 -0.2147216796875
0.0216789245605469 -0.00897026062011719 -0.2215576171875 0.189163208007813
0.0251102447509766 0.0105514526367188 -0.268905639648438 -0.115615844726563
0.00274467468261719 0.0102968215942383 -0.058837890625 -0.483734130859375
-0.011570930480957 0.0121641159057617 0.43780517578125 -0.50250244140625
-0.0385780334472656 -0.000812530517578127 0.808837890625 0.14434814453125
-0.031768798828125 -0.0371170043945313 0.47906494140625 0.80560302734375
0.0352096557617188 -0.0172386169433594 -0.0728759765625 0.6026611328125
0.0434837341308594 -0.00054168701171875 0.0341091156005859 0.0282878875732422
0.0193080902099609 -0.0150642395019531 0.06842041015625 -0.626708984375
-0.00690078735351563 -0.0361061096191406 -0.57440185546875 -0.70672607421875
-0.021148681640625 -0.0198402404785156 -0.837646484375 0.09759521484375
-0.0176048278808594 0.000436782836914061 -0.31207275390625 0.61236572265625
-0.00150799751281738 0.00134420394897461 0.14312744140625 0.458465576171875
0.00477695465087891 0.0163192749023438 0.32867431640625 0.0513916015625
0.0214691162109375 0.00839805603027344 0.269607543945313 -0.212081909179688
0.0179405212402344 -0.0148963928222656 -0.222564697265625 0.191314697265625
0.0238227844238281 0.00445175170898438 -0.271759033203125 -0.111557006835937
0.00155544281005859 0.00281262397766113 -0.06494140625 -0.47967529296875
-0.00675868988037109 0.0103225708007813 0.431182861328125 -0.50396728515625
-0.0333824157714844 0.000556945800781246 0.8079833984375 0.13470458984375
-0.0323333740234375 -0.0401573181152344 0.48968505859375 0.79815673828125
0.0352363586425781 -0.0272216796875 -0.07061767578125 0.60650634765625
0.0476036071777344 -0.0122642517089844 0.0294170379638672 0.0345420837402344
0.0183010101318359 -0.0237274169921875 0.07293701171875 -0.62030029296875
-0.0063934326171875 -0.03759765625 -0.56536865234375 -0.7156982421875
-0.0164871215820312 -0.0201454162597656 -0.8409423828125 0.0866088867187502
-0.0155649185180664 -0.00231170654296875 -0.31768798828125 0.6116943359375
-0.00303745269775391 -0.00582551956176758 0.13800048828125 0.46417236328125
0.00213909149169922 0.0101633071899414 0.328582763671875 0.057281494140625
0.0175094604492188 0.00362396240234375 0.271316528320313 -0.211593627929688
0.0143260955810547 -0.0195827484130859 -0.222488403320313 0.191665649414062
0.0216293334960938 -0.00267982482910156 -0.27642822265625 -0.104827880859375
0.00130271911621094 -0.00547266006469726 -0.07745361328125 -0.47418212890625
-0.000542640686035157 0.00817680358886719 0.41497802734375 -0.516387939453125
-0.0261917114257812 0.0035247802734375 0.810546875 0.10955810546875
-0.0316505432128906 -0.0404777526855469 0.51361083984375 0.7813720703125
0.0338211059570313 -0.0355377197265625 -0.0567626953125 0.61309814453125
0.0490493774414063 -0.0219879150390625 0.0259552001953125 0.0456733703613281
0.0179767608642578 -0.0306034088134766 0.0856323242187499 -0.61431884765625
-0.00369644165039062 -0.038787841796875 -0.548828125 -0.73272705078125
-0.00947189331054688 -0.0203323364257813 -0.8477783203125 0.0598144531250001
-0.0120992660522461 -0.00653362274169922 -0.339111328125 0.60626220703125
-0.00382709503173828 -0.013157844543457 0.123565673828125 0.473175048828125
-0.00264883041381836 0.00425052642822266 0.32415771484375 0.0657958984375
0.0140533447265625 -0.000699043273925781 0.271224975585938 -0.207504272460938
0.0186271667480469 -0.01220703125 -0.222442626953125 0.19708251953125
0.0220623016357422 0.00925445556640625 -0.300079345703125 -0.083099365234375
0.00207614898681641 0.0128374099731445 -0.13720703125 -0.46673583984375
-0.000674247741699219 0.0134401321411133 0.32818603515625 -0.5762939453125
-0.0262165069580078 0.00646781921386719 0.79339599609375 -0.01434326171875
-0.0255222320556641 -0.0145912170410156 0.603271484375 0.69635009765625
0.0286216735839844 0.0143470764160156 0.0140380859375 0.62109375
0.0190963745117188 0.034881591796875 0.0335693359375 0.0705947875976563
0.0177669525146484 0.0202426910400391 0.14642333984375 -0.60577392578125
0.0103263854980469 -0.0175895690917969 -0.47210693359375 -0.81793212890625
-0.00750732421875 -0.0200290679931641 -0.8795166015625 -0.0612182617187499
-0.0148935317993164 -0.00116920471191406 -0.42803955078125 0.5606689453125
-0.00272989273071289 0.00719976425170898 0.062103271484375 0.481292724609375
0.00242996215820312 0.0179080963134766 0.297760009765625 0.083892822265625
0.0189266204833984 0.00789070129394531 0.265274047851563 -0.20904541015625
0.0210914611816406 -0.00782585144042969 -0.220184326171875 0.198165893554687
0.0255508422851563 0.0136585235595703 -0.29296875 -0.0922241210937499
0.00315284729003906 0.0175333023071289 -0.114501953125 -0.47369384765625
-0.00600051879882813 0.0149240493774414 0.35858154296875 -0.5577392578125
-0.0337085723876953 0.00413322448730468 0.79681396484375 0.02886962890625
-0.0272750854492187 -0.0171432495117188 0.56695556640625 0.7308349609375
0.0307846069335937 0.0156841278076172 -0.0108642578125 0.61767578125
0.0225486755371094 0.0369110107421875 0.0360107421875 0.0574188232421875
0.0197353363037109 0.0198135375976563 0.12799072265625 -0.61773681640625
0.00634574890136719 -0.0200843811035156 -0.49853515625 -0.79150390625
-0.0151729583740234 -0.0206241607666016 -0.8692626953125 -0.0175781249999999
-0.0176849365234375 0.000953674316406253 -0.39666748046875 0.5731201171875
-0.00297164916992188 0.0108013153076172 0.08551025390625 0.472930908203125
0.00575637817382812 0.0213909149169922 0.30657958984375 0.072357177734375
0.0214328765869141 0.0121040344238281 0.264236450195312 -0.216445922851563
0.0247020721435547 -0.00553703308105469 -0.221588134765625 0.194122314453125
0.02655029296875 0.0168914794921875 -0.285400390625 -0.10198974609375
0.00352668762207031 0.0206031799316406 -0.09661865234375 -0.482269287109375
-0.010991096496582 0.0153369903564453 0.387725830078125 -0.541748046875
-0.0388107299804688 0.00222396850585938 0.804443359375 0.06781005859375
-0.0283451080322266 -0.0206069946289063 0.53863525390625 0.7576904296875
0.0315952301025391 0.0123519897460938 -0.03265380859375 0.61114501953125
0.0260715484619141 0.0323581695556641 0.0367202758789063 0.0442390441894531
0.0202980041503906 0.0141716003417969 0.10406494140625 -0.62322998046875
0.00273323059082031 -0.0245647430419922 -0.53619384765625 -0.76043701171875
-0.0203495025634766 -0.020263671875 -0.8629150390625 0.0290527343750002
-0.0203666687011719 0.00290107727050781 -0.36602783203125 0.59075927734375
-0.00132083892822266 0.011962890625 0.107879638671875 0.46685791015625
0.00754356384277344 0.0238246917724609 0.31573486328125 0.06353759765625
0.0237026214599609 0.0135898590087891 0.266616821289063 -0.215118408203125
0.023773193359375 -0.00503158569335938 -0.22125244140625 0.195068359375
0.0283832550048828 0.0168952941894531 -0.277984619140625 -0.109512329101563
0.00328826904296875 0.0204639434814453 -0.079376220703125 -0.4866943359375
-0.0134305953979492 0.0149097442626953 0.412933349609375 -0.5235595703125
-0.0419731140136719 0.000148773193359368 0.80615234375 0.10723876953125
-0.0299015045166016 -0.0261116027832031 0.509033203125 0.78466796875
0.0339088439941406 0.00526237487792969 -0.05474853515625 0.60980224609375
0.0316867828369141 0.0247859954833984 0.0374603271484375 0.0341415405273438
0.0204925537109375 0.00652313232421875 0.08441162109375 -0.6298828125
-0.00219917297363281 -0.0286750793457031 -0.55908203125 -0.73614501953125
-0.0232696533203125 -0.0205154418945313 -0.85186767578125 0.0675048828124999
-0.019866943359375 0.00318336486816406 -0.33734130859375 0.60400390625
-0.00122451782226563 0.0107364654541016 0.12860107421875 0.46063232421875
0.00860977172851562 0.0229988098144531 0.32330322265625 0.054229736328125
0.0239124298095703 0.0132579803466797 0.266754150390625 -0.219436645507813
0.0238037109375 -0.00712394714355469 -0.221527099609375 0.19305419921875
0.0275325775146484 0.0140018463134766 -0.274307250976562 -0.114181518554688
0.00274085998535156 0.0165882110595703 -0.066436767578125 -0.487518310546875
-0.0144033432006836 0.013758659362793 0.430755615234375 -0.51300048828125
-0.0423774719238281 -0.000675201416015634 0.81097412109375 0.13372802734375
-0.0305118560791016 -0.0317287445068359 0.49273681640625 0.800537109375
0.0352897644042969 -0.00648117065429688 -0.0660400390625 0.60650634765625
0.0377960205078125 0.0124893188476563 0.0355720520019531 0.0278587341308594
0.0199470520019531 -0.00408172607421875 0.069580078125 -0.6319580078125
-0.00503349304199219 -0.0319690704345703 -0.5787353515625 -0.71453857421875
-0.0241107940673828 -0.0193138122558594 -0.8458251953125 0.0947265625000001
-0.0198554992675781 0.0029144287109375 -0.316162109375 0.615478515625
-0.00112199783325195 0.00709772109985352 0.141265869140625 0.45880126953125
0.0070343017578125 0.0200233459472656 0.328460693359375 0.049346923828125
0.0241508483886719 0.0117473602294922 0.267822265625 -0.218185424804688
0.0222492218017578 -0.0100669860839844 -0.222000122070313 0.192596435546875
0.0263290405273438 0.0097808837890625 -0.272232055664063 -0.114181518554688
0.002105712890625 0.0105018615722656 -0.063018798828125 -0.48480224609375
-0.0120172500610352 0.011754035949707 0.436920166015625 -0.506805419921875
-0.0393600463867188 -0.000656127929687492 0.81494140625 0.139404296875
-0.0318336486816406 -0.0373268127441406 0.488037109375 0.803955078125
0.0364532470703125 -0.0182876586914063 -0.069580078125 0.607177734375
0.0434455871582031 -0.00105667114257812 0.0329246520996094 0.0294456481933594
0.0195217132568359 -0.0149021148681641 0.0636596679687499 -0.62896728515625
-0.00709915161132813 -0.0352745056152344 -0.58306884765625 -0.7071533203125
-0.0213775634765625 -0.0197563171386719 -0.84423828125 0.1041259765625
-0.0184898376464844 0.000402450561523439 -0.3082275390625 0.6204833984375
-0.00219917297363281 0.00154232978820801 0.146514892578125 0.460418701171875
0.0053701400756836 0.0159883499145508 0.33087158203125 0.049285888671875
0.0216732025146484 0.007843017578125 0.269577026367188 -0.215789794921875
0.0178050994873047 -0.0152912139892578 -0.222625732421875 0.194503784179688
0.025421142578125 0.00304031372070313 -0.27484130859375 -0.1094970703125
0.00164651870727539 0.00313973426818848 -0.07049560546875 -0.481903076171875
-0.00682163238525391 0.0103597640991211 0.430419921875 -0.510406494140625
-0.0337390899658203 0.000942230224609381 0.814697265625 0.12982177734375
-0.0316810607910156 -0.0406417846679688 0.4954833984375 0.79876708984375
0.0355682373046875 -0.0284271240234375 -0.06707763671875 0.61053466796875
0.0477180480957031 -0.0131912231445313 0.0296516418457031 0.0353355407714844
0.0193309783935547 -0.0241127014160156 0.070068359375 -0.6231689453125
-0.0066375732421875 -0.0379447937011719 -0.5718994140625 -0.71624755859375
-0.0167007446289063 -0.0202083587646484 -0.84619140625 0.0925903320312501
-0.0156927108764648 -0.00171375274658203 -0.31591796875 0.61932373046875
-0.00344324111938477 -0.00604009628295898 0.14251708984375 0.467529296875
0.00225543975830078 0.010106086730957 0.33062744140625 0.0538330078125
0.0181026458740234 0.00348281860351563 0.272369384765625 -0.215408325195313
0.0141181945800781 -0.0214862823486328 -0.22283935546875 0.194793701171875
0.0226898193359375 -0.00342178344726563 -0.27935791015625 -0.1029052734375
0.000874996185302734 -0.00453901290893555 -0.08203125 -0.474609375
-0.00133752822875977 0.00849628448486328 0.4146728515625 -0.521636962890625
-0.0265159606933594 0.003082275390625 0.81719970703125 0.10260009765625
-0.0322341918945313 -0.040313720703125 0.5216064453125 0.78265380859375
0.0339241027832031 -0.0368537902832031 -0.05364990234375 0.61627197265625
0.0496063232421875 -0.0224418640136719 0.0255622863769531 0.0459823608398438
0.0191822052001953 -0.0295925140380859 0.08123779296875 -0.6153564453125
-0.00438308715820313 -0.0387306213378906 -0.55523681640625 -0.7330322265625
-0.0101432800292969 -0.0202732086181641 -0.85333251953125 0.0667114257812498
-0.0124053955078125 -0.00594234466552734 -0.3359375 0.61260986328125
-0.00450897216796875 -0.0130138397216797 0.12799072265625 0.476226806640625
-0.00186443328857422 0.00427770614624024 0.325286865234375 0.06378173828125
0.0143547058105469 -0.00149440765380859 0.27099609375 -0.2103271484375
0.0189075469970703 -0.0131015777587891 -0.221923828125 0.199234008789063
0.0229949951171875 0.00857353210449219 -0.303253173828125 -0.0808105468750001
0.00239372253417969 0.0125751495361328 -0.141815185546875 -0.469024658203125
-0.00179576873779297 0.0138044357299805 0.32635498046875 -0.58447265625
-0.0264606475830078 0.00667381286621093 0.79876708984375 -0.0240478515625
-0.0258121490478516 -0.0142288208007813 0.61248779296875 0.6966552734375
0.0285472869873047 0.0139179229736328 0.01904296875 0.623291015625
0.0201053619384766 0.0348777770996094 0.03424072265625 0.0711898803710937
0.0181884765625 0.0203952789306641 0.142578125 -0.60906982421875
0.0114202499389648 -0.0173892974853516 -0.4794921875 -0.81671142578125
-0.00791740417480469 -0.0195274353027344 -0.88714599609375 -0.0528564453124998
-0.0152416229248047 -0.000729560852050781 -0.42578125 0.5697021484375
-0.0034642219543457 0.00742006301879883 0.06536865234375 0.483978271484375
0.00329399108886719 0.0179710388183594 0.3004150390625 0.08160400390625
0.019683837890625 0.0074920654296875 0.264923095703125 -0.212692260742188
0.0215339660644531 -0.00887298583984375 -0.220657348632812 0.20123291015625
0.0268173217773438 0.0129871368408203 -0.295989990234375 -0.0891418457031251
0.00303268432617188 0.0181846618652344 -0.121337890625 -0.47607421875
-0.00624942779541016 0.0151529312133789 0.356689453125 -0.56549072265625
-0.0339508056640625 0.00426864624023438 0.802001953125 0.02191162109375
-0.0271644592285156 -0.0169353485107422 0.5765380859375 0.7296142578125
0.0310516357421875 0.0145397186279297 -0.00762939453124998 0.62060546875
0.0227622985839844 0.036773681640625 0.0362548828125 0.0582847595214844
0.0199661254882813 0.0194664001464844 0.12353515625 -0.62091064453125
0.0063629150390625 -0.0200557708740234 -0.50958251953125 -0.792236328125
-0.0155200958251953 -0.0207290649414063 -0.8763427734375 -0.00994873046875019
-0.0179424285888672 0.000820159912109375 -0.39495849609375 0.581787109375
-0.00251960754394531 0.0117340087890625 0.089080810546875 0.47540283203125
0.00596809387207031 0.0218849182128906 0.309356689453125 0.0704345703125
0.0209503173828125 0.0110816955566406 0.263870239257813 -0.220108032226562
0.0252399444580078 -0.00678634643554688 -0.221420288085938 0.19757080078125
0.0278186798095703 0.0171661376953125 -0.288421630859375 -0.100494384765625
0.00396919250488281 0.0210781097412109 -0.101654052734375 -0.4853515625
-0.0116901397705078 0.0160970687866211 0.385955810546875 -0.550323486328125
-0.0390434265136719 0.00322341918945312 0.81146240234375 0.06103515625
-0.0285511016845703 -0.0206813812255859 0.54864501953125 0.75811767578125
0.0321083068847656 0.0113296508789063 -0.027099609375 0.6141357421875
0.0268192291259766 0.0319309234619141 0.0370941162109375 0.0447883605957031
0.0205307006835938 0.0142822265625 0.09893798828125 -0.62603759765625
0.00220489501953125 -0.0239830017089844 -0.5445556640625 -0.76141357421875
-0.0210208892822266 -0.0203113555908203 -0.8675537109375 0.0379028320312502
-0.0203533172607422 0.00371551513671875 -0.36395263671875 0.5980224609375
-0.00176334381103516 0.0119991302490234 0.11114501953125 0.4691162109375
0.00772857666015625 0.0233898162841797 0.31744384765625 0.0601806640625
0.0247611999511719 0.0129032135009766 0.265579223632813 -0.219497680664063
0.0244541168212891 -0.00599098205566406 -0.221023559570312 0.197601318359375
0.0287971496582031 0.0166969299316406 -0.281707763671875 -0.10791015625
0.00332260131835938 0.0202350616455078 -0.08416748046875 -0.4876708984375
-0.0146493911743164 0.0157957077026367 0.413055419921875 -0.530609130859375
-0.0425338745117188 0.000675201416015627 0.81243896484375 0.10125732421875
-0.0301055908203125 -0.0261211395263672 0.51898193359375 0.78515625
0.0340404510498047 0.00370597839355469 -0.0491943359374999 0.6112060546875
0.0323028564453125 0.0244846343994141 0.0373077392578125 0.0348091125488281
0.0216770172119141 0.0065155029296875 0.0809936523437501 -0.63311767578125
-0.00303268432617187 -0.0279598236083984 -0.56671142578125 -0.7373046875
-0.0242366790771484 -0.0205593109130859 -0.85687255859375 0.0739746093749999
-0.0207843780517578 0.00404548645019531 -0.3338623046875 0.61163330078125
-0.000808715820312499 0.0110340118408203 0.133148193359375 0.463623046875
0.00902748107910156 0.0229263305664063 0.32574462890625 0.05169677734375
0.024871826171875 0.0130825042724609 0.2666015625 -0.22344970703125
0.0242691040039063 -0.00768280029296875 -0.221511840820312 0.19622802734375
0.0290164947509766 0.0138816833496094 -0.276840209960938 -0.11273193359375
0.00307941436767578 0.0173349380493164 -0.07208251953125 -0.489288330078125
-0.0148506164550781 0.0149030685424805 0.430023193359375 -0.518829345703125
-0.0426254272460938 -0.000560760498046884 0.81719970703125 0.1256103515625
-0.0307331085205078 -0.0315952301025391 0.501708984375 0.8009033203125
0.0355873107910156 -0.00723648071289063 -0.0628662109375 0.60870361328125
0.0391044616699219 0.0121421813964844 0.0362281799316406 0.0286674499511719
0.0202140808105469 -0.00433158874511719 0.0645751953125 -0.63592529296875
-0.00582695007324219 -0.0320281982421875 -0.587890625 -0.7137451171875
-0.0243816375732422 -0.0197772979736328 -0.8504638671875 0.10260009765625
-0.0205879211425781 0.00308990478515625 -0.31207275390625 0.62261962890625
-0.000842094421386719 0.00710105895996094 0.14764404296875 0.46051025390625
0.00845527648925781 0.0203285217285156 0.330810546875 0.046844482421875
0.0241641998291016 0.0109615325927734 0.268081665039063 -0.221847534179687
0.0222740173339844 -0.0115203857421875 -0.221725463867188 0.195648193359375
0.027801513671875 0.00947189331054688 -0.275360107421875 -0.111770629882812
0.00238895416259766 0.0110740661621094 -0.068603515625 -0.48858642578125
-0.0129871368408203 0.0123682022094727 0.4368896484375 -0.514923095703125
-0.0396347045898438 -0.000164031982421868 0.82135009765625 0.13397216796875
-0.0313148498535156 -0.0368881225585938 0.49737548828125 0.80560302734375
0.0358810424804688 -0.0197334289550781 -0.066162109375 0.61004638671875
0.0445480346679688 -0.001739501953125 0.0337715148925781 0.0294113159179688
0.0199069976806641 -0.0144863128662109 0.05902099609375 -0.63323974609375
-0.00787925720214844 -0.0350379943847656 -0.5924072265625 -0.70599365234375
-0.0223731994628906 -0.0195198059082031 -0.84674072265625 0.111083984375
-0.0184783935546875 0.00160980224609375 -0.30462646484375 0.62701416015625
-0.00172019004821777 0.00159919261932373 0.152008056640625 0.462982177734375
0.00541019439697266 0.0160932540893555 0.33282470703125 0.046417236328125
0.0222053527832031 0.00737571716308594 0.269622802734375 -0.219207763671875
0.0184535980224609 -0.0169277191162109 -0.222412109375 0.198013305664063
0.0265007019042969 0.00320625305175781 -0.278121948242188 -0.107070922851563
0.00169014930725098 0.0036625862121582 -0.073211669921875 -0.48406982421875
-0.00765132904052735 0.011021614074707 0.429656982421875 -0.51837158203125
-0.0341091156005859 0.00114822387695313 0.82177734375 0.12103271484375
-0.0318717956542969 -0.040863037109375 0.50506591796875 0.80035400390625
0.0357131958007813 -0.0301017761230469 -0.06304931640625 0.61370849609375
0.0481414794921875 -0.013885498046875 0.0295867919921875 0.0353889465332031
0.0193290710449219 -0.0241260528564453 0.0647583007812501 -0.62750244140625
-0.00710296630859375 -0.0379829406738281 -0.58258056640625 -0.7158203125
-0.0171222686767578 -0.0201244354248047 -0.8502197265625 0.10284423828125
-0.0161809921264648 -0.0015707015991211 -0.31304931640625 0.6263427734375
-0.00360822677612305 -0.00536203384399414 0.147369384765625 0.469512939453125
0.00254917144775391 0.0107955932617188 0.33270263671875 0.0513916015625
0.0181541442871094 0.00261688232421875 0.271820068359375 -0.21929931640625
0.0142669677734375 -0.0223178863525391 -0.222259521484375 0.197860717773438
0.02313232421875 -0.003509521484375 -0.28271484375 -0.100189208984375
0.000627279281616211 -0.00406694412231445 -0.085693359375 -0.477691650390625
-0.00180721282958984 0.00881099700927734 0.41253662109375 -0.528106689453125
-0.0267410278320313 0.00368881225585938 0.82373046875 0.09698486328125
-0.032196044921875 -0.040679931640625 0.531494140625 0.78155517578125
0.0335197448730469 -0.0376396179199219 -0.04864501953125 0.619873046875
0.0494537353515625 -0.0232734680175781 0.0262603759765625 0.0463600158691406
0.0181961059570313 -0.0302619934082031 0.07672119140625 -0.62103271484375
-0.00478363037109375 -0.0381889343261719 -0.5650634765625 -0.7315673828125
-0.0104236602783203 -0.0206222534179688 -0.8582763671875 0.07470703125
-0.012751579284668 -0.00546360015869141 -0.333740234375 0.62353515625
-0.00461959838867187 -0.0123300552368164 0.132720947265625 0.477142333984375
-0.00148153305053711 0.00449657440185547 0.328460693359375 0.061004638671875
0.0147514343261719 -0.00177001953125 0.27105712890625 -0.2147216796875
0.0192184448242188 -0.0142192840576172 -0.222152709960938 0.20245361328125
0.0235404968261719 0.00877761840820312 -0.30633544921875 -0.076995849609375
0.00265026092529297 0.013401985168457 -0.146484375 -0.47064208984375
-0.00174617767333984 0.0138959884643555 0.32122802734375 -0.590576171875
-0.0258407592773438 0.0063018798828125 0.8028564453125 -0.03204345703125
-0.0253543853759766 -0.0145378112792969 0.62213134765625 0.6929931640625
0.0294628143310547 0.0123920440673828 0.0248413085937501 0.626220703125
0.0206623077392578 0.0349311828613281 0.0343475341796875 0.071685791015625
0.0185794830322266 0.0203094482421875 0.1368408203125 -0.61273193359375
0.010162353515625 -0.0177593231201172 -0.49114990234375 -0.818359375
-0.0081329345703125 -0.0199184417724609 -0.8916015625 -0.0440673828124999
-0.0157585144042969 -0.000567436218261721 -0.42279052734375 0.57623291015625
-0.00334072113037109 0.00785398483276367 0.071990966796875 0.486114501953125
0.00326347351074219 0.0183963775634766 0.301971435546875 0.079498291015625
0.0204944610595703 0.00675201416015625 0.26434326171875 -0.216827392578125
0.0213260650634766 -0.00960159301757813 -0.219589233398438 0.204666137695312
0.0279502868652344 0.0131607055664063 -0.29876708984375 -0.08673095703125
0.00349998474121094 0.0185413360595703 -0.126312255859375 -0.477325439453125
-0.00698184967041016 0.015690803527832 0.35186767578125 -0.5712890625
-0.0341358184814453 0.00480842590332031 0.8065185546875 0.01190185546875
-0.0263633728027344 -0.0168094635009766 0.58636474609375 0.72601318359375
0.0317668914794922 0.0139369964599609 -0.00274658203125 0.623779296875
0.0233039855957031 0.0365142822265625 0.0362510681152344 0.0585556030273437
0.020294189453125 0.0196762084960938 0.11737060546875 -0.62481689453125
0.00619888305664063 -0.0196590423583984 -0.51788330078125 -0.7896728515625
-0.0160045623779297 -0.0214405059814453 -0.88079833984375 -0.000610351562499917
-0.0179271697998047 0.00183486938476562 -0.39154052734375 0.5909423828125
-0.00272178649902344 0.0117959976196289 0.09478759765625 0.4783935546875
0.00662803649902344 0.0218296051025391 0.31072998046875 0.066375732421875
0.0218429565429688 0.0109004974365234 0.262557983398438 -0.224517822265625
0.0250358581542969 -0.00728225708007813 -0.2208251953125 0.200546264648437
0.0294609069824219 0.0156669616699219 -0.292205810546875 -0.09661865234375
0.00397872924804688 0.0216159820556641 -0.10650634765625 -0.486114501953125
-0.0122652053833008 0.017277717590332 0.381683349609375 -0.556182861328125
-0.0395774841308594 0.00366973876953124 0.8160400390625 0.05389404296875
-0.027587890625 -0.02093505859375 0.5589599609375 0.75482177734375
0.0320949554443359 0.00967025756835938 -0.0220947265625 0.6175537109375
0.0274562835693359 0.0317230224609375 0.0370979309082031 0.0450401306152344
0.0213375091552734 0.0140552520751953 0.0925903320312501 -0.63079833984375
0.00189971923828125 -0.0238151550292969 -0.5543212890625 -0.75946044921875
-0.0218620300292969 -0.0205898284912109 -0.8731689453125 0.0468139648437499
-0.0205249786376953 0.00368690490722656 -0.35845947265625 0.60711669921875
-0.00141811370849609 0.0125770568847656 0.118072509765625 0.470062255859375
0.00863838195800781 0.0240001678466797 0.3187255859375 0.0565185546875
0.0253791809082031 0.012420654296875 0.264190673828125 -0.222824096679688
0.0253486633300781 -0.00724601745605469 -0.220504760742188 0.20196533203125
0.0304164886474609 0.0164527893066406 -0.284393310546875 -0.103179931640625
0.00360679626464844 0.0210418701171875 -0.0885314941406251 -0.490264892578125
-0.0149011611938477 0.0163822174072266 0.410247802734375 -0.5380859375
-0.0432510375976563 0.00135040283203125 0.81744384765625 0.0924072265625
-0.0289802551269531 -0.0261116027832031 0.52911376953125 0.7845458984375
0.0349750518798828 0.00279808044433594 -0.0467529296875 0.61456298828125
0.0334300994873047 0.0241661071777344 0.0370368957519531 0.0350265502929688
0.0216522216796875 0.00628662109375 0.0743408203125 -0.6363525390625
-0.00240516662597656 -0.0275688171386719 -0.57647705078125 -0.73455810546875
-0.0251045227050781 -0.0194015502929688 -0.8619384765625 0.0841064453125002
-0.0210380554199219 0.00451850891113281 -0.3299560546875 0.61865234375
-0.00206756591796875 0.0111494064331055 0.137969970703125 0.46490478515625
0.00946617126464844 0.0234107971191406 0.327362060546875 0.0479736328125
0.0255241394042969 0.0119762420654297 0.264450073242188 -0.228317260742188
0.0249843597412109 -0.00911903381347656 -0.220993041992188 0.198837280273437
0.0295982360839844 0.0135631561279297 -0.279922485351563 -0.108184814453125
0.00370121002197266 0.0175018310546875 -0.077728271484375 -0.491912841796875
-0.0153493881225586 0.0152406692504883 0.426910400390625 -0.5272216796875
-0.0430335998535156 -4.95910644531241E-05 0.8221435546875 0.11859130859375
-0.0302295684814453 -0.0318336486816406 0.51214599609375 0.79779052734375
0.0355415344238281 -0.00810623168945312 -0.0565185546874999 0.6129150390625
0.0394935607910156 0.0111045837402344 0.0357093811035156 0.0297470092773438
0.0206394195556641 -0.00449943542480469 0.05975341796875 -0.6375732421875
-0.00592041015625 -0.0312080383300781 -0.59722900390625 -0.711669921875
-0.0257244110107422 -0.0193347930908203 -0.8526611328125 0.11114501953125
-0.0205287933349609 0.00356864929199219 -0.30816650390625 0.6285400390625
-0.00149917602539063 0.00723981857299805 0.15216064453125 0.462249755859375
0.00888252258300781 0.0210151672363281 0.331878662109375 0.04278564453125
0.0247287750244141 0.0101070404052734 0.266510009765625 -0.226211547851563
0.0227737426757813 -0.0126495361328125 -0.220993041992188 0.199142456054688
0.0289669036865234 0.00865364074707031 -0.277679443359375 -0.108871459960937
0.0029592514038086 0.0110073089599609 -0.07281494140625 -0.490386962890625
-0.0129423141479492 0.0132875442504883 0.43450927734375 -0.52166748046875
-0.0398483276367188 0.000259399414062505 0.82684326171875 0.12518310546875
-0.0316658020019531 -0.0369148254394531 0.50762939453125 0.80499267578125
0.0358238220214844 -0.0208320617675781 -0.06158447265625 0.6136474609375
0.0443382263183594 -0.00183486938476562 0.0331802368164062 0.0297203063964844
0.0199356079101563 -0.0147724151611328 0.0523681640625 -0.63568115234375
-0.00764656066894532 -0.0345993041992188 -0.6016845703125 -0.70245361328125
-0.0232028961181641 -0.0197105407714844 -0.8524169921875 0.12200927734375
-0.0194358825683594 0.00156784057617187 -0.30084228515625 0.635986328125
-0.00190842151641846 0.00177931785583496 0.156646728515625 0.464935302734375
0.00651168823242187 0.0162353515625 0.33514404296875 0.043701171875
0.0227394104003906 0.00731086730957031 0.268295288085938 -0.224136352539063
0.0179920196533203 -0.0177860260009766 -0.221084594726562 0.200897216796875
0.0267257690429688 0.0018768310546875 -0.280807495117188 -0.1041259765625
0.00200867652893066 0.00426912307739258 -0.0795593261718751 -0.486541748046875
-0.00829696655273437 0.0114345550537109 0.426605224609375 -0.52630615234375
-0.0346145629882813 0.00121498107910156 0.82708740234375 0.11279296875
-0.0324211120605469 -0.04071044921875 0.518310546875 0.79669189453125
0.0352630615234375 -0.0318527221679688 -0.05780029296875 0.61688232421875
0.049041748046875 -0.0142936706542969 0.0293502807617188 0.0366363525390625
0.0195236206054688 -0.0239906311035156 0.05859375 -0.6298828125
-0.00760269165039062 -0.0374832153320313 -0.592041015625 -0.7122802734375
-0.0177249908447266 -0.0201740264892578 -0.85382080078125 0.11029052734375
-0.0159902572631836 -0.00102806091308593 -0.307373046875 0.6356201171875
-0.0041193962097168 -0.00515222549438477 0.151947021484375 0.47003173828125
0.00325489044189453 0.0103034973144531 0.334259033203125 0.0479736328125
0.0185031890869141 0.00251579284667969 0.269760131835938 -0.224334716796875
0.0142326354980469 -0.0233440399169922 -0.221649169921875 0.201400756835938
0.0239620208740234 -0.00415992736816406 -0.2847900390625 -0.097076416015625
0.000658035278320313 -0.0042109489440918 -0.092254638671875 -0.4803466796875
-0.00215530395507812 0.00952625274658203 0.409210205078125 -0.534820556640625
-0.0273952484130859 0.00429534912109375 0.827392578125 0.0877685546875
-0.0329322814941406 -0.0405960083007813 0.54010009765625 0.78106689453125
0.0339431762695313 -0.0392951965332031 -0.04345703125 0.62225341796875
0.0501022338867188 -0.0244941711425781 0.0258026123046875 0.0470962524414063
0.0183677673339844 -0.0297565460205078 0.07220458984375 -0.623291015625
-0.00577926635742188 -0.0375633239746094 -0.57611083984375 -0.72857666015625
-0.0110263824462891 -0.0199222564697266 -0.86187744140625 0.0839843750000001
-0.013300895690918 -0.00532722473144531 -0.32904052734375 0.6312255859375
-0.00540542602539063 -0.0119247436523438 0.139068603515625 0.47943115234375
-0.00142955780029297 0.00435495376586914 0.330474853515625 0.057952880859375
0.0148468017578125 -0.00218009948730469 0.27032470703125 -0.219451904296875
0.0191822052001953 -0.0154857635498047 -0.2203369140625 0.205795288085937
0.0249423980712891 0.00781822204589844 -0.30877685546875 -0.07269287109375
0.00256252288818359 0.0143651962280273 -0.15264892578125 -0.470428466796875
-0.00198459625244141 0.0141105651855469 0.31671142578125 -0.59661865234375
-0.0268630981445312 0.00763130187988281 0.8055419921875 -0.040771484375
-0.0259532928466797 -0.0143871307373047 0.63287353515625 0.68634033203125
0.0296096801757813 0.0106487274169922 0.0321044921874999 0.62774658203125
0.021484375 0.0343647003173828 0.03497314453125 0.0724334716796875
0.0192680358886719 0.0202369689941406 0.12939453125 -0.61627197265625
0.0103912353515625 -0.0170974731445313 -0.501708984375 -0.81585693359375
-0.008758544921875 -0.0205650329589844 -0.89654541015625 -0.0344848632812498
-0.0158481597900391 2.76565551757811E-05 -0.41693115234375 0.58447265625
-0.00386857986450195 0.00823783874511719 0.076629638671875 0.487335205078125
0.00382423400878906 0.0182552337646484 0.30438232421875 0.075592041015625
0.0207557678222656 0.00586700439453125 0.262313842773438 -0.22100830078125
0.0209999084472656 -0.0109596252441406 -0.218185424804688 0.208297729492188
0.0292510986328125 0.0122604370117188 -0.3013916015625 -0.0830078125000001
0.0035247802734375 0.0191478729248047 -0.132568359375 -0.4779052734375
-0.00727939605712891 0.0166549682617188 0.3486328125 -0.57794189453125
-0.0340919494628906 0.00583839416503907 0.8109130859375 0.003662109375
-0.0269489288330078 -0.0167694091796875 0.59716796875 0.72320556640625
0.0315074920654297 0.0125274658203125 0.00524902343749997 0.62451171875
0.0244293212890625 0.0357780456542969 0.0366744995117188 0.0583877563476563
0.0209598541259766 0.0201759338378906 0.10992431640625 -0.6270751953125
0.00637245178222656 -0.0197963714599609 -0.528564453125 -0.7847900390625
-0.0166816711425781 -0.0202827453613281 -0.885009765625 0.00982666015624999
-0.0185585021972656 0.00241279602050782 -0.3857421875 0.59820556640625
-0.00248146057128906 0.0117149353027344 0.09991455078125 0.47808837890625
0.00713157653808594 0.0216217041015625 0.31292724609375 0.0638427734375
0.0227775573730469 0.0100898742675781 0.260955810546875 -0.228485107421875
0.0253658294677734 -0.00894927978515625 -0.219619750976563 0.20391845703125
0.0299644470214844 0.0159091949462891 -0.294647216796875 -0.0934143066406251
0.00469207763671875 0.021697998046875 -0.113433837890625 -0.486358642578125
-0.0130996704101563 0.0180244445800781 0.3775634765625 -0.5631103515625
-0.0400390625 0.00407409667968749 0.81927490234375 0.0430908203125
-0.0286865234375 -0.0210132598876953 0.56787109375 0.75079345703125
0.0325832366943359 0.00880050659179688 -0.01611328125 0.61907958984375
0.0278911590576172 0.0314559936523438 0.037506103515625 0.0458145141601563
0.0214576721191406 0.0141487121582031 0.0860595703125 -0.633056640625
0.00175857543945313 -0.0234241485595703 -0.5634765625 -0.75604248046875
-0.0224285125732422 -0.0202426910400391 -0.8768310546875 0.0556030273437499
-0.0210971832275391 0.00393295288085938 -0.3531494140625 0.6156005859375
-0.00148391723632813 0.0128641128540039 0.12188720703125 0.471893310546875
0.00928115844726563 0.0242347717285156 0.320556640625 0.0531005859375
0.0257911682128906 0.0115203857421875 0.263473510742188 -0.227294921875
0.0251903533935547 -0.00815391540527344 -0.219223022460938 0.205337524414062
0.0312366485595703 0.0155258178710938 -0.286407470703125 -0.100372314453125
0.00458145141601562 0.0213947296142578 -0.0950622558593749 -0.491729736328125
-0.0149078369140625 0.0171442031860352 0.4044189453125 -0.544952392578125
-0.043121337890625 0.00150299072265626 0.82257080078125 0.08306884765625
-0.02960205078125 -0.0258274078369141 0.53814697265625 0.77978515625
0.0343399047851563 0.00111198425292969 -0.0384521484375 0.616943359375
0.0339603424072266 0.0234012603759766 0.0372962951660156 0.0350112915039063
0.0218925476074219 0.00644302368164063 0.06842041015625 -0.63934326171875
-0.00286293029785156 -0.0274200439453125 -0.58709716796875 -0.731201171875
-0.0254001617431641 -0.019439697265625 -0.865966796875 0.0936889648437502
-0.0218181610107422 0.00469589233398437 -0.32342529296875 0.626953125
-0.000988006591796876 0.0114755630493164 0.143310546875 0.46533203125
0.0102043151855469 0.0232353210449219 0.328582763671875 0.0440673828125
0.0256519317626953 0.01123046875 0.262725830078125 -0.23236083984375
0.0247211456298828 -0.0103778839111328 -0.219146728515625 0.20220947265625
0.0311374664306641 0.0125656127929688 -0.2823486328125 -0.10565185546875
0.00382423400878906 0.0180931091308594 -0.083709716796875 -0.4935302734375
-0.015629768371582 0.016301155090332 0.424163818359375 -0.5343017578125
-0.0430831909179688 0.000370025634765622 0.8267822265625 0.108154296875
-0.0304622650146484 -0.0314884185791016 0.5235595703125 0.79449462890625
0.0353851318359375 -0.00967025756835938 -0.0514526367187499 0.61431884765625
0.0399055480957031 0.0107040405273437 0.0355567932128906 0.0300025939941406
0.0210456848144531 -0.00415611267089844 0.05084228515625 -0.6405029296875
-0.00599479675292969 -0.0308761596679687 -0.60748291015625 -0.70843505859375
-0.0254459381103516 -0.0195045471191406 -0.8560791015625 0.1226806640625
-0.0208206176757813 0.00391197204589844 -0.30096435546875 0.636962890625
-0.00071096420288086 0.00694131851196289 0.158905029296875 0.46331787109375
0.00921249389648438 0.0207977294921875 0.33404541015625 0.03912353515625
0.0256519317626953 0.0100612640380859 0.264663696289063 -0.230056762695313
0.0224475860595703 -0.0138492584228516 -0.218673706054688 0.202468872070312
0.0295391082763672 0.00796127319335938 -0.281494140625 -0.105224609375
0.00318336486816406 0.0120620727539063 -0.079193115234375 -0.490631103515625
-0.0136270523071289 0.0137596130371094 0.42950439453125 -0.5299072265625
-0.040191650390625 0.000591278076171868 0.8316650390625 0.11553955078125
-0.03179931640625 -0.0367546081542969 0.519775390625 0.80047607421875
0.0353279113769531 -0.0219345092773438 -0.0555419921875 0.614990234375
0.0450439453125 -0.00294876098632812 0.0332584381103516 0.0304317474365234
0.0199108123779297 -0.0151290893554687 0.0455322265625 -0.63720703125
-0.00789451599121094 -0.0342464447021484 -0.612060546875 -0.697998046875
-0.0231056213378906 -0.0193958282470703 -0.85400390625 0.1322021484375
-0.01885986328125 0.00226211547851562 -0.2938232421875 0.64166259765625
-0.00272560119628906 0.00211310386657715 0.16326904296875 0.464111328125
0.00674343109130859 0.0170965194702148 0.337005615234375 0.039215087890625
0.0232410430908203 0.00614166259765625 0.266250610351563 -0.22845458984375
0.0175857543945313 -0.0191001892089844 -0.219085693359375 0.204681396484375
0.0281524658203125 0.00170326232910156 -0.28314208984375 -0.10150146484375
0.00255727767944336 0.0044560432434082 -0.0862426757812501 -0.487640380859375
-0.00885868072509766 0.0120525360107422 0.42218017578125 -0.531341552734375
-0.0347576141357422 0.00189781188964844 0.8311767578125 0.1043701171875
-0.0331306457519531 -0.0398750305175781 0.52899169921875 0.79339599609375
0.0347785949707031 -0.0333366394042969 -0.05267333984375 0.62005615234375
0.0488319396972656 -0.0160636901855469 0.0290603637695313 0.0368804931640625
0.0197772979736328 -0.0248470306396484 0.0513916015625 -0.6331787109375
-0.00800704956054688 -0.0371017456054688 -0.6025390625 -0.7095947265625
-0.0182228088378906 -0.0201759338378906 -0.85491943359375 0.12103271484375
-0.0165605545043945 -0.000866889953613284 -0.3013916015625 0.641357421875
-0.00461149215698242 -0.00483417510986328 0.1583251953125 0.470428466796875
0.00359344482421875 0.0109834671020508 0.335784912109375 0.04376220703125
0.0193672180175781 0.0011444091796875 0.268310546875 -0.228713989257813
0.0137004852294922 -0.0241279602050781 -0.219680786132813 0.205047607421875
0.0250377655029297 -0.00497817993164063 -0.28790283203125 -0.094268798828125
0.0008087158203125 -0.0029594898223877 -0.098541259765625 -0.48028564453125
-0.0025787353515625 0.0100164413452148 0.405120849609375 -0.54254150390625
-0.0270442962646484 0.00406646728515625 0.83282470703125 0.07696533203125
-0.0331840515136719 -0.0409622192382813 0.552978515625 0.77545166015625
0.0329818725585938 -0.0405387878417969 -0.03814697265625 0.6246337890625
0.0500946044921875 -0.0249099731445313 0.0260963439941406 0.0479774475097656
0.0179996490478516 -0.0303211212158203 0.064453125 -0.625244140625
-0.00574493408203125 -0.0378684997558594 -0.5855712890625 -0.72625732421875
-0.0111370086669922 -0.0209941864013672 -0.86395263671875 0.0949096679687498
-0.0132856369018555 -0.00550556182861328 -0.32183837890625 0.63848876953125
-0.00494861602783203 -0.0121059417724609 0.14471435546875 0.480255126953125
-0.000809192657470704 0.00463485717773438 0.331512451171875 0.05291748046875
0.0155572891235352 -0.00301742553710938 0.267669677734375 -0.224197387695313
0.0191898345947266 -0.0163536071777344 -0.217575073242187 0.209640502929688
0.0260658264160156 0.006988525390625 -0.310546875 -0.06884765625
0.00314140319824219 0.0143051147460937 -0.158966064453125 -0.470001220703125
-0.00228214263916015 0.0153131484985352 0.31048583984375 -0.60174560546875
-0.0267238616943359 0.00792121887207031 0.80780029296875 -0.0518798828125
-0.0246753692626953 -0.0138835906982422 0.6422119140625 0.6800537109375
0.0295028686523438 0.00982284545898438 0.03778076171875 0.626953125
0.0221424102783203 0.0334339141845703 0.0355377197265625 0.0731201171875
0.0197467803955078 0.0203132629394531 0.1217041015625 -0.61920166015625
0.0105009078979492 -0.0167627334594727 -0.5115966796875 -0.8095703125
-0.0100059509277344 -0.0199031829833984 -0.90045166015625 -0.0221557617187498
-0.0156831741333008 8.86917114257842E-05 -0.411376953125 0.5941162109375
-0.00365114212036133 0.0082697868347168 0.082672119140625 0.489959716796875
0.00476455688476563 0.0189933776855469 0.3056640625 0.072601318359375
0.0214023590087891 0.00599861145019531 0.259475708007813 -0.225204467773438
0.0210380554199219 -0.0118846893310547 -0.216079711914063 0.211349487304688
0.0299472808837891 0.0117683410644531 -0.30303955078125 -0.078216552734375
0.00451278686523437 0.0200176239013672 -0.138275146484375 -0.47808837890625
-0.00738811492919922 0.0168046951293945 0.34246826171875 -0.584716796875
-0.0346889495849609 0.00634002685546875 0.81298828125 -0.0091552734375
-0.0268383026123047 -0.0166130065917969 0.60711669921875 0.716064453125
0.0321388244628906 0.0108795166015625 0.0123291015624999 0.62615966796875
0.0245018005371094 0.0356712341308594 0.036956787109375 0.0595207214355469
0.0215892791748047 0.0195465087890625 0.1046142578125 -0.62994384765625
0.00552749633789063 -0.0196933746337891 -0.53900146484375 -0.7833251953125
-0.0177249908447266 -0.0204353332519531 -0.8876953125 0.018798828125
-0.0181446075439453 0.00273895263671875 -0.37847900390625 0.6048583984375
-0.00359535217285156 0.0126676559448242 0.10540771484375 0.479522705078125
0.00760841369628906 0.0219898223876953 0.313812255859375 0.058868408203125
0.0231266021728516 0.00944137573242188 0.258651733398438 -0.232467651367188
0.0248222351074219 -0.0102386474609375 -0.217330932617187 0.206756591796875
0.0312614440917969 0.0146484375 -0.2967529296875 -0.08935546875
0.00537490844726562 0.0224704742431641 -0.11956787109375 -0.486114501953125
-0.0131702423095703 0.0185966491699219 0.371337890625 -0.569091796875
-0.0402755737304688 0.00392532348632813 0.8218994140625 0.03411865234375
-0.0282802581787109 -0.0204296112060547 0.58111572265625 0.74365234375
0.0320835113525391 0.00742149353027344 -0.00952148437500002 0.62042236328125
0.0288448333740234 0.0311164855957031 0.0373687744140625 0.0457382202148438
0.0216541290283203 0.0140361785888672 0.07843017578125 -0.6357421875
0.0012359619140625 -0.0231590270996094 -0.5743408203125 -0.75
-0.0224533081054688 -0.0209274291992187 -0.87872314453125 0.06805419921875
-0.0209579467773438 0.00461006164550781 -0.3468017578125 0.62225341796875
-0.00150299072265625 0.0137462615966797 0.12921142578125 0.472198486328125
0.0101757049560547 0.0243320465087891 0.32177734375 0.049163818359375
0.0261039733886719 0.0102100372314453 0.260665893554688 -0.232101440429688
0.0247592926025391 -0.00925064086914063 -0.216476440429688 0.208724975585938
0.0329132080078125 0.0146656036376953 -0.289581298828125 -0.0962829589843751
0.00487518310546875 0.0218086242675781 -0.102508544921875 -0.491729736328125
-0.015167236328125 0.0177059173583984 0.399688720703125 -0.55206298828125
-0.0431709289550781 0.00210952758789063 0.82525634765625 0.07269287109375
-0.0299892425537109 -0.026153564453125 0.548828125 0.77484130859375
0.0344066619873047 -1.71661376953125E-05 -0.0318603515625 0.6173095703125
0.0345230102539063 0.0231399536132813 0.0371513366699219 0.0353355407714844
0.0216960906982422 0.00642013549804688 0.0604248046875001 -0.63958740234375
-0.00323486328125 -0.0266628265380859 -0.59930419921875 -0.7242431640625
-0.0265045166015625 -0.0198955535888672 -0.86480712890625 0.10748291015625
-0.0210990905761719 0.00583076477050781 -0.3162841796875 0.63323974609375
-0.00158977508544922 0.0120248794555664 0.149932861328125 0.4647216796875
0.0106143951416016 0.0230064392089844 0.32989501953125 0.039642333984375
0.0263099670410156 0.0107669830322266 0.260543823242188 -0.236984252929687
0.0239601135253906 -0.0114898681640625 -0.21722412109375 0.206298828125
0.0316162109375 0.0117511749267578 -0.2855224609375 -0.1019287109375
0.00439262390136719 0.0185298919677734 -0.090362548828125 -0.493133544921875
-0.0162458419799805 0.0170507431030273 0.418853759765625 -0.539825439453125
-0.0430984497070313 0.000797271728515627 0.83251953125 0.09759521484375
-0.0309734344482422 -0.0316314697265625 0.53497314453125 0.78985595703125
0.0354194641113281 -0.0111923217773438 -0.0439453125 0.61480712890625
0.0400047302246094 0.00978851318359375 0.0354347229003906 0.0302009582519531
0.0211582183837891 -0.00436782836914063 0.0441284179687499 -0.64202880859375
-0.00661659240722656 -0.0307235717773437 -0.61663818359375 -0.70208740234375
-0.0262279510498047 -0.0187492370605469 -0.857177734375 0.1346435546875
-0.0206413269042969 0.00425910949707031 -0.2943115234375 0.64361572265625
-0.00154733657836914 0.00829601287841797 0.1639404296875 0.46405029296875
0.00968742370605469 0.0207710266113281 0.334625244140625 0.034698486328125
0.0259151458740234 0.00908279418945313 0.262191772460938 -0.23529052734375
0.0216712951660156 -0.0149421691894531 -0.217391967773438 0.205459594726562
0.0306034088134766 0.00718498229980469 -0.2833251953125 -0.10137939453125
0.00345516204833985 0.0120840072631836 -0.086181640625 -0.491424560546875
-0.013671875 0.0147914886474609 0.425628662109375 -0.535858154296875
-0.0407600402832031 0.00101089477539063 0.83489990234375 0.10443115234375
-0.0322608947753906 -0.0371475219726563 0.5303955078125 0.79461669921875
0.0350074768066406 -0.0237655639648438 -0.0494384765625 0.616943359375
0.0447540283203125 -0.00400924682617188 0.0330734252929688 0.0306987762451172
0.0202407836914063 -0.0147838592529297 0.03729248046875 -0.63775634765625
-0.00836181640625 -0.0336551666259766 -0.6209716796875 -0.69293212890625
-0.0243473052978516 -0.0194797515869141 -0.85595703125 0.14251708984375
-0.0192623138427734 0.00246238708496094 -0.286376953125 0.64959716796875
-0.0022578239440918 0.00205111503601074 0.168426513671875 0.46453857421875
0.00697708129882812 0.0163116455078125 0.337249755859375 0.034881591796875
0.0241527557373047 0.00534629821777344 0.263992309570313 -0.233322143554688
0.0173320770263672 -0.020263671875 -0.217819213867187 0.207839965820313
0.0289287567138672 0.000349044799804688 -0.28546142578125 -0.0966796875
0.00232410430908203 0.00474405288696289 -0.092376708984375 -0.48602294921875
-0.00871944427490234 0.0133419036865234 0.417236328125 -0.53887939453125
-0.0343265533447266 0.00266838073730469 0.8353271484375 0.0943603515625
-0.0335693359375 -0.0399742126464844 0.5404052734375 0.78778076171875
0.0347633361816406 -0.0345211029052734 -0.04437255859375 0.6207275390625
0.0491905212402344 -0.0159683227539063 0.0293006896972656 0.0374946594238281
0.0194587707519531 -0.0241527557373047 0.04339599609375 -0.633544921875
-0.00852584838867188 -0.03607177734375 -0.61224365234375 -0.7017822265625
-0.0192813873291016 -0.0201663970947266 -0.8568115234375 0.13226318359375
-0.0165224075317383 -0.00044155120849609 -0.294189453125 0.64788818359375
-0.004150390625 -0.00445318222045898 0.16497802734375 0.470428466796875
0.00366401672363281 0.0109920501708984 0.3370361328125 0.040069580078125
0.019195556640625 0.00122261047363281 0.265777587890625 -0.232803344726563
0.0133724212646484 -0.0247554779052734 -0.21771240234375 0.208953857421875
0.0258655548095703 -0.00624465942382813 -0.28961181640625 -0.08953857421875
0.00115036964416504 -0.00322365760803223 -0.10455322265625 -0.4815673828125
-0.00288200378417969 0.0104875564575195 0.400787353515625 -0.549560546875
-0.0276584625244141 0.00428581237792969 0.83673095703125 0.0687255859375
-0.0335350036621094 -0.0406112670898437 0.563232421875 0.77020263671875
0.0320701599121094 -0.0422630310058594 -0.030517578125 0.62628173828125
0.0500831604003906 -0.0255165100097656 0.0261268615722656 0.0485954284667969
0.0187892913818359 -0.0303764343261719 0.057861328125 -0.62591552734375
-0.00595855712890625 -0.0364837646484375 -0.59588623046875 -0.720703125
-0.0124416351318359 -0.0209465026855469 -0.86541748046875 0.10552978515625
-0.0136070251464844 -0.00463199615478516 -0.3135986328125 0.644287109375
-0.00553703308105469 -0.0110054016113281 0.150634765625 0.48040771484375
-0.000525951385498047 0.00511646270751953 0.332763671875 0.04949951171875
0.0157947540283203 -0.00378322601318359 0.26544189453125 -0.227386474609375
0.0184211730957031 -0.0176963806152344 -0.216293334960938 0.212493896484375
0.0269451141357422 0.00684738159179687 -0.312469482421875 -0.063995361328125
0.00338077545166016 0.015049934387207 -0.1649169921875 -0.468475341796875
-0.0020904541015625 0.0158042907714844 0.303955078125 -0.60791015625
-0.0271835327148438 0.00786018371582031 0.807373046875 -0.0616455078125
-0.0247230529785156 -0.0142402648925781 0.65374755859375 0.67193603515625
0.0294742584228516 0.00916290283203125 0.0457763671875 0.6259765625
0.0223846435546875 0.0336704254150391 0.0359420776367187 0.0726394653320313
0.0208721160888672 0.0203361511230469 0.1141357421875 -0.619384765625
0.0105504989624023 -0.0163946151733398 -0.522216796875 -0.80377197265625
-0.0101222991943359 -0.0204429626464844 -0.90069580078125 -0.0108642578124999
-0.0154399871826172 0.000263214111328127 -0.40386962890625 0.59979248046875
-0.00392007827758789 0.00806045532226563 0.0888366699218751 0.490478515625
0.00550460815429687 0.0188865661621094 0.306243896484375 0.067962646484375
0.0216751098632813 0.00458145141601563 0.256759643554688 -0.229354858398437
0.0205650329589844 -0.0135135650634766 -0.214035034179688 0.213790893554687
0.0301113128662109 0.0106201171875 -0.304718017578125 -0.07415771484375
0.00471305847167969 0.0199680328369141 -0.145294189453125 -0.477142333984375
-0.00774192810058594 0.0179080963134766 0.3365478515625 -0.58905029296875
-0.0345344543457031 0.00650978088378906 0.81280517578125 -0.01849365234375
-0.0273666381835938 -0.0166740417480469 0.61676025390625 0.70819091796875
0.0320949554443359 0.0102596282958984 0.0191040039062501 0.62408447265625
0.0255508422851562 0.0346660614013672 0.0374717712402344 0.0592842102050781
0.0223884582519531 0.0200080871582031 0.0963134765625 -0.63134765625
0.00588798522949218 -0.0187969207763672 -0.54901123046875 -0.77508544921875
-0.0178108215332031 -0.0215969085693359 -0.88836669921875 0.0322875976562502
-0.0192737579345703 0.00343132019042969 -0.3712158203125 0.61175537109375
-0.00323581695556641 0.0129528045654297 0.11175537109375 0.479217529296875
0.00819587707519531 0.0222091674804688 0.313995361328125 0.054931640625
0.0240211486816406 0.008331298828125 0.2554931640625 -0.237014770507813
0.02447509765625 -0.0106868743896484 -0.215301513671875 0.210235595703125
0.03277587890625 0.0137214660644531 -0.297882080078125 -0.0849914550781249
0.00577163696289063 0.0229701995849609 -0.12701416015625 -0.48663330078125
-0.0131740570068359 0.0193881988525391 0.3660888671875 -0.57537841796875
-0.0392723083496094 0.0050811767578125 0.82354736328125 0.02166748046875
-0.0283546447753906 -0.0199623107910156 0.58935546875 0.7371826171875
0.03240966796875 0.00641632080078125 -0.00164794921875002 0.62005615234375
0.0291576385498047 0.0302562713623047 0.0377960205078125 0.0459136962890625
0.0223617553710937 0.0129184722900391 0.07098388671875 -0.63409423828125
0.00148582458496094 -0.0225505828857422 -0.5836181640625 -0.7432861328125
-0.0230808258056641 -0.0201435089111328 -0.87823486328125 0.0796508789062498
-0.0211238861083984 0.00520515441894532 -0.33795166015625 0.62786865234375
-0.000994682312011719 0.0133304595947266 0.135009765625 0.47222900390625
0.0102024078369141 0.0241832733154297 0.322296142578125 0.044921875
0.0271015167236328 0.0100746154785156 0.257614135742188 -0.235336303710938
0.0242118835449219 -0.0105628967285156 -0.214126586914063 0.211883544921875
0.0336341857910156 0.0135040283203125 -0.291259765625 -0.09246826171875
0.00478935241699219 0.0227394104003906 -0.10980224609375 -0.49005126953125
-0.0155506134033203 0.0184974670410156 0.393707275390625 -0.557373046875
-0.0434150695800781 0.00249099731445312 0.8267822265625 0.06134033203125
-0.0295848846435547 -0.0254859924316406 0.55889892578125 0.767333984375
0.0345821380615234 -0.00136375427246094 -0.02386474609375 0.61737060546875
0.0347938537597656 0.0219917297363281 0.036895751953125 0.0359840393066406
0.0228023529052734 0.00626373291015625 0.05072021484375 -0.640380859375
-0.00392723083496094 -0.0263652801513672 -0.606201171875 -0.71826171875
-0.0261745452880859 -0.0192375183105469 -0.86517333984375 0.11676025390625
-0.0215854644775391 0.0056915283203125 -0.308837890625 0.63897705078125
-0.00124740600585937 0.0121917724609375 0.156158447265625 0.46478271484375
0.0115242004394531 0.0234870910644531 0.3299560546875 0.034423828125
0.026824951171875 0.0101070404052734 0.257278442382813 -0.24029541015625
0.0239963531494141 -0.0121364593505859 -0.21380615234375 0.210281372070313
0.0333766937255859 0.0109577178955078 -0.28704833984375 -0.0970458984375001
0.00434112548828125 0.0187606811523438 -0.097198486328125 -0.493988037109375
-0.016326904296875 0.0177116394042969 0.411346435546875 -0.546295166015625
-0.043914794921875 0.00168228149414063 0.83343505859375 0.0859375
-0.0307769775390625 -0.0314407348632813 0.54510498046875 0.78436279296875
0.0349483489990234 -0.0123157501220703 -0.0371704101562499 0.61676025390625
0.0404319763183594 0.00916671752929688 0.0355453491210938 0.0303001403808594
0.021636962890625 -0.00424003601074219 0.03515625 -0.641845703125
-0.00674057006835937 -0.0301856994628906 -0.62457275390625 -0.69512939453125
-0.0268478393554688 -0.0185413360595703 -0.85687255859375 0.1468505859375
-0.0207672119140625 0.00501060485839844 -0.28564453125 0.6488037109375
-0.00142908096313476 0.00841999053955078 0.16888427734375 0.462493896484375
0.0108394622802734 0.0205459594726563 0.334991455078125 0.02923583984375
0.0263423919677734 0.00835800170898438 0.258514404296875 -0.239181518554688
0.0212898254394531 -0.0157852172851563 -0.214492797851563 0.209808349609375
0.0316143035888672 0.00711441040039063 -0.285400390625 -0.097137451171875
0.00371646881103516 0.0125665664672852 -0.09368896484375 -0.49090576171875
-0.013580322265625 0.0161256790161133 0.418304443359375 -0.54248046875
-0.0402908325195313 0.00130081176757812 0.83746337890625 0.093505859375
-0.0323104858398438 -0.0367546081542969 0.54058837890625 0.78680419921875
0.0353202819824219 -0.024932861328125 -0.0409545898437501 0.6170654296875
0.0456390380859375 -0.00518417358398438 0.0326023101806641 0.0308189392089844
0.0204429626464844 -0.0153579711914063 0.0289916992187499 -0.638671875
-0.00917243957519532 -0.03363037109375 -0.63214111328125 -0.68603515625
-0.0242576599121094 -0.0192375183105469 -0.8551025390625 0.15447998046875
-0.0197029113769531 0.00317192077636719 -0.27911376953125 0.65411376953125
-0.00288224220275879 0.00248026847839356 0.17364501953125 0.46337890625
0.00829505920410156 0.0168867111206055 0.337310791015625 0.030517578125
0.0239143371582031 0.00502777099609375 0.260360717773438 -0.23748779296875
0.0162754058837891 -0.020751953125 -0.21502685546875 0.211334228515625
0.02996826171875 -0.000646591186523438 -0.287139892578125 -0.09295654296875
0.00287342071533203 0.00501441955566406 -0.100921630859375 -0.48651123046875
-0.00860595703125 0.0141696929931641 0.410797119140625 -0.547454833984375
-0.0356178283691406 0.0023040771484375 0.83721923828125 0.0828857421875
-0.0333290100097656 -0.0401840209960938 0.54974365234375 0.78155517578125
0.0338973999023438 -0.0360336303710938 -0.03759765625 0.62060546875
0.0491294860839844 -0.0174446105957031 0.0295066833496094 0.0379753112792969
0.0194187164306641 -0.0243015289306641 0.03619384765625 -0.6336669921875
-0.00884628295898438 -0.0359268188476563 -0.618896484375 -0.69329833984375
-0.0200290679931641 -0.0203361511230469 -0.8568115234375 0.1444091796875
-0.016535758972168 -0.000231742858886722 -0.2864990234375 0.65447998046875
-0.00419330596923828 -0.00400185585021973 0.170135498046875 0.470672607421875
0.00453376770019531 0.0110874176025391 0.337677001953125 0.034759521484375
0.0193767547607422 0.000667572021484375 0.26239013671875 -0.236541748046875
0.0127468109130859 -0.0264320373535156 -0.21435546875 0.212112426757812
0.0265769958496094 -0.00684356689453125 -0.291290283203125 -0.085113525390625
0.00120759010314941 -0.00284290313720703 -0.110992431640625 -0.479339599609375
-0.00253868103027344 0.0115957260131836 0.393829345703125 -0.55615234375
-0.0278453826904297 0.00498771667480468 0.83807373046875 0.0557861328125
-0.0340003967285156 -0.0399742126464844 0.572265625 0.763427734375
0.03179931640625 -0.0432395935058594 -0.0244140625 0.625244140625
0.0501327514648438 -0.0267524719238281 0.02630615234375 0.0490379333496094
0.0182094573974609 -0.0308990478515625 0.0489501953124999 -0.62628173828125
-0.00668716430664062 -0.0368919372558594 -0.60400390625 -0.7138671875
-0.0126914978027344 -0.0209941864013672 -0.8648681640625 0.11749267578125
-0.0133876800537109 -0.00453472137451172 -0.30426025390625 0.64996337890625
-0.00605583190917969 -0.0110387802124023 0.156097412109375 0.47918701171875
0.000360012054443359 0.00497245788574219 0.33349609375 0.044403076171875
0.0158882141113281 -0.00369453430175781 0.262039184570313 -0.23114013671875
0.0178565979003906 -0.0190010070800781 -0.212722778320313 0.214736938476563
0.0275001525878906 0.00545501708984375 -0.313232421875 -0.05938720703125
0.00356769561767578 0.0155830383300781 -0.172576904296875 -0.46710205078125
-0.00281143188476563 0.0161809921264648 0.296630859375 -0.61187744140625
-0.0266990661621094 0.00907516479492187 0.80438232421875 -0.07318115234375
-0.0257129669189453 -0.0141029357910156 0.658447265625 0.6624755859375
0.0289039611816406 0.00788688659667969 0.0523681640625 0.62603759765625
0.0236873626708984 0.0326061248779297 0.0364990234375 0.0729904174804688
0.0211124420166016 0.0198593139648438 0.10565185546875 -0.61944580078125
0.0104351043701172 -0.0154333114624023 -0.52978515625 -0.795166015625
-0.0104293823242188 -0.0197887420654297 -0.90057373046875 0.00201416015624992
-0.015716552734375 0.000857353210449219 -0.3953857421875 0.6051025390625
-0.00409126281738281 0.00889301300048828 0.0952148437499999 0.4891357421875
0.00565719604492187 0.0185127258300781 0.306732177734375 0.06439208984375
0.0223140716552734 0.00395774841308594 0.253311157226563 -0.23321533203125
0.0203304290771484 -0.0147476196289063 -0.209793090820313 0.21746826171875
0.0321941375732422 0.00949287414550781 -0.30645751953125 -0.069000244140625
0.0055999755859375 0.0205078125 -0.15179443359375 -0.4754638671875
-0.00761985778808594 0.0185546875 0.327392578125 -0.5931396484375
-0.0345973968505859 0.00671005249023437 0.81158447265625 -0.02972412109375
-0.0265426635742188 -0.0159339904785156 0.62518310546875 0.69793701171875
0.0319919586181641 0.0081939697265625 0.0252685546875 0.622802734375
0.0261650085449219 0.0344352722167969 0.0375823974609375 0.0592117309570313
0.0225048065185547 0.0192222595214844 0.0859375 -0.6287841796875
0.00547409057617187 -0.0185546875 -0.5570068359375 -0.767822265625
-0.0182971954345703 -0.0206012725830078 -0.8880615234375 0.0437011718749999
-0.0185432434082031 0.00374031066894531 -0.36376953125 0.617919921875
-0.00310993194580078 0.0137052536010742 0.119171142578125 0.47772216796875
0.00873947143554688 0.0220870971679688 0.31439208984375 0.0509033203125
0.0235195159912109 0.00761032104492188 0.251556396484375 -0.240478515625
0.0246677398681641 -0.0118389129638672 -0.212173461914062 0.213623046875
0.0330276489257813 0.0131816864013672 -0.298828125 -0.0806274414062501
0.00589179992675782 0.0233192443847656 -0.133331298828125 -0.48406982421875
-0.0132465362548828 0.0202274322509766 0.35894775390625 -0.58013916015625
-0.0404243469238281 0.00516510009765625 0.822998046875 0.01129150390625
-0.028228759765625 -0.0197124481201172 0.59930419921875 0.72808837890625
0.0326271057128906 0.00461387634277344 0.00469970703125006 0.618896484375
0.0301513671875 0.0295677185058594 0.0372276306152344 0.0456695556640625
0.0228748321533203 0.0137157440185547 0.0625 -0.63409423828125
0.00155830383300781 -0.0222740173339844 -0.5921630859375 -0.73541259765625
-0.0244045257568359 -0.0197277069091797 -0.877197265625 0.0918579101562499
-0.0212497711181641 0.00567054748535156 -0.330078125 0.6328125
-0.00171279907226562 0.0138053894042969 0.14117431640625 0.469329833984375
0.0108356475830078 0.0240764617919922 0.32244873046875 0.040069580078125
0.0278167724609375 0.00907135009765625 0.25335693359375 -0.239898681640625
0.0240058898925781 -0.011932373046875 -0.210540771484375 0.214950561523438
0.0345954895019531 0.0124874114990234 -0.292694091796875 -0.08734130859375
0.00569343566894531 0.0226726531982422 -0.115081787109375 -0.490020751953125
-0.0157279968261719 0.0198745727539063 0.38580322265625 -0.56396484375
-0.0430374145507812 0.00310897827148437 0.8284912109375 0.0499267578125
-0.0298309326171875 -0.0253238677978516 0.5704345703125 0.75823974609375
0.034027099609375 -0.00274467468261719 -0.01739501953125 0.618408203125
0.0355796813964844 0.0213356018066406 0.0369949340820313 0.0367813110351563
0.0232467651367188 0.00574684143066406 0.0433349609375001 -0.63848876953125
-0.00372123718261719 -0.0255775451660156 -0.613525390625 -0.70806884765625
-0.0273551940917969 -0.0192813873291016 -0.86480712890625 0.12921142578125
-0.0212249755859375 0.00634765625 -0.2994384765625 0.6434326171875
-0.000898361206054688 0.0126533508300781 0.160858154296875 0.46343994140625
0.0112438201904297 0.0234375 0.329864501953125 0.0308837890625
0.0271854400634766 0.00895309448242188 0.253463745117188 -0.244415283203125
0.0237216949462891 -0.0132808685302734 -0.210693359375 0.21246337890625
0.0339508056640625 0.00998306274414063 -0.2879638671875 -0.093109130859375
0.00498580932617187 0.0195693969726563 -0.104156494140625 -0.49072265625
-0.0160732269287109 0.0186939239501953 0.404754638671875 -0.552276611328125
-0.0435523986816406 0.00170135498046874 0.83184814453125 0.07476806640625
-0.0317707061767578 -0.0308914184570313 0.55419921875 0.77520751953125
0.0342082977294922 -0.0137977600097656 -0.0299072265625 0.61566162109375
0.040740966796875 0.00833511352539063 0.0354995727539063 0.0302734375
0.0217819213867187 -0.00460433959960937 0.0263671875 -0.64068603515625
-0.00678825378417969 -0.0296764373779297 -0.6324462890625 -0.6849365234375
-0.0275764465332031 -0.0185947418212891 -0.85540771484375 0.157958984375
-0.0206813812255859 0.00536155700683594 -0.27630615234375 0.6539306640625
-0.00180244445800781 0.00865030288696289 0.175079345703125 0.459930419921875
0.0112190246582031 0.0209178924560547 0.33465576171875 0.02557373046875
0.0268402099609375 0.00704193115234375 0.255203247070313 -0.242752075195313
0.0204696655273438 -0.016998291015625 -0.210708618164062 0.212326049804688
0.0324878692626953 0.00505638122558594 -0.28662109375 -0.092926025390625
0.00418663024902344 0.0134563446044922 -0.10040283203125 -0.48956298828125
-0.0138063430786133 0.0166187286376953 0.411041259765625 -0.547210693359375
-0.0409202575683594 0.00151062011718751 0.83624267578125 0.08197021484375
-0.0323715209960937 -0.0368003845214844 0.5499267578125 0.77850341796875
0.0340290069580078 -0.0258388519287109 -0.0335693359375 0.61651611328125
0.0456428527832031 -0.0055999755859375 0.0323410034179688 0.03131103515625
0.0206184387207031 -0.0147914886474609 0.02117919921875 -0.63653564453125
-0.00938796997070313 -0.0323162078857422 -0.63739013671875 -0.6771240234375
-0.0252914428710938 -0.0190162658691406 -0.85113525390625 0.16595458984375
-0.0196475982666016 0.00346565246582032 -0.267822265625 0.6580810546875
-0.00314402580261231 0.00294899940490723 0.1796875 0.461395263671875
0.00867748260498047 0.016972541809082 0.337158203125 0.025146484375
0.0243072509765625 0.0037384033203125 0.256851196289063 -0.239730834960937
0.0160083770751953 -0.0222110748291016 -0.21124267578125 0.214431762695313
0.0308418273925781 -0.00146293640136719 -0.288330078125 -0.088958740234375
0.00270462036132813 0.00566768646240234 -0.10638427734375 -0.48583984375
-0.00897216796875 0.0148248672485352 0.403778076171875 -0.551239013671875
-0.0352821350097656 0.00294494628906249 0.83758544921875 0.071533203125
-0.0335884094238281 -0.0395355224609375 0.558349609375 0.7733154296875
0.0332298278808594 -0.0366973876953125 -0.0311889648437499 0.62042236328125
0.0492057800292969 -0.0182876586914062 0.0300140380859375 0.0380439758300781
0.0192108154296875 -0.0242214202880859 0.0284423828125 -0.63079833984375
-0.00972938537597656 -0.0350723266601563 -0.62945556640625 -0.685791015625
-0.0204257965087891 -0.0199184417724609 -0.852783203125 0.15643310546875
-0.0167121887207031 0.000271797180175783 -0.275634765625 0.6580810546875
-0.00494527816772461 -0.00397825241088867 0.176727294921875 0.467803955078125
0.00524711608886719 0.0113277435302734 0.337158203125 0.029449462890625
0.0196609497070312 -0.00014495849609375 0.258529663085938 -0.240234375
0.0118637084960938 -0.0265750885009766 -0.211181640625 0.214508056640625
0.0273208618164062 -0.00832748413085937 -0.292022705078125 -0.08050537109375
0.0019230842590332 -0.00159227848052979 -0.118133544921875 -0.47906494140625
-0.00316238403320313 0.0124931335449219 0.386077880859375 -0.560882568359375
-0.0278854370117188 0.0047607421875 0.8377685546875 0.044189453125
-0.034088134765625 -0.0402336120605469 0.58135986328125 0.7537841796875
0.0300483703613281 -0.0444450378417969 -0.0166015625000001 0.6239013671875
0.0497779846191406 -0.0273399353027344 0.026702880859375 0.0492095947265625
0.0180206298828125 -0.0311794281005859 0.0404663085937501 -0.6258544921875
-0.00693893432617188 -0.0359458923339844 -0.61279296875 -0.7044677734375
-0.0133018493652344 -0.0205554962158203 -0.86505126953125 0.1282958984375
-0.0137701034545898 -0.00396919250488282 -0.2984619140625 0.65545654296875
-0.00615692138671875 -0.0106964111328125 0.16290283203125 0.47760009765625
0.000880241394042969 0.00510454177856445 0.332244873046875 0.040069580078125
0.0156440734863281 -0.00494861602783203 0.258285522460938 -0.234970092773438
0.0170993804931641 -0.0196361541748047 -0.2093505859375 0.217498779296875
0.0279521942138672 0.00458145141601563 -0.31329345703125 -0.055633544921875
0.00422382354736328 0.0161247253417969 -0.177337646484375 -0.463043212890625
-0.00287342071533203 0.0170135498046875 0.28759765625 -0.61376953125
-0.0266971588134766 0.00860977172851562 0.80303955078125 -0.08416748046875
-0.0251712799072266 -0.0137462615966797 0.6650390625 0.65130615234375
0.0285873413085938 0.00670433044433594 0.0582275390625 0.62139892578125
0.0239028930664063 0.0323753356933594 0.0364303588867188 0.0731887817382813
0.0206947326660156 0.0194683074951172 0.0972290039062499 -0.6171875
0.010075569152832 -0.0151710510253906 -0.54083251953125 -0.78656005859375
-0.0115604400634766 -0.020355224609375 -0.89703369140625 0.0123291015625002
-0.0157451629638672 0.000581741333007816 -0.38494873046875 0.61126708984375
-0.00388240814208984 0.00983238220214844 0.10113525390625 0.486419677734375
0.00606727600097656 0.0193862915039063 0.306610107421875 0.059417724609375
0.0227451324462891 0.00306320190429687 0.249481201171875 -0.235702514648438
0.0198287963867187 -0.0153732299804687 -0.206802368164063 0.219375610351562
0.0326347351074219 0.00874900817871094 -0.306396484375 -0.0639343261718749
0.00588417053222656 0.0203533172607422 -0.15771484375 -0.47259521484375
-0.00830650329589844 0.0196075439453125 0.3206787109375 -0.59765625
-0.0349235534667969 0.00702285766601562 0.8114013671875 -0.04058837890625
-0.0269756317138672 -0.0161056518554688 0.6331787109375 0.686767578125
0.0311393737792969 0.00751495361328125 0.0322265625 0.62066650390625
0.0266170501708984 0.0334796905517578 0.0382804870605469 0.0595512390136719
0.0233345031738281 0.0192070007324219 0.07830810546875 -0.62774658203125
0.0055694580078125 -0.0180091857910156 -0.5655517578125 -0.7591552734375
-0.0191268920898438 -0.0204677581787109 -0.8843994140625 0.0557861328124999
-0.0188522338867188 0.00391006469726563 -0.3544921875 0.62213134765625
-0.00321578979492187 0.0137920379638672 0.122772216796875 0.475494384765625
0.00945854187011719 0.02197265625 0.3138427734375 0.046417236328125
0.0249137878417969 0.00688552856445313 0.24713134765625 -0.243515014648438
0.0240192413330078 -0.0133419036865234 -0.2088623046875 0.2156982421875
0.0340747833251953 0.0120372772216797 -0.299285888671875 -0.075439453125
0.00701141357421875 0.023101806640625 -0.140228271484375 -0.4813232421875
-0.0132293701171875 0.0211563110351562 0.34991455078125 -0.584228515625
-0.03973388671875 0.0059814453125 0.81915283203125 -0.00042724609375
-0.0284004211425781 -0.0197906494140625 0.60894775390625 0.71783447265625
0.0322246551513672 0.0037841796875 0.01312255859375 0.61663818359375
0.0301589965820313 0.0293407440185547 0.0382308959960938 0.0461540222167969
0.0231666564941406 0.0137672424316406 0.05438232421875 -0.631103515625
0.00121688842773438 -0.0217094421386719 -0.5989990234375 -0.72540283203125
-0.0239429473876953 -0.0199661254882813 -0.87335205078125 0.1029052734375
-0.0209274291992188 0.00565719604492188 -0.3192138671875 0.63751220703125
-0.00183868408203125 0.0142641067504883 0.1461181640625 0.467926025390625
0.0115108489990234 0.0240707397460938 0.321624755859375 0.035400390625
0.0273685455322266 0.00817680358886719 0.249862670898438 -0.242584228515625
0.023895263671875 -0.0130023956298828 -0.207351684570313 0.216339111328125
0.0355758666992188 0.0115623474121094 -0.292694091796875 -0.0837097167968751
0.00589942932128906 0.0228595733642578 -0.1214599609375 -0.4869384765625
-0.0153713226318359 0.0210742950439453 0.37841796875 -0.56683349609375
-0.0434150695800781 0.00357055664062499 0.82562255859375 0.0386962890625
-0.0299453735351562 -0.0249557495117188 0.57684326171875 0.74688720703125
0.0330524444580078 -0.00347137451171875 -0.00958251953125005 0.61541748046875
0.0356216430664063 0.0205192565917969 0.0367813110351562 0.0367546081542969
0.0233421325683594 0.00545692443847656 0.03582763671875 -0.6370849609375
-0.00388526916503906 -0.0251426696777344 -0.622802734375 -0.69842529296875
-0.0285263061523438 -0.0189533233642578 -0.860107421875 0.14031982421875
-0.0213947296142578 0.00687026977539063 -0.29144287109375 0.6478271484375
-0.00130176544189453 0.0132331848144531 0.16717529296875 0.459075927734375
0.0127124786376953 0.0224933624267578 0.328582763671875 0.0262451171875
0.0273895263671875 0.00802040100097656 0.249526977539063 -0.246673583984375
0.0225677490234375 -0.0144901275634766 -0.207199096679688 0.2142333984375
0.0344314575195312 0.00841140747070312 -0.2884521484375 -0.0887451171875
0.00537490844726562 0.0195865631103516 -0.11090087890625 -0.489990234375
-0.0160350799560547 0.0193367004394531 0.39654541015625 -0.55657958984375
-0.0433769226074219 0.00250244140624999 0.83111572265625 0.06353759765625
-0.0315723419189453 -0.0308609008789063 0.56414794921875 0.7659912109375
0.0339832305908203 -0.0150566101074219 -0.02288818359375 0.61248779296875
0.0411262512207031 0.00708770751953125 0.0355453491210938 0.0309867858886719
0.0225353240966797 -0.00503349304199219 0.01910400390625 -0.63720703125
-0.00728797912597656 -0.029205322265625 -0.63983154296875 -0.67535400390625
-0.0281047821044922 -0.0185985565185547 -0.8505859375 0.1700439453125
-0.0210781097412109 0.00581932067871094 -0.2681884765625 0.65643310546875
-0.000765800476074219 0.0095367431640625 0.18096923828125 0.457489013671875
0.0111808776855469 0.0202808380126953 0.33343505859375 0.020904541015625
0.0261306762695313 0.00613212585449219 0.251327514648438 -0.2457275390625
0.0208816528320313 -0.0176525115966797 -0.2076416015625 0.21484375
0.0329494476318359 0.0040130615234375 -0.287261962890625 -0.088653564453125
0.00511264801025391 0.0136203765869141 -0.105743408203125 -0.487548828125
-0.0139503479003906 0.0181236267089844 0.404144287109375 -0.552459716796875
-0.0409278869628906 0.0018157958984375 0.8358154296875 0.0716552734375
-0.0332908630371094 -0.0361061096191406 0.55865478515625 0.769775390625
0.0329608917236328 -0.0268630981445312 -0.0264892578125 0.61395263671875
0.0455169677734375 -0.00674057006835938 0.0328121185302734 0.0318012237548828
0.0200748443603516 -0.0157012939453125 0.01287841796875 -0.634765625
-0.00990676879882812 -0.0317821502685547 -0.64495849609375 -0.66796875
-0.0261211395263672 -0.0182666778564453 -0.84716796875 0.1768798828125
-0.0194244384765625 0.00390243530273438 -0.2593994140625 0.66131591796875
-0.0027010440826416 0.00379729270935059 0.18536376953125 0.458251953125
0.00891017913818359 0.0167007446289063 0.33624267578125 0.0208740234375
0.0236682891845703 0.00291633605957031 0.252273559570313 -0.243179321289063
0.0154151916503906 -0.0228443145751953 -0.207305908203125 0.216796875
0.030792236328125 -0.00249481201171875 -0.289398193359375 -0.0836791992187499
0.00368928909301758 0.00533246994018555 -0.11273193359375 -0.48223876953125
-0.00838279724121094 0.0154247283935547 0.39569091796875 -0.556121826171875
-0.0354652404785156 0.00291824340820312 0.8348388671875 0.06121826171875
-0.0343284606933594 -0.0396957397460938 0.56707763671875 0.762451171875
0.0320701599121094 -0.0376243591308594 -0.0233154296875001 0.61865234375
0.0483741760253906 -0.0195579528808594 0.0297279357910156 0.0384979248046875
0.0185451507568359 -0.024444580078125 0.02117919921875 -0.6292724609375
-0.00916862487792969 -0.0346832275390625 -0.635009765625 -0.675048828125
-0.0214271545410156 -0.0197639465332031 -0.8497314453125 0.16632080078125
-0.0166263580322266 0.00062274932861328 -0.2681884765625 0.66009521484375
-0.00482940673828125 -0.00319528579711914 0.182861328125 0.4647216796875
0.0051727294921875 0.0101661682128906 0.3369140625 0.02557373046875
0.0197277069091797 -0.00112342834472656 0.254348754882813 -0.243896484375
0.0113124847412109 -0.0275993347167969 -0.207611083984375 0.21771240234375
0.0276241302490234 -0.00953483581542969 -0.29254150390625 -0.075653076171875
0.00150561332702637 -0.00227928161621094 -0.1246337890625 -0.47698974609375
-0.00287151336669922 0.0126714706420898 0.378173828125 -0.5645751953125
-0.0285301208496094 0.00499725341796875 0.8355712890625 0.03399658203125
-0.034393310546875 -0.0394935607910156 0.58880615234375 0.74444580078125
0.0292701721191406 -0.0453147888183594 -0.00915527343750006 0.622314453125
0.0490913391113281 -0.0282249450683594 0.0272483825683594 0.0493011474609375
0.0181369781494141 -0.0307750701904297 0.0322875976562499 -0.623291015625
-0.00677108764648438 -0.03521728515625 -0.6173095703125 -0.69573974609375
-0.0141429901123047 -0.0207691192626953 -0.86102294921875 0.14044189453125
-0.0136384963989258 -0.00370502471923828 -0.28814697265625 0.6583251953125
-0.00650501251220703 -0.00997734069824219 0.166900634765625 0.4759521484375
0.00108718872070313 0.00566291809082031 0.332061767578125 0.035430908203125
0.015045166015625 -0.00524330139160156 0.255325317382813 -0.23876953125
0.0164470672607422 -0.0202808380126953 -0.205612182617187 0.2193603515625
0.0292148590087891 0.00303459167480469 -0.3123779296875 -0.05126953125
0.00505447387695313 0.0164175033569336 -0.183380126953125 -0.45977783203125
-0.00268173217773438 0.0181598663330078 0.2802734375 -0.61578369140625
-0.0270633697509766 0.00970458984375 0.7991943359375 -0.09259033203125
-0.0248432159423828 -0.0134506225585937 0.67071533203125 0.64031982421875
0.0283966064453125 0.00547218322753906 0.0645751953124999 0.616943359375
0.0239715576171875 0.0308380126953125 0.03759765625 0.0728073120117187
0.0217342376708984 0.0196437835693359 0.0912475585937501 -0.61468505859375
0.0106115341186523 -0.0150308609008789 -0.54461669921875 -0.77880859375
-0.0109977722167969 -0.020172119140625 -0.89508056640625 0.0208740234374999
-0.0159530639648438 0.0012826919555664 -0.377685546875 0.612060546875
-0.00355052947998047 0.0101356506347656 0.104705810546875 0.48480224609375
0.00731086730957031 0.0182590484619141 0.30535888671875 0.0556640625
0.0221977233886719 0.00247955322265625 0.245040893554688 -0.238189697265625
0.0189723968505859 -0.0167369842529297 -0.203338623046875 0.220703125
0.0330944061279297 0.00723648071289063 -0.30621337890625 -0.0605773925781249
0.00624847412109375 0.0215435028076172 -0.162811279296875 -0.468780517578125
-0.00783538818359375 0.0204982757568359 0.31097412109375 -0.59930419921875
-0.0346832275390625 0.00797843933105469 0.806884765625 -0.0496826171875
-0.0263919830322266 -0.0157451629638672 0.63800048828125 0.6761474609375
0.0307216644287109 0.00676918029785156 0.0376586914062499 0.61724853515625
0.0270042419433594 0.0322990417480469 0.0375938415527344 0.0600776672363281
0.0237483978271484 0.0189151763916016 0.071533203125 -0.62567138671875
0.0052337646484375 -0.0179634094238281 -0.57135009765625 -0.7493896484375
-0.0202522277832031 -0.0201225280761719 -0.88226318359375 0.0653076171875002
-0.0184822082519531 0.00375556945800781 -0.3463134765625 0.6246337890625
-0.00355243682861328 0.0141353607177734 0.128326416015625 0.473541259765625
0.0100822448730469 0.0226802825927734 0.313079833984375 0.042236328125
0.0243473052978516 0.00607872009277344 0.243255615234375 -0.2452392578125
0.0232601165771484 -0.0141487121582031 -0.205245971679687 0.216720581054688
0.0350494384765625 0.0102958679199219 -0.29913330078125 -0.0722351074218749
0.00735855102539062 0.0240879058837891 -0.145294189453125 -0.478851318359375
-0.0125484466552734 0.0218696594238281 0.34375 -0.58734130859375
-0.0399169921875 0.00623703002929687 0.81854248046875 -0.01092529296875
-0.0280094146728516 -0.0193843841552734 0.61395263671875 0.70611572265625
0.0314311981201172 0.00284576416015625 0.0167236328125 0.61309814453125
0.0303192138671875 0.0284156799316406 0.0373878479003906 0.0469017028808594
0.0240097045898438 0.0135574340820313 0.04669189453125 -0.6268310546875
0.00116729736328125 -0.0216007232666016 -0.60626220703125 -0.71630859375
-0.0245075225830078 -0.0194511413574219 -0.8714599609375 0.110595703125
-0.0208530426025391 0.00634193420410157 -0.31109619140625 0.63885498046875
-0.0010986328125 0.0152015686035156 0.15106201171875 0.4658203125
0.0125389099121094 0.0239200592041016 0.32098388671875 0.03179931640625
0.0275363922119141 0.00702857971191406 0.246063232421875 -0.244735717773438
0.0230503082275391 -0.0138511657714844 -0.204177856445312 0.218246459960938
0.0358200073242188 0.0103683471679688 -0.293304443359375 -0.079681396484375
0.00632667541503906 0.0233097076416016 -0.127838134765625 -0.48388671875
-0.0148468017578125 0.0213394165039063 0.369384765625 -0.57025146484375
-0.0436515808105469 0.00386428833007812 0.82427978515625 0.02801513671875
-0.0301017761230469 -0.0247936248779297 0.5838623046875 0.73724365234375
0.0325813293457031 -0.00443840026855469 -0.00372314453124998 0.61328125
0.0359268188476563 0.0200424194335938 0.0370979309082031 0.0365257263183594
0.0234203338623047 0.00518417358398438 0.02838134765625 -0.6341552734375
-0.00382041931152344 -0.0246353149414063 -0.62640380859375 -0.68951416015625
-0.0285472869873047 -0.0190792083740234 -0.85546875 0.1497802734375
-0.0214004516601563 0.00651359558105469 -0.28094482421875 0.649658203125
-0.00114822387695312 0.0137157440185547 0.170166015625 0.457366943359375
0.0125656127929688 0.0232582092285156 0.327545166015625 0.021575927734375
0.0271682739257812 0.00742912292480469 0.24517822265625 -0.249298095703125
0.0223808288574219 -0.0154953002929688 -0.203811645507813 0.216217041015625
0.0353240966796875 0.00780105590820313 -0.2890625 -0.084075927734375
0.00601387023925781 0.0197200775146484 -0.11627197265625 -0.486328125
-0.0156059265136719 0.0200729370117188 0.389923095703125 -0.559234619140625
-0.0437583923339844 0.00266265869140625 0.82965087890625 0.05267333984375
-0.0317516326904297 -0.0301017761230469 0.570068359375 0.7564697265625
0.0325984954833984 -0.0161285400390625 -0.01751708984375 0.6107177734375
0.0412178039550781 0.00661468505859375 0.0354843139648438 0.0318984985351563
0.0224037170410156 -0.00469779968261719 0.013427734375 -0.63458251953125
-0.00806617736816406 -0.0289783477783203 -0.64453125 -0.66461181640625
-0.0285682678222656 -0.0183677673339844 -0.8463134765625 0.1788330078125
-0.0210361480712891 0.00617408752441407 -0.25787353515625 0.6590576171875
-0.00133323669433594 0.00895214080810547 0.184417724609375 0.45458984375
0.0121097564697266 0.0205345153808594 0.33203125 0.01611328125
0.0271110534667969 0.00566291809082031 0.246337890625 -0.24786376953125
0.0193367004394531 -0.0184593200683594 -0.20361328125 0.216445922851563
0.0338211059570313 0.00248336791992188 -0.2869873046875 -0.08392333984375
0.00500297546386719 0.013850212097168 -0.112396240234375 -0.484649658203125
-0.0138473510742188 0.0183696746826172 0.395904541015625 -0.556121826171875
-0.041107177734375 0.00258636474609375 0.83392333984375 0.060546875
-0.0338821411132813 -0.0356674194335938 0.56512451171875 0.75946044921875
0.0324916839599609 -0.0280818939208984 -0.02093505859375 0.612060546875
0.0457420349121094 -0.00696182250976563 0.0327186584472656 0.0321025848388672
0.0203704833984375 -0.0160732269287109 0.0059814453125 -0.630859375
-0.00979232788085938 -0.0314598083496094 -0.64892578125 -0.65777587890625
-0.0257759094238281 -0.0181121826171875 -0.84283447265625 0.1865234375
-0.0191135406494141 0.00441932678222656 -0.25018310546875 0.662109375
-0.00315022468566895 0.00412702560424805 0.190765380859375 0.45623779296875
0.00940513610839844 0.0166826248168945 0.335540771484375 0.01715087890625
0.0244026184082031 0.00283050537109375 0.248123168945313 -0.245941162109375
0.0150775909423828 -0.0235958099365234 -0.20355224609375 0.219207763671875
0.0313491821289063 -0.00392341613769531 -0.289642333984375 -0.079864501953125
0.00389337539672852 0.0058293342590332 -0.118255615234375 -0.480743408203125
-0.0087747573852539 0.0162839889526367 0.3880615234375 -0.55926513671875
-0.0355873107910156 0.00373077392578125 0.83203125 0.04986572265625
-0.0342941284179687 -0.0388107299804688 0.5733642578125 0.75238037109375
0.030792236328125 -0.0384864807128906 -0.0166625976562501 0.61407470703125
0.0478706359863281 -0.0199241638183594 0.0298843383789063 0.03857421875
0.0192356109619141 -0.0248775482177734 0.01226806640625 -0.6270751953125
-0.009765625 -0.0339851379394531 -0.63897705078125 -0.667236328125
-0.0217494964599609 -0.0194778442382813 -0.8472900390625 0.17718505859375
-0.016545295715332 0.000713348388671876 -0.2587890625 0.66204833984375
-0.00537347793579102 -0.00218677520751953 0.18646240234375 0.461578369140625
0.00609970092773438 0.0106906890869141 0.334625244140625 0.02191162109375
0.0190582275390625 -0.0019378662109375 0.2501220703125 -0.245697021484375
0.00983238220214844 -0.0285854339599609 -0.203567504882813 0.2188720703125
0.0275745391845703 -0.0103836059570312 -0.29229736328125 -0.0719299316406249
0.0024876594543457 -0.00164556503295898 -0.131683349609375 -0.473480224609375
-0.00245857238769531 0.01434326171875 0.370849609375 -0.5670166015625
-0.028106689453125 0.00500488281249999 0.8338623046875 0.0233154296875
-0.0346946716308594 -0.0391769409179688 0.59619140625 0.7337646484375
0.0275611877441406 -0.0458450317382813 -0.00225830078124999 0.6197509765625
0.0483436584472656 -0.029144287109375 0.0271873474121094 0.0498313903808594
0.0181674957275391 -0.0306301116943359 0.026123046875 -0.62078857421875
-0.00723648071289063 -0.0351829528808594 -0.625 -0.68511962890625
-0.014404296875 -0.0207481384277344 -0.8565673828125 0.1495361328125
-0.0140304565429687 -0.00354766845703125 -0.2794189453125 0.6595458984375
-0.00668239593505859 -0.00913906097412109 0.1732177734375 0.473236083984375
0.00111579895019531 0.00509071350097656 0.331298828125 0.030426025390625
0.0155401229858398 -0.00592041015625 0.250732421875 -0.240982055664063
0.0157623291015625 -0.021087646484375 -0.201828002929688 0.220733642578125
0.0297298431396484 0.00240707397460938 -0.312042236328125 -0.04656982421875
0.00541210174560547 0.0166854858398438 -0.188018798828125 -0.455535888671875
-0.00224876403808594 0.0185604095458984 0.2713623046875 -0.6173095703125
-0.0271549224853516 0.00910758972167969 0.793212890625 -0.10235595703125
-0.0250530242919922 -0.0131721496582031 0.6744384765625 0.62847900390625
0.0275669097900391 0.00421905517578125 0.07080078125 0.61279296875
0.0240192413330078 0.0306549072265625 0.037811279296875 0.073272705078125
0.0218963623046875 0.0196132659912109 0.0848388671875 -0.6107177734375
0.00990581512451172 -0.0145282745361328 -0.54901123046875 -0.7666015625
-0.0129375457763672 -0.0198421478271484 -0.8902587890625 0.0328369140625
-0.0152950286865234 0.00092601776123047 -0.36798095703125 0.61419677734375
-0.003875732421875 0.0106115341186523 0.110382080078125 0.481781005859375
0.00669097900390625 0.0186347961425781 0.303680419921875 0.052520751953125
0.0220413208007812 0.00236129760742188 0.24017333984375 -0.23944091796875
0.0188827514648438 -0.0174560546875 -0.200027465820312 0.222412109375
0.0339393615722656 0.00644874572753906 -0.30535888671875 -0.057037353515625
0.00690460205078125 0.0215053558349609 -0.16778564453125 -0.46588134765625
-0.00679969787597656 0.0208110809326172 0.3043212890625 -0.60009765625
-0.0345191955566406 0.00691223144531251 0.80218505859375 -0.05859375
-0.0266227722167969 -0.0154781341552734 0.6402587890625 0.66534423828125
0.0300521850585938 0.0054931640625 0.0451660156250001 0.61151123046875
0.0274696350097656 0.0313014984130859 0.0384902954101563 0.0597343444824219
0.0239276885986328 0.0182094573974609 0.0654907226562499 -0.62139892578125
0.00592803955078125 -0.0176715850830078 -0.57568359375 -0.74066162109375
-0.0199851989746094 -0.020263671875 -0.87689208984375 0.0747680664062502
-0.0185260772705078 0.00426483154296875 -0.3367919921875 0.62615966796875
-0.00286579132080078 0.0144996643066406 0.13140869140625 0.470367431640625
0.0107517242431641 0.0215797424316406 0.311248779296875 0.038909912109375
0.0244560241699219 0.00526809692382813 0.239044189453125 -0.246780395507813
0.0223350524902344 -0.0151023864746094 -0.201492309570313 0.219024658203125
0.0362319946289062 0.00908279418945313 -0.299102783203125 -0.067352294921875
0.0074462890625 0.0239753723144531 -0.150482177734375 -0.475982666015625
-0.0125007629394531 0.0230083465576172 0.33514404296875 -0.58673095703125
-0.0399513244628906 0.00666427612304687 0.81292724609375 -0.01898193359375
-0.0285491943359375 -0.0194568634033203 0.61749267578125 0.696044921875
0.0308380126953125 0.00212287902832031 0.02447509765625 0.6085205078125
0.0306968688964844 0.0275344848632812 0.03778076171875 0.0474472045898438
0.0235519409179688 0.0133514404296875 0.0413208007812499 -0.6241455078125
0.00182533264160156 -0.0202713012695313 -0.607421875 -0.704345703125
-0.0252151489257813 -0.0194778442382813 -0.86480712890625 0.12213134765625
-0.0207099914550781 0.00604629516601562 -0.302001953125 0.639404296875
-0.00154685974121094 0.0151166915893555 0.154144287109375 0.462554931640625
0.012908935546875 0.0229606628417969 0.31890869140625 0.028717041015625
0.0278110504150391 0.0063629150390625 0.241561889648438 -0.24603271484375
0.0226192474365234 -0.0142536163330078 -0.20001220703125 0.21978759765625
0.0364646911621094 0.00931930541992188 -0.29327392578125 -0.07568359375
0.00744056701660156 0.0229587554931641 -0.1324462890625 -0.480377197265625
-0.0156993865966797 0.0219154357910156 0.36456298828125 -0.5716552734375
-0.0434532165527344 0.00450515747070312 0.820068359375 0.018798828125
-0.0300979614257812 -0.0241317749023438 0.5877685546875 0.728271484375
0.0322399139404297 -0.00550270080566406 0.00262451171875001 0.60711669921875
0.0360679626464844 0.01861572265625 0.03717041015625 0.0370597839355469
0.0234775543212891 0.00529861450195313 0.0218505859375 -0.62835693359375
-0.00390243530273437 -0.0241813659667969 -0.62982177734375 -0.67950439453125
-0.0290794372558594 -0.0179595947265625 -0.8492431640625 0.1583251953125
-0.0206737518310547 0.00702285766601563 -0.2723388671875 0.64825439453125
-0.000932693481445312 0.0137691497802734 0.175048828125 0.45428466796875
0.0136566162109375 0.0227756500244141 0.325225830078125 0.017791748046875
0.0276679992675781 0.00646209716796875 0.241592407226563 -0.250885009765625
0.0216617584228516 -0.0158634185791016 -0.199569702148438 0.21820068359375
0.0353469848632813 0.00630950927734375 -0.288360595703125 -0.080352783203125
0.00655937194824219 0.0196971893310547 -0.12127685546875 -0.48345947265625
-0.015289306640625 0.0211238861083984 0.38201904296875 -0.561553955078125
-0.04351806640625 0.00319671630859374 0.82568359375 0.04248046875
-0.0317897796630859 -0.0301189422607422 0.574951171875 0.74273681640625
0.0315971374511719 -0.0164699554443359 -0.0117187499999999 0.6064453125
0.0404129028320313 0.00629425048828125 0.0350570678710938 0.0316371917724609
0.0219173431396484 -0.00514602661132813 0.00653076171875005 -0.62945556640625
-0.00776481628417969 -0.0274791717529297 -0.6461181640625 -0.6553955078125
-0.0287094116210937 -0.0175361633300781 -0.84063720703125 0.18670654296875
-0.0204944610595703 0.00636672973632813 -0.2508544921875 0.6572265625
-0.00150489807128906 0.0100440979003906 0.18994140625 0.450469970703125
0.01275634765625 0.0204563140869141 0.3299560546875 0.0123291015625
0.0267620086669922 0.00477218627929688 0.242095947265625 -0.249343872070313
0.0191440582275391 -0.0186557769775391 -0.199859619140625 0.217483520507812
0.0336875915527344 0.000949859619140625 -0.286834716796875 -0.0797729492187499
0.00548362731933594 0.0143280029296875 -0.1177978515625 -0.480712890625
-0.0128707885742188 0.0196743011474609 0.38824462890625 -0.5582275390625
-0.0410346984863281 0.00250625610351563 0.83056640625 0.05120849609375
-0.0332450866699219 -0.0352210998535156 0.568115234375 0.74945068359375
0.0315437316894531 -0.0287036895751953 -0.0146484375 0.60748291015625
0.0449638366699219 -0.007720947265625 0.0326519012451172 0.0328750610351563
0.0206928253173828 -0.0153999328613281 -0.000793457031250016 -0.62603759765625
-0.00951576232910156 -0.0305747985839844 -0.651611328125 -0.646240234375
-0.0269412994384766 -0.0177383422851563 -0.836669921875 0.19451904296875
-0.0193271636962891 0.00391006469726563 -0.241455078125 0.6624755859375
-0.00252079963684082 0.00386929512023926 0.193450927734375 0.45263671875
0.00986289978027344 0.0156641006469727 0.332244873046875 0.01312255859375
0.0236644744873047 0.00188636779785156 0.243667602539062 -0.2476806640625
0.0140113830566406 -0.0242214202880859 -0.200225830078125 0.220046997070312
0.0315933227539062 -0.00542068481445312 -0.2890625 -0.07513427734375
0.00407505035400391 0.00620365142822266 -0.124847412109375 -0.4764404296875
-0.00830650329589844 0.0171785354614258 0.38092041015625 -0.560150146484375
-0.0357246398925781 0.00397872924804688 0.82757568359375 0.04107666015625
-0.034210205078125 -0.0384483337402344 0.57952880859375 0.742431640625
0.029754638671875 -0.0389976501464844 -0.0119018554687499 0.6114501953125
0.0479202270507813 -0.021240234375 0.0300712585449219 0.039093017578125
0.0188922882080078 -0.0245113372802734 0.00622558593750001 -0.62286376953125
-0.0098114013671875 -0.0331897735595703 -0.64324951171875 -0.654541015625
-0.0223884582519531 -0.0186538696289063 -0.83892822265625 0.18505859375
-0.0165157318115234 0.000864028930664063 -0.24786376953125 0.66204833984375
-0.00526523590087891 -0.00235700607299805 0.1903076171875 0.45819091796875
0.00617218017578125 0.010655403137207 0.33245849609375 0.0164794921875
0.0190677642822266 -0.00193023681640625 0.24566650390625 -0.247039794921875
0.00916290283203125 -0.0290641784667969 -0.199356079101563 0.220794677734375
0.0280246734619141 -0.0111942291259766 -0.292236328125 -0.0681457519531251
0.00297808647155762 -0.00167322158813477 -0.135040283203125 -0.469146728515625
-0.00253009796142578 0.0142421722412109 0.3631591796875 -0.5699462890625
-0.0283126831054688 0.00573348999023437 0.82891845703125 0.0146484375
-0.0356025695800781 -0.0388374328613281 0.59857177734375 0.72314453125
0.026824951171875 -0.046783447265625 0.00311279296874997 0.61419677734375
0.0481414794921875 -0.0294647216796875 0.0273704528808594 0.0499153137207031
0.017974853515625 -0.0306587219238281 0.01959228515625 -0.61572265625
-0.00730323791503907 -0.0343227386474609 -0.6260986328125 -0.6741943359375
-0.0154323577880859 -0.0202426910400391 -0.84979248046875 0.15594482421875
-0.0137758255004883 -0.00333595275878906 -0.26947021484375 0.66070556640625
-0.00641107559204101 -0.00842857360839844 0.177154541015625 0.468414306640625
0.00162649154663086 0.00516748428344727 0.3297119140625 0.02618408203125
0.0149631500244141 -0.00626659393310547 0.245849609375 -0.242874145507813
0.0148868560791016 -0.0218105316162109 -0.198150634765625 0.221038818359375
0.0302581787109375 0.00103759765625 -0.311065673828125 -0.043243408203125
0.00595569610595703 0.0168609619140625 -0.19189453125 -0.451324462890625
-0.00187110900878906 0.0190448760986328 0.26397705078125 -0.6156005859375
-0.0273723602294922 0.00958061218261719 0.78717041015625 -0.1087646484375
-0.0248603820800781 -0.0129642486572266 0.675537109375 0.61712646484375
0.0267562866210938 0.00352668762207031 0.0732421875 0.60693359375
0.0241584777832031 0.0306491851806641 0.038116455078125 0.0728073120117188
0.0223274230957031 0.0192031860351563 0.0785522460937501 -0.6072998046875
0.00990772247314453 -0.0142374038696289 -0.55194091796875 -0.758056640625
-0.0129299163818359 -0.0191669464111328 -0.8853759765625 0.0409545898437499
-0.0150966644287109 0.00146102905273438 -0.360107421875 0.61444091796875
-0.00406360626220703 0.0109434127807617 0.1134033203125 0.480072021484375
0.00750350952148438 0.0183181762695313 0.302490234375 0.049346923828125
0.021942138671875 0.00169754028320312 0.23681640625 -0.240432739257813
0.0181026458740234 -0.0177421569824219 -0.195938110351563 0.222305297851562
0.0346317291259766 0.00545883178710937 -0.30401611328125 -0.0530395507812499
0.00739669799804687 0.0217819213867188 -0.172210693359375 -0.461181640625
-0.00714111328125 0.0213851928710938 0.2972412109375 -0.60028076171875
-0.0342578887939453 0.00769424438476563 0.79559326171875 -0.0665283203125
-0.0264129638671875 -0.0152187347412109 0.6441650390625 0.65673828125
0.0293769836425781 0.00457763671875 0.0489501953125 0.6064453125
0.0274124145507812 0.0309238433837891 0.0385932922363281 0.0597038269042969
0.0240898132324219 0.0183391571044922 0.0587158203125 -0.6162109375
0.00565433502197266 -0.0171575546264648 -0.57977294921875 -0.72894287109375
-0.0205554962158203 -0.0198154449462891 -0.87109375 0.08056640625
-0.018402099609375 0.00456428527832031 -0.32763671875 0.6256103515625
-0.00257778167724609 0.0154762268066406 0.13543701171875 0.467620849609375
0.0110454559326172 0.0220108032226563 0.309478759765625 0.03570556640625
0.0239925384521484 0.00425529479980469 0.234451293945313 -0.248306274414063
0.0222625732421875 -0.0156726837158203 -0.197830200195312 0.21990966796875
0.0358734130859375 0.00830078125 -0.29815673828125 -0.064666748046875
0.00801467895507813 0.0240821838378906 -0.155364990234375 -0.47052001953125
-0.0118408203125 0.0236854553222656 0.32855224609375 -0.5865478515625
-0.0402870178222656 0.00689315795898438 0.80712890625 -0.0269775390625
-0.0282669067382813 -0.0189990997314453 0.61962890625 0.68597412109375
0.0296955108642578 0.00124931335449219 0.0289306640625001 0.60247802734375
0.0309658050537109 0.0268497467041016 0.0380020141601563 0.0471343994140625
0.0244522094726563 0.0126094818115234 0.03515625 -0.61944580078125
0.00183868408203125 -0.0199546813964844 -0.61126708984375 -0.69720458984375
-0.0265674591064453 -0.0187282562255859 -0.85797119140625 0.13031005859375
-0.0202484130859375 0.00650978088378906 -0.29461669921875 0.63946533203125
-0.00120162963867187 0.0152301788330078 0.157745361328125 0.457763671875
0.0129776000976562 0.0232715606689453 0.3173828125 0.025146484375
0.0272254943847656 0.00573348999023438 0.2369384765625 -0.247482299804688
0.0216140747070313 -0.0156135559082031 -0.195953369140625 0.220367431640625
0.0371475219726563 0.00743865966796875 -0.292144775390625 -0.0714416503906251
0.00756454467773438 0.0238094329833984 -0.136993408203125 -0.475250244140625
-0.014129638671875 0.0230121612548828 0.35662841796875 -0.57208251953125
-0.0435333251953125 0.00451278686523437 0.8134765625 0.01123046875
-0.0306396484375 -0.0242290496826172 0.59130859375 0.716552734375
0.0313701629638672 -0.00619125366210938 0.00598144531250003 0.603515625
0.0357894897460938 0.0178298950195313 0.03680419921875 0.0371780395507813
0.0235633850097656 0.00508880615234375 0.0155639648437499 -0.62408447265625
-0.00359344482421875 -0.02374267578125 -0.63153076171875 -0.6676025390625
-0.0294132232666016 -0.0178680419921875 -0.84344482421875 0.16595458984375
-0.0209407806396484 0.00753593444824219 -0.26519775390625 0.65045166015625
-0.00125694274902344 0.0144538879394531 0.178680419921875 0.45013427734375
0.0142040252685547 0.0227470397949219 0.323516845703125 0.01446533203125
0.0269412994384766 0.00610733032226563 0.2364501953125 -0.2515869140625
0.0212345123291016 -0.0167255401611328 -0.195770263671875 0.21820068359375
0.0361213684082031 0.00500869750976563 -0.287445068359375 -0.07647705078125
0.00702857971191406 0.0196075439453125 -0.126190185546875 -0.479522705078125
-0.0149402618408203 0.0217552185058594 0.375396728515625 -0.56195068359375
-0.0436744689941406 0.00349807739257812 0.8187255859375 0.03399658203125
-0.0323734283447266 -0.0300083160400391 0.57672119140625 0.73419189453125
0.0313758850097656 -0.0169696807861328 -0.00518798828124998 0.60076904296875
0.040283203125 0.0046234130859375 0.0346717834472656 0.0315513610839844
0.0225582122802734 -0.00527763366699219 0.000427246093750063 -0.62335205078125
-0.00766563415527343 -0.0266704559326172 -0.64874267578125 -0.64532470703125
-0.0290012359619141 -0.0170688629150391 -0.8331298828125 0.19366455078125
-0.0208816528320313 0.00641059875488281 -0.24298095703125 0.65716552734375
-0.00162506103515625 0.0104351043701172 0.19158935546875 0.44586181640625
0.0130233764648438 0.0198822021484375 0.32843017578125 0.009429931640625
0.0266284942626953 0.00416755676269531 0.237640380859375 -0.25079345703125
0.0177841186523438 -0.0198764801025391 -0.1959228515625 0.218994140625
0.0344066619873047 -3.4332275390625E-05 -0.2861328125 -0.076934814453125
0.00689220428466797 0.0142173767089844 -0.121826171875 -0.47686767578125
-0.0123577117919922 0.0202522277832031 0.381561279296875 -0.560546875
-0.04156494140625 0.00355148315429688 0.824951171875 0.04266357421875
-0.0334892272949219 -0.0350437164306641 0.5711669921875 0.738037109375
0.0303096771240234 -0.0285530090332031 -0.0101318359375 0.6026611328125
0.0443916320800781 -0.00875473022460938 0.0325126647949219 0.0324459075927734
0.0207080841064453 -0.0159511566162109 -0.00537109374999998 -0.62054443359375
-0.00935173034667968 -0.0302257537841797 -0.65582275390625 -0.6346435546875
-0.0271396636962891 -0.0169506072998047 -0.82867431640625 0.20172119140625
-0.0193252563476562 0.00455665588378906 -0.23333740234375 0.66192626953125
-0.00300168991088867 0.00521516799926758 0.19732666015625 0.44757080078125
0.0103340148925781 0.0157337188720703 0.33050537109375 0.00897216796875
0.0234413146972656 0.00133514404296875 0.23974609375 -0.249008178710938
0.0128879547119141 -0.0243797302246094 -0.195907592773437 0.221023559570313
0.0323619842529297 -0.00642585754394531 -0.288177490234375 -0.071533203125
0.00472784042358398 0.00674819946289063 -0.12933349609375 -0.472076416015625
-0.00781059265136719 0.0175104141235352 0.37255859375 -0.5614013671875
-0.0355033874511719 0.0040130615234375 0.821533203125 0.031982421875
-0.0348625183105469 -0.0380935668945313 0.58038330078125 0.73150634765625
0.0285987854003906 -0.03955078125 -0.00762939453125005 0.60626220703125
0.046661376953125 -0.0213241577148438 0.029876708984375 0.0393714904785156
0.0190238952636719 -0.0250167846679688 0.00164794921874999 -0.61737060546875
-0.00948715209960937 -0.0322818756103516 -0.64361572265625 -0.64593505859375
-0.0226707458496094 -0.0185947418212891 -0.83319091796875 0.19085693359375
-0.0164728164672852 0.000722885131835935 -0.2408447265625 0.66162109375
-0.00478601455688477 -0.00139236450195312 0.193939208984375 0.454376220703125
0.00687599182128906 0.0105037689208984 0.33038330078125 0.01373291015625
0.019134521484375 -0.00301170349121094 0.24176025390625 -0.247909545898438
0.00880813598632813 -0.0289535522460938 -0.195907592773438 0.220947265625
0.028289794921875 -0.0128288269042969 -0.291107177734375 -0.064239501953125
0.00356221199035644 -6.74724578857422E-05 -0.139404296875 -0.4654541015625
-0.00175952911376953 0.0151300430297852 0.3553466796875 -0.571533203125
-0.028045654296875 0.0055999755859375 0.82379150390625 0.00421142578125
-0.035247802734375 -0.0389747619628906 0.60308837890625 0.7127685546875
0.0259246826171875 -0.0471458435058594 0.00732421875000006 0.6109619140625
0.0473899841308594 -0.0309181213378906 0.0272979736328125 0.0503883361816406
0.0177974700927734 -0.0311546325683594 0.0133056640625001 -0.6102294921875
-0.00741958618164063 -0.033416748046875 -0.6297607421875 -0.66412353515625
-0.0164756774902344 -0.0199508666992188 -0.84417724609375 0.1658935546875
-0.0136251449584961 -0.00299072265625 -0.26214599609375 0.6605224609375
-0.00642681121826172 -0.00791788101196289 0.180755615234375 0.465362548828125
0.00212669372558594 0.00578165054321289 0.327728271484375 0.02294921875
0.0153875350952148 -0.00673294067382812 0.241668701171875 -0.243453979492188
0.0142307281494141 -0.0220451354980469 -0.195571899414063 0.221267700195313
0.0300540924072266 1.71661376953125E-05 -0.309356689453125 -0.04046630859375
0.00639629364013672 0.0168857574462891 -0.19512939453125 -0.448333740234375
-0.00104904174804688 0.0194339752197266 0.25897216796875 -0.6146240234375
-0.0271739959716797 0.0102615356445313 0.781005859375 -0.1153564453125
-0.0248508453369141 -0.0131282806396484 0.67645263671875 0.6064453125
0.0265464782714844 0.00321006774902344 0.0770263671875 0.6016845703125
0.0239677429199219 0.0295886993408203 0.03826904296875 0.0727691650390625
0.0228023529052734 0.0184001922607422 0.0740966796874999 -0.600830078125
0.0106210708618164 -0.014307975769043 -0.5531005859375 -0.748046875
-0.0132923126220703 -0.0198001861572266 -0.8779296875 0.0462646484375002
-0.0152511596679688 0.00145530700683594 -0.3533935546875 0.61602783203125
-0.00394821166992188 0.0110044479370117 0.11737060546875 0.4769287109375
0.00809478759765625 0.0181427001953125 0.3006591796875 0.04595947265625
0.0219879150390625 0.000478744506835938 0.232559204101563 -0.24163818359375
0.0170249938964844 -0.0181179046630859 -0.191787719726563 0.221954345703125
0.0344867706298828 0.00391006469726563 -0.302276611328125 -0.050201416015625
0.00830268859863281 0.0218124389648438 -0.175201416015625 -0.456634521484375
-0.0065765380859375 0.0226764678955078 0.29119873046875 -0.60076904296875
-0.0349617004394531 0.00787353515624999 0.78863525390625 -0.07318115234375
-0.0269126892089844 -0.0150737762451172 0.6444091796875 0.64581298828125
0.0288200378417969 0.00414466857910156 0.05169677734375 0.601806640625
0.027557373046875 0.0305042266845703 0.0382003784179687 0.0601959228515625
0.0237922668457031 0.0176563262939453 0.0540771484374999 -0.61114501953125
0.00594711303710937 -0.0158281326293945 -0.57904052734375 -0.71923828125
-0.0212554931640625 -0.0195274353027344 -0.86456298828125 0.0904541015625
-0.0186214447021484 0.00436592102050781 -0.32177734375 0.62567138671875
-0.00289154052734375 0.0151805877685547 0.1383056640625 0.464141845703125
0.0117073059082031 0.0220413208007813 0.307952880859375 0.033111572265625
0.0240478515625 0.00363349914550781 0.230865478515625 -0.247894287109375
0.0210609436035156 -0.0159568786621094 -0.193832397460937 0.219970703125
0.0363082885742188 0.0070953369140625 -0.296356201171875 -0.06048583984375
0.00864219665527344 0.0242156982421875 -0.157958984375 -0.4669189453125
-0.0110149383544922 0.0236663818359375 0.322021484375 -0.5875244140625
-0.0394363403320312 0.00714111328125 0.80126953125 -0.03326416015625
-0.0285720825195313 -0.01849365234375 0.62109375 0.67486572265625
0.0285148620605469 0.000143051147460938 0.03173828125 0.5982666015625
0.0306224822998047 0.0256404876708984 0.0374183654785156 0.0468215942382813
0.0248050689697266 0.0127277374267578 0.03167724609375 -0.61419677734375
0.00181007385253906 -0.0195178985595703 -0.6109619140625 -0.6856689453125
-0.0262355804443359 -0.0183334350585938 -0.85113525390625 0.134765625
-0.0206680297851563 0.00663185119628906 -0.28729248046875 0.6387939453125
-0.00128841400146484 0.0160179138183594 0.160491943359375 0.45623779296875
0.0137062072753906 0.0230064392089844 0.31451416015625 0.022979736328125
0.0272979736328125 0.00500106811523438 0.232818603515625 -0.247802734375
0.0207595825195312 -0.0154762268066406 -0.192001342773438 0.220382690429687
0.037200927734375 0.00646209716796875 -0.290191650390625 -0.068267822265625
0.00870513916015625 0.0240058898925781 -0.14166259765625 -0.472564697265625
-0.0138187408447266 0.0240573883056641 0.34954833984375 -0.57196044921875
-0.0432052612304688 0.00498199462890625 0.8099365234375 0.00482177734375
-0.0302753448486328 -0.0232810974121094 0.592529296875 0.705322265625
0.0305061340332031 -0.00720596313476563 0.00952148437500006 0.5989990234375
0.0352516174316406 0.0175132751464844 0.0366477966308594 0.0379867553710938
0.023651123046875 0.00446891784667969 0.0103759765625 -0.61749267578125
-0.00339889526367187 -0.0230331420898438 -0.63134765625 -0.65814208984375
-0.0294284820556641 -0.0181713104248047 -0.83734130859375 0.17169189453125
-0.0205612182617187 0.00725555419921875 -0.25811767578125 0.64801025390625
-0.000881195068359375 0.0142440795898438 0.17950439453125 0.446258544921875
0.0143852233886719 0.0225257873535156 0.321075439453125 0.0123291015625
0.0267734527587891 0.00528144836425781 0.232192993164063 -0.252151489257813
0.0202674865722656 -0.0173301696777344 -0.192672729492188 0.2188720703125
0.0364913940429688 0.00398635864257813 -0.286895751953125 -0.07342529296875
0.00710296630859375 0.0201339721679688 -0.13037109375 -0.4755859375
-0.0143661499023437 0.0228862762451172 0.366729736328125 -0.56219482421875
-0.0442619323730469 0.00403976440429688 0.81585693359375 0.0286865234375
-0.0318603515625 -0.0291919708251953 0.57861328125 0.7236328125
0.0302829742431641 -0.0178470611572266 -0.00311279296875006 0.59637451171875
0.0402412414550781 0.0048370361328125 0.0346889495849609 0.0318603515625
0.0223407745361328 -0.00517082214355469 -0.00378417968750003 -0.6177978515625
-0.00722503662109375 -0.0266914367675781 -0.65032958984375 -0.63494873046875
-0.02960205078125 -0.0170154571533203 -0.8271484375 0.1988525390625
-0.02001953125 0.00675392150878906 -0.23516845703125 0.6558837890625
-0.00156593322753906 0.0108966827392578 0.1943359375 0.44281005859375
0.0134544372558594 0.0199165344238281 0.3255615234375 0.005645751953125
0.0260696411132812 0.00369071960449219 0.234283447265625 -0.250396728515625
0.0169944763183594 -0.0201530456542969 -0.1922607421875 0.218734741210938
0.0343723297119141 -0.000934600830078125 -0.2852783203125 -0.0734252929687501
0.00621223449707031 0.014256477355957 -0.1265869140625 -0.4736328125
-0.0122222900390625 0.0206108093261719 0.373748779296875 -0.558319091796875
-0.040985107421875 0.0036773681640625 0.8177490234375 0.03546142578125
-0.0341415405273438 -0.0345134735107422 0.573486328125 0.72772216796875
0.0294704437255859 -0.0296363830566406 -0.00726318359375004 0.59747314453125
0.0442581176757813 -0.00986862182617188 0.0327701568603516 0.0330123901367188
0.0205650329589844 -0.0157718658447266 -0.0103759765625 -0.6148681640625
-0.00901031494140625 -0.0296478271484375 -0.65380859375 -0.62744140625
-0.0278301239013672 -0.0173320770263672 -0.8228759765625 0.2086181640625
-0.0186347961425781 0.00446128845214844 -0.22796630859375 0.65997314453125
-0.00236749649047852 0.005218505859375 0.197906494140625 0.44427490234375
0.00997066497802734 0.0158357620239258 0.32818603515625 0.006072998046875
0.0233135223388672 0.00131988525390625 0.235427856445313 -0.248703002929688
0.0122604370117188 -0.0248069763183594 -0.1923828125 0.221145629882812
0.0320491790771484 -0.00775146484375 -0.287261962890625 -0.0684814453125001
0.0053858757019043 0.00629758834838867 -0.1318359375 -0.468353271484375
-0.00688362121582031 0.0181083679199219 0.364990234375 -0.561798095703125
-0.0360450744628906 0.00397872924804687 0.81585693359375 0.0238037109375
-0.035491943359375 -0.0377998352050781 0.582275390625 0.7216796875
0.0279006958007813 -0.03961181640625 -0.00323486328124996 0.60137939453125
0.0465812683105469 -0.0218963623046875 0.0298881530761719 0.0391349792480469
0.0191917419433594 -0.0241889953613281 -0.00347900390625001 -0.61138916015625
-0.00892257690429688 -0.0320701599121094 -0.6444091796875 -0.6375732421875
-0.0228195190429687 -0.0185737609863281 -0.82550048828125 0.1966552734375
-0.0166082382202148 0.00133132934570313 -0.2333984375 0.6605224609375
-0.00539493560791016 -0.00159645080566406 0.195953369140625 0.45013427734375
0.00699710845947266 0.010380744934082 0.328155517578125 0.01153564453125
0.0191326141357422 -0.00345993041992187 0.23651123046875 -0.249649047851562
0.00759315490722656 -0.029296875 -0.192413330078125 0.221694946289062
0.0285301208496094 -0.0140342712402344 -0.289947509765625 -0.06097412109375
0.00374960899353027 -0.000164508819580078 -0.142822265625 -0.461090087890625
-0.000855445861816405 0.0154399871826172 0.34912109375 -0.56982421875
-0.0281410217285156 0.00563812255859375 0.81500244140625 -0.00140380859375
-0.0355453491210937 -0.0381546020507813 0.60479736328125 0.7017822265625
0.024871826171875 -0.0467605590820313 0.01129150390625 0.6041259765625
0.0463676452636719 -0.0305938720703125 0.0276107788085938 0.0505332946777344
0.0174446105957031 -0.0302829742431641 0.0100097656249999 -0.60498046875
-0.00733184814453125 -0.0330429077148438 -0.6295166015625 -0.65478515625
-0.0159587860107422 -0.0194683074951172 -0.83697509765625 0.17047119140625
-0.0137786865234375 -0.00365352630615234 -0.25457763671875 0.65716552734375
-0.00643682479858398 -0.00805377960205078 0.182098388671875 0.460662841796875
0.00263118743896484 0.00501775741577148 0.324615478515625 0.020782470703125
0.0141572952270508 -0.00723361968994141 0.23773193359375 -0.243545532226563
0.0133762359619141 -0.0222568511962891 -0.19207763671875 0.220748901367188
0.0307445526123047 -0.000959396362304688 -0.307861328125 -0.037261962890625
0.00693893432617188 0.0178108215332031 -0.19830322265625 -0.44366455078125
-0.000797271728515625 0.0198688507080078 0.25177001953125 -0.61279296875
-0.0269069671630859 0.00942230224609375 0.7740478515625 -0.12030029296875
-0.0249214172363281 -0.0128288269042969 0.67498779296875 0.59832763671875
0.0264472961425781 0.00306510925292969 0.0790405273437499 0.5965576171875
0.0241928100585937 0.02813720703125 0.0379867553710938 0.0733261108398438
0.0229225158691406 0.0186634063720703 0.06915283203125 -0.595947265625
0.010310173034668 -0.0135412216186523 -0.55377197265625 -0.73980712890625
-0.0134105682373047 -0.0187759399414062 -0.872314453125 0.0526123046875
-0.0153732299804688 0.00171852111816406 -0.34722900390625 0.6131591796875
-0.00291252136230469 0.0113210678100586 0.119842529296875 0.473419189453125
0.00842666625976563 0.0179252624511719 0.29815673828125 0.044647216796875
0.021453857421875 1.1444091796875E-05 0.22906494140625 -0.240982055664063
0.0167160034179688 -0.0187892913818359 -0.188461303710938 0.222579956054688
0.0348300933837891 0.00257492065429688 -0.30078125 -0.046844482421875
0.008941650390625 0.0219707489013672 -0.177398681640625 -0.453094482421875
-0.00511932373046875 0.0223827362060547 0.2838134765625 -0.59808349609375
-0.0341663360595703 0.00926399230957031 0.784423828125 -0.07745361328125
-0.0265712738037109 -0.0149936676025391 0.64300537109375 0.6339111328125
0.0281791687011719 0.00361061096191406 0.0556640625 0.59674072265625
0.0271129608154297 0.0300006866455078 0.0384178161621094 0.0605506896972656
0.0241527557373047 0.0173454284667969 0.05059814453125 -0.60595703125
0.00623512268066406 -0.0155363082885742 -0.57904052734375 -0.7100830078125
-0.0213127136230469 -0.0187091827392578 -0.8583984375 0.0948486328125001
-0.0178890228271484 0.00399017333984375 -0.31402587890625 0.62335205078125
-0.00236415863037109 0.0158529281616211 0.140594482421875 0.4610595703125
0.012420654296875 0.0210952758789063 0.305694580078125 0.030853271484375
0.0240097045898438 0.00316047668457031 0.227737426757812 -0.248031616210937
0.0206565856933594 -0.0163459777832031 -0.19158935546875 0.219345092773438
0.0358543395996094 0.00540924072265625 -0.295257568359375 -0.057525634765625
0.00979232788085937 0.0243129730224609 -0.16015625 -0.462432861328125
-0.0105152130126953 0.0241565704345703 0.315185546875 -0.58648681640625
-0.040008544921875 0.00762176513671875 0.79541015625 -0.03900146484375
-0.0282211303710937 -0.0187225341796875 0.62103271484375 0.6650390625
0.0289077758789062 -0.00083160400390625 0.03363037109375 0.5936279296875
0.0301914215087891 0.0250301361083984 0.0376472473144531 0.047119140625
0.0250530242919922 0.0122737884521484 0.02728271484375 -0.60894775390625
0.00136566162109375 -0.0191364288330078 -0.61114501953125 -0.67718505859375
-0.0262451171875 -0.0179901123046875 -0.84637451171875 0.138671875
-0.0206756591796875 0.007415771484375 -0.28173828125 0.6370849609375
-0.00155258178710937 0.0168123245239258 0.162200927734375 0.45086669921875
0.0140571594238281 0.0233535766601563 0.312591552734375 0.019866943359375
0.0272159576416016 0.00472450256347656 0.229904174804688 -0.247268676757813
0.0202465057373047 -0.0163497924804688 -0.188873291015625 0.219970703125
0.0373878479003906 0.00560379028320313 -0.28955078125 -0.065948486328125
0.00920867919921875 0.0238857269287109 -0.143463134765625 -0.468902587890625
-0.0128688812255859 0.0248050689697266 0.34210205078125 -0.57232666015625
-0.0431861877441406 0.0051727294921875 0.802001953125 -0.00091552734375
-0.0297985076904297 -0.0231895446777344 0.59320068359375 0.6973876953125
0.0296859741210937 -0.00728607177734375 0.01312255859375 0.59326171875
0.0351715087890625 0.0169334411621094 0.0368385314941406 0.0381355285644531
0.0243148803710938 0.00438880920410156 0.00750732421875005 -0.611572265625
-0.00226783752441406 -0.0223541259765625 -0.63079833984375 -0.64935302734375
-0.0296745300292969 -0.0179691314697266 -0.83062744140625 0.1759033203125
-0.0203800201416016 0.00732803344726563 -0.2515869140625 0.644775390625
-0.000795364379882814 0.0154857635498047 0.181793212890625 0.443450927734375
0.0152931213378906 0.0220050811767578 0.318023681640625 0.009033203125
0.0262851715087891 0.00402069091796875 0.228729248046875 -0.251937866210938
0.0189723968505859 -0.0177078247070313 -0.18902587890625 0.218399047851563
0.0362129211425781 0.002471923828125 -0.28570556640625 -0.0701904296875
0.00864410400390625 0.0204620361328125 -0.133514404296875 -0.470458984375
-0.0131759643554687 0.022552490234375 0.360687255859375 -0.561798095703125
-0.04400634765625 0.00423049926757812 0.8096923828125 0.02178955078125
-0.0319614410400391 -0.0287990570068359 0.578857421875 0.71514892578125
0.0291652679443359 -0.0178546905517578 0.000793457031249963 0.59283447265625
0.0394401550292969 0.00408935546875 0.0343799591064453 0.0327796936035156
0.0226764678955078 -0.00537681579589844 -0.00750732421874996 -0.6116943359375
-0.00618934631347656 -0.0259780883789062 -0.6488037109375 -0.628173828125
-0.030303955078125 -0.016357421875 -0.819091796875 0.20379638671875
-0.0203285217285156 0.00644302368164062 -0.2296142578125 0.65350341796875
-0.000963211059570311 0.0115013122558594 0.19573974609375 0.439208984375
0.0138301849365234 0.0191860198974609 0.32281494140625 0.00347900390625
0.0262527465820313 0.00320243835449219 0.230987548828125 -0.2503662109375
0.0163364410400391 -0.0211429595947266 -0.1893310546875 0.218521118164063
0.0342597961425781 -0.00191116333007813 -0.2835693359375 -0.069610595703125
0.00711727142333984 0.0144710540771484 -0.128753662109375 -0.46893310546875
-0.0114822387695313 0.0210514068603516 0.36846923828125 -0.55670166015625
-0.041046142578125 0.00379180908203126 0.81353759765625 0.02935791015625
-0.0343132019042969 -0.0341510772705078 0.5755615234375 0.71771240234375
0.0283851623535156 -0.029388427734375 -0.00463867187500006 0.59246826171875
0.0431785583496094 -0.00939178466796875 0.0328388214111328 0.0334129333496094
0.0202541351318359 -0.01556396484375 -0.0131225585937499 -0.6092529296875
-0.00921440124511719 -0.0286903381347656 -0.6544189453125 -0.61737060546875
-0.0275783538818359 -0.0166244506835937 -0.81524658203125 0.21234130859375
-0.0187187194824219 0.00394630432128906 -0.220458984375 0.6568603515625
-0.00229406356811523 0.00612926483154297 0.199951171875 0.442535400390625
0.0115060806274414 0.0157747268676758 0.325103759765625 0.00390625
0.0230312347412109 0.000749588012695313 0.231918334960937 -0.249038696289063
0.0118083953857422 -0.0250167846679687 -0.188552856445313 0.220535278320313
0.0317573547363281 -0.00900650024414062 -0.28497314453125 -0.06561279296875
0.00550031661987305 0.00723934173583984 -0.134368896484375 -0.46356201171875
-0.00584220886230469 0.0192985534667969 0.36041259765625 -0.56036376953125
-0.0360832214355469 0.00452804565429688 0.81134033203125 0.01837158203125
-0.0351600646972656 -0.0373954772949219 0.5821533203125 0.7132568359375
0.0263099670410156 -0.0400314331054687 -0.000366210937500009 0.59710693359375
0.0459136962890625 -0.0221977233886719 0.0297622680664063 0.0403022766113281
0.0185642242431641 -0.0243549346923828 -0.00738525390624993 -0.60546875
-0.00920867919921875 -0.031036376953125 -0.6431884765625 -0.625732421875
-0.0231113433837891 -0.0178871154785156 -0.81854248046875 0.20001220703125
-0.0162200927734375 0.0010976791381836 -0.22857666015625 0.65771484375
-0.00467157363891602 -0.000119209289550781 0.197235107421875 0.44622802734375
0.00699901580810547 0.0107641220092773 0.325653076171875 0.008453369140625
0.0181446075439453 -0.0032501220703125 0.233245849609375 -0.248443603515625
0.00687980651855469 -0.0296707153320313 -0.18902587890625 0.22027587890625
0.0282630920410156 -0.0146694183349609 -0.288909912109375 -0.057830810546875
0.00398111343383789 -0.000383377075195313 -0.145660400390625 -0.4569091796875
-0.000250816345214843 0.0159378051757813 0.3431396484375 -0.56878662109375
-0.0279960632324219 0.00596237182617188 0.81146240234375 -0.006591796875
-0.0364112854003906 -0.0370521545410156 0.6046142578125 0.69122314453125
0.0241203308105469 -0.0471153259277344 0.0140380859374999 0.59942626953125
0.0457420349121094 -0.0309410095214844 0.0270271301269531 0.0506362915039063
0.0174961090087891 -0.0309352874755859 0.0057373046875 -0.6004638671875
-0.0070648193359375 -0.0324058532714844 -0.62811279296875 -0.64599609375
-0.0170173645019531 -0.0199565887451172 -0.831298828125 0.17523193359375
-0.013117790222168 -0.00310325622558594 -0.24853515625 0.65576171875
-0.00646352767944336 -0.00755977630615234 0.183807373046875 0.4566650390625
0.00258684158325195 0.00504350662231445 0.322357177734375 0.018341064453125
0.0139074325561523 -0.00731563568115234 0.234390258789063 -0.24383544921875
0.0125503540039062 -0.0229301452636719 -0.188934326171875 0.220550537109375
0.0302581787109375 -0.00208663940429688 -0.30609130859375 -0.0343322753906249
0.00811576843261719 0.0180397033691406 -0.19854736328125 -0.438629150390625
-8.20159912109377E-05 0.0202808380126953 0.247802734375 -0.61090087890625
-0.0277042388916016 0.0102653503417969 0.76806640625 -0.1236572265625
-0.0246734619140625 -0.0125980377197266 0.6719970703125 0.59185791015625
0.0255680084228516 0.00257301330566406 0.0809936523437499 0.5916748046875
0.0238990783691406 0.0285110473632812 0.0378341674804687 0.0732421875
0.0228157043457031 0.0177421569824219 0.0670166015624999 -0.5927734375
0.0106182098388672 -0.0135688781738281 -0.55364990234375 -0.7315673828125
-0.0139541625976563 -0.0188884735107422 -0.8677978515625 0.0571289062499999
-0.0154008865356445 0.00177001953125 -0.34210205078125 0.6121826171875
-0.00306987762451172 0.0124282836914063 0.120513916015625 0.46954345703125
0.00876235961914063 0.0181007385253906 0.29620361328125 0.04205322265625
0.0210075378417969 0.000202178955078125 0.225830078125 -0.24078369140625
0.0162372589111328 -0.0186691284179688 -0.186355590820313 0.221710205078125
0.0352706909179688 0.00183486938476563 -0.29998779296875 -0.044281005859375
0.00886726379394531 0.0223255157470703 -0.17974853515625 -0.45062255859375
-0.005523681640625 0.0231876373291016 0.27947998046875 -0.5958251953125
-0.0348892211914062 0.0086669921875 0.7786865234375 -0.0810546875
-0.0265865325927734 -0.0149211883544922 0.64178466796875 0.62664794921875
0.0276947021484375 0.00280189514160156 0.0558471679687499 0.591552734375
0.0272216796875 0.0293598175048828 0.0380401611328125 0.0603294372558594
0.024139404296875 0.0171737670898438 0.04791259765625 -0.60003662109375
0.00654697418212891 -0.015568733215332 -0.57867431640625 -0.7034912109375
-0.0215396881103516 -0.0190315246582031 -0.853515625 0.0981445312500001
-0.0178127288818359 0.00490379333496093 -0.30975341796875 0.62322998046875
-0.00234603881835937 0.0157546997070313 0.1414794921875 0.4591064453125
0.0124778747558594 0.0214195251464844 0.30279541015625 0.02838134765625
0.0233592987060547 0.00304985046386719 0.22406005859375 -0.248519897460937
0.0193023681640625 -0.0169754028320312 -0.188247680664062 0.2193603515625
0.0366630554199219 0.0044097900390625 -0.294189453125 -0.0549926757812501
0.0100116729736328 0.0245532989501953 -0.162689208984375 -0.459014892578125
-0.00992393493652344 0.0247173309326172 0.30914306640625 -0.58477783203125
-0.0399589538574219 0.00747680664062499 0.7904052734375 -0.0433349609375
-0.0282688140869141 -0.0183677673339844 0.61944580078125 0.6563720703125
0.0282382965087891 -8.7738037109375E-05 0.03643798828125 0.587646484375
0.0302600860595703 0.0250740051269531 0.0377159118652344 0.0477104187011719
0.0246181488037109 0.0127887725830078 0.0242919921875 -0.602294921875
0.00194549560546875 -0.0188026428222656 -0.60986328125 -0.66827392578125
-0.0269088745117188 -0.0181007385253906 -0.83892822265625 0.14251708984375
-0.0205497741699219 0.00712394714355469 -0.27520751953125 0.635498046875
-0.000335693359375002 0.0167055130004883 0.1630859375 0.449798583984375
0.0142631530761719 0.0224571228027344 0.30975341796875 0.018035888671875
0.0271091461181641 0.00401115417480469 0.225860595703125 -0.246795654296875
0.0194969177246094 -0.0161304473876953 -0.185836791992188 0.219863891601563
0.0371932983398438 0.00390625 -0.28802490234375 -0.06317138671875
0.0094757080078125 0.0237903594970703 -0.14593505859375 -0.464599609375
-0.0127239227294922 0.0249366760253906 0.33721923828125 -0.56982421875
-0.0432929992675781 0.00540542602539063 0.7974853515625 -0.00628662109375
-0.0299491882324219 -0.0234394073486328 0.59234619140625 0.6878662109375
0.0290126800537109 -0.00747299194335938 0.01416015625 0.58953857421875
0.0348529815673828 0.0162582397460938 0.0364570617675781 0.0383758544921875
0.0242996215820313 0.00452423095703125 0.00433349609375005 -0.60675048828125
-0.00265121459960937 -0.0219917297363281 -0.630126953125 -0.642333984375
-0.0301380157470703 -0.0171966552734375 -0.8231201171875 0.17877197265625
-0.0202102661132812 0.00715255737304688 -0.24554443359375 0.6436767578125
-0.000519752502441407 0.0154848098754883 0.183807373046875 0.439971923828125
0.0159130096435547 0.0222110748291016 0.316314697265625 0.007171630859375
0.0261955261230469 0.00385284423828125 0.225433349609375 -0.25140380859375
0.0183906555175781 -0.01800537109375 -0.186599731445312 0.217666625976563
0.0362586975097656 0.00136947631835938 -0.28411865234375 -0.0682373046875001
0.00907325744628906 0.0203208923339844 -0.135101318359375 -0.467376708984375
-0.0130863189697266 0.0232486724853516 0.3558349609375 -0.560638427734375
-0.043609619140625 0.00447845458984375 0.80401611328125 0.0179443359375
-0.0319805145263672 -0.029205322265625 0.57989501953125 0.70587158203125
0.0285415649414063 -0.0181293487548828 0.00183105468749994 0.587158203125
0.0391769409179688 0.0032806396484375 0.0344791412353516 0.0331840515136719
0.0226345062255859 -0.00511932373046875 -0.00952148437499996 -0.60552978515625
-0.00592613220214844 -0.02606201171875 -0.64654541015625 -0.621826171875
-0.0300216674804687 -0.0159435272216797 -0.81396484375 0.20599365234375
-0.0196666717529297 0.00678062438964843 -0.22271728515625 0.64996337890625
-0.00115108489990234 0.0115184783935547 0.196685791015625 0.436370849609375
0.0142841339111328 0.0190181732177734 0.320037841796875 0.0015869140625
0.0256366729736328 0.00243186950683594 0.226791381835938 -0.249618530273438
0.0154819488525391 -0.0210857391357422 -0.185546875 0.21844482421875
0.0343742370605469 -0.00344467163085938 -0.282501220703125 -0.0675659179687501
0.00754261016845703 0.0143423080444336 -0.131866455078125 -0.4654541015625
-0.0107173919677734 0.0210971832275391 0.362274169921875 -0.555633544921875
-0.041473388671875 0.00372695922851563 0.80706787109375 0.025634765625
-0.0335826873779297 -0.0341835021972656 0.57501220703125 0.7105712890625
0.027923583984375 -0.0297222137451172 -0.00280761718749998 0.58856201171875
0.0426826477050781 -0.009735107421875 0.0316200256347656 0.0343208312988281
0.0204448699951172 -0.0159568786621094 -0.0148925781250001 -0.60394287109375
-0.00896835327148438 -0.0282440185546875 -0.65032958984375 -0.61053466796875
-0.0280780792236328 -0.0165119171142578 -0.80914306640625 0.214599609375
-0.0187015533447266 0.00432205200195312 -0.21551513671875 0.6549072265625
-0.00223541259765625 0.00660848617553711 0.201171875 0.438446044921875
0.0114212036132813 0.0156497955322266 0.3221435546875 0.00164794921875
0.0227527618408203 -0.000812530517578125 0.228546142578125 -0.248291015625
0.0107746124267578 -0.0253334045410156 -0.185531616210937 0.22027587890625
0.0316696166992188 -0.0100555419921875 -0.2845458984375 -0.0631103515624999
0.00610923767089844 0.00680971145629883 -0.13720703125 -0.4609375
-0.00532722473144531 0.0190792083740234 0.353973388671875 -0.55938720703125
-0.0361175537109375 0.00374984741210938 0.803955078125 0.01361083984375
-0.0352210998535156 -0.0368919372558594 0.5819091796875 0.7039794921875
0.0256881713867188 -0.0399856567382813 0.00103759765624996 0.59124755859375
0.0454750061035156 -0.02252197265625 0.0295295715332031 0.0406379699707031
0.0186691284179688 -0.0246181488037109 -0.00805664062500001 -0.59918212890625
-0.00850677490234375 -0.0303802490234375 -0.643798828125 -0.62005615234375
-0.0238666534423828 -0.0172004699707031 -0.8140869140625 0.203857421875
-0.0160951614379883 0.000927925109863281 -0.22149658203125 0.65496826171875
-0.00455331802368164 0.000432968139648438 0.198760986328125 0.443023681640625
0.00759601593017578 0.0100622177124023 0.32244873046875 0.006561279296875
0.0181751251220703 -0.00342941284179688 0.229904174804688 -0.247970581054688
0.00645065307617187 -0.0292930603027344 -0.185379028320313 0.220352172851563
0.0280094146728516 -0.0158233642578125 -0.2872314453125 -0.0552978515624999
0.00408577919006348 -0.00063633918762207 -0.146881103515625 -0.452972412109375
0.000292778015136718 0.0161256790161133 0.33526611328125 -0.56719970703125
-0.028472900390625 0.00558662414550781 0.80462646484375 -0.01092529296875
-0.0358352661132812 -0.0370903015136719 0.60321044921875 0.6837158203125
0.0230293273925781 -0.0468635559082031 0.0153808593750001 0.594482421875
0.0447616577148438 -0.0315284729003906 0.0278968811035156 0.0510025024414063
0.0170536041259766 -0.0302772521972656 0.00421142578124996 -0.5947265625
-0.00646781921386719 -0.0319328308105469 -0.62823486328125 -0.638671875
-0.0168571472167969 -0.0194091796875 -0.82464599609375 0.1788330078125
-0.0137863159179688 -0.00319671630859375 -0.24212646484375 0.65380859375
-0.00611400604248047 -0.00636863708496094 0.18634033203125 0.45330810546875
0.00336694717407227 0.00496578216552734 0.319549560546875 0.01568603515625
0.0137014389038086 -0.00753974914550781 0.230178833007813 -0.24365234375
0.0127544403076172 -0.0228767395019531 -0.186676025390625 0.219345092773438
0.0298576354980469 -0.00265693664550781 -0.30426025390625 -0.032867431640625
0.00815677642822266 0.0175132751464844 -0.200103759765625 -0.436614990234375
0.000303268432617186 0.0212554931640625 0.24468994140625 -0.60845947265625
-0.0270462036132813 0.010345458984375 0.76300048828125 -0.12481689453125
-0.0243492126464844 -0.0116386413574219 0.6717529296875 0.58306884765625
0.0248699188232422 0.00233840942382813 0.0814208984375 0.588134765625
0.0238151550292969 0.027557373046875 0.037689208984375 0.0732421875
0.0229053497314453 0.0176219940185547 0.0640869140624999 -0.58544921875
0.011439323425293 -0.01312255859375 -0.5521240234375 -0.7265625
-0.0146465301513672 -0.0186634063720703 -0.86126708984375 0.06024169921875
-0.0149421691894531 0.00145912170410156 -0.3369140625 0.60980224609375
-0.00245285034179687 0.0126314163208008 0.12298583984375 0.468170166015625
0.00927543640136719 0.0179824829101563 0.293548583984375 0.041107177734375
0.0214080810546875 -0.000661849975585937 0.223175048828125 -0.2393798828125
0.014892578125 -0.0191745758056641 -0.184478759765625 0.220428466796875
0.0350208282470703 0.0008697509765625 -0.298004150390625 -0.042388916015625
0.00865364074707031 0.0218868255615234 -0.182403564453125 -0.444671630859375
-0.00474357604980469 0.0224456787109375 0.275634765625 -0.59527587890625
-0.0349235534667969 0.00864410400390626 0.7733154296875 -0.0849609375
-0.0268211364746094 -0.0142307281494141 0.63897705078125 0.6197509765625
0.0271282196044922 0.00251388549804688 0.0560302734375 0.58721923828125
0.0267982482910156 0.029052734375 0.0381126403808594 0.0609397888183594
0.0243148803710938 0.0165290832519531 0.0470581054687501 -0.59490966796875
0.00682258605957031 -0.0154352188110352 -0.577880859375 -0.6966552734375
-0.021820068359375 -0.0183582305908203 -0.846923828125 0.10003662109375
-0.0178623199462891 0.00420951843261719 -0.30645751953125 0.62060546875
-0.00170326232910156 0.0167388916015625 0.142578125 0.45477294921875
0.0129566192626953 0.0216903686523437 0.30120849609375 0.027740478515625
0.0233573913574219 0.00242233276367188 0.221206665039062 -0.24713134765625
0.0191097259521484 -0.0173892974853516 -0.18603515625 0.217483520507813
0.0361366271972656 0.00363922119140625 -0.2928466796875 -0.053558349609375
0.0103683471679688 0.0245113372802734 -0.1641845703125 -0.4566650390625
-0.00930404663085937 0.0252208709716797 0.30609130859375 -0.58428955078125
-0.0398483276367187 0.0074310302734375 0.78387451171875 -0.04595947265625
-0.0279045104980469 -0.0180797576904297 0.61688232421875 0.6500244140625
0.0274600982666016 -0.000997543334960938 0.0369262695312501 0.58331298828125
0.0300521850585938 0.0247955322265625 0.0379180908203125 0.0488395690917969
0.0242805480957031 0.0119113922119141 0.0234985351562499 -0.59771728515625
0.00248336791992187 -0.0183181762695313 -0.60797119140625 -0.6627197265625
-0.0266704559326172 -0.01776123046875 -0.83477783203125 0.14581298828125
-0.02081298828125 0.0067901611328125 -0.272216796875 0.6326904296875
-0.000963211059570314 0.0171127319335938 0.163909912109375 0.448089599609375
0.015167236328125 0.0228538513183594 0.30731201171875 0.016571044921875
0.0263671875 0.00362014770507812 0.224258422851563 -0.246536254882812
0.0186786651611328 -0.01702880859375 -0.183563232421875 0.219009399414062
0.0375022888183594 0.00379562377929688 -0.28662109375 -0.0609130859374999
0.0105190277099609 0.0233402252197266 -0.1473388671875 -0.46075439453125
-0.0117321014404297 0.0250911712646484 0.3326416015625 -0.5687255859375
-0.0431098937988281 0.00548553466796876 0.7919921875 -0.0079345703125
-0.0297660827636719 -0.0228214263916016 0.59130859375 0.68170166015625
0.0283889770507812 -0.0076141357421875 0.0155029296875 0.58416748046875
0.0345001220703125 0.0154361724853516 0.036285400390625 0.0390052795410156
0.0240745544433594 0.00428009033203125 0.00457763671874999 -0.60162353515625
-0.002532958984375 -0.0216808319091797 -0.62811279296875 -0.63720703125
-0.0301666259765625 -0.0169734954833984 -0.8187255859375 0.1812744140625
-0.0201854705810547 0.00735282897949218 -0.24212646484375 0.6414794921875
-0.000502586364746093 0.0157556533813477 0.183380126953125 0.43804931640625
0.0159282684326172 0.0219802856445313 0.313018798828125 0.006011962890625
0.0258522033691406 0.00365638732910156 0.222991943359375 -0.251068115234375
0.0177497863769531 -0.0179805755615234 -0.183364868164063 0.217041015625
0.0362892150878906 0.000957489013671875 -0.282745361328125 -0.065521240234375
0.00919151306152344 0.0196075439453125 -0.136566162109375 -0.463958740234375
-0.0124473571777344 0.0235614776611328 0.352783203125 -0.558868408203125
-0.0436515808105469 0.00486373901367188 0.79815673828125 0.01434326171875
-0.0319709777832031 -0.0287742614746094 0.5780029296875 0.69757080078125
0.0281944274902344 -0.0181713104248047 0.00268554687499995 0.58221435546875
0.0385780334472656 0.00347137451171875 0.0344467163085938 0.0333614349365234
0.0223388671875 -0.00633621215820313 -0.01080322265625 -0.60137939453125
-0.00579261779785157 -0.0252437591552734 -0.64306640625 -0.61468505859375
-0.0306644439697266 -0.0162277221679688 -0.8079833984375 0.2095947265625
-0.0201320648193359 0.0068817138671875 -0.219482421875 0.64825439453125
-0.000837326049804689 0.0115213394165039 0.197723388671875 0.43408203125
0.0151691436767578 0.0190753936767578 0.317138671875 0.000579833984375001
0.02520751953125 0.00204849243164063 0.224716186523437 -0.249862670898437
0.0155258178710938 -0.0215625762939453 -0.183013916015625 0.217453002929688
0.0341434478759766 -0.00415992736816406 -0.2818603515625 -0.0655517578125
0.00860309600830078 0.0146427154541016 -0.132843017578125 -0.4627685546875
-0.0101661682128906 0.0216331481933594 0.357818603515625 -0.5548095703125
-0.0407943725585938 0.00400543212890625 0.8026123046875 0.02288818359375
-0.0340576171875 -0.0331687927246094 0.57257080078125 0.70257568359375
0.0267314910888672 -0.0293312072753906 -0.00109863281249994 0.58343505859375
0.0426559448242188 -0.0101852416992188 0.0320377349853516 0.0343971252441406
0.0200634002685547 -0.0158748626708984 -0.0178833007812501 -0.59820556640625
-0.00848388671875 -0.0279140472412109 -0.64892578125 -0.60565185546875
-0.0283584594726563 -0.0162448883056641 -0.80401611328125 0.21734619140625
-0.018768310546875 0.00425148010253906 -0.2103271484375 0.6533203125
-0.00193548202514648 0.00664234161376953 0.2022705078125 0.43560791015625
0.0116605758666992 0.0153751373291016 0.31964111328125 0.000793457031250001
0.0223808288574219 -0.00054931640625 0.225509643554688 -0.248336791992187
0.0100669860839844 -0.0249347686767578 -0.1827392578125 0.219268798828125
0.0321502685546875 -0.0105247497558594 -0.282470703125 -0.061492919921875
0.00647401809692383 0.00654983520507813 -0.13775634765625 -0.4569091796875
-0.00505256652832031 0.0190792083740234 0.351104736328125 -0.55712890625
-0.0355339050292969 0.004608154296875 0.79998779296875 0.01141357421875
-0.035369873046875 -0.0367965698242188 0.580322265625 0.69683837890625
0.0248641967773438 -0.0402374267578125 0.00207519531250002 0.58746337890625
0.0442619323730469 -0.0224533081054688 0.03021240234375 0.0410423278808594
0.0183582305908203 -0.0238533020019531 -0.00982666015625005 -0.594970703125
-0.00816535949707031 -0.0305538177490234 -0.63873291015625 -0.61444091796875
-0.0239944458007813 -0.0173454284667969 -0.80731201171875 0.205810546875
-0.0164499282836914 0.000935554504394528 -0.21746826171875 0.65374755859375
-0.00394225120544434 0.000413894653320312 0.20050048828125 0.440185546875
0.0081186294555664 0.0101518630981445 0.32025146484375 0.005462646484375
0.0176181793212891 -0.00412559509277344 0.227859497070312 -0.246917724609375
0.00540924072265625 -0.0297870635986328 -0.183029174804687 0.220199584960938
0.027679443359375 -0.0167274475097656 -0.28564453125 -0.0538330078125
0.00508260726928711 -0.000360488891601563 -0.1488037109375 -0.450653076171875
0.000689506530761717 0.0163564682006836 0.3331298828125 -0.564697265625
-0.0284976959228516 0.00603675842285156 0.79852294921875 -0.0147705078125
-0.0356864929199219 -0.0367279052734375 0.602783203125 0.67755126953125
0.0222549438476562 -0.0466346740722656 0.0170898437499999 0.589599609375
0.0447120666503906 -0.0315475463867188 0.0275840759277344 0.051544189453125
0.0166664123535156 -0.0304775238037109 0.00219726562499996 -0.5887451171875
-0.00626373291015625 -0.0321483612060547 -0.62518310546875 -0.6322021484375
-0.0173702239990234 -0.0191078186035156 -0.8173828125 0.18023681640625
-0.013458251953125 -0.00347328186035156 -0.23797607421875 0.651123046875
-0.00574111938476562 -0.00564718246459961 0.186737060546875 0.451812744140625
0.00358438491821289 0.00441074371337891 0.317413330078125 0.014312744140625
0.0129718780517578 -0.00764369964599609 0.227569580078125 -0.243255615234375
0.0115013122558594 -0.0234889984130859 -0.18524169921875 0.219284057617188
0.0307216644287109 -0.00347518920898438 -0.303375244140625 -0.0318908691406251
0.00874519348144531 0.0179462432861328 -0.19976806640625 -0.4339599609375
0.000795364379882812 0.0209369659423828 0.24163818359375 -0.609130859375
-0.0278148651123047 0.0103359222412109 0.7581787109375 -0.1263427734375
-0.0249462127685547 -0.0120315551757812 0.66802978515625 0.57861328125
0.0239715576171875 0.00211715698242188 0.08123779296875 0.58367919921875
0.0234203338623047 0.0280475616455078 0.03778076171875 0.0736312866210937
0.0226650238037109 0.0179824829101562 0.06573486328125 -0.581787109375
0.0111207962036133 -0.0125665664672852 -0.5498046875 -0.72021484375
-0.0147590637207031 -0.0182170867919922 -0.857666015625 0.06201171875
-0.0158853530883789 0.000762939453125001 -0.3338623046875 0.60791015625
-0.00283241271972656 0.0126552581787109 0.12249755859375 0.466796875
0.00934600830078125 0.0184860229492187 0.292236328125 0.0401611328125
0.0207195281982422 -0.000684738159179688 0.2210693359375 -0.238983154296875
0.0139236450195313 -0.0194358825683594 -0.18231201171875 0.220458984375
0.0350685119628906 0.00018310546875 -0.297332763671875 -0.0411376953125
0.0101089477539063 0.022125244140625 -0.181854248046875 -0.444915771484375
-0.00415802001953125 0.0233268737792969 0.2725830078125 -0.59332275390625
-0.0345401763916016 0.00883483886718751 0.76885986328125 -0.085205078125
-0.0265655517578125 -0.0140590667724609 0.63690185546875 0.615234375
0.0265407562255859 0.00228500366210938 0.05743408203125 0.58355712890625
0.0264739990234375 0.02825927734375 0.0380363464355469 0.0613327026367188
0.0242996215820313 0.0171909332275391 0.0465698242187501 -0.5902099609375
0.0069427490234375 -0.0146894454956055 -0.5726318359375 -0.69140625
-0.0224704742431641 -0.0185184478759766 -0.843994140625 0.10113525390625
-0.0177860260009766 0.0046844482421875 -0.3017578125 0.6170654296875
-0.00170803070068359 0.0163288116455078 0.142791748046875 0.454864501953125
0.0130882263183594 0.0218048095703125 0.298675537109375 0.0262451171875
0.0224742889404297 0.00237655639648438 0.220382690429688 -0.24652099609375
0.0181541442871094 -0.0181331634521484 -0.183700561523438 0.217117309570312
0.03570556640625 0.0022125244140625 -0.29205322265625 -0.05206298828125
0.0110607147216797 0.0246562957763672 -0.16552734375 -0.452972412109375
-0.00850486755371094 0.0253868103027344 0.302734375 -0.58184814453125
-0.0401992797851563 0.0074615478515625 0.78021240234375 -0.04815673828125
-0.0275173187255859 -0.0175189971923828 0.6156005859375 0.64459228515625
0.0271739959716797 -0.000791549682617188 0.0355224609375 0.58062744140625
0.0290298461914062 0.0239181518554687 0.0376968383789062 0.0486793518066406
0.0247154235839844 0.0118885040283203 0.0230712890624999 -0.59356689453125
0.00185203552246094 -0.0178565979003906 -0.6058349609375 -0.6595458984375
-0.0273017883300781 -0.017730712890625 -0.8299560546875 0.14727783203125
-0.0201759338378906 0.00611305236816406 -0.268798828125 0.62982177734375
0.000960350036621094 0.0173721313476563 0.16375732421875 0.445648193359375
0.0151081085205078 0.0228347778320312 0.305419921875 0.016204833984375
0.0256214141845703 0.00381088256835937 0.22186279296875 -0.246002197265625
0.0183219909667969 -0.0170822143554688 -0.181991577148438 0.217849731445312
0.0371665954589844 0.00229263305664063 -0.285186767578125 -0.059539794921875
0.0109481811523437 0.0240554809570313 -0.14825439453125 -0.458953857421875
-0.0113372802734375 0.0250167846679688 0.33001708984375 -0.5677490234375
-0.0432395935058594 0.00538253784179687 0.78717041015625 -0.009765625
-0.0291881561279297 -0.0225811004638672 0.58984375 0.67596435546875
0.0276927947998047 -0.00824356079101563 0.01446533203125 0.5792236328125
0.0342807769775391 0.0154380798339844 0.0361328125 0.0395469665527344
0.0241851806640625 0.0043182373046875 0.00329589843750006 -0.59716796875
-0.00166893005371094 -0.0215225219726563 -0.62628173828125 -0.63250732421875
-0.0302391052246094 -0.0167713165283203 -0.81414794921875 0.18115234375
-0.0207157135009766 0.00688743591308593 -0.2391357421875 0.6396484375
-4.76837158203036E-06 0.016331672668457 0.18402099609375 0.436676025390625
0.01641845703125 0.0222358703613281 0.311004638671875 0.005767822265625
0.0257701873779297 0.00342178344726563 0.220855712890625 -0.249649047851563
0.0173530578613281 -0.0182666778564453 -0.181671142578125 0.216323852539063
0.0362472534179688 -0.000331878662109375 -0.281341552734375 -0.0638427734375
0.00950241088867188 0.0203628540039063 -0.137939453125 -0.460723876953125
-0.01177978515625 0.0234546661376953 0.349029541015625 -0.5570068359375
-0.0439987182617188 0.00441741943359374 0.79364013671875 0.013427734375
-0.0315895080566406 -0.0279788970947266 0.57537841796875 0.6929931640625
0.027496337890625 -0.0184497833251953 0.00311279296875003 0.57867431640625
0.038238525390625 0.00319290161132813 0.0340518951416016 0.0342884063720703
0.0228633880615234 -0.00587272644042969 -0.0111083984375001 -0.59661865234375
-0.00575447082519532 -0.0253124237060547 -0.64129638671875 -0.60931396484375
-0.0305137634277344 -0.0156841278076172 -0.80377197265625 0.20989990234375
-0.0200366973876953 0.00618553161621094 -0.21759033203125 0.64764404296875
-0.000635147094726563 0.012141227722168 0.195953369140625 0.43255615234375
0.0150299072265625 0.0195980072021484 0.31585693359375 -0.000122070312499999
0.0246849060058594 0.00194931030273438 0.222137451171875 -0.248291015625
0.0141029357910156 -0.0212230682373047 -0.181137084960937 0.216339111328125
0.0344886779785156 -0.00516128540039063 -0.279815673828125 -0.064208984375
0.00835895538330078 0.0143423080444336 -0.133544921875 -0.458465576171875
-0.00894355773925781 0.0216503143310547 0.355316162109375 -0.554229736328125
-0.04095458984375 0.00381088256835938 0.79736328125 0.02093505859375
-0.0339641571044922 -0.0330410003662109 0.57183837890625 0.697265625
0.0263729095458984 -0.0303668975830078 -0.00164794921875005 0.57977294921875
0.0415534973144531 -0.0111808776855469 0.0323562622070313 0.0357475280761719
0.0208854675292969 -0.0154209136962891 -0.01580810546875 -0.59326171875
-0.00773239135742188 -0.0278129577636719 -0.645751953125 -0.6005859375
-0.0288105010986328 -0.0158481597900391 -0.8006591796875 0.218505859375
-0.0185222625732422 0.00413322448730469 -0.20867919921875 0.6522216796875
-0.00181722640991211 0.00741434097290039 0.201995849609375 0.43304443359375
0.011871337890625 0.0149803161621094 0.317718505859375 -0.000366210937499999
0.0218353271484375 -0.000814437866210938 0.2236328125 -0.246978759765625
0.00963211059570313 -0.0250148773193359 -0.18109130859375 0.218490600585938
0.0316734313964844 -0.0116653442382813 -0.281524658203125 -0.059417724609375
0.00764656066894531 0.00707149505615234 -0.138763427734375 -0.453277587890625
-0.00395965576171875 0.0192928314208984 0.3472900390625 -0.55548095703125
-0.0360183715820313 0.00447845458984374 0.79638671875 0.0096435546875
-0.035247802734375 -0.0362548828125 0.57861328125 0.6907958984375
0.0242691040039063 -0.0405426025390625 0.00152587890625001 0.5833740234375
0.0442619323730469 -0.0230941772460938 0.0300865173339844 0.041107177734375
0.0188179016113281 -0.0243034362792969 -0.01031494140625 -0.5906982421875
-0.00835037231445312 -0.0305423736572266 -0.6363525390625 -0.61016845703125
-0.0243873596191406 -0.0170516967773437 -0.8035888671875 0.20721435546875
-0.0160999298095703 0.000643730163574216 -0.215087890625 0.65081787109375
-0.00365710258483887 0.0012354850769043 0.198822021484375 0.43817138671875
0.00869274139404297 0.00971412658691406 0.318145751953125 0.00433349609375
0.017146110534668 -0.00400733947753906 0.224700927734375 -0.2467041015625
0.00476646423339844 -0.0299549102783203 -0.1807861328125 0.218551635742187
0.0282878875732422 -0.0179920196533203 -0.28424072265625 -0.051483154296875
0.00490570068359375 -7.62939453125E-06 -0.14947509765625 -0.4471435546875
0.00126934051513672 0.016047477722168 0.329833984375 -0.56475830078125
-0.0290985107421875 0.00584793090820313 0.7933349609375 -0.0162353515625
-0.035186767578125 -0.0360031127929687 0.59906005859375 0.6717529296875
0.0215072631835938 -0.0470008850097656 0.01654052734375 0.5870361328125
0.0442390441894531 -0.0311393737792969 0.0278739929199219 0.0518302917480469
0.0174160003662109 -0.0297203063964844 0.00238037109374997 -0.58343505859375
-0.00588417053222657 -0.0310096740722656 -0.62249755859375 -0.627685546875
-0.0179367065429687 -0.0185375213623047 -0.81488037109375 0.1826171875
-0.0135335922241211 -0.003326416015625 -0.23443603515625 0.64825439453125
-0.00594043731689453 -0.00609207153320312 0.1865234375 0.449951171875
0.00397586822509766 0.00497961044311523 0.315673828125 0.01416015625
0.0125560760498047 -0.00782394409179687 0.225753784179688 -0.241989135742188
0.0106182098388672 -0.0229854583740234 -0.18304443359375 0.218368530273438
0.0302162170410156 -0.00469779968261719 -0.302276611328125 -0.0307006835937499
0.0092315673828125 0.0179367065429688 -0.20172119140625 -0.431243896484375
0.0012664794921875 0.0211200714111328 0.2396240234375 -0.60601806640625
-0.0273971557617188 0.00973320007324219 0.75445556640625 -0.1278076171875
-0.0243263244628906 -0.0114879608154297 0.666015625 0.572509765625
0.0229892730712891 0.00154876708984375 0.08001708984375 0.5799560546875
0.0231208801269531 0.0271930694580078 0.0378189086914062 0.074859619140625
0.0232658386230469 0.0174884796142578 0.0634765625 -0.5784912109375
0.0118932723999023 -0.0128374099731445 -0.5462646484375 -0.71588134765625
-0.0144443511962891 -0.0181961059570313 -0.85467529296875 0.0617065429687501
-0.0155553817749023 0.00169754028320313 -0.33087158203125 0.60760498046875
-0.0013580322265625 0.0130481719970703 0.121490478515625 0.464447021484375
0.0105228424072266 0.0173988342285156 0.290771484375 0.03948974609375
0.0209293365478516 -0.00133705139160156 0.219528198242188 -0.238128662109375
0.0139083862304688 -0.0197696685791016 -0.180587768554687 0.218856811523438
0.0347385406494141 -0.00078582763671875 -0.295684814453125 -0.04052734375
0.0110015869140625 0.0227413177490234 -0.182647705078125 -0.440704345703125
-0.00350570678710938 0.0234470367431641 0.2701416015625 -0.59295654296875
-0.0353126525878906 0.0086822509765625 0.7650146484375 -0.084716796875
-0.0264492034912109 -0.0139980316162109 0.63592529296875 0.6109619140625
0.0263385772705078 0.00267219543457031 0.0559082031249999 0.57891845703125
0.0260829925537109 0.0283908843994141 0.038299560546875 0.0610580444335937
0.0248355865478516 0.0169754028320313 0.0447998046875 -0.58685302734375
0.00705242156982422 -0.0141077041625977 -0.5721435546875 -0.68798828125
-0.0218849182128906 -0.0175094604492188 -0.8377685546875 0.102294921875
-0.0184402465820313 0.00441932678222656 -0.29949951171875 0.616455078125
-0.00150680541992188 0.0166769027709961 0.143096923828125 0.452484130859375
0.0136966705322266 0.0214824676513672 0.297119140625 0.026031494140625
0.0224189758300781 0.00185585021972656 0.217864990234375 -0.245864868164063
0.0173892974853516 -0.0180397033691406 -0.182830810546875 0.215927124023438
0.0368881225585938 0.00206375122070313 -0.289947509765625 -0.050933837890625
0.0118846893310547 0.0241069793701172 -0.165985107421875 -0.450286865234375
-0.00809478759765625 0.0249538421630859 0.2994384765625 -0.58154296875
-0.0408782958984375 0.00742721557617187 0.77496337890625 -0.04833984375
-0.0281448364257813 -0.0175704956054688 0.61212158203125 0.64031982421875
0.0263328552246094 -0.00104522705078125 0.0360107421875 0.5762939453125
0.0291271209716797 0.0241622924804688 0.0372543334960937 0.0490913391113281
0.0250434875488281 0.0117282867431641 0.0233154296875 -0.58905029296875
0.00342178344726563 -0.0177707672119141 -0.60211181640625 -0.65460205078125
-0.0274848937988281 -0.0173110961914063 -0.82611083984375 0.147705078125
-0.019989013671875 0.00719642639160156 -0.26666259765625 0.6300048828125
-5.72204589843658E-06 0.0180606842041016 0.163909912109375 0.443267822265625
0.0160446166992188 0.0227241516113281 0.303070068359375 0.015350341796875
0.0255508422851562 0.00259971618652344 0.220245361328125 -0.244766235351563
0.0172576904296875 -0.0176353454589844 -0.180999755859375 0.217636108398438
0.0369911193847656 0.00145339965820313 -0.28399658203125 -0.058807373046875
0.0107975006103516 0.0237236022949219 -0.1480712890625 -0.45550537109375
-0.0105228424072266 0.0250816345214844 0.32635498046875 -0.56707763671875
-0.0438423156738281 0.00604248046875 0.78253173828125 -0.01019287109375
-0.0297355651855469 -0.0220680236816406 0.58697509765625 0.67041015625
0.0277309417724609 -0.00813674926757813 0.015869140625 0.57666015625
0.0339088439941406 0.0151290893554688 0.0364227294921875 0.0395240783691406
0.0246124267578125 0.0044097900390625 0.00451660156249997 -0.5926513671875
-0.00151252746582031 -0.0209178924560547 -0.623046875 -0.6292724609375
-0.0308570861816406 -0.01617431640625 -0.809814453125 0.18267822265625
-0.0207710266113281 0.00743675231933593 -0.23773193359375 0.63800048828125
0.000320434570312501 0.0162315368652344 0.18292236328125 0.435150146484375
0.0168914794921875 0.0216579437255859 0.30859375 0.004913330078125
0.0260410308837891 0.00345420837402344 0.219528198242188 -0.24932861328125
0.0162086486816406 -0.0186996459960938 -0.180221557617188 0.21575927734375
0.0358848571777344 -0.00128555297851563 -0.280319213867188 -0.0620880126953125
0.010406494140625 0.0203437805175781 -0.139892578125 -0.458465576171875
-0.0104389190673828 0.0243816375732422 0.346466064453125 -0.5555419921875
-0.0436782836914063 0.00487518310546875 0.789306640625 0.0107421875
-0.0319118499755859 -0.0282173156738281 0.57373046875 0.68780517578125
0.0266017913818359 -0.0187110900878906 0.00250244140625001 0.57513427734375
0.0382461547851563 0.0027008056640625 0.0346794128417969 0.0348606109619141
0.0227508544921875 -0.0062255859375 -0.0123291015624999 -0.59234619140625
-0.00507545471191406 -0.0250911712646484 -0.63934326171875 -0.60540771484375
-0.0308895111083984 -0.0155239105224609 -0.80133056640625 0.210205078125
-0.0205326080322266 0.00634002685546875 -0.21484375 0.644775390625
0.000444412231445313 0.0121917724609375 0.19696044921875 0.431182861328125
0.0156803131103516 0.0191707611083984 0.3128662109375 1.17383179304778E-18
0.0240478515625 0.00175666809082031 0.221145629882813 -0.247573852539063
0.0135498046875 -0.0210723876953125 -0.180328369140625 0.2159423828125
0.0339164733886719 -0.00631332397460938 -0.2786865234375 -0.0625
0.0090789794921875 0.0139389038085938 -0.134368896484375 -0.456390380859375
-0.00834083557128906 0.021331787109375 0.352447509765625 -0.55474853515625
-0.0417518615722656 0.00458526611328126 0.79156494140625 0.01861572265625
-0.0337181091308594 -0.0327415466308594 0.56854248046875 0.692626953125
0.0257549285888672 -0.0300235748291016 -0.00128173828124994 0.5770263671875
0.0412635803222656 -0.0107269287109375 0.0316200256347656 0.0353279113769531
0.0208606719970703 -0.0156326293945313 -0.0166625976562499 -0.5892333984375
-0.00754928588867188 -0.0273799896240234 -0.6441650390625 -0.59722900390625
-0.0292720794677734 -0.0159664154052734 -0.796875 0.21783447265625
-0.0189094543457031 0.00351715087890625 -0.20623779296875 0.6485595703125
-0.00153303146362305 0.00769519805908203 0.201507568359375 0.43194580078125
0.0122547149658203 0.0151243209838867 0.315765380859375 -0.000457763671874999
0.0210494995117188 -0.000482559204101562 0.222061157226563 -0.246139526367188
0.00919151306152344 -0.0250205993652344 -0.179763793945313 0.2177734375
0.0310688018798828 -0.012298583984375 -0.280105590820313 -0.0579833984375
0.00740432739257812 0.00739336013793945 -0.1405029296875 -0.45245361328125
-0.00374794006347656 0.0191097259521484 0.343963623046875 -0.556121826171875
-0.0359764099121094 0.00472640991210938 0.79150390625 0.0081787109375
-0.0353736877441406 -0.0360031127929688 0.5758056640625 0.686279296875
0.0239906311035156 -0.0401420593261719 0.00225830078125003 0.57958984375
0.0433807373046875 -0.0228843688964844 0.0295295715332031 0.0415153503417969
0.0192356109619141 -0.0241851806640625 -0.00988769531250005 -0.5860595703125
-0.0074310302734375 -0.0294513702392578 -0.6328125 -0.6072998046875
-0.0247268676757813 -0.0170631408691406 -0.80035400390625 0.2066650390625
-0.0169601440429688 0.000564575195312497 -0.2132568359375 0.64892578125
-0.00325107574462891 0.00128054618835449 0.199371337890625 0.437164306640625
0.00906753540039063 0.00991630554199219 0.315887451171875 0.0035400390625
0.0164165496826172 -0.00390338897705078 0.223617553710937 -0.245880126953125
0.00432968139648437 -0.0291156768798828 -0.178939819335938 0.218231201171875
0.0272979736328125 -0.0189151763916016 -0.28314208984375 -0.050384521484375
0.00583267211914063 0.000132083892822266 -0.149505615234375 -0.443939208984375
0.00195026397705078 0.0161828994750977 0.3272705078125 -0.56402587890625
-0.0297470092773438 0.00645065307617188 0.790771484375 -0.017578125
-0.0352630615234375 -0.0351753234863281 0.59619140625 0.66619873046875
0.0212135314941406 -0.0470695495605469 0.01666259765625 0.58428955078125
0.0434837341308594 -0.0318031311035156 0.0279083251953125 0.0526008605957031
0.0173912048339844 -0.0301170349121094 0.00238037109374994 -0.58111572265625
-0.00551033020019531 -0.0310630798339844 -0.619384765625 -0.62335205078125
-0.0179367065429688 -0.0182571411132812 -0.81146240234375 0.18206787109375
-0.014002799987793 -0.00331878662109375 -0.23419189453125 0.646728515625
-0.00507974624633789 -0.00525093078613281 0.18658447265625 0.4490966796875
0.00403690338134766 0.00461053848266602 0.312774658203125 0.012939453125
0.0131263732910156 -0.00794410705566406 0.223373413085938 -0.24163818359375
0.0104179382324219 -0.0230503082275391 -0.183120727539063 0.21746826171875
0.0303134918212891 -0.00529098510742187 -0.30120849609375 -0.029937744140625
0.0101642608642578 0.0178432464599609 -0.20001220703125 -0.429779052734375
0.00193405151367188 0.0210170745849609 0.2373046875 -0.60516357421875
-0.0281982421875 0.0106773376464844 0.75164794921875 -0.12738037109375
-0.0242786407470703 -0.0115623474121094 0.662841796875 0.56988525390625
0.0230293273925781 0.00220680236816406 0.0794677734375001 0.5767822265625
0.0234375 0.0270748138427734 0.03778076171875 0.0746688842773437
0.0237102508544922 0.0174846649169922 0.0657348632812501 -0.57373046875
0.0124855041503906 -0.0122690200805664 -0.54510498046875 -0.71246337890625
-0.0153388977050781 -0.0183525085449219 -0.84991455078125 0.0628662109374999
-0.0161495208740234 0.00142478942871094 -0.3289794921875 0.6064453125
-0.00212192535400391 0.0137615203857422 0.123138427734375 0.46441650390625
0.0110111236572266 0.0183315277099609 0.28887939453125 0.039337158203125
0.0200538635253906 -0.00164985656738281 0.21844482421875 -0.23773193359375
0.0134029388427734 -0.0197486877441406 -0.179153442382813 0.218673706054688
0.0343818664550781 -0.00156402587890625 -0.295013427734375 -0.039337158203125
0.0109329223632813 0.0224285125732422 -0.182281494140625 -0.43902587890625
-0.00295829772949219 0.0235748291015625 0.26849365234375 -0.589111328125
-0.0351066589355469 0.00900268554687501 0.76171875 -0.0850830078125
-0.0259017944335938 -0.0141620635986328 0.63275146484375 0.60577392578125
0.0253047943115234 0.00188636779785156 0.05462646484375 0.57708740234375
0.0258865356445313 0.0281658172607422 0.037933349609375 0.0617637634277344
0.0250835418701172 0.0164813995361328 0.0458984375000001 -0.58251953125
0.00759124755859375 -0.0145092010498047 -0.570556640625 -0.68450927734375
-0.0225620269775391 -0.0181655883789062 -0.83612060546875 0.10174560546875
-0.0181598663330078 0.00424766540527344 -0.29888916015625 0.61456298828125
-0.000833511352539064 0.0177764892578125 0.143646240234375 0.45233154296875
0.0144596099853516 0.0207443237304687 0.295257568359375 0.025421142578125
0.0230216979980469 0.00164985656738281 0.216629028320313 -0.244735717773438
0.0171871185302734 -0.017481803894043 -0.18145751953125 0.216156005859375
0.0364494323730469 0.000885009765625 -0.289459228515625 -0.049835205078125
0.0114459991455078 0.0242881774902344 -0.1654052734375 -0.450164794921875
-0.0072479248046875 0.0254955291748047 0.298583984375 -0.57904052734375
-0.0401077270507813 0.00811386108398438 0.77227783203125 -0.04791259765625
-0.0273418426513672 -0.017242431640625 0.610595703125 0.63677978515625
0.0261707305908203 -0.00139045715332031 0.0355834960937501 0.57305908203125
0.0289192199707031 0.0236568450927734 0.0368690490722656 0.0493278503417969
0.0250225067138672 0.0120086669921875 0.023681640625 -0.585693359375
0.00328350067138672 -0.0174598693847656 -0.59954833984375 -0.65191650390625
-0.0277767181396484 -0.0172863006591797 -0.82244873046875 0.147705078125
-0.0204429626464844 0.00615882873535156 -0.265380859375 0.62750244140625
0.000295639038085936 0.0177459716796875 0.164031982421875 0.443145751953125
0.0165462493896484 0.0227680206298828 0.3017578125 0.015289306640625
0.0254611968994141 0.00247764587402344 0.218673706054688 -0.244369506835938
0.0170211791992188 -0.0172548294067383 -0.178817749023437 0.21624755859375
0.0369873046875 0.00093841552734375 -0.283843994140625 -0.05767822265625
0.0112552642822266 0.0238533020019531 -0.148834228515625 -0.453460693359375
-0.00991439819335938 0.0249786376953125 0.32568359375 -0.5653076171875
-0.0442733764648438 0.00568389892578126 0.779052734375 -0.01239013671875
-0.0300464630126953 -0.0220470428466797 0.5850830078125 0.6673583984375
0.0273532867431641 -0.0082855224609375 0.01519775390625 0.57281494140625
0.0338859558105469 0.0151901245117188 0.0356369018554687 0.0409469604492188
0.024749755859375 0.00376510620117188 0.00476074218749996 -0.5894775390625
-0.00132942199707031 -0.0205821990966797 -0.61962890625 -0.62548828125
-0.0308437347412109 -0.0161781311035156 -0.80865478515625 0.182373046875
-0.0208168029785156 0.00701332092285156 -0.23565673828125 0.6358642578125
0.00100326538085937 0.0168142318725586 0.183868408203125 0.43377685546875
0.0172481536865234 0.0213871002197266 0.30718994140625 0.004486083984375
0.0248298645019531 0.00333213806152344 0.218048095703125 -0.248199462890625
0.0161514282226563 -0.0183792114257813 -0.178848266601563 0.215301513671875
0.0362586975097656 -0.00226211547851562 -0.279190063476563 -0.0612945556640625
0.0103530883789063 0.0202064514160156 -0.139190673828125 -0.457122802734375
-0.0107517242431641 0.0241184234619141 0.3446044921875 -0.555267333984375
-0.0440597534179688 0.0050811767578125 0.7857666015625 0.01104736328125
-0.0312118530273437 -0.0279712677001953 0.5712890625 0.6832275390625
0.027069091796875 -0.0189762115478516 0.000671386718749988 0.572265625
0.0376014709472656 0.00254440307617188 0.0345115661621094 0.0356369018554688
0.0228652954101562 -0.00573539733886719 -0.01080322265625 -0.58984375
-0.00475502014160156 -0.0244293212890625 -0.63623046875 -0.60394287109375
-0.0314731597900391 -0.0153923034667969 -0.7977294921875 0.210693359375
-0.0205459594726563 0.00642013549804687 -0.21331787109375 0.64361572265625
0.000329017639160155 0.0133943557739258 0.19683837890625 0.4300537109375
0.0157394409179688 0.0188407897949219 0.311676025390625 -0.000946044921874999
0.0244865417480469 0.00224113464355469 0.2198486328125 -0.246307373046875
0.0130043029785156 -0.0210456848144531 -0.178634643554687 0.214981079101563
0.0336971282958984 -0.00682258605957031 -0.278640747070313 -0.0615081787109375
0.00945949554443359 0.0147380828857422 -0.134033203125 -0.4549560546875
-0.00813865661621094 0.0217647552490234 0.350799560546875 -0.55224609375
-0.0418853759765625 0.004791259765625 0.78814697265625 0.01800537109375
-0.0329685211181641 -0.0322704315185547 0.5667724609375 0.68817138671875
0.0252342224121094 -0.0300121307373047 -0.00299072265624995 0.57318115234375
0.041107177734375 -0.0111083984375 0.0322685241699219 0.0363044738769531
0.0211238861083984 -0.0155830383300781 -0.01605224609375 -0.58673095703125
-0.0066680908203125 -0.0267391204833984 -0.64068603515625 -0.5943603515625
-0.0294895172119141 -0.0151176452636719 -0.79345703125 0.2178955078125
-0.0194511413574219 0.00375938415527344 -0.204833984375 0.6470947265625
-0.00127029418945312 0.00790834426879883 0.200531005859375 0.430419921875
0.0131025314331055 0.0142717361450195 0.314453125 -0.001434326171875
0.0214424133300781 -0.000865936279296875 0.2208251953125 -0.245376586914062
0.00814247131347656 -0.0247879028320312 -0.178390502929688 0.216949462890625
0.0313549041748047 -0.0134429931640625 -0.279144287109375 -0.05657958984375
0.00734329223632812 0.00744056701660156 -0.140289306640625 -0.4500732421875
-0.00293731689453125 0.0197906494140625 0.341888427734375 -0.5531005859375
-0.0358200073242188 0.00478744506835937 0.78759765625 0.00811767578125
-0.035247802734375 -0.03546142578125 0.57427978515625 0.68316650390625
0.0236053466796875 -0.0400123596191406 0.00183105468749995 0.57733154296875
0.0434989929199219 -0.0230522155761719 0.0294990539550781 0.042633056640625
0.0192794799804688 -0.0246315002441406 -0.00921630859374999 -0.583251953125
-0.0069580078125 -0.0302810668945313 -0.6329345703125 -0.6055908203125
-0.0248603820800781 -0.0170097351074219 -0.7958984375 0.2071533203125
-0.0167617797851563 0.000741958618164061 -0.2125244140625 0.6484375
-0.00317549705505371 0.00161504745483399 0.198974609375 0.436767578125
0.00963020324707031 0.00992012023925781 0.31536865234375 0.003082275390625
0.0169391632080078 -0.00496101379394531 0.222579956054687 -0.2451171875
0.00415992736816406 -0.0289936065673828 -0.178054809570312 0.21722412109375
0.0275154113769531 -0.0193061828613281 -0.282806396484375 -0.049591064453125
0.00629949569702148 -0.000304698944091797 -0.150848388671875 -0.442657470703125
0.00210380554199219 0.0160417556762695 0.32391357421875 -0.56243896484375
-0.0299167633056641 0.00608825683593749 0.7864990234375 -0.016845703125
-0.0356483459472656 -0.0356407165527344 0.59527587890625 0.66473388671875
0.0208549499511719 -0.0471038818359375 0.015869140625 0.58135986328125
0.0434722900390625 -0.0317535400390625 0.0276603698730469 0.0524749755859375
0.017913818359375 -0.0301418304443359 0.00299072265625001 -0.57611083984375
-0.00549888610839844 -0.0310211181640625 -0.6182861328125 -0.621337890625
-0.0185928344726562 -0.0179214477539063 -0.8084716796875 0.182373046875
-0.0139732360839844 -0.00390815734863281 -0.23138427734375 0.645263671875
-0.00498008728027344 -0.00510406494140625 0.18658447265625 0.44696044921875
0.00477504730224609 0.00470352172851563 0.31146240234375 0.013153076171875
0.0123481750488281 -0.00789642333984375 0.222412109375 -0.24072265625
0.00998115539550781 -0.0226097106933594 -0.181961059570313 0.2166748046875
0.0300521850585938 -0.00633049011230469 -0.301239013671875 -0.0292663574218751
0.0105171203613281 0.0187110900878906 -0.203125 -0.429595947265625
0.00195693969726563 0.0210151672363281 0.23565673828125 -0.60540771484375
-0.0283889770507812 0.0106182098388672 0.75152587890625 -0.126220703125
-0.0244579315185547 -0.0119686126708984 0.66229248046875 0.56610107421875
0.0227298736572266 0.00141716003417969 0.0785522460937499 0.573974609375
0.0227642059326172 0.0270442962646484 0.0378189086914063 0.07501220703125
0.0231971740722656 0.0172996520996094 0.06597900390625 -0.57049560546875
0.0127840042114258 -0.012141227722168 -0.5440673828125 -0.71197509765625
-0.0159931182861328 -0.0180301666259766 -0.848876953125 0.06195068359375
-0.0163106918334961 0.000865936279296875 -0.32977294921875 0.60546875
-0.00168991088867187 0.0136203765869141 0.1224365234375 0.4637451171875
0.0112247467041016 0.01776123046875 0.28765869140625 0.03912353515625
0.0199375152587891 -0.00183677673339844 0.216949462890625 -0.237762451171875
0.0131950378417969 -0.0195426940917969 -0.179443359375 0.217391967773438
0.0349140167236328 -0.00249290466308594 -0.294189453125 -0.03857421875
0.0111312866210938 0.0222072601318359 -0.183746337890625 -0.437744140625
-0.00198554992675781 0.0226573944091797 0.26837158203125 -0.59051513671875
-0.0356063842773437 0.0088958740234375 0.7598876953125 -0.086181640625
-0.0258083343505859 -0.0135231018066406 0.630615234375 0.60333251953125
0.0259151458740234 0.00238800048828125 0.052978515625 0.57476806640625
0.0257720947265625 0.0277462005615234 0.0380210876464844 0.0624427795410156
0.0249652862548828 0.0168018341064453 0.0452880859375 -0.57977294921875
0.00807857513427735 -0.0140762329101563 -0.567626953125 -0.68389892578125
-0.0226764678955078 -0.0176639556884766 -0.835205078125 0.1025390625
-0.0182514190673828 0.0044708251953125 -0.298095703125 0.6151123046875
-0.000877380371093749 0.01800537109375 0.142333984375 0.451568603515625
0.0138473510742188 0.0205917358398438 0.294708251953125 0.02557373046875
0.0223274230957031 0.00130081176757813 0.216354370117187 -0.243682861328125
0.0163249969482422 -0.0178184509277344 -0.180679321289063 0.214706420898438
0.0360641479492188 0.000263214111328125 -0.289306640625 -0.0488586425781251
0.0123195648193359 0.0243625640869141 -0.1654052734375 -0.448150634765625
-0.0069122314453125 0.0254402160644531 0.29864501953125 -0.57928466796875
-0.0406646728515625 0.00828170776367187 0.769287109375 -0.048828125
-0.0275077819824219 -0.0169734954833984 0.60833740234375 0.6331787109375
0.0258998870849609 -0.00130462646484375 0.03271484375 0.57135009765625
0.0286712646484375 0.0234546661376953 0.0371208190917969 0.0510597229003906
0.0251541137695313 0.0115013122558594 0.0255126953124999 -0.5828857421875
0.00377368927001953 -0.0175313949584961 -0.5975341796875 -0.650634765625
-0.0278606414794922 -0.0169734954833984 -0.82098388671875 0.14654541015625
-0.0205211639404297 0.00617408752441407 -0.264892578125 0.62762451171875
0.000852584838867187 0.0185565948486328 0.163787841796875 0.443389892578125
0.0167198181152344 0.0221519470214844 0.299774169921875 0.014739990234375
0.0251331329345703 0.00225067138671875 0.217941284179687 -0.243743896484375
0.0164585113525391 -0.0170602798461914 -0.17742919921875 0.215927124023438
0.036865234375 -0.000255584716796875 -0.28326416015625 -0.05657958984375
0.0118007659912109 0.0239601135253906 -0.1492919921875 -0.4532470703125
-0.00906753540039063 0.0245456695556641 0.32501220703125 -0.56329345703125
-0.0439071655273438 0.0057830810546875 0.777587890625 -0.0115966796875
-0.0293045043945313 -0.0219249725341797 0.58221435546875 0.663818359375
0.0271759033203125 -0.008697509765625 0.0135498046875001 0.5723876953125
0.0336418151855469 0.0144062042236328 0.0358390808105469 0.041351318359375
0.0251045227050781 0.00381088256835937 0.00677490234375004 -0.5859375
-0.000270843505859376 -0.0209617614746094 -0.6175537109375 -0.625
-0.0315914154052734 -0.0155792236328125 -0.805908203125 0.18243408203125
-0.0207405090332031 0.00691604614257812 -0.2357177734375 0.6357421875
0.000518798828125001 0.0167598724365234 0.18292236328125 0.43304443359375
0.0175151824951172 0.0213222503662109 0.30615234375 0.00433349609375
0.0252094268798828 0.00306129455566406 0.216842651367188 -0.24725341796875
0.0153732299804687 -0.01861572265625 -0.177825927734375 0.214187622070313
0.03564453125 -0.00258636474609375 -0.279098510742188 -0.0610504150390625
0.0107822418212891 0.0204524993896484 -0.139251708984375 -0.45489501953125
-0.00973701477050781 0.0239105224609375 0.343475341796875 -0.554534912109375
-0.0445365905761719 0.00521469116210937 0.78375244140625 0.01104736328125
-0.0312442779541016 -0.0273571014404297 0.5684814453125 0.6810302734375
0.0259380340576172 -0.0192089080810547 0.00115966796875003 0.570556640625
0.0373077392578125 0.00222015380859375 0.0344505310058594 0.0363845825195313
0.0235633850097656 -0.00562858581542969 -0.00836181640624998 -0.5860595703125
-0.00470161437988281 -0.0242061614990234 -0.63494873046875 -0.6016845703125
-0.0310783386230469 -0.0152149200439453 -0.79595947265625 0.2088623046875
-0.0206851959228516 0.00606918334960938 -0.2147216796875 0.64288330078125
0.000981330871582032 0.0134706497192383 0.196990966796875 0.42901611328125
0.0167064666748047 0.018524169921875 0.3104248046875 -0.001556396484375
0.0247840881347656 0.00215339660644531 0.21844482421875 -0.246337890625
0.0130329132080078 -0.0212860107421875 -0.177078247070313 0.214218139648438
0.0334758758544922 -0.00732612609863281 -0.278121948242188 -0.060577392578125
0.00980854034423828 0.0142030715942383 -0.1337890625 -0.453399658203125
-0.00708389282226562 0.0217132568359375 0.34844970703125 -0.550933837890625
-0.0415840148925781 0.00432205200195312 0.7862548828125 0.01873779296875
-0.033355712890625 -0.0324325561523437 0.5653076171875 0.6864013671875
0.0254936218261719 -0.0299358367919922 -0.00347900390625 0.570556640625
0.0407524108886719 -0.0106582641601563 0.0324745178222656 0.0368843078613281
0.0212898254394531 -0.015838623046875 -0.01348876953125 -0.58404541015625
-0.006256103515625 -0.0274372100830078 -0.63739013671875 -0.59283447265625
-0.0292453765869141 -0.0156173706054688 -0.79248046875 0.21820068359375
-0.0191593170166016 0.003875732421875 -0.20416259765625 0.647216796875
-0.000833988189697265 0.00770044326782226 0.201446533203125 0.43084716796875
0.0138387680053711 0.0146923065185547 0.3126220703125 -0.000854492187499999
0.0216102600097656 -0.000631332397460938 0.220016479492188 -0.243865966796875
0.00822067260742188 -0.0248908996582031 -0.177032470703125 0.216659545898438
0.0305976867675781 -0.0144424438476563 -0.279052734375 -0.0556182861328125
0.00786447525024414 0.00721216201782227 -0.140838623046875 -0.44873046875
-0.00213050842285156 0.0193843841552734 0.34173583984375 -0.55419921875
-0.0372962951660156 0.0043487548828125 0.78436279296875 0.0074462890625
-0.0346641540527344 -0.0358390808105469 0.57122802734375 0.6800537109375
0.0233268737792969 -0.0403060913085938 -0.000183105468750015 0.573486328125
0.0428924560546875 -0.0226478576660156 0.0304908752441406 0.0432014465332031
0.0193595886230469 -0.0242099761962891 -0.00677490234374995 -0.578125
-0.00664329528808593 -0.0295066833496094 -0.6304931640625 -0.60186767578125
-0.02490234375 -0.0164833068847656 -0.79541015625 0.20611572265625
-0.0167570114135742 0.000420570373535153 -0.21148681640625 0.647216796875
-0.00299882888793945 0.00172877311706543 0.198211669921875 0.435546875
0.00986194610595703 0.00999832153320313 0.313079833984375 0.003082275390625
0.0168027877807617 -0.00468635559082031 0.221771240234375 -0.244369506835938
0.00310325622558594 -0.0291118621826172 -0.176254272460938 0.215835571289062
0.0268764495849609 -0.0204238891601563 -0.281646728515625 -0.0482482910156249
0.00652647018432617 -0.000139236450195312 -0.15020751953125 -0.441253662109375
0.00342655181884766 0.0163516998291016 0.324920654296875 -0.560943603515625
-0.0298843383789062 0.00636672973632813 0.78375244140625 -0.0177001953125
-0.0348396301269531 -0.0351638793945312 0.59295654296875 0.66021728515625
0.0203285217285156 -0.0467376708984375 0.0139160156249999 0.578369140625
0.0429000854492188 -0.0318984985351563 0.027862548828125 0.053680419921875
0.0174045562744141 -0.0300674438476562 0.00433349609374998 -0.5738525390625
-0.00506973266601562 -0.0304698944091797 -0.61578369140625 -0.62030029296875
-0.0184650421142578 -0.0180568695068359 -0.8050537109375 0.181884765625
-0.0140323638916016 -0.00375843048095703 -0.2318115234375 0.64447021484375
-0.00426578521728516 -0.00507926940917969 0.185791015625 0.446380615234375
0.00525474548339844 0.00445413589477539 0.3101806640625 0.01287841796875
0.0122013092041016 -0.00789165496826172 0.221572875976563 -0.239501953125
0.00946807861328125 -0.0228290557861328 -0.181396484375 0.21673583984375
0.0296268463134766 -0.00677680969238281 -0.300506591796875 -0.02825927734375
0.0106639862060547 0.0188407897949219 -0.201416015625 -0.42828369140625
0.00346946716308594 0.021209716796875 0.23638916015625 -0.605224609375
-0.0281276702880859 0.0104198455810547 0.748779296875 -0.12689208984375
-0.0243377685546875 -0.0117397308349609 0.6605224609375 0.5638427734375
0.0223407745361328 0.0018768310546875 0.0764770507812501 0.5738525390625
0.0224056243896484 0.0262908935546875 0.037872314453125 0.0756988525390625
0.0234699249267578 0.0171127319335938 0.0673828125 -0.56829833984375
0.0127363204956055 -0.0121059417724609 -0.54119873046875 -0.71038818359375
-0.0151939392089844 -0.0178089141845703 -0.8487548828125 0.0617675781249999
-0.0162229537963867 0.00106716156005859 -0.32843017578125 0.60430908203125
-0.00135612487792969 0.0140876770019531 0.1224365234375 0.464630126953125
0.011836051940918 0.0174140930175781 0.286407470703125 0.03955078125
0.0204238891601563 -0.00178718566894531 0.21697998046875 -0.236343383789063
0.0125141143798828 -0.0197200775146484 -0.178359985351563 0.217361450195312
0.0345039367675781 -0.00269699096679688 -0.294952392578125 -0.038116455078125
0.0116386413574219 0.0224418640136719 -0.1837158203125 -0.437530517578125
-0.00165748596191406 0.0235614776611328 0.2669677734375 -0.5888671875
-0.0363960266113281 0.00930404663085937 0.758056640625 -0.0848388671875
-0.0260143280029297 -0.0135364532470703 0.63006591796875 0.6026611328125
0.024993896484375 0.00128746032714844 0.05279541015625 0.57305908203125
0.0250835418701172 0.0277347564697266 0.0381889343261719 0.0633430480957031
0.0247840881347656 0.0162906646728516 0.04931640625 -0.57958984375
0.00908946990966797 -0.0145349502563477 -0.56817626953125 -0.68243408203125
-0.0233325958251953 -0.0174484252929687 -0.83416748046875 0.10260009765625
-0.0192642211914063 0.003631591796875 -0.298095703125 0.61505126953125
-0.000932693481445314 0.0177955627441406 0.14215087890625 0.451995849609375
0.01495361328125 0.0200996398925781 0.293792724609375 0.02545166015625
0.0223617553710938 0.00140762329101563 0.216079711914063 -0.242843627929688
0.0163097381591797 -0.0175952911376953 -0.180343627929688 0.214004516601563
0.035888671875 -0.00075531005859375 -0.2891845703125 -0.048919677734375
0.0127506256103516 0.0251026153564453 -0.16644287109375 -0.44732666015625
-0.00582122802734375 0.0254917144775391 0.296630859375 -0.57977294921875
-0.0402717590332031 0.00853729248046875 0.76934814453125 -0.04736328125
-0.0273208618164062 -0.0166568756103516 0.60638427734375 0.63360595703125
0.025543212890625 -0.00191879272460938 0.03216552734375 0.56903076171875
0.0284786224365234 0.0225105285644531 0.037322998046875 0.0507621765136719
0.0250892639160156 0.0108718872070313 0.0262451171875 -0.58050537109375
0.00430011749267578 -0.0174331665039063 -0.59844970703125 -0.65069580078125
-0.0279808044433594 -0.0165977478027344 -0.8201904296875 0.146484375
-0.0206470489501953 0.00608444213867187 -0.26385498046875 0.62567138671875
0.000438690185546874 0.0186500549316406 0.163665771484375 0.442291259765625
0.0172328948974609 0.0218868255615234 0.30029296875 0.015228271484375
0.0254306793212891 0.00301551818847656 0.21826171875 -0.243362426757813
0.0161266326904297 -0.0174808502197266 -0.177749633789063 0.215560913085937
0.037200927734375 -0.00038909912109375 -0.28289794921875 -0.0560302734375001
0.0122661590576172 0.0241031646728516 -0.15008544921875 -0.453521728515625
-0.00854301452636719 0.0249881744384766 0.32391357421875 -0.5640869140625
-0.0443000793457031 0.00610733032226562 0.7769775390625 -0.01171875
-0.0293960571289062 -0.0218353271484375 0.58123779296875 0.66375732421875
0.0266246795654297 -0.0087738037109375 0.0117797851562499 0.5701904296875
0.0325775146484375 0.014678955078125 0.0359954833984375 0.0422897338867188
0.0248737335205078 0.0038909912109375 0.00787353515625003 -0.58428955078125
-0.000219345092773436 -0.0207843780517578 -0.61566162109375 -0.6231689453125
-0.0319328308105469 -0.0156040191650391 -0.80584716796875 0.1820068359375
-0.0209178924560547 0.00663566589355468 -0.23486328125 0.63525390625
0.00165939331054688 0.0179405212402344 0.18280029296875 0.4332275390625
0.0177745819091797 0.0208644866943359 0.30523681640625 0.004241943359375
0.0250988006591797 0.00290489196777344 0.217239379882813 -0.247406005859375
0.0148277282714844 -0.0182456970214844 -0.178085327148437 0.214706420898438
0.0354652404785156 -0.00364303588867188 -0.279495239257813 -0.060211181640625
0.0114517211914063 0.0198841094970703 -0.139434814453125 -0.4544677734375
-0.0088958740234375 0.0243568420410156 0.3436279296875 -0.554443359375
-0.0446701049804688 0.00564956665039062 0.782470703125 0.01104736328125
-0.0312690734863281 -0.0272006988525391 0.5679931640625 0.6812744140625
0.0262641906738281 -0.0186252593994141 -0.00128173828125002 0.5689697265625
0.0375595092773438 0.00241470336914063 0.034454345703125 0.0370864868164062
0.0228843688964844 -0.00592422485351562 -0.00762939453124997 -0.58526611328125
-0.00409317016601563 -0.0243549346923828 -0.63201904296875 -0.60223388671875
-0.0320816040039063 -0.0149803161621094 -0.79486083984375 0.20892333984375
-0.0201873779296875 0.00588417053222657 -0.21331787109375 0.6435546875
0.000744819641113281 0.0126934051513672 0.195587158203125 0.4296875
0.0161533355712891 0.0186672210693359 0.309844970703125 -0.001434326171875
0.0239601135253906 0.00167083740234375 0.218276977539063 -0.246246337890625
0.01171875 -0.0213470458984375 -0.17669677734375 0.213104248046875
0.0338630676269531 -0.00839042663574219 -0.277633666992188 -0.05999755859375
0.0107278823852539 0.0140342712402344 -0.1343994140625 -0.452392578125
-0.006805419921875 0.0213222503662109 0.34912109375 -0.55084228515625
-0.0420608520507813 0.00418472290039062 0.786376953125 0.01959228515625
-0.0333423614501953 -0.0326595306396484 0.5618896484375 0.68572998046875
0.0250091552734375 -0.0298538208007813 -0.00537109375000006 0.57061767578125
0.040283203125 -0.01068115234375 0.0323295593261719 0.0378227233886719
0.0214786529541016 -0.0161209106445313 -0.01251220703125 -0.58221435546875
-0.00644493103027344 -0.0270290374755859 -0.6368408203125 -0.59283447265625
-0.0295047760009766 -0.014862060546875 -0.7930908203125 0.2181396484375
-0.0189590454101563 0.00386810302734375 -0.20477294921875 0.64697265625
-0.000421047210693359 0.0081324577331543 0.20074462890625 0.4307861328125
0.0134916305541992 0.0146656036376953 0.311859130859375 -0.000946044921874999
0.0207195281982422 -0.000627517700195313 0.2196044921875 -0.244461059570313
0.00739097595214844 -0.025543212890625 -0.176727294921875 0.215713500976562
0.0306892395019531 -0.0144615173339844 -0.278610229492188 -0.0554656982421875
0.00850009918212891 0.00677108764648438 -0.1400146484375 -0.448486328125
-0.00163841247558594 0.0187149047851563 0.340545654296875 -0.552642822265625
-0.0372428894042969 0.005218505859375 0.7838134765625 0.00970458984375
-0.0347633361816406 -0.0349960327148438 0.56939697265625 0.67999267578125
0.0233154296875 -0.0402450561523438 -0.00103759765624996 0.572509765625
0.0430145263671875 -0.0229148864746094 0.0299530029296875 0.0444755554199219
0.0192089080810547 -0.0245475769042969 -0.00549316406250005 -0.5780029296875
-0.00672721862792969 -0.0295581817626953 -0.62646484375 -0.60186767578125
-0.0250663757324219 -0.01580810546875 -0.7947998046875 0.20684814453125
-0.016815185546875 0.00029563903808594 -0.2122802734375 0.64691162109375
-0.00265002250671387 0.00238609313964844 0.198822021484375 0.4359130859375
0.0104732513427734 0.00963306427001953 0.312164306640625 0.003204345703125
0.0162887573242187 -0.00453853607177734 0.22100830078125 -0.244232177734375
0.00256156921386719 -0.0293769836425781 -0.176498413085938 0.215927124023438
0.0266342163085938 -0.0210456848144531 -0.28155517578125 -0.04803466796875
0.00652122497558594 0.000508308410644531 -0.151092529296875 -0.440460205078125
0.00404167175292969 0.0162229537963867 0.32208251953125 -0.560577392578125
-0.0299625396728516 0.00647735595703125 0.78289794921875 -0.0169677734375
-0.0353927612304687 -0.0355720520019531 0.59124755859375 0.65911865234375
0.019744873046875 -0.0471878051757812 0.011474609375 0.57647705078125
0.0427589416503906 -0.0316963195800781 0.0281448364257813 0.0543937683105469
0.0182609558105469 -0.029815673828125 0.00683593750000005 -0.57232666015625
-0.00484275817871094 -0.0308074951171875 -0.614990234375 -0.62005615234375
-0.0191917419433594 -0.0174942016601562 -0.80462646484375 0.18218994140625
-0.0147171020507812 -0.00357151031494141 -0.23095703125 0.6434326171875
-0.00402069091796875 -0.00486230850219726 0.186920166015625 0.4482421875
0.00588083267211914 0.00466680526733398 0.30950927734375 0.012420654296875
0.0120401382446289 -0.00801849365234375 0.221817016601563 -0.239349365234375
0.00876426696777344 -0.0228729248046875 -0.181716918945313 0.216171264648437
0.0303001403808594 -0.00768470764160156 -0.300872802734375 -0.027862548828125
0.0114078521728516 0.017974853515625 -0.203582763671875 -0.429229736328125
0.00308418273925781 0.0204868316650391 0.23614501953125 -0.605712890625
-0.0289516448974609 0.0110530853271484 0.7493896484375 -0.127685546875
-0.0243034362792969 -0.0111160278320312 0.65789794921875 0.5638427734375
0.0221462249755859 0.00152397155761719 0.0751953124999999 0.57305908203125
0.0221595764160156 0.0269184112548828 0.03802490234375 0.0760879516601563
0.0234737396240234 0.0172557830810547 0.0687866210937501 -0.5675048828125
0.0126781463623047 -0.0120487213134766 -0.5396728515625 -0.71044921875
-0.0154151916503906 -0.0176925659179688 -0.84857177734375 0.0616455078125001
-0.0163030624389648 0.00084114074707031 -0.3292236328125 0.6051025390625
-0.000752449035644531 0.0144491195678711 0.121856689453125 0.465728759765625
0.0120420455932617 0.017552375793457 0.287261962890625 0.039886474609375
0.0196514129638672 -0.00180625915527344 0.216964721679688 -0.23699951171875
0.0120849609375 -0.0195121765136719 -0.178955078125 0.217041015625
0.0343894958496094 -0.00318717956542969 -0.295562744140625 -0.0369567871093751
0.0123252868652344 0.0235767364501953 -0.18408203125 -0.438873291015625
-0.000789642333984373 0.0237369537353516 0.26708984375 -0.59088134765625
-0.0358963012695313 0.00955963134765626 0.7587890625 -0.08544921875
-0.0258388519287109 -0.0135478973388672 0.62811279296875 0.602294921875
0.0249233245849609 0.00126075744628906 0.0510253906250001 0.5723876953125
0.0258693695068359 0.0280246734619141 0.0384559631347656 0.064239501953125
0.0248489379882813 0.0163059234619141 0.050048828125 -0.5762939453125
0.00821018218994141 -0.0144739151000977 -0.56597900390625 -0.68304443359375
-0.0233936309814453 -0.0168170928955078 -0.83587646484375 0.1021728515625
-0.0194034576416016 0.00395584106445312 -0.298095703125 0.615234375
-0.000278472900390626 0.0185489654541016 0.141998291015625 0.45361328125
0.0150375366210937 0.0206871032714844 0.2930908203125 0.026611328125
0.0224819183349609 0.00112533569335938 0.216018676757813 -0.243453979492188
0.0162334442138672 -0.0182914733886719 -0.1798095703125 0.214553833007813
0.0362014770507813 -0.000537872314453125 -0.289398193359375 -0.048553466796875
0.0129337310791016 0.0244941711425781 -0.167144775390625 -0.446868896484375
-0.00588035583496094 0.0252323150634766 0.2979736328125 -0.57989501953125
-0.041412353515625 0.00894546508789062 0.76953125 -0.04791259765625
-0.0277061462402344 -0.0171413421630859 0.6060791015625 0.632080078125
0.0249481201171875 -0.00194168090820313 0.0300292968749999 0.570068359375
0.0284881591796875 0.0235271453857422 0.0379524230957031 0.0521888732910156
0.0256080627441406 0.0114326477050781 0.0284423828124999 -0.58038330078125
0.00467109680175781 -0.0174627304077148 -0.59619140625 -0.6512451171875
-0.0282974243164063 -0.0168361663818359 -0.8212890625 0.145751953125
-0.0211830139160156 0.00592422485351562 -0.2650146484375 0.62786865234375
0.00161552429199219 0.0192012786865234 0.162994384765625 0.444183349609375
0.0174102783203125 0.0218830108642578 0.299591064453125 0.0147705078125
0.0246601104736328 0.00211524963378906 0.2177734375 -0.24322509765625
0.0152597427368164 -0.0170431137084961 -0.1771240234375 0.215240478515625
0.0372657775878906 -0.00192642211914063 -0.283538818359375 -0.055816650390625
0.0127067565917969 0.0239086151123047 -0.15045166015625 -0.451751708984375
-0.00813102722167969 0.0251674652099609 0.32373046875 -0.56475830078125
-0.0445976257324219 0.0062713623046875 0.777099609375 -0.01190185546875
-0.0289535522460938 -0.0218906402587891 0.58154296875 0.66204833984375
0.0259132385253906 -0.00930023193359375 0.010986328125 0.5699462890625
0.0325756072998047 0.0145549774169922 0.0365524291992187 0.0432662963867187
0.0255603790283203 0.00417709350585937 0.00927734374999998 -0.58209228515625
8.77380371093746E-05 -0.0208072662353516 -0.6162109375 -0.6256103515625
-0.0322418212890625 -0.0158481597900391 -0.80584716796875 0.18231201171875
-0.021820068359375 0.00681304931640625 -0.2342529296875 0.63641357421875
0.00162887573242187 0.0173921585083008 0.182037353515625 0.43511962890625
0.0188159942626953 0.02069091796875 0.30450439453125 0.0047607421875
0.0251712799072266 0.0031585693359375 0.21734619140625 -0.246444702148438
0.0146045684814453 -0.0183124542236328 -0.177780151367188 0.213348388671875
0.0354843139648438 -0.00418472290039063 -0.27935791015625 -0.059814453125
0.0123405456542969 0.02020263671875 -0.138153076171875 -0.454681396484375
-0.00794410705566406 0.0238151550292969 0.343414306640625 -0.55535888671875
-0.044952392578125 0.00509262084960937 0.781494140625 0.01171875
-0.0308189392089844 -0.0269832611083984 0.5648193359375 0.67962646484375
0.0255622863769531 -0.0189266204833984 -0.00238037109374997 0.569091796875
0.0370941162109375 0.00249481201171875 0.0344047546386719 0.0379753112792969
0.0235958099365234 -0.0058746337890625 -0.00543212890625003 -0.58349609375
-0.00349998474121094 -0.0240306854248047 -0.6331787109375 -0.6029052734375
-0.0323333740234375 -0.0145015716552734 -0.7977294921875 0.2088623046875
-0.0209827423095703 0.00609397888183594 -0.21246337890625 0.64361572265625
0.00159358978271484 0.0135650634765625 0.1959228515625 0.430572509765625
0.0170059204101563 0.0182037353515625 0.30975341796875 -0.0015869140625
0.0245571136474609 0.00127029418945313 0.218917846679688 -0.245956420898438
0.0115203857421875 -0.0215911865234375 -0.17657470703125 0.213363647460937
0.0335235595703125 -0.00941848754882813 -0.277236938476563 -0.0591583251953125
0.0105667114257813 0.0144128799438477 -0.1358642578125 -0.453094482421875
-0.00635337829589843 0.0214767456054687 0.3463134765625 -0.552398681640625
-0.0431861877441406 0.00485610961914062 0.78546142578125 0.02008056640625
-0.0335350036621094 -0.0318927764892578 0.56134033203125 0.68450927734375
0.0240669250488281 -0.0305824279785156 -0.00738525390625003 0.56927490234375
0.0399856567382813 -0.0107688903808594 0.0327873229980469 0.0386428833007813
0.0215358734130859 -0.0156955718994141 -0.0102539062500001 -0.5806884765625
-0.00614738464355469 -0.0274944305419922 -0.6358642578125 -0.5938720703125
-0.0300579071044922 -0.015167236328125 -0.7930908203125 0.2181396484375
-0.0198249816894531 0.00436210632324219 -0.20501708984375 0.6470947265625
-0.000225067138671875 0.00829601287841797 0.201080322265625 0.43133544921875
0.014409065246582 0.0140514373779297 0.31219482421875 -0.000762939453124999
0.0209674835205078 -0.000965118408203125 0.220230102539062 -0.244552612304688
0.00716209411621094 -0.0250587463378906 -0.17626953125 0.21551513671875
0.0313968658447266 -0.0150890350341797 -0.278778076171875 -0.0544891357421874
0.00898075103759766 0.00741195678710938 -0.1412353515625 -0.44744873046875
-0.00165939331054688 0.0189418792724609 0.339996337890625 -0.55340576171875
-0.0375595092773438 0.00559616088867188 0.78271484375 0.0089111328125
-0.0348739624023438 -0.0351982116699219 0.57025146484375 0.6790771484375
0.0231742858886719 -0.0396461486816406 -0.00421142578125003 0.57159423828125
0.0424385070800781 -0.0229682922363281 0.0305023193359375 0.0449600219726563
0.0199317932128906 -0.0240650177001953 -0.00366210937499995 -0.5772705078125
-0.00612640380859375 -0.0296497344970703 -0.6273193359375 -0.60296630859375
-0.0258655548095703 -0.0163955688476562 -0.79498291015625 0.20611572265625
-0.0174617767333984 0.000134468078613281 -0.21160888671875 0.648193359375
-0.00158250331878662 0.00206518173217773 0.199432373046875 0.43841552734375
0.0105323791503906 0.00900745391845703 0.311767578125 0.002349853515625
0.016718864440918 -0.00365161895751953 0.221359252929688 -0.243972778320313
0.00255393981933594 -0.0291099548339844 -0.175933837890625 0.215484619140625
0.0273914337158203 -0.0216712951660156 -0.281890869140625 -0.04742431640625
0.0074763298034668 -0.000386238098144531 -0.150726318359375 -0.441131591796875
0.00434684753417969 0.0153570175170898 0.32476806640625 -0.5621337890625
-0.0311508178710938 0.00675201416015625 0.78167724609375 -0.0169677734375
-0.0354843139648438 -0.0352554321289062 0.59075927734375 0.6590576171875
0.0198020935058594 -0.0472679138183594 0.010498046875 0.576171875
0.0427093505859375 -0.031402587890625 0.0287551879882813 0.0547676086425781
0.0182743072509766 -0.0306529998779297 0.00903320312499996 -0.5718994140625
-0.00457191467285156 -0.0310726165771484 -0.61474609375 -0.621337890625
-0.0194835662841797 -0.0175991058349609 -0.8052978515625 0.18157958984375
-0.0143156051635742 -0.00417137145996094 -0.231201171875 0.6458740234375
-0.00380110740661621 -0.0041346549987793 0.185821533203125 0.448089599609375
0.00639581680297852 0.00456094741821289 0.30938720703125 0.012725830078125
0.0121955871582031 -0.00825023651123047 0.221450805664063 -0.23858642578125
0.00848770141601563 -0.0235004425048828 -0.1822509765625 0.216094970703125
0.0297489166259766 -0.00848770141601563 -0.302001953125 -0.0278015136718749
0.0117874145507813 0.018524169921875 -0.204742431640625 -0.429718017578125
0.00378990173339844 0.0205726623535156 0.2364501953125 -0.60760498046875
-0.0292758941650391 0.010711669921875 0.75140380859375 -0.1270751953125
-0.0245323181152344 -0.0112991333007813 0.659423828125 0.56524658203125
0.0222034454345703 0.00117301940917969 0.07354736328125 0.57391357421875
0.0221900939941406 0.0265769958496094 0.0381851196289062 0.0777359008789063
0.0238914489746094 0.0168399810791016 0.0720214843749999 -0.56671142578125
0.0134878158569336 -0.0121002197265625 -0.53961181640625 -0.713623046875
-0.0162754058837891 -0.0176277160644531 -0.85205078125 0.0606689453125001
-0.0161247253417969 0.00103855133056641 -0.33056640625 0.6077880859375
-0.000481605529785157 0.0149688720703125 0.1226806640625 0.467132568359375
0.0122556686401367 0.0172157287597656 0.286651611328125 0.03912353515625
0.0194072723388672 -0.00156211853027344 0.218414306640625 -0.237442016601563
0.0110511779785156 -0.0194034576416016 -0.178695678710938 0.2171630859375
0.0342617034912109 -0.00499153137207031 -0.294891357421875 -0.036895751953125
0.0129718780517578 0.0227584838867188 -0.185821533203125 -0.439361572265625
-0.00101089477539062 0.0236473083496094 0.26776123046875 -0.5928955078125
-0.0364913940429687 0.00902938842773438 0.7593994140625 -0.08502197265625
-0.0260696411132813 -0.0135421752929687 0.6290283203125 0.60260009765625
0.0244483947753906 0.00153923034667969 0.04876708984375 0.57269287109375
0.0252456665039063 0.0272388458251953 0.0385208129882812 0.0652236938476563
0.0254154205322266 0.0163764953613281 0.05169677734375 -0.576904296875
0.00925350189208984 -0.0142097473144531 -0.56658935546875 -0.68536376953125
-0.0234699249267578 -0.0172863006591797 -0.83929443359375 0.101806640625
-0.0196170806884766 0.00403213500976562 -0.29864501953125 0.61737060546875
7.05718994140631E-05 0.0187969207763672 0.14227294921875 0.45501708984375
0.0157070159912109 0.02117919921875 0.29345703125 0.026458740234375
0.0228519439697266 0.00184249877929688 0.216888427734375 -0.245147705078125
0.015655517578125 -0.0180683135986328 -0.180206298828125 0.215469360351562
0.0361976623535156 -0.002532958984375 -0.289642333984375 -0.0478515625
0.0135631561279297 0.0250778198242188 -0.168701171875 -0.448577880859375
-0.00529289245605469 0.0256443023681641 0.296630859375 -0.58245849609375
-0.0412979125976563 0.00854873657226563 0.770751953125 -0.04779052734375
-0.0275897979736328 -0.0171146392822266 0.60711669921875 0.6337890625
0.0247421264648438 -0.002227783203125 0.02850341796875 0.5701904296875
0.0287380218505859 0.0236148834228516 0.0374908447265625 0.0532875061035156
0.0256404876708984 0.01129150390625 0.02978515625 -0.57904052734375
0.00516891479492188 -0.0177268981933594 -0.5963134765625 -0.653076171875
-0.0283432006835937 -0.0164127349853516 -0.82415771484375 0.14654541015625
-0.0220451354980469 0.00668907165527344 -0.2662353515625 0.6307373046875
0.00193595886230469 0.0193748474121094 0.163238525390625 0.44537353515625
0.0178565979003906 0.0220165252685547 0.299530029296875 0.015625
0.0251655578613281 0.00272560119628906 0.218948364257813 -0.243606567382813
0.0152969360351562 -0.0171527862548828 -0.177734375 0.215576171875
0.03631591796875 -0.00221633911132813 -0.28375244140625 -0.05572509765625
0.0133399963378906 0.0243968963623047 -0.150726318359375 -0.4534912109375
-0.00754165649414062 0.0251827239990234 0.32275390625 -0.56658935546875
-0.0452232360839844 0.00677490234375 0.77667236328125 -0.0103759765625
-0.0290470123291016 -0.0214595794677734 0.57952880859375 0.66400146484375
0.0256366729736328 -0.00941848754882813 0.00775146484375002 0.5706787109375
0.0328826904296875 0.0144252777099609 0.0367317199707031 0.0438346862792969
0.0257759094238281 0.00415611267089844 0.010986328125 -0.5836181640625
0.000253677368164062 -0.0209980010986328 -0.61700439453125 -0.6278076171875
-0.0319938659667969 -0.0159091949462891 -0.80950927734375 0.18310546875
-0.0218601226806641 0.00693893432617188 -0.2352294921875 0.6383056640625
0.00169944763183594 0.0182247161865234 0.18267822265625 0.437652587890625
0.0185604095458984 0.02044677734375 0.305572509765625 0.0047607421875
0.0247287750244141 0.00365066528320312 0.2178955078125 -0.248062133789063
0.0148448944091797 -0.0186614990234375 -0.177719116210937 0.214111328125
0.03570556640625 -0.00494766235351563 -0.279891967773438 -0.0596771240234375
0.0128231048583984 0.0203399658203125 -0.14044189453125 -0.456207275390625
-0.00818443298339844 0.0240669250488281 0.34246826171875 -0.557586669921875
-0.0457038879394531 0.00539016723632813 0.78350830078125 0.01129150390625
-0.03094482421875 -0.0274333953857422 0.56585693359375 0.68194580078125
0.0251750946044922 -0.0189628601074219 -0.00384521484374999 0.569091796875
0.0368576049804688 0.00230026245117188 0.0353889465332031 0.0396804809570312
0.0238990783691406 -0.00614166259765625 -0.00335693359375001 -0.58349609375
-0.00322532653808594 -0.0245304107666016 -0.632568359375 -0.6043701171875
-0.0319137573242188 -0.0147819519042969 -0.7989501953125 0.20904541015625
-0.021484375 0.00650787353515625 -0.21392822265625 0.64715576171875
0.00140476226806641 0.0140838623046875 0.1978759765625 0.432403564453125
0.0175247192382813 0.018463134765625 0.309417724609375 -0.00128173828125
0.0240135192871094 0.00156211853027344 0.219314575195313 -0.246688842773437
0.0116062164306641 -0.0213241577148438 -0.17657470703125 0.214218139648438
0.0330028533935547 -0.00983428955078125 -0.278244018554688 -0.0593872070312501
0.0114030838012695 0.0144004821777344 -0.1363525390625 -0.453582763671875
-0.00617599487304687 0.0209407806396484 0.348541259765625 -0.5540771484375
-0.0435066223144531 0.00505828857421876 0.787353515625 0.02032470703125
-0.0335483551025391 -0.0322608947753906 0.56109619140625 0.68524169921875
0.02496337890625 -0.030303955078125 -0.00909423828125001 0.5692138671875
0.0403022766113281 -0.0107841491699219 0.0324783325195313 0.0396804809570313
0.0221729278564453 -0.0159225463867188 -0.00897216796874997 -0.58087158203125
-0.00567626953125 -0.0275344848632813 -0.637451171875 -0.59515380859375
-0.0297946929931641 -0.0149860382080078 -0.79595947265625 0.21551513671875
-0.0199165344238281 0.00429153442382812 -0.20416259765625 0.6507568359375
0.000336647033691406 0.00891208648681641 0.200592041015625 0.433074951171875
0.015233039855957 0.0144615173339844 0.312225341796875 -0.00128173828125
0.0211448669433594 -0.00104331970214844 0.220245361328125 -0.245315551757813
0.007049560546875 -0.0247573852539063 -0.17547607421875 0.216262817382813
0.0304470062255859 -0.0158214569091797 -0.278854370117187 -0.0545043945312499
0.00950908660888672 0.00693511962890625 -0.14117431640625 -0.448211669921875
-0.000410079956054689 0.0185871124267578 0.341033935546875 -0.554840087890625
-0.0374679565429688 0.00477218627929687 0.78515625 0.01019287109375
-0.0344009399414063 -0.0350570678710937 0.5706787109375 0.6800537109375
0.0230369567871094 -0.0402679443359375 -0.00543212890625001 0.5723876953125
0.0422477722167969 -0.0227928161621094 0.0304145812988281 0.0460929870605469
0.0204677581787109 -0.0242958068847656 -0.00244140625 -0.57769775390625
-0.00547599792480469 -0.0300559997558594 -0.62896728515625 -0.60528564453125
-0.0257015228271484 -0.0161838531494141 -0.7978515625 0.20574951171875
-0.0177135467529297 0.00131797790527344 -0.21185302734375 0.6502685546875
-0.00192761421203613 0.00248050689697266 0.198638916015625 0.439544677734375
0.0114507675170898 0.00884056091308594 0.311981201171875 0.003173828125
0.0162696838378906 -0.00399684906005859 0.221343994140625 -0.244705200195312
0.00175285339355468 -0.0295066833496094 -0.175521850585938 0.215286254882813
0.0266036987304688 -0.0224552154541016 -0.282440185546875 -0.04718017578125
0.00772285461425781 0.000159740447998047 -0.15203857421875 -0.4412841796875
0.00468635559082031 0.0158519744873047 0.32354736328125 -0.56298828125
-0.0313873291015625 0.00742149353027343 0.78289794921875 -0.01446533203125
-0.0349082946777344 -0.0358390808105469 0.58978271484375 0.6605224609375
0.0198593139648437 -0.0473670959472656 0.00921630859374994 0.57843017578125
0.0425567626953125 -0.0309677124023437 0.028594970703125 0.0559425354003906
0.0184173583984375 -0.0300369262695313 0.01019287109375 -0.5712890625
-0.00372123718261719 -0.0308666229248047 -0.614501953125 -0.6221923828125
-0.0197105407714844 -0.0170936584472656 -0.80816650390625 0.1826171875
-0.0150556564331055 -0.00374221801757812 -0.23291015625 0.64752197265625
-0.00329947471618652 -0.00430989265441895 0.185211181640625 0.45013427734375
0.00666713714599609 0.00390768051147461 0.3092041015625 0.012664794921875
0.0123214721679688 -0.00728893280029297 0.221771240234375 -0.240142822265625
0.00865554809570313 -0.0231742858886719 -0.182388305664062 0.217788696289063
0.0306377410888672 -0.00902938842773438 -0.30316162109375 -0.027069091796875
0.0125541687011719 0.0187263488769531 -0.20538330078125 -0.431610107421875
0.00404167175292969 0.0208473205566406 0.23681640625 -0.61016845703125
-0.0293960571289062 0.0118751525878906 0.7513427734375 -0.1279296875
-0.0244178771972656 -0.0117683410644531 0.6614990234375 0.56463623046875
0.0221729278564453 0.000619888305664063 0.07208251953125 0.57421875
0.0218982696533203 0.0270099639892578 0.0387954711914063 0.0785598754882813
0.0246200561523438 0.0172843933105469 0.0728149414062501 -0.56781005859375
0.0136051177978516 -0.0122966766357422 -0.54107666015625 -0.71429443359375
-0.0163307189941406 -0.0175895690917969 -0.85394287109375 0.0615844726562502
-0.0163345336914063 0.00101375579833985 -0.3314208984375 0.6112060546875
-0.000376701354980469 0.0147609710693359 0.12371826171875 0.4710693359375
0.0126008987426758 0.0169839859008789 0.286895751953125 0.04046630859375
0.0201892852783203 -0.00242424011230469 0.217926025390625 -0.2386474609375
0.0111026763916016 -0.0195579528808594 -0.17877197265625 0.218048095703125
0.0345287322998047 -0.00505638122558594 -0.29669189453125 -0.0365600585937501
0.0136528015136719 0.0228691101074219 -0.186492919921875 -0.440765380859375
-0.000438690185546875 0.0233860015869141 0.267822265625 -0.59637451171875
-0.0366592407226562 0.00976562500000001 0.76129150390625 -0.08551025390625
-0.0261592864990234 -0.013702392578125 0.63165283203125 0.60528564453125
0.0241909027099609 0.0012664794921875 0.0484619140625 0.5733642578125
0.0251560211181641 0.0277061462402344 0.0391921997070312 0.0660743713378906
0.0264053344726562 0.0158920288085938 0.0533447265625001 -0.5767822265625
0.00928688049316406 -0.0149478912353516 -0.5672607421875 -0.68499755859375
-0.0238075256347656 -0.0173358917236328 -0.84027099609375 0.1031494140625
-0.0193424224853516 0.00338935852050781 -0.29931640625 0.62017822265625
0.000247955322265623 0.0191421508789063 0.1434326171875 0.45703125
0.0163192749023438 0.0205039978027344 0.293731689453125 0.026031494140625
0.0224456787109375 0.00103378295898438 0.216339111328125 -0.244537353515625
0.0155925750732422 -0.0182552337646484 -0.180282592773438 0.215042114257812
0.0359344482421875 -0.00249099731445312 -0.29168701171875 -0.047027587890625
0.0143852233886719 0.0248565673828125 -0.16961669921875 -0.449615478515625
-0.0050506591796875 0.0247955322265625 0.297607421875 -0.584228515625
-0.0423011779785156 0.00856018066406251 0.77398681640625 -0.04998779296875
-0.0275249481201172 -0.0170917510986328 0.60882568359375 0.63226318359375
0.0248374938964844 -0.00192642211914062 0.0285034179687499 0.57086181640625
0.0283756256103516 0.0235462188720703 0.0379867553710938 0.0543594360351563
0.0258369445800781 0.0116405487060547 0.03094482421875 -0.57952880859375
0.00569725036621094 -0.0181598663330078 -0.59832763671875 -0.6539306640625
-0.0292644500732422 -0.0158615112304688 -0.8271484375 0.14794921875
-0.02215576171875 0.00586509704589844 -0.2662353515625 0.6341552734375
0.00204849243164062 0.0190219879150391 0.16510009765625 0.44873046875
0.0183067321777344 0.0219135284423828 0.300201416015625 0.015625
0.025787353515625 0.00255966186523438 0.218734741210938 -0.244461059570313
0.01483154296875 -0.0177097320556641 -0.177719116210938 0.216552734375
0.0374832153320312 -0.002899169921875 -0.2852783203125 -0.0549316406249999
0.0138740539550781 0.0242462158203125 -0.153167724609375 -0.45440673828125
-0.0074920654296875 0.0249271392822266 0.323974609375 -0.56927490234375
-0.0456275939941406 0.00688934326171876 0.7801513671875 -0.01031494140625
-0.0290374755859375 -0.0213050842285156 0.58099365234375 0.66339111328125
0.0261383056640625 -0.00972557067871094 0.00787353515625003 0.5711669921875
0.0328693389892578 0.0151214599609375 0.0362548828125 0.0448379516601563
0.0253715515136719 0.00387954711914063 0.0124511718749999 -0.58428955078125
0.00147819519042969 -0.0205364227294922 -0.61846923828125 -0.62677001953125
-0.0324726104736328 -0.0150394439697266 -0.8133544921875 0.18316650390625
-0.0221042633056641 0.00714683532714844 -0.23724365234375 0.64276123046875
0.00141525268554688 0.0185470581054688 0.183837890625 0.439666748046875
0.0192661285400391 0.0207710266113281 0.305999755859375 0.0047607421875
0.0252609252929688 0.0028533935546875 0.218490600585938 -0.248764038085938
0.014007568359375 -0.0184726715087891 -0.177139282226563 0.214828491210938
0.0361976623535156 -0.0055999755859375 -0.280227661132813 -0.0582733154296875
0.0129108428955078 0.0205020904541016 -0.140838623046875 -0.455535888671875
-0.00800132751464844 0.0238761901855469 0.343719482421875 -0.5592041015625
-0.0460014343261719 0.00547790527343751 0.7862548828125 0.01177978515625
-0.0314140319824219 -0.0270748138427734 0.5679931640625 0.681396484375
0.0252933502197266 -0.0195732116699219 -0.00439453124999997 0.56951904296875
0.0364341735839844 0.00257110595703125 0.0361671447753906 0.0395584106445313
0.0243930816650391 -0.00593948364257813 -0.00427246093750001 -0.58404541015625
-0.00288009643554688 -0.0241546630859375 -0.63470458984375 -0.60650634765625
-0.0331211090087891 -0.0146656036376953 -0.80157470703125 0.21075439453125
-0.0219058990478516 0.00621414184570313 -0.21295166015625 0.65020751953125
0.00184440612792969 0.0141534805297852 0.198089599609375 0.434814453125
0.0180263519287109 0.0180721282958984 0.309326171875 -0.000976562499999999
0.0239620208740234 0.00202560424804688 0.219482421875 -0.24725341796875
0.0116519927978516 -0.0211772918701172 -0.176376342773437 0.214492797851563
0.0330677032470703 -0.0107707977294922 -0.279220581054687 -0.0593261718750001
0.0115585327148437 0.0144319534301758 -0.1363525390625 -0.45513916015625
-0.00550079345703125 0.0212955474853516 0.34912109375 -0.55462646484375
-0.0438575744628906 0.00515365600585937 0.78961181640625 0.0213623046875
-0.0329990386962891 -0.0324420928955078 0.56353759765625 0.68609619140625
0.0236701965332031 -0.0306663513183594 -0.00811767578124996 0.5701904296875
0.040618896484375 -0.0110206604003906 0.0331459045410156 0.0404891967773438
0.0218067169189453 -0.0163211822509766 -0.00830078125000001 -0.5814208984375
-0.00464248657226562 -0.0275745391845703 -0.63818359375 -0.595947265625
-0.0308094024658203 -0.0146675109863281 -0.7982177734375 0.21826171875
-0.020263671875 0.00393867492675781 -0.2054443359375 0.65264892578125
0.000661849975585938 0.00845479965209961 0.202423095703125 0.435943603515625
0.015172004699707 0.013941764831543 0.312225341796875 -0.001495361328125
0.0210075378417969 -0.00091552734375 0.221282958984375 -0.2457275390625
0.00681304931640625 -0.0253658294677734 -0.17633056640625 0.216888427734375
0.0311622619628906 -0.0169563293457031 -0.28070068359375 -0.0532531738281249
0.00998306274414062 0.00722217559814453 -0.1431884765625 -0.450347900390625
-0.000385284423828127 0.0189743041992188 0.34002685546875 -0.557464599609375
-0.038360595703125 0.00518417358398438 0.7879638671875 0.009521484375
-0.0348968505859375 -0.0350093841552734 0.570068359375 0.67938232421875
0.0216903686523438 -0.0408401489257812 -0.00592041015625 0.574462890625
0.0425033569335937 -0.0229835510253906 0.031005859375 0.0464820861816406
0.0200042724609375 -0.0245456695556641 -0.00195312500000005 -0.5784912109375
-0.00550270080566406 -0.0297183990478516 -0.62884521484375 -0.6063232421875
-0.0266799926757812 -0.0158252716064453 -0.80133056640625 0.20751953125
-0.0178089141845703 0.000339508056640622 -0.2119140625 0.65350341796875
-0.00151729583740234 0.00270271301269531 0.20062255859375 0.4403076171875
0.0111207962036133 0.00909900665283203 0.312408447265625 0.002899169921875
0.016357421875 -0.00407314300537109 0.221817016601563 -0.245956420898438
0.00199508666992187 -0.0294685363769531 -0.175399780273437 0.216873168945313
0.0265541076660156 -0.0238513946533203 -0.28240966796875 -0.046356201171875
0.00784492492675781 -0.000111579895019531 -0.152862548828125 -0.442901611328125
0.0049734115600586 0.0148887634277344 0.3238525390625 -0.56597900390625
-0.0316104888916016 0.00660514831542968 0.7852783203125 -0.01470947265625
-0.0346450805664063 -0.0353469848632812 0.59326171875 0.65997314453125
0.01947021484375 -0.0474510192871094 0.00781249999999994 0.57818603515625
0.0425643920898438 -0.0317649841308594 0.0296134948730469 0.0559577941894531
0.0188350677490234 -0.030609130859375 0.0113525390625001 -0.57318115234375
-0.0033721923828125 -0.0314064025878906 -0.615966796875 -0.6234130859375
-0.0200004577636719 -0.0172672271728516 -0.81048583984375 0.1837158203125
-0.0154581069946289 -0.00336647033691407 -0.23291015625 0.6500244140625
-0.00333905220031738 -0.00409269332885742 0.1878662109375 0.452178955078125
0.00704479217529297 0.00301837921142578 0.309661865234375 0.013092041015625
0.0115184783935547 -0.00821685791015625 0.222518920898438 -0.2412109375
0.0079345703125 -0.0233211517333984 -0.182571411132813 0.217727661132812
0.0303535461425781 -0.00978279113769531 -0.305450439453125 -0.025604248046875
0.0126094818115234 0.0185203552246094 -0.20648193359375 -0.432220458984375
0.00508308410644531 0.0206851959228516 0.23565673828125 -0.6148681640625
-0.0298919677734375 0.0111579895019531 0.75531005859375 -0.1295166015625
-0.0242404937744141 -0.0116214752197266 0.662353515625 0.56597900390625
0.021759033203125 0.000291824340820313 0.0717163085937501 0.57537841796875
0.0219516754150391 0.0268344879150391 0.0395050048828125 0.0792160034179688
0.0238857269287109 0.0171623229980469 0.07330322265625 -0.56890869140625
0.0138931274414062 -0.013371467590332 -0.5440673828125 -0.71630859375
-0.0170211791992187 -0.0175647735595703 -0.85870361328125 0.0637817382812501
-0.0171566009521484 0.00143527984619141 -0.33331298828125 0.61474609375
-0.000506401062011718 0.0155267715454102 0.123565673828125 0.472625732421875
0.013615608215332 0.0171670913696289 0.288238525390625 0.0401611328125
0.0200386047363281 -0.00201416015625 0.219223022460938 -0.240371704101563
0.011383056640625 -0.0202674865722656 -0.178985595703125 0.218902587890625
0.0348281860351563 -0.00572776794433594 -0.29803466796875 -0.0360717773437501
0.0138206481933594 0.0227127075195313 -0.18798828125 -0.4427490234375
-0.000116348266601561 0.0230026245117188 0.2674560546875 -0.599365234375
-0.0373611450195313 0.0101585388183594 0.76409912109375 -0.08636474609375
-0.0260429382324219 -0.0132160186767578 0.6326904296875 0.60467529296875
0.0241451263427734 0.000265121459960938 0.04766845703125 0.575927734375
0.025360107421875 0.0277290344238281 0.0392265319824219 0.0668563842773438
0.0259475708007813 0.0161056518554688 0.0554809570312499 -0.57843017578125
0.0104312896728516 -0.0147771835327148 -0.57025146484375 -0.689453125
-0.0246753692626953 -0.0175418853759766 -0.84344482421875 0.10577392578125
-0.0199241638183594 0.00404739379882813 -0.29913330078125 0.6239013671875
0.000646591186523437 0.0198135375976563 0.144561767578125 0.460479736328125
0.0168323516845703 0.0209083557128906 0.294281005859375 0.026458740234375
0.0222110748291016 0.0001678466796875 0.217758178710938 -0.246688842773438
0.0144882202148437 -0.0184040069580078 -0.180419921875 0.216552734375
0.0360450744628906 -0.00365829467773438 -0.29254150390625 -0.04608154296875
0.0150718688964844 0.0246105194091797 -0.170745849609375 -0.451263427734375
-0.00446319580078125 0.0243053436279297 0.29693603515625 -0.58673095703125
-0.0425910949707031 0.00934982299804688 0.7757568359375 -0.05029296875
-0.0279293060302734 -0.0172119140625 0.61181640625 0.6334228515625
0.0246124267578125 -0.00264549255371094 0.02716064453125 0.5728759765625
0.02813720703125 0.0229377746582031 0.0383148193359375 0.0549240112304688
0.0262489318847656 0.0108299255371094 0.0325927734375 -0.58074951171875
0.00604438781738281 -0.0180397033691406 -0.60198974609375 -0.65545654296875
-0.0294990539550781 -0.0159397125244141 -0.8291015625 0.1495361328125
-0.0226230621337891 0.00625228881835937 -0.26702880859375 0.637939453125
0.00195503234863281 0.0202312469482422 0.165191650390625 0.4503173828125
0.0193233489990234 0.0212268829345703 0.300811767578125 0.014892578125
0.0256824493408203 0.00270462036132813 0.219955444335938 -0.246490478515625
0.0147113800048828 -0.0180435180664063 -0.1778564453125 0.217071533203125
0.037353515625 -0.00373458862304687 -0.28662109375 -0.053985595703125
0.0141620635986328 0.024383544921875 -0.1541748046875 -0.45556640625
-0.00693321228027344 0.0248222351074219 0.32415771484375 -0.57196044921875
-0.0463104248046875 0.00724029541015626 0.78070068359375 -0.0111083984375
-0.0293788909912109 -0.0216159820556641 0.58477783203125 0.6671142578125
0.0254383087158203 -0.00956535339355469 0.00726318359374997 0.57269287109375
0.0330390930175781 0.014617919921875 0.0377349853515625 0.0456695556640625
0.0258312225341797 0.00415420532226563 0.01397705078125 -0.5848388671875
0.00071907043457031 -0.0214176177978516 -0.6197509765625 -0.6309814453125
-0.0331439971923828 -0.0155925750732422 -0.81439208984375 0.18621826171875
-0.0225486755371094 0.00709724426269531 -0.2362060546875 0.64501953125
0.00283050537109375 0.0185413360595703 0.185272216796875 0.4415283203125
0.0197162628173828 0.0213146209716797 0.306854248046875 0.004547119140625
0.0250682830810547 0.00325584411621094 0.219482421875 -0.250259399414063
0.0138015747070312 -0.0185604095458984 -0.177520751953125 0.215545654296875
0.0356903076171875 -0.00730133056640625 -0.281982421875 -0.0584716796875
0.0139064788818359 0.0199947357177734 -0.1434326171875 -0.458984375
-0.00715255737304688 0.0238475799560547 0.3419189453125 -0.56256103515625
-0.0469093322753906 0.00602340698242186 0.7884521484375 0.0103759765625
-0.0311164855957031 -0.0273075103759766 0.57049560546875 0.68157958984375
0.0258350372314453 -0.0200920104980469 -0.00628662109375003 0.5712890625
0.036651611328125 0.00196456909179688 0.035614013671875 0.0408782958984375
0.0243072509765625 -0.00694084167480469 -0.00323486328125004 -0.584228515625
-0.00207138061523437 -0.0249233245849609 -0.63671875 -0.60748291015625
-0.0336437225341797 -0.0140819549560547 -0.805419921875 0.21246337890625
-0.0221595764160156 0.00662803649902344 -0.2135009765625 0.65277099609375
0.00277423858642578 0.0141820907592773 0.198974609375 0.437042236328125
0.0184383392333984 0.0175380706787109 0.310272216796875 -0.001068115234375
0.02374267578125 0.00182914733886719 0.220474243164062 -0.248977661132812
0.0112380981445313 -0.0216331481933594 -0.176132202148438 0.214950561523438
0.0334701538085938 -0.0116062164306641 -0.280532836914063 -0.0578460693359375
0.0119094848632812 0.0141153335571289 -0.138702392578125 -0.455047607421875
-0.00477409362792969 0.0207386016845703 0.348602294921875 -0.558258056640625
-0.04400634765625 0.00557327270507813 0.7916259765625 0.02008056640625
-0.0330734252929688 -0.0315341949462891 0.56536865234375 0.68731689453125
0.0244464874267578 -0.0314750671386719 -0.00964355468750006 0.57196044921875
0.0394515991210938 -0.0109443664550781 0.0337333679199219 0.0412826538085938
0.0228404998779297 -0.0168666839599609 -0.00738525390624995 -0.5819091796875
-0.00494575500488282 -0.0277900695800781 -0.64068603515625 -0.59942626953125
-0.0314769744873047 -0.014129638671875 -0.80035400390625 0.22174072265625
-0.0209732055664063 0.00380706787109375 -0.20428466796875 0.65631103515625
0.00103950500488281 0.00922679901123047 0.203277587890625 0.437225341796875
0.0161676406860352 0.0135087966918945 0.3128662109375 -0.00115966796875
0.0211601257324219 -0.00107765197753906 0.221542358398438 -0.24725341796875
0.00643157958984375 -0.0260181427001953 -0.17596435546875 0.217849731445313
0.0299701690673828 -0.0173683166503906 -0.281402587890625 -0.0533447265625
0.0104894638061523 0.00706100463867188 -0.14593505859375 -0.451934814453125
-0.000459671020507814 0.0181503295898438 0.3404541015625 -0.560333251953125
-0.0388412475585937 0.0059967041015625 0.78973388671875 0.00909423828125
-0.0345306396484375 -0.0353240966796875 0.5712890625 0.68011474609375
0.0222434997558594 -0.041290283203125 -0.00695800781250002 0.57568359375
0.0419273376464844 -0.0233421325683594 0.0313911437988281 0.0466804504394531
0.0207347869873047 -0.0249118804931641 -0.00219726562500005 -0.58001708984375
-0.00525283813476562 -0.0300502777099609 -0.63214111328125 -0.60821533203125
-0.0268421173095703 -0.0157184600830078 -0.8038330078125 0.21026611328125
-0.0186290740966797 0.000658035278320314 -0.212158203125 0.65692138671875
-0.00116372108459473 0.00351452827453613 0.201171875 0.443145751953125
0.0117025375366211 0.00827503204345703 0.31329345703125 0.00299072265625
0.0163660049438477 -0.00325489044189453 0.222732543945312 -0.24725341796875
0.00107574462890625 -0.0291690826416016 -0.175811767578125 0.217376708984375
0.0262584686279297 -0.0249118804931641 -0.284942626953125 -0.04547119140625
0.00913143157958984 -0.000199317932128906 -0.154449462890625 -0.443878173828125
0.00517654418945313 0.0151586532592773 0.322509765625 -0.57037353515625
-0.0315418243408203 0.00723075866699218 0.78826904296875 -0.0166015625
-0.0349655151367188 -0.0351943969726563 0.59271240234375 0.6624755859375
0.0185775756835938 -0.047698974609375 0.00762939453124996 0.5799560546875
0.0427360534667969 -0.031646728515625 0.0295066833496094 0.0576591491699219
0.0186328887939453 -0.030426025390625 0.010986328125 -0.57403564453125
-0.0028076171875 -0.0315933227539063 -0.61944580078125 -0.626708984375
-0.0201702117919922 -0.0171356201171875 -0.8140869140625 0.1845703125
-0.0155754089355469 -0.00345706939697265 -0.23199462890625 0.65411376953125
-0.00326943397521973 -0.00373339653015137 0.18902587890625 0.4544677734375
0.00728130340576172 0.00261306762695312 0.310333251953125 0.012420654296875
0.011993408203125 -0.00771522521972656 0.223434448242188 -0.242172241210938
0.00753402709960937 -0.0237674713134766 -0.181961059570313 0.21929931640625
0.0307064056396484 -0.0106906890869141 -0.306060791015625 -0.02532958984375
0.0133171081542969 0.0185661315917969 -0.2103271484375 -0.43524169921875
0.00510025024414062 0.0207138061523438 0.232666015625 -0.61865234375
-0.0305538177490234 0.0121707916259766 0.75836181640625 -0.13104248046875
-0.0246372222900391 -0.0109310150146484 0.66741943359375 0.56512451171875
0.0215110778808594 0.000108718872070313 0.07305908203125 0.5784912109375
0.0220603942871094 0.0269203186035156 0.039764404296875 0.0804977416992188
0.0247459411621094 0.0167293548583984 0.07525634765625 -0.57000732421875
0.0147294998168945 -0.0125036239624023 -0.54779052734375 -0.71893310546875
-0.0173234939575195 -0.0168561935424805 -0.86181640625 0.06585693359375
-0.0170755386352539 0.00132560729980469 -0.331787109375 0.62005615234375
0.000356674194335936 0.0155515670776367 0.125457763671875 0.475311279296875
0.0138473510742188 0.0167312622070313 0.289581298828125 0.039886474609375
0.0200462341308594 -0.00189018249511719 0.218948364257812 -0.240798950195312
0.010528564453125 -0.0205192565917969 -0.17919921875 0.220428466796875
0.0337905883789063 -0.00718116760253906 -0.299896240234375 -0.0343627929687501
0.0153312683105469 0.022857666015625 -0.191650390625 -0.44329833984375
0.000146865844726563 0.0235252380371094 0.26593017578125 -0.60272216796875
-0.0372467041015625 0.0106925964355469 0.76629638671875 -0.09002685546875
-0.0259170532226563 -0.0133113861083984 0.6375732421875 0.60284423828125
0.0239410400390625 0.00098419189453125 0.04888916015625 0.5777587890625
0.0247077941894531 0.0277938842773437 0.0402717590332031 0.0676460266113281
0.0268039703369141 0.0154819488525391 0.054931640625 -0.58013916015625
0.0105476379394531 -0.0141134262084961 -0.573486328125 -0.6905517578125
-0.0250205993652344 -0.0168972015380859 -0.8494873046875 0.106689453125
-0.0205707550048828 0.00460243225097656 -0.300537109375 0.62939453125
0.000913619995117189 0.01934814453125 0.146392822265625 0.4635009765625
0.0174827575683594 0.0202522277832031 0.295654296875 0.025360107421875
0.0224571228027344 0.000240325927734375 0.217697143554688 -0.248306274414063
0.0146064758300781 -0.0185279846191406 -0.179931640625 0.217315673828125
0.0363502502441406 -0.0044403076171875 -0.294219970703125 -0.044647216796875
0.0152988433837891 0.0245990753173828 -0.173248291015625 -0.45306396484375
-0.00366401672363281 0.025146484375 0.29559326171875 -0.5908203125
-0.0429916381835937 0.00956344604492188 0.77911376953125 -0.0517578125
-0.0269985198974609 -0.0171585083007812 0.6136474609375 0.63519287109375
0.0242538452148438 -0.00354957580566406 0.027587890625 0.5743408203125
0.028411865234375 0.0232715606689453 0.0395050048828125 0.0556526184082031
0.0265045166015625 0.0106163024902344 0.0316162109375 -0.5836181640625
0.00617027282714844 -0.0181560516357422 -0.605224609375 -0.6571044921875
-0.0301876068115234 -0.0157032012939453 -0.83489990234375 0.153564453125
-0.0230216979980469 0.00649833679199218 -0.26531982421875 0.64056396484375
0.00250434875488281 0.0202503204345703 0.16851806640625 0.451904296875
0.0195045471191406 0.0218715667724609 0.30218505859375 0.01507568359375
0.0251522064208984 0.00241470336914063 0.21942138671875 -0.248443603515625
0.0144386291503906 -0.0176773071289063 -0.177627563476562 0.218353271484375
0.03729248046875 -0.00451278686523438 -0.287994384765625 -0.052154541015625
0.0151767730712891 0.0242271423339844 -0.156646728515625 -0.45758056640625
-0.00659942626953125 0.0241527557373047 0.32476806640625 -0.5755615234375
-0.0464210510253906 0.00756072998046875 0.78546142578125 -0.01336669921875
-0.0290050506591797 -0.0217208862304688 0.5877685546875 0.6646728515625
0.0258083343505859 -0.0100669860839844 0.00640869140625 0.573974609375
0.032745361328125 0.01495361328125 0.0383415222167969 0.0466537475585938
0.0263500213623047 0.0037994384765625 0.01251220703125 -0.58758544921875
0.00189781188964844 -0.0205154418945313 -0.62579345703125 -0.63134765625
-0.0336036682128906 -0.0152511596679688 -0.81890869140625 0.1888427734375
-0.0228958129882813 0.00683975219726563 -0.23583984375 0.64947509765625
0.00315475463867187 0.0180397033691406 0.187408447265625 0.44384765625
0.0200767517089844 0.0201969146728516 0.30755615234375 0.003448486328125
0.0254802703857422 0.00324058532714844 0.218963623046875 -0.252471923828125
0.0136699676513672 -0.0191802978515625 -0.177459716796875 0.216583251953125
0.0353775024414063 -0.00764083862304688 -0.283416748046875 -0.05731201171875
0.0142383575439453 0.0198287963867188 -0.146148681640625 -0.459503173828125
-0.00661277770996094 0.0230941772460938 0.34234619140625 -0.567138671875
-0.0469818115234375 0.00619888305664063 0.7913818359375 0.01080322265625
-0.0318431854248047 -0.0267982482910156 0.573974609375 0.6827392578125
0.0252876281738281 -0.0206222534179688 -0.00518798828125001 0.57366943359375
0.0370216369628906 0.00258636474609375 0.0369834899902344 0.0412406921386719
0.0244369506835938 -0.00706863403320313 -0.00128173828125003 -0.58697509765625
-0.00194168090820313 -0.02508544921875 -0.6407470703125 -0.60906982421875
-0.0337905883789063 -0.0140514373779297 -0.8084716796875 0.21453857421875
-0.0225715637207031 0.00654983520507813 -0.21282958984375 0.65875244140625
0.00294113159179688 0.0145864486694336 0.20111083984375 0.439849853515625
0.0197467803955078 0.0175838470458984 0.31109619140625 -0.002410888671875
0.0241184234619141 0.00103759765625 0.22021484375 -0.251388549804688
0.0108261108398438 -0.0213909149169922 -0.176071166992188 0.216461181640625
0.0332870483398438 -0.0125961303710938 -0.28228759765625 -0.056304931640625
0.0129690170288086 0.0140800476074219 -0.1427001953125 -0.4581298828125
-0.00451850891113281 0.0207901000976563 0.349273681640625 -0.56195068359375
-0.0445137023925781 0.00615692138671874 0.7938232421875 0.0167236328125
-0.0334186553955078 -0.0317325592041016 0.56976318359375 0.6884765625
0.0242481231689453 -0.0314254760742188 -0.00933837890625003 0.5750732421875
0.0404167175292969 -0.0118560791015625 0.0340538024902344 0.0417098999023438
0.0226078033447266 -0.0161762237548828 -0.00640869140625 -0.58447265625
-0.00409889221191407 -0.0279903411865234 -0.64593505859375 -0.5994873046875
-0.0313148498535156 -0.0140476226806641 -0.80352783203125 0.22491455078125
-0.0210456848144531 0.004058837890625 -0.20416259765625 0.66070556640625
0.00141620635986328 0.00909900665283203 0.20550537109375 0.44036865234375
0.0165557861328125 0.0134239196777344 0.313568115234375 -0.001983642578125
0.0212841033935547 -0.00105667114257812 0.221328735351563 -0.249404907226563
0.00560760498046875 -0.0253658294677734 -0.175445556640625 0.218765258789062
0.0306816101074219 -0.0188255310058594 -0.28302001953125 -0.0517578125
0.0108108520507813 0.00653743743896484 -0.146697998046875 -0.45294189453125
0.00060272216796875 0.0178241729736328 0.34088134765625 -0.56561279296875
-0.0391654968261719 0.00608825683593751 0.7926025390625 0.00787353515625
-0.0348320007324219 -0.0352668762207031 0.57464599609375 0.68267822265625
0.0217399597167969 -0.0418319702148438 -0.00701904296875003 0.57720947265625
0.0424346923828125 -0.0235023498535156 0.0324211120605469 0.0482330322265625
0.0208721160888672 -0.024932861328125 -0.000122070312500019 -0.5809326171875
-0.00525283813476562 -0.0305557250976563 -0.635986328125 -0.60943603515625
-0.0277557373046875 -0.0153579711914063 -0.8067626953125 0.213623046875
-0.0189571380615234 0.000671386718749998 -0.2105712890625 0.66217041015625
-0.000567197799682617 0.0026240348815918 0.20379638671875 0.445526123046875
0.0121469497680664 0.00808525085449219 0.31317138671875 0.00213623046875
0.0162620544433594 -0.00432968139648438 0.223052978515625 -0.249740600585938
0.000320434570312499 -0.0291366577148438 -0.175247192382813 0.218658447265625
0.0263195037841797 -0.0253219604492188 -0.286224365234375 -0.043914794921875
0.00873565673828125 -0.000528812408447266 -0.15704345703125 -0.446136474609375
0.00592994689941406 0.0142812728881836 0.322021484375 -0.572509765625
-0.0323200225830078 0.00736045837402344 0.79083251953125 -0.01806640625
-0.0357170104980469 -0.0358314514160156 0.59722900390625 0.6607666015625
0.0190200805664063 -0.0480995178222656 0.0072021484375 0.5819091796875
0.0422744750976563 -0.0323295593261719 0.030364990234375 0.0578804016113281
0.0190639495849609 -0.0316143035888672 0.0125732421875 -0.57574462890625
-0.00328636169433593 -0.0312080383300781 -0.62335205078125 -0.62750244140625
-0.0207462310791016 -0.0160694122314453 -0.8173828125 0.1875
-0.0162630081176758 -0.0034627914428711 -0.23065185546875 0.65899658203125
-0.00223183631896973 -0.00354719161987305 0.1910400390625 0.45660400390625
0.00791501998901367 0.00248289108276367 0.311492919921875 0.011871337890625
0.0117311477661133 -0.00789260864257812 0.2236328125 -0.244033813476563
0.00682640075683594 -0.0238151550292969 -0.18218994140625 0.221481323242187
0.0305137634277344 -0.0119247436523438 -0.307708740234375 -0.02313232421875
0.0141239166259766 0.0189323425292969 -0.214141845703125 -0.435577392578125
0.00568389892578125 0.0198097229003906 0.23199462890625 -0.623779296875
-0.0310573577880859 0.0130081176757812 0.76007080078125 -0.1348876953125
-0.0245361328125 -0.0110263824462891 0.6717529296875 0.5648193359375
0.0214595794677734 0.000329971313476563 0.0733642578125 0.58038330078125
0.0218029022216797 0.0266819000244141 0.0409088134765625 0.08001708984375
0.0245742797851563 0.0166873931884766 0.0738525390624999 -0.57366943359375
0.0147886276245117 -0.0131464004516602 -0.55181884765625 -0.7208251953125
-0.0177822113037109 -0.0168342590332031 -0.8675537109375 0.0698242187499999
-0.0182170867919922 0.00182723999023437 -0.33099365234375 0.625244140625
0.000365257263183595 0.0164070129394531 0.12945556640625 0.4781494140625
0.0144777297973633 0.016392707824707 0.291046142578125 0.038848876953125
0.0197658538818359 -0.00260162353515625 0.219833374023438 -0.24432373046875
0.0104713439941406 -0.0209293365478516 -0.178573608398437 0.222457885742188
0.0339336395263672 -0.00765800476074219 -0.30242919921875 -0.03302001953125
0.0152931213378906 0.0229873657226563 -0.195037841796875 -0.445220947265625
0.00122642517089844 0.0223274230957031 0.26495361328125 -0.60791015625
-0.0381278991699219 0.0111885070800781 0.7705078125 -0.0924072265625
-0.0256233215332031 -0.0129299163818359 0.642578125 0.60272216796875
0.0243453979492188 0.000354766845703125 0.04864501953125 0.5802001953125
0.0254688262939453 0.027801513671875 0.0411453247070313 0.06884765625
0.0268001556396484 0.0165157318115234 0.0543212890625 -0.58221435546875
0.010746955871582 -0.0156793594360352 -0.57965087890625 -0.69305419921875
-0.0258121490478516 -0.0166149139404297 -0.8519287109375 0.11083984375
-0.0210304260253906 0.00429916381835937 -0.29888916015625 0.6351318359375
0.00174331665039063 0.0199623107910156 0.15093994140625 0.465972900390625
0.0177669525146484 0.0198764801025391 0.296630859375 0.024871826171875
0.0223464965820313 0.00086212158203125 0.21722412109375 -0.251113891601563
0.0142650604248047 -0.0186691284179688 -0.180007934570313 0.219558715820313
0.0357246398925781 -0.005828857421875 -0.296600341796875 -0.0439453125
0.0161800384521484 0.0246334075927734 -0.177703857421875 -0.45379638671875
-0.00372314453125 0.0251007080078125 0.2952880859375 -0.5958251953125
-0.0429153442382813 0.01025390625 0.78265380859375 -0.054931640625
-0.0272350311279297 -0.017120361328125 0.6180419921875 0.63494873046875
0.0241584777832031 -0.00291633605957031 0.029296875 0.57666015625
0.0285053253173828 0.0232810974121094 0.0400161743164063 0.056549072265625
0.0270519256591797 0.0106048583984375 0.03118896484375 -0.585693359375
0.00613975524902344 -0.0182743072509766 -0.6102294921875 -0.65826416015625
-0.0303211212158203 -0.0162029266357422 -0.840087890625 0.15771484375
-0.0230998992919922 0.00672721862792968 -0.264404296875 0.64703369140625
0.00322723388671875 0.0200119018554688 0.170989990234375 0.4552001953125
0.0203380584716797 0.0208988189697266 0.303497314453125 0.014007568359375
0.0259494781494141 0.00204849243164063 0.220626831054688 -0.251068115234375
0.0139789581298828 -0.0187320709228516 -0.177398681640625 0.22021484375
0.0370903015136719 -0.0062713623046875 -0.29034423828125 -0.050994873046875
0.0155258178710937 0.0242919921875 -0.16033935546875 -0.46075439453125
-0.00569534301757813 0.0241909027099609 0.32208251953125 -0.58251953125
-0.0468406677246094 0.007904052734375 0.78985595703125 -0.01666259765625
-0.0291881561279297 -0.0214481353759766 0.59161376953125 0.6656494140625
0.0255050659179688 -0.0104885101318359 0.00640869140625003 0.575927734375
0.0331344604492188 0.0149059295654297 0.0394020080566406 0.0469207763671875
0.026824951171875 0.00312614440917969 0.01220703125 -0.589599609375
0.00153732299804688 -0.0217800140380859 -0.6312255859375 -0.63153076171875
-0.0337333679199219 -0.0147781372070313 -0.82220458984375 0.19305419921875
-0.0231609344482422 0.00718307495117188 -0.23388671875 0.656005859375
0.00343894958496094 0.019012451171875 0.18994140625 0.446563720703125
0.0212249755859375 0.0204677581787109 0.308624267578125 0.00299072265625
0.0249252319335938 0.00270843505859375 0.219039916992187 -0.25469970703125
0.0135765075683594 -0.0194683074951172 -0.1767578125 0.219131469726563
0.0351829528808594 -0.00838088989257813 -0.285736083984375 -0.055267333984375
0.0147991180419922 0.0202121734619141 -0.148681640625 -0.461395263671875
-0.0066375732421875 0.0232734680175781 0.34100341796875 -0.57220458984375
-0.0476036071777344 0.00711441040039063 0.795166015625 0.00689697265625
-0.0315284729003906 -0.0274887084960938 0.576171875 0.68365478515625
0.0249443054199219 -0.020904541015625 -0.00531005859374994 0.5755615234375
0.0372123718261719 0.002349853515625 0.0377655029296875 0.0417098999023437
0.0253448486328125 -0.00703620910644531 -0.00335693359374995 -0.58929443359375
-0.00240135192871094 -0.0256404876708984 -0.647705078125 -0.610107421875
-0.0335521697998047 -0.0133285522460938 -0.8131103515625 0.22064208984375
-0.0226726531982422 0.00683021545410156 -0.21173095703125 0.662109375
0.00344657897949219 0.0152578353881836 0.20318603515625 0.44256591796875
0.0197296142578125 0.0173282623291016 0.312164306640625 -0.003143310546875
0.024322509765625 0.00175666809082031 0.220199584960937 -0.253952026367188
0.00986480712890625 -0.0216636657714844 -0.175811767578125 0.218414306640625
0.0332469940185547 -0.0135707855224609 -0.284637451171875 -0.05517578125
0.0131168365478516 0.014033317565918 -0.1441650390625 -0.458892822265625
-0.00413131713867188 0.0208816528320313 0.34637451171875 -0.5677490234375
-0.0448493957519531 0.00656890869140624 0.79730224609375 0.01519775390625
-0.0333042144775391 -0.0321063995361328 0.5738525390625 0.68951416015625
0.023834228515625 -0.0319747924804688 -0.00811767578124994 0.5750732421875
0.0404396057128906 -0.0110931396484375 0.0360069274902344 0.0422744750976563
0.02288818359375 -0.0173988342285156 -0.00927734375000003 -0.58721923828125
-0.00531768798828125 -0.0279331207275391 -0.650634765625 -0.60101318359375
-0.0323505401611328 -0.0139350891113281 -0.80828857421875 0.22955322265625
-0.0214385986328125 0.00429916381835937 -0.202392578125 0.66571044921875
0.00140380859375 0.00965785980224609 0.20941162109375 0.441162109375
0.0168685913085938 0.0130681991577148 0.315521240234375 -0.003387451171875
0.0211391448974609 -0.000499725341796875 0.222274780273438 -0.251922607421875
0.00504875183105469 -0.0255870819091797 -0.175338745117188 0.220779418945313
0.0306892395019531 -0.0196704864501953 -0.285003662109375 -0.0501708984375
0.0117340087890625 0.00666427612304688 -0.14935302734375 -0.455291748046875
0.000787734985351564 0.0178565979003906 0.33941650390625 -0.5697021484375
-0.0396232604980469 0.00644683837890625 0.79766845703125 0.00531005859375
-0.0352935791015625 -0.0351104736328125 0.580078125 0.68267822265625
0.0212020874023437 -0.04205322265625 -0.00695800781250003 0.58001708984375
0.0424156188964844 -0.0231475830078125 0.0336761474609375 0.0487289428710938
0.0208301544189453 -0.0251693725585937 -0.00183105468749996 -0.58270263671875
-0.00485610961914062 -0.0304069519042969 -0.64202880859375 -0.6102294921875
-0.0280170440673828 -0.0153961181640625 -0.809814453125 0.2174072265625
-0.0190677642822266 0.000728607177734378 -0.20782470703125 0.66668701171875
-0.000881671905517578 0.00301098823547363 0.207244873046875 0.448333740234375
0.012629508972168 0.0079498291015625 0.315338134765625 0.000488281250000001
0.0161819458007813 -0.00469398498535156 0.222915649414063 -0.251434326171875
0.000263214111328126 -0.0293178558349609 -0.17474365234375 0.220703125
0.0255146026611328 -0.0263652801513672 -0.287628173828125 -0.04254150390625
0.00945949554443359 -0.000509262084960938 -0.16015625 -0.44744873046875
0.00633716583251953 0.0145587921142578 0.3209228515625 -0.57781982421875
-0.0328292846679688 0.00785446166992188 0.79547119140625 -0.022216796875
-0.0357627868652344 -0.0356407165527344 0.6026611328125 0.6624755859375
0.0183143615722656 -0.0489273071289063 0.00689697265625005 0.58355712890625
0.0419921875 -0.0327262878417969 0.0317306518554688 0.0589485168457031
0.0193767547607422 -0.0314311981201172 0.0113525390625001 -0.57733154296875
-0.0035400390625 -0.0319919586181641 -0.62774658203125 -0.626708984375
-0.0210762023925781 -0.0163288116455078 -0.82080078125 0.19293212890625
-0.0158185958862305 -0.00349140167236328 -0.22918701171875 0.6649169921875
-0.00231504440307617 -0.0034937858581543 0.1944580078125 0.4583740234375
0.00843191146850586 0.00217866897583008 0.3118896484375 0.010498046875
0.0117731094360352 -0.00761985778808594 0.223617553710937 -0.24664306640625
0.00703239440917969 -0.0235195159912109 -0.18115234375 0.222747802734375
0.0301952362060547 -0.0134525299072266 -0.310455322265625 -0.0205688476562499
0.0150012969970703 0.0185470581054688 -0.21820068359375 -0.435821533203125
0.006439208984375 0.0201473236083984 0.22857666015625 -0.6280517578125
-0.0307388305664063 0.0131378173828125 0.76324462890625 -0.14019775390625
-0.0246677398681641 -0.0109977722167969 0.6771240234375 0.5638427734375
0.0211925506591797 -0.000112533569335938 0.07647705078125 0.58331298828125
0.0225067138671875 0.0270233154296875 0.041900634765625 0.0821151733398438
0.0250396728515625 0.0163993835449219 0.0726318359375 -0.57562255859375
0.0152549743652344 -0.0134754180908203 -0.55938720703125 -0.72198486328125
-0.0183696746826172 -0.016387939453125 -0.8720703125 0.0744018554687499
-0.0182647705078125 0.00199317932128906 -0.33026123046875 0.63201904296875
0.00110244750976563 0.0164623260498047 0.132965087890625 0.481536865234375
0.0151853561401367 0.0163183212280273 0.291900634765625 0.03765869140625
0.0208568572998047 -0.00286102294921875 0.219024658203125 -0.24658203125
0.00975227355957032 -0.0200748443603516 -0.178604125976562 0.22418212890625
0.0349044799804688 -0.00961494445800781 -0.30450439453125 -0.0303955078125
0.0166645050048828 0.0221195220947266 -0.198089599609375 -0.44549560546875
0.0019378662109375 0.0228462219238281 0.26336669921875 -0.61279296875
-0.0376052856445313 0.0118980407714844 0.7747802734375 -0.097900390625
-0.02593994140625 -0.0130195617675781 0.6480712890625 0.60223388671875
0.0233383178710938 -0.000230789184570313 0.0518798828124999 0.581298828125
0.0255203247070313 0.0279693603515625 0.0420188903808594 0.0699462890625
0.0269641876220703 0.0159015655517578 0.0527954101562499 -0.5845947265625
0.0109424591064453 -0.0152997970581055 -0.58428955078125 -0.6944580078125
-0.0258121490478516 -0.0159416198730469 -0.85809326171875 0.11590576171875
-0.0207805633544922 0.00437355041503906 -0.29595947265625 0.64019775390625
0.00225257873535156 0.0202617645263672 0.153045654296875 0.467742919921875
0.0182647705078125 0.0194625854492187 0.29840087890625 0.02337646484375
0.0225200653076172 0.000463485717773437 0.217453002929688 -0.25384521484375
0.0140647888183594 -0.0191593170166016 -0.179840087890625 0.221481323242188
0.0358390808105469 -0.00646591186523438 -0.297943115234375 -0.04193115234375
0.0171279907226563 0.0252513885498047 -0.18157958984375 -0.456085205078125
-0.0026702880859375 0.024810791015625 0.2918701171875 -0.60076904296875
-0.0431632995605469 0.0113258361816406 0.786865234375 -0.05865478515625
-0.027374267578125 -0.0168571472167969 0.6243896484375 0.63262939453125
0.0241870880126953 -0.00396347045898438 0.0304565429687499 0.57928466796875
0.0281867980957031 0.0232524871826172 0.0412406921386719 0.057281494140625
0.0274276733398438 0.0103626251220703 0.02874755859375 -0.58642578125
0.00641059875488282 -0.0184783935546875 -0.616943359375 -0.6597900390625
-0.0308303833007813 -0.0154323577880859 -0.8431396484375 0.16259765625
-0.0236625671386719 0.00711631774902344 -0.26214599609375 0.6533203125
0.0034027099609375 0.0206794738769531 0.1749267578125 0.45831298828125
0.0208377838134766 0.0207195281982422 0.303680419921875 0.01220703125
0.0258312225341797 0.00130844116210938 0.219833374023438 -0.253829956054688
0.0139503479003906 -0.0189857482910156 -0.176376342773438 0.222183227539063
0.0372085571289063 -0.00652313232421875 -0.29180908203125 -0.0485839843749999
0.0162754058837891 0.0237159729003906 -0.162567138671875 -0.46026611328125
-0.00561141967773437 0.0242385864257813 0.32135009765625 -0.5865478515625
-0.0471267700195313 0.00860595703125 0.7926025390625 -0.01898193359375
-0.0299777984619141 -0.0208854675292969 0.59832763671875 0.66632080078125
0.025482177734375 -0.011444091796875 0.00897216796875003 0.57916259765625
0.0334110260009766 0.0145053863525391 0.0399665832519531 0.0476722717285156
0.0274257659912109 0.00275230407714844 0.01080322265625 -0.59228515625
0.00193405151367187 -0.022125244140625 -0.63739013671875 -0.63232421875
-0.0336570739746094 -0.0144672393798828 -0.82696533203125 0.19940185546875
-0.0239391326904297 0.00808525085449219 -0.23052978515625 0.66162109375
0.00443840026855469 0.0192203521728516 0.194427490234375 0.448516845703125
0.0214710235595703 0.0195655822753906 0.309478759765625 0.000671386718750001
0.0259075164794922 0.00207710266113281 0.218917846679688 -0.257431030273438
0.0126819610595703 -0.0198554992675781 -0.176528930664063 0.220321655273437
0.0352516174316406 -0.00947952270507813 -0.28753662109375 -0.053680419921875
0.0152511596679688 0.0198593139648438 -0.152099609375 -0.46282958984375
-0.00593376159667969 0.0226593017578125 0.339599609375 -0.5760498046875
-0.0484123229980469 0.00712203979492187 0.7974853515625 0.00335693359375
-0.0313625335693359 -0.0266399383544922 0.5828857421875 0.68365478515625
0.02459716796875 -0.0213222503662109 -0.00244140625000003 0.57794189453125
0.0368919372558594 0.0027008056640625 0.0382003784179688 0.0423393249511719
0.0255451202392578 -0.00727272033691406 -0.00402832031249999 -0.5924072265625
-0.00182914733886719 -0.0253009796142578 -0.6533203125 -0.609619140625
-0.0344905853271484 -0.0134468078613281 -0.8157958984375 0.226806640625
-0.0229473114013672 0.00685501098632812 -0.20819091796875 0.66876220703125
0.00366592407226562 0.0152502059936523 0.20806884765625 0.44366455078125
0.0203952789306641 0.0169601440429688 0.31439208984375 -0.00457763671875
0.0247249603271484 0.00142288208007813 0.219833374023437 -0.256027221679688
0.00995063781738281 -0.0222301483154297 -0.175201416015625 0.220458984375
0.0330429077148438 -0.0145339965820313 -0.28509521484375 -0.053253173828125
0.0141105651855469 0.0137777328491211 -0.148101806640625 -0.460693359375
-0.00395965576171875 0.0198802947998047 0.34564208984375 -0.57318115234375
-0.0463752746582031 0.00739669799804688 0.80206298828125 0.01129150390625
-0.0335693359375 -0.0323657989501953 0.5772705078125 0.68780517578125
0.0232524871826172 -0.0321464538574219 -0.00775146484374994 0.57891845703125
0.040679931640625 -0.01141357421875 0.0361785888671875 0.0430984497070313
0.0230216979980469 -0.0174694061279297 -0.00903320312499999 -0.58990478515625
-0.0045928955078125 -0.0285472869873047 -0.65655517578125 -0.60113525390625
-0.0322952270507813 -0.0129413604736328 -0.81280517578125 0.2362060546875
-0.0219573974609375 0.00489234924316406 -0.20086669921875 0.67364501953125
0.00219249725341797 0.00909709930419922 0.212921142578125 0.44415283203125
0.0173349380493164 0.0125322341918945 0.316162109375 -0.00531005859375
0.0217990875244141 -0.00101852416992188 0.221420288085937 -0.255508422851563
0.00451850891113281 -0.0254669189453125 -0.174636840820313 0.222412109375
0.0300121307373047 -0.0211296081542969 -0.2869873046875 -0.048095703125
0.0122528076171875 0.00648784637451172 -0.155120849609375 -0.4544677734375
0.00157356262207031 0.0172700881958008 0.33746337890625 -0.5738525390625
-0.0404701232910156 0.00705337524414062 0.80108642578125 -0.000244140625
-0.0346908569335937 -0.0352783203125 0.585205078125 0.681884765625
0.0210838317871094 -0.0429458618164063 -0.00323486328124998 0.58306884765625
0.0429153442382813 -0.0239677429199219 0.0339622497558594 0.0492706298828125
0.0208034515380859 -0.0259685516357422 -0.00207519531250002 -0.5865478515625
-0.00539016723632813 -0.0310764312744141 -0.64886474609375 -0.609130859375
-0.0283584594726563 -0.0151786804199219 -0.814208984375 0.22412109375
-0.0192832946777344 0.00129508972167969 -0.206787109375 0.6727294921875
0.000175714492797852 0.00350856781005859 0.20989990234375 0.4498291015625
0.0136032104492188 0.00740814208984375 0.316314697265625 -0.0008544921875
0.0167045593261719 -0.00426101684570312 0.222732543945313 -0.254302978515625
-0.000278472900390622 -0.0297107696533203 -0.1744384765625 0.222198486328125
0.0255508422851562 -0.0271587371826172 -0.29010009765625 -0.03973388671875
0.0100059509277344 -0.00169467926025391 -0.163848876953125 -0.447723388671875
0.00697612762451172 0.0134153366088867 0.31982421875 -0.58203125
-0.0335655212402344 0.00832939147949218 0.79840087890625 -0.02593994140625
-0.0357780456542969 -0.0355186462402344 0.60736083984375 0.662109375
0.0186958312988281 -0.0493316650390625 0.01025390625 0.58685302734375
0.0419502258300781 -0.0323753356933594 0.032623291015625 0.0601768493652344
0.0191745758056641 -0.0319576263427734 0.00982666015624997 -0.57977294921875
-0.00262451171875 -0.0320148468017578 -0.63494873046875 -0.62921142578125
-0.0214366912841797 -0.0160503387451172 -0.82574462890625 0.19842529296875
-0.0162801742553711 -0.00335121154785156 -0.22686767578125 0.67071533203125
-0.00187516212463379 -0.0034186840057373 0.19891357421875 0.462188720703125
0.00835657119750977 0.00204944610595703 0.314666748046875 0.00927734375
0.0118732452392578 -0.00827980041503906 0.222946166992188 -0.2498779296875
0.00579452514648438 -0.0241622924804688 -0.180465698242188 0.225006103515625
0.0299606323242188 -0.0140247344970703 -0.312408447265625 -0.0182189941406251
0.0162982940673828 0.0178794860839844 -0.222869873046875 -0.436553955078125
0.00686264038085938 0.0198116302490234 0.22540283203125 -0.6331787109375
-0.0313587188720703 0.0133132934570313 0.766845703125 -0.14630126953125
-0.0250186920166016 -0.01092529296875 0.6817626953125 0.5601806640625
0.0210514068603516 -0.000738143920898438 0.07867431640625 0.58428955078125
0.0221881866455078 0.0271511077880859 0.0426788330078125 0.0824737548828125
0.0257167816162109 0.0164928436279297 0.0711669921875 -0.578369140625
0.0150461196899414 -0.0132551193237305 -0.56634521484375 -0.7235107421875
-0.0182056427001953 -0.017242431640625 -0.876953125 0.0797119140625001
-0.0180683135986328 0.0023345947265625 -0.3262939453125 0.63677978515625
0.0016927719116211 0.0170326232910156 0.13739013671875 0.48382568359375
0.0154628753662109 0.0160140991210938 0.293701171875 0.036224365234375
0.0200023651123047 -0.00327873229980469 0.21856689453125 -0.250259399414063
0.0099945068359375 -0.0211906433105469 -0.177658081054688 0.226806640625
0.0343475341796875 -0.00997352600097656 -0.3062744140625 -0.028045654296875
0.0175590515136719 0.0230045318603516 -0.202880859375 -0.447235107421875
0.00180816650390625 0.02215576171875 0.259033203125 -0.6177978515625
-0.0388679504394531 0.0122795104980469 0.77728271484375 -0.101806640625
-0.0260601043701172 -0.0130558013916016 0.65435791015625 0.60040283203125
0.0233383178710938 1.9073486328125E-05 0.0543212890625 0.58355712890625
0.0256938934326172 0.0285835266113281 0.0429534912109375 0.0694694519042969
0.0274581909179688 0.0156841278076172 0.052001953125 -0.58746337890625
0.0110893249511719 -0.0156240463256836 -0.59490966796875 -0.69268798828125
-0.0259208679199219 -0.0155887603759766 -0.86163330078125 0.12225341796875
-0.021759033203125 0.005340576171875 -0.29400634765625 0.6483154296875
0.00282859802246094 0.0202903747558594 0.15704345703125 0.470672607421875
0.0197048187255859 0.0189781188964844 0.299652099609375 0.02178955078125
0.0232410430908203 4.1961669921875E-05 0.216278076171875 -0.257125854492188
0.0133552551269531 -0.0195674896240234 -0.178741455078125 0.224395751953125
0.0359230041503906 -0.00775146484375 -0.300140380859375 -0.039306640625
0.0184268951416016 0.0243625640869141 -0.18511962890625 -0.455810546875
-0.00233268737792969 0.0241756439208984 0.28973388671875 -0.60614013671875
-0.0441856384277344 0.0114059448242187 0.7877197265625 -0.0640869140625
-0.0272922515869141 -0.0165634155273437 0.6304931640625 0.63165283203125
0.0243587493896484 -0.00431060791015625 0.03326416015625 0.58184814453125
0.0290489196777344 0.0233402252197266 0.0423011779785156 0.0583534240722656
0.0277042388916016 0.0103645324707031 0.028564453125 -0.58837890625
0.00707626342773438 -0.0189914703369141 -0.62353515625 -0.6611328125
-0.0308570861816406 -0.0140419006347656 -0.84930419921875 0.16815185546875
-0.0235652923583984 0.00768089294433594 -0.25946044921875 0.66064453125
0.00415802001953125 0.0209484100341797 0.179656982421875 0.460296630859375
0.0215835571289063 0.0204658508300781 0.305633544921875 0.0107421875
0.0259742736816406 0.00133132934570313 0.218856811523438 -0.25640869140625
0.0135440826416016 -0.0188140869140625 -0.17529296875 0.22430419921875
0.0368423461914063 -0.00774002075195313 -0.293548583984375 -0.046722412109375
0.0167694091796875 0.0235385894775391 -0.169677734375 -0.46234130859375
-0.00527763366699219 0.0241680145263672 0.31756591796875 -0.5909423828125
-0.0481834411621094 0.00944137573242188 0.79638671875 -0.02667236328125
-0.0297317504882812 -0.0216560363769531 0.6038818359375 0.66387939453125
0.0249710083007812 -0.0111160278320313 0.0122680664062499 0.58062744140625
0.0330390930175781 0.0151233673095703 0.0408935546875 0.0481910705566406
0.0271892547607422 0.00221633911132813 0.01019287109375 -0.59356689453125
0.00152397155761719 -0.0226078033447266 -0.64373779296875 -0.63201904296875
-0.0349102020263672 -0.013671875 -0.8323974609375 0.206787109375
-0.0243072509765625 0.0076751708984375 -0.22869873046875 0.66827392578125
0.00396347045898438 0.0187034606933594 0.197601318359375 0.45001220703125
0.0223922729492188 0.0191326141357422 0.31134033203125 -0.000976562499999999
0.0255947113037109 0.00272941589355469 0.218093872070312 -0.260848999023438
0.0121288299560547 -0.0195846557617188 -0.175338745117188 0.222702026367187
0.0355148315429688 -0.0105247497558594 -0.289886474609375 -0.05072021484375
0.0160617828369141 0.0193367004394531 -0.157623291015625 -0.463775634765625
-0.00558662414550781 0.0223064422607422 0.33636474609375 -0.58319091796875
-0.0480804443359375 0.00862121582031251 0.80206298828125 -0.0029296875
-0.0314903259277344 -0.0273818969726562 0.58905029296875 0.68145751953125
0.0242118835449219 -0.0214328765869141 -0.00183105468749997 0.57928466796875
0.0371780395507813 0.0020294189453125 0.0395126342773438 0.0431365966796875
0.0250625610351563 -0.00798797607421875 -0.00659179687500006 -0.59405517578125
-0.00161361694335938 -0.0261306762695313 -0.660888671875 -0.6083984375
-0.0354995727539063 -0.0133285522460937 -0.8194580078125 0.23419189453125
-0.0237770080566406 0.00745964050292968 -0.20477294921875 0.67449951171875
0.00382328033447266 0.0148410797119141 0.211395263671875 0.44683837890625
0.0213375091552734 0.0163345336914063 0.315155029296875 -0.006561279296875
0.0244903564453125 0.00150108337402344 0.219009399414063 -0.260009765625
0.00935554504394531 -0.0222797393798828 -0.1744384765625 0.222900390625
0.03271484375 -0.0157699584960937 -0.28765869140625 -0.050445556640625
0.0142145156860352 0.0136022567749023 -0.1524658203125 -0.4619140625
-0.00309562683105469 0.0199642181396484 0.343017578125 -0.577392578125
-0.0456733703613281 0.00769042968750001 0.80633544921875 0.0059814453125
-0.0335044860839844 -0.03289794921875 0.58392333984375 0.6875
0.0229167938232422 -0.0334415435791016 -0.00555419921875 0.5816650390625
0.0403366088867188 -0.0118560791015625 0.0373649597167969 0.0438575744628906
0.0232028961181641 -0.0180511474609375 -0.0107421875000001 -0.591552734375
-0.00493049621582032 -0.0284938812255859 -0.66375732421875 -0.60028076171875
-0.0331802368164063 -0.0127944946289063 -0.8145751953125 0.242431640625
-0.0216045379638672 0.00534439086914062 -0.19561767578125 0.677978515625
0.00223922729492187 0.00987625122070313 0.21820068359375 0.445281982421875
0.0177745819091797 0.0123920440673828 0.31732177734375 -0.007415771484375
0.0218105316162109 -0.0008697509765625 0.220962524414063 -0.258102416992188
0.00423812866210938 -0.0260944366455078 -0.173446655273437 0.22528076171875
0.0291042327880859 -0.0221157073974609 -0.28875732421875 -0.045806884765625
0.0126209259033203 0.00608253479003906 -0.158843994140625 -0.45672607421875
0.00174427032470703 0.017003059387207 0.3363037109375 -0.57952880859375
-0.0405654907226562 0.007598876953125 0.80401611328125 -0.0045166015625
-0.0356063842773438 -0.035552978515625 0.592041015625 0.681640625
0.0207672119140625 -0.0435028076171875 -0.00292968749999996 0.58551025390625
0.0422477722167969 -0.0242652893066406 0.0350303649902344 0.0495719909667969
0.0216445922851563 -0.0264263153076172 -0.00500488281250002 -0.5875244140625
-0.0050201416015625 -0.0312461853027344 -0.6544189453125 -0.60882568359375
-0.0285549163818359 -0.0142631530761719 -0.8175048828125 0.23052978515625
-0.0194892883300781 0.00168037414550781 -0.20361328125 0.6793212890625
0.000145912170410156 0.00288796424865723 0.21527099609375 0.45111083984375
0.0135259628295898 0.00654220581054687 0.317413330078125 -0.003387451171875
0.0162820816040039 -0.00416183471679687 0.222381591796875 -0.257415771484375
-0.000753402709960938 -0.0296535491943359 -0.173583984375 0.225234985351563
0.0254726409912109 -0.0290050506591797 -0.29168701171875 -0.038604736328125
0.0106620788574219 -0.00134372711181641 -0.1688232421875 -0.44866943359375
0.00700092315673828 0.0129213333129883 0.31793212890625 -0.58843994140625
-0.0343132019042969 0.00914955139160156 0.80340576171875 -0.03179931640625
-0.0364341735839844 -0.0353279113769531 0.61279296875 0.66119384765625
0.0174522399902344 -0.050506591796875 0.0128173828124999 0.5899658203125
0.0420417785644531 -0.0333671569824219 0.03387451171875 0.0607261657714844
0.0189323425292969 -0.0326976776123047 0.00683593749999995 -0.58447265625
-0.00327301025390625 -0.0321865081787109 -0.63970947265625 -0.628662109375
-0.0219631195068359 -0.0163898468017578 -0.8284912109375 0.20477294921875
-0.0166521072387695 -0.00320339202880859 -0.22235107421875 0.67718505859375
-0.00201201438903809 -0.0035560131072998 0.202728271484375 0.46307373046875
0.00917148590087891 0.00107955932617188 0.314971923828125 0.00701904296875
0.0116672515869141 -0.00835609436035156 0.222732543945313 -0.252349853515625
0.005859375 -0.0241565704345703 -0.180740356445313 0.229156494140625
0.0297508239746094 -0.0152969360351563 -0.314666748046875 -0.0148315429687501
0.0160961151123047 0.0177536010742188 -0.22882080078125 -0.437774658203125
0.00710868835449219 0.0189743041992188 0.22027587890625 -0.63848876953125
-0.0317420959472656 0.014617919921875 0.7698974609375 -0.15155029296875
-0.0246505737304687 -0.0110569000244141 0.68798828125 0.560302734375
0.0205764770507813 -0.00123214721679688 0.0809936523437501 0.58636474609375
0.0224056243896484 0.0272312164306641 0.044586181640625 0.0834197998046875
0.0256748199462891 0.016510009765625 0.068603515625 -0.580322265625
0.0155172348022461 -0.0138425827026367 -0.57440185546875 -0.7227783203125
-0.0185947418212891 -0.0157184600830078 -0.8819580078125 0.0886840820312499
-0.0185508728027344 0.0018463134765625 -0.32489013671875 0.643798828125
0.00196647644042969 0.0166072845458984 0.142547607421875 0.486785888671875
0.0161895751953125 0.015324592590332 0.294891357421875 0.03460693359375
0.0204887390136719 -0.00295639038085937 0.217620849609375 -0.253524780273438
0.00845718383789063 -0.021209716796875 -0.1767578125 0.228897094726563
0.0344753265380859 -0.0113716125488281 -0.3082275390625 -0.0249633789062501
0.0178680419921875 0.022003173828125 -0.208221435546875 -0.44677734375
0.00262069702148438 0.0219097137451172 0.25341796875 -0.62518310546875
-0.0392341613769531 0.0128936767578125 0.7806396484375 -0.110107421875
-0.0259666442871094 -0.0130195617675781 0.65972900390625 0.59637451171875
0.0231685638427734 -0.000822067260742188 0.056884765625 0.5870361328125
0.0255966186523438 0.0280609130859375 0.0443267822265625 0.070404052734375
0.0274887084960937 0.0155220031738281 0.0488281249999999 -0.5894775390625
0.0105752944946289 -0.0160427093505859 -0.59881591796875 -0.69378662109375
-0.0265121459960938 -0.0156478881835937 -0.86492919921875 0.13031005859375
-0.0217323303222656 0.0051727294921875 -0.29071044921875 0.65325927734375
0.00287628173828125 0.0202541351318359 0.162811279296875 0.47430419921875
0.019927978515625 0.0188407897949219 0.301361083984375 0.01953125
0.0230484008789063 9.1552734375E-05 0.215728759765625 -0.26019287109375
0.013153076171875 -0.0190811157226563 -0.17779541015625 0.225753784179688
0.03582763671875 -0.0083770751953125 -0.3026123046875 -0.036163330078125
0.0181980133056641 0.0238914489746094 -0.190582275390625 -0.45806884765625
-0.00243377685546875 0.0238208770751953 0.2855224609375 -0.61212158203125
-0.0443000793457031 0.0124893188476562 0.7923583984375 -0.0693359375
-0.0282726287841797 -0.0163059234619141 0.636962890625 0.6298828125
0.0235729217529297 -0.00446891784667969 0.03558349609375 0.58428955078125
0.0290851593017578 0.0227737426757813 0.0437774658203125 0.0589218139648437
0.0279884338378906 0.0101947784423828 0.025146484375 -0.593017578125
0.00686454772949218 -0.0192127227783203 -0.62994384765625 -0.6591796875
-0.0317649841308594 -0.0142898559570313 -0.8505859375 0.176025390625
-0.0239734649658203 0.00780296325683594 -0.25531005859375 0.6656494140625
0.00413322448730469 0.0206356048583984 0.183929443359375 0.46234130859375
0.0220394134521484 0.0199642181396484 0.30670166015625 0.0089111328125
0.0264225006103516 0.000898361206054688 0.218170166015625 -0.259780883789063
0.0128841400146484 -0.0192489624023438 -0.175323486328125 0.226730346679688
0.0369300842285156 -0.00966262817382813 -0.296142578125 -0.043731689453125
0.0176658630371094 0.0228404998779297 -0.173797607421875 -0.46246337890625
-0.00509071350097656 0.0234432220458984 0.31463623046875 -0.597412109375
-0.0484886169433594 0.0102500915527344 0.80010986328125 -0.030029296875
-0.0300884246826172 -0.0211753845214844 0.6099853515625 0.66192626953125
0.0246295928955078 -0.0124168395996094 0.01531982421875 0.58392333984375
0.0334053039550781 0.0145339965820313 0.0417556762695313 0.0489501953125
0.027557373046875 0.0022735595703125 0.00640869140624996 -0.5955810546875
0.001922607421875 -0.0226802825927734 -0.65081787109375 -0.6302490234375
-0.0346145629882813 -0.0135841369628906 -0.83489990234375 0.21270751953125
-0.0237369537353516 0.00891685485839844 -0.22393798828125 0.67437744140625
0.00457572937011719 0.0193748474121094 0.201904296875 0.453155517578125
0.02325439453125 0.0190811157226563 0.3123779296875 -0.003662109375
0.0259075164794922 0.00216102600097656 0.217742919921875 -0.264312744140625
0.0118198394775391 -0.0195827484130859 -0.17376708984375 0.225082397460938
0.0355873107910156 -0.0120353698730469 -0.291778564453125 -0.048065185546875
0.0163116455078125 0.0193843841552734 -0.161834716796875 -0.465850830078125
-0.005126953125 0.0221462249755859 0.3330078125 -0.58966064453125
-0.0485458374023438 0.00892257690429688 0.806396484375 -0.007568359375
-0.0316333770751953 -0.0268096923828125 0.59674072265625 0.6810302734375
0.0239696502685547 -0.0223026275634766 0.000732421874999937 0.5831298828125
0.0375289916992187 0.00131988525390625 0.0402450561523438 0.0437736511230469
0.0249576568603516 -0.00808906555175781 -0.00726318359375 -0.59661865234375
-0.002227783203125 -0.0257701873779297 -0.66778564453125 -0.6072998046875
-0.0356178283691406 -0.0125007629394531 -0.82177734375 0.24151611328125
-0.0240135192871094 0.00738716125488281 -0.2010498046875 0.68109130859375
0.00453376770019531 0.014923095703125 0.21661376953125 0.44744873046875
0.0213909149169922 0.0161533355712891 0.315673828125 -0.0089111328125
0.0252170562744141 0.000833511352539062 0.21832275390625 -0.263641357421875
0.00808525085449219 -0.022186279296875 -0.172897338867188 0.225296020507812
0.0324611663818359 -0.0165328979492188 -0.289093017578125 -0.04791259765625
0.0150642395019531 0.0132913589477539 -0.1583251953125 -0.462677001953125
-0.00352287292480469 0.0194759368896484 0.33966064453125 -0.58404541015625
-0.0464286804199219 0.00777435302734376 0.8114013671875 0.00128173828125
-0.0341300964355469 -0.0318355560302734 0.59197998046875 0.6866455078125
0.0224933624267578 -0.0347537994384766 -0.00329589843750005 0.58404541015625
0.0404319763183594 -0.012298583984375 0.0379524230957031 0.0439834594726563
0.0229625701904297 -0.0181179046630859 -0.0132446289062501 -0.594482421875
-0.00424003601074218 -0.0291671752929687 -0.67315673828125 -0.59844970703125
-0.0335674285888672 -0.0127067565917969 -0.8184814453125 0.2506103515625
-0.0222454071044922 0.00561714172363281 -0.191650390625 0.6849365234375
0.00266551971435547 0.00992488861083984 0.2216796875 0.447723388671875
0.0188770294189453 0.012298583984375 0.318634033203125 -0.0098876953125
0.0217952728271484 -0.001220703125 0.220199584960938 -0.26190185546875
0.00391387939453125 -0.0259532928466797 -0.171966552734375 0.227737426757813
0.0289306640625 -0.0234222412109375 -0.290740966796875 -0.0426330566406249
0.0126399993896484 0.00545787811279297 -0.1634521484375 -0.456878662109375
0.00238609313964844 0.0165061950683594 0.33123779296875 -0.58624267578125
-0.0410385131835938 0.00834655761718749 0.80780029296875 -0.00982666015625
-0.0358657836914063 -0.0351371765136719 0.59759521484375 0.68035888671875
0.02069091796875 -0.044403076171875 -0.000732421875000032 0.58709716796875
0.0424957275390625 -0.0245399475097656 0.0356369018554688 0.050567626953125
0.0209941864013672 -0.0266914367675781 -0.00781250000000001 -0.592041015625
-0.00529861450195313 -0.0313892364501953 -0.66253662109375 -0.60772705078125
-0.0287933349609375 -0.0138397216796875 -0.8209228515625 0.239013671875
-0.0198822021484375 0.00147438049316406 -0.19830322265625 0.68505859375
0.000786066055297852 0.00322294235229492 0.219512939453125 0.454071044921875
0.0139942169189453 0.00676155090332031 0.31884765625 -0.005218505859375
0.0166196823120117 -0.00497531890869141 0.220657348632813 -0.260955810546875
-0.000909805297851563 -0.0294513702392578 -0.1722412109375 0.227005004882812
0.0244388580322266 -0.0300197601318359 -0.292449951171875 -0.035736083984375
0.0104484558105469 -0.00110340118408203 -0.173248291015625 -0.4505615234375
0.00773811340332031 0.0131769180297852 0.3128662109375 -0.59393310546875
-0.0339736938476563 0.00962638854980469 0.80712890625 -0.035888671875
-0.0365676879882813 -0.0358161926269531 0.619873046875 0.65936279296875
0.0161666870117187 -0.0509567260742188 0.0147094726562499 0.59063720703125
0.0427017211914063 -0.0330123901367188 0.034912109375 0.060638427734375
0.0193881988525391 -0.0325450897216797 0.00579833984375006 -0.58563232421875
-0.0032806396484375 -0.0323677062988281 -0.64776611328125 -0.62591552734375
-0.0224285125732422 -0.0155830383300781 -0.83160400390625 0.21307373046875
-0.0169296264648438 -0.00309181213378906 -0.219970703125 0.68353271484375
-0.000774860382080078 -0.00371289253234863 0.208343505859375 0.4658203125
0.00901889801025391 0.000645637512207031 0.316558837890625 0.004669189453125
0.0116147994995117 -0.00799655914306641 0.221649169921875 -0.25543212890625
-0.00532419411387677 -0.0197975711520268 -0.291507642732873 -0.0300137037097823
-0.000503659345875908 -0.0197382637645778 -0.134576791021444 -0.296108840639928
0.037528341130314 0.00964895054571525 0.292048413481264 -0.436497324591156
-0.000200439832116275 0.0369949556060144 0.679977164269368 -0.10352233464536
-0.0408884253731391 0.0378760189299889 0.547045975309506 0.630683369788762
-0.0534307700400352 -0.0416612807706354 -0.211146307918902 0.850799440102114
-0.014613982930523 -0.053048041574684 -0.53363867613692 0.266055343074192
0.00238282574020336 -0.0386871636700942 -0.064187324817244 0.0815944527260706
-0.0177780547616768 0.00506844139466156 0.567089933239837 -0.156796270882442
0.0216925033753343 0.0277703608068085 0.362956673623435 -0.811081471932284
0.0431000544858129 0.0272962825764547 -0.484300358343515 -0.784494925056808
0.0339205975120665 -0.0193989809330901 -0.746819112315152 -0.00603207732509503
0.00976523946186464 -0.0489069186417488 -0.331818776337205 0.373980415636164
-0.0124940693892107 -0.0246956042263485 0.104803907782906 0.272506863035616
-0.020802811157193 -0.00119700200795854 0.317078108221714 0.024668055741033
-0.00476884174242344 -0.0246513657325063 -0.291127667789475 -0.0271694785614578
-0.000490337099183058 -0.0245033212785661 -0.122985063815926 -0.294580861361008
0.0389068799195575 0.00770830172948023 0.310412989614023 -0.422765806159866
0.00217024021451465 0.039341594343381 0.682593287002428 -0.0673432189221159
-0.0380511266809951 0.0402044436160916 0.513550031488561 0.663177405109465
-0.050436000060717 -0.0429058998863319 -0.258602162402545 0.840100409994951
-0.0150151000269728 -0.0546690973329543 -0.541956932286831 0.243836861779581
0.00146618263485283 -0.0409882208794923 -0.0523948702190722 0.0762996398053894
-0.0193566536862936 0.00491826371658428 0.567896864001325 -0.178355423821526
0.0240054135900876 0.0304265988668592 0.32440837762891 -0.818556545831456
0.048285361741223 0.0305497295948065 -0.515690799520888 -0.751747883782895
0.0368197930037486 -0.0193384977581348 -0.739788779672346 0.0297379637355838
0.0109408151832578 -0.0517939513260245 -0.310746386590585 0.382548697525105
-0.012640853935212 -0.0284614269667432 0.119793641014623 0.270460753854048
-0.0192418251590032 -0.00440140622791167 0.321088810719475 0.0187503393351897
-0.00549993764398623 -0.0281717660916853 -0.288951058051194 -0.0288153475199267
0.000548889450151264 -0.0268618901982286 -0.110722360691915 -0.294722460163452
0.0388629681290777 0.00734592430662402 0.328155297080672 -0.410982587302985
0.0049717788446171 0.040972662944939 0.688052598085303 -0.0358149126711719
-0.0369284567896977 0.0408547092789827 0.484161431225607 0.694154204222337
-0.0492773207633046 -0.0430274670987898 -0.297431511938497 0.832705382848258
-0.0169233480687681 -0.0537871562276839 -0.545697694475409 0.222661423342953
-0.00252506193425119 -0.0395995569927908 -0.0411309310638379 0.0701708122627275
-0.0219381374516948 0.0077316265481934 0.561186932832432 -0.20107201809876
0.0251356227703873 0.0345339666573632 0.284017743877064 -0.830755908613629
0.0519341320824188 0.0320414769556313 -0.553750436338223 -0.717005297064585
0.0387908355015211 -0.0207671150300617 -0.737161933757125 0.067373857787248
0.0081357922383931 -0.052960781397341 -0.289427756255644 0.396437971406872
-0.0137794691625467 -0.029903205216679 0.132701318947471 0.270598223573153
-0.020066299210927 -0.00727796786980001 0.322151171178183 0.0207912428232381
-0.00439917347481734 -0.0286431829722661 -0.288093717799326 -0.0270510580952263
-0.00139673066221643 -0.0263837356904718 -0.100461589692844 -0.293081951245191
0.0372952436106494 0.00989414549088677 0.34356460660662 -0.39773367770736
0.00328705265173836 0.0427213843614059 0.688968382522782 -0.00190775121468347
-0.0371700850122785 0.0413419123996034 0.452742613580201 0.721350714049929
-0.0481205124371228 -0.0411055628256568 -0.336631912453036 0.821421545906457
-0.0229164490559273 -0.0508336282304967 -0.551334504840538 0.203420639857558
-0.0132058677487877 -0.0366291647046782 -0.031598273613139 0.0658505174930069
-0.0273213677537985 0.0135375458936418 0.55856086624862 -0.220932102471604
0.0257568968021993 0.0385136547377798 0.25272137902934 -0.836170811870606
0.0545478060623234 0.0314594564630518 -0.57982879564573 -0.684074344159989
0.0374118849301504 -0.0215616568638032 -0.728708696301369 0.100213880319679
0.00537780716197192 -0.0517877721354204 -0.271734601700973 0.407170379601651
-0.0156820686052117 -0.0297551532273523 0.14516534474947 0.269525360664259
-0.0188215610082379 -0.00676544879053751 0.324080472968207 0.0176137576414233
-0.00537804707124949 -0.0270640366956927 -0.286263608155974 -0.0262299290060234
-0.0022035583696361 -0.0227866997964783 -0.0930188578611059 -0.290481684038665
0.0337559503487143 0.013648341749042 0.352182022286466 -0.388595447550509
3.56766019023423E-05 0.0433028959934383 0.688647755087632 0.0191843538461507
-0.038493037335375 0.0404338738445458 0.432927060281027 0.739536389482371
-0.0500355715367727 -0.03741615683964 -0.359028119119105 0.817240175510335
-0.0311939477875713 -0.0451993552852617 -0.554277001264635 0.191634139038536
-0.0249369152448464 -0.0311243028925912 -0.0260125562351974 0.0630997828777056
-0.0345238306949809 0.0213744518657275 0.553461829775136 -0.233246230064184
0.0262420197078819 0.0414439698419619 0.225453727028439 -0.839655223304937
0.055433320206301 0.0302345496620303 -0.59773039293964 -0.661130707973462
0.0350700965851427 -0.022159280608994 -0.72413878222586 0.125922407303525
0.00181052106260767 -0.0486107120702411 -0.259054272787706 0.415474328052653
-0.0170820255732104 -0.0265619625473261 0.152529837676811 0.270890392932673
-0.0194924182447487 -0.00592417812820638 0.32417420680135 0.0202168466782932
-0.00561276304211722 -0.0229931435300149 -0.28408036503136 -0.0263281843504969
-0.00546483270973369 -0.017464044527137 -0.0913373352385645 -0.288051558275145
0.0285108413244346 0.0180157904086347 0.35287140728005 -0.381401897012094
-0.00380377235129665 0.0422264180761827 0.687694258743258 0.0289190001092512
-0.0409630094136782 0.0386056267879133 0.428624808906095 0.748461430190666
-0.0525530745339129 -0.0333801357809848 -0.365512634676658 0.815187584492562
-0.0403927752785977 -0.0374300784982036 -0.555152129201659 0.18784039304945
-0.0369920865256304 -0.0255247611068648 -0.026664893950702 0.0616385542261741
-0.0419493756087736 0.0284369367322994 0.550897892962583 -0.236631681876581
0.0248819192250854 0.0450909982997876 0.215437838181178 -0.839092566723208
0.0536292931154564 0.028344016113434 -0.604558536385025 -0.652451223602036
0.0316649835616699 -0.0215418880265971 -0.724107005475604 0.136743702129847
-0.0013030325180899 -0.043256375875243 -0.256424079793216 0.420038870984097
-0.0184422164010194 -0.0224070776805253 0.153934220626852 0.272135481231237
-0.020165903465093 -0.00221083498474514 0.324256641312242 0.0221742433801598
-0.00690063720400511 -0.017246954758171 -0.28530211896057 -0.0240755128485841
-0.0084972796995737 -0.0106247262553339 -0.095466826126817 -0.286456209319916
0.0236597040866602 0.0234628731981287 0.347483327636374 -0.384018338365057
-0.0091232270294847 0.0408273437253906 0.686461721448903 0.0214352860913645
-0.0444099379439856 0.0358069372445438 0.437626053792501 0.743224966362734
-0.053910286894584 -0.0296056407626504 -0.355870897751334 0.818714322308654
-0.0483351215228474 -0.0305699775672109 -0.556965129450405 0.194797901334933
-0.0470622884448653 -0.019027821036192 -0.0327790051213793 0.0633625221645255
-0.0479986120622432 0.0354219594649426 0.55205095491077 -0.229635574280222
0.0239218975233813 0.0473574549274554 0.228878493228699 -0.835651967949032
0.0494810154803021 0.0262448651829258 -0.596585454631326 -0.660348222377172
0.0275353470440803 -0.0216267306417653 -0.725938684411826 0.131603123445044
-0.00417871244404061 -0.0379873795356046 -0.262352890142822 0.419840526938029
-0.0202104595172082 -0.0164549101385179 0.151488880211952 0.275751313178663
-0.0206214996771391 0.00287259999041868 0.325148660073071 0.023725095959098
-0.00699782508893507 -0.0117014780388584 -0.284359567801524 -0.0242187546305331
-0.010857692836096 -0.0039371111817709 -0.101870778839926 -0.285034093649157
0.0199104914807679 0.0288429453075224 0.337885012757099 -0.390019687399254
-0.0151014330953835 0.0387435136525406 0.685115403423219 0.00427519610874644
-0.0477402223072897 0.032177201222382 0.460651292017583 0.727497901873855
-0.0560338910481729 -0.0267598546008334 -0.327343362276261 0.828664677649699
-0.0538179987149982 -0.0243712781888398 -0.554711850324662 0.210093769726859
-0.0532935343763121 -0.014325015037783 -0.0423978179806329 0.0668523873185825
-0.0526763740370242 0.0395009978179339 0.551190782954634 -0.213504057022219
0.0208961468350025 0.0483132491418259 0.250186188723655 -0.829309534728492
0.0440059866122843 0.0233166112471261 -0.577979179016028 -0.680821859284975
0.0226727643199167 -0.0211433926173814 -0.73406605629387 0.11185551408498
-0.00654545689937789 -0.0327972221383389 -0.277372915067658 0.416518010144012
-0.0211959365232167 -0.00966415597394736 0.14202172287344 0.27823217989987
-0.0210015668870626 0.00800850835513773 0.321823951699211 0.0269802110792276
