TRXV5
3
4
4
9
string Extension=J
integer IsArchMeasurement=1
integer IsSpherical=1
string Generator=SPM
string GeneratorVersion=1.3.1 Dev
double ArchRadius=0.449999988079071
integer FrequencyAxisIndex=0
integer AzimuthAxisIndex=1
integer ElevationAxisIndex=2
Frequency
5 201 800000000 900000000 LIN
Azimuth
7 8 0 2.74889357189107 LIN
Elevation
7 15 -2.74889357189107 2.74889357189107 LIN
Polar H Real Part
13
Polar H Imaginary Part
14
Polar V Real Part
13
Polar V Imaginary Part
14
Polar H Magnitude (dB)
12 0xC0000002 0 1
Polar H Phase
7 0xC0000003 0 1
Polar V Magnitude (dB)
12 0xC0000002 2 3
Polar V Phase
7 0xC0000003 2 3
-0.0133871477659297 -0.0108654668857778 -0.196927738036203 0.025576849969438
-0.00771426124285396 0.00413270162455462 0.0299732298826362 -0.175945612707993
-0.0106918442244245 0.0328174014492648 0.408507089879891 -0.112055939672555
-0.0391555065134412 0.0180589151842219 0.442812595322228 0.354954101022838
-0.0394399416484679 -0.0219451174700288 -0.129642681021753 0.802515648477874
0.0117740097034409 -0.0748477336107074 -0.808114734297547 0.432823407512765
0.0284749105370633 -0.0410623202638158 -0.623225448780278 -0.229044935944237
0.0228772125125379 -0.0173303551843333 -0.139566279451181 0.00248056489763139
-0.0229298584601509 -0.00659498272902992 0.479545622119821 0.45582941027166
0.00178001142790995 0.0336829882795784 0.928648491251227 -0.0521932535841393
0.0137641059330892 0.0352017603877437 0.457629609479982 -0.774581356790379
0.0149596432763696 0.0121613608658597 -0.327155844375244 -0.561601701771469
0.0074943557755664 -0.0200533215361435 -0.402916916895979 -0.0198103635136536
-0.0118634664965383 -0.00233902045307006 -0.0393428147048169 0.138739866723883
-0.0167535269172346 0.00946465314488637 0.240572863205381 -0.051427269399984
-0.00703737758936728 -0.0225392516186203 -0.199089842784405 0.0221333413358063
-0.00171961589558609 -0.00661201360953738 0.0334414248641237 -0.177502627009303
-0.00600794227286586 0.0294469922069262 0.411891201440847 -0.104280885343877
-0.0325531362950293 0.022792844083902 0.437184809513331 0.367551464094639
-0.035005191254294 -0.0212689154608942 -0.145376857962324 0.803037433214384
0.0157418363233099 -0.0832029130692393 -0.812354210629647 0.417993537364908
0.0363352341579802 -0.0486652922781603 -0.609078234002865 -0.235132751544347
0.032728355964164 -0.0202027009858806 -0.127378965327 0.0102784264006078
-0.0147014150130204 -0.0132034127695486 0.49625586064323 0.452792713183509
0.00655190550892654 0.026185378386003 0.929730936824597 -0.0695561107192328
0.0177485515517253 0.037245222703109 0.444112860847172 -0.776646206246015
0.0210439526335125 0.0190442239193584 -0.334628863750687 -0.548202785969736
0.0129782185576163 -0.0221622900944521 -0.397562051943635 -0.00908037261977653
-0.00414773474473205 -0.0109001230938793 -0.0334067737639684 0.13633406870376
-0.00984863666790551 -1.01367645537198E-05 0.24258390519505 -0.0573210374282756
-0.0011939938874002 -0.0341511492734447 -0.201090626007454 0.023021569163133
0.00436174441324243 -0.0175002828805142 0.0382530093694831 -0.174342005562305
0.000573899339337515 0.024900093708435 0.412193016270043 -0.0893394085926991
-0.0252273690934865 0.0272899736056404 0.425248845403497 0.389427081673082
-0.0318288159258834 -0.0193592669505992 -0.178397261162311 0.801505743844297
0.0164911933555932 -0.0891953938163446 -0.829024261173357 0.385087840304986
0.0390402393206376 -0.0569839475206703 -0.595763400227324 -0.251315991933804
0.0364482728782375 -0.0268705444646883 -0.112378297311713 0.0173722883674045
-0.0129335536478937 -0.021618738845277 0.518126254975739 0.436999579947377
0.00551399490778054 0.0184573474169234 0.929569991035788 -0.108737992052518
0.0205601499898441 0.0405749780794898 0.412004222414317 -0.788554351268033
0.0285299792563171 0.0254358333978841 -0.351889000051028 -0.525649153518995
0.0193748767966194 -0.0254478981369486 -0.393225048654466 0.00376496766696549
0.00287603873581217 -0.0197523306335532 -0.0258781524316731 0.136561164018104
-0.00242964866309117 -0.00998934173377969 0.240609465686772 -0.0639424152836537
0.00199220319918343 -0.0453039026121886 -0.206473055034959 0.0216073563065422
0.0109630551672436 -0.0263751428948279 0.0441533679756099 -0.171370902206204
0.00838864788815833 0.0221174964628662 0.414654857705393 -0.0694032941400154
-0.0184063636052077 0.0310645598585452 0.402954247533766 0.417274563033026
-0.0309017755149462 -0.0176065711824563 -0.220246778074418 0.795299356640743
0.0142231751338297 -0.0923070650589522 -0.847367821133948 0.335895223827517
0.0367231375406225 -0.0637296095761872 -0.576768575076114 -0.278069183859419
0.0337110958964638 -0.0355841720623728 -0.0972393822212776 0.0230943760879155
-0.0189703458576105 -0.030698350243373 0.541070631959266 0.412744755166543
0.000273217133789073 0.0155059019241185 0.922918127688854 -0.162846573941099
0.0203588312729211 0.043921486341953 0.368015533818131 -0.805056116556816
0.0366156422107089 0.0283308131155605 -0.377720709428469 -0.500603423180806
0.026407592663141 -0.0292670138604568 -0.389500060271936 0.023206798059822
0.00922216492606631 -0.0272165111296464 -0.0207170322357982 0.1384170627873
0.000515405823612906 -0.0204138585348666 0.236637152678034 -0.0632652896384367
0.00352557477133152 -0.053950517640373 -0.211507940924688 0.0257448818332067
0.0158431711815156 -0.0321336433342122 0.0476706891806758 -0.163486174025394
0.0150967694354372 0.0192493287538122 0.411747822425068 -0.0478650343903754
-0.0139220006828575 0.0336985430810546 0.376426538134928 0.446912409776514
-0.0325698091665038 -0.0161864415150956 -0.271308064407741 0.78377375744297
0.00966795330428794 -0.0932506600745961 -0.871604013069567 0.278347595273596
0.0308020225642495 -0.0687385674093376 -0.561597983606462 -0.307742496810472
0.026313262059414 -0.0437311729654553 -0.0827149996302723 0.0247942386617032
-0.0278483166798843 -0.0362615432117235 0.564367713968512 0.381676169136958
-0.00800401279310664 0.0148798943204096 0.90736205015613 -0.224208488397328
0.02083790146006 0.0472242414529677 0.318044060419906 -0.823448748840188
0.0427066647140066 0.0280195035721683 -0.402381513868894 -0.470304060049719
0.0320514743033386 -0.0343123115802633 -0.387671933040393 0.0445021246456014
0.0134758127273051 -0.0333104165138356 -0.0154853128385526 0.143125182288247
0.00286087240983178 -0.0277767861247636 0.2299517899573 -0.0649611528830441
0.00123084324301355 -0.0591423549730623 -0.216133777296059 0.0281923728848005
0.0185736367653705 -0.0335566379617629 0.052751600037043 -0.158209311126654
0.0217383994190058 0.0188402173807265 0.411843142432988 -0.0279055052178708
-0.0106591194840968 0.0348136584555766 0.352092059853497 0.471780081263012
-0.0376118341475823 -0.014979030795084 -0.320239308639307 0.770513499505938
0.00238126958493984 -0.0914591793396915 -0.890473140446465 0.221621725769789
0.0200816244699717 -0.0723483387929166 -0.545359856975109 -0.34024385859261
0.013959386565518 -0.0515022278018536 -0.0722268353468014 0.0246037192954045
-0.0431830196858965 -0.0384537088787093 0.581531459762083 0.350030014715053
-0.0190800786074856 0.0193168997825766 0.886408217978067 -0.282283800829019
0.0179449457606544 0.0507618936996486 0.266291794726261 -0.838453757568294
0.0479531770549321 0.0256987363784539 -0.427374552052731 -0.443464026799268
0.0346343581390473 -0.0373138607304454 -0.385608937101001 0.0654724551956323
0.015483686355233 -0.0362460503992895 -0.0137557385890599 0.149011463790119
0.00126033271029895 -0.0325527521600648 0.221051567682269 -0.0591096726579066
-0.00200900945557728 -0.058707581382777 -0.221517430913906 0.0360420917800136
0.018139582728649 -0.0309251866296903 0.0523417265937019 -0.150417179779073
0.0258096062481514 0.0190464776097775 0.405342451753393 -0.0121291528655081
-0.0100758771848997 0.0324262501843741 0.326287705451414 0.489592889343347
-0.0426556483453179 -0.0143554991445536 -0.35900029798349 0.751263438598383
-0.00612138291906837 -0.0871909343312843 -0.906923113145102 0.170256548302873
0.00799675675593519 -0.0753305066681628 -0.537399346356684 -0.367478477609292
-0.00126421360487263 -0.0582898091645759 -0.0680083441072335 0.0212649738596593
-0.0591944754269694 -0.0369365009474159 0.591210461823123 0.321116136824528
-0.0288169353077529 0.0265961041035438 0.867019317879371 -0.328060568114812
0.0153704390121123 0.0537906658400205 0.224825496611582 -0.848444262320645
0.0489327195266634 0.021125569250033 -0.448235846838492 -0.419478144510996
0.0357843898949564 -0.0395727547219496 -0.384009343539999 0.0823721414624369
0.014288377329993 -0.0348232947049194 -0.0118706725418084 0.156382106154717
-0.00300696335960669 -0.0320598451431519 0.214560076568883 -0.0538327481170744
-0.007816319022128 -0.0527322812872498 -0.227761738089801 0.0420720909934017
0.0134960725116261 -0.0263538220152505 0.0494099309911561 -0.145471321670662
0.025210342612916 0.0201257675856503 0.400011324782688 -0.00466339078978546
-0.011997630326461 0.0257542172086581 0.307848402493491 0.496090314340637
-0.0490108306522049 -0.0143856951115804 -0.386249931291886 0.734540459474446
-0.0140188397905367 -0.0806475083379805 -0.919347389988666 0.131037585987111
-0.00525793034772661 -0.0749874076768652 -0.535483913248081 -0.3893289494884
-0.0162872243359673 -0.0619661576610331 -0.0683553811757258 0.0159864402622452
-0.0732390263608575 -0.032221406689902 0.593258177644408 0.302498763564112
-0.0368977919111441 0.0358525358520738 0.848580001492982 -0.35539017983749
0.0106151772469702 0.0558113914389081 0.19502598581839 -0.852229074448448
0.0463782670801291 0.014730241614564 -0.460674827035061 -0.405111441428605
0.035305397807753 -0.0390666713785567 -0.384347304843776 0.0929797450813471
0.0108832377300665 -0.0302213473383776 -0.0122066336794449 0.164140644466062
-0.00836495084411688 -0.026528347346379 0.213179737816806 -0.0491999725132381
-0.0138632845109335 -0.0105837369387122 -0.197899313181908 0.0275965351549715
-0.00867391316600995 0.00507548003581668 0.0277428314458865 -0.178293909458211
-0.011001757145145 0.0326300919488473 0.409895882280953 -0.119864808854932
-0.0393699715664174 0.0180895013437786 0.450509595060921 0.351834850906326
-0.0396386199605583 -0.0211368959222919 -0.121159247435997 0.809226590129556
0.010688373052539 -0.0749768190002764 -0.806749252615731 0.444464246043543
0.0277085884856909 -0.0415948256066987 -0.627070333727449 -0.223028475664213
0.0231401023643868 -0.0169154227319337 -0.141729303538736 0.00372215054612316
-0.0231371328540525 -0.00626122766333742 0.487882666262789 0.452413537292027
0.0018177350688504 0.0336976411896657 0.932783654297874 -0.0645693576975668
0.0148309842197903 0.0352791286956525 0.452396529806887 -0.785419109995328
0.0154713765171168 0.0117555493880342 -0.335937570312612 -0.56067386860985
0.00671743724881269 -0.0206189936670868 -0.405234195506374 -0.0146632597587573
-0.0126972717449247 -0.00267808031029736 -0.039332657272263 0.140128399302693
-0.0168758460216146 0.0103275529517157 0.241196376661904 -0.0536455792539268
-0.00776472392351668 -0.0226742654474062 -0.19999776503613 0.0243975041602967
-0.00220903335180163 -0.00721544767353081 0.0313939855271543 -0.17966721996928
-0.00642926341081388 0.0290333973891965 0.412993185255873 -0.111478440055767
-0.0325353424551951 0.0228819515959605 0.445264268244732 0.364137005963443
-0.0355749588671609 -0.020650139541146 -0.134783737707406 0.809895144945345
0.0140650953230094 -0.0837110099235249 -0.812558735767122 0.430910343738354
0.0356713998329778 -0.0487345075702926 -0.616184662179838 -0.231820923108644
0.032944704212801 -0.0201647206268459 -0.128708799087431 0.0120346901432366
-0.0149522306922626 -0.0131401603419303 0.504474073466468 0.449818239637476
0.00635788034491001 0.0255410418054245 0.934271097445365 -0.0811771639907399
0.018376264251141 0.0375962736990174 0.437537690805713 -0.787382214587948
0.0218883030254051 0.0190408456609914 -0.344611655274431 -0.547339569610989
0.0127413106736639 -0.0223854956066479 -0.399748841508701 -0.00534773241856462
-0.00544018184012133 -0.011311462543955 -0.0327892172071953 0.137966606672078
-0.0102467889835607 0.000801305046377864 0.243598945408752 -0.0593675305061564
-0.00108140541863319 -0.033608344158763 -0.202651354812448 0.024285110077672
0.00364204325219927 -0.0175903779150421 0.0361481226772187 -0.176611971569864
0.00101916380813225 0.0250304781146311 0.414354114221168 -0.0967184004061998
-0.0257017369374994 0.0270949641132934 0.432295269482075 0.386642982765624
-0.0313510050398569 -0.0190360740368692 -0.168143739674124 0.806539004962364
0.0148950582289665 -0.0901544774383464 -0.827042103670413 0.397389784025922
0.0383095044686178 -0.0567039701263236 -0.600221705332471 -0.246790792154573
0.035968961553328 -0.0275496572426531 -0.11340488907391 0.0191042026689264
-0.0136460179177124 -0.0220219185049953 0.525311017883555 0.433763088145003
0.00544503875256501 0.0192732095169057 0.932288820098569 -0.12063982571236
0.0207477093310488 0.0401266640336862 0.40355140926768 -0.800123798089432
0.0288774736770665 0.0248173054366002 -0.361539687742224 -0.524979468866254
0.0196041935831461 -0.0260499760156883 -0.396292994546998 0.00923972832173262
0.00255647074268638 -0.0202751125311762 -0.0248804145733583 0.137206170680469
-0.00287082726393868 -0.00975973626675209 0.241354192930987 -0.066384562670813
0.00179366638639996 -0.0453842423514677 -0.207412401064824 0.0225504959330044
0.010494621210622 -0.0263456435909458 0.0418315544397366 -0.173810451315733
0.00875508315714106 0.0217120580878454 0.417257339625413 -0.0761219414017674
-0.0187835756290724 0.0315067413462944 0.412538608477303 0.413865408406012
-0.0312011933212889 -0.017651629643651 -0.212133343582671 0.801472046198197
0.0130955128463844 -0.0933421132621382 -0.848487599391432 0.346721711143659
0.0359960835713175 -0.0632210770925236 -0.582556004001342 -0.273351807655012
0.0338750934718278 -0.03578042299455 -0.0980204220671937 0.0234516054975622
-0.0193254964227945 -0.0298432229036942 0.550453158677405 0.410782776303634
-0.000408010621770276 0.0154713295502808 0.924009613383706 -0.173895679588787
0.0212003301112825 0.0442424511177933 0.36001027849243 -0.814432252915083
0.038014234339986 0.0283865191575879 -0.387484450753835 -0.498677235129327
0.0261167460328317 -0.0300438916667855 -0.393890493286311 0.0282218136379676
0.00838045513844015 -0.0282861957880103 -0.0201155362527396 0.139463995819356
0.000963596388714611 -0.0198781146975362 0.237018437497983 -0.0655233773237141
0.00276932917407404 -0.0534260641271823 -0.212264776344735 0.0273558432099606
0.0144870504284334 -0.0322862338663499 0.0457320671258023 -0.166382385413351
0.0163909130653237 0.0185197516846797 0.414333807091234 -0.0552643793143358
-0.0135966106207253 0.0335533029584564 0.386033308935413 0.44461658087371
-0.0328825115273785 -0.0157365606629945 -0.262363558952422 0.792089586525425
0.00898041622804896 -0.0937069683768333 -0.871924695253032 0.291145406924205
0.0296580417247185 -0.0691274289630096 -0.566678923367083 -0.303094270743339
0.0264156790436142 -0.0445669028401008 -0.083688990622195 0.0263035364285339
-0.029510018875376 -0.035980391099326 0.573015267539719 0.379629275112599
-0.00816449851945424 0.0154068419384078 0.911510215961779 -0.234497816171535
0.021127880561337 0.0481463540486337 0.308677727195565 -0.831975289750318
0.0437495532829529 0.0278469527302936 -0.412110700510428 -0.469747689175739
0.0313300368469896 -0.0346994169500428 -0.389917308082196 0.0495045532681702
0.0123009599411881 -0.0336005015033606 -0.0145596999249563 0.143297021556354
0.0027160380741926 -0.0278776229345683 0.229668882511024 -0.0666251079641567
0.000620281787023753 -0.059125727474837 -0.216761067943881 0.0299311789748617
0.0177302050880794 -0.0334718065335126 0.0499275191648495 -0.160681534630606
0.0215739219873674 0.0183856571578482 0.413967179306871 -0.0335103332000589
-0.011366012258083 0.0351231978157516 0.36002016599545 0.471597148910038
-0.0370389346179122 -0.0145646399107439 -0.31277667575437 0.778836880478481
0.000998899812163202 -0.091146764319783 -0.891860953536083 0.233063375149336
0.019107434786211 -0.0730206293330216 -0.552402042237991 -0.337177575629896
0.0135264524604154 -0.0525057645190069 -0.0733617361565907 0.0259091579627202
-0.0441795216383743 -0.0378991006132016 0.588920836398653 0.347596227417298
-0.0186378447924175 0.0201086019108892 0.889282112319266 -0.29420866728869
0.0193968457324561 0.0512334592715314 0.255942841675635 -0.845721420123617
0.0483063829987565 0.0246721248118736 -0.438509712755464 -0.439721373654277
0.0341437116357158 -0.0383053190516865 -0.387998215937101 0.0712736377483935
0.0146459304193611 -0.0367755138868209 -0.0125279348715726 0.150416956018051
2.89819752046028E-05 -0.0322875454581261 0.221929215928476 -0.0608128599930238
-0.0034231294584795 -0.0583184369546352 -0.222284459629066 0.0374758206421478
0.0169182677059654 -0.0315814729475082 0.0503107931886035 -0.153785536897272
0.0259460692921801 0.0184768153801031 0.4078382792488 -0.0186195434025948
-0.0101123967679733 0.0324746986892751 0.334781824333347 0.487831053316087
-0.043452924061025 -0.0137073339776028 -0.352010409448195 0.762210997282764
-0.00724033765228502 -0.0879270388985907 -0.90932822719109 0.181729951503395
0.00644682624427707 -0.0754097592970061 -0.544037829167804 -0.362461336815838
-0.00208851768650588 -0.0582656827832944 -0.0689837364208383 0.0231039596784023
-0.0606855175200968 -0.0364391547308025 0.597270742868402 0.320005987271538
-0.0287411770231177 0.0268200040962099 0.868001405579821 -0.341428235759186
0.0165597311832308 0.0545406643857469 0.21501295401893 -0.857104529335579
0.0502257266986017 0.0202259858832902 -0.458715376364128 -0.416199579908612
0.0357548873075384 -0.040227866725743 -0.387707286112659 0.0872136625119615
0.0134908675814917 -0.0358536603265606 -0.0115776167344865 0.157599724281732
-0.00373573199641215 -0.0321516948451619 0.215224789870932 -0.0552745219362815
-0.00952974169197442 -0.0518247026612959 -0.227864902376794 0.0432264742035142
0.0127497941966187 -0.0265922821354697 0.0480962365545224 -0.148018949868895
0.0256910113549433 0.0196253914043303 0.402650322232953 -0.0102112830946063
-0.012809594473008 0.0259469032147388 0.317636982905885 0.494652194507059
-0.0494301228804094 -0.0138223231399026 -0.378985785062651 0.742701821686675
-0.0154869697459141 -0.0804498647039261 -0.92112357636127 0.143389368625854
-0.00673054120850899 -0.0748818271399162 -0.540930584242375 -0.384362322975823
-0.0170417123976915 -0.0618634185606684 -0.0693130398889227 0.0177656534081431
-0.0743649506005709 -0.0313770856291904 0.599228539586534 0.298358288012632
-0.0367735034719607 0.0365914967325796 0.849524628384314 -0.366680112362846
0.0121186240768858 0.0568619512981898 0.185669379176394 -0.862393400257652
0.0470505636187197 0.0140757516432807 -0.471633684142909 -0.402877014029148
0.0357437528239324 -0.039905933028975 -0.385595121458989 0.0999762292494469
0.010735662976235 -0.0308514467560245 -0.0109564650457135 0.165014922551383
-0.00964864102979659 -0.0263974825315699 0.213210585232694 -0.0502484774754539
-0.0140619404559694 -0.00978346581870878 -0.197877643530129 0.0292956583417567
-0.00864102208081422 0.00525485989568322 0.0247600401219189 -0.180671918275465
-0.0111634907212526 0.0328770641834272 0.408836680719207 -0.125129427553002
-0.0399801599141961 0.0192079698620272 0.459875875166674 0.347070171288244
-0.0397211858674294 -0.0208465076076806 -0.110170019599426 0.813729016748888
0.00983570042156121 -0.0761668150159063 -0.80542235591273 0.456284166726436
0.0274239394132641 -0.0419947654069079 -0.633666408678691 -0.218433051361198
0.0225644232375865 -0.0176936756928082 -0.142454278748939 0.00631083933443623
-0.023652135418571 -0.00576766074554585 0.495299294843892 0.450599982513523
0.00268221366465952 0.0334755225778352 0.936581608574992 -0.0763861582706296
0.0155202738798795 0.0354618241819271 0.442090881269137 -0.794858826664262
0.0160826142626266 0.0118262425676207 -0.347358324514613 -0.560317509106818
0.00684807127853291 -0.0213040800780906 -0.409721170359091 -0.00885442097657896
-0.0126939567906285 -0.00247913400605932 -0.0385720317586103 0.14175029170864
-0.0169901270631056 0.0102893281914436 0.240975944876131 -0.0560476774545882
-0.00804839834035896 -0.0212928575502208 -0.200650749364143 0.0258647754745959
-0.00279235909690604 -0.00687567572716459 0.0283553542321607 -0.182383348659512
-0.00554470176356573 0.0291218692371592 0.412146714770308 -0.116857885838225
-0.0328159454379007 0.0231372565412478 0.453106618021367 0.359083727347979
-0.0351689600659735 -0.0200920736691698 -0.125406092700035 0.815128923394681
0.0133979559052677 -0.0841635798248833 -0.809086353136638 0.440999641180215
0.0353445843161184 -0.0491338611947644 -0.621467042081773 -0.225746054167718
0.0324143292392997 -0.0211405184458293 -0.130039573182963 0.014287789427009
-0.0154527946215654 -0.0128491838707353 0.511434027024797 0.447589403904281
0.00628985136983303 0.026012043315956 0.938517661790064 -0.0942132608527918
0.0192496113388771 0.037875519340712 0.428414208404977 -0.797903714758398
0.0225223640095007 0.0186079360617341 -0.355016417438672 -0.547309566398129
0.0126428321540387 -0.0238773563413855 -0.405134198227356 0.00131255692589133
-0.00508648601685978 -0.0117607971015293 -0.0331759939249947 0.138240582309611
-0.0103282526463581 0.000757031851255674 0.242899001982729 -0.0618181123111683
-0.00261159025067015 -0.0337743363168386 -0.203250622274063 0.0259951208946171
0.00251361820366722 -0.01794803077636 0.0329499119416834 -0.17912785606074
0.0010467648949017 0.0248944893487935 0.414546919733786 -0.103037159970015
-0.0249537857692589 0.0274474250430279 0.440708306332802 0.382643641916627
-0.0317957972641897 -0.0190050925138453 -0.158154125167057 0.814083918591298
0.0139190920824719 -0.090371774269281 -0.825764839932172 0.410879550200857
0.0374196224946582 -0.0570293932032137 -0.605675118674144 -0.239961413270661
0.0361734146031371 -0.0275327224361111 -0.114568210128144 0.0209020589708509
-0.0139842868032951 -0.0210856312481217 0.532568590043442 0.431411761800499
0.00550977216769908 0.0193706295548828 0.936114850574853 -0.134031536705562
0.0215773063807731 0.0406116742847607 0.396026561568572 -0.809999343427145
0.0300804737906567 0.0247263113981554 -0.371928259888215 -0.524677402476619
0.0191568418016739 -0.0269190067127946 -0.399865242695343 0.0138571917012723
0.00210975562853259 -0.0205884989937296 -0.0249722680236066 0.137645843026238
-0.00356899355489004 -0.0103206053341367 0.241151779626463 -0.068423169982552
-2.91852111162887E-05 -0.0446146109226185 -0.208320990902592 0.0241220509210965
0.00910768643760502 -0.0264484449099789 0.0395396202833721 -0.175866107756986
0.00855796344162913 0.021036525227988 0.418570718365478 -0.082483986092833
-0.0184984125786247 0.0313870364114745 0.419904597578988 0.411656534039541
-0.0316238378039197 -0.0171994246912956 -0.203310970089862 0.810094686915795
0.0114708866535476 -0.0934318210202505 -0.846173894253348 0.359133730665072
0.0348932872831385 -0.0641852418650486 -0.590177122397353 -0.269860841028886
0.0335925797976401 -0.0361659196921683 -0.0986507053192735 0.0254002530865475
-0.0196492235442666 -0.0296179307525023 0.55709685443287 0.4064837618918
-0.000771822118022965 0.0157025617846264 0.927358197579716 -0.187298884612308
0.021686962631946 0.0440832757964104 0.350763698548546 -0.824589906232574
0.03832542202052 0.027848673863263 -0.396470684114048 -0.495114750948136
0.0260681906210995 -0.030847688043624 -0.396476855916669 0.034638367645975
0.00845265578556726 -0.0285569876731922 -0.0197166808414366 0.141009534961402
6.76900258065826E-05 -0.0199847617314497 0.237659477066116 -0.0676579710018887
0.00214233526380382 -0.0537157085073502 -0.213285507219175 0.0300028188569903
0.0134340311463218 -0.0324089652508829 0.0439164251869188 -0.169322509307756
0.0163745705015835 0.0188549964566406 0.415711493036976 -0.0623992283150617
-0.0139353808599289 0.0338491972963004 0.39425394113065 0.440962470933116
-0.0327561375831453 -0.0154976655124099 -0.254633342608121 0.798287475739975
0.00740559528037195 -0.0943236038013879 -0.870215110326933 0.30343518522158
0.0286603229860114 -0.0692081103375384 -0.572351799367432 -0.299058155631567
0.0254507652269571 -0.0446579272122103 -0.0838669853406577 0.0280482672486558
-0.0299716128449071 -0.0356830361530816 0.579692777379245 0.375401383201226
-0.00781295300894579 0.015656043587208 0.912887307886212 -0.247908526902929
0.0221481391087395 0.0481970389859409 0.298124279771947 -0.843380647995698
0.0455648893452101 0.0275721954375961 -0.42050275230431 -0.46781636338302
0.0317497122185521 -0.0361201040188781 -0.393523595277817 0.0555249066787825
0.0124361848071732 -0.034182798525906 -0.013693387320159 0.145230956429413
0.00183441428461913 -0.0275622380485389 0.230034614041782 -0.0689007597768993
-0.000270108225903905 -0.0583839696031482 -0.217614813553901 0.0325204767101775
0.0171899150992888 -0.0344720088110414 0.0484378942892155 -0.163097803526551
0.0217869906005701 0.0177446057741227 0.416317546572772 -0.0393363936926445
-0.0107459222297444 0.0346134640504902 0.368653373069915 0.467584939664079
-0.0375835889214083 -0.0138486028913137 -0.30389184948913 0.787222289370373
-0.000153661423259864 -0.0924255700972501 -0.891759049673473 0.245950079015377
0.018410893276272 -0.0727762955654845 -0.559064078376517 -0.331517905943913
0.0122764666477734 -0.0522257545910941 -0.0739903778026066 0.0275136871779736
-0.0449018525310258 -0.0375752565170027 0.59529885389542 0.342072619126304
-0.0195037601374726 0.0199135680319575 0.888103606149446 -0.306174877537047
0.0201961768003126 0.0510916525349656 0.247131118744389 -0.854453440920238
0.0499590868474445 0.0248235640927113 -0.447191930568429 -0.43863984825718
0.0343680502601847 -0.0392349637173274 -0.390004303768099 0.0767631661373253
0.0136769662811326 -0.0376013305804572 -0.011592560125631 0.151524460583723
-0.000615864072499397 -0.03244899834121 0.222083790867063 -0.0627936725139794
-0.0046969834803027 -0.0579648178175702 -0.222054298427922 0.0390931585723157
0.0163179609817475 -0.0315935305229935 0.0493213531773876 -0.155611586884692
0.0252811260621231 0.0177779209443761 0.410649458068411 -0.0232508900907529
-0.0100897970445787 0.0318412329086817 0.343376867745868 0.485174340050634
-0.0436694094820066 -0.0131639060680098 -0.343385273682687 0.769657733858187
-0.0088758482060802 -0.0875362693464741 -0.910288991741605 0.193216499263293
0.0058592390764092 -0.0751670233427671 -0.55018780495944 -0.360071042902544
-0.00269573555573246 -0.0588479416065556 -0.0693992374749784 0.024311639837701
-0.0613285278508547 -0.0361653577051606 0.603877658204642 0.314081710910556
-0.0285977898817481 0.027542787107268 0.866468449813772 -0.353089564902263
0.01747951087237 0.0543940723447387 0.202831696042676 -0.866741358672934
0.0506205506028893 0.0199562207057764 -0.468107578369736 -0.412852017485438
0.0353001382997712 -0.041614589469374 -0.388790700229964 0.0943761669206968
0.0123237351404846 -0.0361095088622686 -0.00985498100386497 0.158885087608907
-0.0042087328681373 -0.0318357863609731 0.215678493088566 -0.0577972015582438
-0.00991220158719742 -0.0523237738798241 -0.228619754590809 0.04624623954362
0.0117978633539781 -0.0266882759052367 0.0466948718040248 -0.149811448160113
0.0254142509106146 0.0189749571485132 0.404256349546457 -0.016019448773175
-0.0128946989398492 0.0272228353095131 0.325307966385306 0.493126296284461
-0.0495224987033932 -0.0131318707857948 -0.370930461339156 0.752790928105604
-0.0165710069099514 -0.0810252255272212 -0.923041856939016 0.153720603674675
-0.00814215889552909 -0.0747450017257468 -0.548888803024996 -0.380767317612485
-0.0176992772777322 -0.0621729530014367 -0.0711561783963643 0.0188461341469972
-0.0756846490347793 -0.0307019218715062 0.605322770653727 0.29385694757717
-0.0372098305624254 0.0369838524516911 0.848711032419271 -0.379567094056948
0.0128325150249457 0.0565051864954394 0.175556005714629 -0.87084780956884
0.0472467565661365 0.0137436949824829 -0.478371992426003 -0.397771678809885
0.0347499395552729 -0.0406427197509361 -0.388219817625335 0.106976606819229
0.00985924305558852 -0.0315511303378526 -0.0096301511357929 0.166357463281648
-0.0102729267941916 -0.0262181071010708 0.214230663387338 -0.0521523658582297
-0.0138047291661447 -0.0093758486397517 -0.198431170411284 0.0301468638009549
-0.00947765873427907 0.00545886575334711 0.0216133612554723 -0.18283640611138
-0.0104955481153569 0.0326374445592682 0.409315254139567 -0.132851658906818
-0.0401055605546898 0.0190718400774159 0.465678851116865 0.340915229752398
-0.0397691141968622 -0.0199546529319143 -0.0982895810695286 0.817797995371711
0.00852903348259318 -0.0757823771226615 -0.798669428060972 0.46766238028001
0.026558019665763 -0.0417121919949292 -0.638386775405688 -0.211129876987504
0.0229274896479438 -0.018209337202763 -0.143836218171587 0.00808952129890959
-0.0245000756406292 -0.0050186371967082 0.503336892465954 0.447989165603403
0.00260336472677083 0.0335805427750826 0.938542971496883 -0.0888039878321359
0.0165089957380827 0.0351940471572708 0.432744368462597 -0.80728635809119
0.016903721710114 0.0117715765243592 -0.358368953937155 -0.557693633571834
0.00632022010781535 -0.0218997876852988 -0.413689294936261 -0.00199821502957594
-0.0133421078106171 -0.00273059344952408 -0.0378982231733993 0.142793101763169
-0.0171292835811905 0.0111585305002703 0.240586234127587 -0.0584243665232615
-0.00869607411771156 -0.0210514883614175 -0.200902608351038 0.0269270663785589
-0.00357537333779781 -0.00666509177109779 0.0252610108720133 -0.184375145869304
-0.00582327931072792 0.0286269516127722 0.412963320206111 -0.123517149884598
-0.033095263363954 0.0238673060190109 0.461195419516001 0.353703774705964
-0.0355662556843472 -0.0191782864117983 -0.113156787013834 0.819053499166769
0.0118002112510126 -0.0844829056502954 -0.805844178005014 0.451811136854937
0.0345801487725442 -0.0494095756920324 -0.62578582181905 -0.220136514452541
0.0323733108640193 -0.0211344609581924 -0.131178328450926 0.016243849709168
-0.0157743369852286 -0.0126038844652096 0.518850877860134 0.443240430131814
0.00658776722643236 0.0263002876416849 0.94073486578777 -0.107389233855874
0.0195941935990225 0.0371130027318983 0.416962078265767 -0.807505067960263
0.0234113058537659 0.0181693425406687 -0.365869291431056 -0.543822670941314
0.0119533429075826 -0.0244956478487453 -0.407324334935911 0.00671807300858008
-0.00591189526656664 -0.012413594505383 -0.0318339989463399 0.140395423284722
-0.0104477490926998 0.000779959616082775 0.243085461685828 -0.0652427441087509
-0.00322427403935922 -0.0331158389083234 -0.20392582949574 0.0276047123300027
0.00221161200215508 -0.0177904020001836 0.0301333590583283 -0.181584965288438
0.000898429167468836 0.0244922403305464 0.415386238208638 -0.109422077072889
-0.0257367047723386 0.0278497785804966 0.448423614719861 0.37787069004515
-0.0325115855327961 -0.018897383151339 -0.147660723991362 0.819192342480466
0.0124253011627619 -0.0908107464801708 -0.821067693832621 0.420489537083697
0.0361181529607369 -0.0571471703851003 -0.610480014163348 -0.235941457318249
0.0356756609199828 -0.0280924851201301 -0.115186917972707 0.0229223057826788
-0.0147383307098837 -0.0213059994000741 0.540915775395518 0.427252223891514
0.00587336227147223 0.0192951446177436 0.936805022729491 -0.146268617649811
0.0224499681754486 0.0404186393761887 0.385533798942535 -0.82003058966968
0.0306416470367504 0.0241226435117312 -0.382663160179164 -0.521137063783809
0.018953972306097 -0.0275908751037615 -0.401855291441636 0.0200997498550503
0.00145854456147778 -0.0206761771404727 -0.0237744521496304 0.139103410806261
-0.00377798991546658 -0.0102241083299447 0.24059875202385 -0.0711528558096776
-0.000822056847126535 -0.0442788978234749 -0.208983607549204 0.0267071466842154
0.0087655325385475 -0.0262633652329333 0.0366815647781176 -0.178580568096024
0.00879873764056152 0.0203315479370161 0.418144904657771 -0.0897614204392485
-0.0182750096493508 0.0318327316512822 0.428997937571389 0.405174074978458
-0.0313088711839419 -0.0166998163440254 -0.192277921977083 0.814354983330695
0.0100791909331355 -0.0936481581175144 -0.843383869553206 0.369918867305575
0.033935093585776 -0.0641921549454343 -0.594998616197544 -0.262519134825414
0.0335897636676107 -0.0365400395366985 -0.0996983660092731 0.0274777777001824
-0.0204665554743128 -0.0293922000287268 0.562948606690977 0.403028178472663
-0.000172575736341725 0.0154870493510163 0.927976159168675 -0.199674060236704
0.0229616432634268 0.0442006774000188 0.340653873762138 -0.834702097200938
0.0393327728674418 0.0269878941301509 -0.406379790556656 -0.491998452457159
0.0254536880033542 -0.0318787288234588 -0.398643122549332 0.0405907329033993
0.00765944872942172 -0.0290060890508233 -0.0189459679438926 0.141608998412756
-0.000398261653210344 -0.0199078342949242 0.236458314815032 -0.0702460827612898
0.000654528501880816 -0.0530933815912378 -0.21310441909195 0.031964142233038
0.0121401047066348 -0.0328421768978268 0.0409556233469434 -0.17111137475075
0.0162118978524153 0.0186133297347264 0.416162278803287 -0.0673243023218214
-0.0143866628783032 0.0348603736191312 0.403825993344734 0.436730522904271
-0.0333072880990504 -0.0148199326884372 -0.245114415185549 0.80544215324844
0.0057614508631573 -0.0943800029253021 -0.868736062321328 0.315577606208012
0.0270714986076029 -0.0690871869936987 -0.578841812495905 -0.294744204946253
0.0253343656393962 -0.0447831690255912 -0.0855024210859229 0.0293243024299658
-0.0308566310797107 -0.035578844914021 0.586058075408287 0.370654645614917
-0.00810581111434302 0.0156218995273311 0.912177428049555 -0.25985644082617
0.0228133244676554 0.0481182934659418 0.287584580831997 -0.850622527742771
0.0456176357472192 0.0267664404900754 -0.430466951512926 -0.462006032016317
0.0307852264604254 -0.0361553448691275 -0.394773073603705 0.0613538414668606
0.0115693832634578 -0.0354202982629123 -0.0132667932569813 0.145519851140294
0.001300125494611 -0.0276687656399665 0.230222430247166 -0.0713527618434513
-0.00140237750257179 -0.0584594149830088 -0.217839946135248 0.0341269798507103
0.0158474871405137 -0.0343857032560612 0.0463052911135807 -0.165273170112331
0.0223334923129981 0.0170751620968624 0.415293539013774 -0.0465356285683217
-0.0102021423684343 0.0342293248139049 0.377791334493747 0.464092783532628
-0.0382368140407215 -0.0134130307441268 -0.293502690522467 0.794429890803512
-0.00178272387463627 -0.0918210735644621 -0.891260641018475 0.254681934221975
0.0171201396531401 -0.0728261645792739 -0.565349765026896 -0.326436099477092
0.012469381235236 -0.052332397862435 -0.0754912270189046 0.0288757071542659
-0.045934052290806 -0.0371166465006615 0.60141179687866 0.336039329066987
-0.0190732928970479 0.0199058463118447 0.8882258676463 -0.319040778260717
0.0210682576028475 0.0516817786034826 0.234508368261561 -0.863188350682254
0.0507487551693304 0.023747207831308 -0.456228103087652 -0.43265373038979
0.033878815024313 -0.0403539802914476 -0.390704838150969 0.0833204897409457
0.0138100469377351 -0.0383827155433884 -0.0100689060638363 0.152322456340709
-0.00140419220165522 -0.033063829808516 0.221780207269143 -0.0645815943901403
-0.00520071388028154 -0.0577408031638046 -0.222517013176731 0.0420857224838708
0.0157655440180667 -0.032067110090013 0.0469648426459994 -0.15711123786196
0.0262381159372779 0.0173746390927409 0.411748188809656 -0.0305823158439306
-0.0104323081487097 0.0323532011844549 0.352863214523345 0.484028849463474
-0.0437045536047913 -0.012123950781007 -0.334943265228909 0.777021543623872
-0.0103978965775557 -0.0876463283989532 -0.909720304576393 0.20653544500378
0.00385263488707936 -0.0749119158706037 -0.557855147552076 -0.354342132379457
-0.00309390725185763 -0.0582708843703262 -0.0704781490767365 0.0255495626494452
-0.0617437520545517 -0.0348657126888957 0.609410429284954 0.307540036428242
-0.0291511759161711 0.0280868792498896 0.866240463038248 -0.366900854936677
0.0182646324658314 0.0545086298234384 0.192855487083645 -0.874049734496886
0.0508909935210599 0.0190084895912175 -0.47622772033408 -0.408026516608068
0.0353211984569334 -0.0423416908979011 -0.389748402742736 0.100014085061417
0.0124468800397225 -0.0368064973369343 -0.00836975160085152 0.159211921854175
-0.00515302819567801 -0.0317738883731891 0.215408308146648 -0.0595861095782742
-0.011099676696066 -0.0517436956026759 -0.228510861553241 0.0484962330337105
0.0108061981642774 -0.0264095715503714 0.0440372026726023 -0.151590532973615
0.0252871478260016 0.0185212282403131 0.405774900373757 -0.0217540668561785
-0.0131017909325257 0.0266386497009076 0.332978999103686 0.489431546396613
-0.0494027212584928 -0.0129667218963062 -0.363171869216369 0.759195492715877
-0.0183089235398881 -0.0803102357614464 -0.923379146123375 0.165591923078661
-0.00916299947455042 -0.074734404821065 -0.555977899524337 -0.376828353394364
-0.0183173227790496 -0.0613081589299265 -0.0712520686944476 0.0205889883100199
-0.0761498305250746 -0.0292413527652043 0.610821797959871 0.287998749793609
-0.0367726710353497 0.0385577516426317 0.845909903271078 -0.39271245328197
0.0141491386410824 0.0573012615066366 0.162861828321507 -0.876098019466194
0.0486780568751769 0.0138767038898912 -0.488273409783936 -0.392535031679698
0.0343660327933435 -0.0421125052033064 -0.388605140113567 0.111232963138861
0.00898833544638795 -0.0315943011251706 -0.00721143586984785 0.167940289704342
-0.0108552862690266 -0.0260569561488092 0.214021005809169 -0.0540277379734153
-0.0146275919251764 -0.0085453347432385 -0.198428330587562 0.0320988702590286
-0.00978588963102772 0.00608109964279284 0.0189028201099992 -0.184082627772549
-0.0111277622228377 0.0322387699597527 0.40862369864462 -0.13949792605087
-0.0400544295590234 0.0193448303177599 0.472440264818643 0.333713362574596
-0.0401181581314873 -0.0201684013040928 -0.0865099069446589 0.82096025826826
0.00680142258670667 -0.0757443731602586 -0.792403121372786 0.478814957581945
0.025712734029421 -0.0414361483017359 -0.642095839526244 -0.204323326556064
0.0228047340441771 -0.0179946731728421 -0.144552808606073 0.0106002404409702
-0.0246465332244037 -0.00508081129209138 0.509210794411045 0.442193246391527
0.0027504451622268 0.0339318911684736 0.939012809582934 -0.100407276261823
0.016923956863951 0.0344558763691383 0.420828817003026 -0.813382609075747
0.0163418727698052 0.0111936586961758 -0.367331262293485 -0.552959765712808
0.00629837324527113 -0.0218266366885377 -0.415056378084716 0.00447876095495342
-0.0130807126986164 -0.00248540021460891 -0.0367119843336735 0.143023772948911
-0.0171369522620923 0.0114198910942894 0.240067181161385 -0.0612042392939868
-0.00903149718648681 -0.0202355939012468 -0.201775501395835 0.0287341738659199
-0.00370015189992105 -0.00642201147338438 0.021999387622506 -0.186547382568193
-0.00549331025691859 0.0282057235494008 0.411622966557468 -0.132864571723151
-0.0335130602269435 0.0238768462709732 0.468199645034155 0.347950104980547
-0.0358413161269123 -0.019711321865652 -0.100975814071897 0.823306832094034
0.0106190306203715 -0.0843770056608604 -0.797924829929833 0.464139407439256
0.0333804595245965 -0.0489157713712818 -0.629019988468196 -0.211578632972515
0.0324232560327995 -0.0215520663161858 -0.13146016527061 0.0181665862992003
-0.0165589768179437 -0.0122515187421462 0.524752369765097 0.43791873534282
0.00710013764793132 0.0257080209238281 0.940433640281927 -0.12042232584837
0.0206096287137225 0.0370698948066538 0.408128266712904 -0.815620409187399
0.0236536722372468 0.0181253870055288 -0.375343202722663 -0.539558960524552
0.0117920649452601 -0.0247001399626086 -0.409062792626818 0.013670363782
-0.0061854468298089 -0.0122365119030247 -0.0305781687269401 0.141146017970027
-0.0105138360894551 0.00101927625775861 0.241912330263043 -0.0673319294458194
-0.00382480530187233 -0.0327490645652066 -0.203532426729464 0.0299214083211576
0.000973674866507894 -0.017397896753049 0.027348279778518 -0.183218182911082
0.00114963053106353 0.0247092628782664 0.414741707487883 -0.117278246895415
-0.0261519138685603 0.0285968114874253 0.456158723533689 0.371717652458288
-0.0321541576295165 -0.0176840979173441 -0.135042354061398 0.822779057982707
0.0108783219595525 -0.0911834516349189 -0.816341649663056 0.432575111052577
0.0350005537392375 -0.0575590764312843 -0.615417333936754 -0.229407366323736
0.0357543362903835 -0.0281717253959996 -0.115670152004151 0.0253753201219939
-0.0157018245546831 -0.0207640025900152 0.546824974946019 0.420768303604942
0.00555694276091621 0.0192743991681767 0.937175877036811 -0.159809906450033
0.0234240044271385 0.0399779562252693 0.373177706782056 -0.828071509034379
0.0314306887587676 0.0232409712310041 -0.392811647612267 -0.515916835402335
0.0181191307939149 -0.0285975275492749 -0.404606083434253 0.0270398949018494
0.000776885418879577 -0.0210822418253771 -0.0232582582264517 0.140075687631479
-0.00424220570331901 -0.00998243733663799 0.240293222216524 -0.0739763743565492
-0.00196858929835899 -0.0438846093421611 -0.208635370982196 0.0287630239901198
0.00705576304914836 -0.0263692066256466 0.0338897740321129 -0.179683061052597
0.00830196967939933 0.020687849755129 0.417823125355125 -0.0972155757277742
-0.0187748320439778 0.0316557340462966 0.435207856667477 0.400324216448485
-0.0313185935455441 -0.0161570467414301 -0.178565582742644 0.817995168848563
0.00890020710520321 -0.0931902389064324 -0.838649954761526 0.381279625150095
0.0335397923222577 -0.063812439818966 -0.599767080717232 -0.256131369725548
0.032755668547205 -0.037087867141336 -0.100428349468924 0.0291704719374351
-0.021005703330962 -0.029531552764592 0.569738547105682 0.397104047543507
7.72719995559244E-05 0.0158280886744288 0.927127908563442 -0.213102155496226
0.0237182109367549 0.0444094253871869 0.32768329580429 -0.840269744714721
0.0401459663304539 0.0264245499686721 -0.417701591667514 -0.488137731223153
0.02502016343842 -0.0321329827307303 -0.400036489362223 0.0459488892141778
0.0071364304061717 -0.0293822751635876 -0.0176333453287397 0.142069819540007
-0.00121679837846592 -0.0207126736484045 0.235428968174306 -0.0721747134976924
-0.000159033730127397 -0.0521499276195282 -0.213055625045908 0.0331971163195124
0.0116691796569433 -0.0321801037085433 0.0388223902309638 -0.17307691670033
0.0163858869943702 0.0179687584459514 0.417704510092119 -0.0754167798978047
-0.013147847959086 0.0341450744506161 0.410694365732339 0.430694032145898
-0.032964389243002 -0.0142842567060337 -0.233200751536388 0.810751946270171
0.00446372755752251 -0.0946110674840999 -0.864219171711323 0.326865923044575
0.0262498394762549 -0.0690614667107277 -0.582483216549888 -0.288862187811385
0.0241661117108391 -0.0448926810531605 -0.085631276722817 0.0309285091877936
-0.0314570506392287 -0.0347316926501357 0.591595370571813 0.363461947852685
-0.00797133710467861 0.0153477798797483 0.90893645265421 -0.27483739351101
0.0239981058312143 0.0477734437729732 0.275198866822348 -0.857482732883611
0.046937998902795 0.0261088984949973 -0.439883717516282 -0.457285360534329
0.0305096325293553 -0.03758188131877 -0.394991776013112 0.0683733486707684
0.0112530958171203 -0.0358830072052017 -0.0120709594564837 0.145742922693117
0.000324974746250119 -0.027586221096087 0.22976150256543 -0.072980852057417
-0.00234116514241405 -0.0576110261381545 -0.21737288213787 0.036813492271926
0.0140962129198634 -0.0340918196845096 0.0435598489012058 -0.166524914920929
0.0221715317030238 0.0167269075710172 0.416153422535771 -0.0535381551515414
-0.0101146651659773 0.0352591132284813 0.386103701766604 0.459110852034058
-0.0380095130986955 -0.0131910541837978 -0.283096752959353 0.798835596355077
-0.00310947759660119 -0.0919039002375692 -0.889157919043561 0.268639254321064
0.0154949339170547 -0.0729014966152454 -0.571165190912576 -0.321614965120854
0.0121602846822087 -0.0529097804808017 -0.0757982813871172 0.0302132472334353
-0.0468361773890483 -0.0363146705465979 0.607347863323087 0.330269338394533
-0.019238056548141 0.0202457136628025 0.884142975224047 -0.333109391544207
0.022215021012809 0.0512240035718934 0.219425631829026 -0.869654598667115
0.0514332750373254 0.0239455262806337 -0.465123211856421 -0.426497517159097
0.0335285217907264 -0.0410411125941066 -0.392940070894426 0.0888544805918441
0.012505352499505 -0.0384917191161762 -0.00931295126266858 0.153104328214552
-0.00247718940550892 -0.0328697549622418 0.220908484442755 -0.0663219147700497
-0.00582529091126379 -0.0569423376518683 -0.222069020122762 0.0442443097499042
0.0145697986049056 -0.0315566843585237 0.0446608317766571 -0.159431119761447
0.0256086191110351 0.0165194560477312 0.410992561634224 -0.0377320358158354
-0.00998345974049043 0.0325051074497008 0.361140972859625 0.477857411799468
-0.0436425756925045 -0.0119398908223548 -0.325441922793642 0.782985111832349
-0.0117221441817263 -0.0869330894785612 -0.906606969621976 0.216960595900562
0.00231297155326634 -0.0737022223362365 -0.562260568230035 -0.348781077585848
-0.00444234126385365 -0.0586693979865544 -0.0709735315129872 0.0266963749665919
-0.0627641168700314 -0.033903161069411 0.6149064022985 0.302593905992641
-0.0281434395274655 0.0282316367810287 0.861498346393621 -0.379442038860211
0.0197027421988351 0.0551303214055709 0.179542265641687 -0.879099586883414
0.052465755682452 0.0186478723216721 -0.484139520591379 -0.402218313540691
0.0341135985518243 -0.043553812440189 -0.39041392014429 0.106548873551958
0.0117345993904776 -0.0377221383450832 -0.00709681971071218 0.160276274484523
-0.00547789981066799 -0.0318034913574944 0.214911719615184 -0.0613449534138872
-0.0123609373854417 -0.0513443636356787 -0.228065260451198 0.0516511375370994
0.00956980614915551 -0.0262822452260292 0.0423570895107217 -0.152654354111553
0.0256837078775319 0.0177483704809343 0.406704638908041 -0.0287310487093427
-0.013031044782552 0.0267709922017993 0.342238659185781 0.486430209110694
-0.0492773341906756 -0.0122470707393995 -0.353648228884729 0.76689166573249
-0.0194386778796488 -0.0802142730573197 -0.921098803941311 0.177149100837638
-0.0100408413431061 -0.0729056112892906 -0.559097271170173 -0.370730178757045
-0.0190588138747202 -0.0613424313423797 -0.0718574917620802 0.0222614458021459
-0.0769886673799662 -0.0281232877360794 0.616264708947982 0.280914216451447
-0.0360575511313771 0.0388016852507391 0.842606325551316 -0.405874192064107
0.0153152551270176 0.0567485686927203 0.149042590320789 -0.881086224433771
0.0496866861576019 0.0127630790272318 -0.496331537970812 -0.387485275902404
0.033576726288014 -0.0428201582074735 -0.390069305331708 0.11927452077147
0.00859466166956086 -0.0322800553388071 -0.00593741635331054 0.167534477571912
-0.011241511802556 -0.0259645571878382 0.213452432789458 -0.0554644051522288
-0.0142824840294522 -0.00780183520077171 -0.198895638826373 0.034241012721759
-0.0102071779719884 0.00656421852695877 0.0158638256877626 -0.18503229174696
-0.010750567026722 0.0323432498213818 0.40608573112049 -0.14713239959224
-0.0407323831100442 0.0202418974495906 0.477656804027742 0.326896045809588
-0.040641433682889 -0.0193977844817542 -0.0742081191515045 0.822235366744521
0.00584259249477227 -0.0760022442274125 -0.785195674141543 0.489146611478229
0.024556551496923 -0.0416527255496453 -0.645467717079381 -0.196990655459217
0.0222785914302538 -0.0182813661098199 -0.145173814803732 0.0131385097577456
-0.0244798083164478 -0.00487208558695465 0.516400877445201 0.435964041250977
0.00317958503788503 0.0341086815436292 0.938165789371338 -0.114070208972606
0.0177088297651361 0.0353196660049208 0.411877807351262 -0.819805472177454
0.0175048599781332 0.0108453961525862 -0.377217997076035 -0.549985421204842
0.0061081961524955 -0.0228811719845579 -0.41670888433767 0.0104835637495076
-0.0139228084587497 -0.00283742930428343 -0.0354358418069179 0.144199203950791
-0.0172809637171079 0.0118356117960263 0.238842931983255 -0.0644485273629959
-0.00994572863804973 -0.0196495932131888 -0.201422566342916 0.0308739073556796
-0.00454881778634315 -0.00582162561709748 0.0192196558608611 -0.187506766318107
-0.00530612917775842 0.0284091177546367 0.411044455393477 -0.139120650477522
-0.0328766135696468 0.0238738952335036 0.472821985356105 0.34005163701876
-0.036114273401288 -0.0188141314455126 -0.0902415964252516 0.826359843436953
0.00951010413178444 -0.0846833077785588 -0.791599088812395 0.473267084844524
0.0322713658495648 -0.0496635629684039 -0.632037157089192 -0.204261910495965
0.0321140447179791 -0.0221899923705224 -0.132141578425277 0.0208740769958123
-0.0168810168635782 -0.0112981324588928 0.531605806336941 0.431643541611964
0.00655723761669909 0.0266503331096749 0.938220486149587 -0.132732396589124
0.0214831071540306 0.0363068019572676 0.393582827788552 -0.823449018732007
0.0248083141351296 0.0175408193037215 -0.38552855546435 -0.535126886079309
0.0111776597361303 -0.025664110893136 -0.411223578961863 0.0205706742354683
-0.00634053755654404 -0.0125001582933864 -0.029700939932659 0.140894780668127
-0.0107349738859426 0.00117647128193291 0.240871665640229 -0.0696988638509909
-0.00431189799523924 -0.0325471176286099 -0.204330643536405 0.0314624113072981
-0.000186454843506247 -0.0164262250633373 0.0253652533933433 -0.184317674904297
0.000662266569845756 0.0241617204206273 0.41256608930841 -0.123236258646502
-0.0254921265714563 0.0283467876584848 0.460536460555794 0.365165837680101
-0.0320033868385276 -0.0179912704447139 -0.123206336672068 0.823695565999383
0.00958855321206211 -0.0909783449383243 -0.808923063375043 0.441755969382404
0.0341222438634316 -0.0574389987161682 -0.618677993333374 -0.220778756309738
0.0348401533355772 -0.0290732083490364 -0.116633878787148 0.026853417563769
-0.0161741478374525 -0.020549103745492 0.551582147118652 0.415407648096468
0.00550374385085125 0.0191354077770662 0.935436357176394 -0.17186187851545
0.0239934511242099 0.0394602989644324 0.361015657685761 -0.834474791890179
0.0323589020420042 0.0234004330336084 -0.400101860765619 -0.512334086662265
0.0178995418484433 -0.0296677618381809 -0.406631810617101 0.033070471833461
0.0013627730171664 -0.0216031734650602 -0.0225867173801149 0.140420312476851
-0.00465202835220889 -0.00977153135499521 0.23811627306887 -0.0758054432556583
-0.00237250694502939 -0.0437172378833279 -0.208010346142357 0.0310740473228733
0.0066801232231253 -0.0265004731544857 0.0306161854510354 -0.181867727817706
0.00856685208638991 0.0199432951409619 0.417536479671633 -0.105037993793405
-0.0185614573474874 0.0319117149291684 0.442991113630799 0.39433597172632
-0.0323397864267472 -0.0155062524825859 -0.168237429436045 0.821037535603449
0.00718743975185697 -0.0929099952733875 -0.831893595047514 0.39155262035197
0.0316488203327746 -0.0639149082379161 -0.602409518579666 -0.249456357398977
0.0320416605310716 -0.0375007344814824 -0.100957175906837 0.0307245551970274
-0.0214675173572566 -0.0286796474670438 0.574634835546124 0.389133126695326
-0.000211977366542866 0.0156138266069241 0.924462513850228 -0.225502726622098
0.0246881353853479 0.0438966809076156 0.315348688082518 -0.846366136963821
0.041162911151032 0.0264165962668369 -0.423650504206567 -0.484053378542714
0.0251075250928883 -0.0331878906058427 -0.401153414667328 0.0522198346872198
0.00636905272155174 -0.0291883145609977 -0.0166201624387021 0.142695565943929
-0.00154571017109576 -0.0199595577473687 0.234033915677817 -0.074363412540821
-0.0010555347042837 -0.0516990148950708 -0.212674020626013 0.0358627419593552
0.0101822466650289 -0.0324485215318373 0.0358725295345761 -0.174116029694278
0.01582418603953 0.016999529751397 0.417567080606826 -0.0806046339018109
-0.0135766285306346 0.0344231430866087 0.418093963564879 0.425566383019909
-0.0327368618015636 -0.0140746559942152 -0.221625990191874 0.81289500651959
0.00298563688462816 -0.0938620279680362 -0.859261183019908 0.337457036835216
0.0252578886421428 -0.0694778876369456 -0.586986260905731 -0.281697779180986
0.0239084005577975 -0.0451582328182441 -0.0863162834471513 0.0327047968480543
-0.0320574477200964 -0.0340952142555033 0.596434731945815 0.356480740786433
-0.00861620722398139 0.0161191903908141 0.905475586938879 -0.287096675439812
0.0252832636539351 0.0474762512804399 0.26344608439002 -0.862631038571941
0.0470470399147785 0.0258922861634239 -0.448442516589962 -0.451368862426644
0.029784723556527 -0.0377593452010927 -0.396269694213506 0.0737648344591141
0.00987578144164801 -0.0355739685826054 -0.0107783041676974 0.146318065704647
-0.000365534531352599 -0.0277636573587261 0.227877663667622 -0.0752906751610524
-0.00343145584285126 -0.0567965770568276 -0.216304852523219 0.0387533520381311
0.0138443926537887 -0.0343669508981734 0.0410122964022175 -0.167673238340388
0.0220026154584296 0.017146617335904 0.416647241612898 -0.0599962552561054
-0.0103398480660331 0.0351115255246007 0.39269318899117 0.453031042618391
-0.0375013702323109 -0.0122469719787002 -0.271449319491341 0.803010728774136
-0.0050949792641968 -0.0915130516370334 -0.882764060536854 0.281081678710512
0.0143126606037808 -0.0716235647961419 -0.573835827558766 -0.313759489005755
0.0112227102162981 -0.0527878476684779 -0.0755281679505608 0.0317990623795758
-0.0477969688397492 -0.0351825787735228 0.612663820690371 0.323119876351222
-0.0191503757216003 0.0207706728210989 0.87858974821977 -0.345925406319552
0.0230443708733746 0.0512875830444041 0.208007310132811 -0.874874851828774
0.0519347832093357 0.0226327512741097 -0.471326482050717 -0.422011872872364
0.0324244277870119 -0.0415822261414955 -0.392413371406367 0.0959363967600277
0.0111736234711865 -0.0387843816029296 -0.00816590395145796 0.152920506582801
-0.00280733811544247 -0.0327928642202225 0.220270459840541 -0.0682329656599025
-0.00730184395673597 -0.0561562932118423 -0.220888236913309 0.0466307303485099
0.0134401212318698 -0.0323671297891895 0.0422079309339465 -0.160230255406588
0.025315464201518 0.0165110929276367 0.411772687120832 -0.0434020255046887
-0.0103041538208603 0.0330653977653606 0.369359977311806 0.472832663285282
-0.0434803769778913 -0.0116996450147502 -0.314076642276023 0.789514567570075
-0.0134592449717065 -0.0867252991203927 -0.903982371009065 0.230227831748374
0.00138318059638222 -0.0737514504355825 -0.567289252134212 -0.341567648758601
-0.00475691085039666 -0.0578499726397286 -0.0716415052528901 0.028276462631913
-0.0637904200179818 -0.033147244787617 0.619188979278118 0.296751181114674
-0.0290515985272743 0.0291774202830533 0.856834294130458 -0.392146373926345
0.0199395191946395 0.0541204076772961 0.165586094216037 -0.882801677624803
0.0531571863781342 0.0174959151561069 -0.492407619162283 -0.395482852281739
0.0338314117567228 -0.0440180739166528 -0.390251170793103 0.112058833930451
0.0109837408789825 -0.0378134154010584 -0.00566225125191529 0.160245933112862
-0.00631673535924547 -0.0318761446954646 0.214063296819885 -0.0631488704584561
-0.0124474549084547 -0.050555637161988 -0.227475168381231 0.0536406311056776
0.00947342773801253 -0.026205519718088 0.0399289552247285 -0.153491829628736
0.0258075245784979 0.0170603112387677 0.405050251269299 -0.0363130310574774
-0.0135139749616742 0.0265489084870884 0.349690744727874 0.481424529898789
-0.0494682475141493 -0.0104602825239685 -0.342349637416719 0.771883622547643
-0.020688582404713 -0.0798869027805789 -0.917125271082023 0.18932575194327
-0.0117953777402872 -0.0728070154441709 -0.564926727718302 -0.363811877741881
-0.020336065210135 -0.0606486543202813 -0.0723819858268396 0.0235895970264892
-0.0773699323480795 -0.0272367225645622 0.619391758280966 0.273520883451344
-0.0358569950711761 0.0391646538512335 0.836257608318872 -0.417789526841775
0.0159636743560492 0.0566440908984925 0.133862608641827 -0.884750652658705
0.0491988854214675 0.0119654309597176 -0.504090053209174 -0.379742335064507
0.0331994336225528 -0.04384099252715 -0.388409537751453 0.124310507305893
0.00767051073276362 -0.0330950461815734 -0.00373820642365746 0.167867563256966
-0.0118791837409528 -0.0253953419882682 0.21285554556747 -0.0577202559573451
-0.0150330934242778 -0.00703875129487363 -0.197661523080617 0.0360151462614054
-0.0108901033724331 0.00684548107425628 0.0123984877884895 -0.186062617592
-0.0103452185098142 0.0321190068678781 0.403709052751106 -0.152808678315918
-0.0402392481390517 0.0206415034529302 0.482868037298847 0.319120461562756
-0.0398697750650752 -0.0186742262799886 -0.0636272346492755 0.822037849667396
0.00468699074284984 -0.0755100759041594 -0.776556457015477 0.497747086731188
0.0241188474661774 -0.0407855668139298 -0.646568063531592 -0.18820049981748
0.0222455047902351 -0.0190583276402644 -0.144799073863366 0.0154735933687082
-0.0245162581992033 -0.00396497868681139 0.520032944760791 0.429378540811826
0.00353839329863775 0.0340945532630959 0.935993437232572 -0.127322020211541
0.0184163581777839 0.0349474352757419 0.397590798668217 -0.828058202599358
0.0181142079977811 0.0105950441606864 -0.385006730347969 -0.543692516754685
0.00532904169941523 -0.0233530554889605 -0.416828206708545 0.0169939786766115
-0.0137857818279269 -0.0028236364593255 -0.0348862107643659 0.144844268440895
-0.0172643470821088 0.011980128779761 0.2369147731407 -0.0662028381633341
-0.00969985612251516 -0.0191039050733157 -0.200710783142049 0.0325960594183813
-0.00536814895702512 -0.00535764206402086 0.0166989461257184 -0.187507011329143
-0.00600347043827191 0.0285401149460313 0.408675250742249 -0.144780906695717
-0.0335363541042733 0.0248491511167951 0.477793184529389 0.332772426961352
-0.0358292737703445 -0.0183927719679615 -0.0776220182348336 0.824753986472771
0.00837762198637406 -0.0836976408707886 -0.782911109005526 0.482360586375612
0.0308527856526194 -0.0489331128159016 -0.633245535745836 -0.195725873937108
0.0321384270507315 -0.0221615547379335 -0.131909616235264 0.0230219905920297
-0.0172645241839781 -0.0115210775549226 0.536908686723728 0.425642603066234
0.00731136180485602 0.0253720215165862 0.935618849824295 -0.144742710994927
0.0218351421407612 0.0361027220843561 0.381590852284445 -0.826382924257892
0.0243444717641186 0.0174086787079415 -0.393109064441184 -0.530151789166289
0.0110671965623385 -0.0263202246729185 -0.411362346734739 0.0255027601331149
-0.00723596208863204 -0.0128952762622857 -0.0297315241047459 0.141747181549685
-0.0106134062466145 0.00169829140794896 0.239401827600231 -0.0719048359307172
-0.00490485182312014 -0.031291867737338 -0.203192514501619 0.0334753880755263
-0.000756873289830526 -0.0162144242039029 0.0219234317277124 -0.184446712014962
0.000819441911965886 0.0239100389460996 0.410667701682286 -0.130273951821562
-0.025479943963889 0.0286862548101901 0.46670044762427 0.35735496787607
-0.0321703746407495 -0.0174513012006544 -0.110649891915593 0.824183800003599
0.00872036487654674 -0.0900638150727991 -0.801001770562733 0.449195118283497
0.0329170427905999 -0.0568623537913972 -0.619309149009484 -0.213808101348048
0.0349233736258873 -0.0293092238556373 -0.116334767822652 0.0286453401143704
-0.0162646151259548 -0.0196154495468984 0.55708212943911 0.407412051224205
0.00585881118758846 0.0189552832065098 0.931315066984572 -0.185044834751703
0.0248301282529111 0.0395039195229256 0.348560985274577 -0.840385206887426
0.0327775475059722 0.0227804414321784 -0.40755339281686 -0.506060946353646
0.0176923978675824 -0.0297412661585831 -0.406957356421905 0.0386234424426913
0.000207397633472904 -0.0217757957976221 -0.0215704133787982 0.140289700979551
-0.00482447202439299 -0.00931644800370529 0.237497123690798 -0.0778694736572103
-0.00280764609115515 -0.0425401251762663 -0.20735586663058 0.0323369957019699
0.00553371432359272 -0.0259412373410373 0.0280782709397039 -0.183142997927828
0.00849933957211913 0.0200722561107245 0.415203514342163 -0.111037311579516
-0.0182597978645647 0.0322271507805271 0.448041241541663 0.386833963296353
-0.0319209491528528 -0.0148166467431572 -0.155027756902047 0.823999164173794
0.00569568541669921 -0.0925688850297302 -0.824888993126841 0.400629803244185
0.0298018198742748 -0.0630847202258252 -0.603819861143605 -0.242305703772611
0.0314491922845461 -0.0373716095133166 -0.100801580796768 0.0330564618268444
-0.0225897199520704 -0.0277488544098015 0.578468373734528 0.382138249999988
-0.000823775508035156 0.0160207754606072 0.91766003450272 -0.238962310695113
0.025242658230451 0.0432884575162767 0.302854695575381 -0.849813747730711
0.0411018485888348 0.0251918630452011 -0.431219944535796 -0.477475796654554
0.0238520703778662 -0.0338268788241912 -0.401142563027567 0.0582319333814688
0.00588316623902615 -0.0303718416124762 -0.0157841210907229 0.143013187025717
-0.00225114840244221 -0.0204172395032516 0.233058461599918 -0.0766333958516989
-0.00187321688030939 -0.0511968298187662 -0.212304700108443 0.0372616293400578
0.00982749721623349 -0.0324132926949069 0.0333945129448889 -0.175137694353282
0.0158716048589633 0.017034919972954 0.414532713229331 -0.0874955719495621
-0.0133740524881869 0.0348665796960635 0.424444224824485 0.418735367446787
-0.0329204586714706 -0.0138624578426668 -0.210778880493886 0.815438117491065
0.00141086292710248 -0.0933545623159362 -0.852536422573604 0.34771916395881
0.0236908647283463 -0.068543552560892 -0.589517439419173 -0.275807667479189
0.0234376136839251 -0.0451630051721426 -0.0859791157825935 0.0342514648428536
-0.032778308935362 -0.0333767279903255 0.600850743978828 0.349820320622068
-0.00829461123376871 0.0159442095201423 0.899160354234051 -0.298303864306256
0.0254489063637976 0.0472785929200181 0.250203516918022 -0.866821744505644
0.0477427699710842 0.0250500112593747 -0.454891513234254 -0.445716759558319
0.0291634765609923 -0.0384930017715569 -0.395141792947512 0.0797749778771441
0.00953784059621498 -0.0363685955404673 -0.00982286517715469 0.146506360551398
-0.00105712769334158 -0.0277609395994138 0.226383083820431 -0.077447909912809
-0.00480261667188588 -0.055666276477447 -0.215830635908723 0.0412401282481683
0.0124122873386639 -0.0342044206886155 0.0380529137911238 -0.168766653936663
0.0216683260495666 0.0161262405994493 0.415122500154292 -0.0670114416100256
-0.00981386158846465 0.03507677846742 0.399416692742071 0.446733804464681
-0.0374114644195536 -0.0119861011644049 -0.261809172719782 0.804558667873778
-0.00639902961723758 -0.0908712013047433 -0.876943809381191 0.291316115047283
0.012500914826009 -0.0717885701597847 -0.576272760915098 -0.306055223320049
0.0104545340882154 -0.0524302284460983 -0.0753444769761203 0.0333875941729483
-0.0482104211770111 -0.0340505391706537 0.614883938314476 0.317885217458626
-0.0185858761743692 0.0209908634577236 0.873604588480493 -0.35748949146857
0.0240180308737041 0.0507469742347917 0.194945813101225 -0.877262743163397
0.0528176925897271 0.0218257994725358 -0.478158369969081 -0.413200386650304
0.0321951075347494 -0.0427544022325777 -0.391763076098151 0.102001308304094
0.0109699119663521 -0.0390841260739303 -0.00632876753168684 0.153713138611977
-0.00379427750984628 -0.0321331502222714 0.219291911811122 -0.070539769362726
-0.00846431855479281 -0.0558101704942009 -0.2206908411644 0.0493304578809164
0.0117526757592743 -0.0316239469223108 0.040159832532267 -0.160980117503753
0.0246645283500638 0.0159436580780641 0.410581686141355 -0.0494616618895038
-0.0102835380293337 0.0330103927351041 0.374826856318106 0.46704560802076
-0.0430270951414449 -0.0106716381164754 -0.301940361613815 0.789902285534085
-0.0140131959525062 -0.0858643228236723 -0.897752142524498 0.237990756785993
-0.000379608442045164 -0.072637319517565 -0.570294963233021 -0.33545092773925
-0.00533346983267346 -0.057680519252357 -0.0718978373780239 0.0302608240673507
-0.063925271278858 -0.0315422362209904 0.622516975334521 0.285641292988701
-0.0289964081416223 0.0295974788504403 0.850535716088001 -0.402167347412848
0.021337414866444 0.0541712917371929 0.151850316648914 -0.885371810369193
0.0535448572984597 0.0170561116756737 -0.498628413590014 -0.389030445346905
0.0328915122380584 -0.0449012080952139 -0.389125702377984 0.118234709268581
0.0099234663138221 -0.0387844700005272 -0.00372036957738132 0.160241196311208
-0.00749789831753036 -0.0312895484852665 0.212839018545938 -0.0647920903536016
-0.0137658809158625 -0.0493956412002528 -0.226839790659112 0.0563224227197344
0.00831829670693583 -0.0250578533402226 0.0375338712623189 -0.154585501485039
0.0248192187359647 0.0165626298513214 0.404619562490293 -0.0406587278395896
-0.0128778533692343 0.0268003890982892 0.356065053123595 0.47602705187318
-0.0492394414691549 -0.0106863935062301 -0.332180117616424 0.775470848477582
-0.0221293831500422 -0.0789090028424467 -0.912388100276086 0.200205338622895
-0.0128225227467966 -0.0719874856748536 -0.56930208835683 -0.356578061063608
-0.0207154283281725 -0.0601540189460317 -0.0726296257135019 0.0251643198364107
-0.0778873627079859 -0.0253523540163688 0.623451091805833 0.266914420319962
-0.0353857021718053 0.0393635791662998 0.828411401936453 -0.428794728920269
0.0181233119474871 0.0569639456840887 0.121497770792602 -0.885834916274046
0.0499391816050337 0.0109066124724555 -0.509464088738172 -0.372547279013672
0.0320411271575828 -0.0443006182188232 -0.386817129474889 0.130734772582882
0.00690896533592468 -0.0331991091719037 -0.00257859627971752 0.168474124632872
-0.0124473760662208 -0.0257281361844571 0.211517056932655 -0.0594130407577535
-0.0148274532422493 -0.00635128646314073 -0.197507949012955 0.037946231657113
-0.0106385679017969 0.00763703689673244 0.0100637137633962 -0.186590199910225
-0.0105097680509953 0.0320870294353547 0.400736150860915 -0.157732099963977
-0.0400064528974096 0.0214029404049121 0.486041101397581 0.312114381396634
-0.0397957565945569 -0.0186833510405343 -0.0536916799717098 0.821151705383449
0.00410889073968762 -0.0749602036258809 -0.767488224973004 0.504550859593258
0.0231614287491268 -0.0410982331650667 -0.646330797081361 -0.181651141064677
0.0223159071643395 -0.0190274203616688 -0.144334357117596 0.0176269446949244
-0.02497231384374 -0.00370367919696583 0.524298700182417 0.422305317092314
0.0039762975978234 0.033925087779023 0.931186547744381 -0.138793373176197
0.0188693870036196 0.0338305704802333 0.386813134510769 -0.830398783923801
0.0179080278287158 0.0105065845180912 -0.393377700195727 -0.537251587475467
0.00499307346394565 -0.0239431364798738 -0.417373440629143 0.0231912044393862
-0.0141570209531524 -0.0028018073167303 -0.0342840524785622 0.144582017989685
-0.016665041685995 0.012198405537968 0.235212548397336 -0.0689138463931179
-0.00984042414572775 -0.0180851497992304 -0.20010602584293 0.0342204800997952
-0.00608964275074014 -0.00449913332205571 0.0134700154267325 -0.188333957238421
-0.00580183356732077 0.028308959481855 0.406199049594719 -0.149881890993358
-0.0328682596070443 0.0249295234475113 0.48209154384036 0.325063793601217
-0.0354955974414981 -0.0186848876466117 -0.0665882381905709 0.823292212426473
0.00694119453686279 -0.083756553585652 -0.773377334116132 0.488974372393209
0.0299495077096898 -0.048342955636748 -0.634840000733217 -0.190169819184235
0.0314077845303404 -0.0226809386756909 -0.132060879621738 0.0249919077501806
-0.0172186266203286 -0.0108829353115187 0.539723349054068 0.418580343516456
0.00787254889436234 0.0257090133455189 0.931686723455536 -0.156835412583955
0.0226089985840021 0.0365950954056061 0.369741275019546 -0.832756006593956
0.0247915298182615 0.0168131350881917 -0.39904311106765 -0.524208607650143
0.0105583820303169 -0.0262621413217026 -0.411596370547328 0.0321609869944021
-0.00754544524188548 -0.0124434840107648 -0.0278728385872366 0.141909506524365
-0.0109039660838421 0.00167149691583886 0.237624662530093 -0.0732365921499023
-0.00500643539279233 -0.0307571858787657 -0.202453007349359 0.0348543090085121
-0.0013611378127064 -0.0160727991069455 0.0184459576043957 -0.185303765163762
0.000307019715355772 0.023831764029592 0.408357470824242 -0.137307897215062
-0.0254636063832092 0.0293792557510996 0.47081093928224 0.350688951888097
-0.0319103976559826 -0.0167819323389116 -0.0994223152077254 0.824231031755054
0.0072378428238757 -0.0896687388202387 -0.790564041530075 0.457621776316335
0.0318112633293688 -0.0559561830605934 -0.620442364862318 -0.207375563603058
0.0342877525143874 -0.0297241183495995 -0.117121543713741 0.0304917937985653
-0.0170539091317566 -0.0190350460672969 0.561447355016994 0.400348320666784
0.00578609618623369 0.0194509477708924 0.927606975848956 -0.194601369822452
0.0249891799693485 0.039154715188163 0.338967729082756 -0.843063960150613
0.0336145477182452 0.0218991237754316 -0.414572769192225 -0.500014297362287
0.0168839410395013 -0.0302279144613555 -0.406281175198632 0.045233211189696
-0.000762533813434959 -0.0216480671467151 -0.0207050911386567 0.14088999107367
-0.00547170887156241 -0.00944702664385355 0.235488973763993 -0.0797446786567284
-0.0034592594753666 -0.042402012111146 -0.207063847218566 0.0346470716645913
0.00427741704858967 -0.0259011130893014 0.0255113075665769 -0.183293560886689
0.00816989014561808 0.0196597228043221 0.412922145369203 -0.116016496912543
-0.0184188346392543 0.0321565196346278 0.452509958115845 0.380236593932235
-0.0315660015512673 -0.0147584150905791 -0.144713375382521 0.822854146480591
0.0046070059312408 -0.0924729083512399 -0.81666377759606 0.410910350284961
0.0295041202142832 -0.0629261908006721 -0.60559942588656 -0.236198123231322
0.0310794029698107 -0.0375426293507543 -0.100642882228434 0.0341671158061926
-0.0231845013082057 -0.0271878139160702 0.582463148930556 0.376914192478157
-0.000117487111434687 0.0155874192761119 0.913952410487275 -0.248505635615006
0.0264231996576163 0.042725084634865 0.291118769475361 -0.854834002405919
0.0416610308299147 0.0250095955138676 -0.4373080978393 -0.468588466001716
0.0237308725797399 -0.0346140772251196 -0.399088586601928 0.0641662399765725
0.00469372728512892 -0.0302919808948627 -0.0151120976683212 0.142861430062252
-0.00289572543933116 -0.0195955164897209 0.231086387458832 -0.0786281332800156
-0.002734911037146 -0.0504874319734503 -0.211107375810026 0.0392015621516616
0.00827645898521524 -0.0312527791460783 0.0309695981173269 -0.175748732480617
0.0153150085606914 0.0167244982915131 0.412069981583415 -0.0938625175513212
-0.0130160452820447 0.0341838654699746 0.430553877895819 0.412074517574604
-0.0330933599636515 -0.0136443961122739 -0.199431029575315 0.816894254613197
0.000189208581849832 -0.0930589975925204 -0.84608359191578 0.355891426633413
0.0222716964039129 -0.0674003180477437 -0.591373966017462 -0.268282551367384
0.0228283979120102 -0.0452028918322866 -0.0865776931834368 0.0358704937740563
-0.0334970941196107 -0.0326427160405152 0.602489358407574 0.341914927543997
-0.00805760624718338 0.0163557427570121 0.894641311638443 -0.310110161560089
0.0262685729615014 0.0472194914432838 0.236850864737893 -0.867473545094369
0.0479497053399186 0.0241161422212884 -0.460666286044575 -0.437603721851177
0.0283154954507141 -0.0390570820258732 -0.394771200921514 0.085523334419596
0.00846637311531468 -0.0364924918454777 -0.00873068721099085 0.146559993102532
-0.00176112182819611 -0.0272728325266422 0.224961745650342 -0.0788964167185231
-0.00529485766085226 -0.055190465399278 -0.215349359771676 0.042669434061048
0.0117356002433951 -0.0333724622005451 0.0371247874477778 -0.169490976995271
0.0217984667597582 0.0156700836849629 0.413711477821174 -0.0715258701857859
-0.00950533250337796 0.0353516541793149 0.405202805207496 0.440977433613197
-0.0372012185655796 -0.0113336317602973 -0.251086537106995 0.805555167778577
-0.00730632783327705 -0.0894202110730082 -0.872414352232696 0.299127719234058
0.0115323524617461 -0.0702871031005013 -0.577302700180898 -0.300675646323483
0.00911364963485673 -0.0530424720137908 -0.0761321991430852 0.0342615000605299
-0.048185911020161 -0.0328833994156053 0.618286404578008 0.308459801760061
-0.0190348889888544 0.0214117400125216 0.8656532716314 -0.368750477701207
0.0247927780698957 0.049654312982109 0.182857486112966 -0.878172880354394
0.0530865087037702 0.0210497368579882 -0.484803464501995 -0.407344492296259
0.0309439231378996 -0.043508005577474 -0.389679609423232 0.107757559203199
0.010034329940554 -0.0395424995935467 -0.00568460029585941 0.153842626523492
-0.0044577331784733 -0.0323441516113778 0.217181165474137 -0.0721526654749982
-0.00915469948350717 -0.0548683814993669 -0.21899029294934 0.0512590914186914
0.0109873444912498 -0.030548537869606 0.037160541059905 -0.161348221863388
0.0250094726479604 0.0156065640281737 0.408739008174503 -0.0555746498520112
-0.0104761748658615 0.0332060638831367 0.379831228650096 0.461420243654161
-0.0427622736071127 -0.0103495485522015 -0.293120969616955 0.793269124854985
-0.0152662359980597 -0.0853561553593094 -0.893153838201014 0.248316349300974
-0.00169301926221811 -0.0722441734803911 -0.572438028060607 -0.329780663797838
-0.00628977188332681 -0.0571190081168807 -0.0715466717073082 0.0313542855752097
-0.0648262346939613 -0.0304421071187041 0.62480347764179 0.280207867250871
-0.0279105776492273 0.0299679134187385 0.841577863565196 -0.412547782159997
0.0221503560218161 0.0541171719648962 0.138608175554527 -0.885795914397768
0.0539803428634342 0.0162617410243655 -0.503612289247693 -0.381228777093739
0.0320538266945727 -0.0457653010639306 -0.388771162629007 0.123727188422413
0.00897640649676891 -0.0390166248517469 -0.00276240505041293 0.160809809157614
-0.00805019212795737 -0.0315398126599758 0.212077493385438 -0.0660697777310093
-0.0141871601335623 -0.0480804303798668 -0.22438071075201 0.0579106318788635
0.00772579684710225 -0.0256877372396152 0.0354845395396421 -0.155335593610085
0.0247722471889462 0.0160809037652051 0.402936432507328 -0.046527413976154
-0.0130520213082584 0.027449392156265 0.360596107377538 0.469476734439462
-0.0487827267321122 -0.00999746415413808 -0.322730945697439 0.778671756723764
-0.0231215405999804 -0.0781978512434419 -0.907897536042127 0.210076716457876
-0.0143678632591046 -0.0710422547157454 -0.571280890576337 -0.349793201127901
-0.0215099710789923 -0.0597689237510211 -0.0725334415023992 0.0269454486230528
-0.0783058927701107 -0.024543409704123 0.624305707361277 0.260281286594351
-0.0348534419331717 0.0402802249434536 0.822481985555191 -0.437792162005872
0.0186094339448139 0.0563910880883503 0.109256578001599 -0.886593635793509
0.0508822399850651 0.0110696668859947 -0.513926886296067 -0.364915734080768
0.0311148063212316 -0.0448620617105994 -0.385464071401411 0.136155776129514
0.00623336339124949 -0.03351573138395 -0.00135410335668507 0.168493980259361
-0.0123773750060722 -0.0250556105601069 0.210781239092808 -0.0608575413028805
-0.0139105518368288 -0.00550995662527229 -0.196774381497703 0.0392014340451014
-0.0108064792374302 0.00844510033761174 0.00682560835267148 -0.187220209610436
-0.010394687764937 0.0325570454864367 0.397783548327854 -0.163932833049996
-0.0403099347135201 0.0210989666464259 0.487984174246954 0.30498979560323
-0.0394501793385725 -0.0180437184746973 -0.0433754081751907 0.818237361344306
0.00294828097543497 -0.0740307284732595 -0.758836893557783 0.510860042471985
0.0219108175045065 -0.0402001216263404 -0.647901176329998 -0.175368615958848
0.0214406527040322 -0.0194643982023427 -0.144197627799674 0.0196082604907799
-0.0252810038869627 -0.00383637575265009 0.52739319394933 0.417326173943059
0.00358711059418382 0.0336523117104214 0.926576655202704 -0.1464007507993
0.0198101207321892 0.0332710763597926 0.374159938747833 -0.834100704380037
0.0184706591250327 0.00984185913274966 -0.398205914304768 -0.531037729033823
0.00454241369251458 -0.0244972318003263 -0.416848752430384 0.0284158771634059
-0.0138782597723139 -0.0029163546728487 -0.0339927567445257 0.144660634204565
-0.0162378917415593 0.0126762706922903 0.233832813910858 -0.0704543361789885
-0.00997137783174691 -0.017282075352347 -0.199401804109243 0.0353145116846887
-0.00621827877103935 -0.00416562593607448 0.0104529757078563 -0.188876954890095
-0.00571799725061256 0.0287969463696488 0.402590289360446 -0.156669946408713
-0.0332242437216693 0.0250652609714699 0.484324585137142 0.318529494886907
-0.0356083359477808 -0.0175673175177296 -0.0566566051770975 0.821912106533069
0.00529510353518659 -0.0828515970632209 -0.76490163970351 0.495904639146948
0.0294752276603721 -0.0481326998400159 -0.635341045959847 -0.18337373551297
0.0320784212508517 -0.0229904160009534 -0.131652637936156 0.0261730491041425
-0.017568470205192 -0.0103844850476775 0.542633465488701 0.41198527484213
0.00741936522269951 0.0254975491136597 0.927881060499489 -0.165689384145723
0.0232087435049083 0.0352648795234056 0.358249557486336 -0.834506639022838
0.0250312987235628 0.0162214717456068 -0.405960982154565 -0.517260525294055
0.0100148358571863 -0.0269987569036812 -0.409795695060586 0.0376705253530476
-0.00796965343679206 -0.0126476542573086 -0.0271038369291876 0.141646411663551
-0.0110321355005082 0.00182418586195425 0.235160126140187 -0.075309431365935
-0.00550226487954812 -0.0296334514476379 -0.20152815400862 0.0359093306739687
-0.00193328561970073 -0.0153579260052272 0.0162040071832286 -0.186348227525884
0.00107075732185067 0.0235817568132645 0.405734026205867 -0.141700688603807
-0.025608583322916 0.028967072528213 0.474649024159614 0.343583290227919
-0.0318545242876747 -0.0162470728095221 -0.0897217305362083 0.822883722008833
0.00617576245943584 -0.0891764040910573 -0.784454187694447 0.463963484868676
0.0305397694448152 -0.0558780933210878 -0.619528095735435 -0.200572269952969
0.0333815118396681 -0.0300919747096903 -0.115812208254521 0.0324288512161497
-0.0175248801206827 -0.0187854782542578 0.563885177734374 0.39527102393131
0.00584636572139835 0.018899077962353 0.91997585110207 -0.2070884264484
0.0251769701670569 0.0386271357636397 0.326310276591067 -0.843785440071425
0.0334781140794455 0.0214870545957681 -0.420526377295957 -0.494235204361069
0.0167115350393443 -0.0302599460516624 -0.40614343738868 0.0502840828323161
-0.00132455366765958 -0.0221634806014841 -0.0203522063000063 0.140995252428234
-0.00569414691626019 -0.00931380245833723 0.233576748932071 -0.0816067986836987
-0.00375144718119917 -0.041584385745844 -0.206883852302077 0.0361968211069966
0.00402881629516797 -0.0251341956494639 0.0224151329095719 -0.183854777726211
0.00795554129310868 0.0197696958693605 0.409745406623791 -0.120786049285488
-0.0179870344755588 0.0321958272006223 0.455454560824275 0.374069261431033
-0.0313483394745626 -0.0146642105262245 -0.135524479132496 0.82125373689078
0.00389177496557593 -0.0919655389774929 -0.808846359955596 0.415696921247684
0.0280698968681681 -0.0627036538624034 -0.605174538174013 -0.229487675547346
0.0304175172020115 -0.0377351741587055 -0.100537338672341 0.0360153554754059
-0.0232752705370276 -0.0264798179648776 0.584923587516959 0.368399675209649
0.00051279115086701 0.015685958423418 0.908363870793694 -0.258669324424338
0.0265620532014811 0.042359128486926 0.281061492386607 -0.854417228591061
0.0422434652439016 0.0238566546110176 -0.442307666462787 -0.46469666085735
0.0231570451249305 -0.0352135977997098 -0.399111333025162 0.0687622459085479
0.00434075823811657 -0.0306135534698878 -0.0139367636640911 0.142848677340617
-0.00368500738132416 -0.019459947765522 0.229709578456758 -0.0804184776183466
-0.00313477059619977 -0.0499446941556572 -0.209883045024903 0.0409809060762208
0.00765988714790096 -0.0309687076319073 0.0285493926939853 -0.176877257928694
0.0150022366454277 0.0162761956226881 0.410430089982932 -0.0993199608473893
-0.0132444926782327 0.0345195862239927 0.433241479297104 0.40524012759733
-0.0326708938084004 -0.0125597795164979 -0.190409971266656 0.816146945244255
-0.000895006397465588 -0.0926636672787148 -0.838043523287412 0.363643299720043
0.0207141825481588 -0.0668066111604756 -0.590812888044197 -0.261330100976089
0.022454196627277 -0.0452444214004415 -0.0862574483845873 0.0372103286029817
-0.03364691493479 -0.0314614548601697 0.604702409257039 0.336223788555454
-0.00868133815676419 0.0163888448074141 0.888615842306812 -0.317851928246715
0.0271477630573369 0.0462764195898927 0.224730836239876 -0.868652628920653
0.0485356218674538 0.0234588465486663 -0.464535528277878 -0.432282650304409
0.0278540043152246 -0.039933166489707 -0.394146359415439 0.0897886499204391
0.00767245885133504 -0.0366400233715905 -0.00856712299030091 0.146210939530402
-0.00214236101131669 -0.0273295886333564 0.223159280468107 -0.0800474423796693
-0.00565662532767159 -0.0544810428337915 -0.213946614873076 0.0448354302771054
0.0109617558222948 -0.0325132235778415 0.0339058394836208 -0.170128672509511
0.0212730507600561 0.0151928503195038 0.410521653156615 -0.0767720977987546
-0.0101125744256084 0.0347536785980361 0.407474611133997 0.435688055625489
-0.0369033381058007 -0.0111810132766141 -0.243086353424978 0.806434324979339
-0.00897580403416464 -0.0893544429117979 -0.864901051229933 0.306700623842118
0.0105816206440606 -0.0701594720720661 -0.580631116176268 -0.294364102961664
0.00902792428336064 -0.051912663237112 -0.0762993111917858 0.0361095774402252
-0.048383028405445 -0.0322716050925541 0.617156788156162 0.302665449697468
-0.0187582126643199 0.0217470981536805 0.86189448879005 -0.37572946498613
0.025764513587466 0.0502071032663364 0.17011126800121 -0.879796985145799
0.053378430786338 0.0201033405501382 -0.489046886681865 -0.400451461061781
0.0302352422748243 -0.0439300929649426 -0.389485747154032 0.112067905045105
0.0095633599334943 -0.040019227956638 -0.00460685666415436 0.152846597550909
-0.00500744379494489 -0.0316461250885909 0.215874971729666 -0.0727698811424651
-0.00976755745579591 -0.0539719492727738 -0.218213942607249 0.0524372632629676
0.0105595277108416 -0.0304715278542996 0.035376842880127 -0.1620588047741
0.024131554474165 0.0152155659785626 0.406167956540232 -0.0594608859193087
-0.0107033689573621 0.0325381992455904 0.38572300302161 0.454937788918222
-0.0425073893942836 -0.00988066308527203 -0.282061839200889 0.793339562763089
-0.0165924872646834 -0.0846820587335063 -0.887102091063109 0.256752334399958
-0.00240055591421797 -0.0709756525635992 -0.573626004521149 -0.323541370695739
-0.00675225627178261 -0.0570513325526094 -0.0718272585045844 0.0325891485598871
-0.0649734222821532 -0.0294613135745517 0.625363350954976 0.273995537825995
-0.0275286549602963 0.0303138324171009 0.836158660926898 -0.422155500664031
0.0233883975804428 0.0532315380171424 0.127351212842154 -0.885550571709775
0.054010540156784 0.0153056360496749 -0.506734651687681 -0.374287304808806
0.0313633126304458 -0.0459194587516439 -0.385099233783286 0.128782185133765
0.00811540828541483 -0.0393870592387455 -0.00166716311437086 0.160946172229196
-0.00821119242800759 -0.0315053665477344 0.210802373494329 -0.0680701643486403
-0.0146008853605987 -0.0482663883612532 -0.223072086953728 0.0600816772608043
0.0065172160823998 -0.0249875849774894 0.03355221836612 -0.15527924974334
0.0243739973202144 0.0157164381099664 0.401657040071032 -0.0516801171881895
-0.0132287511772783 0.0272964094958498 0.366362376607266 0.463799920143244
-0.0483189213678724 -0.00962895224492994 -0.313099050198053 0.778322589852681
-0.0243837381823468 -0.0773567297406288 -0.901550862000862 0.219671627014426
-0.0155943686746969 -0.0700080885163325 -0.57458389789148 -0.344303866591401
-0.0223533937633551 -0.0592141949732338 -0.0724678675478403 0.0279153657370911
-0.0783933690688075 -0.0236637704857565 0.624902401885013 0.253780186352862
-0.0343765074011722 0.0402176898832921 0.812914663936892 -0.444933139384428
0.0189101506883201 0.0561769101433652 0.0976392926936247 -0.885853617968463
0.0504048662512434 0.00973063899037638 -0.518309958238135 -0.35743821657878
0.0309431431911496 -0.0450022762218816 -0.383719402419991 0.140822825123161
0.00591292556294577 -0.0335811775068698 -0.000711273340537997 0.168044996467688
-0.0126971779530525 -0.0248283846645772 0.20957568107075 -0.0618355690563139
-0.0138978198084921 -0.0048467877196853 -0.195747666377746 0.0395179459486235
-0.0118076240820276 0.00829302675580833 0.00426888107305709 -0.186639273978989
-0.0105559300064561 0.0329002743548828 0.394466221283062 -0.167497300646491
-0.0401702061429975 0.0211666599204906 0.490541769012251 0.298317104167365
-0.0390321420373065 -0.0175735450670966 -0.0325504665439409 0.815765497719826
0.00277545671311352 -0.073532292328739 -0.751644706267808 0.513422475387653
0.0211231392015564 -0.0396684006584941 -0.647301614047282 -0.170272343747218
0.0213288368696698 -0.0193598204503994 -0.144045903666236 0.021401127371493
-0.0249583495193549 -0.00314386853216227 0.529361947402845 0.410904505744363
0.00453076142970449 0.0335661751638079 0.921668468787888 -0.156252166093814
0.0202594954549657 0.0323689828082146 0.36367139283653 -0.834606379276254
0.0185539329709688 0.00934133611355955 -0.403777363357938 -0.526184695544789
0.00364485441908689 -0.0249054603371144 -0.416448992315078 0.0343014982260565
-0.0145866960361001 -0.00285767678161043 -0.0327087274565386 0.145574273760194
-0.0166344352885602 0.0124673416085368 0.231885731343497 -0.0713217557292257
-0.00963442959599597 -0.0163474215416719 -0.198505675338435 0.036865785660782
-0.00725142956674557 -0.00352606762133542 0.00825995552719534 -0.188213656018363
-0.00561027371044113 0.0284969117159324 0.399156612872243 -0.160245789408144
-0.0333480368201816 0.0258431879060372 0.486338717524237 0.311325293343074
-0.0349347626066348 -0.0175847861558218 -0.0485563507117366 0.820910813907439
0.00529815300565767 -0.0828009256481773 -0.758016291528708 0.498252490522035
0.0280813039315357 -0.0477307010493965 -0.635315924267229 -0.177484930809706
0.030733602101526 -0.0229637581988489 -0.131216247194596 0.0279599901736203
-0.0181389569250708 -0.00990388747656972 0.544698546312899 0.406089387264249
0.00764414788593972 0.0258674931941614 0.922589097939499 -0.175926025338034
0.023659969743437 0.0345584553712274 0.346501218216243 -0.835648382790833
0.025582487144797 0.0159576380711153 -0.410662050552485 -0.512336525479916
0.0093095021267583 -0.0268167831018513 -0.410215807481872 0.0420187852874701
-0.0078409020992884 -0.0127108473291025 -0.0271576564116281 0.141359852466164
-0.0112348007913443 0.00191154901050499 0.23373630941025 -0.0774616652368593
-0.00568804300374336 -0.0293358850636414 -0.201146340971166 0.0373900889833965
-0.00227791904853426 -0.0154718086253274 0.0138958870343544 -0.186425438852734
0.000687225861178981 0.0234039083288566 0.401851809924321 -0.145662729424768
-0.0253869720818267 0.0296582266489162 0.477424275677344 0.336507820037602
-0.031908943800074 -0.0161641198004047 -0.0821390266483909 0.820236520571611
0.00476445734131096 -0.0879012896322865 -0.775815328305812 0.469536692861689
0.0301358137802048 -0.0551954666786935 -0.620179140942309 -0.196105190344646
0.0333029332642548 -0.0299858418046787 -0.115678378041252 0.0341022017388205
-0.0182441376355326 -0.0181806692120592 0.566200883181672 0.388504211612347
0.00630961571797807 0.0188225225319477 0.916578678702816 -0.213657182035778
0.0261293371306258 0.0379070117383769 0.315617073698539 -0.84614019257621
0.0340981248243045 0.021076527832519 -0.425503204873575 -0.489266049040064
0.0160393553950299 -0.0316888854339694 -0.40524844404691 0.0546470766555368
-0.0017011460483503 -0.0225086463354657 -0.0195336041221429 0.141053132671051
-0.00558162227466653 -0.00919843181384411 0.231521080146979 -0.0828112265352234
-0.00431866442996612 -0.0403863232792955 -0.205167242067907 0.03692805944231
0.00301527899542679 -0.0247404831962732 0.0198671238607642 -0.184221975065184
0.00705849385987589 0.0198877015730767 0.407964583083131 -0.125507929848954
-0.017957647133997 0.0325902042080231 0.459010654535405 0.366480672083865
-0.0309401116527581 -0.0139107751316099 -0.126450714575986 0.820704183149081
0.00265970204478367 -0.0906602816249276 -0.802152433361373 0.42186287857757
0.0268831531899723 -0.061813217573271 -0.606094276750086 -0.224797215878232
0.0303024965948875 -0.0375200028313818 -0.100363092025679 0.0368440401252643
-0.0237408437791102 -0.0254276824279751 0.58605783927371 0.363115678670622
-0.000196284120900952 0.016296638444112 0.902079323764279 -0.266809927635192
0.0268016063165691 0.0422015817537022 0.268981238767509 -0.856519376395683
0.0425257805592408 0.0229280783320125 -0.447341227074096 -0.458493783032513
0.0222134691261252 -0.0351951276696761 -0.398315989888181 0.0735901742480612
0.00398544810258813 -0.0309415646495996 -0.0144541816547833 0.142808451197899
-0.00391286443175952 -0.0198676726904787 0.227896864235488 -0.080449973812429
-0.00332452760104259 -0.0493096705558191 -0.209394269340772 0.0423007315153614
0.00661960956365234 -0.0298755288796298 0.0266811276537037 -0.177424313431861
0.0150471036238168 0.0166518398939087 0.408809955751172 -0.104067411882669
-0.0133226226189241 0.0346094539451876 0.435820552582925 0.399680661154515
-0.03244330653983 -0.0120431348313391 -0.180260046934337 0.816284166533938
-0.00139511072009889 -0.0916837339481156 -0.832986625970271 0.367492416021998
0.0202491259822026 -0.0660220995150778 -0.592411966347526 -0.256313893877423
0.0207928839284576 -0.0457849203877792 -0.0866506257603812 0.0388899883770081
-0.0342669931331549 -0.0311090964746816 0.605686033023807 0.328923935883622
-0.00807153629558292 0.0160695451332672 0.879806563822375 -0.326399170692083
0.0275221823578149 0.0456524983796497 0.215231266190754 -0.86848750421511
0.0496444495728178 0.0229247394475731 -0.469988167074854 -0.426887010740974
0.0272642390180161 -0.0401473486538471 -0.39255747491251 0.0942068175446667
0.0070981538390752 -0.0369180321537696 -0.00846122391795215 0.146350153298654
-0.00314851332751625 -0.0272414849239701 0.221609283915984 -0.0810969343928611
-0.00627821256986976 -0.0541924030342192 -0.212865867248635 0.0462918503619041
0.00944997281403148 -0.0327905201592284 0.0318424436896552 -0.170221943795613
0.021118877272678 0.0151246226648944 0.409122326076266 -0.0818976145110356
-0.00991949812758391 0.0356632468301925 0.413522816470494 0.428195637402652
-0.037094775251424 -0.0105026035540442 -0.230948061325739 0.807450276320454
-0.00952752925394386 -0.0891668785496149 -0.85979379742103 0.314260211945837
0.0092099976112403 -0.068948612249893 -0.580439756877937 -0.289046379206229
0.00832101659478493 -0.0521927697973153 -0.0759946620559671 0.0374578412013885
-0.0488505129898391 -0.0313968867735034 0.620158564616698 0.295135482558828
-0.0187820292280444 0.0226314713257978 0.854621476041651 -0.38278764579514
0.025623943755634 0.0494282692702535 0.157972825788972 -0.877591695038889
0.0538951161506406 0.0192064332158449 -0.493283602743211 -0.393803668787132
0.0297327950247426 -0.0439907404055953 -0.386747797513729 0.116046489602106
0.00837968361570693 -0.0400901449548664 -0.0037157795586098 0.153056577743338
-0.00552158206169518 -0.031611767419186 0.21453415521683 -0.0740583206194296
-0.00994560423829998 -0.0532431790331565 -0.216844531169916 0.0538616816333358
0.00973574936349868 -0.0299201193449701 0.033258509785671 -0.162673422713115
0.0241354127353981 0.0146580052891373 0.404938502474609 -0.0648945292054611
-0.0107473761512927 0.0328993326979828 0.388375480785822 0.449299168252003
-0.0422417089156903 -0.0092342287707576 -0.273701534659587 0.792990514112648
-0.0170295427315693 -0.0831649385613281 -0.881205772395768 0.262815841246885
-0.00381978121175847 -0.0697601328235163 -0.574201144476099 -0.316405388926961
-0.008076819326124 -0.0564742572406527 -0.0713020695040215 0.0342475837080791
-0.0651248551628875 -0.0288520568092966 0.62499030824799 0.267789481037035
-0.0274096224095473 0.0308477201382377 0.828957639483005 -0.427206955674907
0.0235954663961329 0.0533986476418176 0.118114761411072 -0.883894245464485
0.0541368708920109 0.0144495245458478 -0.509502535480598 -0.367947278681005
0.030310016938807 -0.0466190557824762 -0.383543707573354 0.132046171271557
0.00792322387546819 -0.0388970492538937 -0.00112289841302812 0.160567444656048
-0.00916242962300181 -0.0309574667667277 0.209356891183737 -0.0682791880180051
-0.0150469610806595 -0.0469966112056706 -0.221163211130441 0.0615103531791946
0.0054836839433759 -0.0240046118297787 0.0320659126680686 -0.15559909462874
0.0242165064472502 0.0162423104534156 0.400490206974851 -0.0554918195347761
-0.0134897767197971 0.027607648384417 0.371267248441192 0.458587918192386
-0.0483838764299601 -0.00901833041189604 -0.30423013440329 0.778630572833722
-0.0246502004827159 -0.0765995719489381 -0.898816866797706 0.226104810233433
-0.0164862560393653 -0.0692604287219891 -0.575249525945308 -0.337938981282765
-0.022662350660805 -0.0588112614917825 -0.0722781945995262 0.0286536788989644
-0.0786627667972008 -0.0224687683376747 0.625037140852712 0.248980839307701
-0.0343934052182962 0.0405902604410795 0.806109143430807 -0.452597545680699
0.0198755115151808 0.0559390585609296 0.0861892636725813 -0.885290749182515
0.0506946643694784 0.00932613048633882 -0.52151346030899 -0.351159865286208
0.0296729504056602 -0.0456858271735763 -0.382029211410635 0.144376948322018
0.00516403864210382 -0.0336716880537088 0.00102314209281707 0.168228509997236
-0.0136643128263917 -0.0242866807043886 0.208757306889417 -0.0635220179399889
-0.014984020063975 0.00220783632683519 -0.174248302812309 0.0974445695645551
-0.0097438792409335 0.0110914298217818 -0.0545419947015608 -0.180425016243724
0.000677593914662655 0.0314011971220867 0.321680995339632 -0.28375839518277
-0.0275596676818874 0.035472706502547 0.560333918654264 0.129494114521502
-0.0404442287749082 0.00379490061406266 0.217704892203687 0.784685758660378
-0.0304089319492836 -0.0631423585750717 -0.544540708696868 0.722830785965835
0.00254545108208075 -0.0451309098888004 -0.667729775143409 0.0497728166662044
0.0129518806071907 -0.0240411969264163 -0.128623601767254 0.0676341447662053
-0.0237266175298518 0.00582729849311429 0.627254174061094 0.224521726506859
0.0120326143657403 0.0275212996018594 0.823030296109504 -0.426502438601102
0.0311028950690439 0.0251779845702231 0.0809824818092495 -0.893654734421951
0.0215428044265178 0.00338331790391274 -0.53909597185922 -0.374668169131967
-0.00377780420612144 -0.0235783855003621 -0.385252747969041 0.159997417642662
-0.0145842214238571 0.000369888768535057 0.0108304926455529 0.147911991504088
-0.0136495444149515 0.017550239992165 0.196906467235167 -0.132769302860698
-0.0157803154614726 -0.0106867221832177 -0.177399276884482 0.0962233254173099
-0.00969156230025571 -0.00134637743295798 -0.0505859368388615 -0.183203048178173
0.00354403405349073 0.0252543358690406 0.327614226620262 -0.276575554381543
-0.0196345850812507 0.0369420448860397 0.561022982535044 0.145594653923332
-0.0368502836382658 0.0033213791847496 0.207670018018101 0.791540115712015
-0.030055767289937 -0.0718521710454875 -0.554502488182218 0.711890291688105
0.00718050744800058 -0.0545381408055118 -0.658892226158853 0.0389628983971418
0.0207417981530324 -0.0304226637286338 -0.114517992179501 0.0702394261580968
-0.0191475305781011 -0.00312289606875377 0.639819772395669 0.213682110239701
0.0127933915918629 0.0192862785102912 0.817836511332006 -0.443389761112193
0.0350120158886885 0.0260486215626501 0.0660851490279857 -0.89160020891516
0.0299808591505804 0.00728156271557931 -0.542019336760302 -0.359013708224651
0.000845544692705555 -0.0276085053161455 -0.375775200770897 0.166045504276832
-0.0117117757613187 -0.010568153655409 0.0159185664862709 0.143233789657145
-0.0110857163435446 0.00627789897971485 0.197335411660965 -0.138060892653741
-0.0153429583182373 -0.023933267031917 -0.178612690472825 0.0977260999615225
-0.00907370500334181 -0.0140521320380924 -0.0442311409198346 -0.182234863602728
0.00899092728142414 0.0191796456870369 0.335996233634052 -0.264430858586052
-0.0110834645423754 0.0380748166764136 0.558921616323985 0.170245837265085
-0.0336159850582111 0.00319996571821983 0.175571421792818 0.802979518925526
-0.0330094562512808 -0.0786976767028597 -0.583342579086138 0.690584650092082
0.00559690833447651 -0.0626892227728613 -0.650783549440775 0.0173346589437247
0.0212535152331984 -0.0376418959080093 -0.0976253284046352 0.0707915652775952
-0.0214220453186139 -0.0111374571578364 0.653034716655487 0.192569695622759
0.00888682635848908 0.0134728985084557 0.802891772733519 -0.478318096909853
0.0390761765366457 0.0274851906750871 0.0312330037204787 -0.890902336938923
0.0393468883396345 0.0101611240133625 -0.548879730786814 -0.332338583909178
0.00543256151377361 -0.0334489508288631 -0.367068628539973 0.175826073613308
-0.00854267804390129 -0.0220325598493287 0.0219660183895104 0.139783760954649
-0.00953486025416115 -0.00607956082689372 0.193312271800127 -0.142939665638186
-0.0178645168781487 -0.0355346835595977 -0.182803255205602 0.0996136882699543
-0.00698378960044047 -0.0253490702731245 -0.0369411079339238 -0.180413702160145
0.0140023107905334 0.0127705491633628 0.347259096889068 -0.245878867722254
-0.00326022238172361 0.0383172111536061 0.551003503220938 0.207118335184412
-0.0327880615006514 0.00490208680025506 0.131600926278115 0.816309771706094
-0.0360862986209633 -0.080889240481647 -0.621971990137489 0.651201462109682
0.001149016691568 -0.068351897250194 -0.646405206746704 -0.014171368400454
0.0157176800641909 -0.0441348054956194 -0.0819356566799186 0.0682289352395778
-0.0294685277999306 -0.0162269987877134 0.663990997439648 0.161055869326906
0.00142054326810241 0.0133894552502466 0.771781778949038 -0.524171619418502
0.0407389428407833 0.0315734032823742 -0.0166060793810378 -0.886571804948142
0.0485769509369826 0.00902939545511651 -0.561388194026965 -0.297103551196685
0.0103443895806171 -0.0395340646664974 -0.355144411409335 0.192062451491075
-0.00595747235666162 -0.031756666678915 0.0278295034013217 0.140009652804031
-0.0107287482026099 -0.0164415699715196 0.189633249035664 -0.140251023331161
-0.0204073312658143 -0.0435893554392106 -0.184160762384997 0.105544930149821
-0.005082127718011 -0.0320337539750371 -0.0288379802547216 -0.175396188487148
0.0200942139368812 0.0075446366830843 0.355028135264647 -0.225102742666971
0.00245880501159747 0.0383001901266216 0.53975265786543 0.243755499205451
-0.0337949433245172 0.00753062757306585 0.0787658713712495 0.827906702691181
-0.0409493323129949 -0.0804180510387386 -0.665270510605342 0.611786762093629
-0.00662840008229143 -0.0709164914343094 -0.64373820191428 -0.0485038813700724
0.00589567896646513 -0.0484156175962557 -0.0681799935603857 0.0658933676661244
-0.0407261814465578 -0.0176515967964644 0.673552154670988 0.123828322042703
-0.0057664209711756 0.0163703934973919 0.732999996529597 -0.574930273854173
0.0424554166485736 0.0345305490861209 -0.0713333109990208 -0.880709311763656
0.0551657517196866 0.00648495103835383 -0.572854078170314 -0.25971443532218
0.0135907572403148 -0.0456499046227315 -0.344495914322958 0.209880565981281
-0.00493816452384551 -0.0385972466493946 0.0347127906067755 0.141580707826859
-0.0119755561445258 -0.0237763839350957 0.184681986469985 -0.137825154256092
-0.0244794811870494 -0.0475301693238859 -0.186395818078347 0.110422614819159
-0.00344830518241298 -0.0352829588796355 -0.0221757583486561 -0.170842575370903
0.0254413351304643 0.0045210122579737 0.361626027106792 -0.203068483232797
0.0053681670481767 0.0384364991130104 0.524965061694822 0.279620788527368
-0.0377959450378406 0.0104585324322271 0.0269504567239897 0.836683064421833
-0.0472093512608173 -0.0759586236121287 -0.708377453673158 0.566782598519159
-0.0179911951105062 -0.070196621346606 -0.644534809244539 -0.0832750795719071
-0.00848237050970464 -0.0506905723504132 -0.0581761921728051 0.0608473445615487
-0.0549623727325066 -0.0138344690376888 0.67555659364354 0.0878042408625922
-0.0141996086275124 0.0251896701702254 0.690834740144047 -0.619815515963801
0.0422967137779714 0.0390120625373288 -0.125568963818496 -0.873835907769479
0.0586498503355682 0.00178201457722952 -0.585185385714124 -0.222852650785331
0.0152264445281753 -0.0500416986651397 -0.332463037514511 0.228886630540878
-0.00516780593689068 -0.0416187144362363 0.0412012072621997 0.147207127921019
-0.0155430551140171 -0.0276738870820341 0.178997942618138 -0.128990106049069
-0.0281502414232881 -0.0459325535150036 -0.188038694215634 0.119338945208338
-0.00229460393268567 -0.0325897136781739 -0.0180496182021306 -0.16413030850222
0.0288130935814619 0.00357532820503004 0.364578122662886 -0.18646011826913
0.00436442638254174 0.0370212361046168 0.508252962471804 0.306816307448525
-0.0438798674361915 0.0130683742768837 -0.0161131251071478 0.836751243418576
-0.0532617747883279 -0.0701382194110554 -0.747396745156072 0.52921544226832
-0.03034350468925 -0.0675743575520881 -0.647579856538335 -0.112655827759253
-0.0246496048802455 -0.0508168722799041 -0.0558276776137701 0.0556930658035255
-0.0694251413356638 -0.00592548718077627 0.671696864852973 0.0591340322398232
-0.019849825460076 0.0359182762363651 0.652370358151956 -0.655817061548784
0.0412631735623673 0.0421589799776103 -0.168077404510235 -0.865998087693684
0.0570860322189126 -0.00270524241120971 -0.593167953851828 -0.19234294454259
0.015108418310645 -0.0519504405742342 -0.323656482185802 0.243378436815393
-0.00534932981975201 -0.0406988613989804 0.0462407397789133 0.152640025493946
-0.0185826247403654 -0.0254412273600452 0.176874676730296 -0.122217546509487
-0.0303521305369653 -0.0376583047470552 -0.188925980790935 0.127171616338917
-0.00379928025994247 -0.02574254525138 -0.0173864220957953 -0.157744776812864
0.0291276989908986 0.00409363085463276 0.360861153088799 -0.175830903243595
-0.000675669347296959 0.0332951915365419 0.495407586232031 0.321939828922521
-0.0488501492771897 0.0155558420020413 -0.0498434800930464 0.830048740233645
-0.0578117001289312 -0.061473554264089 -0.775620973157704 0.495770786216432
-0.0425371448208719 -0.0626495014975996 -0.654620698532145 -0.131689269331829
-0.0400001511434813 -0.0476213687150072 -0.0577386025026091 0.0516531358920645
-0.0800023526402188 0.0036840931072321 0.665935557661631 0.0389951029442569
-0.0233092032892789 0.047827269756576 0.624707061478667 -0.671731260543273
0.0385636820185578 0.0461314362209099 -0.195179774050707 -0.856311795414607
0.0522186482884292 -0.00654192634453043 -0.598297720948055 -0.17165196803475
0.0144739667637383 -0.0521456376301768 -0.319531915750152 0.254332566533937
-0.00642146187984504 -0.0348445818529652 0.0497766354183431 0.159316914170606
-0.0212524383253272 -0.018908098081116 0.176611153264342 -0.116903296761239
-0.0150000749446996 0.00254491998965346 -0.172865270582979 0.0983652351844241
-0.00958201975387978 0.0124428748774781 -0.0559120759927833 -0.180184616009042
0.000650972840224591 0.0311765202172077 0.316797691402501 -0.285470826984003
-0.0274982782925182 0.0357258775650967 0.558453882696298 0.124917960427889
-0.0403974788069601 0.00459139898799398 0.225291061917102 0.780371814497479
-0.0303684744311454 -0.0624801539169445 -0.537050047983614 0.722591454765548
0.00205080960224264 -0.0443479606632158 -0.664456973731695 0.0545085518001503
0.0128406811687389 -0.0239947247232478 -0.127354120288488 0.068907359908895
-0.0237917424544381 0.00667022320483125 0.625415850195875 0.220186557974851
0.0126336086040337 0.0283227684944916 0.816941032280572 -0.429463183619267
0.032153222012414 0.0243936799317178 0.0720832825911785 -0.892047592615076
0.0214433266781384 0.00329875819637249 -0.542219310683626 -0.368812720840785
-0.00390087344860488 -0.0240911798018074 -0.381906369068311 0.163328313284353
-0.0152707107266515 0.000484414509271287 0.0113786745639715 0.148828707987724
-0.012633146826039 0.0179618466952748 0.195958317617535 -0.13286867746343
-0.0149979612106955 -0.00995695921192893 -0.176163022220281 0.0964546222484865
-0.00963177657865907 -0.000250063632445268 -0.0528400174308869 -0.182239792086561
0.00343637748887072 0.0256155598384064 0.324011306969149 -0.280059954726158
-0.019305542204681 0.0370138596449969 0.560429177199664 0.138552122524258
-0.0366380121128441 0.00325566150846919 0.212776726212938 0.786811551700852
-0.0307163971262046 -0.0710503230559094 -0.547370781753951 0.711233382407185
0.00649827561986737 -0.0535391669422098 -0.6558835075055 0.0433034898514121
0.0204388188364186 -0.0305257037715563 -0.113073931618031 0.071299089239289
-0.0195895044723337 -0.00213961511742992 0.63764714851146 0.209996302208367
0.0129278278218744 0.0192788998363043 0.810035940652308 -0.448668043555322
0.035051118818097 0.0247366843604476 0.0560683682696073 -0.887448101928837
0.0300996081365898 0.00657318821652422 -0.544115033507278 -0.352788415013225
0.000124560348188765 -0.02815678080932 -0.373740026001685 0.168710303012313
-0.0121146491008552 -0.0107825566751301 0.0153646071174852 0.143228746349913
-0.0108852253583279 0.00667384827430713 0.195056569473477 -0.138348225992269
-0.0158146304263941 -0.0235058959721327 -0.1773895985351 0.0982660762207467
-0.0084206227995306 -0.0133892470435764 -0.046261575397104 -0.18180369103421
0.00837567781177168 0.0193425014123605 0.333339884123271 -0.266884417320063
-0.0108282932781291 0.0380838198724822 0.557692861318261 0.166720642463738
-0.0330493656324237 0.00402762370909448 0.181534440859704 0.797736757820735
-0.0323769481831138 -0.0769433814803952 -0.575583378907019 0.689425562325353
0.0055641746561071 -0.062092521885346 -0.649572772952467 0.0209353456791519
0.0206557410356503 -0.0374921472251142 -0.0972911787291021 0.071787226638293
-0.0215521412882162 -0.0102793073095362 0.652648009735483 0.187275486113583
0.00886301689391151 0.013922512678642 0.794579512605378 -0.483262210124413
0.0388484043050786 0.0274899303036906 0.0225614166673992 -0.88751174445062
0.0393689727177875 0.00894841540698855 -0.551842668410323 -0.326018325498952
0.00506890662154591 -0.0335292795596031 -0.364180022245576 0.179869169343797
-0.00915834532862851 -0.0216350154299419 0.0220469528322039 0.140168833726667
-0.00990237340490855 -0.00532130194231271 0.191474347613407 -0.142707203263646
-0.01784679972738 -0.0349297570562719 -0.181397022869474 0.100073700081745
-0.00727072698030621 -0.0241259130903882 -0.0385045488106419 -0.180242701038853
0.0140073349403061 0.0124060289644611 0.343077640069436 -0.248388666896753
-0.00333196280427835 0.0382665014094996 0.550066469973975 0.200665871705477
-0.03181840875033 0.00501276159077373 0.138179127467067 0.811001193091222
-0.0366759385252668 -0.0798974767597345 -0.615151168557654 0.653072847490107
0.000857849385402206 -0.0673703090458147 -0.644956278878391 -0.010786498039555
0.0152126777198678 -0.0435604907621865 -0.0815493671233841 0.0698145796355703
-0.0292848907716009 -0.0156101139798757 0.664094526710559 0.156366143477014
0.00195681218732544 0.0129435461752418 0.762959830894335 -0.528567737842588
0.040816640754672 0.0307523245859434 -0.023995000862096 -0.882727119236853
0.0487625916933792 0.00859148864519233 -0.5632455627684 -0.291681524244548
0.0098167084632146 -0.039740844014784 -0.353138825718031 0.195459522768567
-0.00659777942972555 -0.0314925597065165 0.0275339542858056 0.140025225614255
-0.010780890222795 -0.0164090552402617 0.18800078060728 -0.140363092994303
-0.0202462855790853 -0.0428930416539257 -0.183014578616465 0.106158247132217
-0.00592458876626919 -0.0311559360956116 -0.0312680465527511 -0.175651193352155
0.0196170695073874 0.00790226440972645 0.351384215382061 -0.227388306935347
0.00251879748979848 0.0389456382266327 0.539999938491489 0.238628915393204
-0.0334337228597371 0.00734594517386464 0.0856545493195009 0.824641131179121
-0.041158330168544 -0.0795559586222477 -0.657216987485502 0.6131800487341
-0.00668891335001809 -0.0692805383242357 -0.642273554487524 -0.0446808984140959
0.00483474827363084 -0.0480391596610385 -0.0676036148893893 0.0666763209781667
-0.0407314430303577 -0.0168563963522696 0.671483347556678 0.118647842428581
-0.0058983422106791 0.0166493637724713 0.725839643842945 -0.578735696711913
0.0428118308728763 0.0342057365473564 -0.079761828772973 -0.878879634801894
0.0545192929105408 0.00565377572892912 -0.574480835559701 -0.254232045815589
0.0127838497366674 -0.0457423132197788 -0.341161225263376 0.213691000031365
-0.00587136152646015 -0.0384937370061541 0.0346749163727398 0.141568382630848
-0.0121222633755623 -0.0237460734410149 0.182469116735805 -0.138277100646915
-0.0241882044333257 -0.0467321812952588 -0.185221463012268 0.110932950546685
-0.00301434648075632 -0.0345217721230197 -0.0232218155141594 -0.170094029536927
0.0246848357638783 0.00459799937859797 0.359413286296749 -0.206503731115465
0.00535641124294886 0.0383418892657886 0.525778644077914 0.274404463663408
-0.0375210123498364 0.0105440267692232 0.0342637361285744 0.832475770171702
-0.0474988161722993 -0.0751744792241999 -0.702743002634508 0.569515528938217
-0.0184513107306263 -0.0692732276649602 -0.642858759125813 -0.0788965398789501
-0.00884490720235189 -0.0500785827747507 -0.0579496614418535 0.0623104993152162
-0.0551307505028047 -0.012801117198351 0.674377027164702 0.084288726893644
-0.0136966084281 0.0255508270714364 0.68339368650027 -0.624164067759063
0.0426209619521696 0.0377254220859843 -0.13287899354392 -0.868774800386237
0.0579199722243781 0.00101366366928739 -0.585449205697237 -0.216243810573866
0.0138198679088994 -0.0503758672930211 -0.330036777154238 0.232946791775247
-0.00539244607866465 -0.042018489956683 0.0405533095498369 0.146773488118312
-0.0159402521763235 -0.0270903775611785 0.177665147344647 -0.12931040030737
-0.0280314438863386 -0.0443980352046675 -0.185586661679448 0.119672085504637
-0.00255228535644441 -0.0317064808572098 -0.0191114491399335 -0.16427649091385
0.0278405169595976 0.00307948022361361 0.36092388503045 -0.187235316120238
0.00403233707385985 0.0366920511663472 0.510084663840289 0.302034682112404
-0.0432879263257477 0.0134951481852077 -0.00943577350474529 0.834769074424872
-0.0536316568832825 -0.0690466880355466 -0.74114383575497 0.530353635235974
-0.0308830331337583 -0.0659754860251207 -0.64357549014 -0.106590969765575
-0.0255363111189863 -0.0494469325496484 -0.0554247112528834 0.0569160730592209
-0.0689136116652732 -0.00496142044876995 0.670855008889452 0.0548928460252157
-0.0194331448409286 0.0358845970332472 0.64535616449367 -0.656003891822411
0.0419401755542098 0.0416351182452831 -0.176055731990053 -0.860535385248094
0.0567964754723068 -0.00332175685540301 -0.59359420960641 -0.186668098557092
0.0141277727927588 -0.0520390087230638 -0.322920355257842 0.246423456449642
-0.00588403441091915 -0.0405987700705372 0.0458736148959734 0.152237036752532
-0.0193573387016707 -0.0253680277064531 0.17496957999997 -0.122461059926522
-0.0304202682709089 -0.037153360418934 -0.187593355069758 0.127591079651741
-0.0038591397940518 -0.0252887350119901 -0.0179275040315189 -0.156639883445313
0.0283535469251874 0.004558644479042 0.35829820473193 -0.177236233590049
-0.000595970645909917 0.0331646735608104 0.49535957820736 0.316199527985186
-0.0484577907748845 0.0156725858487507 -0.042254137635845 0.828463700839869
-0.0582049185033302 -0.0602180533815924 -0.767030632532822 0.499695559862905
-0.0426045618217683 -0.0610919309143231 -0.65256149766732 -0.128010665990449
-0.0395940629196211 -0.0469996579241138 -0.0571956611200723 0.0527097575994244
-0.0795337386674567 0.00523577469772763 0.664085326185826 0.035592415690995
-0.0220311617634327 0.0475464539804085 0.616134386212664 -0.675738035044201
0.0389563554346741 0.0449912480104828 -0.204307556481946 -0.851924863783459
0.0523703377492872 -0.00724611823941942 -0.599020884199554 -0.167323993122838
0.0137677993043434 -0.0518433298179301 -0.317179640889331 0.257594505771329
-0.00699327226805837 -0.035108318678507 0.0500781957868948 0.159249677905161
-0.0209291840177979 -0.0181200753878669 0.176246876688123 -0.116353941089533
-0.0142393738415989 0.00295766672563962 -0.171306131581527 0.097868424882801
-0.00962789007236805 0.0129453536844919 -0.058045866737709 -0.179050569414573
0.000558378399974111 0.0314056228438256 0.313296581620386 -0.287211639302811
-0.0266815838362607 0.0359962366482643 0.560090032252293 0.119545097989114
-0.0396694911015185 0.00411417480386589 0.228668987819971 0.77389926809009
-0.0304821764000771 -0.0618292667025749 -0.529641360400917 0.722618946549078
0.00147554068723964 -0.0435911540141062 -0.663420209808753 0.0573728146397941
0.0126954304264092 -0.0243233424968354 -0.126580864779367 0.0701215624025379
-0.024095135498314 0.00692756330208312 0.62631419261264 0.216021491830278
0.0124937885108379 0.0275242183970791 0.810636894766589 -0.434956174281564
0.0317765455677133 0.0242319410177892 0.0634725165821005 -0.890086160481739
0.0216861170466769 0.0028450095128335 -0.54503592014061 -0.363778324724473
-0.00494254112700141 -0.024466879215914 -0.380274998856541 0.167531971779657
-0.0153508687604988 0.000497046060205905 0.0118491919259781 0.148148750276352
-0.0124495787306394 0.0182402814174683 0.193869915176773 -0.133451315164819
-0.0143370488352253 -0.010114475308964 -0.175686866164704 0.0964468220424732
-0.00905703361617365 0.000235043243221284 -0.0544966907059374 -0.181612197605122
0.00448550418865367 0.0259015492593661 0.320709502340447 -0.282186108441103
-0.0189414422788807 0.0375707354530735 0.560055933986651 0.132980472008645
-0.0361788039049897 0.00330169582158368 0.217969820186438 0.782592101995475
-0.0304700636651346 -0.0703747222345155 -0.541021289180635 0.711592941579274
0.00600620317613812 -0.0533249675177523 -0.654183240420868 0.0457737578311781
0.0200208591354423 -0.0304696164886178 -0.112764273659765 0.072314145880415
-0.0194948841086931 -0.00163348222821773 0.639269959686908 0.205115639296157
0.0129396467304648 0.0191526891713739 0.803066021117823 -0.452728799941581
0.0359451967357704 0.0242796995375946 0.0483744917435885 -0.886329080272601
0.0305849564182407 0.00598314923957456 -0.546127680871079 -0.34771898189012
-0.000113390495699675 -0.0280141692703156 -0.372272082427134 0.173329182505617
-0.0126710331020416 -0.01050551954574 0.015488825593905 0.143756564095808
-0.0112115360163053 0.00661075326186029 0.193561145760547 -0.138360918718511
-0.0147949248392609 -0.0231313694839761 -0.176912655514129 0.0986434716963006
-0.00935911637875213 -0.0130833645466295 -0.0476759462956527 -0.181514410232864
0.00830160997853738 0.0193329357813296 0.329094346522107 -0.269208610871036
-0.010807323859756 0.0377354529869275 0.558075636653782 0.160441239553415
-0.0329257956911301 0.00328601265663371 0.184850592308642 0.794906624402745
-0.0332865552820878 -0.0768321187742494 -0.567874722855371 0.6898174503582
0.00560719248229968 -0.0608604517333275 -0.647157723795024 0.0244576565184543
0.020268381753964 -0.0371595585491172 -0.0963747332887599 0.0725080715982873
-0.0212449044790079 -0.0103499225630274 0.651343247527307 0.182316228424979
0.00868847621593089 0.0135340214518415 0.787740480791927 -0.487290594722777
0.039086436710496 0.0266410033953716 0.0151689361901272 -0.885671252227165
0.0398440665078567 0.0086784121988912 -0.553090717656178 -0.321375323596745
0.00438800295750322 -0.0336518558873553 -0.363713376790208 0.182499894493213
-0.0094404907487046 -0.0214119897512672 0.0220968958698851 0.139994366694822
-0.00966325021408336 -0.00522686759077153 0.189738873477496 -0.142947654169681
-0.0180831080665534 -0.034360951227663 -0.179969336581657 0.0996382480820491
-0.00837942717233791 -0.0234066655203424 -0.0400648281457127 -0.179875959301623
0.0130560814006034 0.0127660387547506 0.340389671040706 -0.250156716307917
-0.00293793283025565 0.038233962425981 0.550134536945511 0.195657855628913
-0.0317427702408097 0.00490466027307345 0.143754153581991 0.808421741124819
-0.0367287906610283 -0.0787194871834816 -0.608236397422914 0.654913783770671
0.000228395309349956 -0.0663498910702299 -0.644146477011583 -0.00651666046836491
0.0150747213816445 -0.0434441238448742 -0.0808033186151975 0.0700668057129719
-0.0298461910934493 -0.0151423408011151 0.663164647630983 0.153408770946486
0.00269548032992996 0.0132024777202949 0.757637345182275 -0.533493275063293
0.0405793299574883 0.0301202041932825 -0.0317383129083605 -0.879251424436442
0.0482185997560231 0.00786959778432812 -0.563146043281238 -0.28621205116382
0.00930533902954742 -0.0396544286500712 -0.352261160573258 0.198750406791345
-0.00689755514182139 -0.0316944419062683 0.0274640085352729 0.140086661674119
-0.0109190804379697 -0.0158613360782702 0.186041849255777 -0.140124386159481
-0.020815132808502 -0.0422909484160803 -0.181447886452752 0.10668449269088
-0.00597003683362389 -0.0303358513096742 -0.0315710823802042 -0.174928560169453
0.0198520048693462 0.00719940047205812 0.347133248151802 -0.230135587158021
0.0023035747040492 0.0384697930473794 0.53969927952177 0.233774573069896
-0.0332453510543415 0.00751929232068021 0.090514727380108 0.822036180848701
-0.041240355998855 -0.078116607902718 -0.653868058794668 0.613531914379012
-0.00725454392696647 -0.0686321616491088 -0.641018894032454 -0.0414965670314766
0.00444550704681721 -0.0473367845905816 -0.0673945869655489 0.0672986484316093
-0.0412609836144389 -0.0168012216528889 0.670305783214712 0.116498636308766
-0.0055422057206485 0.0168030891826526 0.720519580145971 -0.581189944461684
0.0426465161428299 0.0332389739275977 -0.0859821124068436 -0.874662115494474
0.054533150844569 0.00538113456165829 -0.575229215051955 -0.248866783604801
0.0122551620181031 -0.0459991214895233 -0.340311835623155 0.216064746950368
-0.00616423814153005 -0.0384051680921801 0.0347808079597385 0.141413649399702
-0.0126225122363036 -0.0235136525447007 0.180370266636058 -0.137641657011699
-0.0241716945237275 -0.045513483603081 -0.182993401451183 0.111482604695556
-0.0026541453492766 -0.032864147464705 -0.0250470573595892 -0.170468272910748
0.0249982860938155 0.00477709251032596 0.356385007716179 -0.20807700993114
0.00507359983664828 0.0388602196367965 0.525943188138185 0.269208314389948
-0.0380085231227803 0.0106496983245853 0.0392973189945227 0.830577180671326
-0.0479729772763573 -0.0743232368806199 -0.695966456808486 0.570839041885584
-0.0185083390124669 -0.0673462231531769 -0.640008765920135 -0.075370146752384
-0.00900150596067779 -0.049827469565421 -0.0578469981383085 0.0625678202326007
-0.0546269340252903 -0.0122370762169298 0.672118982611503 0.0790686201390978
-0.0132855961970985 0.0250504789588897 0.675742935409593 -0.624431148723
0.0430703972231907 0.0374153938012855 -0.140757442095108 -0.866018695773191
0.0578044768731817 0.000171161202049335 -0.585996436491966 -0.211579389410332
0.0133020381236262 -0.0502730676637413 -0.328287269531832 0.23390275699627
-0.0058792108900315 -0.0418259529308362 0.0409639432361049 0.146900173407506
-0.0161181722823901 -0.0265789203174212 0.176161099223235 -0.12950599789761
-0.0275426623104401 -0.0443973200533405 -0.183913676826231 0.120545935104379
-0.00301744733414465 -0.0306479526067332 -0.020056149070523 -0.163410831578958
0.02777200247196 0.00289736985399387 0.358382012452618 -0.191204610233669
0.00444556329054671 0.0368106700740256 0.51121832946418 0.295731685366725
-0.0424405856612384 0.0135807838367822 -0.00417459670984191 0.831235672373723
-0.0535668422691814 -0.067794621858488 -0.735219448496747 0.532593117690901
-0.0312874930012243 -0.0644741922099639 -0.645571307029624 -0.103493513686391
-0.0258669634436824 -0.0490729001722063 -0.0541733238405785 0.0575194960692444
-0.0687013635312834 -0.00442500538845855 0.6685183890937 0.0506019907261574
-0.0192844382397525 0.035799595331642 0.636205031094846 -0.659006129603241
0.0418471580193655 0.040934326021593 -0.183345391949358 -0.858123838503186
0.0566399901848295 -0.00393254073862853 -0.595189834938082 -0.182431470645539
0.0135428823428159 -0.052297296043609 -0.319888975731214 0.249580630737331
-0.00690127469234057 -0.0403610425227502 0.0463370453754046 0.152302580829786
-0.0196407793099359 -0.0249721578162284 0.173776519876715 -0.121766720434377
-0.0298675041819289 -0.0365148973602169 -0.18564707592897 0.128634680903019
-0.00387759673251272 -0.0237860296227571 -0.0195173284672739 -0.156345897578648
0.0280924812086399 0.0047967595610876 0.355874030276889 -0.17994255441923
-0.00104559649877439 0.0330180149001464 0.497149264633575 0.311935611071075
-0.0478931934847977 0.0152848774385913 -0.0384638388557928 0.827091789270522
-0.058141252775701 -0.0591856476632334 -0.76204417051392 0.501662348349168
-0.0426991331039855 -0.0597323799280121 -0.65164936413927 -0.123484576970423
-0.040105690530326 -0.0461004034400406 -0.0567982985865164 0.0537019510286303
-0.0792280229650282 0.00571286180509088 0.66195295648146 0.0317875831981648
-0.0221033102560645 0.0472775931372879 0.609199897678835 -0.674336544035583
0.0389578908937443 0.0449391036401761 -0.210378574598724 -0.847265594202372
0.0516603239405639 -0.00819671287007023 -0.60009498656642 -0.161767562701808
0.0129113603982724 -0.0518078997099545 -0.313353754271865 0.260216886169632
-0.00718651929273631 -0.0348145955921431 0.0501663459244965 0.158574255578166
-0.0215840087106366 -0.0178799819688324 0.174756447614612 -0.116360392043999
-0.0139657652449048 0.00286249869014997 -0.17134716544318 0.098751800085118
-0.00949051495985503 0.0139174344882148 -0.0595826805063154 -0.178590453792158
0.000567379789698088 0.0311695125623522 0.310587057631761 -0.289279937763993
-0.0268591600065793 0.0367301431002984 0.558613576165325 0.113732344264215
-0.0397049135557007 0.00367423352170827 0.233905376230988 0.771328311597736
-0.0303471200127666 -0.0611903451981354 -0.525310397552132 0.723071894783622
0.00165401142031886 -0.0425818384028384 -0.660577449601173 0.0598934278246525
0.0123886362810396 -0.0236460878563608 -0.125839603258619 0.071041216513201
-0.0236990534840152 0.00755699571661959 0.62531698948881 0.211272139630185
0.0119060784878205 0.0277774753045868 0.805538807409989 -0.436255571352815
0.0318944834956913 0.0234388832257342 0.0572531762244208 -0.887100874553053
0.0221049787285239 0.00281220309300717 -0.545109950123149 -0.358924977293117
-0.00533795997774071 -0.0239091296323353 -0.37920489102062 0.170139188945019
-0.0155278624175759 0.0002477180226777 0.0114632180082984 0.149021209190843
-0.0128985645109167 0.0184989104662417 0.192083609788232 -0.13296322297517
-0.0136549936506469 -0.00992644756565455 -0.174190379175998 0.0973025621221416
-0.009622249499331 0.000929155205575901 -0.0560928788273563 -0.180973902387428
0.00326989142474668 0.0254525892940607 0.317671844449278 -0.283627206276169
-0.0191826116563594 0.0375689579690795 0.558972918692408 0.12861810538825
-0.0358202201933838 0.0034772646522253 0.221774918193247 0.780495135714554
-0.0308564248160802 -0.0697538716884926 -0.537674912825814 0.710712146719698
0.00647450672180668 -0.0518106867400214 -0.651822395079114 0.0482509672610172
0.0194274951152001 -0.0303496347284608 -0.111878008687716 0.0736426593028139
-0.0192468580141243 -0.000762157537927452 0.639315012009623 0.2013105275445
0.0125949246492357 0.0189606000221403 0.798777341016708 -0.455230606928569
0.0353748144286678 0.0243741503079696 0.0423856294751246 -0.883624344772189
0.030448070771702 0.00540127974177888 -0.548152352903854 -0.342949987277263
-0.000835952371713862 -0.0285764890593866 -0.370743099657825 0.175172277502323
-0.0124368690640031 -0.01020364523872 0.0153328314348247 0.143858648275089
-0.0112289703745019 0.00659448511642583 0.192527495728561 -0.138304829385756
-0.0149267247434909 -0.0226938910436247 -0.175925856561827 0.0992837137266795
-0.00925441721864669 -0.0118034559702821 -0.0491285565486779 -0.181015831382974
0.00808892331141647 0.0191494595179917 0.32660649401116 -0.270700923559112
-0.0105642659627033 0.038557038686389 0.55673486005534 0.155864320331027
-0.0317328073066529 0.00365040730462014 0.189047116807171 0.791105532471255
-0.0331725388428611 -0.0759030022543101 -0.563807536629892 0.689389354438666
0.00490277716110372 -0.0598793991172208 -0.646336849170983 0.0264265316081694
0.0198982113800636 -0.036860399475795 -0.0961791541852174 0.0734941761847639
-0.0219015866272543 -0.00977883282735136 0.651412868522322 0.180126216241447
0.00892344583225925 0.0139875842863925 0.782085437451143 -0.488959966999186
0.0391368254859092 0.026918636685945 0.0103196907885625 -0.884215862763625
0.0400431984004521 0.00793885806272922 -0.555898310302953 -0.315094281318484
0.00447526157033857 -0.033718185661924 -0.361136545333465 0.184433082135828
-0.00987419382595684 -0.0210707104317828 0.0218261305965614 0.140258871297222
-0.0100780271997676 -0.00600646215072726 0.188582085185914 -0.143264547318566
-0.0178213168808267 -0.0337138976774102 -0.179424261842818 0.100542064550891
-0.00752716901669012 -0.0230258711828861 -0.0416590770041904 -0.179293198693413
0.0137278650252669 0.0132045868055227 0.339064747885031 -0.25384269370775
-0.0027242956041426 0.0389713865996503 0.551931557342927 0.18979112295972
-0.0319867892724479 0.00481761339026816 0.14731378178333 0.805778517494735
-0.0369746622675327 -0.077565510750879 -0.602610166909584 0.65394044370435
3.75719274883952E-06 -0.0650713400331019 -0.642571835084078 -0.00446653553583926
0.0144735956304404 -0.0427834352792157 -0.080231884033065 0.071474783192694
-0.030101415723673 -0.0144498745653145 0.663142109229172 0.149633633406407
0.0021934773651274 0.0135737938790266 0.752369419443845 -0.533170561093186
0.040786555071609 0.0294153122578277 -0.0366608579493653 -0.876645628258053
0.0486481256176712 0.00773818868731321 -0.565198583527644 -0.281810064243989
0.00856998337573622 -0.0403739178580572 -0.350827699746544 0.201233725517456
-0.00744843673284609 -0.0311927696315043 0.0275605420179677 0.14005379633168
-0.0111618313296657 -0.0159344076552963 0.184771889346264 -0.140156897055239
-0.0200273157983304 -0.0423481016854885 -0.18122343619794 0.106917382758159
-0.00658867485284763 -0.0296010738781098 -0.0338048181483592 -0.17428434282955
0.019303201237088 0.00792329686642088 0.34675508661145 -0.230745053921633
0.00263826446939444 0.0391926371996508 0.539305563939163 0.229185070684186
-0.0327633991566293 0.00697096683216879 0.0943924877598744 0.818728184994725
-0.0411356349415161 -0.0779194930256516 -0.648508569629231 0.613531287934278
-0.00770908361044836 -0.0670209329010564 -0.639354333951485 -0.0379737321466419
0.00476337622185933 -0.0470447457063681 -0.067148329561097 0.0682465617050949
-0.0412245968035198 -0.0150546846337462 0.669750045559898 0.111614168221691
-0.00616736544959873 0.01621161594981 0.715447741142432 -0.583983071439581
0.0431090606633251 0.033010376869694 -0.0926143601708707 -0.871967930422492
0.0546992482670348 0.00442113464936865 -0.577020768657463 -0.243904584389504
0.0117481211746656 -0.0466119270415892 -0.337819144747821 0.218521774750357
-0.00632010164137787 -0.0379450230559788 0.0352753033077504 0.142009254121657
-0.0128162244044579 -0.0231992039782407 0.179695380155439 -0.137387635962053
-0.0241475761260065 -0.0458597416778912 -0.182109841704701 0.112141363718041
-0.00371325471277613 -0.0326627678529445 -0.0260355775323006 -0.170080705265131
0.0242770509681947 0.0049563259374583 0.35431582451906 -0.210625233844519
0.00472632304611467 0.0390558483612021 0.52698047611121 0.264800363603031
-0.0368537076010621 0.0107749771938563 0.0433805588698247 0.826625862982824
-0.0481391532639067 -0.0736482468216361 -0.692301657034958 0.571880612744216
-0.0188712896147427 -0.066521638415114 -0.639553377323505 -0.0728656083772924
-0.00983996047219277 -0.0487090543003889 -0.0571975478970196 0.0640948037850797
-0.0551817739019111 -0.0115700260630993 0.671721571447628 0.0768645275253277
-0.0132742417077076 0.0254100222884785 0.67034952427167 -0.628030604745556
0.0426130611318453 0.0364461047156189 -0.145786851410423 -0.861513403677808
0.0581464607095053 0.00026067682877081 -0.587479245837335 -0.207374625218266
0.0130343805637188 -0.0505302705870399 -0.326938172678387 0.235975258048809
-0.00676343536439697 -0.0419473511142056 0.0409508239984821 0.146475561759533
-0.0166154317791079 -0.0260121197223257 0.175618999392478 -0.128322335951336
-0.0273365547102871 -0.0442100287095281 -0.182852176453502 0.119967797394045
-0.00275572461612808 -0.0298961692576149 -0.0215149456793154 -0.163134143660881
0.0276412660483173 0.00340687147966489 0.356706000784109 -0.193017609682051
0.00432466110202686 0.0375893096350722 0.512397557767061 0.291481142920133
-0.0414725020850327 0.0131266144303192 -0.000353725056134153 0.827325233455988
-0.0536248999005396 -0.0671794897523445 -0.728916660247882 0.532652664691906
-0.0316056963045002 -0.0637423741153716 -0.642955176482888 -0.0997420523782821
-0.0255820506093474 -0.0481941342425848 -0.0538273441565138 0.0584217846269352
-0.0682670828435867 -0.00335479968691543 0.667618653552488 0.0468986492150901
-0.0189708209657712 0.036048914676362 0.631669177257321 -0.660832016015491
0.0422088333024528 0.040107669696863 -0.18915119708227 -0.852646956514379
0.057014737690364 -0.00402832043648408 -0.595281964002275 -0.177986879990008
0.0133154705447103 -0.0522117510021283 -0.317452608676652 0.250784529801348
-0.00730126814506394 -0.0404611544278642 0.0466951361910573 0.152480174431967
-0.0193778239565 -0.0247630963331161 0.17295159751878 -0.121390127459982
-0.0293489189758051 -0.0363691533610338 -0.184583263794864 0.129208767959704
-0.00363614565300482 -0.0232261249094445 -0.0204025105795998 -0.156701256579932
0.0281746022434398 0.00442133422463144 0.353312352284169 -0.18227357971405
-0.000604721623249385 0.0336540603500267 0.497286440080693 0.307562857945703
-0.0473765834459836 0.0155018296298602 -0.0349699993525756 0.825938998068252
-0.0571492277280086 -0.0587366439022286 -0.758960585980026 0.502196108361908
-0.0425345887113542 -0.0583962591462293 -0.650994330058441 -0.121804104428515
-0.0405072040958714 -0.04529966844375 -0.0564322362237979 0.054957864935801
-0.078616004965931 0.00662199110967393 0.662099447789925 0.0288807299995758
-0.0220479330359548 0.0473908731804267 0.603673191298106 -0.676628345843683
0.039777329915838 0.0442124564161396 -0.216706533548828 -0.842040670171404
0.052228541605615 -0.00878145974634006 -0.600197421530237 -0.156764877623743
0.0123123047563571 -0.0521197752803182 -0.31226600520182 0.261405056181166
-0.00770256289142408 -0.034357922578025 0.0518832637799339 0.158485116590473
-0.0218979911621353 -0.0183515590626726 0.174118343249082 -0.115536945149024
-0.0133040888865246 0.00262503522192782 -0.170945646946544 0.0985931994373874
-0.00985437749511902 0.0147331643820271 -0.0608813555913386 -0.178073795336175
0.00045193906318838 0.0314435393087031 0.307026525530251 -0.290547338674024
-0.0267369027251116 0.0368290120612648 0.55830790635084 0.11060154835649
-0.0388896044065366 0.00451364217830724 0.237752670196332 0.768431164301297
-0.0304149515430143 -0.0608433142096175 -0.52253335334827 0.722242756880272
0.00185656894344232 -0.0414375217671437 -0.661372587960721 0.0616524819911755
0.0121673801605207 -0.0236601709011968 -0.124903478350417 0.0719135136095014
-0.0231461851930132 0.00772111857624879 0.625106768727207 0.208623869404
0.0126267476154754 0.0276368203430089 0.801921933224553 -0.441108311074234
0.0315129273842727 0.0230076701132262 0.0511601015977287 -0.884982343290177
0.0212457096012369 0.0019634063699658 -0.548388928930377 -0.355346106859174
-0.00587913609024568 -0.0249565324239585 -0.378244425876484 0.172743073764939
-0.0158363664879887 0.00084813277325268 0.0114885890073258 0.148657653154794
-0.0126305648695718 0.018247457474654 0.191643864033309 -0.132270701471189
-0.0127450764892138 -0.00949401627646776 -0.174058023612648 0.096803906073033
-0.00962759118333224 0.00164394892556475 -0.0575990078613761 -0.180636244290715
0.00397756964674308 0.026332706420251 0.315272810106634 -0.285577016162999
-0.0188910630451398 0.0374742487776666 0.560180015631747 0.124893614584347
-0.0347311460214102 0.0024796058663377 0.222989003391443 0.777054048136975
-0.0305324035284213 -0.0692559133573776 -0.532981090401005 0.709827437122782
0.00577892532558715 -0.050985130940358 -0.650236928191286 0.0497140736830953
0.019258045168971 -0.0298778867704189 -0.111388341980988 0.0740410998672215
-0.0197345824080685 -0.00080451309310103 0.638889783259464 0.198367757971316
0.012522623222836 0.019227108239104 0.795938481415627 -0.457678408135853
0.0355789879128255 0.0233900478665703 0.0354614780078722 -0.883615889117585
0.0311564894869436 0.006012265964528 -0.54960355500967 -0.340531541079726
-0.00153958553145121 -0.0287588249689705 -0.369900818089372 0.17840728545732
-0.0128970078580037 -0.0101637724008906 0.0158612834444038 0.143894293417712
-0.0117110840735468 0.00673028523925601 0.190776201797353 -0.13812049370566
-0.0148152333665667 -0.0228249154174519 -0.175017592270512 0.0995114887605401
-0.00888849860875206 -0.010324734710332 -0.0507868319484226 -0.180414847932123
0.00790907817007119 0.0192514103628472 0.323051639683924 -0.272452871769538
-0.0107996645018612 0.0385235565927361 0.557612535046741 0.152423130003137
-0.0320389823697779 0.00323084331151671 0.194238271844806 0.789197335134065
-0.033093301369579 -0.0751175065282472 -0.559128407449449 0.68913332039904
0.00426886224376635 -0.0585912826286719 -0.643673766647153 0.0308824360375153
0.0203395589081347 -0.0363065331108144 -0.0947309045643326 0.0743099321514841
-0.0214426032458632 -0.00879779566727564 0.651155629926843 0.176828279466383
0.00944659152691946 0.013599735157393 0.776795677476879 -0.493474341663819
0.0390699474466199 0.0253865235003669 0.00394089107765582 -0.878456880984053
0.039115154264961 0.00745834939447273 -0.556212098091915 -0.31178228329236
0.00349930381845204 -0.0346133564450171 -0.359343749315324 0.188557362926585
-0.0101388802561911 -0.0219105594930215 0.0212511460057157 0.140058725700821
-0.0100817526865204 -0.00518665062181263 0.186851042054314 -0.142993138948013
-0.0177274027935797 -0.0338666927647111 -0.178623429184932 0.101451702957803
-0.00800660086400316 -0.0219560691003604 -0.0430195041178822 -0.17942947198913
0.0129204456710645 0.0129364410605453 0.334625485392396 -0.253845589667791
-0.0027706371219189 0.0391188957202232 0.550973713259091 0.187525389401261
-0.0312390393825473 0.00508537863168091 0.151007840092638 0.802224013111753
-0.0362522591370614 -0.077231736228913 -0.598757282322577 0.654549558066061
-0.000463168981487244 -0.0640223473370344 -0.640491932132643 -0.0027222881260478
0.0140887089188964 -0.0431918760128371 -0.0798202039625819 0.0722978336670665
-0.0288273493071745 -0.0137898339005154 0.66211078602181 0.146105947641065
0.00166532806775182 0.0140253031133968 0.745935454769721 -0.536874547079478
0.0409052902901373 0.0297290872050123 -0.0446723970431602 -0.873733886661989
0.0477959271249375 0.00754794878391218 -0.566481492970228 -0.276967285890502
0.00813875430989931 -0.0404850868759175 -0.349760267504966 0.20322064646975
-0.00793910777227614 -0.0310547865267634 0.0270978798019747 0.140590386229336
-0.0116839108667931 -0.0157703938186896 0.183783090660876 -0.139598651532258
-0.0196199343271375 -0.0416208540057597 -0.179677834465836 0.106950165796589
-0.00604238078342632 -0.02858717473796 -0.0346892105715331 -0.174418709437884
0.0190951343755411 0.00847251725396815 0.344127630533763 -0.233668369968158
0.0021790392089489 0.0393679581660571 0.542555667059866 0.226179304033681
-0.0325431466489878 0.00705079835723825 0.0967909250685884 0.816640369184004
-0.0413744156237668 -0.0773597699572397 -0.64546237746253 0.616038504350097
-0.00741612205962517 -0.0667272942299857 -0.640288093669377 -0.035880792390714
0.0044378484859112 -0.0467887249186717 -0.066639496095546 0.0684373474573682
-0.0410464838390057 -0.0147517740952142 0.668708921910402 0.108922005073536
-0.0054277757728318 0.017238403292255 0.708678980948453 -0.586033824237604
0.042907470543193 0.0329466813442716 -0.0979881015442318 -0.868631305087659
0.0540352940424287 0.00400031889441172 -0.577652874781405 -0.240973884338023
0.0109067761242274 -0.0466361819097104 -0.33694629551616 0.220530741478613
-0.00753899905429705 -0.0375866724007572 0.0350598385255192 0.141369448270708
-0.0130245140567932 -0.0234898496528189 0.178610155876475 -0.137849231980606
-0.0241796233922411 -0.0451939705755644 -0.180856602924753 0.11223448571575
-0.00361230418881467 -0.0315992840525465 -0.0268183231391493 -0.170407123347394
0.0240007827736928 0.00539060092734411 0.352903330789051 -0.213240186246721
0.0054139970355816 0.0392801559616843 0.527862468075805 0.261276274285551
-0.0368445404428547 0.0102776609791782 0.0489951825778749 0.825142139805573
-0.0474119982053252 -0.0731678463064291 -0.688774207877028 0.573512730217545
-0.0187462226431006 -0.065198471496941 -0.637491993002727 -0.0713193440903939
-0.0100701347259264 -0.0484633290082598 -0.0568298218144507 0.0645004837763763
-0.0545524416023519 -0.0105688284782325 0.670797118602388 0.0735081004468039
-0.0134566742470421 0.0247957303341944 0.664518214432923 -0.629992824882055
0.0435865148856588 0.0369105243930657 -0.153294325601103 -0.861351070807427
0.057619740561577 -0.000777857691121018 -0.587943539479471 -0.203076977715366
0.011384558282242 -0.0509351551333605 -0.324930731202715 0.239593738636059
-0.007433865046014 -0.041733773408226 0.0409115307526891 0.146758223479917
-0.0172054328722857 -0.0264847742422821 0.174563695542288 -0.128134190440218
-0.027302963340695 -0.0435867303114662 -0.181231150052739 0.120388288317658
-0.0023910706459232 -0.0287972441120798 -0.0225884075762004 -0.162945518541864
0.0273125813134507 0.00397766979173458 0.355958006477701 -0.195141573527604
0.00363521766693253 0.0374662515704824 0.514218892205933 0.287782166081246
-0.0421093348929597 0.0133837500929616 0.00280330058845835 0.827790067958121
-0.0535391983624819 -0.0665832402188137 -0.727520929748826 0.535636474118098
-0.0313808011729937 -0.0618241224902209 -0.643415302983637 -0.0990569297742033
-0.0256081570948176 -0.0479706742958219 -0.0540554536270215 0.0597719783683693
-0.0684330259845946 -0.0024506700880679 0.667533306448282 0.0456242076942152
-0.018478928419199 0.035731159419134 0.624558602107961 -0.663072893863879
0.0423567030821756 0.0403191353926842 -0.195754313558609 -0.850231164056813
0.0560614749115316 -0.00529277714857372 -0.595388940867552 -0.170816731704535
0.0117676099435542 -0.0529528873833953 -0.316737309216516 0.25235082881529
-0.0079168649959704 -0.0402208779630552 0.047020080652674 0.152218338467995
-0.0193301641261952 -0.0243902067436201 0.172341877304752 -0.121504986350062
-0.0299815001569794 -0.0358254701805909 -0.183040971607413 0.128754659881444
-0.00424498386806508 -0.0219004910174545 -0.0205787821249106 -0.156943178740646
0.0274674379195107 0.00502843027142416 0.352373080166772 -0.183272217651904
-0.000689602234668719 0.0338817451782811 0.499007398112087 0.303348448672182
-0.0471326984843991 0.0153467837815142 -0.0293673482654273 0.823575708211888
-0.0577727650422853 -0.0579448473013843 -0.753678227169828 0.503221852291453
-0.0423187409203798 -0.056669389148421 -0.650770634927286 -0.118578334623819
-0.0405528365812814 -0.0451736967894621 -0.056241434470912 0.0548453668559196
-0.0786046453316328 0.00712659388760549 0.660082979388921 0.0269919892007111
-0.0212084815717591 0.0472606270770215 0.597178469557613 -0.677479316901728
0.0403582249427758 0.0436185498324991 -0.221073313060231 -0.840355287079868
0.0513818384385728 -0.00808180761994618 -0.599852802490537 -0.153355750148476
0.0112597646154879 -0.0522630545649886 -0.310575156152696 0.263293370972644
-0.00821744830886682 -0.0348478337673163 0.0512168564413616 0.158436031453343
-0.0216069723292617 -0.0176280822427285 0.173010455088327 -0.116538408605505
-0.0128166223172556 0.00354893902083175 -0.169405801559573 0.0992270728815267
-0.00915359711077991 0.0152743890699862 -0.0617688690094667 -0.177757912365025
-2.78975997733133E-05 0.0321481636661401 0.30643666205514 -0.292369982325345
-0.0262239737567914 0.0374231077470434 0.557742246710501 0.10864837436134
-0.0382581782630065 0.00344312072781236 0.239117343654977 0.76781829863886
-0.0293082632865787 -0.0607581414065529 -0.520000765333091 0.721722985321449
0.00161001091706475 -0.0402793640349688 -0.659535024209352 0.0631254869740723
0.0120503178253668 -0.023242850701049 -0.124696238871998 0.0727485795923347
-0.0240433108956557 0.00826380084395229 0.626565456355549 0.205704157115607
0.0127794529821106 0.0276649730786621 0.798865801661458 -0.442274601156467
0.0312839714770094 0.0226684227097079 0.0482086526727922 -0.884838146070837
0.0220425758900811 0.00236679529479502 -0.547726100816452 -0.35282811661027
-0.00644459884050852 -0.0249602861115814 -0.377081376634511 0.175242094987848
-0.0164799735786286 0.000470260501539439 0.0101155710157298 0.149291963787262
-0.0123934657964092 0.017958151672721 0.190276637481113 -0.132696086418879
-0.0135183037722803 -0.00957297969320859 -0.17395772852146 0.097997276037082
-0.00927944870885273 0.00204611110609781 -0.0586094050119985 -0.181106037263481
0.00348327811731281 0.0261414051991459 0.312053167741337 -0.28670589453928
-0.0189653864360602 0.0386271794772333 0.559117838231449 0.122312912937807
-0.0341979032880817 0.00196412225314698 0.227430865612337 0.774636494124028
-0.0303602507248746 -0.0692899319564187 -0.529737225062277 0.712148140082245
0.00570857924952386 -0.0502835573164054 -0.650452222337526 0.0520865399946461
0.018927695086366 -0.0295082655227216 -0.111221093011094 0.0746999781864753
-0.0185455173310409 -0.00062960854887054 0.639373672827644 0.196602826487917
0.0127838036234489 0.019071069568369 0.792632234136421 -0.460661449831379
0.0353000655021636 0.0237783317035463 0.0329175113029241 -0.879904226383125
0.0299504445857359 0.00521942156893339 -0.552929019134045 -0.336156227602394
-0.00201556272130283 -0.0286668585441048 -0.36862504517525 0.18086500671474
-0.013985266587414 -0.0100131323245303 0.0146533101957789 0.144978515207054
-0.0104012855298475 0.00697989701200938 0.190212052098394 -0.138162566907636
-0.0145144148451776 -0.0224558184315397 -0.175465464272018 0.0995797809795923
-0.0094022104536629 -0.0093698450498489 -0.0516930685643596 -0.180889565738402
0.008096070273436 0.0199913186139922 0.321341986705625 -0.273970159957499
-0.0107674907004237 0.0388515559001642 0.558709520156335 0.149512498450194
-0.0318828678367547 0.00303891045254198 0.19628617376371 0.788611051384621
-0.0325142209701978 -0.0753316143229075 -0.557377301947217 0.689592086810601
0.00438026282754611 -0.0579721528090954 -0.644211315359628 0.0302425192561166
0.0197667124985471 -0.0360743721650409 -0.0949686536467231 0.0750859970246761
-0.0217770270481269 -0.00845997833095281 0.651494789656414 0.175070138544651
0.00930394990441446 0.0131250365135509 0.774063171024162 -0.496101642051119
0.0392003399053294 0.0254134456194593 -0.00116081480158193 -0.878951007298696
0.0392952903993793 0.00686353067797408 -0.55917671725677 -0.309855709448467
0.0029105774360693 -0.0346814318969302 -0.360346568758836 0.190848918673959
-0.0110025411810106 -0.0208580330572657 0.0213436698587171 0.14098116842773
-0.0103570410168062 -0.00502021320459425 0.186783619575525 -0.142361345164797
-0.0173218960675086 -0.0336711937833105 -0.178710454820811 0.101561463733138
-0.00769214719992343 -0.0211127406233233 -0.0444545236861649 -0.180045419643659
0.013332386387862 0.0136597986066198 0.33331341230591 -0.256055148491958
-0.00330624275166989 0.0395921079346797 0.551500787463132 0.183346006111633
-0.0317431449983534 0.00488200770377409 0.152424911152824 0.802901094877778
-0.035870385116248 -0.077402798196705 -0.597605852886662 0.653903366272778
-0.000577438232469146 -0.0630104539701018 -0.640788397056082 -0.00079003324426261
0.014283056626008 -0.0423174612088239 -0.0797633189335438 0.0731605135306116
-0.0287334642394997 -0.013631079210509 0.662311046330351 0.144319218220237
0.00221404583643764 0.0132784338053046 0.744165150940815 -0.538637546943506
0.0411513133529375 0.0283625436806056 -0.0481729044229419 -0.873417226179005
0.0483487916235049 0.00587627955026316 -0.568708630979904 -0.274818911004054
0.00748529020132879 -0.040465433891817 -0.348162619024474 0.205318547804713
-0.00848825682191791 -0.0309611209182563 0.0276146222772881 0.141467445689647
-0.0115249390858996 -0.0158867688153464 0.183834499413478 -0.139723051608464
-0.0199706703129675 -0.0417119447241524 -0.179433448659471 0.107117039226707
-0.00644210999681574 -0.0283998509510316 -0.0361934905154534 -0.175002468674956
0.019266801135476 0.00843574470555651 0.34221980412736 -0.23535964640146
0.00206296250585245 0.0395788567152606 0.541174299419692 0.223063755002168
-0.0321643411070091 0.00714474165308845 0.102128442663978 0.816293641591177
-0.0410962429182901 -0.0767732876827259 -0.642545964580445 0.615659527537587
-0.00760633241738224 -0.0649798459029661 -0.638782141494679 -0.0355701306227965
0.00447283491048951 -0.0466615244501866 -0.0657844673425001 0.0696253196685545
-0.0406485289076386 -0.0138094816105762 0.670259862156165 0.106338722083849
-0.0050792934482965 0.0163340580037104 0.705786314122796 -0.58790335928134
0.0435058248258567 0.032088959920155 -0.103453967554405 -0.866703181123725
0.0547600110445141 0.00382729705808553 -0.579501469888038 -0.236609744552857
0.0100773440911385 -0.0465830941258111 -0.335861724077517 0.22352942059865
-0.00731520364866717 -0.0374436743765062 0.0344543904162505 0.142149759122546
-0.0131776954623103 -0.022752591082249 0.178024341703721 -0.136851876864039
-0.0244288223037861 -0.0448552185363749 -0.180606583212713 0.112417246110639
-0.00442250906849034 -0.0314124770553689 -0.0278322509633044 -0.169947273992833
0.0245684139870555 0.00539576259684791 0.35048251846539 -0.213964420632539
0.00566582159077 0.03951892929227 0.527307284849553 0.257879737945771
-0.0365305074880125 0.0100236427509538 0.0494347670809696 0.824993064497046
-0.0477190583561234 -0.0728646396967968 -0.687065954689026 0.573465996122392
-0.0188942328244898 -0.063586934453745 -0.638159849174874 -0.0693301737233328
-0.0102315505081841 -0.0478285572051577 -0.0568767364620452 0.0659920029389191
-0.054764737522492 -0.0102217826107123 0.670009788606361 0.0719992101646605
-0.0127301639442101 0.0253913650972308 0.66080568332448 -0.632240396781026
0.0431460994434672 0.0365013651230138 -0.157317395633449 -0.85714741560795
0.0571864123494393 -0.001290905816372 -0.590236592813681 -0.200424679723528
0.0118031750176769 -0.0507157371685833 -0.324377937276884 0.241010768020599
-0.00684164827678435 -0.041195581683015 0.0408836624489638 0.147087555920969
-0.0168952190669015 -0.0261563283613399 0.174164508953991 -0.128361241470549
-0.0270976498293136 -0.0435004152046186 -0.180426321254405 0.120538721900875
-0.00343188738920551 -0.0285076480539482 -0.02296678798033 -0.16303930485237
0.0272811133331324 0.00389284392759556 0.353498733854214 -0.195544978812165
0.00432610038265791 0.0374404524021319 0.514267751398815 0.286044697677627
-0.0414812472103854 0.0126593362151009 0.00588496210057808 0.827056559953418
-0.0531890189775946 -0.0662535602723845 -0.726527421199069 0.536031310751516
-0.0309519431944504 -0.0617079539356201 -0.643100112985062 -0.0967233886882059
-0.0263750763504686 -0.0474570408404664 -0.0540358327277131 0.0604943971582507
-0.0686023908822725 -0.0018851537344708 0.666054410283009 0.0429605327108627
-0.0185520961067161 0.0358820267454353 0.621523345381973 -0.664210173194498
0.0427512563922073 0.0399224829492027 -0.200649120101713 -0.847305053780487
0.0564829132256352 -0.00608113631452068 -0.597202961511894 -0.169743049738652
0.0111807484816657 -0.0529087351395175 -0.31472014234152 0.254954130350709
-0.00779289977304439 -0.0397681159666665 0.0467761354367935 0.152243017199879
-0.0201668512502877 -0.0245448175122959 0.171786482927649 -0.121160671930756
-0.0297190622705493 -0.0357886773524782 -0.182024947586626 0.128995802602325
-0.0039210928227594 -0.0219071221299757 -0.02169827338261 -0.15639531434574
0.0276211676194847 0.00519334807923304 0.352319814718805 -0.185163082421062
-0.000700027199377902 0.0343300357726502 0.499493977892513 0.301094994407728
-0.0469712828934739 0.0155052588186579 -0.026194382388333 0.824976744238288
-0.0576115836634047 -0.0577350959056174 -0.753434401241484 0.504499886478764
-0.0422317315196531 -0.0559493832420892 -0.650612216356988 -0.117345228944528
-0.0404574179131107 -0.04446774908557 -0.0557707813574929 0.0559173323415765
-0.0781643031437584 0.00733010624655903 0.659513906211968 0.0245792661616718
-0.0221629588007243 0.0481796411563315 0.593551376336162 -0.680401617666708
0.0405772078648831 0.0429486067925503 -0.228387701788953 -0.837104581911923
0.0514717782193377 -0.00872704727524056 -0.600392774725773 -0.149651792690213
0.010587717443712 -0.0517778975978111 -0.309425679758354 0.265382492001999
-0.00843239787900544 -0.0341748086963039 0.0515845314701158 0.159439591005539
-0.0222159606571201 -0.0179298597352205 0.17215493269094 -0.115518800037716
-0.0123772140669828 0.00304932024335103 -0.169925733597326 0.0992777967801323
-0.00870418208648853 0.0162715709704926 -0.0630505961623983 -0.178212999002184
0.000801346947552344 0.0319828512808002 0.303990829687128 -0.292931421910944
-0.0267016495673976 0.0379168240633068 0.559022386303535 0.106422793676057
-0.038514755817931 0.00318259082724032 0.242479664955573 0.767250030115145
-0.0296974272463106 -0.0601764788517988 -0.517563417311022 0.722237462024891
0.00161579733175356 -0.0396085027914846 -0.658342432380929 0.0639408107934842
0.0118750716744088 -0.0230547222545201 -0.124327277819332 0.07334143667875
-0.0231694787770076 0.00838921106037391 0.625863021848665 0.20377678461911
0.0128952693557541 0.0274443873733085 0.797433859623501 -0.444966812627291
0.0315430453344675 0.0225501900866187 0.0440926631921098 -0.88510098346189
0.0211586451867384 0.00195220118502747 -0.552025302520744 -0.349597993801808
-0.00699407920899409 -0.0251793332262291 -0.376381311194829 0.177524586536517
-0.0157567457337303 0.000708709936524021 0.0106214162043857 0.149323931432943
-0.0126046631604901 0.017843822532346 0.188944981049425 -0.132635185413677
-0.0128766547515365 -0.00944187366925659 -0.173119297749583 0.0974790207506649
-0.00897816216317909 0.00314689729938164 -0.0604407243159699 -0.180983413665768
0.00369027971336011 0.026434218618672 0.311650365507572 -0.28858207548203
-0.0188979277350949 0.038471547685265 0.55959451742305 0.119457092327378
-0.0346187501732467 0.00259426524468164 0.228589140106004 0.77276034064693
-0.0301045780076537 -0.0687774516282205 -0.529139095166456 0.710748211962596
0.00545272640154113 -0.049120029863299 -0.650104879967742 0.0538408815659512
0.0192051711866176 -0.0296572441542314 -0.110922134648368 0.0756855498100611
-0.0192892823740687 2.82667480411246E-05 0.6389198231289 0.195534562784318
0.0128329532968152 0.0191401190403569 0.790433656914342 -0.461025154738329
0.0358840222832903 0.0232090969936986 0.0266364197708629 -0.880955370238654
0.0303212752465683 0.00528560936537601 -0.554007457876993 -0.333919456606798
-0.00283138511690023 -0.0291355097087604 -0.368274888441104 0.182788702095283
-0.0140258433740217 -0.0104994601089179 0.0146727711342153 0.14510019960737
-0.0108435266065949 0.00682700573207085 0.188815907928932 -0.13805846746548
-0.0143758938468874 -0.0222647268086505 -0.174317009988565 0.0995668337695674
-0.00918586380724113 -0.00929024802995876 -0.0533382179900509 -0.180651240361725
0.00776931471041611 0.0198393868747273 0.320193414420514 -0.275395125517643
-0.0110013468243926 0.0391119905571006 0.558983708035727 0.146586347002356
-0.0313383086691153 0.00254391798282935 0.198926951379968 0.787141363039466
-0.0330285787587574 -0.0744934034132708 -0.556924168301081 0.690173548928669
0.0047417092075403 -0.0570146982903118 -0.644357604574029 0.0314373451924337
0.0196991382353613 -0.0359624934779519 -0.095005987124163 0.075708804909926
-0.0213560326844285 -0.00821360286176346 0.652740872444847 0.173602750733442
0.009194304041822 0.0137265718034527 0.772370113533518 -0.498003721483684
0.0393305712441887 0.0250100101894706 -0.00613434751280247 -0.877975577078092
0.0394886351248314 0.0075421728613685 -0.560238946194875 -0.306251333474922
0.00240250196814856 -0.0350153006777814 -0.358989660448092 0.193118570810026
-0.0106591578719234 -0.0210000821821629 0.0203233694246377 0.14169694773571
-0.0105860245287703 -0.00528414764278815 0.184894460559922 -0.142682109276178
-0.0169624953779558 -0.0331849244395625 -0.177572524700936 0.102058513613061
-0.00714847492141601 -0.0200604213086284 -0.0454531913420958 -0.179918169523916
0.0131679722720867 0.0139571154811804 0.331633412933506 -0.258715067473969
-0.00288280964867555 0.0394925030650156 0.552341137144718 0.181180305679302
-0.0309679207654881 0.00483858740698568 0.155708085922117 0.800799357111207
-0.0362019197942549 -0.0768036762684099 -0.594713922252531 0.653587994272319
-0.000823203854077142 -0.062176069072725 -0.640014712084706 0.00111495412119757
0.0143410576995221 -0.0417797023028684 -0.0799858348807222 0.0736375862251597
-0.0294220400131153 -0.0127700468956129 0.662819150002156 0.142615608791402
0.00215516595036308 0.0137610252826276 0.742457922103314 -0.540790261419706
0.0412534804172119 0.0284583047465625 -0.054246904387287 -0.873404051925992
0.0486158951937415 0.00660444620308651 -0.570292017341543 -0.271242849265487
0.00661194230338325 -0.0408341351930828 -0.348412853506936 0.207735845931897
-0.00869353945455319 -0.0312955551762486 0.0271069194955907 0.141629190877007
-0.0121043200579733 -0.0155436921896518 0.18224598387353 -0.139443982119204
-0.0198408149487548 -0.041419161826013 -0.178820030624369 0.107305545821891
-0.00577815217355209 -0.0267726501362489 -0.0372004765943045 -0.175177111454631
0.0187067952266787 0.00814295474773075 0.3409714391069 -0.237154735353292
0.00249820106399275 0.0398996111983478 0.543197043464589 0.219675996161021
-0.0321210501183907 0.00711526354095407 0.103892207917481 0.816025867090449
-0.040722026364034 -0.0766225942145465 -0.640440503079095 0.615193221555908
-0.00817970629648995 -0.0641685644535682 -0.638362916965723 -0.0321292635845931
0.00393377132112322 -0.0459470895373829 -0.0661894107497168 0.0708519040461758
-0.0408019648943265 -0.0135776885688313 0.66806484296065 0.105905013799439
-0.00508677215551206 0.0164654310006158 0.702777243309265 -0.58818884708851
0.0429500104397457 0.0317174012555838 -0.108604746868104 -0.866568343932731
0.0543150510427075 0.00356390004457516 -0.580668227414226 -0.232855495034335
0.00963195922673476 -0.0469271942361662 -0.334918544416094 0.224815394035573
-0.00834000761237637 -0.0378832907145543 0.0341406719601759 0.143657529079541
-0.0136203283396739 -0.0226920883941567 0.177234581955855 -0.136814140143991
-0.0237149629631339 -0.0447317946381 -0.179663688940824 0.112272620260026
-0.00363713432739902 -0.0301547233954497 -0.028770306542283 -0.170404597271453
0.0241138630874242 0.00547100542094549 0.349055490325232 -0.216016844196235
0.00430434936568575 0.0406473985854678 0.530427991838561 0.257017464642189
-0.0359633632331386 0.00955664728215739 0.0532800167300598 0.824402952507527
-0.0471850772065129 -0.0724956427721211 -0.685256292229896 0.574126399086792
-0.0189816004808396 -0.0631604177273822 -0.638899815909079 -0.0676388524599264
-0.0105132512822539 -0.0475501364288801 -0.0564032207913111 0.0661879556755672
-0.0540950357428413 -0.00978199737709024 0.670192029610019 0.0707241949081735
-0.0132265522743884 0.0258768047146751 0.657569935085463 -0.632673038651982
0.0441714836494993 0.0363458288473486 -0.162685693250617 -0.855909367840027
0.0576072892547188 -0.00133733120325084 -0.590559352534251 -0.196149357915227
0.0106279855279026 -0.0513284746725785 -0.323682465116852 0.24270044821945
-0.0080219999011909 -0.041205992814291 0.0408512425410091 0.147627802225802
-0.017352265661925 -0.0260051038735361 0.173386731862636 -0.127920692602792
-0.027055266612722 -0.0433641308261723 -0.179680945922193 0.121121329759447
-0.00287694606669658 -0.027408161377715 -0.0246138549737123 -0.163537732029286
0.0271522501013872 0.00423535497471244 0.35292228986041 -0.196146211122234
0.00382134870263483 0.0384371252810129 0.514617009099688 0.28445747649406
-0.0415133731547024 0.0132601483762428 0.00908216911268794 0.828746747670483
-0.05345417929038 -0.0660039377521124 -0.721949024347702 0.538430874643405
-0.0312228452635747 -0.0605386939789282 -0.642542452092301 -0.0958025869516863
-0.026328715974797 -0.0465919919828251 -0.0532451161061746 0.0612927064104646
-0.0679165121979469 -0.00125781762804129 0.668315092037284 0.0424954870143992
-0.0184192964686883 0.0364455934261987 0.620347463625827 -0.665687793595256
0.0424209105890813 0.0394769958274125 -0.203650604910285 -0.845558833802757
0.0567113045179999 -0.00507633314414125 -0.598559995515486 -0.16715224548438
0.0102430025478787 -0.0531788085805369 -0.314742146397167 0.257717876996347
-0.0084967350752826 -0.0397004138890173 0.0466210440821858 0.153244575110361
-0.02005986610246 -0.0241472897430203 0.17131926443443 -0.12070943982825
-0.0291963375985612 -0.0360537810636039 -0.181116130233917 0.129678366732977
-0.00370751246040599 -0.020947203100672 -0.0229061327950167 -0.156650581808034
0.0275649536948644 0.00520264526703213 0.350585628365797 -0.185822534975518
-0.00150035301373208 0.0351017356362927 0.501277257348871 0.299615502935385
-0.0468389615384503 0.0151763809492194 -0.0240655775873025 0.824405781453161
-0.0568321732400331 -0.0571892896763431 -0.751382764832697 0.507148393859819
-0.0425423610053902 -0.0549491734429577 -0.650379889496702 -0.115089198219569
-0.0408486417167825 -0.0440537409533185 -0.0554537785611268 0.0559785406867718
-0.0778271988941879 0.00859109035084799 0.660280091918526 0.0236215955175558
-0.0210602516483103 0.0476181216797465 0.590067605204671 -0.681528994344282
0.0407003244634221 0.0431316784035011 -0.231650178831112 -0.836234938208891
0.0517254206686969 -0.009334334124642 -0.601915405309344 -0.146881378859409
0.0107215586685196 -0.0524193290752221 -0.308276764841336 0.269041971324797
-0.00903777989675142 -0.0342623144478005 0.0512329922304875 0.159400804429902
-0.021862961259618 -0.0170488660480067 0.172697698777042 -0.115056219370253
-0.0123875566576396 0.00290854756620467 -0.169646590786056 0.0995101068686097
-0.00853804719626095 0.0171268209919622 -0.0648311690652287 -0.179097342311657
0.000530247666360097 0.0327875076258629 0.303686161233653 -0.295689116104322
-0.026965937966653 0.0383546882298206 0.560500514813923 0.104188856429617
-0.0382445255647309 0.00293325397881269 0.245513651301121 0.766728357748589
-0.0290432318352152 -0.0599750793185717 -0.516362610439572 0.72359026443324
0.00118693700815486 -0.039457191780899 -0.659807092522133 0.0666371229942648
0.0119380222775429 -0.0228339395727744 -0.123969867910127 0.0745796409748821
-0.0228642236212816 0.00919267007237145 0.628282703874953 0.202172845125173
0.0130790655373398 0.0276161771434434 0.794668730032796 -0.448184377397775
0.0320720879866166 0.0215997207303262 0.0390567680025648 -0.883150804284239
0.0210305387222916 0.00233588946138528 -0.554142885527644 -0.347106683536891
-0.00750883359302039 -0.0251572750457749 -0.376079596376192 0.181616942565564
-0.016330217379437 0.00101818989837356 0.0101414254738382 0.150798610322484
-0.0128552607683693 0.0177600435437269 0.188361793547395 -0.132463037124419
-0.0127356376505186 -0.00966605863269716 -0.173563571882594 0.0984063758996014
-0.00834568192438942 0.00417730666188767 -0.0612208578747813 -0.181688271990679
0.00354234850146052 0.0267447854426755 0.308625788254858 -0.29032335966034
-0.0187215716229757 0.0393340864247558 0.56107527769583 0.116707978864747
-0.0347627947198833 0.00228496425758513 0.233454367398102 0.774978633391128
-0.0303253236888881 -0.0688680279500876 -0.52782019791708 0.713535905999891
0.00555636288849004 -0.0479297345720373 -0.649971592942469 0.0533434227154961
0.0187419299529684 -0.0290925671984596 -0.110858484199746 0.0762414775727265
-0.0192407322047203 0.000409895901442896 0.641040832432175 0.19236995838247
0.0127733464291645 0.0188149035611288 0.788595401371921 -0.464843199402664
0.0359514495307285 0.0225328434011219 0.0236095328190751 -0.881680459797949
0.0301153246062339 0.00510298158349454 -0.556262909563538 -0.33109295216964
-0.0031374334077376 -0.029398872370532 -0.369029695129898 0.185091379653213
-0.0138386266299377 -0.00989418891261893 0.014617323067209 0.146544982487044
-0.0110604200287268 0.00637250057082996 0.188537469159612 -0.137964435948258
-0.0141570044681799 -0.0221895717556741 -0.174674930447605 0.0995125993005816
-0.00882292209164719 -0.00829736377884047 -0.0542300138994728 -0.180218261628893
0.00811663030382869 0.0199948908898784 0.318844034631835 -0.278505223217564
-0.0108859468426784 0.0398637439798387 0.559352747200175 0.144720426344402
-0.0316205067793888 0.00294684527775314 0.203748767298261 0.78774743401111
-0.0320362004113712 -0.0746988047981379 -0.554687361876171 0.692040488315263
0.00440561945865114 -0.0568971850099495 -0.644736285134387 0.034324330272206
0.0198232961629385 -0.0354721334064742 -0.0946773121652855 0.0762931021641931
-0.0218091499851004 -0.00677299422534904 0.65386948859317 0.170639396483355
0.00925373769607985 0.0140041523338821 0.771163352641791 -0.500039550609671
0.0390247007203271 0.0247429358815751 -0.00984824207621249 -0.878635180770114
0.0395073858308692 0.00730282416938546 -0.562250794157142 -0.304811574022227
0.00160959781702669 -0.0355702801803049 -0.359328087624188 0.19469429372415
-0.0114350618783543 -0.0211958476465593 0.0206330913129207 0.142993235261776
-0.0104410300477791 -0.00496779321854259 0.185374772795027 -0.142477600195224
-0.0169475052103949 -0.0333476131430045 -0.177430446804238 0.101606186325607
-0.00752758487413014 -0.0192426367500873 -0.0464184446828257 -0.180617438467495
0.0131934717445965 0.0143084089557562 0.330810550093864 -0.259844910377476
-0.00303774974582341 0.0402222246350128 0.55424187886037 0.179628631800811
-0.0307442987064658 0.00462177134738902 0.160420131410745 0.801608645000596
-0.0360968900748855 -0.0765547368291185 -0.594494362743829 0.655625153168944
-0.000164906284911221 -0.0614556580678731 -0.640547683830588 0.00248700332173607
0.0137910860515623 -0.0414823753620643 -0.0794610606403362 0.0746290220899088
-0.0287045963731323 -0.0119049170824637 0.663654856511668 0.139396937279593
0.00194418289913207 0.0134623499496268 0.739592286387309 -0.543822813272181
0.0417930910794931 0.0282610395660617 -0.0592288900086736 -0.873237733546766
0.0485948528842345 0.00616692258130924 -0.571724064350175 -0.26959738596968
0.00632114739356433 -0.0404988997120046 -0.347602554675523 0.210058152829239
-0.00928514242166946 -0.0307778326759824 0.0265539891376871 0.14284143352493
-0.0122315890640417 -0.0151282143848419 0.181653518794156 -0.139303898378044
-0.0200893436332245 -0.0417243429223975 -0.177755864468757 0.107660050696355
-0.00602249163938031 -0.0261702968216876 -0.037806062410732 -0.175633183580759
0.0191163395251639 0.00863076546892249 0.339794337945651 -0.23814643585686
0.00242830660850492 0.0403920966028083 0.543881435631011 0.216908017760368
-0.0313618428809464 0.00681506028236888 0.108021259733731 0.816122096089177
-0.0408373104148376 -0.0758602112008803 -0.63831173950536 0.617709681285205
-0.00883398714883853 -0.0638633359751317 -0.64047960398928 -0.0322560711957919
0.00367519691123499 -0.0454885790394447 -0.0660449267804467 0.0710436679377673
-0.0406457677084314 -0.0128759447357902 0.671480003365073 0.102816458115693
-0.00558390065131327 0.0167422169375805 0.699851953757012 -0.592750244584661
0.043709911471037 0.0313527617048298 -0.114297716313784 -0.867325373805914
0.0539768028305119 0.00373378248440763 -0.583712167016568 -0.232591300124347
0.00917079398748647 -0.0468405185558023 -0.335500007414292 0.2279818439858
-0.00862222761912863 -0.0379775581002014 0.0338104613719499 0.144003604837212
-0.0136597255931838 -0.02282118977707 0.17705866089147 -0.137242362437283
-0.0245106996061149 -0.0447787300970571 -0.179070616976713 0.113465937936574
-0.00348691770881792 -0.0295322780592602 -0.029907528965128 -0.171049689902297
0.0240906237259121 0.00528887006701555 0.349468100610811 -0.217685179360257
0.00453562037489342 0.0403421015590876 0.530615348397627 0.253995836694896
-0.0358405730570821 0.0098949825825337 0.0551582450978324 0.826044675841347
-0.0470825418564986 -0.0716641495090098 -0.684999753918264 0.575812169402908
-0.019013183940532 -0.0623233358071449 -0.639822016984874 -0.0656454518940651
-0.010040001314417 -0.0471057530282757 -0.0565737520401382 0.067216248573636
-0.0542684405317444 -0.00870057268957543 0.670976383214856 0.0677132824524585
-0.0129145239696322 0.0257021245216496 0.654882151999299 -0.633033516039821
0.0444744572405279 0.0353080753583272 -0.168549116105397 -0.856415774076564
0.0574754632147644 -0.00184538960857172 -0.593531884540883 -0.193124219562702
0.00991391438277306 -0.0510562064171916 -0.323662702225724 0.244904567157728
-0.0084414889340049 -0.0412666368426102 0.0411866211266598 0.14867956939243
-0.0176106453293739 -0.0261610488924358 0.17283581099687 -0.127898997911641
-0.0272323820050076 -0.0434578745955304 -0.179228720318016 0.122355165537824
-0.00247960396910579 -0.0268385970314785 -0.025291247905402 -0.164588023096575
0.0268979110733822 0.00450069459097565 0.351771054455034 -0.198487803258101
0.00412510252924028 0.039589178647572 0.518658691117214 0.281675952547404
-0.0408195430025066 0.0125771859245229 0.0118718139706815 0.829375965740724
-0.0525188049403911 -0.0651864368624904 -0.722433187340447 0.538773266354274
-0.0314480906595721 -0.0591096141052481 -0.645896272846203 -0.0933576093215434
-0.0260186199314088 -0.046600698311268 -0.0532388147173732 0.0620098589915365
-0.0680206671479058 -0.00110204131949649 0.668555991929862 0.0403446557526149
-0.0186947140101973 0.0367919147755638 0.616905241119984 -0.667830115738142
0.0433370771176858 0.0391756023182781 -0.210757022947641 -0.844212296539894
0.0559848318688786 -0.00601704432428933 -0.601013054468652 -0.162424511031968
0.00958759957509355 -0.0535686149485905 -0.314401154993722 0.260231288988111
-0.0089985426879342 -0.0392894579616902 0.0470757038031891 0.153541542288437
-0.020078487717857 -0.0245155974849714 0.171018270308731 -0.121189783295085
-0.0283462385350199 -0.0362952994873474 -0.180462261470239 0.129651728187755
-0.00355997565096075 -0.0202071294812344 -0.0234107253877175 -0.157261191692164
0.0275395302487375 0.00580600902976045 0.350160791937375 -0.188138052193946
-0.00181359004530671 0.0350332177706691 0.502378163492281 0.297741752427044
-0.0457965443890425 0.0143693681968191 -0.0223089102861876 0.82590358937023
-0.0568357993901209 -0.0569880775573067 -0.750972636972829 0.509758176007418
-0.0425671634059967 -0.0533567866036637 -0.652164399197792 -0.11369131324131
-0.0406729703133564 -0.0430905545855611 -0.0557114854013815 0.0573841810254635
-0.0775562839573235 0.00929605529171829 0.6602581515532 0.0210432135354958
-0.02140004572727 0.0475230540681859 0.586884913963686 -0.682995326602473
0.0408091457820412 0.0421749249600848 -0.236993029066979 -0.835735538397789
0.0522584081331819 -0.00962765845852903 -0.60486100264358 -0.144448044557188
0.00875394728098768 -0.052473765813552 -0.307581207986175 0.270592293918035
-0.00919286070558415 -0.033868083378162 0.0516928012504825 0.159715150098336
-0.0220714769854561 -0.0174217806886188 0.172518403099661 -0.114981207833219
-0.0118602571323199 0.00268006973650058 -0.169540489496652 0.0994420862391556
-0.00814234679898216 0.0179566592658777 -0.0660937679246986 -0.178467475472008
0.000638849929492501 0.0330020564963238 0.302171487237505 -0.297338030988244
-0.0270193837833667 0.0395044761066178 0.56184339119411 0.100417956434501
-0.0380626692434075 0.00264267677430483 0.249498675097325 0.767747977238309
-0.0294374824487548 -0.0606155088470897 -0.516460460215116 0.726977849695643
0.00148153708751167 -0.0382482567911756 -0.662029941747849 0.0692949951847151
0.0119343464821964 -0.0228146819134736 -0.123572036806193 0.0751538496742283
-0.0233050651954075 0.00928564224604616 0.630737746144174 0.200393597684143
0.0128461138840612 0.0271752370879559 0.795299478492504 -0.450675232422001
0.0320358107905942 0.0212099610654991 0.0338755940270449 -0.886082280189266
0.0213647066172619 0.00144744138871986 -0.55893322095317 -0.344544236920261
-0.00810683713322664 -0.0249000619865223 -0.37735151245808 0.184263898302531
-0.0170131582522708 0.00111091216879326 0.0101003489868199 0.152236133851449
-0.0120696963212567 0.0180755934932886 0.18818229720092 -0.133172327101376
-0.0123547568300996 -0.00943593365534051 -0.172782550140423 0.0984587120406575
-0.00891246612258304 0.00461077700192244 -0.063295304464441 -0.181357305116441
0.00388842357518024 0.0266905191509007 0.308889837747945 -0.29196208962814
-0.0189327488053721 0.0393779559029882 0.563616947867176 0.113316388541338
-0.0344979360780115 0.00228767662755515 0.236388973011068 0.775024788240507
-0.0299639140626384 -0.0691354359709289 -0.527321924432213 0.715988762014527
0.00571803991416256 -0.0479362199628196 -0.652598290785984 0.0570067787260623
0.0192507357447163 -0.028678060374121 -0.110563160096465 0.0777103358855143
-0.0191084667250686 0.000330421533064465 0.64495722820952 0.191860255291867
0.0125384400968732 0.018612047096878 0.787594045103121 -0.468464986678371
0.035873833541362 0.0220909366056569 0.0176876533333007 -0.883388681785854
0.029897874139853 0.00459863202673962 -0.560106157051843 -0.329705207703853
-0.00410388296101762 -0.0295912142086423 -0.36881352253359 0.188910722110286
-0.0145918882965957 -0.0103685216717632 0.0139311937252436 0.147187252346628
-0.011545844622696 0.00734689746477799 0.187537311060786 -0.138303486933757
-0.0135085103470126 -0.0223470664418769 -0.173978053296619 0.100530106625262
-0.0085481403141301 -0.0075237545669284 -0.0565494293769351 -0.182014500780005
0.00810406640837458 0.0207360431029539 0.318255976723571 -0.280209406811264
-0.0111318882541757 0.0403181314666453 0.56155150578506 0.140662672610462
-0.0316274268432709 0.00193177518785182 0.205988499097361 0.788309757827998
-0.0326600357382547 -0.0749211162406068 -0.554098474422387 0.692914888528147
0.00411062297853431 -0.0551549831477902 -0.646898528030938 0.0348947295832458
0.0191826017323565 -0.0359803066682758 -0.0947390785822687 0.0777128616728573
-0.0214720203557456 -0.00680042261196003 0.656603951399459 0.170061878045483
0.00934319599313835 0.0139103026307785 0.768740645918171 -0.503930959081022
0.0395763999245014 0.0247505323711271 -0.0147866633012804 -0.880987713826984
0.0396561939771424 0.00708929651569419 -0.566595719750157 -0.301704346002603
0.000809503258965633 -0.0355479619599422 -0.360283974558251 0.198246270750993
-0.0113874395796927 -0.0209861691197177 0.0206343190526654 0.14376723347699
-0.0107583936104057 -0.005215647835728 0.184376783407974 -0.142263566173645
-0.0165789933694144 -0.0335462317530955 -0.177316319784423 0.101891244645441
-0.00729697411036552 -0.0184306821887821 -0.0481397103927915 -0.180645852654273
0.013746172486864 0.0142229397578876 0.33086210951139 -0.262650519203757
-0.00312385125774789 0.0405743148920586 0.555890284117892 0.176135234488193
-0.0304761530223823 0.00394112255761211 0.163357100186669 0.802685354462462
-0.0362278897579206 -0.0764785564946624 -0.594437518848277 0.658582308392532
-0.000377983607297957 -0.060745919343532 -0.64261874047263 0.00430592945962496
0.0134742788229585 -0.0413356795290218 -0.0793358110645776 0.0758448676448486
-0.0297774373022833 -0.0117836507123433 0.665964128713912 0.138767531757299
0.00126871101918577 0.0135968517795484 0.737161526451467 -0.54667132807091
0.0415570274673281 0.0278009984273854 -0.0638791745116152 -0.874585222147797
0.0485249426236441 0.00537699374379794 -0.57641340938313 -0.267983529791868
0.00574102726415906 -0.041082228347916 -0.348407161271362 0.212190368515812
-0.00979614200765153 -0.0303660266767744 0.0273031367255754 0.143910523790081
-0.0125065508050748 -0.0151785624348515 0.181841014184276 -0.13940155175835
-0.0199228948249341 -0.0418258750193801 -0.178382445573174 0.108888990109133
-0.00580846081368207 -0.0256548807691352 -0.0394244149530766 -0.176100329013312
0.0194258595155493 0.00887350710968289 0.338646174256865 -0.241035377672903
0.0023701751782519 0.0408702411138682 0.546807751539546 0.213712468976783
-0.0323177701460865 0.00647549654976927 0.110220006747582 0.819619754306877
-0.0406538229020331 -0.0764449215453492 -0.640344120147236 0.620815788180874
-0.00785668139340793 -0.0621495519554426 -0.640791832196603 -0.0302166029532301
0.00345110794495578 -0.0451118344386236 -0.0658179929595172 0.07202675550604
-0.0401337826666061 -0.0123482848961489 0.672854949112493 0.100931841120926
-0.00521005967909143 0.0163918166935032 0.697954930331168 -0.596095781558099
0.0438776931252554 0.031314969002331 -0.119750356359336 -0.866464579128076
0.054045194580153 0.00244171171542393 -0.586485171670641 -0.228729104344205
0.00847834953627376 -0.0468580456818911 -0.33505612268758 0.229879824401801
-0.00890039673054505 -0.0380858043360351 0.0340424739404193 0.144924813786929
-0.0137449499224967 -0.0227968092640998 0.176761285907913 -0.137008392323939
-0.0239248938723406 -0.0455237750489355 -0.178884904438819 0.113405831999971
-0.00407859682135285 -0.0292719409595744 -0.0310188344629774 -0.1713663214389
0.0246382480417467 0.00539442799164304 0.347530240353516 -0.2200079123679
0.00489388669488439 0.0403830873716837 0.535214923177412 0.253264024659097
-0.0356600858811465 0.010055132734635 0.0590034123722547 0.827018727510251
-0.0468229158758418 -0.0722637185643854 -0.685565789599795 0.579819796338482
-0.0187848125933839 -0.0614486854617405 -0.643069760850269 -0.0647259404564502
-0.0103478874753796 -0.047071562294876 -0.056616366011344 0.0681577028659997
-0.0546915723852943 -0.00819493799880205 0.673379258725654 0.0667104617968971
-0.0126505321330129 0.0261717708985403 0.652886716188122 -0.638920379239748
0.0439614727852454 0.0355433417858961 -0.173910636018913 -0.855250142326694
0.0575279268096059 -0.00195937435041633 -0.59670866793992 -0.190278911746674
0.00901579063749607 -0.0522047264577729 -0.323315008620566 0.248670938367056
-0.0086695143953947 -0.0406599007124314 0.0409012372771278 0.149840944155446
-0.017287053546297 -0.0261247754706826 0.173013153511795 -0.128517604165093
-0.0271999304297303 -0.0431023157085565 -0.179000610947751 0.121711577925208
-0.00296527425552297 -0.0265047700934148 -0.0258737850066704 -0.165083033405387
0.0278971613685717 0.00531095379921747 0.351979991661179 -0.202074660283473
0.00421836246508688 0.0394042242410662 0.519931134130468 0.278808131173571
-0.0412336346508133 0.0128612899959449 0.015389278746953 0.830628776056039
-0.0523211243698273 -0.0653833571573311 -0.722503572462062 0.5412954104096
-0.0314422261218987 -0.0584052468926068 -0.64694361869807 -0.0915512026493339
-0.0264048971341008 -0.0457427478627629 -0.0536545134453102 0.0628685461590579
-0.0673289367720357 9.17632514809766E-05 0.668807723508956 0.0375154370845518
-0.0181287149424037 0.0366130326567066 0.614699860626831 -0.671127415578839
0.043333052101122 0.0390857154275721 -0.214160488411428 -0.846143263600153
0.0561754052771779 -0.00617762097966375 -0.603593374905173 -0.159361704740912
0.00888574657376572 -0.0537022634353157 -0.31431450397364 0.262851979106535
-0.00920208005566903 -0.0398432781587254 0.0469972141097966 0.154590843908775
-0.0203556606479726 -0.0239817430639649 0.171222445223989 -0.120366555812063
-0.028598511414747 -0.0357282509087104 -0.180113117755743 0.129571546687408
-0.00362003798439876 -0.0196501938483643 -0.024158396675264 -0.157652803885579
0.027784150664518 0.00568536369758917 0.350834342027803 -0.189156707146496
-0.000686425998170551 0.0366203020542617 0.506510818256133 0.295263547398741
-0.0461278488969922 0.0142263929862081 -0.0188488639200539 0.828882006723187
-0.0570871524439046 -0.0574091780417007 -0.752906448797716 0.513910105076822
-0.0425499156506736 -0.0524390993837735 -0.654195174145215 -0.112501043083906
-0.0409762889254394 -0.0431686492817548 -0.0557093454078002 0.058664114723145
-0.077678442307574 0.0101280168119789 0.662765695965069 0.0196194271762756
-0.021248105477968 0.0480785251097894 0.584866845442309 -0.686001597018007
0.0411699016788267 0.0423649947051806 -0.241887505766655 -0.83687656782965
0.0520530025966611 -0.0094576207121565 -0.608501056847827 -0.141981963048924
0.00878907350181373 -0.0525631404308014 -0.307761955358812 0.27329098663523
-0.0100674352807349 -0.033917328360102 0.0522149660742558 0.161011964947725
-0.0224172096648722 -0.017463170202908 0.172160848283205 -0.115557768800233
-0.0119655603397925 0.00293212483496343 -0.169364614277779 0.100158927271519
-0.00728777817886702 0.0185407040860446 -0.0681257389820401 -0.179515116198605
0.00102651151531228 0.0335377071667869 0.300716873430224 -0.299447189418147
-0.0264286196789846 0.0395224664267718 0.564324631692086 0.0974199791388809
-0.0381267070081733 0.00270088584853398 0.254193195169736 0.769284609664493
-0.0287634588187607 -0.0605909486899641 -0.515398656927681 0.730951168422338
0.00124942282342258 -0.037535918235955 -0.662939145503286 0.0701386964789255
0.0116237985739579 -0.023285698733173 -0.124343178808044 0.076134083714765
-0.0229828239258838 0.00987104627031692 0.634762296167889 0.199376108013222
0.0134821943304676 0.0271979818709938 0.794287115289744 -0.455527325956548
0.0320931250984957 0.0205002282832187 0.0294794956907802 -0.888689796703751
0.0217801671444794 0.00160253592920046 -0.56252113487382 -0.343181412902851
-0.00957765468502239 -0.0257406105234097 -0.377567417796531 0.188077785589999
-0.0171267449253261 0.00175097240837133 0.010244136784532 0.153278154578906
-0.0121090329085152 0.0181075528827155 0.187762365713313 -0.133741193083295
-0.0126829196547011 -0.0101137758224998 -0.173515126663375 0.0992659597715537
-0.00819829904342596 0.00558408063229005 -0.0645614665930135 -0.182042272884005
0.00373713916030017 0.0282483731448734 0.307945351730013 -0.294428429528748
-0.0188649380572948 0.0398662197598474 0.564379779740148 0.111285160557
-0.034725985105081 0.00172486139388178 0.241798379623803 0.77781339715565
-0.0301048715053016 -0.0689680256809818 -0.526004301751291 0.71924723583203
0.00583872665233356 -0.0472639830612103 -0.656479330963402 0.0584064149831907
0.0185971491939467 -0.0285820437070607 -0.110193439136102 0.0781344992120058
-0.018652193021614 0.00100340599964137 0.646506275452882 0.188978625209385
0.0133614500178417 0.0185844515316826 0.785215372261491 -0.472990590675149
0.0357678718404705 0.0215622269566179 0.0131453025546744 -0.886071324157074
0.0299495759982909 0.00453146732272194 -0.563868148923026 -0.327625139362271
-0.00450147131859717 -0.0292458233768385 -0.3710834040847 0.192386850366722
-0.0146112858301696 -0.00969595504906942 0.0141239863215184 0.147827097446306
-0.0113394643332054 0.00632254163084334 0.187794036124213 -0.139098806014834
-0.0145448664764866 -0.0226153406175937 -0.173729584505143 0.101071330894783
-0.0086300572913535 -0.00649809111808905 -0.0581663423115957 -0.18202942025939
0.00846990954283363 0.0206513061568802 0.318218471856357 -0.282188982007437
-0.0108726899580714 0.0409750427380133 0.56450344398444 0.137946701610024
-0.0310248899081321 0.00190075533526654 0.210343954813904 0.79052864142871
-0.0328501676624155 -0.074816799414478 -0.553088378266092 0.697350417600622
0.00474245902085892 -0.054046546759617 -0.648141200327376 0.0369387787450002
0.0192948471932227 -0.0358097489617292 -0.0947020707899091 0.0788339505148301
-0.0208768045424621 -0.00623633287293178 0.659699588136029 0.165911756612236
0.0093163460083442 0.0143536666328941 0.766775650948621 -0.508834830145784
0.0393025057689784 0.0237738681111028 -0.0208434637762724 -0.883452355736706
0.0394633407326158 0.00563188008854144 -0.57088492173233 -0.300607395261066
-8.46503893989006E-05 -0.0352070433125067 -0.36046466681219 0.201264242657302
-0.0116026079719606 -0.0209105856985201 0.0199360111955316 0.145163151377779
-0.0107500806121697 -0.00545259385196064 0.184254789917001 -0.142365378461013
-0.0171492136093697 -0.0337864791171044 -0.177297640511385 0.103563518559204
-0.00787142457946077 -0.0173201594584052 -0.0493372399935109 -0.181536002320839
0.0134841495429641 0.0147144454318598 0.329435465931642 -0.265435712061949
-0.00272146045398947 0.041219996363883 0.559130583851157 0.172918712963597
-0.0304251455794611 0.00377612239774599 0.166679805653815 0.805541342219452
-0.0354229598889134 -0.0775525645964586 -0.59397368670245 0.663551446985451
-0.000205419651165127 -0.0593253059830274 -0.645694383812317 0.00552062467229657
0.0137099319302682 -0.0415746035927734 -0.0787614373288859 0.0768111984920564
-0.0289444135921335 -0.0109175125450416 0.668729227333712 0.135629881047082
0.00184447103321583 0.0131820232277042 0.737377586527269 -0.552924638110256
0.0419331990158653 0.027540530881546 -0.0685802269496974 -0.877077958322515
0.0485809362043684 0.00597497425962049 -0.578988604074293 -0.263960398536903
0.00481372939683944 -0.0413270470293465 -0.349071346660933 0.216934453628626
-0.00987102329305206 -0.0307110644901753 0.0264217875168762 0.14432357797926
-0.0127756642993559 -0.0155641848855354 0.180998612306443 -0.139914555192141
-0.0200630783259746 -0.0420541844737968 -0.177714770762866 0.108957360397144
-0.00597683060658894 -0.0252099784935084 -0.0407468730026715 -0.176781006419527
0.0195060083731723 0.00914831817613415 0.337854490576538 -0.243524731779836
0.0019790577880169 0.0415578719218421 0.549335411307117 0.212785839007233
-0.0320115978940721 0.00630385366569512 0.114763096606164 0.821240203177147
-0.0407036986040658 -0.0762049068136669 -0.639938012998589 0.624647841859179
-0.00806002832588441 -0.0616264197166343 -0.643365601916197 -0.0282635366609104
0.00365545397130555 -0.0446310585119403 -0.0654946912730301 0.0732598248716072
-0.0407367254296239 -0.0119434697092878 0.675988774056587 0.0989836798667622
-0.00531664951451353 0.0171497043687368 0.697354543290176 -0.601714633275223
0.0440580006673102 0.0307843930629987 -0.124873620617193 -0.869154844038428
0.0548277454795713 0.00260843273906406 -0.589378438462195 -0.226721953883314
0.00787566005125492 -0.0478010873498105 -0.336163021274545 0.234099154324467
-0.00899164891284729 -0.0371705365256203 0.0344398213203201 0.145563693975131
-0.0140091054568642 -0.0229429991165641 0.176600442421647 -0.13735239755268
-0.0241179584214134 -0.0452909941113561 -0.178176546856553 0.114251709561577
-0.00354663466359403 -0.0276952135463863 -0.0322836291231789 -0.172753896230855
0.0244885265012416 0.00492361555200217 0.346915286506129 -0.221933440590845
0.00587759737116971 0.0420283286006194 0.537537674013334 0.248562073025974
-0.0361546268554714 0.0091000756636699 0.0633647034875044 0.832268132547183
-0.0471308396412164 -0.0724581767801754 -0.685695872848569 0.583867755974829
-0.018903344169203 -0.0598302367907159 -0.644364046854395 -0.0621619574589154
-0.010969013505351 -0.0463896789883491 -0.0564550627964482 0.0692464058027533
-0.0541362333336388 -0.0074108316738398 0.675574349419407 0.0641550539064595
-0.0124825700041666 0.0257691508222998 0.650575689510735 -0.645395631063221
0.0444630732397693 0.0352054912281378 -0.179039888822129 -0.858825664994784
0.057341205931175 -0.00203944991234275 -0.599440544104567 -0.187165495060461
0.00863421039136096 -0.0520333882624388 -0.323113753163011 0.251241580836333
-0.00882757166119455 -0.0407010466951842 0.0414828625939093 0.150389347416235
-0.018135391084844 -0.02637030108464 0.172798929028467 -0.12835511228017
-0.0272073344579669 -0.0433245676142787 -0.178078614761736 0.122177817041694
-0.00253776204163472 -0.025368671961488 -0.0275055126878938 -0.165714472471891
0.0272297140404072 0.00468361580984719 0.351045971417328 -0.202390635404977
0.00455155528733977 0.0398177637424388 0.523111302580332 0.277551913830904
-0.0410504067635271 0.011999799781839 0.0176421262340903 0.835143229172575
-0.0529058554227583 -0.06578368656367 -0.724100163441516 0.548107648472818
-0.0313693416981472 -0.057238196233799 -0.649331881300499 -0.0905052400301172
-0.0263214086381125 -0.0457231631425286 -0.0536701633638844 0.0637994312931
-0.0677955737936697 0.000465834286413946 0.673399731539822 0.0360349089212077
-0.0182204144608803 0.0365694977170839 0.613343684851313 -0.674325953225703
0.0436919547332172 0.0383712663143436 -0.22272260751067 -0.846378499622493
0.0566201064447614 -0.00591068583672519 -0.607200358769485 -0.157546729960998
0.00861732204701068 -0.0544683625328811 -0.314156454258007 0.266889728911717
-0.00947625253234387 -0.0400072467203749 0.0473475031645204 0.156418233547549
-0.0207684078995923 -0.0243752429114333 0.17110068349904 -0.121202711590621
-0.0297800096794288 -0.0363911405911324 -0.179175720003459 0.131308153037865
-0.00264934686862577 -0.0186538033048896 -0.0253812264603203 -0.158815186350231
0.0281756990780746 0.00634817424130143 0.350452876557886 -0.192687798950438
-0.000852966767522223 0.0366845660328292 0.508566493402506 0.29555241380228
-0.0457887613080456 0.0145901871382241 -0.0143630044946813 0.833996995291019
-0.0571348399414505 -0.0570249952333608 -0.753634711702668 0.517086799722968
-0.0419460824161853 -0.051399275677636 -0.656152649589126 -0.111547982790854
-0.0408780423197737 -0.0424889519993532 -0.0550927363587928 0.0599287792893008
-0.0777256904778197 0.0103314303182489 0.664768287713288 0.0171070264966458
-0.0211366786531753 0.0485655774879605 0.582128933614028 -0.691058048846458
0.0415135093764374 0.0419969630361593 -0.248417351395638 -0.835394797779018
0.0520622009602962 -0.0102373934437081 -0.610623525665929 -0.138834235507011
0.00811401598417321 -0.0532237835657604 -0.307192481625707 0.277282415534079
-0.00992944433630819 -0.0339077584985421 0.0524923910365024 0.161965441309378
-0.02274909888746 -0.0176521634068902 0.172681469233704 -0.115294580412917
-0.0120405224761597 0.00253319477324777 -0.169452220439827 0.101808217909652
-0.00694055330269382 0.0190413433119388 -0.0710566038686581 -0.180236863149143
0.0010807466012915 0.033061325830144 0.299309427897207 -0.303545058814537
-0.0266199593735932 0.0400834702176017 0.567124930312887 0.0932355598766507
-0.0380505684114537 0.0024208885392843 0.258670488189408 0.771396020040142
-0.0289625465196142 -0.0610477826233732 -0.513606448152786 0.735394981531865
0.0021191193782784 -0.0364773065176368 -0.667183342715075 0.0740295778761633
0.012203279275825 -0.0226509376989422 -0.123749583609898 0.0774436181075655
-0.0220923230639359 0.0106383367926194 0.637374438396753 0.196825815087237
0.0142584372959064 0.0273251776649406 0.794699893028533 -0.462020962590712
0.0321170153225013 0.0209194035791314 0.0244102484697182 -0.891912932984186
0.0214014323925558 0.00196116948013744 -0.567187585751366 -0.34046192399809
-0.00927865395620827 -0.0253486303210788 -0.377723824789906 0.190906876599972
-0.016488634302126 0.00189357359181799 0.0102106100691345 0.155276578692288
-0.0122371370931517 0.0179478450295777 0.187451235584963 -0.134275462212861
-0.0127636029847818 -0.0100623518327984 -0.172486346205849 0.100058281619577
-0.00809962930026278 0.00665233549650307 -0.0670460258741006 -0.183080283912142
0.00353163883578704 0.0280097339041844 0.306709469918048 -0.298517372956785
-0.0192947591711292 0.0408878707340383 0.567228012232841 0.107798444519438
-0.0342497627906384 0.00137839899309291 0.245644276398781 0.780408794956192
-0.0296900797783627 -0.0692168765117503 -0.524625085357463 0.724511691587272
0.00581442174589225 -0.0465560944796628 -0.656918968464044 0.0622977010478367
0.0187019973012487 -0.0286801575429146 -0.109961718780307 0.0795540290252185
-0.0185133923978567 0.001751914392524 0.651561920888809 0.186861981752401
0.0137419061674911 0.0187651602572151 0.785344856984931 -0.478574221699617
0.0358571876469432 0.0209814375363625 0.00706782405234243 -0.887757439228894
0.0306511389526707 0.00469257713413234 -0.568954280778244 -0.324901052643764
-0.00602570548926091 -0.0296427097685845 -0.369732501662058 0.195662706377782
-0.0145313367705388 -0.00947565934775186 0.0137977011835132 0.150496582155268
-0.011407957975941 0.00636949872557594 0.18754403139964 -0.139767163313891
-0.0141255960516516 -0.0230902796405718 -0.174434233290047 0.102173337404942
-0.00769574765367243 -0.00628769693973495 -0.0599431987083768 -0.182670185922714
0.00827186696793248 0.0209553437989045 0.316163882356358 -0.285776925816884
-0.01055983047822 0.0420715925492404 0.568181113386994 0.135471220933972
-0.0316479020978756 0.00194239423104114 0.216442588438984 0.793137812547836
-0.0327002246117413 -0.0751619980841823 -0.552623186646261 0.702696325852724
0.00480567605685218 -0.0536200708400137 -0.65251535956524 0.0394194226754852
0.0190731725405942 -0.0352239612596741 -0.0945310554183154 0.0802855780326268
-0.0210656231894271 -0.00602011417648156 0.6627499264775 0.163100852059886
0.00968313032118966 0.013972265461245 0.767435353982444 -0.513866567978784
0.0392083039520569 0.023807815858726 -0.0252168711403102 -0.884604800999693
0.0394745738457218 0.00641505650028841 -0.575111884004737 -0.297642342257738
-0.000402587423822178 -0.0356509682407886 -0.362306482344576 0.206363009362789
-0.012082120950266 -0.0206599330688188 0.020062454989361 0.146656650928803
-0.0109840150849427 -0.00556096635962934 0.183518784086815 -0.143876107040911
-0.0174640132415816 -0.0337874574355025 -0.177695698292046 0.103696156178226
-0.00712774530286098 -0.0176446232204833 -0.0521917268148323 -0.181791973971481
0.0133478515286127 0.014744298195584 0.328290827933371 -0.267239160535361
-0.00297272593322139 0.0412796764052132 0.561988666669884 0.170950718958038
-0.0309640613343288 0.00350271736353405 0.172401734260831 0.807319047992016
-0.036516678021731 -0.0767914954950845 -0.592389324122225 0.667244424720032
-0.00022988997764168 -0.0591250824739327 -0.648419997346801 0.00779583523471538
0.0135854100797549 -0.0408292471398778 -0.0793179695211383 0.0781230669131968
-0.0289052048997051 -0.0111456851495929 0.672367325461647 0.131486041347612
0.00204265392053539 0.0141282180949039 0.737217612892127 -0.556166929941309
0.0423787458594491 0.0276705005105891 -0.0753439434690078 -0.879728545938619
0.0485315290143249 0.00533464120033299 -0.584766594077017 -0.261903740462325
0.00457056830979388 -0.0418686932413561 -0.34950033912852 0.220907709518636
-0.0101185425570454 -0.0306019720199183 0.0265028814480767 0.145815163463301
-0.0129164241533458 -0.015853916783528 0.180644458880505 -0.141192908729439
-0.0205865875827487 -0.0419369734168429 -0.177909824124953 0.109862013863752
-0.0053519770492689 -0.0246019202184519 -0.0421849449168945 -0.177527837536114
0.0195820835235029 0.00912239224089653 0.338407153733889 -0.24798025198006
0.00228015766470481 0.0425697247790541 0.552787501533493 0.211474849490273
-0.0320102671807267 0.00592635185413296 0.118986628393648 0.822235727766744
-0.0412609925119443 -0.0764534271695767 -0.640272904415347 0.630866886178278
-0.00802639017467699 -0.0608306610798334 -0.647151736254345 -0.0263051880869651
0.00323747126139246 -0.0451917668954377 -0.0655524722719232 0.0743188504556091
-0.0401533193265557 -0.0110171589611265 0.680119317330011 0.0961686333480521
-0.00471734210516921 0.0173872691069889 0.697022481167323 -0.606147563180182
0.0438168269999136 0.0307883255564919 -0.131411637431622 -0.870119135339102
0.0549115821955501 0.00246774980701741 -0.593400965751201 -0.222917174169643
0.00684058311713082 -0.0481052368357291 -0.336126021221834 0.238214553457707
-0.00967185118283505 -0.0375192485444744 0.035301245272164 0.14701371994059
-0.0144244480078762 -0.0233818910909004 0.176679813141063 -0.138319490901964
-0.0247015986902253 -0.0455777644078816 -0.178172436289838 0.115130116117861
-0.00383670733877488 -0.0275541160451297 -0.0344527738113793 -0.173005064502332
0.0247494556964868 0.00586989300428076 0.347958631666149 -0.224343008611517
0.00536369013216623 0.0420399011490441 0.541707259523068 0.246646662708083
-0.0361229483153777 0.0090669727887277 0.0676815116879544 0.836137829234813
-0.0477144147179792 -0.0723673681107555 -0.685919693677443 0.58942882623751
-0.0193487403338443 -0.0597375110067764 -0.648325642753802 -0.0600615452248453
-0.0106537507702279 -0.0470394441112265 -0.0558512391844974 0.0704091976996807
-0.0542975511691462 -0.00649621746636141 0.679615763712463 0.0607180416659752
-0.0125926097099406 0.0260161284857434 0.650142275451732 -0.650346722440777
0.0451788151695681 0.0343992361056491 -0.185682018333134 -0.859147052609198
0.0581218826844679 -0.00265839421082937 -0.603611972263321 -0.185365533870155
0.00811299393010184 -0.0520927710232512 -0.324077501580444 0.255664103846254
-0.00909423140111671 -0.0409025458817377 0.042282845858216 0.151740536185323
-0.0186000166045595 -0.0260604507772735 0.173146245807189 -0.12885607406726
-0.0278078294346318 -0.0441606964549128 -0.17801955459797 0.1244520226213
-0.00245200235304923 -0.0249736767583836 -0.0279736600531979 -0.166240656110913
0.0282014050366301 0.00458613833998348 0.35145022832451 -0.207171338496343
0.00415727788731695 0.0406233765980922 0.527223351273832 0.275346172320134
-0.0405328220153912 0.0118770441823842 0.023117520079011 0.83956556355127
-0.0528337967377043 -0.0661873795022817 -0.726623947397475 0.553459755531346
-0.0314495961712777 -0.0559822685771208 -0.653877569685185 -0.0881561205579881
-0.0266715079913669 -0.0449520362056721 -0.0535790830272244 0.0653656603394421
-0.0675834342183921 0.00113989148918036 0.675991422860076 0.0322397663546907
-0.0180007720524403 0.0370538947331264 0.609905932000056 -0.682519001859966
0.0444964679541909 0.038273945628086 -0.229340201908012 -0.849419306004904
0.0572766590032809 -0.00665027963268858 -0.611073388900232 -0.153672652589516
0.00675981868510796 -0.0541942841189432 -0.313969036911419 0.269786524990716
-0.0101208387526927 -0.0391469456312549 0.0483960645794125 0.157092599707428
-0.0206474010750143 -0.0248514789417537 0.171029744976889 -0.121685772543706
-0.0299926366494888 -0.0363960143673707 -0.17890301904494 0.132389026039337
-0.00283073359062419 -0.018546678932082 -0.0268673769604666 -0.15952722675868
0.0279236029383821 0.00617890509422398 0.350583694808289 -0.194093323344567
-0.000813944693189766 0.0373522365844701 0.513811184278458 0.291449510364371
-0.0460431709536363 0.0141886474463948 -0.0112856572032083 0.835591827738113
-0.0571246673547344 -0.0576634518079562 -0.754396278026719 0.523095952043166
-0.0428177931825207 -0.0513415870529346 -0.66047247880156 -0.107550259528377
-0.0410300479314066 -0.0425560275416135 -0.0556752477984786 0.0605905693560423
-0.0772858033178682 0.0107893981776017 0.66747250207019 0.012703016527109
-0.0203306572724365 0.0485746421034391 0.58177527101529 -0.696580248632484
0.0417578322041025 0.0409696506923078 -0.255937239988775 -0.836551053505405
0.0525862576166031 -0.010314471522805 -0.615290248869568 -0.133471222404178
0.0065215235845242 -0.0530937892379937 -0.307132454809015 0.281502204107365
-0.0102718601596533 -0.0343248720475255 0.0539693390281613 0.163523410473279
-0.0227043665221611 -0.0178436233765678 0.172717801842052 -0.116181905086008
-0.011554218115323 0.00252955541313316 -0.169416374628285 0.102467257721908
-0.00610132532710796 0.0199496613211408 -0.0727748291619413 -0.180728241563916
0.00148221722847944 0.0338536585755534 0.298515159208927 -0.306668694738639
-0.0271140119549262 0.0401605685746357 0.569671589403002 0.0913943609496438
-0.037830791002897 0.0022611180795847 0.264709893767825 0.774266361054387
-0.0296306804030427 -0.0611068883489677 -0.513199160944091 0.740798071691007
0.00253875085997999 -0.0366092729539127 -0.669892829061376 0.0779984658241908
0.0118747892690436 -0.0224125394178348 -0.123842753422733 0.0790152441321934
-0.0229656885931854 0.0105006327594194 0.64309385278911 0.193482676671719
0.0138562405522518 0.0271971679795419 0.794521617934576 -0.468109164484459
0.0320013099175222 0.0205172852019347 0.0156422273762773 -0.895978492284982
0.0216088962678687 0.00194196456384592 -0.573173183715175 -0.338867794935401
-0.0104060674832777 -0.0256111466363525 -0.380557925030156 0.196115948806629
-0.0176675780756886 0.00173310058957997 0.0106903712762653 0.156727114310546
-0.0123525450561991 0.0181760959068357 0.186990678539241 -0.13498033192716
-0.0119918264213534 -0.0102839702412562 -0.173666576287019 0.100941147778503
-0.00714754396156908 0.00683776876832647 -0.0694364964915776 -0.183586146027019
0.0045803397388327 0.0280395236428446 0.305483353089837 -0.302204615420516
-0.0182430760221648 0.0415264786310615 0.570980041991711 0.104770201679846
-0.0346522917202355 0.00109732044442235 0.251819997378996 0.782802179166223
-0.0305876522121285 -0.069106839188179 -0.523109111573318 0.729593452369966
0.00571455003381507 -0.0457562633176441 -0.660107587517307 0.0655752961327678
0.0185633748351135 -0.0287334419787295 -0.110055929935911 0.0809011415386784
-0.0182342063024656 0.00207834925934334 0.655614872577812 0.183876750150374
0.0135389762288769 0.0184594531703447 0.78510960583166 -0.485629218815205
0.0360699034220976 0.021114929421558 -0.000100860846496821 -0.893429036481952
0.03032277777807 0.00440740836563448 -0.574360507354464 -0.322847100453713
-0.0060715785612491 -0.0300314052680202 -0.370698779053629 0.200345423617907
-0.0158332870765757 -0.0100583097436442 0.0141986000892622 0.151637567828968
-0.0119473428785991 0.00675910426620861 0.18721100486688 -0.139828597628249
-0.014137686254126 -0.0228084308014753 -0.173968813375829 0.103721581046618
-0.00768557982933511 -0.00543190387163739 -0.0627079046689524 -0.183484733027316
0.00855927655730108 0.0213062479254024 0.314906207199838 -0.289541955018239
-0.0102379796464106 0.0417627203692915 0.571148229762053 0.131773179985346
-0.0318065801322452 0.00149201546723339 0.221879012601195 0.79700065276034
-0.0325296180292986 -0.0745553626308112 -0.550962424670021 0.707113748354984
0.00453319902445365 -0.0532672302499585 -0.655878472856084 0.0442682683524135
0.0184622634644638 -0.0357721719676972 -0.0942108880329052 0.0818416524110016
-0.021297183743507 -0.00557108023291755 0.666754627980268 0.160503914128487
0.00965194215050728 0.0136611266715268 0.766066350250686 -0.522270193858485
0.0395734621550987 0.0234849630396972 -0.0342222127851948 -0.888080312404264
0.0397420015835745 0.00655126221007248 -0.580313792707113 -0.295073759698547
-0.00143458920268286 -0.0357280169602175 -0.362862114694951 0.210879065136831
-0.0123094688777919 -0.020860894418934 0.0203619230689049 0.148049548408825
-0.0113380211869164 -0.00538787329939269 0.183251018261737 -0.144266631743853
-0.0176994523550879 -0.0337412638458854 -0.176890479740923 0.104686272359455
-0.00656386290250345 -0.0171386468449888 -0.0536456620219276 -0.182733493882177
0.0141750868588432 0.014595258730514 0.32916181248091 -0.271893802721096
-0.00229752684227011 0.0426229212488812 0.566873755811487 0.165601724469928
-0.0304357597793628 0.00348019518880655 0.17774351960911 0.81252991534615
-0.0374523242893337 -0.0766134826758351 -0.592374289040429 0.674109037871231
-0.000365762298196291 -0.0579714868639214 -0.651862501227463 0.0117077480959357
0.0137438257668538 -0.0410963518271108 -0.0788204538598466 0.079213130221231
-0.0297462555638524 -0.010321963982632 0.675519900796432 0.129656650635439
0.0027764158706978 0.0132241064489486 0.736128779470993 -0.565193395769158
0.0420255422486889 0.0269910392276282 -0.0826379768680018 -0.880369271916064
0.0488356132543303 0.00482344803530918 -0.590844999717023 -0.258333652568806
0.00330036656912944 -0.0418994998268831 -0.350535019043679 0.224019104832646
-0.0102596020099127 -0.03094112464906 0.027086641236317 0.1473577367883
-0.0131986574431608 -0.0159610316283772 0.180540399476189 -0.141132723634162
-0.0201172691321352 -0.0418571727487498 -0.178076058325388 0.1115249802864
-0.00556222048380533 -0.0238006232481342 -0.0441639295374456 -0.178488324163469
0.0205072781830826 0.00957658196123132 0.33756569823955 -0.2512328231057
0.00315723707683695 0.0427061829302649 0.55733140422918 0.207366225603753
-0.0314462579556759 0.00623403490318663 0.125330978769762 0.828251090150749
-0.0412690048877322 -0.076819138486425 -0.641058190798494 0.635291275360283
-0.00854282235073629 -0.0591909815622216 -0.650315240931478 -0.0227225648595036
0.00327268006641624 -0.0447899599786526 -0.0653675010884431 0.0755578006155586
-0.0404348518379325 -0.00995691843706084 0.683475041085501 0.0928906464831041
-0.00523663470125278 0.0173913987828557 0.694160609348808 -0.612174367193502
0.0445407581479065 0.0301763510294105 -0.139662221772259 -0.87396842130351
0.0551177118636947 0.0016348695627938 -0.600123793515436 -0.221403702611799
0.00624078407487878 -0.0479268442397968 -0.336106157958452 0.241938716607514
-0.00953591179282129 -0.0376669981251117 0.0349137176830293 0.148248273045866
-0.0149611993978596 -0.0234111912205318 0.176350846561855 -0.139059933566033
-0.0252556526500546 -0.0455459901299164 -0.177938947421854 0.116752779105227
-0.00301483874561282 -0.0268915017123893 -0.0355601940240333 -0.174167944191219
0.0248857997156974 0.00604527506756946 0.348098772014658 -0.227593526024731
0.0057621886347286 0.0431778919434798 0.545605738101492 0.243586127955428
-0.0363478274772496 0.008985332596362 0.0731051436756395 0.839557272253956
-0.0475975092965754 -0.072506926270869 -0.686524785696737 0.594793741050562
-0.0189091749463961 -0.0590001150024157 -0.651483049897485 -0.0577857724958329
-0.0111752667848486 -0.0459842589594844 -0.0560244557867129 0.071197133191303
-0.0541861165649231 -0.00665908951136891 0.681955096790734 0.0571340269234317
-0.0129481009326779 0.0264182313939759 0.647564615592286 -0.65533520338854
0.0454910495084007 0.0343103968802422 -0.193111759136776 -0.860820447799954
0.0585920726134986 -0.00284327429576602 -0.610361303071115 -0.181368948425115
0.00685174127067991 -0.0526182212702386 -0.322659357705779 0.260311053957442
-0.0103188564984916 -0.0411593070241475 0.0427697711670953 0.153437810317091
-0.0188306160382882 -0.0262288543924801 0.173265471913721 -0.129079578800872
-0.0284963137530875 -0.044222691836805 -0.177672049696407 0.124880938020034
-0.00193768791626782 -0.0244318006456672 -0.0300372646602877 -0.167041403444793
0.0281413053405376 0.005250960815867 0.353084834752979 -0.209570074270395
0.00409660100576451 0.0413467442265633 0.531706750449317 0.273136947061616
-0.0411167412957847 0.0117185801583871 0.0290401061949963 0.843518035582009
-0.0530443658005815 -0.0657382310675688 -0.725957053184064 0.557973767717974
-0.0314254059824029 -0.0554921773149243 -0.655763449277868 -0.0849863657766298
-0.0272919571717598 -0.0447575293835885 -0.0530667697968738 0.066561612601277
-0.0670133907815033 0.00174777556507137 0.678851595053272 0.0278962436268712
-0.0179242622869703 0.0375692018541414 0.608520299532872 -0.68726729364116
0.0443557745801466 0.0377721133337381 -0.236123422365857 -0.848581619545591
0.0570717967926319 -0.00683150530313702 -0.616396850060272 -0.150299424807154
0.00637260799713144 -0.0543168997574505 -0.313564474570938 0.274906726499209
-0.0104809070542995 -0.039892509004263 0.0488585321018879 0.158517968908542
-0.021575125901872 -0.0251933254002093 0.171093906186075 -0.122065793373289
-0.0304696873446025 -0.0365456992589761 -0.178605730330347 0.133146984465303
-0.00237162499184728 -0.0175065085144427 -0.0277030955349005 -0.159771116208822
0.0286117304181277 0.00639126230244681 0.352074571626857 -0.197187293201139
-0.00105451768651722 0.0380448977755721 0.517377409591475 0.28937579722041
-0.0459300051920972 0.013770251339423 -0.00487446478878692 0.84145418243786
-0.0575718099333174 -0.0576446614194037 -0.755574897438606 0.529743658690133
-0.0426754521314914 -0.0497658197283173 -0.66406767410485 -0.104383473826678
-0.041672084493479 -0.0413550492572389 -0.0549721684158332 0.061542244487197
-0.0775171354440675 0.0119051459936596 0.670856978414796 0.00892454562562597
-0.0207797520150497 0.049001775006702 0.579996920156235 -0.70281587862374
0.0426724482034539 0.0410907573318969 -0.263948792985318 -0.83739778722148
0.052090325805804 -0.0110428620962094 -0.620234287235264 -0.129825407252965
0.00620044018943832 -0.0536118030325007 -0.306712661620778 0.284999127711889
-0.0110637407707787 -0.034024716179851 0.0541906760382902 0.16499583525776
-0.0229722336722183 -0.018130323999864 0.172355666786422 -0.116151706844208
-0.011627683072044 0.00249101769494331 -0.169713293996136 0.103841044690913
-0.00555509151433466 0.0204225821413826 -0.0747968659235387 -0.18118047900077
0.00202036678959992 0.033901721191034 0.295668878879306 -0.310484118658643
-0.0258928657408768 0.0414592030321606 0.574533454719632 0.0861429933973713
-0.0387490010920478 0.00191674104883515 0.272956740375144 0.777399466207696
-0.0291042571937646 -0.0608277088726581 -0.510525985045841 0.749214266825137
0.00209897050966639 -0.0360063778637903 -0.673751128548518 0.0821313623870945
0.0118878731485344 -0.0220864893579113 -0.123803284807405 0.0807492576399895
-0.0225973511462474 0.0109842520615518 0.647631402048886 0.188435722570818
0.0143158462926051 0.0274905808223297 0.794525396561281 -0.475591554864596
0.032167723867312 0.019622909813163 0.00968242238968509 -0.898853651438713
0.0218770448480078 0.00205846182281055 -0.579534417613301 -0.335805587157239
-0.0107094743083308 -0.0259776209129165 -0.380601662881709 0.200989488120284
-0.016882139336273 0.00219805124401209 0.0113096744061129 0.15842356963324
-0.0122162512900885 0.0179076357613858 0.186484429868928 -0.136330644778181
-0.0126500869788935 -0.0104524398281014 -0.173394087566004 0.1029266219487
-0.00685297535655649 0.0076064813057702 -0.0721508895889068 -0.184023730961321
0.00477078056594003 0.028711297124136 0.304409501875277 -0.306024099580162
-0.017775741602229 0.0416235559091875 0.575699981942317 0.0994643078846443
-0.0350862905453483 0.000560683814447769 0.259987388283778 0.785546803752172
-0.0305138204223627 -0.0701002323231739 -0.523397771564741 0.738137445956353
0.00613977448736065 -0.0453094113433146 -0.66361394858348 0.0702491965976434
0.0184720540054701 -0.0290457881000944 -0.110424130710696 0.0829256348782932
-0.0183978659796504 0.00272763150281993 0.660682751065979 0.180242909096064
0.0141455290888087 0.0187297868911358 0.785506743584744 -0.492307231501811
0.0354925603806055 0.0202243461173729 -0.00612407810108206 -0.896472420263179
0.030116824369813 0.00434195120032914 -0.581387069710471 -0.319944847202211
-0.00646869719590691 -0.0296837791321857 -0.372190923021896 0.20437048515028
-0.0152301039843141 -0.00976144605034621 0.0144222135582734 0.153554470358553
-0.0114890037495677 0.00669336117618712 0.187181821694807 -0.141755015370326
-0.0146335730462131 -0.0230877943702464 -0.174446930167106 0.103949391568817
-0.00705761051593708 -0.00505051747739055 -0.0650501330080994 -0.184355704041207
0.00926475953226273 0.0219985722860649 0.314238817994573 -0.294381600052419
-0.00983547084781235 0.043059409744344 0.57385838043595 0.127041785098622
-0.0323170536579234 0.00112814843643237 0.229627612449329 0.800290000263764
-0.0329087260044053 -0.0756733899075219 -0.551043891497011 0.716444553830495
0.00468437183252687 -0.0524712620000052 -0.658710838030886 0.0473443884549622
0.0190983246935668 -0.0350103397822761 -0.0935893409874664 0.0834363988066088
-0.0209606485660964 -0.00502306713526792 0.673158348439446 0.157507414153989
0.00973230846720216 0.0138729280132403 0.769982317102852 -0.528502231928139
0.0397584538122594 0.0230086674627084 -0.0421559641124416 -0.89092890309858
0.0402602991428758 0.00578547885664423 -0.587728687317345 -0.292445057030192
-0.00205024277839025 -0.0363266150165969 -0.362154339053988 0.215482198769445
-0.012933370645197 -0.0206793742441186 0.0208927444271344 0.149851344659927
-0.0115648161930991 -0.00559769202748473 0.183298153073871 -0.145694761532195
-0.0182568036427832 -0.0340995910379583 -0.17747780680778 0.10627712887865
-0.00625920885519491 -0.0162280584360132 -0.0569141426453636 -0.18398564238662
0.0145005704727175 0.0151219110426179 0.328156617749644 -0.275872673733158
-0.00207765319340957 0.0427164441705649 0.570868249623126 0.163532031218954
-0.0306117635484019 0.00293341352474842 0.186132647164635 0.814243445837858
-0.037047753799793 -0.0771975923268832 -0.592824135848904 0.682737343218908
-6.14514861454942E-05 -0.0573999707213322 -0.656939393253062 0.0153164136796938
0.0131459807616517 -0.0411217962259326 -0.0784886677557636 0.0802192630103335
-0.0287371945650687 -0.00965608235892882 0.681873294555555 0.125676794417249
0.00276631111422265 0.0137925051861259 0.734004601883852 -0.572356722043686
0.0425887630667757 0.0269886958944184 -0.0907159893749881 -0.88420976257122
0.048833398201999 0.00468107904594574 -0.594962834564122 -0.256428759627558
0.00258882179068168 -0.0419730229118302 -0.349627479241266 0.229559434522013
-0.0107417214575845 -0.0305248912557709 0.0270818797616319 0.148754660105703
-0.0131427764555921 -0.0158890964257368 0.180353017157004 -0.14202580969797
-0.0212566019087557 -0.042190543523302 -0.177758941758931 0.112610459192506
-0.00488828316225576 -0.0231202318543795 -0.0464483938807816 -0.180093639077772
0.0199057762293816 0.00954314005890284 0.338441632763486 -0.254434038796316
0.00328121216931979 0.0433805547110611 0.562026186274471 0.204544187617633
-0.0320684868963519 0.00532438938507382 0.130692514276605 0.832574360936595
-0.0414619406907493 -0.0771162378377734 -0.640488854661896 0.642948368598406
-0.00791927087602171 -0.0590067706586205 -0.656081219080784 -0.0192542465512172
0.00331982631024054 -0.0450263893646968 -0.0657984580258987 0.0783100481474507
-0.0404275006212598 -0.0101281108906374 0.687577977338665 0.0891577874686291
-0.00496709286816203 0.0175600359363528 0.691905947899101 -0.620271262695683
0.0444084989915266 0.0293366539363061 -0.147717529880514 -0.873417987972166
0.0550354768430336 0.00156254448247091 -0.60412151078479 -0.216389384131763
0.0052122546402103 -0.0485540427299579 -0.337254661550519 0.246168396032838
-0.0103525173210866 -0.0379997253565891 0.0355626605058137 0.150159627520584
-0.0154965301916846 -0.0231727675940314 0.176588988584236 -0.139827751264681
-0.0259877458569175 -0.0460438854230756 -0.178256455576387 0.118067952792484
-0.00236347214938811 -0.0272735226690435 -0.0380147923487136 -0.175385593228578
0.025691522996357 0.00667117189381738 0.347293648937172 -0.232917623725658
0.00591673260029621 0.043789736407957 0.550987909352165 0.241842277855294
-0.0361544883720465 0.00867715910604162 0.080578735974609 0.843918315633876
-0.0476918460239581 -0.0727290683706899 -0.686902322133897 0.601926774712901
-0.0194848545056561 -0.0581890055736312 -0.657367714646248 -0.0537278644949121
-0.011329736525692 -0.045540480511255 -0.0561124252541026 0.0727661558362562
-0.0539401259199919 -0.00610116079040036 0.686567500830435 0.0532684175674703
-0.0122359406670861 0.0264530809380351 0.643617743510711 -0.664535949140614
0.0455779235138037 0.0335444875937822 -0.203007187248439 -0.864224775805417
0.0583558903546305 -0.00326836775540295 -0.614717175399777 -0.176285205742928
0.00642659271751804 -0.0527769672691719 -0.32407057922136 0.263728153070622
-0.010871475046182 -0.0411606685917183 0.0433684343704029 0.154714504418937
-0.0192665635030819 -0.0264972731386241 0.172939457061392 -0.130559885436205
-0.028930488989862 -0.0434750836881643 -0.177394608043274 0.126393662535417
-0.00162144765657269 -0.0238706516971932 -0.0319689708652372 -0.168025531453734
0.0283211200631835 0.00521011298829351 0.35284698886354 -0.213999966411192
0.00361484045225618 0.041961851740861 0.536883133218041 0.270902340019909
-0.0404679500767499 0.0119129186217591 0.0341722275946617 0.849199751937987
-0.0534749333570668 -0.0664527711365617 -0.728351806884924 0.566449595866282
-0.0309503777998719 -0.0544325174673112 -0.661100865923671 -0.0812615557724343
-0.0273232139789415 -0.0443081783515834 -0.0526584375886744 0.0679433721774096
-0.0672134309729447 0.0027022079947703 0.683201058105683 0.0246844442352026
-0.0178104444487611 0.0380833226326215 0.606931693605318 -0.692228072679171
0.0449479761043158 0.0372927397948037 -0.24468413220013 -0.851498920245715
0.0573598257680344 -0.0074722886880558 -0.620241342629479 -0.145690750023329
0.00626536685963995 -0.0547353827477854 -0.313431670116163 0.279176203217063
-0.0105185425677056 -0.0401660362669792 0.0498128755061261 0.159362717167278
-0.0217435068885 -0.0248433434441301 0.170865850476323 -0.122787382953734
-0.0305838469017956 -0.0369423084398703 -0.178123786634815 0.134849819222202
-0.00155074717467121 -0.018021531242811 -0.0295905063805264 -0.161287433405381
0.0288100240570914 0.00614683950301688 0.350753084246416 -0.201322442988401
-0.000146368632326123 0.0389015425464747 0.521859268914678 0.288528615085485
-0.0468416199622268 0.0140747856929635 0.0015878290818454 0.847654537726034
-0.0583349923581122 -0.0579656921513835 -0.757259856362555 0.537237112329484
-0.0423576687566785 -0.0489835823891672 -0.669587359609632 -0.101983300208513
-0.0419742723211691 -0.0412619004117761 -0.0545160938245737 0.0632811605073099
-0.07770876600945 0.013004392054294 0.675846938801869 0.00593865955477528
-0.0200904282747787 0.0492631057321056 0.577354679202031 -0.709052238673773
0.0428648268073717 0.0410066226031802 -0.273431878838885 -0.839678347564635
0.052527537069123 -0.0106212232892809 -0.624933032284896 -0.124401640921913
0.0048969571212757 -0.0542586644126618 -0.307366947586032 0.290736283704904
-0.010361627364691 -0.0342225460088795 0.0556982325402862 0.166020027520598
-0.0237587969020632 -0.0181383961171451 0.173690979224266 -0.117519023889058
-0.0122276598054003 0.00236782984327632 -0.169296775715886 0.104886183869174
-0.00530099145466543 0.0214127363578545 -0.0781325125505224 -0.181270969401058
0.00236984076997863 0.0347873781159044 0.295155832012855 -0.31499644770433
-0.0258262173982742 0.0427709855365069 0.578085681164436 0.0808320037734653
-0.0387021319777099 0.00159131720359454 0.281702348371362 0.778877484286381
-0.0298163530152392 -0.061398483022857 -0.507779683551194 0.75578949073249
0.00240974400791668 -0.0355335330612206 -0.676210691186655 0.0886186544756034
0.0120301134643023 -0.0218150898123645 -0.123334788251809 0.0820287625868489
-0.022297339406028 0.0113903878830761 0.652409938678055 0.184218866998811
0.0147086826180895 0.0272290215478045 0.794480854243355 -0.485184536506492
0.0324664904233045 0.0194358413141864 0.000533198524298607 -0.902856592964186
0.0217916707555529 0.00135993552111607 -0.586446804653225 -0.332764517237042
-0.0114774543822792 -0.0252152520722804 -0.380958075086041 0.206522720923071
-0.0174094283948535 0.00212862456041873 0.0116880032043406 0.160349626435516
-0.0125819781929974 0.0176421567653502 0.18577524883972 -0.137666589399008
-0.0124533848546023 -0.00940519848448955 -0.173048808076531 0.104024840697061
-0.005083837769883 0.00811847460582273 -0.0755607773686097 -0.184587853486675
0.00493995543755007 0.0290882296842074 0.302131898100682 -0.310096142790758
-0.0174994158305902 0.0425260108941627 0.579600051982577 0.094198583457538
-0.0356755943006118 0.000949581498043545 0.268991300431749 0.788369953780594
-0.0305358857518042 -0.0702409161367586 -0.521202062938192 0.744275227964222
0.00587781976588305 -0.0443312149144817 -0.667002812269972 0.0756082867693487
0.0192751780728989 -0.0286228389244149 -0.110123669879898 0.0845369245627136
-0.0179722258071805 0.00238636415428584 0.665068259511479 0.174278379803311
0.0143005581611488 0.0191168419403604 0.786244201610983 -0.501255622293814
0.0358069846328985 0.0199941621328445 -0.0160358264621206 -0.900186137273964
0.0303236384096101 0.00333112011268139 -0.586739115521196 -0.313686058626902
-0.00774026694949993 -0.0300405404557387 -0.372839835727569 0.210269110425954
-0.0152668372257207 -0.00904755323726226 0.0157850608202495 0.155270294286884
-0.0120168965593231 0.00675493852798008 0.185754014542123 -0.143271643161512
-0.0153123295499878 -0.0229370106680131 -0.173775253557727 0.105917151979819
-0.00673559733186304 -0.00385589786595655 -0.0672644127833025 -0.184413637395159
0.00967346536563518 0.0212489316231221 0.311707120122602 -0.298254613967751
-0.00946600106185002 0.0434799376213738 0.580169133461752 0.122338006469657
-0.0319579348877725 0.000857476117600692 0.238111133906255 0.801510053689397
-0.0334879303341263 -0.0756056899796866 -0.547942335059486 0.722915131203987
0.0049448481259771 -0.051625086792205 -0.660986528437081 0.0532747878975384
0.0190371649154408 -0.0353044259795168 -0.0939972392280275 0.0842719573404469
-0.0201518540587043 -0.00494455591137898 0.676714405507402 0.151497901314159
0.00977339298256606 0.013839883300946 0.765826285007256 -0.537079452778446
0.0398995098424521 0.0223741964747071 -0.0508724303801587 -0.893213290191305
0.0402238512125602 0.00597148135292563 -0.59323195520171 -0.286458887909827
-0.00260206151954333 -0.0361165809537684 -0.363650418896811 0.22047249105099
-0.0131574870556454 -0.0208066174796104 0.0217454646371382 0.15132524457742
-0.0116264069650891 -0.00569506908442336 0.182517017472646 -0.14771761442721
-0.0186180711820447 -0.0337488773712638 -0.17721909623945 0.107403194687545
-0.00553205686496764 -0.0160417849580745 -0.0587180700510688 -0.184424512210795
0.0146659479770461 0.0161005583339745 0.326398380107663 -0.281214355309128
-0.00193984746567919 0.0439003154959395 0.574987897146194 0.158755453948147
-0.0307771575730287 0.00278566295535877 0.19440164958904 0.819150828303553
-0.0373238169693751 -0.0777470728076821 -0.591020462713349 0.6896841132367
-0.000613014441619313 -0.0571147064495907 -0.658767165556497 0.0208474015392347
0.0133453652340574 -0.040769318521303 -0.078560949262607 0.0816936365935908
-0.0291500329638425 -0.00929369435251234 0.686125085008517 0.121787304089787
0.00242366395732201 0.0137578612112893 0.731472318223334 -0.579222089681268
0.04290534096627 0.0254590572839516 -0.100289822251729 -0.885279396274033
0.0498522158885384 0.00388806791458501 -0.602251086865353 -0.251368945450836
0.00189127602433464 -0.0421460228138125 -0.351051394363567 0.234438793925007
-0.0114699614613062 -0.0309573478801224 0.0287757119553602 0.150178606880077
-0.0135941969924025 -0.0160224118425125 0.180590199470022 -0.144516480785222
-0.0217601884405152 -0.0423016355002912 -0.177427218884856 0.114101939462506
-0.00539155012478762 -0.0225931557255161 -0.0482453365352306 -0.179748832602202
0.0205487462941085 0.00960813495114718 0.335814864507134 -0.259313138780174
0.00370369181373978 0.0439488661254794 0.567201105658202 0.198445263424998
-0.0319250423819799 0.00450994407254245 0.137788299121909 0.836228666749195
-0.0418641212685349 -0.0772168831726727 -0.639865241602715 0.652211196186569
-0.00854610640606686 -0.0585822209361138 -0.65779468360622 -0.0149184134903024
0.00297720888265721 -0.0443655011396769 -0.0652895353364037 0.0785744639356003
-0.0404989094618221 -0.00977243177122474 0.692611943232807 0.08390448712355
-0.00514024174117129 0.0175658174161317 0.689781795146819 -0.630063622005188
0.0448504921467266 0.0296575193727271 -0.154482144884624 -0.878630149121179
0.0558466487500613 0.000926492653665293 -0.610810059587894 -0.211241749553982
0.00458494070881511 -0.0483616595482372 -0.336756811256697 0.251434045224167
-0.0111812103632187 -0.0380506983232185 0.0368510202048749 0.151298286504263
-0.016135462916651 -0.0233974669609071 0.175635474317947 -0.140913731719568
-0.0264769749625904 -0.0453841740978674 -0.177218229750359 0.119252407245589
-0.00201098031892976 -0.0261814539279868 -0.0398512992350665 -0.176265396305113
0.0249452231263322 0.00636503925824026 0.347176027266579 -0.237442119126165
0.00637834413784349 0.0433358034558875 0.554874847347543 0.235692244675869
-0.035955593621555 0.00826541719977864 0.0864974523167141 0.848506661201366
-0.0490946296754137 -0.0728418568058501 -0.68456392063507 0.612723922181723
-0.0193100410724626 -0.0570556170346629 -0.66199214294771 -0.0482793945097693
-0.0109320125160799 -0.0454406320734666 -0.0559193974206351 0.0740986097152441
-0.0541894180559616 -0.00484362279998651 0.690235424321189 0.0475288698155251
-0.0125019256296999 0.0268262104911859 0.640358635826179 -0.671142243273044
0.045397864986947 0.0331302263260198 -0.211370362317949 -0.863158048599499
0.0593020345389256 -0.00410001342379111 -0.620146444132168 -0.172585724819513
0.00516072009904441 -0.0527515881589096 -0.323257152071205 0.27001423179683
-0.0103497448442014 -0.041846626739842 0.0446395615308948 0.155350651630571
-0.0200088009148437 -0.0264671419450687 0.172845401385715 -0.132402653705439
-0.0293756084629498 -0.0437410655058878 -0.176501709918484 0.128242271136389
-0.0010330845001539 -0.0239138306951704 -0.0344818441604057 -0.168737817638939
0.0288920455990776 0.00467528332872647 0.351990170352784 -0.218946434012732
0.00543578697298035 0.0430210418872289 0.540974820474247 0.266191671984492
-0.0411527387540318 0.0121280372635483 0.0420566214919997 0.855265452826049
-0.0542968909496514 -0.0662386247143323 -0.727433135275605 0.575528923439611
-0.0316114479858777 -0.0534434623329306 -0.664808520072933 -0.0770597474621274
-0.0277535185255093 -0.0443485439007613 -0.0526826491010046 0.0690246269158281
-0.0671572241658427 0.00346010987495089 0.685321602581271 0.0198448317261944
-0.0173042479574918 0.0384702783591633 0.602232522094435 -0.702563626889835
0.0456003491474475 0.0366926476683807 -0.256165470003542 -0.852860516378055
0.0580130480211032 -0.0078920509580986 -0.625831442342306 -0.139989274902371
0.00500138391451659 -0.055065798021821 -0.312889375932406 0.284141623357273
-0.0113297374160869 -0.039926908366718 0.0519157121814121 0.160384883503276
-0.023193294077911 -0.0259736838229713 0.171397955431959 -0.123605499670145
-0.0315180000184637 -0.0370643589167455 -0.177447186693872 0.136624307629458
-0.0014605077714478 -0.0175231839549067 -0.0317182744253045 -0.161672379958376
0.0289868033543613 0.00657749055792039 0.350461829189277 -0.206006293466613
-0.000517324078906659 0.039894756807 0.528763691492133 0.284892259619219
-0.0466446596128406 0.0140428750861497 0.00807276887623584 0.851460339580503
-0.0575852340676419 -0.0572791661897633 -0.757248315596232 0.545384268195323
-0.0423902962188301 -0.0476048486436535 -0.674313970069038 -0.0965158807914277
-0.0419645292755774 -0.0405514238658786 -0.0542033032892635 0.0652944062079426
-0.077474745672535 0.0135065338782658 0.677938787262427 -0.000335927936400398
-0.01977622300699 0.0491572287523095 0.571602672173434 -0.715719941313056
0.043083772294317 0.0399851969013268 -0.28275994460584 -0.840742965446652
0.0529550717473716 -0.0107758487472141 -0.628645272431921 -0.118180698865149
0.00408759152196969 -0.0542561448856048 -0.306654257154649 0.296071896021305
-0.0116390238189195 -0.0345917950699205 0.056370726464611 0.166972669906039
-0.0237864011869916 -0.017977158348381 0.17330979535883 -0.118839180902248
-0.012162155961327 0.00227180153596008 -0.168917095682213 0.106471895666744
-0.00413499749366533 0.0219860833578602 -0.0811199902691006 -0.181651081716546
0.00243361025119862 0.0349904656313263 0.293304107599195 -0.320587714947936
-0.025543595656754 0.0433700590971165 0.581751447157873 0.0740176246695054
-0.0391971587270221 0.00102922858970413 0.290507721872699 0.781434353670053
-0.0297991130063559 -0.0618826086057022 -0.505199949206492 0.762774982473449
0.00225876925673098 -0.0346890537191157 -0.678372396681186 0.0960559126474568
0.0115818701234846 -0.0219124724668039 -0.122418553250386 0.0840493440156943
-0.0216290665317836 0.0119755579870435 0.657463479629472 0.1770935966893
0.0149993347456565 0.0272443563009721 0.792189226775038 -0.495288830594055
0.0323776585846217 0.0185205965410004 -0.0102244691376832 -0.905857869681085
0.0218651288218289 0.00184415825529141 -0.593379828828425 -0.326013136355047
-0.012808923828809 -0.0250305437952125 -0.378951966442742 0.213038437246046
-0.0180377174253422 0.0024545715176519 0.0132673586472345 0.16175001771908
-0.0125592781982664 0.017809617856655 0.185989075777451 -0.138826557465912
-0.01339631197782 -0.0110088478291152 -0.172814597156331 0.105627325026911
-0.00529723040559223 0.00894622389626211 -0.0772640547161087 -0.183987039820172
0.00607464709609254 0.0290772303572859 0.299691385909284 -0.315455596703911
-0.0171482418349568 0.0433386775013752 0.582057218033841 0.087346198727201
-0.0349577933066305 -0.00012250383878833 0.279451390850338 0.789416375038783
-0.0319149111474206 -0.0707322927672927 -0.516603396893638 0.75348277365917
0.00634131617101867 -0.0441213015428388 -0.670471892899592 0.0830279625938637
0.0188718955083174 -0.0286890712183477 -0.109287553204086 0.0862983019639999
-0.017737097993392 0.00311045548053036 0.669401234264816 0.16919579221832
0.0148509187311702 0.0185520056882229 0.78402348974683 -0.510728284933875
0.0362693099356994 0.0194745265449573 -0.0243706865937146 -0.901580940256998
0.0313384960384474 0.00417325316194436 -0.593527490792507 -0.311127698367149
-0.00843719057464658 -0.029716598680164 -0.371955106329381 0.217339491856333
-0.0154878531612233 -0.00955638424167522 0.0165613280970834 0.156698635121085
-0.0120359721832826 0.006078834405967 0.185084100714384 -0.144577793294458
-0.0153729550267618 -0.0232868613564498 -0.173951371467797 0.107620506230042
-0.00602835237522149 -0.00371184936325029 -0.070633852693323 -0.185312452732969
0.0098628744354968 0.0219491255388077 0.31105231905184 -0.30307488940202
-0.00928769108012388 0.0443992554667687 0.58404226037457 0.117131730756321
-0.0316481397550754 0.000496469027490128 0.24686693649973 0.802829744820464
-0.0337862969781885 -0.0763595102664519 -0.545147594022015 0.732666917904861
0.00542057566119004 -0.0511300451192312 -0.664246427114263 0.0601386629199709
0.0190325230056543 -0.0347329896101797 -0.0935171886132168 0.0862735126830805
-0.0207601776940861 -0.00450370149691495 0.682612644334862 0.145600177060058
0.0101137067139828 0.0134768552842675 0.762936214004397 -0.546166949739723
0.0397278034747121 0.0220062976276048 -0.060784044497589 -0.895316348051419
0.0406692749478826 0.00577488845896263 -0.599259529483898 -0.281646464491801
-0.00347350056025395 -0.0363061016124687 -0.362166252233221 0.226030581057771
-0.0134979536707468 -0.0204677831631435 0.0229203533778217 0.153225856654924
-0.0119332601022326 -0.00578174995469372 0.181524275088401 -0.148227906735378
-0.0192453420091699 -0.0345577052213042 -0.1762783675653 0.109836281917388
-0.00542052664247963 -0.0148598078213815 -0.0626497507249013 -0.184472398539915
0.0153747724951132 0.0153048208276208 0.32297888048767 -0.286248945525826
-0.000789648758605703 0.0446846617296435 0.579300950360608 0.152148734290987
-0.0308910594246375 0.00216864744977151 0.203038291941636 0.822364312604749
-0.0382278720750971 -0.0778179994837485 -0.586472738129524 0.699974969557438
-0.000761738265859855 -0.0559760646714716 -0.662699038669457 0.0276571248842925
0.0132216955230757 -0.0408451312206034 -0.0778245376779068 0.0840333200258356
-0.0289966762750516 -0.00935551627826704 0.691196834397833 0.115580702050445
0.00293162397089834 0.0132529565409125 0.728370079508827 -0.589520439875543
0.042495970485652 0.0256930305988995 -0.110406427190908 -0.888121880479514
0.0497740940934634 0.00443343028831452 -0.608969924029325 -0.243931443948715
0.000435385190645957 -0.0421384463982874 -0.348993782254388 0.240798977546202
-0.0113691721347736 -0.0303657152653062 0.0293764402376723 0.151535019777661
-0.0146377020359366 -0.0162846232277521 0.179040124110309 -0.145112474840679
-0.0227382962218309 -0.0423902627795934 -0.176621848982419 0.115741053260255
-0.00448511033271739 -0.0224064293656688 -0.0520444624754089 -0.180787050250897
0.0209238104902516 0.00968259733846675 0.335090939692473 -0.263910432593548
0.00408198730921088 0.0444717430293235 0.571468292815165 0.193371873402733
-0.0318771986594882 0.00504705711263051 0.148703370058058 0.839342498384596
-0.0432566931174627 -0.0775693894805506 -0.635565543213787 0.660003004031724
-0.00842647223492117 -0.0577176984821946 -0.662429050079133 -0.00712614365994521
0.00318480891990506 -0.0445054294848993 -0.0651390789199757 0.0802071438570174
-0.0401283272376867 -0.00879622224505656 0.695941467244743 0.0766138809713647
-0.00483101607350459 0.0179726142013601 0.68660126239777 -0.636912613245448
0.0449947744558465 0.0286855314118615 -0.168566202259503 -0.877729546261082
0.0561479234044606 0.00120925838935082 -0.617163168049207 -0.206126159765278
0.00321763784609841 -0.0488155504814414 -0.336153067046305 0.258466431264633
-0.0112769091623549 -0.0378436169065173 0.0378132138493173 0.153216412408712
-0.0166081756508897 -0.0238987096514774 0.174088953743905 -0.142935504424774
-0.0272307650910713 -0.0459979377323043 -0.176929468105739 0.121588781794047
-0.00237698171618999 -0.0259054072992201 -0.0430023402026023 -0.175744116918663
0.0264575327497491 0.00592566943707618 0.346186990726633 -0.24170299843826
0.00734287148232766 0.0447716800451296 0.560959525510243 0.233249040800378
-0.0364100781698724 0.00809721681853276 0.0976487828558208 0.852605667242711
-0.0493727111110565 -0.0729522166165932 -0.683244394083618 0.622131946656646
-0.0193385536961117 -0.0563573809046411 -0.664581053583717 -0.0434664857144597
-0.0121973309985991 -0.045409767898109 -0.0548260554761528 0.0758909115539803
-0.0542453200873317 -0.00466261117257115 0.694175039428078 0.0415532618942561
-0.0124383588503665 0.0271953043252272 0.63619747209811 -0.678214892432992
0.0464963253857288 0.033201950513256 -0.223074476096147 -0.864910580343027
0.0592871154036425 -0.00432617013666766 -0.626010642244439 -0.165457139960217
0.00393751086267695 -0.0535009641652107 -0.322633898475769 0.275601800618274
-0.0111115378570658 -0.0417231859565474 0.0457668637579361 0.157048716476399
-0.0209099303977884 -0.0271671696890255 0.17190426261129 -0.133541000174583
-0.0303417527699838 -0.0438993301699171 -0.175819558629072 0.130131716311169
-0.00083672752188764 -0.022969604279188 -0.0363632504496563 -0.169268938946149
0.0294139662224038 0.00474313788592999 0.351076272885654 -0.222184181033512
0.0059681653947019 0.0433938187472568 0.545984307630583 0.262012180172252
-0.0416106399236023 0.0121491572766116 0.0520096286172386 0.85791255283691
-0.0547445104546429 -0.0660004165693738 -0.72311988325351 0.585139176472612
-0.0313518795884683 -0.0528758867758973 -0.669247140756804 -0.0715755234890097
-0.0276952529299148 -0.0440979980460397 -0.0525578554362573 0.0712187976867139
-0.0672661557282549 0.00451382836124282 0.690019223661556 0.0115627973097989
-0.0174087237200323 0.0383407743098433 0.598174533727476 -0.710011819639158
0.0457098352083806 0.0363634922186116 -0.265562188207998 -0.850845329584118
0.0578773038915666 -0.00836520208013286 -0.631208650844292 -0.132643560879612
0.00380607660828686 -0.0545742364217337 -0.310935705752608 0.290054425597181
-0.0117494317610789 -0.0400480118221717 0.0527648369659757 0.162053515052134
-0.0233060768084466 -0.0256316094046656 0.17098022771616 -0.125397963322783
-0.0318790449763527 -0.0366183268383191 -0.176565025649083 0.138642026057976
-0.000664058373078664 -0.0168270180543512 -0.0338166380180854 -0.162398119009957
0.0294399927489601 0.00583671378338928 0.351059477992087 -0.210234673270627
6.78440784162779E-05 0.0404034974146922 0.533585280813986 0.2798539382341
-0.0462604939647819 0.0138923602355208 0.0181188653847156 0.857005102177012
-0.0591216651557803 -0.0573870679311988 -0.755350950639876 0.556933624274561
-0.0431445265007219 -0.0462060255513658 -0.678075496052574 -0.0898492405832685
-0.0425659695713607 -0.0400903301964185 -0.0544417558338616 0.0662636902860217
-0.0775325772123784 0.0141738954603303 0.682413869614447 -0.00759471739218238
-0.0190582039191516 0.0499433706040789 0.566860465690758 -0.725109884759288
0.044106102443705 0.0399402464463974 -0.293849571295884 -0.839293418039746
0.0526239628464487 -0.011697313157036 -0.634674466305724 -0.113179849504664
0.00319728746886957 -0.0542945088267505 -0.303558649865799 0.301044601343927
-0.012018052834263 -0.0345351921450471 0.0584064035639437 0.167649042018164
-0.0248533048204136 -0.0185023120918051 0.172430176948425 -0.118815280698161
-0.0126400110940552 0.00250259365332714 -0.16789180243672 0.108318366174128
-0.00294397722798588 0.022038948016689 -0.0845823693905619 -0.181091633337057
0.00355886110187839 0.0351161707246144 0.28997620528519 -0.32515413045714
-0.0250957023121303 0.0442135136702313 0.585825037245204 0.0677074361640214
-0.039028350367172 0.00113884961908503 0.302064254111907 0.780968710471414
-0.0308117102269411 -0.0623105141273213 -0.49800954371897 0.772684814375173
0.0026561946072961 -0.0334191703081481 -0.682323174849577 0.102252203667948
0.0112490791546525 -0.0223010674818812 -0.122003496663442 0.0865861993046891
-0.0214094627101952 0.0120927903515822 0.662837368616033 0.172217378406438
0.0158798618175823 0.0269915136561556 0.790297125993879 -0.505177412976116
0.0322340373841453 0.0188320299163952 -0.0187703249112051 -0.907905896041053
0.0222180924306397 0.00154689759399832 -0.600691300937032 -0.321264511428623
-0.0132642919153695 -0.0252756435594285 -0.379315342082437 0.219550302597449
-0.0179305675843364 0.00275206922611645 0.0141770531541569 0.163743593759583
-0.0126129023231444 0.017843195217292 0.18414153579648 -0.140721465257408
-0.0143508241709366 -0.0101627870364703 -0.171207094909915 0.10776040778583
-0.0049114061938805 0.00944070206506511 -0.0810663293046042 -0.184185131183705
0.00629976379548844 0.0291879828843015 0.296042668070278 -0.3195036551557
-0.0170117867096146 0.0441771885270797 0.586233773089656 0.0815109089072842
-0.0357056821890871 0.00021468014104095 0.288387464269893 0.788616316197965
-0.0320491755741233 -0.0712302796970423 -0.509260908798245 0.761626828378844
0.00562909017827494 -0.0429007308365386 -0.671635251897053 0.0902328375579971
0.0184601791109108 -0.028168202394 -0.108608991731179 0.0883993614761538
-0.0172237611332407 0.0032431653339747 0.674178351311136 0.162055422650361
0.0147703225504373 0.0187736053435708 0.780201260688669 -0.520067617170944
0.0364392317234503 0.0191133714912388 -0.0361619610233904 -0.906507854681043
0.0312689650378662 0.00396602927481523 -0.601054483294793 -0.304040095210281
-0.00892928073357959 -0.0298448060426607 -0.37151073035139 0.222973428278613
-0.0157267388310659 -0.00918949461780899 0.0177369576613587 0.158465100002488
-0.0121973471418031 0.00629413153412997 0.1837746529786 -0.146590777592479
-0.0159681354697313 -0.023443630807989 -0.172458327353816 0.108985497994097
-0.00597552202304446 -0.00357300153591115 -0.0744551678143954 -0.184165392812112
0.0104053103242121 0.0223812614092507 0.306918423948778 -0.308591591731609
-0.00854708266679591 0.0449178478527642 0.586830015380751 0.109686057111773
-0.0321800027962726 0.000531863701695137 0.258175722950638 0.804541068225877
-0.0350733667181207 -0.0766780748870567 -0.539894568899481 0.741581782133488
0.0050967921440569 -0.0509762675523292 -0.667155789833838 0.0658559143484341
0.0190567584638711 -0.0351479884633253 -0.0928221513116871 0.0881140959933327
-0.0201508096550348 -0.00399055260726882 0.686475174514951 0.138006316347636
0.0101741754991998 0.0137358098795682 0.759345891357802 -0.557448532694112
0.0402876347523117 0.0214786420620576 -0.0711343172207673 -0.899197172358324
0.0410067827411969 0.00488388710946406 -0.606611453275184 -0.274109092799191
-0.00477355038702798 -0.0359320892888959 -0.361043793433467 0.232504236788459
-0.0132192257318391 -0.0208438079341675 0.0237462602064198 0.154306365653004
-0.0124498143352392 -0.00579803421119881 0.18017046873143 -0.150045573507026
-0.020297293007105 -0.0343468739570325 -0.17567881162097 0.111603914679392
-0.00489901185111729 -0.0144599660340594 -0.0644876160067702 -0.184707189691091
0.0161500252973573 0.0154660984868811 0.321460685572497 -0.291136909816645
-9.37032941737866E-05 0.0445878617951451 0.582445704158572 0.145501127945066
-0.0312994149436311 0.0024625629701786 0.215278916832836 0.822420288013832
-0.0393940522745657 -0.0782468968466366 -0.582547032798539 0.70790159133943
-0.000576169060035667 -0.055502656857054 -0.665111371120173 0.0347761004591467
0.012838910215291 -0.040887456143282 -0.0772415401440103 0.0849554163013915
-0.028300477100121 -0.00839756778999947 0.694159687119439 0.107447086831491
0.00263428536501734 0.0141416435882601 0.725822413334847 -0.598130260755948
0.0431242962956576 0.0251842298172775 -0.122015068368344 -0.890984708332217
0.0503401859710102 0.00347536545288671 -0.614359699640047 -0.238038136344606
-0.000180480205382183 -0.0420436008348682 -0.347617973179391 0.246437251258991
-0.0127311569449146 -0.0307478075439997 0.0306983485078764 0.153692063234399
-0.0150445952941068 -0.0158987718745658 0.177928273489043 -0.147356204401362
-0.0237660133452097 -0.0424818572425075 -0.175184915033721 0.117550359675087
-0.00413425148819406 -0.0223444863437117 -0.0548066556602368 -0.179991908508106
0.0213982008489141 0.00926457958024659 0.332860638063642 -0.268684094621984
0.0045999841955701 0.0448678115791934 0.575656312751076 0.187636389735729
-0.032425109002591 0.00483325456599813 0.16088517661678 0.842384556786978
-0.0434737617224439 -0.0778046088856288 -0.631019222228845 0.671204614767356
-0.00861645459292028 -0.0567633301545314 -0.665594337935299 -9.7786048199757E-05
0.00260717209382448 -0.0439785316180049 -0.0641111902530943 0.081715285277274
-0.0400870155338481 -0.00843940207498792 0.699043423395249 0.0695953218701103
-0.00450989433207843 0.018068290411507 0.679835244734372 -0.648635935422371
0.0455244017462519 0.0278235671403575 -0.179731036996504 -0.878883878017405
0.0562192380802398 -9.68808319157244E-06 -0.622419611818753 -0.197311300734329
0.00192148375008981 -0.0490823569288464 -0.334201767778587 0.26471259785353
-0.0119680745287152 -0.0382835743428824 0.0394917192105798 0.154081159372941
-0.0182416720026562 -0.0239163795537153 0.174699770672246 -0.144129222558557
-0.0282285527059046 -0.045665801713311 -0.175603245650069 0.123701997880807
-0.00196048945044559 -0.0252606943279361 -0.0455010945652344 -0.176831912751542
0.0263814607239046 0.00628336761397568 0.34444716172562 -0.246498911016031
0.00771799446953297 0.0447729214733482 0.566029168582809 0.225781938570823
-0.0365393727088367 0.00870766971251353 0.105936461757079 0.855239779974915
-0.0501746420934953 -0.0731922864555327 -0.679115492324756 0.631736056553838
-0.0190780784245449 -0.0553113909037255 -0.667539100077269 -0.0360703185720853
-0.011620558852767 -0.0455490353515338 -0.0548921046649726 0.0767576029687665
-0.0540963623972253 -0.00381053417311791 0.697316731335743 0.03321555983502
-0.011709326655728 0.0275549248675618 0.629931338000189 -0.688354769943095
0.0463234952486092 0.0328864761226637 -0.234624960655854 -0.864585932862593
0.0597465758336095 -0.00420041425643708 -0.630745797111847 -0.15811711273046
0.00265364271633642 -0.0533087208530975 -0.320065610917388 0.282047273938792
-0.0118866382325576 -0.0413565894505335 0.0475072777927368 0.158047278566022
-0.0213419876286424 -0.0271516928971979 0.171477868696706 -0.134878365669417
-0.0313565241346955 -0.0440405582924617 -0.174160244436502 0.131820442482227
-0.000319046657568652 -0.0224883279297336 -0.038726870520144 -0.170086551482396
0.0291846098252865 0.00473437843925648 0.349776926572141 -0.227553320786036
0.00664675016643058 0.0445292009488089 0.552718273607025 0.255280977602055
-0.0419509584098679 0.0113056557101512 0.0602632717081863 0.862228844697023
-0.0556719472184061 -0.0666216024078769 -0.722315374706445 0.594982532822192
-0.0314787267593931 -0.0518105526856321 -0.673379792562479 -0.064662907794819
-0.0283765961180153 -0.0431295291279677 -0.0516010587951293 0.0722668332753478
-0.0669672780709583 0.00461204832455238 0.69412561671927 0.00449112475770481
-0.0167084221887434 0.0391216907694038 0.591633152501045 -0.71966783821689
0.0457073949885698 0.0356420216017998 -0.278704981301619 -0.850879246972885
0.0586446417344966 -0.00879108828726864 -0.636397808630196 -0.125805812741495
0.00263615383194998 -0.0552697516519323 -0.309866778002028 0.295894731702551
-0.0120636194576764 -0.0406024386288388 0.0542675640676682 0.162802694313953
-0.0236764315820008 -0.0252871363695072 0.170248516837285 -0.127210324820029
-0.0325736364437948 -0.0359378997378417 -0.173976497412372 0.140235144904429
-0.000454366176713565 -0.0165078853155914 -0.0362541531183547 -0.162037779406615
0.0301023340579871 0.00548655631583913 0.349177290373211 -0.215412398725108
0.00128616191765203 0.0415242913284413 0.539219459728554 0.274530116579796
-0.046808474130546 0.0136591276562501 0.0266852919471522 0.861496211401085
-0.0597454301192677 -0.0576117895940047 -0.753949943715186 0.566899591177789
-0.0419901831085904 -0.046052312476291 -0.680484737134079 -0.0832824804132051
-0.0429323337309595 -0.0390486136136081 -0.0537382308022972 0.0675910898783834
-0.0767303107514239 0.0157367646573118 0.684331404808846 -0.0149953594785719
-0.0191946635333618 0.0503585732392672 0.559493209229325 -0.733712085133949
0.0449583487771014 0.0390615240597175 -0.305034705395264 -0.83824200342416
0.0536979607967483 -0.0124677619955613 -0.639131567915513 -0.104269589402918
0.00220731950686301 -0.0537873198319688 -0.302091637413374 0.306906969860574
-0.0122036747937991 -0.0351042399922007 0.0606695058710664 0.168719722916997
-0.0252886052456995 -0.0188886412568693 0.172305590265682 -0.121286446967157
-0.0122500714025641 0.00300600764031566 -0.167048993320365 0.110560298600713
-0.00192631004390038 0.02240094118406 -0.0880826686951708 -0.180497808653456
0.00426889076780371 0.035590399785194 0.284934575147387 -0.329961842089858
-0.0240952188243761 0.0443166419739566 0.585570049405741 0.0594270886619197
-0.039235165193381 0.00155668063803846 0.313314615717555 0.779965705928084
-0.0309850672459907 -0.0626082937126926 -0.491978211135426 0.780585549529259
0.00276071263429719 -0.0331814243481753 -0.682075927196608 0.110828707925136
0.0115180124032451 -0.0218774570200646 -0.121615303235978 0.0884922306667034
-0.0205520872099628 0.0124228675565953 0.665791605296043 0.164585181069687
0.0159843140073079 0.026651477884228 0.785776270857804 -0.51425359519336
0.0327389303454149 0.0180106061748517 -0.029248068834184 -0.909879015853121
0.0219438922220985 0.00103022301749525 -0.60619472658984 -0.312670074257332
-0.0145676993731321 -0.0248800682478416 -0.37707590069898 0.225223862510793
-0.0175755799050645 0.00328873812336698 0.0160528239914183 0.165341444168264
-0.0125885160181043 0.0176719955455961 0.182829261899161 -0.142658410861152
-0.014268981583846 -0.0100637776698265 -0.171014183792598 0.109102410961769
-0.0029983770329055 0.00988716240626569 -0.0854874823687254 -0.183605166761058
0.00685710727421247 0.0294303661980142 0.292120401169506 -0.3244250381713
-0.0159083978883563 0.045114361955694 0.588674560445721 0.0744314077966577
-0.0354815306196073 -0.000107545012426383 0.29914028526968 0.788984534193516
-0.0321444743030476 -0.0710456248171115 -0.504015791971472 0.769266831929638
0.00675209669530939 -0.0423967356992487 -0.672811453516678 0.0964381482770027
0.0185619846683611 -0.029027476691202 -0.107809919515073 0.0901060334682316
-0.0167979669765532 0.00367117483807284 0.677470789745588 0.15361091888053
0.0153331388394625 0.0185743839370463 0.776084844145859 -0.531129543487994
0.0366195657762809 0.0184667601564067 -0.0472210528815212 -0.906825982646077
0.0315105948877653 0.00361566814693647 -0.607203821859634 -0.297130518581383
-0.0101440110539977 -0.0293993439518689 -0.368955349104831 0.228317421577895
-0.0160669675542068 -0.00857995839663302 0.0195243308956052 0.159079202363692
-0.0121921548187938 0.00630573558905892 0.181851735390594 -0.148911434462763
-0.0173625746743433 -0.0232635239446362 -0.17198816462372 0.111695999549786
-0.00472878147330535 -0.00238760686093451 -0.0767203339365013 -0.184696430908087
0.011533799798395 0.0223058287325344 0.303080446103084 -0.313470864734806
-0.00754892764043815 0.0455701740562352 0.59005069479076 0.101524957297803
-0.0324825470701304 -0.000353928270630726 0.26815457622933 0.804810113969841
-0.0358188734540878 -0.0764683171483199 -0.532539811286242 0.750647979190314
0.00496633550779224 -0.049793636440978 -0.668726416029569 0.0752128424706088
0.0190320861294541 -0.0355371701960697 -0.0922304752256841 0.089827118757849
-0.0204643827952105 -0.00364695593961688 0.689063649010427 0.129208338955121
0.010170563310156 0.0134652295413044 0.753804900172186 -0.565909754296422
0.0398903829319046 0.0207295825874457 -0.0844734578592584 -0.899932538724733
0.041240314965836 0.00391154913006533 -0.612679898454255 -0.268711140912716
-0.00567671905808636 -0.0353461610239732 -0.359067675430557 0.238589186069424
-0.0138805311445573 -0.0205916692120111 0.0259699791624497 0.155425353127484
-0.013478523166993 -0.0057236221849724 0.178747467177012 -0.15191061440264
-0.0212321873920458 -0.0342858288757182 -0.174529920432382 0.113613219790495
-0.00440523625111454 -0.0144205686123282 -0.0686396505231928 -0.183924283202648
0.0166053791863891 0.0155125111749335 0.318203916570341 -0.296506452807677
0.00019205109508473 0.0451262409835898 0.587945010718768 0.138958293640088
-0.0312529432804309 0.00208415039073479 0.225584573623413 0.822548111930681
-0.0396161524757646 -0.0780826396389171 -0.575751682389208 0.716890558201305
-0.000818349667630058 -0.0545499163274443 -0.666975475394988 0.0431498651195872
0.0125145807006006 -0.0410464987605414 -0.0769581579023709 0.0875061928447066
-0.0286949172499822 -0.00813785764882111 0.697862697943805 0.0979659011822658
0.00328936503944401 0.0147033393743682 0.719432045748466 -0.609084590741984
0.0430099290202349 0.024245422531967 -0.134365274585948 -0.892036799872667
0.0511287757799245 0.00347155687102749 -0.619708181054206 -0.230322846528663
-0.00125643459850088 -0.0423081316498987 -0.347745041363183 0.252985228601055
-0.0126534373302343 -0.0307436521074718 0.0315760369803553 0.154158016130281
-0.0157679725698402 -0.015972045973259 0.176397897896691 -0.148895988122298
-0.0245758712992759 -0.0417814297522609 -0.173968993473789 0.11881563297096
-0.00394335628874355 -0.0218668482871329 -0.0578042949713318 -0.180118951374984
0.0215952433998159 0.00907283216316909 0.33166719064402 -0.273802598138726
0.00499721293227614 0.0457655507136262 0.581458416143736 0.180263031245787
-0.0326257358956509 0.00501301005208172 0.171861160375417 0.844465923091705
-0.0448902167220952 -0.0775980325831565 -0.625406237469525 0.680223269848154
-0.00828594240558544 -0.0561950864340199 -0.668743184145501 0.00645190340656908
0.00264373052451527 -0.0440255023024313 -0.0634957103132031 0.0836544761629102
-0.0399767519381363 -0.00832489011929068 0.70202839701462 0.0607560220017649
-0.0044547285583105 0.0178712973656888 0.673964311411406 -0.656209771119334
0.0456865231492313 0.0277921645209636 -0.191939823599692 -0.879332313578118
0.057634353925253 0.00016131727498166 -0.628039899605033 -0.19139698472642
0.00150499708197952 -0.0482610693509851 -0.332540113478157 0.269668890227611
-0.0126249514322666 -0.0385416744722969 0.0408253507341895 0.155018714207342
-0.0178048253071748 -0.0241813905399494 0.172817045400818 -0.145648101782639
-0.0293015950996929 -0.0454068805714368 -0.173575715431348 0.125027228566374
-0.00155262702581829 -0.0249314772349669 -0.0482819333392491 -0.176012787244402
0.0266667640566308 0.00577161107481033 0.342819342691816 -0.25113162442952
0.00849680986871054 0.0461961841409628 0.570441329097869 0.218372211280929
-0.0363405813161406 0.00815594898936178 0.118737050518608 0.858415325722923
-0.0507606388960697 -0.0726256575211899 -0.675086009232434 0.642199953049385
-0.0194831969239448 -0.0543063194723799 -0.671143789117772 -0.0276490335259558
-0.0122503348490212 -0.0443375925786507 -0.0543386612679006 0.0786630467541895
-0.0539301409530298 -0.0031793067697712 0.700883286691645 0.0242333769616551
-0.0120576582819033 0.0272915574894583 0.624662855161056 -0.698321620709004
0.0466484299772349 0.0317064128871636 -0.246941654647277 -0.861544656229817
0.0596970487704198 -0.00531064933682499 -0.635590172652325 -0.149912250816393
0.00146556179620182 -0.0526597594143949 -0.317438085577444 0.287464885662983
-0.0125148388657648 -0.0414334608231045 0.0496567897054744 0.159144269041435
-0.022093264175365 -0.0271094283740151 0.170450306731696 -0.136321239938197
-0.031938409857119 -0.0439949923905973 -0.17312853787081 0.1338359387763
0.000385630525138153 -0.0224016785692707 -0.0407072463469298 -0.169692432140739
0.0296378429929727 0.0052619868439297 0.349027690063143 -0.232097724148945
0.0071172669645183 0.0443317965397099 0.556555566585634 0.249918300102691
-0.041323895281274 0.0118820212113436 0.0748104408845462 0.86533928311801
-0.0569508114642105 -0.0658539723296873 -0.717741982739764 0.606620679549364
-0.0320023809110318 -0.0502507416725221 -0.677463654508332 -0.0554483088446839
-0.0281363681932411 -0.0434403107637542 -0.0510216985241951 0.0731178494550769
-0.0668079185039007 0.00606340299615233 0.69455929066851 -0.00491861238437339
-0.0160386821835705 0.0392000112041026 0.582959082889642 -0.726998599075307
0.0464096719320686 0.0350347215832692 -0.290138457714508 -0.848851632793895
0.059055823063392 -0.0101114059378429 -0.640112412332827 -0.118092281515793
0.00106805930837822 -0.0547240023929154 -0.306528844534523 0.301388354446441
-0.0130504368797171 -0.0410366958176033 0.0563304793927986 0.164139692965582
-0.0246778568510943 -0.0257714879735247 0.169659770221837 -0.128288264227319
-0.0337124212148319 -0.0358899625619414 -0.172560969996301 0.14261137467452
0.000399178030063991 -0.0163847876865608 -0.0390761213924606 -0.162727346258102
0.0302902427481102 0.00547748645959976 0.347177697030531 -0.220720705409992
0.00217905835286158 0.0417704888448421 0.544921030394491 0.268177127361394
-0.0474053551064549 0.0143105105712755 0.0384310514814735 0.865552612567264
-0.0603760103394339 -0.0575888469946928 -0.749803142490451 0.578228391316577
-0.042714057432754 -0.0446782052765862 -0.685644149781886 -0.0750905031518812
-0.0428320429088989 -0.038704756886988 -0.052774159071524 0.0693064715278939
-0.0765652275112486 0.0163342922335798 0.685415841812273 -0.0230636238393075
-0.0179586604401531 0.0506925926623818 0.552648479176168 -0.741266332250956
0.0444588382453806 0.0387356179495124 -0.317822727015762 -0.835655782925694
0.0543368869866309 -0.012953883009381 -0.643021847461694 -0.0962082132778647
0.000785599279695734 -0.0535304406700977 -0.298536910222384 0.312956432806652
-0.0131633011105225 -0.0353577787417085 0.0624400876228803 0.170077729183344
-0.0257046016758047 -0.0186099398345468 0.172268298939025 -0.123077458771166
-0.0129319471139133 0.00297389852965025 -0.166210278731691 0.112142998384678
-0.000987359063825004 0.0234079401085764 -0.0913975896128431 -0.179167315862243
0.00505151170381413 0.0352648039278422 0.281531919111805 -0.333673916024541
-0.0236326297250266 0.0449290105371054 0.58798480987569 0.0516680312149264
-0.0393198688702284 0.000858600084454207 0.325016045610639 0.778013712799008
-0.0321956064887114 -0.0631282002728564 -0.485036111932774 0.788746027234894
0.00357594842239834 -0.0324430168782407 -0.682116773344904 0.119739315314739
0.011587168458996 -0.0220835521092343 -0.12037937864457 0.0902379221476752
-0.0208206717940785 0.0132081500500232 0.669934170874702 0.15554433331171
0.0167446776938069 0.0262326852889522 0.778914958622392 -0.52471804865756
0.0325117279100774 0.0174934073815135 -0.0449568039456516 -0.90999511625405
0.0226510240279648 0.000582165496706231 -0.614537558726047 -0.305409630485019
-0.0149609049828822 -0.0242388847450034 -0.376338409187889 0.231552248975133
-0.0176490576992422 0.00274918391688236 0.0178528432900313 0.166128263022899
-0.0126966149776442 0.0177868650841296 0.180954011347549 -0.143652701344388
-0.0144970808205226 -0.00989228676821596 -0.169568067185683 0.111033703676382
-0.00220928202330588 0.0100965163078627 -0.0892670435103073 -0.182189168461465
0.00773868750804363 0.0298257747614655 0.288214457045497 -0.32833591066662
-0.0155769755542491 0.0457595515978725 0.591316556145651 0.066195302858761
-0.0363346911070127 6.51983703432151E-05 0.311813467777972 0.788403242863493
-0.0338244839870379 -0.071199828941631 -0.493607894198693 0.778144776183531
0.00716150254460452 -0.0420365498157231 -0.674698233861915 0.106250670595335
0.0187625103867988 -0.0286776656878103 -0.106880254943761 0.0920908300602696
-0.0170824141198507 0.0039770959827075 0.680296171231495 0.144531391041438
0.0157223959316755 0.0180934161902689 0.770246802902977 -0.541651566913523
0.036265004598756 0.0176650156347576 -0.0600821730356185 -0.905790624247299
0.031515370863888 0.00242160355176102 -0.614118659872078 -0.289211257583122
-0.0112286815084368 -0.0293091326312856 -0.366071384955489 0.236311347725149
-0.0163528910643386 -0.00848136533957253 0.0218876277321049 0.16119596565629
-0.0129287862944336 0.00636108610156293 0.180087432547597 -0.149555676625457
-0.0173385744273393 -0.0231448185810022 -0.170624576379773 0.113452740885193
-0.00380984861960524 -0.00220640263963415 -0.0803508337730208 -0.183841514057733
0.011725768703741 0.0224497067738538 0.299917880925842 -0.317265999472403
-0.00677372860572679 0.0462105010902435 0.592364220261216 0.0951366375502691
-0.0324710567075615 0.000204811711729539 0.279238284883424 0.802908762804855
-0.0361411645315115 -0.0765047566205173 -0.525344161722444 0.757032685410839
0.00557992873590247 -0.0492764488147986 -0.669516231053431 0.0834978416514789
0.0184845751496871 -0.0351979523911939 -0.0911059024989408 0.0914907941818973
-0.0199125126290543 -0.0031291343808604 0.692270496675273 0.119877124950884
0.010609503145647 0.0138045835243548 0.748291707610897 -0.577064647033569
0.0400248914319132 0.0202696491022028 -0.0961189991725396 -0.898632815289859
0.0415162480281422 0.00425567610258317 -0.6191475959989 -0.26083045286432
-0.00608653520434882 -0.034924455615779 -0.35710692969836 0.244238773261993
-0.0147002128069978 -0.0208851669119656 0.0268781485215155 0.156694409143321
-0.0138213116945638 -0.00549477749161633 0.177062992718433 -0.153373707476574
-0.0221915902583156 -0.0343607041084802 -0.17258163725949 0.115518787740124
-0.00436096029886497 -0.0141058485954579 -0.0716721322194345 -0.183434322454341
0.0163295119316712 0.0148812298275848 0.315205462834106 -0.299964834779682
0.000717765613189897 0.0460461386732793 0.589957667785271 0.13081125042914
-0.0311902046498884 0.00177045677502703 0.236801406450006 0.822464963291143
-0.0407164678427533 -0.0778194146027134 -0.569165095599959 0.726165800969675
-0.000892166179208966 -0.053576389932601 -0.667917796545149 0.0494448785638766
0.0125170799267084 -0.0401540117190757 -0.0761904671888071 0.0884190003702562
-0.028406707173149 -0.00764955545468984 0.700188065177408 0.0900689122650334
0.00340370992186948 0.0138321082182947 0.710996589884943 -0.61885700337578
0.0429843292900964 0.0237176675985827 -0.14481008307646 -0.889538907022962
0.0511747824990237 0.00195440040342493 -0.625485553000915 -0.222497008006052
-0.00270157962771803 -0.0417408187285406 -0.344210253936006 0.259918741323849
-0.012971433219491 -0.0309133164836059 0.0336199782337127 0.155006276071542
-0.0164904428885954 -0.0166912312397514 0.174929991080649 -0.150393928138608
-0.0256051063156459 -0.041542169926923 -0.172262493172414 0.122072644648684
-0.00370254025796645 -0.0215092325520849 -0.060658800024289 -0.179881513523882
0.022144830396141 0.00929560834738067 0.326879130867456 -0.278542685118896
0.00697451604584809 0.0461152508734962 0.58470417021241 0.17161075739257
-0.0325401612674655 0.00421120072238738 0.182092696248152 0.843270385510321
-0.045687024404842 -0.0772726446266158 -0.618354695829772 0.688932841544253
-0.00841766940694209 -0.0551120683674064 -0.668994021958203 0.0151215898792091
0.00214637950659474 -0.0434455351026184 -0.0623264405194115 0.084903369401357
-0.04001692556987 -0.00759264284438476 0.703803847231513 0.0512799181654262
-0.00461473631117916 0.0182376098166791 0.667219053698046 -0.66590576536218
0.045439490102291 0.0270321725166527 -0.203398515667534 -0.876030021798144
0.0570949658461081 -0.000930851712383586 -0.632153980576653 -0.181954408286333
-8.3022148882045E-05 -0.0482155994086909 -0.329162258560228 0.275102746523551
-0.0130462567383886 -0.038288853905684 0.0431806701789152 0.156338528936445
-0.0190085427349767 -0.0237328164917228 0.171231674673345 -0.147447287938547
-0.0300947411846261 -0.0449521280489521 -0.172350372411676 0.127099503678486
-0.000852272278184595 -0.0247184187368794 -0.0510637958746466 -0.175767394081
0.0270651443272394 0.00541268066463622 0.339342084238588 -0.256362069805252
0.00900114791655992 0.0462207267524716 0.574091387952264 0.211902641900924
-0.0368251711715104 0.00847978223289701 0.131901835637982 0.858546105635492
-0.0517260624140556 -0.0725796578380446 -0.668947139906057 0.65217824021455
-0.0190208216652212 -0.0531564118484704 -0.672778097148227 -0.0193829183152654
-0.0123477361954612 -0.043990397803826 -0.0533214978811422 0.0794393836869391
-0.0533737790095002 -0.00199921845272379 0.701867998010517 0.0154047843447545
-0.0111692119755548 0.028346612003404 0.616209919001055 -0.706353812406923
0.0468573898340484 0.0307782874742246 -0.259864983753805 -0.85925905884623
0.0600615219671297 -0.00651893352346307 -0.640132415215197 -0.140287411563982
0.000548541292255222 -0.0522869558158613 -0.314250652874788 0.293522644839226
-0.0129024168105593 -0.0418186356784127 0.0512759280289737 0.159326312980741
-0.0233133525579635 -0.0270669328704433 0.168597890809532 -0.137386711757649
-0.0332952961188811 -0.0433130849740729 -0.170868976466542 0.135840284914089
0.000804734119217901 -0.0221077169970202 -0.0443615406968423 -0.170008345281389
0.030226935517571 0.00442607415424344 0.345329730300612 -0.238083219420072
0.00777145296807733 0.0453652091125513 0.562542930613795 0.242500491592005
-0.0420107812219935 0.0121802255920151 0.0856347522822648 0.865908517479375
-0.0569805998940068 -0.0657328706489927 -0.711661221900421 0.615982181135947
-0.0313767420698784 -0.0493429037269267 -0.678965269127926 -0.0463459737494121
-0.0286590234800927 -0.0419765072260738 -0.0501300370212341 0.0749976011528442
-0.0666657768401399 0.00639042407530588 0.69515313982938 -0.0128693606769647
-0.0151493969079485 0.0395513051896065 0.572986669219494 -0.735896810842013
0.0470150539134029 0.0343310848890999 -0.302953474735499 -0.846621691899504
0.0580851466966925 -0.0103238618604093 -0.643293447737361 -0.107642904078683
0.000782695016854892 -0.05407876006307 -0.303919992237019 0.308021178807948
-0.0132721123452377 -0.0408276905134445 0.0583804621446038 0.16364811684553
-0.0258021621450167 -0.0255944998518704 0.16793908453287 -0.129831657147433
-0.0342891620245178 -0.0354285610991166 -0.170787184441882 0.143915224385496
0.000717680337430032 -0.0167193403332975 -0.0411305310301434 -0.162183140837029
0.0305743448914508 0.00538553132115545 0.346663292126197 -0.224776207699578
0.0031599355544321 0.0416378524746512 0.547534862063661 0.26186486562624
-0.0472648167967214 0.0141524858954587 0.0505340844665238 0.868159715881321
-0.0605354195537764 -0.0570265361911863 -0.741846533263475 0.589370711124666
-0.0420291937616735 -0.0435282038265134 -0.68857072118473 -0.0662450432348121
-0.0428035547014954 -0.038251699057945 -0.052310115358557 0.0702476617897689
-0.0760372380889861 0.0171504934213806 0.686565180193019 -0.0317315166876985
-0.0175758548950329 0.0512342864751387 0.543320777033653 -0.749721636966879
0.0454532946246144 0.0381375113014574 -0.329231794307912 -0.833093207313555
0.053868772268058 -0.0131788116877169 -0.64594736250491 -0.0869039514047826
-0.000127876301140367 -0.0532752738395569 -0.29633426063006 0.317053506293829
-0.0137683973196498 -0.0346031512470512 0.0649860584606274 0.169891574538354
-0.0270177886998293 -0.0184693778015146 0.171102532623468 -0.124379290026008
-0.0126363283166008 0.00287972848770775 -0.164665185979342 0.113318017659144
9.81288324048389E-05 0.0237059948626643 -0.0937874417370609 -0.177837234865265
0.00530853475070582 0.0356446969303839 0.276081247883071 -0.336893245786118
-0.0230201468194082 0.0458884479082908 0.589362886597006 0.0434251115073182
-0.0402899149732694 0.000926254639419659 0.336255448238547 0.774296852356377
-0.0330231234841987 -0.0625588571034551 -0.473000728248938 0.796858409998885
0.0040049691572091 -0.0309555329275685 -0.680199442720341 0.12776731551498
0.0117460334927118 -0.0220649733340747 -0.119688138893644 0.0918200015633099
-0.0199591501404199 0.013061412678882 0.671489062273088 0.145965848273488
0.0173502461351782 0.0263550094057083 0.772324821980287 -0.534308015801201
0.0322837387904941 0.0169453059846561 -0.0552729297958303 -0.909053914374918
0.0230193040561418 0.000787942421448171 -0.618534772572283 -0.29724632369349
-0.01558411883077 -0.0232819860375866 -0.373140545564959 0.237674043435498
-0.0181273448128724 0.00320100630633822 0.0199276897227004 0.166921137461018
-0.012987878485028 0.0178799850079977 0.179382500915067 -0.145552501751309
-0.0153614691559794 -0.00897476735789064 -0.168123470729066 0.112803028110372
-0.00160029122514317 0.0107324589498182 -0.0918880851048732 -0.181500473572544
0.00800224465969324 0.0294403822326639 0.283475676883691 -0.332365466730328
-0.0145677992267492 0.0459005909889889 0.590714746167906 0.0566197428234936
-0.0362500271085735 -0.000450014839667855 0.323112730258442 0.784783587324638
-0.0341937536271498 -0.0714993989516347 -0.486884137317869 0.785129384177141
0.00720805431268681 -0.0414100875030213 -0.67230347318696 0.115076638580889
0.0185585577661719 -0.0289876328938826 -0.105432907002737 0.0937532041271694
-0.0163394571351619 0.00435266827800347 0.682488079877593 0.134983746017627
0.0160523945047298 0.0179248499984836 0.763350828615604 -0.552471592352792
0.0362647802534688 0.0175550096116867 -0.0720694027154967 -0.904711351133445
0.0319623661838715 0.00318992083697602 -0.618668916886972 -0.280305474164761
-0.0116367045153586 -0.0285589066362324 -0.364588721731145 0.240965957271624
-0.0159946285434322 -0.00822726850014913 0.0232631352189832 0.161794565136456
-0.0134784790318393 0.00657524465033535 0.178272356586249 -0.150815475138115
-0.0183976808073317 -0.0221024219983019 -0.168513553034894 0.11499818034903
-0.00327014094063577 -0.00223556503714763 -0.0837356853238571 -0.182385988154562
0.0122099074574733 0.0224100017306622 0.295320329833981 -0.321726404074802
-0.00567835999845007 0.0462849808497318 0.59330115366162 0.085748463059825
-0.0328508642302502 -0.000212365113999424 0.293184808474991 0.800905103339844
-0.0374749508701392 -0.0762218191771405 -0.516139425910594 0.764848598172206
0.0056211053298173 -0.0483512027986319 -0.668246459634828 0.0911417328846121
0.0182372605702307 -0.0355580287421571 -0.0900853302853978 0.0932547164671738
-0.0191875774478604 -0.00301349544210532 0.693790620471274 0.112176171570757
0.0113470767907771 0.0130146319000666 0.740249435204425 -0.585608778487477
0.0401599069678666 0.0194586613856497 -0.109869941552096 -0.897859543399453
0.042285967454608 0.00381134848762935 -0.622788860284953 -0.252212403518239
-0.00691839566076703 -0.0347701591298629 -0.354910747156991 0.250322461046246
-0.0146768082805839 -0.0205680099145129 0.0283442601420378 0.157523220473336
-0.0143687018468655 -0.00587981617448595 0.175198063510477 -0.155021779950562
-0.0221141951536587 -0.0332232842330624 -0.170856080664005 0.117366153569079
-0.00339874272069557 -0.0131045215329227 -0.0753127861747046 -0.182799939887466
0.0170653683563923 0.0153331554487752 0.309882893253392 -0.304638854127944
0.00208962258345933 0.0461784176611081 0.59195072268505 0.12163686421641
-0.0316784653625662 0.00179759188178679 0.249586798887652 0.821132810573076
-0.0412862553791457 -0.0780002405002075 -0.559277377243797 0.733765770148309
0.00013809073542614 -0.0525633051855625 -0.667587454477163 0.0582053971304703
0.0125252869529903 -0.0404693081422691 -0.0744340428853571 0.090130284780611
-0.0279655378301079 -0.00708673208006566 0.70091199734943 0.0817892862732365
0.00342627170050352 0.0138104051671966 0.703309128174837 -0.626575680759437
0.0429087316699241 0.0229331521062382 -0.157642973252677 -0.886247718444593
0.0510959965725168 0.00202784510624418 -0.629414604791995 -0.21381932165878
-0.00273043565206313 -0.041220904108992 -0.341030345614003 0.264650159761432
-0.0138084643816381 -0.0308227046086977 0.036008617662811 0.15619792546117
-0.017705916976316 -0.0161830080124441 0.172824099003959 -0.151712100447234
-0.0265101886565713 -0.0416521113299904 -0.17102986828417 0.123275308313945
-0.00298241332711257 -0.0212731619048989 -0.0640509804296768 -0.179047131389994
0.0226345071164179 0.00879831395905252 0.322593925258878 -0.284089675355045
0.00791811902396402 0.046261138489113 0.586007232521302 0.163551379148848
-0.033679106590342 0.00506854678000243 0.195857466460263 0.84234490161563
-0.0464199895810419 -0.0766446301775597 -0.610701899023113 0.69796907629746
-0.00752906263252695 -0.0542747017021039 -0.67015997714972 0.0231999667243135
0.0022391258145013 -0.0432260666635673 -0.0612145974606472 0.086547894431558
-0.039804229824134 -0.00635597594139663 0.705273936949967 0.0425294241254029
-0.00414250978817235 0.0186235745680301 0.657751176791584 -0.67482271506105
0.045755332216791 0.0261206346064908 -0.216231959936974 -0.87384493532793
0.0573015240583833 -0.00176778106510715 -0.636450326509112 -0.173343210120009
-0.000727537195461416 -0.0479451563045337 -0.326476773876962 0.281104034471557
-0.0138093729935784 -0.0379517610998057 0.0445596239999902 0.156511131523768
-0.019474881973383 -0.0235261932071497 0.169249807022128 -0.148847926836485
-0.0315608906794059 -0.0446826573707378 -0.170293120087409 0.128689609736439
0.000409222381972059 -0.0244552319620076 -0.0540616204955847 -0.175232081818268
0.0270659769255286 0.00565429871136115 0.335689865078944 -0.261821952363027
0.0104465171218614 0.046137880312611 0.577412342587559 0.205351482799648
-0.0370513333535825 0.00874861802051548 0.143538973133948 0.859101893881385
-0.0524813414043431 -0.0728325172819734 -0.661638259285883 0.660237014594573
-0.018549466908322 -0.0517957725481728 -0.672294357240703 -0.0114743389688972
-0.012575075083204 -0.0437708569925835 -0.0522067530457156 0.0811993830107253
-0.0530341320863367 -0.00150015003994356 0.701818639076991 0.00682879841726482
-0.010805547063211 0.0282461581168382 0.6071878837795 -0.71356148935206
0.0470336384662711 0.0302695340488693 -0.271803666276764 -0.857088936676761
0.0605580454884139 -0.00681654837050303 -0.641968271513492 -0.132238477881937
0.000342163680359007 -0.0519271448746506 -0.311418133347428 0.296980510177209
-0.0140131618935256 -0.0418004679312902 0.0530586352591813 0.160118898737925
-0.0240160015979439 -0.026944150338721 0.166941283336476 -0.139449231664485
-0.0339656269238976 -0.0421254525400796 -0.168476479768736 0.138234425784641
0.00119626043225833 -0.0219193893831964 -0.046710832866542 -0.169685633203843
0.0303651478321661 0.00380806257773756 0.342800021620094 -0.24304239458125
0.00941225062310825 0.045185141184244 0.565784249533585 0.235141794676354
-0.0425063323407182 0.0117014286416212 0.0990877280015424 0.868080337641518
-0.0576247670983836 -0.0656319506453818 -0.704661416015588 0.627769876137106
-0.030991476277498 -0.0478772200102497 -0.680117470572724 -0.0395375176163953
-0.0290016528312027 -0.0414338129705054 -0.048371819811031 0.0761659069573722
-0.0660230231768202 0.00736704023879754 0.695352491326538 -0.0218586105765366
-0.0152862619930156 0.039635491591179 0.563182934840753 -0.743294794909604
0.0474993767739939 0.033696027957833 -0.313241426132056 -0.840833877331703
0.0594314304098762 -0.0106074274366303 -0.647274903842224 -0.100753799896775
-0.0011104147608653 -0.054247433725955 -0.299172336624218 0.311644713016048
-0.0142336032040791 -0.0407785084416737 0.0606451732884664 0.164622885933058
-0.0269362090803946 -0.0248375821883355 0.167344274496486 -0.130986773311609
-0.0353633398134929 -0.0346887855151421 -0.168660896823641 0.1461030530578
0.00208869681567681 -0.0162511680501395 -0.0436207608638273 -0.161743376634099
0.0309128919149266 0.00498956845925387 0.343572629059495 -0.229602676329026
0.00410904301119217 0.0430956824239883 0.552637615149288 0.253513000986308
-0.0466815181572904 0.0144120835172743 0.0627026226391444 0.867897934755426
-0.0620431283009128 -0.0566187847127622 -0.736471846490682 0.597820814929537
-0.0417339601115306 -0.0422158013061097 -0.689466242140583 -0.0584864201701834
-0.0439116688738026 -0.0372038635724307 -0.0507390472460229 0.0725566377096298
-0.075977059299328 0.0181266454670597 0.686817725011796 -0.0401387546880365
-0.0164943548765432 0.0510871645059176 0.533405714500243 -0.755932738641081
0.0460384297124379 0.0368169915332214 -0.342369976881656 -0.826311094562937
0.0538700487318483 -0.0139973361435364 -0.64952482409321 -0.0785043554826707
-0.00161078078966821 -0.0531093064615323 -0.292143868987542 0.322767974853183
-0.0140579257535486 -0.0348685303866261 0.0666441339880978 0.170084428509591
-0.0277750632548132 -0.0185520466419758 0.169635053472402 -0.125649249057368
-0.0131875531729289 0.00389119187629772 -0.162662909830169 0.115055623702328
0.0010473727825499 0.0236602600263351 -0.0975442500978831 -0.175720791263051
0.00611614908538183 0.035309936760272 0.270902303716883 -0.340572365868044
-0.0223152528001921 0.0457279379302561 0.588506762552575 0.0356011573360983
-0.0404319010954093 0.0013027870212945 0.34760856224754 0.77019112091939
-0.0333047308404542 -0.0627263893632953 -0.463336793129491 0.802267910935856
0.00457784919704054 -0.0315799944842682 -0.679716229414074 0.137759722422602
0.0117523510216955 -0.0219161968266374 -0.117901721855432 0.094176326845991
-0.0199267039892966 0.0132289511570511 0.673045791710425 0.135641299228172
0.0175979566107151 0.0254238438876507 0.764457299529542 -0.544500010245501
0.0321364984092078 0.0169705845817471 -0.0688248263642592 -0.907996853462753
0.0234183940527465 0.000979317782760843 -0.621547787953459 -0.288311840230771
-0.0160766591396277 -0.0231945481387543 -0.368038259294389 0.244269798479384
-0.0178247217919345 0.00290590248998932 0.0212882316429082 0.167203984246214
-0.013336501895514 0.0176912261028063 0.176860128033566 -0.147439859722126
-0.01544159098968 -0.00973638443634181 -0.166662065080812 0.114379696114744
-0.00121802286060475 0.0101075828864483 -0.0949737234812991 -0.179099593114576
0.0087611269821363 0.0294635774231408 0.277437552995328 -0.336527272206205
-0.0132134854275326 0.0468544763954284 0.592579996608628 0.0477854660113566
-0.0362172377778178 -0.000369769171357925 0.335196423077128 0.778763101993197
-0.0346903428863746 -0.0714476861628721 -0.474894050925519 0.790392069136228
0.0068473424861012 -0.0404346698316859 -0.671636261174116 0.123251349506411
0.018290672031724 -0.0291586989741139 -0.104029786749876 0.0950629467287746
-0.0161154294178984 0.00456655381971506 0.683985051868732 0.125279416464789
0.0160972447675732 0.0175108433321939 0.755002391893265 -0.56080857243888
0.0353380951211371 0.0167986637379473 -0.08489344720819 -0.902498920989141
0.0321153615819971 0.00272573491892422 -0.623397773862377 -0.271404395521105
-0.0119354908549289 -0.0283459992173457 -0.361122598188173 0.247138541721277
-0.0167459813379248 -0.00902756533106192 0.0244760331737287 0.162664259124792
-0.0133903154567866 0.0059628226996026 0.176186765537615 -0.152238230057707
-0.0183305778908105 -0.0222288671615244 -0.166839868040149 0.117073302461415
-0.00220034271163661 -0.00154951350116455 -0.0871600536336036 -0.181310630598515
0.0130751784795144 0.0222193553515739 0.290157673105637 -0.325482924064068
-0.0053053060639788 0.0464994388084354 0.594272351428177 0.0770876788689755
-0.0330456053422858 -0.00028991398411209 0.304594354147029 0.796943480950058
-0.038369839694084 -0.076270654138052 -0.504160471855083 0.771006288446849
0.0059935272455089 -0.047697249870968 -0.668018902510173 0.098951212157437
0.0181089238009729 -0.0355071161850951 -0.0885369752507928 0.0952127013851252
-0.0189429247371361 -0.00307776645913222 0.694404052263294 0.101686049235074
0.0110190596256526 0.0123905721777406 0.729385156756956 -0.594290968858455
0.0404018666472046 0.0187165674429236 -0.121746225388099 -0.894147308686201
0.042419772814188 0.00285716536415501 -0.625557422777986 -0.242311535986508
-0.00803527725113189 -0.0345383500400972 -0.350458422441494 0.256370872235913
-0.0156347357260148 -0.0206554073969255 0.0306226068135588 0.158610741096439
-0.0145807342194454 -0.00572981571158177 0.172826577863996 -0.156363576385221
-0.0235167004443318 -0.0325583830064594 -0.16934825066297 0.118616678147912
-0.0027535673680767 -0.0133957402415813 -0.0779315277794835 -0.181369494487038
0.0178005527351283 0.0151253438668628 0.305445663271925 -0.309251831546237
0.00266414989289661 0.0468256528303572 0.593567863752592 0.112600896333407
-0.0325222256056016 0.00184544925140129 0.260731398113255 0.817954891328768
-0.0432683975198446 -0.0777973808965186 -0.550920332986673 0.740147715660031
3.31848112999286E-05 -0.0518536163092714 -0.667078125780889 0.068244511670725
0.0123335120669532 -0.0395714875635076 -0.0737374462392631 0.0919081282563895
-0.0284202045174303 -0.00662326210689534 0.701118514759039 0.0704942108727196
0.0037635479071465 0.0141633905126778 0.694040178000616 -0.635184173799934
0.0438702889198151 0.0229016746991767 -0.171205126268625 -0.884497752421419
0.0513635685653858 0.00134230467800244 -0.633629971170539 -0.204254268442009
-0.00390732362736535 -0.0412941160643238 -0.337358793875291 0.270579498978975
-0.0142876930901974 -0.0303638443628093 0.037631203670512 0.156431081398203
-0.0172566257317157 -0.015613992718871 0.170441829186466 -0.153133365747131
-0.0279146141796821 -0.0409792033938874 -0.168339214286018 0.124890147103866
-0.00218217434081066 -0.0205010149006886 -0.0668879495041281 -0.17708873333146
0.0230799282559008 0.00852013563256453 0.319167335517669 -0.289067942587561
0.00844525838781749 0.0468164234144878 0.587619063534966 0.154102550791761
-0.0333577783988962 0.00427278485087822 0.207624500946018 0.839588370183495
-0.047150023768812 -0.0767880355315213 -0.601524762919443 0.704961048401708
-0.0071904314282993 -0.0525555032972127 -0.668481761990356 0.0316652491192581
0.00150205796566993 -0.0427307169644441 -0.0595201168301197 0.0875527031901567
-0.0393078363061865 -0.00572861163860642 0.704820390964743 0.0325797370211154
-0.00355873643051907 0.0180816281528555 0.647929343315491 -0.682226210886647
0.0461433877359634 0.0257508692424009 -0.228569549598797 -0.869247457063238
0.0575869340927691 -0.00263754818114846 -0.638432798938621 -0.162281761042492
-0.00159052991559741 -0.0472718264673564 -0.321754586317249 0.28590025631952
-0.0146753991935118 -0.0382062799667057 0.0472523319424372 0.156306362078224
-0.0203653991730404 -0.0235425321130066 0.166946557804418 -0.149967346635808
-0.032186197595337 -0.0432640020073811 -0.168549234022001 0.13036652342936
-0.000379349250794414 -0.023804293528561 -0.0567522688215017 -0.174278599606465
0.0276575382435325 0.00469320504161659 0.331734365373084 -0.266200907997117
0.0110471256298562 0.0471988143342538 0.580858243932226 0.195317730478856
-0.036563158258917 0.00833673004186929 0.156291079569531 0.856767289422166
-0.0535835180962039 -0.0713971857795222 -0.652653778198199 0.669586820078675
-0.0187209095394255 -0.0511497581231494 -0.673697032898411 -0.00245752838671906
-0.0127195817158705 -0.0422566956185144 -0.049954948450785 0.0826456544720672
-0.0525114207301748 -0.000993924272403392 0.701800139236406 -0.00376894385736485
-0.010266800801022 0.0279318288267783 0.595257282532367 -0.720088871924109
0.0475590147568968 0.029729583642962 -0.284744821766075 -0.850491698476458
0.0600092233363963 -0.00784845115106525 -0.645529328488022 -0.121858134406742
-0.00129299005263902 -0.0511079021087195 -0.305868286849311 0.303212412407277
-0.0150550308053199 -0.0412574365637722 0.0551442886649779 0.160723972443459
-0.0248851936338499 -0.0262205064549643 0.165589198766648 -0.140272794103659
-0.0347326632421353 -0.0417087010872643 -0.165888376818503 0.139274646434646
0.00174043149725975 -0.0223263988367014 -0.0493922569357623 -0.168354502280562
0.0304579792798267 0.00372354340549036 0.338348104651369 -0.24792734869217
0.0095390661607364 0.0455739607815748 0.567258963847543 0.226509535312204
-0.0418996217916782 0.0118425321036264 0.110299458792273 0.866392058442026
-0.0582934746318811 -0.065356141580504 -0.696534882595481 0.636518921621845
-0.0303310771501831 -0.0464612888447588 -0.679081023219883 -0.0305628733846121
-0.0286018787964288 -0.0411688510503769 -0.047658224101914 0.0781142145582083
-0.0654201021033402 0.00843535587202201 0.693769893309164 -0.0308184353683376
-0.0148753892167093 0.0393853221800673 0.552442178323414 -0.749094385208913
0.0472041237842771 0.0332764393977595 -0.327526992995323 -0.835398767935288
0.0589419494805985 -0.0119532630632454 -0.647475248046999 -0.0898778771727427
-0.00190741488229614 -0.0537524058183622 -0.295628664177967 0.317512445847001
-0.0153450623638031 -0.0405378381543762 0.0632392398246258 0.164598016689154
-0.027247795639108 -0.0254086524087495 0.16508764070875 -0.133161941995867
-0.0357279131979664 -0.0341644349555894 -0.165000242589866 0.146480387069532
0.00208569325831723 -0.0167288400143003 -0.046628239386327 -0.161000504872557
0.0306933604063493 0.00492702095222222 0.341234741201081 -0.233813058295161
0.00450594455232747 0.0433058626495269 0.556467740738187 0.245494978439098
-0.0470529414605197 0.0142509521765233 0.0754897053124405 0.868033117858559
-0.0618511680456287 -0.0566653647893426 -0.72887088779241 0.609938928554596
-0.0408832916926321 -0.0406825345715241 -0.690099843711861 -0.0496195840706129
-0.043822747623621 -0.0367946738298361 -0.0493200975166822 0.0732358463857655
-0.0742337150801894 0.0188616671187222 0.684507217564817 -0.0501978959774692
-0.0160362047636835 0.0515117357480211 0.521523438862515 -0.761356737533855
0.0455110580983539 0.0373567485030066 -0.352115241708818 -0.820849659554124
0.0536781181387022 -0.0141726572876141 -0.650216989507607 -0.0675538974146689
-0.00222778082920712 -0.0530346855682734 -0.286996583568512 0.327506234496382
-0.0147347444763751 -0.0354406025102947 0.0692564920144839 0.170185686051078
-0.0285128252471534 -0.0179162172335049 0.167930068338835 -0.127281681265387
-0.014530394844889 0.00976741486356372 -0.144927940015354 0.130328919276529
0.00154773030866626 0.0203586253580122 -0.119181800362588 -0.16119689788349
0.0120422661832497 0.025966624503322 0.223554785990054 -0.368512842039678
-0.00328749112372934 0.0454354765180348 0.583807452017645 -0.0374446495152587
-0.0251048139034387 0.0189273458342458 0.436963671616093 0.721533591711195
-0.0411292195452543 -0.0334464999196072 -0.358285559619672 0.840406804224175
-0.00621467781343953 -0.0224680411454451 -0.653871312679325 0.215724076653932
0.00887081178628887 -0.0204122305565351 -0.104776705293662 0.105948114983971
-0.0112148015884733 0.00921872738935979 0.682375474456259 0.0713112853541933
0.0136813956508903 0.0129902052367171 0.713863444496308 -0.613056626322872
0.0231036475624326 0.0120600723565734 -0.152910507722268 -0.893611477454482
0.0227849166699734 0.00783537567282519 -0.647838359232186 -0.231340734701591
-0.0133457809710345 -0.0172428923980111 -0.343296723527485 0.27810053904469
-0.0159402426665114 0.00318468767954504 0.0375262596580848 0.167172609814465
-0.0137714327425208 0.0183078735885701 0.164075627806533 -0.15873577678903
-0.0183172021733046 -0.00249288065634336 -0.148587644629549 0.130069350619186
-0.00224089653425547 0.00840344442846264 -0.116167376437113 -0.165653620666656
0.0135897244732519 0.0198314142152309 0.231954983418957 -0.365393084908253
0.00450516034653734 0.0439504290304355 0.588759995567163 -0.0254595692851346
-0.0215022801205746 0.0178993883318055 0.426375643237445 0.731210931571708
-0.044423651158412 -0.0416901074082446 -0.372427563129486 0.831897116437389
-0.00383177208706628 -0.0331580984451911 -0.648082620290017 0.202579248369212
0.0151904083422677 -0.027408585947541 -0.091034808731806 0.106251104186987
-0.0089162969552945 0.000138433313954019 0.692041240156539 0.060009595844422
0.0116687673900967 0.00524611620486464 0.70242146507013 -0.628128239000096
0.0272874706809284 0.0123139264835799 -0.168628049211174 -0.884938527559813
0.0312969217012906 0.00844476062174454 -0.645875153900388 -0.214976142851176
-0.0102134589766393 -0.022609162809003 -0.336109143151435 0.280968560986055
-0.0162122950956774 -0.00817051308660715 0.0393607485896942 0.16231808205414
-0.015089605027859 0.00666237867237258 0.161990424530153 -0.164310580251138
-0.0233932563489585 -0.0143635133536468 -0.148185711298873 0.132802399166857
-0.00651788244336871 -0.00335346848163827 -0.107891411047657 -0.168022575046772
0.0171036080077246 0.0117462781322535 0.244161433521828 -0.355390667458224
0.0131173115173933 0.043538795678851 0.594393514342009 0.0013901950692989
-0.0189639184663658 0.018191179196918 0.398398181075204 0.753691979229882
-0.0487847808953477 -0.0464486636579763 -0.403625791306774 0.813976088832242
-0.00707009004831171 -0.040083522387424 -0.647673659335947 0.178106734753418
0.0151734361094022 -0.0343308937981901 -0.0754398626322196 0.103342947580702
-0.0125757145695543 -0.00705607072520355 0.700020745411558 0.0347893755118454
0.00523073435166063 0.00228836533912476 0.677438363022654 -0.659789913748683
0.0315101246550893 0.0145633190957816 -0.205211938864773 -0.874325298160495
0.0427203066379922 0.00750678784345575 -0.646949973108922 -0.186372977278013
-0.00566706732944504 -0.0296414177022885 -0.325890701913669 0.288874359592866
-0.0160626556012625 -0.020397952884992 0.0447537944539284 0.157163711798218
-0.0178149717274414 -0.00493063364528061 0.157641432787442 -0.167256023806195
-0.0300690219989773 -0.0250729094831375 -0.149505648617948 0.135144738724317
-0.00743385520613114 -0.0146065869116904 -0.0992349691739539 -0.169418703653809
0.021522611157392 0.00445869683261426 0.263297021667026 -0.341073137348869
0.0217071844206275 0.042444671468058 0.596945847440794 0.0392343635088142
-0.0184909107942547 0.0206662718870012 0.356575507895384 0.779161112320132
-0.0548230735097527 -0.0475833167861697 -0.451584486576213 0.791774023919441
-0.0133252744048573 -0.0438757102146901 -0.65072583100781 0.145664601532884
0.00770605317601331 -0.0385318430679205 -0.0611875770747726 0.0992722698300444
-0.0221589211109892 -0.0097285886951476 0.70518680199791 0.00366091093866219
-0.00259872855064851 0.00423477416766838 0.635670050950124 -0.695843390129191
0.0348036248982559 0.0178799462248972 -0.252879444228695 -0.858060907467493
0.0514825828402922 0.00484156859572009 -0.650329896705471 -0.14692401624985
-0.00244642038664941 -0.0365435820990517 -0.311513671946593 0.301539758440876
-0.0169216770148303 -0.0300268830758901 0.0511406696827049 0.154744135959049
-0.0219315150326594 -0.0152179668279814 0.155898022846639 -0.163861295191084
-0.034596342661681 -0.0321577482958176 -0.148313102960145 0.141806722250531
-0.0072814561299459 -0.0224390606610306 -0.0873238378154238 -0.167097974590863
0.0258728171173034 -0.00198344007593224 0.278303938251238 -0.321173608281965
0.0275292374912936 0.0432793534024239 0.597519377772947 0.0812116799043358
-0.0198768208095934 0.0246322335584746 0.308516681197264 0.807407411273577
-0.0607527985812499 -0.0460927471531737 -0.50505488615697 0.762611761217028
-0.0222928563438654 -0.044593786840146 -0.656250800084892 0.110396630809052
-0.00211411703578249 -0.0403030646153765 -0.0467599744343358 0.0933240737174425
-0.0343564501198207 -0.0086351324374065 0.704458213839367 -0.0345775052057556
-0.0103931707400636 0.0101328531884034 0.583747856736812 -0.738704473597526
0.0383321173444079 0.0215327005239189 -0.308146907599189 -0.840220449273775
0.0577886491414548 -0.000477263705897669 -0.653248752968318 -0.106059979866754
-0.00123169042096767 -0.0437776605985823 -0.293070403721967 0.316421443807889
-0.017126174856006 -0.0380153128479129 0.0601518561248882 0.15441800298484
-0.0259671415417005 -0.0225439046257838 0.152966309319734 -0.159887450186598
-0.0400826226675151 -0.0342268983942266 -0.147138016615017 0.146811260400762
-0.00542454360935331 -0.0266325038935558 -0.0764977137374325 -0.164616014175686
0.0302672916204648 -0.00642925003795728 0.293073743064526 -0.30079495203328
0.0306338035291392 0.044141204526892 0.594799849692698 0.1209515720039
-0.0249198995560522 0.0302121435996909 0.258232361064784 0.830457148734782
-0.0684430471153749 -0.0405543015825202 -0.558395530112741 0.731444469967242
-0.0328931516118671 -0.0418328449879885 -0.66465646014099 0.0779158202955077
-0.0164408691956427 -0.0388814688152799 -0.0390876553276535 0.0868899720987036
-0.047136755947428 -0.0018898527310635 0.697460666984215 -0.0699283499005236
-0.0159278793674523 0.0215011314920699 0.530291260518291 -0.773711355220959
0.0408057465907431 0.026404147141776 -0.362730195939085 -0.816668274972273
0.0606419809618528 -0.00583620538248056 -0.654543493017145 -0.0638382084341799
-0.0014931724406696 -0.0480255588422381 -0.277570173350956 0.332515247676735
-0.0180485319479937 -0.0422775474690086 0.0685478455567753 0.156863562426853
-0.0297470521735237 -0.0254592082943565 0.152505085797798 -0.150298568437542
-0.0426209927909167 -0.0319724656109403 -0.143464633236301 0.154302882127298
-0.00394561967044243 -0.0245624957749634 -0.06844512870213 -0.160033288530771
0.0332976723914653 -0.00765824076380162 0.303907463811721 -0.283367780290754
0.0285861572747785 0.0440246996098155 0.58585522558427 0.154220168252198
-0.0297864744553242 0.0342364027614461 0.212995404669221 0.846714576739218
-0.073436029704788 -0.0337405155285814 -0.608345736826668 0.703266005581731
-0.0447303093725075 -0.0355605135230782 -0.674277587461703 0.0506304631983156
-0.0322042310362382 -0.0354552200970481 -0.0371157428929858 0.0820134780373026
-0.0597357155775735 0.00881078053645632 0.688167791485544 -0.0971609622059277
-0.0198068057722161 0.0341291709777254 0.484949899731571 -0.796422223096598
0.0406708471743434 0.0305467878420056 -0.40288838285243 -0.796918329088624
0.0589882754506928 -0.00971284753162403 -0.655982418155164 -0.0309593396809487
-0.00135660193311746 -0.0508873614878494 -0.265446459191926 0.345337998225732
-0.0184964920684456 -0.0412502689876177 0.0769856887999748 0.160684304485234
-0.0326959035046675 -0.023476897781011 0.151993740131681 -0.142671249225563
-0.0425170258940955 -0.0232742900023056 -0.141882770016583 0.161773261342849
-0.00251256347392981 -0.0182727337646481 -0.0642790362113514 -0.152814557835097
0.0343981709054542 -0.00670595747776143 0.305797165600902 -0.270699086406049
0.0233675743577544 0.0427378645266124 0.576725888121181 0.175292453544178
-0.035555184172666 0.037920592111542 0.178572554949719 0.850473884732453
-0.0777950427375848 -0.024858336697693 -0.640675829409281 0.680809379430842
-0.0547524378941283 -0.028810397641031 -0.685598691171075 0.0317881164634466
-0.0462299098429171 -0.0290678333238052 -0.0395693272930606 0.0775703249002645
-0.0676548842170988 0.020675211947702 0.676916623670078 -0.114676270269706
-0.019772810978302 0.0465779844103041 0.452383191213132 -0.808360474814017
0.0394457955351231 0.0332703385422636 -0.427119091461717 -0.77933207692713
0.05427764570535 -0.0118486910735042 -0.655708078013008 -0.0106632962933127
-0.00210752518709507 -0.0496730261601368 -0.256047736693592 0.354617880720509
-0.0171658761624328 -0.0350103255747644 0.0841821414510958 0.164661306586958
-0.0325613353962043 -0.0160098139426173 0.155908128526362 -0.137654768261624
-0.0144050587869728 0.00985185527012696 -0.143063857268733 0.130626052177013
0.00251219451871468 0.0200002617971755 -0.122393012256875 -0.159425357210613
0.0130005616983785 0.0262431924923038 0.217393204936307 -0.370029871442174
-0.00301115564781761 0.044964676909168 0.581404882782029 -0.0455142313228876
-0.0250374712373731 0.0186071098632949 0.446979213502761 0.71165249340145
-0.0410813816006316 -0.0332384871765831 -0.347388228827168 0.843884965926356
-0.00507533312846126 -0.0222020278433477 -0.649638782250141 0.222436605975013
0.00897190217940974 -0.0200076183755023 -0.102846972384096 0.10682233718355
-0.0102659001046448 0.00923221725643332 0.678681337856788 0.0607921121489963
0.0137518116135546 0.0126215074497237 0.703502207379463 -0.617772277320114
0.0226852675898167 0.012195260754807 -0.163820290604732 -0.886375191410558
0.0221980603828449 0.0074993547669151 -0.648873264108416 -0.220591790499411
-0.0129325592176727 -0.0166168458959376 -0.338931116092119 0.281512859503939
-0.01586243225183 0.0032460496056356 0.0388995136084312 0.167433596942802
-0.0136882228470956 0.0183634782543169 0.161274613926716 -0.159056151851264
-0.0190841054401062 -0.00223433397810116 -0.145895192587189 0.131002015355659
-0.00115389380642232 0.00843443422455902 -0.118520234029367 -0.163099159730116
0.0142625635701618 0.0194767428318524 0.225844842077481 -0.367314555713709
0.00635885097714728 0.0437416585844683 0.584887964874377 -0.0336815323310793
-0.0216670496743346 0.0173382157602894 0.435128946595229 0.724723049516182
-0.0446488087218359 -0.041170519017663 -0.360124403632893 0.834110246660007
-0.00255925865921711 -0.0327987694618938 -0.644410573148968 0.20838297812743
0.0152584857937784 -0.0274433135147645 -0.0892097143823323 0.106848675026617
-0.00809878660768528 0.00061878296041435 0.688837163324219 0.0505085643756833
0.0110614397884435 0.00500778160152081 0.692652831349586 -0.632502930551086
0.0271728298486815 0.0125050187400928 -0.180417500442503 -0.879194703018662
0.0319588052148902 0.00783883270925446 -0.64843744329779 -0.205534806072135
-0.010209513085864 -0.0216289057835284 -0.330084329061217 0.285765017195891
-0.0161785132132864 -0.0083929771940314 0.0414340768233858 0.161475045769987
-0.0156013755799299 0.00673696486004285 0.158904803961987 -0.164478768992138
-0.0239719096607524 -0.0145005880665728 -0.146018597027733 0.13345312770707
-0.0048569967618823 -0.00380243434379885 -0.110230196291069 -0.165691822509793
0.017336386076878 0.0121829069823562 0.238756472125219 -0.357179994258441
0.0142946731138009 0.0436500333649394 0.592735942323534 -0.00500204471070645
-0.0187423408738228 0.0182790474286283 0.40790508988127 0.745892526276473
-0.0496986527299204 -0.0465170014414102 -0.391508931341233 0.816909445769115
-0.00695372250835598 -0.0395581943409918 -0.643158683793449 0.18538480955468
0.0142568548387283 -0.0340226589383331 -0.0738423726292941 0.104172999537026
-0.0128471961626584 -0.00662467787169872 0.697720944061227 0.0256441354158463
0.00524753858627174 0.00166013301963586 0.664292271653345 -0.664190394229036
0.0310770401980911 0.0142221264574656 -0.215034927368847 -0.866295072298547
0.0425325866640968 0.00711125033649525 -0.648635727232995 -0.175743097266838
-0.00658015059149584 -0.029032868385289 -0.31940278852603 0.293454781099146
-0.0166882714270058 -0.019927286303824 0.0465787817405232 0.157134623924844
-0.0182827899605854 -0.00484925395633736 0.155315757360168 -0.167389475819853
-0.0303093398154641 -0.0244202475032954 -0.147126082263385 0.136206450714648
-0.00676791416213717 -0.01462493225782 -0.100966087146605 -0.166759243432281
0.0210962707939522 0.00437167983265606 0.256641754650066 -0.342047931145521
0.022968339636685 0.0425549624879498 0.595522432266856 0.0303104355408549
-0.0183250436909041 0.0203585136375049 0.367032837106098 0.771015569822084
-0.0553277299517129 -0.0470298065601002 -0.439384758085648 0.795228482455008
-0.0127173815216035 -0.0436691269323862 -0.647187676051841 0.152559868364977
0.00825003945318095 -0.0378182264010498 -0.058973114997422 0.0995795245108717
-0.0215778693654933 -0.00962059788791403 0.701859629155375 -0.00524797816574695
-0.00283458997305386 0.00401336573396543 0.623017579266467 -0.701242813556933
0.0349016570319069 0.0181413574055632 -0.26179705032789 -0.84994695512726
0.0516906959186246 0.00388003617616711 -0.651124168228732 -0.137608109307715
-0.00276868875229748 -0.036348013641963 -0.305775283289349 0.304504107997839
-0.0174935124759668 -0.0307032271672729 0.0527681926319333 0.154353679263177
-0.0224838301050291 -0.0146201532842526 0.153350253164329 -0.163645596508796
-0.0351569477912466 -0.0309370979074997 -0.145594887375361 0.142005618382472
-0.00703732464007096 -0.022879657337617 -0.0897354896858997 -0.165090887865055
0.0265170109267124 -0.00254287194812937 0.273325983565632 -0.324267152268107
0.0284469415805148 0.0430174492738888 0.595966299896977 0.0738188260587133
-0.020427114293257 0.0245396002459575 0.316208543522658 0.800655547759513
-0.0616352619907846 -0.0455940643781719 -0.493769907201286 0.765572510128308
-0.020756291739534 -0.0435345341040783 -0.652020275687042 0.118003988390197
-0.00255751292677497 -0.0397481728931888 -0.0468079692560745 0.0939674243368044
-0.03324923845131 -0.00820169003635379 0.6993534947586 -0.0447308855869469
-0.0100539466356598 0.0102165253495556 0.572694051948027 -0.74218210957483
0.0383641101532393 0.0212885653158289 -0.32022563705248 -0.83067049703368
0.057089983447924 -0.000623410995424161 -0.651822769147208 -0.0958339701675472
-0.00182173900739713 -0.0423272363250333 -0.287843939848391 0.319055379710697
-0.0179288285305012 -0.0372615135818067 0.0623053478864155 0.153994424263074
-0.0262503102118622 -0.0220501870994871 0.150513202921267 -0.1606897066164
-0.0406185273176052 -0.033157686429867 -0.143309989857116 0.14718992095034
-0.00496937972363229 -0.0264668460852362 -0.078470381243271 -0.163115446603525
0.0306475776164357 -0.00654270402898348 0.288526522608314 -0.304539604610074
0.030786959045093 0.0443853754178997 0.593714190970427 0.113520902231786
-0.0246797316744445 0.0292319661744591 0.26641416599278 0.825173538312528
-0.0676673595309092 -0.0403847073091092 -0.548373150210885 0.736380716523587
-0.0322208648963191 -0.0405489953121493 -0.660420683512166 0.085071716277636
-0.0163222261015355 -0.0386205817006521 -0.0377603690793057 0.0884101863486397
-0.0468165763035999 -0.00132292259782222 0.694944203703344 -0.0792241424692833
-0.0158199417088473 0.0218864553773428 0.517373015272156 -0.776673068069156
0.0399816802963262 0.0250729675346055 -0.370976760336808 -0.805203453998124
0.06086562543198 -0.00626824011326716 -0.65329848114309 -0.0537372763960757
-0.00228066799221802 -0.0474023219308785 -0.271437638191732 0.335793237429926
-0.0184060781966184 -0.0417578190372389 0.0710838635158862 0.156022137226158
-0.0301905628664684 -0.024346963353787 0.149205599218834 -0.151191856309526
-0.0429931894537283 -0.0309944362508724 -0.140540878416137 0.155078593449629
-0.00288133204195389 -0.0249524142112902 -0.070625415492374 -0.157450050225201
0.0340912820893798 -0.00874516563706838 0.298643987006694 -0.285133143339977
0.0299590942403205 0.0436983510438441 0.586046813715756 0.145526139516431
-0.0296131538496485 0.0341604770532931 0.223466419433582 0.839276934271397
-0.0741199545160583 -0.0325913948096297 -0.595542684846788 0.709358999981966
-0.0431797891189545 -0.0352547735856487 -0.671153192196012 0.0604884160946441
-0.0316738219495668 -0.0343345165900363 -0.0352783698071734 0.0827705061915274
-0.0586585041936335 0.0093063973012019 0.68333675911145 -0.106168266287463
-0.0190394075321512 0.0339804387259737 0.470992812320727 -0.800677253051976
0.040827079507893 0.0298385539134418 -0.411688659814416 -0.786803452417658
0.0596316033575125 -0.0104402188572813 -0.654278118210928 -0.021440282473612
-0.00194549759941599 -0.0499664316254698 -0.259263272989316 0.346680588777908
-0.0191429140060027 -0.0404739614352201 0.0786242004840715 0.15984993559009
-0.0328419422080055 -0.022673120377275 0.150947941937218 -0.143521332397583
-0.0425476287117916 -0.0233373112873693 -0.139518670500018 0.162766787507179
-0.00167691464939423 -0.0187678890370402 -0.0659734762459309 -0.151514740198023
0.0346448621356937 -0.00691661964836766 0.3027492125233 -0.273694653439751
0.0245370389460715 0.0423026358734079 0.57642677348923 0.166586294614651
-0.0353518606619285 0.0380742567451126 0.189645492632574 0.845837457115239
-0.0777045290477657 -0.0245346989105617 -0.63106026510304 0.687320432569056
-0.0541311381723859 -0.02734415521057 -0.682750227986658 0.042624529216966
-0.0455456075985942 -0.0279762861569452 -0.0379746842620727 0.078027010938302
-0.0667939495620488 0.0211336003930308 0.672980754985227 -0.122660036310271
-0.0192386619552205 0.0465056573321251 0.440161415042137 -0.810297669559341
0.039957748181115 0.0333769065329277 -0.435345150907145 -0.77011382849647
0.0546315033089975 -0.0128669415026846 -0.653622704017361 -0.00125715356431019
-0.00270071972181409 -0.0488098076945627 -0.249777769537592 0.356693378232066
-0.0182715559529894 -0.0354586772427168 0.0856484794427268 0.163884048186897
-0.0334065495873621 -0.0160985266724113 0.153872207262869 -0.138237313388184
-0.0142544397354183 0.0105148374996141 -0.140768619129212 0.130602595995212
0.00416294282612498 0.0199482282099802 -0.123788469797328 -0.156401775191445
0.0132302356413346 0.025499317124257 0.211691755704487 -0.369695912788108
-0.00166279478308359 0.0449626712656073 0.578264458872916 -0.0537071171911939
-0.0254526454049531 0.0186507723668434 0.453219225198814 0.703351974726377
-0.0412277625506931 -0.0337394254358519 -0.335225259500196 0.843235269102138
-0.00415019591926945 -0.0221605683668337 -0.643540625158329 0.228294951071742
0.00854601063133177 -0.0196821069762504 -0.10045370822658 0.108338182748058
-0.0107042339067195 0.00953566314855003 0.675855743373987 0.0535778478821672
0.0136183888296644 0.0125366185109401 0.692088329507116 -0.620869217624508
0.022712523128505 0.0117533387083671 -0.174425678682251 -0.87765145509359
0.0225294088313806 0.00698949551843464 -0.648071180153889 -0.209667563253744
-0.0149089712978988 -0.0163446518947045 -0.333023340861678 0.28582786103254
-0.0162414303327075 0.0036290570574738 0.0408986462818778 0.167044537230414
-0.0140384308837588 0.0181198120072774 0.157472993353515 -0.159656703353895
-0.018871793932007 -0.00210967457359243 -0.144241469772634 0.131365131385983
0.000250176799460978 0.00774680435348196 -0.120598090654603 -0.160608373043887
0.0139991700141491 0.0193580056529183 0.219227470478403 -0.366715024101354
0.00641325867104298 0.0445771878981585 0.582667470559619 -0.040909838795397
-0.0221653000961894 0.0171340465263227 0.441066235145278 0.714835548242769
-0.0454677517960624 -0.0409162040237178 -0.348566816644415 0.834353346030119
-0.0023216680461436 -0.0320750662850578 -0.63849852540184 0.214440895919437
0.015459404607657 -0.0273279586498221 -0.0869117082550491 0.108086476943077
-0.00768065090573096 0.000240953382096624 0.686378496122536 0.0409929183677287
0.0111009946034699 0.00507324744902224 0.681106459718366 -0.635990593804765
0.0264936906355155 0.0123480408274255 -0.189851616607758 -0.872660645009604
0.0323329070343841 0.00795798316480235 -0.646778811678565 -0.19539121901128
-0.0108727144277727 -0.0211130081565246 -0.325659140545082 0.287105525312573
-0.0169321201309236 -0.00806507179982112 0.0432798822606947 0.161235630573482
-0.016065150669302 0.00689687470991488 0.156176415842789 -0.164730626636891
-0.0240049649279788 -0.013678671833071 -0.14395441860322 0.133832975439042
-0.00336363527721769 -0.00350371035057974 -0.112863850035959 -0.162971096140363
0.0173214844558061 0.0117259592718025 0.232358906088295 -0.357996340749989
0.0144774684299904 0.0437150570801957 0.589655359045661 -0.0125531872006914
-0.0188182007341785 0.0166923712813806 0.41436297577536 0.736909790486006
-0.050120555623527 -0.0457082169450123 -0.380604017164489 0.820196187293604
-0.00510682294643435 -0.0393010581396551 -0.637179424616237 0.191725386996922
0.0143707474413977 -0.0341900316029018 -0.0718396530552834 0.10502013434926
-0.0119250727637536 -0.0067346156990016 0.694187474489559 0.0170069228880104
0.00552424605164498 0.00133883340402129 0.653207048438536 -0.669261176100051
0.0309018526874666 0.0140192564339864 -0.226571063431558 -0.859089313540886
0.0428994684596343 0.0065070667029778 -0.648023108206161 -0.166665389504197
-0.00705179322577755 -0.0283592232774475 -0.313794332746655 0.295834421922935
-0.0166003318232838 -0.019998669304178 0.0480253249116717 0.156620220622692
-0.0187208899285229 -0.00450363764261215 0.152180574592485 -0.16806225845828
-0.030366192762129 -0.0230306017899531 -0.144906466086958 0.135906702045673
-0.0060502302915664 -0.0151258469265436 -0.103768274068107 -0.164489900370401
0.0215269405890327 0.00423206357703287 0.250936463557502 -0.34428552872946
0.0223444375510939 0.0422589958463304 0.592166144867155 0.0221257344310983
-0.0185369145402941 0.0199829331163713 0.375080488065042 0.762474742327049
-0.0558630741085608 -0.0464378033760926 -0.427600919912118 0.795774329038871
-0.012138471916564 -0.0424668789317724 -0.641190295999793 0.160539678134845
0.0075564059922588 -0.0381489711183511 -0.0571141010444096 0.100418701870769
-0.0216864637969563 -0.00971977340917588 0.697902915787171 -0.0138537314881922
-0.0026300507564057 0.0037247645829252 0.611839211838983 -0.703982615200782
0.0340438135655615 0.0181591747757487 -0.271964947730725 -0.842824338400713
0.0516321651818077 0.00352674291273246 -0.648971180037546 -0.127507591309429
-0.00380319633347077 -0.0356349682946037 -0.299793863624508 0.307796068208048
-0.0174546769217515 -0.030046007852203 0.0548108598540268 0.154133636053942
-0.0229483964331283 -0.0143988664140175 0.150598310711873 -0.164206326298858
-0.0358719462898149 -0.0302584230811973 -0.142140149255213 0.142638785309183
-0.00615683453866449 -0.022573968468108 -0.092009851644817 -0.163144623356255
0.0259429577146173 -0.0030657904448942 0.267078963547229 -0.324663995470552
0.0288313491692699 0.0428026969743614 0.591906750055493 0.0657774178146296
-0.0198203569638435 0.0234462623960965 0.326244788481588 0.793322073770707
-0.0614349082381051 -0.0451739333051948 -0.483594362227132 0.76884776663179
-0.0201545876676633 -0.0428807068620875 -0.648498608152911 0.125842480578877
-0.00202222837676291 -0.0393714607838892 -0.0448336014635085 0.094110882746028
-0.0333553450098074 -0.00784545449971309 0.69519645021154 -0.0526409120316994
-0.00954046136657146 0.0100574382943469 0.561661817588805 -0.74538982855552
0.037582764671918 0.0208656989065447 -0.32874089830586 -0.822930798894254
0.0580063883152303 -0.00120847514977707 -0.652539113574091 -0.0863861229775472
-0.00263207661559895 -0.0422204498184545 -0.282465828653006 0.320975359562286
-0.0182849958973257 -0.0375004445288694 0.0633208415625656 0.152457172855483
-0.0271711301273869 -0.0210604860142486 0.148044127253974 -0.160380850081801
-0.040921102164741 -0.0322209610914584 -0.140621277315313 0.146860792230898
-0.00469949707891824 -0.0263480501460648 -0.0809825343444445 -0.160852831237902
0.0309521911512745 -0.00682815068350657 0.283763049076089 -0.305598956385815
0.032103414635539 0.0431294892507614 0.589546711411292 0.106416844501286
-0.0241562030552134 0.0295714407324713 0.27776577459715 0.817870589227338
-0.0685072832353964 -0.0396903067754401 -0.535309596837507 0.738039427480777
-0.0309355301046786 -0.0394584097957237 -0.657031861106539 0.0924846550568971
-0.015977472481243 -0.037574824426843 -0.036909615877813 0.0880907415687483
-0.0462724891484041 -0.000699832673482996 0.688501937573468 -0.0881150838739156
-0.0156267423359516 0.0215176131209957 0.505057370457087 -0.776979547079531
0.0400814350983203 0.0252852274332098 -0.380602005121389 -0.796210083127745
0.0605864444340479 -0.00746484295855144 -0.652793890532541 -0.0451212929931478
-0.00196667741262694 -0.0467058989348131 -0.266622133755127 0.337805848557962
-0.0195887027923111 -0.0418616999678618 0.072285015003104 0.155150215872408
-0.0317374865802063 -0.0238428097795236 0.147022682593702 -0.150898013645646
-0.0435885312052684 -0.0294403381115044 -0.136573945865276 0.154966868893794
-0.00315207315912609 -0.0251025657088122 -0.072769685046948 -0.155711783605429
0.0336232124948435 -0.00852129561870669 0.293566429739616 -0.288140686422572
0.0303608942888991 0.0430682138393984 0.584288556727768 0.137357340633064
-0.0296418943185654 0.0341541411728343 0.234591734494975 0.831668847143368
-0.0743257927870417 -0.0322407242681997 -0.58462512283739 0.713219701811834
-0.0430793132186116 -0.0332377801864592 -0.666319645616067 0.0664413102167548
-0.031212753140325 -0.0335856954409534 -0.0338006531087003 0.0835291724783391
-0.0580082566179869 0.00961257587638811 0.678832964046657 -0.114262959497564
-0.0180841192067532 0.0342121144663731 0.458504224756835 -0.801462348036052
0.0407797011890095 0.0289299528262683 -0.41884908466741 -0.775423787453763
0.0592029027497473 -0.0118438760911519 -0.651272462581732 -0.0130603495413164
-0.00329137619344241 -0.0489141579421961 -0.252933840300067 0.350358903474332
-0.0195669412508833 -0.0401291538559029 0.0806467113535745 0.158562346935267
-0.0335604951292846 -0.0217112685709188 0.148461209271914 -0.14380317483901
-0.0433896675419997 -0.0219856118757538 -0.13584076789731 0.163046716118641
-0.000653344843316275 -0.0180365554135695 -0.0682044266288942 -0.150189214942466
0.0347792005027121 -0.00775945814754357 0.297188148468623 -0.275123567833622
0.0251330060445777 0.0421103136233732 0.574358098092782 0.157905345414389
-0.0352305802578461 0.0384150922409357 0.200997866985257 0.840316962369535
-0.0777495518464857 -0.023918641687338 -0.619491141334309 0.692189246033338
-0.0528779174796684 -0.0266720017732401 -0.677832937753165 0.0505103413213469
-0.0447460288682832 -0.0275888936886904 -0.0363597785935488 0.0788961390632185
-0.0656557540296407 0.0220878993280879 0.66693962271973 -0.131312269211977
-0.0182246441653535 0.0458213946466654 0.428824112109881 -0.809861391748853
0.0402766628102114 0.0326908740802574 -0.443241738485386 -0.760380069100961
0.0548864717828401 -0.013316159625705 -0.65211525391335 0.00743719087284145
-0.00431251861699287 -0.0484862171083229 -0.244219261746978 0.358798451437747
-0.0191342147686773 -0.0346896842033731 0.087824209856426 0.163329853000404
-0.033945726972923 -0.015131967531637 0.15171247739386 -0.13858975359279
-0.0142078182842422 0.010699948237749 -0.138378526011824 0.130622724595568
0.0046499614351649 0.0190510439678402 -0.125657715701141 -0.153651417224315
0.0136365549581422 0.0255857395265545 0.206330858043748 -0.370269892243106
-0.00101379989300516 0.0448507019787336 0.57235512072203 -0.058989772645265
-0.0251918241618012 0.017620324589783 0.459844958831974 0.694255622223309
-0.0422579477615967 -0.0329482104926535 -0.324799079987614 0.84015541248322
-0.00304488712124884 -0.0217684062941771 -0.636958715306124 0.234671016346943
0.00874644641445788 -0.0199859475669752 -0.0979951994226925 0.108891058261485
-0.0101911082870046 0.00973028976938943 0.671973923805212 0.04509763550256
0.0136023707191803 0.0120601072949199 0.680742698830175 -0.623315882693912
0.0227400436867236 0.0118453515999216 -0.181433241715843 -0.868967998926847
0.023328146429417 0.00635258403432384 -0.647784483522712 -0.200421238272312
-0.0143432575797444 -0.0150027329931691 -0.327780061462788 0.288258231972405
-0.016080358484525 0.0037787422589548 0.0425589950731462 0.166396789452672
-0.013746645659495 0.0181545769078087 0.155195551334125 -0.159426657238393
-0.0188708036106392 -0.000686677001447459 -0.141741438408624 0.131442065742281
0.000434110821536431 0.00780675128619398 -0.122198814829138 -0.157666480734358
0.0150652264618838 0.019409675739379 0.213898954233454 -0.366949415559786
0.00729577538167744 0.044081137733941 0.576744486268347 -0.0466512657077093
-0.0218337923143163 0.0166128859132356 0.448543812817469 0.707132245156832
-0.0453733250957195 -0.040992185161092 -0.338655313107533 0.832262020437195
-0.00176389065374638 -0.0311983946048235 -0.631508691862859 0.221168308895362
0.0149964982617242 -0.0276783417811027 -0.0856896884228235 0.109031732637717
-0.00788983915949557 0.000525021546260794 0.682218560463508 0.0329657321526698
0.0105714713331945 0.00407877249458114 0.668424523654438 -0.637070843251129
0.0263659042880245 0.0116799221735817 -0.198706924932325 -0.861403733504487
0.0328977590609894 0.00746929024187823 -0.644508973952792 -0.186955733255883
-0.0107050898127144 -0.0204351069345375 -0.320062028974884 0.28948335668179
-0.0169199917039157 -0.00754429920178289 0.0435796510549142 0.160666300508957
-0.0168657807475406 0.00705913877369872 0.153320537584229 -0.163781084939513
-0.025141661955868 -0.0126946545666542 -0.140752303604463 0.133754207247684
-0.00250114665975836 -0.00393665610180025 -0.114672922754746 -0.160697649719533
0.0178932182606819 0.0116645311412385 0.227162700739679 -0.358928523922933
0.015569596178294 0.0428732065805889 0.58380579186237 -0.0200552443906769
-0.0194696237634503 0.0167933441922397 0.421142242316244 0.728595978325287
-0.0497718554998638 -0.0451589983848649 -0.369880113459359 0.817926051688054
-0.00482686144107636 -0.0382211786018402 -0.631512955786626 0.196619100077062
0.0147980746651558 -0.0341379397912405 -0.0710013266403595 0.105547324587278
-0.0122829501337956 -0.00643255617023744 0.688388540610004 0.00779010325547458
0.00481275561842928 0.00190229412654183 0.641083412674546 -0.669519323680155
0.0307545008148414 0.0135042044239392 -0.233718146679989 -0.85159342838251
0.043326250132227 0.00579862067285239 -0.645415895379564 -0.157948719193275
-0.00750912096719082 -0.0276895075225852 -0.308488726230051 0.297919510590496
-0.0172003981373851 -0.0193932080359241 0.0493158716704033 0.155896436729776
-0.0195043511472917 -0.00449435444158873 0.149046737895859 -0.167069174795669
-0.030815135378108 -0.0222973762840251 -0.14211371796868 0.135911957077557
-0.00539513668217954 -0.0150883652525738 -0.104948392177803 -0.161761677568439
0.0213293279766985 0.00355194737124758 0.245543048076417 -0.343520928565351
0.0238018807062008 0.0424241961431632 0.58783284148127 0.014172987851144
-0.0188648650526342 0.0202221362599035 0.383243518347804 0.755467578818058
-0.0553193689964915 -0.0460948128712982 -0.41625743877701 0.794017275762696
-0.0106238342493458 -0.0414377957927955 -0.635804486949906 0.165074224476675
0.00788737277917393 -0.0375567449255517 -0.0556804604381953 0.100428730431854
-0.0216466187135196 -0.00899580181189967 0.691438849758988 -0.0225258301443181
-0.00277118840341451 0.00362714428326372 0.599708882235048 -0.704675145707264
0.0346814955665785 0.0173934625742263 -0.27987081863639 -0.832113632890125
0.0518069772063862 0.00273993020318072 -0.64770010209256 -0.120473805200013
-0.00484672032292231 -0.0347331550620235 -0.295166407489579 0.311108553793929
-0.0187868047051158 -0.0296459712471272 0.0560938882298597 0.152942818442952
-0.0236318323316272 -0.0134435048707035 0.148227538051242 -0.16412724816679
-0.0360465297463942 -0.0289914538803263 -0.139468870271084 0.141753846596506
-0.00545279559814699 -0.0218486586071785 -0.0926443701844978 -0.161196627129136
0.0263665444203217 -0.00287276372019128 0.261593071904542 -0.325245689077272
0.029278959519637 0.0427452846628599 0.590057246170408 0.056357378941404
-0.0201888133973901 0.0232786758352368 0.332987013595055 0.784056589530527
-0.0619370580545888 -0.0437490783541366 -0.470784792085119 0.769994982017449
-0.0192204228696707 -0.0414873690508476 -0.642083243396603 0.131391989730563
-0.00223409134914413 -0.039198508099364 -0.0434468388934934 0.0940036492499225
-0.0329166749214039 -0.00756554102862893 0.690836690265014 -0.0598723233754252
-0.00889417583561619 0.0104933088088904 0.548214905463492 -0.743594910223429
0.0377568222918987 0.0201120845149004 -0.334005040966546 -0.811822659561703
0.0581314905814041 -0.00203420713424428 -0.648512393700792 -0.0788510447445069
-0.00315719028307758 -0.0415319894848195 -0.27823892449696 0.32415550662551
-0.0188116922758713 -0.036993385919847 0.0642988897440734 0.152138344407749
-0.0274579941776016 -0.0206334251728969 0.145800117984668 -0.160511614011706
-0.0409350719912404 -0.0309750132146267 -0.136951648238714 0.147016344304779
-0.00405504368620687 -0.0264247900695476 -0.0824557268905859 -0.15904393381301
0.0305428746082137 -0.00731607908260688 0.278131801163261 -0.305997604524646
0.0322581034555531 0.0428493581420492 0.588749676322867 0.0981015351807401
-0.0241392258702006 0.0290803302508926 0.285467526878283 0.810157023463815
-0.0687191323576076 -0.0389938269605002 -0.525414378245687 0.74037422033577
-0.0292959618812767 -0.0386630617627841 -0.650251631002882 0.0994381293887597
-0.0162163326984886 -0.0370439783386329 -0.0344119532020676 0.088795678442794
-0.0458593663743252 -7.05507473034578E-06 0.681094370229374 -0.0945936777046634
-0.0152815043319562 0.0215250182197416 0.493311545730699 -0.776235082291037
0.0403335029659575 0.0245676815369969 -0.387292168568312 -0.785386531088012
0.0613553642740102 -0.00830259867712034 -0.648900897199432 -0.0379023426388413
-0.00262560666940889 -0.0457348655429849 -0.260624363961343 0.338462877035341
-0.0208458670033186 -0.0410743379673749 0.073260172937189 0.154667909055677
-0.032537738077965 -0.0227218725378039 0.144876043065097 -0.151000943716895
-0.0434943219496307 -0.0291074337478775 -0.133566324473385 0.154653499722131
-0.0021315449091325 -0.0246257767092526 -0.0746537959390768 -0.153928423700858
0.0336065068039646 -0.00920457986079221 0.288365211138479 -0.290318429542746
0.0320368582623767 0.044037816301173 0.582560762884592 0.129961498171328
-0.0296354103482718 0.0343543922693422 0.242946551086906 0.826141958818523
-0.0745718294631567 -0.0314753107746817 -0.572810469844069 0.71598152981471
-0.0413527523516393 -0.0323938534422138 -0.6619858655653 0.0739813313974471
-0.031194223559187 -0.03307169111561 -0.0323607987906507 0.0832022986896512
-0.0566623579933633 0.01097566521449 0.672062890292645 -0.120241162622833
-0.0178180544616725 0.0334370190450345 0.448217597821747 -0.799541796909861
0.0410936934979231 0.0291229023817808 -0.425147600608441 -0.765981253063357
0.0592560023335955 -0.0125386183834512 -0.648581357038392 -0.00389163060205012
-0.00318024024570225 -0.0479330843479191 -0.24786993134228 0.350843878863296
-0.0204012706830408 -0.0407667733310134 0.0822361533777927 0.157309758547047
-0.0342747183735372 -0.0211526171316708 0.14572749450286 -0.143663225291079
-0.0430501226954638 -0.0208144599484232 -0.132868624965809 0.161496327725881
-0.000377174727991668 -0.0186030259744967 -0.0693454569321908 -0.148311125593674
0.0344705044340321 -0.00751273689388857 0.29243840866632 -0.275591569620907
0.0262359155454365 0.0417828739682119 0.572266492790596 0.151285641983893
-0.0347586157777096 0.0374404061163353 0.208388498851464 0.833040056523684
-0.0776574871433665 -0.0233153808823761 -0.608709358194003 0.695334862236565
-0.0513067498607788 -0.0254775250578245 -0.673550714435818 0.0547388328086582
-0.0448071894669597 -0.027223636688851 -0.0347826156364569 0.0786889586534438
-0.0654997565289976 0.0225297727494046 0.660245915124358 -0.137707322111063
-0.0180840711330308 0.0456279652861917 0.416829953974023 -0.808117425817495
0.0396035850537825 0.0322292693250137 -0.449466466760343 -0.747837524114332
0.0542382292313807 -0.0141765657819781 -0.646997234470076 0.0155099243827168
-0.00403213163365818 -0.0466490148884768 -0.237891819959089 0.360215083130254
-0.0197609812641196 -0.0350722791728191 0.0890700105603588 0.16118246120962
-0.034585353449057 -0.0147540100382698 0.149330801213 -0.138133928535975
-0.0137987045351415 0.0113055540666547 -0.136027248771764 0.129663816016419
0.00605357358890798 0.0182562039679856 -0.127023430566532 -0.150563542975984
0.0140397439552338 0.0255905394965345 0.200226585620076 -0.368860317599415
-0.000124849041391603 0.0447764164895585 0.568206019592423 -0.0643067732910417
-0.0254540405253163 0.0177062459031909 0.463891720829452 0.685896740928727
-0.0421628830268725 -0.0328265498867953 -0.314827513092757 0.838793178423487
-0.00198795570682105 -0.021386989562748 -0.631175890201509 0.236694404378175
0.00896698969686512 -0.0196553253037971 -0.096411465642266 0.108435095205551
-0.00943305556395158 0.00965199018411233 0.666627229747354 0.0374455424674775
0.0139486257250799 0.0114558945685516 0.670083744528077 -0.624322652700305
0.0221763385344191 0.0114160922357603 -0.19001089230807 -0.860634761895408
0.0232776737040457 0.00653045392729907 -0.643977680588072 -0.194107340288772
-0.0139505215153696 -0.0146793611440555 -0.321718712074454 0.290005688809136
-0.0168801560857118 0.00344012059722401 0.0436173855987786 0.165857752319619
-0.0136130965217135 0.0184030668399562 0.152460904398615 -0.158358972742101
-0.0190983093361227 -0.000277517129181875 -0.139076055287872 0.130357158605889
0.00123075632760655 0.00711427545859462 -0.123405272215228 -0.154563977706585
0.0154944055969614 0.0186454035701099 0.20826851157917 -0.366009761276594
0.00791073940822412 0.0438922510734769 0.572902681603427 -0.0512749403602672
-0.0223174490649629 0.016044565002817 0.451736700363836 0.696577979764525
-0.0454772230603945 -0.0404929656188587 -0.327762061962006 0.829984791744818
-0.000507701945838433 -0.0305031252138008 -0.626747981504979 0.223689544448698
0.0153251235130034 -0.0266190228393122 -0.0833474196691281 0.108448834258689
-0.00758238815352916 0.000274942592697294 0.676421605645042 0.0266068121356346
0.0107101301035885 0.00411610487621802 0.656487513358384 -0.638809446783284
0.0257708291922532 0.0118642710675882 -0.204232995662095 -0.85360821125592
0.0326542924650641 0.00648459330042287 -0.642300951739833 -0.179911689231794
-0.0114169485043692 -0.0198107249791529 -0.31409662750314 0.291713009325433
-0.0170066283176651 -0.00827477864627632 0.0451492708644811 0.16012708694406
-0.0166271472572184 0.00757758795634802 0.150575986353868 -0.163486971535656
-0.0245201147179984 -0.0117015708799208 -0.138036179214448 0.133017272341253
-0.00261987798560998 -0.00456991163827199 -0.116328158942784 -0.15699924900017
0.0178136585184306 0.0109939817666667 0.222149831789183 -0.355826790640374
0.0159155594194487 0.0429637907911129 0.580605847179616 -0.0251093401529561
-0.0188773847019786 0.0168776635129137 0.425208694730412 0.718327894006916
-0.0504354361030088 -0.044325440894154 -0.360242740330076 0.815568155893766
-0.00331732470256131 -0.0379309672011934 -0.625549762787421 0.20116302294415
0.0143144241981481 -0.0334991599635102 -0.0682730299892552 0.1058363548867
-0.0120488314542181 -0.00604433095780618 0.683324693264179 0.00323872436468131
0.00556483160989297 0.00133320068773016 0.629620808016428 -0.668793859414102
0.0306356191467636 0.0134003057656343 -0.239588624124059 -0.841933589352688
0.0428878634758736 0.00583799131443289 -0.643020384402591 -0.150067864949908
-0.00723792826131228 -0.0272215725505115 -0.30396862925744 0.299605834264363
-0.0178816039617231 -0.0192939068592576 0.0503619493058256 0.15501735837754
-0.0198930305757779 -0.00362942758610556 0.146231592739739 -0.166136537024781
-0.0311473574944036 -0.0210973696074294 -0.139331729314895 0.135619571377797
-0.00426705342759525 -0.0150998749813595 -0.106172326757136 -0.159267570285209
0.0217800182937567 0.00335834285386682 0.23949184680208 -0.343458786139898
0.0245795952147179 0.0423969707653607 0.583498701826347 0.00989162402183005
-0.0189416719553777 0.0197347557898332 0.387552583007246 0.74496267448799
-0.0558560916809882 -0.0453224954053087 -0.407341249488754 0.79324693913804
-0.0100606951176994 -0.0402936540048332 -0.629283659358262 0.169613618694912
0.00809848113268922 -0.0375151990775871 -0.0537400249896765 0.100926685710777
-0.02108168429988 -0.00906900044737721 0.68564004310969 -0.0278379030862268
-0.00181514373507174 0.00431353868505246 0.587873791931871 -0.70332056771855
0.0342757179180987 0.016726081963806 -0.285222933986193 -0.822296621774227
0.0522219627241358 0.00205975038127275 -0.645049039302049 -0.112354421257369
-0.00515342273065581 -0.0339678967092457 -0.289933356134465 0.311458364325834
-0.0187181672471422 -0.0296350346526738 0.0570519799540648 0.152579329140584
-0.0243154893972202 -0.0132854006444938 0.145924645770887 -0.162916878876
-0.036654165500084 -0.028189047136302 -0.136537005944404 0.141104347127451
-0.00468161477221412 -0.0227204450647886 -0.0948809707238338 -0.158258055138493
0.0262510326759113 -0.00314872881247102 0.257077223762759 -0.325038961206077
0.0298475953567784 0.0420576019026746 0.586060586639325 0.0523172439521951
-0.0196839202420148 0.0236840020143532 0.339560106564952 0.776158211549102
-0.0621087712122874 -0.0436094529318823 -0.461233739296001 0.767380506460915
-0.018274781157843 -0.0411518149902799 -0.636486106014479 0.136898471499273
-0.00159371161886821 -0.038861758053353 -0.0416232798272841 0.0948521570350054
-0.0321302521636069 -0.00649695932427577 0.682669445976009 -0.0654158833121703
-0.00867505192053873 0.0102234517643586 0.537859003422237 -0.743205232983318
0.037623459823646 0.0208330978807311 -0.339620502161234 -0.80030161791024
0.0583841830814902 -0.00209381590910359 -0.645516687257791 -0.0708159301568217
-0.00292038754985314 -0.0401888673239093 -0.273304372876401 0.325403206114177
-0.0196935150209776 -0.0369704528468051 0.0652624134289395 0.151668865705128
-0.0282381758430345 -0.0199997239269116 0.142910325754511 -0.158796994008076
-0.0418790054727499 -0.0296374227687555 -0.135712414533734 0.146599270427691
-0.00284156737746076 -0.0263856161323528 -0.0838371400574531 -0.15670000572328
0.0309063361235263 -0.0074191739434381 0.272857616896312 -0.30686154344716
0.0329732317867617 0.0423958617302762 0.583652629208629 0.0928746956213722
-0.0247098580229243 0.0289613352947719 0.291784386085071 0.800954243602526
-0.0682868664168433 -0.0389830377375391 -0.515695633784692 0.739763241685079
-0.028397030636738 -0.0375736942687725 -0.645388462387415 0.103735211537777
-0.0159339327599273 -0.0371806225525041 -0.0330114984720583 0.0890241994129694
-0.0445022090932083 0.000260571264557675 0.675668124485924 -0.0994501557506236
-0.0151558120964455 0.0214141747157463 0.481460392066998 -0.774376037649312
0.0396643789980568 0.0240270570314656 -0.390117762651796 -0.775812848794683
0.060296130754715 -0.00820037098275771 -0.645481151323924 -0.0301714262538772
-0.0038729667480783 -0.0454083024415826 -0.256387356178381 0.339385504740927
-0.0209189627462476 -0.0403498280097929 0.073947163988707 0.153281816337774
-0.032684198443284 -0.0220665706845962 0.143118259011681 -0.150659808293549
-0.0438846566968017 -0.0270443267757197 -0.130983803494421 0.152988241085189
-0.0015184322824525 -0.0254824773878125 -0.0757114083473146 -0.1511783499017
0.0336681281377051 -0.00925739228917699 0.283734365849667 -0.289479182792468
0.0324070560283897 0.0428755632369426 0.579239993261615 0.123341132732124
-0.0296882809328984 0.0344313941400489 0.249222699006564 0.81845357942824
-0.0744559169721603 -0.0308951273115708 -0.563594752665659 0.716790665256952
-0.0400508898516674 -0.0319366344553738 -0.656501443127191 0.0787338940385621
-0.0305667779313107 -0.0322946899388941 -0.0311912438562979 0.0830379181855973
-0.0560852598715479 0.0105313678008428 0.664270463094619 -0.125847335243469
-0.0173746541020807 0.0339689036755291 0.435694436608951 -0.795216359885605
0.0404860938690773 0.0284368666328874 -0.428961481001858 -0.754766968649396
0.0590631147523941 -0.0124530071161933 -0.643589062720204 0.00294642005613057
-0.0039584552946427 -0.0472065203996669 -0.2419916074849 0.351753666652703
-0.0207299123401075 -0.0394108434187492 0.0830872055481714 0.155758092035402
-0.034912838172796 -0.0204805244967502 0.143984885630934 -0.143091503136165
-0.0430667819277791 -0.0194491518370811 -0.129171872711358 0.160722020283766
0.000336472561867246 -0.0191169470079847 -0.0702454318273914 -0.145896817567975
0.0339155085019804 -0.00754878187047498 0.289209899326688 -0.277021263201317
0.0259219549659151 0.0414706399116676 0.570613436675653 0.14503906834979
-0.0349279475952262 0.0373652522833146 0.214936906792086 0.826728801523163
-0.0773562738429902 -0.0226526235960151 -0.597470101583567 0.694450301228101
-0.0503584887032231 -0.0246881506962033 -0.667825128591257 0.062328066339378
-0.0441262452583998 -0.0260652418705371 -0.0338570270493054 0.0798462723752323
-0.0637531422507691 0.0231686288157233 0.65415425301565 -0.142404609917389
-0.0170693196771634 0.0456120304612459 0.406101232972 -0.804757701500673
0.039752784074826 0.0317813923019041 -0.450689113456162 -0.737005150266824
0.0538238648035156 -0.0138704708297373 -0.641699508759584 0.0227343308653522
-0.0042071008421259 -0.0458470131658974 -0.23430729526814 0.360487572122683
-0.0204588525794312 -0.0347738742565896 0.0900516488681851 0.16058458276288
-0.0352316737504861 -0.0137795756277848 0.147328445720161 -0.137630929081385
-0.0139605652872277 0.0122665157171964 -0.134479407673598 0.129154560985342
0.00657133359435108 0.017764091188489 -0.126736448872139 -0.147975456282439
0.014424213478081 0.025112035406075 0.196368291014561 -0.367801777608263
0.000318500869857425 0.045120958027209 0.562456349066157 -0.0681095357536266
-0.0257228405730012 0.0173814060458619 0.466303055167231 0.677244205165704
-0.042371844463016 -0.0323941627272708 -0.307021376871724 0.834494333234299
-0.00143297420669955 -0.0209602954323422 -0.626117549368088 0.239913250861814
0.00963293039663187 -0.0197097337337537 -0.0946490608344409 0.108675427205055
-0.00901048881690368 0.00940760351812465 0.66085239734784 0.032669441012678
0.0139912894414021 0.0113650376879627 0.660414678555555 -0.623336554551372
0.0222841555464786 0.0115277063908236 -0.19426127239445 -0.851586607303334
0.0237239893454272 0.00605186700344974 -0.642160714013172 -0.186074143262033
-0.0140394444103306 -0.0136282439526377 -0.316839054383464 0.289780018456301
-0.0167110702041221 0.00418408279243104 0.0447419481858476 0.164463681361358
-0.0142582292670361 0.0191667061379184 0.150582699612746 -0.157454855699752
-0.0182321001803499 0.000136696127294443 -0.137322380531464 0.129415059090124
0.00186970000031591 0.00681956964111207 -0.124694472745627 -0.151672416787323
0.0158705971503217 0.0188241128535644 0.204262235646455 -0.365342324685304
0.00838392139204144 0.043577065072778 0.567683621105234 -0.0537565613558311
-0.0227938795913478 0.0157195506610934 0.45348529819135 0.689040633706396
-0.0455790645527505 -0.0399601086130542 -0.320681582654863 0.826211150833775
0.000343342257518324 -0.0302998218726666 -0.619625416029845 0.227315871315762
0.0156149609402077 -0.0271041510353311 -0.0815407455339776 0.108064507981513
-0.0077113149961681 0.000383242385829582 0.670117334380557 0.0216320911511256
0.011186799317311 0.00417218147157346 0.649131090493044 -0.638033520651029
0.0258779738106911 0.0116104241209078 -0.207967820277835 -0.845549023284584
0.0325001569000812 0.00608948335542745 -0.640061302669593 -0.172203650484411
-0.0113390447795949 -0.0189111525758967 -0.309623646511412 0.292297602016509
-0.0170241687283181 -0.00820725461589458 0.0462481865827733 0.159506315021575
-0.0163689487319766 0.00874232564115899 0.148182353372107 -0.162319405479775
-0.024179713335454 -0.0110747214066695 -0.136889750877477 0.1315760091005
-0.00188794590641713 -0.00530973210515038 -0.116264953524212 -0.155084209001305
0.0178460765632653 0.010920377215466 0.217614801360406 -0.354738683012424
0.016766656549758 0.0423104431206505 0.574880787900701 -0.0284740052564671
-0.0196736479991031 0.017120225117135 0.430143653617697 0.711258676794888
-0.0500714617969584 -0.0441722214669463 -0.352513283913329 0.812133340446144
-0.0024039610723066 -0.0373842463899931 -0.619546203751763 0.203929395800022
0.0146827000139717 -0.0331774944192797 -0.0665247866581418 0.10535637414751
-0.0114597814808554 -0.00646586825268021 0.677223648440152 -0.00316820423382791
0.00520293086211094 0.00173536266805243 0.621366105034726 -0.668226454785215
0.0302349810383024 0.0134558327712654 -0.24409688851809 -0.834481047215543
0.0435592964045122 0.00562060307507038 -0.640827611814418 -0.143666303156888
-0.00772892784486842 -0.0258842170969414 -0.299168108010928 0.300869373042529
-0.0177671882047816 -0.0191535611863993 0.0510701727239848 0.154456829323134
-0.019906722701806 -0.00325046214612882 0.144803208202123 -0.165192130139323
-0.0306975884059149 -0.0212095919255917 -0.137701742578188 0.134374694482654
-0.00401819535286331 -0.0146495111078542 -0.107059188124791 -0.157003517001245
0.0223571402634204 0.00274231726121995 0.235439174628593 -0.342225584906278
0.0247735427338708 0.0416827703934235 0.579627343186337 0.00660847698650462
-0.0190351658228874 0.0194947178558031 0.390865489602464 0.738064868326423
-0.0556722357632871 -0.0448445472176037 -0.398313435877074 0.78971658354425
-0.00851678648911241 -0.0408321218057883 -0.622989190444686 0.172488411292515
0.00855084819785209 -0.037262866407342 -0.0527550541195819 0.100521579508618
-0.0207182976210672 -0.00878352219462493 0.679819552024798 -0.0333341817613185
-0.0020815798681039 0.00377416714667803 0.579453028654761 -0.701369348866953
0.0339751453454419 0.0167279959276206 -0.290833871413317 -0.813072360638418
0.0515247967121951 0.0016271612596175 -0.640210332815438 -0.105163207959784
-0.00507007136817828 -0.0338448172916191 -0.285852243318802 0.311458517393844
-0.0190190179467287 -0.0294491761550246 0.0572162835486508 0.151701464478105
-0.0253416234134228 -0.0121060008586633 0.143769992365971 -0.161710628221578
-0.0366123910601915 -0.0265614368247639 -0.135050701073155 0.140113152834059
-0.00514058058227142 -0.022657000831472 -0.0950504045776218 -0.155390498443771
0.0264945708831061 -0.003319768973518 0.252914642878359 -0.325394749852271
0.0301989552744846 0.0422337421652724 0.581468177451125 0.0476837722331703
-0.020538164633618 0.0230056325705244 0.344208867817131 0.767303933221628
-0.0618750378566059 -0.0428367825900941 -0.452005990040471 0.766189668601538
-0.0165554395725688 -0.0400441050255358 -0.631873686323986 0.139263726670889
-0.00159317932218389 -0.0379998140147652 -0.0399371739735786 0.0945541184192119
-0.0318776292058777 -0.00664433406482844 0.678490183354685 -0.0709564837252958
-0.00938464283935263 0.0101564003350079 0.52940164907832 -0.739754624894139
0.0377694901210911 0.0199638264007701 -0.341606493790967 -0.792680045337465
0.058043295210432 -0.00345930047843406 -0.640611900616273 -0.0658270127692293
-0.00386066214482536 -0.0396476974164914 -0.268166400737946 0.32419975579703
-0.0197422831983545 -0.0363069814381186 0.0661793653300993 0.150739538065562
-0.0289185326068539 -0.0189883750163633 0.141094383333189 -0.157996331420697
-0.0414450969922186 -0.0291580454124799 -0.132987007309588 0.14462882321685
-0.002759374141889 -0.0266704590502255 -0.0848111739367721 -0.154352167500191
0.0307132515116489 -0.00731337398263828 0.269159199039555 -0.306472345790176
0.0334784149044081 0.0429626768738835 0.581817254202413 0.0880073355611173
-0.0243692242558261 0.0289065436239771 0.297748326888653 0.793802214156326
-0.0686127297482028 -0.0377082587708633 -0.506482799666955 0.737269920551028
-0.0274230152445653 -0.0371096260366718 -0.63990192839998 0.107164247931993
-0.0156065741327715 -0.0366610167066947 -0.0316986533358804 0.0885704993328934
-0.0443657812620641 8.29046045270065E-05 0.669036923577857 -0.103434429957401
-0.0144974060639342 0.0217897794829198 0.473850285478269 -0.771713548395857
0.039830956832412 0.0240827885660963 -0.393729162593758 -0.765437993077456
0.0601112975017727 -0.00862955375115177 -0.641102642130719 -0.0243426197423678
-0.00372677365053288 -0.0446960757710598 -0.251478609331065 0.339533218897358
-0.0212844076059903 -0.0399278420268613 0.0751605929016176 0.1523928293513
-0.0328403085557299 -0.0218952612636119 0.141258849340954 -0.149878797389874
-0.043850153285587 -0.0260225115205515 -0.129070296638451 0.152278914166813
-0.000248009260142337 -0.0254120995166804 -0.0761137794079609 -0.150315433870198
0.0333487004323125 -0.00918652784262515 0.279716660193296 -0.290583958533828
0.0324096567317895 0.042222366815249 0.57572146378047 0.118931562072453
-0.0293791015766856 0.0337952486903401 0.253955192381829 0.811348267050743
-0.0739944760276303 -0.0305567135043003 -0.554830070694733 0.715193090636382
-0.0385840095153922 -0.0316564036110611 -0.652083011741012 0.081870408284176
-0.0301028089773544 -0.0318238090143595 -0.0296336986219016 0.0836333513105607
-0.0552055081350923 0.0115151508179914 0.657741409388146 -0.128707662561893
-0.0177739174481918 0.0340073939928426 0.428100477791593 -0.788722493116815
0.0409039722143163 0.0277435747044209 -0.431262041802547 -0.745137697193585
0.0591714901736492 -0.0125251166077012 -0.638237429883466 0.00787351771414202
-0.00409576554024471 -0.0464827307539007 -0.237533775126761 0.351564860966417
-0.0211356800772757 -0.0394892996656379 0.0832271957839514 0.155146509412876
-0.035784258004879 -0.0193822853221832 0.142490274286701 -0.142067128452788
-0.043434804951909 -0.0183708847374006 -0.127393416917373 0.159336075688932
0.000435507187722523 -0.0195949647636717 -0.0706842793543026 -0.143986640305782
0.034199134816632 -0.00799655185007484 0.283626648926657 -0.276757279828718
0.027039866183598 0.0420892022509627 0.568906040851289 0.138492927165145
-0.0349460255572664 0.0367903914660433 0.220227605088245 0.820029203955691
-0.0769962197411577 -0.0222116049906285 -0.589677548699043 0.695211234062015
-0.0483827550269064 -0.0241426551602297 -0.663008492347625 0.0639250504168087
-0.0430899551701563 -0.0256234216999576 -0.0318088889453819 0.0793378252219185
-0.0626493430122821 0.0233188201036535 0.648188741713409 -0.14573133585098
-0.0166155384953225 0.0448605114813148 0.398397212737896 -0.800588201912223
0.0399265703004257 0.0318162536973171 -0.453386755601096 -0.726814073901495
0.0538063964366734 -0.0144797586536481 -0.637864594906903 0.0280841094145596
-0.00427243055168593 -0.0453592606713997 -0.229464063788737 0.359721235699594
-0.0205611207736173 -0.0341528094678938 0.0910471273445153 0.159538679585829
-0.035484058401093 -0.0131920608550406 0.145893456070442 -0.136729872737167
-0.013956222356309 0.0123691642646436 -0.132243728271337 0.127931291807964
0.00780543780151604 0.0175630205633249 -0.127907235348835 -0.145818037962372
0.0147875442847687 0.024335832784783 0.192406327766508 -0.365584430125665
0.00173609940088088 0.0446946531666688 0.557931904120057 -0.0709514564436185
-0.0264744746841043 0.0169656907357577 0.467160220114428 0.669020468903958
-0.0422305400297672 -0.0317958455614322 -0.300954732054149 0.8294957827346
-0.000268403805541715 -0.0209532436370315 -0.618771703358951 0.241936478623386
0.00911416834911437 -0.0195580889068512 -0.0937593742670689 0.108781353124481
-0.00890901920455735 0.00934213264933706 0.656251446944994 0.0273950394607085
0.0139407823448481 0.0106833349310664 0.650970732392203 -0.622131906616309
0.021889878687627 0.0122190008152274 -0.195982753174716 -0.843912139337762
0.0234252260639975 0.00554709289981785 -0.638462049796071 -0.180965126561954
-0.013775375861181 -0.0130260486970638 -0.313862017542312 0.290474534649279
-0.0168536064657109 0.00353645726344153 0.0451802909516858 0.163928744004619
-0.0143661363383787 0.0194659074124827 0.148700416955664 -0.156738850665756
-0.0184400875329645 0.000537272660570905 -0.135537700209028 0.127969798202872
0.00294822628060863 0.005714805322593 -0.124598065999189 -0.149122721533933
0.0157504954603118 0.0183220905676014 0.19995251723736 -0.362586054141092
0.00921942099265014 0.0438807373919295 0.563997865510459 -0.0584013669471182
-0.0226266287500563 0.0158240584042879 0.456801715079707 0.680788912090388
-0.0457984608281682 -0.0399562464341237 -0.314499683170588 0.821259005911553
0.00109878242594255 -0.030448575305488 -0.61383565301479 0.226991883421446
0.0155323565850014 -0.0270301755190245 -0.0798113317334785 0.107867797894027
-0.00703671727942205 0.000156229011449297 0.665847035161155 0.0185499175724983
0.0111464538590017 0.00338763486852225 0.639068451339619 -0.634637869764555
0.0260159140989977 0.0117182642636551 -0.211945938709012 -0.836343296633992
0.0334394773600161 0.00600046057476352 -0.636724533378683 -0.1665428062379
-0.0106916306395159 -0.0186534181960902 -0.305992585035291 0.292628858822857
-0.017536306046912 -0.00811930314139719 0.0469707397178688 0.159084830242658
-0.0177111711341071 0.00848209382431528 0.146503475495466 -0.160506505029517
-0.0242281351134111 -0.0101102891982761 -0.134816023916216 0.130712768539635
-0.0010166580178328 -0.00514323673201717 -0.117061833656262 -0.151975729735278
0.0188298059698047 0.0107804975895466 0.21387475946705 -0.354247495972405
0.0175143555042258 0.0415828701441474 0.570851568585506 -0.0320097450553856
-0.0198644759554561 0.0168269745269423 0.431645309040853 0.701328162155568
-0.0503829624871255 -0.0437487066754213 -0.344642298348965 0.809473900283396
-0.00162211803287103 -0.0373779088884834 -0.614682220842098 0.204704621101619
0.0147119678722305 -0.0332096725342755 -0.0653775922594334 0.10500431841139
-0.0110256194910899 -0.00571056822985272 0.670624479197666 -0.00643161745786895
0.00557271586604432 0.00148057326940117 0.611745440733384 -0.666663915039872
0.0299600530318182 0.0136969009890956 -0.246003584915709 -0.82348783521649
0.0431858562824507 0.00527385712570939 -0.635802834855587 -0.138171962898425
-0.00734471478783702 -0.025095796395233 -0.295415029221322 0.3008037313788
-0.0180915469539166 -0.0184084272107555 0.05193653239505 0.152968898520066
-0.020632588026372 -0.00282287205754145 0.142893597505807 -0.163832027688524
-0.0310002831185263 -0.0187690452070758 -0.135615233054478 0.133421284047658
-0.0030329581846284 -0.0156734232923332 -0.107825311118571 -0.154252380934354
0.0223904727595026 0.00283798134457459 0.231032126799629 -0.341909192862886
0.0257543818435596 0.0412301655878446 0.574371086232241 0.00224869195011518
-0.0195112952640069 0.01878595075707 0.39290997206967 0.731968069247252
-0.0559668649846524 -0.0445012507910108 -0.390735573127802 0.787207165999571
-0.00758864035718271 -0.0400257794370031 -0.61719870072833 0.174062292951004
0.00860573233552745 -0.0368762300373055 -0.0512756699433728 0.0999772085737898
-0.0198314372647276 -0.00844480994602644 0.673360446056851 -0.036564345545321
-0.00238424616779016 0.00389856896279499 0.569932448854493 -0.697993311215161
0.0338949490853947 0.0168720891333306 -0.291440947756482 -0.80535206807633
0.051491491450363 0.00113983218816556 -0.637425123627491 -0.101004196872263
-0.00466623560479923 -0.0321718035675703 -0.280187794400733 0.312071953816652
-0.0193451563158655 -0.0287974458649976 0.0582667938597441 0.151114914658834
-0.025058714954466 -0.0118328330120997 0.14137228256392 -0.160617675390701
-0.0364221878058415 -0.0261793846529117 -0.132884555563883 0.138918030528914
-0.0041991413614252 -0.0233380182724733 -0.096205364188064 -0.1539025494796
0.0261613153128244 -0.00318134118547447 0.249439006574186 -0.32355362273886
0.0315760830045699 0.0412853577425396 0.576938292870909 0.0428307781865378
-0.0210178742995294 0.0233993897145476 0.347752814777537 0.76004873468729
-0.0625475157099075 -0.0433605968376084 -0.446350967375741 0.763626061274705
-0.0157562291208584 -0.0392602581763065 -0.624960084422849 0.141848456499803
-0.00140530428184892 -0.0376533091390228 -0.0392414758496708 0.0944483483898632
-0.0309096646917092 -0.00627015529229489 0.670888665349019 -0.0740149668645338
-0.0086626897462249 0.0104650820153537 0.520457379609923 -0.735153012073279
0.0374669758058683 0.020171688405878 -0.344856621667537 -0.783549380540695
0.0576511564468558 -0.00359800458615699 -0.637994356039249 -0.0606260217270879
-0.00376493687536117 -0.0388915961583573 -0.264110957523848 0.324829286553627
-0.0204687569852455 -0.0362863734554446 0.0663273559508918 0.150298787844561
-0.0294836196540002 -0.0182866971025547 0.139309887549645 -0.15676763477639
-0.0411145193540342 -0.0279445067870849 -0.130487732003878 0.142700088904236
-0.00246751134450069 -0.0272049853447271 -0.0851384919952559 -0.152257517597682
0.0306865111369999 -0.00775271342552359 0.26589004534001 -0.30574005179196
0.0335969969311838 0.0414193812553741 0.576428864577781 0.0841557629127965
-0.0247472157445484 0.0281743393041082 0.299874366257967 0.787367770287115
-0.068483767569897 -0.0373807848124207 -0.498104086723878 0.735641425476943
-0.0254794308578667 -0.0368383417237208 -0.635654835859115 0.109196363837453
-0.015119120623634 -0.0358445225006336 -0.0312409037459346 0.0881188434953789
-0.0439573252164712 0.000672339743045841 0.662293675440496 -0.104904513351467
-0.014436620064941 0.0211659572347081 0.464713994260757 -0.76707110411981
0.0397132408858533 0.0237585215499315 -0.39628349999847 -0.75595703971061
0.0603633644368344 -0.00974493001181651 -0.637267086445553 -0.0198514130458495
-0.003666188534959 -0.0433642084561353 -0.248148312934993 0.33856905532762
-0.0218764781574157 -0.0397306836135287 0.0755322281403556 0.151940337840582
-0.0341448583810555 -0.0205825116701686 0.139237718500912 -0.147810526307669
-0.0435974246897748 -0.0252002232302485 -0.126608137208299 0.150470104878155
-0.000111911448491991 -0.0254140704439367 -0.0765245239418582 -0.148063293188
0.0332848027486901 -0.0091324268252567 0.276772798992045 -0.288776784232693
0.0330537040221004 0.0425556387284018 0.57247672953547 0.114646029257528
-0.0297879752252105 0.0334564839503604 0.258943758730935 0.803947100305147
-0.0738363823277225 -0.0300797037599356 -0.545995808733743 0.712597848273839
-0.0376474464115636 -0.0310404342236143 -0.647187105977434 0.0856940946729125
-0.0292131094078795 -0.0313503936162547 -0.0284052254399312 0.0833421747582753
-0.0546860751089217 0.0113338724821862 0.651800749200446 -0.131881372808704
-0.0167766260648807 0.0334983510780372 0.419908891045984 -0.785387152687703
0.0405731332095167 0.02777269302374 -0.431245953637036 -0.736401253181448
0.0588049717560649 -0.0127301559797775 -0.634881974046766 0.0125761651797592
-0.00435526443564174 -0.0452609588759457 -0.23392376457845 0.350006837114776
-0.0222565835665789 -0.0387953628667871 0.0837860576077991 0.154255736621667
-0.0359652852402282 -0.0187975828451433 0.140620375575142 -0.141056972069672
-0.043018448938821 -0.0176716940311817 -0.125419662546805 0.158149351602554
0.00120636041150511 -0.0196466212292344 -0.0720611841502467 -0.142438881980634
0.0341065688693178 -0.00831833000783234 0.280324323629061 -0.276624862555851
0.0276406996751009 0.0411522179511683 0.564458585115064 0.134353646537616
-0.0347245448495559 0.0372578247178527 0.224814207671787 0.812535947054533
-0.0767365354633289 -0.021509101619223 -0.581646686914376 0.692337131141224
-0.0471236470172241 -0.0239943348331069 -0.658519696721589 0.0679428843400255
-0.042850863055197 -0.0252530748423365 -0.0315766244775288 0.0792642535587091
-0.0616576525824125 0.0235880887844976 0.641053408652591 -0.147211364351857
-0.016619676668628 0.045393919869592 0.38990903302688 -0.79476399530931
0.0402630391438025 0.0311860777836507 -0.456023905224924 -0.718658106757123
0.0543360209655079 -0.0149398055649109 -0.633776754537251 0.0331963797428564
-0.00437142829834996 -0.0439071243189705 -0.224734341904185 0.359002532584432
-0.0211968463704882 -0.0341612324985896 0.0910633150957229 0.158120974649244
-0.0360329409542477 -0.0119271920387872 0.144553101505397 -0.136129236110413
-0.0133318613067948 0.0119947899899983 -0.131198795566786 0.126152734316576
0.00868403722216373 0.0163358075279671 -0.127819013890338 -0.143409467599289
0.0151278183702114 0.0248803625913907 0.18990332489791 -0.36284657779714
0.00137020120251826 0.0448545846265511 0.55355293514143 -0.072590049496145
-0.0264189101694588 0.0170387681510313 0.46679923045346 0.663328853687052
-0.042270834200748 -0.0316708645703263 -0.29405141742846 0.826273467998379
0.00144974738401532 -0.0206975215208266 -0.612595322984799 0.242863298902034
0.0101782908739304 -0.0195690781383522 -0.0918418523311146 0.107609930325192
-0.00851054932544305 0.009728968548013 0.649391535480521 0.0250039109193493
0.013710445500627 0.0108571568396849 0.643510476389319 -0.617657765173392
0.0217359544769431 0.0112368110653848 -0.199499866974063 -0.835942273218028
0.0244806766621591 0.00573104104074619 -0.635503297875186 -0.175714942289586
-0.0139301483642445 -0.0125234284282373 -0.310219797820645 0.290165837044897
-0.0165970008646061 0.00352669645718843 0.0450928956402461 0.163205737901108
-0.0141138054335219 0.019160052910276 0.14681776496897 -0.155027335634138
-0.0184012148705747 0.00110188520667328 -0.133425162640403 0.12676073261411
0.00363147782861018 0.00536673454789526 -0.124040253717937 -0.147653230983747
0.0162064559926883 0.0181895434168674 0.198239388237266 -0.360333507572865
0.00920051218590508 0.042894032021213 0.558655561031778 -0.0599362475125994
-0.0234670307333456 0.015872830163277 0.456907909861676 0.673210607630446
-0.0452515709113833 -0.0395390533129256 -0.308998686232592 0.816906057427395
0.00276634413824096 -0.0297306067984072 -0.609247904835169 0.22768689158145
0.0156522077338701 -0.0267319589827974 -0.0794313186505704 0.107967906062524
-0.00631352160214995 0.000627513441035125 0.658596861623986 0.0144613739014218
0.0117674697543659 0.00376117427193234 0.633779747601075 -0.633193788042332
0.0255333007983844 0.012328171197368 -0.213777268908957 -0.828913718452776
0.032599740450837 0.00576296522282941 -0.633119080259959 -0.161554408243979
-0.010821863837222 -0.0181392118828534 -0.302495904967133 0.29327614330479
-0.0174482445166767 -0.00775157619078421 0.0473040917950273 0.158608030756253
-0.0172622510410127 0.00882622075320287 0.144719312687974 -0.159074327499062
-0.0238038363209661 -0.00932196907780078 -0.132807549772393 0.128477119377902
0.000451645174104565 -0.00592381121436556 -0.117313427077094 -0.149851573875924
0.0187275466317402 0.0105144284247466 0.209738299862081 -0.35166545933128
0.0176790506603699 0.042058149061994 0.564571040363976 -0.0354085317394472
-0.0202050323006305 0.0160927032827744 0.432170381825727 0.696850708978945
-0.0500691154080128 -0.0437959179703419 -0.339943172701151 0.804568100250069
-0.000799336895401834 -0.0366080325126269 -0.609242177898851 0.205554299767591
0.0150219048285837 -0.0328710313342163 -0.0639027306525691 0.104813789884005
-0.0106963994189444 -0.00619254193478179 0.666081717859678 -0.00964830685171633
0.00537633379828375 0.00149149306601293 0.604889702403547 -0.662725575268247
0.03016324478605 0.0132590439466219 -0.247623698891037 -0.815024061046746
0.0431156427868309 0.00433788048141252 -0.632362867831767 -0.13361961081533
-0.00751286188195282 -0.0248593626945294 -0.29212470844253 0.299982722922934
-0.0183213639183994 -0.0191072193733301 0.0516413255054549 0.153433018899337
-0.0208032289074955 -0.00198466754010891 0.141126320813775 -0.162241875892174
-0.0310192358595564 -0.018693466834399 -0.134147856521214 0.131215985421521
-0.00240901794798205 -0.0165556925629804 -0.108075489246062 -0.152052372805531
0.02228352256169 0.00303322455051044 0.228895190868386 -0.338286244841221
0.0253089713157093 0.0411886389977296 0.570085482068873 0.00066906560726424
-0.0195904317759145 0.01910302653411 0.394529872161372 0.723093684093648
-0.0556955993390676 -0.0437500543843905 -0.384838141289365 0.78147891811108
-0.00686884070388918 -0.0393437676982357 -0.613017851433885 0.176253322328516
0.008488218478397 -0.0366603013491051 -0.0504710175691302 0.0998255820631354
-0.0199312940492891 -0.00777494973568113 0.667493773697507 -0.0392905364165606
-0.00189465603207502 0.00372303624182242 0.564677712840141 -0.694246401133734
0.0337606625798051 0.0170559088384197 -0.292808451623137 -0.797142092138112
0.0522608802830432 0.00091402524454549 -0.633958966258949 -0.096066516647619
-0.00473001799019953 -0.0316545273441314 -0.278110130026776 0.311827697417669
-0.0190173771557888 -0.028533990285136 0.0580056013905662 0.150387149848601
-0.0258710437991791 -0.0112684461170649 0.139460014484371 -0.159132946994142
-0.0363943178382406 -0.0247329506462799 -0.131349485458236 0.136807383944389
-0.00323700924497094 -0.023204547592198 -0.0961794066350865 -0.152105671179625
0.0270830593879494 -0.00331768799599656 0.245717515243303 -0.322097893215312
0.0314541541571173 0.0415791346547929 0.574397149198297 0.0413535694980107
-0.0207872684684888 0.0228383228900909 0.349282436226323 0.754134617991408
-0.0616869328721988 -0.0426163111309906 -0.440033841501308 0.758995197294208
-0.0141272244766655 -0.0392965678348161 -0.621867607915635 0.142450498706558
-0.00140123430219408 -0.0374226688772765 -0.038085024069708 0.0945340688029797
-0.0306163866375439 -0.00634325384411559 0.665222924778438 -0.0752921872678634
-0.00884371221488518 0.0098144519337322 0.512657065055324 -0.73163762936688
0.0373048194134295 0.019514677222362 -0.346060972881627 -0.775231748567209
0.0575097098386482 -0.00346326746715178 -0.632635342131501 -0.0555365606457616
-0.00381086594835616 -0.0380715786485607 -0.260063743306913 0.324393041292329
-0.0217280874481798 -0.0354375819825814 0.0663027199137988 0.149747822529457
-0.0292775402402864 -0.0177015219571466 0.137626752334923 -0.155223468263053
-0.0412916613055124 -0.0271360016925513 -0.129470689297435 0.142103861639159
-0.00147912168285226 -0.0271407977181452 -0.0858695269183785 -0.150078524461425
0.0302490405440849 -0.00754879911480642 0.263923333360019 -0.303684387941556
0.0348399721453979 0.0411908930039349 0.573230955600397 0.0803135707974983
-0.025163103323931 0.028219398845333 0.302333796044107 0.779828136206458
-0.068644636619973 -0.0368633454885508 -0.492599226672927 0.733475043051526
-0.0245945353281725 -0.0359019759812146 -0.629921585358373 0.111661549793813
-0.0148167968182203 -0.0355268112723299 -0.0300991855999665 0.0879542122429851
-0.042614479646402 0.000712415009825579 0.656415935374788 -0.10801372492329
-0.0137622178421966 0.0213121975161587 0.45812091636099 -0.760293554395336
0.0391771995270364 0.023789158977537 -0.394688142263897 -0.748297594268901
0.0597347173674237 -0.00942862122476521 -0.631993157879526 -0.0167634965471607
-0.0039189681265327 -0.0423755057907887 -0.243637853738074 0.33806382691488
-0.0221480470833845 -0.0397959525850652 0.0758237274231867 0.151135824523035
-0.034502054959885 -0.0196922272476856 0.138056349873367 -0.146792137011408
-0.0434939534187058 -0.0241261972772485 -0.125617138074837 0.148895740350942
0.000266327328836141 -0.0264341410455183 -0.076812872730254 -0.145983612080694
0.0332359387632824 -0.00995297086282171 0.27459411063151 -0.288248275756036
0.0332462094819288 0.0421244190253689 0.568318260239538 0.11176045093212
-0.0298523754286132 0.033458392436475 0.260309349109977 0.796158725225397
-0.0734869739684401 -0.0300355394320973 -0.539795652717157 0.708930973538383
-0.0356610596104934 -0.0306495396497981 -0.641086401183387 0.086758437951751
-0.0290034564602777 -0.0311617201726935 -0.0276130295839356 0.0829450250162462
-0.053963118991731 0.0110672249836743 0.645870898371706 -0.133478571872353
-0.0161062623168635 0.0338471634205502 0.413886274580168 -0.782413523406642
0.0407042823944579 0.0272411545866135 -0.431586965265294 -0.727776167309998
0.0586359366595818 -0.0131258291581773 -0.630570898826491 0.0163515965867027
-0.00469803343841876 -0.0442853589701537 -0.230478461618156 0.348959197677527
-0.0228469056032352 -0.0383242981326097 0.0842368393272944 0.153442478423837
-0.0364306172748032 -0.0182987157831222 0.139287515528997 -0.139722342183666
-0.0430659630314021 -0.0162706379749106 -0.123531807681212 0.156240951182818
0.00122253451554939 -0.0197383788941882 -0.0718229246081193 -0.140416664509404
0.0345861208726107 -0.00818569529287379 0.278126916631586 -0.275876329444668
0.0283734658351224 0.0415150136218643 0.560511879918041 0.132521558905005
-0.0353632458156537 0.0371988782334143 0.228887617366414 0.806988098191856
-0.0768118031280081 -0.0212052230108029 -0.573964060337692 0.68779639839391
-0.0452172807354679 -0.0235866481860432 -0.652555705591633 0.0694400254874933
-0.0420425442826565 -0.0249071221912984 -0.0302285046375481 0.0790529975396952
-0.0608335442257874 0.0235170391991221 0.63507098632142 -0.150289291664917
-0.0164208018771108 0.0449742917115594 0.384047042246159 -0.790395516102007
0.0399553713346618 0.0306790569466813 -0.454857239841208 -0.710988269336071
0.0538646061881396 -0.0151637435498335 -0.628917058176203 0.0355302978995026
-0.00456870458482214 -0.0435906080526517 -0.220201583605638 0.358157756022661
-0.0219159650712793 -0.0337370305356011 0.0914742449285543 0.157084034257123
-0.0363969709958755 -0.0114871049003753 0.143407944070441 -0.135076627972719
-0.0132339447032434 0.0126269125239538 -0.130689755161146 0.125283174377673
0.00877729704485614 0.0151733005900909 -0.128316422662965 -0.14121937700694
0.0157823408498416 0.0241006970705343 0.187191432474121 -0.361301026352391
0.00241339246349776 0.0442385922915754 0.549528844850341 -0.0736327008720744
-0.0269233270419391 0.0172211871905512 0.467688464053005 0.658149499662084
-0.0422268857720988 -0.0317120500035138 -0.288806045217901 0.821609643383128
0.00245519932360654 -0.0205512279419463 -0.609063969323686 0.241694162035455
0.010664000897596 -0.018962547495386 -0.090823357437477 0.107320859414814
-0.00854243173764464 0.00992695178626709 0.644067137339339 0.0233673859456064
0.01427925405358 0.0102754908586186 0.636926287505769 -0.614406454822697
0.0219862844214469 0.0119703147083463 -0.197605155334267 -0.830452278950806
0.0244998977707529 0.00501918593015133 -0.631716137723139 -0.172460751766641
-0.0134252522743852 -0.0114293191607067 -0.307370913536824 0.290050703556835
-0.0169545185268636 0.0038971171803 0.0454562087702477 0.162813202816102
-0.0144956322509638 0.0198866602641805 0.145952460173989 -0.153393790702242
-0.0181520420185691 0.00197652228196912 -0.13312514488554 0.1245482642407
0.00413040880103567 0.00441216224102343 -0.124990621624161 -0.145245371569479
0.0164825297661107 0.0172878117454394 0.194573056018958 -0.358089701639102
0.00984933830398902 0.0432473574480251 0.554770871410451 -0.060751142114512
-0.0232113458599749 0.0157029487598765 0.456417016549514 0.667551433036498
-0.0455684907664936 -0.0396620993826156 -0.305344714399996 0.813841934111222
0.00401474753255145 -0.0305573076102361 -0.605120178690225 0.227756233657234
0.0157583288890251 -0.0262551656369053 -0.0781937870224834 0.106681668936824
-0.00670485099743395 0.000664300712165496 0.65306898800024 0.0131422896694439
0.0112836494651129 0.00352909981289107 0.626993319353799 -0.629049773427176
0.025741621420704 0.0120824828766083 -0.214723206905176 -0.821465030844732
0.0331264878227334 0.00584452831451129 -0.631336630325181 -0.158059807598927
-0.0110698499191075 -0.0168496949132963 -0.299815244648456 0.291436660586386
-0.0176510646407971 -0.00711903880357955 0.0474108469040422 0.158096847423106
-0.017740200293469 0.00897782920935599 0.14409863058466 -0.158132512166252
-0.0239779826870894 -0.00859411153607423 -0.132273218315172 0.127406592710321
0.000769140164529863 -0.00624709834209972 -0.117613284645183 -0.148509579819807
0.0185145259854408 0.0102562658269969 0.208328812519832 -0.349598834883177
0.0178264620054673 0.0411728941024996 0.561314754505439 -0.0348817823981836
-0.0206118631209984 0.0159477108838165 0.42933757254018 0.689919000707382
-0.0502047304180189 -0.0438243681395949 -0.335943515601344 0.799740601642907
0.00103985984860567 -0.0366839479758642 -0.606459867862399 0.205280819593909
0.0149200946613762 -0.0321393761718613 -0.0634645443811632 0.10459392242746
-0.0104519745369226 -0.0056295322947922 0.661671304554566 -0.0115053252570396
0.00540207288479451 0.000906049918439351 0.599992423112552 -0.65785373412809
0.0296318485939698 0.0135718368208521 -0.248029806853542 -0.809865992194373
0.0433036059661343 0.00442100979372083 -0.629434599115504 -0.130984567649939
-0.0073811396559717 -0.0236880558767751 -0.288516998632596 0.298499431666993
-0.0185965670936701 -0.0187212258720722 0.0519230495744283 0.152548370504224
-0.0209273131320373 -0.00149077833381808 0.140046928448809 -0.160883482308182
-0.0305156229363735 -0.0178767599842344 -0.133335761561448 0.130077657519575
-0.00163433713029776 -0.016627705807186 -0.107591383401167 -0.151376440796569
0.0226170852852523 0.00286350987425607 0.225327511783656 -0.33803206733608
0.0261758493260767 0.0409729336045257 0.566483547310646 -0.00158506283628872
-0.0200674832147921 0.0186288203581777 0.394951478206482 0.718976434771752
-0.0552347570525914 -0.0435336597586269 -0.380581016122591 0.777479484381021
-0.00543404574848142 -0.0393690356404174 -0.609236898049685 0.17573356878543
0.00938505557528881 -0.0367806053738324 -0.0498267227151616 0.0994040765481795
-0.0192625626826165 -0.00790166576281288 0.661999426883442 -0.0399764981530002
-0.00227442590424182 0.00366322979456604 0.558889127177196 -0.690349644273031
0.0335994814383248 0.0168243983600975 -0.291079716000003 -0.791031466029257
0.0511218795456472 0.000791689802248488 -0.630675355172977 -0.0939783947192233
-0.00487411332954124 -0.0313874018189826 -0.275072442829297 0.311000205447946
-0.0200923705423285 -0.0277746028440939 0.058277063439519 0.150581954451619
-0.0257585254595863 -0.0105157248358053 0.138839732652412 -0.157287881073322
-0.036364424533452 -0.024315801021268 -0.130332377262812 0.135705482084672
-0.00221762653754408 -0.0243320648676991 -0.0960824253835102 -0.149736574482181
0.0265405115409534 -0.0039769514084538 0.242418580681059 -0.320634251292893
0.0319361552259492 0.0413790854649688 0.569645950647015 0.0399473224698141
-0.0216031325938398 0.0228905352301298 0.349527389891141 0.748383150460258
-0.0617865490588828 -0.0423831003877556 -0.434735478041321 0.756698559644927
-0.0128196393203737 -0.0391537652388524 -0.618322308600623 0.142801804182601
-0.000672065338168651 -0.0375523746866756 -0.0373586315192815 0.0941988389298564
-0.0298333584192 -0.00571788765521153 0.65912826651353 -0.0756939631425451
-0.00819610650469468 0.0101093844626634 0.507337839757134 -0.7272571365201
0.0368822001223481 0.0195861564013159 -0.344648220188156 -0.768504881989437
0.0582287891639958 -0.00407791359047662 -0.63030769193364 -0.0539198540110678
-0.00358117719125793 -0.0370366218475334 -0.259219556123939 0.321718312944466
-0.0218578040895686 -0.0354610989950637 0.0668136019108602 0.149417690365858
-0.0302848471279077 -0.0171275215546959 0.136857680158034 -0.154312753049643
-0.0410932384053829 -0.0253286785318833 -0.127855247772539 0.140260818246822
-0.00166333471240151 -0.0276005541351771 -0.0855140777166698 -0.149041062991592
0.0313335560135053 -0.00826960932658818 0.261312725589422 -0.302974641964346
0.0352019589558587 0.0415884255054859 0.569625205283343 0.0776754905441591
-0.0250770126665133 0.0276713889033342 0.303764066866829 0.774073807907354
-0.0677025426966131 -0.0367481775646338 -0.486351564411802 0.730876945767856
-0.0232635832453048 -0.0359344632580497 -0.626362122703005 0.110505715584154
-0.0137162576424367 -0.0355023959339598 -0.0294080875148381 0.0882204856526894
-0.0421534577094688 0.000869349684081522 0.651164108553736 -0.109998285850672
-0.0141139070043166 0.021143418907837 0.453606817302762 -0.756272768011451
0.039582198761817 0.0238992669305125 -0.393383947100243 -0.741584346657778
0.0601509901989426 -0.00953326868173981 -0.629417326474635 -0.0137207186738261
-0.00352129827323669 -0.0416243719945298 -0.241235197218016 0.336358880905723
-0.0225434334252948 -0.0393867789319473 0.0750897577364983 0.150649817911015
-0.0348977778378204 -0.0193126813338021 0.137064489515038 -0.145185736749087
-0.0431854182268605 -0.0228612891683868 -0.124194064548413 0.147552433725191
0.000325982554559937 -0.0260413887581788 -0.0765654966767837 -0.14505913886853
0.0333266456797815 -0.0093905321326095 0.271615759317102 -0.287024956129969
0.034306734800485 0.0423561621279898 0.565256493805147 0.109176844367505
-0.0292266532018464 0.0327061919667322 0.262853398197316 0.791079996761898
-0.0735169689794611 -0.0292784493672288 -0.533304174692131 0.705622425753121
-0.034482995081168 -0.0300400694048495 -0.637295715383579 0.0872662006369461
-0.0283271011782402 -0.0309003631960279 -0.0270345441020979 0.0831917915735319
-0.0526567519267583 0.0116908185229262 0.640739681963017 -0.134631410776719
-0.0158567790826363 0.0329957300137531 0.406378564183645 -0.778267823656838
0.0404546533654887 0.0276804334659263 -0.430948255848256 -0.722231044534076
0.0589125615863644 -0.0131393611811276 -0.627004881465784 0.0183959797939714
-0.00450968532174365 -0.0435568752859382 -0.228218663695996 0.348902722230873
-0.0232444002044283 -0.0380442231269651 0.0836079195135349 0.15292299760958
-0.0364974571471443 -0.0175279184388965 0.138734828689644 -0.138757344839705
-0.0424200868187326 -0.0163646741805265 -0.122580242301617 0.153751834522238
0.00204313214694467 -0.0208405134562831 -0.0715312222900201 -0.139297841152559
0.0342442343989664 -0.00848446217059157 0.276332914275682 -0.274155209408861
0.0294658258535182 0.0411752270510022 0.557765959505547 0.129250237011199
-0.0352918174835338 0.0366988296352144 0.228589660266765 0.799234048817467
-0.0761262517727597 -0.0208705811106733 -0.567900728785781 0.68696696870397
-0.0438177940381623 -0.0231780089358667 -0.647921829572089 0.0716193502290207
-0.0409352841884478 -0.0242752727399795 -0.029365680629568 0.0786394358734752
-0.0602700680538846 0.0230450387680433 0.631115918016295 -0.15078676226362
-0.0156585269148188 0.0443280804028007 0.379323641464001 -0.784351650301124
0.0395539267279162 0.0307215273003329 -0.453490001163839 -0.702627568439059
0.0539789066233855 -0.0149258580068501 -0.626317171686159 0.038096811876402
-0.00447202713137419 -0.0422529589064935 -0.217873154095708 0.357049043289594
-0.0219623563804147 -0.0335342869611139 0.0915287071187012 0.156164399898262
-0.0366713390039091 -0.0107898979685238 0.142628211951664 -0.133795486731152
-0.011768784030848 0.0133046524355277 -0.13008546110476 0.122901509878506
0.00879802614909615 0.0154600602417196 -0.126984351577595 -0.139708435641125
0.0157133621568256 0.0235442592035235 0.185584959265541 -0.357154879327436
0.00278868142657147 0.0445982114159178 0.546595327290755 -0.0726946588113935
-0.0269337418331668 0.0169437543993042 0.467091186602059 0.652905252926595
-0.0421836865412846 -0.031916985354735 -0.289166426446117 0.816581489704407
0.00300666676549833 -0.0204460339473301 -0.604978238064875 0.240447367697836
0.0104217856122652 -0.0193111787573093 -0.0902964032925552 0.107289009124013
-0.00802256988272711 0.00945157222805139 0.6393137337762 0.0230589104975825
0.0140103605643741 0.0106534578423886 0.634140999227216 -0.610354406120064
0.0212050137825881 0.0115282093176098 -0.197929097289555 -0.824582105145048
0.0245686905411565 0.00533164063609476 -0.627978401225022 -0.17089151386422
-0.0130013074110819 -0.0111783672879135 -0.30446683891573 0.289400003319003
-0.0168879831883558 0.00434459277215893 0.0452949293217034 0.162482730583056
-0.0152852484052468 0.0197588231838041 0.144014587933188 -0.151821590789407
-0.017489021696174 0.00312783333612081 -0.132418844894232 0.123365618788281
0.00515949190401328 0.00435000435560264 -0.124722931316825 -0.143849042971676
0.0167757596734648 0.0177883518483907 0.192921064848976 -0.356633620023846
0.0101652474970154 0.0429567849481771 0.550960241132578 -0.0608660583638882
-0.0238959639908524 0.0152051327273813 0.456204792515658 0.665148745788809
-0.0452686387385799 -0.0389565900814432 -0.302090932075533 0.807434122351364
0.00425712592295695 -0.0295515868202916 -0.600342946784089 0.227141143089587
0.0162607963502866 -0.0264482380997586 -0.0773630164056064 0.106630900676341
-0.00582289304538139 0.000351347708761638 0.648550384430099 0.0116763448169416
0.0113897109230305 0.00327467765760155 0.622788144606777 -0.625026389451246
0.0251700337288703 0.0115894931681571 -0.212631595454266 -0.816373315925212
0.0334513363314007 0.00555145665279743 -0.62672454629826 -0.155771496442843
-0.0104407761563695 -0.0169094223778779 -0.297403776600293 0.291735123089954
-0.0182000843877631 -0.00733485062235382 0.0467822013880012 0.157622603761283
-0.0179768670095385 0.0103627405111366 0.142705523129222 -0.156314935120473
-0.0228591033602312 -0.00799708441988809 -0.13171943895625 0.125841874879167
0.00126668079928031 -0.00643573075144155 -0.117640244637271 -0.146819938891244
0.01923358792343 0.0105131297609779 0.207391948286181 -0.34835110063882
0.0190180031084472 0.0416902484514858 0.556839533057122 -0.0360014270778785
-0.0209278193165862 0.0156752464023908 0.431095472021639 0.685825363836184
-0.0507057151724335 -0.0429859748288088 -0.332073822828797 0.795027241974657
0.00193384854742537 -0.0359138690108488 -0.600638476292396 0.204036810520774
0.0158857341476234 -0.0323888408247863 -0.0626592000103081 0.10424586117994
-0.0106320951227552 -0.00566180163363073 0.655517490898276 -0.0119457938513288
0.00594433067816095 0.000709683674362714 0.59413909701289 -0.65370307911965
0.0294579013825054 0.0134422892400308 -0.246087060117955 -0.803327297002488
0.0429682002857366 0.00435276485445039 -0.62560590078589 -0.128918897286407
-0.00714526695796068 -0.024019768563218 -0.287341458623015 0.299116848746827
-0.0189243540024458 -0.0178847253557213 0.0516775818587495 0.152497148663861
-0.02135543847749 -0.000858127304460997 0.139068462136126 -0.158919230250218
-0.0301446282058019 -0.0161947458356496 -0.132534260041268 0.127922583522983
-0.0017368251611424 -0.0168978198734509 -0.10803908537173 -0.149446666999491
0.0225478745782157 0.00257052632707223 0.224122406515739 -0.3359102638973
0.0265725673254995 0.0408318207350656 0.563086109565914 -0.000681065517456491
-0.0211315970359483 0.0183352790545108 0.394262008198462 0.713450771498669
-0.0557144303557158 -0.0441107178873489 -0.379140184778609 0.774901620704521
-0.00424327794718493 -0.0391706401689885 -0.605206978000693 0.17418919084212
0.00952980167752887 -0.03591826164637 -0.0484902202970956 0.0991780730009018
-0.0191633209155582 -0.00812478214233743 0.657076932543451 -0.0392832140899861
-0.00175259037278071 0.00282422408588573 0.554951745143323 -0.687213788552013
0.0337314537391333 0.0177013344377552 -0.290795688694512 -0.786323251880473
0.0520477882042587 0.000166673872631192 -0.626879183391777 -0.0913799261625098
-0.00487270565954249 -0.0303843472006321 -0.27327655668736 0.309633232415528
-0.019945997124881 -0.027587191622632 0.0580320220448655 0.150423907816356
-0.0263897619464401 -0.00942828715694709 0.137765216316089 -0.155634189918087
-0.0356004192400116 -0.0229965627665234 -0.129311701498429 0.133396345555981
-0.00202571298473318 -0.024067953558782 -0.0968058162578251 -0.148356017544843
0.0269143237005814 -0.00370622468433382 0.241836081032147 -0.318074617241202
0.0322941323610468 0.0409580562617757 0.566287722907236 0.0386438835126596
-0.0224460384178745 0.0222589720046808 0.348382969450876 0.745111685331989
-0.061209749171633 -0.0422659620931757 -0.433092001476756 0.749921893816824
-0.0116182471069849 -0.0390494891259816 -0.612836954751141 0.142461411829142
-0.000339199486392343 -0.0370824336306831 -0.0369259015384179 0.0935421014856885
-0.0298236098922957 -0.00583210489488708 0.655237901129327 -0.0755645318733428
-0.00843376796724533 0.00964385696400072 0.504252692198151 -0.721558076569833
0.0367934584617075 0.0197923490851257 -0.343600082576619 -0.762908217597405
0.0573011003342748 -0.00408929906103084 -0.626129629762615 -0.0512712333948968
-0.00348489361984566 -0.0368209972111992 -0.257225186160308 0.321768530983815
-0.0217946941841957 -0.0347335055541813 0.0663398406804258 0.148421774270669
-0.0302750087981786 -0.0162462402167158 0.135776050466 -0.152166028914173
-0.041016823539407 -0.0248051933384302 -0.127063344010398 0.138442394573412
-0.00129087729561868 -0.0277662905319735 -0.085527460225597 -0.14767401306899
0.0311683371859881 -0.00740002983377866 0.259176937716508 -0.300620415897966
0.0359040065221811 0.0420993941622564 0.566236777042818 0.0765834526029769
-0.0256117074755594 0.0270963351719167 0.302564098033081 0.770272955967583
-0.0680103632273453 -0.0364973549630551 -0.483847033104979 0.726248194847067
-0.021756549852848 -0.0357807473189192 -0.62195452216356 0.111334365665279
-0.0131210046670143 -0.0350554277042819 -0.0288700645500972 0.0875306165153976
-0.0413621728378102 0.00110296911068693 0.647264406054671 -0.107973584665726
-0.013780708405794 0.0204920322603441 0.450785568532977 -0.750374572402903
0.0395474448913904 0.0237365843355441 -0.391052530951464 -0.736629235810151
0.0601063655402665 -0.010108727471294 -0.625616342558506 -0.0126259859341757
-0.00384230792761366 -0.0410420169922299 -0.239853810568176 0.335663318476574
-0.0230281786102808 -0.0389608615516709 0.074638603589787 0.150775797869231
-0.0344769420478854 -0.0180819584686621 0.136856915466421 -0.143660059888582
-0.042749456388661 -0.022202589686509 -0.123211213697787 0.145135924657924
0.00125958158864123 -0.0266404302576845 -0.0769087941773157 -0.143972022740685
0.0338456224089987 -0.00988516369438787 0.269193416612352 -0.285286491171355
0.0340641178113119 0.0420974399723675 0.56167782499592 0.10888954130806
-0.0307864341654732 0.0328876211552507 0.26206019339464 0.787252300025967
-0.0729299568171102 -0.0298078850680433 -0.531188249988327 0.703576941441868
-0.0329438703672507 -0.0308288429018735 -0.633053840726808 0.0861374295391122
-0.0276179849328557 -0.0304047225333317 -0.0265790113804696 0.0825073514969231
-0.0519414899567193 0.0111772782183623 0.636152971999279 -0.133383612975823
-0.016074010748873 0.0322942042947118 0.404920977570591 -0.771181308919781
0.0401532668597352 0.0272955128631452 -0.429900777196311 -0.71460311396053
0.0588587790520759 -0.0136180528581598 -0.624130612798101 0.0186695647877218
-0.00393068326267978 -0.0427023708682302 -0.225949394687862 0.346957710737562
-0.0239424076825721 -0.0378023204323414 0.0841935763696154 0.152429183647026
-0.0369455146290935 -0.0164158291472505 0.13762806422361 -0.137038790569358
-0.042036937525963 -0.0152978007317976 -0.120908078240689 0.152638129355119
0.00225235339408471 -0.0211619198598601 -0.0718460411033331 -0.13736933721844
0.0347109017757031 -0.00854149889953673 0.275107973134673 -0.27301620854357
0.0300675482673218 0.0408928463531206 0.553002040176567 0.128538576393348
-0.0357688901638301 0.0366458212388238 0.229513603183019 0.795924044217341
-0.0762844487095272 -0.0207084377934786 -0.563672034547665 0.682861389724377
-0.0424188436922977 -0.0233063660522446 -0.644014752000028 0.0703701730139056
-0.0401089887810658 -0.0240648715780303 -0.0292806573844874 0.0784712727743248
-0.0598091873936692 0.0229599285584777 0.625457185573441 -0.149452042624786
-0.0154714077747688 0.0446973095294299 0.375972558760241 -0.779911795289251
0.0401012835534882 0.0302800460706636 -0.451927019657996 -0.698623337694256
0.0542820451849716 -0.0146810304875532 -0.622741636753926 0.0389993587558161
-0.0043753594296324 -0.0417731697620686 -0.216845890116592 0.354522905552466
-0.0223579533850182 -0.0329932156719114 0.0911256345520351 0.156361686398828
-0.0367622823425522 -0.0101654710435729 0.14204033040707 -0.13188630795728
-0.0123783580924789 0.0138714838798946 -0.129552190785943 0.121863712925009
0.00954343768499688 0.0144515522762229 -0.127223824303981 -0.138376344251325
0.0151752375806023 0.0234411795393351 0.186061906110492 -0.355465491651945
0.00386098716259388 0.0443322409802843 0.544172507522383 -0.073114173892961
-0.0275083925135289 0.0169128132444637 0.464772268793137 0.650845591867115
-0.0418294327792844 -0.0319748476513176 -0.286912949472436 0.812906197292455
0.00535200940424145 -0.0212925444968855 -0.603921647095984 0.237658068178259
0.011076844847218 -0.0190909280226596 -0.089783871658482 0.106270908591424
-0.00860624781375299 0.00926757060651927 0.6370136910258 0.0224699954165557
0.0146116332745355 0.0104648104582887 0.630439166514271 -0.606183969432455
0.0215307810395543 0.0117200478754539 -0.196260578265995 -0.821059456595924
0.0250312875919895 0.00466418437937808 -0.626804091700604 -0.169951317163208
-0.0124588937345841 -0.0102764259902567 -0.303663147262221 0.28756343784005
-0.0174035746471751 0.00441824191575217 0.0455582632892291 0.162364438637377
-0.014764836388508 0.0203518195308167 0.143302893183112 -0.150405293981685
-0.0174430646953621 0.00335885470108204 -0.132295501334153 0.121815204244536
0.00493669366754781 0.00361018021707325 -0.124167871967979 -0.142997066293803
0.0174692804214168 0.0177610181451361 0.192851351938086 -0.354350974169461
0.0110469457184249 0.0430048896916875 0.54877836011548 -0.0602965652043129
-0.0242989679381865 0.0156810732767924 0.455186281810323 0.661232254523178
-0.0447683826556008 -0.039403904313516 -0.300538121562013 0.804792338631616
0.00545606818987785 -0.0299277525897921 -0.598829863812444 0.225865340382658
0.0160838011460282 -0.026710247154364 -0.076263110524575 0.105782994425501
-0.00587476185955569 0.00075413698636569 0.645438414371653 0.0123666601492458
0.0114468652414839 0.00293043455170693 0.61925604890106 -0.620003388184592
0.0249106680665669 0.011983153070142 -0.212399506027117 -0.811685661869827
0.0343702901138804 0.00494831782519857 -0.625437606126361 -0.154073105024735
-0.00988783191719716 -0.0158984123237379 -0.296089624068226 0.290474173225758
-0.0180647814411844 -0.00621785179906978 0.0464513350540485 0.15763141556176
-0.0179788583533354 0.0102428532035571 0.142187686282148 -0.154894270754266
-0.0231608587343968 -0.00719895029702632 -0.130700689656984 0.124118621163995
0.000907127079143458 -0.00801261191080944 -0.116996778563528 -0.145398626351174
0.019789978302001 0.0099916169892607 0.206241267100831 -0.345899887480003
0.0194433406750232 0.041716792901457 0.555171193437013 -0.035836233601573
-0.0214720738976344 0.0156337939399332 0.429191391848362 0.683434736511243
-0.0500289682544293 -0.0435471427412806 -0.331988595407179 0.792133646122199
0.0028406682852084 -0.0361630079742878 -0.597607057138476 0.203412641985544
0.0157139982032765 -0.0325286716771836 -0.0621514728862175 0.103592772587242
-0.0100309604143255 -0.00515852734729233 0.649982406201868 -0.0110489270521906
0.00547604202683976 0.000479349660842891 0.592302071146869 -0.648471261195612
0.029768947333742 0.0135467462333298 -0.24641436490969 -0.800571454820014
0.0434506642994091 0.00431520395016253 -0.623762004842866 -0.129012014755984
-0.00727646346728971 -0.0231745471833831 -0.28655160110336 0.297568508883734
-0.0191760850972651 -0.0176338530087165 0.0521806597222586 0.153061040187574
-0.021368215618784 -1.0694816093974E-05 0.13924363802715 -0.157724882519562
-0.0298913378994851 -0.0163774120739721 -0.131925556857564 0.12667660373669
-0.00108320074362641 -0.017356470544678 -0.107746926531421 -0.148078549864567
0.0232640187490815 0.00295322491508993 0.225958134416223 -0.334055000544235
0.0270029325574455 0.0403375537732691 0.559633587285266 -0.001560408905592
-0.0207030604499909 0.0187367268945695 0.39248137132355 0.710552042149138
-0.0557799159965068 -0.0436285758748819 -0.37617763788561 0.771037644281729
-0.00296713297534953 -0.0393342561410358 -0.60337236657865 0.173473864628789
0.00992590738974208 -0.0362600581189443 -0.0490040699856851 0.0987032520473289
-0.0187221927231795 -0.00775714450261244 0.653000969567556 -0.0405256100014827
-0.00193146610322538 0.00346992130056255 0.552280300101951 -0.680623284105251
0.033343641322066 0.0166751238148678 -0.290164253859314 -0.779966125595265
0.0524646617779425 0.000350639415266391 -0.624723713735481 -0.0908027684121761
-0.00385402331429176 -0.0292808851019527 -0.271892064066584 0.307847869499014
-0.0202172837930452 -0.0277263189086666 0.0574631318111897 0.150101117205114
-0.0268707708934045 -0.0093212108070431 0.137829943040137 -0.154065004845625
-0.0355557488175792 -0.0224160905410138 -0.127948612834196 0.13161847820987
-0.00214157871226083 -0.0251247015449477 -0.0961789200669949 -0.14687846878539
0.0273917518760459 -0.00370857611565964 0.240562196331211 -0.315914990383047
0.0329114511553943 0.0413948830580706 0.564392301687045 0.0385348318719894
-0.022319149143575 0.0223732162426918 0.348727562192687 0.740289200920953
-0.061272642739816 -0.0418849024741946 -0.429597622405026 0.748843210966452
-0.0106995789892593 -0.0388036434018693 -0.610223854723095 0.141256883038878
0.000598890975580671 -0.03718143256219 -0.0365006268128941 0.0937790767738224
-0.029435764709714 -0.00567835905113398 0.650642964201354 -0.0746046303458903
-0.00826081774029179 0.00956130379032827 0.501775611097557 -0.717368608806627
0.0366322245047778 0.0200563443112125 -0.341591345671261 -0.758461063364267
0.0583545623052939 -0.00376427957592457 -0.624079924184346 -0.0519000199136564
-0.00315122953638406 -0.0358929296106541 -0.255423872462714 0.320270837666857
-0.022317790794348 -0.0347704636438962 0.0660171657049762 0.148955953714733
-0.0306961255107953 -0.0152792677493391 0.13619966369404 -0.150146695263861
-0.0402367791856508 -0.0233746719185874 -0.125970322553482 0.135607517256789
-0.000936657703012858 -0.0281870083508328 -0.0856093471778228 -0.146814190241698
0.0312838085554355 -0.00758140861781925 0.25942902443311 -0.299492018820497
0.0359669681663607 0.0420633249894411 0.563805645557768 0.0774600155720039
-0.0260559151860215 0.0269011069087833 0.30170128751237 0.766098828093766
-0.0673568878024795 -0.0368667158243634 -0.481278813639705 0.724655718466256
-0.0209878832645351 -0.0358610669591125 -0.619016314481832 0.110260656993775
-0.0123986700735698 -0.0353751047185427 -0.0283258750920327 0.0876980443974548
-0.041686746890322 0.00123527314011357 0.642652596999476 -0.107761837560462
-0.0133259243196709 0.0206665182525808 0.448412975514968 -0.746939068848669
0.0395830092998639 0.0239331673435613 -0.389744442155425 -0.733402252889818
0.0604340888253332 -0.0100673489849407 -0.623936749135663 -0.0114326430440824
-0.00321415860132091 -0.0402803129981202 -0.238153903900052 0.333973574892333
-0.0229909454754009 -0.0383904802723968 0.0753939959892715 0.149981388400912
-0.0349116882648551 -0.0176839601267288 0.135924349843082 -0.142366777151984
-0.042198251191791 -0.0214162605307887 -0.122070485425608 0.143177401106981
0.000852516096434578 -0.0274027711173574 -0.0764063396983039 -0.14248497120818
0.0340997412509664 -0.0098373667224912 0.269241156247766 -0.284469807146939
0.0351667132277486 0.041446313607705 0.559682638814945 0.107698683272923
-0.0307586877805283 0.0326349171546663 0.262353620675819 0.782857840771537
-0.0725720223855444 -0.0290105476243227 -0.526740248281633 0.700350619739759
-0.0314401423271543 -0.0306601187604361 -0.62816132362546 0.086192968517161
-0.0268106819929193 -0.0307522262940457 -0.0256951959504983 0.0820921306005296
-0.0521788950342703 0.0107886457674388 0.632773802146142 -0.132634797108578
-0.0152457528000029 0.0327668379201096 0.404925309534397 -0.767293586494785
0.0404952731113597 0.0272979877922112 -0.427000260466022 -0.7107043855716
0.0585556697044082 -0.0134824716113602 -0.622051779413083 0.0204038619661225
-0.00383172963434607 -0.0421866308573276 -0.225511450518397 0.346056427083729
-0.0232676364998013 -0.0378305360373727 0.0833270035208525 0.152325480566988
-0.037135752107428 -0.0155525124067043 0.138149898018983 -0.135704501928122
-0.0416559178182023 -0.0143429178587322 -0.120370642214905 0.150503119597883
0.00280474370185443 -0.0212025940982403 -0.0709358397104113 -0.137492870231621
0.0343908930725948 -0.00868055204103248 0.273146896392071 -0.271559032748222
0.0301322921503801 0.0410018456606079 0.552123874124887 0.128897833806824
-0.035272442087614 0.036351426141258 0.22984165984846 0.791912817482483
-0.0762962874954065 -0.0211916814144921 -0.561676930821989 0.680451400006108
-0.0410128767067597 -0.0232279339261537 -0.640370994038177 0.0704816816635187
-0.0397425328663383 -0.0248634453025291 -0.0282157264414455 0.0780174416513053
-0.0596542943704573 0.0225779907546263 0.623375887267814 -0.148188394844924
-0.0148038876003236 0.0440558438671896 0.376284706194037 -0.774714421620617
0.0400076318535638 0.0305765410919693 -0.44911746529021 -0.694892701122094
0.0542456689755309 -0.0155431997980272 -0.619849814201617 0.0400370416886228
-0.00361966256319435 -0.0410551987625643 -0.215659334126431 0.353408365109445
-0.0226396319688308 -0.0329246827550144 0.0900380101541946 0.155276249800118
-0.0368898329858018 -0.00960088405448819 0.142518716395683 -0.131188118256315
-0.0117351430738926 0.0143956790940068 -0.12968156948614 0.119575171689788
0.00976867830916001 0.014510038447485 -0.126636877068342 -0.137826301850355
0.0159537319872818 0.0233698727145262 0.18617968307011 -0.354712446276432
0.00387853513362434 0.0441986618752118 0.542753654873551 -0.0716072470973749
-0.0284944567975098 0.0168361136748929 0.465866065760126 0.646583030892524
-0.0423783355281612 -0.0321172527257474 -0.28716752894643 0.811350879163424
0.00454399752169941 -0.0215292291245887 -0.601457025879491 0.238116805824654
0.0108839471677687 -0.0192621717536419 -0.0891568429515277 0.106049933866966
-0.0079666035374259 0.00917163547375816 0.633532748375767 0.0231018354826813
0.014798870569187 0.0103581291226492 0.629695196650596 -0.604587976535589
0.0215011879667901 0.0127722656612185 -0.19630848789101 -0.818832993088076
0.0257082146438536 0.00479161376594657 -0.625459843749178 -0.16928739595409
-0.012679520908427 -0.0107564908087193 -0.302734516464866 0.287370676009003
-0.0175739736404213 0.00472881324669084 0.0450699880605578 0.162664155960058
-0.0152625432442528 0.0208411990190105 0.14325238466099 -0.149204486955344
-0.017215346876871 0.00387454394483036 -0.132084160955717 0.120254793827386
0.00570807015614826 0.00298651836209722 -0.124175228992927 -0.140980680727215
0.0168284817770729 0.0168848583879949 0.192419586311624 -0.35169309814303
0.0113290818317743 0.0434470237415144 0.548248972264161 -0.060191087234078
-0.024887563472164 0.0153476900135615 0.454693155978254 0.659161721659765
-0.0458154593440407 -0.039067029506194 -0.300025723432292 0.803267662857342
0.00673816147697851 -0.0305498049670247 -0.596451684547335 0.223351801005367
0.0165760097803539 -0.0260669432124368 -0.0762418877253222 0.105829364721882
-0.00599064914461666 0.000500859325523843 0.642597770641462 0.0121151595868858
0.0110515538423874 0.00331494476396488 0.619912636082943 -0.61586463742793
0.0253735132666447 0.0124669638332983 -0.210447947743273 -0.81080939966322
0.0339013856630675 0.00459534865652658 -0.623533763692676 -0.155592846254391
-0.00958446075415796 -0.01606428654277 -0.294993493929303 0.290048783107468
-0.0184542473200579 -0.00599729598864311 0.0460691302437235 0.157377747118911
-0.0181766020114734 0.0107431374963528 0.142268802342308 -0.153761187253652
-0.0230550370750638 -0.007159476951754 -0.131262586352257 0.122285928203002
0.00189339930441606 -0.00775208339138925 -0.117042157440041 -0.144485090394025
0.0203799368556522 0.0104178890290831 0.20546640017866 -0.344860969485708
0.0195510821075675 0.0420147646029621 0.55448136969609 -0.0348969448440072
-0.0220101715002403 0.0156145442123344 0.429386331375453 0.681926445102945
-0.0502497468051976 -0.0436109675394156 -0.331807118792933 0.78992934341061
0.00410535688104809 -0.0366156785443449 -0.597116072219 0.201577305495362
0.0165098852172533 -0.0322240266089628 -0.0619987877964402 0.103377620590649
-0.0099419863928554 -0.00487991108276514 0.649375675108757 -0.0104476973336917
0.00559381206036464 0.000435943482503996 0.591414540216507 -0.646692655279883
0.0296937503936825 0.0142704353204374 -0.244030581236908 -0.797538295767948
0.0441297958454066 0.0035846185287733 -0.622997218796067 -0.127907987435479
-0.00640987017585181 -0.0227585036543698 -0.285634676161616 0.296103621524385
-0.0198583981038319 -0.0174733031342341 0.0517227421639807 0.153445187591747
-0.0218265487492632 0.000421996910132305 0.138110865789337 -0.156221063118771
-0.0302280032875322 -0.0158629750391051 -0.13177374384134 0.124504913835733
-5.62432802454528E-05 -0.0183946791705076 -0.107636220137517 -0.147074985889383
0.0228535702308989 0.00201373225491299 0.222888182030425 -0.331742854852583
0.0273543280818627 0.0406820245634185 0.559128916615176 -0.00112497766537058
-0.0216268760473257 0.0185412126100671 0.392505078327671 0.708514308064057
-0.0556993185570387 -0.0435496102916783 -0.374893999229383 0.767973068787436
-0.0020863664454071 -0.0397336500600348 -0.602849113889821 0.171412577131434
0.0102415665236436 -0.0362116203838209 -0.048389054389312 0.0988602343040748
-0.0185444847709555 -0.00752280883203125 0.652175962459883 -0.0384050002533359
-0.0014473126594666 0.00368766685778879 0.551551316184306 -0.678083522513702
0.0332507565398532 0.0170927718391703 -0.286963230302687 -0.777408674790791
0.0522961841878308 0.000206653224941424 -0.622722192712668 -0.0906185166867339
-0.004044559115585 -0.0292060003569899 -0.271231847850424 0.308300582759424
-0.0205592500789688 -0.0271906713814131 0.0569994498437122 0.150059511941838
-0.0265912685187312 -0.00836013694961571 0.137782029056571 -0.152581076124865
-0.0349295462322949 -0.0209878500367472 -0.128366185753393 0.129833964336381
-0.00177008820848508 -0.0250677450657115 -0.09582745735703 -0.146767549591731
0.0276029148582986 -0.0039220725166497 0.240821856319495 -0.315845145049742
0.0331926457065127 0.0410922778287125 0.561833656023041 0.0386623445039393
-0.0233581658342298 0.0223834248954201 0.348546549695911 0.738953002185941
-0.0613759888853404 -0.0420930984079696 -0.428979381360261 0.745948342658188
-0.00938431921728689 -0.0393407144288652 -0.609066869440875 0.139985718916996
0.000528874582751582 -0.0369402141923964 -0.0365396270856118 0.0936300042591194
-0.0292620774286423 -0.00563102084837337 0.648171403463522 -0.0751040080589673
-0.0079185663302146 0.00979263252262923 0.501519123401477 -0.714633234177257
0.0369829131793217 0.0199099354233411 -0.339578550745249 -0.756672295233261
0.0584677732833852 -0.00461154689434524 -0.623250825176223 -0.0509908239133956
-0.00279921413935331 -0.0353675600000332 -0.255052851002357 0.321388279748026
-0.0219149756277079 -0.0346124887572779 0.0660833424090764 0.149041682874961
-0.0307598979194279 -0.0143082743674362 0.135439773927435 -0.149228711660361
-0.0402999097915832 -0.0232092014549536 -0.125829250871201 0.134453507016959
-0.000424075206148806 -0.0287681237990563 -0.0848410468066223 -0.145943461587728
0.0317000589201195 -0.00838454431058982 0.258535077424804 -0.299485304460218
0.0368632674420488 0.0413867534674939 0.562167137589505 0.0769759563952872
-0.0268782371702021 0.0279719468645658 0.302408887835841 0.763395072585403
-0.0674985704214663 -0.0363378030563222 -0.479084642134362 0.721759978844861
-0.0193200751417608 -0.0367595316877333 -0.618074866186663 0.109005876011939
-0.0123071223231586 -0.0348026756820142 -0.0277940500400733 0.0873227207419896
-0.0409319038200251 0.000744684635531088 0.640473375822409 -0.105973677032191
-0.0136660714473968 0.0207156784545963 0.448181566903589 -0.742371261010743
0.0393114330516724 0.0238945755120013 -0.388430369453523 -0.729687603245327
0.0605973558977585 -0.00989410261648011 -0.622236396919194 -0.0113677259159155
-0.00258152746612008 -0.0396287712243662 -0.238673944101793 0.333551832899419
-0.0238542951381697 -0.0378725144861145 0.0752331459766478 0.150510629082682
-0.0353380457124427 -0.0166800010486269 0.135671319849574 -0.141478645412465
-0.0419067326077253 -0.0206234169355068 -0.121871002736502 0.141279397401894
0.00169982484232866 -0.0274285506696147 -0.0756473431543711 -0.141562546328316
0.0345040203060114 -0.0106866361175088 0.269064504293568 -0.283204100047201
0.0361506492091914 0.0416179772151207 0.557643566834051 0.107867547566788
-0.0311232350576431 0.0325482776442302 0.261679297785501 0.780533536236746
-0.0730185995170504 -0.0291522253789119 -0.526004586340982 0.69801604371221
-0.0299365485333209 -0.0310314620757 -0.628511634778774 0.0847507894946667
-0.0264841404563701 -0.0308134694300513 -0.0256330428928469 0.0823139272376406
-0.0514070899204077 0.0113828284412899 0.630799194667454 -0.131909812051121
-0.0154136996529342 0.0324476112487911 0.402730357928174 -0.763483889600742
0.0404170174904417 0.0271499339606843 -0.423923496821066 -0.70984657732343
0.0593813591385598 -0.0136017738115449 -0.621198710633356 0.0200185073886826
-0.00306501857232439 -0.0415606500413648 -0.224271786650847 0.345359340545092
-0.0241458731718458 -0.0375352811297766 0.0828754857037734 0.152872679316973
-0.0373704103170922 -0.0151227781370534 0.138298328223731 -0.134482271943338
-0.0411557336382729 -0.0143528071771258 -0.119446563558328 0.148722546441752
0.00309457897819044 -0.0225035991513841 -0.0709246843957462 -0.136607378823774
0.0345478272472604 -0.00883407824323043 0.27478522784169 -0.270674635429928
0.0309793258957108 0.0407664461557421 0.551138692418123 0.128663505365218
-0.0366134537114407 0.0365032608075881 0.231242809663883 0.789223675794981
-0.0760273727945219 -0.0214744634203493 -0.560448270595979 0.679464564362106
-0.0396787820180234 -0.0240343062024268 -0.639891084328538 0.0685406974888519
-0.0388363240361572 -0.0249764564840798 -0.0280232672252837 0.0782193873379187
-0.0589095370487735 0.0226536251847018 0.620082381040583 -0.147655606546084
-0.0147944811560718 0.0435466143935203 0.374928098660602 -0.769613342255427
0.0397189268117561 0.0309807619747156 -0.447609841457688 -0.691905997774077
0.0546584829835031 -0.0158551893144661 -0.618593053837352 0.0390894202406152
-0.00364976751449145 -0.0404968309851965 -0.215208006735743 0.353884361404645
-0.0229424049673833 -0.0320384906272868 0.0906392531961297 0.155423201009765
-0.0371191656077162 -0.00868232106684465 0.141639230721317 -0.129908400054593
-0.011254883121965 0.0149739150853635 -0.130468271863092 0.118576477518604
0.0107134470367909 0.0129939767574736 -0.126206928815363 -0.137217162045014
0.0157793251481525 0.0233143953074937 0.186242433260022 -0.353862908637696
0.00405889040203728 0.0441409239160914 0.543292019165465 -0.070102057502314
-0.029215427874625 0.0171220108729475 0.463510226043334 0.648608431611284
-0.04182991023293 -0.0325783679970029 -0.287305399450151 0.808554634824694
0.00670388880720671 -0.0218735985985848 -0.60195674528009 0.234770279989759
0.0115478454785505 -0.0194749593816294 -0.0889435900946465 0.105565860488527
-0.00749626987182831 0.00939895228430899 0.631385920525651 0.0232829597234703
0.0141850660869321 0.00989074212780267 0.63018473084326 -0.600678886710418
0.0212280756039161 0.0123541108797834 -0.191977651456477 -0.817129305981181
0.0261025315249953 0.00449741234246866 -0.624956196765906 -0.170374926586694
-0.0126751659607285 -0.0103085505309855 -0.302165912474103 0.287612488701802
-0.0179704682319738 0.00486092010218039 0.045163193695281 0.163204527704498
-0.0153896159068376 0.0211583178385553 0.143486009683958 -0.148330105858108
-0.0167677681550077 0.0046214597666918 -0.132349962357987 0.118239375951002
0.00622870624454942 0.00238828492656342 -0.124031204586842 -0.140960728110366
0.017264338942082 0.0171001730653614 0.194014978137201 -0.352184616639811
0.0119250594815071 0.0428813581239063 0.547290876400752 -0.0585371394420541
-0.0252798421947969 0.0151982659649714 0.454764067979073 0.659060126492845
-0.0459450958845502 -0.0398007048055266 -0.302289718483599 0.801941237922028
0.00795487523246466 -0.0307830964543823 -0.596412419624758 0.222940340566124
0.0168115794490646 -0.0260452816324863 -0.0761373871367836 0.105393855848387
-0.00537772196383151 0.00100702732377266 0.641296422792437 0.0138568710563207
0.0116115942627865 0.00346706705675182 0.620257331124957 -0.614477559528589
0.0250784403935274 0.01264311020186 -0.208587542630413 -0.807305154971857
0.0344405314168375 0.00496299177662778 -0.623628592787471 -0.15551404217951
-0.00979156759730862 -0.0150710643216921 -0.2953921630092 0.288249380865798
-0.0187652446720869 -0.0057618847335209 0.0465145305126187 0.157874935574549
-0.0183847012429374 0.0112751478617132 0.141721167092514 -0.152055477895806
-0.022546581408905 -0.00596318543517882 -0.131979769733896 0.120611547577589
0.00202927399815799 -0.00817628645289754 -0.116710976907564 -0.143446583059754
0.0202979207657232 0.0096964717864215 0.206684736373222 -0.344988864121718
0.0196689626686725 0.0415861705984979 0.553823496648848 -0.0341527943940935
-0.0234319894079972 0.0157423123649311 0.429487065745304 0.681997882670854
-0.0502492974858128 -0.0434374754564143 -0.333285983790798 0.788029399273396
0.00571478931146094 -0.0369063473622928 -0.597753992828651 0.19988566012092
0.0167714037800476 -0.0325646957091452 -0.062167624134054 0.10285856619185
-0.00941079076605017 -0.005276313380313 0.64667544482351 -0.00884006423839074
0.00546492160363557 0.00118652125313559 0.592127675065546 -0.642353998679149
0.0295618470160182 0.0139619955136383 -0.241560965899688 -0.795354846969883
0.0443023519928428 0.00291219285877494 -0.62349593963381 -0.128588370992771
-0.00606398284443619 -0.0221202638374179 -0.286451196068734 0.295939100995119
-0.019917901539248 -0.0177927467624514 0.0509192831949996 0.153539393213446
-0.0222347061591537 0.00135944991889932 0.138609789722024 -0.154118302818347
-0.0286236727236251 -0.0140238116441608 -0.132291710693049 0.12332580397655
0.000349755006499176 -0.0186860343865531 -0.107591160918492 -0.146802968877797
0.0234470826830161 0.00250289129998853 0.224186987141714 -0.331474919947745
0.0282662582666222 0.0409929872480612 0.558618234498916 0.000512808447374449
-0.0218335999001736 0.0191203261320486 0.393203387049866 0.709845605945229
-0.055722652051942 -0.0438409592422976 -0.37783639159309 0.767467567285975
-0.000651280855968063 -0.0401983054123871 -0.601579975320801 0.168986393392598
0.010680220024135 -0.036165269858052 -0.0475100718767255 0.0984064272005416
-0.0184713169021128 -0.00827321428653117 0.648624193101083 -0.0377218089604261
-0.00129020529034682 0.00329172522509227 0.552129689393926 -0.673955862243854
0.0331730898499092 0.0174434163285809 -0.285970161446149 -0.778656280413925
0.0528670211044897 -0.000427353789529995 -0.623743277486978 -0.0913619288024949
-0.00348353987410503 -0.0289825127861212 -0.27148908414074 0.307216415031011
-0.0206739000009786 -0.0267314446300905 0.0566346068186612 0.151200049252295
-0.0271307510351027 -0.00800592642335496 0.137863118707927 -0.151584982118111
-0.0346652449004549 -0.0203036600666532 -0.128822972001245 0.128661370028338
-0.000790134857771537 -0.025339168496626 -0.0950577570184435 -0.14647964403244
0.0280307748409095 -0.00369816363168673 0.241634279572266 -0.315321561121032
0.0334683513061681 0.0406454783538446 0.561488853404137 0.0393098436802835
-0.0229813499352986 0.0220672072280484 0.349356392274904 0.739323402754304
-0.0616050531151966 -0.0418828242547823 -0.428666876142951 0.744126495987287
-0.00779793107988331 -0.040022343664556 -0.609302041188667 0.137087583142356
0.00136509902491162 -0.0371205227653853 -0.0356255884401061 0.0934895611802301
-0.0285944493977762 -0.00621232243898311 0.649316707411172 -0.0726415576651475
-0.00837049605199713 0.00999240429583764 0.501898493596116 -0.711870968168556
0.0365460213209457 0.020543028307759 -0.335878338971953 -0.75534061960612
0.0583254462953932 -0.0046229101872583 -0.621673627060075 -0.0513489914257012
-0.00239120248616171 -0.0354936800349255 -0.256126499903872 0.320141631198631
-0.0230706289800896 -0.0340516459148585 0.0658488282661377 0.14989139187814
-0.0308828683481832 -0.0135039133967923 0.136139766503913 -0.14826211255482
-0.0395696300520293 -0.0226430207036905 -0.126376234240519 0.132918982843586
0.000781409787992359 -0.0295690182022009 -0.0845747236963799 -0.145634716154802
0.031807809736895 -0.00811195381368579 0.259265916765571 -0.297683139362072
0.0369849834542431 0.0413273717569199 0.560473055629835 0.078391176527676
-0.0271336304611792 0.0278498432059503 0.301091320424764 0.76410460063109
-0.0674761097572866 -0.036858430066576 -0.482428761335194 0.719832876083965
-0.0177566349538294 -0.0367487435403166 -0.618833396687413 0.106751789959161
-0.0117293953419464 -0.0353696099075814 -0.0279136062229639 0.0877945612509424
-0.0406261547323847 0.000896058527091331 0.640029483985114 -0.104289763741778
-0.0133851901417951 0.0206565083574372 0.448561008690525 -0.740736793903772
0.038943957870815 0.0240699915991375 -0.38623603101039 -0.729723816818613
0.0610323602734085 -0.0100545231171057 -0.623784150171039 -0.0123737323750158
-0.00208024598320262 -0.0389476173143361 -0.237777198681019 0.333029971233056
-0.0237743831197255 -0.0374088055862869 0.0749030052108934 0.151051684665506
-0.0353750552966048 -0.0159798771720308 0.136612818327985 -0.140190496057485
-0.0411160509981735 -0.019814735857271 -0.121950485397176 0.139622002141874
0.00237948136671072 -0.0281912705222369 -0.0756122752645759 -0.141776082667381
0.0346342875896983 -0.010199428870591 0.270020088547161 -0.282148754451606
0.0357510884536578 0.0420663147233692 0.558380078981487 0.109109467364739
-0.0314923465179107 0.0325938576642182 0.262267552915313 0.781863657032011
-0.0729454574050186 -0.02999402012491 -0.526856475348392 0.694883300553378
-0.0283870531024552 -0.0315956507185332 -0.627508406003816 0.082948728589909
-0.02582841928354 -0.0310337194851172 -0.0255253408987485 0.0824757282622617
-0.0507912573699112 0.0107321045278288 0.629770918848907 -0.130090236511432
-0.0158963807655074 0.0322162047662439 0.405671374076882 -0.760499036976687
0.0405954403866701 0.0274972271102629 -0.423007607883873 -0.707591655813842
0.0603215464189413 -0.0137349947817836 -0.620560629507864 0.0179923444475836
-0.0028482325790651 -0.041027956811576 -0.225167439561188 0.344503466173501
-0.0247197363767925 -0.0372393411096538 0.0830134923985076 0.152502956584936
-0.0371883480245547 -0.0146547030182781 0.137920792437948 -0.133290447027283
-0.0408839437514588 -0.0134540614105841 -0.12046217065607 0.146634374699109
0.00359486608966079 -0.02267272582186 -0.0700173200454301 -0.136600151247112
0.0350229384488713 -0.00908189269343049 0.275554508284183 -0.270712553674063
0.0314500234530949 0.0412036713290995 0.55135870616919 0.129631794812897
-0.0358631721515897 0.0367418157911312 0.229627555516563 0.790179351590536
-0.0762683740228843 -0.0210610008613879 -0.560309667848212 0.675789483641479
-0.0390480241511834 -0.0244746501002351 -0.639167982412429 0.0677493348736334
-0.0381935968638499 -0.0254366695398243 -0.0277283657949577 0.0782560100962312
-0.0585388777503036 0.0222690584808378 0.618774804785339 -0.144917795213455
-0.0149505535610382 0.043977882313871 0.376652443757301 -0.768843580852115
0.0401095829248552 0.0303253261011151 -0.443568512864288 -0.691324133984678
0.0555241181191838 -0.0156239107674256 -0.618012976468345 0.037833716473675
-0.00301834359432764 -0.0407224294653872 -0.215898899063202 0.353420667037911
-0.0237591203231692 -0.0318369886853444 0.0908328401790948 0.156323515104039
-0.0371715312335087 -0.00830732330448639 0.142664902677666 -0.129088619383047
-0.0115334178510832 0.0161590002709778 -0.13127936354723 0.117290547381266
0.0106332007500681 0.0121799479182759 -0.125956214871287 -0.136075346176349
0.0167317269948442 0.0232391486277708 0.187213577079862 -0.352948300363395
0.00458569948113453 0.0435694956396882 0.54360459526979 -0.0709174441051914
-0.028651055972152 0.01718552879474 0.463852430518 0.649625142832963
-0.0423788339920413 -0.0325636599159313 -0.289231406572878 0.808965525728712
0.00756965433016913 -0.0224791436976847 -0.601950893355777 0.233630053964771
0.0118853322636007 -0.0194607176110543 -0.0888334877803851 0.104942779285966
-0.007204387691395 0.00920512988024142 0.630203673983386 0.0263047371305674
0.0144359789228928 0.0100625915828885 0.633828108630887 -0.598302899878368
0.0211460461862727 0.0125548827875714 -0.191616786757027 -0.817497939828005
0.0259992183208634 0.0044711439742664 -0.625866927754426 -0.170514242058567
-0.0113561362091663 -0.00995909220655386 -0.303485341266593 0.286652849710516
-0.0178916914213569 0.00524092937357784 0.0445447018416777 0.163915236978892
-0.0159791353297594 0.0220092831765436 0.144278339614579 -0.146883309531088
-0.0163097514925866 0.00478367726765474 -0.13328671335771 0.117321991975521
0.00674539571507811 0.00222702880404709 -0.122996294295387 -0.140887139750148
0.017953394744197 0.0170380270695763 0.19431447148218 -0.350708777050259
0.0129321759548461 0.0427363174217419 0.548700158800738 -0.058574632683968
-0.0262259646716219 0.015350491071409 0.45376537252177 0.659281998925427
-0.0452286154304778 -0.0392371731371372 -0.3026289771078 0.80091710362177
0.00913815147019216 -0.0314113489272018 -0.597258719123397 0.219877646544619
0.0177844194784068 -0.0267160682120571 -0.0760561154628875 0.105348310962331
-0.00515658728325225 0.000982448906278331 0.639031400303658 0.0134002897270668
0.0116201043054464 0.00288727309059265 0.620605217681947 -0.613619250165531
0.025477294874173 0.0125515358097088 -0.207245563820469 -0.809724154169631
0.0353297387206533 0.00446130589180949 -0.623169100434524 -0.156359701953106
-0.00844051955403893 -0.0149280412806251 -0.295895563111893 0.289671606259172
-0.0193706366145123 -0.00596621365345041 0.0457828095991855 0.158876092160424
-0.0184455960476439 0.0124443067289294 0.14312678160609 -0.151420914320304
-0.0217939766142526 -0.00536649062937888 -0.132745717455033 0.119250599288618
0.00196934256010179 -0.00906866110396604 -0.116616758793532 -0.143532510637135
0.0203713617084491 0.00943766011311006 0.208494408234023 -0.343978006286756
0.0210798627221206 0.0418737442136126 0.555140816917769 -0.0326774822431106
-0.0234514570443365 0.0163799561528649 0.430161996626359 0.68257309435994
-0.049959127889698 -0.0435023290245519 -0.334467692274774 0.788499463241346
0.00615796855986513 -0.0371380951731072 -0.599858271278372 0.197183539898666
0.0172794936169916 -0.0327795574565832 -0.0619584431436262 0.10315424969379
-0.00929289087465968 -0.00575368417555975 0.646510343570884 -0.00821571123883201
0.006132723376326 0.000681569939847332 0.592834809468237 -0.640328076669837
0.029562745205046 0.0143137365431546 -0.241117842743677 -0.795345992776994
0.0451115080453338 0.00332772728694148 -0.623040127312486 -0.129396351043011
-0.00560440703663881 -0.0222309940177637 -0.28589753170901 0.29730102040674
-0.0198470098383882 -0.0168704688549324 0.0511589142815123 0.154158820753808
-0.0223853110731832 0.00183138807042877 0.138954104323375 -0.153806411727794
-0.0290395289302368 -0.013616053313565 -0.132976943184143 0.122438324989924
0.000362094391161491 -0.0191246538711401 -0.107073937905568 -0.146577960869374
0.0245876802764606 0.00294099550772778 0.226614332545774 -0.331462288090481
0.0286902539382957 0.0410562331848372 0.558456419049534 0.00103670750656398
-0.0225804368151634 0.0185272969270213 0.391803336568432 0.710058023496248
-0.0556856738926988 -0.0439847437280411 -0.377169652129725 0.766267835416451
0.000423217340906733 -0.0407581647887143 -0.60347647345573 0.16794538143049
0.011686205255824 -0.0356755271050541 -0.0478628397374107 0.0988729110157217
-0.0176020919020012 -0.00803903014613023 0.648010571330986 -0.0350420096519112
-0.00166603700858937 0.00295876347274238 0.55311162538525 -0.673546259495583
0.0336661274123069 0.0178411765941601 -0.283238600151516 -0.777824943075378
0.0531916926243757 0.000150701053657918 -0.6241423585358 -0.0911563848819423
-0.00276656827676127 -0.0288723324128401 -0.272982162233278 0.307989826805172
-0.0213148023130922 -0.0268878701683948 0.0566648640292549 0.150941523210262
-0.0265666958874725 -0.00701249716125701 0.138047065088317 -0.150442001941341
-0.0344941389534101 -0.0205072973720001 -0.129750520623813 0.127300502483619
-0.000479423187976686 -0.0263245635840837 -0.0954283131145121 -0.146315021634135
0.0280368436101653 -0.00367980532718032 0.242987434399063 -0.314597412090106
0.0337869425271653 0.0416137602045099 0.562987162941735 0.0412614305877403
-0.02363882781228 0.0222866890964439 0.347746023936992 0.740056682829355
-0.061082825286795 -0.0422675430294115 -0.431987188870222 0.74260061312831
-0.00659342319426995 -0.0400444322743362 -0.609926863905203 0.136929835653297
0.00165854977075972 -0.0373770471953712 -0.036301406453655 0.0930423603678612
-0.0284145488114368 -0.00653128710942199 0.646587824074834 -0.0707864622627716
-0.00871647647268686 0.0106852589047243 0.503712971030087 -0.710962995132079
0.0368801162766147 0.0201593494534814 -0.33648702848843 -0.755691492933474
0.0591098907364944 -0.00486190698705471 -0.623671372600597 -0.0524083175482027
-0.00108264041382096 -0.0351923026885381 -0.25631712018959 0.319899662278433
-0.0231233775540843 -0.0342122183564113 0.0651978310819014 0.149699994424686
-0.031690097992825 -0.013291042681385 0.136184536094783 -0.147559470807229
-0.0394873192330559 -0.0223579212784473 -0.126944456036922 0.132576696389575
0.000235059787535064 -0.0302650257382777 -0.0842217230608638 -0.145121514375126
0.0325376223257874 -0.00788103473290505 0.261412351505497 -0.298345092909738
0.0374369176550004 0.0418115568326451 0.560775069600438 0.0796540974070609
-0.028019088316198 0.0274962940961214 0.301683404053478 0.764827142538
-0.0681154035586944 -0.036702953004532 -0.482570665271633 0.718875098523691
-0.016894697746785 -0.0373333826631649 -0.61836016065365 0.106293889820423
-0.0111239026927924 -0.0348653884102125 -0.0283977771854861 0.0870724546467714
-0.0401033918703632 0.000522574726544753 0.638187945637532 -0.104072144443842
-0.0129374296266686 0.0204648020127188 0.448608978473642 -0.738770008288815
0.0393924687342514 0.0245934687335062 -0.38579735592756 -0.729954129703115
0.0614693935976419 -0.0102584792601357 -0.623279561306846 -0.0132293907255377
-0.00157387504527188 -0.0393594180103922 -0.239593371347988 0.334212522643245
-0.0242864804231602 -0.0378683880162136 0.0741466166486164 0.151262667073397
-0.0358623813012475 -0.0153793539914265 0.137343466516776 -0.139162805298173
-0.0410716438132056 -0.0197043370190974 -0.122483110931271 0.138947508546298
0.00274245046399546 -0.0284759358512586 -0.0754277838942026 -0.14196829816335
0.0348309114887839 -0.00995263365397391 0.271294354940647 -0.282874277931885
0.0370477169417545 0.0418921890229465 0.556971419896995 0.111827555301001
-0.0325859594408915 0.0327097375547707 0.26212915973012 0.782913619013484
-0.0730028893488622 -0.0296043413337067 -0.528748340921711 0.695502395680618
-0.0280995638470508 -0.0317833752758402 -0.628866179069086 0.0823531276189613
-0.0253734554470896 -0.03107037870926 -0.0247991766579794 0.0820343061224524
-0.0508518511221485 0.0111354615554847 0.628838324481653 -0.129696935572827
-0.0152623887860416 0.0326062425349252 0.408262846501681 -0.758733336512937
0.0401724813979017 0.0278230079613101 -0.420777384636643 -0.70736232707988
0.0602766450475694 -0.0137350210043479 -0.621318455738988 0.019711466587616
-0.00208936186604087 -0.0407557441068658 -0.22672165798357 0.345022363934455
-0.0245445906308942 -0.0364189584208067 0.0821536654025524 0.153701657420824
-0.0378369042020935 -0.0128727034321101 0.13903743283296 -0.132883308795551
-0.0405763224055183 -0.013400345927126 -0.12070383806021 0.145820571493049
0.00387037661103256 -0.0233597660103391 -0.0699071409117825 -0.13618446468825
0.0355822935561974 -0.00892240971852096 0.276080677386877 -0.269780213996954
0.0325519517219716 0.04108370492033 0.550210837305522 0.130708165446095
-0.037403398810738 0.0370991099262695 0.229527788139166 0.789887199792137
-0.0768511556815346 -0.0215376264997389 -0.562011110106265 0.677834190798843
-0.0378342336785098 -0.0252450448689922 -0.638632868375408 0.0659105682443672
-0.0379086704704065 -0.0254452288980824 -0.0275831995423264 0.0782352747205665
-0.0585035079169439 0.0221450644674944 0.618216456071315 -0.144342716717869
-0.0149945394543574 0.043827433706642 0.37834430707054 -0.767949685589376
0.0400993955479484 0.0306781209093687 -0.444313156549123 -0.692042037428874
0.055460407713221 -0.0160377996618733 -0.619999022031349 0.0387259444050324
-0.0024393576558999 -0.0400024675292703 -0.216591081622079 0.353862498732314
-0.0237554912329616 -0.0320222786119833 0.0899355978580145 0.157103063550993
-0.0379326712668617 -0.00748489671928763 0.143136075202212 -0.128436882222164
-0.0104168082390922 0.016303497712385 -0.132318768676082 0.116427456029186
0.0106118177498477 0.0117526022693366 -0.126712997232486 -0.136494618093602
0.0169606016191613 0.0219999373178486 0.188092933581283 -0.352908216188746
0.00500387248968952 0.044363506563386 0.544238904029964 -0.0681088041127633
-0.0294623340096725 0.017305111079751 0.465713312837141 0.651414545231512
-0.0427125607205935 -0.0329072507925137 -0.291328079369783 0.810955690134966
0.00745174188228986 -0.0227181096911668 -0.605066380063073 0.233795823470746
0.0125992455051137 -0.0196309888028787 -0.0893286409134257 0.104944551983103
-0.00699723180955046 0.00952164060121948 0.630302748028517 0.0255228672521449
0.0149544722127715 0.010171237993077 0.634623882332749 -0.598840373436704
0.0217663660093473 0.0128128709828778 -0.189196738487268 -0.818691911641141
0.0261291897348564 0.00400285873048853 -0.626756211489273 -0.17179712648136
-0.0108089379736971 -0.00956194267084895 -0.305189499353269 0.287435416317392
-0.0184133242575614 0.00494652131487221 0.0436228945671391 0.164819014843024
-0.0158534317209376 0.0230707970078639 0.144775827966611 -0.146466793371586
-0.0162869971459757 0.00552381339050954 -0.134152904168633 0.116056695066764
0.00689584304830269 0.00152279628150031 -0.123948571111442 -0.140651415379093
0.0181025368481836 0.0168647783306002 0.196714102428311 -0.351061170443194
0.0124996041262513 0.0425844202069822 0.550005635496408 -0.0569991765326807
-0.0266382312583753 0.0152416890564391 0.452925012547496 0.662479119729143
-0.0460916203580923 -0.0395893102651529 -0.303631149418126 0.802052209905234
0.00953762156599584 -0.0321538357223937 -0.599292220910192 0.218904166806923
0.018668216148529 -0.0266579418896899 -0.0758518496435691 0.105840525955264
-0.00530179415550041 0.00036981371974381 0.639393950010841 0.0163006023618385
0.0115999412390899 0.00364282846043294 0.623473089845583 -0.611128755836669
0.0259344602821222 0.0129055541794368 -0.20502217881167 -0.810006132002895
0.0352901126375981 0.0042637941549977 -0.625446251794381 -0.156284282474766
-0.00812498954590543 -0.0151938625400746 -0.298253636875872 0.289835598956973
-0.0190425268620168 -0.00516483006023429 0.0455923321763924 0.159324459774429
-0.0185580032632001 0.0128962363279783 0.143221368255632 -0.151075195863927
-0.0221460635454901 -0.00463231230031013 -0.132653017690078 0.118851987398541
0.00308521648857343 -0.009630795125247 -0.11760079282648 -0.143871800160199
0.0207558143227999 0.00922584104313542 0.208987908055806 -0.34445950611588
0.0208770983336893 0.0413109807610808 0.555901931988462 -0.0303902306105132
-0.0236906593564525 0.0162282660049435 0.431330735189743 0.683982537107885
-0.0507250593353811 -0.0439336807535608 -0.335879957220579 0.7886536110707
0.00727139531949339 -0.0383747994683339 -0.600295468585258 0.196690832798931
0.0175117171411471 -0.0322169256480329 -0.0615345073013514 0.102629158828753
-0.00898941528045217 -0.00559118949622873 0.646644892311418 -0.00615898093561702
0.00626606105779931 0.00100341606555757 0.595862129352514 -0.640836436172752
0.0296190972756492 0.014551041798419 -0.238565414967565 -0.798371960909836
0.0452046286552545 0.00277479916300282 -0.62448266301528 -0.129011085656439
-0.00486996597710018 -0.0214124446932053 -0.286570035466331 0.296588245984476
-0.0210129929403671 -0.0163675328854088 0.0503939288897954 0.155039276003901
-0.0223645091172473 0.00227213283215093 0.139810826903307 -0.153029706942514
-0.0288790562377197 -0.0136043046318024 -0.133642982773767 0.121501072813675
-0.000148214728105247 -0.0193749492273935 -0.106851092014407 -0.14599977941788
0.0244251633862638 0.00196090767320914 0.227212941036044 -0.330946661754871
0.028546099378422 0.0413501608436629 0.560762922883468 0.00222423822934432
-0.0227634776679713 0.0182777325254264 0.391878444677732 0.712769783218815
-0.0557865638895083 -0.0439343230747264 -0.379319631430521 0.767193530897482
0.00157540465576372 -0.0412670795833361 -0.603540412824638 0.167136707691758
0.0118642135292427 -0.0364455970606062 -0.0481428449779521 0.0984026539364297
-0.0172879961011288 -0.00756367606682513 0.649934490286464 -0.0342020469397321
-0.00166612405424905 0.00408622583426142 0.556964662806814 -0.671957026054686
0.0333902383252223 0.0182665064968708 -0.28254686442999 -0.780003412936828
0.0532818713751278 -0.000315222466570533 -0.626045100560087 -0.091967301592349
-0.00218174087373493 -0.0279732876239695 -0.2737143337564 0.30815720214064
-0.0214633862747544 -0.0260719276026579 0.0569846495936671 0.15275020187072
-0.0275952467186772 -0.00635962748337273 0.138667457204716 -0.149959307734118
-0.0343792377117231 -0.0192838310192829 -0.130502752852461 0.126434806724968
-0.000122432951175189 -0.0270548389266465 -0.0952384383069695 -0.146556022114967
0.0287268983099803 -0.00440234650892581 0.244989466201188 -0.314484763498427
0.0353431277608353 0.0409303469717234 0.563042461421466 0.0417795853615618
-0.0248035319212679 0.0224363041305675 0.347697571275033 0.742804227299584
-0.0615220598090125 -0.0422597754681236 -0.433385765982832 0.745777649868286
-0.00599689020444418 -0.0406179160742033 -0.610384659096852 0.134799663303622
0.00220288996377902 -0.0378174448746575 -0.0360529364941106 0.0937428732049276
-0.0282344780980616 -0.00582468108537851 0.647505751289343 -0.0700806114713607
-0.0083252012874887 0.0101806321405173 0.507164746807952 -0.709446950939215
0.0367241186501245 0.0202323315861862 -0.336523901728412 -0.757392904396167
0.0592490263307754 -0.00490372637303859 -0.625688633416615 -0.0532850279759287
-0.00134827668343597 -0.0347986300073916 -0.257648823913765 0.320927659752249
-0.0233746517193435 -0.0337334027776028 0.0651774311436123 0.150483242259022
-0.0313915430028805 -0.0123983544500267 0.137515722854005 -0.147173820893063
-0.0387511742614296 -0.0218762865113504 -0.127206383213305 0.131240070427134
0.000999119845376662 -0.0306921017701722 -0.0845623528727244 -0.145461653169728
0.0328379215919402 -0.00877663083218154 0.261454391761582 -0.298835095214375
0.0382276486439153 0.0421758251637507 0.562895453639172 0.081498708022008
-0.0278093571271061 0.0280763126672497 0.301223321607843 0.767246865589242
-0.0672505835446428 -0.0367711538901622 -0.485697564072973 0.717944192371695
-0.016157103196429 -0.037166057919186 -0.618893866065693 0.104155366281707
-0.0114204866631856 -0.0358877527966172 -0.0278973962666969 0.0876120748011438
-0.0399120863613982 0.000713725698577684 0.639659650436687 -0.101645029311605
-0.0132015168726032 0.0203747844294862 0.454534552128011 -0.738490161206072
0.040029342225762 0.024378514577218 -0.383078840236264 -0.731815004133817
0.0622852716036555 -0.0112540861984317 -0.625285280380644 -0.012295021576013
-0.000563715278162697 -0.0387900390805318 -0.240772525060467 0.335121358487066
-0.024564817178095 -0.0371782757287558 0.074483149755105 0.152231964897941
-0.0362654808380235 -0.0144662897469103 0.137673241429806 -0.138330907872126
-0.04099750663825 -0.0191693698295802 -0.123271504317839 0.137792479545654
0.00285167457332561 -0.029265731344039 -0.0754417723432944 -0.141820449048271
0.0348901482469955 -0.0104184961117012 0.272939073240669 -0.282311296901972
0.0373085728489619 0.0421334389001343 0.558152955777295 0.112773970598762
-0.032875838702328 0.0334321668574425 0.261448352647114 0.784132678552691
-0.0732943927761979 -0.0296460322752081 -0.52988777387582 0.694175380562762
-0.0271750119485268 -0.0324098866922454 -0.629752373309141 0.0808259730928866
-0.0249329612670902 -0.0318092769253567 -0.025425360850844 0.082502765502167
-0.0503081912347145 0.0106864447153196 0.629956369588741 -0.127183185299181
-0.0151396639911693 0.0323451506964199 0.408013672866298 -0.758149196161039
0.0408594187595815 0.0281224556642194 -0.420147301445131 -0.711423480506413
0.061001002626042 -0.014672667771947 -0.622359851519295 0.0192452418713295
-0.00191690449855174 -0.040932950891016 -0.227064425050779 0.345183633137004
-0.025022655780224 -0.0367176779212091 0.0832073536696654 0.153909137860908
-0.0381552668054395 -0.0129982139967345 0.13952570248274 -0.132003213117318
-0.0395727743066436 -0.0119808869000556 -0.121416666726689 0.14488284427626
0.00432948762592882 -0.0240717591143952 -0.0693252835725638 -0.136720848109392
0.035901083196993 -0.00963644254552534 0.277519949532461 -0.270218607320134
0.0329655431102489 0.0410393270347423 0.550354235747822 0.131397972490658
-0.0373650779450474 0.0369026679527833 0.22949338328935 0.791205802907327
-0.0758438791756479 -0.0219440868051415 -0.565092885941029 0.674872303104166
-0.0370569099175101 -0.0260664404689297 -0.639865291568897 0.0651371844303405
-0.0371693505518485 -0.0252137952401961 -0.0272730386297358 0.0782344222301172
-0.057915417244673 0.0223079119012169 0.619344572372904 -0.141333105660621
-0.0150045092552351 0.0435191809797343 0.379805359605892 -0.767083439766226
0.0400333335468601 0.0313705221738167 -0.442152710962989 -0.693719592840077
0.0559061881989608 -0.0157656134348232 -0.620440361678923 0.0358162454100865
-0.00137489046674957 -0.0395725692731084 -0.218335079002296 0.354962165589531
-0.0244582619274724 -0.0318827746239329 0.0901714469589199 0.15753139529629
-0.0378557048012856 -0.00639809701269469 0.143840736382075 -0.127910344099116
-0.00993637608440381 0.0168676026607665 -0.132486990085693 0.115682234588981
0.0110306273686694 0.0112147703543131 -0.126286137709874 -0.13636381291056
0.016975639139647 0.0223448814010519 0.190499725507535 -0.354150374867806
0.00491368845182978 0.0441400192746729 0.546530790655438 -0.0672186532438026
-0.0302427576941177 0.0170983492874498 0.468349221426201 0.65369673431382
-0.0427937381217599 -0.0333114238519251 -0.293934096951912 0.814091122070041
0.00912941640643222 -0.0231993378633276 -0.608065029914244 0.233426643789321
0.012065244192813 -0.0198943463358669 -0.0892476893220597 0.105833826866905
-0.00724061819654146 0.00960006291547172 0.632205592888891 0.0280008030832091
0.0149126512559526 0.00938136249026082 0.638112294089816 -0.597592044616686
0.0226332437465094 0.0132682686321503 -0.186438637478657 -0.822061138088962
0.0272398071764047 0.004180384068126 -0.629079334620312 -0.172889997539211
-0.0108373560834465 -0.00972961406872812 -0.306519578129603 0.288589480357841
-0.0184159005176159 0.00544236044740412 0.0439329974250142 0.166205084109191
-0.0156183511681986 0.0235924250760063 0.145791993971461 -0.146598188203562
-0.0153419302460827 0.00594723216446854 -0.135568099831236 0.115695401864545
0.00702174183535944 0.000562187407762585 -0.123818319387063 -0.140343816715571
0.0186545548842065 0.0167271491648064 0.196999832526532 -0.353177835468397
0.012626557099624 0.0431559126714549 0.552116190155174 -0.0572633157714025
-0.0264861842526871 0.0159563015234386 0.458315032977362 0.663583381153293
-0.0462135424843351 -0.0400269532738697 -0.307163360565713 0.804369809562283
0.010165876833988 -0.0324629004165786 -0.603008217862239 0.219199088605638
0.0186695490743255 -0.0269674049761472 -0.0767278909613349 0.105200734822164
-0.00511726015850535 0.00107107592451622 0.641230629654601 0.0175984159204609
0.0119768140792148 0.00286115324133948 0.626924796340765 -0.61291293124756
0.0257363366720777 0.0137059433808681 -0.203000004909324 -0.812898024174534
0.036040178247557 0.00473183179520295 -0.625421164495786 -0.158544165875875
-0.00788541564165299 -0.0146998966680396 -0.299132918852324 0.29046466540417
-0.019553658026855 -0.0053168519024162 0.0454446259278115 0.161088986137799
-0.0187038593301305 0.0139258703444005 0.144287379873137 -0.150523302715416
-0.02142316432786 -0.00491114297062521 -0.135224974853215 0.117785896299223
0.00228936868163423 -0.0100408541655213 -0.116444527653675 -0.143465361180483
0.0208948733333495 0.00926875839948006 0.211368903181366 -0.345095913002985
0.0213446013363603 0.0420990908684628 0.557457556667305 -0.0307831729169872
-0.0241970985556946 0.0159459178853899 0.432361495240545 0.687014263598572
-0.05101574635642 -0.0436059141772103 -0.337647477953049 0.791763282514514
0.00828288829462953 -0.0392587724424955 -0.602853609993678 0.196133163160524
0.0181696232561247 -0.0325773990325588 -0.0619337612504046 0.10320060065472
-0.00850057424506987 -0.00495919453323404 0.647820058863802 -0.00485374498085331
0.00607019567836968 0.00074535415938011 0.600097981971896 -0.640081909993758
0.0299622923778701 0.0156145743120163 -0.238758806263169 -0.800158385325606
0.0453837952775334 0.00274831763816759 -0.626372347656366 -0.129525505040993
-0.00456272518701133 -0.0214926112784944 -0.289460710007373 0.296451157790112
-0.0210594472686992 -0.0160665632285535 0.0503844411351865 0.156370956769157
-0.0224183712382603 0.00306379733949727 0.139973209636697 -0.15275419896717
-0.028377787688305 -0.0131121524247451 -0.134763313073846 0.120968656146573
0.000952303523002422 -0.021057597217811 -0.107328229843559 -0.146753520581768
0.0243342485773983 0.00231251847650867 0.229888698544383 -0.331973934703616
0.0297636204367217 0.0413478323685954 0.562813574904293 0.00259435967105744
-0.0237464090314276 0.018889181493073 0.396045122234349 0.715185101653474
-0.0565700842203294 -0.0446055771550329 -0.383385828410407 0.770253398007112
0.00212639257812677 -0.0413753248820835 -0.606429135338866 0.16748017553184
0.0123301187557096 -0.0370454612055724 -0.0481019858522052 0.098626146292487
-0.017132796907909 -0.00712546508810772 0.651134641772102 -0.0340431448583591
-0.000851264331143482 0.00380490998244695 0.559781002485461 -0.672944533229656
0.0339252403656904 0.018175540242981 -0.283004311970707 -0.782957430229475
0.0542642893165855 -0.000259097217995243 -0.627016606352788 -0.0945749512831436
-0.00187376578808937 -0.0284828253691418 -0.275280069471915 0.308967563692939
-0.0219907291462126 -0.0264617103362674 0.0561240744084473 0.153540161835883
-0.0273507227128412 -0.0060525729873695 0.139638892236789 -0.149410440424889
-0.0340362856759782 -0.019405509280001 -0.131524290728394 0.125584540560371
-0.000275620408999117 -0.0278280982957486 -0.0955092927012362 -0.146602981597352
0.0293429476844488 -0.00373024971167545 0.246723909045472 -0.316644980930241
0.0353181493835642 0.0413486594003048 0.565678676074345 0.0427213564180461
-0.0250734030948215 0.0226818477377114 0.350114477339327 0.744699694088217
-0.0620632440020494 -0.0426443920904417 -0.435855434774207 0.746095122403989
-0.00512592386202193 -0.041117535850378 -0.612688317322294 0.134429665522183
0.002532920070905 -0.0371511262065477 -0.0355554872350562 0.0939135507520196
-0.027640673211451 -0.00596924280681391 0.647267234803585 -0.0688668232783277
-0.00769214063494793 0.00986318205750597 0.50908278441329 -0.710889128772257
0.0372836426099502 0.0210112690721827 -0.335033001316876 -0.759072220647618
0.0596750820319732 -0.00480564398457458 -0.629134399534303 -0.0537508404179141
-0.000782828152407987 -0.0345641687669467 -0.258660126077481 0.322601424745193
-0.0236685587487757 -0.0332048055694741 0.0655712408531662 0.152513398026424
-0.0322812130514412 -0.0113448159194299 0.13850872599966 -0.146491733721136
-0.0382372654708063 -0.021149562195274 -0.128624950515393 0.130157699814099
0.00130290072975926 -0.0311372894967371 -0.0835874419990139 -0.146125208164824
0.0334647193100286 -0.00853297381971955 0.265035646307647 -0.299038098639752
0.038953366595113 0.0420928556384467 0.564841562608425 0.0819312131538317
-0.0283210303360793 0.0284588001136281 0.305486537842779 0.769552495502112
-0.0690104871942222 -0.0373419564956404 -0.489567917305005 0.720983011811205
-0.0151642238847515 -0.0383071329318427 -0.622999763844231 0.102874118478238
-0.00951148091049047 -0.0364157832649949 -0.0278949184894773 0.0882129323159466
-0.039936620671029 0.00101506049470236 0.640445402992912 -0.0999185446777185
-0.0124224084229245 0.0211648820085152 0.456081303879759 -0.740284593368428
0.0401234111090002 0.0248081874522915 -0.385864020588297 -0.733626412749477
0.0628227446075279 -0.0108242959011855 -0.628862798693171 -0.0142660806737033
-0.000628378402135549 -0.0384370187062944 -0.241811245050134 0.336714417713863
-0.0252289294001928 -0.0367607626268697 0.0742813216753663 0.153039395538755
-0.0359344512419718 -0.0142140882867246 0.138855257368103 -0.138302337669556
-0.0405795148903215 -0.0190792367665475 -0.124059353449589 0.137383119872551
0.00269114321465336 -0.0298044463132557 -0.0747220022363821 -0.14239583704181
0.0358757708037289 -0.010963617333188 0.275006186715781 -0.283555744492548
0.0379806592046061 0.0421878794058954 0.559155018225829 0.113543624156322
-0.0333652644416187 0.0334083385095279 0.264414963419521 0.786652727169513
-0.0735926832970225 -0.0296380815751267 -0.532284142648922 0.69702194622248
-0.0259902065290753 -0.0331575349604423 -0.632369965596472 0.0792206995025563
-0.0243666284796111 -0.0320922113551592 -0.0247289667271796 0.0828564834733767
-0.0509140282414166 0.0110009207155086 0.631547134246004 -0.126510741063931
-0.015211906166324 0.0328919858636751 0.413505003795577 -0.760777179644527
0.0407023781082452 0.02855022496565 -0.420500923346191 -0.71329412445546
0.0614525196298901 -0.0141778978949559 -0.627086920904349 0.0174037736247109
-0.0011199732738544 -0.0401296696395621 -0.228216791944762 0.347646101366077
-0.025816666901912 -0.0360017263851213 0.0831265397113962 0.154213920478247
-0.0380315984076465 -0.011716649168337 0.140515988575641 -0.131835527909817
-0.0402207479695744 -0.0123161350024573 -0.122095797048834 0.144378174136024
0.00442909578030809 -0.0245106765416659 -0.0693804463570254 -0.137412746763464
0.035371155400353 -0.00945867106545016 0.281423203492657 -0.271985256664597
0.0331342269572851 0.0418631934418542 0.553736831150648 0.134318693368494
-0.0375848301563548 0.0373735318820021 0.231298163502199 0.795456823914119
-0.07688179719901 -0.0214683728817219 -0.565905635673447 0.678393776176464
-0.0366348151216728 -0.0268747126896355 -0.641199385186382 0.0635534335181762
-0.0374220896579796 -0.0261216798400548 -0.0268650046234052 0.078141668071675
-0.0581362079885038 0.0223207353755706 0.621444110353734 -0.141567462616035
-0.0147614843623114 0.0433487492020901 0.384058349920852 -0.769328060806665
0.0401919374575166 0.0314890878505906 -0.445522552857585 -0.695762294918764
0.0569651603091051 -0.0159288567949619 -0.624422443897334 0.0381775106766551
-0.0014843357400435 -0.0400565372941649 -0.219926931449253 0.355940520392967
-0.0247619957468916 -0.03107012003364 0.090302299314967 0.158909379556869
-0.0381327909971983 -0.00621353658588228 0.144944430966889 -0.126903711327319
-0.00899585381181708 0.0168267781102079 -0.13490439049524 0.114791076035757
0.0115401497611708 0.0113925513422299 -0.127164489138007 -0.137201826658607
0.0176380318349664 0.0225865115010375 0.19304781005335 -0.356807030777178
0.00583111310333461 0.0444009181309617 0.550629829363284 -0.0684300902150627
-0.0304533156408404 0.0176538130282271 0.472095674437796 0.656487736532932
-0.0433922512374466 -0.0334070620433769 -0.295460638755951 0.817803202646571
0.00909210410737896 -0.0243944150404194 -0.609810944992714 0.233171909969179
0.0128477643233223 -0.0199506221187086 -0.0899241747375352 0.105155656318295
-0.00678887122967909 0.00986511842577526 0.634486338737033 0.0293972391620402
0.0149111612291733 0.0100121178788724 0.641370996382533 -0.599716754788993
0.0221169132129571 0.0139116563940951 -0.189274810501535 -0.8248124533904
0.0270066994785681 0.00317660890216893 -0.634287222683326 -0.172524916687255
-0.0110619018775073 -0.0089371224269295 -0.307710267632838 0.290029190002297
-0.0187845796866009 0.00583691067505263 0.0432304947895914 0.167089803471003
-0.0158245236907998 0.0248672702253758 0.146843282054667 -0.146366730184136
-0.0149986783354659 0.00602608393063064 -0.137163823352928 0.115609037132457
0.00636762701763803 0.000289727847117761 -0.124605557777365 -0.140400118078988
0.0190141515661767 0.0164492634468724 0.19907368567052 -0.354878476930756
0.0133761820970991 0.0432487065290469 0.555000988060791 -0.0569059142771619
-0.0272931241750241 0.0157326030770457 0.460773648370758 0.66843149991584
-0.0467590793283122 -0.0401796768246463 -0.308435262147775 0.808319684300408
0.0114879980212387 -0.0338435986509714 -0.606418859192543 0.219164053707778
0.0188640039740415 -0.0270272742278158 -0.0774872710488044 0.105555934569513
-0.00468714180072959 0.00101914694404212 0.64347289245423 0.0178205197906335
0.0119542351806765 0.00300727460704891 0.631261881271872 -0.615258036940692
0.0260918037084542 0.0138931599389338 -0.20442831912556 -0.818166406060406
0.0365911922092575 0.00368728746774117 -0.631560915480097 -0.159781679602467
-0.00765156301937422 -0.0141001389923258 -0.301263310119245 0.291971740549527
-0.0198476887330403 -0.00505399740712596 0.0449803684781273 0.16279341101431
-0.0189234921528637 0.0140503081218618 0.145224391804866 -0.150264337475909
-0.0213515477617149 -0.00387195821251358 -0.135607326970659 0.11777149288133
0.00295533146508939 -0.0104004813147304 -0.117432558354557 -0.144020951225927
0.0218602418335944 0.00922475962775143 0.212345412256192 -0.346378709656917
0.0223182424495116 0.0423056129361094 0.560387666866342 -0.0307051617583581
-0.0249893702090102 0.0163890497984698 0.434390687730157 0.690680061486937
-0.0513516067945143 -0.0445713341604747 -0.34102630249191 0.79565470861282
0.00886083243142363 -0.0398324539820899 -0.605421821172961 0.196851598191532
0.0186898344734274 -0.0327441005843415 -0.0620528226125832 0.104161138303798
-0.00825911901098446 -0.00531821519162757 0.649447272860536 -0.00390091008962397
0.00626616809422615 0.000731746719585182 0.604140422053447 -0.641441766894459
0.0302269846904754 0.0151220028005668 -0.237918592965349 -0.805963054483993
0.0462607558149589 0.00321312205999498 -0.631445223288649 -0.130203432600769
-0.00393120675058144 -0.0208328127404654 -0.290655938956374 0.299690960951264
-0.020499718998683 -0.0160878346921474 0.0503407624410078 0.157801882910368
-0.0225750450259297 0.00371248394830355 0.141194340825759 -0.152638304875712
-0.0280077453709761 -0.013079698601321 -0.136113992201596 0.119765134758453
0.000560709008164493 -0.0211702399552101 -0.107831048242466 -0.146711423100207
0.0251451204292476 0.00158001691581287 0.231433216691643 -0.335000862999152
0.0302277290079719 0.0414152273209635 0.566752566985118 0.00419870733791307
-0.0244468349834149 0.0189396079735001 0.397465687134817 0.720171058621588
-0.0566447976710649 -0.0445419663484942 -0.384923847100679 0.772353911876425
0.00311955223747032 -0.0425751145173381 -0.610411298022252 0.166616667099846
0.0127440517103649 -0.0370636543984137 -0.0483215000777832 0.0995225056032842
-0.0174593464397337 -0.0077565568747446 0.652699665879406 -0.0342555473986339
-0.00128396649739184 0.00323200487789998 0.563345707702155 -0.674340948039046
0.0340768498213875 0.0183822664206462 -0.28285284133533 -0.786964146098429
0.0546564622222245 -0.00133443697510277 -0.632353249364007 -0.0937481727171647
-0.00178923077810782 -0.0279345981554751 -0.277808682541203 0.312155727651974
-0.0226640458784611 -0.0255244014532643 0.0570408450544596 0.155442323736169
-0.0275881247544866 -0.0048715161497354 0.140661155405993 -0.149852313741972
-0.0332855829675555 -0.0184890183022997 -0.132327417795984 0.124806860029221
-0.000326078730581084 -0.0277981680724686 -0.09562131384722 -0.147811994158131
0.0297656139991367 -0.00473221384561349 0.248313732584971 -0.317704014922061
0.0362492155225083 0.0417278050576179 0.568511387048427 0.0446709444224663
-0.0259797681325507 0.0232049569699309 0.352162790237589 0.74836123283421
-0.0627796840023654 -0.0430009094040463 -0.439741776539311 0.749021089122722
-0.00465893660187154 -0.0416409237738269 -0.617801586242516 0.134966724564431
0.00279685116760191 -0.0383477384848233 -0.0359485246626591 0.0940463254222532
-0.0277686470546492 -0.00604166744154504 0.650760953737421 -0.067670088598656
-0.00761092903098368 0.00965599151039579 0.512794300749127 -0.713820701971151
0.0377311387776422 0.0215779160015855 -0.335475243309475 -0.764109824966427
0.0607277809806058 -0.0059117827015718 -0.634102226207415 -0.0537505487965253
-0.000420605779990571 -0.0339691583553926 -0.259736240704708 0.323391788389049
-0.0235958156520665 -0.0329332231179613 0.0659792880989249 0.15386723102725
-0.0321509902929291 -0.0109901740709566 0.139453788113902 -0.146318406398258
-0.038342957764627 -0.0207126540873503 -0.129246768569281 0.129863063650746
0.000495867791476576 -0.03196703812292 -0.0845700730343623 -0.146354343612778
0.0334595116026904 -0.00898688334658423 0.266042861794499 -0.301481666399068
0.0394276224788784 0.0426886947485968 0.568475617747293 0.0823609957090337
-0.0287796284641993 0.029212630455048 0.307295423189241 0.774893034085366
-0.0686543450076992 -0.0368597039785061 -0.490482145251523 0.722461883281842
-0.0146697830152211 -0.0391948742288981 -0.626942748193588 0.10226993590338
-0.0101446830848707 -0.0368402354427349 -0.0273365596429209 0.0878025940175412
-0.039916559247193 0.000900611782608814 0.644742203192415 -0.0999537251763652
-0.0128906322390869 0.0207792310288734 0.461317957853705 -0.743110635532438
0.0398805567347959 0.0253688470338702 -0.386483997179845 -0.736666804763513
0.0634290548754808 -0.0113971955140704 -0.631218228560114 -0.0139636042836291
-2.63968833625521E-06 -0.0387861478898624 -0.243665322618146 0.337885269293697
-0.0250172591014977 -0.0365711776818998 0.0747102721942409 0.154495116364437
-0.0364182621923244 -0.0131033189272723 0.140604832717035 -0.13806253030217
-0.0404356958895222 -0.0179852641865537 -0.125350456258352 0.136772531043065
0.00255349024860743 -0.0309962154666279 -0.0752306834081134 -0.142625017488666
0.0363677604567626 -0.0107306073500722 0.277706165765637 -0.285220825144515
0.0394957831994574 0.0423568179879852 0.56419944881357 0.11334016156203
-0.0342545177414122 0.0337545993974373 0.265952980172963 0.790769499330437
-0.0745198445423054 -0.0295553589387862 -0.535733487949868 0.6999353654422
-0.0258825786336236 -0.034777085913689 -0.63593259954933 0.0791012486927485
-0.0236976095923867 -0.0320227651475364 -0.0245780132536021 0.0835687709761473
-0.0510163332037288 0.010970979127526 0.634480058231494 -0.126810525985247
-0.0150085417334763 0.0321578654676024 0.41661979275735 -0.761524740989539
0.0414224297309657 0.0286940463367746 -0.423235996353428 -0.717166946302472
0.0622291329863948 -0.0148508652629284 -0.630020127388311 0.0186150785127704
-0.000359321619587622 -0.0404112961867603 -0.22995308902169 0.350055501079829
-0.0257712606178555 -0.0355786919290147 0.0833842036022026 0.157030798952471
-0.0381418637374683 -0.0113406479262263 0.142167540701989 -0.131904312733578
-0.0395238966395872 -0.0114670573551388 -0.123049554845664 0.143748098683727
0.00428272404775335 -0.0250471944119695 -0.0693088364685993 -0.137641137686323
0.0365730317256088 -0.00978960127187026 0.281396550095605 -0.274246228945906
0.0340833202480072 0.0416173171497439 0.556750431884559 0.133721020948085
-0.03852785043601 0.037822381718005 0.234076232311982 0.799775355086176
-0.0775816354851127 -0.02205780965995 -0.570642420163931 0.680765104457612
-0.0357055480724621 -0.0274493823764864 -0.646163819178805 0.0628985925619764
-0.036900129006687 -0.0256774967460821 -0.0268779220988676 0.0787597831170183
-0.0580393775317546 0.0220382101343235 0.624047157907931 -0.140181937679811
-0.0151681805461046 0.0439115592943279 0.385701147710113 -0.771499606960082
0.0408036798850515 0.0316021704898987 -0.445047846543586 -0.699843684707833
0.0574524872501932 -0.0166470642054692 -0.629295714640437 0.0393049548504008
-0.000635492887025336 -0.0404239556408867 -0.220712229356982 0.357316034988027
-0.0254267289425241 -0.0308349128946441 0.0907099456543285 0.159684471014998
-0.0379476385935127 -0.00492237957442936 0.14619538480753 -0.127802282452927
-0.00852172899715502 0.0176077388143328 -0.136265696572862 0.114926573668582
0.0114131191145245 0.0101430965401278 -0.128421620800894 -0.137126907455854
0.0177198126836708 0.0220618690973959 0.194574352755647 -0.36017131029138
0.0065685326268763 0.0445885185218364 0.556078077508114 -0.0703807289639049
-0.0315838356098496 0.0179415191654904 0.47560679672548 0.661391805327168
-0.0436851051462917 -0.0337098699330115 -0.299272051519979 0.823404371356353
0.00965178909292173 -0.0253727604297001 -0.614851264765513 0.234255685190977
0.0130027315872806 -0.0202222232634988 -0.0894095850731856 0.106258542605301
-0.00684357569932125 0.0101612157080999 0.637435344421338 0.0285023662484339
0.0153077626516753 0.00962688613152527 0.645420337339857 -0.602047098728453
0.0228937359866217 0.0138686362555289 -0.190303386360923 -0.831651480997461
0.0283250885670968 0.00326513731618808 -0.637370491329624 -0.175245016433428
-0.00983534832972542 -0.00911554741830953 -0.310651064000096 0.292860713060479
-0.0196494992172046 0.00700706594163201 0.0439955674042667 0.168710640439343
-0.0155128877920696 0.0251978779047218 0.147344648265843 -0.146755853140806
-0.015080688175228 0.00700184012800012 -0.138113062860532 0.115411693140147
0.00710427523488531 -0.000739857159481605 -0.125796077714104 -0.141517012791731
0.0194009366632017 0.0161002874607972 0.200827875031793 -0.355990919200845
0.0146714533441323 0.043992669108208 0.558960876430131 -0.0567789873644456
-0.028337392682766 0.0163324249896888 0.465264215788408 0.672242332578538
-0.0468062881368195 -0.0409161758774782 -0.311160136000747 0.812834931852458
0.0123320656031676 -0.0339261904308837 -0.610692112778217 0.219768038254337
0.0189278393736563 -0.0277341244116986 -0.0771278390541508 0.106015333067246
-0.0048699850790861 0.00180806570842057 0.647457126248061 0.017582875104186
0.0122987251579776 0.00289407147309815 0.636188903048296 -0.617395408863471
0.0264831480117776 0.0142343317980769 -0.20525628655676 -0.822506444170422
0.0369181482177199 0.0037004357612444 -0.637190832248768 -0.159554041707912
-0.00703615474477266 -0.0148106918306393 -0.30402747778218 0.29550834012233
-0.0202641463872752 -0.00411346317116412 0.0458133791560105 0.16392459657988
-0.0184156273128001 0.0151146057813808 0.145239633658558 -0.151392817717381
-0.0203557186301336 -0.00388262347198889 -0.137851275343923 0.11764580890647
0.00314139827606877 -0.0114766020844738 -0.11848686289307 -0.144320156883705
0.0217778506798077 0.00900483116115075 0.21445109727872 -0.349692929822927
0.0223723442791225 0.0425845479440376 0.567159342662222 -0.0310563235004182
-0.0257539609238371 0.0164335791946621 0.441274905283926 0.694648615966328
-0.0517802465080398 -0.0445454055940283 -0.342252671749093 0.800326442906335
0.00947989727692774 -0.0404385576840279 -0.609053759799711 0.198207776085937
0.0188698297768701 -0.0332786386273979 -0.062450108184811 0.104254275282758
-0.0083819819341105 -0.0046786268799937 0.653478247049262 -0.00586306591708401
0.00662835680061817 0.00030029190971597 0.606961151355114 -0.646086552078741
0.0305994791744666 0.0160436978326334 -0.23943467412047 -0.809749729596392
0.0471366334939063 0.00267213557221631 -0.636140898351097 -0.131691720235211
-0.00400173843881905 -0.0212191101539582 -0.292544132152821 0.301943599305886
-0.0208537741850472 -0.0154582393266241 0.0509726038046557 0.159420243994768
-0.0219753407113649 0.00450070042561339 0.142467944355115 -0.153172314550126
-0.0275009698633973 -0.0123206537856934 -0.137737517958495 0.119737844694049
0.00146936828464788 -0.0217631704315019 -0.109175000119461 -0.147431541179631
0.0258084022583431 0.00177648578870339 0.23238717289248 -0.337121775168132
0.0310092570421327 0.0418255872570737 0.571171884246454 0.00381078324878267
-0.0244890146960939 0.0191762551318771 0.402326185728729 0.722985323217471
-0.0570895645143857 -0.0449846340076935 -0.387364449726385 0.779117118585662
0.00395444345419763 -0.0427337348792875 -0.615273866325993 0.168254032549692
0.0127383218488134 -0.0371045261371066 -0.0482823959421762 0.100066063081099
-0.0168130404691813 -0.00719792315656966 0.657389191580008 -0.0323629664725853
-0.000787002023261856 0.00349340955754906 0.567800997424338 -0.680075475510715
0.0341736570097419 0.0186645544854549 -0.285811465462777 -0.790748137585364
0.055766155635785 -0.0012192078493325 -0.637159159591114 -0.0934222108989083
-0.00106109548590881 -0.0279101296343391 -0.278899611821361 0.3151430583284
-0.0222369537309546 -0.0253368559076268 0.0568163414921671 0.156381155526413
-0.0273495896523146 -0.0041288256109255 0.141729173746687 -0.150133305346373
-0.0341038649304158 -0.0181235744031967 -0.133365437611698 0.124943176209148
0.000492479129743222 -0.0287300478568644 -0.0965167085840828 -0.147860798755078
0.0295102995471618 -0.0049547342330703 0.251487545146001 -0.319779029394523
0.0373673850432415 0.0416851891987284 0.574487303912479 0.0438258608889011
-0.0262378472606641 0.0235431049269166 0.357098270420131 0.753661716724179
-0.0627587722748372 -0.043050423425473 -0.441893507821117 0.755265831389244
-0.00293601731426607 -0.0423426885290631 -0.621122311928691 0.13425550824075
0.00349501529852242 -0.0383123794181335 -0.0359800581255503 0.0943956171535858
-0.0277284624199211 -0.00578395579749483 0.655450497412019 -0.0687469236485867
-0.00807809715825922 0.0100111619246243 0.515609855093575 -0.718576924282478
0.0374594587626311 0.0220013416573893 -0.337485742684465 -0.768035821957254
0.0616472427337578 -0.00604803681559882 -0.636921441065 -0.0536948105350682
8.30149647716482E-05 -0.0345787204122067 -0.262235700457237 0.326751160757769
-0.0244873723467964 -0.0321978417872794 0.0662101368991456 0.155285141923692
-0.0325241206322438 -0.0101551359930636 0.140644569097161 -0.146758603684645
-0.0388445969291027 -0.0203217018261051 -0.131096450649684 0.130253610693406
0.0014737246848125 -0.032416819133724 -0.0842377983658242 -0.147306752250128
0.0340632960004408 -0.00874805459651493 0.268603451188985 -0.303218202764081
0.0405079860258219 0.0425971059642594 0.573053486857972 0.0844180496445106
-0.0294472639458686 0.029109047135937 0.309043585205178 0.779669017994381
-0.0706645185767279 -0.0370899296570581 -0.493963029398113 0.72902293939112
-0.0142311725469809 -0.0396385505256636 -0.629285767346262 0.102984517595112
-0.00968478424276206 -0.0367513037033998 -0.0272018123268835 0.0887885820068712
-0.0397874610714638 0.00114225780439781 0.649233720689241 -0.101019608444065
-0.0130977728097544 0.0204040840602313 0.462984514312336 -0.748019013750348
0.0404524035688515 0.0259503373881406 -0.388307983914471 -0.742703056403665
0.064171479112534 -0.0116510791918055 -0.637953002024074 -0.0119515558806348
0.0010853339277819 -0.0383759850062372 -0.245687603440797 0.340877918474232
-0.0264550797933786 -0.0362201343247091 0.0750963750610036 0.156305913492888
-0.0364279614938866 -0.0123481238722031 0.140767306018395 -0.139088316728718
-0.0401902545834822 -0.0179292869766916 -0.126552310444294 0.136783697896787
0.00275849513698157 -0.0318917379790021 -0.0754973365936498 -0.143806298274583
0.0363807162344708 -0.0110202306908213 0.280171013460268 -0.287889717657291
0.0395498305986869 0.0429184047513264 0.568321980700219 0.115312433554439
-0.0341224490759476 0.0344204713410741 0.267815250502621 0.797503692223164
-0.0753355910544044 -0.0299089214591632 -0.538258044205247 0.705888655098746
-0.0251928464596784 -0.0348314132565515 -0.639675431703112 0.0792547972897758
-0.0239543896276999 -0.0328577007483388 -0.0248601964584683 0.0838890855549565
-0.0509896455608664 0.0112799860969587 0.637105683941601 -0.125908060157488
-0.0157820561823486 0.0327107509641154 0.418337443902377 -0.767166170393162
0.041675644602595 0.0291982538032007 -0.425998376577172 -0.720238285302238
0.0628634539942085 -0.0149755546091568 -0.634383701803689 0.0202870080551932
9.4396910184107E-05 -0.0407087513505261 -0.23214257437905 0.353345764775341
-0.026646416160532 -0.0356935964678383 0.0840766462436414 0.15800839102336
-0.038449530550058 -0.0110481108911382 0.142747653790057 -0.132728648511354
-0.0392586621726399 -0.0111245337905725 -0.124266606604883 0.143937321829517
0.00442091466163314 -0.0261469647285666 -0.0696282737445003 -0.138175155879698
0.0369664686919863 -0.00989841569271633 0.28531646098119 -0.276146654571183
0.034601415233904 0.0418032438395955 0.561294093577931 0.135110006820014
-0.0393717612891933 0.0382863588597641 0.236865172871717 0.806068916225157
-0.0781539597399875 -0.0220221037580666 -0.573398657808812 0.684784519563831
-0.0353966801859244 -0.0286793888745046 -0.650972151332378 0.0642669200798227
-0.0368443569705073 -0.0264763805606601 -0.0264946316628832 0.0794444702047179
-0.0579797040668538 0.0227912971568414 0.627388287236441 -0.141570008642594
-0.0147212176035084 0.0437711172070196 0.388871983409054 -0.776433067348306
0.0407343258946179 0.0322218750260416 -0.448688837227841 -0.70485814763749
0.058181381303987 -0.0173730585767887 -0.633893403164173 0.0380424603932463
-0.000507270973479409 -0.0398855768351981 -0.222003924926672 0.361877687950547
-0.02576505921912 -0.030368947547033 0.0919989288289272 0.161424988921084
-0.0381460715480757 -0.00476668317468978 0.148021109388648 -0.127540166602823
-0.008127162713003 0.0181024032128717 -0.137823271214775 0.114883714345076
0.0117482302685262 0.0097709363857115 -0.12935433632898 -0.137619230756437
0.0178350813727633 0.0226501848498774 0.196351101767115 -0.363069724191181
0.00717039985079115 0.0445808566087276 0.558987002294921 -0.0712542546132008
-0.0315858425759768 0.0187679172697381 0.482070890691976 0.663463700599413
-0.0441895738052618 -0.0339495787859495 -0.298237842494641 0.829737054940033
0.0102530903337341 -0.0267784959093525 -0.618976250044971 0.236440631748201
0.0133690303139161 -0.0205260770751814 -0.0903771813969056 0.107109265962298
-0.00681298821325078 0.0102965823042871 0.641534121144269 0.0290601142685569
0.0156860612671235 0.00941806388733367 0.652255975278361 -0.608403078194316
0.0227069043679043 0.0139761667855551 -0.193519128944131 -0.838204260876164
0.0285854327137115 0.00224778007867341 -0.644238028095451 -0.174925659363303
-0.0101431149404378 -0.0090052577601848 -0.312343610034174 0.296021522339348
-0.0192432013997504 0.00745264441574633 0.0448776238179619 0.171123012645394
-0.0155249241769609 0.0261149730840804 0.148939240012046 -0.147558649891969
-0.0144126146005485 0.00791177844665776 -0.139843426910489 0.115706583880281
0.00701509218775673 -0.00115086332334415 -0.127549953566333 -0.141274600521727
0.0193800406141473 0.0166516719545626 0.204343926089739 -0.361231074817902
0.0151956947924512 0.0441602390915042 0.564981990543225 -0.0573637780765064
-0.0284280971520508 0.0162167753955614 0.472354996867485 0.676756922925802
-0.0480730885521969 -0.0408969106675642 -0.311482895263072 0.822092141294093
0.0119313857686138 -0.03568365078779 -0.614159620406006 0.222631982121009
0.0195777345638242 -0.0281506607735858 -0.0773610112357543 0.107192213318976
-0.00449492129261405 0.00149046715636823 0.650394470079303 0.0189028189316387
0.0120490792752301 0.00247039817647701 0.63931908426604 -0.621315123913064
0.0265761555386083 0.0142965188680332 -0.207857769936785 -0.830452504569358
0.0377217449830023 0.00291999616057607 -0.642043830942563 -0.159865244618805
-0.00633785965708767 -0.0142821336150816 -0.306311754088844 0.298445348100018
-0.0207384652827576 -0.00343205131309294 0.0462771509307345 0.166068218224247
-0.018731178744275 0.015745718088914 0.146723100004874 -0.151535088591195
-0.0206410989343924 -0.00357614436482164 -0.139367790707764 0.117691233357864
0.00307713308324521 -0.0121193879893905 -0.119526610794707 -0.144749878698168
0.0221839708725829 0.00847610434322739 0.215288308178027 -0.3521208968388
0.0239226775600997 0.0426728196613094 0.571596001095494 -0.0319411254620295
-0.0261048994622861 0.0174434616706912 0.4470717935551 0.698285307533685
-0.0526402917871017 -0.0448047925065131 -0.342682773022354 0.806778401419773
0.00996753299725125 -0.0411563311504292 -0.615071391159206 0.19915057396006
0.0193246349411395 -0.0336280030515903 -0.0628160482106203 0.105091120287738
-0.00806615605439082 -0.00407455867453146 0.65865682163484 -0.004105922825861
0.00641916622877729 0.000420358524997062 0.612779643516231 -0.653090820841489
0.0308835880063435 0.0158091398883986 -0.244153641188004 -0.81688714011869
0.0476835413187638 0.00202245726084362 -0.641931084906715 -0.131969302767104
-0.00341554694783313 -0.0207903478335782 -0.295588980149357 0.305529198958391
-0.0211676843752198 -0.014521954799211 0.050909702264357 0.161214285905734
-0.0226200652509729 0.00547871595047871 0.143916691451197 -0.153812218516025
-0.0273674408662303 -0.0118786277551139 -0.138436911638453 0.120201276368386
0.000959608848398184 -0.0226228831104599 -0.10960467513859 -0.14842031459953
0.0257068635578451 0.00211505134481863 0.236365129723985 -0.340354331479291
0.0317595719341956 0.0417245143778309 0.575975830252612 0.000890787163113881
-0.0255276318300711 0.0196178286253357 0.407774153552444 0.727154348966454
-0.0582937617208486 -0.0448511943668154 -0.389565745484516 0.785577482196367
0.00429335606139943 -0.0437920884813026 -0.620518713166759 0.169326259264176
0.0132990353490945 -0.0378745921171664 -0.0486526115887083 0.10103451275699
-0.016870599796571 -0.00709768368906963 0.661142904824913 -0.0337167326228103
-0.000683099413073308 0.0037380227067253 0.570424230965577 -0.686755687751443
0.0347081031602584 0.0188589686655496 -0.287458563053687 -0.797484217801732
0.0564621620582792 -0.0019298090039224 -0.643839506666298 -0.0935033401628327
-0.000632747952705947 -0.0281400599374217 -0.280946042452697 0.317795689985633
-0.023246227460392 -0.0251060135006404 0.0578554118195822 0.158410743487724
-0.0277331413850801 -0.00327458463723452 0.143255167871028 -0.151305713124086
-0.0335741346333962 -0.0175234845930759 -0.135345488191041 0.125675985745681
5.03289169590578E-05 -0.0297887119817657 -0.0970749962311046 -0.148629567608349
0.0301504882783866 -0.00513339282905611 0.253038747194414 -0.322920837257763
0.0378758449985085 0.0420371487037425 0.578726964381611 0.0427877911784146
-0.0267163680399598 0.0235295568375211 0.362630386156798 0.759637134369958
-0.0638440490673257 -0.0428264375326216 -0.444380719867502 0.761220409247491
-0.00340768555060186 -0.0441289609992554 -0.626855867460795 0.136051767165837
0.00364455762953339 -0.0387840148096284 -0.0361820958001652 0.0959634580908591
-0.0276152097213592 -0.00565311571039785 0.65926158474129 -0.0696222115674499
-0.00796597183447299 0.0101994632975881 0.521289076575907 -0.72326030140507
0.0385366356512429 0.0220003846176557 -0.342233153129604 -0.774221568733494
0.0621456284282057 -0.00636417590227149 -0.644159891043809 -0.0521036916793773
0.00090634157016783 -0.0344860327203107 -0.263948325048261 0.330737714738665
-0.0250163656987833 -0.0325851658508545 0.0664603311895594 0.156885418044616
-0.0318212022103778 -0.00958141309717368 0.141724393744614 -0.147528626451279
-0.0386883419667891 -0.01997940965426 -0.132126812276856 0.130074895092041
0.00166785529064221 -0.0338373981322628 -0.085802550413591 -0.147830314824966
0.0343914185832671 -0.0101508057975782 0.270784170120546 -0.306331941375248
0.0417786428636545 0.0431273806776076 0.578702895503105 0.0825661391547678
-0.0303825404357053 0.0298274304566597 0.315494532922454 0.784407011935927
-0.0702486390127289 -0.0376692850108627 -0.496972442946747 0.735717467249359
-0.0134431658345309 -0.0410629671636405 -0.636023319312306 0.104155601459691
-0.00994822526618352 -0.037213977292733 -0.0270547207648402 0.0899736368877492
-0.0402664290521371 0.00105685379353915 0.651181381690039 -0.10137843362782
-0.0127831882526266 0.0211992602694201 0.465405202242646 -0.752494284955135
0.0410682828187953 0.0255277163739566 -0.39224811229211 -0.747140434864868
0.0648004080385508 -0.0125008186550276 -0.643007373945425 -0.010810264075092
0.00141457088044063 -0.0392829336500615 -0.247401579514446 0.345675141354681
-0.0265093942069409 -0.0362747838532275 0.0765392484392111 0.157673413705099
-0.0372213494882127 -0.0120059570528399 0.142922818216149 -0.13919771093198
-0.0402722743431324 -0.0167650587026351 -0.127556065931216 0.137533639919199
0.0027205020765479 -0.0325545186078498 -0.0759077744296302 -0.144294135547286
0.0368782764465106 -0.0115556767846129 0.282001319248437 -0.290705345663611
0.0413254624989095 0.0427493889719381 0.574322401255306 0.114679997136962
-0.0350695391715167 0.0346901257566275 0.272508060678707 0.803169168739676
-0.0765497908341583 -0.0297150030575856 -0.541798698395711 0.712966715127787
-0.0249208849528087 -0.0356278134217141 -0.64512375215187 0.0806247628171317
-0.0237010200163274 -0.0332417189926464 -0.0242821209588849 0.0844401448275051
-0.0510797014501913 0.0113593837490402 0.642297507991929 -0.126918276597276
-0.0151595082392263 0.0329892380926587 0.421660590965827 -0.77313536357118
0.042358834491862 0.0294929548521203 -0.43117312732306 -0.727064294442291
0.0634746388564826 -0.0162955840590775 -0.64109828436411 0.0214842850201008
0.000513568939878003 -0.0405914955940211 -0.232891801791231 0.357299314468886
-0.0276242500260018 -0.035285402039854 0.085220507188623 0.160457786522991
-0.038938849384102 -0.00991007435933145 0.144479336035307 -0.133098076246006
-0.0393813518640946 -0.0103815181605099 -0.12521491199233 0.144376846200422
0.00423239254656055 -0.0268374488928452 -0.0699106410312934 -0.139669188260868
0.0368581950772803 -0.0105251676078636 0.287601851767291 -0.278950639306407
0.0370003211590959 0.0426793196856099 0.567210159929396 0.135088213736749
-0.0393615724975768 0.0390997131373161 0.241339290143311 0.812089818865497
-0.0784918128182588 -0.021538440290974 -0.576144888240122 0.69229480999348
-0.0348730457498351 -0.0287524228936841 -0.654618700089425 0.0649861523973987
-0.0372229553356678 -0.0267292704325553 -0.0264532941912229 0.0804890307210845
-0.0584970499448931 0.0228002420669476 0.631039212349587 -0.143028054014272
-0.0149130848827796 0.0439488384615445 0.391251925129886 -0.782352883487538
0.0420498954439281 0.032303671847969 -0.452893429836634 -0.708503201211235
0.0586901489934069 -0.0182230116411603 -0.640081598849982 0.0422562101799028
0.000199251851717566 -0.0403829349279167 -0.223552167016721 0.365120185155538
-0.0261175245421589 -0.0307627801079572 0.0930844154480946 0.162856730016757
-0.038402650563868 -0.00406945319204306 0.148885673229116 -0.128924622302597
-0.00789830153452534 0.0181043379479067 -0.139239064758667 0.11620052774468
0.0118370623969584 0.00959416640022443 -0.131108950039242 -0.138060045787224
0.0187475956366074 0.0220009621514328 0.197436295979208 -0.366078500986466
0.00780184294783949 0.0453168155472516 0.565570317559777 -0.0746711288810857
-0.0326900856949076 0.019038196368069 0.490800033144235 0.669131280675607
-0.0452586723560573 -0.0344428740748047 -0.297347345975899 0.838667355935431
0.0106480543789744 -0.0263272698511803 -0.624380710591162 0.241339296702592
0.0136360787557898 -0.0212739229001607 -0.0909061972799171 0.108234688027969
-0.00642974734731171 0.0107048699753439 0.647180288326252 0.0258239481541738
0.0157021331704314 0.00941105128311101 0.656271370799219 -0.615444018236607
0.0235330999771242 0.0137027106565461 -0.196759234663807 -0.844566172108614
0.0290075315626139 0.00198077065853821 -0.652307748026035 -0.173418978440855
-0.00954846907174746 -0.00905940110973639 -0.314628294683318 0.300665145699326
-0.0190883111341701 0.00805306607402138 0.0450936423320481 0.172735283046698
-0.0150968963259682 0.026058317127097 0.14940896978241 -0.148887119838475
-0.0138648845774555 0.00792718766169777 -0.141911566939031 0.116131062745633
0.00733769204878162 -0.00173845520815585 -0.128403454004681 -0.142154694811286
0.0197969421615535 0.0157907306746719 0.204367851792879 -0.365095056201688
0.0162974915029499 0.0437889327619191 0.570847437996059 -0.0604860547316742
-0.02944879330084 0.0170234722521544 0.479874883853779 0.680337502433628
-0.0487758155691809 -0.0412257796631713 -0.311970438081693 0.830802783361029
0.0133048945266726 -0.0353443973599755 -0.619203726419664 0.226556287913382
0.0195979853704312 -0.0282955207121604 -0.0770203882447056 0.10873584000508
-0.00384372566337842 0.0019055491939293 0.656139168425023 0.0158782272193848
0.0126559289465276 0.00264057857669413 0.643485158869634 -0.629401366413861
0.0275356987676568 0.0141700765274368 -0.212851316642115 -0.836075927320078
0.0379403606026479 0.00282889652022934 -0.648972262244484 -0.158342396754878
-0.00592391014332909 -0.0146455926278633 -0.308188888310733 0.30282102951258
-0.0199850713793694 -0.00292125685595829 0.0470857091972422 0.167814037169413
-0.0181119013891008 0.0166959152560066 0.147765528291646 -0.153121541596356
-0.0204254103162267 -0.00292266212017853 -0.140125617404707 0.118797478308057
0.00328770632479643 -0.0126937025325148 -0.121391417024752 -0.146462215335435
0.0229081006416491 0.00834521526320453 0.218101428325278 -0.35623342925369
0.0245081213575999 0.043160624760947 0.577447481656428 -0.0346079695648756
-0.0271274820326244 0.0176225784473444 0.455112400725316 0.703030791277442
-0.0533605179118737 -0.04479899749611 -0.344481856605045 0.816160149248554
0.0105696301550864 -0.0423952078073898 -0.620231128369116 0.204103651340156
0.019647574848909 -0.0344619149382698 -0.0626069805375834 0.105922588457862
-0.00815146593450694 -0.00441421437758618 0.663290478536175 -0.00698558222075554
0.00679109924259804 0.000772341454809915 0.615775218030487 -0.659254774634226
0.0315983352027035 0.0160845455806439 -0.248568966897357 -0.822699726344238
0.0479658255354671 0.00103737219033941 -0.649345224705661 -0.12873874878037
-0.00304504867928062 -0.0212508834869173 -0.298119809155055 0.310292844498209
-0.0217535242799285 -0.014538922732572 0.0519524072310884 0.16347829685905
-0.0226419706357409 0.00618624501728106 0.144906710740375 -0.155120741728004
-0.02736775980204 -0.0111164656836096 -0.14056733580714 0.120655228541456
0.000993764172490483 -0.0226744625750523 -0.111467121444096 -0.148790298314339
0.0264159203138228 0.000319174584991644 0.236936269456086 -0.344410095843222
0.0329678086686157 0.0418389374272676 0.582157643916115 8.16907785876251E-06
-0.0260655287497019 0.0202666021332328 0.416196056006271 0.733282696170008
-0.0585204306182928 -0.0449817495583007 -0.390439168020727 0.794708844493075
0.00476647816064914 -0.0450881453106081 -0.624950829374578 0.171335278779073
0.0131503913411224 -0.038288715641674 -0.0478222366558865 0.101656533882341
-0.0170025318976318 -0.00730460623909757 0.666304117998342 -0.0344137197381324
-0.000656828779850526 0.00353030296579721 0.575024122413331 -0.692631449425625
0.0356255165354024 0.019251836540954 -0.295049321192605 -0.803413878307158
0.0567400727362011 -0.00272695133116755 -0.650799748833054 -0.0906544852193404
-0.000247132491114019 -0.0287495102913329 -0.283027210867266 0.322573928992377
-0.0228443076752155 -0.0248517779620358 0.0585271676019619 0.160844797254574
-0.0281844682268887 -0.00234154504135626 0.143752484712162 -0.151412829858579
-0.0334909639594763 -0.0171910569996606 -0.136052048121798 0.125950776622781
-0.000221382428060676 -0.0303125395820361 -0.0988221681277474 -0.149563107051945
0.0303727705739355 -0.00549491190953158 0.255874558715096 -0.328200794589769
0.0391837740825123 0.0419800079128826 0.584465874225789 0.0416281431845639
-0.0271721739533844 0.0242227817650356 0.369406542024993 0.765226225263806
-0.0645754331699736 -0.0429978191823726 -0.445112665160969 0.769051573641334
-0.00234905496925845 -0.0443146225081354 -0.632658850565871 0.139075989775608
0.00384752395180073 -0.0395514930041762 -0.0356304823802421 0.0966441474573847
-0.0273395132841121 -0.00541998751155419 0.66512800108714 -0.0726465582422337
-0.0076384396555646 0.0102889125275422 0.523202606877486 -0.731576345500677
0.0397003195810985 0.0221953725407284 -0.348907487689862 -0.781331843646847
0.0632095353544151 -0.00675167726942729 -0.650406637112362 -0.0497396473121635
0.00105603665383688 -0.0349555307943236 -0.266434636275512 0.335227107079513
-0.0253424233546992 -0.0321538492013437 0.0676951123236847 0.158680533761301
-0.0324186994511156 -0.00826527580855306 0.142333098021092 -0.148309134715012
-0.0379130528671431 -0.018831394098856 -0.133024087533474 0.130505207811543
0.0013255530081121 -0.0348289667838498 -0.0872660591782587 -0.148878119110399
0.0343542195969542 -0.00980212987189999 0.273786937371419 -0.309863458745708
0.0429870295365119 0.0433643749960638 0.584331459262306 0.081868306516661
-0.0309656330433601 0.0299511343651735 0.322855146987874 0.790785178143759
-0.0717545288643294 -0.0369981470403055 -0.497662921971044 0.743020811208386
-0.0133326885008172 -0.0420009649846111 -0.640302083673162 0.106618685067204
-0.00909626043193336 -0.0378261711434837 -0.0269734060659729 0.090339736676881
-0.0394387572025927 0.00176612123318906 0.656099374856868 -0.10534278103575
-0.0130464237788155 0.0211698439807526 0.468574552786832 -0.759235856693475
0.042056758396707 0.0261950929242234 -0.398469580947722 -0.753649427134568
0.065722852719718 -0.0126713561875422 -0.648554160427492 -0.00850979315332775
0.00152018427705355 -0.0389178864635737 -0.249075987410848 0.350388800325488
-0.0266721464980534 -0.0355526446396725 0.0779249124128981 0.159376190571676
-0.0370546442649583 -0.0108352193719748 0.143700188895211 -0.140621279034675
-0.0405313011406733 -0.0169373401911176 -0.128596816815431 0.137890306647758
0.00237448706749873 -0.0334031310216411 -0.0774915954759224 -0.145412978968894
0.0372304899954683 -0.0121904078037449 0.284700958415348 -0.294484411716694
0.0423623655296834 0.0424345242565922 0.580297905338785 0.11371710441603
-0.0352518610814078 0.0350276225240962 0.278554021098556 0.808922431055243
-0.076065937719705 -0.0296485416767473 -0.54428256853345 0.719220167879103
-0.024749197869279 -0.0363258708564737 -0.649404536056976 0.0823063162128307
-0.0237814461350176 -0.0333588108087814 -0.0234579109813981 0.0859958683023768
-0.0512045286119064 0.0121429715396962 0.646460332769455 -0.131596843275254
-0.0155651384492172 0.0336633382006122 0.422820307527302 -0.779869272633008
0.0429706441022326 0.0295680800172459 -0.435866015341187 -0.730326200668575
0.0640419020114562 -0.0169918840210505 -0.646351751615049 0.0225051406140235
0.000435636033014693 -0.0414060043439105 -0.234470895750619 0.360937992845264
-0.0277822408774691 -0.0351122342562063 0.086149796954028 0.161398093713905
-0.0391873810538794 -0.00926339414296988 0.145640834273539 -0.134352617946885
-0.0388967795777004 -0.00972804115435639 -0.125840394967138 0.145147321886073
0.00452889574231745 -0.0271034187503945 -0.0705281274918892 -0.141006461997667
0.0376492424168337 -0.0109353262781476 0.290428224214985 -0.284874702383134
0.0371056523804935 0.0422900671180521 0.57260763568559 0.135399960344018
-0.0404261155093457 0.0389025069364338 0.247373043186529 0.819357577364204
-0.080148667552914 -0.0210474423188657 -0.5780654380339 0.699326085235156
-0.0357056476412466 -0.0294552266949981 -0.660982839879516 0.0670059584188671
-0.0372580084880801 -0.0276826235726516 -0.0255940464814179 0.0808685357522604
-0.0587500646950065 0.0231885510145106 0.635663905481214 -0.145997576101274
-0.0147524899171838 0.0445149389848583 0.391131414552111 -0.790568482682719
0.0421461693685859 0.0324660436732247 -0.46078618048254 -0.713420391067615
0.0593107383593711 -0.018736389230944 -0.644301913410075 0.0440516394770084
0.000259319731698202 -0.0402370815434793 -0.223970420217242 0.37056062870462
-0.0268177612232202 -0.029856003987462 0.0939519520869461 0.163932879747832
-0.0383693050519651 -0.00254622044790996 0.150164411930536 -0.128683710275349
-0.00458268850121403 0.0216976510252245 -0.137182840425663 0.120572280970809
0.00844184416774585 0.00928185966547928 -0.138104084132176 -0.130615357667312
0.0172461275623964 0.015631558423714 0.174803365525428 -0.378484129572526
0.0197015276907218 0.0372910101756306 0.559106821714242 -0.105774274387415
-0.016225235848259 0.0245801681680363 0.533734615233124 0.638963250486685
-0.03935222343154 -0.017914940999699 -0.25119891444029 0.852689576015232
0.00450494848185809 -0.0238426311761239 -0.61116722078751 0.283795346674198
0.0132250824280885 -0.0210831822206742 -0.0837695474777902 0.114819353416058
-0.005168723521122 0.011838384256877 0.663601125108346 -0.0111772523970097
0.0186784738197592 0.0161897465372238 0.642837886382263 -0.673455148194601
0.0352834738112061 0.0135180161508963 -0.250899007325231 -0.858311425525845
0.037241839640432 -0.0107055897420542 -0.686401587636325 -0.140433322572795
-0.0131745062444271 -0.0153853339727205 -0.30773827418091 0.329104258833956
-0.0229666153102237 0.00930807366914368 0.0581307096616135 0.177652835132305
-0.0115988457092255 0.0306118261555493 0.148178146354059 -0.158523496925072
-0.0116609178064996 0.0119184587824384 -0.139553904269496 0.120150639544129
0.00363467543635104 -0.0022035909331811 -0.135973352349559 -0.135487285318183
0.0184261348287347 0.00867303817786752 0.18336770165633 -0.374821549134422
0.0276673406667765 0.0352394574727341 0.563480197130362 -0.0916005885439648
-0.0131418002081327 0.02327097512271 0.522764894472429 0.652563150618747
-0.0431090997475073 -0.024909647166049 -0.265680529474413 0.846668923120239
0.00684016157939776 -0.0336184570630244 -0.607314558603874 0.269982410790606
0.0186938771862272 -0.029018620004973 -0.0703735145721892 0.114162032754501
-0.00287311548390072 0.00282075320023211 0.672787335703738 -0.0223667853559229
0.0150048972213874 0.00991209977658637 0.631678805367193 -0.686829109512864
0.039767863198235 0.0128017996282911 -0.268185863321162 -0.848284210913738
0.0460601183566002 -0.0109265523176648 -0.682100547213824 -0.1233327374392
-0.0104623160456309 -0.0211313780386087 -0.300295660815511 0.330767047689817
-0.0244154450894343 -0.00223861350147647 0.0590574534301056 0.173122914204335
-0.0163411370116175 0.0206497688087628 0.146269583548563 -0.161497318449153
-0.0191112190969836 0.00282575614870819 -0.136653685658684 0.122131134298036
-0.00154688284209167 -0.0123477040641328 -0.12769573260051 -0.140118675060982
0.0211674094845656 0.000262156025009534 0.197549426424706 -0.367748098195784
0.035834434776438 0.0334970890763366 0.571583002723111 -0.0640783040257578
-0.01083882333952 0.0233965033941655 0.498451905209432 0.678154892460712
-0.0485052242069742 -0.0279474062605209 -0.296017436757948 0.833195612970495
0.00306289303589086 -0.0395627452033923 -0.606949891142633 0.24722067225669
0.0174028929143481 -0.0350729292817791 -0.0552910653514702 0.111482253110698
-0.00805518420529129 -0.00332112811967952 0.678519994531412 -0.0464269678718998
0.00918077790091931 0.00779626519881724 0.600668171526172 -0.716033438062431
0.0438799198221839 0.0131552701687222 -0.305142759967765 -0.832424125604246
0.055332335273577 -0.0134096370889715 -0.68102519491777 -0.0935452857323359
-0.00766116036340985 -0.0277233938114918 -0.289058025162928 0.338707381153144
-0.0267899166417491 -0.0135746132301417 0.0631872197999688 0.168514761882436
-0.0209086217214339 0.010658568515249 0.142741050425129 -0.163718196557282
-0.026701631785558 -0.00522458467199485 -0.135979637442911 0.124120335906314
-0.0049044684492693 -0.0228256976422575 -0.11712506770761 -0.143778899424647
0.0236872083044257 -0.00674914896468776 0.2176433431683 -0.356103591195234
0.0451387449370406 0.0321230086907687 0.578732295494797 -0.0292236831374195
-0.0092740432896939 0.0275658148049132 0.460732680226225 0.709154322783324
-0.0550100557095947 -0.0269197739458998 -0.34517085255835 0.814440699977621
-0.00319438571166588 -0.0424926800951433 -0.613093534987381 0.216003493459622
0.0120859464609764 -0.0387589426418853 -0.0407343083827146 0.105981473921016
-0.0166794816873677 -0.00458025684659193 0.680415379915849 -0.0759750619821057
0.00216893516282643 0.0114753778354056 0.554573890100163 -0.747841719845481
0.0480771196325857 0.0153715006759327 -0.351855079026766 -0.808452125748747
0.0640149259083643 -0.017626086913707 -0.681007635962764 -0.0543539533464049
-0.00592590453784973 -0.0353583243383585 -0.273152180096204 0.349919466826304
-0.0289622612617868 -0.0234909382548773 0.0698969432232784 0.1656416281019
-0.0267974622852606 0.00212536328166554 0.143239835233963 -0.159941829181939
-0.0327934397650116 -0.0101475913018396 -0.131321513780201 0.129109694374667
-0.00609490667470779 -0.0297782044009944 -0.104039754049148 -0.145133127266415
0.0276598979527466 -0.0146526228223744 0.237941561509525 -0.338822854752232
0.0516807109791735 0.0321506762486962 0.583170104784286 0.0133536845951981
-0.0109680195729845 0.0327818302038366 0.416030696901589 0.743667434798528
-0.0614693655715365 -0.0243692266433226 -0.402365164050585 0.791650745129771
-0.0102189940715463 -0.0415673711762695 -0.623665052371168 0.182056442967
0.00184185298741931 -0.039304950499022 -0.028381429122226 0.0991017430312437
-0.0275026447253158 -0.00173583512403334 0.67647489491427 -0.112727601654115
-0.00354221193509199 0.0190070547645066 0.498757323423141 -0.784419103700705
0.0515887967464954 0.0177220897797496 -0.405037202281013 -0.782391405921418
0.0686884567804551 -0.024048903694975 -0.680629946839639 -0.0119128786290193
-0.00480958409368316 -0.0408131163908564 -0.254853920993507 0.362160554917916
-0.0317920862448399 -0.031161716238814 0.0789487587017922 0.1636823422747
-0.032508466865924 -0.00379312501263909 0.140682304746863 -0.155461211545552
-0.0375938428146208 -0.0122135396670042 -0.127350377882639 0.133100860829934
-0.00487116886092939 -0.0341585230127586 -0.0921180154338052 -0.145487528114625
0.0319973551623145 -0.0189584719555007 0.257251491514834 -0.323196239478734
0.0551599202980869 0.0331404027161726 0.5854672578648 0.0532215158024826
-0.0146452383308479 0.0396946126327463 0.369362799289498 0.773963120573562
-0.0683901041271565 -0.0169466566511876 -0.455787371658068 0.767525287965427
-0.0210882970715161 -0.037690037160664 -0.632393892811858 0.149687779725287
-0.0114500128921644 -0.0368542056412227 -0.020369291105964 0.0923367169195735
-0.0388119246014422 0.00575731819675879 0.665764021088086 -0.14642027746921
-0.00760455257621641 0.0295268144015957 0.441493198581285 -0.81107064104008
0.0541811896382429 0.0202615165784057 -0.455859675735518 -0.750961015934887
0.0703525323359055 -0.0300394854787976 -0.675269365326477 0.0325870005956516
-0.00537086204324664 -0.045870581667806 -0.236030449806787 0.378180960872356
-0.0336296734184527 -0.0340283796739458 0.0891470690426465 0.164066604489896
-0.0369121310243629 -0.00592342193321432 0.142838259336606 -0.147445375871236
-0.039463493939401 -0.00959269677398605 -0.122890231806394 0.140346419695412
-0.00363673203594039 -0.0329860843863946 -0.0819905760769754 -0.142023819182765
0.0346276091374062 -0.0214681422417877 0.270592609403884 -0.309037770316662
0.0560536585272475 0.0341272527162823 0.582706041958465 0.0857387358400943
-0.0190463929393232 0.0462500966777692 0.328214620763675 0.794044674160318
-0.0737675191823355 -0.00955014336268668 -0.505152264548353 0.745780298486546
-0.0319874465909468 -0.0320902060522159 -0.643576120198414 0.125362325824147
-0.0251283693865479 -0.0324093517451225 -0.0176838208469625 0.0860826256952789
-0.0490323477479994 0.0165629384489543 0.654258112889631 -0.172108079844476
-0.00862371295666817 0.0413396680137532 0.393592866294365 -0.831294688711191
0.0557160697137797 0.0234771556214395 -0.494293280782112 -0.7270526356471
0.0676919587176445 -0.0336860752948317 -0.670751053442671 0.0656829561573816
-0.00620321302518824 -0.0475834822280718 -0.221016226293702 0.389287360611622
-0.0340214475037035 -0.0328869939033989 0.0993046984172016 0.165670324319124
-0.0384874873210922 -0.00432769764199311 0.145491218198103 -0.140825102453054
-0.0369619557328019 -0.00323326302632525 -0.120172208811209 0.147025606353627
-0.00157624203928943 -0.0280012786063662 -0.0755262807990089 -0.137624465436012
0.0348200263480295 -0.0204231960136834 0.275023361991617 -0.296964156061712
0.0512095351666051 0.0339119875098728 0.578179803766632 0.106500247430035
-0.0237387995681416 0.0507763419743758 0.294368621667411 0.80343686798455
-0.0770765651301641 -0.000733263226621469 -0.540914103157448 0.726731726173693
-0.0427627720311027 -0.0236196873285841 -0.654412114540369 0.10815368637522
-0.0375575208184761 -0.0245585802726047 -0.0207964145573337 0.0817848030222163
-0.0556289208245622 0.0289404917249581 0.643718924031231 -0.18765497554482
-0.00704127036521709 0.0528662664350683 0.361156415954305 -0.83873945131248
0.0550509800212322 0.0258271508089246 -0.517952570413151 -0.707778522408919
0.062903183679083 -0.0356900657358808 -0.667140335058926 0.0865454817070105
-0.00696330275047279 -0.0462172168881903 -0.211299481841773 0.397027169417021
-0.0330539158125536 -0.0284101602426022 0.107268987156051 0.168043728931768
-0.0379650215903259 0.00211772527212167 0.151136887236457 -0.136827175745873
-0.00377899370389857 0.0220535235087639 -0.138759189706804 0.122331675129963
0.0088927317883884 0.0087017529398062 -0.141151447912559 -0.130253776846853
0.0178912121652142 0.0151926403187864 0.175522967500092 -0.382699537789284
0.0206291386898924 0.0376333987996478 0.565362805637173 -0.110712500943602
-0.0167944417979158 0.0253419227139024 0.543986605830531 0.640841161999036
-0.0399904533767017 -0.0181663023562528 -0.2471247221179 0.86373692001082
0.00495219862758932 -0.0248072586949089 -0.61242446796519 0.290305586933785
0.0126612108480051 -0.0215132476977234 -0.0829056435808142 0.115903248037246
-0.00459856833153681 0.0123723704983364 0.668615677329451 -0.0165649212278416
0.0182996982299252 0.016417668059054 0.645925124331534 -0.683679377573126
0.0361474585928033 0.0124650166004621 -0.261196782213553 -0.862917770779983
0.0375310674032885 -0.0115880479079906 -0.69624990697247 -0.135649709448957
-0.0128865359861114 -0.0149876915600532 -0.307283335030674 0.335151201328617
-0.0230718924887655 0.0105786210307137 0.0599168296935455 0.1792669493332
-0.0120702384828828 0.03199502529262 0.149159199621597 -0.160891972894228
-0.0108429092534335 0.0123907070524464 -0.140044768166193 0.122169683846507
0.00298067627574855 -0.00205738414179885 -0.138004081351957 -0.13537958785136
0.0187869205466033 0.00834434311433409 0.183502185731869 -0.380862394243847
0.0278334912194645 0.0354908474067923 0.570972615801623 -0.0961713428738346
-0.0137948354047701 0.0231900407732337 0.533468499471388 0.653359143118186
-0.0441580734609597 -0.0243638336692209 -0.261949800030203 0.855334020719026
0.00650798060617737 -0.0343457591818544 -0.609602241807636 0.275749876977324
0.0181079859337004 -0.0295187788180788 -0.0701025971033278 0.115302097335748
-0.00263954168248563 0.00305339962382062 0.676931682370172 -0.0270191954780103
0.0146991879447132 0.00940911358603085 0.630634148811397 -0.696566282567753
0.0396819212559611 0.012560427212408 -0.277660607403502 -0.856198149417513
0.0464808641866431 -0.0119813593686752 -0.69275381336356 -0.11993059471723
-0.0100771664380657 -0.0209202208035363 -0.300448737659017 0.336476576319648
-0.0248472278813631 -0.000973876554379235 0.0608182055993993 0.174717732322706
-0.0159849460227993 0.0219180950184194 0.146433634091778 -0.164299618765841
-0.0181415837423233 0.00315514143175223 -0.137260765824329 0.123670347109074
-0.00175955930652877 -0.0127823065882233 -0.130499973902782 -0.139979390443231
0.0204348079343893 0.00026530634493295 0.197999604242318 -0.373262475810945
0.0373882113982852 0.0331828889220005 0.576686983580266 -0.0683638937862543
-0.0103423079083191 0.0245551723410444 0.50954798124753 0.679574490696973
-0.0496176290485462 -0.0274497959814558 -0.29564517262999 0.841356049347462
0.00329767293250584 -0.0409478658105275 -0.611139655993743 0.252920778065961
0.0185588082882274 -0.0351800164142706 -0.054871042567433 0.112433898318306
-0.00692474453418509 -0.00268023553839708 0.683866547760193 -0.0511870694721702
0.00898458589746261 0.00802952746721825 0.601445503616142 -0.724827053058896
0.0444509621000426 0.0132203908126629 -0.31210988467936 -0.83857619043457
0.0559717375699517 -0.0139431441796422 -0.6884145172985 -0.0905980383140561
-0.00731874194960731 -0.0278268066319665 -0.288946877003273 0.344319178943177
-0.0271064158569256 -0.0127294345801883 0.0649403634767832 0.17027500612449
-0.0203914179781029 0.0115485961043842 0.143581749866257 -0.165920438406986
-0.0262288287253633 -0.00487014677779018 -0.13664183330878 0.125881542753629
-0.00566879294259348 -0.023070050863915 -0.119583654662913 -0.144269134693815
0.024004420744166 -0.00776772390529729 0.217656450747862 -0.361877320871023
0.0460531094132582 0.0318608853653466 0.584742416007416 -0.0340352502784169
-0.00946428462416773 0.0274837236699728 0.471487697315823 0.711841796112911
-0.0552669064715415 -0.0270717318687373 -0.343932627593779 0.824428368727754
-0.00269957400801893 -0.0432392071421646 -0.619390272599981 0.221364339389999
0.0115986510035019 -0.039096873015752 -0.0412584288167513 0.106455081212302
-0.0159125035152474 -0.00420795886342878 0.684326745433356 -0.0810266811162503
0.00230705901692617 0.0117853456652654 0.55327956468638 -0.757255170571428
0.0483101668038016 0.0157784983570893 -0.359468262668861 -0.814823668343242
0.0639800885252028 -0.0187995411863296 -0.687353225367936 -0.0494563457790697
-0.0050509542384307 -0.035231445264888 -0.273982822595552 0.355198589677728
-0.0291324491732381 -0.0234037163727988 0.0715703047792411 0.167196585798737
-0.0268615999378469 0.00278395709728887 0.143198020549996 -0.161403440303055
-0.0322600900369716 -0.010143960242246 -0.131626756073982 0.130671774479436
-0.00696941192044994 -0.0302633257796896 -0.106100753152739 -0.145209909432686
0.0283325064444273 -0.0150045411543178 0.237802234282791 -0.34491110201741
0.0532804556124862 0.0321634436567316 0.589947363248253 0.00812902639457315
-0.0112850161519156 0.0330188871843491 0.426300684812776 0.748402407058428
-0.0626445276806377 -0.0237256769817581 -0.399236233234031 0.802302346371123
-0.0105745308150932 -0.042518295421914 -0.627268970975477 0.186939617109341
0.00249465082203369 -0.0396475864874416 -0.0283252939018335 0.100481382682792
-0.02744905826637 -0.00204273761092913 0.682359793827851 -0.11750993103751
-0.00378279354997581 0.0182316998649815 0.500298568630648 -0.793898654364004
0.0520906596180264 0.0174803882647053 -0.415711064517059 -0.785679599495009
0.0689682445335908 -0.024862765678278 -0.685976497876578 -0.00525804030498004
-0.00489229864299548 -0.0414542022839825 -0.255856859813511 0.369633156179798
-0.0323082525249008 -0.0299583650420879 0.0813885952912869 0.165007457029827
-0.0320534800406278 -0.00291981825571714 0.142295721488076 -0.157869253623625
-0.0374382641208753 -0.0109337807585803 -0.12801192961914 0.134744844155964
-0.00589764083143914 -0.0345184046009347 -0.0938544260425027 -0.145792287785543
0.0312371774556536 -0.0198538074272009 0.256993536374384 -0.329890467750785
0.0565102659745346 0.0320512226085929 0.59335822144773 0.0502229396216501
-0.0157069495264732 0.0404870181631253 0.38062989984343 0.777192451250584
-0.0694928410320294 -0.0168273241121469 -0.454235675492616 0.777066573927712
-0.0212660815563935 -0.0391283571101097 -0.637835001709157 0.156655888409638
-0.0111230380996976 -0.0371178724446544 -0.0194135305780946 0.093893252009782
-0.0390318979367382 0.00609628485262155 0.670956930391646 -0.152189949944748
-0.00740724457977451 0.0297985406996404 0.439299129345148 -0.821962513330125
0.0549171817458506 0.0198103267652274 -0.466023277759492 -0.754641073130907
0.0699784560022963 -0.03054434350424 -0.680982032915792 0.0375662154005121
-0.00586418500517178 -0.0458689049846571 -0.236236747687 0.384394027217784
-0.0340623602452793 -0.0343522139497789 0.0915916287751855 0.1652438149721
-0.037028822250448 -0.00526548039194074 0.143437778682185 -0.149281496904759
-0.039238730538791 -0.00914789196763406 -0.123016104565847 0.141528622923262
-0.00374247407047818 -0.0338455790427685 -0.0841486712991499 -0.142588198855774
0.0344206523049649 -0.0223100929931972 0.269988026149984 -0.313929628898984
0.0573113478216625 0.0334745097348465 0.590787295470502 0.0831474053962674
-0.0193384387405555 0.0469211251579069 0.339054765440526 0.797311661831485
-0.0748905722938384 -0.00855885826097056 -0.503728909108064 0.756449415667667
-0.0328122670074031 -0.0325033744429053 -0.649461238696096 0.13200909214268
-0.0254741713586437 -0.0326460658814449 -0.0169895987243362 0.0878692060802667
-0.0488595780816231 0.0174911819232182 0.658206131314393 -0.177440736518348
-0.00821349333530685 0.0421560278316733 0.391186485558868 -0.84016694687763
0.0563492261744725 0.0235069164428137 -0.503337827613011 -0.728915554590597
0.067787003411713 -0.0353188800429636 -0.677564833961948 0.0721790580857956
-0.00613913436430899 -0.0477429427510692 -0.22140187315501 0.394170272671037
-0.0350209558780847 -0.0325768114397148 0.101678457950171 0.166760613676782
-0.0390148012026723 -0.00316008826533909 0.147096381413807 -0.14255534957882
-0.0379294099935729 -0.00282770819995123 -0.120358133934055 0.148903538129374
-0.00211805235815476 -0.0281872143894245 -0.0779111598147196 -0.138153412889227
0.0345762122809537 -0.021403199176135 0.27863248498264 -0.302935868471498
0.0522941126984285 0.0333571865718593 0.584498664441421 0.102623627448759
-0.0243302905932157 0.0523151020768099 0.30620166077384 0.808266453933976
-0.0775709254903627 -0.000133614515792767 -0.541914656518539 0.737514956056461
-0.0419210298559517 -0.0238846744521118 -0.659876826971003 0.114549025617393
-0.0383998614069107 -0.0248206752287686 -0.0199154104420658 0.0833563233859289
-0.0555343416942431 0.0296535080105735 0.647752740995458 -0.192539984144357
-0.00642422525046193 0.0532852765758471 0.358350629824383 -0.847964012325758
0.0565455548767033 0.0259980736272382 -0.528494070093586 -0.710768101397433
0.0627829726057275 -0.0361667688961228 -0.673620967065806 0.0928508932240201
-0.00707532271425933 -0.04631492632078 -0.209577949397608 0.403399301475561
-0.0334580238730951 -0.0271680357692241 0.109744556880215 0.168571181808312
-0.0379751803838675 0.00278863002632223 0.151914062107841 -0.138997601055347
-0.00319084898385325 0.0222321185120628 -0.139286794569778 0.123599296134306
0.0091193110968087 0.00845410163865462 -0.143033752390306 -0.130534992162596
0.0176172117084918 0.014387599612702 0.173572848758793 -0.389303137214124
0.0212899875130386 0.0371699788984341 0.570264257311916 -0.11655182074355
-0.0172371208209458 0.0258692008055724 0.55560838592104 0.641427545615886
-0.0408001158040642 -0.0171990133934471 -0.2411403357421 0.873562069193192
0.00549848926845113 -0.0252907592541912 -0.617500304496622 0.298550375959831
0.0133537178267348 -0.0223771728363419 -0.0827753656495336 0.117645573313326
-0.00409577647811647 0.012862422044609 0.673089423234055 -0.0211767287283995
0.0194356768026818 0.0161013313930858 0.644766649093488 -0.694585592678891
0.0366671891321944 0.0122572004633715 -0.272102329945808 -0.870481977185952
0.0368838529687397 -0.0117785738275676 -0.702871023904236 -0.130674459713166
-0.0130568906589208 -0.0155015117272375 -0.30699631313374 0.341131432806872
-0.0226409832988439 0.0108231510780887 0.0618582914244596 0.180952487284632
-0.0114993013394386 0.0327199247677126 0.148622744419505 -0.162863953638088
-0.0100721106967171 0.0129541731326686 -0.141613842262264 0.12357650085283
0.00304784273434516 -0.00269028033094963 -0.140435217166982 -0.134928426886209
0.0184357844374765 0.00803486690839782 0.180837497626801 -0.386095270215829
0.0296914683292346 0.0346650047165158 0.575030123168837 -0.103320614661557
-0.014645204522559 0.0246265802491969 0.544726567286121 0.653613466483965
-0.0448907930619884 -0.0237854720922545 -0.253545215283116 0.867240496598885
0.00652368955697444 -0.0355290560374079 -0.613600352542714 0.284772797961286
0.018817255175255 -0.0301314080566848 -0.06969918223241 0.117379947020607
-0.00273236444344179 0.00351578970698193 0.683486332674521 -0.0334971897837077
0.0156909895194885 0.00994515665220913 0.632201241361707 -0.707027044722111
0.0405015225806123 0.0120873603302239 -0.286170712186112 -0.860427870476333
0.0470770315493656 -0.0123415902140428 -0.700225822077502 -0.114644779710842
-0.010567081928051 -0.0212990416856393 -0.300774369900052 0.343436620816503
-0.0248247735997111 -0.000687510446185952 0.0627656295041203 0.176550368024012
-0.0154219490084943 0.022901326124061 0.146817753193747 -0.166344989595016
-0.0181593949272185 0.00375451299157784 -0.138560977651036 0.125890451849654
-0.00216748404999266 -0.0134984633710065 -0.131708761812244 -0.139879635518004
0.0210537718209813 -0.000307144622525906 0.197506282013099 -0.378930028521808
0.0385503281971857 0.0329413172843019 0.582879447154887 -0.0748351757411121
-0.0110570756757906 0.0247535737863988 0.520953304222059 0.680575812907403
-0.0499316710327222 -0.0269835671446934 -0.288892066854537 0.852054731130149
0.00349021180738087 -0.0411279035679163 -0.614754467443611 0.259302260204525
0.0177512501310054 -0.0365535873802601 -0.0542418417148338 0.114379356876932
-0.00718986323026449 -0.00299371136862341 0.689817404579133 -0.0566406638150623
0.00940791393186472 0.00809572249075591 0.600683571980546 -0.73739618413696
0.0446286822976587 0.0127692869619537 -0.322763684853463 -0.844079702066727
0.0564581110829919 -0.0151138040487481 -0.697477812612886 -0.0836796806391434
-0.00755225332553188 -0.0280178868995918 -0.288825308631289 0.350939963356737
-0.0270961663943289 -0.0124593298405852 0.0678279721161278 0.170985855349226
-0.0207628161147964 0.0122563055269624 0.143679825063295 -0.167618428038718
-0.0256293372497803 -0.00354603840200396 -0.137448109202707 0.127394503383285
-0.0056066785021904 -0.0240440777542387 -0.121491123390428 -0.144573635355532
0.0245653267855585 -0.0091877991652541 0.21623290700459 -0.367715354469511
0.0483410879527349 0.031251536566456 0.590746007156452 -0.0389814749293388
-0.0102748583789517 0.0286311224423382 0.485886244638436 0.712022882814624
-0.0564507448524294 -0.0267103873932852 -0.341580036424813 0.833061997507553
-0.00283075350133697 -0.0442921402191621 -0.623254079486085 0.228632426643446
0.012056127647576 -0.039924634589873 -0.0399006721760291 0.108271216161098
-0.0164965595469166 -0.00427575623716267 0.690293642681388 -0.0863436897033073
0.00269977923132568 0.0115226157374513 0.553556315348032 -0.767800199818469
0.0495686405091263 0.015536261975581 -0.370030089623181 -0.816362508460384
0.0645196807632835 -0.0203888981336516 -0.695374526410974 -0.0418484533094723
-0.00594870653871656 -0.0356602687179747 -0.273029918988113 0.361909998379838
-0.0297146442589675 -0.022321222264765 0.0738384530702763 0.168656509179355
-0.0275674131745714 0.00409160060956213 0.142719314983603 -0.163517199798282
-0.0326770989431896 -0.00908365530843824 -0.132325474426045 0.131967642596926
-0.00777137416524214 -0.0316901558706096 -0.10862482679309 -0.145437330094305
0.0282785485274036 -0.0155999382422156 0.237167199129976 -0.350976640311923
0.0545926064856512 0.0313422514295573 0.594534970807731 0.00276539600575113
-0.0113180460263579 0.0339477884687598 0.437785319037056 0.749278202969991
-0.0632435076825831 -0.0233958233580938 -0.396258804980391 0.812310885848749
-0.0108475976609538 -0.0442808636763891 -0.631292211266002 0.195818851567112
0.00219803553605935 -0.0401061543458858 -0.0272834927041823 0.102105808893465
-0.0273855277130731 -0.00175291205053878 0.686505319331158 -0.124470052322707
-0.00325064724013898 0.0190904979949795 0.497887848559047 -0.806916311551075
0.052749697943874 0.0171664677204406 -0.426393568240093 -0.788485642792254
0.0695882951688788 -0.0258412258515488 -0.693154446513858 0.00171517157976442
-0.00477855187658769 -0.0421081308681502 -0.254225635775952 0.376130661786392
-0.0332631413521757 -0.0296182056472063 0.0837924342376373 0.167295638436381
-0.0320565258349582 -0.00146223842364683 0.142101570229159 -0.160071677228646
-0.0379586588507502 -0.0103564775656753 -0.128301448611377 0.136030676682211
-0.00660953989726795 -0.0352207686001843 -0.0960539266719724 -0.146282712134016
0.032223531023571 -0.0208814435123032 0.256010374205937 -0.336408409216047
0.0583227457734137 0.0316812392328624 0.597834688140086 0.0459192889166906
-0.0149756676316882 0.0411371962662218 0.391870726945487 0.780373736752183
-0.0705398224182201 -0.0162989016875931 -0.450797741763545 0.789199821438199
-0.0215610355074504 -0.039152807145601 -0.641727676678451 0.163051887597336
-0.011135789279517 -0.037815140543765 -0.0185782484639276 0.0950495591958319
-0.0385712923630515 0.00677551626759313 0.675414694862123 -0.159782549713904
-0.00656480987596922 0.0301971029912026 0.439061138990333 -0.832830113135645
0.0561465748269076 0.0196841602363349 -0.475304324511527 -0.757450209958035
0.0708587885231114 -0.031723851919417 -0.689732585169159 0.044257847500698
-0.00560339758759492 -0.0466850815621173 -0.235157615612865 0.391235497488958
-0.0354231860842455 -0.033233224999484 0.0937691665837235 0.166706484896871
-0.0374736890378553 -0.00446197879094561 0.144241835044572 -0.151068666845905
-0.0392826416035705 -0.00751690075003143 -0.123155312584468 0.143162408537426
-0.00479569410810517 -0.0339803571643595 -0.0849832420055056 -0.143623435558352
0.0346662483910382 -0.0230618268567258 0.269417241955229 -0.320753890875455
0.0581962913571615 0.0330440900187619 0.596781887004427 0.0789431990679704
-0.0184126105069363 0.0476685228530075 0.349935382211447 0.799938143901374
-0.0759244204940688 -0.00805021396788479 -0.501423477271581 0.768205337973645
-0.0333189064506182 -0.0326491928934403 -0.652769409037275 0.137901869837735
-0.0258277278665549 -0.0325169327796271 -0.0166065704416991 0.0885082138147174
-0.048829939524175 0.0183869575585376 0.662971709026308 -0.186299862657968
-0.00770355636128521 0.0428410131766882 0.386522965884825 -0.852960630787345
0.0570890534734876 0.0231516770058095 -0.51561611454395 -0.732598109640837
0.0687771520802702 -0.0367654783085168 -0.683581674020858 0.0799660310730998
-0.00639023596700139 -0.0482780154726606 -0.21830423776842 0.401416929747259
-0.0357185276606502 -0.0319772816555097 0.103794347172434 0.16762558674243
-0.0390423064551757 -0.00256214641002015 0.147223119068359 -0.144757850912286
-0.0373891512051263 -0.00192224428433397 -0.120415058316171 0.150423075830909
-0.00279734646554822 -0.0287598497497655 -0.0789555833963686 -0.138714811854254
0.0341897824331311 -0.0221408467746431 0.277577980887658 -0.30776305517526
0.0534805877727372 0.0322046337242247 0.592135376318945 0.0985942181632504
-0.0241676273104886 0.0525419995047586 0.31663820911412 0.814267901550214
-0.0792622531394419 0.00119954451479314 -0.538888981347891 0.749837907955328
-0.0431631047680362 -0.0243420844521167 -0.665523017384276 0.120795178176772
-0.0386534414678465 -0.0253548437742095 -0.0188216686977025 0.083367767274074
-0.0557565276485014 0.0303599939896925 0.650869482783974 -0.201694977823781
-0.00585778128172185 0.0531343130837083 0.355136207795809 -0.860094705150309
0.0567517234324571 0.0258718627021324 -0.53717478596905 -0.713018298319242
0.0638285374051425 -0.0377902859383722 -0.679982274271353 0.10137774454704
-0.0075563589606353 -0.0479600185433201 -0.207052465295731 0.410838294704438
-0.0344723607802584 -0.026461639152536 0.113043733892012 0.170831213284831
-0.038354341052977 0.00406134010837846 0.15274611183237 -0.141173599854262
-0.002120610231269 0.0236603297879612 -0.140283405583593 0.126117435173829
0.00820489134053981 0.00770736080790829 -0.1459612438681 -0.129606881401903
0.017871102445269 0.0147990545732893 0.171066728158438 -0.394335646507891
0.0218731430995534 0.0367824758829911 0.573745021905382 -0.123599862804235
-0.0172197277746701 0.0266384216407009 0.570029768370988 0.640109413225106
-0.0408946805718513 -0.0172343575575714 -0.23451021020419 0.883191914898286
0.00487996944549961 -0.0265617737652101 -0.619072826461707 0.307487142814358
0.0120501527407657 -0.0226804016942946 -0.0820013516308452 0.119188299956529
-0.00277460032965249 0.0124962369758248 0.677946992046371 -0.0298169361917263
0.0201470870575349 0.0155724192156604 0.64385506365567 -0.707667758576627
0.0376398399956355 0.0125701170695069 -0.283390227492302 -0.874463493619834
0.0377241464135669 -0.0134724340694159 -0.709231815297204 -0.122405999016728
-0.0122128721239221 -0.0156816929598313 -0.30732379825549 0.348497587004585
-0.0228893500993164 0.0116644652574908 0.0646196507852785 0.18234746692906
-0.00999135408194741 0.0338390323923611 0.148099921941335 -0.16566917352833
-0.00903878471267955 0.0141896860402707 -0.141070294160437 0.125972089489975
0.00288534612441807 -0.00270657616084468 -0.143139433683208 -0.133993824012901
0.0189563796974105 0.00760949708813288 0.179549574091829 -0.393258352522316
0.0304930263699296 0.0349390431793761 0.577639893426493 -0.110875963120099
-0.0142686147862966 0.0246006430933192 0.559200976537787 0.652157719117431
-0.0456652370194418 -0.0232200360486017 -0.248179972729635 0.874665556068652
0.0068175278111365 -0.0365465442767249 -0.616035883095023 0.294015936390272
0.0183457044033774 -0.0301804004267033 -0.0682644835177022 0.118543977793689
-0.0020276711152121 0.00343891917950539 0.688493362995648 -0.0406391849826151
0.0158275609847371 0.00968503060794385 0.630708245399302 -0.720100775365218
0.0413657288521734 0.0122631461621908 -0.298550354544986 -0.864770148641592
0.0470101801587367 -0.013402099952039 -0.707605217500087 -0.106361265039471
-0.00912465612688938 -0.0210803539537131 -0.298871625977494 0.350225171789385
-0.0249894012596825 -0.000290386520398296 0.0650796318370047 0.177899284171341
-0.0149520230071202 0.0237994830977122 0.146314383482378 -0.168603346017819
-0.01714314054153 0.00457671893676738 -0.139509810950765 0.127569480903534
-0.00257847898050168 -0.0134046616096328 -0.134781704928705 -0.138353744290807
0.0210517096159591 -0.000466290149181671 0.193838885803409 -0.385572296964363
0.0398495223603415 0.0323339801553669 0.58632977769607 -0.0826875425104702
-0.0116628362444693 0.0254828444542806 0.534550705214283 0.678865583820811
-0.0507739763189587 -0.0270197195894063 -0.281351923133989 0.860781587205865
0.00245459460207453 -0.0420750433983869 -0.618524787766821 0.269128784218503
0.0180810539072901 -0.0368336194103802 -0.0528959045805429 0.115533459904969
-0.00695272165549433 -0.0021187402656545 0.693099986884857 -0.0662044469119878
0.0100097064408869 0.00754988546331443 0.597658071152646 -0.749625235276305
0.0455597662023368 0.0124741557681777 -0.335080714266478 -0.846019946928984
0.0566265282483452 -0.0165001019442861 -0.703942962198327 -0.0753407957316432
-0.00762373042417903 -0.0288764299452238 -0.286490018310828 0.359324236899719
-0.027368632053315 -0.0116384804861052 0.0701784027359292 0.173143728519283
-0.0201383796531842 0.013668454929175 0.143208549274724 -0.170166212729274
-0.0259629862819285 -0.00377961483392901 -0.138019276703781 0.128860725580732
-0.00619430230714594 -0.0249765510285414 -0.124661267236166 -0.14358162872608
0.0241633658011213 -0.00921072955909651 0.215054055803201 -0.374187524651105
0.0482844420974659 0.0308528045405466 0.595931649403889 -0.0458228013499638
-0.00983309760561046 0.0292074321481411 0.496503449911798 0.712867551467848
-0.0569742351520222 -0.0259020783915259 -0.33332337983585 0.845660326040779
-0.00363189976667706 -0.04498629985519 -0.624312586401967 0.237500411472432
0.0114316519409872 -0.0407979429410032 -0.0385217559418529 0.109713815923022
-0.0155839225856651 -0.00443854330872903 0.693526544384157 -0.0968077874495927
0.0029315550976571 0.0117332288439103 0.550575722618733 -0.782136820407551
0.0495904220413431 0.0152310430314647 -0.382887039656665 -0.820710459446978
0.0649772040582233 -0.0213598170125159 -0.703718796250839 -0.0341701848062486
-0.00502398157148605 -0.035458967979172 -0.271131128204818 0.368557682207651
-0.0305624204615313 -0.0216228499116315 0.0764088381382784 0.170152656556941
-0.0270228516713731 0.00456480327557606 0.14253600926681 -0.16591366568034
-0.0319017988317557 -0.0085246181307568 -0.133259063388692 0.134639010051297
-0.00791768505141217 -0.0320146564367557 -0.110868499622258 -0.145615155136558
0.0277828825183686 -0.0160473318670577 0.236688233933943 -0.35945617109646
0.0560557077466306 0.0307168382223449 0.602391525933514 -0.00287282942689171
-0.0114287656390349 0.0342328919086108 0.45385725894428 0.74953961274817
-0.0646051478088172 -0.0225191830044283 -0.389073239313046 0.823380736042352
-0.0110204735621903 -0.0436636695825518 -0.63487308339965 0.20370822854474
0.00137107508696583 -0.0404364446082164 -0.0258008614949202 0.102428307552407
-0.0269281421569957 -0.00111682107084868 0.690587645176197 -0.134128572987908
-0.00326267887121344 0.0186208565904342 0.493852073266915 -0.81745902803111
0.0542094161186287 0.0174242097156231 -0.437871282163814 -0.793137723223988
0.0691418341016229 -0.0274041410564297 -0.69976288868907 0.0107644104598061
-0.00556151158215376 -0.042299871509606 -0.25205075712396 0.384244845018287
-0.0335702350036285 -0.0291707590321143 0.0862933490244303 0.167889193967207
-0.0326341816208213 -0.00143390574105232 0.141713527524162 -0.16210121015686
-0.0373067182684782 -0.00961043955584442 -0.128319362536642 0.137948285704524
-0.00734136278709734 -0.0354326516229492 -0.0979850279067899 -0.146380052416572
0.0320534342720418 -0.0221243802733785 0.256508938229045 -0.342768559340802
0.0598696105922174 0.031263706003338 0.605608316734659 0.0388621606804574
-0.0150813092388541 0.0420124715762517 0.405587085441958 0.782708308930988
-0.0713421738634108 -0.0149978802491222 -0.446701389066465 0.800783184754661
-0.0223735144502241 -0.0398739710560906 -0.645740230635297 0.17150305684412
-0.0116066759811332 -0.0381459951926906 -0.0173499028725265 0.0951491305833462
-0.0386881907265996 0.00687408765706912 0.678858657152428 -0.166887999841118
-0.00633243089657104 0.0306314331308988 0.432404084286551 -0.843860037244244
0.0565515408230675 0.019584684623325 -0.489150705646672 -0.758897326321756
0.0714224693939253 -0.0342298844338786 -0.69528824974153 0.0549036682994359
-0.00536411115366434 -0.0467159637235063 -0.234167568482821 0.397091163806587
-0.0358927826581545 -0.0327579005346553 0.0963598765804638 0.168113392888693
-0.0373357685525896 -0.00312985810199869 0.144422232325106 -0.153643297324523
-0.038541194954193 -0.00736466484499473 -0.123197485251012 0.144290130371553
-0.00570116849308829 -0.0351905482542584 -0.0878765946326419 -0.143798401169103
0.0343267497207794 -0.0237977750917129 0.269095191814326 -0.327137538696631
0.059163795141374 0.0320005097843735 0.604845507826544 0.0708861502229666
-0.0197411758205035 0.04819636957557 0.361140878837985 0.803917141103006
-0.076582018085923 -0.00689609628417505 -0.497475643215428 0.778642803333917
-0.0327096102676141 -0.0333928819177418 -0.658708721644809 0.145208037947642
-0.0263011240359226 -0.032711840499388 -0.0154650070888612 0.0892191513713759
-0.0486517655815274 0.018729963291999 0.666310814476734 -0.19321746929235
-0.00709913695214904 0.0431718562458006 0.382875733680166 -0.861999162507495
0.0586173450094159 0.0225008591307054 -0.528781325297309 -0.73170108295492
0.0693406367165179 -0.0382107877981534 -0.688941194953863 0.0886164116212553
-0.00648707554688861 -0.0485881785197837 -0.216058532872283 0.408456122497881
-0.0366859067706324 -0.0308695725309735 0.107317252411676 0.168283612265178
-0.0393870779695673 -0.000975178431885482 0.14631295410772 -0.146541977022181
-0.0371153956807073 -0.000937070603790406 -0.120492162442587 0.152607135571361
-0.00341367863936199 -0.0291844760765117 -0.0810058275085865 -0.139392804852053
0.0344585968981035 -0.0223540121788091 0.277929612213378 -0.314788235107038
0.0549246148545734 0.0324120895554861 0.598646359037041 0.0936082062254672
-0.0237633641956254 0.0536121762474203 0.329717036791144 0.816034088771503
-0.0796173996797881 0.00228845463870031 -0.53544010675871 0.760658778027211
-0.0432557163624752 -0.0249459205545662 -0.670052774618295 0.129074687047188
-0.0394060289865982 -0.0253671768288606 -0.0173375722426678 0.0849657165259583
-0.0553907302437174 0.0311378245936541 0.652617665310805 -0.209890584061171
-0.00455178161423067 0.0536875160742938 0.350385852470781 -0.871025349512773
0.0580647678895971 0.0245356547058136 -0.553365772658574 -0.713051727669977
0.0638114399809594 -0.0397384488329739 -0.685486053613834 0.108941300527
-0.00672139556739861 -0.048060839430117 -0.204724911516404 0.416373157094966
-0.035450297018684 -0.0260245071193038 0.115477729372264 0.170753444259795
-0.037997571957204 0.00481079131066772 0.151853966666528 -0.143784162820536
-0.000503654138105497 0.023670989539515 -0.140321169531286 0.128074872052675
0.00864771662088402 0.00732764216611862 -0.148654836043526 -0.128475283138036
0.0181792959085356 0.0137601832363542 0.167110437681138 -0.401112017588965
0.0232606290647287 0.0370367886015494 0.576958101510433 -0.132620176799863
-0.0172455840636372 0.0277307271679496 0.582762262816466 0.634359040886932
-0.0418351654557389 -0.0168972575512741 -0.223618627854949 0.892435495775954
0.00516787362672349 -0.0273478944481528 -0.619844316876534 0.317696438604096
0.0126127716850558 -0.0231556529846839 -0.0816937715264693 0.121045078662942
-0.00366697844981494 0.0127133912873181 0.681573621855316 -0.0369182260695219
0.0198845361090761 0.0150768596026051 0.639842286288776 -0.719539748144162
0.0375703421883351 0.011892599312076 -0.294445942731307 -0.876400630486441
0.037980997420366 -0.0143148938946738 -0.719199416936841 -0.113345535871153
-0.0125234648786579 -0.0156232755404057 -0.304578353827609 0.35603583536933
-0.0224466322479398 0.0123159301768431 0.0668131769375967 0.18407441168626
-0.00995541852958222 0.0345208036925405 0.147058188542602 -0.167359152545181
-0.00851914023726027 0.0138718886160487 -0.141552884277595 0.127807911331054
0.00262017587065491 -0.00305786992235362 -0.14588363643491 -0.132474131981075
0.0192925771987193 0.00752017019447883 0.176020407571292 -0.397450687894755
0.03180265678451 0.0344124389819539 0.582239185647353 -0.119499547580536
-0.0144668171445757 0.0254331708563408 0.573252189874754 0.649925064952388
-0.046590088084128 -0.0234034675701249 -0.239416323411577 0.885750848384166
0.00590433791223391 -0.0367023907730537 -0.615959014387582 0.302503903167747
0.0180279943173726 -0.0309407721468422 -0.0671810587386027 0.119873258976329
-0.00121390427351839 0.00361059140427463 0.689942753970968 -0.049535168850844
0.0162257670301893 0.00871611377800652 0.626296368950548 -0.733959137726092
0.0417651138488837 0.0116761199371555 -0.310176714087041 -0.866888208786185
0.0474893225998327 -0.0152260452116121 -0.71690066615255 -0.0984680435682077
-0.0101227954158186 -0.0216016666996184 -0.297358786290626 0.356926876027519
-0.0251543416861067 0.000631405638598283 0.0689595393454766 0.178548225534245
-0.0147033255946982 0.0247299526194415 0.145283539176725 -0.17069279307415
-0.0167415849329694 0.00470529520420129 -0.139547583966991 0.129984719545136
-0.00273965206510824 -0.0135389445483467 -0.13733167182139 -0.137840535638545
0.0211246907614339 -0.000797450098526249 0.191890554533755 -0.391106728100184
0.0403461311707932 0.0317490129957314 0.591024743374784 -0.0921210741915513
-0.0114012161482022 0.0261025593073364 0.546456299736374 0.675701307388786
-0.051504912297012 -0.0261086179238815 -0.273184442921502 0.872298125669176
0.003072274479132 -0.0429968968917619 -0.618484198728498 0.280503410381634
0.0167834623440488 -0.0368297716989351 -0.0518517556108878 0.117108542956304
-0.00656119901429571 -0.00221156122063233 0.697612862415112 -0.0742797680204954
0.0101514351591434 0.00748763443253363 0.592475103792999 -0.76245442565815
0.0462663213021798 0.0123014728965873 -0.348369044160967 -0.849642245425949
0.0567335485703302 -0.0173732629421354 -0.713405427639739 -0.0658054765666339
-0.00766358577805205 -0.0286343246554527 -0.285515618966324 0.365363203843863
-0.0275514576976208 -0.0109104411607901 0.0728103021324794 0.174311414772933
-0.0195934891822052 0.0141934590514465 0.14174960395832 -0.173029999928432
-0.0250347861097097 -0.00273384335194323 -0.137526871495465 0.132147709345242
-0.0065438847076901 -0.0249390353324582 -0.126959113113685 -0.143502718946347
0.0245392217263802 -0.00975837380876091 0.212711563087824 -0.382225797891346
0.0489042216249267 0.0296126591778526 0.598627685653305 -0.0544269481259469
-0.0109599959366696 0.0301867431343265 0.511041930736016 0.71156194848133
-0.0579317257912521 -0.025207945047273 -0.323949662531504 0.852725156331546
-0.00356269642024831 -0.0455614739834213 -0.626883452973334 0.246665891903645
0.0111660552889096 -0.0415274354235811 -0.0379036474346774 0.111058300784029
-0.0155468234534968 -0.00390305690124888 0.697567469806272 -0.104270398172789
0.00351428440881017 0.0112775422473174 0.544548205597556 -0.793937784326019
0.0505390056701551 0.0145085778020866 -0.39598028159372 -0.822641868232026
0.0651482134503862 -0.0236035274492982 -0.710395148567044 -0.0257078618432399
-0.00564013970368186 -0.0358565728995422 -0.269715953246608 0.377212293352094
-0.0307594854104325 -0.0219896950918019 0.0791548644330808 0.171177326846473
-0.026688453899155 0.00601601830924217 0.141864625048996 -0.168232289983828
-0.0317822327534754 -0.00715476747507647 -0.132701067103088 0.136378647562853
-0.00838916572125083 -0.0316905943614989 -0.113198946093014 -0.144484795059744
0.0282325539250545 -0.017070845452345 0.233084066361037 -0.364383052359619
0.0563389028155552 0.0295913280798384 0.607823727419366 -0.0105084728055619
-0.0111368249018596 0.0359635092846908 0.46719568547329 0.750051729647677
-0.0647982977953418 -0.0216375140040217 -0.382373975363413 0.832774953274025
-0.0107165714053195 -0.0446278854690875 -0.63696150839984 0.213022623178881
0.00212413295034556 -0.0412179596554809 -0.0243586378345311 0.104051500184299
-0.0267597087722794 -0.000196352754993433 0.692149436128848 -0.143044545877335
-0.0024558952783449 0.0191408037104412 0.486689884140399 -0.829491308424411
0.0553145971204242 0.0165333657881148 -0.451666478556053 -0.792517752086377
0.0697840333989787 -0.0295741616192409 -0.705198767434276 0.0193683301584667
-0.00551060418429833 -0.0429976647431382 -0.247773819210303 0.391033069809996
-0.03385769328558 -0.028378943199544 0.0894798903753468 0.168653236873668
-0.0327021991609714 0.000448745905799249 0.141002411940383 -0.164507674515321
-0.0372360830670762 -0.00854742690978272 -0.128094700877159 0.1402347497031
-0.00824283184478657 -0.0360421473662573 -0.100816744847674 -0.14626312480443
0.0315408290026225 -0.0222779043442226 0.255392398482816 -0.350084469185553
0.0604799126145927 0.0305053573180705 0.610589988437936 0.0306581746854545
-0.0147140832439866 0.0430357053732319 0.418651972121007 0.78108781256811
-0.0720859576431937 -0.0145702524234118 -0.439161950727408 0.811336259481407
-0.0220200097417984 -0.0401364415906586 -0.648990610859307 0.178598417150242
-0.0124628470076661 -0.0384980598029337 -0.0159442887600039 0.0962789515923168
-0.0385179209858186 0.00783775783928201 0.681278424350778 -0.177419386421774
-0.00592278490376635 0.030679688416028 0.426645414450606 -0.856195587828307
0.0575831103802496 0.0190658957464341 -0.50322441456278 -0.758796499149262
0.0714882737645995 -0.0354312007256726 -0.700294508802423 0.0659835521163311
-0.00619038054940902 -0.0465816657727947 -0.229147487000987 0.401900348608979
-0.0368195299509483 -0.0317009124332039 0.0996938640239236 0.167907385660061
-0.0370829713607681 -0.00209078841101391 0.143760550605404 -0.156331231766192
-0.038620563115337 -0.00605799990256234 -0.122653113147063 0.146542815473271
-0.00653486712156768 -0.0351134840594736 -0.0893610770926038 -0.143631026931105
0.0338932298117153 -0.0248146847716877 0.269829723948011 -0.33462877628439
0.0615743507389387 0.0309322138570924 0.609473055873901 0.0640334418893067
-0.0195022846135721 0.0502354872652796 0.377521736053042 0.805223238934396
-0.0775403103739363 -0.00519281575879496 -0.488833251987933 0.790486164326642
-0.0339289608609799 -0.0330096893364963 -0.660773471449637 0.15492707620116
-0.0272124355452892 -0.0326724906361274 -0.0139012988341568 0.0904273546512583
-0.0482477652567975 0.0197982244196328 0.668315721770783 -0.203319496744084
-0.00684763333076846 0.0429669723097845 0.373732343720243 -0.873534487087962
0.0594860931801611 0.0214470963837403 -0.541798566187893 -0.730902961911403
0.0691800977704168 -0.0399544770310467 -0.69534657809085 0.0988384093965199
-0.00702325538116477 -0.0493130597328515 -0.214020888824502 0.415100168470262
-0.0373720044222909 -0.0300557072945803 0.10984207650809 0.169676126499682
-0.0393421796863392 -0.000428644817597469 0.146259122878936 -0.149774576145414
-0.0363139832379019 0.000364841805286432 -0.11989951782901 0.154615220030694
-0.00396235215407972 -0.0287919015017244 -0.083175698707129 -0.139896954553136
0.0344709554508992 -0.0227092807598256 0.275833404937969 -0.322962480083248
0.0563146389538091 0.0313077496499045 0.603602515171566 0.0863709338536854
-0.0239327009766023 0.054972256547304 0.343434778805259 0.817278741132883
-0.0798953546165004 0.0034193316468593 -0.528940149914252 0.773023098140222
-0.043402446259561 -0.0246345203166769 -0.673535198450259 0.138731344117887
-0.0398058683459909 -0.0256468557533936 -0.0163319091504558 0.0861474050374002
-0.0551782442995377 0.0316979089836702 0.655264967890796 -0.218146935891445
-0.0042941171584444 0.0543065400552515 0.341871318913643 -0.880277907956104
0.05882104654149 0.0240183993983331 -0.565807046494001 -0.70924810218485
0.0635838829815788 -0.0407326766240764 -0.690288494826869 0.120418105509886
-0.00775336512171703 -0.0486710191996503 -0.201823553311468 0.423056939523495
-0.0355025145482526 -0.0247390864631859 0.118632892114967 0.170857529081345
-0.0379789566933365 0.00616408566542205 0.15250178713946 -0.146154587332324
2.26545274199779E-05 0.0238376549874079 -0.140311087809278 0.130468419522165
0.00923992033259055 0.00676737866705482 -0.151459650681125 -0.126495218544005
0.0179619805075428 0.0141357916879489 0.163639871978131 -0.406292285481789
0.0234826009902241 0.0364359359445707 0.578472924959315 -0.141613536478091
-0.0172700262930273 0.0281591487343357 0.597249080776757 0.630610819008149
-0.0424628508161279 -0.0159242690616419 -0.212662156809313 0.901960657093182
0.0042909865953589 -0.0270057946086638 -0.619256759308751 0.328322976854001
0.012563375156523 -0.0238860535048813 -0.0803082534947411 0.123323795205385
-0.00203276408294778 0.0133930005188404 0.684527392659065 -0.0463233876169466
0.0207399228227805 0.0149384295314521 0.635854476971958 -0.733153863325718
0.03897611391396 0.0116993555070595 -0.309920884543926 -0.879872358580373
0.0376387465238134 -0.0155774254780453 -0.724599570527705 -0.103702078063986
-0.0125301985716443 -0.0159365820082922 -0.301818816142759 0.362098874466295
-0.0218155849850439 0.0135128432252466 0.0700474741930772 0.184504615141939
-0.00863365779837615 0.0352569757157858 0.146484546230021 -0.170268143474688
-0.00781150960129531 0.0148822536807383 -0.141917380597602 0.130221292739928
0.00221347002129072 -0.00353856000106271 -0.14859361627499 -0.132235083550191
0.0194483169722583 0.00680718670236732 0.172011202950556 -0.404633426882054
0.0328042027592509 0.0334186156778305 0.584283851192478 -0.127596011624867
-0.0149650020913721 0.0266229560133821 0.586243203531731 0.645469702004777
-0.046912694933677 -0.022370467705519 -0.228261266523577 0.893558300071243
0.00563160166038749 -0.0373329690913422 -0.616119938158079 0.312913419836555
0.0181475112793207 -0.0320079435053242 -0.0660118542316993 0.12188947688615
-0.00110305031486143 0.00386786272706398 0.693114353022029 -0.0571385732948573
0.0163761073601975 0.00833335753907548 0.620242930337951 -0.745828133767914
0.0423174974364574 0.0110102284604466 -0.325525869312435 -0.868982122320321
0.0472766066013254 -0.0158897751023253 -0.722513141605775 -0.0881387426681159
-0.00964987511449353 -0.0217877619022967 -0.294857909400591 0.364720656706114
-0.0253154006547876 0.00128918004702835 0.0706490223710091 0.180616016019034
-0.0139772790174074 0.0254119298820651 0.143983888512845 -0.173392135098046
-0.0158475321679295 0.0057803489327266 -0.139037075407962 0.132392826189557
-0.00334344197158884 -0.0142632644753131 -0.139647925767247 -0.136809733902108
0.0214485803106324 -0.00174728750726906 0.187333259255858 -0.398105129446144
0.041292555575121 0.0309337195146274 0.594620049520207 -0.100485745036361
-0.0122056432012396 0.026962260036038 0.563328070701695 0.671651988764079
-0.0526262623241992 -0.0253023186981578 -0.263074818297315 0.881664251746641
0.00284008122274152 -0.043497115515249 -0.619669654195285 0.290394617316644
0.0166682799962562 -0.0377289826627621 -0.050572416738915 0.118024856112423
-0.00573779891645466 -0.00275651883228671 0.698754378902383 -0.0829949537741998
0.010554600161472 0.00710386580898868 0.58804516444811 -0.773820218922544
0.0469267493707683 0.0118517994398149 -0.360934111357261 -0.84961606102679
0.0568021995166391 -0.0186851720329953 -0.719694005053023 -0.0558408007580335
-0.00716318201792053 -0.028847772995 -0.283544394521738 0.372958342367985
-0.0281688136088299 -0.0106812690947335 0.0746807542545699 0.17521469850782
-0.0190228497353748 0.0148465968454245 0.140547037527621 -0.175452430948434
-0.025082618366183 -0.0017049017244135 -0.137300585076066 0.133079927045355
-0.0075465094598568 -0.0251382001623761 -0.129521588886898 -0.141351176032307
0.0239680305321053 -0.0102489105134406 0.208919165228172 -0.387391631570022
0.0509510750484609 0.0293910660677254 0.603721137389331 -0.0627123398026554
-0.0106960029739905 0.0306430311791755 0.526839139503796 0.707564554485009
-0.0591456788194363 -0.0242550278593277 -0.313110825762642 0.864009137638324
-0.00436755028966794 -0.045817923243352 -0.626414551783757 0.257241777373444
0.0100125209782523 -0.0420045654513259 -0.0354075919303043 0.11210748956318
-0.015145549394954 -0.0037384274580752 0.699758222437373 -0.114513808751609
0.00337406465339345 0.0111225408546144 0.540541920773915 -0.804264090185818
0.0520567749537148 0.0137636108351251 -0.409918361448516 -0.822515741569689
0.0654032593601735 -0.0247565073103612 -0.715902810675741 -0.0150651219320561
-0.00515408957583644 -0.0361671335360265 -0.265946714935704 0.383824024534036
-0.0306688818953384 -0.0202510397797548 0.0822637325368888 0.171159301248361
-0.0264740179329497 0.00674101872954364 0.140621366606552 -0.170387389981919
-0.0314021681399376 -0.00658174321399504 -0.132412856053973 0.13829032914674
-0.00936680085409577 -0.0319512178228862 -0.116101070565287 -0.143939149700742
0.0275706696979987 -0.0182999713731317 0.231093695299244 -0.371347890394041
0.0579977755466629 0.0286771476892083 0.612617875231224 -0.0207073105183419
-0.011977100010321 0.0358282313442225 0.482275651485721 0.746935509286174
-0.0661546283969809 -0.0206221488255039 -0.372967652219029 0.843418613540614
-0.0122830573654087 -0.0445933319770414 -0.638467168132802 0.222349274734393
0.000979380612483647 -0.0424440051168149 -0.0231581858471312 0.104867475303781
-0.0262874851967555 -0.000316189811339559 0.693726541960026 -0.15306625737712
-0.00183077806441414 0.0187919862337094 0.480002248618334 -0.841226129605209
0.0560934632408887 0.0159777115922702 -0.465238039700219 -0.791171821086165
0.0700232407428921 -0.0300886288941679 -0.710198156943566 0.0307145108520146
-0.0053260192313101 -0.0434883276830795 -0.24711402545781 0.397298061825878
-0.034378825882542 -0.0273291722680843 0.0925917299550021 0.169121372395769
-0.0320261642754159 0.00120339401645579 0.140103576618001 -0.167113019047106
-0.0363797185896936 -0.00760443494146305 -0.127546060174397 0.141692352304523
-0.00913794336736748 -0.036285324447876 -0.10258397323913 -0.145644540268849
0.0317435674703076 -0.0235331163840415 0.252137993037514 -0.356029114753305
0.0626189119898084 0.0297805783332862 0.616655144927207 0.0220111137798436
-0.0147884639362917 0.0439221683000281 0.433084629148277 0.779752721866214
-0.0728718734627963 -0.0134963112244744 -0.433132595184087 0.821938742544624
-0.0226363594813304 -0.0405918313767988 -0.649838918663458 0.189885943822379
-0.0130592852786537 -0.0390295805758716 -0.014109119684687 0.0968484599802632
-0.0374963962059845 0.00849251898614047 0.682778210274343 -0.186722094745697
-0.0050025509192751 0.0311725027094689 0.416610688449147 -0.867233019854468
0.0582194589206629 0.0185351252815737 -0.517376661328469 -0.755788138316602
0.071491752861581 -0.0374104690300532 -0.70525975358858 0.0756477235722427
-0.00615464371067778 -0.047936291478716 -0.226410931104359 0.410694115545112
-0.0367431293962971 -0.0311173592051613 0.102550169989642 0.168234498906251
-0.0377538457663503 -0.000743048929392221 0.142499367168205 -0.158293741305164
-0.0377973239739168 -0.00504874507134012 -0.121746440641446 0.148421347009913
-0.00715848077065902 -0.035806003741999 -0.09206388341493 -0.14355544009136
0.0333431199066047 -0.0253208954557853 0.266895633394523 -0.339674993546887
0.061912343329905 0.0303809665321315 0.616087324862153 0.0558323755158608
-0.0185487433630059 0.0508432055168386 0.393396874382668 0.803925488947824
-0.0781502808415362 -0.00432856334182036 -0.483014619995934 0.800583664369562
-0.0346603325959714 -0.0328503448412019 -0.662515074652349 0.163935852836332
-0.0274495152768463 -0.0333198956708089 -0.0123247928049818 0.0907915325826382
-0.0481352888169789 0.0206664569365311 0.668367135275774 -0.213656522375093
-0.00585688158236659 0.0432381714719341 0.366532336582517 -0.884430299477965
0.0603182728293474 0.0213579483198047 -0.554682580832703 -0.729566653976019
0.0693614473479018 -0.0414710087784205 -0.697876344856707 0.110315447390537
-0.00782388391369791 -0.0492287912732776 -0.209331582873859 0.421512765750877
-0.0377285024140844 -0.0295624936710649 0.112902052280899 0.169083908453937
-0.0391709988818937 0.000752113211066338 0.146231456169908 -0.152143603362095
-0.0355247454695852 0.000801393552417498 -0.119003512680426 0.155847303759736
-0.00436924390979217 -0.0299423743871843 -0.085755503075132 -0.13988695690128
0.0340400561136082 -0.0238724458990402 0.274177715509248 -0.328845781806163
0.0565071164333813 0.0298955902728988 0.610436667627239 0.0778983242048095
-0.0234440113471365 0.0558611817622597 0.357825924665893 0.81715240872421
-0.0804940780400726 0.00477581207939822 -0.523034818253927 0.783723352634385
-0.0441651957106756 -0.0250091879488994 -0.674993310672299 0.147471745003716
-0.0402219640956986 -0.0255282267893129 -0.0154494270468436 0.0868065772740764
-0.0547187667722492 0.0332710173283121 0.655492517588461 -0.227928503562546
-0.00369854091331129 0.0548359644365552 0.33337301013381 -0.890298949105926
0.05982731823812 0.0238655515640653 -0.577956528831179 -0.706833719646466
0.0636231422910943 -0.04295644239852 -0.694126331375404 0.1315933995356
-0.00803332191299404 -0.0488688796319729 -0.196724174768055 0.429563080020883
-0.0369720837741822 -0.02423702065597 0.122288005917843 0.171852750191564
-0.0380741113233555 0.00724315772891879 0.151818684406114 -0.147597888466654
0.00167990949501505 0.0241190091976197 -0.139792501041488 0.132426741311556
0.00889391907148039 0.00674559976577971 -0.152860661498464 -0.124730776914843
0.0181752408595029 0.0131150591942198 0.15901740633357 -0.410562987980245
0.0248892613226338 0.0357155597376735 0.581858920401869 -0.152015493039845
-0.0176235624885392 0.0289005103940402 0.610592981048872 0.622149345624619
-0.0426616407594558 -0.0156339533570389 -0.200206314552264 0.906775494561126
0.00401398760984152 -0.0279882157275841 -0.616251212152121 0.338858761068101
0.011528830388638 -0.0236617728360127 -0.0782288948265296 0.124770930018207
-0.00227352902491022 0.013229844954421 0.685835837986096 -0.0567416611233007
0.0206924141096229 0.0139818128760629 0.627333778543823 -0.745502966865534
0.0386321151543787 0.0108630221662459 -0.325046709870074 -0.877530184021233
0.0380319988013854 -0.0154962769892597 -0.731117860762669 -0.0936551557734684
-0.0123514301321622 -0.0156444863823177 -0.298652812643834 0.369617346295061
-0.0217095310974094 0.0138900793327944 0.073222804227156 0.184894463186325
-0.00825937574053219 0.036539935100911 0.144472806962044 -0.172635225737097
-0.00626894449169707 0.0152437049809731 -0.14147215503657 0.132366330309472
0.00217351881661331 -0.00315537823907636 -0.150685218424139 -0.129491737177792
0.0190765253057171 0.0062251809249306 0.166483257560851 -0.409209968244798
0.0330908730768446 0.032948861029489 0.585448059761877 -0.137537031843668
-0.0146377471568889 0.0273502872013084 0.600200039079425 0.637817985296127
-0.0479668230518922 -0.0218759375229448 -0.214761530160949 0.90003315453769
0.00515436829669397 -0.0378217896207717 -0.613430879945777 0.322596177975572
0.0172426830027114 -0.0324604523196401 -0.0644800955486769 0.123546792803629
-0.000785000149840537 0.0037238324162687 0.694647427621956 -0.0692905969246558
0.0172592944255179 0.00819713746661393 0.613178223373246 -0.757689866806679
0.0433967144404739 0.0102155608152975 -0.34060159026318 -0.86777243885142
0.0468788188160339 -0.0174209924967631 -0.727028021369827 -0.0764686700518398
-0.0105091842895087 -0.0218026685160499 -0.290825460538186 0.372030626664052
-0.0249860522400724 0.00208652065742818 0.0735359956941207 0.180513969380793
-0.0130618736846649 0.0262073476870316 0.141899145835014 -0.175420873456088
-0.0157369776136745 0.00631631109600949 -0.138146738890667 0.134165197739525
-0.00303971185752635 -0.0142971663349085 -0.14219535599302 -0.135078180248292
0.0209865067829691 -0.00195988105230645 0.182509539829248 -0.403013025916244
0.0424539290494703 0.0303219785375813 0.596723341494221 -0.110281594814812
-0.0117532070436899 0.0275399949962531 0.576088612573489 0.664937146697144
-0.053710566073717 -0.0245436544548827 -0.249399682078699 0.88922134303303
0.00223576510601755 -0.0448305375739951 -0.618666311553158 0.30074844089475
0.016076691232008 -0.0384418005885533 -0.0485983313247681 0.119638857283828
-0.00567976155287473 -0.00212453033342223 0.699377645225619 -0.0937835492246544
0.0103159835904173 0.00694943128302419 0.579197181343815 -0.787068768853143
0.047637536283238 0.0109868579388281 -0.376425991746361 -0.848132216203473
0.0564077460658113 -0.0196160211621539 -0.723070211523933 -0.0460006667189845
-0.00795261132456804 -0.0291305803252918 -0.277806612402244 0.379717824586716
-0.0284669992211472 -0.00881593708880422 0.0784112581882304 0.175798812894067
-0.0185980164154398 0.0158623301393365 0.138437685140333 -0.177721314615599
-0.024135235920074 -0.000999727939141274 -0.137027184064286 0.135372500958463
-0.00768026740155155 -0.0249627132668939 -0.132340450361979 -0.13987499790245
0.0238397022253018 -0.0109913635236735 0.204540934257591 -0.39419138262794
0.051328038486431 0.0281370434336729 0.605586493869002 -0.0722221055966563
-0.0105541664013524 0.0316167660889961 0.539817849899185 0.700759303947719
-0.0599531268619657 -0.0234193983072477 -0.303582785643826 0.874510007861665
-0.00422309047063098 -0.0457117711629134 -0.626375416852449 0.268097810667098
0.00985543824967692 -0.0428274623770228 -0.0338827598190184 0.113619052366122
-0.0148736475336606 -0.00329279444176765 0.699264401994635 -0.12523009569993
0.0038849958958391 0.0110609233011546 0.530654565423899 -0.816818433540474
0.0527124741268208 0.0131368039070195 -0.423495507302253 -0.819929710588894
0.0645700035383027 -0.0256909208630227 -0.719806076974002 -0.00301956103509279
-0.00598769458000754 -0.0365479202855498 -0.261435868676019 0.390019069244436
-0.031670200936369 -0.0195965329275535 0.0852531075446865 0.172136312587576
-0.0255752556909851 0.00785907102915444 0.139653138963103 -0.173642830380232
-0.0309459987104436 -0.00556305478788945 -0.131804104061969 0.140458209595091
-0.010272080183475 -0.032115396657969 -0.118502977663024 -0.143635451018861
0.0278532989299424 -0.0185168125935293 0.226949217388378 -0.377152270800881
0.0588031680508455 0.0277810447442702 0.614980078376563 -0.028756767783798
-0.0116451393477607 0.0372276841384564 0.495896432274884 0.740694857347966
-0.0667756192459569 -0.0190875695246656 -0.361337735531166 0.851213049407288
-0.012850109473211 -0.0457558263676265 -0.637216031343607 0.233994768576255
-0.000166848991020511 -0.0424932962671445 -0.0212728155331 0.105106598987111
-0.0258103645676558 -1.18675740625532E-05 0.694194198388486 -0.163402237932001
-0.00191170782953936 0.0195111811118109 0.470908716012461 -0.850922735289189
0.0563401566700685 0.0148692178976078 -0.479657068625223 -0.787610333971696
0.0702530819895979 -0.0320565877079387 -0.714144533497767 0.0418990295073019
-0.00571966289131806 -0.0436535742352287 -0.240940624184063 0.404690786151202
-0.0353936805410274 -0.0264244253530584 0.0953945724450388 0.168958409708963
-0.0318365588363012 0.00193775945023802 0.138354741620492 -0.169676118998161
-0.0362912575306328 -0.00709949528949872 -0.126393382027882 0.143982486326614
-0.0100335425716057 -0.0366876007185676 -0.105750145870411 -0.143815779835267
0.0310761474117749 -0.0239072451249458 0.248990338384216 -0.362816278403863
0.0629692639215356 0.0283029117793772 0.618770638868298 0.0127080387787224
-0.0143582277642033 0.0450132594950006 0.450008082287665 0.776388356877098
-0.0732316118317619 -0.010946613450907 -0.419941467328548 0.831233620921445
-0.0238512629644393 -0.0402846303443357 -0.648764863124939 0.19888113837356
-0.013579805335988 -0.0389152289191481 -0.013003468070077 0.097328595933334
-0.0377909435212316 0.00949556479881677 0.682957916423222 -0.19768306743502
-0.00504884957782606 0.0314853945498507 0.40581671001497 -0.877534820627147
0.0591486392498249 0.0177859049202647 -0.53119544450806 -0.748907267540672
0.070212676253606 -0.0389580085194829 -0.707354138233616 0.0876046581642521
-0.00652100866407369 -0.0480795026283733 -0.220392343402166 0.417653485354118
-0.0376876859851768 -0.0303771522411553 0.106212804262596 0.168165639238932
-0.0369718100785906 0.000645640510526985 0.141407710100254 -0.160115400927582
-0.0369335981083565 -0.00490303090055102 -0.120662427435315 0.150671645434565
-0.00762062205521937 -0.0353229639078773 -0.0950920877862529 -0.14332565296294
0.0332915960613888 -0.0265316791529401 0.26351678348451 -0.347643441013175
0.0623613151061447 0.0288602572088416 0.620728719189617 0.0474854097512742
-0.0184388475934889 0.0524954998823662 0.408264962541138 0.797702713396356
-0.0784848615150297 -0.00288665712939776 -0.47188865505785 0.811781435805789
-0.0345975447829443 -0.0334618181114057 -0.662126457722009 0.17412653287816
-0.0278180654985581 -0.0326648652215642 -0.0105310810342145 0.0915314923640855
-0.0476293065999993 0.021211035116414 0.668036031785903 -0.223748172727947
-0.00534448691627094 0.043159392316614 0.353664150136154 -0.894004914088249
0.0603140053151246 0.0199473061289037 -0.568313622614003 -0.721387426438057
0.0681376957826971 -0.0436108036671777 -0.700213361265292 0.123551940466144
-0.00786733063898672 -0.0497450785801722 -0.203030718109493 0.427968750478361
-0.0381959868418167 -0.0294486686386524 0.116349525749465 0.168838032965832
-0.0385443652754279 0.00211465610302477 0.144327417020677 -0.154381463671977
-0.0348330315288109 0.00203885003502874 -0.117461821883599 0.157648646268834
-0.00480821029129738 -0.029899755245257 -0.0875113669654132 -0.138697013496053
0.0335429011496642 -0.0250483756328809 0.270348737184077 -0.3360064493845
0.0586074202674273 0.0292803154212604 0.615314733115749 0.0689424212033954
-0.0227546582972321 0.0576199051460614 0.372215723009339 0.812297196277625
-0.0811221159681789 0.00664549640932031 -0.512192494205025 0.795669332298755
-0.0452433225817513 -0.0250914663941504 -0.677060666957804 0.158734594732813
-0.0412020657202183 -0.0247041163746672 -0.0133772476998932 0.0867033115937081
-0.0537040666213781 0.0343257245514621 0.6544489350459 -0.237177089394091
-0.0036460609209852 0.0547223026538378 0.321761265368265 -0.897910621174859
0.0603729786953721 0.0232029690567089 -0.591611151896177 -0.701193486951744
0.0624238632950944 -0.0445867967242083 -0.694604891807661 0.145426998195403
-0.00844631266275985 -0.0486551243764222 -0.191011982797495 0.435214418824794
-0.0371200273060915 -0.0232303300014109 0.1257136944284 0.170322973429235
-0.0377710842356506 0.00823447397597096 0.150102723651018 -0.150546925402383
0.00248921256032024 0.0239621616590237 -0.138972349045636 0.135394690939565
0.00828217455387056 0.00692074825409816 -0.1553699834728 -0.122251615051106
0.0183554007438561 0.0126012118078047 0.153207772375222 -0.416615989559507
0.0256336804698297 0.035099807484411 0.581439873475357 -0.16265718007927
-0.01794550544651 0.0302998701583136 0.62256045652166 0.612500480958118
-0.0430769678633206 -0.0142457254303435 -0.18404622911246 0.910691123588082
0.00322631528025197 -0.0280528986740612 -0.612273934093626 0.348751538348293
0.0117855103993206 -0.0246223573433224 -0.0761142808701995 0.125386286564221
-0.00115033359674616 0.013341335542194 0.685877670358735 -0.0675390401185448
0.0211829420303547 0.0132939680822291 0.618196063146753 -0.75522562290167
0.0393722942671941 0.0100741882147886 -0.338226094811974 -0.87313608749655
0.0374565818140299 -0.0175754795500962 -0.734923057969127 -0.0795408505271524
-0.0130950856300584 -0.0162395528873491 -0.29433164740654 0.376442601907731
-0.0212457755172607 0.0151507398191109 0.076533434672086 0.18479782417912
-0.00628536734313832 0.0365612126881602 0.141957661141535 -0.174451794192429
-0.00601569478398276 0.0152031511966662 -0.14044297789283 0.135351149412557
0.00172796529677725 -0.00449563659965987 -0.153687893076217 -0.126830145424583
0.0194683427222161 0.00597556285269954 0.161537767542449 -0.415464141504569
0.0343477808271426 0.0319207151710867 0.587982223547342 -0.147239555343508
-0.014461341815132 0.0283942289425946 0.612543954912297 0.627583481671523
-0.0485396754245491 -0.0205369320493828 -0.201282674088586 0.906096909003432
0.0046913587941818 -0.0383992773592006 -0.610649932604338 0.333398311182732
0.0170563861693393 -0.0328405395071797 -0.0623302277015325 0.124442219659461
0.000283677860060751 0.00381900401501167 0.694590496539132 -0.0792885986634905
0.0176073670184205 0.00757103271071401 0.602769940629275 -0.769334963091858
0.0434142737723428 0.00952820719697041 -0.351711617939236 -0.863878621711073
0.0467564672010903 -0.0180325511916169 -0.731152507152896 -0.0648505582978147
-0.0103593644075116 -0.0222467555994436 -0.284471322309516 0.378530626806755
-0.0248045165514988 0.00350349773872658 0.0770477708522131 0.180282408082431
-0.0127267735546421 0.0272369868092205 0.139674446485762 -0.177424886274374
-0.0142114459850842 0.0059137222786584 -0.137793198056443 0.136380099485005
-0.00418264897275845 -0.014017496814089 -0.144963469163911 -0.132265353696133
0.0210828470471213 -0.00276075760177577 0.176530588323625 -0.408339095330372
0.0432586276846936 0.0290021548474381 0.596502138923238 -0.120585924378095
-0.0117342711265633 0.0286847214867561 0.589937620015219 0.656181956745255
-0.054059501839035 -0.0234626894823693 -0.236837204262751 0.894525507470337
0.000849869703110063 -0.0445084686227015 -0.615287059785211 0.310790207679278
0.0157343292024686 -0.0391517026295871 -0.046030322250759 0.120204418454565
-0.00525042522928053 -0.00212572201826196 0.700640626745437 -0.104820763911224
0.0111491296915574 0.00637901196967183 0.568332500795892 -0.796304204967299
0.0478395692369252 0.0105806479958014 -0.390791694520904 -0.844057279379645
0.0568384557289826 -0.0220160270278569 -0.727055582925962 -0.0322972254427736
-0.00778371714572588 -0.0289999366555979 -0.272711141215547 0.384100853684841
-0.0284898569196992 -0.00865629632815845 0.0812996953916779 0.174997312160609
-0.0185088780452098 0.0174791497067824 0.136882714087016 -0.179053336387117
-0.0231766455103102 -0.0007386714808548 -0.135664241948242 0.13835282338789
-0.00825384995937518 -0.0250521137644745 -0.134426652880896 -0.138263285687096
0.0237165737540949 -0.011755182296262 0.19871208221947 -0.39927840049671
0.0529349747394155 0.027408561371837 0.607113462375664 -0.0829309500153477
-0.0102983027154808 0.0326379126767024 0.554251477190638 0.692840676065174
-0.0603389177790244 -0.0218711544833716 -0.290491403516274 0.877902771070298
-0.00562311388262769 -0.0467388005094335 -0.623203865449379 0.279527788231738
0.00905493740698041 -0.0427421032289891 -0.0324282606122294 0.11326845293507
-0.0142748680050226 -0.0034043421463716 0.700187053461182 -0.135654369392367
0.00385046828859593 0.0110534406977359 0.518509796496995 -0.827382177823317
0.0530193177853807 0.0122857894598805 -0.438488535546294 -0.81483161275817
0.0646078962846575 -0.0275911750362701 -0.722291601693758 0.00895473541520493
-0.00624654500398243 -0.0366054849022481 -0.255307414314307 0.396737460072282
-0.0320580490028564 -0.0185060293567872 0.0884296792569199 0.171688676448019
-0.0257069446161811 0.00898716721776037 0.137102864376955 -0.174692515386134
-0.0304324556600111 -0.00460397977664516 -0.130393605469245 0.142385663067472
-0.0111037006305373 -0.0324992332436676 -0.120768699544562 -0.141256334564309
0.0273829684480257 -0.0195107515072369 0.221175304638911 -0.383957179349692
0.0597201570308383 0.0266448149776256 0.617475704274037 -0.039711755112883
-0.0108152251860128 0.037612797281929 0.5096119371696 0.732894962876978
-0.0669939971151114 -0.0179549359933977 -0.348180502460882 0.860167849964993
-0.0135040438353732 -0.0459752059502227 -0.635369031949632 0.243715559611142
-0.00071037400006217 -0.0423933847740493 -0.0194431727874598 0.10589734050968
-0.0250925769394967 0.000198271554518195 0.692276811848526 -0.174845637463491
-0.00110564168045962 0.0189420281924292 0.458134968682809 -0.858999940038128
0.0567561840218563 0.0139872780165769 -0.49450397381853 -0.78149975063961
0.0691799390672054 -0.0341786261981137 -0.71543964201047 0.0565968579436408
-0.00618881058561099 -0.0440410664835066 -0.234491435355525 0.410711183616834
-0.0356664885587353 -0.0253253088684971 0.0984295371168413 0.168594227775879
-0.0313142968558026 0.00351483748218021 0.136800628559362 -0.170692418652443
-0.0354412136239614 -0.00581449485107728 -0.125722083117043 0.145252845671233
-0.00996702272392698 -0.036389372553849 -0.107990614363057 -0.143849365047684
0.0305755958321647 -0.0247678462363786 0.243547149617105 -0.369215486888327
0.0648309980615939 0.0278735328485149 0.624064050764744 0.0023473734087746
-0.0137778298271969 0.0454075967504646 0.464615787593212 0.769961935053831
-0.0730101686192555 -0.0108652265746277 -0.408568501284145 0.838559175459679
-0.0248175508725561 -0.0398514747987179 -0.647574546106735 0.211074668314609
-0.0151981893260231 -0.038979659943561 -0.011283393618709 0.0983463385803326
-0.0372731553400836 0.00952920159293653 0.680659252476995 -0.209524600256206
-0.00458537846159367 0.0309018548540721 0.391939173572702 -0.884927801711611
0.0599042139106622 0.0165099452769338 -0.54499708206925 -0.745106269930226
0.0695729816166294 -0.0403617779884528 -0.709355227168375 0.101666268716463
-0.00714294923514965 -0.0481214879435753 -0.21429118694551 0.42256637163518
-0.0384497845241419 -0.0280503504856929 0.109613686344286 0.168125768811782
-0.0370687315582915 0.000908966983044409 0.139116188345762 -0.162565146980543
-0.0361024559465749 -0.00340918907317873 -0.118563365055976 0.152644525054913
-0.00823198782162262 -0.0354680405334923 -0.0971759568837853 -0.142266470545945
0.0327107564105782 -0.0273415623643289 0.25905518324192 -0.353580900486702
0.0646629670233016 0.0280568823110379 0.621664072608723 0.036049067295677
-0.0178126960648896 0.0521258051875057 0.421409313497757 0.793278932603428
-0.0790091438273035 -0.00161423725472692 -0.461036574118615 0.821487809379484
-0.0358159923791215 -0.0334797900673877 -0.661303929637444 0.185562371477342
-0.0290699626069268 -0.0326834446823032 -0.00867795549113779 0.0918239548254401
-0.0470412229142743 0.021641897402727 0.665803472792345 -0.233898205766317
-0.00478581824679148 0.0433465850615061 0.34014596721561 -0.901009660017467
0.0614717374542086 0.0192009901811874 -0.582161135696714 -0.715526932148447
0.0677597422414098 -0.0448601686051346 -0.701229003683577 0.135562021312247
-0.00832588794385543 -0.0500857792145563 -0.197763774578101 0.433026536827012
-0.0388582466086636 -0.0270430942682086 0.119442369537093 0.16775054314489
-0.038551026022659 0.00357351124008917 0.142898174468509 -0.156580249177169
-0.033883502159013 0.00323673426429865 -0.115378488312681 0.159173956644761
-0.00651183664577781 -0.0298156399348882 -0.0895120694915725 -0.137925951879077
0.0333630312253613 -0.0254599945129154 0.26672165298613 -0.343209225249904
0.0586010933921165 0.0281284220035781 0.619477151306371 0.0594175893712922
-0.0222444071529839 0.058219729283803 0.388491910406704 0.807536894792687
-0.0810199376603145 0.00788652236020158 -0.501886977583863 0.80603887940437
-0.0456981093013375 -0.0245229008774735 -0.675104775542574 0.168962661518995
-0.0417798586363505 -0.0237985267854406 -0.0113366064122178 0.0866885808682987
-0.0528237483403311 0.0348251450255518 0.652142902828645 -0.249109687944414
-0.00197462581456954 0.0551226405456698 0.306656932783367 -0.905318710227195
0.0616358955329952 0.0225253085456339 -0.603607949936056 -0.69247242733361
0.0617595035295964 -0.0462945852753587 -0.695241224901827 0.157203207611182
-0.00901353772729324 -0.0491346186451731 -0.184856350689213 0.439978048362041
-0.0378734746234738 -0.0219857183130175 0.128697932275234 0.169511245340314
-0.0377857590649089 0.00977012536682578 0.148740416671599 -0.152830702192608
0.00464745268612174 0.0239162951920399 -0.137674937879369 0.137125179227955
0.00829874885946022 0.00664001155755824 -0.15768801172332 -0.118994524328924
0.0184687581834601 0.012946772011414 0.146789353630505 -0.419762716988672
0.026930640214559 0.0352459923122151 0.579456970943772 -0.172140937878018
-0.0174923515699709 0.030957669480674 0.633024606500919 0.60214950376028
-0.0439575520233234 -0.0135779060646186 -0.170428556605442 0.914905351040169
0.0021913787172775 -0.02895976855212 -0.60607889446153 0.359392995192205
0.0109850200688073 -0.024288767666121 -0.0737329556382107 0.127286170713529
-0.000556535758921891 0.0130245001299798 0.683649687822716 -0.0773009656861003
0.0214795239599385 0.012955810521626 0.605780487040651 -0.76766501219444
0.0401594915648681 0.00939436371738595 -0.352304930535607 -0.870057583442228
0.0365808547672072 -0.0177981521294961 -0.736444154526341 -0.0665443714850282
-0.012871807894078 -0.015355846029779 -0.286383233503836 0.381363153687327
-0.0215065587060617 0.0150365135634385 0.0790410878097514 0.184787394268659
-0.00576452532872426 0.037212952164435 0.139081118042841 -0.176201648204297
-0.0042063969547268 0.0155923215390158 -0.138458052756071 0.137176899704766
0.00226540880702032 -0.00385815082147325 -0.154432634725977 -0.124159763568359
0.0193369664018473 0.005526464251754 0.155093052729113 -0.417477019044369
0.0343049086265299 0.0309110250895862 0.58481457311465 -0.157241913159357
-0.0140222910240798 0.0287812294657566 0.625141220014032 0.615435383712004
-0.0488798570207018 -0.0199128308488418 -0.187645500890538 0.908781938597166
0.00377146252089359 -0.0385784098492991 -0.604640891768353 0.341836887466934
0.0156970865518771 -0.0332497309639249 -0.0595981366096162 0.125886743437251
0.000309951841636191 0.0034328029849982 0.692744942822007 -0.0899929254324212
0.0171725250564647 0.00694643961245113 0.591633108668032 -0.778279027248375
0.0437234715295778 0.00939988659825287 -0.367402906849326 -0.859368763805147
0.0461810285283727 -0.018889124626876 -0.733175743869349 -0.0506749449538692
-0.0105915115865098 -0.0223050371028189 -0.278400972992753 0.38466513447892
-0.0249245870778029 0.00430870154154205 0.0792847946256805 0.17999195374538
-0.0115007168910791 0.0277244251307649 0.13744799333413 -0.179373855505641
-0.0130884085330976 0.00724519963199785 -0.136101697915237 0.138289013228687
-0.00490940778543897 -0.0144457993679112 -0.146946221446402 -0.129452242423966
0.0206277654410897 -0.00319534468548294 0.171179155587074 -0.411365216036494
0.0441804231542981 0.0282061607414736 0.596678154664108 -0.131452083902491
-0.0116081589756184 0.0294835202753505 0.601998650628969 0.645150180915653
-0.0545404529148032 -0.0225283579361436 -0.223645757318451 0.898988377904379
0.00128067313448362 -0.0446008829121761 -0.608701088341451 0.321067089207121
0.014844984669658 -0.0393630829784671 -0.0436401593737782 0.120919637934528
-0.00482994619696658 -0.0020768055065356 0.697491536253561 -0.115586711200396
0.0113450544526953 0.00608074676235579 0.555924844988137 -0.806519226825364
0.0484640764559389 0.00993654454554207 -0.40351681838762 -0.837758797513137
0.0566568789859896 -0.0230250800654941 -0.727994494883507 -0.0209080431617811
-0.00812932032026104 -0.0292112137345259 -0.266870441114807 0.390264735745228
-0.028216367991605 -0.0074601846275021 0.0842074206265833 0.174694220579683
-0.0173769440971594 0.0178789610518696 0.134090392742301 -0.181051400333459
-0.0233176460681091 0.000722459079734032 -0.135554235514881 0.139862315459672
-0.00948672619215852 -0.0250159780130304 -0.136496795971891 -0.135039595547532
0.0235011925184212 -0.0115877430799962 0.194921579441802 -0.40242853465493
0.052872272168085 0.0260576529178264 0.607227506065645 -0.0933757874319413
-0.0099209294666406 0.0328809132313508 0.56510331775676 0.682802499820122
-0.0608702509484443 -0.0210257685918991 -0.274529734011265 0.882788080811584
-0.00609805031691789 -0.0475024991762019 -0.618121809397501 0.288569402192908
0.00860188140992297 -0.0428712152003567 -0.0297409330730847 0.113364537649649
-0.0147305007551225 -0.00297306631405994 0.695681687074147 -0.147224355855234
0.00479394522110194 0.0103619934350589 0.50648029749283 -0.835091107664637
0.0534085931248141 0.0114742169700143 -0.45036876815617 -0.80772886034917
0.0633169366436128 -0.0281439504426696 -0.720443741048099 0.0232513872035168
-0.00579052521593618 -0.0373723151904928 -0.249707887000168 0.401722928036423
-0.032489614387623 -0.0179243034755286 0.0916041453610677 0.171162530635615
-0.0255305363564274 0.00966093088247723 0.133733873668334 -0.176667843513792
-0.0295763897760068 -0.00389558077648068 -0.128672706614857 0.143560708139724
-0.0116798657768128 -0.0318253762272555 -0.123426027526305 -0.139418389149398
0.0273861874388677 -0.0198850814861463 0.216585518840018 -0.387584260916457
0.060638596927388 0.0247636425011442 0.615954757953156 -0.0499164084676625
-0.0109805584198181 0.0381896007778574 0.521342841131973 0.723912893729049
-0.0671761212305852 -0.0167368889414838 -0.336121288313693 0.865587152280529
-0.0138772588358382 -0.0454391850057042 -0.631600315209322 0.253440287961502
-0.00171122008059175 -0.0425343882636155 -0.0175797166533829 0.105118411977234
-0.0251827232998954 0.000151343981676662 0.690304774779937 -0.184224543168913
-0.000207811349179139 0.0190184950714841 0.44509456591196 -0.867548859268029
0.0570091047808567 0.0133247311169377 -0.505079652939111 -0.773848574145678
0.0679774744221889 -0.0352976922201526 -0.715421410341315 0.067967129315517
-0.00686769092032301 -0.0435925492175938 -0.22902428937761 0.414225435324367
-0.0358795812031381 -0.024798441402727 0.100890004515068 0.16749003912766
-0.0307389756540908 0.00445508914996334 0.134151776120875 -0.17290467158076
-0.0350292234635574 -0.00492121441295627 -0.123405311154962 0.147451693718152
-0.0111841793406139 -0.0371956534412766 -0.110354761227206 -0.14166487745839
0.0303472885599485 -0.0245958192360813 0.238954808490857 -0.374022815838304
0.0645908554058007 0.0256205591561311 0.622975828404023 -0.00896848256309051
-0.01311353690033 0.046325338221715 0.478585124170787 0.761857970439573
-0.0744470975227379 -0.00849587649527862 -0.395801646342049 0.845959765293597
-0.0247971061823741 -0.0403146139695385 -0.644607295681145 0.22095137615113
-0.0148965934046575 -0.0391566020589915 -0.0090572679684027 0.0982014934747185
-0.0366697019460293 0.0107004281662507 0.674918084823189 -0.220466947329803
-0.00378580773493409 0.0303394987818552 0.379924252815971 -0.889729317967941
0.0602738329163645 0.015770562981954 -0.556308746892438 -0.735758401947382
0.0692564747770959 -0.0416848017115412 -0.707495196179861 0.114026657710226
-0.00760998599362069 -0.0489461799567154 -0.206920623837496 0.427013567123296
-0.0389090795218055 -0.0283172089850377 0.111576194342657 0.166278100066636
-0.0368704013129009 0.00281885429210293 0.136538537408607 -0.164038270380039
-0.0356758247303629 -0.00254906875523787 -0.117085670787034 0.153253814352169
-0.00903231430827925 -0.0350024896712054 -0.0985405721439008 -0.140157314774002
0.0312865841604769 -0.027914181761873 0.253723576045964 -0.359656115251475
0.0646055800481946 0.0261321032110506 0.625628669892415 0.0269210682406886
-0.0176505897966967 0.0527080987444188 0.435257711249619 0.784925237570205
-0.0785874946419831 -9.63193836391318E-05 -0.447292111161017 0.826367845287673
-0.0363213472314564 -0.0331327771972459 -0.658802015575965 0.196287590415011
-0.0292356191874256 -0.0319109033593324 -0.00700947035496107 0.0920555132888112
-0.0459638349513228 0.0228084998672579 0.662838249624861 -0.244259581333273
-0.00339770454508673 0.0427408508270102 0.32798526356208 -0.90574583602276
0.0618496228718044 0.0181917798418561 -0.593945033186747 -0.705213229860261
0.0659720735311787 -0.0468989459492894 -0.699830500933424 0.147721268853107
-0.00894663084558311 -0.0504605141959536 -0.189740266501175 0.437510678282685
-0.0392572945164297 -0.0264003317400973 0.121842201246113 0.16557969567538
-0.0383662556939401 0.00519544337148182 0.141181612375557 -0.158823411215409
-0.0337820661985326 0.00380092552594075 -0.113003460807986 0.160828684453487
-0.00651962547357366 -0.0303975128210067 -0.0908958344072918 -0.136573964032053
0.0322147671722446 -0.0261652017593984 0.261954402080876 -0.348181739739565
0.0597938494922005 0.0264064106102932 0.620657550396465 0.0483750290085693
-0.0219083449196867 0.0583942042257336 0.401498676975612 0.801345976275533
-0.0807837965588543 0.00922100007309704 -0.490306196512362 0.811310359155214
-0.0459416381268605 -0.0236516571576057 -0.671408677026299 0.180975991220124
-0.0420514035365405 -0.0235252631274445 -0.0102384930427476 0.0866222260118296
-0.0516687100050521 0.0358333434891826 0.647798846527123 -0.258453562242253
-0.00104500428686406 0.0545033342285494 0.293405292205766 -0.910037193852645
0.0624607711558177 0.0212875382270296 -0.615554758553945 -0.684493784167603
0.0614307367589473 -0.0477357530008342 -0.692590454051279 0.169247025035569
-0.00961392092294283 -0.049448421733505 -0.177407768117232 0.445343918644181
-0.0382573246649875 -0.0209736580871229 0.131720648219996 0.167751081636317
-0.0368810296021955 0.011037340432895 0.147483717703174 -0.154828752373896
0.0053796096696426 0.0240458165777932 -0.135666842401202 0.139180217267987
0.00867772556764099 0.00630834871861047 -0.158247242645683 -0.115316054537356
0.0188209180194029 0.0123554482233234 0.139518822514552 -0.42246003915239
0.0272454656417431 0.0336551735253885 0.576234826050929 -0.180971081578119
-0.017128607391855 0.0318201381336755 0.643448347295432 0.589220111855765
-0.0441155108986401 -0.012357420161047 -0.154399565049157 0.91566021194101
0.00247130948081505 -0.028516607460382 -0.600139022702062 0.367060488397807
0.0101702001750796 -0.0242744093847018 -0.071568638472649 0.127596951671854
-0.000271230219840442 0.0129845201395037 0.679793719088198 -0.0875173272809835
0.0212081977278623 0.0124390299226678 0.594080078320573 -0.773804506022809
0.0400317035256159 0.00894540520439992 -0.364066354168111 -0.862466605675139
0.0363470473814231 -0.0189935816410444 -0.737541720431975 -0.0565249466770908
-0.0127709850303256 -0.0160496197879604 -0.280849527117304 0.386937395576536
-0.0210776811516294 0.0167405117803542 0.0822225942306463 0.184031695142437
-0.00462631940070152 0.0374863254029603 0.136397649477304 -0.177561347154351
-0.00276319544180523 0.0157386371987596 -0.136865238875499 0.139014983273741
0.00153570850710107 -0.003873987605346 -0.156516381541625 -0.120971754919038
0.0190116361446629 0.00520901024061865 0.14806722436079 -0.42119040240726
0.0351522317460933 0.0304857319379619 0.583326717145626 -0.166770056832941
-0.0136027670171844 0.0294221977031214 0.632459340362901 0.603386443524229
-0.0488531675868655 -0.0190799136016954 -0.173554264343953 0.909408078863514
0.00327203729565511 -0.0390524016657764 -0.599578103952034 0.352805095417096
0.0153306241363076 -0.033176112825719 -0.057388869954046 0.12651175583079
0.000820897709102313 0.0038905082086623 0.689741994880609 -0.100848919320353
0.0171700813545564 0.00621964584864557 0.578598205610645 -0.786082912764311
0.0439922136699652 0.00823071575925816 -0.381514474172368 -0.852040840480561
0.0464743253796679 -0.020628370912102 -0.733835507325659 -0.0412189702292115
-0.0103957663035308 -0.0216352182128055 -0.273021197375932 0.38867020619255
-0.0238868931645143 0.00455932244720752 0.0823125044011064 0.17860738589983
-0.00997188283065635 0.0280818451394636 0.13445575522515 -0.180749997843098
-0.0117542145179658 0.00785817775511318 -0.134151323852741 0.140394282477869
-0.00502806464613289 -0.0145985854470368 -0.1486469851522 -0.127176777713746
0.0209332171758364 -0.00392730537120206 0.164287071332814 -0.415141289409994
0.0445200018803059 0.0272881581108898 0.594559281608947 -0.140127239235791
-0.0113677071883793 0.029940362227806 0.611359883412952 0.632706819944332
-0.0547824882652749 -0.0210565214338457 -0.208535486099685 0.899189738176473
-0.000287263444567847 -0.0449062894925197 -0.602236208842765 0.329202109491042
0.0142455455286202 -0.0396412907138912 -0.0415602216321134 0.121027489412021
-0.00412521699121683 -0.00223227121807358 0.693513498443142 -0.125597648184535
0.0113427612871035 0.00561526937267787 0.543218388480126 -0.812880016201468
0.0488643921937209 0.00886502735569332 -0.417178191169126 -0.830092586129426
0.055384613405711 -0.0237500164049394 -0.728004170906414 -0.0072380323721772
-0.0089675976030945 -0.0294467448571858 -0.260800345885662 0.395424069932892
-0.0285782704641946 -0.00661369899623389 0.0869145639446014 0.173807517793413
-0.0167150737356919 0.0183551060873928 0.130786553995183 -0.181935539077151
-0.0211887965218754 0.0011938422038177 -0.132611326745216 0.141109890912855
-0.00951888240141046 -0.0249801461295553 -0.138466062358793 -0.133207809896124
0.0226174571886561 -0.0123961830438337 0.1875405008106 -0.404874604477295
0.054027299318122 0.025294124378444 0.606105843670272 -0.1038275958474
-0.00977630276033637 0.033755279160806 0.577162446715864 0.670504195354966
-0.0613906500360285 -0.0195776428430435 -0.261100305158851 0.88457023403363
-0.00689150782651915 -0.0467658450810365 -0.613930491917942 0.295700684481575
0.00741372587966556 -0.0427013583436489 -0.0278645347747925 0.114044774052444
-0.013878843867565 -0.00267017380063748 0.692059501693078 -0.157647919336131
0.00447055315993496 0.0103513217359247 0.491263933841544 -0.840965887411392
0.0529023913691832 0.0105819692122933 -0.463750904235217 -0.800124191890969
0.0632584242535634 -0.0297936143484864 -0.721271798992475 0.0350168516063507
-0.00697034131774289 -0.0373631857224114 -0.243004172538351 0.407028027239306
-0.0322680428173907 -0.0160765196995801 0.0943724762499278 0.170138881818321
-0.0244248844713606 0.0103722736553695 0.131136654484989 -0.178308478578174
-0.0282698288386006 -0.00312515426393779 -0.126764926896121 0.145144083733589
-0.0124669336542191 -0.0318170176588128 -0.124282948326566 -0.13665062985705
0.0257990836727122 -0.0201595795041481 0.210284511463618 -0.391131417816856
0.0605465744202579 0.0242853790727116 0.616370211956703 -0.0602115777102777
-0.0102214358139034 0.0391115406556602 0.53474547798037 0.713305887967637
-0.0675394222370574 -0.0150726946965653 -0.321731528112685 0.868572459068595
-0.0142970755075995 -0.0454655576315825 -0.627264713297992 0.262001069898156
-0.00203763073998905 -0.0421762481351521 -0.0158083172210124 0.106561605437089
-0.0242586228313534 0.00122958919210592 0.684383493684673 -0.195935931446854
-0.000141159865539482 0.018825190058134 0.432134948973165 -0.872707675254314
0.0573333836122682 0.0126613847474205 -0.51689852458162 -0.763855489108646
0.067470782859828 -0.0364598752630469 -0.713232020575391 0.0809941870999117
-0.00746957197079132 -0.0437860402367265 -0.221398764803368 0.418780321989588
-0.0363162875264308 -0.0236816118540562 0.103754035484231 0.166630623496931
-0.0304968338707087 0.00547171955460201 0.132131565543728 -0.173987677852167
-0.033914346713558 -0.00412237969681589 -0.120846478065079 0.149156994649949
-0.0121364954998915 -0.0359094482544987 -0.111552640215646 -0.139037872835216
0.0296322946078497 -0.0256046601670565 0.233310236997963 -0.37762722402151
0.0651377932413942 0.0234330824362427 0.622422940624817 -0.0183112122628611
-0.013183744231183 0.0476328411045788 0.48946080992265 0.751023330343929
-0.0738854643437956 -0.00683467965429113 -0.383125177224995 0.84996999933419
-0.0250952779925165 -0.0396395146431025 -0.638498499819465 0.229884872166336
-0.0159370360598415 -0.039034467750864 -0.00734644265915575 0.0979290361430836
-0.0363043457740607 0.0104590668968833 0.670570669767103 -0.228255067865667
-0.00338136035127413 0.0312504562512279 0.366713971610171 -0.893836105162421
0.0605542877818475 0.0147922254393085 -0.566512582178942 -0.725966316912619
0.0678943156826773 -0.0438366374317443 -0.705535013609791 0.12614117927985
-0.0082091324056037 -0.0485839135585373 -0.199624313376557 0.430861162386742
-0.0385292172758065 -0.0266197369163491 0.114685279651231 0.164892253203039
-0.0367422680134758 0.00361198015209319 0.134663645085684 -0.165153810704274
-0.034692661670413 -0.00198646899431041 -0.114628329587655 0.154721872908191
-0.00957102556181922 -0.0353095841452414 -0.100817985745172 -0.138942322190951
0.0319148294526762 -0.0279932681919041 0.248035044485908 -0.364019820015582
0.0652104087017733 0.024725164508014 0.62561838403487 0.0162088761920804
-0.0168091149953319 0.0536051338233284 0.448020125424666 0.776717985566675
-0.0772441575170533 0.00174490799353638 -0.43598377394525 0.831266732541214
-0.0358269427642975 -0.0323162689378951 -0.654630121672505 0.204847678281119
-0.0305300500304573 -0.03177517391926 -0.0048532262186381 0.091386611818987
-0.0450785286319347 0.0233626821293784 0.65571896783438 -0.253976385955649
-0.00253957529950824 0.0426388989244818 0.312575095718578 -0.909884492115135
0.0625115402737511 0.0167600382377294 -0.60352660479949 -0.69569742464298
0.0656155351651619 -0.0476925363433719 -0.695950366949113 0.160399523179338
-0.00999252405588558 -0.0502701214586936 -0.181420910706223 0.439442993133168
-0.0396426866814579 -0.0251124186482085 0.125370050556245 0.165074556714937
-0.0378599414964879 0.00600240161193299 0.139099184626111 -0.160000955886534
-0.0323537217200584 0.00404029223109478 -0.11136497753999 0.16165314164624
-0.00742510901939539 -0.029581985038768 -0.0929682721111762 -0.135205236263264
0.0314713800314298 -0.0264280879758223 0.257588242761776 -0.353401871297097
0.0605933604533635 0.0252106842222582 0.62221654234841 0.0390691620700649
-0.0212442845235911 0.0593954855739697 0.416208751781901 0.791698422781476
-0.0804618411942273 0.0109932721209962 -0.476281235390282 0.819317638385999
-0.045693922354652 -0.0234125727435949 -0.667520985743394 0.189562531089595
-0.0426575116099617 -0.0227910026570856 -0.00801390536072785 0.0865454097183203
-0.0507135835065543 0.0363886456116652 0.642279219047595 -0.267630335931639
0.000220312255675502 0.0551523131767609 0.280309927399484 -0.912946848743431
0.0621388741816321 0.0210361782719092 -0.625235418021063 -0.670914251617248
0.0601503488534789 -0.0488354701796278 -0.689870632965056 0.182428327840678
-0.0106805419696365 -0.0497833966725352 -0.16932538731972 0.448081240421474
-0.038084159478234 -0.0193716426526072 0.134185892509721 0.166215538226059
-0.0357394461651833 0.0122273959678744 0.144730977652938 -0.156577848879598
0.00703909992651932 0.0238712423290528 -0.133992862439972 0.139794642765784
0.00822148710805694 0.00622619111606784 -0.15959649836446 -0.111994037102559
0.0189053169647217 0.0120734862758443 0.133506247377113 -0.423424358988755
0.0276539238181203 0.0330925914982975 0.573470793858 -0.190989379448059
-0.0164948635168183 0.0322805111460244 0.650029194642683 0.574351149328177
-0.0439722210815973 -0.0119832098373789 -0.142255239120975 0.914494745363025
0.00283451645115741 -0.028246933431221 -0.592870404155748 0.374294616777492
0.00951809791785856 -0.0243289314336934 -0.0689122052820341 0.128090057387412
0.000476946619152107 0.0125690486961005 0.676279495639301 -0.096779088332305
0.0210840495433053 0.0112689368114845 0.581590898956625 -0.778575424989412
0.0405886139716342 0.00817850287249949 -0.375028468026569 -0.854806877182374
0.035397432111288 -0.0196778707313024 -0.735923940510097 -0.0427485456200353
-0.0127870524172052 -0.0156879004289855 -0.272401075640609 0.390259877716435
-0.0207751905991455 0.0167063610841927 0.0842905764555997 0.182809856870801
-0.0033567041298369 0.037555067521644 0.133549878875103 -0.178463390099484
-0.00160099473652195 0.0154197992874936 -0.135510891151462 0.140353359558918
0.00141503703425692 -0.00419032969602311 -0.157240064231263 -0.117312160115581
0.0190817061789649 0.0048868135185426 0.140802567447278 -0.422271884146827
0.0360683674229911 0.0295190097365402 0.579554211377666 -0.176255284608866
-0.0148733543515288 0.0302054478330541 0.641827360492676 0.593105267669011
-0.0483133720683294 -0.0176515458656516 -0.15850916297935 0.908329819189341
0.00304688090256652 -0.039098941160427 -0.591209026962619 0.359147459839754
0.0142005739763212 -0.033210249859092 -0.0550017030204183 0.126026301222108
0.00122838235310716 0.00382925522417598 0.684826445290342 -0.10901626763584
0.0174985670628304 0.00593979250799745 0.565519704429895 -0.791729131381634
0.04383886323139 0.00791466887280383 -0.391806873740874 -0.841896557838616
0.0442800594472011 -0.0214797975666889 -0.730719133215332 -0.0280200229425723
-0.0107339927206857 -0.0220264155419922 -0.26573045161429 0.393091487963507
-0.0243222321774088 0.00575863627516759 0.085217195668736 0.178270655509313
-0.00933241840417731 0.0285443503909082 0.13075047249893 -0.180979017217797
-0.0111380846594238 0.00751520017279527 -0.133075928000299 0.14170465243055
-0.00518889729682306 -0.0144878847563315 -0.149339848941287 -0.123402701419541
0.0203333740387119 -0.00390500196061097 0.158587973672428 -0.416406639088584
0.0449095383169431 0.0264280960342024 0.590788694191396 -0.14898017751702
-0.0116142071540547 0.0305794890803977 0.620277284536205 0.621769242700117
-0.0550139464259333 -0.019994322153083 -0.194193672756702 0.899438438328158
-0.000752424522549821 -0.0443635913500939 -0.596047811203803 0.337231633673976
0.0130074250705201 -0.0400709089319425 -0.0400639782029194 0.121381433309623
-0.00409599670364313 -0.00211548722576695 0.689117503466157 -0.135088800778887
0.0114499653397414 0.00545197523908476 0.529754207417008 -0.818753649338604
0.0485178181814706 0.00795328526950741 -0.427107955715705 -0.821431681908493
0.054457080386879 -0.0251465185397371 -0.726233703915076 0.00552513850656255
-0.00852788152412832 -0.0291016722705439 -0.252991202931722 0.399384120662974
-0.0280774404818814 -0.00568054257479496 0.0900053882774669 0.172697763986314
-0.0160496343621391 0.0191856651443558 0.128125318644628 -0.182468764639344
-0.0207220220576621 0.00148801855563292 -0.131000370657876 0.142686155454464
-0.00983840115573629 -0.024477233775258 -0.139344522953157 -0.130391444351387
0.0229834954338735 -0.0122325084625524 0.181696921963042 -0.408918914341795
0.0539709244510243 0.02345824670946 0.603842886433236 -0.110511266241223
-0.00983422281239637 0.0343591238953656 0.58736203221643 0.658588430021065
-0.0616148721350324 -0.0177564694500436 -0.246120171932486 0.885372481781502
-0.00733239766404765 -0.0469068092474386 -0.606075042220213 0.306015899572409
0.00666914335804188 -0.0423779151831208 -0.0254461522952464 0.114079258360655
-0.0128842782770792 -0.00306695223144766 0.686507155989901 -0.165228251222634
0.00452857621321093 0.00992367297264604 0.481101812824002 -0.84371218018804
0.0530644240140087 0.00967092065792854 -0.473970670937633 -0.7901828768953
0.0617662041731394 -0.0312099216675739 -0.719912523957758 0.0464573623881831
-0.00761220356509991 -0.0370107397894144 -0.236029399053849 0.409546257987613
-0.0323968721045403 -0.0160076991529468 0.0962999964783896 0.169704157800737
-0.0233164891083488 0.0115405574727685 0.128719874487831 -0.178896728825365
-0.027777733017521 -0.00306714932926479 -0.124382603197588 0.146051116887166
-0.0134840467920958 -0.0313058001113376 -0.125641004968942 -0.134607029450417
0.025451431726295 -0.0206415132162159 0.203380956011348 -0.395470279859882
0.0614606113004549 0.0228812339678621 0.613187146164258 -0.0693695168886722
-0.0104667852097132 0.0400192616530386 0.543479878913398 0.702364819333687
-0.0672235049968663 -0.0136977667115251 -0.307289626313799 0.869042201616284
-0.0142772766463634 -0.0452822683102661 -0.619712364030458 0.271201253196607
-0.00325679657269979 -0.0424160385345896 -0.0132489922050379 0.105753331978422
-0.023804279777352 0.0015034716265333 0.678871737762336 -0.203432807347201
-0.000230880272991965 0.0181841393338677 0.417239041235007 -0.874587288402885
0.0576460922518798 0.0114274684445326 -0.52847817379122 -0.753094109726658
0.0666465841319166 -0.0374759646074786 -0.710386306887005 0.0921597707370981
-0.00781108888327723 -0.0442780259509723 -0.214204395143159 0.421451336388445
-0.0364519108252197 -0.0221574451166115 0.106420153084853 0.165824312517033
-0.0288845559617764 0.00571330909832873 0.12893507709844 -0.174915730362135
-0.0323329360877204 -0.00373318072727379 -0.120020235381108 0.14943699335615
-0.0130265542235336 -0.0362808524719837 -0.113192174068276 -0.13692959365639
0.0288440742076925 -0.0255352765765251 0.227423095674636 -0.381985923944611
0.0652375964689993 0.0225776582307005 0.622031384904189 -0.0291022834738751
-0.0133094070183418 0.0477352535590808 0.500218540643516 0.738842572993883
-0.0736891380047551 -0.00554341079112337 -0.368266743633265 0.850325702071713
-0.0252498777755742 -0.0396107889403332 -0.63371314905933 0.239127659418592
-0.0160455174130891 -0.0382064381366201 -0.00519749979090645 0.0972011591340626
-0.0355111971577391 0.0107139258264768 0.665356432193801 -0.23575507140516
-0.00193994045721323 0.0306560301781253 0.352782056265976 -0.897313477572253
0.0611308903119544 0.0139190511379446 -0.575087909063113 -0.714083752896992
0.0679614819645694 -0.0449206310254957 -0.702035870603376 0.137291517384923
-0.00883232605548383 -0.0484844483237213 -0.193195417460108 0.432737164303903
-0.0393630653857164 -0.0251624417527598 0.116949393530427 0.162957527383824
-0.0352329205143091 0.00467923718817365 0.131957098026092 -0.166672824606861
-0.0334718071910097 -0.00232814466213147 -0.112904460217064 0.15520712383085
-0.0100216591681713 -0.0352182087646637 -0.101861275214755 -0.135909080793496
0.0310934014237465 -0.0279050044692128 0.241992429004358 -0.366482433920832
0.0656444184821917 0.0232128791538622 0.624382986801941 0.00724508694028396
-0.0159741750503008 0.0546058377506557 0.45948124893158 0.766735398291501
-0.0778818114131078 0.00284880439592291 -0.420165834628766 0.835765460935377
-0.0365171889053851 -0.0317927433892226 -0.64821918406606 0.214266985967742
-0.0305165579508415 -0.0311431284974475 -0.00329209975851115 0.0910056765950845
-0.0442264368655194 0.0234385200727702 0.649113336512824 -0.260719080029777
-0.00197894089803149 0.0429458202914132 0.29998294545966 -0.909680012711637
0.0622195139225289 0.0161904716082959 -0.611852640069469 -0.683023520387938
0.0647365885314281 -0.0489409277207265 -0.69205366363878 0.17057987618636
-0.0102348229227259 -0.0503733116845769 -0.175207769010556 0.442415365673991
-0.0397688783456442 -0.0237329042844025 0.127401385534826 0.162830284888856
-0.0370900550303498 0.00665657873979507 0.136670219470208 -0.160930237794989
-0.0315763421550904 0.00471853051148267 -0.10808266313107 0.162530816680707
-0.00744495750674009 -0.0293919463871988 -0.0945475597058011 -0.132627200250149
0.0306606086292297 -0.0269161691865343 0.251076585379258 -0.357099767619516
0.0609913969287569 0.0242092652330888 0.622175743906793 0.029560278308627
-0.0205647357175166 0.0608991621772296 0.427594321595006 0.782918585829217
-0.080532205356954 0.0123722926305991 -0.461004932747297 0.821262961705294
-0.0453554939713928 -0.0225660762593652 -0.662723575454727 0.198296060788255
-0.0424240986617355 -0.0226339888898095 -0.00614241511851639 0.0870561604602401
-0.0496660984148793 0.0371636186826098 0.636332788037691 -0.275970498960518
0.000621078576571565 0.0539050040095522 0.264276283881518 -0.914232455743565
0.0621216483608193 0.0190477534806588 -0.632737279608338 -0.658937574026454
0.059103729959795 -0.0505923394956187 -0.685895936639999 0.192003732467883
-0.0105655460237459 -0.0490765397361456 -0.161965743334902 0.449137398032623
-0.0386025900341046 -0.0187643136527461 0.136162183821681 0.164057841661628
-0.035331034763479 0.0127591657734375 0.142479613093524 -0.158230786208363
0.00800790229977906 0.0237089308264372 -0.133038587244335 0.141361466533695
0.00805157986819696 0.0056690560212091 -0.159608197786345 -0.109802556630063
0.0190563490286925 0.0115783083696931 0.127549948325116 -0.424568084210438
0.0284111652753895 0.0319260038440278 0.568497348054711 -0.197067603052443
-0.0168662438151481 0.0333286366091513 0.65439081919648 0.562801414015855
-0.0434059880987546 -0.0109511491094384 -0.130687640989051 0.910909138461555
0.00199850809609652 -0.0286544336600617 -0.585123629744658 0.37892789533763
0.00954282421853566 -0.0245524822124392 -0.0664840625178381 0.127723276965914
0.000825248257704931 0.0124850059389119 0.670995612352671 -0.103762495914824
0.0213887067384849 0.0113800883744962 0.569182023995373 -0.781073883303185
0.040480008312258 0.00765562857024038 -0.385030289083782 -0.847585967905954
0.0350870082697827 -0.0196399298467367 -0.733410822637355 -0.0316557210822836
-0.0131140590972263 -0.0157369617767667 -0.265910209143154 0.392613450858517
-0.0200029329695055 0.0174030041503597 0.0867365330119897 0.181763043116734
-0.00355150761016637 0.0380013419805567 0.13115457526735 -0.178851900079953
-0.000634438399062635 0.0154200239784891 -0.13374071968504 0.14165299331641
0.00145963480312047 -0.00441852283518802 -0.15766373329564 -0.114955384624045
0.0191804958654419 0.00521864243021854 0.136473788461816 -0.422700567955808
0.0360387459247807 0.0287877615380664 0.574735832035165 -0.181534912244284
-0.0135760718098189 0.0310850074334676 0.645850136159323 0.578453320244266
-0.048892128991474 -0.0171465785356753 -0.146251347602416 0.905075312386021
0.00235067967151611 -0.0386743358789469 -0.583249395803972 0.364628194697772
0.0142190778415749 -0.0327884545282317 -0.0527243495657606 0.12626377418093
0.00071712954101438 0.00335072026408513 0.678400098049929 -0.117104467484494
0.0171370985956291 0.00573702852197436 0.554167687530369 -0.793736279430675
0.0436013781303982 0.00658736083608247 -0.399927384395027 -0.835236475600231
0.0437822918658871 -0.0219047020857279 -0.728228252024642 -0.0172503281237003
-0.0104038451241976 -0.021833450626331 -0.259772063195674 0.393845175462947
-0.0236076468619409 0.00604572658871464 0.0870532496425755 0.176467790196256
-0.00882748010123907 0.0290440182756904 0.128852927005969 -0.181583729224764
-0.0100515885787654 0.0079363834338106 -0.131556451599631 0.142911322716794
-0.00574236634321859 -0.0142657305590469 -0.150324960224896 -0.120728323352394
0.0198736072714484 -0.00441724930670576 0.152376069112865 -0.416840636092932
0.0449938872270076 0.0253133784663955 0.58749745073285 -0.156502253787771
-0.011325980212023 0.0313188523472096 0.624974130071709 0.608516074611516
-0.0544895534445563 -0.0191915538998218 -0.181473300331974 0.897640364086724
-0.000875435218101264 -0.0443416764485049 -0.587286654174702 0.341839215440213
0.0124209354061242 -0.0394519760869406 -0.0380049089171227 0.120450407951638
-0.00378167658355589 -0.00222251096780174 0.681786658756123 -0.141171752147261
0.0114177754914917 0.00492995241223561 0.518247335658458 -0.81903268250774
0.0484886371465861 0.00657797384673046 -0.435168950511891 -0.810730481165163
0.0535295907806835 -0.0263525297677697 -0.723496893461385 0.014870736255459
-0.00880958536986253 -0.0290978031314157 -0.246811049584817 0.400543133541711
-0.0280448117613459 -0.00480582083533864 0.0919198497930822 0.171262940283725
-0.0150124363975453 0.0196112381634612 0.12534119118919 -0.182166609074724
-0.019064074265334 0.00153927682001735 -0.12887645958627 0.143146003172093
-0.00979498504198004 -0.0241823095615609 -0.140624503362915 -0.12767311729412
0.0222582202210452 -0.0134182239070296 0.174278641665374 -0.409587891632795
0.0540571293070427 0.0229522852619859 0.599765156445539 -0.120822312737263
-0.00926701868939076 0.0345722948203879 0.590651205616894 0.647291375446651
-0.0605238642486582 -0.0167787868468855 -0.235256239686681 0.883982193168097
-0.00767589557948102 -0.0468320848829639 -0.599643436015111 0.309525075771313
0.0058275968120566 -0.0422044248999037 -0.0238155661182979 0.113717413468308
-0.0131046428715098 -0.0029536364162354 0.67946622240543 -0.172544427244602
0.00505822555899325 0.00973508964636077 0.467319025343689 -0.845521012831593
0.0534279585359261 0.00897727525162175 -0.481011056349039 -0.779035155842936
0.0610438293557279 -0.0324474600761569 -0.715901454148057 0.0558080430452608
-0.00750157568473081 -0.0376172345421119 -0.22982040627064 0.411376096067191
-0.0324424264597057 -0.0147558164543519 0.0978673574552764 0.167306222039361
-0.0230105386570113 0.0125525963742874 0.12663514016496 -0.178289816031185
-0.0264104986990385 -0.0022824226525099 -0.122156944971087 0.146994979038879
-0.0130607119731961 -0.031506473968142 -0.126882887183504 -0.132616418828225
0.025510284296792 -0.0206768341464698 0.198215480492326 -0.395993612423903
0.060210410667747 0.0214937224058047 0.611906025805521 -0.0763151802605742
-0.00967508517432763 0.0401100749355679 0.55069259188437 0.690824684696868
-0.067359849100764 -0.0125338951418238 -0.295950253453842 0.867550083608859
-0.0152710393887158 -0.0450304237130253 -0.613719414972301 0.277752238676386
-0.00371529009853299 -0.041873445153125 -0.0112855814903224 0.105120204013015
-0.0237618787311734 0.00107988263350981 0.671641469662716 -0.211721303736011
0.000261726627103623 0.0179369097835001 0.403474524171119 -0.874688997967874
0.0580772189575714 0.0105443321786621 -0.533504254627163 -0.743159350947866
0.0653453693653162 -0.0386928166042233 -0.707608987005633 0.101446467178397
-0.00793609863439044 -0.0438289158284144 -0.206774044984628 0.421708847441639
-0.0362533855912669 -0.0214557675268938 0.108115418604662 0.163988733067296
-0.0287305842885931 0.00704272433295079 0.126394118204676 -0.174599091922461
-0.031292377626794 -0.00353263686789505 -0.117079649252297 0.149851252381681
-0.0130468149678316 -0.0353694157715536 -0.113968046078954 -0.135301639425778
0.0278351996839624 -0.0263145083276005 0.220737141845279 -0.382913193965389
0.0657454869462577 0.0213831378163801 0.619865782266523 -0.0362683305186504
-0.0120678199968781 0.0486091989424584 0.507528659572038 0.726843997703091
-0.0736886851545052 -0.00459269623694566 -0.355335736241042 0.850605165686136
-0.0256632527861783 -0.039647770109538 -0.628006276445768 0.245489580818286
-0.0163723405719904 -0.0379131197943209 -0.00437994564221009 0.0976494362599982
-0.0348477662060002 0.0110013271786993 0.657338318318726 -0.244397230611588
-0.00224318920478473 0.0296339724713454 0.341012844881026 -0.896019329338291
0.0605185030400255 0.0130315474030828 -0.580970303526483 -0.704515889207435
0.065918205086299 -0.0455671612665304 -0.696433197478304 0.146696499620305
-0.00962992288842981 -0.0482165546235578 -0.185943258763043 0.435970594773042
-0.0392921948710843 -0.0237275612261132 0.119550055970678 0.162294564353635
-0.0343303840450288 0.0055052906657644 0.129960678850849 -0.167263152621111
-0.0328564865802084 -0.000668954901101223 -0.110267423159262 0.155618000680174
-0.0110831606081746 -0.0346019459868648 -0.102361934082866 -0.134229594305365
0.0298176914925082 -0.0282862207424925 0.236944723446831 -0.37123396151976
0.0657554112302821 0.0225465995582109 0.62217729472988 -0.00146050549211698
-0.0160407685852087 0.0554447992213847 0.467971682270348 0.756125284832671
-0.0780624819970059 0.00389515809679011 -0.408651837763668 0.835107625587074
-0.0361818497523151 -0.0309727663819588 -0.643307338625471 0.219672500470283
-0.0305876524603832 -0.0300377005590992 -0.00113584927673944 0.0903999909531178
-0.0438953569681955 0.0235347414982147 0.641428975525204 -0.268415845293798
-0.00153670179492642 0.0421192652156043 0.286698233054485 -0.90900182410132
0.0626246997010023 0.0157791412827546 -0.616558831786665 -0.671511156866094
0.0627588641337693 -0.0497243229724147 -0.68682061727188 0.181108395345932
-0.0107443109798442 -0.049903639505974 -0.16820447222698 0.442927836827726
-0.0398050664905734 -0.0230374079541056 0.128395856915372 0.160692854238475
-0.0363792775902062 0.00816958818530747 0.134813413867529 -0.161921925111103
-0.0304157789407888 0.00473601531528769 -0.105970954593163 0.162599486692665
-0.00830563632637974 -0.0289097631569882 -0.0950184709145745 -0.13158306757315
0.0303183718693945 -0.0267862971090732 0.24662673156516 -0.359627822532028
0.0608781730313713 0.0229701340954219 0.620155275118813 0.021399299070659
-0.019240652129722 0.0609013214029445 0.435178186603474 0.771779931270976
-0.0784203409576521 0.0139037411373161 -0.449862769042107 0.821364976648976
-0.0454660960366515 -0.0222343024058681 -0.655675496763179 0.205875518012254
-0.0430675436454744 -0.0215154403272471 -0.00536317125520888 0.0861281642320485
-0.0486837254743709 0.0365490255157103 0.629197249511548 -0.283128137696974
0.000759854509978307 0.0535693111937361 0.253714636736426 -0.913117231447356
0.0619938665530356 0.0179914205934269 -0.639822586959367 -0.647980824119109
0.0577973152743597 -0.0509768046831466 -0.679365792268732 0.201481713752149
-0.0117328630118135 -0.0490090573430779 -0.155403102152247 0.44933513522208
-0.0379631285666529 -0.0169624410949286 0.138717419543163 0.162064665639984
-0.0355745641200516 0.013838117008861 0.140048400410072 -0.158116846373942
0.00906477681265396 0.0222047821530861 -0.130587197996601 0.142304011495842
0.00857434729539507 0.00606145249803542 -0.15971934025685 -0.106630284922614
0.0186266415734721 0.0113033324347143 0.121778555206131 -0.425049117704471
0.0288620617023964 0.0310113223958418 0.563587658107451 -0.203144867700097
-0.0160719637380485 0.0332932756132897 0.656743698814338 0.549893278895666
-0.0435728367688374 -0.0100042246540812 -0.117899933429269 0.905474492793683
0.00169291012387112 -0.0279892141944812 -0.57613395091088 0.383846313600228
0.00814339142756827 -0.0240893243965148 -0.0646639645552134 0.127536806559072
0.00155274903281597 0.0119899196166212 0.664649471834116 -0.110819643683133
0.0217468583037429 0.0104120351811172 0.554953470703261 -0.784782316585302
0.0400903397900218 0.00696723047153394 -0.390867975590316 -0.836068261073694
0.0336679604627678 -0.02077296730485 -0.729343796055047 -0.0228449168642217
-0.0138239697847105 -0.0155368981138552 -0.259377010532379 0.394474973341085
-0.0197267462925843 0.0180706757643515 0.0881491217946773 0.180851378413468
-0.00193567270123108 0.0376031452358898 0.128215768913017 -0.178515254650393
0.00120990455328891 0.0149392180529282 -0.132308011015908 0.141045818780503
0.000643461127044685 -0.0043143883753511 -0.158004610043024 -0.111895471823613
0.0195622119774162 0.0046904301709584 0.130277796369569 -0.422289659187321
0.0369269900717579 0.0279489323386549 0.569528214845012 -0.190135498232972
-0.0135541749026197 0.0321351201814483 0.649527350394253 0.564743848424413
-0.0494541363407069 -0.0157745275583285 -0.135070136463303 0.901208189517393
0.0027886609526719 -0.0382848636535758 -0.575436282642035 0.368413110222005
0.0130957801233721 -0.033324288489413 -0.0510224801764679 0.124905105595489
0.00187577654554957 0.00287065446450729 0.671877431367056 -0.123475618966143
0.0173656854279435 0.00423085310723401 0.541599661987423 -0.795343560268692
0.0439717012131279 0.00613918680010409 -0.40668197345902 -0.823813954920455
0.0429781245066615 -0.022203566640391 -0.724211790327359 -0.00729337253399264
-0.0110890395461482 -0.0218016767947001 -0.252481196626351 0.395575361222625
-0.0232573720692722 0.0062768595688837 0.0881181026903672 0.176093385531008
-0.00787108518342098 0.0285383527895988 0.125946562727847 -0.181230435975097
-0.00849195034530217 0.00779367280620765 -0.129761916689282 0.142836206694151
-0.00571580983940949 -0.0139906691106257 -0.15070636250914 -0.118581970643603
0.0204087914182984 -0.00416132010346235 0.147621891519297 -0.418115773310078
0.044939864117754 0.024647029357398 0.58263573113791 -0.16294807640426
-0.011842743362797 0.0315736946591258 0.629368989317992 0.59558327343046
-0.0542651877096076 -0.0179767621679872 -0.170831036454655 0.892809651472719
-0.0011447541078557 -0.04472758501987 -0.581239442644852 0.346435362468593
0.0116470849005635 -0.0395202821197891 -0.0355948654737162 0.120780311243103
-0.00341130410588244 -0.00255700484661175 0.67468373443418 -0.148032420353037
0.0112692486092386 0.0042726598247203 0.50543689650039 -0.82016350043114
0.0486006652443038 0.00658703679319237 -0.441972946314577 -0.799968299745059
0.052690794589779 -0.0265493330944476 -0.718115801989517 0.0232873674458043
-0.00936686905436036 -0.0291945119925179 -0.239718545407433 0.401973953990513
-0.0278049262421018 -0.0044742408119716 0.0936239229775539 0.169726493395585
-0.0142638861443889 0.0206365326202195 0.122652259328661 -0.182062336337705
-0.0183408574587594 0.00194622256507094 -0.127505427497502 0.144165739556483
-0.0108174869081739 -0.02416882719814 -0.140199619647554 -0.12421556719291
0.0212016793361879 -0.013015248904916 0.16928548093389 -0.410151890687609
0.0546488618729885 0.0216746090296423 0.594567697503111 -0.125819951482601
-0.00985795919786644 0.0357639073476387 0.597160212393854 0.633329283870351
-0.0608085822895185 -0.0157347625487566 -0.223151109758192 0.879034831396231
-0.00760600856179016 -0.045822906540756 -0.59100599782094 0.314702014824379
0.00518723927889477 -0.0422542922594989 -0.0223783048044376 0.113253381261303
-0.012386108741022 -0.0033316283705199 0.672441907058386 -0.177755210942656
0.00503963556616137 0.00956888559188492 0.45460637904601 -0.845973754304228
0.0527966942111961 0.0081843392021226 -0.485780513415108 -0.768910416102982
0.0598913240759761 -0.0327144364999253 -0.709929273208747 0.0648324968734635
-0.00800887694441949 -0.0370091792364022 -0.222846188494908 0.41133853521696
-0.0319080152907712 -0.013315969610654 0.0991032967857403 0.165880741793027
-0.0218167610943211 0.0131220424014298 0.124021217490733 -0.178418833181386
-0.0250848759517002 -0.00167098647020547 -0.120344243183073 0.14724100290299
-0.0136606813684275 -0.0316579728955501 -0.126338851812229 -0.128810455638045
0.0248155026949047 -0.0212688871194596 0.192175363159387 -0.397333350137703
0.0610676856770988 0.0204239224340667 0.607361632229145 -0.0855117587166039
-0.00949544663040768 0.0406957233337565 0.556333234527524 0.676815863998375
-0.0667239849807339 -0.0117505115638561 -0.284236467203937 0.865482099910643
-0.0159251190848846 -0.0446414087333775 -0.606303831886928 0.28187592467442
-0.00372928744610914 -0.0414650933706229 -0.00983417161573418 0.10498937946839
-0.0232417648692123 0.00126101194459294 0.663349826009189 -0.21621317450317
-0.000223776043730063 0.0172123984705112 0.392627989145173 -0.874293958367443
0.057504370073425 0.00962734056611242 -0.539109864071707 -0.731815565439374
0.0645370154454467 -0.039050926951978 -0.700647083102279 0.109375197808272
-0.00833624855078569 -0.0446703929286957 -0.202042481085205 0.422905903157983
-0.035870487017164 -0.020163420028988 0.109858112451467 0.162032369490041
-0.0282091664839625 0.00824746856493232 0.124272714540842 -0.174634259337634
-0.0304420511993862 -0.00340928654682913 -0.114622426994082 0.15000482878287
-0.0132049800702452 -0.0350570046483553 -0.113970232941938 -0.132682500515574
0.0274884305393403 -0.0264804910032979 0.215904035421792 -0.385257051499961
0.0654630597622472 0.0200566352993188 0.615990074165521 -0.0438899978730556
-0.0115352499495546 0.0487838133355685 0.512471088899502 0.716923432949147
-0.0727308542970253 -0.00367459686535527 -0.34251696456336 0.848972719260107
-0.025487661656325 -0.0394283551945244 -0.620833722386295 0.250788713480244
-0.0172498518013075 -0.0371158051546568 -0.00236107470871175 0.0960589764579713
-0.0333849604914737 0.0105685955410544 0.650745099072954 -0.249263176191698
-0.00180503738477081 0.0297540882541602 0.327110955839847 -0.893684534089183
0.0604965715586192 0.011752674925621 -0.586291806673176 -0.692848518746748
0.0649650553510596 -0.0466063449919305 -0.691176858192467 0.154156775690904
-0.00966893280589194 -0.0479271582105193 -0.179696948838066 0.435945793414688
-0.0393006097403187 -0.0227369222169234 0.120558627466058 0.16014943211807
-0.0343649916959944 0.00633899607827835 0.127311981181585 -0.166631911867168
-0.0315825699671487 -0.0005786183906922 -0.107521085152673 0.155844067723441
-0.0113297912437414 -0.0341587092807782 -0.102907216643146 -0.132304744175949
0.0290509341113866 -0.0286383362589122 0.230387668707743 -0.372144889456678
0.0660012229039234 0.0205980218025581 0.620252470934884 -0.0096098641339116
-0.0151844076121479 0.0564857375326939 0.476082101698113 0.74438065702705
-0.0770568569384262 0.00576586170693429 -0.397520957294284 0.834551245950984
-0.0362143245322913 -0.0312170858302625 -0.634938965849373 0.22632031961713
-0.0308421463668241 -0.0298835443328112 0.000113106273502705 0.0899803680275412
-0.0422149079872142 0.0236028773800884 0.634731749650705 -0.272696891333232
-0.00166227751114528 0.0417003224888912 0.276202309256554 -0.905429580627259
0.0623233446796637 0.0141001118509242 -0.621364653214725 -0.660165032421584
0.0622295157852124 -0.0505657680272218 -0.681555270286693 0.188874497724835
-0.0114823393602953 -0.050494077782896 -0.161630840734333 0.444696429399011
-0.0400645095582816 -0.0211991689366915 0.13067353238276 0.159378319704293
-0.0353847283485977 0.00848700117551731 0.131708575638389 -0.162167498799889
-0.0283302934574551 0.00490905533444565 -0.103530258944509 0.162495493379082
-0.00836787479033315 -0.0289145803459769 -0.0950582450396078 -0.129362498297029
0.0295222639871567 -0.0271266664346822 0.239915395823574 -0.361725185596789
0.0611342424073449 0.0222837583682217 0.618371460362967 0.0144865193790562
-0.0189461626928471 0.0614926403356349 0.442802621841708 0.760799891667813
-0.0785729517066922 0.0147874077821198 -0.436434665465007 0.82030662934531
-0.0449678956052875 -0.0210351665283933 -0.650403379293251 0.211290075367867
-0.0434339001392174 -0.0212119575247568 -0.00363998638916055 0.0849701556785725
-0.0474792657045527 0.0369412735543503 0.620296649215045 -0.287669906989763
0.00215771420070684 0.0531443795942529 0.242353356744723 -0.908845504282406
0.0622421577276743 0.0170242260204843 -0.642107279396605 -0.634832632413411
0.0565862048478386 -0.0508983744054971 -0.673352982748597 0.210102446696426
-0.0118644977157651 -0.0492819929548616 -0.148837693708579 0.450055346038325
-0.0377020994503797 -0.0158236515209167 0.139965388275621 0.159757108470022
-0.0337193220000178 0.0146929362130451 0.138692437605117 -0.15852376420516
0.0104021392443553 0.0220685746697906 -0.128514461935809 0.142018498618799
0.0085781536297673 0.00551263500346902 -0.159272290858085 -0.104597202305739
0.018308876853591 0.011258417331368 0.117934962665324 -0.42309483714878
0.0287819709846377 0.0304160290865186 0.558384366653686 -0.207753182537631
-0.016299124926101 0.0344401792684911 0.65936522177953 0.538089699570483
-0.04356906650987 -0.00973055783140482 -0.111031558566805 0.900756329931652
0.00176280401845914 -0.0284402443018592 -0.566944541797301 0.38546050475753
0.0082934868681927 -0.0241758284010346 -0.062919434514932 0.126950939256926
0.00196926681994454 0.0119360490699525 0.657125301403315 -0.11477958015778
0.0212430975705932 0.0096692964319075 0.545622564875945 -0.783025565471368
0.0399237321860869 0.00655660431557281 -0.398423451640667 -0.827706463615377
0.0327117900413969 -0.020732846239535 -0.724404269131248 -0.0149953939594768
-0.0130477954049725 -0.0153884294828413 -0.253986755277908 0.394757715183591
-0.019115783663378 0.0186373039241187 0.0898736166086635 0.17852218536643
-0.000625468095632595 0.0377600511592508 0.125270093738709 -0.178109606721278
0.00156944886409274 0.0145326646763271 -0.130271809013786 0.142744682169298
0.000847911997456266 -0.00419211850322132 -0.157344087330992 -0.108433618352707
0.0191121476118922 0.00393322255271611 0.125201093533698 -0.422625414887265
0.0364985871226888 0.0271947505807453 0.565671691855562 -0.1953260307935
-0.0132827990150035 0.0321922933017388 0.651368810612905 0.553459918264288
-0.0485467672181493 -0.0150869552409136 -0.125158181719954 0.89485434375844
0.00118903706743816 -0.038264236752077 -0.566724586519665 0.373096910850926
0.0127105174368385 -0.0328407098306202 -0.0483104784934145 0.12540097457163
0.00233100500301636 0.00247935654387673 0.664802938636612 -0.128415657429376
0.0171008631967536 0.00427745653903715 0.53018852937858 -0.792556801099841
0.0432997211517714 0.00518596398412931 -0.412687231263418 -0.814494180700415
0.0422257797696804 -0.0234583053520419 -0.720847663084737 0.00124177520412779
-0.0114101963618991 -0.0222370238321769 -0.246464577436022 0.397719464405551
-0.0234793514903248 0.00801600783766217 0.0907376304140477 0.173923341227348
-0.00735845510418259 0.0285621113165003 0.123848740088285 -0.180161900030256
-0.00756905825890197 0.00757171318210468 -0.126774890192666 0.1430478559994
-0.00598797067539821 -0.0146137744242519 -0.149489237203905 -0.115507995775387
0.0194336221438707 -0.00484782596378183 0.141611787080698 -0.417340792152365
0.0444009008736895 0.023473899117224 0.576694827642373 -0.168565266590765
-0.0106862631238378 0.0326374984516883 0.631824292777403 0.582405958386412
-0.0539996520800861 -0.0171712665470201 -0.161650204398413 0.887849160721468
-0.00100913520357044 -0.0445053299609497 -0.573495174532719 0.349765231558758
0.0114417295885658 -0.0389687459311643 -0.0338013415118711 0.120408408774049
-0.00311662154881719 -0.00286221953713168 0.668094585280488 -0.153197192991936
0.0111766688476692 0.00369946088128349 0.494892500362621 -0.819053244837703
0.048246077320121 0.00598717192276949 -0.446806699643143 -0.792230992489042
0.0519369229233451 -0.0271208536025031 -0.714285861536803 0.030166642513871
-0.00941247725669257 -0.0296769239807371 -0.234361304336043 0.402331883719313
-0.0271555983986133 -0.00330529679276833 0.0949813076167187 0.168383492596611
-0.0135858844785539 0.0199528589765684 0.120611820340718 -0.181410707775143
-0.0167556735193362 0.0014978380155393 -0.125513804440491 0.144554689716516
-0.0115568713594923 -0.0240944502343615 -0.13992401586611 -0.121847697253574
0.0211506961890583 -0.0131892391911165 0.163927110578746 -0.410358850697177
0.0539988780483193 0.0202804146838316 0.590622717321656 -0.132653285343866
-0.00922357382938617 0.0360466511657095 0.600876529977859 0.621617360075863
-0.0598664878693135 -0.0148502973203647 -0.214012861900776 0.87437423652819
-0.00848530311395581 -0.0457770665397638 -0.584406892518935 0.318868512155327
0.00500786632231846 -0.0416992383491143 -0.0199850661515379 0.112276392162985
-0.0132276564531266 -0.00395758924036888 0.665259384683104 -0.183801413117642
0.00484207667253148 0.00896920430217495 0.443372290247419 -0.844939593161737
0.0527797864693326 0.00812059673326877 -0.491181527061859 -0.759366337427898
0.0590638550922011 -0.0335919483016092 -0.708030765475776 0.0741994406038168
-0.0084948923165956 -0.0374081268075936 -0.217010600549509 0.413806181343111
-0.031771274467924 -0.0125374791353986 0.101313195682821 0.164243528197885
-0.0209362089023343 0.0129839601923729 0.121185092153348 -0.177478272004295
-0.0244696454922644 -0.00170134767122883 -0.118724313970137 0.147471066549435
-0.0131530914856572 -0.0311683558751366 -0.127345423467857 -0.127349106024277
0.0239385478349587 -0.0208145472918293 0.187603770573208 -0.398375374512452
0.0614251101990322 0.0194869818584994 0.603174813041239 -0.0912376346225175
-0.0100033795886062 0.0416815650972736 0.560903509094812 0.665796623212884
-0.0661012931315896 -0.00989795963745642 -0.273258089934737 0.86274207582532
-0.015492001961015 -0.0444085450083433 -0.599097369957911 0.286119947373445
-0.00439546220032633 -0.0410800943698292 -0.00868522415304905 0.103929595672882
-0.0225955866783661 0.001481785382983 0.657141844486896 -0.221244186834151
9.42695188572013E-05 0.0171388110840213 0.380866899964801 -0.87090450555726
0.0566440927823279 0.00874683392990165 -0.54202365218356 -0.720411614106474
0.0630025399641975 -0.0404356698955606 -0.695579450290939 0.116672151229255
-0.00920906179068565 -0.0433083784249763 -0.194866987695715 0.424352574646739
-0.0362376636372814 -0.018948788084086 0.110608795816637 0.161698664482027
-0.0278539563891106 0.00825748251196058 0.121908841655598 -0.174290188438563
-0.0293296936793011 -0.00296265009988245 -0.112141286073609 0.149869900798182
-0.0139673487890143 -0.034358929230183 -0.114995542231424 -0.131267251414598
0.0269047243683899 -0.0264666220158515 0.21126879587914 -0.386412724046541
0.0644793338513917 0.0191393037804237 0.613342520611626 -0.0495092006363406
-0.0112980893162127 0.0491539319749149 0.518455381670678 0.70357821626467
-0.0720157630994326 -0.00240479086215999 -0.332965838454166 0.846158973001024
-0.0257591158642213 -0.0384170008794257 -0.612843311039261 0.25524445256115
-0.0177529762467738 -0.0368629784683694 -0.00159300355073202 0.0950098333386087
-0.0329341241799827 0.0110950642382054 0.642399357715662 -0.253840805363886
-0.001866605374993 0.0289936315874235 0.315298615511407 -0.889661169156066
0.0600276700859586 0.0113999187779784 -0.589225312987218 -0.681241152443193
0.0642960489517709 -0.0470085381948112 -0.684801358296355 0.161353133115415
-0.00967743991033634 -0.0481462665092322 -0.175070790077844 0.434836124419748
-0.0387962158855045 -0.0213880287333096 0.121646640691268 0.158573234405641
-0.0333583360640131 0.00749915762778856 0.125905640297864 -0.165736424197553
-0.0303247308154966 -0.0005129570015739 -0.10632927352852 0.155526496436896
-0.012253653126671 -0.0342376347101345 -0.103059634026311 -0.130675510176083
0.0284655872080835 -0.0277709433827032 0.226725531558831 -0.373224281424301
0.0652152785968167 0.0203679063010504 0.617034470898955 -0.015210766040704
-0.014301148499532 0.0564196913683516 0.481252103314956 0.731934094778371
-0.0757216767568041 0.0070258170956977 -0.386224251605274 0.831897121940159
-0.0363822313754403 -0.0303103819157591 -0.629817676105909 0.229203424682613
-0.0310804346282991 -0.0296620442415018 0.00085326480240956 0.0894616836281735
-0.0415471535715037 0.0239877856055504 0.627224952409089 -0.276671070035013
-0.0010254751118785 0.0415288972198659 0.264969725727722 -0.903162197203619
0.0620160005539781 0.0134117161497151 -0.625193681223373 -0.647607565494887
0.0606487645159272 -0.0511195052386896 -0.674985883105139 0.195341286259264
-0.0121220319062741 -0.0487466689435129 -0.154735290591649 0.443339093233773
-0.0391003207411826 -0.0204771061720022 0.130969879141807 0.156581013362763
-0.0349752179246346 0.00940736024011817 0.130158161392845 -0.161680046245087
-0.0276995282329703 0.00453113606786065 -0.101619023443456 0.162498651086858
-0.00910966455347796 -0.0287979533800659 -0.0954669888823994 -0.127704663282961
0.0287431264942606 -0.0272901702914339 0.235992724235477 -0.364471771738227
0.0609289954724081 0.020538485307252 0.615551745856787 0.00623589043171462
-0.0183289245529395 0.0616964745693661 0.448201186211145 0.749627011643408
-0.0772212975923122 0.0162237141523135 -0.427499462371799 0.818600791504833
-0.0448043412902799 -0.0205498618464416 -0.643395045082545 0.215104530561115
-0.0428856352940056 -0.020210416239312 -0.00260051910741062 0.0842207653631042
-0.0467285088109762 0.036991636959106 0.614088523208579 -0.289068573374626
0.00177654324154755 0.0521312529222731 0.229841658242108 -0.904775124651588
0.0618205153070193 0.016529758307099 -0.644417819039039 -0.625237557198296
0.055386406862458 -0.0519308875241669 -0.669032459654353 0.216852510131161
-0.0123478733893286 -0.0487156082356062 -0.142665427533218 0.449680122282972
-0.0378019357338355 -0.0155433641975193 0.140346160935297 0.157349640090286
-0.0331099850135271 0.0147657677356017 0.13606400319396 -0.158716361147916
0.0114530526453739 0.0210508976143714 -0.127131131579705 0.142263321900047
0.00799990064727331 0.00547539662637213 -0.157984495748307 -0.100924280326132
0.0185078601776941 0.0114755300148007 0.113356112150318 -0.423037395449293
0.0282044569576121 0.0303993358471888 0.554478898515763 -0.212837415121461
-0.0156807814897619 0.0347728682707225 0.660236283775246 0.527080766615288
-0.0432818194711003 -0.00872302283462877 -0.10141112270381 0.894006213855192
0.00186385393814979 -0.0277116387022144 -0.560353202347097 0.387717621411897
0.00801355730455799 -0.0242276175728834 -0.0612496312970648 0.126446345121944
0.0020501167056645 0.0120132257678856 0.650432127744989 -0.119816581246898
0.0210065231865965 0.00922671441465085 0.535154977638153 -0.782930090851082
0.0395762968325496 0.00642476225224628 -0.401373589880221 -0.817297567314366
0.032212745416777 -0.0216214746514554 -0.72229417145447 -0.00646995988962843
-0.013101671581171 -0.0157546238532991 -0.24795873710965 0.395825321231356
-0.0183069569968726 0.0189743415817882 0.0913706438369213 0.176997752283168
-0.000172951162984865 0.0376208371498796 0.123524180990722 -0.177403256350908
0.00273863968064258 0.014462164536476 -0.128068113108279 0.142291200751014
0.000759433866675206 -0.00434200163185562 -0.156287427818401 -0.106446929531392
0.0182783103722261 0.00429835682714957 0.120713363363698 -0.420812116437573
0.0367865413442232 0.026438111771781 0.560946957902752 -0.19981642297628
-0.0130434309456308 0.0329194859521896 0.652700664690491 0.542363654442879
-0.0485413209942554 -0.0144102825947117 -0.11771718740038 0.890612999627929
0.00205520016604561 -0.0380291162675946 -0.560324072506237 0.373464034253282
0.0123327271119475 -0.0325995678348877 -0.047347614349631 0.123859930872683
0.00274405413262803 0.00234269764527529 0.658944705345374 -0.132179728738712
0.0169807809561956 0.0040271498562509 0.521175830399789 -0.793330966419165
0.0434454717261212 0.00530786133650312 -0.415136290327471 -0.804572536028225
0.041525661989198 -0.0232119545891397 -0.71479810054342 0.00800004418020456
-0.0115120075519082 -0.0214145692949794 -0.241556727454147 0.395937769594141
-0.022314291844205 0.00773006730672039 0.0914615140491556 0.172748149592195
-0.00638803412516344 0.0294256872292608 0.121472009781829 -0.180106580410938
-0.00619538894464367 0.00730792164689676 -0.125537427334476 0.143103835845202
-0.00599675323506072 -0.0141520553723606 -0.149671342038826 -0.112872983707816
0.0196055689629637 -0.00452016449554925 0.13694545823571 -0.418087896235145
0.0448692815586074 0.0225066715385145 0.572733431554331 -0.172837816390055
-0.0104287281039806 0.0334020878460977 0.631672938427233 0.571856336662844
-0.0538839235815227 -0.0164104252868015 -0.151542263099423 0.882799515736714
-0.00129608833821038 -0.0442158021176625 -0.565117012492313 0.351242867464285
0.010649567661941 -0.0389518703178914 -0.0319847114831918 0.119291533620573
-0.00263825139457189 -0.00265763042961541 0.661221738329214 -0.157393553229523
0.010817389898174 0.00311610853942271 0.484254269952913 -0.815852833212265
0.0478512141073696 0.00544011249933683 -0.449710987613705 -0.782618217945718
0.050691888642216 -0.0273593871331165 -0.70855325691313 0.038251759011223
-0.00965947432870141 -0.0290820909165905 -0.22977770392124 0.40299863982667
-0.0270694839326259 -0.00266154161820392 0.095917105393024 0.167396008912455
-0.0134558556131776 0.0203786781737367 0.118189834324836 -0.180722745262069
-0.0155159723820841 0.00166929559523726 -0.123880344498213 0.143805096467313
-0.0110145510985983 -0.0238599995375106 -0.139387530153178 -0.119925717131326
0.021000148702294 -0.0132152938525726 0.159447133216149 -0.408780192025189
0.0537057525428681 0.0200714811612328 0.586820162989711 -0.135861497554283
-0.00860988770023795 0.0364424318525745 0.600897232475054 0.611035393244991
-0.0601027779698766 -0.0139638933112564 -0.205066427406801 0.870918424484878
-0.00766625674367875 -0.046098152189586 -0.578215882769468 0.320175498415285
0.0041486372648939 -0.0413995774518262 -0.0186997990550681 0.111170217660446
-0.011746746517918 -0.00305658461924282 0.657445046330601 -0.187594851922267
0.00489289893176038 0.00826903507915863 0.43345621565409 -0.841490946443978
0.053001004491484 0.00709416728557745 -0.49344775999891 -0.750602214494073
0.0578921829031288 -0.0343929541196237 -0.699934479681205 0.0797908122952856
-0.00897455138960968 -0.0365115934507403 -0.213021543316491 0.413036525841078
-0.0316987775779629 -0.0119916255405068 0.102053145968597 0.16308628117503
-0.0202668831450211 0.0136668311865684 0.118747667076698 -0.17740106098237
-0.0228005990456175 -0.00246300189698884 -0.116083580427305 0.146818589159055
-0.0139687705483178 -0.0304514981930887 -0.126649798312908 -0.125278015269888
0.0234096261375429 -0.0213243479646277 0.182760715360006 -0.397577114461392
0.0599726951056708 0.0190604290459758 0.600827277036434 -0.0963666159876617
-0.00934686919455539 0.0417965851004924 0.561663683719356 0.65600075635706
-0.0656793138226066 -0.00919920889328966 -0.263677308330729 0.858204020721977
-0.0144287714178477 -0.043873456994666 -0.592143165315705 0.288720415148411
-0.00482263191484021 -0.0401872652124926 -0.00761194752311743 0.103066977331871
-0.0218205602847162 0.000833810482783408 0.649336967215583 -0.223440736602746
0.000260843464669661 0.0166279775309016 0.372518202684355 -0.868082837816194
0.056808147808311 0.00847348552846302 -0.544286505279012 -0.712079170901642
0.0620594376504597 -0.0406768717865438 -0.68946688517363 0.123517399339043
-0.00901635474797683 -0.0434635736580938 -0.189921578940157 0.423098877232973
-0.0359511164738005 -0.0179622142539962 0.111865646668196 0.15893369283642
-0.0269092635516341 0.00880524346187344 0.120171950580105 -0.173326984583367
-0.0283523478844249 -0.00324833299586201 -0.11047272532116 0.149882278352095
-0.0140803436444751 -0.0343880729312738 -0.113850581753244 -0.128627551866595
0.0258235453229299 -0.0263540837186687 0.205630595858302 -0.384969874025132
0.0650460908115558 0.0183742691245746 0.607327734279593 -0.054834730687794
-0.0112354764342697 0.0492370000774924 0.521109869036304 0.693772479202784
-0.0714503877766051 -0.00173897623417226 -0.324839908113421 0.842656485056272
-0.0248309492959539 -0.0379708651857639 -0.608398561050698 0.257869938944606
-0.017725132541734 -0.036387987121142 0.000710796887978893 0.0941014155251646
-0.0321970308970988 0.0113905752888661 0.635074901618561 -0.255284571659837
-0.00213732899720435 0.0287314211862209 0.307321756234148 -0.886617791905579
0.0598844370802123 0.0109340516732701 -0.589971959722297 -0.670493216926169
0.0624016081294375 -0.0477428759291391 -0.679417981040184 0.165955290759907
-0.0106017384510951 -0.0478805384127923 -0.16848186349778 0.433512198362365
-0.0390204715801905 -0.0207873400822924 0.12197899371597 0.156989214242539
-0.032270159011371 0.00741686002919452 0.123376215960048 -0.166257259029771
-0.0287557634498802 -0.000865635757774083 -0.103941899391562 0.155112048841381
-0.0128312426552347 -0.0335680430563187 -0.102601433410647 -0.128962520869083
0.0276568755463417 -0.0283472351448926 0.222535649481265 -0.373382268237512
0.0650002581086885 0.0192137144547112 0.613145921106976 -0.0214219792318502
-0.0140109582530172 0.0569349104114162 0.483830669816077 0.722358399988688
-0.0753854850986619 0.00804237531280769 -0.376570290038399 0.828574356366598
-0.0353438313829418 -0.0294088267194038 -0.622285240628356 0.233197822859977
-0.0315795924654168 -0.0291837091329895 0.00184022590508296 0.087989019491509
-0.0408231540146715 0.0235219710087018 0.618376728390297 -0.280182154491307
-0.000851639749382967 0.0407255465730786 0.25577598716397 -0.898447789825419
0.0616429902669795 0.0131720203442097 -0.62402068695781 -0.637862028935291
0.0597159867861605 -0.0515482477358655 -0.668607123583845 0.200334991056892
-0.0120418246564731 -0.0493478706475708 -0.151470182695695 0.441469536954939
-0.039099039862947 -0.0190481963496036 0.132131297072345 0.155525291378057
-0.0338980086958459 0.00992043145668501 0.128237755943029 -0.161170186427012
-0.0269989367321804 0.00425754876350161 -0.0998342371440483 0.161234266659157
-0.00909339092121344 -0.0289036605590719 -0.0953955212400446 -0.126222853203369
0.0283475672763497 -0.0270319263396216 0.230933702105342 -0.363248237758337
0.0607309700184354 0.0195849486483898 0.611695293047508 0.00011258818402889
-0.0174609102583162 0.0622007585372558 0.452212358067116 0.738664236418642
-0.0766184966379002 0.0165646430183646 -0.417230983930698 0.81686918825086
-0.0440111874748347 -0.0204410057310227 -0.637197971685388 0.216311672522611
-0.043581726741311 -0.0196280574155991 -0.00190991293795052 0.0836146390093033
-0.0453876908194915 0.0362802262864136 0.605047855848492 -0.293112385174363
0.00267748789319817 0.0517504968133844 0.221994327679827 -0.90011545974291
0.061722310672011 0.015582503008815 -0.644377353004989 -0.615012475207368
0.0547532454302343 -0.0526361875295926 -0.662016976283895 0.222278160503827
-0.0127741492476803 -0.0480573297835245 -0.13661185012055 0.449316316361244
-0.0371562782813862 -0.0138627235539541 0.141237871396003 0.155869455503692
-0.0329375327687411 0.0158888005706785 0.134562136311231 -0.158670634501754
0.0118658364618311 0.0206125860712056 -0.125249180358226 0.142172142975109
0.00815819775316171 0.00547659026034642 -0.157378974039672 -0.0994372026163279
0.0180565943605983 0.0115138649413092 0.109856753534456 -0.421575120215408
0.0282035530144762 0.0296344801220787 0.55096313755205 -0.215204205459325
-0.016044307647837 0.035397474628923 0.659703110718006 0.51779289085503
-0.0418426884700608 -0.00804100661222882 -0.0950504031090183 0.888686459469664
0.00139523684643703 -0.0282630866756392 -0.554482324353801 0.388732300216942
0.00714111310608472 -0.0231522604179661 -0.0593642784959066 0.125590008404791
0.00182402763806869 0.0116768784403352 0.643941676664602 -0.122278138958707
0.0204307239579197 0.00893911907137373 0.527421132887727 -0.780425173273446
0.0393387441354142 0.00579543271077325 -0.40267980092865 -0.809908780151958
0.0314447621806803 -0.0210972765233399 -0.715605753630667 -0.00225380329796851
-0.0137021187984386 -0.0155154281671407 -0.244412238609091 0.395574841273861
-0.0174514111958666 0.0198682758423175 0.0919116719456644 0.175896256054356
0.00066394758194426 0.0378431448335195 0.121863820023964 -0.176419189930003
0.003125375735528 0.0131024877973716 -0.126929198582879 0.142480743661849
0.000746165926758009 -0.00460856963598724 -0.155576799711163 -0.104392448488644
0.0186498284336231 0.00408174325209427 0.117573309844032 -0.420018751142962
0.0365451830679659 0.0267592324743518 0.558475032977888 -0.202198086751382
-0.0129583781475849 0.0334041455690569 0.650368252966336 0.533000989953447
-0.0476878549906801 -0.0141078145094568 -0.111267471615968 0.883720893338437
0.00242550008046773 -0.0382314430333645 -0.552431891716769 0.372342151527019
0.0121783577839173 -0.032246000115163 -0.0456502905879922 0.124296558270525
0.00270009272925196 0.00190536951471358 0.652441040136626 -0.134613516494894
0.0162678060781533 0.00303232512521154 0.513318670518227 -0.790727009646972
0.0432622586714834 0.00464228568765325 -0.418637228622229 -0.796499815832093
0.0403734097131015 -0.0236322472317294 -0.711928452539266 0.0140490961110049
-0.0117364524715107 -0.0219229750383882 -0.236388546550454 0.396516729942355
-0.0220069867046436 0.0087170252148509 0.0917757497007083 0.171532862277396
-0.00502717264958426 0.0287787259412126 0.119323905196834 -0.178161670901606
-0.00597195790585219 0.00582287672103402 -0.124376984367061 0.142865726605077
-0.0062614206646774 -0.0143240658083586 -0.148916900347421 -0.111305433023474
0.0187834488117795 -0.00488393151571183 0.133334889376443 -0.415222775261639
0.0449000548258435 0.0225461057557032 0.568003166079713 -0.176173323334402
-0.0103741114553734 0.0336255105356476 0.632894206249367 0.56182979267685
-0.0536295318574068 -0.0157739002578129 -0.145818843714659 0.875765379118107
-0.00168898555777497 -0.0435868640914165 -0.560942301935791 0.353606726288585
0.0101192459315397 -0.0379973149573054 -0.0310817097269082 0.118553300666476
-0.00249431261545047 -0.00319203593138466 0.655282325217 -0.158048420568946
0.0108713927201578 0.00301873898085776 0.475710743765137 -0.813773291972999
0.0479498433493183 0.00439532714043898 -0.452657940323645 -0.773900495781171
0.0494749321230878 -0.0279004485666704 -0.704660401490856 0.0433122892325918
-0.0101294540765758 -0.0291937302144747 -0.224564891897745 0.403341804388128
-0.0267708493476954 -0.00185659706683429 0.0963001768117453 0.166481866743451
-0.0121947893773507 0.0211094920104372 0.116937163456466 -0.180116218215559
-0.0149441427302424 0.00131022218743176 -0.122142630930654 0.143201486665295
-0.0112050058178346 -0.0230039345979595 -0.138374878389594 -0.117879366470014
0.0211332881131774 -0.0136425771854226 0.155858292245612 -0.408999870250089
0.0536767169762265 0.0184198040603858 0.582415168693797 -0.141511431150135
-0.00881140302595275 0.0366839560883108 0.602656523338405 0.600957583937034
-0.0597251929392207 -0.0134291485584858 -0.196695632395617 0.864523181835167
-0.00724507883317926 -0.0463186211093328 -0.572849586213827 0.321823972376185
0.00350933652171568 -0.0405560192787538 -0.0180946716851402 0.111154320462536
-0.011182119565286 -0.00377163867883011 0.651156206023716 -0.189129769469523
0.00470221052715421 0.00772628760689494 0.427130979421074 -0.837786961422179
0.052861171747916 0.00661887597844262 -0.495350496947207 -0.742172319604416
0.056828798771252 -0.0340156893279721 -0.695361556090024 0.0851301963639039
-0.00865054736983878 -0.0363428908837393 -0.208251540453213 0.412111499709755
-0.0314994231506055 -0.0111222173849557 0.102642604521252 0.162473263362275
-0.0203388119824669 0.0139912461891182 0.117521692627192 -0.175677734811197
-0.0216842845049673 -0.00206581099431598 -0.115552785860439 0.146301322173785
-0.0145840061479281 -0.0291013842816719 -0.125860968948822 -0.122691655584514
0.0232604026070039 -0.0210900956421353 0.179523110064615 -0.397404949529877
0.0613486106783415 0.0176874254439669 0.595918543054386 -0.0994576970593109
-0.00868314368303945 0.0430476767751116 0.56314742922158 0.64600755532487
-0.0654074915597311 -0.0089472640429926 -0.258128633712617 0.853201414985664
-0.0145229732389946 -0.0437970911408759 -0.585652343907225 0.290109242075449
-0.00553672512958077 -0.0408611965699906 -0.00621679045811464 0.10313822646928
-0.0214485879011715 0.00108745771542999 0.643752219363837 -0.226365343252753
-0.000155092344190144 0.0167599048635661 0.363929220703549 -0.864579769350617
0.0567504392105837 0.007936438368713 -0.54552798485531 -0.702868692881253
0.0611967306684371 -0.0413096484067613 -0.685740853995866 0.128885819475063
-0.00940380619156058 -0.0430811630301287 -0.185838322292608 0.422433427430082
-0.0360687308645046 -0.0172274485223099 0.112242217776812 0.158665270560141
-0.0261096078477666 0.00942162792318076 0.118851977671737 -0.172140882098774
-0.0276334305175998 -0.00285239975745106 -0.109425419255012 0.149410221102136
-0.0149228976015868 -0.0340865009731476 -0.113529235958419 -0.127086647561864
0.0262560935463672 -0.0262538552145425 0.201667701186266 -0.38619254222177
0.0652347501202828 0.0163796663917284 0.605712731822066 -0.0594359616834204
-0.0108678505106049 0.049893397182521 0.52241201739152 0.682363941030466
-0.0705470050843908 -0.000989551006759754 -0.317420113067399 0.837614502084273
-0.0255069899099503 -0.0378790755156013 -0.600886418390581 0.259217984066694
-0.0184514632198197 -0.0357625761787071 0.00128004993896992 0.0938383917965381
-0.0323151916619043 0.0108766311251394 0.628246131179012 -0.256950067797079
-0.00124055237719347 0.0281199059035173 0.299035157831301 -0.881431499937945
0.0594480625697407 0.0100733482855847 -0.590939446778739 -0.662292625898879
0.0610522429587018 -0.0479105256898891 -0.674260100754632 0.172611138519198
-0.0113877287391581 -0.0476370878804442 -0.163669701726753 0.433703638418312
-0.0382464111511032 -0.0198589531869819 0.122891314462006 0.156064737870123
-0.031427262411301 0.00765185959722162 0.122928865998215 -0.164768645790036
-0.0278668157065847 -0.00105929532289369 -0.102643705821534 0.154791826050344
-0.0121128103539444 -0.0336294144025741 -0.103021427099184 -0.127666855113212
0.0273640590004139 -0.0286322587681241 0.217386500682543 -0.374539972528997
0.064705384640978 0.0177220788751549 0.609181913945783 -0.0269143591557774
-0.0137159470328718 0.0567676540470299 0.485630964213673 0.711391889039499
-0.0738842496045737 0.00801247436361553 -0.368588114204144 0.825042569542262
-0.0357530161104073 -0.0290515868023029 -0.616606090446639 0.235235367700162
-0.0308007603544988 -0.0286018595881707 0.00290940777540864 0.0863187345824933
-0.0398927940991756 0.0236547959860017 0.612378440130996 -0.279812091873763
-0.00106413238062317 0.0401458834404653 0.249808412481433 -0.892695318928904
0.0616198374785716 0.0121701123087949 -0.624044688286444 -0.629401170590657
0.0589042171265444 -0.0515931092409152 -0.662860305165082 0.205300286669365
-0.0123009111819831 -0.0491242610034334 -0.145273112395064 0.441513152898021
-0.0392842662345032 -0.0182597927530438 0.133503788337833 0.15361050713581
-0.0327370112607052 0.0110365920258804 0.127306878856503 -0.16059720068785
-0.0248450351174716 0.00489558519413852 -0.0976796790464742 0.160878485124632
-0.00891364185914424 -0.0282169288749819 -0.0952951156806676 -0.125992470926771
0.0275506831186671 -0.0267385696144699 0.226939183213139 -0.363624837702232
0.0605656372113279 0.0192615286218671 0.608326523447509 -0.00442301448787715
-0.0178075399575887 0.062309273725642 0.453965492319266 0.729212879893657
-0.0755895864038293 0.0168565405939927 -0.409291622365437 0.813074629019917
-0.0445228173636455 -0.0200471083019208 -0.63027077800278 0.220469785808321
-0.0431951154201534 -0.0188932102103671 -0.000565041253156899 0.082806924039989
-0.0447167749337303 0.0363611249363167 0.599273509835365 -0.293688400522427
0.00323432906888485 0.0512744492252442 0.216149424539212 -0.895421847998867
0.0613060173426185 0.0151527691912452 -0.644018255405879 -0.605482568007615
0.0529547607980551 -0.0524707902449852 -0.656276798343433 0.226157748490993
-0.0126049485604303 -0.0479510773533189 -0.132477845992464 0.446511271051529
-0.0368815533641155 -0.0125731508393324 0.142466217515913 0.154023861583952
-0.0316252132731031 0.0155581630148887 0.133094923127482 -0.157706071599204
0.013095855725643 0.0188194283268568 -0.124692832372765 0.142325652341898
0.0079362326228161 0.00526233373753135 -0.156146661060538 -0.0977449336390131
0.0177394548625883 0.0107650144194435 0.107632788214836 -0.419258744783436
0.0284855891812812 0.0289793647900456 0.545937434144683 -0.217102738588255
-0.0146271186687075 0.0364007438800939 0.656292162065362 0.506816224630099
-0.0423455592474551 -0.0080740587215436 -0.0898844177726403 0.882537414032797
0.00203950303694924 -0.0276638095113992 -0.547604263798002 0.387869668362603
0.00713392632001559 -0.0230645468242451 -0.058367128205028 0.124680762691544
0.00282766139502679 0.0105505803812676 0.639667700963143 -0.123670324586372
0.0196585612555378 0.00861628657723267 0.520444843812706 -0.776149035395083
0.039179461607525 0.00517272658741508 -0.404832940577054 -0.802800433214189
0.0307064786136055 -0.02119176178987 -0.711128920746369 0.0023736926129455
-0.0136233208164254 -0.0161279118453137 -0.240895385776205 0.393763014711317
-0.0171863821485911 0.0194413889040046 0.0921264241681283 0.174824911374917
0.00149793431320704 0.0371907685341812 0.120693726127774 -0.175113773585537
0.00429682793202456 0.0127601022867817 -0.125324005821606 0.143048321783789
0.00056753246495199 -0.00440412203286044 -0.154337695061009 -0.102521806996411
0.0187904805622899 0.00442288320979366 0.114345433125975 -0.418453265511116
0.0363536524144036 0.0258569645889547 0.553879314397637 -0.204737944255035
-0.0129281326505478 0.0335463942508912 0.649805221432405 0.524896192693117
-0.0476380752506015 -0.0132176705099239 -0.106120887680056 0.877985809624428
0.00220548491213018 -0.0377913496475369 -0.549171923355851 0.373703637890025
0.0116602012806908 -0.0316275945520443 -0.0444954057410652 0.122801214012445
0.00294496440013248 0.00204932539870907 0.646856538038206 -0.135746751980967
0.0164780376781568 0.00323284121471074 0.506676571023126 -0.787960064763256
0.0428158724853201 0.00455172077884483 -0.417768179737403 -0.790608909606258
0.039777435584002 -0.0234749757653593 -0.707562782700359 0.0183990195257126
-0.0119942594926723 -0.0218781126164733 -0.234605646010267 0.39613503912861
-0.0216943706095483 0.00932541391877337 0.0927549984058716 0.17068146811508
-0.00448456412382414 0.0292084487078633 0.118048513208181 -0.177521581881203
-0.00499298738479859 0.00627795339706788 -0.122852135137624 0.143505443092138
-0.00681421589967878 -0.0139828985515538 -0.147743546756228 -0.109454081653649
0.0184227876300744 -0.004960235520656 0.129803189812952 -0.415568438590839
0.0452704018236722 0.0216480117526279 0.565355822353589 -0.179097366978761
-0.00989306941799384 0.0342015780914639 0.632476816799861 0.555073905282186
-0.0528343618314336 -0.0148249824054729 -0.14077869154345 0.870210753694184
-0.00164261474694722 -0.043166285451838 -0.553660282621871 0.352656697379474
0.010003096448178 -0.0378643664843594 -0.0305424161714361 0.118285918225245
-0.00231229804201451 -0.00329309474560038 0.649730084917844 -0.161517121702581
0.0103975669189152 0.00286569607849892 0.469681900436922 -0.81063073911295
0.0475532784697203 0.00437780305456114 -0.453853468907403 -0.766665136817487
0.0492710896453882 -0.0280473384009395 -0.699916849399314 0.04903663603456
-0.0103921238672848 -0.028760963053734 -0.220923237106363 0.401716900434052
-0.0260774562739026 -0.00160507463125438 0.0969204029601222 0.165370169087781
-0.0109137876541604 0.0204842905954552 0.115352325310335 -0.178709718945522
-0.0137657164845391 0.000861655240174239 -0.120819247343684 0.14365511941064
-0.0118211964066246 -0.0236208702757957 -0.138004454787062 -0.115924224127603
0.0204173424534889 -0.0132635957364796 0.152491919817803 -0.409839156499852
0.053397942722889 0.0184213481182651 0.580729020379956 -0.144335619050302
-0.00889776083801615 0.0379122113266982 0.602131028665188 0.592883463362794
-0.0583875139393767 -0.0131206435359997 -0.193286128074201 0.859070915515982
-0.00741467879677309 -0.0451868119778335 -0.567238880316112 0.321764748105418
0.00404731965677476 -0.0404482625428151 -0.0168914430122187 0.110293071469507
-0.0110985476732785 -0.00338544136909215 0.64575658118159 -0.190193508528761
0.00448618546533252 0.0071892385937805 0.420403172040114 -0.835012414990023
0.0520420606590979 0.00637780362999327 -0.495047817130744 -0.7322778555128
0.0554255860336715 -0.0338807230495178 -0.690989561304958 0.0897189911750194
-0.00902314543989543 -0.0364668397425351 -0.203903675413476 0.410977304267493
-0.0304695460622353 -0.0101930634682444 0.103357218553007 0.160961923028521
-0.0193236731865027 0.0143225624890279 0.116572048441599 -0.174725591547776
-0.0211410903891256 -0.00258510986261482 -0.113923253131703 0.146822435285838
-0.0150349412252102 -0.0297388527517708 -0.12549261914943 -0.121275480185003
0.0235830127175656 -0.0213148420689122 0.176423857202472 -0.397731484836902
0.060094939542699 0.0170626107555792 0.593235525200149 -0.10265972658899
-0.00881168095097675 0.0428802179122004 0.563463249787041 0.637274409070315
-0.0651428453940688 -0.00863913029696946 -0.252496023819175 0.848937292211807
-0.0151738402563318 -0.0432270767573416 -0.580613223451787 0.291299917933702
-0.00584748006761551 -0.0393595970883055 -0.00538630638989529 0.101760315201156
-0.0213732117881308 0.00103996575967524 0.635842605817321 -0.227665118677107
0.000507179020426123 0.0161671934647198 0.358961382625396 -0.862465169606685
0.0563127837391213 0.00759275649984245 -0.54490473106246 -0.694770529046905
0.0600808061638721 -0.0413165280462719 -0.679761720494248 0.132240257466829
-0.00942935395776048 -0.0430570449974228 -0.182671147505417 0.421092414930311
-0.0350064917217837 -0.0165174063051156 0.112760351575006 0.156997168690673
-0.0254479349006854 0.00968632662935043 0.11825853003914 -0.171692736863757
-0.0258418236919621 -0.00327350516324755 -0.108437457479931 0.149186722336191
-0.0145646745971249 -0.0339223583625974 -0.113316797671118 -0.126518259278736
0.0252416598939475 -0.0260506952927925 0.198670826141954 -0.386391675356223
0.0644095797987145 0.0165354546570542 0.60172666424417 -0.0622963106016893
-0.010465723974064 0.0506985863770134 0.522030317614062 0.674966124973272
-0.0700253603612662 9.11299319706592E-05 -0.312236789181941 0.834177217726128
-0.0246505675398483 -0.0375287278228494 -0.595726502604904 0.261212611316836
-0.0176893259295339 -0.0350247856257692 0.00185075095335519 0.0929148354936016
-0.0311238784731762 0.0102899028875826 0.622587035366797 -0.257044011337257
-0.00140716825591498 0.028720204511009 0.295515698120192 -0.879111245624174
0.0594505363901338 0.0101640328088334 -0.589616073051973 -0.653482773642491
0.0604607137083277 -0.047554216345211 -0.66925946629848 0.175252472304679
-0.0108919121895574 -0.0475267365542363 -0.160832800468545 0.43274468866731
-0.038253506377336 -0.019298773929712 0.123251307111356 0.154334560229046
-0.0314251139097648 0.0090020028705875 0.12078499643094 -0.164622950954378
-0.0265911055826157 -0.00137909752080154 -0.100538026287646 0.153739223747599
-0.0124874470874812 -0.0330384457960622 -0.102182682436174 -0.126601906943506
0.0270105982798716 -0.0284284000696382 0.214653109983197 -0.373852300369855
0.0648184658899655 0.0174920534533741 0.606205347002586 -0.0291625393981724
-0.0136302506413207 0.05728651120669 0.484851207985529 0.704902431523028
-0.0738837190791584 0.00884703782657924 -0.363412575865684 0.820695119118536
-0.0344488783871842 -0.0297103976874537 -0.611591359159762 0.236256795863777
-0.0309616108421291 -0.0281331749581885 0.00347563837439709 0.0865507099580173
-0.0393111592884724 0.022829596155488 0.606727179963037 -0.280495958012486
-0.00074259574666985 0.0398681439188256 0.244309360032432 -0.88788806426321
0.0615117703345472 0.0117019687966292 -0.625053998525825 -0.621071870736483
0.0578766782828593 -0.052297814953502 -0.658859139058421 0.207905837452683
-0.0129452560841464 -0.0489068516506356 -0.141355726088094 0.440315398555611
-0.0385179825641274 -0.0173179587746483 0.133927690208076 0.152718242889579
-0.0329327882314408 0.0108726485422989 0.125593185690854 -0.160072130926949
-0.0248054597281641 0.00391878078288955 -0.0966200743255482 0.160020175864192
-0.00946126134769669 -0.0283753839852288 -0.0943719218973296 -0.12399563249942
0.0280452474164076 -0.0268805984784797 0.223860493134412 -0.363504722602331
0.0602399425157079 0.0176459219828809 0.606265888163205 -0.00741508984313076
-0.0169621185736995 0.0632170966025634 0.456075413687769 0.721522036617891
-0.074763197386137 0.0171096818477892 -0.404051822379161 0.809671991867228
-0.0435732805154934 -0.0200347924743923 -0.626424767184168 0.22085753379994
-0.0424788603569234 -0.0188889136322452 0.000930478843365487 0.0819217960062654
-0.0442070654404308 0.0363146953586156 0.594013750848076 -0.293257914980765
0.00220591612925799 0.0510063184703731 0.210164876374853 -0.890800402731937
0.0608233044526189 0.0143268734016249 -0.64304896171989 -0.598255659497265
0.0518754668114627 -0.0532152216285794 -0.650338623489365 0.230285948167293
-0.0132315186927857 -0.0474533245742338 -0.128246681164458 0.445361488303838
-0.0367920866870677 -0.0127380825136919 0.142159391686741 0.153022436124759
-0.0307873343597146 0.0158735264467538 0.132418591519797 -0.157583192286432
0.0131991901309417 0.0183918821345105 -0.123432419423095 0.14231531757523
0.00763758639935959 0.0041450985547473 -0.155090494298268 -0.0957229499279238
0.0183304984363162 0.0105997046661798 0.103972776851958 -0.419075023798359
0.028642262328796 0.0285635582122902 0.543366377913819 -0.219225114502853
-0.0151387506842514 0.0361553973322717 0.657327104713919 0.501456411135767
-0.0414264006763879 -0.00783921699516615 -0.0865278617255584 0.876950911239497
0.0022471370987023 -0.0278863888644594 -0.544716910790579 0.387532458035212
0.00698718443968951 -0.0230751340624157 -0.0568157263137155 0.124618174583515
0.00314694729855221 0.0107028427808238 0.63466118442148 -0.124068141190102
0.020384315497256 0.00768851821585487 0.514445743068946 -0.775190601265587
0.0389666880920154 0.00501031531025358 -0.405015105851089 -0.794741086780346
0.0298964708690155 -0.0219004165691742 -0.70815897384552 0.00758599355760954
-0.0139115014465088 -0.0153408327234082 -0.237545978356305 0.393521668747376
-0.0167747350043671 0.0194950738089835 0.0925711917892307 0.174189024781868
0.00184287954365383 0.0368350025754663 0.11899523851851 -0.173893658579413
0.00516167163799301 0.0111868749002079 -0.124435478718737 0.142066807436914
0.000383901952825305 -0.00430039349874277 -0.153817813737064 -0.100882745124836
0.0187262225733103 0.00335604217479158 0.113193438529464 -0.419209780879131
0.0364934427086542 0.0241744112001777 0.549594209998787 -0.207587497286234
-0.0124318872743699 0.0341059512296442 0.649850326444893 0.51712677501419
-0.0468875607265085 -0.0133032441143063 -0.102324688715992 0.873694649346021
0.00221219802187184 -0.0377211172706949 -0.542813141644314 0.37312052048478
0.0111633130216191 -0.0308897934868993 -0.0440291628197575 0.12253191214058
0.00245036632030085 0.00134326141515551 0.642571265719489 -0.136071965926013
0.016275559203639 0.00223761513778158 0.500030920931462 -0.784287810062282
0.0428359681384609 0.00436882192690202 -0.419091215422032 -0.784625653283786
0.0388747322297637 -0.023742512926415 -0.703058589184287 0.0209067763465488
-0.0116399646910759 -0.0214692960648565 -0.230443741932084 0.395495340904629
-0.0215409042981629 0.00925014926057812 0.0930146665532074 0.170341742431818
-0.00412890515013729 0.0295381226663572 0.117509773094085 -0.176367208052423
-0.00441304904209193 0.00564080306217939 -0.121333264835569 0.142926642538966
-0.00600092440966435 -0.013955076008164 -0.146769386120275 -0.108213446319472
0.019090800764796 -0.00474297525087597 0.127467581166323 -0.413430142706005
0.0447948873089603 0.0210213099499562 0.563729060662385 -0.182185852643409
-0.00973904751910413 0.0350989401870917 0.630438110476373 0.547832282419209
-0.0525717503038496 -0.0148806516191108 -0.137713848577158 0.865976069722437
-0.00141897782980354 -0.0434611810627431 -0.548858670947529 0.35251029300189
0.00960120061230976 -0.0372462264190936 -0.0293531331292724 0.117041782792473
-0.00173709495305504 -0.00329644957572413 0.644126518986334 -0.162044690848302
0.0106665339626596 0.00302724110530325 0.464207990967138 -0.808004143550097
0.0469334481940617 0.00420085779759281 -0.452771617280913 -0.759188976020136
0.047994396937173 -0.027738488759299 -0.695538202717129 0.0516434413043196
-0.0103762954653273 -0.029318513569824 -0.218322816900915 0.402384277911782
-0.0257650026084374 -0.000190809885001315 0.0971812657983303 0.164017287890009
-0.0108167137161167 0.020840107305091 0.114342232712547 -0.177141771486841
-0.0134234856677239 0.000168534647224342 -0.119765742451094 0.143128551377645
-0.011488727891231 -0.0234282536054752 -0.137414493878706 -0.115142201604929
0.0202598074565838 -0.0134467156058742 0.150204153861906 -0.407450372481828
0.0533530799989929 0.0182043048177264 0.577938256406768 -0.146418980969578
-0.00878895569508089 0.0380862788198735 0.600708795028731 0.586233913001447
-0.0582532176732743 -0.0123068845907052 -0.188460694912661 0.855888829940382
-0.00769001027479583 -0.0448569211127613 -0.561143095119843 0.32186353002216
0.00326063533266308 -0.0402181476403763 -0.016051976768934 0.10903336665928
-0.0107710616946091 -0.003758497962266 0.641221406461693 -0.189548065188893
0.00390896654138299 0.00718962862554032 0.417157529402388 -0.830817458000155
0.0520886998357555 0.0063440725869723 -0.495179929357084 -0.727156308412578
0.054177776559004 -0.0339423202887909 -0.688441429706157 0.0922978996834491
-0.00951483997738935 -0.0370975549511768 -0.200677277436971 0.411307555808676
-0.0299937562285767 -0.00985261258471453 0.104047798702912 0.160589039147574
-0.0187632347231064 0.0144932331504294 0.116025648850331 -0.173948702230743
-0.0205875303529616 -0.00247584524987781 -0.112844355192394 0.145700250221624
-0.0145578094142431 -0.029552178744481 -0.124350675004859 -0.12063635799008
0.0223985573623115 -0.0210981660043523 0.175331457071592 -0.396318266430278
0.0597630960015155 0.0161506982743277 0.591505507010433 -0.104819183770094
-0.00855123940103256 0.0434964356876544 0.562456299694909 0.629926792844598
-0.063704618911266 -0.00828546583275995 -0.248102300722367 0.842613985788233
-0.0149561340990723 -0.0437190986831958 -0.576432103956261 0.291020876262739
-0.00565076240139005 -0.0398670376634344 -0.00503156653103738 0.101120839737527
-0.0208359400856545 0.000992771896689046 0.631886106262958 -0.226458608679034
0.000364127066787782 0.0161599943637848 0.353559979405706 -0.856891187265331
0.0560134979543248 0.00738627586154232 -0.542724142759073 -0.689532027648764
0.0589385677251929 -0.0415934071252683 -0.675772410314419 0.135130546451031
-0.00992157354148862 -0.0427566913589287 -0.180191539644134 0.421177715269025
-0.0345525373394399 -0.0153324669735023 0.113446588879206 0.155967951457629
-0.0248030117015877 0.00976411199705742 0.117084245768206 -0.170679736707421
-0.0256953545367694 -0.00381888633611228 -0.107148867747981 0.148221693395901
-0.0146773680837487 -0.0338144434812805 -0.111735371378723 -0.124761804535156
0.0256082562129518 -0.0260779923931429 0.196203023798644 -0.384755672496087
0.0641944419546904 0.016761925340898 0.600484610353834 -0.0659565082553351
-0.0102538626953662 0.0513248046163554 0.522292077375324 0.668407905913131
-0.0690658254384817 -0.000383302854366097 -0.307447218883338 0.829394760253764
-0.0240492256395626 -0.0380174026630803 -0.592645630851306 0.259542954788451
-0.0176099701195335 -0.0350660690339299 0.0023204073097872 0.0925572023488661
-0.0312298639597601 0.0102945985309038 0.617479783150803 -0.257609755576475
-0.00161332755586695 0.0282364309575748 0.290584023682637 -0.874460094296383
0.0594949257489005 0.00917783812056367 -0.588860753448845 -0.647014868096123
0.0591491640989763 -0.0477013752425451 -0.664949099392597 0.177856760715817
-0.0119298463101602 -0.0470825572059496 -0.158051630880148 0.431304622602017
-0.0377740093680434 -0.0183731810720311 0.124206688241948 0.153826752974886
-0.0302614192594756 0.00905834920345957 0.121135422363015 -0.163475930915234
-0.0259336212497533 -0.00115556958832607 -0.0996388246966244 0.152831429264847
-0.0129563505764286 -0.0327413718230216 -0.102176703180701 -0.125425745064801
0.0272992416134317 -0.0285418315169343 0.212673363513761 -0.373982110099726
0.0647988552750084 0.0166124176007537 0.604576652603644 -0.0317728297596482
-0.0131110759126575 0.0585081114359077 0.486706365815011 0.696568464308288
-0.0732073743607031 0.00912961677875132 -0.359909450599526 0.816940823619897
-0.0346104351008955 -0.0291366817660674 -0.607440795947945 0.236853084627803
-0.0308471203344673 -0.0272476464857523 0.00375568588493961 0.0859041728110167
-0.0381322315158653 0.0230264986943449 0.602629496696465 -0.280845992029538
6.49913823157766E-05 0.0391899665979419 0.239347446590514 -0.884088959970678
0.0607730461922235 0.0112200109319356 -0.622693449315297 -0.615696726028484
0.0566752212752364 -0.051727640770271 -0.654015048159094 0.210506069078606
-0.013020955796624 -0.0485431713437074 -0.138608975836954 0.439226898967085
-0.0383359113194284 -0.0162383969022437 0.133933178125926 0.151271031914915
-0.0317457714474973 0.0112289273658663 0.124994031819143 -0.158753246857708
-0.0235718737184538 0.00358639668839489 -0.0951452607001014 0.158645174441963
-0.0102951184898554 -0.0284644809069548 -0.0934541241366411 -0.123405796890021
0.0279401304813497 -0.0266588201644132 0.221536014502134 -0.364160357207205
0.0600089560071581 0.0173857287989445 0.602975352624339 -0.0107591097175613
-0.0162117766030938 0.0635102656716054 0.456074299525462 0.714724767188833
-0.0738026433277772 0.0179299924564827 -0.398450204592054 0.805655124494691
-0.0425262258299978 -0.0196562060408042 -0.619907115196931 0.221140410864089
-0.0418737632116278 -0.0182816810505802 -0.000194291497862067 0.0812460563555727
-0.0437980230228465 0.0362497989821501 0.587974135023656 -0.294713505066699
0.0026458011987245 0.050337196037288 0.207174645750983 -0.886623657342168
0.0612220847104649 0.014101218545859 -0.639257477220916 -0.593728539311774
0.0515216583129543 -0.0524374246025707 -0.64687332712464 0.231560444889689
-0.0137239775371904 -0.0477795887773514 -0.126887957511973 0.445145529669925
-0.0363909811103876 -0.0113577768674572 0.142807403088513 0.152074644038928
-0.0301992438599804 0.0163384405113466 0.130779718045382 -0.156789740521507
0.0147058505742911 0.0175646917764383 -0.122717993223954 0.142083766485291
0.00705700125114608 0.00482440776144662 -0.154101433762812 -0.0954409772288659
0.0183275361593391 0.01051396749222 0.10314785157273 -0.419935820869996
0.0278896876800899 0.028263267750573 0.542046597450559 -0.219994247647682
-0.0149380906731421 0.0376873799566397 0.655713119494776 0.496002205426605
-0.0412629674926149 -0.00761919486559081 -0.0858541012824252 0.873996440527908
0.00199397210313341 -0.0279375822519631 -0.540651778772601 0.386263153220787
0.00674477062171685 -0.0221386161803476 -0.057023473858855 0.123601303161504
0.00344850659034678 0.0103296940101155 0.631336831348552 -0.124369343703796
0.0197537893257268 0.00783258512954296 0.512631719081409 -0.770944138956056
0.038837848560614 0.00500940727574384 -0.404793383390202 -0.793572959314122
0.0299031781129448 -0.0215876607964322 -0.706574791544277 0.00729615823442139
-0.0140668942511219 -0.015327397270879 -0.235104288354538 0.39287882634056
-0.0161616919691862 0.0203895494534735 0.0926679457116554 0.174404857521414
0.00195599804268147 0.0368344192894733 0.118569505779876 -0.172890820548523
0.00587681931222099 0.0115754994425254 -0.124220030928689 0.142261531810458
0.000135875094103385 -0.00471109832100049 -0.152457514283379 -0.099901652085731
0.0179614962671119 0.00367119589264531 0.111550939389877 -0.418381262567735
0.0357157099432823 0.0244622668053126 0.549029597066428 -0.207867659850081
-0.0128738228043339 0.0353584674623441 0.648046130268805 0.512453417522478
-0.0465316944604484 -0.0128139805492788 -0.101978437992997 0.870903342001243
0.00304641135742488 -0.0371427352183118 -0.540498217541595 0.371716297924821
0.0112806150390023 -0.0311890111494207 -0.0434184054533052 0.121515497828576
0.00350794975547583 0.00175647292723034 0.638378476652498 -0.137199463241896
0.0154861484070029 0.00238313626076504 0.497749255751872 -0.782689691682627
0.0419219223058803 0.00429563354144992 -0.418316326533442 -0.781065169078452
0.0383229971481401 -0.023689634588319 -0.700712104158168 0.022415113552892
-0.0118139985544981 -0.0218628335261826 -0.227614833644797 0.395936666788066
-0.0210626652975128 0.00997636103491129 0.0932729439725917 0.170112409141284
-0.00312550556005807 0.029306966795328 0.116645792915356 -0.175580340003327
-0.00341602375572344 0.00473016497493804 -0.121068154497015 0.142620656178448
-0.00660033526886548 -0.0135081030488777 -0.145854068452891 -0.106866078251943
0.0188139523820262 -0.00465400663988153 0.127558366141071 -0.414557397786922
0.0438995279486343 0.0204281188746949 0.561126231744227 -0.181583668012334
-0.0101046891919652 0.0352373841453132 0.630211402062197 0.543533392729708
-0.0522141556065222 -0.0141330866310522 -0.136073447591573 0.863809145901584
-0.000674630144734845 -0.0435639088219316 -0.545748562115055 0.351283201879085
0.00978672842483256 -0.0369692319606092 -0.0283591935899659 0.116101424844297
-0.00221710887292549 -0.00413133655903239 0.641702576736079 -0.159464415439569
0.0100529593862562 0.00226969417226304 0.462094791440533 -0.804546749671171
0.0461101927750545 0.00443456152979948 -0.452210710192461 -0.756669749955164
0.0475164051088674 -0.0280885077245224 -0.695131589556978 0.0539461073439255
-0.0100222355051811 -0.0289620703874569 -0.216041146105917 0.40128611006069
-0.025535623196146 -4.19100900207877E-05 0.0982077065183757 0.164486738087513
-0.0102546521930359 0.0210255377577539 0.11415711258203 -0.176398900198137
-0.0124846334986058 -0.00049799168511911 -0.118807427357266 0.142748951107681
-0.0114544430404139 -0.0236637496160788 -0.136470839469223 -0.114737426451388
0.0205839205533676 -0.0138618806938964 0.148362158928279 -0.408552276387107
0.0529907704304181 0.0178404153795166 0.576075703321412 -0.147824165537883
-0.00816054160496525 0.0387704082593905 0.599401855205525 0.581066886054293
-0.0578790301196519 -0.0125177085047138 -0.188396495465835 0.853125311480507
-0.00827846202594336 -0.0447861392612017 -0.559306031813191 0.321674465906901
0.00343564403555202 -0.0405290203989133 -0.0152519618278311 0.107964162676478
-0.0105328154541674 -0.00361995976224332 0.638697860150535 -0.189295184860289
0.00402475128354687 0.00763153946003248 0.41179383556718 -0.827979123941159
0.0512319645537779 0.00611866171077355 -0.49475609473704 -0.72288016448457
0.0545638761496859 -0.0343910891697196 -0.685492479284536 0.0944529862124232
-0.00923578739811402 -0.036810208142674 -0.198571391030737 0.410655845564257
-0.0296547143687112 -0.00942006006869178 0.103916918109397 0.160020374734153
-0.0186760592995272 0.0149687631523861 0.115751346576521 -0.172854645548457
-0.0196109440706621 -0.00332965899553008 -0.112743153050272 0.145783113634703
-0.014487736573381 -0.0296360830437234 -0.123588336218569 -0.120520343082669
0.0225016707238143 -0.0207455632474217 0.17148485149355 -0.397031427683053
0.0599982879363567 0.0162306883864009 0.587824438364174 -0.107017243913023
-0.00828515319103831 0.0438174475311273 0.563864502484046 0.625618305123163
-0.0634695935000883 -0.00772149078334823 -0.246112938307227 0.840519702694218
-0.0150901566331919 -0.0431055920695198 -0.573229899244726 0.291026258893791
-0.00568686314617925 -0.0393758396225947 -0.00413007427065418 0.100362698346268
-0.0209091875426409 0.000622863209748213 0.629493741982025 -0.226168016812028
3.3853932802981E-05 0.0153260767402406 0.350786928756721 -0.853820037494479
0.0553561527072067 0.00713477061250972 -0.542524573073785 -0.684712352101002
0.0578554435868561 -0.041256161299646 -0.67479152648316 0.136698657062415
-0.0101808392629521 -0.0429558959702896 -0.176953463280181 0.419539630418666
-0.034479308992459 -0.0152824557920073 0.113801779147993 0.155576692153386
-0.0242483380318852 0.0105122133013245 0.116485095986731 -0.169259787702467
-0.0248679987286048 -0.00445251973169795 -0.10663256927673 0.147795061049802
-0.014556108898962 -0.0333329027337681 -0.111639409893845 -0.124180236831366
0.0250452683416923 -0.0256511985668788 0.196452998015088 -0.384646080743462
0.0640368960746985 0.0154055594493564 0.598252351849518 -0.0684429875973217
-0.00981845587167029 0.0515689499659498 0.522363953884526 0.662027276584698
-0.068231050024661 0.00124254227968461 -0.304503186006146 0.827422360476134
-0.0242372228954037 -0.0373838024114122 -0.588380243129289 0.261327374966385
-0.0180781660888827 -0.0345672494876543 0.00249155724642129 0.0916534185970112
-0.0305972907890018 0.0102191139155023 0.615620872997719 -0.257508355330856
-0.00232439127709258 0.0274858633813365 0.28699062659662 -0.871330953235135
0.0586670517537033 0.00939887952143896 -0.587428671142529 -0.643955229628003
0.0592085941807476 -0.0480918289235338 -0.662513165105437 0.179314668179108
-0.0110447881604028 -0.0472505067610872 -0.15556633094292 0.430639997587259
-0.0373544487154442 -0.0171739289395896 0.124026100981198 0.153049532718746
-0.0303301526750958 0.00948975352721043 0.120274010787051 -0.162674610267862
-0.0253301360796992 -0.00201873832728348 -0.0988873230850451 0.152832822432366
-0.0129236010791023 -0.0332107579384679 -0.100777191192462 -0.124500698600627
0.0271252476802042 -0.0281790211332163 0.210428964748149 -0.375607589782406
0.0643347438328038 0.0163709847873064 0.603693653785656 -0.0350174657444676
-0.0124807245490608 0.0577352116623871 0.48429783878745 0.691852164098007
-0.0728056758335039 0.00947823255245662 -0.356345644438302 0.81418978327935
-0.0341095382952508 -0.0288649591177917 -0.603853675700116 0.236745369816885
-0.0303170599798957 -0.0274285777110761 0.00398161233362835 0.0850544084837962
-0.0381564181570355 0.0230612557328045 0.598772517222772 -0.27985049475098
-0.000809898810678091 0.0392679067482183 0.236866681966713 -0.881943468520086
0.0609869670389418 0.0111680276510232 -0.621252052114084 -0.612257570934987
0.0563046679174872 -0.0516753383494871 -0.650036737261743 0.212598496330736
-0.0129469575214782 -0.0482820875080371 -0.13853301781271 0.43890072859259
-0.0377013333198657 -0.0157566043265037 0.134951333589872 0.151252742211637
-0.0312380117021968 0.0112489992280986 0.124816474422164 -0.15858444929425
-0.0228758922429226 0.00281469856225631 -0.0951434381718091 0.158328800569963
-0.0102799619797815 -0.0277633179572955 -0.0925072566645049 -0.122509378090239
0.0262745213847512 -0.0261694323143828 0.220402038801032 -0.364191620881579
0.0600320361591728 0.0175067287776735 0.603486988761959 -0.0121732465909964
-0.0163881118827523 0.0633646510366767 0.454922594715034 0.709609094391948
-0.0728165844049358 0.0178146007865881 -0.396498345534281 0.803149471835054
-0.0428027475421079 -0.0202639014702693 -0.616946385188939 0.221121779476588
-0.0421809957835267 -0.0178440382988815 0.00110651826839224 0.0807746914343436
-0.0427659463193355 0.0353136178243432 0.58508486328288 -0.292794042927509
0.00272979329543808 0.0500491142840243 0.204332207517022 -0.880598045760194
0.0612440638062639 0.013463079494209 -0.641485878349319 -0.588488439925381
0.0503364276232953 -0.0526944425856087 -0.644833983235659 0.234623278248478
-0.0141257215102671 -0.0477098230366066 -0.12425947408301 0.444453108994882
-0.0357312439764528 -0.0106409927019458 0.143375253555927 0.150436704741822
-0.0292917524317332 0.0163977644761446 0.131056432244765 -0.156436196271697
0.0144432317836975 0.0170482452189945 -0.122593454175193 0.141829815449635
0.00770441043261538 0.004698817221906 -0.153080156322211 -0.0945019494684492
0.0183113240757333 0.0105440391662824 0.102663205697215 -0.420299117385792
0.0287339070489664 0.0279166253882315 0.540482150498108 -0.222064786011413
-0.0143459554389904 0.0375736818907705 0.654606091105609 0.493979875044463
-0.0412654395713985 -0.00725061192334737 -0.0851661859814461 0.871700711715468
0.00235341035425664 -0.0283453266472916 -0.538719179438676 0.384883304073899
0.00698905649932378 -0.0224867420759952 -0.0562450773798732 0.123771829751835
0.00284726013201008 0.00986637442603346 0.626634065411322 -0.122742054823052
0.0193482397315151 0.00711259491711168 0.508732123108182 -0.769695165366468
0.0386430934255491 0.00471093892851164 -0.403993159581524 -0.790501635476063
0.0287215873080919 -0.0211816439157906 -0.704338181466267 0.00877519134442475
-0.0137069382770938 -0.0156303521573561 -0.232743976929145 0.393356261416003
-0.016143530017102 0.0210389978402232 0.0932565523842849 0.174037627191722
0.002288686343066 0.0370652046514713 0.118443666560586 -0.17133212304543
0.00555279313525779 0.0106266672304363 -0.123159021875053 0.141867556854743
0.000121752605748906 -0.00458493893156995 -0.151207187769358 -0.0995754723900757
0.0181840642853966 0.00347935689381197 0.110189819924902 -0.419865579074049
0.035126217961969 0.0243706308660811 0.548207133905014 -0.209883613265052
-0.0118753327541544 0.035348369334643 0.647103583093472 0.50656559398712
-0.0461089894957642 -0.0123422757691722 -0.0996623870862845 0.86743548720263
0.00291392932049998 -0.0373674723213512 -0.536762527386893 0.370762228252272
0.0115777173255448 -0.0309771846220936 -0.0425764625953545 0.121357299552822
0.00284556743860703 0.00115523066528404 0.635511720176126 -0.136976726264197
0.0149794467410907 0.00241644216929358 0.495834122345757 -0.780274743687836
0.0424180906439259 0.00349727403776727 -0.417572311852009 -0.77809743513588
0.0378553044997636 -0.0233549800803017 -0.699471417156884 0.0245206776201468
-0.0116849255316974 -0.0216963998316133 -0.225217390288199 0.395362306299594
-0.0203517191361462 0.0105951383092979 0.0937090412435611 0.169218963651995
-0.00281223018130037 0.029097588887795 0.115916307097699 -0.174403133824368
-0.00331572161585486 0.00374582883955027 -0.120909571911949 0.142188923633151
-0.00725474308989914 -0.0139895642403497 -0.145289092222301 -0.106267612802014
0.018923577295651 -0.00515796508479961 0.126026557600921 -0.414165437074164
0.0440816641226941 0.0202990812703867 0.560079626013274 -0.183209828763617
-0.00961575989878422 0.0359469530599613 0.62754944104346 0.538986410596057
-0.0522738917963169 -0.014477579250888 -0.135848551488527 0.859806861266134
-0.00075784705705487 -0.0430828553104728 -0.544883596644339 0.35065623133585
0.00987201087705309 -0.0366834088969504 -0.0282814314413647 0.115004644789448
-0.00161133941324608 -0.00379537778086343 0.63829238585557 -0.160795405500135
0.00983885221877622 0.00169341729463493 0.458369374406944 -0.80151881488405
0.046808627644372 0.00414169229586864 -0.452194233626461 -0.753398010518336
0.0468449574542019 -0.0280911932845485 -0.692234000092015 0.0557631273843716
-0.0108095595704702 -0.0287187365631354 -0.214619926098789 0.400784662140269
-0.0258378735223195 -6.52272329366918E-05 0.0981311839198096 0.164524303866061
-0.00967614089424574 0.0212317974290919 0.113774038599163 -0.175495602492472
-0.0120128244700951 -0.000853742812948711 -0.118777319960401 0.142377493352896
-0.011450821823691 -0.0236120019277792 -0.135553501236897 -0.113536518122867
0.0196858752515214 -0.0137378317341721 0.149014393175392 -0.408305890860366
0.0525603455469076 0.0171163381868508 0.575583546883635 -0.148339111486282
-0.00816598567303138 0.0391042858857155 0.598195845855651 0.575241065396186
-0.0576875208477783 -0.0121202773133048 -0.187071718361337 0.847648753411314
-0.00781647932720451 -0.0444864178253033 -0.557424698126212 0.321167759041531
0.00360564108765364 -0.0398754537850382 -0.0145770380605261 0.107917506362273
-0.0105927380380014 -0.00370226256182707 0.634763292295487 -0.189364530426394
0.0036387437179825 0.00729701167815371 0.410718664285432 -0.826302784379887
0.0514477703780279 0.00636197198281832 -0.495359481440423 -0.721539922805235
0.0544029571595361 -0.0344640357082927 -0.683642855421963 0.0957538136665441
-0.00964537065121372 -0.0362191720348651 -0.196974056692227 0.411161145584585
-0.0295854627425951 -0.00841198154457656 0.104363963816484 0.160211361457699
-0.0177727819397997 0.0151301566823593 0.114656957918385 -0.171832422032053
-0.0188519853137101 -0.00442697496726256 -0.111934069296523 0.144962565854798
-0.0147130488779746 -0.0293444759779673 -0.12394413192413 -0.119445655908132
0.0222321102975829 -0.0211928010693213 0.170898000074698 -0.397815891782806
0.059133564225005 0.0153144640088979 0.588479549458955 -0.109145493752439
-0.00804592012868252 0.0445925693624554 0.561647009391025 0.62000708051099
-0.0629590543598751 -0.00723763055009071 -0.24476727536028 0.838995094796382
-0.0146726825676681 -0.0425817956392351 -0.572320192976482 0.289270777269405
-0.00533267275912473 -0.0390379699916328 -0.00354642485388788 0.0998041684329994
-0.020218401180894 0.00065509692871029 0.626898372577072 -0.226088139249278
-0.000372650590600078 0.0155669237706027 0.34914743284373 -0.851074255308526
0.0553038774606395 0.00668452391706292 -0.542256224452897 -0.681730620789286
0.0578581108018916 -0.0417152102336666 -0.671544336797201 0.139338079976454
-0.0105365659946361 -0.0428602963669404 -0.175401597180094 0.421762110554982
-0.0338148403579601 -0.0144374048374598 0.113940148873056 0.155259502881534
-0.0238264063956115 0.0101095543115206 0.116254996710183 -0.168837426700013
-0.0237252224055452 -0.00472836154585309 -0.106744087084145 0.147482273287507
-0.0147657411737248 -0.0338691856481001 -0.110935320821346 -0.123315802478906
0.0250791104154145 -0.026009877363776 0.193112983473356 -0.385776995568163
0.0636516641044199 0.0153125600084558 0.597433000545044 -0.0709431845043934
-0.00994817893485533 0.0518918823922402 0.520862594752098 0.661330279156542
-0.0677079243194082 0.000138819978231581 -0.304998015073995 0.82351885543996
-0.0236312138657891 -0.0369600701097288 -0.585801811298477 0.259452907323393
-0.0181376174543304 -0.0341416637969463 0.00350860774026949 0.09078425161843
-0.0300914809780117 0.0102057483607086 0.611903916775522 -0.255914662870324
-0.00182894675762386 0.0269637912201697 0.286936897753786 -0.868055817093641
0.0591146946138098 0.0089820279220364 -0.587308892594411 -0.642196599138947
0.0583392302714549 -0.0479625078636208 -0.659512089573989 0.180916490226866
-0.0122277640340399 -0.0473458714391637 -0.154478231737631 0.431930192475057
-0.0366992752520202 -0.016685839860324 0.124701438716313 0.152840660226124
-0.0288561753654954 0.00990434684730941 0.120732700976713 -0.162844345393256
-0.0241007128017751 -0.00212830412646211 -0.0985572256529919 0.151976485362517
-0.0132241923726613 -0.0328661943707785 -0.10061099454761 -0.12434932431471
0.026706931318597 -0.0281723858501369 0.210349589400221 -0.374717065845015
0.0638220740614877 0.0159802382853869 0.603013999916223 -0.0364581788513852
-0.012602194746076 0.0592073196494378 0.484383732692717 0.687307746932332
-0.0720477818893939 0.00938316134036869 -0.355148362900545 0.812193206856192
-0.0338634116501511 -0.0301038001218229 -0.599790655871409 0.234434403162741
-0.0306731747087614 -0.0271559622003853 0.00493248664389963 0.0845862112938628
-0.0382022688737436 0.022174173301762 0.5964159237074 -0.278456814087206
-0.000779829430578166 0.0385359052754703 0.235382248998129 -0.877668070214223
0.0610152684846603 0.0109769761202384 -0.620202298176398 -0.609426056323734
0.0555925930078574 -0.0522522593515378 -0.650289463792469 0.214381935824798
-0.0131540456188095 -0.0490151845048017 -0.135284681927211 0.439167866701312
-0.0374169928204266 -0.0151741535774149 0.13500860715303 0.150714386295661
-0.0307332630169356 0.0120505284500536 0.125015633676106 -0.157669384447424
-0.0220394562365014 0.00134658374190129 -0.0937988809155252 0.158332220016962
-0.0100748577951236 -0.0286187916132255 -0.0930902442278768 -0.122385369629257
0.0269943836208705 -0.0268167542254979 0.218601710662426 -0.363826863468544
0.0596748373298179 0.0164017178155578 0.601113458416043 -0.0150367890469598
-0.0161160581468 0.0644322359866582 0.455757572958762 0.703395243504706
-0.0729133157841464 0.0179851731565749 -0.395711401053884 0.799823251455788
-0.0425907233929137 -0.0197912914264798 -0.61576035386352 0.221824901220524
-0.042016252288942 -0.0181415234146463 0.00172978808599305 0.0802316198283145
-0.0428014838643387 0.0351457089642107 0.58246411669903 -0.292151413851098
0.00223024296546507 0.0491872813390964 0.202881212355172 -0.8801222229874
0.0605650194566637 0.0138379585668426 -0.638563361987936 -0.585569078785923
0.049980960312712 -0.0524055220054023 -0.640385418927611 0.235359105426405
-0.0146559195718817 -0.0475143494963926 -0.122789114556183 0.444914720538376
-0.0354919724148667 -0.0102754360411215 0.143566028952708 0.150748750994624
-0.028876298758529 0.016495784707384 0.131022878629592 -0.155276200972746
0.016591121139477 0.0127672566584374 -0.0969304321120855 0.169614962011751
0.00698567626313269 0.00414945992223588 -0.172657470962313 -0.0668949075330824
0.0168810860882852 0.00414119174061581 0.0232381403274522 -0.437767358337508
0.0349979449856057 0.0125910648760315 0.500591377794627 -0.32128656942497
0.00453230584745071 0.0350275363281658 0.74493833424567 0.366393281128102
-0.0298904275825172 0.00351108970368438 0.0734828697148659 0.880911585590334
-0.00461375811022342 -0.0218587356672549 -0.460213508226252 0.473812944647185
0.00352263921971399 -0.0217903246098016 -0.0312848759925188 0.131247369860866
0.0101087728900522 0.00689088892749471 0.605078010956884 -0.24258647967076
0.026694295109151 -0.0027795966372098 0.361905375691225 -0.878410587939564
0.0356317654777703 -0.013274587117937 -0.563875366460618 -0.711770720212284
0.0154308212180489 -0.033582175828406 -0.703653495793352 0.153494304278127
-0.0219252971560651 -0.0106136413940242 -0.15487156722391 0.444115118566258
-0.0120897377757837 0.0261643001824542 0.130773222302794 0.154460746765737
0.0128243754706948 0.0342670918746715 0.0844938912097152 -0.196524003272696
0.00732620915852123 0.00827661653690164 -0.0984438344774467 0.169411707403036
-0.0015363123708481 -0.00308974357605515 -0.171147077653938 -0.072551898582449
0.0162178347200737 -0.00266209830844491 0.0317270011739196 -0.439214332937625
0.0418001566351715 0.00821723633074653 0.512051795485687 -0.308278601377524
0.00654085704021582 0.0326057065069448 0.741269429990902 0.385727555858699
-0.0356452737780469 -0.00074884282906598 0.0568004012973502 0.880218548845883
-0.00621317271899712 -0.0310487565437296 -0.460700345916405 0.460651957832914
0.00580420369185584 -0.0304184388674023 -0.0188768658588261 0.126642663327029
0.00906800075587061 -0.0016865390805189 0.608747720723651 -0.254986340004463
0.0219280813522621 -0.00639984467013714 0.345122324295789 -0.885761288858259
0.0390599889278346 -0.0145384167538178 -0.574751320705387 -0.696660019692941
0.0226299793387299 -0.0370436574572771 -0.695774417835595 0.168629951711195
-0.0209413395663245 -0.0164301146594101 -0.147974049539728 0.443588056678998
-0.0185427815498645 0.0171348188436708 0.131166990279917 0.150414181030325
0.00581591245145825 0.027333337768283 0.0828390397284523 -0.19792397755681
-0.00189655188200797 0.00414426059365708 -0.0950626165778112 0.169208077539145
-0.00989104226687551 -0.0102593444620107 -0.165538014867134 -0.0807291150052929
0.0146342519406253 -0.0112949875753186 0.0489967374628542 -0.439510514450656
0.0498305467485113 0.00242237882821044 0.529108813454515 -0.283690100089072
0.00959390213929232 0.0334962500216347 0.726760179351243 0.418349625732242
-0.0411793547058964 -0.00061226659754493 0.0198219460204185 0.877513470868212
-0.0113076053828483 -0.0365281447691316 -0.470922590326961 0.441450506195563
0.00363056632300133 -0.0359395475012862 -0.00516584034202523 0.118604534972971
0.00299732066964799 -0.00543731566137953 0.608694850236184 -0.280126243192067
0.016316629378114 -0.00619770385165873 0.306297081828957 -0.901161141582631
0.0421786054289379 -0.0152106352973849 -0.603697600844 -0.66523216260495
0.0306649585076242 -0.0422007740336849 -0.682601648190542 0.199303128606628
-0.0210682869274486 -0.0240281463398836 -0.132453600449635 0.449145261403679
-0.0252515016321974 0.00799093262600416 0.135240337392876 0.144629951892528
-0.00211761195503658 0.0213324009363249 0.0812287239183297 -0.198877831274227
-0.0111608154264928 0.000539905220688454 -0.0937728362022731 0.167582048318422
-0.0171129391559068 -0.0185599046304336 -0.157808180101919 -0.0909805895424878
0.0148335817487117 -0.0201811767949616 0.0726471644845992 -0.437223531775021
0.0576279120248515 -0.00245565888019217 0.550517593292269 -0.251954834199176
0.0112562338536397 0.0364276021362502 0.70513950213034 0.462243187362453
-0.0468576927076185 0.0030038769933578 -0.0314985474106683 0.87741975736005
-0.0171474400420804 -0.0363936978507001 -0.487926434370199 0.413382679745037
-0.00317540612480815 -0.0378929052587821 0.00630301169062442 0.10873892145909
-0.00534817005996927 -0.0040653640523682 0.599400961689223 -0.309144466775607
0.0113299014924927 -0.000849032460722529 0.250901436573246 -0.914359360201
0.0467311220748807 -0.0141400031856352 -0.640015057962566 -0.624067428120754
0.0358202915797915 -0.049254260452006 -0.665591806157751 0.238191500359226
-0.0215530237911004 -0.0309486166341191 -0.111651388908192 0.454260463009233
-0.0310042527643072 0.000724147475917366 0.141145954942457 0.138999938110682
-0.0115574492911074 0.0167390246988727 0.0838253498493692 -0.195716514263503
-0.0184031688441291 -0.000589340157821696 -0.0866852977548468 0.168836223955157
-0.0210852016754536 -0.0240195917172938 -0.146460753446345 -0.0993440637250257
0.0158026924592018 -0.0276999875045918 0.0985130659921948 -0.430515833161386
0.0641816705895407 -0.00430823594191062 0.571371948586499 -0.213906327211258
0.0127870090282086 0.0425285395613636 0.677560232854368 0.513297838193046
-0.0513495666720281 0.0093050228450707 -0.0915729722484571 0.876394130433715
-0.0239339276107371 -0.0336590570332751 -0.507562975589704 0.38431507951402
-0.0115309715987624 -0.0352744218542771 0.0157161800752232 0.0982356674922736
-0.0140531090357687 0.00115981231108005 0.584335060052093 -0.343213252768871
0.00818111169728431 0.00745801433868304 0.183060804537488 -0.928351514315551
0.0497299438930539 -0.0134608008743752 -0.681573519463696 -0.575991356692698
0.0379289130886398 -0.0557611519714503 -0.645367030993507 0.277467040739346
-0.0234345786205568 -0.0366609475038758 -0.0904193671559788 0.45897465184643
-0.0362889968724168 -0.0039855651048451 0.149999484549199 0.132979896499896
-0.0178129522903105 0.0139365613832262 0.0861945126501925 -0.192923393313628
-0.0233226026405745 -0.000985737380156981 -0.0798437354481588 0.169305722471096
-0.0224421488225787 -0.0284100216543677 -0.134819984110973 -0.10677223908913
0.0173757727042884 -0.0326553308827895 0.123518638618886 -0.424863694648731
0.0682868325918965 -0.00562961258997024 0.589965066086011 -0.17539128586041
0.0136807575404788 0.050608563170256 0.644683425623072 0.560729651740109
-0.0551204993076117 0.0180747979953126 -0.154814858424303 0.87349804655036
-0.0324558447723414 -0.0267273738993813 -0.529750225824849 0.3561212933153
-0.0227536282154737 -0.0290139179426549 0.0209180665074847 0.0881880757952967
-0.0227369664114585 0.0116949840137142 0.564261344838345 -0.37201671475806
0.00793664861999664 0.0188207118476721 0.116443897011065 -0.934178977511586
0.0526213937307582 -0.0115577516162878 -0.717893738192919 -0.523387055637704
0.0366010786909708 -0.0620442747966161 -0.62480780602744 0.318562867238915
-0.0252400810073472 -0.0401966065919884 -0.0651248263731964 0.46547525342809
-0.0391315472103306 -0.00589807943528927 0.160232551504875 0.127761141804357
-0.0231601149261498 0.0135369447937469 0.0914427560075515 -0.18681763227911
-0.0243488773778126 0.00216968842734467 -0.0711918887413712 0.172474915559502
-0.0205258174436062 -0.0285920240898368 -0.123974551012279 -0.109703645847305
0.0181731498824282 -0.0350183971378339 0.14138113599926 -0.416040202266572
0.0689873668324067 -0.00454636443721897 0.599924689994288 -0.143870343703561
0.0114900697239688 0.0585478788565349 0.612079753138634 0.595606114799241
-0.0569647594612068 0.028433165742572 -0.210113725120182 0.869456295604466
-0.0403545509387519 -0.0163374988928363 -0.54976292075033 0.335537577920813
-0.0340301419168259 -0.0204436030824297 0.0208242660852098 0.0813252349963863
-0.027413024928998 0.0245065563369264 0.543949307808878 -0.392608050406398
0.010491707842361 0.0304492855647544 0.0650681181044373 -0.934772000321477
0.0545453694560323 -0.00944375547198865 -0.744374939483796 -0.487154692979287
0.0330033672672399 -0.0642293765865322 -0.607481274265997 0.348898853674708
-0.0273264486307575 -0.0407251220218525 -0.0460030443354378 0.469163361355535
-0.039272085165369 -0.00357863074435048 0.170504649253504 0.122728938569008
-0.0249836973758481 0.0159554425411661 0.0969193938277143 -0.183272675788211
-0.0203671371492904 0.00598448623484463 -0.0662906887303207 0.177209366749152
-0.0162281020769854 -0.0239530630552406 -0.11590351545814 -0.10939602088183
0.0196871290014951 -0.0331578949895217 0.152566025948517 -0.407299767650683
0.0651650982533469 -0.00331721182511001 0.603430965336685 -0.121704779174781
0.00997253705941282 0.0649100428692089 0.586723495150844 0.618073113352534
-0.0570506592228795 0.0371245125868353 -0.252887925061954 0.86680603086199
-0.0472264019803588 -0.00596601214873312 -0.566013374510289 0.323478241715761
-0.0433299755189785 -0.0099547343059246 0.0167475637433305 0.0780447276704666
-0.0303669777576887 0.0373590421270327 0.528946664807122 -0.402051078163244
0.0154189218707366 0.0390210947887618 0.030228662343186 -0.929165921648556
0.0552155322810348 -0.00649034914044201 -0.757988806928715 -0.459863877882463
0.0275714602894787 -0.0642781272436343 -0.594262389131411 0.368159083786704
-0.0277925197899373 -0.0392866839279406 -0.0305044873699043 0.471488817542585
-0.03628419911677 0.00096171741651804 0.17858298439641 0.120607678684598
-0.0221629625847346 0.0213913927009571 0.103673542765022 -0.182798003360659
0.0166103114582403 0.0120261214142949 -0.0964980337988731 0.170406483084905
0.00676014732642315 0.0040675110708074 -0.171495708851293 -0.0652428260833049
0.0170689980525916 0.00362919552059228 0.0224798288264208 -0.439691019164116
0.0346039929230874 0.0129450400497888 0.502681907382542 -0.323545092573203
0.00481276836949278 0.0357172745082459 0.745495157452946 0.36604556370039
-0.0296129644990213 0.00335632083442637 0.0734741870001758 0.882162242765944
-0.00418326210059947 -0.0222512204859176 -0.459293160014634 0.474228735825087
0.0030264294608584 -0.02178955120762 -0.0313362457350401 0.130663586977646
0.00998424887313692 0.00670140061338245 0.604010453245336 -0.240162394809596
0.0266230076136133 -0.00243830244393162 0.362665131630439 -0.878195589520141
0.0349969909707101 -0.0135311932754238 -0.564338600708392 -0.71119997739209
0.0144834683604268 -0.0334986411427661 -0.704746904838228 0.156121013046665
-0.0219191754901188 -0.0106439299799649 -0.153976163611284 0.443975263120888
-0.0122316365789598 0.0266872930274671 0.131411291075808 0.154985359371115
0.0139668610416312 0.0340500722016645 0.0846787598007419 -0.196669615255135
0.00776815906480584 0.00744534652814124 -0.0980876531973876 0.169358802668059
-0.00202748999835494 -0.00289179927290943 -0.171258899270353 -0.072456656584347
0.0156686490984219 -0.00256126465176362 0.0312841863856529 -0.440617589192626
0.0417655904533092 0.00776464972828418 0.511699952699029 -0.309951905511114
0.00686224777506318 0.0328069125733116 0.740795561487253 0.383092295919939
-0.0357211662304023 -0.000716511642305077 0.0554246398690496 0.878245888215144
-0.00615098998983474 -0.0315545235518196 -0.461550446809785 0.460969312611124
0.00595596618762992 -0.0309054356284208 -0.0190647915260414 0.126363969830523
0.00909476279608108 -0.00168176056718633 0.608387598602134 -0.256146498342887
0.0215294954346718 -0.00647506022783554 0.346049579142661 -0.883845949448736
0.0389152747146704 -0.0141126077545801 -0.576176103885107 -0.697080922339391
0.0224683087191925 -0.0369787651100761 -0.694478134446456 0.169179328949337
-0.0212411601884151 -0.0164253096807768 -0.145543640068392 0.444515589933205
-0.0180661314198247 0.0174038069532938 0.132423726447628 0.151300310439818
0.00617297723409162 0.0274121065078009 0.0828861146691608 -0.197430414651378
-0.00151854020035701 0.00303711344179 -0.0956711269371363 0.169288617906019
-0.0106525667399377 -0.0111281275865836 -0.165505289982156 -0.0811300057009808
0.0144352795435027 -0.0118381371040962 0.0478317950748283 -0.440144044070933
0.0495585588940685 0.00216534943177161 0.530802153228728 -0.287002823161312
0.00922110252345835 0.0331732504311482 0.72826498186214 0.415890861149725
-0.0410630117576377 -0.000864681506502652 0.0206728878329246 0.878342169956997
-0.0110105075780996 -0.0361784212177906 -0.470878151032134 0.43954111294043
0.00342188038880859 -0.0360127594785353 -0.00516253716424916 0.118215610718772
0.00329397604703496 -0.00618672872919523 0.607022488051728 -0.280290272609714
0.0164717194078532 -0.00619007687747538 0.306175607571189 -0.902835658013962
0.042069931390822 -0.015011760437975 -0.604501134414022 -0.66449153623722
0.0303507125733226 -0.04287965594561 -0.682972352237251 0.199096646003411
-0.0210512237338624 -0.0238333429021861 -0.133109645805815 0.449288988727301
-0.0243856427066937 0.00835940945495873 0.135220990041998 0.14487562544601
-0.00208625485408576 0.0213424706875768 0.0814057853932641 -0.198563386306911
-0.0113052004320579 0.000579116047218218 -0.0935490007002951 0.168136498264664
-0.0175170082816808 -0.0189217982125402 -0.157288248493609 -0.0908582898584802
0.0145641393648676 -0.019671221030179 0.0721108794626543 -0.439215906239154
0.0568202175581367 -0.00204707766185909 0.550561767287992 -0.253907841100854
0.0118979841766405 0.0376317022504338 0.707201207254409 0.459751896514249
-0.0463815062476033 0.00290918757649908 -0.0333432656846151 0.876874030025116
-0.0171225746034018 -0.0370533806966767 -0.487895076528598 0.412412719020952
-0.00325853682142157 -0.0376544532981317 0.00564059762223437 0.109033454110698
-0.00537081202853157 -0.0050489314655311 0.600316220154855 -0.308647207150446
0.0110807497520281 -0.00104383425992816 0.249051366386295 -0.914371853666246
0.0460737430963749 -0.0141878970263799 -0.641045556365059 -0.621681629139936
0.0348310186590905 -0.0493549522823347 -0.666498827862357 0.239283329021492
-0.0215073988209965 -0.0302795722789395 -0.111701727533684 0.454038889219677
-0.0305826669195148 0.000658591962473499 0.142231978929398 0.139214337255766
-0.0107077578581065 0.0162042054410989 0.0836482991186583 -0.19547804643462
-0.0186933446504718 -0.000990617101088536 -0.0857335800274559 0.168754934915492
-0.0216983731962702 -0.0249135656488063 -0.145809935945326 -0.0990253542288857
0.0154378686205343 -0.0275170776976352 0.0979656788058964 -0.432686920608673
0.0636354419605264 -0.00515084955278656 0.573152532767931 -0.21585238016229
0.0129008296272807 0.0434786126527223 0.676389982271866 0.512081331595169
-0.0512170133826167 0.00912093970016139 -0.0941163131825339 0.877084185506739
-0.0239007211863845 -0.0338403416492277 -0.509157526112564 0.384736796681786
-0.0115841884034127 -0.0355603075255708 0.0153603953011144 0.0985524035058477
-0.0137740446683736 0.000562431812379804 0.583459023893355 -0.342298921789457
0.00768001659816826 0.00737508583170773 0.183512984472569 -0.928965722124273
0.0499720658785512 -0.0135497387084818 -0.681516381222814 -0.575747324630407
0.0377841601159324 -0.0558707771593165 -0.645378337795422 0.279383643929227
-0.0231771572083058 -0.0366699220229147 -0.0896804930051533 0.460303709954937
-0.036036840160452 -0.0034314815026253 0.151153486060092 0.133658599755407
-0.0174199449238424 0.0141708505001623 0.086258467494972 -0.192715717098022
-0.0231690840466455 -0.000654059029745911 -0.0798623954734747 0.168852657231541
-0.0222999343311656 -0.0283078107725752 -0.134042681052118 -0.10708866708982
0.0173897010860742 -0.0328301080697629 0.12406423865629 -0.425368268610795
0.0687346782410793 -0.00593712897291065 0.591029611396665 -0.177858784185271
0.0132671735849497 0.0507530909870548 0.643839328504508 0.557921788985495
-0.054621391794943 0.0183768251502112 -0.155762209306727 0.872113833014287
-0.0320218184108762 -0.0263668941832868 -0.529653650588065 0.357473171626628
-0.0222460547320978 -0.0292534849533114 0.0210776613384945 0.0881637253732414
-0.0224058457684576 0.011242129923363 0.564130159969573 -0.371329438451186
0.00759899414457567 0.0191305432151063 0.116341763727068 -0.930774841005497
0.0521850547578112 -0.012361473524776 -0.719926464349891 -0.523736919888794
0.0360291708238537 -0.0619481134991188 -0.623752657636622 0.320456691777468
-0.0255507984595 -0.0399575625133253 -0.0651341983834239 0.466227103381584
-0.0387436836697255 -0.00531629177517284 0.160737525758104 0.127376095130178
-0.0229901762053339 0.0141173126094216 0.092261835057887 -0.187104320616082
-0.0237963337626775 0.000627343744451337 -0.0707051979270405 0.172973452077396
-0.0207247596463342 -0.0278796056297278 -0.123076135510516 -0.109363726826993
0.0187099944953194 -0.0346805869562366 0.141513639690848 -0.417929886332977
0.0689662393903779 -0.00494612385766222 0.601795523755624 -0.144020657853865
0.0113027620534136 0.0596822422346541 0.613901682821232 0.5959444267331
-0.0574369502117264 0.0280551709857564 -0.209135717996736 0.871544508273862
-0.0405437873281355 -0.0173237860124365 -0.548888433818095 0.335026875279866
-0.0338942721269142 -0.0199950381501965 0.0212431391597407 0.0819294898127339
-0.0276744880093596 0.0243301829771691 0.54413004321064 -0.390364548267268
0.0106333782590301 0.0301418223422679 0.0638692199403347 -0.933489975077647
0.0538245358160836 -0.00980726800563654 -0.744839151998969 -0.483912979404432
0.0330860667574068 -0.0644749711094441 -0.607182406433268 0.349800122224671
-0.0274976647582955 -0.0404406430357504 -0.0445328431831369 0.469790755951632
-0.0394847046462355 -0.00358660926344079 0.170330482890994 0.123594018218562
-0.0238331116286665 0.016441522528529 0.0969961856228617 -0.183451967020259
-0.0204304102575182 0.00516073238653597 -0.0654655862818909 0.176790477941625
-0.0162807869604633 -0.024244960251603 -0.115211801455524 -0.109184094128276
0.0190701796885802 -0.0336414998817732 0.152902422185752 -0.409507554723203
0.065323958530114 -0.00318305507247714 0.604330144355772 -0.124857172084384
0.00925365209134256 0.0649013761562281 0.586156865524204 0.617019913585296
-0.0568439711946327 0.0369454019369557 -0.252488639104386 0.868070153989844
-0.0464160294871029 -0.00625079962146619 -0.565791867545283 0.32211370451793
-0.0432636867536704 -0.0102662273446719 0.016720275190483 0.0776152634674728
-0.0302010703353039 0.0367351408469127 0.529501551891651 -0.400902438915407
0.0157228065107533 0.0393494826592505 0.0291463657327355 -0.929383734135086
0.0542907911738601 -0.00710524036095167 -0.759783021207427 -0.457865154918501
0.027432239841893 -0.0639923085424841 -0.594936670222053 0.37046767727175
-0.0276845943406417 -0.0389359407850018 -0.0301319972994496 0.472659103313434
-0.0363882688570272 0.00119608491358572 0.178630624760436 0.120941474402468
-0.0216172095922152 0.0210666623536467 0.10321719050671 -0.182396002639557
0.0170124426929146 0.0113495110245025 -0.0960251084827856 0.170673169777465
0.00675580418864217 0.0039658197799012 -0.171362040210871 -0.0654563277393837
0.0175926156758209 0.00371347377436182 0.0229695977582089 -0.44151469173653
0.0349218623510954 0.0126541922149241 0.503714762551832 -0.326323729667665
0.00509629996604888 0.0366324307225786 0.746631271392087 0.363990896607216
-0.0296202058684874 0.00282156997737643 0.0751680489746218 0.8831217720763
-0.00384293296001424 -0.022289246909802 -0.459614327960711 0.475064446997627
0.00358933274396266 -0.0212461583897655 -0.0307671364268816 0.131194265728131
0.0100562199787289 0.00593556459835952 0.603492721352382 -0.241002434818718
0.0261382038691634 -0.00287758410843866 0.362927944215106 -0.878373923963303
0.0356607951171384 -0.0135474075515051 -0.566519240256824 -0.712392344585117
0.0148414222039801 -0.0333463409697559 -0.706437067109269 0.157793716650497
-0.0221480002628204 -0.0108493827566606 -0.152789086382911 0.446347276241654
-0.0113041165557974 0.0267329430803022 0.132279570250532 0.155249771932893
0.0140565989050425 0.0343713001976061 0.0852589659587182 -0.196073735549437
0.00781584471144761 0.00627402550727104 -0.0988863125803711 0.169821039348591
-0.00204540141869886 -0.00311871040975473 -0.170213373086828 -0.0724696157785887
0.0163161303516188 -0.00342822236265562 0.0309910558424293 -0.442613137742377
0.0416351599167511 0.0075266583634786 0.513689928701565 -0.314550968999603
0.00705269716813945 0.0341371403062821 0.741546967229737 0.381981601552697
-0.0352949924657725 -0.000762437945464491 0.0568360247429406 0.879720780990827
-0.00602472850663253 -0.0325066243678996 -0.461699449800787 0.46146738764175
0.00627299509147935 -0.03054967126905 -0.018212488481256 0.125529783691735
0.008765377881091 -0.00251009890131135 0.609293116865324 -0.25549783622722
0.0214250568539568 -0.00702634915344516 0.344525419467526 -0.888581957978952
0.0382642743598181 -0.0142725286122489 -0.577588944190455 -0.69805101889765
0.0224082539276638 -0.0367952755757086 -0.698095642527864 0.172367507807804
-0.0217785976359931 -0.0161361718835037 -0.144288839259957 0.447397404294892
-0.0178831919358322 0.0176183994798902 0.132656799985558 0.151510079661521
0.00669985537510684 0.0274137307355539 0.082759667005413 -0.197885914789775
-0.00100559926721148 0.00206740695028426 -0.0951416355715687 0.168985152321285
-0.0108914336867325 -0.0109382657806645 -0.165254982415875 -0.0816307880619722
0.0147691700142184 -0.0114005480765351 0.0487094736551924 -0.443014942708261
0.048890139898781 0.00271751428787731 0.530385192292753 -0.289660085606396
0.0103655560799892 0.0339518043796926 0.730214480260338 0.414015660100514
-0.0408369403146569 -0.000341955428990986 0.0199032277779954 0.8796633105529
-0.0105007774515804 -0.0367940630019555 -0.470385764804063 0.441465496433692
0.00363930616535738 -0.036206006302727 -0.00518414760822254 0.118426009452474
0.00297931086490813 -0.00619716550427565 0.608232560690955 -0.279843028650693
0.0159678213494842 -0.00669132216633224 0.306681529809382 -0.903085545083534
0.0421187363511554 -0.0151347319318314 -0.606686955708976 -0.665407718481553
0.0295997908013656 -0.041657160150432 -0.68286979566834 0.201672555175383
-0.0216884148635174 -0.0235116035527984 -0.130746934629827 0.450631923071926
-0.0242372765542548 0.00920709944857292 0.136425351989056 0.145137861225534
-0.00153609912611615 0.0218410615867907 0.0813326574934919 -0.197989674316543
-0.011233709318619 -0.000294545272707909 -0.0926872036680164 0.169171494059994
-0.0176047628775624 -0.0188942051215884 -0.156915096977698 -0.0911633199964158
0.0150832337818652 -0.0204884776817374 0.0728414940301551 -0.4405981377305
0.0573474341545247 -0.0021690630241135 0.552979025496658 -0.256186805733404
0.0122916908720813 0.0382030078561995 0.707600315668957 0.459284405182521
-0.0456871953038113 0.00318582219640095 -0.0342510485284516 0.878786413719481
-0.0165932608937505 -0.0372461827284758 -0.490065157772053 0.413138788922874
-0.00323474875852587 -0.0377409385274405 0.00680779125645677 0.108222603745654
-0.00553949677551559 -0.00538471898016584 0.599360964420164 -0.307848793003825
0.0104986721353334 -0.000906534755447351 0.249891524889861 -0.91647480830552
0.0465119279627761 -0.0137012348388452 -0.642456270481391 -0.622955570696841
0.0347327579661026 -0.0493898913770908 -0.665887801264712 0.24059004852852
-0.0218241849257414 -0.0308236216383051 -0.111165349321493 0.457010642501594
-0.030258092301869 0.00111572686811226 0.142890985834714 0.139622955663754
-0.0105520115773652 0.0164597812922634 0.0845907086509111 -0.195297223036477
-0.0182123610649031 -0.00221774548631954 -0.0861212555538279 0.168706632889373
-0.0219047768010984 -0.024791674527785 -0.145746117330639 -0.0998750922246947
0.0155657489514957 -0.0272234841452689 0.0979909453126187 -0.434733739607876
0.064140337172385 -0.0050770669912783 0.575055226333908 -0.219167110795064
0.0137358893678144 0.0439863272164417 0.680400606812636 0.510229801679264
-0.0505026921869964 0.00931878343885007 -0.0928986723065434 0.877707219371193
-0.0238028101704521 -0.0340398241136524 -0.508098278312176 0.384462792387052
-0.0115915472311381 -0.0362261640899531 0.0162774677523318 0.0978654959509905
-0.0143488589420884 0.000316370301841631 0.583859059555312 -0.342271781816747
0.00822661752060256 0.00792117799043858 0.184177878294394 -0.931102375577555
0.0500515687903548 -0.0136297100108966 -0.682647579162817 -0.575306399144166
0.0366847961775993 -0.0555881458166131 -0.646130456897711 0.282765147008412
-0.0237512850252128 -0.0370224358292601 -0.0873005223739934 0.463162679957655
-0.0353518582725463 -0.00331610751007628 0.15212470910366 0.133272123566916
-0.0170256800940634 0.0141818657555355 0.0865241647889775 -0.19262465003994
-0.0223723454017872 -0.00213333456916868 -0.0788276412405122 0.16902664552783
-0.0233332246090948 -0.0285967685509977 -0.133703771601505 -0.106952096296724
0.0174070974227274 -0.0328840648515678 0.122455749414314 -0.427970374549781
0.0685707458190601 -0.00646447785801002 0.59081329662017 -0.180726843179529
0.0132194021537812 0.051963368236027 0.645629628178667 0.558617540380557
-0.0548515657478868 0.018266142527112 -0.156841732184951 0.875802074524002
-0.0319003946723037 -0.0268169021267522 -0.529796011750245 0.356066423005613
-0.0225486555088408 -0.0290348920689096 0.0214689488641546 0.0883235146817273
-0.0221388219684578 0.0110364419733871 0.564290716235003 -0.37070624648087
0.00713313335484209 0.0187582474842572 0.116446882921245 -0.934379724604102
0.0526889489484901 -0.0117315133384223 -0.718506764686583 -0.524503590139224
0.0358148357643722 -0.0619981947408197 -0.6263240805839 0.322403490807732
-0.0254658850534465 -0.0398314089688241 -0.0648591767083945 0.468536642218923
-0.0386254691944352 -0.00517415905313055 0.161780109796836 0.129007609668348
-0.0224115944448926 0.0141646718052697 0.0928987645375924 -0.186791663010219
-0.0234899386735146 0.000149524370982528 -0.0710580492088447 0.172145646224546
-0.0205306438044619 -0.0278331563146591 -0.123339433797645 -0.110684774575904
0.0188930689636921 -0.0351950520652172 0.142577463196385 -0.419958155192705
0.0687060967032889 -0.00463297428349961 0.602804391800259 -0.146835657734693
0.012486199860209 0.0601005511330439 0.61499815539907 0.59314778374168
-0.0569077581046403 0.0279082196535687 -0.209552169319889 0.871370298812939
-0.0397581752904132 -0.0173419945111259 -0.551324095703724 0.335635804159891
-0.0342387997674473 -0.0202048789836794 0.0209949905159718 0.0809947011932531
-0.0272650420039368 0.024222797499037 0.544066638652323 -0.390948622594587
0.0100133086117398 0.0302344026728593 0.0638736684483267 -0.935185244202202
0.0543980379624314 -0.00985597162675316 -0.745660179980563 -0.485853978581465
0.0326846809675276 -0.0644595819830712 -0.606218782506004 0.354354229810059
-0.0275173471442012 -0.0408108118145098 -0.0417131930073073 0.471689470338906
-0.0382078384687093 -0.0029770797008176 0.171611366786644 0.123489949527208
-0.0238690819135099 0.0167997492496802 0.0974686787389808 -0.183798824217007
-0.0202491081262782 0.00462000486932545 -0.0647869752109272 0.177081121966305
-0.0170169436026797 -0.0234547715513549 -0.115449631016796 -0.110145528421309
0.0187663265323502 -0.0333682166418813 0.151092201421463 -0.410664611335157
0.0658312264319829 -0.00320440654741329 0.606246271140374 -0.126000510190082
0.00931361080693058 0.0661461323469357 0.58594290837559 0.617493829861573
-0.0567511756246301 0.0371804961722226 -0.251936139400946 0.868761987032466
-0.0467515413388003 -0.00679985624444188 -0.56656900426679 0.321876729492493
-0.0432883154384354 -0.00931842120116257 0.0175255944147494 0.0772876335903931
-0.0301596969684796 0.0369167629442756 0.526232157237721 -0.402221260946048
0.0148666017296411 0.0388533772551891 0.0302313104606084 -0.931317614608643
0.055114473627233 -0.00703490931198742 -0.759967354364603 -0.456851973300274
0.0274941826572556 -0.0635695829308513 -0.595332480210519 0.372144446289826
-0.0273696407297798 -0.0387040727537358 -0.0284987215075088 0.473199622642879
-0.0352614199874602 0.00120540839766724 0.179004331191925 0.120872272244896
-0.0212131636881559 0.0213063036244378 0.104413829562195 -0.183129747536399
0.0176572429852467 0.00987261946402726 -0.0969379442809394 0.171324817727813
0.00670539487013748 0.00398605508726458 -0.171220643502073 -0.0663066513928409
0.0180109972912918 0.00409036832353487 0.0208616431929677 -0.443373446321297
0.0350982147089094 0.0127127897458432 0.50365273233607 -0.329166055731482
0.00551330605198102 0.0374391392396285 0.746418830625973 0.36288046379385
-0.0293609494122355 0.00333573984760792 0.0754263330729553 0.885679623339412
-0.00386345930475712 -0.0228471816002162 -0.461147821956333 0.476095907833616
0.00335629465060404 -0.021092126522689 -0.0305785010640287 0.13068540094825
0.0103578006805969 0.00550960059608242 0.60587076004048 -0.241397738504561
0.0260476715226291 -0.00241256344640055 0.363267502870862 -0.883463093733241
0.0356308975316959 -0.0137883795456505 -0.569169651881284 -0.71522718303966
0.0142259225031291 -0.0333026011785713 -0.707623087405339 0.161724559017061
-0.0221085935347989 -0.0109144475117761 -0.152840005741841 0.448454821959525
-0.0115105409393572 0.0265775358953833 0.132986661366021 0.156108703595485
0.0140600219971451 0.0337701609739685 0.0850059647196111 -0.195845224520826
0.00790641941345353 0.00593726825014519 -0.0982481453450038 0.170528377377528
-0.00194608404460241 -0.00345549811516998 -0.170876802230076 -0.0726535661102955
0.0159865963421482 -0.00334558328346032 0.0305698808716052 -0.44564387369481
0.0419321018369434 0.00780933920413216 0.514987340796463 -0.317311089750118
0.00810476385996634 0.0347029959590194 0.743444356306994 0.380952556994049
-0.0356033870167549 -0.00103230848294173 0.0579365039453456 0.8833033075868
-0.00567220855724833 -0.0323416673113292 -0.462181055343954 0.461432015079274
0.00612205055052512 -0.0302092335300763 -0.0179848141758101 0.126539113551293
0.00869246909015859 -0.00268698187205967 0.611489948149377 -0.256338578086355
0.021513047583853 -0.00682543555157749 0.347462625088118 -0.890213291209857
0.0387875755893112 -0.0150376871669621 -0.580627448368685 -0.699225251419432
0.0222092647926572 -0.0373506553166055 -0.69897160046364 0.173566416208819
-0.021680366866337 -0.0163245022590344 -0.143802824632086 0.447884978943518
-0.0171523669229669 0.0180259040325757 0.133938760798061 0.151607146108751
0.0077114250678051 0.0276641996737287 0.0830763223033177 -0.198035156497593
-0.00152349523357839 0.00206089638000581 -0.0956100300601374 0.169540327800122
-0.0105797693168079 -0.0111336075168438 -0.165156257362066 -0.0813860580854685
0.0149533049677545 -0.0114261319813996 0.0470106679500337 -0.44496148521032
0.0493135314624074 0.00209232784742807 0.53342059733927 -0.292631201827257
0.0101218989950952 0.0348463546403268 0.731619205171673 0.413244022339523
-0.0412156400754791 -0.000524421126868376 0.0217374878035539 0.883018096352854
-0.0105577497022336 -0.0370529699288452 -0.471888621247351 0.442540901279461
0.00360136410956151 -0.0355529795174286 -0.00454925096904209 0.118254683217253
0.00314305724767822 -0.00635108308558009 0.609432450748482 -0.28032138492605
0.0160015689151919 -0.00680823569095823 0.307392442700996 -0.907146651251254
0.0423445293467687 -0.0149805781730891 -0.609155921440766 -0.667329427706006
0.0296907109163349 -0.0417620855980442 -0.6851352197428 0.204325874035323
-0.0211653895080285 -0.0240502442728518 -0.13074501528652 0.452871848673821
-0.0234734365731325 0.00892904070222989 0.137258227526092 0.145763447296905
-0.00051185038291692 0.0215506421308667 0.0817221838559215 -0.19907231366117
-0.0108514620797954 -0.000634187250367216 -0.0937943251086852 0.169518368634988
-0.0177228353624416 -0.0189651469619904 -0.157246526570747 -0.0919048167541152
0.0149260891299317 -0.0206453336507297 0.0714053344399867 -0.44264867135752
0.0574952638111447 -0.00227300342306718 0.553652342519688 -0.258773221894228
0.0128631029886176 0.0385167301300348 0.709317867675506 0.456840570641372
-0.0464156359533866 0.0029934453908008 -0.0323211391296794 0.881014406904807
-0.0171232211093927 -0.0375218903618307 -0.48894942708878 0.415655814470633
-0.00296920983103095 -0.0377992149756401 0.00709153463917173 0.108192602897313
-0.0051869683391982 -0.00558264659818494 0.601510872136962 -0.307558445057617
0.0107769416739951 -0.00053773156770761 0.250797490288142 -0.918230591053834
0.0466043944342984 -0.0142679252240604 -0.644142390219045 -0.623632638295082
0.0346373334551812 -0.0489949735060571 -0.667482854899246 0.244200227253191
-0.0224489154154565 -0.0308898750558602 -0.110867519726801 0.45949597510956
-0.029638525619438 0.00138912996698919 0.143993082474504 0.140306723660518
-0.0095488913694225 0.0165295712396905 0.0838943200630853 -0.195873914742916
-0.0179750112829619 -0.0022492907458452 -0.085926423084084 0.169585635290869
-0.0222686318056787 -0.0245372200160229 -0.145518592074851 -0.0994381545153767
0.0159930621373083 -0.027726475619231 0.0970892920334176 -0.437498747073538
0.0648555695181886 -0.00548736238853364 0.57598430483889 -0.21997175041048
0.0132468362464038 0.0447685621297554 0.682399576372843 0.510635419977585
-0.0506901102302366 0.00860720520068193 -0.0943381284990024 0.880373481672134
-0.0240157890115883 -0.0350447309435128 -0.509102053062383 0.386860699222141
-0.0116030749600882 -0.0356712510267686 0.0163834268756953 0.0975049531272317
-0.0140580115882712 -0.000204030929598163 0.58624370035381 -0.342987177146398
0.00721265413793654 0.0071422210493243 0.183381533227737 -0.932226940883774
0.0497226173923319 -0.0135243543226489 -0.686801570999996 -0.576004035374336
0.0368660240786054 -0.0557884062986877 -0.646950283533716 0.284757019844536
-0.0236657263857921 -0.0364509001003152 -0.0861062152676156 0.465003395688495
-0.034805844256681 -0.00343193800080176 0.152734668618708 0.133898843963034
-0.0167758675188202 0.0143961859948369 0.0866371223771094 -0.193290284922181
-0.0226340994472338 -0.00263919079087048 -0.0787642422155714 0.169711105245387
-0.0227382780334302 -0.0281947608328783 -0.133011557271491 -0.108499445140493
0.0171538120220561 -0.0332758800143447 0.122086388731539 -0.431036485309954
0.0689809960977926 -0.00605384581256767 0.594849165739283 -0.184456849268906
0.0137707318585639 0.0527594485633452 0.648392663842135 0.557605752061514
-0.0544364766396153 0.0185444058464918 -0.157277624094994 0.878016873548404
-0.0316223194097129 -0.0272510569340381 -0.530864245537036 0.357629383046296
-0.0222784547590135 -0.0290737839863091 0.021619727435574 0.0877279525978462
-0.0220781942253004 0.0106289664620722 0.564436584679489 -0.372439613832711
0.00764283977245666 0.0195259203109366 0.116318470187582 -0.938415637048693
0.0530913659504688 -0.0120547012949423 -0.723545228250922 -0.523604958365967
0.0356178723544101 -0.0622260579696993 -0.626863842063781 0.326546886796058
-0.0261075705219116 -0.0400572066059976 -0.0613778323273194 0.470040592177556
-0.0384259058111787 -0.00404392201899124 0.162891478621741 0.128074789547989
-0.0221081527032875 0.0146966009838648 0.0927722772033091 -0.187595379624822
-0.0231561212280647 -0.000547372672013346 -0.0705914048299 0.173187891860951
-0.0211153154525502 -0.0278823102460463 -0.123142836987263 -0.111249796436106
0.0183251511980699 -0.0348420937232306 0.140819725645913 -0.423117258257233
0.0693174882206546 -0.00522063799037268 0.606944626570834 -0.150267146161381
0.0128774649559264 0.0605092635244549 0.616139639583878 0.594314969277889
-0.056657183835576 0.0283900206374093 -0.210403909827586 0.876997918001844
-0.039290008389656 -0.0179439398332413 -0.550363164291682 0.335675560040145
-0.0337569406935762 -0.0196871578262275 0.0222816824892672 0.0806734386209428
-0.0274880113129474 0.0236812526432273 0.544062505884988 -0.392289166721191
0.00977962340402155 0.0303854773021061 0.0626720348256468 -0.938659876964977
0.0544297673866306 -0.0101770526569244 -0.749714613260953 -0.484779822520849
0.0325994575247986 -0.0649426677946333 -0.608565058862535 0.35722833147258
-0.0275582430295597 -0.0406230300022238 -0.0405107717079593 0.47484173245478
-0.0384020124549532 -0.00241951322907426 0.172729935821869 0.123490809631276
-0.0230651796257196 0.0170435401113344 0.0985078362590119 -0.18482425649614
-0.0204907794154894 0.00330464525350484 -0.0649084601876444 0.177223223629039
-0.0171970401453501 -0.0235752603180478 -0.115723362160865 -0.110354377581557
0.0196903334389682 -0.0336975316681667 0.151967426755205 -0.414401920520524
0.0654736388534916 -0.004125834223769 0.608271350315755 -0.128778674015567
0.00986143654536151 0.0671219439713452 0.589521683676029 0.615890452805261
-0.0568231678842988 0.0372859776802524 -0.253778948937815 0.871419970156391
-0.0470066059948785 -0.00746288348601507 -0.568326881716396 0.323198255008309
-0.0427158618493614 -0.0092481596059531 0.01789874785413 0.0774134201143364
-0.0301589320042452 0.0370811303958042 0.5286918453908 -0.40279321235497
0.0148902106765782 0.0395526555831643 0.029830191425816 -0.932042580791526
0.0547257688049378 -0.00770977959404393 -0.763793869991206 -0.45742655981082
0.0271597892145566 -0.0640025738484863 -0.596394397653868 0.376721273169261
-0.0283382451788645 -0.0392682124460233 -0.0266392105232659 0.477381655413485
-0.0353567137956418 0.00173419714949203 0.181665687474761 0.121614524915758
-0.0204237159472028 0.0212978379436259 0.104621675411431 -0.183556895802344
0.0172937899349109 0.00913129884181397 -0.096294880657243 0.172721672163059
0.00685906820826628 0.00439187779483795 -0.171690171635648 -0.0666143200106345
0.0173654326766911 0.00319374661490235 0.0202702063592977 -0.448382586520834
0.0355122093413494 0.0122011093539571 0.506929636020894 -0.334255763588157
0.00587019412503246 0.0378390025220004 0.753254850736542 0.361429258287504
-0.0296436342849434 0.00281773612326028 0.0762419498692 0.889063800575284
-0.00433902113760977 -0.0235685902948511 -0.461687996873141 0.47903675175324
0.00402321646796005 -0.0211773820794205 -0.0304741966509551 0.131002981016086
0.0101204988806675 0.00549942080287507 0.606912432472531 -0.242367724696964
0.0257586230720388 -0.00294698591930258 0.364707616690236 -0.886503940237487
0.0361091658717122 -0.0135123518148893 -0.572177098341498 -0.718128052727062
0.0142588090565344 -0.0329330299603871 -0.710910677388021 0.165124968598326
-0.0223905675692943 -0.0100799452245373 -0.151292230237617 0.450755561742898
-0.0113187558389398 0.027105734177904 0.134492330921045 0.1564771971446
0.015593096684924 0.03420072958677 0.0854581431589571 -0.1968598229125
0.00866767014362758 0.00486382793374244 -0.0987311202249677 0.171819000114038
-0.00300291486597867 -0.00293321669265249 -0.170886595554925 -0.0730656107713549
0.0160780967040736 -0.00360976743063478 0.0292774098244527 -0.447981142603745
0.0428169058402121 0.00772030853403376 0.516224639445521 -0.321598888386198
0.00773218169785627 0.03550933349353 0.747011317756032 0.379896897672083
-0.0352289830947607 -0.00141051882051327 0.0587237946173206 0.889762501663658
-0.0061078648152701 -0.033404725956981 -0.463838814812042 0.466165636486107
0.00631001731249557 -0.0302276040328516 -0.0169664582470551 0.126503689783299
0.00959927857042448 -0.00275815584373405 0.613982005576986 -0.256380270583334
0.0210385128075307 -0.00698857482889891 0.346638966511898 -0.894399602897166
0.0390332558355818 -0.0150329488522468 -0.58459916536495 -0.701256899937435
0.0215359697037936 -0.0368706408847996 -0.702433931664451 0.177948314324886
-0.0221215119382694 -0.0164830288290026 -0.143491429713401 0.451927986803374
-0.0169262979036088 0.0183225831115354 0.135390164287129 0.152442592734116
0.00805380176822651 0.027195055859002 0.0836951351098667 -0.198989280717738
-0.000981653912974865 0.000260627604891882 -0.0953036127643016 0.171260761241643
-0.0113977267581434 -0.0109885098295419 -0.165739051736928 -0.0814479199373491
0.0149403657191144 -0.0124234952399331 0.045787546948459 -0.448313884177111
0.0498746613082892 0.00221420440551479 0.53690272243334 -0.298152147669717
0.0107856372982125 0.0358560165812059 0.735933320092497 0.413056013876978
-0.0410197922527928 -0.00113492655128475 0.0225396796210518 0.887998855416139
-0.0109058715480964 -0.0382646719269059 -0.472713244288307 0.4453763708254
0.00387040665611625 -0.0358980738033666 -0.00361164541311192 0.118301995511765
0.0031375456343864 -0.00636959580829796 0.612351420548865 -0.281592714360338
0.0154449000522451 -0.00642624527054574 0.305452384026644 -0.91108051875547
0.0428801668687099 -0.0153231219500988 -0.613484827266132 -0.670338575894959
0.0300760115586241 -0.0421738686063462 -0.689268232686397 0.207415766081672
-0.0209751126878398 -0.0233600353116495 -0.129223531609259 0.455966029741688
-0.023206899719734 0.0091265956630352 0.138479187597245 0.146303573140466
-0.000325786175032221 0.021464984709549 0.0823708182994079 -0.199786979530881
-0.0105453350450737 -0.00140815011344067 -0.0935321554881648 0.16905633145139
-0.018264762363217 -0.0184899121693405 -0.1578723462799 -0.0917433501813828
0.0144914729261729 -0.0203849060468718 0.0703261007556297 -0.446647812971485
0.0573633344434472 -0.00235941846586229 0.5572206408191 -0.263950544078573
0.0129220605038499 0.039145131771502 0.714251218449957 0.45839428775572
-0.0464518721258236 0.00274014172724268 -0.0313221536550209 0.887004521415259
-0.0168499466147398 -0.0385102000739687 -0.490947809147871 0.41843694088569
-0.00266991820900947 -0.0375356430579822 0.00837464039726334 0.108417595954745
-0.00461464635440936 -0.00591726333053857 0.604412374863513 -0.310979845721549
0.010792330233592 -0.00109712609712427 0.250009640563352 -0.92481444734983
0.0466866025550463 -0.0142869288047276 -0.649322550690886 -0.627536863109742
0.0348181169863207 -0.0488910094534046 -0.670195418045497 0.248240380738038
-0.0217593928612228 -0.030817106204318 -0.109284915412825 0.462510473054085
-0.029264318623452 0.00187262177376685 0.144796792400271 0.140880113263949
-0.00885968947504654 0.0173367359182765 0.0842268574879154 -0.196701392021333
-0.018322054839435 -0.00324567801682006 -0.0854646843423466 0.171170245746285
-0.0222201248076628 -0.0245600258631346 -0.146153508895434 -0.09995513931099
0.0158363044383635 -0.0286588136751534 0.0953395451792089 -0.441453138934567
0.0645878705317062 -0.00514539392186513 0.580174967022711 -0.224792214845356
0.0145344736296262 0.0458352051435114 0.686041744275306 0.510221141865713
-0.0509043967865022 0.0085380245424708 -0.0913256138041204 0.885656023886936
-0.0238376825839694 -0.0361446187811786 -0.512163233694647 0.388426575091003
-0.011187331352274 -0.035704053236523 0.0170974816520323 0.0981328640205032
-0.013715195056338 -0.000267648052843975 0.586596385688654 -0.345175955526973
0.00710620850763894 0.00792770853183698 0.183562425487689 -0.936955925685239
0.0499706305282609 -0.0136510741678441 -0.690598621928033 -0.577265174406621
0.0365027839492317 -0.0562891178013926 -0.649773043515323 0.290331539974791
-0.0239681521612814 -0.0366933815399927 -0.0855675328672924 0.468671734486108
-0.0347599694620572 -0.00247294525811129 0.154025506834012 0.133616341091543
-0.016532499393924 0.0147604089292912 0.087750750607889 -0.193337989796684
-0.0228978139147001 -0.0030235713673222 -0.0788100207375552 0.170848241108027
-0.0229541718779634 -0.0289446284645422 -0.133914522430857 -0.107978415576685
0.0174776868192858 -0.0335203644575094 0.12072570535857 -0.43580810681118
0.0697918056969826 -0.00618882464775672 0.598211688255917 -0.187469279664625
0.0138654603384785 0.0543385334749236 0.6517051309575 0.558816868844141
-0.0543849434741736 0.0185315111697361 -0.155477967435614 0.88360973550119
-0.0318146217883946 -0.0280513109954819 -0.533448196085449 0.360177030030104
-0.0230499269028344 -0.0291174723711864 0.0223484058577 0.0879419568514759
-0.0221770496035824 0.0106909507780935 0.567506126225706 -0.373506256769032
0.00719774956531152 0.0191525978353141 0.116889703840206 -0.941987779697379
0.0528985439992439 -0.0120220936052469 -0.727031763063224 -0.527857900928809
0.0349569174292197 -0.06239612801436 -0.629686499672103 0.331642722268919
-0.0265843791344555 -0.0405923082992588 -0.0605753563566211 0.473497021183742
-0.0375801042918988 -0.0040039836492693 0.164906234013256 0.128150525075582
-0.0214379659511304 0.0144519897351139 0.0932606331742105 -0.188847413225956
-0.023576033662057 -0.000947718171750705 -0.070233297479512 0.173464655733668
-0.020990262871544 -0.0284240958540793 -0.123583483438985 -0.111330300648417
0.0184811253538545 -0.035480478370348 0.139873381885699 -0.427029210949422
0.070409090272898 -0.00642222086211515 0.60876212064 -0.154699617291564
0.0129668681566976 0.0613828867111977 0.619283849425907 0.595933692640041
-0.057254134387153 0.0276738012018943 -0.211140820854318 0.880693358545344
-0.0402276949506172 -0.0184071439353113 -0.5542642162413 0.338041771052351
-0.0335458710072078 -0.019896003676839 0.0223253124556489 0.0814406499925673
-0.0277393046829305 0.0234201110488485 0.546062363528772 -0.394645950825136
0.0102356822677614 0.0300852909075429 0.061676420224413 -0.939452072689695
0.0549138814170614 -0.0103219683220991 -0.753883999662623 -0.485809631212192
0.0317961889918116 -0.0648619545585749 -0.610307082837505 0.361499713447359
-0.0280011332981771 -0.0408927785612032 -0.0402749600762191 0.477221256297955
-0.0379391966660702 -0.00169014307945735 0.174682921162166 0.123739269122873
-0.0227094186872143 0.0166919737519955 0.0991448916443058 -0.185456363424025
-0.0204522727794856 0.00268575214670982 -0.0638635920029917 0.177493165991022
-0.0175300329773753 -0.0236606512900185 -0.116104408542246 -0.111585430988494
0.019327723267615 -0.0338937030984294 0.151143795472292 -0.417655550473206
0.066146281862621 -0.00388398152901108 0.611340485605433 -0.13290192428319
0.0109538228582521 0.0677677863288373 0.594150485208773 0.618294906205563
-0.0563567629778246 0.0366382454232648 -0.253906007919224 0.877958844259047
-0.046753685080175 -0.00704115517878806 -0.572081982701368 0.325962489964229
-0.0429287728470659 -0.00923865319159976 0.0179520384986278 0.0772934110740798
-0.0299768114454775 0.0366537019921951 0.530876435994227 -0.404231665632268
0.0146230420843071 0.0397249928229225 0.0283464284927088 -0.93816443120323
0.0549991089723725 -0.00738820524146543 -0.768598530222994 -0.458536196103152
0.0266423881762518 -0.0638420210129479 -0.597761448986821 0.380007635021858
-0.02867985866857 -0.0392436010642426 -0.0255220313989997 0.479664123957922
-0.0350051960592253 0.00242377109649373 0.18215429803223 0.12090831595652
-0.019894913425876 0.0214213826081729 0.105610570751238 -0.185068033303532
0.0167883966570831 0.00844769369638381 -0.0964630555490775 0.174380868332992
0.00632356816582605 0.00373471139719755 -0.171712158520104 -0.066546496098737
0.0177378080856387 0.00310689813854746 0.0176680801644534 -0.451816781360886
0.0357707333667681 0.0126944236481549 0.509080167076272 -0.339800180774217
0.00629852928467377 0.0385794889912381 0.757514494405142 0.358686208718982
-0.0296625502166151 0.00289620518544812 0.079394656670763 0.894287405040497
-0.00333168563565512 -0.0235132003144622 -0.463025262149479 0.484045010246492
0.00369549410196973 -0.0214202648854087 -0.0296507080307539 0.131205792360863
0.0102640078953672 0.00543283846811379 0.610141275033477 -0.244347960163967
0.0254110232761659 -0.00289532146090769 0.362904499702597 -0.89214350865805
0.0357793776891609 -0.0138538566869681 -0.579371351292124 -0.719411404881374
0.0143011681274573 -0.0334289140576063 -0.715948820100014 0.167510177806482
-0.022445871897699 -0.0100367914087276 -0.150566806288258 0.454242374406555
-0.00988863093387109 0.0274394715115948 0.136585577513433 0.157181613688039
0.0158388283674994 0.0340317954869111 0.0856439414841772 -0.198270606819103
0.008142229842389 0.00468611803842053 -0.0978030362224387 0.173626647911029
-0.00240494007275911 -0.00259032727737977 -0.171589057803483 -0.0727073019833893
0.0165290338560038 -0.00368829382657757 0.0258162395094709 -0.453879907822033
0.0428889763966334 0.0081208647995854 0.519113125466999 -0.326771903253835
0.008278990136584 0.0361962945828109 0.751731347002285 0.377085484051874
-0.0350858499081938 -0.000869976990282561 0.062687252527543 0.893018816711682
-0.00547095744712098 -0.0332583494580562 -0.463652109077063 0.469966234697088
0.00597770592793078 -0.0305381861372689 -0.0168649631670678 0.127147658581641
0.00939158126117593 -0.00295954767692551 0.615100820980075 -0.259297434036788
0.0209361592761325 -0.00737828019843297 0.345653236360887 -0.900544759164724
0.0386594988219595 -0.0152716317829308 -0.591258027580028 -0.703815298924254
0.0220338049784191 -0.0372601326790923 -0.704574832856285 0.182132742103866
-0.0222262368230415 -0.0167249934584997 -0.141206320094681 0.455784907040005
-0.0160391986752029 0.018480416324359 0.13680144647399 0.153452320050225
0.00892444223803476 0.0274823764654588 0.0839484975307291 -0.19936788716145
-0.00102119525348483 0.000598730911060113 -0.0954734362985912 0.171835539604681
-0.0117603998813089 -0.0115354195811438 -0.165754027046865 -0.0816064369063552
0.0148458334458851 -0.0123536362960246 0.0438428521567647 -0.452770612226588
0.0500242985848166 0.0015295179851565 0.537510626328391 -0.303823903314194
0.0118065321628886 0.0369777911428938 0.742114912138763 0.410335044940945
-0.0413262720217399 -0.00126103441876301 0.0253234741280709 0.893224216498908
-0.0102141417910665 -0.0384929794455135 -0.474516481269213 0.44943801137932
0.00372178144151049 -0.0359673648474204 -0.00351391138801426 0.118723148400879
0.00372271740506988 -0.0075865608857753 0.613326429437532 -0.285335369944703
0.0148532615597126 -0.00683251971534839 0.303575020978241 -0.91778580027211
0.0425344011245262 -0.0161158359472435 -0.620258553311351 -0.671640169748987
0.0293145772721159 -0.0426009781084079 -0.691099406408605 0.213838313295434
-0.0218065262633797 -0.0238566826546926 -0.128166209712142 0.460009536873575
-0.0230687163267715 0.00979889490857044 0.140634326848779 0.14677711703541
0.000229315340631938 0.0219340606652657 0.0824739431846512 -0.20133589507084
-0.0109141425013018 -0.00238464050185679 -0.0926171465616991 0.170943163665863
-0.0183021692176587 -0.0187179705237115 -0.158742901148971 -0.092069429215832
0.0149475957396043 -0.0208996715711038 0.0671890851254535 -0.452681847021632
0.0579883168776729 -0.00285642738932788 0.559993453068 -0.2689610049251
0.0138741102866038 0.0400532878603482 0.719040202065129 0.456942299994417
-0.0458858682280021 0.00235807173967373 -0.030074371972609 0.891825042217737
-0.017000932256706 -0.0388585598100252 -0.491450236983015 0.420339902896458
-0.00291392755914357 -0.0379655237617877 0.00747573256838935 0.109241529866262
-0.00533773860347228 -0.00617534609121623 0.605218395430699 -0.313968102028387
0.0102446655050612 -0.00120763161664749 0.248424852828177 -0.930578907885507
0.0478222716610741 -0.0145439388389608 -0.657580496760714 -0.629643900119036
0.0342559682055587 -0.0492192675988284 -0.674419613069118 0.253196532675505
-0.0224791060751969 -0.0311761788791621 -0.10769686455191 0.465799394210751
-0.0294634101212193 0.00254536969512502 0.147556056265083 0.141572181502139
-0.00896736924081395 0.0175595976241157 0.0851590649869012 -0.198360100355581
-0.0181696464309263 -0.00421850422567911 -0.0854206675484921 0.172086510673693
-0.0225110685014333 -0.0247958205135217 -0.147170717403447 -0.100510020816542
0.0153897375044014 -0.0285446058995369 0.0948008694877474 -0.445641166699149
0.06465333145611 -0.00552421990863191 0.581703805613539 -0.229648444452746
0.0154441675573741 0.0467132231035247 0.691682959560194 0.509140789718092
-0.05056814451285 0.00864113126958901 -0.0915991166562785 0.890751743397093
-0.02384072457833 -0.0357266441527554 -0.513681147207367 0.392167942284744
-0.0119815177824702 -0.0355359976166543 0.0183644659390312 0.0984683508541887
-0.0137896538408419 -0.000369843876116063 0.588631654758849 -0.350229095317799
0.00702440046581525 0.00764412331382384 0.180533547955569 -0.943834050608907
0.0503195630920106 -0.0140347495445671 -0.697364421215282 -0.579104777127653
0.0365288892220202 -0.0559810447524484 -0.652354030918719 0.294827645876807
-0.0248034330660177 -0.0366934997018748 -0.0824239424511396 0.473618441534941
-0.0349829964585239 -0.00278305095943767 0.156176905772895 0.134623990834676
-0.0157466720161395 0.0144760382286488 0.0882647541162257 -0.195286125870441
-0.0224342612851513 -0.00361362750359642 -0.0786158503961951 0.171352347590278
-0.0234371082391262 -0.0284672061371062 -0.135535021718998 -0.109190633720094
0.0177396814962916 -0.0338751033926212 0.119822693018879 -0.439300979401377
0.0702104874046881 -0.00634488679207747 0.600239651390576 -0.19230189474698
0.015345386160953 0.0551890102561945 0.657139963532142 0.55713791261092
-0.0544635066957018 0.0186011058571698 -0.154946838557945 0.88992762308813
-0.031509829625737 -0.0285360935646354 -0.536229642552968 0.363524040816141
-0.0221207466213366 -0.0293214917821079 0.0231016831891213 0.0882409200739327
-0.0222685898163407 0.0100533464848855 0.568986945628294 -0.377501050511474
0.00729618488072196 0.0196175493523487 0.112661905850725 -0.94835934193309
0.0532982020251384 -0.0122674878845823 -0.735272461467746 -0.526882706071611
0.0351464936698747 -0.0624788141229734 -0.629908399595913 0.336680980985641
-0.0270485385816457 -0.0400692712093604 -0.0589569256262128 0.478069387248833
-0.037505564800408 -0.00393961144385786 0.16615471760965 0.128153804307287
-0.0208549533756485 0.0145344695670169 0.0940693624046676 -0.189672972113496
-0.0236795695107093 -0.00102422182217514 -0.0693385809155885 0.174376703954194
-0.0220396666528325 -0.0281339812474706 -0.124640115052641 -0.112197324481425
0.0190450365473055 -0.0359811889514296 0.139612166927151 -0.430197607384752
0.0700970955908251 -0.0064491673192188 0.612548625930919 -0.158844449828908
0.0139022522219312 0.0627551147091105 0.625598903543401 0.593676142617193
-0.0568733094667383 0.027783521661146 -0.210181575454451 0.887271590429519
-0.04063993863549 -0.0187932222683584 -0.555735207834835 0.342429019450622
-0.0337269605634342 -0.019849128911996 0.0228210818653884 0.0815864616979932
-0.0275406477912114 0.0233768482146971 0.549341366172602 -0.397310863259847
0.0101916553841068 0.0308472152469449 0.0592414139970543 -0.948114462209384
0.055562402097492 -0.0106158240522944 -0.75985599096293 -0.485570381667636
0.0315746818266098 -0.065374601729685 -0.611013863281757 0.366680330384733
-0.0288197742761716 -0.0408623244386946 -0.0369948610669167 0.481409780039516
-0.0377579830278291 -0.00141643702081478 0.176146921310667 0.123831989945153
-0.0216849576287147 0.0166665690031017 0.0996578427893361 -0.187092118204438
-0.0202984353153783 0.00255153272697507 -0.063926827644133 0.178456790109361
-0.017257017251044 -0.0238556878251014 -0.117222788601455 -0.112483212785173
0.0193073322311585 -0.0341919930870618 0.149075419945886 -0.422104424675833
0.0665145449282379 -0.0046122913472247 0.615074004912613 -0.137302913232529
0.0120240208341994 0.0689105524938143 0.600072902008367 0.617626520692636
-0.0564527939597911 0.0372155594640345 -0.254256938075712 0.883959466481176
-0.046749607945885 -0.00810003274560778 -0.572500959073622 0.329946605125909
-0.0428622662820547 -0.00906417052745827 0.0182155525149132 0.0771046373428536
-0.0297153960609485 0.0364498895613627 0.531853545926388 -0.408022393955325
0.014856422995862 0.0408104271362476 0.0240390907456207 -0.942452756786695
0.0552567949589278 -0.00745528069832614 -0.775716968870886 -0.456835090161429
0.0261064170191591 -0.0643871752551912 -0.599902934476638 0.386711414409592
-0.0282657727856489 -0.0392273980053392 -0.0233000090939873 0.484608578231044
-0.0340906341269136 0.00267939732368135 0.184079335526984 0.121353043492299
-0.0197658810231319 0.0217248962460568 0.106023997603729 -0.18611711121766
0.0177669741204439 0.0076748926558083 -0.0949401139046802 0.175855593651715
0.00630523285296127 0.00338351860288093 -0.173129591063406 -0.0664660057249941
0.0180327909979973 0.00269107073427337 0.0151195940229097 -0.455721924554466
0.0361051239775328 0.0124777926973368 0.509602220937086 -0.346716758797864
0.00769367373567418 0.039808410948985 0.764271605233571 0.357191298215406
-0.0297655588529133 0.0023097515854104 0.0856801288096485 0.900098360163933
-0.00412890105285111 -0.0250295096866331 -0.463278485367213 0.48779722187066
0.00391674337198525 -0.0215155202607218 -0.029043975513644 0.132083402242782
0.0109642878700392 0.00515542667118051 0.611419739076946 -0.248650525201737
0.0254427100028868 -0.00335717049177619 0.359900694151338 -0.900729381483851
0.0357450072265731 -0.0139874041511222 -0.586972363496997 -0.720660443315347
0.0140513208675683 -0.0336480384639831 -0.717397609353751 0.174953010120579
-0.0233630899067874 -0.0100936461715997 -0.148369127467459 0.460806388814537
-0.00877790888505783 0.0280009398297521 0.137855648099541 0.157651496042396
0.0159892633229337 0.0337567466285959 0.0854274724387206 -0.199587803993506
0.00821573712657601 0.00369162915259703 -0.0974398287006782 0.174942865954926
-0.00313316963599262 -0.00297199482569904 -0.171895821811188 -0.0718273317643175
0.016830400793245 -0.00434347407209237 0.0228297206431966 -0.457955129589896
0.0425866307208698 0.00684208291458764 0.519868678085865 -0.333662950924646
0.00975231464585961 0.0367105239720223 0.759901286339819 0.374685293454088
-0.0355346617473362 -0.0011465232549804 0.0683241010366271 0.899039453660324
-0.00540329738685751 -0.0347727420569748 -0.464821796330889 0.474985151567133
0.0063120564487407 -0.0307736715144558 -0.0162266472337421 0.127979524149104
0.00916921028626939 -0.00369563594025567 0.618293942555519 -0.262798090363481
0.0208752248178553 -0.00710173630041269 0.344045544902999 -0.909401848503329
0.0390588221566812 -0.0153236837490038 -0.600448812969875 -0.705351778752034
0.0216663675862671 -0.0368464088449362 -0.710602309925884 0.189317493809282
-0.0226291330801599 -0.0162926459602884 -0.139936288762339 0.459183377777374
-0.0161890390831399 0.0187068397436665 0.13871488755881 0.154101564848559
0.00930693921938534 0.0275605083678063 0.0833075743838835 -0.201207882773978
-0.00114385088775002 -0.000229907144265138 -0.0945348303241164 0.174328000671199
-0.0117517774092193 -0.0109895365463814 -0.166813438521646 -0.0811926522852262
0.0145886093700878 -0.0128094757927271 0.042133605930858 -0.457479548836494
0.050293067557655 0.00124262556160301 0.539282908119369 -0.310459541557159
0.0115117498031635 0.0376199104284562 0.749284703332035 0.408000231756844
-0.0408360112316565 -0.0014312613795741 0.0305228383314506 0.900017301472955
-0.0106134613808892 -0.0393625467871524 -0.474858223117141 0.453711326831776
0.00401180912851726 -0.0363522055228201 -0.0031133284093268 0.118581391838264
0.00363313815067042 -0.0076305674002782 0.616804755551777 -0.289642126178784
0.0150175931495944 -0.00689749567133829 0.300477981925738 -0.92509758775143
0.0427227392451801 -0.0162839109092245 -0.627886366393996 -0.672473384265337
0.0289880184415194 -0.0426934261724362 -0.695064482081695 0.22013644763617
-0.0226077234608304 -0.0235950688192906 -0.126026236270735 0.46454523952273
-0.0218827721270217 0.010077740234783 0.142743459655774 0.147445216192907
0.00127450813413721 0.021684525681625 0.0822496132605773 -0.202124997083612
-0.0110077949180797 -0.00294967383177936 -0.0918212262349907 0.172828041884003
-0.0187245438667682 -0.0192132186158417 -0.159237117234294 -0.0916951217962366
0.0144821056837444 -0.0210277553956244 0.0648213871681458 -0.456767434900749
0.0582615458706324 -0.00340845732029343 0.562591312740618 -0.276996734945959
0.0149284165944366 0.0410877669610913 0.727850653138541 0.454161270485998
-0.046265886846937 0.00267232652029356 -0.0253094676867831 0.897736560385614
-0.0172403427650686 -0.039876994219494 -0.492227059150866 0.425671275990263
-0.00272294692605089 -0.0380446394427291 0.0094121293484066 0.109268269688303
-0.00511423957550234 -0.00611377122987868 0.608594513342787 -0.317854534419562
0.0102033102618932 -0.00107636206080668 0.24456725602074 -0.937810779573751
0.0472398393605214 -0.015064471379451 -0.665465583412366 -0.62859785443737
0.0340522921868481 -0.0498501354390017 -0.677012329178534 0.260759898103036
-0.022953547146881 -0.0314069361734392 -0.103825947852564 0.470784704399134
-0.0286758838979852 0.00183433892036186 0.148942414463018 0.141795541991233
-0.00774153048857425 0.0170009378730224 0.0848944066427392 -0.19954723996026
-0.0177055624063235 -0.00377209701395531 -0.0842472472975886 0.173100874150318
-0.0231707146523115 -0.0245513137561649 -0.148333653793646 -0.100905085188078
0.0152784244521198 -0.0293881018878795 0.0915095501595124 -0.449655880363279
0.0651135394838359 -0.00589655844146096 0.586676098077624 -0.236271853449259
0.0155730833330369 0.0474767104779196 0.697360032065187 0.509938870913794
-0.0509373783350458 0.00851354147527202 -0.0893573919172034 0.898124613572294
-0.023973925705395 -0.0371619521509173 -0.514821502403395 0.397400908424014
-0.0115949403872011 -0.0359205517110554 0.0190376581830317 0.0982243434025869
-0.0137458603876416 -0.000202559996933437 0.591356667543007 -0.353623547840068
0.00743937565515921 0.00756104401785848 0.176757415332452 -0.951378802113016
0.050384695840402 -0.0145458879154383 -0.705694259333617 -0.578340946703417
0.0365355022389078 -0.0566453395164842 -0.655153493133044 0.300562241765075
-0.0254406850771796 -0.0370493423636977 -0.0797412319260455 0.478420954565781
-0.0343500522736018 -0.00201511499354492 0.158613615665406 0.134229503940896
-0.0146927458787269 0.015019246224211 0.0881671431097621 -0.196771606823629
-0.0225018823850728 -0.00434379338165325 -0.0777890403869262 0.172316698590385
-0.0241875840991473 -0.0281585315405769 -0.135957248047332 -0.109644938918079
0.0173874338584042 -0.0344480740650163 0.11764314800637 -0.445237360973495
0.0707038616316141 -0.00696439477147035 0.603513195332258 -0.199722756658085
0.015921094691342 0.0555673083411441 0.665173435474136 0.557032782370722
-0.0548105699469958 0.0186661165874749 -0.150318026456856 0.895993265990152
-0.0326295411469303 -0.0282041001585993 -0.535747166894669 0.368261823760645
-0.0229479411584677 -0.0292349569053421 0.023923316240796 0.0881087297839592
-0.02198665884458 0.0103913628692003 0.57164611148791 -0.382244038686712
0.00720584991444155 0.0194643777923158 0.108597986572308 -0.954960420801217
0.0536462496648554 -0.0132263637430485 -0.742503828206223 -0.52455074168104
0.0342595517703299 -0.0628107058590418 -0.631493017901573 0.343043904975317
-0.0275145064177489 -0.0405135854949708 -0.05477456651434 0.482167556974533
-0.0367565408250515 -0.00306087039759379 0.168266554285756 0.128201446111904
-0.0201831229578111 0.0144534512621109 0.0934925549783416 -0.192409800765527
-0.0232566015952343 -0.00247174896710499 -0.0688936461857069 0.175197273386311
-0.0224060452561413 -0.0285452897506837 -0.125211073752559 -0.113365358868278
0.0185166087609121 -0.0364046161712488 0.136925401905445 -0.435044819371394
0.070926027263636 -0.00651841093690266 0.61592101147539 -0.165346034762712
0.0148388621918987 0.0634429972324679 0.633729694806031 0.592553090966604
-0.0564462979860999 0.0282219594152499 -0.207213210990652 0.893347109849674
-0.0409258623875769 -0.0194089137786553 -0.557856179972643 0.347447844908592
-0.0339461135082928 -0.0199042985219868 0.0238804113476239 0.0811992261499222
-0.0277993000677276 0.0234674162191429 0.55005082497456 -0.402451838695556
0.00981786088604073 0.0306737365635522 0.0564111704133723 -0.953144035779126
0.055681724488558 -0.0112435341041872 -0.766592011575842 -0.485064205339979
0.0314007835503957 -0.0658575854554791 -0.612137214351519 0.374559953509514
-0.0289386246795671 -0.0406027651642762 -0.0336140048023736 0.484289342264805
-0.0374881961556475 -0.0015657023522441 0.177805599205268 0.124131402635313
-0.0214037592032919 0.0173977294216169 0.0994543161346293 -0.189303233271727
-0.0202817420666529 0.00166266044463565 -0.0624198551337485 0.179959057088433
-0.0180033080292421 -0.0240531218165448 -0.117813258586095 -0.112603283618473
0.0195089866163266 -0.0347870429473629 0.147190602915285 -0.428311009235463
0.0671492254265402 -0.0051412735216276 0.620447727261613 -0.143856909657429
0.0128405305093851 0.0703953971088767 0.607497651105921 0.618573474336246
-0.0567555342666173 0.0371084464998637 -0.25118744987172 0.890288174399046
-0.046998311830914 -0.00850704819927382 -0.574194049646169 0.333539561160476
-0.0431826674411135 -0.0088966256564252 0.0193970695491326 0.0775125192936691
-0.0297192101053406 0.0365395448872499 0.53490000852943 -0.412770167523534
0.0151855292700718 0.0399701369275175 0.0191923488107904 -0.948705982977057
0.0556760751408297 -0.00864288141914591 -0.783288591641625 -0.456427772731573
0.0261248464757294 -0.064994181825892 -0.600540343541122 0.393745031852467
-0.0293167219929354 -0.0392496275546871 -0.0183052899362797 0.488128165981327
-0.0343301553836323 0.0032084091014717 0.186924528090941 0.120969487727862
-0.018968308931066 0.0222168506527165 0.106301134928224 -0.188725625693329
0.017321027455567 0.00629567322334039 -0.0943676942178175 0.177294573824764
0.00656528511935135 0.00399820674885809 -0.173900487904075 -0.0658840529148407
0.0180385685451013 0.00228543105085904 0.00989340275356902 -0.461263339647538
0.0366347936784699 0.0123953953032695 0.511326820927217 -0.355505526583871
0.00865896280778753 0.0402649384879534 0.772029901339771 0.351888176895473
-0.0298929443090923 0.0024930180926552 0.0919641165576097 0.907198329107893
-0.00352588737355142 -0.0256519264908826 -0.463339252401641 0.494112293389164
0.00348113686277531 -0.0213665532365159 -0.0273846881571755 0.132668467210944
0.0112005238605533 0.00526798379902285 0.615001255675733 -0.254355259166234
0.024908946997305 -0.00350417015356089 0.355817280003861 -0.909040831516928
0.0360334384088541 -0.0145684462646625 -0.597822374129868 -0.721891734489928
0.0133528157205481 -0.0334350190918629 -0.722661497583288 0.181828984302389
-0.0233965735051762 -0.010217098132225 -0.144228030584038 0.465726988354611
-0.00880309939978875 0.0285578544924202 0.14074879359267 0.157538366841762
0.0171695217297858 0.033897912946482 0.0841708260848105 -0.200791634727666
0.00797104148440171 0.00323785323587841 -0.096280088245053 0.176702982944331
-0.0025189836602252 -0.00341046377461858 -0.173802267499727 -0.0711919254337942
0.0164007826599254 -0.00520177130505635 0.0186183776421512 -0.461824656591888
0.0430288560325494 0.00644063657774776 0.521140797731803 -0.343502076972302
0.0105501009450802 0.0381911846752099 0.76745548562996 0.369272778687334
-0.0351050235023148 -0.00156515012655051 0.0739998383787331 0.905495578507141
-0.00586627732942473 -0.0352249795932999 -0.46499539067577 0.480398714873738
0.00605466509336147 -0.031076924660044 -0.0145044111471609 0.128632387436752
0.00961873949312129 -0.0037813616065694 0.621746375518567 -0.269735388776948
0.0201149372233286 -0.00773730401174647 0.340107272833438 -0.917342453524193
0.038982557343414 -0.0157196243499475 -0.608272878200638 -0.706904367756126
0.0211732109665503 -0.0371715575007382 -0.712251304037432 0.196504474540351
-0.023043863116281 -0.0163216224500126 -0.137212665508805 0.466602016186635
-0.0150096902187455 0.0195528730742172 0.141197315946453 0.154026343532392
0.00999031028357932 0.0279057585114253 0.0835364131849032 -0.202554223441696
-0.00111293899428935 -0.000628259152422491 -0.0939114815298518 0.176083311823032
-0.0116506539367896 -0.0110990032202364 -0.168717235093405 -0.0804343495638193
0.014879813004272 -0.0135721265184672 0.0370813385512788 -0.462273243007921
0.0511909696265142 0.00146992111239557 0.5422789118575 -0.319452782055186
0.0132060310813292 0.0387268057232826 0.755523050769408 0.40307771727897
-0.0413963512427607 -0.00147915370929938 0.0365882523703653 0.904476120697742
-0.0108108973483568 -0.039271969292414 -0.474568419586579 0.460171770874228
0.00339301386682474 -0.0367306298869271 -0.00109692408755133 0.119779664515066
0.00316697824362742 -0.00841973076873772 0.617584130667535 -0.293243030914072
0.0151787182063822 -0.00722767292216982 0.2980995732722 -0.934498156872299
0.0428909767062579 -0.0164230483392039 -0.638452378396555 -0.672052702342357
0.0287107030240323 -0.0426995941031939 -0.698114851491995 0.226870147972277
-0.0226107732835628 -0.0238792980546949 -0.121381319518663 0.469185939958418
-0.0220952254461129 0.0108215468010985 0.145197789219247 0.146213288981166
0.00178695522855407 0.0215149682603731 0.0810754384344037 -0.203983896044084
-0.0109866831637774 -0.00365453928062161 -0.0914009742369268 0.174425863741085
-0.0193639695643156 -0.018371905118517 -0.160416630788952 -0.0916647677483863
0.0146297415799211 -0.0220548010846376 0.0615479844141778 -0.462380718398996
0.0587020069575948 -0.00331017181198191 0.565082004010188 -0.283651310142031
0.0156954812124309 0.0419602349480578 0.7351781690315 0.452219979942883
-0.0463104337142624 0.00300902401547547 -0.0186108351172063 0.904034456197718
-0.0174214830925512 -0.0403120721044479 -0.49306736765846 0.432334184115392
-0.00304679319141179 -0.0380135548472085 0.0113640274714327 0.109209074951172
-0.00528564883810761 -0.00718828945370318 0.608647013826393 -0.324624941067771
0.00992911356236911 -0.00165762616850653 0.240966421577029 -0.946387614539795
0.0476488907288469 -0.0155550346802568 -0.672897391279403 -0.627095148279677
0.0343231898229482 -0.049946380723987 -0.680888717046729 0.267875960830138
-0.0236476618928674 -0.0313117249669133 -0.100914858703948 0.475851912259746
-0.0281007331769346 0.00361483234520087 0.152477805115559 0.141383906781256
-0.00688331839529716 0.0172049448213939 0.084129818608056 -0.201044884943735
-0.0171697808777449 -0.0050342136464409 -0.0832947241910327 0.174035562449338
-0.023528136179213 -0.0242499669478453 -0.149530158971648 -0.101613680006319
0.0152100093097853 -0.0295155678978489 0.0892492497408695 -0.45621692871451
0.066032333910942 -0.00703556858089019 0.589369903792415 -0.244162721702734
0.0169537076260801 0.0480318824490169 0.705967597783526 0.50490641193091
-0.0510409369792196 0.00887859908712347 -0.0831775511994235 0.906648168826005
-0.024071288609285 -0.0369869195070097 -0.516630288462206 0.403686493134609
-0.0116942039392782 -0.0360446694340557 0.0201551635808965 0.0986967997174775
-0.0138833210144651 -0.00101831322876253 0.593402490943103 -0.359256096433658
0.00719044928083758 0.00789823010374097 0.170645054552407 -0.958059792288562
0.0508014740329748 -0.0152914295548041 -0.715696194783672 -0.576611279683093
0.0360723632878595 -0.0568446389134248 -0.657365017660665 0.30942698382944
-0.025648937937633 -0.0365014813748388 -0.0764691693457681 0.481724110634108
-0.0334610851579875 -0.00140116379180969 0.161223039524513 0.133926180783504
-0.0139695975282398 0.0154503801312613 0.0870649772228451 -0.198990494884995
-0.0229794888863275 -0.00446704420641523 -0.0760903452654343 0.17396454139554
-0.0247578429070702 -0.0282293183909335 -0.137630061067619 -0.109223150717235
0.0166143914086506 -0.0347567060343389 0.114325820106777 -0.450898944966288
0.0702775927575027 -0.00758885105383317 0.606087915768464 -0.206652190188499
0.0174354802425567 0.0569149907650548 0.672732651607547 0.553661646359223
-0.0544210294317512 0.0185530838340981 -0.147147324783038 0.904667190295219
-0.032458200913849 -0.0294764948666367 -0.537889086008331 0.374570327810894
-0.023569696756404 -0.0290721442863286 0.0256257574607953 0.0880466741700777
-0.0224994722624408 0.0102395740687367 0.571118006607918 -0.388855110734271
0.00737550362563569 0.019849978925428 0.102020534850847 -0.961786191142432
0.0540095917910131 -0.0133562861766806 -0.752032325525362 -0.522642557852384
0.0346035837991264 -0.063084675337172 -0.634919899042042 0.352244513311938
-0.0277116988270669 -0.0403139091416517 -0.052091383359949 0.486798426042134
-0.0373988924743405 -0.00293628694101208 0.171651607073834 0.127818305732931
-0.0198733163789983 0.0149857192804417 0.0933408686369314 -0.194139161140515
-0.0239619486219471 -0.0026292725276042 -0.0679595236772288 0.176739458052903
-0.0227108372045697 -0.0278873433609069 -0.126853761257422 -0.113148676092888
0.018736530126557 -0.0370356741067771 0.133800037795747 -0.441981582186226
0.0718855241532109 -0.00749754911727392 0.618538599327301 -0.173619443954305
0.016096211223839 0.0647607863198457 0.641043650277617 0.5925777742772
-0.057280050924233 0.0284879799723611 -0.203110922451154 0.903082551670879
-0.0404175168024591 -0.0192095280681817 -0.558917538030713 0.352367974427114
-0.0342867974024459 -0.0192722524301219 0.0248828268057877 0.0810903116238658
-0.0277814303074799 0.0238650483722191 0.552183090158234 -0.410119497116368
0.0101371317245911 0.0304355838346426 0.0481840090750083 -0.962143142814372
0.0557352245603345 -0.0115343718071891 -0.775337841770808 -0.479829404615911
0.0313993614628484 -0.0660823143098559 -0.6152139535436 0.382742638258649
-0.0293961396212672 -0.040772356124673 -0.0297852661383745 0.489214146031346
-0.0372395058945584 -0.00110919504266137 0.180941608437725 0.122595954134409
-0.0211023793988194 0.0178624878266515 0.0992069586051986 -0.191217516196891
-0.020896472003741 0.0011716871792068 -0.0612452524106096 0.180618996195396
-0.0181728558583858 -0.0239465678185344 -0.118280344104976 -0.113362757928411
0.0190649360966348 -0.035435824692806 0.144019018975701 -0.432730717720675
0.0679102773244291 -0.0050862995868129 0.622975245828337 -0.151830418377047
0.013891895634463 0.0714796942372652 0.615112180199704 0.617353208625405
-0.0559176557982668 0.037687372422497 -0.246438270956863 0.898767613273188
-0.0476552937466069 -0.00815111363196057 -0.575944390760622 0.341702901424641
-0.0436133207855569 -0.0084844341069625 0.0205202411464223 0.0770372557094216
-0.0300470609654328 0.0360274401894933 0.534652926513289 -0.418957012686138
0.0149011995351731 0.0405403486379455 0.0134308796025141 -0.956414459803463
0.0560540690274273 -0.00890061696351124 -0.792004785084538 -0.453562751593462
0.0262334954811044 -0.0656449356986116 -0.602142172376748 0.403229750061704
-0.0297546482588609 -0.0392435610606255 -0.0153593908062571 0.4926703505899
-0.0334813830359115 0.003721257785162 0.189333990723994 0.12000913874591
-0.0185837300509302 0.0228716015340589 0.105517382809734 -0.190801391594713
0.0175636145139606 0.0058811208355664 -0.0934729562308111 0.179787641160158
0.00618585966772555 0.00324478865385623 -0.175577195827425 -0.0640414255281109
0.0180570856057479 0.00207157774562238 0.00563109520941415 -0.465614563869841
0.0374227643031757 0.012075586621642 0.510198643012515 -0.364490676917403
0.00948220744737542 0.0405591076834938 0.777876741297108 0.346244502095666
-0.0305167378403027 0.00209925579337043 0.0997134476074763 0.912115713232882
-0.0042364763444448 -0.02562987341924 -0.461520445445377 0.501799356551716
0.00387813962110927 -0.021467177063412 -0.0260216699940664 0.133408029450724
0.011157034892338 0.00457224923812996 0.616606522387589 -0.260657222292227
0.0247352433606108 -0.00369135151588654 0.35154315627458 -0.919489907649784
0.0363697556691621 -0.01497277765682 -0.607720037393733 -0.721837016359599
0.013308045479396 -0.0338457523968308 -0.726346317636574 0.191130474877022
-0.0234273630333699 -0.00951686544428399 -0.139541581841671 0.469568638360602
-0.00806272749061797 0.0288861705883117 0.143338513833505 0.158513305108646
0.0185236538950698 0.0337642328731056 0.0831776826787125 -0.203337501020562
0.00823881536945027 0.00141860355291469 -0.0946419125514697 0.178345211686021
-0.00288790893864011 -0.00381050333996379 -0.174470434556668 -0.0706422961579545
0.0164197963823379 -0.00468435329281394 0.0137147993723496 -0.467179230188737
0.0442504777547738 0.00658921658479682 0.523103304364544 -0.352934462285162
0.0115214459818772 0.0382839089106417 0.775666838913865 0.363690573383129
-0.035568767421168 -0.00134119399209748 0.0831673874437975 0.909438838314825
-0.00603927230738247 -0.0355252653613883 -0.462247951495038 0.487478380324916
0.0061777552818779 -0.0308061079196618 -0.0133835563009904 0.128727931781567
0.00954727829740658 -0.0048146307785029 0.623269223277807 -0.274631041902917
0.020979607543234 -0.00811050174356643 0.33147054987181 -0.926789640837158
0.0393605017839619 -0.0164336246633664 -0.620073457043465 -0.705383923252536
0.0214854217790373 -0.0375338916869416 -0.716849832772784 0.204982061382853
-0.0233514586186093 -0.0160722314988208 -0.133067956900722 0.470743452868968
-0.0146149315605488 0.0199700408943035 0.14439839818027 0.153673558093419
0.0105554065865889 0.0274697257026223 0.0816552052798869 -0.204784888548627
-0.00110948673547553 -0.00148920247881929 -0.092349168100358 0.177944319390011
-0.012185066970706 -0.0110133995361112 -0.16930289503037 -0.0796748753058567
0.0154920683569261 -0.0133495911147332 0.0328978819803772 -0.467610350189068
0.051810645107078 0.000756869629373023 0.542121259656272 -0.326940432102941
0.0141820620271613 0.0384468449145963 0.764756637080592 0.398548074695691
-0.0414360774674222 -0.00155802957985779 0.0447759840031799 0.910459378184759
-0.0112678052665612 -0.04064068464893 -0.472654947837151 0.467135215803464
0.00357084861427757 -0.03705770768859 0.000257306312253441 0.119927976232293
0.00267515826782764 -0.00903912416948077 0.619655680210217 -0.301276540035312
0.0148095584600834 -0.0079521030441608 0.289884343739658 -0.942879903670983
0.0437112533574595 -0.0172132863110348 -0.647892976909961 -0.670789014808333
0.0284903030028548 -0.0435503742930821 -0.700949575291334 0.236791730621219
-0.0233227273587394 -0.0237314914962264 -0.118148799361857 0.475890704691921
-0.021032534420436 0.0106316478881671 0.147803578923201 0.147326030838304
0.00280556949685738 0.0217824686977636 0.0798319979658769 -0.205947955382788
-0.0108220979912105 -0.00458651586918316 -0.0901881856972038 0.176533202770551
-0.0191837607033733 -0.0184426402177244 -0.161717217480281 -0.0910880093519028
0.0144657251468806 -0.0223384876601912 0.0556233809467977 -0.467714470352738
0.0598621195295738 -0.00401499491542036 0.566059942190701 -0.293413935037744
0.0165980095882085 0.042878687701446 0.743726011237547 0.446647298777481
-0.0471317118650937 0.00310227974187208 -0.0109066082749071 0.911519407826402
-0.0178459799847934 -0.041055669723083 -0.493074639062116 0.4389326863948
-0.00378310598084784 -0.0386406815994075 0.0121847888432921 0.109282684659912
-0.00523069646064245 -0.00762934529624495 0.610343426171365 -0.330757658658788
0.0100488542815095 -0.000980619968830428 0.232149382352807 -0.955388122824946
0.0476855661712698 -0.0164094723914811 -0.684409249649442 -0.626486238658232
0.0335733583433578 -0.0507910079494881 -0.680873558351823 0.277290640334934
-0.0237957022257666 -0.0305852586223185 -0.0964999254577515 0.480663609454623
-0.0275503453602999 0.00364606922462818 0.154283773319276 0.140501380269733
-0.00702416689591999 0.017425154186066 0.0832662104638619 -0.20265989691689
-0.0181174821178107 -0.00555756051387708 -0.0821042380885273 0.176261972905048
-0.0237074645804779 -0.0244438224832476 -0.15043793220543 -0.100342835549624
0.0145503320133018 -0.0303913149080943 0.0839493568597868 -0.461205413373696
0.0669108836023647 -0.00753983449256107 0.589924640606976 -0.254691359600093
0.0181202667029894 0.0490345028212437 0.714741420935189 0.500394927707862
-0.050749269357384 0.00915552549361186 -0.0747290793383291 0.912425594201048
-0.0243516976704098 -0.0373893289094169 -0.514862999655959 0.410409056967481
-0.0126124429372183 -0.0363945748128293 0.0208360974372187 0.0982775367104479
-0.0137055363768985 -0.0014363720434107 0.594042021971461 -0.367180553817645
0.00697937887676004 0.00724240638858762 0.162717496879422 -0.967425653167106
0.0508973379197464 -0.0153793513278428 -0.724791994502958 -0.573356101139835
0.0355580796387921 -0.0583538681606604 -0.658401780067787 0.319522596666623
-0.0262997271773477 -0.0365873467152616 -0.0722472936918764 0.487007311558261
-0.0342111994439239 -0.00109745716217065 0.163755050477291 0.134225307704233
-0.013673770049533 0.0155278817147322 0.0863931312931784 -0.201381991375772
-0.023236856827012 -0.00476047304614954 -0.0752528720695787 0.175661006989416
-0.0243531585206333 -0.027848348994943 -0.13985190658486 -0.109196702330128
0.016814706096738 -0.0353862137610806 0.110077071616409 -0.455555861384932
0.0719450493520081 -0.00836980551041049 0.609376056793882 -0.216084200184248
0.0183904965398534 0.057652482569988 0.684268372016705 0.551006317854852
-0.0544156056233928 0.0190027410515 -0.140124269255362 0.911473441462117
-0.0335582425492805 -0.0294213487731643 -0.538356294446971 0.38237290977311
-0.0239400044965059 -0.0295428880693588 0.0264389170244485 0.0882538499787818
-0.0231131314830904 0.00922722201750455 0.571444741389788 -0.395498837756667
0.00717883665478546 0.0195623521769977 0.0937229642075622 -0.969452649724571
0.054368143936205 -0.0143353200190407 -0.76046333094206 -0.520276155730987
0.0341354053125288 -0.0641162749892396 -0.634955646961286 0.361567673037213
-0.0281674262549501 -0.0402903791537271 -0.0462858135130671 0.489933541661378
-0.0369347252330831 -0.00195597903008164 0.174294623844181 0.127229874169459
-0.0189622617575939 0.0155893767758045 0.0926990946282305 -0.19607215235871
-0.024114253627995 -0.00304739436946072 -0.065562989989731 0.177653929887448
-0.0230224968658815 -0.0281202347255209 -0.128167199749013 -0.113418365910751
0.0180301657989601 -0.0379345093995241 0.128644104346974 -0.446721410660267
0.0723554154112424 -0.00801506978391027 0.623042252179932 -0.181327262462092
0.0176406701056621 0.0657653908114309 0.650218974359986 0.589223725553045
-0.0568382169927343 0.0291084210704473 -0.196198416463193 0.910252988696802
-0.0413912596530756 -0.0196906862743213 -0.558101593886428 0.359370822486984
-0.0346861599774378 -0.019359265889862 0.0259133301098095 0.0809914711642745
-0.0276120913500853 0.0235152534641372 0.55122905010146 -0.41464404362033
0.00975843177404403 0.0305678647439014 0.0380510973303098 -0.968169478181491
0.0558841242045818 -0.0125377211357943 -0.787858236707748 -0.476646308082947
0.0305053779710554 -0.0671582443810156 -0.614454430167125 0.393201856993586
-0.0299792114842407 -0.0408283875284206 -0.0253226857438937 0.493879560367437
-0.0367676042735077 -4.14392266793566E-05 0.184045551104678 0.122498345844039
-0.0206386382549609 0.018217261740398 0.0981980305702127 -0.193543502272265
-0.0205992334102882 0.000817258067745561 -0.0601115617166899 0.182427739124044
-0.0191367559383928 -0.0242109427495 -0.120698869240116 -0.114059347160201
0.0201048684260291 -0.0358095106361444 0.14015953928914 -0.44005085941278
0.0685669147284733 -0.0056582051226134 0.626879300856984 -0.160937541998642
0.0156264258138639 0.0724214132910532 0.624733927393796 0.613789552681623
-0.0570707797971387 0.0377538704105695 -0.242570582640098 0.911154701119339
-0.047667538954813 -0.00794447419302311 -0.578083652975337 0.347912852580627
-0.0431063915646065 -0.00786613078049584 0.0214994238401271 0.0767043327480487
-0.0298236399951349 0.0357259007426147 0.53393462013892 -0.427447629232878
0.0151825060247142 0.040695772105422 0.00473965946389945 -0.962581684271919
0.0557009830894765 -0.00934864175657769 -0.801731638014843 -0.448352637998461
0.0247893192901328 -0.0663161901372437 -0.6015223056418 0.413216483695393
-0.0309524953830258 -0.0385033830061084 -0.00895528260536051 0.496687946562914
-0.0328531594692546 0.00424545883042848 0.191811567946993 0.118952659337516
-0.0179431925387 0.02272909491086 0.104841852344819 -0.193169580303764
0.0174869429945026 0.0045433301446427 -0.0912749669053804 0.182051647056532
0.00653345010245958 0.00340870974979189 -0.176153773795372 -0.0636202097186868
0.0182808154121403 0.00159194964723471 -0.0015992266284725 -0.469442154483789
0.0376515912221254 0.011698087480302 0.510568333763176 -0.374345283939689
0.0112306347727651 0.0413556823175327 0.786853106119754 0.338445137219923
-0.030276798281624 0.00235311990981249 0.110277307267674 0.91624895011005
-0.00466687608684888 -0.0264446958410596 -0.460135033891974 0.509272384049513
0.00411243122694378 -0.0219109323126756 -0.0256565114929793 0.133633635938229
0.0107258020501744 0.00352028293412655 0.61726574048551 -0.268708238298185
0.0255393851463081 -0.00389405546937405 0.343660230212847 -0.929674565493936
0.0359851795540733 -0.0158709841842577 -0.621447524788708 -0.720145844342673
0.0131659030957211 -0.0341050886492313 -0.725399863397604 0.203123936728248
-0.0236842905667122 -0.00900704456126877 -0.13483994795751 0.476519344317149
-0.00643329830907484 0.0289163274263768 0.146674195483496 0.157267551520938
0.0197325177851632 0.0330855668268487 0.0807314450841229 -0.205294941217225
0.0087248390864742 0.000877858644462286 -0.0934262027870158 0.180641457512577
-0.0033546724051023 -0.00408195308012253 -0.176204349610908 -0.069491797335348
0.0165295300723476 -0.00564273316805677 0.00767253740904653 -0.472143574672093
0.0443217086583471 0.00594372071828806 0.520923588243745 -0.362932336729008
0.0127472000070932 0.0391394412772941 0.782844376139552 0.35611658918227
-0.0363691413706942 -0.00159116950251248 0.092220791611221 0.915849583810121
-0.00680542493555678 -0.0357808572260389 -0.460190012282227 0.494196280705999
0.00637256606233796 -0.03131594434251 -0.0120043053130029 0.128822434700944
0.00938318537854451 -0.00502412621039425 0.622198495364662 -0.283729851723729
0.0200977615407978 -0.00885551441560802 0.325796798580824 -0.934983379262061
0.0389318331504826 -0.0173649857423625 -0.632162495032351 -0.701056471932276
0.0208443611653322 -0.0375360075980692 -0.717100186039648 0.215808046313989
-0.0237766984976725 -0.0159649419607957 -0.127708124874825 0.475401723676794
-0.0141549671551702 0.0196967707429512 0.146824751616062 0.153598793794934
0.011895182865449 0.0274685532357448 0.0800892869541657 -0.20672786038473
-0.00130984041316988 -0.00237009302338884 -0.0904062339340677 0.179713322592087
-0.0124637912398627 -0.0105702973129091 -0.171017804321095 -0.0785876937157981
0.0145626035155201 -0.0146359854809416 0.0266103283230038 -0.472019470169377
0.0521637718485598 0.000307149180129047 0.541832317417248 -0.338682782220885
0.0161224961903988 0.0392850826618542 0.771459670034663 0.392436028424723
-0.0418271191244206 -0.00146549587301521 0.0562037907249419 0.916385556211016
-0.0117090772126049 -0.0413907059758705 -0.471909845647582 0.475556738645111
0.00295136725356436 -0.0367428160259978 0.00213907275840572 0.119812054225991
0.00331556732191784 -0.00957401747212887 0.619034704980296 -0.309192896936358
0.014852135419398 -0.00807249169922225 0.282718001887706 -0.952222974315784
0.0436012944154663 -0.0179513805294235 -0.662087744554598 -0.667688212399715
0.0288020016155734 -0.0435478331861205 -0.701574367132245 0.245040499202524
-0.0240854628675761 -0.0235211121391597 -0.111992818486335 0.479795501031146
-0.0208339979759346 0.0112793056297037 0.15087076910778 0.146985383130192
0.00337436406661491 0.0217099948637763 0.0780537341622269 -0.207900160747745
-0.0107900856679256 -0.00490364715410012 -0.0880935949454016 0.178411777468923
-0.019748079022877 -0.0185597377624341 -0.163538294628204 -0.0896884359878949
0.0137247976360231 -0.023293241243407 0.051594761807461 -0.471765006752333
0.0605832579042326 -0.00523408718919128 0.565734755477903 -0.303551845301835
0.0178479626564524 0.0436903532090628 0.752962734304738 0.439479527987825
-0.0471166089944227 0.00287987915860875 -0.00240245570796076 0.918436567468934
-0.0179437270011486 -0.0418381440287476 -0.491648268582597 0.445936831895931
-0.00360771833724464 -0.0382901423922669 0.0136241090292396 0.109593255474137
-0.00501035575332217 -0.00747053906254573 0.610736269178007 -0.339053704047709
0.00959591401420949 -0.00162723586570087 0.22406746101133 -0.962523721935115
0.0477216958285836 -0.0169075555245494 -0.696140250519037 -0.620362351914504
0.0332111721051633 -0.0519598350917735 -0.683694625100865 0.2888437873564
-0.0244700918139492 -0.0307174491109487 -0.0906095116892998 0.485651279166862
-0.0275973085248964 0.00433875650959989 0.157131670251195 0.140311032225249
-0.00630886028606878 0.017250266641358 0.0815916192748305 -0.205133142990919
-0.0186500574824178 -0.00595968686298349 -0.0807685209132762 0.178105261290958
-0.0241672924461581 -0.0238727574364324 -0.152431839809375 -0.100194746421369
0.0144742024760032 -0.0306578084127013 0.0786758240034491 -0.465968833648557
0.0675265717606154 -0.00847130862915621 0.590171551913154 -0.26562848541019
0.0201206211443664 0.0493369713860866 0.726221847631458 0.494697083736319
-0.0508931409049481 0.00969812538659682 -0.0666658146663433 0.919706500335769
-0.0257496094480288 -0.0377827036782349 -0.512876457562674 0.417939190256005
-0.0126453084689188 -0.0361905567624626 0.0231099424879338 0.0979357239266037
-0.0142704758613151 -0.00175222543559494 0.593471306325609 -0.373497004700756
0.00703095713010331 0.00740898984418419 0.153940247441123 -0.97389792278557
0.0512125808400915 -0.0162597849714905 -0.735969247491971 -0.568683862628591
0.0350144528741682 -0.0584138609464841 -0.659670646974242 0.330063556373692
-0.0264522751705783 -0.0369095405480163 -0.0654660749056471 0.49090690999031
-0.0334504661422466 -0.00021062136987275 0.166514915768284 0.133084536037145
-0.0128020841044356 0.0155060857550044 0.0845496454206798 -0.203282591380707
-0.0242611141957574 -0.00613534169987855 -0.0732976092552031 0.177292693547496
-0.0257773289577675 -0.0279607430272203 -0.141012545260689 -0.108975746369795
0.0163620480671506 -0.0359031909494305 0.104607456251429 -0.462072629578159
0.0722410071227625 -0.00989126522030879 0.611646234637263 -0.227329066006844
0.0202039965297111 0.0583169752097187 0.692057727179757 0.545441064736337
-0.0549315149965937 0.0193493824176971 -0.132814994641303 0.919356337934157
-0.0335960775847066 -0.0299526190626677 -0.53748651406188 0.389405504308625
-0.0239425896016079 -0.0294883084391313 0.0276436178669824 0.087197848963448
-0.0221438618532312 0.00958585297735529 0.570036584578559 -0.403288513787559
0.0067071873356321 0.019961310107769 0.0843169663854175 -0.977074549253136
0.0543601278806457 -0.0152731924129625 -0.77186177995836 -0.513995020791128
0.0335883633906749 -0.0641347128267588 -0.633758392485774 0.372498725156457
-0.029284321344012 -0.0402332296733284 -0.0404360044238078 0.495708361957696
-0.036861435556772 -0.00227239179754591 0.176503224785381 0.126599784522178
-0.0187482676225073 0.0154587651662268 0.0907187214044098 -0.198311879632066
-0.0240824919628325 -0.00372318664353031 -0.0639623520426374 0.179057061765941
-0.0231784971680581 -0.0281324074527101 -0.130608269228283 -0.113199060444722
0.0171249842926212 -0.0385962312454762 0.123884820816712 -0.453028541371908
0.0726674832169887 -0.00914005801123631 0.624625005676361 -0.191971281711288
0.0192521425141989 0.0665717414503285 0.662107356151779 0.585642147982724
-0.0566549619773283 0.029132433993022 -0.188590708819537 0.918646278564273
-0.0417802537334018 -0.0195823468983149 -0.55802908867537 0.367938421186259
-0.0347237606987431 -0.019015575964531 0.027572869182779 0.080115652505026
-0.0277269829377749 0.0233688889541429 0.550388010707419 -0.423573379159877
0.0110218717901511 0.031304649693095 0.0295491743275058 -0.974470272452818
0.0562299010929891 -0.0128683380117826 -0.796970584358411 -0.471768035417277
0.0298808898830165 -0.0675017844462299 -0.613293369897427 0.403210485567328
-0.0308228999566565 -0.0400302871809599 -0.0183737909248137 0.498762810990886
-0.035980646962215 0.000385618116801024 0.186346816024231 0.120414123456193
-0.0199606072855964 0.0184787351538551 0.0968992344153642 -0.196204857524534
-0.0212300578535636 0.000668771803832436 -0.0578690646222604 0.182629026688234
-0.0190034540604747 -0.0237983086286153 -0.122667049234686 -0.114109794107074
0.0187587784703058 -0.036677727084159 0.135821956379555 -0.445913779660901
0.0691225662133046 -0.00740379090936832 0.630098861858038 -0.168019853781022
0.0172526337251584 0.072716675084228 0.633853196239574 0.610902873067038
-0.056968177975114 0.0381876457726022 -0.232491750958504 0.91656256938237
-0.0482141637038065 -0.0077700703200163 -0.576837059870358 0.355201104329645
-0.0429916987700625 -0.00787110288118494 0.0223274928172058 0.0765684327385031
-0.0296449092362286 0.0367695729983587 0.532482585509644 -0.434454737870319
0.0154885536216198 0.0407196381429371 -0.00648744229702612 -0.969775071761602
0.0564276425087071 -0.0106548744972552 -0.81065278912199 -0.441958139994854
0.0240934084182497 -0.0666703392798692 -0.598709459225101 0.421967474107555
-0.0317171359756948 -0.0382964939928573 -0.00262234152048676 0.501573531605933
-0.0325799606114931 0.00474496762646434 0.194221133416917 0.117317784183842
-0.0169595487663087 0.0230452407870012 0.103553965824254 -0.195482875308552
0.0167112261247705 0.00382498072370782 -0.0894440498522659 0.18448617635161
0.00698072335467608 0.00331271771008973 -0.176992484978029 -0.0610766115930778
0.0178940751738813 0.00120575113485946 -0.00880898706058963 -0.473805709688687
0.0386499145820102 0.0105431206485137 0.508769891076518 -0.384821845023591
0.0121002845987226 0.0416490821614973 0.795014621510276 0.328346494692951
-0.0308551513186371 0.00221918215283406 0.122007910001101 0.920918795019047
-0.00503380685653878 -0.0266098070704532 -0.453622511280148 0.517314340904
0.0039000699231002 -0.0215821580406691 -0.0229992172987935 0.134065542941808
0.0109743289303732 0.00355091746985097 0.617214009710934 -0.276672942203632
0.0249046203532533 -0.00469556925833005 0.330366616753857 -0.93851450869926
0.0358478827859319 -0.0162857894431167 -0.633647773986872 -0.714339512132312
0.0122656819056297 -0.0341358688418697 -0.727429145873926 0.215060546350256
-0.0246210879378014 -0.00887509315033509 -0.128020284075175 0.481419221864153
-0.00565979316106213 0.029721151422263 0.149548435072698 0.157024283551804
0.020900431642208 0.0330309632585763 0.0792483374012708 -0.206512422122775
0.0079108734944207 0.000231129661516094 -0.0910851430611831 0.183565450679919
-0.00328677544507688 -0.00319815872770838 -0.177200680015155 -0.067198875957761
0.016439511332925 -0.00609141725511808 0.00165653247728608 -0.474631533015449
0.044970391777076 0.0057032650371402 0.519484145525468 -0.37357733355176
0.0141511692994339 0.039434507128309 0.791154373599704 0.346578023082572
-0.0367599515623188 -0.00127970511542273 0.103888723389298 0.919917400895154
-0.00765533659780953 -0.0364838894050739 -0.455818588852148 0.502975143301503
0.00555015523663046 -0.03133448585666 -0.0102843399215999 0.129003902289943
0.00907726231293815 -0.00506597659705456 0.62151164949588 -0.292260236787368
0.0197938152363515 -0.00879591616269224 0.316551449456823 -0.943946696224045
0.0387145078157338 -0.0182483706920673 -0.644546725441478 -0.69845254747485
0.0202618655858231 -0.0382478716542416 -0.717250520964439 0.229365448933074
-0.0234786216213845 -0.015690502329221 -0.121786469572209 0.480930706603434
-0.0130762755005459 0.0203171830225577 0.149247578818016 0.153070518276338
0.0127628193680436 0.0271003358214952 0.0779087691656413 -0.208288577722346
-0.0016592655703398 -0.00275240178039903 -0.0877454224721281 0.181467364205286
-0.0126444382003107 -0.0114156165304905 -0.172278176124601 -0.0767326944967001
0.0141130024711095 -0.0144827979737445 0.0178719433475751 -0.475544998667734
0.0529823021574743 -0.000318524808344361 0.539173627330222 -0.349355142741784
0.0163793720501801 0.0406761511117825 0.78226448616797 0.382196613380131
-0.0424824756427001 -0.00115659835136105 0.0679692532653964 0.92157368827868
-0.0131268753162584 -0.0415965679539134 -0.468162788840863 0.482849796699152
0.00313714897774368 -0.0373287477767134 0.0033953710733521 0.120518765982585
0.00297878078908909 -0.00933627910077026 0.620030390763163 -0.317746215295348
0.0145478485040943 -0.00800847299689252 0.271786725220017 -0.959147767695083
0.0427371603429225 -0.0184848287884306 -0.673163857957929 -0.662328879503747
0.0273559346945199 -0.0442970849650706 -0.702860948699524 0.258358428814012
-0.0239289631884426 -0.0235538223808193 -0.105354166279233 0.485060034298427
-0.0204651785058488 0.0114263724884824 0.15372725888655 0.146073037887109
0.00408339637384439 0.0210298602718354 0.0763635256857593 -0.20965418789706
-0.0112505693925996 -0.00537147204243567 -0.0861501393421985 0.180091857552832
-0.020480461587787 -0.0187185667135644 -0.164863776802427 -0.0876563739676987
0.0140765034015037 -0.0238173033069162 0.0437192770914923 -0.475411307448353
0.0603697933320688 -0.00658401397832657 0.56511945730154 -0.314694649458615
0.0191586873038367 0.0436485591678475 0.762348152310557 0.430714621680781
-0.047313111634194 0.0032339770612184 0.00960299448041598 0.921338729939688
-0.0194783781390728 -0.0418055039159785 -0.487133815486063 0.456554287863135
-0.00423472572173076 -0.0387831841421209 0.0156639904337306 0.109127456034522
-0.00569618251599138 -0.00835990943296618 0.60818083269448 -0.34750446427126
0.0097905451845468 -0.00139820253914436 0.212472013089192 -0.970414359944369
0.0472174536803044 -0.0173748939985458 -0.707508363263761 -0.614380319523589
0.0325692659430339 -0.0518074261483718 -0.680086581597532 0.30045415949622
-0.0251782973112198 -0.0307212226417337 -0.0839904461940527 0.490781030477369
-0.027084613629469 0.00466452985940735 0.161316744708097 0.138811379754298
-0.00528469490516866 0.0179423802394005 0.0796371048697518 -0.207390347365951
-0.0187134478459199 -0.0064826280861914 -0.078521370346421 0.179584605906507
-0.024906519287906 -0.0233308155899921 -0.154097434728399 -0.0989712126769619
0.0143485754113512 -0.0313799880983199 0.0723509569186132 -0.471672178502603
0.0674212650943246 -0.0094362079816102 0.590526069958349 -0.276493938411575
0.0217613526652557 0.0503496135988912 0.736227004148264 0.485664267382155
-0.0511341378843323 0.0103254190974609 -0.0544138185748177 0.926653030517493
-0.0259771561810209 -0.0387878926407954 -0.509781870238872 0.427409660311191
-0.0126849787155012 -0.0358410062588813 0.0241192932102138 0.0978047900948816
-0.0148386566286344 -0.0017655458687854 0.591752273658319 -0.382354559027549
0.00718750557853576 0.00762137973298044 0.142992292607639 -0.980890385361482
0.0512314537645956 -0.017702914166676 -0.748038974870417 -0.56078098274187
0.0345889721626787 -0.0594752569214469 -0.656937726463728 0.341951820853621
-0.0275917853024276 -0.0361630064111503 -0.0577964922521174 0.494353478311522
-0.0328290683428192 0.00046191185477861 0.169745486324304 0.131469871288436
-0.0126681861739879 0.0155248231318628 0.0825537459178659 -0.205235238558537
-0.0239379072554908 -0.00581472357090968 -0.0707175084026398 0.178074560291144
-0.0259365889835309 -0.0281005977954613 -0.142475654310283 -0.107985688433628
0.0163798939623589 -0.0367116348381674 0.0990193910158611 -0.467684523369421
0.072348326088207 -0.0111927330878823 0.610352770478044 -0.236120170968277
0.0216176714445586 0.0586447553300961 0.703161505826547 0.539867658864159
-0.0550951345597184 0.0198620758206352 -0.119629983419367 0.927093277488776
-0.0344021460848848 -0.0298661321954328 -0.535158648522347 0.399833221930555
-0.0237614087420942 -0.0287993540626707 0.0291607429154057 0.0873406996119847
-0.0222752104989369 0.00916159221144962 0.567723463260541 -0.411686735916406
0.00777919125372513 0.0195349129032295 0.0724481215310839 -0.980644364413635
0.0539120925425606 -0.0154616236147304 -0.783851450985792 -0.504840852840728
0.0319938327972949 -0.0651904085735086 -0.630646510323749 0.386128284947479
-0.0299764394926976 -0.0392491241609395 -0.031253898662521 0.498528138633653
-0.036041782317582 -0.000879132444348888 0.179716107872396 0.124402308478592
-0.017933005719125 0.015961025452867 0.0891837739888389 -0.200639376036318
-0.0245793416008319 -0.0040213889638494 -0.0613667709096364 0.180206939813631
-0.0239564899396189 -0.0273078816262134 -0.132268696267784 -0.112649264541459
0.0171032755599017 -0.038943590608542 0.11732317967864 -0.458425586682505
0.0736009774026345 -0.0100767581051753 0.626260960870942 -0.204192900845895
0.0208091875847043 0.066880624632734 0.671913695925047 0.577426657072191
-0.0573569432812845 0.0300280592552766 -0.178429317830511 0.926988885126489
-0.0424242200749307 -0.0198194847871877 -0.557111961955443 0.377844714181868
-0.0346903144992999 -0.0185688127846686 0.0290697776946238 0.0800650712107115
-0.0273969492106765 0.023159668284477 0.547119621489526 -0.431810129626189
0.0108238482958122 0.0309790036521963 0.0164182413600887 -0.978327850071514
0.0561842369623492 -0.014017150829416 -0.807812748111407 -0.462219453456043
0.0291038557752137 -0.0685746283706981 -0.611791152962004 0.414875349097215
-0.0315651001007352 -0.0399934065863049 -0.0103752302188991 0.502492172513975
-0.0361442722393356 0.000766648660082506 0.189187568673724 0.118082926200533
-0.0185203866196863 0.0184660897961384 0.0948681529560951 -0.198370377257889
-0.0215075046044843 6.59855275174804E-06 -0.0552180557932965 0.184681277346159
-0.0194402206939365 -0.0238282788830509 -0.124546478631648 -0.113430491889796
0.0179235798791643 -0.0368778191521286 0.129326066850139 -0.451203512440279
0.0691835220252126 -0.00833161000804236 0.629097758141836 -0.18244066290402
0.0195571234728065 0.073546563364382 0.64554917522959 0.604361207351137
-0.0563972720709249 0.0392447870110441 -0.222206803083298 0.926338906438069
-0.0491041927285355 -0.00821442887803478 -0.577204618850615 0.364919301168331
-0.0441708990404819 -0.00743378888806198 0.023553906802246 0.0760038577857128
-0.0290794188462335 0.0367941881714871 0.529417669818711 -0.442908893275355
0.0163500001368365 0.0397133127170008 -0.0200252249348278 -0.972309766518572
0.056287415703629 -0.0111092189070815 -0.821894094779639 -0.431811883062229
0.0233788597126097 -0.0674024579603611 -0.597853396432252 0.43500311923592
-0.0319868294947073 -0.0386524995713702 0.00453051938357998 0.504422285454817
-0.0323457871680637 0.00519416304325243 0.19684153268681 0.115393535917899
-0.0158818402604516 0.0230914217610561 0.102044295938984 -0.198461088127315
0.0172221620064457 0.00279302783483903 -0.0869201605531404 0.185366163007255
0.00647551306476949 0.00248779597978758 -0.177442230439387 -0.0595383910146706
0.0186389024780851 0.000344518926190746 -0.0162632080029178 -0.475674883855222
0.0390202805932579 0.00968661101114666 0.502307678140763 -0.396681780578069
0.0136992474247434 0.0417116201150475 0.80108540488118 0.316061419861797
-0.0311710777296038 0.0024564571097209 0.135719806912506 0.922706260616901
-0.00541308622593668 -0.0273124119024645 -0.447934237567891 0.525764574202445
0.00328121702061868 -0.0218779408366862 -0.0215000244827213 0.134595150375772
0.0110112781526312 0.00281837745236516 0.615351458006996 -0.287119417266888
0.0253344565579993 -0.00461478190536403 0.319970230974577 -0.946127013827664
0.0354664710776517 -0.0171416436329764 -0.647671296155304 -0.70787296957865
0.0126762579979211 -0.0343669812428663 -0.728145640591392 0.225556036762838
-0.0242614453625576 -0.00908549105331159 -0.121385751437217 0.484509413575869
-0.00500786897451996 0.0295534181741097 0.152377975399522 0.155105342582084
0.0213957270612123 0.0321614341574875 0.0765993427394969 -0.208484848543898
0.00801538635434207 -0.000499139968627384 -0.087758185606043 0.185383851312534
-0.00326602731723346 -0.00404077000652456 -0.177788763192823 -0.0655750331383664
0.0162406633711444 -0.00626060507363993 -0.00728890577833818 -0.477817458713272
0.045990931987739 0.00429964081088404 0.514567775423391 -0.384118372591294
0.016036962024902 0.0395034610117589 0.798947259631905 0.335082740288081
-0.0369310839448829 -0.00178771994899184 0.118158675957621 0.922759586959491
-0.00806800640396654 -0.03713175330448 -0.450460163088256 0.511265883916298
0.0056894172046988 -0.031617536228723 -0.00802763852960814 0.128735923976071
0.00913771337902661 -0.00597988922731757 0.61919945562909 -0.301178483951172
0.0199952864018608 -0.00916690249991988 0.301385099054546 -0.953613357085386
0.0386493651256357 -0.0188776352133248 -0.656946761853635 -0.691330808862133
0.0198440784482429 -0.0385622856887753 -0.717286347771246 0.241678690475809
-0.0243909580010316 -0.0150060529860756 -0.112739035602625 0.486713818907673
-0.0121770695315094 0.0211766682888505 0.153202422209337 0.151630910703961
0.013825628451206 0.0263953466939246 0.075427950977179 -0.210613716512556
-0.00210960650408311 -0.00399978263459137 -0.085959211982644 0.183071231301703
-0.0125771180385457 -0.0107940278200938 -0.173122459874201 -0.0750319540335146
0.0140546443158451 -0.0151408349619532 0.011836367872439 -0.479017307125203
0.0537886302211548 -0.0014806898917244 0.536453869110206 -0.360657911338309
0.0181353987858047 0.0399855403494924 0.788396409299547 0.372244114914781
-0.0429464644038286 -0.000945673088098119 0.0783155727371263 0.92459239400433
-0.0126824115659 -0.0422518606095665 -0.462185080167962 0.491758380455787
0.00281082274071413 -0.0372463355561651 0.00589492737359835 0.120109306998447
0.0032551521149192 -0.0102123359622344 0.616388200605654 -0.326659139548661
0.0142413747782755 -0.00794236704197079 0.258231801892923 -0.969035923652473
0.0429977723692938 -0.0192344218301733 -0.68705284742612 -0.65540940153903
0.0271829358036655 -0.0447990359773925 -0.702172397528325 0.271704638131197
-0.0241770699647856 -0.0231625290965212 -0.098689793375054 0.488375591818432
-0.0200026299857439 0.0121526472274286 0.156963453033141 0.14488078787321
0.00462029980013244 0.0212438081397189 0.0736270319010301 -0.21129346622088
-0.0112856586812314 -0.0058110243727736 -0.0838838052349239 0.181505251838421
-0.0204716138964408 -0.0181596906441224 -0.166789648523157 -0.0869647168616669
0.0138496909810718 -0.0245255515428285 0.0367425134428148 -0.481004997938302
0.0611882661356415 -0.00706942842446982 0.561433832894442 -0.328053179628946
0.0214843183261375 0.0439935326015354 0.770777309576453 0.4202516448376
-0.0474671066269774 0.0035184414427894 0.0215508706625148 0.926866901977529
-0.0194750448675808 -0.0418474459688879 -0.482415501379324 0.463466255298325
-0.00454722250731175 -0.0386744797700565 0.0169154670456994 0.109055695055233
-0.00630079527960776 -0.00849347598455541 0.606422431120482 -0.357862133289853
0.00930605484043441 -0.00174782889125902 0.200572582523384 -0.977631659847946
0.0477947315880401 -0.0183362461155662 -0.719849177645277 -0.608265955189946
0.0320734021686043 -0.0527608473453216 -0.680365447801059 0.312529953723499
-0.0259900815924431 -0.0304771788127922 -0.0766127264783046 0.494098842569596
-0.0266558596436132 0.00429226033990464 0.162904278448188 0.137466970434456
-0.00426692471509034 0.0181021883660479 0.0773626013807656 -0.209215014682187
-0.0185978216640075 -0.00715505925093007 -0.0759666533450995 0.181165120953693
-0.0257317359887927 -0.0237747621840304 -0.155685273634353 -0.0978788342976583
0.0131475376449697 -0.0317180612775724 0.0645054254291254 -0.47610334861223
0.0683022320795893 -0.0109614697611361 0.587351481558018 -0.287419226801077
0.0230590857910923 0.0506026275310289 0.744759572426623 0.477943772241847
-0.052016903456764 0.0106007806289835 -0.0425379215843713 0.933313255491269
-0.0270288737656395 -0.0387786023970141 -0.50593324655958 0.436076795665676
-0.013295411187574 -0.0362853365608325 0.0262484023486004 0.0969785304036439
-0.0146729543546382 -0.00250266515241124 0.588304337369364 -0.391898598614784
0.00680225613507233 0.00718910353673866 0.128682940022797 -0.98672002461945
0.0516530871564275 -0.0185511198077461 -0.760289155861665 -0.552263623225114
0.0336594470079543 -0.0597130721239969 -0.653679864765339 0.353834642192041
-0.02731718681672 -0.0361451954599802 -0.0502532351049145 0.498757252425062
-0.0324634034067321 0.000726211195397763 0.172291433584034 0.1300339148805
-0.0114628497909987 0.0153578256227777 0.0799460920121759 -0.207237507555738
-0.0240805930685185 -0.00665248958728721 -0.0678860914697862 0.179767931724438
-0.0266244355578492 -0.0277003143850564 -0.144711350319471 -0.107084508558066
0.0150250033917416 -0.03765327525394 0.0920807295429686 -0.47065983604793
0.0736657051298453 -0.0128636788133049 0.609260188037216 -0.249811268357125
0.0234888448677391 0.0585943004009228 0.712849085108724 0.528851240067054
-0.0553212828730836 0.0202568050666462 -0.108111926336251 0.934547617570237
-0.0353879529835693 -0.0305401803452583 -0.532224822853739 0.406754002989239
-0.024621785275102 -0.028266909823842 0.0310746026832993 0.0861979492255415
-0.0223194446979305 0.00932811840572613 0.564103566771947 -0.420079159860948
0.00803416929089788 0.0197497092353622 0.0582310100509776 -0.986986088669371
0.0544297068603595 -0.016716713139395 -0.793884911884487 -0.495853589436615
0.0316105643593223 -0.0653830341333191 -0.628382534014083 0.396239268655524
-0.0307117045039615 -0.0393833463590927 -0.0239683702847479 0.502331344625401
-0.0356063807486219 -0.000184319890679959 0.182109618309787 0.12243850183201
-0.0173131926342008 0.0160231807170794 0.0861693976341679 -0.20184193996798
-0.0245908732410958 -0.00455044482883537 -0.0596112649633255 0.181385868118669
-0.0244481535654617 -0.0271345666642919 -0.133990330116707 -0.112019937440667
0.0157311601852828 -0.0394126635853586 0.110990143190169 -0.465707583583794
0.0739911583681864 -0.0129129520994051 0.622543256457339 -0.214962715521436
0.0229184930774556 0.0671147248575196 0.683345820434897 0.569707125923711
-0.0566339966155369 0.0307147838836225 -0.166693110689927 0.934603538516462
-0.0436297873505887 -0.0195165547775923 -0.554777353822231 0.385290827866621
-0.0358988365063103 -0.0184878846989177 0.0305515177873582 0.0789525415092132
-0.0267459606754107 0.0240294504802592 0.542587822165425 -0.44128214267086
0.0111257654079033 0.0316572373894463 0.00323924812230036 -0.982600289594598
0.0565572986759387 -0.0151489234638039 -0.818724991689859 -0.451929971491365
0.0277127938488159 -0.0690856301218997 -0.606716068227092 0.427075104463807
-0.0320643632856801 -0.0397096371253308 -0.00292135125208246 0.505178817710879
-0.0355086225187265 0.00180745607218924 0.192509958162512 0.116854557703612
-0.0186987605417295 0.0181932163379978 0.0924179337564745 -0.200258680635953
-0.0218520038279909 -0.00055677410071064 -0.0520433068608131 0.185255679626268
-0.0202035321162051 -0.0230357359574166 -0.125911563483898 -0.11218596466017
0.0177708425260795 -0.0379146092660934 0.122554916015573 -0.456276850888053
0.0697517521189224 -0.0101387670194982 0.629032398524613 -0.194492507208645
0.0205140464920719 0.0738548568459136 0.657090025766504 0.598855709170019
-0.0563854195752498 0.0397189304871697 -0.21024146252784 0.935810079161377
-0.0491897903374838 -0.00809375112649168 -0.574950937830457 0.373434573533904
-0.0440867612009994 -0.00621616221456091 0.0250341791480653 0.0752608467703241
-0.0289504719938206 0.0368128987218758 0.524767585088394 -0.45149471717
0.0167989780240241 0.04082009296612 -0.032313965417471 -0.977996348206945
0.05656972063156 -0.0124940434451215 -0.833490082096985 -0.421918198951914
0.0225768597310262 -0.0682845164854885 -0.591784665681461 0.446492488559594
-0.0330110994015847 -0.0379985239648514 0.0127956400817901 0.507005573765779
-0.0322055631655277 0.00597002317423215 0.2001217351132 0.113112826965309
-0.0156230502554474 0.0231109057148576 0.0996008213023002 -0.200603000303819
0.0170487541783011 0.00136380499532598 -0.0833950015641958 0.187245753470053
0.00659948851066529 0.00288146932601486 -0.17866887699461 -0.0575718617176523
0.0181304443267238 -4.83497186196322E-05 -0.0265228195838406 -0.477170629029157
0.039291121841474 0.00932511058959594 0.495660262510986 -0.406663354721411
0.0151686713919065 0.0420921882256673 0.807688342624205 0.305125757967607
-0.0316360690830757 0.00271881796379045 0.150559060492285 0.923934900981891
-0.00664450065560945 -0.0275756619121602 -0.440746315641241 0.533124669121162
0.00268593683120191 -0.0220499123736989 -0.019792714307807 0.134607750263436
0.0102341930624307 0.00250919054632517 0.610939392355787 -0.294772420038137
0.0244364967376313 -0.00498243972376527 0.30529890432619 -0.952180947079384
0.0353248276257417 -0.0180080640409692 -0.659598557365907 -0.699142514438525
0.0109515281170932 -0.0341975673757556 -0.723582421808861 0.239950701431325
-0.0241182645759762 -0.0082785354894924 -0.112761030945919 0.488803023937488
-0.00376358521134135 0.0297061266548867 0.155506304132362 0.153439922341126
0.022764035652945 0.0311416660652825 0.0734302899569104 -0.209185535271336
0.00793443280384094 -0.00158493426549371 -0.0856343068815604 0.18638866591446
-0.0029995237818541 -0.00428189431625669 -0.178430782470683 -0.0634313702253948
0.0158550852050628 -0.00716522944141926 -0.0157236702100191 -0.480116503327172
0.0469742984428499 0.00342741384694194 0.508974820895891 -0.396053865260901
0.0170357494123518 0.0396814181247097 0.804235377273439 0.323168205611217
-0.0374431441682272 -0.00149566029011959 0.132315568200421 0.921984583019608
-0.00864324633250218 -0.0376249513526273 -0.44297822801769 0.517511313591664
0.00531030078244157 -0.0315020444818474 -0.00576868387186593 0.12906777574863
0.0090760412806871 -0.00662746962371051 0.616193588299327 -0.311258206665233
0.0196995412947871 -0.00961119325401436 0.289509077643503 -0.958806948831879
0.0385126708345732 -0.0193811740767319 -0.670054807639867 -0.680023101354734
0.0192341198321956 -0.0386313955345315 -0.713473016758109 0.254177013730079
-0.024565814263722 -0.0147946031093932 -0.105332161712304 0.489139344357631
-0.0110409391331808 0.020587448453439 0.154965364319703 0.149071584072866
0.0148090975388852 0.0262609889466711 0.0724482169428246 -0.211436807945522
-0.00200803744656078 -0.00436091668655532 -0.08280819926342 0.185342544873116
-0.0133235628999242 -0.0109264235449016 -0.17416948686262 -0.0726528189405372
0.0138925047441718 -0.0156586575864124 0.00171680026332717 -0.483391354067796
0.0532308618015753 -0.00282574972630896 0.531230864233595 -0.371598094284921
0.0201686034635667 0.0402593161634334 0.794740761113325 0.359538582464838
-0.0431227603166539 -0.000643056812046076 0.0935067412267021 0.92562067002386
-0.0142079435292815 -0.0415013763244205 -0.454523468636276 0.499476953400616
0.00201257677263621 -0.0372027242078483 0.00725830228621889 0.119037374201147
0.00248116769872342 -0.0107285304793952 0.612857302929329 -0.336947071840024
0.0132073426970111 -0.00879526543823647 0.243267129856591 -0.971899537847982
0.0427371469693015 -0.0202096146045538 -0.696914374384743 -0.64512973343123
0.0264881991513799 -0.0450865426975789 -0.695858422961048 0.285553174297666
-0.02463518098538 -0.0221583453032689 -0.0885810028965344 0.491486313233053
-0.0193303515398655 0.0124240148917825 0.159520700622025 0.142663767138948
0.0059678623551933 0.0213292490534904 0.0707223942350136 -0.212387777398654
-0.0118653467717398 -0.0064133316765571 -0.0797436533354385 0.183008882462814
-0.0212636647336432 -0.0183182147336318 -0.168081883988144 -0.0855062780860368
0.0127047182459981 -0.0252819266312184 0.0274293483415472 -0.482450243246404
0.0615416132536672 -0.00894470846074628 0.556341744710159 -0.338961115399613
0.0227831107964061 0.0442787228402466 0.778183477741533 0.406556560179074
-0.0476404638985018 0.00425472084655794 0.0362226606443051 0.928799913984545
-0.0206333078882935 -0.0423358495596838 -0.476677870408157 0.471354579927318
-0.00508146967239523 -0.0387483113132635 0.0185261936636425 0.108383505857534
-0.00623146936075264 -0.00878870859916039 0.600184563903516 -0.365011539034341
0.00955063019300911 -0.00184240863335083 0.183690336157384 -0.983302912831681
0.0475187762070592 -0.0200400776014415 -0.731894523825212 -0.596171468899253
0.0314839931108728 -0.0527500933250684 -0.674658339321635 0.326067312079631
-0.0261297672528406 -0.0299501516307356 -0.0676890837801786 0.496380889242921
-0.0256300001584251 0.00500935805623075 0.165351418763726 0.13519385633175
-0.00313251537019527 0.0176060159637197 0.0743102798982167 -0.209743618187148
-0.0194043160916531 -0.00636117882597234 -0.0720676350368162 0.182017344912697
-0.0257201851586177 -0.0234692877695837 -0.157270509610413 -0.0961498657616403
0.0125424807693638 -0.0333587410474702 0.0538933765752002 -0.478081209422904
0.0685432844305728 -0.0122344348617524 0.583061722842724 -0.299636220684044
0.0246804389436952 0.0504684069093795 0.753844421867007 0.464260798952715
-0.0521089000257826 0.0108633314890762 -0.0289151682436455 0.932961597850637
-0.0277732191719418 -0.0386554636973021 -0.500691330202695 0.44443843945882
-0.0134027029253915 -0.036265582810751 0.0275754464498079 0.0964802736468137
-0.0143731459835084 -0.00209590627334682 0.582923704362217 -0.403236555489144
0.00733149901734786 0.00780664938833807 0.112256176188058 -0.989360227937837
0.0509581333709879 -0.0193502668209204 -0.768939416468698 -0.540379174377847
0.0322245894433856 -0.060050682566032 -0.649341374341662 0.368135800146466
-0.0284199418262162 -0.0358030966941151 -0.0413755448737309 0.500560104095309
-0.0312794613274838 0.00149740873040578 0.174821787734996 0.126498353191289
-0.0108258531569274 0.0151914347680858 0.0771390756294198 -0.209155686990475
-0.0243208063810338 -0.00684124009530235 -0.064499800076748 0.180859365241674
-0.0271378545308713 -0.0272054986433091 -0.145875908556605 -0.10514424059968
0.0145207520778506 -0.0380868491170869 0.0819988281739344 -0.474485268086922
0.0739265348663402 -0.0143199774394993 0.605625856702914 -0.262120872048694
0.0258108382967905 0.0591482938668709 0.723058433301381 0.518218370165151
-0.0549231662901708 0.0210781911639921 -0.0952263664846885 0.937926801728936
-0.0356970097874836 -0.0305206371003833 -0.526629555121475 0.416128767685261
-0.0250947956649725 -0.0282983796617583 0.0325848899850132 0.0852603602591393
-0.022364344451535 0.00932144110847377 0.559209306679724 -0.429919067036744
0.00807965917301245 0.0192960023870058 0.0431668329540231 -0.987616176687139
0.0546452033668927 -0.0183883021461003 -0.804372082486071 -0.482906614508809
0.0309761313000601 -0.0668363273011157 -0.623173081771498 0.406980894522153
-0.0307165660498737 -0.0387115516338677 -0.0155366521165529 0.504050182442798
-0.0352016890109502 0.000659064053251528 0.184629593150295 0.119579731371051
-0.0167857243625581 0.0159358272547451 0.0833771277969832 -0.204063940446343
-0.0249721576446341 -0.00461087748939211 -0.0557455708980102 0.181737355438412
-0.0254192476510197 -0.0269314447171264 -0.135601855169266 -0.11073555311083
0.0155324611274528 -0.0405277718117952 0.101043658159459 -0.468568430444321
0.0748252340993446 -0.0138178700783063 0.620749307656104 -0.228735729107258
0.0247299663839758 0.0672600835336012 0.692071641894432 0.559688777395713
-0.057268702771703 0.0308147224893345 -0.152306418574874 0.938984799739393
-0.0432417047624765 -0.0192658535100972 -0.548317183348388 0.395912834156301
-0.035651258357145 -0.0174301068865256 0.0315988380907471 0.0782375213642127
-0.0273838413556426 0.0233848047721076 0.536327821300291 -0.449391299370274
0.0117538584396279 0.0310383982691365 -0.0130904206749641 -0.985650845151196
0.0563366869356569 -0.0160199585183877 -0.825477760594866 -0.439148311832934
0.0262190617900387 -0.0691532907338063 -0.598812561352404 0.439909714051555
-0.0327566269754292 -0.0390408900565787 0.00772336058659641 0.506917635979484
-0.034963061655142 0.00213003081488272 0.19371675842207 0.11337198660752
-0.0177314966542151 0.0183642557998242 0.0892346977268189 -0.202409393294748
-0.0220219242763721 -0.000902002291781287 -0.0484081802143006 0.186740220376906
-0.0205078287335341 -0.0231376239770902 -0.127806851182944 -0.111117704757135
0.0165874691202282 -0.0386333194563593 0.114457417055384 -0.461090418042084
0.0701674927830301 -0.0119967209179943 0.626489637373484 -0.207010229471296
0.0228897442447842 0.0739783255141229 0.667114414769565 0.587601619082971
-0.055752817140801 0.0399914049341889 -0.197644890761106 0.941270192380825
-0.050082533452937 -0.00772254922369763 -0.568562448247189 0.384128326567195
-0.0444330446789266 -0.00601274300299908 0.0269875133011989 0.0745860061538855
-0.0294663817649024 0.037441993798161 0.519851464642672 -0.45861982984843
0.0175209685047189 0.040497114268443 -0.0482030275950057 -0.977602471695926
0.0568873266762107 -0.0134845741442179 -0.841054457396642 -0.407451392051952
0.0215058949828799 -0.0683313788373277 -0.586619484906229 0.457522693805071
-0.0329276350290113 -0.0373194240325874 0.0228679234288393 0.507629648984315
-0.0309878670284676 0.00659909159000277 0.202302446337655 0.1094440539088
-0.014983428329158 0.0232374884197591 0.0960848719402061 -0.202497260109895
0.016473728829775 0.000359364724450631 -0.0792968331080752 0.188006264868812
0.00685608631103108 0.00271832362355659 -0.178771059915061 -0.0549851910000356
0.0182101481056058 -0.000695597983354546 -0.0344851553522825 -0.477721028672805
0.0401999607715526 0.00836674467015945 0.488322013062159 -0.416258465542124
0.0166599184840441 0.0413281679481052 0.811540587470608 0.290253858225422
-0.0317811899511794 0.00291207262695018 0.165428427731366 0.921542101287722
-0.00627340389272594 -0.0280752890159565 -0.432096099531984 0.538606651567552
0.00356862697518367 -0.0213020051777229 -0.0168701768089828 0.134100609529384
0.0107537144729309 0.00194213958851724 0.605448525409359 -0.305267549390149
0.0245009596882307 -0.00621776161935216 0.289391489419167 -0.955990061529405
0.0352366748044819 -0.0182411054838355 -0.669891816451147 -0.687276133498874
0.0108223955762501 -0.0350053937738836 -0.72034235150344 0.252564203187747
-0.0244627702834595 -0.0080424028120249 -0.104016160836679 0.490729772005592
-0.00262268934989663 0.0290125568493188 0.15742497811502 0.151326468733594
0.0237284933307522 0.0304060998167311 0.069117285425592 -0.210000899943196
0.00736863394033663 -0.00252766287086974 -0.0812858241772758 0.187518623185598
-0.00351279925583565 -0.00360000257645921 -0.178365764179441 -0.0608238266474367
0.0151422270106533 -0.00771672450653187 -0.0242982067053682 -0.480801083528541
0.0465719775417479 0.00188230170946872 0.50111674327618 -0.405549519589688
0.0186882547009468 0.0392956306787537 0.809647468675759 0.307244162697632
-0.0379069053541424 -0.000907650757283625 0.14805639559772 0.921498912198033
-0.0092888293549342 -0.0376991383516811 -0.435180534964961 0.526093085145576
0.0051144679982742 -0.0319954770965701 -0.0041706363690755 0.127567289990886
0.00821333620081129 -0.00764028445205615 0.609205246072235 -0.318568158577157
0.0190390042496262 -0.0105848147521278 0.271959536522069 -0.962961073843057
0.0383995942879578 -0.0203372902428156 -0.681545274812968 -0.668917858280443
0.0188625350580041 -0.038512642652991 -0.70916921902514 0.266887902979799
-0.0246217618842081 -0.0144863798237457 -0.0957478890473562 0.491143058329022
-0.0108107321877962 0.0206962737678343 0.158038364364831 0.146807873525493
0.0162573322735997 0.0251971605098202 0.0678386767651522 -0.212331881615357
-0.00192023166208677 -0.00454904608439419 -0.0778790294882128 0.185868506691821
-0.0134945942416206 -0.0102620070509827 -0.174196568336731 -0.0706023701678657
0.013250190709123 -0.0171629088820525 -0.00674900228495108 -0.483826479504917
0.0541092058847232 -0.00413790814722655 0.52380851628461 -0.383209063805305
0.0212378795097111 0.040007718681693 0.800094758929008 0.344952765763146
-0.0430874794104417 7.36600342537638E-05 0.108990644059074 0.924885128647254
-0.015659217002576 -0.042464877121684 -0.447216651595332 0.5048195623263
0.00185461723771454 -0.0373070197154941 0.0101148521988326 0.118212840625471
0.00215349413996223 -0.0108079747699002 0.605170378850555 -0.345738102292615
0.0139527801958667 -0.00900548281316645 0.227105946517704 -0.976040270370997
0.0421029088257634 -0.0206171181871571 -0.706337894362398 -0.633555822809147
0.0255265489442937 -0.04493685983978 -0.69082602207875 0.297100625975494
-0.0250286477508357 -0.0231243119707888 -0.0810775192563216 0.493764327812437
-0.0184019193700562 0.0122303015559683 0.16158588521034 0.14014356841594
0.00696712049232785 0.0213963730111617 0.0671990729944876 -0.212956638889236
-0.0119704522098183 -0.00642801549466509 -0.0765311956490946 0.18425870649274
-0.0213515040290608 -0.0178125082766544 -0.167921707721325 -0.0816601008947301
0.0120225809370065 -0.0252337365312002 0.0162513175244383 -0.485232944948021
0.0621730713635292 -0.0104283200428058 0.549189640267599 -0.349298120933993
0.0243360387681855 0.0438025979802127 0.783681813772136 0.394412899699869
-0.0478838951135206 0.00450485364237025 0.0513653224894648 0.929054870473266
-0.0218351927505736 -0.042354609146962 -0.468829917962252 0.478682603932522
-0.00544906109757901 -0.0380211260517023 0.0213647444082508 0.106677880991605
-0.00624913544311329 -0.00861686989512245 0.59426223089742 -0.375217164428673
0.00930470706132223 -0.0025594039468333 0.167566540388298 -0.983729252812404
0.0469338861671201 -0.0205464047472032 -0.741760409869073 -0.585042716978614
0.0299481716855303 -0.0533878072410723 -0.668667498231275 0.33741901379649
-0.0262812143648524 -0.0289607538717241 -0.0585908721508163 0.498127703295477
-0.025632832014086 0.0055748946273882 0.167994820729689 0.133012506463898
-0.00312565458362578 0.0171235092041031 0.0702137204710998 -0.211095362843675
-0.0188200503853064 -0.00746180995597009 -0.0692270876799304 0.182410956907235
-0.0258779228147419 -0.0230060041323229 -0.157526818396396 -0.0936271767781632
0.0114868486410099 -0.0327434811575439 0.0461990635123467 -0.480808885412132
0.0683378371086721 -0.0147574409295862 0.577869866492855 -0.310654012007972
0.0266119761614643 0.0503132668125744 0.759824613298664 0.452350536356225
-0.051965355607042 0.0110646580765999 -0.0121075472393147 0.936115774785962
-0.0280142469945141 -0.0384466877441032 -0.492872406300458 0.452649059549437
-0.0144960160456676 -0.0361443825159803 0.0298154140253164 0.0948832635928097
-0.0150610917951349 -0.00233871288594967 0.574899731762644 -0.410249712293146
0.00729257675984542 0.0067930016628119 0.0957398846046742 -0.990869595667811
0.0504077213907574 -0.0199046227765821 -0.778273425439476 -0.527052153968268
0.0310433613172953 -0.0604671107269205 -0.642717407861631 0.379056803701758
-0.0291609650912349 -0.034797988596755 -0.0321376676945554 0.502594011877224
-0.0308960467657256 0.00153020111040467 0.176511202503818 0.124099718582788
-0.0100048940009488 0.0152883165820033 0.0733809049176733 -0.209413811662601
-0.024435747184825 -0.00680254327027921 -0.0615904073484768 0.180943583365806
-0.0279091726357715 -0.0267613092549267 -0.147572041355323 -0.103853173914793
0.0134618911952847 -0.0390287779552132 0.0730477401961836 -0.477056085582753
0.0742159983255836 -0.0161907477329959 0.599870037123516 -0.273577466137057
0.0278610888483361 0.0589119187805415 0.729951312722983 0.503413419534637
-0.0548949513918275 0.0213203635827359 -0.0779453403864931 0.939083998082429
-0.0366683004638764 -0.0300443479336939 -0.517638943654987 0.423941624537981
-0.0252533396595411 -0.0279225261567153 0.034187728458628 0.0841585120534152
-0.0220760771660836 0.00908078342594014 0.5498010112433 -0.438475333780195
0.00881448037177111 0.0194244365466878 0.0269152669103489 -0.98872509851775
0.0538359898962666 -0.0191943793363891 -0.809881290550467 -0.467299728994835
0.029102097826825 -0.0664508254018679 -0.614176097323686 0.418796304387997
-0.0316602654125623 -0.0381692223405126 -0.00506356250770331 0.504034886148071
-0.0347238349078595 0.00079268762410512 0.186953318159923 0.116382179975569
-0.0156579365138918 0.0162318242295905 0.0807078271056879 -0.20558300016986
-0.025359864445754 -0.00499521214907358 -0.0519250595210824 0.182167930904908
-0.0257080043992394 -0.0268881382379024 -0.137337965854505 -0.108860753838262
0.0143605556130088 -0.0405997394375487 0.0925502491743599 -0.470349624545641
0.0749996311603746 -0.0154273061333789 0.616890586120938 -0.239973674362584
0.0272522139939263 0.0674467400686885 0.701969414305445 0.546878222694836
-0.0563465969268645 0.0323507279286966 -0.135912652221654 0.943485712427815
-0.0443459204152778 -0.0195518410728508 -0.541721795917181 0.403690809997644
-0.0354783035707364 -0.0170069054757618 0.0329443282523564 0.0768342625680199
-0.0271026281625365 0.0229652087507626 0.528114246878248 -0.457852483091558
0.0120170176406833 0.0307468736477899 -0.0289792427651071 -0.982861835739324
0.056161935396946 -0.0171551450401873 -0.835938230444284 -0.423423680812405
0.0250628226070104 -0.0691756762686919 -0.590619051317003 0.451826879220536
-0.0337238770399287 -0.0379800349333748 0.0166488707058905 0.50680976154601
-0.0345311488532402 0.0034345275973025 0.19637570727677 0.110498805221357
-0.0165696928560848 0.0186080540561516 0.0862757917019771 -0.203738014650742
-0.0223014521439289 -0.00102895040108833 -0.0448909749690826 0.184958429075549
-0.0209172693969363 -0.0226662936080242 -0.129166605329451 -0.110013968440419
0.015957339572996 -0.0389770576322672 0.105156395169266 -0.463955046435712
0.0705918143505933 -0.0130727292741022 0.622280760331406 -0.218365972716216
0.0252800214960333 0.0741528149920169 0.674915878339044 0.576305837009366
-0.0550478381995927 0.0411776388075051 -0.181852241719593 0.942813412405657
-0.0499496418737426 -0.00692575712127841 -0.561086881319624 0.393793970633754
-0.0440380300606738 -0.00545416480793474 0.0279311930618608 0.0745258995594435
-0.0279229454774479 0.03716410621078 0.510894675213209 -0.467293684545458
0.0181203631013281 0.0403748735026297 -0.0644894315320498 -0.97611372849899
0.056111131412451 -0.0147270279491677 -0.84543331498138 -0.395326288430664
0.0201595654537855 -0.0681276515768471 -0.575139588059587 0.469771083204528
-0.033841532279258 -0.0366337104307864 0.0321215351187013 0.507975394783348
-0.0302700080746186 0.00729828438601169 0.204229148793851 0.10634688019855
-0.0135155156688456 0.0230123424844432 0.0920677279758933 -0.204343683983905
0.0159821405657072 -0.00085208901413749 -0.0761303518897618 0.187745883006716
0.00617675574762846 0.00247150324336635 -0.178368341859896 -0.0523235294064611
0.0174074568887661 -0.00175836722355854 -0.0435160255733594 -0.477465651016988
0.0404116598597421 0.00692356041986255 0.478012513430209 -0.426455584558737
0.0182027961625787 0.0419528836681003 0.812388681490723 0.275771912337005
-0.0318636196727122 0.00326729503292093 0.180230661486332 0.915844472756284
-0.00775621158395307 -0.0273119337081544 -0.421144911271486 0.543489993814605
0.00312975699191449 -0.0215757321266908 -0.0144228450100921 0.133249527607385
0.00994565872274484 0.00145310623291814 0.598280945847933 -0.312827426396922
0.0233149975744476 -0.00713582232544861 0.274142756818336 -0.956410250745315
0.0345304681493101 -0.0192414205786847 -0.680772480423969 -0.672854739406145
0.00994712621418932 -0.0340953778521752 -0.712931745688846 0.265363207800625
-0.0249215206598655 -0.00728277376510337 -0.0942901577751754 0.49166869152407
-0.00143248292661325 0.0289418803306978 0.159430519925471 0.148365859248544
0.0241302304367531 0.0296997227421887 0.0659085782896243 -0.210048344228416
0.00677526377776681 -0.00267026400326448 -0.0778105149189075 0.187024618931946
-0.00369419272830917 -0.00384064560607669 -0.178122829080469 -0.0585888597333527
0.0151904308023052 -0.0076326997878598 -0.0338925423069248 -0.478458317698542
0.0469801682475593 0.000545762908665325 0.48992822365026 -0.413094614301005
0.0199102820471134 0.0388239384782939 0.81073554541091 0.293051552019433
-0.0379948687009672 9.30150744088386E-05 0.162733963550691 0.915066856831394
-0.0105966477105061 -0.0378303016657703 -0.425171970974813 0.530788271891417
0.00441032737266076 -0.0312713384322297 -0.00167517876082097 0.127270947639696
0.00820349045561834 -0.00752248382848116 0.602048693961718 -0.329315044739704
0.018451495687728 -0.0112192701776215 0.255686935195774 -0.965531461296487
0.0370819303399768 -0.0207205908932951 -0.688234078718899 -0.65313400638047
0.0179531360191372 -0.0387620632654173 -0.700659286965349 0.278104066516017
-0.024816772957658 -0.0140608855269999 -0.0863901197096393 0.49227145016111
-0.00931654789581344 0.0205974331446858 0.159301186044155 0.144171032498353
0.0165185170269532 0.0244731320083089 0.0641271533285261 -0.211934098113207
-0.00286046114055811 -0.00529252944332853 -0.0752615971476325 0.186599338418305
-0.0132245447451362 -0.010416996246548 -0.174400590632966 -0.0680702110826708
0.0124007751193367 -0.0164966834837559 -0.0166202335737051 -0.481402203373529
0.05385499731688 -0.00568868562723204 0.513474001671385 -0.391325026525563
0.0227323387171627 0.0395335679666999 0.803261270734588 0.329759501501062
-0.0435202599347608 0.00042214408486986 0.124810175070957 0.919372436884456
-0.0156197380701364 -0.0422850683847959 -0.437171765959342 0.510744952339812
0.000790333834510519 -0.0377170891447999 0.0115575950867451 0.117004645648862
0.00228420854225722 -0.0112954850555482 0.598746884945149 -0.354180614694104
0.0129004114570147 -0.00916502766683958 0.211159301255949 -0.975968368783377
0.0415710328526831 -0.0215441593925789 -0.715116988277765 -0.619377991802113
0.0251587131638252 -0.0458325558492017 -0.684399065232581 0.309233194022594
-0.0254394828418757 -0.0214799795366625 -0.0704224743322223 0.495753642033938
-0.0170330746037512 0.0123800641476828 0.163487564255587 0.136963588248441
0.00746437040316544 0.0198293174597806 0.0633977461752144 -0.212303314271408
-0.0125052265900852 -0.00727945604785774 -0.0724506782255226 0.184287501647446
-0.0220335155950965 -0.0174846838825617 -0.168615820603605 -0.079732646993384
0.0111409142424874 -0.0260802389127098 0.00808949381793206 -0.485074739215123
0.061549206938097 -0.0115889318639381 0.54178640937934 -0.358835642304094
0.0260867442898985 0.0434482860980833 0.786187443251084 0.378518345760614
-0.0480499936077801 0.0048413981091395 0.0657697104389397 0.925243064595074
-0.021674702685152 -0.0417565425084471 -0.458013346993169 0.484263305484154
-0.0060091620363074 -0.0385931094630915 0.022390043780944 0.105493340639665
-0.00705700566707288 -0.00942352546837921 0.586300746566215 -0.384057642781248
0.00867441791853017 -0.00208438376778058 0.15087681914255 -0.984376100829931
0.046402673117728 -0.0206602051423434 -0.747444376665262 -0.569631378563239
0.0298309938600332 -0.0532041640767584 -0.661097238923825 0.347845701794948
-0.0270340911265399 -0.0288343948024694 -0.0476566515094149 0.498180778410413
-0.0245903235132627 0.00573731480027088 0.169505336441603 0.130463552641414
-0.00159898755753905 0.0171769659471448 0.0664890930715586 -0.211105315613146
-0.0193128377249132 -0.0073961376240097 -0.0645692744623504 0.183358267860441
-0.0270142535165025 -0.0221654776466715 -0.158089208809891 -0.0914903383640341
0.0108654180288325 -0.0335543244106036 0.0370163233690228 -0.481407915832435
0.0691401283911825 -0.0158767819875514 0.56902914086888 -0.321258226459259
0.0279879228457654 0.0493906118202024 0.764543976002754 0.439010495889756
-0.0523903069452716 0.0115638628332874 0.00293390243171576 0.932275674143892
-0.0286009474138078 -0.0383512983428017 -0.484170361223522 0.457572194677609
-0.0144949041155274 -0.0352894761088737 0.0306055062677078 0.0938297868357414
-0.0151605495737524 -0.00286407647988576 0.566168010565874 -0.417946098716163
0.00695877997744457 0.00660309093175968 0.0791071028319288 -0.989543636628527
0.0500145666639321 -0.0209745322149176 -0.783509759078162 -0.51181630998252
0.0299337178397859 -0.0609209834556354 -0.6321951401013 0.39029137937317
-0.0297324365089524 -0.034554722374401 -0.0221860887727777 0.500608569202264
-0.0305692661893293 0.00266822126383174 0.178261255862254 0.121304235985237
-0.0086506381267549 0.0153955625140021 0.070282988164133 -0.209749533446978
-0.0239719691073861 -0.00725777293337299 -0.0582933041725781 0.181185765413193
-0.0284557439000582 -0.026209129383195 -0.148635149333293 -0.101681575788024
0.0119440467119346 -0.0388421096185737 0.0631774589813651 -0.479825065152191
0.0737539713744742 -0.0173181049535776 0.594364738438911 -0.283532366718057
0.0290136799786744 0.0585384988177544 0.734832374745283 0.489430929343333
-0.0544120707547672 0.0220300037730316 -0.0637950868603359 0.937729381123921
-0.0373249421130621 -0.0293899232422559 -0.510027460991966 0.430232953563978
-0.0256310285113116 -0.0272239882686693 0.0351074276272729 0.0824059259003046
-0.0221732627386747 0.00889158061785831 0.541570350264951 -0.444180962418331
0.00896090552155385 0.0189934477849795 0.00849493456135805 -0.984933102655285
0.0527968342889391 -0.019909899442447 -0.8144618490901 -0.453114553445296
0.0286961946563505 -0.0662325959522034 -0.604938080352673 0.429393310237092
-0.0325801227239572 -0.0376279291610037 0.00475210701121727 0.503888111631537
-0.0334394441750843 0.00143572147580191 0.188099446899245 0.11315148197265
-0.0144957312293192 0.0160736926334073 0.0765796820677863 -0.205779653265959
-0.025898852490526 -0.00476101302975022 -0.0480368142303858 0.181795342229133
-0.0263445244701365 -0.0265803886889831 -0.138157965632797 -0.106738755417384
0.01365541841748 -0.0411570393918547 0.0837685809007478 -0.471131549749278
0.0739175004094642 -0.016790321887213 0.609781789932695 -0.250945189104082
0.0290649291404402 0.0662130098293658 0.707977286825192 0.531438622656115
-0.0556599885047297 0.0321263082666234 -0.120194730491785 0.943343652490159
-0.044201824520804 -0.0187722701428389 -0.533663297250784 0.410313162939664
-0.0358437895665068 -0.0166354761042426 0.0341499556503975 0.0760107542356025
-0.0266596798274819 0.0234616248928052 0.517024583154277 -0.464122327647164
0.0133153400062663 0.0305004426492803 -0.0457328182174295 -0.978948594203372
0.0555003433908093 -0.0184154277942425 -0.837291710347647 -0.406989282166859
0.0240513009196861 -0.0694568403174139 -0.581261109245897 0.45928160396434
-0.0344728635515331 -0.0381480982277246 0.025786519930205 0.50459942925453
-0.0331324048170188 0.00359752087594927 0.19727000993665 0.106733882032583
-0.0152872301827119 0.0187058785712141 0.0822774939035733 -0.20442256388804
-0.0230340030822721 -0.00176039207572868 -0.0418648357832726 0.184936400616303
-0.0213543766794933 -0.0224508335210685 -0.130324414735123 -0.107430217735437
0.014639509836073 -0.0394283985784172 0.0960910778571532 -0.464336330049281
0.0703311500444234 -0.0153117593868057 0.615963230799352 -0.228563520921787
0.0275465858435455 0.0731946307974108 0.682099563976385 0.56148863551328
-0.0548900796260432 0.0415307341339182 -0.165411407193992 0.943856465061669
-0.0500626434280582 -0.00686237032030274 -0.552593256501965 0.400440895012298
-0.0437992404176462 -0.00476003951844854 0.0284218621815671 0.0719612524607628
-0.0281267216316463 0.0369141981133671 0.500763108837153 -0.473648009465469
0.0195263875228194 0.0394491685493997 -0.0802153870049017 -0.971510295716645
0.0561328748792615 -0.0159944396786487 -0.849736838626124 -0.376659918303864
0.0189158812168651 -0.0683437405444101 -0.566796012805014 0.476019989212119
-0.0344241151358935 -0.0357087400673707 0.0417699455267283 0.505499298265636
-0.0296369968898835 0.00763397554049568 0.205639654785201 0.102419044274354
-0.0123264358479029 0.0230956221502007 0.0891552553395659 -0.20470803537153
0.0155735708363755 -0.00177680084375711 -0.0715729551540609 0.187918117468568
0.00611194251218398 0.00190121587448955 -0.177320518518408 -0.049496193800277
0.0169841459207397 -0.00192406406757649 -0.0522414056555742 -0.474460837592425
0.04046169335398 0.00564343899793455 0.466696122645796 -0.432205155819326
0.0196570944246044 0.0405923757587769 0.811107153334341 0.258970266328679
-0.0323224487205358 0.00304462856666894 0.194016165687533 0.91002863105707
-0.00787782190062088 -0.0278541489290335 -0.410465189156546 0.546727747674702
0.00272689440587846 -0.0216407953992121 -0.0121978657629872 0.131493770198994
0.0101416376410644 0.000890228924423881 0.58854971608982 -0.320235767643462
0.023308032431414 -0.00744439211420405 0.257382580678819 -0.95814753473599
0.0335415357617629 -0.0195569946911132 -0.688642626939747 -0.65853422384462
0.00931613154189296 -0.034503866810851 -0.703532149655473 0.276469022289764
-0.0247490178063143 -0.00746767351706337 -0.0859531279907508 0.490940779004264
-0.000368051724234379 0.0287108090884816 0.160593989274776 0.145499729104958
0.025456151275251 0.0286477474381236 0.0618315888792036 -0.209240539720477
0.00642671847341415 -0.00397859572230364 -0.0735726745781984 0.187647928673812
-0.00401426883421209 -0.00421228730861589 -0.176806569438135 -0.055387220111032
0.0142480743758714 -0.00868542655177625 -0.042805113840505 -0.477800456419031
0.0461817325099292 -0.00047743792423466 0.479675498934758 -0.420121065718213
0.0216858034859072 0.0381847814990481 0.81035037584958 0.276918789771322
-0.037711042565704 -1.16665333978975E-05 0.176628117431236 0.908537734719762
-0.0114288121395757 -0.0374729809578409 -0.41222878115455 0.53411702793946
0.00388569983274937 -0.0312069348123139 0.000728971467157717 0.125264988490423
0.0075059736235091 -0.00819728990439918 0.593280635485028 -0.33435601718761
0.0181327760266199 -0.011159468259561 0.237261635575157 -0.96232739607838
0.0364936935992042 -0.0210881295541312 -0.69597111415014 -0.638324578523301
0.017100210760025 -0.0387991203926111 -0.693084404348148 0.290521218777796
-0.0251587410197884 -0.0140201801314228 -0.0746043981182218 0.490302356360144
-0.00890341392068919 0.0205639938320891 0.161389767601886 0.141285045236012
0.0171624607735376 0.0242556432316954 0.0603235866022641 -0.210568147554736
-0.00295043437025934 -0.00657187974473534 -0.0711924779192203 0.186539110792941
-0.013990524864808 -0.0103848858263584 -0.173974495829415 -0.064782239480214
0.0116267746243346 -0.0171527551275007 -0.0267618891587751 -0.478994042605895
0.0539864580034087 -0.00735361929514826 0.50317850546228 -0.397960532098837
0.0244069980490606 0.0390177279508055 0.803170406512535 0.314744577404278
-0.0434534604074073 0.000748142093334007 0.139926557241297 0.913450098179168
-0.0166903543470693 -0.0423062203588089 -0.426936341486317 0.514492628117309
0.00097423020509453 -0.0370169267517325 0.0125583710822219 0.115433681795796
0.0013501410352045 -0.0117631093584576 0.588239814327813 -0.36150433646005
0.0125863449430392 -0.00963444179514798 0.194463745912731 -0.972970999330638
0.0409258188804155 -0.0224208909157003 -0.721956570105911 -0.603810513480256
0.0238302838172223 -0.0453317001986696 -0.673877298856704 0.319986827547522
-0.0257203254141746 -0.0213309705296083 -0.0608544244838029 0.49418427559013
-0.0164439857929572 0.0128766899171581 0.165214853132984 0.134334125800057
0.00819124427730429 0.019466442909348 0.0594663658760413 -0.212416099797476
-0.0128260644500539 -0.00779145149439691 -0.0691795645734355 0.184202537447202
-0.0215312118338011 -0.0168044387846312 -0.168286117817472 -0.0777966419528321
0.00982871580304072 -0.0261498321264141 -0.00105516221975722 -0.482121495110837
0.061523232964438 -0.0134381324234945 0.530981985714296 -0.368657286143196
0.0277765117879183 0.0429066730707819 0.786838282643837 0.362968037439437
-0.0477519196806215 0.00504650864119765 0.08128187913894 0.920579694206015
-0.0234150633520196 -0.0418844580976228 -0.449712413829983 0.488879750395331
-0.00646250685667272 -0.0379720093184043 0.0240305785813111 0.10381911225152
-0.00720706404661602 -0.00953341349273443 0.575304199904184 -0.389256270491648
0.00900319903539952 -0.00314261807595883 0.134077698776436 -0.980778961305165
0.0456079107555216 -0.0218737121233665 -0.753395385443485 -0.553103478065942
0.0281707745292492 -0.0535596004431819 -0.649772621556162 0.358053105445983
-0.0268075538769399 -0.0287401753734237 -0.0391291212888612 0.496913733168428
-0.023767143480059 0.00628729537492327 0.170759810835862 0.125619466851055
-0.000687464625708676 0.0155608687002108 0.0626135927331652 -0.210202525391442
-0.0203747417283981 -0.00737708584017581 -0.0611596088238595 0.182198200622344
-0.0272468885423692 -0.0224576413125586 -0.158337981998233 -0.0889760879846412
0.00994917118051417 -0.0337809431724355 0.0272121561374022 -0.480729296691264
0.0684672522542581 -0.017348325410101 0.560266053880293 -0.330609109129446
0.0298163017635394 0.0488209278794922 0.766670032217688 0.421892340534872
-0.0516098285068511 0.0123821795081646 0.0188234824427101 0.929019659585687
-0.0297122496091786 -0.0378038429826096 -0.472840314490462 0.462694836435308
-0.0154424396633843 -0.0347463643946042 0.0315306640484152 0.091944584841769
-0.015619409291054 -0.00274909326739579 0.555142062951763 -0.42420693005112
0.00729743221794886 0.00627787585280037 0.0617030440568379 -0.984003189929844
0.0493811875413876 -0.0220853106163955 -0.787856247203485 -0.495279998452651
0.0291666101531593 -0.0608287830984001 -0.621035397122396 0.398927617333753
-0.0300400522962035 -0.0339409504717476 -0.0128851748909486 0.49960546746562
-0.0294052160415738 0.00294516763217781 0.179194900540077 0.117537404839609
-0.00804654762293257 0.0149565655680344 0.0659152303968636 -0.208834899258444
-0.0251477857523436 -0.00733550280973006 -0.0541196087714387 0.17961239288455
-0.028750731553552 -0.025628588885531 -0.148416796120815 -0.0988121693727829
0.0113218670775755 -0.0390271306109786 0.0533416122010865 -0.478054714466345
0.0724874872869579 -0.0198158036144303 0.584813729471029 -0.293582408234621
0.0308982371644945 0.0576832745978968 0.740156667582925 0.475762795552152
-0.0541140396373766 0.0222171832239015 -0.0465645024016373 0.935420575391912
-0.0376255297830396 -0.0296576224361775 -0.499425233135232 0.435778197233605
-0.0258330851826877 -0.0268660300282589 0.0361200600780098 0.0810542072317185
-0.0220990424955913 0.00897540416574184 0.530980910061495 -0.450285082904139
0.00933378145621549 0.0181780884211125 -0.00599420641039596 -0.979476367426119
0.0523295526190666 -0.0209906565340294 -0.81826582878263 -0.436382655293819
0.0274517928804432 -0.0669218820218665 -0.593527612314549 0.438706749208366
-0.0328411355471275 -0.0371937702141007 0.0142729511575477 0.501213461845546
-0.0330999036375143 0.00164260534846833 0.188787874758013 0.109465763421365
-0.0134821643835626 0.015700189433952 0.0726010234983056 -0.206029256590267
-0.025765339385367 -0.00582160171434932 -0.0451654401704977 0.181015096434356
-0.0264100381736168 -0.0262065229410173 -0.139159509807748 -0.10494945050407
0.011647584178937 -0.0414372905297602 0.0738394107829772 -0.47245609105751
0.0736953512777514 -0.0193186292274591 0.601552718687413 -0.262213706391045
0.030944526557709 0.0659872402078498 0.712111664745862 0.517851348870681
-0.0557122194744853 0.0327370911143428 -0.104973529949788 0.940228619692239
-0.0440528021117531 -0.0188393719946562 -0.522855171270671 0.41760288024856
-0.0353536670069687 -0.0158566592891163 0.0351087401576857 0.0737509989053885
-0.0262021451416951 0.0241651621395648 0.507735620480028 -0.46906871773406
0.0128553120463443 0.0295525371564233 -0.0606768206891221 -0.971349158153516
0.0547544433621772 -0.0194242622580398 -0.840159041948132 -0.390563954893462
0.0229145148621817 -0.0693992153945614 -0.57014874972552 0.467704598376015
-0.0344231789598582 -0.0369412676903379 0.0353740413639542 0.503000331517832
-0.0327061297968492 0.00358850625753587 0.197674417548158 0.102739944292309
-0.0147553159138268 0.0185070732092294 0.0786219411326666 -0.204390308369001
-0.0227609306921675 -0.00210325558235318 -0.0382424361929037 0.183508003742519
-0.0222851611929352 -0.0219726509776662 -0.131811049963767 -0.106643370846463
0.0130368534824734 -0.0396602114654098 0.0873914082654293 -0.464751245056849
0.0700205711171572 -0.0170329810072003 0.608254197698762 -0.238716820678387
0.0295910984862667 0.0723277817006386 0.687330553677786 0.546862096740592
-0.0544317633553999 0.0421545603825224 -0.149867070483742 0.945092915209149
-0.0502602511742645 -0.00620084713884221 -0.542586930764701 0.406761047294445
-0.0439608779606278 -0.00391199854521955 0.0289229812789798 0.0711114043399305
-0.0277369485183869 0.0369306551278919 0.489690842075272 -0.477610462206059
0.019385431638849 0.0387677436503874 -0.096198032617565 -0.963959680151421
0.0549815887599844 -0.0167253345863309 -0.850570677969966 -0.359906728561609
0.0171543669486004 -0.0678458212024373 -0.552568472060215 0.485124809363199
-0.0347507101797418 -0.0349415142422988 0.0518791223091017 0.503353151328403
-0.0284571809541035 0.0076129751616577 0.205685432891218 0.0991865032457072
-0.0114732270731589 0.0227239084238692 0.0854693091524299 -0.205217264191606
0.0144475653961726 -0.00223393400048986 -0.0674404717292993 0.186739709031832
0.00637968416729426 0.00167573829598031 -0.176220786679325 -0.0476129869496103
0.0165570932103073 -0.0024198181396108 -0.0610176939828997 -0.469692357206266
0.0404031648076169 0.00433435745037034 0.456188378671749 -0.437272665477782
0.0213911973283298 0.039904799595877 0.808717889515505 0.243973510470497
-0.0322623431618206 0.00382618824190467 0.205563046010594 0.899085193426406
-0.00868437132377534 -0.0278996110459218 -0.397937212066914 0.548964875084916
0.00251980311175869 -0.0218500600659409 -0.0112817331522284 0.13007370368649
0.00927791216425573 0.000578058401850611 0.579533750879506 -0.325458310921767
0.022539118232302 -0.00708123191377186 0.239427284769758 -0.952342387791158
0.0332756723320302 -0.0201605379403366 -0.691442641549182 -0.642010132648463
0.00911927309771909 -0.0342417700712045 -0.69413490555881 0.286571042491176
-0.0243547452132255 -0.00714789336358206 -0.0760513724723982 0.488738427497434
0.000719306469191029 0.0282858826625759 0.161636991775679 0.141509946516874
0.0262784537978307 0.0271379706037391 0.0578102246720986 -0.208630384511533
0.00568064020798696 -0.00504421818742863 -0.0694444868272794 0.187312508403174
-0.00391201480680383 -0.00385073052751964 -0.176667767444969 -0.0531378579080254
0.0134461659790318 -0.00923295694390584 -0.0518414357604911 -0.474088883596955
0.0461863957410592 -0.00161359425371644 0.469607579270893 -0.426967523298255
0.0221167531585184 0.0375179249999037 0.80716282413607 0.262138062541108
-0.0386373081088999 0.000301682450250946 0.18815951024241 0.900611286699529
-0.0120400153592878 -0.0375592110414417 -0.402400823847819 0.534995823624774
0.00349203026810635 -0.0314544869780585 0.00179119341174032 0.124180665227344
0.00716324550645414 -0.00839374292959055 0.582912744590816 -0.34077762638389
0.0176767727256483 -0.0122419176290394 0.221235115543012 -0.956939892559665
0.0365085444596125 -0.0217842379003838 -0.702159535276172 -0.623000779869158
0.0163504653472557 -0.0392510328354833 -0.681993598163469 0.29954640711904
-0.0247847035108961 -0.0133411860682172 -0.0685617006386508 0.488041278055699
-0.00755258588746923 0.0203311918377327 0.161986948403394 0.138067400159087
0.0180460169861517 0.0229268125562141 0.0564283460629039 -0.210445466318269
-0.00370701854060174 -0.00669701007616094 -0.0667209612261316 0.185102682745581
-0.0140159078586986 -0.00971719927616032 -0.173571639060832 -0.0629815646112844
0.0108096366526215 -0.0177634744941455 -0.034378670646174 -0.476040685692866
0.0534857656482721 -0.00935119570698548 0.492491327643002 -0.404919152131753
0.0247391609824349 0.0383135263964029 0.801585505460753 0.300442904674259
-0.0435869454616976 0.00113838968135464 0.152522366765292 0.904043107411928
-0.0174598928586505 -0.0421477155966261 -0.413969497601967 0.516702171919464
0.000272569591000968 -0.0370610022909748 0.0144652199370985 0.114517952420692
0.00114128394836917 -0.0118944974063147 0.578370468432449 -0.366588777666783
0.0122491252795814 -0.0100256017869882 0.177421542996449 -0.966621203108387
0.0402886495925173 -0.0228496109386983 -0.726457874478067 -0.5875847609793
0.0230673411463975 -0.0452048126385002 -0.662145960588982 0.329220687804367
-0.0259931183216075 -0.0205190678749228 -0.0516766740606925 0.490744438987632
-0.0152866805163734 0.012580213988033 0.166139819016576 0.130237485205393
0.00960143481532852 0.018369907357319 0.0551421293335294 -0.211046930345087
-0.0134056251738327 -0.00845214647784229 -0.0645753395945897 0.182899046331828
-0.0219574939189132 -0.0166312494024717 -0.166755521189884 -0.0748923879740008
0.00897779334693599 -0.0263175797272776 -0.00990711615947303 -0.479689338326743
0.0609011481662562 -0.0149936063937296 0.520267489552419 -0.374599997113794
0.0285740020330617 0.0414533413516098 0.786447909869451 0.347712888856677
-0.0476135968006187 0.00627829796455482 0.0967476452377556 0.912871677073767
-0.0237220187851293 -0.0414853547397637 -0.436604423938733 0.492053005111773
-0.00698077674036994 -0.0374476067532232 0.0252439485410643 0.102499512747705
-0.00736941013988267 -0.00887961394730775 0.564506983842297 -0.394191414800918
0.00960909207439857 -0.00301575080829226 0.118286571230898 -0.974067324385412
0.0447040528849414 -0.0220692069436476 -0.753419669910446 -0.536891641588376
0.0270565761705294 -0.053149624669493 -0.638045210611186 0.36592785849281
-0.0273593661609557 -0.0277515398553878 -0.0307845043309997 0.495247554636109
-0.0228516810660104 0.00694205309181945 0.171494905216918 0.122857482395087
-0.00072533226143112 0.0155525030107317 0.059050647777076 -0.208798404325972
-0.0200171623657781 -0.00811806820963726 -0.0571854969951264 0.180617817746539
-0.0270244147298136 -0.0215726836614242 -0.158405971504355 -0.0864475939761276
0.00929417892909744 -0.0339579800035077 0.0186940256113034 -0.478152629951496
0.0672886178667719 -0.019122875047001 0.549484182272913 -0.338276828830815
0.0310531861958589 0.0478995310031167 0.765903516667754 0.405476816712538
-0.0510907068223474 0.0122576894958322 0.0305625918917575 0.922296891577962
-0.0300876085610705 -0.0377233155920071 -0.462537994688478 0.464319981367763
-0.0150661782295958 -0.0341353486740143 0.0327971387196325 0.0898978181905336
-0.0151972049017988 -0.00234971347634771 0.544432607647077 -0.428585468413655
0.00681071915736835 0.00586866990143538 0.0492058158314657 -0.977008447903221
0.0482324527238674 -0.0224171426345499 -0.788702369168311 -0.478728860976163
0.0287757481164277 -0.0607555034331856 -0.610032165953683 0.406488766220207
-0.0302623829944055 -0.033161835963265 -0.00348526134208341 0.496593929223422
-0.0286475205532121 0.00305257856983277 0.179467215249523 0.113588612429786
-0.00771946639686385 0.014194664445553 0.062160416255754 -0.208647833368245
-0.0251470303982789 -0.00767332422923479 -0.0500214594682819 0.179397211772907
-0.0289962499960448 -0.0255008121970867 -0.148937268293847 -0.0965976220355896
0.00990403458038786 -0.0396122493969487 0.0443201412068762 -0.47619850990367
0.0720334723386301 -0.0220438473398127 0.574831770754876 -0.302426692116673
0.0324629368219065 0.0561450258849712 0.739031360576924 0.459127310633592
-0.0530366677715599 0.0231008182538614 -0.033119825447924 0.930725209267161
-0.0383023396966959 -0.0284341922247992 -0.489865882570915 0.439995470084645
-0.0258990961448434 -0.0261875080110383 0.0371238528178352 0.0791538798484058
-0.0230901500992887 0.00872264931445597 0.519274082156414 -0.454572283725884
0.00876247030597142 0.018046942457734 -0.0216763751283614 -0.97069907630116
0.0513436122460083 -0.0213667004045654 -0.818234680124142 -0.420703341935664
0.0258956492605467 -0.06644642852442 -0.581204029243488 0.445069651036598
-0.0335515347988501 -0.0359078856846964 0.0235323229920017 0.499712609408601
-0.0315286508220563 0.00215645725329938 0.189103677270737 0.105953160185661
-0.0119419684115155 0.0156484585105545 0.0688125455277725 -0.204885267267364
-0.0259182219875481 -0.00529198778074498 -0.0409176152407727 0.178853152906752
-0.0263944825218219 -0.0250710347489814 -0.139077258397658 -0.102427388567967
0.0110484723088643 -0.0417158058440772 0.0644387254170809 -0.47067706862391
0.0733134841864739 -0.020960867478402 0.591142402988167 -0.270817447627665
0.0321590224996125 0.0644840936832962 0.714614879910286 0.502190192369529
-0.0543458287669965 0.03324527263186 -0.0902140322596411 0.93561671376056
-0.0447754401355606 -0.0180116376055203 -0.512960876464966 0.420934814670243
-0.0360583106192333 -0.0153042270125707 0.0357263392532276 0.0724301723596909
-0.0262410681621606 0.0235209408932756 0.495904583992259 -0.472424824193407
0.013268246351599 0.0295111987422037 -0.0748221221619711 -0.962838345662621
0.0537950324904042 -0.0210496507705361 -0.839324770334012 -0.375050903740396
0.0214140964782551 -0.0689447233303678 -0.556951463111117 0.474907130188561
-0.0348872999890942 -0.0360446848477196 0.0447881581428326 0.497802142532613
-0.0313273835793889 0.0043365724721067 0.197169953344166 0.0987631136658958
-0.0133758648576169 0.0180245769767243 0.0752739057229311 -0.203806757948122
-0.023468763624834 -0.00212390584424622 -0.034229670104821 0.181757216896916
-0.0221831615606988 -0.0211764547792861 -0.131608883381097 -0.10407522121892
0.0124339632321836 -0.0400691097337352 0.0769154776015378 -0.464550020160726
0.0691443005522436 -0.0182802312049087 0.599165941017783 -0.249064430706313
0.03062167621157 0.070869266618823 0.689810898774949 0.531598661468012
-0.054035169773009 0.041976776838771 -0.134058145821533 0.941172915126088
-0.0500832997485254 -0.00578196199584886 -0.533593419622449 0.411584052769423
-0.0433241966972357 -0.00343342630737062 0.030356511236591 0.0687390810270634
-0.0265454025597186 0.0367805323622862 0.479089298446903 -0.480581497460327
0.0194477618380999 0.0378080317132552 -0.109221346458147 -0.95338804617936
0.0543101264763068 -0.0173982675467855 -0.849439683021107 -0.343489464937372
0.016847683756596 -0.0675839988773306 -0.540912873533784 0.490919355052333
-0.034577654040571 -0.0340662065320414 0.0596428833407679 0.499175858800104
-0.0270801613216936 0.00855621438680206 0.204624455186432 0.0949237245177587
-0.0104370849970469 0.0219284655715238 0.0818060825404621 -0.204477524910287
0.0135984430202863 -0.00280251669629048 -0.0640260623309285 0.185446412683166
0.00593731383226862 0.00151507544021631 -0.174725195615734 -0.0448023380117396
0.0158593252982834 -0.00247767257946255 -0.0683501484110061 -0.466355373012207
0.0401176749356087 0.00314972180377127 0.444543728471276 -0.440277188182803
0.0220988192847588 0.0389113229842382 0.803513804325438 0.230380150831452
-0.0322103334400993 0.00401961909455068 0.217401629599987 0.887806119036944
-0.0094420312649953 -0.0278804299556748 -0.385534295549795 0.547671855232687
0.0025151987878698 -0.0213495819627012 -0.00910417540564797 0.128823120297118
0.00976095662247535 0.000361405949978442 0.569981159546767 -0.329572773930828
0.022348492449239 -0.00832546301269927 0.223834597910201 -0.945617346010246
0.0329566318161514 -0.0201221997183997 -0.692752627112311 -0.626397438296763
0.00829177602784292 -0.0339418957708726 -0.680764392091198 0.293766278778331
-0.0241022972989074 -0.00643998305831416 -0.0674837562613202 0.484770837003755
0.00103450872798051 0.0275919227427747 0.162518837041265 0.138621772482402
0.0264099086405425 0.0256382822402383 0.054470142302383 -0.205989320041198
0.0049474511997582 -0.00540842440967521 -0.0662452351858737 0.185494693148596
-0.00389402048840471 -0.00406118144607162 -0.175083521205138 -0.0503773998891567
0.0129657332194928 -0.00957063842521899 -0.0582312779086571 -0.469185979713299
0.0457945966118196 -0.0030190561544408 0.457529795902369 -0.430013252260735
0.0239156952549985 0.0363011153031939 0.803897125149253 0.247954255420486
-0.0386150684502797 0.00111652766648621 0.200915539908831 0.889567780235925
-0.0120189765335363 -0.0376962383003748 -0.39045296193183 0.535080092415319
0.00310984747487799 -0.0309915916140345 0.00403731254444244 0.122030616615313
0.0067451612037114 -0.008209621443698 0.571364245148928 -0.344167841856967
0.0166603960395053 -0.0124348823106358 0.206478047356868 -0.949163233541477
0.0352397448842443 -0.0216834739372601 -0.702973207368502 -0.60684427948544
0.0161159120094034 -0.0380138930461912 -0.66952310984328 0.307535324927345
-0.0249043246343496 -0.0133798213316912 -0.0588391206996775 0.484836445448739
-0.00633403208246374 0.0198619108034354 0.162507717054351 0.134765637849234
0.0186659341528931 0.0212996930925329 0.0533011785021729 -0.207698595376198
-0.00415277863967127 -0.00747105538307949 -0.0634645227855051 0.183721436066764
-0.0138206240865855 -0.00991614815854527 -0.171490652550075 -0.0606387122038754
0.0102026369777839 -0.0182645206453776 -0.042862042399607 -0.472956414387836
0.0528305037747605 -0.0098005386972549 0.481262758211967 -0.409718882730638
0.0267807864655177 0.0370930079641613 0.796337468107777 0.284335634862911
-0.0433483621853797 0.00134819996476734 0.163805430673727 0.896278519915964
-0.017231157245835 -0.0415178512344755 -0.403102363346174 0.516096967299935
-7.81482454692371E-05 -0.0358998428563437 0.0159716998181217 0.111939915884965
0.000470642131012012 -0.0116173486419529 0.568090935790914 -0.369922140968372
0.0112092641694696 -0.0102893036390664 0.163233273566486 -0.96034226749706
0.0395393760027386 -0.0226142651712473 -0.724820572312852 -0.571005173188933
0.0226798279587356 -0.0461059066893008 -0.652720282591228 0.33439438541995
-0.0260544890997366 -0.0201330518717832 -0.0425444278396438 0.487034462698318
-0.0148881077218029 0.0127822782175245 0.165695918603525 0.127405590735685
0.0101659269462728 0.0176322709648891 0.0517724429148998 -0.208840560670886
-0.0138889975249418 -0.00839613720585477 -0.0612452616977689 0.181094915695269
-0.02216410554107 -0.0162182060623152 -0.166170881157293 -0.0726579357334734
0.00821271995477484 -0.0268725972585071 -0.0175989633347816 -0.475474512861533
0.0604998621741061 -0.0165636029718634 0.509512031571767 -0.378572246587953
0.0295536712540828 0.0406513417550072 0.783729347790652 0.334437193378551
-0.0476079922764612 0.00597402750676423 0.107020418561808 0.903435433484585
-0.0242909281277076 -0.0412270565971116 -0.426922972665261 0.492781136504295
-0.00695376322108053 -0.0375403849742851 0.0264014184806897 0.100759558039701
-0.00810497573911882 -0.009354585178457 0.554375008372525 -0.39749193064714
0.00829763965757468 -0.00400851869780695 0.104965709362898 -0.964295744308995
0.0435457339404009 -0.02274136083051 -0.754630395825714 -0.521374483721991
0.0261896633725134 -0.0530517448128396 -0.626464901709308 0.372570320294627
-0.027872401156617 -0.0272298346703959 -0.0214431513899269 0.490616039116046
-0.0214463478436128 0.00649214618856792 0.171022192701166 0.119324811923844
0.000650816365000735 0.0147427129255125 0.0552864956377153 -0.207702575856966
-0.0211234596727467 -0.00867683950239358 -0.0536553743316611 0.179388742760233
-0.0268148971849221 -0.0207949957073437 -0.157605674923754 -0.0837066422361787
0.00830843682988171 -0.0339269678251367 0.0102298987679648 -0.47388182803498
0.0662636531896311 -0.0207307518391503 0.538704324809356 -0.344274897578139
0.0322967444296168 0.0468942794384981 0.763420695778557 0.390692239668276
-0.0510240503323436 0.013203682430045 0.0425823907130204 0.912341775284232
-0.0310988076864087 -0.037328144030348 -0.450884916068617 0.468300231222702
-0.0153747854159888 -0.0343528484999615 0.0338248612561508 0.0877044056905224
-0.0156059478140225 -0.00225850526802955 0.533364325530287 -0.429651904551732
0.00690148472960346 0.00525823826017013 0.0341189606754263 -0.964159209437526
0.0472819194087493 -0.0230959239005358 -0.787611809667576 -0.462311707176671
0.0267086267531683 -0.0603289167368847 -0.59684445428166 0.412918898075105
-0.0303819807225559 -0.0320306892400471 0.00506722940206975 0.491601793934541
-0.0270522513371477 0.00358253508537378 0.179634275937673 0.110668361863376
-0.00634160697426557 0.0139560566168938 0.0587372044070073 -0.206497591103653
-0.0259847754461058 -0.00815708648891637 -0.0463138247204497 0.177046556429688
-0.0284453425276203 -0.0240867858796329 -0.148442320002085 -0.0951131478917643
0.00848694835159432 -0.039227711239474 0.0346659379656734 -0.472994613290729
0.0717209888064816 -0.0230257382293918 0.563024941360626 -0.30745364811038
0.0346774248713653 0.054628044897003 0.737505875091075 0.444768908957078
-0.0529699652791736 0.0235541337995199 -0.021338320635935 0.92190619912697
-0.0376995715601396 -0.0280020406657564 -0.479235881489479 0.44206599658375
-0.0255754368846593 -0.0255267592290757 0.0377363698901354 0.077575102653112
-0.0222905899257072 0.00874409105431342 0.507770102443088 -0.456004162220671
0.00919311401034611 0.0177723478418519 -0.0338375625729323 -0.958971332760209
0.0512154590963287 -0.0220443310811842 -0.81438045193002 -0.403704911081723
0.0249817227641559 -0.0663831743239695 -0.568452174455072 0.449679204927131
-0.0332604257401533 -0.035696736898964 0.0298705362336713 0.492762666696406
-0.0314724219858808 0.00270138414788447 0.188767352692884 0.102140487955992
-0.0120519749731498 0.0146727610029629 0.0656596014031197 -0.203243171093119
-0.0268959445512719 -0.00565971556106639 -0.0371009080869185 0.176663392529117
-0.026914197267138 -0.0246682525733188 -0.138801796836309 -0.100729802800186
0.0100407498427711 -0.0413384261432197 0.0559503199639401 -0.467705068881195
0.0720863131793039 -0.0224169381903595 0.580458881904583 -0.276954270846814
0.0345885387671781 0.0630442611034104 0.715423323288605 0.485417549863258
-0.0541068826018599 0.0332343332926395 -0.0747638878347129 0.929847923311196
-0.045352939151005 -0.0173192468534251 -0.502465308008872 0.423677471430616
-0.0349844070515305 -0.0149077923124086 0.0359667815807476 0.0699484236039374
-0.0265764441039469 0.0228706173842773 0.484865176823346 -0.473172259654132
0.0132897166431182 0.0281213555029738 -0.0886757534130863 -0.951663356384287
0.0533329631424989 -0.0206106967365413 -0.835169182497487 -0.35881459533481
0.0209278102689282 -0.0685727191450243 -0.544234676736229 0.477555976631342
-0.0348704835605048 -0.0353583309384065 0.0524271166392486 0.492129358950999
-0.0308123475711332 0.00490205885160676 0.196958896161337 0.0950835222368821
-0.0125635976404157 0.0170448009437636 0.0707869838526483 -0.201860321383896
-0.0236572069607119 -0.00287420136435684 -0.0310708408728319 0.179314845856938
-0.0225730528036254 -0.0213271027693415 -0.131577320378328 -0.102168308573004
0.0111690039109945 -0.0392551461392905 0.0676829457753099 -0.460403686041561
0.0677376177521206 -0.0203874620884806 0.588184723880277 -0.254428441453504
0.0327413397416786 0.0693695915821388 0.690546396072951 0.514401569000878
-0.053210259078192 0.0425571392262171 -0.118184633333913 0.933314859193488
-0.0495721376735024 -0.00540793791234736 -0.521871819506938 0.412928969034435
-0.0427352411504742 -0.00312767839395183 0.030753171881286 0.0672039777652354
-0.0261244137072159 0.0370473267935195 0.467482076874208 -0.480432347378225
0.0191145973926381 0.037203150630617 -0.121740936277424 -0.942154060411923
0.0532075443808708 -0.0181543467633098 -0.84533943977719 -0.325765263076643
0.0149305198055445 -0.0672662164092506 -0.526060564656563 0.495430300476219
-0.0345319061260012 -0.0336196346214078 0.0672556748691077 0.493526082961531
-0.0267195630479914 0.0088144023355249 0.204010230971384 0.0915281944962369
-0.00972259507523963 0.0215415724290161 0.0778452218914403 -0.203240086799452
0.0126082398861242 -0.00337670379787842 -0.0606346020190573 0.183541204305867
0.00558317746672642 0.00115831957421699 -0.172831270583798 -0.0431045310194879
0.0151711217938261 -0.00288557649615107 -0.0740113174835838 -0.460245855155102
0.0401528446011839 0.00171765632652032 0.432695194729266 -0.442112951629275
0.0230221240720503 0.0376400747976353 0.796061579384357 0.218005957872631
-0.0326048577200427 0.00428992407204419 0.22455081962721 0.876470615225804
-0.00996151520384022 -0.0277051358036606 -0.376103309793476 0.545613828575103
0.00215066097195533 -0.0213499371198974 -0.0075742602265169 0.126868044983586
0.00925363144559386 -0.000418966632240069 0.557683759613643 -0.330143954667203
0.0216155663308755 -0.00832151298402443 0.211298721978078 -0.93708253421453
0.0317739728522502 -0.0208695202289454 -0.693046039640836 -0.610387483096646
0.00869147313820622 -0.0338981177832875 -0.66993126506306 0.298692979226589
-0.0242779516967284 -0.00620495886860893 -0.0598486543991636 0.480788415959451
0.0022803803746099 0.027303812128963 0.162024372974647 0.136398032761011
0.0271521151102902 0.0241267913259124 0.0507911127789101 -0.203280169146592
0.00426580971160942 -0.0057070255371919 -0.0627727211260876 0.183362346040035
-0.00406360013393078 -0.00385764734128361 -0.172316593599996 -0.0489569422094483
0.0119579773481557 -0.00986174781796008 -0.0661422418975894 -0.463805495515572
0.0460515005464446 -0.00397298671587431 0.446039776712318 -0.431322973723915
0.0246334456904517 0.0355976343846285 0.796506424440663 0.23417364771518
-0.0384234434931564 0.00126765276173998 0.209067041740175 0.877806750986275
-0.0129781646655024 -0.037050174199982 -0.379160804319587 0.532708146095086
0.00316868318330497 -0.0309340343328634 0.00472667410185802 0.119886747060519
0.00679852499274056 -0.00840917904690742 0.56267165026428 -0.346293837842332
0.0160954967886817 -0.0120545468451967 0.194004013882176 -0.940732107834104
0.0346281097343581 -0.0221934456463228 -0.701262052369648 -0.592503810210338
0.0149617004781815 -0.0384989089896095 -0.657949198226642 0.311847677721882
-0.0247392710990514 -0.0124665079079632 -0.0524288490370829 0.481185552514706
-0.00572079375642786 0.0194198473421196 0.162053726917206 0.131000945421081
0.0187299470064301 0.0204221041489328 0.0510235886210013 -0.205064346087342
-0.00517562488908593 -0.0070192842859047 -0.0600639917941078 0.181806979521646
-0.0139173439915368 -0.00963530034690338 -0.170179468905999 -0.0585754193628588
0.00951795147173032 -0.0179490891579944 -0.0484281161762924 -0.466592904918253
0.0519535453403741 -0.0111154628395734 0.469757333320387 -0.410495703811553
0.0270158582643622 0.0356237580064026 0.790607300562383 0.270993871076268
-0.0425136997436253 0.00197473086617102 0.16970181103162 0.882490901206627
-0.0188181563507262 -0.0409091155608013 -0.392842527052847 0.515411693540028
-0.000494434730117599 -0.0361307749725957 0.0171909996541969 0.110302742084364
0.000275145925544073 -0.0120221604987091 0.556220576935932 -0.371003811297243
0.0110807189629928 -0.0104879311565976 0.149034734414907 -0.950542162917182
0.0383494513593538 -0.0238000851169947 -0.724313965080201 -0.556437095557242
0.0209418789040235 -0.0444668938386065 -0.63999084292216 0.339676612561778
-0.026355676414956 -0.019568712334534 -0.0351234084683627 0.482419273842907
-0.0133793775719918 0.012156191894249 0.164752477901406 0.124788865017991
0.0107167369638616 0.0167920484709747 0.0488155494112946 -0.206303995740559
-0.0142264076823455 -0.00880071308561728 -0.0579934342404331 0.179107241243752
-0.0223553796271563 -0.0161486600994269 -0.164410094267646 -0.0706861693382025
0.00783647560356868 -0.026178337992419 -0.0243590073354129 -0.471483693074249
0.0595781051604923 -0.0175923576824367 0.498565893123984 -0.383034131178909
0.0308150151922355 0.0391203892600099 0.778606296790638 0.320549676708766
-0.0473577302697844 0.00664375674920803 0.115571328692483 0.893750497747949
-0.0247930986627059 -0.0413241559575526 -0.416069363270226 0.490261052960885
-0.00735307898349539 -0.036587022732224 0.0271393958580151 0.0978713220219268
-0.00775443770377594 -0.0102129474953505 0.54330992823719 -0.397991096653312
0.00766467821071619 -0.00359204429660494 0.0930363701446061 -0.954885931355524
0.0431471682522751 -0.023424319851186 -0.752132318959625 -0.504257717432779
0.0247701420273879 -0.0523612870275905 -0.614947803935844 0.376968093772745
-0.0278289244598766 -0.0263335560874305 -0.0137855238808911 0.484413746354304
-0.0211629912565204 0.00633507377977184 0.170723507466508 0.116782149588085
0.0016585158367976 0.0141820421611329 0.0525653418916517 -0.205080842375237
-0.0208813339691671 -0.00884342529818192 -0.0510176527584271 0.176704836391345
-0.0276721310588506 -0.0205911697120855 -0.155988620753018 -0.0821691468402468
0.00715555207416217 -0.0335169529894499 0.00282211473309207 -0.470557374871942
0.0659108841441252 -0.0214250090628277 0.527655428925085 -0.347751468265584
0.0333561132474229 0.0456228937124185 0.75979973068665 0.376630007971454
-0.0503454122174415 0.0140522610014133 0.053920673228292 0.90356483619658
-0.0311777346328712 -0.0365987960245625 -0.440640817518642 0.466509175382867
-0.0156327910765205 -0.03315830075592 0.0347590573013444 0.0861310881129386
-0.0159504218065339 -0.00274710210108973 0.522444391290277 -0.429372297492203
0.00673647487147222 0.0057471753495911 0.0225636090244917 -0.955714864882603
0.0463101073154067 -0.0235404252230063 -0.783576706727363 -0.447394813616488
0.0252055688767783 -0.0599474370284144 -0.586135262020439 0.416868042119447
-0.0302278847637119 -0.0320355852675954 0.0113749123091964 0.487337593825276
-0.0268728590152631 0.00349276246237051 0.178172971478693 0.107051487249597
-0.00560193897611325 0.013246178581802 0.0554423985128277 -0.204243767789802
-0.0264740268971761 -0.00760623924752639 -0.0434820885857104 0.174193031197745
-0.0285240105843051 -0.023654901836275 -0.147431506906293 -0.0928742737310145
0.00788771469679656 -0.0389902669942478 0.0271477015435506 -0.468230267884594
0.0703029049826518 -0.0237429129910226 0.552921683119645 -0.313530805185177
0.0347693169686232 0.0540165524824882 0.734168657695547 0.431680658866219
-0.0527604746651176 0.0234409049669968 -0.0102274593414957 0.91312391815742
-0.0384206677021546 -0.0276416360649577 -0.467401872245199 0.44114319555842
-0.0254289267016643 -0.0250348902410503 0.0376799923907536 0.0753968996054058
-0.0217349233194989 0.00901546646065619 0.497016197447848 -0.455930952783469
0.00852626932265393 0.0171456891265976 -0.0437589434798556 -0.948506796978918
0.0499606336627544 -0.0227145821004028 -0.810084164901859 -0.388971257952552
0.0235986263336198 -0.0660814229116389 -0.555614030992058 0.453069206068228
-0.0331554832328846 -0.0343215853047017 0.0368457135524409 0.487625713820195
-0.0297602777387706 0.00295826981789004 0.187779054593538 0.0989701201867836
-0.0109552430373061 0.0143615056643818 0.0617285063698141 -0.201806004090706
-0.0271314913566208 -0.00565140319761192 -0.0349387808053782 0.174143998926458
-0.0265577115532567 -0.0238077391821166 -0.138613369451461 -0.0985032295129788
0.0086965096081278 -0.0407155223836528 0.0476556524273173 -0.462581164207613
0.0708359797262967 -0.0239165334092537 0.570511941212152 -0.281239108672265
0.0354368223256182 0.0613880761274266 0.709352002811897 0.472803606024235
-0.0532283976071135 0.0340208606288472 -0.0647149261508066 0.921549239896269
-0.0447228226119211 -0.0166795183431895 -0.491321831934328 0.42430608869864
-0.0349715598271601 -0.0139931637968529 0.0359735283598329 0.0686090561464282
-0.0255572968485953 0.0227413164433528 0.472685853122084 -0.471669982073906
0.0132246100847266 0.0277005382812021 -0.0969027910199028 -0.938311952726956
0.0522379097001897 -0.0208060533528283 -0.829280333183719 -0.344418219447719
0.0194723326185365 -0.0678810764226407 -0.52977923546483 0.480640211597984
-0.035124952340311 -0.0346609876831567 0.058292299498323 0.486865065789346
-0.0291398000358053 0.00495695693993369 0.195953585460471 0.0915033936185237
-0.0118711908786347 0.0165731390641571 0.0686429782694724 -0.200324395830591
-0.0237791905681296 -0.00257885873466114 -0.0286347080608532 0.176719083271808
-0.0225640454254383 -0.0208852754126741 -0.131388061819117 -0.101009000745134
0.00973180467359923 -0.0393522536921253 0.0613112120592091 -0.456927554881426
0.0665259680741967 -0.0214700571835156 0.577433041718023 -0.259650707474493
0.0340209477031191 0.0680136399959978 0.68842475025138 0.502327166085478
-0.052091070323369 0.0421701241043061 -0.107019468041191 0.925329469374858
-0.0495517006546074 -0.00492675621309951 -0.511358464184975 0.414218199949421
-0.0423062412694577 -0.00181981881471155 0.0308755973502987 0.0655630439924264
-0.0257426836435398 0.0364684741098763 0.456460581439002 -0.479893850877154
0.0196074041810887 0.0358847801081973 -0.131582689640126 -0.92866173613017
0.0522838913959199 -0.0187011413341985 -0.83876627280457 -0.314442301188136
0.0141443177319821 -0.067071841266969 -0.514710922166168 0.497101866780046
-0.03487330331906 -0.0325267937145734 0.0737574633205974 0.486849416193142
-0.0255299466523966 0.00782941742304177 0.202458447323079 0.0882805594309772
-0.008699887609347 0.0203881611016796 0.0743203572147783 -0.201754939941497
0.0113626990409974 -0.00432001241430296 -0.0578268142718173 0.180819759649406
0.0052795314426408 0.000836582427023202 -0.170016417556178 -0.0416600325828485
0.0144255218859028 -0.00356829453744583 -0.0786997690258143 -0.453523946645273
0.0390394565131821 0.000218521419117507 0.4232039020607 -0.440037949473524
0.0239066709294558 0.0362831016188891 0.787777422433576 0.207718190304651
-0.0326991945473921 0.00445874860258889 0.230774770683647 0.864801902357533
-0.0107052096535831 -0.027397089220543 -0.366424936947504 0.541053030892336
0.00205472546703651 -0.0208671036430422 -0.0062593006680157 0.124377265636331
0.00883617867979718 -0.000827677349867509 0.547916836847833 -0.328699779329178
0.0211671080326227 -0.00869020275902421 0.199144616203784 -0.925681610958924
0.0308040726348148 -0.0208447782844489 -0.689414959318464 -0.59758140077496
0.00754442938104468 -0.0337620500764505 -0.658346196395036 0.301345634445186
-0.0238252834804632 -0.00606233202591684 -0.0536785301427715 0.475690878242477
0.00334291267705187 0.0262667465731805 0.161091495927943 0.132560477584661
0.0269156391837835 0.0227056452470431 0.0486371938672944 -0.200252478877506
0.00372556385668905 -0.00600752752280411 -0.0591951439057828 0.181231586437502
-0.00434506713014296 -0.00451829311735973 -0.171092148258347 -0.0479850856597473
0.0111917699426318 -0.00982083824198585 -0.0711932205811291 -0.457376188251444
0.0447422276088233 -0.00594168108343353 0.435649733995724 -0.431098752181457
0.0250075444982867 0.0345742589046826 0.784912287288347 0.225014933505475
-0.0381970452796764 0.00179249234640201 0.213683026303835 0.865873753178814
-0.0134030900325448 -0.0368310431166537 -0.370503827671155 0.527640817412023
0.00322295942061107 -0.0303613428883586 0.00571190544529933 0.117639522726389
0.00569405536594845 -0.00915243196126043 0.551656097860615 -0.345160950731152
0.0158671777479888 -0.0123242538327039 0.182243632080686 -0.930130579847201
0.0332407202695108 -0.0229773119929691 -0.697470433788088 -0.577496198079541
0.0149424264466974 -0.0375698435372401 -0.646035114314534 0.315232030067638
-0.0244017574863652 -0.0121101881286555 -0.0446554325994048 0.474184573086686
-0.00483246125395678 0.0194742548860464 0.161307202648627 0.128577043214382
0.019242765750129 0.0187425999393136 0.0476857713331564 -0.201587476275013
-0.00512266935730593 -0.00735450792411588 -0.0573563037195295 0.179393100751808
-0.0138971088819206 -0.00946289322220577 -0.167692770937663 -0.0574993356562194
0.00908155461347956 -0.0180639701602783 -0.0546414758163343 -0.461818021488111
0.0513229825273874 -0.0123163106239971 0.458685895264048 -0.410143236899241
0.0285853282121895 0.034944112445007 0.781762236098986 0.260708254951758
-0.0428831415420193 0.00213612322437117 0.175672180415945 0.872092219412797
-0.0189063395772781 -0.0405018141973124 -0.384748523496547 0.510322748900351
-0.000310407263947282 -0.0357113554571495 0.0167757141215273 0.107456177206408
-0.00108374073073147 -0.0118018887522022 0.545383579162267 -0.369025725179031
0.0106416255919026 -0.0110811899763887 0.138966151383362 -0.938649978471042
0.0378102560616385 -0.0234999837934807 -0.71866418254107 -0.539540708412782
0.0210314627733236 -0.0445628816847847 -0.628280700417319 0.341114916370707
-0.0257258801742374 -0.0192902355600179 -0.0293565836888797 0.478442705387411
-0.0127431820517929 0.0120324692469219 0.16423655577008 0.121890179826844
0.0103748223110507 0.0154727816069543 0.046470981329774 -0.203283449781214
-0.0145715311908943 -0.00844370475055533 -0.0555485620004696 0.175748356784954
-0.0224654429087625 -0.0153959760204958 -0.162713909569983 -0.0688758060505646
0.00698130902858066 -0.0260290340044589 -0.0299250221960075 -0.466086130684828
0.0586344017984345 -0.0188222601181201 0.486933618593296 -0.383333481940494
0.0316692706444426 0.038121196810862 0.769614798904723 0.308336748336783
-0.0464843974447409 0.00690778765517475 0.12049182170406 0.879674077646337
-0.024501207647694 -0.0406826307766876 -0.407320117897064 0.486696941970548
-0.00735894692304994 -0.0360484097797315 0.0271340975821803 0.0956634612917953
-0.0084258932927983 -0.00957423458142606 0.532911617311494 -0.397261280197075
0.00759586981641447 -0.00358045871460188 0.0835168894992974 -0.943517450455287
0.0421810120728828 -0.0235523732707819 -0.74626708206925 -0.491659495975943
0.02435831132823 -0.0521915564430297 -0.602705630998575 0.37768388671078
-0.0276849704176091 -0.0259195295689885 -0.0082169184793354 0.479285943464896
-0.0192953297303693 0.00647941131547287 0.169390760005475 0.11368818308742
0.00218490266978303 0.0123703538273573 0.0493608556104122 -0.202501146804284
-0.0215859166363825 -0.00852969813527805 -0.0486417750364216 0.173807671952609
-0.027418529773067 -0.0200417152624563 -0.154557238658957 -0.0803783593899201
0.0060279848388631 -0.033658026788621 -0.00299144715314067 -0.463884804464732
0.0650754323001688 -0.0226628310518287 0.516635102443845 -0.349951091590503
0.0343859522065289 0.0441478085782803 0.75006857594474 0.364722745596886
-0.0500489788721732 0.0140878103006404 0.0625742651682743 0.891752674042897
-0.0315177070973603 -0.0357890264933428 -0.431786025557539 0.46390081670603
-0.0155247623180406 -0.0321801529963165 0.0342715159430497 0.0840042422296823
-0.0157218062039945 -0.00252957009216626 0.511705161419538 -0.429629487860928
0.00596913336737551 0.00531412551153898 0.014287919166945 -0.94288430761462
0.0452062878703738 -0.0234271388265051 -0.775844899362366 -0.43449794841144
0.0253565408363861 -0.0592996128969531 -0.572400392831506 0.415661957050239
-0.0304106069641841 -0.0317393112910714 0.0176589069107411 0.481623806464809
-0.0261396118405878 0.00349046653021218 0.17736266500649 0.104469447531157
-0.00537169383387709 0.01259145198523 0.0535612289301777 -0.20166666632585
-0.0268816248312358 -0.007959231788837 -0.0412270282883329 0.171666738010224
-0.0287828986540567 -0.0230774922074417 -0.146348318830649 -0.0912982709667556
0.00636660350536046 -0.0386164182847903 0.0216055024759438 -0.46361073730275
0.0686075912493975 -0.0253068763057588 0.541046104617985 -0.315953153191395
0.0358251548673478 0.0522215930227738 0.728703963069932 0.41785380748318
-0.0521180666913388 0.0235740151016667 -0.000420441146138726 0.902629360275977
-0.0384679214150377 -0.0280483068666417 -0.458251915653626 0.438140310280296
-0.0254781957293114 -0.0243636102160928 0.037451506231319 0.0738633938210866
-0.0221241002815771 0.00893514350179254 0.485842428327461 -0.453986803642594
0.00844157533445358 0.0166671032305183 -0.0501099151185787 -0.933960641427721
0.0485560556946788 -0.0227807554649197 -0.803984531063682 -0.377551392822775
0.0223944981453118 -0.0649400370222112 -0.544157671466949 0.451773834388581
-0.0331305561538819 -0.0338613725433423 0.0424436846549622 0.482307309904674
-0.0284900693726905 0.00296670046714752 0.185737463360211 0.0959045689117687
-0.0102513157933882 0.0133465207261957 0.0597002141210069 -0.198883225324088
-0.0271353487783046 -0.00559168330666393 -0.032694784334242 0.171447743491925
-0.0268317696780752 -0.0229049197845924 -0.138079797222589 -0.0966630841641127
0.00797041290135245 -0.0406611524090248 0.040826127880368 -0.458193341352723
0.0696221008402813 -0.024685079751206 0.559188150527219 -0.285225489013528
0.0365771862176649 0.0598134183196222 0.706226073229392 0.460142904286698
-0.0524342649337668 0.0339704733027274 -0.0535751967518749 0.91084983288997
-0.0448225081132166 -0.016560077787841 -0.480893705156416 0.423173477547808
-0.0343390557185343 -0.0140288613884411 0.0362275473503785 0.0670214672167076
-0.0247898508107721 0.0227592289654459 0.463303837622545 -0.470878823473244
0.0132321293696775 0.0268839664874894 -0.104930034495945 -0.925293540602974
0.0506458343534597 -0.0215796242196514 -0.820956378627628 -0.332099134512401
0.0186063230496329 -0.0669884446312046 -0.517181185826971 0.479009495740451
-0.035313797739658 -0.0335842245527497 0.0633947854099334 0.480763089174142
-0.0285178577249068 0.00459919185831373 0.194086988940314 0.0890308643038779
-0.0112405193196697 0.0158284084970227 0.0650768912597021 -0.198659327782952
-0.0244682457987691 -0.002407540319449 -0.0259022100044857 0.173304273620908
-0.022299193452108 -0.0201810934306045 -0.130387761764569 -0.0993520335846998
0.00888451740204265 -0.0382468265503952 0.0535331333576375 -0.452850319711857
0.065470774311613 -0.0222121947365116 0.568247267112248 -0.263405799145001
0.0351133611859235 0.0661301490769751 0.686646760286279 0.488328944340492
-0.0508310525439725 0.0420832952772349 -0.0951726707481162 0.916270150016104
-0.0496180191214318 -0.00481077122717111 -0.501542271629213 0.413335134198127
-0.0414608663405513 -0.00189886557605422 0.0310047268047604 0.0636798493218668
-0.025856119398162 0.036105178039543 0.446921087995667 -0.477069997744008
0.0194458280456664 0.0350821266263986 -0.136653103052947 -0.915272441160764
0.0509204989985326 -0.0191483741973832 -0.831955533051927 -0.301353458874688
0.0135598568828258 -0.065964208659953 -0.502006106315347 0.495766447245641
-0.0350007260970367 -0.031424220012563 0.0785031977933968 0.480360983461664
-0.0244606114728994 0.00810340925327329 0.200430224579922 0.0844284260621227
-0.00774067177754607 0.0191989265729017 0.0709987337844527 -0.199515924224663
0.0120867834624059 -0.00208761854353699 -0.0264278683693266 0.184537642851633
0.00381485944213905 0.00282050466152251 -0.174264225557405 -0.0149253143709275
0.00457171867111719 -0.00660440516047785 -0.145956405196289 -0.433222212497503
0.0307961017719624 -0.0179486351689084 0.356666512449912 -0.496439746270254
0.0365630137797517 0.0166935191462389 0.808999637086126 0.0901781212935575
-0.0198409459982629 0.00519168409057993 0.348613720092058 0.826219782310879
-0.0091592079950841 -0.0211610837220221 -0.294733874923196 0.588812100111117
0.0004082585578638 -0.020397075304083 0.0104438515492612 0.122181255641033
0.00669920869814853 -0.00648473647520152 0.495346203493254 -0.407578387596873
0.0157919393448724 -0.0180671226172675 0.0567328496505146 -0.94670246122339
0.0194782248999044 -0.0246302473551821 -0.77032661373528 -0.479600565666117
-0.00507661597895183 -0.0309295779827356 -0.599981254182633 0.394799705602962
-0.0250887469977727 0.000350394116827434 0.0215605041955794 0.475824033022185
0.00833741215644187 0.0270760762796953 0.176202869160115 0.104774000305799
0.0286001650312608 0.0157549138093767 0.0211328934795263 -0.200533310931983
0.00362447522856173 -0.00281156146179618 -0.0288220009080774 0.18493092349891
-0.00625143541437857 -0.000827632920337656 -0.175862370063111 -0.0216021488113623
0.00124009579852187 -0.0131385305520969 -0.138031601639234 -0.4404149300704
0.0362133322731815 -0.0242079009533295 0.370344652562397 -0.489503001593327
0.0387014631584815 0.0147566385593596 0.810943673413649 0.105406742417967
-0.025684321327267 0.00337096624098622 0.333588886054834 0.82983281359101
-0.0138330226528676 -0.029736809803178 -0.301493344567589 0.575877714810338
0.000439467273672495 -0.0292186725725585 0.0220248032369461 0.11418937045524
0.00294126719223421 -0.0142886537987005 0.497708997402146 -0.420975776590445
0.0105297673356925 -0.0204920896108368 0.0386600036661906 -0.948579279382808
0.0226664075147615 -0.0268436204520555 -0.775011777514664 -0.460113374907322
0.0013207030371025 -0.0364521103798109 -0.584340053004002 0.407410476421913
-0.0265457465069279 -0.0047451126336062 0.0298175038140237 0.472469008123681
0.000279168145044386 0.0210232986529673 0.175939496955521 0.100270658947838
0.0206918734122406 0.0128268221384736 0.0197111181831292 -0.202829004043294
-0.00523567327429455 -0.00334056344177376 -0.0270888077490467 0.182807958278822
-0.0162561732849714 -0.00456510299128264 -0.175267434766503 -0.0314653760636061
-0.00274495793620278 -0.0204656042844813 -0.123676622362786 -0.446745926867195
0.0421320388143497 -0.0319200025102107 0.397044972525135 -0.472972070371923
0.0415556983949211 0.0149566743112455 0.811878015995209 0.142817734450166
-0.0309700311641709 0.00503528637627324 0.296528700178239 0.840678497925584
-0.0195478171125863 -0.0336357580234278 -0.316238793830548 0.560131383546181
-0.00386374792560988 -0.0345618692146633 0.0322022558720567 0.10314737173442
-0.00349860826683272 -0.0168217480210034 0.48859070364402 -0.445562594516342
0.0055818494489203 -0.0181876423088843 -0.00514738803721521 -0.950406975023314
0.0260063443178678 -0.0273859046762085 -0.790856729675573 -0.421786075861956
0.006670950208079 -0.0430971465365685 -0.564786221504481 0.430833740518446
-0.0288352433445982 -0.0119438881029707 0.0457131745071724 0.472294046246071
-0.00893673546453111 0.0151426076733159 0.178412262809602 0.0929802992914351
0.0120203986091716 0.0100482457523368 0.0188475024338213 -0.204019243538878
-0.0141615228526308 -0.00309257732440532 -0.0260673125955741 0.179184741088285
-0.0251995240342768 -0.00962126031968628 -0.171900359293577 -0.0440769722004516
-0.00490853649635915 -0.0283442800844137 -0.101429384087433 -0.455186024799376
0.0482814042607454 -0.0392479589541099 0.428147866313069 -0.448414516523035
0.0460028329827373 0.0181879969122765 0.807021460188559 0.191016864924372
-0.0335516581047233 0.0107483811744005 0.243632739510614 0.857471081706608
-0.0259472935317327 -0.0317052334092192 -0.34328534019322 0.539024485188949
-0.0108204867525658 -0.0342710582403428 0.0395278985209634 0.0897347816761433
-0.0112043865655033 -0.0135980998541436 0.470031680151991 -0.471435921332627
0.00289980913590568 -0.0113154121516148 -0.0621419969447166 -0.944912733055068
0.0300976965521066 -0.0277521482116495 -0.810997847414879 -0.369371447962063
0.00949929865140342 -0.050255519343621 -0.532978839788658 0.462527338456748
-0.030752914937665 -0.0180270080248777 0.0664026746736745 0.470948039480544
-0.0161395376818216 0.0106502346352248 0.182639253325187 0.0841493369613105
0.00297814802833693 0.00899743451880062 0.0223041800039899 -0.203011581097471
-0.0196072054293197 -0.00278738238224706 -0.0199309237719976 0.175968057781155
-0.0308385377648679 -0.0134216187140856 -0.167089559713328 -0.0573518214071903
-0.00690646743995122 -0.0358818439051638 -0.0733766182355757 -0.458277528254351
0.0542705603555829 -0.0444771206015294 0.463954497772128 -0.420686450910102
0.0503883377059824 0.023592837568867 0.797224608325003 0.251315055708561
-0.036100054180164 0.0184893778892758 0.18534625714809 0.877991175486765
-0.0313723818275009 -0.0258255504154959 -0.370583346486306 0.520292479378627
-0.018350958586794 -0.0304272735196512 0.0453934369636438 0.0772914214627567
-0.0187673209690851 -0.00590263949675548 0.446119828841609 -0.499842737056557
0.00278618346729691 -0.00204959046789756 -0.131693645537848 -0.935403869014342
0.0339414475052856 -0.0271940423447289 -0.832238766194368 -0.308123796953889
0.00985124466030609 -0.0571335323790685 -0.500018753788375 0.495069130896477
-0.0339060908365324 -0.0226229133938127 0.0936053689929268 0.468917277164277
-0.0220317265792934 0.00829410185118172 0.188759579126967 0.074098813910505
-0.00356350411020759 0.00933446257640199 0.0247925309479149 -0.204276608362322
-0.0253417893741443 -0.00164675490730499 -0.0140566961180274 0.171021454309177
-0.033199583358682 -0.016734503270966 -0.15959460182203 -0.0690600587693284
-0.0064755600339579 -0.0417456636413267 -0.0499410820411782 -0.460396221687488
0.0598108750455388 -0.047981754705963 0.493639350527485 -0.389392805913709
0.054350775412202 0.0326721380614279 0.784216207847717 0.307058150298335
-0.0361391505678774 0.0290220229863185 0.125503003297276 0.896312523047057
-0.0373264236594896 -0.0170685122451556 -0.400575014429291 0.497724279017556
-0.0267979005866846 -0.0215981235257278 0.0468179585022989 0.0665304785776152
-0.0229495769950335 0.00714007339069915 0.417510781851805 -0.52149222293154
0.00595293033727728 0.0091646604558015 -0.19591549612303 -0.916426977735949
0.0373255530796692 -0.0260173142049082 -0.847937058327892 -0.247840303318613
0.00697065948847731 -0.0620895769970104 -0.462611082424658 0.527340227800275
-0.0362507817113607 -0.0245367433532567 0.116874488570593 0.46566142208958
-0.025183913570609 0.00745097588875629 0.19556119671944 0.064830910020876
-0.00863212712520511 0.0108148104328789 0.0314708549569818 -0.201872951452082
-0.0254506654924298 -0.000108021042563106 -0.00610454111053429 0.170337592005329
-0.0311686611346448 -0.0178717621234265 -0.152237682716679 -0.0758896252398487
-0.00519013353693064 -0.0436728861641765 -0.0278659726273487 -0.459777255946269
0.0612362289987088 -0.0472537949314606 0.515658310217223 -0.363144509967097
0.0552707240165612 0.0407858601377427 0.765587051841642 0.352782630230049
-0.03579524608671 0.0397870243920019 0.0719336137640247 0.914599643280757
-0.0429228799599438 -0.00523423669338337 -0.427543805368405 0.484247189332532
-0.0348804368514993 -0.0090886162765099 0.0443172285070442 0.0597596489691224
-0.0256406358142601 0.0206273698324052 0.392047761330095 -0.534478278679306
0.011166124702863 0.0192937037413636 -0.246037781242476 -0.898149460463834
0.0390266594065665 -0.0254711199958561 -0.860439362748778 -0.19889776562119
0.00243493480483629 -0.0632616967190709 -0.435247056779568 0.550164600249827
-0.0381367703630126 -0.0243809257718839 0.138674945246568 0.46173916767697
-0.0238520164403354 0.00993755365749013 0.20225400078399 0.0568183387387142
-0.00904431661527439 0.0127540815232301 0.0378109322027763 -0.201730556447835
-0.022276517209973 0.00282678687460077 0.00156068775016967 0.171348670420661
-0.0265957165770968 -0.0149388449980477 -0.145701945251115 -0.0802493488736027
-0.00336765348238678 -0.0432226209334636 -0.0154499596815392 -0.454633359909122
0.0579519985052006 -0.0454314427748075 0.526718346167444 -0.343335555496202
0.0563307177332852 0.046938581817246 0.750706904943151 0.38311364162796
-0.0328929183266178 0.0486766553822338 0.0319334981797013 0.923469305982094
-0.0453360907106591 0.00654816427808864 -0.450104556390918 0.478661931034314
-0.0398926404571793 0.00281597426780816 0.0386898218475354 0.0578332662465822
-0.0236163538734401 0.0336702284895925 0.373165418082127 -0.540158022464647
0.0184879806529379 0.0266819910796028 -0.276824938226692 -0.883399500733518
0.0400342005762954 -0.0226165045422554 -0.866666296971705 -0.167971519563124
-0.00184509208920504 -0.0605627338948418 -0.416199352866549 0.562537864706562
-0.0381442825010907 -0.0225632232634391 0.152619894169047 0.459469992035575
-0.0196586162058723 0.0124657362146475 0.207909137959662 0.0513689534840717
-0.00574321262384717 0.0160322851533126 0.0432434908599197 -0.203721169505882
0.0110900313477354 -0.00234544205018634 -0.0260565164475085 0.181262483768245
0.0035584585467232 0.00265499935607343 -0.172629075335541 -0.016254438401942
0.00453528673936278 -0.00687003737602371 -0.147979672369127 -0.428356363552742
0.0301683106134512 -0.017370231963307 0.348770423768297 -0.491923778023797
0.0368949604874819 0.0152359855566474 0.796220643303645 0.0861574687054565
-0.0203879849118938 0.0056339010405262 0.347795626922857 0.815105316601271
-0.00970687202407715 -0.0207901536748234 -0.289459943510911 0.581861093060913
0.000487166522176026 -0.0204524063311714 0.0104600371682569 0.120808681272324
0.0062513604680069 -0.00670561963880828 0.487260582966469 -0.40243157048338
0.0153214857102503 -0.0182333757926905 0.0518395939410085 -0.932959969821802
0.0193973101008052 -0.0247054343331829 -0.762725360335025 -0.471123333698331
-0.00547282981741723 -0.0305747266093866 -0.588488215217428 0.393229221054499
-0.0252786075952838 0.00111306955420182 0.0244485979120169 0.46866892769007
0.00889267318091311 0.0262425689024739 0.173752979059184 0.102796891288759
0.0286984358248632 0.0146442682249503 0.0201719327117076 -0.197573701582099
0.00282644328541589 -0.00332565554021014 -0.0281624905154162 0.181342704919613
-0.00642856561103378 -0.000694634691761059 -0.173999610196821 -0.0219943694201264
0.000682961232001473 -0.0125075753018088 -0.140460515493297 -0.433770440154128
0.0349427134946663 -0.0248898484661939 0.361388123552261 -0.48486841384743
0.0388398411652241 0.0138637348232938 0.800215960015264 0.101510158582943
-0.025783232856953 0.0036066267025377 0.331709185324448 0.817896726278188
-0.0142968712219997 -0.0293147694008528 -0.294336536205501 0.568759383720693
-2.08660911088432E-05 -0.0299120041267868 0.0216475513590857 0.112279261049634
0.00276925455473026 -0.0144525088018343 0.489186137896943 -0.417921634420518
0.0104785621186409 -0.0204108850418052 0.0337541481408609 -0.935098469064759
0.0216821759332671 -0.0266674879030386 -0.76582016572568 -0.452437341859516
0.00106404851556416 -0.0358503834774823 -0.577024663712782 0.404608973165175
-0.0268226044331488 -0.00468112762842698 0.0316564934219015 0.466737859802175
0.000339078983762838 0.0206736302536379 0.173827102494704 0.0987231304507563
0.0207077228160568 0.0111858444003062 0.0189459276340641 -0.199073189937091
-0.00545405078365281 -0.00429980359741668 -0.0256422422915672 0.178811315740327
-0.0165534685410299 -0.00520157445285602 -0.173004071259583 -0.0316716099263299
-0.00330695289529979 -0.0204673557679146 -0.12443547508931 -0.440768325575034
0.0407552992017439 -0.0325347030953306 0.389331152444846 -0.46891777206067
0.0417438186918415 0.0139193430388271 0.800738264039145 0.137708003704204
-0.0305691331495743 0.00494714848370579 0.297061967649872 0.82748228632146
-0.0194902352954912 -0.0331762881579621 -0.309329014738827 0.552425336373183
-0.00385366821534193 -0.033923386708802 0.0314325989604059 0.100843722986647
-0.00412306758442325 -0.0159346622994576 0.481109607042165 -0.440680423677996
0.00570919312431928 -0.0179233790621849 -0.00678978056753328 -0.936232313586602
0.0251689661647515 -0.026940955933087 -0.781420264330317 -0.412597311405918
0.00656187723439433 -0.0422673205566311 -0.553448955670436 0.42707072407383
-0.0283295653132631 -0.0112371774557446 0.0477970930475858 0.466630217334191
-0.00795150723999804 0.0145752142518437 0.176400148553209 0.09099301136955
0.0119031117654395 0.00968794520153756 0.0177773199806904 -0.200527842842475
-0.0139878040135665 -0.00375833220347852 -0.0247495189767586 0.176471138403035
-0.02512556842425 -0.00933830821183882 -0.169916293183435 -0.0442599719692284
-0.00618791660901829 -0.0285022381512918 -0.103575569594681 -0.448135441532068
0.0478098622505429 -0.0394611429002519 0.421612820849678 -0.44612605308949
0.046371961417759 0.0171491000350995 0.797411809397388 0.186623749678535
-0.0339059878657175 0.0107920683941828 0.244471720642908 0.845254527762163
-0.0262802110418781 -0.0307432939149199 -0.335447089354554 0.531713334675349
-0.0106140747294539 -0.0334854491481102 0.0399993747147064 0.0880967498525187
-0.0115483739332899 -0.0132901708481447 0.464085158094869 -0.464766900361012
0.00269387792855732 -0.0113058887811937 -0.0652697155305886 -0.930202534831543
0.0292967785479053 -0.0272760172032961 -0.799807187664956 -0.361604147422797
0.00941085257352346 -0.0499915075277709 -0.523254063041778 0.458445223712609
-0.0305315127456852 -0.0177729358939466 0.0697344341393864 0.464717432502323
-0.0159428602354307 0.0102817140367533 0.179713392665201 0.0826305380426449
0.00297341798497328 0.0079600080803271 0.0211988167619814 -0.199746985712902
-0.0206490794006495 -0.00300393843422157 -0.0187111258652557 0.172519610136448
-0.0304090905635166 -0.0131468762256368 -0.164379929074092 -0.056614685419244
-0.00750772894654922 -0.0353993698719574 -0.0777090542028447 -0.452209817168168
0.0537256290069173 -0.0453188881325052 0.454358160980919 -0.416988455392419
0.0502034707212343 0.0231333654618953 0.788303588881612 0.24421289699525
-0.035243388501671 0.0185024517730743 0.186569165299274 0.866692835754044
-0.0316235744016586 -0.0266623636016632 -0.365392956232044 0.513021241016505
-0.0180711138521759 -0.0299968470624044 0.0453422137676558 0.0757257779191477
-0.0180464298827044 -0.00539285743180972 0.438465609372711 -0.493537200686022
0.00194570532689498 -0.00198225789377235 -0.13033858671074 -0.92057092975795
0.0330569649808428 -0.0270749678136049 -0.820417634489339 -0.298410762567192
0.00935948242860164 -0.0563805438793679 -0.488648820526023 0.491571468111098
-0.0332363829125501 -0.0222926529050954 0.0937366242679616 0.462594296605601
-0.0214870749629742 0.00841886285052065 0.187318282633487 0.0730237879381093
-0.00337858259685805 0.00820932618829158 0.0250457070432912 -0.2000616712983
-0.0252784048299861 -0.00165074590040232 -0.0130040413614644 0.168353806605978
-0.033560613028039 -0.0159489467660066 -0.158315811881169 -0.0685057420326144
-0.00707080916352611 -0.0407913542372945 -0.0516431016438678 -0.455073494489981
0.0585241790343145 -0.0478912121420281 0.485365218629719 -0.389035143155893
0.0540866684807457 0.0315475125904488 0.773475299821643 0.299037848969965
-0.0359781834052761 0.0291353751384525 0.127562317049497 0.885613861134066
-0.0371482979147649 -0.0168904344575099 -0.393571387960726 0.492189141021324
-0.0265845936484868 -0.0211805241090565 0.0456361891179068 0.0643772404878168
-0.0232044448481323 0.00721111949235939 0.411036671118446 -0.514967555655152
0.00544653950375572 0.00920868841346021 -0.195953390774022 -0.904214939953817
0.0362425221026199 -0.0261109516008521 -0.836700128887583 -0.240040713891404
0.00651225837469899 -0.0606874194546847 -0.453394706704312 0.523151004939863
-0.036422613169241 -0.0241570324017445 0.11921692138316 0.458259427156077
-0.0242806198418473 0.00785973353096088 0.193745902899634 0.0637802432396555
-0.00816610192209524 0.00984203645279933 0.030616295547658 -0.198619258323118
-0.0255791230882591 -0.000100005315684514 -0.00489031432159483 0.166891096469914
-0.0311150330964299 -0.0166010441261083 -0.150516634043193 -0.0755766637106386
-0.00635366229915691 -0.0424468135840854 -0.0325590800580657 -0.455036432287691
0.0596579778297541 -0.0484008411095751 0.505467893113435 -0.36164660022496
0.0560572736703692 0.0394560739760878 0.75808492194678 0.345351226077537
-0.0348456349507821 0.039531571230928 0.0755822526402855 0.902218097494733
-0.0421136843933587 -0.00529923953437392 -0.42127122269492 0.478263462217494
-0.0340837095336277 -0.0093275158103923 0.0434888565201359 0.0587983877148826
-0.0246212280985457 0.0203673303446395 0.385673023110762 -0.528387155080258
0.0107409453551725 0.0190348498298049 -0.246504681655746 -0.886317832015361
0.0384476575658517 -0.0249751158866942 -0.847768771939424 -0.193430280830686
0.00284664124830665 -0.0626329230634672 -0.426672463439007 0.544474126944915
-0.037565440372024 -0.0243601416754268 0.13838568189835 0.454322809096353
-0.0229204263597185 0.00960510202289732 0.199643421442407 0.0550630679279271
-0.00901868803032899 0.0119905003432609 0.0364524395765764 -0.198590543251072
-0.0228800005504524 0.00354689850787938 0.00201871244084002 0.168375441529472
-0.0260700746272569 -0.0144155087129551 -0.144030705612437 -0.0782608020079632
-0.00381900730405885 -0.0413958494108706 -0.0185060480306255 -0.449553515704313
0.0568418282848784 -0.0451656599909524 0.517606777371051 -0.34147983826053
0.0565878834597274 0.0461791744046836 0.740124642662172 0.37712501913402
-0.0324194010886646 0.0480351798911301 0.036590876846402 0.913857932821649
-0.0450371552012965 0.00698973306799274 -0.44266860116559 0.473045267517814
-0.0390697682495982 0.00247988790714793 0.0372236646310523 0.057049205100574
-0.0235671255087891 0.0332457063932885 0.366044529163485 -0.532969674621825
0.0179778224044649 0.0262777272756 -0.276959434657001 -0.869838324063962
0.0392185295115028 -0.0223805973431384 -0.853814740129048 -0.162602954658449
-0.0019681065567984 -0.060792341154196 -0.409825124633672 0.558333522441829
-0.0367342363238894 -0.0225197475672957 0.153409811815294 0.451715977278085
-0.0185927631617412 0.0125924595631855 0.205795157027017 0.0497478008501459
-0.00546024878530817 0.0151873665184488 0.042505918496519 -0.200548107849761
0.0102425499374523 -0.00308914623004415 -0.0243390167202367 0.177966787808722
0.00324029256829036 0.0030607760257266 -0.16940268621524 -0.0157156139153052
0.00381437787870463 -0.00693761147145678 -0.149041754460931 -0.422892525646292
0.0291554381454097 -0.0184380274649772 0.341036214372267 -0.486812797915092
0.0366917312032317 0.0145288800266369 0.786692155846062 0.0846273562033374
-0.0204424132612289 0.00539720597244648 0.347098974375184 0.804737506354044
-0.00985248996560056 -0.0210757097559456 -0.285534723598887 0.575364382659761
0.000408629446850833 -0.0193561424523212 0.0102347948335677 0.118390732233555
0.00657862724289699 -0.0063144277110006 0.481557414260324 -0.397018063493068
0.0149766572536103 -0.0179049197262964 0.0513012073101068 -0.919110809280802
0.0185253753921041 -0.0239626362467231 -0.751389530939668 -0.463889366480507
-0.00509672961885576 -0.030237289986884 -0.579921995462075 0.388569203959899
-0.0244638104651192 0.000681995516092118 0.0242008424616284 0.46166141560267
0.00895611674477454 0.0251201653479027 0.172267439992221 0.102843468294089
0.0284787910621627 0.013416509797196 0.0200556475741058 -0.194155048482146
0.00226360530183759 -0.00304382600313548 -0.0265359149212264 0.178089097223372
-0.00637575079528199 -0.000590198080881295 -0.171132510879718 -0.0222438790021181
-0.000455415295798442 -0.0119222004428637 -0.140133153854344 -0.427182221825714
0.0345596036051 -0.0248874234969193 0.356045255230061 -0.480790530709722
0.0384685507370906 0.0130431345764671 0.789572999012788 0.0985503812947355
-0.0259038736359296 0.00307112643790376 0.32746600490578 0.807179187448903
-0.014875564719797 -0.0284697667265672 -0.291421200930506 0.5606411293722
-7.96086874855638E-05 -0.0288565190337003 0.0205417021788683 0.110325276647373
0.00225465320417549 -0.014032708500046 0.484344285941153 -0.412880586589626
0.00954818879605309 -0.0206560363378469 0.0334961781555622 -0.92157253532399
0.0213965766410334 -0.0261714867750219 -0.757118719123712 -0.444113591407161
0.00128936994108306 -0.0356217919071545 -0.566300379691634 0.400033245125129
-0.0263070154384969 -0.00465534734636435 0.0330811439429462 0.460027997399054
0.000139121157774803 0.0194718083470422 0.171805038098974 0.097767712626248
0.020286165777362 0.0104045799388264 0.0183637595435462 -0.195953050114443
-0.00600837456929169 -0.00387743221785721 -0.0248929032215154 0.175956030346455
-0.0160197261968065 -0.00467359797573778 -0.171211535220912 -0.0316894138163343
-0.00381760835541515 -0.0201318659531198 -0.125006915601444 -0.436065936683296
0.0399821960649527 -0.0319005968790495 0.380857825062716 -0.463940416596438
0.0419078884540909 0.012982404165766 0.789737426161756 0.134569116034841
-0.030305347744548 0.00530244926812272 0.294078565929101 0.818775182356079
-0.0197188641337958 -0.0328072081647047 -0.305643465684051 0.544692334746575
-0.00352314974980912 -0.0332130189180356 0.0309292992418478 0.0990966681625414
-0.00387562626345086 -0.0164332594109579 0.473106598595571 -0.433713993832751
0.00491664937929907 -0.0177235365352033 -0.00812234049642071 -0.923208496732491
0.0249199295747238 -0.0269838314680511 -0.771598159017895 -0.407810686543874
0.00651640498326905 -0.0421953028563483 -0.544457347794799 0.422154622976994
-0.0279326040064885 -0.0110628790171476 0.0487667264360969 0.459216200227181
-0.0072580380355121 0.0141116040613575 0.17344376140061 0.0905600745745047
0.0118189086305063 0.00850283873497277 0.0178126072362434 -0.197080318195968
-0.015136089305045 -0.00316213186348101 -0.0239468798533851 0.172928779250927
-0.0249242778334665 -0.00993491353235801 -0.168025084163284 -0.0440887559836473
-0.00672722549409651 -0.0278084513911693 -0.104267210689696 -0.442129221461425
0.0464081564564826 -0.0399366244640025 0.413363178402982 -0.440789308939609
0.0461153619736143 0.0158977134241819 0.786126598196341 0.181636237514151
-0.0333103001533936 0.0107101683464298 0.242357420189306 0.836324934604462
-0.0262988751119976 -0.0307413879948215 -0.331561889226371 0.52468647820233
-0.0106288848614364 -0.0335655752484903 0.0388363249251297 0.0858045423346114
-0.0116362736053748 -0.0128395248684163 0.457553631583444 -0.459522587105516
0.00185272538043069 -0.0111635023241955 -0.0643906839213448 -0.918393816131961
0.0289499193007147 -0.026932312189652 -0.789720926361772 -0.353054165406886
0.00905923461152848 -0.0490725618751818 -0.515606260799366 0.45417718967044
-0.0307795616524727 -0.016942156798793 0.0708552397907763 0.458360991852398
-0.0153788609610851 0.00988667943979542 0.177796822698165 0.0826300993486505
0.00311395879753483 0.00697330607372416 0.0204437467067654 -0.196771095268347
-0.0211007025772999 -0.00293458499551817 -0.0186198168415589 0.169093156750848
-0.0302604503744767 -0.0128396019550569 -0.162469052684742 -0.0574546709479687
-0.0079110637891614 -0.0348658697179587 -0.0772198121366351 -0.44746450219003
0.0513631879403774 -0.0454884924509772 0.447589422536583 -0.413400583316388
0.0503009064137647 0.0213186635033204 0.777911812156826 0.240204848819145
-0.0349580154664425 0.018320731600812 0.186315414037155 0.854236676622461
-0.03132803962012 -0.0257649547933598 -0.358788455360312 0.506103994984277
-0.0177362749651017 -0.0294530098628793 0.0439606930504697 0.0732519438332779
-0.0185359744588123 -0.00524128375331819 0.432826870336674 -0.48564385672635
0.00215214834351143 -0.0020792622013984 -0.131205606143023 -0.90874004255078
0.0326512998537616 -0.0268924229449388 -0.811557858894149 -0.295372659633425
0.00910846317160755 -0.0558261284933118 -0.480467043092302 0.486292507748322
-0.0329407422145628 -0.0217561706002847 0.0946211454670974 0.4558000000315
-0.0205400775207967 0.00767730957051209 0.184082521873769 0.0724458073763597
-0.00317496581747592 0.00723644223466349 0.0244335326501098 -0.196758001179689
-0.025281734739677 -0.00239996573691447 -0.0121432897113805 0.165510106053265
-0.0328556582970236 -0.0166253872433798 -0.156151702301096 -0.0682500975358097
-0.0075700967852322 -0.0396673556364261 -0.0541205258046917 -0.450099935442909
0.0568327457796052 -0.0482100274240922 0.477712953810558 -0.38502463012898
0.0539916009358162 0.0303069346414773 0.7646903352542 0.294755065587487
-0.0354943200571775 0.0288057888132158 0.125845004942907 0.876189891001667
-0.0367818377995578 -0.0168600693704729 -0.388787403053545 0.487998945581797
-0.0262422935748637 -0.0203353288234099 0.0449533955163831 0.0627319400320972
-0.0229990376750947 0.00599216183382765 0.40467111890327 -0.507578273084387
0.00503764750006851 0.00829152927415891 -0.192645784225231 -0.890004539393243
0.0354330367402541 -0.0262229194298172 -0.825094311436515 -0.23478914636007
0.00674676718457844 -0.0605900787053656 -0.448179275610562 0.517037624797127
-0.0353856692984232 -0.0240931684650008 0.119312040343668 0.451973458768466
-0.0234137084853819 0.00734439383333222 0.191104799345355 0.0633481091081094
-0.00836905461232505 0.00873545082409764 0.0306310316383709 -0.195365460829979
-0.0258763876780677 2.80502197547217E-05 -0.00449833411539327 0.163379911754324
-0.0305830999559667 -0.0171334854807136 -0.149430836693697 -0.0755138281280636
-0.00631250887935419 -0.0420724191165282 -0.0348955993860319 -0.448461096270713
0.0580933225373487 -0.0478322620501347 0.498276611261013 -0.357481461502108
0.0562602392060701 0.038137989136371 0.748167362752944 0.338922196014122
-0.0353232233398934 0.0387973954330827 0.0761661162151095 0.890969622298652
-0.0418874387272041 -0.00547351910045651 -0.41560988758991 0.473901652050655
-0.033497602840875 -0.00939168026891613 0.0423476840674466 0.0569825348343538
-0.0250468786629328 0.0195669021172386 0.377476772270445 -0.519836041450516
0.0103539278537868 0.0181178583973383 -0.242943290496533 -0.873811166119615
0.0377412805350014 -0.0248728127313153 -0.836775325940201 -0.189613947517537
0.00232639852109617 -0.0613264627341451 -0.41799541703917 0.537937383992824
-0.0374921518104033 -0.0234117786565195 0.139361961209797 0.448158787738205
-0.0224939865227209 0.0091871186314154 0.197171404522515 0.0551427414259203
-0.00850001079043584 0.0112977341249592 0.0357279984454883 -0.195796220586197
-0.0229585719939529 0.0028354778597407 0.00143187304281629 0.164567834739215
-0.0262302098713349 -0.0146348945522755 -0.143448798802178 -0.0783428168150822
-0.00435671112402193 -0.040883135953497 -0.0196951885945086 -0.445231696266376
0.0550792503149036 -0.0452164750200552 0.509274765575764 -0.339517205234563
0.0565302749753531 0.0449083299496483 0.732312103732548 0.370071597915279
-0.0324553162862853 0.0478241002378483 0.0368875464689471 0.902047631830111
-0.0453186603068076 0.00659878892137467 -0.436590952288332 0.467843897022362
-0.0387896428647114 0.00258892804336922 0.0366243654511396 0.0548887904995323
-0.0235430286525759 0.032401508480929 0.358836827546865 -0.524853405726151
0.0181550289956157 0.0257986516297715 -0.273948648081551 -0.858740505433563
0.0384404397211466 -0.022082933484239 -0.842069345052751 -0.158470264552971
-0.00168346575462732 -0.059436003767664 -0.400853188141197 0.550431834552303
-0.036845454978044 -0.0219681042075132 0.15359195128213 0.446034370289753
-0.0179644858348435 0.0117767237487998 0.202657961935471 0.0494038181281107
-0.00528591327298374 0.0141296391964261 0.041424855120671 -0.197906629142402
0.00948126350943287 -0.00277171766892831 -0.0247018344980672 0.174760214878496
0.00251941843305725 0.00266040047276607 -0.167470215127336 -0.0165083928239667
0.00295479332737113 -0.00642455499973302 -0.147574637042819 -0.418949278946699
0.0291622393629674 -0.0183077306041899 0.33642429889367 -0.480254276978389
0.0364278059923415 0.0138824804254436 0.777033050956068 0.0822937903785981
-0.0203584339497234 0.00546746127874555 0.341299765190754 0.794263245171735
-0.00935783156077779 -0.0205584810104207 -0.282111964391348 0.564946661019717
0.000979464477547371 -0.0190831794710878 0.00890742249583076 0.116177321885564
0.00556304941770257 -0.00739708504781439 0.4761867281337 -0.389079001361062
0.0143937829427171 -0.0174896208896573 0.0509305400147026 -0.906989050030035
0.0183223547286174 -0.0246162235547267 -0.742684992544577 -0.46005767011997
-0.00496745352738983 -0.0297192909314976 -0.571145389096129 0.384254723424244
-0.0248572944075289 0.00100555899673458 0.0252952498298213 0.456048639557288
0.00918216599446428 0.0245679755815437 0.169853372092297 0.102091072522616
0.0273961836375309 0.0124333604383724 0.0205586348815375 -0.190718583488793
0.00219443576771686 -0.00337919303083555 -0.0267162894883723 0.175475287312327
-0.00707459555039433 -0.00119644642679817 -0.169040334851559 -0.0227932996399647
-0.00102262760655756 -0.0127467657335448 -0.138872746605187 -0.424291780816723
0.0336086918373696 -0.0253544102173682 0.350247865657923 -0.474096674852983
0.0383767070848154 0.0117054989110346 0.780488392598717 0.099164725463042
-0.026055960019566 0.0033213852867467 0.323790573011913 0.797612724911583
-0.0141872938496342 -0.0289195470614323 -0.288635177927749 0.552797028502308
0.000644472695696193 -0.0285791795851339 0.0200881770299477 0.107844852942853
0.00202631536029222 -0.0143538542582144 0.477268212695439 -0.405310765105954
0.00966527744725781 -0.0197673337526409 0.0344016503397106 -0.908320043244262
0.0204748734238659 -0.025728036407199 -0.745209858267382 -0.439369504149484
0.0015520005306983 -0.0345829567213035 -0.558889286808873 0.394138746081441
-0.026597956147911 -0.00486926933291504 0.0340728503368871 0.453998385287424
0.00127180885474593 0.0192291401435662 0.169897153058248 0.0977378961513933
0.0200439496122049 0.00956479024391267 0.0191354235535732 -0.192340040328543
-0.00672779820038943 -0.00422482669788047 -0.0248477851122398 0.172863369184987
-0.0159072021998302 -0.0049029964204663 -0.168566419950254 -0.0323634638519404
-0.00426608480180146 -0.0199920553939225 -0.125935081944659 -0.430281136645014
0.0386861025508928 -0.0333510123277853 0.376752171460354 -0.458408671508966
0.0413669597790358 0.0125064282732068 0.78115943870265 0.13478393053179
-0.0306955881565152 0.0054176734884511 0.289978529758844 0.81124747522551
-0.0200749377232145 -0.0319655552447449 -0.3028652977865 0.537770317858547
-0.00360675358729685 -0.0332991478154922 0.0298836100051804 0.0971897818621218
-0.0037456351576972 -0.016638015190273 0.467971829832854 -0.426766635183991
0.00446305524909659 -0.0177277969648326 -0.0055649989033459 -0.911821751996347
0.0246017578542401 -0.0264122242355155 -0.761606943387204 -0.402749038724617
0.00630107571602898 -0.0415396361809433 -0.536222104711718 0.418170958008595
-0.0269217672216575 -0.0115717610745332 0.047313250061266 0.454409216703519
-0.00699471701853036 0.0134571475064145 0.172199507097581 0.0902019972724552
0.0116427678983313 0.00714451472018978 0.0175158487872465 -0.19369812226023
-0.0150985478316242 -0.00375918709142855 -0.0241662456426159 0.169903432819415
-0.0249484536528144 -0.0090810392748106 -0.165927341357727 -0.0446873796863715
-0.00743336430602414 -0.0276337716201649 -0.103344951431003 -0.437484745600177
0.0451370675429276 -0.0399443464215895 0.40722576277517 -0.435907833514986
0.0456925074632293 0.0156148863662938 0.777799057691902 0.182622217357059
-0.0334955905735955 0.0106561079185253 0.238912796591074 0.827050750071827
-0.0254561936657756 -0.0305466165912302 -0.327600803667538 0.518419967019539
-0.0105346306477244 -0.0330595768445182 0.0377924197530938 0.0846254570510723
-0.0117309762880661 -0.0134213921360532 0.452523291806665 -0.451941280510628
0.00138677833806685 -0.0104961529309431 -0.061744493461809 -0.907325266070206
0.0283996852332343 -0.0266112859425164 -0.779698639914741 -0.350663216610066
0.0090542910539531 -0.0484606811308734 -0.509005711219054 0.449096295703667
-0.0295145343007365 -0.0172164540570256 0.0696898391042531 0.453354341539508
-0.0139121679131605 0.0094231558087338 0.175875927518796 0.082120592343925
0.0030765569817129 0.00656192253021568 0.0220850750024907 -0.193398011980497
-0.0214400845899768 -0.00365444891924992 -0.01858471644675 0.166115164287249
-0.0303652880189715 -0.0132311981797309 -0.16073199475802 -0.0575434211049616
-0.00794241856281138 -0.0342241387808452 -0.0776385856715196 -0.44270174173064
0.0509443792182113 -0.0450176383379675 0.44186016170941 -0.408066158620311
0.049706254809836 0.0212671569938189 0.768080014358531 0.239788887589907
-0.0347094707332698 0.0180768237675244 0.182597194107245 0.846185722440331
-0.0312706386683371 -0.0258763687897949 -0.355217361302977 0.49928283565007
-0.0170900353229552 -0.0292060450100647 0.0424278030310435 0.0724965122421204
-0.0185567478139033 -0.0054434896085361 0.429108272197165 -0.479221402586663
0.00158426504010757 -0.00176188219421065 -0.127270791201747 -0.89624801321258
0.0320041167688894 -0.0265762680424836 -0.801970519704658 -0.291307174144641
0.00936587622834649 -0.0551598306498381 -0.475504505985854 0.480407453734851
-0.0328647733214153 -0.0208360586953909 0.0938762609566335 0.450324974774695
-0.0198302864083232 0.00723036414007486 0.18153567650673 0.0721366269691087
-0.00307436059120234 0.00633519890775728 0.0243761847913577 -0.193842837566797
-0.0251349573958496 -0.00245907574562223 -0.0124732322005846 0.163423744575132
-0.0323218351361197 -0.01650116116633 -0.154622886430259 -0.0689130647974466
-0.00798753353588155 -0.0390787666383768 -0.0537294509253037 -0.445047126565701
0.0560480364743445 -0.0473169297120973 0.470896878769972 -0.379328334062041
0.0533969584568442 0.029247124207781 0.754168251857514 0.290700657304686
-0.0355367273407474 0.0277777827798169 0.125249110158567 0.865828879110513
-0.0377940413149636 -0.016632097333246 -0.384882874718337 0.480697008548974
-0.0263473001441901 -0.0205126421801717 0.0441288137158996 0.0621604792701749
-0.0224963621616091 0.00598105599299835 0.400917100360885 -0.500382076761264
0.00461587272691807 0.00858472965110981 -0.189369536510267 -0.880464226603043
0.0346092389310735 -0.0255049847467279 -0.81529055576425 -0.233197529228647
0.00665227173357798 -0.0605707936343484 -0.441616577010485 0.510825785610242
-0.0351702973545737 -0.0234353029970788 0.117725335363251 0.446773676036106
-0.0221656171588351 0.00657815478646056 0.188012639945656 0.0631613244066191
-0.00804191249621496 0.00756079070927405 0.0306319859204677 -0.192257272284331
-0.0265510480504045 -0.000433801473230263 -0.00522332158737631 0.160757001665502
-0.0303347837064134 -0.0162813702118892 -0.147303426956703 -0.075190559544359
-0.00733131939619598 -0.0412169702745012 -0.0340290541500823 -0.443956395818277
0.0568091913713356 -0.0478368273623431 0.492270640920961 -0.353903215678501
0.0555010101129087 0.0373025587493438 0.739675210737599 0.335199395142134
-0.0350887419293167 0.0385376646494124 0.0747225496458476 0.882216678265616
-0.0419507895458074 -0.00483172656985274 -0.409937305163252 0.465339201661665
-0.0328661345368828 -0.00929446782204205 0.041553188321754 0.0558271005941734
-0.0248498638595888 0.0193735987405275 0.374700759781437 -0.512092043918734
0.0102261907812755 0.0187996937551239 -0.238122614109772 -0.863209283320646
0.0372046886449985 -0.0245383304495526 -0.825923681872313 -0.186795762584226
0.00287719513819838 -0.061329287429021 -0.41442504276466 0.532895900478262
-0.036483716454678 -0.0230575718030887 0.138077842182318 0.443512591611173
-0.0214081627674907 0.00894491375120596 0.19457720379431 0.0548871451902793
-0.00866126935291013 0.010218439785024 0.0354461118737948 -0.192820340181073
-0.0231722121291106 0.00237066523355013 0.00197453397910883 0.160397748706297
-0.0260353313952598 -0.0144040019216689 -0.141216316110709 -0.0785056034282392
-0.00517238907172006 -0.0398939380623634 -0.0212935406756002 -0.439520727883577
0.0540676321868294 -0.0459077822429947 0.504401106275794 -0.334915593116326
0.0554502379372071 0.0431388555122538 0.723104666226224 0.365296383337878
-0.0321667438254931 0.0470436495433292 0.036991170356578 0.892344135954437
-0.0447685947767805 0.00589355184408896 -0.430620007418826 0.4600894681277
-0.0384221028295723 0.00247416929981913 0.0354666658181419 0.0544105988114711
-0.0241604279831903 0.0313113606592043 0.35603813833734 -0.517951697719308
0.0172670895571763 0.0254603972661875 -0.268664534820652 -0.847668214465363
0.0378257519114302 -0.0219829001077533 -0.829479935354912 -0.158649171735267
-0.00111929641926429 -0.0593314057828095 -0.396764810517151 0.545140009171148
-0.0359485482932966 -0.0212998901175745 0.150104684875187 0.440047885937431
-0.0171316251688449 0.0114544230613189 0.199459966651578 0.049785552397429
-0.00606829597052416 0.0136930473895841 0.0417141543999608 -0.194529585552429
0.00881597606802412 -0.002837607851725 -0.0247372394031868 0.17247750072192
0.00244075665448417 0.00203470574600628 -0.165443714977679 -0.0182326565500758
0.00181142331521902 -0.0059840213020485 -0.147294175011399 -0.413841699027811
0.028308268708242 -0.0186714433104476 0.33403803938216 -0.476400784398311
0.0363479403649058 0.013003636545713 0.768742701653153 0.0843685417263142
-0.0208466933515179 0.00581037718349648 0.335662697252827 0.789774605524692
-0.0108341914339429 -0.0197977658782218 -0.281637712401369 0.557997729079338
0.000554767048577689 -0.0193042220648288 0.00785682996624385 0.114436232198573
0.00541765092318793 -0.00655486988360895 0.472617564507877 -0.383508997843254
0.0139151331272801 -0.0170347254891816 0.056754939506115 -0.898442133451132
0.0180850451902571 -0.0234812259317198 -0.731193085877061 -0.456989161947261
-0.00458153635226587 -0.0297835906527026 -0.569432908318281 0.377366393756436
-0.0241567921710038 0.00137395384436335 0.0244789417779669 0.45136798933818
0.00948238623317028 0.0233073572436995 0.167477740577815 0.102629300530673
0.0266665673747439 0.0119155180583344 0.0215350164400842 -0.187430744726645
0.00149458067537139 -0.00401978329853398 -0.0268388689770089 0.172534779172462
-0.00678307384005854 -0.000768038498707189 -0.167270543337202 -0.0237067998167203
-0.000978111277160588 -0.0117451500890517 -0.137834669878892 -0.420137973225715
0.0323820325416536 -0.0252441722758548 0.348268342743388 -0.469123257297887
0.0382597070465537 0.0110455220561194 0.77096176305021 0.101377623428812
-0.02603252783693 0.00383428598644476 0.319307667033019 0.793251311848652
-0.014136532977409 -0.0284288692528656 -0.287206604307235 0.546297818257176
0.000470046235973704 -0.0278560676235729 0.0195019878554574 0.10681362847329
0.00208808780997846 -0.0135455135918383 0.474133962829612 -0.399346194022991
0.00878859681645001 -0.0198749960402671 0.0400960161324147 -0.900317908990071
0.0206997248365223 -0.0253083211522246 -0.737240473833322 -0.438536775843036
0.00147353732233619 -0.0346520066876275 -0.555688620023158 0.388952800291065
-0.0261095953052805 -0.00501608124084227 0.0324287454586069 0.450196493581616
0.00119035963394102 0.0182144631609811 0.167582356652625 0.0986901917610799
0.0196936529991886 0.00821669387808585 0.020074578994111 -0.189906931169305
-0.00716642519779216 -0.00400515906287375 -0.025454719090498 0.170232806655938
-0.0162900816267578 -0.00490035179632157 -0.166779322185654 -0.033405206271073
-0.00451964954899056 -0.0190582179754851 -0.124102750584611 -0.42658985338443
0.0381186724981915 -0.0327404054698803 0.373480661484006 -0.452860138728246
0.0413389908599982 0.0117454868449277 0.771416158786326 0.13480404782903
-0.0302512782698065 0.00563042494320923 0.284921870807184 0.804434932217762
-0.0201985934382856 -0.0316420231041183 -0.303226263856733 0.531283618595217
-0.00353944895807903 -0.0329540925157264 0.0280160851495348 0.0958565472814224
-0.00432652397398485 -0.0161092201740978 0.46549704452859 -0.420184756354014
0.00454702427869856 -0.0171655239444864 -0.000714139939559544 -0.901407083231842
0.0241347773926644 -0.0260664514801995 -0.751196773542376 -0.402889573167365
0.00654102116738939 -0.0413304510055617 -0.531946512228547 0.412254616267154
-0.0277365461601299 -0.0107606438572647 0.0477409523899839 0.450410253916118
-0.00679270368701721 0.0128464056945837 0.169139367894806 0.090754621243946
0.0115898211102495 0.0063982384516786 0.0191817695176729 -0.191418988632338
-0.0151361818706841 -0.00394810905030194 -0.0241383898064654 0.166785199458096
-0.0247335644144615 -0.00951629135349598 -0.164534430555049 -0.0458026417344214
-0.00724706205734541 -0.0264453269200205 -0.102976707450349 -0.434264261882885
0.0444056875367866 -0.0392432374577178 0.402740546074361 -0.431426957489321
0.045861119384221 0.014459456868678 0.768650973373121 0.181378196105013
-0.0328199993127881 0.0105658440377922 0.235422451693974 0.820915184075323
-0.0264144619363765 -0.0309159706275031 -0.326979415772683 0.509808759395348
-0.00993811989334911 -0.0328460892813626 0.0363855018755982 0.0833017562517632
-0.0117166606826538 -0.0129301937207773 0.449821656519741 -0.444686025566676
0.00184567816370623 -0.0112081358094371 -0.0578707400040854 -0.898106304190701
0.0285595305204012 -0.0260077982829085 -0.769867315345332 -0.35129355468549
0.00892214971263148 -0.0481885260886391 -0.503807498932069 0.441994705329236
-0.0299145235165998 -0.017319465425727 0.0680178658681326 0.447581254447967
-0.0139078348500137 0.00889567834538049 0.173615195063631 0.083170007434871
0.0027723031845435 0.00508458239770304 0.0220892908876249 -0.191140158843273
-0.0216245861845941 -0.00367592173613493 -0.0189470848914919 0.163001813552374
-0.0301055369655298 -0.0131803598506821 -0.159237705621349 -0.0577072959463863
-0.0084951280383251 -0.0341174493370048 -0.0778914368534049 -0.437952924286567
0.0506942991635156 -0.0444070586438668 0.438239201768105 -0.405027666871947
0.0500553816119955 0.0201851095269136 0.759230377698726 0.237677405547531
-0.0350326611171941 0.0179624819600061 0.179139734873351 0.838523211703394
-0.0312947563624177 -0.0261029947894661 -0.354337418456102 0.493273264358834
-0.0171514247781091 -0.0288904151400171 0.041414896511106 0.0708465527877365
-0.0184509834284741 -0.00573464909459441 0.42594841492034 -0.471560327587454
0.00125338972788942 -0.00126619538902652 -0.121869129788217 -0.886138171998457
0.0312790086643096 -0.0261471491492093 -0.790740493421643 -0.291290372364466
0.00910514864930189 -0.0544659595928819 -0.471046007651117 0.47279789522905
-0.0327122820171726 -0.020899029073156 0.0921448751828913 0.445732918880168
-0.0191600198568886 0.00599075441782372 0.179666295343783 0.0722663671158091
-0.00319522050231578 0.00532908331917116 0.0255140083853102 -0.19144377499542
-0.0259882781371918 -0.00211605359817675 -0.013308986284358 0.159436805841764
-0.0321844000918586 -0.0161375444354882 -0.153169669259825 -0.0694433847562201
-0.00817593642163893 -0.0378239897937589 -0.0539101387251152 -0.440176638211525
0.0550356489747075 -0.0483472528682768 0.466369295047131 -0.375679592977732
0.0531686793898463 0.0287253676253631 0.744256301954605 0.290996865856955
-0.0361902270391345 0.0279988857247509 0.121714749431147 0.856291899679727
-0.0373147959306432 -0.0167661413954318 -0.383519746348012 0.471954342489062
-0.0253180444587206 -0.0202982055749573 0.0431186579735878 0.0610522521786824
-0.0230324576291256 0.00577019860944701 0.398580201164718 -0.491540864261575
0.00453002934067388 0.00875029676772341 -0.183752580908534 -0.871514061396792
0.0344326519099966 -0.0254068439121696 -0.805539439167198 -0.234402383190057
0.00627701253193811 -0.0588109714965627 -0.43847685499973 0.504136017672051
-0.0351914289137988 -0.0231584189368126 0.116358982303428 0.441233605809055
-0.0215099170582617 0.00599021441051048 0.18645878789109 0.0633087175630178
-0.0084688073554673 0.00736356225989404 0.0316879126353407 -0.190237899108199
-0.0260948825279013 -0.000410777114151084 -0.00582415052945477 0.157697714154806
-0.0304349961108174 -0.0171874513560862 -0.145894190599395 -0.0763427510281146
-0.00767887971433558 -0.0406010461151726 -0.0335259840011915 -0.439071926940305
0.0559157185739081 -0.0482464388932497 0.487349262014093 -0.348972236573535
0.0549367020761478 0.0361709606036261 0.729206872710273 0.336003682503585
-0.0348375433503461 0.0378590333338605 0.0704343907585522 0.874359110402398
-0.0412515852534722 -0.00532493183341526 -0.409522542140828 0.459996724906237
-0.0326013651956462 -0.00968048803389226 0.0405734585113064 0.0557098859629737
-0.0252685888058554 0.01878120909008 0.374481241708183 -0.504605914795443
0.0100153224335342 0.0179918079051945 -0.230960379679553 -0.854456989852678
0.0368297107877876 -0.0244175881549257 -0.815977745455804 -0.18868905307612
0.00267488729800171 -0.0604091576095084 -0.411119479274096 0.526257264707446
-0.036153399799178 -0.0230322255575369 0.136856966389592 0.439282020942722
-0.0207865933480825 0.00753901634341691 0.192937336075209 0.055669168592976
-0.00855822710356921 0.0097377220870109 0.0372371290119051 -0.190347698856362
-0.0242162565187529 0.00226219442562431 0.000723551267459502 0.157743719928087
-0.0254913776454771 -0.014470263896383 -0.140091009468569 -0.0789650014562252
-0.00507111219716718 -0.0388064146168619 -0.0207154651694211 -0.435477143146506
0.0531205030224518 -0.0447942589758349 0.498364858153106 -0.329842737140076
0.055559619321337 0.0424675708618966 0.714476264838598 0.36273287333013
-0.0320588204751091 0.0467887472913351 0.0320450022252682 0.883436729548456
-0.0450659468283462 0.0067081933978722 -0.42790548848276 0.453976699670694
-0.0380203432710581 0.00190828338870389 0.034659486687564 0.0536078945029979
-0.023668498154772 0.0310273191918343 0.355592578092897 -0.509817113897312
0.0166688749956821 0.0259533253220975 -0.260917282933623 -0.839647934181766
0.0373600241192986 -0.0219860275100726 -0.821589628527234 -0.158862007158349
-0.00188033402505445 -0.0588309471224651 -0.394027219746057 0.539460342780645
-0.0353134977973833 -0.0215114935449884 0.149780370200516 0.435916903838425
-0.0171107494610089 0.0106325205060847 0.197668897201004 0.0504768666957604
-0.0059257027548895 0.0120579206395863 0.042817219828867 -0.191898099201782
0.00789005686832974 -0.00295205327386428 -0.0260266150045862 0.170369399022
0.00275026951501757 0.00223282693927578 -0.164440192110927 -0.0200120343308609
0.00172350712108298 -0.00556188382226858 -0.143857107990282 -0.411693565232675
0.027162762714636 -0.0181313981462338 0.33283787689115 -0.470777709962687
0.0365231090867572 0.0131728101533128 0.763010227697838 0.0885477642845908
-0.020686356698111 0.00539822808749977 0.329728938711425 0.786275505986979
-0.00995888224441818 -0.02018390194717 -0.282212905890837 0.551946734073936
0.000692551849387897 -0.0196641192652766 0.00720041079963179 0.113371150232203
0.00515771761312524 -0.00620948229990147 0.471212994385043 -0.375075635393221
0.0131593331120057 -0.0168022579582088 0.0617498469820008 -0.889737689623905
0.0175558263460718 -0.0235906516718233 -0.722510914596233 -0.456068966936415
-0.00445978763055837 -0.0293827541348438 -0.563070586502816 0.371874401199576
-0.0248290857510386 0.000865754610026484 0.0228373170247434 0.447802648092954
0.00945129755110011 0.0230792126486734 0.166079586581299 0.104356770024212
0.026021449126048 0.0108393584174436 0.0228611463085172 -0.185496983595475
0.000600290153633855 -0.00357234894941638 -0.0278343217014023 0.169745896727468
-0.00659547130685391 -0.000800410190353979 -0.165779210764405 -0.0253550730042272
-0.00145998760698285 -0.0116073898871058 -0.136933898649918 -0.416818877925747
0.0326475679808146 -0.0252657243669183 0.345807029047914 -0.462717204211823
0.0372468407875504 0.0107701371441421 0.764902324641061 0.103685604246362
-0.0263137273875693 0.00363597619281731 0.312446974352288 0.787752733432309
-0.014397247934801 -0.02777337256053 -0.288692534391718 0.539134224024258
0.00044991769459096 -0.0284421691676539 0.0174155426158654 0.105903342718626
0.00177234736599697 -0.0142349656685722 0.47234093342262 -0.390826180948871
0.00857894462633118 -0.0196571587226375 0.0440991828413291 -0.890862527446373
0.0203077719688416 -0.0251260799749181 -0.727516334937678 -0.437575605169459
0.00131520307460561 -0.0345576772359305 -0.551604675983287 0.383052398188244
-0.0258907335936855 -0.00484868608635917 0.0312925526245132 0.445165672996815
0.00224945013656842 0.0173452543395346 0.165670176207771 0.0993463769056534
0.0189638784783158 0.00785707656440401 0.0209165984174237 -0.18691072897925
-0.00728302937701504 -0.00479087071703537 -0.0259961941759465 0.167680531545983
-0.01674922820111 -0.00503560304199332 -0.165366927145649 -0.0344119394951513
-0.00530741208573178 -0.0183937077306578 -0.121787976332145 -0.424456507074036
0.03759004863919 -0.032716623197516 0.371427628124242 -0.448613149352986
0.0409868892144 0.0112017585730438 0.763887380171911 0.13650346726781
-0.0304585928293425 0.00490495211846167 0.278499197950949 0.7983485985751
-0.0201142257745384 -0.0316171260019101 -0.303689722217267 0.524021236544889
-0.00363111429257281 -0.0325666162718367 0.0274288003326345 0.0944062956519104
-0.00452213006130403 -0.016155138456114 0.464603411914027 -0.412898269028013
0.00383568685413154 -0.0174992270666262 0.00413994949410148 -0.892417738324594
0.02394989160374 -0.0262500349196008 -0.743551349815013 -0.400531618487398
0.0065445646052285 -0.0408116102906706 -0.530221523195765 0.406211434190004
-0.027605912487203 -0.0111521213154305 0.0451060135113955 0.444671451661692
-0.00629454688112302 0.0122598971728816 0.168192102964992 0.0916945097750955
0.0112536216121586 0.00620020440055279 0.0201693963031244 -0.188473817804207
-0.0156959542190366 -0.0042497364384862 -0.0248123532455315 0.164027532682201
-0.0241057628441904 -0.00942879133112383 -0.163019096499409 -0.0470454689331497
-0.00830818745532445 -0.0260514816976377 -0.102375770389043 -0.430766288224738
0.0438092200391363 -0.0395626924060723 0.402276206015761 -0.426581933250392
0.0456386310360886 0.0145679158463591 0.761152947881834 0.183716495968291
-0.0332573572825102 0.0104868468708364 0.229468887250562 0.81490167181884
-0.0264934453183255 -0.0302008479035315 -0.326626406521782 0.504896600813585
-0.00900731944972867 -0.0326295299411821 0.0351876573020365 0.082228781482286
-0.0116620394595179 -0.0131581583464171 0.447742941063638 -0.436970950106709
0.00082474530849861 -0.0113384490021154 -0.0496306554954883 -0.88802010539475
0.0274684138368679 -0.0260223104428838 -0.760270013925723 -0.3521888220788
0.00921627828271165 -0.0482020558146958 -0.501407910868657 0.436441948133243
-0.0296591280463888 -0.01693831195864 0.0660501808252583 0.445493168714277
-0.0131947178486795 0.00840539893465623 0.171741097635992 0.0836098076408776
0.00298286855847396 0.00494364601915994 0.0234334380238101 -0.188614311028068
-0.0218313052056057 -0.00353114919070191 -0.0192484227191352 0.161024200558801
-0.0297812996523499 -0.0130991568297276 -0.157841117551494 -0.0593599678293014
-0.00843494347580289 -0.0328939336398193 -0.0765520061891002 -0.435513346200525
0.0496575819136948 -0.0446793103058961 0.434554725564114 -0.398841001622631
0.0495549059673381 0.020042524459943 0.752153555710843 0.239343727866602
-0.035083262421115 0.0176746267603001 0.173079304296797 0.832951209846094
-0.0316538843883021 -0.0253332392727592 -0.354279921116558 0.484571950985457
-0.0169485817779712 -0.0289746544986598 0.0400654628967926 0.0703921953232974
-0.0179925250999882 -0.00583270156635746 0.425314095733842 -0.463598579577347
0.00108367860794417 -0.0015244466960331 -0.11550033740686 -0.88018432839433
0.0310614878313698 -0.0259614113883458 -0.781862908058294 -0.294765692756504
0.0098943879137691 -0.0534727463300366 -0.468355071679588 0.466719653127933
-0.0315240000418627 -0.0207885710826859 0.0904793985048073 0.441986233677632
-0.018809540385194 0.00604088303609096 0.17749575062732 0.0737913662521742
-0.00344614630967663 0.0051606862259408 0.0267289839538732 -0.189140217290307
-0.0261400543809578 -0.00189426973944762 -0.0144984906399487 0.156891612685886
-0.0321198601904479 -0.0159196906820114 -0.151919147055294 -0.0706835810211756
-0.00853989613759935 -0.0372915566914927 -0.0532891035835873 -0.437210017870429
0.0530940258446727 -0.0479515318422902 0.463297009297237 -0.369653359778399
0.0531158487471736 0.0283908352315681 0.738151260916415 0.293463491085376
-0.0357231140191911 0.0278843404369531 0.11661626704307 0.850839949688222
-0.037199096245581 -0.0168825966954801 -0.383210583812491 0.465932207297025
-0.0248664580058371 -0.0202627032688285 0.0411820008998418 0.0602158863152043
-0.0228796398237608 0.00545092960206447 0.397636044121838 -0.483953491489551
0.0038369410491695 0.00871380018359152 -0.175471837256209 -0.863568331845024
0.0344377461585031 -0.0250121937268982 -0.7968556627283 -0.23574806874131
0.00729067927925899 -0.0584874808882509 -0.434809747143434 0.497916723679063
-0.0347579803782096 -0.0229067181793714 0.114211790792897 0.439367678391846
-0.0215883011008729 0.00557596005309648 0.183892552358585 0.064837485105458
-0.00823741605714251 0.00638312223640769 0.0323605127648951 -0.187806630959018
-0.0272052795903508 -0.000466218287361387 -0.00691783147200982 0.155333664269013
-0.0300630415258919 -0.0166794899715595 -0.144713504714471 -0.0772385835260726
-0.00703920637764387 -0.0393919422957142 -0.0329606088995591 -0.435960152133781
0.0553595011713774 -0.0474853893208197 0.483624096991046 -0.345038359374705
0.0546798330015104 0.0354718034268048 0.721654513558775 0.335080541885678
-0.0354657120343431 0.037318135940875 0.0653147443385604 0.867242391744303
-0.0418014419843722 -0.00524538222526278 -0.407250317762673 0.452539865583803
-0.0324668100684461 -0.00957744659138517 0.0389474698922333 0.0546754871837717
-0.0247763947394211 0.0188685967022531 0.372487685784968 -0.497695955791554
0.00914041042088955 0.0184084696297903 -0.225190174416766 -0.848881260620005
0.0364515012529746 -0.024088066626073 -0.807010075784898 -0.190737762690502
0.0028538791823196 -0.0601714961112608 -0.408876718080679 0.520858244238979
-0.0363521013749893 -0.02340307578473 0.133531147164013 0.435106931417522
-0.0203333843529232 0.00712083371043483 0.190639988576508 0.0569799336851759
-0.00851031345409351 0.00867424194608965 0.0378596398857293 -0.188364460165175
-0.0237864688718173 0.00199557649095521 -0.000536648837215418 0.155620949310001
-0.0256097807287718 -0.0143781509042122 -0.138875013952614 -0.079369928974385
-0.00543491021129085 -0.0380470320270795 -0.0205894734407621 -0.433199385910547
0.0522923775773529 -0.0448175368261494 0.494074230304653 -0.32531643729569
0.0551815435154131 0.04187410064662 0.70562410370667 0.36524140200323
-0.0324207930767573 0.0461282735325687 0.0310625398542837 0.878409994086165
-0.0447976403213103 0.00614299701063183 -0.426777148459856 0.448003097208282
-0.0375085014326103 0.00197970511579342 0.0339842287051803 0.0530172739559504
-0.0237807537814265 0.0316707422473878 0.354827848028552 -0.50209609642216
0.0160242137143063 0.0257714240607608 -0.253639107034497 -0.83422069011438
0.0368687869228481 -0.0213961819684107 -0.812879105282298 -0.160881288253895
-0.00142856344507208 -0.0584138369008639 -0.392310506961545 0.532345635008905
-0.0354713457208769 -0.0211968266032352 0.146061564270859 0.432563443226514
-0.0161755728166723 0.00946072953821805 0.194862703369963 0.0520619454813128
-0.00580817492119355 0.0108388660454013 0.043734285051959 -0.189624425692205
0.00729236331411568 -0.00281480539731209 -0.0264384145920355 0.167781144111862
0.00234084184930587 0.00229723494150051 -0.163509738093063 -0.0224593006905844
0.00168194357255667 -0.00520284534680618 -0.142279643805164 -0.410315002008519
0.0268626412615973 -0.0192693575502514 0.332065675810297 -0.463889240719365
0.0360417778240232 0.0120868691159448 0.75707107611227 0.0924731609146415
-0.0207995715592083 0.00559656854980781 0.32218600473231 0.783559447755088
-0.0102871781145437 -0.0195159341815741 -0.285222543692159 0.545195131030566
0.000833274374564745 -0.019451878184294 0.00534403826018211 0.112248842845223
0.00474067129187616 -0.00633242141140927 0.470284144215123 -0.368699020435091
0.0130014365511275 -0.0166526874669283 0.0670086031518562 -0.882031392422083
0.0180099672356136 -0.0234758349051731 -0.713806938566138 -0.458879680042185
-0.00427600874240623 -0.0299226551008311 -0.561910222322195 0.365722278870713
-0.0248643593262246 0.000538878598776823 0.0203024061913651 0.445777991641014
0.00960456551059341 0.0221906128727943 0.1635687935745 0.105130747965868
0.0254117274017608 0.00984709878179507 0.0244472242123344 -0.183104254208806
-0.00035255417445566 -0.00419329893477812 -0.0287563412374491 0.167359970194813
-0.00715273121194052 -0.00154225621236546 -0.165812019729269 -0.0272143836089297
-0.00212920597719911 -0.0108345769942819 -0.133851737039489 -0.415790041826354
0.031307632501663 -0.0252968145304513 0.346471818286785 -0.459144995872867
0.0379188931217518 0.0103238339694327 0.758337480188894 0.106587385220645
-0.0264472732704663 0.00336882128773578 0.30579244493916 0.785323909571957
-0.0152000521383579 -0.0284365295033502 -0.290709227084065 0.533828730080326
0.00121156425300021 -0.0275900763474746 0.0159388157014709 0.104708200975121
0.00167210299743376 -0.0139857501589096 0.473059981214545 -0.383885621502135
0.00806999264038784 -0.0193527157317725 0.0510152260289264 -0.883575254541546
0.0204293200049978 -0.0248667201244905 -0.719274122641182 -0.441727273296589
0.00166519407295775 -0.0344111043515439 -0.549466488993942 0.376881809580501
-0.0254167323764367 -0.00450636661381016 0.0273742274203202 0.442859709109983
0.00176560660397774 0.0167687585907821 0.163844404338406 0.100604317646329
0.0186126249129291 0.0075615551288246 0.0231265436398362 -0.185050115365818
-0.00775761004477324 -0.00405404002631365 -0.0274554538069309 0.16493414646224
-0.0161916712428755 -0.00487761375723303 -0.164255867874824 -0.0366931686171441
-0.00541940664466539 -0.0173556486628779 -0.118866865848048 -0.421355685342225
0.0366189142600609 -0.0325843509849456 0.370634126033524 -0.442856365196557
0.0413037544136117 0.010745557060341 0.759013486136132 0.142322081255039
-0.0305287740888044 0.00476894903094095 0.27212874177093 0.795829550143843
-0.0201512452920108 -0.0310061495279726 -0.304783909986315 0.517836950159565
-0.00298538104682211 -0.032313282920623 0.0261975965794091 0.0932305310144909
-0.00447496658725864 -0.0162207838197149 0.46257148581005 -0.406133513803369
0.00367444516744412 -0.0172798245221578 0.0121007349664866 -0.886571745468783
0.0237374857927879 -0.0259485248161438 -0.73286122705779 -0.404365961344661
0.00689809003483038 -0.0409474812366163 -0.5283375339217 0.399715889871806
-0.0275886163194118 -0.0110729836399637 0.0430024619477167 0.442665370469305
-0.00613461302103274 0.0118158177927516 0.165970789772437 0.0936368653709678
0.0112509592401156 0.00477160016618758 0.0217517102786302 -0.186696946632559
-0.0156928756450466 -0.0041227393088276 -0.025859368846966 0.162432465958603
-0.0251974296290933 -0.00961658613309105 -0.162084736954715 -0.0484282027017851
-0.00731214169572272 -0.0252049118962383 -0.100214489006192 -0.429266324001201
0.043717063505824 -0.0399049241870022 0.400795133505276 -0.420985151874232
0.0453040824408523 0.0141874729414961 0.755182643108106 0.187227942092003
-0.0333314451320165 0.00947721213394184 0.223500909184453 0.812116384105833
-0.0264327768237628 -0.0303681403267133 -0.328170986633781 0.497317567481374
-0.00870348366040108 -0.0322169839370396 0.0338939373802707 0.0811131289915826
-0.0119843741827291 -0.0133231838091292 0.448710114957998 -0.42964647970549
0.00153978226940838 -0.0106161773620842 -0.0442208091187381 -0.882114192555524
0.0278277383642002 -0.0257596268212574 -0.751259106135957 -0.35301308466327
0.0100095326264935 -0.0471955265275442 -0.499531045383126 0.430483669909777
-0.0290291646547093 -0.0168646711295009 0.0638156013113114 0.441028817453638
-0.0131155212269694 0.00742586773037409 0.17019558565489 0.0849595728808506
0.00265970035038549 0.00373500798806865 0.0251645031667557 -0.186688615122125
-0.0220427199637893 -0.00377399902690669 -0.0207803396367938 0.158399756462544
-0.0299575702744762 -0.0137057477277808 -0.156678953111313 -0.0605467704008938
-0.00898236118640224 -0.0323017547472073 -0.0740853072810988 -0.4325838824182
0.0493080795627402 -0.0437578252580475 0.433318422380382 -0.394418867501986
0.0491779559828228 0.0201167878774927 0.744228632876649 0.243000585039204
-0.03535417879692 0.0167737106447161 0.167303379248216 0.829834782890043
-0.0313305542166119 -0.0257137768086424 -0.354354827602488 0.479160442698741
-0.0166579474915161 -0.0283535968526336 0.0381447359270858 0.0699081639718821
-0.0186718434446404 -0.00617085181171702 0.423885835247859 -0.456624744992809
0.00102203437731421 -0.00230093383824985 -0.106936643972925 -0.873812585051506
0.0312269239744997 -0.0259944207542256 -0.773385912509521 -0.297267003823286
0.00980985348042243 -0.05408427941095 -0.470394518904503 0.461286948155597
-0.0313311947661208 -0.021464279096333 0.088103574640819 0.438704046604919
-0.0182100252167159 0.00584704636635832 0.175835869530615 0.0752649821497455
-0.00354938691469263 0.0043450710707014 0.0281992799518459 -0.187258354010369
-0.026748656599701 -0.00237075609019645 -0.0154274261304303 0.154708389508541
-0.0316682384429944 -0.017056625765404 -0.150730231925468 -0.071598815734483
-0.00887407361415743 -0.0370084563297942 -0.0517879715644946 -0.434806997407176
0.0534708750437176 -0.0479818799881156 0.461887742121467 -0.365846909497536
0.052859644485893 0.0276232226211583 0.731275353400937 0.296391715750041
-0.0361660754407159 0.027203777058238 0.110005015146326 0.847003213833429
-0.0373603064977125 -0.0171048474548748 -0.383401015063037 0.45986368869062
-0.0244523461033693 -0.020532256955012 0.0408416088930668 0.059979577679227
-0.0227372260138572 0.00514578070700841 0.39851003735714 -0.477747731393868
0.00325442272867287 0.00889911856348891 -0.167812040913215 -0.859584342144289
0.0339197634773696 -0.024267253935845 -0.789342576139287 -0.238900774560828
0.00645360005748425 -0.0585503015173457 -0.435656711446018 0.492184563173674
-0.0343885834296153 -0.0234700643286691 0.112482237478962 0.436023717299887
-0.0198923044514171 0.00492176311798572 0.18217693197366 0.0662357531238215
-0.00867296858275794 0.00556886588433394 0.0343963086721338 -0.185801696756384
-0.0273597790151769 -0.000911053742650684 -0.00786770704870698 0.152262831686825
-0.0298263675473537 -0.0167964130494482 -0.144287256984248 -0.0789027422263919
-0.00738076112099043 -0.0390441690821218 -0.0325135490676841 -0.432719010595299
0.0548635895964421 -0.0477615134277846 0.482599707109523 -0.339568747175084
0.0546349596160645 0.034757997678347 0.715363896438299 0.337361922030035
-0.0352495973470959 0.0373156869819285 0.0615403418966616 0.862075975748082
-0.0421560666808156 -0.00542747727266505 -0.408058167048011 0.445519785283139
-0.0323497522019996 -0.00990183381363961 0.0372177162999356 0.0540677241928022
-0.0252884684011061 0.0181225476336861 0.373287555069211 -0.489803125645151
0.00886799797117981 0.0181205494064412 -0.21604643652293 -0.844213230258121
0.0359175889535137 -0.0232482810112205 -0.800892071912046 -0.196276068647179
0.00331364778584749 -0.0595279784900344 -0.408173983547826 0.514453990448564
-0.0356301127435787 -0.0233810054744946 0.131755451861957 0.433246421079754
-0.0200088693544678 0.00632791480424762 0.188848321835638 0.0584905427116604
-0.00928585001092584 0.00753427519659826 0.0394451741497016 -0.186418593184726
-0.0242443319415668 0.00205745153928924 -0.00175716518134773 0.153028077160302
-0.0255102496307111 -0.0147555764992156 -0.137897419437498 -0.0809315867884374
-0.00544072129493987 -0.0373789605538039 -0.0191613560672949 -0.428418119513226
0.0517442322656431 -0.0449651019055595 0.492293535065625 -0.320925751748961
0.054560496192898 0.0414320240503009 0.698927478619589 0.365895810353406
-0.0328861908211998 0.0454698492626212 0.0251839130121477 0.873484835193196
-0.0452818768991817 0.00664199955303833 -0.428488614706814 0.440242880551649
-0.0369393776499896 0.00135914573349585 0.0322014915932195 0.052358199334903
-0.0241681844432723 0.0303164371231852 0.357754601344473 -0.495458945064377
0.0152104031484214 0.0252104173373734 -0.24731830725994 -0.826413466905708
0.03628584688552 -0.0210610206708337 -0.806408109405635 -0.166725148369864
-0.00143770633219984 -0.0580383689557603 -0.392352096091465 0.526032213021779
-0.0346359056918595 -0.0210448929331581 0.144449630222636 0.430396675634977
-0.0157180424429358 0.00905581423236119 0.194108406646711 0.0537544431386151
-0.00643029638999679 0.0110822025007627 0.044571168372419 -0.187616385488034
0.00665659899130932 -0.00288188766963203 -0.0283507712249515 0.165714570616155
0.00161632738139533 0.00214529333108681 -0.162343548223247 -0.0235168664582777
0.00151715675671779 -0.00460302505550893 -0.140793287005957 -0.409787798268417
0.0259495303664992 -0.0191069237714697 0.333106406382232 -0.461457166357414
0.0359701128137113 0.011648454632974 0.752541711774891 0.0985527312830681
-0.0211195637987774 0.00571070625046599 0.316388880214491 0.783307406720796
-0.0104438839291722 -0.0195774524629343 -0.288199271327823 0.540910860799423
0.00141537064108484 -0.0189730726379523 0.00449811256020716 0.111450847889135
0.00430682359613423 -0.00669158517576515 0.471226961417914 -0.362910286899602
0.0124672780456746 -0.0161900144701632 0.0769869017553836 -0.877815632853206
0.017354510059582 -0.0232078062539287 -0.705673341149669 -0.464269036454591
-0.00422978655825041 -0.0299046746815751 -0.561894806262337 0.360012109026271
-0.0245554394513763 0.000722525141461473 0.0171361794053468 0.442548972208979
0.00981382746819441 0.02118108204241 0.162925594549674 0.107182996603798
0.0251137677201605 0.0101891518227501 0.0264727634676183 -0.181453009918739
-0.000675395090578991 -0.00402219362165361 -0.029752132021299 0.165807103214559
-0.00736407644219323 -0.00176763401733525 -0.164374296837006 -0.0296414832681091
-0.0019897839191859 -0.010371656608061 -0.134157327565401 -0.414297653776853
0.0308672387868009 -0.0257289794594354 0.34637431648405 -0.454116891683611
0.0375961438227903 0.010279807135036 0.755336269080698 0.111743629907759
-0.0265079285611289 0.00318244435864731 0.298683507857553 0.78460476749515
-0.0150481920988875 -0.0278276899367329 -0.294716850077639 0.528277366692445
0.000893149253095538 -0.0277690496686165 0.0144326146875241 0.103529445677382
0.001331991147235 -0.0134505857770015 0.473237257039997 -0.377448040324102
0.00800372500932232 -0.0189612017426288 0.0582877643903994 -0.879386752630147
0.0205689747438215 -0.0246432524069694 -0.712264809910774 -0.446167407422744
0.00189885023287115 -0.0341742357502154 -0.550425400570703 0.37111323819409
-0.0253112707025895 -0.00494612032233698 0.0246679354603752 0.44050896560626
0.00234246855093351 0.0164163602933858 0.162147449130673 0.102193302067863
0.0178739469443888 0.00695758169243702 0.0249852182087753 -0.18318934996215
-0.00803878508374893 -0.00462700481430278 -0.0281305114547276 0.163268209254634
-0.0166351539965277 -0.0056353318153367 -0.163790678972608 -0.0387451006016724
-0.00549836836817083 -0.0176512521914809 -0.117721918574991 -0.420501539716415
0.0362908746722377 -0.0324400872908537 0.371586866718901 -0.438449523036068
0.0411965119727584 0.0099249445035544 0.75307274948167 0.145385461606105
-0.0307010230194434 0.00550103696036891 0.265240379940213 0.794760193022503
-0.0204320690153526 -0.0318360153894174 -0.308777541904818 0.514296643510908
-0.0028344657260445 -0.0315912189319465 0.0240298884993184 0.093409887686672
-0.00444550095088769 -0.016181688379751 0.464587997754528 -0.399237257648581
0.00369929211643798 -0.0165121533165834 0.0184944686924529 -0.882872378511974
0.024062300156582 -0.0257551892236926 -0.727046771704243 -0.408255544751011
0.00719623622019524 -0.0404397262306082 -0.527650078920796 0.394357780993832
-0.0264939991551479 -0.0112365467539356 0.0404955675741543 0.441861528386895
-0.0061271019675032 0.0107130562198026 0.164587954288396 0.0952986661315443
0.0105134876963065 0.00446586053180034 0.0241433223466494 -0.184676822987643
-0.0161977264400301 -0.00487965164108503 -0.0271284299093339 0.160428523922956
-0.0247488748463324 -0.0096045761751339 -0.161790649045277 -0.0507057100984411
-0.00773546136481397 -0.0256659324789404 -0.0985924465467806 -0.425906688985113
0.042636786179111 -0.0391719395165225 0.402170998432539 -0.416408398698987
0.0456577278839855 0.0132635236298131 0.748650736637129 0.190454917640347
-0.033801143228378 0.0105033413107273 0.216101492718001 0.8099853760505
-0.0259237566573185 -0.0298186492193965 -0.332107016345717 0.492941128368639
-0.00927129947871417 -0.032613624042632 0.0328169374781356 0.0814347257638703
-0.0117267243332819 -0.0128941740612066 0.450951333919198 -0.424122427865185
0.000500275962169346 -0.0100251454658594 -0.0342463303189769 -0.879407670228328
0.0274425470119854 -0.0246570115052624 -0.745801542643216 -0.359452890374999
0.00984653991675505 -0.0469910746543845 -0.500551678877504 0.42525462648104
-0.0292462113516674 -0.0167212701056089 0.061859939693378 0.439483605493695
-0.0130109402643013 0.0061380634068631 0.169027315452287 0.0871362422750967
0.00282332528126837 0.0034634159657023 0.0269415151471582 -0.18474967457759
-0.0221192493706032 -0.00407902895610304 -0.0220716002414153 0.156310461614037
-0.0298812511537029 -0.0136332305905228 -0.156067746960349 -0.0622636139725183
-0.00892310517346473 -0.0320421381282922 -0.0714529843172481 -0.429830999121751
0.049307890999112 -0.0445270039779024 0.433436818410974 -0.389003348434553
0.048849331505763 0.019479063528786 0.739782123799341 0.248109457834004
-0.0357322813558066 0.0175314724383175 0.161675827912068 0.82767162228811
-0.0315731984985073 -0.0257581778268932 -0.357039760006968 0.472928200215652
-0.01606348649385 -0.0285013257823604 0.0377334498311496 0.0696704580070489
-0.0181913035627018 -0.00608600137175701 0.426041377928854 -0.450304186115216
0.000328245580053843 -0.00190795844577095 -0.0970232768795601 -0.872052849915512
0.0302100389741365 -0.0252451250896855 -0.766800132640478 -0.300006259487732
0.0101460760670104 -0.0538393510249113 -0.469175688630597 0.45679576737506
-0.0316016443995905 -0.021189041198375 0.0842107832414616 0.43719650231717
-0.0176524903256984 0.00453045419325609 0.174794156917112 0.0769107230912857
-0.00390352845827673 0.0033472365271306 0.0299980366820321 -0.185788460700791
-0.0269148893946894 -0.00282280600075281 -0.0162645116759163 0.152455176776693
-0.0318326756781512 -0.0166999800026443 -0.149382520811605 -0.0731295758751006
-0.00831091478905773 -0.0363103615725514 -0.049222158004712 -0.43389386104386
0.0532281474563614 -0.0473415658388145 0.461012586009828 -0.360554242762203
0.0520457013603189 0.0268611431548682 0.725120733481906 0.298975298084825
-0.0361872810429325 0.0272054546020233 0.104749999933075 0.845288547771589
-0.0375609764630823 -0.0165059749131438 -0.385231227953769 0.454485100476226
-0.0241898165556935 -0.0206744653673448 0.03898156143373 0.0599967199976043
-0.0238459277832041 0.00486074546507274 0.40125747821135 -0.47146924455947
0.00365069673153395 0.00843780328605635 -0.160278633036507 -0.856289326072308
0.034037726149539 -0.0247451135428566 -0.782751293461015 -0.245294813987606
0.0072495725289526 -0.0585040179024262 -0.437363465266195 0.487006652158455
-0.0340225504680837 -0.0237230268027889 0.107577812511522 0.435048141677925
-0.0204196937948758 0.00443524882703261 0.181212808401297 0.0677725713803793
-0.00887304173786142 0.00481878853826564 0.0357752736853867 -0.184026392253355
-0.0267497561098495 -0.00163001231557437 -0.00929060767349241 0.150680131933713
-0.0298710930618608 -0.0165035298342456 -0.143191782096701 -0.0801319478197347
-0.00754111586415689 -0.0384910528936901 -0.0308757516485567 -0.431108805314991
0.0542256770726753 -0.047113170693128 0.48082988823585 -0.334373184276241
0.0539216733526378 0.034859749094808 0.709738076779704 0.341961100998709
-0.0358103373558074 0.0362016559172551 0.0553952656259618 0.859139776526532
-0.041924662617633 -0.0056587576767205 -0.408851863077074 0.442093385903437
-0.0319820324812132 -0.0101111735320481 0.0366080871818464 0.0544668959504438
-0.0259558924114894 0.0175890231523701 0.376827394046613 -0.485295243844495
0.0085525552194739 0.0178275172752216 -0.207713874733469 -0.841213824080938
0.0361854027368399 -0.0228038000497231 -0.793972900877235 -0.202251351757111
0.00357436334096704 -0.0594907300536286 -0.411400489277816 0.508413599222318
-0.0354725329663626 -0.0228895949763207 0.129022125227727 0.431321447981932
-0.0198235077430084 0.00594734903408065 0.187770945924072 0.0602967490443566
-0.00993887231625366 0.00713513502622935 0.0412930252762764 -0.184184328207011
-0.0243574208217036 0.00163680651972414 -0.0039965977581663 0.151426636134431
-0.0258758286933776 -0.0147846948456778 -0.137253863558948 -0.082562637223832
-0.00555791964826934 -0.0364602614312701 -0.0173808492958513 -0.426380572582175
0.0513651402439918 -0.0447924245015884 0.490909658492888 -0.317168346472778
0.0536225088897864 0.0406998317506081 0.693199990549427 0.371694993282754
-0.033158713779951 0.0457645217389108 0.0183005245183918 0.869707891444788
-0.0453825920346955 0.00593002843497968 -0.430329538849224 0.435833897354615
-0.037114621252865 0.00106812918645598 0.0306966953934811 0.0527058238006451
-0.0249805196485443 0.0301551987214349 0.360892064641004 -0.490348551350034
0.0147991582923925 0.0255196087729086 -0.237536691903078 -0.826695822594485
0.0367426295081373 -0.0200240210679703 -0.799120349864714 -0.171883607848284
-0.00118191468827067 -0.0578276660573422 -0.392578637592005 0.520639325069687
-0.0342703970975909 -0.0211247531937138 0.140855562663196 0.428453314629292
-0.0155720291791258 0.00816298463347635 0.192868468947164 0.0557761524651769
-0.00661689704941257 0.010050021433151 0.046553873267875 -0.186121359633116
0.00617695608921957 -0.00326874642997074 -0.0290604827341064 0.164667500227592
0.00148301225640716 0.00239290427080999 -0.163355210088569 -0.0255658976894978
0.00043762444765336 -0.00426732182920408 -0.138238791510909 -0.408813965080672
0.0256363296036504 -0.0189027312973082 0.336242407214894 -0.459392107734347
0.0357041657832179 0.0112714410950242 0.749846982458977 0.102972408537373
-0.0217503441665658 0.00611052536822392 0.310165431707936 0.785915034133077
-0.0107302600836878 -0.0194434401816295 -0.292771851404396 0.534961387526468
0.00132980759990143 -0.0189633272150089 0.00198817872038012 0.110802884392701
0.00433503107067738 -0.00648547137351626 0.473497420791708 -0.35814476314615
0.0128871080070982 -0.0157378180813828 0.0832889260357046 -0.873669927942211
0.0172269331483431 -0.023653192280779 -0.702047007007428 -0.467697420353466
-0.00428514232854121 -0.0306813834695016 -0.564859412592454 0.356964037722717
-0.0244782640412644 0.000589127635790887 0.015041102017179 0.442444966667567
0.0100138194103735 0.0206309112537693 0.161184986049001 0.109170785363231
0.0244448244837172 0.00909236143607299 0.0282731232240553 -0.178791980904927
-0.00121469890881038 -0.00420661034248798 -0.0315592908570093 0.164050303870308
-0.00790486259166378 -0.00179763260391426 -0.164367936202817 -0.0313727706500356
-0.0023492528631663 -0.009866869362811 -0.129929159008463 -0.413656082024266
0.0303349097891975 -0.0249430825791417 0.348530465055745 -0.449374393576116
0.0375143642253621 0.00965751549170897 0.751943312609734 0.119795753130826
-0.0271525100515113 0.00346269401040358 0.294346588831815 0.787730495398812
-0.0149440358251258 -0.027528606137196 -0.298028722872205 0.524706396613041
0.00135607216844943 -0.02783386340723 0.0127577409290597 0.103724320904594
0.00157174183924177 -0.0135937994835005 0.475903697424525 -0.371458294008793
0.00771823880168963 -0.01829140735975 0.0672829106297231 -0.876215474798907
0.0198022151480299 -0.0245738737438096 -0.706794542714564 -0.450148671642435
0.00208570117728093 -0.0344663035116392 -0.550954501472358 0.366471980567877
-0.025581548421784 -0.00509758736279283 0.0224691958916077 0.43939753256419
0.00200303016702359 0.0158761051402928 0.161677191105753 0.104848822008304
0.0177792829278927 0.00674742457683603 0.0272505140717948 -0.18223883566435
-0.0088142875970226 -0.00509831429684669 -0.0302479665021727 0.161971568143106
-0.0168771616646979 -0.0057211806892909 -0.163657649501102 -0.0406902964688022
-0.00576939183063437 -0.0177135696827403 -0.117153089977277 -0.421134864437873
0.0361261177971478 -0.0325121272140626 0.372937212225836 -0.436358404139844
0.0410517824735532 0.0105165990816939 0.752207240374138 0.153839174980273
-0.0312378482726852 0.00468432728792839 0.259815257603553 0.796426611332146
-0.020116303789896 -0.0312939559533972 -0.312580801971981 0.509281341599188
-0.00263889964454502 -0.0317463320491904 0.0227365601038879 0.0928730799636777
-0.00513441495690006 -0.0161237686984679 0.46804960456651 -0.392390646922857
0.00312033556869007 -0.0169590536376329 0.0271918455657331 -0.879710536172841
0.0235208402804102 -0.025112763965061 -0.72257175030212 -0.412736688381177
0.00726907126011974 -0.0401823019529879 -0.530747068048344 0.388481817175655
-0.0272597389993635 -0.0115822097372588 0.0372839214958822 0.440329951727636
-0.00565575426254636 0.0101468620532465 0.163992373541827 0.0976288192761081
0.00969289010474158 0.00448861238765656 0.026554943164811 -0.183947599103817
-0.0166799475232498 -0.00470643284498309 -0.0288589452865219 0.158805464826286
-0.0247919820962482 -0.010465380558445 -0.160864189984102 -0.0522913798762879
-0.00794416694391565 -0.0245633799282359 -0.0960253891338472 -0.427227997487471
0.042511468528836 -0.039350177526779 0.402975902187608 -0.413674559638173
0.0450953812494362 0.0136877026191001 0.746459610670967 0.198777838176895
-0.0338997462748411 0.0100889270518815 0.210108799531937 0.810989607323552
-0.0259435470177598 -0.029990365709037 -0.33579403898571 0.489083832365782
-0.00865606820752353 -0.032282231919447 0.0304576364787417 0.0810905355719924
-0.0120700852916512 -0.0138639781764352 0.45300895763775 -0.416752051005236
0.000188429597088098 -0.0107101445684916 -0.0263279972151588 -0.876435849114178
0.0276937599360098 -0.0249439510559725 -0.740480469138294 -0.364014681081964
0.00995298614129879 -0.0473920807575733 -0.503823094824654 0.419985673838047
-0.0289011424551747 -0.0169615881531779 0.0591082202176224 0.439123267124648
-0.0123166358993595 0.00654384597423475 0.168077970485982 0.0882464221278441
0.0021662769304325 0.00292896984971634 0.0293263622789958 -0.183612938185024
-0.0229295987905954 -0.00398504266645962 -0.0236750017121571 0.155318277993974
-0.0293277145115499 -0.0138983763502712 -0.155422165582088 -0.0642087335967628
-0.00919345244753871 -0.0314348795662687 -0.0698418813209344 -0.430238033043519
0.0480537017947027 -0.0445820158069663 0.434494506086597 -0.385424748270897
0.0490307675860575 0.0191669005913712 0.735400650693807 0.251835351836951
-0.0354429255561827 0.0172204178872479 0.156014819697939 0.828426170559296
-0.031963088392607 -0.0259591375586675 -0.361411476536465 0.46898821435477
-0.0158427801977824 -0.0286875458592046 0.035649758266903 0.069785574713823
-0.0188583053707215 -0.00661433451805905 0.429472949776365 -0.444679408271407
3.11017720463422E-05 -0.00207700333944194 -0.091105366921732 -0.868378860648619
0.0308945163257387 -0.025181568443652 -0.763386443943681 -0.30677670212022
0.00965307464260953 -0.0535674196807783 -0.471225821871423 0.453306042885314
-0.0313358214049666 -0.0209292511232207 0.0826530461774578 0.437001492585156
-0.0172472926331969 0.00392250123425207 0.173940979963533 0.0794410926910159
-0.00412839022405491 0.00295504126342447 0.0326713559903991 -0.184383310539292
-0.0269657218454007 -0.00307564269942143 -0.0185172529444235 0.150862079494037
-0.0315825501179599 -0.0168324196277471 -0.148780521212555 -0.0750991203437725
-0.00824796892259013 -0.0359408234565238 -0.0473616286619309 -0.432351320652803
0.0528614996926324 -0.0473450457793909 0.463147440084544 -0.356311577012872
0.0519506948198412 0.0268236675442408 0.721643274989192 0.304093717637014
-0.0364494770307251 0.0267083215457089 0.0986980087862692 0.844580342290661
-0.0364577155041867 -0.0167809492230948 -0.389922405901955 0.450053628401656
-0.0244114296523089 -0.0209486088373973 0.0373309220765728 0.059530091656347
-0.0239785454660137 0.00447667456954462 0.404688120397713 -0.466110694146275
0.00267482585090315 0.00839713400859322 -0.15104287763887 -0.855618584139662
0.0339112626436704 -0.0243066803179394 -0.779495144027467 -0.25147021004392
0.00779644511987727 -0.0578374335658454 -0.439149834485179 0.481817768892466
-0.0335969209389403 -0.02369377403255 0.105788800553846 0.434202528127064
-0.0202807030873017 0.00310819261006934 0.180354071563246 0.0701475045763134
-0.00907628761799982 0.00448572854748952 0.0382583840345286 -0.182873754768421
-0.0284135280765618 -0.00166267642592447 -0.0108806998320591 0.148943758830488
-0.0302184817793469 -0.0173640179626591 -0.142630701196661 -0.0816711242495777
-0.00716392204371203 -0.0374121833898386 -0.0284431332310064 -0.430149426921288
0.0531306893818232 -0.0463657676765066 0.482166164536033 -0.33038442916471
0.0534648107610416 0.0348332672194005 0.704454692531135 0.346613547262
-0.0360344977980509 0.0365525393311653 0.0500976971265117 0.858551425582687
-0.0419077805902611 -0.00594736283595458 -0.412622560239974 0.436885226283895
-0.0316536601303554 -0.0100998203951962 0.0347392280079557 0.0535503212402688
-0.0259853372973835 0.0175588538695562 0.380762052009537 -0.480323944150852
0.00783068176069938 0.0181734020755947 -0.198888687993562 -0.841678045062326
0.0357471949300464 -0.0226011680749554 -0.79091060112225 -0.208024124014889
0.00394277458684156 -0.0592897927635622 -0.413843834712221 0.505004781070387
-0.0352111935152129 -0.0234585774808292 0.125597854639938 0.43197681605556
-0.0192533401780286 0.00520504268996663 0.187001762179016 0.0637994070419952
-0.00966802853114236 0.00653312864262853 0.0431156535648273 -0.182790875101871
-0.0258399623637796 0.000953138710287134 -0.00491628152781242 0.149485662480843
-0.0252350171332487 -0.0149138228378398 -0.137182001266341 -0.0844356070862465
-0.00542748816241584 -0.0360210250891086 -0.0165771054663153 -0.426023907861109
0.0508812666762399 -0.0440506822914616 0.491830334679818 -0.31164924906137
0.0531170638234541 0.0402218972639248 0.687974598445808 0.375808965577799
-0.0344382269933268 0.0452135424022884 0.011004693940259 0.867253081957681
-0.0451917424754515 0.00492220751059057 -0.43325496646399 0.43064662839895
-0.0370967780087885 0.000924225521783827 0.0297724008879348 0.0522194693748765
-0.0248264637047562 0.0299435661758574 0.362413219430532 -0.483441994830695
0.0141858051950317 0.025600369982011 -0.229631608225531 -0.827849051217403
0.0365446378931668 -0.0206571106377142 -0.797413518895642 -0.179243723244926
-5.09764213722542E-05 -0.0579909198873867 -0.396268240981413 0.515796626296934
-0.0343834921318391 -0.02161086281488 0.138070643153789 0.4289488015784
-0.0157215591484487 0.00769096179602227 0.192094943526267 0.0584339010402248
-0.00693877736899554 0.0099469881088048 0.0483506758643212 -0.185143299675097
0.00606413983578826 -0.00301967783953892 -0.0319656824078243 0.162941031187707
0.000864027660205185 0.00190532951123181 -0.163309606001256 -0.0280438336540473
0.000909399746369 -0.003591787563007 -0.13578439515792 -0.410520308794593
0.0252001965546056 -0.0189665024594394 0.337288181938894 -0.455980549926345
0.0358078219544747 0.010541814758942 0.749528946507712 0.110438847825806
-0.0218638071200333 0.00524713350441292 0.303227146207442 0.78846245284836
-0.0109673153816826 -0.0191837178039895 -0.298668848786341 0.533834928677809
0.00185022512849077 -0.0190186915863878 0.000229884388927666 0.110534149234412
0.00417923626545888 -0.00642994539941713 0.476580333742427 -0.352564016948126
0.0125746900856871 -0.0157564568560169 0.0929824380197727 -0.873218678195877
0.017360830382818 -0.022503040191055 -0.695897936581739 -0.473871143324833
-0.0040241286014594 -0.0298626667152221 -0.567017411376587 0.349989393784704
-0.0245857172104963 0.000316825252207161 0.0118024558586615 0.441509969783956
0.00963092055639811 0.0208142824091656 0.160946217440408 0.111361730163693
0.0237481462284943 0.00871016626047119 0.0304592529504781 -0.17941159591994
-0.00159770208569572 -0.00438736859568864 -0.0332988203646708 0.16231731343894
-0.00787521732122648 -0.00156173861666001 -0.164223090420694 -0.0326495629873143
-0.0028074019860193 -0.0092822160060581 -0.128676011048406 -0.414737678884084
0.030293735512258 -0.0256025577338078 0.351440496419418 -0.44893491553981
0.0374695276166161 0.00940765852710595 0.751881801694339 0.124892896322272
-0.0273428267224721 0.00311424716815991 0.286090356568331 0.789757724835993
-0.0150512467106374 -0.0277052713143894 -0.304156265539122 0.521705559177431
0.00153899034751665 -0.0275193311245303 0.0100058047696244 0.103387418886721
0.00114174701076244 -0.0138643007903964 0.480865854571662 -0.365798033448374
0.00762528437537558 -0.0189375558523291 0.0755024157627588 -0.877070072333616
0.0197926844177244 -0.0245296148276447 -0.701650172675894 -0.456048307835779
0.00202606629208438 -0.0342548614439221 -0.555843451503199 0.361429985573063
-0.025277713996155 -0.00557498894570999 0.0191733491420929 0.440458591952323
0.00195063710310451 0.0154712583483102 0.16124801885604 0.107608064742899
0.0167015581542591 0.00670935595891501 0.0299894311672778 -0.181160550938126
-0.00897333571249526 -0.00532277285726648 -0.0319640824135708 0.160580300910104
-0.0167721025050208 -0.00563815670108731 -0.163703184526225 -0.0430393311241607
-0.00623168774540006 -0.0168213703815787 -0.114118160783139 -0.421386154856866
0.0362009370888661 -0.0328146263583236 0.376071033832183 -0.433995421918321
0.0402408701138958 0.00973065353216078 0.751324156690654 0.158633896793981
-0.0312053500792 0.00453361265775312 0.253380837943091 0.799594288088638
-0.0195474194586238 -0.031136720375676 -0.316442114893222 0.506169321918617
-0.00199666845893542 -0.0325147237154838 0.0217556732887662 0.0927042020274676
-0.00553744880049265 -0.0164031201557184 0.472672026908187 -0.387483053131503
0.00286387213730415 -0.0170651081259859 0.0364020059491248 -0.879816496520901
0.0233986041447636 -0.0249744112983536 -0.718157432924054 -0.420292258112531
0.00725691859098002 -0.0409489261949505 -0.532719000490093 0.385861728161402
-0.0273835593595484 -0.0113608127938826 0.0356880485110005 0.440215984104539
-0.00508285698155586 0.00954400275700026 0.163620711581828 0.0999216983611614
0.00956029493012947 0.00377636566645306 0.0277463649192797 -0.182716304680083
-0.0171487940239439 -0.00562352133787889 -0.030685650705022 0.15700071737733
-0.0250638382525657 -0.0104712826738821 -0.161561037461823 -0.0545133965173495
-0.00857915762042879 -0.0236605851190283 -0.0935377043516139 -0.428557787787346
0.041908443724026 -0.0393072347300142 0.405656580174695 -0.409176091296191
0.0445940716350773 0.0128702244159151 0.743649885864018 0.204043636089358
-0.0339363953943654 0.0099110733495456 0.204509638286525 0.815052066944805
-0.0254487653313184 -0.0298626223396154 -0.340451987609472 0.485082790519837
-0.0084629109002729 -0.0324615864087435 0.0294667578163183 0.0816899530191789
-0.0126210765970959 -0.013460450494102 0.457451267461082 -0.412802005089994
0.000184212868072638 -0.0108505214537774 -0.0154633022913771 -0.876248094016376
0.0273978992965526 -0.0247584111421045 -0.736028719478911 -0.370010274799727
0.0108124188876997 -0.0474434465657204 -0.506576206031775 0.415032277778373
-0.0286529343249169 -0.017518093920288 0.0552565633836836 0.43860690899424
-0.0122057704036521 0.00521838605414943 0.167530013507364 0.0921347676128273
0.00132667302324183 0.00244462136106887 0.0313142274539257 -0.182855931216001
-0.023409517076391 -0.00432361135633345 -0.0250621305212034 0.153445682721148
-0.0305533313356507 -0.0146454480065396 -0.155138194235513 -0.0662574662695291
-0.00993313796634745 -0.0306663793526131 -0.0694671261820344 -0.432009225187377
0.0485044222023132 -0.0442694360638641 0.43729953628474 -0.382373896333853
0.048823778459223 0.0182382245445575 0.734747933073322 0.257588265202338
-0.0356423464242981 0.0163757494155088 0.148178376343596 0.830955527781352
-0.0317817406009122 -0.0258794775680831 -0.366927635107011 0.465239817335054
-0.0154515607514984 -0.0286751450145583 0.0340094038599153 0.0698548130755528
-0.0191328402729236 -0.00666839713409017 0.433326781542055 -0.440501175727504
-0.0007621652743737 -0.00191664305700904 -0.0804872857385205 -0.870781704915148
0.0313083081673088 -0.0246291844489841 -0.760459626953218 -0.315360120127253
0.0110827318518297 -0.053154892902979 -0.474596550971369 0.447862220324461
-0.0313430125324155 -0.0217120770174304 0.0787415444735641 0.438292170495288
-0.0169420887368571 0.00329715837939079 0.172882117627722 0.0812913844975146
-0.00468726772511513 0.00230686316751639 0.0345487487402752 -0.18344779733946
-0.0275975599706531 -0.00334937157159982 -0.0202680197378374 0.149311906915663
-0.0317115415973345 -0.0171289321719634 -0.149502100809847 -0.0771714883935446
-0.00839313749206549 -0.0356150144469481 -0.0457777512189606 -0.433521627927326
0.0523754269593322 -0.0465463665713816 0.465193491581127 -0.353587599780661
0.0515546410090671 0.0264950465494472 0.717826587606711 0.310818082376698
-0.0372564814030715 0.026712566018294 0.0917147540878962 0.845484372098685
-0.037385502216006 -0.0171425174797297 -0.392737139241213 0.446327931257141
-0.0238374483344735 -0.021249201701823 0.03617982314182 0.0600233154497318
-0.0240474239533231 0.00410559966820951 0.409727523613784 -0.459936040295985
0.00260750544666538 0.0086899489718865 -0.142068862581453 -0.855802260164036
0.0335390764981751 -0.0241504845655819 -0.77521850060756 -0.258147281765265
0.0083192578408758 -0.0585119425343448 -0.442765845790001 0.480780144480103
-0.0335600061596137 -0.0234869768738156 0.103944037877051 0.436513664373635
-0.0195994099244011 0.00281446016691062 0.180103729505686 0.0730315594569361
-0.00934929067344197 0.00380955963683669 0.0406082461452874 -0.182708726111321
-0.0286348576285799 -0.0019092193934945 -0.0130749385245478 0.148017591154693
-0.0300041834190133 -0.0172371730771482 -0.142321447470913 -0.0836010689577998
-0.00755296493855439 -0.0371680086997713 -0.0265608655218948 -0.430966163062446
0.0535442889088048 -0.0471523408116289 0.48408246184773 -0.32759610097228
0.0534418546051933 0.0341696322594818 0.70149131696988 0.35160977979751
-0.0364285711176524 0.0365527145269462 0.0420904482063125 0.861101272863562
-0.0426686393427217 -0.00586308962553073 -0.418264841191183 0.433440524106016
-0.0316740285002555 -0.010301483428359 0.034273031254954 0.0540528650709048
-0.0262644925761354 0.0169752091475849 0.385342389736893 -0.475162998214022
0.00667857431386905 0.0181586682501555 -0.19163352388102 -0.84307473383378
0.0354276568048081 -0.0223027799541057 -0.789738429587274 -0.213008821963055
0.00385250382532708 -0.0588850949788939 -0.416682348381684 0.501977861719681
-0.0348053974175373 -0.0233844073203661 0.122090636279292 0.432104319825799
-0.0191729311023909 0.00406960123100664 0.186417439516388 0.0656738252834194
-0.0100639100212306 0.00583043128479835 0.0451453734044132 -0.182456672701147
-0.0257395176033399 0.001226891542542 -0.00757757689445027 0.148924614012467
-0.0250747215098005 -0.0151582117625796 -0.13709404075953 -0.0864203540689278
-0.00540369081381133 -0.0353652818314425 -0.0137001560781359 -0.425504320216088
0.0505810062438823 -0.044239237731394 0.49395314342737 -0.307751745269166
0.0531731715398949 0.0402701166696924 0.685897783168278 0.381327905532031
-0.0345113771935365 0.0452973679439931 0.00491010763322544 0.870014651234127
-0.0454182547819282 0.00534799272917618 -0.437811330536328 0.426697444831347
-0.0365162748318103 0.000148019663920211 0.0290230390061653 0.0521714911349761
-0.0256298889183432 0.0296055392363029 0.369082311137683 -0.480661669433577
0.0139412610458352 0.0255465117259853 -0.220741989578598 -0.829133644213329
0.0369564571542476 -0.0200327094367262 -0.794172962095993 -0.185906906054135
0.000156405591839402 -0.058651161641025 -0.400113867885316 0.515537955339759
-0.0344155861488214 -0.0213420536248345 0.134998252736192 0.429957006884727
-0.0153755210309832 0.00703063957294417 0.191951113157037 0.0612524873344767
-0.00730303981335342 0.00889936712765168 0.0504445273306024 -0.18391326739091
0.00513905248984222 -0.00267002364048617 -0.0329635179181693 0.162559838543113
0.000920587750417082 0.00188868831585515 -0.16366578083908 -0.0301451554614613
0.000842345809172081 -0.0036442681523809 -0.134019177744858 -0.413313493263894
0.0248702092431494 -0.0194359264208535 0.342290066779983 -0.454996074780993
0.0354812780593464 0.0105940105046847 0.750872011855082 0.116857981369996
-0.0226034948817896 0.00495567584528902 0.298556390557621 0.792908422953084
-0.0108740671661828 -0.0194234396763613 -0.303958841162693 0.532456047420795
0.00213156341421341 -0.0189953361522581 -0.0010576246518776 0.110884719923302
0.00384339458762991 -0.00664129097297233 0.481909498806586 -0.347424767299476
0.0126800333528924 -0.0158968488936796 0.102460419367145 -0.874046969537874
0.01735980853638 -0.0224072368665092 -0.694182880186379 -0.480556393008565
-0.00370284264718291 -0.0305054465310187 -0.571690743570365 0.346964297979261
-0.0242553724583301 0.000250137955095268 0.00794465069949683 0.442965981584653
0.00977603659726874 0.0196480931341142 0.161144125476776 0.115571426626783
0.0233470453798809 0.0089851289077879 0.0327971075651181 -0.178663415242862
-0.00177789601279654 -0.00395682291409745 -0.0346644782095522 0.162301918723188
-0.00847237549693183 -0.00226097143972487 -0.164860490542023 -0.0355802943151075
-0.00271845522405635 -0.00916536818680061 -0.127542818417854 -0.417693126287607
0.02979201720431 -0.025160202418178 0.356631496483065 -0.447074293021827
0.0376699914381646 0.00899884441310048 0.753374508241504 0.130928868531271
-0.0272850991169582 0.00320158807828214 0.282964202251276 0.795131118344729
-0.0151001391626477 -0.0274767577508309 -0.308710006760751 0.520641571119033
0.00184414224583145 -0.0280239499984661 0.0101529508420189 0.103740296782264
0.000948396729810836 -0.013838531497957 0.48361495616108 -0.361843527664688
0.00716520400563175 -0.0193113139976893 0.0849832290794067 -0.877168258375915
0.0201142340752181 -0.0242345607585002 -0.700493818180563 -0.463395976885519
0.00242333188735486 -0.0341143664000204 -0.558238474523291 0.357766750429877
-0.0255008694096544 -0.0055187975863753 0.0156686921158245 0.441431480973954
0.00244532140607963 0.0146789651411715 0.160782919564524 0.110210116295445
0.0160724468799427 0.0061521528833474 0.0313082430613711 -0.180588160716603
-0.00972621511782621 -0.00506465334374406 -0.033130962892337 0.160284722370009
-0.017940351926745 -0.00662169839913114 -0.163241300907119 -0.0452040221438877
-0.00634106942477988 -0.0166123122350583 -0.112209927393921 -0.424368869563645
0.0361065119072616 -0.0336016728981282 0.379317627102567 -0.432692993227957
0.0407474293125642 0.00974803594930091 0.751411974740917 0.165833325112744
-0.0318631558535827 0.00481711532091241 0.247814813151372 0.804786169203768
-0.0202084987625189 -0.0310097180080041 -0.323626779951041 0.503689930461948
-0.00157828384562266 -0.0320221197749168 0.0197970609812117 0.0932929629675187
-0.00495266814629709 -0.017101678582885 0.4764217442037 -0.384577316522437
0.00277480743301891 -0.0165959338482348 0.0442801205309254 -0.881393528351572
0.0240437354170794 -0.0246676777849102 -0.716485380816677 -0.42741610808472
0.0075474270542315 -0.0405469425198863 -0.537789528361923 0.381288529716954
-0.0272557605694503 -0.0116969407169364 0.0315262368250574 0.440963263443777
-0.00504139919857913 0.00915329690640432 0.163532552877954 0.102507460324354
0.00881186565022494 0.00272827069674033 0.0303934493213673 -0.182722994103282
-0.0179543333127492 -0.00552077019161108 -0.0321929189956541 0.156144277886876
-0.0249629131208917 -0.0110331146817377 -0.161417512168298 -0.0575976989170552
-0.00860467497736194 -0.0242692133677796 -0.0912837346685261 -0.431009061133048
0.0424309986787007 -0.0395750647493774 0.410279996233221 -0.408234489409882
0.0447564627285083 0.0130046411615906 0.745269997320547 0.211419713523183
-0.0344838474874613 0.0101239824919633 0.198109041824424 0.819355554649063
-0.026276689271732 -0.030205160304486 -0.346569222622455 0.48554659681724
-0.00816147774927779 -0.0321883172994798 0.0280431137353706 0.0819086909117175
-0.0124264870033906 -0.013629411976689 0.462950573760171 -0.409360233231186
0.000306518971667336 -0.0106746617326213 -0.00817577345184306 -0.880856357297053
0.0274164649655444 -0.0242525069797462 -0.734833903493096 -0.378323968155042
0.0110349923018731 -0.0471870728542912 -0.511258850657988 0.414378963644552
-0.028400704473808 -0.0173460280857687 0.0521586348891275 0.440091188799305
-0.0116554461632905 0.00480934224007051 0.167187409122688 0.0938450657359507
0.000923592170427779 0.00154645710965723 0.0332121758953441 -0.182835712931072
-0.0229825326065684 -0.00545638787628224 -0.0268423509065165 0.152740193644411
-0.0298807378798334 -0.0149151594363714 -0.156214100349946 -0.068206827011453
-0.00941534252209526 -0.0306102230618717 -0.0665016160883521 -0.433876550885046
0.0475991615729818 -0.0439666274804183 0.44084568095613 -0.380942784218913
0.0484994745468282 0.0188123884947648 0.734200558237606 0.265903211816605
-0.0369088785973464 0.0167494508617595 0.143189425836595 0.834839187334483
-0.0314819741265152 -0.0261820442111517 -0.372486925040907 0.462977093897063
-0.0153376473218632 -0.0291921315291174 0.0332499891853261 0.0705585206224045
-0.0190775532463827 -0.007227206307355 0.438629690203337 -0.438153593922253
-0.000575439907105083 -0.00205972283817981 -0.0735516775670703 -0.873685620692309
0.0314733824459778 -0.0241398477120563 -0.759142885282056 -0.321472447035708
0.0112543557184243 -0.0533906539100586 -0.480246756940874 0.445367400232182
-0.0317144596417038 -0.0218903225777745 0.0765514407720341 0.439877509087075
-0.0168997283106625 0.00271314114753872 0.173645526817363 0.0847886110249921
-0.00489406114781281 0.00156168024571237 0.0366872770917898 -0.183851634280198
-0.0282859178843349 -0.00402235819639376 -0.021632381699445 0.149758143177624
-0.0318136065015328 -0.017753782835972 -0.150183534526143 -0.0799626271388186
-0.00832705259722758 -0.0352459755249721 -0.0439765917291607 -0.435917717357355
0.0522588723601629 -0.0469887273259445 0.468692398385244 -0.351405346150175
0.051477681912065 0.026460447377098 0.719519580118505 0.317498898213105
-0.0374850138829493 0.026468711737098 0.0862196229268205 0.850681318434118
-0.0376373707441606 -0.017179670736877 -0.398182959912501 0.443508866825871
-0.023799933085601 -0.020838316870134 0.0353856763992754 0.0599792513529846
-0.0241127762070823 0.00389762687588631 0.414323548300751 -0.458215886434777
0.00257424621527359 0.00887291136439297 -0.133552738547708 -0.860839062389921
0.0342023310628315 -0.023709185484078 -0.775441110600136 -0.266229796800217
0.00839377525551706 -0.0585795423846332 -0.448567485107194 0.477823420905826
-0.0334511849949321 -0.0240353831991452 0.100258041241854 0.437532262257367
-0.0192820941255574 0.00202401640227939 0.180710591088413 0.0748464757313041
-0.00982426555461282 0.00335797706519163 0.0422439852461967 -0.181576105617727
-0.0289792653364926 -0.002005258898186 -0.0142670263443429 0.147010359686911
-0.0298951152749884 -0.0173126237156052 -0.143424969290363 -0.0863793770269365
-0.00710519733763103 -0.0366562238206347 -0.0229045160168061 -0.431051389003625
0.0533248570826362 -0.0461890524961479 0.487338308679792 -0.323290420623855
0.0527472018539923 0.0345180853648435 0.703254205542762 0.35941666203173
-0.0363941188112553 0.0368995917258267 0.0373395570427226 0.86300012695773
-0.0428101435903846 -0.00643292797050795 -0.423357322994171 0.429676209756492
-0.031743028166762 -0.0112764118938108 0.0323861280183953 0.054334844581099
-0.0271757318041853 0.0168879874064352 0.391653267269275 -0.471431803131432
0.00710170054138276 0.0182559229271391 -0.183952578751933 -0.847026607520024
0.0359981401230148 -0.0222482654284571 -0.789910143882868 -0.221092722842844
0.00462809049011492 -0.0597300961253218 -0.422664728541599 0.49959383161929
-0.0344613875537938 -0.024399037467452 0.118826965653846 0.434370032752123
-0.0185327507706812 0.00340632888630879 0.18695420323006 0.0678199843116761
-0.0110245548630555 0.00468588150894835 0.0476079073493802 -0.182665931171925
-0.0266333537133707 0.00114272455677946 -0.0086678730010993 0.148204021541866
-0.0252245753251649 -0.0153474416583489 -0.137188104893701 -0.0886832011100346
-0.00509692757513668 -0.0355724524649267 -0.0110823528209427 -0.427782558334351
0.0501622810711699 -0.0442776330104664 0.498031447955673 -0.306395405900459
0.0526015717171525 0.0403020341003048 0.684021323738636 0.386144266056871
-0.0353286901348699 0.0454954726902019 -0.000416894442416223 0.873217425251429
-0.0458428782320904 0.00549478370978708 -0.442934205123067 0.424082448547186
-0.036993768934714 0.000162793933265436 0.0275739112906957 0.05246577891164
-0.0259337992968014 0.0289645337315481 0.373669667822156 -0.477820888647698
0.0132904008585145 0.0262952775176645 -0.213357904864063 -0.834592061879979
0.0363701330735909 -0.0197994632310987 -0.794673618992273 -0.192637396976414
0.000665383805473683 -0.0580486651575701 -0.40536070605211 0.513685717942128
-0.033915692424014 -0.0219542506398959 0.132462513176251 0.431628090387715
-0.014728833718801 0.00615052100118517 0.192206910279404 0.0640407968247704
-0.0080789168570838 0.0082350098570233 0.0523009034737799 -0.184239497364189
0.00504719942669664 -0.00293513369871479 -0.0352204797434354 0.163095096370722
0.000495731835704062 0.00171279612691254 -0.165281664796923 -0.0320125791286109
3.87056907708572E-05 -0.00244542878704291 -0.134428585139736 -0.415542550794858
0.0245682866702083 -0.019747238268753 0.346946091116211 -0.456161718253792
0.0355134919013571 0.0108182783693835 0.754154719428493 0.121427073682901
-0.0226001355442921 0.00619137887952942 0.294603112695574 0.799994988418923
-0.0113463346780057 -0.0190353530396015 -0.310587087288721 0.53309410937516
0.00167700609564895 -0.0193913155507481 -0.00306947729715166 0.111426485636286
0.00420585928672235 -0.00574558521689529 0.488045816364427 -0.345206600027398
0.0118383408152385 -0.0157441927759304 0.111599715694962 -0.878679619618133
0.0178571912924581 -0.0220089867915574 -0.692912188214031 -0.491666273855822
-0.00369977734379547 -0.0306122153898498 -0.577762426946009 0.344866824791259
-0.0244769211667414 -1.72186211040773E-05 0.00529002891143791 0.444636609263869
0.00985537961646578 0.0202823455792137 0.162047999825299 0.11805703681922
0.0224013821165941 0.00833811902094466 0.034901996274574 -0.17855873384641
-0.00212119075551317 -0.00424074428701655 -0.0369468019091532 0.162318925573265
-0.00848042944135584 -0.00193151804843974 -0.166109816725415 -0.0378742552031511
-0.00248818454019383 -0.00845073437343374 -0.125351903518697 -0.42060536135561
0.0297058417428822 -0.0257269430920668 0.359765244187607 -0.447315921690512
0.0378360555095569 0.00855694917049114 0.75572492754317 0.137128270643934
-0.0280108854627921 0.0032175227844074 0.279035549338664 0.802566348781285
-0.015042568683444 -0.0278670834315685 -0.315251097501825 0.52066562075835
0.00194534202527473 -0.0274662573524941 0.00769668527892105 0.104567419428055
0.00103504798578164 -0.0142484131240433 0.489972870669196 -0.359786821602898
0.00669357024356591 -0.018469633996388 0.094118522491112 -0.882178262504403
0.0202540032776333 -0.0241964424444164 -0.698715484804856 -0.472721358187601
0.00266933237202237 -0.0346469851035356 -0.565328098798139 0.356331709950861
-0.0258157607532464 -0.00522425356125104 0.0142184096062493 0.442842349133754
0.00240636918255067 0.0137220151384009 0.161290462016215 0.113346029696441
0.0164108485086624 0.00599447742294841 0.0337543252122699 -0.181280981335812
-0.0096349508398271 -0.00535045307134552 -0.0347248753226693 0.159632146175822
-0.0176505043153015 -0.00647653538014979 -0.164803278381741 -0.0474545914925842
-0.00651679961178487 -0.0162291008357526 -0.112297726500678 -0.426371488964697
0.0354326705877692 -0.0329214483691022 0.385127550438886 -0.431478628627599
0.0411589069891317 0.00928312030653079 0.755200759973077 0.171832231167504
-0.0321537327952316 0.00447724229371626 0.243014436210076 0.811087711067664
-0.0202889865536399 -0.032146474673788 -0.329485700625322 0.503987096190773
-0.00140597175827913 -0.0322627414727243 0.0189603410902506 0.0935346823800779
-0.00476509452989219 -0.0168698495938237 0.48294199790341 -0.382173155242673
0.00271009564683411 -0.0169568183468668 0.0523967448249638 -0.885171899815931
0.0237722877335304 -0.0245628088055443 -0.715569176072721 -0.436528910181278
0.00821977523922221 -0.040682139530613 -0.543324422561573 0.380180285454307
-0.0273078659238833 -0.0116185197170197 0.0289441473321439 0.44460600430659
-0.005202909980012 0.00852637538328114 0.163449414328747 0.105606503917593
0.00889442350060055 0.00270379941030332 0.0327917280309431 -0.182723693560518
-0.0175833620963519 -0.00639792569051865 -0.0339099292579108 0.156553070110335
-0.0259002851550573 -0.0114635411577886 -0.162963861170579 -0.0589196508989008
-0.00847614601987805 -0.0233008121834835 -0.0913986225151172 -0.432840497626614
0.0422237076500475 -0.0397735044604859 0.413748392259082 -0.408522258302504
0.0451933583305551 0.0133599333316542 0.748466278506882 0.219256485835852
-0.0353834384148215 0.00928757961865279 0.192488460282386 0.826766270394712
-0.0262223002332095 -0.0300578353613585 -0.353216586408812 0.483373468253081
-0.00795354749253792 -0.0326669393261008 0.0265338618777585 0.0823112127815599
-0.0126652414720492 -0.0142330576613347 0.469038121147815 -0.406566919038421
-7.24348114453863E-05 -0.0102989049409212 -0.000781682740765842 -0.885552907114192
0.0277483653232594 -0.0249978599742655 -0.736610163828696 -0.386720288621544
0.0115921470296185 -0.0478887712472705 -0.517945396668295 0.413095928966781
-0.029018925695119 -0.0180540603232058 0.0507517747554449 0.443270655301663
-0.0120357291296788 0.00451587987893841 0.168055763241438 0.0973367361907454
0.00085161591425641 0.00163399142321724 0.0362945346896563 -0.183523941044208
-0.0239228471895657 -0.00523060504557502 -0.0287214984049296 0.152428384635378
-0.0302307608398106 -0.0148581800826668 -0.157137335363017 -0.0710721443282181
-0.0089066531532171 -0.0302519981231733 -0.0644400790221332 -0.436463118835729
0.0486763173093823 -0.0443256206220906 0.445013966858303 -0.378814590840854
0.0487439442526466 0.0185494747635809 0.736773602729985 0.273484349358297
-0.0373641126836531 0.0167725755490805 0.136596943949019 0.841222542640786
-0.0312716166349752 -0.0255540237105922 -0.378378077671716 0.463092693567833
-0.015361276862336 -0.0291374270507468 0.0323816297135861 0.070671298757767
-0.0191836974496793 -0.00716638573792641 0.44644216899154 -0.43400413060425
-0.00121541501944701 -0.0018961712821709 -0.0630407880808168 -0.878522347652491
0.030967446335302 -0.0245131669880222 -0.76075167823499 -0.331395879227579
0.0113584098482346 -0.0536593753515878 -0.486641264685591 0.445028059900833
-0.0316178908412813 -0.0217786581556808 0.072558604097987 0.442456413118959
-0.0164038217940362 0.0019826457329655 0.174561467969837 0.0869335458799211
-0.00572712417666903 0.00153535213791194 0.0385111611507137 -0.18409243031214
-0.0287835173798545 -0.00394056384073687 -0.0236817071577053 0.148546854782991
-0.0325264857006297 -0.018480204882772 -0.150591268788301 -0.0824269037233161
-0.00858439121183942 -0.0346942158287442 -0.0418752045674954 -0.438127912934923
0.0521704393079273 -0.0465893269167603 0.47356596074747 -0.349238826443305
0.0516890550203389 0.0268771377949456 0.71973368677554 0.323592119077876
-0.0378810524304841 0.026396299058731 0.0797336654408169 0.856268798201065
-0.0378826098590321 -0.0173301401332924 -0.404664842814392 0.44331319341673
-0.0241302612866496 -0.0214811410321578 0.0344891521824564 0.060804722416433
-0.0246791353899295 0.00342903242611935 0.420280089517161 -0.457168097699266
0.00204065293897347 0.00923836985966166 -0.126723077962943 -0.867111154036552
0.0341455874724205 -0.0233723643733143 -0.777675958406351 -0.273549296901643
0.00881578628957626 -0.0590663471779039 -0.453051422394485 0.477810034795411
-0.033582526366447 -0.0247104128526946 0.0978122270737946 0.439945997316914
-0.0190360176244051 0.00150511811305125 0.181130248362078 0.0781490946777326
-0.0105906266305288 0.00268878086646631 0.0447304030356321 -0.1838111176378
-0.029141938504577 -0.00272863915667672 -0.0169028881154194 0.146197672605011
-0.0305344191416787 -0.0180123348645392 -0.144209869670408 -0.088678872590446
-0.00714781716886687 -0.0361802031286772 -0.0219958055153736 -0.435013864336587
0.0527627188479343 -0.0471183056915239 0.493176593186738 -0.324009217570036
0.0533835611846839 0.0346999918498943 0.701970117370482 0.367011628219789
-0.0377176092335504 0.0363256229395996 0.0303979408177781 0.871179599188546
-0.0437443488632856 -0.00610421942039584 -0.428683248568033 0.429071411149115
-0.031309499743789 -0.0112255443980058 0.0318398868363326 0.0555293709592153
-0.0276163408606474 0.0161151226883538 0.397620096085289 -0.470248781643683
0.00697642392348378 0.0178414943535891 -0.177514125341497 -0.853229620582641
0.0363111941091234 -0.0219768220574959 -0.791274016767045 -0.230437173199959
0.00577979123438731 -0.0607112117082461 -0.428653286294532 0.499127744532895
-0.0344073397272974 -0.0239122214281423 0.11697111257646 0.437452010274915
-0.0186476374793438 0.00287270397879457 0.188481969539371 0.0709386108447803
-0.0114233479901528 0.00457281103096292 0.0497200908765637 -0.183266677569941
-0.0268165481413793 0.000226057877650368 -0.0113689957426304 0.14798097456742
-0.0261788759966707 -0.0157462703041813 -0.13854468651692 -0.0903961702593839
-0.00510604528825007 -0.0351617642519294 -0.0101093319647053 -0.429377821015063
0.0505298100947744 -0.0441323352685074 0.502136329860782 -0.303740152891451
0.052904673015676 0.0408133087096996 0.685158242764556 0.395127691366521
-0.0354404933982829 0.0453689222772082 -0.00744226314523884 0.879526294375952
-0.0465448166125833 0.00528297925353439 -0.447974210488843 0.422227299707427
-0.0371990821947859 -3.84353103609208E-05 0.0263746111985218 0.0529762993531828
-0.0269222950658843 0.0286863614223393 0.380063730678707 -0.478017699769195
0.0125820866648194 0.0263138287873118 -0.206470284294573 -0.840457660168939
0.0365661987466995 -0.0194157994718139 -0.796671046957099 -0.201507465861515
0.00121229489992078 -0.0588745411509631 -0.412603062334402 0.513517455833127
-0.0340878739277868 -0.0223043735508918 0.131232395069261 0.435267554536486
-0.0151328246843022 0.00547946857894831 0.194225321356387 0.0667910378904327
-0.00861116748280847 0.00840298839550542 0.0549084071728534 -0.184230018177855
0.00471386230421823 -0.00350521300724799 -0.03686265472763 0.162584233935086
0.000332546420767767 0.00162835604393676 -0.166973479800813 -0.0342611855916738
0.000360846317302243 -0.0020867106270325 -0.135109108292161 -0.418439591350006
0.0241165074381898 -0.0189442367765828 0.352233576609534 -0.456933014877155
0.0352965801746945 0.0105066185917147 0.759204152138796 0.129087852153393
-0.0230994888213288 0.00567029219630922 0.292396454253037 0.809795980673984
-0.0110767678194392 -0.0191688053348943 -0.318573719191702 0.535090830352421
0.00168680087967177 -0.0192591936917791 -0.00411035729002697 0.112519318586264
0.00329380244009605 -0.00631880424100285 0.495112482115629 -0.344441027187218
0.0117543369658245 -0.0156484835224118 0.118418835757324 -0.884751838886683
0.0172377897443432 -0.0225162920352467 -0.695158135861441 -0.499760201087035
-0.00384444531420778 -0.0303615979093357 -0.584026215640106 0.344015316951743
-0.0247818229329821 0.000565360691373567 0.00263536423629331 0.447209825929763
0.00964160939593883 0.0191227052997535 0.162685409232401 0.121520512283554
0.0225091630898684 0.00851040852396262 0.0372294551438562 -0.179100787323237
-0.00258777336811476 -0.00421257727462964 -0.0382976500495605 0.161907687985805
-0.00922622511878578 -0.0018368897588825 -0.168011627310109 -0.0401741833925166
-0.00339475976907288 -0.00826792749188491 -0.127116799525798 -0.425266945501916
0.0288408876674684 -0.0261474534129888 0.364270694017213 -0.449105171369996
0.0373167021556499 0.00933397543263959 0.76009531626147 0.144837533053376
-0.0285372515012681 0.00354709847741198 0.276350378191796 0.813187947956647
-0.0148060671467639 -0.0279237082675059 -0.321846276269731 0.523631234668439
0.00286902489934987 -0.0273342748386377 0.00634359932196805 0.104794301541496
0.000522468244825353 -0.0142980475396509 0.498034722757119 -0.357463447383385
0.00637101547008889 -0.0189559803768999 0.103099115101104 -0.887813498326363
0.0204803257972746 -0.023638979572807 -0.699541300878614 -0.4821130446518
0.00324043094800586 -0.0341728852594927 -0.570969490643303 0.354352333794581
-0.0260789126251284 -0.00547678719723553 0.0102944254302579 0.447120085380071
0.00222092404009457 0.013848809367393 0.162715513287707 0.116257473098905
0.0156533134363595 0.00526608204996574 0.0358545673536397 -0.181968124608946
-0.0104419070145654 -0.00551021522598437 -0.0371754218363254 0.159741430017424
-0.0180230132240513 -0.00685990980857164 -0.166367972096465 -0.0496765229485388
-0.00622746103261096 -0.0160370543836069 -0.111894707668843 -0.431501857036365
0.0359170750799074 -0.0325608690865303 0.390282399549197 -0.43340182757341
0.0408117512430305 0.00889738698787942 0.758928182780083 0.177041902663407
-0.0328925518227522 0.00458568519781541 0.242541920209731 0.82208500159282
-0.0202620746693601 -0.0304455122449422 -0.335922108282372 0.506632537463178
-0.00139684889160879 -0.0323292048128284 0.0174301598357001 0.0943570101094049
-0.00532988204320932 -0.0165653999635986 0.489604264118662 -0.379731041664953
0.00279069212468467 -0.0173939005708621 0.0615068437019092 -0.893048828547157
0.0240235248582861 -0.0250892110871655 -0.718585325801519 -0.446705997584101
0.00838536542320721 -0.040803561663964 -0.550180725837116 0.379957151632727
-0.0271744877444599 -0.0120913237414663 0.026131974205892 0.446568769803247
-0.0050489588790209 0.00802908011418395 0.164790559240249 0.1084094411471
0.00814260709166597 0.00242424075346025 0.0350746137951308 -0.184156404294695
-0.0186256247960262 -0.0055422539331534 -0.0351683541781363 0.157113631284206
-0.026042525227512 -0.0113498413272677 -0.163997131889432 -0.0614058023532174
-0.00883775084051286 -0.0228865129857251 -0.0891742066859973 -0.437279148664311
0.0419967539198521 -0.0400593357321867 0.419080246800183 -0.40892195714781
0.0452158856336752 0.0124881268098991 0.752386622328169 0.223940187866367
-0.0353874693626528 0.00946942355188475 0.190554892359712 0.835692236285149
-0.0259850397036128 -0.0302857774084149 -0.359642196834333 0.485328142337981
-0.00770155899230451 -0.0329497628488683 0.026158667922493 0.0832301238764082
-0.0125488387528203 -0.0138336633763683 0.475260763202524 -0.407735112826779
-0.000498408933013221 -0.0109234815775615 0.00609504973179481 -0.891227168474657
0.0283680360185307 -0.0237766842406709 -0.740058120419049 -0.396993989589706
0.0109931658214091 -0.0481411862463445 -0.524678721374078 0.412580025054202
-0.029151208286069 -0.018348751146732 0.0484251772421169 0.447154775954116
-0.0113350431649749 0.00310917581866705 0.169528960671453 0.10076327687286
4.03715059737377E-05 0.00167850846167026 0.0385159276915338 -0.183996589273974
-0.0243491871703106 -0.00552429265526212 -0.0300343807769762 0.152866386788502
-0.0312100267600125 -0.0151654144016834 -0.158406906210108 -0.0728304685676387
-0.00924464355733722 -0.0298808671959785 -0.065193845485893 -0.438374163164257
0.0479530665996606 -0.0448974755310022 0.451112055362189 -0.379640145224088
0.0488121521005324 0.0188340236426459 0.740664623714288 0.280090951230871
-0.0379182514625528 0.0170857600239193 0.134496679979311 0.850636785428628
-0.0315585568409024 -0.0261673661584258 -0.386278430516376 0.464943569318929
-0.0151566868067776 -0.0289459261255449 0.031797339383985 0.0713695953154914
-0.0195192327244141 -0.0079160115047224 0.453496521756291 -0.434572467002066
-0.00107272553473753 -0.00199407885718195 -0.0576804695885873 -0.887209766744074
0.0312469286508556 -0.0241285699058663 -0.761916733012831 -0.33907228219954
0.0119878604337642 -0.0548492007873892 -0.492896483082166 0.446257534619262
-0.0318114833393357 -0.0225542510564453 0.0720863140431074 0.446493973659142
-0.0167532502596729 0.0018090604243804 0.176224125727248 0.0901534178993683
-0.00597191160467536 0.00127360241907637 0.0412725822139346 -0.185268536457353
-0.0295087767286475 -0.00431986931863637 -0.0254448985466886 0.149189332209735
-0.0328910681616544 -0.0184199139032839 -0.151820179593039 -0.0839109103657444
-0.00847307607541198 -0.0346041098085431 -0.0415549008442697 -0.441123106674314
0.0518756330524496 -0.0471576426541443 0.478766924262953 -0.350056363491687
0.0515114395520318 0.0258783809855844 0.725082448180848 0.330930407889175
-0.0382469871543017 0.0270867596811924 0.0746506453865661 0.864232522659937
-0.0377430996478192 -0.0173776889381491 -0.411520188094766 0.44307875787859
-0.0242070305790175 -0.0218073228009916 0.0334868470045488 0.0617619536243491
-0.0249923699132616 0.00307470608753146 0.427145389188521 -0.455746392909575
0.00146265500804112 0.00872889704736133 -0.121383328461322 -0.874977713254842
0.0342684769869759 -0.0234049013402224 -0.780957165713449 -0.281416722645485
0.00921391576249931 -0.0583745911527607 -0.459921474816112 0.478264593966997
-0.0337532568428344 -0.0248364415730322 0.0962148591577528 0.444084081224048
-0.0186613234900015 0.00125895283875784 0.183071257190352 0.0805740086002809
-0.0104959847948292 0.00221079426966997 0.0463483156346227 -0.183547302422681
-0.0295776935203012 -0.00276114351515805 -0.0181741259349521 0.147085047111291
-0.0306361837203436 -0.0187155248944633 -0.145374173494286 -0.091038352660262
-0.00676607290061482 -0.0359851609460086 -0.021524221640113 -0.43671069873384
0.0543715986233704 -0.0471839021432853 0.498398948310018 -0.322799240742705
0.0524616197566403 0.0348356016148653 0.704968382389266 0.373684079282664
-0.0380409747555539 0.0372798879845364 0.0259448862818398 0.877425947627023
-0.0432409027848954 -0.00657964761691774 -0.435797435615181 0.428630695355287
-0.0311562528913772 -0.0114092915565872 0.0306918277816659 0.0558945540165912
-0.0276649729208473 0.0159566177147736 0.405602917235943 -0.471054681396578
0.00644690472987149 0.018380884840559 -0.170052570040986 -0.861493406523684
0.0366229056394169 -0.0224570877332461 -0.797286133607772 -0.237055221953842
0.00505460749358282 -0.0606131918036601 -0.433181523323226 0.502485304506312
-0.0339819292660469 -0.0244829304819654 0.117912266378398 0.440186067649301
-0.0189274641174411 0.00234861655104655 0.189551080450194 0.0734850565685733
-0.0112656101744108 0.00453777309357582 0.0517313117066337 -0.183583199899017
-0.0276086491328712 0.00033652670752332 -0.0125763235039984 0.148164898003338
-0.0259450172525764 -0.0157535691266171 -0.139521173456358 -0.0929587723676305
-0.00476315064969792 -0.0348578585945342 -0.00857791459893628 -0.432859202488981
0.0505232332719202 -0.044652470033524 0.507499279999313 -0.302836723094307
0.0526722372776827 0.0406710035626392 0.687900311236951 0.402565561320407
-0.0366106157841374 0.0453721327733192 -0.0126823985278977 0.886707124163169
-0.0468953532096857 0.00474972178760375 -0.455224227732317 0.422374941405094
-0.0376016597841323 -0.000103353282943253 0.025138655549112 0.053871819233352
-0.028299003945585 0.0286187643071069 0.386130717701621 -0.477825939784757
0.0122711512589285 0.0260690002443535 -0.202312142561154 -0.848981585579957
0.0370692300194266 -0.0192389521626417 -0.802292311882582 -0.206958652133137
0.00162122705322095 -0.0591890780247958 -0.418734789943172 0.515849995953384
-0.0340238733201527 -0.0228062184936587 0.130530240157123 0.43978468544047
-0.0151498927291168 0.00465990982780213 0.195119814831174 0.0693763194889652
-0.00905395360359369 0.00796394504426353 0.0576767339229189 -0.185388911535941
0.00379498514488014 -0.00308319061104046 -0.0378332202282433 0.163562505266238
0.000148026304371416 0.00268091023552224 -0.16854484459072 -0.0363619062161009
0.000135631598550193 -0.0014889009137863 -0.134576041793808 -0.423507373568705
0.0235373273318591 -0.0197349091279077 0.355976612070335 -0.459879893247006
0.0353534692082795 0.00986392953267878 0.766278449038254 0.132773885615182
-0.0239027024360476 0.00609589818612858 0.29399929429612 0.821102120114346
-0.011161729324991 -0.0187512677418135 -0.323722691604837 0.53990184905911
0.00176824729357025 -0.0196783890402924 -0.00573947781246673 0.114010309034186
0.00374186607679044 -0.00656626439058051 0.5005523542839 -0.343083824526822
0.0119717786517876 -0.0160429373057284 0.126000736887945 -0.893236744655809
0.0173621520483647 -0.0226855104372393 -0.699685568162216 -0.51049600035929
-0.00426000304773553 -0.0308665698681853 -0.592042850355249 0.345335641718424
-0.0251000314294475 0.000353274253905345 0.000882768499956301 0.452720546094608
0.00965005604809605 0.0184706978560494 0.164405125675021 0.123970030999894
0.0219948719424131 0.00822540715100429 0.0392340503066067 -0.180739770693328
-0.00336108907011918 -0.00502491466171855 -0.0397954164899646 0.162146733932469
-0.00954604123397411 -0.00226268123648741 -0.170407109534009 -0.0419301793959671
-0.00322785043937416 -0.00747047851274289 -0.126957589194426 -0.42984973154809
0.028923985006869 -0.0257267698830602 0.371223286556005 -0.452357271718096
0.0377183286568426 0.00835692335553388 0.768619887402469 0.149653255331138
-0.0289898015769702 0.00339861223129441 0.276169471806044 0.821856052416954
-0.0151365662639041 -0.0275614461474887 -0.328241017882429 0.52516272361456
0.00250426577926454 -0.0282325528336754 0.00544266747716711 0.106417009711293
0.000104677426448326 -0.0145547724565612 0.504897992974031 -0.35774155526358
0.00682108561424829 -0.0192756297697769 0.108368651425473 -0.896391800519401
0.0212912555547594 -0.0239605215624986 -0.705139715583029 -0.491440775666826
0.00267586164003335 -0.0352855588207885 -0.57866337850461 0.35559151419703
-0.0260430660049207 -0.00543742306563671 0.00975003436905674 0.450444826525943
0.00202260813808392 0.012557444817003 0.164106304181324 0.119692929913115
0.015557365084661 0.00541208447495015 0.0378254345649373 -0.18333909795413
-0.0107539752666733 -0.00525498825926233 -0.0390256623756477 0.160128608931174
-0.0188000679361834 -0.00641197801436997 -0.169013184290963 -0.051399374227832
-0.00672376673124602 -0.0149946659959268 -0.112253734327037 -0.433606195604725
0.0354638844888463 -0.0336134779523935 0.394999388293549 -0.435006309258909
0.0409668060983704 0.00888760456927333 0.766286689870841 0.184475715140917
-0.0333294953067554 0.00493244778377917 0.240243050238839 0.830456593025527
-0.0204709762048565 -0.0314615808523852 -0.34361089425991 0.509888337722036
-0.00105867399463352 -0.0324269083122242 0.0168070606796677 0.0961255281365736
-0.00551906218172696 -0.0172179584817999 0.497655728780444 -0.381925445535897
0.00216342451622925 -0.0172421136355797 0.0666993001566048 -0.903034951276851
0.0244070679571455 -0.0245661971341004 -0.723000589684513 -0.455891970916101
0.00877788382953242 -0.0418561137466818 -0.55846034600245 0.379775796012345
-0.0273880858893726 -0.0124133772569938 0.0251211137200399 0.451877858943431
-0.00455950007560949 0.00749382206892576 0.167435661854044 0.110901558784044
0.0075268638899916 0.00219543426766344 0.0366510314774095 -0.184709149457288
-0.0190188178726495 -0.00633735394965545 -0.0374703338315814 0.15685651023607
-0.025820091700722 -0.0118802623581213 -0.166227608375695 -0.0637786246636832
-0.00857579787462082 -0.0233757930350842 -0.0903273123160257 -0.442073105738389
0.0419639547368706 -0.0402095912777543 0.424004101328534 -0.411239702094365
0.0450554671681802 0.01215151735581 0.759718521488477 0.230852105080587
-0.0361745896612812 0.0102167325214746 0.189718649385317 0.845162347492193
-0.0261009768747309 -0.0305288233994627 -0.363751957405661 0.487734579245447
-0.00824300389077925 -0.0328093115820526 0.0246499441727609 0.0843926140188556
-0.0131869373073332 -0.0149422679621306 0.482832234404057 -0.406669828452609
-0.000312313328364108 -0.0109239072277848 0.0128195608063807 -0.900983584574094
0.0279054372539795 -0.0244035935119107 -0.744960853743789 -0.403567338943355
0.0115139142132765 -0.048809880173638 -0.530940358594104 0.414181545883347
-0.0288701981019839 -0.0187653187967923 0.0468738033701094 0.451477584089257
-0.0117857016701429 0.00323760542616714 0.171878873572712 0.103717179422227
0.00051244489037593 0.00088468584811424 0.0403280684527656 -0.186115123194442
-0.0255697638493165 -0.00542608326100986 -0.0317399970564515 0.153330300090722
-0.031481893815557 -0.0152032876651566 -0.159978402234275 -0.0753555074709829
-0.00942284031762817 -0.0298865121528699 -0.0636816787374424 -0.444010375713943
0.0484587441477987 -0.0446143272637442 0.457690474576263 -0.381482695888809
0.0490436206943016 0.0184850477917715 0.746654919468806 0.287850840531604
-0.0382388981726206 0.0172468043233997 0.131841821533285 0.859277234431754
-0.0323431162066674 -0.0263315835902398 -0.390511548669393 0.466339337087633
-0.0151722969724468 -0.0299569578210555 0.0305891112836263 0.0724474302368779
-0.0201429562209401 -0.00829593157365923 0.460508762465955 -0.435391870270906
-0.00171413658990567 -0.00171421673274613 -0.0531096224549923 -0.897094149580355
0.0315183189612347 -0.0242728170039903 -0.767988092202664 -0.347634232335868
0.0125110998010224 -0.0553458248377993 -0.498996671750798 0.449464494271337
-0.0316537771537892 -0.0225429330069524 0.0720933671638713 0.450013256599595
-0.0169125951552745 0.000659728590330947 0.178029968373783 0.0932601079602854
-0.00572897979062835 0.00044027662378582 0.0429634827600824 -0.186440953190291
-0.0301797835511631 -0.00493668542888807 -0.0268617090635943 0.149298488936957
-0.0334592533669831 -0.0186247303251931 -0.153638795770169 -0.0860754117354101
-0.00840909801617553 -0.0346298468246938 -0.0412861158964037 -0.444574851290369
0.053075299533175 -0.0482293609334221 0.48455833027914 -0.351763082522347
0.0519993362199967 0.0268650151134802 0.729146749435083 0.338383635475118
-0.0398769714854565 0.0266415996698774 0.073317731741237 0.87631239243286
-0.0379498231269404 -0.0178263114985301 -0.418374198579931 0.445721911526187
-0.0239265343208331 -0.02211208232065 0.0327184401763904 0.0625588397775307
-0.0258913482824648 0.00345061403668146 0.434651535440419 -0.457010402222991
0.001005251489562 0.00822801808493796 -0.115563239237928 -0.884278439185772
0.0346470292934828 -0.0234979159707031 -0.788287000203054 -0.289803196624649
0.00969029243880946 -0.0601438526767349 -0.468156135016764 0.480352674964018
-0.0340069590207484 -0.0248084182210483 0.0960430119791283 0.448292072189865
-0.0188858303100991 -8.82374284264451E-05 0.184886534669532 0.0834401095607061
-0.0110005651686974 0.00153677384138093 0.0492182671585275 -0.184981972461835
-0.0308877515846356 -0.00319302308835597 -0.0192140019599941 0.146307038144072
-0.0307186701845976 -0.0191373058182013 -0.147333753154432 -0.0931319090978457
-0.00665668376276638 -0.03563765319954 -0.0199600879402148 -0.441581578667833
0.0537232573067337 -0.0480220579235408 0.503670490863751 -0.323119687063044
0.0534004996098329 0.0343179975125819 0.710903526395373 0.38143591684479
-0.0391219606118993 0.0370451640569212 0.023057643239204 0.886476946288523
-0.0444441316562962 -0.00645367501903947 -0.44368950024431 0.431127071565453
-0.031974380941708 -0.011955066534802 0.0305488283852749 0.0569221367221742
-0.0278834406705336 0.0159659220993729 0.410514483199481 -0.472668953782359
0.00600160594456116 0.0196174030484857 -0.16638568901973 -0.870762236445919
0.0365871500059651 -0.0222734650262327 -0.802701480641106 -0.245121200840954
0.0059310568684249 -0.0612382651682427 -0.440291076889914 0.503566153256421
-0.0345979797015979 -0.0250973733013106 0.116446358046292 0.446316869751733
-0.0186289838728433 0.00205265550052561 0.191214638895736 0.0767047350992037
-0.0122770713330082 0.00451765071898426 0.0543149164259213 -0.185494379704821
-0.0285446762781057 -4.63192278016749E-05 -0.01398502069195 0.148106551366132
-0.0263225587881101 -0.0157150593312986 -0.140675356587303 -0.094905662968586
-0.00480496677296537 -0.0345922776617019 -0.00878913442039488 -0.43670052732015
0.0507022045765841 -0.0448725886937221 0.514265871145189 -0.303573608407248
0.0529850355222317 0.0406695432596744 0.694122709545784 0.410602353071429
-0.0369727546614503 0.0459051133584028 -0.0155158649841819 0.893706939435913
-0.0473567904220066 0.00542551994533532 -0.462721435712201 0.425122679850087
-0.0376068868522 -0.000953169336577874 0.0246473250165844 0.0549394321142072
-0.0283784820026568 0.0286798887141423 0.39322004107517 -0.478486439252716
0.0122167022560498 0.027167670425128 -0.197995955570391 -0.858763668940368
0.0374488654165865 -0.019337155946071 -0.809202197449394 -0.215547536761599
0.00113758550851002 -0.0596527455014323 -0.425367823778054 0.51802486257613
-0.0343153345255658 -0.0223765284969367 0.129953157881928 0.444171036351738
-0.014641471587807 0.00437870258966055 0.197460285618603 0.0710833709546889
-0.0097741923564012 0.0076177330159698 0.0598923707246848 -0.187032521063623
0.0031883474452649 -0.00318828396708351 -0.0398685315417645 0.164520855517058
-0.00023042012739433 0.00190404070309597 -0.171383181897036 -0.0379885852915809
2.91561536711459E-05 -0.00039102329201959 -0.137114532001601 -0.428937354776112
0.0234230536487459 -0.0203817783904443 0.361212990409007 -0.463788116283526
0.0355992757258125 0.0101316936529866 0.776003332006687 0.138030924068009
-0.0238211064058799 0.00622376778955026 0.295671038863415 0.831128778446288
-0.0117356288748577 -0.020010741394695 -0.33137353874909 0.543182277824046
0.00234644635934079 -0.0192562323175291 -0.00632893232683431 0.115469226532395
0.00315290289425813 -0.0072340955846264 0.508968191576274 -0.343143153054723
0.0115453600554089 -0.01619661779494 0.129811391571847 -0.904536196888683
0.0178696468258864 -0.0226045901677882 -0.706654942948574 -0.518716113614481
-0.00346059749321222 -0.031588478344998 -0.598883447386484 0.347132962179374
-0.0252224428562196 -0.000239712929093253 2.08625594874665E-06 0.457248227050952
0.0102568224791696 0.0187514039647349 0.166700347637063 0.127175619206934
0.0212735971989244 0.00802413205555674 0.0407635438222908 -0.182034887999394
-0.00401414638207528 -0.00486970213783246 -0.0411992631739013 0.163660897420021
-0.00992511405570842 -0.00214444972417683 -0.172823850303411 -0.0432191592351965
-0.00327899853196264 -0.00764949905529314 -0.128751238631755 -0.433898457947424
0.0287509954820984 -0.0259645740420752 0.376692910754602 -0.456546750075693
0.0377274109053363 0.00783980055219642 0.777486950819348 0.152305118620671
-0.029921336174351 0.00328382927557182 0.277005881659218 0.834770888095914
-0.01526078822614 -0.0276386564830026 -0.33522341833878 0.531049147476441
0.00297271533088992 -0.0283332128778798 0.00458770031082429 0.108228648121693
-0.000125736277235803 -0.0146536779759225 0.511568446208878 -0.358560111280356
0.00632741473303774 -0.019433645178941 0.114589644926436 -0.908312895860141
0.020205650117645 -0.0241026002584356 -0.711421531519133 -0.498362657486679
0.0025432868565689 -0.0361022458028217 -0.586010693623878 0.35890415035707
-0.0262237869462994 -0.00571081165515096 0.00755920043874289 0.455138273712507
0.00271058043476258 0.0124795499934813 0.166701294203036 0.122122830193307
0.0150635365432431 0.00491073039385012 0.0398656334493488 -0.18394940885488
-0.0115489855646316 -0.00597159915004552 -0.0398087461052185 0.161484866395289
-0.0193935862539493 -0.00692381252280587 -0.170904164319802 -0.0538506655208694
-0.00644954937891853 -0.0150269880484912 -0.113272185305653 -0.440084079798474
0.0355033119752082 -0.0343083016072185 0.400227136157291 -0.438427169162315
0.0412074862820647 0.00876954936818959 0.775385220716135 0.188387775608917
-0.0339898994195538 0.00514324754151133 0.242477037423104 0.841302599408237
-0.0205133232770677 -0.031481768815056 -0.349291978467636 0.514687599723359
-0.00128221605426659 -0.0332409165771676 0.0152427980155913 0.096970281871845
-0.00574836774502762 -0.0171864997199918 0.505069953599784 -0.382886623811353
0.00211863924368008 -0.0172014591771198 0.0727954202291571 -0.912799480054144
0.0243859623562961 -0.0246402804239289 -0.730304055883436 -0.46382072051039
0.00866194348881073 -0.0419995095092266 -0.565860538493939 0.384423244148562
-0.0274817195820028 -0.0121531895178068 0.0246430683583815 0.456654450923999
-0.00460970887180651 0.00704814030763279 0.169319842721888 0.114425680454436
0.00736385015588095 0.00199167213479234 0.0391278439565844 -0.186896554252692
-0.0202281583089317 -0.00550871481559021 -0.0388610983931826 0.157265381465374
-0.0269634282489856 -0.0118439814480036 -0.168845146950098 -0.0657133179598172
-0.00866949666216186 -0.0230284605659615 -0.0919195352591321 -0.445904600794828
0.0420479021119154 -0.0420335955726108 0.429292164955414 -0.414765228366124
0.045632163184397 0.0123526691437003 0.768745685051438 0.234639051751667
-0.0368248560165349 0.0102655353903926 0.1901238292715 0.856755334876286
-0.0261738520487388 -0.0312597335168064 -0.371123193896794 0.491685078842628
-0.00762599629502164 -0.0332445525239594 0.0243395404938184 0.0849364234704241
-0.0134356370371605 -0.014473254791474 0.489820074319549 -0.408185668651405
-0.000803791668321223 -0.0105401529895545 0.0178154636780121 -0.910213784692265
0.0285101520987162 -0.0245240541919628 -0.751980406555705 -0.411719899688444
0.0120357081074888 -0.0500285726447395 -0.538997246286573 0.419423834286853
-0.0294602798244482 -0.0184930343843742 0.046508042382239 0.45698577158954
-0.011612872441276 0.00204452823158813 0.173617017866099 0.10611733628174
-0.000553289867201672 0.000502082864425831 0.041703638893758 -0.187108319808879
-0.0260677342205006 -0.00584375338819979 -0.0334284195172029 0.153826230604762
-0.0323198184051045 -0.015664649244389 -0.163084130006302 -0.0773939858740164
-0.00947390203435041 -0.0296861795844431 -0.0662777583460312 -0.44957865599277
0.0485201858162735 -0.0458428574914221 0.464027286208845 -0.384870519484824
0.0494230831748154 0.0185346020227204 0.754768271036441 0.291505153100927
-0.0396504313680252 0.0174404145723288 0.132233250751167 0.87114562941614
-0.0322251484129596 -0.0265881905346865 -0.397683964716499 0.471604489119954
-0.0151477274161545 -0.0302152352754472 0.0294419550301831 0.0738984364613563
-0.021139143824635 -0.00827292872947353 0.467626549367312 -0.438513739899323
-0.0018115921771074 -0.00226133431667354 -0.0490901779678511 -0.906503614116955
0.0321277586453667 -0.0242293900010616 -0.776741093128464 -0.353194213214875
0.0120681024709983 -0.0553287964431294 -0.5064517621913 0.4531093117681
-0.0315517202505889 -0.023426931094634 0.072413851233016 0.456763629734611
-0.01650366125829 0.00011178284120939 0.180291985212602 0.0953123100168735
-0.00701062097887345 0.000963694018581129 0.0450053366653251 -0.187881524839807
-0.0312059871123433 -0.00452301453565427 -0.0281743380541338 0.149431523251563
-0.0342100226715391 -0.0190784553164597 -0.156145585299196 -0.0882903549823327
-0.00857478491562518 -0.0339765768858797 -0.0415788386332184 -0.450344041248577
0.0528506368115841 -0.048135754183532 0.491416688237268 -0.353922674697176
0.0525103148611509 0.0261192029787948 0.737216115804445 0.34425918139259
-0.0396282254610358 0.0268868946847871 0.0730733570785135 0.886400958610643
-0.0383079812182752 -0.0185253734211781 -0.425049424470772 0.450004160852715
-0.0238400827221603 -0.022249228655469 0.0318498942610425 0.0636202374882489
-0.0269646382662192 0.00302424784496582 0.442297406498817 -0.462244132765986
0.000648190818106312 0.00972604361477671 -0.114444638934435 -0.89459795277978
0.0351875386520736 -0.023385685846902 -0.797146686215821 -0.297221399365632
0.0103921234995569 -0.0598987087533864 -0.47302673974129 0.484008056833464
-0.0337979570965534 -0.0254150584143418 0.0975654050233853 0.45422409082225
-0.0194413965470908 -0.000420108040734096 0.18789443104854 0.0862195554600132
-0.0116976583258832 0.00159549736586565 0.0504934476353347 -0.186899869522113
-0.0317653391200837 -0.00325830096066488 -0.0211217179423831 0.147587035829654
-0.0316316862104467 -0.0192979468177621 -0.149380798568747 -0.0947322821366563
-0.00644460535353621 -0.0357031803544277 -0.021149415150432 -0.446807535985434
0.0535968769481906 -0.047827321776486 0.509824652701446 -0.325348994688736
0.0532003926058286 0.0346275249367604 0.719280358090103 0.388072377941742
-0.0397004084431875 0.0377494199583304 0.0202501968335873 0.898071634056664
-0.0447462966767479 -0.00638986985724686 -0.450285544988391 0.434329747047694
-0.0316783013731002 -0.0121073688543689 0.0297987014430232 0.0576938068609628
-0.0292553297577786 0.01566819221167 0.417719394086126 -0.47491281796252
0.00539045003205677 0.0186080483934764 -0.164124012554057 -0.882277694500572
0.0371016624708133 -0.0218515483211764 -0.810098959081533 -0.250242604372137
0.00634653879721021 -0.0624098805226684 -0.447233855622237 0.509461357148829
-0.0347492820411019 -0.0252570468304477 0.11741981584089 0.450915596379943
-0.0188552800458996 0.000495922502316641 0.193967737684958 0.0789834334442465
-0.0128343098035763 0.00391194986082538 0.0557587012322732 -0.18704887001284
-0.0295588844109589 0.000525822486319258 -0.0152423843760815 0.148310601783769
-0.0272809681482532 -0.0165077121494072 -0.143463445622042 -0.0974790056240966
-0.00387998339086608 -0.0340207194217402 -0.00843513611227568 -0.441963468444881
0.0508044523317975 -0.0458639492069825 0.518892324099337 -0.306243676299033
0.0528805169753064 0.0409514216521255 0.70060414555622 0.417350095875049
-0.0373933037105232 0.0469194701754047 -0.0177797467193025 0.905694951392066
-0.0477976845938752 0.00478855748922334 -0.468829909199369 0.428565467248917
-0.0377129291505826 -1.96539631956325E-05 0.0239427490970064 0.0558401235292111
-0.0289569219700085 0.0285927564710623 0.399864239032235 -0.482966970348154
0.0115037814276609 0.0275971464059617 -0.196580211308531 -0.870016252551363
0.0383405544990861 -0.0194982339341062 -0.817975175635104 -0.218385562640251
0.00107207073172918 -0.0609803658558928 -0.430296844890661 0.524160740822249
-0.0348261891347325 -0.0232673017238535 0.131020724797112 0.448804865148344
-0.0142051117327218 0.00364077215240896 0.200060027353892 0.0740313854694873
-0.0107024407320013 0.00735267642110305 0.0610514274487717 -0.18874633694307
0.00250070509179362 -0.00294279363620145 -0.040844497592594 0.165243206816535
-0.000610508018230819 0.00187516971575546 -0.174718291801211 -0.0388009944843368
0.000315403663028981 -0.000247857627024218 -0.13932314041912 -0.434283471583586
0.0234243613136403 -0.0202140097874553 0.366739726345358 -0.470751882163119
0.0356302014807521 0.00971265059811041 0.786139540803506 0.138544170014796
-0.0244014220745302 0.00669987712304216 0.298510463497547 0.843426668262965
-0.0112054546630369 -0.0192128056266772 -0.336676835732543 0.550763596072684
0.00276146732939672 -0.0195833060989828 -0.00744661319936892 0.116802589412227
0.00254071418281673 -0.0067699129934311 0.517530535866851 -0.346757731014208
0.0115378592933493 -0.0164120596318933 0.135338210246858 -0.915594366806432
0.0178490502885847 -0.0234641000059926 -0.714544952973903 -0.52634180250774
-0.0039926677767771 -0.0323023697476277 -0.608604951848137 0.350921958089716
-0.0252598163920262 0.000266577662998924 -0.00125332081619495 0.462321916028136
0.010299123789907 0.0179425165276825 0.169548642719532 0.130447385916166
0.0217193541132174 0.00789107336269894 0.0422574020690458 -0.184326134963912
-0.00418531160363212 -0.00460179186647496 -0.0421246893160373 0.165421093696365
-0.0100111691585804 -0.00212453539705662 -0.175772445711292 -0.0451416810900887
-0.0032164497690623 -0.00658162080821456 -0.132043039238331 -0.439715302185107
0.0292081950436902 -0.0271599436249673 0.38135508547056 -0.463151078741721
0.0380622520518043 0.00845233537024316 0.787556464904671 0.157179409617262
-0.030525363646724 0.00418070712327931 0.28083604804542 0.846449448006277
-0.0155309268596667 -0.0278308404068224 -0.341078523837174 0.537089063194354
0.00238903891164913 -0.027800820508001 0.00370562518333123 0.108961414036734
0.000182950678130671 -0.0152287411726949 0.519972611794731 -0.362372298525239
0.00636785034788663 -0.0193566929246095 0.118163076531688 -0.919819952736518
0.020449923040675 -0.0243392189630529 -0.720170847624553 -0.507078874809606
0.00266842686573509 -0.0370967020713216 -0.595144803576187 0.362729392974949
-0.0267652638550211 -0.00597463380795092 0.00853780464385165 0.461907750004639
0.00290547537182262 0.0119918320360531 0.169390125941642 0.125275171820061
0.0148621697568461 0.00496211807897606 0.0406716545714488 -0.186458840776712
-0.0126030254761359 -0.00594483076320547 -0.0413129367058496 0.162508886904143
-0.0194518535047629 -0.00672607989559245 -0.174574519216514 -0.0549150577187564
-0.00688332832599898 -0.0145901748641471 -0.116814143400148 -0.444656567828408
0.0348568795875529 -0.0346966693491509 0.405028133367589 -0.445652815337676
0.0414759015503374 0.00829935762199265 0.786033758135526 0.191072682248706
-0.0344862102698811 0.00495342201098423 0.246033984282443 0.855911690208499
-0.0203178916142944 -0.0321532703473016 -0.355863533266789 0.521415521485929
-0.00107288835263397 -0.0336189318046405 0.0147769263345595 0.0979532317795506
-0.0064450818480299 -0.0177658150596152 0.513592716798501 -0.387351306793983
0.00195773407274508 -0.017700796098766 0.0762193266948873 -0.924869137874453
0.0243274755883322 -0.0248588808002557 -0.737628309037004 -0.469709209396474
0.00855882811496306 -0.0428691853346133 -0.572682412599931 0.388285087644358
-0.0272861145736027 -0.0123042880520763 0.0234922672727302 0.462372315525921
-0.00442158522304502 0.00657088703008346 0.171984075451824 0.117187405638379
0.00776791576007066 0.00162820942872396 0.0398425428306837 -0.188529413169362
-0.0207763934249178 -0.00671771795337623 -0.0402774669257192 0.158828774181022
-0.0276027093495469 -0.0116773301712708 -0.171311736220408 -0.0672162030355143
-0.00831185771033387 -0.0225730115947293 -0.0946955611849314 -0.452307407526528
0.042592646625927 -0.0415130284215443 0.436225831978053 -0.419374815001786
0.0453250107707109 0.0118511408470672 0.777606118877867 0.239329835415327
-0.037875562729334 0.010252922915579 0.193777480337547 0.867346505197024
-0.0273363577700295 -0.0311878329255016 -0.378306883082201 0.498444007879556
-0.00802963781893251 -0.0345252082407954 0.0232307201976778 0.0867460029715215
-0.0145454740054397 -0.0149222301304496 0.497931152926852 -0.413030614381068
-0.00099292286447334 -0.0105293893083302 0.0202435713920434 -0.922556861079157
0.029076539018998 -0.0244173388534426 -0.759820590274361 -0.419062865953986
0.0126579099439875 -0.0495535005468584 -0.546059430007949 0.422454605091309
-0.0292447370345074 -0.0184639147927753 0.0484496114398538 0.462389707360045
-0.0111434783773866 0.00131069971828636 0.176962440130121 0.107998136281064
-0.000416594434529023 0.000769952888756455 0.0433839574040643 -0.189307381067978
-0.0271798172312255 -0.0066357176318269 -0.0342880175039888 0.155377789486422
-0.0329751630559483 -0.0159864654624555 -0.165925258666912 -0.0798732163567508
-0.00948343581226573 -0.0291482113724401 -0.0685702011270357 -0.454117366446566
0.048771821865949 -0.0464562845331679 0.468483709259485 -0.389918165643853
0.0493018101385819 0.0181491266338338 0.764107603810508 0.296415476225405
-0.0399848693382691 0.0174664366053279 0.132941571981032 0.883971053979249
-0.0330978068838321 -0.0265325963782426 -0.405867103127582 0.476833425315299
-0.0151410350122147 -0.0309731529130292 0.0289838463599652 0.0743719185417696
-0.021172038926318 -0.00879384365950614 0.475420077581904 -0.443003354385493
-0.00180057502682992 -0.00199235533554427 -0.047374208964981 -0.920264948174359
0.0325458002091403 -0.0246100241824485 -0.786646083055031 -0.360493152734599
0.0121190517877622 -0.056206209537473 -0.512901996176363 0.459232833701136
-0.0323269234403021 -0.023377917047584 0.0736665620363669 0.46218139273901
-0.0169990692302113 -0.000131498462353268 0.18365832971344 0.098016493626423
-0.00730095614060227 0.000155056103886378 0.0459189294463152 -0.190475441792035
-0.0315808223883371 -0.00562005265124219 -0.0295025038375854 0.150567479332337
-0.0341936412022269 -0.0188963056487187 -0.159016116726385 -0.0908078929785314
-0.00837513037165225 -0.034000576698738 -0.0432622312173407 -0.4548672243649
0.052660910482232 -0.0489930905866573 0.49785336435336 -0.357614468173721
0.0526187263423931 0.0261287565427951 0.747640699526247 0.350595238014052
-0.0413683658978381 0.0279808650700364 0.0738391566907449 0.898744908973782
-0.039544405370259 -0.0176084869182152 -0.431999511465631 0.454840892068209
-0.0242879962918032 -0.0226569673476057 0.031975848525249 0.0652954577796878
-0.0272861505454171 0.0027437208446288 0.44855115058251 -0.466259508427376
0.000271505115962786 0.00884625998543413 -0.115249786579367 -0.907468566176489
0.0356985141473169 -0.0238532934681578 -0.807489844781728 -0.299914789891159
0.00965314188166269 -0.0617135832676528 -0.478520547419792 0.492665790492327
-0.0343123317938978 -0.0254633925470202 0.0980571617043237 0.458615274286508
-0.0191634687059812 -0.00110182506944399 0.190711102895075 0.0878355114150057
-0.012344686931947 0.000873222413189991 0.0515776719256334 -0.188002045287556
-0.032772895184709 -0.00297470867037401 -0.0217045951369528 0.147933200619598
-0.0324899915690446 -0.0193400249948741 -0.152018623726804 -0.096808254384694
-0.0065622460291234 -0.0361865945376054 -0.0237168003233915 -0.452482883622766
0.0537761359630994 -0.0492973986434306 0.516356470136676 -0.329203515334243
0.0539534736804268 0.0343747539028022 0.729447335152536 0.393163410275359
-0.0402244190134807 0.0384261819817974 0.0218234950912174 0.910083030276393
-0.0447250173457901 -0.00641729497253732 -0.457005242198554 0.440350972227158
-0.0323518411107173 -0.0118631582438651 0.0294986927875818 0.0585315718591039
-0.0303488538427793 0.0159546811662363 0.424088001856282 -0.480015259030636
0.00567025510070607 0.0191517888201966 -0.164735254783508 -0.895104397126371
0.037773736315321 -0.0216712989945855 -0.821746476738005 -0.255715618842838
0.00612168306415944 -0.0628465936320003 -0.453423880587618 0.517587456171252
-0.0355045107293163 -0.0255246937702378 0.118438149621068 0.457091640509303
-0.0185775336256169 0.000558437930808718 0.196925315294889 0.0807289641381974
-0.0133832726316101 0.00396047297178431 0.0575721250036825 -0.189067349183728
-0.0300131402541142 0.000200686875360841 -0.0164893108153079 0.148958084629567
-0.0274039317082104 -0.0164541190104337 -0.146564330824745 -0.0984063574949642
-0.00448145928537825 -0.0339644469930421 -0.00893787895643989 -0.446645794207874
0.0508065606786511 -0.0466800317719964 0.526079477672446 -0.308632009548969
0.0529494232826729 0.0407614830981602 0.709080721208653 0.422802127747026
-0.0387865102113119 0.0470763676591523 -0.0178501520625719 0.918105537905576
-0.0489599605883594 0.00523522703895224 -0.477452604446976 0.432195108683803
-0.0389453297141497 -0.0008903368678711 0.0236622875293029 0.0575895524608511
-0.0301004909264682 0.0287337816600073 0.406333010956313 -0.488146502331771
0.0116029361125088 0.0270412770348643 -0.197577660479518 -0.88282612279703
0.0381962926395627 -0.0199738675020478 -0.830818528921128 -0.222320921952941
0.00124554992046226 -0.062293686528698 -0.436212459638637 0.531735860133666
-0.0347292257990266 -0.0238327999606479 0.132946103094127 0.454608320933176
-0.0143229440884197 0.00325272538635937 0.203462925161157 0.0754730014123124
-0.0104615811406178 0.00788282170883776 0.0632598464791704 -0.191328286515558
0.00214700549428166 -0.00323903587042506 -0.0421099227315825 0.167229861049071
-0.00124750831455757 0.00214946366502791 -0.17815822727444 -0.0393717350189652
-0.000189468540674639 0.000119801334602314 -0.143718938956913 -0.438946877273864
0.0228723943780219 -0.0211193227350194 0.369046207559842 -0.477455321766436
0.0365506774743332 0.00879922984529932 0.798628881764164 0.137452102075731
-0.0249072214315213 0.00727612793729399 0.306230426305828 0.855481741570959
-0.0109310698862745 -0.0194194915275186 -0.341202339473812 0.558755950932297
0.00331450803798866 -0.0198892129956148 -0.00826080018147761 0.118858088009441
0.00233964705012659 -0.00680260249657208 0.524067625473251 -0.35259040407139
0.0110062124570207 -0.0168965028011271 0.136465530379598 -0.93009160994598
0.0179510181497592 -0.0234651730456558 -0.725327278288261 -0.53354603731767
-0.00389034559344106 -0.0326144097421421 -0.614902066854376 0.358926757890414
-0.0258641112260714 0.000133093076399866 -1.16865024333828E-05 0.470209920644886
0.0105889316238931 0.0175463620437676 0.172879107063704 0.132976797165315
0.0210942847569369 0.00768119951149184 0.0432672253888896 -0.185836080102217
-0.0054535053629954 -0.00460932507057604 -0.043908310153816 0.166853627783291
-0.0108192031665322 -0.00208410324187524 -0.178822138038308 -0.0458954413703196
-0.00354774653049589 -0.006319400666831 -0.136654675706572 -0.444592791281752
0.0286813853172494 -0.027011486358206 0.384826347038826 -0.46959661639494
0.038061396914611 0.00792080207138354 0.799454720375917 0.156861201091312
-0.0306965008388073 0.00441888688018434 0.28844871889333 0.858624576825345
-0.0156352594556535 -0.0277443114210217 -0.344931165570361 0.547249390766061
0.00283022228838646 -0.0287739255574382 0.00353964480219529 0.111042360522817
-0.000839161537779227 -0.0151756169321821 0.526742769194376 -0.36819371819659
0.00630813582801074 -0.0195540351704781 0.119715571457748 -0.932977801115786
0.0206129544700678 -0.0252124578121445 -0.73229521373684 -0.514658733212187
0.00284893696931393 -0.0370852938169728 -0.601968235352364 0.370865300906507
-0.0266437714608734 -0.00593227007922867 0.00870193939133363 0.467890067751687
0.00273557782742448 0.0117406050601635 0.172881929579416 0.127893788177631
0.0146700754069018 0.00469850350052626 0.0421569484380864 -0.188953320877706
-0.0126841221824374 -0.00621937507823795 -0.0419735562497747 0.163796798329275
-0.0203365979693068 -0.00690029661581744 -0.178284647299325 -0.0554661581534313
-0.00672933061385915 -0.0144302233277726 -0.12087705984385 -0.451205814446869
0.0351471071792308 -0.0351579306922743 0.409307614377033 -0.454171813001078
0.0416994512870727 0.00763280184626762 0.797543355013702 0.191709618446261
-0.0356411294257019 0.00629360012390367 0.251073770957507 0.867479987486308
-0.0208792623210085 -0.0323991950800248 -0.358743871630927 0.528802884342158
-0.000809073995525175 -0.0335692190825097 0.0149284004095444 0.100800833560013
-0.00707682950861032 -0.0181303369652267 0.519998859158549 -0.390455094544377
0.00109650715436539 -0.0179328049182695 0.076494676107063 -0.939803270287787
0.0247015961730133 -0.0251118792362356 -0.749351457721236 -0.475766245042383
0.00895350461698251 -0.043659170083733 -0.581798258259894 0.395808415419769
-0.0284612244814665 -0.0127494258489229 0.025287621930067 0.469394722631295
-0.00515411955934514 0.00574113497600643 0.175924003951267 0.119361906707493
0.00698193327870612 0.00204471135706422 0.0408616072534852 -0.190958882259101
-0.021675024643023 -0.00658052573306244 -0.0400172977866931 0.160388933728497
-0.0283488068174115 -0.0124727592708508 -0.175066785684906 -0.0680072920029875
-0.00861578780702985 -0.0216082746087317 -0.0982304904101557 -0.457980440960461
0.0419381766976244 -0.0428454566550225 0.44039987027822 -0.427196419493412
0.0462695154313222 0.0119570010721616 0.788656145999588 0.241569455456352
-0.0380379036779422 0.0104637245514051 0.198043642455503 0.882221494098479
-0.0281777617386853 -0.0311689434611656 -0.38299679490405 0.506828163537771
-0.00764077326950221 -0.0342071539235903 0.0237261682081023 0.0881512617733932
-0.0154152524799714 -0.0158470271843959 0.50449793520362 -0.418350821556522
-0.00192305983279734 -0.0113796921017905 0.0184533445167156 -0.938320448692147
0.0290127517319402 -0.0254538903110214 -0.773377129335315 -0.424309674092952
0.0120747376526316 -0.0507149671509786 -0.552661629019471 0.43009218560988
-0.0299782085443727 -0.0186516199069822 0.0490057811230187 0.468475735580913
-0.0110661149699914 0.00127843996243826 0.180367738075699 0.11044026948334
-0.000945869252317157 0.000316708388119818 0.0439948328018527 -0.192221271430213
-0.0286857394323631 -0.00627313551363044 -0.0354414620056004 0.155962842726933
-0.0335050761472928 -0.0159128522649414 -0.16901232999836 -0.0805184066990844
-0.0093665653596262 -0.0291306182727318 -0.0709881513657281 -0.46059726437938
0.0485111824458982 -0.0473527879853773 0.474564020612379 -0.397563869665906
0.0506092946483654 0.0178047315325767 0.775935449121968 0.299257015254386
-0.0406485506918779 0.0182291281720513 0.138234093032116 0.898340711721579
-0.033714439026411 -0.027429903357098 -0.40968393790379 0.483256500155307
-0.0157052923966649 -0.0305350614509162 0.029290673303673 0.0765243927881428
-0.021774446446359 -0.00833712283235288 0.481623501547576 -0.449575300001818
-0.00311485912820371 -0.00154148244373483 -0.0473262342420906 -0.933477772975444
0.0322262902297866 -0.024941807583548 -0.798261172024255 -0.363652045731702
0.0126138248537955 -0.0578465147920649 -0.519457962228523 0.466709727200448
-0.0324765952479259 -0.0231612261377626 0.0749377221808559 0.467776075941275
-0.0163665295864366 -0.00130310397188586 0.187012286201933 0.100294439206432
-0.00794488490623989 5.45920668803615E-05 0.0477498674931596 -0.193294703855369
-0.0332785613978115 -0.00479399558941035 -0.0301674156651871 0.152158006200039
-0.0355619124386555 -0.019264176608999 -0.162334815246916 -0.09184287103582
-0.00869504560074312 -0.0342994517849058 -0.0458898305643814 -0.461901972064126
0.052876295805365 -0.0503533894751828 0.503232242649194 -0.364014957238582
0.0540142672068199 0.0260701270263849 0.757123891340816 0.352798705024314
-0.0408974532424862 0.0289308768308648 0.0762746187111357 0.912284476737128
-0.0395146352683798 -0.0173227939859665 -0.43877880447702 0.461914349557926
-0.024574774215525 -0.0224989091104346 0.031550149366494 0.0660502917014432
-0.0282519683410269 0.00321582320890744 0.455652285088017 -0.473962021190095
-0.000497027071700393 0.00868296237696526 -0.115646769345848 -0.920859543712336
0.0360995586220769 -0.0237269586939251 -0.818879083113432 -0.304850774043585
0.00996178416037307 -0.0619278421248587 -0.484492379915027 0.501141838154085
-0.0341799747743195 -0.0259307001320578 0.0999262109008211 0.466268096353596
-0.0192592718271671 -0.00137893349196601 0.194533406553456 0.0896712652261667
-0.013375838203549 0.00188519758564759 0.0530508729522812 -0.191727976381439
-0.0343196237939971 -0.00340916459299232 -0.0224226820616803 0.149915940502447
-0.0333882923242501 -0.0191511462883895 -0.155758132939061 -0.0985822387068065
-0.00649212324841768 -0.0355373123114643 -0.0241673750782662 -0.458142606752243
0.0540190710533182 -0.0499894230481074 0.521995842102583 -0.336472722891175
0.0546835105818983 0.0347296643421649 0.738705025815379 0.397305245456624
-0.0411700185113871 0.0390217066214827 0.0249621024393983 0.924544802095921
-0.0453291299793671 -0.0062707027949734 -0.462881556085513 0.446188530911104
-0.0330189198239609 -0.0119176605924425 0.0293373968382513 0.060601725490001
-0.0311427166239306 0.0163040971263099 0.430169580593879 -0.488028955968153
0.00553842490735903 0.0197537237943247 -0.167316880697787 -0.908591600784862
0.0382679217001285 -0.0224591163181843 -0.832086718464719 -0.256482151793487
0.00582357975919518 -0.0638893645690155 -0.458780622203727 0.525637773302144
-0.0363168794562156 -0.0257732532310907 0.1212353200753 0.46249953258253
-0.018373903291168 -0.00023482709310919 0.201891889069506 0.0820492226641178
-0.0138296548146086 0.00424085968194539 0.0582918091191354 -0.191921042711141
-0.031329711220025 3.52260057111912E-05 -0.0175077763108159 0.149932101620917
-0.0281900487095422 -0.0161246767831397 -0.149690472000352 -0.10060486549558
-0.00359319641429606 -0.0337719345504647 -0.0112927161031524 -0.452712150354685
0.0508639686339221 -0.0465783461924799 0.531905015764452 -0.314676222026898
0.0537417950648605 0.0414398974258104 0.719515223477566 0.42706405614607
-0.038877675085276 0.0480845900997256 -0.0151021176399801 0.930695035539113
-0.0489969923504788 0.00545323135150488 -0.483947157576711 0.439415207834333
-0.0390011923456474 -0.000615757686882365 0.0235097803493792 0.0578565564860304
-0.030929659341765 0.0301080365811954 0.411529151201859 -0.494474932106769
0.0122419166690353 0.0280541539340515 -0.201535151034095 -0.89483505798768
0.038481358736328 -0.0203689582281041 -0.840227893722469 -0.227196488153214
0.0012508855158218 -0.0630726339740179 -0.441890931433351 0.540580078352406
-0.0349645781598252 -0.0233939012266204 0.13625430718372 0.461512237031073
-0.0143617667161406 0.00265525938640064 0.207486374490634 0.0769813679943681
-0.0110087284035947 0.00767904295019475 0.0642001689405889 -0.194200472516743
0.00102011514192292 -0.00317714283930136 -0.0416548356293484 0.169522609380112
-0.00158603958478018 0.00252421347342646 -0.181543404717933 -0.0397007451851056
0.000270820808443092 0.00091129746802477 -0.150288896506898 -0.444098227437042
0.0227024666523661 -0.0215093853114677 0.373052302202523 -0.486820364524921
0.036258531356745 0.00879173486514526 0.810735977433803 0.138193205322322
-0.0249612478777299 0.00751598040844402 0.314781669692171 0.867561122894808
-0.0116069137808355 -0.0191948989828794 -0.34290831530067 0.568072169021117
0.00276056898726852 -0.0203910994307588 -0.00906872780545606 0.121819932217196
0.00212404787020634 -0.00722609629684161 0.53103244552194 -0.359601446680437
0.0107661799991348 -0.0164486381840342 0.136504183049824 -0.94443795389192
0.0179467279541148 -0.0237785804717784 -0.73898785445747 -0.53975461007154
-0.00446328680015992 -0.0326607312252264 -0.622453213578355 0.364413858466326
-0.0256103994379695 0.000408948149746818 0.00181039962089596 0.475876157881024
0.0105630450983193 0.0177595878668942 0.176983377218907 0.136046269825899
0.0209575101586345 0.00776979487597664 0.0438083834978691 -0.188695684983777
-0.00594924706254349 -0.00494150835833608 -0.0434223272007673 0.168638711031412
-0.0109752932530452 -0.00257663505130427 -0.182461703065795 -0.046119675688214
-0.00277300980157355 -0.00584196048397506 -0.140928944858152 -0.449944626230615
0.0279624585138932 -0.0285471455592482 0.387198529511002 -0.479409566274801
0.0387566357940856 0.00738734781418458 0.813127166580474 0.155099473767694
-0.0310297356077247 0.00508879786470997 0.296910204656033 0.869536342595776
-0.0158345560016165 -0.0283075859928612 -0.349437061681047 0.556028739743067
0.00349375808628345 -0.0284946401670968 0.00372108167553311 0.112897599939915
-0.00118761780641734 -0.0152061177044987 0.534826824510357 -0.374528599943918
0.00563331220960531 -0.019921240348229 0.121437805582253 -0.948932438533355
0.0207725759904117 -0.025201901257753 -0.743868651810619 -0.520816383207843
0.00266585042453424 -0.0378025525686676 -0.610154619107684 0.377570615914591
-0.0271188137073034 -0.00561263976601124 0.0113127937453511 0.474426970900125
0.00306267602147367 0.0111894909159657 0.177405566599867 0.130085151448868
0.0146196583108155 0.00462271172833406 0.0423552948748473 -0.191967152120521
-0.0145864262707385 -0.00555802093733797 -0.0423993455069947 0.166151916363368
-0.0207174497942412 -0.00677017303844283 -0.181689142632877 -0.0563824571926283
-0.00722859562200806 -0.0140661332469212 -0.125546286941765 -0.455987044401589
0.0353536052045393 -0.0362356617182623 0.413422766877055 -0.462104199838683
0.0426027246519759 0.00773707647371242 0.812299295241206 0.192544223599903
-0.0358863420805566 0.0059276729220595 0.26054075025691 0.879983994723582
-0.0213096955179 -0.0321365320077815 -0.364033726104164 0.537578217242451
-0.000640239943571481 -0.0339928733996209 0.0144090802156803 0.10238057887945
-0.00722472559566857 -0.0183493665185367 0.526059476165692 -0.398355218154238
0.000773445854012032 -0.0178709385353733 0.0755961507435969 -0.95262920074231
0.0249549241839888 -0.0256202446615308 -0.76324503757823 -0.481634618895194
0.00816724801360461 -0.0445334101959704 -0.58810834171802 0.404815402403932
-0.0283147066010194 -0.0123166412942769 0.0280088504388836 0.475716943849378
-0.00478403604476936 0.00568899970344164 0.179733798652797 0.12211127608028
0.00707993195143455 0.00137815088120566 0.041430727070207 -0.194463184912733
-0.0226002890926191 -0.00664738940475525 -0.0417747682976363 0.1622674080799
-0.0296533448169931 -0.0115735223436196 -0.178136387693898 -0.069329816944869
-0.00953558058916007 -0.0219723424223617 -0.102444520266916 -0.462350909255443
0.0418969311492867 -0.0434369929391486 0.444528516909817 -0.435811808581641
0.0465366609538182 0.0113835072538116 0.803186209911258 0.24124329114081
-0.0382052790655489 0.0112441190876188 0.20588163209454 0.894588304069169
-0.0279193386773978 -0.0311329285805786 -0.387273221285557 0.515825117801599
-0.00768367648173783 -0.0349696169807398 0.0236105429258989 0.0896496272737198
-0.0159393366489327 -0.0156634625623493 0.511160843774168 -0.425859321044065
-0.00214804641120261 -0.0111015270353344 0.0160533342560556 -0.952361084292141
0.0296291988092907 -0.025281535606164 -0.78673850983861 -0.430866213663441
0.0122240421277061 -0.051370796814735 -0.55932760802283 0.439488465734996
-0.0304535150678217 -0.0188683973991387 0.0525658259135184 0.474983999363488
-0.0114845636160393 0.000789763792812321 0.184582939147639 0.111992476241743
-0.00161777726966831 0.000359244637685435 0.0447063439395568 -0.194520810961317
-0.0287947539415803 -0.00632928038991016 -0.0361741820772082 0.157512641350027
-0.0347800513599982 -0.0157927138169252 -0.172480431947953 -0.0819499182523737
-0.00971531206673702 -0.0289577935410155 -0.0758901977484815 -0.466176689511645
0.0484029268901548 -0.0482756505976416 0.47924062530199 -0.405995528744204
0.0512598361420692 0.0175505181858045 0.790006796950687 0.298704200517248
-0.0406098500446408 0.0187044068033281 0.146290427895984 0.91048830032474
-0.0339283877686444 -0.0270782466606594 -0.41430301779596 0.492859002977169
-0.0160674708940084 -0.0307786411725577 0.0296930413337249 0.0783284785471249
-0.0228338103146048 -0.00836100827333979 0.487946149610189 -0.455584764430289
-0.0025408062495406 -0.00225847654686632 -0.0512060613960223 -0.947359365873491
0.0328528810204342 -0.0254794642003596 -0.810746147680738 -0.368074437686076
0.0125210464886173 -0.0582382989041548 -0.524955373608995 0.474230448844621
-0.0333469646903283 -0.0240694839522834 0.0786875443971285 0.474889627239568
-0.0166595990469209 -0.00190437469264922 0.190760483215915 0.101584503615506
-0.00832319542480372 -0.000258389909633818 0.0487019535997273 -0.196100329708918
-0.0338922838369773 -0.00485585487734084 -0.0304238053400375 0.152553183920129
-0.0363527005527752 -0.0190431049460448 -0.166712077930683 -0.0932630148824912
-0.00846001071568655 -0.0337545158728575 -0.0496510535831857 -0.467216793951031
0.0529817426880337 -0.0513415101636046 0.50808502105132 -0.371419626312092
0.0537348701958653 0.0260983924272968 0.771340259797909 0.355158205146242
-0.0422202734724334 0.0298479737782928 0.0841626493185597 0.924801903653852
-0.040223670137582 -0.0174756482034646 -0.444182962659345 0.472539552318586
-0.0246144444557569 -0.0231770927814676 0.0317824034648041 0.0676840531010928
-0.0291491205985501 0.0030800321763959 0.459103293842098 -0.481672752040966
-0.000319037785035177 0.00944694598359084 -0.120318731440504 -0.934710983726424
0.0362208758450421 -0.0247566920126821 -0.833092491906723 -0.30607579844453
0.0100416726146196 -0.0630365645993327 -0.490904158322286 0.508437667232614
-0.0353265461532694 -0.0259645291281472 0.104283541634209 0.472269638216896
-0.0193891488842245 -0.00242532414431605 0.198875971805524 0.0916596838844813
-0.0133578112265869 0.00158541748018369 0.0537710078395732 -0.195298221655492
-0.0348097564370756 -0.00314049121250928 -0.0232634865985165 0.150840791633495
-0.0340521958823586 -0.0193753985103287 -0.159609544281887 -0.100071601831195
-0.00648703608971891 -0.0354949441503353 -0.0288629373064084 -0.465129610894181
0.0537441128582576 -0.0508379411090107 0.528259590947811 -0.342551202282429
0.0553963606330882 0.0345935650876582 0.752261310257719 0.398828944237252
-0.0414559945934119 0.0398588212702389 0.0290465385188816 0.937763264339684
-0.0459122318692884 -0.00585327412250397 -0.469384617369183 0.456974893030567
-0.0332280214646461 -0.0120635889973419 0.0298930304939406 0.0612023038311568
-0.0317078763851405 0.0169582054983664 0.436902334899204 -0.496085283792218
0.00494223624296968 0.0199353598764439 -0.172141611930465 -0.921443957653904
0.0379673338548222 -0.0230008818332326 -0.845668866646133 -0.258068314309555
0.0057472716202893 -0.0656362938193985 -0.462797147338728 0.53666343482962
-0.0362508937790103 -0.025686760859748 0.125309724782068 0.468677049459314
-0.0186644729988505 -0.000739190459106351 0.206273043767446 0.0836389770464192
-0.0141323279081686 0.00363094943564008 0.0587358095026636 -0.195891170005991
-0.0325110055564048 0.000331604578205898 -0.0177006327343169 0.151653301180856
-0.0290041744475298 -0.0162352808310458 -0.152986176454238 -0.101855429777905
-0.00379449861458484 -0.0344133577100211 -0.0150145768390409 -0.459148741333988
0.0505250997764457 -0.0477300696388094 0.53803650195632 -0.322683596488348
0.0551834891796066 0.0419808609887511 0.733450030142498 0.430699198149002
-0.0390551069784909 0.0491411542471154 -0.00943965128701597 0.946576638224846
-0.0498106746704317 0.00618003165769103 -0.489446871890182 0.447529731997998
-0.0393025689374722 0.000175483254707224 0.0238815239353691 0.0589145868435992
-0.0308580811019923 0.0299292730542808 0.416800408680018 -0.503982782471786
0.0119000801754378 0.0285830021846622 -0.206018884886817 -0.907165951657397
0.0388703780323485 -0.0208726073462444 -0.853740068488753 -0.228396282907424
0.000596365763982941 -0.0636596858357193 -0.445980852474083 0.550794731088422
-0.0356287568814292 -0.0237488577818866 0.139690224273537 0.467661764360955
-0.0141458230050006 0.00179989694841226 0.211441243476193 0.077892450418402
-0.0118230907233196 0.0079901244100806 0.0647258206018747 -0.197265782903652
0.000698725338392761 -0.00380898689095143 -0.0415347086862035 0.171517569225863
-0.00166310627883924 0.00288547535106658 -0.185394825878538 -0.0398928695644792
0.000504982007421122 0.000855160332938247 -0.155831098771869 -0.448153529269019
0.022258752730693 -0.0216827523176404 0.374148981777025 -0.497101532807776
0.0363991423614709 0.00878528222323048 0.823408351182756 0.132843443933012
-0.0260020726738559 0.00781039048137232 0.327681679218876 0.878693861485558
-0.0113825897291902 -0.0187143753093995 -0.345747785882539 0.58192163953725
0.00351419692003229 -0.0199206376112755 -0.00774149908353426 0.122779712617018
0.00124493674571486 -0.00710146917355097 0.537316772465666 -0.367847255232847
0.0101527737277174 -0.0168710644212732 0.132029690105757 -0.96014173068133
0.0180133541065807 -0.0247283230148628 -0.75341073376347 -0.54294609487833
-0.00494663392682762 -0.033462736011217 -0.629737704676729 0.376916055853896
-0.0264228662572667 0.000637968555458945 0.00574770865058327 0.482567621093479
0.0103623573509999 0.0162902486469065 0.182362988493759 0.137021734592928
0.021311981041206 0.00714187600426371 0.0435195964554851 -0.191129832579691
-0.00677662630131714 -0.00442530978417729 -0.0439207393969482 0.17037545346616
-0.0115560926847398 -0.00181285230969742 -0.187012550375669 -0.0458292387561938
-0.00286336377595438 -0.0058076001025821 -0.148369143120534 -0.45558353484839
0.0283669415064596 -0.0290050199242559 0.389078791769927 -0.488951249142929
0.0386886500959903 0.00623444628895345 0.826127579846084 0.149758555758809
-0.0314718609862413 0.00557127126980316 0.309452784829844 0.882047591358708
-0.0154611911825624 -0.0279616215756298 -0.350058172036928 0.566421397732382
0.00328545283512076 -0.0294078030848221 0.00389310684240501 0.115985709522786
-0.000907267748371606 -0.0147870870074846 0.540209548887 -0.383608472685624
0.00504236728792984 -0.0200976942326194 0.115328091892922 -0.963509382940399
0.0209305386945454 -0.0256764988486107 -0.759519825709989 -0.522819225196124
0.00220024913206209 -0.0385713117201515 -0.618105545179152 0.389786946408803
-0.0274443805322596 -0.00572039288881354 0.0165048684369826 0.481630560308878
0.00311150790173007 0.010650506660614 0.181598785983454 0.131775770160559
0.0141507309604961 0.0038717833549312 0.0425229934184429 -0.19431472144945
-0.0140743021228216 -0.00613536583017879 -0.0430006614581389 0.167546231779939
-0.0218391614251355 -0.00616597686948624 -0.185893010300705 -0.0557358132047854
-0.0068793538013561 -0.0133708131670924 -0.132169307733773 -0.461465079691776
0.035153519294094 -0.036745199524961 0.416458186762443 -0.472048435759303
0.0428377149891984 0.00694856590112425 0.824831370609964 0.188002278624052
-0.0361381847588946 0.00725426567060484 0.272082682338635 0.891574880469133
-0.0213069161217238 -0.0320102359256518 -0.365706736251401 0.550298687398076
-0.00112818769965062 -0.0343861545781116 0.014989486528396 0.104118958016914
-0.00824688267130782 -0.018368480286645 0.532136915884781 -0.408821847409329
0.000260972631500378 -0.0182464833837975 0.0706739097334932 -0.96956064380683
0.0255613851058232 -0.0260754281354185 -0.777507020447001 -0.482349470620484
0.00819885276801998 -0.044187336607302 -0.594800183323198 0.415510509171313
-0.0289721442928525 -0.012358000697745 0.0340578043757635 0.482100875197901
-0.00420278567189233 0.00512528615989545 0.184758658330609 0.122999116922869
0.00663405053154661 0.00140716914679244 0.0407868265946531 -0.197213786221065
-0.0234636739535491 -0.00599879860751142 -0.0417267921472192 0.163383844210565
-0.030506044359857 -0.0118885143775136 -0.182936171943229 -0.0696218961821723
-0.00871035476210958 -0.0218088349639389 -0.109471605907089 -0.468965221348767
0.0414605602940746 -0.0448650609771631 0.447593651685659 -0.446022445509404
0.0468481080043172 0.0104956011815497 0.816122083409292 0.237028787844199
-0.0392557611712229 0.0120779228928501 0.217110535639789 0.907339611538887
-0.0285485009920389 -0.0311130701744748 -0.389377120930619 0.526774587874991
-0.00862694212328635 -0.0345276285625413 0.0241153249630845 0.0912047442049758
-0.016155142140998 -0.0158794604466831 0.516729163388902 -0.435493021234367
-0.0030716502018446 -0.011358573691746 0.010577717644664 -0.968477244378299
0.0299393792786705 -0.0264367725619415 -0.801792145100012 -0.430776772245619
0.0118688797489744 -0.0525476640469559 -0.564264795722316 0.451082143149235
-0.0308056471696299 -0.019217917405054 0.0564747346208568 0.481294896860835
-0.0111806442430488 0.000507696750585226 0.189269047089308 0.112784190810719
-0.00249460240910871 3.03223988883643E-05 0.0439331225188664 -0.197569810634893
-0.0294284540533925 -0.0064988249613328 -0.0365843198435856 0.15939258547035
-0.0350828396575433 -0.0153304472584094 -0.176667256531535 -0.0814431343381771
-0.00981527728343824 -0.0291175862586633 -0.082065093288183 -0.471512263647107
0.0481211291087205 -0.0497470946795402 0.482600982024249 -0.414508470181069
0.052177980243221 0.0171645557129349 0.802855322235078 0.297360448890101
-0.0407763129753715 0.0197589264263082 0.156613484468711 0.923452459629344
-0.0339303273010972 -0.0270671548919083 -0.418386602781402 0.502220157011585
-0.0158662141291144 -0.0310212314128892 0.0299925471389329 0.0792777874847213
-0.0238695423822598 -0.00905475276336159 0.491843612796543 -0.466416404649385
-0.00310654113527394 -0.00129585233803753 -0.0601693838183587 -0.963066084878503
0.0337542325443823 -0.0259189039405396 -0.8268110896596 -0.368325104721613
0.0119525423356666 -0.0591527470222105 -0.529370980319841 0.486757145257037
-0.0334150908319538 -0.0238944196514507 0.0841099683836543 0.481873509002007
-0.0168570945774721 -0.00238862767863097 0.195360297013316 0.10254615779897
-0.00799725024520486 -0.000558976549482348 0.0474147643446604 -0.199277552998111
-0.0352183204099763 -0.00443126049810724 -0.030822238756297 0.154325186604208
-0.0364545740807547 -0.0187499881661425 -0.171433024389756 -0.0940694089099327
-0.00841421238147322 -0.033595559333713 -0.0554447202230002 -0.473586167290746
0.0524440343037575 -0.0524935300367836 0.513383705075779 -0.381503451736698
0.0546709558472203 0.0262222777763992 0.785558104699076 0.354672649935739
-0.0418485240102425 0.0305035932338495 0.0922734163860545 0.938988504949091
-0.0411375374725592 -0.0173884938968149 -0.445643049458933 0.482398604318516
-0.0256876453132754 -0.022720949106117 0.0325343622012552 0.0690843684622287
-0.0296078448004626 0.00345879724669158 0.464262224124023 -0.491183890408702
-0.00026534204984191 0.00999858382672233 -0.128000924722836 -0.947710317596956
0.0371097572423754 -0.0251321376477684 -0.847610403898071 -0.305931789862003
0.00951983350204751 -0.0646795898730524 -0.495856416156016 0.521870214988469
-0.0361874631765422 -0.0264239655657586 0.110811468540887 0.478960914410917
-0.0197644439263573 -0.00288307108583236 0.203766945666269 0.0916852539638514
-0.0137180986135918 0.00113608895735829 0.0533152502682915 -0.197449903809412
-0.0359465327069537 -0.00278932218683247 -0.0237197384498929 0.152224504395235
-0.0351934754847485 -0.0191203962967521 -0.163787452944311 -0.10084789085358
-0.00657542276205998 -0.0358504138885196 -0.033871320227877 -0.470293509657431
0.0541159285386683 -0.0525413158529251 0.532980878190941 -0.35261168363766
0.0562701833260283 0.0344934917936781 0.76559318262219 0.399892766444402
-0.0413368214254803 0.0410431053873893 0.0379648220952045 0.952348059295619
-0.0461973610836495 -0.00553081101660875 -0.472497418969638 0.467752126132445
-0.03431073843363 -0.0121033858705252 0.029796403964595 0.062586768833899
-0.0321314274807171 0.0173278862650929 0.440164325608934 -0.505947745706318
0.00525818921491122 0.0204494739620865 -0.181898204903537 -0.935834484749052
0.0383573177472955 -0.0233777535558622 -0.861481516002672 -0.25526058536861
0.00496690610895687 -0.0661936711320264 -0.464564845003038 0.547872302131928
-0.0370038974101731 -0.0260506985791599 0.131915597156776 0.474204542332591
-0.01917371246715 -0.00165400065820526 0.210025236644854 0.0837772769764361
-0.0147119984381084 0.0044198528148053 0.0583715224761919 -0.198740001376923
-0.0332439938665172 0.000716923345458001 -0.01785740860747 0.152981823638998
-0.0295473886131052 -0.0159690540233397 -0.15753130693785 -0.102285442102389
-0.00429730336397889 -0.0342129270471762 -0.0190291556176812 -0.465227053577022
0.0504295393320835 -0.0491239676682708 0.543748545276236 -0.332595168655445
0.055578183196139 0.0414517105462707 0.748451902135011 0.429893626220099
-0.0397231815982258 0.0509991352248943 -0.00276550920391001 0.961094658949267
-0.0502099373116465 0.00700516772761974 -0.494133375561445 0.458084185049427
-0.039949650024103 0.000365061477568026 0.0239213784584227 0.0601831479258958
-0.0320095793678002 0.0308447634201368 0.418841210004569 -0.513690952588647
0.0111964707877822 0.028979270415891 -0.215217293519813 -0.919558982972515
0.0389118132335231 -0.0210850962685324 -0.869290084418202 -0.223389951472497
0.000602528099122469 -0.0648303537615357 -0.447627269489211 0.562511762624627
-0.03624286505095 -0.0240557448360463 0.14600561649013 0.473396079224075
-0.0150326185692748 0.00111300117540775 0.215907942331707 0.0787351717410554
-0.0118950989270478 0.00768040957933215 0.0650192646254769 -0.200047306748523
-9.34069826012667E-05 -0.00285850816192862 -0.0421065229360281 0.173396083709902
-0.00197606849610553 0.00271852230004564 -0.189695562899012 -0.0381970802229697
0.00116562970880738 0.00186591140786749 -0.164990892657705 -0.452385801932596
0.0217258328694973 -0.0222851555143014 0.374415062060934 -0.5096982300203
0.0374924340008067 0.00768445745215604 0.839664058695861 0.126169427660756
-0.0260058758914983 0.00844583058034988 0.34367079733713 0.889726505310652
-0.012362811758741 -0.0191531808696582 -0.344280176770839 0.591842096619715
0.00259624411774571 -0.0203175159239054 -0.00712776229503777 0.125795200556884
0.00137764068996288 -0.00776122639631003 0.541179931724207 -0.378568920594902
0.00970806258216363 -0.0174175380924541 0.125359980115219 -0.975140082293981
0.0184564747559696 -0.0249773905160663 -0.770972469653962 -0.542726727269366
-0.00500983147557296 -0.0337043841128611 -0.636316094447997 0.387410757368277
-0.0263739809586094 0.000577379670812995 0.0108379731044658 0.490012154704144
0.0111159963107014 0.0155986732453371 0.186932276159879 0.13869401447325
0.0210483619861087 0.00711529326455042 0.0432938619087805 -0.194586282191226
-0.00758946045438166 -0.00443001248775296 -0.0440122607316344 0.172815114959803
-0.0121859632716112 -0.00198723819251708 -0.191258884726303 -0.0445354270260046
-0.00281714574807372 -0.00525782811991378 -0.156692769695489 -0.458984476614566
0.027783161275952 -0.0297615248893717 0.388127763465806 -0.500659318442795
0.0388478898150393 0.00582684028324157 0.84049478828548 0.143428367040455
-0.0315686670330507 0.00640722213932942 0.324895222620074 0.889685317453126
-0.0163464695614571 -0.0286059091174743 -0.349496901953219 0.579114262469218
0.00286122259139022 -0.0298885016366662 0.00436680820226817 0.116921593148411
-0.00206903893187584 -0.0154249087634163 0.542976672155161 -0.39320960453408
0.00470992602006378 -0.0205644472708625 0.105693937951138 -0.979548154420382
0.0214687594856443 -0.026499294853674 -0.776392076833004 -0.524329916940346
0.0014075403277794 -0.0394109652474883 -0.621538041531862 0.401662246676413
-0.0280802014568685 -0.00513548899500531 0.0211410631420265 0.487692682352099
0.00275560998245738 0.00977641006353278 0.187242916047866 0.133029392387056
0.0143784550026385 0.00317570265857605 0.0410225798871781 -0.197671143344757
-0.0161236201296928 -0.00595904616438126 -0.041781770442719 0.169904720338792
-0.0220989514430135 -0.006065603573164 -0.189489309237582 -0.0557713045327593
-0.00635081454304945 -0.0130689464811483 -0.14016116387173 -0.465903882707903
0.0341388132907775 -0.0376334685983478 0.416925341014198 -0.483172135351612
0.0428283929852712 0.00636116817017048 0.838064714713448 0.18134391213575
-0.0366528241925104 0.00711424796861547 0.287220453124998 0.900026224237253
-0.0221805978804466 -0.0327690684371848 -0.366085386546863 0.56030332770486
-0.00127637238928302 -0.0345485620650062 0.016101483956972 0.105248780786022
-0.00875160682598108 -0.0183687062306259 0.53645459206954 -0.417920514037633
-0.000610719934823048 -0.0185764915859236 0.0629920909484831 -0.984311069781786
0.0254572458980627 -0.0271539281000921 -0.795035923746294 -0.48303190755033
0.00842952122861492 -0.0460385959653938 -0.599539619833122 0.427771650965737
-0.0293694497042405 -0.0121935570196991 0.0380881179620011 0.489253662200846
-0.0048004997748587 0.0041488129236915 0.189677289168271 0.123674022540136
0.00638485630530595 0.00108412298047473 0.0400321642648741 -0.200042772188802
-0.0245255482999459 -0.00582517633785143 -0.0409548915659874 0.165056047082209
-0.0310708520092962 -0.0114062939739544 -0.186968709069608 -0.0686083355889185
-0.00936129196332361 -0.021235841483836 -0.117770256116541 -0.473142419643226
0.0403638517670715 -0.0457644739864895 0.449364226508214 -0.457492614642333
0.0475896796594911 0.010009588580884 0.831895406284102 0.231631646019707
-0.0395012213798939 0.0129810152010709 0.230888364999044 0.918037583026621
-0.028863968236325 -0.031846427041008 -0.38992480456297 0.536860469849435
-0.00823052382658126 -0.0350766414607084 0.0244609636643361 0.0920559520392722
-0.0174003409950268 -0.0157274186447361 0.519047246459555 -0.445763916233635
-0.00385177396317289 -0.0111033426347123 0.00263758561786327 -0.982402042452833
0.0297025741148921 -0.0266882756748541 -0.817425897367645 -0.428851243659752
0.0108468717018687 -0.0532128224365245 -0.566699385871782 0.464396247003194
-0.0317501927896894 -0.0188022621806954 0.0640437144040137 0.487259516025039
-0.0115952205351047 -0.000233595865520811 0.193585322754016 0.113376048821109
-0.0022841597730344 -3.98792791740511E-05 0.0431529583757736 -0.200843602479599
-0.0316096091358196 -0.00581640698010049 -0.0360126388537182 0.161066387947573
-0.035799847339939 -0.0151977962609407 -0.181792866163448 -0.0816829232561098
-0.0102080526339587 -0.0292879887297848 -0.0886237137843265 -0.477299662413625
0.0478214652711145 -0.0509244164431684 0.48512984577934 -0.426867255233859
0.0518806500187974 0.0168258223051384 0.820336519844229 0.293773974917943
-0.0419413511835665 0.0207428655060439 0.168952360182603 0.935830572516513
-0.0349245726944242 -0.0266379069764922 -0.418428283538388 0.515190044250634
-0.0163873417272517 -0.031743616013546 0.0308377834936137 0.0800135836201321
-0.0248172866813532 -0.00886167836526632 0.495778556942741 -0.477688801544556
-0.00413118189260291 -0.00160442824668243 -0.0684792129752586 -0.974976561650254
0.0332654815037119 -0.0262948504558926 -0.842547007400153 -0.364653164260185
0.0121575376363621 -0.0604003693905463 -0.532914489863307 0.499529186840835
-0.0345722807995919 -0.0238770397725303 0.0900285711810028 0.486918592206962
-0.0171876641106595 -0.00279734421449242 0.201125372497884 0.10216781350696
-0.00893091371902186 -0.000227704631037947 0.0470325450217776 -0.202473773002489
-0.0363845542131796 -0.00459153856397327 -0.0308629623008723 0.156314368760744
-0.037472866964841 -0.0189837694818031 -0.175505650960882 -0.0932556457416582
-0.00895967981179366 -0.033673365544412 -0.0626712363284164 -0.478637777250594
0.0525533684907364 -0.0539045613649196 0.515724313081426 -0.393893683724462
0.0557263405164532 0.025471262097096 0.801209256950539 0.350314524229771
-0.042133011012553 0.0312400227760918 0.105545845559544 0.95209501791418
-0.0415051054748945 -0.0170549853788533 -0.448220820355463 0.493926813428335
-0.0251787540859045 -0.0225949253686066 0.0335893101787253 0.0699519385974579
-0.0306422688314139 0.00417863295337647 0.466249810728737 -0.50146763085611
-0.000786069294847348 0.0095979977105835 -0.139174448514414 -0.962088778817697
0.0368346622338167 -0.0259375780069704 -0.86326698479599 -0.301850576955219
0.00873048902482843 -0.0656218576534067 -0.495606296535634 0.535144762165176
-0.0363718758152311 -0.026574546430899 0.116373012787633 0.485086274863369
-0.0204168747847152 -0.00312151880601826 0.208092656401497 0.0913039168028079
-0.013949237172887 0.00127243471080642 0.0525582244277539 -0.20163316153736
-0.0372393941607868 -0.00173675406910841 -0.0230987631912413 0.154050622978762
-0.0350423289577994 -0.01896880351496 -0.168378863805937 -0.100461551800413
-0.00693833542074986 -0.0358508136022032 -0.0415395344868913 -0.47499108483225
0.0531578937669712 -0.0539644698074949 0.536611710505485 -0.36352135227919
0.0569290764481331 0.0342311830454226 0.781810574496938 0.396819725842156
-0.0421335702679375 0.0422933367474603 0.0507803843432662 0.965625234138459
-0.0468570051004937 -0.0045484349640128 -0.476238399543865 0.477847340377367
-0.0346124946143587 -0.0114147264366396 0.0307880885573528 0.0631547039315893
-0.0328003169806142 0.0176421685388147 0.440495842393839 -0.51822145223968
0.00451553053591235 0.0209065865425907 -0.194356554600009 -0.944518393789662
0.0382682899384361 -0.0239430427420438 -0.876874394202318 -0.249939634602487
0.00407439050008222 -0.0680465054720981 -0.466551985920546 0.561753942009751
-0.0374593855596484 -0.0259443342935125 0.140637696442717 0.480167868973098
-0.0192727610604685 -0.00170816111415721 0.214992619576839 0.0833296179024936
-0.0147052807780063 0.00376177292688211 0.0577583467108274 -0.202262842033881
-0.0342807635455387 0.00155257541330558 -0.0176636291817615 0.154632202316312
-0.0305736533809402 -0.0159057202553144 -0.162527282535244 -0.102792141144645
-0.0040247913441677 -0.033108159493178 -0.0269050364404948 -0.471306550752446
0.0495810376645665 -0.0502238669078595 0.548554252749434 -0.341598183650441
0.056755205216227 0.0413919829313073 0.763527502127324 0.429117913368048
-0.0392058727372693 0.0519070407862648 0.00959271958294394 0.974279242836147
-0.0510957672917549 0.00768691767164709 -0.49560333877069 0.470384989955395
-0.0396834828605505 0.000818180054880133 0.0242835208347341 0.0619760628353581
-0.0328627308830766 0.0321817678260113 0.420295579609169 -0.524151780816017
0.0119210376220063 0.0290413463047856 -0.228421969307698 -0.934181171499956
0.0391847267564202 -0.0218259040085528 -0.883274071364121 -0.219053574542774
-9.6313635145541E-05 -0.0657878652747854 -0.44795396548352 0.576551557050257
-0.0364215442378965 -0.0237709388323947 0.153769297006228 0.477861983589164
-0.0146651330546438 0.000559142002990246 0.220464874837112 0.0774092459580848
-0.0123548573709176 0.00765273096003215 0.0639008287700129 -0.204360830131448
0.00225795115066605 0.000715546437084921 -0.0777210801162881 0.160153244723784
-0.0040237743915571 0.0050279679199169 -0.181536581885913 -0.076573618250616
-0.00604820186196515 0.00110041128446805 -0.0733242479284718 -0.479607800956017
0.017791952655411 -0.0261900647604917 0.479161311859138 -0.433538456966922
0.0403659649901131 0.000871289388099546 0.812961026959165 0.292835682336367
-0.01683524792394 0.00677072016859741 0.16587982509708 0.956585088653751
-0.00774646498252378 -0.0176819736018227 -0.466706378635736 0.525450491972713
0.00852901981963545 -0.018052337224541 -0.0339878314224342 0.124157823988105
0.00322152319932804 -0.00616295746678325 0.619478197203172 -0.269624455256781
0.0140890678526598 -0.0205055049771707 0.319275409156782 -0.947846302063246
0.0194420951453921 -0.0269360398397757 -0.659869205483913 -0.691305590395823
-0.00892652067821174 -0.0358340286893764 -0.708785232277385 0.25799219041171
-0.0301462297542427 -0.00137948020295782 -0.0857434297491848 0.48913470172411
0.0092385895703631 0.0206474412720386 0.156999205860271 0.174689876574398
0.0197940467026579 0.00987950069582417 0.0856100566442856 -0.18396622661265
-0.00522043138038738 -0.00255349771468495 -0.0793067078671727 0.158166998747392
-0.0132826145655745 -0.00154141866943768 -0.181921803532386 -0.0833717024366318
-0.00880483129713552 -0.00689555173958889 -0.0636379046304516 -0.484926970535876
0.0249257815410573 -0.0327111546475328 0.492839460788552 -0.423234303871485
0.0440061909282319 -0.000468949584522274 0.812085461954265 0.310777577393562
-0.0222610023474171 0.00287799495785598 0.146900399343012 0.955710727132354
-0.0106887333699173 -0.0285662281652504 -0.469164512423067 0.510183558783601
0.0109209641075873 -0.027679973043448 -0.0209633419283336 0.118138564452852
0.00137978702473515 -0.0153377818209691 0.626138149607901 -0.285668006500521
0.00920245164311274 -0.0248743886731561 0.301698359667984 -0.957434651770645
0.0226563111570701 -0.0270143944978794 -0.669024071793685 -0.671751025760901
-0.000486114007883887 -0.0392742988790472 -0.696896744234882 0.275309676125969
-0.0305461762988685 -0.00745059315576214 -0.0750475781113566 0.489947404720099
0.00271713603487918 0.0136827345541949 0.15797718792836 0.168999341230281
0.0131980386071151 0.00491543332885043 0.0849367503315307 -0.187346423899402
-0.0125697561282534 -0.00586151322073018 -0.0772644627441469 0.156378728248911
-0.0220652342200836 -0.00760222212266556 -0.178451932996436 -0.0943606766487512
-0.0106591009100378 -0.015186518107392 -0.0477113057899313 -0.489257809129516
0.0341126977100823 -0.03935971233142 0.518591465708853 -0.399517842027228
0.0481423714830782 0.000640543003457131 0.803511216816522 0.348466350768847
-0.0274432182453623 0.00350099048406049 0.10559096182745 0.957452802153786
-0.0154966853369404 -0.0337582326370662 -0.48066355108878 0.489409481601028
0.00813749169993082 -0.0337670731614988 -0.00672473771763547 0.10919120645843
-0.00456014141980121 -0.019173230841386 0.621867497443935 -0.312017228037334
0.00377537396244691 -0.0242254288918528 0.256074446084539 -0.969912488371729
0.0263966277560846 -0.0266058276642986 -0.6959792548221 -0.63543350637548
0.00691827564896293 -0.0436446829209309 -0.680395189706168 0.305263230644052
-0.0300131724843848 -0.0146854833704777 -0.0576606697646244 0.494299767895085
-0.00336140354268645 0.00546754728711911 0.162502007468448 0.160942056091466
0.00618410259972926 0.00078093154117767 0.0843437140578301 -0.189741225504307
-0.0211148708263387 -0.00802241429505323 -0.0758734199006193 0.15168519407335
-0.0295660788495552 -0.0147220525948863 -0.173510019186491 -0.106387206914828
-0.0108630544130916 -0.0240592597253095 -0.0226914509018674 -0.491724271049848
0.0430744291374989 -0.0463511684247961 0.54593824133008 -0.367696383519396
0.0534211833913513 0.00579531516795712 0.78718262547571 0.398188232102562
-0.0320453677675448 0.00869673094537309 0.0474919462003997 0.963783653266832
-0.0223150886944479 -0.0341876549079892 -0.503067347192257 0.459727389913855
0.000852781528989364 -0.0362861841172229 0.00479591396415427 0.0982398810740526
-0.0137390810415933 -0.0186158424149244 0.612347877590708 -0.344990763195618
-0.00130985934871152 -0.0177964541061472 0.196411055949834 -0.981271624820907
0.030736094054167 -0.0245772041484111 -0.729101620172317 -0.585847795644306
0.0121018554395657 -0.0504065310310755 -0.65809374522776 0.347761913124254
-0.0303647126792568 -0.0215980706378088 -0.034542221869558 0.497795636757799
-0.00950437271835287 -0.000686829949855994 0.169384550935673 0.152291817443413
-0.00242803576890942 -0.00327239710007264 0.0879342606966578 -0.189133170462035
-0.0278780369387803 -0.00924146897583022 -0.0703611037601834 0.148702055522084
-0.0342712379709146 -0.0198983259219282 -0.165826610636203 -0.118446688797776
-0.010041026979271 -0.0319471952041742 0.00554964329201881 -0.491877305296608
0.050851001036983 -0.0502486073516375 0.575124982357883 -0.328394049116248
0.056724840338399 0.0134160411273015 0.761908024013492 0.45629309682812
-0.0360151836368401 0.0164442782102504 -0.0192287016711872 0.967424052989745
-0.0298864850499704 -0.0302875633681845 -0.525591420495206 0.432302254985684
-0.00800488765416398 -0.0338652049463317 0.0142452556525115 0.0868683977093571
-0.0224352048067148 -0.0130855877058996 0.593291638127781 -0.378853660238633
-0.00356106784080047 -0.00887782102287197 0.123946852771407 -0.989624267204662
0.034269571971252 -0.0233716638101884 -0.765670621302135 -0.52706861333079
0.0134472579885966 -0.056096653740182 -0.62818484097841 0.392213204751223
-0.0312492020744522 -0.0265752426885677 -0.00528850075662685 0.501682911509996
-0.0143819044810508 -0.00461638066150556 0.178544542873961 0.142507945313357
-0.00880718200439299 -0.00483881832940714 0.0916495751355528 -0.190664301791045
-0.033274105863268 -0.00963299766320846 -0.0644539143646694 0.144842399112958
-0.035353049659206 -0.023773931462372 -0.157434359492527 -0.128910777172481
-0.00725104628269745 -0.0364711333066776 0.0314045877151091 -0.48736976026074
0.057021236787437 -0.053197766329654 0.600967507272624 -0.289671286588885
0.0589723564164231 0.0234196987453038 0.7323029147582 0.510109564602796
-0.0390041755616593 0.0275994533911948 -0.0853825423991759 0.973184615598522
-0.0384110894951173 -0.0231886988509184 -0.552039007982932 0.40395714005277
-0.0182682011720254 -0.0289413529405917 0.0176027874807318 0.0767583867347981
-0.0311849812705762 -0.00260998349962385 0.56953038900273 -0.40894649023555
-0.00365654001922916 0.00402177295942686 0.0502782065015449 -0.988240615374483
0.0374620182340108 -0.0215753122844272 -0.799022856810014 -0.467358905495385
0.0120455905801556 -0.0613866971847081 -0.600109072899411 0.435892768765443
-0.0328411941372692 -0.0295906603707093 0.0233599957188996 0.504712662472661
-0.0169409930443114 -0.00573169942696582 0.187725486073997 0.133936566180713
-0.0143760164626404 -0.00475829651928132 0.0982395030673372 -0.187738274703111
-0.0345422373723968 -0.00771860817486311 -0.0567504590691311 0.143875527310262
-0.0329186269085336 -0.023234442987846 -0.149196500773421 -0.134825945563117
-0.00418842538308589 -0.0384682648096341 0.0536890330067543 -0.480325003586144
0.0584153219412047 -0.0524388501591649 0.615441830976199 -0.255377637095591
0.0597618431167767 0.0338110933178464 0.705099508794792 0.553575572136268
-0.0412609948225635 0.0394513384324214 -0.144792786649516 0.975254499583848
-0.0464425557328339 -0.0120320735543634 -0.575409943705977 0.383477486816895
-0.0297939010288069 -0.0191310366494312 0.0162281760018146 0.0699072360005426
-0.0363018399768517 0.0109022590255091 0.546707612647908 -0.431629220205855
-0.00141625200054139 0.0156261655773911 -0.00602384019501151 -0.984941519851022
0.0386492765447947 -0.0190600383217439 -0.822728651750028 -0.422337177187807
0.00843229040131572 -0.0636105772827572 -0.575865201001745 0.467218345741738
-0.0338110746914296 -0.0297234716718362 0.0440238243346717 0.505585337384003
-0.0162271109019739 -0.00507186162816188 0.196385107091008 0.126625389446403
-0.0163200123965523 -0.0025899271327575 0.103391590192267 -0.188030731627364
-0.0323538334551081 -0.00323616616435602 -0.0511981134652086 0.14545646484457
-0.0288438935974625 -0.0196187731283012 -0.143121940802109 -0.135988799715281
-0.00226689599066757 -0.0364951056121201 0.0670630915176998 -0.471327154692086
0.0551791917901912 -0.0505542123706733 0.622717858359628 -0.231805325448131
0.0582280668464756 0.0404586849390756 0.678941649231323 0.581078938764728
-0.0411477324736981 0.0496496673456866 -0.18778671555088 0.97667249195078
-0.0522490145416504 0.000227995820095257 -0.595741304117465 0.371798898664812
-0.0389244624513625 -0.00899586651502957 0.0112205234471477 0.0661503115757447
-0.0394637418668149 0.0242237645398354 0.52845565067067 -0.442141567918555
0.00312529157804198 0.0263962344440395 -0.0440658799776088 -0.978747826932683
0.038209108417792 -0.0164794884059675 -0.837498623311518 -0.390710858820766
0.00351207201196573 -0.0626246355550059 -0.560601967964022 0.485228768286569
-0.0327503328311205 -0.0270615634990191 0.0594773551658421 0.505740468927489
-0.0126805917177246 -0.00111303441181613 0.203447006900562 0.121882344660928
-0.0146724520432522 0.00216271543505174 0.110214370017018 -0.188781827611923
0.00147360075054783 0.000366572182027462 -0.0768605596883655 0.162294480543684
-0.00483342771172767 0.00542853479644919 -0.186105956966254 -0.0742656706511519
-0.00548759383939109 0.00162444883364633 -0.0828856226552558 -0.482658103512306
0.0174025957536944 -0.0271739401782628 0.478628946845591 -0.446696037659012
0.0412226943555823 -0.000556063600184779 0.826077139322923 0.282237150095539
-0.0169600773276938 0.00710141702313848 0.183365218180605 0.965679331336212
-0.00868762145698979 -0.0176644414004354 -0.463904382011405 0.538302445117072
0.00876902493399288 -0.0181134249760285 -0.0324901728771972 0.125834386173937
0.00236593395749965 -0.0060738797114761 0.624385033249812 -0.281689026022624
0.0136545626279726 -0.020841382990315 0.309842814715332 -0.967191939161476
0.0193708324470058 -0.026859373885742 -0.678848079059784 -0.688761337646676
-0.0100199127022169 -0.0357436026547562 -0.712244378607504 0.271088976332461
-0.0309378310370325 -0.000755506178494618 -0.0777684541981026 0.497616978673536
0.00951757297441835 0.0202029658668773 0.162731571037066 0.174975194705353
0.0197018239354358 0.0089348589238787 0.0848069842191534 -0.187010849739332
-0.0056428600510441 -0.00194080184410712 -0.0786907728151849 0.160294909703586
-0.0141127529035767 -0.000169665643781646 -0.186362624204443 -0.081429095044598
-0.00869324402153756 -0.00634766831465085 -0.0756171562162869 -0.487867657977059
0.0248280604064047 -0.0329379134309546 0.491768588904699 -0.436265310808945
0.0442880709450893 -0.00177670326871342 0.825147833221843 0.300342988940862
-0.021810481279816 0.00335744926335907 0.165119264730952 0.96443249622487
-0.0112251167135623 -0.0280331957113684 -0.46694638589291 0.52297402828257
0.0110269950276029 -0.0285085772633553 -0.019112985600971 0.120319121557023
0.000863638932578457 -0.0155476948851972 0.628573072947724 -0.297238024766801
0.00859428761936896 -0.0250067437094088 0.290365789504811 -0.973685787478026
0.0226210071216271 -0.0280150278046494 -0.686754274936167 -0.670815561225989
-0.0017834014627044 -0.0392584523876616 -0.700362242610497 0.288494209911856
-0.0307425631184547 -0.0073317196372691 -0.0682109043961877 0.497019411192275
0.00385352104393953 0.0124613858038236 0.162813205860424 0.169637282866355
0.0132383585969451 0.00518312178200991 0.0832473471331551 -0.189865577707242
-0.0136972537183425 -0.00505290351818336 -0.0764012312968727 0.15780231743406
-0.0230509763843782 -0.00731967262330335 -0.18339470987254 -0.0921595432337897
-0.010357922903789 -0.014944574613721 -0.0572311809012182 -0.492935789337255
0.0329335212586933 -0.04048913637976 0.516319996034859 -0.41280876752084
0.0485784095925297 -0.000398821113856061 0.818099873569556 0.336669444605416
-0.0279290901325912 0.00418449369737622 0.124363745203115 0.967568529660305
-0.0165654481500297 -0.0338562034307877 -0.478786461237094 0.503129753111899
0.00799317835961655 -0.0338920229096093 -0.00483240201283716 0.110569298599733
-0.00526618235179235 -0.0199617563746877 0.625745427545097 -0.32422372101924
0.00340557567210782 -0.0245220104539559 0.245784134537033 -0.987353467118947
0.0262869965023723 -0.0269986640749602 -0.712598857066058 -0.632459770511977
0.00622592633784108 -0.0440440554302973 -0.682983782249619 0.319859735387806
-0.0308588281483264 -0.014284109452566 -0.0497632971309944 0.499394554751149
-0.00357808277690639 0.00495074857397365 0.167739386669012 0.161520486498072
0.00563405079593009 -7.68509001139363E-06 0.0824690858950812 -0.193184366592281
-0.0221890652246465 -0.00772897718652424 -0.0748660168497965 0.153990233564806
-0.0306912996554377 -0.0145805403945661 -0.17820614806488 -0.104804091229799
-0.0110003988610381 -0.0241841009669283 -0.0338441790025513 -0.496906570275643
0.0420053529099062 -0.0473120594455585 0.546632737976391 -0.379600938529729
0.0536343780341677 0.00439617341480911 0.802723701470545 0.38820330953176
-0.031794088346009 0.0093857977901722 0.064347273658965 0.972924143117274
-0.0236771482154222 -0.0339298586799518 -0.500173257569814 0.473574363186364
0.000353331049120982 -0.0364751775540501 0.00593455512877923 0.0999409824220245
-0.01459272566179 -0.0194710041387776 0.613240793279122 -0.355726300109868
-0.0019789085811705 -0.0179801266252214 0.184638369532746 -0.995793307100973
0.0307613343196653 -0.0258246429775429 -0.745786527155884 -0.579528119932403
0.0111698771838494 -0.0503107098199488 -0.658114240839493 0.362080095630199
-0.0304078431143701 -0.0207341364078982 -0.0239738854414409 0.504402955399524
-0.00951678840875727 -0.00182181401031777 0.175100228994856 0.152422155241099
-0.00223716421229451 -0.00341649550700733 0.0861003387324619 -0.192259582821186
-0.0289601933171418 -0.00890194364319941 -0.0695390125290273 0.149692442888353
-0.0358020142106891 -0.0193820280571253 -0.171225837039642 -0.117461023625636
-0.0102755933051526 -0.0319028069353582 -0.00347317681139899 -0.495724339801018
0.0501277304935392 -0.0525322560416818 0.575732646157642 -0.343543468190136
0.0575891802997908 0.0124023737920287 0.778193781180284 0.449099261718387
-0.0360057210287988 0.0169556617047612 -0.00338221800230191 0.979964825902026
-0.0301963309074003 -0.0307228807402105 -0.526311103446069 0.445713087109329
-0.00823884824075186 -0.0345525667747746 0.0146871290877948 0.0879615529065242
-0.023517399110827 -0.0131350044648625 0.592785193952863 -0.39313559255589
-0.00411873483412874 -0.00913729887021893 0.109355940690087 -1.00413465907384
0.0345535909299777 -0.023887667513682 -0.783905403218887 -0.522437470336949
0.0132765584036176 -0.0570553418401669 -0.628621810124897 0.407545068268876
-0.0315965412690768 -0.0265158914211386 0.00320011682060298 0.508057609930716
-0.0143408910074046 -0.00550879456980044 0.183151738840945 0.142482995011937
-0.00971903809967075 -0.00500593834413177 0.0903467585047577 -0.193984139769896
-0.0342486635796788 -0.00849336888108196 -0.0631261901028368 0.145709144891315
-0.0363524936575686 -0.0235263041104089 -0.162487548704623 -0.128304562336828
-0.00724680459795959 -0.0371209477768471 0.0229099244329847 -0.492275554624711
0.0557343366399225 -0.0546555944401433 0.602052562803399 -0.302764476980849
0.0601443587549484 0.0227731525156443 0.749558044307499 0.504367492753745
-0.0388417000185952 0.0285328416525481 -0.0703352534610714 0.987390494150078
-0.0386217247723399 -0.0224163444681971 -0.55267438499471 0.41672725209208
-0.0194923013326262 -0.0286327771773909 0.0187507175996439 0.0774090220453849
-0.0319579745788878 -0.00240975892885847 0.569446600221334 -0.421755442145963
-0.0047747370172276 0.00358834010730469 0.0376279055381592 -1.00045156188421
0.0373113087607849 -0.0222830657644995 -0.814761991567718 -0.461634727048024
0.0110664960565635 -0.0616119402747884 -0.59863514174257 0.449365724082775
-0.0332218803848492 -0.0292014564373577 0.030103751822764 0.509356230730557
-0.0168127432285001 -0.00670680154210225 0.193081716573588 0.132791555087661
-0.0159474623916813 -0.00531645616729143 0.0967313609272661 -0.19171728845899
-0.0358330976233458 -0.00704216977501901 -0.05592248165907 0.14510132722661
-0.0341022656965946 -0.0227503930236279 -0.153250434335252 -0.134354388058006
-0.004534745504625 -0.0386364179781491 0.0450587898768354 -0.48530631254562
0.0568398494753033 -0.0540431265119022 0.61786049413856 -0.268974207950902
0.0609954095501677 0.032352869990516 0.720335932351074 0.547491788735136
-0.0404504311091031 0.0405169576294779 -0.128297553512577 0.987520919341999
-0.0471743135090247 -0.0111315692882181 -0.574602295443942 0.396387837897247
-0.030232615563666 -0.0190609447522625 0.017863061324714 0.0704094857037393
-0.0375672109202074 0.0113397738434935 0.545821592566437 -0.442785703083305
-0.000933733524025385 0.0164449969223891 -0.021727083734661 -0.999194981417576
0.038208042769416 -0.0202078562372958 -0.840643523979438 -0.415763381458667
0.00780008355857416 -0.0641376301372253 -0.573344524911355 0.483703020169658
-0.0340407030943739 -0.0288676019165795 0.0529704583297134 0.509670480883083
-0.0155125673502691 -0.00529306524708841 0.201046004283777 0.124769428118057
-0.0169856150756646 -0.00152414733447589 0.101921384206734 -0.191522175897555
-0.0335339826837589 -0.00245056077301982 -0.0505861979501022 0.147254141389243
-0.0294429663760657 -0.019052553112814 -0.146160652495322 -0.134902111705027
-0.00223778148470494 -0.0361005633885711 0.0591976014795695 -0.47882904140224
0.054705628814114 -0.0517016498290423 0.62464137768602 -0.244220153421991
0.0594105651889908 0.0396071846398197 0.694364662958484 0.575125639947848
-0.0407778755719164 0.0509337012637719 -0.171607770050994 0.991683050050786
-0.0535362952238443 0.000698881751326454 -0.597458851454997 0.384917313912755
-0.0392539588705394 -0.0083685654974527 0.0119184854016878 0.0678651068905792
-0.0401695725077381 0.024747954385507 0.528787090906838 -0.453971271110172
0.00360165210700641 0.0269102265447484 -0.0595420487130179 -0.988848259322812
0.0384188577116212 -0.0174414736161751 -0.854637373914363 -0.382789314305855
0.00249259850379148 -0.0635405298566611 -0.558103309370295 0.500924681649949
-0.0338027258735056 -0.0266971570665249 0.0682284954803145 0.509856140125234
-0.0123756903730768 -0.00141487616559007 0.207720914956267 0.121325313505092
-0.0158501183877844 0.00273229001471697 0.1083850746983 -0.19215629197716
0.00102599512371735 0.000801489947088865 -0.0746217532927223 0.163905960739574
-0.00486051732147084 0.00604305507721213 -0.190341818622935 -0.071918683943055
-0.00512192612084884 0.00165809481758189 -0.0933174090026156 -0.484286367436714
0.0164589686128803 -0.0274651124976364 0.474100814425679 -0.459617165130351
0.0411766625312315 -0.00113812919150966 0.840502792290919 0.268316375507051
-0.0167028286171408 0.00777587329864047 0.20503561257528 0.971602745400621
-0.00850980327591647 -0.0174743315779736 -0.459765698746555 0.551103073026507
0.00822337401666333 -0.0188027465853252 -0.0314269741250303 0.128677614499385
0.00161098979705152 -0.00582998410120871 0.62382398150098 -0.29517424481714
0.0123354980623876 -0.0217813211124669 0.294202048776631 -0.981115341168698
0.0189936323431088 -0.0275619574217137 -0.695038953871804 -0.685158954363707
-0.0109350319855105 -0.0361463945031796 -0.714339035309364 0.28701281291247
-0.0311213889273055 -0.000248709986947999 -0.0691657349867958 0.503341408828841
0.00996171543748246 0.0196695943218321 0.167580132419977 0.174285349670639
0.0197320667295382 0.00934545695977701 0.0823965280422287 -0.189975835974149
-0.00589053545787441 -0.00188970847314274 -0.0765652093945402 0.162703561756805
-0.0137763666139357 -0.000534782871881826 -0.190621166387111 -0.0793878850114069
-0.00844541920947432 -0.00546319530335394 -0.0853298233583702 -0.490884152833593
0.0228785455796096 -0.0340667948471962 0.488270683774223 -0.448942318901154
0.0442889536416897 -0.00273457092712992 0.839313378360224 0.285966253282551
-0.0228418906447046 0.00369610779811956 0.18530288889546 0.971588854973846
-0.0114159967220846 -0.0283743253459196 -0.461549102755801 0.536302780548602
0.0104123021352419 -0.0283338659050653 -0.0176051812534881 0.121725329578831
9.96801448846507E-05 -0.0152812881464388 0.62842211945675 -0.311395560827935
0.00790025826068889 -0.026000837186152 0.277236713773559 -0.98705707038617
0.0223152691822657 -0.0279451252961228 -0.705922551800361 -0.665598738978172
-0.00195154140799523 -0.0392000328631783 -0.701471914640354 0.303624556360164
-0.0307748809374777 -0.00696052180058864 -0.0601614652284311 0.502604321012621
0.00342488435114184 0.0120112943681318 0.169040951456447 0.169038401464352
0.0134763070849568 0.00416673014062113 0.0815243937830403 -0.193500102502018
-0.0140781460195203 -0.00533510731626996 -0.0750857612535167 0.159996205825563
-0.0229983987961099 -0.00649029729153945 -0.187768715293665 -0.0904471308258954
-0.010448741577038 -0.0145158560303954 -0.0680715583990157 -0.495474426815926
0.0317058195942073 -0.0420064915733766 0.513634189444449 -0.425959824843079
0.0492003644569107 -0.00152763943113744 0.831393073966458 0.324357675223892
-0.0271275551375129 0.0044624569792946 0.144050777650445 0.975366414826642
-0.0163207273184592 -0.03312839935252 -0.474486884831878 0.515468349935053
0.00760060782041666 -0.0344444387101759 -0.00331726023746263 0.112432628036842
-0.00627654036206165 -0.0202319756427306 0.625425380393077 -0.337453295759628
0.00235618713798335 -0.0248921951014023 0.231746953656098 -1.00070066684454
0.0261959221224686 -0.0276533999424697 -0.730990826734255 -0.626577429263056
0.00503872368200029 -0.0447131057894868 -0.683169119498273 0.335654621708018
-0.0306655363110975 -0.0140772342771877 -0.0419001657861364 0.506522220050198
-0.00280612320157056 0.0043321015688997 0.173120704795849 0.160553348130776
0.00564131866378819 -0.000681675930712217 0.0812192451289922 -0.196088279311281
-0.0229472277093943 -0.00688874386040689 -0.0747017682404318 0.155468080888707
-0.0306658409687455 -0.0140897740433329 -0.18342021849363 -0.103649114212963
-0.0116912938385742 -0.0231178450503826 -0.0434843237977916 -0.5007068396357
0.0406442334778326 -0.0483873722369794 0.543058270174244 -0.391443781688783
0.0540249532995112 0.00315612855515426 0.816287552788515 0.37796603510949
-0.0319288041090593 0.0101453578450344 0.0851865142766278 0.981047997334742
-0.0237397441115158 -0.0337710419311945 -0.496618986274893 0.487422258388205
6.77888521015621E-05 -0.0366114352419938 0.00786157720268927 0.100797494926166
-0.0153335676430452 -0.018797741170874 0.613050712386488 -0.36860077405743
-0.00228085326873345 -0.0179739167088281 0.17101302476565 -1.00976871199041
0.030742073010946 -0.0267583389834915 -0.764172325952227 -0.575217949330644
0.0106022311087261 -0.0510352003379388 -0.657623552459181 0.379034781832749
-0.0308468410504052 -0.0207267725677922 -0.0161679981048476 0.50895741345183
-0.00932047531661868 -0.0022448233662297 0.17959877114812 0.151065484354096
-0.00324145811673174 -0.00379050117007037 0.0849633998726064 -0.19587707867695
-0.0291344547528073 -0.00821666808114535 -0.0688319541615422 0.151101447692984
-0.0357864850459535 -0.0181800844707633 -0.175686209613005 -0.116047811508536
-0.0107094873704662 -0.031215771174606 -0.01578132558654 -0.498142691065552
0.0489985663594958 -0.0538067918659697 0.574743260499252 -0.356960223728045
0.0579461996329647 0.0115158606515982 0.79412464569785 0.438455314788587
-0.0357899150651133 0.0181304126442643 0.0172014077881232 0.989242476645549
-0.0309668909314528 -0.0296573065239088 -0.521775296286767 0.458297910214929
-0.00887894841874769 -0.0346717695234668 0.0153690132390824 0.0882277119688933
-0.0245460141960382 -0.0130906088288607 0.59187987107911 -0.404658660285211
-0.00467721949456536 -0.00848873501924002 0.0942086046589178 -1.01426802722183
0.0333403267060333 -0.0249401478554514 -0.798909581201223 -0.511779273423386
0.0123963003192579 -0.0574186060572503 -0.627162304129897 0.423699073824506
-0.0326080371365773 -0.025959524395541 0.0115692748188339 0.511503281507687
-0.0140011781407562 -0.00596946058169667 0.188152421844139 0.140195160044396
-0.00979401187234904 -0.0056364421228562 0.0881887952286938 -0.196536690217249
-0.0356101954127415 -0.00814264907447177 -0.0618463003899108 0.147169169086859
-0.0372196877014753 -0.0219082322172316 -0.167145689824095 -0.126891009165274
-0.00762527291722557 -0.0358874251786199 0.0127826847563665 -0.496780372271493
0.0544714464332845 -0.0563163569419354 0.600600630920453 -0.3169001876855
0.0611309523555184 0.0214778678983813 0.764604940948101 0.49396180582906
-0.0384593886542802 0.0295122533271983 -0.0524723905711774 0.994934617145989
-0.0392361932991301 -0.0218937648305634 -0.550189814102329 0.431101236760003
-0.0199473227259815 -0.0277714787410042 0.0200540306373361 0.0786453748539801
-0.0324007572054085 -0.00205064725477296 0.567345058912822 -0.436062742096675
-0.00474761442885409 0.00427699452556362 0.0198897868916733 -1.010092865797
0.0365717760474661 -0.0227936908491325 -0.831950471462068 -0.451941740285169
0.0102525640456582 -0.0634840606939706 -0.597772396035997 0.465496901001112
-0.033946333583709 -0.0286452894034296 0.0402772574556736 0.514399395064778
-0.0169017331657211 -0.00753150136223051 0.197687434973444 0.131192024710485
-0.0156427258387794 -0.00464493568607766 0.0946153653661549 -0.194628171016999
-0.0362779002520257 -0.00596905103382755 -0.054935947910945 0.146463416668814
-0.0349183315798118 -0.0223692954209369 -0.159159680360637 -0.132514654539738
-0.00519033101007092 -0.0377686706453448 0.0344896326836304 -0.49003409691629
0.0561449038170198 -0.0555860087135618 0.618198858856841 -0.281212848080529
0.0616028387736358 0.0311996906322173 0.736981510817348 0.54060852239118
-0.0405860362234348 0.0411651646625612 -0.110046746568766 1.00014507965218
-0.047190363079789 -0.010646783876501 -0.575183268108598 0.411014268989298
-0.0309906973192241 -0.0184037063287631 0.0183694690141098 0.071427666132308
-0.038306241296264 0.0123577316924396 0.542769563842177 -0.457145800395485
-0.00174192562074338 0.0163437450446041 -0.0382010467633107 -1.00596178596812
0.0383475962693646 -0.0209059443397968 -0.856329334203399 -0.400904385981137
0.00616569740302612 -0.0650793829037551 -0.571787681024544 0.498166834829036
-0.0353535542967037 -0.0288568981847199 0.0625436761681914 0.512740550529338
-0.0163450144051317 -0.0056173111096135 0.206908858065309 0.12372079194891
-0.0170065722726493 -0.00159325265264949 0.100347270788453 -0.195124867405337
-0.0346597629587099 -0.00177697581272398 -0.0494841877191461 0.148449669847607
-0.030160106746573 -0.0187454150411258 -0.152136005628252 -0.134261243706237
-0.00284496429865896 -0.0356161125640177 0.0492530633532015 -0.481880074188868
0.0528478267541746 -0.0533564718073014 0.624532177467892 -0.257995656411844
0.0605398966623961 0.0392788422982693 0.712529233529933 0.568743479076616
-0.0400336377050966 0.052033142965316 -0.155415854760842 1.00396890473465
-0.0536170842983619 0.00177838607835574 -0.594752891146148 0.399320915702665
-0.0396005643203874 -0.00681064524516414 0.0130318268995569 0.0682798736163067
-0.0404236595274372 0.0259861748823897 0.524434139760801 -0.46585435553655
0.00377529262162056 0.0270309811304305 -0.0762797307435789 -0.997141530567822
0.0386297810616174 -0.0180552796107075 -0.867802733277123 -0.371979383588434
0.00162490211428971 -0.0644570586510356 -0.552979677678382 0.51587861114866
-0.0340657819872688 -0.0272031919043614 0.0781063567979157 0.513080046101156
-0.0116977028944049 -0.00235544471912677 0.212764936888807 0.118988357136241
-0.0155856316933453 0.00203733064664504 0.106689356395841 -0.196375977214615
0.000504329594302971 0.0012321306924663 -0.0726513453362417 0.165537522686714
-0.0047570337931174 0.00640239649998728 -0.194025967804356 -0.0686449437564349
-0.00488577540711599 0.00245502885097723 -0.104919579407772 -0.485998222004829
0.015512273152326 -0.0279002699839495 0.468569809693868 -0.472080550016347
0.0414167236544701 -0.0024340892409748 0.851827446383148 0.254266295481306
-0.0169366134249357 0.00824397834720777 0.226383274277052 0.973529864932238
-0.00819162711284017 -0.0178075773106551 -0.4514334067694 0.563361259085715
0.00835187538213896 -0.0186417260476673 -0.0290958797670382 0.130425888656067
0.00123569416032877 -0.00588298941632678 0.622468523091841 -0.305656472795119
0.0125439882494945 -0.021732212385401 0.279022095670266 -0.992139223616544
0.0181600631212685 -0.0283823420221031 -0.713668735157977 -0.676515463726922
-0.0117587202459281 -0.0358039042526862 -0.713046794231928 0.30375332271568
-0.0305535445471355 0.000179662976225209 -0.0610938289561956 0.507071140229594
0.0106559778626859 0.0183493480086804 0.172225496241002 0.172680569979675
0.0197268178887823 0.00868261435847096 0.0799894154940106 -0.192107103561526
-0.00742908312577393 -0.00187046262114495 -0.074326020605205 0.164417317081033
-0.0146350601316753 0.000486248736315757 -0.194343651090082 -0.0760839204574809
-0.00795981391079911 -0.00537249799175834 -0.0969188924435997 -0.490865119188427
0.0219293135734498 -0.0350265445575812 0.482071216141635 -0.462077783765344
0.043933125314148 -0.00422260957583816 0.84931516201562 0.272679645353274
-0.0219744776148541 0.00408838546979287 0.205616788943678 0.97319798870515
-0.0121073898268203 -0.0278915844495617 -0.454301410268043 0.549090824833811
0.0102412544045343 -0.0285751324140482 -0.0155722754976015 0.122949552709724
-0.000493846122740785 -0.0151277806719981 0.628190363482508 -0.322374915063412
0.00711560288120726 -0.0259704815716408 0.260185070661428 -0.999116070021598
0.0221434995135982 -0.0290491477413658 -0.722412010580894 -0.656863282277759
-0.00364015656575864 -0.0397780044252882 -0.701327423991674 0.319208266861887
-0.0313101585521142 -0.00654519642775265 -0.0510857627290283 0.506373832870337
0.00383781489120166 0.0108584755685647 0.173573012843718 0.167511947674183
0.0127155011140874 0.00390671717547045 0.0788012005719968 -0.195095821617013
-0.0149686374307519 -0.00477438077262721 -0.0730324756572208 0.160634533722653
-0.0239288118626829 -0.00617528293987971 -0.191976273556914 -0.0873924237044647
-0.011093367507842 -0.0136779583209149 -0.079886637319641 -0.495908327090438
0.030658996866304 -0.0428175938735186 0.506692265874225 -0.439625886187017
0.0484071152883756 -0.00257849491072134 0.842092962622113 0.311353985560991
-0.0278875345027567 0.00587261975982095 0.166015203127857 0.977509811240228
-0.0175906359664389 -0.0334471579853671 -0.468433795152445 0.527857548880914
0.00694991404686058 -0.0342497590134226 -0.0017847367955443 0.113154253287563
-0.00711985401853789 -0.0194524906005502 0.622970586924258 -0.35118094183249
0.0016333973393796 -0.0248217982870767 0.215470380126348 -1.01149318075259
0.0261710270988794 -0.0286395270198281 -0.748927968800346 -0.614341596090962
0.00428250183688718 -0.0452775115439244 -0.681764384382952 0.351120662651994
-0.0310472715110344 -0.0137170057344162 -0.0311968833990197 0.510557301820642
-0.00264310592909595 0.00368499915792232 0.178586966955187 0.158171779638994
0.00546181443452164 -0.00117167269905812 0.078191944558333 -0.198369788037027
-0.0235920129056555 -0.00654436266225978 -0.0725004337965539 0.156741349788664
-0.0318953594188904 -0.0123735273127775 -0.187873868972474 -0.10108823320056
-0.0122068836065938 -0.0224082719850545 -0.0555021435068841 -0.499965941927702
0.0390150615017989 -0.0496990432015134 0.538031759867342 -0.406702587934557
0.0540787903297213 0.00228500343202286 0.828249375505859 0.362754181747437
-0.0310730536371844 0.0111910147225927 0.103298133186247 0.986383396408396
-0.024819821240643 -0.0331097770145773 -0.490642673276868 0.499789765085444
-0.000519495919622974 -0.0363915749137026 0.0097904468809169 0.101151285817111
-0.0169769946257487 -0.0181862527338696 0.611500749026048 -0.381868008304001
-0.00367277519460021 -0.0186004801237984 0.151556782228747 -1.01742736920728
0.0301728578177019 -0.0272782714822619 -0.779234488775537 -0.564239672979129
0.0092660637764346 -0.0512270092735825 -0.653488320706007 0.392630231714211
-0.0316604462072711 -0.0210066138256355 -0.00623244794822392 0.511966371442885
-0.00930830233908008 -0.00278309607598132 0.184920650623 0.150078986372401
-0.00368965010956065 -0.00423789325444132 0.0819200446337871 -0.198763661690678
-0.0307429375811387 -0.00737856586590554 -0.0670557659381491 0.153328847043148
-0.0365577630209268 -0.0178293433224122 -0.179753857741279 -0.113644842148744
-0.0108512268864756 -0.0305431047235742 -0.0257648601432004 -0.501635728585914
0.0471465025778329 -0.0553769924510876 0.571418763724809 -0.369356214060448
0.0585384391073109 0.0101748782136684 0.806531137630557 0.424688925545624
-0.0353174476027083 0.019324629382514 0.0370246894131428 0.995292347240304
-0.0315127085177875 -0.0297026425066825 -0.518301853789227 0.47059571126425
-0.00914014260158711 -0.0343948282882642 0.0178618021894822 0.0889957002694858
-0.0250013127736345 -0.0120760323252871 0.588943266230823 -0.419344629983912
-0.00589016408802032 -0.00818793068047668 0.0773444020766378 -1.02235594706335
0.0334622813777568 -0.0254265797932813 -0.816727079559161 -0.501799542747555
0.0115038707024703 -0.0584850544493167 -0.622663306734239 0.438054779014963
-0.0338865832626703 -0.0258063480172184 0.0218214216320429 0.515259428560181
-0.0140266048591754 -0.0060996103816221 0.193400178907801 0.139054067229084
-0.0104868050034461 -0.00557437000334905 0.0856915037053957 -0.199219758402784
-0.0365246696523141 -0.00670203530863883 -0.060839801573702 0.148416635624217
-0.0380025128796584 -0.0213547327629022 -0.171903544450189 -0.12487814963276
-0.00903957737115505 -0.0360087713525108 0.00193224848975298 -0.500311347048195
0.0537176957957799 -0.0574821358762543 0.598757960554057 -0.330750918792353
0.0617557887815818 0.0197812728163749 0.780314918325391 0.480989556750962
-0.0380912542114451 0.0307927290831175 -0.0311394323418694 1.00303268537262
-0.0395492878592946 -0.0208019283691826 -0.545384501893866 0.443616990508143
-0.020019855324822 -0.0276769037398581 0.0215956858285015 0.0790018710171202
-0.0326757963046958 -0.00123367721273269 0.562603171135486 -0.448973754001516
-0.00469988550503317 0.00392213439905945 0.00168046356058898 -1.01934045018469
0.0367202593930127 -0.0243449988615622 -0.844776663769585 -0.438911348780835
0.00986499397319407 -0.0639046170129398 -0.59256559358563 0.480005358090293
-0.0347011312714418 -0.0285377207317392 0.0504591575814635 0.516518214002621
-0.0165504635156141 -0.00742670061776905 0.202396881446897 0.128966184869132
-0.015758698729906 -0.00488264701702329 0.0915785233738261 -0.19806983670587
-0.0371686589649488 -0.00485510348843747 -0.053375194612915 0.147948013219409
-0.035094762094674 -0.0215687984288784 -0.164086386295732 -0.130770173180914
-0.00547053386188949 -0.0377853608009597 0.0254058385419288 -0.49402998839464
0.0546538028681102 -0.0573344783005867 0.615578269705597 -0.296433375699937
0.0625289315182532 0.0300271184234995 0.753521984468378 0.527594703700993
-0.0394026888088793 0.0420004104316685 -0.0895016631956452 1.00734746895522
-0.0478298234747066 -0.00957788088106998 -0.569442299608444 0.42490437935737
-0.031209325950019 -0.0180937868024177 0.0196270183489008 0.0724970651689071
-0.0388562575852884 0.0134093910366796 0.539546917407058 -0.468978955004095
-0.00131251578000194 0.0174134255468037 -0.059445522446502 -1.01291762203941
0.0378914717931412 -0.0216895811366177 -0.868271524768196 -0.389383802418887
0.00532007917793665 -0.0654443563691153 -0.564072131526549 0.513318040022475
-0.0351727269391724 -0.0285893046203846 0.0725981073028963 0.515601464822684
-0.0161631410303383 -0.00613369785936682 0.211244172613542 0.120562040297456
-0.017490784166166 -0.00242703461867612 0.0973357442644986 -0.198397873947937
-0.0356397179820585 -0.000193799886674226 -0.0477668329359306 0.149146630855497
-0.0304402269415415 -0.0181242521933427 -0.157601281294555 -0.132547914118659
-0.00231212329516766 -0.0356034676216825 0.0399925210130858 -0.486065656248941
0.0512257317705489 -0.0543693691989026 0.623778537918414 -0.271820083200672
0.0617400855002571 0.0387954540218741 0.727416401221687 0.55696483611163
-0.0388520809183423 0.0536113948544244 -0.135578203552405 1.01165320558732
-0.0535241803455654 0.00320500300183405 -0.592015148275282 0.412531590974429
-0.0398835196075777 -0.00674772235174988 0.0139503759556829 0.0691246420963395
-0.0401799905873651 0.0276532798604885 0.51829314123843 -0.479353707448596
0.00421071700245664 0.026667801747318 -0.0968342977828881 -1.00368188738533
0.038078081604289 -0.0185562197117809 -0.880796987189493 -0.35728092839271
-0.000478197094008218 -0.0645899161520375 -0.547618378555441 0.529915786349141
-0.034382007517338 -0.0258916020899576 0.0889213198203598 0.514913198511487
-0.0124429047261965 -0.00242905000711723 0.217750276786085 0.115891635576825
-0.0155500049341614 0.00226607736265748 0.104256241921889 -0.199400373814163
-0.000188793788109537 0.00123126319955039 -0.070742471707803 0.166526178667096
-0.00450636151313797 0.00686665428870522 -0.196042454795756 -0.0654807060634833
-0.00463446594163951 0.00334550808083445 -0.115469446920057 -0.484717865632744
0.0143229724353189 -0.0282214514128007 0.458364626591706 -0.483083913756051
0.0412529532990496 -0.00334310123593349 0.860125657055137 0.238261569521415
-0.0166418939106873 0.00849451924655821 0.248081596728234 0.972884060948671
-0.00849086858610274 -0.0176423927109843 -0.44168653141622 0.575060103207683
0.00892891174582735 -0.0194983805125855 -0.027168273961675 0.13166269234406
0.000835435545830746 -0.0056215675936754 0.618202571110323 -0.319992715352519
0.0111314233030188 -0.021835386487962 0.26279698076771 -1.0023518560081
0.0176096005576311 -0.0290565653453914 -0.728893243048875 -0.665918586652028
-0.0128887821848587 -0.0359482432623582 -0.710940356257625 0.318857867374576
-0.0306504586052978 0.000496162278503201 -0.0515690479510582 0.510405415436763
0.0107337952042697 0.0177206788591215 0.178135733788325 0.171395265260265
0.019741660227936 0.00778464243340489 0.0765017630954336 -0.193547618193383
-0.00743687066725138 -0.00117778313905496 -0.072626413983902 0.166544589650992
-0.0144600601944843 0.00124992427005463 -0.19791357602433 -0.0729690728059993
-0.00790726675860688 -0.00472671649124221 -0.108514663196784 -0.488417251318798
0.0211499968442235 -0.0353927664506644 0.473681436015613 -0.474277598216862
0.0440092496157612 -0.00486844483456973 0.859272326741243 0.256516583467494
-0.0225587830672953 0.00521072688661217 0.22798247763478 0.973943357567439
-0.012284099120934 -0.027872446653 -0.444187215755015 0.558031136817008
0.0103797306957767 -0.0289510771516653 -0.0137625654394882 0.124382566120941
-0.000919485159076619 -0.0149915226928808 0.623987822403477 -0.336243279686396
0.00574000226879664 -0.0262522991513686 0.242634144234586 -1.00884675971034
0.0210235716490502 -0.0295925804851239 -0.738813968008744 -0.644284207603381
-0.00414606874661219 -0.0396751558129124 -0.697770098255139 0.335349165248127
-0.0313278252690868 -0.00588260062167121 -0.0402304237385825 0.50917072893342
0.00390171001814072 0.00992823815261989 0.178484854678785 0.165812321727744
0.0127796076269279 0.00354946645335564 0.0761996711757764 -0.197593849819462
-0.0156724056721489 -0.00395887146326855 -0.0717487700690505 0.163594022967815
-0.0240913846918789 -0.00506364051095423 -0.195758546738965 -0.0833361189398772
-0.0109607401076684 -0.0134953139992672 -0.0912110169441124 -0.495356047908029
0.0290658935275386 -0.0434832711289319 0.499528805373524 -0.451767721708333
0.04913165437533 -0.00427404959822992 0.851678558047658 0.294678945255142
-0.0273407751277367 0.00615935530848552 0.188159990634157 0.979552872651432
-0.0174697623332896 -0.0330101733387507 -0.459442071103892 0.539129739311016
0.00689925945688452 -0.0345555177622707 -0.000208851224400582 0.11397429964294
-0.00737445304234975 -0.0189202470925898 0.618792635356718 -0.362996460045538
0.000405108013681058 -0.0251424124853882 0.197435886774694 -1.0195981957575
0.0255182212534033 -0.0292164675571421 -0.76249228475494 -0.605687094060096
0.00336666716165989 -0.0456186672462899 -0.677310388438155 0.365900451607686
-0.0318814540837809 -0.0132928482850031 -0.0218113419598332 0.511822232831203
-0.00252110872779729 0.00331292710160144 0.182740895932478 0.157100800872902
0.00467443018309954 -0.000914539111880088 0.0747490319229285 -0.200299851885183
-0.0240572342817464 -0.00596855999425155 -0.0703922673884352 0.158253989040619
-0.0320994573021207 -0.0117177659825241 -0.191095931303813 -0.0975047832740386
-0.0116929789366872 -0.0228193248136449 -0.0663475619202379 -0.500604345356009
0.0377651916748982 -0.0507658081072712 0.533863791579193 -0.420454001088947
0.0540052207515393 0.0012517256689551 0.840494592796118 0.34729413501807
-0.0312705552436669 0.0113504117122249 0.12706514562825 0.987836746516137
-0.0251412044662073 -0.0330186147751655 -0.482250742775679 0.511774424996195
-0.000683721728280467 -0.0363251799132992 0.0108683455208353 0.101953602167814
-0.017411185482802 -0.0177080406508689 0.605697996444729 -0.394852653017898
-0.00393034498191874 -0.0182399424301778 0.132646090238705 -1.02749726114425
0.0297909215396104 -0.0278163811520736 -0.793343650775802 -0.551064299175502
0.00815808720767462 -0.0522352653490881 -0.648826813261379 0.408399619899777
-0.0319803963783661 -0.0199149082916756 0.00421495462700006 0.514707700904507
-0.00893568053308075 -0.0034088832985514 0.188768085869996 0.147106198036855
-0.00359704923026189 -0.0038170353573005 0.0787629441206084 -0.200420589223411
-0.0309312525382631 -0.00671863296355207 -0.0652984976177085 0.154355492248647
-0.0374853607121155 -0.0162318583111594 -0.18454192880911 -0.109793686164661
-0.0107476901063708 -0.0299722386052373 -0.0376821651247746 -0.50161503856296
0.0460806806371888 -0.0556138640882095 0.566313399919422 -0.382185829372013
0.0586491792435156 0.00876546969206625 0.817734326933391 0.409279726782877
-0.0354594860992604 0.0200006729591188 0.0583608483735005 0.998011687628609
-0.0325842704956681 -0.0288347936293972 -0.510581607113295 0.483386295607202
-0.00963330927996788 -0.0342958424763887 0.0189723618842956 0.0896099556258225
-0.025609093438356 -0.0113004418498442 0.583180108274626 -0.431452007535314
-0.00680794479513518 -0.0080060097504719 0.0589039621938421 -1.02887453080241
0.0333702563694872 -0.0262349971476437 -0.828921053276736 -0.486653237655679
0.00997574243514944 -0.0586506739555656 -0.616044408374265 0.452601502817682
-0.0334166073213822 -0.0252132509728269 0.0319647958625799 0.515730944056437
-0.0141066051425973 -0.0066618263134222 0.196956648208226 0.136020203815639
-0.0107458928657852 -0.00542154929967091 0.0822264359526983 -0.20224365345319
-0.0369506889928926 -0.00554489149546521 -0.0589304729596106 0.149646072142773
-0.0379232016627221 -0.0213455501897037 -0.1760376291764 -0.121691178442476
-0.00837997858280821 -0.0356377153107342 -0.0102741623295388 -0.500707495221785
0.0507991560662957 -0.0588075489723326 0.593490277449029 -0.344118361558046
0.0624226238127613 0.0189795242453908 0.791996035162698 0.466959841508196
-0.0380829762945724 0.0317449266846939 -0.00835156698473904 1.00719432158424
-0.0403135756680682 -0.0199806990346057 -0.540043752661112 0.455328298501519
-0.0202493563041229 -0.0272186502896083 0.0227315358773302 0.0793078695063467
-0.0340670519818043 0.000134741710500753 0.556681415759361 -0.461020080888189
-0.00593123799120258 0.00425856190547527 -0.0173619396382529 -1.02330020084792
0.0364838230061515 -0.0250248367056147 -0.858792487459094 -0.425427458237498
0.00773573367637358 -0.0638239380059854 -0.583473646873417 0.49395251142039
-0.0351563506793558 -0.028427120257837 0.0618009405405173 0.516117284319162
-0.0170105718544553 -0.00790093935110837 0.206270654960328 0.126430893356897
-0.0161075196061653 -0.00464326574380255 0.0876958719438057 -0.199866653940876
-0.0385611670926155 -0.00326933005371306 -0.0514243959192594 0.148446856217785
-0.0358323272247519 -0.0203091162365852 -0.16880966972254 -0.127640968022977
-0.00554011980831731 -0.0371782300605836 0.0133135402061212 -0.493896041608833
0.053127315012938 -0.0585385688454161 0.611398061836272 -0.308795557895624
0.0633190044433532 0.0292632710430245 0.764671638216535 0.515031367313235
-0.0384849918045322 0.0431351069351998 -0.0698996474616779 1.01487173072294
-0.0481480887480393 -0.00815491171770471 -0.565151083571697 0.436015828984742
-0.0315002963170939 -0.0171083282150865 0.0209034906346156 0.0723646284742634
-0.0385160115704965 0.0145215076942876 0.531577151829227 -0.480666902414653
-0.00185265944542887 0.0166796947265861 -0.0774124719667362 -1.01555937056279
0.0379754611251822 -0.0228242183958093 -0.880673944072609 -0.374467238435001
0.00373726420616106 -0.0661449720113944 -0.555123830346741 0.526822128407479
-0.0360806024713781 -0.0281778212079367 0.0835778940233801 0.514735757011302
-0.0165205136732826 -0.00641479818086689 0.2148320067497 0.117462730864879
-0.0180618204116245 -0.00195458498813024 0.0941118890927253 -0.200796871637125
-0.0359895711680566 0.000475664104960325 -0.0462273715966576 0.149490213469203
-0.0309320575272531 -0.0165926170314006 -0.161790287594378 -0.129103680385795
-0.00298723797485056 -0.0353133334617914 0.0287314452502945 -0.487679708355264
0.0501632320080984 -0.0565552048912104 0.621432012817479 -0.285882094095141
0.0620042777459085 0.0368894551758856 0.742250366271075 0.545229981371248
-0.0376695292149014 0.0544305540781835 -0.11514180255165 1.01936563029371
-0.0531782283390979 0.00413082541209877 -0.586827356507648 0.426148954112204
-0.0396584835694839 -0.00548737153296465 0.0149147184492789 0.0693635363255293
-0.0409538164572537 0.0286514361190267 0.512059156679277 -0.49110563574215
0.00442141084885657 0.0270955224258052 -0.114210372987574 -1.00527564122921
0.0387599054850579 -0.0200080744331432 -0.891609227229314 -0.339818362303587
-0.00100381783390715 -0.0651937990722585 -0.537591931052978 0.544027854219942
-0.0350075782782365 -0.0251477506146429 0.0997706685044664 0.514590351023765
-0.0124425789951863 -0.00336576404566069 0.221243729863582 0.112448554749658
-0.0149743654529989 0.00194245308838519 0.100100286901065 -0.202435957257446
-0.000452804752942966 0.0020025126115391 -0.0685796567822238 0.167593210946273
-0.00458056942777566 0.0073277427260691 -0.198480904611474 -0.0623022398523905
-0.00374346910629538 0.00285274999473516 -0.128000349675355 -0.480755401648279
0.0131363347050299 -0.028845895721497 0.447355903365231 -0.493056007875293
0.0410160286781639 -0.00434104881053424 0.86463651817754 0.220277718130758
-0.0164633259386754 0.00901676855247826 0.268004219757435 0.966962891688025
-0.00886029374654785 -0.0165956956473558 -0.432558252100843 0.584828633043725
0.00873546095151843 -0.0193411832137131 -0.0245869807896492 0.132453096125902
0.000649481369784379 -0.00483255305215311 0.611480724175924 -0.33119725925337
0.0100923578252342 -0.021727233459177 0.242385785682974 -1.00812820946833
0.0173129368625718 -0.0296914112620027 -0.744284169441959 -0.651420616820581
-0.0130388935006138 -0.0354670991928988 -0.704308788315855 0.333833115412291
-0.0307854010813786 0.0013165482621548 -0.0408361791294459 0.51088272863146
0.010799625694567 0.0166642636001312 0.182195814725663 0.169105121771599
0.0194430741247515 0.0068484525365572 0.0726255414807435 -0.195579938032266
-0.00813514055952624 -0.00100114201290682 -0.0710570592338197 0.166626168367369
-0.0147913615691613 0.00189706537754625 -0.200026921241029 -0.0690377512109125
-0.00732548286102147 -0.00377161666794459 -0.118971528584226 -0.487324326750786
0.0195663284456611 -0.0358799550858989 0.464906501521874 -0.484990339246074
0.0434017148538982 -0.00563729141762575 0.864392695847844 0.238008859217006
-0.0221507549345763 0.00536502104458074 0.248763048486252 0.967499705389942
-0.0122834291417044 -0.0270048309748973 -0.433950969425032 0.56752088166483
0.00974823748821645 -0.0288788189284326 -0.0114443252898337 0.125346003905192
-0.00185872428131361 -0.014192918831732 0.616753224999702 -0.348367396806734
0.00549028335608753 -0.0257639039234375 0.222663012812589 -1.01494140961303
0.0206803251480932 -0.0304250110725127 -0.752871805486609 -0.632109603881202
-0.00536906514656676 -0.0398908788080961 -0.691174415857776 0.349820718195678
-0.0308972292511013 -0.00475077961448118 -0.0309045320555698 0.509404284687609
0.0041187693681802 0.00927702609222871 0.183280683585201 0.162803473767199
0.012402119681794 0.00268326923237593 0.0728608093203903 -0.198125137064926
-0.0157367160591945 -0.00356250662813367 -0.0685990350283484 0.163739605732266
-0.0242897768389445 -0.00426123777355036 -0.1981873420281 -0.0801646829510764
-0.0106362083468052 -0.0125276932946504 -0.102048679857601 -0.492507028385749
0.027544628595154 -0.0435825848710416 0.49088268965039 -0.462265163773318
0.048992650793775 -0.00489408422412709 0.859135184457963 0.275621525948614
-0.0276878062223813 0.00721987258572391 0.208466956990976 0.974354636220294
-0.0190156779292717 -0.0327105587196725 -0.449240300178065 0.548331541394554
0.00621549997396057 -0.0345963734835932 0.00190246896927494 0.114511770869879
-0.00889035026395119 -0.0185552358336459 0.613073810368048 -0.376440865429698
-0.000993297282909734 -0.0256008361678789 0.176134490544377 -1.02368475562729
0.025306075360361 -0.0299006892871228 -0.776126176062303 -0.592203365297304
0.00207262396669685 -0.0452464976539484 -0.66817845471402 0.380445222791054
-0.0309814961258678 -0.012855768448713 -0.0125106640611584 0.512295656526154
-0.00243056050180463 0.00249757106565605 0.187007698311788 0.153778698234096
0.0044296026427822 -0.00174473041445286 0.0712808134677238 -0.201534038675585
-0.0247334851272893 -0.00438057538026185 -0.0674219539775888 0.158752007569254
-0.0324229885231074 -0.0105581481624633 -0.194183055722751 -0.0936259587020074
-0.0112589562820071 -0.0213984952455192 -0.0777367817313346 -0.499043087381677
0.035992527624876 -0.0515649449407575 0.524326610579658 -0.431325177799186
0.0545339586221329 -0.000465400326729839 0.847581932808489 0.329756951717582
-0.0312470670161998 0.0126973178264561 0.147752157235858 0.985071091631233
-0.0261859438081218 -0.0319181613124172 -0.473543336195854 0.521305189340869
-0.00141549459925588 -0.0369033914225308 0.0121685434980294 0.102134853900465
-0.0174422542193641 -0.0171185168033706 0.598428737449546 -0.405785446465647
-0.00465565057464004 -0.0182997014926278 0.114069789511051 -1.03016592977455
0.0289853799654283 -0.0284929883994023 -0.806012592248228 -0.535437008182513
0.00721112142771877 -0.052400037479397 -0.639755682980203 0.422804991454197
-0.0320562692986462 -0.0200457197012536 0.0142546877251206 0.514626746315474
-0.00859429218891185 -0.00356706683972638 0.192870826721362 0.144264185360275
-0.00377137042410317 -0.00465224024087662 0.074919694477218 -0.201503128812876
-0.0315312216168794 -0.00519109735994291 -0.0634812117765652 0.155067511316108
-0.0364628889971138 -0.0157464844922993 -0.188275629652225 -0.106750140470987
-0.0103667219068786 -0.0292435737894799 -0.0496524650876763 -0.501532003613197
0.0434243472540181 -0.0572020419475698 0.558104804042058 -0.394343472722156
0.058123858805096 0.00788590018596186 0.827499980021238 0.392432651145229
-0.0344084137704207 0.0201918815826794 0.0803855124348063 0.995946308497655
-0.032745411802914 -0.0289465444268315 -0.50094380345862 0.494135425244519
-0.00982889602991859 -0.0341283777240928 0.0209578050726562 0.0897113276920293
-0.0263439010033066 -0.0108040607442641 0.576205282671106 -0.441655799769281
-0.00725257337181921 -0.00810026225714022 0.0374187447001479 -1.03019787889622
0.0324127078710168 -0.0271908104070284 -0.838405655765372 -0.470898234219365
0.00881867408944308 -0.0589218315444329 -0.607317714773972 0.465792606694651
-0.0333274657764921 -0.0245502775253936 0.04297578059741 0.515038976297278
-0.0142386677709568 -0.00759683497602666 0.201241361833434 0.132806565341989
-0.0110746486533374 -0.00529536037720151 0.0789244874688732 -0.203806492296144
-0.0373264865305474 -0.00478507529962982 -0.057189042450484 0.149674065656507
-0.0386591461570659 -0.0192419013264175 -0.180080838147682 -0.118024767992924
-0.00862476655417911 -0.0354880161830631 -0.021210301784343 -0.49868828088889
0.049915540309759 -0.0599410298446515 0.585150041407103 -0.356639876844877
0.0622446255134388 0.0181744377285317 0.801750066311958 0.44900704709512
-0.0365468174801938 0.0327310635314998 0.0106659744627732 1.00749323088822
-0.0407601139053605 -0.0190489465626651 -0.529033549348594 0.46669383882607
-0.0212859379350768 -0.0269695175786923 0.0242154196731558 0.0791127155833481
-0.0348919789167177 0.000845681213329799 0.548322782325707 -0.470404290502165
-0.00524029687674441 0.00483181799177558 -0.0389737766333404 -1.02261018379344
0.0358365579881126 -0.0253593130433127 -0.867157153238545 -0.406482815752741
0.00648404900945642 -0.0649141757281429 -0.572888325663956 0.507350846572162
-0.0358214499426681 -0.0278592185946862 0.0723429353509507 0.51644505931659
-0.0173787052834995 -0.00840408033340922 0.209967440457587 0.123247216241475
-0.0167742894927196 -0.00460860030235021 0.0850274119859432 -0.202035111756199
-0.0388283531633427 -0.00185102727324422 -0.049232366124771 0.147703384593804
-0.0358192546039768 -0.0198367710425785 -0.171842421450711 -0.124477252645476
-0.0056199558521847 -0.0365221075679413 0.0024522512487696 -0.495024424585012
0.0510247623496541 -0.0603672987166995 0.604739274860207 -0.323254545429775
0.0639108811257735 0.0271235820872079 0.778348975193988 0.49675752206014
-0.0379079037750437 0.0444227383195103 -0.0479356126856597 1.01519786488314
-0.0480840279008227 -0.00746181028291943 -0.556828533335944 0.446891027092844
-0.0314566443946197 -0.0164637697248827 0.0216347878863085 0.072700617165777
-0.0384588045707829 0.0153027415045826 0.519867853850547 -0.491713590558907
-0.00149507075941582 0.0171987721435169 -0.096624198945955 -1.01474123091374
0.0374977545616412 -0.0243169598522954 -0.888392872958918 -0.356559788558993
0.00278723987234228 -0.0661899494657839 -0.544605611130546 0.537124249273138
-0.036117231252072 -0.0270390346850847 0.0951884366700336 0.513938766299487
-0.0164547534601558 -0.00694330355176889 0.218296432008012 0.113556125070226
-0.0182033861960961 -0.00165863716335768 0.0902305798629784 -0.202209238373085
-0.0360364188996654 0.00175393315422899 -0.0441906336262558 0.149852542682912
-0.0312163976670883 -0.0155317640125283 -0.165772713958311 -0.125631793709671
-0.00293173612614962 -0.0349867345773742 0.0197435410766938 -0.486424785731785
0.0479762619453376 -0.0560991984112702 0.614747295489131 -0.297028266449363
0.0625724404072507 0.0358228227087735 0.752056969018423 0.530052137600852
-0.0363556598518302 0.0549181471775577 -0.0928699618249544 1.0197147733516
-0.0529463846143712 0.00449004193531843 -0.578185672117111 0.437153100259016
-0.0398167361446609 -0.0047435620124397 0.0158207018474323 0.0696377683128071
-0.0404369546806462 0.0295625020010614 0.501809622572331 -0.499589299901922
0.00464355439668988 0.026993863306637 -0.134925070147846 -1.00401130444395
0.0374258711721588 -0.0207558180906456 -0.899446560421862 -0.323863005700485
-0.002696765156541 -0.0648233593984754 -0.526025090171399 0.554418297226487
-0.0356251221539799 -0.0253411813243626 0.111470019848782 0.511968534947486
-0.0124419535136425 -0.00335716374516377 0.224925974695038 0.108728096846526
-0.0159643952445424 0.00262785342663162 0.0965507388260499 -0.204351259937494
-0.0012602623722606 0.00272062081379005 -0.0660026126590712 0.168027295825256
-0.0042141314784527 0.0075269781467773 -0.200752000517755 -0.0560319166942071
-0.00309536220204969 0.00360172596075654 -0.1370529294078 -0.476724767997057
0.0120196402091757 -0.0279124747184772 0.436456055265777 -0.502351493284655
0.0402344317615871 -0.00492891971972058 0.868363944856746 0.201797411076709
-0.0158672124801899 0.00929526910589271 0.288946644142738 0.959689273827775
-0.00870754448701889 -0.0161409307556663 -0.418853939161406 0.592053776499176
0.0088779839850009 -0.0191395927303488 -0.0226900647630377 0.132774693642991
0.00018269195695853 -0.00428735294529637 0.605279063413983 -0.341739526455391
0.00980568727667323 -0.0222585886119489 0.222579649772775 -1.0098487561561
0.0164245543791907 -0.0294013203801271 -0.754958820324882 -0.636215045799579
-0.0138447351052133 -0.0353431291716616 -0.695182065526021 0.346255692639034
-0.0306502609036133 0.00169186531667723 -0.0303142676923054 0.510387878288638
0.0109138641134778 0.0151071085991592 0.186438548482341 0.165632434784407
0.0185618511813274 0.00626494228133018 0.0698327074824438 -0.195852914750097
-0.00790463605956746 -0.000136160099843667 -0.0673343345060259 0.166895675625283
-0.0147411194744699 0.0024765655825716 -0.202551518300297 -0.0643296128058484
-0.00654995187896714 -0.00324352427175874 -0.129295395310337 -0.481741123929773
0.0183021724256581 -0.0359422098421042 0.453946977132876 -0.491604891211247
0.04353978623515 -0.007002535410164 0.865906178226312 0.219224386699519
-0.0219622510074014 0.00597277732355086 0.269373860645458 0.960497866098668
-0.012229665707581 -0.0266067555354397 -0.421902664485981 0.575509671450888
0.00986295396400771 -0.0283608499121864 -0.00901292223177722 0.124803766472783
-0.00211628353326926 -0.0142589408511773 0.608694295014077 -0.358081237154528
0.00443081644969251 -0.0261269082767441 0.203440475353338 -1.01779987443891
0.0199575810760324 -0.0309614998851711 -0.764414049907296 -0.616829677500777
-0.00632022715914942 -0.0395880906364613 -0.682111557150467 0.36239171766761
-0.0309203533625642 -0.0049662310502165 -0.0207857350336314 0.508047765676941
0.00446315518888996 0.00856088804947529 0.186667880300939 0.159587742339201
0.0122882163427215 0.00190987289837067 0.0687635568215522 -0.198656700342366
-0.0168622875555104 -0.00222486736751951 -0.0668545230847243 0.163735556091894
-0.0243162275233024 -0.00322727769940968 -0.20045593940631 -0.0749500184185859
-0.0100381023563028 -0.0121717730500379 -0.112559893365888 -0.488164367889719
0.0263320531593119 -0.044089427052627 0.480089174773815 -0.470474633730913
0.048390886699858 -0.00598287182423633 0.861859540705907 0.259161609964847
-0.0269109149687671 0.00773982314395244 0.227871988839877 0.966972003354467
-0.0190165735342078 -0.0320348846224043 -0.437281431078499 0.55590403414002
0.00611892569510579 -0.0349037823816201 0.00365998838592608 0.113633494946205
-0.00940684930508079 -0.0174996893622437 0.603098647905321 -0.386090351323147
-0.00210110666019525 -0.025102369394504 0.156648680319318 -1.02374687782775
0.02470203394744 -0.0298161823840173 -0.785750426212017 -0.577801070473891
0.0014635137070004 -0.0457294059765505 -0.660633349779734 0.393333023178877
-0.03120229170474 -0.0121792904285985 -0.000955829973866609 0.512179642506333
-0.00250356669517475 0.000857270258382588 0.190436496392631 0.150960795604124
0.00449260387556979 -0.00231178087285175 0.0676575943974397 -0.201782329345341
-0.0250093957653116 -0.00352314110954995 -0.0658998591304576 0.158867163637985
-0.0321429846183256 -0.0101497434867802 -0.197401289709869 -0.0895089420554929
-0.0115246097760849 -0.0212531272630272 -0.089609750060651 -0.494886490217825
0.0341577071539216 -0.051668091818401 0.512804020427213 -0.440346136646395
0.054259841072031 -0.00137153305268294 0.852044044942593 0.310546248368033
-0.0308528463074724 0.0127029723227704 0.168195634525841 0.980295679991584
-0.026419822081546 -0.0322366559778114 -0.460666147774283 0.528361299829083
-0.00152921556453575 -0.0365509480504924 0.0136606457406286 0.101436146613407
-0.0185280223090544 -0.0167332546207147 0.589167268039586 -0.415772696480648
-0.00593872607053701 -0.0175424974800735 0.0933689784521584 -1.02937767730434
0.0284641937822253 -0.0290729772443595 -0.813551045789397 -0.519814233437202
0.0064339819638669 -0.0527514795169809 -0.630901033572786 0.432354944678124
-0.0320327124989969 -0.0194426780847895 0.0234104292529276 0.5130195377367
-0.00869003881340633 -0.00465519720938312 0.195910208760829 0.140272847475035
-0.00446813039490554 -0.00441747800854033 0.0706477671438521 -0.202763066994837
-0.0319110099437093 -0.00396110272193897 -0.060984187639281 0.15495007834153
-0.0376466364778711 -0.0143399023972746 -0.190185064179597 -0.101986749605941
-0.010608356709007 -0.028930082402321 -0.0592204599036365 -0.497359113997197
0.0420976791241002 -0.0573762671396956 0.54712535983243 -0.406198984305658
0.0589276464080826 0.00679771041031199 0.833251280828337 0.373356021098478
-0.033677556231745 0.02174628058371 0.100113558232087 0.99216434429156
-0.0331249722723276 -0.02750012500214 -0.488856594771389 0.501896189449224
-0.0102849290398676 -0.0337752726560585 0.0218501325675419 0.089463857529857
-0.0270862951739167 -0.00928680442474894 0.564715316966018 -0.451822452851378
-0.00728890283174836 -0.0077570278128648 0.0172314733132871 -1.02802190969826
0.0318463077970645 -0.0286583121848548 -0.847812065964942 -0.455405053196829
0.00710248830823562 -0.0594729267412436 -0.596213379472411 0.477433115536193
-0.0347350947363073 -0.0237970368368039 0.0545273569877 0.511635690122916
-0.0144923745962395 -0.00803694624789241 0.203541669692079 0.129320921668334
-0.0115744029306109 -0.00565142640785566 0.0753785527311749 -0.204532008526528
-0.0375426127133938 -0.00319079113509246 -0.0555185582051211 0.149591472612529
-0.0386708143008573 -0.0180099488925731 -0.183925247953492 -0.11387578146113
-0.0084677765894935 -0.0349510018807365 -0.0315818682907489 -0.497006535039565
0.0475905114553738 -0.0607268307170303 0.578684997260238 -0.367616653057037
0.0623121785044373 0.0164620630339386 0.810272233750442 0.43270971494911
-0.0353340771765198 0.0329231306869128 0.0319944056005034 1.00368559604861
-0.0413595668199496 -0.0181937313144364 -0.519294624217799 0.476945853505812
-0.0210441411041546 -0.0266254518852313 0.0252103067879439 0.0784381213762493
-0.0344462872093484 0.00234928955640729 0.537764974437475 -0.47975992474864
-0.0060858447679777 0.00497206529325758 -0.056741935211018 -1.02033992137886
0.0346897463187427 -0.0268202498376253 -0.874357872004571 -0.390642771544698
0.00554613277663653 -0.0640679792913419 -0.56146792282233 0.515597124167141
-0.0359846381944107 -0.0265126254752661 0.0820647736858364 0.51264664946515
-0.0169792610102172 -0.00940236624141544 0.212802561293122 0.118536082833052
-0.0168014608540811 -0.00451863233833812 0.0807713587553111 -0.2030606448421
-0.0386442003345358 -0.000968399081777829 -0.0481856969910083 0.14914130261843
-0.0362671659858747 -0.0177955653005882 -0.175239600864523 -0.120492263146864
-0.00609485994914958 -0.0370214593646463 -0.00809436453510025 -0.492601210571028
0.0493189220795022 -0.0598619764611045 0.596097651948989 -0.33334622476016
0.0642532023154555 0.0258980188666429 0.785575555350733 0.480890301913647
-0.0361613837790326 0.0446227441603838 -0.0266116508068848 1.01387665064997
-0.0478990683325165 -0.00599128379226195 -0.545845162135425 0.456882437463335
-0.0314288517200648 -0.016012228799918 0.0226435219926598 0.0718457351750153
-0.0391500054473862 0.0163804960898387 0.511783706522338 -0.498938734702978
-0.00168434376802699 0.0168245727660125 -0.113951165603784 -1.00897283951824
0.0366621674418201 -0.0245104363467201 -0.891719900881267 -0.336821454348029
0.000938755338375577 -0.0664159986636323 -0.532002196581272 0.547924208582355
-0.0364338523996973 -0.0266148039386385 0.106030054083117 0.50922724074058
-0.0161078399293311 -0.00792834210387893 0.220260348202553 0.109744411850479
-0.018333467397296 -0.00144795852431494 0.0864814427226361 -0.203771431048748
-0.0359532664806468 0.00267004900379804 -0.0424663439054589 0.149446290292513
-0.0317967814240514 -0.0150331353233407 -0.168790913193845 -0.122168887184727
-0.00312276322777442 -0.0348009118133705 0.00810377640315012 -0.485097831681031
0.0466579856993219 -0.0573668073668361 0.607199290880837 -0.310202444689482
0.0637654475312954 0.0338114409328778 0.760840386371014 0.51342615107628
-0.0357063295891266 0.0562035906459729 -0.0722881307321136 1.01857921040599
-0.0527915772810943 0.00670023745077672 -0.567901087743382 0.448638918846313
-0.0392011456413285 -0.00440765478431631 0.0173655147287969 0.0692813351821739
-0.0394306118865035 0.0305341358561977 0.491501177780359 -0.507088743632482
0.00525320284140621 0.0268327377146661 -0.153664365630307 -1.00074880522281
0.0365140227849474 -0.0215221792485265 -0.902044344502875 -0.305204633124644
-0.00376179420574901 -0.0643516857148669 -0.514807834550025 0.565120467865913
-0.0354072952802409 -0.0246040532666515 0.11993893533184 0.508889667349855
-0.0125795559134859 -0.00444713078426991 0.226706366930416 0.104977522509788
-0.0162616332019094 0.00251920659680746 0.093230939305149 -0.205580320413406
-0.000828658187645641 0.00291839967745821 -0.0628790957848646 0.168389649832808
-0.0039657955923159 0.00760291060391349 -0.201991179325126 -0.0523979181247624
-0.00282102372749223 0.00357800625847029 -0.146217867252666 -0.468901470788856
0.0108551953239155 -0.0281547848825934 0.425855729180961 -0.508287353794005
0.0401719848571565 -0.00608970930679438 0.866061780804083 0.183060476605306
-0.0149303035243847 0.00976819201213604 0.306468721336246 0.947558449624357
-0.00845291348226245 -0.0157930323502397 -0.405759854494671 0.59492011486448
0.00865393723283114 -0.0198485470926405 -0.0199724337061501 0.13317158825439
0.000493636056260464 -0.00382875366001165 0.595425102163296 -0.350187773485043
0.00886729042030786 -0.0218917792689285 0.204460219050107 -1.00892591872481
0.0152736347657371 -0.0298217266174496 -0.762366375608797 -0.620368950555845
-0.0149414542648855 -0.0351626989395576 -0.685790708725464 0.358125294760475
-0.0302902728561712 0.00180536931531366 -0.0231301400910504 0.508541617215883
0.0114665425244371 0.0140987258813125 0.188712620769977 0.16148136532512
0.0189109166940681 0.00588228298503846 0.0660452558926342 -0.195951328718955
-0.00815665123471222 3.74976749547805E-05 -0.0648617186119666 0.166579222472969
-0.0143532905451415 0.00289913623042538 -0.203454989966626 -0.0593818991140033
-0.00639510384776344 -0.00348558599284135 -0.138612783567676 -0.475283565309627
0.0169252748993482 -0.0356528206300267 0.441044970425962 -0.498649234777686
0.0430337617153935 -0.00757420105283003 0.867070575323932 0.202519221403689
-0.0211890553730905 0.00670143172520448 0.287755363966006 0.94926971272152
-0.0129117252067959 -0.0262649123988195 -0.409905616661592 0.580809881531993
0.00934995665768703 -0.029150900031184 -0.0071437267087751 0.124862999017119
-0.00302599026917 -0.013014391772415 0.59899299157305 -0.365694484077211
0.00348165237703909 -0.0260292102515462 0.183874623024169 -1.0163058405294
0.0192006532670539 -0.0311918354066185 -0.770922013668265 -0.600404304098673
-0.00622719438353495 -0.0389489296261342 -0.673540036623907 0.37154335587145
-0.0307627821301925 -0.00357921836065068 -0.0107350268046294 0.507017289768103
0.0041888724755924 0.00748073579398076 0.189747016505726 0.155884816492247
0.0121273788925429 0.00216301377459656 0.0648252584504469 -0.199405138045603
-0.0166981849516173 -0.00187007724425893 -0.0640757906134125 0.163623858526447
-0.0243176450423917 -0.00315483892807906 -0.201859747061628 -0.0711255775103521
-0.00992128544139822 -0.0121920585189122 -0.122660168734769 -0.482679799521709
0.0245313926526724 -0.0449718377719317 0.469744931452125 -0.479209051639877
0.0477677842301802 -0.00728911359793897 0.863984375114775 0.2401168640661
-0.026420569596722 0.00742878710819353 0.243893622514374 0.958718644240077
-0.0196569284040249 -0.0308744988866974 -0.42414165175491 0.559897187761347
0.00571016305226129 -0.0347135661415985 0.00598078630215286 0.113553662597263
-0.00968182848242016 -0.0170184071574514 0.594186563167546 -0.393277836292528
-0.00216996111413337 -0.0254899556535831 0.137359805304528 -1.02429982493184
0.022989197859125 -0.0307633069434615 -0.79313226850825 -0.559440670632458
0.000759940920817142 -0.0457711688112937 -0.650853600271285 0.402620813075941
-0.0312455921983719 -0.0118531443044859 0.00794482382434062 0.509449065633512
-0.00257243806902518 0.000736727710310251 0.193706627384806 0.146800363327652
0.00390482606335188 -0.00164697694619838 0.0641828389127155 -0.202114936105142
-0.0258996479149051 -0.00266953962793876 -0.0635747701137301 0.159450080644382
-0.0325991999990765 -0.00875528977310953 -0.199027676320443 -0.0847478561851868
-0.01101797524377 -0.0205739073267833 -0.0976651248618677 -0.489141176652289
0.0324115865466896 -0.0520537593873453 0.501607915239431 -0.449749999528175
0.0533325045737731 -0.00253902776793152 0.852755875181477 0.2928615834191
-0.0305072165059315 0.0143127135611396 0.187379956696563 0.969335943988928
-0.0262954556580045 -0.0304608055112261 -0.449208320414945 0.534021217157944
-0.0021983505676815 -0.0360115051798187 0.0157212781005172 0.101302426967572
-0.0183445991477015 -0.0155928146505188 0.578533271883232 -0.42254486925162
-0.00650952064277055 -0.0177986875708693 0.075345934251583 -1.02676067896047
0.0278962540896345 -0.0299327936022494 -0.819845903071088 -0.503311778364143
0.00531141629822489 -0.0522962188245022 -0.620494722708978 0.444104191777986
-0.0325891970825608 -0.0184086978141899 0.0326814025370075 0.510073297754877
-0.00950899023542265 -0.00485785086853257 0.200129460255376 0.137223984248868
-0.0044267477286861 -0.00494212189488166 0.0676151539846134 -0.202032951272003
-0.0315801668590831 -0.00295770361755966 -0.058676115037856 0.154049100609114
-0.0375774855427841 -0.0136825331395909 -0.193144159988378 -0.098185358164395
-0.0115912346750781 -0.0284095079339652 -0.0690730278456799 -0.49194190704936
0.0399192876481983 -0.0580716474571031 0.537156072144879 -0.414310144873864
0.0585933314171655 0.00485559096743268 0.835388621198658 0.35527818839476
-0.0333783682579587 0.0218702078117171 0.119910371346575 0.984433234016795
-0.0331752241862473 -0.0269741855534931 -0.478999521415084 0.507780036906123
-0.0102193984398011 -0.0325156560476023 0.0230271470770478 0.0888529943401178
-0.02724001420827 -0.00877843451401555 0.5547840290747 -0.458629233814514
-0.00825682409453191 -0.00760012623561807 -0.000240548434968328 -1.02425215412954
0.031173506498594 -0.028675279781835 -0.851840783901561 -0.436203542019323
0.00633496558818071 -0.0587733364800865 -0.584493222899978 0.485518256211549
-0.0342043831831741 -0.0234157835854892 0.0631026386194178 0.50887434274983
-0.0144174307118719 -0.00852689332028277 0.206436628150949 0.125202808333048
-0.0114986053403573 -0.00590890734964224 0.0711156458579897 -0.204220893574581
-0.0375651218814552 -0.00220220216501414 -0.0532206111617004 0.150081969980723
-0.0390270190519885 -0.0169592026212456 -0.186214294399368 -0.109621994915217
-0.00854500872705672 -0.0340817275293852 -0.0415153754853177 -0.492663913748597
0.045765346574169 -0.0610901598835236 0.567389756423646 -0.375968069626969
0.0628486115503308 0.0152866202003039 0.813693454013905 0.415634520030175
-0.0347223425379186 0.0340874553664619 0.0515583358785073 0.997477748347912
-0.0406898781630368 -0.0168976213901188 -0.507965584958814 0.48257616769664
-0.0213099643977146 -0.0257439362969444 0.0259898494039088 0.0784358840074952
-0.0348914355057124 0.00294568355301164 0.526987802845907 -0.485897076161367
-0.00574469896773052 0.00514648510259602 -0.0762150192875582 -1.0152878070412
0.0345955890695703 -0.0274239521709444 -0.876454129623616 -0.372270684373837
0.00439764967190701 -0.0642673791128629 -0.54986749022707 0.525138967373444
-0.0355639079241148 -0.0258026577705911 0.0910363567496836 0.508449777057721
-0.0168045345481973 -0.00974253798401967 0.214453848282538 0.114403561259723
-0.017188603503169 -0.00449899016044075 0.0766180684929999 -0.20325020482795
-0.038666500099442 -0.000278704499993288 -0.0467112547589679 0.147331549910737
-0.0364580260268558 -0.0175023902480909 -0.177274279678996 -0.115938321698097
-0.00535579820410491 -0.0361500540538793 -0.0177414704723791 -0.487999643954137
0.0471257199472753 -0.0605386166914771 0.587456943426805 -0.34231619536721
0.0645044989298573 0.0248195900777251 0.788153713354752 0.463362400305862
-0.0349566261426228 0.0452043171198195 -0.00835657791927141 1.00918258423103
-0.0476147514809802 -0.00486453467199916 -0.533830054757384 0.46441741900506
-0.0309282849607887 -0.0153693855080315 0.0238798201186561 0.0719860987131382
-0.0384774362996946 0.018294882670929 0.499727510274636 -0.504933706779396
-0.00134767498213482 0.017522747166609 -0.13342672032178 -1.00304782142395
0.035614360022386 -0.0251666811288483 -0.894756054680239 -0.320837645938496
-0.000708517087305627 -0.0658548075011124 -0.519233589957077 0.554819981625041
-0.0361739076394436 -0.0261930066447353 0.114609082349272 0.506044130562537
-0.0164231966429766 -0.00873040334059 0.221935497835424 0.105494821987515
-0.018454694411084 -0.00177956989244169 0.0828829462947119 -0.204600816659274
-0.0364416503166907 0.00413083867660551 -0.0406165512740144 0.148938428212472
-0.0317302606629658 -0.0145115454363587 -0.170838992950218 -0.118116192220992
-0.00346016875076634 -0.0339922774283301 -0.00213550089133451 -0.481395298556821
0.0439705052412178 -0.0572936809348634 0.597549504092134 -0.321346326510299
0.063589824197037 0.0328878103275426 0.76652938170221 0.496214133812761
-0.0337258095322907 0.0557816577868354 -0.0511222291539114 1.01347884015164
-0.0520608750240937 0.00738667694478293 -0.5578133240474 0.454765625635954
-0.0387532336636787 -0.00355101170859237 0.0181552624300161 0.069681882327018
-0.0390963294708837 0.0316666303847907 0.479113685583727 -0.515138590780122
0.00513500987994667 0.0274305108129438 -0.170739441984916 -0.989026749730206
0.0362249721566879 -0.0229606876079297 -0.904328305696036 -0.288034071638122
-0.00561784948210899 -0.0644562451453393 -0.502044543645138 0.572244418958844
-0.0352699587051612 -0.0235519948432721 0.129263618968629 0.504353477625661
-0.0126433882855284 -0.00502138065617656 0.22902203075278 0.0997339921270056
-0.0162454463442238 0.00298542793315813 0.0892811660923231 -0.20649484461982
-0.00080990148939327 0.00392515177845008 -0.0612046234351708 0.167266873538846
-0.00382840502267627 0.00813462365163802 -0.202632484548857 -0.0479907770019192
-0.00159798401756974 0.00350518304859398 -0.152894792742982 -0.462799786242719
0.00912106857176855 -0.0277507570660025 0.41293933434207 -0.512021185050302
0.0399479294503636 -0.00681820654532458 0.860971897092156 0.16627711377894
-0.0148457909268506 0.0107640463768328 0.321585097753527 0.933839755346779
-0.00872114398373637 -0.0155781848531769 -0.393143049828469 0.59752703209818
0.00847485510274015 -0.0194135036596095 -0.017626111199361 0.132675179083314
0.000499671408603002 -0.00339913898016105 0.585670580627453 -0.356939351512488
0.00815960619482584 -0.0216426422475187 0.18497736855551 -1.00542350438057
0.0154210709432099 -0.0301799295792374 -0.768901336469825 -0.603267280567758
-0.0144284944130005 -0.0342346308838222 -0.676836573523139 0.366758072315195
-0.0299728762075799 0.00235515474955346 -0.0134946712194892 0.505250124265224
0.0107433541325141 0.012977247300126 0.191755215708767 0.158271508582027
0.0186554161421725 0.00575613881916105 0.0626912391652732 -0.195700274345274
-0.00825698396749104 0.000809942203262891 -0.0633021237961598 0.166134813193896
-0.0139983012086974 0.00345475514082263 -0.20418528789742 -0.0555722394357055
-0.00593042258647478 -0.00295322106939391 -0.146398904797136 -0.46946190633356
0.0151880454488165 -0.0352188309550297 0.43041257133215 -0.501704750214112
0.0424877295607557 -0.00792252839864356 0.863123905456265 0.184749327996498
-0.0211173267179584 0.00708581962307985 0.301328207592077 0.937102325212544
-0.0127105621667542 -0.0256503501134463 -0.39778231937436 0.585057845068344
0.00879962710544845 -0.0285422469189923 -0.00495888104961791 0.124974895254611
-0.00336415587733589 -0.0126144709318559 0.588161394426616 -0.373780644631025
0.00290907816707209 -0.0259658818348661 0.166817087267804 -1.01271838126139
0.0179420416963204 -0.0312994763948226 -0.776269410061574 -0.582433921848821
-0.00695965349897248 -0.0387534834734837 -0.661633990240283 0.381663656431629
-0.0299434811849154 -0.00412145106421455 -0.00361590194267541 0.503534182221248
0.00355396650566859 0.00630183426391485 0.191715992511944 0.15218907172248
0.011230104782402 0.0013859511225972 0.0616525965088218 -0.198283991870978
-0.0160249368018763 -0.0008215977682271 -0.061986630135978 0.163097300981617
-0.0240955131682125 -0.00242242832694649 -0.202566114965808 -0.0665531045525915
-0.00884006273525081 -0.0118031516602015 -0.131202206611477 -0.476520487141168
0.0231449053267035 -0.0442470552754189 0.457686469965142 -0.483085319413254
0.046995032366151 -0.00786098220219615 0.85983136935497 0.22303782126034
-0.0263706697661077 0.0090862445528875 0.261478303245857 0.94686387850216
-0.018871119815676 -0.0300221756557757 -0.413544215617647 0.564164983924508
0.00532216223219839 -0.0348113703881505 0.00749273345138649 0.11293667003988
-0.00984649523924598 -0.0157938338029433 0.581823981620249 -0.400262098155151
-0.00265781042387684 -0.024669859210703 0.118816745500675 -1.01628186746344
0.0222301524239672 -0.0313072217746167 -0.796403978236088 -0.541232655335518
-0.000188721432422212 -0.0445525152728669 -0.639422535582677 0.411332333372442
-0.0311994831680959 -0.0111566705272008 0.0155094701930287 0.505839473597695
-0.00284398023908034 -0.00110151849362668 0.195226030718309 0.143466806099961
0.00397283957321826 -0.00238451655923367 0.0604654098855624 -0.201628965971021
-0.0251620193819582 -0.00195120796884747 -0.0614110845622434 0.158100268692733
-0.0321695553636687 -0.00823393178458888 -0.200092820713067 -0.0800768204043267
-0.0112817094057423 -0.0200468487499239 -0.106343722361267 -0.482636061465052
0.0313395684721085 -0.0526046513332268 0.490221302447448 -0.456203221205977
0.0540304171461446 -0.00289589904563894 0.851799149443825 0.276583941095192
-0.029034792472029 0.0145088394654374 0.202546750561356 0.960216284713829
-0.0262751392214472 -0.0294483245623106 -0.436912797543557 0.538126849275014
-0.0023771213993982 -0.0356949344299215 0.016635512647071 0.100899427535889
-0.0193658795851768 -0.0145411356311654 0.566513988968037 -0.429394266831337
-0.00714372200478867 -0.0168185683527061 0.0559979020743302 -1.02152744525192
0.0270466952744577 -0.0298519991447473 -0.822825659412878 -0.486807154374116
0.00386688411153199 -0.0518258870711496 -0.608630156587251 0.451854027391386
-0.0325231326643054 -0.0182884932463242 0.0423736236213904 0.5067434843479
-0.00903342206563785 -0.00537342489688448 0.201176124955972 0.133363636912034
-0.00523072838067356 -0.0046277559188739 0.0640452781137908 -0.201873142132538
-0.0319746322619615 -0.00216070376585132 -0.0559293993750528 0.153569307816347
-0.0369819510258468 -0.012213158624525 -0.194493480654442 -0.09283417298917
-0.0109078972854253 -0.0279420315409082 -0.0783767705955558 -0.486091552366627
0.0380853391774893 -0.0582225844991205 0.526083931728829 -0.420299153295623
0.0578202988217811 0.00423860195261043 0.83614381904618 0.337886715375931
-0.0324743213274324 0.0224350304499905 0.134525030584637 0.975363376237773
-0.033298959201278 -0.0256730775424197 -0.466583839695786 0.512519624889406
-0.0114631024296298 -0.0330787154758104 0.0240048128047221 0.0878560007492809
-0.0273890458235889 -0.00801600433327779 0.542860574800667 -0.463131862092845
-0.00869422447916634 -0.00705892150835783 -0.0182377295890279 -1.01740781619056
0.0303863331202034 -0.0292173112784086 -0.851614394314077 -0.41942784189918
0.00525620795685879 -0.0582924357912566 -0.573242504931779 0.49311500103973
-0.0342679146328675 -0.0229446920192571 0.0710312646904718 0.504395487801787
-0.014479428953888 -0.0092341907020864 0.207728128947614 0.121493221887306
-0.0115929556346099 -0.00590005317194935 0.0668857950669448 -0.204311028444337
-0.0371475906884627 -0.00117956440083837 -0.0514055691497017 0.148392092822308
-0.0389145714802578 -0.0162710523529723 -0.187252206455722 -0.105133754827037
-0.0082040632559677 -0.0333233076465132 -0.0496234302642421 -0.486962277176001
0.0430073578571087 -0.0605103604589367 0.557871883460652 -0.383254255481753
0.0624515298931754 0.0140200094370255 0.813323379272738 0.397645403166194
-0.0336637937076789 0.0332634175813468 0.0702432688044166 0.988717454648191
-0.0405975614868799 -0.0160943205758816 -0.497057702137542 0.486714483251034
-0.0210175330363129 -0.0252524672716019 0.0272713162219697 0.0780175690304628
-0.0347598194805774 0.00516059508248032 0.514460002800683 -0.489684542672681
-0.00637573207417724 0.00556220329605507 -0.0911514988147771 -1.00761564054297
0.0336163357194824 -0.0281154057635799 -0.877481514304378 -0.354525127749686
0.00324278956299315 -0.0638625284866767 -0.536669124662602 0.531184077361231
-0.0360019684722999 -0.0250706874987428 0.0983321899415811 0.502369221561855
-0.0175445565772801 -0.00957401368337356 0.215645660592753 0.110112303391813
-0.0175002819092026 -0.00445702674232302 0.0730190165018695 -0.202985422979204
-0.038283693850114 0.00105536766555509 -0.0447143399612991 0.146471255609834
-0.0358257737093134 -0.0163496776999539 -0.179263149291893 -0.112397313195431
-0.00577134698018331 -0.035932014525454 -0.0268840926638228 -0.482960532390946
0.0450198730302192 -0.0604671210060549 0.577126887884913 -0.350965245056604
0.0642809993879649 0.0239192477120938 0.789596698751002 0.446199947540278
-0.033491717416529 0.0455747561679714 0.00950017066274192 0.998452134173241
-0.0463262818915092 -0.00443394042615527 -0.523711005915042 0.470793296218773
-0.0306843708759148 -0.0151697409482792 0.024780217281212 0.0708634297721727
-0.0381203676305902 0.0183161070908608 0.48840439792299 -0.508502837551843
-0.00158162684583646 0.0172435479068169 -0.149800099607911 -0.994075536059643
0.0351951826317609 -0.0255977561832064 -0.892570463036594 -0.305992496391944
-0.0012798843856677 -0.0649475510266896 -0.50626252332192 0.560378052005899
-0.0365540267458083 -0.0255104130711236 0.120943093272357 0.501290761887396
-0.0164602373919641 -0.00892871443096581 0.223583365080281 0.100904237729331
-0.019251013775309 -0.00140400377647709 0.0788462213886001 -0.203876770904704
-0.0360728807647149 0.00532948838188402 -0.0390868685989356 0.147813618608823
-0.0307437642429746 -0.0132966693050814 -0.17323358905219 -0.113741883358509
-0.00250415650764136 -0.0341644950732663 -0.0106373856739009 -0.476899123962194
0.0419590684617404 -0.0573588232411923 0.587656024783632 -0.328003737900551
0.0639687810881779 0.0313239078424057 0.76977735714605 0.476755403877794
-0.0322050137358833 0.0558444760060167 -0.0336216044589824 1.00694488292239
-0.0508125494484521 0.00879937817931761 -0.545302428692612 0.460581623722028
-0.0377376539027409 -0.00296709588319005 0.0198548626777542 0.0688621319193262
-0.0388266694708898 0.032856885436702 0.468261483670848 -0.517966898665324
0.00531789551355796 0.0269214513235121 -0.186408628252865 -0.981218264706947
0.0361306459127333 -0.0228142100333691 -0.901969894158979 -0.269716602014078
-0.0067614552560708 -0.0631291587702008 -0.487493765525608 0.577607355280165
-0.0353823738231419 -0.0231449388163869 0.135838788255441 0.497908570038538
-0.0126932016401472 -0.00585615647113189 0.229164675173265 0.0965733423112149
-0.015963377817131 0.00322691983813749 0.0853968538244659 -0.20592690636193
-0.000653792052219751 0.00380105497900485 -0.0589471954163814 0.167104584288352
-0.00346289586666851 0.00762799474922316 -0.201934413272864 -0.0441785558727108
-0.0010004154998736 0.00436465451389056 -0.158645434656831 -0.454368658404879
0.00891140070739029 -0.0274106844603744 0.402183448899631 -0.513196843803302
0.0393898250060203 -0.00736888887259355 0.855477513991962 0.151077122839209
-0.0142832786005798 0.0104526140254689 0.332959930236097 0.922322592549765
-0.00807124632264892 -0.0151977149658076 -0.381706769608493 0.598604321283645
0.00822795121476254 -0.0193037273743355 -0.0159510767761265 0.132042384479975
-0.000571411576402399 -0.00261709866411961 0.575243568937397 -0.361542800955741
0.00616900968117495 -0.0221364313280027 0.171308530995012 -1.00051066346028
0.0142317356497598 -0.0303671142873327 -0.770346767020327 -0.587554302588318
-0.0155620139898455 -0.0342511314959039 -0.664790469405243 0.374979364517293
-0.0293008970955551 0.00228372214934244 -0.0062300100578794 0.502178470873736
0.0109952402519455 0.0113159164627452 0.192914443107705 0.154360596556601
0.0181413072893197 0.00479112956492 0.0600309801280756 -0.194269364286978
-0.00834391323127862 0.00183102524485317 -0.0608629832692393 0.165278342037241
-0.0139746711513307 0.00314343681638828 -0.203314783333159 -0.051100504697473
-0.00528604555364354 -0.00314779083064944 -0.151875768867168 -0.460511935722263
0.0142267497233625 -0.0350975336055905 0.418589445714543 -0.505148076170278
0.0416870980072198 -0.00924793708877406 0.857225732235234 0.1685217897101
-0.0203688518456107 0.00782424518934039 0.313478708686826 0.92282200906475
-0.0133147292248012 -0.0253807477290966 -0.384309905623672 0.583307953908607
0.00891885912585104 -0.0286290506705373 -0.00359088120084219 0.123512216138684
-0.00374100669565244 -0.0117829101644791 0.578770014963095 -0.377171958295434
0.00158362758175204 -0.0251704485308064 0.151650295291769 -1.00545620251039
0.0179840670385734 -0.0313231603491888 -0.77747397633525 -0.567330783713264
-0.00749272501819248 -0.0382140507889402 -0.650962931399556 0.388496411240368
-0.029938957318947 -0.00390643325366534 0.00272155987292569 0.499940184080973
0.00401750431717004 0.00500949743477593 0.193744429665909 0.148843369569446
0.0102769380135619 0.00109037021673942 0.0583135879673927 -0.196621481728689
-0.0163585271763628 -0.000528861831244039 -0.0598231621951566 0.16262591192115
-0.0235813153165746 -0.00159521868902121 -0.202401937265367 -0.0625375385226223
-0.00863462617571211 -0.0108287950814483 -0.136588469422842 -0.469004939959987
0.0215127701613845 -0.0438732228744603 0.445039181523258 -0.485005137729187
0.04686230655526 -0.00800587386127946 0.854375829124333 0.207612319361001
-0.0253558347577683 0.00845981744687978 0.273294728716873 0.933770987116464
-0.0194633407916152 -0.0299258373847423 -0.40180446487564 0.563780185065724
0.00505022322494601 -0.0342780775255421 0.00917675749929519 0.112725183737783
-0.0102561538256976 -0.0155953014584249 0.571787164820091 -0.402337710930986
-0.00388858234437711 -0.0231598143328382 0.105585855729649 -1.01091110680406
0.0220983065500707 -0.031226347835833 -0.796620712464734 -0.527706383659984
-0.00102999359914473 -0.0441652773638162 -0.626503202936266 0.417209494634288
-0.0304512048311694 -0.0108189302327016 0.022183174128027 0.500633531368274
-0.00305765844017744 -0.00126207319604286 0.196541952846226 0.139999155329443
0.00329875213327061 -0.0027007727785113 0.0577978031111252 -0.199730998508213
-0.0256235776907876 -0.00175502904883992 -0.0599194028047183 0.157706967486036
-0.0314478263412307 -0.00771974406798715 -0.200649255686155 -0.0755601780946926
-0.0107767444412269 -0.0197937909776772 -0.113212246764613 -0.475539084268605
0.0292337274884915 -0.0516012591070128 0.477699734921398 -0.457526868120947
0.0526772556746876 -0.00424666892020444 0.846734098517876 0.259995371042434
-0.0289940430742048 0.0143468235551198 0.214888713139126 0.946394081474001
-0.0260357451631615 -0.0293190856443258 -0.424805677141891 0.538025841625986
-0.00252659755984439 -0.0351435797020288 0.0179582563780006 0.0988108919895238
-0.0191439837908228 -0.0137534627508613 0.556503974053633 -0.43316358016318
-0.00784122063958106 -0.0171178977809743 0.0417817255888589 -1.0134586701357
0.0262579149305408 -0.0306130964072036 -0.821774685765259 -0.471656582305891
0.00337571460316055 -0.0512133838205241 -0.596884674693918 0.455763429643552
-0.0321498788426974 -0.0180235093156355 0.0474990415674378 0.500599914112873
-0.00933382214788996 -0.00684065581651 0.200980640874613 0.129208034689367
-0.00525758733752494 -0.00496728393194213 0.0609231111753616 -0.20100198488379
-0.0319017798808745 -0.00146888565589604 -0.0546584585568974 0.153336078614243
-0.0366883585961379 -0.0117623030326704 -0.194938825592096 -0.0888852585741986
-0.0102358244543275 -0.0277368164699028 -0.0846523997058533 -0.479248668182054
0.0363177553800804 -0.0574288337738218 0.515610708683636 -0.425071370975122
0.0577815300482478 0.00309443073731805 0.833298355284272 0.321354345903223
-0.031471560112402 0.0229158616438123 0.149358859672077 0.963469210804361
-0.0333765056227063 -0.0248703596673007 -0.454808650295391 0.514188032718119
-0.0109018053302076 -0.0324622762285251 0.0250733675561161 0.0869740642916262
-0.027497991981177 -0.00652604002180538 0.532443573140029 -0.466806031517031
-0.00821455256302382 -0.00726138036044163 -0.0329967766971361 -1.00910437920089
0.0297791690573 -0.0299666672921105 -0.851079243680799 -0.40475107948777
0.00429167673926825 -0.0577424133710802 -0.56014637021104 0.496799016684741
-0.0343266488066725 -0.0220164645585936 0.0775573749112128 0.499061732886565
-0.0145858416014207 -0.0101238834606889 0.208194506134375 0.118135816108223
-0.0122681133557601 -0.00527400869402281 0.0646595405575334 -0.202956428435395
-0.037348175493172 -7.75798256909883E-05 -0.0503514508594935 0.147610200847409
-0.0380206714050669 -0.0149464583381601 -0.187516916957022 -0.10116736559931
-0.00829734847177413 -0.0324094113470862 -0.0573837100624961 -0.480613132449869
0.0417443466536858 -0.0606379571529629 0.546561625630418 -0.390148175761053
0.061896494138583 0.0130424250254716 0.813432084836942 0.38171819332737
-0.0332406119399935 0.0340304108619142 0.0847347548644865 0.978021949040499
-0.0403236557682514 -0.0154367541058359 -0.485841544335644 0.489669232769167
-0.022201807407458 -0.0244680670467936 0.0274738712253598 0.077061562725847
-0.034487058956334 0.00488966469629735 0.504029891639076 -0.493366444429946
-0.0061483418159429 0.00579447181977004 -0.104173079795271 -0.996129763268803
0.0324645441420286 -0.0280800983027021 -0.874824839989485 -0.340612911468753
0.00242081393644444 -0.0631521284744772 -0.524663450215288 0.534683308873477
-0.0357274382378591 -0.0247851654730312 0.105517970030849 0.497352206224099
-0.0169472793040161 -0.011282442147713 0.216296159129473 0.106714362934261
-0.0183155258946424 -0.00377737185590152 0.0701268406882394 -0.202217247714834
-0.0385524765809637 0.00195371224608322 -0.0431852550657774 0.145090930489785
-0.0349224905378051 -0.0149597898908131 -0.18075363570643 -0.107690966038842
-0.00517763309196233 -0.034856574078983 -0.034028470811938 -0.477757050104223
0.0429818231783349 -0.0607696896796566 0.567715546405002 -0.356060189373154
0.0639945359606039 0.0220885852988007 0.788340870627061 0.428702489356559
-0.0330674210208803 0.0456515181015986 0.0250415419627459 0.989449721760343
-0.0467075523812341 -0.00277208429290229 -0.510808438940439 0.474507402076981
-0.0303681698274538 -0.0138556578374685 0.0255505846751612 0.0701692490389554
-0.0380209721076708 0.0191284449941643 0.475525369263538 -0.510408115850258
-0.00164051015026363 0.0173950332880216 -0.162883047915202 -0.982537289529569
0.0340440687067495 -0.0263314288993401 -0.888843360551263 -0.28929279174031
-0.00237428337294117 -0.0642876009163824 -0.49285436303675 0.563373607905505
-0.0362481817695865 -0.024589151553724 0.12708902612838 0.494584890656745
-0.0165373051202881 -0.00928909045345358 0.223518921601621 0.0973500441809795
-0.0187218609396058 -0.00144891119613239 0.07494145287409 -0.20345449566491
-0.0359765772041705 0.00602305070841172 -0.0376500373002003 0.146749370964077
-0.0305830618121029 -0.0126712257350147 -0.174234608901733 -0.109983598418721
-0.00244022538091282 -0.0334345664106943 -0.0174594215537188 -0.471133269115833
0.0400805577178659 -0.0566845312923671 0.57627853428063 -0.335445846755831
0.0637262880730667 0.0298281191184171 0.769214055192526 0.462953844290572
-0.031060409811979 0.0556521081761611 -0.0168179567304 0.997340029911155
-0.0506794297017963 0.00908018690114103 -0.535719389678598 0.46360558327978
-0.0370696440406111 -0.00224133246169158 0.0195159786709923 0.0683601614770943
-0.0378778732405158 0.0334086420208613 0.455760602170317 -0.518129923295696
0.00516061747342554 0.0265904375090624 -0.199614888026277 -0.96908993853861
0.0347489565363284 -0.023347575327106 -0.898081756181868 -0.256267810626683
-0.00800726980520148 -0.0628551234420835 -0.473249265876397 0.579116429518667
-0.0356040868038435 -0.0222013066209994 0.142942780817575 0.492955947829022
-0.0127985560961897 -0.00632424557464002 0.229508415696713 0.0922805402204556
-0.0163337983317338 0.00275344604385997 0.0816039874323013 -0.205819715538946
-0.00186408530059333 0.00449512174343207 -0.0575980280950004 0.165401286398307
-0.00347186897016071 0.00832449671926327 -0.201268353327163 -0.0405089268517992
-0.000788484777867523 0.00375636529757296 -0.163528763244243 -0.447472809933809
0.00743375830053899 -0.0264372110112109 0.390520473231393 -0.514245266885276
0.0384522925300552 -0.00786039175866098 0.848857513531478 0.138279653789766
-0.0141944364979098 0.0102964707610338 0.341380097592722 0.906931512989524
-0.00784022447615231 -0.01492729459727 -0.370185389744569 0.596405028011182
0.00866100005795589 -0.019038646747956 -0.0142425407207021 0.130795075320493
-0.000441794440922801 -0.00231119492154954 0.565224254282085 -0.364521619169392
0.00603008049380262 -0.0214291979183088 0.157259961282701 -0.991254029107737
0.01411971405091 -0.0306451596513745 -0.770451058208087 -0.574362484050786
-0.0159220458677103 -0.0336404173976093 -0.654990185609892 0.377727644833228
-0.0289909916157567 0.0026777020050702 -0.000586376069826117 0.49738038804826
0.0101254603905437 0.010850017173704 0.194173664916712 0.151505396203951
0.0175028566588587 0.00407879716482061 0.0568350906973646 -0.192766589020597
-0.00825803102215351 0.00141341516070308 -0.0593336070171818 0.164237996702248
-0.0133282919556603 0.0036073070367739 -0.203299664807479 -0.0482459139459617
-0.00423365602570141 -0.00319641066461595 -0.155992236179422 -0.453886336162737
0.0133599641682066 -0.0350818132308952 0.406739946260911 -0.505381546184798
0.0414889228657629 -0.00992699303760653 0.851943578315928 0.15616014609368
-0.0200747502560996 0.00744129227202997 0.323040883352173 0.910637937711722
-0.012997982110034 -0.02435769213573 -0.3741041424578 0.581953507863425
0.0089819263104525 -0.0281477997039887 -0.0017653104624836 0.122408505994235
-0.00417392898047079 -0.0111232825291143 0.568755053326488 -0.379700546776725
0.00121586282558328 -0.025058734767286 0.137537542233725 -0.997760340362003
0.0173599744290596 -0.031409938406267 -0.776124635999619 -0.555748271168687
-0.00782424300950638 -0.0373018329956489 -0.64055993043458 0.391871238824802
-0.0294201466327057 -0.00363737385969158 0.00889622621607797 0.494543024561497
0.00354035020860522 0.00462571088837597 0.193902526693775 0.145505499060795
0.0103668718680814 0.000752586686077749 0.0559332723782685 -0.195683063291029
-0.0166772711034951 0.000401780140638472 -0.058778069519949 0.160506395125087
-0.023101522348647 -0.00117483376055469 -0.202837124855631 -0.0584267473860666
-0.0085978198343881 -0.0111605046157943 -0.14279500172131 -0.461520209732101
0.0205040372056314 -0.0437842037805795 0.434521759312703 -0.488500484021964
0.0459443520716792 -0.00882827422961778 0.849347993099631 0.195999883551749
-0.0248507463787173 0.00908898534437825 0.282183498672359 0.920070193142168
-0.0192119330537325 -0.0289590265325023 -0.390976572564832 0.563571631416345
0.00503573679735436 -0.0337621692718103 0.0097783161411325 0.111269038979594
-0.0104466368804671 -0.0146359384681795 0.561691322258864 -0.406344970548484
-0.00476351671834158 -0.0228146203313434 0.0928653856514977 -1.0034401809849
0.0214655325745204 -0.0312832336183113 -0.795614733582562 -0.514406281112489
-0.00144094254668601 -0.0437918602388766 -0.616855891583001 0.422180393365467
-0.0306711630499496 -0.0104728918520035 0.0290007121012149 0.495538635605267
-0.00314285133854719 -0.00213957694038542 0.196717922309766 0.135813650495208
0.00279289794766454 -0.00294379957981146 0.0549810236836389 -0.198340636969343
-0.0255318437694487 -0.000534078293122015 -0.058311820048011 0.156348776054203
-0.0310859395358346 -0.00656864513714264 -0.200033338131055 -0.0726553498710143
-0.0100873631011262 -0.0194972742584228 -0.118846097665998 -0.469049709539083
0.0276774019838739 -0.0511224324373502 0.468214422453802 -0.459513337931083
0.0518930827333665 -0.00498946816421782 0.840611263294509 0.24556993132877
-0.0283229858700239 0.014181974550164 0.224126786883066 0.935033155976341
-0.0262245387257791 -0.0279792183469333 -0.415285158606957 0.539131380833164
-0.00232860439364125 -0.0348088593531865 0.0193593075488769 0.098974777539753
-0.0194444854873356 -0.0129609045619874 0.545501753892284 -0.436351868216706
-0.00782381416432978 -0.0158372025653886 0.0302037145627744 -1.00295826847301
0.0256072024338597 -0.0308112456666925 -0.820718300390807 -0.456911394617664
0.00279685541799081 -0.0509495258726103 -0.584934374953082 0.459884413971047
-0.0321144087188425 -0.0168581887048038 0.0533486493205999 0.49490076085529
-0.0095757130738728 -0.00728962059793148 0.201759547578649 0.126173720934955
-0.00575607000557554 -0.00507333091373522 0.0578002209523059 -0.199346450977898
-0.0316203902815009 -0.000514423216823262 -0.0534211382746071 0.151494338039262
-0.036002804314276 -0.0107345999721513 -0.19503911848863 -0.0852712757640936
-0.0100050673734251 -0.0269531800014624 -0.0910441619938205 -0.472591905089468
0.0348568631398815 -0.0574137603492814 0.504457181850174 -0.427194119290817
0.0572226601248691 0.00245097245610282 0.828196002184277 0.308309630398127
-0.0305514075022719 0.0228183537539205 0.159091885595536 0.950988121381529
-0.0328613772731953 -0.0238983959841564 -0.444750444568782 0.514513818014134
-0.0110130086469612 -0.0323330894194186 0.025257759351338 0.085873981720223
-0.0274561283670279 -0.00583086135120969 0.521582673150987 -0.466822449158247
-0.00942015165446711 -0.00650202308530308 -0.0429455074154344 -0.997826758414984
0.0292747584698612 -0.0299210422403136 -0.847811971102795 -0.391646269725023
0.00343573528450958 -0.0571930384570301 -0.548915805097828 0.499450162600517
-0.0335124984744322 -0.0218750456607723 0.0825720474081835 0.49372009562936
-0.0153036646710032 -0.0101652196549336 0.208586681967147 0.114122284540941
-0.0123686987211751 -0.00509018875728531 0.0610842042335976 -0.201846843992194
-0.0366830098851928 0.000219176312436795 -0.0492461818747537 0.146702075975648
-0.0378849680442483 -0.0143926413984646 -0.188502774007911 -0.097242203357224
-0.00779662991274581 -0.0326246183165569 -0.064301648514319 -0.4738339258548
0.0394664115526569 -0.0601265564381546 0.535289073555254 -0.392222487785192
0.0614265184625003 0.0116330021374424 0.80919484249687 0.367125297015791
-0.0320413278445768 0.0341493153972532 0.095533213012848 0.967249604648951
-0.0397791469760328 -0.0150689946217314 -0.473943193154504 0.490382647565642
-0.0206174453562333 -0.0242985909814532 0.0280952090860287 0.076079346769061
-0.0342390393925507 0.00647499635380289 0.492383996259049 -0.492313157777026
-0.00676911934225204 0.00544250703956408 -0.115925635453091 -0.987531948644461
0.0322026094639084 -0.0286063765789004 -0.869979066382043 -0.326383381350222
0.00135945686674144 -0.0628973037926012 -0.513365911885874 0.535724541583108
-0.035324019117542 -0.0247374982454362 0.109856197476699 0.490796890820651
-0.0175375413707139 -0.011313424940282 0.216504106148269 0.1032207112065
-0.0179876454168596 -0.00348257083889729 0.067811592839558 -0.201045491289507
-0.0382490173063969 0.00291288574445177 -0.041933022115576 0.144308846483879
-0.0350474451836077 -0.0155256051868606 -0.180681096976876 -0.104218499054062
-0.00494189539557715 -0.0351927406993455 -0.0392685274263358 -0.471666473246451
0.041456115954828 -0.0598127913433383 0.55685655624842 -0.359848125521625
0.0634316670661955 0.0211276369302805 0.785966564378633 0.414797516920116
-0.0324552612278604 0.046459648539242 0.0376814432024119 0.977794008377316
-0.0462281906132508 -0.00223195513538321 -0.501680291229702 0.474429478984905
-0.0297730146524812 -0.0139896689559335 0.0260047883019604 0.0697140401166961
-0.0370364007583873 0.0205783715956148 0.466444272730031 -0.510149636920772
-0.00198316839874742 0.0167728150745465 -0.172685821046566 -0.971261188839605
0.0340071326777424 -0.0264699335450996 -0.883832295237507 -0.276656932610445
-0.00362422165289433 -0.0645321464587901 -0.481186491884713 0.564531499252677
-0.0354129524554111 -0.0237356503803714 0.131598620143967 0.487973144558859
-0.017219751787805 -0.00993778301274645 0.223112673334461 0.0941266296864349
-0.0189293109309032 -0.000969592953768238 0.072531716430677 -0.202179396239228
-0.0346858011085547 0.00707166132134414 -0.0364808127439331 0.144974054228719
-0.0303031973752486 -0.0122851536991601 -0.175028039678708 -0.105431654040445
-0.00232072453044496 -0.0337238827967225 -0.0242970468387231 -0.465273959365429
0.0388897286856841 -0.0562568450819238 0.567751718986079 -0.337870766025223
0.0636224443541201 0.0288557018455854 0.766721049316113 0.44773969939999
-0.0299894476961663 0.055858105221555 -0.00527456623491006 0.986530840470778
-0.0499332986430734 0.0102845139231719 -0.523858614213149 0.465066096604237
-0.0371376975438163 -0.00266098400426913 0.0200397864432066 0.0672706368228877
-0.0376631829539629 0.0349722995703503 0.446196094203598 -0.51926799605689
0.00482846052466652 0.0265623931182533 -0.207524591706404 -0.95802062434439
0.0340001281407549 -0.0240704902027089 -0.89122304169495 -0.243320398728663
-0.00820971472588592 -0.0622972528629593 -0.462409520835726 0.580669451118909
-0.0347957774227965 -0.0215657061864591 0.148083973756295 0.486125394525006
-0.0134291753882504 -0.0068967254248852 0.22882253389693 0.089056087411137
-0.0169081436324903 0.00291617619555231 0.078715259756487 -0.205255290017018
-0.00144772338720367 0.00406813239213532 -0.0564513201441919 0.1638788376903
-0.00268213604403091 0.00815225734448371 -0.200061154323497 -0.0377157719089997
0.000123068246266041 0.00354624650233137 -0.16619153853846 -0.440000086663629
0.00647967394493882 -0.0261571222043773 0.380942345836654 -0.512930468436358
0.0381801942787525 -0.00844750453461869 0.840103503782779 0.127652014881969
-0.013608784887971 0.0105367552607247 0.347292233462083 0.893721462483626
-0.00823127336672703 -0.0145989259523359 -0.360789388193936 0.593569673669545
0.00870669189620199 -0.0188155266872406 -0.0128915077843166 0.129589562416038
-0.000368966980609195 -0.00144584435050945 0.556489539320565 -0.364468545752821
0.00578675037149843 -0.0205800722140726 0.14806616342816 -0.983444114855651
0.0134703114301488 -0.0301186806578735 -0.767813066993571 -0.561176605101241
-0.0160655051227123 -0.0326733758906714 -0.643636675657845 0.381622025640525
-0.0284555453085051 0.00245744089888217 0.00242714778768102 0.492223520232934
0.0100655703410132 0.00984708582739258 0.194381617060237 0.148058447734768
0.0166797705572215 0.00436712190345235 0.0550745739228888 -0.190542455282221
-0.00874049097629778 0.00213937322967357 -0.0577371919118144 0.162207836458265
-0.013264991867594 0.00388577224729346 -0.202092732919868 -0.0446755172101882
-0.0038956825099391 -0.00324839320920207 -0.160042318888666 -0.44581257586738
0.0130013901797161 -0.0337499448766128 0.396294259035499 -0.504340546985366
0.0408215358982432 -0.0101521142755989 0.841811215990633 0.147218853420044
-0.0195550321687582 0.00778587081106296 0.328070603927745 0.89642363151455
-0.0126827360167148 -0.0238727605641041 -0.365571122194509 0.578716503508017
0.00890356792212351 -0.0286086136181225 -0.000522655079237315 0.121531129355624
-0.00373449230756864 -0.0103940907978872 0.560017025978933 -0.379720173661986
0.000581166605285656 -0.0240834475435988 0.127304991382513 -0.986766160839407
0.0166112346199912 -0.0310963411978551 -0.772733763532663 -0.54060008730837
-0.00884856576769671 -0.0368175267191144 -0.630992931147776 0.395112454853735
-0.029701548357116 -0.00325048254908287 0.0130325807659461 0.491053257924726
0.0034412139442131 0.00351830633222352 0.194484443056737 0.143431591474311
0.0101291860875358 0.000154763059894833 0.0538506897372025 -0.193591641428786
-0.0163380563960567 0.000396488073664572 -0.0571916145266961 0.15962802423677
-0.0225532264841741 -0.000694938828183678 -0.202167813068681 -0.0551154772422992
-0.00752115617643551 -0.0107088908591174 -0.145976026849385 -0.453552991177649
0.0189200640809267 -0.042256549021492 0.423645466279398 -0.486802926628399
0.045165874833176 -0.00925597745265328 0.841166067418014 0.183610429385845
-0.0247040425162365 0.008793902981091 0.290186446551964 0.905792311376261
-0.0190944634089728 -0.0286569362114634 -0.381722486302871 0.559372645413189
0.00484016895502955 -0.033362397816815 0.0104470302694476 0.110561517885255
-0.0103106671157662 -0.0135865571989814 0.551289010074192 -0.406887515318371
-0.00482778068340074 -0.0224428360967753 0.0824156254889921 -0.994694088902487
0.020651016223722 -0.0306941832528848 -0.792342739770206 -0.500688118491363
-0.00190068657033879 -0.0433345155526623 -0.605812241701959 0.42302323233446
-0.0300319761513774 -0.00985154299429149 0.0325123370522885 0.489396352772325
-0.00357885005590569 -0.0027418065049209 0.197666429170656 0.133145437289981
0.00245111377162961 -0.00309636980070485 0.0526360160289081 -0.196843707804711
-0.0249675184690238 0.000179656688136231 -0.057382641265616 0.154316938362918
-0.0309221285264371 -0.00627058878405369 -0.199650125534246 -0.0687561554874962
-0.00969914572487296 -0.019058029865183 -0.122143014464158 -0.461648834156274
0.0269812890533854 -0.0504363798089644 0.458064158964236 -0.460096546601686
0.0514208332211462 -0.00529842677165379 0.835040672306748 0.23599726099714
-0.0277716825383552 0.014904494795378 0.232016100226426 0.922432106287159
-0.0257398063290047 -0.0274359015466541 -0.40612750092494 0.536004190181099
-0.00272570293146584 -0.0345733918052379 0.0192790118965098 0.0983932367059946
-0.0189989494214826 -0.0117941727120571 0.535141733734941 -0.434792108850249
-0.00821619659493539 -0.0161452708990911 0.0206247454978146 -0.992772316906192
0.0247296823308013 -0.0304010188073494 -0.815479584167975 -0.444517712743162
0.00203788004021214 -0.0500068071197176 -0.574123931262831 0.45959850532346
-0.0316478872423662 -0.0171987608382421 0.0574696706038191 0.489423294467658
-0.010135614696129 -0.00783202759171939 0.201804286532055 0.123141238790242
-0.00587126264798527 -0.00467968592234937 0.0553149096544607 -0.197553088932385
-0.0312388009178516 0.000459744441387719 -0.0524003610151947 0.149706414174311
-0.0357329580995062 -0.0107828757579475 -0.194568114176788 -0.0814602120127626
-0.00934007995098521 -0.0265960407614122 -0.0942389925915068 -0.465974589489268
0.0329818862547336 -0.0562278584436351 0.493129817648102 -0.428691196267327
0.0567501002954742 0.00131487158856869 0.821331677435903 0.295981314913049
-0.0299116369221889 0.0231332025273015 0.169727717281199 0.940009984714493
-0.0323192674008876 -0.0232626872551217 -0.435750566154527 0.512472189173576
-0.0105249563311288 -0.0314396297766403 0.0262533371012748 0.0849439157318245
-0.0275735266939533 -0.00529252762564801 0.511828990520631 -0.466894073678945
-0.00883728352586496 -0.00615404845597851 -0.052613449866739 -0.988100645721879
0.0282165699637409 -0.0290916823439144 -0.843224987103821 -0.37963694948544
0.00284989916580036 -0.0564182886479315 -0.536610836413463 0.498599569544452
-0.0335176704087663 -0.0217758644387552 0.0863617791599891 0.488013997952078
-0.0147355736126584 -0.0110209884409326 0.208383161537425 0.11199920142829
-0.0127451883223687 -0.00557036473514571 0.0589222902623786 -0.200304481656988
-0.0364015939029993 0.00145591569534237 -0.0475693051211712 0.144956010011247
-0.0369536609376965 -0.0139094087753012 -0.187966425838818 -0.0934515766221548
-0.00751158638299606 -0.0322263617309128 -0.0672996338525651 -0.46702259840642
0.0387086846106475 -0.059642756922066 0.526111095289407 -0.393273256607666
0.0609495518390708 0.0111060159814334 0.801394407770457 0.356078881642452
-0.0306869294567944 0.0340280242431536 0.104977866025382 0.953518522158029
-0.0389600359709514 -0.0135993194025663 -0.464674615900174 0.48990753164384
-0.0203944820613342 -0.0239202945227405 0.0284430471188421 0.0751370584218567
-0.0334726863944749 0.00669920250996825 0.482181116034983 -0.492285399145747
-0.0065244797340312 0.00596023443462025 -0.122472193904905 -0.974339534336233
0.0313919644261549 -0.0284687804419484 -0.863505978251465 -0.316440312958835
0.000356484000492811 -0.0617285590140836 -0.500324626450435 0.535086646706699
-0.034977459287388 -0.0240113147334761 0.113381217527714 0.485239801632168
-0.0175284565960091 -0.0116868252916541 0.215890311876216 0.100548338227281
-0.0180349286310013 -0.00358739722366495 0.0648032431279841 -0.199527802549324
-0.0374251007824927 0.00349752480147504 -0.0405122955714617 0.143046734287702
-0.0343656052116844 -0.014227410733466 -0.180773367091023 -0.0998552343521517
-0.00477620675815475 -0.0346456718936337 -0.0446363619171982 -0.464058810752056
0.0399427201439639 -0.0593248054369891 0.546419354471654 -0.361871314806867
0.0626312329646271 0.0205411209262736 0.781272234269117 0.401800444452889
-0.0307890052293091 0.0452514038403858 0.0487288356272205 0.968085041928849
-0.0450694183606933 -0.00158713334091276 -0.491501712135925 0.473389222008752
-0.0285326261528427 -0.0130453753348406 0.0267181428262201 0.0689113708861516
-0.0371921189937871 0.0209425727188163 0.455427824204504 -0.508372185550453
-0.00139142827103942 0.0171925399726759 -0.180002527663687 -0.959327775439067
0.0329838305390328 -0.0268611757534346 -0.878647146320167 -0.268247635671263
-0.00373687161009517 -0.0634428993544473 -0.470933150994713 0.562305505625147
-0.0356481778881917 -0.0238995763620698 0.134862956722187 0.481327332997229
-0.0172894810116807 -0.0102767407519233 0.222637112932986 0.0914404099787687
-0.0193212963212307 -0.00132518190402653 0.0703929063659171 -0.200781470099961
-0.0348160183951125 0.00728904680492056 -0.0355110437823867 0.143289494040404
-0.0290784088451446 -0.0120705923130618 -0.174807319276816 -0.10209468154205
-0.00172791786607939 -0.03375379416326 -0.0286475990628932 -0.45975273896548
0.0378455155370126 -0.0559998098291509 0.557133036237327 -0.339644617351699
0.0633396121061329 0.0277775032197035 0.761557614140774 0.435484500344818
-0.0285237065679999 0.0553890447267244 0.00536187044042416 0.975600436479649
-0.0486737598804327 0.0101657364691841 -0.513106027599969 0.465996869823922
-0.0359618789682116 -0.00149818300369566 0.0205003473819123 0.0670170855941244
-0.0361749267406739 0.0346698089919151 0.437116810158912 -0.516511325552146
0.00508831730449922 0.0266144325846831 -0.215373708383874 -0.945978247644773
0.0327699377564507 -0.0233529330576674 -0.884979244910929 -0.232600192093144
-0.0095494017932848 -0.0619652762881834 -0.452752730929826 0.578998985044441
-0.0344764865237547 -0.0214577137220521 0.149975363118038 0.477931633321947
-0.0133270809599432 -0.00729128052344993 0.228140522913973 0.0857052482055073
-0.0166005120236516 0.00247575136137475 0.0758399572678625 -0.203323292764602
-0.00141060626568955 0.00443951680186964 -0.0547469169963611 0.162545426278197
-0.00228720242847247 0.00786678890400993 -0.19846682948249 -0.0347394893773784
0.000956443482760884 0.00342513367877619 -0.16662820920397 -0.432823909030492
0.00601609336129314 -0.0252548026615381 0.373719848179843 -0.510944549530719
0.0376099207155896 -0.00872611779921352 0.832483413045926 0.120848210764829
-0.0130779645580292 0.0106546913427434 0.350587887696015 0.87963013299988
-0.0073947025221853 -0.0141601444165129 -0.3547680905969 0.588598894025258
0.00888295368679178 -0.0192031701884246 -0.0121845494602336 0.127627651737411
-0.000471216682186954 -0.000414291418915965 0.549125869473724 -0.362712417507172
0.00508401818820684 -0.0203508097364143 0.140540590370717 -0.974018068758192
0.0124298858761874 -0.0299609488869795 -0.764918146235271 -0.550232700807524
-0.0157725824446959 -0.0318348594639489 -0.634246700936997 0.383051623294286
-0.028115362771765 0.00275841668292449 0.00610036785421024 0.487297855209478
0.00943843073155274 0.00881077353987228 0.19491389989741 0.145884255504534
0.0162163590882715 0.00427414102272878 0.0540218995511836 -0.18929981070414
-0.00791502291437064 0.0019234317115696 -0.0574399088140399 0.161064803698629
-0.012335870887308 0.0038512384544359 -0.201067495551583 -0.0415924747111687
-0.00336686817281865 -0.00323929608115741 -0.16150096986693 -0.43916083336461
0.0109304911974168 -0.0334340434508179 0.388245690238812 -0.502759094478915
0.0400100731837394 -0.00988793917922734 0.836123500855224 0.137897178395093
-0.0192768632452629 0.00741118243717571 0.330630690744576 0.88533034523199
-0.0125008700125264 -0.0232752029648638 -0.359345262587811 0.573522187647515
0.00900495288030839 -0.0281048367297223 -0.000174306270725776 0.120622693714403
-0.00307117960072673 -0.00951466954105143 0.550937804866382 -0.379531403188425
0.00022579443868978 -0.024377301887142 0.118933535019003 -0.978358033402733
0.0157398399460877 -0.0314382572467778 -0.771174141739853 -0.532237678257285
-0.00875899649599711 -0.0366379608962028 -0.622319163565562 0.395924212038138
-0.0290378018564321 -0.00317846855036092 0.0172798299491109 0.486124431229346
0.00243967448488054 0.00280103865111256 0.194889508192208 0.140187099634294
0.00970550367195088 9.10662326529012E-05 0.052112021651947 -0.191993675486743
-0.0162610965774054 0.000703443531029039 -0.0564717700370285 0.157848347266996
-0.0221260248772494 -0.000932545053575958 -0.199919014087162 -0.0525159974523839
-0.00737930162887301 -0.0109640715370338 -0.14618032452567 -0.446745050002955
0.0181792073781907 -0.041859795999911 0.415676324720066 -0.48534031283738
0.0452172009386911 -0.00998138046784749 0.834030101984306 0.175720487873689
-0.0238963952667351 0.00908493579173934 0.293504796400094 0.893683641670932
-0.0187912242776509 -0.0284103859674541 -0.373894222901705 0.557036497745415
0.00460546922130496 -0.0328412801508494 0.010148036253323 0.109504935460806
-0.00997662243023244 -0.0129793453704652 0.542928109890684 -0.405967717269766
-0.0055321303757126 -0.0222012862569799 0.0739079275011706 -0.982771490091821
0.0204148775911846 -0.0314768454405396 -0.788271309410996 -0.49182670798675
-0.00158386581045636 -0.0428408328731231 -0.597093789260484 0.423793610505935
-0.0300333835449773 -0.00962949528785157 0.0364246563834936 0.486417937562317
-0.00378780144749303 -0.00373134399434385 0.196883971997607 0.131063873018808
0.00181556027820057 -0.00320693529062405 0.0517630001935044 -0.194489104038795
-0.0248222635828346 0.000470739744656405 -0.0568931135481005 0.153220367936356
-0.0302376269138519 -0.00586886245588965 -0.198886802671765 -0.0658298963694375
-0.00870715418673537 -0.0190153969524926 -0.123732160435031 -0.453985771034511
0.0249421690923432 -0.0505122951095796 0.449449743270131 -0.458755233826763
0.0507360588006472 -0.006067720040106 0.82704280830895 0.225194857866862
-0.0270617991113033 0.0137118549330097 0.237161503953196 0.908604491299216
-0.0255048856706441 -0.0269553148192054 -0.397430176554815 0.532569466809417
-0.00234290293720513 -0.0340373973836439 0.019441402816714 0.0964727643899336
-0.0190863874642463 -0.0111187384561422 0.526183689922413 -0.432854435261305
-0.00881732427519432 -0.0148110739841173 0.0153564258073138 -0.983929493587076
0.0244964207238696 -0.0303352966375755 -0.81106221874355 -0.434278881080642
0.00192643897493571 -0.0499494984500739 -0.566480225805279 0.459777501407826
-0.0313625191282907 -0.0155406067188825 0.0599917901084543 0.483229040202306
-0.0108327031543403 -0.00885215006076868 0.2015277426189 0.121356517139783
-0.00569717916211438 -0.00480745765931552 0.0540080099391075 -0.19609940335905
-0.0308470649785497 0.000779269856812841 -0.0523194947969816 0.148352435086277
-0.0353469030491677 -0.0104808239883877 -0.193949118725038 -0.0788498883756483
-0.00909159340263693 -0.0266835876029551 -0.0956364137343588 -0.459006816352992
0.0315669951814531 -0.055894596904919 0.484786078073513 -0.427292652859115
0.055950469884447 0.00110713278516457 0.814556590403784 0.286066428447604
-0.0293830724352617 0.0224685645650795 0.172452648567345 0.927660647732435
-0.0315999835409299 -0.0230127119711341 -0.428006058890933 0.510912475423732
-0.0104415205770991 -0.0311898474182033 0.026091018093627 0.0839975110380779
-0.026540225517657 -0.00456358272415702 0.502654046454185 -0.464988850255863
-0.0100829088726398 -0.00563263655683618 -0.056619045366945 -0.978146929124074
0.0276053897516968 -0.0295132945673771 -0.836672207104064 -0.371563175580705
0.00217350855450705 -0.0561932965343595 -0.530030690063602 0.497345791182516
-0.033862969001834 -0.0206740885106817 0.0881813269777403 0.481965237106513
-0.0147856920082565 -0.0116529588880699 0.20767618364063 0.108536314961456
-0.0126655638340936 -0.00484744183420955 0.0575961085732237 -0.197986984050907
-0.0358917610139631 0.001557554497483 -0.0476567025815814 0.143369339261007
-0.0362877282524435 -0.0136509738877251 -0.187504961580373 -0.0902200699900932
-0.00746035712111198 -0.0320108663161439 -0.0708706545663762 -0.461897574010189
0.0369475797598979 -0.0589527800378004 0.516761362733643 -0.393491924237532
0.0612598176412139 0.0100608899983895 0.796242182682215 0.345605562155162
-0.0302655756706235 0.0334821132047695 0.110266162845675 0.942588092879891
-0.0381152936495708 -0.0135364914125331 -0.456548449781593 0.48738275520544
-0.0199800660947895 -0.0238876369229177 0.0285655802566003 0.0743096822505004
-0.0329340191087586 0.00723187640801898 0.475086988104806 -0.488826444576291
-0.00685073821203194 0.00612426967031073 -0.12767592318071 -0.964103236857322
0.0305443805013065 -0.0285542650063897 -0.856377461154697 -0.307451032053967
8.50850086979715E-05 -0.061098415765124 -0.493531537242887 0.534193277491799
-0.0346654766371763 -0.0236042565833222 0.114957865423656 0.477927626961841
-0.0175858329565598 -0.0128977201506804 0.215268914158045 0.0976907527883159
-0.017482875986312 -0.0039368489870979 0.0629262347145752 -0.198094157192304
-0.0372765498763073 0.0041451897616725 -0.0408950999866131 0.141093238790553
-0.034103089090289 -0.0139850619803646 -0.179989045846583 -0.0970641355372427
-0.00448885330402204 -0.0339230255174756 -0.0466896817468042 -0.458638376225848
0.039066563922147 -0.0581853359725972 0.538345650485872 -0.362495486381909
0.0625730535307042 0.0198330823724839 0.775123205326469 0.391706591129584
-0.0301903384638893 0.0446803585449742 0.054501016808379 0.955155286116711
-0.0443484939837318 -0.00136929595637547 -0.484311108079736 0.472921960877758
-0.0290124584403613 -0.0127866601628246 0.0260804294832845 0.0681490330219795
-0.0361895865125115 0.0215541253600436 0.448541973926408 -0.505510466903404
-0.00250690291154045 0.0170616526516733 -0.182071657024366 -0.947745490030992
0.0319802249690674 -0.0270758012464514 -0.870877954815789 -0.256836275509452
-0.00411892881253081 -0.062262585622344 -0.462623746540566 0.560529751420254
-0.0353326338814033 -0.023428298323047 0.136682071521063 0.474819360547555
-0.017738586186878 -0.0111587562987575 0.220920991794737 0.0896663025855456
-0.0194029331484188 -0.00088812133111706 0.0683507747962247 -0.199273036263043
-0.0346953522841148 0.00833204208755044 -0.0353960269382821 0.142286522378017
-0.0293087326789924 -0.0118889967874298 -0.174265691849232 -0.0989065427467038
-0.00123823340428297 -0.0332896764954544 -0.0324103840479626 -0.454670931650323
0.0360173488510777 -0.055068634851419 0.548885983287168 -0.341132140899834
0.0630905935262275 0.0270849358539768 0.755813930984451 0.425889677216772
-0.0278295165574024 0.0541561117040553 0.0128729766003464 0.964302545037945
-0.0478687293832026 0.0106646870253218 -0.505289380570472 0.462708826031436
-0.0355145433577789 -0.00159184341279486 0.0205418622679474 0.066593501552732
-0.0357976088616871 0.0345738236618009 0.428103265258083 -0.512176646073153
0.0052569270159769 0.0263058613895679 -0.218915796167439 -0.934236537543129
0.0328087600033754 -0.0242687870780432 -0.878437321442813 -0.223693788724249
-0.00940878428409968 -0.0605710746350994 -0.443680780995655 0.575951318135433
-0.0340621175823396 -0.021657290386777 0.152590667524038 0.474083010173349
-0.0136607698012866 -0.00833026940682248 0.226974837700767 0.0830397024560572
-0.0166725338875921 0.00325194461629288 0.0741547923284654 -0.201667128531568
-0.00145546585216381 0.00490620088104901 -0.054280753941647 0.160739627119785
-0.00211911506193813 0.00789728791176103 -0.197717663023949 -0.0331227360690257
0.00102710188785954 0.00315461741140688 -0.16866115984969 -0.426297194985434
0.00563930807058341 -0.024831088349473 0.366489679808807 -0.508112172806109
0.0372283468315657 -0.00908216060438032 0.82383988836181 0.11517744678034
-0.0128402469025552 0.0104189630594714 0.351538758516891 0.870472821113669
-0.00748399923681112 -0.0143116348882412 -0.348373302525004 0.585502114872578
0.00878299937157322 -0.0192337995601881 -0.0114177324029978 0.127034499860784
-0.000389132191005063 -0.000465459619546173 0.541463275851073 -0.361506293946175
0.00504009745962691 -0.0199771682266604 0.132716207293853 -0.964506762619315
0.0122133161271953 -0.0296097556393771 -0.759674766111834 -0.541859184942369
-0.0162486551688097 -0.03147845924407 -0.628160992701152 0.382860845121173
-0.0277548574972988 0.00257959065931196 0.00948390866288097 0.48339601638175
0.00864474540698533 0.00807105773551639 0.194443727442402 0.143782427316541
0.0156334039939521 0.00401779349728936 0.0523945090641725 -0.187440648549405
-0.00804841737817338 0.00336223351984566 -0.0570286329109286 0.159593090392844
-0.012150740290525 0.00430272784992762 -0.200117256202748 -0.0405273146600599
-0.0034178564850862 -0.00279965178769587 -0.162694218832137 -0.431812260297952
0.0106677339276435 -0.0323960134706399 0.381059766700262 -0.499989988152482
0.0395382718515994 -0.0106013812622302 0.826402388458192 0.130282945623653
-0.018857779401705 0.00755603580083059 0.333802545123725 0.872675359037133
-0.0119577738078162 -0.0231476963980922 -0.352091227798898 0.570588984569362
0.00947481699021926 -0.027585880479538 -0.000129134041971291 0.119434392311632
-0.00361807554334288 -0.00927613417246572 0.544876101596913 -0.37750953144183
-0.000427144536738401 -0.0237025939656691 0.116215578865469 -0.968250503463312
0.0157163844613362 -0.0314603786526841 -0.765479754172131 -0.523532345917231
-0.00867510466975182 -0.0361322972910558 -0.613504865584539 0.394795734814659
-0.028430188461795 -0.00341923480847336 0.0179435563999205 0.480016590513925
0.00226567306080817 0.00177992998988166 0.194350876743684 0.138579488737966
0.00892976377822991 -0.000116214639569665 0.0511636077271385 -0.190010380034045
-0.0160555685048917 0.00162598752550404 -0.0563544703739749 0.156712233686033
-0.0211266974501191 -0.000122266235100924 -0.199413620865023 -0.0505181310327928
-0.00689789848430336 -0.0112934277234485 -0.148153982808404 -0.44026581239163
0.0173598445305443 -0.0407969395307442 0.408894079259142 -0.482838451295574
0.0439248770759711 -0.00978374457020256 0.824010544805691 0.168023307853741
-0.0234151966712756 0.00898266810398292 0.295923071249057 0.883014179774428
-0.0179132710148368 -0.0273876510806288 -0.36722203613772 0.552397944105613
0.00477199319424797 -0.0329189953903121 0.0112590735791152 0.108119622527957
-0.0102190363043029 -0.0125464587729039 0.536268378460644 -0.402400707038486
-0.00554917447598755 -0.0215274509676495 0.069617183422448 -0.974128456666398
0.0194600262239099 -0.0309811026912165 -0.781425839637555 -0.480402581957674
-0.00198365093544797 -0.0422303101532135 -0.588535733419828 0.421530018840203
-0.0293899691754763 -0.0105474100953331 0.0366712260753251 0.480572143517702
-0.0045567188879294 -0.00420888474624543 0.196510112890096 0.129100052728385
0.00210637237646413 -0.00292942853545348 0.0499942582604476 -0.193463591932867
-0.0247161601037473 0.0005297959021819 -0.0561467037901646 0.151867879870075
-0.0296912409727049 -0.00549891611814325 -0.197087514968996 -0.064244289929241
-0.00801719700382911 -0.0188611990470367 -0.126272222228914 -0.448308011302714
0.024407694809615 -0.0494083408534093 0.441952639644415 -0.457470586260757
0.0500917019087614 -0.00649863053974797 0.818364958475458 0.219859187707731
-0.0266254867455289 0.0142801089628128 0.240492867587283 0.89894672579276
-0.0252964599163635 -0.0258780357407264 -0.391202493388973 0.528725953141087
-0.00247122182938129 -0.0337769049154066 0.0198841153070183 0.0957715027378397
-0.0189285437466405 -0.0103231383104095 0.521142297830687 -0.430027344503607
-0.00889268141764824 -0.0148354054105668 0.0110405922293174 -0.974016376919533
0.0236304064338395 -0.0304675739483968 -0.805877193039819 -0.426921920195108
0.00160939119799117 -0.0492519985087651 -0.559247591009336 0.458210700258206
-0.0308950364299311 -0.015610349597297 0.0605194191203335 0.47811117614247
-0.0106453518324831 -0.00942602037288353 0.200818380103181 0.118973539121923
-0.00660212309723361 -0.00470655232158435 0.0527446799269412 -0.1939418805412
-0.03035642950425 0.00104563076424734 -0.0524019792328095 0.146423128553095
-0.0344125006337607 -0.00999787123269332 -0.193030745220556 -0.0761616129100637
-0.00868768638278089 -0.0266927284426859 -0.0995397288975368 -0.452873574603733
0.0312911136148212 -0.0545966991868493 0.477290779698334 -0.42606346453562
0.0559106295248332 0.000565441300748044 0.807858957804708 0.277731498095118
-0.0285895355263658 0.0224643230505333 0.178289103635914 0.916732730709301
-0.0315678281411064 -0.0214492087499132 -0.420934147127518 0.508191130267158
-0.0103959327474427 -0.0309453413807648 0.0255756324184922 0.0838773470093065
-0.02635749485985 -0.00357141588891257 0.49607878687658 -0.46193535309491
-0.00974721845017764 -0.00605613007147407 -0.0618967852118875 -0.967724037529316
0.0274917008615595 -0.0298846682203764 -0.831295251855519 -0.362833694839883
0.00167397764200283 -0.055585867657228 -0.52160304273835 0.495935025201769
-0.0325704055867134 -0.0207871094270275 0.0901629800141865 0.477894956920906
-0.0159659986505264 -0.0117256182873945 0.207854775006213 0.107407845132952
-0.0122462437054897 -0.00536421337776783 0.0559455380367003 -0.196457440780023
-0.0358934476880138 0.00248696303255786 -0.0469942248840554 0.141646084220673
-0.0356954808929972 -0.013322876527086 -0.186772902560932 -0.0886646409894385
-0.00670453484096417 -0.0322674431010373 -0.071171362878852 -0.455811314225613
0.0356053301046395 -0.0577676093371441 0.509612823245351 -0.39148980802583
0.0600090986276542 0.0101952981409112 0.789243891247573 0.33804744924447
-0.0293122844627337 0.0331713668791872 0.11513167754539 0.931048533965442
-0.0379579093826844 -0.0129572747262498 -0.450701788555345 0.484470005364136
-0.0196052256788533 -0.0232142814049822 0.0286271701195341 0.0734595635221799
-0.032651682469337 0.00817335648635579 0.468887561205097 -0.485978642576927
-0.0071929099010092 0.00652576074376121 -0.13081607149846 -0.952886704376201
0.0304051157950007 -0.0285506316457886 -0.850244904281015 -0.299562608756035
-0.00110749228895142 -0.0606362861758385 -0.484942754842265 0.531812843915994
-0.0343184710943266 -0.023165337300403 0.114529572091806 0.475724401209188
-0.0184938146630232 -0.0135889848300733 0.213186212672629 0.0962559826715656
-0.0180633587310456 -0.00331093048426321 0.0618684389977898 -0.195935418915778
-0.0367705735376824 0.00466991411545219 -0.0401212311557442 0.13936106416258
-0.0332860370471585 -0.0134240861954675 -0.180527597916012 -0.0944545534627577
-0.00385726790563143 -0.034096838758875 -0.0498088051405212 -0.453020005547302
0.0381250194154605 -0.0574627043392843 0.531159487963208 -0.361388130345411
0.0618298552351635 0.018956364176496 0.768221692562895 0.383872161376213
-0.0289770449327233 0.0444148427285569 0.0576090351153061 0.943298828839005
-0.0432092910324433 -0.000896383847116044 -0.475201997538602 0.469815334836085
-0.0282863886504813 -0.0125704884800649 0.0249807507238764 0.0677442094560411
-0.0355875143415079 0.0221640455681126 0.441722469832031 -0.502106413921975
-0.00203535319819043 0.0175438782091532 -0.184657497860887 -0.939746402757416
0.0324160019198116 -0.0266173243399556 -0.86468504324249 -0.249699262161464
-0.00470263000563267 -0.061730298101937 -0.454347296806104 0.557554514430326
-0.0345052058785899 -0.0234383900250364 0.136696110435696 0.470210141079722
-0.0179058401330867 -0.0117553754694817 0.221292753572593 0.0866265728489641
-0.0190421331472856 -0.000774729815507454 0.066703166689933 -0.197860626664523
-0.0342302743166731 0.00891684795524413 -0.0354418946375154 0.140392246161844
-0.0281951400256117 -0.0117478035702949 -0.173969936123486 -0.0959078548257025
-0.00115654868101633 -0.032591042078187 -0.0347386131380457 -0.447880695661274
0.0350308227327253 -0.0542635786724446 0.540686789455793 -0.340595285827098
0.062162722213732 0.0260978048245361 0.749145277681049 0.416876493848531
-0.0267239475405805 0.0540855910930456 0.0168367066265678 0.953132313830838
-0.0470199785360243 0.0116022813135737 -0.497525782774153 0.462348753048361
-0.0350876859633154 -0.00186390644847604 0.0203313341060146 0.0654337085373413
-0.0345347053573894 0.0357112891823125 0.422391347097256 -0.509188558272387
0.00492512481069688 0.025844459410855 -0.219452407110766 -0.922354105930966
0.0322569423390057 -0.024091535531307 -0.870556060733402 -0.217930520197894
-0.00925158850962227 -0.0593690773390527 -0.43717999782723 0.5732602273132
-0.0336997711392351 -0.0211568533637884 0.152337141851384 0.466783991546569
-0.0144559368215602 -0.00913531113941103 0.225835137671312 0.0818049621429826
-0.0178178651450199 0.00322815558040824 0.0726268859065234 -0.200161603858454
-0.00116918099422591 0.00537231136298486 -0.0541900902887843 0.15938594781236
-0.00262515861736295 0.00795736347821584 -0.196361673700736 -0.0309035475500173
0.00185026013781016 0.00257007887450987 -0.167795577751593 -0.42164547743351
0.00493779931877886 -0.0237684579729161 0.361113654335575 -0.50484046832735
0.0369092026514898 -0.00833979797034845 0.817554687926313 0.111632247212005
-0.0123514152623458 0.0101690259438067 0.351040872918878 0.860182273044933
-0.00688012472440046 -0.0134520003862424 -0.342482888631368 0.580866984104657
0.0095409499110957 -0.0190741771083651 -0.0115490653127637 0.126033100357132
9.596224753863E-05 0.000463292668923882 0.536027492054536 -0.359638388745332
0.00483001922064729 -0.0194030818556473 0.130741438873068 -0.957471224625725
0.0120980043112606 -0.0298831821272493 -0.754911676236663 -0.535680445360148
-0.0157971368882871 -0.0307955951670672 -0.622482102071305 0.379773417994803
-0.0275401747712693 0.00217161160530274 0.0100306884346934 0.47897489619879
0.00825833923963455 0.00754071937621436 0.193607289173509 0.14239349583666
0.0153144395052497 0.00372261543137066 0.0519070262427445 -0.185967118780858
-0.00801227658215414 0.00292908420383854 -0.0565952156763657 0.158082288848002
-0.0120612611838768 0.00429852064322478 -0.198954864029468 -0.0382505922889045
-0.00229052088321607 -0.00360031962311956 -0.162471697281704 -0.427269013515176
0.0101848098325288 -0.0313644624312702 0.376164203938833 -0.496783519049531
0.0391409591370769 -0.0102374902298426 0.819435377022995 0.126354579856745
-0.0182734398335718 0.00774472346421091 0.33302915603394 0.863006031564884
-0.0116160109445467 -0.0231071307688406 -0.347950621710207 0.565620906631848
0.00946546392846082 -0.0283092809026059 -0.000443228579258677 0.11863478004059
-0.00345883075222628 -0.00865849065651254 0.538453052808611 -0.375339012947826
-0.000988742683515474 -0.0231374882901343 0.112116427849951 -0.96027836537901
0.0156651361903576 -0.03071641629896 -0.75978308786523 -0.516191178054203
-0.00866574685276122 -0.0354288461959731 -0.607608219310937 0.394099081999427
-0.0280988884777717 -0.00376326851902274 0.018797313783835 0.476080436771224
0.00111548245603482 0.00127102062968392 0.193782231133132 0.136190449437506
0.00898908258733098 0.000406908891457744 0.0503171718269736 -0.189054272710622
-0.0156542416956424 0.0015133770627544 -0.0562382175049869 0.15508162000134
-0.0217885857867888 -0.000197448028558846 -0.197891250868814 -0.0491015936641423
-0.00647154842121962 -0.0113022122374095 -0.148996275256717 -0.435039254554011
0.0171709594897361 -0.0405065993823317 0.404205715952247 -0.481388919763489
0.0440352516008776 -0.0102485513712329 0.818071001081301 0.162582102584411
-0.0229838654361103 0.00843606933173045 0.296691008183786 0.873824305909173
-0.017601253936492 -0.0265970944582371 -0.362428935175396 0.547747713638295
0.00529711960415311 -0.0320083264992539 0.0111727694331036 0.106867575150684
-0.0098796022366225 -0.0117004896210707 0.530429989105063 -0.400729335957789
-0.00661236366948952 -0.021162386521008 0.067914420034626 -0.966594028846829
0.0193016720793018 -0.0311470071544621 -0.77757405862241 -0.477418638342927
-0.00258040380032553 -0.0417399671932855 -0.585308645431797 0.420963778239565
-0.0290878733917609 -0.00981925959257314 0.0371046248135408 0.476813651720874
-0.00555434189303604 -0.0045504679689513 0.196154327713197 0.127749767942192
0.00112574138996459 -0.00329538712674668 0.0492242316985686 -0.19158640847362
-0.0236308251962318 0.00106188044579753 -0.0557816909241732 0.149566434064653
-0.0292763612642167 -0.00550727171175297 -0.196361032432926 -0.0620984035632993
-0.00819924590116587 -0.0190915880510668 -0.126760526640905 -0.442922825414799
0.0236820688031141 -0.0483824964451982 0.436044391644091 -0.45354398837848
0.0499258294167282 -0.00637749584158526 0.812332217916052 0.21506311793709
-0.0260517853263712 0.0141035829005019 0.240434089482821 0.888868617326195
-0.0247444488241357 -0.026242221612333 -0.386899701757693 0.526194406134401
-0.00168782067813475 -0.0333531461569784 0.0198533911677958 0.0952719147807396
-0.0186542825234462 -0.00989347020585704 0.51457896682176 -0.425919068294741
-0.00904159508218352 -0.0146447546912718 0.00747301546778372 -0.966553975993128
0.023051131583106 -0.0301555805963805 -0.798346519882601 -0.422860498336211
0.00179358454275495 -0.0485245072625364 -0.551892875984515 0.456021493265827
-0.0305691279970134 -0.0159254503697603 0.0619662473879531 0.4749789410951
-0.0116496578295204 -0.0100244784055862 0.200404422340314 0.118452124480695
-0.0072995555063241 -0.0049906870768144 0.0520787955044281 -0.192589488591468
-0.0303517637209506 0.00145102027641589 -0.0523702757548487 0.145475119993383
-0.0339580210550348 -0.010156627438026 -0.191560395239607 -0.0743497354836489
-0.00895872149046367 -0.0265101659063307 -0.0997440128890271 -0.448245645774466
0.0305191635376617 -0.0539798274788694 0.470935550459573 -0.423956864606431
0.055494702815736 0.000342481394100765 0.800543720103708 0.274262366125099
-0.0279350079674281 0.0221443431306531 0.177486982936036 0.905676395905322
-0.031260931604217 -0.0215803697145029 -0.415394480511959 0.504518842190568
-0.0100962234798288 -0.0301086094638211 0.0259527242572416 0.0832221856091426
-0.0258644931150153 -0.00238957869901548 0.491282516215274 -0.457945925841515
-0.0099088366282155 -0.00463890334096954 -0.0620175698558141 -0.960590229786054
0.0268407490474613 -0.0291331558921452 -0.822834787752294 -0.357973185832152
0.00275105640471959 -0.0552745971027936 -0.516893798492627 0.493656263185906
-0.0319618646064509 -0.021026720754529 0.0893504752440614 0.47282438047752
-0.0158822289909584 -0.0130131278777899 0.206165203094666 0.106236294467146
-0.0130875690744417 -0.00500312565558102 0.0550847973376123 -0.194701512549248
-0.0354806210588938 0.00309908207140232 -0.0476857254262867 0.140398203898494
-0.0349875221658928 -0.0132859332364445 -0.185703357268619 -0.0863697901653004
-0.00658282983715382 -0.0322396811638107 -0.0719304905847366 -0.449923408024442
0.0353311279618673 -0.0571312371265774 0.503701326485354 -0.389667787500261
0.0587974253773502 0.00935074284851907 0.783217622072397 0.330786794041797
-0.0289788123623017 0.0327674029071651 0.116935664991383 0.922154256976661
-0.0374956483977495 -0.0120885695918984 -0.446389346546976 0.481300962207393
-0.0191603508287631 -0.0228200804504284 0.028245324524714 0.0723891917967446
-0.0324388031490434 0.0085119530376594 0.461559296105071 -0.481363794427642
-0.00725275274232266 0.00694722318099423 -0.129996854431143 -0.945035797470951
0.02912334498814 -0.0284932400630121 -0.842843785688536 -0.29459082210029
0.000178950453091554 -0.0600017914346463 -0.479363864811066 0.527595649637203
-0.0339793075919209 -0.0234648868841822 0.116714173933501 0.470324169658576
-0.0188530391618942 -0.0134531127144794 0.213310245585827 0.0952273271975473
-0.0188705569739786 -0.00360284414609805 0.0602882224718053 -0.194837894809987
-0.0364041331451602 0.00519579869484954 -0.0406284704912323 0.138132045715671
-0.0327420172732585 -0.0135778701562359 -0.179468084162714 -0.0921969080059854
-0.00385973135642512 -0.0342384771526203 -0.0500165158451097 -0.44855441121575
0.0365360179963932 -0.0562877456623571 0.523485431075943 -0.360244715044662
0.0619662111139424 0.0185050462886914 0.762954554097417 0.377428093800884
-0.0287523399726759 0.0442247222391225 0.0611677168146355 0.936173735693491
-0.0426343759229282 -0.000633659878506409 -0.471069438731952 0.46622259418189
-0.0276920192535624 -0.0126865157154937 0.0258779427293146 0.0671354490935976
-0.0350840350057853 0.0216630977734401 0.437957095231485 -0.497044963610886
-0.00233409777738779 0.0174131805690135 -0.186232410387598 -0.929567403736819
0.0307077924539866 -0.0269583198964141 -0.858317988692765 -0.24674175062804
-0.00429844860178591 -0.0610774648671898 -0.450504478558095 0.553691312110942
-0.0343999043816281 -0.0228106304325383 0.137984100633296 0.465902595803965
-0.0185836937381869 -0.0123245260266285 0.21917234415827 0.0857448426374891
-0.0201577112473628 -0.000860712077729186 0.0653653292847111 -0.196132133248656
-0.0338502326214027 0.00877060348082647 -0.0358777734171426 0.139610211260323
-0.0281256440120467 -0.0111942910953762 -0.172760780673757 -0.0946884792548402
-0.000900662142116917 -0.033012846208967 -0.0346976061625191 -0.442761959497129
0.0342840033501079 -0.0527617391032146 0.53549309854999 -0.339218230713324
0.0616805745022916 0.0256438471131929 0.745582773587504 0.409542372483353
-0.0270143785143152 0.0535272948247333 0.0210541442237761 0.942640075377411
-0.0463787414067515 0.0115979893016248 -0.492317147482291 0.45794557655143
-0.0341463041143468 -0.00166937365357477 0.0203536587493359 0.065267568477019
-0.0341073444686827 0.0358848183580812 0.418190972100547 -0.503490387462232
0.0044523871897389 0.0264638984539291 -0.219599904777079 -0.914006479667672
0.0312303948959584 -0.0235467095779799 -0.864671155378425 -0.214585125053827
-0.00900288108530976 -0.0589686293321861 -0.430924770651995 0.569353995365888
-0.0333823070201159 -0.0207011996711791 0.151899383133787 0.463665557811174
-0.0150156718885047 -0.0099143745450211 0.22464169094906 0.0800978595872935
-0.0170640441895644 0.00308644658967538 0.0715483674245596 -0.198697862639121
-0.00144558478789133 0.005946783334193 -0.0546707618872905 0.157812234455809
-0.00219314083731717 0.00847073105360721 -0.195166953903197 -0.0295565821535231
0.00178974062813732 0.00235749950054125 -0.16720600505222 -0.41778580503491
0.00449674437122034 -0.0229312093723717 0.35783763496877 -0.501185381742282
0.037186054360237 -0.00902889133595918 0.810933159934868 0.109147096822181
-0.012393805384836 0.0101096083905663 0.350215674753197 0.852769500291363
-0.00639458769297005 -0.0132339709971415 -0.339717141527572 0.576572568438377
0.00944538844830002 -0.0188445559529949 -0.0109610738066409 0.125306340969763
0.000761744720661966 0.000869599083755494 0.531956494528754 -0.356707519937868
0.00431751635143168 -0.0188919491668345 0.129238513611965 -0.949184056838268
0.0115952271286562 -0.0292116933298978 -0.749268948027543 -0.531822408269743
-0.0156016669379314 -0.0306604060528722 -0.616321898032901 0.378367707003277
-0.0275355897538241 0.00185018104375898 0.00972006983031755 0.476050390255676
0.00793228351406642 0.00713785539285892 0.193359050422967 0.140891558784036
0.0140593195853294 0.00440607355339007 0.0517440754176721 -0.18359268631202
-0.0087138687021127 0.0038924743933706 -0.0564470919529072 0.156556564053457
-0.0116028567127366 0.00398073627413327 -0.19723279782119 -0.0371693169826263
-0.00230086607420382 -0.00368638240641219 -0.161456998840874 -0.422982046083423
0.00997115778807088 -0.031125811949627 0.371356412454969 -0.493986080507385
0.0386350525489972 -0.0104669843977132 0.812790436502946 0.125786459489547
-0.0181287598369235 0.00749157728714977 0.333047280682729 0.855420035887688
-0.0109294554931796 -0.0223172541272858 -0.344191708792186 0.561625198672308
0.00985699547124383 -0.0276088414589741 0.000260684997312802 0.117409250065233
-0.0032821272645382 -0.00797314938812074 0.533559055296677 -0.371502489035299
-0.00158636463399196 -0.0221867321450068 0.112072856564312 -0.951697946357393
0.015533011402962 -0.0305900180429567 -0.756964031530026 -0.512261906835648
-0.008195260752221 -0.0348768042670174 -0.604735795486728 0.390266189879637
-0.0280696883136622 -0.0032338453005651 0.01879825688952 0.473023122302125
0.000961153620075877 0.000852770988845937 0.193741334510774 0.136148348237361
0.00764150445153736 0.000402466279321139 0.0497463780673107 -0.187059122583955
-0.0158728502648397 0.00168120510942463 -0.0555374574120792 0.153950274756725
-0.020980381237023 -0.000669410015595766 -0.196585675319123 -0.0470110698368732
-0.00627699875085365 -0.011125154848829 -0.147422663316398 -0.430654333271017
0.016472524230212 -0.0391551184137768 0.398882899836719 -0.477500410750973
0.0431088677085093 -0.0102564758609642 0.811601643133998 0.162465008842709
-0.022578017725848 0.00897295444861558 0.295930937159129 0.867049588955354
-0.0172824709582843 -0.0261822820711185 -0.360819861003449 0.544679610860707
0.00572427199685564 -0.0324192813341094 0.0111276661830323 0.106396589886792
-0.0100820903376062 -0.0105585313641599 0.525845648944389 -0.396562517149943
-0.00633120876843367 -0.0204646314981275 0.0673658043031025 -0.959609948683772
0.0191240148608859 -0.0310664383756772 -0.77237520126696 -0.473582894953316
-0.00264025648409393 -0.0411962476656177 -0.580304375770834 0.417780991998391
-0.0290574871630923 -0.00985566791125171 0.0368046461866969 0.472553974099005
-0.00565350272343755 -0.00566015024079129 0.195880945285099 0.126839575189821
0.000704436626112489 -0.00317840786776941 0.0490140091581675 -0.190142045269514
-0.0240790142652299 0.00136804843867933 -0.0566414614796222 0.149107749961319
-0.0288482481487641 -0.00535810618729224 -0.195430740108261 -0.0599697496513482
-0.00857086448101424 -0.0192117774839732 -0.126271843960692 -0.438281702805253
0.0232275442870109 -0.0473679427370449 0.431824905612049 -0.45135257829917
0.0496751216799923 -0.00661146159923731 0.807969634290483 0.210279164493655
-0.0253671725439717 0.0139812780188119 0.241313398828852 0.879469020650458
-0.0245265196654559 -0.0249450085587817 -0.382989911170038 0.522493639488417
-0.00189492919869357 -0.0338019655608083 0.0196871816324192 0.0942302788446211
-0.0182123566330197 -0.0079933352223912 0.512647539004122 -0.42406045455254
-0.00979908823631227 -0.014092240671791 0.00544905710817439 -0.956598254543565
0.0229956839950531 -0.0303253882116536 -0.794306372731355 -0.41906953686782
0.000957266462975902 -0.0483758470989402 -0.547629256617073 0.454787418513533
-0.0300578848361426 -0.0164603123988858 0.0611505710495783 0.472052793358675
-0.0121377107087999 -0.010973119247472 0.199632017124835 0.116786688201856
-0.00721513152642621 -0.00464330440530334 0.0523660716182825 -0.190671932289386
-0.0302961691809521 0.00148295495546661 -0.0522293081657748 0.144340529910674
-0.0334353073183467 -0.00977415658894704 -0.190735162268793 -0.0735135849654086
-0.00793247758756262 -0.026035077213096 -0.0992435823636202 -0.442156319179136
0.0299345113542077 -0.0529513138966641 0.466471327549063 -0.421849591424924
0.0541135823086165 0.000515553654685467 0.79340802227181 0.271293159817358
-0.0279362796808711 0.0219601244532803 0.179584941032888 0.897893966651798
-0.0299841980341654 -0.0210387102718954 -0.412354926379697 0.500897810301606
-0.00988955844481457 -0.0305225146687553 0.0253682497481853 0.0827622012372782
-0.025959144711586 -0.00245627856762279 0.48754538893566 -0.455007553969755
-0.0101330307405312 -0.00489820243506374 -0.0620537609670916 -0.951160090382657
0.0259633856164406 -0.0296617729210818 -0.819774895203115 -0.354770140968785
0.00259343530359921 -0.054470791917413 -0.512413438772056 0.490466027690776
-0.0315054811024051 -0.0211012719324466 0.0887221351064687 0.468444621357847
-0.0168529790790291 -0.0129699203844777 0.206205343487847 0.105496183091345
-0.0135960540145312 -0.00523542607307166 0.0548146907606536 -0.19317642443283
-0.0349669009442894 0.00286857186732319 -0.0481163946591306 0.139262847068751
-0.0350560017427704 -0.0132388300628708 -0.184885512423267 -0.0846920202493959
-0.00589543285582799 -0.0317951243409322 -0.0727231191625657 -0.444922553553978
0.0342576591451437 -0.0561355934120651 0.49826650628072 -0.388781204616381
0.0588450637182593 0.00927830345933887 0.776443955740089 0.326888863085035
-0.0286813445895952 0.0325636514233041 0.116582920224342 0.913106077304319
-0.036297977464311 -0.0116089008834608 -0.440979813839313 0.477159689756724
-0.0188473313415532 -0.0226715865664782 0.0281306053542467 0.0731275360094096
-0.0312262597711893 0.00905588750010609 0.460331699522168 -0.478011517168372
-0.00727888700330723 0.00707047999465124 -0.131420694280822 -0.937748952663199
0.0290392232042038 -0.028179224685844 -0.83752767823686 -0.294278490817701
-0.000351610610504489 -0.0592313876245954 -0.475578746851216 0.524899419494278
-0.0334911227730728 -0.0231131312375401 0.114910019622962 0.466425770413784
-0.019026850602748 -0.014240757526692 0.212536685864439 0.0937385729811106
-0.0184865096804394 -0.0035484961723939 0.0597445560688849 -0.193684247348137
-0.0360508113663192 0.0050816324739499 -0.041709623876804 0.137256733513863
-0.0324622189870963 -0.0135659872898415 -0.178403673205883 -0.0907550454680096
-0.00344521925664092 -0.0346545367184181 -0.049564910088836 -0.443906590522605
0.0359062588836638 -0.055769720203179 0.519055536498327 -0.358734525583398
0.0611455644432451 0.0181827431413578 0.755613671664208 0.373684637501249
-0.0285732826242229 0.0431264291999868 0.0607336744400359 0.925626553049394
-0.0412646245545282 -0.000265858072842005 -0.468497585355206 0.463294178587754
-0.0271088205910116 -0.012611676543442 0.0254421206716092 0.066447748662554
-0.0346334763360582 0.0230205748336135 0.433184052711214 -0.492740341924345
-0.00225953066787089 0.0175096962089563 -0.184760826803927 -0.921864411557497
0.0306756328987508 -0.0263058734101673 -0.851946464381827 -0.243455337338308
-0.00416203494655971 -0.0609134941693404 -0.446251616938253 0.550278542361501
-0.0339134901030315 -0.0228695656281095 0.137385625576389 0.462686911762696
-0.0187210251916065 -0.0130478992086368 0.219113366313823 0.0849978248399486
-0.0200912929104674 -0.000921001771290855 0.0652961460748241 -0.194797158112646
-0.0338871708718964 0.00941461001280214 -0.0364741352723453 0.137388179828706
-0.0275102105829754 -0.0113392829363477 -0.171519262209991 -0.0927654021746339
-0.000366145322628809 -0.0330058218244675 -0.0359396065261906 -0.439704007617865
0.0330973447646939 -0.0517144543092149 0.530733841723576 -0.337833547697049
0.0611893868243198 0.0254876099332433 0.735006325481225 0.407839804461186
-0.0263415692587714 0.0530060135838132 0.0228351277133356 0.934690525451308
-0.0454303977912193 0.0113370836423632 -0.488688852063167 0.456111499416648
-0.0334826617874952 -0.00161471008664125 0.0203512049214692 0.064976746024645
-0.0337297055904745 0.0363863555908497 0.413629052827287 -0.501487280206818
0.0041841440078535 0.0261225032291516 -0.219281848664536 -0.908834743530101
0.0308094468405575 -0.0239710513764603 -0.856992596825003 -0.212629225434367
-0.00945691578189914 -0.0584589397533827 -0.426924889241241 0.566545641050956
-0.0329159114581602 -0.0210600003160792 0.151826877271123 0.460228936153037
-0.0149937302901328 -0.0102432037616025 0.224285168188363 0.0777997167578657
-0.0177177652976658 0.00316082457174807 0.0708185685416033 -0.196937428075503
-0.00127197078288657 0.00573595217206823 -0.0550471470833727 0.156808084555343
-0.00146482812811088 0.00849910332881584 -0.194402352691293 -0.0286667320843586
0.00175333058915436 0.00201068056775187 -0.166105549251212 -0.414685367818046
0.0046075503303431 -0.0223790125649583 0.354886672320153 -0.499584090557848
0.0361767063067966 -0.00938104800239581 0.803952234520147 0.109038189383427
-0.0119146629404185 0.00992654436376103 0.349555949031444 0.845779189504652
-0.00571218022807831 -0.013167013416324 -0.337043375429793 0.572795676317534
0.010027396185132 -0.0182938323899077 -0.0113983900651039 0.124554138789252
0.000571594978881328 0.00125790789416877 0.529498015873972 -0.353386204829721
0.00400765186921626 -0.0189600755483253 0.132328108308607 -0.944450557599765
0.0115273543164248 -0.0293776475871213 -0.746659779322955 -0.529362061946263
-0.015653832656694 -0.029864413119719 -0.614306239074491 0.37618500205094
-0.0269904123195663 0.00215591942417939 0.00944761690074089 0.474396638975378
0.00674561310261373 0.00574525725837678 0.193028092621909 0.140490120842066
0.0142137162159301 0.00373091721675405 0.0515130070212963 -0.183010394089729
-0.00814292213984464 0.00394465017023944 -0.0572518580572775 0.15601710575115
-0.0114275479157934 0.00407843614538566 -0.196482167069589 -0.0359994010606832
-0.00179984376002804 -0.00363936761491082 -0.159901270239258 -0.418694078533996
0.0101540938928562 -0.0301506446394722 0.37000652875953 -0.490626362716445
0.0386385470188841 -0.0102847916426808 0.807259305610988 0.125106247485786
-0.0178294594468309 0.00748119741680893 0.330876009545409 0.849986476378763
-0.0103959291941124 -0.0219201169774746 -0.344502033111892 0.560022590506007
0.0096931191718046 -0.0273302310869887 -0.00105635059228019 0.117434774906449
-0.00223260306051596 -0.00701373976277551 0.532193125175281 -0.368467699657609
-0.00217713631927462 -0.0223346122500019 0.111413697909953 -0.947138716100068
0.0144319848885394 -0.0306412628969436 -0.750903533410423 -0.510868534720747
-0.00853441121851443 -0.0347020176253984 -0.600206064499953 0.390142804032736
-0.0276706211392656 -0.00349953374418035 0.0178542198137255 0.472226595062018
-0.000200366857445511 0.000137839760131188 0.193418919185304 0.135991350916874
0.00783144483559231 0.000673803868222004 0.0507787168842765 -0.185938527859817
-0.0157677232354299 0.00259232606324422 -0.0569090260135515 0.153320736720363
-0.0210995829326513 -0.000715318431568284 -0.19649737341495 -0.0463552717923191
-0.0053132621720872 -0.0112166243298939 -0.14620438754756 -0.426968810842607
0.0157289546758672 -0.0390560230780651 0.397481601000381 -0.475348553614368
0.0432952746285554 -0.0105200662677574 0.80694440386604 0.160041713193727
-0.0227328472105907 0.00847126669982047 0.293730867436804 0.860348022788693
-0.0166678301446229 -0.0264326598656588 -0.358283418975478 0.541613511367148
0.00543350909395237 -0.0324192625115232 0.0103308178210213 0.105630076793377
-0.00909437138090297 -0.0102169018493006 0.522893367938477 -0.393462023864909
-0.00599733415210189 -0.0209258737537136 0.0663333629238795 -0.953324781330623
0.0194033323638677 -0.0309351068008749 -0.768202375354142 -0.471239066557173
-0.0022667989003219 -0.0404704442422827 -0.576037556349339 0.415342325571891
-0.0285174226541127 -0.010512948859735 0.0365314177887602 0.470013354302989
-0.00638496748054354 -0.00598285086322525 0.195325040146001 0.126516766137822
0.00110291693573045 -0.00327124010475918 0.0484486749180624 -0.188655507256039
-0.0240615264425613 0.00169630448941735 -0.0570394220737395 0.147742756763725
-0.027889954581806 -0.00540217775893157 -0.194922836466265 -0.0591179752869061
-0.00759203111077142 -0.0195433939460537 -0.124764011951683 -0.435815803738317
0.0221888098467115 -0.0467103365795785 0.429447313666037 -0.450654453740657
0.0496024375934688 -0.0061394066970558 0.801183181836149 0.209937436852624
-0.0257690088820489 0.0137095898802652 0.239714137699379 0.875094382480051
-0.0232883102447732 -0.0252653663318024 -0.382772212866159 0.519557697527795
-0.00124968445857867 -0.0328420228185465 0.0190044278168914 0.0935680068017717
-0.0174454614780383 -0.00821309343955781 0.507906223683953 -0.420803857028775
-0.00977180537523166 -0.0140086481420668 0.00877276623263937 -0.952339662309846
0.0225549604011615 -0.0299858162871796 -0.789679807868677 -0.41700766265265
0.0019354900238772 -0.0475176929559542 -0.544859445486856 0.451529387766689
-0.0300054853405984 -0.0168038224479946 0.0602505767569227 0.469756656801597
-0.0126549562703688 -0.0114101855675087 0.199412182411918 0.11650649276828
-0.00706061625911433 -0.00463215612439353 0.0516744456001231 -0.190028000674205
-0.0300359445767333 0.00157062381493096 -0.0527278180190379 0.143557387520703
-0.0330479605018681 -0.00947745738119205 -0.189435157494567 -0.0722101018076548
-0.0071660998064591 -0.0268703635983411 -0.0992394816151579 -0.438474918884809
0.0288388861349954 -0.0524705372045763 0.463355256919452 -0.419869197016276
0.0545302443453671 0.00023853288716006 0.789121192355308 0.268475860671045
-0.026832162914 0.021314886160069 0.177710467159406 0.892260910079695
-0.0297535252550279 -0.0207989108766077 -0.410680531997087 0.496267462548302
-0.00916417681666606 -0.0295420880078395 0.0250989185431589 0.0825878016660635
-0.0249145006043128 -0.00154765256496184 0.484185971136153 -0.451560476357447
-0.0104852354406505 -0.00489293928822056 -0.0610511170611736 -0.945263173453539
0.0257685862956239 -0.0295948530177144 -0.814370440422974 -0.353818610624526
0.00232252983506739 -0.0537775263125349 -0.508895402486362 0.488950366200742
-0.0319088971134611 -0.0206552746370476 0.0888150203172236 0.467090797649095
-0.0168333219499823 -0.0138628314117537 0.205763424411947 0.105012290940525
-0.0132561438859765 -0.00552909050244822 0.0544888284938319 -0.191654906005264
-0.0348593520943286 0.00339586075227029 -0.0481334019491597 0.138227311304495
-0.0347997275699087 -0.0132618204510699 -0.184124495216798 -0.0836080317151992
-0.00601253069839175 -0.0316162931910083 -0.0737661849685737 -0.441279659064674
0.0341098858591275 -0.0552151962047188 0.495815461597706 -0.386366255410674
0.0587893161197132 0.00890567644798766 0.771715407000677 0.325458341406993
-0.0281635103497922 0.0320958028272563 0.11686977985903 0.906581811015322
-0.0359578384675923 -0.011564339818797 -0.438527255800976 0.473985593419207
-0.0181875196395633 -0.0226683253565954 0.0265728756849138 0.0722978567873873
-0.031510115263348 0.0100143556907485 0.457018445846372 -0.474585134300515
-0.00785785989466112 0.00728952588378824 -0.129987569761686 -0.931404071270115
0.0289026474526359 -0.0279195231676104 -0.833310891707076 -0.290992200443044
-0.000482084688045205 -0.0585390925529454 -0.473054925832677 0.523298567082039
-0.0334650960734046 -0.0232851964458452 0.115776665699374 0.46439068201334
-0.0197570491205441 -0.0146964683613127 0.212119559620576 0.0932539873355186
-0.0187885381097422 -0.00367875046644073 0.0600235027985922 -0.191403702042973
-0.0354675240940009 0.00545523776829938 -0.0417169272214446 0.135920503068496
-0.0319015515202087 -0.0139383138163035 -0.177116164771446 -0.0896659832397991
-0.00300362293040696 -0.0342692389166419 -0.0505088922567663 -0.439420532422173
0.0358185221350724 -0.0543023770878185 0.516073202079409 -0.356278095588344
0.0601697186843814 0.0178502524551807 0.751352695051637 0.371530146736173
-0.0278604571207415 0.0425925800020703 0.0605762242258777 0.92092867651676
-0.0406652766082955 -0.00055874078028505 -0.464945326979293 0.46007703476699
-0.0267704409659413 -0.0124819850225924 0.0254016227992763 0.0668714293497019
-0.0341038616281259 0.0230767494243117 0.431659476352993 -0.489194102664327
-0.00277013086402363 0.0177650718210647 -0.181754791211107 -0.919140267943819
0.0301000810107025 -0.0266851894669127 -0.847953588910553 -0.243272683155405
-0.00420388254163841 -0.0598977040106438 -0.443858236391372 0.547738486775935
-0.0335033734283677 -0.0235530358070127 0.135414387052179 0.460454077357626
-0.0186414368392678 -0.0134871785116649 0.218257423699021 0.0843457564666114
-0.0197436518921086 -0.000641953303999633 0.064568890724942 -0.193811383549203
-0.0331150524054604 0.00937327678823677 -0.0369954752543959 0.136755520558636
-0.0270306129873697 -0.011544041056098 -0.171525400100694 -0.0911363922123865
9.33010328198671E-05 -0.0330524444906719 -0.0345037029174017 -0.434921287163666
0.0334094013073431 -0.0511844821796981 0.525108328751856 -0.335068093376212
0.0606654754232623 0.0254544787208252 0.731219570320845 0.403046693824762
-0.0258872847458128 0.0522310461068122 0.0209921206746184 0.927670428146013
-0.0443097089059582 0.0115449010806422 -0.484562794955816 0.451188160130323
-0.032766517504065 -0.00199618728529775 0.0191475396472784 0.0649849766356799
-0.0336798222785357 0.0365519973471302 0.412349813986652 -0.496960039110165
0.00415442833162713 0.0264273561851287 -0.215696701883774 -0.902909404393833
0.0303960548652618 -0.0238321229225357 -0.852323085092665 -0.209890053921214
-0.00924769454941753 -0.0580256109238533 -0.424083559950313 0.563106461260899
-0.0324358502533107 -0.0209875003868411 0.150389231392943 0.458474398979279
-0.0157941447041417 -0.0103406391420272 0.223548956308014 0.0785995565791038
-0.0176696032339855 0.00320634036771794 0.0705524336688886 -0.195905345020796
-0.00143735221964079 0.00598737928463849 -0.0556389720478939 0.156407715952443
-0.00154465028357884 0.00771560351703576 -0.193831037883942 -0.0286169479241508
0.00226853190059835 0.00232251041699931 -0.16578328344119 -0.411845738923543
0.00434183235265043 -0.0220534335103858 0.352719045525036 -0.497473246461078
0.035997222726827 -0.00873063706624896 0.801271539378677 0.108725806485278
-0.0118327243570668 0.00980996890056128 0.34671250589833 0.842875514571973
-0.00418112356214751 -0.0134268828232987 -0.337763729822283 0.569691571135012
0.0103164876460104 -0.0187246628332278 -0.0113945942116164 0.12427974564475
0.00107966181356631 0.00142415585877026 0.527251059517315 -0.349614579393823
0.00331766502802346 -0.0177251050247199 0.134553281156181 -0.940359984779181
0.011030204263871 -0.0293932820842767 -0.743656234857726 -0.530229076874722
-0.0153240079064174 -0.0300208198734823 -0.612972668056908 0.374346202681236
-0.0271454141476061 0.00165221635132752 0.00835541533202757 0.474097564973346
0.00548901937099068 0.0058101526015339 0.193740994834235 0.140627236374781
0.0136770032131314 0.00430519484486457 0.0524290114830125 -0.182134394623835
-0.0084256128468298 0.00391701304846797 -0.0582717733629037 0.155004113036531
-0.0112833671223436 0.0039496176010282 -0.195685618583487 -0.0349668872090728
-0.001535700490179 -0.00410082041603865 -0.15940274409248 -0.416657475190322
0.00919682127626523 -0.0298010674834909 0.369265599367422 -0.490879443207071
0.038794496429022 -0.0104365631470978 0.803763712622332 0.124194716857902
-0.0173024794144272 0.00730967449581404 0.327352421599035 0.845655019245235
-0.00990508691001078 -0.022026873183276 -0.34232864007195 0.55559378916054
0.0101089833089307 -0.0275560196253398 -0.000104201851262986 0.117192759625168
-0.00138465206841316 -0.00662348579547405 0.531102193422634 -0.365790989043723
-0.00207469303605428 -0.0218835453033085 0.113308253647157 -0.943941990403016
0.0147787342336317 -0.0306123986096632 -0.748956363277038 -0.511247402342251
-0.00815491602211379 -0.0340618856998509 -0.599087476006018 0.386885708612465
-0.0277090958781198 -0.00351237707842873 0.0170401086793993 0.470371171445324
-0.000474267458498653 -0.000767793099685379 0.193080782588038 0.135918537755451
0.00730040032978148 1.64133654064228E-05 0.0504477905803358 -0.184208286071931
-0.0156059450410864 0.00185300438606302 -0.0572886855786281 0.151881799277352
-0.0207185722060356 -0.00042573969613582 -0.195728091468631 -0.0457042624766652
-0.00529473177532775 -0.0118555858950783 -0.145792248231875 -0.424544536700123
0.0151463271793538 -0.0378275142069304 0.39423611911449 -0.473947155926329
0.0430956356573259 -0.00995989380790623 0.802919199836986 0.158270770474971
-0.0221815784817006 0.00825545805820652 0.292146132568702 0.855594236587553
-0.0160925867738145 -0.0257221159607029 -0.357890272289647 0.538298416420549
0.00657947831597378 -0.032837472216867 0.0100391290424113 0.105764518069246
-0.00868022207276897 -0.00931230244454014 0.523075462463178 -0.391212703779651
-0.00684841212022697 -0.0204107164937273 0.0687914394133254 -0.948981082065501
0.0178587288067194 -0.0302633010512143 -0.765595122364623 -0.471508920488473
-0.00202089488871322 -0.0402011653136428 -0.57623164056152 0.414690787259682
-0.0289348088108652 -0.0101993928305759 0.0360304850251096 0.469898557499988
-0.0068276479911631 -0.00661459765956874 0.195154850551249 0.126160259723953
5.79516818348357E-05 -0.00302386232526213 0.0493865016741885 -0.187235275445687
-0.0239509330091341 0.00201030037765371 -0.0579302668653507 0.147174679086434
-0.0284655373344703 -0.00557726762780508 -0.193839640538357 -0.0590494446273955
-0.00722590816509064 -0.0198776440380354 -0.124985051977518 -0.432452016730961
0.0225590726466518 -0.0459314555152897 0.426636056042837 -0.447833435920029
0.0489946417161008 -0.00663331332478606 0.795994401801051 0.209199263488691
-0.0253462946729107 0.0136441701772059 0.23694219071484 0.871166072599152
-0.0228360971168708 -0.0251326002762371 -0.382226808589667 0.515822182792374
-0.000715752104360416 -0.0325695100768112 0.0185215975310653 0.0936893522972273
-0.0170497882802563 -0.00730308563022667 0.507165094978783 -0.41761364840828
-0.0104716187795665 -0.0131137159090176 0.0104971823091637 -0.948643512050145
0.0225717938515939 -0.0298807193409115 -0.785115697785371 -0.417658505780801
0.00172502894908088 -0.0473749357927968 -0.543812132796734 0.45020762973356
-0.0302376338753126 -0.0164745444933399 0.0585614038407175 0.46899714269825
-0.0127571190494097 -0.0113707832775333 0.199312318521657 0.116063909539898
-0.00800282050511581 -0.00459464893797762 0.0514486728632331 -0.188888673827093
-0.0297895023286225 0.00202411762337181 -0.0535139288938255 0.142340917506051
-0.0332608113914373 -0.00947755767965131 -0.189688333424682 -0.0708932999491205
-0.00737898107864748 -0.0268221608218045 -0.0977717266374886 -0.436541476497875
0.0286072843309553 -0.0517642788964412 0.462989520608303 -0.418347560345455
0.053838720457402 0.000380197323151716 0.784734849794025 0.268413509505668
-0.0270846137525246 0.0207790452068136 0.176752332196042 0.887582255766335
-0.0289905631567148 -0.0204339212730002 -0.409322353033547 0.493684876856695
-0.00880344665497373 -0.0295337233619731 0.0240141910406326 0.0818938684888565
-0.0248634327267015 -0.000944321359902706 0.483269732471839 -0.447961030450411
-0.0106513794617233 -0.00449325074036136 -0.0586231538933797 -0.942764809807747
0.0258043312422519 -0.0290940824482971 -0.811425812252376 -0.354205947292158
0.0027428779535922 -0.0537806699966283 -0.508127671357634 0.486247065700742
-0.0316559328964744 -0.0211389399121923 0.0871568521256132 0.467246504506324
-0.0173349695097642 -0.0141647725341426 0.205104288204216 0.104335857290842
-0.0142139508193279 -0.00482562591249937 0.0549662035752502 -0.191002136660689
-0.0351583550132327 0.00320689590161081 -0.0493266397562949 0.138075968476336
-0.0347831156015383 -0.0134862738670027 -0.184158561609766 -0.082284807401301
-0.00518635736830053 -0.0318238649407721 -0.0718833758589322 -0.437754010308793
0.0333832232809275 -0.053832922617786 0.492165299046509 -0.383918909215511
0.05864075740891 0.00890749987779836 0.767324587595209 0.325198258023834
-0.0284498129283709 0.0314346993321303 0.113345018865348 0.90286604837244
-0.0357705703426425 -0.012042621319798 -0.438809818345761 0.472264962279742
-0.0181375211352117 -0.0228135831264399 0.0263920397798908 0.0722509130333092
-0.0314749439395056 0.0101045712834787 0.456889387402203 -0.470419721187921
-0.00835405440940121 0.00744869546017774 -0.125984928590835 -0.928508588198223
0.0278406821065956 -0.0279060969424484 -0.830756102986256 -0.293124830412824
-0.000299496050493203 -0.0585392951328378 -0.472972182930653 0.520777405150165
-0.0330060755078729 -0.0230276194056636 0.112898270503949 0.463974184509893
-0.020143829553375 -0.0147431811320994 0.212029328113916 0.0938769688222752
-0.0193544527263205 -0.00319724988955881 0.0601292791469572 -0.191653160597828
-0.0355706665448161 0.00536216329034501 -0.0427408750229961 0.135310201151705
-0.0312466188002352 -0.0141943086607002 -0.177188534330345 -0.0882885951487665
-0.00278850098973229 -0.0345730470456429 -0.0499778213889113 -0.437260247466839
0.0349852476947952 -0.0537281521572098 0.513720645267218 -0.355055077359383
0.0606486910177342 0.0177555179079796 0.746284391258509 0.370053757230739
-0.0279517179316256 0.0421241499786577 0.0605393784225545 0.914239586355418
-0.0400841963059415 -0.00048554024495434 -0.46380758347876 0.456105200293461
-0.0261753807002258 -0.0129044707365005 0.0243112122460742 0.0672842215205334
-0.0333158435726519 0.024154145918719 0.431691376559268 -0.486362662581488
-0.00327088855884465 0.0180326298477296 -0.180197100472224 -0.914125742959959
0.0297128108936206 -0.026458817432419 -0.844621123175724 -0.244447981478052
-0.00393299657526495 -0.0598032628608765 -0.442604461943437 0.547506631230286
-0.0336039255516178 -0.0230709858912508 0.134841759994801 0.459435609327181
-0.0200270012775622 -0.0144238846337677 0.218321023087024 0.0842791946520335
-0.019745133091719 -0.000571210364645535 0.0647804676562094 -0.193200926803442
-0.032955292446021 0.00943657394617294 -0.0384072758380848 0.135692399389687
-0.0269355848675879 -0.0118416627952562 -0.171060802912123 -0.0906675110735097
0.000308942619951277 -0.033226230495019 -0.0341273046180089 -0.433638992521357
0.0327579315166842 -0.0502680819718656 0.524062550665585 -0.333665054850284
0.0609176726373241 0.0248740312201857 0.72892745111532 0.403945768793539
-0.0261551497633202 0.0515911082960424 0.0202789670171371 0.925104971911755
-0.0435797345903165 0.0114939189583231 -0.484312372413479 0.448219787169491
-0.0327638480372442 -0.00178405843749229 0.019013928801128 0.0653787750287303
-0.0329514992289165 0.0369157462712677 0.412263609276738 -0.494755308358616
0.00343060993232527 0.0268361839873235 -0.213898885653121 -0.899828629673907
0.0304876056989294 -0.0237669158653555 -0.850555938119731 -0.210917916227224
-0.00858507446750308 -0.0579947768995316 -0.424752678370506 0.562684703878249
-0.0321071178510595 -0.0212572393479573 0.14844176295258 0.456009758730281
-0.0168257766032646 -0.0109764456198904 0.223269794258283 0.0781667634943486
-0.0181447777054918 0.00325502647452491 0.0710793017694448 -0.19511399577743
-0.00146760886983881 0.00676182341413996 -0.0561784277914691 0.15588604182429
-0.00124781470117617 0.00839031073307675 -0.192963949173695 -0.0280564246793527
0.00269067545509503 0.00111595717690889 -0.165065296539139 -0.410107744904526
0.00446310356851093 -0.0210959441492296 0.351828772039532 -0.49563933036568
0.0358251731552424 -0.00900817093479534 0.79997766971286 0.108626207403701
-0.0118355752392661 0.0100487588428427 0.344641400010466 0.840097233858963
-0.00452139588263212 -0.0128822494657727 -0.338179424101087 0.568568319994486
0.0103634577557429 -0.0186787576438999 -0.0117461006724404 0.124594566750032
0.00212334329246621 0.00196482913786374 0.528323719911164 -0.348172806551925
0.00285233925744684 -0.0176061339553976 0.13250537890574 -0.938661047720368
0.0110009493615326 -0.0293429796642979 -0.740930209293527 -0.530129686158133
-0.0154616549547882 -0.0292074268819342 -0.61390167066001 0.373870277310283
-0.0265904703276595 0.00180001028932072 0.00709496490122361 0.472240219621983
0.004834799123542 0.00571627421831537 0.193995588893393 0.140568217455785
0.0136498285902508 0.00389856595399925 0.0520084904141921 -0.18135045643013
-0.00806285651800381 0.00426984234950025 -0.0589738966836169 0.154506098655538
-0.0115028155491 0.00398640346293017 -0.195652717069287 -0.0354510477055839
-0.00174122765612571 -0.00437093366796881 -0.158807397740283 -0.416069545599382
0.00904324388811873 -0.0288286239027587 0.36691707999508 -0.489340137644948
0.038954896936741 -0.0109547783589552 0.801362621253561 0.123980463660159
-0.017290678260271 0.00669795559100827 0.327778787447139 0.843905646255649
-0.0095600959029661 -0.0219526430654965 -0.344183841932718 0.55485218560076
0.0108498461897253 -0.0272986927759058 -0.000285656483263303 0.115831725577007
-0.00117915251362984 -0.005712258510221 0.530884881873975 -0.363505274009085
-0.00213791126536338 -0.0211945804680931 0.114103145859169 -0.943645067513037
0.0143424127305587 -0.0305098266884701 -0.747365548531956 -0.511833841738317
-0.00846520662179407 -0.0342686357345098 -0.599136827640042 0.386350337150275
-0.0279600459378392 -0.00415947149167526 0.0162773656408265 0.469416898753597
-0.00138422155525167 -0.00053171103946479 0.193740153726525 0.135523374710371
0.00713699993076615 0.000415260174321636 0.0509827082466471 -0.183580692969535
-0.0156326710246083 0.00252878432176712 -0.0582367754406077 0.151711240082737
-0.0202628649014193 -0.000374083590631073 -0.19539429134065 -0.0448840975431917
-0.00487367298196231 -0.011865334760314 -0.144902361898597 -0.423337662011841
0.0150665973606999 -0.0372767876004989 0.395159848952385 -0.47193865021001
0.0429149520720206 -0.0102923436907577 0.799278379503637 0.159506889555334
-0.0220767303730094 0.00845115602818859 0.290218389402211 0.854289964694302
-0.0154474363825491 -0.0258438650912826 -0.358092229142725 0.537712326000928
0.00675079229488793 -0.0319466460766667 0.00945577692090785 0.105598739144199
-0.00816555383558744 -0.00912393861173884 0.521501034362483 -0.387479476710576
-0.00703230309147158 -0.0195453882989447 0.0709216785896019 -0.946953846047705
0.0184387975655076 -0.030604506379771 -0.764510654643385 -0.472585181387034
-0.00187296940777109 -0.0399046538841222 -0.57447992463969 0.412617792685187
-0.0282836351275136 -0.0103695975884418 0.0347748097761914 0.469737521915177
-0.00749816850141118 -0.00703611868674751 0.195819958169277 0.126398685358468
0.000387784288951422 -0.00218342862866928 0.0493643050328304 -0.187313541976677
-0.0234525731604068 0.00243618173529327 -0.0582542796110521 0.146989229285
-0.0282480584854128 -0.00569157248340325 -0.194778614709328 -0.0576828489794519
-0.00713678041101521 -0.0194532151759281 -0.123350332358941 -0.431011430211136
0.0219769609596405 -0.0451539612377467 0.425363245697237 -0.447037115197176
0.0486876630537392 -0.00636375743256186 0.794459148488679 0.210051948891434
-0.0252592348163131 0.0131788529533167 0.234836338398648 0.86917301265268
-0.0223762672552777 -0.0248407495302234 -0.382011321878738 0.51529001100535
-0.000486094709516622 -0.0331912029984696 0.0180737751688218 0.0931528165851164
-0.0164812092202119 -0.00713945128721794 0.507837159777069 -0.416759740167542
-0.0107487493447551 -0.0128130692325806 0.0133186736043821 -0.94714223940129
0.022430987802959 -0.0291965592004173 -0.784353520885366 -0.418081958632041
0.00265407699246139 -0.0470670836342463 -0.545247084552798 0.44806480663568
-0.029872515463499 -0.0166683973960337 0.0588747751967115 0.468722855854705
-0.0134652673439995 -0.0117861028180527 0.199737169376811 0.115599775210514
-0.00819313374065123 -0.00473211928187037 0.0522742819858921 -0.187787165164853
-0.0296634504303442 0.00234732765448279 -0.054902917851879 0.141874211578753
-0.0328959439438328 -0.00957445392995469 -0.189407671827796 -0.0705835172652796
-0.00694284756613016 -0.0267563388274756 -0.0975560692625166 -0.434813006767708
0.0280595397458506 -0.0506040640653718 0.460325272317556 -0.415774097040413
0.0542823521373985 0.000202039862856648 0.783482687048762 0.269740928283589
-0.0271116006807228 0.0211519986686435 0.174895189442131 0.885590741431656
-0.0287972899847968 -0.0204119203265476 -0.40934039105836 0.491582694191795
-0.00761642527462488 -0.0297130603312673 0.0239402327640645 0.0828450388793418
-0.0245187605720402 -0.00046948725984473 0.483478509115984 -0.446193106932044
-0.0114205176894086 -0.00418965285084475 -0.0562233795525185 -0.941290986069192
0.025317511254442 -0.029138880231722 -0.811017556805193 -0.355636785244945
0.00274530250305468 -0.0538895736126792 -0.507582101130022 0.485762081057313
-0.0314503134172902 -0.0211960215735382 0.0874775596971982 0.466360454980982
-0.0181730923209377 -0.0149838838046567 0.205353013150055 0.104748306365403
-0.0142716080757803 -0.00433139000952156 0.0552773803752382 -0.190968189549905
-0.0352729901641851 0.00342650152658288 -0.0500697810268003 0.137741628740382
-0.0345506622002268 -0.0131542119216832 -0.183813374293918 -0.082261598374971
-0.00541593502225052 -0.0321088346674726 -0.0719858744913921 -0.438460276421068
0.0327534605481113 -0.0534177598856562 0.492950089429787 -0.383126051249143
0.0588167824344927 0.00890964100664127 0.764440306328824 0.324540041267387
-0.028159459179098 0.0317081225096508 0.114652704506345 0.901252626859578
-0.0348750443140401 -0.0115814440945338 -0.439522689918314 0.470526861183536
-0.0171517801684566 -0.0226255124277061 0.026916122879327 0.0721069793260848
-0.0304150871625114 0.010198435654587 0.456101111808011 -0.467324404470449
-0.00815197130847475 0.0075852478255907 -0.124147149284553 -0.926106785908128
0.0282512488254825 -0.0277625023109715 -0.828902552879078 -0.291960096493133
0.000748974712054769 -0.0583763342750653 -0.472184349595291 0.518294134714755
-0.0325178016078121 -0.0234374852051274 0.112654172835133 0.462559178273052
-0.0210924345377875 -0.0159652270794887 0.212862695539638 0.0935276151065361
-0.0195888778899888 -0.00339318686081639 0.0602776673145197 -0.190915095889221
-0.0358257165632595 0.00627176265497649 -0.0437743266419062 0.134674170856885
-0.03068655726456 -0.014024623151529 -0.177732315781316 -0.0880665484357953
-0.00209952173229261 -0.0340831670062476 -0.0494378900917763 -0.435640741244766
0.0356805947873537 -0.0520251068462907 0.51166887661202 -0.355151557077648
0.0608789091138802 0.0176568158958311 0.744675462957222 0.370583056395112
-0.0271007466359757 0.0423198348046479 0.0593183953414198 0.912048268853524
-0.0399780044740998 -0.000245779695315106 -0.463875769599174 0.454751358979332
-0.0260785113728726 -0.0130621913998912 0.0240666984180406 0.0669308413015676
-0.0328572373899234 0.0240838318089913 0.430621986974554 -0.484319830802138
-0.00398480653319899 0.0190806881162738 -0.177498022601118 -0.913764718859251
0.0295712865727881 -0.0264502221028487 -0.84208140725358 -0.243756374213661
-0.00332183639202283 -0.0597821816938503 -0.443506013202939 0.546000450420014
-0.0337654050095369 -0.0240946438036865 0.134231496706805 0.459944095947402
-0.0206247345144713 -0.0145221356724329 0.218566828244567 0.0845583779144342
-0.0207485651222875 -0.000248357028259587 0.0652109384738434 -0.19205928268626
-0.033649229932771 0.00966532930485481 -0.038519988536027 0.136018718385302
-0.0267250224533117 -0.011734189508744 -0.170727188823196 -0.0899265997447594
0.000570180175084995 -0.0332424242215835 -0.0342217289191461 -0.431607850478035
0.0324176767981945 -0.0497476345692617 0.523732299711694 -0.333992538146491
0.0610718887587366 0.0252661893398061 0.726733851360572 0.402916061202442
-0.0254816928037867 0.0512074288675042 0.0179758952736818 0.921709521825334
-0.0432581434735796 0.0113904522878687 -0.485737940820882 0.447266465387139
-0.0317704853388466 -0.00240164222246421 0.0185168600556198 0.0651275604755661
-0.0327157619790974 0.0373576057516791 0.411514979953832 -0.491982921696025
0.00323505413093177 0.0273408519397468 -0.212703409438161 -0.898820395487167
0.0296288206376766 -0.0231906958376096 -0.848615805055032 -0.213215559987632
-0.00852079549239268 -0.057204251295842 -0.424286912444914 0.55982822838337
-0.0321152186406283 -0.0218344296720302 0.148113526166547 0.457485685862771
-0.0171361069290679 -0.0114410839664211 0.223804072787126 0.0792987036703149
-0.01867486830182 0.00365832877240979 0.0710810924466691 -0.194505768028911
-0.000447001558273594 0.00633399589411887 -0.0576717426075269 0.155218468540689
-0.00163384906371175 0.00832363940640398 -0.193252686031565 -0.0275906597773377
0.00235906990091846 0.00150771280230871 -0.162870249967917 -0.408908465650462
0.00400706798420909 -0.021212845418311 0.351751931026301 -0.49520377113345
0.0364643990528221 -0.00887102980666582 0.796887557765925 0.109558701838515
-0.0113821093936054 0.00984606731128252 0.342333041550125 0.840091030313826
-0.0039600946607735 -0.0132907598562997 -0.338872395113646 0.565816910165469
0.0110616838898708 -0.0185779408386226 -0.0117412387239601 0.12456741768536
0.00203777018686517 0.00287650671320008 0.528108754753825 -0.345999040488473
0.00320213966350414 -0.016898794593446 0.136640733266642 -0.937912042774525
0.0106737581318153 -0.0293742506822423 -0.739681120789213 -0.530826010712348
-0.0147264693638913 -0.0293763716573945 -0.61392309108262 0.371801873506697
-0.0270865242269333 0.00101312944339022 0.00640290461734777 0.474349209808279
0.00435081718629281 0.00535964848615076 0.194136689230242 0.140384438881811
0.0125060060676415 0.00396251590459729 0.0529284600838841 -0.180675435326359
-0.0082529028796791 0.00430290717677803 -0.0594555171440596 0.154640388843254
-0.0110900714388184 0.00404081421483912 -0.195316003287275 -0.0344743087898334
-0.0015377796728802 -0.00439890023060082 -0.158413763935597 -0.414368887990842
0.00909209444020367 -0.0279472005830706 0.367865150796206 -0.487691690667561
0.0385873260090205 -0.010961460827116 0.801517670059008 0.12508814700066
-0.0174693927531538 0.00711340746170974 0.327224591444557 0.843610581776927
-0.00853631775142828 -0.0219555906778839 -0.343596017374399 0.552743917731356
0.0112366779954135 -0.0276853582144984 -0.00120789857020119 0.115688199900693
-0.000580727475771609 -0.0051592445020392 0.532095927958541 -0.360945602619715
-0.00216369780823734 -0.0207135438584739 0.118305363629571 -0.943404822890229
0.014544310372844 -0.0304261301483847 -0.743818872497464 -0.513025176141979
-0.00778108413999086 -0.0339208908760831 -0.60000670102007 0.385491492370465
-0.0278199071279653 -0.00486397665918944 0.0154693321278994 0.471765204848447
-0.00184042494147576 -0.00102974793909175 0.194644980953336 0.135502948309208
0.00675158427182913 0.00117907450492774 0.0518075924914393 -0.183686716196183
-0.0159497212025456 0.00233932961263144 -0.0593382749929223 0.150880151779843
-0.0202253123615756 -0.000754190731514688 -0.195455890015355 -0.0452941837349542
-0.00466499080363116 -0.0116910436073339 -0.142759513946397 -0.422573084135245
0.0152449338947272 -0.0367937507980142 0.39383872580998 -0.472200481559812
0.0433921986767913 -0.00985732033406012 0.798261447843507 0.161749345204159
-0.0221174863610355 0.00808967647569428 0.290326407928118 0.852114495527655
-0.0149383726165464 -0.0257146962741447 -0.359878165303569 0.53566236760448
0.00690438194266276 -0.0319139327490667 0.00958494802517289 0.106301723723613
-0.00801663996901054 -0.00840986753549024 0.522733706762165 -0.386850900358056
-0.00735644861491578 -0.0193061048319761 0.0738083681174208 -0.945918004312319
0.0183626818720586 -0.0306148944194737 -0.763596334855418 -0.475347868481671
-0.00141488651446342 -0.0399254073781639 -0.576450644524992 0.412232277875046
-0.0286218265003115 -0.0108108926449367 0.0343427410638336 0.46929254142774
-0.00830322696557766 -0.00756451039746743 0.1959994051872 0.127046483623068
-0.000234868077281567 -0.00240520944650093 0.0497744514751964 -0.186779613539747
-0.023805692189863 0.00221587935707607 -0.0597934165499123 0.146596803286834
-0.0284681556327053 -0.00554137022956795 -0.194240779139136 -0.0571859807682527
-0.00733700427964563 -0.0196968580589714 -0.122035673970713 -0.429569319349754
0.0223411116935973 -0.0439872101499067 0.424450324590499 -0.445723483101511
0.0490783692845007 -0.00631827605554241 0.793469651525294 0.210547154244511
-0.0249680676141415 0.0131789305169104 0.235549566571521 0.868847386940621
-0.0217311803329937 -0.0245152548057524 -0.380907501387195 0.512333048015436
-0.00015240549738956 -0.0330265516054499 0.0178357873521363 0.0940730340339671
-0.0167356118574167 -0.00669724953798702 0.507306322622495 -0.412526670476349
-0.0104786206574558 -0.0129876031115571 0.0150385495277028 -0.945425185002244
0.0220437976701167 -0.0301739093342127 -0.783956241202599 -0.419054037779385
0.00233666441948809 -0.0471122595502787 -0.546406453382091 0.447797632030934
-0.0296352087201236 -0.016679911748616 0.0574993435075819 0.468376557000607
-0.013814883044065 -0.0122527017709294 0.200739744711029 0.115748680030535
-0.00803219512555165 -0.00456536723089525 0.0524504036784095 -0.187313748159045
-0.029818259750278 0.00214607827982829 -0.0555704194188006 0.141918309963046
-0.032663548448564 -0.0100010380497553 -0.188910684559364 -0.069954676822076
-0.00718290954012948 -0.0272190876418013 -0.0970614587396059 -0.435556044615071
0.0282798014619232 -0.0500444260562594 0.459564185846429 -0.415105971632061
0.0539843105929849 0.000344320245664827 0.779440218972593 0.26920808833677
-0.027224932011862 0.0205938229493764 0.173605185071826 0.884256341815108
-0.0281888209305608 -0.0202062554437549 -0.411541735241288 0.490334375407381
-0.00799518113516793 -0.029651925563131 0.0237917489009353 0.0823246738478602
-0.0236928512334344 -0.000407373164049731 0.48390995002877 -0.4446191795447
-0.0113042278647032 -0.00366123358462263 -0.0539037769740679 -0.942115057327369
0.0255216121069955 -0.0292779369808432 -0.808202728466695 -0.357542428617102
0.00345291246887693 -0.0532018919382089 -0.510746610600806 0.48468577071957
-0.0313659624513417 -0.0217100665868841 0.0857178653949112 0.467731357495393
-0.0190050043930456 -0.014585935302742 0.206714957501872 0.104952798115279
-0.0152217130997249 -0.00483785966730366 0.0557170703142906 -0.190129432692212
-0.0350200996569593 0.00403916476329259 -0.0512628071224315 0.136636836275541
-0.0340456361375686 -0.0140679647866623 -0.183467332474182 -0.0814356100923786
-0.00497043824582843 -0.0321016159672657 -0.0696095064347032 -0.437430591238345
0.0330806224456506 -0.0523835993289588 0.490152076973041 -0.382702364199804
0.0582740459476947 0.00938190528023296 0.762483606737438 0.326147803358495
-0.0286626670431677 0.0310946963960872 0.111933455625854 0.898766436577755
-0.0335450612360079 -0.0114411341437503 -0.438881274389516 0.46791332711074
-0.0171182907164631 -0.0230723203735635 0.0257905697007085 0.072086461321993
-0.03033734046306 0.0111308027656908 0.456442447664402 -0.466889797184195
-0.00877932520324423 0.00832432752145566 -0.121276135935568 -0.927286361538224
0.0284953657797559 -0.0272598659837428 -0.828359412459734 -0.297746478846481
0.000398340576715339 -0.0574021775225136 -0.473810730358017 0.519595858397875
-0.0325365331660536 -0.0238849216903231 0.110917473527019 0.464210286701523
-0.0215644765791873 -0.0160613455130796 0.21288067861082 0.0938663119595829
-0.0194982888388656 -0.00263408858605061 0.0606024558748476 -0.190325780463859
-0.0358109858290332 0.00586051665914572 -0.0445537047732069 0.133895233414954
-0.0310913938056656 -0.0137286407695507 -0.176457248232873 -0.0881316368021664
-0.00136250908868138 -0.0345414983807622 -0.0475015384158327 -0.434713408624621
0.0347841135857016 -0.0521871181575474 0.512947089760579 -0.352612826220599
0.06033474759048 0.017883797845553 0.743179767801027 0.372641125757981
-0.0284293703499659 0.0414689440674111 0.0560390754757792 0.911483120210058
-0.0390246329383861 -0.000249130638488213 -0.464346609406801 0.453159211216702
-0.0252298190836529 -0.0129286575979606 0.0238217180264324 0.0668295621438671
-0.0332869400174738 0.0245920707642967 0.433112273905001 -0.480878225020919
-0.00334599559534082 0.0186852303337396 -0.174700218553322 -0.912473650556669
0.0294930976367283 -0.0259269228907944 -0.841066561637189 -0.247553058830004
-0.00302594148582334 -0.0597734679112605 -0.445232709394223 0.545292003329401
-0.0337677181685066 -0.0242336397788415 0.13202909260127 0.461110197965868
-0.0211879577512414 -0.0152408226240675 0.218739482377865 0.0845928396247274
-0.0213078912899931 -0.000165677079106694 0.0658732730292611 -0.191363251950793
-0.0329652350627809 0.00901481625419684 -0.0389347078819579 0.13515634493513
-0.02672055828247 -0.012061274253303 -0.17053698103105 -0.0892560920629384
0.00147836801442289 -0.0337199722575198 -0.0312570049285997 -0.430577785224325
0.0329388461379935 -0.0490323164173444 0.523052505996298 -0.331870575984784
0.060312891757736 0.0252052040965879 0.724466057399547 0.405894795402561
-0.0255730990633306 0.051138618834254 0.0184478319878291 0.920414219524089
-0.0426532007388416 0.0114535900031717 -0.485887955800889 0.445494929492138
-0.0313991290411231 -0.00215141637618364 0.0184522564696401 0.0651149110407277
-0.0318502997025386 0.0370357873641529 0.412284487954898 -0.490673320551834
0.00266383193834301 0.0273487184657305 -0.209904946938193 -0.898680959337162
0.0296322088311687 -0.0230422880732222 -0.847063710162709 -0.215389416596932
-0.00803737626545548 -0.0578824710313836 -0.424130406631616 0.561503947937645
-0.0319149732980165 -0.0219196909939089 0.146933945944542 0.457979591947958
-0.018081059740344 -0.0114661740285308 0.224610244443452 0.0789794610137271
-0.0181131531116912 0.00323254916075431 0.0709968120997902 -0.194122716660542
0.00414996615169372 0.00576852351191359 0.0109625315222904 0.166007692648081
0.00416580802946077 0.0100936009373461 -0.186536578971831 0.0577388094599319
0.000151381608340219 0.00614522140212708 -0.319392019898269 -0.30070330216021
-0.0138014410541125 -0.0178299813434728 0.106655711905438 -0.603393276957122
0.0207620797035379 -0.033319551254945 0.767440559576756 -0.247054067223035
-0.00236935488014511 0.0066875257206604 0.670962938526457 0.610541926362243
-0.00873860328779285 -0.00948194580357126 -0.0654320738872442 0.659986862132533
0.00359338882166468 -0.0234317116908109 0.0422972241886592 0.118185797343004
0.00621954565856198 0.000960387030370335 0.33031026942207 -0.541273980197798
-0.00720662036005269 -0.0189734346732969 -0.279597168238241 -0.908019032283548
-0.00698773397711636 -0.0306975495111402 -0.893967646068775 -0.16608975328054
-0.0332774698651551 -0.0135847172012187 -0.397953574180897 0.596135994697457
-0.0265439394168552 0.0178576749458653 0.206201919522874 0.423093057517518
0.00739578506722428 0.00559380947758385 0.235428111006065 0.0469391193291407
0.01393886309525 -0.00279266178973241 -0.0272142719809884 -0.185800512825891
-0.00297287728351487 0.00636979064140963 0.00822255690203869 0.166308265394302
-0.00600826829973533 0.0109565457901908 -0.191852274072538 0.0532405028815216
-0.00558184445177227 0.00183483217309924 -0.316042379125093 -0.307652886251474
-0.0126116006985389 -0.0272278771141017 0.123592887942876 -0.604817271970212
0.0223410118998147 -0.035758167188629 0.775251473439533 -0.234494118866725
-0.00890398651002303 0.0066095799081913 0.656084328043888 0.620530498530892
-0.0167905030097945 -0.0158044999795178 -0.0761490337170869 0.649940679890246
-0.00018091991052706 -0.030950031876016 0.0492406280401456 0.105961904759195
-0.00035249540676198 -0.004976269595577 0.325070752941069 -0.55632875551403
-0.0136750905134766 -0.0201797081353523 -0.299315510258764 -0.904434195328197
-0.00376111212713769 -0.0331459786285315 -0.889818594366685 -0.145760568515186
-0.0283617095500003 -0.0211476496698391 -0.38014250305634 0.601104738963382
-0.0289803598536678 0.0134239864851455 0.213290464368806 0.415401341001764
-0.000925383248257685 0.00196017692059465 0.233281099314725 0.0418990965169339
0.00636810377360668 -0.00350209461111194 -0.0291759873415621 -0.188513031054196
-0.0105433035949283 0.00736936786414314 0.00751194293124207 0.163696702745573
-0.015884246765 0.00976313099879437 -0.19662805632684 0.0437772124276434
-0.0121347444822918 -0.00275851119875801 -0.307945585549088 -0.319975107223241
-0.0105539839839939 -0.0372270547432183 0.154517146337797 -0.599979335320536
0.0274322407818147 -0.0380738333457195 0.791171488830978 -0.203047975821955
-0.0123070785111939 0.0100523344171696 0.628557579731875 0.645631318810703
-0.0243956401766991 -0.016526505539125 -0.0977165369657615 0.63984561132747
-0.00596087059475433 -0.0337870483046991 0.0536206337532825 0.0919010819316968
-0.00771351978753445 -0.00512177937697504 0.306501457789728 -0.575860327456845
-0.0176308123926173 -0.0162133484311163 -0.341024020082958 -0.889809962182411
-6.90401190979371E-05 -0.0352031059691989 -0.890172211614705 -0.102018742176032
-0.0246384075790233 -0.0287470136243852 -0.345078826557065 0.615210897295078
-0.0323782369058341 0.00732144959588369 0.230250092230332 0.407638695796797
-0.00967022212561192 -0.00119173285233702 0.232965300937456 0.0324557009800543
-0.00140458850073023 -0.00385190124227515 -0.0306272066461796 -0.190800964070746
-0.0186805105006569 0.0102922624735053 0.00491202665565221 0.159271336466686
-0.025391053070867 0.00825429334635612 -0.201439920179708 0.0314191844597572
-0.0172963348254638 -0.009637748396232 -0.292557432848132 -0.335927336820637
-0.0078452251611775 -0.047622867273425 0.194249110298684 -0.591701854220729
0.0347942752245531 -0.0377098568492053 0.805308074253417 -0.154436030505882
-0.0129396684291178 0.0159442194051815 0.584512114823639 0.682589836080425
-0.0297641968723753 -0.0132829885853162 -0.128207074365547 0.629234683784899
-0.0126561046146448 -0.03136230564318 0.0572118116309918 0.0773364133873125
-0.0145728526231736 -0.000352578841331021 0.28119274411261 -0.593079423980324
-0.0183639050328957 -0.00871694749361218 -0.393342422968834 -0.863873957587659
0.00392527882704864 -0.0352348133996299 -0.884348283425175 -0.0459415676107067
-0.024289428929467 -0.0353705189564674 -0.303363910053692 0.635667196401886
-0.036042835731603 0.00126031999519638 0.251642942784189 0.397285255452964
-0.0161825486088084 -0.00353692379471963 0.231329348675649 0.0206331380839358
-0.00966028579582653 -0.00195669741719595 -0.0290573006960477 -0.193641354353532
-0.0238906003071891 0.0129898985304755 0.00611276740811892 0.153624011943676
-0.0310099095644978 0.00690972432745309 -0.202405743019935 0.017611334324565
-0.0205754151338209 -0.016078807724138 -0.271101580633242 -0.349135210991973
-0.00361255021742989 -0.0557665713341205 0.239157339924636 -0.577185714350321
0.0426725893742711 -0.0343156922290967 0.822414958363195 -0.0945161269393099
-0.0110427387575197 0.0242299965982925 0.536732883914454 0.723976850300553
-0.0332231602182096 -0.00707855997199681 -0.166360432285129 0.621426873870951
-0.0192377212717281 -0.0258346009839558 0.0570565447926652 0.0648315293562716
-0.0192210292099491 0.00862954968753393 0.247671264645715 -0.611538334623247
-0.0145366476955235 -0.000121490251571717 -0.454284734284275 -0.82730146705223
0.0075340099554831 -0.0350134127013422 -0.880029547815555 0.0221331271525285
-0.0255644505333962 -0.0416837046910098 -0.253795144835486 0.653126778299205
-0.0388399598157165 -0.00169342788772313 0.276260312131509 0.381461230489531
-0.0219661785838065 -0.0037174692337911 0.232841026764446 0.00716755635335895
-0.0161483320558858 0.000480682640266247 -0.0276707818218961 -0.19716568940661
-0.0279813643771669 0.0162443899277529 0.00788173523771941 0.147556410162757
-0.0342664037305012 0.0043303110426388 -0.201976620458793 0.0057843076080216
-0.0214810008512682 -0.0224449539342446 -0.248663838042122 -0.363743831337062
-0.000244347537427841 -0.0614525172303137 0.28127626178307 -0.562417930860857
0.0515465115872809 -0.0284032941831542 0.831358454672331 -0.0384161233512079
-0.00721770929871459 0.0338425192976953 0.488054292711589 0.765470114698536
-0.0354861590418134 0.00399855118359351 -0.200482071583587 0.614989155338963
-0.0253211404709794 -0.0152257332168833 0.0550576892203425 0.0550745591821212
-0.0209291220922687 0.0213650989424546 0.211927501723909 -0.62061224395849
-0.0077475211566093 0.00970130188959367 -0.509563815784166 -0.787139379640194
0.0102227096694011 -0.0351181411130767 -0.871470901134255 0.0860244247428733
-0.0287752148865964 -0.0446696276097511 -0.206923373278991 0.66791308709479
-0.0406573932586327 -0.00304417967499709 0.297767093253637 0.367985712193154
-0.0251169399463131 -0.00391704219108221 0.233463113555843 -0.00526010829217045
-0.019419671931188 0.0045709159354472 -0.0226284169629802 -0.200162878443657
-0.0274294140811987 0.0188734455238001 0.0132058028277052 0.142904550441262
-0.0322719324591913 0.00272194461714306 -0.197549982562097 -0.00254507747095032
-0.0191070657947416 -0.025400857230932 -0.228275123458612 -0.37250184881384
0.000969514244596761 -0.0615816201149367 0.312986442874867 -0.543712320275807
0.0573752217610159 -0.0212923903721843 0.832097864237055 0.0125129462862939
-0.00143548385898115 0.0439194685666772 0.443105123311869 0.799176374155585
-0.0359332496316973 0.0163680635471852 -0.229945968455032 0.612030605022649
-0.0283110214822022 -0.00272808221671156 0.0507546553123088 0.0505482659557641
-0.0176685319379031 0.0342830776905765 0.182298123653731 -0.624640737001717
0.00141657559069741 0.0174919784821873 -0.553350785799552 -0.750644633664068
0.0126947035365045 -0.0339379974068544 -0.862855172853149 0.134022921323271
-0.0333981344318494 -0.0434104750493466 -0.167677777847964 0.679940625570374
-0.0411574250686077 -0.00273189774098017 0.315030163699305 0.355957293195173
-0.0239981533286301 -0.0022854690626214 0.234934759667183 -0.0160700089969482
-0.0197654529846002 0.00778483051751602 -0.0189673751801748 -0.20396722597691
-0.0238722521123731 0.0210056648999776 0.0189819713509498 0.14120847520638
-0.0271982063581394 0.00286655819641405 -0.192901378335309 -0.00711807077011543
-0.0171754675801138 -0.0264846291718839 -0.212449973047614 -0.374410646112398
0.000918449702209537 -0.0580885363839789 0.33207783713847 -0.52807327593157
0.0604331047413016 -0.0152870411550741 0.830923288107046 0.0518232544587537
0.00345488982274996 0.0517667011990048 0.411527027008961 0.824534029276962
-0.0340571111665256 0.0277861613286981 -0.252727005004225 0.614364428692101
-0.029475836645674 0.0104002193304603 0.0449662131883565 0.0514430132691792
-0.0114145457170353 0.0470494857566668 0.161584942477082 -0.622372989768922
0.0108205118189635 0.0220194064775184 -0.577971105990217 -0.721893985093506
0.0143445239296762 -0.0312449319653866 -0.85579977171477 0.166617393377883
-0.0356020714765884 -0.0402630108487351 -0.146870224521303 0.685603469253516
-0.0388291368629066 -0.00159699037027976 0.326797849379686 0.347380361872432
-0.0202084206868607 -0.00170184873509541 0.236851002129129 -0.0228234873318362
-0.0159418914151612 0.0107813918161281 -0.0150876286107313 -0.208573617174001
0.00409778318184809 0.0055535057848422 0.0106136909811036 0.166829062399098
0.00444310189394934 0.0105716798975575 -0.187782512886277 0.0587501349294387
0.00056238283518468 0.00593598998840879 -0.320521422881408 -0.300026702307738
-0.0135564600431491 -0.0175257721608466 0.105685869311159 -0.604322259954731
0.0207733753624635 -0.033076776261608 0.77073620404798 -0.248133418978327
-0.00249350112055798 0.00672969565406106 0.672292183562475 0.612180089443131
-0.00915761063340687 -0.0100579733236481 -0.0666141027376963 0.663676813168127
0.00369090461937622 -0.0231863774436477 0.0424355079259761 0.11818098763981
0.00685896891911783 0.00133127219284684 0.330185506054604 -0.543527505633008
-0.00703236916659315 -0.0186325277463323 -0.280348309703298 -0.913587441225236
-0.00662343102859861 -0.0305687471238777 -0.895378637613589 -0.166926604441669
-0.032974185510541 -0.0136621598638864 -0.398858980518112 0.599548659163934
-0.0268518250860604 0.0173601465950851 0.207494725305475 0.425525371547896
0.00643271418370274 0.00596591473746859 0.236898050665589 0.045885699585119
0.0133605264248852 -0.00253104271951598 -0.0260932538487282 -0.186660383536571
-0.00283691871929261 0.00643895784434352 0.00783056778686911 0.166500888152153
-0.00590359137233769 0.0105179020415137 -0.192550632740251 0.0536675671893787
-0.00586942318975294 0.00232928309576197 -0.316964149415347 -0.308024289367807
-0.0126384101991081 -0.0264087534886846 0.122703339935593 -0.604664634979938
0.022860181785628 -0.0365910227645408 0.777811269301103 -0.235029149500837
-0.008962821586458 0.00594975393840285 0.659557455762588 0.622316393296158
-0.0164167164031285 -0.016689401580667 -0.0769054889450192 0.652336789613337
0.000352187985148189 -0.031668818342174 0.048641715378463 0.106307220852053
0.00118415655649593 -0.00502002593554662 0.327517881597321 -0.558146761197991
-0.0131414150240047 -0.0201595324021279 -0.298039204479792 -0.90782391110905
-0.00370267912585486 -0.0323414377399412 -0.894213697507793 -0.147177870732307
-0.0279360620740307 -0.0206283744310565 -0.381391388111459 0.604433524437895
-0.0291285360731137 0.0120253102180977 0.214847419771872 0.417895720391743
-0.00205277072362126 0.00218411470225198 0.235315995926583 0.0418718139981103
0.00619880360679581 -0.00375205704817425 -0.0285975372073141 -0.188847203563673
-0.0106240835833781 0.00767531756497372 0.00633718847006623 0.164393184555639
-0.0160548542276082 0.0106308818981598 -0.197014288032598 0.0442932415510238
-0.0119740477806832 -0.00369911727576755 -0.307805254202199 -0.321320584997236
-0.010303568874453 -0.0369322476782548 0.152969883295994 -0.60096103309318
0.0275659014153428 -0.0385114267655662 0.792168828175292 -0.204033632341597
-0.0121543689162439 0.0100252351525317 0.629736157642029 0.647010155830369
-0.0241888136000655 -0.0170365462575567 -0.099727875552373 0.642832943643563
-0.00592736638730806 -0.0343446726103761 0.0537322911974945 0.092530378487965
-0.00693366382533308 -0.00508729766858666 0.310010720116493 -0.577250865440593
-0.0172879639912593 -0.0160772256388071 -0.340368819912099 -0.893073538072219
-0.000667728580643065 -0.0347958513315284 -0.89177400837611 -0.104197324469173
-0.0248657632554035 -0.0284235878594263 -0.347997779211919 0.618483464529776
-0.0327112202507337 0.0065863735776441 0.231414722913531 0.410073027993149
-0.00993816011216073 -0.00111790747958373 0.233691356524131 0.0315255659467767
-0.00186240508504978 -0.00325564672064337 -0.0311035540217441 -0.191455811274225
-0.0184895351036058 0.010454642623682 0.00419743415736338 0.160355501631214
-0.025344618496234 0.00861786144978122 -0.200979896155496 0.0322109506657725
-0.0172174178766814 -0.0101512971542684 -0.293706607312212 -0.336655634038654
-0.00743118388051928 -0.0467219442063198 0.19486155634603 -0.593271399839693
0.0342588811841935 -0.0378033401566026 0.808579657279762 -0.155162184852855
-0.013364245940943 0.0154076298433988 0.586472432080273 0.684670471806158
-0.0303591059195103 -0.0138106002676724 -0.130315034007965 0.631653469374273
-0.0126363793783029 -0.0317940076465538 0.0568659917300925 0.0779429872775167
-0.0141280327389377 0.000777203241167101 0.28445777818112 -0.596266041470837
-0.0184250555048784 -0.00855593123186181 -0.393919765099947 -0.870412638311448
0.00418448492788351 -0.0357289742205452 -0.888327352146438 -0.045701775378304
-0.0233656013274373 -0.0362165090046589 -0.302527149225208 0.638651081736835
-0.035921864224718 0.00120878375400099 0.251362170803171 0.398943412949303
-0.0181697398204876 -0.00280526496776379 0.233731832244046 0.0207885357993255
-0.00980003962730919 -0.00191035278856846 -0.0292629533180201 -0.194103657933324
-0.023757871783552 0.012934530232202 0.00497356381469447 0.153977014610807
-0.0315952324047261 0.00688252188035239 -0.20339693089091 0.0189923333168103
-0.0205356387180169 -0.0167155507089176 -0.272722187668794 -0.349635506311985
-0.00385404035734657 -0.0553848876198518 0.237869861020886 -0.580173307572259
0.0429060719678652 -0.0348047371832293 0.824291198095674 -0.0976072147497213
-0.0107540783916151 0.0243089276091581 0.536397576032382 0.725168347985581
-0.0335943981527564 -0.00678718059670588 -0.166129907627548 0.625885631411449
-0.0193265441282656 -0.0259890486981471 0.0570928608282447 0.0651258427508526
-0.0184319960488623 0.00845826122443164 0.248667378409439 -0.612708846169849
-0.0155755869473837 -4.34425880658437E-05 -0.456196937458226 -0.83068666597748
0.00712247089823516 -0.0352833570555014 -0.883795332215723 0.0218623345106021
-0.0251988154042511 -0.0415086349721193 -0.255002006053046 0.655724772905327
-0.0393252009979609 -0.00158190365480269 0.276062767809941 0.384051643833816
-0.0232553238255269 -0.00419348842604787 0.23307669618704 0.00775286908094455
-0.0158784368241703 0.00149475699588477 -0.0273805221819932 -0.198342538237618
-0.0277151366045533 0.0161284195462016 0.00734645397710315 0.148037558010306
-0.0345625987330513 0.0044630051058646 -0.20311657948546 0.0064021839178128
-0.0207399333293792 -0.0225663337592824 -0.24977834169726 -0.364695111498762
-0.000917758552723942 -0.059777973482559 0.280805456150861 -0.562440174044668
0.0510318878587592 -0.0288917010901764 0.833020598292645 -0.038281012231582
-0.00695737588720947 0.0337224896706469 0.488032060219397 0.768112960407242
-0.0354932840204058 0.00308593748414917 -0.200929478644428 0.615886976212654
-0.0245435866709062 -0.0160698422700684 0.0548645715949881 0.0552314733693638
-0.0199913023183351 0.021466633778426 0.214341658184685 -0.62261886966859
-0.00798678276780181 0.00965141851606236 -0.513546102336315 -0.789719697674098
0.0100214693965969 -0.0350435540417943 -0.875822618624905 0.0861703050128321
-0.0287409373037568 -0.0444837792861896 -0.205923983402165 0.671333143491925
-0.0416731211959823 -0.00305460897508749 0.298326832328176 0.370801374859142
-0.0258978266292056 -0.00420460232960044 0.234836857998861 -0.00609825007440806
-0.0195822205559588 0.00560531893281254 -0.0227766613442503 -0.200735563843459
-0.0278464094753027 0.0189497154718949 0.0125652308868189 0.142531086680351
-0.0322463561095021 0.00290627219137083 -0.198628531053116 -0.00221704073461454
-0.0197166933355069 -0.0259656277176438 -0.228706508258565 -0.371292877526423
0.00117636958169633 -0.0608855775906613 0.314439511338592 -0.545466315387928
0.0577055724454029 -0.0220604198904596 0.833948579476975 0.0128163448821507
-0.0025487069472444 0.0439178628906644 0.443659828848563 0.800637669580511
-0.0354276379752886 0.0157591527158523 -0.230329821291277 0.614446528133571
-0.0281233209178054 -0.00294112455389547 0.0511020845141947 0.0509067494595799
-0.0166283501119605 0.035542068080444 0.185305858318524 -0.625989318224059
0.00163297109253761 0.0180586478476021 -0.554762251642599 -0.755223097230583
0.0127180518602132 -0.0340691419851575 -0.865981881057888 0.136693791486199
-0.0323192348473459 -0.0436119509105684 -0.168642098101496 0.681775301046756
-0.0409160621211514 -0.00317343139170544 0.31575530853255 0.357268218938002
-0.0248481056489586 -0.00265845893615436 0.236455317837302 -0.0167467358111214
-0.0197548248448636 0.00792556644667474 -0.0192510586183475 -0.204285031983881
-0.0249801758446929 0.0211517266810369 0.0172324058164485 0.142651576428475
-0.0270172681284704 0.00255935846256017 -0.193869610228869 -0.00662568291386651
-0.0161345492003548 -0.0263746544544467 -0.211834944103497 -0.375006932292753
0.000649145023625447 -0.0574480020677153 0.332583077502347 -0.530256911324759
0.0613885153301534 -0.0150841649091383 0.832043302513648 0.0515201230817762
0.00365251083526044 0.0519050739129499 0.412052189047092 0.826691411969434
-0.033163186284578 0.0277969198222109 -0.252951525164674 0.615444369725844
-0.0289557956573751 0.00950363378829423 0.0450514122093312 0.0517228333353449
-0.0110790034536592 0.0475290325173783 0.16351297743307 -0.624208628328015
0.0105430576811324 0.0225992962354972 -0.579020408350505 -0.725026593511291
0.0142634175838855 -0.0315529011272702 -0.85855491987139 0.168956282757105
-0.0354641344882588 -0.0402730330820385 -0.144697019744453 0.688550323255012
-0.0387857384030392 -0.00196349149300276 0.328757308631497 0.350664279295873
-0.0208039363340915 -0.00131891819275777 0.238488526808458 -0.0236435176625812
-0.0160481550050479 0.010658285827961 -0.0150952320495281 -0.208365678827525
0.00430460327400138 0.00541516942739647 0.0105069942164308 0.167957757323293
0.00453704628533699 0.0106551535592939 -0.187405563737075 0.059585772994573
0.000340151949307256 0.00584710285629858 -0.322232485250053 -0.300675096211944
-0.0130144371897725 -0.0170097895417713 0.104765865664035 -0.608087906367161
0.0210075760218155 -0.0335956157588228 0.771033689530769 -0.249875924234192
-0.00222820693263904 0.00642474174261016 0.676385885920934 0.611900113310694
-0.0083626249712463 -0.0108716750879441 -0.0648097179012819 0.666180050109616
0.00395558916010404 -0.0242105237654462 0.0424687809042037 0.11890528269339
0.0075342788410353 0.00106221102176142 0.332157370359877 -0.545267281414209
-0.00725605776602937 -0.0180165870419907 -0.281334981719975 -0.916085812869532
-0.0070805607622566 -0.0303003680675676 -0.90145314290578 -0.165716350925717
-0.0328756880340562 -0.0138848472656062 -0.400945567674239 0.602630148310473
-0.0268795820017078 0.0176577299371705 0.208305771461822 0.427396546341638
0.00591681673730424 0.00641821166865127 0.239397505716396 0.0462180518351267
0.0138616269816219 -0.00245754842645695 -0.0265521576841721 -0.187476629645192
-0.003011635544752 0.00672468196381247 0.0071780935001829 0.167800857757457
-0.00582258815617142 0.0107460401107437 -0.193040549096645 0.0542567887726296
-0.00579586357963393 0.0020048465257532 -0.319584796039791 -0.307850622214898
-0.0119048490559648 -0.0262728094552061 0.121167326310656 -0.607950368826513
0.0228254172382975 -0.0371679936468173 0.780490152179262 -0.23644305949927
-0.00904469056726236 0.00622972901305659 0.660995234247898 0.625012744652471
-0.0161461534819108 -0.0171097703685371 -0.0781137411346704 0.654670740858467
0.00058209962179513 -0.0321724125917768 0.0490942344774874 0.107824881495042
0.00154488515187445 -0.00477973811900455 0.327719844527974 -0.56008010790353
-0.0130453807805886 -0.0191120268881636 -0.300418031668098 -0.911907135437268
-0.00411177459676049 -0.0332790903715214 -0.899769094463419 -0.147017871501212
-0.0285239273237055 -0.0211682986936707 -0.382996088368739 0.608297436712065
-0.0299471796712477 0.0122786168226576 0.216569779633386 0.421333504751931
-0.00305856295886429 0.00226639527235865 0.237186233973652 0.0415581901936045
0.00623260512854712 -0.00324235154875846 -0.0286386091072409 -0.189106329474573
-0.0104155544085569 0.00768435484937391 0.00601964356938774 0.16525459334883
-0.0160208450025288 0.0104963240394448 -0.198323285109527 0.0455508138763973
-0.0125383846170821 -0.00363691099701909 -0.310304193588505 -0.320074470297088
-0.0100755495481718 -0.036276270900137 0.154024435575086 -0.602943895962242
0.0271422694792774 -0.038383515692754 0.793635692923996 -0.204868260310799
-0.0126323523792614 0.00993795511749296 0.632467224230641 0.648264874016497
-0.0236808403214406 -0.0176052864207012 -0.0979431610280565 0.645965039255294
-0.00550575880690021 -0.0347973094118963 0.0544399115522668 0.092795809395464
-0.0061498156068361 -0.00516286041601864 0.310677469203974 -0.579488877808052
-0.0181217170044028 -0.0158393605918141 -0.344027284187447 -0.898296852785939
-0.000677978929072293 -0.0344138739085557 -0.898302154598002 -0.103594378713023
-0.0238672104475364 -0.028729729803573 -0.34828451817365 0.621820772167416
-0.0328980502179537 0.00651702150011371 0.23207820534042 0.412405634908356
-0.0110122961067346 -0.000561764389771582 0.235339951910832 0.031130510071698
-0.0018929327824483 -0.0026696333037082 -0.0304806657402332 -0.191851697722395
-0.0184691267367353 0.0103468501083579 0.00430648944799958 0.160899695337228
-0.0257782935316777 0.0083565273033188 -0.201750133562814 0.0335975175285892
-0.0178377301834402 -0.00998599430387869 -0.294132631642681 -0.336990593007471
-0.0077517132361269 -0.0465876293840664 0.193212256695764 -0.595706180715673
0.0344813003474425 -0.0376470029987268 0.811163950683563 -0.156459119455015
-0.0129416955620648 0.0162322705364279 0.590007981702873 0.685734973947152
-0.0300046540448691 -0.0142671464938271 -0.129905083870117 0.635096655714666
-0.0129482219939192 -0.0328185423579056 0.0568676046508275 0.0785700708088167
-0.0126775946997635 -0.000167426938569193 0.285700851323903 -0.59861440805115
-0.0186113455314887 -0.00849235726377011 -0.397201194937177 -0.872370493105241
0.00336354949016199 -0.035139011961914 -0.894006780865371 -0.0445445563080573
-0.0229483974701733 -0.0362867640413888 -0.303417388242052 0.641799147160898
-0.0371139166775664 0.00123344838588447 0.255087813088613 0.399751063466228
-0.01866826483061 -0.00260580936831975 0.234989672677908 0.0199554626501384
-0.00967333245292885 -0.000493564887872961 -0.0289871620479658 -0.194848626847777
-0.0243309745640991 0.0134997922291851 0.00478481490130585 0.155941726543581
-0.0315985748210217 0.0069797883413859 -0.202748529847149 0.0193446875245305
-0.0201777461192635 -0.0170872001533456 -0.272722995665044 -0.351420975108844
-0.00398756515442758 -0.0546369324022766 0.238675589998438 -0.582197066533734
0.0430363034278314 -0.0345827677194728 0.82515331965902 -0.0975599070193866
-0.0109319112222434 0.0234546583715305 0.540645800444525 0.726189597003453
-0.0330500475258766 -0.00749102014743264 -0.166278411346588 0.627061232722325
-0.0185941446476441 -0.0260385838281591 0.056995350872461 0.066049985503736
-0.0180845955583424 0.00941049465611694 0.250661874668651 -0.614777876612615
-0.0151793376339568 0.000639826441095247 -0.457039810688106 -0.836752989863167
0.00727288115426546 -0.0361105965575345 -0.889273428061985 0.0231854579764391
-0.0248002732254238 -0.0422403858114478 -0.254850416113252 0.659061186725863
-0.0397888796985707 -0.0013269649510197 0.278987967501324 0.387113049377579
-0.0238023779497303 -0.00400434672752555 0.235045619162829 0.00666200991073082
-0.016678923710239 0.00123620046633565 -0.0268597755260169 -0.198341102983897
-0.0284465771998967 0.0169569813081324 0.00682102578980979 0.148645831841894
-0.034032429602816 0.00396496155845288 -0.203199824252187 0.00736395211954105
-0.0202421950482651 -0.0231343382336548 -0.250814390658345 -0.365702836198642
-0.00126423500086749 -0.0605054514264899 0.281772740210045 -0.56687594848321
0.0516144678430439 -0.0288319955559161 0.835725054574969 -0.0384254204481244
-0.00749669691617593 0.0337678278988824 0.490927649467628 0.768036000809384
-0.03532440752213 0.00332742982434332 -0.202171541113948 0.619098887480493
-0.0247106550321917 -0.016013058419483 0.0556877355537892 0.0561137997204106
-0.0188321905094524 0.0225929169000101 0.215974974333556 -0.624547384815672
-0.00777953523476201 0.0105952867779257 -0.512794331940664 -0.79286692425857
0.00974008203761819 -0.0355222732533487 -0.880254197364864 0.0850592284856233
-0.0281191976131821 -0.0444565636407769 -0.20690859131795 0.673920780937031
-0.0416823906973706 -0.00394208505063366 0.30016156269337 0.373065518433115
-0.026574425028909 -0.00334379850309775 0.236431936736048 -0.00636631306637635
-0.0199770602156145 0.0051074317285819 -0.0225551232156502 -0.20126326091354
-0.0276041919406193 0.0193607279412725 0.0112783213583444 0.142990590698778
-0.0323390005194281 0.00261676120093426 -0.19984068707444 -0.00142444839786954
-0.0195808178655855 -0.0264716527581453 -0.228765042889379 -0.373116142051269
0.00140240361605614 -0.0606858630550576 0.313397198819875 -0.547661965221664
0.0577559251484014 -0.0221663089877939 0.837219378620655 0.0151247066172569
-0.00260236824831138 0.0440104996866856 0.445863493729473 0.805580111908803
-0.035032645914625 0.0158237991533094 -0.231093567824321 0.616745483618546
-0.0279944136152361 -0.00301766974619367 0.050352575693035 0.0516862904989076
-0.0159183005112085 0.0352026753505041 0.183807862411558 -0.628066054990279
0.00171011667305931 0.0182658742222035 -0.556455261322485 -0.758134889894721
0.0127679740793441 -0.0337460611927482 -0.87114900104252 0.136185259665498
-0.0320821094755435 -0.0438798487335789 -0.168252945788196 0.684530356602911
-0.0415844046087146 -0.00325240154230092 0.319547727525288 0.359795100511166
-0.0259775684620642 -0.00249212061495324 0.23727548187786 -0.0183322647562777
-0.0196038522392509 0.00900288874826657 -0.0194561704608232 -0.205481307084713
-0.0242837681358437 0.0214165820283026 0.0169820837240972 0.142519591486809
-0.0273819552363021 0.00242773615885563 -0.194241035199712 -0.00550037571706682
-0.0165106173382076 -0.0264740184236887 -0.211692862984873 -0.377317343293648
0.000801708353896429 -0.0568301979285572 0.331748679931647 -0.532771963450351
0.0615240505669688 -0.0154927872765509 0.836430006301803 0.0509818844041811
0.00305388313998205 0.0519109084025274 0.413013052657328 0.828827302544432
-0.0332808966637575 0.0279089317281419 -0.253433756529899 0.617988572743747
-0.029720019387601 0.00960826492448776 0.0449628303754193 0.0525270973328337
-0.0097857547106194 0.0467574061281725 0.165114337363942 -0.626565818345357
0.0105968471123343 0.0226907890083644 -0.581851620111372 -0.72866624572133
0.0142109216246234 -0.0308525425290348 -0.862856637434038 0.169947289120906
-0.0355243702538122 -0.0401306892603824 -0.145104946938223 0.690197190859502
-0.0396622633292715 -0.00226024562554091 0.329797389104443 0.352394875905103
-0.0217114385940385 -0.00117217612163326 0.239581868661096 -0.0245407291121082
-0.0159756697442803 0.0118195456449515 -0.0154996219813086 -0.209946945542226
0.00396616533173792 0.00578496160895369 0.0102746085890162 0.169068429538308
0.00476774859214436 0.0107394717532904 -0.188000954049472 0.0615261513612529
0.000310869285467464 0.00571296639674432 -0.323412698531136 -0.302815778806964
-0.0129794058732898 -0.0164798569524162 0.104129155634546 -0.611266864901146
0.0209244371151815 -0.0344053270054968 0.776149527529728 -0.254029158418087
-0.00291150159930405 0.00620749083071831 0.681334287278088 0.613613318826379
-0.00778458774627203 -0.0108015814632107 -0.0653619113934517 0.668925949564622
0.00410037308028564 -0.0247896521235963 0.0429915247502472 0.12028800846037
0.00885238899091223 0.00150311265183225 0.333786508757169 -0.549067644985927
-0.00737109218252416 -0.0185303276115111 -0.28238599976826 -0.921832585281447
-0.00694951197635178 -0.0305937934546846 -0.908240820558692 -0.165587839644884
-0.0323860470454835 -0.0135244253098021 -0.401195229148752 0.60685020695228
-0.0269445501648064 0.0177247672339153 0.212669119133504 0.430515092549688
0.00556933140632783 0.00669917656847948 0.240883680272892 0.044778736688572
0.0137088491357861 -0.00231900631432426 -0.0266962754011222 -0.187725024808618
-0.00316338480804536 0.00721929970181533 0.00704009244135904 0.168919575865584
-0.00558596721486321 0.0108740304934922 -0.193385219346911 0.0563567943838581
-0.00598702264525908 0.00182465706796713 -0.321190134051286 -0.309044512139114
-0.012190926425979 -0.0253916501976651 0.119168237848294 -0.611860973667983
0.0230879456255121 -0.0373733552658241 0.785201128176929 -0.238822632837156
-0.00926396643741183 0.00650770898519287 0.666251680670141 0.62370221477175
-0.0154512440085007 -0.0166754055876812 -0.0763199718683436 0.65868909444319
0.000498224036155142 -0.0328350843486034 0.0505981895890388 0.108190069400596
0.00206243925117375 -0.0048312884539853 0.329527018586119 -0.564024745120522
-0.0139810101083043 -0.0187422248855193 -0.30169385418715 -0.918692767363504
-0.00451142539920339 -0.0336542385059763 -0.904683084537677 -0.146467670642473
-0.0278475904418549 -0.0209912606267668 -0.382594136842418 0.614362996019091
-0.029886792761643 0.0124825131031363 0.21892589374352 0.42353933769796
-0.00328222513235855 0.00292369001096049 0.238759216710108 0.0400031331879437
0.00599891427359277 -0.00254030369208831 -0.0290017461929355 -0.190093579338421
-0.0105856502731595 0.00852175586108862 0.00605888235284721 0.165981951052285
-0.015915816412053 0.0103230020490941 -0.198392549637956 0.0470247621112573
-0.0122578988461668 -0.00369973069377778 -0.31209596625152 -0.32330117518309
-0.0102177023462008 -0.0361552599907498 0.150816303784723 -0.608880067795826
0.0277544051619853 -0.0388527641320563 0.798390257340669 -0.207576556788258
-0.0125880740609627 0.00931390296510739 0.637058173545524 0.649455849450203
-0.0232527334067128 -0.0183134976347445 -0.0979164381376664 0.649131286349832
-0.00496131476684827 -0.0346147051505874 0.0546821428101991 0.093347754705528
-0.00529287232505216 -0.00510400592205785 0.311024888077552 -0.583598461584587
-0.0180601548963823 -0.0153420184025597 -0.347303628337931 -0.903798664425543
-0.00103032594050943 -0.0349433016206019 -0.905618445318918 -0.101024325127158
-0.0246384294155152 -0.0286033916014181 -0.348442617506346 0.627021181515339
-0.0331220182850046 0.00667429049662774 0.236994152010234 0.416020045573404
-0.0116586426304918 -0.000419903795390288 0.237624932923785 0.03033961838674
-0.00175394857189753 -0.00253458010154909 -0.0314962743959684 -0.192841838437765
-0.0183914931049391 0.0112218135720038 0.00409810704254024 0.162243748131115
-0.0252950803753077 0.00903448471984757 -0.202554593543803 0.0341125141908544
-0.0175434486079719 -0.0103556715879689 -0.296255934196951 -0.337854357582405
-0.00775320670381871 -0.0463667310539764 0.19290983783724 -0.598847152326009
0.0349112660844063 -0.039111439065227 0.815674899826768 -0.160641455265252
-0.012762733142144 0.015037290893719 0.593240515448801 0.688048278822555
-0.0288184692045238 -0.0141776048603402 -0.129384147813485 0.638705143954916
-0.0128264247279232 -0.032555842031274 0.0575884170612781 0.0789138837322798
-0.0128563102866984 0.000348241288994793 0.286073557874713 -0.601113403781425
-0.0182647083637122 -0.00818858066241617 -0.401233640790047 -0.876981390826281
0.00336324884303246 -0.0358573775188516 -0.900722697413089 -0.0438199739672668
-0.022771713419337 -0.036328079968796 -0.303042915426939 0.646238576919963
-0.0365805800817724 0.00149889020177822 0.256840240945432 0.402961759387116
-0.0195801094338679 -0.00267214583568024 0.237387623640903 0.0190934540363629
-0.0100029018158817 -0.000471002282758288 -0.0294848698308092 -0.195523429958523
-0.0238726516376408 0.0139740688173276 0.00511977134006027 0.156184832901144
-0.0309886379913428 0.00721835954502542 -0.204177650431636 0.0215933005944583
-0.0206696502200231 -0.0168136393630564 -0.274094190093577 -0.353162816957577
-0.00373349242533914 -0.0551495416839506 0.238991156694721 -0.58686762069563
0.0424732393772714 -0.0355406389644212 0.832123829721963 -0.101818418810262
-0.0112333026500752 0.0233796062514053 0.543851683577394 0.729042397664215
-0.0328256459067664 -0.00777953181256508 -0.16590368304534 0.62983568340307
-0.0186537935884386 -0.0263949740589382 0.0572808811521055 0.066336448573691
-0.0169492327668867 0.010138770644317 0.250433249047326 -0.618607215225753
-0.0158566520741791 0.00245603052354694 -0.461441965635412 -0.840384522245313
0.00656842100823536 -0.0355394702011927 -0.895261766299903 0.0239782082253759
-0.0249292185532402 -0.0418429871242822 -0.255370308995735 0.664631873504579
-0.0394537163691276 -0.001487768743746 0.281398626858071 0.387987892809393
-0.0247502130360119 -0.00326461191242704 0.237633479911656 0.00530226292713931
-0.0164180313119523 0.00166927466100712 -0.027181193064117 -0.199861813147728
-0.0280630974745659 0.0171371527970766 0.0063961767299836 0.149990212609316
-0.0339126824625515 0.00456593510132585 -0.204102333757499 0.00926629814878593
-0.0211373625146115 -0.0230725652680167 -0.25092751116917 -0.367126787170637
-1.74585190979119E-05 -0.0599729961468739 0.281167363405693 -0.570065312559815
0.0518249429345602 -0.0287147385068718 0.839466766117542 -0.0403546561593006
-0.00747632711270835 0.0340271176567806 0.494511948023932 0.770757711859157
-0.0346082610561448 0.00289626460836854 -0.202307827104598 0.623136857172535
-0.0245279405817139 -0.0158484853884477 0.0566639463609623 0.0564612515527777
-0.0183206571239665 0.0220587874793611 0.214196719492652 -0.627578052263764
-0.00803545810150458 0.0109028366454724 -0.51922502396948 -0.798252782086344
0.0102896480100066 -0.0357389845042036 -0.88639534514588 0.0874111981186791
-0.0286600142591188 -0.0451192438421955 -0.205935623495341 0.679809057531985
-0.0417367273433984 -0.00360317382059142 0.30457390607693 0.374614416522003
-0.0284208977077109 -0.00353216771209135 0.237939184599552 -0.00706493458475744
-0.0201444612735496 0.00610809165489926 -0.0232606565215523 -0.203344261980245
-0.028325078859428 0.0197837232731333 0.011391764559688 0.144936597742735
-0.032179392281984 0.00316603500474329 -0.200336674815822 -0.000677844131528442
-0.019979664979645 -0.0267597230364018 -0.229414440293943 -0.374829068295968
0.00134997926110425 -0.0605903838726247 0.313866489902921 -0.551377690627826
0.0583586257637561 -0.0227863827132171 0.842354659029946 0.011218307877481
-0.00285402683186869 0.0442947297247243 0.450159257125687 0.806543588931627
-0.0350659958678388 0.0150745441041731 -0.230982344796287 0.620439370237423
-0.0278735627002094 -0.0032224161880155 0.0517083479749275 0.0520974343519208
-0.0152754039685668 0.035528885945955 0.185482420342402 -0.631612485688052
0.0015698884471625 0.0194344739436865 -0.560892398136831 -0.761591878892194
0.0120764805876712 -0.033765872584483 -0.876639143649617 0.139618046032426
-0.0323876943875607 -0.0440736576059702 -0.166584145084632 0.691358796502418
-0.0416938738314228 -0.00314918918707491 0.321986172470073 0.362176789864886
-0.026742817257413 -0.00148564337572028 0.240236762866968 -0.0188824175893822
-0.0198567750095024 0.00940982262918459 -0.0198650669840363 -0.206440059681929
-0.0244718992772769 0.0221370306299312 0.0170486775128922 0.143160094424814
-0.0275584809160162 0.00249681311857932 -0.195267420310029 -0.00459046745376383
-0.0161653336012552 -0.027305451861335 -0.213958584017458 -0.377498987340532
0.00147255704247931 -0.0571928058640307 0.333569667417948 -0.536416525544389
0.0619584867207119 -0.0162016213379787 0.840550271185946 0.0493655563391178
0.00313967241195129 0.0521089451624471 0.417051461577826 0.832344145297248
-0.0326420070397812 0.0273773356626099 -0.253804066702916 0.62275181730806
-0.0294787597828368 0.00874282410378808 0.0454268169756745 0.0522117310410535
-0.00975138536572685 0.046896829558943 0.163511615575058 -0.630468870096875
0.0111796706134678 0.0247116693643144 -0.585723715676044 -0.73256963995226
0.0136841966265067 -0.0314134687638479 -0.870362842129447 0.172640754221849
-0.0360961756147709 -0.0399286124210138 -0.143173218192694 0.696392986937992
-0.0398685580410863 -0.00226471296969827 0.334602108419654 0.353186831106857
-0.0226743127585584 -0.00149780790564822 0.241455295454775 -0.0256872145180981
-0.015893135872635 0.0119099102441603 -0.015537096275716 -0.211101729322543
0.00427621621446353 0.00646803426317733 0.0103545659846021 0.170343821833279
0.0051278799832369 0.0109483308881395 -0.188757063323255 0.0628255016446412
7.01981908857677E-05 0.00536310315536736 -0.326394519223211 -0.301203305494064
-0.0125703273228369 -0.0162377636264078 0.0996141695948359 -0.616591486558464
0.0210901864116158 -0.0348243548014493 0.780397058568891 -0.258377173297398
-0.00293689889561366 0.00616556091441612 0.688326246121313 0.613691040808515
-0.00711258658117082 -0.0114942103253121 -0.0627766427563122 0.67278058013967
0.00430756191294419 -0.0251357162283733 0.0435977673098111 0.120867473611584
0.00965759537790181 0.000816624080232149 0.335436311204202 -0.553028363385962
-0.00733379669086306 -0.0175093380451059 -0.290427456389217 -0.927014342494038
-0.00755496119647672 -0.0301776400518079 -0.916752806136237 -0.166162840552529
-0.0327094301984532 -0.0139889973707065 -0.402281985689918 0.61395721264449
-0.027498306946806 0.0181825951494781 0.216489330719581 0.433369507465642
0.00480423620546543 0.00693996916918164 0.243998270955987 0.044044566040214
0.0142614563552598 -0.00176430724225288 -0.0268973690408412 -0.189587548742019
-0.00289145336879516 0.00725483190235605 0.00810692376971851 0.170647013402732
-0.00564614240046913 0.0112906666679402 -0.193768125393733 0.0581926472723328
-0.00559014050795547 0.00161933873584345 -0.323588567157223 -0.307970962940795
-0.011394679364543 -0.0252456333792599 0.118000676533125 -0.617764095668516
0.0228935454640886 -0.0377702744054036 0.787917869122632 -0.245976398171772
-0.0092065754669021 0.00601625132473654 0.674263554728664 0.625997694477843
-0.0155256722322087 -0.017726646225917 -0.0733817180192007 0.663657912611582
0.000596325483552514 -0.0330257209825036 0.050261248531676 0.109172272443028
0.00313565778000994 -0.00494823120082234 0.330058413878002 -0.56929181464575
-0.0143082892867617 -0.0184853171339033 -0.307208207693603 -0.922969556018075
-0.00506028251207834 -0.03292135604502 -0.912951800197392 -0.144216363435404
-0.0275754274920083 -0.021315442429605 -0.382206774819766 0.620580268326588
-0.030341998206597 0.0127991510032603 0.223629983280919 0.427011208684153
-0.00405668838818399 0.00327378850312559 0.241178222964294 0.0392320175483448
0.00621520513400011 -0.00247005364295741 -0.0296830363167671 -0.190992645357824
-0.0106512136686331 0.00868451083513487 0.0060617097475984 0.167766644464481
-0.0159987032848036 0.0111017113548528 -0.199219805937586 0.0487901908077071
-0.0123055486683613 -0.00298510472417271 -0.315289568239356 -0.322140785915595
-0.00987095136055415 -0.0362158598173505 0.150135624707787 -0.612809840083072
0.0274601472433143 -0.0398924795558645 0.802477452655211 -0.212922399203918
-0.013390913021615 0.0096204354323925 0.643947502429589 0.650795595227173
-0.0231829565819211 -0.0180178338126962 -0.0966721058566903 0.653913035361785
-0.00470853107742185 -0.0356054994460642 0.0551317414781459 0.0946428550594498
-0.00433500823311482 -0.00511300198436767 0.312802880295101 -0.587242824831953
-0.0183340224881057 -0.0145269592995565 -0.351587140805387 -0.909544480765189
-0.001185729990624 -0.0344546521431732 -0.912697056800124 -0.101279885215099
-0.0234259107482013 -0.0294766481792191 -0.349794494764347 0.635097244989142
-0.0335959035495318 0.00735674486497038 0.24016679131633 0.417023115915895
-0.0125923929412644 -9.09970754604007E-05 0.240233919874936 0.0293362459751341
-0.00228575191634789 -0.00263893446311152 -0.0321111936412495 -0.193853205634141
-0.0182905634807359 0.0118138457023244 0.0040347131808228 0.162564348384407
-0.0250522001440865 0.00948904097823956 -0.203909292308859 0.03672958361488
-0.0176798851863406 -0.0106882566140182 -0.298940054482262 -0.338112174147761
-0.00695330319737751 -0.0464923630194771 0.189931333754336 -0.603938453407613
0.0350224500994564 -0.0392213208360995 0.818409785825417 -0.16222080345077
-0.0136416578450015 0.0160812033483731 0.599519099124743 0.690721895952756
-0.0282948760722093 -0.0144621885686637 -0.128515329508639 0.643169481912678
-0.0125726646801833 -0.0332709126124563 0.057910422405891 0.0801948973681454
-0.0119255154768896 0.00048579820890329 0.287934330285101 -0.606950083288755
-0.0188373884850623 -0.00710666662733923 -0.405709521890932 -0.882256125608804
0.00278856052160242 -0.035391363536323 -0.907326935170841 -0.04109770084627
-0.0229817921715552 -0.0364905319692869 -0.304669004212974 0.653752147961645
-0.0371320115347314 0.00187945359978605 0.260501384940353 0.405857086264367
-0.0202804653813557 -0.00200938923646647 0.238880409812799 0.0170993043182073
-0.0103587593446945 -0.000698174763429727 -0.0299947146371813 -0.196441857098176
-0.0243681191042255 0.0142728796899061 0.00494515441662053 0.157371142343549
-0.03193790456166 0.00722374167738204 -0.205482865600464 0.0230202277784563
-0.0208328054500279 -0.0173648286689877 -0.278120688196857 -0.353319837379056
-0.0033100384034364 -0.0547663568186885 0.237124284619286 -0.591498510474039
0.0436000249948674 -0.0358922221625285 0.83528078831513 -0.104012167569527
-0.0120999608874436 0.0236757189961656 0.550514019301235 0.732194851708895
-0.032397543174318 -0.0075586860114539 -0.165557399859477 0.635065594951705
-0.0184749206692359 -0.0269540679821643 0.0582647353796294 0.0666322806339288
-0.0166317486703089 0.00945796752804715 0.250880353490039 -0.624262016887293
-0.015862725920584 0.00221818434172347 -0.467196929680584 -0.846037043127335
0.00651034945670432 -0.0360419775452612 -0.902920022929704 0.0263000637277908
-0.0241632252669882 -0.0422477296866888 -0.254221892201674 0.670965491996938
-0.0402574382467005 -0.0018505913243435 0.285350925368044 0.391528628019863
-0.0260486651729008 -0.00304657766372895 0.239486963833998 0.00416882015294556
-0.0163274364557911 0.00238367700414699 -0.0287077506540599 -0.200821857970769
-0.0279446874433485 0.0174950999589903 0.0059937634961369 0.151365672825805
-0.0343571342228588 0.0044151176034313 -0.204727324788197 0.0105839350576257
-0.0211765290605557 -0.0232913518763365 -0.254852226738771 -0.367866944375129
-0.000295405926757758 -0.0596033982937762 0.280909282829895 -0.573671225136175
0.0520041091123112 -0.0300403897032403 0.844744267532297 -0.0441164615598596
-0.00813004029473993 0.0340478241116476 0.500687713761065 0.772932188423417
-0.0345785707275453 0.00306309301915719 -0.200121775986801 0.62808325520159
-0.0246197054368379 -0.0164230841289332 0.0564928150458474 0.0567971065276774
-0.0175889021862034 0.0227729206025899 0.215491477565052 -0.63296594797664
-0.00825653265656158 0.011930308055003 -0.524348883568255 -0.80448323228001
0.00982804500989459 -0.0352020181866293 -0.8917719133436 0.0922305713988404
-0.0283081490973086 -0.0452321984572031 -0.203926278313905 0.687201029897586
-0.0422430207466734 -0.00335849883413479 0.309204559923762 0.376034689639057
-0.0288268533024476 -0.00280633240199869 0.240105222891133 -0.00881161187869148
-0.0199783794782614 0.0062030858718146 -0.0239831720434177 -0.203782186591723
-0.0280289132228608 0.0201765264216646 0.0112717498970232 0.14629313860575
-0.0324290562824653 0.00272029978102508 -0.201667356778212 0.00147656964228927
-0.0193366722404242 -0.0273474572299922 -0.232985434281982 -0.375562298191225
0.000943093674499858 -0.0605646717211135 0.315067336938361 -0.557272104698646
0.0581847932638206 -0.023006985870167 0.847690630038697 0.00943690482287334
-0.00309982604929812 0.0441736406963366 0.455330535765865 0.810380779672356
-0.034323420329891 0.0152280622897116 -0.230567947192134 0.625893014140612
-0.0278981647632574 -0.00350718620701738 0.0520125519510459 0.0516679740463773
-0.0146428318072912 0.0359306157650706 0.184616181919758 -0.636499860039756
0.00116293856735521 0.019592849332495 -0.566754982095392 -0.764809634807456
0.0118064313476126 -0.0337570297491708 -0.884918920430687 0.143934908622803
-0.0319758623465729 -0.0444721349092831 -0.164569955737897 0.697141834056646
-0.0426022592295064 -0.00352558096402076 0.32612636683951 0.363379857945381
-0.0277977492746799 -0.00125111413560057 0.241166030747075 -0.0201919193489747
-0.0197380202812655 0.00941363639369087 -0.020590887376538 -0.207826569138106
-0.0246113845174927 0.02294191734831 0.0162932681037345 0.144552340220806
-0.0278434287786048 0.00253961512034404 -0.196523647719788 -0.00355104583779832
-0.0165631921648544 -0.0275589017523502 -0.217052856677887 -0.379259840243161
0.00163175086972746 -0.0567580975721891 0.33297887878079 -0.541492669356394
0.0619834687048349 -0.0169818350394586 0.845161491335078 0.0464716034584582
0.00300657127319143 0.0520677419254918 0.422636236314433 0.837279195420056
-0.0319973858948774 0.0278321633631829 -0.253500888572633 0.628100680717362
-0.0288415064255093 0.00850610610974036 0.0467869890005447 0.0531895621039079
-0.00815590797389983 0.0477315815479984 0.164990857878199 -0.632952470377547
0.0109522146201933 0.0252015158512739 -0.591548360418018 -0.736270381962362
0.0137332420391265 -0.031091043279077 -0.875827838593462 0.175673395061081
-0.0354644374411357 -0.04086767699083 -0.140807981401011 0.703247632846185
-0.040437145368035 -0.00199037961501012 0.338516721504932 0.35553695723456
-0.0228661475069611 0.000269679380324961 0.243577770405636 -0.0277016271231292
-0.0156959793719502 0.0126137319123977 -0.0164004135401523 -0.212606228474028
0.00422811969822818 0.00660750550885795 0.010910108260392 0.171324018996154
0.00501128593586372 0.0110475416701966 -0.188933143679472 0.0652579088515891
0.00108276072504248 0.00493116086418635 -0.329835197390427 -0.302479374232746
-0.0128863042999992 -0.0157072651294814 0.0956622319101611 -0.619508366299773
0.0203639034034854 -0.0357901703357023 0.782304746983526 -0.265282347880635
-0.00281832136764351 0.00651454327056354 0.69621773102943 0.613392588365084
-0.00675554047624365 -0.0120791771792615 -0.0593095052325802 0.678135428265723
0.00429398119100246 -0.0262014708316622 0.0450397796359337 0.121138115556379
0.010185023598942 0.000588047513621022 0.333840903292026 -0.558050855322892
-0.00791316849834902 -0.0165053407485368 -0.296122145349742 -0.932838975766398
-0.00789812184148112 -0.0307204526890769 -0.924908956252134 -0.161230506731062
-0.0329569015879172 -0.0138846674736328 -0.399681429120171 0.62218520714658
-0.0276243264878393 0.0180258728709827 0.220738273070429 0.435364161430032
0.00425568075343877 0.00791844307410666 0.246803956464732 0.0418856062524472
0.013716802457706 -0.00195288424153865 -0.0278083069096402 -0.190152641906651
-0.00277020678004028 0.00737570813186283 0.00852302844505807 0.171237534562567
-0.00471934051641678 0.0107630916502358 -0.194828547372744 0.060099160572825
-0.00544977171993696 0.000833195907525232 -0.327382931804022 -0.309540058637594
-0.0116991054881773 -0.0246981288379514 0.113791856606016 -0.621416611922992
0.022740477158807 -0.0385628255013345 0.791663570228221 -0.251245940801095
-0.00940488041046135 0.00666137231476058 0.680541265697374 0.624323983133502
-0.0149535489942103 -0.0177160753278257 -0.0702127536597952 0.667171526813349
0.00106571051683166 -0.0334979035749585 0.0510502434210227 0.109753948620549
0.00350799078687412 -0.00528053517249674 0.330012612296155 -0.574009915245049
-0.0143621049060423 -0.0178423236001089 -0.315526792216061 -0.927942664247774
-0.00523897955908831 -0.0333108475136796 -0.920906961505671 -0.14074441834405
-0.0279014622852607 -0.0211771762326624 -0.381945061231473 0.628026301509111
-0.0307749687227156 0.0133027450552034 0.228284510343175 0.429018112763634
-0.00453178718395253 0.00382855806170518 0.243646566602964 0.03642886044863
0.00592192336053658 -0.00211484923495341 -0.0304095336690381 -0.191835198089848
-0.010928181590386 0.00932219690274579 0.00660442946934462 0.168783351344887
-0.0162644751341694 0.0112566817028537 -0.199713515638843 0.0512760800239939
-0.0119904052846894 -0.00390165339334836 -0.318510198822919 -0.321738380040103
-0.00979155259711706 -0.0352361682503264 0.145386656896574 -0.618643955231935
0.0271375486942338 -0.0402262333012693 0.80534012271887 -0.218739040977774
-0.0134611266522008 0.00894705923452839 0.650822944994204 0.649937231197745
-0.0222793886375712 -0.0180930338986011 -0.0938544524836937 0.658851837762089
-0.00537672839942023 -0.0361419160588713 0.056925577922912 0.0948620773727745
-0.00434877853161783 -0.0055116568058282 0.311221876507149 -0.593548499357859
-0.0184094782722411 -0.0140838613071205 -0.357892878259424 -0.915066735648898
-0.00165664345660422 -0.0351843579619407 -0.91895558459194 -0.0960574490208386
-0.0243114073583955 -0.0292599561030469 -0.346581526112845 0.642057823171945
-0.0339680382362565 0.00712561489009016 0.245695016803385 0.419482171758488
-0.013199099717179 -0.000125551151622747 0.242011348423221 0.0271660024834104
-0.00155026504104191 -0.00261220107695961 -0.032675322068367 -0.194856862963223
-0.0185658282808147 0.0123171177564319 0.0045544851160879 0.164383871861556
-0.0253785149698674 0.00937216359400113 -0.204733158833143 0.0383368921182483
-0.0174543659474094 -0.0106737221448363 -0.302584550810907 -0.338309588002734
-0.00781021086430552 -0.0459979567789049 0.187053012009321 -0.610597137695231
0.0346615439435567 -0.039776316566992 0.82340289013137 -0.169583785746981
-0.0133781563165637 0.0155478605990066 0.605809077924304 0.689611994930814
-0.0285420040265451 -0.0152275425453411 -0.124815066794097 0.649282999060844
-0.0124294095799424 -0.0331427454948708 0.059123156559937 0.0806775936866808
-0.011057754221538 0.000141132247947411 0.283868346362862 -0.611770462788527
-0.0191123698839809 -0.00692558123598185 -0.413523382658921 -0.887123435555795
0.00275216573582019 -0.0355276458986899 -0.913880569294716 -0.0371888514930674
-0.0227545961726147 -0.0368243723325109 -0.302259990694302 0.661302233401665
-0.0375306255481937 0.00161593029017916 0.265349495242508 0.407691393708384
-0.0209081002256148 -0.00192069507235335 0.241380250333437 0.0162890186924968
-0.0098724412748214 7.56950445647917E-05 -0.0302656987888331 -0.197678005687446
-0.0240871275642374 0.0147328609846197 0.00504399382262835 0.158627020091025
-0.0311319947513844 0.00771715408103724 -0.205974553825147 0.0255923193868116
-0.0200865027110006 -0.0178879188358236 -0.280442422329631 -0.355104051953599
-0.00394673699029397 -0.0541574924005394 0.233865315200557 -0.596956374118019
0.0437300198688757 -0.0366725882886808 0.84138857169688 -0.109589074617027
-0.0116807637599671 0.0238733916576604 0.557009308604934 0.73129721048642
-0.0323030935571084 -0.00791267720568186 -0.162365590018584 0.639947909579822
-0.0187772379425916 -0.027264632946029 0.0592934047885987 0.0668264122624695
-0.0159546060771672 0.00960365004537066 0.249979154327742 -0.62833535408843
-0.0154841307264384 0.00266070211295784 -0.475517396033849 -0.849545500084337
0.00626063377014747 -0.0358394393430672 -0.908188524864652 0.030967043081446
-0.0248470742540129 -0.0430319998864701 -0.251012456712043 0.678699384870476
-0.0406414358870658 -0.00167694001317704 0.290023166074698 0.393174547388408
-0.0267197846553313 -0.00263759387355365 0.241696201053071 0.00198422692449414
-0.0164758332869867 0.00253654739299348 -0.0293725734209064 -0.202004720879557
-0.0278938625130364 0.0182902566732292 0.00669969269330027 0.15224027214881
-0.0341379018325729 0.00537483464606927 -0.206082800559092 0.0117105892055511
-0.0213310116716847 -0.0232363217053824 -0.256911907420764 -0.368248113283162
0.00016626686729776 -0.0599291679946983 0.278277180793516 -0.579516023261605
0.0516899460644436 -0.0305962687197706 0.849703118538594 -0.048339772128697
-0.00799069297040513 0.034237839223876 0.507720064538478 0.773631959381617
-0.0342715306759298 0.00254164890579941 -0.199265748402555 0.634822714429032
-0.0238757388878277 -0.0169097034306174 0.0569490498243049 0.0567240155923697
-0.0164468403133038 0.022761829808666 0.214180061854598 -0.639784552114027
-0.00774996505270167 0.0126097889050872 -0.532744958191138 -0.80657053582462
0.00941725274780613 -0.0354975104685076 -0.898987880440786 0.0984870780456016
-0.0283959874563717 -0.0457173680266993 -0.201918804598008 0.693196607903961
-0.0421708373391678 -0.00328926878610104 0.31328977149144 0.376115545087925
-0.0294740290528792 -0.00267477273311605 0.241772729900977 -0.011586020751269
-0.0200102484989094 0.00628706994391502 -0.0247502102418948 -0.204898096260124
-0.0278447269966508 0.0212592528928137 0.0110595561711807 0.146728020654167
-0.032645975153141 0.00267083419595652 -0.202488118597373 0.00306216891560573
-0.0197344917223392 -0.0274438771416667 -0.235711475230164 -0.376580471068713
0.00203189125830014 -0.0607158767419665 0.311190541073912 -0.562174285347468
0.0585669784946303 -0.0241202785537506 0.853022515151268 0.00402961658460463
-0.00271197880527946 0.0446127743244326 0.462583914854053 0.812218078941389
-0.0338443490316366 0.0158527609024243 -0.227555050491776 0.630256978851986
-0.028322879314248 -0.00439587070580148 0.052514399932654 0.0530371356752398
-0.0137801970172618 0.0360401547521375 0.182246391503984 -0.640651183205385
0.00107683869977044 0.0206661763100512 -0.57479801333764 -0.766441117401148
0.0121253926914483 -0.0339669662722034 -0.889103292061539 0.147488079369027
-0.0323484644083634 -0.0458982636200465 -0.1619757816853 0.705106441044555
-0.0433108356759714 -0.00352264450048213 0.331402077309784 0.365032203949702
-0.0286158956281423 -0.000399627816038216 0.243026749071431 -0.0228364382240285
-0.0198544118817195 0.00981557467581695 -0.0218156074400164 -0.209596475703596
-0.0241081453506074 0.0234414089942062 0.0165209403608933 0.146265779667991
-0.0270640294606319 0.0027641464278004 -0.197138663742145 -0.00161979288138555
-0.0164170448232236 -0.0278227716458136 -0.21953880130025 -0.380512392623075
0.00182428663914513 -0.0571258004115563 0.330166561533228 -0.5466847174307
0.0622981015228796 -0.0177585474687412 0.850693913177772 0.0404180440138202
0.00307002462211949 0.0526211830030628 0.428664333990971 0.83858829685922
-0.0320722105326684 0.0273645727735805 -0.251911629916017 0.632920777502579
-0.0291896172494129 0.00850916586018791 0.0475862920610167 0.0535451738492886
-0.00778707608423785 0.0477001420741543 0.1622524469646 -0.638130455735165
0.011477243379082 0.0257741303258613 -0.59962294439467 -0.739140963995978
0.0129328283996808 -0.0313197513930134 -0.881310894444771 0.182312696723468
-0.0357912219262328 -0.0417921140489193 -0.136916004784015 0.708375469847922
-0.0409232739988228 -0.00185866226512001 0.344483854733606 0.357138721303668
-0.0238846605368334 0.000764838036773508 0.245594404666066 -0.0299669607610399
-0.016331461645293 0.0128039846527254 -0.0182768965772344 -0.213619296654127
0.00454526567282431 0.00735109177440644 0.0114156232451933 0.172846393452163
0.00581348160663066 0.0107938574165403 -0.189073748243528 0.0672481896929746
0.000885069091748699 0.00493094281916468 -0.332490593585963 -0.300488426295462
-0.0121712280446208 -0.0153166418664998 0.0910742197700328 -0.625607608208938
0.0202111471553421 -0.0359058512419361 0.783932584032568 -0.272187453602582
-0.00282583743065164 0.00579032195658695 0.705430372261849 0.609573617798765
-0.00668526167604572 -0.0121909927460671 -0.052035871617521 0.68360161856318
0.00437703901297111 -0.0265176596238165 0.0461555184423983 0.122053734212245
0.0111740169144968 0.000340982941247688 0.332105564443484 -0.56292178591542
-0.00808042554681553 -0.0164149128219671 -0.30571540727476 -0.938501960672773
-0.00852838887310235 -0.0303086427809176 -0.933438412217533 -0.15453015461014
-0.0334387377353093 -0.0140339550730408 -0.397589146842607 0.631053633632998
-0.0279928882780833 0.0190945895530638 0.227806063644612 0.43736984796237
0.00415493812080527 0.00796701413549792 0.248719843865043 0.0399050688429927
0.0139763550172575 -0.00213305253051692 -0.0294995010114356 -0.190858577274665
-0.00289550297989184 0.00787958232043262 0.00855329595535116 0.172439556176558
-0.00481560749930384 0.011727334480278 -0.195411659066337 0.0630546415106037
-0.00525230372767738 0.00168509631826059 -0.331484355215815 -0.308085534122546
-0.0110319732846993 -0.0245474301817396 0.10920128011425 -0.625957949453743
0.0222343555774663 -0.0387511483101457 0.795288067988902 -0.260444541107127
-0.009158795375341 0.00612403217106511 0.689205041161874 0.621914642526229
-0.015013762863296 -0.0182911317371809 -0.0643849481331918 0.672235484600015
0.000767508390674268 -0.0341144937170059 0.0526290681312861 0.109748504648988
0.00437489932927271 -0.00514814004456603 0.327409846265617 -0.580135568279196
-0.0146355417283257 -0.0172588821358982 -0.322835538818101 -0.931284175486406
-0.00616226639461113 -0.0330119883164567 -0.930384081869421 -0.135438740001455
-0.0276616384802966 -0.0214199772997465 -0.378831532757133 0.636251672977235
-0.0310045184654687 0.0136476383318235 0.234127288194516 0.430675416497319
-0.00449675453167727 0.00448960808908421 0.246585392491029 0.0348217066355182
0.00599056470393023 -0.002113017345106 -0.031620190330684 -0.192881537827252
-0.0104741665124999 0.00937776723055801 0.00739739053874906 0.169947338022357
-0.0154603920174168 0.0110707213751304 -0.200101034484369 0.0537213017169146
-0.0127282361762412 -0.00374804912128533 -0.32206249423516 -0.32080091117809
-0.00998529939655001 -0.0357997926753007 0.140601002831514 -0.623284398580569
0.0267256692894814 -0.0415553309173106 0.807670203445136 -0.227236408441415
-0.0129911007550988 0.00924889714243998 0.659274547046806 0.6466450002455
-0.0225987861977958 -0.0193150747433231 -0.0882859211801522 0.664842285810651
-0.00535645521780306 -0.0367352361306868 0.0577901593331717 0.0955467381352535
-0.00294996526707175 -0.00571252772885228 0.308180843836069 -0.59875290424085
-0.0188525795679089 -0.013257708309945 -0.367951278914267 -0.916530847481803
-0.00175759078696939 -0.0356214318332812 -0.927651918539811 -0.0893514333238776
-0.0238294921056285 -0.0290051199170303 -0.345552351850639 0.649653433338308
-0.035234811950608 0.00781352791567703 0.250690198416286 0.421614086324215
-0.0134725524941978 0.00118715191440622 0.245131702125251 0.0246696883801012
-0.00145006273576525 -0.00213446227759075 -0.0345974678752692 -0.195578495720619
-0.0182951964339 0.0124113828331777 0.00415210156268592 0.165477662486606
-0.0250535908283075 0.00959876274276055 -0.205235674853775 0.0414474036557555
-0.017734852956496 -0.0107523342492174 -0.306553506228993 -0.337523962610279
-0.00733264092965709 -0.0457023359059118 0.18294661708554 -0.614782383911945
0.034765706472969 -0.0413918605018127 0.826440367138825 -0.177979926904982
-0.0134651253919668 0.0154841298147322 0.615999188528407 0.688185754455761
-0.0281893082575792 -0.014918054655739 -0.120808559313555 0.653632270328518
-0.0121719781111731 -0.0340869396728604 0.0600514962661748 0.0809570863134503
-0.0104786478195724 7.31361963956928E-05 0.283258138625015 -0.617427173442265
-0.0195462001018719 -0.00627760480715886 -0.423233050293755 -0.889677277253075
0.00217268111018547 -0.0354139360438984 -0.922609366343164 -0.0300096385063188
-0.0233947626962651 -0.0376258025198709 -0.297997272409536 0.669046533669679
-0.0375493944376132 0.00199006519910504 0.272882448142258 0.409319856677878
-0.0215929534092903 -0.00112100263344904 0.243860481433203 0.0131476237451333
-0.0105874129104523 -0.000342457640481001 -0.0324564139693842 -0.198875361236579
-0.0240296055786975 0.0158804574358569 0.00610709809312299 0.159813925439797
-0.031068252834072 0.00794284921191542 -0.206765084065055 0.0275654412750581
-0.0207455923889069 -0.0181197537680539 -0.284821342607464 -0.354416237138574
-0.00367263325818678 -0.0545024222769772 0.231239955676613 -0.602807981747239
0.0431969362327116 -0.0377169022376991 0.844439540919259 -0.118320493091069
-0.0120237704748916 0.0240596886377167 0.566371422648236 0.731051842259325
-0.032386270597106 -0.00830637454054894 -0.158193669344297 0.647274172249339
-0.0183424805942891 -0.027985282482489 0.0601153967382822 0.067764191628052
-0.0149962580452233 0.00921719142352615 0.246838837053762 -0.633184868921833
-0.0158687111340984 0.00289388270693453 -0.484469586689074 -0.851604179851417
0.00575073771579202 -0.0366497326759908 -0.915986640831279 0.0415328142675552
-0.0251700830631524 -0.043651892114191 -0.24845360146754 0.685853815312614
-0.0409004979968316 -0.00144138004828823 0.296349964511386 0.392914040168422
-0.0273302953383892 -0.00214652722041823 0.243738838808172 0.00019040837429036
-0.016050619903357 0.00303476414656413 -0.0310329707464905 -0.203571038923733
-0.0278490138263286 0.0190138071245526 0.00631589910552386 0.153296543791012
-0.0344266622953422 0.00501886062110092 -0.206853804132133 0.0145756818504042
-0.0219786798957859 -0.0240497292002371 -0.262231593753326 -0.368436527213949
-8.5544965577793E-05 -0.0598434915830682 0.275372944837497 -0.586592901032529
0.0520422902470209 -0.0318201870002235 0.854823175934349 -0.0552974589276634
-0.00765206790212586 0.0337895773054564 0.516720568379627 0.775381042631691
-0.0342446777261615 0.00260540973111298 -0.194669520183636 0.637880274998937
-0.0246448348649257 -0.0168957283832114 0.0579023434351157 0.0572801548799532
-0.0161527932469221 0.0231297070052098 0.210070280007244 -0.642789606732737
-0.00817165165819655 0.0135061699249911 -0.540853520387618 -0.807859624679727
0.00903427393218204 -0.0353973403191838 -0.903922232962802 0.107109007422516
-0.0293550607928979 -0.0465062642737552 -0.196965328649638 0.702158660088974
-0.0435221908524713 -0.00362458078342568 0.321108238078413 0.378758793411679
-0.0306961032883949 -0.00103347465073616 0.243854278498161 -0.0145627922995222
-0.0202113732063084 0.00696920836183176 -0.0271387589661362 -0.206308033380119
-0.0279840835710441 0.0213947278304681 0.0118976019857293 0.148041082728297
-0.0324391370403375 0.00341255833334917 -0.203979621413317 0.00536095121029085
-0.0198752444083911 -0.0275733823047692 -0.240424386767958 -0.377249996674507
0.00233475761192548 -0.0605910866673264 0.308767352698745 -0.567986951262799
0.0584977959540456 -0.0257432188234684 0.858243612978593 -0.00403673656448892
-0.0028435500044909 0.045097345005207 0.47273368862926 0.8115224331946
-0.0333858495402965 0.0147497969252108 -0.224429823334118 0.636005070542098
-0.0281465995905101 -0.0039998162715195 0.0533474973441702 0.0532636333381118
-0.0126937887253194 0.0355594377579025 0.179324594858263 -0.646056476269609
0.0014652195408449 0.0209012841024645 -0.585005409313186 -0.769534079770598
0.0116425548717639 -0.0342473110873433 -0.89613595448924 0.157203617164098
-0.0329015131381636 -0.0458058739693068 -0.156892049191719 0.711541604072993
-0.0439308828495682 -0.00302706243539022 0.338470905405667 0.365281950111218
-0.0288902989645273 0.000148593962416139 0.244702159785239 -0.0254794328402357
-0.0200556226160488 0.0103233005738247 -0.0235693416993456 -0.210355959904422
-0.0241848350417868 0.0242897060370574 0.0169125073034007 0.146680185224527
-0.02741951938574 0.00335904763777686 -0.198070697899 1.46447088525389E-05
-0.0164247025844927 -0.0281962952779503 -0.223017730402234 -0.380630039022411
0.00162877246886998 -0.057322458249281 0.329750618266246 -0.552907031462523
0.0621232983765682 -0.0187793696207893 0.854681616557422 0.0342080596323948
0.00339177255285365 0.0532302487988749 0.438500543217158 0.837923082453061
-0.0314305722843463 0.0272524824623684 -0.248039949797509 0.637846066232542
-0.0292503712491704 0.00811181967779719 0.0475735715859996 0.0537385347410292
-0.00677573956736673 0.0480947654199223 0.159312633183378 -0.643153909342271
0.0114751824068883 0.0264028461398276 -0.608718871191411 -0.740635892910744
0.0132332730021541 -0.0316667849346532 -0.886090281021566 0.190982094983994
-0.036780755064344 -0.0416052989798213 -0.133146086402895 0.716278296704402
-0.0415426594914643 -0.00141995822204771 0.348616147442805 0.356999772995719
-0.0243150118432834 0.00152453143240612 0.24681322998193 -0.0331339621757609
-0.0158759047433425 0.0131679327736488 -0.0198296886871076 -0.215669995219435
0.00509868610823073 0.00730921138415524 0.0126395716659011 0.173217429180769
0.00619383304981889 0.0107742232865004 -0.188838227587934 0.0706744568422078
0.00152287036125794 0.00496270097646013 -0.337395279748927 -0.299597593773111
-0.0125978978324912 -0.0148148749781535 0.0841359105042756 -0.630486434239021
0.0198024421036342 -0.0367273234600573 0.785521083920575 -0.283285670551897
-0.00321760757411976 0.00608319383395103 0.713869662813344 0.606386644355061
-0.00612638996726955 -0.012617645009872 -0.047800816144658 0.686800220524777
0.0040835310776552 -0.0266859648844594 0.0476852618381909 0.122538535942422
0.0119539392592262 -0.00018743052197194 0.330598886911059 -0.570439537694666
-0.00820197967712904 -0.0158953054172021 -0.316482841470938 -0.942357706679024
-0.00816387470321554 -0.0306442704215139 -0.942303227060036 -0.146086289910786
-0.0329147341602551 -0.0136711326347104 -0.39217622265734 0.640076557305897
-0.0280034351571009 0.0193741740809703 0.234404269796102 0.438098203872723
0.00401741751557613 0.0083487725057803 0.251282241710049 0.0371576710216897
0.0135781437058732 -0.00143255991005721 -0.0306494769452743 -0.191685823764605
-0.00291191389520525 0.00890606625324372 0.00985649847506377 0.173894074499308
-0.00465995813427752 0.0110771878630184 -0.195349755084229 0.0658984250682999
-0.00518963032665652 0.00148743093399879 -0.336461722774998 -0.306943005498215
-0.0114831443396817 -0.0239995337053503 0.101923284823333 -0.630676249013366
0.021865801302006 -0.0397028499046399 0.795470155471333 -0.269123522066712
-0.0101677570130964 0.00652242440638094 0.69921719453889 0.616456818225066
-0.0145010594453866 -0.0185736843381472 -0.0588166904458167 0.677180422221506
0.000734138862515192 -0.0349902875321182 0.0537222221298131 0.110650716753406
0.00492489262764599 -0.00616600132467771 0.325587497841788 -0.586322371919097
-0.0144692897730019 -0.0170442831746341 -0.33507529485686 -0.935445957486348
-0.00589595956503157 -0.0331737072082947 -0.935551168241598 -0.126104147042827
-0.0275233521943987 -0.0215391104437312 -0.374949679195279 0.644822891231304
-0.0309716446779661 0.0138304128089109 0.239778574102607 0.43147172147643
-0.00590975278809135 0.00520711473974199 0.249109768785096 0.0323017858856924
0.00635138362849793 -0.00255331886602602 -0.0330593547222305 -0.193860960606257
-0.0106102920701227 0.0103610703819242 0.00846232811602249 0.170539337282207
-0.01504465893419 0.0114663374656869 -0.200489561498851 0.0570543926136362
-0.0121834879091074 -0.00409060623008869 -0.327728828774763 -0.320124702874056
-0.00978909669251555 -0.0353344317597698 0.134862800177301 -0.62731315312543
0.0268267922445132 -0.0418383538046019 0.810709485877107 -0.235760285397282
-0.0132449422623836 0.00963350987921673 0.66940430518553 0.64465501459733
-0.0221392852929737 -0.0192488421403622 -0.0817086025905702 0.668260365720605
-0.00556696738928571 -0.0372088207635293 0.0590812299955541 0.0957691419468312
-0.00275041823120548 -0.00573001099305758 0.306602703074575 -0.605438364348126
-0.019292822660814 -0.0127539328221149 -0.378933210498357 -0.921788763823851
-0.00229650824463787 -0.0349902956568255 -0.93621888153756 -0.0810330114031829
-0.024160207867022 -0.0305516861237012 -0.340762966639236 0.657532896792761
-0.0349403079978342 0.00829909650605041 0.257036853303132 0.421740395630347
-0.0146535337902211 0.00179686621688679 0.247141606103478 0.0220511236586403
-0.00173987896996078 -0.00200404266690541 -0.0361207246775003 -0.196782694542994
-0.0184963878683542 0.0138270495591447 0.00529155957580235 0.166916111681613
-0.0250480738983746 0.0101656026493718 -0.205789969451928 0.0436759163528823
-0.0178523277468743 -0.0103442738349422 -0.312274281242842 -0.337001143061356
-0.00724606151559812 -0.0455855217913932 0.176346683705244 -0.620503482961801
0.0339930790357295 -0.0418596374043663 0.828402601979632 -0.187395987780498
-0.0140543952478926 0.0160533493034096 0.626655796174563 0.685886953373659
-0.0282686973321396 -0.0154118341040737 -0.114853081289687 0.657617592195036
-0.0124878413490077 -0.0343382169638038 0.0612817287725066 0.0807731457406093
-0.00982280495585846 5.68236021153481E-05 0.276971860714266 -0.621547815039982
-0.0190735989022475 -0.00528492970158422 -0.433567397623679 -0.893248239622163
0.00220707710365572 -0.0352514666505953 -0.930069348818073 -0.0204806546623827
-0.023875734651292 -0.0376803967077484 -0.292846179368671 0.676379743117863
-0.0387245941997928 0.0028447017040377 0.279384617964402 0.409405400892631
-0.0221629559334723 -0.000567341077723164 0.245254663750504 0.0101879046709699
-0.0106484937971627 0.000251509347890111 -0.034637441652004 -0.19932583193942
-0.023701759306535 0.0164589640879923 0.00674013514905211 0.16081032996707
-0.0315017283413728 0.00821047511775568 -0.207455022440739 0.0310006893236581
-0.0209402454257207 -0.0175030457366906 -0.289150331996586 -0.353306384275305
-0.00393214246770442 -0.0545010620487081 0.225595551557064 -0.608905546970608
0.0434933487559549 -0.0386289042217135 0.847078561142144 -0.125546273468499
-0.0123747019811389 0.0237719789248607 0.575908765542041 0.729968927672647
-0.0314684118212215 -0.00783813807160677 -0.151650833483639 0.651531159364692
-0.0188752801347662 -0.0280523911584135 0.0615369584349491 0.0675761257584627
-0.0140377250249242 0.009572023222234 0.243083556408607 -0.638818042442646
-0.0158484216544573 0.00395681841610217 -0.494579514080005 -0.852291255096326
0.0056484942495428 -0.0363305637247854 -0.92167911851039 0.048252184876113
-0.0256191006577419 -0.0438737470134377 -0.240893172464248 0.694001692475502
-0.0418289156953595 -0.000916650589908787 0.30396262438039 0.393234879571316
-0.027377732289108 -0.00183892334372947 0.244962359449006 -0.00399040299471418
-0.0163988618110946 0.00327147815938565 -0.0332290381518497 -0.203953040949804
-0.0281152920973137 0.0197867685458308 0.00736671031186059 0.153866736409379
-0.034642510994002 0.00555268835067495 -0.206897128283403 0.0173354782851988
-0.0218863171907975 -0.0241565179427391 -0.265892250750923 -0.36791706912965
-0.000371429653402248 -0.059579594718113 0.270751788192535 -0.592669435341282
0.0517146682133288 -0.0328205941162929 0.857224420724162 -0.0643043845017186
-0.00792406264503248 0.0348179023936959 0.526180819111668 0.774227426091021
-0.0337073874260768 0.00243480919710107 -0.189388353710174 0.643729189191165
-0.0244598322105207 -0.0177439482078002 0.0590196253534848 0.0571125996809161
-0.0149961533081235 0.0224672813841089 0.204664714325825 -0.649238653283784
-0.00806198839130626 0.0138648483125763 -0.553459244192876 -0.808010450729273
0.00880889143858094 -0.035533664526939 -0.910158440911971 0.115886049041496
-0.0299475663072567 -0.0464786492161857 -0.189584377025806 0.707848367728054
-0.0437848167625346 -0.00253286187766276 0.326964459020948 0.37784285287945
-0.030607630041657 -0.000672631095615623 0.245852800727396 -0.0174596677795226
-0.0202597830821261 0.007452902681534 -0.0287761198934771 -0.206911651992467
-0.0277390251159385 0.0221855323031074 0.0126390695794084 0.148888594239113
-0.0321433010056479 0.00361700037913184 -0.204093243064101 0.00841541938007033
-0.0199188077462486 -0.0278765974797893 -0.244686904708868 -0.377817797502523
0.00207308548527547 -0.0604983023130271 0.304339697234387 -0.574687038334171
0.0585834645703423 -0.0259916773054034 0.860931306565306 -0.0121037069970743
-0.00308083774875073 0.044191205856832 0.481177608163684 0.812884355133205
-0.032891260253402 0.0154359759928869 -0.220207218076929 0.642090278514501
-0.0284057346373942 -0.00386540523284901 0.0542789081230401 0.0530996390434251
-0.0123949167679472 0.0357923074210635 0.175424156136815 -0.649874749206562
0.00173291998716955 0.0222207740147471 -0.596121850580567 -0.769147741909602
0.0107954546496434 -0.0345050807119124 -0.900106987367112 0.167840140496939
-0.0330762086609386 -0.0463886897137576 -0.150456827278456 0.718807036672712
-0.0442789520395545 -0.0023456716425586 0.344761684325459 0.36483578494726
-0.0296223965473255 0.000969129363995951 0.246772786136634 -0.0283590833909797
-0.0203012802175416 0.0105138820094028 -0.0250749258609917 -0.211617657696744
-0.0238946779162257 0.025300820716889 0.0171815348465209 0.14768828936101
-0.0275894383687548 0.00257347452109429 -0.19872392152872 0.00346171705674864
-0.0169635222274822 -0.0283062242240108 -0.228415620447505 -0.38168116203111
0.0016836903977062 -0.0574916451503874 0.324777697153291 -0.559636507466546
0.0621137496943638 -0.0198666899548129 0.860956089725515 0.0278781563128818
0.00345387907742212 0.05341354169325 0.446530433219174 0.839974701501573
-0.0313725147013275 0.0276382882941553 -0.241921650708916 0.64399339724743
-0.0291102262510758 0.00822709123314668 0.049395438021781 0.0541044838488544
-0.00556533083763792 0.0481539367391219 0.152925489679334 -0.646996610976095
0.0126137224704934 0.0272500264256896 -0.620269034351272 -0.738177642415387
0.0126831391209836 -0.0316235608338432 -0.890045348179862 0.199916790844182
-0.0370757206192427 -0.0418550063378617 -0.1242820420766 0.724405577941356
-0.0419317924821168 -0.00142452672013964 0.356469499072256 0.354725423378112
-0.024785640807843 0.00211322707254942 0.247585996540941 -0.0361836986298722
-0.0155578923916318 0.014044388759231 -0.0211774823848015 -0.216015856354373
0.00490130637000515 0.00779455247075628 0.0149819106953754 0.174303965272244
0.00624024509569946 0.0108622428402894 -0.188514231744124 0.0738382641233899
0.00113212372012197 0.00446924143374586 -0.342832481631864 -0.297380477048912
-0.0125512964051083 -0.0135670547838469 0.0767365762989159 -0.63366113987316
0.0188868809158596 -0.037672916375059 0.785017297920841 -0.294352416513771
-0.00329353042822148 0.00619438819239411 0.723967339484454 0.600772900353432
-0.00603052987807618 -0.0133896370784042 -0.0404415634402086 0.69172379761123
0.00372008809737704 -0.0278065472043553 0.0498940663394218 0.122631270423695
0.0124204588037861 -0.000677381160610981 0.325387216667086 -0.575370366212845
-0.00822249956172669 -0.0149736585564371 -0.327355326544497 -0.943036241006445
-0.00944476699540195 -0.0299769294752036 -0.949995211683777 -0.13633158661999
-0.0331833200913401 -0.0143774219981688 -0.388536232285313 0.649514686859752
-0.0280171434451827 0.0199623346483507 0.24101516351638 0.438345682538584
0.00327470138732581 0.00900928351326448 0.253377798512156 0.0338827748166612
0.0135684815887193 -0.0019270249725357 -0.0329513879990942 -0.191630445881866
-0.0021045095185902 0.00954882658590095 0.0115982486330326 0.17538281727097
-0.00430511549094419 0.0114871253134194 -0.193812280045887 0.0696102077630769
-0.0053550385621213 0.00145336723504431 -0.340322089311002 -0.304092384942113
-0.0109857425159424 -0.0235225823591105 0.0948922945196027 -0.63552363854938
0.0212040787130869 -0.0409158403473039 0.795388351277259 -0.277974200901515
-0.00994286760649781 0.00627337446591085 0.709607120258761 0.612482301835793
-0.0147606317118903 -0.0192784190856561 -0.0522858409159902 0.680719901283069
0.000297665337962797 -0.0355700095929012 0.0561330525113371 0.110064046521558
0.00606819634993972 -0.00713596223630666 0.319129088386534 -0.591472410896663
-0.0149222232645539 -0.0164565965743532 -0.346432084654283 -0.938020663429108
-0.00675684440883292 -0.0334002729348991 -0.944742147109886 -0.113560564007608
-0.0282608912112041 -0.022098791289284 -0.369929729285656 0.653488375062381
-0.0311218375831304 0.0148590694258638 0.247763254502245 0.431952315869867
-0.00572343395230052 0.00576661996919405 0.250041689927733 0.0290073633489144
0.00691799435978177 -0.00266478881907827 -0.035547043574761 -0.194246253554122
-0.0101746832706355 0.0107853933972581 0.00992091279847691 0.171544648101842
-0.0150964116981822 0.0117929805657158 -0.199608192689282 0.0600954450861886
-0.0123483230223731 -0.00376882417788237 -0.33268192378293 -0.316673174553401
-0.0101285293945948 -0.0347465158047428 0.1264480760973 -0.632391487870598
0.0260002427685097 -0.0431719475621789 0.811309417394963 -0.247141033422737
-0.013493007298173 0.00979581109279819 0.679667812364528 0.639181637484907
-0.0225030854518685 -0.019444453001153 -0.0748094241668794 0.672649418332798
-0.0056583037043015 -0.0378170986085713 0.06014548499953 0.0961588325419751
-0.0021533585363168 -0.00613556498861918 0.3002469639803 -0.61106109182122
-0.0190609442382911 -0.0119978327819674 -0.392454888199674 -0.921629509682409
-0.00288541948537179 -0.0351693190097319 -0.941323675767386 -0.0705991032477491
-0.0247265266401745 -0.0300083895991685 -0.33288335097748 0.665920553524498
-0.0350603627321847 0.00894392454354129 0.26344078390866 0.422637645464736
-0.0147323152573697 0.00213513168448382 0.249092042118597 0.0189476815976357
-0.00214243626383174 -0.00203376150793778 -0.0378582809746061 -0.196607148418801
-0.0188030815370534 0.0139763974653204 0.00690439816617716 0.167631037716029
-0.0242452050297695 0.010276282141361 -0.205736566653228 0.0475301737453221
-0.0178580092402029 -0.0105039320434727 -0.315313164435542 -0.335131372199602
-0.00708454057500661 -0.0454406723819715 0.169287197761149 -0.625487839335771
0.0338032666023043 -0.0426931083126558 0.831008894873983 -0.196580226884634
-0.0137556760181221 0.0162245401593186 0.637211991641997 0.681013133000937
-0.0279516714231878 -0.0153662007817505 -0.107855436362976 0.662824777613696
-0.0129301762893588 -0.0349633150439515 0.0617307344941555 0.0808505212322926
-0.00929116348554396 -0.000736627041282908 0.273110822844513 -0.627067842589495
-0.0187564856714895 -0.00454823437913131 -0.446535282335697 -0.89234022306923
0.00170920314458781 -0.0353578515299137 -0.934385862403963 -0.0113674620307006
-0.0241006640184168 -0.0383156988825466 -0.286024476859453 0.68529916399867
-0.0383266363820369 0.00382052816648895 0.28633838926207 0.407620238168272
-0.0228561579188286 6.268973941553E-05 0.247091480983908 0.00718924547813473
-0.0109099175936106 0.000977788880091032 -0.0359046659711044 -0.199924446323993
-0.0233883915919421 0.0172330732430757 0.00731716940730135 0.162009936883564
-0.0310849130503782 0.00864193264624855 -0.206913649636455 0.0340680278800965
-0.0213652184198205 -0.0178165180466307 -0.294123399258608 -0.35076466464892
-0.0043644603109 -0.0542511863543336 0.218165777776199 -0.613952234868617
0.0423942640524894 -0.0396913619368892 0.848916937800805 -0.136885473192495
-0.0117747474612231 0.0242538692035575 0.587161162134518 0.725371961472759
-0.0318353206692397 -0.00798712147982731 -0.145963243881527 0.656082291051244
-0.0190236320097336 -0.0288623719725897 0.0626257177151109 0.0671545262484841
-0.0137471563487924 0.00955160221521291 0.236912951758688 -0.644095219666721
-0.015803560948897 0.00483334651802682 -0.506777373250634 -0.85245772541735
0.00480026251860292 -0.0365899960888803 -0.926670382690403 0.0585194944224754
-0.0258660264091157 -0.0435574963909086 -0.233852566087901 0.700791198194679
-0.0421101831355448 -0.000326536314619092 0.310122092185122 0.3920174338399
-0.0282865177550963 -0.00054440262826241 0.24679480734409 -0.0069116662355231
-0.0164753081011651 0.00332209923547835 -0.0351431232081127 -0.204339179571781
-0.0274900031624033 0.020985594078878 0.0087291802279821 0.154715849193451
-0.0342042527074749 0.00562390474826037 -0.207837146114096 0.020413218080454
-0.0223282198959766 -0.0244197279534401 -0.271872600240222 -0.366787796287935
-0.000487509400253155 -0.0597301490038626 0.263549000032983 -0.597282098943545
0.051277727609474 -0.0337157156067812 0.861018755105507 -0.0754020536128812
-0.00798992124916741 0.034385171258397 0.537897215848582 0.771457934192104
-0.0331938069835327 0.00306177253382479 -0.183255148750645 0.648910635814284
-0.0244678818625839 -0.0172000120032698 0.0604237952076765 0.0573842837368119
-0.0144696575888105 0.0220343818392447 0.200133440411296 -0.653187683929519
-0.00757902412146891 0.0138773727982986 -0.564341117675839 -0.804803862975628
0.00855649829619887 -0.0356859270581125 -0.914361319673201 0.12421380723492
-0.029865346306209 -0.0472973337936929 -0.182811270779236 0.715731834341128
-0.0441888629467595 -0.00221128701239842 0.333011602986723 0.376228386948219
-0.0315871756974567 3.29709453143305E-05 0.246771901567667 -0.0210065539351717
-0.0205923196709157 0.00783509886202765 -0.0312170578248786 -0.207491880154669
-0.0274199400852383 0.0231685905927266 0.0134306054981145 0.149075843196013
-0.032707546962441 0.00376798557531452 -0.204106452944833 0.0115816846091806
-0.020707998473733 -0.0276444308620218 -0.249633688563634 -0.376559304195417
0.0017409407917709 -0.0606728123197 0.298494285628321 -0.580607069589964
0.0576891226195477 -0.0274694829566944 0.865030982764923 -0.0221783733335856
-0.00260801393699687 0.0451173726270447 0.493283405555588 0.809742687694598
-0.0329268828623762 0.0152749008443352 -0.214463680487288 0.647446534075071
-0.0279915134931924 -0.00443520542561185 0.0560118619639402 0.0530832670816827
-0.0108082682458515 0.0358348169373519 0.169105755073093 -0.656449619692997
0.0025419034970337 0.0226447365587493 -0.607080149995356 -0.76467310653869
0.0101000263312919 -0.0343315824411927 -0.901927309972367 0.180687075359568
-0.0334463166442454 -0.0457728309466528 -0.141431740284791 0.724811708168952
-0.0441969899191416 -0.00154701254057931 0.35238510309886 0.362370656905943
-0.0305812709377923 0.00116305997552303 0.247775001204894 -0.0314793963142637
-0.0195620815954761 0.0113592294280459 -0.0276705504069013 -0.211810603849634
-0.0235472552459883 0.0259504352166288 0.017906125712408 0.147712641447195
-0.0269305255585815 0.00395722942150879 -0.198782306190529 0.00637135733817957
-0.0173468337760497 -0.0286161669564836 -0.231961768490125 -0.381711449251682
0.000735676554999908 -0.0573416962914424 0.320627158207152 -0.564594271373493
0.0620133184884392 -0.0206267057404297 0.865466059637951 0.0176969825351651
0.00437303270341566 0.0536017041171203 0.459320063371152 0.839322719547813
-0.0296259376744655 0.0278289264056676 -0.237494093725823 0.64966315923051
-0.0291109323188656 0.00809738298475767 0.0509546889507045 0.053774794753178
-0.00405074952828023 0.0480858529920686 0.147754264686428 -0.65221439093088
0.0129307035174199 0.0278687007893827 -0.631058271202604 -0.735529670756803
0.0126528198635446 -0.0315720130739071 -0.894630535344632 0.212403753561902
-0.0379023148924197 -0.0417136711210741 -0.115836560101893 0.728888557294405
-0.0418675226493835 -0.000770720162657121 0.363429843806034 0.352963882250572
-0.0258745965477489 0.00322242013767943 0.24924340158794 -0.0391046511928388
-0.0159278415249545 0.0144614592130403 -0.0239145588266639 -0.216744858041326
0.00527609306443927 0.00850767151431023 0.0165244013256798 0.174928871394852
0.00650672057937608 0.0104933576941627 -0.187191600508299 0.0766604761804446
0.00149701660916601 0.00440544713839787 -0.345708676120087 -0.293798263281926
-0.0116916821734873 -0.0144159009960606 0.0681097766577135 -0.636143180156302
0.0186571686517075 -0.0383666198249868 0.783909486626824 -0.304588532319313
-0.00310328693802014 0.00651937115093974 0.733963326746612 0.591527908188227
-0.00589813371622569 -0.013966211264236 -0.0304536583221987 0.694347184780231
0.00403135307754226 -0.0283679295431224 0.0509295278439296 0.123019060252592
0.0132577399091463 -0.00148404255898832 0.319707926485268 -0.582371670305708
-0.00762008751020888 -0.0147561244388953 -0.341649849784346 -0.942714262205164
-0.00998513786816896 -0.0299229538880305 -0.955252679911274 -0.123101022797806
-0.0334874396222012 -0.0142847789292414 -0.379724464012555 0.657043701671066
-0.0282001935351244 0.0206241996526196 0.248480719762519 0.436406186970818
0.00344048668543782 0.00988082834189263 0.255291198320422 0.030234572000214
0.0142110939754615 -0.0015636271309628 -0.0352633381959812 -0.192353493979392
-0.00220795401879491 0.00918486895208493 0.013389129324054 0.17572470370662
-0.00405251270597216 0.0115737783526084 -0.193220691019928 0.0725786717228022
-0.00525002777974963 0.00048679860169667 -0.344305456856049 -0.301234302661365
-0.0112878434252574 -0.0231545603750008 0.0858456797922545 -0.637869231563022
0.0203890436460144 -0.0413889116807805 0.793628047868704 -0.289986286785873
-0.0100798641524029 0.00660864561328901 0.717645745332834 0.605135240103531
-0.0146596556366534 -0.018884836977192 -0.0430223511753713 0.683526570448682
-3.95139397462623E-05 -0.0361199440936273 0.0572788640175341 0.110372573416632
0.00674589436080838 -0.00695328912518889 0.314113466136873 -0.598105525690563
-0.0153142137808321 -0.0155408383607248 -0.359509912449776 -0.93775095217812
-0.00763054033213595 -0.03251492366218 -0.951593668185807 -0.104688866954603
-0.0286028395666233 -0.0226436214490602 -0.361742203652653 0.661776609153083
-0.0311356425220161 0.0158808221447123 0.255531219115535 0.429521986397295
-0.0057289083857243 0.00737402163350071 0.252079202501035 0.0250691402499144
0.00607022001213365 -0.00172357353361628 -0.0377898006086959 -0.193905625406488
-0.00953695110918494 0.011341717301534 0.0120706185224988 0.171817418632212
-0.0142467885234769 0.0123214495996283 -0.198892430731131 0.0633632810695017
-0.0122349589360587 -0.00432640782249948 -0.335824935468233 -0.312878243358976
-0.0104537805887346 -0.0345325051477103 0.118752792565158 -0.636680380105515
0.0250602868725717 -0.0438938929281633 0.809269221599878 -0.258581427452894
-0.0138617373595457 0.00967640476148101 0.689272272746818 0.632149758680918
-0.0219687569108641 -0.0199537412917555 -0.0658690056695875 0.674965994345623
-0.00612127517635905 -0.0382934118913357 0.0616643552620011 0.0953970802886289
-0.00165158583603137 -0.00671691513073751 0.294590639684812 -0.615069433867171
-0.0188012730844803 -0.0107175945431301 -0.402497670820291 -0.921201017322503
-0.00345846193860541 -0.0343442505151895 -0.946056090294523 -0.0589336210014593
-0.0248966532748418 -0.0303805779111054 -0.325374297611606 0.674088552886242
-0.0351755772832826 0.00983170799029868 0.272194803886965 0.419298781786521
-0.0152025478004237 0.00295540036316747 0.250538407770568 0.0151795297490908
-0.00214700632697688 -0.00151570235379334 -0.0403713596093969 -0.196993799156225
-0.0180649467129283 0.0148162582114721 0.00825416115922869 0.168629727629963
-0.0233872007339865 0.0106522010647208 -0.2042365109735 0.0510357347961655
-0.0181589160905568 -0.0110126476236948 -0.321122980928204 -0.33094906332397
-0.0076709226221499 -0.0454180721398951 0.161661048264977 -0.630358574733884
0.0329802846061906 -0.043456818208772 0.829857449745557 -0.208388157896009
-0.0141269497450542 0.016067299719964 0.64765637489503 0.673165359404573
-0.0279930147048693 -0.0151540725281618 -0.099926410927254 0.666352579222178
-0.0135757412412882 -0.0353627994166007 0.0637439198470271 0.0806068842673041
-0.00839053453042163 -0.000467145727773139 0.266133987941204 -0.633617712182857
-0.0190429430834089 -0.0035570928538584 -0.457983101915336 -0.889265466111346
0.00128955519387658 -0.0358388279439174 -0.939107819913445 0.00145315554156306
-0.0245535707179561 -0.0384509692323294 -0.278027362031407 0.691166108780939
-0.038636337168659 0.00351736621009095 0.292074817746537 0.405807679089983
-0.0233745849290424 0.000958168838134436 0.248880169564716 0.00363447170787564
-0.0106377305166772 0.000688061715172377 -0.0385717508913466 -0.199783532744654
-0.0231167663187177 0.0179894376217538 0.00931781980795781 0.162772374807796
-0.0312203856046936 0.00890555354300747 -0.2068065653577 0.0374787565613079
-0.0215227604469825 -0.0179527650256633 -0.297359989471603 -0.347051134211896
-0.00435711731004999 -0.0542218118355738 0.210847231088041 -0.618834304600214
0.0419727704732995 -0.0403026310641581 0.847849627900599 -0.148795066439466
-0.0122092579185197 0.0245111749554586 0.596909860010878 0.719093564319717
-0.0313476829203506 -0.00866646172669089 -0.137681182533297 0.657919075862408
-0.0194408633982287 -0.0288143379062951 0.0641968741993757 0.0675105239413009
-0.0129559048859119 0.00890083948689896 0.229952586706953 -0.650215194817978
-0.0151713580639554 0.00637277179422115 -0.518812851275339 -0.848706814142806
0.00455213332197866 -0.0360939078203891 -0.930927950560056 0.0721157229739093
-0.0257006592154052 -0.0440092371786447 -0.224933829613935 0.70690392675944
-0.0419828034125995 -0.000171308594056289 0.317096231937138 0.389511990444072
-0.0289973027440278 0.000745580818873218 0.247745413427292 -0.0110552427946357
-0.0161986732335436 0.00373785635447705 -0.0376675639512777 -0.20465290230924
-0.0270878014903221 0.021253749482857 0.00973223417937274 0.155471066226913
-0.0333280442831628 0.0058259442073621 -0.20700608690915 0.0240313512456245
-0.0224080204231717 -0.02354651839186 -0.275456066808956 -0.364777161397033
-0.00112055451715744 -0.0598271160078625 0.256549847119185 -0.603970681649476
0.0507159058638121 -0.0347458396630882 0.861688175162193 -0.084880539804748
-0.00754343714832689 0.035217521305375 0.548131025968196 0.766607309739091
-0.0326042827254517 0.00234281687440966 -0.175541105115134 0.652827391023044
-0.0251572122357145 -0.0171758377960419 0.061060562556465 0.0567475995491189
-0.0132669419641824 0.022122766873522 0.191462202663183 -0.657255371870902
-0.00731614174390774 0.0154482100623828 -0.577850569268595 -0.803147719584763
0.00791697240205835 -0.0359443624148919 -0.918786818372241 0.138367503970262
-0.0304556822306655 -0.0467827019123322 -0.172815981538408 0.719227134491096
-0.0442821555416174 -0.00125491525922288 0.340048297388501 0.372522781556524
-0.0315082322159159 0.00114596187565316 0.247644505369517 -0.0252774080744578
-0.0197784492641889 0.00806345274738209 -0.0334538557152776 -0.207496223000575
-0.0271687745387492 0.0248579718320114 0.0146040146983311 0.150062181432307
-0.0316680293944796 0.00465786841030985 -0.203805467505941 0.014474248797114
-0.0205499228572664 -0.0275670084455144 -0.255457438052705 -0.375513654885989
0.000988481643765475 -0.0609012534199249 0.29125837477303 -0.586736306147838
0.0575552362432558 -0.0277731357287049 0.86705777139216 -0.0327522180537067
-0.00279365086867412 0.0458708789530454 0.50314992542097 0.805878322079929
-0.0326572461739558 0.0151853043535739 -0.207300553992042 0.651720497887918
-0.0283134545782154 -0.00466766398149191 0.0566212205332753 0.0524240804201668
-0.0099897986082389 0.036248341734727 0.161063236786521 -0.658949271365017
0.00280466882781355 0.0230587472557296 -0.619961755939911 -0.761373254736729
0.0104280003075182 -0.0338261517182642 -0.904750578289169 0.189910071539195
-0.0349521988294376 -0.04625242631941 -0.132751408141844 0.729433675176378
-0.0443879111406524 -0.0016563170140065 0.357868071149384 0.359494211734058
-0.030465512078272 0.00211537983089877 0.248763834437955 -0.0360304563854044
-0.0195757682810423 0.0117988913680479 -0.030588105904051 -0.212292907880512
-0.023215743465565 0.0272217399157949 0.0194275803110218 0.148222679262824
-0.0269327544608834 0.00338991066454593 -0.198932673853025 0.00923000851886029
-0.0181391605741487 -0.0287021388270611 -0.237248528398847 -0.378417077063705
0.000991955348058808 -0.0571047061906127 0.313215685958616 -0.571098314306551
0.061634613952598 -0.0214401764199679 0.867033699678131 0.00726781842045832
0.00407574642460069 0.0533697192286846 0.470709697793746 0.833252988547977
-0.0301544195236041 0.0278430777402932 -0.229078698971283 0.655316203876565
-0.029001147619229 0.00808302905268431 0.0508120031722663 0.0533519723023018
-0.00288233867958656 0.0477209423917351 0.140851361105116 -0.656242413947381
0.013154411651405 0.0282863834717585 -0.642931969393787 -0.731436330654701
0.0115350216920381 -0.0318658742742809 -0.894791066967699 0.224902100565739
-0.0386217584035901 -0.0421534425122211 -0.106212477697448 0.734360931454905
-0.042888365446206 -5.7845767535784E-05 0.370966920824516 0.349072429792154
-0.0257048570795079 0.00403041501794188 0.249032156237223 -0.0425653004464023
-0.0151965171927767 0.0141678698477873 -0.0267812548692875 -0.21728793862508
0.00579086728087429 0.00837621105040825 0.0178342321196671 0.175548335643567
0.00755873445910609 0.0106134422468011 -0.185025461679932 0.079435923688887
0.00160328924584776 0.00429284338893281 -0.349072360565019 -0.288393742006104
-0.0116750432473441 -0.0137229930122846 0.0593846960210672 -0.638713675958571
0.0178556618816455 -0.0383269060901191 0.780075139242339 -0.31523812198618
-0.00375856865359107 0.0066448685714918 0.743270188425496 0.582426612431327
-0.00596675015519417 -0.0144335190981527 -0.0214307559505578 0.694776294230204
0.00343200301642645 -0.0286475482728455 0.0531261203422227 0.12219312695522
0.0141083191557289 -0.00227159685449806 0.312218073284526 -0.584256103110395
-0.0077967258822435 -0.013459467783168 -0.354318399748205 -0.941503996606528
-0.00979983749092806 -0.0298348375669726 -0.960298706433601 -0.111534161877068
-0.033345816613014 -0.0138051561501866 -0.371368873318427 0.663913778240317
-0.0281978737796173 0.0212887977342447 0.254917232018844 0.434859768143477
0.00390249748559828 0.00992640493445337 0.256000357020265 0.0264621032331167
0.0140590484263626 -0.0015783507107928 -0.0372431556129811 -0.192204091954071
-0.00148195914729548 0.00955935782842128 0.014799471038417 0.175987884392809
-0.00348774452517728 0.0117485598762539 -0.191492438419533 0.0753409631058246
-0.00508348337697993 0.000236405333616397 -0.349161266395465 -0.296392682851169
-0.0113896421132697 -0.0232735496312159 0.0766025377685029 -0.640728458497606
0.0191363054834616 -0.0417551488362919 0.790611860311089 -0.301255365408506
-0.0107500563683969 0.00671164629442669 0.727240906030386 0.594227484347548
-0.0142840791003689 -0.0192963671133305 -0.0336144621513254 0.684450994276551
1.71573893658315E-06 -0.0366746928854511 0.0594511472453176 0.110302930341567
0.00695992401690241 -0.00834043605683554 0.306395514908066 -0.601471190355661
-0.0150266549998615 -0.0142573870398899 -0.372896119182248 -0.934847806103433
-0.00771770458276271 -0.032904489791653 -0.95459643034459 -0.0922449590919728
-0.0286137403416229 -0.0219318801518866 -0.352303162476132 0.667687411132105
-0.0315387178279944 0.0159224776526638 0.261690900595895 0.428510350075457
-0.00639990108744126 0.00678071095553842 0.253285177086834 0.0213524478986531
0.00580683151274699 -0.00185689644949695 -0.0399759059406703 -0.193408909739593
-0.00976332601184014 0.0118974607284874 0.0133873827408978 0.172934931370647
-0.0140688467713581 0.0119349430203531 -0.197292177414396 0.0667025865970539
-0.0119892356243487 -0.00457599901380158 -0.339702418049908 -0.310281750566511
-0.00960301999649249 -0.0340990959862855 0.110315400386393 -0.639699377511169
0.0245693471588248 -0.0442899937006868 0.807299781384101 -0.269911679311586
-0.0138100512458486 0.0101719015127425 0.69742935813735 0.621873175512272
-0.02195734803135 -0.0198249906321832 -0.0570846606450021 0.676296713135115
-0.0067606547013913 -0.0386861133242743 0.0637674948196842 0.0947969400952933
-0.000752224421752271 -0.00696690494307284 0.286735862937974 -0.621332381714193
-0.0190727784618997 -0.0100803802072055 -0.418378006364039 -0.917680810470177
-0.00387238804042406 -0.0350565465086194 -0.951144620890331 -0.0458566334516912
-0.0253559124096622 -0.0305445308921458 -0.315693622421027 0.679786086852951
-0.0354469147781191 0.00986749756205145 0.279900591186227 0.417983150500351
-0.0155799782403789 0.00327411548366786 0.25098244311968 0.0111736556093844
-0.0021728955792197 -0.00183877882744659 -0.0431531526477224 -0.196404075201093
-0.0177164552136027 0.0149291034465281 0.00974969430415088 0.168544047550617
-0.0231758568938511 0.0112763121554984 -0.203550934718939 0.0551729353064252
-0.0184259221125526 -0.0106789329867607 -0.325235928324076 -0.32691560809663
-0.00778627301798595 -0.0455251565570072 0.152552141826259 -0.633271068707838
0.0319867845679054 -0.044593292440507 0.826164657227307 -0.219774930614072
-0.0140830106283457 0.0163702453085192 0.654455482244485 0.665911950395887
-0.0276930821961811 -0.0157700530725962 -0.0930804786399364 0.66822592833712
-0.0135079991276192 -0.035763248612338 0.0648379687803401 0.0803809350563812
-0.00834679962869447 -0.00156697267761634 0.256643924002854 -0.637662284367469
-0.0191941449251679 -0.00256738710947234 -0.471032983214995 -0.884824059517586
0.00056841667979464 -0.0354832205375012 -0.943498283708686 0.0130212775162588
-0.0247157291504778 -0.0383606690562875 -0.26753590189228 0.696861006325594
-0.0392165347288567 0.00371535809426016 0.298736461039437 0.404282648061436
-0.023902283552886 0.00155290814028542 0.249211176738975 -0.00063757340916603
-0.0107955941678632 0.00151496167459442 -0.0415123788319509 -0.199683200327658
-0.0227345446827343 0.0186235142854462 0.0112017266484635 0.162430015756942
-0.0301335671776321 0.00943508802544048 -0.205587028520462 0.0408256349003996
-0.0220751803868043 -0.0175142542894729 -0.30457839734027 -0.344260681080902
-0.00512996041205505 -0.054253928134908 0.201792701457098 -0.62287217554725
0.0404516174579589 -0.0415431202543988 0.846151694788826 -0.158613176705298
-0.0118749047517234 0.0247420049343742 0.606339006478315 0.713403545399697
-0.031575101598245 -0.00862103110614798 -0.129151439925737 0.662241760242855
-0.0194980118292688 -0.029043936050311 0.0647745537745864 0.0668610446665229
-0.0121622917392996 0.00908408763055417 0.221284275747073 -0.653339127741719
-0.0151580362559061 0.00585438029053284 -0.532768303171698 -0.845524281311158
0.0040821938020775 -0.0358898707951072 -0.934103712220232 0.0850092494029848
-0.0265942973499744 -0.0442391360172924 -0.214601283393574 0.711769380671723
-0.0425900002583143 0.000819032015455749 0.324513732104592 0.386506429206371
-0.0290717383660965 0.000980276585544424 0.2478060456368 -0.0146525142847299
-0.0165222468003586 0.0040357776017626 -0.0404936453810581 -0.2045404943793
-0.0270033712921133 0.022437799397938 0.0109698731184775 0.15602896969173
-0.0332252507847582 0.00655306525962593 -0.206497626592344 0.0274020509518487
-0.0228107677358436 -0.0240050968136125 -0.281019892893137 -0.361721293293261
-0.00157868386387401 -0.0592062307192483 0.247932358543738 -0.608232254514258
0.0493192227036056 -0.0359113948300386 0.861483812246088 -0.0973765993514309
-0.00756441996565086 0.0352767779432239 0.558328009348902 0.760208731489226
-0.0322412327191069 0.00256626561945057 -0.167335032122774 0.656499378760322
-0.0252853368742541 -0.0179800538840713 0.062397724861122 0.0564764212425366
-0.0126341406702394 0.0220983053777411 0.185527545893651 -0.661109518609073
-0.00713639600755198 0.0155875082870632 -0.589432883448831 -0.796141069932142
0.00739158636991305 -0.0358017559701681 -0.918664301820754 0.150750303696935
-0.0310438757981 -0.0473323089207685 -0.162943081971502 0.724154607777145
-0.0446274470387872 -0.000411258557255661 0.346484571604441 0.369867066853257
-0.0318579965449047 0.00169685389549182 0.248231014351685 -0.0282860938493082
-0.0201994331423048 0.00899385834692622 -0.0365180219250566 -0.207819470754112
-0.0268312792497396 0.025151304224121 0.0161416395138564 0.150523532474539
-0.0316937078905022 0.00458616620319329 -0.203031387646155 0.0177426295651734
-0.0215739742088159 -0.0284463473893935 -0.259496696297638 -0.371239109535881
0.000573496445568341 -0.0608352788179405 0.284261803964495 -0.592190213627603
0.0569719032686855 -0.0289526424706225 0.867144081719039 -0.0445963406522833
-0.00190407279927965 0.0456684708714654 0.515759535074208 0.800352046017247
-0.031390578750691 0.0149346624151465 -0.199336871775134 0.654987742466824
-0.0284718586925997 -0.00458249522654135 0.0569375915792945 0.0522793145312978
-0.00838732986048827 0.0356194057370451 0.152682109788489 -0.662116811832365
0.00341016918824636 0.0237466828810244 -0.630965690249503 -0.755402127054887
0.0100065418419585 -0.0342387245042891 -0.905496572322855 0.203329211403026
-0.0357854886408217 -0.0461383153523651 -0.12151351312313 0.732898560759911
-0.0445679233572796 -0.000808282763800103 0.364420265024548 0.354927693836201
-0.0308386719437354 0.00339935823043794 0.247998148971211 -0.0400194844482943
-0.0194702972997715 0.0126872085921766 -0.0330119695631143 -0.212474121841248
-0.022489372795574 0.0280813198320877 0.0212093831134391 0.148769995027542
-0.0266810019148892 0.00388950861190888 -0.198703154668212 0.0121519607853131
-0.0184801539290876 -0.0290416882052729 -0.242724674814624 -0.378391105311609
0.000651975480858836 -0.0574968100684228 0.306281281732448 -0.576336185040965
0.0603610233847145 -0.0223042142975489 0.869050148339226 -0.00399694421841864
0.00488554729630183 0.0543594125626939 0.481854183433838 0.827970449965373
-0.0292461560500565 0.027019147834166 -0.221120403496287 0.658459415573505
-0.0288574351465714 0.00830614939944578 0.052138126819476 0.0529398804977019
-0.00143519916162504 0.0471524221507309 0.132278270788728 -0.657913426918308
0.0147850716530094 0.0288729821887621 -0.653601748655796 -0.725523385208119
0.0118121633846933 -0.0311841162479235 -0.895361039185699 0.236783327281335
-0.0390482305442025 -0.042029744922616 -0.0968196830991195 0.736185236878426
-0.0428744839964282 0.00025289531236132 0.376501117837636 0.345412539220398
-0.0258457244352756 0.00489187856985882 0.249790976591968 -0.0473044713039741
-0.015021966121497 0.0149441293723358 -0.0300989312003671 -0.217606200478252
0.0061278381892271 0.00915639018170985 0.0197649557383967 0.175596999325361
0.00748460766178966 0.0103210542625163 -0.182569956102424 0.0826434093691898
0.00215187372165841 0.00363925267915215 -0.3538498503969 -0.285526916314736
-0.0116306790364185 -0.0138484125919845 0.0489269198058532 -0.639671969007197
0.0166562080743059 -0.0388222803438074 0.775214218784954 -0.326973020340751
-0.00339001584562104 0.00628971561694974 0.750459585608028 0.571175561865805
-0.00569017093549183 -0.0151978692891134 -0.0113141158594404 0.694708597030406
0.00305861738430238 -0.0291310581020521 0.0554946537376928 0.121661473389137
0.0144615936043787 -0.00300462235003905 0.306224986343244 -0.590366261379364
-0.00786429597357659 -0.0127391587893923 -0.366572868744215 -0.934931959888807
-0.010312571656851 -0.029332097572637 -0.960569391209748 -0.0977833937964627
-0.0334709126412725 -0.013792691406773 -0.360863922813928 0.668960274210136
-0.0277654061700254 0.0219191320282607 0.262934482706112 0.4309738154929
0.00333077435718641 0.0108388886587411 0.25698720944756 0.0224854968593067
0.0142056795269623 -0.00168653141208637 -0.0392331715302002 -0.19140470524407
-0.00112974709467782 0.0100289160825674 0.0162754575764199 0.175365806666235
-0.00293388712703972 0.011716642464474 -0.189532830236255 0.0789653611749701
-0.0050022748946051 0.000494681526907901 -0.35197098158602 -0.291932471495832
-0.011177253511681 -0.0227278270401704 0.0664083326221715 -0.639991438912625
0.0184226269574855 -0.0421997684330095 0.785015919397587 -0.312252066889165
-0.0102873185125383 0.0066147276472302 0.733389365119761 0.584382764772083
-0.0146396329876816 -0.0206990264164564 -0.024003908441908 0.685303354502577
-0.0010344414400228 -0.0372580852378892 0.0605586993430804 0.109104636475862
0.00723715520081761 -0.00870625581564067 0.298287984825731 -0.606074679497459
-0.0144893252226482 -0.0137687495577577 -0.385088464814386 -0.929725382144696
-0.00811653041093673 -0.0328671435806218 -0.957158763258106 -0.0777483733819021
-0.0290623671965003 -0.0214942660986728 -0.342102925822532 0.672950027836838
-0.0309643785040748 0.0169544070556158 0.270144325694403 0.423629402978325
-0.00611378731452101 0.00712955178523097 0.25346884557007 0.0175722080390965
0.00608743243306245 -0.00151648343195937 -0.0420338459412014 -0.192752886892467
-0.00911875779522068 0.0124376184968337 0.0149746226581288 0.172864494042857
-0.0135783820143216 0.0118291737491691 -0.19575080578188 0.0698686413001261
-0.0126130739387532 -0.00411904742890794 -0.342826967777725 -0.305431890819944
-0.0102902527609739 -0.0342804874742619 0.10098518887901 -0.640000750477009
0.023503506430852 -0.0450772284048519 0.802344202210683 -0.28012287468604
-0.0137779830696663 0.0106229794882103 0.705534431598041 0.611528332795351
-0.0224086101270735 -0.019925737106629 -0.0463801189452236 0.677041656128287
-0.00683109905184684 -0.038869969422364 0.065222641625956 0.0938096400007112
-0.000635417650292704 -0.00771218176707492 0.279820038127793 -0.623409376134301
-0.0189980668970195 -0.00938143187440395 -0.429831077753175 -0.91103621822777
-0.00441641049670394 -0.0342795193698596 -0.951623886139846 -0.0331534877762841
-0.0258169150778787 -0.0311239798433587 -0.305516503134853 0.686751341640482
-0.0357755817072087 0.010969776358026 0.286190668922844 0.414633109727557
-0.0152556692338677 0.00452952218366173 0.250759182676415 0.00765168222715701
-0.00175872975008472 -0.00110503318737597 -0.0444812462088277 -0.196217864081293
-0.0167929318426037 0.0155727924826053 0.0114938236227028 0.168531075991889
-0.0229325843855763 0.0105956535826453 -0.20113515217299 0.057487549408171
-0.017782441977103 -0.0106014064347111 -0.328330336974563 -0.324000482108661
-0.00837407842650571 -0.0450340719757278 0.143834830413466 -0.634242712762951
0.0311957779451056 -0.0449684838711687 0.823084602678482 -0.230354938661204
-0.0138129452528522 0.0172444550613897 0.663201850714454 0.656265689001598
-0.0278835578610123 -0.0161454366596495 -0.0822383865230534 0.667589748259311
-0.0143766850700094 -0.0356528320622214 0.0661125784765256 0.0790868955914163
-0.00735942891526988 -0.00121875393349358 0.249962132655016 -0.639713387853486
-0.0184059316518608 -0.00157273175024797 -0.482501187947928 -0.880078232904047
-0.000100927851745184 -0.0352330342944485 -0.942520730290228 0.0276001848822845
-0.024829333284611 -0.0386190287551588 -0.256847412580737 0.701514754118648
-0.0388895144420899 0.00481406530060578 0.306266208143292 0.398267351091311
-0.0233016383650844 0.00205455297015724 0.249240336728623 -0.0048824031676133
-0.0104249315890443 0.00183570767543208 -0.0438871227204157 -0.198944842254188
-0.022082205964788 0.0191246982568367 0.0124945921647264 0.162876817928156
-0.0298872577703654 0.00942661309362209 -0.203878222558436 0.0437511982783179
-0.0223761594254887 -0.0177014262318042 -0.307600300990364 -0.341218049914862
-0.00509850912599025 -0.0535912885321193 0.1928352838244 -0.625721496840336
0.0396412872971334 -0.041661255533935 0.844804330127453 -0.169523627197384
-0.0116850367268459 0.0247025750445646 0.616508377265827 0.702829533516378
-0.0309271935323156 -0.00867783865899227 -0.11849999480275 0.663592797049116
-0.0199807535274348 -0.0288340710111243 0.0659009457798225 0.0659024939197178
-0.0112983014415344 0.00910647970003858 0.213990413401048 -0.656064185805253
-0.014756000729348 0.00743593623661083 -0.543566927172953 -0.83778448203785
0.00338563094964187 -0.035916180931896 -0.932077312992306 0.0976821321034693
-0.0278891252649495 -0.0440471803662302 -0.204121405311212 0.715052470295515
-0.0425519826155369 0.00191711205342543 0.330571917722618 0.382144868821894
-0.0289626346348141 0.00186424954793651 0.247610517741306 -0.0185931314801913
-0.0159823533163585 0.0049349533313153 -0.0432114658421877 -0.203594521883925
-0.0257469167366835 0.023628349164309 0.0130513366695379 0.156072666318833
-0.0332473824866081 0.00697907110745211 -0.205462382500966 0.030590300680572
-0.0229659415640668 -0.0238329804140698 -0.285671616317812 -0.357005341370924
-0.00207413057180146 -0.0595305675250519 0.238638927237403 -0.610330344957428
0.0490960267780942 -0.0372639670270723 0.858950113034252 -0.109898957111214
-0.00708977582357628 0.0356976218499201 0.567120067061586 0.74977403153879
-0.0320121876024319 0.00246613935259439 -0.159414830435044 0.657636351129978
-0.025219243384425 -0.017878196566712 0.0634859375922929 0.0561737074596214
-0.0116159566721491 0.0219181852810299 0.176914478848028 -0.661871947532338
-0.00623275460627003 0.016596776339418 -0.600310341995514 -0.788364607354724
0.00701969738745931 -0.0352840630071939 -0.917437653702601 0.163920205542889
-0.0317370198183902 -0.0466135396973214 -0.15093381490846 0.727616144877126
-0.0450108816034332 5.77478480264602E-05 0.353530945428644 0.364300818237591
-0.0321340545028589 0.00260219962780936 0.247412865766206 -0.0327600636641568
-0.0197103934070613 0.00969237592433735 -0.0392393166519242 -0.20774609246674
-0.0255756290233512 0.0260143543385821 0.0169850480364517 0.151158089620131
-0.0316129903893442 0.00478530571121194 -0.202514486235063 0.0211574576256301
-0.0212687562976401 -0.028142191892553 -0.263870241546031 -0.36910998973236
0.000298894368418605 -0.0604390033958389 0.275145735814822 -0.596613034416782
0.056432459180005 -0.030121411345251 0.866823113121404 -0.0561839459808877
-0.00122447367593854 0.045653858277854 0.525351590553141 0.792416852728532
-0.0312184951615357 0.01511418408909 -0.189286601573402 0.658058176926364
-0.0278530208038373 -0.00434934701826427 0.0586172902907791 0.0510229529265865
-0.00822964536238604 0.0350634583436075 0.1461789231614 -0.662076022701237
0.0044352973094571 0.024308125768962 -0.64201779276877 -0.748105136261364
0.0091627525392483 -0.034245017337764 -0.902602009586108 0.216755791011697
-0.0356926491458301 -0.0461440415983393 -0.108812375981169 0.734124350205959
-0.0444718758883974 5.52421564161461E-05 0.370473804801663 0.349191201875183
-0.0307354107959155 0.00399696510525369 0.246977215063962 -0.0438462139473594
-0.0193347810801705 0.0130118186052545 -0.0360929548603302 -0.212427930274321
-0.0209593455369721 0.028339529697411 0.0220708445189085 0.148281865614546
-0.0266859829274273 0.00412759099341028 -0.197051261395733 0.0157265072134963
-0.018044333038313 -0.0288702862764202 -0.246369044242102 -0.375519970066458
0.000559019055450355 -0.0576214083173607 0.295731702636403 -0.579768345185044
0.0602389403893298 -0.023509728391762 0.867881641450776 -0.015459358728052
0.00479014860580487 0.0541993249048025 0.490732998157617 0.820852722446489
-0.0282744711570027 0.0270065648353576 -0.213642832994902 0.66159250932787
-0.0281578055368114 0.00795752312317254 0.0533070838702393 0.0520537608125811
-0.000307049097185909 0.0461613545763916 0.124327782393337 -0.658946586487213
0.0153485584051936 0.028456236675116 -0.664824461632014 -0.715582315683795
0.0103509205185964 -0.0308621739776741 -0.892180473012333 0.248963854877369
-0.0392279845456308 -0.0417677483069357 -0.0846564942552114 0.739814888948655
-0.0432334293147302 0.000903041509417678 0.383233599278599 0.340255262908227
-0.0265157623747998 0.00507849043243018 0.24803464473389 -0.0506805837905703
-0.0146719218445506 0.0159693338214358 -0.0322637908060671 -0.217093271066374
0.00615089401629101 0.00923650573359963 0.0219499814048385 0.17558932186174
0.00818333292543262 0.0101865047993054 -0.180599901084929 0.0853488804037181
0.00219252481045212 0.00386512657027332 -0.355668818090469 -0.278971026848435
-0.0110109619436144 -0.0131347337528601 0.0387704605819998 -0.638142205393648
0.0156435310230944 -0.039377957585809 0.766654379239049 -0.335484860918806
-0.00367725562821694 0.0067015956838355 0.754516157960147 0.558352129700982
-0.00569574609967302 -0.015398732745546 -0.00219919662070986 0.692550518741996
0.0026664704047242 -0.0294696249971253 0.0567857830258707 0.120656716132897
0.0144488906633913 -0.00393767438923612 0.296642455903861 -0.59131498987402
-0.00736588555277608 -0.0121941964198895 -0.378763793510928 -0.931780205864733
-0.0107398689037229 -0.0290377691905689 -0.961686925840005 -0.0836993168657965
-0.0332587527382395 -0.0136398390288379 -0.35031855215316 0.674253721316145
-0.0277643377305954 0.023024969267975 0.268808981563061 0.42682961156045
0.00340042482299011 0.0106251770204714 0.256902781343545 0.0185602559856709
0.0140164033245178 -0.00201775936666126 -0.0416000267735018 -0.190285492610199
-0.0006658354994411 0.0102587623077447 0.0186926980533456 0.175560712743325
-0.00227359714164965 0.0114386841915871 -0.186858345099528 0.0817349214851879
-0.00496435560619927 0.000157109919326414 -0.355360032305602 -0.285678926595658
-0.0111776065830276 -0.0220489526458981 0.0568059737551099 -0.640054107617399
0.0175036958600629 -0.0429405495297569 0.777931129489769 -0.322523392852624
-0.0100448001403807 0.00729886266706275 0.739804898634058 0.57180326625414
-0.0146595274946198 -0.0204369444704916 -0.0150298525800719 0.683941645163179
-0.00106147923422385 -0.0375089898933268 0.0629464497606938 0.107899152866535
0.00800448328689403 -0.00928646385903879 0.288663764907834 -0.607105477771971
-0.0141959080454903 -0.0126012562909861 -0.397883556758003 -0.920348578548009
-0.00840697659662188 -0.0317569026186312 -0.955617392745284 -0.0623764632044423
-0.0288227225447278 -0.0218512480330331 -0.331742718947227 0.678109281823163
-0.0307928116797404 0.017476409066604 0.27441915174229 0.419019660250249
-0.00610994808687755 0.00790404828506252 0.253795306898629 0.0130465581549667
0.00632619476328107 -0.00166415375111811 -0.0440394220914896 -0.192003160157636
-0.00892274619522855 0.0129157970778109 0.0167323524203475 0.17355104876751
-0.0130050673987492 0.0118161192084384 -0.192702716109561 0.0725278440832427
-0.0123501628368305 -0.00435029194585754 -0.346636033362988 -0.300643653031803
-0.0100727031908841 -0.0335235876642955 0.0908762162133501 -0.639585249467749
0.021813981185433 -0.0451535089000151 0.794551362301638 -0.291489637403863
-0.0137765886804621 0.0104045534969704 0.711490171383471 0.601282505633135
-0.0220166782888059 -0.0203705536885422 -0.0383409239079782 0.675816242045393
-0.00764099123283091 -0.0390222543205386 0.0661279639213092 0.0937002085120499
-3.8012884416537E-06 -0.00886835192725697 0.268579448172373 -0.625141973602589
-0.0184615649750395 -0.00848857138358746 -0.441673279185175 -0.904085581958385
-0.00516736168534554 -0.0339679471024735 -0.951527441178984 -0.0195298176669919
-0.026257858530135 -0.0303879958488431 -0.294311818549876 0.689439389918347
-0.0353451766675513 0.012184054957105 0.291433708584158 0.407800415345977
-0.015399323563024 0.00490547877512141 0.251171742743443 0.00310631049081757
-0.00182689046372192 -0.000893877565151521 -0.0475888442964096 -0.194274205111758
-0.0157473304215242 0.0161814522659584 0.0137411333743551 0.168875928309508
-0.0225797458550035 0.0113737414822423 -0.199573295196965 0.0614123267911719
-0.0182107867369329 -0.0103574157495106 -0.331431174713194 -0.318131642376399
-0.00800197211967187 -0.044323821058006 0.133140996020754 -0.635232445005129
0.0300053921253407 -0.0455399401574389 0.817423401984622 -0.241986380329941
-0.0139268385145023 0.0176596701525707 0.669872641771577 0.644141663706675
-0.0273906790611961 -0.0158527986257804 -0.0729212952519027 0.667431966398615
-0.0150398614843876 -0.0364533943516224 0.0677005298470575 0.0787203479432265
-0.00717542027536432 -0.00203554102600181 0.241237797757018 -0.641056997920369
-0.0183099525247499 -0.000762876936695085 -0.496429646001347 -0.870698536146378
-0.000102317961463221 -0.0352397258870486 -0.939575872732413 0.042058338081129
-0.0259891044066924 -0.038254825064929 -0.247435279341249 0.705156983230088
-0.0392696316205261 0.00619754100581991 0.312830053309923 0.393756033632356
-0.0226137710000906 0.00266024936906211 0.248693301652286 -0.00794467832675409
-0.0106769998526236 0.00167657832201886 -0.045756536562269 -0.197999314004574
-0.0213167911430788 0.0203808218639846 0.0139176445235525 0.162831950923109
-0.0291864625344852 0.0101495071425503 -0.201685480971668 0.0473157738259342
-0.0219218118481278 -0.017469957419174 -0.311705681729687 -0.336063725989027
-0.00565282213378345 -0.0539159523163547 0.183514171530492 -0.627501006315066
0.0389996530502025 -0.042824901446888 0.837417585539039 -0.183686578167915
-0.0120852087771404 0.0253236616238503 0.62448285151821 0.69350413190358
-0.0305700591774225 -0.00822063643997125 -0.11064939322922 0.662226352219212
-0.0205299562134092 -0.0288445550039672 0.0666187521454481 0.0655447269453602
-0.0107690103391538 0.00850852756477818 0.203832671408952 -0.65624837777939
-0.0147382102833411 0.00812976887158817 -0.55555336678751 -0.828777405727495
0.00366131469713355 -0.0359661326778116 -0.929825137433885 0.112725541342336
-0.028421030223108 -0.0446727371562372 -0.192442744285201 0.717312232965555
-0.0422991939351092 0.0023648959175553 0.336684066210764 0.376588048878767
-0.029594879096931 0.0029176460814955 0.246895542035239 -0.0221979215778851
-0.0158515015880275 0.00537466507930979 -0.0450413129412737 -0.202658211533252
-0.0254437631474531 0.0242096953430183 0.0150406061423381 0.155808925795587
-0.0330889027541902 0.00743079097024687 -0.202475961694812 0.0334341291576694
-0.0232007990586322 -0.0237850526466543 -0.289005981507101 -0.353759419932565
-0.00211680283205604 -0.0590683529683216 0.229842064079873 -0.611997308398976
0.0479932658528487 -0.0374952840526673 0.853673997537975 -0.119424568503781
-0.00693368546834236 0.0356589321232645 0.574530354184221 0.740634444622817
-0.0319029652570789 0.00226444580255252 -0.149236158121504 0.658340726380829
-0.0254059096998222 -0.017175539537969 0.0649104760082156 0.0548273456103709
-0.0108980652073558 0.0212391130325305 0.166477534423306 -0.663905517024036
-0.00606850954340699 0.0175707867017128 -0.608574534678747 -0.77853577373528
0.00612851942116882 -0.0353367883048504 -0.912314287880445 0.177583712086743
-0.0331842740188476 -0.0466952408475365 -0.139072932880262 0.728209350536437
-0.0449492172334748 0.000742885779347882 0.358301923708307 0.358706001908555
-0.0314054006063228 0.00400982507912055 0.246008286643454 -0.0367418205790463
-0.0190820912111407 0.0100148513805545 -0.0414068451485504 -0.207472885566774
-0.0249104421145334 0.0267290599723338 0.0188931662181816 0.1506671954807
-0.0312685934333404 0.00519309981799059 -0.200864136174818 0.0245987950622791
-0.0215347064553452 -0.0276631385815086 -0.267260066414767 -0.36427520024043
4.98605193312634E-05 -0.0605000099210927 0.267051685051616 -0.597173617263194
0.0552653981409098 -0.0310135070802423 0.861858341862967 -0.0681425599993953
-0.000844107782099026 0.0461478691577285 0.534339152120646 0.781882023773623
-0.0306896964753394 0.0147226413305782 -0.178437374239074 0.657837359080596
-0.028319540198256 -0.00459547723456547 0.0602963759717084 0.0505829474366561
-0.00673019528506465 0.0345028203692535 0.135072669149169 -0.663021420402087
0.00486908116695322 0.0246041984487362 -0.648874067342002 -0.737635879219849
0.00823972064949738 -0.0335845274429733 -0.899155665760176 0.23095017885856
-0.0369547403332446 -0.045639969383467 -0.0982843420654066 0.73550004089574
-0.0451549112587002 0.000640319416365651 0.376036798331728 0.343293549573075
-0.0313884860121467 0.00495571459126636 0.24592097257079 -0.0474019684090837
-0.0188542102441826 0.0131998958843956 -0.0388277088819863 -0.210374865378043
-0.0204219428883939 0.0289888152603797 0.0235315291657567 0.148176935939357
-0.0262367411173168 0.00383592618207987 -0.195399223667273 0.0182763853233643
-0.0186518510621698 -0.0287668955750163 -0.250826208241571 -0.370239789534863
0.000149548136865539 -0.0570388028643507 0.288133382588699 -0.582444174582087
0.0589460207223801 -0.024021695624872 0.865113070876624 -0.0279990222137837
0.00605973844037356 0.0533736331645952 0.501970439704291 0.813135442189528
-0.0274803515854341 0.0272883607263576 -0.202981707733478 0.6620285171069
-0.0283091746840959 0.00843137016395035 0.0543659915001558 0.0513171288904379
0.000517282641057722 0.0456553565079394 0.115826461550436 -0.657784602894605
0.0149798742555287 0.0290888767976413 -0.67192523680424 -0.704826446176785
0.010770798821473 -0.0307640499935052 -0.887561522571303 0.261448159667677
-0.0398137196572182 -0.0414380311397978 -0.0731717736307858 0.737100551914447
-0.0429216483263515 0.00182765378516047 0.387417755595189 0.334084001009679
-0.0263916367775682 0.0067848594227712 0.247154923874302 -0.0553043194424841
-0.0140685473639428 0.0160287613527346 -0.0356178545678577 -0.216164656174042
0.00713445569892352 0.00899896082799316 0.0236389551890837 0.174319030054269
0.00837930238236551 0.00920983497854572 -0.176772467576571 0.0868414593635518
0.00185567167958176 0.00337543691451667 -0.35667687525427 -0.273493295891689
-0.0110132354260957 -0.0125402975812548 0.0303105194810031 -0.634407970502522
0.0144411242146218 -0.0394646361685613 0.75928647769088 -0.344742907072851
-0.00342171025108752 0.00641232519138788 0.756625961177421 0.546462147482628
-0.00563224769481552 -0.0157730099640626 0.00711301476591048 0.688235551470457
0.0020813162392878 -0.0300400867456306 0.0581898260335676 0.119275797325757
0.0148190917855074 -0.0046357079826295 0.287663004134482 -0.592061701148054
-0.00668063969468322 -0.0110189462447681 -0.389332594536039 -0.921574800285417
-0.0111641021106501 -0.027950447710253 -0.95966349904631 -0.068997392408949
-0.0335545029657613 -0.0136060805682193 -0.339806775395605 0.674981426974882
-0.0271046427577964 0.0230033223675123 0.274727871847039 0.420951095816802
0.00349742319255755 0.0113701572528996 0.256067618305102 0.0137628440278004
0.0139503732642216 -0.00166484144352741 -0.0429806242072785 -0.188996253859365
-0.000573369497625029 0.0111389088329202 0.02045665578245 0.174796402611032
-0.00172840775751664 0.0112416595781092 -0.183871486060957 0.0838252991554892
-0.00502399827112577 0.000359937908498012 -0.356756142777158 -0.28176958600029
-0.0107508650318575 -0.0218613282181905 0.0474339350750981 -0.637603968682671
0.0156712277067962 -0.0425864253971365 0.769305728575832 -0.33183153205289
-0.0100140309537585 0.00713139807769533 0.742655094733768 0.556439955194543
-0.0148242712747454 -0.020610172321204 -0.00520439756194982 0.6799316957454
-0.00193431717276208 -0.0375845639040536 0.0635284582229688 0.107176016240922
0.00754380187253934 -0.00986819898658455 0.281650753360055 -0.607589993517917
-0.0139212067912943 -0.0119740330671277 -0.408252915881578 -0.913347794761109
-0.00865064772120166 -0.0314368288000202 -0.955193366841629 -0.0499961311994416
-0.0298878626503654 -0.021788323694848 -0.320827047377181 0.680809510751271
-0.0302745572326361 0.01792788024881 0.281812074585682 0.412714241326384
-0.00636170549045279 0.00762801106816004 0.252947527315962 0.00937293917655375
0.00655002693071343 -0.00137696739695193 -0.0464700147356237 -0.190323968320299
-0.00807607589647468 0.0130747068888541 0.0187872522209696 0.172204514185137
-0.0132396612643079 0.0119953394971686 -0.18970995926251 0.0751257112308238
-0.0117848632594951 -0.00419665940213709 -0.347579321531126 -0.294995490490946
-0.0103258997732706 -0.0331558863778757 0.0809529566498372 -0.637349345975061
0.021451003173829 -0.044515969194539 0.789161447288379 -0.299731339972078
-0.0137492214412727 0.0112298002028259 0.716158008102356 0.588418386283896
-0.0221530358862858 -0.0208317909481436 -0.0282174016897617 0.6719534360407
-0.00806131689668267 -0.0399428681859702 0.0679863922597165 0.0921537926754841
0.000655333907041849 -0.00883291391924101 0.260508750347421 -0.626072391180961
-0.0184482086894708 -0.00744656608969208 -0.450570879014018 -0.894064574242389
-0.00508612735095297 -0.0339066004593312 -0.947194679126085 -0.00513925541290565
-0.0269244661932806 -0.0303829146715114 -0.2834231903225 0.690819079577565
-0.0344702329631959 0.0125978603543827 0.297890821542428 0.402764696123447
-0.0154188146938562 0.00542586105375688 0.250604670465808 -0.000194712198627425
-0.00188060395533446 -0.000568173556820575 -0.0498808520340101 -0.193322495157231
-0.0157085649186437 0.0168177380500609 0.0151434566880756 0.16786250508182
-0.0223970713039375 0.0109492481045067 -0.196951016886295 0.0636141499494762
-0.0184359879723662 -0.0107781351013088 -0.334870701282795 -0.313809651984218
-0.00931835836380092 -0.0440207062069736 0.124151853083449 -0.632241848881162
0.0287135960665093 -0.0451774853141119 0.808514595431704 -0.251943164886498
-0.0138037686834176 0.017783396377666 0.675354110042222 0.631259081425604
-0.0276845399369164 -0.015932611448272 -0.0627320515067827 0.66434834967093
-0.0146227077490699 -0.0356876476150588 0.0690916465236061 0.0777855419156564
-0.00653001630797105 -0.00240338318701099 0.230752332729958 -0.64126341484519
-0.0181463991815934 -0.000613294415081015 -0.5045394951973 -0.860131192220457
-0.000632455894934876 -0.0345418832819685 -0.935616960439458 0.0552936071272676
-0.0263290290542625 -0.0387191769789521 -0.235343863954558 0.704057597901081
-0.0390336935250707 0.00732081013965216 0.317460129453679 0.388656003619021
-0.0233768561491036 0.00372443254871758 0.24772877469259 -0.0124949478716658
-0.00993429042395939 0.00211163155196847 -0.0480777785044045 -0.196125888803406
-0.0204751089332474 0.0203180031452408 0.01527862175061 0.16197111872454
-0.0292864968636158 0.009832421311328 -0.199781393645111 0.0503812711281556
-0.0220865000393859 -0.0173829152420361 -0.314085341403731 -0.331605585456156
-0.0061843916372039 -0.0527135873335391 0.172739226152525 -0.626155707001942
0.0380066832952165 -0.0436640871775096 0.832887118158522 -0.192413750251064
-0.0113834975451547 0.0255996483856064 0.629816432040929 0.679815298239621
-0.0303360387083718 -0.00895453261474674 -0.100267503039367 0.660788739995016
-0.0204132665436645 -0.0290422624050723 0.0675998202021161 0.0638485990099858
-0.0104344611452565 0.0074557293060018 0.195061611859231 -0.655324272994522
-0.0140733135499644 0.00869337241678908 -0.56202279174505 -0.817865313151937
0.0026696229128029 -0.0359664814457649 -0.923455983854511 0.124066958911553
-0.0287368858780091 -0.0442000643831473 -0.182035563860451 0.718347246928612
-0.0421925595443819 0.00328604082950122 0.340053251839669 0.370417040303945
-0.029471091173691 0.00390891966770647 0.245503109252196 -0.0270935786398786
-0.0155862906787514 0.00571291195634258 -0.0473305833699097 -0.201148110825052
-0.0244440509120803 0.0242408301277064 0.0157483574754521 0.1555673892129
-0.032312331923916 0.00728820612447674 -0.200591891954636 0.0367603689641932
-0.0228381283473728 -0.023751256196306 -0.291239929869516 -0.349152666063759
-0.00256153083995999 -0.0586667445797506 0.219985354147078 -0.61254754300518
0.0467968083785426 -0.0378326968838464 0.846792697801182 -0.130883501615743
-0.00683545717301246 0.035977130275697 0.581186918618076 0.729126776160428
-0.0308995425835688 0.00223843355069673 -0.139022417526596 0.656863814170146
-0.0252800906781941 -0.0177272536195285 0.0649042894603086 0.0538926046930377
-0.0101747049549778 0.0209464275525749 0.159071402572725 -0.661359236550514
-0.0050237663495212 0.0180155077258731 -0.615953046329544 -0.769232194432586
0.00563151081756462 -0.0348240621702986 -0.906519058256915 0.18957518225457
-0.0333022656803491 -0.0466553690439818 -0.127578447203921 0.72880146228425
-0.0446307343597788 0.00208135540662511 0.364598620288555 0.351460439033642
-0.0324324506848343 0.00450286586553952 0.244580684862311 -0.040139095507719
-0.0187929559675123 0.0102673168506348 -0.0443136028355925 -0.204806358591544
-0.0237692999588979 0.0273673405857651 0.0198398906918959 0.150012535534406
-0.031178966706439 0.00490539904981981 -0.198342066405765 0.0264078098097683
-0.0220772134482537 -0.0278558600845637 -0.270651540803009 -0.359695809743088
-0.000961565763247986 -0.0597179434159541 0.255628114233895 -0.597579457424575
0.0539533900140267 -0.0316853216844698 0.857254527697506 -0.0794837765896235
4.83010185524744E-05 0.0458454923497087 0.541298922785138 0.771471646965578
-0.0297619263503579 0.0144942538729921 -0.1704713558131 0.658165766302153
-0.0279090347992697 -0.00412227113672042 0.0604985459178955 0.0493325942468606
-0.0057460844028277 0.0336095389880247 0.128799713505947 -0.661152552882417
0.00546015713709871 0.0244499066505368 -0.65814529935408 -0.725447851126524
0.00836501114571582 -0.033904058175535 -0.892825898304102 0.24116178972105
-0.0371696665430619 -0.0454781331650002 -0.0858973336298506 0.733002328368981
-0.0446580671170082 0.00186649565447476 0.380634746677052 0.337952650750806
-0.0311980102407609 0.00505675833845747 0.244536385821086 -0.0510270059246414
-0.0186695473899308 0.0130165617997348 -0.0412143516794207 -0.20966153720033
-0.0194491598231089 0.0296202585317822 0.0241849263333107 0.147386515362694
-0.0258502579017392 0.00368227244207502 -0.193508577973667 0.020835688612531
-0.0184691478335157 -0.0288712377829162 -0.254592388612862 -0.366495657488997
-0.00049921251660689 -0.0565251272669215 0.277908134193143 -0.585305582950883
0.0582685459766265 -0.0249544146099898 0.860209995750589 -0.0389308307529914
0.00652447713048801 0.0539972299807953 0.50775075792321 0.802691307946943
-0.0268517021724177 0.0266202962862354 -0.192677809063045 0.660582440071124
-0.0278744931608871 0.00777053723413542 0.0543766999823769 0.050667854905315
0.00146164609889341 0.0444877135888579 0.106682611247869 -0.65555314616857
0.0164711295564173 0.0296201167991654 -0.679639955149307 -0.693106668593805
0.0102834393271858 -0.0311077223766713 -0.880780736064051 0.275105720029353
-0.0405741814957311 -0.0411906894898346 -0.0610228992282135 0.736613296675038
-0.042084736905114 0.00295143164607167 0.391983727533391 0.326185049332688
-0.0255873791195823 0.00694073178448942 0.245054236567354 -0.0584468092745713
-0.0142303051733313 0.0158499351935308 -0.0377574930042815 -0.215179269166991
0.0067551836165656 0.00928605573109169 0.0247370589050843 0.173035393059245
0.00862500578197159 0.00833737745538219 -0.173507730637423 0.0895516765864545
0.00198539778392717 0.00305807539751829 -0.357702027544144 -0.268796604738934
-0.0110296470574437 -0.01261921808036 0.0205899146212582 -0.632130706138969
0.0132336857991594 -0.0391484823156512 0.74899991956566 -0.353207493038605
-0.00376394065056366 0.00681671962528729 0.758793383124142 0.533523698755742
-0.00599433897207117 -0.0166975873296691 0.0153023378788789 0.683849903322626
0.00251456868150886 -0.0303203442042516 0.0594921520994125 0.117839988764001
0.0148616263142204 -0.00530763501758991 0.278749112865584 -0.591185555102405
-0.00660147034519709 -0.010899478545018 -0.397704889085413 -0.908806030997241
-0.011641818963787 -0.0283487767783197 -0.955633732423432 -0.056277462899451
-0.0342568091678085 -0.012826977075905 -0.326163972356309 0.677653708373726
-0.0269689773450226 0.023037221949069 0.279692771303472 0.414822447837845
0.00297934042252987 0.0116491866117928 0.254852974361538 0.0106453047391885
0.013792532267983 -0.00181209399683363 -0.0452620270790521 -0.187144802701178
-4.45760314404684E-05 0.0104886676482914 0.0220736550533331 0.174268911680543
-0.00139444176124689 0.0104529941822895 -0.180603696210818 0.0851483480901747
-0.0046557098742271 -0.000338792006552532 -0.357596916580927 -0.275549742927371
-0.0104239297826975 -0.0217393605415597 0.0390886422368772 -0.634996873038763
0.0149587101463833 -0.0426416777207523 0.758805630089339 -0.338494863014441
-0.0104222070689885 0.00786040673550648 0.745110842530661 0.545562730863896
-0.0144917963204057 -0.0214403719574694 0.00221386352350964 0.674858699665255
-0.00232292220036135 -0.0374624028347024 0.0655784529591329 0.105226801263714
0.00779229919308124 -0.0106040939762376 0.272636306735584 -0.607734615275504
-0.013657427368117 -0.0112712586178535 -0.416504541018405 -0.90387240077742
-0.00938399592232519 -0.0307773126048163 -0.950741585025465 -0.0361684229207245
-0.0296578807807433 -0.0214986782657153 -0.308704850840842 0.680711580128253
-0.0298469863048322 0.0188448409086402 0.286819772298499 0.407046910504209
-0.00565415242956544 0.00866746360806333 0.251651129603192 0.0057674120196308
0.00616025927511557 -0.00180745754206284 -0.0478745411002167 -0.188706578555785
-0.00744674098888103 0.013497282273768 0.0201456094017672 0.171566519280033
-0.0122742868603377 0.0116700800764241 -0.18661897452861 0.0769135163019709
-0.0124998433202898 -0.00420580799833997 -0.349092195338738 -0.288423654563019
-0.010105647090318 -0.0328589898927132 0.0700242435580983 -0.63414837580887
0.0195714169730499 -0.0453399001786638 0.778645305742857 -0.306631130967307
-0.0138439919837115 0.0114428917025111 0.718433906649373 0.575621120804626
-0.0223068846673812 -0.0205125598911112 -0.0203543229223871 0.667650391291657
-0.00881874124093353 -0.0399393120564002 0.068270237943404 0.0913960981342731
0.000564894363366094 -0.0100304502440943 0.251571317081562 -0.623347262411884
-0.017794817585745 -0.00722822137291798 -0.45905862703848 -0.884065434698835
-0.0060628859883448 -0.0329760412212186 -0.94240797282662 0.00519176314947586
-0.027102523252725 -0.0304414363474265 -0.271681600842906 0.690133341606572
-0.0338848976948844 0.0124401201076461 0.300349709178991 0.396569414735593
-0.0149357042024632 0.00635571108028371 0.248636494975968 -0.00423533980353299
-0.00259000814504648 -0.000723097557025608 -0.0511124650158986 -0.191523950071243
-0.0149115964615123 0.0172747473661159 0.0169452191402641 0.167504948277878
-0.0218457923691602 0.0112765894988269 -0.193454145371688 0.065184538147264
-0.0179728589999019 -0.0107031944027183 -0.33481518094726 -0.30750147148929
-0.00918425286793698 -0.0434720559192267 0.11375653993352 -0.632109296541003
0.0276308521863345 -0.0457067942182727 0.799583111355007 -0.259467835953557
-0.0139073864327766 0.0178239452467506 0.679318340248118 0.619226145868293
-0.0269629270576719 -0.0159873549544724 -0.0547744034549547 0.661474327690274
-0.0155155808616231 -0.03569180791379 0.0695390970448386 0.0764392455876703
-0.00552883961813585 -0.00304693994238861 0.224423430873042 -0.639030747487685
-0.0170861362702835 0.000776157722156959 -0.510903473329023 -0.8511526760419
-0.00172309303918747 -0.0347394266870062 -0.930829852748765 0.0666337180499587
-0.0272027783759802 -0.0380102577694971 -0.223326070010683 0.705197848684466
-0.0384062498427423 0.00771536005214908 0.321589185862071 0.381893918859745
-0.0233828609142455 0.00462710172000374 0.245468193021465 -0.0155825627551489
-0.00954592001404142 0.00233099970729378 -0.0497692797916044 -0.194702874354559
-0.0195171809562321 0.0209635812284011 0.0164991205129971 0.160872878937714
-0.0284102909730701 0.00964341448982206 -0.196984035086671 0.0520215730874861
-0.0224761875453522 -0.0177144070213789 -0.315675868977057 -0.326662720322308
-0.00577615927744529 -0.0518000104053823 0.163456466706456 -0.624301166823953
0.0366191373632401 -0.0435892445648675 0.823282004858445 -0.201212212929341
-0.0110044672526688 0.0253464457014655 0.63480390104923 0.670437724771235
-0.0296029931912484 -0.00965754726343394 -0.0927330322274153 0.65705354831087
-0.0214461145797937 -0.0288445684703753 0.0684743536887931 0.0631205220809617
-0.00970049060902577 0.00688239484950355 0.186749288525788 -0.653717125879707
-0.0130365946303243 0.00926266731298447 -0.570444162733047 -0.807531519363057
0.00192204070101093 -0.0349503229729629 -0.919938593649267 0.134909208911031
-0.0297836662152218 -0.0441233921966739 -0.170080525300267 0.716203776055749
-0.0419022337508784 0.00429682824870072 0.344373484621729 0.363485177667938
-0.0289640870132337 0.00472204626125625 0.243656588278426 -0.0300780320233742
-0.0151115408771997 0.00599964393038587 -0.0499013772968663 -0.199488061428613
-0.0231065477041099 0.0249616365387638 0.0163551929976681 0.154457106885443
-0.0319770463095916 0.00750652065161824 -0.197973009624902 0.0390448620195636
-0.0236143907544392 -0.0233969110275221 -0.293202945311747 -0.343174303256324
-0.00285970841455982 -0.0582804107998155 0.209540160622573 -0.612368648873326
0.0459226265993113 -0.0383615364958179 0.838545168042492 -0.140578348642657
-0.00670293165103698 0.0358078307151042 0.586672824092693 0.718701626201496
-0.0306269288748123 0.00163855725041236 -0.129712087470937 0.654449277967886
-0.0248905995407934 -0.0180462078611583 0.0657855471683372 0.053194800654122
-0.00984074839564759 0.0202779697107934 0.149898362050286 -0.658151965700396
-0.00438316336447835 0.0181436196417922 -0.624226120713511 -0.757490173940459
0.00537406160848684 -0.0350027405081494 -0.901454430527777 0.201042113307787
-0.0339812032200513 -0.0463026735595171 -0.117394788709598 0.726507401411844
-0.0442953604563027 0.00219058348374615 0.366171761347508 0.344040418096179
-0.0319307211250449 0.00549391900669683 0.242562396385298 -0.0432966653901103
-0.0187766518094626 0.0104622012421983 -0.0466190159461358 -0.202504747347279
-0.0233838831003563 0.0275604350091682 0.0210270100977455 0.149361296492502
-0.0309085685184316 0.00536566513648557 -0.196003289373034 0.0287600844046856
-0.0218390874872046 -0.0276110614475012 -0.272017705969044 -0.355813724267906
-0.00146693366699748 -0.0593527026324576 0.247156284770204 -0.596968020935787
0.053320477442644 -0.0322377935672142 0.85095977128913 -0.0892365153466173
-7.02503338644786E-05 0.0458070809995622 0.545861844435504 0.759083671035872
-0.0295628634246796 0.0137372351855991 -0.161260631892944 0.655925249156611
-0.0274521435855759 -0.00494212680371434 0.0608252359068171 0.0484133489165911
-0.00497673289722464 0.0331021365124134 0.119646419439113 -0.6575140998319
0.00639596040328084 0.0251437996452399 -0.662818309338746 -0.712995481754246
0.0076667610795763 -0.0333736935804867 -0.884245640883533 0.252055992372018
-0.0377823121953186 -0.0444879020707312 -0.0762339622285615 0.729531283810526
-0.0444338978689219 0.00269966439094811 0.382878240595219 0.32928225603892
-0.0306837552205548 0.00695032490544034 0.24219835400669 -0.0544677046015162
-0.0182341035458854 0.0139747500924733 -0.0436469436734152 -0.207985326242983
-0.0188224366188874 0.029903699369217 0.0257235667309678 0.147495506566468
-0.0259681033671301 0.00417690707221625 -0.19136969483933 0.023413830153419
-0.0192254360394261 -0.0286988528638967 -0.256631920227096 -0.362576324412921
-0.00063802290963373 -0.0558632030359935 0.269004134793199 -0.584467877041508
0.0572246216159164 -0.0256981170012041 0.854790728673212 -0.0492873703698334
0.00691720510283851 0.05387277165651 0.514202590552404 0.791900757223563
-0.0261127513889783 0.02590857622254 -0.183562692114889 0.658659804820472
-0.0277094015241989 0.00813154509733122 0.055478566237778 0.0493160628540246
0.00177056831902081 0.0443276822259726 0.0992823960023403 -0.65206592151246
0.0173073380324644 0.0295022020374462 -0.682966609841313 -0.681006444019059
0.00990218792369986 -0.0309545583957689 -0.872097106358169 0.284459568067963
-0.041211018443394 -0.0408808369740239 -0.0503695228103472 0.732729465992978
-0.0420473295780537 0.00325871169662655 0.394193537994836 0.319406479564072
-0.0258657047491631 0.00809743461395945 0.243173731394766 -0.061801954644292
-0.0129229053406144 0.0166148476799717 -0.0400995100207976 -0.213863607774888
0.00769644298229864 0.00989982949200105 0.0267494249249634 0.171898947464444
0.00881886444050622 0.0089397912768384 -0.169947424905652 0.0903884823562884
0.00222418389908719 0.00271290175664672 -0.356959973790136 -0.263284053130998
-0.010614989683919 -0.012217127285447 0.0129509477805834 -0.626808985489621
0.0122527626949102 -0.0387617057875523 0.738673761041327 -0.358185496192781
-0.00377566445207126 0.00662792896794012 0.758809304477149 0.519708065825616
-0.00592183132018656 -0.0170721222508645 0.0234401810246584 0.676844989569993
0.00168925300526646 -0.0310232980292569 0.0608770115132048 0.116045024086301
0.0152716680614069 -0.00664500651192725 0.271210231819899 -0.590209778053536
-0.00585681527865529 -0.0103646823882971 -0.40456794509876 -0.901228683079331
-0.0118740989405979 -0.0277718924797838 -0.950106457038141 -0.0432735403116635
-0.0339655125264714 -0.0133259677887064 -0.316556445862918 0.678422274214405
-0.0255269092128854 0.0239653282977112 0.283857132536089 0.406681069315073
0.00411946658725097 0.0122229982859631 0.253710586903978 0.00750668748899247
0.013535008357536 -0.00142777974241977 -0.0463302263572679 -0.185497256370515
0.000655284058056047 0.0107885213499437 0.0236842667491991 0.172598997982255
-0.00137006163036915 0.0102914538988162 -0.177082640583278 0.0861004618464958
-0.00470098363023527 0.000259128104127534 -0.357213428104209 -0.270602257961179
-0.0104207156448922 -0.0209526561292671 0.0305626538406259 -0.631338649755841
0.0138272194654468 -0.0427304852208593 0.749352452887973 -0.345147172330408
-0.0104927208449988 0.00756101086220812 0.744463365610956 0.533136807107232
-0.014665775394268 -0.0212680078665563 0.0123406626382522 0.669283092646319
-0.00262955661624138 -0.0379234447292889 0.0661239761560957 0.103605560564722
0.0075747353663831 -0.0114906426077961 0.26551940942106 -0.604629903059087
-0.0133389632511405 -0.0105786248691293 -0.422810462073192 -0.891551103395618
-0.00946961780969384 -0.0308231024297673 -0.945192881805742 -0.0250721517150928
-0.0298701349222325 -0.0210231777593288 -0.299211844141734 0.680496005684091
-0.0297331285214387 0.0189268702811523 0.290291661438719 0.400557294149863
-0.00536230012554659 0.00877740232869366 0.250532574298325 0.00182530778387663
0.00639193919874188 -0.00177783005500894 -0.0495062801934634 -0.186923244761952
-0.00694917576510791 0.0134115079079681 0.0214773453797756 0.169955214730574
-0.0113714187591599 0.0112308788064105 -0.183283951719047 0.0782658633962014
-0.0119418574004657 -0.00474341038218175 -0.349395168197307 -0.282033928274172
-0.0101265921737714 -0.031843538824407 0.0635555614851637 -0.630437505083149
0.0187596737943776 -0.0452221503889107 0.768368240389387 -0.314417979825988
-0.0141030995267332 0.01107705962377 0.716934189775067 0.563146319569045
-0.021766933558345 -0.0218635036975066 -0.0143763894849635 0.662384238456846
-0.00875560015063462 -0.0396187584731374 0.0689877063442527 0.089693690904932
0.000579258681353726 -0.00964862177091663 0.243600326118391 -0.621864795345519
-0.0174688211307629 -0.00653969890358208 -0.464428454598238 -0.871592471356401
-0.00588790542312073 -0.0324723051344527 -0.936949234744316 0.0163967572442481
-0.0270445098758296 -0.0299886345730501 -0.262122669038371 0.690063840948237
-0.0344156355494142 0.0132372622622472 0.304899505433084 0.390348809849844
-0.0146461415147894 0.00660901880814479 0.247103611433424 -0.00749933897015674
-0.00186431521083753 -0.000503039270712766 -0.0533363285864599 -0.189002506875989
-0.0139872865313436 0.0182601104162824 0.0181970943819405 0.166212030971668
-0.0215127505431583 0.0111286616108037 -0.189776872605967 0.0672576157089103
-0.0179173978718061 -0.0103076177773841 -0.335996316587668 -0.30256589383582
-0.00842462838413728 -0.0424981091068367 0.106709755407284 -0.627964275902098
0.0261055160093696 -0.0455135969498365 0.789998726379359 -0.265261416314231
-0.0131887674355312 0.0175733958177345 0.678674921695585 0.607245248000641
-0.0265866322958128 -0.0163934774198048 -0.0473502493180815 0.656585486857613
-0.0151073019911945 -0.0361983568096341 0.070207323356898 0.0745231447633792
-0.00575621918589934 -0.00364500150097623 0.214275270247299 -0.636713034002146
-0.0169270107722094 0.00182783313460727 -0.51620361448365 -0.839087160125543
-0.00178499838321419 -0.033874158924368 -0.924670327505379 0.0759551865113182
-0.026677543545962 -0.0375310704030184 -0.213513747365229 0.701108284287094
-0.0379936427394207 0.00815487380096416 0.323912723087284 0.374211903593546
-0.0231022622592773 0.00534937200942175 0.243591658270051 -0.0187546328010941
-0.00953555872758126 0.00248567525122107 -0.0517350118281525 -0.192423440881844
-0.0189208988744221 0.0213648598836004 0.0184374570087005 0.160515545407017
-0.0279159959655774 0.0101899948446123 -0.193792485573314 0.0543400717768487
-0.022665511096344 -0.0171168552266566 -0.316419640414075 -0.320101920767262
-0.0061377948332466 -0.050686881453481 0.15328330636565 -0.620366393997845
0.0357301390648288 -0.0432030082140951 0.815579076377745 -0.208636358743425
-0.0110423983394524 0.0263184551399893 0.634065651775721 0.656587507980468
-0.030091629701263 -0.00923122025044482 -0.0847343563891896 0.653029348444603
-0.020820825994189 -0.0291533421997005 0.0688377352192235 0.0618139531723931
-0.00938537908693207 0.00635575534404554 0.178476566030531 -0.648493815581651
-0.0127461936001734 0.00979649762409082 -0.57491649425671 -0.792482523130602
0.00154322475619019 -0.0346660591350498 -0.910126212059898 0.145552747440599
-0.0302447983903815 -0.0430826130573749 -0.159415798046595 0.712990125661293
-0.0418580870091795 0.00506075628836762 0.34728457947168 0.356459663992852
-0.02856905767929 0.00506705090908995 0.241670631715864 -0.0323367763364576
-0.0152252751540173 0.00623006127696581 -0.0511124556326361 -0.197825461320599
-0.0222140204355239 0.0249218120532185 0.018557835370082 0.153964655175044
-0.0312833324736489 0.00784571270882884 -0.195627765307384 0.040617236343792
-0.0231644090463818 -0.0232575789584029 -0.294646655782022 -0.338249259487931
-0.00328511296621257 -0.0566717432596275 0.201323020640018 -0.60950010925684
0.0438834345387799 -0.0388270879821041 0.831458276532558 -0.149023053421537
-0.00608872226062283 0.0359336266658248 0.588888164452076 0.704436154920717
-0.030362955697196 0.00193723751233539 -0.121998749454628 0.648822724313846
-0.0256204808225199 -0.0180304473892963 0.065608991171397 0.0523783215184842
-0.00846973238028136 0.0196590095640267 0.141749693647672 -0.653816162743116
-0.00362779859829587 0.01853886017489 -0.627069424666375 -0.743494734545435
0.00516212998344997 -0.0343365709947712 -0.891694637515578 0.208913037168133
-0.0340917236820489 -0.0462894240561195 -0.107695436305761 0.722616207177883
-0.0436657433935627 0.0031946598853675 0.367592140230115 0.338172370039431
-0.0314241624657233 0.00580334240009447 0.239871679489057 -0.0463528335964256
-0.0177745742241962 0.0104967591323769 -0.0477887726665165 -0.201558678244896
-0.0217400356902489 0.0281445559111693 0.022072647161464 0.147848158851751
-0.030381605935496 0.0049670094686282 -0.192714520550955 0.0303044913332388
-0.0216322819211691 -0.0273150619703776 -0.27379203704036 -0.350363166857818
-0.00147688274544632 -0.0596586127111922 0.239779466671065 -0.595438952540894
0.0518860044404515 -0.032211877572313 0.84123020166197 -0.0983112855712958
0.000194776610987322 0.0454439078628736 0.548146594419671 0.747768560574152
-0.0290026056159191 0.0134404957899711 -0.152633008178753 0.651133257105434
-0.0279497300206881 -0.00463002780631641 0.0613083913642743 0.0474306304368105
-0.00441352294294681 0.0322708382386477 0.113545007368053 -0.652737686184278
0.00734282593714117 0.0249596854836284 -0.667141776614621 -0.701239540546446
0.00812658650797649 -0.032783504023412 -0.875854561042093 0.25950591469179
-0.0384776544051295 -0.0446274795598696 -0.0657052727927344 0.728166292400149
-0.0435290988856695 0.0030407494178527 0.383906887463594 0.322121991449393
-0.0297980515576265 0.00741474697766867 0.239986072818381 -0.056623743757778
-0.0170914063544524 0.0146070779531326 -0.0454653868730067 -0.20620591344453
-0.0177236616276079 0.0299605150762899 0.0267950167000855 0.14607371327855
-0.0254039992911417 0.00416745248660414 -0.188440279818806 0.0242612781608285
-0.0191788805359073 -0.0285570290170837 -0.259497609371561 -0.358216925052589
-0.000994383465344069 -0.055304859841624 0.259183083821364 -0.583397375648956
0.0560328633644149 -0.0256279788617771 0.845576602400453 -0.0574620683477512
0.00714374292412781 0.0533744980267272 0.519649412758623 0.779876033323224
-0.0251439493106784 0.0251263836343243 -0.174883993518625 0.655014988432602
-0.0275566417442789 0.0078594977353086 0.05548898521242 0.0481289544761467
0.00258777543972463 0.0429955106905989 0.0923821917695283 -0.648998330583539
0.0177379614750235 0.0294364140960961 -0.686403774080042 -0.668590451057826
0.00932010878939104 -0.0306479805847961 -0.863470837154574 0.290819023212168
-0.0418175197170298 -0.0400634762896633 -0.0419552258901297 0.727661991868338
-0.0417710990234332 0.00386783024800456 0.395134503176619 0.311756681510964
-0.0253028969058379 0.00857530230255207 0.239949241090855 -0.0641694657947927
-0.0132186736212222 0.0167050310635004 -0.0432791393709931 -0.211538373177004
0.0085659549544681 0.00917857930814851 0.0275799825415873 0.1704827084499
0.00923822390464273 0.00798382251710737 -0.166977814814424 0.0910122402252166
0.00182117085267087 0.00208476483769656 -0.357639998236001 -0.26003343051005
-0.00986483119030122 -0.0113097484827347 0.00515380474605267 -0.622213834894879
0.0120404221219533 -0.0382764585892436 0.728412832315283 -0.359977735921276
-0.0032136729188747 0.00724422287945355 0.755898363308708 0.5075621012579
-0.00570274903340222 -0.0181203528662634 0.0289498529285825 0.670014604673722
0.00125051973321399 -0.031065606116371 0.0618786157058326 0.1151538313286
0.0148345635210041 -0.00736710517657902 0.264896711162899 -0.587692705109291
-0.00650629758546163 -0.00968839673052799 -0.408121938922396 -0.886708883315541
-0.0115796311656392 -0.0272111975433835 -0.94168672436941 -0.0346200559636856
-0.0340980844602313 -0.0129416705927766 -0.306989131190499 0.674049926386751
-0.0255713016328733 0.0240050477069753 0.28559335764113 0.401095383787723
0.00382633077539854 0.0120525115097642 0.251411242990184 0.00465948930322109
0.0138833490831522 -0.00131487016291414 -0.0472072780400341 -0.183480508580655
0.00125409819689768 0.0110587250215914 0.0246238395040429 0.171526162444045
-0.00132550818430689 0.00991747484432169 -0.173159972928019 0.0874157290102719
-0.00481439135379402 -0.00034394736517882 -0.356464278681808 -0.265971328020976
-0.0102631611173135 -0.0210303950151675 0.0233705607227845 -0.625649491331747
0.013142917643584 -0.0418144345158384 0.739556697097937 -0.348327282183141
-0.0104107250149894 0.00757116420099332 0.741519654436973 0.520855487886966
-0.0146527467551841 -0.0219887006363406 0.0167039286688694 0.662875165047582
-0.00293326402445456 -0.0385528412916531 0.0671157246877392 0.101900650675169
0.00808784532021834 -0.0119172693012695 0.257688465265793 -0.60187229583445
-0.0130306708899354 -0.0098785158059127 -0.429328087565434 -0.882357851920364
-0.00931312973373281 -0.0301000062340597 -0.935861584010378 -0.0173327021373614
-0.0303662563818661 -0.0206011978453504 -0.288671389978703 0.677772828860897
-0.0290431545398218 0.0193159435773856 0.291162388872304 0.393676416226778
-0.00532933253400527 0.00909839545038361 0.248086090393331 -0.000598151314309408
0.0065398355282548 -0.0016289100144085 -0.0502644598270515 -0.184824732126049
-0.00629902507734792 0.0133299921610858 0.0225804775686698 0.168308145538707
-0.010856878872269 0.0112833885478027 -0.179191541367721 0.0793242652760459
-0.0117524540444819 -0.00457939334748838 -0.348577313236275 -0.27809023504747
-0.0100688744029679 -0.0311429918678757 0.0563257908170017 -0.626072554790793
0.0175896730557708 -0.0453909148438544 0.757824312115402 -0.318308091435361
-0.0134020759626471 0.0114534451949598 0.716347450451992 0.551110266871078
-0.0218125487117144 -0.0212205552762123 -0.0083252487379758 0.657442513672558
-0.00940229765039424 -0.0395101872319049 0.0697384826463097 0.0883358021624084
0.000206905230861972 -0.0105984159277461 0.236580908015343 -0.617065159754729
-0.0168792400204296 -0.00576471743418962 -0.469367088622614 -0.861951919470393
-0.00628548826088091 -0.032919569752776 -0.930782914570136 0.0262309298740428
-0.0277180101962609 -0.0299199196519834 -0.251137329219765 0.686731213257839
-0.0332235041549561 0.0135475478983158 0.306481464787315 0.383063870563625
-0.0149594688074595 0.00708494716277963 0.244419474999605 -0.0101304165438682
-0.00165995663210376 -0.000497482462994448 -0.0537018732954134 -0.186588066230115
-0.0135309862211256 0.0180979317954366 0.0188939451062611 0.165090442286375
-0.0207912023893656 0.0106518735824291 -0.187095095289753 0.0680466490779692
-0.0179707953450057 -0.0110091703826898 -0.336439346568019 -0.297693245177588
-0.00843135805855515 -0.0420782271017163 0.0992305109535863 -0.623552398379049
0.0249978647222864 -0.0456659920474971 0.77955407834815 -0.272082232838127
-0.0133906905118566 0.0176419245697463 0.676502217129156 0.594195492500313
-0.0268772683420566 -0.0167387051289808 -0.040488477503349 0.649521118903544
-0.0156827888699104 -0.0361251992683585 0.0702831409703884 0.0734448390700807
-0.00579376870058309 -0.00386378722553082 0.208319994451384 -0.632602623328714
-0.0162603777199905 0.00209025963605219 -0.519977981523179 -0.827952210838191
-0.00216610973009569 -0.0336265579826098 -0.916120760586162 0.0834311320843893
-0.0275003217644774 -0.0384941589397574 -0.204685586477003 0.698732008012977
-0.0378754836605025 0.0088440853379262 0.326520269504981 0.368505197649656
-0.0227822636830137 0.00571086190074243 0.241331212239092 -0.0221252037901948
-0.00914735286912221 0.00294236227121807 -0.0523583449925291 -0.191015104159794
-0.018303062738331 0.0212254149158746 0.0188320094278451 0.159232374893549
-0.0274788169112857 0.00974385225969476 -0.189617901390641 0.055702156194628
-0.0221024479031819 -0.0170105681107016 -0.316194022843039 -0.315706210302047
-0.00636227638802026 -0.0510510998378314 0.147873887156573 -0.616915919955736
0.0337797704916475 -0.042836833255676 0.805634544965041 -0.212584702482501
-0.0111657742036497 0.0258910172018222 0.635060704617221 0.644305202635573
-0.0294020724137109 -0.00929772995255636 -0.0788614626466064 0.64665963533582
-0.0211238209879127 -0.0289194906284037 0.069752483057283 0.0604294396589655
-0.0089742627470572 0.00570837441742774 0.171961959769844 -0.643870112280768
-0.0121690232794962 0.0106046619117771 -0.576001944907699 -0.781975239252519
0.00143868935164241 -0.0340971633201163 -0.902312588266899 0.152239853245384
-0.0298391857525816 -0.0431141362847452 -0.15089833939965 0.708817816917853
-0.0417579935917993 0.00538432040977012 0.34751794578253 0.349568687778263
-0.0284621977895275 0.00590337839504214 0.239131143539355 -0.0354180548700576
-0.0140442780843653 0.00665531177496414 -0.0529246433342703 -0.195513668274383
-0.0217058663063607 0.0260516463648524 0.0188809670977475 0.152809856452292
-0.0307216191139579 0.00719464044774571 -0.19202661768009 0.0417988747469661
-0.0233178144922754 -0.0231379747748452 -0.29479958671795 -0.334347353138148
-0.00414529130574804 -0.0563650354468711 0.194675214187424 -0.60536831243341
0.0430429049328454 -0.0384881749298628 0.822800187954437 -0.155677493831115
-0.00541121561243531 0.0355789181121647 0.590203747734814 0.693989797971644
-0.0301711106026526 0.00142020385960591 -0.116135705696528 0.645052265101491
-0.0260675745491067 -0.0175653483376351 0.0660227273085199 0.0502967690157881
-0.00887479221960375 0.018506502828652 0.13572677246777 -0.649409764770386
-0.00257226827541545 0.0191746802062273 -0.627562703120981 -0.732486394270369
0.0044154512246698 -0.0338390840505945 -0.881211359569302 0.217429419057352
-0.0343674064540895 -0.0458578869399407 -0.0985246755807584 0.716921045334731
-0.0435139320662758 0.00345753310117891 0.367938914449208 0.331633109607537
-0.0303953264918128 0.00643277349241665 0.236677961167984 -0.0487544497189928
-0.0177715406906661 0.010966230716463 -0.0495507722110326 -0.199374720900636
-0.0209913700642617 0.028662000283414 0.0226259930131238 0.147204165163788
-0.0301135081262622 0.00502640286331682 -0.189761131740648 0.0325308268736917
-0.0223927043870904 -0.0267757517455085 -0.275767375330134 -0.345595709959713
-0.00106457644393069 -0.0577776211006614 0.231361857550263 -0.592884601808515
0.0504982448779332 -0.0317114654219053 0.833077665999417 -0.103232422927995
0.000360789338509093 0.04515722369204 0.552531766963633 0.735363801500905
-0.027933523254305 0.0127500679372257 -0.146783400420968 0.645701219131883
-0.0275761961371382 -0.00481041859038459 0.0614563966133564 0.0463115394256429
-0.0038267586736701 0.0313243469202502 0.106941004922724 -0.647445668670754
0.00784205460325337 0.0252708325891534 -0.665836904723787 -0.691972567251593
0.00708671168879383 -0.0323117372190449 -0.865284461174998 0.268177923193986
-0.0391445558661619 -0.0442415674733642 -0.0583469432663411 0.721639762703931
-0.0437149103981529 0.00418465660072141 0.385834585619947 0.314448304461762
-0.0294662477781064 0.00797435081443501 0.236668708617715 -0.0590091270772587
-0.0168753258727083 0.0139641005703186 -0.0470358260977056 -0.204081035709164
-0.0162929707856677 0.0300376579945666 0.0273297280385258 0.144656036340851
-0.0252296979703522 0.00339623469798944 -0.185755796463575 0.0260763396919441
-0.0191630225636238 -0.0282288294802776 -0.261215754095965 -0.353058902866212
-0.000728470899399822 -0.0544946800026429 0.252834937286564 -0.578880704689371
0.0543832145811519 -0.0261149759969308 0.837673565240121 -0.0647795261182297
0.00781926378314047 0.0531833530446284 0.521022832755949 0.768454171182991
-0.0247551507571098 0.0240506118943453 -0.168104723419549 0.650188310002186
-0.0273061100199773 0.00697625001973482 0.0553414637507377 0.0472215866944796
0.00328402975895349 0.0422002053821637 0.0863412444170057 -0.643888536417819
0.0191203714681408 0.0288835404211654 -0.686202111279773 -0.65771631541475
0.00903004564938433 -0.0298610598226582 -0.853155210356841 0.299858969784503
-0.0427490172611573 -0.0393839436165218 -0.0312341383155705 0.72465116647891
-0.0406598285331712 0.00469669279596035 0.395054548573353 0.304513611054515
-0.0246436940857679 0.00923238821278288 0.237292234445289 -0.0660333175588915
-0.0125814640773748 0.0165749876389885 -0.0446558740037522 -0.209540957294732
0.00918806732862032 0.00940721602768925 0.0280695514351616 0.168961431873623
0.00947167545095981 0.00750478725441916 -0.163535704086315 0.0904038516398424
0.0017993552988866 0.00182815211059796 -0.355006703841185 -0.25490994487993
-0.00963674963963767 -0.011808449942813 0.000881075828410681 -0.615722952911495
0.0104245794831217 -0.0371733084470317 0.717997853822942 -0.362415026323078
-0.00376072002827289 0.00761884063323001 0.751701635355608 0.498857797416998
-0.0059461443578604 -0.0183941269537544 0.0329950672444724 0.664092989146326
0.00070799149708404 -0.0309529923262607 0.06243301736412 0.112490331609694
0.0146851853544543 -0.00777013411229692 0.260001016478899 -0.582830849566533
-0.00530030907876416 -0.00952136508302363 -0.41289347992413 -0.877769883244842
-0.0117589547979911 -0.0262804814772897 -0.934293972750018 -0.026829298870156
-0.0342830942252688 -0.0123590619091997 -0.297451649406181 0.670966554011393
-0.0248299798901524 0.0246301692388879 0.28570543227316 0.395299242287582
0.00418064165177502 0.0122507406338449 0.249273244725089 0.00227334853605369
0.0134136469441343 -0.00113481091669384 -0.0478194094064653 -0.181535147800888
0.00169951419610798 0.0108662785537823 0.0256045135479085 0.170257673602564
-0.000530993219120379 0.00960702471666211 -0.169789740054172 0.087591158154779
-0.00501362541659477 -0.000707388615853214 -0.354311129038809 -0.261373154042302
-0.0105440406402344 -0.0204668425719435 0.017209948745559 -0.618672261942618
0.012276242420365 -0.0414017987991933 0.727597558174038 -0.350213423846494
-0.00971475996855286 0.00804773323767479 0.738587059113626 0.511841398912326
-0.0142503899441962 -0.0220460327759065 0.0216434576162504 0.655555591479664
-0.00325625376004595 -0.0384529351387672 0.0670398562332296 0.101005719298284
0.00830884679866184 -0.0132341378708036 0.251016135834245 -0.597203420357504
-0.0121459624395465 -0.00887065032154716 -0.430627255461676 -0.87120593858144
-0.00955660271666488 -0.0296691468719297 -0.92913278727206 -0.00769160034275684
-0.0297537657020699 -0.0210790594834937 -0.279981194037051 0.675030194433965
-0.0290460304577231 0.0190421278883027 0.292688263427313 0.389194812566554
-0.00528216676426693 0.00943755145997986 0.245085492675795 -0.00301560493709086
0.00646447104801432 -0.0014424939792112 -0.0507851699807543 -0.183514391228559
-0.00568147029227227 0.0134139130589615 0.0232823147062742 0.167503716318609
-0.0106107121109465 0.0110144393198488 -0.17641695532125 0.0800216572077249
-0.011978498236516 -0.00422602951278563 -0.34723669008166 -0.273659454936854
-0.00996410381229636 -0.0308917832044002 0.0505588616188581 -0.621234475561607
0.0165602347735161 -0.0446057848564149 0.745617376411974 -0.317586294429165
-0.0135871822624578 0.0113198489591605 0.711630552395976 0.540259921570999
-0.0212818864145922 -0.0218387028416904 -0.00111384266689719 0.649391073797398
-0.00984957190865217 -0.0393731568761179 0.0697442266335341 0.0866495989608781
0.000722356643096278 -0.0113613764059461 0.230337807957257 -0.612917648920649
-0.0160207050847956 -0.00502152080068968 -0.47240420664611 -0.851948509450271
-0.00649883096466295 -0.0320621406665402 -0.922477064658097 0.0354491199095612
-0.0274303490793527 -0.0294558936204775 -0.243236640362619 0.683850255791026
-0.0327023077137011 0.0139074673098224 0.307279054714183 0.376503842050436
-0.0142148558379801 0.00728430513025934 0.242549426674514 -0.011894987791214
-0.00210281678821787 -0.000459395281586685 -0.0539071230539086 -0.185171079831682
-0.0125881049369205 0.0178735075492105 0.0191220169183275 0.163913839850193
-0.0205087934726555 0.0104037496014374 -0.183020196878704 0.0685842047517031
-0.0180123899744983 -0.0100112570079082 -0.333487353457411 -0.293576069140595
-0.00852040507523128 -0.0418641015291084 0.0943224359072517 -0.618124563050081
0.0244093648293971 -0.0446868470101488 0.771097566554837 -0.271270007033391
-0.0135638129378843 0.0175620398412574 0.673695978298287 0.584751661382914
-0.0265695394881072 -0.01668018517268 -0.0361255242141678 0.644593501190024
-0.0157028502188703 -0.0355661471981271 0.0707078161175333 0.0720241219980846
-0.00542327788381566 -0.00434999471041436 0.202577428548277 -0.627051517759624
-0.0152234035021907 0.002719128037271 -0.5207920786674 -0.816211557883916
-0.0021571516779479 -0.0331551669719026 -0.909589799012301 0.0901930018873242
-0.0278270375189588 -0.0370392655700642 -0.196832346558357 0.694009612741248
-0.036635793378836 0.00888733644444725 0.32554144699292 0.363269082242183
-0.0222693596801688 0.00605425571083591 0.239252834167722 -0.0236293431239323
-0.00875366172567433 0.00298426555712649 -0.0532567613765845 -0.188532687128395
-0.0176627914651245 0.0215195310058205 0.0193020401582529 0.157820486608662
-0.0271355392991528 0.00933365341885231 -0.186643127853866 0.0557203783935765
-0.0219903152550962 -0.0166585343846031 -0.314336546428146 -0.311266116688362
-0.00621281052537571 -0.0502525777305718 0.140404251108283 -0.612830843004452
0.0331010579102427 -0.0430669243995878 0.796182666977423 -0.216283119471187
-0.0106230510834734 0.0261011276941423 0.63264744632608 0.635107943108621
-0.0290807074013216 -0.010118626797976 -0.0726092198188951 0.6415654601644
-0.0213154794641666 -0.0289877478945452 0.0690633523137662 0.0600098752661454
-0.00879254660331081 0.00508297222870864 0.166737613493718 -0.639264253956719
-0.011293387046548 0.010857164079378 -0.576568806323607 -0.770798718627578
0.00110914173420743 -0.033834587180112 -0.893555115553164 0.158278168201407
-0.0300731189234264 -0.0425538784091532 -0.142605923450227 0.704178392325071
-0.0405930822904669 0.00544519538871246 0.348764344369278 0.344973660057747
-0.0281079367750403 0.00659458898380529 0.236740056032209 -0.0373296223908048
-0.0141039391766385 0.00630554333424271 -0.0532556768719878 -0.193522219024337
-0.0204153751435951 0.0255304782179798 0.0193748747732204 0.150912632604863
-0.0309868417380651 0.00687766303334145 -0.189204925270892 0.0427385841629346
-0.0229525450487515 -0.0221441336365493 -0.295259712766943 -0.329167831121875
-0.00335872455961679 -0.0562745208019129 0.187674350223609 -0.601322399358483
0.0421484390463785 -0.0378310698107347 0.814731116265357 -0.156488497675045
-0.00596708970718017 0.0358990249245662 0.588624076118368 0.682542877315875
-0.0301881833943028 0.000419588556995629 -0.110801598575991 0.640057500988717
-0.0251137941417172 -0.0178691008828621 0.0663563239014365 0.0497465487264451
-0.00789488153323175 0.0179780360467115 0.130611836738892 -0.642905493912494
-0.00263962432432277 0.0187519665154958 -0.628187900909867 -0.721207616273409
0.00427058271935263 -0.0330998751620913 -0.873100316188829 0.223266910884865
-0.034894098754145 -0.0452427546494255 -0.0908897751033981 0.7111216450014
-0.043011248263745 0.00407775489005016 0.368463154098636 0.325347388131361
-0.0307666552962234 0.00707291345322702 0.235084368244226 -0.0501364281252661
-0.0173768344626061 0.0111480836567424 -0.0498353495157697 -0.197285977268553
-0.0203362912886166 0.0280483338536149 0.0227260646727128 0.145671017957479
-0.0301251209584327 0.00502696172720974 -0.187225701947198 0.0328077088751436
-0.0222397229159778 -0.0266645032290602 -0.275917012901233 -0.342244410199225
-0.00151488833340374 -0.0571340918818741 0.224956196824328 -0.588852037952489
0.0491254147264554 -0.032033202775977 0.825032234356361 -0.108060549086203
0.000611231260886882 0.0453320009768607 0.549689601814962 0.725186196231579
-0.0278612377604994 0.0119269249021039 -0.140120751679393 0.640828210848721
-0.0271451341570494 -0.00578925744780631 0.0615536529671257 0.045442286469511
-0.00422112636688082 0.0306416604118499 0.10196595744796 -0.642824909496387
0.00805890999482194 0.0254682801695009 -0.664607458177552 -0.678250510395616
0.00665365288191335 -0.0321488286455779 -0.856721697716886 0.271699534782158
-0.0384876658690258 -0.043490668344915 -0.0511615835614583 0.716157401822126
-0.0428027321653046 0.00405782052228222 0.38529626194216 0.310186225756649
-0.029283391560862 0.00836091796723809 0.233941683151183 -0.0605209524203103
-0.0165441451251845 0.0146405250080629 -0.0476064126295129 -0.201833402883349
-0.0152937396426378 0.0301673228900291 0.0276230098866545 0.143240913331564
-0.025179314856019 0.00369491213275283 -0.182217846680471 0.0264217085375885
-0.0192363854017199 -0.0282032370793259 -0.259814470652137 -0.349433172578468
-0.00127236951772028 -0.0536527317545216 0.245517579787611 -0.577660189107338
0.0537377798322785 -0.0252113898861324 0.829212375401257 -0.0678474806869795
0.00793480986863833 0.0526320522619569 0.52189072121821 0.756713174262453
-0.0242258060633152 0.0242676363993657 -0.161644682414377 0.647849626942572
-0.0269911123557864 0.00726272906412689 0.0557874981464304 0.0463222981150941
0.00344057007321049 0.0411335600879712 0.081375910986167 -0.637195647964648
0.0190748344667311 0.0294910394831584 -0.685624612263567 -0.647388652769688
0.00921892294879 -0.0297540896983445 -0.844695145071932 0.302295359386058
-0.042165588943551 -0.039376306042853 -0.0266397801323987 0.718290664972549
-0.0409404462589866 0.0051709467509727 0.39402349974819 0.298946616138785
-0.0239469088167025 0.00949083854925606 0.233303432842466 -0.0672947528281762
-0.0122264068052402 0.0167197940809789 -0.0458382701795388 -0.208258037255879
0.00946803591027345 0.00931195871580468 0.0288154270173767 0.168119003062843
0.00918717063516177 0.0073149541531876 -0.160459549199251 0.0902037858578837
0.00217267188665024 0.00163247427978939 -0.353248205787186 -0.250857778880781
-0.00860856940753125 -0.0109610334060238 -0.00209900179191332 -0.609375881872236
0.0103016653224403 -0.0369934449016441 0.708845704906913 -0.362780420510893
-0.0034663517682156 0.00760638334358932 0.747433715300642 0.490283364058422
-0.00582912019696291 -0.0188141545266445 0.0367941368904446 0.657542666171471
0.000637234003122497 -0.0311744913542519 0.0626961412504388 0.110934158599173
0.0149699968018831 -0.00857718051428531 0.253071710792714 -0.578461404312248
-0.00462581725570518 -0.00849080769193314 -0.413393109869549 -0.868123136543301
-0.0120372493710116 -0.0259008308779755 -0.925755282020535 -0.0199706082446351
-0.0344117337895803 -0.0126352679280963 -0.291834845066497 0.66684873638712
-0.0243136862867488 0.0245583486750997 0.28601657814213 0.389577970065367
0.00444890596217954 0.0125748278925337 0.246383986875318 0.000591274921591049
0.0134448280601542 -0.00173372461196447 -0.0478703030475179 -0.179087349158699
0.00259641898745845 0.0104951469586048 0.0256883138147312 0.168778650320197
-7.7096634699343E-05 0.00906542969076965 -0.167175467289118 0.0871848964213063
-0.00479540363751575 -0.000610044770632933 -0.353534366085255 -0.255962411857988
-0.00895284493546247 -0.0201772144445402 0.0129275988473786 -0.612858581755028
0.0113888630668665 -0.0410779705007408 0.719849394883009 -0.350096797692767
-0.00993038561282551 0.00877444989002832 0.732614525789754 0.50255188428023
-0.0136270273085022 -0.0227023482550613 0.0251609692224406 0.648245450181464
-0.00405782973250245 -0.0379570536191702 0.0674413437649545 0.0993043518230875
0.00795571239343185 -0.0131732810308667 0.246426000746027 -0.592319223772923
-0.0115257281495277 -0.00853877144785552 -0.433301193584314 -0.860227022106053
-0.00986709730965834 -0.0290937463248791 -0.921294644288442 -0.00291312953473704
-0.0307189166710863 -0.0214333333665181 -0.272486607305738 0.669381570989309
-0.028023453455067 0.0194308140086787 0.29200726483938 0.382949464159718
-0.00505180860087958 0.00988125476507033 0.243005975702851 -0.00356412205250329
0.00624894523393111 -0.00136254693755686 -0.0512966677182579 -0.180937755383435
-0.005021182859352 0.0133111508024643 0.0229217321841337 0.166585876125411
-0.010394931416578 0.0100251740432623 -0.173658052677345 0.079847947043481
-0.0117384887839187 -0.00476426928507769 -0.346293209082205 -0.271328138123622
-0.00947159906244395 -0.0308654908500089 0.0442555202137681 -0.614804869443527
0.0161000616886223 -0.043814292154842 0.73754576297087 -0.319836608719336
-0.0130355593551723 0.0115365470336889 0.708098352267434 0.53165948915685
-0.0212585741549464 -0.0218513876307099 0.000593191649765404 0.64284123679728
-0.00978854420478997 -0.0392176900588623 0.0702213867174593 0.0848761894982319
0.000526586751974194 -0.0113789837712728 0.225060155624998 -0.607296439747323
-0.0152184895818295 -0.00479776877923086 -0.471546189451641 -0.841012669760458
-0.00620024617832045 -0.0314192929226739 -0.911573837334034 0.0399157193851461
-0.0274629622550613 -0.0296601568426709 -0.238152981260662 0.678122008135602
-0.0320218276220527 0.0145553909210757 0.30773581746759 0.371833821675799
-0.0138853458009571 0.00800765625698186 0.239895249689392 -0.0141191826105635
-0.00114659582478347 -0.000567168757429048 -0.0538194720547249 -0.183307093780877
-0.0124246780759338 0.0181052877009261 0.0201718063311246 0.162542734337726
-0.0198282956090196 0.0102715761649291 -0.18037079764256 0.0688823046893068
-0.0180612982032433 -0.0102987430504767 -0.332882633160438 -0.290166862842031
-0.00836877804815014 -0.0407897338856632 0.088170094761019 -0.612307672652422
0.0232222750407391 -0.0440226215717917 0.761318032119852 -0.273354184283573
-0.0132117901238423 0.0180545583337774 0.67008410488472 0.575277539439061
-0.0261988937915104 -0.0171612727973929 -0.0324873541994487 0.63814456903481
-0.0160233960868542 -0.0352796354221665 0.0702858089383512 0.0704813889321691
-0.00534836396311064 -0.00487485926052148 0.198369195722655 -0.622461568359548
-0.0149770534760601 0.0034584071301564 -0.520963819503873 -0.806296440996222
-0.0024349507336483 -0.0324826993413546 -0.899540770937016 0.0959787995283293
-0.0283518291563815 -0.0369059632732829 -0.189534110439982 0.688250081322291
-0.0367565322795857 0.00887963954791457 0.32669812398401 0.357031662268966
-0.0225213148623478 0.00599813885927103 0.236476947077683 -0.0242556353778898
-0.00888753196166073 0.00285653216821995 -0.0537606712662222 -0.186544084408901
-0.0165990982126976 0.0214978837794814 0.0199472857997179 0.156662450441328
-0.0267874902328808 0.00826899745689837 -0.183984066994757 0.0564148483243447
-0.0215218222674452 -0.01670082835277 -0.31385689636608 -0.307177433126985
-0.00608092026339237 -0.049704077117179 0.135031674512293 -0.606798622648603
0.0320979325524928 -0.042231596099945 0.787006205306424 -0.218395305446239
-0.0104622896640508 0.0258126488312267 0.629020594198015 0.62440080728285
-0.0285622921177421 -0.0105164646507111 -0.0690081587277475 0.63523967347093
-0.0214740282379169 -0.0288966559425921 0.069705010810648 0.0582627532632945
-0.00862714143258952 0.00460904730875144 0.162620966844225 -0.633403238837397
-0.010532542644892 0.0110779409634308 -0.574819900194655 -0.761870165762363
0.00120018500740414 -0.0332595900965626 -0.885351738609178 0.162219177255943
-0.03055628229117 -0.0423049372592087 -0.137482409327632 0.699238072460779
-0.0401690430556035 0.00616908488363647 0.347807968986821 0.33794580177901
-0.0278116347783791 0.0066688048659193 0.234447251677834 -0.037934965760452
-0.0140800619794951 0.0064739158256627 -0.0536333194073251 -0.191171999766302
-0.0198433548523017 0.0252993276717062 0.0196088917211681 0.149823576315178
-0.0305096203824341 0.00676808722938621 -0.185792641197846 0.0432606137246003
-0.0233587143370845 -0.0230840242919864 -0.294120917748445 -0.325290898554615
-0.00339605155837588 -0.0555419094335653 0.181432699509723 -0.597130235700596
0.0413980089273774 -0.038061947322352 0.804615075165523 -0.160412918044965
-0.0048046090623696 0.0354247859967906 0.587422821407207 0.674062353219783
-0.0293996108876063 -7.4126013356185E-06 -0.105603145057353 0.633280010049338
-0.0255533993391086 -0.0180456161580749 0.0667819482518684 0.0485011032805546
-0.0077251063564159 0.0171438161625507 0.126729959944878 -0.637698253212531
-0.00211583583540953 0.0192932003392525 -0.626775098933776 -0.711005094812305
0.00451821670648338 -0.0334427444280434 -0.864070764523079 0.224428415131043
-0.0353980694448565 -0.0445202398395069 -0.0845089615872174 0.705734168395843
-0.0428312840233702 0.00410086850318629 0.367734597130754 0.319083237448406
-0.0298613317202148 0.00789585907522047 0.232244568663007 -0.0512002551628562
-0.0170680552484179 0.0114566980721312 -0.0509948166487995 -0.195009334510406
-0.0190621455211165 0.0282414393906192 0.0234807064915172 0.144508028538174
-0.02933914647881 0.00486167579139149 -0.183832151099024 0.0334333042163813
-0.022292546658221 -0.0268522410241286 -0.275812844405362 -0.338252949983945
-0.00106483842084679 -0.0564262987764497 0.217310799328055 -0.584314743780412
0.0485895770834607 -0.0313191432277565 0.81623144909372 -0.11047662268483
0.00111001838832425 0.0455646101224065 0.548636188355337 0.716895507081415
-0.0268330188093533 0.0120725535711079 -0.134893046550409 0.63463223152864
-0.0277849068789359 -0.005428002243761 0.0614068606993697 0.0443131902745958
-0.00356950153690778 0.0296592930344715 0.0978533010442394 -0.635941679644983
0.00895047557461682 0.0253908309743102 -0.661671591104076 -0.670070479033743
0.00685697048551163 -0.0315860559880316 -0.846382680719794 0.274666886206127
-0.0390330424801283 -0.0429042732298163 -0.0463380560960567 0.710055470512125
-0.0423076774626205 0.00452381251513577 0.38294110115331 0.304026233330386
-0.0288964831688681 0.00866291553753813 0.23124013727423 -0.0615919934174145
-0.0157899001896493 0.0143036529439108 -0.048888887251877 -0.200795908815963
-0.015134331795483 0.0299363431516369 0.0275132369552163 0.142491535392291
-0.024505355694375 0.00351787393413451 -0.180053837990486 0.0271843179397835
-0.0191226968645119 -0.0275742836325548 -0.259804379595102 -0.344772395325464
-0.00105152110607568 -0.0535949225819143 0.239324721736305 -0.572009537642514
0.0524434295696158 -0.0251460277656528 0.82068344434762 -0.0726663838407378
0.00846158120388826 0.0524405804009407 0.51810144786734 0.748264626769881
-0.023529313932812 0.0229455825894721 -0.156503484254126 0.640629201053796
-0.026840231942654 0.00655928514471641 0.0559626093688609 0.0451704205810482
0.00420679842141613 0.0397324865108379 0.0784894642727778 -0.6324458570352
0.0193313131263548 0.0291294920158369 -0.68154377494811 -0.637271091567191
0.00832889291592959 -0.0291209148916522 -0.834181145492788 0.306239088652732
-0.0420792282414988 -0.0392302416868802 -0.0202519790983728 0.71108110844851
-0.039416675901507 0.00494296663516248 0.393311784759896 0.293398956046668
-0.0242460443554294 0.00970014098098255 0.231380944532698 -0.0687502555114524
-0.0120807636582674 0.0169431088685718 -0.0453779956821507 -0.205309844347798
0.0100380499316809 0.0092362853392138 0.0291500371877817 0.166710445562251
0.00919480548965212 0.00681675791874496 -0.1573966646552 0.089588108319638
0.00200590411433643 0.0014679831188198 -0.35203561736397 -0.249072103532167
-0.00837961781747434 -0.010754464707369 -0.0061976923339087 -0.605801477084272
0.00946634389840187 -0.0369634290659105 0.700189447628727 -0.360904168936506
-0.00329606888025959 0.00747111785485006 0.740243539119959 0.481524626773234
-0.00587035949400165 -0.0192185836258589 0.0396525308626755 0.649784321636118
0.000319886585728082 -0.0313276290256767 0.0623908655713883 0.109148568007563
0.0146285420586201 -0.00895412048059977 0.250880477945137 -0.574090006913575
-0.0040330643893465 -0.00807243163086759 -0.412422941661854 -0.859410098689861
-0.0118246860000743 -0.0254757216670418 -0.918572711524826 -0.0172443330548636
-0.0339119568311092 -0.0128626667721186 -0.284468718469971 0.662225913907963
-0.0237743342221247 0.0245296181716382 0.285632918848575 0.384563642957138
0.00455595521423067 0.0123990070681819 0.244704388537432 -0.00054258708232434
0.0139455746013449 -0.00151715892827032 -0.0479177580598309 -0.177867144859451
0.00273413490613196 0.0113712261437075 0.0256964339064297 0.16718528990272
-0.000735793348511632 0.0088067270489755 -0.163254914883895 0.0862263248024816
-0.00491659605475846 -0.000402799353199678 -0.350358130664041 -0.25387516214542
-0.0088491585900237 -0.019664457560941 0.012016199701011 -0.607451034834232
0.0108059052380362 -0.0402983416042251 0.709694468206267 -0.348082497111628
-0.0100420905408197 0.00776365234736352 0.726710509781368 0.49493244507678
-0.0142251420084913 -0.0234514964656457 0.0266666874620413 0.642172077397541
-0.00415393860961467 -0.0375468551995834 0.0676959894636219 0.0974828619395253
0.00787362794022499 -0.0132520711321275 0.24340885244895 -0.588209112631646
-0.0105193906758421 -0.00834642344772967 -0.431349257814846 -0.851729143176182
-0.00944643368636384 -0.028565681321286 -0.911204399277996 0.00154613597015224
-0.030355898487056 -0.0207625703351563 -0.267292243724944 0.66278476802567
-0.0272938522651141 0.0197222529695676 0.292568238726179 0.378797899485724
-0.00430063080444223 0.00991752927239127 0.241315713970761 -0.00572602538434893
0.00629335752590729 -0.00147819103506685 -0.0512879210854702 -0.178991143248963
-0.00444809396802872 0.0135791474564831 0.0232418033907316 0.164485820055216
-0.0107014079649105 0.00988023704872364 -0.17014627429745 0.0792623410891085
-0.0116120874451884 -0.00486424976026635 -0.342956602898585 -0.267850956726865
-0.00895171771452942 -0.0299118120660627 0.0414445092202576 -0.608078476028033
0.0149437081440914 -0.0425824258293541 0.728531942583128 -0.319659379670402
-0.0132695290825312 0.0118799566479974 0.703727239292115 0.523369053594617
-0.021632789674385 -0.0230286062534 0.00316379933660868 0.635613897293081
-0.00991773622573787 -0.0394050433578931 0.0705749551017397 0.084007155622752
0.00116869989910847 -0.0121589100301164 0.221668060613884 -0.603890709191597
-0.0146960787490842 -0.00433879635839162 -0.469532041246045 -0.830490879182558
-0.00676120822957368 -0.0309159872288706 -0.903803880236847 0.0437137966858006
-0.0272217979925255 -0.0289846396119757 -0.232006101395291 0.673509862054376
-0.0315593635969201 0.0142296291147195 0.306889013446793 0.366391359405267
-0.0137403009175353 0.00785875821597701 0.238035769660213 -0.0142360058279487
-0.00103088546722392 -0.000315744577225737 -0.0540633830946106 -0.181047296799178
-0.011085800754143 0.0181177701493145 0.0198405919081726 0.16103354012889
-0.0201950317694333 0.00969284143709021 -0.177158797836947 0.0684570137045272
-0.0174443041217424 -0.0102124502956182 -0.330318092844668 -0.286970719941316
-0.0081898712614954 -0.0409074530168716 0.083821439404801 -0.607260592509456
0.022351643483895 -0.043561921179503 0.752747585252695 -0.272788938036553
-0.0134772393844778 0.0178094866388938 0.665889335586037 0.56909710215264
-0.0258362841503445 -0.0183000226266255 -0.0284741755356553 0.630766105700485
-0.0158799196030262 -0.035153878452431 0.0705127455265655 0.06974228057368
-0.00509359605793836 -0.005716238977245 0.195763909608661 -0.61629048668415
-0.0139576856776548 0.003093873732967 -0.520921194549833 -0.797283827199847
-0.00231199878386788 -0.0322694510020322 -0.892048962006851 0.0983044809717518
-0.0277295476458812 -0.0366933592417586 -0.183371263708404 0.684518857008107
-0.0359651523080703 0.00957775892064721 0.32542656730423 0.35171363709804
-0.0219564991935152 0.0068410169693605 0.235236143775533 -0.0255504973023976
-0.00840651465350789 0.00321230205316099 -0.0535320805543114 -0.184793689808758
-0.0162786182095466 0.0212421112793217 0.0196114393236536 0.155814968482639
-0.0262411949186117 0.00831456869428035 -0.180905031666679 0.0559123661218257
-0.0217862171143182 -0.0168757162404682 -0.312122170715823 -0.304473589912918
-0.00540374034741399 -0.0491422658978859 0.131136811769633 -0.602225548230053
0.0312097695179686 -0.0418416875952855 0.775545544555042 -0.219198946252699
-0.0105439052854631 0.0261795247210978 0.624715576999428 0.619007808098408
-0.0286056237262588 -0.010917965729958 -0.0666828999029423 0.62969515776437
-0.0210358314066263 -0.0292836225345514 0.0690095998056211 0.0572089041834584
-0.00885327354300831 0.00388783461987241 0.159816612209056 -0.626590500045306
-0.0102933013259793 0.0109712385744512 -0.573104092735189 -0.753460935982872
0.000628062802687825 -0.0323991479446578 -0.876423962609432 0.163908162082078
-0.0307559811134782 -0.0421761479961637 -0.13256725685443 0.693494970708096
-0.0399075458647225 0.00597604971828208 0.346143587090481 0.333296801481138
-0.0275229612019006 0.0066744517338923 0.231935985485431 -0.0387853686013713
-0.0137233729812367 0.00599892989913021 -0.0539095785434008 -0.188773804637457
-0.0190013381185589 0.0253940057482212 0.0196560073952545 0.14876981038404
-0.0299674643336365 0.00596185237072184 -0.183034454492381 0.0429544474255993
-0.0231794025679865 -0.0223709402056303 -0.291867068933424 -0.322784443764419
-0.0025742319620876 -0.054491978550282 0.177256312175912 -0.591878776976354
0.0400988469353393 -0.0374431593753606 0.794656824775305 -0.161242550510424
-0.00559682058551372 0.0351025268431455 0.582718133623946 0.66510615712426
-0.0285302074561574 -0.000307273222142305 -0.102530209319964 0.628006121233675
-0.0254570899035118 -0.0181742908326123 0.0658952353953915 0.0474914600521778
-0.00767579962961465 0.0160606611890709 0.123530028813144 -0.631869190314562
-0.000502549831153092 0.019073546943002 -0.622775618151989 -0.703560213816344
0.00429372687785093 -0.0323442439836075 -0.855168906650429 0.22666626634803
-0.0351983725060863 -0.0445358418531476 -0.0802704072141106 0.700060009344813
-0.0420265854892785 0.00464565979941489 0.365479386273236 0.314935538486598
-0.0302951055773622 0.00726659621776912 0.229434565925048 -0.0513504902688857
-0.0161333459838929 0.0106071836946954 -0.0511142944081501 -0.193251866291513
-0.0183334374306615 0.0278350417216334 0.023161913645873 0.143927838530745
-0.0292537531084115 0.00426838012973368 -0.18222332682955 0.0337321739363883
-0.0222532914634092 -0.0263416572450642 -0.273524466862985 -0.335710305535409
-0.00104977857986576 -0.0560963593073108 0.212726670366808 -0.578273379210821
0.0475415593755869 -0.0312389689469097 0.806945776223281 -0.11423853329335
0.000857911776297446 0.0453770617051469 0.545613049133865 0.707238871658227
-0.0266262845745336 0.0108433047775707 -0.133050737135591 0.629006341766865
-0.0270486097760302 -0.00534841739788602 0.0612555990484077 0.0434074225271129
-0.00270986131336067 0.0286587846144905 0.0958696125547104 -0.631334518815602
0.0093346199923381 0.0254764637925199 -0.658527970727339 -0.661426271916205
0.00673357911061062 -0.0311452959802946 -0.837170526414992 0.276091294574478
-0.0396452386851598 -0.0430146767980843 -0.0414655699567051 0.703683963690916
-0.0415399453120484 0.00454032171640679 0.380838145959561 0.299111410964679
-0.0286647337601488 0.00836027176039101 0.228154008730929 -0.0615697913070421
-0.0153729391277907 0.0139715989082985 -0.0497935679263068 -0.198811801598188
-0.0139967472112613 0.0296751721879752 0.0276055378112203 0.141080412271289
-0.0248800897285561 0.00326077692491585 -0.177619301490953 0.0274353515156514
-0.0189757559595935 -0.0274924390495051 -0.258735142439224 -0.342017431266858
-0.000394545110670513 -0.0530320832476636 0.235950695184163 -0.568166053174515
0.0522886335294808 -0.0254820512955302 0.814286971526157 -0.0748403226840652
0.00814297740794035 0.052739965371728 0.515560918399698 0.73860543778272
-0.0230683767153214 0.0222334723752448 -0.153837275313285 0.633371012766635
-0.0265391382780157 0.00663713145070447 0.0558957895406701 0.044399459589898
0.00361543053400704 0.0387644454013468 0.0764254960853744 -0.625919197166454
0.0202023962572445 0.0290954103866289 -0.678012122298153 -0.6299903160712
0.00811915613700761 -0.0290332759367489 -0.824908910999929 0.307056876452666
-0.0418401981476603 -0.0384717121661449 -0.0163912002709529 0.704689631432245
-0.0394834046357331 0.00500806338086394 0.391609035700059 0.288503740114946
-0.0231730050122902 0.00990203812388445 0.228461180736412 -0.0688762214002716
-0.0114215244681409 0.0168762342805988 -0.0461919482770391 -0.203178792485415
0.0110467473715212 0.00845072952983277 0.0194736033890332 0.166420216722089
0.0113800468646393 0.00763030127891466 -0.158161751740475 0.078477036854669
-0.000464574563968921 0.00631453634407339 -0.330296260839676 -0.263437249549036
-0.0126767833588858 -0.00905910391782624 0.0215512031776805 -0.595272780413847
0.00223247670636005 -0.0402265416552198 0.700369189832451 -0.325176505348748
-0.00154480141258836 0.00145328228097051 0.701301625249471 0.503654576163539
-0.00469126094153969 -0.0144405578693929 0.0114153199477652 0.641612550039004
0.00192445271054787 -0.0317698874191228 0.0582953589468408 0.108680746946606
0.0169239991205109 -0.0140171021793247 0.267346114896113 -0.559008007342977
-0.00876650303204867 -0.0133785602181141 -0.379934585170612 -0.860991217527603
-0.0169582870933428 -0.0235253887552098 -0.901889394394269 -0.0502347095650227
-0.0346934217750787 -0.00142809905997013 -0.309323459142969 0.636610850671553
-0.0208362420991718 0.0297366082996337 0.261067735806356 0.390239204304104
0.00816665716401588 0.0135009619864324 0.240001122807962 0.0121026260766401
0.0122786451396118 -0.0025767522058416 -0.036222007693454 -0.176706041642304
0.00393117331627523 0.00951379132759832 0.0162454891015101 0.166930224964206
0.00101343477385509 0.00909711678757816 -0.164444875982967 0.0763140670751825
-0.00652493868133866 0.00353362258010451 -0.329583956527809 -0.267194356258709
-0.0128047247175802 -0.0180943964574319 0.0376958291800533 -0.596872927553541
0.00381775145108425 -0.043873823823488 0.708596620503471 -0.312477555337574
-0.00843368555639437 0.0018483077106802 0.687875605360982 0.516340667007905
-0.01297117897553 -0.0192723972257144 -0.000716623420048214 0.633125234303873
-0.00186137347756382 -0.0382616109617663 0.0634519821502715 0.0979054229331748
0.0100452737733883 -0.0190792896506145 0.26046629054154 -0.573703341100638
-0.0162127276291 -0.0132167801112229 -0.398114911088676 -0.853806389069279
-0.0147448206120109 -0.0267648512516702 -0.89804220641715 -0.0336654098476793
-0.0301462855312809 -0.00918458058048189 -0.292655820933087 0.640923028205197
-0.0242269455410453 0.0247064075872699 0.266968612810936 0.384962785335877
-0.000702792009987808 0.0107378504087167 0.237595117748871 0.00733790822363114
0.00497537798177526 -0.00236489679909637 -0.0390906847372907 -0.178387613670669
-0.00347931437423104 0.0120100414347714 0.0141417736981887 0.164347910417978
-0.00862509081425889 0.00958398348745002 -0.170760935711984 0.0687789357442644
-0.0136097341168666 -0.000555323572432791 -0.321965585619836 -0.280286019790103
-0.0124440227708386 -0.0285472767296857 0.0692241802166378 -0.597756822771716
0.0082187824427846 -0.0471476701769676 0.725606360544284 -0.282199914235571
-0.0111205285891695 0.00550838865680192 0.662972967390658 0.543262154079666
-0.020342331461796 -0.0190331793987992 -0.0240865579542825 0.626389629532342
-0.00738268175053709 -0.0402882226992302 0.0669355040397703 0.0840400372959094
0.00363411287026173 -0.018098639781829 0.241304249773123 -0.590552625539737
-0.0196381523298812 -0.00937789896252148 -0.438162770976961 -0.835601887901142
-0.010802573447719 -0.0285560949408585 -0.890102838163646 0.00831996067728625
-0.0269855373693127 -0.0172922033733594 -0.256880727922131 0.650071645168112
-0.0280952705659655 0.0191975870829354 0.282564594575825 0.373118401107643
-0.00973530479388812 0.00780869949657282 0.234048391771527 -0.00220192902094014
-0.00288087874522598 -0.0016334559350027 -0.0420567526484843 -0.180806159811175
-0.0105248540685503 0.0163831813843935 0.0107054037411265 0.161855067256564
-0.0185137133670061 0.00904896624957984 -0.176782557929281 0.0587038847310897
-0.0192996893562296 -0.00682342424767413 -0.308222537687765 -0.298263051146228
-0.011116528381761 -0.0390254799919409 0.109199500030207 -0.593867118940462
0.0163590108623554 -0.0474899543050489 0.747089474746531 -0.237789937111477
-0.0106350475640174 0.0113449773851081 0.624056060551166 0.584160622444891
-0.0255262108459549 -0.0150629487887929 -0.055123468628756 0.621018223891364
-0.0146330572888575 -0.0371264974079339 0.0671105399696976 0.0704523067134914
-0.00350937997261648 -0.0126169833100649 0.213967596492442 -0.602764790485449
-0.0195238958197201 -0.00100170827822445 -0.488982977220455 -0.806242015859411
-0.00633068795439633 -0.0298798406707702 -0.880115503017701 0.0646289394588676
-0.0261887603332965 -0.0253306356185571 -0.2106572152328 0.662476738832115
-0.0314464150135609 0.0135863161453883 0.300016670196688 0.359290220416384
-0.0180265485339283 0.00652755760810378 0.231598906429818 -0.0138713040218666
-0.0103192906928461 0.00182010654733858 -0.0410225428071356 -0.184258875946195
-0.015172326214021 0.0189035599092825 0.0108880946132977 0.156880021697653
-0.0250437660242226 0.00775080386532493 -0.179685516535979 0.0462063342338359
-0.0232353144625824 -0.0133781718992194 -0.289963777305508 -0.314597831919853
-0.00880286083463759 -0.0478022153812947 0.156126899926677 -0.587952353556555
0.0253440970511028 -0.0458755046259821 0.769453559454251 -0.185325840575054
-0.00849593909609302 0.0199125721015345 0.581389233700647 0.632170536451274
-0.0285204942188868 -0.00784157662456243 -0.0912729138874317 0.617028351784805
-0.0197931001700805 -0.0304107874815688 0.0657251402639473 0.0585979171175204
-0.007252859336728 -0.00236975956758057 0.179207996869203 -0.615369949804177
-0.0165699973855528 0.00767578309725283 -0.542315789029222 -0.761778834848543
-0.0034238144190296 -0.0297397458097804 -0.867473809844305 0.129889931966395
-0.0271240796674072 -0.0300993197533387 -0.159239137179517 0.673327043681297
-0.0344791002822162 0.0101646982053446 0.322647147134375 0.342531963550715
-0.0232941671167126 0.00593534709343295 0.228949366328331 -0.0271038097887628
-0.0146761501427305 0.00438899791565548 -0.0417098592497222 -0.188698596727953
-0.0187534473326838 0.023129249592143 0.0114781750193181 0.150149900629787
-0.0284029911617139 0.00549424998232779 -0.182486493959365 0.0336253380828188
-0.0246948508566929 -0.0197343534043403 -0.269574203804507 -0.331157687825713
-0.00563349460726605 -0.0536711188757346 0.200153729106702 -0.576826998026446
0.0346379319573931 -0.0411877511044735 0.786870765297395 -0.125512439485043
-0.00364018490884743 0.0298818267691818 0.539224043865042 0.676110386569731
-0.0294524086905739 0.00266377220824264 -0.127382547755589 0.615430939778931
-0.0245508579539993 -0.0197500037839095 0.0632128935240274 0.0480923223697996
-0.00754399958621671 0.0105807705616898 0.145115045254671 -0.619885771442506
-0.00824656779695592 0.0169115852390346 -0.592360558645224 -0.714177825806726
0.000288773619931416 -0.0284608828137098 -0.84914732519787 0.190884567752252
-0.0307558360661732 -0.0333044226052357 -0.109710695812054 0.682673613411192
-0.0365498685149214 0.00801523352997148 0.342204868452955 0.325290680579871
-0.0256854673093216 0.00638261597697206 0.227871830192745 -0.0403511645450275
-0.0174908153010068 0.00937658221388466 -0.0389096497281039 -0.192377271866235
-0.0182444907416392 0.0261236300582647 0.0151363655229066 0.144931067408208
-0.0278354676201074 0.00358562616073399 -0.179802881872839 0.0241742141481829
-0.0237758773433101 -0.0238842836813526 -0.252080293651833 -0.342496821342612
-0.00278446087319263 -0.05483945716871 0.235592987141345 -0.562646090466157
0.0415388959537763 -0.035199903431921 0.796670241576952 -0.0775467178987251
0.00263075771130509 0.0396677594589633 0.501639521292041 0.715155863026623
-0.0293714207729124 0.0137317664070753 -0.156995131010977 0.615096711249848
-0.0274294790408139 -0.00728970934483152 0.0585359198288208 0.0449942035689175
-0.00383346687134822 0.0224680407302108 0.116731114161389 -0.619024745644641
0.00230342315607326 0.0236612845727587 -0.630335756241402 -0.673536602250864
0.00343983824602254 -0.0270217031908702 -0.834780628678431 0.238931093936592
-0.034059992801941 -0.0317513516008778 -0.0713561666364339 0.686726581339049
-0.0363984526172695 0.00779612481275369 0.358973595227397 0.309064136018012
-0.024437953073417 0.00812993404467273 0.227325029714504 -0.0509441033216241
-0.0176684065058992 0.0121052164979084 -0.0361656265903982 -0.196824888204213
-0.0142649752849534 0.0277536767011284 0.0194149922736097 0.142128426972727
-0.0235678395291386 0.00277914343744509 -0.175994520650333 0.0175358415800206
-0.0206890994210504 -0.0252049510073213 -0.236809228250427 -0.349117243715934
-0.00305099822053387 -0.0522238815053461 0.257077529583195 -0.549650685058955
0.0462823272031556 -0.0287689898678884 0.799957239040556 -0.0400162601580162
0.0088132433042509 0.0479945128942319 0.472356650872127 0.745620192595332
-0.026140591618449 0.0250196288076027 -0.177146225681851 0.619975107990173
-0.0272818379816434 0.00443735349625096 0.0536500482925875 0.044871006118594
0.00287856742575208 0.0327994331355513 0.096187631650461 -0.616320876195891
0.0133402819402601 0.0281822951256987 -0.649782752396376 -0.642837935809109
0.00580268177673726 -0.0241470656066833 -0.823268814798789 0.270215661116205
-0.037245475139882 -0.0276450672936468 -0.0484810642953131 0.689991653370356
-0.0335110879035887 0.00849934167874356 0.369274183856752 0.301079179695464
-0.0195953301378264 0.00846886076692722 0.227662892714707 -0.0567258067806002
-0.0135626395173225 0.0148186929653035 -0.033174685438435 -0.202210306254683
0.0117000968758688 0.00829090033300321 0.0188114473313635 0.165277762280545
0.0106317135826235 0.00694917800733826 -0.157078182157672 0.0775952658377473
-0.000930550502500996 0.00635906808241718 -0.328621195099391 -0.263011017890812
-0.0123923416718062 -0.00881053460800342 0.0192455465723155 -0.58980438688426
0.00232214861796721 -0.0400012829617079 0.694717365231863 -0.320697163224292
-0.00123078531205593 0.00203355998840324 0.695458922913029 0.499048606642965
-0.00561899463113827 -0.0153226528774458 0.0093569904271793 0.636512001125275
0.00168880055592676 -0.0317168291542543 0.0578686823603215 0.107851944923616
0.0172108217972152 -0.0148418329309138 0.267084916676019 -0.554913637238283
-0.00845921943226702 -0.0127238404007324 -0.376359601890877 -0.854313621880682
-0.0171555445607204 -0.0233100921010751 -0.896173849665233 -0.0498323202569489
-0.0348523546318701 -0.00157961689769108 -0.306048009657305 0.632619004487954
-0.0203060523057217 0.0296462366281002 0.259809357637263 0.387386641265468
0.00855400749313557 0.013695791295412 0.238457240036424 0.0123208153566515
0.0124848466077593 -0.00246164710466656 -0.0352427149917546 -0.174762330469668
0.0045101798456413 0.00977658208339134 0.0168238780882527 0.166475043023114
0.00119547354488859 0.00822426196484924 -0.162635535884076 0.0748829476983095
-0.00717948464919167 0.00356334575358302 -0.327039106262609 -0.266194437758247
-0.0121837501670568 -0.0177759117218923 0.0358594906906531 -0.591530527416768
0.00387073335855197 -0.0433269333077901 0.703645681444738 -0.309376196473596
-0.00814928102683659 0.00196672982210515 0.680029641658077 0.512359340246179
-0.0130938306291098 -0.0192544382736207 -0.00204809907136671 0.627697965013816
-0.00240568550532733 -0.038844625132247 0.0629470643208789 0.0961665654985554
0.0103351323783005 -0.0196098505502389 0.260061072346861 -0.567255322411194
-0.0149903153048012 -0.0128004953861724 -0.393667885042301 -0.847708253103411
-0.0147451933731479 -0.0265129626057939 -0.891347944609146 -0.0328622328723684
-0.0303012978251855 -0.0092158546038453 -0.289282703898395 0.636733148124696
-0.0237088499954391 0.0246163640625945 0.2636341883374 0.380001344807099
-0.00103141751453432 0.0109474341908951 0.236003806996517 0.00668343660105036
0.00493857404766129 -0.00262800876360924 -0.0382089479049808 -0.176990783903334
-0.00308109716758781 0.0119691490074148 0.0137996668108205 0.163930525419955
-0.00912476753752963 0.00936674089753667 -0.168581226482506 0.0677350854543652
-0.0137915411635776 -0.000480052982516922 -0.31921259895884 -0.279696466883588
-0.0121124828606191 -0.0280704448847917 0.067579398674411 -0.591255779666583
0.00865977573080294 -0.0463839672130525 0.720569060727027 -0.28014700011613
-0.0113680156762847 0.00527097349525527 0.65633111861604 0.539673097680862
-0.0200085997263771 -0.0194656030117319 -0.0235474162639699 0.620590882105311
-0.00813331680134691 -0.040674985552606 0.0665731873377832 0.0831692627224601
0.00280660177127329 -0.0179920027254334 0.239389138839199 -0.583988937423823
-0.0195560250106559 -0.00844584427357081 -0.434325293314179 -0.828786552147541
-0.0116699069083735 -0.0278816830652439 -0.884270662397207 0.00842611907964545
-0.0267473676555481 -0.0177204303992173 -0.254495964220251 0.645236875940214
-0.0277296887148846 0.0191103009884018 0.278710383860405 0.370947925732845
-0.00952876457478877 0.00806621402814085 0.232465830982522 -0.00338336885685078
-0.00253746461883874 -0.00197433037534867 -0.0414003938431573 -0.179645448254122
-0.0101055477227498 0.0154547330129965 0.0102022366532086 0.161570295455488
-0.0176860049013755 0.00855428926523215 -0.174751764650793 0.0574880393939347
-0.0196664477449049 -0.00725079296560552 -0.307183077214232 -0.297069711196571
-0.0101824315168298 -0.0391312466831918 0.108115789880344 -0.589028859198976
0.0166346537252073 -0.0468796090209825 0.742221286092243 -0.23467585649044
-0.010460368854601 0.0122453223969238 0.620143159663988 0.580747057266093
-0.0254639029782032 -0.0155689217977771 -0.0561283500478177 0.614908845988031
-0.0139008325840557 -0.0368091254446997 0.0669705304482962 0.0697248613774389
-0.00298922428086487 -0.0121849158932414 0.214886529507531 -0.598597673539508
-0.0193858434687717 -0.00110194028916514 -0.484520006065754 -0.797534087580354
-0.00688921100760129 -0.0288142142917483 -0.874901594500905 0.0646689737799878
-0.0257797407122278 -0.0253504786857753 -0.208574085425174 0.658005642896317
-0.0309449442273924 0.0141745460301539 0.298440069667269 0.356554759064058
-0.0175596740334226 0.00643707699888883 0.229479124131624 -0.0140137360840171
-0.0102839320005817 0.00138567773502525 -0.0412212528124468 -0.183215589259002
-0.0150947190146214 0.0192760516449066 0.0106696904770258 0.155481029690207
-0.0246758704968467 0.00716747665814646 -0.17846143622048 0.0457798430185957
-0.0231618827112472 -0.0134880240996502 -0.286937495796212 -0.31394465242571
-0.00753513704469225 -0.047628660840154 0.153933784216401 -0.582171063845015
0.0250711513453773 -0.0453726475350173 0.76436657822179 -0.179985955026318
-0.00840978685036871 0.0195622639586891 0.578103088571779 0.626474210345672
-0.0286046420103553 -0.00854861059577424 -0.0919282224931186 0.61154553429347
-0.0195012748322332 -0.0303588313452369 0.0659684317693368 0.0574303707743604
-0.00662733603728772 -0.00294928600468331 0.179000692240368 -0.609354565236468
-0.0156836278374892 0.00808176579508916 -0.537709106222016 -0.757178367177693
-0.00320488155270187 -0.0285207743267512 -0.861265540344055 0.128864623628524
-0.027891485283542 -0.0305042121973971 -0.158192062278683 0.668148008145792
-0.0346778497555809 0.0104301820758273 0.319493706634794 0.339581688077821
-0.0228044318966411 0.00556337222333574 0.227328640443408 -0.0272195117918179
-0.0145004816057605 0.00415170056784021 -0.0409882095776149 -0.187576587421351
-0.0181166422811597 0.0232161799756095 0.00986091174938551 0.148787179936043
-0.0281166945333943 0.00487604871631485 -0.179624054504395 0.0320831700452698
-0.0243472607916526 -0.0200310176118938 -0.267545999951624 -0.330152409082005
-0.00456076575427847 -0.0534542044414646 0.198551022446618 -0.571092175894018
0.0343858191164737 -0.0407936804795349 0.779986289650037 -0.125096984958674
-0.00359751885422704 0.0296536270363727 0.534304067453731 0.671047963270848
-0.0297338604029577 0.0017515510847127 -0.126752912491224 0.608220265276763
-0.0247249109903434 -0.0198331861530845 0.0630832238742909 0.0475764486120122
-0.00694015586405254 0.00942922085413834 0.143679686610964 -0.615966818207951
-0.00744182991756599 0.0167469833242963 -0.587621369876246 -0.709631673433588
0.000874358292189865 -0.0281396906050622 -0.842650436019356 0.188940070262913
-0.0310928850478109 -0.0333024691767758 -0.106970277731589 0.678425968656949
-0.0362296758466417 0.00813451007066316 0.34064570266693 0.323200476860212
-0.0254507950364724 0.0065993367658377 0.226144651777747 -0.0397919376221421
-0.0178027811906931 0.0090989263358907 -0.0384620646588764 -0.191138759831314
-0.0175766151180411 0.0252948675487252 0.0149737911257535 0.144431486305535
-0.0278320625845485 0.00336953932725802 -0.176938649704397 0.02355957668097
-0.0232548074085463 -0.0239126950831559 -0.24961427714647 -0.34157486435489
-0.00236429591991228 -0.0548970087558533 0.232834335915588 -0.55785546551742
0.0415031538972477 -0.0349947341045562 0.788374366955238 -0.076659802637921
0.00237605909427321 0.0395635830155853 0.496706636622957 0.710156180902021
-0.0287193431184524 0.0134216392021833 -0.156479468079383 0.610274485774602
-0.0270945882676531 -0.00742324449042476 0.0582807737348332 0.0437201720371317
-0.003839763124692 0.0218311996213154 0.117379299476883 -0.615405123658903
0.00253625627320152 0.0237765150271827 -0.624826068544193 -0.66859188022736
0.00301058249098448 -0.0268186105943223 -0.827151222041482 0.2376934405198
-0.0347301581531251 -0.031403702683992 -0.0686375607987784 0.683150701453573
-0.0359639532645584 0.00813422249678885 0.355719927621083 0.308088922809311
-0.0235500449736027 0.00765586133518512 0.224624320101232 -0.0502628590139429
-0.0162796399780236 0.0124824659640352 -0.0360860454729157 -0.195819976232453
-0.0136194825288821 0.027553182989537 0.0192994370744128 0.141214114532501
-0.02328588325282 0.00233355360505414 -0.172942575506414 0.0169569012995944
-0.0203589730060465 -0.0249299212663723 -0.23583477639346 -0.348356713044192
-0.00228299184649078 -0.0523229763888573 0.253423802562725 -0.544500062542336
0.0453525572968036 -0.0287362085122478 0.793056410924785 -0.0383745433966201
0.0096723197536386 0.0478448624441267 0.468170008692327 0.740251223031691
-0.026369404210343 0.0242675925776511 -0.175808353934937 0.612112283369048
-0.0270544192309782 0.00407988405590334 0.0535667324804443 0.0442871420710234
0.00317238172503335 0.031940831551019 0.0984395534072045 -0.611330411594819
0.0133775993937239 0.0282503336793649 -0.644279008532553 -0.638203895694841
0.00567724555027824 -0.0236189328625666 -0.815638119598091 0.268743782674835
-0.037084584557127 -0.0277691951636588 -0.0460939801822068 0.685514083426253
-0.0338702403259253 0.00855611896437797 0.366962194408567 0.297365070132813
-0.0192672690972934 0.00926855842496998 0.225191933067512 -0.0564774073827898
-0.0132107734590144 0.0146185093388845 -0.0333993190773526 -0.20050091880575
0.0118653462000092 0.00836006647074118 0.017962570380221 0.164402935647721
0.0102212719217459 0.00648128206341342 -0.154454318035147 0.0766841654312202
-0.000581729095058684 0.00609392840516235 -0.326000579904262 -0.261312588495633
-0.011131562604651 -0.00893338028704895 0.0217692720137153 -0.585971603042001
0.00211477095846821 -0.0388942184975486 0.690275445909931 -0.316782900338367
-0.00147641079943869 0.00120289727996623 0.688701536580412 0.497506950944877
-0.00506804480763577 -0.0155256281236584 0.00986568426459586 0.631947158103433
0.00149876207878906 -0.031894652007159 0.0572762847991592 0.106592024706098
0.017228732590214 -0.0152166513222597 0.267436641527931 -0.549474655058142
-0.00737324440510514 -0.0130296456961351 -0.372914850758905 -0.85030498539152
-0.0169585667755372 -0.0233430165953665 -0.888447998563522 -0.0517589428525941
-0.0347584001957692 -0.00146373124777276 -0.306566495599046 0.629116581088958
-0.0198763063519758 0.0296275952683486 0.257155320228821 0.384721217658309
0.00842632166964069 0.0138240815942365 0.236356601789975 0.0126839685493221
0.0122627932897952 -0.00280615644158791 -0.0347835865182038 -0.173520152252001
0.00444031128570874 0.00997219368524437 0.0154727008642254 0.165611132431853
0.00101168929610874 0.00868322253020167 -0.160449322779926 0.0735050192515629
-0.00706671338607498 0.00326418466500867 -0.325487870558215 -0.265730783723033
-0.0114262737523167 -0.017817275100295 0.0368803522784532 -0.588044809109173
0.00399469767446253 -0.0424978546010909 0.697771257587812 -0.304600823039318
-0.00819119349799396 0.00214543495377977 0.674008035622432 0.508392242555156
-0.0132199069607648 -0.0203906220612664 -0.00268403652508646 0.623538748121967
-0.00204378960364711 -0.0389189087873802 0.063297482344181 0.095693947369576
0.0109218087721453 -0.0195905540143582 0.260044509928766 -0.563797001522967
-0.0142430675381283 -0.0124372640663999 -0.389624030940488 -0.844570776908739
-0.014872245132486 -0.0262329993952579 -0.88359276435177 -0.0333636368461099
-0.0302308541104168 -0.00940549739408812 -0.289159091276414 0.631587517874755
-0.0229139469205372 0.0245394995393704 0.26372593599547 0.377911580735994
-0.000639746164902999 0.0107876661518009 0.233881688632107 0.00703136505898997
0.00472193464413229 -0.00279863814836458 -0.0375849865889932 -0.175517882635608
-0.00236922636447197 0.0116902323981053 0.0128060506716894 0.162643998056285
-0.00907938777768923 0.00857086651001104 -0.16615286920008 0.066261044573581
-0.0136101031236161 -0.000913675284600161 -0.316811986631188 -0.279316644091577
-0.0113622201996976 -0.0285383412070727 0.0676498899712097 -0.587676848992211
0.00895368860303801 -0.0460114954727408 0.714617798612054 -0.275877410172993
-0.0110134904418424 0.00527803246423412 0.64809814807671 0.537574739008504
-0.02024204421497 -0.0199569473056585 -0.0251783394894287 0.616003914233722
-0.00774309358440157 -0.0401148466824228 0.0659214042585986 0.0824850477394366
0.00332771903327304 -0.0189912139287582 0.240735704257501 -0.579865023923645
-0.0191160073781356 -0.00794360776299466 -0.429996603100268 -0.826637315811313
-0.0111584533918994 -0.0281364565763876 -0.877785272458927 0.00660900469886635
-0.0270648795233603 -0.0176453126659071 -0.252374357176815 0.641068685141896
-0.0267878189119172 0.019303185011604 0.277996486784366 0.366948712806409
-0.00956471997572874 0.00841221505530175 0.23064602570558 -0.00270249424887748
-0.00268877796623939 -0.00129393872528698 -0.0406029685410714 -0.178158377054286
-0.00951052325242261 0.0153517077978266 0.00993340451264703 0.159531910417293
-0.018074605302737 0.00854675540760103 -0.17284710251593 0.0557325553503545
-0.0193528806841415 -0.00712210264521254 -0.303665403477826 -0.296429463820817
-0.0101642717116424 -0.0380376724335032 0.107476590953224 -0.585498264132672
0.016091366967495 -0.0463492004453499 0.735794542383225 -0.231960470822342
-0.0104747344270488 0.0118325163553283 0.61117855827509 0.577545090211767
-0.0253804118633908 -0.0153865008843272 -0.0571957138476477 0.610145390677361
-0.0141276481893891 -0.037291639363442 0.0668064263492673 0.0694385786064887
-0.00333930150280335 -0.0129802804397185 0.215135071371465 -0.592158662187544
-0.0190066321145625 -0.000921789185595729 -0.479718671854671 -0.795102190104711
-0.00630138955725614 -0.0289131463784317 -0.866754485427443 0.0613548911949264
-0.0260693692288201 -0.0253632713616755 -0.206956125009059 0.652560483249546
-0.0305986729007546 0.0134563146080669 0.296373554783604 0.354689674285109
-0.0174028470127451 0.00639654740066426 0.227638413215907 -0.013756793528599
-0.00970173803979701 0.00119551008850976 -0.040094049882242 -0.181553053080766
-0.0140715085482277 0.0190091700494139 0.010023811946418 0.154747563971948
-0.0246564984043225 0.00668777668405457 -0.175711302502207 0.043596961457297
-0.0228185329588777 -0.0136683329390894 -0.285345015651264 -0.312056826064641
-0.00708545602238824 -0.0472859177308844 0.153648986145245 -0.577936045672938
0.0242584597494482 -0.0451413705708031 0.757710344621276 -0.177976977229291
-0.00889637120632639 0.0193814284897306 0.570774400828863 0.623317995725076
-0.0283495734040278 -0.00917738794894088 -0.0921314091287669 0.606062007284067
-0.0195313093654188 -0.0308759357972892 0.0649994517226788 0.0566545257870999
-0.00673824103277508 -0.00438640018912337 0.179465637387373 -0.605297216826793
-0.0150547966793416 0.00822472960906932 -0.53329228523625 -0.751429477198317
-0.00302593655720839 -0.0289343683755845 -0.855459544670792 0.126505063316262
-0.0273445663775985 -0.0305043893456265 -0.157873399036514 0.664493802384172
-0.0337907026809845 0.0102205226322895 0.318143412289224 0.337050487605515
-0.0227976131330174 0.00613621897418307 0.226217784300515 -0.0263763907214977
-0.0149102519194343 0.00437651153461645 -0.040508066946022 -0.186426572074216
-0.0174119517126151 0.0228399603729624 0.010066994897277 0.148495761760209
-0.0287787979017311 0.0046464630730465 -0.177162003940613 0.0319001388078629
-0.0243244984456758 -0.0197829796170464 -0.265286780437321 -0.328500631152005
-0.00381970826893494 -0.0532358648294276 0.198573486753668 -0.565839543704319
0.0338635548684418 -0.0402854710148919 0.77516376693384 -0.122521959218781
-0.00378566912309454 0.0300012692758037 0.528852582992106 0.669073350715764
-0.0293772699163237 0.0010498527926507 -0.126671977803109 0.60426164534644
-0.0247616913516732 -0.0202922991049571 0.0627602039600747 0.0468983854490466
-0.0071810238420368 0.00863564351302245 0.146559034311331 -0.611762026859968
-0.0065047103775872 0.0169775941618576 -0.583038868534786 -0.705399498185452
0.000379792110196035 -0.0280668329385818 -0.838476605631295 0.186955297572328
-0.030857284715424 -0.032886459519886 -0.107413972507194 0.673236868819245
-0.0356088663857597 0.00811130093829215 0.337660004521867 0.319989763126202
-0.0251229827923396 0.00674822493759352 0.223351401748784 -0.0393250141366784
-0.0169616675498795 0.00862227809799966 -0.0380775189389595 -0.189316473409307
-0.0174194688584452 0.0258421141923008 0.0136634907233322 0.143036680761112
-0.0275077537464208 0.00275472537628553 -0.17574981336473 0.0220097323730938
-0.0233966541006648 -0.0238994920752226 -0.247926331350215 -0.339306234895223
-0.00256805784213582 -0.0551666408549451 0.2313543170981 -0.553370152199656
0.0414107522929258 -0.0337978264081943 0.783392541448791 -0.0725151438563226
0.00263848616275538 0.0393682545481028 0.490778256603263 0.705649580746305
-0.028967714843864 0.0118516660697932 -0.156549769907765 0.603924647492152
-0.026926488837187 -0.0084665792372037 0.0580865637576376 0.0427494271066951
-0.00401624773931685 0.0211702683541355 0.118720932092923 -0.610618044051687
0.00328755500341569 0.024265330129627 -0.617923894619552 -0.666435374424128
0.00354932902512614 -0.0264560832341554 -0.822692835391635 0.234790253667206
-0.0341508611170367 -0.031704892976534 -0.0694843757269925 0.677862379857631
-0.0353642521595959 0.00788069596957233 0.353599554339749 0.306570156869436
-0.0237396278786517 0.00822679377436217 0.223096498890849 -0.0493769230508222
-0.0165876488274175 0.0121853242926318 -0.0356472639155983 -0.194654115205654
-0.0130726616919485 0.027059264830225 0.0177973141967796 0.141118937769331
-0.0236751250605615 0.00160705863446584 -0.171074740522806 0.0160546741045285
-0.0204515951484927 -0.0250894089476672 -0.233658334049981 -0.347645724242163
-0.00167083826387151 -0.0517010455049414 0.253622105819011 -0.539808051626984
0.0457197990818156 -0.0279307651460531 0.78855744038878 -0.034817466053097
0.00923687687481008 0.0473948221537534 0.461771588824635 0.736642710022824
-0.0258325103157142 0.0232790755649405 -0.176725532841655 0.607744234866686
-0.0271053455176036 0.00394270306100861 0.0532900317520111 0.0441120845480406
0.00293281745543745 0.0315419254397168 0.100126401217474 -0.607426360071742
0.0137456793175174 0.0276787124090517 -0.63987404433633 -0.635242491368445
0.00561200911457533 -0.0232160646638955 -0.8102989137645 0.264311489179289
-0.036918740047644 -0.0277063397218831 -0.0460500955093151 0.680323897315937
-0.0331090162339581 0.00832984491668059 0.364241956188863 0.29673921300515
-0.0189664199908439 0.00905349261327977 0.223497264204752 -0.0555278484741062
-0.0124782435426092 0.0144335403705191 -0.0330570867093437 -0.199693510716903
0.0115890541107918 0.00811408645240088 0.0176491823478015 0.164095131943848
0.0106637835488667 0.00653545435060345 -0.153269996539791 0.07459437000943
-0.00056932824978952 0.00558052354252066 -0.32465597405408 -0.264536497598186
-0.0108534266973239 -0.00936702777987437 0.0213254367326017 -0.582403879261117
0.00228383188916011 -0.0378844023252789 0.686979378314135 -0.312717801721818
-0.00116103052663162 0.0019442715708881 0.68391835585667 0.499124168029635
-0.00492879501687895 -0.0162271323627376 0.00615104159578184 0.627754894650197
0.0018993142643771 -0.0316974664702198 0.0574044211488857 0.106171667711197
0.0168488879161962 -0.0149257201770025 0.269295386515099 -0.545724057952854
-0.00716487618731006 -0.0122001009964806 -0.367930699176643 -0.848099532553219
-0.0164913131265364 -0.0232525188824515 -0.884155326471985 -0.0525406862146432
-0.0351822962885452 -0.00193480806798226 -0.306402248227582 0.624531716453022
-0.0198028708963016 0.029407075781396 0.254507968321317 0.384249597340251
0.00824008653408167 0.0138917417465258 0.235380755589406 0.0127721813779765
0.0120786420506033 -0.00202261943927969 -0.0337595032210609 -0.172760593351635
0.00504458167313973 0.00951862294806862 0.0143731929591014 0.164375671346398
0.00102411812525433 0.00702443654900883 -0.159123468319447 0.072231704742107
-0.0071350355214423 0.00299220739041935 -0.322429512794831 -0.267338093156274
-0.0112377945037162 -0.0176895127545106 0.0371239314225508 -0.584090821387179
0.00397839588769546 -0.0419984198946705 0.697037974218268 -0.301237246026327
-0.00786976907564509 0.00194789112419504 0.668099016088274 0.510475546956201
-0.0132805262147992 -0.02086127066174 -0.00478554876343945 0.619670274675972
-0.00235152741607922 -0.0388285907934018 0.0621337809360261 0.0953568778769326
0.0104221725486334 -0.0202665205630882 0.262638231746931 -0.560595285023189
-0.0138163981255099 -0.0124439260990776 -0.384828360663371 -0.840661559401185
-0.0147910860555278 -0.0258795520389071 -0.880900672219129 -0.0351306022113872
-0.0303801233618871 -0.00946695160601229 -0.288164473793348 0.628772263294516
-0.0229367046573133 0.0244169855591433 0.260337430373411 0.377042373315143
0.000334531358127382 0.0107074332278024 0.232392627030718 0.00728751056172687
0.00558691248122293 -0.00250707604677445 -0.0368715526698344 -0.175086657948558
-0.00234044315696803 0.0115899040895765 0.0127537459110892 0.162682511966828
-0.00920350668996785 0.00801327807215651 -0.165159155694741 0.0650928027639193
-0.0133472006798006 -0.00150285017536084 -0.314390410090779 -0.280394312287296
-0.0106821343245034 -0.0278376013852186 0.0704816780980841 -0.585782940601783
0.00854017155767468 -0.0446256877006523 0.712924123069799 -0.271725183837037
-0.0113908340946852 0.00561653656959835 0.643638590737065 0.536200274496288
-0.0201823242705908 -0.0206437275163896 -0.0274543873056739 0.614121900105567
-0.00734339163076584 -0.0401653568253023 0.0653133226689829 0.081749228080966
0.00362302370309081 -0.0194661236961094 0.242936914705763 -0.575188747398568
-0.0183729736766006 -0.00802218295878613 -0.425458081096436 -0.822949771075934
-0.0109527221921568 -0.0282113120274492 -0.874752827754727 0.00467296117609716
-0.027045497623275 -0.0185180440800314 -0.253215401615274 0.636637478792758
-0.0264849736682548 0.0192978536940819 0.275303805578007 0.366233063574688
-0.00873006551503964 0.00832454537386957 0.229231026181252 -0.00215702525477266
-0.00235020914556178 -0.00143965858131423 -0.0396500596043904 -0.17712490971321
-0.00883556612755412 0.0155053677377052 0.00832575858522507 0.159121258489698
-0.0182162782671143 0.0077455510458441 -0.171974959459801 0.0549047406971474
-0.0189670580452509 -0.00724635537260482 -0.301044309623781 -0.29720165117158
-0.00911792376706561 -0.0380502004331763 0.108395863364388 -0.582446786807488
0.0159090339898341 -0.0456564132109498 0.735408495006224 -0.227295092158596
-0.0105559071683165 0.0116859728231155 0.608151899213269 0.577752529534239
-0.0253370883853232 -0.0163516738124769 -0.0596355136652594 0.606321195296868
-0.0139897925498857 -0.0368500885698038 0.0662359358489585 0.0685100623797454
-0.00316220803002331 -0.0135007298522638 0.215987674878798 -0.590119023890231
-0.0180415707677533 -0.000476996290473632 -0.473802900166722 -0.791355860711601
-0.00629192177308841 -0.0280652179530025 -0.861298758117249 0.0606588876863164
-0.0259514984342267 -0.0251613690498327 -0.206992187070808 0.648934458343905
-0.0304280425152295 0.0132606519098776 0.294143470395282 0.354829947248517
-0.016731899258098 0.00634300088270829 0.22601517151003 -0.0130021732961805
-0.00956270010985436 0.00110272004625459 -0.0392748121407573 -0.181030191216929
-0.0145028074705807 0.0187034801013851 0.00928015385004598 0.154481224936172
-0.0248387110152545 0.00656749725169061 -0.174968144757187 0.0424117192408111
-0.0229708872388863 -0.0136277816103524 -0.282791066215868 -0.312694394625679
-0.00636905313743045 -0.0475481812404597 0.154476038024114 -0.574444668865023
0.0250307871006538 -0.044398155060219 0.755241735497548 -0.174527892212655
-0.00860248762193686 0.0200259061032642 0.565322898813996 0.624208833581346
-0.0286977044806618 -0.00950117671742308 -0.094833602018312 0.602934489732206
-0.0196719649421826 -0.0309016977980746 0.0653490446175198 0.056184433046779
-0.00666906279561063 -0.00420108910306667 0.181918132946678 -0.603967607922703
-0.0147244809619922 0.0079154001304656 -0.52754788498626 -0.751433967108202
-0.00302206206261177 -0.0288832386679852 -0.851531698493916 0.122635148259556
-0.0276758368399529 -0.0308175596085545 -0.157813266155432 0.661870634071046
-0.0334413296503168 0.00994951084659509 0.315859213948188 0.337228738992483
-0.0223593426527625 0.00626246688177093 0.224768327961269 -0.0258185308492759
-0.0143351063303428 0.00436719339863351 -0.0395635196830686 -0.185786880723929
-0.0173406969790264 0.0224159118623383 0.00940366568889408 0.148141609157779
-0.0285280826694746 0.00381476527063687 -0.175734655188417 0.0295304173495009
-0.0241097455182826 -0.0202362413128276 -0.263313900587459 -0.329832509455391
-0.00363588577338163 -0.0525502698482743 0.198166232889471 -0.563017802927195
0.0336311588208006 -0.0388500927071865 0.771663032555397 -0.117976933928443
-0.00370989645482262 0.0299483190895007 0.523754518518171 0.667519205990884
-0.0292152675143321 0.000114241167455356 -0.130680516945834 0.601562609447568
-0.0244941635548463 -0.0211150005491063 0.0620678731666754 0.0464945434414828
-0.00746066468190562 0.00818657160082179 0.148828317567519 -0.606851466354335
-0.00602964940042915 0.0168376813930297 -0.57655166176738 -0.705835820318681
0.000446187781251679 -0.0280246265605196 -0.834787140993091 0.183316366609153
-0.0311100096029 -0.0336969652015648 -0.109044910007887 0.669312204048974
-0.0354576155301525 0.00818046876639904 0.33491415771562 0.319943591140253
-0.0248180790770197 0.00669623210000831 0.222745142208672 -0.0381902598788119
-0.0169462245794755 0.00854157617818542 -0.0366297533312373 -0.188953047087354
-0.0164460388717504 0.0251036249441084 0.012862097641868 0.14325180852882
-0.0279004765130246 0.00259752248479312 -0.174480005042184 0.0211097904415569
-0.0228786871474197 -0.0237658228658672 -0.246901642035312 -0.340489826323434
-0.00126509968485616 -0.0540204754817099 0.232190274351486 -0.548877841027777
0.0408922914796857 -0.032907903620005 0.780480534924083 -0.0689632659996305
0.0025911418682271 0.0395384960442656 0.485197513306251 0.705479208963181
-0.0285521954842326 0.0115011006738019 -0.158175722083551 0.601110948115212
-0.027293356802785 -0.00815321536209629 0.0575302731294559 0.042745748879808
-0.00383552581417231 0.0205793352607716 0.120861161511022 -0.605940702918648
0.0036235075143033 0.0236797139910593 -0.614358109896875 -0.664341528610999
0.00348822283442126 -0.0258962234104258 -0.820961067867693 0.231078045590674
-0.0338148815873839 -0.0316098594738487 -0.070580957734466 0.674067036912448
-0.0347284779080467 0.00729886703277942 0.350743483975706 0.305388393410156
-0.0238653353479632 0.00784446132991291 0.222077012894724 -0.0486057719982757
-0.0169257455095238 0.011454877854584 -0.0349205713166691 -0.193141701044743
-0.0126343208189343 0.0271849759040809 0.017379935391184 0.140137036895969
-0.0237094001987874 0.00247006547171666 -0.16953972620034 0.0149078975884084
-0.0205473598376228 -0.0255075631120265 -0.232120952317905 -0.344578469435419
-0.00122100863267799 -0.0520056748049781 0.253484917137829 -0.537945297617347
0.0452753139614221 -0.027524723951279 0.783390081824199 -0.0336698372420145
0.00923795651765589 0.0476354855937696 0.456873832925007 0.733236269398923
-0.0257013179709909 0.022321436514233 -0.178742815503602 0.604499949821211
-0.0276478846154017 0.00282672267321993 0.0523665576309998 0.0432479001973919
0.00296602145398343 0.0307064253007172 0.100689866345145 -0.60468009322999
0.0140693199512729 0.0279293347622085 -0.634505689881218 -0.634713151961702
0.00513802611633494 -0.0236318756744912 -0.808762954097834 0.261339430205071
-0.0370057654781223 -0.0281023565534745 -0.0468633481781561 0.676097426867148
-0.0325184099238021 0.00851902485024076 0.362466341106906 0.295653376415252
-0.0189503447133247 0.00890732418099571 0.221660993089219 -0.0544531742448653
-0.012698151699992 0.0143783188602453 -0.0323359977383371 -0.19874424118637
0.012405646546594 0.00790511187235421 0.01691870095827 0.163563847603092
0.00974752636893956 0.00584408947444122 -0.15253624746119 0.0723950227961501
-0.000760092027489473 0.00605288707723906 -0.322831019427381 -0.264951304947354
-0.0109918724822148 -0.00934180231112024 0.0222739692805616 -0.580649897339879
0.00230418779781475 -0.0378430349268295 0.685248450751361 -0.308408376364435
-0.00167966744080137 0.00208552427923635 0.679271348992052 0.498814291154372
-0.00588032488861856 -0.0169552677787391 0.00271681149052384 0.624027773041772
0.00127638043293163 -0.0325533339418884 0.0565051147096684 0.105396873706479
0.0167805340441892 -0.0159304382647337 0.270202053651768 -0.542547524900545
-0.00636851147726078 -0.0122733726996807 -0.363625562353811 -0.846602870290299
-0.0164709294994052 -0.0226823316882178 -0.88107146776548 -0.0565224853466701
-0.0346991697375012 -0.00216114360194824 -0.307021214576187 0.621735701638763
-0.0197340047385993 0.0290528513075479 0.253087239802618 0.38299805875758
0.00849445459305541 0.0135596113324643 0.234841180046166 0.0133177128269621
0.0120301479263709 -0.00275642432612624 -0.0329909307905494 -0.172391460259567
0.00570557760297883 0.00910338621228238 0.0139223805644035 0.163915512726593
0.000901545010480657 0.00733841480268486 -0.157733026361975 0.0706323510630071
-0.00655755356825276 0.00284448490173311 -0.320887626364129 -0.26858074747583
-0.00996676088643497 -0.0176031493957805 0.0385311334846984 -0.581746374717329
0.00416671174352228 -0.0415336984129259 0.694410409243222 -0.295505156880659
-0.00771447508136408 0.00229674334010756 0.665460124310052 0.511302151808896
-0.0133982449815761 -0.0218551404453627 -0.00861585966516031 0.614989570621485
-0.00269444274212375 -0.0391749219039439 0.0620643103219319 0.0947758622295288
0.0106455835328637 -0.0205496903893618 0.263457293993499 -0.557782132503736
-0.0129285171158718 -0.0123680776602571 -0.381024769379675 -0.840261003083547
-0.0142600717493316 -0.0258152812694401 -0.876057183987824 -0.0388714011204638
-0.0304570101096804 -0.0101165285657345 -0.2890630521222 0.625430239935783
-0.0227415556600882 0.0238145959133111 0.259268530626124 0.376431616801854
-0.000157242360373777 0.0103098720117901 0.231555099896902 0.00809317247882459
0.00505384301227607 -0.00271277564995421 -0.0361807037449843 -0.174377153494032
-0.00180436086890339 0.0109985924222583 0.011416679549749 0.162794869073927
-0.0085587547745597 0.00749309252848537 -0.164111681209117 0.0633614994500599
-0.013546490544753 -0.00187611588876834 -0.315232475097923 -0.280717841214244
-0.00971358869293351 -0.0280727496389107 0.0694934138006567 -0.582290498223821
0.00815110455825618 -0.0443902160858679 0.711401489186272 -0.267120691831398
-0.0107417077999668 0.00577295278795659 0.640202612544474 0.538834244342643
-0.020119073520521 -0.0213688748840915 -0.0312281242455842 0.609912594079989
-0.0079805949677285 -0.0407117154103401 0.0648551440111932 0.08200009801497
0.00356669476774052 -0.0199527339942216 0.243909159292278 -0.572380158964332
-0.0174600226831432 -0.00851362829916334 -0.420046274668737 -0.82279824607288
-0.0109484576229662 -0.027569909161141 -0.871843006819902 0.00191446917162035
-0.0272071338548411 -0.0176099186187239 -0.254465776851405 0.635021306328358
-0.0271095454680354 0.0183535945630707 0.274365282285787 0.365634432688878
-0.00891856941716891 0.0078827946817709 0.228962600063526 -0.000862612949294714
-0.00229099294519252 -0.00213903417308494 -0.0388271890658101 -0.176555414262113
-0.00818312031518369 0.0150880792385422 0.00774386935181732 0.1592414518129
-0.0182472131971353 0.00723012636946169 -0.169784648935551 0.0530703026940172
-0.0192051153501303 -0.00749902663796936 -0.300016812070127 -0.297640093685063
-0.0085046945356044 -0.0382205250120855 0.109866986577167 -0.579155945618053
0.0163099443275275 -0.0453574407905021 0.731592465798051 -0.223923316279728
-0.0108108140385635 0.0119616888469535 0.601751839538155 0.578785210608657
-0.0254333360984677 -0.017190998286369 -0.0611465611923343 0.604528111823157
-0.0142628644494291 -0.0378420590415058 0.0656723222729322 0.0678659199475722
-0.00326454081796929 -0.0136123314797286 0.218409743596861 -0.586819763003637
-0.0173616950681005 -0.000651809068349545 -0.468773026725507 -0.791978285498975
-0.00622698220716206 -0.0280389484762666 -0.860366969043166 0.0568894916744683
-0.0260901341898825 -0.0256618923103186 -0.208669740177053 0.645497071920885
-0.0301664681374247 0.0137591991942671 0.29213849742403 0.353008891283195
-0.0168233536875043 0.00611306360109737 0.225532225294 -0.0120978334770245
-0.00959503798284328 0.00026833334306859 -0.0380426117185807 -0.179989321604781
-0.0133864556049842 0.018253657643169 0.00847492311834612 0.153928343971772
-0.0248282964080208 0.00612003301282311 -0.172586318813356 0.04137361127193
-0.0223956183787101 -0.0141626447972308 -0.281834838838987 -0.31351895849
-0.00563311230035695 -0.046954371315231 0.155893308456884 -0.571715458641328
0.0244245744949147 -0.0431847680722882 0.753125684508756 -0.168567132690699
-0.00893878890653333 0.0199291468938968 0.561501987209721 0.623000850843089
-0.0283115825056843 -0.0108355272074429 -0.0953485794251534 0.600848869271779
-0.0202718089508402 -0.031063628220313 0.0647040836699801 0.0562740470329102
-0.00664149793601961 -0.00508900979402248 0.185438259810365 -0.599755508774866
-0.0140648538250675 0.00829620938568569 -0.522408882938381 -0.751332928033827
-0.00285811855481126 -0.0286583919323173 -0.850063086130866 0.121036585657671
-0.0279666746176035 -0.0309786136123938 -0.15959108553917 0.658298532599564
-0.0332554439295562 0.00917003034867563 0.313424025121926 0.336154638389615
-0.0222108080883346 0.00578990756214019 0.223537634877713 -0.0248261141154554
-0.0148705228920126 0.00413239846635792 -0.0388815185367438 -0.184881505541361
-0.016579434369162 0.0220708986944294 0.00875800229004084 0.147818563948781
-0.0283620114243193 0.00393153221077102 -0.174874693167619 0.0285845171423026
-0.0239872688861455 -0.0203793571766403 -0.264376308987599 -0.329452458145883
-0.00309203982383053 -0.0524320184237077 0.198874762893012 -0.559837681552662
0.0337611120498202 -0.0389054387011895 0.769962637042967 -0.113937488579927
-0.00364727050880296 0.0300898321079772 0.519181605557488 0.667521904012093
-0.0295245845516824 -0.000490727873089269 -0.131955017086695 0.595964883400503
-0.023894192932335 -0.0210738283936921 0.0620424321859656 0.0466362051331947
-0.00725276489475915 0.00740912554395651 0.151616112031775 -0.604828847715559
-0.0059224184479874 0.0173550726617587 -0.571504312990689 -0.706576325703166
0.000635254831355918 -0.0275163797072803 -0.83292542502388 0.179429602130836
-0.0310322854785808 -0.0333659312066867 -0.109818665821967 0.667200178009255
-0.0352500414854137 0.00741233633981594 0.334764773773416 0.321082560942834
-0.0243133899445548 0.00652593096717191 0.221511546286395 -0.0377752004997441
-0.0169386795697207 0.00826053282581895 -0.0365458060667624 -0.188445825203469
-0.0164890572844932 0.0248838432464926 0.0124260590269946 0.143339902971162
-0.0277164402462718 0.00192126242904337 -0.173479749076232 0.0196911998606563
-0.0232316869872456 -0.0248400812987254 -0.244711687134949 -0.341309728849852
-0.000998039871491078 -0.054848087402951 0.233724996253002 -0.546904151136346
0.0407709416865035 -0.0331117984005277 0.778109889171821 -0.0659181105440264
0.00271248375986943 0.0393152472878828 0.481817405955555 0.705622870008211
-0.0281601714798394 0.0100016847595283 -0.159720705701881 0.596899434180503
-0.0273498916539219 -0.00881000162034653 0.057136724751613 0.0424732323079615
-0.00406028736939829 0.0196291408134902 0.124163399979794 -0.605179992605088
0.00451519857766535 0.0236866522437593 -0.609294728402061 -0.665361591948705
0.00352316269879565 -0.0259533376674985 -0.817937636004461 0.228874710141539
-0.0348898520491443 -0.0323786475882221 -0.0713534738810995 0.672261805655763
-0.0353450376836286 0.00732508237526969 0.350165729836941 0.305905339289261
-0.0232931220556683 0.00780915240947282 0.220916438815287 -0.0474460507028213
-0.0163670915910015 0.0113899017704417 -0.0345953923380317 -0.193347042296936
-0.0122546128206814 0.0269960160101093 0.0167054156862549 0.140067712181239
-0.0236785151356079 0.00120566496819175 -0.168870215663929 0.0130454341136505
-0.0202263165118878 -0.0258441868573513 -0.23086642255685 -0.347112893811108
-6.1277236188954E-05 -0.0518578876377214 0.254475423503719 -0.534721972956307
0.0454266821531892 -0.0265699359078243 0.782116919099206 -0.0300464250674838
0.00937230958905349 0.047183029711986 0.452361609775059 0.735682173510066
-0.0264447357280446 0.0210668470212579 -0.181227260693267 0.602955610917181
-0.0274412123904617 0.00277962928093087 0.0521771434723767 0.0429860146744727
0.00258219095066634 0.0303651263509676 0.102483396702224 -0.600886461593327
0.0143874311119839 0.0282243901222924 -0.628998541891313 -0.63575825935121
0.00545034235927003 -0.0228673800446834 -0.807567763428682 0.258320234890423
-0.0367177823008447 -0.027693235782538 -0.0492970908459897 0.673417046195833
-0.0329554115149099 0.00772055178025714 0.360055622830191 0.295943941505561
-0.0185840486224825 0.00902409103959168 0.221532107910456 -0.0533409403596377
-0.0121011602647632 0.0139458310929483 -0.0322444635149354 -0.198082713503822
0.0128743344346246 0.00786075485292213 0.015644283069597 0.163137349643435
0.0103963444358128 0.00548631857771538 -0.151605532607159 0.0712922046187681
-0.000481320801030274 0.00574138042788119 -0.321521612998693 -0.265400396993304
-0.0097130262787985 -0.00904848678266273 0.0231360075104527 -0.57971221769847
0.00301988950896438 -0.0376103693639288 0.686799171605623 -0.303821315682051
-0.00148041515263324 0.00178852373808422 0.674617534119115 0.502090656399152
-0.00578015816355104 -0.0179156592079764 -0.000572040284859002 0.621796323358647
0.00135068805702257 -0.0326322487952213 0.0553449477006248 0.104320019103944
0.016420314645608 -0.0162170173490734 0.27362126724587 -0.54124663078923
-0.00616011011025314 -0.0126560536540702 -0.359223096007261 -0.846960310807443
-0.0171499635684164 -0.0233790692429066 -0.880425355501799 -0.0595914705264788
-0.0354411629472822 -0.00179648826908656 -0.307771759690754 0.6204616702258
-0.0195439258693012 0.0286564241269474 0.252229093672834 0.384050478908554
0.00876887562765066 0.0134247236995055 0.233761606129575 0.0137154068878657
0.0119828375635141 -0.00239391763635691 -0.0317108264300573 -0.172133206593706
0.00580085802710919 0.0093064597966222 0.0130353152317618 0.164164610177143
0.000687527020237892 0.00714832576238289 -0.157957468366516 0.0681721531254948
-0.00674139209941624 0.00262691066777121 -0.320315437868306 -0.270508949942684
-0.00988858814377704 -0.0183934265578855 0.0409145914913326 -0.581174886780633
0.00446588087073452 -0.0413523073109812 0.695023549783826 -0.292059161052339
-0.0076310451726505 0.0021220246966884 0.662495674124261 0.512921389606932
-0.0129697047538067 -0.0224696090801536 -0.0113836300127288 0.613886150513273
-0.00250351466009022 -0.0396221745708167 0.0605501660369069 0.0943080596845083
0.0102328884309054 -0.0210214101738876 0.267197422879574 -0.554313904817833
-0.0125191754614637 -0.0120964322047833 -0.374867014463488 -0.842492686120443
-0.0147526374868582 -0.0259025001686452 -0.876132275730248 -0.0425737085065993
-0.0302142906469737 -0.00988568276599741 -0.290756099727191 0.622771989990027
-0.0236090523604419 0.0238757380308781 0.258065449617308 0.378053498188671
0.0004740106892562 0.0100701800814394 0.231005096169231 0.00947161595009908
0.00505321580809971 -0.00254222237590259 -0.0349306629243315 -0.173773119759759
-0.0012523009406116 0.0113328781238374 0.0108455053144537 0.162315494687671
-0.00959720034286174 0.007447855977751 -0.163228897668322 0.0609486871544844
-0.014083667940879 -0.00142409446736864 -0.312500032912823 -0.282074634422236
-0.00895941065757239 -0.0283005081612756 0.0715168682782385 -0.582190966180094
0.00875174603688125 -0.044147252673647 0.710657419329518 -0.262979619956084
-0.0108495039694173 0.00562800832018895 0.635457274998072 0.540513358302942
-0.0201899257943895 -0.0221609232838075 -0.033336976203976 0.608144738475795
-0.008039444097507 -0.0406834994380293 0.0639204867434559 0.0809978971193589
0.00343459413139402 -0.0206322032223948 0.247034187386514 -0.56960929733011
-0.0165706594002609 -0.00834895642033428 -0.416749680492391 -0.821899253913703
-0.0107686976240854 -0.0274618325597549 -0.871385149326562 -0.00140338901952149
-0.0270627697159131 -0.0181368831369094 -0.25602608773533 0.632950192488423
-0.0263319491764928 0.0184289529567952 0.272344253097335 0.366751520361756
-0.00852299088985639 0.00781668395463143 0.228320295499789 -0.000638373360934201
-0.00219680234366188 -0.00207388197842686 -0.0381552752469324 -0.176808300004038
-0.00824875031332275 0.0150036678823654 0.00695444647443242 0.159480757317144
-0.0183279375403952 0.00678891602058208 -0.169426241313763 0.0514237065053398
-0.0188323182111783 -0.00719218848371067 -0.299025033864734 -0.300254943617109
-0.00747262021116969 -0.0385517924393681 0.111331646969412 -0.577871128828566
0.0162802944899308 -0.0447752979697439 0.732516861737318 -0.218897405417301
-0.010461999986505 0.0115147205701182 0.598936807917717 0.582010810106992
-0.0255424753873094 -0.0174367044880606 -0.0647794634660322 0.60211823930753
-0.014279133824929 -0.0378365898879911 0.0650955586292537 0.0675787237873109
-0.00338819745943432 -0.014685685328582 0.221250603889083 -0.584344623011919
-0.0166296401693267 -0.000740438312813479 -0.46493834185153 -0.793715229239635
-0.00663928919964383 -0.0286342103535686 -0.861005590016192 0.0533596469449306
-0.0264891197540858 -0.0256093802585684 -0.210305824634896 0.645248908711356
-0.0300529256882416 0.0129322857140154 0.291394570303947 0.354429199576923
-0.0169002215008127 0.00611585665108919 0.225503731425103 -0.0109901660074542
-0.00951778782233441 0.0010099806154642 -0.0379376091327212 -0.17998324822436
-0.0135394104962723 0.018152298803107 0.00748736278515953 0.153746464971472
-0.0252018972623604 0.00557828078648779 -0.172504902142872 0.0393866455692371
-0.0226895019111616 -0.0145395955512329 -0.281750499891598 -0.315212077709138
-0.00515633072724867 -0.0469187806656274 0.156271469974776 -0.56961882164882
0.0248255581819718 -0.0428032140860079 0.753161921846988 -0.16528276180969
-0.0082490285950416 0.019938610983641 0.557020019065569 0.625329947492152
-0.0281269687833737 -0.0116484307530684 -0.100379111480754 0.598511248680688
-0.0197110138232064 -0.0316715775163189 0.0649628736517942 0.0557273838653357
-0.00679421014255624 -0.0050382137954167 0.186425185390835 -0.598999369245347
-0.0134302458724956 0.00841604643238273 -0.518367981500213 -0.751600881259543
-0.00293805494068686 -0.028263280030934 -0.848673788139733 0.116499810381254
-0.0277510164862136 -0.0310992751762655 -0.159838308984776 0.65694514993637
-0.0329905844018687 0.00869597841471693 0.310400228063854 0.336964155824609
-0.0217658403444707 0.00586140530613322 0.223402736717749 -0.023569048378638
-0.0144111688404082 0.00368721112952146 -0.0381911813389615 -0.18437817723471
-0.0165040552154887 0.0221041987698418 0.00760200447943279 0.147711995304372
-0.0285812091280238 0.00366827037592714 -0.174540561846044 0.0272892941778442
-0.0242284344194774 -0.0200560470939337 -0.262650464263485 -0.331628552372068
-0.00227391221420365 -0.0527885668042345 0.201333738544158 -0.559156776080388
0.0338664451070307 -0.0380268906125359 0.768027736226373 -0.110372588555892
-0.00364013775465258 0.0295861273134229 0.514702763040169 0.669059301095776
-0.029788539275205 -0.00119100474763342 -0.135454001521455 0.593796890171657
-0.0244338277112808 -0.0216756872846451 0.0615119759186285 0.0463603700704192
-0.00790118448952143 0.00653065440107123 0.155047901630982 -0.603561699885189
-0.00500089861054886 0.0169639908565353 -0.568226088658462 -0.708612614189245
0.000941278407395137 -0.0272966644233342 -0.832627667376052 0.176671253326003
-0.0315755621799098 -0.0328471361870389 -0.111096739731076 0.665351272539591
-0.0345298340259958 0.00742054069403896 0.332120554133839 0.320277846100433
-0.0248052027087823 0.00640031870021813 0.221166565751987 -0.0364653923411
-0.0165732967351723 0.00755547284965032 -0.0362720810004471 -0.188656502542568
-0.0156156196841381 0.0245713715809998 0.0114066196505514 0.142629924095552
-0.0277814585065165 0.00160998029977844 -0.172280897923614 0.0181765352542977
-0.0229275580315488 -0.024642958036975 -0.245130071042902 -0.341085164603268
-4.59971512595902E-05 -0.0543020592625533 0.23557648480048 -0.544500267504262
0.0410601386819868 -0.0324812886564703 0.777277833872664 -0.0626829253412343
0.00286577198838437 0.0397578728332732 0.47634010274839 0.706996289048704
-0.0288253140783384 0.00937476646803338 -0.162822623329651 0.59588880099944
-0.0269390985091226 -0.00889758403312568 0.0564929094026555 0.0422617558275209
-0.00390671573147359 0.0188268595065865 0.126684592780123 -0.6025422793512
0.00465438419631892 0.0231828201590839 -0.606237671465756 -0.667085050878752
0.00304208448171565 -0.0256294789533426 -0.818811490688197 0.224748258208767
-0.0344366733427633 -0.0320735102211151 -0.0747038129147471 0.670501550307345
-0.0344797112576769 0.00720971317727142 0.348126795646229 0.307168796810095
-0.0235924423671609 0.00754568156376497 0.220646809988177 -0.045748152814903
-0.0161140519282197 0.0112570602247268 -0.0338010758319155 -0.19317094035666
-0.012542887464814 0.0261999214156869 0.0153821058817011 0.140837860957772
-0.023553880113132 0.000857567961095528 -0.167959261102999 0.0125267693440672
-0.0200008682783577 -0.025900928933859 -0.230994063279151 -0.348174075950446
1.43908908200097E-05 -0.0518407847304974 0.255767388474707 -0.532658738027567
0.0452952536723503 -0.0258726778015733 0.78025392544296 -0.0250990839660828
0.00946766634838592 0.0473365722092379 0.44724369653698 0.736017360456289
-0.0259045773278506 0.020709892952286 -0.183539550429235 0.598636436443056
-0.0275912522381175 0.0022513939066656 0.0516133560561641 0.0422109275317786
0.00213716153658307 0.0289589103725349 0.107431950658484 -0.601185117641128
0.0149931551357179 0.0281892089311865 -0.625251808768976 -0.637700048851386
0.00473036265691483 -0.0228198593201746 -0.807245864820999 0.254330296225448
-0.0373181070622093 -0.0279225898656103 -0.0509215625343872 0.672935072798765
-0.0328277197477496 0.00707982237124292 0.360648326988313 0.297793756532788
-0.0188754795110936 0.00863375675128511 0.221331156583662 -0.0521500586653319
-0.0127770164514884 0.013927618626608 -0.0309782153696546 -0.198776479727227
0.0131176133558737 0.00780655103551924 0.0153476313175862 0.164223955908454
0.00982716091450976 0.00585167453040861 -0.151208325932498 0.0691660347276943
-0.000897797939064277 0.00533662915724994 -0.322495656004235 -0.268427862857755
-0.00964797000023415 -0.0094085718974367 0.0274947094947367 -0.579152521997733
0.00334143819666749 -0.0372702125683321 0.687911798175304 -0.299129619542216
-0.00132191188039926 0.00164774548853721 0.673010728578116 0.506445124187578
-0.0058001378743082 -0.0183520843697999 -0.00282085875821215 0.622341496933957
0.00096378461368898 -0.0330667395454759 0.0554976313347264 0.104109154796686
0.0166270732174582 -0.0164888718441889 0.275896727700678 -0.539551185518887
-0.0047205646100189 -0.0122571508945523 -0.354280270082451 -0.846898717422863
-0.0165436975723684 -0.0228625234593809 -0.88087525838808 -0.0633497713538701
-0.0357125031890607 -0.00250047098075592 -0.310381708215525 0.619010409326475
-0.0196395065589106 0.0285844131088789 0.251751046487361 0.384464396506735
0.00924884066003462 0.0138291818688779 0.234096647180096 0.0151918846291809
0.0116095044834335 -0.00287439796500326 -0.0308722773836833 -0.172211064403842
0.00557027164592777 0.00902759373670428 0.0116053106961161 0.16482805276182
0.000164672348760166 0.0065574066569127 -0.15763423052043 0.0667634599484677
-0.00670765091693818 0.00293967728047601 -0.319967519774307 -0.271866381230463
-0.00951846854886359 -0.0179413960232888 0.0422618299260882 -0.580659152477672
0.00478917476148819 -0.0406348650279314 0.695391593148544 -0.287197155172355
-0.00764358315708953 0.00213429197740688 0.658674046370758 0.517383774859131
-0.0131988258479628 -0.0231167525007736 -0.0138097411727497 0.614382885267075
-0.00248801413698903 -0.0396773664180575 0.0600988048587643 0.0934111653385707
0.0101413822554176 -0.0210915140169378 0.269489316878876 -0.553594177634931
-0.0120031723836328 -0.012637941010251 -0.373396273696395 -0.843023791031254
-0.0140661626163821 -0.0259055345610278 -0.876192121009092 -0.0468144379055244
-0.0308142104109708 -0.0101187326373503 -0.291970263053907 0.622231130475452
-0.0219930922241613 0.0238273249897077 0.257752068564661 0.379044053052694
0.000713697334344742 0.0102186047960896 0.230594994908313 0.0106061405594182
0.00495499766645093 -0.00325226165407437 -0.0338103875768917 -0.173823732971467
-0.00129674431513808 0.0111759861369899 0.00966706828228351 0.162703819772255
-0.00967514636201498 0.00700352381916774 -0.16259851273869 0.0602502483508223
-0.0137546291688997 -0.00198463583845823 -0.311441630402266 -0.284403369394012
-0.00880335144551367 -0.0283037900444985 0.0735520072379137 -0.581025143553033
0.00869605617639725 -0.0436263504779481 0.712712763040016 -0.258864125999809
-0.0107372260684546 0.00576452233798573 0.633356357198781 0.543504880209225
-0.0204448036578759 -0.0224495839311659 -0.0372004747984988 0.607241363916471
-0.00798243223663742 -0.0411161948235219 0.064336005717678 0.0805857101179262
0.00335515092902146 -0.0216719992595805 0.249688637193293 -0.569324576291607
-0.0159712090990793 -0.00836273481400313 -0.411843466495644 -0.824457162540428
-0.0111272540273123 -0.0271944140421495 -0.870081095537902 -0.00421907625110795
-0.0273034717395294 -0.0187336716299206 -0.258975371054756 0.631491325678963
-0.0262424107186784 0.0185909600457336 0.271247113677181 0.368311898180597
-0.0085818378070267 0.00773714486483843 0.22810231905902 0.000833299987416663
-0.00277660075012695 -0.002584742139924 -0.0369952479195138 -0.177141464073078
-0.00837506126450911 0.0139849015366172 0.00611429847791289 0.159458653707271
-0.018371729635591 0.00628664486234655 -0.168967048338422 0.0497427283955015
-0.0190784295867905 -0.00734015591251829 -0.299043141907308 -0.300863605005465
-0.00690788367857597 -0.0388971665357252 0.113932783660832 -0.575227991178978
0.0163905708607548 -0.0448516671721125 0.731094330543113 -0.215036741430094
-0.0106919686748811 0.0121407241758536 0.596130329951599 0.585559448748458
-0.0254367386730782 -0.0187434959884745 -0.067063459012559 0.600507716524644
-0.0145581849976297 -0.038171453310708 0.0647377156228985 0.0677722194892774
-0.00345291886514399 -0.0149875989440201 0.224865536908846 -0.584048077044434
-0.0159573462963254 -0.000268183346562593 -0.460420254976159 -0.794718753037842
-0.00644425299262418 -0.0279423712800715 -0.861260919278086 0.0499416692656418
-0.0266379232593386 -0.0256458296002505 -0.211569412915829 0.645354402560044
-0.0297964011190661 0.0129083472742058 0.289832044967417 0.355675001634291
-0.0165378356534276 0.00618103604063329 0.224886968299081 -0.00991148374359469
-0.00951060283545487 0.00058189255609881 -0.0370214550592991 -0.180000224069031
-0.0130492669853466 0.0182833602063532 0.00671931959627003 0.154492050546196
-0.0248807078809241 0.00506573019854134 -0.171672125537436 0.0380101448549216
-0.0227922528069684 -0.0141031982877599 -0.281126365315894 -0.317894964715177
-0.00439228806612729 -0.047324944612861 0.158848766850219 -0.569989836983295
0.024812032564629 -0.0424561706031965 0.753668696211578 -0.162496590376634
-0.00835754233838242 0.0199039276610704 0.554719629147742 0.631214718148774
-0.0290426957188047 -0.0118430915186648 -0.103087841057405 0.59773411031399
-0.0196479397142863 -0.0318901602890052 0.0646199458608933 0.0554694648876968
-0.00707360730691158 -0.00589388490025668 0.191624300052527 -0.597086827129057
-0.0118985616671863 0.00816063160649 -0.516329433555044 -0.756803820101455
-0.00326753064591716 -0.0279920124984515 -0.848334978878451 0.113478699357014
-0.0281092024313251 -0.0312127645924329 -0.163478345846557 0.656359773831587
-0.0327712223210107 0.0089235008476606 0.311093817716234 0.337879306723487
-0.0218259188546663 0.00528784961262109 0.222667075580915 -0.022932163864434
-0.0143129435177493 0.00372639979217744 -0.0370375495517638 -0.184722435800895
-0.0160342180629444 0.0212001095188404 0.00659495161194002 0.14836219422447
-0.0287933327189912 0.00322084981724498 -0.173965400501278 0.0256703325022958
-0.0243568381058606 -0.0202373647010971 -0.263068424585414 -0.332681745075293
-0.00168605639167986 -0.0531505478398056 0.204007274984669 -0.55747473454283
0.0344283235135551 -0.0375886635269251 0.768599860617234 -0.105316636987926
-0.00340329060503648 0.0292945795261236 0.50959965568097 0.673172533557869
-0.0298390647940059 -0.00288598294627418 -0.136625815785468 0.594737784395664
-0.0246425701121747 -0.0211481690135259 0.0610732922350105 0.0458824727520548
-0.00762261442021833 0.00616015549142333 0.157525372510748 -0.601312396695313
-0.00448050708799666 0.0168205121417934 -0.566211324699886 -0.70987456842851
0.000484703257690866 -0.0276495086623888 -0.834322907451286 0.17454972081649
-0.0318745065085605 -0.0338254558648079 -0.112869202011767 0.666350723098387
-0.0350413569557799 0.00721636713847885 0.331542713219045 0.321133208555721
-0.0245397142226528 0.00647896411652815 0.221419764963837 -0.0363122675096033
-0.0173219016635339 0.0078565145487441 -0.0350013307150689 -0.188544093215281
-0.0153373964722191 0.0243962716907337 0.0100037880093004 0.143089556246337
-0.0286319453872698 0.00160306723222358 -0.171837367481887 0.0162306636370241
-0.022715707531002 -0.0245517763476827 -0.244495667184625 -0.344224328535528
0.000563913636733783 -0.0549736079240344 0.237983552545677 -0.544117675843121
0.0423327390448846 -0.031802166096285 0.777129824433245 -0.0587218458357186
0.00294150107788961 0.0400791191866074 0.47507934301746 0.710074464333365
-0.0290681508421363 0.00838102798827345 -0.166451001775388 0.594410190648251
-0.0271870745633256 -0.00951666105197779 0.0558693182874881 0.041799569195095
-0.00391672665260698 0.01842926742061 0.130105478771233 -0.603823382653575
0.00437129497645424 0.023417456193043 -0.603445558221321 -0.670303451706998
0.00356245666833651 -0.0264066363803507 -0.819636428911318 0.221804381586243
-0.0347188466636533 -0.0328165303872482 -0.0755956028704792 0.671362444784007
-0.0344885705152282 0.00652216903489548 0.347552401119812 0.308054330028741
-0.0230077605316361 0.00736041021282607 0.220720630347748 -0.0452789527521586
-0.0164683055857017 0.0116126755646766 -0.0332267323157002 -0.192447841773422
-0.0113758793988707 0.0262776409986863 0.0146246479733041 0.140792721471224
-0.0242382838436265 0.000676926039763105 -0.167817808655993 0.0101743316904082
-0.0200234811971383 -0.0257835300341771 -0.230256251720108 -0.349572719196987
0.000958949927643706 -0.051910793313139 0.257952393592847 -0.531661531344005
0.0461123791024551 -0.0259317025801206 0.781547162654222 -0.0204887886326818
0.00972785059949911 0.0475172804375732 0.44504913899493 0.738503894094328
-0.0268879050387597 0.0198068815625029 -0.186599739929791 0.600261419283961
-0.0277843297227667 0.0016846586049637 0.0507047736839481 0.0420967948167567
0.00191377681501824 0.0288007163458765 0.111251630722733 -0.599912315154006
0.0161788311298776 0.0280294262091236 -0.624580467116465 -0.641874204390008
0.00556141592844155 -0.0224527939901483 -0.808334504668167 0.252082532973392
-0.0381752429331133 -0.0286676893758988 -0.0525633599248294 0.673575314918909
-0.0319995526760885 0.00684821761522143 0.358650187598564 0.298980192024868
-0.0186487749744692 0.00854288400242214 0.221219010955223 -0.051277751079099
-0.0126053691180335 0.0134095544884332 -0.0305191796544926 -0.198014614255839
0.013318282680586 0.00745016343314107 0.0141825631594497 0.163962485303333
0.00969973587577903 0.00520141010881183 -0.151622836474441 0.0679219626559336
-0.00082994908023852 0.00527283858837056 -0.321937419451925 -0.270498409187442
-0.00890454940743704 -0.00944373722251363 0.028270316888486 -0.580754422168063
0.00321053413459588 -0.0368325635398225 0.690225550917927 -0.29752042280578
-0.00116328099958645 0.00176964201505486 0.673987406813705 0.510334467183789
-0.00603620850119274 -0.0190925668064309 -0.00593003467376606 0.625003893848566
0.000848023380692344 -0.0333923303274188 0.0554035046383368 0.104190474120978
0.0166359582013671 -0.017033768692804 0.280890769917986 -0.539196933496219
-0.00432445771153168 -0.0125014192173665 -0.35217965739569 -0.850742417572611
-0.0167776224620929 -0.0227159034874003 -0.880994192483128 -0.0651011713372633
-0.0361695677666474 -0.00277999948584933 -0.312164213397777 0.61931075578128
-0.0195486961369076 0.0288813052725578 0.251270283062301 0.386076300252776
0.00887956581155582 0.0135102781705562 0.234680547305865 0.0167475595831532
0.0115083901458802 -0.00301722452850201 -0.0303209692599447 -0.172077701642795
0.00616279719717976 0.00919900759839958 0.011400423155596 0.165420589930281
0.000465447840686343 0.00638799588984217 -0.157510788298879 0.0659818479102214
-0.00735681846650877 0.00249465553196255 -0.321708369921721 -0.275212858271423
-0.00878743316591933 -0.0184251722133318 0.044857649034732 -0.582517126878855
0.00425985024258802 -0.0410693007379552 0.698604645001203 -0.284726660708372
-0.00777006165973733 0.00222059078605157 0.658909225716182 0.522366843366687
-0.013664391372541 -0.0239046110729908 -0.0179187785706289 0.61505506047742
-0.00294716942199661 -0.0394921216247856 0.0598944164658811 0.0936229432202422
0.0107084876242863 -0.0221654532477531 0.272967193310311 -0.553515049525246
-0.0108774055965133 -0.0127290480664225 -0.369712158802488 -0.845865973195199
-0.0141209025116836 -0.0257099380244722 -0.878132601290312 -0.0498251912246448
-0.0314035250651352 -0.0100008346605568 -0.294765997714427 0.621892460933178
-0.0224664165912574 0.023406218714333 0.256063402044532 0.380790321445979
0.000229897750209799 0.010908906906315 0.230536693803372 0.0117747274159566
0.00475633195427805 -0.00312528114131197 -0.0334739630951694 -0.174914830411578
-0.000992830347331738 0.0109193914085056 0.00881650861596053 0.162813559407584
-0.0096509631014996 0.00670096602737464 -0.162744140508842 0.0586524085958841
-0.0135071380318268 -0.00218776969072939 -0.31290432469003 -0.286966952748195
-0.00807964628343841 -0.0284755918482147 0.0756387631087265 -0.582277307004052
0.00931138401159891 -0.04316572601408 0.71348116131304 -0.256243980934944
-0.0108727369954159 0.00529210919849501 0.631355477409731 0.548339200433026
-0.0204271249210203 -0.0236163766350851 -0.039880792315865 0.608856441547797
-0.00834639644470552 -0.0419542209046351 0.0634806985866116 0.0805006672067623
0.00321442439622163 -0.0212502379400288 0.254320138209957 -0.568932215804071
-0.0151873286437352 -0.00856333282278578 -0.409884957757642 -0.82896468443751
-0.0111263007335641 -0.0273235118795164 -0.873234519582235 -0.00895563434212681
-0.027673463641933 -0.0187143018186229 -0.259834330179157 0.631721387030571
-0.0264099920052084 0.0183782913546142 0.270793533612828 0.369519172660981
-0.00856380534675358 0.00740206300512967 0.228102775353184 0.00204428837780071
-0.00263579550684048 -0.00241185146150942 -0.0364934858885575 -0.177046613888583
-0.00782685976920095 0.014541299069977 0.00558505042891332 0.159612368263932
-0.0183352703060719 0.00600798487970871 -0.168890472695324 0.048740304997489
-0.018941287793082 -0.00715470204267474 -0.299574378700853 -0.303991592551771
-0.00693666133236617 -0.0388183773199384 0.116793485736261 -0.578706673763577
0.0168628224746009 -0.0441093593480809 0.735439716416929 -0.210852885054622
-0.0105132741310845 0.0122182314324702 0.594832628968084 0.588139783418031
-0.0252412344759867 -0.0194694418504199 -0.0713496117474314 0.601067867713222
-0.0148685656720276 -0.0388237322699767 0.0646089507474789 0.0674825571804706
-0.00299265411627388 -0.0156176546960913 0.228386091362225 -0.583895431267759
-0.0160363966675666 -0.000581906507773986 -0.458272638767083 -0.797589291535021
-0.00698054459627236 -0.027743122448461 -0.861974915694516 0.0470418660763196
-0.0268117012801665 -0.026229650861883 -0.215150865449973 0.646246791586086
-0.0302130004007158 0.0122792249199985 0.289675184293793 0.357134095096087
-0.0162111973649807 0.00566328527545274 0.225036534208951 -0.00883836936121594
-0.00993824282001026 -0.000324865983365593 -0.0359449331123227 -0.180314039132901
-0.0130219036832039 0.0180334095833179 0.00549000220547236 0.154918005942837
-0.0250328288910851 0.0048274058777412 -0.172213090516013 0.0364330602264261
-0.0225940054251165 -0.0146237839877143 -0.279899687228104 -0.320490649911945
-0.00384136196339018 -0.0475221852606127 0.159376937428728 -0.5698458594832
0.0253077185010262 -0.0423093935771429 0.756134303268512 -0.157115967396269
-0.00801245627854718 0.0198549220059617 0.553335321039649 0.633594257831244
-0.0284950479424607 -0.0129137461265332 -0.105285012970885 0.599686162121015
-0.0203114575047926 -0.0323932262927144 0.0636799263756434 0.0548232895088156
-0.00681373862307288 -0.00666848744612097 0.194840748482456 -0.597316536487381
-0.0120789771830964 0.00836780269941319 -0.512511650850014 -0.758683388534421
-0.00321999776058634 -0.0277814608306583 -0.852665665240243 0.111841132714412
-0.0285291228870862 -0.0312273654520219 -0.166774163988446 0.65721990854071
-0.0332300630957266 0.00937215300751894 0.311897928243186 0.341407182359131
-0.021961826121773 0.00523804234166018 0.222876331520807 -0.0220929610227774
-0.0146109727820241 0.00297371986093257 -0.0362206073471636 -0.184755750597769
-0.0162007820263007 0.0216653550074827 0.00576314728426816 0.148864342631821
-0.0289767106461925 0.00246207453137048 -0.174228551527107 0.0245417577713962
-0.0235898052619519 -0.0202824152307849 -0.262976793202492 -0.336003482033691
-0.000944727556684336 -0.0528313016691286 0.205588641833935 -0.557700324784004
0.0347779848040019 -0.0375177219436742 0.77067835671185 -0.101896233808209
-0.00360371064486133 0.0299800636481428 0.511009766216632 0.675621282006597
-0.0301984039965159 -0.00297457313003931 -0.140686833719587 0.594297783011649
-0.0248312102358391 -0.0221277350826791 0.0607124032135502 0.0460876568917984
-0.00751395951541076 0.00599543604444447 0.161765101040046 -0.604179300534466
-0.00474737365711006 0.0167714354165314 -0.563367490774708 -0.712551373072856
0.000857771372004558 -0.0272535980736673 -0.836157700706339 0.171861949440408
-0.0309966559630824 -0.033504305390051 -0.116273957228178 0.666058222567129
-0.0350240827807522 0.00683379149614359 0.332157045395579 0.324379862436348
-0.024900930334329 0.00634049547182494 0.221916143504096 -0.0344364493391211
-0.0168120711914328 0.00791672518968294 -0.0347071816384681 -0.188722110363125
-0.0161490673174138 0.0239127590967098 0.00956124943153091 0.143799309191739
-0.0280813172769377 0.00110310060389148 -0.172140527647165 0.014904229341867
-0.0226118765967849 -0.0251702376586383 -0.243620119959156 -0.345627487443207
0.00167584793248597 -0.0554249636836101 0.239225846577192 -0.545357442946533
0.041863562430385 -0.0312983556896661 0.782362551449349 -0.0549559625581352
0.00278029990082618 0.0400139052593557 0.4723258715097 0.713990252602435
-0.0297549698401211 0.0080339904180181 -0.170885741390297 0.595765955386762
-0.027773055984023 -0.0101039168646954 0.0561113770370709 0.041945536594412
-0.00482634726451599 0.0184736371459648 0.133812582080958 -0.603842768629131
0.00614231762760502 0.0241089817547561 -0.599834702308835 -0.674447087330836
0.00295795791957969 -0.0247506709745029 -0.82128210520991 0.220859669743824
-0.0352270849037248 -0.0329797163428675 -0.0782640076727751 0.671419662167876
-0.0342893954440613 0.00664783308777266 0.34781497249302 0.310010721388553
-0.0236222748951357 0.00715143079936287 0.220972285897823 -0.0446652369131832
-0.0164616276894265 0.0106506882019966 -0.032507348842578 -0.192797464480014
-0.0115132317904452 0.0261490244026597 0.0140651921368066 0.141295340244909
-0.0244068762369544 0.000380465204755448 -0.16842051180933 0.00833900559192088
-0.0201252539655201 -0.0260600161934961 -0.229698858273714 -0.353159665922553
0.00130943716351443 -0.0525912770777929 0.258869159773798 -0.53171967828473
0.0463983561904639 -0.0248906289099788 0.784362190491257 -0.0181267140854997
0.00933285564134973 0.0479988247575533 0.44330340400477 0.742601938184193
-0.027463187655581 0.0189561534808703 -0.190352125414738 0.59808688309652
-0.0281220853639611 0.00169627751994088 0.0511793071283751 0.0425931204798821
0.00182540140062617 0.0281425406233281 0.115388460100619 -0.602616250979967
0.0160652566711801 0.0278110000810785 -0.622389808207133 -0.644049056061525
0.005393644017026 -0.0224638374490054 -0.811608520742554 0.24923328444564
-0.0380427457242437 -0.0287865315431311 -0.0533490784276343 0.673054498593708
-0.0325999619083614 0.00757594444183595 0.358504651290656 0.300990367983749
-0.0185362496756456 0.00825564352161603 0.221301368151013 -0.0500675526414588
-0.0122275690174559 0.0135514720968358 -0.0298378145357013 -0.197721158162977
0.0133654192685165 0.00711662764876747 0.0137312645644515 0.16506425951145
0.00937749282379616 0.00497150901719153 -0.15157660187945 0.0669372291879164
-0.00121356239620718 0.00536844845241877 -0.32436067188907 -0.272751135139669
-0.00867634058887584 -0.0102283082124227 0.0301221878598926 -0.582136595403479
0.00359339242262763 -0.036886873830382 0.694052398656305 -0.296889439958591
-0.00132973283668623 0.00180439693760397 0.673394939908076 0.514808207342697
-0.00685083320994183 -0.019948740545234 -0.0101362540304006 0.625122576051981
0.0003654295256559 -0.0334187450908309 0.0546926215295209 0.104411766216943
0.0167019405139506 -0.0174348800184633 0.283510699873863 -0.541127415823312
-0.00379142386138791 -0.0125973508329571 -0.350564764561836 -0.857332404846393
-0.0165150052510231 -0.0224814083344258 -0.884410439735504 -0.0691224212176813
-0.0365483221083125 -0.00293243943926258 -0.316717088921128 0.621229881520287
-0.0191161222293889 0.0286705071054682 0.250944701211098 0.38810151102857
0.00934119326901369 0.0132312013777386 0.235271956139138 0.0178719729358188
0.0116464311545358 -0.00268627103177908 -0.0302533569796718 -0.173564179183519
0.00653733210839322 0.00855909682895022 0.0108187335063602 0.166415276748799
-0.000147996453172242 0.00589582993216377 -0.157673312399657 0.0645304819056994
-0.00720141456717975 0.00253318104200834 -0.321070714350201 -0.278381315655274
-0.00874226114198714 -0.0188502988119873 0.046904065284537 -0.58367998609845
0.00536878830878869 -0.0408519689864932 0.704800828170485 -0.283154059257375
-0.00800149344912734 0.00246465437764615 0.659245469162854 0.525357288052406
-0.0145276476726716 -0.0241785413394122 -0.0204719524927756 0.617862793892194
-0.00313619613714355 -0.040410679068592 0.060014082762437 0.0937462273444778
0.00993827319895226 -0.0228470090423276 0.27724890336335 -0.555691318872231
-0.0109970773764783 -0.0125063199122281 -0.368805030897518 -0.851359277053467
-0.0146822857248409 -0.0257039797929445 -0.879208856293774 -0.0520287841932357
-0.0316100303420615 -0.0108907693418468 -0.296838125272793 0.623362264990245
-0.0228737818589975 0.0236784949922861 0.257227605614211 0.382871824840361
-0.000106420255577791 0.0104027138561611 0.232294579072141 0.0122717067048317
0.00522039648106488 -0.00335396162131686 -0.0327693431291031 -0.174796051405821
-0.00118181060066742 0.0105950412134501 0.00801591817693507 0.163578730096198
-0.00978422425534846 0.00592586386425445 -0.16306676306148 0.0570509465733375
-0.01396076258907 -0.0018127171616476 -0.315174394130061 -0.289073042294813
-0.00785518615892169 -0.0285457158111831 0.0775239431594616 -0.583464125910043
0.00937211405990441 -0.0431675187118377 0.71887762078493 -0.252303921692121
-0.0106598913732872 0.00579847020449626 0.633508576207548 0.554265428369644
-0.0208908453202672 -0.0244052579031528 -0.04217189679804 0.611882582448652
-0.00827888075967699 -0.0423154075412711 0.062661597071083 0.0809068459114572
0.00357180650487614 -0.0219709542518992 0.257631045032974 -0.569618393054658
-0.0152075061464471 -0.00831351880949474 -0.40918833152229 -0.834870196796213
-0.0111438776303657 -0.027178405306956 -0.875810220542082 -0.0107962661604916
-0.0283398805551942 -0.0187929273909807 -0.263052492957433 0.634194232362338
-0.0261649814874705 0.0181349659953877 0.270981278314521 0.371639552985369
-0.00852185901416323 0.00753504314768447 0.229257940397222 0.00225841127027812
-0.00285845317998891 -0.00278494680697211 -0.0359020456423572 -0.177548908139654
-0.00825032158684522 0.0144515207046812 0.00487483072634298 0.161099746650572
-0.0191341100937455 0.0058494257124084 -0.169263097072129 0.0474158575151474
-0.0189814607265941 -0.00794005062560101 -0.301106197817829 -0.30686883773892
-0.00660873348240068 -0.0392550794674196 0.118398431535549 -0.580416894099223
0.0170429798556123 -0.0443562491801957 0.740584600460467 -0.209471274984921
-0.0107842390851369 0.0122415777769674 0.596350248483649 0.593101378311155
-0.0262243364131897 -0.0204925612677903 -0.0739591101280428 0.60478961843597
-0.0146284399025214 -0.039296622713377 0.0646259178243206 0.0671382237767733
-0.00296959123363049 -0.0158394627775582 0.232679280634957 -0.586072108684503
-0.0150679435737085 -0.000484545731250102 -0.457538154388129 -0.8035549887199
-0.00706948341659327 -0.0287290332191062 -0.866921544734705 0.0442564353777151
-0.0273515784942764 -0.0267201042856603 -0.217311147024854 0.647636617631915
-0.0296467496269852 0.0124199058175699 0.290695630769106 0.3596945247062
-0.0158568759565214 0.00572276279301737 0.226548849873977 -0.00811576991781168
-0.00941111182363115 0.000322779316524312 -0.0357765868186934 -0.180841101658391
-0.0131403032213696 0.0176282867879028 0.00531865509034444 0.156297343275736
-0.0255476265209181 0.00452759302120624 -0.172362811258216 0.0356825940624368
-0.0228799991507097 -0.014381016782473 -0.28333342993632 -0.321192782278647
-0.003848784984028 -0.0480007633373098 0.163935924254783 -0.570909098919462
0.0252824606976688 -0.042487174963328 0.759125842466155 -0.15470620878402
-0.0081881174932917 0.0204556658451398 0.553114467598173 0.637711452334274
-0.0286343851212795 -0.012990267862693 -0.109999329505581 0.599454304493437
-0.0204473364267048 -0.0331734658287678 0.0633675287231926 0.0554947422053082
-0.00712318722257583 -0.00664206720725576 0.198754839939931 -0.598515909462903
-0.0116896003566374 0.00775492891589316 -0.511729204534432 -0.764184619815824
-0.00303874412590805 -0.027686569915398 -0.85523502330252 0.10934536512655
-0.0285021528552598 -0.0320724988722452 -0.16771804173603 0.658161973168658
-0.03290449465401 0.00839083100426133 0.312492544085584 0.342864726553163
-0.0217940697002551 0.00544650661576198 0.223695858228807 -0.0210311414822489
-0.0149999114085597 0.00318729613011962 -0.0360224425511791 -0.185904048627823
-0.0159803233181639 0.0210854138748346 0.00520114512513941 0.149274620920338
-0.0295055945566821 0.00197124652388073 -0.17462648444536 0.0233894314397567
-0.0238508843623351 -0.0214349583170905 -0.262809131891665 -0.338775687938157
-0.000553455983040185 -0.0538331053027422 0.20856047605935 -0.558985432441288
0.0352425601428012 -0.0370236460867231 0.776551961955028 -0.0977443029108557
-0.00356423033633287 0.0305202815465936 0.509397246428251 0.681446875191339
-0.0309892767120519 -0.00373388019223038 -0.144486490234326 0.597348754968937
-0.0254314414158698 -0.0225614738413269 0.0606077925351667 0.0460644190714233
-0.00844780619769957 0.00559432814760021 0.16432212068219 -0.605418033113758
-0.00273108554308838 0.017565880095443 -0.562606044451472 -0.719422970052186
0.000277235506509214 -0.0270076971352192 -0.840734990774643 0.169657561610156
-0.0315378299970172 -0.0346489591044422 -0.116840509121224 0.669819572121693
-0.0345100605798782 0.00696480279112986 0.333577571237726 0.325010362127888
-0.0244897704674624 0.00597164917948438 0.222242684218735 -0.0340468553390996
-0.0169843733750105 0.00772989566029992 -0.0338466674236542 -0.189579967844807
-0.0158119482013242 0.0243414066087764 0.00877891898296666 0.143979239456404
-0.0283561624666371 0.000796825585256052 -0.172373371237166 0.0135886100518959
-0.0231417186504958 -0.0253226788095347 -0.245122932129225 -0.349504026066915
0.00205561598031034 -0.0560308713711078 0.242495486379635 -0.545112307151874
0.0426115066074634 -0.0309614946905351 0.782959044993177 -0.0516955131399641
0.00227335097500199 0.0402805730993896 0.471650250200709 0.720345867218818
-0.02981136040532 0.00768932769414571 -0.172329065384785 0.596932356233164
-0.0281859909148408 -0.0106614869460844 0.0561510963027475 0.0418454703735216
-0.0045217468403425 0.0173536024896511 0.137319146735254 -0.606055663001418
0.00587758474063041 0.0246330223458799 -0.600262309414862 -0.678295155055432
0.00305693046612287 -0.0249985447497782 -0.824940011531211 0.217715998312566
-0.0359724298345141 -0.0326510638397071 -0.0784379870536861 0.673984017726857
-0.0348819919023198 0.00646701575813607 0.348226626651876 0.311604025390452
-0.0235375185375224 0.00708173439337566 0.222328597599257 -0.043185723246785
-0.0167188667362811 0.0107117536557747 -0.0318717724626041 -0.193752744243969
-0.0114917158049981 0.0250701949494854 0.013175584362588 0.142268024270465
-0.0246855928522747 0.000648844039478017 -0.169329510402854 0.00709649028424146
-0.0197662365071921 -0.0262461083264812 -0.23135854314117 -0.356466740486855
0.00117581166275377 -0.0538044237449647 0.262189541532474 -0.532924182154552
0.0468730990554295 -0.025168321065131 0.789237752143534 -0.0147118021953283
0.00915383599946536 0.0481462899479195 0.44265009529826 0.747432414672072
-0.0278685631710561 0.0182689129145904 -0.193700590633092 0.600678649760118
-0.0287651336006513 0.000904514289294035 0.0500732902367986 0.0422122653726344
0.00179044835745846 0.0279753875985444 0.11807858941949 -0.6032755456889
0.0163615060503935 0.0285016875287001 -0.623047757650686 -0.64947605904966
0.00594204947869214 -0.0216903625849674 -0.815492038319355 0.247333162162766
-0.0387139545684966 -0.0286646029542185 -0.0568948994466229 0.676573998906203
-0.0323916668143746 0.00677299204272504 0.359471479574908 0.302665116640256
-0.0184155633705711 0.00827678063375474 0.222421200679673 -0.0492269349701377
-0.0125919262781722 0.0136629355646373 -0.0291464022913937 -0.198876437731597
0.0131958599764339 0.00755670337806736 0.0140338113627706 0.165934082086511
0.00913157221764859 0.00439104711684024 -0.152767708697115 0.0656309549417644
-0.00115388988239774 0.00531712855360234 -0.325502146116898 -0.275724420473175
-0.00833943390829878 -0.0100951039982201 0.0304550692644594 -0.583804622057831
0.00382342747714912 -0.0366754133828117 0.700260780278203 -0.295519728809514
-0.000942059594904658 0.00183296606495199 0.675698234357754 0.520204844546034
-0.00679570101178664 -0.0205315493563538 -0.0113642978671905 0.628976844054826
0.000431898321868801 -0.0343300149592187 0.0543645155141599 0.104790719829493
0.0167656508454808 -0.0178078190308241 0.286919742490036 -0.544794949295521
-0.00312974786488775 -0.0124328235779043 -0.3478985127381 -0.86425973100232
-0.0172715161960905 -0.0227264040913774 -0.888791267424936 -0.0725668452007935
-0.0370140486413708 -0.00313172044757253 -0.318192006882879 0.622773582787943
-0.0195593317035418 0.0282759623188549 0.252074586509625 0.390384414271162
0.00913909047846727 0.0135362364662662 0.236560813397563 0.0193100377256316
0.0117074358996449 -0.0028264242181458 -0.0295406232506451 -0.173618380784851
0.00650910074783042 0.00841365824324487 0.00975627029239179 0.166736109464549
0.000179780447776284 0.00586948360833204 -0.157983401695242 0.0636384677192354
-0.00725196600846591 0.00278874561821639 -0.324644471130346 -0.28203047482083
-0.00788762199863978 -0.0188902297872041 0.0482140310265442 -0.586079484945081
0.00541738011200691 -0.0409045725937847 0.708126080308357 -0.283227267422608
-0.0074995946172471 0.00196426321700483 0.661252618047401 0.530330088385108
-0.01415551666549 -0.0255439478439125 -0.0230112400213568 0.620114313532787
-0.00318829066078866 -0.0406955461216779 0.0594514424380225 0.0937994042083242
0.0104762710050025 -0.0233050412564925 0.280502590491213 -0.557961759813869
-0.00994268440270025 -0.0128040679382347 -0.368227759940818 -0.858198012719258
-0.014524657096426 -0.025399828018468 -0.885261561683485 -0.053726145119656
-0.032328916820294 -0.0109149396766332 -0.300715487787999 0.627306095598398
-0.0229464927683988 0.0235632604793984 0.256973369034649 0.384700402627216
0.000149756026315443 0.0102330347342308 0.233113200593546 0.0120620524991449
0.0049130235534941 -0.00341559038266655 -0.0314847700514535 -0.175880558665305
-0.000892128987709722 0.0108956578165885 0.00789104904843121 0.165296784148342
-0.00992968261531253 0.00618899195234279 -0.164118023730833 0.0563455592378485
-0.0138539612630643 -0.00199831880984652 -0.316129957075682 -0.293514160043246
-0.00763403663603488 -0.0292672635574365 0.078541122146251 -0.58648805555597
0.00993696856976644 -0.0433496538074327 0.724450853657062 -0.252605377464823
-0.0105862881302097 0.0055840317423516 0.63465733030564 0.558547674262786
-0.0216429397304558 -0.0248995600176782 -0.045107747672677 0.612816629659674
-0.00844357359291186 -0.0423079637781971 0.0638008168647624 0.0807736315184598
0.0029800276617204 -0.0225271176581509 0.262075428189316 -0.573786632755916
-0.0145240095908259 -0.0083937867200091 -0.407826281400301 -0.839590789782151
-0.0111757604035328 -0.0276743396488855 -0.880976606161994 -0.0134684990052331
-0.0286721346714677 -0.0189555040448842 -0.265780432649704 0.637044083552796
-0.0261357063693223 0.0180892012779394 0.271708832609319 0.375007930652822
-0.00893126267009563 0.00730541241890165 0.229708624855263 0.00435104517418843
-0.00276876466660786 -0.00265073069051623 -0.0357029929327954 -0.178026559429245
-0.00822109411747556 0.0138653917921653 0.00433528821098984 0.161377031407718
-0.0196378664332924 0.00547983709941717 -0.170077634121203 0.04598930007888
-0.0192736490218322 -0.00849535492262728 -0.302970869838649 -0.3095911964553
-0.00542610445666942 -0.0400046699117581 0.11967331148049 -0.581650104864995
0.0174573880302106 -0.0439856014838017 0.743698192022887 -0.208199409025139
-0.0107396821669381 0.0121517789555623 0.597859559446211 0.59988725823137
-0.0265468670485888 -0.0209775663361603 -0.0774396498854031 0.606226641802981
-0.0154517619354841 -0.0394837876995747 0.0645196739814244 0.0677060072948888
-0.00373295088029843 -0.0162591029496954 0.236456413124618 -0.588049406135291
-0.0145324598402035 -0.000188409823369783 -0.458912587338468 -0.810564201939193
-0.00662506675742341 -0.027589951717969 -0.871176650256309 0.0427260121793668
-0.0281378054696265 -0.0267278873224681 -0.219276463404139 0.650254860011085
-0.029896806205136 0.0127871916485865 0.290824314541882 0.362169605525815
-0.0161779304956561 0.0055555667877165 0.227665045893279 -0.0074572744799103
-0.0103467049445973 -0.000318054896266741 -0.035198896372975 -0.182112024116223
-0.0123811891741047 0.0174960102494434 0.00422017914886641 0.156733409020412
-0.0260691556442192 0.00423548462027686 -0.17307902277813 0.0343043411389734
-0.023062967164276 -0.0149166246601617 -0.285242883977326 -0.326326666352626
-0.00348081483519318 -0.0481753304027882 0.165865906086784 -0.573772424273089
0.0260971860353308 -0.0422320958046172 0.765940084674215 -0.152022433812815
-0.00823577868983366 0.02041615568906 0.55451011689943 0.641978368109055
-0.0296323739953003 -0.0141646785098034 -0.111387769775019 0.603265240645806
-0.0207155406550512 -0.0330773372686652 0.0633282522151281 0.0556812111283307
-0.00740244897475837 -0.00767065600720169 0.201297697161403 -0.600662320735758
-0.010900950582131 0.0086390406896863 -0.513933661206011 -0.77028022910736
-0.00332364865039244 -0.0274139964845961 -0.860658249835833 0.107742949297472
-0.0292377034837033 -0.0316479711803997 -0.168922517088091 0.662726586655157
-0.0329987232650812 0.0090275976605386 0.313699185886728 0.345651877851275
-0.0221015822090199 0.00503495250128709 0.225266877796724 -0.020864965400718
-0.0144871149627313 0.00311324507912817 -0.0352596300171981 -0.186663484165867
-0.0156223055945593 0.0214616283233941 0.00433706015741025 0.150598183971897
-0.0300769695462864 0.00177556997575698 -0.174909390336379 0.0217641448046079
-0.0239935929470132 -0.0214964462078643 -0.264276512574794 -0.340713782090065
0.000162636297080006 -0.0540222841158106 0.21075147280946 -0.562101156122187
0.0354192801670472 -0.0370875883583638 0.779528639280895 -0.0957897523542034
-0.003286846099515 0.0301383107272988 0.512376294923613 0.687140015829641
-0.0314677530776181 -0.00402599400173426 -0.146995202431503 0.598599835374402
-0.0250695444151968 -0.0224047847177788 0.0605473659071388 0.0453347148540072
-0.0082047327993149 0.0048517661120003 0.168563082916339 -0.608438044048192
-0.0035277572673619 0.017681325140781 -0.563796673410044 -0.724908847587086
3.50276886004648E-05 -0.0269640169198319 -0.845250246621833 0.167681721699798
-0.0327357053925247 -0.0344617937103335 -0.120273922751021 0.670868453216174
-0.0346325674288832 0.00649552381338892 0.334050292412289 0.328320084827862
-0.0241729642484868 0.00571844958890849 0.223455328115406 -0.0332994305959161
-0.0176325119817514 0.00722817877168297 -0.0334803962518508 -0.190678843362982
-0.0152494869678657 0.0236322463992586 0.00889687129488446 0.145622687498966
-0.0289496570836378 0.000151694221361444 -0.173242798757765 0.0124020246471581
-0.0229138944913176 -0.0255632767889009 -0.246407764070686 -0.35269232879939
0.00183962412962662 -0.0561536042787501 0.244600951843954 -0.547824236499163
0.0425833884781436 -0.0305179556988808 0.789588444558286 -0.0492144781811467
0.00266571309566105 0.0400140949915398 0.472710210384264 0.725158268611182
-0.030244420463084 0.00701228053004905 -0.176698507751334 0.598511357671668
-0.0283275449500479 -0.0111677000535687 0.0556824730598262 0.0420679143165814
-0.0044403534185315 0.0172499740757295 0.140790751932667 -0.609968914198785
0.00692687106365251 0.0242891311594567 -0.60122850849903 -0.683992575174744
0.00290615820587704 -0.0249581284535006 -0.83133492076684 0.216329374748976
-0.0361250355928715 -0.0336267715327343 -0.0818609030155604 0.677755018746175
-0.0345093583041883 0.00641655005601659 0.349544922693954 0.313738320203705
-0.0232984912275285 0.0069846226517471 0.223126834225036 -0.0429030775875021
-0.0171131400322065 0.0105460544336363 -0.0310652557777718 -0.195165466449828
-0.0119679224190103 0.0256168430757898 0.0123375027310214 0.143372548486991
-0.0250757674189892 0.000180168130766178 -0.169668320598961 0.00607769152240209
-0.0194981772263463 -0.0269552051371997 -0.233834126797084 -0.357854798158387
0.00226344971239911 -0.0534664880656232 0.266190032070485 -0.534681251881189
0.0475481078447537 -0.0248579638481632 0.792246177608731 -0.0109983726955377
0.00965642840629506 0.0476486333048646 0.44277824135839 0.752690077199925
-0.0276897012049081 0.0176885255761577 -0.196610322082459 0.603070704697702
-0.0292829516544126 2.28250945195601E-05 0.050117453872433 0.0420151039266902
0.00142718136243094 0.0276677146576801 0.121659626330324 -0.606929102430181
0.0180796538740367 0.0284383431250648 -0.623322840001258 -0.656075679666545
0.00509366260829748 -0.0217436922494145 -0.820890249512733 0.247357697236105
-0.0387975412295364 -0.0291646986505094 -0.0576024231717675 0.681772039631603
-0.0326719285361809 0.00667903285157671 0.36177094897523 0.305789266871731
-0.0188085305681887 0.0080979895726874 0.223769838992021 -0.0481472758007922
-0.0131792674630034 0.0130397417517622 -0.0291324481875258 -0.199631773384429
0.014022373851506 0.0071804881017995 0.0122747719362761 0.167407913857116
0.0095597664597859 0.00451760669015171 -0.153418575152864 0.0645630872540032
-0.00136873559166119 0.00497839657188153 -0.32856829618972 -0.278901704894761
-0.00827141425975527 -0.0107051309021756 0.0308604250258149 -0.587986047416869
0.00483532910542423 -0.0370698701305891 0.705022086241913 -0.29430853861667
-0.000849936815514556 0.00159587407467664 0.679437948011389 0.525727826548224
-0.00718952622609119 -0.0209837673441114 -0.0126967434447547 0.632533270305986
-0.000385673467550514 -0.0344422388411016 0.053746544127573 0.105025154443269
0.0164790380419809 -0.0179702975553028 0.291900397214156 -0.547215360484392
-0.00227604250428381 -0.0128461846234083 -0.350169192255615 -0.870050410030224
-0.0169159828047146 -0.022950794838456 -0.895772176490872 -0.0739438915970227
-0.0377297206786865 -0.00318432326240347 -0.320687635634794 0.625704361285544
-0.0192705914713181 0.0283145625416929 0.252005131180128 0.394627825419817
0.00952722682890934 0.0136392092901451 0.239080252826144 0.019321486830428
0.0118165284380698 -0.0026485367319316 -0.0281578835461204 -0.175142705875136
0.00641990355108689 0.00815512842913468 0.00926478273531368 0.168946343079117
-0.000540065689279189 0.00521276065956426 -0.158982507385988 0.0629585167100081
-0.00747704967422503 0.0024299094453056 -0.328260249916026 -0.283980213963586
-0.00750944733161315 -0.0194896889433173 0.0498870799480067 -0.591211994629025
0.00537097766973791 -0.0407304817480555 0.714051154251993 -0.282746274759414
-0.00785873311148444 0.00201651057082171 0.664681631218491 0.537636189342285
-0.0145677419061079 -0.0257491309131041 -0.0259450464628611 0.624453900167394
-0.0037038397025136 -0.0410786680942253 0.0597842498586464 0.0941454685890254
0.0106954218808395 -0.0238912718673894 0.28454797965905 -0.560971534664587
-0.00952817085187184 -0.0128188769719352 -0.367888289878854 -0.865147260947621
-0.0150008257927069 -0.0254172477825333 -0.891380189238846 -0.057247604673883
-0.0326769917204167 -0.0109791150414969 -0.303586682605341 0.631315538980432
-0.0230494307964294 0.0236105854395623 0.260235234769233 0.388486463651024
0.000442312806694345 0.0101850149866501 0.235305292944944 0.0141758460219921
0.00460960185436173 -0.0028497105148948 -0.0312866069974891 -0.177425327913042
-0.000479407745191905 0.0103359797489595 0.00752480510869346 0.165501901897675
-0.0102635044921514 0.00542654754355573 -0.164322131495042 0.0558059786323152
-0.0137795944081859 -0.00185860898644324 -0.319564313268586 -0.295037031898918
-0.00716747323998436 -0.0298784201192162 0.0803635521872086 -0.589266809259826
0.0104030806321189 -0.0433296988932537 0.731304285168944 -0.251596712579967
-0.0111865798719744 0.00546500153217918 0.639112792417224 0.563774999500162
-0.022022695786901 -0.0259365024059552 -0.0463784203711632 0.616401443742742
-0.00852524053719923 -0.0432898197817558 0.062999214585393 0.0815595545251363
0.00316759399812732 -0.0234199669810181 0.265078168068059 -0.576663984943775
-0.0138432064580147 -0.00832232300833814 -0.408012807093141 -0.848080749252426
-0.0111291264300122 -0.027899078218435 -0.886859063183475 -0.0162734504255792
-0.0292463744015202 -0.0193852068288419 -0.267702934910397 0.641198381245076
-0.0268415526663071 0.0180897620630532 0.275181232442088 0.378032515430614
-0.00886485880630497 0.00731135748029444 0.231926588017747 0.00499981102684623
-0.00327388015597714 -0.00301146514357246 -0.0350626137770858 -0.179407189149658
-0.00737573480198581 0.0142849882240877 0.00304927873272814 0.163381983331537
-0.0195665284207746 0.00493804414730655 -0.170512991713012 0.045444869807575
-0.0192340238609415 -0.00813258822972742 -0.305866185780862 -0.311955938089766
-0.00554185995236463 -0.0402457660994109 0.121161860890176 -0.58616554484442
0.0183195178492525 -0.0442913284672148 0.750165187939824 -0.206913670295753
-0.0107992311355376 0.0121676176217106 0.599616506433631 0.604888285002859
-0.0266431099916297 -0.0210676651179391 -0.0793669962774271 0.610919543860008
-0.0152369087493847 -0.0399311492757808 0.0641301987527895 0.067968698414017
-0.00338459904099796 -0.0171572869711175 0.239822162433037 -0.59172252853668
-0.0143436105124112 -0.000683409944098691 -0.458676203244888 -0.81709597739687
-0.00699278256664243 -0.0278143896001102 -0.877681751107338 0.040427354158488
-0.0281780184664725 -0.0268443622043732 -0.222890325736481 0.655213688651563
-0.0302539542371977 0.0118645316313461 0.29377285309527 0.365058394875198
-0.0169865059477608 0.00587419400832951 0.229173957510102 -0.00679376343245001
-0.0104272106931272 0.000175282665784273 -0.0347075971318027 -0.182757132567623
-0.0122087023309638 0.017324041558026 0.00379345903361403 0.1578226086566
-0.0269655322660774 0.0036863086595272 -0.173970344218964 0.0333492113020665
-0.0230841570495467 -0.0151061271122984 -0.287327104917673 -0.329060433628985
-0.00212488936768532 -0.0493839321827544 0.168030255313277 -0.57714254190075
0.0270222971859024 -0.0419123818438671 0.770724523493144 -0.152078998624196
-0.00804656779921743 0.0198860650392314 0.556797177897904 0.650600591022417
-0.0303834066849302 -0.0153395588347981 -0.115723553262049 0.607743708169723
-0.0208152441930284 -0.0336780581763168 0.063428489080085 0.0557673775628063
-0.00758841090044553 -0.00832317036961349 0.204888843808023 -0.605695907750375
-0.0104944472751793 0.00773599109731414 -0.516974714021336 -0.778719622194243
-0.00331587961761522 -0.0271788524456902 -0.868611324347389 0.105581777092488
-0.0298325637910785 -0.0317509370479599 -0.170685308228128 0.667798171177402
-0.0334702120190123 0.00858480341661012 0.316432929537974 0.347632258231719
-0.0224356859872068 0.00507781763145802 0.227049646725911 -0.0199181145074266
-0.0150413544256073 0.00306279720721821 -0.03556679024827 -0.188173958604215
-0.0156461466561821 0.0211192976067483 0.00382023419490041 0.151882726060343
-0.0302854331105373 0.00144440875586201 -0.175944616727327 0.0202135857243261
-0.0243869556546768 -0.0216395498348582 -0.267165725276736 -0.343931150621627
0.000498558027514358 -0.0550259488967194 0.213265405279254 -0.566302034619379
0.0363726065485644 -0.0371191809700843 0.78858529739152 -0.0944763357895844
-0.00356478592333664 0.030459017812419 0.513356155672665 0.69310965333526
-0.0310498396202726 -0.00492038190098597 -0.150557712987583 0.601664971831427
-0.0261049836120147 -0.0235166209079571 0.0603841940882871 0.0467165264186039
-0.00794832874255695 0.00429169828305164 0.171847644053224 -0.611955574549685
-0.00241165184868076 0.0167843608003126 -0.569183532807516 -0.730928524201825
0.000530233094178139 -0.0264418097644182 -0.851725013553211 0.167287438255841
-0.0329425734303804 -0.0351453141269644 -0.120715351120722 0.676933783316775
-0.0348621063368613 0.00637800741157775 0.337302338895358 0.330976526974827
-0.0243366585367761 0.00549674437034186 0.225342730431748 -0.0324916948067723
-0.0179327924398378 0.0071905496338652 -0.0344159633291927 -0.191376635557945
-0.0150279059555493 0.0236448051034711 0.0073396961634271 0.146705881476146
-0.0294146256323841 0.000178493176854972 -0.17382242287409 0.0113336584390151
-0.0228422490842338 -0.0257176791774096 -0.248222336154481 -0.353511942255014
0.00299654624301033 -0.056717599655229 0.24694063348438 -0.550623077756812
0.0433946549393635 -0.030884834702568 0.794162087010113 -0.0458287882670778
0.0027909444555315 0.0404996451815394 0.474610501544229 0.731834215049553
-0.0314050947102007 0.00640883043523108 -0.179608280525426 0.604431868230733
-0.029182413732881 -0.011152074478705 0.0555896463029745 0.0423410028698977
-0.00498270188742106 0.0168615027229855 0.142359429024978 -0.613251594176573
0.00747789471820795 0.0241957659625638 -0.604785500948169 -0.691878782899948
0.00309798081752024 -0.0245410385838961 -0.838317776465769 0.217857389574556
-0.0368599323757433 -0.033479358339744 -0.0821711655143296 0.682583837536494
-0.0347803311064002 0.00554583895504459 0.351681258681209 0.316542236641395
-0.0234955385851891 0.00718038872985215 0.225239370125615 -0.0420343316531158
-0.0173052001105576 0.0106625152260149 -0.0315551252559459 -0.195902852517512
-0.0110918283849079 0.025710108187888 0.0118246738304117 0.144581443386102
-0.0255964653233385 -0.000330819209675624 -0.170337576176427 0.00545033417372251
-0.0201077003300641 -0.0272860061308527 -0.234421439473121 -0.361314266301771
0.00246345441448065 -0.0542612002063749 0.269234485841943 -0.537836523992832
0.0483459368075089 -0.0243898184284451 0.799542088016711 -0.010248888359328
0.00966863596609405 0.0488841869234784 0.445780293359998 0.760785462094169
-0.0290925176996601 0.0174422033933796 -0.199023430090668 0.606568977485883
-0.0297828947285107 0.000343915985065739 0.0502875436361756 0.0422533559519138
0.000771959939268388 0.0271602295232242 0.124082398530133 -0.609806215911078
0.017327843357655 0.0293302471168537 -0.62743343729303 -0.662009315915404
0.00518262319859626 -0.0220936264818261 -0.827826785360097 0.246331839132755
-0.0403332269063749 -0.0291680158789545 -0.0570838890393968 0.685943664729177
-0.0327343786516908 0.00657095447813358 0.364366418151525 0.30871694029503
-0.0187107324212653 0.00793993736845356 0.224699840921884 -0.0482857495908721
-0.0132981794935588 0.0128945969405295 -0.0296427669925825 -0.20152595509441
0.0141594264032359 0.00727268317616714 0.0124129225810789 0.168354015546129
0.00900808204275267 0.00404252441250449 -0.155020410353486 0.0639269529973759
-0.00080378929999265 0.00525058588954484 -0.333708589914624 -0.281573030289854
-0.00735757699002623 -0.0106197372362776 0.0315480950849279 -0.59283905325214
0.00459861687362457 -0.0370310041220177 0.710964672523335 -0.296755415796657
-0.000936440951091684 0.00164988152075048 0.685949381322302 0.53039321071273
-0.00750923781319885 -0.0219936697931362 -0.0132326460427245 0.637900586443407
7.10416654722545E-05 -0.035229857901171 0.0537536681650195 0.105234929310907
0.0171095540821216 -0.0187686639617575 0.292758510371749 -0.552067689397693
-0.0021048888616898 -0.0126980021111056 -0.352401206228273 -0.878546554225893
-0.0174726514971443 -0.0222784751328577 -0.902252997931476 -0.0739564584961536
-0.0384311076188425 -0.00262843366371059 -0.323008817151497 0.631983416540805
-0.0197408585904526 0.0287101259384796 0.256393015008805 0.398436758735035
0.00970536588829941 0.0129112415150351 0.240267316396693 0.0200097878558215
0.0118957215875406 -0.00303400454203046 -0.028813290001086 -0.176279126491831
0.00663724196633821 0.0088813573684037 0.00870215230752845 0.169422428204748
-0.000512038451568483 0.00520885441682908 -0.15941332064392 0.0619491311036378
-0.00738832991172195 0.00248356150789096 -0.332001768889874 -0.286158576703482
-0.0072576397220898 -0.0201462388469574 0.0492351154091623 -0.594798282665213
0.00628887498384359 -0.0407465897131609 0.719416297375533 -0.282584953948667
-0.00749752498219679 0.00193163389803188 0.672273596067484 0.542422032640927
-0.0156721380098102 -0.0263084027184005 -0.0258357104633077 0.627828606618109
-0.00376071728505002 -0.0416832457898937 0.0596967486947595 0.0944118038171211
0.010556097137478 -0.0244597515052914 0.288451975370293 -0.567419190515487
-0.00973440086089778 -0.0133009973803094 -0.372774985554974 -0.8710576782626
-0.0153692667623173 -0.0252357876574919 -0.898065752599739 -0.0569059948240277
-0.033455509159703 -0.0108997213909847 -0.305464549526734 0.637868051141393
-0.0223780367975749 0.0235532557681101 0.2619063581599 0.391916457660541
0.000405950569885873 0.0102084586437736 0.23723640645105 0.014435480368948
0.00447002361340333 -0.00325865613394734 -0.031880082736804 -0.178060598882415
-0.00081833999783122 0.0102550291058202 0.00770076830146399 0.167722334569589
-0.0105368142139783 0.00576341534244127 -0.165478254976439 0.0547717769291815
-0.014387609581219 -0.0018704516242633 -0.322447369891821 -0.29798977820287
-0.0068142727287525 -0.0306241580445618 0.0802825899302612 -0.594130893086182
0.0103206870852963 -0.0443182201853417 0.735673548449886 -0.25404997108818
-0.0103777041129978 0.00572979653148811 0.645402890876383 0.56943317585659
-0.0223116129179204 -0.0265393150143931 -0.0479109744891996 0.623639482602427
-0.00978730015774768 -0.043438575613105 0.0632530055062603 0.0818739138629558
0.00254343919043348 -0.0236548907354812 0.267555346000964 -0.581565225861013
-0.0136482265100365 -0.00879995480064255 -0.411792556370915 -0.855000121493166
-0.0113333827874284 -0.0272826092149547 -0.894738965549892 -0.0160191701896153
-0.0301195480235739 -0.0194484666347688 -0.270375789338111 0.647823370404498
-0.0265716836581729 0.0176410171595908 0.277760453330967 0.381126158675175
-0.00880360142458188 0.00716158597130693 0.234231785749944 0.0050232797710338
-0.00361993503039518 -0.00332987888728426 -0.0353804940023401 -0.180601227345517
-0.0075033080744318 0.0141624933709306 0.00337939764644039 0.164643361962872
-0.0201841368276837 0.00454324950325609 -0.171842128591993 0.0443111240277508
-0.0197360192845279 -0.00889187373889444 -0.308579919402818 -0.315654791870682
-0.00524746725832781 -0.0409580020134422 0.122269166347197 -0.590277473421593
0.0187079975655551 -0.045094791180143 0.754895658462077 -0.207597305667756
-0.0108880752342655 0.0118911966226068 0.60598793667009 0.611050745942889
-0.0276662303866225 -0.0221293888258772 -0.080928393994365 0.614416726215873
-0.0158914848798128 -0.0406673793740185 0.0641488799623076 0.0677918587141117
-0.00411227387224049 -0.0176357027924799 0.241258482305713 -0.597968387552815
-0.0135638475050338 -0.00062824758919577 -0.461732735441741 -0.825571377228667
-0.00709478056002119 -0.0279862702600796 -0.886205188005007 0.0395509151107073
-0.0285436758125907 -0.0268712958859254 -0.223956794377819 0.660674646304085
-0.0302266440829308 0.0120153124131657 0.296037870455284 0.36759488871638
-0.016488354316373 0.00540494725992167 0.230829673365418 -0.0064277761528956
-0.0103319001212605 -0.000581811368972933 -0.0352153247090703 -0.184167397825883
-0.0123433926688206 0.0177838712038135 0.00404678180413308 0.159419839324316
-0.0264952123144227 0.00286276650547738 -0.175071913649076 0.0326947791109759
-0.0228406755591566 -0.0152356091281794 -0.290583867443242 -0.330040992610818
-0.00241748922905341 -0.0499790575007662 0.168269808975804 -0.581964899447634
0.0275175527263981 -0.0423587883349215 0.777881969659553 -0.152343251274573
-0.00892695804940235 0.0201031008286385 0.563023718683994 0.656872307966691
-0.0306139076341829 -0.0153761032546555 -0.115909203832258 0.609786492753779
-0.0212172910438706 -0.0338712663307946 0.0634832996223783 0.0557709563001265
-0.00838583297653699 -0.00884539014350577 0.207442480025598 -0.610614935329434
-0.0104033691447875 0.00850529453524897 -0.518898840047675 -0.785011224876441
-0.002986078846651 -0.0273335033556583 -0.87440777879044 0.108400177587922
-0.0303028012958093 -0.0327190404873035 -0.17333009709576 0.673029608336538
-0.0336570332810207 0.00866081658722 0.319189994698592 0.351725637140617
-0.0221627003007822 0.00501963544416038 0.228410213441237 -0.0194001623101112
-0.0152700517935423 0.00240458058040807 -0.0361000182023046 -0.189146169636973
-0.015915350814305 0.0209279648648244 0.00355291843052466 0.153824158173744
-0.0304596972859901 0.00132207820486057 -0.177107906970836 0.0199390261883273
-0.0243480770539981 -0.0212955431089102 -0.270019072035063 -0.347620863971675
0.0011063981554582 -0.0558823806149595 0.214144885273643 -0.56927820069924
0.0365673604199815 -0.0371875911250759 0.792676639995697 -0.0940254917271466
-0.00376468175548769 0.0304077017483463 0.516598435335608 0.700441912032905
-0.0324328532461391 -0.00520738938877923 -0.150997277118775 0.607890155428347
-0.0265847894702602 -0.023318741761715 0.0604797110750277 0.0466624002788562
-0.00866200464569022 0.00387463228655511 0.1738467490495 -0.617412372227911
-0.00208643943688169 0.0175120198388859 -0.571511980174061 -0.737716232065815
0.000602138023799072 -0.0266794300746716 -0.860336415817391 0.170107217758435
-0.0338087791031903 -0.0350705214691552 -0.120869111586327 0.683594339881841
-0.035185829806519 0.00618744575663705 0.340677948289318 0.334361946787934
-0.0246557758238391 0.00522038626712375 0.22680377558055 -0.0322692574810194
-0.0182624996839131 0.00672014026472439 -0.0334147493323819 -0.193100674842891
-0.0154597468095506 0.0234883263789164 0.00739187771905523 0.147840489269318
-0.0298290282837149 7.35267317516859E-05 -0.175591454078278 0.0109257587405348
-0.0231944890890558 -0.0257394425649738 -0.251967870345602 -0.358856726037615
0.00291451118997054 -0.0570669579849749 0.249286487341068 -0.55456196238586
0.0443923085971388 -0.0301932724771317 0.803279782483515 -0.0469722739349495
0.00248434976005961 0.0408568892308796 0.478714145522751 0.739137822443319
-0.031811975600294 0.00630301783798918 -0.180196964893301 0.608128738072771
-0.0294802591373769 -0.0114334799050174 0.055636955152912 0.0425400471037636
-0.00602226691218753 0.016475890208511 0.144371870368462 -0.61742344641176
0.00780355338793362 0.0247367648314083 -0.609084759005697 -0.697185298000151
0.00348395075184306 -0.0248046411533 -0.846026592106984 0.218759766683232
-0.0371958701554308 -0.0336706320328522 -0.0811638503998924 0.688374072163305
-0.035273620165546 0.00560348319011849 0.355877337292289 0.32000767522197
-0.0237580580548832 0.00699513889311119 0.226900283920831 -0.0428448416407894
-0.0171091945723538 0.0102197581463158 -0.0319934903527459 -0.197845934143379
-0.0111104384368577 0.0258569401672143 0.0119427927799303 0.145889913951511
-0.0257707384534451 -0.000738011449876593 -0.172049663487918 0.00390665688911859
-0.0200354030893781 -0.0277968055125758 -0.237200325655603 -0.364037835131697
0.00288771220287317 -0.0552090437233173 0.272155690809392 -0.54285357443028
0.0487924114625456 -0.0247330178227249 0.807468014598794 -0.00938363258858731
0.00940795927627808 0.0488807569510121 0.448404996772289 0.768865814736469
-0.0300255557411843 0.0166762597425615 -0.202577740669352 0.611523836708613
-0.0305071489270348 0.000195692098284672 0.0497475047904455 0.0421332809510002
-7.63712641194125E-06 0.0272965256133841 0.125988392036253 -0.615331568330275
0.0183768386073009 0.0282575948388989 -0.631926707713293 -0.668532219897241
0.00555339689189437 -0.0217007586970057 -0.834821566622671 0.249645322326105
-0.0404341782489793 -0.0293441926214396 -0.0581882166539407 0.692558807041502
-0.0329062679899802 0.00628098012646855 0.365926440054508 0.309990901751913
-0.0188375958023188 0.00788220759816758 0.226595959338787 -0.0479336743494871
-0.0134036913999166 0.0131479114660947 -0.0294548142385548 -0.20264350724722
0.0147027326684022 0.00702637263091035 0.0126044732625285 0.170609083106828
0.00902257184340259 0.00389649390373227 -0.155325187062267 0.064449941786009
-0.000804252070843597 0.00530538350365322 -0.337026817689193 -0.283498837266364
-0.00754647968612002 -0.0113357241570266 0.030925960374493 -0.598431037793036
0.00477042551097733 -0.0372980793929827 0.717284504697682 -0.300189478668226
-0.00100026544908171 0.00170831136815224 0.694531534834398 0.535782635413334
-0.00867099185974951 -0.0219443415385608 -0.0125087986862011 0.643929364714225
-0.000650612611810375 -0.0353538734084661 0.054430005684436 0.106231141671653
0.0161002263122849 -0.0195505004524913 0.295158987132271 -0.556855605061483
-0.00177991619413424 -0.0132037105304602 -0.35598359111195 -0.88512254856448
-0.0177414646952458 -0.0227429173157061 -0.911366668818784 -0.0733650458869995
-0.0390599461015785 -0.00294466361100199 -0.324344179007748 0.639556847194595
-0.0196826822393451 0.0291321487021212 0.258548896809742 0.401151772480191
0.00969251074548221 0.0134650262496771 0.242397175465473 0.0207951550076239
0.0115204976547621 -0.00326517576175819 -0.0291958463878009 -0.177327270184925
0.00685759647714803 0.00827616125676075 0.00916889661360036 0.171702114957458
-0.000912659026319189 0.00463399290567052 -0.16132792323131 0.0620835124558763
-0.00743584744490198 0.00208508544028463 -0.337294177366931 -0.289726901346643
-0.00743044346271543 -0.0207766243374576 0.0482316772658101 -0.599991638127122
0.00607484127912079 -0.0416071921155669 0.725873514051065 -0.288113013203696
-0.00804114424320385 0.00170915503682737 0.678814185533702 0.547581546146995
-0.0161978525430383 -0.0271748114487065 -0.0246885895801888 0.635572628927029
-0.00439107672611987 -0.042315448383329 0.0601747894310936 0.0955108982390059
0.00976265670417235 -0.0245208159295618 0.290185538784166 -0.571289130451891
-0.00878096406827481 -0.0133970957745259 -0.373548492109312 -0.878658215614262
-0.0155853465233525 -0.0254775622204105 -0.908004946524269 -0.0561271553045011
-0.0337597385529855 -0.0106323882652484 -0.30601565909067 0.642585565793896
-0.0229577780233472 0.0239878822129933 0.265298433297641 0.394947349166325
0.000728609562840791 0.0101221433893672 0.23999266707804 0.014454908102112
0.00437908182974176 -0.00391513636651238 -0.0321479841412153 -0.179058661259344
-0.000268727472321527 0.00977317353222635 0.00748476054713738 0.169762445069657
-0.0112174580441684 0.00543943462120056 -0.166611860367967 0.0549441258695361
-0.0142579933748036 -0.00230606931643576 -0.326924367696788 -0.300125986617695
-0.00645420251527483 -0.0312849272583352 0.0802828383096538 -0.599113340671162
0.0105707682734319 -0.0441741726163033 0.742804789648366 -0.256790067680923
-0.0109871547007342 0.00566279774504489 0.651410801896735 0.574502777017473
-0.0219962512137596 -0.0271897987299752 -0.047282800691908 0.628092596995377
-0.00975705210897697 -0.044080461717292 0.0638622578836615 0.0819971397509939
0.00263230261589073 -0.024409074430851 0.269068637217507 -0.587932059612222
-0.0133570551171508 -0.00857779600081419 -0.415444547512203 -0.86190803506143
-0.0122772764634837 -0.0274555767210484 -0.902287752760659 -0.0133819271799452
-0.0304576649511906 -0.019781128999242 -0.271501068187425 0.653648181990041
-0.0262404577697934 0.0184915256497354 0.280767655845516 0.384059536357499
-0.00868709302374435 0.00721209604681458 0.236005841618731 0.00480281688624123
-0.00321045955846427 -0.00346463802149232 -0.0358572598707845 -0.181985644945752
-0.00754816973712603 0.014243650216726 0.00390796730398494 0.16672057709162
-0.0207261189686801 0.00490964330078421 -0.172671180361157 0.0446195823967507
-0.019448940708984 -0.00824251443882489 -0.312658999419288 -0.318868245470111
-0.00514675456727946 -0.0416462164868656 0.121518354759115 -0.594979655826145
0.0181757411764977 -0.0445334203744351 0.763925096926642 -0.211683405727415
-0.0109901868607602 0.0121588363022978 0.612968674188406 0.61512882637933
-0.0280909694138113 -0.0224693877733568 -0.0800270577084236 0.620705662403071
-0.0166183790486832 -0.0408155265572025 0.0645259043884333 0.0682616421820906
-0.00406294688915987 -0.0183998471727398 0.243505333464652 -0.603097776018554
-0.0135544913285959 -0.00117069844897508 -0.468558456273016 -0.833378698069024
-0.0070620506577082 -0.0274230790393772 -0.893530541020377 0.0422040496916303
-0.0293441570014317 -0.0269671125043798 -0.22374223421517 0.66749288020142
-0.0304101305307676 0.0124070288712702 0.300981036087304 0.370880704615256
-0.0168298759189377 0.00531266831924803 0.233364727243472 -0.00599273166008975
-0.0107181655502414 -0.000784931438369136 -0.035906177354533 -0.185875134711744
-0.0122757346595819 0.0175205922339758 0.00366938541508936 0.161106163136933
-0.0268147843869445 0.00325293127095324 -0.176641461751753 0.0324818128199943
-0.0230164167881595 -0.0154336688362282 -0.294073622576363 -0.333926433634282
-0.00261471600085458 -0.0503856561740552 0.170920283858615 -0.586896987763249
0.0275783327738606 -0.0425841914087997 0.785964911283698 -0.154707195488266
-0.00833648193733931 0.020286856487918 0.56892338514505 0.661244196185072
-0.0315150560475879 -0.0159399395839566 -0.116634077706286 0.616528805129346
-0.0221663136850968 -0.034879145614655 0.0638163668426018 0.0562117055273717
-0.00837102464783802 -0.00931832444152707 0.211481292388302 -0.617113817692471
-0.00976942398992918 0.00772150079678402 -0.525650455159157 -0.791906891321802
-0.00393259086822297 -0.0278976003984696 -0.882905830547227 0.10981966889312
-0.0311402293852513 -0.0325074199252369 -0.171288925477287 0.680400981785991
-0.0335338019119972 0.0086494841376138 0.323102153174642 0.354038629898852
-0.0224759877554088 0.00507889782678562 0.230295562802346 -0.0197715062108598
-0.0152037955746525 0.00249911879540615 -0.0360935429885123 -0.190689857932461
-0.0155507867910871 0.0214170931105794 0.00420225918751992 0.154649581506138
-0.0312167862387821 0.00122086391237299 -0.17850099754575 0.0194479751659902
-0.024259299185874 -0.0221900035284069 -0.274920021393866 -0.35009440359566
0.000711315272432776 -0.0569600193666517 0.215239311803743 -0.576437997372711
0.0374538213200499 -0.0374787377365333 0.801236454909157 -0.096551796010032
-0.0030551652583682 0.0307990607963333 0.524252526899753 0.705972352991412
-0.0330714334197724 -0.00590716495979572 -0.152428146740279 0.612731645096593
-0.0269458268116221 -0.0243551559290269 0.0605017052198797 0.046222615575353
-0.00897544892515937 0.00364170935200308 0.175327272882113 -0.623685441719076
-0.00127611214547526 0.0170796533830265 -0.577043890649481 -0.744301992136327
0.000294727106753488 -0.0266746384130542 -0.867774178849221 0.172871887179586
-0.0344650913412434 -0.0347573742403376 -0.120584929921704 0.689842963924301
-0.0351596344387452 0.00626557032476956 0.342661443181529 0.336425036509158
-0.0247994954066721 0.00635432605955162 0.229388103027565 -0.031932417292309
-0.0187418326828399 0.0073646582330793 -0.0339867403535421 -0.194106051684494
-0.0154250445082011 0.0243004621509574 0.00749041511724072 0.149584021561673
-0.0304361464924283 -0.00051668950317923 -0.17738208644586 0.00997320957753564
-0.0232327219069862 -0.0263698158124156 -0.256138419759742 -0.362372376401437
0.00309659126837097 -0.0585588378285013 0.251445010038844 -0.560334049039808
0.0448217670417892 -0.03127306034141 0.809610380941882 -0.0460264914837456
0.00314783714669197 0.0411096350192188 0.484578895928143 0.746187386486902
-0.0328716887993595 0.00555646762249323 -0.180641500586807 0.614363408925475
-0.030276129102908 -0.0115208539469212 0.0552664154913165 0.0418507140213652
-0.00566332775917679 0.0156318592623707 0.146206621461433 -0.625060586988708
0.00850801705340051 0.0240473962045975 -0.614934618894776 -0.703721883565517
0.00320119305774675 -0.0242199995522992 -0.853392509102507 0.221934286778938
-0.0377590460714863 -0.0337419933785896 -0.0805143201679471 0.694076400765868
-0.0352682462016488 0.00555494580995577 0.360953173161546 0.321772941240683
-0.0238706471066257 0.00657440461478376 0.228697293090249 -0.0414661575526145
-0.0176182359101293 0.0102178812582871 -0.0325280740728839 -0.199065944747301
-0.0114800414350944 0.0258642197602589 0.011631378561005 0.14732120375375
-0.0260325859047914 -0.00084821436264621 -0.172691625246674 0.0036389112628934
-0.0200066278690439 -0.0278792489361665 -0.242190508133862 -0.367120762348959
0.00334144837038626 -0.0558372641680887 0.272322986696001 -0.548330076128155
0.0492759311911958 -0.024899882759322 0.814897028233573 -0.0105988162561927
0.0101659539771974 0.0494485029500083 0.455451685821381 0.775451457397349
-0.0300265539511162 0.0168820209769466 -0.203122680762487 0.616868965595389
-0.0307677075842849 -8.06401708639012E-05 0.0495337672262075 0.0424053657606258
0.000797349424253798 0.0267113618187788 0.126858065004017 -0.622083235890715
0.0195179618065262 0.0283198782179541 -0.637428777488468 -0.672054252951411
0.00522185521795948 -0.0213555191801984 -0.842252129956215 0.253762261325943
-0.0414359713419697 -0.0293286411440847 -0.0561787230882338 0.698412935410119
-0.0332443118784243 0.00601828552020543 0.372692347154203 0.312221058538722
-0.0194171839458053 0.0079085415637351 0.229271986079764 -0.0484339134257772
-0.0134409974191571 0.0132483480617692 -0.029442555580279 -0.204238658565259
0.0148758337042805 0.00641067296395529 0.0137594750560543 0.172500658255702
0.00830039137918604 0.00333101087612105 -0.156222885095821 0.0648802623200285
-0.000674702328565759 0.00545543056737172 -0.343434224081486 -0.285377926692449
-0.00708083230993352 -0.0118343897840764 0.0279502948020823 -0.604356860188751
0.00498829070265807 -0.037540945042746 0.723664687296644 -0.306865641697528
-0.00108502922166232 0.000785089016774048 0.702846820534869 0.538431995895462
-0.00897236705677792 -0.0230157980508801 -0.0117293021165381 0.649280374891884
-0.00138264529731384 -0.0356167756417076 0.0546479445391269 0.106580706081447
0.0164235530971471 -0.0202288056281797 0.296728663400258 -0.564163321880474
-0.000962616995286492 -0.0135148016506813 -0.363439607393387 -0.893045571876893
-0.0178977224030287 -0.0224197544264735 -0.92100733545399 -0.071481116686566
-0.0399059380106172 -0.00218963410400612 -0.326779358064366 0.647649153929559
-0.019552713177812 0.0291557168423586 0.263217886307164 0.404808567706224
0.00919199864423891 0.0134674531205811 0.246180828988196 0.0200986231286685
0.0111178427295516 -0.00334841051473315 -0.0296134264194566 -0.179123823774741
0.00744233581484647 0.00835517582387948 0.00997967200735819 0.173771757877837
-0.00103472261276888 0.0050687649980902 -0.161991165417474 0.0621961181125702
-0.00699570003858919 0.00258600480681984 -0.342097391462897 -0.291673213129562
-0.00690025829639419 -0.0210520106865383 0.0466423155136333 -0.604748742901434
0.00643725535194468 -0.0414233604381566 0.73334098228371 -0.289960858133726
-0.00745570955643668 0.00147660479369958 0.687980253146788 0.548915643064934
-0.0163557912879072 -0.0273850330481228 -0.0235502604377077 0.641928977791727
-0.00463848927661627 -0.0427746012870968 0.0608331789512944 0.0958686983347029
0.010233133875185 -0.0263318051012836 0.291577107761064 -0.57713159237341
-0.00849541163720279 -0.013779788758441 -0.380042711721281 -0.886760544654023
-0.0160439608535469 -0.025675897750217 -0.91762210524739 -0.0546451152049261
-0.0347841037139442 -0.0110644145129126 -0.306645212837369 0.650621025579184
-0.0231428515061521 0.0238547843393863 0.270036414257176 0.397570060604582
-1.63714575256547E-05 0.00997728554317623 0.241932331728356 0.0145456092832008
0.00343279030533629 -0.0037576829481032 -0.0324472685562792 -0.180404023830753
-0.000706324235856711 0.0110633991147987 0.00838541969465554 0.171604977822492
-0.0118284854914732 0.00505800070709529 -0.16770266718769 0.0549196763009965
-0.0137525289641618 -0.00232827184308412 -0.332568590520895 -0.301979069293053
-0.00651497748582123 -0.0310564012827537 0.078368226975463 -0.604764554315333
0.0110712164110106 -0.0450777330162129 0.750577963836215 -0.26062277159749
-0.0112072128001816 0.00558702421050311 0.661383973956264 0.578181091297106
-0.0238622622536535 -0.0273831025552512 -0.0463374992417929 0.632938415915395
-0.0104184256698494 -0.0441934750303856 0.0645951722268744 0.0821670665612035
0.00298573640879563 -0.0249983624523847 0.272748161012235 -0.594177182272591
-0.0126713599144987 -0.00933640681649206 -0.424026014500599 -0.869929918153371
-0.0118947720192406 -0.0269580394215104 -0.911845197331834 -0.0101840322161612
-0.0312448825948541 -0.0195226652831115 -0.271952258981237 0.661499104569936
-0.0269004522913173 0.0182991555722155 0.28670611381997 0.386757465122198
-0.00860074973820768 0.00686254134475192 0.238515106149677 0.0048418949498016
-0.00438627244146306 -0.00365759451499292 -0.0362142362804734 -0.183433874379486
-0.00735494767610318 0.0143941674435713 0.00359247087854767 0.168404405139579
-0.0212788800119012 0.00408157256748638 -0.174420771405262 0.0449495988197763
-0.0194984417813666 -0.00854050834044545 -0.31943349356691 -0.320002060055237
-0.00467271832127127 -0.0425813467335006 0.118934389707791 -0.601365453780589
0.0186175090457845 -0.0454807283750016 0.771819059426781 -0.214582078678307
-0.0109625182373179 0.011792608702125 0.62145902238907 0.620680005271099
-0.0288283149853253 -0.0231828777692859 -0.0794995815701419 0.627875121026467
-0.0167482739197984 -0.0408554308693552 0.0652226478943159 0.0688889385874565
-0.00407176897198524 -0.0188430024925044 0.244532033141288 -0.608994328507585
-0.0131618059630906 -0.000870735781773681 -0.47526691280596 -0.839796724273182
-0.00800039633621634 -0.0277851570816736 -0.903121214493315 0.0470803320470826
-0.0300290708097557 -0.0270275305656337 -0.223460907837313 0.674588763572835
-0.0305384684861139 0.0127230591796933 0.306321594551501 0.373641080514878
-0.0169476275813691 0.00522431985483985 0.235497500052532 -0.00680330986166951
-0.0109641044389805 -0.000730312611566231 -0.0365378632551082 -0.186778480539218
-0.0125800671118721 0.0180199897853032 0.00420106813532077 0.163373419107934
-0.0285671920149243 0.00324609590388061 -0.177753979583775 0.0333727475750816
-0.0230732376524373 -0.0154962959230565 -0.300823924201748 -0.335937718483368
-0.00183704660656527 -0.0511544230213972 0.167544808966373 -0.594107654094016
0.0274056956110204 -0.0434349357471738 0.793999935283611 -0.159181516393074
-0.00850740299749476 0.0200373689145719 0.576887208904136 0.667012262672555
-0.0324030368728848 -0.0166778225966143 -0.114970011325604 0.622711478372207
-0.0223944714357026 -0.0351981355059055 0.0644833859383736 0.0560323256059267
-0.00850190321609353 -0.0094685233707333 0.209985673905004 -0.625134145645586
-0.00945760174512721 0.00788895813009687 -0.531681062934367 -0.796128203355543
-0.00371272375718722 -0.0278696970713175 -0.890141131594123 0.113535311557653
-0.0315178337926318 -0.0331677090320139 -0.170005642440786 0.687367266800552
-0.0336792719966316 0.00845547361951197 0.327163448586519 0.354922397913493
-0.0227886048185576 0.0050407466635472 0.232916512288779 -0.0203314934280577
-0.0161869530250451 0.00250514196769469 -0.0369694664079516 -0.191971586946867
-0.0153306935357498 0.0212814948379506 0.00392944486403172 0.156297799971327
-0.0316914247675981 0.0012017813178122 -0.179931371138788 0.0190632018340421
-0.0243854884534032 -0.0221837876529621 -0.279356701542173 -0.352647788475738
0.00117362343752493 -0.0576073998122393 0.214794458303392 -0.582390404540773
0.0375502326978847 -0.0383821286471261 0.810163883954336 -0.100295497644318
-0.0035355854216277 0.031313212558347 0.532016325467776 0.710801835602473
-0.0339120868249289 -0.00650802245044471 -0.152548392650097 0.618271635266549
-0.0281622311289656 -0.023964356907906 0.0607414433068332 0.046950908425979
-0.0086864678355927 0.0031565327570016 0.176980848097005 -0.631325889110896
-0.00117981065783386 0.017162804198364 -0.585457268390391 -0.751102793498304
1.11933499345549E-05 -0.0266001141232281 -0.876148415817951 0.176155297946176
-0.0352901077897613 -0.0352796416274227 -0.118938461669682 0.696574819263471
-0.0357832341881108 0.00636160982448088 0.349627187273326 0.338436226093253
-0.025177417775162 0.005897724256089 0.23045814688803 -0.0330974273288457
-0.0189757427590555 0.00684974887135097 -0.0359423039055178 -0.196974503755713
-0.0152175370088014 0.0238103742557148 0.00841779648980099 0.151457219411896
-0.0311041530879186 -0.000657354809651685 -0.178545903864029 0.0103014962064598
-0.0233496093107871 -0.0262735507222015 -0.260717363785969 -0.363063652428847
0.00305100903575727 -0.0596706923378551 0.251549097689121 -0.567147478166012
0.0452808556054222 -0.0316438306982938 0.818501381997584 -0.0506570117623004
0.00340908692741567 0.0413762636892592 0.492599137874987 0.750625017553369
-0.0333201772561144 0.00576283969332304 -0.182978149518981 0.620503978364913
-0.0304555002318985 -0.0123065153091931 0.055814246667975 0.0421161858906326
-0.00610836662485444 0.0159483387743982 0.146257974376464 -0.63109316480183
0.009367286202117 0.0242333264899973 -0.625049614594297 -0.710190506802154
0.00346663842048708 -0.024360355340593 -0.861608903916961 0.227378097420545
-0.0387853695014281 -0.0342244487912128 -0.0785572609222117 0.70218422663154
-0.0357359717265748 0.00532712745442646 0.365314045842155 0.324010427390457
-0.0246411129359405 0.00673282110786205 0.23084120090922 -0.0431037331269296
-0.0182210672774656 0.010469767656498 -0.0336339462497822 -0.200584954372028
-0.0104476978093189 0.0256920359113851 0.0122436943401095 0.148714702166426
-0.0270447190898457 -0.000687282116411927 -0.174337041065126 0.00351751276864778
-0.0200224274289585 -0.0285226181802899 -0.246508698284091 -0.37000689173169
0.00287073428730079 -0.057445512780486 0.271651778328639 -0.554444058126018
0.0503192903325344 -0.0252002359136488 0.822314373158877 -0.0136130096526731
0.0103710236808964 0.0498355895421447 0.462512089362049 0.780151758070375
-0.030562700944983 0.0166371304743144 -0.203128100824902 0.624272494573469
-0.0314175297247769 -0.000101102442652773 0.0496260350773805 0.0421956293080814
0.000162212821637506 0.0265412273057314 0.125961888926732 -0.628677419096555
0.0203996382377466 0.0277701595443765 -0.64692543542315 -0.678501077674002
0.00539525395600048 -0.0210184819819304 -0.849442021145322 0.259500217352929
-0.0415145436222145 -0.0296664825351229 -0.0537824281569052 0.705946513640103
-0.0330472166132014 0.00641604959615458 0.376392344703998 0.31425595493772
-0.0195275080063502 0.00796669917453062 0.230878846100679 -0.0484469083599666
-0.0138519293091519 0.0132195302159068 -0.0310721342644291 -0.205880396741292
0.0149327313475916 0.00717148076894555 0.0141438516874079 0.174688965017326
0.00849885901482937 0.00325334704974214 -0.157163320835768 0.0653939255819704
-0.000566136279915398 0.00464395307371652 -0.350024173783939 -0.287326825483396
-0.00732741307628786 -0.012019549001034 0.0253856775930519 -0.608609819865903
0.00508776690345012 -0.0379546632558873 0.731424815574773 -0.312651519004358
-0.00158042213930068 0.000991572382187395 0.71228447412893 0.54062032182195
-0.0101246741534961 -0.0235634764276845 -0.00822558740112536 0.656834695284454
-0.00207750621772048 -0.0369458948340704 0.0550692620708034 0.107136902319998
0.0160719913954163 -0.020550452041594 0.297824251667059 -0.57111559382964
-0.00100359526646594 -0.0140632972919786 -0.369645191147243 -0.900200616771601
-0.0181252261081624 -0.0224332780563579 -0.929704488977038 -0.0673752656296634
-0.0399496014971703 -0.0015244602952934 -0.323843684066772 0.65641371235517
-0.0199911498196523 0.0295780083274766 0.268297929650591 0.406297811615698
0.0100789112091887 0.0133682350417989 0.248887746096158 0.0196066922172182
0.011355729000731 -0.00325166566102335 -0.0299948010894976 -0.180324063487491
0.00757914678672865 0.00792647313567439 0.0113352324509069 0.174877324334668
-0.00106704875565464 0.0045027851030149 -0.163164458128295 0.0629535640000018
-0.00757071183035915 0.00231313698540303 -0.347372535723329 -0.291525060344636
-0.00671536914232228 -0.0212212232346243 0.0434764450264425 -0.610704843676434
0.00649972678462882 -0.0422443745050457 0.738744067173722 -0.300341576739448
-0.00780882081155332 0.00132673741714872 0.699174452182806 0.552927588349484
-0.0173111878029147 -0.0281735718437667 -0.0208116297253146 0.647566994778936
-0.00551436678327174 -0.0430605228620663 0.0611368554420627 0.096027758403554
0.00966137578182157 -0.0261546096800239 0.291403745616662 -0.585743398607904
-0.00808435911606852 -0.013826838478132 -0.389517771081098 -0.897437332437732
-0.0164754035553344 -0.0250861290151055 -0.926011053564373 -0.0488414089323641
-0.0352670095286857 -0.0106697419331326 -0.306297090723877 0.660073343672553
-0.0235341450728399 0.0239012369991415 0.275458742206922 0.40107927766168
9.72580821109806E-05 0.0101252208521184 0.244492721606033 0.0136684393593032
0.00347417918021273 -0.00412073875188253 -0.0335527073672211 -0.18142763839884
-0.000231328737155992 0.0107847159284146 0.00877370383419315 0.173723210748476
-0.0120783412780612 0.0050889778048954 -0.168513011388019 0.0557408176476519
-0.0138530696437154 -0.00221385472875385 -0.338322712833339 -0.303116206500844
-0.00672104359197999 -0.0321007000472188 0.0751447392316226 -0.611633164784399
0.0107421034060972 -0.0456362637286181 0.757568793875618 -0.268008113293117
-0.0110013416646671 0.00537754169067291 0.672019432464517 0.58087089667366
-0.0252534347163815 -0.0284085131337524 -0.043814887247861 0.639826218710053
-0.0110145490875605 -0.0447322376292128 0.0654026500667713 0.0823982367347214
0.00229159265408713 -0.0257009809590878 0.271139992588691 -0.601549208076594
-0.0126551281512279 -0.00974019512510119 -0.433024132598626 -0.876630559521156
-0.0127495408240961 -0.0272277754183025 -0.920608708304233 -0.00698395777609081
-0.0318942549824946 -0.0193499543270289 -0.269277798213129 0.669661981459356
-0.0272510245926432 0.0184190833529239 0.292223990297986 0.389612356571659
-0.00925992711572769 0.00696072899347337 0.241506297249119 0.003526926293997
-0.00422140164543773 -0.00332573807999144 -0.0375923817913866 -0.183542134012514
-0.00701004088806525 0.0145818417153071 0.00474904055508783 0.169891885844072
-0.0215560935116263 0.00421074276576277 -0.175442020783019 0.045467333470407
-0.0195747164869156 -0.00879049271537962 -0.324105096462207 -0.321316806403506
-0.00521286695495446 -0.0431884662246649 0.118495011312721 -0.609136052583756
0.0188237546456303 -0.0456727487695793 0.779181003408907 -0.221110500791462
-0.0110785413117974 0.01224826782824 0.631606761350516 0.62408828538037
-0.0299531724456708 -0.0238674125032571 -0.076792607802993 0.63363193083635
-0.0181355504136776 -0.0418831559851105 0.065664826594307 0.0688356923889105
-0.00459308887344953 -0.0194668194422657 0.24433342806059 -0.617339804895088
-0.0122920205814874 -0.00161572184565231 -0.483142903240046 -0.846017744561626
-0.00784357346357237 -0.027882523050187 -0.912323005867825 0.0507252470534768
-0.030446689803327 -0.0275353419525263 -0.220849628662655 0.684170309978343
-0.0305306568652541 0.0129615325433992 0.311538727983257 0.376125066981519
-0.0175239759242256 0.00499588396128031 0.237807413707889 -0.00749074894581897
-0.0111741990564166 -0.000486770810943055 -0.0380432594748315 -0.188400598833754
-0.0122256399126332 0.017782078360913 0.00535843767318248 0.164381972138681
-0.0283689658781256 0.00275078934084051 -0.179520089792631 0.0333881271486915
-0.0229419046822001 -0.0158543382086348 -0.305549847488898 -0.338886843203925
-0.00226437559688559 -0.0522962884662747 0.166535812068897 -0.600595942061734
0.0283985422239585 -0.0435821101399292 0.800996880244448 -0.165333313492402
-0.00880341232473144 0.0203884619526437 0.586870423405419 0.671002495507687
-0.0333941013391004 -0.0170742882630932 -0.114196096878738 0.630402247707398
-0.0233359065120953 -0.0352371137380216 0.0649921688771146 0.0561533580495766
-0.00863646528967621 -0.00983242004711652 0.210104020354512 -0.631704261437505
-0.00844225626979223 0.00792567960412194 -0.541351769467458 -0.803227105188047
-0.00383665091846016 -0.0275212873736098 -0.899790097726359 0.120968354069341
-0.032496461668217 -0.0329420993022598 -0.167223016024384 0.695531507689487
-0.0343072977267571 0.00904330690256522 0.334647611208959 0.358084543173541
-0.0228685331449647 0.0048358110206006 0.235050665809583 -0.0212352182247161
-0.0164513877638119 0.00247877321356212 -0.038253435620907 -0.193171716040343
-0.0152199085044455 0.0214006504359078 0.00458712956656472 0.158212023823181
-0.0325862002359685 0.00150999059176348 -0.181057868593106 0.0205204534872294
-0.0246167935168172 -0.022273822814163 -0.285339548669596 -0.355299870709865
0.000641428426099276 -0.0588364791147396 0.214412149813447 -0.589177951721896
0.0379925268250239 -0.0385359159299618 0.81698751905036 -0.104806621948275
-0.00295502896042363 0.0311016752546196 0.541000537753551 0.716008208619257
-0.0343896600608242 -0.00593460997025132 -0.149769767383245 0.626914418908674
-0.0285420831775251 -0.0243976179253347 0.0611109850899144 0.0460850450818883
-0.0097455567996708 0.00292226812623417 0.17358857966911 -0.639190718015974
-0.000130807987424677 0.0168550837734291 -0.594999871602519 -0.755294561639037
-4.81335184904803E-05 -0.0268606331144245 -0.88243806077906 0.184534385591579
-0.0364485522758227 -0.0354113437575646 -0.114703765397503 0.704641924064153
-0.0358419812256074 0.00660566348479588 0.354765595085214 0.339766559761079
-0.0257673579487883 0.00534551419083594 0.233242241556261 -0.033673657172556
-0.0200236307606662 0.00667207712524799 -0.0364980917989562 -0.197315910040802
-0.0150016589962381 0.0243694709034001 0.00839987353170449 0.153427665124184
-0.0318543195725639 -0.000739586716157963 -0.179460842133402 0.010272339879811
-0.0232591456628001 -0.0271207223748446 -0.26710190036297 -0.366347861453185
0.00282121089608512 -0.0603058397540913 0.250391735550287 -0.573529032799203
0.0461899110553366 -0.0321814700098439 0.826387680221733 -0.0538527555849574
0.00323454484482961 0.0414260331237551 0.50094304412084 0.755974123458918
-0.0340097061411713 0.00566842924848124 -0.180635502848765 0.627722158563112
-0.0319486834189792 -0.0117853214211533 0.0560950820824288 0.0421008069691978
-0.00687665917736629 0.0151700696342231 0.14365122120735 -0.637873340126734
0.00979166536318105 0.0239683163106123 -0.632815502676542 -0.713895230859571
0.00284922881501747 -0.0241652939666609 -0.867848472329137 0.234459892366712
-0.0402086322325478 -0.0343676981779553 -0.0745668893470199 0.711065867639425
-0.0357365495879457 0.00572925745970677 0.372246557557374 0.324249885861223
-0.024545153019879 0.00627394053401991 0.232443950181411 -0.0438177746651995
-0.0185094305995144 0.0102418039798278 -0.0344177959757989 -0.202529354036463
-0.0106648335350902 0.0261145532533892 0.0132805252339433 0.149886031255839
-0.0273581917789875 -0.000875476554578737 -0.175990171882951 0.00429602463507537
-0.0203493932059537 -0.0287111587266067 -0.252908317585323 -0.372708370398171
0.00308100166271624 -0.0580315708501491 0.273570445468109 -0.561291359453625
0.0512721738054891 -0.0257933806174815 0.831944059460465 -0.0170069855569916
0.0111471509865227 0.0500755977975773 0.472109913711786 0.786077260363746
-0.0316144014149378 0.0166074156418683 -0.202483885530145 0.631263782930047
-0.0317854673127156 -2.1287839189636E-05 0.0493948836794246 0.0425964335876724
0.000129147742630224 0.0268666851893471 0.122922716933272 -0.637556334440883
0.0208248405564881 0.0280075348778136 -0.656801040743624 -0.683031369900482
0.00575291761039297 -0.0208886496540567 -0.857017585708487 0.266857597040213
-0.0430515455345172 -0.028819007967428 -0.0492301792395533 0.714194803499135
-0.0337091004733193 0.0057822669476507 0.383810057779056 0.315605228781331
-0.01876442144455 0.00782373716776723 0.233329060465838 -0.0501510518568919
-0.0139967390357858 0.0129591341610584 -0.0333329510112991 -0.207402669285753
0.0155427070745039 0.00653963298230143 0.015985500364854 0.176007160619947
0.00840632991025979 0.00339880832959565 -0.157992501314576 0.0659886221460726
-0.000882698765714307 0.00512964104937468 -0.355573779969766 -0.287171815369006
-0.00707038741668902 -0.01304237163066 0.0205905395604494 -0.615376710834479
0.00449169831212136 -0.0388053033852918 0.736901375572586 -0.319584205146008
-0.00154137035819025 0.00113669967171417 0.726232977225702 0.539680140322011
-0.0105926116370242 -0.0244517725938697 -0.00397250321905738 0.663107401710228
-0.0025014310198154 -0.0369112030084339 0.0561400291792214 0.107006328973121
0.0158131532101111 -0.0219050449815599 0.296402454043078 -0.579005664141032
-0.000552192020889491 -0.0144298078293876 -0.380932313297097 -0.907204201663092
-0.0188482058758809 -0.0220822923346372 -0.940250967384269 -0.0610619177480553
-0.0410309226028575 -0.00151492866509792 -0.323080113901451 0.664439637673137
-0.019389746263105 0.0298496544736584 0.275300977333609 0.408856738373624
0.0095558967653557 0.0129645114496861 0.250695829278382 0.0188695090949674
0.0106643550545244 -0.00364035471420307 -0.0317056008452108 -0.18166598474923
0.00798003893867322 0.00781951312136914 0.0125124668134787 0.177089658527783
-0.00153745141415226 0.00402105461752558 -0.164038383018495 0.0632761531607903
-0.00667084379242482 0.00208688361672209 -0.354460923276163 -0.292113704741258
-0.00696667284297483 -0.0221185897556966 0.0378404560753473 -0.616105149304065
0.0062980897217741 -0.042738715758686 0.746359946547254 -0.306279408327914
-0.00844578685329235 0.0014229210077333 0.710882522692184 0.551849299297025
-0.018789712568622 -0.028975180036652 -0.0160635594636531 0.654233624485954
-0.00625803318352045 -0.0438340286375115 0.0623205565346445 0.0963053826172424
0.00920628095818916 -0.0270513843152297 0.288737477551147 -0.593609387207938
-0.00764836416856291 -0.0144078615696443 -0.400279025920634 -0.901113471396119
-0.016335310870958 -0.0247989227737861 -0.936427835466834 -0.0431654252438873
-0.0365779883671563 -0.00992847184518675 -0.302975424531136 0.668721358998589
-0.0239421717878234 0.0246352548927919 0.281901069309864 0.402519320860949
0.000780622177650447 0.00944308860777483 0.247362893779354 0.012740305631391
0.00360330732943213 -0.00424250897843059 -0.0350150019755698 -0.183183200590416
0.000151728413799037 0.0103924737559103 0.0099700407159236 0.175119968903972
-0.0121007133564651 0.00537008630535396 -0.169742789844883 0.0563198704728997
-0.0138504159040084 -0.00226955330789855 -0.345572949358865 -0.304285653841598
-0.00644922444526499 -0.0329306765199822 0.0702579929309805 -0.618673163681723
0.0109165613626777 -0.0459556247959155 0.761891367954729 -0.276377946692448
-0.0115372534218255 0.00537940946583825 0.682712311181257 0.581078866741377
-0.0252462415030813 -0.0288285024873331 -0.041458543792134 0.647649487015619
-0.0119449780291728 -0.0461021693268877 0.0654273334900919 0.0824976826094913
0.00203332855156392 -0.0268534755288508 0.269154014699039 -0.610789176221377
-0.0121378629446403 -0.00963288743568572 -0.441942255748851 -0.88426721113805
-0.012952207323344 -0.0272009684758457 -0.930412402552295 0.000660374896092521
-0.0329112681204913 -0.0192713874122268 -0.266897601526692 0.678637878398292
-0.0271896470365922 0.0193531996897401 0.297633990523114 0.390753156549656
-0.00918323287444324 0.00710765142431111 0.244370917214659 0.00318894280317978
-0.00480380843430923 -0.00363509497507346 -0.0389669399266555 -0.185858898345238
-0.00713005956124697 0.0147327546351977 0.00632946606972084 0.172053322735243
-0.0215972357520935 0.00509389691763208 -0.17641861013047 0.0463883236735586
-0.0201581127851112 -0.00895311699436371 -0.330810233747526 -0.321875855162957
-0.00516637524077541 -0.0441262493327509 0.114616790390276 -0.614607578254439
0.0189821851613882 -0.0470810768085654 0.785921614341306 -0.228978760072831
-0.0110997632460658 0.0119993994812652 0.642733284730871 0.623571108739071
-0.0310986402037234 -0.0244158571801226 -0.0735314490821048 0.640658350928538
-0.0184986596779875 -0.04204406867577 0.0666108944437226 0.0684277956246064
-0.0049440363741949 -0.0196195622446758 0.242024847869519 -0.625532639122477
-0.0125853405806853 -0.0014389234065986 -0.49373746338938 -0.849860149661037
-0.00821530044521227 -0.027860977947148 -0.920972669608692 0.0605858763789008
-0.0315242748196542 -0.0275027665309117 -0.216966680925741 0.692621353303031
-0.0309237279221102 0.0127931553424531 0.316977262953513 0.376775670965477
-0.0172574175179272 0.00483366246893028 0.240281673321076 -0.0100630824081101
-0.011769516825807 -0.00109615208336339 -0.039295524862852 -0.189742342223082
-0.0122378517851053 0.0179501110940429 0.00613177934832086 0.166545206017242
-0.0288328268942239 0.00313899151455613 -0.180723251307891 0.0346507448348968
-0.0231454207214629 -0.0159079149433548 -0.312112441748303 -0.338824441298082
-0.00248730511401578 -0.0530460257137113 0.165025190670473 -0.607221627603644
0.0284575004514312 -0.044566119112114 0.810140561865336 -0.17185146194836
-0.00856269192046747 0.0204913967533822 0.597474228255533 0.67283595279807
-0.0341583416801256 -0.0176302427833272 -0.110898908117386 0.637048917659633
-0.0244097743380176 -0.0351471016902046 0.0656611686390227 0.0562426419317934
-0.00934089660422752 -0.0102301664592213 0.206582711939763 -0.640667740784191
-0.00826913011034203 0.00746544768610518 -0.553616094779487 -0.807356540984755
-0.00431645637034214 -0.0277910662172074 -0.906792409362911 0.127726364604682
-0.0334242798353388 -0.0326270529211847 -0.162751154057575 0.704988664117494
-0.0343512842177937 0.00917137531103081 0.341695974765987 0.358580465850699
-0.0232658259879977 0.00480811841475589 0.237710263943757 -0.0225780196605288
-0.017517174029494 0.0025492458494626 -0.0397649736459851 -0.195252652763409
-0.0155155324806829 0.0219132080716079 0.00605654022429189 0.160112959044254
-0.0327836412635949 0.000879429476295049 -0.183238929376885 0.0212522666473101
-0.0252785888553473 -0.0231412681275173 -0.292407921026273 -0.355468439647699
0.000925225695119188 -0.0592805492075893 0.20993183105714 -0.595902767155167
0.0380039839395134 -0.0395659806350137 0.82644873258961 -0.112033015315252
-0.00347803735805251 0.0318624861342751 0.552530352778416 0.719174553484541
-0.0352664642187521 -0.00690730770665181 -0.14852931303042 0.633897905681117
-0.029212416709717 -0.0239267108985085 0.0620139349217877 0.0462346800736001
-0.010133514031395 0.00315475235433839 0.173417949659252 -0.646674270252401
-9.6027608570113E-05 0.0165411477112619 -0.606731414196931 -0.759494721435225
-0.000355701939676092 -0.0265911988648774 -0.891413620775623 0.193858226135389
-0.0372231249019468 -0.0349190052268928 -0.110134275321386 0.71229995017218
-0.0362812332931564 0.00663440836803047 0.362342855810981 0.340520300642848
-0.0262784219808626 0.00594696965044029 0.235008018062159 -0.0360746671218244
-0.0201763312984908 0.0069894233263595 -0.0385554488583793 -0.198925124175116
-0.0146511051309203 0.0248188897821501 0.00977133835251881 0.154177994299725
-0.0323926501647646 -0.000260195226250285 -0.181549404260659 0.0108571553300638
-0.0238779644045604 -0.0274653348276428 -0.271832490138105 -0.367651715341382
0.00270192747817786 -0.0616666710528783 0.247948862407293 -0.581773958104194
0.0465225998219308 -0.0328631675908691 0.835922281044301 -0.0617069942208889
0.00377991390698876 0.0416648318202796 0.51380993713593 0.761674353982754
-0.0343787701799268 0.00513968372237913 -0.178470989754201 0.634637780938724
-0.0319571537147628 -0.0120326507535217 0.0565160950250811 0.0419884801218029
-0.00600198217454379 0.0163235158053876 0.141336478396249 -0.647234911009555
0.0103763564328446 0.024596514000321 -0.646020800620723 -0.716794462108813
0.00301756130855848 -0.0244928664801549 -0.874274432998607 0.242693966962288
-0.0408324661457869 -0.0340460923318312 -0.0701825279628714 0.717452731336378
-0.0362242636922216 0.00612385388260579 0.379116343612608 0.326003476932584
-0.0246534472899039 0.00719083644974338 0.235159149424226 -0.0452947766397952
-0.0190216648415374 0.0104429977493698 -0.0365255060439434 -0.203981722451338
-0.0108167768884009 0.0267111883930375 0.0143402654530087 0.152246455990292
-0.0278665556757446 -0.000428283003121741 -0.177776219111607 0.00444370458153488
-0.0209935277634323 -0.0289940171646758 -0.259994331422047 -0.374351495024685
0.00240048571818772 -0.0587053986966364 0.271708332214581 -0.569524539263859
0.0513543581308227 -0.0264043663572023 0.840253016753859 -0.0230306318365804
0.0111102598060294 0.0500664605688707 0.482473001263856 0.79104193566587
-0.0318859787605074 0.0169445374418243 -0.198895061947171 0.639357481864098
-0.0326753358796608 0.00027057301263336 0.0503622457946672 0.0431331437378064
3.74104061837653E-05 0.0264686772040554 0.121467879030461 -0.64279900318423
0.0214954416522965 0.0278158108767972 -0.667892236131041 -0.684249793625953
0.00499419703222483 -0.0208488556732796 -0.863154318152487 0.276086889340659
-0.0444463559712107 -0.0294499076636643 -0.0443578126073197 0.720836190914206
-0.0335993939888332 0.00603394405501181 0.390598335165912 0.315978899501734
-0.0194746667301842 0.0082021225412444 0.235727130091842 -0.0518852271858298
-0.0144411846319111 0.0136901704048887 -0.0338186259039047 -0.208768809812181
0.0156839847854352 0.00651307293490789 0.0175872523553792 0.177955949007051
0.00834576714325461 0.00306484493927587 -0.158966415403613 0.0672670893263892
-0.00052915344728428 0.00483329114195243 -0.36462350021107 -0.285595448128922
-0.00699409913537713 -0.0135857188830396 0.0144159991982572 -0.622020054262368
0.0043632704103457 -0.0393783929274116 0.741282550385091 -0.329827790006473
-0.00102963827958455 0.000622094328145262 0.738022141867541 0.538172152826326
-0.0109315316574226 -0.0246489409192905 0.00186036691822598 0.669557534051918
-0.00295569452072499 -0.0370157447355035 0.0572503872974643 0.107449689190969
0.0154161739405201 -0.0220865146631046 0.295146137070943 -0.587094550794426
0.000472860241692373 -0.0150588239951157 -0.39228085391746 -0.913691715955374
-0.0188132652097907 -0.0219606308281037 -0.950513931190509 -0.0527011933429832
-0.0417417028058126 -0.000819280506078472 -0.319898987797835 0.675286663466007
-0.0197558609936213 0.0304829362685937 0.28288915388755 0.410780409693732
0.00984273307469553 0.0130185340007622 0.254496412062359 0.0167936605007136
0.0102611365771349 -0.00293303517206221 -0.0329891311803328 -0.183120588890337
0.00776757396428674 0.00804007106585781 0.0137871152039861 0.179352323993497
-0.00185332205935533 0.00392210464068929 -0.164398874966276 0.0648905083822336
-0.00710197164483603 0.00181956994190265 -0.362102821949157 -0.292505216524908
-0.00747045011708623 -0.0226107781285105 0.0320679555715227 -0.62418412061617
0.00574098939171558 -0.0434240533839042 0.750975675096115 -0.315719948242647
-0.00825450314566809 0.00113941593911913 0.721715225860173 0.551279018558173
-0.0190911044411295 -0.0295240901522875 -0.0112259433845661 0.660275201446345
-0.00681337763639346 -0.0442263184582589 0.0629874000546557 0.0961772756127192
0.00849892110268512 -0.0277493398984613 0.28817351308236 -0.602357725224086
-0.0077636049163303 -0.0145458072835234 -0.410449208597607 -0.906462540603966
-0.0171592436774265 -0.025047983755075 -0.945237271478234 -0.0336939522952803
-0.0369796322185098 -0.00945844775028634 -0.30074088103574 0.677240322509436
-0.0237651595862683 0.0256941230284923 0.28987582071405 0.40410848577306
5.68459662446392E-05 0.00959303336920959 0.25048594353621 0.0113769102320565
0.00318384209766491 -0.00425607540279989 -0.0365217329407608 -0.184709048450119
0.000630243957166799 0.0105841556024499 0.0117318058055927 0.176845940072732
-0.0127208721686246 0.0047057933285147 -0.171225701329233 0.0577641265728677
-0.0138740891518485 -0.00243411791160982 -0.35198483266757 -0.303687763720613
-0.0066768397196322 -0.033228418541515 0.0662063076707107 -0.624757137698823
0.0103393531244047 -0.0464467423557585 0.769995839808805 -0.285527917432253
-0.0117462533509947 0.00543214605780256 0.694673505284758 0.581381892825978
-0.0259723070796442 -0.0286723389198801 -0.0350828279596534 0.65267243928887
-0.0127150982807168 -0.0457278671545406 0.0668716104304308 0.0824088323842747
0.0013462292971162 -0.0267232944160429 0.267057347153918 -0.618546574574774
-0.0121241395116083 -0.00963976537437454 -0.454382715568364 -0.888332795881417
-0.0132134618259574 -0.0270501414824627 -0.940153120180241 0.00929200823023849
-0.0335844976182135 -0.018828314794457 -0.263570869161988 0.687214556888287
-0.0274678858639718 0.0191873156117166 0.304236971605668 0.391938700044476
-0.00943158857527022 0.00686559190761998 0.246891285228888 0.00106115136674961
-0.00526753978253693 -0.0036596299664631 -0.0404803109307572 -0.187010123629818
-0.00741500581297356 0.0151631292264695 0.00730399116370449 0.173891103481278
-0.0220507899803989 0.00398514325749054 -0.176714951081585 0.0475263965309124
-0.0200513738048864 -0.00910992736249892 -0.337633263557197 -0.321627760463528
-0.00539963604822623 -0.0443479013568228 0.109585199629553 -0.622904694079771
0.0187989661631794 -0.0475252816929501 0.791890779401993 -0.237562033117917
-0.0112813989059536 0.0118687390397626 0.654963620673209 0.626541145707888
-0.0316382305279138 -0.0250566704711354 -0.0688620423215256 0.647765695389883
-0.0192948884619981 -0.0416974366002018 0.0675809540860059 0.0690817254890825
-0.00556017825002253 -0.0208446889190912 0.240084511941437 -0.635145208806193
-0.011978678702475 -0.0016414052477639 -0.505639392676677 -0.85562649534124
-0.00867545602079799 -0.0272505532624721 -0.928943406229877 0.0681002630545731
-0.0319462453066324 -0.0271681508395255 -0.212072596879096 0.700836792663132
-0.0310637970117957 0.0127897197102187 0.325369742187156 0.377831803756342
-0.0178514920052382 0.00542892291573796 0.242655058303882 -0.0111630005200602
-0.0121174897103793 -0.000924588726305645 -0.0410758549611897 -0.190633490871226
-0.0119956648586227 0.0183607317517521 0.00732481326300458 0.167842232673678
-0.0300151757197387 0.00332994702909705 -0.18089267872132 0.0364041844476983
-0.0238778669230692 -0.0159694273384027 -0.319331076154679 -0.339382681412334
-0.00277388880644914 -0.0538365819819551 0.158681391792424 -0.614926089016917
0.0280554697955768 -0.0455502425141367 0.815748288839565 -0.180242215988398
-0.00829067641323016 0.020950875186821 0.610929130579266 0.675837088747355
-0.0348842348808416 -0.0175745224422375 -0.106669275628154 0.643164662015378
-0.0251725711200478 -0.0354352566096768 0.0652549558823279 0.0555758198322001
-0.00985166549933083 -0.0112537268409996 0.203240113690083 -0.647598268327287
-0.008202366670786 0.00746047470629897 -0.565348562357528 -0.812031483058928
-0.00460231713135098 -0.027505733659606 -0.915985148136581 0.139463209232389
-0.0345141272739661 -0.0327935009397181 -0.156473687690751 0.712764156792804
-0.0343623705080237 0.00874385173439874 0.349483918994711 0.359155790276642
-0.0230424705983116 0.00427642194352588 0.239862871201632 -0.0247865594089774
-0.0176559170991731 0.00225569880316434 -0.0420653287823326 -0.196049142641783
-0.0146782325072856 0.0222107696126745 0.0069294316488848 0.161641608588269
-0.0333920746096699 0.000359823296797118 -0.184393210894906 0.0221756995312362
-0.0254685381495631 -0.0229528212593203 -0.298723231056856 -0.357001808972868
-8.08459278008869E-05 -0.0604178056360886 0.209379480894619 -0.603753863008799
0.0380260821596052 -0.040496698544247 0.83358415942441 -0.120031630578446
-0.00325133079892018 0.031293689887503 0.565724753415967 0.721510167565961
-0.0359504643729718 -0.00701526159148373 -0.143494961627591 0.641098626931042
-0.0298694861894422 -0.0247455037208469 0.0623045668893668 0.0457249213117013
-0.010353540406423 0.00187371749504146 0.168023391244874 -0.655387805639326
0.000898145418178505 0.0168646172680181 -0.619017480307686 -0.760983701736218
-0.000190800481417695 -0.0258445609962428 -0.89721088325005 0.203255627140156
-0.0379449379401506 -0.035649648138648 -0.105370391932811 0.721288947681866
-0.0365049871041142 0.00667567050275482 0.369864066123416 0.340215832289566
-0.0262816323808343 0.00592187595104119 0.237311618579939 -0.0379052909511437
-0.0199936065679528 0.00682479969936767 -0.040192806067538 -0.200268598914722
-0.0145373965815055 0.0254752161410694 0.010918998414654 0.156182182745947
-0.0333470083175968 -0.00019499519062433 -0.183157118148486 0.012096841992791
-0.0244346030678897 -0.0282081398526941 -0.280849749491115 -0.368793526311261
0.00196523876108821 -0.0626562925334075 0.244483232621767 -0.590105157471687
0.0464298536940588 -0.0338889350576592 0.845689113868393 -0.0687105484649825
0.00443534690327374 0.0419571495466116 0.524049893342209 0.764236057446059
-0.0355440163251241 0.00540862741151447 -0.174467039003771 0.642254453390927
-0.0329531734376554 -0.0116144654961152 0.0571728176583107 0.041384696782124
-0.0075166707674854 0.0154445738265676 0.139329508292449 -0.655521458841303
0.0119519308339569 0.0233939408160004 -0.659105121153887 -0.718630244571972
0.00275157643420773 -0.0239174318340503 -0.880918715820081 0.253707962492267
-0.0418095416832765 -0.0336366772568046 -0.0617126429945649 0.726549370433441
-0.036373270749592 0.00589451581148401 0.385798040268959 0.324565103668157
-0.0252321652813919 0.0073201094792183 0.236339646713739 -0.0472742947875661
-0.018872246981187 0.0107389618172077 -0.0388319893424012 -0.205342574506426
-0.00999143118036201 0.0267661550680282 0.015341542710023 0.153656055999317
-0.0292579531072411 -0.000685971553375882 -0.179021754349467 0.00464359803448389
-0.0209689816957522 -0.0292715531696236 -0.26603641323238 -0.375133034083376
0.00268102109420423 -0.0598972685092914 0.268283097870838 -0.576807390860226
0.0518105816662065 -0.0270599326067722 0.849712055255721 -0.0314848774629941
0.0122018184291043 0.0504503633412765 0.495699188498678 0.795764119636329
-0.0324169302175543 0.0167282741124579 -0.196953034866395 0.647971913124292
-0.0331548384504239 -5.74419400424043E-05 0.0502006902436845 0.0425171494715574
-0.000299900371121625 0.0262758317648192 0.117474441660107 -0.650960845827989
0.0226536371903141 0.027497608507764 -0.680756525542875 -0.686389220886156
0.00489725354191863 -0.0204024100405561 -0.869846359325102 0.286843269126113
-0.0444906156415816 -0.0295008133376971 -0.0381390635738718 0.728887485361818
-0.0344449986597252 0.0065967429483323 0.397827266077286 0.314473899835283
-0.0198917975454882 0.00810408491807901 0.236638117213832 -0.054018938036547
-0.0150177655373202 0.0133928035024109 -0.0365214440546902 -0.210598057585684
0.0157419845477134 0.00627350975679142 0.0190197258712556 0.179449710056934
0.00782048034063856 0.00265421297221852 -0.159406665796933 0.0683063241838824
-0.000104827583520263 0.00485325056386393 -0.37089396311467 -0.28386044822322
-0.00686771608328699 -0.0136326349451757 0.0078674958959594 -0.626063309938672
0.00440765434813476 -0.0399112819771376 0.744551466439462 -0.340088710743462
-0.00136334147229805 0.000326141926707332 0.751145378516235 0.535258088078415
-0.0119411843187733 -0.025051525938946 0.00787060570807186 0.674287468836785
-0.00376372122386827 -0.0374437386709151 0.0581367125761589 0.107608517835555
0.0150552926316488 -0.0229499846005825 0.291310506605921 -0.595159640102356
0.000355887083833745 -0.0153450798337563 -0.404504315756103 -0.918399520060423
-0.019510546716148 -0.0213014703811154 -0.958599632082441 -0.0428282236452659
-0.0420392726375366 -0.000160596786261575 -0.31511755530754 0.68397598242907
-0.0195692656358627 0.0305306378219631 0.289295626542334 0.410659883793426
0.00978871956278084 0.0125285179842677 0.257502144271334 0.0145013022769887
0.0103033472681 -0.00360957000493702 -0.0353608951313842 -0.183900405563388
0.00822861172791609 0.00788608754176105 0.0159950064626326 0.180003965302844
-0.00207581105512373 0.00415728989891181 -0.165369129091016 0.0661042603570188
-0.00639628713631059 0.00192273117305636 -0.368779514867817 -0.289664822998018
-0.00716613851333682 -0.0230023597656795 0.0253383677188838 -0.62967560857969
0.00508867002173681 -0.0441333663298636 0.754940602755203 -0.32793278942451
-0.00836260583293772 0.00177827402961964 0.736383801757381 0.547603373949674
-0.0197852252778339 -0.029819660813172 -0.00416571395655675 0.666812675966098
-0.00765365073957277 -0.0443237978099126 0.0638645581619494 0.096214499853231
0.00866121929741613 -0.0287939500723395 0.282371222417682 -0.609655611721317
-0.00697583535964857 -0.0156822642877204 -0.423149339551546 -0.910211922617549
-0.0174630676468485 -0.0246732946070459 -0.953841849327153 -0.0237332533396067
-0.037314867411396 -0.00919179850803973 -0.294693761161759 0.687140498055596
-0.0228840034893902 0.0252365627906201 0.297080316292624 0.402269801748923
0.000155373951658756 0.00952228585720308 0.252835094584446 0.00870033574869234
0.00207397830520097 -0.00370679609971003 -0.0379609042083878 -0.185185796486609
0.000639420446979759 0.0105381335087507 0.0141230931152954 0.178464732249898
-0.012770988530673 0.00483139409019657 -0.170590032954348 0.0588548439565645
-0.013971354493801 -0.00319763048456987 -0.359236625461378 -0.302503889178563
-0.00740755500604639 -0.0337306081556918 0.0590297852897594 -0.629798862873788
0.00966191212326435 -0.0474670071260326 0.773801175884615 -0.295722782971486
-0.0120312098176039 0.00530929276346691 0.708771017608201 0.577783904436473
-0.0271412291055784 -0.0290233525141564 -0.029112638618056 0.65961675161044
-0.0135236728141778 -0.0460393841652912 0.068211148606969 0.082479169769366
0.000498849981147034 -0.0278817241043555 0.262243851985708 -0.627789957988694
-0.0116362540636849 -0.0104268484792463 -0.467799586008849 -0.890677699005959
-0.0137866956262031 -0.0261013549549157 -0.947970137292862 0.0199650941869743
-0.0340790166085853 -0.0182573731210055 -0.255924720401785 0.695691613391028
-0.0272178644741173 0.0195138918413427 0.31193598780419 0.39235842059694
-0.00966251512862834 0.00625792747057886 0.249550149390006 -0.00171352944410216
-0.00579213408766079 -0.00355254781102677 -0.0424404907673288 -0.187839373591846
-0.00649885214514798 0.014595410392695 0.00988536997636773 0.174553056479457
-0.0228435733878152 0.00497324679430049 -0.178305945623161 0.0490139159485064
-0.0200612830802224 -0.00887384705178702 -0.346284407924007 -0.320939690300233
-0.00580838223245615 -0.0454859444479668 0.103316398340247 -0.627488027484947
0.0183492380381812 -0.0484304518835314 0.797977588481226 -0.247036154547021
-0.0114828412008337 0.0119026058974313 0.670531187504047 0.623625346913855
-0.0326581872692282 -0.0245877880346742 -0.061581250367439 0.653759910245752
-0.0206640547501917 -0.0423702804161079 0.0685974955660781 0.0680948796327775
-0.00631883089284099 -0.0208735940317571 0.235586727243262 -0.642949865482089
-0.0117123964158025 -0.00192924101197254 -0.520404942745201 -0.858124179822135
-0.0097694802032336 -0.0267414363398939 -0.934575742932362 0.0795993843067402
-0.0328140804414107 -0.0271503594690525 -0.206005926269726 0.709956197585833
-0.031089029492243 0.0137849601166479 0.333718966852855 0.377184735060448
-0.0177335504032469 0.00486925404865508 0.245152528684901 -0.013451165927707
-0.0128929084485465 -0.000804422819094859 -0.0430317354574775 -0.191844802617789
-0.0116747858584268 0.0185027046627451 0.0089373576484958 0.170118655046608
-0.0303501741446858 0.00292535636161259 -0.182219842817292 0.0360220361080131
-0.0240201462607214 -0.016448698201824 -0.32820667997073 -0.339615019495078
-0.00349562303733976 -0.0549934414963276 0.153801815901906 -0.621514938454331
0.0281841743517201 -0.0467090124900896 0.821906072072339 -0.190855253253396
-0.00862677140576534 0.020860608973157 0.623682458298659 0.672251320531739
-0.0360149597986626 -0.0175102061608411 -0.102596337143035 0.650084202851189
-0.0262962303227209 -0.0353656882338324 0.0667890181942975 0.0555373157770253
-0.0107298153349338 -0.0109123210888279 0.198643659323449 -0.656057304723086
-0.00704962871013866 0.00714996153202094 -0.580256147610111 -0.812590393185653
-0.00500010031450502 -0.0275988954509754 -0.922764624093839 0.149208734955446
-0.035741674385069 -0.0323085850945404 -0.149896222465973 0.720702581009941
-0.034472371127204 0.00989152509999154 0.35546318582044 0.357821878648338
-0.0237547505707378 0.00478326219202787 0.241681538361798 -0.0269309457916804
-0.0186950124281003 0.00255699959057408 -0.044653571980367 -0.196846629886332
-0.01459193788692 0.022961302873154 0.00861263756029258 0.163261570376744
-0.034235629446054 0.00100371987339484 -0.185384848716787 0.0238587007835645
-0.0254735613006481 -0.0239417103174776 -0.306230818632572 -0.355914713520365
1.95279843562138E-05 -0.0610754352876707 0.20289697644643 -0.610051804718071
0.0382564931135209 -0.0414040062525756 0.839403721549766 -0.131313826812417
-0.00309949568945512 0.0316147392179941 0.577686331102501 0.721141974863943
-0.0370672375068623 -0.00718882181919823 -0.138556145357818 0.648204323957969
-0.0304983278528769 -0.0245812502079627 0.0629200620779718 0.0459390566185473
-0.0108738009769746 0.0022779549265025 0.161798597871118 -0.662082575968414
0.00173275734050332 0.0165303580004444 -0.633750249053816 -0.760687083685708
-0.000841760856589602 -0.0262439804652427 -0.902703101435028 0.215269596661869
-0.0396033155290947 -0.034913080791123 -0.0959840401204847 0.727953148613828
-0.0366798392254393 0.00700264019881312 0.376231090276062 0.338319935116327
-0.0263588764203409 0.00631534405226004 0.239153316878809 -0.0401096376707493
-0.0207743017879632 0.00752536218208919 -0.042556716741752 -0.200598147917744
-0.0136379004369213 0.024944690530851 0.0134753495751667 0.157809383142649
-0.0334498173912574 -0.000336792431392491 -0.183745701548752 0.0138200184078344
-0.0244655563094359 -0.028130233415899 -0.287666957056092 -0.367765850815136
0.00154468040901726 -0.0631907294398038 0.239925725436024 -0.597167947232276
0.0471478179788361 -0.034975838893518 0.852095472953595 -0.079361558083561
0.00434958939490735 0.0422096468090875 0.538835959142267 0.765150807662489
-0.0354982364818765 0.00528749660825715 -0.16831262339546 0.64938781470635
-0.0333836601256912 -0.0113126318327019 0.0568480953659364 0.0417787634176361
-0.00691579033459773 0.0151854431603054 0.131015481159143 -0.662123902052494
0.0125784822791235 0.0233672799680164 -0.671896562859847 -0.717921137455507
0.00254670333605155 -0.0238042156273969 -0.885627419190831 0.267298287326797
-0.0430459513679516 -0.0328068300370641 -0.0530715981705897 0.732215450674889
-0.0367763343509081 0.00674713745616302 0.394910935177271 0.323326409147569
-0.025521020044236 0.00740694331016106 0.238562300631829 -0.0501968127160786
-0.019689178414265 0.0110072667930042 -0.0416877881812183 -0.20656753453761
-0.00974977200677976 0.0269427379323764 0.017334943302429 0.155331464651708
-0.0292462858029812 -0.000837895562847918 -0.181656617319109 0.00687948115468895
-0.0218710424058807 -0.0299756216018628 -0.274774875982978 -0.374865360420291
0.00187588117755301 -0.0609250755587532 0.264618435854303 -0.586009235155552
0.052000958110582 -0.028356683022645 0.855716812331488 -0.0409271629938735
0.0119918127180958 0.0501571562826427 0.509287636545705 0.796162022328429
-0.0331361898061773 0.0170861890730499 -0.190395680929088 0.656254064635995
-0.0335403830782662 0.000413461148958484 0.0505452993890817 0.0426526702411032
-0.00060608315588501 0.0262927767026498 0.111687445417536 -0.658871093967883
0.0239618242303172 0.027400295574708 -0.695526189937649 -0.686127628615007
0.00535402429491253 -0.0204827767433146 -0.873859211963177 0.298768397697944
-0.0458451028177802 -0.0281711166582236 -0.0281372145394556 0.735127903196567
-0.0345606930855872 0.00652434682159001 0.405452412889097 0.313259165909996
-0.0199548082231163 0.0083553852355461 0.237887587538021 -0.0558310318384215
-0.015057292425786 0.0140547978849212 -0.0388090414375075 -0.211504299569235
0.0167910905282989 0.0059991966644332 0.0219678579444346 0.179977730433381
0.00726737828601967 0.00259796505678988 -0.159066453241051 0.0696896683209605
-0.00013662691313251 0.00426748184160234 -0.377665753972869 -0.281093955717056
-0.00714546390954057 -0.0142197952351604 -0.000626243297287149 -0.630966489483162
0.00417499381536987 -0.0399796276840985 0.744878038057917 -0.352866773568102
-0.00147448688179906 0.000698820070353402 0.763276913943321 0.529310964112285
-0.01236589314472 -0.0255871497028358 0.0162069014939713 0.678181447280639
-0.0043050638405904 -0.0384797591352558 0.060002218118974 0.107384934063597
0.0143185712723968 -0.0240399827755816 0.283341444744265 -0.604712006831139
0.000720228818401711 -0.0158205147158302 -0.418461054375616 -0.918871973339447
-0.01994544686109 -0.0209129294076603 -0.963952899051842 -0.0310128263134134
-0.0430898627683916 0.000515323038009056 -0.308435268232213 0.692646622422125
-0.0189108686668615 0.0311178001169197 0.297830585750937 0.409735775003932
0.0100158052658185 0.0123262266859966 0.259966841975747 0.0116039409938119
0.00952326210891368 -0.00360255648297719 -0.0370614104928885 -0.184681999728077
0.00821557164346578 0.00772268558530608 0.0180948322360081 0.180845781503262
-0.00259627505301732 0.00395902784992459 -0.165268718975469 0.0679696224479742
-0.00694270620100395 0.00145724341788807 -0.376303505601302 -0.288248445727611
-0.00728592018152486 -0.0234637218334808 0.0152200500414634 -0.63273775953561
0.00441106335562462 -0.0444112571983947 0.756835070409659 -0.340009408510584
-0.00843557139470903 0.000815276247884283 0.750066754107494 0.541788115278014
-0.021163121018401 -0.0302019100819863 0.00263012480626002 0.669732248249839
-0.00877486083301474 -0.0451617061203752 0.0649513516419263 0.0962594071578575
0.00772272628283199 -0.0291463234723354 0.278785575535024 -0.619433313264714
-0.00683956814688471 -0.0156224010311016 -0.437643207285063 -0.912705998493085
-0.0182616095979032 -0.0236974934329064 -0.95889592881796 -0.0123346800551042
-0.0383398277907047 -0.00853291129671691 -0.287578517760876 0.697091083415852
-0.0230301463112072 0.0256682448816318 0.305366599789879 0.402988450557226
0.000621109470972617 0.00961389343792559 0.255705132741081 0.00537463823200553
0.00184106713726745 -0.00396723670789588 -0.041091741398441 -0.186368188201914
0.00100070947343105 0.0102438636052223 0.0162049966583464 0.179742828159112
-0.0135459915489493 0.00480819766643249 -0.171138720349094 0.0612287065325848
-0.0140426019327388 -0.00286249077618914 -0.366725493254629 -0.299489855497145
-0.00716804244761194 -0.0343790630948376 0.0512678594345045 -0.63485374520517
0.00972629049251182 -0.0479305609166812 0.776940764027436 -0.306850256031922
-0.0127742443152358 0.00534352777777565 0.720624107087804 0.573742400279223
-0.0288817170671302 -0.0291961407718608 -0.0202674441590483 0.665015201407272
-0.0146114888908368 -0.0459840221147216 0.0688737636342752 0.082378898476858
-0.000367760845549552 -0.0279437305625995 0.257234996647195 -0.63416000101764
-0.0117150260217285 -0.0104565227349371 -0.480983686050376 -0.891340930330156
-0.0143844481086359 -0.0267448340626084 -0.953658163175549 0.0328367939737283
-0.0350769362651869 -0.0181090588982804 -0.24915536926128 0.705049000781545
-0.0273649037201925 0.0200138980378443 0.319487103248972 0.390822586170494
-0.00972532506298771 0.0062029602614983 0.250934694290381 -0.00421369691756419
-0.00645293899146416 -0.00389777548350241 -0.0447512647878048 -0.18805616906055
-0.00650073716325641 0.0148134444274563 0.0119262075611303 0.176162803911455
-0.0240082879578092 0.004431550813206 -0.178373511828271 0.0512741564781787
-0.0199097316784311 -0.00898012918569938 -0.353287590673607 -0.318802306651136
-0.00617105395330618 -0.0457295079369513 0.096961878746628 -0.632865318440485
0.0180802071667096 -0.0491711254445903 0.799777735762008 -0.259155070284594
-0.0114712711886696 0.0122127870940568 0.682022577307318 0.61750471848749
-0.0336382260277006 -0.0242552856260465 -0.0545779055777327 0.65935004871923
-0.0211149811592692 -0.0419063055330052 0.0690904760498598 0.067581863794607
-0.00677553953963465 -0.0218046056225051 0.228363404742745 -0.650819706247661
-0.0118254641170126 -0.00204454890183216 -0.534702759159284 -0.857015282599115
-0.00915158093804296 -0.0267343063675745 -0.941713561769931 0.0915279196136106
-0.0338186668203008 -0.026300118189214 -0.198450332420341 0.716297980891793
-0.0312519040527396 0.0140885772109576 0.341066764602276 0.374946619220509
-0.0182367286519519 0.00506839791121932 0.24685543122114 -0.0159055193309008
-0.0133939453238164 -0.000437312622309423 -0.0454216180072993 -0.192256045814736
-0.0113679327007931 0.0186728205298888 0.0116940661852225 0.171129272235915
-0.0308445240040332 0.00344850803207783 -0.18374715009081 0.0379996800194373
-0.0242852063909698 -0.0163450240506044 -0.335152234670966 -0.336812058060542
-0.00380609197837328 -0.0553047307002879 0.146866758374114 -0.628270009350239
0.0274406020601751 -0.0467955004758429 0.826260862686616 -0.202258730052941
-0.00836553366154865 0.0210173186054598 0.638784848359682 0.66888625707149
-0.0369282691606874 -0.0176596716963538 -0.0931522554679196 0.65585634197517
-0.0270141491247045 -0.0355242549757107 0.0671797536435755 0.0548943180761441
-0.0104837391519117 -0.0116077088886537 0.1910085686722 -0.662322693869825
-0.00698546095384391 0.00697441624582836 -0.593155645280628 -0.812125820209353
-0.00478848583197978 -0.0270845509818841 -0.927066142578277 0.162416351741422
-0.0365648014630115 -0.0322728328670612 -0.142322342806617 0.726961769393375
-0.0351650463984042 0.0100467025142833 0.364026570224672 0.356569843928388
-0.0239487966675782 0.00517493172510825 0.243476799330203 -0.0298480426800137
-0.018375529830223 0.00343325982011686 -0.0467223932815026 -0.197756480675312
-0.0137483136895008 0.0232611761123093 0.0111478937809824 0.164162490547167
-0.0351870730379466 0.00190556303236952 -0.185974073036284 0.0260752731194074
-0.0258230344003106 -0.0235951949988465 -0.31354418490122 -0.355953045459598
-0.000661188746321106 -0.0619470926550137 0.198414898965595 -0.617621589704635
0.0376898609142525 -0.0420397243846392 0.846059080134882 -0.142247247656499
-0.00280055041468074 0.0316330684663579 0.591498105506649 0.72029644538021
-0.0376702710031235 -0.00622274259192835 -0.130998963060461 0.653419814420037
-0.0316122570265988 -0.0240745216146536 0.0632654817677373 0.0457370622800122
-0.0109777014269428 0.00223591972303315 0.154041216220854 -0.669963244805145
0.00213260184759375 0.0159794984878182 -0.647205719964187 -0.760644252368502
-0.00131953013789975 -0.0260653174386598 -0.907334586849389 0.228071186722307
-0.040306132443954 -0.0342177818841132 -0.0869305986549806 0.734661720544335
-0.0368605938080706 0.00746483671621424 0.384449118228749 0.335028609537138
-0.0266781690561687 0.00550128278643063 0.241085120607862 -0.042765259910417
-0.0210210842880076 0.00759599440709226 -0.0451692113198585 -0.201397631568971
-0.0136335169747269 0.0255470865619026 0.0142661287090081 0.158551719889876
-0.034243525056296 -4.30540408831569E-05 -0.185632704417893 0.0145778063232162
-0.0246005717766193 -0.0286342368156027 -0.296737591970206 -0.367503976963254
0.000866892131100325 -0.0639992944478679 0.234826673997451 -0.604955679263266
0.0466250396564809 -0.0361233038340568 0.857534026888106 -0.090763103819102
0.00432615380808951 0.0416921155719492 0.552074035536148 0.761580565494855
-0.0363989109135603 0.00535552027033034 -0.162599586475237 0.656056598424864
-0.0339699607403958 -0.011090987312483 0.0573458491466985 0.0417936451129685
-0.00699562154281046 0.0150625739556351 0.123968686534265 -0.66870104865464
0.0132674787669399 0.0229831938977514 -0.686589473239668 -0.716341892115653
0.00264380551595064 -0.0239348411108498 -0.88835538862932 0.281133309169458
-0.043868265037918 -0.0328341457068572 -0.0452067718152875 0.740200540432964
-0.0368567367343275 0.00707193567698921 0.4025411209871 0.31877629648431
-0.0258084656968225 0.00728913088697374 0.240280473568514 -0.053209190171528
-0.0195726602066445 0.0111269680315681 -0.0440792895096313 -0.207510675960546
-0.00875923146365205 0.0270728843296563 0.0186549597354596 0.15587930448319
-0.0291239562694329 -0.000726228909727578 -0.181885051756908 0.00830358486910853
-0.0213585985491155 -0.0297670676082318 -0.281855014439114 -0.37311215451552
0.000179253951217196 -0.0618883504162179 0.258238296618192 -0.592494347760662
0.0522402773919406 -0.0293523462996559 0.862325493850251 -0.0504301510012888
0.012936603181852 0.0503985710853757 0.522923961851434 0.793209010673955
-0.0336327514081304 0.0173534027242991 -0.183531106093764 0.662071691916422
-0.0337039974243992 0.000752707855980033 0.0511405029358407 0.0426582629747572
-0.00055583122340945 0.025339180642536 0.102393811420528 -0.664268246678592
0.0247151542318921 0.026703708316466 -0.709747136007374 -0.682363133667916
0.00477754429462492 -0.0201403039461293 -0.876182026859319 0.311223323621539
-0.0471559292047863 -0.0269998516498117 -0.0194378906239111 0.740090694582719
-0.0342901078453935 0.00763472061322205 0.413760483549679 0.310084941737085
-0.0201779018124453 0.00816492903549564 0.240280489297375 -0.0593180974006959
-0.01510612361607 0.014409231071306 -0.0409804364189243 -0.212191079129672
0.0171116093210066 0.00555233236151007 0.024272288484821 0.181319948461794
0.00747160909425315 0.00205637163535339 -0.158709980116489 0.0710397132396943
-3.40387963692155E-05 0.00362628175898987 -0.385309890504476 -0.277892255824433
-0.00717154629537067 -0.0147165562740728 -0.00966580524838173 -0.634327405021318
0.00353468531153 -0.041058234504564 0.747155563568935 -0.365507344228759
-0.00173518793226879 -0.000192147537928566 0.776729038079171 0.520591607148164
-0.0133082652276367 -0.0254908819522529 0.0254428830479494 0.681923576830354
-0.0059024752966834 -0.0380354625569083 0.0607115911329519 0.107141066922511
0.0142508058191437 -0.0249730650715956 0.275973946905428 -0.610885212220132
0.000766302622551972 -0.0161741967596948 -0.433407751742103 -0.919794909428516
-0.0209418648121746 -0.0205233660773096 -0.971930277579465 -0.0189126580173212
-0.0433533749181376 0.00121327213362243 -0.299301221885437 0.701915217818286
-0.0190284586765082 0.0313600368085287 0.305600534207513 0.407096011497097
0.0097625576595574 0.011855510181946 0.262031165602647 0.00906554924212009
0.00992807781813573 -0.00381345651543264 -0.0397171005833519 -0.184771260117137
0.00939957796961224 0.00741398059571476 0.0213069887634666 0.182779953408783
-0.00237649730360004 0.00433462791108824 -0.164838413237883 0.0692938842613599
-0.00645976683595308 0.0015173571245022 -0.38213810484575 -0.28337573134042
-0.00757477472234936 -0.0243469723597559 0.00728079000265401 -0.637884175309487
0.00456965761708307 -0.0451130089150202 0.757000315296816 -0.351986771068291
-0.00900133684623762 0.00141931604106159 0.760548865402614 0.53513522265282
-0.0217232693971628 -0.0305500667036491 0.0122234483878432 0.673128804224061
-0.00961156255657623 -0.044958770739002 0.0672365865407703 0.0962391287790175
0.00706980361740527 -0.0296112619980728 0.270673078291231 -0.626463770130159
-0.00707399522506533 -0.0157272843671986 -0.452958823352448 -0.912488352941215
-0.0180418416483312 -0.023530166556488 -0.967915641522509 0.00195093794312106
-0.0388316291607544 -0.00773893558789838 -0.279341489965651 0.702980738856008
-0.0226677952736308 0.0264064868552742 0.313046789078198 0.400318344380662
0.000353203828250722 0.00936381457338985 0.257816901716705 0.00241146470597881
0.00203032254242837 -0.00398799493188235 -0.0423215277984338 -0.186620152722483
0.00172979801571102 0.0104524993202138 0.0188385848503107 0.180700247145623
-0.0136541056922399 0.00503522488910207 -0.171728140377841 0.0630076381832899
-0.0139955067869477 -0.00307357649979925 -0.374686340051486 -0.296238409976429
-0.00775519123795693 -0.0351548286411712 0.0424048781545294 -0.639874993781303
0.00880625976153845 -0.0487425452863723 0.775875905175835 -0.318607384064707
-0.0125857630283626 0.00531652161283249 0.732937354617892 0.565685066673325
-0.0295600981106561 -0.0294927990003285 -0.0126540894163249 0.668237694117748
-0.015075423398991 -0.0460507445976699 0.0696111530558412 0.0813479914475391
-0.00124209157736856 -0.0278747369254259 0.249452050126008 -0.642498078567201
-0.0109277556147777 -0.01055041478893 -0.496879514695529 -0.893311206925328
-0.014965891835093 -0.0259363313815589 -0.959998160533231 0.0456547785683768
-0.0357518891134908 -0.0178740212573057 -0.240356647559982 0.71323896510202
-0.0272856084684659 0.0200563157133375 0.327835237027287 0.388521500195498
-0.00969930122625221 0.00659944039925717 0.25277733139495 -0.00757981800271268
-0.0065563276860056 -0.00313211912175622 -0.0473398913505047 -0.189168342223532
-0.00561123964903696 0.0151165262641516 0.0142984380849024 0.177328141301792
-0.0238323617334335 0.00439535195101346 -0.178818125448711 0.0524129031880263
-0.0205680972737789 -0.00960719529440282 -0.359311717527791 -0.315463970798291
-0.00657378089285505 -0.0464367313218999 0.0878616589380044 -0.638956274779152
0.0172470452188052 -0.04978833582833 0.801055100422311 -0.271109312297023
-0.0126375934835334 0.0125310425598928 0.695161708286011 0.612716651845273
-0.0350981300471223 -0.0240543384739775 -0.0464662267608726 0.663158334848889
-0.0220275362032616 -0.0421683527530289 0.0698799839086581 0.0669924748635038
-0.00772351596633495 -0.0219284849101885 0.221314293701369 -0.655825080845465
-0.0108106513009426 -0.00222766741918196 -0.549177967754098 -0.855369194170124
-0.0100215617171119 -0.0268239595760928 -0.946614081475106 0.105114213815238
-0.0347680661611834 -0.0260352579185449 -0.188120904366458 0.723950878217967
-0.0311894506257442 0.014581133313823 0.348715558804571 0.371867666364695
-0.0181624473653174 0.00496011662747906 0.247924465502293 -0.0194179475305531
-0.0141545561736374 -0.000262044904446456 -0.0479515901479286 -0.192147147100566
-0.0109701479258802 0.0185539384526853 0.0139782216163436 0.172133367218783
-0.0304026567635735 0.00410294952176418 -0.182938786767956 0.0401068770104808
-0.0249640240340252 -0.0169007994311295 -0.341795232835636 -0.332938234127102
-0.00466928483579327 -0.0559367429666347 0.137759947782052 -0.632939550253314
0.0269708048711024 -0.0476312992419536 0.829334662247386 -0.214749945329582
-0.00872888312021672 0.0213770030733206 0.651650170976496 0.663617128188711
-0.0367190756053513 -0.0171033231996717 -0.0864751037773598 0.659982509690652
-0.0279166051057449 -0.0354204602415995 0.0684423443056922 0.0544121321218685
-0.0118422350150379 -0.0116180445822642 0.184018908840544 -0.670125068054997
-0.00640644691897567 0.00701925911037653 -0.607573870360846 -0.80858152052867
-0.00570744438595254 -0.0270427436348328 -0.931468503892099 0.175795642645407
-0.0370677892186004 -0.0312718733088806 -0.130883093849869 0.733533024057974
-0.0357441368481962 0.0107796632397751 0.370987355192638 0.351710838352492
-0.0242665424851799 0.00495865532685661 0.244713019409496 -0.0325037940605221
-0.0193398343014049 0.00366773964445711 -0.0494905989176363 -0.19774066620091
-0.0137161265923237 0.0223715890453652 0.0130099261170376 0.165351673458462
-0.0353490824491916 0.00204248020957447 -0.187401455151793 0.0274227123899553
-0.0260055055447765 -0.023786176505406 -0.321147048960061 -0.352421100199675
-0.00194874844833762 -0.0631863924860017 0.189702892573579 -0.624112243322341
0.037836883391181 -0.0432123697193981 0.849539162365109 -0.154199713708678
-0.00273710235880076 0.031569011149105 0.605872265117776 0.715828948257511
-0.0383329956280288 -0.00642343709243176 -0.12400898026753 0.658821748370436
-0.0323097682257403 -0.0235315050913536 0.0639787567880894 0.0449984476119979
-0.0114925154298123 0.0018348286667642 0.146155467831563 -0.67594886407235
0.0026616196015833 0.0160201901094367 -0.662025049312378 -0.75740405045747
-0.00109850967748855 -0.025349151282259 -0.910533390144251 0.24234091546316
-0.0410883255885379 -0.0335853975330434 -0.0751356078229459 0.740270652728356
-0.0368222440167427 0.00793602238490548 0.391989965188201 0.33172847461112
-0.0273165512001222 0.00638712643319167 0.241921673712889 -0.0459971472396653
-0.0217886041007925 0.00784011123571549 -0.0483149756199508 -0.203025645536224
-0.0129066176152484 0.0256924055137126 0.0167265752597583 0.159850128011682
-0.0348814078736858 0.00118005618314933 -0.18575751724024 0.0166883809488567
-0.0249729731394736 -0.0289344556492455 -0.30412092876387 -0.364909295252242
-0.000218710511268651 -0.0648338854669982 0.227925577583371 -0.610994554115303
0.0462911037070242 -0.0369926019453344 0.861367923075865 -0.105185550240704
0.00483199200966984 0.042256092648838 0.567467984782497 0.758329078549692
-0.0368658083904533 0.00576896543112591 -0.153070075111702 0.662174054433793
-0.034872714252342 -0.010976320323046 0.0586371033953281 0.0402375115025015
-0.00727975461526908 0.0149785854561122 0.11669894660481 -0.674184760084259
0.0135880884460968 0.0219649605665795 -0.700406125471898 -0.708994387837574
0.0019498961477737 -0.0232743457398434 -0.890271967633339 0.294075024338959
-0.0451255705651039 -0.0317936764986481 -0.0326449568657316 0.744412056949231
-0.0369663379189409 0.00703535253138741 0.408858817909984 0.316052623482466
-0.0254942185252124 0.00742319527437351 0.240387875420576 -0.0559874094338573
-0.0201895508316329 0.0121420778009974 -0.0471950845534083 -0.208261688813896
-0.00836286309512525 0.0277216582727171 0.0208883145048549 0.156992643756485
-0.0293681044860614 -6.99913547182387E-05 -0.183089547810831 0.00964332877377274
-0.0219687499904302 -0.0303442988789925 -0.290294669648832 -0.371161637221009
-0.00052589322775796 -0.062990627157788 0.252632825491936 -0.59989956252248
0.0511683411608197 -0.0305795240813909 0.867272218984353 -0.0653938927758372
0.0131358379067188 0.0506813021340854 0.538232629689003 0.790064505867705
-0.0331889375751842 0.017402218062404 -0.17604333968802 0.66748888264316
-0.0343994804246216 0.00126119800611653 0.0514743369055267 0.0419135205667841
-0.000293208292242341 0.0254324595689668 0.0945794321171909 -0.66990848796692
0.0256414252246963 0.0261973537148458 -0.720813673549748 -0.678534380360212
0.00510337395168866 -0.0205994576635742 -0.877628736229476 0.327922280672226
-0.0477463093638795 -0.0268451573694802 -0.00771964673553454 0.744223555709708
-0.0345554399438998 0.00752676054398945 0.419201619687846 0.304679714330183
-0.0205842277085225 0.00846346800698745 0.241167537083607 -0.0614750418629499
-0.0154993948640169 0.0142836228559837 -0.0448506611187421 -0.212958225762171
0.0144628944254678 0.0110710304943195 -0.0656133373885981 0.172721137600051
0.00766787735478345 0.00572698643778535 -0.174923942869605 -0.014197397334178
-0.00130637406062445 0.00999735463882682 -0.207080454919167 -0.429403416946354
-0.00553997225501085 -0.0109282837625707 0.29313892647861 -0.567830733127041
0.0133937977784782 -0.0413182173344375 0.83392567634143 0.0329328605060184
0.00223952205383481 -0.00685743501026 0.430450934182783 0.834577251403345
0.00162341360638491 -0.0235604027512543 -0.305868686956509 0.610047403464832
0.0134753688557364 -0.0364829439968617 0.0028820105899952 0.121695374258423
0.021529681898069 -0.0194491994317391 0.529594335666843 -0.408114620797404
0.00143591461452942 -0.0179294834841081 0.0501521256352477 -1.00508235548748
-0.013508891755812 -0.0249631756706937 -0.8445412805465 -0.473833978949775
-0.0393888272293372 -0.00755390290297972 -0.599520950508834 0.468875811093523
-0.0292220031318979 0.0230024141183527 0.0698838123451164 0.508299750165587
0.0070584186036963 0.01552013275931 0.22781673595392 0.138490702286572
0.0090894814668749 0.00119287604665829 0.0610879105342149 -0.182426018252833
0.00687712985654909 0.00943671596494959 -0.0700217604365362 0.173262668668371
-0.001421599980867 0.00223736514715787 -0.178995012105974 -0.0188725058741055
-0.00558719656828861 0.00442107047717838 -0.201743092403315 -0.432441591244163
-0.00208067877763075 -0.0193416856878012 0.30947000247052 -0.560662502921814
0.0163432623825351 -0.0449043696245449 0.835740510577085 0.0488103514385404
-0.0046913544291912 -0.00925047617842174 0.410949267234996 0.839221237423023
-0.00410979319395646 -0.0315330923767467 -0.314267587877591 0.596909059754429
0.0134800904048118 -0.0449397048783924 0.0131441865089782 0.11371719214277
0.0176261061580794 -0.0273413036894693 0.528933139123454 -0.422854599074744
-0.00566418725905305 -0.0209077640253285 0.0286490365182767 -1.00896203654536
-0.0102298357929048 -0.0263345340886336 -0.847895724437794 -0.45454063243957
-0.0309928584433335 -0.0128019078903913 -0.583324642438353 0.480915400407244
-0.0303436156452814 0.0167465888920689 0.0797490709809709 0.506634817239062
-0.000308968443083605 0.00854561134556733 0.226688210766203 0.130786230618854
0.00232931934197693 -0.00345368228723439 0.0583870506606983 -0.185642608966898
-0.00169626145395542 0.00749303722370138 -0.071380298420827 0.169837725030624
-0.0119814522743352 -0.00187674240336734 -0.181099361611412 -0.026762462241904
-0.0102827486331922 -0.00285594798320185 -0.188357855551242 -0.439992445625352
0.00309288013433212 -0.0299649199467335 0.342039751796397 -0.5473230567202
0.0222822503199969 -0.0460064270450771 0.836818169007716 0.0876218208569195
-0.008806550367989 -0.00667477917481438 0.370840256264851 0.853505956521759
-0.0111165675700134 -0.0342411945313558 -0.333523549228966 0.579081810539809
0.00867231159362272 -0.0489252191476117 0.0226352962737212 0.103372910698612
0.00999771474067973 -0.0305393612612821 0.519360772066087 -0.446316754393028
-0.0118004634653722 -0.0177077057609556 -0.0169865315111082 -1.0087913495365
-0.00588080627567563 -0.026525571522653 -0.862840840290741 -0.413678071216527
-0.0225620079515237 -0.0202761272528624 -0.551515488299279 0.507748599998121
-0.0308415999151255 0.00921009643415353 0.0987604577078346 0.501485502989515
-0.00852086383173613 0.00129294222012246 0.227718235901702 0.119616146836451
-0.005066422949003 -0.00651210089097874 0.0558078827589581 -0.18972844114131
-0.0103228130992689 0.00896365676442679 -0.0730921741586147 0.165128894438401
-0.0216983635875714 -0.00661302575610145 -0.182938629787171 -0.0392459405184492
-0.0127380053159573 -0.0114112999691521 -0.166297322317571 -0.449895591550736
0.00845216097954195 -0.0396961120636312 0.38149654669925 -0.525070128473492
0.0302330856767538 -0.0439626137692693 0.836793475717792 0.140391625928341
-0.0121750199913724 -0.000382964591388014 0.315398744100587 0.8749449458714
-0.0180966475791527 -0.0322947645043087 -0.36012679406756 0.557754762147874
0.00108247801108587 -0.048904470360073 0.0295097074354604 0.0912035080459637
0.000588329359760498 -0.0274774837368467 0.501992393191136 -0.473783411135606
-0.0159748733494577 -0.00994939824630234 -0.0796041151794797 -1.00176872228136
-0.000488659217352327 -0.0248656211341718 -0.879741381051957 -0.353677594614527
-0.0176703028221979 -0.0276201791346623 -0.512049990987061 0.542079437241763
-0.0315821258011232 0.00214242215879041 0.124336041846536 0.498339720753987
-0.0148623276154401 -0.00428803419536902 0.230247317210744 0.10664788560603
-0.0131416128098941 -0.00694152477818034 0.0570981350910357 -0.193788609199024
-0.0168670410750927 0.0100153021621769 -0.0709017840925841 0.160280813085386
-0.0274258388285891 -0.0105675678495319 -0.180088295533082 -0.0530266978099091
-0.0137778913404193 -0.0197726172497189 -0.139960087536755 -0.457073952583976
0.015228535733826 -0.0471674888339537 0.42341742984814 -0.495140516494114
0.0386091966841469 -0.038980889241991 0.83227067833101 0.203379442621689
-0.0123319632974184 0.00920756731572839 0.250295114734029 0.899208131213103
-0.0248887256813256 -0.027869662123757 -0.392961233146299 0.539603003128801
-0.00782510713885449 -0.0449475503839048 0.0334973293942686 0.079424675322905
-0.00821347225671475 -0.0202368928360291 0.47363530922262 -0.501891689985595
-0.0165429127540756 0.000771639764576809 -0.15440152517209 -0.989855972498123
0.00339989850930143 -0.0223885971808361 -0.898090859657442 -0.283852877418236
-0.0163084961822223 -0.0336897375045808 -0.468335827672122 0.577747763237088
-0.0331268235699978 -0.00321891728777171 0.15596585361163 0.492497317378772
-0.0203507306149853 -0.0073851366767123 0.23315794637392 0.0923180927751115
-0.0195179432156849 -0.00630412172927624 0.0585471829462303 -0.199769683746144
-0.0212447037135716 0.0122814259240538 -0.0679979312407932 0.1543437464762
-0.030050196737463 -0.0140277815297903 -0.177457443557008 -0.064984394185636
-0.011895817774776 -0.0274091071067691 -0.115577128399059 -0.463010956723298
0.0198135417363687 -0.0532837753863548 0.4622815580161 -0.463195785562446
0.0464694796088014 -0.0296305850509945 0.823815212809749 0.267144261455849
-0.0121346355240422 0.022059660979055 0.187686391072506 0.921295296912197
-0.0311388413362608 -0.0180675544345235 -0.426178809782219 0.518572674698185
-0.0172065311521998 -0.0366046306418967 0.0341594711036084 0.0693594854452978
-0.0144180230574312 -0.00817756504665155 0.443540774417127 -0.524363433060761
-0.0126774467747359 0.013308723805368 -0.223395533013233 -0.967621017494791
0.006662018277064 -0.0191939978630066 -0.911561264731194 -0.216041688670904
-0.01753643777641 -0.0378812398900459 -0.421785690986716 0.610655358968206
-0.0330227614166399 -0.00696585420091714 0.185835879594107 0.484077736933016
-0.0234534770983915 -0.00796241091801457 0.237498506325768 0.0796259044935755
-0.0238796614117934 -0.00364926814049046 0.0620835556888875 -0.203137930753205
-0.021952527786943 0.0149476675255973 -0.0624015567997459 0.150808900799474
-0.0291559236528782 -0.015183070481284 -0.171945795512374 -0.0744621824661973
-0.00926337550463743 -0.0312146536362054 -0.0929995507571155 -0.465676405717286
0.0228159996246517 -0.0542362657992132 0.492348322467542 -0.433572331682613
0.051513959492333 -0.020641292650097 0.812747208792882 0.316717690745108
-0.00943839960035704 0.0348387133691192 0.131782005331971 0.940829361361445
-0.0357052053517074 -0.00649365201854162 -0.45518492623645 0.505924421471747
-0.0259614921391262 -0.0267346175202733 0.0307928103719153 0.0634363383971519
-0.0173691807863788 0.00520675359365908 0.416111761796165 -0.537765491594218
-0.00594472184745952 0.0252693834251032 -0.280341230040386 -0.944331566599118
0.00910075508480412 -0.015900903700542 -0.918468434537224 -0.16278579331535
-0.0208392063252741 -0.0382557975382343 -0.386691972098353 0.634406033962358
-0.0325125048458624 -0.00797328890389094 0.207294478389916 0.476784577548267
-0.0235302167143978 -0.00634505443614528 0.241059745492471 0.0701479878406268
-0.0245114749260956 0.000781127795526744 0.0659904210451351 -0.206805282394521
-0.0187872217043408 0.0188734680160337 -0.0571796815487306 0.150414595165772
-0.0247019800858542 -0.0133337178325656 -0.16580744931771 -0.0795534855436331
-0.0056583693940233 -0.031965985684113 -0.0771549870497542 -0.465130055673624
0.0211233336266946 -0.0526922087661818 0.508205503169507 -0.412438824805229
0.053945059462301 -0.0119106947852053 0.797429295330116 0.354816181589686
-0.00595567675371776 0.0470985196269153 0.0894357194281636 0.954178851366335
-0.038384111126604 0.00519422533188692 -0.475675525199921 0.500176786267362
-0.0312417242756946 -0.015959803276091 0.0247551721375546 0.0608504711450395
-0.0166817791286271 0.0186241948280346 0.395247281229416 -0.545674275175021
0.00280236217596145 0.0342174973626158 -0.313691433262841 -0.923659967404811
0.0104145277122885 -0.0111356339633231 -0.922424222738962 -0.126065667274086
-0.0254936089295078 -0.0346758862248693 -0.364064183259947 0.647462361579147
-0.029853490901099 -0.00654104899273161 0.220824123908588 0.473600233801942
-0.0186885794175555 -0.00290908310082235 0.244638262878107 0.0658726500371566
-0.0213204774031267 0.00565729355079407 0.069740226048982 -0.210518176762572
0.0143972984536021 0.0108556201879583 -0.0629874378988474 0.174116736109533
0.00790768288416332 0.00576091714526444 -0.175105616781674 -0.0129975950918426
-0.000355266957238715 0.00985959848483478 -0.214354569837897 -0.427789495693447
-0.00559570444933171 -0.0110064151624004 0.284642345600647 -0.573875719528948
0.0126282516277685 -0.0419186132971139 0.836504754849796 0.0208390158823219
0.00176519380385236 -0.00698302818335201 0.443388759708861 0.828447501721459
0.00110993696239675 -0.0233484697964243 -0.29871891074468 0.616598750437005
0.0129216638244017 -0.0368644724414943 0.00399786885442929 0.121459070897798
0.0212194714152821 -0.0205152522510239 0.525001923278754 -0.416082896382882
0.00189669672661552 -0.0183590062598226 0.0379128636646339 -1.0071946363805
-0.014328569046143 -0.0242164353074897 -0.85061867220368 -0.461528395226942
-0.0399470395174361 -0.00616557545846878 -0.59373186983586 0.479357652665015
-0.0283874782441413 0.0238749227870119 0.0794466714914627 0.508708738337918
0.00715921154671452 0.0152845867528271 0.230755773834882 0.135790164223616
0.0086225755917586 0.000795652104633143 0.0585598687717968 -0.183200019587531
0.0066526255784457 0.00930389819571267 -0.0677514415931544 0.174079295783165
-0.0023271084533828 0.00222293198242569 -0.178905776159807 -0.0167233094559243
-0.00524518216272045 0.00470483775546987 -0.210012260875728 -0.43135585170002
-0.00209167489900246 -0.0195640288887879 0.301551107953014 -0.567152907900428
0.0158126404231937 -0.0453607490722722 0.839478710869408 0.0366810722040079
-0.00496977251454033 -0.00945601515663544 0.424379363369123 0.833806608620702
-0.00480522933606323 -0.0317153276037079 -0.305907032064903 0.60228209588902
0.0123547942633751 -0.0448867859395333 0.0144743569100578 0.113830819850484
0.0168796391682463 -0.0286788968737971 0.524990581476726 -0.431005866212249
-0.00552573275734266 -0.0208656980169721 0.0160266919782029 -1.00979812021097
-0.0109202988332013 -0.0260331445282984 -0.856264210861144 -0.444666669072547
-0.0309976740802321 -0.0132011908717636 -0.577378431350444 0.490051880308834
-0.0301699409679053 0.0170642757627133 0.0885444882829055 0.506387566922442
-0.000764691796236905 0.00779379676726407 0.229856107045387 0.128417278405833
0.0019871951071315 -0.0034065357615386 0.0564535340854186 -0.186178062745194
-0.00135207943605316 0.00836924658774322 -0.0681695419617447 0.17168863191904
-0.0129109000062051 -0.00171322032831914 -0.180607944489774 -0.0255100886303689
-0.00979415645579731 -0.00358784254179957 -0.195268617188185 -0.439899412074036
0.00256693898745261 -0.0299101898618547 0.333236590659509 -0.554004967831159
0.0209749579730639 -0.0468886817150326 0.841464333027732 0.0746306866256917
-0.00972267092062225 -0.00716056287156378 0.384382536289216 0.850234424602622
-0.0119572266685805 -0.0344681732516054 -0.324684239031755 0.585838621433288
0.00740027304141736 -0.0488534016780925 0.0238942608142002 0.103050036407319
0.00899255706794061 -0.0314250691291666 0.513743629292097 -0.456860739298565
-0.0117196524208962 -0.0177956377637751 -0.0326429756851524 -1.01114087028657
-0.00660557076570467 -0.0261795284987194 -0.871556360710398 -0.401954021923758
-0.0230728747255683 -0.0204046016039009 -0.546532426862307 0.516429958370268
-0.0305550199749874 0.00973383015449873 0.108201346586597 0.501689032505964
-0.00836594213305663 0.00124490170518885 0.230961510451089 0.117268287877817
-0.00642645619073357 -0.0068120916265324 0.0535629716694186 -0.19030176798609
-0.0096988869826986 0.00900831961243528 -0.0707765674837955 0.166816729319601
-0.021721038950935 -0.00649103579955299 -0.182853764066328 -0.0381952841051196
-0.0128128893090523 -0.0119074922330137 -0.173358689476549 -0.449161442155263
0.00841152454422534 -0.0405420961719685 0.372781042535786 -0.531901061973987
0.0293235219088594 -0.0448147595618652 0.842053651769195 0.128416644844627
-0.0119937209136861 6.45936445915598E-05 0.329149438901697 0.871788504068257
-0.019133224899504 -0.0326500711066225 -0.354183574766518 0.565777846867846
-0.000131572352863991 -0.04845856998482 0.0303435944648309 0.0911957421381089
-0.000213240304683615 -0.0276562741704168 0.494734653019654 -0.481619522899455
-0.015372693369032 -0.00983886635011312 -0.0946423087646543 -1.00420170304967
-0.0013334991493878 -0.024014684583164 -0.887379523990058 -0.34061219216149
-0.0185195346425174 -0.0271237671225366 -0.505036049495268 0.551336956822329
-0.0311031555096084 0.00283355647272074 0.133448293410872 0.498030886586488
-0.0150247887068681 -0.00431742949285071 0.232719827428525 0.10445015275188
-0.0141388488756103 -0.00664806536026577 0.055453562817548 -0.19485926487001
-0.0169594318711269 0.0100290266803928 -0.068428521958099 0.162140580200502
-0.0279571211607763 -0.0103634709719947 -0.181191162152102 -0.0514466464723458
-0.0142108447321192 -0.0201487576919374 -0.149475932003149 -0.457259116646834
0.0143116080198433 -0.0485341973560928 0.417151112567004 -0.504205436857557
0.0383902553155902 -0.0392775011660453 0.839872568700768 0.192536568379553
-0.0126023977981656 0.00915274096487814 0.264536441693045 0.89687311388371
-0.0257552447931121 -0.0277879625008808 -0.386817352477656 0.545129230173072
-0.0084607363875925 -0.0453467850161262 0.0345668092303594 0.0791219263635733
-0.00844040396808342 -0.0200713533850324 0.469015778697204 -0.510459966602217
-0.0159232165285703 0.00101350446635541 -0.167349834360372 -0.989161162038388
0.00279808996891321 -0.0223098612283875 -0.90391034145562 -0.271853776862324
-0.017131444072777 -0.0334884181063592 -0.458655169228841 0.585261761279275
-0.0324823105399337 -0.00320492525648706 0.163502065745442 0.490337467110509
-0.0203950427170927 -0.00735144591968245 0.235714605660617 0.0901833091164566
-0.0199609896517304 -0.00602255146764634 0.0555559452230146 -0.19978836301193
-0.0208348376965388 0.0126667041145552 -0.0655837556880058 0.155840600986561
-0.0304625539100785 -0.0137559816763939 -0.177751628680051 -0.0644910327854124
-0.012710959190279 -0.0276787427980407 -0.123007520105171 -0.463523383014913
0.0200823611273884 -0.0534845127928996 0.45625919613627 -0.471238702844902
0.0462325114896648 -0.0304272964197976 0.830736614966626 0.256067344429755
-0.0124667742246849 0.0226843493357434 0.202100157483218 0.920096539466337
-0.031539384271687 -0.0180545694739109 -0.418112980164421 0.526512896677699
-0.0180398438216389 -0.0368207125811869 0.0349199378963391 0.0686973782646261
-0.0152063160486418 -0.00805723277621392 0.43659185295658 -0.530496705502329
-0.0119608175932003 0.0136744415789924 -0.239611177247218 -0.967628327504238
0.00661118163302391 -0.0184551831239707 -0.916307008929667 -0.202673870957838
-0.0186699735731221 -0.037486743792733 -0.413503394295713 0.619247986492991
-0.0334310031154864 -0.0065077204503328 0.192244318504462 0.481796253961884
-0.0240545993179581 -0.00781856926394319 0.239386032212762 0.0767298281270649
-0.0239932373999315 -0.00279980793499352 0.059011183988883 -0.203738255697499
-0.0208335980839948 0.0151197200021807 -0.0602417379246881 0.151671749364674
-0.0299237139334278 -0.0148243034419669 -0.172679461383506 -0.0726402354557408
-0.00955781315672058 -0.0315022009478082 -0.100176684531961 -0.466207118610926
0.0220613375950021 -0.0552058210972358 0.487151985760025 -0.441920910545818
0.0518991459685489 -0.0213236114392135 0.8174908073296 0.305734532676679
-0.00941627729251179 0.0357774933570205 0.146568363399727 0.940308856751019
-0.036526592711223 -0.00650663569543132 -0.448396459472031 0.513635022595966
-0.0265604264444033 -0.026203858991942 0.0314628469405098 0.0626824856689829
-0.0174290597758999 0.00510796090865621 0.409225485557564 -0.544751310225552
-0.00472967621468408 0.0251893326476849 -0.296605288128067 -0.944311309306117
0.00886695005087373 -0.0146811565023896 -0.923257872032206 -0.148523531996946
-0.0218215820305329 -0.0380510901303175 -0.376468265198607 0.641589943694687
-0.0332346255962289 -0.00668970616765847 0.213798421374429 0.475432964396254
-0.0237727564666214 -0.00616250183442977 0.242711769523094 0.0673243111997841
-0.0251934555298614 0.000926692973801971 0.0630466124702859 -0.208026537266586
-0.0180594532762278 0.0188894335446566 -0.0542955331920752 0.151630988730687
-0.0255887215563126 -0.0130229616803942 -0.167485278461802 -0.0777290902113655
-0.00642472116227422 -0.0321973485753346 -0.0850355810783688 -0.465260598039672
0.0208665981901079 -0.0532734604436236 0.502312729541093 -0.420526638927332
0.0542476421533009 -0.0132203656207086 0.80622176262526 0.343650542853072
-0.00566037372217199 0.0470601045116363 0.104997015951186 0.954943170961856
-0.0387807104855763 0.00549605779275732 -0.469070280518708 0.507786396526933
-0.03207166581701 -0.0158405783956019 0.0254252914123478 0.0604855182789029
-0.0165253739006155 0.0185725958096724 0.389193694716801 -0.552361324281417
0.00406202686349026 0.0337902149910988 -0.328199552612862 -0.923399142539064
0.0105043783361552 -0.0109082128794459 -0.927643660509634 -0.11333370816474
-0.0267130004774318 -0.0345114429418905 -0.353764240224463 0.654687738415707
-0.0305792128685167 -0.00567653931676152 0.230550526503144 0.471418552743275
-0.0190773232755211 -0.00278864547459081 0.24567218691324 0.062921938992829
-0.0219961435053336 0.00543046108016611 0.0671046575513736 -0.211618653534085
0.0156909516901581 0.0109552932548463 -0.0605207117186492 0.175961838615134
0.00734553426514436 0.00564122842702934 -0.174904939791611 -0.0108137335421206
0.00066356638424411 0.00962327791502393 -0.222214470227364 -0.423956231445615
-0.00491551807058827 -0.0120616481463697 0.27521634057152 -0.576721430597995
0.0118350805407625 -0.0428273949739731 0.83728939145989 0.00865188658307127
0.00251287771026195 -0.00703248464318632 0.456965023338439 0.821408049825677
0.000546850088848267 -0.023510005763262 -0.289678028033589 0.620155002947475
0.0129980898428869 -0.0380077384315321 0.00609766973084749 0.121356307100224
0.0205092813285791 -0.0212789841996311 0.518681795918705 -0.425181403114836
0.00144559143504432 -0.0179141449061364 0.0207354258336327 -1.00742253661564
-0.0145426461704327 -0.0239162541036856 -0.858942369459677 -0.448654841935061
-0.0408417348469243 -0.00589066559095673 -0.585346199822239 0.488836678933995
-0.0290322509565834 0.0252187751031096 0.0862248081069761 0.508170680689086
0.0070671972699739 0.0147474275363569 0.233261457753166 0.134338425045409
0.00771982026477951 0.000924742416233204 0.0559233046305217 -0.184544430564652
0.00844951250056268 0.00933956558516649 -0.0647147801729273 0.175410950838271
-0.0020868653803359 0.00224641588353314 -0.1785077820753 -0.0153064424782393
-0.0044922752934217 0.00457285644443237 -0.217103695689496 -0.428678077228137
-0.00128050519015163 -0.0202859885205015 0.292309944588996 -0.572052501905665
0.0147595847506247 -0.0455475450684875 0.839648155923026 0.025247722973249
-0.00641884717589425 -0.00933109977149568 0.43782295197386 0.82795680907288
-0.00474108560297301 -0.0324422681382774 -0.297304345855797 0.608017939690818
0.0110201845445846 -0.0456522520965817 0.0158933487778101 0.112813249489499
0.0154227101140572 -0.0289183154501962 0.518381164192706 -0.440177880718338
-0.00483505472149422 -0.0218737014354008 0.00260551720866267 -1.01270904155433
-0.011341229179215 -0.0254347309919772 -0.862275161868241 -0.431620884188159
-0.0317138886547401 -0.0126146887322463 -0.568288094936483 0.501380717874497
-0.0297117122423695 0.0183745149193461 0.0961662271469517 0.504299850410794
-0.000809025412470608 0.00842955066163914 0.231982454090802 0.126487293999354
0.000551697665116969 -0.00331188662446502 0.0540513582022352 -0.187421049845265
-0.000846021370601148 0.00844352247870371 -0.0654271059454999 0.173010569568732
-0.0121583323669325 -0.00166809277978772 -0.181234277707706 -0.0240466317993079
-0.00924756159278118 -0.00314582271077117 -0.203062263346134 -0.435982204818131
0.00179341918634933 -0.0300584118569608 0.325229131401184 -0.558214983971191
0.0199094970425727 -0.0476836695523089 0.844935125945987 0.0625907603801368
-0.0105117709693439 -0.00675545617319632 0.398994877558031 0.843142463008596
-0.0120276026534319 -0.0346649848831923 -0.315665646390267 0.590635071473814
0.00610960345843563 -0.0491829509577785 0.0248242913207203 0.10170998112204
0.00901147937092751 -0.0320836569123573 0.506439912115114 -0.463368225075985
-0.0117861973702236 -0.0177570819587178 -0.0462598592708607 -1.01048263967118
-0.00614329749607767 -0.0255552632032894 -0.877309485085399 -0.38784272995127
-0.0250174057230934 -0.0191860909570335 -0.537192385835828 0.525569820674169
-0.029493641721202 0.0102658860369847 0.115973329822388 0.49967128881367
-0.0084199709559206 0.000928574268504855 0.23232885664628 0.114921332814396
-0.00693352421558153 -0.00634620197085562 0.0512447224428597 -0.192195610071837
-0.00945684710743501 0.00888371278170249 -0.0675992984861588 0.167771807024417
-0.0224600741617262 -0.00574768442837605 -0.183137674758869 -0.0376488287587565
-0.0132257620037192 -0.0114289720844707 -0.18159866290832 -0.447494263360033
0.00825830594167365 -0.0411124077115504 0.365528612126566 -0.538841372844664
0.0290339530403669 -0.046061602939282 0.845521377433674 0.11637420515912
-0.0127099175126637 0.000400494537836577 0.342474589705796 0.864646840282143
-0.0202137252993206 -0.0335736720810151 -0.344839146171125 0.570646115978848
-0.00179610039385709 -0.0486284349584639 0.0307132140417238 0.0903715311391086
-0.000357337183860867 -0.0288195146884359 0.487567330109114 -0.488641020590343
-0.0149292831301546 -0.00936779385218692 -0.109122331049139 -1.00434665129285
-0.00118694864179021 -0.0232883292947865 -0.891868638847281 -0.32728023502363
-0.0197063492729216 -0.0260983266374425 -0.494844617524999 0.561028892769672
-0.0315023289515363 0.00367492096714166 0.140713581608079 0.493595918438343
-0.0160287722491865 -0.00439413382120572 0.234699036039776 0.100951643289539
-0.0148793372198651 -0.00603017088069116 0.0526844988987225 -0.194534286982859
-0.016468871778051 0.0103877063922271 -0.0663641696276098 0.164058555811
-0.0284026378313754 -0.0101639061620306 -0.180817826834303 -0.0492284047149501
-0.0147096806618744 -0.02104970966218 -0.155908105088912 -0.454165944635371
0.0135165100028814 -0.048796498581526 0.410378931670904 -0.508765881955881
0.0370591165916532 -0.039841428886397 0.841388470018427 0.179381699586251
-0.0133396464209693 0.00965217916436926 0.279749216261084 0.894245182503136
-0.0258851131573094 -0.0277086540372027 -0.378566872540443 0.551734625424583
-0.00849324344623451 -0.0452552382396765 0.0344101754398853 0.0780410226905027
-0.00853464472425013 -0.0212807720601228 0.460336765971709 -0.518025750021411
-0.0156278721551563 0.00101303834770961 -0.184055457797075 -0.987895495881158
0.00203850299752033 -0.020926841165086 -0.909340736057078 -0.258207188963517
-0.017992323533477 -0.0333590278294195 -0.449736388805298 0.594012361435992
-0.0327971938409341 -0.00245829653434303 0.171887907632326 0.487545746298045
-0.0204658411437739 -0.0073079324721389 0.237262819863562 0.0870514181604169
-0.0214434558888021 -0.005757096999055 0.0533989785823372 -0.200802616379304
-0.0207767472059829 0.0133697173279036 -0.06358030825109 0.157223669140028
-0.0314245632944385 -0.0137615959400953 -0.179695592628739 -0.0620141292756643
-0.013283190656479 -0.0280432309652942 -0.131808499668676 -0.459876751076085
0.0185745581542573 -0.054645029165615 0.45181759549361 -0.479485057711487
0.0457634932155476 -0.0309352755225264 0.834146805219701 0.242995688520146
-0.0126098899500644 0.0219229006261253 0.21640834983218 0.918691331256334
-0.0317099130805032 -0.0175227628417653 -0.411438898482597 0.53113975241854
-0.0191163869902917 -0.0372666420599468 0.0364043314107331 0.0680697037937208
-0.0154588824180594 -0.00865189825067769 0.428682537513757 -0.539620395101099
-0.0110675012922088 0.0137456154184742 -0.255694984527622 -0.965506176203793
0.00595015534794067 -0.0178433493031622 -0.920715131641201 -0.189567043073289
-0.0199303469911224 -0.0368489807480847 -0.40226685267283 0.624063895807579
-0.03273970954486 -0.00586148090975713 0.201119091532104 0.47818863412301
-0.0240756410965522 -0.00854265029920116 0.241181698529524 0.0743838877876846
-0.0257253032251389 -0.00233699611510897 0.0575417679338509 -0.204288060550615
-0.0204563707921356 0.0149151342210796 -0.0577138031674137 0.152591825406191
-0.0305852634710408 -0.0150376117179927 -0.17298135679986 -0.0713496423718778
-0.00987059814269101 -0.0329943652805656 -0.108156804283627 -0.463547318734362
0.0211561013654091 -0.0566607970971983 0.480921219759418 -0.44869369669135
0.0517273520282098 -0.0227846309781015 0.823217913298202 0.29231602456853
-0.00974579002806971 0.0350431469785475 0.160046549693949 0.938690027707681
-0.0364463792825198 -0.0065463493005724 -0.439934728090288 0.520820628767295
-0.0261962005404082 -0.0259927324384407 0.0324602865212006 0.0617062907094618
-0.018485930077591 0.00573668201899807 0.402852517319494 -0.551221664350428
-0.00482922165446129 0.0255160504223249 -0.310494178740723 -0.940345175188784
0.00859238939619998 -0.0148787770084483 -0.927887244595912 -0.134027075769413
-0.0237488622451128 -0.0379719576512673 -0.367079049118883 0.647650377308759
-0.0329521145326568 -0.00797055149119608 0.222928836076888 0.472133422052174
-0.0239034970403081 -0.00607242637254102 0.244890266673661 0.0640531806412268
-0.0256620027982542 0.000674983863071347 0.0597679553656415 -0.209667262266985
-0.0176734994646577 0.0201323979397665 -0.0528305050161302 0.152177000232381
-0.0264839948815721 -0.0125401861794259 -0.16859808396535 -0.0760472399009573
-0.0064701085582819 -0.0318889052396188 -0.0925927602010043 -0.465083085278494
0.0207098406888416 -0.0540883814984095 0.495669678355821 -0.426995630086497
0.0532451941338057 -0.0138936674226843 0.814035875641205 0.330369496903967
-0.0054886676037175 0.0461079473038067 0.120712036007931 0.95493025396402
-0.0380911336241915 0.00531820282997158 -0.460226739605748 0.515373038093319
-0.0328313675716856 -0.0155315005019936 0.0263858979334523 0.0604056066852976
-0.0160749407510855 0.0180943999974538 0.381460788984748 -0.558049844810984
0.00546118691863251 0.0335366370265274 -0.341794067575616 -0.918101563912919
0.00969956428510456 -0.0100857728204064 -0.927950597077977 -0.098438933547325
-0.0282281840906354 -0.0345529073703158 -0.344816900016342 0.661454828677058
-0.030394357459627 -0.00606507590477318 0.2380086877459 0.466934632975425
-0.0194404580769235 -0.00277347902250855 0.248118383128381 0.0585197811903849
-0.0226509950201623 0.00527682725086787 0.0641108081316325 -0.213045033874311
0.0158824812345493 0.0100296878067293 -0.0586627276823771 0.176024785330424
0.0071255270654476 0.00458545874841262 -0.173959549523343 -0.00903011210720912
1.78591667898817E-05 0.00867149925033295 -0.227517924083043 -0.421979222901385
-0.00542771244089315 -0.0117060144557202 0.267240468240693 -0.58076593879848
0.0114997550863086 -0.0424603368103659 0.837599620896543 -0.00407574560138453
0.00107247907085631 -0.00756903668683917 0.468416866110445 0.815024308657858
-0.000162669239484547 -0.0243769497463643 -0.279291330188045 0.621963066561871
0.0113820921482974 -0.0370843651578817 0.0067863826417199 0.120994773897649
0.0200005829213174 -0.0220532068430649 0.5121623218956 -0.430738872876314
0.00220331678094603 -0.0186365348003058 0.0078717670305106 -1.00849046371106
-0.0146984416196455 -0.0234595840768076 -0.865677135610485 -0.437354038374599
-0.0415118660197929 -0.00487741750749705 -0.578422672173866 0.495869533799559
-0.0280297487995664 0.024307254893044 0.0948980014996057 0.506161705984862
0.00715244902818688 0.0146210330988188 0.235388594698817 0.131146070665074
0.00764637250068099 0.0007387482360586 0.0543564188240803 -0.184466394197777
0.0078043830393694 0.0088348648568838 -0.062053276217354 0.175995330533586
-0.00276883723709159 0.0016469786130773 -0.177755118387114 -0.0134229260639882
-0.00445725543504588 0.00346730864918827 -0.223330629447585 -0.4247406556593
-0.00207177520087218 -0.0202285321181006 0.284816066417602 -0.575233180284667
0.0139382832840482 -0.0461539286153768 0.840643894918109 0.013375130314195
-0.00574626173163755 -0.00930125898428552 0.450602613283188 0.821038381934672
-0.00624329938697221 -0.0323430401977935 -0.286592911863265 0.611103296975279
0.0105913262472871 -0.0454222128869455 0.0171787436967599 0.112782416571884
0.0155517489377411 -0.0296148343586276 0.512249512993586 -0.446167014510421
-0.00521154919038502 -0.0217827410393905 -0.0137129035715953 -1.01273446019256
-0.0117026950755606 -0.0248697807568421 -0.868059570554209 -0.418233264110934
-0.0321407008387436 -0.0115248496532313 -0.561232874042656 0.508627176066294
-0.0292194936934492 0.0177795508509087 0.103953429929813 0.502309702649393
-0.000406210137693296 0.00719426499569094 0.234120161441157 0.123652364262447
0.000816862378826007 -0.00370003940023656 0.0513771843389993 -0.187109720111141
-0.000574588240731254 0.00843777266404697 -0.0631294582280934 0.173566080600499
-0.0130951867668717 -0.00143527679222079 -0.18047340492301 -0.021740360254334
-0.00979188245999642 -0.00381651697403928 -0.209674157775989 -0.432960940365337
0.00210102036202597 -0.0303504694661389 0.318381850802275 -0.562195595628536
0.0197682167291632 -0.0477658185020498 0.843587641233355 0.0518279584536629
-0.0107116480208308 -0.00707938365686398 0.410924478621852 0.836802339265125
-0.013286977799005 -0.0353420805128716 -0.307995879499801 0.594684588572082
0.00575992043129238 -0.0495554288224605 0.0259645724519487 0.102384975479785
0.00814013313650956 -0.0322028826660612 0.501275979801185 -0.47092751416856
-0.0114644085512881 -0.0182884962167309 -0.0610323112110707 -1.00952210440056
-0.00688567728214804 -0.0252134840092333 -0.881421082812168 -0.375308974295888
-0.02482787131967 -0.0190714066540607 -0.529515886921239 0.532638602318197
-0.0309868198807728 0.0107900679622575 0.123752083361369 0.499531958057916
-0.00848495981176087 0.000604088388741725 0.234466061258949 0.111644587194581
-0.00728356115218298 -0.0059532316890296 0.0491680871131437 -0.191910775748081
-0.00920958433027309 0.00928014798509473 -0.0658722850424327 0.168805574529683
-0.0227538178874555 -0.00629696659020512 -0.183339175382347 -0.0343057225679977
-0.0128760964424544 -0.0123709444148671 -0.188519495142628 -0.445019289154417
0.00733986137350042 -0.0409852837078421 0.357400915422673 -0.542989333796026
0.0280721822241373 -0.0461756715571003 0.848142761120444 0.103308932428142
-0.0128848215994373 -0.000131295192526622 0.3548602635583 0.861804503588165
-0.0204997467511903 -0.0326024004018602 -0.336241674613416 0.574526869005387
-0.00205485789978942 -0.0488354486115099 0.0319010046656538 0.0894352632892764
-0.00154543940514605 -0.0285351335760715 0.480776118950965 -0.496475990137194
-0.0151185844799088 -0.00985149445025811 -0.123131923523042 -1.00047285671459
-0.0024870946670608 -0.0236061474927951 -0.896423297222589 -0.31522842650053
-0.0206708350947403 -0.0265530266102731 -0.487369357354181 0.567518164154643
-0.0318459966009704 0.00333978061467257 0.148962203137565 0.492746046044781
-0.0158384912400096 -0.00445390096496856 0.234838300343997 0.0989080351277453
-0.0148776002855262 -0.0067607048906085 0.049823105376574 -0.195452232767119
-0.0153248645843765 0.0106790764635338 -0.0642394685754399 0.163599129331206
-0.0285709966108645 -0.0101770919288038 -0.181591554627569 -0.0469740055732583
-0.0142578782101982 -0.0206225326259555 -0.163788815990867 -0.451677281239042
0.013467221920716 -0.0491922170011612 0.402783086644337 -0.513873470615451
0.0371717113421453 -0.041252629912301 0.846363535232316 0.167828888162201
-0.013520217761402 0.0090970389985535 0.29150255121531 0.887921762255368
-0.0267713972899738 -0.0273057635073794 -0.370234551616699 0.556341201646339
-0.0106263462930951 -0.0448655949108957 0.0351986928340776 0.0780184789481542
-0.0093872927653538 -0.0208793772416108 0.453245549487934 -0.52311070866557
-0.0146833442498005 0.000629581493561404 -0.196437100348392 -0.98556173852136
0.00194924714511385 -0.0214858917321558 -0.912577167263754 -0.244567078740631
-0.0186590995596539 -0.0326245315036781 -0.440494081287249 0.600027134750996
-0.0324216816614342 -0.00210601310211245 0.179257157339169 0.485521451363626
-0.0211199422380876 -0.00742209387496497 0.238463422412911 0.0844880030708145
-0.0215278361331507 -0.00544486935803403 0.0507206474317823 -0.201052010003495
-0.0199762220613377 0.0128322021447395 -0.0620616886760713 0.157523681270631
-0.0317177028444541 -0.0127654323557072 -0.178592430332096 -0.0602205947497948
-0.0129838134771751 -0.0284236244031987 -0.136957800323257 -0.459211369542838
0.0185004656468084 -0.0543688800151573 0.443040862758764 -0.484623883536458
0.0447961029180517 -0.0322780456035117 0.838247123597158 0.230072254837433
-0.0125842739414758 0.0223003667524495 0.230104734769799 0.914094174925926
-0.0328190656858703 -0.0182644443528788 -0.403766326956871 0.539320907114538
-0.019445688134242 -0.0362977576915498 0.0359946286032667 0.0676742833173331
-0.0162679434057738 -0.0086886008035173 0.420674857002663 -0.543558672570406
-0.0104665768939055 0.0135011953035809 -0.265973232900869 -0.961280200314041
0.00628272460287216 -0.0184072227689559 -0.921760012148174 -0.176923652592451
-0.0203135698884905 -0.0357847714666468 -0.391948796106357 0.630548969500806
-0.0337788788659337 -0.00591609782351396 0.206141937723853 0.476185063344037
-0.0248630352274576 -0.00746317592009401 0.242329189994289 0.0719950977353191
-0.0255636962494765 -0.00176812679560817 0.0532973393609207 -0.205462269650508
-0.0204628731563118 0.0162310159078545 -0.0561023191044335 0.153908871615317
-0.0305275675619428 -0.0139104941035309 -0.173900302627363 -0.06953344079661
-0.0101959735159685 -0.0323554924131151 -0.115080992600316 -0.461711618458288
0.0210036074345847 -0.0565520841315962 0.475321323608722 -0.456099408324962
0.0508044617127073 -0.0230477698642622 0.826771854624975 0.281535794030449
-0.00935589297547493 0.0351412629099879 0.175624098247398 0.935566456403182
-0.0361400066095425 -0.00617522439005294 -0.429900375691295 0.525921840121596
-0.0275898049692607 -0.0261593151606302 0.0322740016020212 0.0619082473478782
-0.0185098699155169 0.00533089910469273 0.394098684511301 -0.556962544355742
-0.00320754999542917 0.024415166545488 -0.323316547239847 -0.936085395619343
0.00870794603397702 -0.0142874319728357 -0.927551605470757 -0.121664452872302
-0.0241174413278043 -0.0371867372767328 -0.356634756265709 0.651975482237162
-0.033179526987749 -0.00660684256638579 0.230664908783634 0.468197206167715
-0.0237838301776631 -0.00726708649110558 0.244187448972527 0.0618033389241727
-0.0262190839213295 0.00170060639746566 0.0573437645060627 -0.209136041795112
-0.0164608810370644 0.0191030813618584 -0.0505800266170591 0.153020275342768
-0.0265666954141457 -0.0130454482738233 -0.168514946515256 -0.074185831747797
-0.00699088221499506 -0.0328781780098136 -0.099517193985671 -0.462833643471419
0.0190858687999361 -0.054255801449827 0.490912205865732 -0.436404090961648
0.0536079638106467 -0.0145566705775902 0.818705686219587 0.318543573896059
-0.00467564176262542 0.046977411175146 0.13312676702649 0.950174389552955
-0.0389732393483572 0.00590339134925976 -0.455113993715241 0.522433967299304
-0.0330811856718021 -0.0153232202099725 0.0259502396433558 0.0599558947459102
-0.0165030059289661 0.0186302333813502 0.372718289432574 -0.562003021241546
0.00656354560200865 0.032856193222935 -0.355552861854718 -0.916200588179405
0.0101371527424998 -0.0102115182004399 -0.929263495398948 -0.083989974051609
-0.0282313780599341 -0.0332128022427591 -0.333562283418662 0.664999505488728
-0.0301211440658558 -0.00513328949327746 0.245073272760609 0.46446362516168
-0.0196578313772302 -0.00294547186326525 0.248387218232636 0.0565544165861918
-0.0231489282056737 0.00652103567071961 0.0617507545871775 -0.213748932418031
0.0161603494314032 0.0097317059890337 -0.0557121273542358 0.176767302436036
0.00707663089338187 0.00418339481929533 -0.172947378434105 -0.00839388854016473
0.000346108356936577 0.00824942623850074 -0.234276567552814 -0.416329975437189
-0.00522059318544409 -0.0118420421340055 0.258026769380098 -0.581942931946597
0.0106287974726972 -0.0426237500992908 0.834696545409318 -0.0159014289465686
0.000365542978940231 -0.00695129275129251 0.479075929254252 0.806685951069358
-0.000611764024268931 -0.0252543041013483 -0.272791637691894 0.625554944724619
0.0105732543205562 -0.0373914169305564 0.00843532382645523 0.120525772575401
0.0196583622095987 -0.0223635231932229 0.504026043125645 -0.438026616585561
0.00195229679204054 -0.0196951497140369 -0.00608973564605954 -1.00622062200868
-0.0143479521946822 -0.0226080693260812 -0.86889919267102 -0.425827776310178
-0.0410296558773753 -0.00398187858730953 -0.569328621855941 0.503652774889714
-0.0276316536968511 0.0250058828239662 0.100563120320471 0.503736241527193
0.00738815418735573 0.0145296441057066 0.2384393112289 0.128107680252577
0.00725706669519305 0.000597351171625999 0.0521050484664094 -0.184324312984369
0.00766928023923787 0.00843779014723302 -0.059552698561336 0.176645435614331
-0.00298282364041821 0.00134385229288707 -0.177265353778032 -0.0124748265812419
-0.00514288470365454 0.00336170695097509 -0.229856994891604 -0.420090750738791
-0.00195076990715143 -0.0206446594106651 0.276002782945619 -0.577468974103352
0.0133672571161988 -0.0466091725383951 0.838942235831492 0.00366891790279078
-0.00659836853006171 -0.00892170948889489 0.461405896747982 0.81205108804137
-0.00773835014080727 -0.0331346391381043 -0.278642803895159 0.614093689781986
0.00934680547477993 -0.0453375807584943 0.0179517683893925 0.1125806873159
0.0150860733411311 -0.0297234767815849 0.505612969699798 -0.452595876537203
-0.00473237361479544 -0.0221656372609613 -0.0249457032606174 -1.00896681887869
-0.0113120587360366 -0.0240968906188305 -0.872744200659664 -0.405853523728933
-0.0328087106591092 -0.0104783838611774 -0.552616515019405 0.513414300775742
-0.0290194381293536 0.0185016475354148 0.111154637113325 0.499382606745013
-0.000309746303022835 0.00688537064878283 0.235915236846282 0.120353440914648
-0.00025953799596018 -0.00271387281574545 0.0491794046847097 -0.187404391932899
-0.000342856397603238 0.00822725946340501 -0.0609121530979918 0.174414682521384
-0.0132196826202095 -0.00241958214815803 -0.179275837938255 -0.0205519540436188
-0.00982112587812981 -0.00384827559254875 -0.215177148502986 -0.428725876623897
0.00258658395050376 -0.0310448074954998 0.307583965746554 -0.566093827292218
0.0186885626749937 -0.0483891240791951 0.84344676823748 0.037942990489775
-0.0118626823511421 -0.00699617375358114 0.421745165079271 0.829871434106413
-0.0140573749715763 -0.0352107691806969 -0.298790697542677 0.595616747227073
0.00484538539350425 -0.0490265705454378 0.0268219532752999 0.101346483377194
0.00689134579801145 -0.0322061821978332 0.492644493450603 -0.474391460134495
-0.0115770593144123 -0.018356592679354 -0.073277699200219 -1.00662498657739
-0.00735524968631981 -0.0246703860073679 -0.882748528163508 -0.363265997387857
-0.0253865412207636 -0.0185598457054105 -0.520958240498907 0.538370864664712
-0.02995761287264 0.0114601711152278 0.132447461706108 0.494045448206954
-0.00841443555291259 0.000415835854131734 0.236295350357599 0.109162091225121
-0.00832073390456888 -0.0058165523694605 0.0466328658229064 -0.19165664295809
-0.00862772379842535 0.00965843440209835 -0.0635033116009471 0.169118519503923
-0.0226412927685214 -0.00680967345437653 -0.182172244030237 -0.0325022239469627
-0.0130665009770301 -0.0126939959161354 -0.194093939972816 -0.440249462311786
0.00729092958596636 -0.0413555912003377 0.349915469441228 -0.544943888349594
0.0279867189796825 -0.0462682283483881 0.84716643686341 0.0912764022645754
-0.0133331105332502 -0.000398923155773901 0.368055443571952 0.855734952491751
-0.0208598225896059 -0.0328774946548852 -0.326797016915847 0.57706574140724
-0.00309363026409729 -0.0485132261451816 0.0330035108724945 0.0887730012806641
-0.00255896696926442 -0.0286250013204665 0.473831188845342 -0.500514575136757
-0.0145031316064159 -0.00999005972844659 -0.136030910347566 -1.00024429881168
-0.00211351435889851 -0.023698041084003 -0.898086120159572 -0.302030752199081
-0.0204931749203456 -0.0259577092920261 -0.476310017626096 0.572600245971904
-0.0315842909816736 0.00350485512312572 0.155179889092811 0.488597231572318
-0.015936301184825 -0.00452751723219175 0.237416422000199 0.0958302866599841
-0.0160301123542528 -0.00614232597012553 0.0476972379653139 -0.196280043850127
-0.014745767936949 0.0103971028146303 -0.0614405114275743 0.164999192202443
-0.0292591457723171 -0.00970297285268073 -0.181327494658959 -0.0457748291100254
-0.0144336635850504 -0.0212177257424369 -0.169827628354803 -0.448278757674503
0.0127888319235682 -0.0497238261310396 0.394115234074983 -0.519138060022592
0.0357915887085559 -0.0410620029421324 0.846802412365834 0.153750733643749
-0.0131848622390274 0.00947886515475474 0.302927437739715 0.881441346843818
-0.0267696939345548 -0.0274325864657978 -0.361147664806865 0.558426224581022
-0.0111025423993648 -0.0444783266282886 0.0362306125098014 0.0766122601876933
-0.0105637797393263 -0.0213889388431538 0.444572819445555 -0.526721682940249
-0.0145389790272035 0.000301657257226598 -0.208469856307319 -0.980552931278129
0.00167827183755828 -0.020927507476354 -0.912957713231528 -0.232934067154871
-0.0193944425696392 -0.0321844436224831 -0.430160448097348 0.606204256537854
-0.032625202658123 -0.00186628463044782 0.185371628692716 0.481073512635308
-0.0218930097484338 -0.00730684019319965 0.239723785316973 0.0815305514919054
-0.0213867569998264 -0.00529430494467092 0.0478662935185925 -0.20117459046876
-0.0196439040027165 0.0130699084240602 -0.0590160765905614 0.158395939286139
-0.0325929502193485 -0.0136717525839958 -0.178828846161481 -0.0587737434137561
-0.0132227452056257 -0.0284243824959228 -0.143639947033548 -0.455577903205655
0.0170068666529453 -0.0551804104737911 0.435215032658629 -0.48947389533917
0.0445073679792226 -0.0326022472838026 0.839030684489595 0.21786775822932
-0.012483877646855 0.0218701912066521 0.241713440021215 0.907562313124176
-0.0330265400487205 -0.0173098558297027 -0.395319099206431 0.540001373118827
-0.0206370504551735 -0.0359454458274896 0.0363235604004925 0.0666347502839369
-0.0158170826070083 -0.00911240443795735 0.41233239703689 -0.548063096805351
-0.0101622483845551 0.0122954202259516 -0.278683629538421 -0.955523906099541
0.00655564364909713 -0.0177802130684815 -0.921421214297075 -0.163083954019533
-0.0208588289017858 -0.0361244588958925 -0.382753122901141 0.633579775162106
-0.0329112528496045 -0.005451180473654 0.213437722556529 0.471462404900254
-0.0248214100732784 -0.00838676812290077 0.242454034306608 0.0692693310796634
-0.0261726937742594 -0.00164803783508962 0.0506871494473227 -0.204727574391204
-0.0193114565965154 0.0159394756800633 -0.0539160010111923 0.154414498127964
-0.031139327995786 -0.0139264878044773 -0.174346852548909 -0.0679782415174012
-0.0108502042763352 -0.0320430190238773 -0.122437423931817 -0.45852121798577
0.0197541044338661 -0.0570618185386002 0.465389487670041 -0.461268878359351
0.0507482211916695 -0.0231420572189062 0.830443708680024 0.26957783968451
-0.00924801661086088 0.0354248748856422 0.187408930113591 0.927522634175052
-0.0363742959029141 -0.00634152068271147 -0.423843229702839 0.529492466751056
-0.0279784400572808 -0.0252081972675605 0.0326060875032844 0.0608642920527104
-0.0180050920944954 0.00514104153408831 0.385799850896878 -0.561627918829288
-0.00257639991935982 0.0239897393186195 -0.332051846941632 -0.930176795930311
0.00881309532454628 -0.0138625800080549 -0.925797536272091 -0.107721167776286
-0.0245613172239526 -0.0360787446738453 -0.34516826528932 0.656773223453843
-0.0322455737413839 -0.00682222477283403 0.237306694873246 0.463299394807505
-0.0238933788757918 -0.0055785078784745 0.24557948328255 0.0586578412123519
-0.0265449097097981 0.0021155508028489 0.0546341001911724 -0.209678555400972
-0.0162196743967224 0.019164982289173 -0.048891604904925 0.152890771586447
-0.0277658558808221 -0.0126103538566737 -0.168370240194189 -0.0733555180672489
-0.00768366463473683 -0.0336942397203547 -0.106020647237721 -0.460319733827662
0.0184169079826994 -0.0548381167840496 0.48500817564351 -0.439245021255675
0.0534081946466324 -0.015510140115314 0.818535338723908 0.306386473517791
-0.00402656680779668 0.046717453254944 0.147477325174949 0.945496638220068
-0.0389441764884463 0.00586611518574536 -0.44621353429656 0.525492462789622
-0.032583190997612 -0.0146213732718522 0.0266694999582733 0.0593376921230091
-0.0162695594033288 0.0183440400141382 0.364771151477543 -0.566440194452687
0.00685316114014762 0.0321934320020115 -0.365797561309863 -0.90785079212135
0.0100443059291255 -0.0103529692673238 -0.92964543348601 -0.0722083306339966
-0.0285672517608107 -0.0329236599641858 -0.32207667475109 0.668540913864718
-0.0302408350607398 -0.00509688712967496 0.250582409034104 0.458453014191606
-0.0195846248357792 -0.00345292794223186 0.248691898901599 0.0538907985847777
-0.022860339076978 0.0066881200488281 0.0589602958231881 -0.213107859866356
0.0163297626639888 0.00896544583167178 -0.0531247056134211 0.17714066368426
0.00613804732473504 0.00419140549570491 -0.171874218223234 -0.00762705958819283
0.000522008212636011 0.00757751944283827 -0.240134601790545 -0.41187160951608
-0.00570648624726573 -0.0119763550959788 0.250173728607853 -0.582645655572657
0.00947094339427196 -0.0425704525470916 0.833784284605233 -0.0270037409291236
-0.000385672280030543 -0.00729259860036332 0.488046269154189 0.79706145028862
-0.000867908340650318 -0.0253704079487537 -0.261144740903326 0.62522202839158
0.00943886031874716 -0.0376499773937663 0.00920382899046185 0.119250902971709
0.0189276840631685 -0.0229571133710549 0.496552990032126 -0.441686368299627
0.00266908384928873 -0.0200109470012456 -0.0186511743486332 -1.00203599008827
-0.0153048291643421 -0.0219191963840802 -0.871669329343349 -0.41141892832846
-0.0413099365296824 -0.00345693352238256 -0.561585844632905 0.509924918511685
-0.0272008099149947 0.0249473755397951 0.108419448387295 0.499876009370618
0.00723814172562129 0.0135974020241708 0.239236578188173 0.125380512223767
0.0064737487038228 0.00103897725631616 0.0499984307030175 -0.184456157972155
0.00896111779674545 0.00776397705429709 -0.0570472106628111 0.176815988016233
-0.00422670542481527 0.00117978942785671 -0.175601326534698 -0.0110827685742398
-0.00486716798364746 0.00274612588699769 -0.234841896889531 -0.414823336068187
-0.00253030520475959 -0.0208985217591438 0.268203743462544 -0.578771962423756
0.0123382176437768 -0.0465859151777019 0.836109858318727 -0.00944280077650907
-0.0073339627695029 -0.0093463695809286 0.469928708772832 0.802682425166931
-0.0070600002142571 -0.0330888311218899 -0.27010046555754 0.611144142280927
0.00907454755101924 -0.0455721075672662 0.0189200794929633 0.111402013911418
0.0143870238563601 -0.0306556193494648 0.497415728785753 -0.457195777970085
-0.00474462902976124 -0.0215890654786898 -0.0372451176891795 -1.00478242751888
-0.0117288668508067 -0.0239680204488791 -0.872800698680009 -0.39223636996887
-0.0335067448174054 -0.0101353902139402 -0.543904405565185 0.521142538158762
-0.028438352323544 0.0188270931813844 0.117063315677145 0.495527368831578
-0.000692218329148787 0.00664127750541773 0.237030628749706 0.117990950094771
-0.00129183727499595 -0.00266987187151474 0.0474317722087482 -0.186604373356431
0.000295186434750545 0.0077920127576719 -0.0588576565983365 0.175110848962107
-0.0142500531528175 -0.00201702694613609 -0.179013702387796 -0.0200547531401473
-0.00963748388101343 -0.00451485367419804 -0.221556093589231 -0.424377280132765
0.00185927853607845 -0.0312514059841054 0.299247668391053 -0.567320292102413
0.0181555820707617 -0.0483155804045989 0.843806172119905 0.0267646654168009
-0.0119654246461216 -0.00681094717341532 0.431038722271825 0.820792402576094
-0.0141448373560034 -0.0351566208951687 -0.288322018041974 0.597578009224161
0.00370956960776402 -0.0493938369223782 0.0274881239222314 0.0999147805367109
0.0059825324475091 -0.0324366596221826 0.485461474020768 -0.479741941656995
-0.0113551662944183 -0.0181881744677813 -0.0852739718561219 -1.0028626477877
-0.00780666253346854 -0.0237305043559529 -0.884619850298997 -0.349792459897655
-0.0260840795826297 -0.0180671729992748 -0.511114044619268 0.544819571910695
-0.0299323332760176 0.0116471860774203 0.137014285757465 0.491139319419887
-0.00888064745472604 -0.000132167601121891 0.236537017112632 0.106031538236169
-0.00863591772536633 -0.00556408659190191 0.0439667367441791 -0.1905336811014
-0.00892127499462678 0.00914928363080683 -0.0616807107442069 0.169751459183887
-0.0230672943406067 -0.00560598208076407 -0.181003532702834 -0.0314585999251192
-0.0129163020275993 -0.0134611344953467 -0.200367061904889 -0.435933526182667
0.00656935722356659 -0.0416288504091271 0.339998666932917 -0.548984135398505
0.0260493788612933 -0.0465264580873442 0.845861302407774 0.0811556094348729
-0.0143159635096002 0.000340524644674796 0.377454668747508 0.846671929091416
-0.0209894134779851 -0.0328982950471639 -0.318773292121537 0.579228728518089
-0.00443567570508479 -0.049170671006396 0.0336981182569554 0.0881566199856156
-0.00335012761775572 -0.0291700961365378 0.465101852440003 -0.503817622157342
-0.0143895865430071 -0.0103797942260436 -0.147592507329703 -0.992504718038363
-0.00230026123550122 -0.0229164396377508 -0.896938638270135 -0.289003940762287
-0.0216202564171291 -0.0251966370236282 -0.467330914950872 0.576731561146542
-0.030410954928201 0.0032193998210331 0.162061813434402 0.484218034597527
-0.0159550996483871 -0.00514087223884916 0.23781850462917 0.0933823009399413
-0.0160887147898679 -0.00608511095776412 0.0443096426880986 -0.194988905144206
-0.014234039568302 0.0099085530885447 -0.058997583715333 0.164105376403696
-0.0296983235232676 -0.0104301965278051 -0.18045823308228 -0.0434227578417969
-0.0150361862468344 -0.021592736700024 -0.17687217578867 -0.443434745562891
0.0116964862722 -0.0500887958796828 0.384246381234925 -0.52184249414285
0.0352139660090894 -0.0414724855465045 0.846535270663978 0.142377135952858
-0.0140286159531202 0.00906235898731382 0.314777933635952 0.872952571054448
-0.0275909937635155 -0.0274920233994236 -0.353287095050449 0.560594528289802
-0.0113849737291269 -0.0441373551444798 0.0366606744444234 0.0766034574017859
-0.0108595345618684 -0.0210274709166683 0.436426194338597 -0.529696570597049
-0.0142796981514092 0.000492263010831103 -0.219817065326608 -0.976317296995382
0.00157554611511282 -0.0205576768094289 -0.911141316165609 -0.217973789987059
-0.0202948842748727 -0.0320813553656967 -0.420819409440774 0.608428677316139
-0.0322032103650711 -0.00152512672704748 0.191828818896733 0.475775752142479
-0.0223237598097448 -0.00775846052602588 0.240192895719236 0.0788101135758707
-0.0225318476352342 -0.00469127443245623 0.0450103451575811 -0.200656849776818
-0.0191170585879982 0.0133296334037193 -0.0574439975637124 0.158889238633813
-0.0323678110725429 -0.0127358257926865 -0.178382164398335 -0.0573218715520847
-0.0136793825518878 -0.0288000955357074 -0.150601481491323 -0.453325758642713
0.0166740035394639 -0.055554083200763 0.426922311242065 -0.493331330526428
0.0440017170557836 -0.033197232158218 0.839202783570603 0.205341169882199
-0.0125433402070494 0.0221338085488581 0.252329170041804 0.901129027616001
-0.0324435829370126 -0.0180187085050127 -0.388186393541025 0.54496366469848
-0.0210411745195646 -0.0360524303423004 0.036652206911136 0.0660710099329325
-0.0166329199900216 -0.00854543318736257 0.404055293011822 -0.552396214860207
-0.00981797372924115 0.0128913127515759 -0.289657176026478 -0.948360448715155
0.005867260489191 -0.0177455645140044 -0.921256723518279 -0.150042170577881
-0.0219494444414812 -0.0353259336910286 -0.37333594887377 0.637481538533063
-0.0333639596801102 -0.00566740224473313 0.220892116003872 0.467391584367419
-0.0249421473109807 -0.00764650137003004 0.243123736182723 0.0662449613437619
-0.0261180408205677 -0.00183807966340526 0.0478560822166392 -0.204334171314006
-0.0188817794943808 0.0160537800043598 -0.0518252620859695 0.154835064731244
-0.0316502903604794 -0.0139069484854487 -0.173877986520867 -0.0664674669982459
-0.0110863385100587 -0.0331449223599175 -0.127868547219643 -0.456152650983218
0.0189345804149285 -0.0575763099565323 0.45870212914277 -0.465836674269837
0.0495863463951342 -0.0245374720776112 0.830598820490751 0.257776440813857
-0.00895781784922096 0.0350954421617387 0.198918259159267 0.923938594395955
-0.0371734124258668 -0.00640333778409717 -0.415420727679358 0.533309495462978
-0.0283061800639364 -0.0252553099613883 0.0330881515014464 0.0607409826371214
-0.0189180640791929 0.00511436672841576 0.377057853816964 -0.562849074957032
-0.00209002895601972 0.023181776230433 -0.344014100482103 -0.923596824748883
0.00859833139541479 -0.0141776258188121 -0.923763337076953 -0.0966233217890762
-0.0260104692567053 -0.0356824991926096 -0.334930744576891 0.658553558778565
-0.0326363564741116 -0.00620164702261198 0.241794369473596 0.459038930977154
-0.0243054135712178 -0.00630447491775166 0.244961605199317 0.0566500081048244
-0.0262513192291623 0.0029783794788934 0.0519165299305383 -0.209494368947277
-0.0159836375394287 0.0195940714860052 -0.0469320134654886 0.153589735640441
-0.0271255507163598 -0.0124547780368299 -0.168105684277251 -0.071151365485067
-0.00785830730778629 -0.0338846367435484 -0.112650914800222 -0.458160122447952
0.0174325246979018 -0.0553852544389042 0.474934429998738 -0.447431982411405
0.0525566079825027 -0.0158059611872745 0.81972342959282 0.295930925401641
-0.00451758339790468 0.0463646037541427 0.158789702378754 0.940291389572181
-0.0388937346439323 0.00580282089280673 -0.43718578700773 0.529130023965994
-0.033175935163511 -0.0147108390634011 0.025880663346536 0.0587070837310153
-0.0158159883937296 0.0176925078865183 0.356485381543164 -0.567761196136884
0.00675931749209024 0.0310869216568654 -0.377767923981897 -0.901272925547109
0.0102586625686271 -0.00977930769132049 -0.924711102583301 -0.0596837204341215
-0.0293349684418664 -0.0320862079729558 -0.312356480529359 0.669075962949318
-0.0307791453218773 -0.0049486430660195 0.255406385631313 0.454555098789648
-0.0203934772998558 -0.00309184797516718 0.248926220594903 0.0513613638604056
-0.023271158631113 0.00753672130656185 0.0557885951871122 -0.21328105946332
0.0166887678446681 0.00877122355634906 -0.0514297691262725 0.177031507552703
0.0063656851296247 0.00368158483489321 -0.170433621207471 -0.00633139156059646
0.000431701201583709 0.00681629778179669 -0.244603122739007 -0.407203906227814
-0.00544442891567675 -0.0125142630218594 0.240667093806191 -0.583870025200641
0.00905487834841377 -0.0431298952274652 0.830343863137158 -0.0361355347141717
-0.000504468468782374 -0.00770101315996104 0.497659420521289 0.786161257807206
-0.00158739090338446 -0.0254823865200115 -0.253801987082241 0.625431150458069
0.00903491864614843 -0.0377591472019073 0.0104644039316132 0.11847921214023
0.0184441306346004 -0.0231429583128453 0.488340640478454 -0.444744170511768
0.00258854666157961 -0.0201432576124595 -0.0313329527626012 -0.997067748961833
-0.0152409031559841 -0.0214783033320978 -0.869585256032757 -0.397799336976426
-0.0413097373088841 -0.00251738797939157 -0.550916512314213 0.51412328137492
-0.0267241508978646 0.0253898694389325 0.112816760833844 0.496053983631856
0.00708277988093456 0.0133655143463663 0.240000089914807 0.122585627605486
0.00599763934436588 0.00139036232576103 0.0484334736632116 -0.183773696418726
0.00856053246610405 0.00755634861809018 -0.0545733716680723 0.176946907789416
-0.00403281569260268 0.00118599895613828 -0.174573706613859 -0.0100000990830883
-0.00474980916462529 0.00188036339522868 -0.239273423865028 -0.41173014943896
-0.002023507077325 -0.0209359623484198 0.257545353360479 -0.577739867534436
0.0116426944465555 -0.0469104109119083 0.835507176581014 -0.0198333357462127
-0.00744902615538021 -0.00905462001178959 0.478040867079617 0.791924331904177
-0.00815097142560391 -0.0330429523925329 -0.262663554017702 0.611798178376343
0.00791025615491209 -0.0455370872515418 0.0201446376320465 0.110592892155378
0.0135080751284831 -0.0307875579384699 0.489092939016756 -0.461746095449723
-0.00517642745703478 -0.0218422005917593 -0.0494477075218871 -1.00031304344169
-0.0122038824357365 -0.0235127131153556 -0.873362932580708 -0.38001237045983
-0.0331628130162581 -0.00924149485426204 -0.53479323878275 0.5244266479061
-0.0278350885840691 0.0189428548067485 0.122476510350526 0.493304538722088
-0.000997845702282626 0.00659572485404472 0.237990405002678 0.114795944657113
-0.00168314566039316 -0.00216061733617467 0.0451443755295109 -0.187069151726637
0.000291947933480642 0.00751521061498184 -0.0561220991260064 0.174541830524323
-0.0147987692129871 -0.00210263359517008 -0.177422078025063 -0.018944052326812
-0.00993153663960143 -0.00484029329456664 -0.225955996112113 -0.419609043095724
0.00113167958624382 -0.0310123561833172 0.28956460359753 -0.56974659862682
0.0171242907311893 -0.048405791313266 0.839554159903556 0.016124286176565
-0.0121151644913236 -0.00645211288609819 0.440063498683326 0.810630723162183
-0.0147820914770008 -0.0355513473793348 -0.282004811183032 0.597738709913289
0.00277058378132141 -0.0490737153982886 0.0281449466672231 0.0992523366038005
0.00602656359057602 -0.0328501889694735 0.475821340897572 -0.484187743262705
-0.0111854198330927 -0.0185547084326102 -0.0970046687999278 -0.997321240534268
-0.00792407304432643 -0.0229643604004366 -0.884709781655049 -0.336967177373081
-0.0265155507856568 -0.017244769754776 -0.500263491138104 0.548453609507958
-0.0291747505788684 0.0121691073225739 0.141838162985555 0.487128793300342
-0.00919158201518209 -0.000344979051300005 0.237495756659235 0.104071745853603
-0.00923605174259185 -0.00448261769243514 0.0424231347562424 -0.191241354405377
-0.0076744481691441 0.0090884658777573 -0.0590231902345881 0.169867393886165
-0.0243997786137663 -0.00629156070636077 -0.180274872723603 -0.0299535998067211
-0.0132013907997369 -0.0132197287130351 -0.204823434913887 -0.431775138543873
0.00613146741184993 -0.0418634834997742 0.331438218179747 -0.548120428430103
0.0254420512045329 -0.0465118199271798 0.842595188563186 0.0712232341573506
-0.0143623121066617 -2.98951963226372E-05 0.386374396803254 0.836987889926526
-0.0215351041514263 -0.0331919159234333 -0.311476641344913 0.579040022713002
-0.00449603313650878 -0.0477697964024643 0.0340444115086055 0.0870460683794958
-0.00327928638251273 -0.028878680484039 0.456211644549891 -0.507860758279802
-0.0133059913416006 -0.0107743681140936 -0.159045697085451 -0.987565105257269
-0.00249316069793478 -0.0223597222125581 -0.898410982589614 -0.276157802712393
-0.0216476687069801 -0.0249401827999551 -0.457902685791196 0.578429582622788
-0.0306120465739805 0.00424181919125053 0.167465162176639 0.480983568555405
-0.0164616712559625 -0.00472188086994217 0.237624336720006 0.0906198247595943
-0.0170200793182496 -0.00545813406611691 0.0427485603696853 -0.195062069403404
-0.0136060124668086 0.0105767932470557 -0.0571622202705382 0.164748162252053
-0.0304619009853619 -0.0101411919721421 -0.179992598361527 -0.042422287053757
-0.0141081486739 -0.0221420378998766 -0.181374282505131 -0.439629548272644
0.0111486860939433 -0.0505571094190601 0.377371940683136 -0.523728845261923
0.0339025958540388 -0.041662841526392 0.845346280312283 0.132843946122803
-0.0150309539186067 0.00926155415251315 0.325482308084016 0.865217208566062
-0.0276289861261904 -0.0269479293758379 -0.34469222474006 0.563771534568533
-0.0126793835179838 -0.0440894152919969 0.0371421371963862 0.0757955986954845
-0.0111554579743752 -0.0210395559712766 0.427502776121934 -0.534430942046907
-0.0143475253784267 -0.000168386173976895 -0.230136888079815 -0.968344917575803
0.00161909216884542 -0.0204609649960681 -0.910668931055865 -0.205634669475371
-0.0201139139448118 -0.031224123392345 -0.409552438299177 0.610264761840427
-0.032444155810538 -0.00111756130948339 0.196974128371567 0.472052280836575
-0.0215557242348612 -0.00777911317796993 0.240319069508053 0.0761766080559693
-0.022979344182396 -0.00376005504074322 0.042951746184322 -0.20065361449025
-0.0180609445013011 0.0129477499217438 -0.0552295008958198 0.158545708956647
-0.0335080183579013 -0.0137804716858403 -0.178127646299459 -0.0551010650740477
-0.0137228794164217 -0.0290674919482382 -0.155851718836354 -0.449002801198657
0.0169174682238549 -0.0561660439602961 0.418390974030949 -0.496478440173027
0.0429352277100662 -0.0335741355103274 0.840282171523772 0.194906548671759
-0.012376364107063 0.0218396745595721 0.262664335213564 0.892839079803208
-0.0330024549359088 -0.0175317998912026 -0.379465963731416 0.545304360900095
-0.0212511835129836 -0.0355967796526443 0.0367894851044291 0.0654428461821102
-0.0162884935133781 -0.00854272537551807 0.39519784821994 -0.553263891105754
-0.00921266606242579 0.0121660283536582 -0.299109023429513 -0.939028499059756
0.00575128513979896 -0.0172946548550088 -0.918063874489087 -0.138934445104253
-0.0225767843890933 -0.0347933986424405 -0.361760869823656 0.638157940449315
-0.0327862907690805 -0.0047236247565896 0.225190877003162 0.462164791639105
-0.0255916162581265 -0.00774837179121786 0.243208250691202 0.0632925928868446
-0.0266659465229986 -0.000425411868621876 0.0452902475129939 -0.204834163783236
-0.0176017240725488 0.0159776081926745 -0.0506314064739753 0.154475072964176
-0.0323507266927702 -0.0140114343372049 -0.173338564425668 -0.0648381181121272
-0.0115245493506954 -0.0338573826518736 -0.134126850764903 -0.452704078160635
0.0182061063483989 -0.0574909658784898 0.45019720011911 -0.470029078902196
0.0492623289061901 -0.0244017111877859 0.830662699836311 0.244794564573501
-0.0087773723533327 0.0352697993257966 0.210139777428284 0.916287990960143
-0.0371419765481205 -0.00627850839400277 -0.407341338098356 0.534002436339986
-0.0289425440216224 -0.0247799238205223 0.0327367541998012 0.0599585171255987
-0.0187767254148911 0.00518508624685507 0.36731150047112 -0.56425089407626
-0.00105724058069326 0.0229142805202702 -0.353311260575084 -0.913716090947303
0.00871118902008945 -0.0135678721545341 -0.921900342344265 -0.0835900922466952
-0.0257147536970474 -0.034836194094212 -0.324715846127729 0.657661305083899
-0.0325024995469771 -0.00603488212829736 0.247394278031319 0.453804450243507
-0.0245914759333753 -0.00612434404193359 0.245900944167771 0.0536590897927594
-0.0272120887581817 0.00347156687085083 0.0484377263435782 -0.209240422998194
-0.0146226778550564 0.0190912765247432 -0.0448182862260318 0.153540872861329
-0.0285558233825073 -0.0121620682774385 -0.168498411705558 -0.0700454050102547
-0.00856046228932025 -0.0341323231555605 -0.118887521778733 -0.452718965993158
0.0169843611830478 -0.0561316160426346 0.466436805496157 -0.450380628963163
0.0522747639285182 -0.0166742646446424 0.819661628222809 0.282662114200231
-0.00430904338043005 0.0462724208739096 0.169463913502618 0.934143620662514
-0.0381054809180995 0.00539923966010573 -0.429010745844201 0.531650125721146
-0.0333913941728333 -0.0139153487734491 0.0262120482120638 0.0584192501807286
-0.0164098110597163 0.0177937806598116 0.346835705622302 -0.569960394212146
0.00806703655512486 0.0307657617132952 -0.3865299407082 -0.892368217117351
0.0103098864380605 -0.00980311517948311 -0.920421823634214 -0.0475299819277213
-0.0293754264898095 -0.0315120262052825 -0.302616132058053 0.670154383645285
-0.030494152700236 -0.00441847049933216 0.261605727431437 0.449134415365278
-0.0207616115371917 -0.0027527161588947 0.248863611532481 0.0491175610471868
-0.0243785520064881 0.00777438329811461 0.0532319356445727 -0.213007889781173
0.0169441373683558 0.00824456659700282 -0.0489200771675005 0.176790178149718
0.00585346706447667 0.00341026673649908 -0.17013779135737 -0.00591132621877723
0.000415376669797572 0.00622834645798049 -0.248224038297422 -0.402438174964613
-0.00569735362794612 -0.0127136519483597 0.233288547373529 -0.58308128917085
0.00864369832742362 -0.0429022276441732 0.826638815300468 -0.0454922009016727
-0.000963074541540846 -0.00709163438378321 0.503114168338351 0.773832416803519
-0.00205173373910667 -0.026476275118716 -0.246421991174428 0.624991067079904
0.00761831873783946 -0.0379759013972971 0.0113046961415425 0.117339772274437
0.0174112208278875 -0.0237446668131936 0.482718373481064 -0.447129346074133
0.00291307812897615 -0.0200024725283298 -0.0389880800598211 -0.993895005082663
-0.0154120784957682 -0.020709088711555 -0.869758997916816 -0.387324313373815
-0.0407654219991073 -0.00165614933480806 -0.542738232374019 0.516571768288044
-0.0257941687086821 0.025698397691244 0.11992197186146 0.491747090796965
0.00688182586587234 0.0128670409566609 0.240741116726048 0.119599448306353
0.00511749842139882 0.00167100821302453 0.046379266541888 -0.183797956252341
0.00913977382288664 0.00702869069359063 -0.051998884311932 0.176520895464817
-0.00418279430836456 0.000890127944105143 -0.173407307700289 -0.00967334886064386
-0.00487234881183847 0.00134945601513797 -0.243073376678754 -0.406659434706835
-0.00245345031470463 -0.0209774532294139 0.250082577909577 -0.578957916632292
0.0103956742425698 -0.0467329504535688 0.829799595338321 -0.0293473188009036
-0.00815289820515398 -0.00920590554249624 0.485095900306928 0.782737215038006
-0.00858856943767823 -0.0330485346484228 -0.253983525793576 0.610948612480212
0.0069164192486916 -0.0454812991553788 0.020949528982372 0.109536444889641
0.012955094649858 -0.0311916901703859 0.480725919857394 -0.462844241135875
-0.00479561085707071 -0.022033070539798 -0.0574416099210807 -0.994664303783235
-0.0121518828273817 -0.0229437365825639 -0.872046443778173 -0.367966001731735
-0.0331602788113661 -0.00866703137883739 -0.524804411873236 0.527244007130786
-0.0274932783953016 0.0196373329782239 0.12887483819897 0.486812554468469
-0.00138297880124058 0.00629296098353069 0.238601434065858 0.112508895822619
-0.00187380351073334 -0.00206736091967626 0.0435474667522815 -0.186411998679184
0.000267672992927738 0.00772424900426586 -0.0537373998547412 0.174581756844652
-0.0146488605993793 -0.00221333802687991 -0.176649290896085 -0.0176995146520073
-0.00944632025075036 -0.00547251277457435 -0.229569003735089 -0.416891261961311
0.000990417987430443 -0.0315963477885425 0.282290128379822 -0.568785691555832
0.0160357201139939 -0.0478817294728507 0.835577130971425 0.00728892866008803
-0.0128899727671209 -0.00681202905718103 0.447128704922298 0.801615910256937
-0.0153092385597931 -0.0352045733182835 -0.273950586362484 0.597853933243453
0.00210397484489532 -0.0489819354935505 0.0291549512896064 0.0981096233164179
0.00499244029431404 -0.0332216731304783 0.468933607982758 -0.48572687990743
-0.0110085113417169 -0.0188341699864569 -0.106062368698094 -0.990604921244661
-0.00853199812560673 -0.0228133294289394 -0.881761363461666 -0.325889245107944
-0.0263326269535212 -0.0163351813612103 -0.49204830583777 0.550380167826624
-0.0290390692159078 0.0116182600619043 0.147625903344062 0.483460151465423
-0.00974310358216915 6.20312572101669E-06 0.238107166692987 0.100907057989561
-0.00991010047740609 -0.00491388157641663 0.0401477802101103 -0.190275261245825
-0.00671857218089763 0.00909129548948551 -0.056810398895422 0.16992258736191
-0.0236197192295185 -0.00634123565169944 -0.179512021584647 -0.0290744059940636
-0.0138278376425629 -0.0135593016293464 -0.209299861679204 -0.427298677390019
0.00584454282317456 -0.0422931770323064 0.324033412741306 -0.550170989930664
0.0246553417459259 -0.0469524827229702 0.841303585182768 0.0593406009930095
-0.014766130101939 5.11258534720361E-05 0.393370343841324 0.827113963514103
-0.0222082443574072 -0.0332458082148998 -0.303142466030676 0.577657269676681
-0.00551023021576781 -0.0478453495426771 0.0344176849931609 0.0862936154606204
-0.00460361515836731 -0.0290581083084737 0.448947907097285 -0.510018007240938
-0.0140224465244816 -0.0112369279930628 -0.168825437026424 -0.979628565903131
-0.00337630040805786 -0.02158307304488 -0.894651325172761 -0.264775883295531
-0.0220120793846415 -0.0244041680558061 -0.44885129495955 0.581705000278637
-0.0311377736568001 0.00462389686535704 0.173398804505145 0.476042455141864
-0.0167298147496138 -0.00488777607509057 0.237983383701793 0.0873362628020402
-0.017620998126302 -0.00483344339237247 0.0405912502620499 -0.194022883379644
-0.0136051440247037 0.0103831070496113 -0.0549001611817001 0.1647085131074
-0.030265058144931 -0.00975452149594757 -0.17908567262004 -0.0422396892660385
-0.0151621119176709 -0.0225333926573537 -0.186368962067235 -0.436615125656949
0.0112228404951181 -0.050509324282276 0.369817986054643 -0.525912761998992
0.0336252195319048 -0.0421828765958499 0.842780015965218 0.122534689628079
-0.0143282548667543 0.0100698127304891 0.332306744633982 0.857799110444069
-0.0278340756562585 -0.0272166286225429 -0.337047306896271 0.563582536172601
-0.013589433062238 -0.0434696773639626 0.0371201841234275 0.0751198060813921
-0.0122755129237151 -0.0210024685034052 0.419950409611793 -0.535309787725365
-0.0134879596354997 -0.000314166869509948 -0.238623197643417 -0.961349158378999
0.00141394140725042 -0.0194157230342125 -0.908246521630176 -0.194840622173131
-0.0209452676782249 -0.0311726280483373 -0.400760176008939 0.613148662150051
-0.0320915647667413 -0.000611772501324047 0.201393706077881 0.467409673133948
-0.0222882243633344 -0.00756053974159078 0.24011985858191 0.0744337838552057
-0.0232957508949473 -0.00312467882979658 0.0403862954610296 -0.199867450343338
-0.0176316466773301 0.0130402158139741 -0.0534425730906019 0.158548138131173
-0.0339893179392124 -0.0128143426089638 -0.176948970397098 -0.0548480282035065
-0.014047447238171 -0.0292788681742745 -0.160463511542707 -0.444803727608021
0.0150737032187394 -0.0558871491417166 0.412044079712574 -0.498139470775778
0.0422594095522693 -0.0339959338209701 0.83727200717676 0.183222247819445
-0.0124641000167987 0.0219357712254704 0.271691820442156 0.885022690912221
-0.0336821289954663 -0.0177116533510014 -0.370274427680419 0.547219673618299
-0.0218628601604163 -0.0346256335565612 0.0367878187169199 0.0652380532878628
-0.0177781010127536 -0.0091716134254516 0.388014944294623 -0.554005852616707
-0.00889766383994449 0.0115213201158573 -0.309008048085655 -0.933577768932507
0.00544097121132713 -0.0170474844135124 -0.912800293258274 -0.128367687373522
-0.0228898469707169 -0.0344512521841975 -0.351478537955639 0.638235493544924
-0.0329830282473078 -0.00446942424915621 0.229514882657335 0.457548506864724
-0.0259582679794195 -0.00746362895872566 0.242734732004166 0.0613617456941401
-0.0274733971820335 0.000282904294188272 0.0436608505997292 -0.203523825730603
-0.0174582220822604 0.0158213540085527 -0.0477888137938924 0.15400689120911
-0.0328192008594862 -0.0137769352224352 -0.17344114817709 -0.0638053840160088
-0.0118331683690293 -0.0344508100906138 -0.139182311120825 -0.448405682552712
0.0175940538390486 -0.0579176067349532 0.442974624445935 -0.471453514540385
0.0484685568270098 -0.0249289773990625 0.829329655757184 0.235110387757393
-0.00898120386500787 0.0349490945440806 0.218299152570826 0.908004270872026
-0.0370433323660017 -0.00628619735994473 -0.400035582949882 0.536423145797203
-0.0291214641557409 -0.0241276110810586 0.0328589889328213 0.0594319722876962
-0.0187189368466643 0.0046855043960623 0.360107043540773 -0.565770687460393
-0.000965963058422184 0.0222735322148017 -0.361497021155542 -0.906793878293317
0.00866973925743485 -0.0135363548656514 -0.915879387082924 -0.0730650152204492
-0.0266117364805828 -0.0346878526564541 -0.314400808568205 0.657890441533564
-0.0324709722890819 -0.00538507383872466 0.251842215171229 0.44891735046943
-0.0252202086146925 -0.0055593647522845 0.245798690681696 0.0509527260108939
-0.0271124113616528 0.00466050235606173 0.0463293056976586 -0.208506611796413
-0.014296513870574 0.0191146598061541 -0.0427779014091214 0.153115871050429
-0.0288896509290479 -0.012032223911165 -0.168221605107175 -0.0684721573049156
-0.00871993617790781 -0.035239688362539 -0.124334777866728 -0.449318714347604
0.0161483913990118 -0.0558793809571506 0.459573469613785 -0.452684889061504
0.0516333659951712 -0.0175091918271974 0.819226757621413 0.273632417941071
-0.00382208253044776 0.0456624116566323 0.179766575383046 0.92785309121846
-0.0384038122208319 0.00521908234168186 -0.422221275313108 0.533007063187882
-0.0341435437441629 -0.0136261310611862 0.0269779495572459 0.0578545589800726
-0.0165991814505608 0.0180294481321743 0.338755585329539 -0.570270897116475
0.00844557462594191 0.0302540912287979 -0.392710985458088 -0.88528909432044
0.0103010888168427 -0.00945104550461171 -0.917237654662244 -0.0364140077707662
-0.0316257533617826 -0.0308650224022522 -0.291146066257518 0.670812891312249
-0.0301963274947805 -0.00502736360347793 0.266330362557678 0.443038049392973
-0.0210439238510114 -0.00270213671749103 0.248308508095394 0.0460943749538096
-0.0248686490613021 0.00882491359294434 0.0504489945234096 -0.212566752556603
0.0174216252293439 0.00758236517212464 -0.0473530610637258 0.175964818398544
0.00504536864062503 0.00355441636001614 -0.16821782408533 -0.00507524199977833
0.000556147141673938 0.00553524886284999 -0.251091586513049 -0.397302881585956
-0.00546907721685935 -0.0125945901538882 0.226872033276183 -0.581981648130967
0.00849330394676552 -0.0423499673922503 0.821454972001229 -0.0516242347459058
-0.00200415182538871 -0.00697655720387614 0.507342481414018 0.766675097885052
-0.00234078671819857 -0.0260534179251229 -0.239105008522378 0.622652473082438
0.00753038289241969 -0.0375181846258825 0.0122134640738388 0.116654927605769
0.0169644636395395 -0.0239367227049405 0.474190286274632 -0.449341093956698
0.00273382973634376 -0.0203633557209887 -0.0475750274152603 -0.987457075904776
-0.0152390469052506 -0.0196718263067605 -0.867513985139912 -0.377944922877392
-0.0410308825115404 -0.0013271838928526 -0.532824342693806 0.519744617296151
-0.0255194620702253 0.0251780308717421 0.12450202661263 0.486886501407391
0.00660486098301925 0.0126325165138333 0.242105890798121 0.118624673316775
0.00502301825268075 0.00212657870173592 0.0448423300402775 -0.182957072303525
0.00928116111928224 0.00686869486380222 -0.0500345603031231 0.17600065714403
-0.0046749433804405 0.000420336982847572 -0.172578779348935 -0.00950921130709601
-0.00487532703565752 0.000798712625131238 -0.245979433123235 -0.402204774442992
-0.00297000029901059 -0.0213306921401167 0.240877387031421 -0.578094182336258
0.0101777547927241 -0.0463852339037742 0.824806723195787 -0.0371061545273258
-0.00891023690434675 -0.00898696143855838 0.490941711714368 0.7723865282782
-0.00886816901486711 -0.0338652863865782 -0.246690712494114 0.610058063224415
0.00639989035141205 -0.0453066208028484 0.0214439989340351 0.108806419019558
0.0117345559541235 -0.030871120708026 0.473740203464735 -0.465246067311365
-0.00468253569978832 -0.0225791933301212 -0.0672287069421416 -0.990609737376622
-0.0126732588244287 -0.0226186203307493 -0.872118221119201 -0.358622643104705
-0.0335352722686912 -0.00829597537700521 -0.515116441671829 0.528346138149793
-0.0269332549792919 0.0193405413203433 0.132621080947024 0.484350642164892
-0.00137966821998829 0.00624324638484015 0.239788929146518 0.110069267682548
-0.002428798118953 -0.00194511809012444 0.0419940463218301 -0.18562074918877
0.00152480715708774 0.00685930551143881 -0.0520482628885926 0.173376976099821
-0.0149666926046446 -0.00246628484408892 -0.175105491421568 -0.0170086799660054
-0.00991025807255561 -0.00550622878532166 -0.233497007218382 -0.411066472233116
0.000912231552723129 -0.0316638687760551 0.275249414825047 -0.568554591349025
0.0157366446034012 -0.0482800886819735 0.832829177985271 -0.000826297957123528
-0.013136158359123 -0.00659301254304981 0.452435968003245 0.790106130578181
-0.0158238493554807 -0.0352412946259961 -0.266274193138743 0.595175096508115
0.00157906076472089 -0.0487116095815318 0.0299319036322944 0.0976474283848352
0.00414406668532602 -0.0329521975489017 0.460908770361701 -0.487387618787192
-0.0106660989273608 -0.01906281466204 -0.114639354265573 -0.984150314641003
-0.00831328201438815 -0.0219244658376225 -0.880482116484039 -0.312337471603609
-0.0267977551611432 -0.0168470656308018 -0.483168938136616 0.552068909968047
-0.0287645771684113 0.0119389834717891 0.152111213670193 0.478126207139553
-0.0094327612316039 -0.00012848277049959 0.238891818210266 0.0983658350640214
-0.0105201531088124 -0.00429495655838549 0.0381688358278316 -0.18966331129574
-0.00722661540602921 0.00817713604176227 -0.0544582612329588 0.169035530865292
-0.0242741836245865 -0.00589761087913019 -0.177440270052636 -0.0286646104264147
-0.0135008623531957 -0.0140194789405852 -0.213134762155313 -0.421584236000089
0.00503752218147663 -0.0424416698001968 0.316273907602634 -0.550556753461692
0.0239808300794365 -0.0469523730303064 0.836856587749807 0.0506947219091641
-0.0148924096351562 0.000987655684557036 0.40061084218129 0.818187901981231
-0.0227256344683098 -0.032882141110188 -0.296652395447702 0.578779498892299
-0.00643247271847582 -0.0471095055543189 0.0350804164861306 0.0852154107280654
-0.0045721977886475 -0.0293407892502794 0.441620163324596 -0.510809515608324
-0.0137403660917403 -0.0104985992066801 -0.175712139792614 -0.974800246759429
-0.00317223355375847 -0.0209840109419068 -0.891322933521814 -0.256573362534424
-0.0224965170349372 -0.0238101353589336 -0.439926646472451 0.581461720798884
-0.0300484119561765 0.0049929088937023 0.175404829612291 0.471418830391944
-0.0172820399068497 -0.0048196964495929 0.239075439432949 0.0866938173259069
-0.0182785093342173 -0.00517139513109822 0.0386198618237319 -0.193312696333198
-0.013380217868254 0.0101563821659095 -0.0536550499593114 0.164450853234289
-0.0313361506671939 -0.00932118610384115 -0.177295298218696 -0.0407233776743113
-0.015434428116321 -0.0227266800079511 -0.188654402176846 -0.431879917650835
0.0101456366972971 -0.0506998591511648 0.361252789320283 -0.526502358006198
0.0330139374036264 -0.0421789364672734 0.83901673361327 0.113942178864461
-0.0148735419759741 0.00980912518432715 0.338391368931633 0.849212178959242
-0.0285562887516961 -0.0274260901673502 -0.329257077729173 0.563353632599431
-0.0135108089818481 -0.0436004175347103 0.0369828067430061 0.0737986924813211
-0.0123153376867402 -0.0211696882251134 0.410744142427936 -0.536903239229113
-0.0133988079241925 -0.000745696426714602 -0.246814641774432 -0.954220358971402
0.00075773662228589 -0.0194585351608778 -0.903927625112 -0.184256945141702
-0.0214254803116629 -0.0303653685692191 -0.392374672451126 0.613117480541871
-0.0314824121078949 -0.000229579742440842 0.204573793752901 0.462024790133083
-0.0227416132234678 -0.0072855858232108 0.240639944800379 0.072379722531576
-0.0243894166814476 -0.00289630396916602 0.039177496197971 -0.198899200869273
-0.0169140091725028 0.0128971780383274 -0.0514720984762695 0.158339250349744
-0.0344265337586507 -0.0123355140357254 -0.176286092428062 -0.0533844412528741
-0.0145321184194874 -0.0301064215330663 -0.164487825656773 -0.441117089984759
0.0151348570269624 -0.0564641345851127 0.405244712793526 -0.499728449972599
0.0416752672686125 -0.0346951175566278 0.833466230258351 0.174968910136232
-0.0125026489097013 0.0220916494337546 0.278091112141157 0.87737068078955
-0.0334776685887506 -0.0177421291486991 -0.363174143356447 0.547550109227239
-0.0225781137117692 -0.0346371886701944 0.0370868897789381 0.065045455945961
-0.0175740772490201 -0.00928037795541839 0.379799012284348 -0.555680599272924
-0.00844314383464136 0.011421324263738 -0.315374058844389 -0.924594389168691
0.00544382855075873 -0.0161076118474294 -0.910204328133708 -0.118887410690832
-0.0239416728008602 -0.0336649164728616 -0.342711482917598 0.640159297411241
-0.0325127327873059 -0.004643029329472 0.233341760296493 0.453482526499201
-0.0258482572345584 -0.00775821940800928 0.242741620653687 0.0593966008544041
-0.0281516359151952 0.000138771926771295 0.041924210097529 -0.20289815701771
-0.0170823004252351 0.0150854242785553 -0.046479386295713 0.153468607808972
-0.0330238748076165 -0.0136495745254211 -0.172516153161376 -0.0631209611494187
-0.0126078911251447 -0.0343418017227015 -0.142859417333342 -0.44577392495471
0.0171079245891147 -0.0582576064905226 0.434843717443985 -0.473814323090139
0.0479897250387681 -0.0253364194250952 0.827065907907381 0.226376971737721
-0.00865083667995893 0.0349113039675219 0.227941208416355 0.901311269628153
-0.0371017001233871 -0.00665084459652057 -0.392891026241951 0.537074443228467
-0.0294941938558682 -0.0240723164387009 0.0328418311929094 0.0589995090113901
-0.0194751769010893 0.004777394417856 0.353423748934551 -0.565626232896367
-0.00063869502594081 0.0217389714287734 -0.367505352477668 -0.897206374169239
0.00816611643755431 -0.0133240562049677 -0.91165133742896 -0.0644366179125799
-0.0271352912126504 -0.0338585109195035 -0.306998233324822 0.657205463593362
-0.0320405754063783 -0.00530780743468059 0.254370787237882 0.443453561441337
-0.0253923220038766 -0.00604898759996418 0.245174388654306 0.0499885489311859
-0.0273379368292551 0.0044460214215962 0.0441431715346032 -0.207186684470572
-0.0131802218668964 0.0191347461739578 -0.0412688343825226 0.152752840019522
-0.0289842402419712 -0.0115509495675912 -0.16773752374453 -0.0673110953812152
-0.00923906215057102 -0.0352106380050774 -0.127454380950591 -0.446226783551174
0.0155112301061515 -0.056734701400615 0.45320610026052 -0.454494995122345
0.0518380014120059 -0.0173104762932795 0.818885816838356 0.261773718590045
-0.00361014612572386 0.0461333929343649 0.187563413302652 0.919547022205203
-0.0381496222124449 0.00581903624825785 -0.413077994330002 0.533875264641433
-0.03339413881118 -0.0136250128212395 0.0263094110396551 0.0578557091990293
-0.0167329245673312 0.0171384569465367 0.330677667532299 -0.569581332778596
0.00864016066947591 0.0297324476361644 -0.398550863792722 -0.876968664662838
0.0100786489021323 -0.00911168013037481 -0.91206531236606 -0.0288536180659567
-0.0311047921403609 -0.0300836732644613 -0.282718194557459 0.669399322033074
-0.0300272179513069 -0.00453158988494088 0.267690913663304 0.438089959763671
-0.021021191073684 -0.00267380438916306 0.247972622969825 0.0441696141452741
-0.0242433070945501 0.00885782617821898 0.0482873634594225 -0.211920292274089
0.0175347546932768 0.00717310130440259 -0.0450428684398467 0.175612105729092
0.00482093890589736 0.00300174413998536 -0.166197241273678 -0.00507881803661113
-0.000271238729233165 0.00531181595977882 -0.254010796101259 -0.393593590573931
-0.00556706759697136 -0.013592294513928 0.219995361757917 -0.580381470743756
0.00775514186818418 -0.0421979204760424 0.816935539684568 -0.0594315607379263
-0.00235959038571882 -0.00661548550115753 0.511509555744045 0.757027018936714
-0.00314471367327069 -0.0268670949651422 -0.23343268708197 0.620463231649476
0.00674729855509924 -0.0372458772465437 0.0123084770587912 0.116006269233469
0.0162592288888566 -0.0249199607942032 0.467682057685327 -0.451243787165176
0.00261730185031715 -0.0209332134655454 -0.0555375704340697 -0.982923294576839
-0.0151997670018921 -0.0189255604650898 -0.865896375790343 -0.368130689178069
-0.0411581070888353 -0.000343093689346385 -0.527102665201025 0.520916790591994
-0.0250507344451125 0.0254937887632494 0.126285385889987 0.484229937482957
0.00655239441964965 0.0120194904109652 0.242000790102376 0.115522417087031
0.00459744546277567 0.00220488386221811 0.0434107554822918 -0.182381664961071
0.00933869790079603 0.00619018283872753 -0.048905019355244 0.175680864732656
-0.00549028706223355 0.000712549995150969 -0.171447803022231 -0.00849883194826279
-0.00484650599667156 0.000214549554221501 -0.248869335072175 -0.398258186032508
-0.00313291262258574 -0.0218077971556831 0.236027578250104 -0.577557704172229
0.00960384719552641 -0.0459838227692543 0.820324761646005 -0.0436177776073158
-0.0093102660407989 -0.00855932688410475 0.495402978132082 0.762668890824759
-0.00937185407102765 -0.0344287033659152 -0.239297121039453 0.60863180675582
0.00538125211783283 -0.0449362017642499 0.0215859246123635 0.107850654781622
0.0117249549574303 -0.0311017463499437 0.467850044734903 -0.46521370829796
-0.0046758927352686 -0.0232089821765249 -0.0738723323555455 -0.982105251482738
-0.0126428914868932 -0.02189177391599 -0.868943635604825 -0.348601785654048
-0.0338237273170179 -0.00765506982503031 -0.510304509668935 0.53149211585601
-0.0260335202270149 0.0197425613313431 0.135514469155725 0.479247054331661
-0.00151992345097883 0.00592388046403864 0.239650707373073 0.107791873025945
-0.00283025848627255 -0.00147704516026942 0.0406811586447207 -0.185068044600014
0.000945413805422438 0.00679165155037786 -0.049897120236002 0.173523052605576
-0.0148577465822061 -0.00249078535561243 -0.173753569724249 -0.0169126357581212
-0.0101561333813373 -0.00653214987976775 -0.236319767665557 -0.407994133000705
0.000561881125241095 -0.0319399038708568 0.268141289351301 -0.567799274761478
0.0152530335408647 -0.0479196677692303 0.827397279910777 -0.00877682770589676
-0.0143674485597734 -0.00640294215056075 0.456016667984723 0.781949676774374
-0.0163130571839196 -0.0357395208913605 -0.260353148492418 0.594489052017423
0.00115177667098322 -0.048063414306528 0.0302379708233068 0.0967056185178524
0.00361735011737076 -0.0334571531044167 0.455322922145841 -0.488705998298929
-0.0113988303859769 -0.0194042300122064 -0.12305053023552 -0.979146071995041
-0.00837924642114764 -0.021969091677635 -0.879349911584621 -0.306096068136492
-0.0263109301080077 -0.0154450813644333 -0.475548515725035 0.552980023932452
-0.0281087234218813 0.0123074831189408 0.156834800527116 0.475097990529577
-0.0103178666256629 -0.00117281604586482 0.238785750401906 0.0969843305629059
-0.0109855322607972 -0.00362095724181275 0.0374534767726737 -0.188920532757946
-0.00652725627581442 0.00818702437338157 -0.0534332731322102 0.169412267672035
-0.0247224711921196 -0.00575864402100943 -0.177269804720325 -0.0279565839866695
-0.0145672697317239 -0.0147834134702063 -0.215999577951063 -0.4186309599697
0.00527638509495129 -0.0427363248651365 0.309601953000447 -0.549232804475292
0.0224910939372572 -0.0463932330996575 0.833643932926607 0.0431989762778262
-0.0155260289110869 0.000720971475828691 0.405093269080616 0.81069572520054
-0.022511163075502 -0.0333032503383712 -0.290207864110905 0.577557403551724
-0.00669111054059653 -0.0470047273969826 0.035169013434732 0.0845816989654678
-0.00539377476487568 -0.0290626229682105 0.434122424493583 -0.511403810785218
-0.0137360528810157 -0.0114729368239498 -0.182357098567189 -0.968800345053444
-0.0033964460745382 -0.0211198372348387 -0.889350056251628 -0.245944952200741
-0.0230391130253208 -0.0236094933396241 -0.431988931076136 0.582973995242951
-0.0298467229463488 0.00490572658949976 0.179989781378625 0.469234247444308
-0.0173704407157869 -0.00537454890793499 0.238943050691328 0.0843909657747245
-0.0186233182448429 -0.00432054288049521 0.0372166209886496 -0.192394852846135
-0.0128838285415907 0.010285036267712 -0.0512541325470581 0.163728751945564
-0.0310484318788724 -0.00941297568025716 -0.176807307522133 -0.0405273691415014
-0.0159998533173661 -0.0228937208660891 -0.193240809752347 -0.427580980727062
0.00999266887309443 -0.0502916570942622 0.354973997284265 -0.526839626938892
0.0321139998579807 -0.042238751358109 0.834754832152097 0.10559460285451
-0.014691779483908 0.00989632864710474 0.345864151723482 0.839871966008976
-0.0290127179760348 -0.0277318869066438 -0.324705181347793 0.561895395912152
-0.0148243717617205 -0.0426238390390084 0.03725775040896 0.0729317494047154
-0.0136220852581589 -0.0211895522463411 0.404172113736622 -0.537004725301034
-0.0135006939850984 -0.000987611705657556 -0.252420418163861 -0.948303815639645
0.00148020965546426 -0.0196683145168913 -0.900301797140879 -0.176218748103286
-0.0215598142022659 -0.0296350959352924 -0.384334259650131 0.612758871870318
-0.0315549625756931 -0.000756228627411841 0.209600642722341 0.457838237170056
-0.02262692056946 -0.00693318603558007 0.239409976159632 0.0702482013960494
-0.0244199807871711 -0.00205716116857577 0.0372527626250898 -0.198240942370091
-0.0166602325333811 0.0123529343780934 -0.0494831833424842 0.157359127756754
-0.0346507139343039 -0.0121318563446594 -0.175718688294987 -0.0529911723109466
-0.0149173401272505 -0.030034989475508 -0.16788710401503 -0.436271688964494
0.0147818764496793 -0.0574169519263005 0.398153530477162 -0.500067724225243
0.0414112214174012 -0.0345114891068661 0.832083049647737 0.165715351578418
-0.013169397463753 0.0224691047132186 0.284778146447732 0.869966155673648
-0.0336771195073832 -0.0177528064010442 -0.35657528350798 0.545391222754101
-0.0228158730193441 -0.0346739871862584 0.0370211906370275 0.0636263129359304
-0.0178123270809345 -0.00945044352367366 0.372354852497955 -0.555126547319371
-0.00843645059429007 0.0109214838389578 -0.319607043378052 -0.918031080182901
0.006051289511238 -0.0165591377909743 -0.905483369232901 -0.112042396055925
-0.0242053009482771 -0.0332248041475812 -0.335104925375917 0.638433936562096
-0.0323042845018307 -0.00393753448538327 0.236403523981557 0.448292731114685
-0.026394582952881 -0.0072417955343033 0.242796347143431 0.0572394758022508
-0.0280153487066631 0.0007826848293656 0.0390517447862967 -0.202171238711375
-0.0162061862304774 0.0154165282437868 -0.0446185866432023 0.153319356646313
-0.0334820808160049 -0.0135404246105662 -0.17218183915751 -0.0618980240703437
-0.0124407991984405 -0.034799386167498 -0.145273244825136 -0.441723911647682
0.016929270609953 -0.0584401934352881 0.429621407164562 -0.474378757247368
0.0475819891326737 -0.0254881653284051 0.825605978858292 0.217308953922539
-0.00897619564056375 0.0349982253758515 0.234478773200304 0.893783038293433
-0.0372927399344619 -0.00650431372522344 -0.385413919894715 0.536164028199081
-0.030056481783563 -0.0239857195222222 0.0330566186658671 0.0586492914369246
-0.0195284794833666 0.00508807247191215 0.346238520504877 -0.565502077945288
-0.000318213588903441 0.0211968688378559 -0.372809395165811 -0.890793019484756
0.008580035357158 -0.0129705241356635 -0.909065250843892 -0.0564391539666949
-0.0272495536196812 -0.0327832471962452 -0.297805443239775 0.656332510662833
-0.0324081126304736 -0.00512410075594094 0.256267936861615 0.438766281548723
-0.0256342337193947 -0.00598864236422731 0.245070213550249 0.0482454395099462
-0.0282154858064272 0.00487878549016716 0.0424788895951006 -0.206716280692932
-0.0135351469727234 0.0182136903047982 -0.0405128397313866 0.151691037154099
-0.0292238351685504 -0.0119861761282823 -0.16621060731761 -0.066764872661138
-0.0095645512786628 -0.0357303823822471 -0.131720998719713 -0.441583736174271
0.0156466846888591 -0.0567407280880239 0.445666803898625 -0.455212235851891
0.0518683553833114 -0.0178644085733634 0.814850075015466 0.252607293828661
-0.00408139272791074 0.0454905531428051 0.195404661711297 0.912497415968347
-0.0381566423666673 0.00488512880261515 -0.405702420898585 0.532896796301129
-0.0337480264624209 -0.0127782699435479 0.0268110804072512 0.0570318992149811
-0.0161120845631089 0.0166368528251881 0.324719830112598 -0.569648974690837
0.00907353970469509 0.028855530220361 -0.404331199809767 -0.86779279139933
0.00994618551526549 -0.00846197432830235 -0.906570352250869 -0.0202520593247645
-0.0318084358300443 -0.0297725751126791 -0.274618229270633 0.668472693343831
-0.0295762228545458 -0.00451093470341791 0.271702469990131 0.433492791008056
-0.0213663894087449 -0.00308734014522834 0.248432674799414 0.0429075082229538
-0.0245461814924092 0.00957217278929857 0.0454869401731166 -0.21078331342297
0.0177326325504095 0.00687405846656309 -0.0435956121356173 0.174944209398693
0.0044547428699916 0.00268816801199791 -0.165751708262106 -0.0048160874216409
0.000194678472917086 0.0042693415438183 -0.255874685513898 -0.390375513553996
-0.00553604733605351 -0.013709477666636 0.215366710158452 -0.579449073542302
0.00677386006024524 -0.0420141625210187 0.812750555328585 -0.0673930644940567
-0.00233714242126453 -0.00706581251848151 0.514491119000827 0.749530461082344
-0.0033692406983659 -0.0271980441716165 -0.22684262428682 0.619022191231312
0.00641133524121887 -0.0372148110381031 0.0128629365068623 0.114992473293098
0.0152502323712318 -0.0242627371151946 0.46205987719309 -0.452483767676097
0.00261383146307887 -0.0213052826427621 -0.0604813675347014 -0.977813528227386
-0.0150965629772113 -0.0192208081738556 -0.862947117417126 -0.359987230884495
-0.0410068646401154 8.63840202404067E-05 -0.518442059948228 0.521556035382081
-0.0244467208560782 0.0255595641759704 0.130042647513325 0.480107763864486
0.00577271826321853 0.0123541825350062 0.242868998007278 0.113162939691499
0.00379669450467282 0.00294494087172186 0.0420929673633474 -0.181874249936711
0.00981600009033658 0.00638825974075049 -0.0468097473502035 0.175243530365129
-0.00547362701105933 0.000727914003223545 -0.169937164162696 -0.00852167945801229
-0.00535397378387785 -0.000440899177147672 -0.250897284836332 -0.393851806418715
-0.00288687290997083 -0.0220476970590429 0.230769574992052 -0.573626951521973
0.00853541465612676 -0.0463016168943619 0.817290518054016 -0.0502673109876848
-0.00974551342623422 -0.00826684511267241 0.497600385425693 0.7565402011092
-0.0100322637290459 -0.0344932395191339 -0.235221240926799 0.606499395099504
0.00483486463822115 -0.044720570883782 0.0225108014345332 0.106245822517043
0.0112210568392966 -0.0316783762985193 0.46258351939798 -0.467191870379894
-0.00478525834775064 -0.0232375327668462 -0.0788892057890368 -0.979006851063847
-0.012612535964074 -0.021033020104116 -0.867539565041333 -0.341731671637623
-0.033884692400937 -0.00693589871254818 -0.50110140542619 0.53125990510157
-0.0264453469715509 0.0198248995911626 0.141007719154355 0.476250837641301
-0.00234281590152724 0.00538188606887498 0.240366456524035 0.105607185161103
-0.0034922092363471 -0.000530553292080379 0.0390946528236258 -0.184446641501586
0.00152184164109832 0.00631683095141564 -0.0484451656770097 0.172685644516585
-0.0157715694857405 -0.00181698617993362 -0.172790628047402 -0.0166350910878126
-0.0104164731584597 -0.00663800516352739 -0.237566044103732 -0.402446968877961
0.000715064766202362 -0.0325721671606024 0.263721623296686 -0.565398708676805
0.0145222278339754 -0.0479056608199826 0.823772482767273 -0.0151971570717724
-0.0138454710316445 -0.00555064799111015 0.461049668160655 0.775860548883431
-0.0171999715993197 -0.0360189186363527 -0.254627054051843 0.591978515758495
-0.000226683674513268 -0.0478984260697849 0.0301442060254506 0.0957076628000697
0.00330961131754772 -0.0330776561099787 0.447884971833014 -0.487868190876272
-0.0106811507202447 -0.0196088068410831 -0.128393034776529 -0.973698133405343
-0.00852200709542344 -0.0210820389173281 -0.877006684178481 -0.295834600883644
-0.0272652237566434 -0.014778031122428 -0.469833702822 0.553576828180035
-0.0283540987733405 0.0123258276682532 0.158967573296364 0.47085080756961
-0.0101386859688628 -0.000707272994862083 0.238903761142148 0.0953054091480935
-0.011403872003084 -0.00290668849455239 0.0357127119669499 -0.188179162512808
-0.00619296919681399 0.00765238100179302 -0.0515141378769249 0.167979208623174
-0.0251188064633464 -0.00624379838553855 -0.1758577851325 -0.0279142199947867
-0.0146840736090558 -0.0145308122302495 -0.218366520937016 -0.414436830601875
0.00534873048690858 -0.0430199422962826 0.304555952716122 -0.548127175560221
0.0227108901532845 -0.0463650425836618 0.829475664197719 0.0356242513735909
-0.0161063205251663 0.0010007603226861 0.408463978373452 0.802112363500832
-0.0235810435137277 -0.0329590271238054 -0.284261198273 0.576236481871609
-0.00744768779313358 -0.0465684126595367 0.0354644468627647 0.0838974656475898
-0.00608519614782179 -0.0291517273217353 0.428423775778944 -0.510026619965855
-0.013790557122556 -0.0121848738698659 -0.187247560450213 -0.96131630618257
-0.00321466741345355 -0.0210107827027593 -0.88564468474657 -0.239374131293316
-0.0230407717137935 -0.0231281158529736 -0.426456208684399 0.58319943011965
-0.0295093188355741 0.0050501957897979 0.182881526932849 0.463845636627304
-0.0176643136488693 -0.00520091543962006 0.238616411234137 0.0820146168119045
-0.0187186439996988 -0.00294297679242564 0.0356967283151688 -0.191966250828302
-0.0123381211812769 0.00970791495766414 -0.0497763385105913 0.16312205944656
-0.0315348241318502 -0.00926130932547425 -0.176155414909135 -0.040073314273231
-0.0159815523363766 -0.023557930589731 -0.194957645999531 -0.424074417373447
0.00969360701207606 -0.0505315764967308 0.348486474866467 -0.526584281645179
0.0320320304872124 -0.0418805063790521 0.831185304346909 0.0977403528570093
-0.0153318688083904 0.0103151371207271 0.350385834121252 0.833015005417688
-0.0283963710112629 -0.0279577605804587 -0.318624560680345 0.560839983640452
-0.0151154209025916 -0.0423707006475184 0.0374593649662463 0.0726918905294877
-0.0130316092114525 -0.0212438747964095 0.398188895913997 -0.53714851334344
-0.0133117380435471 -0.000945541141470753 -0.26045326954707 -0.940484912033299
0.000967166006249248 -0.0187563209715552 -0.896841677793726 -0.171248345946076
-0.0223705690183932 -0.0292001585411083 -0.375097362380957 0.611481159451181
-0.0313161651820178 -0.00062808905966209 0.211081544408966 0.454050609594427
-0.0232253767642151 -0.00751184254432793 0.240178829868762 0.0687813160549244
-0.0249326311698075 -0.00140359672633877 0.0355906068665904 -0.197429176849722
-0.0163408200972449 0.0129545066205939 -0.0488689308905336 0.15761947219021
-0.0349139817467602 -0.012305005511708 -0.175539523547399 -0.0523335460236889
-0.0154805542606501 -0.030192097340041 -0.170956360616732 -0.434371993472618
0.0136794389336032 -0.0568984724061147 0.391557941261938 -0.500155611779456
0.0406041403760078 -0.034144024524642 0.828355961337202 0.159485911611852
-0.0130590830037974 0.022723237161908 0.289922927980528 0.861661244197001
-0.0340131856511691 -0.0181989183084719 -0.352485251836247 0.545441193025837
-0.0233192513392457 -0.0343478137725257 0.0368242307582416 0.0629725845748077
-0.0184106049852262 -0.00913773622518684 0.366534739386381 -0.554419575017289
-0.00827798634941991 0.010319602285706 -0.326111638831048 -0.912264747796055
0.00543086280025946 -0.0159240191376694 -0.901516914757085 -0.103736220640097
-0.0245018671089203 -0.0325702776159345 -0.329203191128205 0.637305869216939
-0.0319641876263043 -0.00437897581665112 0.239682931082098 0.443807097701413
-0.0263796088785943 -0.00768623609671447 0.241848011469776 0.0572620796165712
-0.0279171001202021 0.00249570345982232 0.038185559619122 -0.201153849981056
-0.0169316814279909 0.0148553873887438 -0.0434272936811326 0.153602273215093
-0.0342254340444947 -0.0128919644613983 -0.171367439940336 -0.061805116088826
-0.0134881218547112 -0.0351984169213567 -0.149721581030728 -0.436973604401295
0.0165351438964126 -0.0583197415649711 0.422161702907562 -0.475600463189994
0.0467894614739783 -0.0259192456791744 0.822494202067209 0.209466591882122
-0.00912253863897995 0.0347791672622331 0.237043131298972 0.885861758255296
-0.0367610933598162 -0.00686494703024204 -0.380134690107776 0.535371469443603
-0.0298807637851161 -0.0237063474162431 0.0324924541209629 0.0581990865966587
-0.0198799757293803 0.00451607781027658 0.338814002987305 -0.564453928606625
-0.000154108108082193 0.020252280910829 -0.377634504291982 -0.886150408663457
0.00818481335982893 -0.0127780459775253 -0.90312410140571 -0.049108517712124
-0.0278125880957576 -0.032524928136195 -0.290472514649558 0.654788354441878
-0.0319209334219267 -0.00528536510871564 0.259864690231932 0.434251959878403
-0.0264067110578784 -0.00527475109987987 0.244943080155984 0.0462533960092592
-0.0280655904735662 0.00592382753148134 0.0407715167357184 -0.20577814304489
-0.0125473835975531 0.0176350234041949 -0.0383556028150536 0.152134100807234
-0.0298053200173871 -0.0112971301816017 -0.167207083340141 -0.0663593047279214
-0.0106489421365935 -0.0360468337377479 -0.134518199908186 -0.438655230484136
0.0144435633388743 -0.0566859491423606 0.440565725165909 -0.457056583505204
0.0511148121952743 -0.0179168153203607 0.81370092200909 0.245688863327175
-0.00405308910629553 0.0460238742736031 0.200012665245347 0.904288511604376
-0.0387083919487233 0.0048950754703707 -0.401655869226734 0.533782463497339
-0.0336025315173762 -0.0129885274784718 0.0264869904392712 0.057260438451724
-0.0162788217402007 0.0170639142872749 0.320017081177907 -0.56831034363054
0.00967755878406937 0.0280790449139725 -0.407622552407416 -0.863949136422104
0.0101519428284381 -0.00819179502102027 -0.901628940618243 -0.0144650035565622
-0.0322257236075323 -0.0285877647138079 -0.26726908562886 0.666364475854703
-0.0296370946855843 -0.00441263719221773 0.272703971801736 0.429629603500758
-0.0216204609161918 -0.00283478588409296 0.247804824195583 0.0413969446733733
-0.0248840308934583 0.0101754378227406 0.0441329649867106 -0.21034388925411
0.0174365865715973 0.00608778898703415 -0.0411915930023764 0.174458629567599
0.00387753254516991 0.00245730764291983 -0.165272576247253 -0.00541815781833698
-0.000455497469030117 0.00369767450498563 -0.257506690514725 -0.38615876365295
-0.0060874861507372 -0.0140468832193604 0.20965464807351 -0.577225587586628
0.00667633350621579 -0.0421245661173306 0.809436984217343 -0.0724670626634095
-0.00326845795146225 -0.00616961180162613 0.518723573249732 0.739935558793599
-0.00378848899651776 -0.0283543571435707 -0.221175908112684 0.616215020308193
0.00605361073822909 -0.0369765055941684 0.0127576414972368 0.114271755750301
0.0152086908432271 -0.024577520966789 0.456990580620519 -0.45180754349309
0.00282603218561358 -0.021905357161236 -0.0668143467329945 -0.970920807257828
-0.0151196937729321 -0.0182831946809213 -0.861007635828191 -0.352964370811907
-0.0408614755369984 0.000269457542830821 -0.513630626568877 0.521140028167285
-0.0242552429905927 0.025367321047643 0.131974797811212 0.477497214527676
0.00580574651711938 0.01197841196434 0.24251726070695 0.111899219502447
0.003674109930735 0.00323435654657765 0.0410517766386231 -0.181374801264696
0.00987871443606732 0.0056417317671482 -0.0449232133054829 0.174702888157984
-0.00607011345760459 0.000456552494995161 -0.169396828411197 -0.0088794245272987
-0.00614175443593738 -0.000304854524654744 -0.252804245707784 -0.390899569318575
-0.00282768648201787 -0.0223864911569769 0.225410460309197 -0.574130508647762
0.00842103436572976 -0.0460892506836676 0.813987533814246 -0.0550810617752606
-0.010219211261912 -0.00805912516232731 0.500896306141369 0.748984967563528
-0.0106381266593292 -0.0340923264980196 -0.230526216678357 0.60498408399877
0.00451734063798952 -0.044465016246502 0.0222505701759735 0.106243759359634
0.0105464395633724 -0.0319818445403168 0.456619249839012 -0.466884984718097
-0.00436775011893448 -0.0238149439986754 -0.0864632398343478 -0.97370526787925
-0.0118939486039961 -0.0208442473986143 -0.862766079033422 -0.336522230406938
-0.033734859207413 -0.006500460145062 -0.495349887027092 0.531517903691913
-0.0256266145666186 0.0196717239143992 0.143079539074345 0.473221752420822
-0.00220350612947861 0.00507866963342235 0.240939872004306 0.10452877664497
-0.00358707192816743 -5.76272925742151E-05 0.0385188972626654 -0.183607500287809
0.00143142157340737 0.00597506400476739 -0.0464291553866981 0.171913424488469
-0.0159435540339647 -0.00250619821650544 -0.172575090821692 -0.0164465050811766
-0.0108851627761427 -0.00687454693332893 -0.239672287342836 -0.400342990997926
0.000507082472123928 -0.0318720461008649 0.257338358269303 -0.5642091337087
0.0138855958406956 -0.0476149757224633 0.81957541538883 -0.0200055467191633
-0.0145877794309344 -0.00552527677419825 0.463301516072285 0.766365552531702
-0.0168794022217777 -0.0363308220345544 -0.249024994778326 0.590434460875121
-0.000339921435896558 -0.0476821420165662 0.0303450059521646 0.0951567445790908
0.00251975836864314 -0.0334813808714536 0.443194161272352 -0.487814237058441
-0.0108107735242829 -0.0200696268184402 -0.132726525622307 -0.968139764327145
-0.00825534314169705 -0.0207195544706846 -0.873097086084239 -0.291814154396347
-0.0274106165914718 -0.0145143720556457 -0.461414767344118 0.553743654059353
-0.0279910674398378 0.0127434798501979 0.162658178895448 0.467899075727974
-0.0103494161842235 -0.00093074715030466 0.239440281439093 0.0927303110156923
-0.0116339648121272 -0.00243332004758344 0.0353002341457292 -0.18751871184868
-0.00638175514705999 0.00690670749055334 -0.049162058385735 0.167736261874147
-0.0251365855558218 -0.0061213710218696 -0.174802025573015 -0.0271534068987349
-0.0146754926498383 -0.015124781978129 -0.220581200880332 -0.411549924997511
0.00484393537117498 -0.0430601799941214 0.298254982718695 -0.547573584249283
0.0220444939408235 -0.0463039066077844 0.825708783252036 0.0313349043382824
-0.0165085577588312 0.00110325079509682 0.41177912969114 0.796132150816751
-0.023844741950926 -0.0334002046823977 -0.27997466283532 0.57406627397463
-0.00782257450980738 -0.0466268175432338 0.0353235922952376 0.0825175409813201
-0.00608936204471213 -0.0294009977675116 0.423975099190922 -0.511832602063479
-0.0134297510427032 -0.0118458269431129 -0.192044624749143 -0.956074329583799
-0.00305794861016114 -0.019758626893428 -0.880612231504876 -0.231317836589051
-0.0231731028201945 -0.0228917759781677 -0.418892295285184 0.582150279057509
-0.0289841685460313 0.00538632188253183 0.18545562621075 0.460369489393094
-0.0179124764795086 -0.00541750221379715 0.239216624570354 0.0805872431969358
-0.0194556560549314 -0.00266654747931902 0.034768815898923 -0.190842519834606
-0.0117483801011738 0.00948623106878592 -0.0487520208200894 0.162347303455771
-0.0318272370531496 -0.00932514649323052 -0.174944481369956 -0.0404942797911749
-0.0167955997727938 -0.0238656277573764 -0.197007136332093 -0.420510284025497
0.00980391641948531 -0.0512482809536336 0.345249187143674 -0.526271774415388
0.0313843151125089 -0.0419037696871305 0.82807865536914 0.0914984811833588
-0.0160375778913392 0.010319681340897 0.351969106714751 0.825460429745869
-0.0292630545077749 -0.0285301986229193 -0.313172084051905 0.558777340770478
-0.0150653296695761 -0.0416325978672492 0.0373459267298175 0.0720129784564387
-0.0134613864481244 -0.0217097421187839 0.393191428431511 -0.53639954507478
-0.0129422431809139 -0.00153870574574393 -0.262096516864726 -0.934773610040195
0.00123642924697389 -0.0184406998536073 -0.894018749939307 -0.161935486181056
-0.0227723246097013 -0.0289058444821073 -0.369694467447821 0.611317901225547
-0.0308271605597377 -0.000338744509467427 0.21383702504204 0.450024310655408
-0.0237390824672996 -0.00807423056057649 0.239996239686834 0.0678165239743325
-0.0256760992456419 -0.00129438347917209 0.03473621430187 -0.196272999743683
-0.0161937899050678 0.012402423962761 -0.0471059922130917 0.156471469351139
-0.0350356438724574 -0.012115393264773 -0.17449437033276 -0.0527713365954857
-0.016045754187281 -0.0308702780739541 -0.172873866919916 -0.430804146402257
0.0136931453712874 -0.0569915957746078 0.386072319638795 -0.499955453174759
0.0398924169310034 -0.0345089903683899 0.826481614726397 0.153022869737082
-0.0135417587324685 0.0225771627002515 0.295443717692533 0.855174342422728
-0.0341554194054951 -0.0186711595647183 -0.346028623998942 0.543690294904345
-0.0236809321041516 -0.0333840903850757 0.037087735807591 0.0627407669347798
-0.01868620128703 -0.00927052994882177 0.361905702392495 -0.553038233826407
-0.00826908920615136 0.0105745930592771 -0.330516055675521 -0.904668067883993
0.0056979751402888 -0.0157520330671416 -0.896365724743261 -0.0970439886316628
-0.0247295296880901 -0.0317806958143892 -0.322325630302678 0.635795657374242
-0.032040558956847 -0.00375168212546344 0.24031872897689 0.438277495282772
-0.0269218158463007 -0.00736522155284757 0.241676007422783 0.0546163451575353
-0.0284607654819355 0.00244068470937898 0.0364176188790966 -0.200548383179643
-0.0161869302042441 0.0152414560684921 -0.0421828780447752 0.152502928644723
-0.0342249431216224 -0.0130089519433613 -0.17079832452675 -0.0606842899442644
-0.0136118713292806 -0.0350325474988015 -0.152292382194249 -0.434974328924994
0.0151668162018854 -0.058736959074687 0.417008053675179 -0.47641640372414
0.0469042072719291 -0.0259230891129306 0.820044037184469 0.202408710585607
-0.00936338451955442 0.0351551159890905 0.244511977379404 0.879948180710558
-0.0374386115162627 -0.00686398688100797 -0.375198716802976 0.536444258462721
-0.0300525073925021 -0.0232192349958288 0.0327237636425094 0.0577559307706726
-0.0199767698726996 0.0041582873893581 0.335845670625752 -0.563999833513171
0.000282354988869242 0.0201029067861097 -0.381585031270996 -0.877628413287441
0.00861017893352094 -0.0121463208966873 -0.899091736759721 -0.0441096327620838
-0.0280403567630197 -0.0316594813947945 -0.283479027568162 0.653537357343447
-0.0320054673770745 -0.00470819161295415 0.260654126916867 0.431507713084124
-0.025850710197805 -0.00557463168806074 0.244396705244502 0.0450171984411344
-0.0284635614822228 0.00649144212365858 0.0391641763008167 -0.205507945078517
-0.01242882054806 0.0174101271367792 -0.0381531873446156 0.151070191544281
-0.0301391423214508 -0.01127488143548 -0.165975314716958 -0.0651401454713417
-0.0105942740298616 -0.0363089402295265 -0.138551393765368 -0.436716627376181
0.0136821627589885 -0.0567296190902569 0.435225811646248 -0.457224864505404
0.0503894532659034 -0.0187108096023702 0.813003868453505 0.238960402603297
-0.00344604935200284 0.0461915480014656 0.206387850078665 0.898624437896151
-0.0381058021770633 0.00413397645699052 -0.395842956524567 0.532380870442531
-0.0341971126661765 -0.0131415772600161 0.0263332125518943 0.0564281520239471
-0.016739780242671 0.016948538284453 0.31417930633349 -0.568082766711934
0.00938073209969907 0.0276244329564068 -0.410331569240541 -0.85575237450329
0.0107258104228481 -0.0078777485779345 -0.896535930201767 -0.00870584855969403
-0.0321444232448411 -0.0282990941919551 -0.260530849138827 0.665665957798546
-0.029335557396168 -0.00426758911320929 0.275550014150813 0.425622917591363
-0.0218790218216775 -0.00280115840277187 0.246923191080669 0.0406030715694223
-0.024691869661394 0.010490419717667 0.0423637690342968 -0.210081164599488
0.0174080328490278 0.00509634071581103 -0.0404065270166536 0.173340818858589
0.00366616426114552 0.00297992927715111 -0.164085908350634 -0.00602053304878373
-0.00103112580333405 0.00362862936493203 -0.259779975964072 -0.383227270951913
-0.0060528364979882 -0.0139861132782465 0.204701164826893 -0.576182541263534
0.00620855327049904 -0.0419635321878714 0.805043996619843 -0.0771064598269504
-0.00369698133895482 -0.00628132919700426 0.52127340132595 0.734499153484765
-0.0042620904355239 -0.0282807719440761 -0.216695307143155 0.613237645568307
0.00558995020727682 -0.0375128145578619 0.013400859554028 0.113180887835489
0.0144824138788472 -0.024934606807663 0.453164566851791 -0.452551615192133
0.00272413177596923 -0.0219773548464921 -0.0727986391909399 -0.968601067194842
-0.0148411014588505 -0.0180618062232712 -0.857527205537393 -0.346975210777426
-0.0415084318398457 0.001346605897065 -0.508078879683053 0.523889005928326
-0.0238659340441794 0.0255338322757824 0.136092727423208 0.474887573451103
0.0053116453173636 0.0116832141479158 0.243329258863318 0.109744106937203
0.00354005886641816 0.00387332074097659 0.0404455152262197 -0.180686356941687
0.00974521255375162 0.00512465828781106 -0.0438618481400542 0.174307261436896
-0.00640759612083584 0.00114306959372613 -0.168440074647253 -0.00907360976023549
-0.00604505277283701 -0.00060267942311504 -0.254358840718006 -0.387984843946038
-0.00316072709219848 -0.0223621756160329 0.220818397644589 -0.572323477683517
0.00856202550384071 -0.0457397672607278 0.80978820648429 -0.0606670634371323
-0.0105245991491936 -0.00773586924541981 0.501790913192533 0.742166038503253
-0.0102245281040559 -0.0348247898111618 -0.225321938576554 0.602600586610594
0.00392528902331886 -0.0439228803176747 0.0225738717374449 0.104858837359071
0.0094471057289996 -0.0319262628362387 0.450070253094225 -0.466453035293585
-0.00469584494974892 -0.0238270661575121 -0.0915016191892817 -0.968865778209238
-0.0121138724033823 -0.020390005467665 -0.861136480633573 -0.329137591383139
-0.0335224296128435 -0.00593989565269884 -0.489924946465132 0.531839415374512
-0.0255642911006603 0.0195221996050852 0.145312473656978 0.471017069019431
-0.00215655616147862 0.00525002846041203 0.240709135846249 0.103089101842317
-0.00452151911163827 0.000521036265811168 0.0373679577635601 -0.182886639626919
0.0018245022510936 0.00538114334065532 -0.0455973331836895 0.171804756162852
-0.0164519255835475 -0.00266310468966946 -0.171432149645921 -0.0166492976105584
-0.011613271523204 -0.00796817467832484 -0.242760180818999 -0.395848883405324
0.000231680033324731 -0.032805616274112 0.252031246067714 -0.563922143252296
0.0133923882873524 -0.0476591288248086 0.81671651150923 -0.0257768041191684
-0.0151985860878069 -0.00471677321094944 0.465719156965138 0.761031003077858
-0.0176359402761312 -0.0362717148776351 -0.245046996518078 0.58963206266629
-0.00101649432704594 -0.0472747502774568 0.0301186225846055 0.0947933313577622
0.00189118135160438 -0.03341588432093 0.437898473228406 -0.488775274280872
-0.0107022721121285 -0.0202996935954918 -0.136917945644837 -0.963872715489937
-0.0082151863985254 -0.0208128841588237 -0.868989163118544 -0.285418989142905
-0.0274988679463715 -0.0141148090463368 -0.457517463010043 0.554220731466217
-0.027194479523097 0.0120309985818664 0.163363304500149 0.463278815328003
-0.0112020850641832 -0.00128493114628701 0.23958527856401 0.092085168776556
-0.0120713941379983 -0.00203494586465755 0.0332142901940116 -0.18658473568219
-0.00625969243387883 0.00706754143035176 -0.048254498156233 0.167646325023186
-0.0260809789995916 -0.00550026708310714 -0.174038510667679 -0.0274509244408257
-0.0148835748498438 -0.015581887730842 -0.222766798809473 -0.407764590924742
0.00443164826656803 -0.0431219810954116 0.2948368466167 -0.547416270407219
0.0217063056966888 -0.0463232974856373 0.824348728660624 0.0248808077467154
-0.0168632319896065 0.00190677322206051 0.415386749729245 0.788969014067865
-0.0243410917067981 -0.0339393505398164 -0.274662710769832 0.571954001753129
-0.00819726475225999 -0.0459409882428875 0.0350147998536035 0.0830507055282195
-0.00694586503038051 -0.0290238827044522 0.416727102333462 -0.51152977649712
-0.0136462992180609 -0.0120743227000172 -0.197029713188982 -0.949941297336013
-0.00319130776188199 -0.0196403842909073 -0.879201868568069 -0.225127017485405
-0.0233909128668867 -0.0218087230873941 -0.412068212104703 0.58311646872869
-0.0288481689291852 0.00564749501369888 0.187391278602098 0.457306000609346
-0.0184869739814835 -0.00528062784655022 0.238698226417939 0.0798180694121135
-0.0198437251871662 -0.00217193157853218 0.0337888742740189 -0.190359912641824
-0.0116682693784395 0.00901485055696227 -0.0473867200668667 0.162394530379463
-0.0324317332939919 -0.00909789578843091 -0.174568122348108 -0.0398601532871759
-0.0169086703766824 -0.0237391530873168 -0.199586408181389 -0.417268897931766
0.009000563031263 -0.0514534607223001 0.339517194007395 -0.525923845612136
0.030918616757795 -0.0422457587015102 0.828332444349546 0.086277809749327
-0.0165982130798497 0.0107586763860328 0.35728450761276 0.818866443951615
-0.0297068954960336 -0.0280310367102712 -0.309379484078395 0.558494146244998
-0.0160243566701612 -0.041483956470877 0.0373404855044086 0.0715629653979877
-0.0136166974275911 -0.0216409772912301 0.389093710012535 -0.535349661830633
-0.0128668377600403 -0.00203889202518813 -0.266406791275592 -0.928955442904142
0.00153627141450593 -0.0177051638115415 -0.888430203505144 -0.157155664117289
-0.0232876012887298 -0.0280545449312486 -0.362877322350162 0.611333601943871
-0.0305937770218194 -0.000145744908449576 0.215875320961117 0.446856141777679
-0.0239782438941544 -0.00774978470488138 0.239748631162572 0.0656194851934766
-0.0253167990053986 -0.000691916283872597 0.032823868712607 -0.196512057605505
-0.0159855963807028 0.0117800832373199 -0.0463757096492213 0.156152392223491
-0.0362281218705925 -0.011958434363561 -0.173805174332581 -0.0518394233162804
-0.0162446569358611 -0.030993381054273 -0.175500198151265 -0.427496411603612
0.0131460594545299 -0.0575932274703229 0.381488383648654 -0.500178571822403
0.0399831003506775 -0.0343091440432349 0.823632885624439 0.146823645278148
-0.0136388958166387 0.0230655628507496 0.298130812433256 0.849201366732192
-0.034381446073179 -0.0187455455170994 -0.341973555277681 0.542798049573459
-0.0232703256971662 -0.0337933307897395 0.0367583264426236 0.0627244924009313
-0.0195152222086526 -0.00855806813830998 0.357430775189187 -0.554136406245218
-0.00742352275948944 0.0093398946915012 -0.333236033977414 -0.901506714810827
0.00554596040759605 -0.0152963545360439 -0.892653806057403 -0.0913328902259139
-0.0251211432716477 -0.0321113425251787 -0.316075315135074 0.636224638777031
-0.0318001012416757 -0.00384968825666696 0.242418712451104 0.436926673177911
-0.0272723849641068 -0.00817281893569656 0.241490585325876 0.0539141420366943
-0.0290301409154309 0.00332288642619485 0.0358331239961707 -0.199635096307897
-0.0155943936975653 0.0136895927855884 -0.0415162477930935 0.152074053373875
-0.034987406369947 -0.012738129610779 -0.17045944355776 -0.0610748800271915
-0.0151479875656315 -0.0353927496585423 -0.154223518936822 -0.431707077380436
0.0147067439164914 -0.0594950857059204 0.413271246262725 -0.477122679673848
0.046912009065687 -0.0265187298481034 0.817712474138805 0.194857389539844
-0.00909346743830084 0.0350331571853098 0.249154015171499 0.873650055287693
-0.0375335217853287 -0.00718347372118809 -0.369442736424613 0.533617043703442
-0.0302289895848805 -0.0231966994611525 0.0325196146566626 0.0574713477661436
-0.0199080110070695 0.00489377499156664 0.328131273262839 -0.562317290752375
-3.57344619254449E-06 0.0190075976815879 -0.385324856385188 -0.871352871484639
0.00897251032832479 -0.0121551264341222 -0.893553158793761 -0.0382435026418936
-0.0285697039465169 -0.0313490061900323 -0.278522483014232 0.653412333613257
-0.0318450271827308 -0.00551658137902116 0.263363103937598 0.427225237547292
-0.0267222863738872 -0.00554079392382469 0.244236385257278 0.0444951815002303
-0.0284828159985766 0.0074997651936392 0.037139836433549 -0.205316554153721
-0.0122720298840456 0.016896506969149 -0.0365357271808062 0.151077477070755
-0.0306044308032724 -0.0114205488962957 -0.16643732745082 -0.065622374570088
-0.0119618123526553 -0.0361763157947546 -0.140163600142461 -0.433774604720111
0.0132810960334445 -0.0570447264530257 0.430465551468071 -0.457431682125256
0.0504293394136545 -0.0187147183217305 0.810365541484686 0.231225650892655
-0.00435649980040707 0.0457751251458648 0.209194022451656 0.89194148872457
-0.0383344475291258 0.00416304163945098 -0.392484644227377 0.530058440320384
-0.0333788439499528 -0.0128004181984538 0.0258626883528757 0.0563935096921404
-0.0164858515083919 0.0164718420870619 0.309591620974616 -0.567303206724406
0.00914730706015414 0.0268656308027778 -0.414817744093417 -0.849743794557102
0.0102821319674218 -0.00803660875448241 -0.892402725260062 -0.00207235592637191
-0.0324489640609059 -0.0278821080235685 -0.255493460942773 0.664179743184942
-0.0295887534405256 -0.00403372149945401 0.277571407414079 0.422883666981044
-0.0221377953829291 -0.00306767007794087 0.24726992391197 0.0387369639066542
-0.024771875569797 0.0116036273117528 0.0406655733127642 -0.208532206855085
0.017216465576058 0.00498190233884107 -0.0396165687428032 0.173155448621255
0.002813136381301 0.00228148390915823 -0.163875477851336 -0.00652060928944133
-0.00127452237946964 0.00291015352301624 -0.260266833646903 -0.380638254443852
-0.00591723868935907 -0.0145758337024162 0.20069463932914 -0.573792724451648
0.00579236216500633 -0.0418384541609307 0.80342675369289 -0.0829240695974483
-0.00349594050886937 -0.00623463920474203 0.522642514693249 0.727833096373118
-0.00458379243637202 -0.028693184967914 -0.2132157975313 0.612037278564077
0.00514603902232186 -0.036636500978443 0.0135767194107386 0.113007540402384
0.0143233989192921 -0.0245585836191152 0.446375680464266 -0.452866076039917
0.00262988766072583 -0.0224962930266706 -0.0757268105924471 -0.962547784509475
-0.0149619995914485 -0.0178811045140335 -0.856623744493969 -0.342804744999151
-0.0414170065663612 0.00140568213002614 -0.501672466821549 0.522597100101965
-0.0231644228299525 0.0257566301481006 0.139122432646357 0.470990096643145
0.00476231287898962 0.0113997045846136 0.243583636042147 0.108194791537031
0.00315566708815077 0.00442193925335599 0.0387812401051848 -0.179533354253118
0.0098441406343743 0.00455736176857037 -0.0425771888549216 0.173328341167345
-0.00678695211562224 0.0002894656311033 -0.167109689065752 -0.00932126025951083
-0.0072274667670329 -0.00185493717691055 -0.256097624653489 -0.383584289909842
-0.00291592046518645 -0.022539006454579 0.217924549131525 -0.570760379292152
0.00764340941264242 -0.0455001946257794 0.805129699501435 -0.064330032827964
-0.0110099926973253 -0.00762630953111433 0.505242758074529 0.734041704851954
-0.0111426406480743 -0.035381167518988 -0.222049325140538 0.601006761274227
0.00384561844861443 -0.0439623288370059 0.0222587116018601 0.104572638393485
0.00917798256387039 -0.0315633722559349 0.447534181841095 -0.466485398761101
-0.00466570721197409 -0.0241430088937645 -0.0946288713925706 -0.962356959007548
-0.0122016632243925 -0.0201571187415583 -0.858398695747255 -0.324063551430423
-0.0341589231590511 -0.005817278085535 -0.484876368963497 0.533069547317898
-0.0250071231871339 0.0199107703015947 0.147054182199978 0.467663748838324
-0.00318840543529118 0.00484227278069932 0.241037143501694 0.101631507819254
-0.005066645790388 0.00115710546259292 0.0362048623996628 -0.182668868196495
0.00173551221481527 0.00511325251146247 -0.0445817374364333 0.170971137981185
-0.0173202426317966 -0.00225920267075166 -0.170288425966687 -0.0176202375050991
-0.0118322223839271 -0.00802618393578 -0.244160992437778 -0.393154123566472
-0.000195256891733037 -0.0333238402286504 0.249754925087549 -0.562720107846095
0.0131152012982588 -0.0472216326716857 0.814017307025844 -0.0306431999296198
-0.0157260173069077 -0.00462566001112898 0.468083003483974 0.752243960136699
-0.0180281570695049 -0.0370442654115968 -0.239245426620048 0.586950885753014
-0.00103186572502856 -0.0469636536071362 0.0308382489169367 0.0931679780054992
0.00142106087664793 -0.0336916586573719 0.433749704103949 -0.488598882184372
-0.0105702456147129 -0.0208236498084435 -0.141617758711678 -0.959948109709368
-0.00822499911990252 -0.0201391837514425 -0.867068732517665 -0.279529768631107
-0.0277827483938098 -0.0133508950291907 -0.450821666178998 0.555696264929567
-0.0270905325895397 0.0127017962344564 0.166488529380472 0.461364425297671
-0.0117409031354619 -0.00138146908820489 0.240262227598575 0.0909806546253719
-0.0125520163710752 -0.00129836049427413 0.0330153914975903 -0.185948557227167
-0.00612640670903678 0.00623204882217785 -0.0475544763369014 0.167104948406523
-0.0267826129607145 -0.00542812444478389 -0.1739018155824 -0.0272831009643558
-0.0157423728901514 -0.0155413746337401 -0.224335000520323 -0.406277291098187
0.00384772196213288 -0.0434154838602131 0.289299325288355 -0.548293133375014
0.0214354019371548 -0.0463304175755701 0.81999921010616 0.0199295112729393
-0.0172483993007505 0.00241383638261767 0.419631201013626 0.780082270469792
-0.0246823534536804 -0.03417235152528 -0.270979013964303 0.572928621436226
-0.00850388742841039 -0.0453990999763194 0.0351822657519096 0.0821084272101942
-0.0073353885006193 -0.0292724777275251 0.412616123719787 -0.511407999907076
-0.0134246645599373 -0.0128822685838392 -0.200677994908697 -0.946294419215456
-0.0032770982406613 -0.0188703479734734 -0.876039265990276 -0.21969188233987
-0.0239148531834325 -0.0211498751437936 -0.408307549755664 0.581627074672638
-0.02844968393498 0.0054388415229735 0.190263007458156 0.453803018462132
-0.0188845030749505 -0.00553173449230197 0.239774071521009 0.0784228597260378
-0.0198382613177506 -0.00128962535449643 0.0323907779166996 -0.18926864576994
-0.0118029048521782 0.00908701821803932 -0.0466375889571652 0.1624221399852
-0.0325859397797279 -0.00933218451412555 -0.174255463543144 -0.0396024160619613
-0.017338496472525 -0.0241453420156874 -0.202544747271657 -0.414625636556568
0.00849149327032541 -0.0516210829229282 0.334834248310899 -0.525268147903477
0.0306790239418732 -0.0419131638066028 0.823005620074375 0.0814019554277977
-0.0169950805026672 0.0110801973198001 0.360034876548716 0.814049134651199
-0.0298868459589133 -0.0287277158334728 -0.304168635007266 0.556825863475169
-0.0159637158416093 -0.0412117499100718 0.0375918804902531 0.0716953670411354
-0.0144594260606152 -0.02120790407328 0.383671434946654 -0.535262087600627
-0.0125736978092388 -0.00234285446685982 -0.269810923042695 -0.924944294094263
0.00109157417312652 -0.0177728686186999 -0.884885707301778 -0.151792616966504
-0.0230162837952647 -0.0272155957925986 -0.35841992414851 0.609304304898761
-0.0305503549588328 7.22440478396983E-05 0.217374607359714 0.444136005339474
-0.0247641586922224 -0.00792238425228859 0.239977210805318 0.0652945617287074
-0.0256037163714286 0.000121264273783971 0.0323916146992813 -0.195106009575295
-0.0158669042228883 0.0115697649507869 -0.044989432818128 0.15569349824777
-0.036040150506482 -0.0118237046884677 -0.173410965737899 -0.0514210981639823
-0.0174833357798985 -0.0311910194549885 -0.176915329409958 -0.424141488729947
0.0119764483900576 -0.0578226772214282 0.376932342281249 -0.499660428617886
0.0401238436910922 -0.0347404964577192 0.821700879959485 0.140729134660951
-0.0140207519895852 0.0235031203049935 0.303618848436939 0.843524138229927
-0.0343502440409391 -0.0192332294153559 -0.336562404445528 0.543213236372521
-0.0240069446472574 -0.0329093772241797 0.0364200700843215 0.0621984401524206
-0.0193504224118974 -0.00959399187615494 0.353036489011077 -0.552863521324502
-0.00783948153428625 0.00925676965836299 -0.335653603400563 -0.894136228471312
0.00557982691911702 -0.0150595200913049 -0.89023812334186 -0.0861702400081833
-0.0254063443161556 -0.0311729251554783 -0.310724686249179 0.634189663127686
-0.0324275283829846 -0.00415631512328126 0.243744027854081 0.434233382233104
-0.0276720549617682 -0.00765448545841367 0.241710282322522 0.0521234490002737
-0.0296406323187625 0.00398221197589266 0.0341398487974672 -0.199151221986768
-0.0153919741045233 0.0137207035124732 -0.0405003751862632 0.151674986243638
-0.0353589685184119 -0.0125579228200142 -0.17033820027342 -0.0607944976181313
-0.0151619683814704 -0.0361757976414024 -0.157231068162558 -0.429479433442921
0.0141848784899343 -0.0593652324405688 0.408722462659025 -0.4762137697918
0.0460818276623964 -0.0259285880806365 0.814909905976733 0.189414992276694
-0.00979589989337682 0.0352815135666647 0.250972645133701 0.867139204318419
-0.0377600999908423 -0.0076380584834988 -0.366120459244636 0.534769845530578
-0.029622733765212 -0.0229144263253025 0.032216619408982 0.0569550802772956
-0.0199429313976716 0.0043983395709326 0.326115446885007 -0.561871982780709
0.000105713030183745 0.0187536072477852 -0.387369090732985 -0.866130864667456
0.00868132343913576 -0.0118688408258014 -0.889325394544364 -0.0322167770398448
-0.0288260571119868 -0.0310150870750614 -0.273189455148935 0.65065670910768
-0.0313822622304326 -0.00494521769582279 0.264854449259496 0.424130333482807
-0.0269776338620618 -0.00595917096436582 0.243997382648161 0.0430661192669563
-0.0285513500894449 0.00823467247958867 0.036742865885254 -0.204109011715565
-0.0123416806817311 0.0169253075443932 -0.0359990814813683 0.150841326779812
-0.0311639893237754 -0.0113164044460939 -0.166313835766398 -0.0656430654364143
-0.0120734349727242 -0.0369721104874331 -0.141836450870783 -0.430905469459797
0.012981106887908 -0.0573679689899949 0.426579436971458 -0.459964659803569
0.0504621442987303 -0.0185134219882718 0.806576097821364 0.225836240038724
-0.00362713814779899 0.0459961526705512 0.214007530015667 0.885996172093922
-0.0384806585415787 0.0031433268181828 -0.385846039270807 0.532186023474609
-0.034598429528874 -0.0126805362303588 0.0256262633381835 0.056281036066892
-0.0174590091167025 0.0164285867037317 0.304222459238066 -0.566165911173068
0.00956047677239991 0.0264391006854976 -0.417219126951198 -0.844061872906315
0.0107057270587653 -0.00813277396605652 -0.887536317005403 0.00264138197157285
-0.0328059464767065 -0.0274834145541432 -0.249506776791171 0.661865760603259
-0.0291561034559616 -0.00367009828567985 0.279344965463064 0.418649528920342
-0.022264201320337 -0.00233630230912997 0.24712913363903 0.0380183384262628
-0.0249393427287186 0.0123472422121724 0.040144399231646 -0.207875014437994
0.0170145168128223 0.0043146941099491 -0.0382413249550459 0.172430243321595
0.00249789321918875 0.00229557347753763 -0.163105362008715 -0.00616518922176828
-0.0019495615328906 0.00251184475857815 -0.262931253212143 -0.377610518072666
-0.00592716471781925 -0.0144648943984219 0.197026628704542 -0.573269478629663
0.00586954225060721 -0.0414958044830008 0.79975491194825 -0.0870387051589149
-0.00445221985644753 -0.00590125045455637 0.525073124248895 0.721442079843077
-0.00574599491621024 -0.0293599187978869 -0.209786080501806 0.610738143613179
0.00427840557776841 -0.0366581199496917 0.0142108585740436 0.111965035998653
0.0136338870355411 -0.0248184759705698 0.443238180198794 -0.452239692302484
0.00237172223209618 -0.0233448413049549 -0.080694305916904 -0.960187618030349
-0.0146667238810283 -0.0176798292354926 -0.852804051987846 -0.335331945324502
-0.0412348626903645 0.00246548637653276 -0.498243041946389 0.522909274488601
-0.0227151781941784 0.0250260424413583 0.139573955059262 0.469080789958485
0.00424019115977408 0.0110018694475567 0.244493843298462 0.107176860185636
0.00292262098950795 0.00525151410824754 0.0380473773363707 -0.179960593899501
0.00953363425804465 0.00430621892637731 -0.0415279174837711 0.173254713067578
-0.00788154520392421 3.64367777326519E-05 -0.167340193846677 -0.0101473628220072
-0.0075411149889934 -0.00153061810127436 -0.258324614477351 -0.38153762995997
-0.00325879239817327 -0.0231608635482098 0.214275890094303 -0.568820248480524
0.00752683528758204 -0.0455263423644696 0.804995556938456 -0.0702227464175788
-0.0116235228210745 -0.00701853737573539 0.506376950416993 0.726952800189649
-0.0111631648626809 -0.0356064268874639 -0.217742882559754 0.59871891282501
0.00329434403307712 -0.0439419968871379 0.0227247856957873 0.104012462435164
0.00865045499310802 -0.0319859222415871 0.442702116381418 -0.467583132463551
-0.004890798352351 -0.0250297528126263 -0.099194152853243 -0.96223417588013
-0.0123565217625474 -0.0196511737616939 -0.854539692926544 -0.318978641349146
-0.0335510275583268 -0.00468968288124123 -0.479354521547507 0.532953544006744
-0.0247628196029886 0.0193729960722793 0.149651466285718 0.465040550297263
-0.00377641433281442 0.00463254178293281 0.242046544607065 0.0999575533057257
-0.00444677828161811 0.00144672299354724 0.0355250054272077 -0.181823176947732
0.00170749634805865 0.0041445248476073 -0.0431303384621584 0.170768428209274
-0.0176056975397348 -0.00264854291198603 -0.170477887921041 -0.0174530098904195
-0.0124866916883864 -0.00841285635809736 -0.245597362138279 -0.389086609328491
4.5034178560552E-05 -0.0333417156533245 0.24533080374252 -0.56179943412445
0.0127770140105558 -0.0474542599366438 0.810021590256855 -0.0337699306493681
-0.0159999701108888 -0.00447031180378167 0.471306485436565 0.746183108763412
-0.0186459439791339 -0.0366974574754029 -0.236960753462829 0.586658678546383
-0.00158221246395505 -0.046597096632305 0.030136782825736 0.0934293049798475
0.00118201600283735 -0.0337871203095157 0.43015826493229 -0.488208460492917
-0.0106077422678128 -0.0207788258895251 -0.146340908639398 -0.957791914430582
-0.0078667833035559 -0.0200599991449194 -0.865735816922102 -0.273607961302472
-0.0276915436616568 -0.0129709459815736 -0.446352547238594 0.554038416225237
-0.0267238458750661 0.0121795337281223 0.168244871928561 0.458869290354267
-0.0118537529451895 -0.00114386594667261 0.240271015605022 0.0897088328823337
-0.0128524563389394 -0.000338512368866745 0.0323363758197717 -0.185400441060925
-0.00639880885461647 0.00611349872150557 -0.0462233610812965 0.166992369928379
-0.0270173322488786 -0.00602255495805407 -0.173527080805394 -0.0283112745635472
-0.0161342063756377 -0.0163732306574173 -0.226170815832225 -0.402036212367793
0.00368254540905048 -0.0437030843226931 0.285895218608717 -0.545615100538809
0.0205940967854638 -0.0458268025905637 0.817064285645153 0.0143165719403717
-0.0178389452750098 0.00254200447187813 0.420534447151163 0.776088046349937
-0.0250842200388805 -0.0344859061647783 -0.267484708536858 0.570394202004919
-0.00858188371541976 -0.0452570456589943 0.0348270749597842 0.0814537869728277
-0.00790806506977754 -0.0294636603707494 0.409198243749471 -0.510774627815025
-0.0134686586627037 -0.0128033868165533 -0.205468205417584 -0.941731521152521
-0.00316268033790146 -0.018562372499236 -0.874900744023533 -0.216724034482492
-0.0243434666831268 -0.0216666327843881 -0.401758338855969 0.58121390819358
-0.0290858639896875 0.00528248064904779 0.190704595670787 0.452043066996171
-0.0193683626958499 -0.00560124513931274 0.239982635641954 0.0784690751154686
-0.0206058258404375 -0.000530294971160259 0.0316489592635898 -0.189547108338276
-0.0113321838420397 0.00847871926391368 -0.0447215580237074 0.161703245638321
-0.0333861639578256 -0.00875520452274955 -0.174169827089947 -0.0395478045137546
-0.0181748813008229 -0.0243705850200585 -0.202583821814701 -0.413417784949051
0.00816725694604034 -0.0522850243739447 0.332526215506905 -0.523924507357357
0.0302736937949542 -0.0421396575628988 0.820843660381879 0.0755242074476268
-0.0173479112610793 0.0108900456499602 0.362088507836677 0.808359293356048
-0.0304276706282345 -0.0289304963819271 -0.298728843240983 0.555729659778799
-0.0162161952441095 -0.0408598494064934 0.0369632378373147 0.0710924783745485
-0.014867584022372 -0.0210796892282089 0.379256342399744 -0.535193714323425
-0.0130072995258411 -0.00253689200202798 -0.272282632903278 -0.920754389123817
0.00114077320336012 -0.0173286675395143 -0.88245053764535 -0.147853964412986
-0.0232202517835947 -0.0270566250586661 -0.353888984078055 0.608449968548618
-0.0306618058304629 -0.000663570733713564 0.220048918342461 0.440844253134168
-0.0251053750353337 -0.00788201661007412 0.239858380623941 0.0645355249848657
-0.0259297699659926 0.000800468670215657 0.031068192484167 -0.194563734331735
-0.015587428546523 0.0109174677249875 -0.0440349636403232 0.155791354286501
-0.0366429680794548 -0.0111075833669469 -0.173191536701891 -0.051769925977578
-0.0180523640084804 -0.031140795685616 -0.179144997830558 -0.423035063096187
0.0124886063761094 -0.0577349937895169 0.373482529601088 -0.500672277937411
0.0395673724714029 -0.0346420641602562 0.819907882909079 0.135759643213218
-0.0145502777458282 0.023110569173546 0.306821010030634 0.837858311766183
-0.0350361857000245 -0.0196086069619302 -0.333554830605943 0.541077974129992
-0.0239103462406822 -0.0331299085750014 0.036396043200068 0.0619293193957882
-0.0192740846027774 -0.00897073509874645 0.34825750430684 -0.551868850027932
-0.00755741808914513 0.00829936412815187 -0.339987222142415 -0.889128674329879
0.00565781835407111 -0.0149388782221606 -0.88546519875163 -0.0827086262542109
-0.0247728424107416 -0.0307273487690031 -0.305862781826101 0.632910734613886
-0.0315111151229935 -0.00429043556346417 0.245563911434857 0.430152015256141
-0.0282132813936085 -0.00756094815473747 0.24169011887329 0.0515413026524885
-0.0297879977279226 0.00476665553280349 0.0326612164337606 -0.198651083915362
-0.0152773869497519 0.0133055341380781 -0.039831087735791 0.151354479018244
-0.0358767570861928 -0.0124308700713467 -0.170182732377188 -0.0605395539963639
-0.0160009597363981 -0.0363569578091023 -0.159132336025895 -0.427662011144716
0.0135953675716456 -0.059706357795008 0.404608323311058 -0.476411978498731
0.0462506777991842 -0.0265993112259402 0.813062688334132 0.183524393763474
-0.00977842138209082 0.0352561610080185 0.256350530016275 0.862698554705132
-0.0382426834751672 -0.00869293497342444 -0.361534671689397 0.533816984117846
-0.029774419561537 -0.0228589560611349 0.0321740776255504 0.0571954356747893
-0.0206536166330845 0.00441455125923008 0.320186789003501 -0.56131375194385
0.000219976606563897 0.0187459052443428 -0.391211160905027 -0.863934949338647
0.00882950975859514 -0.0112211033841439 -0.886505775378609 -0.0288113012118358
-0.0292250495087047 -0.0304187894600226 -0.267801810770488 0.649859550793116
-0.0314549258832345 -0.00522539456654314 0.267502950147942 0.421155969176748
-0.0272995118166008 -0.00560007358248971 0.244596565890922 0.0419643553381208
-0.02877216198664 0.00830429392579593 0.0354016493790561 -0.203703819239651
-0.0122060761287339 0.0161881201696314 -0.0346979798202489 0.150140710094374
-0.0316518780796939 -0.0110559078253133 -0.164702781545757 -0.0653514272029792
-0.0131864295169142 -0.0369378202399011 -0.146196974743519 -0.427810155976987
0.0120808448329678 -0.0569498154416436 0.422209927190036 -0.458845268041789
0.0505134588604396 -0.0191905835001131 0.805363412543423 0.220776270129837
-0.00360839166716981 0.0460583475223174 0.219122582848716 0.882348549466843
-0.0380912865370342 0.00307611751565725 -0.383046304230483 0.531099115495308
-0.0336197588725844 -0.0129573070709874 0.0251401718034281 0.0562190435609347
-0.0169749778857018 0.0165758430211836 0.3007417633571 -0.564138402622405
0.00994710787895554 0.0249882006775704 -0.419381132034009 -0.840645755053298
0.0107412833799994 -0.0077252764134635 -0.886017457077669 0.0059668813470928
-0.032726843015761 -0.0261237648588374 -0.244587726661021 0.659642951124112
-0.0291175380256442 -0.00468210493740575 0.281885539655715 0.415121448065646
-0.0236280925057569 -0.00265451563167797 0.246604660632562 0.0373431704342932
-0.0254128348492266 0.0126624909911907 0.0384273538804535 -0.207264211120229
0.0169556111607616 0.00386138194869772 -0.0373097071023909 0.172282460318544
0.0025155637796856 0.00208355274176336 -0.162969323814152 -0.00739090607410881
-0.00281110212498832 0.00181178992428189 -0.263332790915104 -0.374908557152258
-0.00623990348276377 -0.0151370461562672 0.192857315513136 -0.572773552731932
0.00580078206201448 -0.0415891861641915 0.79662725811835 -0.0916717984892018
-0.00479255598923198 -0.00517208469996757 0.526222179519918 0.715367215881018
-0.00564754366039238 -0.0299008638915479 -0.205492711300846 0.609300033218935
0.00424150410074068 -0.0367778331285075 0.0145335245266666 0.111987820419762
0.0134219425575734 -0.0251766587395505 0.439451744344273 -0.45319675109133
0.00228973126007567 -0.0234135860718768 -0.0861397399925143 -0.956398107254607
-0.0148650986416389 -0.0169307992846311 -0.851752327679262 -0.331181339414001
-0.0404544277011863 0.00218958311993924 -0.49442671930337 0.522455319518255
-0.0226154979150019 0.0254272864095714 0.143650909412684 0.466771372284996
0.00398204303751369 0.0108401893388486 0.244994375456447 0.10582064702686
0.00276349263598403 0.00559367417779933 0.0376212410941694 -0.1799613435827
0.00912315853954038 0.00367467539007887 -0.0397393957129151 0.172407260476099
-0.00764487373724146 6.99778988824517E-05 -0.167084120306403 -0.0102742203914352
-0.00724498661894634 -0.0017153912808158 -0.258307160301011 -0.379345190738493
-0.00409378239969456 -0.0236036126582533 0.210352700875605 -0.570483404190209
0.00744315163518697 -0.0454435123199785 0.801505447744057 -0.0735768778427576
-0.0122013180766147 -0.00653472811663138 0.510109732282666 0.72208948269616
-0.0122615004914631 -0.0360579138267367 -0.215644865359111 0.597357965941427
0.00284905749451854 -0.0435325412505585 0.0227360925500483 0.103815296345064
0.00802701890866032 -0.0317326811576877 0.438787413880514 -0.46864807321193
-0.00547947573725853 -0.0255029639629043 -0.102772070282633 -0.957756121932994
-0.0115662477077775 -0.0196570255581837 -0.855288050764675 -0.313789787773032
-0.0337085667619117 -0.00419946028367599 -0.474105900560001 0.533434547941587
-0.0243067127414054 0.0193337148413442 0.152119294004178 0.461783693203688
-0.00440878873999354 0.00455177668542187 0.243031008543546 0.0993552711404931
-0.00454844989972598 0.00237467949015438 0.0347775601046616 -0.181825949379808
0.00168593935475759 0.00426249194523522 -0.0420002991442616 0.170327007765112
-0.017434404785595 -0.00241982916109251 -0.170117618816256 -0.0177069063951589
-0.0130585601700577 -0.00842536659708121 -0.247135811925948 -0.388903424769676
2.22495481459776E-05 -0.0337441000619308 0.242021354988395 -0.560743500704011
0.0125383642406296 -0.0469926719241763 0.807932200225078 -0.0394255787267016
-0.0166878051880319 -0.00371096953720366 0.474065683886638 0.74175715027417
-0.0189986923662433 -0.0378355249288232 -0.233145087486981 0.584522181079798
-0.00200839439587417 -0.0464288230956622 0.0303020400074875 0.0928520554740493
0.000493520905292878 -0.0330715228510259 0.425323124572699 -0.488325944229858
-0.0105970361980855 -0.0214316384431544 -0.149364689128492 -0.955403270529445
-0.00821570402707601 -0.0201475107220342 -0.863623001526894 -0.268836725768786
-0.027329662412352 -0.0124135957902424 -0.442772862368323 0.555134526708685
-0.0265216864240135 0.0124199734126766 0.169690004049599 0.456832254027035
-0.0121048564739737 -0.00116902505992384 0.240949627272747 0.0882442211659352
-0.0130894861307525 0.000152923271749178 0.0313534352105093 -0.185763954258906
-0.00625351452305223 0.0057503642098786 -0.0451293178342599 0.166694905909168
-0.0273553171042354 -0.00539399512750829 -0.172897572751157 -0.0282288767259551
-0.0176057341245334 -0.0165610559730264 -0.22841850404499 -0.40135131758372
0.00279128403470845 -0.0436992572617821 0.282048533948123 -0.545296194691649
0.0212582449900758 -0.0462999213795629 0.817092091367181 0.00996424003268066
-0.0177468936219875 0.00304642711533712 0.422918876785289 0.769626080864653
-0.0256811103576982 -0.0352486413582721 -0.264405015347245 0.569511087017472
-0.00963732680105171 -0.0452431367416166 0.0350692117717784 0.0814861087224307
-0.00790744166861149 -0.0292544393698278 0.405851999931884 -0.510113718641247
-0.013341221922784 -0.0132507246510325 -0.206226895185799 -0.938472305057213
-0.00326298728638147 -0.0187751471093826 -0.871539326405974 -0.211466499125308
-0.0240770910458805 -0.0204564192710681 -0.397928617024713 0.583466910458049
-0.0283915335265816 0.00552191366331506 0.193254217773915 0.44961622195399
-0.019605569727686 -0.00521079579225844 0.240336409709049 0.0763544941872005
-0.0200675388451882 -2.70612466292753E-05 0.0303096759357367 -0.188684784039539
-0.0114283783067107 0.00777203222996181 -0.0442512129709341 0.1612633605014
-0.0337286131303787 -0.0087586695487609 -0.173584357733299 -0.0399185927921203
-0.0184273194665514 -0.0248461688717121 -0.205437511693671 -0.411095290154218
0.00774055744691957 -0.0527523965997871 0.326522712539384 -0.525473833037584
0.0297517535799545 -0.0417729229750347 0.819412665654258 0.068495722766489
-0.0172540494132021 0.0116715974609901 0.366025691635694 0.801534879691509
-0.0302813278010749 -0.0290544974215247 -0.294899038337025 0.554255682104442
-0.0165769430878163 -0.0410752853877555 0.0374549351293074 0.0703902459479419
-0.0147406463501665 -0.021163278511906 0.3752032197127 -0.534425674008874
-0.0124938381479741 -0.00256551891724917 -0.276320520492649 -0.916761511004849
0.00122942762396842 -0.0168249888824319 -0.880781744223382 -0.142380615639084
-0.0238519345897766 -0.0267406410394862 -0.348611251007508 0.609174504330524
-0.0306987514363981 -0.000114020523111774 0.222215658102524 0.438040627543985
-0.0252671675396676 -0.00753214025028731 0.240457990453201 0.0627337246589349
-0.0261777744700428 0.00142150181101466 0.0300482043062368 -0.194190534327059
-0.0154458956059296 0.010985023831038 -0.0433471092010561 0.155264911838484
-0.0378843022814259 -0.0112592237392343 -0.173385209870142 -0.0511212492553661
-0.0180939977202322 -0.0315668650830131 -0.181349637431258 -0.421278117236499
0.0117392665927007 -0.0580345069089838 0.369243075212585 -0.500803993840157
0.0396145439931833 -0.0347757996202698 0.819523454528524 0.129523284420906
-0.0144903360357662 0.0235053471869434 0.308177836063935 0.832733314322098
-0.0359144847297842 -0.0200072143432998 -0.329682553431044 0.541973683994501
-0.0240263364118026 -0.0326193226336573 0.0362911445940388 0.0620163922636245
-0.0199074752767268 -0.00876566584754149 0.343972851047055 -0.551527311079265
-0.00734758198995174 0.00794569007700026 -0.343482692281604 -0.886873668327827
0.00594406012803267 -0.0146403801950787 -0.883543305372175 -0.07864418100998
-0.0259832971140705 -0.029884877444356 -0.30171224703923 0.633352322494867
-0.0317054898166853 -0.00395808015504466 0.248462624891333 0.427871745286518
-0.028817663816928 -0.00737357162451437 0.242467902118532 0.0504556062366888
-0.0292175973513338 0.00505652692044276 0.031913523443557 -0.19844183143433
-0.0153261344961298 0.0135829731442899 -0.0391213510592197 0.151593984484296
-0.0362279500184941 -0.012245549989568 -0.170357259033061 -0.0601559471300863
-0.0166814517174897 -0.036465808229732 -0.161827666986642 -0.425604450572853
0.0131901424501335 -0.059661134741757 0.401080758921064 -0.479088483781329
0.0461116042961266 -0.0266184014897853 0.811714938503688 0.178256775975274
-0.00954985398098723 0.0357523884955487 0.25833837460129 0.858787968759216
-0.0379236483353612 -0.00891359649868027 -0.357715126432546 0.53296545506506
-0.0302740921458011 -0.0228580026546609 0.0319599539800103 0.0565187136751082
-0.0204181619768809 0.00466783945273431 0.316226595543453 -0.560674444171839
0.000402092736886166 0.0179210042324739 -0.392731913291152 -0.859196112636997
0.00829212985591316 -0.0113834282082893 -0.884399986031626 -0.0245405182722731
-0.029025942535767 -0.029328080204066 -0.262193285318906 0.650199273750551
-0.0311000194317377 -0.00515287142261399 0.267742344883687 0.419027150813255
-0.0280771371227391 -0.00487766646255693 0.244159832729687 0.040333019944987
-0.0289135421587907 0.00913577931571412 0.0338727615538367 -0.202648859283805
-0.0118941424430789 0.0159584443319103 -0.0341120021727854 0.150271430447084
-0.0325764006396652 -0.01066051226715 -0.166073964461694 -0.0658555993997727
-0.0141384279598229 -0.0366567151198898 -0.148206205957162 -0.427273680554534
0.0110448772801227 -0.0573132956847743 0.418174371708326 -0.460190643554181
0.0499054958695839 -0.0191512752652529 0.803564805242271 0.216043582025152
-0.00400113000100564 0.0467141919330954 0.221836770505658 0.877491262169742
-0.0387461794879247 0.00262895811107756 -0.377792850100077 0.530984813211128
-0.0343356862438376 -0.0121805909485679 0.0253952208389131 0.0565118006471332
-0.017910585857645 0.0163945661747848 0.296338856497851 -0.562825713429603
0.00954649805939553 0.0248503625254875 -0.421593359435082 -0.834502833898683
0.0111789664975252 -0.00797134645947487 -0.882408510655159 0.010308180913595
-0.0330148751091317 -0.0262844751170013 -0.239538970196963 0.659748146835706
-0.0293069290849241 -0.00422154729096456 0.282481882367359 0.41366746355675
-0.0233764137029471 -0.00258066679849878 0.247007693514357 0.0364667950679471
-0.0251754068642631 0.0132202709477944 0.0367087612578441 -0.207084799311226
0.0162499386098682 0.00338014550480557 -0.0361044208437249 0.172496371059756
0.00141793222519636 0.00214529011899928 -0.162564412927768 -0.00769443709816189
-0.00287039554335604 0.00191826233678193 -0.265253355190626 -0.372659297558454
-0.006446415571979 -0.0162634654299604 0.190525858119687 -0.572846549903978
0.00547175133547496 -0.0414207049725987 0.796355648334893 -0.0929345617094306
-0.00502438077712892 -0.00462213428736683 0.530272233469455 0.712468332657453
-0.00691089195326659 -0.0305647944192662 -0.203041313961285 0.60834815549243
0.00418807629499082 -0.0363822434358744 0.0141816263434896 0.111169491899199
0.0129764288144556 -0.0248895052325951 0.43641016085073 -0.454789575053418
0.00190288480392203 -0.0242703758465956 -0.0887421650280392 -0.959155529113078
-0.0143269275942386 -0.0169640880170295 -0.85052602390403 -0.328988884715851
-0.0406114013086221 0.00337466101156866 -0.490607357447139 0.526608596827864
-0.0223691158989613 0.0248552429489772 0.14425251758 0.466232395043947
0.00303565711844701 0.0109349276155531 0.246705048672856 0.104276798937975
0.00305007436966885 0.00633630752723272 0.0368421659675965 -0.178985057462761
0.00877728945905618 0.00320968610010379 -0.0396990348333613 0.172730136489081
-0.0080939267083854 0.00022409271187714 -0.166381098535703 -0.010798270839262
-0.00828060601978239 -0.00227660405209475 -0.260842182301169 -0.377366666370362
-0.00377685641617996 -0.0241790082774578 0.207465624344217 -0.56962907673697
0.00744348999249183 -0.0448952776845919 0.800278577991298 -0.0773987192700273
-0.0128277842451105 -0.00603782875985536 0.511618559376948 0.718507138774447
-0.0127204124582695 -0.0363320304796347 -0.211998137560076 0.597756627228294
0.00295639024638553 -0.0439051868238326 0.0230759982396812 0.103074970001328
0.00788719617143033 -0.0324888515724562 0.43473187267959 -0.46910222353315
-0.00492155644766531 -0.0253735221291923 -0.107586849419424 -0.956187767579462
-0.0105881160365704 -0.0192251822134413 -0.856037842090294 -0.308870188259601
-0.0339844748758767 -0.00339740351504051 -0.470412054033821 0.535043908792624
-0.0247752416175148 0.0191887283993353 0.15445910536548 0.461875864359783
-0.00438018529125237 0.00408797132896763 0.243987380325698 0.0983240056144577
-0.00503404690938317 0.00351245129156869 0.0340825196458085 -0.182344793785307
0.00161252063483427 0.00384340817591192 -0.0413679102269564 0.170506761848741
-0.018880592903084 -0.00217108257868022 -0.169878312284483 -0.0179590511108135
-0.013578725112286 -0.0090272372479604 -0.249495985456221 -0.388285748399076
-0.000199381761699522 -0.0340817526180817 0.237767146579044 -0.562263580049278
0.0124474014057811 -0.0473296095101965 0.80837506291737 -0.043355609207019
-0.0167308675305684 -0.00331422033219468 0.476771016875177 0.738682634268375
-0.0197918402406383 -0.0384422141016333 -0.231848435414788 0.584909394775587
-0.00222004667019161 -0.0462589338678342 0.0305518521969785 0.092454348319637
7.06605828539562E-05 -0.0333369704659136 0.42355030177076 -0.488306944303815
-0.0117505931896383 -0.0219094322324469 -0.154125926299817 -0.949967939500154
-0.00794966867487072 -0.0196095921500734 -0.862278204382401 -0.265639501985729
-0.0273087126491171 -0.0117313291997582 -0.437076784612621 0.557177538375323
-0.0261151934460232 0.0125014609304149 0.171569003103059 0.456227797346043
-0.0128930726363449 -0.000577211402114759 0.241742921239177 0.0880136930917123
-0.0133029493229282 0.000815630803496622 0.0313979517944687 -0.184922212386535
-0.00616898127522015 0.00564727518887782 -0.0442350826645313 0.165993005248697
-0.0272300922372965 -0.00531868532303809 -0.173806138934431 -0.0289407364564453
-0.0178031726607132 -0.0163248111585192 -0.229047257252536 -0.398985501632918
0.0032989251164326 -0.0437143942392933 0.279141228090005 -0.547023527010338
0.0208666906876984 -0.0466176129169098 0.815882089292532 0.00527429532316013
-0.0188764577441865 0.00275090029977641 0.426740871637195 0.768613239000195
-0.0263745255516896 -0.035212443394299 -0.262356172328922 0.57060124945854
-0.00960708033779615 -0.0452124231860903 0.0354318575842672 0.0813484015081411
-0.00808636131312014 -0.0288646188363269 0.402685180690558 -0.511995610206065
-0.0140467057482638 -0.0139558472007743 -0.211705389645157 -0.937362770337986
-0.00345305208313338 -0.0184673469737792 -0.869660082270386 -0.210726790506063
-0.0239195714007325 -0.0205594036169383 -0.395604196194574 0.582708837510253
-0.0284798668040631 0.00506560304530798 0.196633153732279 0.447767986233392
-0.0206174870624252 -0.00533793960418086 0.240572333247623 0.0752361348296865
-0.0203273237478972 0.000736534525706927 0.0298346167620928 -0.188261392156118
-0.0113726295585627 0.00758062333936212 -0.0433605630231689 0.161361811463155
-0.0343334756975183 -0.00840969229399055 -0.17366476884236 -0.041482107931037
-0.0194700530982455 -0.0250653326093287 -0.207402664141569 -0.409439878022735
0.00680186549780962 -0.0528486293105502 0.325275944442192 -0.527620188655048
0.0297268744229711 -0.0420442637711103 0.819328568338204 0.0666792526997797
-0.0172579162655903 0.0121637880913731 0.370567047383435 0.800673011234187
-0.0312191678092026 -0.0294962673224886 -0.293640612847867 0.554462537439882
-0.0163035388789534 -0.0408946532429995 0.0375165113249095 0.0704508159393472
-0.015718552015149 -0.0210750676476737 0.374376740585614 -0.535614303875345
-0.0132144056833126 -0.00324482309675399 -0.281138591248604 -0.916556195934631
0.00103866889622588 -0.0174709892361023 -0.879571235555486 -0.140359905855809
-0.0242762684076016 -0.0261874711593189 -0.344721437077706 0.61069865253605
-0.0309804364583772 -0.000426607088571963 0.225039614487994 0.436991269062295
-0.0262908371711475 -0.00723625866237371 0.241697939378223 0.0627426160430872
-0.0260606846431175 0.00219516652185374 0.0289162882657869 -0.194604137882397
-0.015763160540997 0.010660153158404 -0.0424042390893156 0.155367155027706
-0.0381021779186873 -0.0111330514746985 -0.172937554850547 -0.0518105659293817
-0.0189389208944812 -0.0319726251393496 -0.183788847406732 -0.419444191619788
0.0110210459145442 -0.0593919981401175 0.366263024808304 -0.502608862240624
0.0389297983072255 -0.034867605800807 0.817899229191509 0.123793290449334
-0.0147802845711817 0.0244142409706636 0.311961821343958 0.831397179391036
-0.0357289041875998 -0.0204708560026423 -0.32729677600848 0.542537023899109
-0.0240999718025222 -0.0323812925647314 0.035670930581489 0.0620004205664825
-0.019685681553644 -0.00833653223078015 0.342140908724129 -0.552233104846661
-0.00769708572659376 0.00765715512530334 -0.348191791335046 -0.884150939009721
0.00516170576707845 -0.0143970478069908 -0.882021672231741 -0.0733985960228722
-0.0263315036197386 -0.0297257703875951 -0.296069243078652 0.633831032385065
-0.0312330199613605 -0.00406810839666307 0.250375852664408 0.427684865252322
-0.0291973820691329 -0.00735056656471168 0.242403503200124 0.0498430453928017
-0.0287524384589589 0.00567056709402396 0.0309532390421511 -0.198328917717317
-0.0151022123871416 0.0127832969438653 -0.0384732410495872 0.151848500194357
-0.0369902589519387 -0.0120748902464613 -0.169937893740493 -0.0599844701042666
-0.0176387949140494 -0.0364440677845995 -0.164267134971369 -0.424606386491669
0.0126721446179584 -0.0596856842610348 0.398234761864945 -0.479466487617105
0.0453987658216161 -0.0267377837858471 0.811959810258337 0.175208263883068
-0.0101050727320177 0.0364440543640848 0.26285539102481 0.855811467902753
-0.0387871366897079 -0.00933049708881793 -0.355261554141068 0.533493045868289
-0.0302955626954726 -0.0226690965962246 0.0317442296418814 0.0569452582562128
-0.0206817091815606 0.00395028502016619 0.31362282304584 -0.561586814065354
0.000171177783016899 0.0176771855842722 -0.395358863339759 -0.857027547549797
0.00917469857733199 -0.0109843693690944 -0.882756415676045 -0.0211470940883124
-0.0291696635611711 -0.0288263088571437 -0.258887363611915 0.649235957260906
-0.0316942402911474 -0.00509345778986687 0.269482341321007 0.417468735414743
-0.0289990763477165 -0.00518383478008862 0.24490829975757 0.0401172075806604
-0.0284633865208499 0.00973370030910468 0.0324864001135471 -0.202614516286127
-0.0122077559227349 0.0154716531873709 -0.0337111231139055 0.149860234050251
-0.0330552369975493 -0.0106716907443667 -0.165885901991243 -0.065412804617672
-0.0147549440990994 -0.0372873947741013 -0.151508916291667 -0.426997012927029
0.0108292293253845 -0.0584401533543756 0.416793536490383 -0.461036295431848
0.0503028540601485 -0.0195128525451008 0.803983757908808 0.211102365893578
-0.00376505966068621 0.0460135714299142 0.224453676350169 0.876082891195398
-0.0396065809069598 0.00209159014503521 -0.376484787178553 0.530349443683654
-0.0346090641420227 -0.0123967684741008 0.0258905375899621 0.0561920582832958
-0.0175703135516155 0.0163216753245573 0.294287648982409 -0.564956167683972
0.00994528265681342 0.0247067418806872 -0.424963674420239 -0.832245189199226
0.0114802158929434 -0.00712209308545693 -0.881189149599269 0.0142838200834575
-0.0332325004006442 -0.0259343184255506 -0.234581802725299 0.660502427512244
-0.029259027337128 -0.00441820953979137 0.283957952745938 0.411603016595016
-0.024165327792668 -0.00243943377122803 0.247216171183809 0.035430021581371
-0.0250405439864606 0.0141201201666901 0.0357298795274882 -0.206746767177581
0.0164613432381077 0.00280692147946901 -0.0356161983073436 0.171647994202755
0.000667976155490229 0.00213369580143709 -0.162383320171699 -0.00715214186996475
-0.00331849638837094 0.00123199990393373 -0.267151085646018 -0.371006456646309
-0.00651224366062163 -0.0158102154675791 0.187896297697646 -0.572354040685184
0.00545124884111704 -0.0418477372896874 0.795028142345769 -0.098095155459033
-0.00528132671497976 -0.00506497228474626 0.533618628219445 0.70699375248773
-0.00777111563947144 -0.031254031876548 -0.198808947773594 0.605988046736511
0.00431253290469614 -0.0363099651329627 0.014634214173312 0.111028680443194
0.0123338405154852 -0.0250663163013721 0.43401210994979 -0.454817105962116
0.00173142303882173 -0.0242440640104769 -0.0926556242584392 -0.954721468721772
-0.0141501665058014 -0.0167328047736137 -0.85067001764775 -0.325192440927425
-0.0409086371776912 0.00309461026593879 -0.484343309621055 0.526799937270706
-0.022294771877327 0.0249289603450469 0.147383428493799 0.464559513750093
0.00327904794480173 0.0113447580612546 0.248359695777588 0.103236233784956
0.0027118661327507 0.00669995491546067 0.0367049752748382 -0.179317918304423
0.00887391947620314 0.00348116358638557 -0.0385035116340609 0.172038516830743
-0.00850179459623149 0.000187525497375486 -0.1666307506033 -0.0110836806813098
-0.00874725785651074 -0.00297496660888039 -0.263112818351393 -0.376393850835844
-0.00422019527181838 -0.0238161129492953 0.205238224422909 -0.568905214643112
0.00667944125540845 -0.0449092762881858 0.797733951706934 -0.0834150769972813
-0.0121026014171659 -0.00547443171480599 0.512919201331623 0.714092078103311
-0.0137935939283925 -0.0377235007864384 -0.208404746735665 0.597095809842314
0.00228105880623398 -0.0436744616993647 0.0230281875336408 0.102942226614598
0.00743867622336702 -0.0330529373835999 0.431143126214548 -0.469952541733844
-0.0052430694991977 -0.0263845712109106 -0.110115600987739 -0.953571609111751
-0.0115548963994348 -0.0195116792802334 -0.855047653130675 -0.305220418567321
-0.0337777475327524 -0.00333786915566788 -0.466780840318089 0.536465878874264
-0.0236213103134994 0.0192210132939379 0.156058338077167 0.46160138078349
-0.00497499433886353 0.00496629343781272 0.245094622484838 0.0964869441661714
-0.00449741787174448 0.00339989138606833 0.0327008249465781 -0.181977931676078
0.00157989354493151 0.00318167370428499 -0.0400573024549829 0.16995508433076
-0.0193423332269881 -0.00231584726969842 -0.169539762362125 -0.01856953938391
-0.0133891107251664 -0.00862074019210639 -0.25060269706658 -0.386981186171547
-0.00125247170664624 -0.0342818566767155 0.233928653737471 -0.562535737535975
0.0120528942004117 -0.0473251187303017 0.807066842673432 -0.0488143562696485
-0.0173392831421771 -0.00296991785940031 0.480563698225599 0.732705327132741
-0.0205646160345938 -0.0384043588105336 -0.227574422226987 0.583332869334463
-0.00223986745427983 -0.0463197173068192 0.0308457197078727 0.0914263576675893
-0.000607287538096019 -0.0335671499948598 0.4199522763084 -0.489123748844777
-0.0113040704741023 -0.0221242089822655 -0.156912815848418 -0.950195912123558
-0.00781463164645601 -0.0189107514709036 -0.85966204531774 -0.262719852640757
-0.0278248386078984 -0.0112693096552785 -0.43365272077574 0.558058346777677
-0.0261642462533066 0.0124833570774177 0.174581020952572 0.455219792213107
-0.0138864212297059 -0.00129417324151572 0.24296113746123 0.0862766196172513
-0.0128087405428884 0.00086733756993576 0.0287071905703439 -0.184780968546078
-0.00631291406846785 0.00580112443927212 -0.0430291967202622 0.1665817290927
-0.0289312736514898 -0.00507630428940148 -0.172380232418132 -0.0286236848069567
-0.0181118659306132 -0.0173443921231321 -0.233146649474368 -0.396347240860366
0.00198803552870103 -0.044593738322639 0.276823975982878 -0.548497685088592
0.0203197990222011 -0.0465432462611097 0.813059503398374 0.00208380979058046
-0.0187339776401235 0.00341628666551221 0.429649864452941 0.763123369569911
-0.02688861431676 -0.0357063549119806 -0.258432287943532 0.569763770378302
-0.00958613473164356 -0.0450531162146008 0.0351687420276419 0.0810934281780306
-0.00875676785755105 -0.028235076867792 0.39839485105574 -0.512832132338173
-0.0146138948498625 -0.0143503327878369 -0.217333584528684 -0.934925884181162
-0.0027595136239253 -0.0184539331158927 -0.870113726941445 -0.203772471359136
-0.0240375177652727 -0.0200669568504903 -0.390953126404045 0.583291453991496
-0.0280039352619978 0.00559200093636605 0.19926223667765 0.446577819490213
-0.0206412699679682 -0.00597369046767047 0.241790146614659 0.0742626714918555
-0.0211938877637554 0.00198143282813448 0.0289047029861663 -0.188648942053608
-0.0120918017106592 0.00720307964431494 -0.0426478180873609 0.161083647576028
-0.0344215511491287 -0.00804420995477522 -0.173074363945602 -0.04003365320139
-0.020165305093829 -0.0252320117761533 -0.209676239931672 -0.408909508690779
0.00656112326504895 -0.0526541379876432 0.320418181394796 -0.527274014576737
0.0291100359996136 -0.0425307004382724 0.818172163566815 0.0602052375485493
-0.0178540142111261 0.012391746913947 0.374682636095179 0.795432760444451
-0.0323002251898985 -0.0300641384962575 -0.290077640442536 0.555494095210514
-0.0168318301857499 -0.0410670597329889 0.0376722947889711 0.0699390994533652
-0.0165197360257966 -0.0210204611408827 0.369272087811632 -0.53382123946071
-0.0130340070066175 -0.00368255776113933 -0.285944109622737 -0.911024195687775
0.00110269740670452 -0.0164979654382579 -0.878146350470435 -0.137068437848883
-0.024269710765246 -0.0254381763007779 -0.340406751340867 0.610822089530159
-0.0305383896138496 4.84656297884169E-05 0.226030775337414 0.43569803787897
-0.0265162264210753 -0.00762637193087277 0.241374560099116 0.0609771796543302
-0.0270451416264063 0.00358186143420554 0.0282715780074016 -0.193861959026533
-0.0151481001216818 0.00955694338353571 -0.0418923651859928 0.155451617425219
-0.0380149524501655 -0.0112002859960438 -0.173233598669627 -0.0521470057960577
-0.0194538682263234 -0.0326038033879137 -0.185771165651641 -0.418259799038526
0.0103909931268164 -0.0583677995367103 0.361936901570437 -0.502934486349662
0.038848727734816 -0.0357296227674708 0.815881348286836 0.119074745724671
-0.015430885906408 0.0244470125039392 0.314040554514907 0.827676618579028
-0.0366334859161044 -0.0209160786555309 -0.323937881864966 0.5412968719681
-0.0242341685072033 -0.0322388282174773 0.0360539190424614 0.0613036086692508
-0.0200600033123096 -0.00924814050698886 0.338229381550982 -0.552029567666681
-0.00815650092233951 0.00690830628185783 -0.349185701753575 -0.881213315087262
0.00606996315393826 -0.0138997265946164 -0.88012260329044 -0.0677789613062792
-0.0262860215239876 -0.0292193522096426 -0.292246926353245 0.634165636772823
-0.0315827713042758 -0.00433755503667708 0.252079305165295 0.42403022618802
-0.0295434075018099 -0.00695532471763387 0.242929512365633 0.0485308452420376
-0.0292022109651842 0.00684216635463552 0.0292606512108602 -0.198243202453203
-0.0156275751424986 0.0127275420401281 -0.0372340249059757 0.151687195193467
-0.0376898593258958 -0.011555935468561 -0.169725814393551 -0.0609074694735682
-0.0176447450166579 -0.0367961127923734 -0.166707741980756 -0.423394391763794
0.0120165084111859 -0.0612050995272255 0.393092761515942 -0.47991876793871
0.0460896384876233 -0.0276398617255438 0.810854391981339 0.168806478597919
-0.0104877517163311 0.0363101314635523 0.266598598109324 0.850814293437395
-0.0394834926064805 -0.00924653092435926 -0.350317936331478 0.533853477888667
-0.0307529064796591 -0.0223465689676708 0.0316813553824735 0.0571710240565554
-0.021751393131774 0.00472228056473463 0.311335671811771 -0.559740555311805
0.000385844355121963 0.0173123508711459 -0.400633123772698 -0.853072735415547
0.00886280510513771 -0.0110600902962826 -0.879561829676825 -0.0155518408531394
-0.0293248379859153 -0.0287892512457056 -0.255435610330789 0.649792788553118
-0.031355210381172 -0.00500809024708906 0.2725906891095 0.415280691770612
-0.0288398798578668 -0.00456225091972283 0.24533418897448 0.0394677136207878
-0.0288456100609876 0.010180823770245 0.0314013842727565 -0.20256062063735
-0.0121659367242281 0.0149519560105633 -0.0332221965180675 0.150126183043093
-0.0333824569672372 -0.0100325329997658 -0.166631004536167 -0.0654683666907676
-0.0155693505359495 -0.0373990242928446 -0.152417133500488 -0.423235835502835
0.0108234562344955 -0.0585947107533247 0.412582487487815 -0.463259168720568
0.0499208812530483 -0.0199310012797539 0.803248316930244 0.206167059805473
-0.00371034135217486 0.0463822105373641 0.227966636417161 0.871648008928605
-0.0403415786989452 0.0011844853048608 -0.37434803751898 0.5307503280693
-0.0342028471675239 -0.0128176697131754 0.0254228438480383 0.0564114982475854
-0.0178584098706052 0.0158912312289902 0.289552895601689 -0.562855895291869
0.00940059343674753 0.0238892015643221 -0.429059049139391 -0.829570697527489
0.0106782029759984 -0.00754515728798469 -0.879518170210226 0.0189620495281776
-0.0332871539438078 -0.0256290401311176 -0.232060110400596 0.658660127745324
-0.0288499391001755 -0.00434700535483649 0.286261606150338 0.40796406864061
-0.0250809220368409 -0.00222020907301567 0.248008463562932 0.0338184594353364
-0.024683780158653 0.0143305758640584 0.0348770890503545 -0.207302740518486
0.0163806795971515 0.00349361041670843 -0.034077573769033 0.171882214783558
0.000669080999912954 0.00294203072015036 -0.163246991739891 -0.00803104886280082
-0.00402825337379313 0.000694620234780379 -0.269667028337133 -0.369945028602486
-0.00641750162894117 -0.0156872294576367 0.183924477861399 -0.571860942073191
0.00450209384423312 -0.0418114526992609 0.791710510104382 -0.102660206089794
-0.00528858340154505 -0.00362305304183389 0.536551959818786 0.701504694669776
-0.0085949876762306 -0.0314720349067743 -0.196025580295274 0.606980483445502
0.0035524343746698 -0.036506385703678 0.0145626781478671 0.11048809386677
0.0122597472465385 -0.024829721119089 0.429683166312161 -0.456663532739281
0.00138816840470285 -0.0249130883629694 -0.0960980396772161 -0.952344348499396
-0.0143042842702971 -0.0165898044387203 -0.849567367807717 -0.321277211770136
-0.0401177472717182 0.0044128544924536 -0.483480681881436 0.52867090562331
-0.0219810998934443 0.025010929426869 0.150601268613424 0.461696722692293
0.00301654549331883 0.0109179496440868 0.249181088417081 0.101783587564003
0.00335933241530016 0.00759523431376858 0.035409508541928 -0.179287554062005
0.0086309567965513 0.00286995780355724 -0.0374499606551319 0.172616724455999
-0.00933290611975648 -0.00031954823432479 -0.166919953125888 -0.0111751980889535
-0.00940672819894796 -0.00245846202401953 -0.264807764859571 -0.374801644049702
-0.00459421975818459 -0.0245403699635254 0.201073605945351 -0.569211240306618
0.00613561356429737 -0.0453035239801168 0.795409516383529 -0.0883620670825572
-0.0129575581339584 -0.00539151943659852 0.515907234203125 0.706919676319647
-0.0149080944393029 -0.0373223741494777 -0.205098662522573 0.595638811915007
0.00132799497155622 -0.0437244189572238 0.0231404578540262 0.102937761299156
0.00680980251457907 -0.0324022162914963 0.428027031639891 -0.47036359747266
-0.00601889673059666 -0.02623446057787 -0.116500316536627 -0.952208151417257
-0.0115174435356196 -0.0188200477602233 -0.854748661091712 -0.302030192687996
-0.0341147548452842 -0.00290537679253275 -0.463759290048818 0.537713181466441
-0.0245171429524571 0.0189197197877363 0.158809575886449 0.459893924159085
-0.0060375825335382 0.00504115308717079 0.246410540935438 0.0949074045736126
-0.00521487281181065 0.00456774131717718 0.0315488127168807 -0.181595342547316
0.00109031747207828 0.00306625360779885 -0.0394476369603156 0.170730139554323
-0.0190994897817132 -0.001981445275925 -0.169917257372734 -0.01865967460354
-0.014050760882947 -0.00879363189758561 -0.253796944135341 -0.384529446925294
-0.00199797605313132 -0.0344185084284231 0.231063665698788 -0.562720105711264
0.0118847704978298 -0.0474857073851953 0.804242094215009 -0.0526032151309344
-0.0176878762685188 -0.00218318314860761 0.482941172159815 0.72740923709235
-0.0214974477889996 -0.0385851042626121 -0.224805917376627 0.583814420983868
-0.0022815801823234 -0.0460869304899897 0.0302968088704486 0.0913435546645878
-0.00109304291353501 -0.0331729849956251 0.415776772246948 -0.489913779419475
-0.0118084621279809 -0.0228081918342615 -0.161577134175116 -0.946333840180062
-0.00827893968959449 -0.0190397473448528 -0.859602288128738 -0.258127797601714
-0.0276519176537571 -0.010629973021863 -0.428634514755649 0.558454833598466
-0.0262272140135798 0.0120296420255782 0.177166630291059 0.450656919919667
-0.0145028462810116 -0.00142773499658931 0.244146977867465 0.0851956912196405
-0.0130618784280614 0.00212573186620266 0.0284751751216187 -0.184663635808428
-0.00628151507245379 0.00499660799774754 -0.0423461460835376 0.16717680009983
-0.0290116158077913 -0.00532292486472035 -0.173142040268522 -0.0287318183320324
-0.0194463445490749 -0.0170049194988001 -0.236120227140953 -0.395286387670268
0.00262573143646511 -0.0452910651720717 0.27237929289936 -0.547895884358797
0.0204698602510595 -0.0467731391067804 0.811006044830189 -0.00225337892837676
-0.0186710946008329 0.00440165587149627 0.433485271887293 0.75784544989057
-0.0281009886759272 -0.0359622778638681 -0.255114811061287 0.569099337297475
-0.0096462363448181 -0.0448592312850063 0.0349469592283003 0.0801101498081928
-0.0097423184280232 -0.0298097017183849 0.394307321525766 -0.514098013666831
-0.0146362330196023 -0.0148363654884026 -0.220712200544663 -0.932582832208324
-0.00300673609408132 -0.0180710460400932 -0.869280299863659 -0.201228799825326
-0.0251794902025475 -0.0189182189424628 -0.385879527791928 0.583800761897352
-0.0283144552431649 0.00498966704612435 0.201421880614514 0.444707550007111
-0.0208496406148932 -0.00576211148916363 0.243095617295499 0.0729506698707891
-0.0206977613169735 0.00231122353934606 0.0280386764424017 -0.188144091798471
-0.0115951629661125 0.007264935159594 -0.0411061171925148 0.161465821969838
-0.0355268528340439 -0.00829964729104359 -0.173497663745638 -0.0411497025714024
-0.020995078815281 -0.0247819559323374 -0.212209445066321 -0.407415214344868
0.00596107133409233 -0.0537716583151065 0.316939525728773 -0.529063053988064
0.0288504247655142 -0.0425550299610971 0.816063424041316 0.0549964092653362
-0.0179837842788221 0.0135429118461657 0.377901867715769 0.790347418094994
-0.0326913630926241 -0.0301837440745883 -0.286117209698968 0.555580733854386
-0.0167115323592251 -0.0411567110404245 0.0374239901183843 0.0706413745235454
-0.0166443089907953 -0.0212854657302107 0.365839817976001 -0.536374919988495
-0.0134694205882659 -0.00458342925524039 -0.290617340265595 -0.909988676025106
0.00121218117518523 -0.0166799929659168 -0.876127034882995 -0.131679195459138
-0.0251116902621044 -0.0251063328715958 -0.336052992507754 0.610330242417198
-0.030249917796684 -0.000894970747663542 0.228629376947074 0.433004398042546
-0.0274224657255928 -0.00685782295655547 0.241928051358985 0.0596132818228066
-0.0259939401334759 0.00373021235375905 0.0269364083397405 -0.193275544475529
-0.0156264565793264 0.00947526755050866 -0.0409667202184179 0.156461936245013
-0.0390814485390117 -0.0101526302065911 -0.173910180206334 -0.0530776196540354
-0.0209233549732806 -0.0328071116189307 -0.188083501426528 -0.415773995488404
0.0102332375827139 -0.0592704739070552 0.357566183386843 -0.504523945475261
0.038293173461452 -0.0358289772924467 0.813621536430766 0.115139010964597
-0.014990770692443 0.0249666330026295 0.319241060657544 0.821659977885306
-0.0370564342782656 -0.0214061531102589 -0.320386744231359 0.542143256917044
-0.0242138137504273 -0.0323059615474968 0.0353350460858824 0.0612974587496747
-0.0205477652541022 -0.00916533606170147 0.333819572257836 -0.55264318728471
-0.00775102922336649 0.00653263784498103 -0.355559552180711 -0.878513277194874
0.00630359585058758 -0.0136022303382116 -0.878425053575482 -0.066415828637321
-0.0260897637515182 -0.0288132962323561 -0.287745736490883 0.633986344063041
-0.0313026665441276 -0.00413866864192833 0.254733649209208 0.422870026583691
-0.0296785772496886 -0.00702659660789875 0.244109907802384 0.0476088676232194
-0.0297005947541372 0.00723802221415023 0.0293081192384692 -0.1975967192721
-0.0156890807701366 0.0124587638373544 -0.0364249851167947 0.151319026321047
-0.0380979840424336 -0.0116147187783214 -0.170814313686133 -0.0608173171464348
-0.0183964349873858 -0.0365346943539136 -0.168095693297891 -0.420224396888723
0.0120966944525097 -0.0605831398119804 0.390098460116387 -0.4827806018922
0.0460826551142423 -0.027803135937143 0.80886742925026 0.162936701700399
-0.00964997396964918 0.037139505156747 0.270518895913044 0.847382198107256
-0.0398959849376265 -0.00987885167906987 -0.348898870712723 0.534505625854931
-0.0307771948868386 -0.0224593808869877 0.0317686532289597 0.0568194103226628
-0.0214852098282403 0.00437229677036938 0.307365048944583 -0.560159771498733
0.000618605477834544 0.0159985575406933 -0.405386073934436 -0.849569341250684
0.00885698938060856 -0.0109986925389329 -0.87849169648773 -0.0124605747602716
-0.0295526871885363 -0.0278280130255591 -0.251560329003076 0.649421703386536
-0.0308840023726162 -0.00558498513846065 0.275819603298931 0.412348946722403
-0.0287622385275301 -0.0053840996575695 0.245647051161183 0.0384441017827431
-0.0288095606824269 0.0109875498836499 0.0303085352599641 -0.202538078545333
-0.0120545457124805 0.0149274499668249 -0.0318173616781771 0.149906046146167
-0.0337620481367484 -0.00989799690060424 -0.16698782981793 -0.0653075098827629
-0.016225323869981 -0.0379904221133139 -0.155350180364483 -0.424572892624874
0.0101159168036297 -0.0584551442964323 0.409452287318431 -0.464422452689582
0.0497261894032881 -0.0202940447140385 0.802380802746943 0.199777554534948
-0.00392776994369501 0.0474380048191251 0.233551364817238 0.866339323372593
-0.040655251507772 0.00135738274325817 -0.367736868290018 0.532542396066586
-0.0342018791683285 -0.0123426306929393 0.0253309865668053 0.0572337355745582
-0.0174392267389361 0.0159973578889262 0.286000572155787 -0.563390231799814
0.00982269810688061 0.0237823265518248 -0.432987590473163 -0.82718510948971
0.0114179521936756 -0.00696653512302673 -0.8767163887907 0.0236201987691971
-0.0337175589756569 -0.0240207980846815 -0.225717008346465 0.659240962243212
-0.028838136918326 -0.00425337676313461 0.289529637576983 0.405405940665292
-0.0247564186360196 -0.00198698051190228 0.249220898018627 0.0327903135825071
-0.0246982024025184 0.0148788052744405 0.0330355806352264 -0.206504675983856
0.0166054404935526 0.00216333120213103 -0.0328092654716913 0.172267226084213
-0.000181601171978755 0.00267895792782889 -0.163277383421503 -0.00790089020898717
-0.00513052813855954 0.00157582620850317 -0.27084934085465 -0.36823126165603
-0.00685290729700482 -0.0165398104955885 0.181426256829128 -0.571381216043894
0.0045896153533283 -0.0420401360730495 0.789396453938522 -0.108041972568571
-0.00685055553879777 -0.00332748341967917 0.538309973666816 0.695666169083402
-0.0092491261213499 -0.0317027366271868 -0.193721188508192 0.606501321392368
0.00312530095457447 -0.0367072844157967 0.0145295270512662 0.110060742669433
0.0114585689349423 -0.0260114129913735 0.424408936955861 -0.457202176936477
0.000757744905418089 -0.025245941211592 -0.100459673369106 -0.950374593103568
-0.0136898471847835 -0.0167222389306245 -0.850522295371354 -0.316001769888738
-0.0400557716581818 0.00516212157464117 -0.47802432130238 0.530682802548417
-0.0215668144997635 0.0247212373064556 0.153528585387089 0.460845183072162
0.00188043489417966 0.0103317189993202 0.249812668056241 0.100598792281022
0.00268424097740964 0.00763468064048415 0.034811902641787 -0.179294144166479
0.00789703809497745 0.00253379251945861 -0.0364391103762566 0.17260107404669
-0.00884382715488005 0.00111871534263668 -0.166157124261793 -0.0109776282773622
-0.0101964985388017 -0.00329876767436938 -0.267424804355175 -0.372745965404924
-0.00453963863653123 -0.0249483601831298 0.197152579105641 -0.56942819162143
0.00634151098106182 -0.0456007560654914 0.794128410672781 -0.0924297948723243
-0.0132180212200435 -0.00442564420489376 0.518737559454948 0.703625470816512
-0.0152451389622027 -0.0380928047503345 -0.201734056285798 0.594556313930383
0.0015151963198962 -0.0437663271580641 0.0240834451521229 0.101761745960295
0.0061378429583393 -0.0320180355979136 0.42526902939709 -0.471464910632469
-0.00615583255543657 -0.0267980087932317 -0.12037378725632 -0.949378514421415
-0.0116727328878875 -0.0184917466065494 -0.853766710781667 -0.295612890900463
-0.0338520453052665 -0.00243836498058871 -0.458746665467438 0.538639598364982
-0.0231830133500715 0.0191217860275433 0.162825833131268 0.458782167994279
-0.006115576574998 0.00416073608258555 0.24685641562157 0.09378792127359
-0.00518528760264819 0.00437267147791815 0.0307536952498154 -0.180904038419841
0.000852897637920911 0.0035508210297713 -0.0381669387558661 0.17019040359629
-0.0199586581696743 -0.00163117613890715 -0.169291684109063 -0.0184997542440177
-0.0153840437199654 -0.00962732047097971 -0.255168718603099 -0.382576459087104
-0.00162776637273053 -0.0342442415398243 0.226907879200978 -0.562209539235389
0.0112573430289551 -0.0474790359369302 0.802716657449652 -0.0576310102270328
-0.0174770597909931 -0.00207393378597589 0.486619031392655 0.723893045096705
-0.0223722515708022 -0.0394450061061739 -0.220581658479755 0.58221327028823
-0.00326556471241361 -0.0465950036828924 0.0311810629294754 0.0914435464686624
-0.00172677636565978 -0.0335346795079379 0.413230356376981 -0.490653451651835
-0.0121953808270376 -0.0223336620968573 -0.165974016511679 -0.94576212430437
-0.00760880966725265 -0.0192320510353076 -0.858936585779682 -0.255198904862481
-0.0277370772981713 -0.0106436734224463 -0.424762172207772 0.559627987074789
-0.0258710955676475 0.0123741923103104 0.180647222664429 0.449286420255601
-0.01464021736417 -0.00151790314189213 0.244602755245896 0.0838585222924898
-0.0134835402853189 0.00259937258154563 0.0272255027083736 -0.184139285767551
-0.00638247112357595 0.00459997262600469 -0.0410437867745135 0.166219617507551
-0.0300952795064754 -0.00528179390336681 -0.173683607678302 -0.0291272013099048
-0.0201391327755041 -0.0168867258628063 -0.236740142897017 -0.39374005629853
0.0019889755263553 -0.0450594996993528 0.267213385303109 -0.548508356563153
0.0193303915248426 -0.0467664739890147 0.807868081783401 -0.00728160770733665
-0.0187310707332062 0.00494733003422617 0.435223788448918 0.752644690304474
-0.028618821831362 -0.0364691546839017 -0.250421112635169 0.569091077857867
-0.010304214191959 -0.0450983725029321 0.0352412881587297 0.0800123992498043
-0.0105764954522622 -0.0288232472499268 0.392208020827389 -0.512797602885297
-0.0145142647536979 -0.0144621526678723 -0.22424740680657 -0.930198578415133
-0.00255943508538753 -0.018175176110576 -0.869462786588014 -0.196846455708088
-0.0239089409566746 -0.0186896111797548 -0.382156315311573 0.58497410199549
-0.0283377581729044 0.00467532471963476 0.204470252823541 0.442598068107946
-0.0221997026209373 -0.00569944319022929 0.243322276130733 0.0724966569425833
-0.0204886847622441 0.00287253130539495 0.0272203737330511 -0.188199077742714
-0.0109745949323398 0.00692753342346597 -0.041273803335508 0.161222517526269
-0.035998123350635 -0.00762514264229881 -0.173518653271757 -0.0397187540888939
-0.0210997638359661 -0.0252359570331057 -0.214213345766073 -0.405383998515754
0.00535514386837689 -0.0538984649927112 0.314439099116533 -0.529255023389978
0.0285888366733078 -0.043206528764306 0.814978107103691 0.0504454665861847
-0.018506651086123 0.0145258344656793 0.379916224072605 0.786541910906619
-0.0334466233472708 -0.0299148562253223 -0.282632117516273 0.555435659107992
-0.0175314199941592 -0.0402584459683418 0.0375701958392841 0.0699863988794867
-0.0168811391164862 -0.0209826327176251 0.361465868126958 -0.534906862614136
-0.0139070608798157 -0.00493017320386907 -0.294961335945841 -0.906382843186817
0.00129661906496503 -0.0161794758090345 -0.876908429443521 -0.128558252133612
-0.0245887091497885 -0.0252092610876078 -0.33214402198996 0.611098176943344
-0.0300231990032116 -8.91763806806535E-05 0.232284332494396 0.431099879518744
-0.0277636024249864 -0.00742034368905406 0.243282529623985 0.0582643711859286
-0.025839654393069 0.00444617707062723 0.0254138819324804 -0.193260868161506
-0.0159060780008752 0.0102518928115566 -0.039399608993542 0.156307666935244
-0.03966530887773 -0.00968164242720952 -0.17380272349944 -0.0520695411135848
-0.0214046281331618 -0.0324110954636607 -0.191065435024575 -0.415541638908733
0.0087934306494818 -0.0592097566521242 0.355125494241338 -0.505073102849621
0.0380841155621648 -0.0356101240574783 0.814574769734677 0.107521373934056
-0.0154361955927469 0.0259993575758962 0.321707364424375 0.81721135263776
-0.0377062440578414 -0.0212842622430281 -0.316870962566597 0.543111346805115
-0.024905538953602 -0.0321378239004185 0.0356762938941103 0.060401091101895
-0.0209461828339328 -0.00903050533453039 0.330756355297977 -0.551560845501865
-0.0085730749573338 0.0069467796306486 -0.357667605485983 -0.875437926333665
0.00602553776054911 -0.0142279685679217 -0.877789143981998 -0.0608442750483807
-0.0268003142455918 -0.0289029103407352 -0.282914180384987 0.632755627655972
-0.0313846834216313 -0.00399691146596634 0.255842662555789 0.42037476915869
-0.0301377301817965 -0.006555214801608 0.244279395962056 0.0457221242481358
-0.0295763758896186 0.0086769163456056 0.0275430948783526 -0.197495669752567
-0.0154745877676063 0.0123704585785284 -0.0353295108400998 0.150890206636965
-0.038702058809581 -0.0103273165845486 -0.171168719512069 -0.0604968122840773
-0.019630384591136 -0.0367742924806287 -0.171448966270872 -0.418841303106667
0.0109414892056277 -0.0606666091148837 0.386712878280768 -0.483802607825443
0.0456764849144402 -0.0283505365322605 0.808070739810824 0.157718412134505
-0.00989429159784031 0.0373765341386268 0.273963099918278 0.843603456119864
-0.0411262415313608 -0.00992943090693442 -0.344207424304558 0.534427016846458
-0.0317798128403316 -0.0227803960708853 0.0316066747542584 0.0569465820441829
-0.0216577826320847 0.00401466639208831 0.304242307893835 -0.562172777306808
-0.000394391299633982 0.0166317742914508 -0.406783912354199 -0.844928310225813
0.0100825116802633 -0.0108432921266412 -0.877618052277642 -0.00871417441759744
-0.0299017571079948 -0.0279152356234691 -0.246531238922997 0.649751955802355
-0.0307065342085243 -0.00514539503366891 0.279320293547196 0.410335214227437
-0.0294330163473013 -0.00487368763311572 0.246164978867048 0.0364273807375944
-0.0285662299105164 0.0118770313681861 0.0290713489185057 -0.202111460977617
-0.0122710522330668 0.0158817422032876 -0.0317850567632041 0.150059750229361
-0.0344833942197163 -0.00946057176113755 -0.167182608653521 -0.065611142024233
-0.0168384595789949 -0.0378465597670588 -0.158903943906777 -0.422014848679139
0.00916230584905218 -0.0584666149170249 0.406267860166324 -0.464972969175784
0.0504541799554947 -0.0207603285689581 0.800963483495093 0.192704570598625
-0.00433210941600658 0.0469830892981518 0.236106036260244 0.864188110618948
-0.0413716458193962 0.000253373692195771 -0.365949495523813 0.532055672677988
-0.0349445150192468 -0.0125329109041468 0.0255144344161386 0.0563338504534891
-0.0176593701915477 0.0161702514910719 0.282297835551255 -0.562783898115693
0.00920769373841846 0.0226995241451398 -0.43660112505802 -0.822830400434154
0.0117882134246941 -0.00714233321831528 -0.873725642396857 0.0260953802974279
-0.0331898911991821 -0.0244535067883885 -0.222179764505759 0.658966443683857
-0.0292434073613347 -0.00420116781311249 0.290823853282875 0.403422884250507
-0.0251251433426809 -0.00169509480038741 0.24883351100564 0.0316403706601422
-0.0246813328674275 0.0156351672310445 0.0316890370512731 -0.206685653459566
0.01327173923275 0.00352855589650187 -0.0668515366856846 0.162281038909386
0.000905539684220969 0.00108693891396463 -0.158905047056294 -0.0421552149604974
0.00111903465513311 0.000295834569518671 -0.188388135248366 -0.414181278099617
-0.000975987997610089 -0.00943017535529042 0.294626277779244 -0.522020351392994
0.00331777995196262 -0.0337621796167272 0.79357944866588 0.0529896717001524
-0.00955647258759894 -0.00968151288007593 0.381211031711781 0.796173669595077
0.000437443791216741 -0.0325501501850363 -0.324260126362579 0.555247732749798
0.0108889042486817 -0.036297398831505 -0.00959059497668186 0.110465540074105
0.0157894352681082 -0.0210366544107435 0.513346724576313 -0.352703321657384
0.00361205306443289 -0.0231886775462888 0.110636821901685 -0.943601281779941
-0.0101889015011225 -0.0180681815840061 -0.75974758625836 -0.490943013724866
-0.036436426733685 0.00122540255573345 -0.587639043544057 0.41343432191779
-0.0245669831234925 0.0202552536089112 0.0529261625472527 0.489489984961081
0.000706772695409188 0.00963443863205426 0.229508080807202 0.153699592744685
0.000823600431850041 0.00881533243291691 0.0763410972180226 -0.172988426074743
0.00623856265447529 0.00216148552321591 -0.0705161129925268 0.161856604973549
-0.00785975733291595 -0.00333110911447065 -0.161538104629578 -0.0457701592851607
-0.00295345588787972 -0.00478834348862574 -0.182636809555406 -0.417973322298538
0.00321245757782417 -0.0170279907520772 0.307752494697782 -0.517784591489269
0.00444183991952931 -0.0372425362481571 0.795140179878861 0.0697503448096282
-0.0160720045656387 -0.0120535972783734 0.362440441296168 0.798277446264458
-0.00428702768181814 -0.0405314400846437 -0.330303040908968 0.541132480782257
0.010769986863259 -0.0435078819092096 0.00140830864611633 0.103904976470498
0.0114670595768323 -0.0285011507516696 0.515987692685006 -0.36870021304375
-0.00316982969571334 -0.0260936207287791 0.0908728778225607 -0.947606164717949
-0.00664107287613033 -0.0201474816459257 -0.768777807434346 -0.472262199649519
-0.0280119350604184 -0.00495140585565765 -0.571534037231601 0.424596627278592
-0.025229033443724 0.0144793334437816 0.0621276284719753 0.488182663042751
-0.00536889140970176 0.00228635725041462 0.228526468545271 0.146805430395107
-0.00536291293776739 0.00367796014605763 0.0733476800535038 -0.175749168059633
-0.00132303060993348 0.000851097333566951 -0.0710086237339756 0.159724451617318
-0.0173897147924256 -0.00693953543944188 -0.162890451744864 -0.0547204613588789
-0.00732604994495881 -0.0117498545735316 -0.168196977229379 -0.424542300467801
0.00714991160752127 -0.0259991936164412 0.336328757530098 -0.503136005218398
0.0102890117033621 -0.0381723983763019 0.795031513611395 0.104039544540908
-0.0208123667974715 -0.0104869205402499 0.325377047002816 0.811837078586758
-0.0109343263886053 -0.0431254640038441 -0.346620680047307 0.526572262445199
0.00601412056214943 -0.0465675039902289 0.00985735634863203 0.0950243069059608
0.00484722113049593 -0.0311890044251947 0.507275423407379 -0.389842439433799
-0.00966377485053502 -0.0227047754904269 0.0472138357728758 -0.95213345004477
-0.00376991285614053 -0.0188916111454986 -0.785322220136793 -0.431498641765903
-0.0206211271057958 -0.0109621859296423 -0.54069778447072 0.454061963211247
-0.0249097497032328 0.0071126243971223 0.081005243757138 0.484313597920095
-0.0127314446275042 -0.00624109359227108 0.227362894579476 0.135888141606279
-0.0137562047506558 0.000454865512959944 0.0702343322885033 -0.179530280180834
-0.00876049738125449 0.00171304301072432 -0.0742882976292313 0.155770998819056
-0.0256191409050436 -0.0123851971232989 -0.163942309804271 -0.0645832726518523
-0.00924216371638026 -0.0201261150420418 -0.148605081547099 -0.432358273762437
0.0123456342103917 -0.0347880511364462 0.37422525214323 -0.480529480934498
0.018071186215317 -0.037249389461033 0.792001841318388 0.153617257124713
-0.0229074075985904 -0.00465392776479997 0.269935539194861 0.830064906896297
-0.0182013606912785 -0.0404419177161547 -0.373525649371261 0.503612361540903
-0.000196263582395018 -0.0463435646362692 0.0166419974263551 0.0854636583346953
-0.00489167092490653 -0.0287503325386013 0.492452682627746 -0.41650598983333
-0.0143437723950505 -0.0155264471049656 -0.0133034008559301 -0.951087358402783
0.00216831109313565 -0.0168793925654934 -0.803321561596782 -0.379535650825624
-0.0152830038724264 -0.0180853067507764 -0.504343277532184 0.487701124168642
-0.0256022586471172 -0.00121537865693154 0.106633912062315 0.48123735849868
-0.0192261838118178 -0.0121025734467141 0.228424700203241 0.123785521666905
-0.0213411881525117 -0.00142630249191742 0.0714742904937475 -0.183483953811106
-0.0142287735871513 0.0026403700685536 -0.0730254683486976 0.152123005845566
-0.03113225104469 -0.0157061182305551 -0.162113482644279 -0.0772104324515049
-0.0100454914397039 -0.027949206803507 -0.124568861536765 -0.439227498987796
0.0171376432309255 -0.0413411048640996 0.414444204045419 -0.453241309455115
0.0254918301285618 -0.032069002627436 0.784516620421885 0.21177889310132
-0.0232756926454769 0.0039975150301519 0.207085721222583 0.851023232788941
-0.0242863339757434 -0.0353868824174931 -0.402014239726329 0.482509685522258
-0.00896514871184376 -0.0438443499868315 0.0206336781995686 0.0755892004119658
-0.0136641646966012 -0.022405328758632 0.468379381005117 -0.443775945938035
-0.01526247488354 -0.0057467568722589 -0.0862641461651763 -0.942157226844174
0.00548182862724141 -0.0148900753051518 -0.825590144194365 -0.313044888960795
-0.0134277277910636 -0.0245911616878994 -0.461013277700103 0.522595945633194
-0.0259743862952312 -0.00729720039805203 0.136244654149331 0.475578515976554
-0.0243735777193975 -0.0149145122592629 0.230726930446599 0.111082720858317
-0.0263129495584963 -0.000314526400368966 0.0710727429508749 -0.188855919614488
-0.0180053116782943 0.00480035774063454 -0.070627656995562 0.145649163625745
-0.0345550585260081 -0.0188943666514497 -0.159482163389503 -0.0879498093996489
-0.0077560795154593 -0.0345309269077655 -0.0982366100512119 -0.442584803356961
0.0208570046050571 -0.0461937143415886 0.44999237020405 -0.421269572451195
0.0329387737750751 -0.0245196950470546 0.771185038910426 0.268905614588574
-0.0228522606868129 0.0160402001021782 0.143727433893714 0.869567307819586
-0.0302475652378789 -0.0277536570718778 -0.432811049418738 0.463938634100993
-0.0176890103913267 -0.0369818402642099 0.0207781132249738 0.0674532161678583
-0.0197594558238629 -0.0116790493193461 0.440813977855657 -0.466315532080037
-0.0126358432739786 0.00616198528078908 -0.155392978056911 -0.926380418438484
0.00939426346779032 -0.011769953768194 -0.840393784220442 -0.247060110720771
-0.0151350311005096 -0.029517511136688 -0.41933156984874 0.556551276694623
-0.026446172622301 -0.0112144075925127 0.163649544798089 0.469780114003461
-0.0277229093529892 -0.0153751253566517 0.234904268664695 0.099010465269026
-0.0306270811554779 0.00287096608874321 0.0734048079136018 -0.193633970690691
-0.0187201146084363 0.006343260196264 -0.0660617126780391 0.142377342889619
-0.032444047359183 -0.0197607654571331 -0.155974191716922 -0.0956699005549645
-0.00515399792102152 -0.0380636704951214 -0.079302861304432 -0.44350581504933
0.0224214759522222 -0.0475748397269812 0.47650264626587 -0.392910400895833
0.038265517874744 -0.015915915357017 0.755889252479512 0.3165393336068
-0.0192742312613689 0.0274157374037116 0.0916424353794657 0.883146766071314
-0.035584550190105 -0.0174815711742437 -0.458143582445623 0.449506581683207
-0.0254114442841282 -0.0293832263280629 0.0181760014629571 0.062318087019427
-0.0222078498252974 0.000746809860198917 0.414948323273531 -0.481531375385184
-0.0058190997294225 0.018004025697646 -0.209435459007884 -0.907117727523335
0.0118634722644306 -0.00791550896695043 -0.850651833688103 -0.195940213304178
-0.0177619604826965 -0.030083379871623 -0.385701316593329 0.579623078121332
-0.0263644854573745 -0.0118366827948014 0.186872300580352 0.465195301633489
-0.0273015043707181 -0.0135059244456638 0.238693910712689 0.089797093488251
-0.0306446801652992 0.00573380481643261 0.0757825397084723 -0.197101220936784
-0.0156753411725566 0.00996304116512248 -0.0606163776435632 0.141681928841339
-0.028922416444663 -0.0173197398602742 -0.150417128932253 -0.0991294886954413
-0.00371029345699339 -0.0380596399461987 -0.0664539206980703 -0.443136783840264
0.0195822923252509 -0.0460859033326993 0.490104838203309 -0.371410555565724
0.0406140803306135 -0.00821178368747662 0.740906245646471 0.350621225974261
-0.0152036564106487 0.0387015751923359 0.0500650159167728 0.896332350168641
-0.0380928128934182 -0.00637002112420921 -0.47828171425818 0.442748438559834
-0.0312913144880617 -0.0201092864926051 0.0126277388431364 0.0606904519000484
-0.0213432037785568 0.0136034343795109 0.397067024313398 -0.48812496675079
0.00142398871199251 0.0261247870028044 -0.2424649385277 -0.890653636139817
0.0132982204004864 -0.00292004014300394 -0.855989848343456 -0.16367387771126
-0.0223891656141945 -0.0267689275088284 -0.363001589803411 0.594337938720798
-0.0239054004620236 -0.0106355541437215 0.201721265546596 0.461247778526665
-0.0234294435813037 -0.0087871846035464 0.242667419483217 0.0851497314100902
-0.0271722105600666 0.0117081850844074 0.0798329258936819 -0.200851987453087
0.0131667701451544 0.00339452582534832 -0.0656623308825083 0.163034494920227
0.000781626174006783 -0.000104367590193395 -0.158882343804517 -0.041664226283376
0.00100036164969168 -0.000250156524158233 -0.190612864795917 -0.412961718526042
-0.00117842486483901 -0.00955624080200127 0.288386250049884 -0.523610592085003
0.00316758630926795 -0.0343621526238622 0.790009173264264 0.0475437309526387
-0.0098707694419645 -0.00908220106130845 0.385933599179752 0.789722201739249
-0.000622897272906361 -0.0332853264645972 -0.319925669174853 0.55596767902926
0.0106980316386657 -0.0364496923935353 -0.00886595035886611 0.109399458858757
0.0153136561543942 -0.0210919306123722 0.509352793965025 -0.353926264214649
0.00229437601532522 -0.0226499172167229 0.1061802323631 -0.940671864212859
-0.0100944132951569 -0.0173282417021012 -0.759248957211873 -0.485140356916538
-0.0364178784014672 0.00183789970320275 -0.582626681302782 0.415762762460587
-0.0230124339212395 0.0206166406957836 0.055627065174826 0.487664778498502
-3.62309897207263E-05 0.00945859571572416 0.230310155134357 0.151713583606049
0.00157671112034193 0.00910260724308548 0.075885351681349 -0.172703272294026
0.00713738354039583 0.00115092123279399 -0.0699441877790547 0.162834138498517
-0.00816997298645381 -0.00337522951850909 -0.161798233307595 -0.0460472579969584
-0.00380155164249858 -0.00516090928295207 -0.184904586817493 -0.417228818436053
0.00268716863875063 -0.0179482281215424 0.30447896309246 -0.517242922674656
0.00437308050968729 -0.0373305437132763 0.791599298382378 0.0636701834304108
-0.0166415644482347 -0.0118580689462788 0.366937232807954 0.795082050466406
-0.00594232793138156 -0.0408052341173615 -0.326851584447833 0.541608215693072
0.0105758899689633 -0.043081460296979 0.00144923242755647 0.103657836921131
0.0114936512370471 -0.0285147040729539 0.512773611314313 -0.369816125153834
-0.00387134587752484 -0.026238169926481 0.0865888572874767 -0.944100152572288
-0.00689080661908917 -0.0191211020679813 -0.767816193341863 -0.467353491024002
-0.0284357313418314 -0.00472170212751072 -0.565845503177319 0.428116171946962
-0.0249253760318126 0.014714594332207 0.0656471961785577 0.485334797657665
-0.00613683055269222 0.00151364689250418 0.229373247773683 0.145461300137152
-0.00593016279403399 0.00520158724031162 0.0728107764046741 -0.175471150619556
-0.0011203699320302 0.000378471336829275 -0.0703489560996847 0.159949864987653
-0.0174983940730299 -0.00730306050744553 -0.162906739648908 -0.0540959351393215
-0.00740849023459117 -0.0115472864733119 -0.171352727560226 -0.423765598757564
0.00676077031389515 -0.0266530038017318 0.331984543581249 -0.504733099802258
0.00887336929220006 -0.0389292290338179 0.793306420157314 0.0994485957384647
-0.0213719139574583 -0.00991605153725872 0.32923414109424 0.807910051090832
-0.0125546939105085 -0.0428886495156263 -0.343012548068018 0.525898259664941
0.00623613034294351 -0.0468910061947105 0.0107660226749658 0.0946094555380893
0.00420998924200569 -0.0313570623900427 0.504836432757113 -0.392893341864654
-0.00943103436089096 -0.0235749193508167 0.0396465332577377 -0.950713521205047
-0.00282365761652868 -0.0190188033395467 -0.782072471890622 -0.42817117800552
-0.0212112684603235 -0.0107697039339908 -0.537453034189333 0.455323235050087
-0.0249741580985956 0.00670187605233566 0.0847906063324497 0.482515809023483
-0.013448438012512 -0.0057883317318106 0.228352399033966 0.134532619888212
-0.0136814114285678 0.00106596377387202 0.0691886017694109 -0.180048591824851
-0.00914109310381157 0.00115124728746395 -0.0729896303444924 0.156347999962131
-0.025721207956995 -0.0119733138404901 -0.164218990702314 -0.0652186737647381
-0.0104257419224344 -0.0190968034406129 -0.150200046975421 -0.431325162194883
0.01166607028884 -0.035009696930946 0.369522890810653 -0.483346232242258
0.017169476686583 -0.0373990288083476 0.790998797717713 0.14717191855783
-0.02322216346646 -0.00414914503126018 0.275208462243578 0.825793707287164
-0.018896701496539 -0.0410368861186925 -0.368789527013511 0.505237572698146
-0.00117913750610966 -0.0469074223523697 0.0174396400002815 0.0848819917143689
-0.00505244558675566 -0.0292599997057068 0.488375684106807 -0.418318392526114
-0.0139505105488085 -0.0159184774100543 -0.0195829501082697 -0.947636171147441
0.00160424003599009 -0.0170470534611743 -0.803616843075297 -0.374264133302311
-0.0154330127364742 -0.0186744792329419 -0.499877277495674 0.488824027722404
-0.0253095316874733 -0.000253474590283442 0.110286347507205 0.479567810092026
-0.0197340544773668 -0.0116705740252906 0.229330933587745 0.122151769147929
-0.0209223610731171 -0.000530608654026554 0.0690510227070053 -0.182744554352044
-0.0139732365827679 0.00222166151933496 -0.0715214649075756 0.151720041724435
-0.0314986688971628 -0.0162323047735997 -0.162746094462717 -0.0762117727110549
-0.0107761785875239 -0.0277528728837638 -0.126612757711955 -0.437178774265852
0.0161919334561195 -0.0425524842603029 0.41104225609857 -0.45452898228262
0.0255162528127389 -0.0325536402435085 0.783716042556473 0.206691349104194
-0.0237569508108524 0.00413320516134881 0.212244666702944 0.848383312469992
-0.024788251545075 -0.0362693981118831 -0.396968381182203 0.484283673671711
-0.00944342916680713 -0.0444283391028939 0.0213004351962472 0.0753533707315573
-0.0135473059702737 -0.0225485033034779 0.463541783505014 -0.444678668080946
-0.0150890009368592 -0.00562574646778364 -0.0922350744013798 -0.939064753891295
0.00590447936015756 -0.0143256157156129 -0.823900866025791 -0.308416905040232
-0.0136059904880831 -0.024676542111499 -0.456055569225607 0.525200697478544
-0.0262146273343489 -0.00692137391359551 0.1394235614394 0.474273032490166
-0.0251797434308115 -0.0148701028174195 0.232351753443075 0.108818708801728
-0.026505158165788 4.33959711972067E-05 0.0692697259199318 -0.188888557618372
-0.0179337518046937 0.0040420886343449 -0.069564133015991 0.145992711858535
-0.0341136764213055 -0.0186485271169614 -0.160609646852842 -0.0879399582695896
-0.00975867010322045 -0.0341348743183287 -0.102522674048046 -0.441281027565287
0.0201368606794776 -0.0460708901074636 0.446575899164535 -0.423583207518251
0.0332998377351907 -0.024504974489027 0.771135344389923 0.262480263369614
-0.0230526903215559 0.0158275104294056 0.148015500652126 0.865532102241624
-0.0305479516454278 -0.0281167553174814 -0.428546567035207 0.464315852334861
-0.0178093365231192 -0.0380242907916382 0.0212357670865542 0.0672563594489217
-0.0198446545760747 -0.0116688066990119 0.435516964705877 -0.467994597068682
-0.0117860242953368 0.00665932138302665 -0.159811362292837 -0.924123323001878
0.0096860069125208 -0.0111605661303899 -0.839298714021348 -0.243452422235612
-0.0146100264292629 -0.0286582242914916 -0.414262440053496 0.557800861176949
-0.0267379204295542 -0.0110473765145285 0.16489962634111 0.467860435721731
-0.0284650198866496 -0.0148401567601212 0.235993526101562 0.0964832761131486
-0.0308111519706532 0.00266164395182887 0.0714986933646909 -0.192870308731522
-0.0185634113173132 0.00701777594889449 -0.0648210822369045 0.142888340503814
-0.0333856126991259 -0.0190710480461118 -0.15608945297396 -0.0955337765468554
-0.00625167388316821 -0.0375655437996899 -0.0835036579107403 -0.443551674647437
0.0215886046894014 -0.0479408136188438 0.472785813734053 -0.396060232283034
0.038298028213662 -0.0164778199667917 0.755230469182892 0.311121904857972
-0.019347400595645 0.0282984712823445 0.0959385739994491 0.880857869995232
-0.0361909674239416 -0.017965845599076 -0.454855265570612 0.451084672990181
-0.025890817670836 -0.0293220654143309 0.0183132752865254 0.0619652122975536
-0.0230552123335172 0.000898506736547591 0.412118541096062 -0.481971137711822
-0.00576622418246048 0.0169889895922399 -0.213258980049333 -0.905890678584373
0.0123195590768843 -0.00767003185602506 -0.850038514605825 -0.192172507589246
-0.0180768310197012 -0.0290845504956002 -0.382360637047481 0.579903634251922
-0.025728745286758 -0.0127291843070115 0.18962557253484 0.462108878576751
-0.0275051669392996 -0.0125467567901033 0.238969766418879 0.0881210243294566
-0.0307553464239653 0.00685138915790483 0.0742486881837038 -0.197055575543165
-0.0170366285669765 0.0101174093445603 -0.0598815423678167 0.142157664424201
-0.0297587751674111 -0.0163549335462078 -0.151671371745641 -0.0989042116614845
-0.00335272374737455 -0.037993603470358 -0.0695495824442942 -0.441631466776872
0.0193786893651487 -0.0461387752088878 0.487963240442997 -0.374400811762716
0.0402813072370774 -0.00934947888295161 0.740454252053349 0.344303340343234
-0.0155586450305604 0.039646834688936 0.0557544357569107 0.893267758920327
-0.0386280344607772 -0.00741448485636329 -0.474297635838862 0.444131796020628
-0.0317953373074639 -0.0208160086255496 0.0120403318513505 0.0602597032511005
-0.0225562031766592 0.0130077458184686 0.391244560396951 -0.488090069652435
0.00119407883836616 0.0259073883709598 -0.247733057317597 -0.887876686097453
0.0136174625822456 -0.00387056025406855 -0.855509586228859 -0.158294807677759
-0.022006732001039 -0.0269669185070411 -0.358935202610662 0.595621982465234
-0.0245149331498918 -0.0105873043628474 0.20499066676047 0.458756296817223
-0.0243561577439584 -0.00875725698422748 0.242969620440729 0.0836966947459479
-0.0273911023789056 0.0116699982955301 0.0779593309265235 -0.201097679648403
0.0126803998519291 0.00269618002507637 -0.0637452995406716 0.162990512879413
-1.98219899750778E-05 0.000297831671663672 -0.159074384463271 -0.041394056189717
5.24088278099056E-06 -0.0002806301538602 -0.194292659171723 -0.410748940278886
-0.000825625700084834 -0.0101732286140537 0.286125508241624 -0.523362979659135
0.00201266762841897 -0.03433024746307 0.789095525602407 0.0430593661123746
-0.00966783931024543 -0.00817067283287944 0.388271349769112 0.786500939279859
-0.00155058537928387 -0.0333965608745888 -0.316274923049174 0.554595283353526
0.0104253827835891 -0.0367906238911617 -0.00925957890545974 0.109862994673463
0.0145166522633081 -0.0211364976150349 0.50660095778391 -0.356660983098064
0.00297349871936993 -0.0236987445915225 0.0992889539637781 -0.939938421538612
-0.00977418260807876 -0.0176668728069255 -0.759716718129671 -0.481024496606556
-0.0363011323024941 0.00229481399330146 -0.579959695058301 0.418065241037247
-0.0239905743463742 0.0204155745905806 0.0593867776575357 0.487471161859224
-2.60790276294786E-05 0.00982634036716123 0.232440250522555 0.15054586634892
0.00134720916601023 0.0104054154185353 0.0743116633707011 -0.17315249115862
0.00596381173199097 0.00102619974127015 -0.0678144496366259 0.16298999225755
-0.00942529866582084 -0.00326924401405671 -0.161268483130644 -0.0460101354621165
-0.00404988662489969 -0.00531107548672274 -0.188693075878214 -0.414328328997472
0.002331519941855 -0.0174098226508877 0.299464842033922 -0.518111328778022
0.00458099879145532 -0.0384711983687991 0.789091657460963 0.0571454137241674
-0.0167482918977645 -0.0108900612315696 0.370225867942913 0.787670751243388
-0.00663746518263087 -0.0416568021394015 -0.321079441283246 0.541519198652495
0.0104938227235428 -0.0431426332255648 0.00089962097911589 0.103176530937785
0.0109548775374907 -0.0290364011909534 0.509357793536484 -0.371511560474541
-0.0041150841847892 -0.0262912900538301 0.0800136416136498 -0.943137031843214
-0.0066912817503587 -0.0191158020050016 -0.768265480644711 -0.462333242058651
-0.0281827527298032 -0.00405369676117406 -0.561285272978028 0.430524121308595
-0.0245813766019852 0.0141807113928304 0.0697932318798297 0.484582805485808
-0.00714803901978721 0.00177308311829554 0.230152071726518 0.143007618229915
-0.00590264611456619 0.00525222475341087 0.0715409009115734 -0.176842819465016
-0.00102257944870841 0.000329831265765734 -0.0693256681096831 0.160603434430573
-0.0179882321585485 -0.00658216048252246 -0.16331649372641 -0.054163025333765
-0.00827884731092979 -0.0118068928479499 -0.174678945964041 -0.421858292900914
0.00643833880350071 -0.0267345696358058 0.328144016514464 -0.505456944717055
0.00974181076588407 -0.0391530499089766 0.79107499783867 0.0927350173573925
-0.0215738288378032 -0.00995417109995686 0.333333096891347 0.80156511274221
-0.0127449339096122 -0.0435276367707254 -0.337754329555501 0.525407757924905
0.0058203081190471 -0.0465501097909772 0.00999219128076402 0.094000593570571
0.00334653813057136 -0.0315609695715067 0.499472474879177 -0.393801372691537
-0.0105302311899154 -0.0240054673929468 0.0346829403968846 -0.946578747798942
-0.00273414448459535 -0.0190876419309272 -0.782806448619894 -0.422988296293051
-0.0209086484221373 -0.010708288997237 -0.533009319921814 0.457622151781421
-0.0249715117430018 0.00680101131726285 0.0881820992986887 0.480967714558544
-0.0140756119472541 -0.00577450237555317 0.229627989758937 0.131812867733048
-0.0138043212719439 0.00122584461861335 0.0683071301005649 -0.179535127100851
-0.00897062776406683 0.000541372958887902 -0.0718249624115406 0.155645110093044
-0.026165692054103 -0.0112846530184049 -0.16408660224378 -0.0656312979422864
-0.011049798406089 -0.020225615415231 -0.153496881517621 -0.42892819531293
0.0110445868338274 -0.0360852767023636 0.365158377757855 -0.482839380072628
0.0165976223981494 -0.0375509628301635 0.789156860966816 0.141734782744972
-0.0239973037032191 -0.00369368019671971 0.279540094368332 0.821885715436954
-0.0204326463445552 -0.0414918512050747 -0.36573108627105 0.505321831098804
-0.00200247584117364 -0.0471966475998481 0.0170442707325508 0.0849487760522374
-0.00568381395602119 -0.028790464980711 0.483510871255191 -0.418278303372687
-0.0142815915574279 -0.0164690116695216 -0.0265643113220181 -0.945313174889879
0.00228645836723168 -0.0172558585937528 -0.802530627319314 -0.369190391662231
-0.0162274171486747 -0.0181747149672695 -0.495915582227482 0.491421729624863
-0.0257510711941059 -0.00109579986820264 0.11301594483039 0.477268595857226
-0.0203494964166974 -0.0114353028378266 0.230422663261229 0.120513493326573
-0.0210694338267237 -0.000191868771522172 0.0677827911856165 -0.183240965699685
-0.0140476668908697 0.00218150631326664 -0.0701994060382384 0.152266080637949
-0.0325030827751636 -0.0151434161877118 -0.1629053299131 -0.075674279406111
-0.0109614203987148 -0.0275644066691678 -0.13061069490488 -0.436598626534166
0.0159410516465297 -0.0425828317618171 0.406383605644691 -0.456205591970254
0.0245592337006611 -0.0332380392296558 0.782392505254581 0.201811041752693
-0.0242103476147113 0.00503840110507555 0.217699544150578 0.841974168870479
-0.0259795526750794 -0.0370611310905686 -0.394720896201064 0.485614605102679
-0.00896971654685654 -0.0441160646897371 0.0211787240465608 0.0753515741737759
-0.0135575083794107 -0.0224456179056513 0.460926986724744 -0.446310869320233
-0.0152354469523468 -0.00598760560795332 -0.0953446398223156 -0.937169475442967
0.00597413386253307 -0.0143461594351691 -0.823325325929022 -0.303995758105821
-0.0134071332578747 -0.0244246494645183 -0.451418445989621 0.525774159970387
-0.0265972621391414 -0.00610478251791074 0.141678090199839 0.472296948804795
-0.0257787073276954 -0.0147524091344785 0.232711518832615 0.107778459223711
-0.0261025030024713 0.00046524095330276 0.0675115643432845 -0.188739540178675
-0.0181990448176392 0.00417130690620788 -0.0675771038449822 0.146333994110616
-0.0346008638446522 -0.0180419319486262 -0.161225369333571 -0.086903481824337
-0.0102812524185133 -0.0340894326474131 -0.107394996225376 -0.441570272937847
0.0193543348347661 -0.0469692633439154 0.44162869900148 -0.42677280858694
0.0323183363957552 -0.0252479436321947 0.768639118572514 0.257537904893417
-0.0226513509232097 0.0163426594592157 0.152680579140229 0.860490838967672
-0.0321600540792383 -0.0282495860394588 -0.424042656060396 0.465897397982003
-0.0188134726004751 -0.0379395565996756 0.0213214673337937 0.0665878856609178
-0.0207156509978502 -0.0113110228783563 0.433194595486879 -0.469530000983991
-0.0125118586597907 0.00613434182524659 -0.16574973758528 -0.919576911525432
0.0101288971486233 -0.0116322638955027 -0.837979039221809 -0.238805427642381
-0.0150368904350099 -0.0285324957690553 -0.408923607181474 0.557388129325298
-0.0268201486658229 -0.0109956618866845 0.168939690676565 0.46674758826959
-0.0289477534569789 -0.0148589259930489 0.235539013861193 0.0956960728491396
-0.030561705443789 0.00313006970463383 0.0701173409347223 -0.19282112000885
-0.0191179940192944 0.00675107594485888 -0.0637572636547391 0.143125743278017
-0.0346290018466573 -0.0187102013615008 -0.155893636628136 -0.0946085633292983
-0.00757872830315086 -0.0377409962094587 -0.0868041484375246 -0.441094958545834
0.0203945419614347 -0.047515101316887 0.468143464418827 -0.397148133933893
0.0378721334408618 -0.0165747179757527 0.755296073251652 0.303363567789919
-0.0197226065688305 0.0287473880406696 0.10128482255161 0.875994037605258
-0.0368949888948308 -0.0183129470483776 -0.448346370422139 0.451580669596871
-0.0263739372611122 -0.0292367830029111 0.0183087997152646 0.0612710700083611
-0.0225947417572619 0.000935281585007539 0.406787822626411 -0.48399795515458
-0.00604073340898167 0.0168709611744418 -0.219370462426857 -0.902307149804122
0.0126740512489261 -0.00723291987185219 -0.847990814439336 -0.18792088142059
-0.0181291567435216 -0.0291195259523335 -0.376326839356136 0.581763676848948
-0.0260042823031408 -0.0119518114682409 0.192661819978959 0.459588808046856
-0.0282383910768002 -0.011905871899175 0.240069491379688 0.0869925875772452
-0.0306749553575678 0.00717001455677582 0.0717275957715367 -0.19693408592456
-0.0162953575031458 0.0101152099642691 -0.0593562648913468 0.14190648476551
-0.0299791260661087 -0.0164442272503707 -0.151264824326576 -0.0991144843182959
-0.00435599032970284 -0.0380752269333056 -0.07310152465115 -0.440834456902915
0.0185984444703666 -0.0466735460133879 0.483542063274576 -0.375503166663606
0.0405608473870295 -0.00877847330962621 0.739788778757764 0.3358400858057
-0.0153497299866427 0.0392417094605842 0.0599470660270538 0.888531611450532
-0.0392377462732662 -0.00740266385904988 -0.470922211617037 0.445723203026021
-0.0315637285769887 -0.02109391843607 0.0123371097562405 0.060269420430662
-0.0220870449557701 0.0129656076479866 0.387301279324207 -0.489518094082387
0.00259206422468041 0.0261027558169774 -0.25195433618477 -0.884671768896254
0.013391536092537 -0.00352879346644797 -0.854351143024341 -0.153012949591795
-0.0224553269022612 -0.0266102126390905 -0.354283187792839 0.59472178624493
-0.0242294216809823 -0.0115073195471869 0.207262057836755 0.456867330287112
-0.0244109778892451 -0.0086534672908843 0.243410021241469 0.0821078227474865
-0.0273067947675759 0.0125145968924791 0.0755208432472365 -0.200536434046237
0.0131601521944026 0.00253008468710971 -0.0625834108917167 0.1632353306927
-0.000354231896687604 0.000648039047772835 -0.159475528394979 -0.042100747802972
-0.000389932368227327 -0.000702926270937658 -0.196643193452018 -0.408565325780163
-0.00190346332245869 -0.0107050897810113 0.280738675717668 -0.524903340332471
0.00166618340996858 -0.0344920880729167 0.785394937915825 0.0373115795654595
-0.0103852653873725 -0.00787336561706238 0.392407794821779 0.779598727732838
-0.00296890462623467 -0.0342739472750504 -0.312477805793626 0.554493205116635
0.0099874130054535 -0.0368733520228606 -0.00807856902551073 0.10885193288249
0.0144849494495038 -0.0215082283556022 0.502182702400379 -0.359285327394457
0.00206888099198033 -0.0234970980920981 0.0928537953139782 -0.936699869365851
-0.00952463729388728 -0.0168927204560582 -0.761046902142251 -0.476487366660061
-0.0358641408718816 0.00218149825172567 -0.573300649261303 0.420918490736065
-0.023547983427307 0.0201582119487418 0.0637651613076315 0.483554602231863
-0.000216861329983499 0.00948754670949385 0.233795694292652 0.147668418141358
0.00159239530762323 0.0112556600355415 0.072484379675395 -0.17384128786432
0.00570695073194501 0.00138629067076938 -0.0663419672635277 0.163381949711794
-0.00919789296646758 -0.00244176573795004 -0.161904327912531 -0.0466414348382822
-0.00488395943600126 -0.0056163118178015 -0.191370516437431 -0.412643125047835
0.00228510937970817 -0.0180285580911501 0.295046412177523 -0.518802774986907
0.00399792336110175 -0.0375091055017001 0.787060474000381 0.0512431226344566
-0.016933813928596 -0.010892954502447 0.373395924464889 0.783279048864443
-0.00792694682505159 -0.0416220135163051 -0.316337900294341 0.542277601358036
0.00953004493231224 -0.0437714053419831 0.00112117713378813 0.102783755854876
0.0109904228096969 -0.0289044245126288 0.503216705353955 -0.37259540314092
-0.00501521016287413 -0.027035588458293 0.0740315022709495 -0.942603125711666
-0.00685276187681799 -0.0191852133310195 -0.767244519017478 -0.457088976023793
-0.0282298031102213 -0.00353668323912687 -0.557319145759204 0.432668221581936
-0.0242037018177438 0.0144390531234797 0.0723969926511811 0.483017518795575
-0.0075214804783727 0.00158466611789763 0.231725529506517 0.140866209999822
-0.00604667529478853 0.00585475881180559 0.0705805487835859 -0.175628025050083
-0.00171755698154045 0.000270736822688123 -0.0685301862618573 0.160853210389831
-0.0186711139716324 -0.00685667882914427 -0.162688292804528 -0.0537486063023718
-0.00879755779764196 -0.0119124581580757 -0.177063909621672 -0.421502116612189
0.00610322796753805 -0.0271494792806699 0.323633232545386 -0.505770364002737
0.00932518652239449 -0.0395447509457222 0.787684726814211 0.0874975491132958
-0.0212529709598186 -0.00854009796632037 0.335499918231949 0.798700466704796
-0.014184220491388 -0.0433534937791533 -0.334077939097545 0.526371017206523
0.00600157500415834 -0.0469779779629607 0.0116061984892534 0.0943430099351414
0.00398595619474436 -0.0310903121329165 0.494420024108489 -0.394383970939412
-0.0103116245799658 -0.0239132656950686 0.0294402944765704 -0.945093593209264
-0.0027935590221541 -0.0190715270293176 -0.783827769187465 -0.419168826547669
-0.0207384860806915 -0.00974856313597101 -0.527258353164584 0.458527778644773
-0.0248679661409531 0.0071112856703768 0.091663381374415 0.478647628132973
-0.0143563519399197 -0.00582911274202029 0.230108848994822 0.130977509745237
-0.013240819094031 0.00218268422201151 0.0670498222277881 -0.179698713239203
-0.00902941832732558 0.00104133297205104 -0.0702685404050318 0.156815145690216
-0.0266588251698882 -0.01082525098736 -0.164091365500417 -0.0651209277789361
-0.0113611012753189 -0.0196398469801518 -0.157572661641367 -0.427145558209017
0.0105437204048821 -0.0359197241291311 0.360863779927385 -0.484148790748416
0.0165421311681379 -0.0374438864817894 0.786474471166536 0.134924076437142
-0.0241538623823232 -0.002527912842263 0.281361729384321 0.814162040208052
-0.0213788719183259 -0.0420969376952336 -0.361813819094504 0.506518735648824
-0.00171377165019632 -0.0470261991913462 0.0171272113806556 0.084407695249769
-0.00659438747559935 -0.0289349513938093 0.480823704312443 -0.419923629968899
-0.0144518942371298 -0.0164975334696837 -0.0292096539369967 -0.942530110211959
0.00169265494696591 -0.0168644057775164 -0.802949247836829 -0.364601355877368
-0.0160582001589581 -0.0177896884650765 -0.490302748045257 0.492399406456258
-0.0255813781501334 -0.000832120976566482 0.115927414449808 0.475503473351973
-0.0210360079323789 -0.0110666636732842 0.231724053050649 0.118786957074074
-0.0209292386276852 0.00051115795509391 0.0671717046834776 -0.183292665111504
-0.0144244255341028 0.00183870887350394 -0.0684149947289208 0.152548550494727
-0.0326643408010567 -0.0147929563536087 -0.163276222007179 -0.0752734716110063
-0.0116200210430322 -0.0270212998133502 -0.133116531544387 -0.435008667317486
0.0150708306791362 -0.0429258512345735 0.40170552677526 -0.458105887568063
0.0246003925076442 -0.0334081276117413 0.780591352819988 0.195228173875992
-0.0244175247147555 0.0057474418875871 0.219979298857391 0.836814219450017
-0.026954183979479 -0.0367452660697249 -0.391225633338954 0.485563009425081
-0.00985160436679416 -0.0440674764866697 0.0213696238032745 0.0750586537498602
-0.013974422576787 -0.0219659374591649 0.455489033126335 -0.446276124332409
-0.015670836705406 -0.00587409583682535 -0.100082014418739 -0.933060305092696
0.00616823098030979 -0.0136385467236032 -0.824071573586915 -0.299266287790193
-0.0136406181014544 -0.0236489943861079 -0.446705912889165 0.527668418923644
-0.0263984784902595 -0.00695057747928546 0.146085351764982 0.469737423889396
-0.0270003666337629 -0.0146529453050013 0.234095460139898 0.10576909883553
-0.0266878955497442 0.00153068254907763 0.0663283446981074 -0.189242463483832
-0.0179108950858582 0.0041550440404651 -0.0674384304947541 0.145999708170894
-0.0356930960974746 -0.0179582034697303 -0.160765731887034 -0.0867234024513271
-0.0106817133738734 -0.0341678091949475 -0.109001411658787 -0.439867367717848
0.0190665610896657 -0.0473344108852825 0.437598267802584 -0.427712019898345
0.0320581304755162 -0.0253697081582548 0.768128543697174 0.251638144028207
-0.0225710924815468 0.0170403151970978 0.158108181258727 0.856317946675868
-0.0326384225676493 -0.0283500879112787 -0.419842239011808 0.466161961721739
-0.0191000537794658 -0.0373537303078153 0.0212256106326557 0.0661485712764368
-0.0198758881168493 -0.0115974058096913 0.426347903823136 -0.470158314833534
-0.0127180417872257 0.00539590829586857 -0.171784583333216 -0.917172751813909
0.00938342831752506 -0.0103510594198524 -0.837319085282216 -0.234902174400806
-0.0147619657714879 -0.0282492882161081 -0.401587033705063 0.557721089981785
-0.0264947607551204 -0.0109481448924322 0.173313052345244 0.463567233782341
-0.0296308344023621 -0.0141257648096001 0.23710880962966 0.0946731932474706
-0.0307980987924297 0.00422479569473557 0.0688637973292913 -0.192558016181515
-0.0183934856401331 0.00638941108843701 -0.0626278260103535 0.143502944108508
-0.0347440338187812 -0.0180247330160952 -0.157026305160869 -0.0952074589228653
-0.00842324108610668 -0.0378220834248717 -0.090791348004958 -0.439721127251951
0.0199644164331321 -0.0483144174393104 0.464252562038097 -0.399301453258735
0.0373439452413203 -0.0172164995098184 0.752677194194399 0.299016698122885
-0.0191276251164161 0.0295566573744642 0.105126414539361 0.872740400801033
-0.0376123387382508 -0.0179956538378585 -0.446399266385002 0.453148896655956
-0.0259849159055839 -0.0293988315673193 0.0181073886073028 0.0617028820581326
-0.0232147346491368 0.00132539402902685 0.402625175991524 -0.484304187813973
-0.00651145872105574 0.0171840419038507 -0.222320035549123 -0.897465847120381
0.0129011815894194 -0.00694247214837589 -0.846636909402805 -0.181974965821986
-0.0186935227087741 -0.0285310323768806 -0.370801872309223 0.580681454088024
-0.0259429266070988 -0.0126652432482077 0.196305824038758 0.457946206478698
-0.0290655078213021 -0.0121079105814605 0.240843872433625 0.084418715388497
-0.0302200845528111 0.00750330028092553 0.0705149839692013 -0.196875063436705
-0.0167401471438163 0.0100454537276152 -0.0583335765005834 0.14205469092708
-0.0303909529698182 -0.0156291105200534 -0.152328002738451 -0.0981922258311265
-0.00572485036674908 -0.0380261039013277 -0.0763131935559906 -0.440102594833777
0.0178766701870523 -0.0469439140923609 0.479321402839977 -0.378647392444428
0.0402363725759496 -0.00944931671903855 0.739989609319296 0.33123598230062
-0.0144533457987369 0.0399522543636272 0.0660772952596393 0.884480909368439
-0.0400200097897745 -0.00811503891507981 -0.466002996737811 0.44533499601008
-0.0324088258376123 -0.0209976563096171 0.0116283956123302 0.0602137251554381
-0.0221206213510974 0.01326293650807 0.383038174316882 -0.490522599776439
0.00128994695749156 0.0261620315074474 -0.257018489126617 -0.880705867002158
0.0134552205710127 -0.00286658091756152 -0.850068247101512 -0.147335222334338
-0.0219004869664324 -0.0256509456927424 -0.349210489135254 0.594886247222171
-0.0241248966939249 -0.0111979796891499 0.211094411739104 0.453323556867773
-0.0255351235700457 -0.00832795882393546 0.243783782120147 0.0798229102434592
-0.0271771113084015 0.0125055446069185 0.074747490844875 -0.200590614531758
0.0121400547196378 0.00208837080993879 -0.0611509807854354 0.163681599621598
-0.00100624303016313 0.000888676542808563 -0.158817381183451 -0.0411399493315415
-0.00167466064924296 -0.000911197835583163 -0.199439551476058 -0.405911592981133
-0.00155922646666636 -0.0107472975165324 0.276246563223253 -0.524994166925946
0.001824387473842 -0.0345125414738224 0.782352807692209 0.031723569528853
-0.0103389236296572 -0.00727679337606099 0.395727548394566 0.774695516339127
-0.00390104973933327 -0.0343630645472369 -0.30687714926081 0.55386475356834
0.00956740059098025 -0.0371666303585284 -0.00808700942462515 0.108126611633471
0.0139510526236395 -0.0211196909461969 0.497483378586262 -0.358890084522765
0.00226160232530862 -0.0238893543225822 0.0892801356542679 -0.937115549623842
-0.00933117153627474 -0.0169791056952969 -0.759997237284767 -0.472297315983364
-0.0358564245611367 0.00321598711076622 -0.569814078896075 0.421317024500097
-0.0230617075749887 0.0202755165561643 0.0648210589915918 0.482047272039239
-0.00102288999588128 0.00958840291009933 0.234039749415148 0.14617166200501
0.0014107708141989 0.0112557512902664 0.0708825695001445 -0.173318878614869
0.00576944248203672 0.000851135274682851 -0.0646711520854749 0.162508450571358
-0.00991301351887985 -0.00328991085720788 -0.161877325815939 -0.0455292089343477
-0.00559452433112707 -0.00567261605173594 -0.194670029227565 -0.411447823554609
0.00167659749860269 -0.0182336133028055 0.291714036650491 -0.517455463383939
0.00427887905031776 -0.0373797091000136 0.783643716067583 0.0466362841123658
-0.0174541787517037 -0.00941448523561045 0.376921934693059 0.776838827756271
-0.00917569442951471 -0.0411315387395078 -0.311988282386644 0.540506759683036
0.00921482139190015 -0.0439680113693365 0.00151357139292106 0.102036672697278
0.0106965063722883 -0.02849721319894 0.499083317953138 -0.37295386836996
-0.00434045637885531 -0.0267974441445503 0.0692645288117242 -0.9384716206396
-0.00684176123812581 -0.0187026873676403 -0.767854138797865 -0.451186660750377
-0.0278663146166982 -0.00259064095439678 -0.551769153697338 0.433223250862013
-0.0240573975503209 0.0140555063086202 0.0754081116897413 0.47949038677685
-0.00811735034247689 0.0021087251684399 0.232185383526653 0.139009534119015
-0.00575310393711819 0.00700482654070058 0.0683470814177471 -0.176173248926485
-0.00230662638456566 0.000303217015644541 -0.0666535310630671 0.160512260742813
-0.0197476926096424 -0.00674602085885168 -0.16295801457501 -0.0535372859316053
-0.00921541197245061 -0.0120770190756737 -0.179300230889461 -0.418958348762489
0.00544046836352018 -0.027109735856368 0.320020895599073 -0.507322157844536
0.00838380134611106 -0.0392803900696187 0.785657365031564 0.0817163389247423
-0.0220678644711488 -0.00826280862944343 0.338930290092925 0.790894268061956
-0.01535641804677 -0.044054376937988 -0.330515292156267 0.525586744372356
0.0047329936419631 -0.0472619629437272 0.0112618796695315 0.0936747789804553
0.00266556790680909 -0.0309279384834219 0.491202824737674 -0.395941112903074
-0.0108546314570005 -0.0242994664272204 0.025208536449526 -0.941875692913905
-0.0030525992416922 -0.0188738002701286 -0.77960752646166 -0.414163841769476
-0.0209477582029155 -0.0097761686328111 -0.522984870689096 0.460658513733438
-0.0241579205022023 0.00692022855076355 0.0944608723644735 0.476249816009552
-0.014948099080001 -0.00580923745373718 0.230271883461815 0.129582771804009
-0.0132456012956557 0.00270933258131616 0.0654908741123384 -0.17977774695841
-0.00985497156459937 0.000779763667116298 -0.0690596968184769 0.156940379203512
-0.0274621896338331 -0.011690765130482 -0.164452581377266 -0.0638515818405384
-0.0117199002657953 -0.0198947562051304 -0.159837445407225 -0.426096562150417
0.0101154358485379 -0.0360024256364045 0.356888565516521 -0.48517922556323
0.0157044635775258 -0.0374710396886932 0.784004905005955 0.1304780049135
-0.0241075146532167 -0.00212919295665076 0.286535299372488 0.81134236317084
-0.0219010332607238 -0.0416666131134553 -0.358099514849967 0.505617818952733
-0.00278851640125959 -0.046687080924282 0.0174528778008758 0.0843481319267847
-0.00643230080339073 -0.0284653809555108 0.47518284651446 -0.421236715385177
-0.0152811732424534 -0.0164580800613958 -0.035793923132328 -0.939730232177459
0.00158625352162698 -0.0163950238775901 -0.800534134587828 -0.359031724854517
-0.0158438840739542 -0.0176262822000899 -0.485426197242897 0.491230796356834
-0.025222418790188 -0.000840477037723771 0.11897591713353 0.472734401748654
-0.0216134979242882 -0.0114334811700856 0.231538220149529 0.116334933772518
-0.020812263315628 0.00135528039547286 0.0655090253863107 -0.182610850502775
-0.0151168482059243 0.00126333533682434 -0.0680264916863065 0.151991713522474
-0.0337215478471805 -0.0154537566640492 -0.162760164539958 -0.075993505440984
-0.0129415243234256 -0.0279578020580088 -0.136518626900328 -0.432571520967293
0.0148411716482183 -0.0423949729079909 0.396874080401065 -0.45930263033448
0.0238405483801898 -0.0332468920965801 0.779332607278161 0.188133891507251
-0.0244376800745151 0.00587359227144018 0.223223966437355 0.833203410068143
-0.0277186231654008 -0.0370570329763486 -0.386498715607743 0.485099653212736
-0.0103073005243502 -0.044170875465682 0.0209984538815673 0.0746591075913746
-0.0140110648247574 -0.0222242641742609 0.451061189349748 -0.44881803109315
-0.0158654875632011 -0.00650304242510855 -0.107643917904289 -0.931301538124661
0.00578562602143356 -0.014313456726993 -0.821361878360685 -0.295316329669857
-0.0143099922040617 -0.0232619713012361 -0.440942959442492 0.527335433579478
-0.0260217380375048 -0.0066626848022236 0.149463379650803 0.467018834842452
-0.0271922408858704 -0.0141617372827554 0.233462758284061 0.103578057386497
-0.0268776662609727 0.00234624400714322 0.0649971054394071 -0.188488630805756
-0.0184240858877129 0.00407683405973092 -0.0665683700348314 0.147090100655168
-0.0353793449043073 -0.017161049649471 -0.160707107835529 -0.0867485162031474
-0.0118215504312184 -0.0339880944712045 -0.111920942210357 -0.437083552688424
0.0185640785374961 -0.0476778426785184 0.43362643190191 -0.4293766835801
0.0315903763104581 -0.0259040467498126 0.766016411852458 0.244491472032515
-0.0227018875932597 0.0180297066867825 0.16184589265271 0.850167846632077
-0.0342139687181496 -0.0291057541986137 -0.416012559092971 0.466897812700542
-0.0191467069287982 -0.0375267393049713 0.0215230768516219 0.0662690207070837
-0.0203615895249108 -0.0118467397402593 0.423916583173387 -0.468980399511368
-0.0123432438941145 0.00564513886578617 -0.175452261566811 -0.914620292567977
0.00977624455174587 -0.0112682355491487 -0.835243588926873 -0.227821173067665
-0.0154644403915364 -0.0278876391234471 -0.399420457881541 0.55764685474473
-0.0263806808681587 -0.0107102136036904 0.176710944698701 0.460804635143347
-0.0301887257474402 -0.013854047366685 0.237258504750696 0.0922522260254216
-0.030014407463445 0.0046653488221047 0.0670800246398889 -0.192784439922867
-0.0186338184088385 0.00629564068548934 -0.0613237422435362 0.143530234626745
-0.0352286001458061 -0.0179428680012485 -0.156916589173285 -0.094028176713055
-0.009438537339941 -0.0376679619029406 -0.0941102048344326 -0.437738477243542
0.0194557532093134 -0.048200669475273 0.459870919658455 -0.40036575522215
0.0375970241206693 -0.017361924738867 0.752845987037755 0.293011581222647
-0.0192477679868607 0.0299059347505213 0.109639242002313 0.867601695072646
-0.0385432924828813 -0.0184952694234648 -0.441620858481495 0.453740825076548
-0.0265557461200228 -0.0293888838941743 0.0175572423961128 0.0612147448781446
-0.0234903248295107 0.000727646820196607 0.397705043756035 -0.483408464734931
-0.00648931402090675 0.0165872102078816 -0.22832232495906 -0.893320674032448
0.0128912861258077 -0.00736711192383335 -0.845485353747779 -0.177253477175315
-0.0179231477842144 -0.0283408597104798 -0.366259246773918 0.581634146770841
-0.0262483127333277 -0.0128568376491225 0.196275407916386 0.453600569006675
-0.0296048612376393 -0.0117204668933586 0.240669781741833 0.0834740023823742
-0.029842168178826 0.0083722128407059 0.0687987234073708 -0.19666240413841
-0.0166377293804722 0.0101309839083151 -0.0565880386258545 0.142148748034737
-0.0310214143305248 -0.0159181001007755 -0.152867181464783 -0.0977090611038168
-0.00605254381027818 -0.0381552362813241 -0.07858630156647 -0.437111336822321
0.0175250928086356 -0.046938165570751 0.473653710233812 -0.379032585776945
0.0403271695187759 -0.0100151998464539 0.736427489494391 0.326157513687955
-0.0147115762026786 0.0400556680116739 0.0691171600011307 0.880114989735946
-0.0413132611525076 -0.00795937464081967 -0.463022619538954 0.447844272168733
-0.0328415739906487 -0.0210503057321689 0.0118752582884984 0.059589183434404
-0.0221444602286467 0.0136685291292628 0.37899507266006 -0.489690050358054
0.00133361548706906 0.0251051806245319 -0.260454991322465 -0.875246905546988
0.0128744610379026 -0.00300327228399335 -0.847729865572925 -0.143766606272501
-0.0224265169767696 -0.0249425558971256 -0.343792610201694 0.594203026849772
-0.0240591310606635 -0.0117139787705224 0.213095222770195 0.45075195047081
-0.025968202710886 -0.00788356702423484 0.244000857289144 0.0787703575030834
-0.0269569070127933 0.0129589759624132 0.0717605838783178 -0.199665439243336
0.0126480915267268 0.0019229059170474 -0.0604461907900311 0.163468252165739
-0.00172785790086136 0.000856229610245166 -0.158762439272684 -0.0418948805506449
-0.0020217316786632 -5.96032585731552E-05 -0.202030072088402 -0.403304047945961
-0.00182693032361624 -0.0112460624070604 0.270909178565302 -0.523453244687499
0.000635833690082901 -0.0344681792652616 0.778150111169398 0.0261970158446311
-0.0105106926827039 -0.00666592737084761 0.396630697682731 0.766697106731988
-0.00515324119658938 -0.0337601161723631 -0.304076205656947 0.552184111146251
0.00901354913991429 -0.0372940501610973 -0.00808541991594704 0.108165545424636
0.0130970029180354 -0.0216249689072435 0.492574039656508 -0.359794720576306
0.00220463645927052 -0.0243024088687448 0.0824283574344876 -0.930856820343214
-0.00975116080439017 -0.0164993313418405 -0.761054688554156 -0.465238578101269
-0.0354775763867665 0.00314274452433014 -0.566200202633048 0.421779093959472
-0.0232458472578607 0.0198124423923713 0.0687630462717347 0.479226449547543
-0.00133233449567394 0.00967470926838861 0.234717433088101 0.144038872224289
0.000988555700978427 0.0115967603683258 0.071238204673695 -0.173805736471877
0.00519137519508992 0.000557763099376713 -0.0637746887162401 0.163383791673083
-0.0097497922476792 -0.00271120240996555 -0.161923464852802 -0.0456237920310972
-0.00608953646894864 -0.00477682658151751 -0.197179416246857 -0.408312579608086
0.00138444520913289 -0.0186627515515509 0.286001331117232 -0.519069124640071
0.00307151731619186 -0.0378484246038596 0.781474797361838 0.041671643382461
-0.0172352374941736 -0.00851038285518363 0.379126435520388 0.771188611831284
-0.00966410524842146 -0.0411015098586364 -0.309612596372582 0.53998557030113
0.00881295042387001 -0.0441131030572727 0.00167675454522377 0.10206104695276
0.00937819442035544 -0.0278859715253708 0.495059530800673 -0.374907641949563
-0.00453557689032495 -0.0266525616946549 0.0650632083869168 -0.935902382924988
-0.00663559833481262 -0.0183252187855625 -0.766372764469168 -0.447211778731612
-0.0269427767305682 -0.00271965329962668 -0.547184609358305 0.433834315715158
-0.0241052710221255 0.0140659438880907 0.0778483895798558 0.477600452752538
-0.00839675905026691 0.00302981297485501 0.232602175184826 0.136672953903495
-0.00546961648414554 0.00718339928272023 0.0674305057802795 -0.175652739721325
-0.00225286228668434 0.000442708928261212 -0.0645053783343773 0.160608420712624
-0.0194885357421219 -0.00649539077925664 -0.162878589713057 -0.0537590175040224
-0.00994146056536696 -0.0114283761476208 -0.183186984870209 -0.417021762195897
0.00513062328466978 -0.0283132597386426 0.316102317580149 -0.505548136893853
0.0080514538771572 -0.0390895850982219 0.783344896733505 0.0764916916060779
-0.021568295902955 -0.00706408776026723 0.342555376328522 0.785582898161409
-0.0162272804909935 -0.0442848899477125 -0.325116417113167 0.523964063900567
0.00385747941025684 -0.0472694886282065 0.0105604824640159 0.0931179965511314
0.00224722967036395 -0.0309214802595236 0.486670177762216 -0.395259906834975
-0.0115456832100596 -0.0241238782613526 0.0196149886204356 -0.938969047415111
-0.00281717496334072 -0.0183427861740924 -0.780803174712791 -0.409050943404923
-0.0202183005933337 -0.009897320332668 -0.519038516146889 0.461927671614642
-0.0244476868989859 0.00686153298148284 0.0966773465114656 0.4740685990786
-0.0157683124838178 -0.00556139802611406 0.231860448803332 0.126345110430469
-0.0130380980754889 0.00402592598863033 0.0648446787513692 -0.179771266467635
-0.00926689160596374 0.00143461663501417 -0.0677633447045997 0.157030291547235
-0.0283414596393726 -0.0108755751005599 -0.164627352156052 -0.0643441712759579
-0.012809620941056 -0.0194571026785567 -0.163396611670925 -0.423825843432571
0.0104507208228136 -0.0365565595563745 0.352457773546538 -0.485485471983118
0.0155818013590519 -0.0373870695750731 0.782326759835283 0.125552395132194
-0.0241757081152947 -0.00151798857933614 0.288120568998628 0.805494698347596
-0.0229276356844144 -0.0423610314367611 -0.35442088328471 0.50356656494576
-0.00300614790227099 -0.0464858829512957 0.0167818740692776 0.0829728735560155
-0.00647775241380564 -0.0275637193959093 0.470139938493032 -0.421461551910547
-0.0150934079188711 -0.0167857718771758 -0.0397060955947285 -0.934968382363345
0.00203144911305082 -0.0162937373632409 -0.799560172121926 -0.354121399919622
-0.015496130892855 -0.0177539628698472 -0.481512990638874 0.492956657322427
-0.0246472503022615 -0.000703025858327624 0.12173413376805 0.470355751606565
-0.0214309094718763 -0.0111589263240764 0.231581764855863 0.114693088509893
-0.0206460743311539 0.00192085241457333 0.0641245600429441 -0.183208109422854
-0.0146917973271035 0.00174771010781821 -0.0660813444209199 0.152411330366537
-0.0338140777068934 -0.0142079385276121 -0.163237681746692 -0.0751814432635661
-0.0139419304847695 -0.0273711312416138 -0.139529119603969 -0.430993005119263
0.0143828531413413 -0.0439513255126528 0.391238663964065 -0.459523923616827
0.0232802129277854 -0.033498648702633 0.776719594576628 0.18436794518148
-0.0248093340780777 0.00678789765284431 0.227182403585793 0.827040689809244
-0.0291951538929274 -0.0361783987644862 -0.381575163109854 0.485286577749085
-0.0100010061482038 -0.0443435158791676 0.0210407769191111 0.0739369393920778
-0.0150144929340207 -0.0217454468772202 0.447218834007256 -0.447723001109715
-0.0159790442450144 -0.00645080919695971 -0.110894390449263 -0.926293903394928
0.00559395316176648 -0.0138152654485825 -0.818570495939059 -0.287691424316921
-0.0137721002933807 -0.0234602468781729 -0.43682753267316 0.52783234810266
-0.026411786984829 -0.0071347490642633 0.151430085845538 0.464371173182888
-0.0268491671879974 -0.0142833286966204 0.23436861562989 0.101994385374361
-0.0263426802796817 0.00267867632053507 0.0635710937473104 -0.187851683678111
-0.0186210353717885 0.0040239886962705 -0.0649583795596811 0.147056776279924
-0.0370600131477468 -0.0167157483638705 -0.161582693473353 -0.0856995598486726
-0.0122669072719874 -0.033671903557187 -0.115188928112936 -0.435475928779909
0.0182515656254002 -0.047755923119815 0.428133403098757 -0.428469977262698
0.0309903199155759 -0.0262912686131438 0.764249875229553 0.2397942438786
-0.0231577213100496 0.0187807645923591 0.167502164559424 0.846672755169987
-0.0350699402225417 -0.0284218398520846 -0.410589377065995 0.466701256330994
-0.019056693766365 -0.0378119824283359 0.0212885334397574 0.0661532012345361
-0.0207930447551971 -0.0110709585963288 0.419092570745052 -0.469242380549827
-0.0131233027398497 0.00506778461494311 -0.180028985172816 -0.905374895827454
0.0100738662563362 -0.0107702557106433 -0.833266499585853 -0.223256823086266
-0.0152352881442274 -0.0270013836608621 -0.39375088135651 0.558782709199043
-0.0265114553427882 -0.010882268879373 0.177511718009761 0.456828001814645
-0.0302707413253763 -0.0142153185385391 0.23766845573256 0.0897004828090697
-0.0299400191067943 0.00544339020668293 0.0650065217003636 -0.192274934108155
-0.0183406840407726 0.00670291954818494 -0.0605435940246675 0.14333531006653
-0.0354567892901221 -0.0175485580452435 -0.157652755589186 -0.0938384101130973
-0.00971943239646081 -0.0371093843740657 -0.0955426595260578 -0.437389516773424
0.0186506991892861 -0.0488975339452813 0.454807764371673 -0.401423149394607
0.0367068745748004 -0.0182725916993918 0.748399604481112 0.286538071887446
-0.0193084544158175 0.0303550744274423 0.114426364083949 0.864088359323338
-0.0393433026852407 -0.0183043476442109 -0.437552610818338 0.453412724247897
-0.0262242312396235 -0.0296467232688474 0.0175331316298196 0.0610601897976389
-0.0229163344721372 0.000519929996494486 0.392609420747901 -0.482641962312326
-0.00633864401235507 0.0160731307468637 -0.233417798509276 -0.88793372458537
0.0123122864457067 -0.00715468704975249 -0.843254371158895 -0.171411723145944
-0.0184341157953212 -0.0274775198072243 -0.359279177328541 0.581153422216819
-0.0267640633199605 -0.0128237605647444 0.200067753777021 0.451609535950184
-0.0300264897361574 -0.0116781988939708 0.240688806856397 0.0819974564823683
-0.0297635765387037 0.00927261888383737 0.0675974532177793 -0.196632411714727
-0.0160716904016852 0.0099857117618691 -0.0554228758551787 0.142892348538332
-0.0315255299249945 -0.0149901839810077 -0.153352004769861 -0.0973273461297497
-0.0074596889956062 -0.0377145358973417 -0.0829331381633885 -0.43654875637562
0.01632492771402 -0.0470146594056506 0.469377863817985 -0.38254822340622
0.0398361925521726 -0.0105600208495156 0.73552857503867 0.319212297508287
-0.0136880301980044 0.0409494659025392 0.073832114100895 0.87424915587877
-0.0414983952187235 -0.00779975477892693 -0.457192676505442 0.447848627691808
-0.0335578601296372 -0.0205913003024341 0.0118149618792019 0.0598759964974727
-0.0221287268426245 0.013167831946467 0.373603232640614 -0.488003213186513
0.00145381054009606 0.024902008272688 -0.264430313007622 -0.871328573776094
0.0146611021123626 -0.0028093563416394 -0.847191441926741 -0.137793728506707
-0.0225929566908732 -0.0243562818429604 -0.339657653759834 0.594486586833339
-0.0240995170547156 -0.0108085898051789 0.214898347950889 0.447204314716591
-0.025891459673951 -0.00712951701670915 0.244217975180851 0.0767639390835607
-0.02629673250421 0.0141650600824253 0.0704952856903842 -0.199916662434125
0.0123167440338964 0.00218921201132301 -0.0584005937653998 0.163394255159326
-0.00109661663143386 0.00113104831750352 -0.159281929403983 -0.0419195787009117
-0.00298097489224689 -0.000358620465452192 -0.204240587517855 -0.401423638927858
-0.00263008111251846 -0.0115656306838757 0.266676516535977 -0.521328365248902
0.00061450393219929 -0.0341747828364096 0.776099517175867 0.0221625111130651
-0.0101398298794082 -0.00621535959338509 0.398349787539881 0.760735861044659
-0.00552547016545964 -0.034750218982841 -0.298681861461245 0.550273450749284
0.00839990855884761 -0.0371948883771693 -0.00774249673567762 0.10599643623957
0.0140577376741922 -0.0205981698091114 0.489042626084923 -0.361534545967812
0.000741829629770981 -0.02441285748442 0.0794607273188801 -0.929085726954966
-0.00958787625069597 -0.015967244248217 -0.757879455121102 -0.461675105788903
-0.034878643594776 0.00388244674355548 -0.560619166730781 0.423719222629377
-0.0239000180229831 0.0199267356810652 0.0710353006294076 0.4780119932192
-0.00160404319496462 0.00999621887566208 0.234856090201656 0.142493763170986
0.00250622067040189 0.0119013268690378 0.0690223496084285 -0.173077347101441
0.00485238049493512 0.000524738553188001 -0.0624251582135637 0.162883069703447
-0.0102098317831093 -0.00242488182255714 -0.16217867590971 -0.0456183188927013
-0.00686093051085373 -0.00535711978317455 -0.198513294629183 -0.406810637341052
0.000867541807016433 -0.0187266228537673 0.281174108744847 -0.518476602630149
0.0032179857947622 -0.0383195957655337 0.777232786097032 0.0372196638790537
-0.0181152742303417 -0.00818418884965119 0.381291475418412 0.765984134373651
-0.0112772453686053 -0.0417157855719192 -0.307043548993067 0.537387250108914
0.00775650926905683 -0.0436180815389289 0.00114767335868656 0.100598465913028
0.00832382521219147 -0.0289758873191985 0.491167927365954 -0.373461887502352
-0.00546987602304608 -0.0268290231524482 0.0594319424619848 -0.931135292835516
-0.00645274013100999 -0.0189714905498902 -0.76530215859197 -0.443774108071939
-0.0271845523092649 -0.00227116236706341 -0.541856218208493 0.434712417191374
-0.0232547030391419 0.0131478149731356 0.0801670391681361 0.475852771046508
-0.00890535462130692 0.00199973132544483 0.232876929846308 0.134939205044723
-0.00505681039012876 0.00690509889358306 0.0660146615342184 -0.175182864664911
-0.00239817947915443 -0.000122447522823072 -0.0640053449664838 0.160810002849854
-0.0200486624296604 -0.006557233198473 -0.162627763151384 -0.0534128071868535
-0.0113249411978672 -0.01138541247475 -0.1840685077903 -0.413192152653225
0.00494917783327464 -0.0276037716565953 0.309714913244683 -0.506387142355007
0.00817689263137905 -0.0394517384746653 0.778730820502475 0.0720880544671732
-0.0219158497856467 -0.00652055280937974 0.344883431079154 0.780389987321045
-0.0179595198919268 -0.044625395306014 -0.320634094342247 0.522651712702572
0.00413436602317313 -0.0469427424893616 0.0109927454011965 0.0923843129203479
0.00251171453756571 -0.0315282266931778 0.482013393198317 -0.39628670496304
-0.0115806024800476 -0.024800885057172 0.0143275021996172 -0.936165272504453
-0.00266201919902275 -0.0178896814452023 -0.777443514977802 -0.404961460358015
-0.0203206341941563 -0.00900550484346446 -0.512852434617168 0.4615323257801
-0.0244913410729085 0.0065635372989268 0.0990014618373015 0.471082409568711
-0.0159560718070889 -0.00542810129968305 0.23176977137899 0.124824619226475
-0.0132835852287219 0.00436261012348611 0.0629816360206319 -0.179263439446984
-0.00944184233422778 0.00119725211090129 -0.0658488683978608 0.156997243757876
-0.0282496570990296 -0.0106856416599196 -0.164373680551372 -0.0642633904079847
-0.013254181403746 -0.0201154426038694 -0.166202985769517 -0.421325163607141
0.00946186858569027 -0.0368672904794322 0.346977482973785 -0.48521174215173
0.0148452595955243 -0.0378986373845191 0.779175434906803 0.118217306579776
-0.0244290006700165 -0.000369831876931907 0.291793545526353 0.799550199074046
-0.0240102958816367 -0.0418039371557907 -0.349371830495982 0.503790211314299
-0.00368047330829072 -0.0467738218496323 0.0172192025117004 0.0834019762205692
-0.00667134220231494 -0.0285103551522779 0.465701378072309 -0.421067132625209
-0.0150680488283458 -0.0167746808015198 -0.0425294762425091 -0.931721745412902
0.0026907974297107 -0.0169755735713277 -0.799621265591637 -0.349584628068067
-0.0155482993629523 -0.0169485072988616 -0.476779528116662 0.491854125050076
-0.02558887541579 -0.00113628806780637 0.125675713911446 0.468238398772184
-0.022215847366777 -0.0105732465402634 0.232018891769555 0.11279484928611
-0.0206333501232015 0.00333325144532211 0.0625344415132141 -0.182779055339988
-0.0150481719606042 0.00229259440091658 -0.0649961524389048 0.153384896287677
-0.0339941348921341 -0.0144455886353696 -0.162924191357479 -0.0752280815273953
-0.0144853124287727 -0.027707909791412 -0.142110533337429 -0.428646711343502
0.0131183492036177 -0.0437056912992397 0.38767905812613 -0.459842202125933
0.022667162224862 -0.0333464410576644 0.773392088545488 0.178648506576079
-0.0239642934680369 0.0078306504065155 0.230332320001187 0.821326329537819
-0.0304241086031805 -0.0367441115629581 -0.376869148841251 0.485814550348418
-0.0108938438692042 -0.0445480324948007 0.0204539853649144 0.0738195718843772
-0.0146775070944338 -0.0216684150239016 0.442855506431852 -0.448759501459226
-0.0161248142791978 -0.00671998451028439 -0.114734257304248 -0.922796108363944
0.00636975689962015 -0.0139944043888885 -0.816723585403404 -0.284530336915347
-0.0133063311374671 -0.0222384587136348 -0.430265637283144 0.525693383251074
-0.0258502691970121 -0.0068126612451829 0.15347853661153 0.461523190841058
-0.0275517755391248 -0.0134298081708509 0.234342785382942 0.100570036968211
-0.026075634091393 0.00309079457238189 0.0618353216606946 -0.188173202039092
-0.0186492949636345 0.00444247662081769 -0.0639962241058327 0.146301205194087
-0.0370529063621341 -0.0164054626598293 -0.16117246968348 -0.0861988366726445
-0.0134719978173509 -0.033736945278259 -0.118583302537835 -0.433327620817763
0.0171930996860169 -0.0483543508130228 0.422586339498986 -0.429109121072938
0.0305810708752448 -0.0267820933764542 0.760527233623974 0.23468854754682
-0.0223164739585234 0.018274869187373 0.168072904760452 0.840454921749562
-0.0355556513322791 -0.0284828607027087 -0.406530619267424 0.466977541452929
-0.0200332570264552 -0.0379077725560525 0.02137487302638 0.0660196394894837
-0.0206713657098672 -0.0108285596021117 0.413461264856889 -0.468305957793851
-0.0130451237763133 0.00508759575871903 -0.182997504284366 -0.902577644541384
0.00923385067928352 -0.011398154904112 -0.832470671234254 -0.220305103037676
-0.0156536786950312 -0.0277161654604859 -0.387986828952187 0.557789506022772
-0.0269100885119063 -0.0112242549251627 0.179583071672898 0.454641383078022
-0.0303624576086472 -0.0140230784355771 0.236588933750533 0.0881990331809409
-0.0296657654796283 0.0062658589239055 0.0641000836081289 -0.19211957357393
-0.0188183788108999 0.00610713996536993 -0.059044271100983 0.14347970562055
-0.0355825199484492 -0.0166718171639021 -0.157593632009515 -0.0924239596424171
-0.0102610053322916 -0.037287981407397 -0.0987144593041698 -0.435298211529316
0.0177001952665137 -0.0492064367475586 0.448722948217406 -0.401606093711355
0.0364710459640835 -0.0181901575169595 0.747042126742287 0.281760541264185
-0.0190416405926984 0.0310700672419225 0.117318815128769 0.856673034647266
-0.0399439867001576 -0.018035116815753 -0.431819946395448 0.452881352458597
-0.0279504984302844 -0.0302443646106845 0.017556531824558 0.0610019898494455
-0.0234431094721041 0.00168918646546784 0.389613939283955 -0.482315966124624
-0.00726534626267893 0.0158780441872661 -0.235031827716497 -0.882474344962227
0.0121712825126493 -0.00730926311935564 -0.840994150214567 -0.169826479427231
-0.0185884084498342 -0.0273165010298675 -0.356041604760914 0.580174540932483
-0.0263503009003954 -0.0125928694865913 0.202329917074265 0.44698233262383
-0.0307975195817139 -0.0111031200829057 0.240321215026321 0.0796992989594736
-0.02930107491539 0.00963777964016198 0.0658775825311986 -0.195903415549151
-0.0163314379897013 0.00968586630855256 -0.0538006916068947 0.1417499710934
-0.0321808594794447 -0.0145382917456345 -0.153409895724938 -0.0973004467401314
-0.00790323610974517 -0.0366692153168213 -0.0854546298510237 -0.434464243729255
0.015819058770364 -0.0472321807072791 0.464075757844522 -0.381715735216371
0.0395159099828993 -0.0112960936542707 0.733498006072276 0.313081688784503
-0.0147280444738211 0.041311392765033 0.0775774589689718 0.869885437344003
-0.0420042609925969 -0.00770418207994082 -0.452889845405196 0.446330420061262
-0.0332065280530743 -0.020895865359807 0.0117327053735831 0.0597424774412749
-0.0221811585500371 0.0135251657827513 0.370842731507262 -0.488656235506707
0.00101347219335106 0.0240578786639483 -0.267751949066442 -0.868145504401483
0.0136445714951878 -0.00288127282236558 -0.846747361648429 -0.136510403824617
-0.0225892010637722 -0.024483628886504 -0.335550326924844 0.593277253915067
-0.0243175855074313 -0.0117044203841356 0.216878938217098 0.444656050508636
-0.0265971994443633 -0.00709784088034235 0.244882008066626 0.0754022327483252
-0.0266994093766376 0.0143296870265079 0.06834561212485 -0.199313532409661
0.0116922918644933 0.00223201253637227 -0.0573877019948875 0.162745203005748
-0.00147559394407445 0.00112411018067514 -0.158906649147242 -0.0412814744338943
-0.00276121655272243 8.93219183170746E-05 -0.206513791155682 -0.400755320363444
-0.00359062057486972 -0.0116961464141874 0.264223911617579 -0.521876360864864
0.00044407950275658 -0.033884925724333 0.77261684303051 0.0179061798858022
-0.0104625197599581 -0.00628681937611584 0.400808298018706 0.757594835696658
-0.00780895089102036 -0.0350630374806214 -0.295612056859554 0.550354842510504
0.00799225029568631 -0.0369154628203505 -0.00803225181883432 0.106342724470715
0.0124182010603 -0.0212807911117538 0.484719223887203 -0.360220207669727
0.00119493575815927 -0.0247621202659878 0.0764432216559927 -0.926009054242752
-0.00917551485767894 -0.0163937484664575 -0.756958663570791 -0.457709246782837
-0.034720891126663 0.00406320115524287 -0.557494518805659 0.423386587553522
-0.0233557104443309 0.0199912257128809 0.0746356726029931 0.476363951821242
-0.00195312542891571 0.00983554703147038 0.236317317611564 0.140080134811723
0.00236520912068426 0.0124232376161277 0.0686261164485283 -0.172817896187111
0.00479682703060187 0.000766280041299366 -0.0614993973536986 0.162825332677461
-0.0106971992039236 -0.00271718509876945 -0.161349359382295 -0.0460354906777085
-0.00706061430948803 -0.00474678414794968 -0.200841577681901 -0.4045152101202
0.000337014319940362 -0.0196850219757161 0.278812368381778 -0.516427912254133
0.00202936593494758 -0.0375713236112648 0.773254600375373 0.0326877445026495
-0.0171700454533167 -0.00777151516099581 0.381853646816494 0.759532204334782
-0.0120024462484552 -0.0415856182649856 -0.303231474306151 0.537739275129978
0.00806505707970833 -0.0437328683565787 0.00146327967385136 0.100514101676715
0.00907663605630772 -0.0280452001952528 0.487264620807921 -0.373947456709343
-0.00586925761250839 -0.0271285233833408 0.056318669295793 -0.929548151755236
-0.0064400308483699 -0.0178504286706822 -0.762785179452691 -0.438917682034261
-0.0269806413015279 -0.00182034537713833 -0.540196574650147 0.434393777264814
-0.0236017402960229 0.0138402622286036 0.0831367452403677 0.473761358605098
-0.00947855575629456 0.00229915421224901 0.233033540416283 0.133117890777927
-0.00548481378082203 0.00829188372393094 0.0654534886612791 -0.175503967956749
-0.00305020688776598 7.25057536906932E-05 -0.061968238285794 0.160045619297101
-0.020183318908756 -0.00620611670418503 -0.162836857427396 -0.0540789164701642
-0.0113724849051661 -0.0113815301240572 -0.187639907268642 -0.41146384831755
0.00388582282483977 -0.0272726997390705 0.306352838139208 -0.504844438862756
0.00724441614100687 -0.0395179013542984 0.776196875374023 0.0686725916626704
-0.0221126894498365 -0.00567882760582953 0.34691414614335 0.774809242512242
-0.0185125626794108 -0.0440465313688961 -0.317716803266618 0.522760420371399
0.00246794459344843 -0.0473356960665339 0.00989761483789502 0.0921831795474184
0.00142638245141134 -0.0304938443681755 0.479071884369841 -0.395461434162765
-0.0120800725926687 -0.0240563795021475 0.0113394030107896 -0.931311127002687
-0.00248740795973776 -0.0177069676931077 -0.778243581496517 -0.401176642607419
-0.0202692032635121 -0.00957343346316994 -0.510581554246687 0.460762712354153
-0.0245372145694592 0.00628286956507455 0.100387663815428 0.468082609031351
-0.016586462961826 -0.00508930839538021 0.232909173073944 0.123326783219329
-0.012960020642384 0.00475484085810015 0.0621067014592981 -0.17915749672839
-0.00961541350842106 0.000556650904179444 -0.0650622948903701 0.156680029298294
-0.0286157390486963 -0.0103063418294408 -0.164059863196835 -0.0638534137348987
-0.0142552979443228 -0.0193073419004463 -0.167904125564657 -0.420542457256314
0.00879828901935069 -0.0367589110615595 0.344668126896151 -0.485000321765233
0.0148833037670343 -0.0377562292123427 0.774437509000537 0.115640759248271
-0.0239876998778441 0.000354608459991249 0.293143518899329 0.793796584660864
-0.025244895765845 -0.0413471369657973 -0.346571605727825 0.50259743545527
-0.00428480624394817 -0.0469834405642644 0.0168063654928506 0.0822100328325827
-0.00693710097000693 -0.0282874671521759 0.462558690915876 -0.420696497235175
-0.0165997290863882 -0.0168910421871419 -0.0467675274265688 -0.928687225896865
0.00203093725660472 -0.0164033528963122 -0.795571124013663 -0.347143305811506
-0.0154262986431573 -0.0159234586530123 -0.472956902320102 0.492817731656543
-0.0252819996839671 -0.000631184018887837 0.12779435972796 0.464660562894643
-0.0236912035231263 -0.0107226075194602 0.232064376344083 0.111657472661369
-0.0198359459161462 0.00374260692758941 0.0608289641319294 -0.182410553411959
-0.0153906538053165 0.00215973096304422 -0.0637229217421137 0.152600531755949
-0.034026215286512 -0.0140414077698752 -0.163033676914782 -0.0746450252356636
-0.0149202411172653 -0.0274601945499367 -0.144472773934917 -0.427353904704717
0.0129580270813823 -0.0437205545313504 0.384647210339582 -0.458635392124763
0.0226998754842371 -0.0339586362267263 0.769082170516463 0.173093361011495
-0.0245551050675523 0.00835135856397058 0.231032166359479 0.816797809368912
-0.0300265375145814 -0.036643524510818 -0.37484124229608 0.484079714894067
-0.0116982024215553 -0.0446311585422632 0.0204122806012846 0.0740978548678194
-0.0151284960567059 -0.0212577669986343 0.438633814530154 -0.446156264684029
-0.01673987247548 -0.00754941207515436 -0.118730916341587 -0.918612125138113
0.00609989646962206 -0.0136918233919045 -0.815579595045066 -0.281685670637976
-0.0139383611280543 -0.022915904067089 -0.428539187087393 0.525874568824795
-0.0266941976708059 -0.00747252478222531 0.155454111220423 0.459129228353512
-0.0284977839543493 -0.0132429143894158 0.234564183731195 0.0981225542655954
-0.0256943485536908 0.00410939211471928 0.0606031427011866 -0.187525453813522
-0.0183941740445513 0.00449377271199785 -0.0621634311430748 0.147582933483479
-0.0370902826318556 -0.0166157853669736 -0.161941264383971 -0.0859851544440886
-0.0140752464046145 -0.0331793863736194 -0.120646543915919 -0.431320904743953
0.0163374454747303 -0.0478425930895564 0.419957398414585 -0.427947179949859
0.0298040373416166 -0.0263349390418152 0.75868941835567 0.229941799447216
-0.0224868276355987 0.0192075328460389 0.17067187206516 0.837268441703768
-0.0366722437666889 -0.0288611201589745 -0.403979312927408 0.463934195802998
-0.0204892636500495 -0.0380971623262079 0.0200661922224076 0.0649839209109192
-0.020882986083051 -0.0106834611121606 0.410892949045668 -0.46779259436348
-0.0137342899855924 0.00500237532784605 -0.184228884809793 -0.898937209197938
0.00971433437591277 -0.0106910756446713 -0.827664298608205 -0.218217102948486
-0.015304397684996 -0.0263641992522549 -0.384453361868817 0.55555133290724
-0.0263704374761289 -0.0111578486941215 0.181892429801705 0.450988391422726
-0.0307091959625374 -0.0137391228992819 0.23636132537262 0.0872358949078812
-0.0294035324112345 0.00612512791862434 0.062522253651183 -0.191476163933519
-0.0196142405611728 0.00688606623096979 -0.0581762318531763 0.144074344972565
-0.0362350141745072 -0.0165771898149656 -0.157605037393374 -0.0927748944489883
-0.0117811242928436 -0.0369362445331061 -0.102832162186005 -0.432899882979681
0.0175982985823041 -0.0487589424343855 0.445194796393091 -0.401972643186873
0.0359883120319733 -0.0184715200423993 0.744945954423214 0.278043161409286
-0.0187123807768876 0.0313487889100443 0.12036095872533 0.852213107662131
-0.0409139555633601 -0.0182452987648366 -0.429411385824763 0.452161286376565
-0.0279075447161794 -0.0300511088806695 0.0177048215644124 0.0614212033269007
-0.0234420928930731 0.00177502578835682 0.386819615014173 -0.48137554105226
-0.00681110391334151 0.0151603930426571 -0.23733445049923 -0.880239407953001
0.0128087651429202 -0.00669378251033914 -0.837213823840515 -0.164511826560856
-0.0185997139447163 -0.0265855225309468 -0.353151757447392 0.578825976262669
-0.0265425933264572 -0.0127335968979262 0.203157627542811 0.444655827292725
-0.0302654420279505 -0.010537859716794 0.239938741006132 0.0780377928839259
-0.0296530371908884 0.0106119626544897 0.0650629048652649 -0.195228433257351
-0.0162326268948243 0.0102080415848665 -0.0532923687057521 0.142905844538925
-0.031835972460354 -0.0143841418327052 -0.154103694163381 -0.0971006746406215
-0.00879045207564897 -0.0369334494879577 -0.089014326148149 -0.431848714234078
0.0150018418257987 -0.0472900713526041 0.460278656664291 -0.38140938967825
0.0393461866293108 -0.0115235167854635 0.729922858504258 0.309151420128966
-0.0137932549460395 0.0415131874912882 0.0792042651349873 0.865980638664753
-0.0430731044267614 -0.00796779082640518 -0.449743803972806 0.447175070257374
-0.0333074363836289 -0.0214059760176344 0.0111349475439013 0.0598158563886487
-0.0217148031968198 0.0133794532410287 0.365924139425967 -0.48777056794736
0.00117127416904781 0.0238898138623191 -0.269440452183536 -0.862047880989407
0.0146923725378181 -0.00263262372951089 -0.84116597990148 -0.132031454740918
-0.022488690463524 -0.0245576847441899 -0.330738538775995 0.590286648269334
-0.024942711575689 -0.0122203664263917 0.218470349295472 0.441289044102227
-0.0271518662727949 -0.00689436239824867 0.243358232400109 0.0742686532126585
-0.0260036178569591 0.0146776550910348 0.0670756096241662 -0.199016423962573
0.0117709681707149 0.00244886174217939 -0.0562081473409189 0.163422697501368
-0.00226672367649013 0.00115442679285869 -0.159260519137119 -0.0407403241993861
-0.00366081573597484 -0.000966999002168097 -0.209068297030885 -0.397803176384245
-0.00311067230559389 -0.0120622374071861 0.259468715696936 -0.520043514098923
0.000229393259096589 -0.034373613741546 0.767225707313795 0.0162381985714074
-0.00969270869476256 -0.00458252008725298 0.399669972724586 0.75177387430782
-0.00820438499741725 -0.0345697977787484 -0.291438243529618 0.548684579653291
0.00712511404955743 -0.0376772663442054 -0.00785438591209099 0.106428611811827
0.0127102310922568 -0.0216877254919493 0.481572336202426 -0.359629903164457
0.000439672727029428 -0.0244836843398856 0.0723833921143401 -0.92010720997345
-0.00854043985350251 -0.0160102135109325 -0.755136619405423 -0.454716346235232
-0.0344111068921454 0.0046048493762074 -0.553349627992293 0.422653482810932
-0.0223807840100407 0.0199824278530164 0.0752421104919423 0.472542774041727
-0.00269920858141775 0.00958597275267022 0.235253985581383 0.138179216838884
0.00208347181034504 0.0130957773479065 0.0672236814625436 -0.173398292449861
0.00447971741433839 0.000845727525643603 -0.0601226179811261 0.163331880062349
-0.0114173121298531 -0.00204664449417631 -0.161613220600391 -0.0457716393925427
-0.0084724601045094 -0.00465628748982818 -0.203442481494986 -0.401608701242566
0.000231703705997856 -0.0195258599844459 0.274042771877032 -0.515173668529286
0.00246105859286747 -0.0377930800845245 0.771262385746504 0.0299010244836813
-0.0175789323937314 -0.00678839648470506 0.382172454299351 0.754602325587886
-0.0136720920925836 -0.0411530135518678 -0.297714910804454 0.536339221812806
0.00687655979880926 -0.0439210036978236 0.001201738419071 0.100873013129095
0.00885638290467596 -0.0285311712933812 0.482820133272097 -0.37516864549055
-0.00638161236428572 -0.0276750559944426 0.0520729713403513 -0.925008420436766
-0.00616065996923245 -0.0182592218047002 -0.762474564326325 -0.435788182876888
-0.0263900184860856 -0.00131743628285447 -0.535527846506669 0.43482004291554
-0.0236663402574647 0.0135957941554217 0.0845203520783974 0.471026735831419
-0.0103615158677657 0.00171415896291852 0.232980552668771 0.13088447931745
-0.00540082857519011 0.00882231996729376 0.0642034939722039 -0.174953247229792
-0.00217950931459885 0.000206103884739212 -0.0612380074135162 0.160305034613897
-0.0209262553769311 -0.00607718412325239 -0.162442422219736 -0.0530623918234919
-0.011958404430009 -0.0116321069378316 -0.18928748931351 -0.410048087314261
0.00385578565051943 -0.0283943858394075 0.302754094310685 -0.503732114140201
0.00657764774828727 -0.0390769986951441 0.772566176650475 0.0635500354429457
-0.0219196661114233 -0.00489137515733248 0.346599656471922 0.769670965177863
-0.0193925702422926 -0.0439967892468172 -0.316663921727928 0.519769360161098
0.00207994652265243 -0.0472592420912034 0.0103815066830601 0.091963430716755
0.00140061109217062 -0.0309748923664808 0.474650007061903 -0.395756190947754
-0.0115476240231394 -0.0246797604964061 0.00814675463505252 -0.927748897933308
-0.00235144511174057 -0.0172738593211759 -0.776769447922943 -0.395503343991543
-0.0200296673802061 -0.00883046600132216 -0.505694971048832 0.460442544310982
-0.0246810914902725 0.0060474213322615 0.102437325171369 0.466069862268503
-0.0173609238884374 -0.00489277169824776 0.232191551708609 0.122334986942454
-0.0132934295831986 0.00496053250095442 0.0612712019732654 -0.178442757503369
-0.0100926240310444 0.000364924963218413 -0.0637917954014049 0.157160823913938
-0.0288492457333646 -0.010162287796877 -0.164108380238155 -0.0639053462172957
-0.0150172286667443 -0.0188170871477054 -0.171331576757048 -0.418700035274771
0.00824900641930137 -0.0364139091906092 0.340097434513426 -0.484166514863954
0.0135704740745275 -0.0382369406134334 0.770474122945647 0.111594951095525
-0.0245432928980283 0.000599629162990067 0.29264704755485 0.789513804617217
-0.0256453405814731 -0.0412806117678436 -0.344584927141165 0.502052375380191
-0.00475190377295038 -0.0470053642844245 0.0164383239704879 0.0818281702503117
-0.00738458448725322 -0.027803278186554 0.458496018753859 -0.420534772982711
-0.0159074932355292 -0.017054969922022 -0.0498895855889886 -0.92497653044074
0.0020952022767421 -0.0160955811693292 -0.793910092555016 -0.343563358176971
-0.0153796793562987 -0.0164075212237456 -0.469033206644505 0.491611532454478
-0.0251494797235684 -0.001440042011229 0.129421665597885 0.463222389482286
-0.0238467992452377 -0.0101479233571972 0.232375031772738 0.110135595075442
-0.0201219141150605 0.00401409299477106 0.0597682511585084 -0.182205134331207
-0.0151623467491616 0.00174643497032401 -0.0623170123182013 0.152553769650042
-0.0345595401799292 -0.013439200048814 -0.16314627856608 -0.0757104452998296
-0.0155607102319829 -0.0268947935391928 -0.146064722106792 -0.42465457879999
0.0126844083342817 -0.0434781913230791 0.379935666011115 -0.45810767833932
0.0220962499134468 -0.033265865820532 0.765501127067134 0.170812544872244
-0.0245687938591068 0.00950056762872657 0.232961689482667 0.810982095071893
-0.0320830994565054 -0.0363788889654325 -0.370699514841878 0.48371605451021
-0.0118766489363621 -0.0441616167772412 0.0202870067641666 0.0739691205151272
-0.0149027798610604 -0.0217644113074909 0.434209438888033 -0.445109862368897
-0.0164357442671565 -0.00693444383372554 -0.119748626289972 -0.915099265391038
0.00621926825026923 -0.0136926447689179 -0.81262820259311 -0.278161425858965
-0.0137001938031499 -0.0224109160432392 -0.423592493074719 0.524127131353646
-0.0258059374668524 -0.0072377131989086 0.156401631576344 0.455093162582956
-0.0287007690859389 -0.0128793356487332 0.233795421250789 0.0977910151378347
-0.0257513446358982 0.00395843492741478 0.0592139162376963 -0.186132557767681
-0.0185159967745291 0.00416490283088326 -0.0609231596927631 0.147160774346247
-0.0378130054903608 -0.0160666633804611 -0.161174825284522 -0.0853420449690877
-0.014665761016128 -0.0331527662778681 -0.122895409038671 -0.428466443820764
0.0157676825366195 -0.0480117643334601 0.41625971871328 -0.429000534006441
0.0297093848265202 -0.0265614659388219 0.753245782961407 0.225987500634218
-0.0222089694968059 0.0200329806605146 0.17215380186625 0.831875197730822
-0.0372910140142433 -0.0280982683960272 -0.400589772531674 0.463713369599116
-0.020886733060807 -0.038416163131032 0.0203738359437785 0.0659356221994739
-0.0212560888200159 -0.0104651403284957 0.406637061197897 -0.467085390739525
-0.013493134992111 0.00463904246417632 -0.188654340167097 -0.894386559018433
0.0100188095477664 -0.0108626003422239 -0.826396143994902 -0.213957602727161
-0.0153699120560551 -0.0265900174614498 -0.381415302163771 0.554670497204529
-0.0267995636088037 -0.0111721196474845 0.182624262851442 0.448626447406186
-0.031473627158296 -0.0132733548034349 0.237498086206496 0.0856639948415973
-0.0294639936996029 0.00767733393600837 0.0601652901152261 -0.191095439506108
-0.0186140991557301 0.0067923926740072 -0.0568176310718928 0.144619704447742
-0.0370179765826998 -0.0160961774333905 -0.157517007648163 -0.0925783739844354
-0.0120652734569195 -0.0357335297431869 -0.10518048360297 -0.430766586760632
0.0174990968102754 -0.0493667791895715 0.441713432526845 -0.401178643866305
0.035026230853097 -0.0191992654826639 0.738438111118304 0.272025167598462
-0.0184888461141726 0.0314090995317203 0.12131043026919 0.849009253321776
-0.0412610930947265 -0.018175849814167 -0.424356674160639 0.450777913175152
-0.0282303086063417 -0.0299993644950944 0.0172660126647455 0.0613324955793624
-0.0228760692488469 0.00155622526247419 0.381844158617481 -0.479613686521704
-0.00727628709223168 0.0155662424862066 -0.240469963644674 -0.875243000833954
0.0132783135886237 -0.0069460288844262 -0.833481645236065 -0.162746303102844
-0.0190341680852943 -0.0268330716291163 -0.348234526076727 0.577446059551843
-0.0266780956595926 -0.0136004031970724 0.204924272839829 0.442617362946332
-0.0310807416052181 -0.0102562855240695 0.239174723610898 0.0769130740914476
-0.0282306877098392 0.0112734869233748 0.0618820434075104 -0.195654768892883
-0.0158775441165223 0.00990716126457452 -0.0519358491627951 0.142738379635673
-0.03235139274317 -0.013796020951106 -0.15378325268325 -0.0963422380698975
-0.00969199151008099 -0.0368502229013045 -0.0921799402310277 -0.429875996398413
0.0148458268835059 -0.0475356211098449 0.456603459480374 -0.381046290013174
0.0388157633594197 -0.0117743697001359 0.72595566470081 0.305228529107647
-0.0135947366070938 0.0416374328496842 0.0811314693621777 0.860784718492392
-0.0437730788035733 -0.00833908466525648 -0.446554230239341 0.445304054817177
-0.0341247079394609 -0.0211516914776355 0.0109272553846938 0.059888173523409
-0.0216133680586065 0.0134850732932782 0.363850241749411 -0.485280213995313
0.000733086230370047 0.0239335903229163 -0.270844043565692 -0.85746856602265
0.014503559841541 -0.00267155751644596 -0.838059102920988 -0.131159829105125
-0.0227589576560034 -0.0235269984573249 -0.32691991281682 0.589787103186095
-0.0247061563420267 -0.012501585769399 0.219696561128499 0.438737256718097
-0.0275547372588402 -0.00625007291902242 0.242835080801567 0.072257347404316
-0.0258053039026311 0.0151198610458387 0.0666353942030459 -0.199183186401386
0.0113555450282195 0.00174968949246156 -0.0550467050786876 0.162855825317739
-0.00276672646590735 0.00116255903352181 -0.158035054363213 -0.0418163547499742
-0.00446917657083699 -0.000429122115201892 -0.210831912085159 -0.395747293526258
-0.00370749630478462 -0.0123052728375582 0.256162692240121 -0.520244704854891
0.000204108006882383 -0.0342671110192161 0.764925860024191 0.0149773403344913
-0.0098735562583224 -0.00421354030446381 0.400981952207324 0.744993323778084
-0.00979367639802556 -0.0343950346459566 -0.289856848940673 0.546716966949198
0.0064440869136303 -0.0374443011402299 -0.00749676759491464 0.105899025560933
0.0128235912682445 -0.0214194089260104 0.477811665127822 -0.358768416587738
0.000699952035197279 -0.0249448474580154 0.0682566515276456 -0.915484457276825
-0.00907865945579454 -0.0154760369926005 -0.75082670406669 -0.452158287229664
-0.0339687774380396 0.00466614140422927 -0.549440753731603 0.422959435813501
-0.0225061483567024 0.0188277057919764 0.0775976965900267 0.470085981745383
-0.00338342945558508 0.0100912272003992 0.235335966703428 0.135764819594998
0.00209885293028879 0.0134501133024047 0.0660725679092912 -0.172664124450967
0.00443592040967716 0.00018603570510672 -0.0582524110656125 0.162609115359754
-0.011651309376779 -0.00203588558517151 -0.161169981293138 -0.045310227859254
-0.00869952135741414 -0.00412127524394685 -0.204935528167967 -0.400788193295827
-0.000387487383894652 -0.0198550025267036 0.271620569925095 -0.514097289394624
0.00206251194622126 -0.0380233075476644 0.76766308639691 0.027148727496698
-0.0173561648006974 -0.00626326874082997 0.381853124708523 0.74877867503029
-0.0146676403350049 -0.0397923201902659 -0.29567534427702 0.534812987718494
0.00655870523873445 -0.0436984842712774 0.00215409029787488 0.100048316533977
0.00910784541760008 -0.0285133822572122 0.4789185794219 -0.373245577721014
-0.00568016567657239 -0.0272820742606081 0.050368845612217 -0.919698047700184
-0.0059774851047838 -0.0182320482309168 -0.757759673903768 -0.432478885192123
-0.0265547336223902 -0.00122216467751475 -0.531200388994984 0.433432589503876
-0.0235333909014939 0.0135592820224375 0.0864931427093539 0.468086444212536
-0.0103619156490915 0.00290508168817124 0.232806093295199 0.12907160902821
-0.00453706314374978 0.00936362752183706 0.0630924097281696 -0.175010512080049
-0.0029507482626315 -0.000154287410444595 -0.0595838290243475 0.160345705796726
-0.0204547249448528 -0.00581236643486391 -0.162301952141878 -0.0533630710883492
-0.0128188413075195 -0.0110841586480053 -0.190502446513845 -0.407112388124861
0.00327359834358447 -0.0283441964293283 0.298794900810794 -0.501341651433413
0.00622316953564572 -0.0387872243449112 0.76660488529274 0.0624547972574309
-0.0215025575287861 -0.00416265806156228 0.346034908861734 0.763725703963757
-0.0201583018415494 -0.0434660106192861 -0.312239844220588 0.517462813513606
0.00228282869309326 -0.0472485861234289 0.0105051137409874 0.0920287214297883
0.00152325809783225 -0.0302135813184628 0.471601036007907 -0.392870571449768
-0.0129050414174688 -0.0249516462952124 0.00405797643515727 -0.923951018393752
-0.00222254685870265 -0.0176747714735397 -0.772724827435301 -0.394485392583988
-0.0199621377296865 -0.00830406355732954 -0.502989451153553 0.459742643306448
-0.0242516943009793 0.00592052173271746 0.103669529519006 0.463576496707762
-0.0176134524584567 -0.00510002129341236 0.231924823587857 0.120628956271526
-0.0125630515481816 0.00600952224142116 0.0593510009690394 -0.17842426881737
-0.00934532127317852 0.000799867091737077 -0.0628261712830648 0.156849474203017
-0.0293624748405438 -0.00922704600000399 -0.163227644262421 -0.06307900684677
-0.0154980312280093 -0.0187067182486947 -0.171086353591616 -0.415302300629653
0.00779962729946787 -0.0375808965048986 0.336659331554557 -0.482082554850743
0.0137677894530822 -0.0382789230911785 0.7657156842916 0.110876195947772
-0.0243239381175177 0.00128983896220975 0.295057907934357 0.784625199597647
-0.027510015978011 -0.0408520536437929 -0.340283152843437 0.499458621169897
-0.00539970278597147 -0.0471942428705143 0.0157719073603734 0.0819601458476352
-0.00771634127653337 -0.0280342617058643 0.456702503465047 -0.41935375650054
-0.0160674508579911 -0.0174748620471291 -0.0526685578010722 -0.919858759928389
0.00223845673109911 -0.0155599343704363 -0.790572351680041 -0.341319762813725
-0.01522156380164 -0.0166402685281876 -0.464422296135273 0.490763979707851
-0.0249081843047806 -0.0009071657659236 0.129723578830027 0.45885849716389
-0.0238034373999279 -0.010403905168845 0.232023786429273 0.108245849785282
-0.0196645656941284 0.0048333744483125 0.0593650462466145 -0.182276234884172
-0.0150907199017086 0.00220275804021511 -0.0615780355859972 0.152492470034274
-0.035359204686989 -0.0125129820161883 -0.163299373971121 -0.0746504243221639
-0.0158788056291105 -0.0260018143572274 -0.148800991803063 -0.423442553993116
0.0116389247987638 -0.0435520094287972 0.378055170529307 -0.456263452667701
0.0213007716093054 -0.033585011244915 0.761788186224026 0.167928665065038
-0.0240074543928016 0.00942579731953235 0.234634814608754 0.804980119656627
-0.0327287035310952 -0.0363979002380572 -0.367362031264674 0.480926998243841
-0.0126262441200811 -0.0439537770683533 0.0195301355903503 0.0724728110005233
-0.0156015790129445 -0.0214816234238366 0.430796424295317 -0.445146483768452
-0.0170485484441633 -0.00708511197037577 -0.121469315212552 -0.909653820627976
0.00607534675339832 -0.01373182615071 -0.809492768855694 -0.275539369474953
-0.0139698226313218 -0.0216911020821668 -0.420487461159258 0.522381303975792
-0.0263282441398209 -0.00734200024855072 0.157805724506853 0.453147373432484
-0.0294152958746431 -0.0128947680208656 0.233028151896315 0.0961639678378851
-0.0256814014266277 0.00467850708823097 0.0583169029063212 -0.18661784495627
-0.0184870601699091 0.00396072381377655 -0.0600314847020932 0.146827822885242
-0.0380421393288758 -0.0153295136873211 -0.16132295426832 -0.0851287344748934
-0.0145399663485002 -0.032867470605976 -0.125379645705011 -0.427986520497904
0.0152968562702751 -0.0486732219537 0.411284417277197 -0.42738356566595
0.0294228853426924 -0.0266872294998857 0.751067446067541 0.222550167685874
-0.0216056782876122 0.0206711123766439 0.172981977894653 0.826833280847012
-0.0377199427269903 -0.0280804382639962 -0.39788648276837 0.463849318904112
-0.021177453400595 -0.0383808347820065 0.0198400675545175 0.0656426740802651
-0.020798485548738 -0.0104669771058227 0.405633382354994 -0.465679400463968
-0.0136942287458233 0.00460335547217429 -0.190251771119722 -0.890956344308661
0.0101963701027717 -0.0101653412972946 -0.822697780605424 -0.212702344395854
-0.0155881368874901 -0.0263530198021655 -0.377242200330053 0.553390550895057
-0.0274874150125287 -0.0112079635381688 0.182791832448487 0.446434172458082
-0.0319615474427911 -0.0123868246068736 0.236169380857953 0.0842018282181578
-0.0288161936038876 0.00799630429753849 0.0600963851034456 -0.191086770833079
-0.0190370956839844 0.00723387968045135 -0.055052530505076 0.144119383711501
-0.0366075952056617 -0.015426031706575 -0.158428679698582 -0.0926890640848062
-0.0126800488316373 -0.0361216950133969 -0.107710069786427 -0.429387478802795
0.0157668543291288 -0.0494987833006666 0.437455944211686 -0.400630966359088
0.0351402624475117 -0.0188598099440646 0.735871012371388 0.268824542587331
-0.0178967535826702 0.032371713005403 0.121798229938014 0.84430750045249
-0.0426339209387714 -0.0174243239348432 -0.422017969531246 0.45016348373441
-0.0284344518740863 -0.0300333145264742 0.016439527058981 0.0610617488746417
-0.0232874015548786 0.00156348345306234 0.380166224361924 -0.477038024178247
-0.00769147422133584 0.0156172521455977 -0.241119057071697 -0.870827314990026
0.0129983051485045 -0.0068106154463259 -0.830182519080138 -0.162970501288648
-0.0195052154178316 -0.026170945196933 -0.345348233330759 0.573653878951594
-0.026459972253012 -0.0130533345519872 0.206309228042184 0.439226822119265
-0.0314253422572102 -0.0102043144395699 0.239504342191309 0.0760928967142791
-0.0289646032951664 0.0117092899062319 0.0618994946976787 -0.194150994090893
-0.0159095031708785 0.010258636398282 -0.0512988380241525 0.143116998625907
-0.0328659325221099 -0.0130075502496237 -0.154726094604793 -0.096290032730025
-0.0103346108334741 -0.0363092299476677 -0.0939956100660473 -0.427826786359029
0.013591296474187 -0.0474187576306556 0.452688357424509 -0.380294743206261
0.0379446048754363 -0.011553094052871 0.72240138243065 0.302140120836256
-0.0135929537553489 0.0421046776943522 0.0813902633871509 0.855896533620997
-0.044274065731131 -0.00667600859266381 -0.442812399069129 0.444553053729226
-0.0342882612746333 -0.0213768049249475 0.0110405372116677 0.0596308662272833
-0.021933509494885 0.012628044348382 0.359562877903066 -0.483425881268612
0.00115157065890735 0.023051365835088 -0.273093600586323 -0.855349795951897
0.014512938416163 -0.00264294593943491 -0.835874198771732 -0.127750236109097
-0.0232489868083406 -0.023921978189658 -0.324033359638393 0.586169464124072
-0.0253287985167706 -0.0115976302057 0.220497849930493 0.434700510958317
-0.0275296361368022 -0.00615388722484456 0.242617795234288 0.0712676425723469
-0.0251253147342562 0.0161162129335105 0.0651837214895826 -0.197894564363104
0.0109561318527596 0.00206367836376868 -0.0535254836732238 0.162785510162283
-0.00321480604815946 0.000652911601189764 -0.157681966024204 -0.0417174318232281
-0.00448564824860391 0.000704459140407454 -0.211294512349546 -0.394154372646977
-0.00383734904747755 -0.0119897492994435 0.253533830543006 -0.517438548894115
-0.000785933604021377 -0.0334457658648153 0.760660506853884 0.0120298095410629
-0.0100396309037391 -0.0036016186704032 0.401368823937392 0.740852014709093
-0.0100970902076944 -0.0339530018504343 -0.28815070703751 0.543948365052019
0.00607808667356658 -0.0371571947639225 -0.00892790260806787 0.105761393850476
0.0129209771056892 -0.0214604352860853 0.474373953772704 -0.358085703862567
0.00025337341723396 -0.0248626476078747 0.068557670551119 -0.912050289011875
-0.00833895602182289 -0.015626472111421 -0.750059166769942 -0.44978308033514
-0.0338103069146977 0.00538597954892863 -0.547943103721669 0.421752869491597
-0.022263717710467 0.0190840218416901 0.0785812902498575 0.468475542932146
-0.00342348150787796 0.0107168071386207 0.235713714806595 0.134645025858422
0.00261456038022157 0.0141008687293029 0.0654145279945629 -0.172169043662234
0.00373172029477005 0.000419986320495132 -0.0575444690871249 0.162397808284575
-0.0125393543398584 -0.00206462647396447 -0.16108598745857 -0.0452539014509718
-0.00851570160032306 -0.00467583829398141 -0.205876936241731 -0.398117628098281
-0.000744087492659752 -0.019550426784642 0.268875871168432 -0.51212056974478
0.001302936746503 -0.0373571493007722 0.762530060786106 0.0268438030693835
-0.0168987342048633 -0.00569087608225576 0.380486786183739 0.745839536099372
-0.0158572245114794 -0.0407526295202707 -0.294968098017831 0.531082296250841
0.005443282159318 -0.044101483391003 0.00159090745423937 0.0995417763072767
0.00863401174032799 -0.0293294823597555 0.475424428095824 -0.371913755629089
-0.00677699058087834 -0.0267571520910981 0.0485860484943152 -0.917622112851137
-0.00630389231512654 -0.0176065722612095 -0.754970742568425 -0.432634076175651
-0.0259845404242426 -0.00055620749505142 -0.52890769131766 0.432019687047714
-0.0234778382934707 0.0130156959599892 0.0854894908868652 0.464784746114645
-0.0102751615849634 0.00300800686697093 0.232966841234191 0.128143812138792
-0.00459871701495048 0.00907451070913911 0.0620550232142115 -0.174574779140242
-0.00328484518056779 -9.28037647383939E-05 -0.059236524926188 0.159958399375555
-0.0215662161985751 -0.00556258124811722 -0.16216297216465 -0.0541837853939315
-0.013507612276027 -0.0107343226165444 -0.192039968217347 -0.405463859667001
0.00398964568395432 -0.0279773705647707 0.297134766019169 -0.501246778921082
0.00561877358092126 -0.0389800483541886 0.765130214669294 0.0594316815775836
-0.0220087523892479 -0.0038978159947629 0.34436297533592 0.760590439734167
-0.0214843663384612 -0.0428267374908802 -0.310933358298748 0.516811402695737
0.00145535307924023 -0.0464389367854668 0.00954563520171671 0.0913469586276663
0.00109958317101836 -0.030176337741205 0.468360093721088 -0.390964136526151
-0.0123872579244438 -0.0243665199242853 0.00422350205330892 -0.920657022046875
-0.00244235315296567 -0.0173571323939285 -0.770047741872572 -0.393945063047204
-0.0196895729865209 -0.00865526676898976 -0.499749415991129 0.457218158556677
-0.0235485083846493 0.00598551992167897 0.105570277732127 0.461237915360564
-0.0174346997982787 -0.00450853518791786 0.230992729369683 0.118878032110579
-0.0123161022381489 0.00625015464763693 0.0588124383435478 -0.17870816534023
-0.00994380991097883 0.000641244338331095 -0.0617910039585546 0.156795954380297
-0.0301278706665202 -0.00928315125556866 -0.163687905209762 -0.0638018598266871
-0.0155970915172768 -0.0185719203322767 -0.17464498457186 -0.414597744766842
0.00710128015698823 -0.0376179905709734 0.332787973429537 -0.480824356939827
0.0131652604299977 -0.0377658251260231 0.76394231345071 0.109590657747099
-0.0239956966260274 0.00190325007061723 0.293527234392594 0.780589179501609
-0.0280593423114296 -0.0409942427566301 -0.338224407416119 0.498239372845997
-0.00575572331875068 -0.0466120345346436 0.0154314845260073 0.0821178862644089
-0.00771802404062273 -0.0273298405223702 0.453495097235076 -0.417460482809486
-0.0166070911307734 -0.0179197160216401 -0.0549609237021273 -0.916843523383527
0.00233414871651054 -0.0157146846308229 -0.788649014240484 -0.340223726117258
-0.0152064831912197 -0.0155317703165326 -0.462176028260939 0.488220241342617
-0.0249610522257053 -0.0012367156975686 0.130610414795459 0.458245287742624
-0.0246204592646397 -0.0100833781763191 0.231725027067707 0.107224159372883
-0.0203295102264423 0.0048377924708003 0.0587795906440712 -0.181107960139466
-0.0154288458087366 0.00198615750516621 -0.0609562554620052 0.152214620050542
-0.0358654135676859 -0.012711566383824 -0.162394267544336 -0.0750119832723544
-0.0164744640670141 -0.025998856957357 -0.150843567871772 -0.421228766136787
0.0114341502593611 -0.0439586887155657 0.374219066714052 -0.456776781585989
0.0212561655131344 -0.0335825050410141 0.757789197725924 0.165450686486006
-0.0241883730907707 0.00958617245037793 0.232741664149592 0.800782926185443
-0.0329281104757004 -0.035630310247501 -0.366008284106284 0.480197605497482
-0.0130849529289969 -0.0433823233665967 0.0192361441278732 0.0731324933152925
-0.0155454157610319 -0.0209282418287506 0.429535596219125 -0.441539349766775
-0.0173865187259126 -0.00777591470860452 -0.12292569618887 -0.905731216940596
0.00608903734434446 -0.0132784057874516 -0.806131744032157 -0.275589626052025
-0.0140434204457975 -0.021653867723345 -0.417384772389748 0.521676542716849
-0.0260251316609726 -0.00710538052544828 0.158487288278764 0.450418370492613
-0.0296062170311352 -0.0120380254143941 0.232412912203574 0.0950662596307717
-0.0252450179890472 0.00578399469616894 0.0577191076354423 -0.187023142282168
-0.0186147723584068 0.00426805819853668 -0.0589820188401925 0.147486846789481
-0.0387341857912795 -0.0148092697023567 -0.161007701215413 -0.0852590223392725
-0.0154165901426055 -0.0319273255135897 -0.126779471202386 -0.426124020421983
0.0147371205199371 -0.0477308567483221 0.408034617783883 -0.426207649970704
0.0293138370046854 -0.026753214389903 0.74752032785474 0.221012638772457
-0.0221109087729494 0.0211306070137203 0.172646258764711 0.822652046977577
-0.0388728385598465 -0.0278154126767585 -0.394791649442926 0.461134330972891
-0.0220530547438103 -0.0379000061370293 0.0200814111019135 0.0657798359062587
-0.0209382934088451 -0.00970663441286052 0.401300349470006 -0.463200122382664
-0.014081457500704 0.00440814052543074 -0.189375216023515 -0.887111903214632
0.00985658067172936 -0.0106088166600342 -0.819920912568887 -0.210597798857177
-0.0148416411458073 -0.0256313890710356 -0.374108234783489 0.552233126705037
-0.0270259470816416 -0.0121719037829854 0.183466900450561 0.4427426754582
-0.0321273682876163 -0.0124077632721504 0.236077341675721 0.0833649224446993
-0.0285243049934721 0.00805809584091332 0.0585668633581011 -0.190700728330942
-0.0186510622793561 0.00691268590587222 -0.0549974998608851 0.144265613163053
-0.0375897276240392 -0.0148727956340881 -0.157961618972248 -0.092230581822825
-0.0133394150150855 -0.0349295924632765 -0.108293573495249 -0.426390841604386
0.0156163258576115 -0.0491587033507635 0.435551970935159 -0.399252650665295
0.0352330268659099 -0.0187971799545831 0.733330832452429 0.266407908786738
-0.0182475804197682 0.0322709823695145 0.122430670344173 0.838142913050878
-0.0429328903220195 -0.0173862846915337 -0.419554787107299 0.4472352724695
-0.0294538329529909 -0.029848277434664 0.016201281045333 0.061097513119585
-0.0235852604992002 0.00131110025653255 0.376905837231089 -0.474395424029195
-0.00737714435802681 0.015024127590533 -0.24040649182603 -0.866625809646152
0.0127322693432696 -0.00627867828131122 -0.827910467738111 -0.160406435677605
-0.0188878970523608 -0.0259657738882631 -0.34173131354907 0.571520909217122
-0.0265789835325917 -0.0132083662976902 0.205623988534351 0.436078254204525
-0.0310050851903356 -0.0094690135612626 0.238302545737392 0.0754428661741025
-0.0278639548906077 0.0117133781255779 0.0597570967917092 -0.194001440370969
-0.0163911499399829 0.00975846466787262 -0.050903229067317 0.142446851222761
-0.0334378234622598 -0.0128674406207594 -0.154077639193931 -0.0965262844499743
-0.0107430020143924 -0.0355991011014183 -0.0959431165638515 -0.425934559956193
0.0136400418633458 -0.0467282521520916 0.449749914659102 -0.378544746929684
0.037697274881426 -0.0119434705233538 0.718811501242049 0.298673004797048
-0.0128000665113852 0.0425153832962207 0.0826120470444755 0.851465527223101
-0.0446811598739005 -0.00757138371083427 -0.43850413352781 0.441478738985724
-0.0352516181579683 -0.0213041266565162 0.0106149966487907 0.0597503840208834
-0.0217271217920392 0.0124645623571946 0.356159431565447 -0.48085047716689
0.0006393558520803 0.0236457925896925 -0.272427739896864 -0.850215201111813
0.0152494766609418 -0.0030033776409862 -0.832554367186614 -0.126153165697208
-0.0225945667879195 -0.0225415890001286 -0.321137628894771 0.584645492906463
-0.0251229042788068 -0.0118339062142804 0.222154125876825 0.433535550716564
-0.0282293564429566 -0.00562654041657822 0.242240764961597 0.0711645062780568
-0.0255225880210663 0.0162528491552095 0.0632740961441537 -0.197406574975265
