TRXV5
3
4
4
9
string Extension=J
integer IsArchMeasurement=1
integer IsSpherical=1
string Generator=SPM
string GeneratorVersion=1.3.1 Dev
double ArchRadius=0.449999988079071
integer FrequencyAxisIndex=0
integer AzimuthAxisIndex=1
integer ElevationAxisIndex=2
Frequency
5 201 900000000 1000000000 LIN
Azimuth
7 8 0 2.74889357189107 LIN
Elevation
7 15 -2.74889357189107 2.74889357189107 LIN
Polar H Real Part
13
Polar H Imaginary Part
14
Polar V Real Part
13
Polar V Imaginary Part
14
Polar H Magnitude (dB)
12 0xC0000002 0 1
Polar H Phase
7 0xC0000003 0 1
Polar V Magnitude (dB)
12 0xC0000002 2 3
Polar V Phase
7 0xC0000003 2 3
0.00449291295923145 0.00753498166759869 -0.1522777709035 0.0555804014107917
-0.00785431836891184 -0.00215220348916573 -0.0848833970384454 -0.183799494223311
-0.00649212712560344 -0.004268518935039 0.123185965899031 -0.466841904216323
0.00381210121830473 -0.0134568835488117 0.559588027394856 -0.239532636093624
0.0160213462661313 -0.0353655819415034 0.630522623054754 0.465955882262344
-0.00990070033308549 -0.0237124013427682 -0.0273237572141428 0.838346839199032
0.0114855721430721 -0.0468499975376258 -0.451296670788934 0.377511213602161
0.0298026769883198 -0.0434806835439373 -0.00129782155772491 0.0867337095257782
0.0262054262452738 -0.0284237822303163 0.54196154432385 -0.235405562337748
0.00858539050641027 -0.0359534662525269 0.322242571823192 -0.835177390478557
-0.00362809805518195 -0.0259702778847327 -0.524026274005702 -0.692031476670247
-0.0317318060325388 -0.012468980525395 -0.689266927138591 0.12792019862912
-0.0292818016120777 0.0016120631284859 -0.199408392486381 0.455744002652912
-0.0104064485512563 0.00546230204680922 0.106497745877668 0.263128998411067
-0.0068314383142274 0.0129450807584748 0.170129792483519 -0.0671229719939375
-0.00114656190114338 0.00342497703532173 -0.152683643004277 0.0543669874865446
-0.0126945252603642 -0.0108755904086008 -0.0813343074617508 -0.189992540820719
-0.00491293714966267 -0.0121750536388368 0.136174866688957 -0.464961425174071
0.0125397204745211 -0.0189915792116207 0.574177985850836 -0.218550975175371
0.0236577154564626 -0.0322168496977642 0.618438843636859 0.486892453342264
-0.0136266475992348 -0.0185787516069612 -0.0534927048602249 0.831671072737862
0.00229662779000707 -0.0473469821045283 -0.454949707168251 0.361474746663979
0.0192759183524416 -0.0467776006788964 0.00943880467370136 0.0802243062940039
0.0154278879669771 -0.028769151236056 0.543573964198169 -0.254019752250017
0.00371910437731032 -0.0295935106194686 0.300550309799894 -0.84905371031493
0.00316945692300029 -0.020794351013885 -0.541013574807228 -0.675277273119316
-0.0210036183787021 -0.0147034687880685 -0.678363424552782 0.152888600261881
-0.0258352116120774 -0.00499734560687418 -0.185801516498373 0.459717927234898
-0.0128582256924071 -0.00514227795581005 0.111160739473736 0.255538792090394
-0.0117337764465724 0.00578304754255216 0.169550973171327 -0.0735431165001169
-0.00786382650601401 -0.000524313161672063 -0.153007216756154 0.0503990522632566
-0.0178583090470366 -0.0200122209961973 -0.0769672693673034 -0.195273582997286
-0.00144169956134141 -0.0202756150849673 0.148552920358742 -0.461516635106066
0.0226144371652185 -0.0233381118245632 0.589372635063053 -0.191978408104942
0.0309802121036369 -0.0251542684557724 0.603589183264142 0.511031935123228
-0.0165349468457355 -0.00852099502492013 -0.0869792240705053 0.825508927427572
-0.009399849012739 -0.0427401251982886 -0.462394090040617 0.342591459264663
0.00688802621353234 -0.0470109892400172 0.0156590103530472 0.0722474388252738
0.00205539705773809 -0.0241043472688674 0.539686956127221 -0.275718334024904
-0.00187101488298951 -0.0194061735323239 0.2664222539392 -0.861644536075608
0.00990638556415758 -0.0134258969510072 -0.563759507807242 -0.649476484489173
-0.0105655273979495 -0.0182851576258143 -0.665419655291125 0.183532842212413
-0.0210799047654209 -0.0128687477677038 -0.170037096034175 0.465232828710706
-0.015825796056008 -0.0141940649480775 0.116030524817516 0.248755595959444
-0.0186299941710386 0.000877962744147162 0.170417651055953 -0.0773658603412744
-0.0139247578501637 -0.00339833637479698 -0.151072870475459 0.0466480145240654
-0.0215860533006965 -0.0277439632444632 -0.0721533465576432 -0.199988284460741
0.00157175582435139 -0.0288326808333041 0.161832368566857 -0.45358083989939
0.0313395263224928 -0.0277268260485829 0.599323057707866 -0.165756438270121
0.0378609797844415 -0.015451318765673 0.584054919773672 0.537923663497113
-0.0214485766647414 0.00523427133638136 -0.125323751305929 0.820165043241473
-0.0224191361442727 -0.0358246080627294 -0.475310943570768 0.324577748038002
-0.00891997547290531 -0.0432041841681712 0.0176032685222037 0.0648782763652779
-0.0106278208356926 -0.0178250905318504 0.529329402932339 -0.294464330511025
-0.00647749731644059 -0.00503123873558864 0.228654780501558 -0.873258260729971
0.015750382147505 -0.00508959978293501 -0.588813709769312 -0.620982786972528
-0.00316928386055779 -0.0220225787899569 -0.651939968415431 0.215416357023175
-0.0177565302761651 -0.0198030551791338 -0.153021606616245 0.474209162504895
-0.0193055958030773 -0.0212649270086208 0.122339052464669 0.244436655776793
-0.0254806085898105 -0.0032757139556005 0.173119726890826 -0.0793615553632416
-0.019781476783169 -0.00501623440294376 -0.148153097022939 0.043858670955751
-0.0236852533659203 -0.0327762900255173 -0.0670223740232212 -0.201993376040951
0.00601963194580232 -0.0338985506518016 0.175703729800451 -0.445777150417546
0.0379916029059154 -0.0302959058036641 0.607538865362503 -0.138756320727526
0.0435765696773548 -0.00451696822113974 0.563522034369645 0.561251774442654
-0.0244785883744908 0.0215350248068994 -0.157170092335463 0.815125147419493
-0.0345991991524097 -0.0256620068828018 -0.488720533843253 0.307927352123437
-0.0231206775426521 -0.0380406778235429 0.0137761995996393 0.0586019031071861
-0.0224207725235446 -0.00592024143441202 0.516702395163227 -0.310377230106039
-0.00827977074185293 0.0102237179363155 0.190503596509746 -0.876147695775405
0.0206407225899327 0.0022982227024876 -0.613428637459913 -0.593278538157726
0.00149175642520839 -0.0268773400964128 -0.640924198559016 0.24576993950609
-0.0145266704969693 -0.0259455565839967 -0.139619877561554 0.482633769298455
-0.0231329255756913 -0.0257789963422577 0.129098962497657 0.242091174394088
-0.0308400577202387 -0.00567983485721073 0.176349636565787 -0.079969745186947
-0.0229405378388764 -0.00476870478897739 -0.143884493276363 0.0444079807630781
-0.0243777680879092 -0.0344100123792227 -0.063221496961904 -0.20123539037686
0.00936100032360382 -0.0378355048183715 0.183935031360584 -0.43620538244426
0.0403580328418614 -0.03100986183231 0.609272771497359 -0.113183880359345
0.0454077510580008 0.00644553037832056 0.542513060113137 0.581953563323502
-0.0270945484030489 0.0365041534065799 -0.189439047244574 0.813026926786804
-0.0434722611465379 -0.0159780719487365 -0.503870888582064 0.300088704414801
-0.0340959439669713 -0.0302573294299272 0.00703478594765558 0.0545619465212634
-0.0308075783678572 0.00514875574411926 0.501323857430702 -0.320930219748984
-0.00900228847831695 0.0243977944309931 0.156597362361994 -0.878968926471971
0.0224879561731268 0.00782388858068679 -0.630839242852118 -0.570466107451585
0.00173798855749876 -0.0305005527085512 -0.632034643648183 0.268936810607984
-0.013175897776151 -0.0298043901509003 -0.127511050477724 0.492151709263287
-0.0249018468995625 -0.0257809432477553 0.132752680527198 0.241369485639137
-0.0344897547026457 -0.00409724568096228 0.179649015301215 -0.0794948482011048
-0.0239600924286788 -0.00210080065368616 -0.139651291778335 0.0472472524245921
-0.0228669719398224 -0.031950083530679 -0.0610483171001341 -0.198172403333325
0.0120498051667757 -0.0373000578032338 0.183006312295477 -0.428568260035681
0.0397062101200037 -0.0320031237125084 0.608416415901765 -0.10271704091401
0.0447487828024588 0.0138441365429903 0.533843713528418 0.591113175872922
-0.0276486412375892 0.0487294726325672 -0.202990346881231 0.815540712737267
-0.0504993518645471 -0.0057175316167878 -0.518839520183596 0.299093687865276
-0.0418117237174588 -0.0227530355722318 -0.00576797853598987 0.0543314190660113
-0.0351187358251419 0.0167971207971406 0.486081847203563 -0.319572183609146
-0.00823551695351329 0.0351021522874077 0.142327880296292 -0.872816514419326
0.0221192109872128 0.0130282182865016 -0.63920087317796 -0.560968946738866
-0.000405074488732199 -0.0327155136418794 -0.634449590789798 0.277499148255641
-0.0121593226053976 -0.0310257940253617 -0.126526977806881 0.497847355439489
-0.0263234010333396 -0.023906476969357 0.135391227791871 0.245976806128875
-0.0358266247125551 -0.000582107264941646 0.183392144423384 -0.0772778097832098
-0.0223218026198591 0.00140887615478195 -0.136180138854474 0.0497146369658158
-0.0208501854097186 -0.026382740039819 -0.0601435209295858 -0.194763903509638
0.0110018586644078 -0.0349316665404176 0.182179997911951 -0.424570088690435
0.0343376556616012 -0.0316493321803287 0.602694162599782 -0.1034458190599
0.0410695740684958 0.0161673372381509 0.530142680937783 0.592012336624299
-0.0266112154471496 0.0567965525686573 -0.208064601682808 0.823938951554949
-0.0510666956092507 0.00307912494785924 -0.528925117993401 0.30514823863423
-0.0434059770166852 -0.0152017507354594 -0.0192165366339771 0.0570443065586058
-0.0338574856852785 0.0254987132412767 0.475867058936828 -0.312713100975618
-0.0064563283382497 0.0426462013674211 0.139402462865333 -0.865189309941639
0.0184547188726831 0.0159604449822048 -0.643157141574968 -0.560498241476772
-0.00632188678853304 -0.0319693074840251 -0.639481993155857 0.278407136614732
-0.0126632172301004 -0.0288627139882029 -0.128430503099816 0.502374905462007
-0.0242926415752418 -0.0181328394232079 0.136196460808617 0.25234551992969
-0.0330536677367773 0.00379047903570907 0.185437970226008 -0.0729029487479638
0.00420336560200235 0.00787867151484511 -0.152197141398432 0.0557738129764536
-0.00793425411777387 -0.00217645119412633 -0.0848305706263581 -0.184334066163945
-0.00665275762840345 -0.00378872983534626 0.121291457103111 -0.467069768272335
0.00364998470671155 -0.0141709688204148 0.557417788169089 -0.240370663802873
0.0148101899365123 -0.0349229317170111 0.6287408787245 0.46272295961054
-0.0103391839208306 -0.0229408514656197 -0.0279015950306879 0.834043489231378
0.0105699086692064 -0.0475236566262609 -0.449021530530826 0.378223714214463
0.0294785293346901 -0.0440168736137002 -0.0018296990002087 0.0868221987781644
0.0257796464628281 -0.0279478282860789 0.539383301443129 -0.234519489343504
0.00843566925090544 -0.0360547784338552 0.321309700587939 -0.831912957163696
-0.00398856628289564 -0.0264911547178518 -0.522396019611494 -0.693105251830756
-0.031496462928421 -0.0130142519048124 -0.687167690170067 0.127269963947482
-0.0296676200308554 0.000710888713347471 -0.199082943960869 0.454289022403529
-0.0103772701265417 0.00523992114224939 0.106849620294311 0.262783604229687
-0.00696058656806196 0.0134732659480344 0.169700575040886 -0.0666594674303632
-0.00133873638228159 0.00297816520306501 -0.153329171634011 0.0536218774185268
-0.0134977179352481 -0.0109254041641312 -0.0808195221327755 -0.190246667576894
-0.00535797506515852 -0.0120091515377999 0.132215786649116 -0.465664946678932
0.0123545064565143 -0.0184405248670436 0.571220101474205 -0.218898421797711
0.022937239550436 -0.0323811173968806 0.614775785698857 0.484528481938856
-0.0135032575339562 -0.0180979089679747 -0.0556852046940249 0.829539798302449
0.0012665477948868 -0.0471189190322913 -0.45261823886615 0.361168790749896
0.0192288122993523 -0.0466286027685904 0.00881442844128748 0.0800846273132882
0.0156821473563331 -0.0285535631159873 0.541948082399996 -0.25279429509959
0.00351410275536259 -0.0302566439951175 0.300004315738127 -0.846904547869839
0.00259404407847773 -0.0198972820201955 -0.540024270346273 -0.674177784770597
-0.0209511991143762 -0.0143526245148897 -0.676294157100554 0.150707817996766
-0.0256798160897754 -0.00524222872807343 -0.185370015285092 0.458559177222403
-0.0133848898227279 -0.00533056249640271 0.111103090136115 0.25527432773389
-0.0110264446361013 0.0065626197958085 0.169552728526927 -0.07321193226994
-0.0084673601555465 -0.000929762810992819 -0.152291040362796 0.0486794238517876
-0.0178980422835308 -0.0197870396689455 -0.0770982239045332 -0.196312636564803
-0.0029546916417506 -0.0204851367675187 0.147205851869821 -0.462966116406401
0.022497456693311 -0.023957807007818 0.586399337201441 -0.193061574894659
0.0307740636590582 -0.0250220755089507 0.600792282438092 0.509609245466237
-0.0174518790194521 -0.00821025108958874 -0.0860393834582605 0.820111679557373
-0.0104250910332691 -0.0436825637515322 -0.460868991193311 0.341231290362884
0.00593094043419657 -0.0474743095338526 0.0159402123600656 0.0722808364806349
0.00362545765539161 -0.0244758146390145 0.536029646344704 -0.274597895319237
-0.00147230350524299 -0.0194770613530185 0.265854059414199 -0.859060633899528
0.010392173255598 -0.0125195311940747 -0.563551604776128 -0.650560634427391
-0.0107098367707671 -0.0181841338797402 -0.663718268870153 0.182817228040479
-0.020629780797697 -0.0125281348432914 -0.169009013342952 0.464133165056163
-0.0161745371528932 -0.0141118783828163 0.117027595362736 0.248838606387056
-0.0183231996355984 0.000755176880720047 0.170290210406513 -0.0758761371901407
-0.0140794938957204 -0.00326996831674252 -0.151200105400924 0.0464108145815347
-0.0220148488063853 -0.0268780434556127 -0.0718557079887902 -0.200088801224372
0.000962413914226214 -0.0282419921041296 0.160253025771255 -0.455618473672303
0.0311350148635627 -0.0275579832863883 0.595646316203464 -0.165354232729233
0.0379833567858168 -0.0150159456837161 0.582310450545074 0.536796073390088
-0.0206808853382949 0.00598691733791804 -0.12249392043521 0.816700728254218
-0.0229855047203021 -0.0360276917360891 -0.473782401558005 0.324319572826997
-0.0088108762067964 -0.043728435790823 0.016794750283754 0.0648118979918965
-0.0102230527829101 -0.0173572384999389 0.527460940139802 -0.292767893444117
-0.00548451532198298 -0.00487844752936322 0.228446347992101 -0.870712089989866
0.0160810051821605 -0.0047532894964631 -0.587523396072411 -0.620150238381746
-0.0027162537396689 -0.022613553396306 -0.652270982352311 0.213222031395144
-0.0168492037249583 -0.0205877907812347 -0.155047648969367 0.472931481194072
-0.0201802697184867 -0.0207811312102541 0.123006562974858 0.244343553993983
-0.0248482078827673 -0.0034847022685617 0.172403206223403 -0.0787699424935322
-0.0199671944767684 -0.00535418554243105 -0.148430046493127 0.0435658884361357
-0.0236529940552754 -0.0327126430656298 -0.0669189842836434 -0.202342809299393
0.00559821385261631 -0.0336851605507813 0.172985728267575 -0.446413182244606
0.0379106422370962 -0.0300042886065552 0.603712389162014 -0.136109435801444
0.043136358328794 -0.00433624853212854 0.560431922978475 0.560117212867279
-0.0240585684732235 0.0218919170419756 -0.157757648761888 0.812501189266487
-0.0346571748988639 -0.0266544687115626 -0.487987830665873 0.308464468259487
-0.0236750369005644 -0.0384316150301908 0.0132528517177112 0.0586879873855194
-0.0223973081371444 -0.00634859870190267 0.514322347834389 -0.307914197796477
-0.00843237977122134 0.0100835541292172 0.190263310325878 -0.873967032336168
0.0205654330968715 0.00220730270413945 -0.609944668216475 -0.592049241382712
0.00125118083684878 -0.0273240809310247 -0.639077595887923 0.245161086127847
-0.0144355742056476 -0.0260457299797135 -0.138879827580198 0.482004040098406
-0.0238561178741522 -0.0256602796837184 0.128798798212037 0.241746811020519
-0.0301907037587898 -0.00406695536772789 0.175347555310358 -0.0789189728591223
-0.0225361908140987 -0.00413781579061999 -0.143814003237984 0.0446223943701207
-0.0243278632164472 -0.033825553118981 -0.0641375846692009 -0.202652965434373
0.00885228315917533 -0.0376541984897917 0.181586756591856 -0.437196266584036
0.0412141008661397 -0.031332079929039 0.607858767591425 -0.114268669965367
0.0449435387593955 0.00616061741725703 0.541709833913251 0.579841571541759
-0.0270444820797173 0.0367569283442568 -0.19013754008713 0.810652855672477
-0.0451306272118442 -0.016214200859095 -0.502413153109273 0.298166795063727
-0.034332602669086 -0.0313071486773126 0.00595206861156868 0.0548421099729791
-0.0301310633601545 0.00492382010394223 0.498186811765856 -0.320270717387642
-0.00853499508576073 0.0238630962478027 0.158709457867176 -0.876069331726116
0.0227143989625996 0.00847498712267884 -0.630455695341226 -0.569728624795428
0.00214083200379132 -0.0303466737467218 -0.630457948617624 0.267789760720755
-0.0133080039005778 -0.0293319499524914 -0.127692255920255 0.490930408111058
-0.0258035288184638 -0.0265847325376835 0.132799241233446 0.242217861407309
-0.0349934788183521 -0.0036922168382368 0.179674271669973 -0.0785208232069675
-0.0235878765882863 -0.0022602491729117 -0.139979903808425 0.046921676885114
-0.0230041061156653 -0.032051965414 -0.0615358541741611 -0.199246745665979
0.0110001419585031 -0.0377293682374306 0.180664607034007 -0.430067062955328
0.0398882681546602 -0.0322083746500232 0.605789208702989 -0.103005292589329
0.044718878841425 0.0132364341021312 0.529537677844841 0.589071024667093
-0.0274569450870482 0.0495758958092702 -0.203424368222426 0.813488637172746
-0.0509056271353311 -0.0059246987929781 -0.515509151447362 0.297579062548574
-0.0423514059564733 -0.0227925821001975 -0.00689242588265809 0.0546006108185792
-0.0353905068347287 0.0167566677013038 0.484687886257897 -0.318855053052756
-0.0082887744997581 0.0358010793494973 0.144059773738085 -0.871246062275548
0.0224627823935659 0.0131782132274821 -0.639669178699873 -0.562120943743567
-0.00053649959530553 -0.0320656051966196 -0.630801715640869 0.278227676980971
-0.0117055563101012 -0.030713425172583 -0.124845082680884 0.496289333892928
-0.0267388214637389 -0.0236688356546511 0.135674318976752 0.245832030204645
-0.0356640037717247 0.000165190934704991 0.183143295823396 -0.0769923559424992
-0.0219507725881289 0.00164466720818111 -0.136005455348384 0.0494074811081207
-0.0204754457786978 -0.0266837744661773 -0.0601800193878838 -0.195211989444897
0.0104884327082777 -0.0348862968941246 0.178611693865777 -0.424422240448619
0.033276558619823 -0.0320544614754174 0.600159257923412 -0.103197271598824
0.040858768243597 0.0160227407289657 0.5276724823175 0.589785049128391
-0.0253399096615804 0.056659435211579 -0.205912490058147 0.819541879576955
-0.0516722213752367 0.00269855212402881 -0.526412387528121 0.303393354836566
-0.0442468374355756 -0.0158869774712546 -0.020024593977907 0.0565714067002471
-0.0341623569970473 0.0247435284750362 0.475046285442811 -0.31089481256426
-0.00656571519646184 0.0416038037366241 0.139171864635203 -0.863299115504557
0.0187675649115224 0.015814135775087 -0.642479237920487 -0.558959451704918
-0.00596657647599032 -0.0313740179904801 -0.63606511499973 0.27747734635768
-0.0120291739886119 -0.0282800925544006 -0.127874819569773 0.502013383009679
-0.0248197871143149 -0.0178936461849208 0.135994786134869 0.252127228797036
-0.0338512177710541 0.00494559172651339 0.185988783772244 -0.071904879707014
0.00425994386031226 0.00806025463962115 -0.152554790489743 0.0552776321101256
-0.00859104347874643 -0.00244424442759166 -0.0854870505336487 -0.185504032277176
-0.00763438794521983 -0.00415195637788217 0.119505143990854 -0.467534001961688
0.00362893090787354 -0.0148347415424289 0.556317565982765 -0.240010590261581
0.0153328328801013 -0.0351957867589614 0.626569358111389 0.46149658370403
-0.00983102747814893 -0.0224251781386421 -0.0269521887815472 0.830828932078694
0.0101168175808302 -0.0468159978010804 -0.448432904207044 0.377519100418681
0.0286619154144771 -0.0441973806495587 -0.00343380583538289 0.0859778158390603
0.0262167670958943 -0.0281313800733148 0.538879921471394 -0.233506193728356
0.00789163534385202 -0.0361311859327776 0.320932821361228 -0.830486526164997
-0.00344313013936165 -0.0253793097986578 -0.521643803519901 -0.69203603473964
-0.0319908517773523 -0.0126201203012607 -0.686645853269996 0.127441282092332
-0.0293681765920619 0.000875414593558109 -0.198174388046255 0.45306449383931
-0.0111031940379239 0.00511093083272929 0.106709932040474 0.262715118048132
-0.00621926649208221 0.0136932170007734 0.17006877874628 -0.0657404950439312
-0.00133354324396455 0.00377705751189419 -0.152279409769704 0.0537488833731159
-0.0132794174202757 -0.0106119622317808 -0.080539189251506 -0.190871365686156
-0.0056579653283179 -0.011477165135642 0.131309027725113 -0.465977795283689
0.0121413712510131 -0.0190762238527157 0.569009692688684 -0.218896677074596
0.0227914490272503 -0.0323829494048215 0.615064720085162 0.483226350671285
-0.0132810385905076 -0.0175797053730861 -0.0528425704638478 0.826387479299142
0.000850160373801704 -0.047616772838979 -0.452657698580592 0.359823404709402
0.0187002376571752 -0.0465603021413586 0.00876496431566349 0.0793674013406146
0.0153651052457866 -0.0290847977726611 0.540947586314139 -0.253297363832471
0.00316126965593124 -0.0305999174129094 0.298616660741016 -0.846806179900402
0.00347484190128159 -0.0200341635646896 -0.538400846694311 -0.674304011545283
-0.0212441485179038 -0.0140153054294281 -0.675298172367917 0.15142174530887
-0.0259233560062618 -0.00541018319115083 -0.18394748480402 0.457157534122553
-0.0144074832641748 -0.0049201631731458 0.111580867399481 0.255303211908302
-0.0111173703215758 0.00726818015603291 0.170207744059768 -0.072071677394286
-0.00856850267097459 -0.000282863773282636 -0.152295768354929 0.0486037428852085
-0.0184102602294686 -0.01992703047766 -0.0770255148905025 -0.196718441867803
-0.00323379189046416 -0.0204429544880322 0.144378963515871 -0.461656126498013
0.0214585523986068 -0.0237178466536958 0.583948246475488 -0.194504708381993
0.0309459978642397 -0.0244288459076225 0.598635035864297 0.508435642197529
-0.0173261289363482 -0.00746278281087722 -0.0856048495213902 0.819762543149318
-0.0113222151578916 -0.0434629265221858 -0.459339472989074 0.340595333376537
0.00552260235450351 -0.0472837437283042 0.0145854045221712 0.0722868437413016
0.00257245603586641 -0.0250380887166929 0.535428906314583 -0.27287829227119
-0.00221673271936376 -0.0185376000546928 0.265250435034999 -0.857803247801857
0.0105069022962804 -0.0121685683680283 -0.560174817143092 -0.649270429716804
-0.0103518278959154 -0.0172188096340368 -0.662303290894961 0.184117104043296
-0.0212681172250651 -0.0130282007972306 -0.16819108984194 0.463591144939891
-0.0167257567169987 -0.0137957475645591 0.117493191961083 0.249458907096387
-0.0180370643972615 0.00147165540649331 0.170426483735062 -0.0755674764988411
-0.0143739343598245 -0.00369689146995527 -0.151364061111811 0.0459723190914783
-0.0219508871706959 -0.02727057304735 -0.0720919035053081 -0.201166100807345
0.000423277771422276 -0.0286768456121404 0.159707221740695 -0.455064938884079
0.0308883643895242 -0.0282096783057792 0.594811394814413 -0.164836932338916
0.0380267388359597 -0.0155360014868632 0.580636040079946 0.534410997553054
-0.0205593662215185 0.00694157786827689 -0.1231818727985 0.81392680181294
-0.023476587193343 -0.036266071313083 -0.471336842291298 0.323125246217118
-0.00917612998496566 -0.0436722966028157 0.0163067540886415 0.0651077729919454
-0.010574952243313 -0.0173465134989093 0.525786237057576 -0.29344392014719
-0.00581211405975865 -0.00549524528624592 0.227889631614477 -0.868303019710301
0.0165171854041363 -0.00456261601220961 -0.586498364540729 -0.620023537166871
-0.00239078074451406 -0.0219865936420858 -0.64924370738782 0.212751626169282
-0.018313577377507 -0.0199198909156871 -0.152438204246297 0.473727106899526
-0.0201550626071459 -0.021017911758261 0.123281840221477 0.243852989039646
-0.0248397435553653 -0.00254014888282418 0.172909531498487 -0.0784020302635541
-0.0196275872537703 -0.00423721787388631 -0.147958085800386 0.0441982389832752
-0.0243845360485741 -0.0325549878969537 -0.0673044909001598 -0.20330790003548
0.00502568567185654 -0.0339134163767894 0.170010052020331 -0.44512038581049
0.0369736372817097 -0.0307083764664141 0.60238805641761 -0.136813558820586
0.0429034234183736 -0.00384928411918672 0.559417239051641 0.559387561373454
-0.0239526521999473 0.0224031794851625 -0.156332196111397 0.810382449769177
-0.0359404008128444 -0.0266662412971906 -0.487908975793694 0.307829972806425
-0.0235386813639135 -0.0388683932157479 0.0136243039587188 0.058192494950305
-0.0223409777719997 -0.00672128599533805 0.513057947978147 -0.308668145224376
-0.00856178252712893 0.00971255241096496 0.189824605232846 -0.873886333170303
0.0209169014374045 0.00209636705828588 -0.609492789716805 -0.590577945138182
0.000942536946928411 -0.0275685826761331 -0.63900036009192 0.24480864060472
-0.0147433741467789 -0.0265005604494108 -0.138223478052697 0.481728658620509
-0.0239864146340542 -0.0255224101902416 0.128531240663898 0.241549207845556
-0.0310031361195628 -0.00400970050296422 0.175403227819827 -0.0782874007410191
-0.0223322758889991 -0.00380347001853963 -0.143812122114992 0.0442830437559514
-0.0249830898079793 -0.0340331268905881 -0.0627049649308249 -0.20339761777513
0.0080961008338898 -0.037074070750671 0.179237133279078 -0.437634266403634
0.0401966764012623 -0.0317153454567918 0.605943961395763 -0.114383928019659
0.044680619867246 0.00600719626419217 0.540350467454366 0.578470974366106
-0.0264379873905955 0.0376736210349947 -0.186953296087923 0.807144204430674
-0.0448010772790395 -0.016011224064874 -0.501017801250934 0.296371208864861
-0.0347306733836783 -0.0313012894555599 0.00588193752886274 0.0544368509681669
-0.029978930490119 0.00493782359683464 0.49650208658144 -0.319825082887227
-0.00888915751435852 0.0233246075879319 0.157585038767824 -0.874232216488008
0.0228676788761344 0.00841303645657429 -0.627409096662785 -0.569412752479003
0.00219615405639212 -0.0299753769383398 -0.62954754425157 0.267558942515469
-0.0131999444568478 -0.0299603743333318 -0.126210363231229 0.490325895392795
-0.0261898036951417 -0.0258558643046008 0.132581143026947 0.242602705777454
-0.0337964540223463 -0.00255951049543996 0.178787860333955 -0.0783232781054698
-0.0234788867915233 -0.00225009918383766 -0.14022309580316 0.0467495076109059
-0.0232135843427588 -0.0320495480594056 -0.0617477025241949 -0.200027336845994
0.0103771864504249 -0.0373940640743886 0.179537058499128 -0.429702732723436
0.0388423564129459 -0.0321591470907635 0.602859957114841 -0.104162480416638
0.0439471345139585 0.0130966683142104 0.529977616556898 0.587973939250696
-0.0275653707658574 0.0497097050331222 -0.201731333615758 0.810248179529362
-0.051821843618337 -0.00627812126680865 -0.515097928264313 0.296892202918036
-0.0421060015876115 -0.0236626584060679 -0.00741144575637091 0.0541872675607225
-0.0346535625337586 0.0160341958032294 0.483352475929537 -0.319565026924596
-0.00834419471108557 0.0351209416009182 0.142414385519879 -0.868566083792611
0.0224935247369448 0.0135712302734375 -0.639026935102232 -0.561072246990512
-0.000330884830648713 -0.0316109946296619 -0.630866710410696 0.275093243691999
-0.0121632094098865 -0.0309200496226075 -0.123230295795839 0.496744150493307
-0.0267968605877661 -0.0226967326912541 0.136077153686599 0.246180745289644
-0.0358886876125883 0.000522633821720795 0.183042931010174 -0.0765079091594134
-0.0217744366210577 0.00158837307274813 -0.135960681802129 0.0488016325789255
-0.0216817119906468 -0.0264393826254841 -0.0601910336058719 -0.195824552376751
0.0103647486210168 -0.0348520699340691 0.176707748187893 -0.424337229196241
0.0331942721703271 -0.032128955323293 0.597537221681182 -0.102597152056687
0.0416756575297999 0.0157324496016501 0.525522628569255 0.587798649131678
-0.0257134250666115 0.0574068081716779 -0.20625625324129 0.816128783971836
-0.0520322608999272 0.00300999320510586 -0.526327074990572 0.302667222427107
-0.0441056153925663 -0.0159959094865777 -0.0200320297164152 0.0559024723023757
-0.034426016211066 0.0243565661982014 0.472299989497588 -0.311224988593174
-0.00643576016808192 0.0409067709466988 0.138590844833647 -0.860978631582847
0.0186218749327312 0.0163905772447194 -0.640521016887743 -0.559184739955565
-0.00666112615885547 -0.0307887634999382 -0.63582035776056 0.277357253548107
-0.0122404562028295 -0.0284440272696311 -0.127872921396912 0.501464172006494
-0.0247459394562826 -0.0176158991156682 0.136724506520598 0.252626251447391
-0.0338565662305915 0.00538086346275828 0.186198595748661 -0.0708219840794643
0.00407117775023999 0.00777363903151162 -0.152911243310928 0.0544213055108193
-0.00852398210162647 -0.00204433507446962 -0.0853978907668998 -0.186240604575512
-0.0077486080719022 -0.00401878739551997 0.11867298857317 -0.469345072193188
0.00294093488622714 -0.0144247019129959 0.554024210802684 -0.238798985050737
0.0150224795604227 -0.0355322974229016 0.623738177137274 0.461178941176889
-0.0101091708577679 -0.0214805383820956 -0.0271613778931077 0.828074178913476
0.00909536146088188 -0.0474255324477619 -0.447965602151772 0.376802801355207
0.028541176877032 -0.0443616094207127 -0.00299491698312958 0.0859452316632686
0.0256555046329985 -0.0281162724068536 0.537214101057446 -0.232968064573279
0.00793709351475631 -0.0360784752347812 0.322532733545187 -0.829671946623948
-0.0033549285243868 -0.025980647673355 -0.520074169392252 -0.692144749540745
-0.0312989280743277 -0.0120354888534064 -0.685917447314711 0.12746420510072
-0.0297670680382534 0.000876469357074961 -0.197474287767492 0.452934838946628
-0.0117322529454647 0.00508838493178327 0.106734155555448 0.263051319360675
-0.00640116002408539 0.0134889341391125 0.170270872339279 -0.0643778527086062
-0.00124042168727199 0.00356551991993843 -0.152431970226886 0.0528083748873089
-0.0143307197283366 -0.0112003185647518 -0.0817970399430376 -0.191676261863162
-0.00609596777878717 -0.0122684482855661 0.129247889029001 -0.465296688518053
0.0120645567754286 -0.0196030018508088 0.568552863752163 -0.218284402964596
0.0220390591664942 -0.031913263309057 0.611915441442232 0.482817768695234
-0.013581105669032 -0.0169827392738084 -0.0539796037866696 0.825205658955155
0.000155243062457022 -0.0465059081191004 -0.450914610044504 0.358555200738925
0.0178392377455572 -0.0470879912794675 0.00857356022512219 0.080144848643698
0.0158355360670259 -0.0287538569568106 0.53962073081445 -0.250832197891593
0.00198348796234313 -0.0300072132031357 0.29963320367355 -0.84404539052011
0.00327749758594915 -0.0199857487638954 -0.537751907438963 -0.674249809671404
-0.0210661564862694 -0.0141109836041734 -0.674582088465869 0.15021798141238
-0.0252433461062344 -0.00597343794405576 -0.18415396998133 0.457806081432394
-0.0141110832447319 -0.00480314312697199 0.111977455310478 0.255529302775239
-0.0112558940973479 0.00734774842512611 0.170176941009537 -0.0716242130768786
-0.00829041152721913 -0.000866056011973222 -0.15283512038888 0.0482087040214446
-0.0186729590346712 -0.0198688320894025 -0.0777562513912135 -0.197713516828687
-0.0035028127996963 -0.0202537770686951 0.144223147622208 -0.46210233107614
0.0219902339758888 -0.023851789731972 0.58148099573208 -0.193368248537957
0.030720165967913 -0.0248989483381416 0.596529173375321 0.506010794149142
-0.0171292699145269 -0.00585510552086909 -0.0858031581638586 0.817596197316681
-0.0116444765482431 -0.0433710287250436 -0.458078759542837 0.339598912678769
0.00464252913976986 -0.0473973480271079 0.0147533099910916 0.0715426145666939
0.00273036702620068 -0.0253973496554351 0.534315666410356 -0.272590523534337
-0.00136054438547213 -0.0197063424933704 0.265121437109265 -0.858750873190289
0.0101076138568068 -0.0120154756718775 -0.560582548762553 -0.650694001994048
-0.010267617997239 -0.0168418548599823 -0.661594356055159 0.181232755018927
-0.0213662943118189 -0.0129574645509686 -0.16816872049762 0.46405424894037
-0.0169118695472371 -0.0141899880106976 0.117322635071956 0.249273917946402
-0.0177270676126105 0.00171835351537925 0.17131299223349 -0.0750073446858679
-0.0141293379783624 -0.00332864668955237 -0.151137837461554 0.0457042617367259
-0.0227730499556419 -0.0275972906274739 -0.072583955306744 -0.200965529226957
-0.000544432148114644 -0.0290008800314542 0.157009530558578 -0.455463157562642
0.0304820330139594 -0.0273696748518923 0.594080483882971 -0.164722538049032
0.0374709040202493 -0.0149656372227081 0.579150886154637 0.532848887649917
-0.0204742936590555 0.00752864761006574 -0.124014410358031 0.811960718792745
-0.0239188794637999 -0.0364065599396783 -0.471890109627852 0.322761608186707
-0.00995573898496739 -0.0447814575751765 0.015389012319469 0.0652093260916856
-0.0103189057402436 -0.0176433634818874 0.525149732434277 -0.290069720973499
-0.00579379703576001 -0.00592364112714626 0.227751526066138 -0.869466647534354
0.0167983057339849 -0.00483373377362008 -0.583737735661115 -0.621240093168443
-0.00258195379989749 -0.0211871122243453 -0.648688759069198 0.212105679207604
-0.017933451783965 -0.0206030498646151 -0.152340766292108 0.471682127248171
-0.0203777175045269 -0.0208449340983424 0.123949537449688 0.244566400305691
-0.0249427203665464 -0.00202735411526339 0.172640188747478 -0.0773935450119848
-0.0197706176793291 -0.00431973491115746 -0.148297547201705 0.0428388682301419
-0.0241942709313339 -0.0318663551370688 -0.0669570835444077 -0.204253248834084
0.00459012178687772 -0.0342814835035676 0.169942119083678 -0.446462023274657
0.0372499432248888 -0.0307106508180407 0.601431042090819 -0.137183328939537
0.0426099832128971 -0.00409351582905109 0.557446439199616 0.557866448056212
-0.0242905742998605 0.0232989112073922 -0.15732569481368 0.807705218369413
-0.0370438102176723 -0.026532160112157 -0.485506007863269 0.308004831005962
-0.02452282119435 -0.0390399318768567 0.0124271584718501 0.0589084280409734
-0.0220041560484724 -0.00692687963679316 0.512520929546958 -0.306378766738322
-0.00830966328362662 0.00989161799924857 0.191363132147225 -0.871817775385364
0.0210216036060908 0.002797510948516 -0.609117867643464 -0.591775679795323
0.00169020178665003 -0.0261572316188132 -0.636601014732653 0.245138967098061
-0.0147931519563297 -0.0265297464008179 -0.138481690506571 0.481280049297227
-0.0243087264790483 -0.0249869582759409 0.128770312245246 0.241432538634144
-0.0307427912401746 -0.00369330638814306 0.175979914149409 -0.0783485074455492
-0.0231796251184982 -0.00440356384270585 -0.143633417249032 0.0428910037730356
-0.0252988736515684 -0.0342917832028039 -0.0636565397743219 -0.203744150815472
0.00773032840304157 -0.0364209540229792 0.176998121015097 -0.43764289103234
0.0401344519223672 -0.0318916760533601 0.603911707768647 -0.112847777728771
0.0447879886369432 0.00623820685057136 0.538625062085779 0.57906654150948
-0.0266227279033981 0.0376307282172464 -0.187768250036477 0.806788081487971
-0.0458618531667977 -0.0172074608193595 -0.500626977230076 0.296084797496386
-0.0356697692961325 -0.0313654210224042 0.00516453202802445 0.0547739203271736
-0.029404455466323 0.00514669467765467 0.496823125662677 -0.318158210963796
-0.00915965835470201 0.0235748991290863 0.157738458550996 -0.872484437470969
0.0228148769870061 0.00805600767357272 -0.628301238157661 -0.568645259195999
0.0021871190048047 -0.0294546805605996 -0.629110392802256 0.266687689171782
-0.0134341926119035 -0.0301783193211471 -0.126081343799392 0.488776879300448
-0.0268431310406754 -0.0262330291340132 0.134185257685022 0.242112359525791
-0.0345105475167644 -0.00211043796284829 0.179372436451408 -0.0778662463668155
-0.0231555108678573 -0.00161147755572143 -0.139996474907579 0.0463913659379529
-0.0245639058593893 -0.0317970134660827 -0.0614211596013336 -0.200368242364282
0.0102198597631171 -0.0376044187803685 0.177765071231992 -0.42959659414765
0.0385179949094271 -0.0325993029217226 0.601256480119896 -0.102817252938994
0.0438589868699481 0.01361462860829 0.527734472524039 0.584839332297001
-0.0274930835604753 0.0502042967775878 -0.202423263415277 0.807482573379286
-0.0520382867233395 -0.00569595571324117 -0.514231215729564 0.295979573493254
-0.0433164970197298 -0.0238359302754371 -0.00711501845990913 0.0544973849077615
-0.0343616563904484 0.0156913677978227 0.483332378839771 -0.316879202899833
-0.00868370808956152 0.0347192236253572 0.144923768902253 -0.867344219426556
0.0219212761028638 0.0131097632334294 -0.637091090976163 -0.560788527130968
-0.000364025393728769 -0.0315003057064562 -0.629406826991873 0.275049607097514
-0.0127833663305052 -0.0310415656948008 -0.12433389042001 0.497512510026551
-0.0272964670151618 -0.0231937458160477 0.135933943254503 0.246370779420065
-0.0348593679208904 0.000548945376529944 0.183756077830451 -0.0746562389070173
-0.0215856364495428 0.00178338764599703 -0.136473249099455 0.047972563117598
-0.0215687836132238 -0.0268216388387114 -0.0602256007219925 -0.196294802406928
0.0101671851512568 -0.0345121311770783 0.176280674723196 -0.42662437530768
0.0331701469452271 -0.0321144794593014 0.596784546457518 -0.101993124540138
0.0403557688291988 0.0156038645807988 0.523955727718554 0.588102991447339
-0.025515856967804 0.0573926396715489 -0.206047101881825 0.81404200635403
-0.0528396018767964 0.00271065515161541 -0.523982609060807 0.30123999445865
-0.0447434870571546 -0.0170346368301351 -0.0205341387229491 0.0563785650226238
-0.0338272343808958 0.0245290959831817 0.470973834302713 -0.308564943010558
-0.00722667744259965 0.041579912243303 0.139122517923812 -0.860275568464165
0.019052580759654 0.0165031595410063 -0.640064817311512 -0.560437865734975
-0.00623208297529358 -0.0306981080975936 -0.63423751734893 0.277529516066914
-0.0127618135872518 -0.0295433765648124 -0.126037729706332 0.50160494624206
-0.0254178535839386 -0.0170933202094474 0.136544274397515 0.252591024920732
-0.0328503073256728 0.00507620082628685 0.185529418154506 -0.0708568354822322
0.00360325754481252 0.00788656672620346 -0.152627061316135 0.0542746786408005
-0.00881585670605637 -0.00201823251540582 -0.0857746110112444 -0.187353919763277
-0.00815738159749368 -0.00399741319809608 0.116369204730987 -0.468899524924384
0.00239034155680141 -0.0149539048907364 0.554334911930359 -0.238583696611883
0.0152670225141551 -0.0352332189011501 0.624103282198626 0.459830770725949
-0.0102214325573218 -0.0208985483909381 -0.0284667556911266 0.828938361575327
0.00866338148270248 -0.0474479333359579 -0.448196913425277 0.375381084930002
0.027790896464159 -0.0451323450927532 -0.00380002900490697 0.0863173674988838
0.0262844340879842 -0.0284057560785125 0.537553471359119 -0.232258377835232
0.00815236950396276 -0.0354343430457325 0.323582422895629 -0.828588605227093
-0.00318268180407886 -0.0250250780388892 -0.519410169801537 -0.693007744730638
-0.0311738519890367 -0.0124807455266689 -0.684893922929009 0.125812415801849
-0.0297863477082417 0.00103378439632516 -0.197100037761687 0.453308028972599
-0.0126682368556253 0.0056448079417308 0.107228634987779 0.263265919171931
-0.00615549553365717 0.0143686985093268 0.170562478545355 -0.0635780824611762
-0.00150559113539865 0.00339930253756778 -0.152605275198876 0.0528561771823309
-0.0136673934953477 -0.0113003125530414 -0.0811390581304094 -0.19296693574831
-0.00763958924810918 -0.0123673218960039 0.128750523701151 -0.468069493411908
0.0117837127515355 -0.019583715040196 0.568071877794684 -0.218799860093971
0.0224810204300747 -0.0322242150442118 0.610879375442468 0.484179881661829
-0.0132328679283123 -0.0158142670123609 -0.0559348865386934 0.823261377740425
-0.000316181551754651 -0.0473454374043137 -0.450998411189018 0.358661355237398
0.0177275065358657 -0.0466590086750234 0.00692097014321789 0.0790935695494977
0.0152913666921137 -0.0291034310076748 0.538852844076397 -0.252211731583025
0.00265218441535688 -0.0301166865059484 0.299901017441466 -0.844725095656686
0.00324808437510351 -0.0201309738194254 -0.535842261904103 -0.676605320088588
-0.0208148459144837 -0.0138404441759683 -0.673373778697661 0.14943029639252
-0.0260990676966977 -0.00587269483035401 -0.185029027905987 0.457553763984026
-0.0149390411776882 -0.00500617324679492 0.111448970199867 0.256382783935628
-0.0114371692996371 0.00754493537024834 0.170563299611474 -0.0704761611725253
-0.00848787927666506 -0.00105355003507122 -0.153001230231912 0.0484760025566851
-0.019178591337749 -0.0194041458331028 -0.0775806197430932 -0.199537231630945
-0.00434354419853063 -0.0203035513495211 0.142886906370595 -0.462843600798949
0.0216309977147011 -0.0241338952525579 0.580384089743182 -0.192374656082971
0.0302531704047143 -0.0253275993534284 0.595924217487857 0.506562504622583
-0.0167522169284491 -0.00618404798524785 -0.0868092315094522 0.817992626547029
-0.0124396115981448 -0.0435654313966576 -0.459033957599316 0.338328694078727
0.00467951166759317 -0.0471413808965204 0.0132067089975204 0.0723039071234996
0.00302308503055933 -0.025645824772964 0.533219853048331 -0.271732161483234
-0.00248944397567541 -0.0200744450221928 0.267683962886938 -0.856950625919634
0.0102966618056229 -0.0117065183038309 -0.558180640147042 -0.651970788766297
-0.0103800669804154 -0.0166120547020858 -0.660658567713516 0.180590614364939
-0.0215398457670577 -0.0135192129901 -0.167981480923259 0.464853956840344
-0.0175556475436184 -0.0138240849108333 0.116930266362081 0.249192333281588
-0.0185685510917356 0.00276448537753228 0.171535595336631 -0.0742660682968816
-0.014687149328257 -0.00373413652041725 -0.151636603297194 0.0449585541654938
-0.0225647968019072 -0.0268335271383565 -0.0730302562448041 -0.202768370040886
-0.000580073994339291 -0.0276465357167228 0.156342755037148 -0.455934413688873
0.0304102747144901 -0.0283477023723521 0.593246135584303 -0.16335640775348
0.037394746881567 -0.0155846480732423 0.577722506266536 0.532713060971254
-0.0208741786042618 0.00739959280580269 -0.124008976132877 0.811967091378329
-0.0247070512479586 -0.0363750618146328 -0.470351622052501 0.322084888756914
-0.0104539086865571 -0.0446746058386261 0.0152817507909441 0.0652219579624227
-0.0103597069454313 -0.0178682948920658 0.525397843734572 -0.290916519101109
-0.00626586762844983 -0.00645394922700665 0.229574609914888 -0.867148199694068
0.0165661239660814 -0.00468111569680058 -0.583170545183353 -0.623912048871148
-0.00296664473441237 -0.0213403244889396 -0.649478054553977 0.21331406873209
-0.0175137961496104 -0.0210830596117926 -0.152828439649359 0.472965616816238
-0.0210116830726151 -0.0214527930044312 0.123082000672234 0.245497464922824
-0.0248050085259275 -0.00147947767730278 0.173752730174602 -0.0766420359245841
-0.0195055628343703 -0.00470456475852856 -0.148699022213989 0.0428945134898921
-0.0249243299498441 -0.0318323892075448 -0.0678841637088639 -0.205155155140346
0.00378156328788538 -0.0340945289013538 0.167464748346663 -0.447367345842442
0.036772708768693 -0.0310305823819841 0.600289761075822 -0.137081921619716
0.0428484133317891 -0.00394951362167519 0.556938737434715 0.558654448698966
-0.0243513353021933 0.0231155787909313 -0.158634313684963 0.806428421175666
-0.0373222217843475 -0.0268452948822393 -0.486267610147223 0.30560546292174
-0.0246764819080355 -0.0395433962926578 0.0120869637581777 0.058831714008446
-0.022543136035308 -0.00670299631682672 0.512788520142442 -0.30629244493969
-0.00844544823716924 0.00907650444521817 0.191951312834923 -0.873250738956022
0.0211766909434621 0.00273276910640115 -0.607614181859983 -0.593802551403231
0.00157071749236609 -0.0265264429334443 -0.639322414584118 0.244932510490467
-0.0151013858284928 -0.0270813070945855 -0.13966886419089 0.48201464510125
-0.0245685200366337 -0.0254117587790339 0.128361759287805 0.242456788850664
-0.0309864304121952 -0.00302451518018637 0.176072221888471 -0.0778763117947719
-0.0220409378502735 -0.00463174139021135 -0.144470760688817 0.0432633487709121
-0.0251134169271709 -0.0340754458730307 -0.0637114102959025 -0.205361984413126
0.00737126428777936 -0.0359858504306778 0.176986735352326 -0.43779307611395
0.0398421915118033 -0.0319435527939997 0.604349419052271 -0.111946402151133
0.044326568988406 0.00569196434677943 0.537287747593683 0.577825588251814
-0.0267051674751966 0.0382928414417256 -0.188802582365614 0.805443516264001
-0.046779496687383 -0.0160659648322237 -0.500962780359511 0.295011419127703
-0.035981351371396 -0.0323391159909422 0.00469275856490025 0.0555243432007595
-0.0298864327234853 0.00389207386709563 0.495102440711016 -0.316810173242541
-0.00925535749593324 0.0227099952551524 0.157217667151131 -0.874346648757625
0.0228671599916309 0.00858412034647676 -0.62692976255295 -0.570161220025933
0.00240330031820019 -0.0291866134031348 -0.628581580892831 0.266087697863495
-0.0135657055523935 -0.0304345835460184 -0.125960712799353 0.489040794662871
-0.026932957618396 -0.0250995664447459 0.133917972004325 0.242526012362652
-0.0344542840126518 -0.00229713753862138 0.179944646336296 -0.0766736586761944
-0.0228593274148172 -0.00187249794512038 -0.140529936378185 0.0449680160428096
-0.0248352072830663 -0.0316949043217171 -0.0614642302025624 -0.20111309966939
0.00962549423183387 -0.037432473159192 0.175657055305979 -0.430114534182514
0.0382968991677914 -0.0327707772789203 0.601149444910358 -0.100769456144752
0.0442332874840297 0.0131520326610727 0.525801217248353 0.586139794804155
-0.027568115839508 0.0505470513690802 -0.204226278298674 0.807815865432054
-0.0528049930407122 -0.00604819318522093 -0.51367939311729 0.294309289772755
-0.0438655121362917 -0.0243145617841467 -0.00757925902693045 0.0548527326880212
-0.0341809623745405 0.0153614963403873 0.482277096163636 -0.317397735338144
-0.00855296085661865 0.0348938322491454 0.144679278474921 -0.868862740046893
0.0236118072764037 0.0137075619665968 -0.635720177568672 -0.563226284374247
-0.000202274984477217 -0.0315952505612455 -0.62959882120429 0.275690589037064
-0.0121427644592679 -0.0315512243645605 -0.124410921853202 0.496974756035012
-0.0273737581326714 -0.0230070002636294 0.135868028550025 0.247020885278769
-0.0348590035871737 0.00130851646584572 0.183657953635313 -0.0746421973197643
-0.0221924787549494 0.00182949806975536 -0.136036841445956 0.0479175310377565
-0.022187556836794 -0.0264837725396006 -0.0608594922838762 -0.197131004691604
0.00898384985790645 -0.034412967665397 0.174263565514934 -0.424992714855725
0.032787687200172 -0.0324014093345595 0.596005243280879 -0.101271780695093
0.0410921798408165 0.0156743156239017 0.523426657276157 0.588448216583314
-0.0254500488135304 0.0576352900546099 -0.20789238228756 0.813638361077464
-0.0539353999749054 0.00266200089267501 -0.523826541590874 0.29988522090164
-0.0446638340312438 -0.0164892092552965 -0.0208102029667629 0.0568669491012847
-0.033656884915608 0.0240164128409454 0.472627639319944 -0.309356238236008
-0.00641710955109822 0.041481037079833 0.140554740461729 -0.860258620364993
0.0189149120171703 0.0169143891733781 -0.637729780045741 -0.56181789313867
-0.00586572488750621 -0.030214343976088 -0.636004708314886 0.275429213004203
-0.0123950780268736 -0.0290085835010449 -0.125841197930661 0.501171880874825
-0.0261215470575031 -0.0173397153833214 0.137081936503148 0.253367594035763
-0.0330365051099578 0.00561446080756895 0.186014859547729 -0.0699890909783489
0.0031032867457849 0.00802026588001144 -0.152719524550567 0.0540099051546014
-0.00889228348675639 -0.00222753886940679 -0.0856144331434394 -0.189250695625928
-0.0092247731734347 -0.00408032711144025 0.115870078871657 -0.469799860780601
0.00207310182389208 -0.0153676951912479 0.554146615808678 -0.238750713780317
0.0149935585520084 -0.0353637547486463 0.623138130112669 0.460853256315543
-0.00974115750877075 -0.0202637571651205 -0.0293499663058755 0.828383597644947
0.0077708332896439 -0.0476756524909088 -0.447259136940314 0.376645782805323
0.0278509457553466 -0.0451048825841741 -0.00463534537716863 0.0872276824242676
0.0260881999619531 -0.0285385937951014 0.536434487325981 -0.231863597239048
0.00792702582481952 -0.0365968432010403 0.324756243775102 -0.831398402206363
-0.00280752936162337 -0.0257105986512366 -0.519053666753702 -0.696759925187185
-0.0312901803162811 -0.0126214653478473 -0.687047948857701 0.124165603438259
-0.0297569804411443 -8.58549899882335E-06 -0.198086650944046 0.454396917848351
-0.01247890917515 0.00527051338909457 0.10820747605219 0.26349500193601
-0.0060816619929226 0.0142809340533531 0.171472766076805 -0.0631702750084832
-0.00152069245908982 0.00350866975041197 -0.153062454832168 0.0520798532496039
-0.0144769300124712 -0.0113327275239849 -0.0810899981109566 -0.194824042182548
-0.00697854493395152 -0.0116590227188905 0.128308160827424 -0.468756052691033
0.0115381465672071 -0.0198092839266924 0.567643140900818 -0.217916160380685
0.0223129276785154 -0.0324878225561672 0.610796678460457 0.485811018016519
-0.0129256432750045 -0.015486672371369 -0.0560720284877388 0.824356144427718
-0.0014241401781781 -0.0477179400518948 -0.45230111571443 0.357609918156663
0.017827113473804 -0.0476480847062059 0.0069312031965172 0.0809405728944386
0.0156978780379677 -0.0288421521090154 0.540562402026941 -0.249696047089106
0.00308075632155794 -0.0305768661988757 0.302970649416286 -0.845259491898882
0.00289893913392915 -0.0193910122144794 -0.536099894494483 -0.677676809675564
-0.0202588144220409 -0.0132720022386281 -0.676212336040325 0.148868978925491
-0.0258891220077009 -0.00589971779673789 -0.185039576639354 0.457245389648875
-0.0152983181204622 -0.00471731043466686 0.112132475144364 0.255797289760361
-0.0115688478356718 0.00827438635501495 0.171519765457247 -0.0697349615240487
-0.00845618347233927 -0.000805560969872176 -0.153608044907305 0.0470344902369464
-0.019437285872066 -0.020086334466394 -0.07731931249108 -0.200412210680491
-0.00457227345010155 -0.0203703769609429 0.139719420171253 -0.464614373325295
0.0210869110233722 -0.0244588089990898 0.581368963829801 -0.191723497381286
0.0305681708132425 -0.0248597960385564 0.594812954216366 0.508245140214904
-0.0170722665654006 -0.00603761066672595 -0.0879254041665343 0.816261683499571
-0.0132515534066639 -0.0438272217835711 -0.457462719113761 0.33868189676165
0.00433942853231737 -0.0478108854265027 0.0133130762867868 0.0726171602879092
0.00322333104336226 -0.0258346287592313 0.534508869556057 -0.27179571234605
-0.00183211460160756 -0.0200223417907761 0.268288491977658 -0.858009700782907
0.0104267165589707 -0.0120532171097995 -0.559085153398149 -0.652216634299686
-0.0103438349672062 -0.0168732409636296 -0.662530673740141 0.17955769463821
-0.0215074734566003 -0.0133054770448883 -0.169003084582355 0.465741395693029
-0.0177291143132612 -0.0136877392752599 0.118192933974098 0.250427285892955
-0.0184241778323717 0.00261086642672669 0.17271319076332 -0.0733866128336752
-0.0145307018531843 -0.00337561832222608 -0.151716267282619 0.044994051113172
-0.0229795045578293 -0.0273079307128429 -0.0725994164313103 -0.203905706180588
-0.00104531027239077 -0.0281160895873685 0.155540199096336 -0.456850044786214
0.0304378158809806 -0.0283351107579019 0.592376808891729 -0.163628092844849
0.0375721820719248 -0.0149924005572581 0.575484948140676 0.534487111818095
-0.0210268274992104 0.00862568178320561 -0.124790375892286 0.811419328726707
-0.0261465497590397 -0.0364930904617822 -0.471494109277214 0.321829732150855
-0.0110179423874684 -0.0446192374911719 0.014982403554653 0.0665935557176911
-0.0107616225129837 -0.0187011322084732 0.525077938186477 -0.289729150529697
-0.00620000242583982 -0.00616873183683702 0.229856490100589 -0.869203188843083
0.0166213262486539 -0.00468390294593362 -0.583549838823448 -0.624864986852366
-0.00229172947610123 -0.0210577963989419 -0.650050289644101 0.21261884838941
-0.0182947262785227 -0.0210025080115652 -0.1524116736166 0.472598640983274
-0.0223359587800321 -0.0203191854607676 0.12358083698649 0.245935972978768
-0.0250032099000357 -0.00103113454673106 0.173888211308106 -0.0762806587352656
-0.0196798989340366 -0.00441643388361763 -0.148840089224327 0.0423448951378377
-0.0252149287109549 -0.0322300538522782 -0.0681337513462599 -0.206646985308661
0.00331329319648432 -0.0334369886715151 0.167640539155163 -0.446877058073434
0.036458572354732 -0.0306362790341233 0.599152877662775 -0.135258043385536
0.0424917488743444 -0.00381072329671549 0.55585756859174 0.558052807773073
-0.023763302867234 0.024074671861211 -0.159075108538803 0.806136513253579
-0.038281052670674 -0.0269267774829223 -0.486865472313008 0.303816917780451
-0.0257258379223812 -0.0392638224828723 0.0111309286082805 0.0594003916914942
-0.0219668980353655 -0.00738068112011089 0.513572389121333 -0.304481163660719
-0.00816235634109183 0.00902347286459966 0.192114259846095 -0.875119449950867
0.0208812725703211 0.00301875673825659 -0.606968121852842 -0.596290288838129
0.00125203259296244 -0.0259856614773588 -0.639919289259285 0.24287968393042
-0.0153686971576129 -0.0275406627440654 -0.138777067439282 0.482301531259393
-0.0257516204087762 -0.0251075807807186 0.129295370867012 0.243495163167834
-0.0305684538554943 -0.00253262324644339 0.176893434515781 -0.0768593997380811
-0.0226838503534933 -0.00431330805674223 -0.145212927542853 0.0425663976007613
-0.0259106798584144 -0.0338498649701626 -0.0638349654022782 -0.206670720959841
0.00735212575647779 -0.0367910775513386 0.174511290985385 -0.440616212471323
0.03977172409106 -0.0319410253925973 0.603049927712951 -0.111041573239048
0.0446875016053688 0.00632676957377306 0.534500784007472 0.579401507784179
-0.0266314536976404 0.0393031594046276 -0.190088992928732 0.804749686487323
-0.0472570713640994 -0.0166738951316954 -0.500987466038807 0.296122801002215
-0.0365498433598145 -0.0331390887215467 0.00391494529103033 0.0557564555971796
-0.0297579844242216 0.00409662642429472 0.497380281752979 -0.317000727844229
-0.00995414794054601 0.0225994116643837 0.159067893670654 -0.874501763309515
0.023585399000043 0.00880890635058596 -0.627293526381842 -0.57429718260054
0.00215810643961613 -0.0302316917953303 -0.630314794922629 0.265690656631435
-0.013689088177794 -0.0309273455108553 -0.127394429509141 0.490484881282108
-0.0272496240658614 -0.0258822628051531 0.13389908165872 0.243475543969853
-0.0335500808574618 -0.00160640538321472 0.180137015375929 -0.0758518913805167
-0.0234242755495526 -0.00216653717442778 -0.141110506136726 0.0458029772614764
-0.0246594280887773 -0.0317822529852946 -0.0612890022738189 -0.203023507884369
0.00964804738055438 -0.0372274527731522 0.17517095423791 -0.43176915382846
0.0382782101964098 -0.0326816071360189 0.60121998793774 -0.100491730674917
0.0439410161302949 0.0127885565134315 0.524766765837956 0.588321563251763
-0.0273302191390077 0.0509386052969578 -0.204863670665817 0.807383887312868
-0.0533082812596314 -0.00607787528956026 -0.514082175294931 0.292545614993945
-0.0446836505813585 -0.0246820672240131 -0.00848605511051946 0.05573630345799
-0.0347114106966485 0.0153202271883378 0.483330836021607 -0.316468652083848
-0.0085016578550893 0.0347648523471221 0.145225180722502 -0.870389528914772
0.0228174341153718 0.0135186523690412 -0.635714141515557 -0.565471028539905
-0.000506652039601894 -0.0311506174756685 -0.631128471053005 0.276003058772774
-0.0126935829414349 -0.0317057880336614 -0.124737232498312 0.497734201702658
-0.0278794708148271 -0.0228171854820069 0.136611002292236 0.247341995046079
-0.0343909595931195 0.00189921497616216 0.185043024658607 -0.0738610298244779
-0.021889414699956 0.00184970332430814 -0.136843394126941 0.0472996216057559
-0.0229580198651718 -0.0265061561537402 -0.061020601675229 -0.199162879260881
0.0087173910744927 -0.0342796995216101 0.172881537752876 -0.427544900166121
0.0332350255940722 -0.0326174712171727 0.596070226466753 -0.102222207962378
0.0407625227168294 0.0153482197638142 0.521767633737833 0.58791112572829
-0.0253399035270187 0.0588600793627804 -0.208484472506769 0.814317945495583
-0.0542397160318434 0.002119339841026 -0.525184502509929 0.299983356711535
-0.0451694059271147 -0.01689841171812 -0.0215121906267049 0.0573090023630415
-0.0341383866574589 0.0235598017647121 0.472348196266896 -0.308608062958866
-0.00708805144993641 0.0411232460652794 0.14224643178171 -0.860103223103283
0.0190103616316328 0.0167727137172584 -0.638979911936493 -0.564404016426168
-0.0062547374427111 -0.0304763652355848 -0.637392096279378 0.275203954507704
-0.0126384127120507 -0.0298860351486205 -0.127580296918043 0.501364812028815
-0.0263343712047243 -0.0176433225754668 0.136268328058647 0.253504625953401
-0.0327845238452254 0.00657255124257864 0.187128457691669 -0.0688860909179793
0.00362292266566978 0.00773142985844155 -0.153243570341685 0.0536298626145987
-0.00995246236813237 -0.00252629372222699 -0.0851323483764606 -0.191009581817053
-0.00936870828978189 -0.00308433646422111 0.115198342020252 -0.471432423706775
0.00255668122441422 -0.0153402598851354 0.555625435213769 -0.238799064982651
0.0147540998802724 -0.0351807196429489 0.621618690084614 0.462350736134099
-0.00946456960207927 -0.0191939273415107 -0.0300462113490759 0.829525745467799
0.0071374866420087 -0.0473936619437762 -0.450435812313022 0.374490392210329
0.0262906267351421 -0.045556644038125 -0.00436030215086569 0.0872810125621446
0.0258393980714181 -0.0283437327853083 0.538171261878801 -0.231386224920106
0.00790029228582 -0.037229131132579 0.325844580133101 -0.831976106965724
-0.00375988934046476 -0.0246922805501347 -0.520680337061002 -0.69709169807204
-0.0310677131605366 -0.0117385766079338 -0.689085713597733 0.124057874718081
-0.0302902789919938 -0.000525688381024935 -0.199385676546506 0.454633529277616
-0.0130961713512353 0.00563943127169766 0.108934643491438 0.26416086128935
-0.00632536487707585 0.0154588892876115 0.172789702721372 -0.0626679449720643
-0.00194249142200678 0.00333047599400291 -0.153991901968171 0.0517823687783843
-0.0149240155361571 -0.0109103913835109 -0.0813679559797001 -0.197031720161753
-0.00837496500711873 -0.0115619852471264 0.127298372846733 -0.471691364327937
0.0112437776069896 -0.0201633967601192 0.568843481125901 -0.217750375722331
0.0222972676819188 -0.0321648150748121 0.610756820551608 0.486153696585652
-0.0134103332252308 -0.0154391914946501 -0.0568212952451862 0.824569013179109
-0.00257053256135864 -0.0474636627038669 -0.451850483539257 0.357824317409616
0.0163459900161076 -0.0485618019573891 0.00596256609814939 0.0808156419129947
0.015963603573345 -0.0292895826674616 0.542152759334733 -0.250853567213183
0.00276045282615118 -0.0308485065851744 0.302863173654167 -0.846515293242295
0.00321198027672633 -0.0194063772665331 -0.537195418753177 -0.680577418514437
-0.0207087105298374 -0.0141052062835663 -0.678993074722195 0.149011161045065
-0.02608237066366 -0.00630159642531034 -0.185456234401902 0.459767613906566
-0.0160005338645103 -0.00470031458953315 0.112523345875709 0.258082108270252
-0.0113702151291992 0.00884291223005356 0.171706569683543 -0.0692613575611036
-0.00852941168877928 -0.000330987064493646 -0.154514087912366 0.0479912401914288
-0.0204686186302843 -0.0192758143511178 -0.0775584200469483 -0.203067264263769
-0.0051514695142586 -0.0195972048782702 0.140385148754397 -0.466651598342854
0.0210754686016215 -0.0248954776912145 0.581918623143714 -0.19235912863027
0.0304841342341385 -0.025033083357742 0.596156375540387 0.50858316482555
-0.0165001568032309 -0.00523879399740708 -0.0901038225768819 0.817482995658088
-0.0141394368515162 -0.0442415310851209 -0.460826968724329 0.33859587832576
0.00280784095915259 -0.0484060744136021 0.0130664756599021 0.0735938600299307
0.00256665800753877 -0.0258024848261369 0.535966482514281 -0.269829458076645
-0.00182106964918084 -0.0204202076320266 0.268306044000518 -0.858901213916054
0.0107724382082285 -0.0120560920303014 -0.560222704786408 -0.657283352039454
-0.0105038819451537 -0.0167805189926688 -0.665504831716478 0.179092702466287
-0.0215077704209266 -0.0143288313319634 -0.169350777758203 0.465943616013971
-0.0184596036631485 -0.0138332191510977 0.117994021489668 0.251641549755313
-0.0177121580192311 0.00304517577612016 0.172529257603455 -0.0726842238003853
-0.014509926775326 -0.00366146363523095 -0.151995392554922 0.0442134541411392
-0.023739014830868 -0.0274236867657782 -0.0732513542315225 -0.206804941129485
-0.000806708746010908 -0.0278272071537899 0.153577302119601 -0.458259421951573
0.0303537476972513 -0.028148247567841 0.592061125781609 -0.163654898771802
0.0375170332549937 -0.0150625603254399 0.576543992473147 0.535574517262667
-0.0201024226420135 0.00879271538987849 -0.125708066682407 0.812803854834028
-0.0262915980637354 -0.0362649610388389 -0.472306197697027 0.32116861402925
-0.0111752197059674 -0.0452272005384467 0.0139732922621565 0.0662434384471892
-0.0103096036449802 -0.0189464130414893 0.52703795063398 -0.290059670306538
-0.00647073719300866 -0.0063147276235588 0.231164300104392 -0.871281823863775
0.0166032734943794 -0.00434633601338781 -0.584876096675217 -0.62757362565167
-0.0024066030220431 -0.0210571417699139 -0.65161574153976 0.210760499867661
-0.0183720972668556 -0.0219169678494753 -0.152773037511954 0.475851813185929
-0.0219156093574763 -0.0209574285203692 0.123680880319672 0.247343132738371
-0.0239520061616776 -0.000800275456624063 0.174963271203445 -0.0757001506410672
-0.0196256538003193 -0.00480631480064719 -0.149400084569528 0.0419658242342326
-0.0254937372010759 -0.0327115830233716 -0.0688441047025715 -0.208944891085618
0.00306457362308099 -0.0335384477536711 0.165513936227885 -0.449837368620823
0.0374519036838376 -0.0306480620636498 0.601182312427908 -0.134854129640105
0.0418708449200215 -0.0041162966892983 0.555456484818954 0.56100519864178
-0.0239172344917587 0.0247312903340438 -0.159956152080233 0.8063624134115
-0.0387409763866336 -0.0274423987256686 -0.486688382320645 0.304952148203418
-0.0260285880913525 -0.0400146746788249 0.0106213822927611 0.0604219657222069
-0.022193954707429 -0.0077555176235366 0.514136705929252 -0.305933653976568
-0.00846873085966646 0.00879433860176621 0.195054275235726 -0.87558380291235
0.0216143238100525 0.00299278686276832 -0.60929975567818 -0.597918241435046
0.00161528205784484 -0.0263752493905545 -0.642504842541795 0.243125834843766
-0.0156018936408172 -0.0278141792351886 -0.138509446355362 0.483840444957181
-0.0257140763617125 -0.0250790913164291 0.128819684163564 0.244828535453769
-0.031010511603168 -0.00237450234870693 0.178002065710899 -0.0763062257622509
-0.0229010319994457 -0.00391366788264499 -0.14553880190565 0.0419733412119224
-0.0261662104114681 -0.0342436621611387 -0.0639536621737854 -0.208577139275219
0.00730558797274972 -0.0369039443603612 0.173634548913546 -0.440403997213633
0.039197978475455 -0.0324835203489344 0.603745004204073 -0.110477449144107
0.044646221292167 0.00645186219560534 0.534961649448425 0.580256561470898
-0.0266577496785906 0.0391080816343303 -0.190464193127563 0.806042998230281
-0.0485652372950494 -0.0163428731278738 -0.503483762344523 0.296578269241
-0.0363408422946354 -0.0332096544723832 0.00379516300091753 0.0556108690664495
-0.0296390742415065 0.00407130225144553 0.498692861464199 -0.316560518887785
-0.00912449310386538 0.0228536259381196 0.160117108307701 -0.876374250527735
0.0234548728004459 0.00868887394679574 -0.628147899668294 -0.576022025355346
0.00216553820122963 -0.0297939151253282 -0.632088848550958 0.266586497112779
-0.0137090103435515 -0.0309910285245982 -0.127356778856124 0.49287944207039
-0.0279029463829645 -0.0248996420525608 0.134279104616753 0.244021814491306
-0.0335334504105817 -0.0005639990779603 0.181413449235369 -0.075199956940473
-0.0232959424013385 -0.00136907231001951 -0.141665338022036 0.0450391251467139
-0.0248809874886261 -0.0314726527025802 -0.0622457259194807 -0.204834233548865
0.00912768112230489 -0.0371075383343377 0.174593947401315 -0.432511666967814
0.0389360962370862 -0.0328432583940298 0.603715137922917 -0.0995476693709949
0.0439735194537092 0.0126553995147577 0.524602289301462 0.590137819055258
-0.0269224723245763 0.0516475510532261 -0.20559592406464 0.807019223237294
-0.0545042726984998 -0.0060355163587551 -0.515232159184188 0.293559534281683
-0.044388796926179 -0.025350036585224 -0.0086676431966556 0.0550948036934994
-0.0345548836441719 0.0151660261662324 0.484736541935836 -0.315052507141519
-0.00863660779083688 0.0351690771908267 0.148595321978082 -0.872002978308699
0.0225617153455966 0.0146600227122957 -0.6365518807996 -0.567854998007937
-0.000494543647082069 -0.0315469341664387 -0.632470097474293 0.27524026037461
-0.0132910030755174 -0.0327634671741209 -0.125494786084596 0.500092721026305
-0.0286735846398267 -0.023253709735555 0.136646551404217 0.249289004353221
-0.034139403366097 0.00181595825123167 0.185131939559354 -0.0739582766248417
-0.0218402563841463 0.0015174487242165 -0.137696292864027 0.0469102264735846
-0.023553891403119 -0.0263099933804308 -0.0610398811819169 -0.201093136840476
0.0088964940829552 -0.0337871479528743 0.172663387414141 -0.42826552759008
0.0324358498347835 -0.0329499298213347 0.596597517548957 -0.0985031730606109
0.040554201738324 0.0150839327771983 0.520166146460851 0.591211335704064
-0.0250972120960623 0.0592743555496269 -0.210910348924268 0.813364566216058
-0.054490705852062 0.00263069258553049 -0.525292125312715 0.298699640437167
-0.0463645204546839 -0.0175875771127568 -0.0214414998026495 0.0576483074039218
-0.0338525465660645 0.0231284405486509 0.471129632917436 -0.309774324513662
-0.0073939624982772 0.0410718650818443 0.14429597278351 -0.863883000552408
0.0192762419972316 0.0171805214393592 -0.639900007036018 -0.565608408119712
-0.00610622769496903 -0.0309038514275844 -0.639256165691536 0.276813422015467
-0.0132679067873637 -0.0295806134555544 -0.127550297971876 0.503904364759751
-0.0267511220309638 -0.0172900478979778 0.137327892372814 0.255189084784363
-0.0329788068746824 0.00675517379964292 0.187290322365802 -0.0687707927668007
0.00334064224248193 0.00796434453118505 -0.154747208375255 0.0531245566087445
-0.010301494883269 -0.00218112291962623 -0.0863467367675904 -0.193397007429275
-0.0101299637291113 -0.00329682354338995 0.115490987268204 -0.474040491929611
0.00177897877102781 -0.0155926312476935 0.555866954681534 -0.238821098083971
0.0149360556505209 -0.0353871989201915 0.623655532859874 0.464417457891653
-0.00932418775192883 -0.0192106532743338 -0.0309641632243079 0.832772703326825
0.0067936193896497 -0.0472288164030283 -0.450248092674779 0.37691369989406
0.0261577557412653 -0.0450348285241292 -0.00577724120112136 0.0880610764429545
0.0258469706665515 -0.0293579480781085 0.539521150670551 -0.231879676005907
0.00834409951631343 -0.0369113121155692 0.329311336109167 -0.835420170259673
-0.00283938216393025 -0.0252031165214675 -0.519402324608204 -0.702749190851724
-0.031142337350557 -0.0117780308336921 -0.690727159050192 0.125475694380539
-0.0302709402277441 -0.000165063879229446 -0.200522002936964 0.45738493614892
-0.0137687502378866 0.00535821286895369 0.109340927555804 0.266295246928121
-0.00600685572303531 0.0162159447354668 0.174009705677402 -0.0623123006282185
-0.00156031419121269 0.00296394806751005 -0.15452186958557 0.05131691748022
-0.0152578727631123 -0.0108310154024686 -0.0818488596390347 -0.19838062286256
-0.00817434577353798 -0.0116256650438905 0.126227072396573 -0.47204366235852
0.0118104546610244 -0.0199237623599359 0.569912666364783 -0.218722941183034
0.0223004244889095 -0.0327133682042181 0.611945817656058 0.486890743196354
-0.0131559313700201 -0.0143255363187663 -0.0581253777806756 0.828565590506095
-0.00264210016898122 -0.0473245087552097 -0.454312670770057 0.357579487072326
0.0160680479235921 -0.0482218724549634 0.00534202881131535 0.0820983834847097
0.0160640842750925 -0.0296285061089651 0.542705358462286 -0.248605340322012
0.00300651799641577 -0.0312731238659603 0.306096444126924 -0.850275927803624
0.00393750509264565 -0.0198143967951284 -0.538400962883542 -0.685077672749488
-0.0207854597446723 -0.0136055310360746 -0.68043510156667 0.147179143702649
-0.0268123469556661 -0.00680311195896795 -0.185524118503279 0.460843336823722
-0.0165778911087147 -0.00458504598034864 0.113203566996808 0.259163130138388
-0.0112137677414929 0.00960462226520765 0.173506007800244 -0.0685268583270064
-0.00871601349224647 -4.99662163483566E-05 -0.154605366165805 0.0469466232708502
-0.0198939445457774 -0.0198589760337612 -0.0784216407220259 -0.204763906748969
-0.00539085191808998 -0.0194858120848187 0.138766098907115 -0.469084973605794
0.0213475132238587 -0.0252509042757049 0.582946787979809 -0.191545855407514
0.0299068107108944 -0.0255265421000818 0.597717370941572 0.511454144106897
-0.0170084461360396 -0.00416585720440402 -0.0905721136392016 0.819693600129375
-0.0146162041353138 -0.0435375579138982 -0.461184394425122 0.339815909937977
0.00293631780383872 -0.0487856266405377 0.0119495448286036 0.073713447022617
0.00286981928059739 -0.0263103699915124 0.537007643595303 -0.270629692357904
-0.00261726981929779 -0.0202891522650653 0.270799342959348 -0.862305220146607
0.0111934546752738 -0.0125312709277607 -0.562620866505014 -0.660597059619569
-0.0102146434651645 -0.0161589855401071 -0.667292171253325 0.179556624070175
-0.0218872662872865 -0.0140441474310409 -0.170335300128027 0.467871260557273
-0.0189522529807268 -0.0138630327573468 0.118849100572286 0.252981906498854
-0.0182335150221553 0.00361581613356983 0.174433510410867 -0.0718495502960239
-0.0143180378157566 -0.00317596412756051 -0.15297284264694 0.0447771909043963
-0.0240870134256881 -0.0273746809946623 -0.0731514545713268 -0.207921018374618
-0.00222835630094363 -0.027750897596395 0.154061630398475 -0.461467170627391
0.0303744842002637 -0.0287613645390864 0.595855306369692 -0.163174145092647
0.0377848320434298 -0.0159961436271157 0.578093265482244 0.537411753575316
-0.0199141362545637 0.00902003806543603 -0.128715231228744 0.815531207273613
-0.0278177985675736 -0.0360759920599634 -0.474363912217413 0.322030911529961
-0.0119331537641377 -0.045715434386698 0.0140580324487109 0.066613830411161
-0.0101710276165516 -0.0182008156741173 0.528314634823393 -0.289269270040901
-0.0060600532072772 -0.0062099697216012 0.234994356611412 -0.873722070111534
0.0167489477187618 -0.00379189484914779 -0.586318675812454 -0.630625004166228
-0.00187301896278733 -0.0210671306092167 -0.655742145210057 0.211145200366186
-0.0185336931968187 -0.0215746696421764 -0.154087807824771 0.476187890728259
-0.0230929860359836 -0.0212200515448966 0.123822549931827 0.248161230498114
-0.0249507824730314 0.000149738138763839 0.176209169544616 -0.0752365685496823
-0.0190773672381701 -0.00434123121632092 -0.150395612600101 0.0418201482768672
-0.0269634242742212 -0.032706420574892 -0.0686879841903471 -0.210146328270458
0.00301082672915364 -0.0337554995242239 0.164749189104969 -0.451447701099892
0.036388003575936 -0.0310189565052831 0.60155017746455 -0.134681750565842
0.0423633468592058 -0.00414024423586931 0.556111314197976 0.562959784897276
-0.0233285571247534 0.0252173418705761 -0.162237833383717 0.808050534032846
-0.0399401483101415 -0.0267383000365253 -0.488163703429665 0.305669974456912
-0.0265334056668656 -0.0403812788865458 0.0107987089570003 0.0604949265575793
-0.0217888442670641 -0.00814331500068435 0.515010988793646 -0.305426379502152
-0.0088144945369507 0.00912178697496825 0.196752600980573 -0.878670245159336
0.0218898542409004 0.00264081956791331 -0.611359334565498 -0.603968366428988
0.0021392823086703 -0.0262306572462924 -0.643917566512638 0.242510365428855
-0.0159305270466763 -0.0282790317721127 -0.139620332288655 0.485597011831066
-0.0259653480742043 -0.0251912743813702 0.130543736272724 0.246131112135428
-0.0300659436973102 -0.00175868457796642 0.179656353322885 -0.0756804544395707
-0.0219595836738153 -0.00393975539020472 -0.146502716459031 0.0416887981731972
-0.0268612172823065 -0.0339339036920517 -0.064375078204285 -0.21014575672151
0.00665508632693572 -0.0365219130197027 0.172474750806724 -0.4429217189076
0.0394846611660486 -0.032603421349382 0.605379776213135 -0.110739410664988
0.0443412879867067 0.00670884655949013 0.535228974116754 0.585103519259925
-0.0254910225298516 0.0398589268165146 -0.19285862303198 0.807879942722245
-0.0484414232115458 -0.0166529043016069 -0.503402297731419 0.295076416376482
-0.0375933568840372 -0.0331352011569551 0.00366169525971125 0.0563580708874555
-0.029405245742806 0.003329796187742 0.499022444368713 -0.317709073714982
-0.00945377497157292 0.0233616230680595 0.164394136987707 -0.879413109898093
0.0239215388419875 0.00932158507699565 -0.630755793429758 -0.578029037441894
0.00183165980825743 -0.0296602892826371 -0.634941417791553 0.266694028693293
-0.0143653730682364 -0.031511646045935 -0.128515676718688 0.495015088772867
-0.0286974081874287 -0.0255253598301552 0.13526429365142 0.246669895937005
-0.034089252925866 -0.00107743930968292 0.182240136120053 -0.0748135376759743
-0.0232307427771787 -0.00142452559686173 -0.141970796824788 0.0447148903397611
-0.0262719261479038 -0.0318210453024851 -0.061765754893151 -0.206390666868781
0.00859094902143904 -0.0369315139359048 0.173037206279956 -0.434983797635616
0.0376494461934544 -0.0333190561931085 0.602732810608109 -0.0989742139493391
0.0441405841375875 0.0131912885776763 0.52389863908993 0.59262928608058
-0.0264248999033101 0.0523463628762275 -0.208884892043037 0.809571567752268
-0.0547075457949431 -0.0059196814928727 -0.516750068916841 0.293147255637889
-0.0456047203668417 -0.025010250246535 -0.00900558969695301 0.0561483566936326
-0.0338935589470333 0.0148324856574526 0.485519553905596 -0.317148265574541
-0.0088823706620199 0.0350188523098003 0.149621033961121 -0.873839937699258
0.0233431356306858 0.0142498711159426 -0.638929327142947 -0.572135684265627
-0.000416887972074939 -0.0310646471752076 -0.635573600149718 0.274498283370809
-0.0127144598014642 -0.0327175324575384 -0.124681089732436 0.501290817912031
-0.0291257764410417 -0.0231569527125702 0.137229068909951 0.250764426836521
-0.0347420204554419 0.0022872644159261 0.186399967784037 -0.0727826792231297
-0.0216173090112863 0.0019860174764924 -0.138855927996352 0.046675605157204
-0.0237978509020687 -0.0259187299939877 -0.0618613587930547 -0.202020978395018
0.00819077088140804 -0.0345928643664628 0.170022692464797 -0.429684966397599
0.0323124367625418 -0.0332055358215171 0.59837430302461 -0.098751540460339
0.0404059032606273 0.0158391278434481 0.51997731557879 0.593121659739312
-0.0247504916893599 0.0601849824032025 -0.211406846745503 0.81496435530503
-0.0559595314853672 0.002710009372467 -0.526790543875648 0.298286770125154
-0.0472903278962158 -0.018096230349491 -0.0224551548408596 0.0579362350518751
-0.0337089546906462 0.0228205181999923 0.473905005887273 -0.307941386096757
-0.00741465104915573 0.0413322858097143 0.145232599723888 -0.865843281677904
0.0194281657779732 0.0161481784730843 -0.641138695409413 -0.570449176619556
-0.00602490641552113 -0.029783365346095 -0.641630343263096 0.276122484960827
-0.0125609975303036 -0.0305032160850774 -0.127468834527271 0.504917604886332
-0.0268924138936822 -0.0172232124003021 0.137483548165067 0.256521108681951
-0.0329247363486668 0.00702772769339842 0.189002520871299 -0.0689147273958873
0.00317005953888795 0.00747491854835676 -0.155652282767641 0.0524492113205333
-0.0108339460466957 -0.00183646400405079 -0.0871562088766403 -0.195197655383132
-0.0105678390454365 -0.00297662077643184 0.113060286792536 -0.477582869040674
0.00156702063024094 -0.0156644695761985 0.556857285450665 -0.238903939807882
0.0141730648223423 -0.0349499384453761 0.626724474697423 0.468572333773966
-0.00908228371661357 -0.0185486812316333 -0.0324889555213075 0.835027262941815
0.0058098481310051 -0.0480030256602714 -0.452655274764302 0.377963874429214
0.0256748647559892 -0.0451218176028417 -0.00630747814362149 0.0890893025648633
0.0265979449389579 -0.0301268942209846 0.541699047601305 -0.23265282304464
0.00798788002079212 -0.0371766892408422 0.330935543670504 -0.838166763232098
-0.0027863128056525 -0.0251025393620408 -0.522799477663423 -0.70811109169707
-0.0309064918420418 -0.0118400091757463 -0.695489168305049 0.123144779109454
-0.0308559586072743 -0.000378391419151644 -0.201022417539348 0.45973159622531
-0.0142741054379366 0.0054071210843598 0.109925163278141 0.268451915039856
-0.00614812044334593 0.0164827754733049 0.175051415169435 -0.0620904489562101
-0.00174407239780716 0.00316612370029087 -0.155468641548879 0.051890049205938
-0.0158813831461959 -0.0111317398806508 -0.0834592736574918 -0.200511911609923
-0.00890408211480307 -0.0115690584040844 0.124281351815102 -0.475896189157402
0.0111878919124616 -0.0206921442632345 0.572393329406275 -0.2191370214525
0.0216438364918535 -0.0319038810152532 0.613911810759536 0.490859155850091
-0.0131578630920258 -0.014253533628638 -0.0593394802905805 0.830741820774034
-0.00366446148486434 -0.0477572746055716 -0.45727778682989 0.360086773270946
0.0158559953122699 -0.0484602894580344 0.0054183023638433 0.0824964525767509
0.0160343515596299 -0.0308761853399535 0.545349489923596 -0.250103181983947
0.00285512954345807 -0.0309813415920439 0.308935584512781 -0.854765169065531
0.00390798415236867 -0.0197107850586672 -0.53961097183637 -0.690156384052339
-0.0209646084710208 -0.0137077650186129 -0.685302447338266 0.148251286876671
-0.0274337422667115 -0.00648017977547907 -0.186822955677221 0.462470867783401
-0.0167206218256513 -0.00413618903989293 0.113724530006927 0.260325974060933
-0.011029833051813 0.0100743220702206 0.175368696241068 -0.0692108595316228
-0.00822676183862866 -0.000486414819162733 -0.155762436262096 0.0463423481149129
-0.021042953285497 -0.0199399798825106 -0.0797948140096362 -0.206513686646243
-0.00586075394193824 -0.0191069106515571 0.139382624262559 -0.472130078519213
0.020882206046985 -0.0253926581780094 0.585761784093087 -0.191876111463893
0.0303748936965115 -0.0253412220779664 0.598511901835278 0.514029361240652
-0.0165592851420808 -0.00350341507905172 -0.0924680212783967 0.823538023267074
-0.0153311265994151 -0.0440123663816588 -0.464922229247408 0.339734703285735
0.00287256824989688 -0.0485967859464773 0.0118724490666058 0.0749183416781124
0.00364648162135483 -0.0270229959338844 0.538762658273897 -0.272102329090944
-0.00161967212202848 -0.020959001930192 0.274758803039999 -0.867709887682834
0.0110465127629839 -0.0117890930191256 -0.563779626285052 -0.665151082478563
-0.00966209713909691 -0.0165761394754506 -0.670534783138664 0.180047187730684
-0.0223410891136161 -0.0144231258100591 -0.171958891839848 0.471846896130141
-0.0200523528058182 -0.0137191594533459 0.119092966505746 0.254975401802607
-0.0178719714697528 0.00434637124140991 0.175623999913913 -0.0717166070571046
-0.0144248770712108 -0.00321531153021231 -0.15407326806609 0.0446160209815038
-0.0245931395953252 -0.0276475768552911 -0.0746047162975217 -0.210279497190714
-0.00230874544180678 -0.027775332422232 0.152756128592318 -0.463669770403363
0.0301106145085653 -0.02940990151744 0.597583374087338 -0.164560352883286
0.0376726999177557 -0.0157269463664559 0.578478602691272 0.540943121378875
-0.019909408582911 0.0100142696207804 -0.129665136799659 0.817722957971282
-0.0284181302196754 -0.0361490670519007 -0.477180727819508 0.322048945046972
-0.0127440391436197 -0.0458568022845617 0.0139472149303204 0.0673905203180013
-0.01030951108625 -0.0192074361514912 0.529559414923617 -0.29019390417113
-0.00661943735911141 -0.0067997003327991 0.237298916031394 -0.877838869609159
0.0174366663301032 -0.00410017554887846 -0.589706792592012 -0.635919224122684
-0.002387025707652 -0.0209016491470313 -0.657775770169115 0.211874476864387
-0.0185285472776226 -0.0225184960769919 -0.155524826185513 0.47929597186809
-0.023355741917487 -0.0210403583779796 0.125321239932663 0.250762383665751
-0.0241590546094129 0.000356672677501014 0.177400162816865 -0.075017596997817
-0.0196776507345058 -0.00444286217818397 -0.150951501056908 0.0416870494497657
-0.0270711773145147 -0.0330326863999444 -0.0693602859379056 -0.212903801415179
0.00257359238531123 -0.0337067918478704 0.1645520748908 -0.45521939471995
0.0367457904138298 -0.0318648621504778 0.604531458716611 -0.135582748324591
0.0429553165275125 -0.00384067329506207 0.557577291588094 0.564981838044006
-0.0229840603641825 0.025698743141962 -0.163751069560893 0.812290733973191
-0.0405176362157673 -0.0272996713754411 -0.490736284401126 0.307188071670865
-0.0272483550596955 -0.0408244881121067 0.0102640393891224 0.0614914792731867
-0.0219091920303274 -0.00856172779981553 0.517151946207276 -0.307509127478644
-0.00896981393923819 0.00830813677011685 0.19610251781771 -0.882863786772306
0.0220976848337296 0.00337161087335428 -0.613544433521664 -0.607507379624982
0.00212634565014803 -0.0259865246512145 -0.64707959305839 0.243652491595095
-0.0154582275099802 -0.0289067303819444 -0.141272796043091 0.488685381852032
-0.0266274706118784 -0.0248878362725457 0.1308970453867 0.247822024413898
-0.0303507542674009 -0.00177126537377068 0.180184295068316 -0.075394188415579
-0.0225674991483768 -0.00392055409372637 -0.147614231648041 0.0416920067151355
-0.0276991068723621 -0.0340077027288269 -0.0654421687737766 -0.212067014557967
0.00621352052697167 -0.0369764559129479 0.17183696188939 -0.445752335351677
0.0394052686650387 -0.0322205813886814 0.60795339392834 -0.110663469288284
0.044798671656849 0.00601737532023507 0.536788148862148 0.587600545070022
-0.0256254458859066 0.0404618492702446 -0.19618111134447 0.810090562922234
-0.0497350616062786 -0.0169316386731036 -0.505576039593303 0.294485000679056
-0.0385376474839676 -0.0339619148254918 0.00294066207277909 0.0575854837465733
-0.0294694663190509 0.00291538644569626 0.501273386790486 -0.316433032227174
-0.00958569635706352 0.0231328678342423 0.163343406575085 -0.883456196672717
0.0243292384045865 0.00980080382497055 -0.633629387921491 -0.583271526773842
0.00262923482962837 -0.029510786601009 -0.637552258848005 0.267139153002329
-0.0145760596430294 -0.0320804415458139 -0.129421963408861 0.495956791017096
-0.0286659433127403 -0.025818369321809 0.135607377347574 0.247864304294759
-0.0334960770825443 -0.000529194277509054 0.183659648600968 -0.0749021320749895
-0.0233180270296394 -0.00182165275413688 -0.143083443475482 0.0439054252765825
-0.0267120538917516 -0.0313994011743912 -0.0633771597117379 -0.208874920506048
0.0083153727674778 -0.0366543402453861 0.173313221257763 -0.436942531364256
0.0379922658752145 -0.0334962564986689 0.605350126701862 -0.0995711831361251
0.0445571102241815 0.0132410508597465 0.524977485375902 0.594267210269443
-0.0264033089127816 0.0532812540016853 -0.210096005670776 0.813886337817983
-0.0560765213620323 -0.00556678122242526 -0.519057398729845 0.294942658148541
-0.0462893882419391 -0.0251156552546343 -0.00914504164951043 0.0566094188670781
-0.0349768186612862 0.0145781383749346 0.487303758503813 -0.317648966239508
-0.00950447138825042 0.0350932360234507 0.150403416241764 -0.87911876980698
0.0233365372979855 0.0144763232242564 -0.642069815039205 -0.576193509907224
-0.000249297878715915 -0.0315919966298867 -0.640588290806472 0.274464836923217
-0.0137868630299072 -0.0334123573262314 -0.125259256427057 0.504133869498302
-0.0293532165143079 -0.0232419128274823 0.137830855507011 0.251915978501494
-0.0349680619553194 0.00281363316310052 0.187422056672419 -0.073463166781054
-0.0219798712343632 0.00240871259456103 -0.139640078695302 0.0457279828295259
-0.0246253452188328 -0.0257894882302663 -0.0622944838264767 -0.204474189023483
0.00865777823691773 -0.0337994542896494 0.170965917289411 -0.432104357191258
0.0321003801858792 -0.033745623734257 0.600295364533168 -0.0981859881769215
0.0407014824847136 0.015900735454898 0.521671881147707 0.597767138925519
-0.0251404469864496 0.0604196210519534 -0.213056335682023 0.81794911282476
-0.0567345513664117 0.0029144632678167 -0.530412053290983 0.300512765652912
-0.048589756766833 -0.0185211084150457 -0.0229328762553127 0.0583866427809198
-0.0336598086528931 0.0226133586033317 0.477561032366458 -0.308945054211443
-0.0077943893573622 0.0411890795095155 0.145791486537341 -0.870120418323454
0.0197857430376059 0.0173853748213203 -0.643401408481616 -0.573191984255401
-0.00576537301338442 -0.0309646411027079 -0.644438936662359 0.278178603160085
-0.0130798502836596 -0.0307385009549182 -0.128299876358811 0.508289647489856
-0.0277730693873367 -0.0167679504591343 0.139003838361793 0.2585892035426
-0.0330897311902867 0.00833426414460138 0.190085674386925 -0.0681851727876172
0.00353572686661537 0.00807335188238005 -0.157166985162214 0.0525831164877992
-0.0116781479911508 -0.0019221128116612 -0.0878205293092311 -0.197388100719912
-0.0109000952457198 -0.00322053120576309 0.111881695855109 -0.480170240112816
0.0015561232044096 -0.0166912145527507 0.56000694108797 -0.240746720829085
0.0149290763763036 -0.0353748723455268 0.628558665925905 0.469529487156632
-0.00921778516104502 -0.0186441968925262 -0.0328144767088477 0.840504752980061
0.00526063810116234 -0.0477468692618729 -0.45457330154519 0.380112127736941
0.0253972474606872 -0.0463042240178394 -0.00606475369139496 0.0896221297918803
0.0266466074965179 -0.0304813465015967 0.543577370859411 -0.23316214061207
0.0074007999569173 -0.0377149377286004 0.333078184828134 -0.84361128824005
-0.00284238282943468 -0.0248712475123506 -0.525891269088562 -0.713222868319713
-0.0312878167970138 -0.0116249216873245 -0.699179535120796 0.125615664128008
-0.0310956426248106 -0.000699011128769675 -0.202103364171722 0.463690465810732
-0.0150957861489693 0.00546494552188549 0.110677618753514 0.269730182248419
-0.00640255069947811 0.0170565392901737 0.17715538766717 -0.0622910993550826
-0.00210183422757088 0.0032732898278442 -0.157693011308681 0.0522825735275724
-0.0168743073410807 -0.0111339983181299 -0.084904403950991 -0.203340978714251
-0.00913941166143157 -0.011195375133026 0.122885792157794 -0.478233824244375
0.010960517301111 -0.0207567276468898 0.574908325163035 -0.219468889364925
0.0224925886520722 -0.0328780188691959 0.618189378793772 0.493734626818963
-0.012550427638548 -0.0132030943954623 -0.0597460952970226 0.835794485340056
-0.00354863445167048 -0.0487949392938491 -0.459989413091902 0.361281292993135
0.0152280239584199 -0.0486785269998039 0.00455607960383028 0.0832438474009724
0.0163701495405951 -0.0309201134424829 0.546969035277129 -0.250825829792194
0.00327167211074039 -0.0317833080635414 0.309910418001938 -0.858363591893148
0.00425969524932904 -0.0191595021194964 -0.544363383433086 -0.694922989379886
-0.019453008421691 -0.0136496490627637 -0.689477097028793 0.149114119015614
-0.0270845343317276 -0.00693796169721789 -0.187417250878832 0.467123010569293
-0.0179838382742675 -0.00421514593946795 0.11521799064961 0.262935513494312
-0.0108565313204239 0.0102317923469847 0.176619909760397 -0.0687557359441752
-0.00860383279316407 -0.000454951268520619 -0.15756666032325 0.046480938780505
-0.0216705210582131 -0.0193593482448036 -0.0803022703012221 -0.208887002543806
-0.00630775251729332 -0.0196910381080775 0.137672956274649 -0.474287069693462
0.0208115327989746 -0.0255227544949642 0.588890466015795 -0.193711592809562
0.0301143337696439 -0.0247582473208012 0.601848237888221 0.517754737986227
-0.0160423881220095 -0.00345567947302274 -0.0914228590261359 0.8272368509079
-0.0157325969425944 -0.0440287482150068 -0.466534019261104 0.343788384677932
0.00173789861065935 -0.0490326525008062 0.0111226245537114 0.07550948844989
0.00339578655755345 -0.0277306910817819 0.543059361796123 -0.27283947771986
-0.00257639013398388 -0.0208478176931791 0.274701112143425 -0.872568692385169
0.0111079131524246 -0.0120013939417137 -0.567809293138715 -0.670644826373481
-0.0104681156782939 -0.016319853509453 -0.67568172390296 0.181743454188605
-0.022666609514282 -0.0149976973526361 -0.171470401063031 0.474347066944835
-0.0204609609409606 -0.0134732014300914 0.120221007589957 0.2570545102217
-0.0180261357017155 0.00468149742853802 0.176987211079407 -0.0726379039292588
-0.0144217474696895 -0.00303911062617298 -0.155330122013075 0.0445643896609976
-0.025618620928033 -0.0276573860337646 -0.0751500367512018 -0.212728872130305
-0.00206885578276045 -0.0270707408139527 0.152607396140599 -0.468044033570848
0.0297545265363269 -0.0294590051711907 0.599843032947782 -0.163908042434918
0.0375292775734338 -0.0154164046860778 0.581965624970112 0.543389650528471
-0.0198290198372402 0.0112960211058032 -0.128806310004863 0.823792679925806
-0.0289597837181431 -0.0362610031010628 -0.479521881888815 0.324425360480056
-0.0132549139303984 -0.0462963559528216 0.0132165476309725 0.0684999569030788
-0.0101083808606804 -0.0198481543534519 0.532515815672251 -0.291766397147344
-0.0064783442026972 -0.00621355263041311 0.237929879161776 -0.884045212581148
0.0176357246622119 -0.00311959036278317 -0.592347102512772 -0.639510465174252
-0.00197846194908886 -0.0209382349254306 -0.662357515234267 0.21360298199117
-0.0192069447160025 -0.0225675908524777 -0.156053615468216 0.482455823843621
-0.0244476926230049 -0.0210573354088821 0.126932719622579 0.252176828701024
-0.0244573757391926 0.00109227670950165 0.178963478296353 -0.0754581173864071
-0.0197454060279794 -0.00440380673553297 -0.152358508650645 0.0417258164120016
-0.0276431550298324 -0.0323676190697384 -0.0702043425155842 -0.214960195562304
0.00148079666017641 -0.0330271418205275 0.163848659914299 -0.45836624354277
0.0365010650053813 -0.031801024710565 0.607357923554423 -0.135505122353258
0.0427408357608032 -0.00458496843885805 0.559816748122456 0.570597555030331
-0.0227287361170231 0.0265106722102599 -0.164845309546663 0.816663206969991
-0.0418794048854177 -0.0265967763571616 -0.492840749698714 0.308032144285254
-0.0278627360632176 -0.0408309406695776 0.01006913820769 0.0617074352131697
-0.0222095069306225 -0.00885826466995795 0.519418460729446 -0.308229995933254
-0.00906703295298083 0.00913301405613759 0.199424620671723 -0.888534214309956
0.0225066895391292 0.00424115822348832 -0.617328040817795 -0.612342892824054
0.00263744008590808 -0.0258436814547509 -0.650315604992012 0.245741412677173
-0.0161817277679088 -0.0285758836971283 -0.141378006716297 0.491800908422228
-0.0276903592431894 -0.0246811273147584 0.131917709972731 0.250411611167597
-0.0305919178155733 -0.00108085496455161 0.181478093124464 -0.0754636471850759
-0.0227054464246165 -0.00408074892712435 -0.147988621972556 0.0412106017413892
-0.027865901696885 -0.0343634334387893 -0.0673215281842341 -0.213750776423438
0.00613823538624728 -0.0363984539257755 0.171933303445754 -0.449304549464907
0.0389256699037649 -0.0326636879799128 0.610981965255698 -0.10930760822349
0.0448883814329486 0.00639976708939736 0.539347215137008 0.59049947652798
-0.0252968818502273 0.041405853681772 -0.196849183287954 0.815201601834402
-0.0506601221378083 -0.0165597688818805 -0.508759014135716 0.297784223363979
-0.0394470889270951 -0.0335808325265663 0.00358643415404884 0.0580656438760236
-0.0307754074432919 0.002200714477785 0.503464705457266 -0.319310038742119
-0.0097817846294236 0.0226604191899394 0.163656562603896 -0.890532000825194
0.0240635892434355 0.00949461223291817 -0.637814454464815 -0.58785461337724
0.00241245951537314 -0.0295642109027123 -0.642158720638494 0.269743124666416
-0.014850508935128 -0.0324824120112237 -0.130074094958278 0.501534749345848
-0.0301988574433568 -0.0258453456425863 0.137023000191364 0.250093777929464
-0.0336174987773224 -6.05297520271074E-05 0.185315217225646 -0.0753967621881663
-0.0235815166691904 -0.00131696414881671 -0.144709263332574 0.0444313480875229
-0.0272729087450529 -0.0319659477978917 -0.064427313307004 -0.211450038836025
0.00795898289689771 -0.0363851518090876 0.17138262403043 -0.43965349265392
0.0377668157335738 -0.033428658856472 0.607685007121586 -0.0987327043048761
0.0445134081063121 0.0135913174264662 0.528768714736411 0.599289839500997
-0.026571904889386 0.0540143467816168 -0.210825095166424 0.817446943379757
-0.0572325595041533 -0.00590476835291023 -0.522426088669613 0.296726767850028
-0.0475428401975108 -0.026113342872784 -0.00956767403802472 0.0567817071076569
-0.0350418571599153 0.0135961884994445 0.490756340923977 -0.318620159982808
-0.00925128644846203 0.035172256354255 0.152031842915991 -0.884781532195239
0.0236310282178314 0.0140485981615609 -0.64584238653696 -0.580549923942542
-2.94333052360402E-05 -0.0308955037647314 -0.643689664499143 0.27872751675068
-0.0136515746169436 -0.0335035937153905 -0.126334497073647 0.507120626635214
-0.0307037348050494 -0.0228216705338291 0.139137020018191 0.254048315317584
-0.0347432466026717 0.00365520365443953 0.18907160292339 -0.0735642264161182
-0.0216439260504145 0.00205666646655775 -0.140294907114994 0.0467684855451013
-0.0250997599434147 -0.0261020937666039 -0.0628604722427882 -0.206879757852251
0.00800367041661104 -0.0341870770462564 0.169712138934069 -0.43443660012461
0.0323048921578896 -0.0331983180763125 0.604006391947324 -0.0975247040637384
0.0406219177543996 0.0155667943456666 0.524937969677892 0.601396038217139
-0.0248882108223195 0.0615190459770965 -0.214055035501332 0.823318977697258
-0.057171452216979 0.00300584335394387 -0.531610758162041 0.301101414393476
-0.0485996516234479 -0.0174144988861069 -0.0234180757363007 0.0594418051486504
-0.0346027625898704 0.0224395081845855 0.47856183056277 -0.309975710754061
-0.00794094036052231 0.0418478712030904 0.148036093118495 -0.875990461379546
0.0203972630092094 0.0175413669274993 -0.648584444198611 -0.578436400733816
-0.00601033190144957 -0.0298170254759255 -0.647536455413218 0.279864879703649
-0.0138728203272096 -0.0304898690449881 -0.128842618218432 0.512856157598085
-0.0288283542479485 -0.016840280982042 0.139380042703985 0.261162319791612
-0.032690600634456 0.0082965337865028 0.191741735038256 -0.0677332348434299
0.00657366241827669 0.00552961651308985 -0.0944797457376649 0.135841718378198
-0.011806453189622 0.00504812754392758 -0.190135333690551 -0.106541079258974
-0.0126600836352045 0.00121567349458338 -0.194628647187236 -0.454040683110922
-0.00849965331093666 -0.0173213177283338 0.309659770738886 -0.53083642365949
-0.00919458368706978 -0.0398678445430761 0.780794194483998 0.00202755969770913
-0.0139970203959436 -0.0116860389516999 0.475529520179917 0.690741256578177
-0.0200366765673634 -0.0394883601663167 -0.138690958040549 0.584088360422376
-0.00720697376154322 -0.0514331192410755 0.0487207544308826 0.0764442236408406
0.00514627532099389 -0.0450692122523165 0.295917786045483 -0.515778300658515
-0.0204971397049968 -0.0376812071362924 -0.236707570765297 -0.882922338263856
-0.0251079909310309 -0.019149949110208 -0.853731567796682 -0.254429936410508
-0.0332611241622461 0.0153851008153819 -0.488868848530568 0.526567295357911
-0.0232059662417717 0.0261677609282256 0.124236552902332 0.492647447295425
-0.00481409605722941 0.0165702643780274 0.259319287319429 0.147689259991515
0.00827528719801797 0.0165564360551541 0.10559114339798 -0.161725250838871
-0.000206786777941649 0.00538756352385846 -0.0951587414530267 0.135120525285639
-0.0209613891191325 0.000993573319206836 -0.191270529115516 -0.113860008085685
-0.0165859187743767 -0.00586847049833245 -0.183567291127033 -0.45931346149211
-0.00356287043065754 -0.0257051635959001 0.33385094150004 -0.522809245862731
-0.00128936747502076 -0.041993063733968 0.786491008087206 0.0282799058816032
-0.0135841024971618 -0.00581312464050924 0.451533324331684 0.705110607315355
-0.0276264447498259 -0.0335733286664303 -0.152886174853334 0.571287387493657
-0.0168981223182867 -0.048250031889492 0.0541789729547309 0.0651892607706862
-0.00414943089325489 -0.0390138633341267 0.288061283981566 -0.532731233580782
-0.0200273593339941 -0.0300765947455069 -0.263835625232025 -0.885610152190135
-0.0160279557203971 -0.0180937960431709 -0.85652095582641 -0.228116903958059
-0.0248879438721243 0.0073966247064569 -0.466138771556567 0.538643878672938
-0.0242461596243619 0.0179241853069576 0.137480688447649 0.489482696129419
-0.0132683199431286 0.00969808366171403 0.257613023862035 0.139061051405287
-0.000187049857787046 0.0152299817688896 0.101604996558802 -0.166983070093053
-0.00789215118902025 0.00515879171588796 -0.0975782870208666 0.132051140059053
-0.0303612418231638 -0.00361353485679634 -0.191275292832161 -0.120319696422692
-0.0186767779407698 -0.0146103636622539 -0.16971696546003 -0.466095728777976
0.00156153913970738 -0.0353702499621209 0.361672568729157 -0.510443811176098
0.0099358995995008 -0.0407823840149855 0.787437429344194 0.0572279366877412
-0.0113948051588331 0.00507083485646984 0.419619391118937 0.717858541439948
-0.0353052510784875 -0.0241879741219142 -0.170475937353858 0.559176132499504
-0.0283476212375869 -0.0404371364097645 0.0546216037288156 0.0542673399500289
-0.0126545935506068 -0.028856732953568 0.270948780681996 -0.546376845887168
-0.0174220156378764 -0.0179733661960116 -0.300637957175432 -0.874618731945661
-0.00552235692348416 -0.0163475486040094 -0.861054183635794 -0.195155970140567
-0.0183712384307745 -0.000477298979045171 -0.436186512034592 0.557714944473984
-0.0243460236555583 0.00848237690685286 0.154491047627725 0.484927667808477
-0.0217759095101058 0.00356412070498042 0.259555952422812 0.130839261181491
-0.00916956950364315 0.0139080234186466 0.100074544791996 -0.17023954672763
-0.0140219048988857 0.0063386100782825 -0.0978083737845635 0.128615620150149
-0.0372990647799159 -0.00755339016163507 -0.189926970747533 -0.126386459380762
-0.0194424837965462 -0.0234580354712737 -0.156086403301719 -0.467360678505343
0.00692111630420476 -0.0431267080405548 0.38900511251453 -0.491277085152509
0.0216999258822177 -0.0364770178423829 0.788905357415191 0.0891957879226383
-0.00576492001439018 0.0186126068707538 0.387322318107051 0.736300525316391
-0.0414295163540222 -0.0106713484329698 -0.193626641137869 0.554606392430857
-0.0392430334508995 -0.0287746871270884 0.0523403571341094 0.0484101221469204
-0.019245952347806 -0.014635080345454 0.251358717423807 -0.556348067124894
-0.0135695540035044 -0.00350262697944473 -0.337423746883105 -0.861887832227192
0.00492164072210933 -0.012855846005345 -0.86189135067689 -0.155202372715388
-0.0145074202396947 -0.00930655577521173 -0.405860920885964 0.576614661474385
-0.0259535432523644 -0.000499042939786858 0.173107518573401 0.482167757848815
-0.0294233007877018 -0.000352341287971701 0.260753064176341 0.123793082208934
-0.0169498647109555 0.0150820219835369 0.100333621128791 -0.174572143235709
-0.0195954579025411 0.00827847565987574 -0.0974756049797635 0.126080894177927
-0.0409878912883041 -0.0101909059819889 -0.187520087282578 -0.131230587316602
-0.0190598689678196 -0.0306110000840006 -0.13969332775969 -0.466432824434363
0.0111719318327511 -0.0489795767258599 0.411616587357285 -0.475471488903391
0.0318976408044152 -0.030863100513853 0.785735433025231 0.121451129125605
0.000768023895518731 0.0332298749915564 0.356107668951207 0.752428464151241
-0.0455923818809874 0.00450354693013475 -0.21344864842907 0.549664738970513
-0.047615899318363 -0.0156390111235212 0.0451933189004043 0.0437865025101673
-0.0228799041513743 0.00151228344091099 0.232183723907315 -0.561696292510334
-0.00561886025091285 0.0109215547598214 -0.37226257356575 -0.841400367689207
0.0135105220124841 -0.00985600181125531 -0.866278187647779 -0.116102790465399
-0.0133750321996131 -0.0157426995379632 -0.377509991747442 0.593838988303533
-0.0273862343705359 -0.00770092211237014 0.190124655416963 0.480609916926811
-0.0338576527720144 -0.00187836928640847 0.264211020375107 0.117917899150061
-0.0232954608263323 0.0170460624343292 0.102490330834147 -0.176588756506547
-0.0210654390482292 0.0105599433458181 -0.093851811241325 0.12351060113449
-0.043056676649245 -0.0108337560086567 -0.184802070886726 -0.133315150372705
-0.0171476979012502 -0.0358179997183023 -0.127732993393033 -0.464352302896642
0.0128008538179379 -0.051144829213774 0.429530509117241 -0.456494612553152
0.0396373823460556 -0.0241806796095051 0.781357312300538 0.151197987153753
0.00784110829668357 0.0465596067183776 0.330401033526842 0.77004323241384
-0.0466154505565202 0.0186371780849773 -0.231927570553087 0.549927823209248
-0.0528519491712317 -0.00335707549294007 0.0373658190696595 0.0451952331876862
-0.0225064868863257 0.0163252425166587 0.21307616345107 -0.562104529409195
0.00209443906069078 0.0234006262558752 -0.401813155935034 -0.823702463321784
0.0188676120762907 -0.00505435725102165 -0.865494557224757 -0.086831017253972
-0.0146321573076238 -0.0195373596900378 -0.355680548498144 0.608839191641352
-0.0282986343255309 -0.0116542333970002 0.206624995922877 0.479664782882735
-0.0366088734674014 -0.000828765602402005 0.268431582770055 0.114625155950533
-0.0252681885697638 0.0208031038944252 0.104551963981054 -0.178503844232741
-0.0199954342539521 0.0127109676241011 -0.0895266507152998 0.123113073732707
-0.0403963368002656 -0.00960391197924659 -0.1799254899533 -0.131135044755686
-0.0156537982904136 -0.0367353912194524 -0.123101092120468 -0.458495876613423
0.0117304597969386 -0.0512245027661709 0.434855553567123 -0.446316673037763
0.0428494651493609 -0.0182784930225301 0.777776089302024 0.165706579979636
0.0145720701631114 0.0567496085775006 0.320225341084038 0.783833279500086
-0.0454355588969819 0.0303553722765671 -0.244915803351697 0.55725301686673
-0.0542626926056789 0.00800953143554067 0.0268692422755825 0.0514650016336683
-0.0193704754879514 0.0275224422846001 0.200358927708498 -0.554210585587131
0.0100889434510327 0.0321380643162232 -0.410573190011433 -0.808711139293434
0.0214519140627 -0.0014076833226476 -0.868856552780433 -0.0745549641634951
-0.0178336285528364 -0.0196320211810172 -0.351032820668178 0.615419545829326
-0.0276028795458654 -0.0130911473215149 0.211831462423585 0.48441062281621
-0.0352374681615104 0.00147182215754653 0.271718571399865 0.116980522683751
-0.0246542225786036 0.0239716695327411 0.109620201536485 -0.179527810836939
-0.01687815697152 0.0141770409047335 -0.084847682434713 0.122510685906138
-0.0357068708528777 -0.00704397041007289 -0.176786523286135 -0.128258751180854
-0.0143981360567202 -0.0345910419111704 -0.121396799667165 -0.452056433657648
0.00736437303735041 -0.0478773190125113 0.430746145412995 -0.443765684140551
0.0422047357083135 -0.013705047482057 0.776785157727744 0.167910601303305
0.0201155453987911 0.062102509513797 0.320288269098619 0.789851396614942
-0.0402543242032543 0.0383574826386673 -0.249215242289281 0.568007862435253
-0.0510421633281521 0.015538007737191 0.0173502223767725 0.0616661903848259
-0.0136766950332799 0.035005602986506 0.197144361943536 -0.539891386131411
0.0150046241504369 0.0368056388890624 -0.409554701230545 -0.799981970728665
0.0198057127533979 0.00358865967207451 -0.869812602211511 -0.0722540546280398
-0.0220946235070879 -0.0149685395155386 -0.355492634100499 0.620755128210597
-0.0262427053874038 -0.010527979071178 0.212662701847746 0.48973274116548
-0.0298211734729642 0.00634558334259754 0.276936540908265 0.121012305697892
-0.0192398167177177 0.026619529925994 0.114336615990344 -0.177392814072423
0.00630848799207162 0.00612201552372576 -0.0948609212975269 0.136942738872129
-0.0118057003245599 0.00555981799249498 -0.192738999117734 -0.107051440387766
-0.0130642351238035 0.00151534753866465 -0.199771314676942 -0.456524245690825
-0.00908049915368617 -0.0169456579156904 0.310282591318569 -0.535560053826004
-0.00963093391803315 -0.0398284182681591 0.788021528768745 0.000624472116659272
-0.0134957975567641 -0.0116493828037542 0.479759918672888 0.695566900404766
-0.0212631121402067 -0.0391533334127251 -0.138031800816133 0.587457872340863
-0.00835075897764232 -0.051399498864037 0.0495214845432457 0.0783667483234383
0.00511395556246218 -0.0453713004184407 0.297131696411 -0.520127678306198
-0.0207099149802061 -0.0389662936490917 -0.242196900202996 -0.8916886894173
-0.0246379853715424 -0.018812722080455 -0.862652341280436 -0.25551810548618
-0.033046160279989 0.0162888483934323 -0.492557938289847 0.532858567303806
-0.0236305604452513 0.0259405835142638 0.126211021627522 0.498056677357992
-0.00520611463582136 0.017135048313067 0.26176573533914 0.148475422342997
0.00868922959049509 0.0175464796488167 0.106402052226679 -0.163768346599578
-0.000252897929100878 0.0053515759698508 -0.0961206402146174 0.136356132492459
-0.0209239034516305 0.0011691657213867 -0.19304358766518 -0.113941102288159
-0.0164014131429832 -0.00551609982340969 -0.187095829402985 -0.46352684626548
-0.00403761646779331 -0.0266302348955394 0.335878060664627 -0.527308987575278
-0.00054117961368735 -0.0418719222059128 0.790871613698054 0.0264916686170839
-0.0140950950212051 -0.00567802771324904 0.454456926884745 0.709897673895267
-0.0281475304300009 -0.034175761378178 -0.153997370881773 0.575981850842763
-0.0181811384219308 -0.047486425118488 0.0549962040703326 0.0655584435071628
-0.00423316081462789 -0.0396907328518916 0.289787622945147 -0.538177705693579
-0.0211664223795411 -0.029737206496532 -0.269421729510486 -0.890583551989709
-0.015244303971658 -0.0174871303503313 -0.866160507242191 -0.228458773404019
-0.0253346460332807 0.00795489894864211 -0.469196512708004 0.54512307732618
-0.0243365447954381 0.0174427938051674 0.140682242028673 0.493337222922887
-0.0135059095722641 0.0105832143676113 0.261490863556052 0.139833148380166
0.000523451240890713 0.0154612640800784 0.102843703572969 -0.168004909342227
-0.00809047657208984 0.00526428073183262 -0.0987825242756684 0.132444932778273
-0.0303270581558194 -0.00270734662413437 -0.193751423207103 -0.121913212295958
-0.0189217120755546 -0.0143568847898275 -0.174665530782505 -0.46762406055585
0.00124815135311161 -0.0355931317692297 0.362829603439252 -0.515660430146617
0.00970925027757706 -0.0410113083747758 0.793828297276997 0.0544038274467654
-0.0105388185522835 0.00497015325284622 0.42509669840268 0.72246062937213
-0.0360348662053588 -0.0235245269211276 -0.171808572177343 0.564267908345983
-0.0288011526588433 -0.0400404328348591 0.0551758933481043 0.0546861662693367
-0.0135973090554241 -0.0293825903290793 0.272263564490133 -0.551009040393246
-0.0186075490897288 -0.0181374222845622 -0.304547119230359 -0.881652232228051
-0.00446829588161674 -0.016248667489807 -0.867946189063762 -0.194836232089849
-0.0183923343066034 -0.000591907284392824 -0.438216592849376 0.563665178654634
-0.0254764654272198 0.00892166958669717 0.15797595293342 0.48857021702088
-0.02236470397772 0.00369825432996941 0.261823272079848 0.132056910309415
-0.009023911338952 0.0147151760302755 0.101562199807559 -0.17253468923823
-0.0142259792188686 0.00663004392789904 -0.0988062992571341 0.130115242831904
-0.0381455116283035 -0.00670294600958214 -0.192828286565094 -0.126787326290178
-0.0198359052340526 -0.0235652268320249 -0.159204426064113 -0.470044813242071
0.00709214145069427 -0.0436884675676881 0.389925543441626 -0.496602074794192
0.0216147647845846 -0.0375126368716184 0.794172283136532 0.0881912350031885
-0.00547999177837584 0.0184484797078002 0.390964934444723 0.741898978381754
-0.0415020412353052 -0.0100682736332913 -0.191429106857923 0.557927778121857
-0.0396347414460922 -0.0291607435362107 0.0523436589001014 0.0479860894782376
-0.0195216311007016 -0.0156262979470124 0.254070324731847 -0.561527431262999
-0.0139099802595042 -0.00390256805410706 -0.343439705033831 -0.866330818906761
0.00566652260013855 -0.0131439336151462 -0.871741163552456 -0.155213224770014
-0.0141108604151821 -0.00931579241386606 -0.407945581980278 0.583102616999291
-0.0268020669261733 -7.47668097830605E-05 0.176406390112975 0.484735455204934
-0.0298259385183974 0.000378762517925756 0.264264015884101 0.124737165035157
-0.0169872746850068 0.0156798439900161 0.101563207422703 -0.175597014394113
-0.0193409534533023 0.0085437312395243 -0.0982927548364732 0.126564309066868
-0.0423411326298713 -0.0102101267421491 -0.190048722218682 -0.131735861119612
-0.0193521848127668 -0.0307267479360749 -0.144156185024905 -0.469374688634569
0.0113265353465531 -0.0498641082592333 0.413232756843453 -0.479982290956943
0.032280124989325 -0.031434008618407 0.791499897018939 0.120990897690155
0.00192304756539176 0.0334423967473799 0.359249647927155 0.758076074425565
-0.0456342906772855 0.00501087708711628 -0.214751975417524 0.553903298429181
-0.0487378313455179 -0.0152299347394354 0.04553880758947 0.0449289411645274
-0.0237042643371321 0.000860663101044318 0.232019928672883 -0.565757656348343
-0.00633878426633058 0.0108627689133468 -0.377522250475407 -0.847666319417478
0.0136711108197205 -0.00959469934016986 -0.87260927053348 -0.116852123502042
-0.0134021251847285 -0.0167862416784482 -0.379887111350499 0.599426241312178
-0.0278829494159902 -0.00746786261598731 0.192833635644164 0.483338455751239
-0.0352322719676954 -0.00114538284132543 0.26736825634947 0.118737607719462
-0.0228704454476681 0.0174989083622559 0.103403234498492 -0.17865162620663
-0.0214084234853654 0.0105520274119342 -0.0949827167361259 0.124476611628197
-0.0432153823684421 -0.0106966180640823 -0.186248504684225 -0.134376783992885
-0.017771974599698 -0.0354353245724441 -0.13122731623815 -0.466600485015077
0.0129929259328356 -0.0518658099253427 0.431812272132237 -0.461576028830838
0.0399095036478317 -0.0240246698104009 0.787776277776997 0.14976473625185
0.00798352493132533 0.0472210363572022 0.334418317615617 0.775877607959917
-0.0472623239883283 0.019270101949417 -0.233868612463379 0.554122609171613
-0.0535980270631983 -0.00266783242463527 0.0384167673216337 0.0457066073180334
-0.0226857300249074 0.0158472946328429 0.212803558552802 -0.566219013493136
0.0022928531280933 0.0226556559896112 -0.408724662007686 -0.82800378996812
0.0195943896181636 -0.0058666927989849 -0.874610843784418 -0.0865777532937339
-0.014801015307057 -0.0201774645544552 -0.356542676697121 0.614887156620294
-0.0280977922482699 -0.0117210130006385 0.208435422523699 0.48297290109558
-0.0372804776872885 0.000764521383968039 0.271145959634099 0.11587652475037
-0.0250361038665406 0.0204459010055085 0.106155546118907 -0.179850424242693
-0.020102742366974 0.0125932731327097 -0.090377361598587 0.124228889232565
-0.0417709237198619 -0.00911093235777778 -0.183276277854478 -0.132004401356832
-0.0157604678441671 -0.0366839701736257 -0.12622625412388 -0.459626594130604
0.0114703463299372 -0.0514139563489785 0.436874044582341 -0.451963105363876
0.0440806746174962 -0.0184351514120728 0.785464860118539 0.164867002565379
0.0155615743664208 0.0577485700394786 0.322767192513945 0.787582539300356
-0.0460340305061039 0.0319933518083516 -0.244616741533089 0.56171915318762
-0.0550808207246366 0.00888591923276806 0.0277484048563289 0.0528223822381105
-0.0197933438524208 0.0273584184257912 0.201686056253961 -0.556837534731967
0.0099977924460958 0.032144140156461 -0.414260528703177 -0.815957526637711
0.02212654797943 -0.00174551677556324 -0.878282376864996 -0.0746637312296613
-0.0173131488171787 -0.0189686006077451 -0.352200545825362 0.620742707268072
-0.0283779369759975 -0.0133533153332304 0.215206130267778 0.487843136433024
-0.035800317248266 0.00232068395925543 0.275803819580338 0.11732468361521
-0.023648713378922 0.0241908136237404 0.110281545071389 -0.18116581345723
-0.018052063897281 0.0149175216715061 -0.0858211808887695 0.123530503544915
-0.0366258017551817 -0.00594960099888941 -0.179514286342292 -0.129112215187049
-0.0144044963699076 -0.0347222646820902 -0.1246981963856 -0.455092313303005
0.006597619479872 -0.0484560284961187 0.432233510723046 -0.446919818515256
0.0424572785186747 -0.0138729609668843 0.78157712225108 0.166994777932951
0.0207153042254516 0.0621051177796582 0.323766176431755 0.795155768210814
-0.0415196386869171 0.0393863474990135 -0.250156335335742 0.572810240230722
-0.0516167473414359 0.0155351028955364 0.0174766204124075 0.0620941091157445
-0.0142233674559742 0.034338292727685 0.197285613348655 -0.543484861543808
0.0157464381932785 0.0371125022810807 -0.414654595584647 -0.806868884976163
0.0210216678586593 0.00370610799525679 -0.878073619167699 -0.0700647995740549
-0.0225914313119804 -0.0148242314722761 -0.355778454750656 0.626958496278311
-0.0266113944123923 -0.0115980614430651 0.216493419295842 0.492342854692626
-0.0301108637244877 0.00700873808507542 0.280054653134652 0.121893665052476
-0.0191987679757455 0.0270563811933724 0.115639126644494 -0.179349016662902
0.00683809366855921 0.00647663874389779 -0.0953893661375641 0.138373670575065
-0.0117280405096861 0.00555226790721463 -0.196140816241405 -0.10703440131827
-0.0130091680092355 0.00264845750899933 -0.20450088802854 -0.459263694717517
-0.00939758276746458 -0.0172708131111947 0.310525110682555 -0.540692544113179
-0.00910345270371936 -0.040069658367085 0.793621737559535 -0.0023697829908167
-0.0130435110919578 -0.0113127300962949 0.486809242428495 0.700791407064325
-0.0215699828197457 -0.0393616491150302 -0.137083417670412 0.592177951950216
-0.00864224146160997 -0.0518453188797919 0.0501050166224212 0.0783884497677529
0.00411267478726709 -0.0466183936487527 0.297590547485766 -0.525061524060243
-0.021064518073475 -0.0385660032570761 -0.247193083880801 -0.900085851705167
-0.0250242609391787 -0.019038971198521 -0.871467474884219 -0.253432769542101
-0.0336732973388696 0.016670538255239 -0.495872992910197 0.537421212623116
-0.0236690702951898 0.0267965614558531 0.130203994643544 0.502850464212199
-0.0055132230142915 0.0179732421757332 0.266458684797289 0.149515742729316
0.00899136563444278 0.0171519926001548 0.107870237032339 -0.164881428088434
-0.000195172087387052 0.00488321718185897 -0.0966250185613576 0.137512691535318
-0.0216350048565687 0.00213738710629642 -0.197190494507232 -0.115214310071216
-0.0168401093612306 -0.00477491398703825 -0.194075423505566 -0.464392958794652
-0.00436411701966738 -0.0262662989243355 0.335505982088141 -0.534285095750621
-0.00115295397038782 -0.0420463735805107 0.797955718077939 0.0245990308383551
-0.0129965996378638 -0.00498036003966308 0.462336469339421 0.712110842085049
-0.0291032059367652 -0.0337557497959207 -0.150987678738675 0.582283227728461
-0.0190101877694575 -0.0479013330588405 0.0560099924220195 0.0664673856219372
-0.00447785003809944 -0.0410667890516864 0.288830439966213 -0.542490720147077
-0.0210053259469828 -0.030590307170439 -0.276126536580664 -0.89775061305462
-0.015274014657092 -0.0181778460426361 -0.875356989126277 -0.230548102597869
-0.0254610553678575 0.00781166634426762 -0.4713611034316 0.552063388826445
-0.0245493521117756 0.0182001102493433 0.144406083308643 0.496337610502255
-0.0135920019671087 0.0105287699266695 0.264272993190835 0.14012905161116
0.00114071371296283 0.0156315062888425 0.102833861221687 -0.170141811870912
-0.00759357843503891 0.00554171361069005 -0.099308324021779 0.134543051216131
-0.0310193320102639 -0.00237070814879512 -0.197231302788834 -0.12241580731376
-0.0192642462820339 -0.0142260055468438 -0.180228780471828 -0.470567050688801
0.00133371611089415 -0.0360769181481286 0.362786059069268 -0.520245243450569
0.0094734969311531 -0.0413563421341757 0.800159172882986 0.0531547284430677
-0.00972189837745907 0.00542449086879768 0.431902823037094 0.726310314086545
-0.036614458417614 -0.0234355010029598 -0.171543684684483 0.569062624746353
-0.029363494293579 -0.0397234820974447 0.0568546537364902 0.0561755662538269
-0.01323084959388 -0.0301908228622163 0.272818791162195 -0.555111697275216
-0.0185782216315155 -0.0179422765696402 -0.311227753011777 -0.887493964017627
-0.00459123754882251 -0.0164214847148127 -0.878782313527982 -0.193818660941236
-0.0184026739600229 -0.000635993362309562 -0.439613866233042 0.569309431355603
-0.0255439072370146 0.00857556885327584 0.160789829726319 0.492198957470959
-0.0227777744146569 0.00473032468338449 0.265384916621815 0.131909866885627
-0.00792519782869054 0.0152368220215956 0.102326304646346 -0.174029337855368
-0.0142817381014276 0.00688554122962463 -0.0998886906034847 0.131795323557399
-0.0378811143897336 -0.00642347322297308 -0.196458108356061 -0.127961227551632
-0.0201306215752161 -0.0228916372041498 -0.164018543590533 -0.473308229438041
0.00672011036795542 -0.0442301585983355 0.391818032966741 -0.503472919409402
0.0217946553380528 -0.0374854577796727 0.800051680919727 0.08673569417636
-0.00447220578570204 0.0191410461609673 0.397320807437245 0.744444072487581
-0.0425058553914182 -0.00977491870810905 -0.192057160945344 0.562542124071353
-0.040741662649838 -0.0279932849983746 0.0534541933430915 0.0494225023571933
-0.0206792112333194 -0.015338904104691 0.252152907710081 -0.566826691317512
-0.0137409635005545 -0.00379727605052217 -0.351213510594716 -0.875523481837886
0.0056867526218617 -0.0131784050703551 -0.881522420822009 -0.153628213900735
-0.014276277590594 -0.00943912568560209 -0.410254214895159 0.588146378069032
-0.026978449402838 0.000303805227579064 0.180620849079728 0.489467283510436
-0.0306477029816715 0.00161402336163038 0.267926059968861 0.124502966058947
-0.0167537733895331 0.0154151286538679 0.101647062523086 -0.176982533186607
-0.0190413885449249 0.00801969132012168 -0.0992226211307414 0.127910527412228
-0.0428779509398388 -0.00908597766495822 -0.193344918323741 -0.132796148715761
-0.0198763961645274 -0.0305649988257105 -0.148206915487624 -0.471658087544626
0.0107196095548207 -0.0501217468996902 0.415136442258347 -0.48316904555718
0.0329672539766863 -0.0315889907212632 0.797758789141695 0.119357387592102
0.001764560414309 0.0342022810162083 0.365898221714023 0.764070678662593
-0.0465372848410469 0.00597664169213865 -0.21344422074484 0.558770691237669
-0.0497041941846481 -0.0149333499422813 0.0467379330467448 0.0456872875754588
-0.0241176431145176 0.00129383832020889 0.231266539489529 -0.570645533584183
-0.00654222807868574 0.0109995038088659 -0.384661103843592 -0.852528891998817
0.0147919804914784 -0.0102439900518427 -0.882469262919616 -0.116051779146178
-0.0132889060944506 -0.0163853718680876 -0.381639619008504 0.6076802038645
-0.0282640749941882 -0.0072838004751213 0.19730308255071 0.488213714729541
-0.0348803521680658 -0.000703366716472049 0.270731773991467 0.118522760659637
-0.0227833440974341 0.0180822240575914 0.103478772881677 -0.180197357073352
-0.0212018506842647 0.0101652648997594 -0.0954541812616713 0.125346808710503
-0.0444484607928843 -0.0103076131349785 -0.189545228799178 -0.135151854020724
-0.0176548279763189 -0.0355765627138701 -0.136305730215092 -0.468625722797874
0.0124337037249316 -0.0524718620860715 0.433413533273695 -0.46606500783052
0.0408670030072273 -0.0245630636380588 0.794033013979267 0.149352256465679
0.00927195959577921 0.0471671004403417 0.338867716799175 0.78106903118373
-0.0480088196600673 0.0191694865704162 -0.232704428262637 0.560033357044248
-0.0539368130399989 -0.00178697166949891 0.0382153108625529 0.0466515302158474
-0.0238690357817906 0.015095665946563 0.212742561103009 -0.570509029245909
0.00181305374838066 0.0221054732400906 -0.413428677264168 -0.834551946942513
0.0198305769564241 -0.00614257599142388 -0.884112374294108 -0.0825293449519557
-0.0149811047063146 -0.0197737103631483 -0.357955119539999 0.620826695934159
-0.0296595209629894 -0.0124304126002267 0.213820055103318 0.488471999392991
-0.037947817391402 0.000311178442259918 0.274117809831097 0.115675168753705
-0.0248625670445833 0.0213809953804173 0.107211646513621 -0.182664933918373
-0.0200280474707998 0.0127844586390078 -0.0909021227980836 0.125739919947179
-0.0420166421432506 -0.00877989734708918 -0.185971327582048 -0.133472755188662
-0.0162239382020739 -0.0370921856262945 -0.131016308392666 -0.462603519904887
0.0112806188203776 -0.0523939674642919 0.437771415598312 -0.454980538604475
0.0439510935669096 -0.0182912488304411 0.791577618415102 0.165196858454134
0.0162537269749205 0.0579958070457292 0.327679919134707 0.791972750062422
-0.0465978071435646 0.0323616703670225 -0.243179542678887 0.566428786523379
-0.0557225189879645 0.00959259540614704 0.0274734235448791 0.053512036649473
-0.0201585119654683 0.0276916892942654 0.201296166627009 -0.562147175740615
0.0101022682576487 0.0322420452921505 -0.421440846462508 -0.821016173660308
0.0232805001504853 -0.00127370104673593 -0.885562255841775 -0.0715371891861843
-0.0180716408352823 -0.01919223492725 -0.353067874028839 0.627421200244143
-0.0291821019824617 -0.0131898745565847 0.220426837607471 0.491508632922552
-0.0362531471820641 0.00311485211042896 0.278897509219842 0.117053520484845
-0.0234983272839808 0.024857451977137 0.110796581371478 -0.183568978328099
-0.0172446247665628 0.0150513113716117 -0.086153134239325 0.124603767065523
-0.0367675573697804 -0.00527612328622019 -0.183006807903743 -0.130600612636616
-0.0143082235758913 -0.0344781247244589 -0.129657055499604 -0.456733770103971
0.00558386741749415 -0.0484639775138763 0.435969720099638 -0.451187566230953
0.0430758678057809 -0.0143701744941419 0.788780442272337 0.168014855640931
0.0216433999879261 0.0626780601426461 0.32724384407487 0.80071308770552
-0.0414970929337401 0.0399332632875423 -0.249416607016026 0.578411959762543
-0.0526152799370808 0.0168924445627901 0.0179630961479862 0.0637513054047824
-0.0141618360372089 0.0342039742429885 0.195963689833419 -0.548330613508841
0.015350145997445 0.0368949015883909 -0.420882211921405 -0.81232544165735
0.0212511183848319 0.00420694935342507 -0.888626924911367 -0.0686215080914805
-0.0227637564205541 -0.0147197066554295 -0.357079995520376 0.633504207178815
-0.0271824122078989 -0.0112493465605911 0.220013987737673 0.497224296491767
-0.0302725828252404 0.007742743634305 0.283026110280718 0.122510553387006
-0.0181486822890011 0.026754387531643 0.115494931306882 -0.180983378676454
0.00724917431776581 0.00587665452013556 -0.0956838995933039 0.140152559954793
-0.0127394021090815 0.00648456915341762 -0.200252719252225 -0.107453189936977
-0.0133016907291878 0.00322967102178496 -0.209152705161671 -0.46088706435848
-0.0099426711736236 -0.0175290834963142 0.311020585526152 -0.547510804883214
-0.00967400342950172 -0.0401608223724714 0.800460932432051 -0.00807748314453185
-0.012857688829498 -0.0114225613057235 0.496188762117901 0.703846642412832
-0.022254499733144 -0.0393103772182592 -0.135669015835556 0.597981335564158
-0.00877277650061455 -0.0515341224076066 0.0513399601508763 0.0791444681427086
0.00358039111838375 -0.0471191863267096 0.296906626110755 -0.530046400653193
-0.0219739779940468 -0.0390827369635467 -0.254809287896671 -0.904566487294142
-0.025725676549937 -0.0189106051485582 -0.882270000247995 -0.252421518863534
-0.0330678377897189 0.0167436269488176 -0.497048150986703 0.546912161522617
-0.0238085601951889 0.027282529178873 0.135754188221224 0.506488672824326
-0.00489941459165122 0.0192337121667574 0.269084051169729 0.148928245224989
0.00971266166590362 0.0184791244647157 0.107950212680366 -0.16748163492069
4.76024798049335E-05 0.00545198257136535 -0.096996632711784 0.139314700467855
-0.0223555418849978 0.00251813968085314 -0.201166238121844 -0.11541303962422
-0.0168563439501938 -0.00479236560131164 -0.199089210522552 -0.467901823859948
-0.00486985317284797 -0.0270233070909599 0.336721958333509 -0.539694224785059
-0.0010676829618686 -0.0423093618896852 0.80634093066722 0.0210131636324489
-0.0123689475647952 -0.00492634274856443 0.469850820378419 0.715403560841302
-0.0296529597103447 -0.0336740045477399 -0.150406821206652 0.587410146712739
-0.0188972280867639 -0.0476107562991306 0.056915647807304 0.0673401059848735
-0.00559795112346096 -0.0418150805741875 0.288567498201074 -0.548337892053179
-0.0213469428047416 -0.0312056938185237 -0.282999497125306 -0.905418912649673
-0.0157713344817718 -0.0184687109373284 -0.885949925022828 -0.226483450643323
-0.0252510179470264 0.00858593827647968 -0.473968539374778 0.559633804340314
-0.0253042401093615 0.0182717330232915 0.149067784531613 0.500761837200208
-0.0141274605890217 0.0117415910686559 0.267678631783151 0.14084654144696
0.00150716092027982 0.0161331709633008 0.103640778867154 -0.172254050247813
-0.00729412142678513 0.0057722429197963 -0.0994811169602979 0.135977740115366
-0.0320981253183421 -0.00184305454546195 -0.201829980488208 -0.122923786106153
-0.0191740525151834 -0.0135809876372377 -0.185033583244009 -0.474168979811757
0.000468088424827728 -0.0357012227499027 0.36462446790228 -0.526399652870665
0.00971449750833525 -0.0417395919124921 0.808655123749111 0.049305391062969
-0.00948053113753972 0.00483101590670997 0.43838394321023 0.729254442709335
-0.0373429336341005 -0.0227298503144466 -0.169139781255588 0.574984796134854
-0.0307745339958522 -0.0395732126020995 0.0574610918943487 0.0571219733825613
-0.0138657046226892 -0.0303008499653804 0.270449180568207 -0.561740446246225
-0.0189014428010439 -0.0183144539160393 -0.320448526957663 -0.895456916389509
-0.00514071547519496 -0.0162212292017873 -0.888086958018529 -0.190145218990262
-0.0184342970921002 -0.000676162619267786 -0.442139807970201 0.577239076337467
-0.0259603088096859 0.00896892162078156 0.166285516173242 0.496597960436282
-0.0232461042331516 0.00577056406106428 0.269558856522263 0.131940003440559
-0.00757371898423868 0.0152467099628661 0.10222322213837 -0.175922546726891
-0.0139629417179885 0.00685622845405694 -0.100436017528785 0.133295988196855
-0.038509052800904 -0.00599929514940066 -0.200076651438926 -0.128791079436906
-0.0203711873494953 -0.0227453947202975 -0.169884107170594 -0.475118511127352
0.00593208357414257 -0.0446055579195349 0.391457075110759 -0.510055580059671
0.0213475868550889 -0.037812563813011 0.807827046430259 0.0830126901286724
-0.00444576657427151 0.0188391796588566 0.40449555518216 0.749636445107933
-0.0430078877950139 -0.00832939127295895 -0.190005713053329 0.569013535556271
-0.0411937383412025 -0.0282924669028936 0.0542508986413502 0.049713090318937
-0.0219285923956922 -0.0159634773495384 0.2507853675755 -0.571261301010819
-0.0141478868770418 -0.00382694458678539 -0.357837677218371 -0.880067700825573
0.00574886795698472 -0.0134523472473529 -0.891256317119346 -0.151688083598579
-0.0144502808201103 -0.00963949159504877 -0.410654282060058 0.596140854816226
-0.0273049255257682 -0.00014919094945361 0.185146768286253 0.493793560498256
-0.0305786827133945 0.00180107317607091 0.271187525674645 0.124010419587154
-0.016351221953707 0.0166319247598311 0.103171699053332 -0.179386777956811
-0.0193821349646811 0.00891054917350833 -0.0988690851595444 0.129451283911135
-0.0438225212952549 -0.00861166191525452 -0.197576821840474 -0.133508041434335
-0.0198049916008005 -0.0304036943884724 -0.153675962976573 -0.474463962659362
0.0101777461521044 -0.0504846605485375 0.415905088805362 -0.490753139865178
0.0326539868301143 -0.0316371217001475 0.806973393812507 0.118392241042681
0.00311165220617492 0.0342179454876011 0.373082989800555 0.768140809227837
-0.0472473712181761 0.00674760782816577 -0.212575347601485 0.564220622346609
-0.0497482893732377 -0.0144283136304049 0.0477322990964193 0.0463937113455335
-0.0249737782616445 0.000969453191971467 0.231597460990762 -0.577163278096149
-0.00625740802732346 0.0108448172042164 -0.394346522858671 -0.860039588531154
0.0147955720176905 -0.00948232821500495 -0.89434482397294 -0.111413919573707
-0.0131741622524548 -0.0166676780181389 -0.380714798912414 0.614558100997825
-0.0288696288121843 -0.00755322730506821 0.203175603067265 0.491307509551459
-0.0360661515458919 0.00103198242415681 0.273767934496787 0.118694007609876
-0.0222435406514351 0.0186037334085564 0.104489929394736 -0.182073809300797
-0.0210058751632672 0.0111028946739572 -0.0962352647443513 0.1275199731093
-0.0448641977398792 -0.00979689543837814 -0.194461245341085 -0.135120626958353
-0.0180300890729574 -0.0349844167451015 -0.141598087225405 -0.471672070779532
0.0121457809119657 -0.0526511223697965 0.435093452624718 -0.472251279312002
0.0405470621519924 -0.0245518626544627 0.802425280741427 0.148988773312115
0.0105906351030653 0.0477326422929553 0.34461522871682 0.785624474289623
-0.0483320801116854 0.0215319379965493 -0.232671525002357 0.566392303602232
-0.0550585820389749 -0.00133249504320178 0.0387774270341125 0.0468926257082174
-0.0240953420781934 0.0155699564196982 0.210227753441468 -0.576558947815582
0.00210329693135109 0.0224846994618503 -0.421031132688937 -0.84061476458564
0.020160636643617 -0.00642192564493345 -0.893773246618059 -0.079247150881526
-0.0154932151024683 -0.0199768561763937 -0.357698531174716 0.630232535468399
-0.03000123849767 -0.0120619915895491 0.217913331208291 0.490146229649182
-0.0376710698936351 0.00134590582521374 0.278137704465662 0.115907869224754
-0.0242253801887658 0.0214907481914068 0.107105733728839 -0.184422808763632
-0.0202390853384158 0.0133482313552567 -0.0910435160043715 0.126636278523417
-0.0423256323633254 -0.0076773739844523 -0.190161761360295 -0.133605857689674
-0.0165750521098343 -0.0371775151091311 -0.136191248436662 -0.464602121827264
0.0105788716198147 -0.0524171531645519 0.439432991807441 -0.460396369214838
0.0443281647764579 -0.0195787867821079 0.799456517507814 0.162447141966814
0.0171377097350898 0.0578119048483401 0.334943177981364 0.798244228126524
-0.0473337673768663 0.0334046992170151 -0.243342282295643 0.572916591337544
-0.056814603644372 0.0103912320055993 0.0288214249360803 0.0539250437243457
-0.0212142631853466 0.0279100720349908 0.199477669622942 -0.566153882885702
0.0104901658425361 0.0326577369163844 -0.43046819606362 -0.826705253727407
0.0225142715941501 -0.00111062494355575 -0.894930101736299 -0.0658205171581402
-0.0183123212065943 -0.0192451641174386 -0.353460323173079 0.637804766809399
-0.0287816204313312 -0.0131729396187068 0.226004707102249 0.493184154791727
-0.0367021237216892 0.00424436473167063 0.282676887375985 0.117434098622166
-0.0224817006081374 0.0257849442997407 0.111728305089641 -0.185652819810609
-0.0169645682254415 0.0150666344044619 -0.08659152963309 0.126557576920809
-0.0365996332021456 -0.00462222739668819 -0.185819928493706 -0.130799127596506
-0.014825683440733 -0.0347720743831259 -0.13579175725302 -0.45842891247108
0.00553952686887698 -0.0487883495346044 0.43651921220279 -0.457908836079582
0.0429797507798839 -0.0145846442548176 0.797106845580916 0.165162003888317
0.0231618019146255 0.0631266980137406 0.335480059112156 0.8048244686002
-0.0415018846892849 0.0411243235417935 -0.248521397323138 0.583456284458962
-0.0534924847757544 0.0179123408344237 0.0178797816145088 0.0640332076306246
-0.0147091898397213 0.0348578771980358 0.194540010871032 -0.553751086014578
0.0158897387424057 0.0378682994658672 -0.427908452934195 -0.817094316461433
0.021707728547874 0.00373232370552947 -0.896975249081344 -0.065887586281291
-0.0230706007995447 -0.0151290519265464 -0.354837515459528 0.641920775406459
-0.0276822169339615 -0.0116679116363021 0.227200587657153 0.499818115896679
-0.0306810982367106 0.00838204215826737 0.286780960718936 0.122372499635061
-0.0185587129697961 0.0282357447437818 0.116567829668584 -0.183475196953645
0.00748926984095789 0.00623443962542096 -0.0957252991917471 0.141542654772716
-0.0128721724459054 0.00689221941481205 -0.203189634961539 -0.108274133642738
-0.0137457147926138 0.00355673855265426 -0.217070303721441 -0.462819924243224
-0.0104055114459099 -0.0172780352879481 0.308636612481455 -0.553529028013671
-0.00968032056342882 -0.0406239091355903 0.805573145223964 -0.0111986514684976
-0.0120345574524805 -0.0112117908738061 0.503542543851569 0.705228017156718
-0.0234777870380462 -0.0383034111445865 -0.131408197430322 0.604782077417147
-0.00977245459525767 -0.051753244283845 0.0524499835160082 0.0799891336524296
0.00374026038279969 -0.0479611140371892 0.296833978758 -0.536444519773062
-0.0219797234383501 -0.0396007322342894 -0.261982798897895 -0.913261093947755
-0.0255563601447972 -0.0190634183080974 -0.892462480690248 -0.250528023185272
-0.0336500827842689 0.0172287083366393 -0.498786139772792 0.555072371563605
-0.0242735346888802 0.0271875104471174 0.138461907164816 0.510585887282248
-0.00566650545907957 0.019480914069077 0.274060708948937 0.148797711127659
0.0105850952134699 0.0191038592387624 0.108849345245925 -0.170097873530205
-0.000309634627812184 0.00585050563902923 -0.0973743842796209 0.140609670289243
-0.0227869145537591 0.00287923330911196 -0.204386943547209 -0.115745659792355
-0.0167125297645979 -0.00420164411445777 -0.207051468215161 -0.469772567452771
-0.0054224981426837 -0.0266200813444578 0.334439803191112 -0.545286368568993
-0.00168885361713722 -0.0430242877600516 0.812312789954925 0.0159283208745759
-0.0121540886760872 -0.00538900801831957 0.479377178918987 0.719055534396954
-0.0303349190433932 -0.0327082134807613 -0.145682915692228 0.593220766157596
-0.0200536343473058 -0.0474375797769642 0.0573202005930267 0.0676237913412804
-0.00663545198524481 -0.0419035515957427 0.286246015348836 -0.555222992538137
-0.0223492686065491 -0.0309940409585078 -0.292019906157782 -0.910968757977943
-0.0154981875057467 -0.0186734964194628 -0.895398750027576 -0.222957145253905
-0.0251966327495966 0.00902431334907736 -0.473918958002428 0.569767610352329
-0.0255377752988435 0.0185219247937143 0.153982852651424 0.504676295358926
-0.0141206433794292 0.012243668339045 0.27211323433172 0.139577663723553
0.00148918412743662 0.0161011390106819 0.104575475520757 -0.17485849387674
-0.00764696596853699 0.00579100832913961 -0.100146495827065 0.137857783080295
-0.0317376023300581 -0.0011663721300958 -0.204523312577302 -0.12230414272982
-0.019854721512106 -0.0136334301525915 -0.193440347176846 -0.475877886319868
0.000358837759656822 -0.0366201732092439 0.36221816402379 -0.532129795379452
0.00968345169556822 -0.0418835879501669 0.816073544074322 0.0447169476356634
-0.00850922469193043 0.00617463797982699 0.446147652908695 0.733498088918582
-0.0380264785378335 -0.0214764005900365 -0.166506512535561 0.58155013611732
-0.0313792202504379 -0.0390638935757365 0.0585685249288818 0.0571659190187344
-0.014907939044662 -0.0306272193364915 0.268558725754906 -0.568266646619122
-0.0190838739274533 -0.0187861882296173 -0.32992838746707 -0.901756724982557
-0.00453961080505891 -0.0165429166262656 -0.899669563285025 -0.186643165980645
-0.0192112493759661 -0.00054039613363451 -0.441373326460341 0.586341005776066
-0.0264270300191905 0.00892383717613608 0.171510146803824 0.499200164944897
-0.0231083518758503 0.00655748524825208 0.272782224372237 0.131358025653814
-0.00724114241076957 0.015401840121136 0.103245249721647 -0.178470020441828
-0.0141247099828457 0.00730433549345051 -0.100277750466448 0.13534272065209
-0.0397199696582768 -0.0050141078694979 -0.203811788508316 -0.128567305950023
-0.0208506591533033 -0.0223408706228888 -0.177586445642093 -0.476705899899942
0.00544209341552872 -0.0451403108429885 0.390889046456762 -0.51716029376418
0.0219870429777134 -0.0385602612757514 0.81559324231642 0.0795990233442046
-0.00289515406164783 0.0191122258008874 0.412615752458434 0.753714211671463
-0.0438932160674625 -0.00775398301696035 -0.188615290843198 0.574188797265845
-0.0420484674215818 -0.0271150743239624 0.0558176471307982 0.0499600917871811
-0.0224944210523312 -0.0160908674732948 0.250304078992681 -0.57852566992206
-0.0138430377745996 -0.00362853991477049 -0.368855042146537 -0.886191207859201
0.00582028250493736 -0.0138872325732452 -0.901430409578747 -0.14612875072653
-0.0144846576192846 -0.00910861361833133 -0.410481685534082 0.60465216383803
-0.0275811039527285 0.000209623622266786 0.191015711863292 0.495758192047751
-0.0308829080426341 0.00245737684626027 0.274726737207493 0.123990532582201
-0.0155519113253374 0.0167359314621756 0.102912377401594 -0.182064322712706
-0.0191693445991364 0.00929496484540749 -0.0994069150926082 0.130975251834666
-0.0443854593580236 -0.00775052729276516 -0.201784123164697 -0.133730359637085
-0.0205609518021191 -0.0300147576140973 -0.160361228794832 -0.476746469762661
0.0095363148055571 -0.0509484404921418 0.416285268731514 -0.496675012216397
0.0325025301094442 -0.0323261292520141 0.813411891378438 0.112229756360534
0.00371517656031778 0.0345152946062073 0.380007673133592 0.771088430983795
-0.0477817023108842 0.0074385682185291 -0.210908070931792 0.570262652471039
-0.0510717590388353 -0.0131291934125318 0.0487081637012763 0.0462687908027282
-0.024975076820848 0.00018612900951968 0.228470624438567 -0.582203998215298
-0.00639735714469509 0.01073243553583 -0.402818066861158 -0.864359899720758
0.0154527553520519 -0.0103941298615212 -0.903683253009823 -0.107891804278649
-0.0138321308824804 -0.0162863118909541 -0.379524776060798 0.624037859959149
-0.0295984862631293 -0.00747990441022581 0.209935645598807 0.494692181750289
-0.0367414583775988 0.00123940344426911 0.279054545311592 0.118629032285783
-0.0218481681993294 0.0194850142307226 0.104799419694028 -0.184606429504579
-0.0215298833034515 0.0107148464835767 -0.0960704146870183 0.128760352683365
-0.0453035528558038 -0.00872552560094505 -0.197431908382317 -0.136002791879591
-0.0188794261958989 -0.0354261360945462 -0.148459001573772 -0.473754056520481
0.0110811897132697 -0.0536315981996015 0.436240781157684 -0.479022117741138
0.0407253180197814 -0.025509592751991 0.811748659563129 0.144710940572349
0.0113750634136695 0.048081126950234 0.351889401709373 0.791406737779442
-0.0490047842793911 0.0225646418145581 -0.228247240409392 0.571050070895421
-0.0560116980550251 -0.000564618757979122 0.0411466193984927 0.0472127895201572
-0.0245703592894911 0.0157893619334713 0.208959872438202 -0.582401496000986
0.00260700226484632 0.0229634526992602 -0.43104424297642 -0.845070884935081
0.0209457660489134 -0.00650791105385656 -0.902108526120199 -0.0752064063737316
-0.0153408925478031 -0.0197941821025631 -0.357369062667293 0.637451678693714
-0.0303518024492135 -0.0117974700724295 0.225240070949128 0.494469169448944
-0.0388733911278995 0.00244274249709954 0.282207473039812 0.115309002986486
-0.0239922456029267 0.0214336926157619 0.107640754677729 -0.186717601182031
-0.0206851788857738 0.0131104672198845 -0.09134126007332 0.128761951524051
-0.0429734091716826 -0.00730040456046424 -0.1937682917694 -0.133446110768397
-0.016448251595238 -0.0368598496297975 -0.141251731334983 -0.465943125245503
0.00992730377855808 -0.0528542618758963 0.441512585465829 -0.468238823899889
0.0450457741356324 -0.0191379191351387 0.807363121249476 0.158193717253366
0.0182826847900345 0.0584024343409971 0.343770977590606 0.803143224170157
-0.0475936184418685 0.034192778965449 -0.242615515018081 0.578032348855506
-0.0574876748366762 0.0115428114666759 0.0292614059388154 0.0549676152436866
-0.0211857328166638 0.0274546547832989 0.195464732009367 -0.574690647673232
0.0098269054520694 0.0328821725354664 -0.441141319822447 -0.831232110913926
0.0233120490919001 -0.00190343982655454 -0.904733925268526 -0.0617499832785489
-0.0184807034695076 -0.0194153558979485 -0.352392857663277 0.645459486091793
-0.0296966885985562 -0.0131493145819038 0.231211260246161 0.498134976458981
-0.0368757552073474 0.00510714922066405 0.286684274979821 0.117120979721358
-0.0227572077122262 0.0257686273632003 0.111532309217804 -0.187953390713906
-0.0172339755637155 0.0156904167906591 -0.0871891549608353 0.127274676891242
-0.0378669945498462 -0.00399220040174755 -0.190078697959905 -0.130505382609503
-0.0151805353554143 -0.0345695817627346 -0.140864466274252 -0.46053724351743
0.00546867342674214 -0.0501203687402746 0.43564598848226 -0.463593678016982
0.043473347321785 -0.0155125488312795 0.805793229532031 0.160434686113554
0.0246651851864935 0.0638931529013024 0.343679941155879 0.809987787880415
-0.042186246432341 0.0425661565694759 -0.247067955825885 0.588657007027467
-0.0534945247976883 0.0184551239930871 0.0190874715005458 0.0643329897075413
-0.0151811706793429 0.0347338874540989 0.191852589440037 -0.559731094139382
0.0156219877999321 0.0371884989471327 -0.439090346864645 -0.821732634703796
0.0219070174874196 0.0037531778361162 -0.908403044387339 -0.0595161013610115
-0.0230895425462665 -0.0147689348325826 -0.35609604484258 0.651618221736572
-0.0280130182178981 -0.0108673338236495 0.23332717931905 0.503063579347528
-0.0311976834445071 0.00952952658347901 0.291562304867575 0.12137325408966
-0.0178991665817651 0.0290794612633636 0.116671811091199 -0.185568254496505
0.00762868083780749 0.00655694147103139 -0.0949943781234977 0.144121433474152
-0.0125599735509927 0.00789082389752332 -0.207940547662287 -0.107787568962036
-0.0136380931206459 0.00432786089064197 -0.225800812928603 -0.463763414646337
-0.0110410296458988 -0.0177913126487716 0.30799485782989 -0.560613395580508
-0.0100985536299123 -0.0408126598960626 0.812322002494006 -0.0183936279753072
-0.0118520407769881 -0.01117747501747 0.514387125495752 0.707937268627716
-0.024118027204135 -0.0382820443222507 -0.127081098972625 0.610019826203218
-0.0106189633626293 -0.0510767835475265 0.0541861579885676 0.0805024956013332
0.00222965861115457 -0.0490235350747231 0.293038361462307 -0.543492153877932
-0.0227407744635598 -0.0392900512928865 -0.274145708764084 -0.91959154167638
-0.0259078697309128 -0.0190107043695869 -0.903847985147374 -0.243350979257362
-0.0340963182144678 0.0175121299574337 -0.498048912174417 0.564644250211533
-0.0250903992259746 0.0278472296225086 0.146555720704364 0.514659477908452
-0.00515387289756335 0.020751935587142 0.278942014563604 0.146653832649894
0.0115796019728492 0.0181827679380396 0.108543807812684 -0.171764898605564
0.000854249316482096 0.00529617236406188 -0.0965502934356751 0.143109257536239
-0.023012199315567 0.00360702253893911 -0.208658545544118 -0.114993636772649
-0.0171330932337599 -0.00444837132671289 -0.214115664914993 -0.4700268619049
-0.0066962055114217 -0.0267582668568089 0.332174657311294 -0.553380625223198
-0.00159376992055084 -0.0429249150631281 0.819869228939782 0.00812094579951857
-0.0119210443780849 -0.00459652933665177 0.488796422199238 0.722441821749657
-0.0318325422854205 -0.0323699191553514 -0.142569736991922 0.598738533431321
-0.020931622817719 -0.046902662356056 0.058616335861041 0.0681435385112678
-0.00716538403150246 -0.0431735682224448 0.283732377618129 -0.5596870330259
-0.023326880250591 -0.0311358739019081 -0.303046894887012 -0.918597100994252
-0.0163175607991467 -0.0188216050008298 -0.906845279648737 -0.217704233667774
-0.0255319967008397 0.00903224218302123 -0.473026941913943 0.578792919441357
-0.025420439258022 0.019232852301072 0.16107862783761 0.507182784285002
-0.0151551432636581 0.0126771878512479 0.277053215517393 0.138840747773803
0.00280775291555714 0.0166660084910562 0.104012014296698 -0.177580736782457
-0.00775943657732004 0.00641509050712737 -0.100018095064037 0.139377458654012
-0.0320731560231543 -0.000282636328196857 -0.209196843163596 -0.121954430063421
-0.0201236439220697 -0.0124568758051942 -0.199786572160662 -0.476049987665222
-0.0011771576831721 -0.0366465362496258 0.361371892973998 -0.5400855278768
0.0093391287909029 -0.0422823828354876 0.822657296774838 0.0376778073486984
-0.00862756479892952 0.00603925744125889 0.456203511525297 0.736116630353536
-0.0392319236303934 -0.0214733778679846 -0.1615156890156 0.586502831995288
-0.0327323217736855 -0.0390059914749507 0.0595293456693318 0.0571724564741709
-0.0157492382215193 -0.0315361815535649 0.26683480146891 -0.574961265637274
-0.0199593159931586 -0.0186136176306512 -0.340912368802432 -0.90736647158451
-0.00412277029717848 -0.0168553112276641 -0.910478955500187 -0.180708211428269
-0.0186986095988568 -0.000605244521171819 -0.441270388019666 0.595723950288346
-0.0273473032039759 0.00900352447458614 0.179281924192986 0.503429748901804
-0.0232842658962753 0.00755181528441613 0.277645633806827 0.130292670005316
-0.00663424956816172 0.0160924425652757 0.102686284589725 -0.18021841935282
-0.0140085216126062 0.00775851533088852 -0.100008527153646 0.137740035581475
-0.0405482663836372 -0.00405198419470715 -0.208723768065833 -0.128850139747786
-0.0217116069213286 -0.0218420757305122 -0.185675917207491 -0.478829325918502
0.00460017984325201 -0.0455393572286993 0.390224411832622 -0.523151167915747
0.0213689450665927 -0.039235644539223 0.824897052757986 0.0735904321027573
-0.00261999434496062 0.0198310610053481 0.42084473556934 0.755529398070241
-0.0448343132743248 -0.00747353577234193 -0.185377881551467 0.581476386030821
-0.0429909581804645 -0.0263237020101899 0.0562045537901458 0.0505864630139752
-0.0222891902150408 -0.0163944085969579 0.246514966284342 -0.584766961174529
-0.0144394347684758 -0.00400809072565085 -0.380210700750531 -0.89108213396952
0.0060042091095993 -0.0139893806364235 -0.911818630355984 -0.139377639752215
-0.0147043809411804 -0.0092293295205258 -0.408852836542144 0.6158915488099
-0.0283704974081366 0.000111921668542254 0.19850416926146 0.498140893391366
-0.0307686235707935 0.00330865050697481 0.279316093696979 0.122890311135017
-0.0143342180482763 0.0172515542048065 0.102313234031268 -0.18476663506157
-0.0192576112104849 0.00902144620689513 -0.0999076068823624 0.133236136168043
-0.0448427769989759 -0.00689140477605791 -0.205877303327647 -0.133386175596844
-0.0207253345653841 -0.0299626664532103 -0.168049389289816 -0.477227509901633
0.00916476022062945 -0.0513351701347387 0.415522989641773 -0.505774034441387
0.033010912204841 -0.0329118037103472 0.822976125496989 0.107529545904359
0.00495715885484942 0.0346738841924501 0.389883924060228 0.775334571170149
-0.0484153063311762 0.00831942811392403 -0.207754721946339 0.575862234715542
-0.0517711062979553 -0.012631929325089 0.0495951248325326 0.0472955474484419
-0.0259452719317992 0.000324667949303973 0.224698001608527 -0.589899460402522
-0.0060807080944437 0.0107522716873455 -0.414734455953728 -0.871562429759541
0.0152713787711807 -0.0107192714743163 -0.914516683529635 -0.100567429984866
-0.014035362753162 -0.0162743615146203 -0.378570355537099 0.634251258527911
-0.0303068988698934 -0.00750982264308263 0.215467489529729 0.495957640616721
-0.0368822766412126 0.0020379914639954 0.28207893311531 0.117005841479757
-0.021079054648303 0.0201771288334594 0.104513292624907 -0.187353184233707
-0.0217252280163719 0.0115086365442359 -0.0966492588651997 0.131040624138118
-0.0461140292478533 -0.00754261926586439 -0.202224681118311 -0.136109725975249
-0.0196946034702068 -0.0347803945723847 -0.1550940471899 -0.475241633771626
0.0108091371879274 -0.0539432943333995 0.435661582983022 -0.486030579885837
0.0411168596326329 -0.0253763419079436 0.819239091191337 0.139927405854227
0.0122955742856587 0.0480917128587095 0.362583797031847 0.794693324346209
-0.0497788337997203 0.0225954028106695 -0.228141079754596 0.577023082900318
-0.056732864958018 0.000558633541319675 0.0408803558871015 0.0483425835111792
-0.0251712967515622 0.0150470613567287 0.203492259363632 -0.588915207359945
0.00267346940116229 0.0232482597997498 -0.444209255507802 -0.84863984880249
0.0212698609120121 -0.00602795652584683 -0.911866032942237 -0.0674794048944185
-0.0155979660299241 -0.0201303399563528 -0.354395887020138 0.646894836633189
-0.0309889820131367 -0.0117516381998771 0.231737479520798 0.495198225692717
-0.0391516014565062 0.00352127318593337 0.286753389843562 0.113642064712845
-0.0233970336413014 0.0227814594804531 0.107076233265032 -0.189244326586148
-0.0202735726294882 0.0134608423112606 -0.0916003680713613 0.130768045474584
-0.0432172039841687 -0.00650574805102194 -0.19803409084792 -0.133610215919312
-0.0170928692898084 -0.0365472492421904 -0.148934310814541 -0.468857670901929
0.0090950392668931 -0.0537269952607426 0.440645842636693 -0.474981991183374
0.0451716422834472 -0.0203306770233808 0.815431280848789 0.155030172503929
0.0203430536827302 0.0585296936907778 0.351775116313365 0.807434070569609
-0.0475639610992543 0.0357771748343036 -0.239918807773307 0.584964797259262
-0.0576010275744994 0.0123697325934443 0.0296660711153557 0.0553879831635474
-0.0215371680099991 0.0280181317311548 0.193503557805174 -0.579421906690297
0.0111322846075927 0.0330777666682254 -0.451175304117734 -0.83528901398309
0.023840478423716 -0.00177130331968624 -0.91575022009225 -0.056086014297807
-0.0190705895307779 -0.019945303330825 -0.349498257445524 0.654817581242955
-0.031022630842858 -0.0130257849726184 0.238807241397498 0.500249026576442
-0.0372513563511964 0.00682827242783013 0.291744659023467 0.116079890596334
-0.0212913057590419 0.0261309747378013 0.11043133560185 -0.190476183332908
-0.0171204999130392 0.0153759687674295 -0.0859408138756721 0.129387425865547
-0.0382240834398553 -0.00297878354537204 -0.195019401691304 -0.131054735761905
-0.0153728123866999 -0.0346045687007332 -0.147780608489545 -0.461943370699533
0.00407001859066694 -0.0498952525098335 0.43693995997339 -0.471185428788464
0.0441129109380937 -0.0157494628134649 0.813593815577501 0.158647675450593
0.0260206705244925 0.0637842776832491 0.353757069603042 0.813040043595137
-0.0417827913690287 0.0431130687286075 -0.244265329710945 0.59617965908592
-0.0544955364078993 0.0196653312594219 0.0205384129986487 0.0653237023971344
-0.0152847133661167 0.0348204230724062 0.188462560767653 -0.565848231637543
0.0163722228747716 0.0377199504009166 -0.448715173982072 -0.824897864137486
0.0227956726013485 0.00316726008708262 -0.915469313055504 -0.0529678007113982
-0.0231175013070863 -0.0151385269339803 -0.352463483148295 0.660367039417612
-0.0285688032911171 -0.0109219730482567 0.240666396947631 0.505905926228233
-0.0315533694284256 0.0105585865406636 0.295945385016102 0.120234501490592
-0.0173871655178902 0.028899304482219 0.116920108684063 -0.188127420033684
0.007734422803554 0.00634603960817091 -0.0957697013896759 0.145664763228896
-0.0128929263851872 0.0084561124194282 -0.2119036675828 -0.106578388394987
-0.0135039436454671 0.00489843391127893 -0.234465991635264 -0.463089485577719
-0.0119951973788102 -0.0170809122874587 0.302955408522373 -0.567154292178069
-0.0111126308766618 -0.04057684889678 0.81857746239318 -0.027132961351432
-0.0116742738534948 -0.0114018263247825 0.526037426463378 0.7076881234869
-0.0245386773897318 -0.037755056371847 -0.122679938127647 0.615424634549312
-0.011901942050404 -0.0511167519747218 0.0561113812996272 0.0808764809899409
0.00130731673339307 -0.0494907301548 0.289201012543146 -0.549251850785096
-0.0230978980053433 -0.0400225775229045 -0.285187578148799 -0.924258105311124
-0.0256384512031847 -0.0187307978747014 -0.915125507261267 -0.236494857703319
-0.0334568439693126 0.0182617014779222 -0.495848099086405 0.575930997265981
-0.0249927396827066 0.0285405870315653 0.154961573098338 0.516077102095891
-0.00559117500110119 0.0210241217083818 0.283051290187673 0.146082467992921
0.0121701081627121 0.0188056075844775 0.108335325188973 -0.175110291848955
0.000350654369305543 0.00540602780217151 -0.0965618820814743 0.144995566298876
-0.0232560037907903 0.00486232156441078 -0.213229110216313 -0.114869223912932
-0.0169075725822842 -0.00323504842851059 -0.222714832677453 -0.471046946661177
-0.00686953918093162 -0.0263380275005703 0.328580678905242 -0.56126787063524
-0.00237440426719036 -0.0434154877083203 0.825584364627277 0.00010072259124296
-0.0112138199372382 -0.00549186544678938 0.499175736893645 0.721836129302332
-0.0329448023359124 -0.0317828090442935 -0.136409938809843 0.604225232003215
-0.0219952796695267 -0.0470691994941195 0.0609671153277334 0.0678387968308353
-0.00854885134968813 -0.0428328472477748 0.279055314068738 -0.567407239099695
-0.0240060248098632 -0.0312358225087753 -0.316760733874879 -0.922581791912097
-0.0152881890105207 -0.0187567017855183 -0.91737995936705 -0.210800117810619
-0.0253337105191992 0.00913460778465011 -0.471146579324136 0.589480606949242
-0.0257535132443915 0.0196002274846712 0.167862160039106 0.511036069053196
-0.014842908491643 0.0141682862418719 0.281971608370197 0.137514133779877
0.00383062637068163 0.0173896369533247 0.103712195582078 -0.180197098739632
-0.0075358047347396 0.00634803995700371 -0.0999070961367589 0.14161850124098
-0.0326539884340796 0.000826715656418913 -0.21420105575776 -0.1209497523007
-0.0207013865732802 -0.0125794802969364 -0.210356350955311 -0.475956525141147
-0.00117060358721416 -0.0371551533771736 0.358102870566899 -0.548321377634347
0.00937361673736879 -0.0427116012745839 0.829225886173774 0.0296184687421852
-0.007464850543471 0.00590136268363225 0.467564360093632 0.736282022577523
-0.0392452993328952 -0.0210421255141981 -0.157693639896945 0.593191767555949
-0.0330121282768652 -0.0383462001924268 0.0610197798164868 0.0571748717151438
-0.0165968724478238 -0.0316088143792801 0.2611705241989 -0.582070459578649
-0.0203216405437525 -0.0188251372570971 -0.353221870626721 -0.910643612978838
-0.00426065653760012 -0.016961147703222 -0.920009780708977 -0.171569834528879
-0.0188146291160055 -0.000260046852022454 -0.437906022213393 0.605362145433493
-0.0275380439106427 0.0102997666376283 0.185922235388183 0.505626966520992
-0.0234758463562083 0.00808684750635176 0.28219623971387 0.128599620233767
-0.00607536682371944 0.0165575891586118 0.10240779296736 -0.183468071038247
-0.0140024057039438 0.00778899222157169 -0.100714154241966 0.139206038139957
-0.0404382069165737 -0.00340847888297083 -0.212392870913591 -0.128388519981753
-0.0215470921689825 -0.0216882447396461 -0.193724473607465 -0.478756280324206
0.00360827689404718 -0.0449076333432137 0.387745643389385 -0.532208978851847
0.021506075550748 -0.0399807844589965 0.831287201513608 0.0657431830392266
-0.00148600925605802 0.0190967314725996 0.432140374406718 0.756605130974051
-0.0448372689280101 -0.00575267721300953 -0.180413678774252 0.586346770919719
-0.0445326932456227 -0.0256807322362327 0.0574945389958965 0.050137812877142
-0.0240989381876363 -0.015906502058427 0.241187374956515 -0.59113796549778
-0.0145508511770767 -0.00408419592278845 -0.392390042234167 -0.893894571326456
0.00616946065003974 -0.0139341356324845 -0.922146075256774 -0.131162421703512
-0.0147862041480604 -0.00905920949530557 -0.406931652328785 0.62554693347047
-0.0287898954902358 0.00079588263716841 0.205815463603622 0.501660417719082
-0.0314509857595411 0.0046119320853295 0.2843899284479 0.121404489280819
-0.014108260146962 0.0175958750837521 0.10173862145252 -0.186865697739839
-0.0188113261345002 0.00976952827409018 -0.0992752976549178 0.134811547731321
-0.045112057369272 -0.00627415071722556 -0.210054089751544 -0.132063265970894
-0.021237962098448 -0.0295293702009916 -0.174982200298998 -0.47902321121477
0.00811342321121243 -0.0516574183986535 0.414457827123561 -0.514196579543013
0.0329015093401276 -0.0336599923042988 0.828204533684961 0.100637466866357
0.00567750860889245 0.0348295133800791 0.402115014583974 0.778233560184182
-0.0491314878599476 0.00948974926110241 -0.202366334382538 0.580696826964666
-0.052567121761806 -0.0116554287401125 0.050217900798416 0.0469763669298583
-0.0269149110373656 0.000736699557284566 0.220385404323482 -0.595410455766399
-0.00668986526932684 0.0110100189923704 -0.428474406991763 -0.874055273879106
0.0150686786586767 -0.0107547206956992 -0.922343755284825 -0.0919004405045666
-0.0139758591521328 -0.0166228459513494 -0.374210583176786 0.643550985571083
-0.0306918243593159 -0.00669773058440945 0.224153565686448 0.499218819323211
-0.0369711983568306 0.0034937396422132 0.287269885698262 0.114602312963677
-0.0210079478095818 0.0204711194175974 0.103727078807447 -0.18987994955723
-0.0210996308358181 0.0117418626776416 -0.0960418737833251 0.132862613910233
-0.0461546599902835 -0.00646831773480419 -0.206657976979825 -0.134649273763705
-0.0198732755850517 -0.0344971264929501 -0.163608129403293 -0.475921081221257
0.00999217720835743 -0.0544024154017158 0.434313193550208 -0.494362594896085
0.0408413809519401 -0.0262657849703317 0.826425033620973 0.132288642516051
0.0132439759401666 0.0482799621227255 0.372936541171623 0.79763926312832
-0.0495113662149085 0.0242484088538169 -0.223325925331981 0.584176246642247
-0.05756408261241 0.00133190035368107 0.0426380746820555 0.0480887084151101
-0.0257542617961777 0.0158061273154455 0.198757601801228 -0.594047428820186
0.00247728436533233 0.022987682734642 -0.45742176718815 -0.850783964343203
0.0214043676405919 -0.00696333408757203 -0.922449251459389 -0.0587396977903893
-0.0159774421010358 -0.0206476160090115 -0.351001960315388 0.65708673176199
-0.031801304477471 -0.0110957763312299 0.239994050010296 0.497920876791152
-0.0388765894832051 0.00512610763850908 0.291237039888381 0.111801516538318
-0.0232214725750178 0.0236040938343763 0.106548748726128 -0.192399659692989
-0.0205607445226199 0.0140113064266085 -0.0909096135566567 0.132290398293544
-0.0439292308495737 -0.00474419225595976 -0.201958778674572 -0.132725575702011
-0.017812414810224 -0.0367288419325517 -0.157112424414885 -0.469072098947321
0.00841934901824658 -0.0540995871303689 0.439769016525935 -0.483471226691323
0.045495743805538 -0.0212591327592681 0.82252605863201 0.147340291244691
0.0216099198119454 0.0588732824504556 0.363912615103057 0.809559163074078
-0.0476704680127167 0.0365056789490523 -0.234215808489627 0.592126505947914
-0.0585430772185849 0.0135826414956361 0.0311292302713323 0.0561578265956211
-0.0227513732297112 0.0278127084553788 0.1870086632814 -0.585280649104206
0.0106512973915665 0.0330256676807158 -0.464024394851658 -0.836986091092805
0.0243562497602691 -0.0016360824383235 -0.923064803188501 -0.0449257340378728
-0.0189102133450999 -0.0190536521895447 -0.345183916169219 0.663384575489336
-0.0313083044879504 -0.0126751052854422 0.246060595267745 0.501710517329659
-0.0371041030417979 0.00680606182136824 0.295551703816821 0.113833921377806
-0.0210636220708143 0.0266999819282002 0.110630589790966 -0.193948268251115
-0.0170362872419975 0.0156393895668308 -0.0857526933483505 0.131188181987678
-0.0386726683580903 -0.0021381194662016 -0.198999915475148 -0.129783246346163
-0.0160305508409538 -0.0344862348495472 -0.155243644058122 -0.461961286812526
0.00317689704188875 -0.050402810077588 0.436626298812876 -0.480864337477326
0.0437912596673172 -0.016019162739161 0.821511183948774 0.150369625924605
0.0266315235139358 0.0637340511019214 0.364310930314708 0.816600736059069
-0.0422561455541759 0.0447916047679028 -0.240298452622933 0.602516603230325
-0.0544828332290492 0.0212044499567176 0.0215067814009462 0.0654587181628264
-0.0155586940480694 0.0348519090418238 0.182682831414819 -0.571545975652327
0.0168224971941474 0.0375582194138726 -0.464385326896116 -0.828174351955956
0.0231973776124864 0.00293260787836652 -0.925600621145981 -0.0433666654578774
-0.0236640680394286 -0.0146132592093454 -0.348853267445547 0.670938179780715
-0.0293361516367252 -0.0104238167323301 0.248147328356583 0.508241991046717
-0.0304373387010551 0.0116730665686997 0.300769081672452 0.117930014725324
-0.0165825712632555 0.0305840208741633 0.115862847113919 -0.191379680584669
0.00844164958464159 0.00687320610584018 -0.0941638011804445 0.147762139441261
-0.0129833207450956 0.00890023910091206 -0.216626137590803 -0.105154503008131
-0.0137958874194759 0.0052565658710361 -0.243266316320026 -0.46282102760861
-0.0126688802452387 -0.0166285860109425 0.29679879506815 -0.57515620514996
-0.0105685654609156 -0.0411218095190646 0.825567444068693 -0.0360226722707331
-0.011126575460099 -0.0119393750381231 0.538096831489532 0.705490535391788
-0.025548440050266 -0.0375110243571006 -0.117222274021347 0.621113735916138
-0.0121246884212772 -0.0503905056139874 0.0567239461563194 0.0815328379709949
0.000166686411453744 -0.0498638555534311 0.283322608873321 -0.556466484363586
-0.0244309690283811 -0.0397401737206534 -0.296628286892552 -0.926298463244941
-0.0265248000241533 -0.018561435849786 -0.926401337403601 -0.226512506107643
-0.0335758286062465 0.0181496936800655 -0.493204212333755 0.58670676961298
-0.0249234331476545 0.028683709958678 0.162054059583794 0.518050444024706
-0.00472897659624886 0.0223960502544041 0.287772773134191 0.144214868552686
0.0124670847038441 0.0194101404405124 0.107866766576232 -0.177203131618176
0.0012532889048418 0.00574054932227526 -0.0959532751456115 0.146622256884448
-0.0235751777238453 0.00527045958975362 -0.217431294982812 -0.112917261415714
-0.0178568085457216 -0.0025018895115162 -0.232707328138823 -0.470616871768452
-0.00738988305069292 -0.0261568448410285 0.324904691482946 -0.567716524339278
-0.00264035275918158 -0.0431163226160145 0.828487390069815 -0.00934589491570851
-0.0101640686929353 -0.00491512673290504 0.510816568236301 0.721214038728773
-0.0333325328294894 -0.030687913707906 -0.131722892978884 0.60891732097536
-0.0226112581151346 -0.0462712091081852 0.0615367595710844 0.0680814631514357
-0.00903335881681838 -0.0439008132299525 0.274335172228125 -0.573524590968785
-0.0239464397137274 -0.0313617636707065 -0.328855563845142 -0.924418721072266
-0.0162945387347594 -0.0181207391259702 -0.928298937331138 -0.200892453726731
-0.0257226282800266 0.00933343612773601 -0.467721319410079 0.599002663632594
-0.0261813226697473 0.0198987526463682 0.176798160976889 0.511334672691588
-0.0145462202575276 0.015225166700701 0.285582284306561 0.135811380699764
0.0042496663698948 0.0172723982775146 0.102895405713179 -0.182580546351158
-0.00691301062727489 0.00652804945857597 -0.0989396431991324 0.143476189049577
-0.0330647627058273 0.00170916887620395 -0.218525884858459 -0.120630621488659
-0.0204445198849919 -0.0115974507484054 -0.219031691945297 -0.476143839733262
-0.00268224321836368 -0.0368777619081373 0.354241065196935 -0.556635598675605
0.0087211979315216 -0.0433120202841551 0.835950030726119 0.0206850357033337
-0.006831714969806 0.00599710445839042 0.477097207852537 0.735829425170716
-0.0397248402588467 -0.0198986853867275 -0.152078793628114 0.597977413509582
-0.0342628509391818 -0.0370194713854764 0.0624871532561562 0.0579036627454141
-0.0180775236111808 -0.0319077168247551 0.255219662734142 -0.588293782179536
-0.0212751255832008 -0.018929573699568 -0.366379395761796 -0.912788942307519
-0.00488746876820362 -0.0168165439506312 -0.931458690150899 -0.161759693159104
-0.0188803368352144 -0.000290852975575026 -0.43357198470409 0.616201737919042
-0.0275971159230498 0.0106239245051264 0.194362409616873 0.506723053853754
-0.0230652285535161 0.00953175483100266 0.287240509631099 0.126752288793904
-0.00565982532396163 0.016835896713329 0.101430638137179 -0.186291227502588
-0.0140285479060834 0.00776305544578227 -0.099723932997199 0.140629431233327
-0.0405289243641944 -0.00156592877327846 -0.216757413901035 -0.126230981822094
-0.0217228044557777 -0.021242488082787 -0.202989829438016 -0.47830971940638
0.00250303249866884 -0.0455890531579118 0.385947986079261 -0.538361994149094
0.0206325652345261 -0.0398730834950801 0.837972557155373 0.0563940466555913
-0.000755545600117206 0.0191846234754994 0.44398691749399 0.75840217035995
-0.0458539823935148 -0.0053277615739306 -0.174385400666757 0.591642674440985
-0.0449193754828864 -0.0247131569466447 0.0582911451328628 0.0499445377210893
-0.0249421422686876 -0.0160947937738733 0.235722335198922 -0.597360103007915
-0.0156698836695453 -0.00420185640778491 -0.406740418053441 -0.89548389172905
0.00690251070523543 -0.0145672450642345 -0.930639180102246 -0.12242184073476
-0.0152080172157172 -0.00963187932840159 -0.402420073911138 0.634481907646056
-0.0294126605323954 0.000817949846509038 0.213290958437431 0.503140274391979
-0.0312131955342244 0.00581199190693033 0.287813262030687 0.11908846682029
-0.0132327718078664 0.0181237849206878 0.100721763584996 -0.189726050111395
-0.018986948754511 0.0100157056289241 -0.0993478367021283 0.136764797054809
-0.0461850794495857 -0.00527979947790404 -0.214370068999571 -0.13044226507397
-0.0213197351103491 -0.0290748380567319 -0.185577020676569 -0.4788959964532
0.0076548369661334 -0.0519270484879101 0.410371695349753 -0.520917521167444
0.0327525027574129 -0.034259663685504 0.837079979421075 0.0929471650597629
0.00705505773858327 0.0347215739255676 0.412561538164013 0.778335381056492
-0.0492468892044066 0.0108749912841016 -0.196718389023968 0.588871523165218
-0.0533112326175012 -0.0105686830073236 0.0524899980079864 0.0467972223229693
-0.0272220214111493 0.000894270747213231 0.21346091136785 -0.601236686146158
-0.00628080694719334 0.0111512752007593 -0.442658580881348 -0.872383632901079
0.0156559110518302 -0.0106352657057509 -0.93205852673294 -0.0806979369712549
-0.0139108829657848 -0.0167124034591089 -0.369328342846979 0.65194822350327
-0.0312611151924721 -0.00655406576434177 0.230893943048518 0.500872057422788
-0.0369611794790993 0.00447707054968534 0.290745850712694 0.112601053689513
-0.0193571363627643 0.0208858228857808 0.102542456709306 -0.192535537083477
-0.0214704750445713 0.0116263534369751 -0.0954403938025164 0.134653805505165
-0.0469177848869737 -0.00538069374763099 -0.211219258972988 -0.133358439014132
-0.0195718141645651 -0.0343897334200342 -0.171489602514919 -0.475878258519353
0.00902101777094501 -0.0547000745558181 0.431780833965431 -0.502001391327487
0.0410862298642585 -0.0277166729202165 0.834994946365484 0.124277793445357
0.0148499672149249 0.0486170417975008 0.386764041826024 0.796549732287405
-0.0499404460204107 0.0252797244438986 -0.218101260739351 0.590115930367175
-0.0574283901578412 0.00290639677855948 0.0433866753334987 0.0483549877422036
-0.0264009837790676 0.0161221396642166 0.193860274973528 -0.600615617639995
0.00296695845134362 0.0230712759955974 -0.470904262099768 -0.85167899889636
0.0211625610485531 -0.00743159539135115 -0.931061585237185 -0.0472477448353329
-0.0169182902003596 -0.0197336880501148 -0.344197702919759 0.666393658904956
-0.0319106954523673 -0.0111150866737996 0.248735334381603 0.500109017500582
-0.0391005465333717 0.00568622280962391 0.29460664470034 0.109737312884685
-0.0217467245773379 0.0246608506985531 0.104879139020573 -0.195061138779673
-0.0195657304970407 0.0138050807211317 -0.0904285588298716 0.134401311351362
-0.0437703276782876 -0.00448023222588873 -0.206979283834473 -0.13173752833191
-0.0177069375318885 -0.0364327703279857 -0.165499306909872 -0.468099033047465
0.00742112501596723 -0.0539502878131972 0.437063542119653 -0.491171582449226
0.0456968215316265 -0.0210250882416364 0.833526673851436 0.139223457074996
0.0229863496844537 0.0585969414884589 0.3764132863599 0.81102924688404
-0.0474823780493364 0.0377603422583102 -0.230858145032072 0.597046014322798
-0.0588132355081511 0.0149665441679415 0.032196762553078 0.055402748613644
-0.0224814255831917 0.0286447549241614 0.18164103588909 -0.591028000759602
0.0116019613735008 0.0327761604427887 -0.478547069372703 -0.837074955416913
0.0248767438033469 -0.00247645668446999 -0.932659474814029 -0.0351021280585751
-0.0199052982858919 -0.01926795047117 -0.339652406308656 0.674413600660075
-0.0319507585878148 -0.0124201254903267 0.254225068745789 0.502823804353659
-0.0367939993369326 0.0090232710125746 0.300358180958308 0.111052675995104
-0.0207872633999394 0.0276756187531255 0.109389645415271 -0.195954082367085
-0.0168383675868481 0.0163144341306799 -0.0858807251218047 0.132787686572851
-0.0388678394409089 -0.000807632409379393 -0.203254199914745 -0.128787731472241
-0.0160445841105656 -0.0344605625337244 -0.162781779504023 -0.462673322219793
0.0025843908655851 -0.0500059783004641 0.434673488448432 -0.487602481107237
0.0444066906697394 -0.01716627310258 0.830489725132538 0.142951201493821
0.0291255764842096 0.0631056644143383 0.377007090359855 0.818986098934579
-0.0417242556314493 0.046362685716607 -0.236150498584566 0.608920815809894
-0.0548019571699145 0.0222064955187995 0.0225998351075041 0.0661727778663481
-0.0162964785562535 0.0346591706952879 0.17700650152341 -0.576679457340478
0.0169024186394369 0.0375495919525669 -0.476256404979692 -0.828762982834019
0.0240748643877867 0.00251246050876719 -0.934157074736627 -0.0318021047521488
-0.0243349623631184 -0.0149900263837195 -0.344754727814873 0.681377894016751
-0.0306833674247694 -0.0104240259708393 0.257278306257523 0.509275834517734
-0.031271786313842 0.0126271655289196 0.304980470806188 0.11471283321373
-0.0151476831282892 0.0300860357635853 0.114263658830992 -0.194344870376285
0.00828817968293162 0.00616200075599712 -0.0929254990865598 0.150102959745102
-0.0130512805037 0.0100301444811249 -0.219765528673104 -0.102581034118474
-0.0132434281222527 0.00596249418760377 -0.251678294008836 -0.461287750780502
-0.0132253658344986 -0.0164536171872774 0.292271897437914 -0.58279186849704
-0.0121292506104904 -0.0413388071667463 0.82884106651143 -0.0459632693925443
-0.010571348383319 -0.0121255112208316 0.548750636844811 0.702290264252055
-0.0259647874066805 -0.0366929852329903 -0.109840271203063 0.624050852255559
-0.0131684904134869 -0.0504333973927589 0.0590682730159605 0.0805393320637423
-0.000464783430411654 -0.0502985934907403 0.277691640194911 -0.563533821490403
-0.0252912576164691 -0.0396680725737938 -0.313493595293319 -0.92948528348287
-0.0268070799704396 -0.0188862944552041 -0.935749289301029 -0.216988103273954
-0.0336125455933756 0.0186022597963568 -0.490053722256864 0.598267402410307
-0.025349439499533 0.0294163578064567 0.169730611879402 0.519700430006265
-0.00463504525192596 0.0230507185199401 0.292142125636733 0.141718104038601
0.0141014082598613 0.0191238052608477 0.106478167494937 -0.179821805064366
0.000977313696611568 0.00561334652427688 -0.0947458467422315 0.149059800904458
-0.0235757382716322 0.0059567086350804 -0.221062954470316 -0.110778867870685
-0.0179977394307073 -0.00214003303258085 -0.24114772645115 -0.46857020151369
-0.00828150933858875 -0.0265774806410636 0.318271146694018 -0.574918319056563
-0.00270998621751801 -0.0439935712035853 0.835213838840548 -0.020251014261766
-0.0100283626241058 -0.00537215605500704 0.524710481634582 0.718897445050533
-0.0343930522841224 -0.0306890409038538 -0.12346112131552 0.61379096388855
-0.0237892255688867 -0.0457536949576887 0.0633729323134271 0.0679701312289617
-0.0104544922406514 -0.0431409652710885 0.268835174210289 -0.579228923067005
-0.0254727447744158 -0.030799792366206 -0.345962690412297 -0.9260473439027
-0.0160122143064577 -0.0179271974674844 -0.938175864416009 -0.190923593049633
-0.02544365554438 0.0102204783661875 -0.46425715661297 0.610282515310203
-0.026906623193915 0.0212375231804576 0.184733873027492 0.513032898299343
-0.0139649939398895 0.0163247853245774 0.290311508157929 0.13242097935911
0.00529296136346395 0.0179685392342486 0.101972748307071 -0.185064167644963
-0.006932163184341 0.00645557121891048 -0.0977496145088196 0.14592984128654
-0.0333422124083585 0.00248005978043362 -0.222546629054109 -0.118525917240939
-0.0203291953352942 -0.0114004552197051 -0.227247322504544 -0.475357909672282
-0.003090753331214 -0.0371346450678649 0.349227150948538 -0.565058826786691
0.00852500976303888 -0.0431532371876166 0.840578109536556 0.0103748765970854
-0.00585681037825278 0.00618501103057873 0.491033459966767 0.734086637659902
-0.0412961621358323 -0.0195094707063667 -0.145819455143741 0.600955336964943
-0.0352394847331208 -0.0366880463447378 0.0634832996922963 0.0575103016933945
-0.0195298077787831 -0.0314779717259389 0.25059851226569 -0.59376349166348
-0.0212361622837978 -0.0186513830154448 -0.379794781159992 -0.913557364869482
-0.00480948775088649 -0.0168534123698126 -0.941072052200629 -0.152313417013354
-0.0191549671408758 6.43751551813732E-05 -0.431280661841697 0.626763930418108
-0.0276565394653203 0.0106648440574815 0.20295259815473 0.508150414490619
-0.0240720664627742 0.0104564164044564 0.291045902314894 0.124220694177901
-0.00440100688405755 0.0169091044980295 0.100085953627311 -0.188615844167645
-0.0135965589492268 0.00775788625257341 -0.0982667520296925 0.141856380275723
-0.0418927049636803 -0.00102498838578651 -0.221809827416398 -0.124358578141516
-0.0220297020930058 -0.0208369829021588 -0.209679614331424 -0.477017475883964
0.00170138869623249 -0.0458925358555338 0.379246893638617 -0.545248400730962
0.0204474700094401 -0.0405176858163285 0.844430899962556 0.0467922302878387
0.00018254388232964 0.0191961934696439 0.456583846554623 0.758596263116512
-0.0458901648668079 -0.00461361922610183 -0.166605886018317 0.596527876018658
-0.0455256494665809 -0.023273215497604 0.0603902601835637 0.0497420822446441
-0.0257873477617967 -0.015647423839783 0.228350392480091 -0.603551930857976
-0.0150874275395635 -0.00355238588786206 -0.418998461863493 -0.896777825663735
0.00659010457160206 -0.0145523727157678 -0.940291886372896 -0.109273653627988
-0.0150772492173746 -0.00909550867169779 -0.397119937040093 0.644456432681606
-0.0295832447690807 0.00170295340410619 0.221676328898403 0.504150817922222
-0.0317388122076632 0.0062261312336804 0.292597577238945 0.11573032745247
-0.0129322854840669 0.0186403082138948 0.0995195646123032 -0.192238178580223
-0.0183922876354677 0.0099624865095315 -0.0980915399727085 0.138617934073347
-0.0462035935718108 -0.00339712518571857 -0.219174342483148 -0.129058062926419
-0.0220432282305623 -0.0289442393454846 -0.194068537459 -0.476640815925808
0.00577097733406612 -0.0522948045274629 0.407457166856037 -0.528291898739288
0.0328597601848803 -0.0347025868124962 0.843063042729884 0.0835960810443733
0.00843860377651912 0.0342391472545346 0.423860788305256 0.777358426271079
-0.0490945442537546 0.011672338143602 -0.191866723009541 0.592454478354602
-0.0536385311103643 -0.00946972630230694 0.0531796582317889 0.0468597353720997
-0.0279423084696219 0.000622728257080133 0.206573422140386 -0.608164633210827
-0.00724723982317094 0.0115078997602776 -0.457056650302468 -0.873256036846925
0.01556698872732 -0.0111091401349148 -0.940528382683622 -0.0695710421562297
-0.0150323571571379 -0.0168817846360395 -0.362327226278595 0.662426781868684
-0.0326608099677919 -0.00619371965335387 0.24064001156565 0.500942609415982
-0.0374287600751301 0.00543350592503756 0.294966852972936 0.110515651945816
-0.01883520829227 0.0215059470996291 0.100768746846781 -0.194525953338173
-0.0207390629648854 0.0119305583803049 -0.0944482921004587 0.13666633950707
-0.0475247251180066 -0.0048045728247032 -0.215891977051827 -0.13102005655097
-0.0203830208537304 -0.0336995815119517 -0.180134515044065 -0.473434373196906
0.00752655778354892 -0.054827675580823 0.425835754028045 -0.510211453618432
0.0407187125722009 -0.02817229214477 0.841633510259859 0.114792665263224
0.0162905294862946 0.0481940288513344 0.396103853912899 0.797964996286208
-0.0497574175401892 0.027004640775168 -0.212266614544077 0.595744972302617
-0.0580418373764309 0.00393337856405946 0.0440490795246302 0.0481777015872796
-0.0274740691883275 0.0164870467523142 0.185953456078428 -0.605674353981159
0.00251804302947111 0.0226590664853431 -0.486147805803874 -0.850653547328347
0.021682291668351 -0.00756967941206912 -0.939062900424313 -0.0365630634761606
-0.0166182300245366 -0.0202130649558898 -0.338779914379244 0.675052464080054
-0.0330625599652495 -0.0111425320371558 0.25724872184805 0.500004836393123
-0.0391787138032958 0.00707846911730191 0.300532229590877 0.106602104219146
-0.0214248256624844 0.0246374145081622 0.103736777580507 -0.197016422801377
-0.0197910789325341 0.0142503035308011 -0.089462520392429 0.135784420769672
-0.0446516801213495 -0.00327649966758054 -0.21108784772693 -0.129485072140825
-0.0187093896326741 -0.0360064118634176 -0.174975804005656 -0.466724133846764
0.00656987086908232 -0.0538731039142643 0.434708356211947 -0.499953446140921
0.0456482036565678 -0.0224164183517859 0.839201737501693 0.128914181554241
0.0243574039211675 0.0585474897973353 0.386659868787657 0.809582719236137
-0.0474209506947572 0.0389951635262348 -0.224867565008162 0.604184192690325
-0.0591854910132837 0.0161485628893702 0.033518767958903 0.0562257817467311
-0.0227803594503829 0.0286047406410281 0.17386415588818 -0.596082126328285
0.0117366511092501 0.0329571026408704 -0.492781338050798 -0.836497577336209
0.0248551066183949 -0.00285081576691642 -0.939142256594916 -0.0222617847452143
-0.0205066603713833 -0.0200628127743057 -0.333337430040211 0.683600241540222
-0.0334835145972088 -0.0118531238411677 0.264547873946515 0.502926869217671
-0.0374143964278034 0.0100727951625775 0.304687970756142 0.108464578215478
-0.0191506277228496 0.0288059706605711 0.107987894456727 -0.19910759793446
-0.0165738269033589 0.0165747873661924 -0.0848971485068124 0.134940062726807
-0.0388385101946963 0.000326204065077849 -0.20680633977499 -0.126828481549915
-0.0166657532625659 -0.0337725784638704 -0.170499853372561 -0.462629445966671
0.0014482355514782 -0.0499561706837754 0.43093387210839 -0.495143592575197
0.0443808386167271 -0.0174722515491442 0.836744496819463 0.134388425086506
0.0307340980437948 0.0637518095995573 0.389117706713394 0.819174717304988
-0.0415120640072938 0.0466595662170997 -0.228835630103469 0.613757429510417
-0.055695517597375 0.0240009325283812 0.0234668257010746 0.066692049434497
-0.0166587859944805 0.0356939440779656 0.17050248049433 -0.581639523627499
0.017590916151716 0.0369448032091588 -0.491253320058179 -0.825823294198394
0.0239363952534073 0.00146522112809465 -0.940483403117169 -0.021341865871357
-0.0242855937478215 -0.014543145437154 -0.336875518653517 0.688591565671544
-0.030920143694991 -0.0103762383383036 0.265320891117785 0.509053222674153
-0.0307462432000515 0.0137404690631459 0.309735653272007 0.112106535824042
-0.014654522106068 0.0308737235304154 0.113374830314725 -0.196383079640126
0.00866406652490269 0.00631956546362968 -0.0919462695747901 0.151071599179004
-0.0129802690621663 0.0117858506913711 -0.223934089825623 -0.100771299712958
-0.0135349255385379 0.00657037127840323 -0.260671894912809 -0.45796530027669
-0.0141300354069081 -0.0158615429105118 0.285281261672193 -0.588332793372874
-0.0125404291853813 -0.0416142560634921 0.833276410385563 -0.0590355083531241
-0.0101223015110042 -0.0120305308378769 0.561205951453035 0.698650969438175
-0.0272588661890309 -0.035716438119754 -0.101540764554538 0.628666350198883
-0.014032271118458 -0.0496479137879853 0.0603495835049471 0.0808834671823271
-0.00217898820628088 -0.0502681202186332 0.270984227437256 -0.568118875801054
-0.0258253118746646 -0.0402701033876062 -0.327159089930237 -0.929232109019696
-0.0266666673132877 -0.0180010170677138 -0.944093969163986 -0.205574590655008
-0.0337203056683027 0.0195135406599043 -0.484300973479562 0.607645033244024
-0.0248242136765601 0.0305535296265247 0.178064645290329 0.519771542956094
-0.00407201331337822 0.0240160089883581 0.296362445550836 0.137922416776039
0.0148406406758867 0.0189569755472708 0.104573591796599 -0.1820735747949
0.00143503324761573 0.00619772623126317 -0.0938684862009535 0.150573742190711
-0.0231436979885742 0.00734176924606517 -0.225212255704457 -0.108173653288812
-0.0178531495059446 -0.000952227941556223 -0.25067701512692 -0.465398375623586
-0.0096857501141363 -0.0260229374084024 0.312168175508034 -0.582357583756353
-0.00364358860037781 -0.0440917557865318 0.840768451374164 -0.0309165164085881
-0.00886975784651557 -0.00530583388767279 0.536414891151731 0.713928192654825
-0.0346676499252471 -0.0288058945441561 -0.116835149456804 0.617255640263975
-0.024191420451084 -0.044404162017371 0.0653537214645037 0.0674951110893182
-0.0116314955956205 -0.0435776724944379 0.260708932782515 -0.585097421513973
-0.0258814403038988 -0.0310380278392938 -0.358745786778323 -0.92581121153603
-0.0164542252458318 -0.0183861695265835 -0.948608403040901 -0.178393871744826
-0.0254487200094144 0.0104778969746134 -0.456597293157606 0.618546046499845
-0.025526575416008 0.021270632959572 0.193141554340119 0.512962132447405
-0.0134332832082475 0.0165518942799448 0.294244044703585 0.129357335706052
0.00570519614611377 0.017399627364812 0.100173624295349 -0.186927966003016
-0.0065725052374018 0.00659766627360955 -0.0972274629531407 0.146774373082241
-0.0334040682908711 0.00341067384227841 -0.225357407171437 -0.116292459328011
-0.0210491680709656 -0.0102089995253892 -0.236150798535137 -0.471613113993058
-0.00378412302451509 -0.0369305584758853 0.342626090602303 -0.569731483151668
0.00754326579554602 -0.0439285073326767 0.844337471984649 0.000313230976052916
-0.00578772792542597 0.00564530745287935 0.502234429742405 0.729540374412337
-0.0414478928568155 -0.0182240672924929 -0.1384183595723 0.606105058566805
-0.0358053870751633 -0.0354633094851924 0.0645686516237499 0.0568074417209536
-0.0199249891449048 -0.0316909979263663 0.24172200255272 -0.598531220618614
-0.0219539254541348 -0.0187261160036531 -0.395702596263755 -0.913723260770468
-0.00491139962763069 -0.0169476652489193 -0.948238757368727 -0.139645967175942
-0.0190094922660184 0.000771822804698043 -0.422448981925177 0.635395891625707
-0.0278906574754954 0.0117056756058261 0.210820981048778 0.506994736557443
-0.0229190479674851 0.011493000823821 0.294346772861957 0.120445930388274
-0.00404802294883205 0.0174436139335069 0.0985606233040503 -0.19077025433869
-0.0132475248134917 0.00775624324451668 -0.09718343148522 0.144329974279525
-0.0412172673700873 -0.000434507784236584 -0.225754855679737 -0.121712693218156
-0.0222864942499724 -0.0204426891085241 -0.219992076653624 -0.474366217067028
0.00135772280529908 -0.0458141535332913 0.374381282937911 -0.554556470050377
0.0205165251183893 -0.0415829180486771 0.849549546957727 0.0351471112934777
0.000974519983160576 0.0200617013098439 0.467996532202627 0.754242498114986
-0.0464564378779671 -0.00286253647860752 -0.160467284989698 0.600695944977709
-0.0463095270758717 -0.0231247872413573 0.0609259089402664 0.0495594686334119
-0.0263150069784329 -0.0160236975246919 0.222020835480066 -0.610366417493236
-0.0153978412989331 -0.00393969199068839 -0.435822263668684 -0.894143133749917
0.00626250636008033 -0.0147580438333465 -0.945400307495233 -0.0985762955207345
-0.0152574822403233 -0.00988055981693841 -0.387633808651196 0.652499101644272
-0.0301707259959711 0.0022435025974098 0.231954472656516 0.502510898361344
-0.031846769318001 0.0078679727016866 0.295676132760925 0.112418730580893
-0.0119613733363424 0.0192394154646136 0.097610985561502 -0.194366799113953
-0.0184164928750013 0.0101854437612976 -0.0968979831338099 0.141164162494217
-0.0466987908314434 -0.00302670750815873 -0.222791612848058 -0.126360819790376
-0.0225138325539216 -0.0285430915724897 -0.20368329324076 -0.475677692869191
0.00515311229440664 -0.0527861794236721 0.400269842209635 -0.537943784538637
0.0326332460011008 -0.0356917891552216 0.847989940032516 0.0730686183773481
0.00966025895930763 0.0344555689563657 0.437510269617393 0.773481472116939
-0.0488779337633881 0.0124693684532836 -0.185283495905665 0.599137619234759
-0.0547476680105302 -0.00814373548226952 0.0537797052037355 0.0462762426394368
-0.0283413194976915 0.00105765861543599 0.199428195838203 -0.612589989023495
-0.00700938277156874 0.0100553379265096 -0.47064107893741 -0.872475857407994
0.0156443714881739 -0.0117968252336341 -0.948599194007522 -0.0564848035376931
-0.0149987699803395 -0.0161143325571818 -0.356505943518991 0.670331065087177
-0.0322713155119263 -0.00536997032941997 0.249979704484161 0.499038055729513
-0.0371207369817312 0.00706524354127516 0.29944654421005 0.106597862034114
-0.0180321756327137 0.0215291252932746 0.0992848466030037 -0.197203950221915
-0.0213125448252053 0.0120976431085136 -0.0930813287472043 0.138116305072624
-0.0467112922358582 -0.00349644660491345 -0.219989033998012 -0.12902821883899
-0.0213990661562736 -0.0339198385482552 -0.188107144946691 -0.471204040575282
0.00655655592166227 -0.0549709044954739 0.421462334527428 -0.517015373866839
0.0410842968001708 -0.0291310311095087 0.848198904412307 0.103368106681543
0.0176779392740241 0.0475315430374764 0.409331097784937 0.796080103367977
-0.0492766624314695 0.0275503065461397 -0.205653682049924 0.599750392725422
-0.0587657666506561 0.00517955336872518 0.0446608378525347 0.0480830593405006
-0.0274522799315906 0.0165771456951356 0.178643991257148 -0.609918118232349
0.00329326383228382 0.0231621351887249 -0.500080424288079 -0.848251967321381
0.0219159815494599 -0.00814601500202659 -0.946070843505587 -0.0215139893184929
-0.0171824145644059 -0.0201675926361128 -0.330143339782954 0.684897772743178
-0.033418107428928 -0.0103083273721367 0.267022735604592 0.498146467951458
-0.0393789999950663 0.00814281641320343 0.30357716238658 0.104123106224675
-0.0200954272623169 0.0253136722160967 0.101949041571111 -0.199792297384182
-0.0195527403306914 0.0141271712329015 -0.0884527929703336 0.137460925515958
-0.0450158064891563 -0.00220378642705148 -0.21417993165963 -0.127157414813204
-0.0188846043237595 -0.0357312467618584 -0.18146808555828 -0.46587828544785
0.0051002675884684 -0.0543532359617077 0.429138703725714 -0.505673337043015
0.0450987956983997 -0.0228234449773201 0.844268787449362 0.119257472897418
0.0257743566661828 0.0580573899171833 0.399255538159368 0.808647896085461
-0.0471111877944358 0.0412370998403196 -0.216713336702644 0.609012326946954
-0.0592558293152508 0.0186553903475873 0.034935684992525 0.0558440293080892
-0.0234351467893644 0.0289959392569256 0.167630994854565 -0.600966227519237
0.0117110426866542 0.0324561668709576 -0.505918744091573 -0.833972384967087
0.0252364313018611 -0.0032344551887512 -0.945097941967806 -0.0103611911614946
-0.0211446298614945 -0.0194512947985299 -0.32565119303234 0.692644443528914
-0.0332401195350705 -0.0116859438669579 0.273825039268682 0.500964996632603
-0.0368234299082582 0.0114874944851422 0.309089628470096 0.104842469202526
-0.0184358590999282 0.0283679804124321 0.105900453308809 -0.200128776481038
-0.0168998823362159 0.0167968261498061 -0.0835169628251927 0.13631734587495
-0.0390333148133395 0.00113106936039506 -0.210507797690525 -0.124293888486127
-0.0174901999590189 -0.0340044696987173 -0.178536095831108 -0.459180092980546
0.00023243633098093 -0.0504320974054409 0.425035941692565 -0.501705874819064
0.0440600523682864 -0.0186370960461399 0.842249033281532 0.123881973493137
0.0322906751084335 0.0629191586223958 0.400913325698032 0.816834263144955
-0.0404038236856089 0.0478464530285008 -0.221346563873155 0.619556574723355
-0.0554691691420859 0.0248413381632567 0.0252684815549168 0.066581556856452
-0.016305137616488 0.0358422602145818 0.162195980149618 -0.586267475685795
0.0178545612163527 0.0370852994705661 -0.50476662250154 -0.82482561305949
0.0250444889568402 0.0018500450387363 -0.946179470798987 -0.00670711250577215
-0.0245254636461272 -0.0146845678911155 -0.327886685026376 0.697122321436639
-0.0312972017831471 -0.00968047541153427 0.276351073591358 0.507162602755158
-0.0306095540971651 0.0151774807031995 0.313630688612126 0.108213493463953
-0.0132209901653995 0.0305956389786153 0.110832394505518 -0.198442887815568
0.0087733544498864 0.00640992810967725 -0.0904093629144652 0.152751073590371
-0.0128702950796401 0.0110009450973031 -0.227430106989318 -0.0970253966323372
-0.0135219030493626 0.00725653027578664 -0.269506483511973 -0.453114991909349
-0.0143554940153315 -0.0156775537398864 0.276853750577801 -0.593637751719865
-0.0125962982109964 -0.0411048173082998 0.834328352975398 -0.0704347272246102
-0.0100050745622362 -0.0112416700904633 0.571641973188612 0.691916610917316
-0.0271363087851887 -0.0349738496622516 -0.0902093113202568 0.63137866760877
-0.0146366607377209 -0.0487462476984866 0.0622701859775052 0.0802328832688265
-0.00348542938242475 -0.0506638671726188 0.262579719942556 -0.572175314304073
-0.0268994819827598 -0.0398483273651051 -0.341682334519112 -0.926709778215304
-0.0265305254726989 -0.0179548023261312 -0.951478542149358 -0.193164792962814
-0.033873565560779 0.0192226217509973 -0.476740297450868 0.617569074096628
-0.0243520739238198 0.0300520781660206 0.188402622461183 0.519074344926228
-0.00302814273818238 0.0252137350623873 0.300297293439531 0.134541340336482
0.0157836689643791 0.0192355089527611 0.10264002167314 -0.184520765022089
0.00223041176057232 0.00552416757225356 -0.0907750070321939 0.15186582916816
-0.0233474246692957 0.00809244391647628 -0.228601765299365 -0.105255822615841
-0.0177112305066928 -0.000675843770272356 -0.259503357006782 -0.461754482680942
-0.00992242930442088 -0.0260098226867103 0.304982467536484 -0.58876799239048
-0.00498319384136668 -0.0441624799948601 0.842791157378119 -0.0428508001951072
-0.00948478692460095 -0.00502057624758186 0.547368281063757 0.709139749461952
-0.0344064781649864 -0.0285482909154403 -0.107811719269523 0.620220936046411
-0.0255713357097745 -0.0435211572159422 0.0662178718104043 0.0663810056454473
-0.0124512531930644 -0.0438244391117048 0.25267350736886 -0.58851244561231
-0.0263698430175568 -0.0311506140844888 -0.372356309733033 -0.923295724712103
-0.0160018785359417 -0.017595481358666 -0.952440494327742 -0.163347539884142
-0.0251763026254746 0.0103501071883225 -0.448820321761365 0.62901158064776
-0.026516194802189 0.0221763961799898 0.200767145431164 0.511254357462472
-0.0131747713977164 0.0182476675668453 0.297383695120501 0.12595806573131
0.00715194213709621 0.0181703462749564 0.0982359620606768 -0.188750952804368
-0.00667069230287656 0.00714149736990057 -0.0943617928642399 0.148834536118053
-0.0331834383987891 0.00418773396303703 -0.230274525260473 -0.112645404343117
-0.0213946674831993 -0.00946551361841916 -0.244910623635068 -0.467875480342439
-0.00483807389633912 -0.0361329008929695 0.334235077100581 -0.576644247214577
0.00755863127622816 -0.0442718345912727 0.845873985492919 -0.0123225725612691
-0.0047290967409086 0.00542358761993141 0.514021279301725 0.724715792266162
-0.0420485917701487 -0.0174152433001115 -0.128297495972347 0.61082077635214
-0.0365965918017729 -0.0348350583665491 0.066196095458832 0.0563526232061858
-0.0210239980838547 -0.0308621631046154 0.23444239385715 -0.603844738815841
-0.0229109976395517 -0.0184263166189942 -0.412977668125594 -0.908893730083662
-0.00470933389943522 -0.0171750559388534 -0.953132953579834 -0.126844742081102
-0.0189901629910965 0.000406421550024804 -0.416046031729119 0.644522142215823
-0.0281992114903331 0.0120845581695219 0.220689360834394 0.505409950206613
-0.0229163559654007 0.0123988570697916 0.298189591939671 0.117202547125595
-0.00342492346451907 0.017357288158841 0.0957638082467845 -0.191504494973388
-0.0130767191844427 0.00837767434458674 -0.0955856264267367 0.145574342540023
-0.0413083208068316 0.00138866527715558 -0.229068697462249 -0.118993160496126
-0.0229734742321013 -0.0197992620696016 -0.22881537601239 -0.471184887981527
-0.000295157081375643 -0.0456075101222838 0.367506618912887 -0.560721415609092
0.0194776978017021 -0.0414148656874955 0.851536076247198 0.0228062594861383
0.00166176802283902 0.0191497013955909 0.481474154255886 0.748442178858411
-0.0464866417379979 -0.00213685190430055 -0.152165761452875 0.604961548517454
-0.0466572975746756 -0.0214707302666322 0.0626439385221764 0.0483020053642536
-0.0266482870284401 -0.0156765141492143 0.21374682309882 -0.612485940393546
-0.015578686441126 -0.00357167694685443 -0.448256023245786 -0.890760801556855
0.0067800364092223 -0.0145189918442477 -0.952652364145951 -0.0830981215310815
-0.0157952295442109 -0.00906681023095732 -0.378798143604063 0.660826974821514
-0.030689509335612 0.00312740987898275 0.241030168162389 0.500032891400994
-0.0315664776524207 0.00894376500438317 0.300242298002335 0.108782488336404
-0.0110068560793312 0.0189347795809436 0.0951246512566483 -0.19628102502149
-0.0186870928622774 0.0101213598070672 -0.0951428964857334 0.142666236753965
-0.0466347119021064 -0.00157636102556414 -0.226953390686808 -0.123727074517855
-0.0229575627903377 -0.0276410761082353 -0.212095095226996 -0.471725001475413
0.00387953507675229 -0.052134518177433 0.394105075119415 -0.543084858327537
0.0321066086409808 -0.0364192952175855 0.852032077779 0.0601785500613442
0.0106070569771478 0.0342064790561158 0.449711776960621 0.771012012070967
-0.0496841958288277 0.0143341395733616 -0.176852897576449 0.601874560721497
-0.0546064819113371 -0.00688195465167274 0.0551696558494416 0.0463587418128622
-0.0295726917482086 0.00189025375602119 0.191692221950241 -0.615735861875959
-0.0060539078533355 0.0107848471192068 -0.485387065787649 -0.86709998942967
0.0154278864646858 -0.0114572162037504 -0.950961209398361 -0.0430607004820284
-0.0153567003258252 -0.0164865291494215 -0.344958372988493 0.678370381555544
-0.0332159392687717 -0.00469725957375284 0.2589708278555 0.496075587552718
-0.0371007166974471 0.00855647679603186 0.302522199646624 0.102226140185746
-0.0173684931486344 0.0215567092659324 0.0966679616284283 -0.198846618535896
-0.0203164022295905 0.0127896647988462 -0.0914004555564791 0.139865626834923
-0.0472032632738664 -0.00188315592450773 -0.223358219634442 -0.126011087213674
-0.020990695175205 -0.0338708588639638 -0.196606396720123 -0.46843692385225
0.00556720441704226 -0.0547170816025993 0.416118385953356 -0.525156862822259
0.0412767368327563 -0.0300435217880937 0.850830268562746 0.0924544237417769
0.0189944843174371 0.0467178064486639 0.422183617252904 0.789857632425437
-0.0491721738519342 0.029384137214852 -0.197061883810001 0.604339213302022
-0.0587754954942766 0.00665032600949174 0.0463701898790396 0.0477397696292264
-0.0280040333017255 0.0168813085682536 0.169164137953381 -0.613560736902165
0.00301861909620897 0.0232427643783534 -0.512077622736313 -0.842274396535654
0.0220481689222161 -0.00903525777371289 -0.950013121193987 -0.00852316085626665
-0.0180184763817589 -0.0198092891560559 -0.321407750813831 0.6913051685352
-0.034132822071177 -0.00913963981091574 0.275722315605992 0.495236351164918
-0.0389473550095596 0.00994486522026807 0.307540383762824 0.0992756154870394
-0.0194599303412151 0.0262137614966998 0.0994218652419143 -0.200325296911827
-0.019263811533793 0.0145640474482875 -0.0869977053086708 0.138976432066099
-0.0449673047765476 -0.000509846837312564 -0.219093053513883 -0.124321202276178
-0.0194440308022365 -0.0357657938509523 -0.19057584626209 -0.461062607787022
0.00399614337040237 -0.054225045491571 0.423431871703915 -0.512840956064439
0.0451648848998393 -0.0239785718366806 0.84883730464561 0.106458661303086
0.027136516441107 0.0576728228535811 0.411977635804549 0.805195972879217
-0.0465761094006688 0.0421035555414221 -0.209577213225136 0.612398872375445
-0.0593116180409614 0.019153630112542 0.0356660042853177 0.055393302343078
-0.0227809115164146 0.0295736887332248 0.15862626313934 -0.603202980712502
0.012417869755305 0.0325361782330352 -0.521234425534303 -0.828234379876302
0.0259917773311085 -0.00357004224076303 -0.948836115119707 0.00390442871691614
-0.0213181788735592 -0.0189874242129892 -0.315169178447893 0.69969788962926
-0.0335739111330859 -0.0107159707818545 0.28305001756152 0.49911327046902
-0.0360750991409075 0.0121954622795775 0.311846125892743 0.100812858298806
-0.0177740285250619 0.0294856959015979 0.104260237351015 -0.202528371572418
-0.0162659597738097 0.0171001681279623 -0.0814286552359928 0.13699011605962
-0.0388359186853255 0.00204045041178815 -0.214988415499457 -0.121646127228535
-0.0171467258074331 -0.0329928107087105 -0.18667134491955 -0.456139818734117
-0.00126359818774818 -0.050368917234307 0.418428338009325 -0.509601451427253
0.0443705601139394 -0.0191968502473302 0.846600593306383 0.11232925702178
0.0336939110576863 0.0616971609471678 0.414898040443126 0.814216280298806
-0.0402540661428751 0.0489619162091088 -0.212697540404508 0.624166840166367
-0.0548246290330067 0.025963078946329 0.0260751819230701 0.0658752781239631
-0.0163217585456102 0.0359519987333479 0.154892659257318 -0.589424433444409
0.0187524608284908 0.0370313804955754 -0.51654409463255 -0.817388396607199
0.0248846218664089 0.00202581624401797 -0.952220635288613 0.00541079938921759
-0.0254549022519759 -0.0137364381243679 -0.318518195668362 0.706332651864387
-0.031736804056125 -0.00853565605354245 0.284549758718707 0.504699388345156
-0.0303318742958169 0.0163581619610082 0.316764158801894 0.104592375929947
-0.0126132220044413 0.0311582136667041 0.108812871219871 -0.201183882051566
0.00918391693473533 0.00574782209226618 -0.0883424802234683 0.154120977295839
-0.0127381558256233 0.0118640341427311 -0.230527234903084 -0.0942743917334147
-0.0127061888367327 0.00817704610150424 -0.277127580870138 -0.448564747655358
-0.0149960574667513 -0.0155866925768775 0.268258195776372 -0.597981395874357
-0.0134529961671293 -0.0410149380717643 0.834717737846218 -0.083112122974672
-0.00929876792893151 -0.0120292122253023 0.582702158177112 0.683340738753339
-0.0282961043771988 -0.0336935737447584 -0.0821174351561934 0.63287893866822
-0.0158127566411978 -0.0483956139464189 0.0632190055777012 0.0794409504595465
-0.00463852972848685 -0.0508467271252894 0.255149982918895 -0.575474334419992
-0.0277908063906818 -0.0393196606469984 -0.357846157228424 -0.923169040374004
-0.02698576662525 -0.0169253619613058 -0.95575034355579 -0.178295983629249
-0.032958201818665 0.0199717144870083 -0.467986376612081 0.625033363465248
-0.0245230951412748 0.0316910936706081 0.196454625691503 0.516525480569283
-0.00232750956894459 0.0251720615575964 0.303456119002207 0.129642825071124
0.0159527131983492 0.0192238194119917 0.100745053340464 -0.185725500136161
0.0020052440781438 0.00589691133727309 -0.0895100526763559 0.15367742123867
-0.0232918365495455 0.00868089500603403 -0.231532866479795 -0.102182969953221
-0.0173583052002986 -0.000128485928341734 -0.266469830928205 -0.456144990734043
-0.0108226787045423 -0.0249261896541837 0.295423759707208 -0.591716835958926
-0.00478711425605784 -0.0443459151655084 0.84320163343422 -0.0561977238999621
-0.00851892885017648 -0.00560747672191744 0.557662686845479 0.699732837635148
-0.0352266453532072 -0.0273186691417339 -0.0992337097887072 0.620672218529956
-0.0259790292431945 -0.0433661547163108 0.0675365427224739 0.0661438340278102
-0.0136317285095044 -0.0436022810457804 0.243216044489948 -0.593359391894782
-0.0277992046854022 -0.0309993490649566 -0.386113108157607 -0.917026350219266
-0.0165884797888763 -0.017720803171162 -0.956490059423591 -0.150287361672365
-0.0252152188885082 0.0110511072741238 -0.441820525947773 0.638832599017594
-0.0259699256237311 0.0226113456709791 0.209649790056967 0.510052532093174
-0.0125923699543823 0.0189914648003058 0.30088875200429 0.121179557444295
0.00739786676343486 0.0176299896610312 0.0964977100978603 -0.190324192282996
-0.00642367548691737 0.00683848647003845 -0.0931896349267087 0.150736443693843
-0.0328622907348548 0.00568259807093084 -0.233069678796984 -0.108808238813936
-0.0216949960002365 -0.00968544325659702 -0.254030111601536 -0.462090183912049
-0.00599015718554417 -0.036116816415469 0.327120125501107 -0.580304311418383
0.0069264947058533 -0.0446634724286801 0.846990296146974 -0.0246599585400715
-0.00391782086016098 0.00513755167744714 0.526000490656093 0.717578258224876
-0.0422960304129905 -0.0155585719025802 -0.119344887491462 0.61224637678324
-0.0374591552476273 -0.0336078892228851 0.0670471333360148 0.0551892362441884
-0.0228800685023022 -0.0312192033574877 0.22532825956702 -0.604794285710802
-0.0234500829651102 -0.0184333138891119 -0.425531998855063 -0.903734873083553
-0.00450648617000153 -0.0173195953938949 -0.957615292844539 -0.112096541761347
-0.0191982743261535 0.000121263212761047 -0.405980917260522 0.652411627252932
-0.0286200841688167 0.0121820718444197 0.229496032407689 0.503307602822948
-0.0223313196872095 0.0139697170231904 0.301126255551951 0.11272989236516
-0.0023134724997405 0.0177856700923101 0.0940238733673878 -0.193857199139378
-0.013339519346766 0.00870361644979621 -0.0937500089729129 0.147438146049067
-0.0412480951577384 0.00220331172320399 -0.23297965222267 -0.115621181717023
-0.0231004085882445 -0.018406307530468 -0.236817859974468 -0.46738148596185
-0.00149692315528044 -0.0458494420208211 0.357671911231645 -0.566666300247832
0.0193629988698921 -0.0423917762907191 0.853575237264793 0.0121431170898389
0.00268649384194053 0.0186160736444411 0.491110419842909 0.741907013531357
-0.0470720730450951 -0.001164717090274 -0.143810786114022 0.606839014054101
-0.0474257399449399 -0.0203191022500904 0.0636415730797133 0.0476817583397629
-0.0279136825372871 -0.0152552727213466 0.203081232583379 -0.614940938226694
-0.0166746379089843 -0.00375374178683532 -0.464587036950579 -0.884159487658758
0.00656074262345526 -0.0152816838472435 -0.954802898022394 -0.0708917818518392
-0.0157102269739246 -0.00899870585377213 -0.369603762142609 0.668997001410969
-0.031088655819654 0.00363870473675026 0.248923476429947 0.497319592186335
-0.0311337135050188 0.0106332745527573 0.302563766126362 0.104276057555146
-0.0108827483704396 0.0194852635707572 0.0931594572181122 -0.197364504060156
-0.01784467418144 0.010878491737831 -0.0938835984590787 0.143175570451269
-0.0464092235995515 -0.000493609074866275 -0.229507554130693 -0.120038105789215
-0.0235629130520258 -0.0275513149584655 -0.219125247136433 -0.466970994618296
0.0030101696810206 -0.0518991737131023 0.386770456554566 -0.550036622092858
0.0312655919911547 -0.0370498252214432 0.854214570059926 0.0484733642571194
0.0116421286006958 0.0334742923878998 0.459974601803969 0.764458934638223
-0.049222649858888 0.0158017407780105 -0.168764158688234 0.604951754772314
-0.0549083208400151 -0.00520503277842657 0.0559735200306745 0.0444962129005093
-0.0302509571807866 0.00222728656205202 0.18049148743871 -0.618827829220838
-0.00667044565811601 0.0106343651870276 -0.498768179150695 -0.860784719093005
0.0159493568292653 -0.0126215550726602 -0.952918985014041 -0.0281391871563536
-0.0154280531654877 -0.0159983097763264 -0.336071877669569 0.685451505119304
-0.0337269148425518 -0.0045594418649 0.267038332960191 0.492934327187341
-0.0369889460250965 0.00991731840027487 0.305876546337076 0.0984881085889973
-0.0163484864266325 0.0225828229107907 0.0937435828122934 -0.199851258630504
-0.0199114054720217 0.0130177254629026 -0.090592375206286 0.140312960797157
-0.0470937584788497 -0.000852460210960403 -0.226222461277924 -0.123138367155582
-0.0219826573792952 -0.0329589831061127 -0.20556608311731 -0.463385370244872
0.00461517158295384 -0.0549821846608299 0.409616652344369 -0.53033993152261
0.0406271409521219 -0.0308417327257334 0.853656435930707 0.0812952727097061
0.020395383195615 0.0462254903718559 0.434094591010544 0.785498139122754
-0.0494082356497023 0.0304462306989067 -0.1873321019403 0.60882931343891
-0.0586047945529144 0.00803378683129598 0.0476841782221206 0.0462813207540838
-0.0279890363199214 0.0171504529117737 0.161181730140856 -0.616942845318833
0.00307930399947765 0.0231245078120776 -0.526641681307005 -0.835719079360768
0.0228261630541876 -0.00933293429725804 -0.951529723879006 0.00559111402377495
-0.0183005720027381 -0.0196564990419202 -0.312038133071833 0.698476919382505
-0.0344428725593075 -0.0091852478898728 0.284975664439678 0.491773094871074
-0.0390437428803294 0.010944576147541 0.309463810781064 0.0948776755343709
-0.018545045660919 0.0261320254238146 0.0962623917554769 -0.202637483005022
-0.0189699965461947 0.0151060125687948 -0.0851199294532829 0.139854093539161
-0.0445472997248373 7.07493961401347E-05 -0.221925326907312 -0.121341920548429
-0.0198278448110203 -0.035099512655841 -0.198752194791503 -0.456628774265488
0.00283127411735412 -0.0536772860759949 0.416519831816137 -0.518754642638995
0.0450672176920422 -0.0246419111418817 0.85042670790706 0.0954097784912368
0.0287402199093482 0.0564672014348922 0.422903572459912 0.801929237568081
-0.0458814768334647 0.0431346957869444 -0.201441966867688 0.615354989866748
-0.0586150522398055 0.0210880856280322 0.0365872303317583 0.0554578448773226
-0.0234420899966605 0.0296198334639395 0.149748136526313 -0.604597957607403
0.0125841122281663 0.0323725830388409 -0.533090795848564 -0.820491789878637
0.0257053726555934 -0.00455515224679057 -0.950117010268108 0.0201027135480911
-0.0211893787325977 -0.0182061193769446 -0.30588687655253 0.705294847256533
-0.0345076699003204 -0.0102928093019992 0.291659784241192 0.494836348281835
-0.0357953358818596 0.0136893537528951 0.314593623333203 0.0959269205515923
-0.0155577946343886 0.0294053641162109 0.100941120912896 -0.204328020327089
-0.0158404131594026 0.0165550120544169 -0.0810599661291701 0.139199607057764
-0.0381141834034503 0.00282601454041335 -0.216760042185668 -0.118273695139356
-0.0182331611332987 -0.0336034428566972 -0.195797240551042 -0.452412195729902
-0.0020469722002347 -0.0499394110130201 0.412084857959323 -0.515661148487436
0.0440383689676749 -0.0199947092270608 0.849176366295668 0.100780539177761
0.0353083844766828 0.0612161064262786 0.425220625548899 0.806557999749711
-0.0396103868164288 0.0502962853775655 -0.205941059119 0.627127031918864
-0.0541705394148948 0.0276090328660877 0.0271227817889911 0.065922575838964
-0.0161197699259201 0.0363437176640312 0.144682792088168 -0.588959763273397
0.01879525366989 0.0366141261601531 -0.531235164773781 -0.811665354499869
0.0245210441441374 0.00106244065677409 -0.951638214284035 0.0213098341643128
-0.0255313031850292 -0.0140503240456262 -0.308032710455338 0.711260585927347
-0.0319762185253283 -0.00845601203033991 0.294231274628315 0.500650297030264
-0.0295733281509558 0.0175784452428503 0.320338236258426 0.0999257274419258
-0.0115431904719375 0.0316726088853837 0.106653034696058 -0.2026911647732
0.00921378526753851 0.00598781198877265 -0.0860485903952716 0.155072887512874
-0.0124158565997898 0.0128210093652759 -0.232515785913843 -0.0904998872994563
-0.012539093868129 0.00825690386067673 -0.284585936021686 -0.441360958843605
-0.0158541368114957 -0.0146340031176063 0.260093284877564 -0.601538355139283
-0.0140310954057485 -0.0412438806072001 0.833658136758723 -0.0941997395022741
-0.00879547807059943 -0.0123492769953087 0.590204961869967 0.6754813125869
-0.0287523229521952 -0.0329156153645065 -0.072744770405016 0.632540977774861
-0.016212277002798 -0.0470089873474679 0.0650338214248088 0.0782529961855688
-0.00644533290772494 -0.0505766116488984 0.246644688123915 -0.577514399109239
-0.0285743359211156 -0.0389203957522837 -0.371271059330185 -0.916332878079564
-0.0266895834874529 -0.0167120793950076 -0.95813017282041 -0.165202523403003
-0.0326937349169384 0.0208698821143168 -0.458796531437798 0.632107961916559
-0.024390327174153 0.0317668786134857 0.205094651577496 0.513069569361889
-0.00169412126423278 0.026112539452384 0.30570184180454 0.125246627827456
0.0180836582539496 0.0184018550821652 0.0985677735982418 -0.187547831732673
0.00212561757801702 0.00588801045290338 -0.0878528086732385 0.154769449733529
-0.0231465799331018 0.00904690527040722 -0.234593369150388 -0.0987668633808482
-0.0173212361607838 0.000669796140939246 -0.273606603314182 -0.450175183219565
-0.0113729034758698 -0.0253223595952508 0.286792477496424 -0.594231942072725
-0.00558321670515877 -0.0443015711036261 0.840948071859542 -0.0685081512825095
-0.00751963246970238 -0.00597329652085821 0.565681730744998 0.692509177248648
-0.0357102622677976 -0.0265361383844181 -0.0898313851664904 0.623034128169572
-0.0267278553846485 -0.0415898724937482 0.0694763206127193 0.0653557345820984
-0.0150469339969085 -0.0429607130076575 0.233748815162342 -0.594375461620217
-0.0275315826867289 -0.0304857317520885 -0.399617366005508 -0.911863885160452
-0.016451923919359 -0.0180433601488262 -0.958459006928186 -0.136075164290401
-0.0256424005551832 0.0112499740084133 -0.431680822182445 0.642852643484792
-0.0264460413627163 0.0229423904848098 0.218940963020745 0.505475077870964
-0.0120652635968422 0.0192353467579276 0.303407675346737 0.116349258606456
0.00852014411925075 0.0173946234444093 0.0935272969083904 -0.191361968338941
-0.00572373227799604 0.00736812268642534 -0.0912289170016555 0.150564293961086
-0.0332130156912084 0.00660460632068499 -0.236145940502335 -0.105319318075366
-0.0213530648853803 -0.00810515033414558 -0.261258878575568 -0.456587778000548
-0.00638275025983226 -0.03605014239398 0.318593989583347 -0.583779670102897
0.00613033980206999 -0.0452411978151536 0.845925632052043 -0.0367509082347324
-0.00320863422018006 0.00445251921264526 0.534078882339041 0.709435164262898
-0.0428249875549659 -0.0148975960998138 -0.111636342490901 0.612625595190689
-0.0376334040412528 -0.0327282331522397 0.0684718368718765 0.0544992309004309
-0.0235788904936739 -0.031183854121679 0.216221828457871 -0.6074132203959
-0.0238543393483936 -0.0177045790865 -0.438628372302843 -0.897355156896753
-0.00432282415614484 -0.0168691677518152 -0.959018711469407 -0.0966019768478099
-0.0193864062544992 0.00114347813644279 -0.396763570843336 0.6578223151126
-0.0286222043998969 0.0130283295265359 0.23713403783333 0.498557643526742
-0.0222462915177047 0.0144746271664782 0.304072537340678 0.108525568767088
-0.00155266814616855 0.0179384709533352 0.0921356746834878 -0.194863559964582
-0.012488920622206 0.00920009562520496 -0.0917116221542966 0.148591796623322
-0.0414867790407741 0.00341399352216556 -0.235466596063096 -0.111304279601239
-0.0238632469196062 -0.0183446278333932 -0.244700730862081 -0.459720784585536
-0.00207729295006393 -0.0448835383575547 0.350640008862336 -0.570233203844203
0.0189311675892857 -0.0423279807999268 0.851830295948198 -0.000304551992717515
0.00380375500629461 0.0179661745273205 0.502607259331749 0.734943805900921
-0.0467421484813913 0.000396319897740922 -0.13528636550632 0.607953530219906
-0.0475223560696863 -0.018860523296989 0.0646049829117625 0.047035370730961
-0.0285333110234816 -0.0147727778390556 0.195272526820772 -0.616723094732044
-0.016522937987049 -0.00282590443444202 -0.47709061495146 -0.87721417565505
0.00669137906618925 -0.0153857521324918 -0.954953145428789 -0.0559392890381447
-0.0165074287387137 -0.00895731476976974 -0.359772097954462 0.675675725913611
-0.0310205802124316 0.00425934180035675 0.255970811564084 0.493334566170003
-0.0297704012243626 0.011562330694815 0.304423585620167 0.0995691172480543
-0.0096636587535041 0.0189874300784627 0.0906196617346019 -0.197925964956875
-0.0177223689274734 0.0107222446131284 -0.0913161863103219 0.144685917520939
-0.0461157176462199 0.00042185149333548 -0.232716965546641 -0.116762480181938
-0.0232744741751849 -0.0269835074630968 -0.22829676335869 -0.460184519704307
0.00148695357917111 -0.052030916830213 0.378280651609763 -0.55380943002261
0.0314311620795745 -0.0373724623837963 0.854792465489511 0.0356770168756723
0.0128146357343997 0.0326178855703087 0.470617934547702 0.75788311963342
-0.049320564889356 0.0166561355663442 -0.159672566796771 0.606016860659042
-0.055012705472051 -0.00386383145446647 0.0572658505452741 0.0441447971387501
-0.0311461530489858 0.00269913921582773 0.171707886516242 -0.618261472487879
-0.00658007770025474 0.0110653217655278 -0.511862618561453 -0.852603845524358
0.0160050739605577 -0.013278251045231 -0.955450203016266 -0.0146354088131917
-0.0161065030956381 -0.0158995691783248 -0.327167054581269 0.691728270517438
-0.0335428701058921 -0.00388096658154431 0.275040761835888 0.490236156761716
-0.0362410568650449 0.0106398823728122 0.307428412394482 0.0935235639209997
-0.0154610448096564 0.022758555603982 0.0923751573952191 -0.201018136832236
-0.0194656692845562 0.0132611759477506 -0.0883018655366208 0.141293947900146
-0.0476223076292053 -9.71596617527931E-05 -0.228796253957917 -0.1196342172325
-0.021689916868901 -0.0322655782184039 -0.213650709120472 -0.45895547723854
0.00292225806143513 -0.0545253471543716 0.401360270029744 -0.535362365886101
0.0396516639546459 -0.0315744392461386 0.855116543628668 0.0682167820255938
0.0221399589830739 0.0459671004887793 0.444350460463355 0.779691211465066
-0.048578518477723 0.0310843121982668 -0.179371729976543 0.608406469872078
-0.0582564459452173 0.00976121982666852 0.0483109778176407 0.0459085049982102
-0.0285419390751499 0.0181940659563867 0.15120045280827 -0.61632617471241
0.00352293173273262 0.022718881964323 -0.537838919205989 -0.827047167190542
0.0226423523199139 -0.00988052659251402 -0.952067399239547 0.0194182809619414
-0.0187477290085292 -0.0196860385874109 -0.300227096427733 0.702442200855019
-0.0348622457678142 -0.00876076320139304 0.292600196617249 0.48784428746457
-0.0377938316050594 0.012214433178492 0.311931865603601 0.0908003742446378
-0.0172256188144375 0.0263584759341891 0.0943741009017389 -0.203673184212523
-0.0187801525298378 0.0155129565378335 -0.0837480357153113 0.140509805321627
-0.0442466137753212 0.00138895145346106 -0.224846225233011 -0.117785027354929
-0.0204526746225373 -0.0352638578035411 -0.205185217791413 -0.45140252114114
0.00193084649618866 -0.0540368182070601 0.410114227834031 -0.52464624974517
0.0446710722033843 -0.0255549169017919 0.853016192521439 0.0841252494412142
0.0307324779891742 0.0553353914770205 0.433234087318986 0.791960518647174
-0.0447740896243209 0.0434506647651147 -0.191408630989731 0.616650289061207
-0.0581307536963991 0.0224809543818635 0.0374169292163297 0.0546034519409814
-0.0237832065666752 0.0301419137655953 0.14080979315127 -0.60544535087263
0.0125826613523202 0.0322077031525477 -0.544323606711252 -0.8129260187943
0.0260353683676826 -0.00506746224612765 -0.951792976841823 0.0330000052091
-0.0218024311957597 -0.0183707642149973 -0.294918394553665 0.712045827350642
-0.034966073768312 -0.00975996066614624 0.299489770274294 0.489489234649674
-0.0354106272760142 0.014883070600027 0.317227783469614 0.0914737006043394
-0.0151501556749176 0.0295877329902543 0.0982691598052448 -0.205517773894302
-0.0148539003842268 0.0169507466875786 -0.0786571631329202 0.138920265043074
-0.0386772691047324 0.00439662027922003 -0.220198169850286 -0.11455618528702
-0.017969390226882 -0.0321299970247487 -0.203050334329965 -0.446682697485053
-0.00306150336814056 -0.0493736156835934 0.405853473932287 -0.519636583745099
0.0438213940940051 -0.0207689791944917 0.851362426963565 0.0875734131867353
0.0367881546434276 0.059655106961077 0.436202400370711 0.801933705719888
-0.0389915285743076 0.0508926910004739 -0.196240121803491 0.628913147669682
-0.0536732939273497 0.0291123994272373 0.0279688813144303 0.0657078731292238
-0.0171340161223082 0.0362564880272758 0.136773241580834 -0.590311974570051
0.018981958068281 0.0363950228104725 -0.541693059197756 -0.803094547042641
0.025196249308362 0.000869606138658021 -0.951818266576352 0.0388436528113666
-0.0257040795999688 -0.0134172977597627 -0.296448256973967 0.716348891403115
-0.0321826848112555 -0.00795345967739829 0.302052416857695 0.49412656519422
-0.0288543494514119 0.0186525866469422 0.322869183842034 0.095543451908581
-0.00996269106202325 0.0318435654469652 0.103796723315855 -0.20411768565116
0.0095632803681695 0.00593313813283262 -0.0842685093479615 0.155094145889866
-0.0116206192738282 0.0128226761956559 -0.234463602395821 -0.0869006245103507
-0.0122695128951309 0.0085232829956463 -0.291741075814521 -0.435822391258788
-0.0161131315971502 -0.0136165144250415 0.25095727312234 -0.601962248767516
-0.0141614070229654 -0.0409699570494163 0.829693990748517 -0.1050181479494
-0.00843604793176386 -0.012339134706558 0.598582152538998 0.663505883011742
-0.0292769880154882 -0.0325100045284835 -0.0642671112378461 0.631502427469648
-0.0165458307149701 -0.0461291412150115 0.0661466640912189 0.0772876965621745
-0.00690276639292987 -0.0502699631476343 0.236813982985293 -0.578957833183957
-0.0295809537259998 -0.0381861633299768 -0.383269673130323 -0.908437456998294
-0.026070321266125 -0.0171576592415003 -0.960488602289638 -0.150280006458725
-0.0320977590525188 0.0210840596201224 -0.448480477493808 0.638336497159958
-0.0241073838787453 0.0319762207055364 0.211597625700131 0.508370831201014
-0.00105700320686146 0.0270672113168993 0.307751219321263 0.120529586540935
0.0182209833872418 0.0180226959674312 0.0967337591517745 -0.187933776577566
0.00203162545267427 0.00586972361411887 -0.0857042582017138 0.154035914019784
-0.022423490044543 0.0101731998061092 -0.235598919627629 -0.0950630461100771
-0.0170221667201184 0.000905438146906148 -0.281316791106148 -0.442580768456335
-0.0119947315004578 -0.0237007273177213 0.278792228682414 -0.596683411045194
-0.00573372204885719 -0.0441498860853075 0.838259346939672 -0.0790625331871331
-0.00762744102641524 -0.00616478331481488 0.574132064009497 0.682982708462863
-0.0364644766762994 -0.0256099145883172 -0.0822690777821594 0.621702521187976
-0.0271882773692179 -0.0408187364608816 0.0695719160590352 0.0642792971190199
-0.016059764248018 -0.0425592719725537 0.224613323088008 -0.595269242806776
-0.0284733951624516 -0.0299091135952457 -0.411670785484841 -0.905429300228431
-0.0167300961581365 -0.0176554327382644 -0.959452054054224 -0.122535762480747
-0.0248065510153025 0.0118834791374722 -0.422411890900475 0.649990404866926
-0.0261194180851123 0.0234387855888999 0.226406070684754 0.499583089605675
-0.0112051277443693 0.0198698813031073 0.305616775334662 0.112407863751947
0.00887585552644224 0.017081328590847 0.0912003308695994 -0.192715114943955
-0.00548928995981139 0.00694821781691351 -0.0891659058591689 0.151060696389742
-0.0328807591453345 0.00681668473563358 -0.237889346348035 -0.100873929017905
-0.0210872988163818 -0.00831948558334257 -0.267608771991202 -0.4498394632862
-0.00776725147914919 -0.0351218533743468 0.309597791697345 -0.586655971197532
0.00512200894015662 -0.0449775650451402 0.844267874005778 -0.0494713459865007
-0.00292771701842413 0.00378680743017931 0.542374139812903 0.699797140659324
-0.042227768204912 -0.0135743741510631 -0.102950156849382 0.611597337515569
-0.0376562311933979 -0.0309946506117965 0.0693227037503107 0.0533532123533547
-0.0241280090685289 -0.0300021860188063 0.205504904077077 -0.60880264385475
-0.0245443254281163 -0.0180152032722266 -0.451153590009484 -0.889184318712883
-0.00444337646198444 -0.0169587248670556 -0.958937115822556 -0.0843137455388089
-0.0189062349032782 0.000956472327779163 -0.385675697677892 0.661899237222156
-0.027850419388385 0.0133886977296138 0.243824412556688 0.494492074083532
-0.0210243744779622 0.0155110279001522 0.304439507473338 0.102898364921526
-0.0002371206740785 0.0177595153982773 0.0889772849543221 -0.195603947181363
-0.0121784220741834 0.00888801051241366 -0.0900240362627444 0.148686577363591
-0.0405376186968813 0.00391879254963762 -0.237910744813641 -0.108031156156386
-0.0235180520054648 -0.0180394241012959 -0.251620804514004 -0.454619642551149
-0.0029515068749357 -0.0446327576422933 0.340592704435189 -0.57344761745934
0.0181610014561961 -0.0427976281983063 0.850337910104354 -0.0129892583162353
0.0041332943852092 0.0176460227286968 0.510645892982858 0.724429510993162
-0.0467525336099062 0.000849906796569166 -0.127449579498194 0.606795859365632
-0.0475129832750251 -0.0175991577519903 0.0656234110021807 0.0463561556637312
-0.0300279674477197 -0.0144052111132325 0.185106978094461 -0.617658820318125
-0.0172666320031874 -0.00324049088300348 -0.487614602916326 -0.868329442798618
0.00688539346500281 -0.0152527580311256 -0.956366631208085 -0.0406952181508324
-0.0159786249447831 -0.00826569817542923 -0.350663678344616 0.67815581973963
-0.0313980954367071 0.00412990201042405 0.263486697033437 0.488666389979991
-0.0297737224697064 0.0129340226540143 0.307023404095607 0.0962244863900857
-0.00835055558004128 0.0191469710789217 0.0877057880394349 -0.199307901870228
-0.0170829275888987 0.0113966302540548 -0.0903485557841611 0.145404333424724
-0.046234259049584 0.00187066115977501 -0.234742194264287 -0.113124905391578
-0.02399593391207 -0.0261748189969135 -0.235302894831867 -0.454449308145868
0.00067619652597041 -0.0508399071970376 0.370710747172713 -0.556761940628444
0.0304671488858378 -0.0380992329829048 0.853301525020603 0.0253085302056061
0.0131722423898019 0.0318652684196802 0.480125510919488 0.748823644657234
-0.0486747261734623 0.0176809854979029 -0.151593135669389 0.605298147715314
-0.0544527011037341 -0.00306881492007528 0.057938665376405 0.0436218681029132
-0.0311406115444138 0.0024623604955624 0.161643898781034 -0.618440535104226
-0.00720864381891663 0.0113010572167906 -0.523923515908044 -0.843986733425242
0.0161541218279224 -0.0129598565681591 -0.953313863895941 -0.00182863313737378
-0.0164037537661192 -0.0155926607792381 -0.316531572129954 0.695884271254362
-0.0338633207460017 -0.00305598031713989 0.282426968980287 0.485189005654374
-0.0352353712939607 0.0118729139660443 0.309362646604499 0.0898630908673095
-0.0138151501687683 0.0230229422025467 0.0884908128321232 -0.202547170276832
-0.0193422770101719 0.0133141890357476 -0.0863585992807225 0.141961162110728
-0.0464727233835009 0.00142107293422417 -0.231347707569541 -0.115757543984427
-0.0222938702186612 -0.0323199546282989 -0.219996466423351 -0.452567431278682
0.00223393583978405 -0.0542284466364769 0.393887426831715 -0.53911032711265
0.0394532419688195 -0.0320989902274238 0.853698653073168 0.0565024219437151
0.0222630273201395 0.0450966806402191 0.455135286040088 0.77210117318705
-0.0474698632832588 0.0323104172676936 -0.169561948847551 0.609407533024918
-0.0576234753506896 0.0113125012607005 0.0488675479866081 0.0454142181462582
-0.0283808742178419 0.0183086266582057 0.142290614995063 -0.61522941497405
0.00301923836818957 0.0232274857710687 -0.550616138647568 -0.818675031477819
0.0228447901719589 -0.00974979641264774 -0.94893522423628 0.033923644271597
-0.0187843210999211 -0.0188706294383215 -0.291486760024654 0.705406651804349
-0.0351541872707768 -0.00803130795714433 0.298616372147211 0.482319605158418
-0.036884987876115 0.0131443825782478 0.313955438802031 0.0855779799985754
-0.0164584739648313 0.0261322647329251 0.0911572104482632 -0.204485017015032
-0.0177119065345523 0.0152081541834449 -0.0824928881063415 0.140630823908675
-0.0438301176405695 0.00259265679400203 -0.227018967649762 -0.115100909177385
-0.0204954326157318 -0.0345367805085486 -0.211825926515924 -0.4462909263265
0.0010787287446506 -0.0532744763164926 0.401965041286924 -0.528865308050345
0.0442402071473118 -0.0259738760860149 0.853583864730711 0.0732117359071622
0.0311665311373432 0.0548381703709896 0.444128656629147 0.784215664804945
-0.0440317285798703 0.0448451253707369 -0.183367404928693 0.619500454611923
-0.0577646501858356 0.0233984927817125 0.0384049900917687 0.0539346745368404
-0.0236634128985861 0.0306497992526318 0.131150381135404 -0.605634900183751
0.0135472720772016 0.0320598764019227 -0.556358549214737 -0.804651212951659
0.0264854848437258 -0.0047213618829283 -0.948481171670617 0.0475344524121947
-0.0220487834468506 -0.0182331922475917 -0.283373471152719 0.713731856774894
-0.0348203289379272 -0.00975513305481273 0.306447219656885 0.485732262388689
-0.0349131843832706 0.0167058560137744 0.31834954732587 0.0872386551849672
-0.0148668618251453 0.0303445242715397 0.0958985047713141 -0.20589489099553
-0.0143530924322224 0.0167589216010323 -0.0768055163146598 0.140230237528451
-0.0379355787462705 0.00527343372608155 -0.222936418390211 -0.111591984105387
-0.0183957353528657 -0.0318317300507487 -0.208185794932874 -0.439430261364927
-0.00401349138612865 -0.0486964546037895 0.398095675764308 -0.523566495955426
0.0433547368926816 -0.0213769435088678 0.851768996681489 0.0767575957018919
0.0376571416976133 0.0584587836931902 0.446314917296572 0.793405547147185
-0.0380683269415149 0.0515712166514034 -0.187826086187451 0.629083784249903
-0.0533248674078141 0.0302165521725213 0.029332047512976 0.0652504748823187
-0.0172033725579647 0.0367169812761653 0.128688842678475 -0.591365905672349
0.0191337081943026 0.036112834606651 -0.550871614330177 -0.793150725182913
0.0253488350623099 0.000886418866703789 -0.950368689883632 0.0503145388971582
-0.0260899440843433 -0.0126290012620689 -0.286089735610446 0.720245126402416
-0.0329429181083818 -0.00721257746530454 0.30932548411174 0.489667792624647
-0.0279205015971063 0.0193707048121302 0.324309757808386 0.0912030721879375
-0.00901163764558907 0.0311567722218386 0.10057487962175 -0.20435890597728
0.0095182784138449 0.00607904187974536 -0.081760453793451 0.155263096545028
-0.0113719915541043 0.0131125614712305 -0.236220668466293 -0.0834923510314535
-0.0117643877693266 0.0093925865616997 -0.297273768741828 -0.427954946621127
-0.0167087041461612 -0.0134918993318634 0.242484598680877 -0.603105082719023
-0.0147185108457372 -0.0406333373631413 0.825026962143838 -0.115721927702226
-0.00757002952726525 -0.0126342960652827 0.606700435604784 0.652948310233529
-0.0292727727518885 -0.0308300236245976 -0.0571670701749644 0.628744224800414
-0.0172908136118119 -0.0454713680330683 0.0670073384211919 0.0757443400854188
-0.00848548393213915 -0.0491988692954638 0.228572194168017 -0.578613308315027
-0.0294485948199921 -0.0384439552407221 -0.393117570076394 -0.902265394039709
-0.0266802991898394 -0.0166827976280892 -0.960848574947134 -0.137393202925685
-0.0322396662824935 0.0217279852932994 -0.438113667799134 0.643352986857901
-0.0236909963611177 0.0329638137877922 0.219472235477419 0.505059726655238
-0.000127532361941052 0.027489505204184 0.309622900798082 0.116408549422865
0.0190979247727361 0.0175745214512995 0.0939215020567424 -0.188984089845817
0.00260246452979271 0.00592781724921852 -0.0838217387763618 0.155543267985787
-0.0222012904120569 0.0102800126926937 -0.23785919237346 -0.090804188118635
-0.0169020448051273 0.00152050578667876 -0.286584812351894 -0.435710796303093
-0.0127703461654494 -0.024234398380715 0.270330504107874 -0.598826331015762
-0.00581774131564216 -0.0443272338622879 0.83464981163933 -0.0889255641925919
-0.00704446083141135 -0.00700966968755019 0.582061460339126 0.672182807130236
-0.0363842645247742 -0.0245333190361317 -0.0730022167840569 0.620769167823881
-0.027461165968461 -0.0398403454034758 0.0701290864574396 0.0627303128997894
-0.0178209759961749 -0.0422341823207806 0.217396935136006 -0.594470383840462
-0.0291400889240344 -0.029543150831565 -0.424756189111133 -0.896482115370141
-0.015740985684666 -0.0173151831529427 -0.960799668272122 -0.109478098555097
-0.0251887796071218 0.011809476094711 -0.411052269821221 0.652392185927919
-0.0256725583458447 0.0241187843297284 0.232884127600076 0.49689411520588
-0.0108755768834981 0.02101538847262 0.3065611317504 0.107388906210345
0.0100220898274078 0.0168047991244476 0.0891093298805351 -0.192753505328909
-0.0049217126988409 0.0070397319330036 -0.0870149199587426 0.151759272086951
-0.0318923504795276 0.00755444381366902 -0.239805711676379 -0.0980566448176878
-0.0209900918818732 -0.00733039529202988 -0.274335676368906 -0.442405070993368
-0.00844352898040396 -0.0351623873388774 0.300882972987205 -0.588781932582187
0.00508699312100528 -0.0451669217597536 0.842277013034095 -0.0590792172250443
-0.00224373766335421 0.00328417532878241 0.549441208230834 0.691255555539306
-0.0424043603206127 -0.012529250261309 -0.0955422124229571 0.609443812710143
-0.0380882244912317 -0.0303506851291575 0.0702969195005633 0.0527110111297078
-0.0250868545759128 -0.0295685770876903 0.19678100127526 -0.607534918304945
-0.0242390660912778 -0.0173558700904542 -0.461002437501968 -0.881110788186685
-0.00473625923669358 -0.0172821561508688 -0.958971937831871 -0.0709122854088067
-0.019115237285255 0.00124939608446892 -0.374803757734341 0.66544032204634
-0.0287221102262227 0.0140735482820479 0.249903711850676 0.489511267879118
-0.0204472974978553 0.0160025250923478 0.30607054517874 0.0985983841853758
0.000432216164902023 0.0180564071104985 0.0868105635347316 -0.19596889740231
-0.0118285189019663 0.00916491346375985 -0.0878997546350371 0.148875115185996
-0.0401030444352349 0.00483213319166164 -0.23864417431751 -0.104549043824857
-0.0222236777613304 -0.0169559873061734 -0.25701515464612 -0.446653581213423
-0.0039689687258229 -0.0443521759287107 0.332632395143208 -0.575118536976151
0.0172906260439359 -0.0429760381745902 0.848175645580532 -0.0222447189156338
0.00528136459959245 0.0164883049700528 0.518701394505307 0.716833341111392
-0.0463664902412767 0.00278851540142413 -0.119126697413126 0.607554908633372
-0.0476073311186012 -0.0168122553675855 0.0654792185941825 0.045415989126975
-0.0307235538323708 -0.0134182697681866 0.176043629244332 -0.615800956826857
-0.017157732414937 -0.00293092372695341 -0.497201698967011 -0.857695966378721
0.00683097902942016 -0.0155455858303016 -0.954982994263819 -0.0314761593798182
-0.0163122945255897 -0.00779824464973547 -0.340400006138116 0.680475839873093
-0.0314783211095104 0.0046757935292294 0.271417274165787 0.482861166852386
-0.0296244499199618 0.013025925707438 0.308366928081722 0.0914701870065606
-0.00734129212985479 0.0201777679466552 0.0859852495858981 -0.199683260006588
-0.0163525098358926 0.0109711255585995 -0.0871696515488981 0.145143226731936
-0.045678564932504 0.00273283383801861 -0.236446605666329 -0.108813825957896
-0.0235419950642454 -0.0254075062193478 -0.24046136703919 -0.447208411424102
-0.00094798293221912 -0.050919834067044 0.363107353817965 -0.560656896587751
0.0292718011229322 -0.0384096034880741 0.849728091749813 0.0151754178779753
0.0143345587796087 0.030976157748692 0.488814300876762 0.739597151111499
-0.0483569935289571 0.0178253095284587 -0.141932725305158 0.605966076568817
-0.0545829222757936 -0.00148007126656591 0.0582863039142526 0.0424342880655353
-0.0318510669552709 0.00373085009533342 0.153754461628212 -0.616855224209763
-0.00702428868717266 0.0117381344064464 -0.53235096476875 -0.833734921304017
0.0164806488769607 -0.0135620772563327 -0.951854074989067 0.0112682429299732
-0.0167898537211846 -0.0151382853354598 -0.306292323283595 0.696618608685664
-0.0341578665351233 -0.00260146062281805 0.288354994164221 0.477658496306171
-0.034291496603424 0.0128102271856553 0.309803576430034 0.0848409420155279
-0.013102555596109 0.0224189768439524 0.0859029684140917 -0.202173751535277
-0.0189036498115708 0.0131936185801607 -0.0848723463296304 0.143124119950363
-0.046518376621469 0.00176898969465193 -0.23316490505912 -0.112063763539898
-0.0224393520515738 -0.031542201950224 -0.224380134177931 -0.445806080789008
0.00145641861203181 -0.0536647770804052 0.385929628491116 -0.543027540379565
0.0385775880534378 -0.0319022070472981 0.852315826662563 0.0454053336688892
0.0234789882438322 0.0432318081448957 0.461930594586883 0.763406401220803
-0.0474580982428308 0.0333281045676274 -0.163875835094728 0.60829181744499
-0.0569974145409673 0.0127822115386323 0.0486048825451989 0.044579489527434
-0.0289147870953066 0.0190014473343482 0.134467101879518 -0.614794855381353
0.00333029952031284 0.0222527535779104 -0.557009228948312 -0.808177348345211
0.0226506827792893 -0.0103908345740134 -0.945823227003008 0.0468761777965888
-0.0189525401060835 -0.0187473510076171 -0.278451224326324 0.708343756503198
-0.0354602991866423 -0.00733178887895662 0.305131857653469 0.476005745306222
-0.0357389838552702 0.014283001377957 0.31460859714766 0.081359405961682
-0.0154242068205758 0.0262521349613062 0.0893000370441251 -0.205094150816597
-0.0179909129374714 0.0156454213833253 -0.0796659360060495 0.141496567489265
-0.044156774663312 0.00379939126846393 -0.228972045706934 -0.109970917852413
-0.0208432492330087 -0.0339636036426176 -0.217559789796595 -0.437717068192698
0.00015137931708477 -0.0524759490447103 0.394611045544583 -0.532237094836201
0.0434092572489949 -0.0265495404717715 0.85073808225462 0.0606393990909826
0.0331055586754423 0.0539212797777267 0.451487417311519 0.77624060512644
-0.0434474556977276 0.0455430906869339 -0.174507840780608 0.617161775137353
-0.0572780543860825 0.0246184248391087 0.0391383554646223 0.0528317647060592
-0.0238767052882748 0.0309923286431462 0.122570823491201 -0.603299868194227
0.0136975051812127 0.0315437542170793 -0.56576489537897 -0.792012069036654
0.0262394126658914 -0.0057873049537417 -0.946665408465544 0.0600776682023796
-0.0223389306436751 -0.0175709282012074 -0.273696166962522 0.715183744933716
-0.0355305229979466 -0.00851223050651074 0.313616900813001 0.478567119055861
-0.0333334270957611 0.0170383189004738 0.319242164326448 0.0832202926821225
-0.0130510122428317 0.0293241528983815 0.0928311157501833 -0.205944925004777
-0.0139882641527336 0.0172491270091633 -0.0753667640182502 0.139849117113427
-0.0373624161430365 0.00606214568861797 -0.224553037070725 -0.10737741333738
-0.0185564025968417 -0.0318115375756989 -0.213802688133559 -0.432821347265314
-0.0048575732243815 -0.0486910943378548 0.391090700273737 -0.526812862053566
0.0426861007975949 -0.0224476720961936 0.850457343080581 0.0652536204461911
0.038947898059058 0.0567954104163498 0.455355920983612 0.785387414104267
-0.036461166437969 0.0526146257522694 -0.178981531253053 0.62887162604414
-0.0520936173662121 0.0313432444822441 0.03007396926437 0.0635615309527223
-0.0166898291760054 0.0373554246036498 0.120448308852633 -0.589126428056045
0.0193745765653899 0.0357477108726761 -0.561072040853015 -0.784891794577627
0.0265594009315513 -0.000677493697534379 -0.949403638421114 0.0636106366739384
-0.0260202924329591 -0.0122669793795147 -0.274900612460676 0.721615060324814
-0.0336528442140685 -0.00649023607743445 0.315885083698332 0.483925537754974
-0.0266511440950984 0.0204319539765328 0.325618724597205 0.0858652197333608
-0.00749184113937302 0.0314472712662977 0.0984560280485534 -0.205060182211756
0.0104073352501928 0.00570605192846602 -0.0797004759454952 0.15522271235984
-0.0107932550106144 0.0140057063294377 -0.236969712869468 -0.0801726833811498
-0.0115711095135992 0.00970336730351792 -0.300902561466194 -0.41964954758869
-0.0166769201129381 -0.0123394046648872 0.233832758793245 -0.601570800760385
-0.0151602798589303 -0.0405693433460911 0.819931118860161 -0.12545631833318
-0.00784153918789749 -0.0137661442398302 0.611258374363002 0.642600244074412
-0.0293895289970326 -0.0306563670405884 -0.0497634117453352 0.625898179640293
-0.0174573882865181 -0.0446056785716048 0.0674583128974325 0.0744279550036449
-0.0101425248740117 -0.0489055766197447 0.219565300135149 -0.57666971393007
-0.0301526636144626 -0.0373660387966171 -0.40316570712879 -0.892429433546136
-0.0264286677360705 -0.0164983212020988 -0.957790049536382 -0.124300075537425
-0.0318314628725048 0.0216899299801326 -0.429160871625462 0.646739054214207
-0.0232962122351665 0.0329896557933394 0.224230115179143 0.498463042698069
0.00072001210845666 0.0275955483843634 0.310668603736633 0.112276924078761
0.0196363683386683 0.0176483052312378 0.0919971320010529 -0.188511795360692
0.0023346489710959 0.00565230425033372 -0.0815467867589687 0.154682973408513
-0.0218828809922641 0.011273573695215 -0.239156026993791 -0.0880503118544055
-0.0165867583764345 0.00240237200343613 -0.291111610760297 -0.428904006613642
-0.0128225241169733 -0.0230070567390224 0.261103254642276 -0.597090304695211
-0.00694504261959365 -0.0438177351811845 0.82950335637204 -0.0976081932677953
-0.00653254056630988 -0.00725542927705558 0.585639722598104 0.661821101587893
-0.0364171673928981 -0.0234618005592885 -0.0656059787982511 0.618472538306715
-0.0281420167341525 -0.039039057080236 0.0716203746564209 0.061662154768171
-0.0180339910766542 -0.0419180836316653 0.207980915822181 -0.593818283441249
-0.0289280963403563 -0.0294339127387606 -0.43137002930553 -0.886113631397053
-0.0168031141066746 -0.0170268228570909 -0.956744283987077 -0.0960890282768372
-0.0254375119243631 0.0126410559026864 -0.402657551128406 0.654220965671343
-0.0254179146045193 0.0239021321659281 0.237865582883471 0.490409421843252
-0.0100459409076997 0.021656379519975 0.307689628074554 0.103867885490968
0.0111386033154895 0.0168048813515919 0.0869635512009778 -0.193052575448066
-0.0052419100787594 0.00666366723098564 -0.0851620266423623 0.151431803215122
-0.0323081700476334 0.00835408929197812 -0.24056468139939 -0.094269210667243
-0.0208827316757789 -0.00725303244643252 -0.27901009723209 -0.435093159988127
-0.0093157241932703 -0.033905602624291 0.29364599809761 -0.588018935169296
0.00486472472547918 -0.0445572688371996 0.836230901274686 -0.0688131368000805
-0.00185919999452503 0.00266016722144804 0.555461718538231 0.681058968085094
-0.0424889500286018 -0.0121246146960658 -0.0881438228758568 0.609214910046178
-0.0379295619361356 -0.0289027132722523 0.0704373679145802 0.0509980163990346
-0.0254380516580101 -0.0288961071229533 0.188995902922939 -0.605525861215092
-0.0250649285252546 -0.0171096410644423 -0.469344357200073 -0.870066955863761
-0.00389416519117815 -0.0167116817724956 -0.956963671147804 -0.0574219298146146
-0.0194829240584982 0.00133121912135757 -0.364986384907929 0.668900214122405
-0.0286207312550513 0.0149265106945221 0.25581188389533 0.483841855049527
-0.0196035580158317 0.0169986739454351 0.30775482813258 0.0949816041939189
0.00169652821035087 0.0170097608775886 0.0844823147724582 -0.195333461688836
-0.0112011372693537 0.00888189195135722 -0.0862009439721186 0.149093637857671
-0.0399851271002181 0.00610137456276452 -0.24036173328696 -0.101114332687933
-0.023400142328752 -0.0164386838240455 -0.262517160997366 -0.4399852980258
-0.00492768427755149 -0.0431167516852719 0.324750321621102 -0.576155128293918
0.0171103122777353 -0.0438015694423054 0.844397320320396 -0.0342225456088774
0.00598567562463217 0.0161331370236589 0.524525729721834 0.707829515404095
-0.0460020056485743 0.00335045513403867 -0.110861143479214 0.606014750899707
-0.0472562110554211 -0.0158835955337522 0.0664359055097992 0.0444828439739614
-0.0308958284020452 -0.0127303944349892 0.168712252506932 -0.613993155316778
-0.0172082741139584 -0.00256639454060984 -0.506517444296366 -0.848211798573258
0.0068767109987684 -0.0158143356055056 -0.951708998885977 -0.0161204829496188
-0.0169818622392656 -0.00787893297166165 -0.33080096565126 0.683123074929826
-0.03143413424413 0.00558166845300654 0.275344000509102 0.476101136870926
-0.0278215401198614 0.0147422301577013 0.308936506644559 0.0869479626393712
-0.00709446672518441 0.0195869273573135 0.0834414803747337 -0.200005888828632
-0.0165949004801024 0.0111379577604533 -0.0860710548448214 0.145175889574933
-0.0454782924636322 0.00414642729567772 -0.238001020458309 -0.105821726656369
-0.0239858241125134 -0.0247601119657942 -0.24519036247114 -0.439961022895929
-0.00124076466224918 -0.0500420708263763 0.354754592588228 -0.560770375936946
0.0287873196930413 -0.0389932272970207 0.847127571814711 0.00368264850463268
0.01538901876339 0.0293249397783299 0.494091044581479 0.730989238496169
-0.0476547614183584 0.0186681749232997 -0.134725160143319 0.60379755765198
-0.0532899217053705 -0.000548526074242367 0.0590302767146641 0.0413853741331685
-0.032181489911065 0.0041991094161243 0.146911729319283 -0.615486284428099
-0.00699125066364313 0.0105315204562669 -0.540035333876318 -0.821926089566316
0.0164486025969284 -0.0137875779343571 -0.945809903046485 0.0235500462268667
-0.0168818482437756 -0.0147316537908334 -0.296721320995141 0.697931066142947
-0.034287110210189 -0.00184167035207665 0.294244409246974 0.473363537759209
-0.0338869061674388 0.013469910982349 0.311859987617044 0.0807124222178175
-0.0117497755506406 0.0226168392245813 0.0841378813740454 -0.2028007641808
-0.0184410410377988 0.0137217275065038 -0.083405246022748 0.142626679075657
-0.0462058294766782 0.00312935127847641 -0.234557533215524 -0.108153094911596
-0.0228183019832643 -0.0312215638443911 -0.230720317914536 -0.438155872824293
0.000598007822794203 -0.052529487393659 0.379911820168135 -0.545555998680499
0.0379835172108441 -0.0332762482957612 0.847724768289416 0.0356752273125046
0.0243994276115516 0.0419152286435265 0.467891847224872 0.753432707900747
-0.0461493134215618 0.0334033220819392 -0.154737804153292 0.608196172586353
-0.0564375262788927 0.0132671772777943 0.0502998084027608 0.0433495463655309
-0.0290335907059934 0.0198305947446941 0.126264672303987 -0.611504709743658
0.00312110347544832 0.0227902019811152 -0.565176293694688 -0.796986378541342
0.0223601246016808 -0.0112439879059054 -0.942345840911656 0.0582676208356403
-0.0196977731503186 -0.0179189402017127 -0.268989968828591 0.709225283562731
-0.0356449034181264 -0.00619310282155439 0.310634818744479 0.470153834174792
-0.0355235139925344 0.0149472955327344 0.315473775831817 0.0769419364725794
-0.0141288169930832 0.0263774143307271 0.0865515186657207 -0.204295494695032
-0.0172802767897445 0.0154138634809716 -0.0783105401655555 0.140808339892265
-0.0426896427240444 0.00416252380405009 -0.230334879306463 -0.106402853373097
-0.0213057300779384 -0.0330248422005601 -0.220928798995004 -0.432435935152963
-0.00143469758122729 -0.0523115712207751 0.384710877350094 -0.53388079589625
0.0430451005590624 -0.0273206029253074 0.848556322943965 0.0523111916822032
0.0334946859679275 0.05176707039915 0.459210762323406 0.767987542056537
-0.0423749873456407 0.0462281029203604 -0.166368814243139 0.616464304874714
-0.0562540449116998 0.0255607825741929 0.0396918142505333 0.0522374718368604
-0.0236291972506528 0.0312668921845186 0.114039262548322 -0.601693369864957
0.0130587603798426 0.0311240736829915 -0.571277729288858 -0.781739523022031
0.0263682067785214 -0.00607665501875496 -0.941457787714833 0.0716385436452574
-0.0233115613413788 -0.0174556890041035 -0.261897426381843 0.716920784143589
-0.0353869100929256 -0.00806451600784161 0.318091115216645 0.471571891746181
-0.0331357644799467 0.017892640124427 0.321054753390366 0.0783851304915864
-0.0119196141328158 0.0294772624932421 0.09047792918643 -0.205915998472763
-0.0138212977172753 0.0170110895039523 -0.0743346969642219 0.139900031290011
-0.0366781295102785 0.00724133997269881 -0.225685923377305 -0.104043700422637
-0.0189088266424453 -0.0319778097456023 -0.218853757124342 -0.426689190377526
-0.0058670593130673 -0.0476236123438664 0.384657036382788 -0.527848534124996
0.0423487905559902 -0.0224525344296012 0.846781984972014 0.0549407147163187
0.040295230353701 0.0561000318818941 0.46209801535879 0.77463440316987
-0.0365925422089056 0.0521903071600344 -0.171300682150487 0.628616091268624
-0.0514247570705808 0.0318858972434136 0.0304660596160822 0.0633980675959711
-0.0171593359886511 0.0371468908833582 0.112401249832296 -0.586473127264392
0.0198582629307508 0.0344633790376038 -0.56950578586989 -0.773562825759415
0.0263167268849691 -0.0011971262590052 -0.94501387216885 0.0759241918974401
-0.0265228636618529 -0.0117979874772014 -0.266201669056819 0.722249424410243
-0.0329562837110192 -0.00616605564133314 0.32084396621689 0.477724859311892
-0.0262496823931387 0.0208909378209102 0.325395823272984 0.0817704504295503
-0.00615408804517174 0.0313213877909956 0.0954787040108677 -0.205002398156704
0.00982969171186314 0.00568623681069087 -0.0778413291656186 0.155512535684487
-0.0108397749794248 0.0141623792172855 -0.238242506070427 -0.076936010070031
-0.0113383554374878 0.00989674378431401 -0.305891411347294 -0.413202322094954
-0.0173972502278089 -0.0116611646418674 0.225652153320819 -0.602497529211052
-0.0158219227928387 -0.0399757556801122 0.81581013799382 -0.132472034624956
-0.00737162561182378 -0.0140221384988129 0.614288006072691 0.634019268621443
-0.029246522736058 -0.0296031169828867 -0.0428924758559868 0.622495962220841
-0.018135271033504 -0.043535040114096 0.0683479910611844 0.0743774966008175
-0.0110227030245441 -0.0479841904324794 0.213013921339078 -0.574976691482346
-0.0308703827147824 -0.0361763955556658 -0.410859685223618 -0.8828945852561
-0.0257568716420483 -0.015298765077809 -0.954436334497725 -0.112852009082493
-0.0317228950307928 0.0219849715785806 -0.419896578593529 0.648117371666761
-0.023261008911776 0.0332776378354631 0.229994948031879 0.494126056216155
0.00201223369021092 0.027501782768861 0.311312008713498 0.106835702001264
0.0201195432262377 0.016579187974871 0.0897693040400237 -0.188559820432113
0.0032791418330043 0.0058642937365496 -0.0801535074667668 0.154419486133219
-0.0211582453292658 0.0121937934652716 -0.239876780170208 -0.0839498051533458
-0.0163596660352448 0.00258531223579897 -0.296092693909834 -0.421115433265165
-0.013440388414159 -0.0223763359023778 0.25331090302621 -0.597402471256991
-0.00760850412884035 -0.043777601373971 0.824104760516532 -0.106783110631453
-0.0065654530770515 -0.00776885042953886 0.589912026459369 0.652084973399668
-0.0358886042251899 -0.022642770138157 -0.0596885593698568 0.614000028495134
-0.0284766838223754 -0.0381952936588546 0.0716256199628546 0.0605663994749375
-0.0193529852512924 -0.0405545725833934 0.201434020492616 -0.591346527828467
-0.0296809179010041 -0.0288692215377962 -0.440306908945252 -0.876116095028615
-0.016317333510986 -0.0171376243328619 -0.955545421427954 -0.0853333874662861
-0.0245035277621875 0.0118099218438807 -0.393291839890896 0.657534170887684
-0.0258780296641932 0.0249526196261289 0.244231861273062 0.484938912219071
-0.00876301012405125 0.0222034481200203 0.307805038168141 0.0995880445370106
0.0117478752340829 0.0165641940784729 0.0852827740406415 -0.192805921315884
-0.00479521706191307 0.00681649394513113 -0.0835606138735006 0.151181638442324
-0.0316417428947057 0.00931327004098949 -0.241986459100195 -0.0913904321598624
-0.0203642378962901 -0.0059905339296058 -0.281270522855272 -0.428152366156009
-0.00918265097948217 -0.0337468804755537 0.285185175423321 -0.587987375410582
0.00301110892658528 -0.044626014498324 0.831151480382203 -0.0771463383976719
-0.00160744529148169 0.00263416785792308 0.559517010947818 0.672138720712717
-0.042373095679627 -0.0115540005491735 -0.0811212074079759 0.605252068253156
-0.0379978642678696 -0.0281684459513765 0.070240988618972 0.0502241496384128
-0.0268384640043367 -0.0278393032230109 0.182939313423148 -0.603960335893849
-0.0250826974698892 -0.0167459877383053 -0.476768608083467 -0.860535795738021
-0.00441687774599256 -0.0160640503607314 -0.952613359913771 -0.04829490531182
-0.0190132740551009 0.00253959960087905 -0.358332436104711 0.672008682647395
-0.0282574998421368 0.0147220002715157 0.261364248291983 0.478879690403992
-0.0191364858201328 0.0174256399166585 0.307537693551771 0.0909629861083874
0.0021500829672814 0.0173748124730526 0.0827784318479424 -0.195546050164762
-0.011186635986401 0.00897964628009097 -0.0843712944979473 0.148757394662288
-0.0398890959637557 0.00672648023162227 -0.241121213838693 -0.0970567470624401
-0.023024944565811 -0.0158012586034541 -0.263730891273044 -0.43314225706908
-0.00538200622369453 -0.0428544668553344 0.318191342785566 -0.576394169080995
0.0166215807126569 -0.0431671746259488 0.837621563271884 -0.0411396476533305
0.00569121567161462 0.0146246979143319 0.527306916814876 0.697366573922522
-0.0453414684116588 0.00426262946244749 -0.103060542547379 0.60304840143449
-0.0468709537629292 -0.014410080996722 0.0660232186264356 0.043530415398743
-0.0313576327438783 -0.0115414108789366 0.161642095294514 -0.611401109991112
-0.0178838456758804 -0.00270765609127257 -0.513672096915094 -0.8390927236883
0.00721413058697438 -0.015968608898049 -0.947132834694553 -0.00789566421451398
-0.0165110241853729 -0.00699741044423643 -0.322424946527709 0.684073142685755
-0.0314288422029309 0.00577396645380279 0.280668460884392 0.472186934887775
-0.0277326188756105 0.0149018842708876 0.309197434396821 0.0833502582636686
-0.00567837614328852 0.0190923729272075 0.0812427565143425 -0.199221169882639
-0.0158431312105367 0.0113825708215155 -0.0845591059959334 0.144750877331438
-0.0447439859557551 0.00467343490710837 -0.238579790865181 -0.102306050408885
-0.0239023708198691 -0.0247536026332392 -0.247145815061098 -0.433242845096716
-0.00193536035776323 -0.0491044719874472 0.348467502259183 -0.560131035254113
0.0286861538624121 -0.039305221339325 0.843376673591913 -0.00369096066717409
0.0158712170237897 0.0291597638735022 0.498295921064433 0.722667517587245
-0.0468755160467101 0.0199845281229782 -0.128036970965213 0.602594657199794
-0.0536390052751191 0.000730108593067922 0.0590113105869245 0.0412899234182788
-0.0321875163872588 0.00489042509535395 0.139052742702631 -0.611806212406438
-0.0071206291849762 0.010198662221451 -0.547445536893734 -0.81100818200069
0.0165945460315117 -0.014306047131147 -0.944077486706158 0.0346510460692188
-0.0173921574418743 -0.0146550303338097 -0.286887314288648 0.697274602758729
-0.0344301474204301 -0.00162323130297189 0.298926791129765 0.466441996398273
-0.0322720822223294 0.0143908203963669 0.311905897029349 0.0773135210055613
-0.011482611009972 0.022670711256296 0.0816921419580626 -0.201431905459144
-0.0178048427089681 0.0129193688869918 -0.0818494053063214 0.14332181869818
-0.0459020300395279 0.00425298962601851 -0.235445802210015 -0.105030455282975
-0.0231018778393803 -0.0308204475092693 -0.232741122085871 -0.432456771352875
-0.000633853382735761 -0.0520847917224692 0.370823958522629 -0.544635189322477
0.0377792214747594 -0.0337843543667832 0.84525801409767 0.026379852642254
0.0252479741530714 0.0414784104814944 0.474950114934906 0.746756496901592
-0.0459961936114972 0.0347124559369692 -0.14893429594759 0.605748485242384
-0.0559933757939048 0.0142637919817664 0.0497612810925331 0.0431529676400116
-0.0295005814657863 0.0195490868025557 0.119100703113741 -0.608197550986851
0.00339035022908189 0.0217504146054234 -0.571347261356929 -0.786052949801509
0.0224048328778764 -0.010947900667613 -0.939414510198513 0.0688069716857929
-0.0201050996330281 -0.0182346742891663 -0.259958342661768 0.709955420726015
-0.0360354125299611 -0.00577738273791161 0.3159330410656 0.464163998790068
-0.0345120369261272 0.0156235781956755 0.31582012487908 0.0734369232323419
-0.0128725270724027 0.0265109456091335 0.0842317578366774 -0.204372269418533
-0.0168467250898164 0.0152787632243843 -0.0772739259371618 0.1406896243382
-0.0425955154394592 0.00460984071275042 -0.230813349783019 -0.103461017811993
-0.0212965609002679 -0.0326497923851601 -0.224345139377867 -0.425968382182284
-0.00156520645716889 -0.051216620344135 0.379369777357848 -0.533827343554476
0.0427520724646513 -0.0280077625561469 0.842638837069226 0.0408679073932169
0.0335581061733123 0.0503350474352182 0.463760868112933 0.758815512184037
-0.0419558375544402 0.0465143240300978 -0.160232258830053 0.615248977036705
-0.0554681721895178 0.0260283547430508 0.039525568766356 0.0516945348736751
-0.0240143383665071 0.0321380860036014 0.107647536719132 -0.598251530702842
0.0132410657976031 0.0304766151970185 -0.576568375828722 -0.771588124371157
0.0262984497439004 -0.00630311243485472 -0.937933201303861 0.0822109527658268
-0.0234272619138062 -0.0165444151736329 -0.252600455325504 0.717699928105539
-0.035585026315483 -0.00765045241371202 0.322415561077933 0.46624499745303
-0.0310169817410005 0.0181517782479698 0.320874733070403 0.0745097738152733
-0.0108899302590569 0.0286703992880822 0.0879663974008865 -0.205184655064678
-0.0135425944425201 0.0172229231549501 -0.072171244261532 0.139609543203845
-0.036532195140425 0.00727078494471249 -0.226298156339383 -0.100702519190153
-0.019073204000086 -0.0305190389986345 -0.223228691449743 -0.419443391724437
-0.00629038866257519 -0.0465292932797161 0.377226585574547 -0.531376184075295
0.0417872387694437 -0.0230037577675035 0.84415281129323 0.0477584988035973
0.0405447093663501 0.0545171388109222 0.467540067614092 0.766076783377023
-0.03494484457727 0.0525631730507117 -0.162938981004277 0.626143161797918
-0.0506368996826886 0.03294364601085 0.0315655128221589 0.0635145974979555
-0.0170431100819816 0.0381606719992854 0.10581508840049 -0.583752411456717
0.0196726315038396 0.0341889459015445 -0.572731894756861 -0.76316329896615
0.0264944842607251 -0.00070547108974962 -0.93827523062973 0.084018308164232
-0.0268748376052032 -0.0117621647973439 -0.25657046046966 0.722504413453724
-0.0332398190886845 -0.0055084099611915 0.325846000955749 0.471036388776256
-0.0246810073954024 0.0219337354051394 0.325970081550717 0.0781704109751109
-0.00575033262535857 0.0309335774019183 0.0936491498763425 -0.204871596870295
0.0104449640783543 0.00536310253814324 -0.0753576929874877 0.154722854058844
-0.0104100248102921 0.0149885878160744 -0.238267587720852 -0.0740770602259533
-0.0109946169031024 0.0106383446747282 -0.307262593367037 -0.405678180795022
-0.0176495574621915 -0.0108987489937496 0.221131681170146 -0.599747755578196
-0.0158339750992637 -0.0397135289015828 0.808544391683509 -0.140842468834772
-0.00668400653150627 -0.0141244591634504 0.616456486114783 0.624269650695837
-0.0290593626283835 -0.0284142638406074 -0.0361911360962983 0.620129095293005
-0.0181514536183063 -0.0430239342423818 0.0690006143653344 0.0732656715598581
-0.0113350481734982 -0.0468705812718302 0.207023320707859 -0.57109331164427
-0.0313866886241438 -0.0364497854308539 -0.415392851022972 -0.874188334318594
-0.0254548194143199 -0.0157751250023111 -0.952680873955402 -0.10446649717089
-0.0312938126720943 0.0226725818404818 -0.411332722980114 0.65037112899534
-0.0233217128705128 0.0336403118094516 0.23256839785294 0.488681172008406
0.00314373544360304 0.0282011403146636 0.310899735478916 0.103862528357636
0.020868751880489 0.01729318949378 0.0882000297900554 -0.188033105527421
0.00303864061065933 0.0052445832121877 -0.078315619672697 0.153562541764318
-0.0208956145810554 0.0124997069148709 -0.240463737193406 -0.0816496677879574
-0.0155933301961945 0.00251227492881271 -0.297512571949503 -0.413674145877168
-0.0136438483266428 -0.0216488671533872 0.247313842846695 -0.595127637732645
-0.00766166786635111 -0.0430110538671949 0.817782969541306 -0.113843592117877
-0.00593677899246844 -0.00816474901288314 0.592848217235629 0.643164860530871
-0.0359680164036296 -0.0211871859155814 -0.0540782645382762 0.610305149741177
-0.0275825681354085 -0.0369942038773799 0.0716139438446891 0.0592536685078907
-0.0200368151832109 -0.0392704963537654 0.19516412514722 -0.589735970031554
-0.0304996845245362 -0.028416571799707 -0.446732229623192 -0.868780304123678
-0.0166621876184482 -0.0169876143896551 -0.95132289997345 -0.076276129287212
-0.0243850858547105 0.0125100406364938 -0.384794732857736 0.657219191861307
-0.0250716151195721 0.0247483043375389 0.246714215265955 0.480630006900596
-0.00801292900813333 0.0223335156699952 0.307790385193395 0.0959790788822906
0.0125315578747797 0.0154362665321562 0.0827511852288327 -0.192239314970175
-0.00448880136602346 0.00679537324429534 -0.0819442819143856 0.150594840096383
-0.031218958927559 0.00973018136983433 -0.242410080539178 -0.0884319438228069
-0.0201197422075118 -0.00606650008222202 -0.285827554422111 -0.420815862569318
-0.00975919201977459 -0.0326187641501967 0.279160978523799 -0.587880796370776
0.00296038269404466 -0.0444502692739364 0.826348086344799 -0.0864519785468293
-0.00100616731656115 0.00163574863058126 0.562872968755828 0.661895038880025
-0.0422424999677038 -0.00996550769728148 -0.0750638441437854 0.601561827804937
-0.0378168099206394 -0.0269080759465757 0.0714539336897111 0.0493193931099666
-0.0275412833801185 -0.0272165502747914 0.175113501691165 -0.59930915692421
-0.0255885888445055 -0.0161194824806208 -0.480268498847208 -0.850518721410769
-0.00386482905517186 -0.0167076160948271 -0.948186735311975 -0.0386207326799769
-0.0187181669263475 0.00222706420252929 -0.348956569993985 0.670594438000121
-0.0277669489931892 0.0156074239110627 0.263825654628869 0.474061306572971
-0.0183558210032856 0.017886608142511 0.307640906299825 0.0878039130151782
0.0033664681408065 0.01672110481593 0.081312727616022 -0.195641656613038
-0.0107051930111615 0.00880957442534253 -0.0827543276967866 0.148476652462915
-0.0390071223512332 0.00660671560518316 -0.241730330743358 -0.0945924417579681
-0.0234000579053291 -0.01515201109216 -0.267981154759409 -0.425163195273867
-0.00627492545313049 -0.0422944892192291 0.312238863001775 -0.575549332902931
0.0159842995201981 -0.0434490108111504 0.833065706994614 -0.0494712529905491
0.00604651742537019 0.0141774336454226 0.530334803364648 0.688783825107273
-0.0457111806226596 0.00481943837564693 -0.0986101585738499 0.598272157694104
-0.0461873936703633 -0.0134293921818062 0.0667064946223878 0.0426454319853854
-0.0316279966971529 -0.0122885051339337 0.155183144647462 -0.60627257335084
-0.0170041615421216 -0.00271490701757268 -0.519464938176289 -0.829480346788658
0.0068589511768408 -0.0161112180817846 -0.94293427323261 0.00269652863746145
-0.0168017637633339 -0.00658578247276726 -0.313927448356578 0.682946405526913
-0.0310923033667938 0.00681301030897109 0.283562185300071 0.46664850018254
-0.0263038532424462 0.0156903745314247 0.309954201275297 0.0808177108160581
-0.00460776833964942 0.0186474058671008 0.0797640722452053 -0.198508739166454
-0.0157185219676857 0.0114806162706964 -0.0830966713617744 0.144735342494388
-0.0441022355112579 0.00508705939210736 -0.23895255655174 -0.0990900241997335
-0.0240528542135932 -0.0236819515316667 -0.251270871842687 -0.426423463726691
-0.00293695469638221 -0.0485195143240417 0.341078548990196 -0.559944648753073
0.0283510236571341 -0.0394626489000359 0.839117946365217 -0.0133107679233881
0.0165766417418934 0.0278031698509815 0.502289632215357 0.711908696720185
-0.0468927735949598 0.0206218243833312 -0.122702443009771 0.599064333812562
-0.0530512036510485 0.00161221361484016 0.0587533719508774 0.0405270725272881
-0.0323477501652704 0.00565240466277627 0.133598442553615 -0.608608356145335
-0.00722455880124948 0.0106959692220202 -0.551732416002601 -0.803253410227469
0.0161157710025449 -0.0139176238584837 -0.938300905506352 0.045049722468988
-0.01710788843988 -0.0141399994149505 -0.279245508949845 0.69776660915173
-0.0341656288771581 -0.000557376996637368 0.302599879531888 0.461076415145755
-0.0321918442996231 0.015232559686206 0.311657841224405 0.0736517405982725
-0.0104485083494411 0.0211569024806369 0.0798984473624039 -0.201061750633714
-0.0176131981155299 0.0134151605127367 -0.079990088275674 0.141923315944263
-0.0449948425863182 0.00494026267472545 -0.235963067294811 -0.102173238375448
-0.023027498226377 -0.0301032808414981 -0.236008907499753 -0.425601256028992
-0.00133693575516785 -0.0514193682238628 0.365033347051555 -0.544746932351633
0.0370410605966279 -0.0330866606482833 0.841785506662022 0.0182187939361454
0.0250035763676217 0.0400481764200432 0.479644662144676 0.735446249839564
-0.0453344506748016 0.0348484352408167 -0.142754031704773 0.602688316072711
-0.0559046477464603 0.0148860633985824 0.0500668315709898 0.0420132441338374
-0.0293528466061483 0.0203705083723195 0.113262169824989 -0.605601281991342
0.003322978981581 0.0216548550216086 -0.574725329409291 -0.776144849877051
0.0229306647132174 -0.0113292574896185 -0.932508743541044 0.078377492293783
-0.0194900826741112 -0.0172441240530527 -0.250656158538209 0.708076482244015
-0.0355931133404662 -0.00531198453307048 0.318516323447888 0.457923882314698
-0.0335892645217291 0.0161530029677888 0.315676352589526 0.0702110622463864
-0.0119764267426744 0.0260536000496341 0.0826423716803131 -0.203467403763025
-0.0163253537396601 0.0156624646126973 -0.0756958658508316 0.140198140457159
-0.0416004506467381 0.00600312152343584 -0.231066092519098 -0.10052574581196
-0.0212544289497285 -0.03253042191301 -0.227368611021136 -0.41803383737597
-0.0025447514149527 -0.0500610161478878 0.372455990017576 -0.533914830964564
0.0420681850365144 -0.028328843904584 0.839908916707803 0.0343530888772061
0.033980476355197 0.0495259827861047 0.468811670825572 0.750344813070963
-0.040800740678493 0.0468481677862494 -0.153990393492571 0.612211366230664
-0.0546061752602872 0.0273140722368323 0.039808535112093 0.0506144524848339
-0.0245566131220206 0.0321550393459589 0.102475928355696 -0.594115556090314
0.0129268542431911 0.0303878778048482 -0.580418626428674 -0.760073982650704
0.0264290201296182 -0.00697133994719201 -0.93298634999767 0.0900194804484506
-0.0231144160944755 -0.0162891343356491 -0.244662814070153 0.715966113922323
-0.035610218434923 -0.00738790361074277 0.326119563873337 0.460715999818072
-0.0310702565007916 0.0195359056645641 0.321449482632276 0.0707135294933307
-0.00973212354947936 0.0282577475013123 0.0866364797376007 -0.204819895586136
-0.0128954713308468 0.016839696546451 -0.0716365363921137 0.138497516680928
-0.0358697304597074 0.00808181403666262 -0.226408712213779 -0.0975176976047539
-0.0191519487894335 -0.0302774455774773 -0.224631248681557 -0.412394708336671
-0.00722235562318273 -0.045976685850312 0.370370026622687 -0.531201770863355
0.0414351056809221 -0.0232323639762475 0.839607768333195 0.0378245395030337
0.040655997812244 0.0530898329358652 0.472243290962962 0.758627537890831
-0.0341552496831388 0.0526684545973813 -0.156806524697505 0.622856601927596
-0.0494339518415856 0.0330804846392022 0.0313369617728726 0.0620555220569694
-0.0166157468752268 0.0385013856014703 0.0994385302564633 -0.580058789986054
0.019926815650856 0.0337225582598509 -0.576454361306406 -0.754638249256091
0.0259111241925729 -0.00179460011492841 -0.933489253187493 0.0952620115627928
-0.0265940467842697 -0.0108660913127386 -0.247726601877632 0.721864856847281
-0.0333515785483114 -0.00476267879988693 0.328657717335923 0.465019731117956
-0.0233805131763311 0.0215307935233822 0.325938306724367 0.0738767331882958
-0.00490487916752841 0.0304290840089811 0.0913924196835003 -0.203252481549373
0.0103086969826252 0.00456731921281664 -0.0754244462980753 0.154615952374487
-0.0104270265202898 0.0148233279028849 -0.23820687057717 -0.0720543091124727
-0.0103018018969637 0.0105770691945006 -0.308510967753858 -0.398128224066551
-0.0172154252797767 -0.0100264710721709 0.213306649589725 -0.596916226789949
-0.0166404870835235 -0.0392773866684646 0.802322990942054 -0.145609591546998
-0.00668285699768783 -0.0155315314259113 0.616274539669587 0.616920439093544
-0.0296463986803351 -0.0280702822255212 -0.0314479074286403 0.613919158372531
-0.0186502407318006 -0.0416278954643921 0.0685285871593439 0.0715981619466556
-0.011885600484151 -0.0458568639572559 0.201548304891009 -0.568805180106939
-0.0314823557106311 -0.0364857895393422 -0.421475938764149 -0.865785125698448
-0.0260841465016156 -0.0158267172645298 -0.946999045052992 -0.0967835621225865
-0.0315022259000328 0.0228449979801359 -0.403140628872302 0.648631552824975
-0.0226749229668522 0.0337835222226456 0.236394431160154 0.483736699577818
0.00313632228167375 0.0283953929211483 0.31036358159152 0.10139211927357
0.0220621410623596 0.0162273941429372 0.0867062583306201 -0.187290325519112
0.00377268224532174 0.00497828176921375 -0.0773131579276718 0.153158828186417
-0.0205188566401537 0.0129450924862824 -0.24028140040918 -0.0793571542079991
-0.0155938981089926 0.00316063501618313 -0.298970535168315 -0.406744483249258
-0.0145111883931605 -0.0210647362332773 0.24103912886734 -0.594026720579799
-0.00858478559143113 -0.043015896552395 0.813102321320115 -0.120571481018289
-0.00598970157404766 -0.00866157276781679 0.594317329843769 0.634345373787038
-0.0361867996744984 -0.020646420564097 -0.049766785112009 0.607092655578139
-0.0276436636507945 -0.03622437073857 0.0724491497390331 0.0586157233724497
-0.0206135596579905 -0.0388261334830738 0.188937611742881 -0.58436980006221
-0.0301337150058595 -0.0276883568809773 -0.449011373330405 -0.859952095203993
-0.01571503437424 -0.0169624877567872 -0.947215474220383 -0.0673097170115177
-0.0241933192838263 0.0128247613331008 -0.377280883439074 0.656522416780454
-0.0249552316780975 0.0257383715770531 0.249255708563791 0.47411266506971
-0.00721619590044579 0.0227534009480624 0.307991472526071 0.0925446751798415
0.0132581540796549 0.0153000084001069 0.0820916317444553 -0.190826866205163
-0.00459251877909348 0.00706804533387299 -0.0804907181720657 0.150326845880327
-0.0308233158532392 0.0104298194721747 -0.24247230857241 -0.0855096826605854
-0.0198751915892915 -0.00559988062417073 -0.285914264144971 -0.414612755757984
-0.0101296104747721 -0.0321221763262273 0.274438838905654 -0.585445248885572
0.00255484423890069 -0.0442932780047282 0.820233379834846 -0.0918380710541195
-0.000776271342627241 0.00104406637786721 0.563933930338279 0.653210716419179
-0.0414480837005379 -0.0092096116116543 -0.0697983169399277 0.597862753625533
-0.0375011979997319 -0.0262777229227236 0.0710194487872902 0.0480466792696931
-0.0284771472785602 -0.0267281070317871 0.169296685957011 -0.597348899492755
-0.0264121003961317 -0.0159981546847403 -0.487888342186814 -0.842667122944993
-0.00404461962048943 -0.0163723239116547 -0.944357074012146 -0.0293333934519059
-0.01927368718712 0.0026294603551532 -0.34005450417581 0.670055458508479
-0.0275534662263217 0.0155794108744271 0.266424638278533 0.466577830525513
-0.0169300997827062 0.0179759097673542 0.308164213617966 0.0847534078823195
0.00337659295607564 0.0160885714246416 0.0791375345459211 -0.194118685387672
-0.0109236212333259 0.00833614933128342 -0.0814629983505079 0.147212831217748
-0.0393329338831077 0.00776716712166992 -0.242038543610076 -0.0909961977298609
-0.0229552568984967 -0.0152027434745311 -0.26859610962385 -0.418890788931456
-0.00642665330404253 -0.0413501188071234 0.306812343045189 -0.573139026958997
0.0151043087666893 -0.0433290066822729 0.828742908712208 -0.0554741385007347
0.00673204994227109 0.0132202206736972 0.534508098713829 0.681253808244262
-0.0450148241816816 0.00573256777234889 -0.0927278410974042 0.596404112367442
-0.0460355056899621 -0.0127431508405572 0.0664382424804111 0.0417575085908367
-0.0324795383272792 -0.00995326035807604 0.149514820758106 -0.60368689675084
-0.0173397257037636 -0.0025090724278193 -0.521039477257938 -0.819885491574928
0.00700522401123341 -0.0162914500903008 -0.938126303655852 0.0111096138210291
-0.0173527807085344 -0.00668798698844559 -0.304159725980275 0.683520102192285
-0.0309218907788198 0.00733659419992229 0.286899553952744 0.460858708484152
-0.0251066969664902 0.0157331996595555 0.307753072572555 0.0775282835525269
-0.00416238883483589 0.0183799529276506 0.0776093041530562 -0.197991132214511
-0.0147190899495563 0.0108553963379605 -0.0825642587925278 0.144109985414378
-0.0441216517584009 0.00601091546041362 -0.239281462059702 -0.0971535449888001
-0.0236028524041909 -0.0236128359525412 -0.252646081051656 -0.418994085273331
-0.00363059585695353 -0.0478969187530602 0.335205353080841 -0.55941571086874
0.0276947441110697 -0.0393827944659282 0.832545822283581 -0.0196882534701466
0.0164632309934934 0.0268151746225965 0.506185365649716 0.705365645080429
-0.0458882192815942 0.0204958381446494 -0.115975713068091 0.595668037131
-0.0529662556661167 0.00240982937536836 0.0588943009338258 0.0389706054473057
-0.0325409359942497 0.00677086922510004 0.127523416787628 -0.605363403213729
-0.00749435679410487 0.0109404444816277 -0.553373582426278 -0.79310488813623
0.016586066014574 -0.0142604725503011 -0.930649292221171 0.0505481151448414
-0.0172932322033658 -0.0140078339918535 -0.272558345999402 0.697455787541825
-0.0338259555884612 -0.000705449442611899 0.304421278119998 0.456050446111786
-0.0309712219772822 0.0149641451292572 0.310392925417706 0.0710109663467973
-0.00916267705950149 0.0221526698513797 0.0786250315519666 -0.200125579058372
-0.0170480151876339 0.0132726969470207 -0.0788893013987451 0.140895644900761
-0.0451233573374785 0.00491984425298882 -0.236725158263131 -0.0986176881898603
-0.0231836731644985 -0.0297984677172849 -0.237859456526368 -0.418852796320495
-0.0015074826806323 -0.0508300143479517 0.359560526718194 -0.545329856848558
0.0367881641918249 -0.0335557985190641 0.835251045582981 0.0123884148111419
0.0254411857860539 0.0383344040959247 0.481653045657032 0.728751403458371
-0.0446197777052376 0.0356774809869055 -0.136677350697429 0.600070248018681
-0.054822710633918 0.0158101653775814 0.0501994720414492 0.0416180342315027
-0.0298206473147624 0.0208690546948132 0.106708212814299 -0.599866831004703
0.00285099167418731 0.0218101567861848 -0.579676738627877 -0.768135633477231
0.0227692367152378 -0.0119180360660849 -0.926325270641921 0.084347388492076
-0.0195739712945097 -0.0166689513300929 -0.243919737720319 0.705823955310695
-0.0355917188338515 -0.00456860818041952 0.321747628484377 0.452705727628296
-0.0324698546737197 0.0168834409841426 0.314053916246926 0.0663326219277376
-0.0113647208256716 0.0252115543713917 0.0804748418663168 -0.202277311760516
-0.0164018183910475 0.0154557903908016 -0.0748778145736434 0.140258879023878
-0.0417810751569143 0.00595381280742319 -0.232255057956349 -0.0973089036570648
-0.0213867313332836 -0.0316762941348562 -0.230302808412536 -0.412138211286712
-0.00288690802217741 -0.049283263055159 0.366938582510931 -0.533441446239152
0.0414508610642086 -0.0281297583862173 0.835707916605027 0.0272987140330337
0.0344449907300359 0.0478019765543528 0.471273672042214 0.741531850952204
-0.0404223881222876 0.0468748659921954 -0.148371401403418 0.608653543586809
-0.0539545372733475 0.0277005416267766 0.0399372205908403 0.0505397558397952
-0.0241449642583427 0.0323903230984668 0.0962277851882215 -0.59006692532151
0.0133413950612738 0.0298411502972972 -0.584226781489498 -0.753466481590577
0.0266443185171768 -0.00740151930294411 -0.926210120114141 0.097641301137734
-0.0237361168624501 -0.0158466283480427 -0.236455839434796 0.713302649243013
-0.0361349053628799 -0.00584516466155745 0.328414515460681 0.454618446932403
-0.0296431632606321 0.0188631462656061 0.320001259174512 0.0681685982397055
-0.00858977444402917 0.0274507749091501 0.0843923249746874 -0.204206877129514
-0.0131440393647292 0.0162275538168333 -0.0707075446394062 0.138232312237892
-0.0354420621345426 0.00910338926782705 -0.227665896340848 -0.0954896401893828
-0.0189111949200907 -0.0302180420931616 -0.227076763421923 -0.405538153864538
-0.00758341185233055 -0.0452905141709435 0.364570367291438 -0.529803694990353
0.0406678736963423 -0.0236408289869361 0.833295108323942 0.0312670942730519
0.0407734899211015 0.0517446146106164 0.475034347557532 0.750657345749754
-0.0337782597575447 0.053331108060063 -0.150670336516944 0.62095267391242
-0.0490850769027682 0.0339441851765643 0.0318647823687132 0.0617683450728733
-0.0166273917783757 0.0384253587725477 0.0947123792284918 -0.575983021895665
0.0190829479653168 0.033774910735913 -0.578825666768566 -0.743880756593915
0.0263274888363689 -0.00221030881918212 -0.926896367523391 0.101050038752892
-0.0269861046245032 -0.0110798883381658 -0.239870466126379 0.719233333110315
-0.033368043002909 -0.00468562451895951 0.331705114193732 0.45941046536106
-0.0230258137451249 0.0225258611764711 0.325678813370084 0.0707709979471826
-0.00373277186176419 0.0295059017024048 0.0904679477662107 -0.202677239520556
0.0108528868181754 0.00451165063926097 -0.0740343922038251 0.153342334775279
-0.00977453884241383 0.0152226924278882 -0.238448524838972 -0.0695195438574196
-0.00983971655567688 0.0102791695535086 -0.310375286244105 -0.392411456009449
-0.0174941997568851 -0.0092058852630591 0.209655507667304 -0.594492630015625
-0.0163335279196194 -0.0392756336588882 0.797249404179666 -0.149420816788359
-0.00644737536963754 -0.0158878102155145 0.617494145079105 0.609028967559987
-0.0293096720371586 -0.0272900664397002 -0.0274121778856216 0.611318603941939
-0.018264160351566 -0.0408152295867084 0.0688585083600798 0.0704692848151652
-0.0133586887873248 -0.0456545872926793 0.19727023387728 -0.565524046618634
-0.031909282775883 -0.0358022590939427 -0.425295642610394 -0.857748796703543
-0.0249994921228063 -0.0158826664688294 -0.943422070169684 -0.0889966294110689
-0.0317585419821566 0.022480423600155 -0.397404185343652 0.648845088739281
-0.0224621449043694 0.0339988926008483 0.239267772068123 0.479854957345741
0.00422094855045612 0.0284409360059393 0.310576906197392 0.0980291438745523
0.0227071124395665 0.0149176863777544 0.0853504382349956 -0.186713602675878
0.00363889033621917 0.00488326329482691 -0.0767487825608793 0.151887545040193
-0.0204322518951081 0.0126532932518322 -0.240871161234235 -0.0772058109058361
-0.0151244077059006 0.00362784645659988 -0.299949508692706 -0.399683852125869
-0.0140099121953834 -0.0200818727677785 0.236433364257965 -0.591377052152988
-0.00845214329608743 -0.0433699952560933 0.807796026916535 -0.126021938815013
-0.00566053213411496 -0.00913928702531104 0.595195131148942 0.626794759449864
-0.0361979290041953 -0.0198711143265439 -0.0444722242749831 0.604098004585901
-0.0273395201459531 -0.0352966841781786 0.0721417447410903 0.057445472400612
-0.0216107533775875 -0.0386130207887969 0.184493136860509 -0.581347659864189
-0.0310237642934951 -0.0272015161838696 -0.453413040237133 -0.851717007324142
-0.0153068905564875 -0.0172213310438361 -0.94216426691941 -0.0611573480661265
-0.0244264237776847 0.012976192016171 -0.369728904802755 0.655836870288162
-0.0250069976479022 0.0257228001705891 0.252986742121948 0.471773783890262
-0.00623309211577119 0.023078716737121 0.308205291362139 0.0909340952313513
0.0134119706772905 0.0149887934407526 0.0806647973153361 -0.190672789418289
-0.00403671408551157 0.00664810155966376 -0.0796694629020341 0.149812176128169
-0.0307471850883917 0.0109615692636934 -0.242641911607022 -0.0831219678118887
-0.0196368410755901 -0.00533883171473241 -0.287133083827976 -0.407663227290603
-0.0107845956327517 -0.0307414041258296 0.269354020954962 -0.583659653494291
0.00195227123809631 -0.0444808328801848 0.816300570801565 -0.0948959388854104
-0.000414467095428892 0.000650923177284917 0.565692036511441 0.646772717954741
-0.041761722005285 -0.00934341401351395 -0.0657416042229973 0.596236986726414
-0.0371574193796362 -0.025453185788302 0.0701464207713185 0.0476292678889582
-0.0287043039331806 -0.025750029283847 0.165426704610622 -0.593543191487376
-0.0265337698295124 -0.0155750912652483 -0.488709347056315 -0.833107505389135
-0.00404537399131273 -0.0175114501220539 -0.939404552489403 -0.0246798453169087
-0.0196052536743194 0.00280637021310779 -0.332503447070572 0.669158503836927
-0.0278552679538219 0.0162270733225076 0.26828095947849 0.463751997403188
-0.0169839449479503 0.0192098914309365 0.307550102016571 0.0816840866231334
0.00413600850557779 0.0156928442802123 0.0781109594637676 -0.192794109660218
-0.0107745582889947 0.00868825286708248 -0.080490221542265 0.146439531691348
-0.0383845119624474 0.0083819518573251 -0.241927061624433 -0.090040235199866
-0.0224541276160023 -0.0145904583632825 -0.271099340452839 -0.412129754656351
-0.00695177092631106 -0.0402165318158413 0.301750452938456 -0.572613362410249
0.0143651899140116 -0.0432914163332292 0.82241184866658 -0.060087345331535
0.00710797250516638 0.0122521326862916 0.534826700028119 0.673234047834659
-0.0447072860664985 0.00608359660656273 -0.0891659720200091 0.592649793058876
-0.046130585137984 -0.0119094106657634 0.066103005269774 0.0410520202415776
-0.0325726905332987 -0.0100040159965472 0.14342546659056 -0.600884405336303
-0.0183405754201999 -0.0016728359006264 -0.523521455830299 -0.81168647225047
0.00711602755830502 -0.0161648802868325 -0.933412236231378 0.0165014778846314
-0.0173409660498543 -0.00713938340436499 -0.299636372751478 0.681414621271718
-0.0308332733641812 0.0075558220232098 0.287926667203468 0.456100080266097
-0.0247650615321147 0.0160666656685364 0.307891496716698 0.0749659434674826
-0.00395864213531081 0.0179975814540067 0.077485392355294 -0.196861718852039
-0.0149268518086066 0.0108599169200042 -0.0805242185931083 0.143071241664477
-0.0431509165565527 0.00636284213092808 -0.239874533357077 -0.0941909034633777
-0.0239031702022397 -0.0228901331426944 -0.253982059951127 -0.413788884472736
-0.00372094344773257 -0.0472294833216672 0.330045425650612 -0.558472458447463
0.0268817537095529 -0.0390795006761469 0.829011986382836 -0.0239008065626077
0.0166520598474055 0.025555267776349 0.506090121510427 0.698165068206452
-0.0455144936312481 0.0216670828008358 -0.112812283334104 0.593272589356405
-0.0516338476700532 0.00305201058872526 0.0586409292351179 0.0387547341458382
-0.0334355321956229 0.00668511709272016 0.121254376475348 -0.602405184071728
-0.00799580662138561 0.0105992820896354 -0.557043701764423 -0.78400803951984
0.0166309575929278 -0.0147068910939376 -0.92952789454768 0.0560020413380304
-0.0179109289508469 -0.013345793403719 -0.264163389366516 0.694346931616633
-0.0341437605812985 -0.000199912697683224 0.30711623060669 0.450766513683304
-0.0303268328070384 0.0162032211322847 0.30997544499344 0.0683438115621122
-0.0087176043449728 0.0212020028614209 0.0775457116095599 -0.199073567170666
-0.017196462341282 0.0129620070813232 -0.0780213193611924 0.140572830303255
-0.0440520618114798 0.00601147069612311 -0.236744708086376 -0.0969801199796595
-0.022738665486259 -0.029475692953643 -0.238797131395109 -0.412400272564549
-0.00228713772008527 -0.0501534124243318 0.354641954544761 -0.542924652461871
0.0360886489405138 -0.0339763441661737 0.830858175600258 0.00586801777244266
0.0260232836978271 0.037970730267591 0.482676204073731 0.720679784611829
-0.0442426476013333 0.0359182741757441 -0.133246142389071 0.596470280713969
-0.0535740429408202 0.016539895017084 0.0503524890742699 0.0410233234136335
-0.0296881470552774 0.0211212566195209 0.101207771753948 -0.597928997788022
0.00255715561760503 0.0219783720912867 -0.58149413379528 -0.759164181979655
0.0224614809066767 -0.0118384261468731 -0.922883680078255 0.0901782593270725
-0.0199724662843543 -0.0163327012493164 -0.238566040173189 0.705658655904121
-0.0358935716475999 -0.0042942041264247 0.323418073151364 0.447899580742839
-0.0315351532143322 0.01704097991432 0.313333000422053 0.0638463788706639
-0.0100396208476382 0.0247791695416438 0.0795628624117822 -0.202025200446336
-0.0162782181558333 0.0151694953177723 -0.0734298719234285 0.138940882446855
-0.0411460223119895 0.00685901266493673 -0.231940910984701 -0.0948026010358905
-0.0214620148728587 -0.0316712666877971 -0.230912891194341 -0.406401068464487
-0.00315871981029552 -0.0489885644530533 0.361268996580151 -0.532355580620042
0.0411261481272284 -0.0283824261811451 0.830910987504585 0.0214314588198163
0.0347011312159414 0.0464936458242904 0.473792295625601 0.73410959948819
-0.0400806140908312 0.0470576375674394 -0.143271665232508 0.606750634291833
-0.0529561060249246 0.0275475703120149 0.0410399692181766 0.0495196939435041
-0.0247058980932524 0.0331393989871455 0.0916043561779487 -0.586913578360054
0.013088073710772 0.0299471965042065 -0.586388629991539 -0.744949172609272
0.0269794220904992 -0.0077978559312418 -0.919293877492787 0.104630324190843
-0.0240028933925934 -0.0151525678400568 -0.229482533017554 0.714601023094502
-0.0362700772226416 -0.00583613131428564 0.331950751091763 0.449018548002533
-0.0291253649302236 0.0205003364385652 0.319420354576286 0.0649521590616283
-0.00890641889666208 0.0269981255821822 0.0838068229250765 -0.202850664765786
-0.0127953921981373 0.0166464171052666 -0.0694867081803388 0.137400822109327
-0.0349426776055994 0.00925765725347742 -0.227453827292815 -0.0924074881593352
-0.0190071730673423 -0.0294875210176199 -0.226012238727095 -0.400685210439915
-0.00720909204047871 -0.044131754440273 0.359240171783873 -0.528305126589741
0.0406130733694674 -0.0237865063523301 0.830413963969337 0.0268238230815365
0.0413515793054618 0.0503106986311455 0.476992577749892 0.741646963682023
-0.0327282866744748 0.0531721184690603 -0.148213002917072 0.617720132276039
-0.0482183096494596 0.0341187147272696 0.0314087142229708 0.0611343287461996
-0.0168222273018628 0.0386964343675876 0.0908456137876051 -0.572757623252134
0.0195266685215601 0.0333202261556326 -0.581733008764649 -0.735933466278734
0.0267677371938864 -0.00268417351055267 -0.920446726992933 0.108597878364623
-0.0264533101863854 -0.010219068060359 -0.233687694297438 0.717504803885541
-0.0333938741557514 -0.0046082796021927 0.33372354919113 0.454068101067676
-0.0220025309938149 0.022640057691614 0.324064117458944 0.0678432448803394
-0.00330040453423882 0.0291104650768781 0.088755157078593 -0.202240911402659
0.00801801962772378 0.0092468880491614 -0.131794017591196 0.104976367000719
-0.0154713633861753 0.0107055125502602 -0.186133181933883 -0.164030584037311
-0.0154678976078684 0.00481216295959869 -0.111942868621486 -0.48623489956203
-0.0138321375377918 -0.0143805478329965 0.44658355690566 -0.45367761801471
-0.0045580196480812 -0.0436007417273304 0.780165032101834 0.208161971264702
-0.00113832086503515 -0.0188117143963107 0.292055779475878 0.808156995709955
-0.0147270332345074 -0.0363577364172982 -0.287260232528853 0.538674361171397
0.00123839937698724 -0.0440096497037539 0.0320437033515581 0.0929856416490259
0.00504131365050787 -0.0498649311521304 0.415268697988323 -0.422756880285788
-0.0222999980087658 -0.0438355857633572 -0.0182065171272994 -0.956461190963261
-0.0238193713397678 -0.0149856719362956 -0.803319068982709 -0.479714949274504
-0.0318191383175881 0.0165069226980469 -0.634169272023279 0.415031726137018
-0.0258761688747892 0.0250310218167526 0.0119439383388778 0.527956273401073
-0.00135254529953301 0.0252902250544968 0.239313869562122 0.217466324818259
0.0155246729989462 0.0195691892677774 0.155999723101433 -0.131657469266592
0.001241029994562 0.00621625465486751 -0.13287153222843 0.104239088657982
-0.0241118584358509 0.00332522308256227 -0.184939904633156 -0.171074257781881
-0.0167735359486811 -0.00389101518842229 -0.100532533766731 -0.490949592656075
-0.00591605330246981 -0.0226317612179408 0.467169865431589 -0.441099609821227
0.00415691886070403 -0.0434239944012253 0.779190754894984 0.234401235175553
-0.00247956191458734 -0.0137472312295522 0.264204895072736 0.814525235920248
-0.0241596271813662 -0.0330041430833801 -0.297231104422698 0.52516272707681
-0.00957571927461993 -0.0428312119436036 0.0403350922421704 0.0825729576818551
-0.00639699799759222 -0.0468929447642681 0.411028404692708 -0.443262781544752
-0.0243407704453545 -0.0356787260643982 -0.047388571305692 -0.962673748007353
-0.0139235711623888 -0.0126664647502088 -0.815763539371171 -0.454106421670307
-0.0224970884073772 0.00989688707974945 -0.614557989229579 0.433262875936229
-0.0246510331930998 0.016502543376647 0.0271223453225692 0.525555802372148
-0.00959220300746191 0.0169302278112948 0.240585947832106 0.20910869127315
0.00796125935176826 0.0153151904308764 0.15273329299122 -0.137274846765427
-0.00689393368052851 0.00357996273750821 -0.135398460633665 0.100851347489048
-0.0312274574439479 -0.00343118956789433 -0.184188454577896 -0.177207552621881
-0.0167660820125208 -0.0143336776349846 -0.0862512506729026 -0.490071386091735
0.00107672874329286 -0.0307154655106311 0.491732362486295 -0.420914232295582
0.0145772252238669 -0.0398215001659043 0.773067405669072 0.262611417443555
-0.00211787519842607 -0.00245948923283439 0.228066950454645 0.820787945806014
-0.0328672757847971 -0.0252704556222609 -0.313659354623582 0.508529567153838
-0.0228922980787394 -0.0379903319702814 0.0435540004404041 0.0718931050685831
-0.0181008892015892 -0.0381063082017092 0.397768336799332 -0.459777556918706
-0.0250719896966578 -0.0230803436503352 -0.0878690702571121 -0.962407637448479
-0.00348092859568996 -0.00706837734433685 -0.827698161083588 -0.416526874110837
-0.0124014528973632 0.00301963026832022 -0.585955816421742 0.458028080179246
-0.0240189154006885 0.00597957724950806 0.045761573064905 0.527639122107612
-0.0168832374162362 0.00922296732922519 0.243980873483704 0.200525695343334
-0.000860667128587001 0.0132442527812668 0.152343121095818 -0.142173925269973
-0.0131601247474244 0.00341674237418034 -0.13438523370726 0.099389971251237
-0.0378999420035057 -0.00873693806876038 -0.182240207522347 -0.182349759427425
-0.0151786943548698 -0.0236023888759096 -0.0691015526672128 -0.487572081394542
0.00871376673110958 -0.037399523641177 0.514906237551319 -0.396381976909034
0.0249548298878463 -0.0337457561594194 0.764205335133264 0.2976850952821
-0.000696748007299318 0.0114514332288523 0.192425385369576 0.832221675761171
-0.0417125470253338 -0.0135661255687405 -0.332697714126004 0.496800057355552
-0.0359699782127138 -0.0293133200014238 0.0428552975589129 0.0644013147081187
-0.0281142485241197 -0.0258719630446553 0.381152029153172 -0.476611848981085
-0.0226359407962747 -0.00711373349611394 -0.129757026030592 -0.955561434515315
0.0079387376225316 -0.00227707419480444 -0.840676114069157 -0.378819475659078
-0.00655300202154393 -0.00551961727545163 -0.559338186197467 0.484578448020344
-0.0229639889992609 -0.00470770058081729 0.0649900158882709 0.527470247006983
-0.0230466471717548 0.0033295273785973 0.247908389851761 0.193755276521656
-0.00900633190379396 0.011910966196474 0.152499721335234 -0.14551779912042
-0.0187153255216787 0.00288828196461097 -0.132020326335645 0.0958986203025426
-0.0409226479771734 -0.0131005521386347 -0.177648257838103 -0.184859802805008
-0.0124653307832422 -0.0318566425145064 -0.0540703288415345 -0.479962633312425
0.0149998861185474 -0.0423339286231621 0.53652374855048 -0.370938714046496
0.0337598837639577 -0.0252195970509502 0.754881243562849 0.330384816277438
0.00188082820695377 0.02729451490387 0.155910680708398 0.841123189897624
-0.0494189676372774 2.97188087362201E-05 -0.354506867715347 0.488733721471059
-0.0482532786993381 -0.0182877519486 0.0365977867472618 0.0599855424960913
-0.0347824134909563 -0.01032773114519 0.360848098692214 -0.487926539340985
-0.01874122303249 0.00868066728174428 -0.170032850452181 -0.945238060313184
0.0156689676791348 0.00327615291195662 -0.850339022079194 -0.342665875412802
-0.00410277086797181 -0.0122837637193263 -0.534860905144034 0.512817235509085
-0.0231751419178656 -0.0119332944861898 0.0851063998598357 0.530822417931626
-0.0279581989644362 0.0014320894885017 0.252397679481261 0.188290183184666
-0.0153111545981771 0.0131023656995002 0.153839059561766 -0.148094142586208
-0.0212784017548393 0.00385219036227316 -0.129289765720503 0.0939722295546735
-0.0410461014214825 -0.013711727056301 -0.173911776020003 -0.185544042179326
-0.00903532010047659 -0.0372069837313297 -0.0411783357449923 -0.472223767461189
0.0168084957092553 -0.0436877383629098 0.553939956947457 -0.34651235537438
0.0399225452677991 -0.0165588827218072 0.745181330823931 0.36071494190395
0.00535263112523176 0.0415150088521901 0.1259302371887 0.851149821046977
-0.0541367251597434 0.0127891647402564 -0.375249228071141 0.481204293686589
-0.0561207204229544 -0.00713546591934157 0.0279220254568333 0.0587319399750892
-0.0387991365276635 0.00391622571921907 0.34252516131278 -0.490512342491514
-0.0132675843808382 0.0234227794523077 -0.202047839701028 -0.932316555012982
0.0206826201313401 0.0081987410715336 -0.86042037162452 -0.30948456023242
-0.00465043413889367 -0.0162732177704495 -0.513336016566593 0.531696068422779
-0.0226540209155375 -0.0171548020253335 0.098875215303744 0.534678114067119
-0.0294248780431545 0.00140908950746462 0.257727606635189 0.186624050028617
-0.0180726129274934 0.0153543155646863 0.156729776831034 -0.148831470776276
-0.0215298425715995 0.00593357885145779 -0.124357831975543 0.0955507177501702
-0.0397001196836238 -0.0115737633476363 -0.170053732913563 -0.182079666967514
-0.00626219343032029 -0.0384152547487936 -0.0359245924441381 -0.463134731450926
0.0157279257680653 -0.0436775838825347 0.554668366862682 -0.335199804737662
0.0421257651219042 -0.0100414361575144 0.739099327438209 0.374316562480034
0.00979976214860268 0.0536691296782913 0.114308615020755 0.861465300885804
-0.0550381758203683 0.0253226580935763 -0.387484151183698 0.486717606850606
-0.0597268115643561 0.00304391343069799 0.0148460781822117 0.0610673507825476
-0.0379808564291301 0.0173162023857445 0.327654264326263 -0.48500843419751
-0.00854021675738894 0.0346910792927693 -0.21373404732157 -0.920073770735181
0.0219359044719815 0.0140702107151346 -0.86371005434262 -0.295840601794349
-0.0082737013371267 -0.0163619234548341 -0.511853037433708 0.542317659503557
-0.0217829387530099 -0.0183892797180771 0.107399419508832 0.539996242820705
-0.0279361531202041 0.00499857125166595 0.261915781989072 0.189375311411829
-0.0168678060336091 0.0192901445322477 0.159759362109023 -0.148910788311084
-0.0196571788498714 0.00916470212181765 -0.118776227232185 0.0952741125750637
-0.0347359009326747 -0.00649793854828379 -0.166257532770152 -0.178778037281518
-0.0055521174556592 -0.0364498425017638 -0.0354547346163596 -0.457397591443856
0.00995972648472928 -0.0418334220334913 0.551757371574213 -0.332502483147624
0.0391663191710749 -0.00639146748420455 0.735276938046812 0.376823086042092
0.014076378969457 0.0597680402834029 0.11335859153151 0.868855341189972
-0.0522914438700279 0.0333011628093466 -0.395732026547179 0.494753206956924
-0.0579605608963415 0.0107915409354259 0.00303872959991368 0.0679337799150012
-0.0333759725637472 0.0246772766049079 0.321040070618329 -0.472780277183948
-0.0033615170378688 0.0406459010696031 -0.211659326157085 -0.911293432362413
0.0198257656670938 0.0183161951198677 -0.86880803513854 -0.292390499787431
-0.013431741221832 -0.0137196697278389 -0.514561755730856 0.546479260117935
-0.0199766751994398 -0.015874446412316 0.107776072492176 0.546130633955456
-0.0230588419302825 0.0103676545544482 0.264347609170219 0.194233668261705
-0.0127414825393658 0.0221785667927239 0.163799940943414 -0.146287573782712
0.00723344824566603 0.00899138676570517 -0.130542491857858 0.104526122671083
-0.0146693274851404 0.0107139847608701 -0.187554138778862 -0.163580383333557
-0.0143075800233235 0.0049533594506695 -0.114890578216661 -0.482740918761139
-0.0140342735994477 -0.014078685505007 0.441971836335706 -0.454631121879414
-0.00455458289605528 -0.0437387395513426 0.777332854032712 0.20403759356349
-0.00111155748259883 -0.0197432396383866 0.293944526557894 0.804091571166444
-0.0152051379511117 -0.0355927714029393 -0.283443336410419 0.536616619812839
0.00117845106203936 -0.0433396904408959 0.0326830831853056 0.0920976128986946
0.00368432787883063 -0.049690238811769 0.411483104339045 -0.421190332577975
-0.0226775861501288 -0.0428962207446422 -0.0224084761472528 -0.951542125639122
-0.0230736264617473 -0.0154753835612413 -0.804747825648745 -0.473354097356572
-0.0318678150028956 0.0173457550829976 -0.629462731776447 0.417203557051036
-0.0259502204936188 0.0253054346765821 0.0143123726478741 0.526086117812875
-0.00111684918348112 0.0261761804964823 0.23981330193099 0.215688775762693
0.016615519760678 0.0193456825762758 0.155059681497089 -0.131223227069129
0.00117543757695684 0.0063373972408389 -0.131921651684199 0.103537904852438
-0.0237616482673797 0.00382507039739882 -0.18640702166066 -0.1701705655787
-0.0161509132804888 -0.00321002164519511 -0.103395853108157 -0.485499819658632
-0.00674019395936256 -0.0224935157648536 0.463839270357245 -0.440811744091692
0.00348690939757697 -0.0436362401765372 0.775793219698596 0.230859686566658
-0.0021147193465118 -0.0137315664549081 0.266970653426163 0.810153258349214
-0.0239134031282139 -0.0326917194372059 -0.294795023115282 0.52296197582569
-0.00998350421552319 -0.0422249349605695 0.0407989974955032 0.0815715145252102
-0.00593734950420143 -0.046095686687636 0.404438875015583 -0.440949535820996
-0.0245717204323656 -0.0357001607850819 -0.0509474448219458 -0.956316194318771
-0.0138167182037099 -0.0125455676993792 -0.814265284181567 -0.44881110674035
-0.0217918703485335 0.0105947928397399 -0.607972176707235 0.434964936711955
-0.0245665379656758 0.0160782267030956 0.0300701928395736 0.524002576574892
-0.00866419774348149 0.0173816855275861 0.24146383343028 0.206170679627912
0.00794987881439375 0.0153311648316489 0.151958052247143 -0.137633215944905
-0.00619934149075552 0.00371395990750112 -0.133595503587785 0.100336786247764
-0.0311769213251118 -0.00299706832142187 -0.18480599429477 -0.175367468526138
-0.0170373935142288 -0.0134234180038407 -0.0892665318609899 -0.486433863447229
0.000764410325972668 -0.0299349015137332 0.489436412435602 -0.419563438665712
0.0138436820416902 -0.0395721924700118 0.771414060977779 0.257804715085747
-0.0019948530239446 -0.00341483507686993 0.231932149277992 0.815178086341607
-0.0334711141744386 -0.0249966798112733 -0.311090365497753 0.506124078118813
-0.022753507241432 -0.0370713322170006 0.0438602100032115 0.0724051432083098
-0.0177178947673177 -0.0374565906332894 0.393930963115763 -0.458344825384233
-0.0252461388553875 -0.0228292601946761 -0.0922439464282735 -0.958047865117376
-0.00281488384658824 -0.00793799040557774 -0.82598849001256 -0.411819866187022
-0.0132158118552495 0.00292446837987309 -0.581421032074082 0.461626381435267
-0.0238781668053375 0.00643477400861272 0.0482978603097776 0.523734337886453
-0.0169404124816458 0.00966756426500858 0.245226165180492 0.198550255714169
-0.000355283732064306 0.0125749564970443 0.151407752499492 -0.140673903656835
-0.0130071151959046 0.00306382800032902 -0.133472208088168 0.0984040096033179
-0.0372854386328811 -0.00810358808259018 -0.182512632728908 -0.179865020519312
-0.0152717168215096 -0.0227432762968137 -0.0721538287074277 -0.482898605408952
0.00832112737618777 -0.0370708301073804 0.513291735513899 -0.397541205302447
0.0245337191587911 -0.0338945966733372 0.763736823257512 0.290624605092285
0.000217202253310692 0.0110955320581726 0.193889244811839 0.825655380532733
-0.0422179437188054 -0.0133800874058488 -0.331271940921741 0.495141916439505
-0.0357997647121135 -0.028411691250211 0.0422058946514817 0.0636939367320072
-0.0287534938053935 -0.025196793617715 0.377006930123577 -0.47446295813749
-0.0234755998008779 -0.00686842102483662 -0.133572605616606 -0.950555536749228
0.00781575315763347 -0.0028072178540145 -0.839368808375214 -0.375204381729016
-0.00665858118324064 -0.00542846872692078 -0.553861079689587 0.48615066320212
-0.0236079813527875 -0.00349259903998371 0.0694626384543287 0.52556695443491
-0.0225081906409603 0.00407584658355766 0.248695144562837 0.191962661804856
-0.00883261941016597 0.012067782934948 0.151858713187 -0.145162614876723
-0.0185359082083754 0.0028363018922982 -0.132472546500198 0.0961881822637014
-0.0408700078888906 -0.0117864850346651 -0.178360963801852 -0.183925521440299
-0.012181751369869 -0.0314982868097292 -0.0568576662722343 -0.476580626623801
0.0141694799761555 -0.0416925626077993 0.533983910185606 -0.371382102422202
0.0335008926275489 -0.0255602830253148 0.75256802960057 0.327780210375571
0.00299088302511807 0.0270922693803924 0.160978857460239 0.836724341686467
-0.0496047255535404 0.0004702568139255 -0.352029032812869 0.485977191554405
-0.0477864254666013 -0.0174562640901173 0.0361753993602544 0.0597160702741463
-0.0360159285764732 -0.0100426987865748 0.356963998076926 -0.484744357103258
-0.0190338613327837 0.00889855107711703 -0.174194850199351 -0.941741423183985
0.0156631552986988 0.00324586004390507 -0.849838885946283 -0.336932361556185
-0.0045184303091081 -0.0117126038798914 -0.5305430934052 0.513486515472067
-0.0237348194987523 -0.0115191390122039 0.0856917374746021 0.528365513020711
-0.0271762723967917 0.000975871523462069 0.252578150522349 0.186569479051762
-0.0141615050823918 0.0135717809906137 0.153078690156762 -0.147765327753194
-0.0215408250182262 0.00348570465377839 -0.127956054686933 0.0937285756099781
-0.0409160379508002 -0.0126473073654536 -0.174817400310969 -0.18438048645515
-0.00869147850276636 -0.0366815181759587 -0.0432976206368658 -0.468280926448398
0.01690990372559 -0.0432090998445481 0.549683184816993 -0.347807549011935
0.0397864735016503 -0.0167291831735245 0.743108271611581 0.355378787991683
0.00595312610621995 0.0411351652575633 0.130139008204813 0.848740144258018
-0.0532414506776078 0.0126652399896557 -0.37058686676573 0.480730355067379
-0.0551952611755285 -0.00680912171663772 0.0272738507394538 0.0578634155064602
-0.0388616360685335 0.00502901465019461 0.337790364591321 -0.489660037132009
-0.0134543185592503 0.0233503663598496 -0.206233816723195 -0.926367678500609
0.0205336684435912 0.00816629637376427 -0.858403745760302 -0.302048095575551
-0.00551193385903979 -0.0155022335474681 -0.50991776096657 0.533194819103169
-0.0229094664986045 -0.0169750514991273 0.102111548475091 0.531304851291266
-0.0292217775783078 0.00182899287794811 0.257682628230742 0.184763833988395
-0.0172055089154565 0.0151979510226258 0.155759675560091 -0.149133028569084
-0.0215858983504645 0.00598361002664315 -0.123949041842533 0.0949960542208226
-0.0387265586532199 -0.0106320455843912 -0.170817712784163 -0.181534187475403
-0.00630083255706694 -0.0382595215722039 -0.0382412870520333 -0.459240649967405
0.0151005958788014 -0.0436480007178258 0.553619477952648 -0.334881061915392
0.0415082697893301 -0.0101154035786749 0.737788157900343 0.370215626499103
0.0100055289241785 0.0525329828263471 0.115227112142634 0.855117280647162
-0.055145468472989 0.0252610987381607 -0.384780559672879 0.484916303604869
-0.0589211469666194 0.00362257363427442 0.0154413275387808 0.0612432045419342
-0.0381292875120725 0.0171109615676483 0.324873891530815 -0.483389186508937
-0.00748716783193629 0.0342071564566636 -0.215789029053767 -0.914896476344806
0.0224932851088408 0.0135518395422979 -0.86563175411148 -0.291106202641204
-0.00877069568103039 -0.0163982492311707 -0.506913343457067 0.542245508469099
-0.0227268879379838 -0.0185434485701367 0.109665765789145 0.537646248018822
-0.0277577740028283 0.00484111595861328 0.261534607989828 0.187986180133203
-0.0158285877412369 0.01779275182622 0.158984463791926 -0.148902308412655
-0.0188164541236519 0.00950622015042599 -0.11844217055425 0.0941269628106079
-0.0351904474242301 -0.00633938130540881 -0.167622714082915 -0.177392815256096
-0.00460266075812833 -0.0355302035616248 -0.0375458439693349 -0.452613026251526
0.00933229028464368 -0.0408913479220978 0.547991006015637 -0.331408819334201
0.0393319396106003 -0.00661715105561719 0.734346398575303 0.373278224354067
0.0144825896850029 0.0587108741106734 0.116833804051559 0.864320550231531
-0.0516387484032499 0.0329287183594638 -0.391891126964191 0.494158184291472
-0.0572857470340011 0.0114626113962546 0.00415776582637936 0.0681170589173031
-0.0337370570925273 0.025837009952412 0.316997364774091 -0.471749111043535
-0.00306288295484589 0.040000990623311 -0.216941920251008 -0.90646560336665
0.0200813038399003 0.0178494332327792 -0.86540449741945 -0.288654010842874
-0.0142721005344067 -0.0123853643887381 -0.509567501783766 0.547138707215883
-0.0211339059327332 -0.0160753756294786 0.109570111281748 0.542812184875587
-0.0226691385603858 0.0107824074913467 0.265268068129173 0.192397976881412
-0.0122886137536052 0.0218373360713573 0.163434589480878 -0.145993900568311
0.00752084691752495 0.00893355249135133 -0.130361446050213 0.103319998199813
-0.015184706396458 0.0108036241834534 -0.188654735010671 -0.162202476433628
-0.0144519089452391 0.00488043024232607 -0.116193815154617 -0.478983712152051
-0.0148226842435775 -0.0136107394314115 0.43833920626091 -0.454765137478638
-0.00507507988795964 -0.0425814074605043 0.776528684830745 0.198418122213817
-0.000848314249104568 -0.0202748116542551 0.296851044522791 0.80089037543
-0.0148544713603087 -0.0352782279821458 -0.280605373833599 0.535792740494948
0.00129587404204624 -0.0432650903591349 0.0331229653275443 0.0918574796812851
0.00289284161021854 -0.0491030474520918 0.407702236178656 -0.42037236516831
-0.0233993522284233 -0.0432575493282469 -0.0281256672182486 -0.947909742934587
-0.0227439053544861 -0.0150733210351055 -0.803674453573236 -0.467753739190721
-0.0318787093272157 0.0173674736937482 -0.626756386167754 0.417129401475703
-0.0257595092275771 0.0259892515467815 0.0163514710671589 0.523804336229667
0.000127046101846322 0.0263207524935612 0.240813220325269 0.213507222342913
0.0168682767340885 0.019097964641665 0.154820734204502 -0.130950451250715
0.00182448431211736 0.00533667301191803 -0.131667964419304 0.103263091911356
-0.0231148977945685 0.00448026940476213 -0.187252342586609 -0.16892816751405
-0.0170556855302477 -0.00309188735951446 -0.104840083478772 -0.481857667981548
-0.00749470148192058 -0.0219391325862128 0.461099850553501 -0.440169311682842
0.00395385783846457 -0.0430133742403024 0.774276880814274 0.22429448168409
-0.00186978372040808 -0.0138132593928026 0.268804954489789 0.805933635171533
-0.0239035243982812 -0.0327109536305364 -0.292133900794141 0.521725130988303
-0.00988278018180246 -0.0419822452120451 0.0405255939740386 0.0814667157149769
-0.00683421753853094 -0.0462115958630446 0.402580898621017 -0.439886361098113
-0.0248024817533215 -0.0350100178774172 -0.0555907500078236 -0.954250077990549
-0.0132911352288041 -0.0122007971092118 -0.814941586143119 -0.444521928784896
-0.0213512584114914 0.0101031442172899 -0.606991400154389 0.436161572792286
-0.0252286788044984 0.0163632657279358 0.0319795387579436 0.521108879845458
-0.00800461639794852 0.0172408424090129 0.241711904044664 0.205456844521052
0.00841310923050387 0.015511009604084 0.15229994286988 -0.136587276812751
-0.00644254319759218 0.00420055175535311 -0.134016205310063 0.100051896367595
-0.0309079798278253 -0.00253626274500822 -0.186791888184483 -0.175368398940919
-0.0164960575563356 -0.0131703960714778 -0.0906732486697532 -0.481486191870957
0.00061778112451842 -0.0297245457571317 0.487083653641839 -0.419493655597781
0.0135325597949353 -0.0401793734118353 0.770739999501303 0.255550149372725
-0.00188660888835436 -0.00337945919548422 0.234153452641796 0.813447615831711
-0.0332509462155823 -0.0244541484521193 -0.308175701080698 0.504581687850472
-0.0226901467525013 -0.0366980936555018 0.0436750076757224 0.0710809202720051
-0.0183639266823065 -0.0368146486253548 0.389892836249635 -0.459075940928125
-0.0252521199667321 -0.0227747304257875 -0.0953102138109511 -0.953746241480399
-0.00274859175139025 -0.00794927746834166 -0.825761202879939 -0.408519193981194
-0.0124305483153903 0.00338317042300685 -0.577358883849771 0.462614014885478
-0.0240608500592267 0.00581284824183179 0.0507005768694981 0.522186979313622
-0.0156769392709783 0.00939194824927212 0.245603178131162 0.197817895457771
0.000745798996205523 0.0123032572605501 0.151334105163965 -0.140680617375889
-0.0120307775899134 0.00309365271690916 -0.132607455776902 0.0976326808780312
-0.0370137309747072 -0.00778135006798433 -0.183826983399362 -0.178917676014226
-0.0146480076519009 -0.0229280289841723 -0.0734029062865099 -0.478403082022851
0.00789676564898438 -0.0364435597267062 0.508333696248555 -0.396516183217964
0.0245028161739412 -0.0338433860913502 0.761545194918392 0.289186052050094
5.17877888951196E-05 0.0102102033088072 0.19508277160906 0.823857406778571
-0.0424888122644568 -0.0128124130719869 -0.329208924756092 0.493735810092402
-0.036129276219954 -0.0278138895816341 0.04272521879799 0.0632522873721386
-0.0292111318524921 -0.0248065379884376 0.373639508196798 -0.474020301119131
-0.0234433634163485 -0.00768770577697611 -0.137273025776427 -0.947409135331001
0.00788871730383062 -0.00271383313838031 -0.838189702347029 -0.369507235922438
-0.00713280525807228 -0.00468748335583431 -0.551724970429424 0.487781450874663
-0.0238481702338114 -0.00370055872787642 0.0705982716742155 0.523564959956261
-0.021870901054447 0.00438428364536698 0.248656312198521 0.19004803718893
-0.00738049449977392 0.0118326005679477 0.150425788104867 -0.143915659849057
-0.017704364821158 0.00309028689795047 -0.131156842646253 0.0951133409801604
-0.0410648301059288 -0.0113854949010587 -0.179553456944121 -0.182425116317823
-0.0125616954126151 -0.0315207419656942 -0.0583252104192828 -0.474266099344785
0.0139810703890252 -0.0407046348902319 0.532117717464681 -0.372042088382904
0.0333171719188057 -0.0255135752013239 0.752992723255286 0.323382738961302
0.00255223102212422 0.0262238558019341 0.161709419795769 0.832633107741106
-0.0494816375646999 0.00056038992182581 -0.348978096642608 0.484163848243267
-0.0474582726816931 -0.0172590204264513 0.0372054270078054 0.0589282621048229
-0.0362820754041775 -0.0093526632713403 0.355565859069236 -0.483998530143523
-0.0189950380963467 0.00842452879082247 -0.176887370081382 -0.935374557398904
0.0161372194648588 0.00277686615100621 -0.84895524699258 -0.330368069080529
-0.00438112480720931 -0.0117133095090668 -0.527163087671135 0.515430574104863
-0.0236513458470273 -0.0120037954392372 0.0902600088637103 0.526878640197125
-0.027116704417117 0.0022368560224058 0.253518324860669 0.185909504797762
-0.0137651816343469 0.012586705409548 0.152619284312937 -0.147327397909911
-0.0208229126055451 0.00354138197385526 -0.127795256847509 0.0933903729946271
-0.0407540101403354 -0.0128160108787545 -0.175596564948348 -0.183489050235233
-0.00879709940823619 -0.0364223954280869 -0.045903179495455 -0.465081640985447
0.0162132554271439 -0.0432137188593569 0.54655901044494 -0.348443878329335
0.0393413150529624 -0.0168242939957683 0.741834625934408 0.350640273105331
0.00632582904268462 0.0402844157747809 0.130793575804199 0.845087907251027
-0.0542967346608098 0.0132899032347513 -0.368395067782312 0.481618547695082
-0.0549565776550616 -0.00549462152386185 0.0281313680619248 0.0576856298558161
-0.0390558754465196 0.00474382679098687 0.335351111301854 -0.48811710114278
-0.0136143297960987 0.0233870948475066 -0.208628082966726 -0.922807966847873
0.0205935579861895 0.00765743330003994 -0.859044420230679 -0.299907265555969
-0.00545038700697865 -0.0155183672455001 -0.50537466682262 0.535722083233661
-0.0233495434149223 -0.0164375765959936 0.105402244104391 0.529411613854733
-0.0285961929635295 0.0029633994163308 0.258277290387304 0.183624854990906
-0.0163463328981656 0.0144264937746989 0.155455618767511 -0.148825959913811
-0.0207697256984545 0.0062418179756635 -0.122811932529944 0.0941244308869423
-0.0385155225231628 -0.0096271232625466 -0.171563397529832 -0.180111074943864
-0.00627854391429187 -0.0385244623402515 -0.0397959672210377 -0.45658989744867
0.0146895680277857 -0.0424992148374997 0.550709531549458 -0.334600492040137
0.0421189749184221 -0.00986237724432107 0.736684186813554 0.36528126987383
0.0100378119874903 0.0514371707993869 0.118054118568779 0.854254642001879
-0.0548143281909564 0.0253954887048511 -0.382813470414955 0.484760856367913
-0.0588222465301363 0.00458073281264254 0.0160653643713213 0.0617929204317373
-0.0383831203208774 0.0182320693123709 0.321695756270278 -0.482782055099153
-0.00807594379396069 0.0346458592659819 -0.219430913229813 -0.912755890711565
0.0225800654415096 0.0131179960726619 -0.862560873354231 -0.287148308334653
-0.0089692163585994 -0.0155819361547688 -0.502128885749515 0.544739615370694
-0.0224175884646483 -0.0180631022657705 0.110893511565472 0.534273146659436
-0.0270577125364943 0.00533302523841174 0.263079554098848 0.186793979024265
-0.0152370906853794 0.0182562577020263 0.158471791026907 -0.148211856748855
-0.0189396369997244 0.00954259175683304 -0.118652334486667 0.0940927851801019
-0.0344814062874288 -0.00561242190452501 -0.168529334383145 -0.176812424056307
-0.00510070414320276 -0.0354368515614041 -0.0397126266145716 -0.451447559771392
0.00913773497282466 -0.0407716373063613 0.548246333176217 -0.332025128747372
0.0394210441168427 -0.00651773038167351 0.733672401106756 0.370237417419452
0.0145110498260836 0.0575621857786207 0.118781850731046 0.860627993884276
-0.0517802369328099 0.033473988064018 -0.388677328177396 0.493566678512133
-0.0563739457890084 0.0120183090234946 0.00375317755894794 0.0678665849509647
-0.0340555107608561 0.0257725816869092 0.312550726495656 -0.470454730666608
-0.00324723961128586 0.0405629261341901 -0.218563520349296 -0.901304360118469
0.0211668315876386 0.0173310747864649 -0.863846612572618 -0.284408249386485
-0.0133035649469581 -0.0129727918771921 -0.506752372444139 0.547628691214867
-0.0203701920099158 -0.0155492205873956 0.112221374983591 0.540605289899886
-0.0214856028468872 0.0108092668472619 0.266867583472098 0.191780843402249
-0.0112879825250769 0.0219790203989851 0.162427511886458 -0.145019383995727
0.00775962096703033 0.00865731583026349 -0.129540378061249 0.102875988701946
-0.0145839049994292 0.0114276862314115 -0.189498215812963 -0.161615015067785
-0.0146069233304639 0.00587794771280132 -0.118345717945633 -0.476111079257246
-0.0146635529972568 -0.0129551859127254 0.436266130809428 -0.453530371014961
-0.00532593125993018 -0.0429846340193554 0.775586537388918 0.197165305349014
-0.000537940170221576 -0.0200034995579788 0.299152728760024 0.796431831445888
-0.0153075697343455 -0.0351365569755352 -0.278544094258171 0.534725870010915
0.00129363011786817 -0.0426484197898259 0.0328599515168709 0.091355416821403
0.00301273131064217 -0.0488715805035738 0.404895059304022 -0.419679074565316
-0.0234779252367267 -0.043029313511469 -0.0293210510127373 -0.94539055067518
-0.0232009020283373 -0.015338195126804 -0.803899895695097 -0.46702534023605
-0.0322445408878328 0.017364069066573 -0.624910619638466 0.421638542776126
-0.0258990550459674 0.0254823180660964 0.0200541394288505 0.522896370589923
0.000273597510715775 0.0263764685888709 0.242236959448071 0.213584916620907
0.0171173384454554 0.0186169818777051 0.154842753015801 -0.131200862333312
0.00192929704877924 0.00614028239466497 -0.13147892022114 0.102833444738278
-0.0235497739310645 0.00448038930126477 -0.18909412485709 -0.167658053201645
-0.0159313752739907 -0.00328916850569971 -0.106773020852229 -0.478369370615833
-0.00798049235704662 -0.0211988046494781 0.457855534905984 -0.44120463244411
0.00369112029292364 -0.0434227368001603 0.774106642741317 0.222620014756989
-0.00203115281606665 -0.0145920498782632 0.271343060324805 0.803237247748448
-0.0245814812431572 -0.0315476664272226 -0.289941288550626 0.521839674095554
-0.0099967462862218 -0.0411189856461125 0.0418364637255162 0.0807704781042231
-0.00822577550998818 -0.0452764899838819 0.399325488819621 -0.439697551718784
-0.0252958554982977 -0.0347013372909841 -0.0571347235656799 -0.952265716823428
-0.0132210805906424 -0.0122804207942238 -0.813254934638415 -0.439968072139479
-0.0215729838743637 0.0107466614958598 -0.603240026171283 0.437750287436017
-0.0249522620497836 0.0166286133322684 0.0346386394527927 0.520474519424162
-0.00742687602280386 0.017702648668878 0.243404555147035 0.203991460655509
0.00963841751885853 0.0151604399998431 0.15202143851916 -0.135870935977095
-0.00625795980062771 0.00425409488082101 -0.132706704411414 0.0997785194489946
-0.0307960505713487 -0.00148586762474287 -0.187899848685224 -0.17398163654649
-0.0159859810953735 -0.012865348911232 -0.0918421899019183 -0.479573119380193
-2.31819106494972E-05 -0.0294810378432705 0.483687315230244 -0.421025094831726
0.0135271405982604 -0.0399637219176692 0.769435796241884 0.25056404091458
-0.00161765858850668 -0.00408028685307885 0.234859322773625 0.810479891122139
-0.033526749928761 -0.0240151658190476 -0.305878496496772 0.506409707607285
-0.0229087083932101 -0.0362017224572272 0.044213458808148 0.071454398415966
-0.0187830241224014 -0.0371474494203039 0.388158752367621 -0.457417913970534
-0.0259518054233105 -0.0226883574214888 -0.0973932699963087 -0.951549733227897
-0.00211384843671578 -0.00763640807814214 -0.826422501466073 -0.404460515561324
-0.0126254878965066 0.00340103542186371 -0.57442222843523 0.46378560341293
-0.0244538709177559 0.00659349313203783 0.0537477013959701 0.520688644563848
-0.0147841203546532 0.0102689904637994 0.246044645792028 0.196286649859259
0.000625791149132473 0.0122446417336457 0.151084077369443 -0.140637446895463
-0.0120211830892824 0.00294084902737594 -0.133001025913953 0.0973570768503586
-0.037139772406749 -0.00707293191692597 -0.184710854950166 -0.178853711701283
-0.0151741501655412 -0.0227367211830618 -0.0756039002962166 -0.476570777351344
0.0075791211131543 -0.0355578125286936 0.508312749139541 -0.398368969786079
0.0244047665258624 -0.0340060568799125 0.762696584270046 0.284964425756661
0.000287044781825677 0.0096998383146758 0.199655539130041 0.82139207419831
-0.0419819828487588 -0.0119310794368121 -0.325909257082541 0.49481972114922
-0.0356127973650705 -0.0279239069463501 0.0424660812300529 0.063229929764491
-0.0299259086259873 -0.023716100538517 0.370554965162596 -0.473040550973518
-0.0240118766631175 -0.0073243594472328 -0.137769428363338 -0.944845341513683
0.00742932593934858 -0.00263695425162425 -0.837889365154326 -0.366161876706876
-0.0074732087260364 -0.00532968688797061 -0.549198293167707 0.489586463335932
-0.0236100662361948 -0.00333945985026435 0.0734319443931974 0.522776077118702
-0.0214344219632069 0.00488818149026955 0.249912722933201 0.189476103791543
-0.00688311745187023 0.011511574078631 0.150857788980713 -0.14435209777276
-0.0173899193419218 0.00277884892097298 -0.131713771855474 0.0952078038009902
-0.0410686526191571 -0.0108289431875659 -0.180769139769504 -0.181617591891737
-0.0127977188541947 -0.0309764748097291 -0.0595847254224758 -0.471151905363749
0.0131437778721951 -0.0407153023605332 0.530718563795592 -0.373387338775749
0.0332336377232221 -0.0254830242131542 0.751539376804242 0.319266259528653
0.00321941131326739 0.0255275820894116 0.165295597193076 0.831828408850371
-0.0492643518513729 0.000905018551722928 -0.346134999187023 0.484343082054106
-0.0471864473350926 -0.0168553603540543 0.0368322037036481 0.0592871931462562
-0.0363864846908163 -0.00941504324663171 0.3513556399248 -0.482695550801668
-0.0193413154092442 0.00856210663189458 -0.179319282599589 -0.934070896611464
0.0163196937911201 0.00241775868812964 -0.848588213455418 -0.328165344722818
-0.00465811733996756 -0.0117360848109682 -0.523366582163413 0.516037514966045
-0.0239315452335894 -0.0114067833943695 0.0914860026859527 0.524216926559147
-0.0259102009100082 0.00196475623272063 0.254532032584536 0.184745906126863
-0.0130885354771825 0.0123280475401491 0.152534555411059 -0.146248962483242
-0.0203003585384638 0.00405059782508399 -0.127888027829099 0.093438521871876
-0.0404384816884145 -0.01167493220595 -0.177108178438385 -0.182178648069872
-0.0089707391252498 -0.0359847579081089 -0.0474871246356837 -0.463216538483991
0.0152166765032524 -0.0424338999269927 0.546328622570039 -0.349474033775015
0.0394146350359505 -0.0173645035246414 0.742390747103595 0.347425859504176
0.00648492204718424 0.0394835443261835 0.134071916701895 0.840711102998459
-0.0537292382028686 0.0140146211511475 -0.367302519777408 0.480976876928422
-0.0545761980350496 -0.00565646234376952 0.0283681141455921 0.0568738233134116
-0.0392573121156493 0.00508774212219665 0.332127979294695 -0.485420893492816
-0.0138866615688765 0.0229953849230157 -0.210750717240715 -0.921068227137332
0.0210863286144756 0.00727037720327002 -0.857339996284497 -0.294987294606095
-0.00551469315017899 -0.0154088562387441 -0.503169348685242 0.535811658435324
-0.0236803372829756 -0.0164189749146119 0.106589128094572 0.529012906296825
-0.0279857967394693 0.00279944859667703 0.25969284170671 0.182982731534235
-0.0162103968237488 0.0146188016708108 0.154366054074022 -0.148390937776664
-0.0206717148866452 0.00654164052564398 -0.122611301752527 0.0941448327469979
-0.0386723825982264 -0.00953503446720078 -0.173521828432244 -0.179673445182807
-0.00657898481613391 -0.0377914766184614 -0.0423841276881337 -0.454816897016744
0.0139891428787001 -0.0423675596246996 0.551020371839859 -0.336950415542011
0.041316206232054 -0.0106901880326331 0.737019433247047 0.362920577115794
0.0103950609624137 0.0503119679643249 0.12009677958078 0.851179702919831
-0.0546377441197617 0.0254124818226347 -0.379104348158451 0.485266126619517
-0.0583398493503842 0.00473280829663135 0.0159909005560345 0.0611464994396305
-0.0388837443809964 0.0179888930065832 0.317934203404412 -0.480632308943927
-0.00830163823504696 0.0343400426433029 -0.221155206497299 -0.907309364472032
0.022702417834646 0.0131726406542858 -0.862174850332038 -0.285691944054557
-0.00944726925256377 -0.0154620674811231 -0.500377760738745 0.546066435337071
-0.022861639477674 -0.0182466541447581 0.113597244728497 0.534286510058226
-0.0259752499427473 0.00581167632648952 0.263752880469764 0.185429711173691
-0.0147195205803192 0.0174289727813955 0.158384485206622 -0.147575049809911
-0.0185853533508695 0.00956636450216042 -0.118008017588341 0.0930826268191784
-0.0341382424711835 -0.00496131365096256 -0.16959951275683 -0.175987088189569
-0.00511972787268684 -0.0351358877989725 -0.0399349291142927 -0.447524491957435
0.0087030035508564 -0.0399101746755426 0.545594285214379 -0.334226343876987
0.0386511477120111 -0.00648145745969338 0.733746929458057 0.366239171307517
0.0153659515200603 0.0567980175310769 0.12164186160415 0.857909259696338
-0.0510610952610015 0.0334749127858084 -0.386406167464207 0.493822348806548
-0.0563102819203442 0.0128147494935265 0.00374340808871295 0.0681598666219616
-0.0341364554888984 0.0262848073448647 0.309502397651694 -0.469447607601854
-0.00295825581798338 0.0395468681839213 -0.222593218527206 -0.899657003091993
0.0208165358108544 0.017775351019312 -0.862834697323214 -0.281249823110073
-0.0139172921905086 -0.0120518006679128 -0.502815029710417 0.550302287828457
-0.020099728353107 -0.015539526884705 0.11425133256293 0.539524520421122
-0.0204289906198391 0.0114702821185385 0.26721060549137 0.190385374754838
-0.0108085495448097 0.0215056657748754 0.162716876238578 -0.144970697559837
0.00830717813900997 0.00847343196528607 -0.130286791623637 0.103196743237151
-0.0143081223160402 0.0118301608214843 -0.190854093949441 -0.160924990593405
-0.013961575159747 0.00556501682094896 -0.119326215269073 -0.473948764105638
-0.0155140425051374 -0.0122795949440757 0.435878771755052 -0.45544119716299
-0.00489258417277978 -0.0428566867527776 0.774853935320949 0.192595627674495
-0.000604571096121269 -0.0207298234863795 0.300809488247875 0.79566391072687
-0.0154237902241398 -0.0348242623962785 -0.277116226422136 0.534947150823707
0.00116216374137626 -0.0426067880117375 0.0337842139685627 0.0909357978851142
0.00278759094450925 -0.0477812793174758 0.402862798518596 -0.419461178336914
-0.0232897042916249 -0.0427848213899328 -0.0318020157813835 -0.94608205215466
-0.0228077955910854 -0.0156575653117686 -0.806341875726467 -0.461736306393715
-0.0321481132749038 0.017752806617198 -0.622001376586917 0.422787530378179
-0.0260922411190084 0.0257900195727766 0.0195121613727934 0.521828085218713
0.00111603192512731 0.0267295853390283 0.242767130614718 0.212512539244752
0.0180905851177113 0.0175921329907853 0.155028647377663 -0.130400056739141
0.00182264283358096 0.0056029290815461 -0.131224661705414 0.101805825563048
-0.0235408260364151 0.0048678243947426 -0.189772173772545 -0.167763501247174
-0.0159490972008387 -0.00296656608272884 -0.107199890641487 -0.476433685824169
-0.0075117643845869 -0.0199436870901809 0.45749266198461 -0.443255675256343
0.00350939613278368 -0.0435262733822172 0.773506061645764 0.221510364019419
-0.0018440054118622 -0.015142270889959 0.273180450970223 0.80181300465871
-0.0242892941585604 -0.0319808937396226 -0.288376396153719 0.521775806182207
-0.00957755493019249 -0.0410100110351629 0.0414129884714038 0.0804380246000813
-0.00818637135807739 -0.0447674211917739 0.399116397949019 -0.439405968573553
-0.0260356853498601 -0.0352912269290387 -0.0620031317553767 -0.951508305706521
-0.0129157775051704 -0.0125707636302971 -0.815212730642264 -0.436919718411491
-0.0222880010115162 0.0108224343898287 -0.602755220779059 0.440230046913155
-0.0251549772470494 0.0176514999708537 0.0377034876545187 0.519139458716809
-0.00648622027451239 0.0179676859688891 0.244795158753678 0.20390759618399
0.00986022247393064 0.0149922480419013 0.151864364614956 -0.136062038528063
-0.00591703127192719 0.00417724793727631 -0.133350256886949 0.0994257959392929
-0.0308762871147995 -0.00112975831792057 -0.188262923957719 -0.173991303430565
-0.0160718020162131 -0.0125273762765704 -0.0940169773827492 -0.476695686725726
-0.000305817009558861 -0.0285595044988473 0.483142540008959 -0.421466507863892
0.0138476317105628 -0.0395033609697624 0.769340396230179 0.249406473002115
-0.0016306952158808 -0.00452657415383451 0.238207672357707 0.808791680855043
-0.0335380903440875 -0.0239228639563247 -0.304433367336709 0.504945325432668
-0.0222307505938727 -0.035508659404683 0.0443455304281943 0.0711149227618894
-0.0196661898728406 -0.0364278667047839 0.386777122467324 -0.456251806995214
-0.0256191368390237 -0.0226979793447122 -0.101672676398662 -0.950551747509461
-0.00203654462961961 -0.00850182026819098 -0.828009865258886 -0.401745040584735
-0.0129743157946706 0.00377426694081217 -0.572445161462589 0.46671672256389
-0.0246068406461342 0.00710707020376504 0.0554610672880941 0.520629420572679
-0.0146931018009287 0.0105119839065479 0.247369875399358 0.195504652128193
0.00105570664458868 0.0120913454816791 0.151130974944979 -0.140726938327905
-0.0125907685519221 0.00269384652012245 -0.132942530634914 0.0969468470644722
-0.0370596359402538 -0.00670499450509896 -0.185904190475199 -0.178890095100957
-0.0148683640685627 -0.0222338239048142 -0.0766036514789726 -0.473036836826396
0.00676279355588884 -0.0348808152052041 0.506950911435173 -0.398721899856357
0.0240860294698064 -0.0336300305339899 0.762567257372189 0.282355310881846
0.000137993032048453 0.008933549789217 0.200600371896881 0.821441066520747
-0.0418933874822318 -0.0120514542447544 -0.32507523415692 0.49321306100164
-0.0356484692018879 -0.0272610821467516 0.0428639696853416 0.0633080729335095
-0.0298698489054103 -0.0236730847143551 0.37051947880405 -0.472723425482111
-0.0236889665850219 -0.00674852024435358 -0.140990837217902 -0.945026346798431
0.00781299397853434 -0.00292986696855208 -0.839500323937716 -0.364065029383239
-0.00712675612213051 -0.00436182624048474 -0.546694919216651 0.490626576113252
-0.0240624493891146 -0.00298494316951372 0.0763781944016661 0.521755282945636
-0.0206831487575507 0.00443775012617353 0.25214052284463 0.188891251654301
-0.00706484145377086 0.0108165063061864 0.150878423515241 -0.14446748957763
-0.0176653034726998 0.00276065818515701 -0.131505491511239 0.0947749179177922
-0.0405060589558844 -0.00994419900744827 -0.181878486048564 -0.181252386648251
-0.0121442884786218 -0.0308026744324521 -0.0610687585197297 -0.46816918101223
0.0127346315897391 -0.0401843924300321 0.527454109904371 -0.374851869587357
0.0334158685767494 -0.0261712428126618 0.752323293050065 0.316036950194324
0.00294032272381925 0.0245216011100879 0.167320862486114 0.831716819016825
-0.0496418154834202 0.000678222857029228 -0.34567394985915 0.485093270953755
-0.0467950571267022 -0.0164803041415662 0.0369074543456926 0.0583262294270912
-0.0367242117521703 -0.00843957206398481 0.3508666104766 -0.482852067652804
-0.0199106152116146 0.00873258807349672 -0.181099469669413 -0.934084255954665
0.016524248086497 0.0019980583365536 -0.850754007109324 -0.32577032111541
-0.00500076747436028 -0.0109086759576767 -0.521634861423787 0.518108735510804
-0.0241734860573582 -0.0114590490775406 0.0926250297205239 0.524172642564834
-0.0253773759189947 0.00287677288925333 0.256230668711062 0.184065592948078
-0.0126829548886974 0.0120278037053041 0.152805882530182 -0.146746314704772
-0.0204972068949433 0.00351244265604132 -0.127803033453018 0.093270016292888
-0.0408188250651569 -0.0110360892856148 -0.177776649609351 -0.181719622456483
-0.00864886981731469 -0.0364965962356548 -0.0485831657172905 -0.459819282039257
0.0154294749577032 -0.0415275113708036 0.545855145735555 -0.349825591603225
0.0388105387415962 -0.0175293045770861 0.742301165382927 0.345692003983801
0.00720060804657845 0.0381350270330448 0.135663453399244 0.840324191349561
-0.0540239331988786 0.0131634924605722 -0.365306022567387 0.480505229956243
-0.0540715056866426 -0.00526976702772227 0.0286919286050483 0.0574758790566682
-0.0401664864858219 0.00613408484355118 0.330296561087315 -0.486451362651949
-0.0141412288436377 0.0228914211148756 -0.212539320404454 -0.919872354110324
0.0211271949241964 0.00751545761205819 -0.858248076375115 -0.292527053756694
-0.00575476354202665 -0.0145267389738657 -0.500256503987723 0.538228166455844
-0.0237893470915142 -0.0156909298358003 0.109226737677897 0.528846635578659
-0.0271523480209267 0.00339749647590513 0.261001081411213 0.181735302343489
-0.0147677546204518 0.0142607503445286 0.155562546655356 -0.147756913579599
-0.0207197527995536 0.00634180880098788 -0.12272684016422 0.0934198475341284
-0.0389774412630226 -0.00929059009342614 -0.174223034385777 -0.178538272071428
-0.00694599314663037 -0.0375951472138017 -0.0423320031392735 -0.45236832079726
0.0131586871441244 -0.0415457015478227 0.548756042396212 -0.337933580750399
0.0416623022273587 -0.0112016284358459 0.736616809114618 0.360280821470379
0.0108930395239471 0.0503919704031497 0.122910720540388 0.849860205991867
-0.0546813790877846 0.0260460545104045 -0.378587584147175 0.485158860711595
-0.0581820017772592 0.00531812001231733 0.0153796382143502 0.0609291878568653
-0.0391497041494634 0.0184485727011673 0.317113104734478 -0.481264863310479
-0.00794833538383859 0.0339524858508591 -0.224371927198852 -0.908849563770161
0.0233162446735221 0.01232696779975 -0.863033626976361 -0.28074492246817
-0.00932272647064218 -0.0155390803052695 -0.498099541499506 0.549064890410644
-0.0227404680949001 -0.0177338808958535 0.115729793542257 0.533467617683304
-0.0258238334598691 0.00609853011466561 0.265434222057237 0.184551532093844
-0.0143473037011893 0.0174933022226211 0.15829229729879 -0.14786473871218
-0.0187912642759378 0.00885851753070968 -0.118383370473539 0.0934145716215825
-0.0341868749960233 -0.00522634430688363 -0.170270780938466 -0.174446017700554
-0.00482070931221502 -0.0353131040654145 -0.0416654326582431 -0.44529602966157
0.00836460235926102 -0.0395646639782319 0.545565225935521 -0.33423100777894
0.0387971010988455 -0.00726323304831472 0.734580688129586 0.363610666748169
0.014387410388348 0.0560561980937083 0.124554436352772 0.857814576401703
-0.0515795287646251 0.0339081186816292 -0.385272642092181 0.492792334403576
-0.0559302384482637 0.0126084682207052 0.00363633614075176 0.0682522259065476
-0.0349710724355352 0.0266589364193701 0.309527929580752 -0.468796772936542
-0.00336814021597879 0.039971668951328 -0.223123406639144 -0.89766908183209
0.0214594431332354 0.0169683090523779 -0.865945018618159 -0.279335937291912
-0.0141728306821551 -0.0116979410748769 -0.501718695904407 0.551934747240817
-0.0208640539000911 -0.0150039112248273 0.116446638227631 0.538728818873812
-0.0199188251366593 0.0117877959708675 0.267941212190124 0.189432850710217
-0.0100913153413828 0.0210644732913923 0.162655022035075 -0.144569686569398
0.00844560738148796 0.0084129830310222 -0.129232933162395 0.102365204957986
-0.0146995330678239 0.0121479988052947 -0.192143094038016 -0.160677560678458
-0.0144523380696239 0.0059330017544034 -0.122491026423536 -0.471680075989033
-0.0153503863096599 -0.0120993960756676 0.434174397220558 -0.457384619348023
-0.0054814586493705 -0.0426952653177841 0.776181457728701 0.190959524195995
-0.000619537905130791 -0.021563899376589 0.304581429026543 0.794191653652983
-0.0157775023078782 -0.0343535181109269 -0.275204682570518 0.536171336694474
0.00106538311740816 -0.0422204909693423 0.0338989964663032 0.0914633409962909
0.0018759257335912 -0.0468768366135597 0.401553189125104 -0.419429933410174
-0.0243723134911466 -0.042699805422045 -0.0365555307671832 -0.944579581702255
-0.0222709420755653 -0.0154340134089383 -0.807940989458942 -0.459983258839578
-0.0317193152218404 0.0171477364770736 -0.622275790188715 0.424817094547473
-0.0259842610036783 0.0269536855664235 0.02353737715324 0.521562753506462
0.00205976689095986 0.0271183567609204 0.245718301876216 0.211163292773134
0.0177587117618277 0.0180586919716907 0.154982750701173 -0.13078789282927
0.00154751507304309 0.00583238554715962 -0.13068044154834 0.102899200178627
-0.0234103973244704 0.00584089140421274 -0.191528803013098 -0.167454503759798
-0.0157194239616387 -0.00313105289083123 -0.109816341469318 -0.473969152172879
-0.0080816727381761 -0.0194892521539874 0.457515559332032 -0.443616644458147
0.00359236207697404 -0.04312906206916 0.775308965606668 0.21818734104657
-0.00203446020087637 -0.0153334271610845 0.275019369533586 0.800328535876636
-0.0243277794643548 -0.0312077289044512 -0.286749506969017 0.521827244252746
-0.00978178089739851 -0.0403529602513574 0.0418914597066789 0.0805558471290078
-0.00923149564677606 -0.0439884310564161 0.397163671280917 -0.439084875514559
-0.0259494953316401 -0.0355364546591575 -0.063477120317841 -0.950831004382649
-0.0125116102985002 -0.0121981702820591 -0.817884451465476 -0.435460786084563
-0.0225299427084969 0.0114896503984085 -0.600026802294147 0.444169217243437
-0.0260162270443944 0.0172395721231455 0.0386618118688075 0.519330193154597
-0.00612713637749285 0.0181200611889868 0.245787665193309 0.203579304484864
0.0110599787028042 0.014480140364647 0.152831371731344 -0.136466672735576
-0.00559511039219354 0.00398936144123024 -0.132757164345726 0.0993112632639664
-0.0310810715203851 -0.000852699434062918 -0.190030025336215 -0.172452235217681
-0.0161210923719337 -0.012755796772141 -0.0942265006139485 -0.475638563180136
-0.000632496491450327 -0.0281110052198533 0.482280710554522 -0.423044205643763
0.0138405049691402 -0.0400519109560897 0.769407228118997 0.24482421535059
-0.00134750016309434 -0.00527468925670174 0.241087043300411 0.807158543266675
-0.0338123518019666 -0.0231917091814992 -0.301521278618355 0.505733122968957
-0.0222146834371386 -0.0353366118710141 0.0452936471912219 0.0706673040579291
-0.0197776299589002 -0.0361264625987821 0.384304517197192 -0.456715171808489
-0.0262898810378496 -0.0223797713615653 -0.103195534218866 -0.951798321561151
-0.00183969040790567 -0.00822182692909857 -0.828633738251282 -0.400369122643996
-0.0129634241332085 0.00365888730096257 -0.570083775102969 0.470926599842427
-0.0245922771019135 0.00722355760992819 0.0586518044988211 0.521209181747495
-0.0131278064571013 0.0104407577525175 0.249325783427654 0.195140910858313
0.00161857493584032 0.0117113828670189 0.151051996025698 -0.140940415130963
-0.0119803260445518 0.00292949564006193 -0.132773183105275 0.0965311646513819
-0.0367224183852332 -0.00586708969877697 -0.187377407697357 -0.177814998906819
-0.0145567989823606 -0.0219524891834613 -0.078559672025275 -0.471454647167982
0.00682127665125595 -0.0350224088117234 0.50652082054824 -0.399889380913531
0.0239271191859165 -0.0343353836206688 0.764163329367023 0.280378025694206
0.000555538052605741 0.00884812098584459 0.203130336747249 0.818610649932332
-0.0425294209857397 -0.0116112065574093 -0.322905998790522 0.495293549746503
-0.0353024461422876 -0.026267543859966 0.0431153723074585 0.0639586683211708
-0.0301228086669754 -0.0231117039212282 0.368901319912846 -0.472781715413757
-0.0244147660172893 -0.00687029738611573 -0.145699324691638 -0.944802584489547
0.00838716102121847 -0.00290980232280308 -0.84173434685999 -0.359773207793593
-0.00714197047831447 -0.00432193785062247 -0.544860482545114 0.494623218780577
-0.0242380754221092 -0.00273019876967434 0.0775856996272292 0.52095364715864
-0.0199934260493914 0.00567373493770203 0.253286578279851 0.188682459297531
-0.00620683603183217 0.0114100785860849 0.150671876574744 -0.144548899494158
-0.0174781207006796 0.00309486502355229 -0.130416898588917 0.0938804257075664
-0.0406656148602955 -0.0103754738958141 -0.183555494743906 -0.181338599487971
-0.0124507250824235 -0.0311910170121757 -0.0627884190122711 -0.4661501919823
0.0126542728924284 -0.0400308195955157 0.529068874914131 -0.375826847738749
0.0333849395737273 -0.0260644984445777 0.753946289303514 0.314528278491943
0.00330757361775112 0.0238062058472057 0.169166743501436 0.83045026366041
-0.0496966515063599 0.00155755778006437 -0.343024938369705 0.487526714034255
-0.0469093967438199 -0.0157480805973908 0.0375932682921186 0.0587622470761645
-0.0369303188124354 -0.00785302158225849 0.349738714791649 -0.482591082364186
-0.0199400570931666 0.00875943049944811 -0.183941049294595 -0.930869418973162
0.0167833213554727 0.0021745177713588 -0.851762146962227 -0.322070224917166
-0.00461695325352698 -0.0108992028583399 -0.519183383554432 0.519691232230086
-0.0241823646168588 -0.0101965746069661 0.0963234171042458 0.524960382994651
-0.0250222653867302 0.00281395702467693 0.257393096762205 0.183768873598857
-0.0118087183745351 0.0118434042492292 0.152888197281045 -0.146343607673722
-0.0209668927647519 0.00349705313165186 -0.126929275651621 0.0925350211238861
-0.0410068959192305 -0.0112726242477537 -0.178765464421474 -0.181735721911852
-0.00903178389010918 -0.0358547119436635 -0.0489081419599141 -0.45792962192267
0.0149476992180779 -0.0414566062621814 0.546094018763369 -0.354327901263758
0.0393750806531455 -0.0181148295622952 0.744287236052453 0.343162314185617
0.00679586498348083 0.0379549067473603 0.140070544722395 0.841007923769301
-0.0535385799677641 0.0142490278758387 -0.361643044482901 0.4816972518766
-0.0540659469402553 -0.00449789126586979 0.0286421438615797 0.0570895358917536
-0.0400272358667408 0.0062868987550299 0.329535172802832 -0.48755209268827
-0.014868310546276 0.0227474387972378 -0.217457077926466 -0.919179803927482
0.022025994918292 0.00614262416475341 -0.860867681510126 -0.290924063817269
-0.00566310567512356 -0.0144011841009533 -0.498742929220312 0.542472973596203
-0.0240400593074235 -0.0154771433017008 0.112354779757644 0.528117593603921
-0.026598186141674 0.00377833756324348 0.262840126314634 0.181438293750217
-0.0146033365449006 0.0143753081283495 0.154851906071458 -0.148124289462243
-0.0204085870778493 0.00647938186477327 -0.122517713818747 0.0929303723292735
-0.038358122520062 -0.00864619758084607 -0.175569812434477 -0.178279206540513
-0.0061638129749865 -0.0378047142460242 -0.0433271846572164 -0.449991880828577
0.0135213623102283 -0.0409842500103756 0.549181126555326 -0.338742326092772
0.0414927585002233 -0.0110244068953876 0.739096337307674 0.357786325922519
0.0108561482783642 0.0495095337581576 0.126817071645813 0.85097068611688
-0.0550371417160937 0.0260519835469122 -0.377044972311527 0.486271948426319
-0.0570698896291167 0.00566680929382218 0.0162317962643947 0.0611885778079185
-0.0398952339098757 0.0185055451577692 0.315945256555285 -0.480451555926154
-0.00876128735050077 0.0343849407780741 -0.22716320662755 -0.907472462956853
0.0233308589401527 0.0119650716004077 -0.865470759233873 -0.27717882189376
-0.00990651623655605 -0.0152830331724472 -0.494336160615693 0.551098136979365
-0.0231050290668193 -0.0174459852430596 0.118977035526202 0.532165866060931
-0.0250195317045475 0.00652333377304913 0.266565863150745 0.18393656322693
-0.0137748279483297 0.0175604951339923 0.158621851597429 -0.148142856350094
-0.0177856225591729 0.00897490404867281 -0.118413063427038 0.093138212766536
-0.0339995935716198 -0.00448747290157322 -0.17291095221186 -0.174342589008898
-0.0051366238383038 -0.0349632892955521 -0.0416522643446681 -0.443147562234245
0.00782040834715966 -0.0390568280232637 0.545351435293888 -0.336402561813632
0.0390316756023121 -0.00727100391759028 0.735880330268182 0.361042099963481
0.015178426316415 0.0554152719312929 0.126587418523895 0.858431411001784
-0.0509520762422009 0.0342702837212864 -0.385088666832234 0.494290581440258
-0.0560294900431206 0.0128333912936631 0.00357863395699563 0.0676881647923772
-0.0350820280040769 0.0269284711896224 0.308862755534271 -0.469174102986042
-0.00405768407635067 0.0404184996274089 -0.226846403259303 -0.898836143947079
0.0214802837294922 0.0167717659577777 -0.867249379300434 -0.276266964708585
-0.0139149487089671 -0.0117322540363329 -0.500079919179762 0.555344592753298
-0.0207617526443735 -0.014651840373029 0.118740847148359 0.537571394794938
-0.0195849970881036 0.0115602076656092 0.270529001809043 0.188842773092104
-0.0096676634367905 0.0204867417326902 0.162943651660473 -0.144773269373439
0.00776979361069532 0.00864045781210403 -0.129622563087938 0.102549504999896
-0.0144831217067656 0.0129046589959063 -0.193828953085789 -0.160592165179391
-0.0136745336722001 0.00611168571459115 -0.12284677001853 -0.47056201601264
-0.0155949910321017 -0.0112484283657933 0.432746326153693 -0.458934946279405
-0.00552163261260372 -0.0431553791877601 0.777923106232533 0.187783698129426
-0.000682686338117126 -0.0220345831129013 0.308771196871122 0.793636406705084
-0.0153894108930727 -0.0340723007320675 -0.272641244088811 0.537130516837464
0.00119785903178305 -0.041730136935148 0.0341593239354054 0.0907087825210741
0.000731459358635306 -0.0466343365039643 0.400203421533841 -0.420441754873117
-0.0247667045223213 -0.0430520373229199 -0.0395673405562474 -0.946627309507262
-0.0221868352770294 -0.0151773812096524 -0.811561722852972 -0.458134322574303
-0.0322580692451163 0.0177713903153007 -0.619530387762317 0.430951334313863
-0.0253273238942746 0.026990622491644 0.0271327764458787 0.523476086000427
0.00255403686322065 0.0270097619665385 0.246759685687471 0.211758019090225
0.0195517617992528 0.0175866061528277 0.15528852909741 -0.131049901635985
0.00166872054307195 0.00505399688585891 -0.131932651599306 0.102013919331062
-0.0231692382188368 0.00598313437745202 -0.193549204234242 -0.167359530410295
-0.0153175956828313 -0.00257858111696191 -0.111477873788179 -0.472225454323264
-0.00861642342588107 -0.0193037926873522 0.454460518278459 -0.446549708464063
0.00319124420402935 -0.0434870284008428 0.777556211367175 0.214772327317082
-0.00210419283308681 -0.0162564005330698 0.280123286815528 0.800973681620784
-0.0250078686702641 -0.0307506411312782 -0.285304232600201 0.524403119272279
-0.00952365600476407 -0.0401652420462957 0.0417957750864304 0.0804887019593555
-0.00964895144883475 -0.0440230293760142 0.395001823722087 -0.440125361852171
-0.0262895387794052 -0.035303500918579 -0.0688152771621303 -0.952369364955803
-0.0125387057096934 -0.0133199806331119 -0.822322625291592 -0.431732634919151
-0.0222707930105291 0.0116626242717299 -0.599212325410717 0.447894518454353
-0.0251045313734905 0.0181995654550843 0.0422669853129159 0.519599097520248
-0.00521792920781797 0.0182519842554461 0.248203037853766 0.202800077892295
0.0112713554488065 0.0142362362917582 0.152681544515723 -0.136781578057522
-0.00548143146166751 0.00360884149199238 -0.13304273650353 0.0987993354613193
-0.0308816476790191 -1.17517963194743E-05 -0.19230747054504 -0.172129861629395
-0.0159263613158869 -0.0123140475053228 -0.0980374393744675 -0.472758257399192
-0.00065515180472828 -0.0276864774219493 0.480346373312449 -0.42624044926073
0.0132105590510347 -0.040134626438323 0.773613077196424 0.241758225093473
-0.0014115216545221 -0.00573295267889238 0.2444097470863 0.80696138578874
-0.0341161196399694 -0.022748469420686 -0.300896887208545 0.508496043855963
-0.0224222535886042 -0.0350991273578095 0.0456566230674981 0.0706413508918586
-0.021066199766523 -0.0355833505176049 0.382850720212906 -0.458951809981065
-0.0272555626420029 -0.0223426288563835 -0.108894469328203 -0.950003549954883
-0.00202318825938617 -0.00804912101188267 -0.835255868637156 -0.396491636412151
-0.0134098553685814 0.00381207508354371 -0.570724082395235 0.472164220956402
-0.0248867464392873 0.00741841929839477 0.0607993359264275 0.520427095595189
-0.0128459062805988 0.0116151542626188 0.251255368740447 0.194160952259448
0.00214392349304153 0.0112648450783666 0.150549586103074 -0.140299091139831
-0.0124360056581822 0.00283700073676349 -0.132150521101843 0.0966470032373998
-0.0371668142779104 -0.00556960779169407 -0.189675550038965 -0.177164160716877
-0.0146633419666073 -0.022064437681924 -0.0810371741689189 -0.470385537789719
0.00638908176376727 -0.0348595763948678 0.506887207039164 -0.402639494236963
0.0240798491893426 -0.0345712554235394 0.766251730505476 0.278931828057078
0.000394935617113895 0.00793908674183739 0.209462320525857 0.819217124072436
-0.042780845154019 -0.0116613535040479 -0.322111726842539 0.497533261828788
-0.0358646250958668 -0.0263829160765147 0.0437679572730814 0.0630917539640234
-0.0307342730527861 -0.0224455109938257 0.367323593088654 -0.473618836476073
-0.0249870508265845 -0.00724831867586119 -0.150465947581337 -0.943496173857617
0.00918015400095692 -0.00306338659422735 -0.84349998124099 -0.356898253212324
-0.00740204181124048 -0.00429586400050358 -0.54304384854184 0.499553741389536
-0.0242673508883547 -0.0022553186138462 0.0815892487807818 0.521981318513352
-0.018932230352468 0.00551908012842355 0.255684497046928 0.188109045958785
-0.00529356272758769 0.0102701393156147 0.151849260839461 -0.14385938515027
-0.0171387651508316 0.00218023583251194 -0.131028692093269 0.0936948605108518
-0.0403990687163779 -0.00973143523416775 -0.185580734267975 -0.180407930957421
-0.0118646692161123 -0.0304076074490684 -0.0643381528849143 -0.464851244817224
0.0120849649497322 -0.0387604782892126 0.528968551917963 -0.378149646163681
0.032809325218411 -0.0262847673361799 0.755565392582612 0.311819015734331
0.00311558405438643 0.0242070745403633 0.173000497988365 0.829181977391411
-0.0494680773995209 0.00189143577735615 -0.341807771539702 0.488028193965316
-0.046327332594787 -0.0156161944109032 0.0375312340061141 0.0582317262388279
-0.0377575019365624 -0.00797508127471558 0.346735818958657 -0.483102332968814
-0.0203632434355482 0.00928750391668142 -0.190847430434392 -0.933740524253164
0.0171239406000639 0.00158804296357695 -0.854396378528992 -0.32053079985027
-0.00493923586004637 -0.0105866428104053 -0.516887869983462 0.525551645271138
-0.0247160972542683 -0.0111803453322943 0.0985185988648533 0.525194694686481
-0.0244865114368928 0.00304436636424367 0.25956396333317 0.182699045585979
-0.0116185749274039 0.0114371876227614 0.152780234286254 -0.146555413391533
-0.0201586188990563 0.00405205438879804 -0.127335572442657 0.0925705149767901
-0.0406201513263806 -0.010504344152654 -0.181053589166181 -0.180593081267111
-0.008910199990075 -0.0360288625377324 -0.050758928524387 -0.456446292157485
0.014647505449439 -0.0409267413652535 0.544843311919847 -0.355718693462944
0.0387721346729037 -0.0181349146673914 0.748265640078349 0.341932637857346
0.0069170873786532 0.0371823131930563 0.144390948314263 0.840003316028242
-0.0537103434924665 0.0146988854174033 -0.361641335697728 0.484160462674745
-0.0543995059775042 -0.00418657203878546 0.0285585468753046 0.0572169811860365
-0.0410444238976276 0.00726129423683719 0.327537308427525 -0.48671819998292
-0.0144881704103229 0.0230933134009105 -0.221435529609884 -0.920097266947642
0.0220938151721996 0.00647679818984346 -0.863045882152376 -0.286367071880496
-0.00532736132010464 -0.0143898796115853 -0.496010417817527 0.545532906714608
-0.0243147470342654 -0.015445569776552 0.115261264438047 0.527964857905511
-0.0266400851560736 0.00388176129392635 0.264433341702043 0.181158883466805
-0.0139112222676453 0.0139141343029874 0.154940750267373 -0.147928587890692
-0.0202026156959706 0.00649408010185642 -0.122374854319115 0.0927015834499062
-0.0382695681281193 -0.00816165634570729 -0.177251825671784 -0.178021698061945
-0.00705734362459104 -0.0380190905237882 -0.0454521391651388 -0.447735767914433
0.0134464683369238 -0.0403515310012573 0.549088311136154 -0.341079612039823
0.0410791738797734 -0.0113487631989543 0.742159928353071 0.354699663914038
0.0113900692897576 0.0490645427766235 0.129083223094748 0.851247060254559
-0.0548318115586081 0.026546214354536 -0.37579626966893 0.488367664127172
-0.057816240294745 0.00635065209542998 0.0165717762565086 0.061423859634558
-0.0400809939718794 0.0194635376714713 0.313828555543299 -0.481569081488166
-0.00828198863909857 0.0341570915398233 -0.231545567620167 -0.908352439332853
0.0239674175643944 0.012060529284869 -0.866895878983175 -0.273801462888387
-0.0102730329105799 -0.0147404366875632 -0.493587920008128 0.556101116689321
-0.0231804459543502 -0.0174054766337168 0.121704123750356 0.533452994787066
-0.0238426895041773 0.00699396013736415 0.269086042484788 0.183358901517083
-0.0125918540901012 0.0169056681343296 0.159142445368221 -0.147734979817988
-0.0181826472836601 0.00893558360444106 -0.11823895876716 0.0932649074091752
-0.0334409820529269 -0.00376697732134948 -0.174179927767151 -0.174452275347365
-0.00548022344436731 -0.0353854097064151 -0.0436457006761903 -0.441757565291207
0.00767548880177518 -0.0387619092099291 0.545773622636585 -0.338853143615263
0.039398731363004 -0.00742761996960053 0.739730021753002 0.359028695466806
0.0158829657045244 0.0545710135101783 0.132276745227751 0.857390285972491
-0.0510205189559625 0.0350776525906974 -0.381870175071675 0.496064055017849
-0.0554715963966772 0.0133077039181521 0.00421088777608512 0.0673495458965235
-0.034505624226645 0.0277030186023867 0.306366435195857 -0.469797661345076
-0.00381840407722273 0.0401665368475551 -0.230750531787534 -0.899902925168796
0.0216544078840528 0.0168522547638403 -0.868985765113532 -0.270930929920281
-0.0145743327118292 -0.0113984435267414 -0.497684098118945 0.558623225979324
-0.0218312303004775 -0.0150005756295133 0.121694958937172 0.538173730707189
-0.01844743898028 0.0119720925754 0.272075992469492 0.188720965774486
-0.00879879173565756 0.020408516984875 0.162917234668147 -0.144886914696442
0.00852847114491774 0.00823826875101889 -0.129101615347273 0.102987314538266
-0.014274686271616 0.0131076585994563 -0.195802925370071 -0.159415228789873
-0.0137915182514771 0.00666361404068987 -0.125960522479673 -0.468590882809439
-0.0154962138608765 -0.0104136261636209 0.432012809512847 -0.46213395437936
-0.00613856001813277 -0.04354831128741 0.780370435630801 0.184538546828211
-0.000127569032397724 -0.0220311067634708 0.312171073350185 0.792824341155803
-0.0163176574395377 -0.0342154000942509 -0.270868046017961 0.540216783300755
0.000106348759070461 -0.0416195855219712 0.0349711632078819 0.0912301786783482
0.000707268311829334 -0.0460201969893679 0.398644062588104 -0.424165302765419
-0.0253252684242892 -0.042708501028292 -0.0443203636775529 -0.94709062106524
-0.0221839484064014 -0.0157511052790868 -0.816352597908462 -0.453979020602443
-0.0323663452131076 0.0187087323110978 -0.61907932515888 0.434544187781053
-0.0258805625056553 0.0277112912111497 0.0295197649920474 0.522926158483024
0.00313590519697596 0.0273215551221379 0.249542075159678 0.210743765620047
0.0193088350059241 0.017362311634696 0.155779778473542 -0.13221393122163
0.00216166415259869 0.00586808490704307 -0.130974521963774 0.101859230430234
-0.0234796171981079 0.00628201023866376 -0.195472954748008 -0.166477809227526
-0.0158462181512093 -0.00238178880519823 -0.114887716958356 -0.472366699353898
-0.00905972546958281 -0.0184149052435153 0.454062296389181 -0.449184402234293
0.00279967765592436 -0.0435212224511992 0.779835550748 0.209534472740646
-0.0014532129394608 -0.0170083478193314 0.283871768668786 0.800709467069969
-0.0250620145010125 -0.0304764891373458 -0.28311965811883 0.524447755035389
-0.00948624860854514 -0.0402618943818708 0.0423273842539442 0.0801576223267101
-0.0101947550657906 -0.0430692000929078 0.393125497130665 -0.441565526253644
-0.0271385436492619 -0.0349018130258372 -0.0741789466933358 -0.953645351773815
-0.0126163784125652 -0.0132799880245895 -0.827310593438392 -0.428261566991256
-0.022544172417084 0.0123191990335145 -0.597558794587646 0.452554214354723
-0.0253549636256143 0.018414537131573 0.0460624331191996 0.521543144291502
-0.00450357852597123 0.0180489079231496 0.250616938478172 0.201782966032504
0.0112220001926631 0.0141082516998716 0.153184848964515 -0.13717723489568
-0.00541569369625124 0.00368812591460958 -0.133091863687125 0.0990672661387211
-0.0306617810674984 0.000638466785728724 -0.194574155128933 -0.172313470474851
-0.0161891195871471 -0.0125623475806341 -0.0989848683501877 -0.471784618515407
-0.000823114693745962 -0.0273614454438374 0.480635300790325 -0.430580630313964
0.0133625954872877 -0.0409427405006237 0.775346564301236 0.238634686864734
-0.00150812325442804 -0.00600162170699205 0.24984652425739 0.807728350371903
-0.0344036458213318 -0.0221596463428696 -0.297248011288915 0.510697198260514
-0.0223195785401523 -0.0347017892826101 0.0462416034058417 0.0706992615079541
-0.0212576705235029 -0.0347510510053985 0.381629535283089 -0.459367068959274
-0.0278977065395495 -0.0221434377582761 -0.114092588772156 -0.951996744184429
-0.00109094910393987 -0.0095026519271646 -0.838678385240865 -0.393475288146694
-0.0138331790705609 0.00413488701762579 -0.568240638018807 0.480207482041328
-0.0251500115396593 0.00872441264359875 0.0635549582200064 0.521170876205289
-0.0117861134245222 0.0109727591892502 0.254347077105242 0.193474060109263
0.00337678136776233 0.01085785708949 0.151152173275445 -0.141011453561242
-0.0119625381730999 0.00229409101670056 -0.132825873483955 0.0964318576567448
-0.0372706382824492 -0.00557802908842576 -0.191970698083576 -0.176330091561457
-0.0148683428307216 -0.02178702541578 -0.0826072144519145 -0.469109663990193
0.00644072408008482 -0.0341446203772302 0.507075237725623 -0.405437511847732
0.0236291902083626 -0.0355374964529955 0.767977237022347 0.275570087345305
0.000826193317904744 0.00822436864447987 0.212946415910991 0.818878932890078
-0.0428158856365649 -0.0105745818244777 -0.320005453791966 0.498857002671594
-0.035827650069455 -0.0260351365277072 0.0438742110829198 0.0630510516225962
-0.0310031829796378 -0.0217777789162204 0.363875595719168 -0.475982822051808
-0.025539473841672 -0.00651190638235585 -0.154988858092822 -0.944275853778681
0.00875522856588541 -0.00436266788945193 -0.848925030796311 -0.355187258466241
-0.0079704694157354 -0.00268572041340297 -0.54143907297142 0.504001703729882
-0.0253953059683318 -0.00261317314986694 0.0823110314877671 0.521579511295035
-0.0190848962928355 0.00558293031890062 0.257734729285357 0.187214314450856
-0.00474635213741348 0.0102586144170302 0.151597726052389 -0.144773406546086
-0.0174184355654346 0.00235146558166243 -0.130998930071956 0.0935123660305755
-0.0404631302212383 -0.00809439655356559 -0.188088653910316 -0.180323326220355
-0.0124256640031848 -0.0301006649238075 -0.0656583131936672 -0.463884571570049
0.0122000793313066 -0.0391938773139148 0.52773484784463 -0.381933516192752
0.032997868790533 -0.0269311797067385 0.759149982232345 0.308134528985577
0.0037393349863374 0.0230190766411356 0.178445895499815 0.831594948606463
-0.0498829954690412 0.00253226921205221 -0.34031921847888 0.490261697492481
-0.0466328680049574 -0.0152997179129902 0.0379602750416863 0.0583948694335395
-0.0381848322822687 -0.00636702271793551 0.344035062683933 -0.48469368920635
-0.0203805271871759 0.00933470776310302 -0.195416513245835 -0.932752706935096
0.0170957813346313 0.00110790593709645 -0.860484936024181 -0.314548118021431
-0.0050995684555189 -0.0104652783199923 -0.515074550400301 0.528280118919768
-0.0247000061940429 -0.0108567009423241 0.1034905635643 0.524614550207344
-0.0241449910642989 0.00303634402712847 0.262416523508416 0.182752494522897
-0.0108015442714613 0.0108488768571699 0.15251012000078 -0.147098447905221
-0.0199630495389131 0.00408698820896115 -0.127907751320424 0.0925864508269043
-0.0403253551676929 -0.0096245778198704 -0.182702333481092 -0.180946720035758
-0.00914660327656111 -0.0357601089847457 -0.0538906033956208 -0.454822006207028
0.0146363773779504 -0.0404178607699964 0.544734204583455 -0.357737197684511
0.0391474135119347 -0.0182469295476904 0.749866779992774 0.338675611401969
0.00701393311522392 0.0368475768667763 0.147627533537678 0.842103321778591
-0.05402605054667 0.0153666273153239 -0.360348879317557 0.48622550240845
-0.0542843122081162 -0.00414962480958846 0.0288061883305714 0.0570219303798563
-0.0406792366055713 0.00820781126352156 0.324874161026051 -0.488484951325636
-0.0149503136280296 0.0231147271843875 -0.226895736596032 -0.918643716426524
0.0221869075479217 0.00605894037192426 -0.865006924595021 -0.282169681837465
-0.00636799439321878 -0.0141228518392825 -0.493406904094986 0.547911505695388
-0.02418354351292 -0.0150680133066599 0.119380028314948 0.527913961346087
-0.025464488336421 0.00354189019620285 0.266665035010612 0.180113912169281
-0.013363607020647 0.0134179759348944 0.155317343177154 -0.148206705074491
-0.020454763001544 0.00596942785206967 -0.12277284344358 0.0932200094893815
-0.0382251332069834 -0.00709575478709942 -0.179744670578287 -0.177182864301346
-0.00674433366862427 -0.0381465400525751 -0.0467977153923188 -0.447557739724432
0.0133741956474641 -0.0402162249868862 0.549869375177363 -0.345865263750862
0.0416650571236109 -0.0112602008836294 0.744403150234443 0.351935954099463
0.011654240029095 0.048248017811048 0.135560663235907 0.850680390382095
-0.0544869972464929 0.0268906405135036 -0.374272968948382 0.490378456166249
-0.0577476434713712 0.00640796303809763 0.0167007272788914 0.0608182386019041
-0.0402452608833126 0.0200973782138614 0.312742822634282 -0.481885078756496
-0.00895183965181207 0.034310716452691 -0.237568978349925 -0.907279927314501
0.02414912745172 0.0116036121728964 -0.87208241302656 -0.269473711541121
-0.00974591895640823 -0.0149149649130419 -0.489920231767541 0.558605782149612
-0.0235524168157728 -0.0171714403670113 0.126797654304709 0.532896292706566
-0.0234438907186844 0.00701572245591982 0.271678166011976 0.182500038459313
-0.0127801040265313 0.0159675027816005 0.159142774342076 -0.148249562288812
-0.0179087372794097 0.0091026689238938 -0.118993012215958 0.0925893973597862
-0.0342392053255757 -0.00320354147043678 -0.176232283476115 -0.173819110562626
-0.00559791755535992 -0.0355124267292609 -0.0441178916658141 -0.441580353421724
0.00749876705294097 -0.0380292417444206 0.54605967241738 -0.343878027682121
0.039641799676443 -0.00767452959918838 0.74287429298842 0.356863979883722
0.0155284663274289 0.0538328043560094 0.135676709128152 0.859190411014244
-0.0507967974053945 0.0353115192684168 -0.381524963977229 0.500211147194746
-0.0551755368251369 0.014064115707459 0.00444241790940188 0.067147585672385
-0.034709754141491 0.0282364545499273 0.30355505776529 -0.47151775286423
-0.00396805818092806 0.040339810233667 -0.237471159806083 -0.898486517275993
0.0220806541429753 0.0159488709383925 -0.87255882137009 -0.267499064317751
-0.0143681643940046 -0.0111539612411733 -0.494065918948849 0.563058610855494
-0.0214524142096425 -0.0142947897042471 0.126234961714445 0.53851750331024
-0.0177554248279062 0.0117363195497497 0.274577158833972 0.187815020815912
-0.00831594541320366 0.0196209240004664 0.16324492379736 -0.145482160057187
0.0084127749394499 0.00793931235574334 -0.129452844110078 0.103075451728028
-0.0141746909726912 0.0135782511607913 -0.198741173164216 -0.159089672748148
-0.0137527135911319 0.00648272621555581 -0.128742987112847 -0.467732241829166
-0.015952629217059 -0.00981644776702408 0.4307811354699 -0.466072332066852
-0.00576756339520858 -0.0435259513909057 0.782972573242109 0.179176786981899
-0.000916502662341966 -0.02282289377464 0.318632392237407 0.792388794729881
-0.0164044309461358 -0.0329374374448504 -0.268227000507152 0.541314992947395
0.00130252581026312 -0.0416345494511904 0.035369377452535 0.0906902975778901
0.000372743971324741 -0.0462571108829541 0.397175694809289 -0.425861750317248
-0.0260941429733954 -0.0421114305795614 -0.051673648819702 -0.950174965627567
-0.0226804400473102 -0.0164385077917583 -0.820694569926838 -0.450451411364006
-0.0318825871513602 0.0191016134169825 -0.616312342529704 0.440706165693714
-0.0260379763170172 0.0281854070363391 0.0340261031229127 0.525187778000199
0.00380075376996325 0.0277921645626679 0.252438945890961 0.209224373771857
0.0198710833402466 0.0167862925379825 0.156423353320271 -0.132588509339119
0.00169923432067806 0.00516867826971814 -0.131184214685415 0.102749254637624
-0.0220600328110233 0.00747689367779691 -0.197858830580197 -0.166160997436663
-0.0154052328406014 -0.00176409515577239 -0.116190017164397 -0.470300230867414
-0.00874605011614881 -0.0181651667812444 0.453238480847804 -0.453944169402579
0.00168519565451831 -0.0444986564496291 0.782656946739005 0.20598801695551
-0.00152260842847176 -0.0172663090981237 0.288864956847323 0.801803864372241
-0.0250842849145455 -0.0301482984982266 -0.279487581729959 0.528184518930611
-0.0105354683283466 -0.0396431289279487 0.043244855868953 0.0795667394729169
-0.0103108318730534 -0.0425251779687312 0.39220810055408 -0.445355021827843
-0.0283231583622054 -0.0348655004441645 -0.0814206790585439 -0.955600737302178
-0.0123391014526496 -0.0131833035445913 -0.83040154657211 -0.424828511158724
-0.0231357638643151 0.0125005924961532 -0.595925408861732 0.458695518204564
-0.0250391498390692 0.0174130926880632 0.049389108730878 0.522172286000446
-0.00360293898094578 0.0180994135675581 0.252813792376662 0.201511550461336
0.0121888104552519 0.0134397690508415 0.153938077091659 -0.138565576289473
-0.00495966846900367 0.00389771288278004 -0.133064918008061 0.098661177632996
-0.0308889521623555 0.001126197522763 -0.196565846597474 -0.171579086358086
-0.0163096583497708 -0.012254955275853 -0.102011541717312 -0.470708642833636
-0.000960517965349889 -0.0264556250970598 0.481569722240372 -0.433447385369199
0.01383372027822 -0.0412728259336348 0.779383723547677 0.236659390835278
-0.00136252060986966 -0.0067072609124193 0.255204860690693 0.807544704029226
-0.0347515189991157 -0.0221315922830844 -0.296158421402049 0.514110264472509
-0.0229535613146773 -0.034061441417528 0.0457459794687741 0.0707852144673413
-0.021580012270271 -0.0335626569755884 0.379115022188511 -0.462674361335114
-0.0280614347447172 -0.0221214289885819 -0.119947138520332 -0.954789065919215
-0.00140656591499032 -0.0086195579596088 -0.843082999903022 -0.389094823034987
-0.0138713556287462 0.00426088405991521 -0.567097613521924 0.483585595442335
-0.0252411779639521 0.0080484955053255 0.0686485933618603 0.522600084304635
-0.0119685155384168 0.0109993911715129 0.2564689614323 0.193515844831369
0.00324838321070786 0.0112313636868546 0.151701426468422 -0.142333259043077
-0.0119265348930844 0.002545240922609 -0.132443121732978 0.0975032060826908
-0.0366990226794408 -0.0043627626024719 -0.194416275938125 -0.17610820030515
-0.0149295448903198 -0.0219718536015292 -0.0861024522471564 -0.468531620947191
0.00563447787361388 -0.0338423197439008 0.504477720874461 -0.411146306273943
0.0239482875576605 -0.035381509916564 0.772317729633264 0.270381529751439
0.00057381796658061 0.00735444432893539 0.220198591013194 0.819893775277919
-0.0432244597286682 -0.0104508223477221 -0.317481011996837 0.502215096074745
-0.0362376814407385 -0.0252680811902247 0.044649320048155 0.0631679486238828
-0.0319108519767327 -0.0208482268224559 0.362068075164456 -0.478559218502074
-0.0256333724859902 -0.0066749056856093 -0.16240712091722 -0.945675786976104
0.00912391314625726 -0.00483403367714265 -0.853019013660423 -0.349161250575152
-0.00833476663155178 -0.00386999108334809 -0.538774413269172 0.508688926538675
-0.0245923472655805 -0.00186423399470846 0.0889125339924912 0.522532559859029
-0.0187505491740392 0.0060218143085268 0.260852370131515 0.186752196091556
-0.00445909932629408 0.00931112231892476 0.15138170794583 -0.145385757620732
-0.017219832874535 0.00203632309488397 -0.131122415513016 0.0939155562857941
-0.0402246144797787 -0.00786521788498486 -0.189822420883702 -0.178891594606291
-0.0121503096025974 -0.0308309846823226 -0.0700855213445734 -0.46312226538818
0.011200273000227 -0.0383702453098532 0.528904991806683 -0.38527239698691
0.0334780213230215 -0.0274691298382305 0.762408348956743 0.304820507020409
0.00327317291343471 0.0223863528202246 0.183483258278723 0.831248726928022
-0.0496345144318952 0.00373611158067044 -0.336877878209562 0.494200781827435
-0.0468964655756943 -0.0150698459344714 0.0391286481114764 0.0581444885602946
-0.037825511702598 -0.00539866861805316 0.341665250247991 -0.488735518489196
-0.0208044847982144 0.0095166781180103 -0.201311426951675 -0.933070482629189
0.0178441909125922 0.000934690705467672 -0.865010095397175 -0.31150149761862
-0.00499943797938858 -0.0112619678822723 -0.511268264549451 0.534696314425361
-0.025092568227914 -0.010630046063929 0.108880521328391 0.524972205240412
-0.0228814176407901 0.00338557117852816 0.264841797346829 0.181873956494787
-0.0102957089449344 0.0104217077463847 0.153107065139808 -0.148137436695287
-0.0202714298337533 0.00402861498077549 -0.127169880171771 0.0924621903149319
-0.0403784123361005 -0.00907495193434298 -0.185631346263923 -0.179370055003492
-0.00967250715379831 -0.0358214960446501 -0.056696163230017 -0.455479078416974
0.0140010894540162 -0.0401190725145284 0.543895227531525 -0.362415637933876
0.0390269767003081 -0.0188742780179568 0.753862979919813 0.335560109386519
0.00736771512285346 0.036745964085605 0.154806691148152 0.842606886046578
-0.0545247407394523 0.0158410398721738 -0.358215714848118 0.489869926118069
-0.0537793828556851 -0.00375360843354524 0.029074666326058 0.0576657067978152
-0.0410221667616811 0.00857458664001478 0.32389026472001 -0.490358816924652
-0.014714814662641 0.0237228865963147 -0.232724866168727 -0.92032679287411
0.0229196472363533 0.0063815827200416 -0.870233847502702 -0.278152822137139
-0.00594377878088643 -0.0139873234573266 -0.491915863836186 0.555244972889263
-0.0243829862191491 -0.0152642205236165 0.123887777097464 0.528431454867295
-0.0247650493245102 0.00397096694384455 0.268945931831216 0.179169286641689
-0.0132915253369378 0.0126125941434646 0.155587483564935 -0.149625499082904
-0.0195714526422217 0.00609257474977894 -0.123639324074744 0.0933948712160633
-0.0376652206413519 -0.00696851231849936 -0.181246510481103 -0.176194940503863
-0.00749284003335887 -0.0381834181289121 -0.0491736157780531 -0.446114589978819
0.0130278361202477 -0.0400727569526272 0.548774812717964 -0.348772487970125
0.0414600981395881 -0.0119870494918143 0.747498881215158 0.349407809301406
0.011057000390657 0.0477770426799314 0.141002942621791 0.852440475097714
-0.0551596639019922 0.0278079530305524 -0.371705195454102 0.493549191296801
-0.0571900459814677 0.0072074339842564 0.0171476889019514 0.0608253702841706
-0.0398798436446236 0.0213482079554992 0.310072615809305 -0.485043674610333
-0.00945829686167131 0.0345779090913946 -0.244247326602609 -0.909012150249993
0.0248966587074356 0.01128748434453 -0.877250065039058 -0.267261495627241
-0.0103115658433681 -0.014642576279955 -0.487617575844853 0.564279013368051
-0.0240207986639658 -0.0166602973925028 0.129723141759164 0.532796920747299
-0.0226386009550703 0.00671536062674178 0.274090090963361 0.181755233240354
-0.0118188143556399 0.0161431482889692 0.158700848893172 -0.14848863069315
-0.0176608608673549 0.00931728451356371 -0.118692631372365 0.0930682682273017
-0.0340097968060231 -0.00268869858908144 -0.178288748872497 -0.173302992287764
-0.00536296908630273 -0.0362325045869767 -0.0470782136068053 -0.438798688082564
0.0078260002383312 -0.0376163437290016 0.545317247775909 -0.346921440556665
0.0391942908903956 -0.00854599452384992 0.747037114243403 0.352314619913626
0.0158551917828029 0.0534737701918299 0.14120928286798 0.860015614610533
-0.0515836906867755 0.0353442925123687 -0.379603236018713 0.50080310052738
-0.0557213538024918 0.0145039372675533 0.0049127142140633 0.0683404821193602
-0.0355081352403616 0.0291152183881921 0.302849859500808 -0.473202576867633
-0.00462467161867561 0.0409312187514584 -0.24327524018018 -0.900032049323782
0.0225343555133867 0.0160471732865991 -0.878368027050379 -0.263448537216839
-0.0147383761550425 -0.0109017477478348 -0.489208237939637 0.568719206190545
-0.0219055499327192 -0.0142102386780661 0.130570390831424 0.538211207682657
-0.0170717492804788 0.0123331719367437 0.277291642010426 0.186559700884467
-0.00795184444957185 0.0185098177963451 0.162978674445113 -0.146972924023874
0.00865988830514127 0.00767538710736071 -0.128726489126435 0.103176475546257
-0.0134709768745596 0.0146676703326349 -0.201395104350688 -0.158904693545877
-0.0135694296669555 0.00753331924537371 -0.131490458012492 -0.466202542699234
-0.0162059827217266 -0.00940800431229435 0.430521688603116 -0.469591959081968
-0.00612225681171339 -0.044269365824491 0.78647339617694 0.17399280473931
-0.000896694901927405 -0.0237182480955947 0.324382697745682 0.793113426155825
-0.0171319141653786 -0.0325987444375425 -0.264206385370923 0.545354489611653
0.00100434231005222 -0.0419459091667923 0.036418824667898 0.0906730182849823
0.000406927468830229 -0.0459098314648903 0.395382671156555 -0.427319148474135
-0.0266527776431743 -0.0421863861096498 -0.0577176505625039 -0.95178565125383
-0.0220577200584196 -0.0157473769708616 -0.826841479541524 -0.445797702695007
-0.0326487453738856 0.0192753174117322 -0.614694519965706 0.446379675382087
-0.0258834626084414 0.0285273369827562 0.0392504702853447 0.52444434820334
0.00488332743148018 0.0271239828863344 0.255369876632986 0.208208044101538
0.0206948890051251 0.016098022015339 0.155937364957418 -0.1337947194064
0.00216875909189434 0.00575066719651049 -0.130376531827059 0.102450744331334
-0.0225797909662257 0.00773570004033242 -0.20087154526706 -0.164862855364032
-0.0155398649733461 -0.00153067092004328 -0.12074708731264 -0.470043786892931
-0.00918154924596972 -0.0175283655541694 0.451661730587697 -0.458074138582667
0.00303164916855775 -0.0445144487208893 0.785440398854161 0.199415969842896
-0.00269367330951218 -0.0179277120148287 0.298260622315315 0.800843767513989
-0.0255488381639235 -0.0291213535050172 -0.277227902251901 0.532385408982058
-0.00971643988230446 -0.0400761741817342 0.0447698624187366 0.0802496698296782
-0.0115667931252486 -0.0419100707667488 0.390317755540981 -0.448172904704425
-0.02866259485994 -0.0342324267589977 -0.0862841935158039 -0.95726401033698
-0.0122235636172684 -0.0134619086381561 -0.836112725526313 -0.419946822911453
-0.0223640539953079 0.0123416193115557 -0.59382445182383 0.464148401194716
-0.0252708376381275 0.0190092835370105 0.053087119213168 0.5213068403154
-0.00308096762865652 0.0183714543177777 0.255483897815554 0.200280987955401
0.0126246125140418 0.012874045149893 0.153477315996626 -0.138960522189458
-0.00520310200040585 0.0038872710858942 -0.133110377451932 0.0998109714619238
-0.0306651339062979 0.00180198756931493 -0.199481284828525 -0.17109636919507
-0.016520921973633 -0.0119377170416698 -0.106511293711735 -0.469995059777528
-0.00143261570221732 -0.0263198228117491 0.478554394391239 -0.438346962449699
0.0130395856377131 -0.0417231070265184 0.781271480970245 0.230412729555416
-0.00146096919897956 -0.00730239817524154 0.262168029715471 0.806625104590899
-0.0349351405527128 -0.0215641845012677 -0.292032097227568 0.517486471774218
-0.0233932420228163 -0.0339162501299748 0.0467778640401031 0.0704563690815637
-0.0226972023249211 -0.033693860258563 0.376131130066257 -0.464847562949029
-0.0287279955909262 -0.0216024149828252 -0.126908915689573 -0.955660517865717
-0.00159964927493717 -0.00956660156735718 -0.849662314060085 -0.382580107781438
-0.0140030149523399 0.00498514492585227 -0.565067846054306 0.489994560297418
-0.0256162713589758 0.0089522476391904 0.0716130893872842 0.521608057424936
-0.0114135090555469 0.0117019800653487 0.259983456234114 0.191936352138627
0.00341144512258829 0.0100601483706099 0.15177535462265 -0.142276289109545
-0.0117491771566745 0.00308724267408072 -0.132348401864016 0.0973400850309154
-0.0367812282178189 -0.00358472920262316 -0.196474815200863 -0.175600638242566
-0.015137946510074 -0.022268282386942 -0.0881993755384088 -0.46824201391429
0.00580457014724465 -0.0329816024000635 0.503787355064917 -0.415565862750357
0.0237879077643204 -0.036588923600057 0.775942494943144 0.266302491802873
0.000666186548866725 0.00652845337403008 0.225687998417682 0.820465219729458
-0.0434059686238907 -0.0102721077680409 -0.31382471110947 0.506363254268328
-0.0360216756169695 -0.0249867048418674 0.0454535231341246 0.063073121053206
-0.0323354226859153 -0.0206119101389474 0.359857390123281 -0.480895905556424
-0.0258320925435823 -0.00632162337477345 -0.169770034118413 -0.947067941492574
0.00904971387688541 -0.00438618935081593 -0.859241107871972 -0.344156392163266
-0.00889193303094196 -0.00289083794672149 -0.536985353609323 0.515275623181227
-0.0250039062988909 -0.00166251496234002 0.0936147418352686 0.524544570745725
-0.0177373614069722 0.00578970715618512 0.263197893546351 0.18492579804786
-0.0038679831607897 0.00960509957293226 0.152231849514798 -0.146351343465373
-0.0174721239337358 0.00281108721697528 -0.131021210634811 0.0946877306974734
-0.0403829165765257 -0.00753804934276157 -0.193093927729863 -0.178737930221335
-0.0126555118932877 -0.0302759359089248 -0.0727156948390786 -0.46072785982378
0.0113297008956566 -0.0383350610176474 0.526871817893959 -0.392530859417458
0.0331708815678984 -0.0280101679982867 0.767583638886245 0.300949744447094
0.00380871589873692 0.0221927639285541 0.191040084109844 0.831673589971511
-0.050513106421261 0.00363180468477438 -0.335954670863171 0.496980562393242
-0.0463480226409754 -0.0144687624569647 0.0383770580008023 0.0582381996360526
-0.0387951553765718 -0.00502357321100165 0.33979194159721 -0.490012208480247
-0.0211737546667364 0.00939058516517146 -0.210258767717052 -0.934817882582935
0.0176237866214805 0.000538049637871314 -0.869468807643317 -0.305699337213297
-0.00583041874021516 -0.0105040902989038 -0.509921042216045 0.54132341904754
-0.0253876840686962 -0.009753089719131 0.112840027700519 0.525595034144144
-0.0229785611317587 0.00360716744568139 0.267577414696277 0.180498338272364
-0.00973654711770674 0.0107807950379503 0.153201826496684 -0.149232578214947
-0.0199304396913054 0.00380727248106807 -0.127761610283594 0.0923790628431427
-0.0410842074144464 -0.00866294805178063 -0.188221886127075 -0.179101016612076
-0.00983510086140678 -0.0356290857569031 -0.0587320311242039 -0.454203520528911
0.0142828444222691 -0.0395062530416108 0.543431332328186 -0.36790336652738
0.0395181594819741 -0.0192471188725222 0.758734753712139 0.328804964952715
0.00719988116412616 0.0361558899602284 0.160461707854558 0.844288616350361
-0.0546016629801734 0.0162893255007136 -0.355612111275774 0.494387048527697
-0.0538976443427851 -0.00307519741086463 0.0300108874705592 0.0571052045397105
-0.0409555320934288 0.00922288654873963 0.319637562391905 -0.493356419447694
-0.0145128212494283 0.0233556111736652 -0.240924830349785 -0.921446162812251
0.0229559631685399 0.00516851388741716 -0.877477057284717 -0.271740801376496
-0.00656143123656778 -0.0141258211971276 -0.48717425041775 0.561686628662914
-0.0248773640961112 -0.014834645415275 0.129400774952973 0.529497070477397
-0.024415433095974 0.00440753421352579 0.272272605093751 0.177741566686246
-0.0123148403396537 0.0119228782131466 0.155511845672548 -0.149771642270691
-0.0194877854218148 0.00608975596308992 -0.122845533650937 0.0934775906892478
-0.0387102693801757 -0.0066145036776087 -0.184288653477612 -0.176090999260099
-0.00718446647308336 -0.0379007365003509 -0.0506772435916334 -0.446108146042096
0.0123435405614643 -0.0393229713493573 0.54864773505325 -0.354403486614672
0.041494149519186 -0.0126773603451434 0.753175713032265 0.34328078843757
0.0121860310690999 0.0474453261646114 0.148739508305015 0.854099315109041
-0.0549444388198893 0.0284101425399424 -0.369355187712931 0.498915627484686
-0.0570025447233029 0.00750940714260728 0.0179806192495735 0.0608979027536639
-0.0408488632171892 0.0220465129658246 0.30644117878929 -0.4886219961316
-0.0093162632842068 0.0347682516730893 -0.250095653932639 -0.907924817399463
0.024232302145133 0.0104551784984352 -0.881747326053049 -0.259013464671547
-0.0103169262064504 -0.0148367395917997 -0.484398468974215 0.571012149075237
-0.0240458672494176 -0.0161234269183793 0.135683432263811 0.534110207218201
-0.0219696334037247 0.00682539338391778 0.276985827396441 0.180025738077439
-0.0118882743221728 0.01599476832478 0.159076861214477 -0.150148501964511
-0.0175401404383978 0.00900969298182922 -0.118974019835852 0.0932776161682463
-0.0332501237115875 -0.00177047564104756 -0.181395741223263 -0.172401961970352
-0.00563072218445261 -0.035783617099842 -0.0497670056818539 -0.439022692535652
0.00696642459630346 -0.0372936873564712 0.545569742187141 -0.351386646191831
0.0393132870027549 -0.00886893845175733 0.749789224981417 0.347017574136204
0.0159782135801572 0.0531806422038593 0.14916977624104 0.860342333246736
-0.0515061980099182 0.0366634869628619 -0.37595223103736 0.505777878143554
-0.0548353789174085 0.0149485079761432 0.00529903892901051 0.0685642720519584
-0.0349422476729561 0.0299880239892665 0.298333576725967 -0.475209703316964
-0.00406757419590586 0.0402126852766936 -0.251238349732437 -0.900453956325315
0.0227206021281433 0.0163216144924304 -0.882832865384215 -0.257270264225147
-0.0148036845707779 -0.0100489041832615 -0.486385429296719 0.575210935707238
-0.0223891677013193 -0.0136946029225486 0.135750047737561 0.539314921923358
-0.0164665404656567 0.012329108531221 0.280251426440676 0.185472174395177
-0.00773897230224074 0.0191690732455427 0.163026354836378 -0.147201075048601
0.00909262325444112 0.00767420709290128 -0.128848693410647 0.103912358752687
-0.013574685088677 0.0145919656736348 -0.204053927414213 -0.157289412400048
-0.0130259282334972 0.00696682417657923 -0.13694600199567 -0.464701471196844
-0.0158598183562646 -0.0084957729752969 0.426600696286497 -0.475403239893699
-0.00666644206058686 -0.0440994211308325 0.788856354253814 0.168765477152734
-0.000962171508756826 -0.024526091640206 0.333430744384126 0.790512317958998
-0.0170349107665841 -0.0325363472498828 -0.260353528504563 0.548571484902961
0.000213877652134379 -0.0417510045403861 0.0371094768715012 0.090843194741111
-0.000980752280115649 -0.0450670739426487 0.392530820313438 -0.432143069754945
-0.0273183541855236 -0.0418734774471089 -0.0670448574053186 -0.953555479493968
-0.0225219824811242 -0.0162213910942362 -0.835472919121545 -0.438247706574647
-0.0324899850443579 0.019884803110143 -0.613653222920308 0.455291098814839
-0.0259285481743472 0.0288941925618637 0.0446578611992808 0.526376447397398
0.00585707854436426 0.0272682438618235 0.259048702004984 0.206873272279406
0.0201332168047188 0.0159819546471959 0.157081583968902 -0.134922065536891
0.00281492773396661 0.00487983208863116 -0.130630568660892 0.103068050478342
-0.0228331785058458 0.00862320958922078 -0.203869125208301 -0.163536960788986
-0.0158402184872068 -0.000788683846650779 -0.124265975415611 -0.469109734816275
-0.00897246882397465 -0.0170619885538357 0.448401890263389 -0.463083174733971
0.00205157654702639 -0.0448069443759777 0.789961963865852 0.193902981609736
-0.00174907430018312 -0.0184888172162217 0.303934592452722 0.798100747123689
-0.0265199896890251 -0.0295888312302603 -0.272987322949685 0.534360862844514
-0.0102316038756421 -0.0395908715880272 0.0445969442722237 0.0797010873936587
-0.0118929723145139 -0.0412654051241417 0.387688079702292 -0.451802028836399
-0.0297160582619304 -0.0344950904369438 -0.0967573202468672 -0.960628676387139
-0.0123833605244201 -0.0136771989772455 -0.844152418694827 -0.413572747292316
-0.0221031022674028 0.0131451299996159 -0.590112682867193 0.471808082969846
-0.0253022239872514 0.0195344170915957 0.0589857556269576 0.523900289687883
-0.00304156012653703 0.0187225863081862 0.25982370943039 0.198527864992935
0.0134666297413662 0.0120511461953914 0.153266093141327 -0.140572844230664
-0.0045239567116981 0.00332724546465621 -0.132436031822221 0.0992420095687724
-0.0305589823841435 0.00262381082970545 -0.202437083308541 -0.169563057227649
-0.016145996910606 -0.0113664029547219 -0.109455150816414 -0.468754417873453
-0.00228697142700692 -0.0254998670181492 0.475681795134094 -0.442047715914802
0.0125643697371141 -0.0419872284923472 0.785840767449064 0.22494133258476
-0.00133184698751414 -0.00778316424105039 0.270222684293935 0.807195326549174
-0.0354275089912728 -0.0203721775538024 -0.290118688198183 0.520744866565322
-0.02334787924175 -0.034177557055257 0.0481609833389768 0.0699486797470264
-0.0225608100062608 -0.0325516319050176 0.374209795095744 -0.468459517612257
-0.0296848386830837 -0.021430978901189 -0.135992121169355 -0.958112524445463
-0.00125757068070382 -0.00978959926386443 -0.854761694119558 -0.377454210473752
-0.0136482904421709 0.00549222401865072 -0.561284019129833 0.498887994427051
-0.0251216711252544 0.00875104403765802 0.0790714514144822 0.523310355198429
-0.0106748246606114 0.0115812888606827 0.262330146731366 0.190399288317892
0.0043038015915058 0.0101191169734369 0.151819733046931 -0.144317777866662
-0.0115817109604473 0.00234934889405872 -0.132701431369806 0.0973621844968852
-0.0370818461966008 -0.00302640629330415 -0.20012975604382 -0.174384339661701
-0.0155322069630232 -0.0222531348416555 -0.0925030863761222 -0.466247620101892
0.00522051806867498 -0.0327043691189568 0.502040236594749 -0.421210157881463
0.023857301205889 -0.0367805465550845 0.779782603097732 0.25992707832949
0.000979783533590108 0.00606967861731185 0.234218110581411 0.81984773293304
-0.0437061265732979 -0.00924304483718699 -0.309371625281216 0.509146977734946
-0.0360129097305795 -0.0250116413672345 0.0456621534245238 0.0625014396789798
-0.0328822119609043 -0.0198288487268685 0.357212234996112 -0.483159486410102
-0.0262846372073447 -0.00657677405763391 -0.177460088764361 -0.948692463732091
0.00939631232221652 -0.00492407702089958 -0.862965075987612 -0.337667133382736
-0.00848513843902868 -0.00231286451589237 -0.533888753471444 0.522944788042106
-0.0249040047312479 -0.00114174943199372 0.0989691343097648 0.523876137785978
-0.0173203515521727 0.00582425382339354 0.266540946456323 0.183691349666614
-0.00361369269065998 0.00900221495983236 0.151566524491061 -0.147719369304146
-0.0168665092020548 0.00253793021994888 -0.13166789423172 0.0951580611214899
-0.0402750677637089 -0.00706682741498419 -0.194877820414122 -0.17691556736287
-0.0129085318454606 -0.0304397568935877 -0.0759302488467666 -0.460570314110525
0.0112147703407988 -0.0373251700111322 0.526354449456464 -0.395546849615497
0.0330167343208447 -0.0285318871941785 0.77267526343927 0.293400862362047
0.0042502512035285 0.0215130414177898 0.197922232699468 0.833114621642302
-0.0510657857480451 0.00493207343255703 -0.330888088734046 0.501569252192062
-0.0468789313973621 -0.0132960697617393 0.039916214974271 0.0581496142655806
-0.0388174918387472 -0.00496706450742619 0.335840542509979 -0.493869461401289
-0.0214155406317154 0.0101392237745391 -0.217423508394841 -0.937185877098872
0.01792173164739 -0.000529294319869079 -0.876740471743596 -0.298657201095582
-0.00589036066028413 -0.0101496399824708 -0.504836895695522 0.548788569337184
-0.0246191814628756 -0.00913651416110734 0.117339877033881 0.526544562623515
-0.0222946641875127 0.00357268033758924 0.270904766391022 0.179041146940758
-0.00966320830033865 0.00958528060426395 0.1531134108708 -0.149535331523012
-0.0198100854887394 0.00348030252257894 -0.127731366209328 0.0933685662023815
-0.0406176503354179 -0.00796375451204972 -0.191224944982929 -0.177597642307665
-0.0103353095427045 -0.0365205769191647 -0.0614337725932424 -0.453036364442954
0.0132593549838936 -0.0393755269355644 0.542625618524014 -0.372093565270033
0.0386981234577037 -0.0196588833746646 0.765081243024451 0.322939419082554
0.00742196560871467 0.0350582520654923 0.168812169782021 0.844563983600772
-0.0541249413182513 0.0171596136245607 -0.351516691317479 0.497183998769297
-0.0537340713058571 -0.00284895900490556 0.0304038738929872 0.0566728350924241
-0.0414538665235172 0.0108227585635668 0.316489343594205 -0.497553720558342
-0.0156570615031701 0.0238926358537921 -0.250115426102678 -0.920853275078522
0.0229353866100729 0.00490653964270336 -0.882462032451398 -0.264886917737298
-0.00668200947665447 -0.013603451570513 -0.485100297561804 0.567266933128668
-0.0252327950281513 -0.0150236225541138 0.134354891704063 0.528453044886695
-0.0236235912865385 0.00439371211027959 0.275553665835846 0.176217212174054
-0.0124918505764654 0.0127479753579226 0.155166390492928 -0.151532937439177
-0.0198696046129131 0.00660941162587198 -0.123181956463622 0.0943115113747765
-0.0376224896025584 -0.00611995908823417 -0.187080594787386 -0.175529781474933
-0.00731054519914495 -0.0379184527290584 -0.0553027107653881 -0.444723616126771
0.0120323105189021 -0.0387540179687366 0.547855572078511 -0.360502419047618
0.0414912282149813 -0.0134871424512592 0.758074114761905 0.337099839845249
0.0121083479415186 0.0462995062947638 0.155202748681122 0.854262286644078
-0.0551627011168294 0.0293827134471839 -0.365331840876747 0.502225428605259
-0.0572184123571958 0.00758950630209724 0.0180408754194072 0.0610396827983859
-0.0408355739960108 0.0225359354401931 0.304754701642252 -0.489819500072597
-0.00897813174551971 0.0349315518886325 -0.259416251931946 -0.909871213148647
0.0251810611266151 0.0103057177084319 -0.885469918081839 -0.251959478694733
-0.0106105792829281 -0.0147183317798598 -0.480427909499948 0.575990303944527
-0.0248482281978425 -0.0159499295032768 0.141283546885774 0.533565952260909
-0.0212145775590901 0.00695925737973318 0.279818067811619 0.179218101870414
-0.0113767866243738 0.0148548211562982 0.15938542004695 -0.151035416263517
-0.0173732717595734 0.00904266379264517 -0.119542880362823 0.0938399133611917
-0.0333784398118419 -0.00139167984987683 -0.183984992226565 -0.171614631154598
-0.00648008104728601 -0.0359751608275333 -0.0529380190548189 -0.438282895627848
0.00687282166230805 -0.0369852755143242 0.544991757687831 -0.356745958262769
0.0392406069517672 -0.00918352650799049 0.755156647062512 0.341644741789586
0.0165397260466008 0.0528930988124519 0.156642072550384 0.862044563475308
-0.0509307405808769 0.0372204163799522 -0.372822640732244 0.509894332857113
-0.0547010485394099 0.0154102291110775 0.00562043095673606 0.0679551542841987
-0.0347455088383721 0.0302297042960486 0.297349410290756 -0.477747488866402
-0.00420597813978776 0.0407809923432606 -0.260087474827 -0.899469254621261
0.0236183857725911 0.015128479483707 -0.887950387026761 -0.250702673702675
-0.0154434116019712 -0.010474316356444 -0.484362389580114 0.582961866878713
-0.0229867205120342 -0.0135214802641621 0.141972882590689 0.538897615122078
-0.0155761311945289 0.0119784970399416 0.283876723990111 0.183974838202437
-0.00771905784647648 0.0184761296268609 0.163313334550002 -0.148592952990332
0.00861100459471665 0.00728798407493925 -0.129033440742849 0.105045922681268
-0.013315476992005 0.0150939954783224 -0.207334405358553 -0.156038464662282
-0.0130606945021725 0.00777888599081482 -0.140264676979577 -0.462972292336825
-0.0161960103446274 -0.00833684925451918 0.423361423583423 -0.481822355387062
-0.00706276820027541 -0.0442790308003901 0.79326656735402 0.158933398170505
-0.00133908910535145 -0.0249009624652288 0.341229255421369 0.790571843694308
-0.0178139195243983 -0.032111060269403 -0.257617798813727 0.553539869120526
0.000608694733712532 -0.0413397178500224 0.0390789323145601 0.0901838590667567
-0.00173255510162789 -0.0450156909783162 0.389164108320501 -0.435279548404621
-0.0284787360055844 -0.0422066256719436 -0.0765453487136752 -0.956235585191419
-0.0222299264459438 -0.0161000372659109 -0.84334579939743 -0.431094323361754
-0.0328860913985672 0.0215248125135846 -0.608479584170302 0.461763130502899
-0.0258092012702771 0.0293690430568386 0.0484877320864904 0.526580145302101
0.0061801794447502 0.0271230020704309 0.262053858214726 0.204880970242707
0.0205389682169119 0.0154450968356942 0.155793682294064 -0.136885574208116
0.00321628591577146 0.00517706986079369 -0.130719448695054 0.103788735480228
-0.0223515643924703 0.00871583041930597 -0.206570076970278 -0.162960393882945
-0.0154643831129694 -0.00123814653082419 -0.128728786922306 -0.466760708790576
-0.00925578316757147 -0.0164603598203477 0.447155095592608 -0.467964794976503
0.00156436102991197 -0.044792674734678 0.794391182854069 0.18673274985418
-0.00294692881015767 -0.0183404561568979 0.314478219872159 0.797889660758697
-0.0263232280842278 -0.0283663929109629 -0.26680869688193 0.539180950716235
-0.0106827562619438 -0.0395014397726434 0.0466693701488324 0.0794180896539007
-0.012036931463699 -0.0409833497307468 0.383808632793526 -0.454259856378593
-0.0301173754428294 -0.0342003203306965 -0.106313114187701 -0.960116019694815
-0.0125129839200268 -0.0141360238530866 -0.85086663612795 -0.405468509255838
-0.0225871146676225 0.013820171639597 -0.58661764780872 0.479575454343068
-0.0251535199626454 0.0201662354509386 0.0645600137474377 0.524244783233768
-0.00184413632278764 0.0190167599884425 0.262381499094027 0.196159052218311
0.0142571709979522 0.0113702232292929 0.152937908132866 -0.141943990264494
-0.00487951152437104 0.00390795552403285 -0.132750389747149 0.100846404193764
-0.0300045966764895 0.00259215830990403 -0.205893791400656 -0.167582196740304
-0.0161825803283995 -0.0113520552462203 -0.114448807914198 -0.467637942667885
-0.00232637715549244 -0.0253552174907997 0.473646508907347 -0.450126579013451
0.0121973803141854 -0.0425712728975377 0.789737948837203 0.215074539169169
-0.00208222818962696 -0.00802374232011732 0.278800080243361 0.806284864992796
-0.0357471763629666 -0.0199437256284564 -0.284192716614288 0.524465288406125
-0.0240928983311891 -0.0334035795641675 0.0482833569835904 0.0695946670396481
-0.0237041723839851 -0.0326782758986736 0.368800396436323 -0.472951569399176
-0.0294516764199274 -0.0214319734851642 -0.146855617194801 -0.957474554099719
-0.00175709496834889 -0.0104202330500211 -0.862733962891089 -0.371747939642823
-0.0139756542552004 0.00605800602452033 -0.557110939504514 0.505689176238388
-0.0256795857017987 0.00904331840008285 0.0843305765397867 0.523982367324429
-0.00972533555613819 0.0112265959621457 0.267377947000933 0.1877178631489
0.00469141289411216 0.0093325170983617 0.151966804113783 -0.145149851667993
-0.0116778731565089 0.0033074189368798 -0.132397226252218 0.0984897013172482
-0.0364979002121932 -0.00254759381336355 -0.203701655896787 -0.173007265774293
-0.0154235534068643 -0.0217089704797542 -0.0955127163017173 -0.464333300163243
0.0048045718340208 -0.0321640368649576 0.499664575468686 -0.42804116208538
0.0228347956565617 -0.0368004201125579 0.785119361799672 0.251224157334446
0.00031224322801234 0.00520736611330357 0.243077326698167 0.817836237372702
-0.0442632288545378 -0.00846309692785373 -0.306132422111125 0.513703160386967
-0.0356602730342723 -0.0246122534238626 0.0463010174325665 0.0624453954812339
-0.0326432342964432 -0.0188407382716431 0.353606220716632 -0.488564493854969
-0.0267946855530471 -0.00578730004959252 -0.187769580478211 -0.950860504183584
0.00929404599818431 -0.00577714108024903 -0.870316871259579 -0.32906689664232
-0.00866044178649714 -0.0024816736325362 -0.529452826926296 0.52950602598565
-0.0255894674473392 -0.000489624391080742 0.104595823015042 0.522843557262808
-0.0167720384319575 0.0059134994567059 0.269775962170624 0.181334856923522
-0.00409658505124257 0.00894144370037793 0.151542762693755 -0.148331876488897
-0.0168541772315029 0.00303071980895592 -0.130866195230148 0.0957048177660979
-0.0404969788690284 -0.00660650755739941 -0.198091268625518 -0.175762027446091
-0.0134021902365614 -0.0294819565675287 -0.0799474822092709 -0.459841448934597
0.0109435158005207 -0.0373510879514491 0.523386375117495 -0.403080317795001
0.0327296133704114 -0.0296642293208379 0.776886579350307 0.286307682750729
0.00426882973157401 0.0212027888747002 0.207076153839505 0.831704964247767
-0.0504725758411847 0.00526033947738661 -0.327492129584363 0.503988785908516
-0.0469180872447051 -0.0138122921182336 0.0405588454039525 0.0580946588702378
-0.038974825719745 -0.00386996349786112 0.332134232563603 -0.498036909358179
-0.0216329705500055 0.0102738060402127 -0.228581162745535 -0.935544016933991
0.0181564226603301 -0.000222875763659959 -0.880886610468841 -0.290420231888534
-0.00588290608993887 -0.0100013595764688 -0.500727385966127 0.554880985917188
-0.0261672834278053 -0.00893688655566646 0.123968415831553 0.526601851924929
-0.0215496100426016 0.00413554248821497 0.27450746392144 0.176271415582835
-0.00919554180798598 0.00937736279215117 0.152391678369863 -0.151143478313513
-0.0192181924625538 0.0043468179077839 -0.127799243769291 0.0944443607773616
-0.0402391537354215 -0.00715499012240042 -0.194205066542723 -0.176231329131151
-0.00987985976067971 -0.0359397435314392 -0.0656202464865422 -0.45277026820054
0.0132461887137855 -0.0392804754004348 0.5413096716774 -0.380356043615559
0.0390260076232097 -0.0205482736079088 0.768649055101643 0.31634864495484
0.00803425548305857 0.0347152859056807 0.178301977710043 0.844125085877304
-0.0545607863460495 0.018481708126058 -0.347461349048017 0.503276001058481
-0.0541635616445062 -0.00203497149596051 0.0314684162859293 0.0564721482886126
-0.0416341397237375 0.0108759059973986 0.312264365050724 -0.498952143904383
-0.0154640286839302 0.0239366862850664 -0.258830976947394 -0.921138879813133
0.0228886175060432 0.00424746702750001 -0.887081992029701 -0.255915484597721
-0.00684316728660214 -0.0134489558483709 -0.477601745989188 0.574317466524206
-0.0257975654370307 -0.0141391943369738 0.14171680290284 0.529369215016369
-0.0235216903990807 0.0041936475784953 0.279326971074373 0.174301922362454
-0.0119835842206617 0.0121053319973728 0.154989633812068 -0.15310776225087
-0.0197454963935492 0.0058785657798778 -0.123269111805517 0.0939129425301584
-0.0380941857586163 -0.00538535615926715 -0.190087380014639 -0.172679674756967
-0.00779684353833853 -0.0380918662486168 -0.058397178969089 -0.444531545795496
0.0116968141281838 -0.0386130426002721 0.546371617013161 -0.368949461351655
0.041510714315245 -0.0136889284915573 0.763353275354782 0.332450683757083
0.0128308093835633 0.0466776280848918 0.166234984777732 0.854749487828925
-0.0548549679163309 0.0296850389798485 -0.361837351455372 0.506085918458365
-0.0569690790177622 0.00862395490638869 0.0183022469513897 0.060996092636799
-0.0396264373659615 0.0240291380009342 0.299733083223333 -0.493803458202093
-0.00877478636757809 0.0351846862319622 -0.270061514711629 -0.910026272229146
0.0257115130941178 0.00871290309448022 -0.89300952677991 -0.244279141013896
-0.0104759277274436 -0.013518937190348 -0.474235296636203 0.584401546732215
-0.0248991359082025 -0.0162352055218099 0.147082739120569 0.532543995433775
-0.0212520767061819 0.00738769322572124 0.283458837619122 0.17685794828547
-0.0108213847517226 0.0146689318189554 0.158427526001979 -0.152499978058534
-0.0175960208226412 0.00927823638757538 -0.118809743497188 0.0936329692253286
-0.0326005337473351 -0.000967505832851827 -0.18715638770981 -0.169448441548654
-0.00607695110764975 -0.0354459236534119 -0.0570850496981704 -0.438471173334027
0.00622634573081049 -0.0367614415350337 0.540866461127299 -0.363915046190265
0.0393971221203244 -0.010574905521527 0.761389362990838 0.334457474489065
0.0175704242825422 0.0518571744286139 0.164314538127186 0.862631989003085
-0.0505930076655636 0.0380986901168136 -0.367556947694801 0.516420995289298
-0.0545186649464155 0.0159586156350751 0.00594691316992201 0.0684747658546268
-0.0345814913291038 0.0317875549876191 0.292132757198801 -0.480565555660683
-0.00376015820131262 0.0409052549696299 -0.268961034866422 -0.899477188532267
0.0233311019843665 0.0145485269695694 -0.893219469410194 -0.242340910724394
-0.0150995331049841 -0.00975047178301437 -0.477634173434003 0.589602438944826
-0.0230817639700046 -0.0137826148504481 0.148076856235111 0.539849591444474
-0.0149200790655386 0.0117242152840736 0.287746536480897 0.181916413606927
-0.00665877815056857 0.0182093461922061 0.162678015592853 -0.149932250260036
0.0093484301080838 0.00794029577670701 -0.12896208524747 0.105263126397865
-0.0132056270539945 0.0157157819450159 -0.210625425977353 -0.153771457940461
-0.0128532576415146 0.00782868897996511 -0.145016954813862 -0.460195061846759
-0.0164687133256828 -0.00673418236852635 0.418224628802516 -0.486064964722456
-0.00812787056179925 -0.0446411335049038 0.797446843121341 0.148718625134818
-0.00202193978980312 -0.0250225339361711 0.351456733523478 0.786401997293907
-0.0180029304382506 -0.0311067784111689 -0.249218493949535 0.555952847546533
-0.000541655476134423 -0.0414141026758958 0.0397302980669243 0.0895157053905351
-0.00182598261764818 -0.0450120707403756 0.382836785301297 -0.43978536958417
-0.0288681388298388 -0.0414689023798326 -0.0875528500793452 -0.956415615211728
-0.0224937851924747 -0.016067792706072 -0.848376154651376 -0.424788912186944
-0.0326513120351173 0.0215625370620705 -0.605431763845548 0.472137180578202
-0.0247254947234854 0.0298252719225701 0.0557060681454529 0.526504598847727
0.0077224808720029 0.0271018962298003 0.265508301170245 0.202328769912573
0.0216920442510307 0.0141391944747624 0.155357454709482 -0.138019356300388
0.00300668928595291 0.00535787960015194 -0.12935069369239 0.10428544262315
-0.0220070487264078 0.00944950262142534 -0.210461074699824 -0.159586307245294
-0.0154291493206999 -0.000887453517381231 -0.134796787189508 -0.464449339089728
-0.0097995448320092 -0.0158091707016533 0.441299328409108 -0.474361757429658
0.00118896092525141 -0.0457715351523606 0.79562697126576 0.176703662759812
-0.00340353344009358 -0.0191849324677058 0.322636749928722 0.795493437582714
-0.0271595759157633 -0.0282051505657811 -0.262299847043057 0.54280790574381
-0.0106209877780727 -0.0392808893653683 0.046943507722653 0.0789800598951588
-0.0128139655602915 -0.0405462210168113 0.37803265510188 -0.458418228671892
-0.0304997906761462 -0.0332716491746164 -0.116846429389141 -0.96151444000257
-0.0126532165114361 -0.0146524597939254 -0.85891181159199 -0.39662140665972
-0.0224496164723334 0.0136751393936679 -0.584181158441723 0.488971417824549
-0.0255261318779323 0.0202606093838582 0.0709434812821636 0.525047324954089
-0.00101364312867935 0.0189132660956191 0.267111161539096 0.194023055999487
0.0136682246003392 0.0108886662484876 0.152313132118561 -0.143253770235304
-0.00431848352871956 0.00364998554733948 -0.132561905009312 0.1017000833667
-0.030008257196865 0.00392006196180894 -0.208782570329869 -0.166857065884126
-0.016463146409629 -0.0113134768791473 -0.11864351088445 -0.464822591073049
-0.00232711520250919 -0.0242437222347681 0.470300934372874 -0.455460687530937
0.0120476238728849 -0.0426732728262796 0.792617454429956 0.207341893685258
-0.00176202039229264 -0.00864682348368691 0.288629522926366 0.804892736167613
-0.0356427979616944 -0.0196513412253057 -0.279257251043704 0.527432005855919
-0.0236531819396325 -0.0332482252650707 0.0494958430036765 0.0691735926599196
-0.0239015889293317 -0.0312957132679621 0.363821425300346 -0.476079953500178
-0.0305229801506753 -0.0209593551729789 -0.157296004315138 -0.957303538272811
-0.00141362925645306 -0.0107604286883346 -0.868485292312092 -0.360164752860977
-0.0131626513442534 0.00596058804367528 -0.550384952007237 0.513471353853545
-0.0250595267778786 0.0100665659410412 0.090434075995873 0.523521254091196
-0.00935801526921236 0.0116088653702496 0.269574217858622 0.185330740315603
0.00418554658134678 0.00869603754911498 0.151645305908684 -0.146300820675209
-0.0111180239200477 0.00204504142397298 -0.132596985886787 0.0986433495806022
-0.0365680898575066 -0.00144823500058918 -0.206185916326126 -0.170637305005124
-0.015492848010963 -0.0212990157214705 -0.101104051905436 -0.46299725145317
0.00487478681324549 -0.0318584904235547 0.497768669349465 -0.432789427491008
0.0224087261429004 -0.0379909301630568 0.789814530269684 0.241928725685193
0.000134036490205896 0.00502244178483208 0.251968195697148 0.818751160314434
-0.0448894792200343 -0.00772777094614229 -0.301430332868513 0.516249833617271
-0.036439522193455 -0.0237586137842427 0.0474124208937245 0.0617239861497033
-0.0333296694072304 -0.0179634089486729 0.347970613227241 -0.490523421863126
-0.0274964725485215 -0.00518368322894231 -0.198217937282129 -0.949106657412474
0.00888674790600448 -0.00616859567563783 -0.877298638694202 -0.31897027618335
-0.0084111531218934 -0.00227442061511116 -0.522965836110547 0.536572649783099
-0.0253784067481041 0.000330252251086152 0.11183420077562 0.522596329911836
-0.016621675353302 0.00617636390979754 0.27362572808056 0.178384422130855
-0.00334502948676106 0.0079971508611573 0.151625222192645 -0.150451946339636
-0.0168950542703816 0.00292023857877252 -0.130901113705452 0.0967426082437243
-0.0401996358262024 -0.00580475659009918 -0.201945389789274 -0.1740741653706
-0.0135940715423739 -0.0302835755290325 -0.084754520716142 -0.458556807944467
0.0105424545260855 -0.0369864221806406 0.520291328180023 -0.4099707121172
0.0324834520582742 -0.0295557528949476 0.781057251910712 0.27860272907944
0.00427803113148975 0.0207429705876402 0.218283306530018 0.828746851133856
-0.0511289250643886 0.00583513384082406 -0.322298803433027 0.510143320788365
-0.0476169121507585 -0.0127586083729773 0.0414786719528241 0.0570587709985415
-0.0397168635123414 -0.00253229209591743 0.326512770315371 -0.500507792523627
-0.0218312834124745 0.0110883219090757 -0.23870340746821 -0.935261205453478
0.017919043791843 -0.000725218641008621 -0.887016835341213 -0.281602247952409
-0.00654544891542595 -0.00954702746981911 -0.495089300644538 0.563045430213993
-0.0258580677461129 -0.00863285207310936 0.13167441619919 0.525187718792265
-0.0209462572570363 0.00391596852490128 0.277438932632644 0.174557951082254
-0.00844337985904553 0.00922950326857489 0.151901516071125 -0.153322541241367
-0.0194517838509962 0.00405777442267159 -0.127388189624553 0.0947060820242521
-0.0401317133990427 -0.00639838239985835 -0.197203241448181 -0.174468410569729
-0.0109858220081263 -0.0363058281654019 -0.0700254400944057 -0.450595107416763
0.0125573751796424 -0.0389004235367304 0.539377661818827 -0.38680414221156
0.0390430983990822 -0.0216787715292391 0.773036508956098 0.308535330220377
0.00833222275685088 0.034796163788587 0.186764851217463 0.843441400630684
-0.0537230622012808 0.0186681213725791 -0.342539602516016 0.506770854275419
-0.0541884827545849 -0.001614016262317 0.0318886166382861 0.0560493894791057
-0.0417221937737552 0.0117768483915367 0.306927649602937 -0.504203214384649
-0.0154155082094803 0.0249720530453205 -0.270282984362583 -0.920401888767806
0.0237720581627676 0.00375632615152861 -0.892167757249876 -0.247145709606785
-0.00724562088872879 -0.0131775233674738 -0.472223141488481 0.581579871869429
-0.0264492895878614 -0.0135065001636501 0.148725547718537 0.52869693024561
-0.0227627577633374 0.00470756682354968 0.28264621961983 0.171150288575955
-0.0116268629600447 0.0110100082382031 0.153960124148512 -0.154538360166213
-0.0196960230689799 0.00649476172706445 -0.122337189927659 0.0953911589628234
-0.0374407296596292 -0.00475737558036138 -0.19372546191459 -0.171742558722448
-0.00864785020388632 -0.0384634275713074 -0.0624682907721112 -0.442394540194528
0.0114454476779548 -0.0386131219709228 0.543979687484445 -0.37520341512109
0.0413634418358902 -0.0153507051004288 0.768985645201438 0.321934676770824
0.0126855235228717 0.0459258387748888 0.174705175184953 0.853000758589541
-0.0545760175547612 0.0309656629447281 -0.357272460019002 0.512136973917964
-0.0568557324531914 0.00928293308124759 0.0191278659848724 0.0614607689507085
-0.0398715994250248 0.0247419327380456 0.293479370088416 -0.496601148764733
-0.00859790842544515 0.0356091401796523 -0.280555156454776 -0.908572761409508
0.0259946844727997 0.0091119655885128 -0.896876022945168 -0.233935952801208
-0.0106771895595434 -0.0130293945852703 -0.467603759007604 0.59180687631921
-0.024510096856147 -0.0154675909795375 0.155112920852763 0.531556013944122
-0.0203153309131976 0.00708411967937246 0.286939785986689 0.173655896698999
-0.0103301384169387 0.0142984704324404 0.157819603110431 -0.15420800879422
-0.0170588742916805 0.00943848748815079 -0.118917426333964 0.0951330786083619
-0.0327099577807803 -0.000112141371298252 -0.190088465138029 -0.168225989465904
-0.00645193943991297 -0.036063448029749 -0.0602878884474762 -0.436013626305475
0.00603718975191992 -0.0361702272206914 0.540412473734417 -0.370343451898834
0.0392744604108607 -0.0110622443400024 0.765131674326758 0.327245894110025
0.0172944266536114 0.0514460554325231 0.176697701005638 0.860157853374928
-0.0506001592229345 0.038586271908617 -0.363111803157857 0.520373038281862
-0.0539636549252262 0.0161191911539315 0.00713176376768072 0.0685546369452056
-0.0350821844440422 0.0325375212846575 0.286909419894347 -0.482125229237569
-0.00374831883381242 0.0417604958705974 -0.280114452653596 -0.898101518466335
0.0237998780937753 0.0140579799382479 -0.899168406074991 -0.230823535173673
-0.0158001265197587 -0.00932386824275396 -0.47175736076794 0.595510847177656
-0.0227065951217912 -0.012729179950629 0.155528497499361 0.537667904763132
-0.0147873957768231 0.0119627382083385 0.290593252621944 0.178433527564791
-0.00663969737685385 0.0176549399719427 0.162639429136296 -0.152060323747915
0.00917909685275757 0.00723999713829849 -0.127636014349595 0.106257599770087
-0.0124624455108626 0.0159499558560137 -0.213261163206205 -0.150673508166257
-0.0125487946392542 0.00795689402161449 -0.150520924347129 -0.458126666348106
-0.0161649623738797 -0.0062572659545161 0.412159410286169 -0.491208259572661
-0.00858160632947992 -0.0448659355533954 0.798632063019238 0.140413586770337
-0.00232484148336415 -0.025738562149436 0.360694969980014 0.78167508428354
-0.0190557740054453 -0.0311021462569654 -0.241980378977408 0.559939147282118
-0.000635240275540301 -0.0418276856119726 0.0408207445702448 0.0892603416329588
-0.00202056581096181 -0.0443279929655965 0.378573201776559 -0.442414547467816
-0.0294991848640241 -0.0406832095697586 -0.0992716569910266 -0.955272706920973
-0.0232432059913822 -0.0167361181954453 -0.855688283201902 -0.412814770219282
-0.0319595070179032 0.0218659557013345 -0.598083830222288 0.480083591663502
-0.0247176075856471 0.0306459935317512 0.0628092721550156 0.525965551605075
0.00770746851541474 0.0262616454620556 0.270012735272622 0.199704094260454
0.0213248164515289 0.0141389362602777 0.155197723315924 -0.139801315810628
0.00260801444942561 0.00441235056194476 -0.130058564816635 0.105502733452031
-0.021250836649174 0.0101088076170411 -0.213508623301475 -0.157258782509557
-0.0154553306187957 -0.00106250258135127 -0.138728563851944 -0.462369105837587
-0.00945846408631462 -0.0149648324792631 0.436017402897641 -0.480987918321403
0.000663157730276065 -0.0454810037680399 0.798907557884061 0.166178391714757
-0.00350614216274071 -0.0194098499066772 0.333862163801619 0.790249752691018
-0.0274616414837801 -0.0268935056827174 -0.256013651695777 0.545348861294577
-0.0114986086542615 -0.0389424631339037 0.0480517355242787 0.0782747122591402
-0.0130320218298853 -0.0395227791444916 0.372269752052104 -0.462675382977323
-0.0307794509181056 -0.033149914814672 -0.129859846046738 -0.959516007377964
-0.0132803120070679 -0.0140608386739843 -0.864198398376482 -0.387522199244758
-0.0221762822064718 0.0149588415806866 -0.576155030329206 0.496985227361347
-0.0249643518867557 0.0207415098438905 0.0782470997020473 0.523635987887767
-0.000475391619706633 0.0187740760780347 0.269855924765714 0.191098809239752
0.0139995020501321 0.0106638713032202 0.151601985121498 -0.144661155832197
-0.00465930983532237 0.00314191371343255 -0.1312056689975 0.102085042006537
-0.0290818717315801 0.00441786232766827 -0.211760309884498 -0.16294743118487
-0.0165515335888044 -0.0107131868881905 -0.123998083650403 -0.462279648330279
-0.00246921780840394 -0.0238435727630366 0.464190045117676 -0.461588244326095
0.0109086490043178 -0.043253755723657 0.797460607815113 0.197281242597628
-0.00235758336899152 -0.00906342154878653 0.299379842347086 0.797998156542351
-0.0367028947933244 -0.0191070527840646 -0.272564831988319 0.529972383014537
-0.0238819634127878 -0.0328464624183182 0.0506536346699346 0.0686250872739983
-0.02403296109008 -0.0303550664716195 0.359219787381608 -0.479696555712256
-0.0315601589143987 -0.0205224383927165 -0.169727032309736 -0.954901258430843
-0.00202235864525435 -0.0107668116855718 -0.873982055709926 -0.347920021971304
-0.0139969866689014 0.00725177901442402 -0.544884509768045 0.521626563937626
-0.0255187686884518 0.0103690187558077 0.0984919821131618 0.522256504979851
-0.00882427991302714 0.0111177632848857 0.273503321937001 0.183037666140749
0.00522785508949901 0.00844814326483495 0.150315324658464 -0.148711494058513
-0.0109777986144686 0.00254530545786945 -0.131528833277886 0.0999870751054214
-0.0360462014382912 -0.00110793128638798 -0.208770463556533 -0.167771482305471
-0.0158554214811527 -0.021099040669951 -0.105941197172637 -0.461044584131899
0.00461184452349585 -0.0312350748038372 0.491126794372872 -0.439580902918795
0.0221058606447339 -0.0386036934387373 0.791356868734697 0.232336877644203
0.000462216737128689 0.00455809874947247 0.262952386292076 0.814307563836171
-0.0447045433655316 -0.0061914347842662 -0.293058171066762 0.521500787810202
-0.0367801202848712 -0.023732247601482 0.0479950006043811 0.0610310713249644
-0.0336858066754095 -0.0170457952830353 0.341021635996607 -0.492756076799016
-0.0277243820646731 -0.00526788344519534 -0.211217167098419 -0.945107507677209
0.00883848157959093 -0.00637342783957227 -0.881821275926886 -0.308386895565589
-0.00887856015982225 -0.00195986113750156 -0.516074316680599 0.544813146987693
-0.0253697515846018 0.000312089843930947 0.119155169625279 0.522431310899376
-0.0158966519524885 0.00619764511068742 0.27634595508404 0.175277911162963
-0.00235730244188642 0.00791869502565835 0.14985035008641 -0.153134218421119
-0.016621172004283 0.00268729048225314 -0.130596557592538 0.0976901518512223
-0.0393873328337782 -0.00462481635806123 -0.204760145537739 -0.171021262414716
-0.0141002649489457 -0.0297204418863556 -0.0888254757733907 -0.455761481600122
0.00996859991423915 -0.0359878560638151 0.516831934534475 -0.416411147207
0.0319748429631308 -0.0306482609147661 0.784091643946019 0.266884705487641
0.00432930371559273 0.0204269260725297 0.229048924951269 0.82667119192894
-0.051007766441753 0.0072302480668523 -0.314937142565882 0.513831937428144
-0.0473954008411304 -0.0123692413786891 0.0416760800655874 0.0569321025796964
-0.0393050670523281 -0.00150506276838044 0.321391579341877 -0.502565980885627
-0.0225627542266762 0.0106789574785955 -0.249373911542652 -0.931252854712918
0.0182319974731057 -0.00181266263884522 -0.89129813794828 -0.269787793476009
-0.00634485006242254 -0.00906550535067771 -0.486151800940063 0.571202551952833
-0.0261832791297463 -0.00816678240888305 0.138581210407675 0.522965690117109
-0.020678442548267 0.00370969119432009 0.281096929992979 0.169766542681083
-0.00819474331984297 0.00875054434139044 0.150869092933345 -0.154681575414963
-0.0193794802776763 0.0044656580108635 -0.126397038755682 0.0961759759350874
-0.0403156245832755 -0.00600280878147983 -0.200613081557627 -0.171116375380907
-0.0111304264828567 -0.0359754268664528 -0.0740100617692166 -0.449759622087147
0.012672830670493 -0.0381214535376915 0.534452651894449 -0.393456846800016
0.038520280770395 -0.0222239197266108 0.778148559876833 0.299693580683083
0.00827628457047335 0.0336566097252769 0.198454288722202 0.840520550593485
-0.0537374048381317 0.0202603702958982 -0.33522594703082 0.511167256298064
-0.053887639446377 -0.000835805735918747 0.0322649518960306 0.0556656236282121
-0.0413561942567949 0.0128971055852028 0.301665348049346 -0.505393228820359
-0.0154236793902476 0.0245412342975465 -0.282210523574535 -0.915450778027361
0.0236490843575775 0.00333646417507243 -0.896010337884318 -0.232890920641349
-0.00828882154425055 -0.0127667440353753 -0.464010087327821 0.589351685878251
-0.0262643299951611 -0.0134890761801452 0.154280040910549 0.525171478623844
-0.0222894668908406 0.00420950429067185 0.286522110917672 0.167970988760385
-0.0115657256688974 0.0105519405892312 0.152731284528007 -0.15560948903307
-0.0191588990032264 0.00663580865313566 -0.121836932207535 0.0958326973340197
-0.036964464506282 -0.0038781897109719 -0.196508102882563 -0.169181952293431
-0.00867517061573877 -0.0379469975697449 -0.0669048420736259 -0.439929376945944
0.0110672685363308 -0.038188159792847 0.539488514972833 -0.381366708959703
0.0408910271089084 -0.0161605687779296 0.773749925957202 0.31284815035008
0.0129180468240915 0.0447934315152066 0.187463318161334 0.850673618903396
-0.0541901811535066 0.0319929947383835 -0.34904685889863 0.516280993319514
-0.0571191226210947 0.00964550335844218 0.0202424000232569 0.0608421878389406
-0.0397475485043673 0.0257667356872821 0.287589432759436 -0.498415653939744
-0.0083061628060024 0.0358386465484047 -0.293421099545297 -0.904700668713195
0.0257776706082802 0.00803042796971899 -0.90048520612303 -0.223233820721628
-0.0111792840479485 -0.0129833120987458 -0.458715964202716 0.598215639977981
-0.0264158216660667 -0.0155992380793381 0.162851131758639 0.530573915484906
-0.0194696263778072 0.00671910774961762 0.290386640945938 0.170842016961058
-0.010079607811817 0.0139460210478007 0.156186582947249 -0.156622541561343
-0.0166756434145445 0.00928415677594221 -0.118096667231884 0.0957007275785664
-0.0324073621021489 0.000167318479784757 -0.193646084667379 -0.165060162345047
-0.00701263176533133 -0.0360291934766745 -0.0653888760889772 -0.433828107590948
0.00537149568913135 -0.03529702519652 0.536040346363935 -0.378066443282092
0.0388379869030017 -0.0116922874042762 0.771300863741217 0.317208386985262
0.0182283912684578 0.0498840108898938 0.186477867310384 0.859017333406233
-0.0502324730832731 0.0401190834338084 -0.356860961463437 0.525309871277703
-0.0543430915805189 0.0171476451371389 0.00810217998427772 0.0681552745079146
-0.0339776680636651 0.0328603503756329 0.281020109919151 -0.486284249082299
-0.00303706149239274 0.0417484465769798 -0.290793650331142 -0.894215237921582
0.0242641524882226 0.0134767613073344 -0.902827736518108 -0.220012701563177
-0.0160634952501498 -0.00851749049506284 -0.463613769072015 0.603172995151915
-0.0233598947153762 -0.0128740988924865 0.162617224125271 0.534858624863632
-0.0133773269925279 0.011873688257125 0.294427800452195 0.174996994770754
-0.00612598841255172 0.0168341975443233 0.160845266038157 -0.153095626884457
0.00957590044784519 0.00738309781314523 -0.127223504191828 0.106990317647599
-0.01192643389059 0.0162542485406445 -0.216982255199268 -0.148046350901479
-0.0121152108409069 0.00828678763101522 -0.15615295145522 -0.45396168339295
-0.0160391486086583 -0.00538849177587906 0.405389658841106 -0.496239892615951
-0.00894822352278143 -0.0451905836421861 0.798210391597721 0.128183133466884
-0.00299507665334679 -0.0255806003053364 0.372664720442087 0.774883232038625
-0.0185326339595875 -0.0305044911910011 -0.233333636274804 0.559524374542427
-0.00128588298887458 -0.0407985688725712 0.0418100207855896 0.0886256105221909
-0.00330394363855822 -0.0430092418390482 0.370882573349069 -0.446111269485438
-0.0303133906757382 -0.0400423054922163 -0.113428743772147 -0.952411758195716
-0.0227086439374055 -0.0163993849965382 -0.861396720898372 -0.399671857221152
-0.0320211064687713 0.0229033577120831 -0.590990672684472 0.486907362856056
-0.0248492701803527 0.0305239792414863 0.0697859809480829 0.524132189369755
0.00863802270383481 0.0263587106905462 0.273060003840115 0.195654942556604
0.0221898319593366 0.0132119468463251 0.153801300160673 -0.141378345792019
0.00314600250413616 0.004577392050448 -0.12813090179842 0.105889249301511
-0.0212561797133255 0.0105318558484647 -0.215693667993438 -0.15390910163362
-0.0154817936769251 -8.28168940608673E-05 -0.144118702291834 -0.458122794726106
-0.00990970883850606 -0.0144158310985875 0.429205702849407 -0.485232052242765
0.000103130099964752 -0.0463713595219912 0.798547699033036 0.155705493421871
-0.00447036101231768 -0.019499340189477 0.344819052548003 0.784426961467462
-0.0277708214373088 -0.0261649675120067 -0.24721013072908 0.547117800298173
-0.0132068017706574 -0.0387708304774743 0.0491298451354035 0.0775780875453983
-0.01347926953375 -0.0386811156497702 0.36514247359719 -0.465464391930549
-0.0324864309805722 -0.0321129939911296 -0.142972937052509 -0.956531521994532
-0.0133274834878322 -0.015252959120691 -0.869366859137608 -0.375187524771229
-0.0220023338265045 0.0157023772421816 -0.568242192689541 0.503689946656739
-0.0244326517549677 0.0215657374107216 0.0866866251305218 0.521229091342765
-7.94490811795532E-05 0.018042954292568 0.274111424056098 0.186893050568305
0.0147126621614704 0.00962275329135292 0.150555270498197 -0.145831156572263
-0.00478211028630992 0.00292311042642998 -0.130357315151203 0.102758144509163
-0.0290126814422429 0.0048571620634755 -0.214572298761304 -0.159966446096368
-0.0168535506360983 -0.0106903388311551 -0.129127942695822 -0.459227632720281
-0.00261741894340587 -0.023354361370122 0.458902170083689 -0.466741315088072
0.0102361374867363 -0.0439593670219586 0.797419000896514 0.185123494854796
-0.00267269175765338 -0.00935637766580508 0.309987392380008 0.794377086812928
-0.0372257104207988 -0.0176631512756151 -0.263893131726226 0.533680903799249
-0.0249161599513429 -0.0327935496120271 0.0514014085538301 0.0670047788394614
-0.0239783677991344 -0.0298342283265415 0.350912598803359 -0.48347344530819
-0.031481784635894 -0.0194699357756506 -0.182754281797737 -0.951056990057098
-0.00137666783375963 -0.0113468297320774 -0.877078622771735 -0.337312197728737
-0.0139396275379957 0.0072317212853819 -0.536840568835438 0.528659220917169
-0.025330114605618 0.0106977364096087 0.105814519728173 0.519558216836482
-0.00826144370391786 0.011034412314534 0.275371838762753 0.178167779317489
0.00572824033393518 0.00792891399905285 0.148316706884178 -0.150194216286033
-0.0110014307877835 0.00244930722438702 -0.130373378883572 0.100781871359132
-0.0356456388606385 -0.000297611966651885 -0.211854971152918 -0.164416256298816
-0.0158805581844927 -0.020910160241094 -0.110709054780462 -0.45749067828967
0.00482925238772582 -0.0303871987954645 0.485542078740657 -0.445601649453722
0.0212020483609228 -0.0393288844834205 0.792693733319292 0.221649116466858
0.000379353346971752 0.00391494232928735 0.274154087731472 0.808969263379479
-0.0449741486969425 -0.00554929878320166 -0.285968940248913 0.523496090730606
-0.0369686357465047 -0.0228634461040634 0.0487464082536403 0.0602023942303611
-0.0333990577042466 -0.016318410550944 0.333094264359916 -0.496979297188241
-0.0285714085593662 -0.00517474687387535 -0.223091092776952 -0.940895234850044
0.00890825342513855 -0.00710372266502116 -0.885076540088502 -0.296513306467364
-0.00805923614021375 -0.00178381305513861 -0.506865811791054 0.552749961750024
-0.0258446815681901 0.000638447497285671 0.124918233727262 0.518498572692946
-0.0148774730469704 0.00609378001007755 0.279876286671818 0.171808300067837
-0.00185003891174018 0.0073765110504639 0.148528425945806 -0.153213171537275
-0.016087381369428 0.00309119300962234 -0.128551557937077 0.0982205822398313
-0.0395003622527464 -0.00407517711607092 -0.207680106876125 -0.167399729897536
-0.0138060337575299 -0.0300069603249365 -0.0936303060444572 -0.452047214611211
0.00964613129746689 -0.0357459490479709 0.510230129055601 -0.422981486810876
0.0313523758896114 -0.0316895771734884 0.78754736968033 0.255954352113696
0.00435815779732575 0.0193499208837026 0.239932846165367 0.822486880439439
-0.0504797101769959 0.00758512593774806 -0.308199037145852 0.515611466660517
-0.0473358206559233 -0.011175413852535 0.0425617447519815 0.0564774866160744
-0.0399333281230556 -0.000992580024709141 0.314053532382068 -0.505090767734412
-0.0222142292420289 0.0115997122618507 -0.262926633713579 -0.926853216436378
0.0179701985457331 -0.0022170864949765 -0.892023646878006 -0.257882446059631
-0.00742079511519766 -0.00827415270032363 -0.478113662877756 0.576152536081763
-0.0262222040368311 -0.00835345589352419 0.145259546731682 0.519318631517317
-0.0195855521616299 0.00385045681768365 0.284380583542224 0.165330687789252
-0.00892191081878841 0.00842234146300327 0.149021351169095 -0.155522582500289
-0.0190874327825387 0.0046217937499221 -0.126325514803538 0.0964362584489857
-0.0403036399364843 -0.00537324268462926 -0.203439865433503 -0.167908113201504
-0.0111631235136066 -0.0353356010329055 -0.0796368789541043 -0.445916711684224
0.0121533465425352 -0.0375749318109437 0.53002344830565 -0.400310524115189
0.037665099222087 -0.0237773070112308 0.778942436618551 0.286395041167469
0.00862547691882496 0.0332183917581245 0.210529749155171 0.836468354746903
-0.0541421067055997 0.0207018462391086 -0.32835784379538 0.514017635947167
-0.0535648574203481 0.0003599027486289 0.0331922288160177 0.0553926122944129
-0.0412743429806937 0.0141981123450104 0.293836469634472 -0.508972227962681
-0.0157085042825405 0.0251185636656181 -0.293998959076667 -0.911016382068094
0.023755046043602 0.0020108156425667 -0.898236177764836 -0.223524399167839
-0.00810701619657687 -0.0119578346857653 -0.455245869988607 0.593195651291347
-0.0263321259357938 -0.0128132018000492 0.162150453658501 0.522655800070562
-0.0215754097130965 0.00462021085540491 0.288548542954316 0.164191730795362
-0.0106482896952647 0.0104204806310873 0.151707724745234 -0.157137537378579
-0.0187763623745794 0.00656577491285477 -0.121619449547835 0.0965970845721432
-0.0370696038816427 -0.00321556621591317 -0.199379220600448 -0.166004893268661
-0.00954163424372802 -0.0377327003642869 -0.0708563754779178 -0.438541968144554
0.0111742688424376 -0.0376372980007797 0.533484077591439 -0.386778202879362
0.0406348393026571 -0.0166744809387027 0.775262981866757 0.303547791437045
0.0138840638790544 0.0443836181258642 0.197337133842344 0.844666751845481
-0.0540258767917474 0.0331507064626088 -0.341237174934952 0.51827916044766
-0.0567855317091903 0.0103611690717671 0.0203157879729858 0.0602219933416527
-0.0392922556866715 0.0258512588465211 0.280307402635366 -0.502463660995763
-0.00839537458438869 0.0365995839236297 -0.303581433457689 -0.89914691135655
0.0262185496260177 0.00755303838047359 -0.90204108992382 -0.211156473045309
-0.0112818211194733 -0.0125728268168214 -0.45156224373349 0.604334300168994
-0.0261418834843213 -0.0146899267763733 0.168939437964178 0.525820799077068
-0.0189354602934764 0.00734734557210127 0.293209535902532 0.166465185583357
-0.00995115193187528 0.0135304903555482 0.154957413569862 -0.157408673027917
-0.016671476011926 0.0090721775287445 -0.117985507654897 0.096194488631522
-0.0316867538863029 0.000825290780552219 -0.195751878492956 -0.163331717828233
-0.00716885893423238 -0.0357796208040984 -0.0693628030330348 -0.43061801465473
0.00555799518356828 -0.0354340899632075 0.531556568252229 -0.385085554032928
0.0386739837993971 -0.0124605024263674 0.773383596614221 0.30749479978051
0.017764476921182 0.0498284820191875 0.199695287845885 0.854334628943546
-0.0493493531181655 0.0407112425185394 -0.348159006480262 0.528820504368894
-0.053346906502602 0.0175413230091103 0.00785973447774753 0.0682303824383579
-0.0334299868305678 0.0333413947322989 0.272270029080401 -0.48833609964005
-0.00252349117521525 0.0421576468790916 -0.303187784436987 -0.889261981080084
0.0243789707678171 0.0127234320630506 -0.904604619833098 -0.207118533278017
-0.0160885869965931 -0.00836097814944877 -0.453202812361868 0.609111860193174
-0.0241697310877432 -0.0124112729443038 0.17262734613492 0.532150920611598
-0.0131444595343245 0.0112332392383094 0.297124403586809 0.171133553055897
-0.00590940152281421 0.0164426554218956 0.159872682959135 -0.154917360711796
0.00957086806191206 0.00619139639837958 -0.125258514168248 0.107266375771285
-0.0116275841620953 0.0166099788613524 -0.218200488805827 -0.144330053890712
-0.0118847891218632 0.00858095341735763 -0.161346070493332 -0.449957820355632
-0.0158172339294386 -0.00468936501861999 0.39908532427693 -0.500409823146954
-0.00957806161551701 -0.0448767457779774 0.798511734504405 0.116082802144081
-0.00297889401708224 -0.025931133816059 0.381667255923404 0.766428570012523
-0.0190979351871476 -0.0297742840684225 -0.223560619517589 0.561404802644055
-0.00195084346755392 -0.0407235782396517 0.0419133290134218 0.087520130979531
-0.00402825439252493 -0.0421366794215165 0.363968436948202 -0.449203030291884
-0.0315387994860106 -0.0395275421674899 -0.126853408438451 -0.946221894481433
-0.0238454580888967 -0.0165692289479868 -0.863032870634628 -0.387702292360438
-0.0312566646046936 0.0231210916323708 -0.580596757456549 0.496590243302066
-0.0241103349860517 0.0311891341945361 0.0779812636369141 0.521582590187302
0.00942979139251823 0.02586040914425 0.275700157108551 0.190794380865886
0.0218294657020158 0.0121374032045066 0.152412078160507 -0.142342820350422
0.00278606468268342 0.00493135033038026 -0.126808389326592 0.105875243949225
-0.0212426624046526 0.0111439700385378 -0.218614903485675 -0.151610571999361
-0.0148535371467808 0.000218332898831704 -0.149063048093274 -0.452337473035158
-0.00934006050730393 -0.0132825892478605 0.421289537552808 -0.489641637853816
-0.00129716158657129 -0.046116792681354 0.798724810142384 0.143788165864851
-0.00469419018455627 -0.0204703286495113 0.355553797056419 0.775676560037139
-0.0284688663909904 -0.0259285721259586 -0.238198975208924 0.548419684284077
-0.0129317109895068 -0.0383732902935209 0.0492497380183777 0.0759577120534337
-0.0143839150342155 -0.0383592109531122 0.35767597753592 -0.467622238283833
-0.0324264554914146 -0.0323993569977725 -0.154667272122333 -0.949980761482779
-0.0138020190905139 -0.0152042436554952 -0.871897018874692 -0.359175834803853
-0.0220229144787006 0.0163268084045009 -0.558236171578244 0.510740302691977
-0.0243619073395721 0.021775346209647 0.093923851806985 0.51794358063118
0.00064853072230017 0.0172867077951739 0.275432072583734 0.182698360061092
0.0150337794657627 0.00937026353541186 0.148285253517122 -0.147377262403195
-0.00418810093456604 0.00349294066493357 -0.129230586593208 0.102931972155589
-0.0292290082089566 0.0058034443184453 -0.216955608709514 -0.156480028100066
-0.01629049408149 -0.00940965619399205 -0.13351204094663 -0.454740385817418
-0.00309068466888666 -0.0220869490741335 0.451606544705471 -0.472392815105605
0.00899675032844967 -0.0443651896629532 0.797542412148864 0.172915944987741
-0.00282695346816797 -0.00944323352262437 0.319432400081057 0.786075428746032
-0.036664048857526 -0.0168452869646355 -0.255611326305597 0.535753167380269
-0.0251017445288844 -0.032355751148816 0.051736818345198 0.0661572948629999
-0.0241763209901235 -0.0291055274346643 0.343722851967693 -0.484018162017732
-0.0317093147099342 -0.019033129444143 -0.193590372794194 -0.944915287383032
-0.00156954807461629 -0.011462206869035 -0.879282896789136 -0.323158924156195
-0.0134699368686571 0.00811321515944528 -0.525702331184038 0.535766885656953
-0.0243165368679914 0.011526828346648 0.113373510224923 0.51493193133581
-0.00764552195558338 0.0111149750072443 0.279447086038133 0.173335447109622
0.0055085293336613 0.00730881553262731 0.146967934394216 -0.150156328475466
-0.0109589176922213 0.00224491741118663 -0.129928672824191 0.101560032771763
-0.0355630230243364 0.000645731015733459 -0.21416154833318 -0.160803584937987
-0.0157943229401953 -0.0200051721399689 -0.1158566082449 -0.4521391144402
0.00356279185415824 -0.0296757188733192 0.47901703536937 -0.450460103314871
0.021331565469505 -0.0395690019923886 0.794199568170301 0.208607293359756
-5.68505210439977E-05 0.00377577085076402 0.283175862381342 0.799602657249829
-0.0448475578624536 -0.00479975133187728 -0.27689712695249 0.52610739025466
-0.0369085268697727 -0.0220070615480505 0.0491717944203824 0.0589617477071692
-0.0331690247435948 -0.0152943356672582 0.325265836132509 -0.497457899349053
-0.0283439655861265 -0.00360277960796464 -0.236992155198502 -0.93507596398636
0.0084853063144242 -0.0071405138467256 -0.888000356525157 -0.281549300790197
-0.00860433793071071 -0.00064293944599577 -0.496867648959702 0.557606634500407
-0.0257515266185976 0.00147142411031871 0.134046881926155 0.515429584611954
-0.0142958864064105 0.00558989879780192 0.28212058739216 0.167325106867782
-0.00243007062798307 0.00686434032991613 0.146690316023221 -0.154587086822924
-0.0160960860721333 0.00290183056879262 -0.12879437275537 0.0989252983525271
-0.0395908250382012 -0.00289575770087236 -0.21016782166445 -0.163991601916113
-0.0146267184958649 -0.0293435766157082 -0.099839827039753 -0.449112498337433
0.00920860937512112 -0.0351790058119272 0.502127641594845 -0.427908244510762
0.0304756752813875 -0.0316017606409404 0.787306789583061 0.2455146943082
0.00443305519229614 0.0188803051005102 0.250874679202326 0.815081932122151
-0.0502000962187504 0.00959759087813786 -0.299285318719899 0.51950158048195
-0.047534740829415 -0.0108005596224119 0.0427633705812361 0.0556367799885482
-0.0399160360382579 0.00036811588011677 0.30555825188271 -0.507274228530618
-0.022238443351044 0.0119992482121945 -0.275794724174671 -0.920953687618328
0.0175933858587756 -0.00318474117316274 -0.894353825151603 -0.242720812894554
-0.00686442952890528 -0.0081370551782439 -0.467655974835264 0.58050790989413
-0.0264288500779337 -0.00734994010178384 0.153507086472719 0.515596300055104
-0.0198921168812563 0.00380608066467825 0.285661428605373 0.161816655486871
-0.00849772482344825 0.0076573930363794 0.147281411346426 -0.156433105102714
-0.0189164670119925 0.00427374074899335 -0.124742720890799 0.0975524165185472
-0.0398163224730149 -0.00365077819889983 -0.205260870974473 -0.164981656135317
-0.0118788003487134 -0.0355599820331777 -0.084476037968146 -0.442734593953891
0.012088572317032 -0.0370248008408717 0.523373131475746 -0.405629945999055
0.0373797267859376 -0.0243240609210585 0.780768238984818 0.275717283938264
0.00850213298023805 0.032296848638439 0.221783560191294 0.83022874080511
-0.0539009239437605 0.0219801092464424 -0.320612178992023 0.517740038330015
-0.0526196767887515 0.000752897409807796 0.0334122020673293 0.0547622887656495
-0.0408479085695264 0.0143601016674433 0.286554679870196 -0.509302076567491
-0.0153518520872097 0.0256905397333454 -0.305326745913966 -0.902793357898013
0.0236916047180464 0.00185250314663287 -0.898425614746783 -0.207180630032126
-0.00792577577814196 -0.0114280021111776 -0.443934470443693 0.599661367694005
-0.0267788891369999 -0.0121093578842652 0.170698929670297 0.517850269546128
-0.0216169538198602 0.00434274740160404 0.29145446010382 0.159829609641295
-0.0108973684409667 0.00971773619655964 0.14957883821946 -0.158302788925826
-0.018890923995342 0.00687444238449507 -0.120433348189065 0.0973124849626057
-0.036954390780574 -0.00235843050385177 -0.201249741193719 -0.16241452816757
-0.00933988100620923 -0.0376690310373239 -0.076730841590215 -0.434940151582068
0.0107833681596855 -0.0372722332199116 0.527272559272358 -0.394037955124427
0.0398971382301394 -0.0175517534810794 0.776521998022376 0.287987202807711
0.0138438872111518 0.0437404329409091 0.207564081002089 0.839351896541311
-0.0531324101160014 0.0342464484905636 -0.333341549652315 0.521764308708457
-0.0559125047531794 0.0117882126570149 0.0208733763397248 0.0599917292982776
-0.0386029344163282 0.0267671392686194 0.271965625623444 -0.502373638299584
-0.00806722350970426 0.0361652289721497 -0.315951164542532 -0.891446754021681
0.0254501885488567 0.00697778710201314 -0.902838401637101 -0.19676514661358
-0.0115232819771104 -0.011640290190172 -0.438046846397083 0.608200053993452
-0.0261618691541762 -0.0141224736347163 0.178159629510188 0.522252246348855
-0.0190535640492203 0.0074059570445573 0.295836001450694 0.161668639398262
-0.00909175546321189 0.0132399037258703 0.153065161967876 -0.15881033051407
-0.0156368972390434 0.00918487651308193 -0.11653295571221 0.0972175272991905
-0.0314665497522241 0.00211981114113492 -0.197750166608098 -0.158640635301745
-0.00765810736109296 -0.0356336965720104 -0.0743799616072651 -0.429043541973966
0.00511910231386405 -0.03475085654293 0.525702512118549 -0.390745581461579
0.0379684718730828 -0.0137180036063504 0.773703498104102 0.295280966817269
0.0185123959821692 0.0487556998476483 0.210222515909803 0.845980125592058
-0.0486792698774381 0.0414865784230985 -0.340122706980114 0.529630673430821
-0.053445572145862 0.0181830670264423 0.00985259851441988 0.0677126719373127
-0.0327807064330868 0.0340873006713981 0.265789138713667 -0.489065328731726
-0.0025161111925302 0.0423083646424045 -0.315956773685226 -0.881767344003635
0.0238577397939655 0.0120159278844942 -0.904323802642082 -0.19357602635711
-0.0162502495026794 -0.00745280659216994 -0.440101378317267 0.613940323796549
-0.0241208583194073 -0.0120819482053729 0.178175140365051 0.528333466635061
-0.0123323606262582 0.0120375682011473 0.299478510106376 0.165733693839497
-0.00574666540595018 0.0155194909638268 0.157712023092016 -0.15677555028057
0.00949511294256397 0.00624698154174996 -0.124184717977249 0.107683194436264
-0.0107896147224115 0.0163949474340695 -0.220144394009194 -0.139168657083542
-0.0119352841928357 0.00948706830025854 -0.165398086122162 -0.443747689271958
-0.0150431787824597 -0.0040161429132759 0.389307116709174 -0.503787592760463
-0.0107077588377255 -0.0448422295423854 0.794346636214038 0.105992379467752
-0.00381423100586121 -0.0260516818396665 0.390502452351559 0.755732292474519
-0.0198173571230689 -0.028495262600293 -0.215964154901843 0.560506239031273
-0.00273735828934338 -0.0407261742323477 0.0434626633126021 0.0859158549873762
-0.00440426043387429 -0.0416616927767093 0.356341648953291 -0.450004774376451
-0.0320018680558254 -0.0382254781665581 -0.13872162643829 -0.940005884869137
-0.0234676633812315 -0.0162101487448753 -0.863412431724753 -0.373417558279398
-0.0307178821208576 0.0237991233704619 -0.570935065392977 0.501000588648694
-0.0234037643046396 0.0311966938444435 0.0843582651521816 0.516790167783092
0.0101295979921141 0.0253666876092937 0.277555422332266 0.185182398587959
0.0228932159536245 0.0116293885787789 0.151032254424146 -0.143944472965492
0.00305682033594737 0.00467984326959027 -0.125766508318746 0.106999807050841
-0.0198312523915544 0.0109947396436914 -0.220667604901119 -0.147230045944853
-0.0149266450486639 7.02405697095183E-06 -0.152839656466376 -0.446981841537186
-0.00904754034902257 -0.0129116433029149 0.4141599804101 -0.491958921332683
-0.00258525899816637 -0.0459721616653658 0.79478990157561 0.131319608382118
-0.00497534334243703 -0.0200434618108273 0.362837328147717 0.765970870387126
-0.0287790975122301 -0.0246851658173888 -0.228613787470155 0.547908081992697
-0.0130885654270027 -0.0380839455195906 0.0508746758825594 0.0749534791785802
-0.0143110553466225 -0.037257610790775 0.349570421018324 -0.467931759513167
-0.0332520634368523 -0.0313504287512815 -0.167550271393817 -0.942430855490674
-0.013275884229059 -0.0148828273497269 -0.871723115190882 -0.34641249251294
-0.0211879219536562 0.0166317055169135 -0.548785951415271 0.515802356330598
-0.024198620050052 0.0218596907372218 0.100089534621032 0.512594836566806
0.00151282706984525 0.0175371237415006 0.277737365559654 0.176744200889409
0.0146097563264551 0.00883732348724976 0.147242681068237 -0.147685583134161
-0.00440034425204272 0.0037163235716256 -0.128477480621787 0.104123160079809
-0.0285928525765473 0.00563157489445597 -0.218855284577965 -0.15155069348387
-0.0162535705827767 -0.00995427579582381 -0.139358205934951 -0.448970557621056
-0.00257986790618525 -0.0220167673617705 0.441711106503023 -0.473565436574115
0.00852146960179165 -0.0440789192651213 0.793940239851683 0.161361544564584
-0.00292616728062244 -0.00985700681955271 0.328951209881878 0.776568227951646
-0.0373647017660466 -0.0158134660596884 -0.246087636581392 0.535994480240688
-0.0253267152495195 -0.0317788543394817 0.0522376932505707 0.0647857118593553
-0.0246340437425741 -0.0279327078726838 0.335367131687179 -0.485773794679477
-0.0320659725466123 -0.0183559169408907 -0.207373545271569 -0.938344835532048
-0.00175492919347279 -0.0120749164053389 -0.878874325275491 -0.30877530259964
-0.0133826077358449 0.00794828131559498 -0.514872771431534 0.539462338254867
-0.0249209845934918 0.0115155464385884 0.119813573391369 0.510817724465197
-0.00737793484660944 0.0105031450629721 0.281025334019884 0.169017315691462
0.00577285169662289 0.00618511106061296 0.144697821996312 -0.15133735009678
-0.0107168057044843 0.00228216552874382 -0.128095774757781 0.101454892606588
-0.0346358876053998 0.000941712868163906 -0.21597124781248 -0.157373975936979
-0.0160468038581066 -0.0202373921705251 -0.121673279681178 -0.448629100603783
0.00373217484523887 -0.0292774164319755 0.46928706769063 -0.454640281513897
0.0196617014519639 -0.0398633292615547 0.793366117387637 0.197233463391134
-7.48961275921934E-05 0.00372182457052045 0.293286148051354 0.791632322930883
-0.0446237709090682 -0.00362931258695218 -0.269417892832719 0.526705521354384
-0.036677775276707 -0.0218151247362639 0.0498758775217862 0.0578674301010597
-0.034425856940603 -0.0142174516796269 0.31838659827003 -0.498545342262198
-0.028840302623783 -0.00301200530351331 -0.249340236682393 -0.928406059528808
0.00839940358424657 -0.00771431849658368 -0.885174403930764 -0.269169694247254
-0.00860808664843001 -0.000401256639343052 -0.485412746014875 0.561559490055422
-0.0252245938987757 0.00164509198345722 0.140553710199446 0.510214074196811
-0.0139671155663913 0.00545177847167954 0.28353477236569 0.161365070432717
-0.00228360406871719 0.00632265823118459 0.144615050664278 -0.15545129995654
-0.0157728851134812 0.0028524152924217 -0.127321549314555 0.0987177976012953
-0.0392314604194746 -0.00255744674084748 -0.211612641614779 -0.160269933161621
-0.0145069128088681 -0.0288079294637988 -0.104558296909759 -0.443872152718643
0.00891312703030955 -0.0345723414961996 0.495844455731534 -0.433251298863953
0.029434938142868 -0.0332176890567632 0.786143407488751 0.232722923245014
0.00424916420376982 0.0180939771350027 0.259197023901281 0.805737151447734
-0.049922019638527 0.010083952876641 -0.288914092510163 0.519589754230791
-0.0474613087681636 -0.010083310556732 0.0429181657244037 0.0543668611364675
-0.0392601522863033 0.00113041908891239 0.297112212887314 -0.506391633563793
-0.022923564667295 0.0119681247534246 -0.284863173248533 -0.91207322300035
0.0173796117332328 -0.0039993406943374 -0.892106656894834 -0.231039528569058
-0.00715761809129254 -0.00711012093348708 -0.456899299196636 0.584301454716049
-0.0266791055779824 -0.00694151177610898 0.159569267371226 0.510401410776461
-0.0189273784509516 0.00393229529718105 0.287946360754245 0.157339736904758
-0.00791134688828113 0.00712879400764402 0.146548866252973 -0.157321557473517
-0.0189074675086788 0.00432590642015138 -0.124264068003793 0.0979764260022992
-0.0390760982741984 -0.00347201827790736 -0.206937032820878 -0.160624087274933
-0.012585337362462 -0.034838086902316 -0.0875513374483901 -0.437354479903209
0.0115931030621519 -0.036679476769479 0.51376038510312 -0.410562580522672
0.0368545493886724 -0.0251323055960346 0.780772342756767 0.264851382718829
0.00828679533242628 0.0315399312844284 0.231827630933765 0.821191341174127
-0.0531638458133873 0.0229983093960737 -0.311204471216339 0.517333122798274
-0.0531645539952179 0.00128366631191507 0.033847517042462 0.053787009601771
-0.0403591001220633 0.0155363044186132 0.276426929761241 -0.510316400124173
-0.0153580495305857 0.0258445242981881 -0.317111150402506 -0.894841862914045
0.0230636175107318 0.00114652456074963 -0.897730301604115 -0.196097453804013
-0.00808286742981424 -0.0115059376860434 -0.432316863847158 0.602972092160831
-0.0269493393791089 -0.0119475929099016 0.176779143834765 0.512419865064464
-0.0202419529054863 0.00443822966135532 0.292769164091888 0.15401962584326
-0.0101052484916837 0.00961683629280406 0.147262381068929 -0.158902768884782
-0.0182278128712158 0.00639988161128259 -0.11966620840385 0.0971836866322945
-0.0355743773732831 -0.00178821664024356 -0.203038591082338 -0.157920101011855
-0.00966950875266004 -0.0374155592223907 -0.080753424046352 -0.429813052427536
0.0101740498429942 -0.0367092601614177 0.520737241219776 -0.399046817988905
0.039897301066595 -0.0182704576929184 0.77642684359345 0.277616756002171
0.0143260117159459 0.0425317857243206 0.217247233941389 0.83187132459995
-0.0522650799214524 0.0350942323062048 -0.322369143831756 0.52370867424595
-0.0555461916997786 0.012392884823337 0.0223055915401116 0.0589488637841301
-0.037760467060579 0.0275592355885694 0.264111723205874 -0.50177296290186
-0.00782487373514649 0.0363573450022521 -0.325814179825554 -0.881739325695368
0.0254663475185569 0.00590526787215842 -0.90065476491644 -0.1842965777606
-0.0115142776949269 -0.0114457474642723 -0.427690517810219 0.611008927964299
-0.0259809202762695 -0.0141624841011714 0.182638301415683 0.516726946282939
-0.0179215757045548 0.00713219213230948 0.297085270823442 0.156197222334778
-0.00954953282780305 0.0124802549591524 0.152102335654137 -0.158974309278719
-0.0159902845143538 0.00921432982996212 -0.115716048922569 0.0972596987982212
-0.0310473902614734 0.0019247195907512 -0.199550452552474 -0.155537510438227
-0.0085915178165263 -0.0356442760169877 -0.0779257026596363 -0.42485842768973
0.0056574199921645 -0.0337560711598792 0.515879423028026 -0.395811032928427
0.0374797517997148 -0.0139712092469703 0.775622833477676 0.281654066512648
0.0186401952920606 0.047890368287857 0.219361939391158 0.839155811322008
-0.0476283697200542 0.0416746134499516 -0.329867253984181 0.531603052690235
-0.0526015879208008 0.0190900028916061 0.010059905764769 0.0673623142202922
-0.0325959729684128 0.0342932212682754 0.257685890596261 -0.488719481133066
-0.00287062261847405 0.0418217451042358 -0.32494047783911 -0.871987855653397
0.0243734501440916 0.0107559878948181 -0.902343689855082 -0.179036835374674
-0.0160563429168019 -0.00708133191730224 -0.429752043086989 0.616131086922378
-0.0243716496665989 -0.0116342833632917 0.185317177930836 0.521970819971801
-0.0127195617731277 0.0111519360188005 0.301477185330556 0.160857223492641
-0.00534576996471939 0.0145149852562113 0.15511805070954 -0.157038485623987
0.0100717778620957 0.00639254842519624 -0.122622234507158 0.107019680429345
-0.0107222427795362 0.0164071088789769 -0.220802829727909 -0.136137977140985
-0.0115489287115725 0.00893232754711539 -0.168183221224038 -0.437670443185543
-0.0149361933410435 -0.00291401982657925 0.379348468278596 -0.503770671170109
-0.0114165748236488 -0.0449923578823587 0.787827896022966 0.0953301671060964
-0.0046044570700802 -0.0262780295341319 0.396405155114057 0.744470315361589
-0.0203297501729143 -0.0275093702669009 -0.205686758644695 0.55952286327459
-0.00273900946794897 -0.0404382690656909 0.0446585752200533 0.0840296936792966
-0.00408432013930299 -0.040920452556051 0.348158454391397 -0.449947535329651
-0.0316357628148686 -0.0381225034853844 -0.150925946575048 -0.929836303317206
-0.0239586065018478 -0.0162887813303527 -0.863182943214727 -0.359621305166729
-0.0306783097549815 0.0249119437383478 -0.5587125503082 0.505496152299676
-0.0233590984843902 0.0311558373236445 0.0903595597034962 0.511707571063538
0.0103568515635047 0.0245857491589322 0.278159234086004 0.180535714117086
0.0221066537273419 0.0100556039820739 0.148699476058069 -0.144041955850525
0.00303462020098721 0.00437524338773868 -0.12443547522542 0.10650738255097
-0.0195639481364834 0.0114237844800257 -0.221625776422486 -0.142430351265222
-0.013944159357946 0.000433734720008421 -0.15772318797194 -0.442222489495287
-0.00934907067420695 -0.0120083789841599 0.404457736843416 -0.493435020490217
-0.00271131294623682 -0.046064307398692 0.790394061340372 0.121169311986051
-0.00503556683355586 -0.0205579562958774 0.369046030208771 0.755967095656969
-0.028722878133456 -0.023413713165762 -0.220634805934486 0.547349018264341
-0.0139237607489918 -0.0367338895184582 0.050531009941362 0.0731851473670806
-0.0145420319685683 -0.0362850840111438 0.341878930350647 -0.468083763352593
-0.0337025045051435 -0.0301368579204151 -0.178016959355146 -0.933369807436482
-0.0141079158291152 -0.0151784385144451 -0.87034259110523 -0.333002111225731
-0.0204194697308251 0.0166979732723681 -0.537286232888966 0.519867956205392
-0.0237719068394005 0.0225815673438435 0.10765248015324 0.507675307935483
0.00158563073361384 0.017211104077879 0.279468698119705 0.172321136306121
0.0145823280826422 0.00739091302703976 0.145468139414201 -0.148093872338027
-0.00368971045970549 0.00282806181733198 -0.12653816490965 0.103546907862169
-0.0280839136039052 0.00627349046244415 -0.22043898596507 -0.148544437614011
-0.0164039949602309 -0.00984813393285395 -0.142657012063779 -0.443296133764624
-0.00302543632185707 -0.0211464445518117 0.433771043823608 -0.476965755919615
0.00781580879130696 -0.0444093689378582 0.790085578652861 0.148553772110657
-0.00358348379756793 -0.010139459843326 0.33650675885189 0.7652268776795
-0.0368504677404745 -0.0144482983984505 -0.237686637417294 0.533557649755216
-0.0255782883727189 -0.0306970213721229 0.0526479663344851 0.0636204025382579
-0.0253171077742424 -0.0268277953306732 0.326428889509631 -0.485439990657061
-0.0327193786858832 -0.0181631860365666 -0.219067299497656 -0.926641518705478
-0.00245459003880697 -0.0122674822356129 -0.877647696566551 -0.295901451103623
-0.0133615959461725 0.00876037874578544 -0.503506815632031 0.542864365368871
-0.0245157404181523 0.0124122815851518 0.126434385491741 0.505485527564792
-0.00652713194773274 0.00990728236376326 0.281575959856943 0.164049445746616
0.00577648894603931 0.00579132870453674 0.143376034794209 -0.152031748188391
-0.0105670890516891 0.00258463803756319 -0.12674765405297 0.102100920545522
-0.0346399516960801 0.0010260938424144 -0.217982332071739 -0.151853683512472
-0.0159628916330663 -0.0196904559184723 -0.124967152300849 -0.441776248608425
0.00323290774372754 -0.0288346429653478 0.461637255750473 -0.456874030068964
0.0187819360915601 -0.03987977320037 0.788209066793535 0.184180787618096
-0.000286653467510478 0.00288056052347343 0.300820686354597 0.782002114890311
-0.04371397367063 -0.00258693396264741 -0.259060845208469 0.525332714339759
-0.0375309737970681 -0.0210411373240193 0.0504563345572209 0.0571301781688675
-0.03326704122289 -0.0136716663239826 0.309195014846395 -0.497602826693497
-0.0294333290298729 -0.00334514500431413 -0.257385295774717 -0.916092311473649
0.00862814859713101 -0.00793696403518541 -0.882725959935887 -0.255629047642161
-0.00889720578226533 -7.13903194386693E-05 -0.474139798422651 0.563737880427762
-0.0254992006051433 0.00178667955746104 0.146415287316047 0.50399028824309
-0.0139403667506542 0.00569090810665749 0.284688952374225 0.157383287559196
-0.00205524192181467 0.00618395841797796 0.142504085532499 -0.155656601806363
-0.0154844584627354 0.00279914952585514 -0.125691360042559 0.0994934986572187
-0.0378848439229191 -0.00222316969760478 -0.213362105654274 -0.156313187555315
-0.0149201708911427 -0.0285509698946365 -0.107561204679614 -0.437952565815671
0.00904768636843776 -0.0338048870952715 0.486429085924253 -0.435453710358403
0.0287486005218726 -0.0326524823132244 0.783659138887759 0.220771191851157
0.00447428966794172 0.0176304512666551 0.268115107865789 0.795449329948432
-0.0494657305189457 0.0113056719017393 -0.281343201397369 0.518528582194367
-0.0468862469797848 -0.00888175643730017 0.0438423708913222 0.0531659946492828
-0.0389796082320059 0.00155213178326196 0.287352418888233 -0.506267336009132
-0.0230681516673785 0.0127386593072005 -0.295470424223295 -0.90142313719786
0.0173491585850858 -0.00359182432904281 -0.889087301621097 -0.215029791410697
-0.00661683066742192 -0.0070773540419149 -0.443826148580734 0.586307827574332
-0.0264424718965677 -0.00552720439094326 0.166956909296218 0.50365912176496
-0.0188948220696579 0.00330964131172319 0.28851520095052 0.153545125918271
-0.00768204009970029 0.00693276995039377 0.143227646097783 -0.157768109027083
-0.018190475652736 0.00459614289033999 -0.122169884665226 0.0980078183695213
-0.038517078975915 -0.0032061874678849 -0.209144301077178 -0.156631747405114
-0.0126472673444202 -0.0346498918503552 -0.0919808759699847 -0.431869391895249
0.0112258293217713 -0.0362123348105118 0.50608835967253 -0.414572606639808
0.0359516185580292 -0.025356189521513 0.776494937508292 0.251296480315011
0.00899333796304985 0.0303355048808495 0.239000489340654 0.811750987931513
-0.0522210190979647 0.0238314408452991 -0.301780359108423 0.518215367201609
-0.0526183993245136 0.00192981818255457 0.0343308565367804 0.0534083218008685
-0.0391747706243207 0.0168848495991078 0.268866686802253 -0.506759268465818
-0.0154038509379978 0.025795148415464 -0.326891014817192 -0.881987146612905
0.022867203572299 0.000573966211517254 -0.894279456491425 -0.181005136791934
-0.00827896241160496 -0.0105879376863258 -0.420019049296175 0.603035504903447
-0.0274465357891488 -0.0118408773717474 0.183029199286333 0.506481132520105
-0.0206088295251547 0.00403712040984403 0.293803980024971 0.149760384125518
-0.010048048122937 0.00935993838706045 0.145484252473832 -0.158981403510735
-0.0176619625625402 0.00620796385644307 -0.117961461744165 0.0977303349072515
-0.0359691266468116 -0.00116002640482615 -0.204434054962864 -0.155098205698427
-0.0102515596329046 -0.0368337357001168 -0.0846482183135366 -0.425134385718188
0.00958480553853932 -0.0358310815070427 0.511117108061906 -0.40283739094468
0.0386799375869516 -0.0194058807523243 0.773606213350429 0.265930752063632
0.0141187317394047 0.0415585241064828 0.228796922105302 0.822001089390014
-0.0507355060613779 0.0358417326848254 -0.313347009021403 0.522812292506576
-0.0551295301095583 0.0123981824101958 0.0224468054686831 0.0584422588103039
-0.0374679446488432 0.0278360110376194 0.255434027540102 -0.500816180760457
-0.0069213822525084 0.0363547668324099 -0.334778148466381 -0.871204331744461
0.025596339856864 0.00528928795761908 -0.897388167857572 -0.171148364954513
-0.0117242871612616 -0.0114045386121319 -0.414060659851959 0.61203725305006
-0.0264893376889629 -0.0134974294676494 0.188913427232938 0.509343377288786
-0.0180408584062778 0.00649866740945647 0.298694542420166 0.151900000737143
-0.00920966377122334 0.0119708529589339 0.149027893731566 -0.159968140564156
-0.0159558829270792 0.00924235848079631 -0.114194829826129 0.0973792148267236
-0.030429439910625 0.00256137353789121 -0.200968545023878 -0.150991334985442
-0.00910475972342866 -0.0354918253457354 -0.0818739956166538 -0.418942754186513
0.00520787242230216 -0.0330628278220965 0.508251824976746 -0.398043892564027
0.0367086299188377 -0.0143643241455849 0.772474279536785 0.270466262820014
0.0189862668760806 0.0472261774278286 0.229810027075412 0.829559010125439
-0.0464914475190399 0.0430337668864544 -0.318957057891905 0.531432638179925
-0.0519999573846441 0.0193850340313309 0.0110218638035563 0.0664112534440522
-0.0313613697902097 0.0358633662617658 0.249984031694004 -0.487457258138346
-0.00188904519775284 0.0419223743303369 -0.334038054754451 -0.862903329130969
0.0238887862463916 0.00993328976400301 -0.899325160472978 -0.16584038644635
-0.0164816971448443 -0.00600238779928409 -0.41682227210164 0.617870111614738
-0.0242959039440382 -0.0108698514796679 0.190553838618879 0.513887445846848
-0.0112584471984714 0.0108377807733446 0.302178013985827 0.156259104225908
-0.00493592198002195 0.0150699585917199 0.152854309300556 -0.157295029700711
0.00985311056619555 0.00649328362836315 -0.120812895425552 0.10657175407157
-0.00968842179471015 0.0170808610640397 -0.22092494977321 -0.132475095029277
-0.0112808373268749 0.00890048860388521 -0.170913485191505 -0.430065298868065
-0.0146262499505408 -0.00195233924129564 0.370654791961561 -0.505184260993346
-0.0118923953630352 -0.0437915479118551 0.784741330879062 0.0846003863866966
-0.00501962985549171 -0.0264463050325301 0.401612525992905 0.732817324616836
-0.0200956293322513 -0.0266946899932359 -0.196005369792595 0.55649892054877
-0.00328961052537022 -0.0392475639242921 0.0447874044926344 0.0827987109309436
-0.00550660200764283 -0.0402781277122515 0.33863361638902 -0.448308372863691
-0.0328868029740101 -0.0364383039458689 -0.160249442241329 -0.919784039745266
-0.024033593407777 -0.016350164985799 -0.860139219267771 -0.345782403128301
-0.0300814089979287 0.0250835727838577 -0.548414283808521 0.508831135372969
-0.0222411265260679 0.032313458986597 0.096565624791823 0.506017238192114
0.0111842591552101 0.0231915204875184 0.279111283496559 0.17571975926172
0.0220137118108149 0.0097374214135229 0.146564294847017 -0.144063672122346
0.00357366334719915 0.00397999754857094 -0.122618424832349 0.10624583829709
-0.0187380670638172 0.0118951578925013 -0.222152708860662 -0.138181496778139
-0.014044074231035 0.000588573773946845 -0.160210962376999 -0.435155021320632
-0.00991611632257586 -0.0116748947980896 0.395161494715574 -0.493792010735158
-0.00309599013349685 -0.0465411185646469 0.783466195704156 0.11010210275404
-0.0058098362560382 -0.0207451236895174 0.374778519464978 0.741614919424566
-0.0285256159522736 -0.022831579958456 -0.211648613652498 0.543954899129203
-0.0138233536917219 -0.0365865976413667 0.0509963459205262 0.0725266358772099
-0.0153364354730557 -0.0348217238957307 0.333524086275199 -0.466724349681483
-0.0335948797450321 -0.0293835834104431 -0.187268216932025 -0.921246588333096
-0.0141268563547225 -0.0150987205810485 -0.866188450413256 -0.31696909644979
-0.0206552013889058 0.0176190001133299 -0.524134049477936 0.523149408090135
-0.0231584738256434 0.0221767350493902 0.112983341327738 0.501669073591231
0.00248528756689186 0.0164793515814205 0.279032469263929 0.167022172785399
0.0143979407129977 0.00746807847595282 0.143052314297077 -0.148180851437502
-0.00405244541314863 0.00289242001901078 -0.124716921003633 0.103293827718271
-0.0273656506260732 0.00676169072654968 -0.22073424572767 -0.143565626513515
-0.0157537364744141 -0.00933526745210606 -0.14522042114685 -0.438083366023169
-0.00267326793663696 -0.0202081820341668 0.424206925659428 -0.477487115127832
0.0069229626358461 -0.044134866878167 0.784462797940221 0.138533553531502
-0.00431474996932775 -0.0103197226718366 0.341171560174887 0.753837107560179
-0.0367699982960122 -0.0136768255531881 -0.227887070358478 0.532086070411389
-0.0250128408889009 -0.0303570302593456 0.0520754102853197 0.0630799167180815
-0.0247728563413916 -0.0261143056112702 0.317787519894264 -0.482853282991076
-0.0328105775084926 -0.017460485485882 -0.227504345557076 -0.915938518080628
-0.00281516297213722 -0.0123676361618991 -0.873332379150754 -0.283016850551732
-0.0127156213991321 0.00895881148798136 -0.49315386895635 0.543344047741638
-0.0240733598426163 0.0122381852037294 0.130195681591317 0.499050601629017
-0.0062761909448654 0.00975759723884924 0.281438118205508 0.158962205313364
0.00640790476780593 0.00539809380059945 0.14082803891196 -0.152390477398894
-0.0103325785611196 0.00170425810155837 -0.125004771966772 0.101551873300735
-0.0344594767406934 0.00228524909592692 -0.217845684640496 -0.148282804025075
-0.0165623588059304 -0.0194726560706121 -0.127810404152771 -0.43562529430788
0.00373088105306985 -0.02807958993822 0.450584490655233 -0.458071131418507
0.0180988569943462 -0.0401140469200927 0.782736534906515 0.174642581567645
-0.000698599838608958 0.00248248038340168 0.308657920633371 0.770415471699579
-0.0436648749178557 -0.00155601734048352 -0.250402376154609 0.522956943696608
-0.0372546247996394 -0.0203338552299842 0.050297558120333 0.0561624730069875
-0.0328549794272539 -0.0125123594941655 0.300302085168619 -0.495994035889306
-0.0293874637737544 -0.00187549653795577 -0.265568446002072 -0.904360420874335
0.00858454613953686 -0.00880432568508081 -0.878215737070562 -0.243198065301172
-0.00826872438543991 0.000487319970425415 -0.462181767713638 0.566054770833443
-0.0252916215720838 0.00217360165929369 0.151432538855684 0.497560614027791
-0.0136471985623185 0.00587411367149504 0.285439602601265 0.15308336366324
-0.00158968863447061 0.00550445695421528 0.140637583959153 -0.155740566544683
-0.0153516476310432 0.0025180880155185 -0.124031477179753 0.0985079562519183
-0.0375535244358515 -0.00155679210326936 -0.21361498188931 -0.151762188095699
-0.0149277385355306 -0.0289171859143633 -0.111494786598713 -0.431968958824427
0.00929165822333347 -0.0336727272711772 0.476989128567378 -0.435912712727967
0.0281924503497856 -0.0335212064449912 0.777804214089667 0.206241146299988
0.00449058193655084 0.0174786079707869 0.27411516202237 0.785253390592463
-0.0487733907676011 0.0120856022734399 -0.271646093008761 0.516972150566457
-0.0467522128047936 -0.0085755329003677 0.0437629375025325 0.0527987695027198
-0.0385397271747077 0.00280287105252713 0.280736913314402 -0.503185450421483
-0.0222373499092729 0.012558312958719 -0.303749936402584 -0.889632084004051
0.0172857772538332 -0.00391152933290713 -0.884177485192914 -0.203211276503769
-0.00663133507315203 -0.00665369138192398 -0.433736087216784 0.586311872206782
-0.0267839126284806 -0.00585285781826009 0.170760986000181 0.497286408343504
-0.0185566274759037 0.00344168252471616 0.289478327300978 0.146992786062691
-0.00775080912156986 0.00609438799389266 0.140616603239629 -0.157434427272296
-0.0180612373804781 0.00463800678930723 -0.121535851362247 0.097501236994181
-0.0378975793439374 -0.00213770078417447 -0.20930100929291 -0.152989904435421
-0.0127271932284151 -0.0343624628429198 -0.094040832777666 -0.426082735770898
0.0115336625621949 -0.0355154191952104 0.496400071169066 -0.415175807047822
0.0348234473076399 -0.0257145951112143 0.772973261928018 0.239739396451459
0.00870304144455775 0.0304054235993615 0.247976299111299 0.799709286788525
-0.051240110942806 0.0247967578053696 -0.291772714374131 0.516462887662939
-0.0520240214880975 0.00270825078475277 0.0351474345329711 0.0528475178570996
-0.0385151268904233 0.016925067473143 0.259771144826165 -0.503605233816797
-0.0148075436747304 0.0265204530551545 -0.332769802934283 -0.872482377411847
0.0230561455594194 -0.000387336079940119 -0.886959277554037 -0.170664850332599
-0.00849492446913997 -0.0105592765901116 -0.408476915279485 0.603538433781333
-0.0269588395320284 -0.0105702922333642 0.18759454448541 0.498026489494008
-0.0194536284217452 0.00378598562590199 0.292845301625883 0.144908687155831
-0.00966559079760489 0.00878453107609879 0.143656784368157 -0.159696545388893
-0.0179971466739319 0.00628781338881543 -0.116567836594768 0.0975912798746369
-0.0348353595601914 -0.00171567913253393 -0.204794159288571 -0.150875810928557
-0.0107622253057622 -0.0363631818396528 -0.0874361711131096 -0.420006115365893
0.0099344649544462 -0.0345030753340314 0.504329959360128 -0.405683487332383
0.0379043432193655 -0.0190399706824251 0.768030871203685 0.25424648403942
0.0141770366148718 0.040572780437845 0.235881028608757 0.810772283203165
-0.0507042668239585 0.0357763313821903 -0.305187453118628 0.521562456173567
-0.0544286215011062 0.0131214871222397 0.0225401094705894 0.0580225282678675
-0.0363338009329691 0.0285784874914311 0.248722897426535 -0.496428408261916
-0.00741627559442868 0.0364130771195232 -0.341656594158151 -0.860204632695892
0.025184361123613 0.00485643253611047 -0.891105206077924 -0.15732896995436
-0.0114609996982974 -0.010240751131603 -0.403197256209095 0.612175573976356
-0.0265375208803383 -0.0132541225262119 0.19474227498447 0.502352101658524
-0.0169907382569305 0.00632307325138318 0.29842707564976 0.146435953326346
-0.00933078993038948 0.0115019669108817 0.146903837330878 -0.15956711823884
-0.0155705174558042 0.00893187969802647 -0.113320394689001 0.097132889613703
-0.0299916221831113 0.00232047891294211 -0.201703057374383 -0.147443533865384
-0.00873855031613673 -0.0352746140074746 -0.0843946636589406 -0.41372367515062
0.00551060761021973 -0.0319963420430047 0.498973465059521 -0.402827711496156
0.0358848613213799 -0.0154300914416247 0.766952697981446 0.259566592383404
0.0190055685009115 0.0454619335176811 0.236883283066823 0.816825756988357
-0.0461961329629577 0.0437534791681913 -0.309854054287074 0.530383086530704
-0.0511927046699943 0.0198149519034294 0.0117657438278468 0.0652322255319294
-0.030630220062915 0.0354620695346257 0.241982337713095 -0.485666875608467
-0.00162573009604895 0.0415112302426628 -0.340857191937795 -0.849898119849938
0.0241125741411028 0.00989509594030046 -0.891591634154083 -0.153988065732299
-0.0155780252866012 -0.00570915901367373 -0.405260462672083 0.617056645787705
-0.0244340098662649 -0.0103712638469459 0.196033413709565 0.50796626920717
-0.0112609133645078 0.0105487701579924 0.301737100379762 0.150333086367641
-0.00461400319659354 0.0146091344266432 0.150646434839309 -0.158097825408956
0.00974418163776655 0.00567338424564996 -0.119951933816221 0.106571977687214
-0.00922765596898756 0.0169017617877407 -0.221869049016044 -0.127801496659056
-0.0106105346767035 0.00828037433408261 -0.173213380170601 -0.422948665187428
-0.0144851681321556 -0.0017254352074102 0.363003080901115 -0.50282212807168
-0.0123882917405539 -0.0442166120603182 0.774677711587458 0.0755281613853031
-0.00545546189407703 -0.0263940712973364 0.403568235364439 0.718889323439294
-0.020426219659833 -0.0257936871642921 -0.189714184656802 0.551719183895531
-0.00434409509278152 -0.0391712119804751 0.0450512495911907 0.0821023612171697
-0.00552954312823452 -0.0397426036110558 0.33052716771631 -0.445286567298551
-0.0329952350727307 -0.0356084408181269 -0.167583051815648 -0.907274456081405
-0.0234826175148533 -0.0159956259673181 -0.85542404372237 -0.331930545528999
-0.0287769837297251 0.025118416439564 -0.536442740082287 0.506754765921715
-0.0217586205695015 0.0316523232020735 0.100372021840061 0.497410858621508
0.0113440521335784 0.0231434124177328 0.278405067524782 0.171463840706462
0.0221166858770733 0.00902667974707057 0.144430649507101 -0.143313012179854
0.00331581532708719 0.00313723863424398 -0.121329566879732 0.105637178495956
-0.0181569047574163 0.0118625083845193 -0.221817507132615 -0.134266884802923
-0.0138592407794002 0.000456590791728339 -0.161870254454729 -0.427696911456075
-0.00854602914883451 -0.0104798703332456 0.386794040664308 -0.492159665656361
-0.00437935698111488 -0.045964465511484 0.777037077201636 0.10085182403773
-0.00591655386277491 -0.0202399094110324 0.377785738765156 0.728971197870228
-0.0288376890948879 -0.0210882617398252 -0.203098470516683 0.539387347539718
-0.0144311737795231 -0.0359037100760561 0.0507819959724751 0.0712063798906181
-0.015105561518831 -0.0348545909288914 0.324841927914524 -0.465835510662951
-0.034514561549095 -0.0279975097592599 -0.194668438824712 -0.909728958383794
-0.0140839936872552 -0.0147508014742507 -0.861092434385762 -0.306430222819211
-0.020268817019916 0.0177735746293944 -0.513081138701236 0.52176398931218
-0.0230951781997499 0.0227232760378693 0.117232195627425 0.494407378619455
0.00229916064257353 0.0158143299734908 0.279786621411639 0.162386746244393
0.0151603953178928 0.00616877565423409 0.140314262278647 -0.147951506994679
-0.0040295725281565 0.00285372701438699 -0.123467581556405 0.103060832802763
-0.0267073452006278 0.00703343152049653 -0.220686160946932 -0.13975436355551
-0.0159140857613827 -0.00906538421779576 -0.146538771807143 -0.429330172285876
-0.00224488442792651 -0.0199228098899073 0.41559615431091 -0.476241292453703
0.00595862424251339 -0.0444885990445189 0.777616736925595 0.128882355660088
-0.00464533435853562 -0.0102297373677715 0.347112196521207 0.741541067159455
-0.036690243625563 -0.0120479551086798 -0.220295774004839 0.527698581965618
-0.0260544179681315 -0.0294700502136544 0.0524929846753286 0.0618630396787643
-0.0252298915147679 -0.025083855320736 0.310697183908262 -0.479444275328666
-0.0333938223100554 -0.0167000721291791 -0.233613176040274 -0.904143162867048
-0.00309657892255074 -0.0121828391092594 -0.866154741895668 -0.270645511882562
-0.0123149914080263 0.00936049050257623 -0.481682185783112 0.542755836864014
-0.0239781473280941 0.0124958620513881 0.134509717623555 0.491772640832603
-0.00590271929287016 0.00916131061425195 0.281061994491818 0.154928466916093
0.00540431639307493 0.00450288576044792 0.138403624625291 -0.151163386211011
-0.0103250005169513 0.00253692752783888 -0.123430673161716 0.101285829145382
-0.0335632048425914 0.00219582109055588 -0.218081519209002 -0.144872071747857
-0.0161759860903978 -0.0192428886258974 -0.128362000759936 -0.430134117386926
0.00392699173836809 -0.0274591235787367 0.442206169719469 -0.45738262273542
0.0167136713461062 -0.0403246323867414 0.775175672742065 0.164792006558376
-0.000660191312137079 0.00191360691068859 0.311713671045968 0.758457920926935
-0.0431905225881857 -0.000552849929475014 -0.240841192064236 0.519698417764538
-0.0373325258151742 -0.019872343369489 0.0501032566483569 0.0553527006180756
-0.033184713245877 -0.011667930703259 0.292264026928851 -0.489839071236498
-0.0290670224002717 -0.00178468745189161 -0.27433728639501 -0.893230599707124
0.00810470693898768 -0.00872800858567477 -0.8736226344677 -0.230759021667973
-0.00808587511256371 0.000843468249711739 -0.451632082177912 0.564636073040516
-0.025728695846797 0.00240285142102187 0.156407275529142 0.489786207408013
-0.0128386918394793 0.00541020973751346 0.284676571565272 0.147905590863805
-0.0014314699179737 0.00436449552658849 0.138286465200693 -0.155156857939242
-0.015176870707051 0.00299221143120528 -0.122487996978524 0.098453827700085
-0.0373842979779887 -0.000885740616855041 -0.213306140946203 -0.148218361646809
-0.0156274996285288 -0.0274495104439381 -0.111283569904424 -0.424911257895848
0.0088924807517444 -0.0326641023240853 0.469213674173844 -0.437284341201507
0.026649571257549 -0.0337804792636551 0.768984248334121 0.198657448647891
0.0042920340972603 0.0162578741387869 0.27867336624029 0.773992602953171
-0.048197153386564 0.0128541639179558 -0.264015823540177 0.513610251368037
-0.0462291212622322 -0.00799014578430965 0.0432130121612982 0.0517807172047672
-0.0374464612610444 0.00307891788916645 0.272038398666993 -0.498657152569539
-0.0223169124755258 0.013066803521147 -0.30951562687139 -0.875079975648752
0.016756340653189 -0.00486414722773327 -0.877317731985086 -0.191119320814535
-0.00698978101198224 -0.00653581607824418 -0.422863402663044 0.584884873824136
-0.0265798478435486 -0.00534282401682839 0.174261858609551 0.490177173541998
-0.0178069107163471 0.00342802348261593 0.287506236197496 0.143030722985225
-0.0075426318131293 0.0054141679917117 0.138156463105902 -0.157224778470564
-0.0179664649230187 0.0044888611013625 -0.119436289610302 0.0968899703505844
-0.0373635931867745 -0.0026573517269399 -0.209845305473533 -0.149005562379174
-0.0134060088294861 -0.033951054503832 -0.0960611165937083 -0.420559725847841
0.011500575156877 -0.034734593350699 0.488998010475465 -0.416862312663899
0.0339973273341979 -0.0262850233670798 0.766962574460176 0.228493155790799
0.00847360138543926 0.0296854363193414 0.252543939270271 0.788291649143145
-0.0500405253524686 0.0253258478262319 -0.282802848872877 0.511456016393387
-0.0522618217625669 0.00298437477791815 0.0347250212292422 0.0514440033137509
-0.037998641857196 0.0177928367340982 0.251046925719485 -0.500934117251502
-0.0153344464003998 0.0260545202536509 -0.340044457611753 -0.858130373330888
0.0225198687303069 -0.000810613707207707 -0.880360998265054 -0.158974711000886
-0.00812060491203682 -0.0098430173611338 -0.396826043496113 0.601326661742625
-0.0275031398175991 -0.0105668819687637 0.191752605340201 0.491333551888663
-0.0192601178700343 0.00384362179909553 0.293803628776183 0.140270618531393
-0.0101225560553267 0.00781192755988766 0.140904615667208 -0.159125449416983
-0.017539502504895 0.00680062014088401 -0.114823614201997 0.0973118247269918
-0.0344566095591375 -0.000539345111994508 -0.205545886881353 -0.146408024975342
-0.0111337567045608 -0.036466967022388 -0.0885824614188607 -0.413206208312297
0.00975441241974827 -0.0339036664027843 0.494700198496262 -0.40676867158511
0.0369910562174131 -0.0198286459819206 0.763527497304983 0.241823677017497
0.0141366485563023 0.0396699895805032 0.241137363174956 0.798911773425051
-0.0496138627212369 0.0367609097220562 -0.294989035040569 0.517884063966479
-0.0533565256520159 0.0136826599099025 0.0226804501365011 0.0570897372694605
-0.0353785459583517 0.028741226409649 0.238489908566166 -0.493263755450709
-0.00711512521690522 0.0359308020120267 -0.349329290493097 -0.845810265679951
0.025330578955431 0.0042321762801518 -0.882477414995522 -0.145961525671663
-0.0109062642101077 -0.00931628280218726 -0.392537813747768 0.610057859253787
-0.0261550896977732 -0.0126655326270854 0.196977234883886 0.494970650965574
-0.016785735289929 0.00584749560205054 0.297129413306813 0.14256849999127
-0.00896280757069432 0.0107373164270419 0.144999980635516 -0.158776795009864
-0.0155660586602905 0.00896453038774125 -0.11172205886325 0.0966869061484741
-0.0294742668475784 0.0032361408696064 -0.201231979042699 -0.142943856643277
-0.00895368222998659 -0.0343182530327334 -0.085985580056364 -0.408278236240454
0.00525302357089765 -0.0311993412510767 0.491562768357461 -0.401840944862559
0.0349754210875593 -0.0160287856316512 0.758716812910741 0.248066418213039
0.0182764537821144 0.0451849210619091 0.24217945114433 0.804794635671651
-0.0446374857955307 0.0434160918393737 -0.30152196112633 0.526809815574877
-0.0504641594927173 0.0195700023854703 0.0120777450442515 0.0649255744537084
-0.0294467624151263 0.0353209206401398 0.234064477934668 -0.481783054565318
-0.00146111652460506 0.0415500628075465 -0.346766670266941 -0.836762555101707
0.0234276062896277 0.00878906602861224 -0.882667150968361 -0.143027841380712
-0.0159649269480318 -0.00528171368231094 -0.393049134647206 0.615383997705634
-0.0240258014437523 -0.0103393470513471 0.200533817951297 0.500125894267099
-0.0106388872282034 0.00980937057710746 0.301047571925782 0.146310945929512
-0.00466031976253474 0.0139531333083294 0.148891275539326 -0.157051389140707
0.0103918406777714 0.0054789446223664 -0.108589733444736 0.116570652715547
-0.00850472827191837 0.0170389273610337 -0.232761374313015 -0.102478048555716
-0.0124534465680307 0.00914600066657794 -0.215013491913146 -0.400268492827464
-0.0130759148154837 -0.00117913130603004 0.297609635588294 -0.540760517429301
-0.0164911991124208 -0.0385237941994941 0.773505716487783 -0.0106993961202514
-0.005396554732725 -0.0256951354941852 0.473966937639144 0.67014686226995
-0.0210998933409055 -0.019635559688842 -0.134555789743884 0.571341233811965
-0.00770534818992342 -0.0371917015457252 0.0526339271845254 0.0750685426966242
-0.0110370356484975 -0.0380712401054599 0.279872132167473 -0.471398658503764
-0.0372636700303059 -0.0262642125601144 -0.264807782187308 -0.877015305096738
-0.0197239314138382 -0.00680684894404933 -0.876244307620505 -0.245031446781993
-0.0177433080328313 0.0286543854318492 -0.480102306705272 0.558767889687089
-0.0146767430306025 0.0300943923367523 0.151195045948678 0.483857128285665
0.0144434403743976 0.0163237867096539 0.294774471734776 0.137967633430012
0.0203974608937394 0.00426992043856059 0.129659611119845 -0.157487494606116
0.00326946834200402 0.00427923165329118 -0.109443527190953 0.11656550395048
-0.0186140500125034 0.0140329541485153 -0.233489183971935 -0.108033030030594
-0.0163954698721956 0.00145978982544381 -0.204440643894908 -0.406067342036333
-0.00838608263433768 -0.0105683175833573 0.322126013408615 -0.535492851798891
-0.00811187653174113 -0.040857338249162 0.778933437606717 0.0144224055373095
-0.00546667152413875 -0.0197438490558523 0.448737331767817 0.682737876376683
-0.0289773517674005 -0.0141546060699613 -0.148998547803998 0.559987252576177
-0.0179507502156968 -0.0338901005050837 0.0578667799170945 0.064126503539363
-0.0193617660641269 -0.0316312359713049 0.271020672763102 -0.487962741816832
-0.0374733294484994 -0.0185804627888616 -0.293652091986359 -0.874757514362372
-0.0102203156762004 -0.00671519142059665 -0.881383595103659 -0.217955512936048
-0.00919420292597692 0.0209796511131061 -0.45602316338769 0.570977481829573
-0.0168388515579294 0.0217738345015943 0.166387394131691 0.478609092613435
0.00446097337046827 0.0105372468336378 0.29373800654699 0.13039898863392
0.0125395226989229 0.0020794128520534 0.12534753959989 -0.161184334572741
-0.00378436076573514 0.00427250980316992 -0.112317959059407 0.113558932530123
-0.0269867405781124 0.00944627094193095 -0.232888757120034 -0.114196233383629
-0.0191716655601829 -0.00817711759457498 -0.19030165039993 -0.408618751212078
-0.00253558217659118 -0.0202218980283423 0.352199949988879 -0.520979988474789
0.00163142226181095 -0.0406873394011303 0.783140039707827 0.0435254868972143
-0.00287859539849108 -0.00998389391201072 0.41971227346759 0.696805740760749
-0.035772086248204 -0.00522688627393292 -0.165816901700792 0.550024277837778
-0.0285252608022975 -0.0263357359693571 0.0584859412243936 0.0552202284687289
-0.029285796884432 -0.0214609967146997 0.256290732893737 -0.502607922045715
-0.0348868473316386 -0.00706751218267296 -0.32853256039185 -0.864277178708878
0.0014639595855833 -0.00557970471751849 -0.882800865918558 -0.181768366676065
-0.00320835119888005 0.0108823745881601 -0.421912543669241 0.589982515992727
-0.018519746583846 0.0116335260968852 0.183775912079292 0.473225052385128
-0.00394799432407661 0.00493180156794977 0.294565276603212 0.121106011856863
0.00387667149010856 0.00163257543615661 0.123127672940344 -0.164075448719693
-0.00994270603199658 0.00427823539099056 -0.111449988875184 0.11195849732814
-0.0337870235795231 0.0056177235685923 -0.229740669420417 -0.119094663450275
-0.0207486046600951 -0.0181485808063278 -0.17263787337933 -0.409000082462112
0.00285604318712155 -0.0277841292607097 0.380521098397533 -0.505966630697804
0.012654599616763 -0.0377140107114571 0.783774584112241 0.0764472339280824
0.00205891352822127 0.00191043217850594 0.387351051190516 0.71538911718157
-0.0415560822063606 0.00732017598785937 -0.188497708667994 0.544818706758988
-0.0384354724710019 -0.0153393843822935 0.0540603081242593 0.0484368600877762
-0.035388164204326 -0.00783957487676997 0.23760018898362 -0.510664333940683
-0.0288359413344769 0.00719215826177445 -0.367321390454662 -0.847698623821886
0.0129131806557124 -0.00424899944405778 -0.883333866040391 -0.142697257047362
0.000664476857568534 0.00202224236184816 -0.388795239467159 0.608444852537183
-0.020951026139614 0.0025088102055222 0.203172852650392 0.4692677035563
-0.0118045571110649 0.00179934172665195 0.295817513853783 0.11426473987582
-0.00327575769283286 0.00258911557666653 0.121826025860276 -0.167639767189528
-0.0152783966343459 0.00531672950149483 -0.110531042408899 0.109411855234578
-0.0380782692258291 0.00223492239518673 -0.226190728632199 -0.121903173624536
-0.020728210989678 -0.0271452529514793 -0.154475333515662 -0.406862621473564
0.00748247565222872 -0.0332311536102846 0.40906236146687 -0.488212829027373
0.0224624389021291 -0.0323153536694777 0.7831544992308 0.110611676946222
0.00780542540697331 0.0161064935797458 0.357110694912667 0.734931954268476
-0.0453238495701151 0.0202491837712676 -0.209448414680447 0.541575131901788
-0.0460422366767897 -0.00306079720216908 0.0471433359881211 0.045983909918846
-0.0391080000916895 0.00766320108644783 0.216561866406492 -0.51745305778025
-0.0212597140955441 0.0205865699113457 -0.400422494224133 -0.828128450312397
0.0212193689136801 -0.000713552352107658 -0.884968035210086 -0.103340398584588
0.00134886665872467 -0.00527986607410811 -0.358298848269365 0.624382658012074
-0.0238604085103001 -0.00648162659960531 0.221765802183969 0.467232382214619
-0.016031460676379 0.000404495140941976 0.298566594679799 0.109843225372012
-0.00832425599744456 0.00376622566130887 0.121719874221167 -0.170007130925165
-0.017741360838436 0.0065131776306995 -0.107715543845762 0.107385201721306
-0.0381655968749716 0.00129896863634726 -0.221384136835644 -0.123088225928915
-0.0186388847955485 -0.0331192077496694 -0.138783280743586 -0.40382921966103
0.00954027763357035 -0.0356012329268416 0.430672360794301 -0.470757007637401
0.0299841004829201 -0.0253040346057053 0.781786050824952 0.141139576244943
0.0137811095650753 0.0283786269225057 0.332239069741927 0.752239504130236
-0.0463891579928567 0.0333870265941422 -0.229208050243809 0.542965210268722
-0.0504103758269589 0.00835783572965072 0.0390736952048094 0.0471762771128891
-0.0375825762727793 0.0214527356401837 0.196762178397318 -0.517829122538148
-0.0120644819383709 0.0324668739577828 -0.426038576981947 -0.805499722258701
0.027194023000296 0.0022769631419888 -0.884872499264378 -0.0703704365101404
-0.000635971174029703 -0.00925492838494706 -0.33300165759269 0.637140795506669
-0.0251096735333057 -0.0112097324664119 0.237481416978749 0.466907769511414
-0.0180916302803111 0.00125093876942772 0.303191176308489 0.105656876849386
-0.0107534343068455 0.00722665851306936 0.124011919484905 -0.171939805433061
-0.0170084903650279 0.00928603578115465 -0.103436299589478 0.106134044050551
-0.0355755409932803 0.0026134522717025 -0.216866819009532 -0.12209622019708
-0.01670425223481 -0.035768561793064 -0.130405462795589 -0.397484394246547
0.00905495398467501 -0.0356036859483242 0.438375817107618 -0.459588652334039
0.0338309376203799 -0.0194052827550837 0.780691492434327 0.155288799454618
0.0198385125259423 0.0379278574009091 0.320128221187261 0.762708105047479
-0.044455028272938 0.0444168543600319 -0.24159206369344 0.549962479621839
-0.0517820880655375 0.0186278294427123 0.0280697579496879 0.0539471397455454
-0.0344188450494793 0.0329044211601658 0.186539286529333 -0.507866269473133
-0.00389630900127287 0.0412860714454843 -0.433551051680317 -0.792533335526106
0.0310249862634304 0.00624036035021901 -0.884751288635245 -0.0592358916133182
-0.00415706294925972 -0.0087814995007276 -0.326493067298728 0.646917889220299
-0.0242021871821038 -0.0131198592817163 0.246049637448505 0.469894080137261
-0.0149946303686411 0.00324129050678607 0.308003742977742 0.107685119553032
-0.00971472634258202 0.00940060215509882 0.126951438612029 -0.172383664923271
-0.0149067579529261 0.0117607483963506 -0.0995346878706724 0.105702247102952
-0.0299382195066428 0.00566179509819955 -0.21421025110794 -0.11923745611691
-0.0149905460533874 -0.034292904482026 -0.127548106931244 -0.39152192571163
0.0040127529847857 -0.0324631663904042 0.436093300431649 -0.457564804245835
0.0323438570597764 -0.0150189300940425 0.778919483453817 0.160480449248209
0.0252675094515979 0.0426542254879403 0.32222221290581 0.767982646176917
-0.0397060377497955 0.0505805299191627 -0.247172377627562 0.559457962959861
-0.0472802985622072 0.0246705339320504 0.0181988203273025 0.0627400816790151
-0.0270128567279041 0.0384158670172058 0.181577009814243 -0.49485380646598
0.00220484975249403 0.0459649466198502 -0.430078816450083 -0.78427052484424
0.0303018137185736 0.0113431114712592 -0.886520626461051 -0.0563149490640334
-0.00739652755328245 -0.00413824652360113 -0.328132867548668 0.649354798141289
-0.0217655548151079 -0.0110781085794419 0.247626809560076 0.474786995697775
-0.00839108945161404 0.00576218720231792 0.312412676173348 0.111122623533319
-0.00538458485518275 0.010982112267781 0.131692126220495 -0.171138207552368
0.010149914862777 0.00559016286263796 -0.107683308680558 0.114769274282928
-0.00837123697689073 0.0170171242310809 -0.231341994760811 -0.0989141360837609
-0.012035166993782 0.00891621469818097 -0.213678187762157 -0.394701708962708
-0.0122811423208069 -0.00121185731235362 0.290589823383003 -0.535957317167625
-0.0168709934001935 -0.0385212845066459 0.76442703116815 -0.0147209017824057
-0.00581566703875689 -0.0252303340190267 0.471810288703468 0.659338127646296
-0.0207898248965158 -0.0186532277236645 -0.128236733215708 0.563977204149697
-0.00832503478083907 -0.0368314877393423 0.0519609414672445 0.073911068741815
-0.0114086178428045 -0.0367078746745847 0.274600291628649 -0.466994669428948
-0.0372736447889028 -0.0248326783394412 -0.265147951707165 -0.862887045628696
-0.0197132681817136 -0.00663778652294952 -0.865914069741115 -0.238071761583192
-0.0166378652806127 0.0290355624824568 -0.467698569027779 0.555297652971502
-0.0145928535819958 0.0297091119539573 0.15159115497974 0.477271519831773
0.0137493322762012 0.0157574843956948 0.291925042466144 0.134328769388852
0.0195341671036553 0.00358256411763996 0.128300129338609 -0.15634240222118
0.00382999576551825 0.00402074423902927 -0.108987337929097 0.114732494377444
-0.0176835508892994 0.0131287611615797 -0.231785836625829 -0.10550586466986
-0.0158310544536696 0.000959602225215236 -0.203026643153115 -0.400032098851509
-0.0081654335965036 -0.00985150340479057 0.315239271043812 -0.529067890149493
-0.00902253754611745 -0.0404846786656808 0.768690859270851 0.0101954294506494
-0.00600132576566917 -0.0199328094756897 0.446965830039191 0.670912825251354
-0.0288311145212731 -0.0136991946313122 -0.143039656692745 0.555088606830089
-0.0176821229034003 -0.0326805934804105 0.0560010891802447 0.0629710067698674
-0.0199767801722283 -0.0310637089894474 0.266303523092348 -0.482593313999603
-0.0370526699912053 -0.0181798924851478 -0.292387173338831 -0.85911700487639
-0.0102061010409055 -0.00680804013405888 -0.87057503075326 -0.209049311491672
-0.00874560967598301 0.0205510156090278 -0.445810119572241 0.567670851761733
-0.0162310318201788 0.0217401458230577 0.167665438688872 0.470340090665874
0.00463124951166655 0.0103440449801696 0.29156541685969 0.125834397086689
0.0123728787742992 0.00185924219531952 0.124129364046993 -0.160125916292899
-0.00420112710475162 0.00385381688835866 -0.110091048657808 0.112730845104613
-0.0268674009893629 0.00963419971341785 -0.230787241508883 -0.110828286831692
-0.0185479105182556 -0.00764877817895786 -0.188554907579787 -0.401821686150404
-0.00212317626771463 -0.019336287670148 0.343662019563032 -0.516139186688622
0.000909505529331589 -0.0405807625515533 0.770132295680166 0.0380703105476934
-0.00290317078713672 -0.0100642703398742 0.418082705941103 0.686001284747499
-0.035483949460501 -0.00455060977232059 -0.160638586644997 0.545374781196725
-0.0282984050241041 -0.0251009348207574 0.0573043875962366 0.0545329965918651
-0.0290983646726724 -0.0203967256864612 0.250120510107024 -0.497070514886019
-0.0347781616471639 -0.00640907459809659 -0.330544731241059 -0.850062698520615
0.00149973630620449 -0.00577391711855218 -0.874263678431304 -0.173970713382243
-0.00301369935497241 0.0111741544926019 -0.412504367465296 0.583813119263219
-0.0187045184562914 0.0120497703242998 0.183842538664447 0.465852308781884
-0.00361254365372654 0.00498453501375984 0.29158338377403 0.118163998045408
0.00348435475494099 0.000755768766900843 0.121849800525807 -0.163389136542118
-0.00975944550816947 0.00426466994566706 -0.110250317045654 0.11012965796351
-0.033586378705988 0.00556162617424126 -0.228792442923725 -0.114863566503863
-0.0205686084903254 -0.01746868843142 -0.170115530087178 -0.403505068525104
0.00335578138912525 -0.0274188839680232 0.373375246824616 -0.501859993330621
0.0113524854014527 -0.0375313460993796 0.774495632087158 0.0701764148099657
0.00156258479579771 0.0018786535594509 0.384790959154959 0.705511632376383
-0.040771768763695 0.00716113632777323 -0.182241037111758 0.539715457859977
-0.0379096616755144 -0.014915421634648 0.0540491734054851 0.0481024976510813
-0.0346592542907217 -0.00693768464484386 0.231721781006671 -0.505939329773758
-0.029254229582239 0.00705484801651772 -0.365003440734578 -0.835858822186757
0.0121612147322588 -0.00340746207359043 -0.874278198679848 -0.134295455743752
0.000777935653520009 0.0020109443254898 -0.380358218299927 0.601255790096665
-0.0213371513374895 0.00255662121900776 0.204412274898773 0.462072748851083
-0.0112764853069649 0.00154236844973511 0.294169062702478 0.111493826805439
-0.00349430516148162 0.00162877444840243 0.120146943761687 -0.166841688911945
-0.0149827359933974 0.00533337922698042 -0.109041512543038 0.108126371439833
-0.0370451696038483 0.00288192024438179 -0.224700344954471 -0.118995025816295
-0.0204842065765111 -0.0268168632197248 -0.153321776012939 -0.400865709274124
0.00749017507004482 -0.0327695862345685 0.401756444657919 -0.484393256102104
0.0220943354539522 -0.0315955422072433 0.772467488780621 0.103935894588489
0.00736133744864874 0.0153366312476202 0.355856207962862 0.722832727562634
-0.0442318941262517 0.0214622699043154 -0.203710600094937 0.535248937402711
-0.0457912312582516 -0.00258482210457243 0.047476788790551 0.0457074794091334
-0.0378241722990538 0.00711963168468202 0.21092009114532 -0.511252964444406
-0.0209535455676423 0.0209957019249916 -0.398717081057792 -0.815152867827584
0.0215353493325553 -0.00186504005594294 -0.874230685270345 -0.0976533399657416
0.00132321675515226 -0.00561125379458581 -0.350135921032042 0.618162254819924
-0.0232834891895052 -0.00536575883634331 0.223046165660536 0.460927437775151
-0.0160768695273305 -0.000159944424369151 0.296331939637827 0.106000896750206
-0.00920323778739534 0.00414907286539738 0.119756903739286 -0.168637922821013
-0.0170804090752051 0.00640440961917007 -0.106592614170886 0.105896108825339
-0.0374191202481343 0.00182036812980841 -0.219093834804508 -0.120256633493602
-0.0185860571199354 -0.0326584698701707 -0.139398350972885 -0.396911353071473
0.00945692812881619 -0.0345968891746776 0.423107019485732 -0.467671113026871
0.0290012631334474 -0.0253813420621852 0.771617835780064 0.135705733278188
0.0133641645944234 0.0276907488918457 0.33164322844346 0.740678861230343
-0.0450538315398605 0.0335204321546744 -0.222829445717841 0.537001964380957
-0.0497693973988666 0.00889268423646265 0.0391526576889131 0.0467283546938327
-0.0371568146372771 0.0218722257869532 0.191266458235634 -0.50880920043767
-0.0121808729488164 0.0324253561431695 -0.425598679437129 -0.793158061704452
0.0276785530018238 0.00103025304591113 -0.875030744259213 -0.063811107315667
-0.000251352516743547 -0.00829595411817035 -0.323975713319778 0.631562505843719
-0.0244287686476663 -0.0106923846440377 0.23904464651592 0.458090144004919
-0.0171024727422279 0.000150575816127426 0.301120078346649 0.102448839760871
-0.011369198533804 0.00639526457534162 0.121897722236484 -0.170474425559154
-0.0168358904503442 0.00901791477019558 -0.102058246946826 0.105950153322245
-0.0346831410644048 0.00259990800593669 -0.215897987528494 -0.118337171854752
-0.0166626700296952 -0.0351640772767184 -0.129958519009461 -0.391282029747768
0.00921138923050528 -0.0345741046627416 0.430829412072519 -0.45744332024473
0.0323224117388298 -0.0194544106455049 0.770557718858087 0.148062833071359
0.0197447278515507 0.0372342180462775 0.320788583057374 0.750610978549877
-0.0436642877682339 0.0437475768954552 -0.234772794667458 0.54335765748666
-0.0507321805802282 0.0184540604349285 0.0274985317337193 0.0532741832941122
-0.0333579227089391 0.0317168900201098 0.180246136633387 -0.500450961607266
-0.00380206105063748 0.0412329919503913 -0.432134645542064 -0.780822160784514
0.0302175109613135 0.00600502320202847 -0.875459053280018 -0.0514570126483896
-0.00329727136215054 -0.00848359067996227 -0.317475100589345 0.640321489207356
-0.0242740021248674 -0.0126127702199115 0.245505062856593 0.462978954600555
-0.0143839658805767 0.00254661514214293 0.306323545013207 0.103808412910736
-0.00991696013177967 0.00895074687157823 0.125573379541718 -0.170895472497327
-0.0137677818746605 0.0110280957082601 -0.0991739602098215 0.104580872607368
-0.0294370111251667 0.00557123539939396 -0.212113022979896 -0.115996855668442
-0.0150439238642588 -0.0337727025580663 -0.126895150373363 -0.387681441274644
0.00413871704365524 -0.0316141369446705 0.428747246541799 -0.453504853658884
0.0320291580259977 -0.0153407278340519 0.770128867212911 0.153233166181129
0.0247265312115543 0.0414651641156657 0.323468259956499 0.756291246482238
-0.0385493231706925 0.0499708009052248 -0.239377772745817 0.55269013014762
-0.0470023105418741 0.0246864849414536 0.0175941131499521 0.0625277320038756
-0.0263620903842473 0.0382652886790054 0.175970400832131 -0.487572305485733
0.00196567470370136 0.0457037692963149 -0.429123830449439 -0.770636909444505
0.0292337035408421 0.0104729056531015 -0.876762190712917 -0.0474917604462364
-0.00779329333571853 -0.00444594570161242 -0.319880836005521 0.645078742677685
-0.0218826485441466 -0.0108217077062201 0.247177232838605 0.466641012740768
-0.00809427929648923 0.00538038588200341 0.309808358010251 0.10786915010997
-0.00559076675937814 0.0109700345690034 0.130376883435495 -0.169794855084886
0.0100294808644033 0.005087631654208 -0.106491792395214 0.113494360460664
-0.0077807535306896 0.0180035489160238 -0.229019878529042 -0.0959358701403191
-0.0119991256863745 0.00880215037096348 -0.211670906687418 -0.388529979850989
-0.0115565446566045 -0.000978792823059501 0.284892504877096 -0.530551767850985
-0.0171033674178307 -0.0379474275890831 0.752138515294504 -0.0178403639770817
-0.00660526784857436 -0.0253333411777789 0.467610393739151 0.647201963402233
-0.020092589687913 -0.0181727424119816 -0.124158779666617 0.556516530992997
-0.0085388196843262 -0.0359772128695321 0.0514466796336158 0.0728322289483664
-0.010630977958624 -0.0361767127633928 0.269645313319886 -0.460972984749061
-0.037342323884001 -0.0250330932815555 -0.266400904320377 -0.849033078202616
-0.0199524906938513 -0.00671689295788589 -0.857161440217441 -0.229056166209712
-0.016075104435945 0.0288875309296525 -0.461300716298892 0.550763635891362
-0.0138646242632367 0.0299483768011618 0.152752752957006 0.469468674098574
0.0141461439131414 0.0150457967965139 0.289269570664926 0.131233744588637
0.0196072693919147 0.00274007287608489 0.12770413073201 -0.154841335869274
0.00396659425001992 0.00423332115727881 -0.107794818387578 0.113113640863532
-0.0174018804607627 0.0132615095203209 -0.229459365697481 -0.101852086215438
-0.01594655320366 0.00112360798683368 -0.200812846669793 -0.392052041963579
-0.00688246561747309 -0.00997330586868948 0.309521970888121 -0.524204031072703
-0.00937020635424587 -0.0404030419527789 0.757492591916022 0.00620851327360105
-0.00592143052156841 -0.019416196658442 0.44353679739681 0.660191662011085
-0.0276038085705453 -0.0133191649946435 -0.137368882537001 0.547834776915207
-0.0181507029485913 -0.0330285379515255 0.0561292161307512 0.0627425167316762
-0.0193036244123044 -0.0305556562746612 0.261178988729845 -0.476497110357555
-0.0369961459156867 -0.0167558142391734 -0.293909277349976 -0.848824325668881
-0.00968589716155512 -0.00689219768255628 -0.862273919945069 -0.203732099047066
-0.00875227968957622 0.0205828608789403 -0.43733698039283 0.561571481699939
-0.0160045758410304 0.0214223316567381 0.167340648439446 0.463149887804572
0.00466297084797073 0.0092915583360747 0.288661702767018 0.123217557220782
0.0123098847370429 0.00163984308225662 0.122825274849016 -0.158367174439192
-0.00344758575904868 0.00382757008853258 -0.109717547023456 0.110995605648213
-0.025861573872822 0.00974973898770205 -0.228987023471855 -0.108220463231262
-0.0195407406498713 -0.00831604614411779 -0.18579992276131 -0.396674286086206
-0.00187817112872705 -0.0187836667243799 0.339661732339151 -0.511561622837088
0.000306917244045137 -0.0401219271478798 0.761264037951147 0.0331171081031944
-0.00311778142396509 -0.0102312287884146 0.412791172452528 0.673785395529328
-0.0347045512893593 -0.00405854451762681 -0.157101407675239 0.538124581305335
-0.0278561522194337 -0.0246196869972253 0.0571226678280471 0.0532047380857712
-0.0279523517254163 -0.0204542179265137 0.245393748322316 -0.489933305953453
-0.0349356542679295 -0.00585577100780706 -0.328582649262001 -0.838039388188319
0.00143702499975666 -0.00627304804511667 -0.863643126735583 -0.167699920863502
-0.00264538390002807 0.0109879353371293 -0.403683137527116 0.578569698926464
-0.0181452502734358 0.0120619451254633 0.185109302300395 0.45847151932147
-0.00355983388852541 0.00479329347750198 0.289154632952085 0.11514595959715
0.00338651171137416 0.000842821036769013 0.1204565038954 -0.160568811855139
-0.0095887492983299 0.00448312605888809 -0.109876381245634 0.109620595922027
-0.0323567927839851 0.00592469744370021 -0.22691771566325 -0.112452909653526
-0.0204842417136708 -0.0175622219277935 -0.169045475572749 -0.396446055121769
0.00286676467674811 -0.0266112222071926 0.368633476167997 -0.497065184069534
0.0113940716069031 -0.0373225269116276 0.763123569439042 0.0674643101643234
0.000768096165714069 0.00142738390240027 0.381567483733211 0.693944104324781
-0.0402311120265373 0.00783658851168639 -0.17719223515732 0.532562217805108
-0.0373060336096464 -0.0140865363878488 0.0536460920023478 0.0475502555292166
-0.0340697502612425 -0.00724471313704818 0.226106390270465 -0.499706740262793
-0.0289105183104054 0.00748691292536701 -0.365327406421971 -0.821887244531006
0.0119711559730512 -0.00430792101527205 -0.864783406366122 -0.129816836765543
0.000279765258454797 0.00237734193568907 -0.372167775200415 0.596477062358851
-0.0210347984061585 0.00255442975052611 0.202200216193853 0.455109050715507
-0.0111631596946508 0.00136117873101397 0.291141749518642 0.108707334836265
-0.00361541971968535 0.00149631641858575 0.119417502608233 -0.16469081671962
-0.0144537483661956 0.00498392991700703 -0.108194167392086 0.10613879996573
-0.0370563875863051 0.00269658795286382 -0.223410326111688 -0.11582471913709
-0.0200198982520425 -0.0261122386324061 -0.153234080923119 -0.396025745397515
0.0079451089200777 -0.0320199667233917 0.394643319433859 -0.48291596142405
0.0213910181860465 -0.0320128364989227 0.761964919719592 0.100783611500677
0.00726414136174824 0.0152184703763724 0.354111867770279 0.710840920068615
-0.0433032231840152 0.0213438232720094 -0.196909979497075 0.529832156538089
-0.045449048271723 -0.00194915803283662 0.0473479210936541 0.0446803314300622
-0.0373940827932283 0.0086026665321931 0.206636258993553 -0.504761373207807
-0.0207658829504177 0.0212463988708961 -0.397844831116515 -0.802476459951237
0.0209891512894382 -0.00143104502833329 -0.864048808228535 -0.0906414683534808
0.00133745687969967 -0.00462216517875873 -0.342316903543472 0.613255177383128
-0.0235538859667268 -0.00533067485480151 0.221488724165273 0.453123421683104
-0.0159625785834747 -0.000557516109578524 0.294016322313569 0.103620421214088
-0.00904173704053178 0.00337763392974554 0.119319122525877 -0.166847535989485
-0.0173234580311888 0.00650901647042312 -0.105770745780708 0.105265498678254
-0.0373280641698062 0.00224579327525911 -0.218435742382818 -0.117213105543793
-0.0186849995170133 -0.0319565505995362 -0.136645161831543 -0.391055839347658
0.0102143617734632 -0.0341956697819332 0.416274171332537 -0.464481976910695
0.0283165764336383 -0.0251699253640311 0.761865355904577 0.129010814073691
0.0124816133470605 0.0276289862792679 0.33064571978313 0.729056406498728
-0.0445930919710361 0.0330543011930455 -0.217159185942671 0.52964971991663
-0.0493702648346694 0.00906652054873774 0.0387450933241943 0.0454945532980128
-0.0359437737238537 0.0217433712546008 0.187652778988096 -0.503253575620487
-0.0118743906606125 0.0321532661358196 -0.425389775372692 -0.780947131904946
0.0270421589717345 0.00159726388534589 -0.864021966427689 -0.0607201649817433
-2.3660469470152E-05 -0.00835360687943025 -0.316539486272227 0.625627260346073
-0.0245849628052667 -0.0103839534379756 0.23905326161018 0.452089794536496
-0.0170271052102355 0.000248289776181658 0.297838995799047 0.100080371655518
-0.010982841092671 0.00565166054677837 0.121579827172666 -0.16934329093115
-0.0165671938306826 0.00876774001284006 -0.10141454865448 0.10394263464068
-0.0340345792243313 0.00302468193594503 -0.213883173234579 -0.116346480340417
-0.0168094004086884 -0.0349069457611315 -0.127924688410602 -0.3867216850603
0.00909162065552013 -0.0345399003830923 0.423846748627294 -0.454457978605504
0.0318591537457213 -0.0192212723579069 0.761174846100033 0.144251195274704
0.0189221304729811 0.0365405804259873 0.320437442416566 0.738737728155278
-0.0425635334314722 0.0442706294246897 -0.229055711492469 0.537730559682806
-0.0498461748197026 0.018835410892 0.0273681094375769 0.0520981025021395
-0.0321202548318656 0.0323858218605594 0.178904069290799 -0.494006074698233
-0.00383857542984566 0.0410753932159473 -0.429738088133694 -0.76936964110497
0.0303029636380807 0.00529557298804408 -0.864041522377666 -0.0468810417949201
-0.00371277095189187 -0.00766874334658233 -0.310150752893108 0.633651714482808
-0.0242563189319094 -0.0120422979602466 0.245157244565257 0.454626170094451
-0.0143844772846009 0.00205750120577009 0.302180748198131 0.101571903239737
-0.00965868112319375 0.00840866438220858 0.124648290822167 -0.169469323801747
-0.0139020928114325 0.0109710223516904 -0.0981640786258213 0.103094840740689
-0.0289090420186022 0.00657497414756589 -0.210931955971654 -0.113390893214055
-0.0149636970765952 -0.0338872382843489 -0.125983879058184 -0.381265337306775
0.00436976432363484 -0.0310482410752978 0.420945396521941 -0.448824549766492
0.030762078309411 -0.0150170998359336 0.758641215683216 0.147999526287568
0.0242843204313182 0.0410340180899236 0.322716125458338 0.746016872465801
-0.0371799745270398 0.0502889472174492 -0.233057208661812 0.546316950179405
-0.0460610447689672 0.0247594198244202 0.0186111202503972 0.0607922938904415
-0.0258908292319023 0.0377269535515024 0.173294814492795 -0.482742952468325
0.00207217733028341 0.0452778227620636 -0.428903312789208 -0.759589376984403
0.0290861404203875 0.0100266403221922 -0.866486142890001 -0.0436029457813571
-0.00739517192825188 -0.003944260714247 -0.312267559218459 0.636937562483548
-0.0214431279396801 -0.0103043175100886 0.247877484402044 0.460439682951039
-0.00795429331569009 0.00519560307123714 0.307088349421002 0.10517929822126
-0.00572565168038058 0.0106241436464715 0.128747791820144 -0.168154578577108
0.0104139332462376 0.0052951024945591 -0.106589491774992 0.11220070901905
-0.00766418251698847 0.0172074060375866 -0.226906398418077 -0.0947000700280097
-0.0120173792514691 0.00849745097868929 -0.209381560162024 -0.383147855728298
-0.0109217893117026 -0.000393408983778048 0.281264909010488 -0.524361411775445
-0.016803688781405 -0.0375325798800975 0.743048683875996 -0.0198754760615488
-0.00637889879971924 -0.0258923642746023 0.46097573927425 0.638761156330906
-0.0199702453001897 -0.0175433784967928 -0.122128278257097 0.548969885554157
-0.00814425787588286 -0.0347000758807865 0.050916320466947 0.0720045690589104
-0.0104848840290397 -0.0358060900913815 0.265136189663482 -0.453920679423959
-0.0370336420071525 -0.0244303041961998 -0.264927246183256 -0.836508045496916
-0.019870739792213 -0.00698482209728571 -0.8477422388257 -0.22574874188798
-0.0161169963915324 0.0290189376329432 -0.453607236182369 0.543924554029643
-0.014070165554504 0.0301791666498529 0.152091612432628 0.462786755256628
0.0142721667650296 0.0142542850493526 0.286962928365248 0.129244921703406
0.0187338536008508 0.00236458700105596 0.126196252626122 -0.152787210701317
0.00326287502055992 0.00362625908952469 -0.106672520332531 0.111443804481045
-0.0169708918047379 0.0134287596793347 -0.228110445825403 -0.100372420485931
-0.0161200878248851 0.00122898629330764 -0.197881374384953 -0.38780675301058
-0.00638923863738884 -0.00918829951492538 0.303595099521109 -0.51811183738137
-0.00978098031467309 -0.0399561107465808 0.747729138068746 0.00616386652713065
-0.00584296813823956 -0.0197108454611853 0.439574985412693 0.650542790446368
-0.0273005630634158 -0.0125580106541828 -0.135217849761043 0.538888120945858
-0.0175012537490049 -0.031363228172099 0.0553658775292334 0.0617174541129924
-0.0189959605791591 -0.0292797069842168 0.255708652581279 -0.470241655199544
-0.0370887801614098 -0.0167995543404774 -0.292073376292944 -0.836482216594919
-0.0100698938491274 -0.00722748113073762 -0.851038157828676 -0.199057696526762
-0.00860964580842187 0.0204137667079152 -0.429677286475512 0.557037947837713
-0.0159999165927552 0.0214922160966302 0.165169857034235 0.456129669144288
0.0052226698450675 0.00922343710699484 0.285963772907496 0.121916809496474
0.0115950614795206 0.00124910352475924 0.121882899422974 -0.157046525201575
-0.00376269851746826 0.00336606857429917 -0.109084649328349 0.109057182152035
-0.0257187505573168 0.00969819948432969 -0.226905118554477 -0.106270375295348
-0.0185239461785009 -0.00800152458267619 -0.184885353488331 -0.389838505633293
-0.00146258610011149 -0.0186208789987866 0.334089737524312 -0.505386444670407
-0.000231041824019904 -0.0397913683677504 0.751368887689645 0.0321952854150668
-0.00434269181134858 -0.010832778722515 0.409681323812927 0.663527735862247
-0.0339170846736803 -0.00333106558169411 -0.153148042649537 0.529793814791078
-0.027976510841415 -0.023624069752985 0.0558663536255134 0.0525966627374755
-0.027502892632274 -0.0198013529303085 0.240761732507617 -0.482059938862127
-0.0345550938305698 -0.00545728932344801 -0.326252219608537 -0.82547646632331
0.000956860320281945 -0.00587239307475734 -0.852472063594016 -0.165341184800783
-0.00253153066652058 0.0115071063773085 -0.396871610398086 0.57279775691926
-0.0181565730881076 0.0116832170495093 0.182694599838401 0.451983045039283
-0.00363728503726729 0.00423484748406379 0.286372422113641 0.113957194208689
0.00301489312783647 0.000722799282005922 0.119603070248828 -0.160034546239762
-0.00930439934054035 0.00382400060145507 -0.109090391141249 0.107821351833387
-0.0323504790471311 0.0058739009910176 -0.224238396706982 -0.110140660417713
-0.0199972495509069 -0.017399170317842 -0.167483774843997 -0.391140512128868
0.00338699090587314 -0.0262492415886473 0.362730498070227 -0.491968036968701
0.010908710122931 -0.0368007719668471 0.753992699175511 0.066567522295184
0.000620515768131501 0.00137383507668285 0.379504344110619 0.684173362621142
-0.0390900981153322 0.00901303051626291 -0.173868122024877 0.524814366679022
-0.0374791911089291 -0.0136279475607785 0.0524118290900101 0.0469517593262892
-0.0333251699757039 -0.00573940415078143 0.223463345338316 -0.492739290253374
-0.0290011032579976 0.00721517054146915 -0.362510254416465 -0.81016344545715
0.0116078309401132 -0.00473436230136318 -0.85372177814703 -0.127097946099198
0.00124596171121616 0.00238870055302745 -0.367409742549363 0.588612286956966
-0.0209919094793399 0.00277070485205074 0.202654412066617 0.44906841250271
-0.0111479095809648 0.000899499894303041 0.289090212925853 0.106453422587826
-0.00396175136564491 0.00119632076097048 0.118507831541031 -0.162454045624613
-0.0144120888150786 0.00452769675297706 -0.107858341881171 0.105218768985291
-0.0362076779590627 0.00257724314310718 -0.219870950558359 -0.114481772257241
-0.0197885585368325 -0.0261347499301014 -0.150538426646403 -0.38969872497386
0.00785142118712125 -0.0311203326350119 0.390665438458065 -0.476004265366364
0.0209293041542418 -0.0310587083061239 0.752698851266834 0.0963956062547612
0.00627801734372737 0.0147130753776367 0.351381874089982 0.699940761761133
-0.0422974884032285 0.0214752337229768 -0.194229249833211 0.522375863447299
-0.0447977463517564 -0.00182149383214366 0.0461665424176945 0.0436940361820023
-0.036554165700761 0.00832592498163979 0.203786553458597 -0.497445227504295
-0.0208373224793837 0.0208944873940408 -0.394791050689821 -0.792290479236811
0.0200523810100219 -0.00240196070138642 -0.852784698995206 -0.0891272347083763
0.0018083013739023 -0.00425576605940194 -0.334860474961113 0.604763882339695
-0.0233069561514672 -0.00436520949040718 0.220180617180617 0.445460069191973
-0.0160537045646783 -0.0007129950218211 0.290523878196881 0.101542039179925
-0.00881512455780578 0.00296169891485328 0.118500916767679 -0.164376592630031
-0.0167809260914964 0.00658018251392391 -0.10515065191822 0.10305145067706
-0.0368284313125759 0.00199116715135836 -0.216073313256684 -0.115749750506568
-0.0186360694210292 -0.0319488975809486 -0.13539869812715 -0.386602612788114
0.0105600101647108 -0.033825967122529 0.411293943468817 -0.456835721719345
0.0276360546946149 -0.0245839899163548 0.754123962643025 0.126714957206558
0.0127772852570561 0.026584176773504 0.327244976883745 0.717383312591734
-0.0432360570542124 0.0329516057176003 -0.214629364518827 0.522870886833501
-0.04793697671548 0.00926024793556045 0.0375062746428298 0.0460092948757706
-0.0357321569400089 0.0213962492901837 0.1843237664756 -0.49545271977892
-0.0120837487672677 0.0323031191057742 -0.419525744408022 -0.769966920059355
0.0258304251389296 0.000820810144435179 -0.852659953117344 -0.0572244387126452
-0.000635031465490224 -0.00796649805234399 -0.310126977057355 0.617985123062234
-0.0249085343611607 -0.00989126275777144 0.235519564052912 0.445281916558968
-0.0163809303194768 -5.70946127818172E-05 0.295528695077987 0.0986973752253675
-0.0113268489299364 0.00574680998610366 0.120462107418131 -0.166325289002278
-0.0161275924580835 0.00856921074842589 -0.101354361748556 0.102160789381155
-0.0333940244027624 0.00327100586503653 -0.21199368198367 -0.112698533419287
-0.0167599938606304 -0.034679086916296 -0.126750855755934 -0.380722655185478
0.00967018264312655 -0.0338471127942769 0.418932751553243 -0.448093989554628
0.0314519583530149 -0.0193346400165512 0.7514356297452 0.140856994744904
0.0186698821628677 0.0358152776834339 0.315606969768059 0.729555303015909
-0.041335480054912 0.043566810273924 -0.22476326692525 0.530407018466416
-0.0487653579743634 0.0188138363741887 0.0267518527808919 0.0522395581378542
-0.0320109984794443 0.0318114950909882 0.174535982690749 -0.487867734776636
-0.00368624425423618 0.0404079139151925 -0.427230916616705 -0.756937081130089
0.0289468305175625 0.00500995048840067 -0.85467224929734 -0.0448807537169955
-0.00333923381718241 -0.00748327912314846 -0.302945092640524 0.625973959422015
-0.0244466293368041 -0.0117965396798528 0.242282104403469 0.448256765411218
-0.0143357940666217 0.00157918989455133 0.299793786058094 0.0993840415912597
-0.010464861629959 0.00758439245509668 0.12339522750187 -0.166885761021468
-0.0135127046618699 0.0111396326729024 -0.0970448650523374 0.101455354829055
-0.0281676018224641 0.00542892622282761 -0.208397628293762 -0.111169100505373
-0.0144889484431279 -0.0333353991652113 -0.12339421140035 -0.376539738335403
0.00527055321666098 -0.0301769378386743 0.41653098241353 -0.445557562283481
0.0302078116232262 -0.0153147083525419 0.750007485438309 0.145166693500334
0.023819618407929 0.0396498019881746 0.318699474222275 0.732941914662844
-0.0363347208777901 0.0497695987170654 -0.229835564371522 0.538452112611494
-0.045795060827576 0.024438847595657 0.0171080902192527 0.0609951495859411
-0.0256283515286182 0.0379614728637938 0.171286575761313 -0.475363918085057
0.00231587329731009 0.0450408218888705 -0.422812046312447 -0.748883263374986
0.0285661715939856 0.0093633869503852 -0.854381953102871 -0.0414086481242581
-0.00686004335389314 -0.00320967692714736 -0.306662470255013 0.631193144413075
-0.0220042759087107 -0.0103376379326366 0.246298393150348 0.452299788256579
-0.00810070276454775 0.00424692531514491 0.305197532156821 0.103138233062672
-0.00641847101791443 0.00988485246229989 0.128059489591145 -0.166036353398017
0.0104104910736452 0.00459419794027541 -0.105976183844783 0.109968440645291
-0.00777716442397043 0.017291604353411 -0.224221318236668 -0.0928739166292912
-0.0117268367899026 0.00823312392878256 -0.206098692437498 -0.378222734646493
-0.0106420402437953 -0.000474788757048824 0.277429459980062 -0.517706441619687
-0.0175947635218742 -0.0372553384286337 0.732490869484149 -0.0176554253906323
-0.00677500964458674 -0.0257141168664556 0.455541150563215 0.62866458932236
-0.0186588615820888 -0.0171524315014242 -0.119134492701055 0.540493188838568
-0.00813008719787986 -0.0345772515323484 0.0498622173200816 0.0715483951601477
-0.00917393326473516 -0.0351217742671097 0.2628283778702 -0.446262562741906
-0.036357189106017 -0.0234402214815107 -0.259192087519597 -0.826453357669086
-0.0199649374754137 -0.00741406138436153 -0.837367682396602 -0.223412150977461
-0.0152125358762307 0.0284088001538699 -0.448435602052653 0.537221534400242
-0.0140155918033459 0.0295222618219236 0.149907547958928 0.457403122142219
0.0136798179656959 0.0140877675706284 0.284107767950843 0.127246922051032
0.0186314562519571 0.00220558739555423 0.125979212919968 -0.151162921186368
0.00384323285344434 0.0035662504435699 -0.10714517461734 0.110293186769267
-0.0166404915041212 0.013428934126786 -0.225240919804124 -0.0992572755312606
-0.0150768575300457 0.00110134824930147 -0.19404132111972 -0.382468944512171
-0.00603952075731839 -0.00900070076005083 0.302210692828971 -0.512337982308602
-0.0102160674913076 -0.0397526502459696 0.738484787528176 0.00483736555079406
-0.00701594225547003 -0.0196649165950246 0.431784535210946 0.643058683489283
-0.0272297734545462 -0.011964478431345 -0.134134613569238 0.531417866023605
-0.0170923733821084 -0.0307682239610117 0.0544744451618119 0.0608071879414469
-0.0193006289027281 -0.0285086078495154 0.254452325762436 -0.462950475635665
-0.0372802360768366 -0.0161831653109858 -0.285137499881734 -0.824994840289452
-0.010297039873076 -0.00669463085720019 -0.840998982574782 -0.198382406298101
-0.0084644886516433 0.0198436886201713 -0.424994213288048 0.548469785014478
-0.0157400948880563 0.0213778615114429 0.163076804115711 0.45221133973353
0.00488577236827878 0.008980607120766 0.283687950522988 0.119834545501575
0.0112140936792611 0.000689878091247039 0.121698337807728 -0.154973375234002
-0.00381693491565965 0.00338963366683414 -0.108715142915512 0.107089232006102
-0.0250184961103925 0.00956282899704343 -0.225010731357065 -0.104006982012302
-0.0185462883878136 -0.00788774557531414 -0.180985992336339 -0.385626237150187
-0.000872845660204007 -0.0181315194848882 0.331315496384403 -0.50047395751269
-0.000632314714111099 -0.0389938642305714 0.741208542790715 0.0321395482130369
-0.00403065143471086 -0.0105773715055799 0.403305015834805 0.656779620987821
-0.033783730702163 -0.00358958549102571 -0.150434273004994 0.522046871070187
-0.0275742046865797 -0.023674048550414 0.055326295338364 0.0520711819451375
-0.0270748784151455 -0.018778820752695 0.238263744128058 -0.474868150652517
-0.0339016184475566 -0.00503095422479069 -0.323792447933151 -0.815699313448348
0.000391097788134559 -0.00610133079278038 -0.844189664267287 -0.162464183561711
-0.00213515689092806 0.0107271471457004 -0.392219801289424 0.565051706009698
-0.0184610396307976 0.0119619244879063 0.180361997899311 0.446943534592644
-0.00402726624651776 0.00342989154093149 0.283640747082882 0.111539426800653
0.00308557056260413 0.000498011952409352 0.119217695957893 -0.157325344059985
-0.00901856167103142 0.0038151595033246 -0.108711348070178 0.105865925809505
-0.0319227891070425 0.005632613563481 -0.22263030417797 -0.109331945140161
-0.0196588578961792 -0.0172863781005029 -0.162601688078668 -0.386383425529551
0.00403259274639125 -0.0255626414678173 0.358417174429224 -0.486091141357891
0.00975388624269774 -0.0359753905606503 0.743327623581913 0.0655866926015572
4.48682419998559E-05 0.00144000037798925 0.37295956203892 0.673451438160561
-0.0384060277277652 0.0086310902806288 -0.171573021454465 0.518145195596585
-0.0365971907940445 -0.0135369194328808 0.052362344829205 0.046487214459821
-0.0327624056742701 -0.00640844747272295 0.220262922349063 -0.485459416181657
-0.028558269376798 0.00737449885192081 -0.35914170853487 -0.800756082710011
0.0111706754762123 -0.00482635170029301 -0.844656505595131 -0.124715348435104
0.00156181935827307 0.00221730073121086 -0.362234590324206 0.581370467775707
-0.021076731301546 0.00302180254908328 0.199577699552979 0.444528665434997
-0.0108600061724813 0.00050157656086622 0.285758099344267 0.105082015450325
-0.0043150522659602 0.000754424545041118 0.11792789858093 -0.160442370819127
-0.0142018628093767 0.0047841217891357 -0.107468785413828 0.104133232499923
-0.0357335719910759 0.00258596648399988 -0.218401505228189 -0.112724166762554
-0.0195148837211731 -0.0260011075311704 -0.147058015367403 -0.384971486876679
0.00844867611798671 -0.0308786707180309 0.386429018604269 -0.470887650829677
0.0199644753368548 -0.0307625136384253 0.74405766974588 0.0972035817351274
0.00565617472954092 0.0143506176575262 0.343751052441098 0.690694814166607
-0.0420761592757703 0.0214695662737238 -0.192648563594108 0.514345880225495
-0.0441683602102616 -0.00138290006052809 0.0456422695712166 0.0446998830298149
-0.0355983017633063 0.00856486496852874 0.202583551089403 -0.48964949887486
-0.0204917643570851 0.0206303320429022 -0.389218924377924 -0.781469075664844
0.0201292592316235 -0.00204844849353104 -0.844359494634928 -0.087205640091967
0.00203379443904824 -0.00459302814073662 -0.330014280567813 0.597537093763543
-0.023234220793265 -0.00438944876302782 0.217787281967357 0.440979054977934
-0.0156612016247136 -0.000876130280537488 0.288311451511452 0.0997460844145198
-0.00959352136767445 0.00147480605198191 0.118551021531747 -0.162761194093282
-0.0161418978688421 0.0062302725202084 -0.104879101607245 0.101621568603691
-0.0356753686055896 0.00174832344889129 -0.213801199007461 -0.113708257295794
-0.0183395446625486 -0.0320729585866846 -0.131477863518973 -0.382517529541083
0.0111226101282883 -0.0333046327328717 0.406399554671657 -0.453491063090906
0.0273408808904503 -0.0244468000913037 0.742767391060082 0.126323683918381
0.0114259020375208 0.0257757782611044 0.321206583292078 0.708614349786595
-0.0426577079893536 0.0329993480039698 -0.21153147707617 0.515296245287715
-0.0485502011974005 0.00910690867481692 0.0369625801151379 0.0453247685679553
-0.0350304795425323 0.021030559198632 0.182695597953382 -0.488502735036374
-0.0117727950854291 0.0314786324375134 -0.413581482509724 -0.761235726038614
0.025558590914555 0.000615462466400825 -0.844648803540547 -0.0572260820043389
0.000522561545092694 -0.00764927725997923 -0.307207902603236 0.61148501904176
-0.0239408494726974 -0.00956604890369596 0.23369027932069 0.440278650491893
-0.0164140753630056 -0.000321970439401296 0.292345997470572 0.0965919573242348
-0.0115814683186923 0.00481934979889589 0.120211980400553 -0.164437686835736
-0.0159787222250651 0.007577643109146 -0.101290616342357 0.100836796367754
-0.0330751082228862 0.0029905535383407 -0.209970715920652 -0.111744014361982
-0.0169403981955023 -0.0340806565574262 -0.122464329962356 -0.375425754560928
0.00971376751957229 -0.0326449204667853 0.414662905549421 -0.442248177630803
0.0305148514654036 -0.0190217043812979 0.741642380117188 0.139370289881063
0.0179155649308615 0.0354450306342545 0.311351095118992 0.718503607084501
-0.0404627413108979 0.0435692943860365 -0.221271587146113 0.521892504249551
-0.0481604923846757 0.0190118991796503 0.0264930329563125 0.0514530398047782
-0.0315348020036651 0.031691165210125 0.172673881034166 -0.479253139890071
-0.00403264615330478 0.0406060387275904 -0.420730886271927 -0.74916233974378
0.0282022866304597 0.00523198448269455 -0.843983739533682 -0.0430543459774683
-0.00312317135319256 -0.00675376040456954 -0.298627679882463 0.619199553759137
-0.0240939318542288 -0.0114965527081821 0.239479247588459 0.442111147565058
-0.0137743235516807 0.00148966870411661 0.29706941987147 0.0981271611980812
-0.0100330717505367 0.0075222105791841 0.12294814899101 -0.165137805700997
-0.0135900101051867 0.0108704322991907 -0.0967362158237906 0.100270058648515
-0.027811711230421 0.00601703871751841 -0.206583056849547 -0.10943492575475
-0.0142938338141525 -0.0328967256876529 -0.120461522485684 -0.371166664510188
0.00541541243473893 -0.0297044782717953 0.414298040754369 -0.43945698697592
0.0295307812967059 -0.0149756029557044 0.741886089187146 0.145010940312611
0.0229393112070876 0.0394144446518339 0.313442013617222 0.725183420503655
-0.0355568717991559 0.049371515638737 -0.226517003289195 0.531860700768527
-0.0444151460538782 0.0245465071378371 0.0180377472034983 0.0606819236415704
-0.0250116480587637 0.0367538554019407 0.169750226305979 -0.466050880669081
0.00157081953491084 0.0439516001058663 -0.417767121167171 -0.741084186296487
0.0276514654467654 0.00936394710024392 -0.844581831422602 -0.042073748487015
-0.00597711128507073 -0.00358932130086869 -0.302186666722746 0.623062702911948
-0.0218727489872275 -0.0100390546532093 0.241565579596329 0.447155245458103
-0.00766984741635337 0.00413734383459388 0.301930191422881 0.101400121051585
-0.00627629511543276 0.00902611167009161 0.127956840585311 -0.163978149197429
0.0104139167944879 0.00467888523644976 -0.106076266688668 0.108276679122487
-0.00675882880075898 0.0173084620383769 -0.222868629805179 -0.0926228709946897
-0.011574631935882 0.00859304226179425 -0.201445560733724 -0.374994464587105
-0.00906086907555212 -4.94824004673104E-05 0.276970367088245 -0.511048204296666
-0.0173953188164902 -0.0365536633730149 0.723711113369493 -0.0175616602683007
-0.00710825411366182 -0.0257695029294067 0.446508624517392 0.622532772746263
-0.0181484331576408 -0.0167966290051927 -0.117957901007807 0.533474275735936
-0.00741052009258452 -0.0333855010374179 0.0494028136522521 0.0706177416026096
-0.009672013746441 -0.0341614970877689 0.261180462037819 -0.440096028651407
-0.0366086185572608 -0.0233793679926191 -0.255101956213676 -0.818944336940108
-0.0198681941066281 -0.00737088248587224 -0.828541875434782 -0.220361782022268
-0.0153891333145952 0.0284121469429925 -0.443583628111013 0.531363339261746
-0.0136727416287958 0.0298093570447346 0.146465241592588 0.451845771520263
0.0139773079703216 0.0139156143999587 0.281492173067146 0.126421018901432
0.018014260668159 0.00259611071389432 0.126524208080303 -0.148633104544201
0.0041272268357017 0.00337979195790272 -0.1071297588475 0.107849920954286
-0.0167545748435645 0.0131957009520852 -0.223178621682795 -0.0990552849206754
-0.0150215271482026 0.00116378430368067 -0.190514824653066 -0.37729956400336
-0.00564468740144976 -0.00880936525388811 0.300347452514515 -0.506669345232734
-0.0102087411899924 -0.0391368975697351 0.729271058265296 0.00819147936892114
-0.00700932664548299 -0.0197708962005322 0.425647332007293 0.634818002795254
-0.0262988568317802 -0.0120228458281671 -0.134218639869634 0.525220878416262
-0.0170781345296329 -0.0303300977274573 0.0538050884538498 0.0606793756616452
-0.0185200565896781 -0.0293039850662683 0.253832423218909 -0.455566574536914
-0.0369683364721725 -0.0156015796706093 -0.280914440460201 -0.8178646203651
-0.010582682922145 -0.00746313322355535 -0.832343125493589 -0.196232078894588
-0.00849220993629055 0.0199665829872532 -0.42185686000459 0.541443043549136
-0.0159771057993658 0.0217216978894236 0.160614286433445 0.446275095730821
0.00426325950461645 0.00804970682139318 0.280134469061914 0.119023486832211
0.0103789711156255 0.000535417484843584 0.122817683059658 -0.152326724952525
-0.00323327681799067 0.0030464616848179 -0.108510402454761 0.106054289588959
-0.0252997637675399 0.00928683101907412 -0.221799314472889 -0.103430215054673
-0.0179939567400836 -0.00751549593859893 -0.175786166583023 -0.382492638837893
4.32683725839421E-05 -0.0168600566936179 0.330241062532536 -0.494849155463752
-0.000996611483854508 -0.0386131800108091 0.732758414363578 0.035449792742199
-0.00455535529103786 -0.0106064892125272 0.398400701848865 0.648938155791996
-0.0324965207947257 -0.00231075108554555 -0.150450113182096 0.514799666052131
-0.0270243227680962 -0.023343147097797 0.0545531876968495 0.0516845971033713
-0.0270009811860698 -0.0186649945299797 0.238083665350827 -0.468650105698544
-0.0335039308814149 -0.00490416472348464 -0.317327302208188 -0.805950719799268
3.24065649459845E-05 -0.00610282952186512 -0.835917167645372 -0.162380776121827
-0.00237672659121701 0.0106315660110102 -0.387692096329608 0.557726818109417
-0.0184283847953347 0.0118712234621732 0.176968966817558 0.442391922246518
-0.00314064461984174 0.00310179708214663 0.280505511609577 0.111816614316894
0.00296565136195252 -0.000519194449756658 0.119466452786456 -0.15593541025585
-0.00905594128117003 0.00296234300563309 -0.108470417630771 0.103930150227655
-0.0311933866240086 0.00586784384408696 -0.219606196282625 -0.108270145617648
-0.019548417817066 -0.0167187813810754 -0.159600425949008 -0.381907361926913
0.00465913986656798 -0.0250255929089039 0.357533572355713 -0.480105924339684
0.00977947715399698 -0.035829358890619 0.732643801879352 0.0671011114851599
9.05393960582935E-05 0.000866945978721537 0.367186080875258 0.666308863925077
-0.0376453925411063 0.0091260968577791 -0.171497176321295 0.509766193887725
-0.0359566743985897 -0.0126395043673073 0.0509251358343829 0.0466160005405099
-0.0326757477858134 -0.00574820533211341 0.221086398114812 -0.479293455026229
-0.0278754528612046 0.00781495622040692 -0.350465966207303 -0.79278579433037
0.0108133284975813 -0.00467032634519045 -0.833592678626534 -0.126875654165827
0.00150847855187847 0.00265423509617481 -0.357981729844668 0.572912378370854
-0.020450053641361 0.00289501336899274 0.196216913629443 0.438676935403787
-0.0103777806207677 3.02805452085976E-05 0.282819284760272 0.105550718779849
-0.00419119018724777 0.000602906185288146 0.118522471468924 -0.15852733181544
-0.0137960782139304 0.00477928051405636 -0.107553667242883 0.101225237352954
-0.0347241362331766 0.00266775698101239 -0.215917795902816 -0.112154235894249
-0.0195730059348708 -0.0262511277997658 -0.143056597644186 -0.381178708501484
0.00930887531652628 -0.030490756332986 0.385660284947173 -0.463571036994903
0.0191349907493113 -0.0311400155625357 0.733955398235372 0.0999389093775244
0.00548066093636619 0.0137753815582833 0.339142173112809 0.682769792435364
-0.0407980569186308 0.0211273809226935 -0.191588862583166 0.506742803617756
-0.0438774982859402 -0.00183797663886154 0.0449287671978411 0.0442951780509062
-0.0359734082951703 0.00832964996355311 0.201574415008198 -0.482498597457526
-0.0196708031575907 0.0207363365695738 -0.38309950828517 -0.773184768637639
0.0190579434254712 -0.00228305464580452 -0.835953195476463 -0.0878497609911613
0.00245828212933644 -0.00372783946645684 -0.32914681810228 0.589484265444423
-0.0232717353185023 -0.00449722660494744 0.214330759380681 0.435818956661769
-0.0154307039360569 -0.00175601449984601 0.285646640956084 0.0996299877219397
-0.00908345792594117 0.00233567482827507 0.118680460955954 -0.160187205688331
-0.0159553009180563 0.00614337092639685 -0.104843201258817 0.0999999584232757
-0.0348335064438057 0.00182798248488241 -0.21201673650699 -0.112951067815323
-0.0185416811414686 -0.0313941356298222 -0.127034642072448 -0.378211638159254
0.011477015047199 -0.0331548227763866 0.40460157359561 -0.446733617631419
0.0265437127222468 -0.0248020760848587 0.733821920088973 0.127502246822534
0.011447845069254 0.0254202374236447 0.316242698117565 0.701298820925308
-0.0415868663719425 0.0332310191878447 -0.209389880264386 0.509279291727937
-0.0474164092657937 0.00947784398071541 0.03644474547732 0.0451906143854841
-0.0344345199147884 0.0214539109436764 0.18159234146586 -0.481339700543345
-0.0125114137313356 0.03153519424028 -0.407549464621373 -0.753385372501993
0.0251212342816127 0.000515620567702687 -0.833113551436797 -0.0595193499234902
0.000363918086346046 -0.00762791739608342 -0.304919203752693 0.602360867049421
-0.0240736157859371 -0.00911996655592586 0.228972327124424 0.434989083958301
-0.0165422369782151 -0.00070799653049545 0.289870523940719 0.096959365875614
-0.0112093111271817 0.00441838798601049 0.120193438565045 -0.162439311224217
-0.0153570216621099 0.0076446145446465 -0.101485282978234 0.0994673740008093
-0.0322668787566727 0.00254650250204361 -0.208093418660954 -0.111530674321877
-0.0160942273100008 -0.0342232813443783 -0.119196237586048 -0.373003219733885
0.010239037569087 -0.0323629762361351 0.413039725956119 -0.437918852800016
0.0297169969806871 -0.0189107750836282 0.73201771499129 0.141358101232307
0.0171599552412279 0.0343070826700909 0.305462504172611 0.712558337576566
-0.0400055255994596 0.0424281169883993 -0.220760506367322 0.515149976596512
-0.048398952493521 0.0184215374645 0.0265225993109206 0.0516008453019372
-0.0307444254086041 0.0313941405098558 0.171932865628336 -0.472040340330291
-0.00390612561031451 0.0397879082786493 -0.414305482824163 -0.741526286039034
0.0276981198276413 0.00435084660558731 -0.835262012946286 -0.046232120042482
-0.00281463996142051 -0.00733036846588184 -0.298372396654808 0.610706621400961
-0.0239143552525181 -0.0110187863910907 0.23594269554859 0.437999748822669
-0.0139525903682913 0.000839419648265768 0.294325555019426 0.0974907410592511
-0.0106199427735491 0.00716755599082361 0.122736827315844 -0.162668872472981
-0.0131588144278835 0.0103340243644889 -0.0975883065624563 0.0984673234052961
-0.0269589481724366 0.00568525637753826 -0.204352020124268 -0.108547413280639
-0.0148554285148836 -0.0325290645994653 -0.116648723254201 -0.367089984448407
0.00631694203056866 -0.0299842229322463 0.410160721391703 -0.434692549849222
0.0289321769310087 -0.0150641506257731 0.731297451337591 0.146075284947765
0.0221250447735776 0.0386652150015978 0.307772882011958 0.718562675581615
-0.0349066540555222 0.0492341878072048 -0.225331346197376 0.523710751608623
-0.0446679073579557 0.0246706274339744 0.0171481524202767 0.0599161338044353
-0.0244200674331677 0.0372902797977881 0.167550516324856 -0.459849114987385
0.00217586788197167 0.044535078905158 -0.410914774550399 -0.732436041706888
0.0268975744781611 0.00900869695106893 -0.835761312501036 -0.0422135608024745
-0.00636469528347604 -0.00331014556773547 -0.299536098140371 0.615824339162941
-0.0215439511651147 -0.00954802912425032 0.237946800761192 0.442785846573293
-0.00822946474794091 0.00335355747381887 0.298573896908568 0.101559434209289
-0.00702742770477515 0.00872171203657975 0.127867646437696 -0.161277316518955
0.0105534382361723 0.00454964767172151 -0.106295923461591 0.106888148193836
-0.0068796839123521 0.016670640053278 -0.221171349253051 -0.0924468010690279
-0.0118369538318727 0.00793016984225412 -0.194920723497439 -0.371327329760198
-0.00992715495375754 -0.000101889694307129 0.279402346545888 -0.504645586920128
-0.017490715914255 -0.0366413240516396 0.717094268771675 -0.010320601792529
-0.00695842356430488 -0.0259655759308936 0.440159911405913 0.617473443699212
-0.0177972136791825 -0.0159791170672528 -0.119875370790668 0.526181843641026
-0.00790981525270414 -0.0332091946277235 0.0487795777470459 0.0702308347709323
-0.00911581885463859 -0.033930339217389 0.260138647762748 -0.432953015477433
-0.0359766024804868 -0.0228879359558425 -0.248406018016856 -0.812376077730999
-0.0196951160203744 -0.00719357675531907 -0.820031650228163 -0.224527846610787
-0.0151896222465761 0.0275607525556241 -0.440678134848151 0.524566602636788
-0.0133547737829551 0.029471776990078 0.141952004002687 0.448425806454767
0.0136842293287596 0.0137777509961619 0.278868539734394 0.127307293120684
0.0173683702476617 0.00122244882333286 0.127337464862849 -0.147204257643713
0.00345250669389481 0.00358153779150984 -0.107662484959783 0.105305683757621
-0.0161434540119377 0.0132554337936229 -0.221568786566254 -0.0980179216481663
-0.0150767909652267 0.0013835377629899 -0.18665477450767 -0.377190416721304
-0.00466614244632542 -0.00841251155516676 0.300531306115009 -0.499977954431511
-0.0105427177946183 -0.0383477457470093 0.720654275721118 0.0134196811653518
-0.00715526515065972 -0.0200858045641232 0.418152853157363 0.628672095004172
-0.0252674221632583 -0.011739623057625 -0.135289694913449 0.517508936781442
-0.0170257617711123 -0.0291872428531374 0.0526346190794142 0.0608581475790988
-0.0185915166824992 -0.0281342412241167 0.253211978269451 -0.449199364708269
-0.0362483529647683 -0.0160784523652104 -0.273356611251295 -0.809745334224398
-0.0107856636225255 -0.00710721025587349 -0.821992473385807 -0.199416946289257
-0.00826700768487841 0.0198622845546196 -0.420193837753577 0.5339420999785
-0.0162077314856305 0.0213515911384383 0.156901799446936 0.442276067613316
0.00548646337661686 0.00761971910995817 0.277291397387669 0.119354962639821
0.0102848829987602 0.000324520359720783 0.123441092126645 -0.151166994763528
-0.00262241802758792 0.00269477932382538 -0.109507084053739 0.103780614378318
-0.0244763344231239 0.00921939346333674 -0.220523880255624 -0.10378550792709
-0.0176843824391363 -0.00778155901442548 -0.172162606201584 -0.378737973538097
0.000425654634958947 -0.0178458289357333 0.328825123439125 -0.487459691729107
-0.000833384696179284 -0.0382991041888332 0.72404660633915 0.0386205390943841
-0.00461652908216921 -0.0111322096410055 0.388434019799491 0.643626417472787
-0.0321861537652621 -0.00249419851165974 -0.15018999471993 0.50812721712048
-0.0266341865690326 -0.0225819764643174 0.0537357211066943 0.0521713091536356
-0.0263191797234424 -0.0191091243946711 0.237820377399227 -0.460984271814279
-0.0336932819894995 -0.00478067313915883 -0.308964948578334 -0.797875838217347
0.000654633831317676 -0.00648411934380992 -0.825785983834781 -0.165683917072773
-0.00171924682646176 0.0115538822848203 -0.386750112929691 0.551131745731542
-0.0180813793762251 0.0121967855756047 0.174511248780714 0.439265164970818
-0.00390665735748876 0.00290144764023306 0.279202858239897 0.111815212118063
0.00163709783765817 -0.000326132261318859 0.120027887569123 -0.15320347525784
-0.00870234838062256 0.00267785657193741 -0.109070013562386 0.102329309275118
-0.031206447393463 0.00530172410545911 -0.21756481844635 -0.107663853018538
-0.0191702480479031 -0.0168966280136897 -0.154807015842244 -0.379762147229537
0.00562779162358948 -0.0248018066664395 0.356116013178231 -0.473724202400344
0.0095511012177064 -0.035404683366154 0.727648530235554 0.0691948836302022
-0.000529893562001241 0.000843227366721534 0.358323766833253 0.660690350109022
-0.0374774868901381 0.00863946753866113 -0.17015156551078 0.503427111290289
-0.036241500531471 -0.0126231096767177 0.0505842730591288 0.0463541319381103
-0.0325109362341828 -0.00527742008142379 0.22164153244649 -0.470478215215575
-0.0281646549533733 0.00790275369983543 -0.343734423276412 -0.785961839655476
0.0102796881610862 -0.00506026591478473 -0.826530584294864 -0.128101663694012
0.00182835222719065 0.00301240834364785 -0.357357929464499 0.566357306444849
-0.0209402332622004 0.00346381220909939 0.192018250396676 0.435773913580652
-0.0103288555999114 -0.000595407681123242 0.2801287843583 0.105230397452257
-0.00498196031184906 0.000535699408161462 0.118928993485281 -0.156698187793668
-0.0134219881444133 0.00349712756690099 -0.108797117098722 0.0995426371122118
-0.0344953328811362 0.00207077968522443 -0.214104355489061 -0.110771070346077
-0.019533742275387 -0.0258940048985425 -0.138010358463907 -0.37799381717938
0.00991984578378154 -0.0301121945934668 0.383275427779351 -0.458181893801
0.0189021284625815 -0.0304543838692427 0.724527442736922 0.102075508962104
0.00489688789670414 0.0132925847602996 0.33063794554488 0.676390180654744
-0.0403975784896055 0.0212735022147286 -0.190565370192683 0.500564866209668
-0.0434902393394855 -0.00181904756433451 0.0446469525452959 0.0440786754742866
-0.0352876834784771 0.0085750441585239 0.202105651502692 -0.476108178139839
-0.0207054470461337 0.0212821563341241 -0.375560819676969 -0.767351096734702
0.0183489565974186 -0.00224027653672994 -0.825758426239326 -0.0906456609271385
0.00182031158998872 -0.00389773549252588 -0.327136953728009 0.583281458913868
-0.0227952588459629 -0.00469285835065411 0.208809576830096 0.432390207822295
-0.0151578437050082 -0.00164071135514466 0.283354649845813 0.100848761206543
-0.00940620142078434 0.00262740380227096 0.119431880984985 -0.158542479010823
-0.0157456569346906 0.00497614666733944 -0.105016843475408 0.0980876597485976
-0.0349502905742018 0.0016276041192114 -0.209558449502202 -0.111834014548758
-0.017662181658856 -0.0317120381464634 -0.123431279600555 -0.374616509238646
0.0121516154191263 -0.0323937607869409 0.404697580419404 -0.440364633128581
0.025758935347984 -0.0238677432440977 0.725846956162622 0.130953343103691
0.010479396572994 0.0250899733449166 0.308177749711932 0.694661427867612
-0.0415121313328754 0.032861760602157 -0.210213323559819 0.501262373788793
-0.0469441905768341 0.00844060805676371 0.0362339035799492 0.0447889450857646
-0.0340705138080142 0.0208588441965541 0.183193206786779 -0.474280174167714
-0.0123756689484839 0.0312890324164612 -0.39963982959906 -0.746825587493231
0.0241345916013403 0.000429273101731032 -0.827221631614068 -0.0618335229999827
0.000360696869809354 -0.00785665742552501 -0.303738692410519 0.595661448885154
-0.0243610917406065 -0.00835818993716014 0.22629913426492 0.430966662054183
-0.0159994810415591 -0.00141788971771362 0.287129218471732 0.0971866690844216
-0.0113354655657407 0.00441219014306285 0.121069577532581 -0.159845902208441
-0.0155784254359557 0.00748529103358046 -0.101459440308847 0.0973547484337002
-0.0318109865321853 0.00278269004319209 -0.205554415209628 -0.110493501459272
-0.0163199804311216 -0.0339799682506258 -0.115246659030628 -0.371046943583883
0.0106884162989062 -0.0319951951742957 0.410229393667229 -0.4315000759784
0.0291067304386053 -0.018369190873124 0.722714703595491 0.144227088990111
0.0162953656894991 0.033826324936512 0.298046880007554 0.703120433653176
-0.0394830619724077 0.0423258275029331 -0.220427145404419 0.507516510766276
-0.0474600303884734 0.0182234094596679 0.0256813315253486 0.0517016941472274
-0.0301642004059559 0.0309761803224124 0.174209419407887 -0.465898068112627
-0.00435911293984189 0.039774664373516 -0.405955731266777 -0.735734798739338
0.0272957520598427 0.00463905159003875 -0.827323926597873 -0.0483086828694475
-0.0026338697986386 -0.00789718425057913 -0.297278518124203 0.603560162255931
-0.0236595220127675 -0.0112732200149183 0.231970927710731 0.434975161435012
-0.0136443213488855 0.000749368375842137 0.291258674797593 0.0986538105886317
-0.0104860272046003 0.00618132896776142 0.123698991156326 -0.160400906398631
-0.0129014247838964 0.00956256866574859 -0.0985666475152259 0.0970547768691589
-0.0268453862301187 0.0056228531561005 -0.201958773790521 -0.108243606160652
-0.0141783492106018 -0.0324343745422916 -0.111621098082496 -0.364927653643838
0.00686702919403401 -0.0293922289346078 0.408587485285506 -0.429010514341466
0.0274478376745554 -0.0145022801074012 0.722676764462501 0.148612382802108
0.0212318228192224 0.0386738851572272 0.300105959186981 0.711814903667746
-0.0347111752721084 0.048415248491076 -0.225724917064363 0.51673905099387
-0.0442489933984117 0.0236535957029021 0.0165274993972066 0.0594299367576723
-0.0246406563996172 0.0363607883888138 0.169762984969417 -0.454172199173263
0.00150937425144409 0.0442040579487348 -0.403654343716396 -0.726877792728929
0.0264910781960038 0.00934742987844494 -0.827488872229883 -0.045610579693703
-0.0056541182851932 -0.00349202054486324 -0.298288116232009 0.608289261204835
-0.0215613766862336 -0.00978411543536528 0.233405296828419 0.440238712922376
-0.00780290566392774 0.00312129562884247 0.295886976061724 0.101830491713952
-0.00715539434901491 0.00906064873618233 0.128290918827715 -0.15974247475703
0.0102731359723101 0.00435794984373738 -0.108094324846031 0.104034916482503
-0.00690892111408633 0.0168625446226143 -0.218624429632346 -0.0926260959714015
-0.0116514907369578 0.00819143675891707 -0.190188953322855 -0.370473639867264
-0.00847368258428593 -0.000150797187091395 0.279909409936732 -0.500005452686339
-0.0178896671246173 -0.0363987942022534 0.71007934777316 -0.00636182426859114
-0.00711337027942606 -0.0256819616323897 0.431874874157703 0.614886149388973
-0.0173905099527593 -0.0159343971514655 -0.122771196304111 0.520746031722101
-0.0074175788646818 -0.0327600537102683 0.0477037064547729 0.0708135037698562
-0.00883943813770646 -0.0334914033880948 0.263153052754878 -0.427822208671776
-0.0354229282701105 -0.0222643992474369 -0.240436787020934 -0.807584332691491
-0.0204909128538369 -0.00744238596509446 -0.810896822949396 -0.227234381326545
-0.0148986277507652 0.0272943240904868 -0.441661844534371 0.515727624747345
-0.0141247445904492 0.0293235653900769 0.138304440125563 0.446203145871323
0.012845064503254 0.0128349509499891 0.276469344695209 0.127421732810125
0.0170330333317285 0.0020861923963928 0.128296007783133 -0.145613898635298
0.00404390513704735 0.00325997219563632 -0.108256373919881 0.10484706056796
-0.0158737743547905 0.0130471698511703 -0.218723890248869 -0.0983231534749997
-0.0146718819518386 0.000770632449159031 -0.18088382880589 -0.374108908175027
-0.00424746683605065 -0.00826338532362077 0.303080043363159 -0.493651311592816
-0.010315292044281 -0.0385227484068197 0.71628102156318 0.0174790303407655
-0.00766951454632441 -0.0202543840869481 0.409614462537115 0.627662286670222
-0.0249551788340574 -0.0116084803831367 -0.136371319675621 0.512652298192754
-0.0159355652148024 -0.0297044267183942 0.0523102349567093 0.0602681494159171
-0.0173679270593637 -0.0278614765356152 0.255207027291066 -0.443031858500399
-0.0354814435627802 -0.015991766086181 -0.267195200385311 -0.804081801318712
-0.0110452528115195 -0.00742690161750323 -0.815190191227007 -0.201670747284546
-0.00763329268393514 0.0197982608122149 -0.418764803575792 0.527516589491549
-0.0161215634827241 0.0216332278480709 0.151710763753265 0.441045622899502
0.00448433897048586 0.0077907621489634 0.274776096744036 0.120048446509101
0.00939623595874669 0.000373457184750086 0.123964715132849 -0.148558331864645
-0.00281206743928805 0.00257279308079622 -0.110081377806289 0.10224168345518
-0.0241738271504229 0.00892323483674572 -0.218085966411414 -0.103790756825152
-0.0179557385354898 -0.00804615489796895 -0.166280756286419 -0.377524786126685
0.00130837408862207 -0.0168569270419568 0.331325642510498 -0.482551011166927
-0.00150769629136994 -0.0382927588523752 0.717252998971452 0.0451635774822038
-0.00510201211950727 -0.0110585796447521 0.379873113420868 0.640285223942225
-0.0311473095830589 -0.00258709246669453 -0.152620180554718 0.502143858959403
-0.0270558455177682 -0.0221013999290461 0.0528009816600283 0.052315724428297
-0.0259135694910594 -0.0186623940450427 0.239779141939888 -0.455436433301946
-0.0336602688148846 -0.00488808998466974 -0.302202524695106 -0.796241815759773
-0.000373778638142759 -0.00619577003196224 -0.819049424778705 -0.170077430005727
-0.00171558190241588 0.0116270379666898 -0.386217386576202 0.542707011595662
-0.0185920208817438 0.012448830959547 0.168309960953057 0.436227328314348
-0.00324027879458983 0.00256877834369514 0.275764818631153 0.112825999059641
0.00183809066788897 -0.000383105305835278 0.121355059763176 -0.151323010002371
-0.00887653430792958 0.00208422285968817 -0.11001642052802 0.0997472109642601
-0.0302405276508088 0.00525398101924545 -0.216356948397756 -0.108034955279226
-0.0191407129434554 -0.0176356729542388 -0.149089788145811 -0.378530617225928
0.00614216704428278 -0.0241193105082493 0.358252846621217 -0.469168516947132
0.00845067227871925 -0.0354602711940078 0.720182425573974 0.0743775912044822
-0.00152654756395404 0.000599139757637758 0.350860205913921 0.657893566501882
-0.0372133417035836 0.0083442933920984 -0.172772755018648 0.496633337505049
-0.0359667410581083 -0.0122556391877026 0.049730225968401 0.0464589519550095
-0.0318142713825469 -0.00546803041007679 0.222821991776419 -0.464777389533381
-0.0283254135242532 0.00780780257227435 -0.336118689088526 -0.782172412839042
0.00932008695554826 -0.00482657656439533 -0.818618839193483 -0.131487216676588
0.00116066568931834 0.00258280520104803 -0.357770611814833 0.560217471237662
-0.0206201043606089 0.00276948219575446 0.187367778185715 0.433083308362422
-0.0100652352400167 -0.000503773796831421 0.278997840091625 0.105872551926412
-0.0048481112348153 0.000407032079866102 0.120369400679931 -0.154315546920347
-0.0136150392983164 0.00341366627966247 -0.108781021020366 0.0975504795859318
-0.0340801968114778 0.00227845845779503 -0.212325530430472 -0.111206294872208
-0.0185456873728132 -0.0257377661720291 -0.133575551223286 -0.376405482197816
0.0109744562326737 -0.0298596148853127 0.384490570992492 -0.452012191228619
0.018273557050347 -0.0300057861007947 0.720145784974232 0.105842505465112
0.00420281972526269 0.0132361921659516 0.323119006711743 0.673668661910527
-0.0397296938544125 0.0209125378769561 -0.193541819737348 0.49390642418194
-0.0427112663332824 -0.00173502641226329 0.043802199965586 0.0442208586692189
-0.0348366345722053 0.00812791812855342 0.204302776122802 -0.469579814341999
-0.0207962610591472 0.0206295758383776 -0.366355479391989 -0.763630893106797
0.018434595146018 -0.00240491671726544 -0.8203804974503 -0.0957791033773848
0.00253810849471244 -0.00363389668137291 -0.326673673834496 0.576464109754278
-0.0227735133115081 -0.00400848107235618 0.204464011171285 0.430450848588989
-0.0142735196623969 -0.00178463489602733 0.281160965871141 0.101503744682141
-0.00981684644790369 0.00135189445686326 0.119933710314882 -0.156642107968048
-0.0154498386005242 0.00451913115490774 -0.106546841683018 0.0959466959926669
-0.0340920760899357 0.000804415336092797 -0.208035214434133 -0.112942591252075
-0.0174262789687091 -0.0313981397801793 -0.118443265476646 -0.371979769599726
0.0123390526583138 -0.0317112819586458 0.405077281618546 -0.436234270172915
0.0257295326967034 -0.0234677628527297 0.718987120338247 0.134635197799965
0.0100841545584827 0.0243678198850523 0.29935953287026 0.691171760358035
-0.0407793275331044 0.0320074178300871 -0.211632298551639 0.494340705979615
-0.0466410919787038 0.009126460590903 0.0359458865686841 0.044878918855448
-0.0341917380174759 0.0208851658433425 0.186466084655398 -0.46831886701381
-0.0124107693871679 0.0321595403816061 -0.391655993500209 -0.74329257349212
0.0241695935727627 0.000478013115667199 -0.81997689633164 -0.0660546529692703
0.000469409118154653 -0.00732782955822556 -0.304745549112777 0.589547788165295
-0.0238510967966674 -0.00911322041905961 0.221593985519883 0.428897333924698
-0.0161490471728523 -0.00149020866269414 0.286041399286005 0.0982373300977964
-0.0118892135861809 0.00366112439348143 0.121458244679757 -0.158208937235885
-0.0145568686953703 0.00694632134499607 -0.102144354323283 0.0952515051640417
-0.0319275646555945 0.00293378954826523 -0.203419549189091 -0.111213081344337
-0.0154228698495568 -0.0339363120151718 -0.112437398662021 -0.367388911398184
0.0111352091964298 -0.0316169668572231 0.412189296705888 -0.425941134457411
0.0283490186415982 -0.0178580003671634 0.716348354200503 0.146694479824076
0.0154855416122445 0.0337465188400632 0.290939682131205 0.701074507249509
-0.0394374499957283 0.0418128982498577 -0.222796942766234 0.501408375289314
-0.0474886226064536 0.0174740629849296 0.0253554169516839 0.0509421963045858
-0.0304539212850308 0.0307468622173568 0.175444924191187 -0.458990841555577
-0.00428427882508225 0.0400393340843668 -0.399025715496793 -0.733792654183876
0.0269216459219139 0.00437857626982673 -0.819060826583847 -0.0554443581814586
-0.00257905882258449 -0.00716378699102755 -0.29774165413526 0.59601652073272
-0.023960465733855 -0.0106370621015121 0.227320795250673 0.432295034030785
-0.0139055110252709 -0.000148848995415618 0.289682951083614 0.100011645272464
-0.0114783406642137 0.00626914914047453 0.124564085415309 -0.158832596734979
-0.0128308837675692 0.00915518162605604 -0.0989952581318021 0.0953866915737755
-0.0262183877409017 0.00537510813533707 -0.199610691475782 -0.108114555520231
-0.0138576616157466 -0.0327668575178224 -0.107616062920029 -0.362616343933482
0.00745954881443257 -0.0289327164374586 0.40998127971707 -0.422469738652448
0.0273690104609147 -0.0137757522992526 0.716748200421639 0.15302122766829
0.0198682431735591 0.0378612823476563 0.292073658205126 0.705108921666261
-0.0341932537221276 0.0475079232707058 -0.225905156981572 0.510638532423723
-0.043967327385975 0.0232025006378373 0.0158837588257933 0.0596564501215059
-0.0247110476637538 0.0359137838334885 0.171368408535545 -0.447450952695124
0.00144087570280027 0.0441609077507845 -0.39660474282834 -0.724992759664325
0.0259149142325432 0.00926985776195568 -0.821963724990664 -0.0512526495354778
-0.00576589476646679 -0.00293976143917397 -0.299310560755253 0.600179811843738
-0.0212200382886347 -0.00939689375126937 0.22987217688042 0.437641632647041
-0.00769207860048982 0.00249234297391204 0.293568397086463 0.102992522570946
-0.00743576339232468 0.00858012737544787 0.129269718803208 -0.157305774818534
0.0106268626345551 0.00492369945001348 -0.109075884871995 0.102232999665529
-0.0066122069651969 0.0163686695215966 -0.218024933154435 -0.0942754944468469
-0.0110007703740384 0.00792698448027901 -0.184984412610598 -0.369611818767722
-0.00837224216216606 6.31573217858535E-05 0.283858021073795 -0.494337432421371
-0.0177477495078777 -0.0362576394738435 0.706175311598547 0.00119125621597333
-0.00693324484187266 -0.0257278595120207 0.421662142721681 0.615660909555484
-0.0162962363906653 -0.0153442653659494 -0.125668588171853 0.516121711744895
-0.00668496625238038 -0.0319401337370777 0.0468117240264637 0.0706079640449549
-0.00823900844267579 -0.0332091026239169 0.264391600878866 -0.422196693868579
-0.0351219501889713 -0.0219577246170283 -0.23303760586342 -0.803727572245089
-0.0200987472177232 -0.00770174341928383 -0.806739280257392 -0.23148226543631
-0.0154403100896972 0.0270657106822506 -0.442779907775341 0.509971184382145
-0.0144884457465558 0.0291266607674084 0.133747519587033 0.444573961613542
0.0132810872800268 0.0129833032534504 0.274612369864416 0.129444215607557
0.0162507250883945 0.00182114102362837 0.129908985325889 -0.143374908223756
0.00449219773859426 0.00264089047457975 -0.110291332387955 0.10188722402569
-0.0156625307516981 0.0129922432705829 -0.217665931403289 -0.0988869489289661
-0.0151676364264543 -8.72109680006032E-05 -0.173441200529757 -0.373278171890949
-0.00320139765495115 -0.00811628799579799 0.304533835014261 -0.488328828369687
-0.0101583112980585 -0.0386249272688638 0.710889741462567 0.0228702949300277
-0.00754541220664638 -0.0203605956788012 0.400948678231313 0.626063275862769
-0.0241545714501457 -0.010723886444243 -0.138994155327302 0.507411789246805
-0.0156669463717794 -0.0295606898427506 0.0518352051552641 0.0609268390175426
-0.0166280180673716 -0.0277804688825719 0.256881127048282 -0.435478212463043
-0.0351956517990605 -0.0155517298693512 -0.258825827931865 -0.803737311916588
-0.01129468693639 -0.00772409606169689 -0.810835060575007 -0.209539939286277
-0.00780941113012982 0.0192393170520318 -0.419187006257668 0.520900466236602
-0.0157405971334139 0.0213656652752101 0.146979048492395 0.438689734958631
0.00452876426067076 0.00712411090624614 0.273936472254713 0.121473360368651
0.00876267838783652 -0.000202201741315443 0.126092705842108 -0.146405537548833
-0.00281475980277957 0.00180030391548178 -0.111006176509234 0.100748824092207
-0.0236490560507701 0.00870222738555419 -0.216940927459473 -0.105170772190685
-0.0182363743581329 -0.00806152101822628 -0.162646671674695 -0.377398934703423
0.00205987260167252 -0.0167685579171676 0.332576053131105 -0.477433925901977
-0.00128381677590908 -0.0380544675352652 0.714086791836046 0.0500148212730602
-0.00512037248515195 -0.0112936249706528 0.372249913207181 0.63826236278934
-0.0307987374500432 -0.00262953303831382 -0.155839221624461 0.498530171131898
-0.026242061374097 -0.0218800499885862 0.0523015819263354 0.052241879185063
-0.0256095263956667 -0.0189053691931609 0.242649689952056 -0.44898312409087
-0.0330834961303754 -0.00456955381569 -0.293831383261489 -0.793828106453322
-0.000344946677774768 -0.00660817046450569 -0.813076182767149 -0.175416908491113
-0.00169952438365751 0.0111374492104669 -0.389365603004301 0.53608401410325
-0.0181308428171943 0.0124033068966759 0.164156122018 0.43385248761547
-0.00319385982523139 0.00217489536663941 0.274636338385876 0.114844397891525
0.00165636346159028 -0.00103680003409379 0.12324521493667 -0.149854903218219
-0.00854413690481293 0.00223550520610116 -0.111137133416318 0.0981813451221693
-0.0301022278156528 0.00545513200715921 -0.214086465551459 -0.108826624282776
-0.0191729495383616 -0.0172510933349949 -0.146328035642285 -0.377504558888133
0.00713757669984721 -0.0243839168898913 0.361628482606935 -0.462322201972801
0.00885218842094761 -0.0353978980448105 0.715069831053988 0.0801046214668944
-0.00197452592271126 -0.000201822448706784 0.343052142998786 0.657137706771784
-0.0360193432186765 0.00846420702988357 -0.176184266027444 0.492736122503489
-0.0347097630774427 -0.0122352351619989 0.0497955694068507 0.0468061668712824
-0.0316781027904309 -0.00619466530847672 0.225471289730067 -0.46019879682532
-0.0284010915965286 0.0078161404134238 -0.327975374771847 -0.780039763431939
0.0102561734211902 -0.00449142429395507 -0.815388512315937 -0.137856521048993
0.00196682510127251 0.00252197558959716 -0.361146018744056 0.552687183982937
-0.0205204780987472 0.00295410483722315 0.182584639805466 0.430964800215905
-0.0103314898656755 -0.000868639390512266 0.276743835007546 0.108082462283425
-0.00518567275747613 -0.000294672355267714 0.121869728908359 -0.152853707119234
-0.0131187383241728 0.0026638446546223 -0.110361128640314 0.0959325237309626
-0.0338982684503702 0.00213359248463669 -0.210054246778872 -0.11237192901014
-0.0183974349935056 -0.025890212967601 -0.128820459850763 -0.377563882803122
0.0111986142692255 -0.0299646246005342 0.38603376867139 -0.446453487496776
0.018369198740472 -0.0298595364542104 0.714232403361752 0.11335485803394
0.0035521525230597 0.0134138684844515 0.315302152216088 0.671386063977896
-0.0393350087480335 0.0207614037246145 -0.197739787578489 0.489808788228853
-0.0420338000929286 -0.00164033776931831 0.0431885867378456 0.0445902532312732
-0.0343089832374676 0.00759269190943832 0.205944593188495 -0.463180606024836
-0.0205148316725618 0.0210149854096722 -0.358369305861116 -0.761981407596247
0.0178902192022057 -0.00262198525862571 -0.816381928714662 -0.102728307637989
0.00182249815503824 -0.00429262091878409 -0.330667175557162 0.570282361850451
-0.0225655243487841 -0.00414465990613949 0.199695573178439 0.429968730730584
-0.014960133228672 -0.00287483671018452 0.279349536523561 0.10309749576463
-0.0107227747488543 0.00171234965119192 0.122017089536854 -0.155109836125621
-0.0157694908422928 0.00419291992707232 -0.108107375360884 0.0942244406322736
-0.033529698641125 0.00130703266986321 -0.206266447732172 -0.113094143302995
-0.0165539991900592 -0.0316835519744282 -0.113684626069335 -0.372080625437443
0.0134195470664141 -0.031993981498529 0.407869786825114 -0.429520757987444
0.0251802652581009 -0.0228019669748369 0.714396166329894 0.139244634922435
0.0087894397204683 0.0246510203236906 0.293465672709729 0.688230828055903
-0.0407543692075232 0.0319201875365815 -0.214493311393184 0.490283764934702
-0.0464414658875916 0.00897399779727062 0.0353723464380511 0.0455159813174488
-0.0334577052006376 0.0197320411799872 0.187515248306478 -0.462965996756309
-0.0130954048905964 0.0313805053176131 -0.383808196195523 -0.741679870687881
0.0234666574174958 0.000404440621911108 -0.816543162670386 -0.0706132149937431
0.00113183060871479 -0.00765375697161077 -0.30764063646379 0.582626206500649
-0.0241829102976399 -0.00928712999568736 0.216960850979843 0.427872283509496
-0.01622077915464 -0.00236143959964306 0.282763819046484 0.100232372274764
-0.012473952032419 0.00379992607825302 0.123394431047449 -0.156770893013639
-0.0150392619009361 0.0058451619749979 -0.103616153771986 0.0945145012587049
-0.0317210793020975 0.00274406011301544 -0.202486144180466 -0.111780628895476
-0.0154887734529713 -0.0337074249951135 -0.105888023233385 -0.367157681335507
0.0125566276428238 -0.0316331237270648 0.415310520554906 -0.421088402999634
0.0284549317284009 -0.0176737008606818 0.710556022603795 0.154269802068654
0.0146072562020568 0.0335248327330246 0.283884819794833 0.69863370886336
-0.0392516971787964 0.0417124909945146 -0.225051069649599 0.496962803479788
-0.0468366951254687 0.0170864705098742 0.0249419003009096 0.0516534075700055
-0.0304732825983947 0.0306519556355771 0.179086229269331 -0.453631042249337
-0.00503962756827455 0.0400081568001828 -0.390059170805195 -0.731511054606487
0.0262439499415977 0.00461133098986948 -0.815046715885397 -0.0604082515659112
-0.00207300975051277 -0.00723913185776288 -0.301404248450866 0.590490709334542
-0.0237130801582248 -0.0112169304050312 0.222065281494608 0.4314608280524
-0.0137579543137523 -0.000557157776024702 0.287481810038697 0.101833115142641
-0.0113761040862521 0.00633144399782625 0.12638738463284 -0.156580520603845
-0.0121937744570017 0.00806952779011915 -0.100643703327006 0.0933442582230983
-0.0262599544859245 0.00556999122713052 -0.198400406785609 -0.109893147666607
-0.0135082376794332 -0.03260171389928 -0.103138852750973 -0.362275176919519
0.00737913737291036 -0.0291093363845088 0.411781824975054 -0.417680802386871
0.0266196090767345 -0.0140399583998432 0.71000373254605 0.158862233655734
0.0192310947592481 0.0373748379772044 0.284759788137087 0.703813905147305
-0.0343057540966389 0.0476835365203025 -0.229441050058415 0.504620517751049
-0.0435856648374822 0.0234480471229968 0.0158822816203941 0.0602441712096702
-0.0251143151547972 0.0359045431058021 0.175726610921231 -0.442410934931506
0.000948792040127281 0.0439699336677346 -0.389515897078412 -0.72278486066975
0.0259807919103437 0.00832350136774047 -0.816422060787035 -0.0560761169278367
-0.00575858666140707 -0.00281906894103642 -0.302542529729336 0.596584812442186
-0.0220283694137153 -0.00958728163390995 0.224917999807323 0.437513617347722
-0.00734543877923576 0.00170849498566847 0.292075512247936 0.104775447459115
-0.00801970982172833 0.00848628156474405 0.130196259476254 -0.155408893072302
0.0102917519711393 0.00349313757056276 -0.110840208400683 0.101305317933957
-0.00715220107418532 0.0162877268739895 -0.217023850557949 -0.0953871051915235
-0.0112894036247311 0.00768657871462686 -0.181076207927055 -0.370394965704509
-0.00793205673251262 0.000353085988278305 0.286141452665818 -0.490076731571165
-0.0169839387537925 -0.036476038322662 0.70293944133629 0.0080615497391982
-0.0074880856858629 -0.0261380778787526 0.414640878115154 0.616864731948009
-0.0161344790715423 -0.0157459123530691 -0.130370946249174 0.512033794711498
-0.00628167365084103 -0.0321679974198384 0.0455591035946006 0.0717400482962594
-0.00819900089030581 -0.0326871406157652 0.26675438265672 -0.414043719804229
-0.034965507512656 -0.0223174286504063 -0.224870374074591 -0.802809507452679
-0.0199616936271477 -0.00834883331240451 -0.801588888151251 -0.238506371327915
-0.0151779394593916 0.0273403625963365 -0.443910522831419 0.504364926614235
-0.0146112415677374 0.0290772153867236 0.130336339168033 0.444923177389343
0.0133848576579063 0.01236147802928 0.272813758929083 0.131456162699392
0.0159414147859168 0.001976698609978 0.131725848728028 -0.141881748530914
0.00387739521983143 0.00203028977897598 -0.110802120754075 0.100868089487904
-0.0148230897713489 0.012239131281986 -0.217359570553518 -0.101285214351734
-0.0149756864480688 0.000810203234930472 -0.171597153315206 -0.375034837928533
-0.0028012037138559 -0.00868563179918173 0.30769277148879 -0.48399806281618
-0.0107199358404115 -0.0382250079896414 0.707100815230448 0.0303467632815628
-0.0073693292928061 -0.0205012313324936 0.392461874912342 0.626593348483351
-0.023608768333334 -0.010904078641732 -0.143723378899314 0.503704444417256
-0.0149962198904537 -0.0291314920908836 0.0510232070078412 0.0611598803259647
-0.0168678375657333 -0.0283048746497968 0.259918748099596 -0.432125761286065
-0.0357111370685671 -0.0153299163988633 -0.251197539871811 -0.80238625418035
-0.0114501097995534 -0.00756340242051382 -0.805577685144702 -0.214690486886172
-0.00783382621096286 0.0196389520402068 -0.424634963195002 0.514685668351038
-0.0165143704911494 0.0206566128022041 0.14235389943554 0.439226501167116
0.00354491614178712 0.00667279128933833 0.272254731889197 0.123873696458517
0.00949129788490598 2.95195521448797E-06 0.127638552454343 -0.144963325539699
-0.00261588017406809 0.00156536488888449 -0.11289107100672 0.0987276468307175
-0.023822142115006 0.00799665443896747 -0.216111806679988 -0.106153370442946
-0.0169435976304674 -0.00856780733973236 -0.157953728135849 -0.377809576231032
0.00225631055780281 -0.0162871491827666 0.337975582206997 -0.472528950592874
-0.00082535637411827 -0.037619908508915 0.709842644082673 0.0552111345206082
-0.00561726809927507 -0.0112705143940305 0.365170654415339 0.639693871227528
-0.0297615704642442 -0.00276939405265746 -0.16077476208433 0.492450702804585
-0.0257284366593718 -0.0222140841439714 0.0516723051588277 0.0530072919258935
-0.0244177397514783 -0.0187364731439872 0.245226463523441 -0.444433915022876
-0.0335036318672503 -0.00486631212614174 -0.286287465184547 -0.7925768346047
-0.000964697372501798 -0.00691154414986857 -0.809322035533167 -0.181059261532652
-0.00137829054605725 0.0115771300528055 -0.392451439090517 0.532585528091169
-0.0181745187126464 0.0121169595323879 0.160019759390872 0.434682130285919
-0.00424496968961229 0.00202983779929114 0.273701289533121 0.116220755443097
0.00122539574957658 -0.00108326314982982 0.124964693320513 -0.148900250935364
-0.00852181596703986 0.00195294993928476 -0.112382044481029 0.097292830298381
-0.0295120742965688 0.00486653169279696 -0.213185331767115 -0.109822922398721
-0.0186757953975572 -0.0178763794690923 -0.140719961775419 -0.37755340426936
0.00700368730351519 -0.0239676446564775 0.364663169550957 -0.457553294563457
0.00886597023303036 -0.0347999066636592 0.711325680683695 0.088870366013268
-0.00118476194204033 -0.000323388615230048 0.3352628560877 0.656336991754949
-0.0353392081423752 0.00793067468107724 -0.178545355285844 0.489045352090164
-0.0349623893231176 -0.0130198868737929 0.0486795085895667 0.0473393028648241
-0.0313582462900967 -0.00577425896334196 0.228583983506999 -0.453329958672948
-0.0281791109900855 0.00803447211039275 -0.319614893917994 -0.780719921592575
0.00975327022709465 -0.00493065483073787 -0.810811620066 -0.14441149189972
0.00234782246480511 0.00276503940151897 -0.363805700681926 0.547702426083782
-0.0205548456580338 0.00302360267980442 0.179844709535097 0.43099089268275
-0.0104279662630698 -0.00150368489164131 0.275897308622031 0.109784659548484
-0.00528843450974184 -0.000682815615862981 0.123574412970729 -0.151177719431265
-0.0126237878539345 0.00270453053349118 -0.112029647478424 0.0941110955972326
-0.0337108962405981 0.00169060304751153 -0.209309352533782 -0.113307551249455
-0.0187216575050198 -0.0262550124311472 -0.124235909496528 -0.376024171994228
0.0123528762209126 -0.0292569024188776 0.390862847882369 -0.440895377679744
0.0182253888816223 -0.02953361584788 0.710399322379562 0.118792271472509
0.00338006181708218 0.0125162690432814 0.307633731438747 0.672271899663307
-0.03889928476757 0.0203390547314087 -0.200467821913073 0.484488580540592
-0.0420376500102943 -0.00178771817767861 0.0429045924516807 0.0451544862500544
-0.0345446507592382 0.00788099995517744 0.210288017669516 -0.459266900990698
-0.0210353780658914 0.0209721359960123 -0.353054018467812 -0.762667980407209
0.0177347812966077 -0.00269664338648939 -0.811602067350453 -0.108794823370993
0.0024514249011238 -0.00359723636134389 -0.333185275790558 0.56472158811851
-0.023109350471227 -0.00448496259597978 0.195421578733257 0.42989425108664
-0.0151763939752126 -0.00287280575651836 0.278365275925512 0.105137268508961
-0.0103546748752031 0.00100229760631179 0.123971570482231 -0.154108111493985
-0.0158548224043191 0.00367919458512026 -0.109070633202406 0.0921859914215435
-0.0342907734428329 0.00124772576978456 -0.205052202619912 -0.114693186855615
-0.0163635983036672 -0.0319041566296387 -0.109094354384985 -0.372798358921514
0.013852897743052 -0.031578668952942 0.411872688390866 -0.424833954632731
0.0250327378834689 -0.0229764402274062 0.708746185628502 0.14717861700768
0.00859703660696087 0.0240408202603622 0.28476702676207 0.688514769820977
-0.0399788026569569 0.0310618794968209 -0.217592843394826 0.485185682090895
-0.0453423558570834 0.00805519793470743 0.0342653123287203 0.0458869208099456
-0.033680725002654 0.0199464731997248 0.192002465706021 -0.45865371846292
-0.0131026273632463 0.0320518772824563 -0.376243037636135 -0.744579564572221
0.0227845939818864 0.000595635045169837 -0.812894109322067 -0.0771227361594412
0.000767309513728102 -0.00769591100568059 -0.310768756623282 0.577458461420683
-0.0240658817024818 -0.00888656466956437 0.212438050215677 0.427858768318404
-0.0163267355163979 -0.00289001503976785 0.282610966511718 0.102280635787127
-0.0127972251456874 0.00316296764076828 0.125694735604293 -0.15462799320907
-0.014981687326518 0.0058792570725625 -0.10613631003204 0.0927497877600338
-0.0310420756686115 0.00185392310969257 -0.200515132076457 -0.11299297148457
-0.015518695874375 -0.0342103884989805 -0.100968497753558 -0.366442190080645
0.0134141937182784 -0.0311852852554525 0.415900130321686 -0.415413171076411
0.0276584335229195 -0.0169597997496328 0.707818373375119 0.160757308742294
0.0137077102921774 0.0330146669130176 0.275979320226983 0.697456771027062
-0.0390835512556629 0.0409386727696957 -0.2289847329225 0.491203916190228
-0.0466297474989293 0.0168444129230808 0.0247771921774495 0.0519374512473791
-0.0300783996484765 0.0307147306250274 0.183208253374162 -0.450020909870033
-0.00538122319071107 0.0400391351189439 -0.38245036216594 -0.733397391999536
0.0265941857401425 0.00452978169063845 -0.812815409977318 -0.0673213576120273
-0.00177493497440256 -0.00714877678268126 -0.305303552524098 0.586092218927926
-0.0242997616025185 -0.00996435647709932 0.2183150213026 0.431640847675778
-0.0135692416047463 -0.00111074827371995 0.286786787337027 0.103930366777339
-0.0117445928600397 0.00657604525245513 0.128203704061912 -0.155586075672133
-0.0123045513981541 0.00846188179217685 -0.101727344898792 0.0922173188333053
-0.0256499363830081 0.00483518399794631 -0.196935008838009 -0.11015955729958
-0.0133916090778513 -0.0326953158525138 -0.0988741913106251 -0.362968949700845
0.00872393736811921 -0.0286539576747409 0.414987683117585 -0.411302645328079
0.0273506251531161 -0.0133233225642451 0.705721518338264 0.164587338416606
0.0183646499843234 0.0380313371153813 0.274733166177958 0.703652588337508
-0.0343958634664859 0.0465774792887811 -0.233449726466929 0.498777734136843
-0.043779325293769 0.0226081819189222 0.0155129155216666 0.0595186078027904
-0.0246075619746136 0.0349928183393476 0.177703051990243 -0.439011541740371
3.24125991771861E-06 0.0444425053327285 -0.38102629541157 -0.72450959079346
0.0248167529914377 0.00932751109374799 -0.814047616150609 -0.0643114593264646
-0.00584154039612892 -0.00281500112327747 -0.306658794826736 0.588563865302775
-0.0215950117842676 -0.00911154240910218 0.220803123997425 0.437649748923563
-0.00799620842504808 0.00131510390547064 0.290925902475538 0.107735731678263
-0.00782361246735981 0.00797977581868817 0.132500235556476 -0.154245169367073
0.0105493838006643 0.00341716121858388 -0.112261003046431 0.0992984878967473
-0.00628495719476673 0.0163564176225737 -0.216502232916287 -0.0963803363835294
-0.0113084881200113 0.0069638422904253 -0.177021528367263 -0.371803581515237
-0.00714979572339318 5.2803449169944E-05 0.292147876504599 -0.488576044659947
-0.0174507531812281 -0.0362376150477897 0.70244301603665 0.0155301277237953
-0.00813500846140524 -0.0259137173398362 0.408818377526663 0.619269823122862
-0.0155398313409084 -0.0160431366432467 -0.135962318648279 0.509570252772773
-0.0062258140822882 -0.0321191495545088 0.0461518549808753 0.0711677763893906
-0.00774497715068709 -0.0328363110999788 0.27212945056149 -0.412303490328076
-0.0347600413512501 -0.0223341833529242 -0.21745968428457 -0.802681003922456
-0.0202988399497904 -0.00851344747302317 -0.798835346280527 -0.24428541854427
-0.0149190796212142 0.0271529389080213 -0.449023755947387 0.50074545071299
-0.0148886065073545 0.0293608389935295 0.126496743171559 0.444739061151
0.0127649615240451 0.0118478248715832 0.272128368229915 0.134738636414028
0.0158891187062583 0.00220482800173303 0.133968493451054 -0.140969910692363
0.00469136646935071 0.00211291937873197 -0.113319659363591 0.0991401955456203
-0.0152940749601549 0.0127640767014201 -0.216467941276376 -0.102734802540434
-0.0149930812519015 1.45408250837552E-05 -0.166727687406441 -0.375394233642849
-0.00186456640702957 -0.00811843406328299 0.313940600982327 -0.480121816003984
-0.00990579922031333 -0.038066622153066 0.705275806656785 0.0372106382957424
-0.00790205757215783 -0.0209145492828396 0.386913236582904 0.629367798048185
-0.0232066905500771 -0.0110292319980808 -0.14839037031055 0.501158975362895
-0.0150189917569185 -0.0285994836706162 0.050392847094995 0.0622608985466881
-0.0160205119906948 -0.0279028636537705 0.265056357678649 -0.426753282680821
-0.0351342735983804 -0.0153484625824288 -0.242774906720799 -0.803306246943835
-0.0113768603726717 -0.00855596015096591 -0.804134515749729 -0.21983166038815
-0.00763495071073698 0.0194477858050693 -0.427606416949579 0.510730291491466
-0.0166779940086891 0.0218473250087671 0.138381616868022 0.441052905963058
0.00423586228125425 0.00552673357326687 0.271843795818666 0.126150566444737
0.00918203896091512 0.000887734961780066 0.130024715873658 -0.144638816719432
-0.00273822661195221 0.0011837478304521 -0.115037727723618 0.0970573212324512
-0.0235672701520798 0.0084452967204683 -0.21504860198984 -0.107263272560394
-0.0174603411657566 -0.00864791792437842 -0.153177091895011 -0.378610724981404
0.00324410430580353 -0.0171090571359942 0.341879421936727 -0.469787073599146
-0.00097052415973716 -0.0385006429742922 0.709065995011688 0.0639702298093264
-0.00603675702356678 -0.0115282649248568 0.357599839404935 0.641153928685574
-0.0298320063811623 -0.00378308735776768 -0.163800856497131 0.490117352265701
-0.0252424760631539 -0.0217146031754997 0.0513184150706627 0.0535359894521665
-0.0247557988995213 -0.0186384209500227 0.249824415318034 -0.439665495483779
-0.0329194917237157 -0.00465238623592481 -0.279130737795583 -0.79394127579876
-0.00130619067010618 -0.00693609477146678 -0.80859926438678 -0.188417476784114
-0.00180261046895543 0.0113671913280219 -0.396360930528404 0.52850400878414
-0.0186658600546736 0.0122250764727365 0.15655840703417 0.435746192479653
-0.00383125531156385 0.00140001243522302 0.272970758657342 0.117944836651949
0.00170429568145675 -0.000339808078313222 0.127794010455571 -0.14742264112016
-0.00825629347784461 0.000845900792707687 -0.114692107933054 0.0954730269757694
-0.029550490558676 0.00488617248156319 -0.212111126452546 -0.112046634240346
-0.01865301948851 -0.0186130100905114 -0.13670612526951 -0.379028317561444
0.00856024139926306 -0.02405347354285 0.368943873986114 -0.456009940805594
0.00865870291710795 -0.0346762987981412 0.709457101802395 0.0948018504459633
-0.00214135492380718 -0.000284491384978262 0.328577393177503 0.657046150801707
-0.0352461334234814 0.00775881457397965 -0.184078961417241 0.485220530409688
-0.0345397439430689 -0.0127753170290943 0.0488582989873644 0.0477126282593534
-0.0303917701216737 -0.00643829824842918 0.232376703196274 -0.450026273129376
-0.0284780938964035 0.00773239325835309 -0.312677860400805 -0.781542769123195
0.00925002116523686 -0.00494737986777205 -0.808014210223837 -0.150935949987897
0.00247488885837423 0.00299629872964129 -0.367038854142031 0.544432779060361
-0.02110320400209 0.003398096706736 0.175126830375992 0.433052087040808
-0.0107731980189285 -0.00190048097562727 0.275677841361741 0.112740073871005
-0.00591187969680306 -0.000102198579666774 0.125576183681744 -0.150384922256206
-0.0133672785116378 0.00147168047923786 -0.113670453824247 0.0932397240733374
-0.0331643928784543 0.00182767186221746 -0.20818155975294 -0.115147694794574
-0.018106186227561 -0.0262178047507245 -0.120601881961674 -0.375384688367641
0.0126954083178509 -0.0295356217935922 0.394336335493702 -0.437778277371996
0.0180987002523891 -0.0291227803754932 0.708143658408607 0.126595321580081
0.00245050309264016 0.0122670278934291 0.301740045501061 0.673189407980238
-0.0388343931586508 0.0199870708856773 -0.203633131166766 0.481872856146712
-0.0423368357241585 -0.00212437076707808 0.0415973662767334 0.0457085268850354
-0.0341700492248525 0.00728271473615431 0.21475091459226 -0.455022908561839
-0.0215040765790102 0.0213962632216107 -0.343756831301863 -0.765125848586965
0.017622984831928 -0.00265592996491912 -0.809247766891444 -0.116546766514943
0.00286563620702724 -0.00350302676413825 -0.338814197847346 0.561784078585444
-0.0220559700581166 -0.00427473480451918 0.191600527023333 0.43117655068723
-0.0152303602585825 -0.00343384310614651 0.277712253165946 0.108260717160024
-0.0107456392301878 0.00194439819676071 0.126503800804946 -0.152571687183581
-0.0155529959132071 0.00289278210576446 -0.11094800802336 0.0914407199368067
-0.033088097280006 0.000578133757077674 -0.204144161511997 -0.116468218029396
-0.0167321403589225 -0.0318739136059729 -0.104997048054838 -0.372852672327396
0.0147310615387519 -0.0319905346987994 0.414129255544299 -0.42127148502914
0.0244729433429868 -0.0226493218354198 0.707543754477617 0.154042459241837
0.00818111975515464 0.0242218548304386 0.27611474693621 0.688732782300417
-0.0400556616429894 0.0309797005748309 -0.223220639259094 0.482602917382771
-0.0461352235618617 0.00797420376364659 0.0348598408374099 0.0464532344426724
-0.0337506760189882 0.0194371261854399 0.196915055284062 -0.454852011805013
-0.0136446482478528 0.0321519086472637 -0.368138246538472 -0.746304604461382
0.0227911418361991 0.000893420592777973 -0.810841129715442 -0.0861684931266941
0.00113610080121517 -0.00658577061077196 -0.314840265514882 0.574600762959406
-0.0237333578335904 -0.0090023408658141 0.208269054916171 0.429781346382212
-0.0161335738423663 -0.00329994899063846 0.281992447321112 0.104958391160038
-0.0130184432521628 0.00383019610104827 0.12758095879064 -0.153587737193774
-0.0151083860911565 0.00501018664833762 -0.107673560511955 0.0912540131590083
-0.0302300724265621 0.00163904671613936 -0.199484280507351 -0.114107191550723
-0.0147494546548829 -0.0342451438406643 -0.0976916444251481 -0.367449909848931
0.0135452699091217 -0.0313215338030776 0.420654085109581 -0.41269778817171
0.0283615035902745 -0.0172005862105513 0.704905425798471 0.167588402031101
0.0133674284342911 0.0332788798028658 0.267732801642236 0.699290100186973
-0.0387452370516824 0.0405221588582256 -0.233264550563614 0.488008479464889
-0.0469031978424607 0.0166193734583289 0.0242993960573078 0.0524824016757119
-0.0303842786491602 0.0297008826674581 0.18719978284991 -0.447002495419541
-0.00529787110759384 0.0403105997699473 -0.375192984398022 -0.733602153296177
0.0256338759914572 0.00531487586376532 -0.811556298998593 -0.0745919513177282
-0.00162456904220414 -0.00687986357567303 -0.30922254056044 0.582403997010557
-0.0228692871172204 -0.0109276019833148 0.21426151466237 0.433423569078902
-0.0135456983080391 -0.00160092069269479 0.286730995230868 0.106081898895848
-0.0120477065866525 0.0062710399070914 0.13053152112235 -0.153764940510338
-0.0122759916205317 0.00699039250328409 -0.103957035732632 0.0905766962282788
-0.0256102205872113 0.00511117690973385 -0.196404268346994 -0.111763966945996
-0.012757095364347 -0.0335529990817332 -0.0942771391076749 -0.363270550199587
0.00990244387975814 -0.0287181195343739 0.419308062056448 -0.408888267759844
0.0267860810599721 -0.0133863514402336 0.704449174239445 0.172714868267055
0.0176164203937535 0.0376913375011861 0.269394432324749 0.70377043405957
-0.0336884061571719 0.0462277616021326 -0.23710103900252 0.496687007146128
-0.0438513142379533 0.0223118199506862 0.0148101821880649 0.059483798676716
-0.0250671331900064 0.0348827408261053 0.182194995871069 -0.434835671819997
-9.69520478939284E-05 0.0442534998151468 -0.373395303386764 -0.725633154512739
0.0248486199657115 0.00949404226334905 -0.810007876507867 -0.0697316726918036
-0.00545014581974664 -0.00296492315092181 -0.310400607240926 0.587344170208405
-0.0211688393583523 -0.00941593338850875 0.21639473547922 0.438949839281245
-0.00744587411403806 0.00111622336322462 0.290593005949495 0.109794537251502
-0.00817935544824572 0.00829200563101047 0.134660797270075 -0.152577216549475
0.0110232226814539 0.00321681751831205 -0.114224012357673 0.0985702736418003
-0.00684426812897197 0.0164114834799755 -0.216534317056832 -0.0985098198129649
-0.0117000422045917 0.00704750548884734 -0.173325697458404 -0.373385950355982
-0.00710613008153235 -0.000258639125154592 0.298144358068738 -0.48677379516587
-0.017633051223376 -0.0368922721389408 0.70248960023142 0.0228502472773977
-0.00820750751533177 -0.0261355940360521 0.40295515280027 0.622366958521584
-0.0147508914687008 -0.0159258008996758 -0.139301786486369 0.508048991285675
-0.00605083686314032 -0.0315451610379417 0.0454042246728207 0.0726849423346698
-0.00598750681792964 -0.0328612183789261 0.275388169119635 -0.4082277643285
-0.0336927450382045 -0.022824698906134 -0.211926634909304 -0.805694236403267
-0.0206090941364943 -0.00847712853352595 -0.798066114166162 -0.253463095148693
-0.0152341165923775 0.0269917285778015 -0.452777271108967 0.495872510562218
-0.0153998612674189 0.029804118924554 0.123407276932949 0.447102088870723
0.0128293339696806 0.0119217619164385 0.271873568692503 0.136717856945208
0.0155442078980877 0.00260985817145218 0.136609445452374 -0.140502322218561
0.00369990116693966 0.00199497953238899 -0.115552070724054 0.0985720183133311
-0.0148514975935553 0.0129190461413692 -0.216085062892746 -0.104783309194819
-0.014783257026284 -0.000421050163323694 -0.162071241672979 -0.379212295518998
-0.00194226600108998 -0.00791604456550441 0.318724491618795 -0.480017038154329
-0.0105207036512278 -0.0382672921272562 0.705389976676506 0.0441534809377218
-0.00819462279414308 -0.0202422337605825 0.380745708594064 0.634145870009294
-0.0223250019126737 -0.0107750006221635 -0.153665506624713 0.499163727546589
-0.0145758079028933 -0.0285821049763292 0.0493002036743098 0.062184354561973
-0.0158452029776854 -0.0281582978726172 0.269504534259632 -0.423117317965372
-0.0346304359298095 -0.0154383154613859 -0.23764678828245 -0.806453600976292
-0.0117852500120701 -0.00755024669502959 -0.802732703004365 -0.229110295081454
-0.00773219935641535 0.0196586423988144 -0.432657470637664 0.508847596549832
-0.0167601964700699 0.02135219199999 0.135459883463985 0.442365817634818
0.00415748158834176 0.00622384713591444 0.271612277439057 0.129054810838129
0.00877007551070418 0.000625034261611663 0.132223689370228 -0.14366423436237
-0.00242833868009334 0.00110695215538662 -0.116442040426912 0.0959615560169862
-0.0235330808513093 0.0083854505341891 -0.215138415347807 -0.109709776374675
-0.0176507539656749 -0.00897819976388465 -0.149266610536816 -0.380546947308261
0.00387865405663273 -0.0168506125639545 0.347832221966812 -0.467771098395054
-0.00147113167650785 -0.0374154195602392 0.707689151513583 0.0710676023474798
-0.00637650548498492 -0.0119110105535016 0.351499060429659 0.645000963032789
-0.0291045522505196 -0.00360918612793096 -0.168744530668671 0.489266250079237
-0.0251286780178631 -0.0220068977502393 0.050309380717558 0.0541564451623033
-0.0240950793981031 -0.0184762837536935 0.255309122980635 -0.437134233739118
-0.0330075411801585 -0.00484709216920797 -0.270019895088325 -0.795893909248247
-0.00135351020335203 -0.00679122780806436 -0.807211965287988 -0.194123632720109
-0.00179661566351406 0.0113764459163685 -0.401428698293517 0.52506135897172
-0.0186896346805056 0.0122280377523477 0.15164836967258 0.437403013221305
-0.00394070705163365 0.00170515205095332 0.272246297661954 0.121333144442082
0.000529550697935654 -0.000495400712222261 0.130102460945621 -0.146410916625163
-0.00772811701099161 0.000592185228568451 -0.116309156319377 0.0938641514137
-0.0292900533143304 0.00425348663370776 -0.21162028720356 -0.113627050249724
-0.0183050700247162 -0.0182264076253412 -0.132623345669318 -0.380449328415677
0.0088688223948543 -0.0240272377662535 0.373310849178489 -0.453099983343178
0.00874866023194437 -0.0343171973006121 0.709073615917458 0.101493574006429
-0.00219587685991024 -0.000271233470462959 0.322472291167221 0.660920978106481
-0.0350898301777279 0.00738446957090921 -0.189266415887373 0.481969443697519
-0.0343827087512262 -0.0131196345079944 0.0476608392932359 0.0489946347492102
-0.0302191383673853 -0.00646773105060389 0.236998617014617 -0.44753262699381
-0.0290667511215822 0.00828243932168471 -0.305937496005392 -0.785183523466563
0.00892308836318006 -0.00459568796204083 -0.809000522540509 -0.157907092427677
0.0024823700588546 0.00349539952680976 -0.37183906258307 0.542635517195817
-0.0206443579962668 0.00339679953514945 0.171108326897806 0.434084499375645
-0.010303660058815 -0.00201524259666039 0.274643158680462 0.115769346474787
-0.00587590819573662 -0.000314401155528357 0.12864617191809 -0.149359978155187
-0.0132287489136114 0.00141558416172868 -0.114977809550467 0.0920721153962054
-0.033103595301032 0.00122156925619148 -0.20869827891055 -0.11736448177603
-0.0180297084493559 -0.0265903360615962 -0.115314908339723 -0.378595140137572
0.0136017028021388 -0.0287094996845243 0.400308582182754 -0.435168649924787
0.018024709594522 -0.0293571179847372 0.707935237817651 0.134341373290116
0.0022646285540115 0.0127807390869072 0.294417601854554 0.67602903314149
-0.0388594458255124 0.0195773779409162 -0.208443767315231 0.479719810053272
-0.0415488248555438 -0.00254469943218166 0.042250442039227 0.0458056011762486
-0.0342389793732057 0.00724101398959355 0.219683988344486 -0.451363783806558
-0.0216042045497824 0.021353104613777 -0.3391484427818 -0.76868297068548
0.0169711298861908 -0.00174580531286072 -0.810290381061241 -0.123966390892576
0.00357039593367351 -0.00336507867963399 -0.343227072806935 0.560314912692174
-0.0227666421757126 -0.00392058765764909 0.188592768054373 0.433405014573336
-0.0150857285507555 -0.00420748098314279 0.278598980089262 0.11078041783763
-0.0107405202052476 0.00120375807592768 0.128850290311648 -0.15154869619523
-0.0154318715242228 0.00262907089092127 -0.11286770596232 0.0903334892023724
-0.0335994385252331 0.00084197566105602 -0.203733181973494 -0.117718350173073
-0.0163791373634103 -0.0326647966979216 -0.0990197280535412 -0.376863399618065
0.0161864950362054 -0.0316629449852199 0.420625137417457 -0.418665252758982
0.0246006140027012 -0.0224518117084973 0.70556986477087 0.162351857346135
0.00676089443639368 0.0245140788876489 0.270478536592511 0.691772715939849
-0.0400109308667616 0.030544572343247 -0.226259261170306 0.480279761753597
-0.0456772416089938 0.00729015251144897 0.0344784478588927 0.0469438687372464
-0.0339306573398215 0.019846317012071 0.201632762705861 -0.453419065813119
-0.0135610473380585 0.0326367308741547 -0.36233614910932 -0.74979404812417
0.0224878810846046 0.000758326738304275 -0.811168961137278 -0.0922914484360254
0.00225377952506163 -0.00715709776788493 -0.319888974874212 0.571739739464076
-0.0238545985491931 -0.00848753492170367 0.20461808481261 0.432489946854676
-0.0163914917797262 -0.00401819829408146 0.282671449943635 0.107613457903054
-0.0132188282871187 0.00353105354642036 0.130112021149384 -0.153144964319954
-0.0147462451092146 0.00401502334036654 -0.109370003424613 0.0900560059748085
-0.0306354896221936 0.00169335201713732 -0.19904390093466 -0.115714693171422
-0.014299387655057 -0.0347179554613941 -0.0921686809199769 -0.368580103378401
0.0148154055348415 -0.0314056785049948 0.426994275570124 -0.409440229842965
0.0277956086717232 -0.0162435806705039 0.704547701769811 0.175411367627803
0.0119399751829588 0.0332571336688683 0.260227099374746 0.70242058893444
-0.0388203880208359 0.0404570219333225 -0.238095046539108 0.486885907048402
-0.0469351394632118 0.0164186222701638 0.0239677143127491 0.0520785075649679
-0.030537698733675 0.029495476499896 0.191998040010682 -0.444811730010909
-0.00659252718331704 0.0403637743181213 -0.370011970494571 -0.737621424085296
0.0252669948775095 0.00506455231873659 -0.810964644370143 -0.0814071092401825
-0.00115784974999 -0.00717207767948533 -0.314627931672562 0.579737855339347
-0.0234444579996115 -0.0111584651836899 0.211059366392454 0.435751674909078
-0.0140514655148234 -0.00246380639044763 0.286810555044922 0.108809197529192
-0.0119091000933885 0.00601142944400612 0.132284306048441 -0.154076390543953
-0.0127281928940276 0.00697146989470032 -0.105438721556501 0.0892987504051544
-0.0254585340400771 0.00428926736465798 -0.19581071664706 -0.113404066615101
-0.0130696120446603 -0.0335690305203085 -0.0891033927605612 -0.365362362864843
0.011119770791718 -0.0283453802601756 0.423652680626434 -0.406382863560275
0.0265267613103437 -0.012736534968206 0.703601481173945 0.179261809512361
0.0167180349280951 0.0382109144962964 0.261250043477362 0.707709845926055
-0.0337265630644828 0.0456175404483895 -0.242888603129339 0.494628679717642
-0.0441222770459808 0.0214154632396564 0.0142223577130657 0.0602437122039091
-0.0248197285925189 0.0348562042191896 0.186038873959821 -0.432606556717257
-0.000100874869965439 0.0449984237318379 -0.367969367492925 -0.730036362459067
0.0245897049521193 0.00940449038838765 -0.813020568324592 -0.0790142875281119
-0.00462116630983885 -0.00342506288741744 -0.315676705261694 0.585041815250094
-0.0211734945935782 -0.00978642681368582 0.212865465913068 0.440648765812281
-0.00821925983589341 0.000594397729455545 0.29116552989569 0.112084513182367
-0.0087658478439508 0.00797212603092741 0.13690222476968 -0.151885695287566
0.0100836165003669 0.00333060216447337 -0.116882221172928 0.0979872529736119
-0.00643404133014058 0.0165723979029706 -0.216333169008141 -0.100517520672559
-0.0118507332624345 0.00694578170396578 -0.16851868427062 -0.37620086115078
-0.00567759429710236 0.000713008163779525 0.303191676682721 -0.486415423279392
-0.0180983224299939 -0.0372906973897331 0.705468481528292 0.0284895838825084
-0.00863748215037693 -0.0268266935118684 0.39808570072201 0.628304919796418
-0.0144852943625517 -0.0155852373838751 -0.142756064349422 0.507862242581362
-0.00496113039919393 -0.0316878801353589 0.0450575173213104 0.0732006582717203
-0.00648311487759956 -0.0329167073599886 0.281232063833439 -0.406314760271252
-0.0346388498211229 -0.0226957211643408 -0.205202955748599 -0.811018948901473
-0.0208038739874057 -0.0084243728773776 -0.799497238378974 -0.260481750137043
-0.0159204107652754 0.0267891459803648 -0.460191239594195 0.495157537189458
-0.0151434928518367 0.0296073291834487 0.118115844607403 0.448852090619247
0.012332358966935 0.0114849837848759 0.272535486190378 0.139129604842182
0.0150664693161743 0.00244470041772432 0.139482304123362 -0.138843313638226
0.00463659763907426 0.00198027267607643 -0.117102253419233 0.0966254470696029
-0.0149886071338845 0.0129611128489113 -0.216635982136965 -0.10594203187723
-0.0151497428570923 0.00040315167001883 -0.159030283834957 -0.381024877022683
-0.00149125034423156 -0.00895127266649032 0.325407748292058 -0.478818313243487
-0.0100870180456038 -0.0382542396547145 0.707771409235649 0.0517280133633678
-0.00826463450757892 -0.0204164192935142 0.376099686614584 0.638036261180612
-0.0218313095242328 -0.011283814227236 -0.157370891303247 0.498886645077577
-0.0144376872376997 -0.0285143865213272 0.0495979004328856 0.062657987068999
-0.0156110029698201 -0.0284057854346954 0.274183031762933 -0.420968159233206
-0.0351241282322206 -0.015382744969872 -0.23243141533694 -0.810591466970438
-0.0123188317817713 -0.00887338850187917 -0.80524798157086 -0.236599029282559
-0.00747555439070515 0.019050679894211 -0.439139911619598 0.50656294886113
-0.01670910519541 0.0212657690397087 0.131554422090295 0.442954638515076
0.00392593690886709 0.00579687920444453 0.272859757282748 0.131301209946608
0.00869934502905024 0.000953974991945169 0.134931269067935 -0.144100510661365
-0.0018760927241235 0.00127144475515013 -0.119266483346532 0.0953670326198749
-0.0228425710894283 0.00817321628034523 -0.214941295902902 -0.111167607393501
-0.0174769462098501 -0.00914214009702863 -0.145096050561062 -0.382824971900735
0.00433078482061878 -0.017140057268624 0.352460045123905 -0.466618818591683
-0.00117738914313267 -0.037999323913699 0.708926357544819 0.0778391783568936
-0.0061041040303307 -0.0119496816167193 0.347312512612876 0.650002160605784
-0.0293507519131085 -0.00302123073787925 -0.174205152610859 0.489198787472708
-0.0246641048557694 -0.0221611511211859 0.0511386586732117 0.0550737203773838
-0.0234363998933853 -0.0186459697556454 0.258769166291139 -0.434652300265601
-0.0336994657309727 -0.00461755609537743 -0.266031509328797 -0.802730505183047
-0.0014410555490322 -0.00707901834242325 -0.808762371032911 -0.203663561684685
-0.00119401202814156 0.0119195714745084 -0.4069474963688 0.522840259077828
-0.0188600798063678 0.0123839400877531 0.14995593620227 0.440284341593123
-0.00396264066181994 0.000556004792285559 0.273405941669867 0.124904506284711
0.00101695326316105 -0.00016450648128394 0.132788493915775 -0.1467444636786
-0.00872277136625287 3.60787697315113E-05 -0.119083552920966 0.0936053646179138
-0.0298035135836299 0.00413016694452987 -0.212067248105288 -0.115908982518755
-0.0188907388205261 -0.0183478088833104 -0.128277866180856 -0.384116552180455
0.00969401238992867 -0.0245625065778397 0.380231933782984 -0.452760154040354
0.00879851812734895 -0.0350650825350214 0.710263775098631 0.110392567417716
-0.00303469295197149 -0.00036335718918638 0.317318049076078 0.667768090719624
-0.0349592697750001 0.00800176735697524 -0.193994787966049 0.483670308183513
-0.0339822892644725 -0.0130378134474236 0.0473832399430354 0.049184839917167
-0.0307917623075905 -0.00656150969862823 0.242367485221374 -0.445572376551706
-0.0286888211499804 0.00773888704159541 -0.30089385065442 -0.79027470422384
0.00873081800418247 -0.00463988849156694 -0.811635060961087 -0.166252295934642
0.00228681031575605 0.00384630480604051 -0.377607264430878 0.540383218136983
-0.0211795557605373 0.00340577482169544 0.167494710540349 0.437831905061311
-0.0103608596353295 -0.00277844301206877 0.275605679276401 0.117604205760543
-0.00624676988067312 -0.000179889161152193 0.131256250600912 -0.148986122950094
-0.0133415921493391 0.00040499620913533 -0.117449551638499 0.0908719807632591
-0.0327562131568357 0.00108150051610666 -0.207800530290233 -0.119626053658362
-0.0178529049916834 -0.0271178591799027 -0.111194136016586 -0.380775774526998
0.014532502072996 -0.0291519416243392 0.405508896213065 -0.434473613712528
0.0179499209810558 -0.0286587192882982 0.710015014247288 0.140355166166336
0.0013134742680166 0.0127958507246847 0.288871503893337 0.682821600002475
-0.0384903471133326 0.0194305378289625 -0.21170758684393 0.478347942960772
-0.0415452447860271 -0.00255615912326758 0.0426731749442775 0.0464879181738448
-0.0342945053928121 0.00680107805709967 0.225445299149563 -0.450449860647238
-0.0219087272086543 0.0209807175552263 -0.331089716517373 -0.77372094215741
0.0178175172632643 -0.00229936886191608 -0.812471424496255 -0.130081863800215
0.00313627163970112 -0.00367743284002839 -0.348419951795504 0.55868034075727
-0.0225800007126326 -0.00466626045251481 0.185590359048571 0.436517585203396
-0.0151273872792313 -0.00457700328850728 0.279174981382511 0.114130636493639
-0.0112607305551262 0.00126950565031159 0.131648514929856 -0.150976078324603
-0.0159889336165765 0.00199196181870279 -0.114750953659621 0.0901038398838669
-0.0329951117920313 -0.000432307285406804 -0.203505591655728 -0.119844578921064
-0.0164079588968223 -0.0329440862011062 -0.0971109689477752 -0.378817471977744
0.0168832645296322 -0.0316981743932524 0.426565819273894 -0.417757628800401
0.0248033706832373 -0.022576314594286 0.706521417690402 0.169634146691588
0.00625086479969625 0.0241038251478032 0.265371864743202 0.695380586696113
-0.040234982358929 0.0306239040837404 -0.231030242055275 0.478911175349273
-0.0458221723976676 0.00722135806277701 0.0337710143694982 0.0472729267639256
-0.0344727038346677 0.0195555117449502 0.205982371048037 -0.451931634675179
-0.014164437740957 0.0323406975229906 -0.357322423225354 -0.757205241546657
0.0225770718419772 0.00186531115279973 -0.813433254666179 -0.0988538559964948
0.0019874396953538 -0.00732881873217828 -0.325340338317323 0.571230708454731
-0.0240101088583883 -0.00918127741320921 0.200026389083913 0.436245386076138
-0.0161970479454217 -0.00430632953980018 0.283048532992348 0.11018286321438
-0.0135732824407847 0.0029303232855676 0.132563326295805 -0.152774232481313
-0.0156200932585254 0.003832815665778 -0.111154623914614 0.0895855153519518
-0.0303410231039532 0.00101173449781161 -0.199433353456885 -0.117332613438898
-0.0140893684327398 -0.0353207945899993 -0.089660041990134 -0.371443921696348
0.0155110919766998 -0.031462331578391 0.433216571804179 -0.408744025292394
0.0279507088567143 -0.0162255194037577 0.706556077197132 0.182594424685729
0.0113159033339817 0.0334636821906406 0.255272449724407 0.706929240264591
-0.0391378690375805 0.0398848545628967 -0.243621378017888 0.484204499788774
-0.0475079133580442 0.0159843088257724 0.0232552557406552 0.0530867903934853
-0.030949290391103 0.0300659567182742 0.197272591863314 -0.443985756282209
-0.00637538377445645 0.0409223915254316 -0.365175229320834 -0.7437833229083
0.0249902689502358 0.0052376986699138 -0.814094671760175 -0.087937307906581
-0.000547806228083036 -0.00692712590703647 -0.320430293400396 0.581198483284828
-0.0232867348991278 -0.0109937002534451 0.207667078111531 0.439765428950972
-0.0137055777297905 -0.00276667729900155 0.288211689713522 0.111775578371662
-0.0127788663591407 0.00547979614890749 0.136267796567925 -0.153491781172014
-0.0124317100324548 0.00620747745733679 -0.108318172393509 0.0886614560515626
-0.025460389478502 0.00454620459060854 -0.195788070012216 -0.115198939701868
-0.0125060612157104 -0.0332945318263379 -0.0848832883525049 -0.367581274753828
0.0117678840476661 -0.0288533908623084 0.430753856794667 -0.4041042122387
0.026838509715463 -0.012192089020229 0.704184666708707 0.188477512613836
0.0161214867585444 0.0385949584659962 0.255692046157823 0.711107762967318
-0.0343764919031365 0.0463070289128144 -0.249938021089978 0.493515068214515
-0.0440408167955517 0.021663358043989 0.0137316043917407 0.0610695078591046
-0.0255784042396442 0.0348560298956728 0.192703588919257 -0.431376330189528
-0.00132572589251009 0.0452937730995983 -0.362584667227049 -0.73496822917642
0.0238708297964176 0.00997647879312935 -0.815454523649839 -0.0843305927760751
-0.00438365914110658 -0.00376740266204343 -0.320434867199826 0.585805862768292
-0.0210214564194581 -0.00905206257602068 0.209773901402428 0.444622639280056
-0.00809149104500933 0.000372154017045658 0.292216931879909 0.114637921189683
-0.0092911209482445 0.00826864239681591 0.140018287339465 -0.152066017461193
0.0102943290255095 0.00305323146589642 -0.119003138861162 0.0973743736329118
-0.00623443817673682 0.01587737925279 -0.216964843691267 -0.102626812326492
-0.0117401919713835 0.00723975737481551 -0.167286541326578 -0.381014606100508
-0.00551861477616234 -0.000318733961613337 0.309312518179293 -0.488038481389697
-0.0171427241701283 -0.0370431563657719 0.709571103099201 0.0369220530137475
-0.00862458051184068 -0.0269757441631355 0.394682401851156 0.635227686955606
-0.0141633439941086 -0.01592715385474 -0.149253897628178 0.508467422209355
-0.00516391771226087 -0.0314130066526402 0.0449003526777764 0.0730818419839988
-0.00597947606942007 -0.0328324131100344 0.287048853709351 -0.405594707722692
-0.0340464462970046 -0.0231933598215447 -0.200538024191238 -0.815761674941204
-0.0217373294136149 -0.00901443460563266 -0.803249132529916 -0.267899401534915
-0.015514612831005 0.0271593136698151 -0.465955861319435 0.495560759259401
-0.0158777437976711 0.0295655366607749 0.114641647936789 0.452889122203925
0.0123123686320408 0.0113277914415516 0.273960249862084 0.142097469854509
0.0153814754691815 0.0032422511387964 0.141306886369663 -0.140761871091298
0.00473860449703647 0.00155105260651895 -0.120288794729844 0.0966608215992933
-0.0154571139510179 0.0128212745405531 -0.217565248854037 -0.107684895978017
-0.0145869587475916 -0.000211854367591979 -0.157430296423617 -0.385765420480885
-0.000277200263098191 -0.00852002311441777 0.331050415511266 -0.480690825102803
-0.0103251095627703 -0.0387904930921686 0.711555249313757 0.0591403246271874
-0.00867011510314251 -0.0213863680050327 0.372499737940263 0.644449608201643
-0.0218072172339136 -0.011797180308868 -0.162553414118024 0.498899244890429
-0.0136422545990792 -0.028735141957777 0.0498911347733331 0.0645676706101869
-0.0151631517804597 -0.0283334488313355 0.278265281876506 -0.421643274048654
-0.0352963566367691 -0.0158280960527074 -0.225241537332998 -0.817056618393377
-0.0115949911939717 -0.00875165089749988 -0.806791350364485 -0.242947423609327
-0.00734122623760848 0.0194419229720514 -0.444624078635166 0.505925212258609
-0.0176322897178915 0.0218862073782157 0.129354126734457 0.448151819583602
0.00356851234240366 0.00592586832371063 0.273428913091094 0.134975192395658
0.00842381582528243 0.000549077628439265 0.13817286813734 -0.143627930153802
-0.00270185181677225 0.000295082449859354 -0.121589272602193 0.0946022478200171
-0.0236180041404138 0.00809218064585542 -0.215870440691667 -0.113598198466789
-0.0173766883399065 -0.00960430895861465 -0.1432812497544 -0.38842230620197
0.00529941087139847 -0.0172746287703197 0.359718221896489 -0.468356832133617
-0.000809917547254448 -0.0377450648694591 0.71313028587474 0.0857319687542549
-0.00711057463440213 -0.0121959294773738 0.342714323758466 0.657416457352094
-0.0288973422171734 -0.0029218320185948 -0.178888616489108 0.489085821067685
-0.0241253731617115 -0.0222938782616575 0.0509693273665906 0.0556249704218849
-0.0231660312959621 -0.0187555829555553 0.264230793268205 -0.435040429426149
-0.0329225584788134 -0.00553559181739343 -0.261729497249694 -0.807606261662881
-0.00175246475325026 -0.006687698272585 -0.812795862021608 -0.211494586956788
-0.00089695295822409 0.0116214343323088 -0.413445487523535 0.523160096961394
-0.0196740474454719 0.012452518892745 0.146885775059505 0.443242341706709
-0.00423014421618076 0.000353535105786928 0.275393362013038 0.12726089919514
0.000189511272759398 -0.000954845425617096 0.13592602704242 -0.145991015455196
-0.00859453317794204 -0.000120725885425114 -0.121905860508459 0.091998627101463
-0.0295669665640378 0.00349095174263055 -0.21377879634677 -0.117623405247043
-0.0186472273890123 -0.0192168176806037 -0.12529156785823 -0.387152413091804
0.0102489291661288 -0.0245466471563021 0.386331945431163 -0.450510479850642
0.00899728500232259 -0.0348387719302531 0.715471897477779 0.116600619248396
-0.00361119824946095 -0.000597669893279865 0.311852422321606 0.672524861987798
-0.0349452386636649 0.00743239708870692 -0.197882540261274 0.483310836714593
-0.0340283743834463 -0.0130680520005679 0.048539139803545 0.0496424949127487
-0.0298224829559283 -0.00691842642274827 0.248299800186988 -0.444723916031924
-0.0293509056465955 0.00828641766626086 -0.296060661395603 -0.796592965858813
0.00835070205282883 -0.00475104906187036 -0.814289768133589 -0.171987775665641
0.00208541851240134 0.00333214410652085 -0.384528732971943 0.540885872937955
-0.0205958120473366 0.00336942691417097 0.165203922761661 0.442238263181601
-0.0107608778608027 -0.00305650174319933 0.278515831312964 0.121218742131023
-0.00617629676416511 -0.000398473534377319 0.134499352332354 -0.148978111356443
-0.0130148484820113 0.000624895037390392 -0.120267107621671 0.0905995929212208
-0.0329825959936241 0.000501056397428336 -0.208700408361684 -0.120626033291305
-0.0178910963681852 -0.0274481165323801 -0.107559933721148 -0.384916330173668
0.0152738724139438 -0.0288937373327781 0.413442785402212 -0.435266767600955
0.0181193513760229 -0.0283954289278664 0.712511669434158 0.148771037260236
0.000455833075294297 0.0124928328563941 0.284291571236539 0.686975727798935
-0.0382780634723994 0.0186876837742133 -0.218483354184045 0.478107533604166
-0.042155817733329 -0.00265054820334067 0.0420495296416112 0.0469634656845636
-0.0342120090509088 0.00691784567584507 0.229866023185156 -0.449823357523515
-0.0220941614242189 0.0213259309398169 -0.32771158112055 -0.78079782069186
0.0170889408798104 -0.00162312530368591 -0.8155897508899 -0.138086126147637
0.00370462952210609 -0.00346850865625489 -0.35606978604385 0.560196364644513
-0.0234810944267386 -0.00458461165389512 0.182725437464373 0.441629193919635
-0.0153131369724762 -0.00538994885199836 0.280813426041809 0.116619375612654
-0.0116288761566347 0.000807744886242198 0.134075458439551 -0.151469678381138
-0.0160481470220161 0.0014142969193263 -0.11712901699433 0.0891878961664718
-0.0331540161852144 -0.000110795180635365 -0.204454239264749 -0.121701137998808
-0.016359922404203 -0.0332050596495507 -0.0940957325230081 -0.381851800239892
0.0176651595072858 -0.0319583761695483 0.432717505713253 -0.416865467404045
0.0246957608209261 -0.0219316750767899 0.711451064952179 0.175937329184807
0.00541131616932425 0.0246174102267565 0.260404274952658 0.702551444262987
-0.0396858834883975 0.0301377979944364 -0.237057406881703 0.479266933266664
-0.0463456199766699 0.00710993866857009 0.034081499702721 0.0474280463138574
-0.0339389069716574 0.018928649777985 0.211415707531396 -0.451284045916046
-0.0144973464507383 0.0324253052666823 -0.355647245285124 -0.763434690011858
0.0220362187493681 0.00148327275681587 -0.817453332150816 -0.105777783640203
0.00190737415854962 -0.00701361500689564 -0.332565531101412 0.572780616322007
-0.0236761803529485 -0.00952448482310541 0.199124917355109 0.439831130495007
-0.0168642085881626 -0.0047344809199353 0.28488864804947 0.113535765307232
-0.0139146828141731 0.00322521577744042 0.13585631270112 -0.152768984066663
-0.0153693771810234 0.00311107665613218 -0.113940447109578 0.088889781747846
-0.0304432333783755 0.00144989881505195 -0.200044585576705 -0.1198833164949
-0.0145350389998822 -0.0356532866061541 -0.0857475819007053 -0.375800065909059
0.0162864101911519 -0.0317535381002231 0.439706148432001 -0.407526097984456
0.0279614569301617 -0.0163849371073713 0.708183197093333 0.190577733033712
0.0107544191250297 0.0336288636482209 0.249486450779885 0.712176447441906
-0.0390193932929487 0.0405030953688993 -0.248686740070714 0.483542348111004
-0.0476704701781369 0.015971413869747 0.0230178613248627 0.0536378905041362
-0.0314555851253507 0.0295203229543979 0.202237042261643 -0.443308835707395
-0.00707290819749586 0.0407600165774062 -0.360609807759921 -0.750014560492687
0.0251088448670191 0.0056710641327866 -0.819785737418532 -0.0936442633977116
-0.00100745622658319 -0.00719248154198375 -0.326536811433955 0.580705960300288
-0.0235550322662012 -0.0110724543410096 0.204917317640024 0.444488018862661
-0.0139655800241598 -0.00293648874329262 0.290051394701327 0.114426477037983
-0.0135395838711852 0.00638717909921308 0.13908470608425 -0.15330857058906
-0.0132155697064948 0.00600599783493195 -0.110063196380581 0.0886597473162776
-0.0253720536788042 0.00408362954777018 -0.196404119133886 -0.117741682066163
-0.0128876729867662 -0.0344509489844107 -0.0824803622885033 -0.370356200664353
0.0121244201814595 -0.0294912558193803 0.436990491133754 -0.404050136804726
0.0263285865851493 -0.0121983026259512 0.707608254915317 0.194648251729183
0.0156085199042509 0.0385009919771591 0.25111356549533 0.717747688885587
-0.0343366907423544 0.0454205180895117 -0.252398189014612 0.492906196400058
-0.0443195849367475 0.020946965078498 0.0137625865655244 0.0608465796189992
-0.0260436459214523 0.0350575567094166 0.197060952348238 -0.432108772192811
-0.000757745485408695 0.045305089517582 -0.358127381390991 -0.742295463362753
0.0238088117482038 0.0101487202334329 -0.820356262125074 -0.091342456752079
-0.00448573737610587 -0.00376506181976186 -0.328262804053942 0.586277615232478
-0.0215143758200288 -0.0096828347902769 0.20739293645139 0.449024736041189
-0.00847760166566166 -0.000601911033625356 0.292749148757717 0.118346156953101
-0.00889766514879642 0.00795852583465208 0.143332491938288 -0.151436649670068
0.010064979786478 0.00239240347297875 -0.122142091700022 0.0973919591827317
-0.00659444655745048 0.0167347686156153 -0.218699274626888 -0.104623621790412
-0.0118621104268725 0.00690648353885479 -0.165039110620651 -0.385441420154954
-0.00482334921215509 -0.00068273731439813 0.31589990228062 -0.489060698848518
-0.0175939303568885 -0.0375580558514186 0.714635578151468 0.044086166023683
-0.00831447111455394 -0.0274085786644708 0.393517082645009 0.64218432287018
-0.0138407250347059 -0.0168177337374646 -0.15494116855716 0.511742661954416
-0.00454748699100006 -0.0318899145192985 0.0448638347536746 0.0743818405506737
-0.00531495465920635 -0.0335583023559058 0.291565369695785 -0.404497582817905
-0.0344429896505431 -0.0236542559315284 -0.196002067973027 -0.824641657276125
-0.0219607207305062 -0.00905119227133569 -0.809338949733847 -0.276832437153115
-0.0158823156818626 0.0271691792755042 -0.47336608153501 0.493446174716484
-0.0155260589692125 0.030828312071715 0.113876518797911 0.457310003906721
0.0119528676465256 0.0117304396549745 0.276958495324958 0.145475283718773
0.0157616166091276 0.00317444016342799 0.145106716101927 -0.140491400818623
0.00459794865409856 0.000841266456401264 -0.123331631578446 0.0968494575746661
-0.0147463259929504 0.0127449496815812 -0.218968772762778 -0.109520060768665
-0.0152197871435306 -0.000586662972980719 -0.15440833222485 -0.389024027460102
-5.23230494738078E-05 -0.00896835384042343 0.337993346484671 -0.483253251439918
-0.0109037810803199 -0.0394245388880296 0.718737784922723 0.0661338735320856
-0.00928547435179702 -0.0217617618473935 0.368839347984665 0.652065663736226
-0.0218716364658786 -0.0114397410425857 -0.167152858211316 0.50161382633924
-0.0131390106642612 -0.0293999286640968 0.0499557932951334 0.0655532389754116
-0.0148402741739187 -0.0282117874667871 0.285945427169589 -0.420529849234767
-0.0356502315038709 -0.0157585451466484 -0.221014418894088 -0.824760946271619
-0.0119698750698067 -0.0081035412823542 -0.811842308535917 -0.250387409900168
-0.00794341191707357 0.0194206502692426 -0.450372969647352 0.505508137938517
-0.0176412949350051 0.0222203989383901 0.126860181825081 0.453035468334904
0.00308982844602428 0.0055170506045883 0.275829880874248 0.138181210658557
0.00881414340120969 0.00070222530824689 0.140650236978296 -0.144247801882602
-0.00306985966852406 -0.000142117258207454 -0.12440413727511 0.0941677188982664
-0.023409746138501 0.00760954156266673 -0.216978638757729 -0.115572447610261
-0.0177627391081151 -0.00990957490582475 -0.139998733257852 -0.391536091471752
0.00588851918257386 -0.0172045119426743 0.367079817730832 -0.469045267741171
-0.00102762617942401 -0.0385092445980143 0.718237930014892 0.0917691148617314
-0.00737806263616464 -0.0127064470795226 0.340363996659517 0.663055573784318
-0.0292069959446663 -0.00347819462591573 -0.184463996376148 0.49100922808633
-0.0242230757226813 -0.0229552602731114 0.051065976328166 0.056103436278739
-0.0229554814359583 -0.0190848794415145 0.27047979903799 -0.435869246520815
-0.0332162857764195 -0.00471367326375808 -0.258143584175726 -0.818033764686712
-0.00167261567663709 -0.00722824296058627 -0.818269017150707 -0.218843189993306
-0.000691068679023139 0.0115585565717141 -0.419232452443546 0.525214320523434
-0.0191375656936687 0.0124980521265681 0.144192594009719 0.448396370482719
-0.00451511769684327 0.000294076236653963 0.277187971262988 0.13032024957189
0.000746643482973848 -0.000956828561462647 0.139192209594007 -0.147023342094887
-0.00866146455281967 -0.000926000837438041 -0.124585825774832 0.0926667985091232
-0.0294646988567994 0.00341556719009598 -0.215130968135289 -0.119169293595667
-0.0189915865961497 -0.0195875333380715 -0.123104195506288 -0.392914520336534
0.0111687976385124 -0.0245497935282997 0.394122276577487 -0.453278317932301
0.00875238145769359 -0.0351179287683094 0.719195833295259 0.123364830679438
-0.0046624956215048 -0.00072396300956824 0.309144089325422 0.679283988832967
-0.0345265973297696 0.00763127789340626 -0.202256453684001 0.484133677448768
-0.0341226862953136 -0.0131146584678474 0.049004057485071 0.0508681708286919
-0.0304058888812636 -0.00700747015093379 0.254339907874227 -0.446429616562296
-0.0294292947143683 0.00774489687687461 -0.292850045101873 -0.805495117596905
0.00843327184994223 -0.00473252794112084 -0.821364168242509 -0.180504030762389
0.0035259713971622 0.00381645290332779 -0.39099864930662 0.543519245404268
-0.0216569121782419 0.004007158958498 0.16409318405796 0.447087616384438
-0.0108584111472176 -0.00387771833594589 0.280361646161287 0.123862182382223
-0.00686335092550672 -0.000490043575328206 0.137232442503472 -0.149758888477198
-0.013689797238503 -0.00048099697097719 -0.12258964350376 0.0895418456034234
-0.033049967606655 0.000652346597202681 -0.211087529669288 -0.122815392776389
-0.0176754116188125 -0.0279907365370938 -0.105997338291474 -0.389398094788887
0.0159876856532418 -0.0298565835388295 0.419445663829447 -0.435751478123972
0.018153011080209 -0.0289469651910849 0.716631626095379 0.155953158740888
0.000219732019462261 0.0127668296215859 0.279902365329148 0.69534214433324
-0.0386153647676823 0.0190533104829263 -0.222336750319379 0.480634045301823
-0.0417289859636581 -0.00273584984883281 0.0422221218722534 0.0479774113684389
-0.0346200383710421 0.006565003993066 0.235190374971715 -0.451399979444429
-0.0224148381363497 0.0213117133180017 -0.324930564799053 -0.789706244386245
0.0167229012895115 -0.00224600096964664 -0.823254951583716 -0.144405231985321
0.00404545711451847 -0.00381996735011767 -0.360407843326154 0.56003548072253
-0.0231444545443427 -0.00392749536090472 0.182190369602081 0.44630553449846
-0.0155556786227886 -0.00559250942047237 0.283047028627918 0.119170060846055
-0.0123308106828194 0.000956176503917821 0.137176557229579 -0.151744689421918
-0.0156269471715961 0.0012812802371969 -0.119716434793983 0.0890336652347501
-0.0331314201273853 -0.000564657345094761 -0.204752105662142 -0.124470071237099
-0.0164554776444085 -0.0338257669322946 -0.0894978857959871 -0.385796717424049
0.0188587192311379 -0.0325611704858478 0.440646249690309 -0.418987712844559
0.0249661521348701 -0.0218234629225669 0.714363085935141 0.183821107616253
0.0046777695751242 0.0249081440711028 0.256338892452129 0.70977738331795
-0.0405572574606775 0.0306059347279749 -0.242000403777013 0.48063443212718
-0.0465904726056179 0.00722743588624565 0.0337151141880432 0.048499358960938
-0.0345676444313612 0.019160745598268 0.218238378078219 -0.452098307049796
-0.0148703659695578 0.0333409640111105 -0.351466225603947 -0.770843478418829
0.022134154608966 0.00131930588871162 -0.82541124094054 -0.111097914248648
0.00254901240725971 -0.00711820675102957 -0.338182014330919 0.574564479494319
-0.0244429243052915 -0.00951395849222179 0.197659792519351 0.444733630003552
-0.0167646873556219 -0.00562046108899671 0.288398355629757 0.116516050155346
-0.0146191784748312 0.00268949658383412 0.139025372734846 -0.153101886879759
-0.0158565340380748 0.0030420944792536 -0.116346328517759 0.0883279504920069
-0.0306356274294808 0.000549078466298267 -0.201147050982082 -0.121972711092871
-0.0144101724522303 -0.0361329840190485 -0.0824554336577044 -0.379883553938101
0.0176531645407506 -0.0321717887186224 0.446417402821649 -0.409037940338463
0.0280284997695061 -0.0159351558735331 0.711509589842948 0.198775303243537
0.010835278533514 0.0344837294590686 0.246250480521997 0.721460069223215
-0.0394048055993099 0.0398784252293591 -0.252869034533128 0.485669577672116
-0.0479440647165246 0.0157470808051743 0.0233189010164 0.0544283409777078
-0.0318000519850503 0.0293682833569836 0.2071328828003 -0.444009224978748
-0.00717434069706227 0.0418256442565387 -0.358203529364246 -0.759874769487644
0.0249192804833871 0.00564796469402686 -0.826665463307647 -0.100100834359499
-0.000444148443047878 -0.0067968431807568 -0.331929298552626 0.58261846559984
-0.0236249457218023 -0.0109418851869343 0.203773457621749 0.450070938728945
-0.0148485683813664 -0.00333543422054169 0.293347069770018 0.117721543644121
-0.0132830442119059 0.00580895046639621 0.141909138929027 -0.154172322059043
-0.0131110837204187 0.00592230383169825 -0.112426525886117 0.0879015190734299
-0.0252794620515647 0.00358436385825892 -0.198098272097951 -0.11989384525831
-0.0118251667613304 -0.0347106049244322 -0.0787640177819889 -0.375299927111448
0.012951022283116 -0.0297698264737406 0.444342356153977 -0.405820292128525
0.0263318171558271 -0.0118048005834465 0.713200545042935 0.202141164312383
0.0148587120369487 0.0386331246234392 0.246678286259367 0.724644719796157
-0.0343560918811076 0.0456496135596272 -0.259239382452289 0.494048760281567
-0.0449195553142618 0.0217035393841701 0.0129482832153967 0.0622323159587469
-0.0258468859160832 0.0351880853420723 0.201343865799603 -0.432275115446296
-0.00171645924523268 0.0460407208149825 -0.35585062465476 -0.750830756336317
0.0241213416748231 0.0104531454949178 -0.82650713509128 -0.0976569005949064
-0.0045620323204487 -0.00285368797995682 -0.335341070061722 0.587485094294204
-0.0211848040397404 -0.00964150374029099 0.206668772385273 0.453336463306326
-0.00896527447768824 1.68733195459961E-05 0.296542794249625 0.121572350474446
-0.00949645468797558 0.00822379454282165 0.145715245568305 -0.152034189254653
0.00993946959510949 0.00226919617662104 -0.125108925770367 0.0976738113071389
-0.00628372658048284 0.0163290815305263 -0.221261558902882 -0.105798414195975
-0.0123198428691941 0.00677036590343763 -0.164211978398199 -0.390498626923696
-0.00460359436427873 -0.00130148712347642 0.321341244504958 -0.493607967275708
-0.0184421987749548 -0.0376485291704711 0.722368201617303 0.046945102664588
-0.00961421805661127 -0.027376267112661 0.392847936960142 0.649966945447165
-0.0133244739708491 -0.0165067504241054 -0.158344473630143 0.514522603067686
-0.00415538227573483 -0.0323744416656083 0.0448304985825294 0.0761934687874341
-0.00493529798246741 -0.0337910812618546 0.296138930137482 -0.406236406814804
-0.0348854257158597 -0.0230913953699686 -0.192689576092134 -0.8328765628362
-0.0222985588693934 -0.00970450192488154 -0.814235722790991 -0.284553553454828
-0.0161728947867921 0.0279350236698328 -0.479853012636324 0.498955214596778
-0.0162451001958715 0.030294319968099 0.112123751034685 0.463155824046374
0.0121318214980164 0.0116115005247441 0.278999125150643 0.148485323800072
0.0153596676395454 0.00305667091862684 0.148090581127593 -0.141430673605579
0.00402552285815474 2.51265734978389E-05 -0.126865805649628 0.0960838417025763
-0.0154060906489017 0.0124219772308738 -0.221749391861365 -0.111789671214977
-0.0155943589052307 -0.0011014977206356 -0.152871458169461 -0.394687568387977
0.000559827070415129 -0.0092648668877066 0.345658204778687 -0.485194136872625
-0.0108918680995741 -0.0396559276919594 0.725112095365221 0.0719012960109947
-0.0100313794766271 -0.0216981135555523 0.368650201086799 0.66059190989618
-0.0209009245327189 -0.0120075497498304 -0.170724079795318 0.506598975838031
-0.0137120298158835 -0.0286928982540974 0.0502967898902887 0.0655666948169444
-0.0150254455521943 -0.0288779250601712 0.29025891027085 -0.421912811093336
-0.0359039218194966 -0.0159978161602332 -0.220503013503095 -0.833106659535717
-0.012847549193014 -0.00934671284343423 -0.82132035634272 -0.257545846771229
-0.00737979745850004 0.0200241879150853 -0.460197938736559 0.510107575636326
-0.0173241747221813 0.0223425499121212 0.124941605744425 0.457166160374823
0.00353968292556115 0.0051970568320581 0.278395968108541 0.140890489916894
0.00830573436447239 0.000362990687836654 0.14407126580673 -0.145010796291033
-0.00237196470148095 -0.000775102059423367 -0.127941091816902 0.0942849898784762
-0.0233268131164153 0.00767736153010779 -0.220019113541526 -0.117233011645392
-0.0180916055006236 -0.0100289218933001 -0.138927133624588 -0.396520983473365
0.00682096437601709 -0.0180424917200734 0.373190743514036 -0.474124519858592
-0.00144727506185521 -0.0391218079840305 0.725764755932407 0.0984003085142636
-0.00794686299111996 -0.0126486075118029 0.340952961155968 0.672866620819086
-0.0286461645335973 -0.00356685767070527 -0.187596733439278 0.494871482015388
-0.0243692581648394 -0.0222662822798043 0.0512008434556975 0.0571602700661838
-0.0231237336060151 -0.0199989545372139 0.276238638285233 -0.437231600052412
-0.0337406399752209 -0.00497461043140071 -0.25523412755213 -0.826776664921553
-0.00236971734014071 -0.00667568387054333 -0.825937530986745 -0.223921413105038
-0.00097961740246056 0.0115076100924035 -0.426670025181911 0.529013208772942
-0.0193583192193021 0.0130597034530725 0.144716313472367 0.453747168814273
-0.00445242998825553 -0.000386041376316856 0.280319755364189 0.133082816391407
0.000569341675100102 -0.000178395955796355 0.14187355439733 -0.147709736088878
-0.00865232137754364 -0.000825204125507311 -0.127644066274144 0.0925694039616524
-0.0299782992778196 0.0033114734092453 -0.216499419937848 -0.121443341508872
-0.0184378226948936 -0.020142553185826 -0.12189917013348 -0.397458339999393
0.0124600556199742 -0.025261616001699 0.402052506864356 -0.456442095456923
0.00890487903243587 -0.0350018094021271 0.726892954104171 0.129819889813245
-0.00460984778296595 -0.000448227365377592 0.307309143588916 0.688415179466093
-0.0347003265290642 0.0071299925202937 -0.208023777390528 0.487935164886822
-0.03446549115521 -0.0132958298845976 0.049055515730033 0.0523993038014911
-0.0306707751448349 -0.00653678287991361 0.259419379034724 -0.447605780017294
-0.0293214996745965 0.00850583950899505 -0.291838022755817 -0.814675140149038
0.0082589478864504 -0.00452192286699815 -0.830134882422797 -0.186069643632356
0.00353837123964604 0.00306420453894993 -0.398082033322127 0.545819585208954
-0.021752975696985 0.00385048863568307 0.163305587007037 0.453017130810098
-0.0109677247812908 -0.00390320507520024 0.283210122770886 0.126204906346903
-0.00695947730878594 -0.000304446447720869 0.140047985024117 -0.150814386129847
-0.014173875610487 -0.000673325799201248 -0.125504681818607 0.0903417324828378
-0.0329164605980077 0.00029699309749658 -0.212122792542459 -0.124933862082162
-0.0182976382977983 -0.0284616421313002 -0.103091771835138 -0.394964825771701
0.0166311439335234 -0.030927039687789 0.427185497663148 -0.438010916657278
0.0179233151893243 -0.0288987525219845 0.724757093175704 0.161645771630794
-0.0001403326105418 0.0127556648255733 0.278234985417631 0.702785591179741
-0.0387352554323215 0.0189536187915757 -0.229229096901923 0.483325269051647
-0.0421334174085227 -0.00276628176303594 0.0419853781302569 0.0495085652928846
-0.0344263635237518 0.00625518730558417 0.241160884883099 -0.453089965608099
-0.0227496747365393 0.0226058456796759 -0.324793568941497 -0.799102672494935
0.0168446790650085 -0.00141586879220253 -0.830116975569879 -0.149140316579939
0.00437232599775566 -0.00411235322848797 -0.368611939626067 0.564053012225618
-0.0231067579196207 -0.00401679508686036 0.181426568948991 0.451314416669962
-0.0158499811259545 -0.00633480053212085 0.28620504109417 0.121759961545911
-0.012287980385899 0.000594087063898926 0.14011808681181 -0.152908945883846
-0.0157534195782335 0.000364452724544892 -0.123110837962242 0.0889723542603667
-0.0331794089714281 -0.000897141668383382 -0.207760544348269 -0.126067375337989
-0.0171689637858064 -0.0345397931937329 -0.0885236044810182 -0.390578792681518
0.0191628307224236 -0.0327573740209832 0.448166709131521 -0.420068104678048
0.0245660128128268 -0.0214494593935936 0.720376458959019 0.191678532014837
0.00457136335353569 0.0254235442265171 0.256634545273027 0.717834420198293
-0.0400667712849373 0.0301095296548059 -0.245492524826089 0.482566367046199
-0.0469211717293457 0.0068982027565974 0.0343251033218431 0.0489762247155371
-0.0355819687349739 0.0196701053380536 0.222197989564075 -0.454501042083414
-0.0151025624681923 0.0335582536931305 -0.351453382417264 -0.780851337110878
0.0219434285364024 0.0018890797182923 -0.832602576732457 -0.117411717611628
0.00268153730287417 -0.00771772079236001 -0.342972865141107 0.580256677291857
-0.0246881867849795 -0.00985666927837072 0.197706006956277 0.451261482299463
-0.0169548436675267 -0.00594503581201389 0.290590430419786 0.119229651729018
-0.0143750122254337 0.00291974651963044 0.141633179803747 -0.154044103499909
-0.0164531739172866 0.00293739766458687 -0.119710524758034 0.0884606687707896
-0.0302680216252892 0.000384925941710693 -0.203206393416893 -0.123809253790747
-0.014440926048517 -0.0366116159349476 -0.0814247853355687 -0.385114382150178
0.0177726259067871 -0.0323333865433361 0.454016359819186 -0.410594217952016
0.0280684326706002 -0.0157731956148982 0.719049825547047 0.204027451737814
0.00960831607107147 0.0343233632785576 0.245194953821319 0.728822700498277
-0.0401753074752006 0.0403389513737743 -0.260116944015174 0.489261535681058
-0.0482708479015227 0.015547383146296 0.0228450996781653 0.0548647625861485
-0.0319352835412302 0.028763748674604 0.212369978179437 -0.446884812278577
-0.00704460110203379 0.0425326946307638 -0.360114763662148 -0.768620268341885
0.025217971871138 0.00668125419907624 -0.835461466434721 -0.104128884124374
-0.000629294981485409 -0.00711255380222267 -0.337217742520594 0.58742591865966
-0.0239175632753108 -0.011356936253243 0.205438325928573 0.455464905879609
-0.0148500593787437 -0.00377036986135362 0.296838100852568 0.120644654742293
-0.0134866279044744 0.00556608860022451 0.144613028801253 -0.154298747657332
-0.0138821633922464 0.00452340618671561 -0.115653247818572 0.0884014627646978
-0.0251688574850855 0.00368269109725906 -0.198764684408087 -0.121709537815381
-0.0126104103590756 -0.0354613937758706 -0.0762576763728202 -0.38051633731081
0.013700376384789 -0.030328033545514 0.45136211437912 -0.407840271184664
0.0271544978096009 -0.0111189862263971 0.717599056017171 0.208923375240471
0.0141215795561248 0.0397180778702329 0.245030688281322 0.733557030864831
-0.0347121265171525 0.0466584555366665 -0.263548822606807 0.498214007819366
-0.0450324289252846 0.0205825867835957 0.0134666189029249 0.0625582912103311
-0.0263175410754173 0.0354828345281783 0.206984520204783 -0.433258288127048
-0.00197159255563776 0.0469591610494261 -0.355764838001262 -0.759798522695926
0.0242167703328551 0.0103584198295984 -0.835981416712156 -0.104289398340146
-0.00424864518409193 -0.0035348974075482 -0.33985376774487 0.59199157903239
-0.0215162051470389 -0.00969064866278532 0.205045481892768 0.459632888902074
-0.00911749251136131 -0.000987726442841824 0.300008242068768 0.124171365637355
-0.00980370676161749 0.00890692807042979 0.148544722394407 -0.153559360571039
0.0106409771879533 0.00212128960444729 -0.127609735372198 0.0976619660785121
-0.00589049728975594 0.0166839383091151 -0.223777401924543 -0.107808531804809
-0.0121634360348819 0.00614519394632613 -0.162813327479987 -0.397317117618208
-0.00422240022695311 -0.00133018219433299 0.328920868367365 -0.499996096691858
-0.0187194677494418 -0.0384626734502099 0.73055566520524 0.0518940967995638
-0.0100611157666412 -0.028057928789045 0.395078240543552 0.660091051507677
-0.0128589930772159 -0.0163533110735353 -0.162369779412267 0.51964743553462
-0.0037911973971535 -0.0323444555422201 0.0455140150583459 0.0767737789218215
-0.00489651801476694 -0.0337150899867387 0.304078263591708 -0.408857817490213
-0.0350344150023256 -0.0233314153175243 -0.192267392506281 -0.842601675545702
-0.0230002989199849 -0.00984370554932301 -0.825296445678401 -0.289059269564316
-0.0155706827230932 0.0274539220822014 -0.488621630542367 0.501018895178374
-0.0162740728958714 0.03112809227779 0.110648900635772 0.468532977799577
0.0118340228244039 0.0113028665792814 0.282170046892968 0.151141987800029
0.0163881827597398 0.00349744806481151 0.151202448242477 -0.143309913679333
0.00406599807877137 -0.00013724491439151 -0.129432557748715 0.0974149127020276
-0.015398050112396 0.0129064653044801 -0.223598988830804 -0.114930673714089
-0.0164357331841459 -0.000739954046561321 -0.154078841335009 -0.402638592542399
0.00117880384521571 -0.0100497974177586 0.352571080709832 -0.491721757162452
-0.0109816131630584 -0.0402924286906342 0.734358302697083 0.0753604240116393
-0.00983867539485176 -0.0223644279218096 0.370931914580024 0.670182858666215
-0.0212974780834456 -0.0127504976893824 -0.176360274108879 0.509750903991794
-0.0136700694880641 -0.0292698633753585 0.0508346206709236 0.0668970056487399
-0.0145901587466425 -0.0292787784031055 0.295199880038105 -0.425101906568368
-0.036420003548731 -0.0159427235137507 -0.219258365415592 -0.843874398925694
-0.0128925249480578 -0.0091229755573402 -0.83227419080484 -0.264709493933501
-0.00733124323347713 0.0204351597854168 -0.466848572230257 0.514131874911133
-0.0180597676396351 0.0225103481102688 0.125273271793664 0.464717604488265
0.00340721975306763 0.00522675185821923 0.283071368997825 0.143454757349127
0.00857458691093607 0.000315035780652814 0.147414222114651 -0.146026051697768
-0.00265412566947442 -0.00152864307091313 -0.131607088867236 0.09535543814744
-0.0235374396457676 0.00771079454808448 -0.222352351550618 -0.119182834427942
-0.0178875496875385 -0.0102798264676872 -0.138426319129102 -0.403948519972785
0.00742874646321663 -0.0186841194592311 0.380043473135991 -0.47907960484319
-0.00143028662945268 -0.0386519386906803 0.7345185919007 0.102345985111187
-0.00817388681694659 -0.0128860035824362 0.340376221555278 0.682278678550048
-0.0288239097970317 -0.00370382092229788 -0.191297285002672 0.49933364763189
-0.0240844111125772 -0.0230035105197972 0.0515906010936322 0.0581489370386091
-0.023379040373781 -0.019966613351043 0.28141729899284 -0.438906091104288
-0.0343030533345486 -0.00502270246550606 -0.255798941964648 -0.836771431755211
-0.00184239763848144 -0.00726363399066941 -0.835880232517278 -0.231765410324894
-0.000845684617274925 0.0120212720875301 -0.434063302476885 0.532575501588177
-0.0198576571181894 0.0130010306531249 0.143111406707475 0.461020068596176
-0.00472133569563701 -0.000460322461370677 0.284359669319264 0.135757613477795
-0.000304868014258962 -0.000483618440429932 0.14441588029342 -0.149668126087019
-0.00894912528663296 -0.00132205265741552 -0.130129354215255 0.0929700016515869
-0.0294447066864071 0.00356775755788423 -0.219444475275659 -0.124110473228302
-0.0195115510311711 -0.0197465089161839 -0.120972590361482 -0.403183570802181
0.013533877460348 -0.0263183322131874 0.409028156670335 -0.462107043877669
0.00863810950418617 -0.0349001785933856 0.734129498306423 0.134952065270579
-0.00471009334497684 -7.0303104393642E-05 0.309698522929999 0.698198501447188
-0.0344634403869809 0.00693120877298515 -0.210636806194669 0.491413013727855
-0.03449175705755 -0.0137750274810416 0.0491979127394561 0.0522710049996796
-0.0313716973012479 -0.00806644184812755 0.265264689840538 -0.450888059124885
-0.0301388291049231 0.00843972181453636 -0.292397567294919 -0.826285983464087
0.00814223903835908 -0.00419023494905136 -0.838124412937151 -0.192820362566173
0.00324254575826741 0.0033276976437844 -0.4050769972165 0.551484478203068
-0.0217928677679411 0.00320718631785536 0.163232426532949 0.457630084172143
-0.0110007856483558 -0.00423674068214878 0.286592190398821 0.128737635848293
-0.00648494839175338 -0.000767382529579804 0.14321171512033 -0.152209901736615
-0.0139034575643804 -0.00134706222907143 -0.128924261945595 0.0899819636643837
-0.0333147102374732 0.000478719419898336 -0.214268646633585 -0.127327509661434
-0.0181831240741477 -0.0291281986615985 -0.102338307104833 -0.400031113595448
0.0177466253561025 -0.0311681245505703 0.435430017129835 -0.444358130550826
0.0184752431596657 -0.0289972581291039 0.733026638938262 0.167238840230481
-0.000565058161497847 0.0126052462825094 0.279635588560489 0.713918785772885
-0.0393289466578781 0.0195330390721206 -0.233254328249604 0.487290893860406
-0.0424694813619744 -0.0029194309810407 0.042589775405411 0.0492970032191055
-0.0350843004696634 0.007007499234912 0.245366615377108 -0.456981814012003
-0.0234544429564081 0.0227732971855955 -0.327451506814073 -0.809035682974055
0.0167140091455196 -0.0020417787845807 -0.84088968700222 -0.155899994997395
0.00389816109339594 -0.0032598809941433 -0.373703734924164 0.571389250088974
-0.0240812082662251 -0.00437409123049484 0.181146517240053 0.457836080571654
-0.0164013656191444 -0.00700681396347349 0.290682345123344 0.124200907706161
-0.0124881208038008 0.000800015870602096 0.14343231455311 -0.154593018629321
-0.0165200205928246 0.000248086736992205 -0.126502010947903 0.0893871528531115
-0.0335290519602683 -0.00104734466807086 -0.210274700702949 -0.128063473840955
-0.0163447007790777 -0.0348957698881442 -0.0860922178540987 -0.397440440630108
0.0200945865654461 -0.0338749349336022 0.455797724052735 -0.424463869725162
0.0250810764484608 -0.0219748498861963 0.730572363803109 0.197225061131925
0.00350774746311507 0.0252577298471674 0.254272474065923 0.728257241396186
-0.0410354334836739 0.030286734991816 -0.251820384232089 0.486434743184147
-0.0471007253558644 0.0068530443558412 0.034466967056288 0.0506607165559456
-0.0352661447797872 0.0194354787649629 0.227715381899413 -0.4582811206563
-0.0156282348555757 0.0340027933665155 -0.352583215293101 -0.792404867357878
0.0223287189559567 0.00214256589820093 -0.843630925124495 -0.122636437734568
0.00296603246981072 -0.00711162623632311 -0.351060058706474 0.586111743408065
-0.0247237015325251 -0.00931761191439083 0.198876778379121 0.457395101433542
-0.0176530558476378 -0.00585416399025647 0.295287651295697 0.122082974536386
-0.0143196920297605 0.00322743584103857 0.144415856261563 -0.156108392850682
-0.0173020005733214 0.00190162654455934 -0.121817121055745 0.0892602566500604
-0.0307515047846889 -0.000186618499332587 -0.205528452451217 -0.125653436634763
-0.0141846148436617 -0.0372711082886525 -0.0792943095442954 -0.390834179418735
0.0194289320131521 -0.0331254192106722 0.463580362379783 -0.416992432537691
0.0284038586958371 -0.0155926372323151 0.727583279117222 0.209781520255051
0.00916096133953288 0.03514855045898 0.244341469763078 0.738442477874175
-0.0401324175177986 0.0404814188935518 -0.263537251198472 0.492548152745591
-0.0484621661680022 0.0153070408873796 0.0237190027238805 0.0561507650692595
-0.0326983790491249 0.029648602578597 0.217953746955306 -0.449217481717917
-0.0079382895382886 0.0432327046520899 -0.360188618554748 -0.7793750865538
0.0258243150820841 0.00646488815463112 -0.844746497092812 -0.111332633117626
-0.00033569284391944 -0.00730593737999635 -0.344763950328356 0.592573518024711
-0.0239512388078369 -0.011175523810645 0.205587121970268 0.461241072383902
-0.0151890769599895 -0.00448087549575027 0.300159144704183 0.123662274857735
-0.0136372612982926 0.00561880827825431 0.148454647301386 -0.156496415318282
-0.0147723218855143 0.00463872409549942 -0.118198601262277 0.0889931027232185
-0.0261653049065828 0.00343324587634482 -0.202063286917844 -0.123692494619941
-0.0129031835811762 -0.0359689559478875 -0.0749640506003006 -0.386268820880133
0.0144906591006849 -0.0308286849524625 0.460070827176607 -0.412614804594067
0.0272085048426841 -0.0122877219982603 0.727266035311462 0.215861066926544
0.0142127701753252 0.0403488981073525 0.24405711226919 0.744840213726795
-0.0356562340181038 0.0470346060997147 -0.269963690875719 0.502831212825941
-0.045815931032377 0.0211961489058892 0.0132590997571837 0.0635745860542087
-0.0262685917353817 0.0356283141842873 0.212429695867736 -0.438099046369354
-0.0013512380172177 0.0470120199654196 -0.358516486623661 -0.769920663026552
0.0235477385521207 0.0112322115673273 -0.845691674998673 -0.107197484509667
-0.00454909213782743 -0.00355123815423054 -0.3453348621546 0.599434723373411
-0.022593508957244 -0.0102442587377049 0.206236968938847 0.466631456924613
-0.00994653379955493 -0.00113166254726116 0.303450162787326 0.126642607125658
-0.0103655986729164 0.00799573307144214 0.152759090288471 -0.154700259316474
0.0104279602025356 0.00174512435830439 -0.13090221254727 0.0993848546064149
-0.00598772653958677 0.0163115992107748 -0.227088880551643 -0.108879379483485
-0.0130198353483341 0.00684463626972444 -0.164940800323499 -0.403831005832982
-0.00357246452341534 -0.00132429043486219 0.333891069452374 -0.507317777836476
-0.0189815452904481 -0.0390209289913511 0.739670504849701 0.0535682016505367
-0.0106872877398752 -0.0283766224192402 0.397174822539117 0.670039912041792
-0.0125021927933482 -0.0165395549976841 -0.16577690994136 0.525035822790716
-0.00356932230505771 -0.0321322917279332 0.0452903058676704 0.0784029341004216
-0.00407648936224699 -0.0344059839154616 0.307964888732418 -0.412615233054687
-0.0356605031330427 -0.0237246919047129 -0.194331343510561 -0.853821653683619
-0.0238667402766023 -0.00968627714141657 -0.835039239773294 -0.293555714046307
-0.0153822210496524 0.02728676397501 -0.495756094924202 0.507531207108151
-0.0172719034100241 0.0317258339159251 0.111582528177113 0.476639363567794
0.012376504456766 0.0116581827137963 0.2866112920124 0.153645383079305
0.0156193724252392 0.00351817422266042 0.154859598076693 -0.144591486934084
0.00455250457568237 -0.000532206304962502 -0.132357022927797 0.0980409642574979
-0.015249873229118 0.0126148505564256 -0.227755446433908 -0.115307925255263
-0.0164645388923943 -0.00137757526570996 -0.153525840253131 -0.407483030413114
0.00136134400548525 -0.00992004396669453 0.358139082835492 -0.497984193176335
-0.0116246455928536 -0.0406369839322044 0.7445064487813 0.0768906009169867
-0.0109157432030722 -0.0218847828625933 0.373565882492562 0.680953500385779
-0.020750984351616 -0.0124121684352081 -0.179109531432887 0.516009610511041
-0.0138486840812946 -0.0295818458782732 0.051454754140907 0.068452102082612
-0.0144926694072813 -0.0290511941279007 0.301621503714889 -0.430221661732693
-0.0366572006305381 -0.0166752633975327 -0.221702140950877 -0.857079229463285
-0.0134168442000763 -0.00943478827348328 -0.841902676718294 -0.268494291997515
-0.00817781739550036 0.0207696740737855 -0.473474281648299 0.521030585933466
-0.0184217513438104 0.0231473643792253 0.124491222707392 0.47090189210382
0.00275935655225936 0.00579648035391414 0.287450033521916 0.145212400024803
0.00842168829898587 0.00101965442904182 0.150772437661473 -0.148794524914926
-0.00302187903543228 -0.00154305661172934 -0.133642799004697 0.0961579297927919
-0.0234369094924071 0.00807646439446875 -0.2261553103493 -0.121387765186252
-0.0185124492628586 -0.0105894336835228 -0.139239482781537 -0.408963840995793
0.00770546075303999 -0.0188309563713874 0.387369887801895 -0.485563915793994
-0.00228586300851543 -0.0394361805292612 0.744102180408964 0.104674472504292
-0.00891015040162115 -0.013011022859762 0.34235462410414 0.69117669942124
-0.0288083740744589 -0.00375637630012948 -0.195457407667433 0.503674273450399
-0.0243505034632169 -0.0232463222636973 0.0525183306974718 0.0595531064965117
-0.0239897115146217 -0.0200229838970514 0.28634676667097 -0.442834106225804
-0.034857286531997 -0.00482108388977242 -0.256522182715654 -0.848497094590938
-0.00304126460631745 -0.00726994637507517 -0.848335441880893 -0.234573533537287
-0.000381964535162444 0.0124061270242236 -0.440876110392449 0.539049043051193
-0.0205992465248347 0.0134743040397127 0.144798666466387 0.468644519447002
-0.00535342540032972 -0.000830505167428421 0.288378922948762 0.13823134370499
0.000226266408681347 -0.00102728189446537 0.148286642174999 -0.151568051440106
-0.0090819790006261 -0.00230793666222279 -0.133458622154299 0.0937874261110078
-0.0303279030389991 0.0031413654228642 -0.22271168544631 -0.124759050435238
-0.0192231820762634 -0.0202692370978615 -0.1202723624628 -0.408781736907426
0.0141110997247832 -0.0259702560009622 0.416501272066055 -0.46803251098867
0.00866798407491593 -0.0354575179270701 0.744251842626552 0.139021418547073
-0.00569069654957338 -0.000341395647487426 0.311573629968981 0.708385018188607
-0.0346813273844964 0.00689466684818534 -0.215745163803986 0.497552273262178
-0.0346289407448387 -0.0134744109583011 0.0493914109151645 0.0535503308182254
-0.0311694688410054 -0.00727213582971678 0.269317210239109 -0.455576383601521
-0.0307639720069611 0.00814931266143632 -0.294673843507296 -0.835659548443501
0.0079227702014605 -0.00482735952976947 -0.850052631197727 -0.195956280477248
0.00366269542735867 0.00341371689447586 -0.41007473725802 0.558309093907015
-0.021991000071294 0.00476611867782385 0.164386154904084 0.465577131231282
-0.0119595823366951 -0.00495939021747873 0.292564559656714 0.13127843866525
-0.00683779720109891 -0.000261770919338405 0.146963118562339 -0.155781394049447
-0.0141988249212471 -0.00178539553702627 -0.132181580265717 0.0911307624922523
-0.0333815388831546 8.14452228496379E-05 -0.217776666940168 -0.128925307949216
-0.0189121783930438 -0.0294437947609922 -0.10276999009844 -0.406723187770691
0.0186832019099339 -0.0319693242220481 0.441220899330611 -0.44979101162382
0.0180537098499829 -0.0289104586384467 0.741940356762109 0.170148388694135
-0.001230239384784 0.0137304962400819 0.280777053230965 0.722146182090103
-0.0397290556463686 0.0192019364745402 -0.237249133175794 0.493440523507294
-0.0438266759612017 -0.00312774035607633 0.0435996682486651 0.0505355323274251
-0.0350863886677734 0.00671437110604774 0.250132407451764 -0.459629150084318
-0.0232570415208411 0.0228875272940737 -0.330602414338061 -0.820005455686733
0.0169064104131518 -0.00125244061428611 -0.85224596959662 -0.15767806597169
0.00472221673321167 -0.00359652118100687 -0.3798237325706 0.577025597400175
-0.0240571916726187 -0.00389752824671754 0.18430325590842 0.464541577465386
-0.0164519394523148 -0.00698295856187108 0.295504516533591 0.126706183810694
-0.0126346366499958 0.000761345245996175 0.146160293184302 -0.156306334637401
-0.0168826854888114 -0.000324718069267925 -0.128466992892865 0.0902531009525413
-0.0333298726475239 -0.00133262468624565 -0.213327385532079 -0.129730989706251
-0.0167556525201665 -0.0357738848021524 -0.0870662397121872 -0.403228317523504
0.0210158996487645 -0.0345194851469087 0.463122108451987 -0.432247420229819
0.0249481430014208 -0.0217594543360712 0.738439514002348 0.201773902449432
0.00323787323061975 0.0257870196214957 0.254891348799792 0.73722509304135
-0.0415542936930733 0.0312390721421287 -0.256186468246515 0.49266826420962
-0.0475903318991677 0.00696434572285116 0.0348637042321567 0.0515279358802061
-0.035842852050869 0.0194948429398199 0.232392695142245 -0.461881953509216
-0.0154826408054442 0.034708788221134 -0.356677902477643 -0.800839177898449
0.0224644850155953 0.00230547638378599 -0.855069555465803 -0.125121510718322
0.00344959127961942 -0.00741099765366595 -0.356416419621545 0.591631780147054
-0.0248627625796428 -0.00948250868869017 0.200100468708729 0.464121788207223
-0.018275848453897 -0.00668546552166609 0.299645446913011 0.123680635324015
-0.0157167711404456 0.00326985775317776 0.148459452623923 -0.158397870946484
-0.0168820780193395 0.00184306824890737 -0.124092870754337 0.0906215797355834
-0.0307803065620059 -0.000197488713967843 -0.208901358710168 -0.12809434962697
-0.0146768179159462 -0.0382934685290882 -0.078777804490899 -0.397531885323463
0.0196884400592195 -0.0344292954415442 0.470249680612706 -0.422278933829902
0.0281995668400892 -0.0159665837173686 0.736485654993833 0.216144594189361
0.00852454410927275 0.035843046092429 0.245954091327934 0.749179200484935
-0.0402669915517142 0.0409057819582644 -0.268223302443533 0.498741829244263
-0.0495391261997622 0.0158698817836254 0.0235796560966151 0.0568099359314916
-0.0324243329651567 0.0307348050387386 0.221385768604093 -0.454276216302684
-0.00811847219158885 0.0430268755305188 -0.364184321356279 -0.790718977918702
0.0255296500713706 0.00686654910587862 -0.855268262286802 -0.113294567822271
0.000409641146544883 -0.00730417654911081 -0.348152720572903 0.601573397395019
-0.0244004280784609 -0.0112865158419297 0.207876905971256 0.467675160727549
-0.0158193032062072 -0.00459075797650448 0.304224196492279 0.125479691138652
-0.014210263445177 0.00541201459823319 0.151639725789282 -0.158436024461118
-0.0149668500750531 0.00388795696344942 -0.121295896372663 0.0903745680616367
-0.0252237281361914 0.00316496967112297 -0.204966284268667 -0.125586904150904
-0.0139349102953143 -0.0370404989784492 -0.0750596025969098 -0.392068077162395
0.0149974372250202 -0.0316110823117113 0.468602340089549 -0.416983155315309
0.0270672570200426 -0.011509083626904 0.737768956330072 0.220697188888271
0.0133823546765493 0.0409026307822315 0.245757509285283 0.754104137019213
-0.0352960508116007 0.0473567352295192 -0.273323402436197 0.507328540274419
-0.0460125443379275 0.0220450768023563 0.0134457104683587 0.0651228553274926
-0.0264633109634784 0.0363966788483949 0.216381313090531 -0.442826726935851
-0.00184358450401182 0.0489585488520805 -0.362372441266634 -0.781140908366203
0.0245146284896694 0.0115932592892315 -0.857541717679013 -0.110061577435607
-0.00404894684608004 -0.00357460884308746 -0.3511697261733 0.605824183355511
-0.0221341291001315 -0.00961074962153251 0.210396627322219 0.473303623819768
-0.00990560007636143 -0.00134462761942349 0.308684111267781 0.128808396891866
-0.0105856593603816 0.00873019597310214 0.155249917396563 -0.156619239186595
0.0105184130065549 0.00110850603026747 -0.133560393296024 0.101100051267852
-0.00603666819830806 0.0170403407415527 -0.231157584553201 -0.110043451427973
-0.0126046777735985 0.00699168556696049 -0.166571844478419 -0.409906188479648
-0.00287026047786807 -0.00196182113195079 0.340114284926521 -0.515792287811833
-0.0197712572918645 -0.0388744586989394 0.751685384027038 0.0543089336733797
-0.0103011869841476 -0.0283360221475571 0.404857719574415 0.679506992331595
-0.0126308297822335 -0.0177059949410459 -0.168221900026974 0.53270659024954
-0.00407459327038889 -0.0327410947137172 0.0464398963820393 0.078865133645157
-0.00438128838480708 -0.0344423666257646 0.312076599385277 -0.417849154773664
-0.0362346769905475 -0.0238403450025835 -0.197870888801114 -0.868415524002985
-0.0236909998032545 -0.0102334642274227 -0.851179671903311 -0.297101340096499
-0.0158710635573599 0.0282267838660517 -0.50209926644035 0.515679092222251
-0.0168318921698088 0.0326457409278882 0.114074553350519 0.482938845393814
0.0115373245791081 0.0116632869167982 0.291919677044311 0.155362324144957
0.0160293616133822 0.0033923196562531 0.157696415610614 -0.147965395612854
0.0043215539506321 -0.00111000040152539 -0.135116984485014 0.100001271757853
-0.0153589838792278 0.0123782429954566 -0.231839808610532 -0.116946147268985
-0.0165921088544195 -0.00113818155097774 -0.156524165704016 -0.413350721755925
0.00280765054705144 -0.0107833018364533 0.363380157499639 -0.507888888153415
-0.0119311006615238 -0.0408477620538344 0.754443214401947 0.0799081893713881
-0.011217568226219 -0.0222653620845715 0.380416083330883 0.689307652740234
-0.0206603647241317 -0.0129819414328642 -0.181471197117054 0.522408484581092
-0.0134968852793247 -0.0297127366639374 0.0517710340809443 0.0688228173387663
-0.0140131026100313 -0.029868959414097 0.305417697424023 -0.436068594133214
-0.0365278703041136 -0.0161568243039302 -0.225733680650325 -0.869215350240058
-0.0138191048569801 -0.00950852370610108 -0.855117258181644 -0.27150954493498
-0.00744464839002693 0.0204320223048829 -0.479702670590799 0.528972292309568
-0.0185820715240613 0.0237298031189843 0.128407368386641 0.478870979076715
0.00354345102472741 0.00481920187900227 0.292015859483725 0.147535648811757
0.00845172004308237 0.000727319663672738 0.153703068179843 -0.151667001865182
-0.00327126938219908 -0.00249665306590042 -0.137107199434693 0.0978702866968608
-0.0238266392514527 0.00771873654956072 -0.23039719732439 -0.122498453667441
-0.0187290999006933 -0.0110368035999583 -0.141409085567086 -0.417083885243861
0.00879453772384581 -0.0197572515614583 0.392849423118957 -0.492041292880364
-0.0022161365569103 -0.0399478766783654 0.756034984651369 0.106412861641907
-0.00966383969315573 -0.0126830005010074 0.348724221995557 0.702078241157607
-0.028695654394985 -0.00419622666985524 -0.197468734024978 0.51042643683913
-0.0242126644850531 -0.0231454683556215 0.0536700146415489 0.0595832528143741
-0.0240048744272256 -0.0203436572315813 0.291819742807087 -0.450049733952767
-0.0356032507188604 -0.00489980856661014 -0.262678187171814 -0.860335731731515
-0.00266634264931923 -0.00739173351636337 -0.861551276335694 -0.235912136641493
-0.000335559668729907 0.012522315806052 -0.446949691612923 0.549192037489864
-0.0207820447999493 0.0143293440512946 0.146844469016072 0.475486438969191
-0.00543538057114039 -0.000929471792176645 0.294848848803374 0.139673780950231
0.000562042972612075 -0.000263429419389289 0.150879442415719 -0.155209152885233
-0.00947383583522805 -0.00271899749142149 -0.136150704441396 0.0953736018547496
-0.0302806652847431 0.00312792770210488 -0.226643239251996 -0.127034101106609
-0.0195714388592662 -0.0210075753030784 -0.122859334705243 -0.416738023898877
0.0139377769548234 -0.0273038399445725 0.422909305807666 -0.476556470531322
0.00840255495509018 -0.0362015350631435 0.755543998057167 0.139563594534172
-0.00647552313460066 -0.000308585413746273 0.316012686532528 0.71770198412984
-0.0347844818672407 0.00752252474087739 -0.218339547104307 0.505000404739525
-0.0347160731918314 -0.0140472292616504 0.0508350959811553 0.0538849629925393
-0.0316814451535398 -0.00666530060871 0.27362224263536 -0.461162702231031
-0.0309717448685156 0.00879742747635862 -0.301057170462609 -0.848703863055656
0.00810848557191717 -0.00493614717196561 -0.863544623036935 -0.196858438651246
0.00318797119094813 0.0038846369980514 -0.417137245254557 0.566786807449648
-0.0229581424340236 0.00395268829836872 0.168258128914593 0.472526164162549
-0.0127786709029098 -0.00511133395187546 0.297941060474266 0.132897251140609
-0.00682162917126141 -0.000846647301010172 0.149227912718798 -0.15729224240266
-0.0144276714086433 -0.00229619131778182 -0.134845946815942 0.0930495840526828
-0.0336786503401789 -0.00052957080837115 -0.221746179769494 -0.130006989206815
-0.018902245181052 -0.029568098799716 -0.10213307260643 -0.412712168897561
0.0192629169949705 -0.0330038359064997 0.448511510613015 -0.457412953986885
0.0183762424442275 -0.0296519403410863 0.753889053768068 0.174659980716199
-0.00193775795530889 0.0139058481669738 0.285963030682366 0.733541656112584
-0.0396633123905499 0.0199473607188544 -0.240051080315166 0.499853634279225
-0.0434970749424572 -0.00291203001701997 0.0438622839462316 0.0509336814451317
-0.0357500534269787 0.00712010899951548 0.255346092953941 -0.466823244235209
-0.0236273701821492 0.0237562007928722 -0.335991132014664 -0.832286323304356
0.01654268059599 -0.00172564020152847 -0.867270549691726 -0.159249390164788
0.00472963771209929 -0.00393824824659079 -0.386519702448545 0.585673209823655
-0.0249064455212523 -0.00393422071948294 0.187364509713079 0.472100503292621
-0.0176433436334493 -0.00732031227225391 0.301725562896838 0.128226498842606
-0.0134691211223468 0.000464099324724256 0.149371901344044 -0.159250433973951
-0.0172496972717197 -0.0010018962960768 -0.132126850970175 0.0921764986182119
-0.0339953916698368 -0.001261854019869 -0.216566227888512 -0.131239004837958
-0.0174358028642025 -0.0361637283050123 -0.0874043423192038 -0.410257716394243
0.021473228772003 -0.035416655592314 0.470414677257644 -0.440715369126661
0.025477790793916 -0.0219625216263643 0.752034728620721 0.203815398644974
0.00292368890236534 0.0266954532621101 0.259916817785668 0.748065115148074
-0.041140619588075 0.0310687092370969 -0.258836140065682 0.499608617084868
-0.0483778067896839 0.00682163298062433 0.0351551767636656 0.0518171167469777
-0.0361595714466866 0.0200863076351808 0.235314828177337 -0.468390658294141
-0.0162301971235572 0.0361348789960504 -0.363749745044207 -0.811715122408941
0.0220652508897364 0.00220290779206251 -0.869052299906473 -0.124642911779946
0.00341529461019258 -0.00736809292185042 -0.35951087504623 0.601311316598798
-0.0256067527036251 -0.00895390531326612 0.203711439308713 0.470306066346881
-0.0189992742001065 -0.00621487944341746 0.306133846052961 0.125321889359849
-0.0148777930949688 0.00356376297468271 0.150881793764519 -0.161462012684936
-0.0167632171527507 0.00109191083028371 -0.12808962260351 0.0913142732225875
-0.0312270443420655 0.000551338550617431 -0.212772983008674 -0.128808360176317
-0.0153645161515274 -0.0384132072652528 -0.0790768773548056 -0.403355220813552
0.0204811789129809 -0.0355156640170208 0.476380872307186 -0.429933976711792
0.0284595463492403 -0.0160828661936545 0.749911093277054 0.218955698796371
0.00792138328487699 0.0364062579632656 0.25039123152113 0.760307289220232
-0.0399490145545722 0.0412784117301915 -0.272332850045028 0.505156733621902
-0.0498860708883609 0.015924896076336 0.0243843629646238 0.05747916206685
-0.0326949652052272 0.0306626794321718 0.224222970041232 -0.461039935363414
-0.00825281652186943 0.0452560858977539 -0.36999471983255 -0.801788867049227
0.0257378702755884 0.00638010207381832 -0.871748572520888 -0.113761999505983
0.000262630643091896 -0.00757735416434657 -0.353753676052589 0.611667208868276
-0.0246877356720951 -0.0113426331048597 0.210855893803556 0.474480937545129
-0.0162812878674008 -0.00475278494772089 0.310003204530479 0.126903266184166
-0.0144349749684831 0.0060737829889855 0.153833566682294 -0.161073317219084
-0.0144806337807757 0.00418478466472384 -0.124188278025859 0.0912491497813744
-0.0256062591031925 0.00299728452244975 -0.209200181150265 -0.126180023765016
-0.0135814469213415 -0.0377364478979259 -0.0753720050400071 -0.398601227405049
0.0157694776461674 -0.0331254783964516 0.476215137069266 -0.427126772726284
0.0273324834057595 -0.0116393904095287 0.747852844769997 0.224237810480788
0.0133019300897617 0.0412447165826481 0.251153148213219 0.766630623085221
-0.0351044699996543 0.0475592507226876 -0.276910938825264 0.513786433778395
-0.0466879113720916 0.0226404592517169 0.0138955307612086 0.0653164491234993
-0.0269400121789552 0.0363451800619815 0.218696871257529 -0.44743709080457
-0.00196957968538754 0.0493946158759652 -0.368796581726825 -0.792728550656692
0.0240218036276959 0.0117358243791983 -0.870626938242015 -0.11092622145502
-0.00354283492938883 -0.00343206946999308 -0.355390214255354 0.615189508235136
-0.0226144666017547 -0.00912722906951064 0.213127425873601 0.47930579509144
-0.0101629588749694 -0.00146854464836239 0.314899957237153 0.130435058901881
-0.010971312116822 0.00825235147208099 0.158590325846609 -0.159764264349366
0.0105602736480574 0.00053786091521163 -0.136936807892734 0.10334474033282
-0.0056778468427784 0.0174282627636303 -0.236366319219651 -0.110561278911537
-0.0132103210259788 0.00639162754475346 -0.172040515407746 -0.415115081301965
-0.00231608844500988 -0.00236814659153951 0.342064290643056 -0.527812343248475
-0.02076950504111 -0.0400542800162365 0.764027362860953 0.0534431968017271
-0.011684002856544 -0.0284662736177014 0.414069095594396 0.687987482209114
-0.012355708144226 -0.0182917079920353 -0.167861227045644 0.541884349904535
-0.00379127324261713 -0.0331858752241876 0.0489728623883437 0.0798895184025539
-0.0048100347308435 -0.0350217269283939 0.316127549755444 -0.425600917658843
-0.0367278291068503 -0.0237412032470592 -0.205984284155585 -0.880321913889961
-0.0250164445712466 -0.00968889151407988 -0.863993474906413 -0.298869482279716
-0.0161546070421845 0.0282491266770998 -0.508492598240471 0.526407508806493
-0.0178209825608082 0.0331268161720292 0.117185888674921 0.491865412622062
0.0117997538193937 0.0114714687291786 0.299447486555231 0.156753549347728
0.0160719070485513 0.00330935160623665 0.160070389672813 -0.15124985670911
0.00375609232337043 -0.00182999706625924 -0.137276446219913 0.102303624980648
-0.015266081489976 0.0122267379959151 -0.236086543660012 -0.116860161868745
-0.0163102196320945 -0.000998536710309584 -0.160528820173157 -0.421556750448533
0.00241521370136688 -0.0109948819730713 0.36712235862226 -0.518268193645095
-0.0123950696180691 -0.0422430758540876 0.767782593927271 0.0779423083096562
-0.0117827741608242 -0.0230085139839037 0.388584516464746 0.699534424956779
-0.0204867910264101 -0.0127885354360805 -0.181809112576805 0.530378466978333
-0.0136602700756056 -0.029872386326074 0.0535050832971072 0.0701890447566378
-0.0142289473795093 -0.0303770196391088 0.307480168213223 -0.443465569739339
-0.0375259645305389 -0.0161280579816914 -0.234099962927912 -0.879517204403698
-0.0142167316731484 -0.00876954590125484 -0.871376633267213 -0.270815750437554
-0.00710310701231071 0.0213856558289333 -0.485757573779219 0.541061041346379
-0.0188883156872927 0.0240672694160979 0.132708857709803 0.485477143783611
0.00275439325810749 0.00473004715202411 0.299010336182978 0.148176678357653
0.00841144083409867 0.00074695575089846 0.156131176013603 -0.15532269941733
-0.00312962412656137 -0.00201987666151788 -0.139490259326835 0.0994698534426175
-0.0238182156306471 0.00842566066259556 -0.234396621650055 -0.122420602006911
-0.0195243674779652 -0.0106949385516994 -0.14512660998155 -0.423936930185402
0.00867409396094003 -0.0202462136130351 0.398115599559849 -0.505118188686467
-0.00291452538226909 -0.0411044080866114 0.770030630628836 0.105807528994411
-0.0106494735311047 -0.0128526862662545 0.356459663971972 0.710513568049068
-0.0286205241159831 -0.00412518039062926 -0.196988892760349 0.519140056534697
-0.0248929991066144 -0.0233737529185402 0.0543971477824361 0.0606337952333911
-0.0242350611903824 -0.0203965119376165 0.29473098734787 -0.457771416545113
-0.0360453681729871 -0.00398184423916541 -0.271445973187612 -0.873432507488875
-0.00288808929068685 -0.0073335760811667 -0.875587406518349 -0.235713245098555
-0.000161094723190629 0.0119663291191026 -0.450179592015424 0.560875949142713
-0.0203347213275052 0.0143221847097416 0.151937908948517 0.481575279512541
-0.00573620569654046 -0.000803920773025865 0.299679581550695 0.141071514278622
0.000196057160628624 -0.00044337899201946 0.152946252727306 -0.157996101442558
-0.0102190039991161 -0.00300283459190072 -0.139491683041308 0.0976835666122623
-0.0309728602334582 0.00369462569305208 -0.231714874750576 -0.127104212332241
-0.0205906381644063 -0.0211301026819841 -0.125984733917606 -0.423429130220385
0.0147769968161635 -0.0287196380601575 0.426541632546691 -0.486490688376391
0.00803931661299513 -0.0368863016338005 0.76995003214512 0.139262158938214
-0.00706515921082597 0.00048017542191884 0.324136842403041 0.728781764345383
-0.0352342054244733 0.00729637926131322 -0.219589972587656 0.51220866295706
-0.0353000358580394 -0.0140183794424522 0.0515732434416475 0.0548139786269608
-0.031435821187227 -0.00670029474993693 0.275524193261098 -0.468671409979939
-0.0308112038904188 0.00981685873472446 -0.311358005563419 -0.861519624600109
0.00819906972467592 -0.00424518240840887 -0.879512017667217 -0.194672576152376
0.00391081910535642 0.00337716788922222 -0.419826139475253 0.579373588426364
-0.0229842317963444 0.00506553141791704 0.172700961284103 0.479827409943391
-0.0126479922055437 -0.00539071862736046 0.303220253751944 0.133116189486649
-0.00731940555694423 -0.00117870268513151 0.15113307807012 -0.161589314526411
-0.0150675428177429 -0.00300545319743525 -0.137640270764705 0.0947080961360222
-0.0341136628354352 8.79185991578505E-05 -0.22628957241541 -0.131047244410174
-0.0199858797764364 -0.0304288395955239 -0.107687193346493 -0.42065575298751
0.0197308481161483 -0.0337022707713446 0.454568595346836 -0.469122946884627
0.0185737440304747 -0.0306602954995061 0.767890211691197 0.173998368877108
-0.00213056407968625 0.0140325892292155 0.293139369077022 0.743354760538087
-0.0394467840919273 0.0193316202500137 -0.241000324397039 0.507116052903651
-0.0442106967859764 -0.00226023812827207 0.0447795978622765 0.0513333229501473
-0.0356985357425351 0.00717867422081499 0.256660929436842 -0.474341022629183
-0.0244024452818271 0.024431784211952 -0.344751135755289 -0.842573812310231
0.0166344991131877 -0.00119587765524133 -0.882499316934295 -0.157489191536029
0.00523816508942101 -0.00416751851440376 -0.387799327886903 0.598026323197191
-0.0253871082896725 -0.00320681737889505 0.192370435457117 0.477203245126828
-0.017932877010197 -0.00710718275447899 0.307381557917443 0.128731470165415
-0.0132897077030255 0.000850892856204139 0.151032044396874 -0.163119671134424
-0.0176682999088074 -0.00105720429484081 -0.134444086943588 0.0943784891446095
-0.0342094792466991 -0.00125668846309266 -0.221004358741718 -0.131541558116641
-0.0180866499995392 -0.0373091611252958 -0.091174289814156 -0.41697706467453
0.0223521822417451 -0.0371429977127264 0.476416727708698 -0.450797432713066
0.0249422028701051 -0.0222706609386619 0.76521377776241 0.204353175461195
0.0033680645820797 0.0268046362897969 0.267702830785724 0.758636486367923
-0.0409297078919814 0.0317023118670914 -0.261239197485176 0.507862706797084
-0.0493705888001108 0.00707604463882571 0.0366333411212877 0.052477019445938
-0.0366052812068939 0.0206436594625652 0.238509293997821 -0.475137889906448
-0.0163028434451463 0.0370864048563707 -0.372568098525728 -0.824180431066932
0.0228363414282751 0.00178547955501976 -0.884002379337188 -0.122117878920909
0.00331099796490431 -0.00771721882978632 -0.362209498051917 0.613524206289326
-0.0260715688047613 -0.00864877782248626 0.210196980958074 0.478196479023057
-0.0195487568323337 -0.00703168892108816 0.312452332312627 0.125578680837286
-0.0155921279459499 0.00375226368338875 0.153354506094186 -0.165068451014336
-0.0179587335061745 0.00123433983029638 -0.130498149011169 0.093908041034156
-0.031421556135954 -0.000246953289920476 -0.217083451550706 -0.130015842553297
-0.0160400802825342 -0.0394524461958501 -0.0816374672867127 -0.411073919626776
0.0208572503179876 -0.0367682799293054 0.483927263782615 -0.440754836904352
0.0283512340236352 -0.0159361320647219 0.76347593951422 0.218867343477946
0.00860976746031919 0.0372635136404717 0.257182944948612 0.769737926112783
-0.0405724060519512 0.0423339560886482 -0.273217491393956 0.514122930560624
-0.0500040046395064 0.0167304762374053 0.0255729787037178 0.0578293905897117
-0.0334209515183446 0.0315427627975156 0.226589791129072 -0.467794959476442
-0.00729873980881247 0.0459162066603554 -0.381005575233864 -0.80958575640031
0.0251297689157549 0.00706392341254795 -0.884948590328266 -0.110810704689393
0.00055492677430613 -0.00731745747213403 -0.355818613802543 0.622834111563216
-0.0251989089256925 -0.0114912479129435 0.216789556355284 0.481014983084151
-0.0175701012176162 -0.00466154659368699 0.317514706366798 0.126461716678755
-0.014864235990162 0.00634093955421979 0.156502878774543 -0.164736530363904
-0.0156880450196878 0.00347161166957746 -0.126267778475618 0.0943799453700275
-0.0259443490458782 0.00408058694423854 -0.212509181955567 -0.127013541182943
-0.0147735806175151 -0.0380340513048299 -0.0776517408160992 -0.406499363197006
0.0164859701618973 -0.0340317481236988 0.481096262058176 -0.436479669669148
0.0271879014896124 -0.0114803982017827 0.763448195395377 0.224438680872475
0.0134987210346326 0.0420668635152598 0.256481338873087 0.777726156795242
-0.0351930064533249 0.0480565300454146 -0.279019099817179 0.522637678804967
-0.0468857813496326 0.0220085452781368 0.0140237579845363 0.0664331898038221
-0.027337610870949 0.0373537412262083 0.221368864831346 -0.45489847782081
-0.0019204624065941 0.0505810838078148 -0.378765588757807 -0.802107662330501
0.0242001534696627 0.0119784966991589 -0.885046942600761 -0.108078447576337
-0.00333015086173733 -0.00368482043404155 -0.356133566241945 0.625702103186974
-0.0231299085817231 -0.00929616122846043 0.21894458326145 0.487786587188173
-0.0115188542207626 -0.00181420174339769 0.321275900032453 0.130798017595859
-0.0110917357291147 0.00899007222917525 0.161261714240836 -0.163440779761079
0.0111243310018293 -0.00305361314480435 -0.127435556326245 0.122823647182581
-0.00149126465152318 0.0166440328835073 -0.254889950763711 -0.0835195276400212
-0.00826557725200872 0.0102646970273942 -0.226720926657876 -0.40329163809603
0.000946273808905606 0.00363533267372291 0.271572023832181 -0.578193047458393
-0.0275230136675262 -0.0275411590540264 0.779742356762972 -0.0459059960456827
-0.0209894090227771 -0.0293912493892428 0.503855129029843 0.647570293296854
-0.0147895345198054 -0.0186050594368517 -0.0991868504277526 0.57590100280648
-0.00754455396120313 -0.0324320033853098 0.0571604319187645 0.0746451861075008
-0.00523746225335594 -0.0328081857328714 0.270777698107693 -0.46620440642301
-0.0328236799643273 -0.0187367642442256 -0.309909544088705 -0.86220165689765
-0.0182657774398932 -0.0132358875665552 -0.912245101371455 -0.20666050178566
-0.00903152315562264 0.0263968398499764 -0.456022892286157 0.594264564159857
-0.0135812607168657 0.0346627606429956 0.176885249722482 0.483670987474043
0.0100370630088615 0.00899546882637236 0.321022338689264 0.123217878991747
0.0152750327252355 0.00210090045071091 0.146530994725602 -0.17170878556831
0.00382891084826355 -0.0046079261578916 -0.128828081588251 0.122586274259592
-0.0118768723992845 0.0130918604158095 -0.255189376057509 -0.0895018216256766
-0.0134540233031206 0.00286667042893125 -0.214572022143315 -0.409076300405789
0.00568450380541199 -0.00541703415890367 0.296141506280702 -0.573258498096122
-0.0197878454230566 -0.0301416121362651 0.785969128938729 -0.0205530212274907
-0.0205160902636586 -0.0237442780730435 0.479816384573125 0.661284147539689
-0.0220801795484661 -0.0119822471871876 -0.116000250779079 0.568095609311206
-0.0165348045572166 -0.0282951942842707 0.0618156716867831 0.063675130627612
-0.0143212307647215 -0.026629655701214 0.261467299803623 -0.483241842079886
-0.032858668737147 -0.0108222325752714 -0.338486318939764 -0.861642959456503
-0.00870245994009032 -0.0137606464385724 -0.916677656477636 -0.175254805945945
-0.0015881735462599 0.0176116498529179 -0.429832936533324 0.604972911958294
-0.0173183214088817 0.0265344150656004 0.192641264851329 0.476159419371382
0.0012015490946227 0.00352260952873714 0.31917629599173 0.115230298141068
0.00774945291149068 -6.53111199647345E-05 0.141834528645214 -0.17530025173526
-0.00430378796732319 -0.00421809324135227 -0.129684544832712 0.119582282364569
-0.0208699322799597 0.00904751078509946 -0.253179945202676 -0.0954476817847793
-0.0167790017794141 -0.00655413500998102 -0.199349883948157 -0.413234470593179
0.0103513848669434 -0.0150713061830894 0.330327156391979 -0.562724480071121
-0.010082234766694 -0.0300111771468941 0.792483826094125 0.00750886936551566
-0.0172856156974582 -0.0139378063954297 0.44868605903869 0.67733941750819
-0.0292215672624087 -0.00258501146467077 -0.133790412763222 0.558196329078499
-0.0274978091235111 -0.020490497157511 0.0623420162711024 0.0546888096794098
-0.022993036535541 -0.0154966758030619 0.244950821307272 -0.496198677123756
-0.0289084761276926 -0.000129690338724099 -0.374783066457453 -0.849596658837625
0.00303297080571852 -0.0138407612989755 -0.915506432911302 -0.140657924554673
0.00461835771879526 0.00803183107135761 -0.393557507736075 0.620394752315227
-0.0206663153109357 0.0165726002669566 0.210554864471032 0.471167382615763
-0.00826570254927399 -0.00215865054212703 0.321138550092921 0.105948716589383
-0.00150301650293461 -0.000934450469217955 0.13914840066678 -0.177660179465897
-0.0104394165703389 -0.0040583767581233 -0.129497447159408 0.117226652667271
-0.0281534756041005 0.00532271023976261 -0.250743004269989 -0.100620277695424
-0.0199907519856614 -0.0166390580228374 -0.179275111052566 -0.416445968693615
0.0155065261355637 -0.0236747072689827 0.362160772051633 -0.550883850183851
0.000683760811437013 -0.0276623120774824 0.79583777598098 0.0419705183359413
-0.0129560012424678 -0.00238318903680733 0.417790568946217 0.697199786532833
-0.0345826504456748 0.00968069449848709 -0.156069306044547 0.553549088060887
-0.037811994457216 -0.00980105843916447 0.0587281192377207 0.049351687536789
-0.0286419779689921 -0.00163229397338966 0.226142941022978 -0.505330345338114
-0.0225153778267636 0.01382365385938 -0.412891416320083 -0.831558932061731
0.0134359815085914 -0.0128582056444515 -0.914543102662614 -0.0987245032509565
0.00740099773164929 -0.00078180134503017 -0.360096103607407 0.636061746852836
-0.0231916092665481 0.00738224218361754 0.232385155909647 0.466290539669985
-0.0163541565449306 -0.00509102981065966 0.322529226135066 0.098815667247698
-0.00810007462445141 0.000651067128647634 0.136472743188064 -0.1800682174333
-0.0158544334318661 -0.00272547442252294 -0.128323004960096 0.113935398100109
-0.0326407471628536 0.00266380058443591 -0.245521512943575 -0.104725954317658
-0.0207716197440987 -0.0256944109834689 -0.159221647802824 -0.415752767848877
0.0193564236558529 -0.0298297003947929 0.39390317738832 -0.533065039203995
0.0114223773193507 -0.0224345384824635 0.799253508860648 0.0760719373218517
-0.0060804854490766 0.0115314920602613 0.386861779199574 0.71656134065154
-0.0380731630148168 0.0222889344161031 -0.177964512392036 0.551609465289773
-0.0454190249695858 0.00247312979049185 0.051870323858671 0.0465984118541067
-0.0317056036534874 0.0138900539958574 0.206019488646625 -0.510873379893828
-0.0140885418387058 0.0270590189886975 -0.447519475698397 -0.810257260372263
0.0225698058537458 -0.0114158706766014 -0.915394132935232 -0.0588253393634756
0.00766033111032421 -0.00905501825661321 -0.325105590555463 0.653441803924443
-0.0264702298334816 -0.000764688352220506 0.251798108074348 0.462837910139148
-0.0219061515573991 -0.00620704872293616 0.325578627876953 0.0935623216557788
-0.0143452535736291 0.00310821455689028 0.136858575846213 -0.182933112717355
-0.018714814279867 -0.000627314955229451 -0.125088552477956 0.112358067029643
-0.0330133551235096 0.00122091014615722 -0.241274724066966 -0.10674191808816
-0.0197901509523788 -0.0322031730464588 -0.142606183847395 -0.413410619558731
0.0210462603317905 -0.0326740313487563 0.418369834645473 -0.518410523306651
0.018263676774341 -0.0153794819469197 0.798538050164735 0.10691226477885
0.000662062606335497 0.0238279778307846 0.363264987336346 0.735088711812123
-0.0391204578847153 0.0346751387768987 -0.197920477092999 0.553817474231209
-0.0489831065742916 0.0124404067128469 0.0433239712243241 0.0482030271700959
-0.0295903481043847 0.0265884234999756 0.186234654385576 -0.508856278800447
-0.0042238925602317 0.0378961123145034 -0.472304436314169 -0.788013011108861
0.0285462979521725 -0.00779536155381033 -0.90969910646561 -0.0242358875788033
0.0056702251042564 -0.0127509582757837 -0.297800172412532 0.666331538802408
-0.0283961932917118 -0.00591333245049578 0.268933918756612 0.459790236595569
-0.0228344105637124 -0.00571914291349505 0.330050327425416 0.0898776731400959
-0.0162486949560549 0.00532762327604328 0.138004588096667 -0.184480240189944
-0.0183588267293838 0.00123019088919023 -0.121308262340643 0.111587827614264
-0.0297372680777585 0.00206417435961224 -0.235640985107922 -0.104965429977874
-0.0179907713144484 -0.0353520677606085 -0.132927476533063 -0.407898990129262
0.0199459217502238 -0.0321374333225222 0.425616129486479 -0.509453236990939
0.0222755793046453 -0.00909429687504111 0.799439558100364 0.121211230751052
0.00732839422606858 0.0335299350255975 0.353576318057701 0.747226801929961
-0.0368285590777684 0.0452366890685857 -0.209477761109258 0.562115026190141
-0.0494616350436375 0.0223145450177322 0.0321491539475208 0.0555599509649961
-0.0259178566728724 0.0364092306073531 0.174909410055379 -0.499533656077612
0.00399848615048856 0.0462564942966261 -0.478599112985047 -0.775728693186052
0.0316543083636253 -0.00361732394326935 -0.911124062008655 -0.0126506478723833
0.00222333329568911 -0.0131931480206853 -0.291611989340828 0.674207096766076
-0.0280267916174027 -0.00818586710015927 0.276841195121805 0.462559589646644
-0.0197803097233513 -0.00388970973155247 0.335817613997828 0.0914875548958421
-0.016111032217502 0.00857222098753906 0.141567017791444 -0.184591924863999
-0.0158999574521808 0.00395622188178768 -0.117112745996356 0.111067802030666
-0.0235474403893459 0.00533987304881581 -0.232702659511045 -0.102721276422102
-0.0163056923182292 -0.0340596064048995 -0.128835763938307 -0.402680625507921
0.0151081490380942 -0.0293619354810691 0.424732944577807 -0.505732299091377
0.0214708951425762 -0.00500379911532044 0.800270556493949 0.126416431228946
0.0123616435195651 0.0385332441853969 0.355005167937807 0.75467363572621
-0.0308065504863801 0.0507270454071395 -0.215531521510054 0.571298316380375
-0.0455293101045917 0.027818718456708 0.0223654468233599 0.0650863194451807
-0.0189094596787461 0.0421651490564514 0.170366526542682 -0.484991074999461
0.0107781328524736 0.0503971795302623 -0.475033074621249 -0.766192166141171
0.031240610728173 0.001440255893687 -0.911323673595698 -0.00831603140660335
-0.00127936482618548 -0.00840724125608094 -0.292085166598942 0.678023654048803
-0.0257416908647162 -0.00695665164148011 0.279572171221011 0.468489955313405
-0.0140139267505065 -0.00145185495918052 0.340453643483449 0.0947731568748334
-0.0115252719548641 0.010785636909156 0.145846455231649 -0.184531776291941
0.0110052596641476 -0.00359433687717626 -0.129493260154898 0.127190365541139
-0.00138007779900964 0.0168329654944703 -0.260245267015256 -0.0808683971682694
-0.00909993080712387 0.011159706623252 -0.233785115212847 -0.407999470109353
0.00136932767766932 0.0030377185078668 0.268908599614459 -0.591442381006687
-0.0283530186247733 -0.0275479132848446 0.793944160271344 -0.0558110364461265
-0.0218186568785645 -0.0294949480442765 0.516708832374118 0.651655300492232
-0.0150594899365991 -0.0181876933398472 -0.0946352891346626 0.58515575750856
-0.00796614881535171 -0.0328688669255512 0.0592953202356248 0.0754652112526057
-0.00534158464745607 -0.0329354159217308 0.270474727117879 -0.474968293074825
-0.0327104831677226 -0.0183618910501034 -0.322506523075086 -0.871401627083316
-0.0191355755906571 -0.0127616144527735 -0.928794283624972 -0.197488841556096
-0.00939518720689069 0.026608323131799 -0.456352069141209 0.607050138126894
-0.0139697013953974 0.0360017345510081 0.186297133322663 0.490112784191496
0.0102957994984284 0.00907901763979751 0.327651457274112 0.120898643226571
0.0155131325868037 0.00176147956979515 0.147576612547386 -0.176831888618712
0.00381337858102782 -0.00538157054639411 -0.130437168045269 0.126287659349858
-0.0110216251150478 0.0130775254985978 -0.260409372627877 -0.0873185508033315
-0.0132735883326337 0.00319426463042104 -0.222853080252742 -0.413997234720649
0.00559854073159644 -0.00611527761428337 0.295696089468976 -0.587333138876005
-0.0204997690253877 -0.0311229314890636 0.798700154728642 -0.0297647269150169
-0.0212922004571494 -0.0235064569406794 0.493919188501328 0.665268115835403
-0.0225734830905122 -0.0119584543248655 -0.111163093361281 0.575237440113665
-0.0182781402304344 -0.0285173510901237 0.0633832877025337 0.0642993846170416
-0.0144513218110697 -0.0267294396666468 0.261021814058394 -0.491829084816733
-0.0329635442841609 -0.0110289115381129 -0.353789237180328 -0.866735960041446
-0.00927399116623087 -0.0138812591438249 -0.932930054137289 -0.169236424485753
-0.00119295123229518 0.0176918439052449 -0.431140389785836 0.619077424352177
-0.0167388085797801 0.0269098794246447 0.201294630829027 0.482304843229431
0.0011295086107778 0.00333299744422618 0.326423932515291 0.112243097433511
0.0074658387960402 7.76969593879202E-05 0.143054388769904 -0.179799952560996
-0.00471313125557748 -0.00419061554916092 -0.131835388439248 0.123801822698931
-0.0209780875557621 0.00961644786620852 -0.258923084622468 -0.0939463729905209
-0.0176605045570327 -0.00628066853892245 -0.204729703548431 -0.417752424846931
0.0107111202878184 -0.0157614672588898 0.329008263417992 -0.577371716972138
-0.0108051113030016 -0.0308306192013711 0.804193696174718 -0.000698238510123105
-0.0183395376048156 -0.0140684429554447 0.462892080273374 0.679901139098635
-0.0295188147247058 -0.00243872971058474 -0.129615226362239 0.566920586314615
-0.0290519645576586 -0.0201822112111521 0.0643676529004942 0.0551766998921711
-0.0231903094956887 -0.0151995432490081 0.244592453247594 -0.506240718735368
-0.029767150773367 0.000492472650223359 -0.391981096284052 -0.854691496875791
0.00193551541606863 -0.0141104079819154 -0.932592236625223 -0.130324398489129
0.00494387584599991 0.00780162279744391 -0.393691527351378 0.633964284368566
-0.0201258215480825 0.0172540650779385 0.219855549363496 0.476910267000723
-0.00878658345720935 -0.00153215695417258 0.327442159018949 0.104062287237267
-0.00144978189825625 9.17105510328253E-05 0.139559824000228 -0.182297107463567
-0.0110448464293946 -0.00400202551246473 -0.131628484002418 0.120769474393054
-0.028393122865108 0.00579867091146103 -0.255592145453868 -0.0996631278981222
-0.0208685490261338 -0.0165582831438077 -0.187007506216034 -0.420726452823372
0.0157780292825809 -0.0246225927875613 0.362134968389933 -0.563620541869376
-0.000204865557311158 -0.0281695366472485 0.809338040900649 0.0333309136856441
-0.0126240602923456 -0.00184159983518972 0.430745096644595 0.703721762935725
-0.0345986132704348 0.00945074386288288 -0.15184764582175 0.563479771401233
-0.0379742960961341 -0.00953928572833359 0.060321173596038 0.0485695887564563
-0.0292437909527605 -0.000897653059765859 0.223390017769833 -0.515869519853031
-0.0227218180258323 0.0142493491603858 -0.428199582031033 -0.840707663126831
0.013585131429316 -0.0131852886428972 -0.930520598917845 -0.0911140802941292
0.0079457622947156 -0.00123736432139949 -0.359048057647815 0.650106610347494
-0.0233717845683113 0.00801873068422796 0.240679473797084 0.46906168226205
-0.0162798654057105 -0.00507384523181988 0.329500949185745 0.0968123294941844
-0.00850556297323156 0.000658119512134707 0.138519261109228 -0.185455154020718
-0.0167677230921022 -0.00229340151044787 -0.129997140757669 0.117399696390925
-0.0326077322212858 0.00260337843758047 -0.250637693098321 -0.102984350834368
-0.0212754452208301 -0.0263518306656997 -0.165229798996963 -0.420800544190351
0.0196548667865713 -0.0305869810610697 0.393497651115199 -0.546211435644043
0.0109226723544959 -0.0228870588916337 0.810894985218441 0.0686341722318015
-0.00629011807701297 0.0120315181649239 0.40168004201834 0.724430310239378
-0.0378175090757033 0.0236532782134922 -0.173306444403541 0.560770338642618
-0.0452202185638785 0.00299121913753539 0.0533031254039382 0.0474009214950264
-0.0321098606145379 0.014039371914484 0.20310003887512 -0.518211709647261
-0.0137022738222664 0.0276322319144071 -0.461939141397715 -0.81648471285992
0.0227041487494422 -0.0112267378269966 -0.930102883388131 -0.0479020063139168
0.00790973807739102 -0.00875135419315654 -0.322938302908835 0.666903607618416
-0.027039537448355 9.94832279367815E-06 0.260442274714626 0.467320892957647
-0.0219091039293861 -0.00641845555222414 0.33308654544818 0.0907048415264828
-0.0147947079786854 0.00333062529429014 0.137731686001581 -0.187068162014264
-0.0189412587292058 -0.000916513683207262 -0.126896776257332 0.115656102134694
-0.0335180190853334 0.00190759038079345 -0.245461291521732 -0.105887202400321
-0.0201265413527123 -0.0325534126170382 -0.149132436073707 -0.418558005008968
0.0217642597909488 -0.0334246533055321 0.417707782439291 -0.532858775879102
0.0182774702352363 -0.0160557948500221 0.813191312597953 0.0990664572433755
0.00024110003843711 0.0247518073000534 0.377043107072927 0.741658080118934
-0.0386657647045412 0.0346897301260389 -0.195027156004173 0.564595596559968
-0.0492754886248299 0.0136328417113831 0.0445298931012865 0.049009306924146
-0.0297901886159853 0.0270326837863976 0.184606312222107 -0.51585410016694
-0.00368388599170216 0.0386134331574367 -0.489485670728971 -0.795122762741508
0.0293187194694276 -0.00852901001880297 -0.925789902933825 -0.0145643119113488
0.00559798826860821 -0.0129574461002528 -0.295135239260602 0.677795033330164
-0.0288093931092726 -0.00522108431273967 0.279220980988493 0.46450279491082
-0.0234040446492645 -0.00564747126490544 0.337070317005562 0.0870744028820389
-0.0170625117743507 0.00588208197172331 0.139310572109601 -0.188954430677752
-0.0189226479276517 0.00165021495747107 -0.123018937036795 0.114375299444083
-0.0301413500272388 0.00272957625883583 -0.241360806934868 -0.102931986590963
-0.0187676803447298 -0.0365808160595261 -0.138559220046099 -0.412979088530459
0.0201001787910392 -0.0332975089505379 0.426708788107306 -0.522447380971783
0.022242186520138 -0.00951869410370468 0.812789156264573 0.113684349783174
0.0069714106426816 0.0344751154383283 0.367146169942803 0.754785405946511
-0.0361168208221343 0.0461400108469075 -0.206423258492506 0.570996736705118
-0.0496654888055472 0.0231830383063412 0.0330572775510755 0.0558506125800736
-0.0257475506800812 0.0375110581652021 0.173473922644734 -0.506276195477185
0.00551744322470921 0.047013805900978 -0.494654270699359 -0.779034322436698
0.0319331499741484 -0.00416674752111073 -0.926833951456641 -0.00139957065363905
0.00232540444892397 -0.0125412963871363 -0.285723042835253 0.687932527697109
-0.0285123218198337 -0.0073846900902146 0.285585388439151 0.465780864015756
-0.0210850860151819 -0.00357686503251727 0.342392266853219 0.0886869270737248
-0.0160979473028875 0.00844937116399164 0.142168193826704 -0.189261506543146
-0.015677036189544 0.00390486524387452 -0.119146781443365 0.113961386303071
-0.0238980922105384 0.00535073658082888 -0.236762100159671 -0.101722108308092
-0.0173427931815903 -0.0347252320453837 -0.134262282157682 -0.409281578979922
0.0154833713476883 -0.0302721592495668 0.425597837044226 -0.520962231702062
0.0209887975134821 -0.00511991868602649 0.812215807721485 0.120635581003432
0.012094835146539 0.0387555202846366 0.36906937973877 0.761387003448206
-0.0307026077390864 0.0512422593667644 -0.212020404234347 0.580401277868368
-0.0457225882138728 0.0293360734481217 0.0239445944979194 0.0652626831356189
-0.018718795307664 0.0426687578761011 0.169168985468216 -0.492753918056626
0.012022178075148 0.0507059110720257 -0.492542084158611 -0.7706037324815
0.0309677016054991 0.0012982591646565 -0.926330963168526 0.00335927537898962
-0.00202155462911711 -0.00811770226540406 -0.288006724559069 0.692338487119367
-0.0259265778666818 -0.00673535876852655 0.290527688280272 0.472199370326968
-0.0142867651398008 -0.000996287922454446 0.347882744850069 0.0918059154225526
-0.0112490447457345 0.0108722321890865 0.146686162308152 -0.188244512585864
0.0106513874158734 -0.00430754115335619 -0.129896108153693 0.131011671991843
-0.000742580239257177 0.016773196193367 -0.2646428946671 -0.0770903967769258
-0.00825834424929083 0.0111659555995623 -0.244053468319706 -0.410304546878111
0.00185165421919674 0.00253641326854084 0.263653046306374 -0.602916383319417
-0.0295248439157731 -0.0274329795548036 0.802889788649556 -0.0670690467091465
-0.0228125181534504 -0.0293306866030351 0.53296348001151 0.651303057784577
-0.0153747588741308 -0.0184783993197911 -0.0878645985012849 0.594179239112265
-0.0090599129796462 -0.0331448045802979 0.0611129859018584 0.0753625121131805
-0.00645994223784441 -0.0335256994899941 0.267011988277004 -0.48413061402029
-0.0329530554820723 -0.0181801654149968 -0.342034764253751 -0.878593718589408
-0.0195235835333105 -0.0134086239697646 -0.945543424217278 -0.184573484637826
-0.00865786396926068 0.0272360224513991 -0.45482603739914 0.623142835773653
-0.0134576013680619 0.036551713898318 0.19650639479661 0.493632706214208
0.0106312044730319 0.00874224727076248 0.335304733362085 0.116921626002103
0.015125849950287 0.00141630446793299 0.147103784239807 -0.181601507903347
0.00412225227886159 -0.00514194558166305 -0.131192478131859 0.130254121586742
-0.0110847566885809 0.0134447274758806 -0.265351144641918 -0.0839728511633733
-0.0142806951760176 0.00383927028339291 -0.232230082565288 -0.415657945872213
0.00621079602360094 -0.00717317757992747 0.292208540032852 -0.600482613647527
-0.0217199443014363 -0.0309801084875454 0.808498408427651 -0.0411779188086981
-0.0221192552722253 -0.0230512501290481 0.509321397016593 0.666697064420006
-0.0223762284568329 -0.0120303516649766 -0.103525916112892 0.584048643570989
-0.0184145480435898 -0.0282789001664771 0.0654687673310796 0.0637332214704872
-0.0146401535881117 -0.026571660495213 0.257072675354334 -0.50118898175247
-0.0336599667790951 -0.0106204128505831 -0.372954977944311 -0.873204581708877
-0.00931063078558816 -0.0135712957176374 -0.947583552778897 -0.155599340409428
-0.00112660467163551 0.0185740970280438 -0.426571278625944 0.633876616294
-0.0168077273749961 0.0279538045237082 0.21096334937618 0.486059284548241
0.000443242682502402 0.00305785779093462 0.334042701891935 0.108846888010277
0.0074208687460967 -6.48959495000434E-05 0.142410945996283 -0.184326543460047
-0.00435280507073157 -0.00513964666736458 -0.132760176257454 0.126594094696224
-0.0207832501812344 0.00949417456155115 -0.264578721824637 -0.0908570813710187
-0.0178605882794839 -0.00591991156541919 -0.21433545291417 -0.420487033407797
0.010574149341793 -0.0167954956977665 0.325482918783931 -0.589758907789001
-0.0114459428294778 -0.030374216971616 0.816161757404158 -0.0141906257928975
-0.0186750332236674 -0.0136931858567857 0.478552473539881 0.683398533359811
-0.0293738279419101 -0.00279574934154033 -0.122915708281347 0.575135516631516
-0.02855104433928 -0.0200617869187565 0.0651991000824418 0.0547030619008533
-0.0229699053700166 -0.0158175210611783 0.240140813229753 -0.516446911859359
-0.0297090242579298 0.00143305747567829 -0.410107016683715 -0.861235501517003
0.00181293143609359 -0.0134720102242478 -0.947437414881902 -0.119497903505761
0.00557617238648942 0.00803276499171948 -0.388830994671514 0.649540499210884
-0.0196587915736525 0.0181054781584419 0.229853231975024 0.479198021499662
-0.00890113046498255 -0.00140949639663839 0.333937350943368 0.100055414526873
-0.0012765792929832 -0.000483676222259853 0.139672301221805 -0.187010962754341
-0.0114676431647469 -0.0041009709467928 -0.132567089720163 0.124110443923229
-0.0289353235582233 0.00599455957746175 -0.261562544590792 -0.0958951393640257
-0.021300626890675 -0.0167743365372082 -0.19430115672328 -0.424089884832716
0.0156562059800881 -0.0253512242754171 0.358126638299345 -0.57777116584163
-0.000184157881953587 -0.0281354320365016 0.821280555825985 0.0221354753760703
-0.0136355235602905 -0.00104550376872647 0.44750767050672 0.704638225076064
-0.0348198139277986 0.00980959888683227 -0.145215133864315 0.571717934151567
-0.0385188180829776 -0.00842659505815319 0.0616621317988412 0.0483980719661366
-0.0293131258323869 -0.000434631590014112 0.221017057399168 -0.523469118218435
-0.0225179249848059 0.0149598065055303 -0.445952989459387 -0.843660624305311
0.0130662630619748 -0.0135218636945437 -0.945186759889871 -0.0756061342202203
0.00797297577611753 -0.00117272257753529 -0.352512189066279 0.664485820542835
-0.0237647904148804 0.00881925173060942 0.251673736903462 0.472208684601614
-0.0170676878966254 -0.00421018015410125 0.335832227090651 0.0935553128883978
-0.00902549294351968 0.000941255275033714 0.137583863060868 -0.191185710735066
-0.0173756325485995 -0.00252411027852679 -0.130695064665225 0.120780634743564
-0.0327199549517811 0.0025520354172887 -0.2563735627481 -0.0998620624422699
-0.0220193370262707 -0.0260485084208336 -0.174021211572771 -0.426130754723039
0.0195503775008742 -0.0315495332596284 0.390887074469354 -0.562086603072434
0.0100569583984777 -0.0229459732828963 0.823554117856302 0.0574107389884121
-0.00691627771679645 0.0128109800332355 0.417812057233931 0.724421974796415
-0.0376620629988208 0.0239355540688604 -0.167614812936547 0.570028799155498
-0.0456487033258274 0.00338187165633254 0.0543789978741271 0.0463140752399561
-0.0315515063442247 0.0146220080776226 0.19914127464375 -0.527153938637001
-0.0127310632826493 0.028592322369069 -0.481862415158831 -0.820037923593637
0.0228707009846623 -0.0116024200636503 -0.942384502381043 -0.0356735291922322
0.00790539606616372 -0.00975838470991339 -0.317037564322598 0.681623124617456
-0.0271425484327538 0.000461918307035477 0.270724835225782 0.470742458508386
-0.0228917104131626 -0.00638608592067445 0.340170063261149 0.0865732190694853
-0.0149168578649565 0.00239864238271846 0.137347193012166 -0.192104760814084
-0.0195419418837669 -0.00157611744281058 -0.128505198533443 0.118126636469183
-0.0334958470544784 0.00173036777138637 -0.250689908937511 -0.10285006751184
-0.0216503887675685 -0.0332726224618169 -0.155761872261917 -0.422747300016199
0.0219007366825123 -0.0349535090676502 0.415089637287648 -0.547757262938553
0.0177579026727129 -0.0164107217555364 0.826110121799985 0.0904229091701651
7.72211965338696E-05 0.0252349707513627 0.392813268959732 0.748182292254074
-0.0376476194204005 0.0363513328793976 -0.188951440508771 0.572165679990114
-0.0493949471566106 0.0143286254335557 0.0454558394101249 0.0488488505704333
-0.0301167418234952 0.0280359019930854 0.179888984831694 -0.526123040788896
-0.00337062329083521 0.03966945546042 -0.507278092754345 -0.796173110888709
0.0290735013217086 -0.00889086654009332 -0.936319352363214 -0.000758356618029725
0.00599251874736262 -0.0135265112258357 -0.288656524805693 0.692511615361272
-0.0294902026813611 -0.00499220682243377 0.290468670074199 0.466725022226899
-0.0239026500374511 -0.00581749756139078 0.344798367933866 0.0828816879960527
-0.0163602784057539 0.00698255996467791 0.13862282034836 -0.193462131546952
-0.0189656721924732 0.00151231663835557 -0.12403015395097 0.1180489724761
-0.0300783709450219 0.00264125547000456 -0.245499050270016 -0.101462646215967
-0.0198728534023052 -0.035971015923116 -0.146341476704917 -0.418867208917806
0.020037416742394 -0.035040697591396 0.425261440375602 -0.537860733837298
0.0225913123462253 -0.00996237515324706 0.825948541094197 0.103331715304722
0.00747504734629453 0.0354645246910305 0.382679318848185 0.759432513087735
-0.0357474289726466 0.0465945328000375 -0.199723405487674 0.581016530995174
-0.0490581099906645 0.0245894495342219 0.034922232680738 0.0560896699944076
-0.0252445019353613 0.0384667417033493 0.169209014646021 -0.515584101164888
0.00632742165291209 0.0476629341417862 -0.512765918425041 -0.781747922415278
0.0319023305128917 -0.00425720897238071 -0.938650516876546 0.0137449201633638
0.00200213148345163 -0.012832387149877 -0.280102886083624 0.701416956140722
-0.0286673651117531 -0.00706018314817958 0.297769975603085 0.469746754843614
-0.0215645505716036 -0.00358616129377615 0.350294882586039 0.0853324970427147
-0.015712733457759 0.00875280587994354 0.141380288144544 -0.195346723488198
-0.0163479080665308 0.00396431120030693 -0.120578163053417 0.11743945985684
-0.0234444255793588 0.00560624634689606 -0.241602965385102 -0.0988876257625647
-0.0183052131370995 -0.0344595771373996 -0.141409063170801 -0.415049778954393
0.0155718403020099 -0.0317937968310885 0.423602214638458 -0.535147269525088
0.0214897725322295 -0.00501425453791322 0.825933175470725 0.109372259496987
0.0134681892856079 0.0401560940969749 0.385229956145199 0.766926343856785
-0.0298624812168825 0.0522098303350538 -0.205669065094127 0.591574862086252
-0.0464087940109827 0.0296272033474337 0.024668530432873 0.0665218541083906
-0.0183765486556159 0.0428320832597329 0.165363541882281 -0.501041622460541
0.0130205260606411 0.0523809370024194 -0.51000435225812 -0.774786125453632
0.0316300280314064 0.00114639067951102 -0.93804426947094 0.0170894145944681
-0.00123718947158053 -0.00862251471483233 -0.281491421791538 0.704525530710741
-0.0265533660200934 -0.006105663470027 0.301992435939526 0.475480620117962
-0.0150444449391097 -0.000743129018557401 0.354417998928809 0.0873905195030072
-0.0108766711014505 0.0113438048937841 0.146186229347493 -0.193663819866419
0.0107759491304994 -0.00483596649355747 -0.130551814789651 0.135084512929622
-0.000213278329387092 0.0170619057826167 -0.269508830488207 -0.0732988240001802
-0.00923876897131231 0.0118352335262772 -0.253593554524783 -0.411358558023934
0.0016027036245804 0.00209225163091602 0.256735115364884 -0.616591140477839
-0.030288261147767 -0.0269906274171216 0.810597462504435 -0.0807486564075007
-0.0238260665472526 -0.0285942981075848 0.550995792296161 0.649808790433942
-0.0148291491562053 -0.0180409725857819 -0.077185104545319 0.599475840147581
-0.00911464526961134 -0.0330672153743307 0.0634297915602884 0.0752123440225379
-0.00572120300022438 -0.0338478668941994 0.262743180377182 -0.491636555897996
-0.0335840455239536 -0.017223887109663 -0.361743703513081 -0.880437834476558
-0.0204485133365252 -0.0127035944324123 -0.960366566535234 -0.170883843648649
-0.00766914394273598 0.0270183003730779 -0.446140506164029 0.637959092137653
-0.0134734027300696 0.0377673211168062 0.208634451792458 0.494377059960662
0.0099677348163035 0.00892683028170531 0.343051404432339 0.112333194998988
0.0151495732136388 0.000997393320675483 0.146941908101302 -0.186706397468778
0.00290678738022334 -0.00556091548137157 -0.132008820580795 0.134292113939221
-0.0111910128574297 0.0139632184028902 -0.271086313817863 -0.0803739859163977
-0.0149159436243455 0.00370902417685401 -0.24044065329713 -0.417921897947955
0.00708304444922875 -0.00746323084312597 0.283132555395283 -0.613290200370171
-0.0225197428354088 -0.0296456921029821 0.819579290469632 -0.0557208683801915
-0.0238161376075644 -0.023012408705971 0.525199632134059 0.664378548784443
-0.0224977259692647 -0.0121057526295267 -0.0938635828825314 0.591260845184304
-0.018903308397853 -0.0278656299647397 0.0682765557940758 0.0628343800091905
-0.0149656408418908 -0.0258345251768375 0.251964481770542 -0.509742844089275
-0.0336744962144968 -0.0091363030484427 -0.391824947454773 -0.876954735035541
-0.0105833211858831 -0.0135293750396221 -0.96201993148085 -0.141940847000168
-0.000883251408881836 0.0180065763644224 -0.419587158120847 0.649346516756524
-0.0164339786146931 0.0283203470094638 0.220645471124381 0.487868702057316
0.000978371335902951 0.00344138051846143 0.341070566114382 0.103069755034172
0.00804452111189547 -0.000389627961496869 0.141287556548965 -0.18998231965158
-0.00443584417771868 -0.00517838953433224 -0.133820013672891 0.131283072926343
-0.0211259990676725 0.00931011470501636 -0.268460983802969 -0.0866568320572914
-0.0188208500575068 -0.00591003567202625 -0.225333083587278 -0.423985593133316
0.0107496794687566 -0.0180248681533866 0.318079302046442 -0.604532373479029
-0.0125897037336091 -0.0305682234045118 0.82443749369898 -0.0269032432483393
-0.0197132839194202 -0.0130256151902839 0.495295949291691 0.682720945601935
-0.0294074651106119 -0.00244611878368813 -0.114862116534525 0.582774330135791
-0.029166603104243 -0.0202003654130762 0.066938573428025 0.0533962905269444
-0.024447643842519 -0.015387859948286 0.233696675212812 -0.522948807653236
-0.0296756375230341 0.00313748383519491 -0.430050363696202 -0.863792991502721
0.0012356063019106 -0.0139344286401016 -0.961665427527643 -0.104550292219594
0.0058101886059816 0.00778417784106179 -0.381373980648629 0.661774632447678
-0.0195836408259194 0.0189608481401494 0.239934669482566 0.480495003273611
-0.00926055089969297 -0.00101651617769506 0.340797877843947 0.0946556989118633
-0.00186445196757532 -0.000123886854627384 0.138229028561543 -0.193544708811211
-0.0122696010068098 -0.00464994104849991 -0.133392410666782 0.128872140865513
-0.0288158792080904 0.00669993371920854 -0.265606489542093 -0.0918706466882716
-0.02202053632533 -0.0163433660336654 -0.20463586744933 -0.427006323099605
0.0159992487409197 -0.0271748842838787 0.353016371010697 -0.590745318531907
-0.00140475783069684 -0.0283904667964564 0.829893670055028 0.00857478189645222
-0.0137733700598064 -0.00055151072371242 0.46290553590866 0.705470276818835
-0.0350415409621988 0.0110847128094761 -0.137518588927362 0.578586410256555
-0.0391671268495305 -0.00793511269618403 0.0636312395732043 0.0475812483346637
-0.0296677140573364 -2.6980539672072E-05 0.213948558293296 -0.531590842008049
-0.0221666119012892 0.0157388806357363 -0.468078288404675 -0.842392638337379
0.013201157008979 -0.0135525823079653 -0.957541601056011 -0.0595882204424561
0.00817385529209237 -0.00253490494498946 -0.34479976240924 0.678198091337425
-0.0239699356932909 0.0102300320305833 0.261911991926286 0.474088442597551
-0.0178077592452973 -0.00457237008024362 0.342906833611548 0.0875949931209623
-0.00922867347655235 0.00173778218095138 0.136837369099429 -0.19544847174781
-0.0177871689696109 -0.00306521332993652 -0.131308887767924 0.124997311470057
-0.033139977994797 0.00391468171785814 -0.261052801019457 -0.0972017839374597
-0.0228262661630585 -0.0263253809914067 -0.183345982034532 -0.428596266331956
0.0199984517637798 -0.0334564557706619 0.385741742666006 -0.578242329382532
0.00884804340930003 -0.0230680272438769 0.834850635250025 0.0444798061654142
-0.00730581159812297 0.0130982623657187 0.433806199529741 0.725200977694825
-0.0368200342756118 0.0246229137885057 -0.160160511849057 0.577451448069679
-0.0460960618429745 0.00472298021840549 0.0558774359289779 0.0459805236120887
-0.0314384934340193 0.0147932317546668 0.191341534873844 -0.534750580740563
-0.0133726226203315 0.0286527418533828 -0.500471716951471 -0.82032292770809
0.0223031470676261 -0.011672433526908 -0.955237824235611 -0.0190210210453342
0.00773126491207211 -0.00974022595495267 -0.308954093886212 0.693492015142675
-0.0272810345136793 0.00137730838655297 0.282535457986008 0.469594422598887
-0.0235293320577674 -0.00539658975198543 0.345811988642344 0.0819829968263317
-0.0147839706304993 0.00387055457864923 0.135950721649814 -0.197572117426756
-0.0203965856761006 -0.000659158723226632 -0.128559159852211 0.12333683483432
-0.0333401036263669 0.00256585335771916 -0.256232859074039 -0.0990601324641899
-0.0224383625842378 -0.0332201822151892 -0.166805658780119 -0.426719398022686
0.0217409942810494 -0.0360137791989357 0.410439142887009 -0.561650450277532
0.0175978617491653 -0.0165240192010742 0.836596796898984 0.0748358656000025
0.00101865026747658 0.0261039026019831 0.40962966687608 0.747077504424027
-0.037238758247814 0.0365487904115524 -0.180076003017664 0.581651095386444
-0.0489826117011327 0.0156457662976167 0.0476183733624423 0.0479993454487067
-0.0296283514325776 0.0294530877503921 0.172797042260944 -0.532064523263156
-0.00264378456529773 0.0401853842603799 -0.527923998488662 -0.794997075692539
0.0287061153195586 -0.00910717836932778 -0.948978562476195 0.0153463775577158
0.00586254994347719 -0.0139969163496788 -0.280137341032128 0.704442124710257
-0.0295387945118733 -0.00410112686398456 0.300298129881119 0.466309107038965
-0.0249845148692509 -0.00540990646522743 0.35012063591091 0.0766475872300954
-0.0170088254240362 0.00649579976535653 0.136580204523217 -0.199009983306929
-0.0196814270225012 0.00145932101612749 -0.12472421515483 0.121917978994267
-0.0304253805425014 0.00326360624748641 -0.250498192044315 -0.0969738333626429
-0.0205046483473617 -0.0360764211821149 -0.155760397824664 -0.421341748277627
0.0198953818207884 -0.036173867003357 0.418329155082075 -0.552623851924037
0.022836979331203 -0.0103169578591674 0.837498139916952 0.0899209090688526
0.00757427256975258 0.0355962757359057 0.398303820018638 0.759785895053981
-0.034351095625423 0.0472700808370501 -0.192435696783279 0.58961997928797
-0.04953817533042 0.0259366471394872 0.0365408302920789 0.0558282434663686
-0.0246398294725135 0.0395109329553148 0.161507132984944 -0.522847905310698
0.00723896018746352 0.0486717251469851 -0.533380956475931 -0.780930476891489
0.032101787824351 -0.00429737895891233 -0.95103861096568 0.0298170961320911
0.0017711910917578 -0.0130958852393344 -0.27047070847457 0.713971954193771
-0.0290800401065441 -0.00680370176736123 0.308682822307182 0.468646134882863
-0.0218359636103743 -0.00339073769484836 0.356685717222109 0.0787005792221396
-0.0161700013055373 0.00931043545627705 0.140792079204806 -0.200666568208147
-0.0172759657095579 0.00376026339387388 -0.119883574232939 0.12150957715411
-0.0236089934354336 0.0063670422962084 -0.246718082895587 -0.0954050193986784
-0.0188907850998933 -0.0351051816119649 -0.150839627509734 -0.417547073320903
0.0147770590992902 -0.0326088499306569 0.418738791496377 -0.548679074422749
0.0218196675857471 -0.00533309700625537 0.838418461370727 0.0961077549387311
0.0139265188852962 0.0407136179850484 0.401329841612993 0.767904378461777
-0.0281847735922047 0.0532637395193156 -0.196779684953258 0.599759212222489
-0.0449104549412677 0.0308446605878447 0.0261196433071023 0.0666998060481845
-0.0177921617923508 0.04478955873472 0.159811533859328 -0.509236895128345
0.0146964010000317 0.0524168156617594 -0.528907388227781 -0.771484769785421
0.0328719343751611 -0.000153230287443379 -0.950031064364188 0.0334340080098343
-0.00195209270459057 -0.00871084725413081 -0.271213405199801 0.718435068088212
-0.0267102491247656 -0.00513105945606973 0.314056600546602 0.475391351317794
-0.0150788070030927 -0.000988125665410247 0.361135875512634 0.0811853675491941
-0.0118734842846997 0.0119390598482833 0.14602510644064 -0.199051919769449
0.00998828251125362 -0.00507227127739143 -0.12982624464943 0.1388365798054
0.000370602403129214 0.0169434618465823 -0.273767860376069 -0.0685192986765463
-0.00943314360274591 0.0118912795387546 -0.263209204333711 -0.409737132817432
0.00209612326549103 0.00119545406117552 0.247577806912377 -0.627463366817799
-0.0317655586778513 -0.0261343592461167 0.816303196271323 -0.0978825879297944
-0.024859743311108 -0.028215791719024 0.567078755883708 0.644555472023062
-0.0150165061769181 -0.0188924005961505 -0.0665660168388289 0.605012348451885
-0.00917295281023673 -0.0333097252865981 0.0656442045972378 0.0741851135310258
-0.00603335161109435 -0.0336092878571735 0.255494210855157 -0.501783811011321
-0.0343695806584687 -0.016392696930478 -0.380966036286064 -0.88057938469495
-0.0207035062339068 -0.0121305000469493 -0.969873955479117 -0.153270155132031
-0.00756431413753154 0.0280460199858446 -0.439838473970503 0.651892249037544
-0.012519698087257 0.0385355137118537 0.218947561720681 0.497753967177103
0.0103219696548427 0.00878048371975801 0.348571856817189 0.106020815368282
0.0160270312947273 0.000882258458829693 0.145016192604495 -0.192703327068731
0.00273299830899434 -0.00571200233705003 -0.130851047893384 0.138839653077882
-0.0107663579427836 0.0138103003059919 -0.274554625844798 -0.0748084382592517
-0.0143132906357847 0.00471517600732834 -0.252108133316459 -0.418396153436876
0.0060799660252067 -0.00832535420314793 0.2743020127496 -0.624183811412203
-0.0239442840922304 -0.0293733799220558 0.824345882221954 -0.0731856463666877
-0.0240657815728784 -0.0217566442045973 0.542644729577477 0.660250843230796
-0.0230283496027828 -0.0124956451982825 -0.0834690409700216 0.596438558496598
-0.0189382919777991 -0.0282754703887947 0.0692807202675552 0.0619287828159525
-0.0155383495666255 -0.026611884121375 0.244602522753079 -0.517154593639296
-0.0336548771596187 -0.00845021513143577 -0.409743461860397 -0.876312980982267
-0.0102485062783798 -0.0144326024685376 -0.972293220294995 -0.122599674850298
0.000162417188553008 0.0182218952691026 -0.410680580046371 0.664023639092135
-0.0155719695053652 0.029857809700651 0.233993058361752 0.488027709658102
-0.000118986370217258 0.00307743871582952 0.347133147227465 0.0973812980494277
0.00679859987589611 -0.000792144970152889 0.140050270100769 -0.194905658949464
-0.00569308020711765 -0.00578856233394379 -0.132123788797162 0.134851152662474
-0.0205946767091746 0.0101271792003954 -0.273753806322438 -0.0814334872100346
-0.0191017988921395 -0.00523486018509858 -0.234834479222703 -0.423470723700047
0.0107212702783705 -0.019164801463154 0.308344255187143 -0.616599590164955
-0.0137172679978752 -0.03016834602407 0.832369016496681 -0.0435798329905066
-0.0206447355933104 -0.0128170619903726 0.512815067795687 0.678346277003958
-0.0293187412415259 -0.00219195946710861 -0.103363346145485 0.587957060881601
-0.0296150307890672 -0.0193753283213758 0.0688621820327086 0.0525813586094258
-0.0235895888946342 -0.014619581717418 0.226744842865425 -0.530796946961276
-0.029829036222782 0.00314863445427495 -0.449777282554534 -0.861578374095806
0.00129344526290684 -0.0141056630746458 -0.970625874943593 -0.0848615649591773
0.00593099567781682 0.00762612041463374 -0.372030094884024 0.675709559567329
-0.019574768742815 0.019749123486773 0.25302814859664 0.48045885304315
-0.0104608636915111 -0.00141116023316223 0.346729356951783 0.0896374275817856
-0.00193427456118316 0.000300205684527251 0.136145567040046 -0.197792127632641
-0.0125189989339609 -0.00474162002794526 -0.132900411780134 0.132750386840689
-0.0289505355624421 0.00696649231327071 -0.270120417365348 -0.088760660196821
-0.0228686725188495 -0.0160254101945065 -0.214123961426905 -0.427648196532352
0.0152991460495416 -0.0282010104858768 0.344747746790225 -0.604128888095998
-0.00171387144693712 -0.028014601020168 0.837489311414159 -0.00726304989317037
-0.0146506286954693 -0.000318502302194336 0.481548135396448 0.702063067171073
-0.0340668781262567 0.011001512978736 -0.126471542253911 0.585067725549276
-0.0386310166897367 -0.00752736568204074 0.0653394647225327 0.0475632007070753
-0.0295070909494438 0.00107564260614779 0.205034622836522 -0.538419218355817
-0.0227767160625168 0.0169330148218994 -0.488495035001068 -0.842657029382778
0.012502809436921 -0.0136166809715325 -0.968432327960475 -0.0409650317116877
0.00887254985413736 -0.0025129847175374 -0.333126603174148 0.690692269321826
-0.0238902257167044 0.0101192468186225 0.274287663745649 0.473944912367246
-0.0184150727025643 -0.00361545707502954 0.348577199206953 0.0807511940022028
-0.00936963779169223 0.00143254970931043 0.134593206206438 -0.200139618054081
-0.0179807186983949 -0.00295636185458803 -0.131015676419393 0.128898546011988
-0.0332935225189374 0.00403644784175838 -0.265124797262943 -0.0929998094370155
-0.0237580991216098 -0.0257567667461421 -0.194388801987425 -0.429878842520973
0.0195654906823615 -0.0340595247117516 0.376712687779448 -0.590237176862446
0.00923109471202127 -0.0229333012723867 0.841877397929045 0.0298486874503958
-0.00669185974853004 0.0137597709431059 0.450027208095827 0.723453142240226
-0.0363878224099913 0.0251262191865864 -0.149605483699657 0.584447942418902
-0.0456952438031976 0.00528753522468187 0.0581283240616722 0.045584020539733
-0.0305231501044358 0.0159059609200266 0.184469090919434 -0.542426297642388
-0.0128816576353557 0.0302673482357597 -0.520833775223164 -0.815459852042016
0.021817371416568 -0.0120678459978767 -0.962298550840963 0.00168899169156184
0.0083666268516725 -0.0106755408065868 -0.296154265239573 0.705555611543119
-0.027505953187824 0.00204655961404894 0.295815110729814 0.469299768066245
-0.023947221558162 -0.00486149356853592 0.351181571407049 0.0744527653918795
-0.0145853179587777 0.00422906102612769 0.133781712944611 -0.203039190484079
-0.0210616142763008 -0.000986695664759792 -0.128047696520003 0.127270317395846
-0.033617145243928 0.00272230660264614 -0.260150978875321 -0.0953456191941904
-0.0238117382483111 -0.0323240716566685 -0.175485744198558 -0.428318592060801
0.0205116610411596 -0.0376464913220249 0.402272313885559 -0.575883043989636
0.016982595884777 -0.0164417101372006 0.845455202211979 0.0606311367742786
0.00071567324617732 0.0266519901396248 0.427320122312786 0.746066648866253
-0.0363086104827439 0.037594099638492 -0.170140043802333 0.588798719702015
-0.0488810024599614 0.0171251511696089 0.0493239512157495 0.047541140025887
-0.0289557788291708 0.0297053259466427 0.163380812835791 -0.540943843274795
-0.00166562799485138 0.0413652710063704 -0.54573937090085 -0.791563738893613
0.0293396108654835 -0.00944806179133905 -0.956403722053952 0.0359043540481734
0.00536531797522059 -0.0140404537623947 -0.267913078659015 0.715222260060277
-0.0296487932212969 -0.00310763899691585 0.314101992205738 0.464635677931293
-0.0251670687066578 -0.00398876342363449 0.356053123131036 0.0704420600776139
-0.0164858934626333 0.0077539331031297 0.135277945631921 -0.204157663792486
-0.020032935784738 0.00134359582964102 -0.124049242931987 0.1261106527132
-0.0300745893030109 0.00330541580073623 -0.254733951689112 -0.0935342293247589
-0.0220278869637583 -0.0358266487532249 -0.16496119471077 -0.423268854649765
0.0196533753802965 -0.0375980340964784 0.413625896079297 -0.567571918300994
0.0219153539380516 -0.01030351556614 0.846675472619232 0.0746039309248228
0.00845484737612272 0.0368191165690347 0.416410421985612 0.759024180821776
-0.0335136702131388 0.0477858815513274 -0.183947037052935 0.596762340933767
-0.0488763030199162 0.026928563648437 0.0376734284190168 0.0557342947547785
-0.0232700912222179 0.0398809989795172 0.154075932570453 -0.529589780631593
0.00837276472506427 0.0490163239751402 -0.553716558685242 -0.775782752015207
0.0325119330964297 -0.00558719283960126 -0.957149221535571 0.0488098667903272
0.00168439457022411 -0.0133608272969038 -0.257172898661092 0.724317197144873
-0.0299615141115698 -0.00595651897340578 0.322468340172768 0.466532349053698
-0.0226571090063354 -0.00307257909507348 0.361834847081342 0.0711874122968747
-0.0152103054832861 0.0100646677072536 0.138550109867451 -0.205413717867664
-0.0176329644537671 0.00443257837760087 -0.120324094389921 0.125730038929303
-0.0240979458051831 0.00629204018684582 -0.250425133599768 -0.0911659875096322
-0.0207084950401282 -0.0343044240085015 -0.160549920659857 -0.419635488402091
0.013859730770037 -0.0338580848926287 0.410541176817993 -0.562851070236868
0.0217564833143818 -0.0054864164192713 0.846684262569546 0.0792711623846329
0.014269262370624 0.040839695656819 0.421232590629644 0.765769318802141
-0.027511786841298 0.0534051732079275 -0.187281286737214 0.607922298921176
-0.04472565929584 0.0319227382800783 0.0281169620396922 0.0661078594059095
-0.0165757479731224 0.0443381026072333 0.150387643408596 -0.514846754947374
0.0156480198007706 0.0529734287168844 -0.548403757290373 -0.767597784022451
0.0320927330082169 0.00010336354496036 -0.956460251018007 0.0502182489745608
-0.00158575653959801 -0.00932986336882002 -0.257637532046235 0.729986714242943
-0.0274212881175531 -0.00386607591068695 0.325812313816395 0.47269877772069
-0.0159701634489786 -0.000567668131136859 0.36651914781209 0.0740306963337025
-0.0110345565713882 0.0115151366701582 0.143927126466267 -0.205308655495343
0.00949056507617783 -0.00596884298498787 -0.128134742500388 0.142743662860149
0.000422273594629145 0.0163750646211094 -0.276407836799211 -0.0624972355122221
-0.00908942105772751 0.0117997968017627 -0.272995535975001 -0.407752780854536
0.00232956026505891 0.000987003954573792 0.234246803753893 -0.636373028050084
-0.0322008913760188 -0.0252705598074856 0.818119818161348 -0.114413047695816
-0.0261870545808661 -0.0272412569887859 0.582824662178324 0.634774192842331
-0.0150810213295829 -0.0185541338995775 -0.0543337404441415 0.607717208210979
-0.00988757746572781 -0.0328571466487319 0.0677005255206987 0.073666932813217
-0.00732030505208776 -0.0339466037689809 0.247198948395014 -0.50680636461724
-0.0352616570558206 -0.0151936521650396 -0.40027753137793 -0.875030702356535
-0.0215196479066675 -0.0120510405481341 -0.980720359568673 -0.131360613418374
-0.00704553514245808 0.027949914309405 -0.42637259600287 0.66519737511337
-0.0106216085078934 0.039183904800436 0.231439996182768 0.494492205067911
0.0106979176729304 0.00830014897804411 0.352724700492743 0.0983827187509171
0.0158991066168942 0.00100016430390346 0.141957329018494 -0.196206463223434
0.00211518621726608 -0.00669329560987971 -0.129994032896023 0.141574731716592
-0.0102438308309228 0.0135975103102588 -0.277412786187131 -0.0684393756075822
-0.0148453248313425 0.00397467558199044 -0.261569749313527 -0.414395256501628
0.00601042190788308 -0.00910713507377378 0.262370301615313 -0.634320270160168
-0.0249598473728979 -0.02853108528726 0.828795406792505 -0.0892363810758959
-0.0243816209889588 -0.0212250008641691 0.557322275577755 0.648820437370486
-0.0226027601577867 -0.0122640331747388 -0.072514127651231 0.600691465944523
-0.0198185111126334 -0.0279505802863128 0.0704761862145909 0.0609735314283411
-0.0160356791382425 -0.0263893716856693 0.236656429654453 -0.52442955359017
-0.03442509253867 -0.00746767868330025 -0.430505673605445 -0.869803884288668
-0.0114846945991702 -0.0135572727098497 -0.981253389489541 -0.101280034060912
0.00041344032478734 0.0184773535546403 -0.398626024274487 0.675780519731106
-0.0148326670350418 0.0303289132197344 0.244763523206333 0.485447758544297
0.000393766121639164 0.00347141089189977 0.35053192985667 0.0899521777217024
0.00792301931776237 -0.000868180330641242 0.136599321785603 -0.19878928603236
-0.00602606776826411 -0.00598568208582118 -0.131714549796378 0.139035421268993
-0.0207413948884524 0.0107392954459642 -0.276524084220589 -0.0758402008422873
-0.0199849389878864 -0.00514908724146609 -0.245088679914509 -0.421864376143322
0.0100600911120729 -0.0199325240856779 0.297507661671124 -0.627422124967892
-0.0141502559328147 -0.0298492681084677 0.833780599503817 -0.0612224955275909
-0.0210027923751899 -0.0118046001283903 0.528059890621418 0.669065073135945
-0.0287320720815108 -0.00168899823301196 -0.0921693308057912 0.59101470930911
-0.029957054137155 -0.0184263619913437 0.0706944219505371 0.0508620590735362
-0.0237582719179669 -0.0137373345085574 0.218178046212162 -0.535961614896383
-0.0302721961402728 0.00461505910711708 -0.469034572152143 -0.85449488928791
0.000741745449213166 -0.013858508634058 -0.978092344559254 -0.0636086561507968
0.00610147164463671 0.00722601266950951 -0.358307835501062 0.686626845033923
-0.0190439739503756 0.0209561731519212 0.263513013119129 0.477107017851868
-0.00977989537908527 -0.00055058701464464 0.350752831885085 0.0816986836536865
-0.00141558931154673 -0.000499402856604526 0.134028258509136 -0.202034610563473
-0.0126731333028023 -0.00450163343356091 -0.131579215718544 0.136100949199879
-0.0281322728858133 0.00711848914706683 -0.273407832184726 -0.0823166223348001
-0.0235676974552176 -0.0155513725346597 -0.224859180069805 -0.427232671921035
0.0149378037961388 -0.0290180539675907 0.332800714422188 -0.615611369989463
-0.00244931707186345 -0.0279886673448262 0.84321966591283 -0.0254016523173374
-0.0144407705563913 0.000565779117024346 0.49573089760821 0.694462626058068
-0.0332357139987323 0.0113908310721873 -0.115086091358499 0.590313157449974
-0.0391471016855684 -0.0064315733125261 0.0664142243991213 0.0458757811444871
-0.0289579107874529 0.00147247497682244 0.196345345149795 -0.546606706973001
-0.0221366246745214 0.0175220215460797 -0.50736340857794 -0.833955563160157
0.012677715404002 -0.0140714167942399 -0.972674424314294 -0.0201809833979569
0.00844379568914742 -0.00230474108143284 -0.32082319633107 0.700647408384587
-0.0234301536987831 0.0108518978742751 0.285286662476946 0.470007882149831
-0.0182946364586341 -0.00365687028005436 0.352351472524886 0.0731739894078274
-0.00935583365472232 0.00203492261104922 0.130644618540773 -0.205222688764724
-0.0189538524728224 -0.00297136703904394 -0.130130401579809 0.133269065801715
-0.0334326061676582 0.00440168791472395 -0.268085081987204 -0.0867509801935158
-0.024992493814366 -0.0254743432819728 -0.203559732823937 -0.427971088353421
0.0185282626795236 -0.0356687043351568 0.365410025955058 -0.602652518456839
0.00831887970011569 -0.0227309825492714 0.847978540787512 0.00979882468285103
-0.00765702000511308 0.0144865432372594 0.467518581777103 0.717561476749367
-0.0360167639351295 0.0256640450227723 -0.139183449142833 0.587992296744836
-0.0455299967805492 0.00646124107910678 0.0590219146220702 0.0438334100617871
-0.0305105053660844 0.0168813876890644 0.175393260460273 -0.54714795954711
-0.0116163258081766 0.0307904853648107 -0.540817675962652 -0.807376747387583
0.0223001222409031 -0.012588033815504 -0.9684146431061 0.0214201348815709
0.00788931611299799 -0.0101253539715557 -0.282394394883626 0.715395165177948
-0.0275267902792756 0.00345859417471271 0.306268324513466 0.463838821225736
-0.0245214965379093 -0.00454455422483913 0.355458464561022 0.0685359746504377
-0.0147959004624748 0.00436331806172297 0.131148843984868 -0.206675753387818
-0.0207345782205395 -0.00111969624018031 -0.127198759643872 0.130766914752631
-0.0335746990891601 0.00354944991967972 -0.262555681608332 -0.0898879166641823
-0.024989217585326 -0.032567776608306 -0.184329381460244 -0.427908812456355
0.0204379488484267 -0.0383828394676698 0.392470041126964 -0.587230858563832
0.0171701369333144 -0.0166436260655369 0.852306031553064 0.0437031902628913
0.00139755431377019 0.0268851358797945 0.44430234287353 0.741654002747938
-0.0350721335839329 0.0378953586726296 -0.158609342141241 0.593797012483532
-0.0491903321337252 0.0178003546145923 0.050281681700551 0.0460589890323084
-0.0285760171281615 0.0300893820251262 0.15429528754137 -0.544753097827785
-0.000585278297595634 0.0421158967356486 -0.566259145332446 -0.782369075106244
0.028701134891179 -0.010403069076726 -0.961285358879654 0.0560507018152852
0.00538557023802717 -0.0143035943200261 -0.253545313222955 0.727581778215409
-0.0293867287701114 -0.00277612341244429 0.325215555167382 0.459433542157923
-0.025778486957968 -0.00411865202257705 0.360726433658826 0.062600130938495
-0.0171533413793273 0.00777697568564728 0.132202672630108 -0.208481034979301
-0.0197560179151965 0.00153361845655389 -0.122790519872487 0.129330019999445
-0.0305932895582629 0.00416031340565113 -0.257598995799317 -0.0881463797675834
-0.0239605957829469 -0.0356041390117952 -0.175211649769113 -0.42289649517943
0.0186650001766474 -0.0385632144027516 0.401721256988493 -0.581269517087664
0.0220894855501923 -0.0109006533767542 0.853917061530009 0.0580095130152976
0.00926717553763704 0.0367988199759807 0.435459005865462 0.753348556398255
-0.0329991295983558 0.0481734998614999 -0.172160845883743 0.603080383360617
-0.0483482724534005 0.0275926831030923 0.0391718306138503 0.0550156444066013
-0.0225854063437085 0.0415830437537655 0.144782692175259 -0.534043179375188
0.00974004507733536 0.0492160141684769 -0.571737684996741 -0.767618268339117
0.0324415803930323 -0.00588545178078357 -0.962849928713954 0.0700646848903261
0.00111099062708574 -0.0142394872388678 -0.244505299604671 0.734106149146178
-0.0297588337364528 -0.00493406878108929 0.333891128193342 0.462685420772275
-0.0235395970345598 -0.00237737297869805 0.366032476032372 0.0629907888698203
-0.0150490232930356 0.0101567225941386 0.135128973767097 -0.209465868071257
-0.0170394439951321 0.00461523503214717 -0.119311554834808 0.128254662196677
-0.0238255420013594 0.0065784650212108 -0.253872737961877 -0.0864231395299588
-0.0215879514173676 -0.0348369877351312 -0.169748847664834 -0.419654578527776
0.0131294069932374 -0.0353067502659972 0.400731289078111 -0.575434081175307
0.0217646678011459 -0.00567536478427706 0.853641879390055 0.0631893665357077
0.0147192888025833 0.0411505964940804 0.437265171700564 0.761735374460368
-0.0255614275194982 0.0541089171422029 -0.176094255814879 0.613458444944756
-0.044418241750444 0.0326871388213892 0.0295479158556003 0.0655998102354017
-0.0158720894076816 0.0450378426824341 0.141227559192169 -0.519140922816718
0.0171428654609054 0.0528393822498596 -0.565870894409656 -0.757618813345655
0.0318691511917124 -0.000347339951108406 -0.961078173115714 0.0721980143366686
-0.00236973847518783 -0.00942537768424733 -0.243609481660157 0.738093777382286
-0.0267512578614714 -0.00342691908342561 0.33814095301896 0.468155890190156
-0.0162558511840328 0.000151644638787274 0.371386247783221 0.0669734569606299
-0.0108057597604904 0.0120976685209788 0.140302696593142 -0.208466671749266
0.00932920724857308 -0.00647819458173982 -0.126376503681377 0.145841966519173
0.00123268581884966 0.0160398705099802 -0.278441864678175 -0.0569601608360158
-0.00892255629735787 0.0128977634061901 -0.283107661071492 -0.403541950542256
0.0020931246192247 -0.000260158974171607 0.220039297262866 -0.643718258985639
-0.0332706740264348 -0.024401315860943 0.818382745791325 -0.133339216268752
-0.0272776164365894 -0.0262902752373984 0.595750558133465 0.622788182159258
-0.0154901659369876 -0.0194435747543599 -0.0416179578896873 0.608702270160173
-0.0102636985069525 -0.0330404542129914 0.0690852922648804 0.0714145881702866
-0.00701816394822458 -0.0342076000149664 0.235414124107125 -0.510831926044993
-0.0350447886165873 -0.0141946693386878 -0.42081975609255 -0.867102942003458
-0.0217024610675888 -0.011413079820544 -0.983975887384966 -0.111804035610216
-0.00618517816239069 0.0278836422640753 -0.413853020520827 0.67540609940891
-0.0103224498255453 0.0394161215600852 0.241671642063495 0.490270070070897
0.0105299995686893 0.00836817259407852 0.355947407824411 0.0904117717226294
0.0157791352205083 0.000110858052727373 0.13861470627792 -0.201150194944796
0.0015868317037607 -0.00701683149080513 -0.128084190300309 0.146017870986971
-0.00956256404931941 0.0142973986238523 -0.279561325007234 -0.0629834399882312
-0.015097399866089 0.0050110944914845 -0.271587341196693 -0.411392357554756
0.0067995328343288 -0.00981700238557806 0.248412845428734 -0.642707552136357
-0.0254555047697771 -0.0277439211278665 0.826425627754724 -0.10742205758204
-0.0254677694568816 -0.0205668262549942 0.57248490404759 0.63914632817418
-0.0221114932215527 -0.0119892595019441 -0.0585780552270582 0.601026699679999
-0.0196067850928256 -0.0274109054927136 0.072508283890791 0.0593067090535325
-0.0158831411808048 -0.025560035911419 0.225857278443033 -0.529573795611167
-0.0341754930672922 -0.00672603633679604 -0.449883125656887 -0.861150848401621
-0.0110688623485519 -0.0132786340290858 -0.98504213977522 -0.0819188744006646
0.000860611419312766 0.0176108993046208 -0.385144086000479 0.684281982433271
-0.014431397117266 0.0313520615082176 0.255878642403619 0.48140565061524
-0.000314350844050309 0.00392080449533797 0.35385009604658 0.0815032242187164
0.00795005187546075 -0.000316533402031698 0.133071784519794 -0.203629449936797
-0.00690490849723925 -0.00649713467837029 -0.129868802522989 0.142185757884597
-0.020265162210355 0.011127001852511 -0.278358552593081 -0.069476010631022
-0.0199049441447574 -0.0044524438576225 -0.254452317152205 -0.418117624818634
0.010426585916932 -0.020063906424242 0.283592908613403 -0.634885473261199
-0.0152912930716694 -0.0294524325202089 0.833725996537941 -0.0796567601570589
-0.0213848595221793 -0.0112622559116456 0.541804017666396 0.658574924157414
-0.0283207936876411 -0.0018051849690313 -0.0787696532822076 0.592256779073351
-0.0301356098691629 -0.0173753875570788 0.0729839933453703 0.0490736006698863
-0.0234962786257286 -0.0137478764081158 0.206802153767448 -0.541538889191511
-0.029672152715561 0.0050689148286131 -0.487481437247048 -0.844816150560846
0.000344203130726535 -0.0142116109840081 -0.981116933505891 -0.0413096960987699
0.00656888069561265 0.00724784463018946 -0.344605240980841 0.695646706264718
-0.0182728338835183 0.0212288424602966 0.274466327571106 0.471976878386368
-0.0102694687860617 -0.000347715252538522 0.353808597429598 0.0731510959306714
-0.00138025747514893 3.67851733042174E-05 0.129298225515415 -0.205453443777189
-0.0137280947507699 -0.00468942920793046 -0.130042912291392 0.13980411138267
-0.0281847341659429 0.00789160328997414 -0.276069678841219 -0.0751738966798279
-0.0241237150559431 -0.014568934604019 -0.23302103970748 -0.423607102005027
0.0147195378674717 -0.0298649759282313 0.320505205171375 -0.623299905225034
-0.00341394784040596 -0.0273922564058252 0.842952772860889 -0.0434601343630893
-0.0146790973991862 0.0013541566184317 0.51123586273431 0.684923468899853
-0.0328283040368879 0.0119162863723131 -0.103627683789638 0.591501695923108
-0.03872933049432 -0.00526177976374712 0.0681359594833383 0.0440376079354708
-0.028880531245048 0.00229713308400162 0.186244831796445 -0.549512678186637
-0.0216501943265946 0.0179740797337425 -0.524878400239225 -0.822777801205896
0.0116209542646643 -0.0143056684392001 -0.974808343592801 0.00106533967921065
0.00837534997721086 -0.00321837215230785 -0.305187520510369 0.709381528903782
-0.0232192770951665 0.0114115427838053 0.297075583660244 0.464418981683645
-0.0190307288726315 -0.00310627353277461 0.355847803765817 0.0656433872312753
-0.00966652825698112 0.00198015470409598 0.127122529052587 -0.208600197365569
-0.0186099924537853 -0.00321399328552555 -0.128570964150612 0.136777104000669
-0.0331149730684103 0.00556473463750673 -0.271032454893076 -0.0810639335008365
-0.0261428846155968 -0.0248385782103323 -0.214475643620139 -0.42536185242572
0.0180103892243863 -0.0366313773305461 0.352666159276506 -0.612662633261929
0.00826677739758606 -0.0230355519304956 0.849933778974729 -0.0080465318791903
-0.00722573493626009 0.0150970104710196 0.482501931437229 0.708337469209974
-0.0348765268856104 0.0261443674677809 -0.126156077079288 0.590875090296791
-0.0461156204960208 0.0076344882626161 0.060111775624535 0.0430662985534168
-0.0300800481994106 0.0177747232852295 0.164048713937923 -0.551111606428994
-0.0108721830555448 0.0315570442053044 -0.558308445124302 -0.796413174362626
0.0223121507148903 -0.0131456066941122 -0.968741304565967 0.0426575860059917
0.00728323276249051 -0.010657802311826 -0.268278833797748 0.720265386339238
-0.0274254967983019 0.00430678172559952 0.317946780727238 0.458874163227626
-0.0244936943355173 -0.00389858428066125 0.357891802003098 0.0588826548645284
-0.0144360055307124 0.00467133609469117 0.127547968228792 -0.210353472613711
-0.0211227273189739 -0.000742046595668272 -0.12530909632164 0.134393975804538
-0.0332444305342863 0.00405894154546708 -0.265884812962256 -0.0837492913175752
-0.0259363181576641 -0.031499148185543 -0.195125837884353 -0.426817330627902
0.0193419426929656 -0.0399945014745445 0.380388148545517 -0.598694158550226
0.0171553043873494 -0.0170081570836715 0.854912268782272 0.0231272140669386
0.00167689612235411 0.0273445101924196 0.459445871656832 0.73240165466081
-0.0351232816754504 0.0378980129531283 -0.148704788517724 0.596957018622832
-0.0486171898842456 0.0192935600400306 0.0515205289120536 0.0453961273505508
-0.0267785678006265 0.031155382897358 0.143506576607246 -0.547935695950209
0.000608545902762377 0.0417110947141144 -0.583814136763709 -0.769506076938846
0.0278503196599948 -0.0107036134741891 -0.962557121274326 0.0783995622131253
0.00462238085977776 -0.0146820504367941 -0.238060713372945 0.73237651405723
-0.0301026510729431 -0.00110213863182634 0.337656416132464 0.453644062292469
-0.0261552755601605 -0.00291204699202893 0.362476128178063 0.0544932432279067
-0.0164520553957645 0.00773172837202483 0.128704613528297 -0.2122876831946
-0.0209961493070071 0.00159574868009814 -0.121810466318055 0.133014815736712
-0.0301250457258566 0.00433043538725688 -0.260153009504141 -0.0824133367844436
-0.0246882695232433 -0.0346888043849639 -0.184665876918519 -0.421218883215323
0.0177675891353971 -0.0394791967730051 0.390613401007496 -0.590809481733524
0.022008007470994 -0.0104134588765091 0.855902376618702 0.038545452846268
0.00965015218462347 0.0372971513768112 0.451555022776941 0.743993021082763
-0.0312462667380645 0.0488835197969548 -0.158038625601172 0.604606623786768
-0.0481403620939113 0.0292679161837261 0.0406499675280322 0.0547259820244447
-0.0216408723576832 0.0415324191419445 0.132853633536505 -0.537413083327263
0.0104078481381309 0.0502779197578407 -0.58882277811145 -0.755777160477467
0.0323960151919941 -0.00673588737812251 -0.959891647638792 0.0923827865415073
0.00080461796752514 -0.0140542735999283 -0.227812418776199 0.740336886886153
-0.0301257321516292 -0.00355596956167879 0.344978855609362 0.456973844475758
-0.0235649677619781 -0.0020285630869965 0.368870075866557 0.0553205442546502
-0.0151191312007078 0.0111385652833561 0.132128514634914 -0.213326639486127
-0.0179893650115383 0.00418597608131856 -0.11725691827553 0.131289080638224
-0.0239448597817334 0.00640260129229867 -0.255852070225284 -0.0805915756461781
-0.0222254838215779 -0.0342906225936259 -0.178650586879035 -0.417893005857989
0.0121370244156514 -0.0357534249297602 0.388381519504506 -0.585143313533432
0.021282749148026 -0.00622651335691034 0.855898231319974 0.045678740241252
0.0163994458118472 0.0419529283220641 0.453803566068961 0.751282520359511
-0.0244803153700539 0.0537844980455313 -0.161178932937006 0.615357966784745
-0.0432832558316757 0.0337190538322342 0.0312965728571713 0.0648069433259107
-0.014236266387377 0.044874539760564 0.130447229937926 -0.521995348566869
0.0182682473798688 0.0527511917219987 -0.581921606739177 -0.746111370562332
0.0322831003314038 -0.000841550143295192 -0.960847702503924 0.0953816750940573
-0.00196817866387424 -0.00904077286128 -0.228623533964185 0.743954936924205
-0.0269613215808954 -0.00288185733408599 0.349127809264138 0.461318354980299
-0.0163223181555568 8.09282006506984E-05 0.374083723443453 0.0580308094378029
-0.0109626255426937 0.0125161395306767 0.137086110070122 -0.212426685116941
0.00867861315439608 -0.00692607497868972 -0.123624825003224 0.148496246611721
0.0018931679439781 0.0162409671930834 -0.279198254506059 -0.0499710870759797
-0.00845813114703866 0.0130071933762337 -0.292816189858858 -0.396226280254005
0.00257684833904038 -0.000124350420309107 0.206045995776566 -0.648090252980563
-0.0332440335706559 -0.0234315101954376 0.813331005720084 -0.150749242647043
-0.0273169804816402 -0.0259955509053413 0.60705451640278 0.608375903293747
-0.0153851282330895 -0.0191889899031035 -0.0284569480464238 0.606580482234054
-0.0107669158942986 -0.0323865169796739 0.0703946473239142 0.0697848163427288
-0.00828160084480717 -0.0332190091523854 0.227332540879057 -0.513899608054685
-0.0352309300372214 -0.0132515487998056 -0.438375570452067 -0.855482263858105
-0.0225697554108714 -0.0104861179688013 -0.985337295088452 -0.0889370136521942
-0.00580587476593391 0.027967513233055 -0.39712823922589 0.684696997308691
-0.00909508907608678 0.0400082637063732 0.253590345145824 0.48489813596884
0.011226500354443 0.00835042119554495 0.358625451491772 0.0828606640995065
0.0162516586657171 0.000279533066262175 0.13423388951268 -0.204037385818758
0.00134255440375699 -0.00749947450925882 -0.124898444550489 0.148610024007461
-0.00957234184832255 0.0140586410662851 -0.280896343713741 -0.0559739287818783
-0.0145713635679032 0.00591625907461545 -0.279813549309884 -0.405041100108995
0.00583074882340307 -0.0103965413842891 0.234798663913162 -0.646563956281295
-0.0257887870882027 -0.0268969266035578 0.821994656281977 -0.125813014152928
-0.0258625117669232 -0.0197093626567106 0.583029831923217 0.624835325329034
-0.0225594023015287 -0.0122891459408674 -0.0466172856023138 0.600200436415271
-0.0203156340911872 -0.0268387560423936 0.073672235712158 0.0576504748586397
-0.0163774871966474 -0.0255595013968145 0.214588965442187 -0.531343208410382
-0.033698927681878 -0.00497202871165496 -0.466641562891566 -0.850085691212429
-0.0120513923632018 -0.0127120116244086 -0.986155995511923 -0.0591113883684598
0.00138622455822191 0.0183948585868619 -0.367809694589598 0.690465237949609
-0.0130111307540863 0.0316767726739949 0.266516705498012 0.47528479755499
-0.000257886090332194 0.00376339378842786 0.3560635021032 0.0738386097499624
0.00710479729038889 -0.000360995949281686 0.128879564612636 -0.206706823082712
-0.00696316969275728 -0.00604255157267913 -0.127727903327971 0.145463465618272
-0.0198986196573363 0.0116095304462741 -0.279057243486173 -0.0627550567667626
-0.0200745413781015 -0.00345170114578704 -0.26326303868228 -0.413189417542892
0.00931117957456611 -0.0212371836113133 0.268258417492953 -0.640439206583376
-0.0165595346724519 -0.0287438426190568 0.832084305949761 -0.0970261376105422
-0.0221456114101027 -0.00952866388227298 0.553458575774578 0.643782079162825
-0.0281049297096219 -0.00137230013765175 -0.0670029102581897 0.592545393410527
-0.0297832026510287 -0.0170014919122043 0.0732026788325961 0.047897956307278
-0.023454588498685 -0.0131581285481026 0.194669103905219 -0.542701380954584
-0.029435720740411 0.00509176826191787 -0.506096586520521 -0.831521653701998
-3.96102294701779E-05 -0.0144610239496079 -0.981840149835528 -0.0218894107244424
0.00663861460123139 0.00670193691924109 -0.328524547307593 0.70143765786538
-0.0178386934747277 0.0218069644190432 0.28449498694186 0.465975051565524
-0.0107148910675015 0.000195567220403777 0.355649957609542 0.0649703651879899
-0.00113890620213177 -7.81867238004224E-05 0.124969442571379 -0.209334999464051
-0.0138975648906328 -0.00494734538057479 -0.127669937847952 0.142966970789774
-0.0285147801788517 0.00803697790244539 -0.276372229150422 -0.0691193037124987
-0.0245532266557431 -0.0140748007936685 -0.242998712937676 -0.418111739620118
0.0136942886591823 -0.0305965066043925 0.303033200406969 -0.631738779936324
-0.00464714470240188 -0.0270927962736937 0.840013271085793 -0.0625267257443654
-0.0151195226085242 0.00240354004699849 0.524894607450436 0.671776110712913
-0.0323564973953077 0.0120014446843191 -0.0895921239632207 0.590459643572461
-0.039024273313468 -0.00429700671130438 0.0684172061961446 0.0423398763102462
-0.0287392420929063 0.00183451115325124 0.172595178108476 -0.551053266623265
-0.0207045804617971 0.0190368699183325 -0.541910085572266 -0.809525786758959
0.0117896895428759 -0.0143662193214579 -0.974174704666274 0.0228352496590776
0.00840864830464605 -0.00346801899518034 -0.289659541303127 0.71598805645042
-0.0231180971905239 0.0126033819951948 0.305961552768992 0.45774759752199
-0.0200308786656876 -0.00189401127361653 0.357274080121979 0.0579535364519175
-0.00902790712941723 0.00298894705941488 0.123583212625327 -0.211524837845935
-0.0193720209285033 -0.00325406121634268 -0.126071816378737 0.138514224728161
-0.0327992744383353 0.00577757067246002 -0.271941421457203 -0.0747823275292496
-0.0264693587794722 -0.0234673944895383 -0.221799959571095 -0.421644564384006
0.0168476248973002 -0.0377594602010133 0.338559534705611 -0.620619064581091
0.00719302703688861 -0.0228264049359548 0.845982800140856 -0.0266019214584613
-0.00658526193592048 0.0154168000029504 0.495702195406702 0.694526891803326
-0.0338984723169395 0.0262805820180034 -0.113179277517611 0.592010537338872
-0.04521640426959 0.00887667326595486 0.0606797737153761 0.0411989312637883
-0.0295954243052581 0.0179062832577733 0.152838397843005 -0.551036192956544
-0.00993012032252393 0.0320965194822346 -0.573364988365892 -0.78098308065445
0.0209537276393303 -0.0132892118210615 -0.965351074773546 0.0639497699773783
0.00764402555136729 -0.0108453536770695 -0.250957957713428 0.72613125148399
-0.026937284877677 0.00506217081243168 0.328646326608032 0.450637668835195
-0.0245556321727619 -0.00284223927945343 0.359424047496259 0.0512406181279908
-0.0148621287738679 0.00543924548597906 0.123157956080248 -0.213784669058059
-0.0218286285069094 -0.000439977340207489 -0.123401337080996 0.136164400177921
-0.033613602348662 0.0044016808609571 -0.26662234640748 -0.0779626485217101
-0.0265777725842451 -0.0309601044043793 -0.20378903754756 -0.42117385039972
0.0190058208946863 -0.0404980474507398 0.364433034381813 -0.607761151921759
0.0164355478177307 -0.0167431523465298 0.853857883875907 0.00617809325401143
0.0015456575922762 0.0282841032364849 0.472922560390869 0.719771190062653
-0.0328130552778828 0.0382795245821271 -0.133960541377411 0.597517873878508
-0.047442836548516 0.0204069488371604 0.0522130520029605 0.0440689031869066
-0.0261307474961141 0.0314979989614024 0.131766305492136 -0.548196122348819
0.00147304840198106 0.0421442884303704 -0.59845573261276 -0.754489524177318
0.0284759825652963 -0.0115209972753384 -0.957616408849126 0.0993314318274685
0.004620458535135 -0.0145913898687512 -0.220644878582938 0.735712289780965
-0.0302570401592483 -0.000727912056666506 0.344837911774216 0.445638211511211
-0.0259542030980554 -0.00182337357068524 0.36475193377256 0.0455651387891214
-0.016476811356167 0.00798061554756502 0.12370788078678 -0.214892405808313
-0.0213766146311937 0.00154129078006256 -0.119210088982593 0.135948072106163
-0.0299660436961885 0.00510211122221636 -0.260826970118186 -0.0756239460567854
-0.0256495851654027 -0.0341083587949354 -0.194023223882327 -0.417711831286699
0.0171112976454008 -0.0401023792065698 0.376683849643152 -0.598714277461932
0.0212615758406355 -0.0110718534323873 0.854148887501961 0.021114775049708
0.0106854637155995 0.0378756950535495 0.463494534436954 0.732907115913169
-0.0300743825831591 0.0491797413642023 -0.145750905572965 0.607425261890466
-0.0468382256066203 0.0297890982919141 0.0417805478722118 0.0531419885537673
-0.0201311068439332 0.0413208605402393 0.123362679298214 -0.535928630764173
0.0126622404054445 0.0491898749723265 -0.602944904728485 -0.740293625287854
0.032622240421179 -0.00712667781298046 -0.957517166190421 0.112320628891491
0.000721720403209457 -0.0141137978011626 -0.210439689192705 0.742961954195413
-0.0291163459890814 -0.00287271191364812 0.355018827799619 0.446928952960597
-0.0230442650497733 -0.000663194348661501 0.370274393300036 0.0455451140842662
-0.0149730091293581 0.0111895290916392 0.127387088943004 -0.216178623967929
-0.0177287738528778 0.00446003435205448 -0.115458595336928 0.134112462852483
-0.0233279819807486 0.00713992993381144 -0.25654415694729 -0.074909861000325
-0.0238282155537314 -0.0329631521192377 -0.187961517745944 -0.41356186013322
0.0124004162835665 -0.0364864570027071 0.37491111791886 -0.594489908145751
0.0207162380571151 -0.00538682468625876 0.856313114189775 0.0269693245269161
0.0167630887040087 0.0411963456596193 0.467383776300831 0.740846803390965
-0.0234457456302649 0.0540495758387655 -0.14909224900634 0.617602072403541
-0.0418973178447458 0.034420979396346 0.0330665149980623 0.0639788512610915
-0.0129706499931616 0.0455382576615768 0.121088912396905 -0.523149652035251
0.0200040720959623 0.0529121471804351 -0.597169599006162 -0.732354176473355
0.0322577204307903 -0.00200097818119049 -0.956349427970427 0.115980556091385
-0.00280785152980028 -0.00898667512740189 -0.210116486346336 0.748603272835968
-0.0270233515776976 -0.00197002939872497 0.359834332649902 0.45280524511057
-0.0157691627979654 0.0008401896479521 0.375334716694481 0.0492677329624948
-0.0104216504390272 0.0128279971844857 0.131353930767939 -0.216044676273947
0.0083107782330853 -0.00702113314157737 -0.120275698952378 0.150870880827209
0.00204392759571189 0.0160886242183793 -0.278895488546816 -0.0441992615732458
-0.00851095898972505 0.0132385226130245 -0.298068243678043 -0.390253837687222
0.0020868742756464 -0.00106760606682472 0.190586897835336 -0.649459696859095
-0.0342392156985258 -0.0224732433306269 0.804359498703865 -0.164899294397538
-0.0280818434816469 -0.0246188990957333 0.615896086852045 0.593367492705831
-0.0154671939009714 -0.0186871114790865 -0.0173109848405432 0.60187617085871
-0.0112200339780641 -0.0315665730482416 0.0711538400263755 0.0671946370007986
-0.00829881946371903 -0.0337755181606289 0.21522840907369 -0.515408881292378
-0.034724134267897 -0.0118948564944501 -0.452182692500853 -0.842112101052564
-0.0225984227876452 -0.0100703050498495 -0.982185672572131 -0.0674832705074064
-0.00515382973299066 0.0274883546233425 -0.379865539859906 0.687154706314728
-0.00794755557796365 0.0407509630791942 0.261088392894994 0.476617975543196
0.0105866787045807 0.00827333872191175 0.359238799589433 0.074179094350943
0.0167196658101743 -6.37731360793922E-05 0.12926809367836 -0.205981184601175
0.00115874574994805 -0.00738438928479002 -0.122584803594694 0.150955584712014
-0.00861392344984624 0.0142253516111125 -0.28061251327695 -0.0497588847646556
-0.0140445876418736 0.00589488657731385 -0.289189626260335 -0.398705531121276
0.00550247582048216 -0.0112495819601046 0.218919515153916 -0.648144997832175
-0.0271609976855779 -0.0260687119392191 0.815484800311812 -0.141987706344408
-0.026328710701558 -0.0186039777423488 0.592868575506324 0.608586144876211
-0.0223850548435295 -0.011678852499774 -0.0341920718569267 0.593773946412289
-0.0204234768609841 -0.0258687308199152 0.0747141603770339 0.0557624706482772
-0.0165364686354733 -0.025200190144554 0.203929152427844 -0.531031504754682
-0.0336899344276857 -0.00443854995604376 -0.481906781712922 -0.833990156865477
-0.0120427101648033 -0.0128030008835587 -0.980413505857064 -0.0373617258851087
0.00155656070600052 0.0172342640482648 -0.352859123623192 0.695810559457135
-0.0116021409632039 0.0321759513220671 0.275973745363402 0.466276254774075
-0.000305458247571631 0.00399802393811012 0.355959895974869 0.0655951273202442
0.00733290885749904 -0.00084444917217862 0.124488622394913 -0.20872724421345
-0.00739114754695556 -0.00612019214206154 -0.124723595946623 0.147623832668075
-0.0199465701507389 0.0112959376427877 -0.280670882444898 -0.0575275419897267
-0.0204407657997964 -0.00287910625213826 -0.271345835941786 -0.407486566007087
0.00922072958124874 -0.0223442870906443 0.252943169806574 -0.644997440410109
-0.0167135534075817 -0.0281273546291923 0.824548483810508 -0.113452109863202
-0.0221585301140852 -0.00880124511408381 0.562339133241193 0.629021978822347
-0.0281273122956522 -0.00122190072688315 -0.0544651479065252 0.588706472016006
-0.029770847614381 -0.0167251204716179 0.0736892519304478 0.0459589629301483
-0.0237973717361368 -0.012568320296435 0.184069605769599 -0.541463808395537
-0.0291284876869103 0.00693089841768674 -0.518358127824607 -0.814504199677064
-0.000613366024770649 -0.0132546096542078 -0.97586695952783 0.000265113572692587
0.00655632791951639 0.00668878947262456 -0.311821878475964 0.70521900452504
-0.0172019771542273 0.0228178422983513 0.293107838534512 0.458138142906591
-0.0104970926400136 8.8307056369797E-05 0.356560855930782 0.0567085606684529
-0.00138899952602248 0.000272327259570776 0.120901864723725 -0.210999469475161
-0.014450553693775 -0.00483862089698663 -0.124239972082944 0.145117608759087
-0.0277625995811837 0.00915695470420209 -0.27631752287698 -0.0622204843781251
-0.0252638008901492 -0.0137196890996068 -0.252079002476007 -0.412206023665463
0.0128147721263186 -0.0314604222088185 0.28828481971365 -0.634422281051357
-0.00529540382116141 -0.0270747788195705 0.834847764376402 -0.0778265615286236
-0.0149138762885171 0.00321969116019269 0.533501168495581 0.656983048032581
-0.0320982722423317 0.0119955505975465 -0.0780094067365203 0.587196667411
-0.037964330297812 -0.00376321093895726 0.0686921992518468 0.0405469379444734
-0.0279972882404155 0.00258377888391896 0.16213021289154 -0.549553826221963
-0.0202867278785055 0.0190136705817109 -0.555478057411235 -0.792845107362928
0.0109052459706339 -0.0141488889942355 -0.968078073162665 0.0423731594373229
0.00825456285688878 -0.00348482364923791 -0.273281853995837 0.717800124795491
-0.022166121001359 0.0136929769004268 0.314545450069482 0.448934508473888
-0.0196951304878735 -0.00190607884262639 0.356630214456303 0.0497727806318729
-0.00889239751562049 0.00259016680789518 0.118056658716175 -0.213437202935937
-0.0198289363254631 -0.00310122969802506 -0.123925743486335 0.141820210118815
-0.0320669257704515 0.00587795233941435 -0.27154326674726 -0.068060222166202
-0.026991018327773 -0.0224857205110228 -0.229959099630736 -0.414915090155032
0.0162969624133797 -0.0383736666582756 0.323814799803324 -0.624796058111914
0.0068990962359976 -0.0222813848112754 0.841746010580126 -0.0432565519901097
-0.00582141343080566 0.016073901384206 0.505588994679932 0.68119499806369
-0.0335954615148036 0.0264223435103689 -0.101284173628262 0.588428439725568
-0.0440755625638165 0.00971604639570327 0.0612697777321405 0.0395240679808215
-0.0284280860208295 0.018656954903264 0.140700624216749 -0.550582745471039
-0.00884042071535676 0.032152434280154 -0.586988204026703 -0.764684213535366
0.0203984232515641 -0.0138923126173167 -0.96056702183173 0.0827092193308891
0.00683128825335796 -0.0109282616418317 -0.236368051923974 0.727519162339312
-0.0266087153484951 0.00609091291230051 0.335428963983128 0.441540653256955
-0.0250090173338241 -0.00226727877801283 0.360849059755091 0.0426348229970739
-0.014078951322665 0.00604927560417763 0.118575614944287 -0.215284340529459
-0.022182655642603 -0.000539472505947589 -0.120390219898238 0.139538538877056
-0.0329622052756455 0.0050844522345599 -0.266800342333517 -0.0717879999544819
-0.0271324739556548 -0.0304044815956452 -0.210303457250155 -0.415331106291379
0.0172250406421975 -0.0417360770419064 0.35160046345183 -0.61263687691729
0.0151585558365571 -0.0165588740867722 0.848143281993533 -0.0107753149532631
0.00240325821736971 0.0282244908146807 0.482115529181138 0.70423785860675
-0.0324014476920034 0.0388675261876576 -0.122586931549419 0.595241281551888
-0.0465905309239767 0.0211330094449044 0.0528915107508831 0.0423812483935743
-0.0254572537339783 0.0318905180248864 0.119969510790874 -0.545921080424795
0.00300644231624193 0.0420250107246475 -0.61132105566844 -0.737949581271662
0.0275054330789874 -0.0116063278285527 -0.951190886962688 0.119210563571514
0.00422523936045102 -0.0152881175087425 -0.203815545308753 0.734664055061043
-0.0293313222971744 0.000364114728591637 0.353729865607799 0.435068390268126
-0.0262567260885815 -0.00155795766660581 0.36440993061622 0.0376377733212999
-0.0160414097574866 0.00926265180040088 0.119003203118827 -0.217068855230148
-0.0216473460298975 0.00223416067353196 -0.116360800911482 0.137737806090119
-0.0294626784119095 0.00547634620829839 -0.26235126632827 -0.070698843514402
-0.0262973388290987 -0.0335409314747197 -0.201004859020123 -0.412359120519392
0.015650793931072 -0.0412861218733605 0.361558028369579 -0.604648603896062
0.0208019568102661 -0.0115847355585941 0.849653124420831 0.00304273516827451
0.011390719896541 0.0372596486728985 0.475342471483619 0.717937429363551
-0.0290193219798932 0.049182193794399 -0.133322125515152 0.604979294377644
-0.045624019084422 0.0303073073716215 0.0428247042009386 0.0517901492148246
-0.0191566054744067 0.0415417659157655 0.112972340928595 -0.536461038044622
0.0139298860655889 0.0494341943318809 -0.613835368112605 -0.72252236806862
0.0314160313114086 -0.00761091019698377 -0.950018616779605 0.131268309976274
0.000451780427876573 -0.0146650285367017 -0.19472394817133 0.742343506531248
-0.0298076073650651 -0.00160666845631045 0.363027209535065 0.437400727791795
-0.0237550842764313 -0.000744700661844686 0.370493761981295 0.0379170359736582
-0.0143266860466079 0.0117052766526833 0.121996262878738 -0.218884915261372
-0.0182057162529644 0.00476721502399754 -0.112757169954984 0.137203839445895
-0.0228123737439298 0.00772482317524738 -0.257627198151014 -0.0693995307847491
-0.024341261942385 -0.0320644940319073 -0.196357978176675 -0.408836088229547
0.0111260763333664 -0.0364474047937118 0.359802598186127 -0.600283297322125
0.0206066680837186 -0.00628046990345502 0.852185702541899 0.00903491030462652
0.0173118868658567 0.0412532973300508 0.480574984699218 0.725671239327991
-0.022305898768249 0.0529841812420427 -0.134856946718623 0.614888827522862
-0.0407469887658657 0.0348532571545038 0.03412226735171 0.0624324816734093
-0.0117977490995182 0.0456305514746435 0.110656138695015 -0.519874558103642
0.0209595757471929 0.0519307011379955 -0.609271979249385 -0.7140727679109
0.031884093848392 -0.00226205409503345 -0.949031548466028 0.135448957520776
-0.00269553342571403 -0.00937779302687687 -0.194150919092383 0.74642179999417
-0.0269289822802344 -0.00105883777939364 0.365521933747934 0.443234530285788
-0.0160211750174926 0.00141665352493447 0.375217946759416 0.0401740675189585
-0.00995756431885829 0.0133697266001848 0.127312927620122 -0.217998780081841
0.00702840074341726 -0.00790192871039333 -0.117840723333008 0.153065444175042
0.00229880024524688 0.0155128153919907 -0.277287694536515 -0.0374610758196159
-0.00843028944765668 0.0129266298030362 -0.303798911618718 -0.382897980556698
0.00218009305684967 -0.0013925290429257 0.177097525724083 -0.649635048932906
-0.0351170550773812 -0.0210903578774365 0.795537861641068 -0.17968071353526
-0.0283275800021157 -0.0227188350560609 0.61979729943033 0.576229405722974
-0.0158704487450716 -0.0190360264107764 -0.00665705309518354 0.596247433097725
-0.0111407913025207 -0.0314190812611244 0.0722533208305787 0.065424267896909
-0.0091426665483958 -0.033221246311285 0.204279956487484 -0.512148150888478
-0.0342976437415844 -0.0116351666340928 -0.464346095291673 -0.824339414516891
-0.0220774328201696 -0.00939606482126852 -0.974232104837074 -0.0477765854396653
-0.00469844846730403 0.0266721181949584 -0.364426309251818 0.68865858659023
-0.00683030131350916 0.040086871636097 0.268368921578204 0.468018077069494
0.0104818955069836 0.00768310471648234 0.357461293459772 0.0665601779176524
0.0163147234438421 -0.000113881276331222 0.125153842468776 -0.208813824963571
0.000158294570390648 -0.00787813627310549 -0.119273551566644 0.152132584512133
-0.00852113025021142 0.0142585240579697 -0.279715887803538 -0.044352165672574
-0.0143926018331002 0.00662582521754798 -0.293198080895806 -0.389849564610539
0.00480571889380943 -0.0113617337650215 0.203377078524498 -0.648477666334331
-0.0270116668517287 -0.0253531841277778 0.806777619618285 -0.154439022850665
-0.026573118236121 -0.0169945977302779 0.59652767268451 0.593351549216998
-0.0227321945236515 -0.0118799754794678 -0.0237712167799289 0.589590667936751
-0.0203753532291495 -0.0251826549596671 0.0751262455577485 0.0535924669347628
-0.0165208370661825 -0.0248056142581432 0.191778772277309 -0.529464419959441
-0.0333629206553786 -0.0036563024935978 -0.493020005721103 -0.815658520240438
-0.0125177820130933 -0.011692534570912 -0.974165728629488 -0.0184030019181418
0.00211250679891164 0.0174829993521654 -0.337116625464082 0.695932899203165
-0.0105855682098324 0.032732235467804 0.283040803395649 0.459234339197103
4.03690262412871E-05 0.00487323406325246 0.356135376614347 0.0575770275862141
0.00817582729531908 -0.000721363407157232 0.119804204601555 -0.209963343396597
-0.00812601923135339 -0.00649245384024512 -0.121973490364283 0.149435776997399
-0.0194004804829587 0.011629270628592 -0.277788594267129 -0.0506308982688535
-0.0202964940892563 -0.00284369801451385 -0.276446842271877 -0.39732044318044
0.0085809659963064 -0.0224781419928144 0.238065413493154 -0.644099443526224
-0.0179041260129222 -0.0272707661267592 0.815828559190778 -0.12697143192178
-0.0221024998948891 -0.00830920829509795 0.57031625057101 0.612735199189442
-0.0273238695757011 -0.000993117420158778 -0.0440510452764189 0.582347372110691
-0.0295296446165609 -0.0156343403571021 0.0740579721449731 0.0437882374140104
-0.0237887179843366 -0.0123311284362588 0.173069646490815 -0.539606342042066
-0.0280405072787398 0.00750584323345941 -0.530161935141012 -0.798515862448646
-0.000459742237537478 -0.0137932546080928 -0.968377689148685 0.0175028943151282
0.00705220316541555 0.00605100630578397 -0.296077221926805 0.705647356298724
-0.0158817841464002 0.0230201858130818 0.300386804999268 0.448017327408359
-0.0111751076495862 0.00122009463430367 0.355022616083853 0.0489500745584608
-0.000874352733816317 0.000287822898739332 0.115917556387344 -0.212425338719343
-0.0148887527713686 -0.00514871269281796 -0.121995373766144 0.146543795961377
-0.0275483040610312 0.00901936280700884 -0.275949475054144 -0.0571902613176734
-0.0247178962429592 -0.012635579916419 -0.258441082766919 -0.404912290617214
0.012698188540969 -0.0319453135707247 0.274020822959459 -0.636060013548703
-0.00598718297451602 -0.0259144783076095 0.826040444211197 -0.0920357699546262
-0.0150234281334034 0.00412969773393503 0.54204850468032 0.640360696821521
-0.0311424932364217 0.0122809246167272 -0.0681830432235393 0.58259998427646
-0.0378801420016743 -0.00358282453503598 0.0694714581613044 0.0384004675220992
-0.0271410890714312 0.00311760256564381 0.152762979704785 -0.545936424165288
-0.0197553362209864 0.0199880564685857 -0.565591087431459 -0.774171273358065
0.0108823607191802 -0.0142960938095153 -0.959463128648407 0.0629355433189211
0.00838237909901416 -0.00378606485150555 -0.257251436251851 0.716035972576558
-0.021335045528867 0.0140670390675393 0.320678035754009 0.439844803415205
-0.0193046606941244 -0.00117349043971215 0.356251944674233 0.0416842748643845
-0.0088633104833092 0.00329985697069119 0.113249318427579 -0.213851785012415
-0.0198816659138341 -0.00261547826657618 -0.121540548258135 0.143411452167948
-0.0321371653805087 0.00681519375976493 -0.271167922485906 -0.0623368185358862
-0.0272899348375624 -0.0224699842297533 -0.236136028577017 -0.407684040757309
0.01486629999549 -0.0385558190050693 0.308881117172964 -0.626154918372023
0.00646799378493199 -0.0224070164645028 0.834062571766283 -0.05715266250685
-0.00555047201217944 0.016736503358263 0.513451544589726 0.665095751032163
-0.0325748981137141 0.0264574071433555 -0.089841507804869 0.584038358356704
-0.0437277513807816 0.0102575215063503 0.0622991632447167 0.0376094473528575
-0.0273906718639758 0.0188390389582566 0.130108538120214 -0.548092556380655
-0.00810271423840734 0.0321703164647266 -0.596473319175438 -0.747038087238532
0.0201129485153226 -0.0135243319475243 -0.95130562490274 0.101397726816685
0.00734027543277397 -0.0115723158735142 -0.217836374765998 0.725536511178861
-0.0259383034546164 0.00671306190487812 0.341800558456283 0.431303621113847
-0.0253383291260814 -0.00157700906005808 0.358684381426372 0.0352823569080731
-0.0141018876259805 0.00599756264607896 0.1134259035431 -0.216393445257896
-0.022718771809609 -0.000325439979767307 -0.117778107759053 0.140887224013042
-0.0326612537178238 0.0056114967019594 -0.265818731306976 -0.0660256604374389
-0.0276925633533392 -0.0285643650285041 -0.217106216463325 -0.410148647621412
0.0165370765420667 -0.0412843111770009 0.336626895307862 -0.615586811708631
0.0144489583805858 -0.0169028170652178 0.84186081446049 -0.0281912765169534
0.00250657049163613 0.0286454950805651 0.491532946159612 0.688964930290115
-0.0313332830095189 0.0379231152375327 -0.110386856304423 0.590010678761455
-0.0453359753805255 0.0210997175637147 0.0536972527149413 0.0409462065402272
-0.0237674072945435 0.0317141643208955 0.109464985185672 -0.542969025916358
0.00353184693979887 0.0416630694446253 -0.61806692048838 -0.717963713181653
0.0269440885623041 -0.01169650148728 -0.941067846618886 0.134028471694546
0.00334268378479393 -0.0149326883116988 -0.189127473863419 0.732665501941099
-0.0289735264828592 0.000583177778352071 0.359173578636209 0.426050660577071
-0.02655560677921 -0.000636396213049874 0.362239292621734 0.0295272838876586
-0.0158775745568412 0.00867226524709653 0.113984821645363 -0.217907312473582
-0.0219454192755273 0.0018456554402449 -0.114397897453916 0.139087934980362
-0.02979886602956 0.00578000279124858 -0.261104157004482 -0.0642788473416462
-0.0265362947769227 -0.0321473912289687 -0.208078822153731 -0.407353909907134
0.0147796650621746 -0.0414530039871167 0.347325663230857 -0.606749520204663
0.0201303633662038 -0.0112712390469589 0.845030626636842 -0.0126327426446053
0.0114964733415712 0.0375752175530081 0.484898546266244 0.703028504831609
-0.0270700764499706 0.0480550331772966 -0.119127955092048 0.601736599132583
-0.0452055532220485 0.0312730728474638 0.0433159334001076 0.0502750329125464
-0.0185623936790242 0.0414691729983435 0.101485096149024 -0.531048888069703
0.0145784589290755 0.048664178216597 -0.62171886654893 -0.70404577155159
0.0318129042701095 -0.00803162205101604 -0.939028605868719 0.149152150820889
0.000521721266269381 -0.0142800273286652 -0.177537735448814 0.740570464515261
-0.0293087916672462 -0.00029920143971118 0.370546596279198 0.427150833810936
-0.023108188039769 0.00090755816076378 0.368023747538138 0.029899168929407
-0.0145094402783857 0.0119239751369235 0.117871004648491 -0.219028156599113
-0.0187644878070395 0.00392647655521491 -0.109235922186578 0.138534362703175
-0.0223687390509469 0.00793335132270799 -0.256768832945591 -0.0640872553262175
-0.0247943583295749 -0.0314552122657007 -0.20289298928419 -0.403855594645772
0.0100883523762006 -0.0374616246413211 0.342954938164027 -0.603731666553395
0.020289579538237 -0.00648459994934474 0.84517362637062 -0.00695037531163456
0.0180548325244781 0.0415398487734292 0.488184866335335 0.711660891947745
-0.0212071824632966 0.0530713120791869 -0.124171612337518 0.61117612186112
-0.0401068629813002 0.0354895053170373 0.0347087695237981 0.0610329889567667
-0.0109705636803278 0.0456399543194162 0.0996256590739744 -0.517068488762859
0.0224823928305063 0.0516886954824395 -0.617092264065759 -0.695390164931292
0.0313469612302156 -0.00246522721564272 -0.940141439925765 0.15290247954563
-0.00292357769878893 -0.00868153391856337 -0.17891388350774 0.74604242751826
-0.0262738493497546 -0.00031248553726634 0.372035044743386 0.431816368743861
-0.0160186621988723 0.00200766976928608 0.373188098362111 0.0319506564056386
-0.00898503370630376 0.0134427390454511 0.121543336715646 -0.219032223979423
0.0068098625091206 -0.00832271237029391 -0.11493947639163 0.15361894289423
0.00307784957396091 0.0155424359378571 -0.275423815609563 -0.0322428831093012
-0.00781176135541527 0.0128031258169918 -0.307658078465131 -0.37450248421589
0.00143592855113583 -0.00163625868609191 0.163879234104379 -0.644878878264066
-0.0346381579995905 -0.0202295546023914 0.783536449431307 -0.190862208491512
-0.028559226987701 -0.0219480230715423 0.620871381454689 0.559698748258423
-0.015309302601808 -0.0185635990537733 0.00226459748529832 0.588242323204052
-0.0115141388599314 -0.0309573583345954 0.0727347569968051 0.0630101359125522
-0.00871524959910415 -0.032754407890543 0.195509971753308 -0.50915054850968
-0.0343040340985725 -0.0105976556780383 -0.472216959500258 -0.806641875465982
-0.0222677359139804 -0.00887199282040469 -0.965701292359659 -0.0317358183478949
-0.0039190914756247 0.0269098188609405 -0.348102477267396 0.687343100957328
-0.00615684043744598 0.0403505715590747 0.273776002224188 0.459802740427151
0.0107244728626742 0.00832521254113434 0.355698119495214 0.0588684632825222
0.0162179032172449 -0.000551555679457725 0.120295229518481 -0.207844444550438
-0.000121587009508241 -0.00800785673813828 -0.116791236360698 0.153226832245746
-0.00861724755323548 0.0135585166540978 -0.277053723343399 -0.0389675499253284
-0.014733236581327 0.0070766458609901 -0.297507546723657 -0.382155300267366
0.00517549832690152 -0.0119901440273143 0.189927811827096 -0.645168967597405
-0.0274943030067366 -0.0243070847880571 0.794683060026507 -0.166911865092946
-0.0264962378299229 -0.0166596013249603 0.599938659481929 0.577519815131484
-0.0221044271032764 -0.0116242097954839 -0.0131819436898712 0.581664130599227
-0.0201766949101216 -0.0251485451346869 0.0748315567091771 0.0513339733973928
-0.016393858135318 -0.024586837897991 0.182458436430732 -0.52469914205771
-0.0323829427500021 -0.00308677345167873 -0.501422796959638 -0.799104655556761
-0.0125396529402131 -0.0114184231383187 -0.96413248233624 -0.00207444521161326
0.00171303425083702 0.0170871758659235 -0.319874770035064 0.696568582222417
-0.00943732728830862 0.0322369721347508 0.287480277666322 0.448369638345859
0.000435310413974271 0.00408318752290481 0.353325831708123 0.0503292586903716
0.00788214077951507 -0.000888484230342692 0.115112292467222 -0.209851466027527
-0.00873156932643126 -0.00652090970615686 -0.118421154236175 0.149700150592955
-0.018456913031029 0.0116114761698328 -0.276728055745561 -0.0451404032611664
-0.0201608378707266 -0.00203227509108427 -0.281103533510161 -0.390241896029215
0.00841490570370995 -0.0227940384329731 0.223234934481538 -0.642335278024746
-0.0175396529342175 -0.0257817701464997 0.804071702837728 -0.139804450743704
-0.0220647345858009 -0.00757468162595659 0.571538569600322 0.598011264936917
-0.0272104939458 -0.000690091622797078 -0.0349359323704832 0.576341285535547
-0.0297247840267309 -0.0147199194178395 0.0736031477458872 0.0425269146061088
-0.0232021206992936 -0.0117431027443807 0.163185362864026 -0.535473676821992
-0.0275197859942443 0.00851255100857537 -0.536436684438398 -0.780034273654219
-0.000740014204820486 -0.0133003485829332 -0.957866376281221 0.0342170569468244
0.0072112117072394 0.00592070767735057 -0.279927224090229 0.701926666044321
-0.0150832794258666 0.0232002131655146 0.304675161610693 0.438835671180257
-0.00996721741977537 0.000436012480713103 0.353107621023789 0.0423339678837733
-0.000783691724409437 0.000911330531347224 0.111938864504244 -0.211525607978768
-0.0148922704889571 -0.00534268810287022 -0.119318231545714 0.147715600285119
-0.0268723212380592 0.00896388716042399 -0.273542802255108 -0.0517188442479738
-0.0252913814521313 -0.0117447784631916 -0.262168778591491 -0.397689103827024
0.0107672769080861 -0.0324792369121343 0.260334542944934 -0.634836120539548
-0.00582975101074237 -0.0253953254929803 0.815648856962062 -0.104430695496456
-0.0148674387835234 0.00400637372555651 0.543469448431154 0.626302982099264
-0.0306403207607491 0.0115109762341656 -0.0593239366241762 0.575835335731766
-0.037139905406127 -0.00261447046104452 0.0688876788329456 0.0366966853393875
-0.0261345455099061 0.00268909659318193 0.140871702623653 -0.542101021099236
-0.0178152649822723 0.0203748064920566 -0.570017976840146 -0.755379441440528
0.0101292355896233 -0.0144357004101478 -0.947041105352542 0.0768526784557243
0.0081230269243113 -0.00421723840458019 -0.24213915918969 0.712040364685312
-0.0209563290061783 0.0146172097412166 0.326012294997713 0.428162838409029
-0.0187268002442517 -0.000618444178916143 0.354041119868568 0.033717078692898
-0.00797263440946713 0.00299940285992005 0.109580834731267 -0.214242968809656
-0.0204266985890205 -0.00271202123369266 -0.118523635940062 0.143876634623058
-0.0312595361627644 0.00694237539276012 -0.269379689671105 -0.0575130858465145
-0.0277659290773131 -0.0212512290862914 -0.24117185852744 -0.401142052264788
0.0132384570212832 -0.0391324962629552 0.293022874729842 -0.62498729439219
0.00560448292115214 -0.0223943958175439 0.824311599680103 -0.0705514993714997
-0.0054995340160133 0.017269340011057 0.518187139667015 0.648527855666341
-0.0312654484896596 0.0258082894072858 -0.0804348175106283 0.579050060082536
-0.0425513497368776 0.0108620409548494 0.0616431145976972 0.0358084930276185
-0.0269459949223023 0.0190079526442715 0.119766200461665 -0.542803678265796
-0.00641107487218366 0.03255258193918 -0.602357091095994 -0.727090056052609
0.01980741202073 -0.0141000489264222 -0.939211709729189 0.116835009495456
0.00650875912120155 -0.0112682945472858 -0.202033530033864 0.722408357106573
-0.0253071180204203 0.0076661262660994 0.34710926885754 0.422086470625877
-0.024638003430641 -0.00116555291167611 0.357101750074173 0.0280394417963312
-0.0138141455795345 0.00619719113853235 0.108435017881351 -0.216409073710117
-0.022421938452919 -0.000520648210835129 -0.114784441548509 0.141393483627463
-0.0316647513973586 0.00591194664431465 -0.264298819565717 -0.0596202467666795
-0.0287455820389036 -0.02777002858933 -0.224239287878097 -0.402600127379121
0.0151085941290185 -0.0419517256815685 0.321632686725615 -0.61432678625636
0.0145854370233146 -0.016798012270182 0.830692727263843 -0.0385791791180113
0.0031344154169338 0.0289151780455305 0.497215438313189 0.674444279940411
-0.0308011759044661 0.0376910440385521 -0.0993001698539228 0.585906980981539
-0.0446533929370992 0.0222702702304962 0.0534060230330761 0.0389750836583093
-0.0233317618461136 0.0314849332691152 0.101542479617886 -0.536983152551103
0.00431639123207044 0.0410265458286356 -0.622650430003305 -0.700712913028021
0.0263256579693572 -0.0122490904628382 -0.928192697558411 0.150243168483123
0.00296506171825921 -0.0145868304108752 -0.174323924663953 0.728656073445426
-0.0288064837482027 0.00237604616884755 0.362264198709527 0.415884290141985
-0.0263535698992224 -0.000300469500489781 0.360217817509639 0.0227657368522734
-0.0158658706156611 0.00916294370166569 0.110075904700881 -0.218027135111763
-0.0217227614927478 0.00229170838735476 -0.110546691038328 0.140577498488167
-0.028419277344978 0.00633866899237853 -0.259683717399971 -0.0601171666438933
-0.0276892494056002 -0.0307325720638601 -0.212281790516977 -0.400408228400738
0.0136373164121257 -0.0414278482418085 0.332141072992323 -0.607260592604213
0.0200634871350444 -0.0109534116234074 0.834937778204221 -0.0261464396296978
0.0124819838264629 0.0370271400500035 0.490703045947697 0.687033420998509
-0.0263298509321163 0.0479877554752014 -0.111006111835494 0.595617874292944
-0.0432275908125835 0.0311919397699816 0.043274298654634 0.0482801874666905
-0.0168198302209264 0.0415185257900274 0.0935707296606361 -0.526816036998458
0.015920311425211 0.0480769699599643 -0.626941986642973 -0.683441931095127
0.0312207803380057 -0.00864925176948924 -0.92589322560987 0.163326146504778
5.75228922988259E-05 -0.0147095101553179 -0.163689587566542 0.734910147786218
-0.0288813521096581 0.000320524971064471 0.373150560734095 0.416198223165125
-0.0232160989299081 0.000759672545930982 0.366852891824955 0.0227501645408558
-0.0130745117554415 0.0117636802511652 0.112140153277073 -0.218945817128777
-0.0189518177894275 0.00412441803030704 -0.107582715365737 0.139424108310533
-0.0222770859397873 0.00789437618330929 -0.254733838911003 -0.0580746596955413
-0.0256277639085408 -0.0303777762903554 -0.206642239226117 -0.397070066708528
0.00864313864863569 -0.0372730838575523 0.328579676543753 -0.603370374554487
0.0193343026063618 -0.00620299135471982 0.83716838199157 -0.0205198033528109
0.0186345886686355 0.0408646667335296 0.492585562065024 0.694500270146854
-0.0202100069600115 0.0527419816347195 -0.113977273885213 0.605812649468172
-0.0386412549630075 0.0356953636576559 0.0351356592293801 0.05917885192807
-0.00956492744939037 0.0443212345883722 0.0927491823724972 -0.51293549397161
0.022858650604903 0.0502657326046182 -0.62169366553942 -0.675955378450211
0.0302318117832794 -0.00285768003685855 -0.9262022870107 0.167711304658457
-0.00290130604561289 -0.00865697718233702 -0.165211057328692 0.73934214803855
-0.0256841941301445 0.000599785334443558 0.375755859139803 0.420960665596192
-0.0165469265806379 0.00254372528380433 0.371379573415078 0.0248925165259132
-0.008816067007487 0.0140419373865019 0.116853852050112 -0.21907110877479
0.00602042617501205 -0.00848929873981899 -0.111462360020498 0.154137560100584
0.00287098836833276 0.0147635840013958 -0.273101670195152 -0.0283114809401532
-0.0077996814267716 0.0138439271529201 -0.308865235267249 -0.367185710541052
0.0017044880840978 -0.00212731260324969 0.150955244188526 -0.640118967096006
-0.0342417896288866 -0.0191289455297235 0.769780849299829 -0.197911373902116
-0.0277450428502774 -0.021053368560944 0.619527684538951 0.54349174179954
-0.0154929634511726 -0.0183809829146635 0.0111765395943749 0.579813231225052
-0.0113493041419927 -0.0306074803470281 0.0729960052548752 0.0609923241039416
-0.00816117948326864 -0.0319026236437478 0.185824022207567 -0.504654126368484
-0.0337206449409135 -0.010161260680596 -0.475848073700207 -0.789601995671392
-0.0225779305198725 -0.00812347503187486 -0.954066151350261 -0.0175790290921929
-0.00382469857769498 0.0264849173849624 -0.3351695440532 0.683719009282788
-0.00415844515550317 0.0403111369838202 0.27802101507969 0.448384223638112
0.0104201269584823 0.00811923568402564 0.353755763404843 0.0524463025547777
0.0160372525013749 -9.53251393489363E-05 0.115790215542488 -0.207838202853065
-0.000810916540321443 -0.00784570354741434 -0.113592800210302 0.153010845855459
-0.00800926287663514 0.0139571175472645 -0.273966502919945 -0.0344219790430631
-0.0134634584401527 0.00750407441362991 -0.300480278355883 -0.37382948311807
0.00489849330388432 -0.0125017702327118 0.177153125480883 -0.641734007918351
-0.0276001859072865 -0.0235507715107524 0.782495082204702 -0.173958943517177
-0.026785849603129 -0.0151868929071401 0.600491804165472 0.561750384215226
-0.0225932700892912 -0.0115864334147128 -0.00527848306749195 0.573005219328124
-0.0203252328364973 -0.0238410485926121 0.0752718292002846 0.0489503179003111
-0.0167408105798699 -0.0233079200552703 0.174716361554302 -0.519671919023143
-0.031843060878693 -0.00207705925153709 -0.505062261397515 -0.781613860485164
-0.0120283286847603 -0.0111438115868807 -0.952458312839841 0.0111698673179775
0.00263255146828794 0.016729336104839 -0.306109451455742 0.691116853177017
-0.00917396939213158 0.0321096586708339 0.290458721717024 0.438775432028891
-8.92908379629895E-05 0.00484481172347573 0.350555970976866 0.0450169205616456
0.00802917961925842 0.00012766987680854 0.111117363022122 -0.209400750931073
-0.00897910670380051 -0.00632871831062695 -0.115399746730482 0.149960698493042
-0.017838243223846 0.0118929212021899 -0.273994741954356 -0.0410569319913035
-0.0206093519033427 -0.00134074204691423 -0.283188580299716 -0.382781988754053
0.00745685354977983 -0.0231085246973968 0.212190741325291 -0.63773227255769
-0.0180172470883795 -0.0252999844040409 0.792865532869186 -0.147887804665088
-0.0226094798286116 -0.00612022332999941 0.573520369918303 0.583329655083528
-0.0268853942287683 -0.00108608771516883 -0.0268503166733969 0.567490097094726
-0.0290257788647076 -0.0142588425529834 0.0739321845781327 0.0397852240118944
-0.022636926723446 -0.0116744945660903 0.154816627436338 -0.530272033913444
-0.0267227784008156 0.00871977864662588 -0.538318860643933 -0.761221738485178
-0.000699739689623296 -0.0132743762460399 -0.945072338901522 0.0482940990680574
0.00654585022798906 0.0056476826514764 -0.267815459773954 0.697952943408769
-0.0140769635785567 0.023834676843039 0.306459111479333 0.430316794395173
-0.0102546288529069 0.00165693816230489 0.350512277932888 0.0363689099316033
-0.000531356772151086 0.000698083402932354 0.108548678356104 -0.211492569522389
-0.0152292367637867 -0.00479870714256195 -0.115622623009482 0.146768489843914
-0.0264225902846004 0.00974240769404567 -0.271673824982986 -0.046997504986656
-0.0248818617844043 -0.0114952301279114 -0.266198489731802 -0.390095606713614
0.0106682858129212 -0.0323260445825894 0.247362308123951 -0.631364095762658
-0.00658046935763761 -0.0244898280252259 0.803339341252005 -0.113669620803585
-0.0136908928595844 0.00521086514058606 0.546361818394515 0.61018711555559
-0.0303415058495711 0.0116510676083222 -0.0499581174599136 0.56833897567201
-0.0366445301991084 -0.00193509498118009 0.0686650955247668 0.0354144627067866
-0.0260938698903441 0.00376014810258973 0.133944656153088 -0.537093952104318
-0.0173443086798664 0.0204666128978705 -0.574438119512541 -0.739263418836074
0.0100639393225683 -0.0139739716874319 -0.934581225647933 0.0884009755949185
0.00728582787616467 -0.00414536604789638 -0.228693288321185 0.70764514525804
-0.0196995732006099 0.0149324704942633 0.325857341533436 0.419073737884531
-0.0192978858917971 -6.73427686418322E-05 0.350682511589547 0.0285788521825909
-0.00804640749371737 0.00241440932886092 0.105432368322585 -0.214047985176231
-0.0204023599181403 -0.00295860193199414 -0.115239484063781 0.143912728796331
-0.0308426233261699 0.0071808033173945 -0.26740928919927 -0.0530888561916196
-0.0276498678807255 -0.0199921043158521 -0.244503633276947 -0.393109281089974
0.0133251315849577 -0.0389971217240428 0.281449122127275 -0.623565946516639
0.00541644985331414 -0.0211963826308156 0.814194970376124 -0.0812157460377279
-0.00559338791841458 0.0175729035185248 0.51927014607246 0.633910188331584
-0.0311643640122098 0.0255521826410635 -0.0708329526939704 0.572928230909638
-0.0416628456894996 0.0107694480343794 0.0614640526922293 0.0344807447341293
-0.0258822460908345 0.0187469974947021 0.112782100303269 -0.536322328613192
-0.00626168194141314 0.0321623284429342 -0.603673041848058 -0.708379338467264
0.0191272108164694 -0.0143817650456092 -0.924465864787792 0.129064339803808
0.00604326302723552 -0.0109190480915914 -0.19083707329404 0.71514888961644
-0.0243961059790893 0.00778259397497678 0.348235450213056 0.410658080339209
-0.0247235895202387 -0.000445865462112147 0.353355034360694 0.022009187029946
-0.0129180536919551 0.00669384647773542 0.104687017155012 -0.215839482280082
-0.0232470516816933 0.0002940892774339 -0.112078303521423 0.141005553886669
-0.0316094419440327 0.00593125805778035 -0.262507433565795 -0.0556742628801125
-0.0282251700449594 -0.0266773970371731 -0.225532354925626 -0.396737125866508
0.0142217251835322 -0.0420841253434001 0.307369027956236 -0.612486011931621
0.0141880683512574 -0.0163548770278209 0.820542528664968 -0.05094768611666
0.00420945418054078 0.0286670409118584 0.49900545641853 0.657571094936354
-0.0295850359172628 0.0371704422267301 -0.0916243697845038 0.577157098363618
-0.0435260900992781 0.0221685226642893 0.0527070789043848 0.038100883314928
-0.0220876652087264 0.0316544871553186 0.094058897821352 -0.531706858759877
0.00521125197638907 0.0408969440419267 -0.624824205540283 -0.682026564080717
0.0256829919487239 -0.0124777788153573 -0.916021903540446 0.163088043896124
0.00258770243885413 -0.0148360318304017 -0.160994501208151 0.721599039785026
-0.0272862434365909 0.00311633529390303 0.363500929961119 0.405285146264982
-0.025665336934636 0.000707035419262918 0.356795409206798 0.016878536618352
-0.0142979861355766 0.00972537983081695 0.105277654925259 -0.217500644806316
-0.0218132618292398 0.00239141940113701 -0.108257016816743 0.139847747718008
-0.0286304571980743 0.00656372092240881 -0.256991897854235 -0.0558893766080986
-0.026992620880847 -0.0300677277570203 -0.216498176081513 -0.393463461613489
0.0121420921124493 -0.0419891878443885 0.318341853050259 -0.60525664772605
0.0195692584963047 -0.0104382186356683 0.82383166553716 -0.0369679654820023
0.0127968484233395 0.0373465966327831 0.49200899674224 0.673697000461753
-0.0251689716827649 0.0469258932394449 -0.10167776492911 0.587407292222954
-0.0422089453257791 0.031593126454899 0.0434172265336536 0.0468762466277015
-0.0160800334780455 0.0409450238490603 0.0848872709298008 -0.519293341513065
0.0162510308777035 0.0472665833128187 -0.626810995452084 -0.666146642736341
0.0302018544967099 -0.00922638833511565 -0.914639967669624 0.175874072993159
-0.000374630899487839 -0.0136627576767631 -0.151712689643187 0.728276976345443
-0.0275760721883147 0.00013923361214959 0.374487591135145 0.406376155768248
-0.0228804106234085 0.00191895168708823 0.363156011125165 0.0168912749830451
-0.0125095037180125 0.0118493434637322 0.108500811880066 -0.218835763162494
-0.0189026942211063 0.00482360668587978 -0.104191341525021 0.138771789619191
-0.0215954693487689 0.00766632462384043 -0.252621494590506 -0.0538533726003772
-0.0253454368234287 -0.0296016154999855 -0.210825883848113 -0.389605499271917
0.00788676618006214 -0.037889216132372 0.316249965825769 -0.602275553922744
0.019599457834952 -0.00641404723260049 0.824013840836825 -0.0306910608329052
0.0190884746340403 0.0407646205238151 0.495675918246609 0.67739857430451
-0.0190965085251377 0.0512128508425047 -0.104217767521317 0.59780973492846
-0.0378641957664466 0.0352925644448498 0.0354780722413965 0.0582770855620215
-0.00845642540241502 0.0441833685219868 0.0847533133542569 -0.505787590833042
0.0235809259154641 0.0497131328859026 -0.623942984918292 -0.659778052088697
0.0309260606139946 -0.00384307916390831 -0.9127074353842 0.178066781233841
-0.00342278071285951 -0.00820202534720767 -0.150798385441929 0.73308216548888
-0.0250362596552138 0.00143627867384215 0.378101272143258 0.409273348410014
-0.016033689477879 0.00288529281215057 0.367349969667257 0.0188837974491776
-0.00843976238197536 0.0141334878887531 0.113387400158788 -0.219028119218186
0.0051600203176667 -0.00802972204245522 -0.108664012119449 0.15238295746877
0.00251967437589247 0.0148367722656043 -0.269712664328046 -0.0250939740656976
-0.00779450448834996 0.0135508276134388 -0.310283252525909 -0.359085708385117
0.00135114746398255 -0.0029625891654653 0.141354616142315 -0.632558127135711
-0.0342173662361895 -0.0179358263213325 0.758901396772463 -0.203136614995578
-0.0279474982986227 -0.0199796029366146 0.616321535465406 0.530310101898227
-0.0159215736388667 -0.0184456570441849 0.0151094780532567 0.570445604583116
-0.011211545561227 -0.0300877717994185 0.0722894116723517 0.0585091806762504
-0.00809454942338287 -0.0321618511565386 0.178075407126818 -0.497654038982137
-0.0331315910488886 -0.00934794074080791 -0.478754922805532 -0.773889260387644
-0.0219409584225272 -0.00763644464070462 -0.941570585938228 -0.00661474827908244
-0.00389907441229593 0.0265714420035336 -0.322959025599706 0.679475831910845
-0.00372120471389462 0.040411901832266 0.279227556226519 0.440175204834346
0.0110951575558717 0.00759018689742554 0.349330470719841 0.0471779915953422
0.0161689257365475 -0.000844286113991336 0.112185865732183 -0.206873483938706
-0.00230561136838685 -0.00804904260820512 -0.111713002168626 0.152394194967501
-0.00781611950862656 0.0134746968261581 -0.27118139950785 -0.0308776203382533
-0.0137286460878634 0.00717410835490777 -0.300480431851297 -0.366134185813797
0.00426649182496755 -0.0126255600850218 0.168419808662548 -0.635426387808153
-0.0275976914141505 -0.0222752221297224 0.770914401175053 -0.179539367409447
-0.0259528899735239 -0.0149818006767143 0.596059284532113 0.547284525522711
-0.0217519637172241 -0.0112838074471937 -0.002461938042279 0.564366606802953
-0.0200131556531005 -0.0238804085082603 0.0745446572336067 0.0474323845141008
-0.0164866733984265 -0.0233204151267519 0.167671990397242 -0.513362986361231
-0.0310452212261776 -0.00185950325938011 -0.505230258010413 -0.76445361677663
-0.0126875480409604 -0.0104563800775423 -0.939848309157084 0.0212700278331769
0.0022151131454385 0.0162168770245901 -0.295476407053151 0.684455597868491
-0.00869097695551922 0.0322845268541756 0.290408138822918 0.431041390953642
-0.000262620526326092 0.00498249761235269 0.347362871340393 0.0390185494540166
0.00844280794987274 -0.000724304248423099 0.107621415493714 -0.207732090248878
-0.00927058337089599 -0.00664593914192054 -0.11325748702984 0.149414890946788
-0.0176878358847394 0.0115656931808851 -0.270110481715326 -0.0378057370161174
-0.0198809059781982 -0.000809907004604381 -0.284461298583305 -0.375392979132648
0.00724931437116593 -0.0228544573127122 0.200945886150589 -0.632122605971046
-0.0180553017494322 -0.0246104039251264 0.780031284472951 -0.151919250543943
-0.0210319165892294 -0.00518394652015814 0.568870188649372 0.567459327560842
-0.0267068560712159 -0.000446263017425778 -0.0224910474867891 0.558582943529658
-0.0288105230987886 -0.0134009199749114 0.0734170496450291 0.0385285799458726
-0.0221969019964512 -0.0101066762553757 0.14670368126241 -0.523104275219225
-0.0257320277711424 0.00859004443888236 -0.540212100336173 -0.745932867456571
-0.00142239269181308 -0.0126843214793315 -0.931953273393058 0.0571421569965858
0.00663351106352994 0.00574546944839316 -0.25580936754667 0.690962819675129
-0.0133470764051331 0.0236075040894225 0.307016911952066 0.420216326759315
-0.0104943022823302 0.00131826842438095 0.345163845207952 0.0306167556623913
-0.000359565746682047 0.000723698661858305 0.103330717207277 -0.210694395321349
-0.0159780760900925 -0.00498490253286562 -0.114187524124216 0.147674075628781
-0.0253101671702199 0.00962527647254931 -0.268682886116284 -0.043150953615305
-0.0248438378676115 -0.0104607422516783 -0.266243831874021 -0.382267101763111
0.00978662349842637 -0.0324765474950681 0.238095924066619 -0.625415094257786
-0.00673053709702118 -0.0238294601914726 0.791116039268592 -0.120290066885026
-0.014121072968669 0.00594344964418514 0.54392342766685 0.596503358127697
-0.0298364052959732 0.0120272291477216 -0.0437310292246206 0.559431516789941
-0.035470273118104 -0.00133500258114962 0.0686133215899268 0.0342137578002625
-0.0253476412317305 0.00332761107869572 0.125889414454562 -0.528105678599418
-0.0175385075609367 0.0199488056888811 -0.573193370743211 -0.72191775282611
0.00937870210550807 -0.0140060243228093 -0.922792032396523 0.0989261515043696
0.00789739688975508 -0.00416775900907522 -0.219260223779771 0.698878266291559
-0.0187699504054459 0.0151386638761342 0.326891658320808 0.409964546663975
-0.01870527369877 0.000323522947500252 0.347156532606457 0.023250585426665
-0.00809041799684973 0.00362345487296022 0.101771557912983 -0.213429411810129
-0.0208191354588359 -0.00255093575903715 -0.112142745065512 0.143216596056701
-0.03056550456208 0.00739241051075484 -0.263971977065736 -0.050037485528398
-0.0280184835528816 -0.0191385942943775 -0.246594445410674 -0.387398637595153
0.0121500603058071 -0.0391784197766288 0.269722009406899 -0.617034523339069
0.00506784502224522 -0.0203261241604147 0.801367365135958 -0.0876440951685016
-0.0046529746825444 0.0174972043304498 0.518384729694194 0.620883097553055
-0.0299071850247945 0.0254100228474861 -0.0665740448684777 0.56209126456876
-0.0410821077285356 0.0113674340457503 0.0610575735839023 0.0335210305841837
-0.0251100140447103 0.0186126188661961 0.106834710623236 -0.529264152427416
-0.00534314003497121 0.0315395320355703 -0.601830183953973 -0.694483095054372
0.0186011577114516 -0.013772691765606 -0.910977343724198 0.137734726389167
0.0057421356726602 -0.0106695368700923 -0.180868709968352 0.708119481272138
-0.0242554529200557 0.00897033748764536 0.346461662318306 0.40250906247478
-0.0240548202510585 -2.37955221372745E-05 0.349962293958842 0.0172200785947898
-0.0126074163899464 0.00654692183634739 0.101155918267949 -0.214068787856581
-0.0232958115391666 0.000461290944745457 -0.110395841987759 0.141212985877323
-0.0310098744036416 0.00647661326559329 -0.259139947904317 -0.0520426506182745
-0.0282517977073023 -0.0260761577391735 -0.228059547897717 -0.388984527223725
0.013248409243026 -0.0419933057686359 0.297466249562547 -0.608424872249886
0.0138038054109566 -0.0152605805819717 0.81061991478326 -0.0574433761933481
0.00472446131536672 0.028692736950631 0.496310416126217 0.64375792396361
-0.028637068314942 0.0370166288742338 -0.084911306057227 0.568625546288518
-0.0423082380451265 0.0226196572387935 0.0523916027498585 0.0364873348346835
-0.0212175438819011 0.0311886475440809 0.0895872810091374 -0.523655892862601
0.00636703482422893 0.0405261770825859 -0.623047454871291 -0.664919856858039
0.025587132732729 -0.0126109084761828 -0.903668729945075 0.168956170244255
0.00230532762801126 -0.0140988972999366 -0.151124719661091 0.714317571888498
-0.0267565189582466 0.00387939226521595 0.36451927313417 0.395353844093055
-0.0248673016323076 0.000421201857525566 0.353579188402465 0.0120282500735336
-0.014441218967765 0.00931879540495831 0.102659411092307 -0.215679546855489
-0.0222371840913268 0.00291729614592584 -0.105149751874143 0.139683565624772
-0.0279166059824712 0.00656552506181022 -0.254156964854752 -0.0520151720632905
-0.0276411898290366 -0.0298587871282184 -0.218994524711403 -0.386522566384054
0.0119168953910414 -0.041317524174258 0.307995295780562 -0.601090460920608
0.0190887190792589 -0.0103502280930923 0.812070760033936 -0.0443127792564411
0.0127660294202724 0.036982638809808 0.49246837295032 0.656636616374262
-0.0242126243615737 0.0457749590546771 -0.0952955355307556 0.579303460043769
-0.0412254252784258 0.0312204522839957 0.0436184992972334 0.0449499926567159
-0.0151699175960238 0.0397753793711502 0.0809666571922257 -0.512595185055733
0.0171091531626843 0.0465086849567647 -0.624794702550149 -0.651048521695612
0.0295534369608883 -0.00865278985304861 -0.89847100889522 0.181368484637893
-0.000467923320040827 -0.0134689675945445 -0.14123646833832 0.71806802187541
-0.0271543098096069 0.0011093620116658 0.373641113307202 0.396083352359159
-0.0224866097367127 0.00175667685037392 0.358183830469409 0.0111327039002019
-0.0125290090543298 0.0122732135201626 0.104898767719288 -0.217589599798632
-0.0191604265485392 0.00441897285553771 -0.102295062551448 0.138572225990816
-0.0209236773333012 0.00838665641729455 -0.250126404753863 -0.0513686735614712
-0.0254470299567436 -0.0283150949031318 -0.213028855370523 -0.383449832524207
0.00688357492712967 -0.0378630110232352 0.30523415660764 -0.595247938331348
0.0193722113068774 -0.00602948556349418 0.814064530706521 -0.0384373141554621
0.0196095638136102 0.0401064585101993 0.49425166485828 0.664977716618246
-0.0181433464639006 0.0499807829639096 -0.0987884934508572 0.58880122967916
-0.0362737873434699 0.035462998975137 0.0357797920157862 0.0574529836547187
-0.00854102651551526 0.0427875070100512 0.078983637700641 -0.498904577821475
0.0242457776024959 0.0493659862506036 -0.622062516185643 -0.642688050029632
0.0301617145925497 -0.00324078932919802 -0.898148081902301 0.185412609678281
-0.00416133472373645 -0.00854933239743735 -0.140487276509397 0.72474342193576
-0.0248323087153757 0.00162811769336227 0.376601972237086 0.402693910290879
-0.0156936677005548 0.00341185897570267 0.3633632924594 0.0135702361227968
-0.00776480139027295 0.0134768401373457 0.109655920949894 -0.216716465417958
0.00456206214052594 -0.00878289250435552 -0.107187805201976 0.151744910827476
0.00296717695727935 0.0138949431704297 -0.265806389178151 -0.0223101785092354
-0.0077813582599173 0.0133476820591757 -0.308632051674556 -0.350480076955052
0.000894916159175106 -0.00345279676665206 0.13493634846972 -0.625907501503785
-0.0340546064107835 -0.017244253859722 0.747021947398573 -0.204604012416424
-0.0272956271910657 -0.0191494735827569 0.61000499370295 0.519191042535646
-0.0156180977499991 -0.0186553096939622 0.0182551086306496 0.55987485549617
-0.0113475911972535 -0.0293106181515572 0.0713252518605387 0.0573081164169132
-0.0085483644002852 -0.0312048740568657 0.173671567363369 -0.491495413736267
-0.0319878730198484 -0.00830677631191376 -0.476389637425141 -0.757538170460443
-0.0222580829874655 -0.00766014887174312 -0.929145112213612 0.00277768662476689
-0.00350729257215315 0.0260233021182584 -0.314905449053342 0.671807206977116
-0.00288519891477667 0.0390970918144257 0.278436131957426 0.431841780632153
0.0102928138155746 0.00750901959170522 0.345076307054641 0.0432026099401526
0.0162044733576894 -0.000962696170750024 0.109287633540928 -0.204341920438779
-0.00205304977271057 -0.00762999153450489 -0.109093556143703 0.151777143284175
-0.00724892333458897 0.0135858944079575 -0.267083058816186 -0.0287066197274947
-0.0133665895100798 0.007381817113738 -0.299909870463552 -0.359905741148305
0.00389207102916935 -0.0129113324131398 0.161249058763176 -0.627559111318309
-0.0269524052188043 -0.0213550255412912 0.756651429655931 -0.183458196296429
-0.0259019106051031 -0.0137725710470366 0.591089521688488 0.535871891080193
-0.0218209204322915 -0.0116041419017458 0.00214507560147894 0.554444968318436
-0.0190798811649534 -0.0235246741549532 0.0741651040807303 0.0465022262394394
-0.0156682493210152 -0.0236999712246162 0.162530922556439 -0.506328540623433
-0.0305175942223899 -0.00126744824318316 -0.503553054913802 -0.749037581048853
-0.012533843698887 -0.0109134519275207 -0.926837485725315 0.0274976456943461
0.00351095919846428 0.0163405747292959 -0.285482138050237 0.677022306059932
-0.00754470196340953 0.0324471417285701 0.291025597966569 0.422755823092259
-9.08841175159183E-05 0.00436501525037662 0.342859786409361 0.0360563833886053
0.00799755842785612 -0.000744252402362147 0.104430202531781 -0.206935368978192
-0.0102807065699204 -0.00599550689733932 -0.111009576138259 0.148502974904495
-0.0168856198750722 0.0114463513881227 -0.267430001433399 -0.0356286449127357
-0.0195090680400278 -0.000714609561205607 -0.283671486401107 -0.368085719563259
0.00595275216994772 -0.0232019946140407 0.193115421156257 -0.624970612872071
-0.017925560195197 -0.0233036163991244 0.767898400278594 -0.15702554559828
-0.021120207450358 -0.00475864198852301 0.565070683910023 0.556636067411289
-0.0256053318444163 -0.000947854259943967 -0.0182509948033035 0.550355000495379
-0.028013830450156 -0.0138084713205935 0.0724475889883133 0.0364171818781106
-0.0220834700138849 -0.0111672312678432 0.143368883449613 -0.514890888652919
-0.0252192742892058 0.00908064896862498 -0.53681765835869 -0.731329835411555
-0.00138759779773998 -0.0124147171526256 -0.918754518633069 0.0650168020275727
0.00683506769364147 0.00602734523020501 -0.247176973327333 0.681620954594896
-0.0127034864133624 0.0234110878144937 0.306454027908365 0.411950278968216
-0.0100877256161436 0.0014736581264114 0.34256561884359 0.0280297240097341
-0.000459298399268017 0.00113993337375819 0.101339049626273 -0.208133897088795
-0.0163903330255008 -0.00475070496766054 -0.111842445622696 0.146267468449185
-0.0251040413101251 0.00952816611726802 -0.26468568326683 -0.0403117729136877
-0.0248854398057766 -0.00984696267120002 -0.26583164466319 -0.376360220095134
0.00913951600918294 -0.0318947539873089 0.228107267273628 -0.61874052689236
-0.0065737439091207 -0.0229688710095164 0.779599180163391 -0.125115920670271
-0.0134677656322566 0.00664918010925255 0.540137526480152 0.583195265143215
-0.0292897282300931 0.0117961825068066 -0.0393971470240379 0.551254563639194
-0.0352277483708947 -0.00127853143237392 0.0671834501617423 0.0317309120078291
-0.0249323122767186 0.00341682307331163 0.123048630459461 -0.521007965979837
-0.0162553050194899 0.020716106334013 -0.570132977619895 -0.707983409679799
0.00920866610595393 -0.0136517376878711 -0.908154623246662 0.104352104742576
0.00726901178555645 -0.00397761694638984 -0.210136304599166 0.690816330248974
-0.0185388116569432 0.0154401499440764 0.326109547041169 0.401207418094535
-0.0183579465099566 0.000258479617361158 0.343019978016383 0.0190223995088492
-0.00710862043831836 0.00293477462801755 0.0986662224503414 -0.211012267436647
-0.0208092218712664 -0.00210365595173365 -0.110159607186541 0.142930010562362
-0.0298610497002795 0.00758089123487224 -0.260384383704239 -0.0463369374845716
-0.0273087624982414 -0.018588060741926 -0.246008765411139 -0.380720738069534
0.0116286696366333 -0.0390506731185147 0.260662521460886 -0.610622753880599
0.0051139221753553 -0.0200412020083712 0.788906578781917 -0.0918581978523136
-0.00432789270030343 0.0181240023527546 0.513689522013817 0.606884654560731
-0.0289506288106778 0.0246392195174842 -0.0617984509268601 0.55418116082207
-0.0400767794318647 0.0112177905593741 0.0601423125122708 0.0320176795497001
-0.0236701379341295 0.0183864374678823 0.103021485430093 -0.521627299520618
-0.00491558144961091 0.0315866277091022 -0.598098285585279 -0.678026457148058
0.0180559390689021 -0.0137093619384113 -0.896605685501424 0.143707887632058
0.00576109573712913 -0.0109864054794245 -0.172555540892695 0.698174493071014
-0.0229008879843591 0.00840774112303892 0.344841580004733 0.39321148581596
-0.0240808308030468 0.000262176449774448 0.345476002436594 0.0135495545712149
-0.0122274553848886 0.00668100560652588 0.0976397695068526 -0.212694698134911
-0.0227904849151852 -0.000228074929617707 -0.108212811002687 0.140125136277297
-0.0309944516271424 0.00673622080103472 -0.255297766363427 -0.0499321335299626
-0.0284327386845695 -0.0246511812483756 -0.226301809701805 -0.382611025342921
0.0127302357922343 -0.0417905107714971 0.287905244699229 -0.600878839329361
0.014063473216877 -0.0149224489986601 0.797678025428188 -0.0635171022292486
0.00477841043146769 0.0285197621817169 0.494957522565001 0.630455908046659
-0.0275564075051826 0.0365680216252658 -0.0807923072922005 0.560635754806392
-0.0412435547241465 0.0221480456426264 0.0519890995427133 0.0358161613208966
-0.0207568535426059 0.0302390676191744 0.0839363521302537 -0.515977406555103
0.0066377989391111 0.039726511154761 -0.617174988905414 -0.650552437556813
0.0244063417447608 -0.0120420584514663 -0.887525359645503 0.174016190170246
0.00219712168462212 -0.0142064877279894 -0.143634446939033 0.703798853323473
-0.0261465268286889 0.00378750047201971 0.361950835430535 0.388316980062065
-0.0254225682538677 0.00132650524128278 0.348126217696864 0.00862309051775502
-0.0137929485239577 0.0097184927705406 0.0994592725838818 -0.213789984687358
-0.0229865883223362 0.00231519254852698 -0.104191934468726 0.139149540497517
-0.0277663122572708 0.00676703937268479 -0.25094238909094 -0.0498227713959531
-0.0271040826540331 -0.0281578374258592 -0.218295606601547 -0.379946402582054
0.010899921960731 -0.0413995129017671 0.298574828755872 -0.59362362547936
0.0192794238821047 -0.00968284953227933 0.801666911130743 -0.0514596651349233
0.013297644456727 0.0369136042554089 0.489203764166155 0.645081688170499
-0.0243605074978793 0.0456449543080388 -0.0895423179952635 0.570664821592236
-0.0396063742622409 0.030825829148655 0.0430321749382922 0.0443267020720239
-0.0141291288269446 0.0392357708845728 0.0777548125546354 -0.504458670539994
0.0178705591661817 0.0458152242300202 -0.621225417883824 -0.637545695742281
0.0289291533315647 -0.00868941157144468 -0.884550881412097 0.186679768299878
-0.000488769645758749 -0.0132559879032003 -0.132698770931366 0.710529614373185
-0.0267076946592636 0.000968441479018704 0.37139619350928 0.389113686245279
-0.0221712145080501 0.00198415767445558 0.35447670237134 0.00744938880407863
-0.0123533503248024 0.0122377497433871 0.101474160646243 -0.214898006069731
-0.0196955264433831 0.00430682080667972 -0.100085241867485 0.137783254419886
-0.0207456056200376 0.00763267305420436 -0.246784004665013 -0.0481203713883391
-0.0252543248222633 -0.0271449677826218 -0.212974851649026 -0.377534287297935
0.00692592688954968 -0.0375291742182807 0.296772315857667 -0.590438335769584
0.0190379830762973 -0.00580918638223263 0.801151361168226 -0.0441339157287056
0.0201432212109789 0.0399575923816336 0.492153457050867 0.652691095241401
-0.017884082757032 0.0488701273075771 -0.0928203802013177 0.582157256750481
-0.0359213756943122 0.0345072154745854 0.0354517589660764 0.0559525194507697
-0.0072480432653147 0.0422348884277796 0.0761567697647421 -0.490874364478222
0.0249994105297576 0.047719752594546 -0.61434729289848 -0.629451073682923
0.0295269217430925 -0.0035696646282952 -0.883778902857024 0.188871877016756
-0.00339064838219994 -0.00831158766830545 -0.133721463991443 0.714802090166917
-0.0232777928921624 0.0018128539749755 0.374765433988095 0.3935740460221
-0.0155380233307053 0.00295021969623769 0.359729113988597 0.0100979280412326
-0.00740956658882454 0.0134592941184173 0.106982592774926 -0.215014431478564
0.0043074835429132 -0.00798920398613893 -0.105921896505326 0.149867992475527
0.00314614462501416 0.0137566764358014 -0.26250337202159 -0.0202473146567133
-0.00737150219878033 0.0135208387523596 -0.306782244454707 -0.34630526341028
0.00112627049496672 -0.00367439510275111 0.129130637481216 -0.619142513807256
-0.0334633893067171 -0.0169453108352439 0.734698576021311 -0.203737979207325
-0.0265051110111675 -0.0184428252469518 0.601781681095407 0.508471604509886
-0.0152953209068662 -0.0185675209319129 0.0197294408212639 0.551318732092368
-0.0112855207309439 -0.0289747956320423 0.070585702036402 0.0551305896468666
-0.00831542068967062 -0.0308495845370259 0.17134320944372 -0.483845111156018
-0.0309963168670665 -0.00844097703622762 -0.473678903767434 -0.744280892402276
-0.0217901067458447 -0.00679946618623055 -0.915789474314151 0.00530081351500882
-0.00331244182363818 0.0256208666310381 -0.306502262738648 0.664092224487487
-0.00238421290065788 0.0393742751580735 0.275711932089385 0.424619013442054
0.0101836869704641 0.0079672826073697 0.341695140958698 0.0397563858343943
0.0158973285612887 -0.000698661601048316 0.106965184762702 -0.202864529824618
-0.00278947973664489 -0.00757668061090618 -0.107301060438871 0.149854691541057
-0.00701866269861249 0.0128252652255849 -0.263506921354016 -0.0270506333047707
-0.0134963464109474 0.00731017557124389 -0.297199099463029 -0.354729135984612
0.00307188288070409 -0.0129016956411273 0.155145069530184 -0.618851418267193
-0.026820680760639 -0.0207433540730368 0.747491729639362 -0.182833882479299
-0.0249929984589852 -0.0129257921489772 0.582901152713192 0.525083935168773
-0.0213597557527632 -0.0114588148041102 0.0036081514835775 0.547407124098195
-0.0192326320286997 -0.022936029854 0.0726068574555555 0.0444440391155621
-0.0157120542086264 -0.0228520944442525 0.158365056276623 -0.497669860216115
-0.0301175839122265 -0.00127831293974037 -0.499815233924801 -0.735971153038346
-0.0122095442409134 -0.00992250844043338 -0.914246864068736 0.0334684892764734
0.0024526038716374 0.0163479033377586 -0.278167657784591 0.669080155828139
-0.00636050270429104 0.0313763843345341 0.289258856945541 0.416096836792879
-2.70537144365854E-05 0.00462644002270134 0.339583702303181 0.0319879742727646
0.00824224122709036 -0.000984825014410048 0.102241475347392 -0.204882362284025
-0.0103814640113927 -0.00599890772574787 -0.109559050069303 0.146838061613675
-0.0173833813682844 0.011034588889332 -0.263475134473898 -0.0321400159715586
-0.0196614551674106 -0.000966337352683018 -0.281939445847954 -0.361909056586405
0.00587065278421821 -0.0230287694601082 0.1885258761376 -0.617392651457147
-0.0176049599745928 -0.0230817261626363 0.757905898820962 -0.157505789408318
-0.0209424476316724 -0.00405727360033431 0.557845982300635 0.546713093913148
-0.0258175168114984 -0.00118423868383995 -0.0171536728611696 0.541185814442454
-0.0273433836358455 -0.0133713056187237 0.0712726183760325 0.0360569860746896
-0.0213359589673257 -0.0109831004074172 0.139007766657136 -0.508641305691448
-0.0247012607774907 0.00930869104347002 -0.533650720455819 -0.716408976106707
-0.00165664291645823 -0.0124054579515984 -0.906039081493325 0.0691057691571579
0.00602569080030255 0.00569469343848143 -0.240191934287862 0.674760245568559
-0.0121081524655977 0.0237257207614896 0.304251586978127 0.404527282783306
-0.00974819389924554 0.00165932073222971 0.337379729539165 0.0242198113551771
3.99042764885841E-05 0.000921407092766333 0.0984805769451338 -0.206378956688244
-0.0167954870254131 -0.00440401627132311 -0.110383963579244 0.14504975550658
-0.0245443168825273 0.00937266516421372 -0.261919145476178 -0.0386419947782111
-0.0241441961806402 -0.00948466402088914 -0.265618361071226 -0.369253620368209
0.00875777423714628 -0.0325146527994778 0.222260029376237 -0.610674378285073
-0.00663533755589038 -0.0223878399219836 0.768389158289687 -0.125568172402371
-0.0129889053234337 0.00631115606082487 0.531641134951414 0.572918355153364
-0.0284852665940071 0.0112512306337343 -0.0377635184544688 0.541673959895411
-0.0349110426434604 -0.00159034857639751 0.0659615831700511 0.0318435210684477
-0.0242215441357611 0.00375680212655869 0.120803410314927 -0.513682969687881
-0.0152881132437104 0.0204123590754459 -0.56511749633432 -0.690394415491708
0.00933633255014924 -0.0135166588040513 -0.894982540155121 0.106260543100259
0.00704042106381502 -0.00327841586606309 -0.202608621740433 0.682493686578103
-0.0178206769192087 0.0157653727060354 0.324272927480608 0.394548670761618
-0.0178501598996308 0.000812214387503027 0.338976446840612 0.0162825540445671
-0.0067833463151781 0.00398140786862509 0.0962996185346051 -0.208940248142069
-0.0211048786589213 -0.00182329158344682 -0.109321660664212 0.141267953909198
-0.029422471817732 0.00735528612963945 -0.257879680617829 -0.044822811734946
-0.0270198029736396 -0.018184965088771 -0.244669176299537 -0.373589764531797
0.0108914129482813 -0.0390206448905561 0.254227178472147 -0.604087630034166
0.00475592438708933 -0.0193338781612761 0.77780804455835 -0.0930247687999284
-0.00428912421094862 0.0180963049902311 0.509695712875982 0.596472545608334
-0.0286844214564434 0.0241359131811751 -0.0585782879002343 0.544693106320819
-0.0393929182904232 0.0104396100611264 0.0592492533322029 0.0309812297918197
-0.0236797405204404 0.0180861863754877 0.101499466366162 -0.512455746241831
-0.00458065643535905 0.0306834870760656 -0.590733267717139 -0.664305702799841
0.0176558670785167 -0.0134992095001685 -0.886858914977739 0.145294016742756
0.00562407333776072 -0.0100641173668087 -0.167505024021101 0.688092469069619
-0.0225552487544817 0.00882707505624677 0.343533440423029 0.386902273895355
-0.0235450861919513 8.96693293986166E-05 0.341190578558028 0.0108019273790814
-0.0123111725840254 0.00651894006253524 0.0952366910018487 -0.210307979835264
-0.0240106658556419 0.00070928483278174 -0.106919317961826 0.138639863660273
-0.0298949093635689 0.00633468990637952 -0.253338239958462 -0.0484426194440386
-0.0276034357835525 -0.0243626474021656 -0.227782260940964 -0.376236449399967
0.011902955580931 -0.0413069804186917 0.279402078837614 -0.595888612452857
0.0135414406816577 -0.015075956020275 0.786543714627862 -0.0655306490009804
0.00490695368210638 0.028495893107194 0.490542634997237 0.619040977168151
-0.0273559208030482 0.0353056999010829 -0.0784154166395766 0.55222273465108
-0.0406122167379658 0.0217779525996936 0.0516026868606257 0.033997579354172
-0.0199723263070733 0.0298983901577154 0.0834015357627559 -0.50760418155448
0.0069539261265948 0.0398780351567904 -0.611232097377738 -0.637448733567244
0.024219837734464 -0.0122798589820162 -0.875829632021555 0.174319067230082
0.00254571891907309 -0.0135242210472911 -0.13666135089494 0.695014614132594
-0.0259973435532727 0.00419382278545043 0.360243711304307 0.380580172142255
-0.0247844238487056 0.00181458393109701 0.34520822011356 0.00618178057263334
-0.0134531169229898 0.00962052620016782 0.0968768888087455 -0.211756762229626
-0.0230564499473956 0.00245270544591196 -0.102958265314008 0.137636241172104
-0.0267028770835807 0.00629284361532382 -0.24731544765602 -0.0477968011695469
-0.0271274733826183 -0.0274531280805745 -0.218022369585328 -0.374417808588098
0.0101569485316573 -0.040959750479093 0.289927259531817 -0.588340165177118
0.01895134273539 -0.0096234403210556 0.788860105814355 -0.0528282619450538
0.0132420582281735 0.0366487160268034 0.484714712745539 0.632684799363859
-0.0236913966341943 0.0442552651781766 -0.086604697894502 0.561401489597518
-0.0391259029973657 0.0302286715801994 0.0424618209913714 0.043760191871016
-0.0136987594452129 0.0387437999536902 0.0753785372909931 -0.497564684543213
0.0175174877870057 0.0450445851300358 -0.615227725381801 -0.625055382817001
0.0287285769051753 -0.00835438953832701 -0.871404814646241 0.189949960413423
-0.000879035736732016 -0.0128120311875382 -0.12844250602976 0.69839718325752
-0.0250804304897719 0.00167708408225949 0.368178493570825 0.380188029295953
-0.0218275984158829 0.00267371972109842 0.350472350040996 0.00526142587907629
-0.0111394309310738 0.0120466239578487 0.10010900683826 -0.212981300682947
-0.0196970682000841 0.00522253867243346 -0.0992213896494364 0.13686855990472
-0.0212767177531992 0.00770088481170966 -0.243692064020661 -0.0461556607125674
-0.0253802991972065 -0.0269594560614055 -0.213991344655561 -0.371685039867551
0.00620716949482916 -0.0373355908310635 0.290410910187466 -0.582594849379884
0.0192907463512128 -0.00568347394619771 0.792729349276301 -0.0476746993413679
0.0197881604491426 0.0399832590993155 0.487288687924788 0.639797279743124
-0.0177447729127921 0.048106156843125 -0.0898595047991444 0.571052589325179
-0.0353946087974184 0.0343623351973777 0.034895722898623 0.0543415045798994
-0.00652079405753804 0.0414887146663528 0.0739819204875387 -0.483724202242233
0.0253075332330041 0.0473117016131706 -0.610034004106101 -0.616703677354819
0.0289403354070122 -0.00406021846287524 -0.872024565272019 0.191197079930723
-0.0039590804397204 -0.0085611259114168 -0.128119652655839 0.705746398560605
-0.0228543961085968 0.00174665673098493 0.370590805084086 0.385299023662645
-0.0147750574400778 0.00345027275365484 0.354941051081402 0.00748324649534159
-0.00722410728451528 0.0129969582052268 0.104911400510799 -0.212796452349913
0.00343091089897954 -0.00807123453535577 -0.104640069028021 0.148635525843296
0.0037224758598514 0.0115583458720938 -0.259662266729258 -0.019260728885432
-0.00715370953152205 0.013746767717724 -0.304671190748113 -0.341491728014795
0.000787514546971529 -0.00362970322473436 0.126296452800093 -0.611103237759443
-0.0326915038661539 -0.0159108204677418 0.725359843271066 -0.202407290678955
-0.026523296542149 -0.0175989094761752 0.595776355352753 0.500890619920514
-0.0153661640282059 -0.0187584967504539 0.0185200473566782 0.540808112984253
-0.010765439179202 -0.0288041417369751 0.0699898047707444 0.0544470850814551
-0.00794077946160765 -0.0308659364783572 0.168655418797817 -0.476117092051148
-0.0305640813869532 -0.00792100385101101 -0.467749776232196 -0.734115342663456
-0.021866100842239 -0.00654826325985861 -0.905306834225123 0.00863935435218571
-0.00365847713410837 0.0258709274229843 -0.30074466695886 0.655786402635823
-0.00207563011316749 0.0390399096832151 0.274874089944792 0.420254667768069
0.0105938229734635 0.00756381277500619 0.338202145284321 0.038732593377114
0.0160921153673612 -0.000908485535003222 0.105528380280408 -0.201414432849618
-0.00303361585242533 -0.00717328703410148 -0.106725271806721 0.148068257352089
-0.0066483464079976 0.0127692725604262 -0.259862422353942 -0.0256414229475358
-0.012870470690233 0.00785687803701894 -0.293974365241417 -0.349349555417937
0.00358967950405103 -0.0133297981989482 0.15299083116615 -0.611029070024044
-0.0267881924207493 -0.0197396378571851 0.735442280230164 -0.179466673445371
-0.0248465906786252 -0.0118619313637789 0.576025433338725 0.520182749507311
-0.021696230228271 -0.011612466174458 0.00325346617993076 0.537551662152952
-0.0185019941553543 -0.0229356006940852 0.0713121078831535 0.0439273743800528
-0.0148511689017824 -0.0229129266898317 0.157401016142185 -0.491356088343533
-0.0291214587017739 -0.00121413143395159 -0.493267867786534 -0.723747591032831
-0.0125352128009891 -0.0101380292096859 -0.900583333763749 0.03378149536368
0.00253267311860034 0.0159612379823792 -0.273557829687437 0.660714415846733
-0.00622740925521063 0.0314918779204684 0.286609972309111 0.410832378559849
-0.000483456059942182 0.00463225581826861 0.335253782086409 0.0314170356024809
0.00830317552668343 -0.000718137094208884 0.101118230801064 -0.202171735655341
-0.0111715705212081 -0.00619872000115883 -0.10854716028668 0.146550490572218
-0.0165830378665229 0.0113139787866934 -0.260662449611866 -0.0332080069089896
-0.0191790722200244 -0.000292183681634706 -0.279819329473194 -0.357833446665352
0.00540367428966301 -0.0233006599265322 0.183032208454182 -0.610352394337992
-0.0176876524794787 -0.0220524414756758 0.746083225031182 -0.155389620510456
-0.0198776589925509 -0.00374826788851943 0.550324970620314 0.538765185242939
-0.0259771496900183 -0.00146499087299046 -0.0175357696695564 0.53296570950387
-0.0265736692815553 -0.0124604583606436 0.0702538309729406 0.0350563038211213
-0.0201519795194815 -0.0111509439810693 0.138069270553068 -0.499464195691912
-0.023931389596901 0.00943669932886027 -0.526967616792078 -0.706408047082131
-0.00173080400832308 -0.0120982388097114 -0.893694945544879 0.0681773834689576
0.00622702488888723 0.00547014698855248 -0.235392565821957 0.665642012865951
-0.0115934130628667 0.023510473122122 0.301593810529649 0.39948063364303
-0.00989776750542245 0.00158939491264983 0.334307186399061 0.0227335390685838
0.000117479004570816 0.000700072520145843 0.0971994186573353 -0.204380500646222
-0.017323545727789 -0.00420259011124085 -0.108751785432419 0.143133215985153
-0.0246703494530266 0.00953810020420932 -0.258728036098917 -0.0383642959018458
-0.0238231507529223 -0.00923821293877531 -0.261984567170752 -0.36546960899909
0.0080096883708247 -0.0318667862010036 0.216875922314394 -0.604602086768347
-0.00636808146490614 -0.0218442691582089 0.7592903417078 -0.124431456545399
-0.0123585157159 0.00676767069614281 0.524586074718067 0.566210965569965
-0.0280766042951942 0.0107537169377471 -0.0379549836643317 0.534043465145896
-0.0332546147735764 -0.00154511075909954 0.0654062302985552 0.0307214494109055
-0.0234848445900256 0.00317756761700799 0.118528142100363 -0.506682191798691
-0.0151801096131747 0.0202429706250265 -0.557318642470301 -0.682874634438419
0.00914926088335242 -0.0129087933863653 -0.88422929302818 0.106882664653409
0.00702876476847797 -0.00352190589536405 -0.199899445236889 0.67394301970591
-0.0172530097312626 0.0153376667856529 0.320088847755204 0.388787434556212
-0.0179590846695086 0.00125970417779866 0.334927759388192 0.0149679478497336
-0.00688864780971892 0.0029245666645235 0.0948060412122772 -0.205965122981671
-0.0219964069424677 -0.00189900866204036 -0.108619628749 0.140188741558891
-0.0293909735404483 0.0070520824065223 -0.254754215243029 -0.0443797284869063
-0.0272448440041326 -0.0172173864663204 -0.243292171471242 -0.369590641676258
0.0100085217525438 -0.0380811481612603 0.25018938139944 -0.597075265185109
0.00452689906614686 -0.019190440982527 0.768192607945986 -0.0925703938193453
-0.00404925970232274 0.0183496882067826 0.502230892558148 0.58929774729082
-0.0284915826846012 0.0236974921219826 -0.0589641133099527 0.536493700437976
-0.0384400223399427 0.0112994241101664 0.0584728367961544 0.030400438682575
-0.0232547380845827 0.0180382532978943 0.0997485232462706 -0.505408498478513
-0.00416859616559444 0.0299680182116499 -0.583868639644834 -0.65520833657021
0.0178427404543253 -0.013240234860463 -0.874047946834889 0.143151674909421
0.00507608994767787 -0.0104945886834512 -0.163150297808498 0.678253386997351
-0.0212991781198986 0.00904291520375373 0.339403031471377 0.38126100294864
-0.0227330749481365 0.000922791275835727 0.338078337031486 0.009920308682374
-0.0117712299238346 0.00633502721695914 0.0945111952428627 -0.207625394502851
-0.0240761349703022 0.00067700769071445 -0.105405358481936 0.13766318509966
-0.0294664448354193 0.00605218755547692 -0.249350252953507 -0.0474091884903831
-0.0278310825055211 -0.0235348045243721 -0.226417609668367 -0.372292193228166
0.0115592250783742 -0.0412746734002973 0.275170132214906 -0.589552303506994
0.0136655657769661 -0.0142889990451671 0.776178127865783 -0.0657571773138614
0.00495498204208383 0.0289735635350854 0.483133938096286 0.611193532396697
-0.0268738161779086 0.0346134622128905 -0.0764276060128445 0.542839634112853
-0.0398376104297493 0.0211405090489667 0.0500621074364299 0.0331391861322307
-0.0189225171342755 0.0297372592226338 0.0813468309800776 -0.499820806946008
0.00710647853726207 0.0392998039878533 -0.603503095223375 -0.630219143473971
0.0245689096822872 -0.0117023857632144 -0.863050713821801 0.174603333215695
0.00208180123997903 -0.0140816467841875 -0.134658459029944 0.685220277047574
-0.0245750230114511 0.00417607151499002 0.354870350815445 0.375778140928804
-0.0244478864836357 0.00134479017830363 0.341368915124761 0.00415270033901168
-0.013143231121565 0.00931300368033349 0.0952387263596546 -0.210152568202615
-0.0228861412794702 0.00327804395221646 -0.102522901839546 0.136030526535746
-0.0267396176039359 0.00627951599313968 -0.244572699833327 -0.0468192803237896
-0.02686696763175 -0.0269641939011499 -0.216794106784581 -0.370825424036029
0.0102631755851235 -0.0410266207835715 0.284809590840452 -0.582570071976628
0.0190485388831954 -0.00954534906967127 0.780761498563353 -0.0518024901029669
0.0135573895698921 0.0363804569852608 0.476819407285451 0.623230638945739
-0.0232419322194839 0.043410461338247 -0.0857258112465905 0.553359746637939
-0.0384975226418047 0.0301765656395772 0.0417347489782171 0.0429562119781766
-0.0136357544019431 0.0375301092902041 0.0752167692360501 -0.49014919207756
0.0179418071164316 0.0448376215945022 -0.606564046981982 -0.614961131373269
0.0281119696579535 -0.0083779614981564 -0.859804674598801 0.185765876716903
-0.0012743472352488 -0.0129032838391348 -0.124256085347632 0.691221850729573
-0.0240859150423555 0.0017391483975617 0.364807471646127 0.375653885298798
-0.021284587682515 0.00256568403886272 0.346024062876606 0.0036007288671311
-0.0111884342018798 0.0117216826346799 0.0983352423721874 -0.210753129478872
-0.020697242692624 0.00521918678571737 -0.0975071760850737 0.134442273173583
-0.0203077828231896 0.00792240105567864 -0.241022320612481 -0.0457701061398557
-0.0250501310934633 -0.0266236634744979 -0.211634665206016 -0.367682943620531
0.00602996977847917 -0.0364789667903357 0.285483844800263 -0.577972610090662
0.0188245710855619 -0.00560385657274317 0.78145462340599 -0.047492055340413
0.0198201376653885 0.0397779482734382 0.480669569031953 0.632589532541341
-0.017512225769447 0.0474463421260605 -0.0893163117766669 0.565090889028734
-0.034236235841022 0.0337414457799211 0.0343377520199172 0.053394705558681
-0.00624187597325385 0.0415018808082781 0.0733871243125503 -0.477006312923082
0.024666670201906 0.04697304273863 -0.601160582229868 -0.6060772202511
0.0288584402917997 -0.00299651162152777 -0.85895273895679 0.190447480660494
-0.00396401442151897 -0.00843978865485557 -0.125840279579951 0.696452446926643
-0.0218769012007141 0.00196497699211473 0.369041157867567 0.37848810963636
-0.014775703778372 0.00383748719663364 0.350713420350189 0.0056869131994335
-0.00656912399203799 0.013189389635009 0.103002283665024 -0.21042946863793
0.00278713261254078 -0.00761592233161896 -0.104152202689414 0.147156538741337
0.00372576211764536 0.0128315559347635 -0.256979158871513 -0.0198459795594945
-0.00702851986523388 0.0138129307994089 -0.301305207976086 -0.338061190364989
0.000522752038921516 -0.00350425754542711 0.124738496529394 -0.603587951885122
-0.0325274310013252 -0.0157958060280251 0.717131062365562 -0.19945065371004
-0.0256540470349652 -0.0169281593992377 0.58694641331068 0.496356141902838
-0.0150996245086826 -0.0185816427665649 0.0169737163989408 0.535891449241905
-0.0102650493556796 -0.0281343653694947 0.0678391270645636 0.0536684995178996
-0.00781214724413263 -0.0305817790652698 0.168567665219015 -0.471726295650008
-0.0299636341535526 -0.0084176952274157 -0.45985440119228 -0.724454125212816
-0.0213886007329963 -0.00689973757657083 -0.895755213280959 0.00737889782808762
-0.00263191768588015 0.0249159942023555 -0.299256111809873 0.647617647921071
-0.00177654222154869 0.0381841175183255 0.270464846747538 0.415829675875406
0.0106007232892577 0.00788906467312864 0.334094513928181 0.0372938449026533
0.0164286131378744 -0.000768937926642017 0.105277690226488 -0.198422099827878
-0.00389157148039867 -0.00763688738718747 -0.105883187949524 0.147150342094339
-0.00669080561341975 0.0121409495226908 -0.258406051736211 -0.025239140267554
-0.0134216651033595 0.00837108501575707 -0.292741253961366 -0.346138120047296
0.00175903985906669 -0.0131494236027284 0.150445403366699 -0.604839295217955
-0.0263687851954688 -0.0194126080628861 0.729834243301446 -0.179145490222934
-0.0236561727153582 -0.0119361592625171 0.566135190135712 0.514066293388414
-0.0209998217614045 -0.0116377059626999 0.00103486559063132 0.530240956397744
-0.0188336977872388 -0.0226063041689295 0.0702121053859557 0.043287309476795
-0.0152794610086556 -0.0226614316882062 0.157685654902696 -0.485377624380531
-0.0290457724322106 -0.000507227464023922 -0.484941262257235 -0.715737159924296
-0.012420897802313 -0.00950102803643653 -0.891547570194261 0.0329167926757192
0.0022467822045342 0.0168812304807115 -0.271117001106533 0.652756781967022
-0.00567286146525317 0.03093459156278 0.282104132007274 0.406110660408833
0.000220569197745399 0.00470657825811419 0.332143642781694 0.0302803844054663
0.00876823981023967 -0.000363310297113145 0.0990683838942771 -0.201329717046694
-0.0114009730056832 -0.00594612953122057 -0.10840766323519 0.144370957193
-0.016096420158294 0.0113865992841768 -0.258112739843477 -0.032188059100004
-0.0190026779321191 -0.000235467317493244 -0.276927482946972 -0.354422116610762
0.00502031041000468 -0.0227971713307376 0.180335676681886 -0.603811428353401
-0.0164309999802323 -0.0220216009183392 0.736774717751141 -0.153556132304332
-0.0196386903054205 -0.00355392960793062 0.542572697568712 0.531852037648242
-0.0252215082736059 -0.00155720736897545 -0.0180211281184821 0.526177202072449
-0.0262472177614803 -0.0129572871733172 0.0687127328880719 0.0349746807957713
-0.0201904986815047 -0.0109413706022307 0.138287931424108 -0.494618307767103
-0.0231895035265069 0.0088663598956869 -0.518032864580465 -0.698311662181258
-0.00200649617211362 -0.0118853212998567 -0.883639896507917 0.0665046715720194
0.00632680751682727 0.00572166463057657 -0.233770867897616 0.657197238069508
-0.0111177013557426 0.0233623905781794 0.298304741218304 0.394309646804183
-0.00962901452516784 0.00219216306395101 0.33144480580977 0.0219859589911752
0.000431983111051007 0.000529638606251398 0.0960363787020132 -0.202335736358486
-0.0172133642748749 -0.00430647405727847 -0.108974465084287 0.141532727908797
-0.0238449704856425 0.00930756801399648 -0.255952645915562 -0.0381711065451118
-0.0236091759765162 -0.00908197548783754 -0.260211833021996 -0.361945834635745
0.00774610662492684 -0.0320762788046407 0.216441930560731 -0.598777035480519
-0.00690335339191739 -0.0213973349659966 0.75276030862719 -0.122807672543919
-0.0116446835636769 0.00670220238744557 0.516839059170931 0.559437863387529
-0.0283313820547758 0.010579965858705 -0.0388965524110677 0.527337232656415
-0.0336699801133843 -0.00150529331645231 0.0649256014237492 0.0302851208831049
-0.0231117829237704 0.00279892264032417 0.118717690040587 -0.498702887824404
-0.0147345543171855 0.0199805100258705 -0.550443750238363 -0.673796445900737
0.00873060559494024 -0.0128342639022669 -0.875021651110493 0.105872587216871
0.00751720395114845 -0.0030410554613024 -0.197931766457035 0.66630694048146
-0.0162793421287403 0.0154628989485956 0.315686153479595 0.38485550806177
-0.0174494025190124 0.000702542619228329 0.331731578550619 0.013317726945737
-0.00600504956621676 0.00305575193023483 0.0946329494989993 -0.204176457884272
-0.0216650731555108 -0.00155230581957299 -0.108813436058468 0.138310804837025
-0.0284623279919819 0.00751513426531006 -0.251774153211837 -0.0440608737588477
-0.0267574282187396 -0.0168319353951266 -0.240861130927979 -0.366586441716911
0.0104839618617415 -0.0383645681064982 0.247886626835306 -0.591779261070321
0.00482945171332914 -0.0183492252471592 0.759710306867545 -0.0905766173474716
-0.00313430268112947 0.0184168522396391 0.494255034174328 0.582791437373966
-0.0285764087160384 0.0232913170514986 -0.0594146009076959 0.529280028488482
-0.0374415227540401 0.0106703008158116 0.0572781809376884 0.0300756976539329
-0.0230546378600181 0.0174073049634054 0.100624337072862 -0.499796285339737
-0.00441699873982134 0.0307951742291311 -0.576337159188913 -0.647940269748853
0.0174577458813487 -0.0129719496268148 -0.863596951096073 0.142411032174031
0.00553496303073791 -0.0102827262560039 -0.162201306694768 0.672526198186851
-0.0212534307385176 0.00899652317819362 0.334923165515024 0.376969596596763
-0.0234132008118291 0.000979036891576709 0.334707760245341 0.00832193840180912
-0.0108647906325702 0.00656233101817381 0.0935324325682681 -0.20566441296557
-0.0248503015325484 0.000628969159539426 -0.10541190849443 0.136236545817665
-0.0290970658616659 0.00611565708123671 -0.246480048993628 -0.0465791611474823
-0.0272607231003705 -0.0226294466381248 -0.223846535766592 -0.369638852412269
0.0111488485581548 -0.0409541270136327 0.27153174742529 -0.581898224742119
0.0132556446484951 -0.0141727021022223 0.768840523119617 -0.0625905980494346
0.0058256608227752 0.0287388105695957 0.478310646723728 0.605360914950266
-0.0272336759854832 0.0340040986937035 -0.0761296495986498 0.537799703000226
-0.0385416989377284 0.0212647873311479 0.0497899441634468 0.0323563294178775
-0.0188726764750636 0.0290659282486602 0.0821842985605285 -0.493623606237192
0.00754820067514174 0.0387788139431815 -0.595626738802438 -0.620079889369833
0.0226955591273231 -0.0116134404913152 -0.8528485919332 0.173423707556666
0.00257175077626849 -0.0136910139890658 -0.134270179046529 0.67737446770062
-0.0234326134948433 0.00408627746501839 0.351964079399476 0.369832590005348
-0.0241357703881028 0.00158668327899399 0.338140398968525 0.00344745929827921
-0.0124350859230667 0.0089583348865487 0.094444569309525 -0.207760691007745
-0.0238943377651812 0.00291636515327838 -0.10139940179214 0.134336211080162
-0.0268924908628881 0.00598906615571065 -0.242142413796925 -0.0470625615628684
-0.0263232866402235 -0.026419898715812 -0.214403074515511 -0.366300596785094
0.00951904302683033 -0.0406285159709251 0.282575730387119 -0.57506049312286
0.0191524496901053 -0.0095505306795752 0.771975772424548 -0.0510443376359968
0.0135971300995931 0.0370258303370416 0.472484902276859 0.617357778293459
-0.0230473190595813 0.0429425113043681 -0.0868663688149181 0.546294838161028
-0.0386951621805284 0.0292179295160875 0.0412341248809963 0.0418640163624912
-0.0132918525958633 0.0375061624109976 0.0734446422926942 -0.48349535610992
0.0174387278835663 0.043988787258307 -0.599726925028205 -0.606696725230066
0.0272470947652511 -0.00768499983282391 -0.84811015345578 0.183983830895661
-0.00104008206953229 -0.0125148021602655 -0.124642555779078 0.684083228137087
-0.0236227294449162 0.00174168963862744 0.360612859409497 0.371782118501947
-0.0211147236028995 0.00262235509314139 0.342853401590042 0.00337895016935187
-0.0107067667057931 0.0113025782355129 0.097411082775188 -0.208138379840863
-0.0200652182384436 0.004548783028814 -0.0978964069345313 0.133728310696419
-0.0201006440200008 0.00724514335119219 -0.237707808786492 -0.0454048530218536
-0.0246958637308251 -0.0256853137623612 -0.210684086759096 -0.363836347368501
0.00563541200058605 -0.0369620087308511 0.28175785005751 -0.571562989496125
0.0191070261810854 -0.00501374652695971 0.772756274328126 -0.0448484818521041
0.0197874946259685 0.0397193366055733 0.47488948539209 0.625145244820289
-0.0168417661643061 0.0467623342146294 -0.0891281125966743 0.556299004612806
-0.0339030932527611 0.0336627326163843 0.0336764361931559 0.0525971557912076
-0.00613754475603684 0.0404177752115394 0.0741741448723198 -0.470541998217516
0.0242582141899308 0.0467375046186752 -0.595162676894035 -0.60047690568257
0.0285501170495583 -0.00286040068479282 -0.850386235688296 0.188005604344251
-0.00393822209195029 -0.00715055657941206 -0.124193198725726 0.686463803213467
-0.0210935239726451 0.00170642248660925 0.364769460024341 0.375932338710956
-0.0142224388524378 0.00348974371068893 0.346685119745636 0.00520646912967137
-0.00652935176505337 0.0128166928163388 0.101357795431862 -0.20875910328035
0.00171674248120768 -0.00718971557313745 -0.104539308372862 0.145759999862256
0.00313950601350632 0.0128721885915112 -0.25430290748406 -0.0211299147968417
-0.00701966800052125 0.0133800963532297 -0.299543078251307 -0.335639451720305
0.000147733828881336 -0.0040702695674857 0.124839984280858 -0.59682580007049
-0.0323753048470312 -0.0151319254455401 0.712810529782912 -0.193984437301711
-0.0249102763450135 -0.0165466421969078 0.579057277830342 0.494737156403903
-0.0152004239907362 -0.0185324662932614 0.0146590159920158 0.529944309296137
-0.00947365944075614 -0.0283234573084091 0.066892133647743 0.0529247842304969
-0.00751473883643225 -0.0305851739428166 0.169886272978817 -0.464230669246921
-0.0293860180029715 -0.00797065649073327 -0.454040093015401 -0.718015655561579
-0.0215310534205271 -0.00689366599929007 -0.886112266869112 0.00521217208778233
-0.00321525568043748 0.0247730229063086 -0.297436909890246 0.64108505166045
-0.0013127974124202 0.0379914596617736 0.267661997907818 0.410893961576885
0.0100566330225679 0.00776353598406895 0.331755095083807 0.037626670035851
0.0167291160572115 -0.000507930321907668 0.104068300992894 -0.197033192706989
-0.00422374358989066 -0.00707562104276174 -0.106108236085171 0.144668307323784
-0.00636393568694429 0.0120586811306918 -0.255560675075007 -0.0255443275916495
-0.0131488391186959 0.00788741393651675 -0.289031202139201 -0.344779687554823
0.00211565995386014 -0.0132825028818911 0.150641517603625 -0.599440307687228
-0.025643912832422 -0.0193171593289764 0.723707705801619 -0.172567537105653
-0.023170806458281 -0.0107639947890011 0.558850420118683 0.510853361539319
-0.0207705727828896 -0.0118699961514951 -0.00158022295489814 0.525249324334909
-0.0180306120554213 -0.0220490027877542 0.0697096785392567 0.0423002925999231
-0.01429422056681 -0.0224675543920098 0.158977543900545 -0.478743678521058
-0.0274284616987871 -0.000701007440559016 -0.478967520771612 -0.710023969987332
-0.0119685282500867 -0.00965505167645124 -0.882183445311309 0.0314722218797741
0.00251253723310443 0.0151937094435836 -0.272218030070952 0.645455886566022
-0.00560796320569303 0.0311172016939945 0.278720872835377 0.402151725454416
0.00037253037829545 0.00465522669327578 0.328830998369249 0.029377422321521
0.00938212862584165 -0.00146921472198674 0.0993796662586414 -0.198475053283258
-0.0112588892964536 -0.00597463338698994 -0.108682394057741 0.142642877887564
-0.016354402222604 0.0102226307779424 -0.254786424771927 -0.0322543091700706
-0.019018146744375 -3.91741530434055E-05 -0.275293141234894 -0.352428927735239
0.00484260420959922 -0.0236485984799908 0.180962400795562 -0.596798215261449
-0.0168891732413116 -0.0212646142710673 0.733602815749283 -0.149205048089199
-0.0186951094760026 -0.00318379862748578 0.53518591043061 0.530295128071718
-0.0255108815895484 -0.00188791441160473 -0.0206140259563308 0.519501976684153
-0.0257672514675227 -0.0131930220104048 0.0679412945182709 0.0343187608007446
-0.019915574406398 -0.01124335885302 0.14035924603715 -0.486985602130915
-0.0230246818805053 0.00917194198496939 -0.510032792269071 -0.691342210779581
-0.00140350525621207 -0.0114471519601643 -0.877431991576387 0.0655483301020111
0.00623094150932364 0.00536529218591543 -0.232662293849132 0.650359350495005
-0.0101997700676685 0.0227372374200091 0.294482785249158 0.392641423960862
-0.00927239418570049 0.00191880819361383 0.328218343638668 0.021626969282739
0.000759417719074207 0.000865780180393943 0.0973826358393095 -0.200736268635143
-0.017928704017185 -0.00419545618879484 -0.109045994674002 0.139762058258083
-0.0237441106608504 0.0088818587136997 -0.253178452472259 -0.0386219497266482
-0.023465862169366 -0.00864561713501899 -0.257672019117967 -0.359689408642039
0.00769349272009475 -0.0319938114324337 0.214698292768362 -0.592437071518913
-0.00578146868103984 -0.0210145374309048 0.743271461502722 -0.119137384075889
-0.0119852117869354 0.00773341315207934 0.510482744163231 0.555548046781618
-0.0273251174582946 0.0102027542240652 -0.0406540724900767 0.520466346025564
-0.0322906113302075 -0.00147836834305794 0.0639470742155311 0.0294340834235506
-0.0225380627111128 0.00227869147523308 0.121892248911099 -0.493186554959802
-0.0140069708344028 0.0202159197359591 -0.54163739698286 -0.667400124754478
0.00891113528406537 -0.0125828904127464 -0.867242187742138 0.102926025881833
0.00745656176063962 -0.00345945922242447 -0.19725104398773 0.659537014363479
-0.0153753969696594 0.0155317418920772 0.314203980338708 0.381743090639083
-0.0177504328450725 0.00077309880251753 0.328765891858945 0.0150351307996696
-0.00579415182397174 0.00297516539320164 0.094399134934255 -0.2022194155907
-0.0221184758885154 -0.00144873562176523 -0.108139340321269 0.137010963819595
-0.0283635814985154 0.0065152487985878 -0.24940374233869 -0.0439702534308636
-0.0264269098178031 -0.0164244996592525 -0.239165298887143 -0.36409753246961
0.00984537846834213 -0.0381116079038371 0.244955860848078 -0.586948648753133
0.00485153795919225 -0.017709058357343 0.752784475963585 -0.0871284457898196
-0.00317694751989151 0.0189840015456109 0.488379065388826 0.579194648107081
-0.0283214537762121 0.0229367928861838 -0.061459056570857 0.524732295357284
-0.0375228952520216 0.0108708418612064 0.0564085609213396 0.0287938872086147
-0.0222290299622748 0.0169471630050743 0.101664567834917 -0.492657886815462
-0.00378541694350738 0.030689707071842 -0.569543609705021 -0.642377180596906
0.0170892086968193 -0.0125178377842339 -0.855466105744589 0.139575206915493
0.00537970849180758 -0.0100216452665911 -0.161176919417619 0.665818997335154
-0.0197779480951756 0.0091019074678196 0.331557174271313 0.372946003579717
-0.0225118504052963 0.00059810464480925 0.3320162060203 0.00822499427798542
-0.0101966552176034 0.00703291155256252 0.0932935709660315 -0.203537557918559
-0.024311418214092 0.000980844625061779 -0.105354138058068 0.134103159196667
-0.0288667026894415 0.00516229387370264 -0.245254282855046 -0.0476801510191709
-0.0273317904901167 -0.0225926297889223 -0.221668412976436 -0.366393609818794
0.010723573106435 -0.0410324239595662 0.269773475101401 -0.575299649789633
0.0135758554892889 -0.0136868328233682 0.762006216107942 -0.0601964511227563
0.005497726935702 0.0289729699476028 0.471061350906733 0.601876725332393
-0.0267548295713037 0.0340066962734516 -0.0790317408440896 0.52986346461738
-0.0386078854214187 0.0203680977065511 0.0487465891968739 0.0320778296127939
-0.0188968370910876 0.0288096291610576 0.0842347334474404 -0.487673341804672
0.00730229859728647 0.0380248451195885 -0.590690275536162 -0.616430917698216
0.0231442398361445 -0.0111204591581155 -0.847154076764641 0.16929297498997
0.00213460511387088 -0.0132610312739231 -0.133927065338706 0.670407624421223
-0.0233074313991508 0.00449023708909497 0.347204041929385 0.368653358632292
-0.0237899442158107 0.00198847696632352 0.334734394438424 0.00260417578998043
-0.0122466712493708 0.00970938401120791 0.0942050536008972 -0.205902323698469
-0.0232699679225669 0.00294629615443555 -0.101579565227109 0.133778150484429
-0.0254530497153878 0.00596513233570532 -0.23955030573156 -0.0472378682178001
-0.0262222841954686 -0.0256037742687164 -0.212464129004073 -0.364338226707188
0.00971741015187844 -0.0399843493467174 0.282032261268135 -0.571363135856242
0.0193833306111995 -0.00837229646216975 0.764721501102625 -0.0473706467588129
0.0138828892431207 0.0365021726011559 0.464282793004771 0.614419368806506
-0.0231929675881429 0.042307126159685 -0.0882958378431625 0.539709316056634
-0.0379716397709853 0.0286934799813572 0.0402742326028452 0.0413685174129434
-0.0134063765478572 0.0370747927571357 0.076789551654796 -0.477545127304175
0.0176602245610076 0.0441113516287879 -0.590809036481519 -0.60300915834052
0.0274339217646634 -0.00792297667987312 -0.842053222536845 0.180829343140028
-0.000566148711053174 -0.01210212341632 -0.124496626277522 0.676791527780853
-0.0231559093110443 0.00155414920177656 0.356857293040751 0.367586594801948
-0.0214506011746479 0.00312961062540793 0.339301480430441 0.00236839245571189
-0.0102072049967684 0.0108711323373995 0.0968437186891586 -0.206718978684091
-0.0203333233632746 0.00514891390740233 -0.0973843272908478 0.131439881010005
-0.0195214011398466 0.00661494905361889 -0.235963015329053 -0.0459838689092454
-0.0240045181272392 -0.0252175816695551 -0.208164719621209 -0.362815765281362
0.00526201525544471 -0.0367907373144397 0.279547473883125 -0.566494819794277
0.0191000340296504 -0.00444095245295268 0.766360563373154 -0.0434584793309401
0.0199481357197516 0.0393980921792401 0.467263658917214 0.620711832983511
-0.0169443445293591 0.0460038359700927 -0.0898858424396273 0.55099641387121
-0.0336918090875776 0.0326299835245755 0.0335264002626848 0.0515439279001554
-0.00608321363621762 0.0392642762426873 0.0757837324760949 -0.465997996333991
0.0249412419267486 0.0460797196935929 -0.586859231869263 -0.595458745064291
0.0280678597960694 -0.00247786757863254 -0.842451112796077 0.183186527889378
-0.00422858257010543 -0.00728024137554181 -0.123395823282432 0.679113142462436
-0.0205912832445167 0.0020126532972369 0.360145366845156 0.373613993274796
-0.0147764824943432 0.00381312564381486 0.34446160610021 0.00558720989222134
-0.00623245479754396 0.0122471872989505 0.101291972298071 -0.207143435888279
0.00150140227028307 -0.00659872575995615 -0.104788261751221 0.143564593819597
0.003107789760278 0.0126924192230539 -0.252177259060265 -0.021209724226178
-0.00698237852365202 0.0138525629852248 -0.295319616507776 -0.335022186334178
-3.96559130384146E-05 -0.00473279396401036 0.125583705415007 -0.594782816454077
-0.0314365081319587 -0.0149574321792943 0.708676741412318 -0.187961683517007
-0.0247805156661788 -0.0173708901190265 0.571250845406512 0.492331362047053
-0.0149812826980941 -0.017940108780143 0.0121075587112081 0.526048451602587
-0.00991215818213504 -0.0284090345573915 0.0665561493918716 0.0523167602222625
-0.00691487941050361 -0.0304995458671378 0.171170416419529 -0.459978494252413
-0.0284173702239936 -0.00770804606947985 -0.447210805855142 -0.714951730823582
-0.0208996425366397 -0.00645155796458563 -0.880544693114559 0.00283091969265056
-0.00341576625755156 0.0252643688882836 -0.297090978793453 0.635280765758851
-0.00157942917484041 0.0374146031084295 0.264078866985378 0.409806087519799
0.0103376220047873 0.00797722199711838 0.329255166435425 0.0372770897982995
0.0170058842373143 -0.000423779747727987 0.104442429992079 -0.194986723144849
-0.00455967364561141 -0.00690337182812143 -0.107189851578038 0.144075818673612
-0.0061824786283148 0.0118379235801979 -0.253276877659735 -0.0267093588169878
-0.0132189615245142 0.00822316355127967 -0.286339947407311 -0.343409423165374
0.00254460314268463 -0.0130029364342931 0.150702273219701 -0.595450302530403
-0.024819351018771 -0.0191829674663778 0.718696961899856 -0.169334082623382
-0.0237092198428446 -0.0112841885949794 0.552493438518905 0.508845895825095
-0.0207976785799659 -0.011994036993773 -0.00553646507219895 0.51965709787798
-0.0176679661816914 -0.0222296624729664 0.0686335971164713 0.0421160908922132
-0.0137964013229478 -0.0233366749819464 0.160626439484174 -0.474575122147658
-0.0278046352914022 -0.00128782554086992 -0.471963049804877 -0.706335843302798
-0.0123057021314007 -0.00991726367341876 -0.878541196661051 0.0275844008076016
0.0026057069037871 0.0159193434316676 -0.270146266286121 0.640095290515008
-0.00559208453621855 0.0307237228462499 0.276687368529476 0.40041866249029
0.000277498627333566 0.00513664721561238 0.327356271293013 0.0300775629197954
0.0089891873839574 -0.000590332230084609 0.100012975670614 -0.197726564367735
-0.0126249634947085 -0.00577454442195342 -0.108364075659523 0.141130320180705
-0.0159764893691793 0.0104691283574287 -0.254062756385649 -0.0342299277091923
-0.0185277740287516 0.000191275312131159 -0.271310796520965 -0.351574897179591
0.00470175499882029 -0.0228948624062971 0.181802106641534 -0.593833853010884
-0.0166121122098465 -0.0207509921792909 0.727979632607459 -0.144829890808143
-0.0187404702861325 -0.0032833609815727 0.528816079946532 0.527523605800676
-0.0251006527214804 -0.00196626685338978 -0.0223085510788357 0.516266828666435
-0.025609097270623 -0.0129296148580203 0.0662538796744665 0.0338614288639324
-0.0196006531014951 -0.0112888613284448 0.142448541736522 -0.481897627835236
-0.0227755401053778 0.00917808920205841 -0.503157055567536 -0.688861505527386
-0.0013726877739945 -0.0113548755621075 -0.870989427305291 0.0597405296187955
0.00627942235612308 0.00559750471565395 -0.235240540818033 0.646372845186397
-0.0104790347013482 0.0231649875964123 0.291391697755615 0.391117696788103
-0.00912044268039851 0.00240016937940168 0.326465508628683 0.0212260659734486
0.000518515223210484 0.00105803929529123 0.0967863490128845 -0.198740072712848
-0.0180911173813087 -0.00371690739111641 -0.109506795320181 0.138762036174959
-0.0233530602100316 0.00820128307030693 -0.251309544987216 -0.0397636539406817
-0.0236608198125164 -0.00855419322834346 -0.255335591707171 -0.359035822338466
0.00725888463540442 -0.032167496061897 0.21578633811143 -0.586424836698775
-0.00589583218794974 -0.0205184621577635 0.741259067583388 -0.113559447194414
-0.0118477629564616 0.00731877987174235 0.504626407466254 0.554538188342133
-0.0277814512170057 0.00985432605559049 -0.0434717511062294 0.516846740575175
-0.0322300551444407 -0.00132861757915476 0.0625621646661982 0.0291829771347596
-0.0221961116543672 0.00246387518786561 0.123321588164515 -0.488514924887076
-0.0145045731967137 0.019935310662832 -0.535267602122258 -0.664940944779013
0.0086411139238929 -0.0122664872861477 -0.858341367690446 0.0981730891883653
0.0067562050346966 -0.00358628733175318 -0.199520739802853 0.653266057555682
-0.0155057376595087 0.0154097353957066 0.310607644884787 0.379836975137038
-0.0167689921347834 0.00146439369575378 0.32707853036314 0.0146605277705068
-0.00510022636798319 0.00264227512206827 0.0946208781132347 -0.200600748754345
-0.0223959291551517 -0.00169477556888629 -0.10821136251458 0.136017000851927
-0.0280650072257467 0.00708018426717048 -0.248145417051439 -0.0451767995631616
-0.0265140419895158 -0.0164663151931013 -0.236680755423815 -0.36305720410418
0.00944020056501259 -0.0382975762031845 0.246086433449743 -0.580558589673385
0.00518449159432752 -0.0173193566618569 0.74817560512559 -0.0821313785726143
-0.00319134327545867 0.0185446583358513 0.481551144954678 0.576959994188414
-0.0284183317825365 0.0221918145881692 -0.0638229658857953 0.519642483814739
-0.0372435769601232 0.0101423728218089 0.0562183069449132 0.0297719194847811
-0.0222962254273261 0.0167672440104944 0.104127065448147 -0.487259820029795
-0.00361750812922387 0.0301843913109157 -0.561144509650731 -0.63932716653143
0.017485526282605 -0.0125334785791073 -0.850973170636409 0.135220326217117
0.00564765560062959 -0.0100634721941814 -0.164859787289491 0.660911477621246
-0.0198220971596838 0.00843938640575677 0.328826433108468 0.372757345215276
-0.0222290801098626 0.0010750346908134 0.329740643807895 0.0088372091188162
-0.0101053567099731 0.00536509060767633 0.0933127004167512 -0.202660730198165
-0.0249787841582174 0.00113190458782779 -0.106392816078615 0.133746610463909
-0.0282021847664295 0.00521604917856506 -0.243280779602446 -0.0482132744340011
-0.0272406935563919 -0.0229351435342487 -0.219729108637498 -0.365799276454859
0.0104838629392188 -0.0413758080277343 0.270481281903278 -0.571253598954391
0.0136735448453235 -0.0130179710304976 0.757345182381262 -0.0538629754227903
0.00511014745743166 0.029129917369062 0.463082363929949 0.600702851387501
-0.0271275929156547 0.0326073177769713 -0.0807818593579327 0.525297239932546
-0.0385083885756895 0.0198392525480298 0.0473651166819374 0.0322754494331315
-0.01847771689618 0.0278546721467497 0.0864355719471576 -0.483467962929459
0.00749133311935639 0.0388869311337542 -0.58151202718072 -0.614387115559166
0.0236859002802009 -0.010624990589086 -0.841495921968981 0.165358586087075
0.00257060679739977 -0.0130368464551743 -0.13467587017176 0.66400616812478
-0.0225807245310335 0.00347093377127606 0.343984956740895 0.366535106803407
-0.0236741834387075 0.00147673636781963 0.332313540045442 0.00362600035136894
-0.0120624035811705 0.00815718760848059 0.0944699709357966 -0.203985985379433
-0.024872325455317 0.00331949382331459 -0.101952031302837 0.132868780973744
-0.0252272328542548 0.00572953315341106 -0.23803889383545 -0.0481162884025762
-0.0262155228652536 -0.0254323038452911 -0.210161420615209 -0.363392547202212
0.00883907809600901 -0.0398431585902642 0.281023364822929 -0.565640191924157
0.0194603185113351 -0.00853103012658417 0.76083151995881 -0.0450004979819131
0.0141330972185032 0.036677204149827 0.458391561773839 0.612013386317596
-0.0237375282985463 0.0411053577292742 -0.0904035297551499 0.535745802242524
-0.0371600048340112 0.0285215707786889 0.0399039366996879 0.0409277208890366
-0.0128251606331243 0.0366362498136882 0.0794172345275605 -0.472440937274294
0.017210383527341 0.0443133740506827 -0.583344649346847 -0.600661034718532
0.0267360368579828 -0.00693969693517797 -0.837838187602169 0.176795551233016
-0.000698536065221892 -0.0120228524176967 -0.126318149813484 0.669923835022241
-0.0230457210324622 0.00185966174135718 0.352994266907088 0.366642202126092
-0.0202962520504492 0.00257642103421869 0.338094427765732 0.00350798681770411
-0.00982256320431654 0.010813062395774 0.097031222402839 -0.204540551958842
-0.0212223551596654 0.00533968483465522 -0.0983364210313522 0.130797385409677
-0.0196232562585176 0.0068698427371255 -0.234299592280232 -0.0466627162100552
-0.023814351197852 -0.0245081141032507 -0.205678681081219 -0.360598666076654
0.00495661157699351 -0.0363204465174722 0.279087846071777 -0.561762728455455
0.0191159288919258 -0.00434614400802398 0.761857168374048 -0.0392821400309705
0.0198642911469873 0.0394343664461678 0.460658116962499 0.618631856003472
-0.0181030089629151 0.0451316741801608 -0.0937437219707107 0.544459501368101
-0.0335861705019767 0.0315411150089159 0.0327852483624929 0.0518003745925009
-0.00618305012687728 0.0388653415392149 0.0794564368454133 -0.459965959872728
0.0246843590856664 0.046366199900588 -0.578445696667802 -0.591678749727188
0.0277675889139593 -0.00233370783676269 -0.83614830710408 0.17992762822181
-0.00304320039937024 -0.00675541321479974 -0.126074539095665 0.674991627833194
-0.0206461295344554 0.001385370864023 0.355647221031904 0.369792401058745
-0.0143596430539377 0.00353303311299171 0.34265396281449 0.0059915312455894
-0.00595546369462043 0.0126347267894193 0.101931245689533 -0.204899615257952
0.00110056732596215 -0.00737337928319285 -0.104736011551602 0.142542824138948
0.00317539224740117 0.0136000094592382 -0.251268276690685 -0.0226009732150356
-0.0068133785584652 0.0136439950208246 -0.293275504138887 -0.334583145319256
-0.000207302418779977 -0.00412879353013621 0.128175176657474 -0.590043990498502
-0.0304630083048396 -0.0150558620047581 0.706596969060134 -0.18459021305062
-0.0237686825149071 -0.0164619183939008 0.566196622686336 0.494103708540098
-0.0147065556655372 -0.0188559229494359 0.00794213156337505 0.522273710599395
-0.00940566530068333 -0.0283972686442922 0.065912089945145 0.0522330541074078
-0.00670638142720629 -0.0306874648797977 0.173398328043584 -0.45623413786609
-0.0288507980748309 -0.00789825482074642 -0.439263876724397 -0.709364954610082
-0.021350950883464 -0.00659273844933371 -0.874144249998555 -0.00325920703365513
-0.00348432894793229 0.0245039493035632 -0.299103880918222 0.630772856975608
-0.000757647652658948 0.0380471046001864 0.261068208636985 0.408024339276505
0.00980372005056685 0.00781964213677762 0.327104386066285 0.0387305037849286
0.0161977240176522 -0.00149538800239571 0.104945882390076 -0.194127572188168
-0.00532653040893329 -0.00613684998995621 -0.107033482056313 0.142637796384056
-0.00662853560707272 0.0114721082882342 -0.253196998198575 -0.0286852130585611
-0.0125947874860875 0.00832668709487192 -0.285228118795939 -0.343652292310387
0.00244507257597795 -0.013935956903734 0.153079901258587 -0.591501425086199
-0.0251363503988739 -0.0189809237226568 0.716462371985817 -0.163332617065514
-0.0229545015691109 -0.0115994760425641 0.545465314906554 0.511098589206832
-0.0207221093375216 -0.0123064045741874 -0.00826496198785372 0.516221595381218
-0.0172945570351087 -0.0228215751173846 0.0674390248640489 0.0415069026596833
-0.0137457678796729 -0.0232844200958831 0.162929200538871 -0.469556191604284
-0.0271862612104567 -0.00070924898917921 -0.46465438461559 -0.705753992556085
-0.0121389545370301 -0.00853374690661972 -0.873587915397226 0.0230101190232458
0.00253141629633382 0.0156073312179453 -0.271966855137464 0.63550635976622
-0.00509683613983331 0.0308250896403455 0.271910329305786 0.401574574099032
0.000422447770801908 0.00453970306234928 0.325601905087274 0.0299115021573806
0.00923559398771979 -0.0010539475998255 0.100859783418479 -0.196007073757175
-0.0121712794324536 -0.00528943309118945 -0.109965967508297 0.139882554766891
-0.015624358328043 0.00968755461652076 -0.253063432217644 -0.0347614364507284
-0.0185503339796666 0.00068274219236464 -0.268535561433136 -0.35139562457643
0.00475227654720049 -0.0231708218594165 0.182970772942894 -0.589109641810347
-0.0160654741588343 -0.0203860693166373 0.725254078132455 -0.13817964321819
-0.0180620406362774 -0.00297243222730529 0.52310593466435 0.529972714954718
-0.0246842175075106 -0.00262273586136942 -0.0272178957989909 0.510733232524164
-0.0255730428006395 -0.0132424609493372 0.0666260185074439 0.0340471527818957
-0.0195625449285559 -0.0117100830314919 0.1455811707238 -0.47887623175553
-0.0218977134235949 0.00889989233814657 -0.496931369234689 -0.687243723309131
-0.00137264707013572 -0.0114733148134306 -0.867754583685689 0.0572922098036408
0.00600958781932789 0.00620929162228231 -0.23648297972145 0.64064408727295
-0.00926881858914012 0.0225868939158013 0.28828645832302 0.388745405499186
-0.00914809323598557 0.00190045648644095 0.324885554961746 0.0230731962845103
0.0007412959519971 0.000402340852510524 0.0972470821097746 -0.196844323392367
-0.0188480252925184 -0.00328810872311431 -0.110433074056272 0.13773905091223
-0.0233092959939872 0.00794651411850179 -0.249958959614129 -0.0407901636172345
-0.0234924162026143 -0.00780120281516898 -0.252969629962511 -0.358675076936026
0.00751039159875784 -0.0318200407431218 0.21619424058535 -0.58299223195785
-0.00545990027929562 -0.0205186249023358 0.736448325275496 -0.108194596782991
-0.0116066971138199 0.00730111312717088 0.49851258650227 0.554385430791862
-0.0271799472632685 0.00931049193078409 -0.0467075188317742 0.513030796097935
-0.032203525686587 -0.00276202860363707 0.0616355335935321 0.0294989229710138
-0.0221804413483037 0.00215116499491566 0.126153747136809 -0.483488518341608
-0.0137740169543152 0.0196581504297529 -0.528849890848103 -0.664683457889439
0.00855418806391754 -0.0122289041628955 -0.856801941873239 0.0943962247020819
0.006933443322017 -0.00288512119062109 -0.201080181003768 0.648284919778926
-0.0146922880902578 0.0151988381340777 0.307083302669881 0.378884267729003
-0.0170049931535079 0.000623365000093825 0.326019370703346 0.0154899941057241
-0.00510809320066401 0.00251444161963659 0.0949109463689129 -0.198778232359815
-0.0234156479339333 -0.0011539975690131 -0.109263811054253 0.134466587956397
-0.0280888333866621 0.00613526088108567 -0.246240646224635 -0.0458338650384689
-0.0259256286230513 -0.0162935939071227 -0.234775265418356 -0.361232440933034
0.00971158978280141 -0.037976678806144 0.247421231928468 -0.575990297550472
0.00527959834173927 -0.0177779407506471 0.745303232513548 -0.078477598689633
-0.00254836448421015 0.0188444692360432 0.474942728522246 0.577038066102183
-0.0278601204114917 0.0215050505547759 -0.0672926059475158 0.515106594444464
-0.0371797608420935 0.00972919889984141 0.0555984791019346 0.0291227323931653
-0.0223848757479228 0.0166878933197175 0.107454629631327 -0.48373182842012
-0.00297605180746092 0.030240685668343 -0.555820074798339 -0.637961337316526
0.016927250961702 -0.0123109081355309 -0.845911867148194 0.131315862631277
0.00541663756841985 -0.00994874498201597 -0.165453004187755 0.654207601059997
-0.0187389589346767 0.00854520105891652 0.325240970377428 0.373095805669643
-0.0210633900540783 0.000880675246292427 0.328403917498591 0.00894422051225785
-0.010100009571036 0.00507720830362501 0.0943830972038885 -0.200611811151726
-0.0256822659472471 0.00107422201938197 -0.106381454983399 0.131909609318102
-0.0282679730306498 0.00456620022362391 -0.241412049202386 -0.0492144032367135
-0.0261886023949494 -0.0227426774329557 -0.216041064805895 -0.364846752359317
0.0102729070201687 -0.0405096734349258 0.272884585934683 -0.567884654767433
0.0137327521776207 -0.0132677653142249 0.753051404552281 -0.0508606026156051
0.0062174805871966 0.0291982391667525 0.45803851527444 0.598872284389587
-0.0275784133580485 0.0323202808703799 -0.085479866371202 0.52153428565358
-0.0383906154121137 0.0201403997224018 0.0480841080532832 0.0318691417606999
-0.0189773507697592 0.0272203901522146 0.0893933035055134 -0.48046166194764
0.00724839338935058 0.0381735176802678 -0.574479790630606 -0.613729165273188
0.0230082472126213 -0.0103111234506826 -0.837443580898867 0.160343552366775
0.00272397070352278 -0.0125562481422567 -0.136997092937128 0.661156038726978
-0.0222084704752908 0.00397541148649631 0.34168946738494 0.365910472835518
-0.0234126652527572 0.00205677239190907 0.331665345436544 0.00435757945619733
-0.0112641401223288 0.00871744576617547 0.0955097521326181 -0.201955709733079
-0.0245605707671458 0.00385043180007864 -0.102895787964465 0.130963481759669
-0.0259715054513567 0.00520700206268211 -0.236792539934247 -0.0484541407001593
-0.0256494613080915 -0.0254528894251701 -0.208194282054211 -0.363072479794652
0.00877278180613302 -0.0402078591299527 0.281965457395305 -0.56200509762491
0.0190853607893185 -0.00823752870428155 0.757042630239685 -0.0408657422258282
0.0139124460892992 0.0364468382987267 0.45412679012402 0.610712058651276
-0.0235188022647538 0.0402389794427193 -0.0937067835688513 0.530631013735333
-0.0374267532982224 0.0280208569504485 0.0384201858944466 0.0406698017056947
-0.0127932674085344 0.0355268257661335 0.0819876430786976 -0.468796518863079
0.0175704746054538 0.0436773170775552 -0.576582830643732 -0.599658533473441
0.0273207990598399 -0.00710491753559699 -0.83634349542095 0.171465460077547
-0.00108080470796381 -0.0115295186203534 -0.130083661930696 0.666302671839267
-0.0226042673107541 0.00160017872495305 0.349676942949327 0.366908176630572
-0.0206669135331062 0.00229161611377567 0.335826407739509 0.00524994592427853
-0.00920062193627374 0.0107874458190285 0.0976008154398065 -0.203395145231329
-0.0212197369667161 0.00529193467187485 -0.100178464115039 0.129616659224309
-0.0194480356164291 0.00602414067579486 -0.232535602404977 -0.0473558754824338
-0.0237492304655245 -0.0243602589984792 -0.203283171936735 -0.359786380068768
0.00530633447648563 -0.0362206321270961 0.279270938010665 -0.556611416906571
0.0192254154213595 -0.0042535514554134 0.757731546943417 -0.0348237425789355
0.0201864827913208 0.0396438514690634 0.455359980086398 0.61752085273131
-0.0172775929312979 0.0448902547249745 -0.0952337773924617 0.540130733328782
-0.033245960667404 0.0315866967442278 0.0319931773553491 0.0504714731776434
-0.00662335308180595 0.0387307054702033 0.0827035919524011 -0.456634821413634
0.0245296907634944 0.0459496786948154 -0.572218965996817 -0.591502761121177
0.0275860919265782 -0.0018659827273001 -0.833803102540317 0.174361497232038
-0.00357341346764916 -0.00703685282087037 -0.129796229658545 0.670141528558726
-0.0194080039405639 0.00148916417193953 0.353003023725787 0.370822555153784
-0.0140987881845554 0.00375900986588423 0.341362192597461 0.00542050856748541
-0.00536423717149479 0.011881246071402 0.102591912423757 -0.203249058097501
0.00185579134470106 -0.00671045983518796 -0.123562373881204 0.128831545044852
0.00206484181336778 0.0115276458077529 -0.249042620633153 -0.0568099534917917
-0.00718561481812759 0.0137338916550962 -0.248528429732654 -0.37393207462722
0.00230247218852515 -0.00330559161236709 0.20055051572322 -0.564845421062448
-0.0250652315527124 -0.01622475050035 0.722380085335424 -0.0878375227985556
-0.021757920088996 -0.0237810854658497 0.494383641713004 0.572166101354717
-0.00912486228995411 -0.0194459772277966 -0.0612100740399034 0.519763290589101
-0.004329796462598 -0.0294418937876617 0.0566732018489174 0.0611121258142414
-0.00432936987103335 -0.0362832040629831 0.24327800132729 -0.423622212609795
-0.0333817543422199 -0.0131793949879512 -0.325639572018792 -0.768773548073124
-0.0258571671812452 -0.000921700034824542 -0.86812342755601 -0.137557905701548
0.000681495354232503 0.0300621325951546 -0.39677596253304 0.580560087346884
0.00435313973153648 0.0360113544673858 0.195265312507774 0.444064979801412
0.0105816340798334 0.00501680827321634 0.319421950557962 0.0882678681727046
0.0149044511727034 -0.000451991943327694 0.136773651481967 -0.177648212505817
-0.00427167829371465 -0.00813724210721794 -0.126118417087958 0.128145480686658
-0.00774711893239544 0.00977967135306675 -0.249481570500014 -0.0632043164254777
-0.0124295784264765 0.00698471033024855 -0.237417116389224 -0.381185790548818
0.00567789526350008 -0.0116672249125823 0.225085610162999 -0.559833063059661
-0.0185056170316922 -0.0187941171405271 0.730225095659693 -0.0653682405492575
-0.0204908616327951 -0.019025882599487 0.470906869196499 0.585804936303044
-0.0161687374994694 -0.013391074896475 -0.0766179486435665 0.513039333927975
-0.013600817358542 -0.0248436811989202 0.0603224746777265 0.0512815371742638
-0.0122686640141495 -0.0300784728914814 0.234362205196722 -0.439293721750878
-0.0337698789476292 -0.00617179121900248 -0.352126729078745 -0.765345614504012
-0.0164695151921004 -0.00267816880430325 -0.869230668223688 -0.11419322568116
0.00824388812328985 0.0224051045991623 -0.369354169114317 0.589858783211201
0.000955051868023711 0.0280221959235513 0.207899258953786 0.437766793365376
0.00145024616765399 0.00129647827454243 0.31783501724663 0.0807537349325502
0.00707174724556991 -0.00161848070478419 0.132794448606402 -0.1801347696156
-0.0119796515097339 -0.00696128293044474 -0.127431294827784 0.124309177725372
-0.0162228979010746 0.00660794701710776 -0.247311371621647 -0.069790720523245
-0.0166997274462191 -0.00160586047841996 -0.219166511146108 -0.387059924555766
0.00996322703596973 -0.0202039068880078 0.255942612414024 -0.554110446937603
-0.00997730248693493 -0.0194965898028739 0.735062333006303 -0.0391168223703043
-0.0172145134774966 -0.0101772843174752 0.44498487897872 0.600088740065421
-0.0223865493805275 -0.00476248357270479 -0.0932725881532636 0.505218566396133
-0.0218700630182671 -0.0163268288713663 0.0595471334258133 0.0433969323260202
-0.0195461315014603 -0.0195449800103568 0.21866606474554 -0.451107856884994
-0.0300414844876442 0.00437224471450811 -0.387141250387423 -0.752887536447065
-0.0058293656733143 -0.00212993859156799 -0.868370850456685 -0.0773062415089674
0.0136721571165488 0.01285831221214 -0.334931967542425 0.601634666646046
-0.00268079681965484 0.0199306180289896 0.225031421747726 0.431229212372441
-0.00742025367410881 -0.00304342083628763 0.319394248097637 0.0725504625451299
-8.36871351489075E-05 -0.00188175644388283 0.130158269628285 -0.182953352200632
-0.0175340405296239 -0.00649595230120851 -0.127521791953408 0.121109375441597
-0.0233647733103037 0.00392083163714548 -0.243404421013555 -0.076369685138582
-0.0205554950848087 -0.0105727985123941 -0.203018077180465 -0.392236416625756
0.0140572762282577 -0.0282935471561707 0.287626409232395 -0.544906422741064
-0.000219205629013985 -0.0169204570373556 0.740488074373239 -0.00813592299851981
-0.0114778391886002 0.00167391050047028 0.415853643823593 0.620065103020856
-0.0270275083105739 0.00598312171367533 -0.113001393560963 0.502757405312995
-0.0303705711887579 -0.00712372632072271 0.0558193208955672 0.0380309385933002
-0.0246754913121805 -0.00636968924338941 0.198527959360296 -0.45907999009308
-0.023834130816647 0.0168051327668281 -0.421377405112884 -0.734309555539207
0.00425677939474649 -0.00189060904389647 -0.864327321971022 -0.0417460487422247
0.0165475792327491 0.00316293434024877 -0.301192416483632 0.615281712089994
-0.00580222046657285 0.0109853577466073 0.245417707565138 0.423876900940851
-0.0149030303578807 -0.00616116102121068 0.321393045641076 0.0657605375239526
-0.00804489570006834 -0.000335225532816789 0.128396809607654 -0.183988209642502
-0.0232352464373591 -0.00476520452567825 -0.125596304393716 0.117932463318003
-0.0271547882706633 0.00105899238256127 -0.238985480273006 -0.0811839304395826
-0.0218071191562664 -0.0188152881883768 -0.182502945829825 -0.394332368673267
0.0168264571012698 -0.0339678814098571 0.315713303934485 -0.53426394579127
0.00985851268824095 -0.0126239924387361 0.745881257159013 0.0224893029811821
-0.00475915655525503 0.0144933205129324 0.390009184476203 0.640276055466144
-0.0300032663626207 0.0183627602763291 -0.132768206426556 0.50380099108674
-0.0368568544375366 0.0038695009661303 0.0493162224818166 0.0368770214991225
-0.0264460194105615 0.0077224033574085 0.181095756601772 -0.462472694050558
-0.0148644011647664 0.0293121449030923 -0.450491691630483 -0.713232150184513
0.0131257027064011 0.000321274773771573 -0.861778987033516 -0.00311142305023727
0.016195096408871 -0.0039346528557673 -0.267030642694599 0.626848411011662
-0.0097430136618968 0.00410516602423613 0.262763516167569 0.418594727094835
-0.0201389300760193 -0.00655208415230662 0.324376202918591 0.0603896207089534
-0.0129294811686259 0.000992355633233769 0.127053441814401 -0.185557571280499
-0.024870884309369 -0.00215783110940854 -0.123454372096731 0.115906125528085
-0.0280047827572931 0.000700565355624986 -0.233988062659802 -0.0839317366746727
-0.0209936182640623 -0.0248801475860473 -0.166042714795003 -0.393195770958916
0.0180306705329133 -0.0359326697463794 0.33893118046582 -0.521242107992733
0.0175979356908122 -0.00611092749988331 0.750672698644995 0.0511183447720551
0.00182095144525709 0.0252473614916229 0.367076663911367 0.658699056305956
-0.029700290444719 0.0295838931295024 -0.15207193081553 0.506863276327665
-0.0408874829019902 0.013898247021069 0.0412310564206332 0.0386240560797953
-0.0252286849977925 0.0194253499298209 0.163848312100195 -0.460863250955804
-0.00545850644853526 0.0388080800464199 -0.474240791835487 -0.693012847246309
0.0196793595874716 0.00248477307930045 -0.855550100041777 0.0272733218419627
0.0141073641663517 -0.00755164246727265 -0.24006318969704 0.637170818943909
-0.0119314750851018 -0.00169509794433388 0.280854617786813 0.415137772466964
-0.0218102263455868 -0.00617995252510999 0.328260334682554 0.0557182553003383
-0.0143153556937565 0.00442960600406573 0.128657190044589 -0.187881093928216
-0.0243989582432574 8.39949156985868E-06 -0.119204416874061 0.114997394213389
-0.0249546481778256 0.0004400240310374 -0.228648851241087 -0.082261423846634
-0.0203637418031725 -0.0276751850700294 -0.157196249483372 -0.390516550434894
0.016477843407034 -0.0357798990836379 0.347813074092423 -0.513737466174906
0.0221266600649478 -0.00119499866328 0.752485146887578 0.0623790334733605
0.00881603266382747 0.0346890470456935 0.360657670739016 0.669811823331091
-0.027548467013769 0.03882523668691 -0.160713277273256 0.513562744040717
-0.0411801150185015 0.0218972762486667 0.0314010265653211 0.046037682630045
-0.0210372684896981 0.0284850780339294 0.155030730455516 -0.4512386328572
0.00357234346962572 0.0456746296002341 -0.477250723715287 -0.680348453454763
0.0231042596902292 0.00717213073220759 -0.855140501986443 0.042161876202021
0.0105192105193301 -0.00758166933864583 -0.2318020372372 0.644363829612014
-0.0111916327369705 -0.00352310019493006 0.289173482756853 0.417601519237364
-0.0185495004705734 -0.00469717645646267 0.333648676605945 0.0557450662578591
-0.0133051737334351 0.00658158641989219 0.13160173219329 -0.188042764429236
-0.0219236070912616 0.0023784911815649 -0.114652915962017 0.11435863005196
-0.0187138051466318 0.00302362737564094 -0.227251107741488 -0.0812956739066541
-0.0188639614711039 -0.0266915497046173 -0.152700056276513 -0.386128095979008
0.0114909326138324 -0.0318657352307397 0.348836859117088 -0.509522015062591
0.0215476058223108 0.00296630791294926 0.751265743605487 0.067799732757617
0.0145211669429499 0.0385361265450987 0.363680041129186 0.677383017432836
-0.0225668128781951 0.0433799745270408 -0.166562361943352 0.523479455967317
-0.0369907976837207 0.0264957938171599 0.0232716868887107 0.0538888512568465
-0.0150637859965746 0.0324487379448502 0.151973726146868 -0.439885656591966
0.00992425671762598 0.0483772563461216 -0.474422780591432 -0.671115175860175
0.0230460690623691 0.0117736836942109 -0.853875828266671 0.0429247562456908
0.00706538945253726 -0.00303708160657562 -0.233197474140491 0.647105617379562
-0.00895428332193962 -0.00351533979392615 0.293212995081112 0.421471146162565
-0.0128405789851761 -0.00327606481765789 0.336260610204826 0.0591872160704884
-0.00998892531425592 0.00834525913478787 0.136374444810823 -0.186937325686656
0.00156022569148713 -0.00678571592790831 -0.124983501567018 0.127481754221744
0.00209226720649612 0.0115089543713101 -0.248187608129086 -0.0583117539487256
-0.00742207590157298 0.013195755953051 -0.246692921067333 -0.376532075066414
0.00199647293007335 -0.0027867462324476 0.203372047981359 -0.562490534326517
-0.024852491516221 -0.0164758882353174 0.722249626885334 -0.0828703605352637
-0.0208761721603141 -0.0239064727999916 0.489340954371265 0.574594115726441
-0.00974614101172274 -0.0185807399935343 -0.0641321857624319 0.51887733014889
-0.00387563889864164 -0.0291164035436357 0.0558531490393197 0.0609274838479028
-0.00346244930786683 -0.0358634967671342 0.247170615500061 -0.421376949651238
-0.0330423504775361 -0.0129382746934189 -0.320931282667847 -0.769036517589851
-0.026344413710272 -0.000796869647405263 -0.867946904418577 -0.141363234178958
0.00102566062461856 0.0302394345172783 -0.398515748444856 0.576922589189545
0.00383810842233895 0.0360074339983296 0.19321066125569 0.446775371604554
0.0108314774871733 0.00521043344136498 0.319036926365651 0.0889488443945062
0.015533816858648 -0.000700467120214491 0.13857876279336 -0.176423347943125
-0.00461879374759628 -0.00698693386818043 -0.126579110161957 0.126113319433536
-0.00704614308253062 0.0091960068575388 -0.248264056069629 -0.064453689440511
-0.0124151823372513 0.00715954237931049 -0.236405796971477 -0.382354760582267
0.00611810795802814 -0.0123453205816907 0.228179610490391 -0.560608311813285
-0.0181679473907329 -0.0187498185876913 0.73098585141697 -0.060709799114886
-0.0204947189860058 -0.0184625451040711 0.46653698103727 0.588266237451179
-0.0164778547156185 -0.0140206297105297 -0.0813562451394215 0.510953039767817
-0.0129063989267469 -0.0251218772030335 0.0595620008012905 0.0503310034608675
-0.0116679487158373 -0.0301355735315922 0.236897606284652 -0.436646619829433
-0.033612950285667 -0.00584740601264904 -0.349948829929325 -0.765765246550148
-0.0167827025763657 -0.00226285173776587 -0.868262272062161 -0.116894907400814
0.00795212144262794 0.0224038173240872 -0.373778195767958 0.587626781640526
0.0012835841679942 0.0296601536075689 0.206634635301932 0.439992801880426
0.00137964334323512 0.000789450884947248 0.317581581273214 0.081332109575937
0.00769773598940673 -0.00142602780817531 0.133594155909134 -0.179088879588064
-0.011851416997132 -0.0069807129721906 -0.128922844382792 0.123607985712782
-0.0161774757983817 0.00674016453299316 -0.246829443573344 -0.0716930451920126
-0.017276122736641 -0.0014436183362243 -0.219783744100905 -0.388061349772768
0.00980265302463431 -0.0213419575732505 0.258872888460957 -0.55315213899697
-0.0095728837506343 -0.0190437185780856 0.736757528744194 -0.0356983634283143
-0.016837059163848 -0.00953090660093806 0.441126430285757 0.603234999933057
-0.0223726301958981 -0.00441898176901777 -0.0958530728484237 0.504206271269178
-0.0219676701751556 -0.0168401747398685 0.059248183931615 0.0436408337269606
-0.0192922325669675 -0.0198054140657461 0.219874818801813 -0.448397567517097
-0.029491459136894 0.00463566850089961 -0.381551747621983 -0.754670232818032
-0.006204876443022 -0.00153750033575035 -0.867967277569349 -0.0825237783844436
0.0140997052944409 0.0123381160686221 -0.338912651139045 0.600189599638573
-0.00259683702550146 0.0208600493919865 0.2233594609198 0.430676798068262
-0.00803802873395278 -0.00351704456345787 0.318768880398263 0.0733990853703599
-0.00118467359122222 -0.0022407287360441 0.131119990475618 -0.181185922663376
-0.0177148017150794 -0.00579237750994583 -0.129447480018165 0.120656060782401
-0.0233122313336471 0.00311504010235581 -0.243018457146907 -0.0774874117039881
-0.0204610147205291 -0.0101836484502097 -0.199872671528722 -0.391919054777028
0.0140004753173196 -0.0278338675541335 0.288325702267301 -0.544019995735618
0.000666160661122564 -0.017078656631971 0.743025334256058 -0.00344136501870244
-0.0118735279059449 0.00175951793010123 0.412727006230718 0.62297081780001
-0.0268582308417104 0.00660929923843229 -0.118399332105631 0.500877229236424
-0.0309770345355962 -0.00763500765915393 0.0554147028711367 0.0382351236755842
-0.0235662380290751 -0.0070547219702369 0.204378699106304 -0.456510808559018
-0.0231399170322791 0.0169764625331749 -0.41573627762724 -0.73673426650948
0.00418139720144853 -0.00177262569859973 -0.864322912655033 -0.0441619031748716
0.0162356798910515 0.00370812599104898 -0.304754502529893 0.612808974797144
-0.00616422784865656 0.011115256656732 0.243778338807897 0.42419053032845
-0.0150317204757198 -0.00566118898338269 0.321101489738942 0.066252938844141
-0.0072597832236772 -0.000746995140181806 0.129522684732012 -0.184230190714771
-0.0230465702958843 -0.00471662401633027 -0.127435226394437 0.117387163382293
-0.0277581308288586 0.000905821673962113 -0.23797477955961 -0.0821206654440572
-0.022478756243927 -0.0183800649020667 -0.181172125509947 -0.394352329635336
0.0169734402384189 -0.0335487037832393 0.318553251492406 -0.532309162922797
0.010269101542844 -0.0127115358721809 0.746528931083356 0.0269096646508005
-0.0047956343020451 0.0142178717998887 0.385910468645492 0.642193509495079
-0.0294975618864895 0.0185158914186499 -0.137123883995685 0.500952742911952
-0.037034453259366 0.00361407777681368 0.0489892861804591 0.0362935513405026
-0.0269270841334676 0.00720483768634528 0.185022365033696 -0.460209057805249
-0.0152013124645676 0.0290779656172098 -0.445678107339925 -0.714134894817417
0.0132522273730647 0.000413127858950412 -0.861203917044215 -0.00744302914971041
0.016387798018533 -0.00382046827741894 -0.270465320113619 0.625584679440745
-0.00975638630895979 0.00310575918141081 0.26182056295596 0.420041527286786
-0.0198754621874436 -0.00709335130606014 0.324031537474745 0.0616222732794829
-0.0123238555953128 0.00103551528461989 0.128487065106805 -0.184718079962551
-0.0254226810112947 -0.00248978990306555 -0.124703654583827 0.115185254070856
-0.0280419543823021 -0.000389796826794857 -0.23387312713747 -0.0850284256668346
-0.0213236480016937 -0.0243063766110962 -0.163316021321206 -0.394451626639193
0.0183689655203092 -0.0356468340324471 0.341617147196983 -0.519210814689964
0.018169728574475 -0.0062856662030992 0.748729962498984 0.0541745249624378
0.00228435740457525 0.0255303588559533 0.36378218599207 0.662614488795139
-0.0295158579485499 0.0291874333042428 -0.154453330590618 0.504920922221147
-0.0410542276835426 0.0136569535569936 0.0412244967552285 0.0383916194064747
-0.0252334704138906 0.0186096105194193 0.165961856819219 -0.457063279532742
-0.00562842753974308 0.0388911164814629 -0.469421864654201 -0.694923567836882
0.0188646073995068 0.00279136910919882 -0.855405370138922 0.0236758304661151
0.0144667319705524 -0.00797028648698052 -0.243167721002817 0.635715963234319
-0.0112351767813882 -0.00217831945372012 0.278914734405372 0.416239938210989
-0.0214042368521357 -0.00634045430511671 0.328121562571563 0.0565200245881611
-0.0145977300057046 0.00394464625230303 0.130278117957275 -0.185726119342768
-0.0251608429454851 -0.000400634952450794 -0.120485668133756 0.114488752332028
-0.0249217948615345 0.000532729706400113 -0.228688556987147 -0.0840830871368786
-0.0206753417817594 -0.027427573383789 -0.155780967493035 -0.390855474246611
0.0161455601141997 -0.0355760797203846 0.349493721132671 -0.512899527182716
0.0219939146740002 -0.0011007387355001 0.751010539503306 0.0675169516400864
0.009485571563328 0.0346915359638563 0.356198593138088 0.67189693161146
-0.027743236573296 0.0384797835146995 -0.166283737155886 0.512402971826954
-0.0406833969139504 0.0212503234302238 0.0311618482585204 0.0455214529147121
-0.0214353638488804 0.0270237076569323 0.158880436646045 -0.449034411916198
0.00362961763827311 0.0458525141796182 -0.472407287063419 -0.680888243849653
0.0222023801128835 0.00728245526671397 -0.854311304346141 0.0370785427158375
0.0108379149818579 -0.00663338901710196 -0.235886384114095 0.641459395086174
-0.0115024589791759 -0.00421911947260657 0.286463162301269 0.419197053840816
-0.0188806503141437 -0.00510825155988361 0.332803836961022 0.0575880562719841
-0.013465199050075 0.00634885475509392 0.133494040697587 -0.186966994262828
-0.0223414028400748 0.00275633613325373 -0.116615694254031 0.113932308847814
-0.0188729989223012 0.00252281448812282 -0.225405768063729 -0.0820340208922984
-0.0188691289495442 -0.026249452236619 -0.151711752375963 -0.387520554643051
0.0121644368792735 -0.0326887364407698 0.349109082621603 -0.508023749498261
0.0215159461015816 0.00362530727749159 0.752870151692917 0.0719230548477795
0.0146559245691846 0.0380009309323394 0.357297971358986 0.679680602155715
-0.0228523458789578 0.043867687340929 -0.169719093410373 0.52010353105716
-0.0378296381030991 0.0256038639053895 0.0229685592113354 0.0548964800173915
-0.0153398454467153 0.0324627463943767 0.15581474923287 -0.437444469536144
0.00983969745265558 0.0490191642759149 -0.469906503552424 -0.673353335584793
0.0229113361737988 0.0120628562459459 -0.854309229710489 0.0396919865454479
0.00764959568403424 -0.00344544974238608 -0.235284240007327 0.645862930576787
-0.00899093515270719 -0.00354186562878129 0.29043001957288 0.422040391752437
-0.0127797928822098 -0.00261406362846911 0.337094963528409 0.0606343202703729
-0.0094912541957806 0.00757951427583939 0.137832523842308 -0.185617191429235
0.00180129448625856 -0.00653910876260046 -0.127190243867848 0.126864569684046
0.00256557217733518 0.0113713069968432 -0.249185369667616 -0.0594753770391376
-0.00791039306510108 0.0139188281121115 -0.24663135744731 -0.37756620857804
0.00189822156391357 -0.00318813368379041 0.206955838853275 -0.564183813558248
-0.0250738237797305 -0.0164528758386879 0.725086330504761 -0.079431566464334
-0.0202383364777578 -0.0235649849368241 0.486658849739497 0.580108913733231
-0.00924477084034865 -0.019388354596188 -0.067610177954999 0.517992620876682
-0.00399065966297009 -0.0294089127368453 0.0556735538790013 0.060821048766852
-0.00300395748283589 -0.036369721255296 0.248971141709554 -0.421405242351594
-0.0321611731437629 -0.013818149464147 -0.315868229158122 -0.772315211403947
-0.0266010678478239 -0.000727005789952584 -0.869804268964085 -0.14649013810284
0.000168932317498533 0.0309690035576771 -0.403221632223726 0.577477062516442
0.00386095593214329 0.0361459464185296 0.190399222893802 0.447573364836814
0.0114502706264415 0.00635929463524326 0.319154403638835 0.0896099854836563
0.0151375372672915 -0.00126490984022757 0.138827753066484 -0.175563906718676
-0.00432303066193142 -0.00683233559743847 -0.128707772414782 0.126082702076373
-0.00723072405836313 0.00903712940306838 -0.24913825253397 -0.0662406314139978
-0.0119427557799666 0.00733359025486691 -0.234913107589558 -0.384828722573561
0.00581567185269521 -0.0118685652102836 0.231607582839785 -0.560203714423256
-0.0179115682018494 -0.0196627217200098 0.732604815168075 -0.0566044965744386
-0.019925659272793 -0.0180184517667532 0.463986492858831 0.593104397236068
-0.0164325859788475 -0.0132220175209378 -0.0840220734156883 0.509909191112754
-0.012627440420149 -0.0246005061869856 0.0587877456376791 0.0514613934723812
-0.0110957606603243 -0.0302999085843476 0.240997336494486 -0.435741207610766
-0.0324578212655517 -0.00566629960754806 -0.342890560439243 -0.768205812369963
-0.0168815638910838 -0.00203443197872261 -0.870047617624968 -0.119822376456356
0.0082814529484471 0.0225198764076626 -0.377181437596399 0.586739970946489
0.00142684415072484 0.0291586822591404 0.20507701840311 0.440216523122942
0.00178153401055103 0.00125089198610156 0.318373488914151 0.0825447881528609
0.00753395275265902 -0.00252909556561759 0.134896861075874 -0.178527406738521
-0.0118708847234072 -0.00624869204734 -0.129958883575413 0.122503755842829
-0.0160228952863077 0.00597267642884693 -0.247654088195033 -0.0736765866452356
-0.0172213666137588 -0.00126758418173182 -0.219240626187532 -0.39124577429519
0.00955680488212231 -0.0206381763407619 0.259880093633595 -0.552342359142243
-0.00884096575440039 -0.0197154860337261 0.739108931487922 -0.0311005054651159
-0.0162316632847751 -0.00985355937195408 0.436805368962465 0.606679094577975
-0.0220284297565211 -0.00464946279035474 -0.100145356347049 0.503575779325284
-0.0217190032668302 -0.0173502809169848 0.0585047971506038 0.0431151360750763
-0.0188013937228511 -0.0205811615789274 0.224737762139256 -0.446301167230389
-0.0294961322458211 0.00437134927891296 -0.378008123855806 -0.755087150917307
-0.00605851868593715 -0.00242529004951255 -0.870235073178692 -0.0893863259174329
0.0140860096558207 0.0129239969945941 -0.341280552055276 0.598674936919893
-0.00234771978672682 0.0201185794639022 0.221608730314862 0.433510174003184
-0.00783871513049728 -0.00307939761917811 0.319186076804797 0.0745545157879255
-0.000740547307598377 -0.00251378048285865 0.132912267576083 -0.180286758590097
-0.0186558900236956 -0.00622283524684765 -0.129978948753138 0.12042869759883
-0.022759175457869 0.00352168737021467 -0.243788118031394 -0.0793790016840965
-0.0199311197217562 -0.00967183803694858 -0.199945956349624 -0.39546704442804
0.0137929517507218 -0.0284268649615395 0.29194027487386 -0.542654619442916
0.000979080334944656 -0.0170822014511967 0.744683885443972 -0.000803512355807415
-0.0110219752511272 0.00191930368164865 0.407944531559215 0.628308276376835
-0.0268874663390047 0.0067578499727318 -0.121487880288171 0.499922090567088
-0.0309707833906697 -0.00744298355687748 0.0551212036748554 0.0383139253871806
-0.0240876111418496 -0.00657661806161602 0.208393443778871 -0.455744859225687
-0.0229709913541723 0.0168777891054329 -0.409654125335613 -0.738978312528328
0.00484957032779004 -0.00113752073902618 -0.86539617436525 -0.0490433890993753
0.0168535730493338 0.00416499260484311 -0.308822654055881 0.610849658288508
-0.00615864911429107 0.0116027419716889 0.242122423900572 0.426167713814389
-0.0148508470101982 -0.00582085462736914 0.321188745970082 0.0674452758090234
-0.0070723335691525 -0.000782613282965507 0.130272434619634 -0.182362200947424
-0.0232279092920632 -0.00478366752465534 -0.129416170969463 0.116512387333639
-0.0267020497729501 0.000315967685915248 -0.239432982596525 -0.0840657824631008
-0.0217240439647592 -0.0189274698414358 -0.18029547095603 -0.396616719317413
0.0165830783809463 -0.0335997930417294 0.321537646282427 -0.531100073686495
0.0105601586406088 -0.0118765556032786 0.748633072157999 0.0322457325520568
-0.00434534201717532 0.0149527856721529 0.381866998078655 0.64526873919787
-0.0298258184952407 0.0183256038152005 -0.140803455330626 0.499466802547587
-0.0373200167002322 0.00326612242606711 0.0483042114287538 0.0368039205957649
-0.026439390130102 0.00648842074918151 0.188048459083502 -0.4587019040058
-0.0149225712309901 0.0291386852982307 -0.442587256902627 -0.717545894423029
0.0126668466036196 0.000921396608207468 -0.862475195406151 -0.0112161800710163
0.0164029030884816 -0.00325391710524092 -0.274855375486144 0.624542512129472
-0.00940695798866723 0.00352030706575427 0.260238586805412 0.423029646881664
-0.019921470313632 -0.00655647406243869 0.324834191504809 0.0634645391161725
-0.0122269665517465 0.000498737938593165 0.130060234873562 -0.184773154977346
-0.025616947117087 -0.00166648661302179 -0.126225317658943 0.114732438617769
-0.0277858015261221 -0.000826406407465953 -0.233756489223974 -0.0869112788968872
-0.0213708448644159 -0.0240139963278081 -0.161527570198954 -0.397061429256006
0.0175111132218137 -0.0359035487017015 0.344322708214926 -0.518435651359066
0.0177765937902284 -0.00620356111438139 0.75093835159348 0.0599464581533272
0.00222915114737558 0.0257696543994444 0.359169812029877 0.664089923566724
-0.0303270457185592 0.0288073925545492 -0.159014140426887 0.503403184331056
-0.0404341543215436 0.0131189969549438 0.04048671888115 0.0386215963477034
-0.025069954999572 0.0186497633710857 0.16944147336576 -0.457873117494533
-0.006013362659033 0.0385081604898275 -0.465216979151861 -0.69593109809963
0.0192895362384118 0.00283281565046271 -0.858075504628125 0.0189044310403996
0.0143797736572827 -0.0070885961510828 -0.246641691700718 0.634497829375529
-0.0107636744665329 -0.00124163740390166 0.27902065186527 0.418003017482803
-0.0207848372101637 -0.00600749169843313 0.328806854698728 0.0573206906917785
-0.0143835230318262 0.00336279337892184 0.131458627427157 -0.18560039537238
-0.025409012935711 0.000390722572627073 -0.122730262386397 0.113680051403976
-0.0251118406505236 0.000440491082222258 -0.229043819310145 -0.0857941403076021
-0.020576828467769 -0.0275092358150648 -0.154640939405659 -0.392914531431492
0.0164327777561765 -0.0358797248306159 0.353348111773118 -0.511670315153457
0.0223571567882888 -0.00071277614757437 0.753481632441455 0.0740204441799202
0.00935495188492246 0.0342619268782672 0.354042715125952 0.675514651486714
-0.0277104808415538 0.038171605044326 -0.169621506535968 0.510992460964534
-0.0411226456305978 0.0206169557296707 0.0305223694071482 0.0457272921394234
-0.0211224037817209 0.0275762496891854 0.160960035277665 -0.449396843661935
0.00352275472872809 0.0458449436037909 -0.470200912454448 -0.685504774370616
0.0230829733349263 0.00762014554255241 -0.856432648685708 0.0319405776851676
0.0106036622482731 -0.00669983101372848 -0.23800474768244 0.641329806898674
-0.0106947737423148 -0.00428338801021219 0.286518958138816 0.419117611343331
-0.0191807644859441 -0.00447402188851318 0.333357233056416 0.0586969295677089
-0.0132723952725551 0.00575873619768994 0.13474669011069 -0.186850282980058
-0.0224946383871387 0.00249271376322998 -0.118962130532667 0.112765604356912
-0.0192767920721723 0.00282759241832218 -0.225360723309467 -0.0836513467353213
-0.0181320021986766 -0.0266580945579742 -0.149910262105421 -0.389464227404123
0.0117719125755548 -0.0325964625062597 0.352332115985235 -0.507834941309832
0.0213114878799349 0.00327915396598303 0.754562038392365 0.0766245966780501
0.0149001178086938 0.0387205614663994 0.35335496837077 0.681837936118055
-0.0227360177431285 0.0427039575012995 -0.17261362159584 0.519439446490413
-0.0375149371423559 0.0260823300851149 0.0219953523515492 0.0549976916904472
-0.014894629088848 0.0307853967221822 0.158973449985091 -0.436288124269706
0.0104793349866614 0.0483344771050755 -0.467635479423677 -0.677279807142327
0.022038173434502 0.0125639499073032 -0.85676785775343 0.0362671410617013
0.00750879308130376 -0.0026466212358623 -0.239269748698557 0.646062053625885
-0.0080066189399505 -0.00396932575000914 0.288708376350465 0.425601143944016
-0.0126265282443072 -0.00273952770473651 0.338176926285655 0.0606725621336707
-0.00882708122897279 0.00746738978806456 0.138610310351371 -0.184935537153338
0.00166112491111105 -0.0064440084074589 -0.128958994415675 0.126906700814077
0.00227862715147709 0.0109291623563087 -0.249741285036487 -0.0618033000643872
-0.00762279531130801 0.0140556407998639 -0.246219257961179 -0.380379964108613
0.00133446116696374 -0.00310064605746578 0.20948540768443 -0.565324706622083
-0.0247066696873859 -0.0162558994413402 0.728571095291957 -0.0739604462395765
-0.0198490158858589 -0.02419677370658 0.483903727047155 0.58262117096723
-0.00934978997583777 -0.0198821316028967 -0.0719114444574336 0.519248387102838
-0.00452447560866891 -0.0297003178359698 0.0547826161800182 0.0611820697147568
-0.00254279138361349 -0.0369780385288844 0.252645508954606 -0.4185303013794
-0.0330426446185314 -0.0137509583942684 -0.313910276713635 -0.773078989670741
-0.0264566422547236 -0.000835533004632197 -0.870413479911973 -0.14997774666446
-9.44463881209865E-05 0.030822122669735 -0.406493821719177 0.576956846961648
0.00487821808248528 0.0369140997119753 0.192615947080338 0.449824187174597
0.0116500645595198 0.0055185962366548 0.321228122730422 0.0919156586491542
0.0150543629545507 -0.00100232571071036 0.140916177698425 -0.175873270745463
-0.00551613904801527 -0.00731093826718397 -0.130410227017445 0.12597531887298
-0.00709549831228146 0.0083350440881263 -0.249842547951771 -0.0689729428385281
-0.0120338881279508 0.00751762195538701 -0.234944330567039 -0.386947906084189
0.00511921407349087 -0.0120580264387068 0.233223379750622 -0.561319114220358
-0.018400842026647 -0.0193206730459223 0.737264615116531 -0.0507063493801814
-0.0196303650988122 -0.0189714539482817 0.462812977034984 0.597598720941131
-0.0159434656956479 -0.0140308212269251 -0.0879008670414145 0.511364423136555
-0.0122496773807276 -0.024053622136883 0.0585033155378683 0.0519012586475235
-0.0112393357237403 -0.0304821202872168 0.245877383939394 -0.436266593544451
-0.0331214648713652 -0.006910411535892 -0.340637976501931 -0.77109798630903
-0.0168287171835138 -0.00138941970842137 -0.872866096305204 -0.124754577839669
0.00892145616797372 0.0225409133060302 -0.379945811703915 0.586644724018891
0.00133166114455322 0.028840668659538 0.204607797773708 0.442817965373077
0.0013679264159379 0.00111009889857629 0.319649310939116 0.0835890103141463
0.00759805160421451 -0.00261249202854777 0.136743036615397 -0.17883554903209
-0.0125478402109572 -0.00682699723184403 -0.132367046238942 0.123255796376003
-0.0162507467498951 0.00606342021197051 -0.24733221841426 -0.0747334531147966
-0.0171578100017357 -0.000839728634622649 -0.217648396470865 -0.393608704270806
0.0092773272181452 -0.0210348081309367 0.264801977878688 -0.553871911099823
-0.00912044850312291 -0.0199834026497944 0.742269656613087 -0.0265689244781991
-0.0162089602774272 -0.00969336532277672 0.434357981801661 0.610549581535753
-0.0229985380087501 -0.00561893978923067 -0.104086979884729 0.502500954303392
-0.021869814266817 -0.0169444429966459 0.0583707783384549 0.0439303151746537
-0.0192285668300872 -0.0197140350810207 0.228148317862728 -0.4464056585775
-0.0293165456744746 0.0044847527823771 -0.373594365324689 -0.75963496609336
-0.0060135158799998 -0.0016190644928262 -0.871274069532494 -0.0913528020439973
0.0134043990222198 0.0130163633202152 -0.347597201020108 0.59854535572064
-0.00174491454922313 0.0201018287142938 0.220828886537764 0.436044868745949
-0.00761246819915517 -0.00275464118536593 0.320459644981933 0.0761318342053583
0.000509352725056892 -0.00274565425086622 0.133661785537366 -0.180876194896485
-0.0189745493639326 -0.00603031607854509 -0.132122068295447 0.119743710560674
-0.022995189288958 0.00325295889608128 -0.245018327368051 -0.0814340214210828
-0.0199424352488025 -0.00967147244023867 -0.199775173939426 -0.398004864420349
0.0137708838437805 -0.0283191755038352 0.296204857949498 -0.544282269221597
0.00128502977868152 -0.0171974037713936 0.74802767863578 0.00286333872165371
-0.0106075005414567 0.00155093922709593 0.405907231389703 0.631177115185675
-0.0272942248330449 0.00581632405961471 -0.123926103206117 0.501612557775308
-0.0296869070357897 -0.00708076033032038 0.0544834954749861 0.0385764403635792
-0.0243978530483078 -0.00730514638133998 0.21063499447015 -0.455143045181941
-0.0226818271789236 0.0167932197099301 -0.407487863453224 -0.743471202524456
0.00438877849418588 -0.000832847987928517 -0.868712092428276 -0.0517989219469739
0.0172362850142364 0.00379871142022492 -0.312045172832962 0.612584658886349
-0.0058936368821913 0.0113800786013103 0.24099376335773 0.429144253836669
-0.0143909605197177 -0.00584827678021977 0.323138949116729 0.0686756150505044
-0.00762930506611567 -0.00151028465323159 0.132055670426842 -0.182997778249152
-0.0232962267243783 -0.00450159462441311 -0.130903327157594 0.116823321813174
-0.0269076714530961 0.000519639211597286 -0.240560387912325 -0.0870682632872556
-0.0214256251083847 -0.0182157434056735 -0.181095027593203 -0.399282300192515
0.0166518939672172 -0.03395642842116 0.326100624739812 -0.532249150825299
0.0107784892253835 -0.0123184589210914 0.750967235338661 0.0360818115187502
-0.00496080788432401 0.0148410607145374 0.379042621780123 0.649640051379499
-0.0299281276569042 0.0183578988380827 -0.14524076819064 0.500505024728336
-0.0376139782589454 0.00328716506004506 0.0481357927777066 0.0368746117117078
-0.0264615735310104 0.00626761458075798 0.191562797683629 -0.458658542771597
-0.0144446937489197 0.0294996476379172 -0.438364865149008 -0.719974419440402
0.0133215772524499 0.00163814242539151 -0.866133463150915 -0.0157405160624442
0.0158990119391681 -0.00317581950885712 -0.277506267781226 0.624567647871412
-0.00853298500343277 0.00393706536190539 0.260132813675744 0.425335473447104
-0.0197662601749236 -0.00669433463177402 0.325870204279462 0.0630708326666973
-0.0115415983124398 0.000454938108209655 0.131134823452046 -0.184822427754692
-0.0262520617329919 -0.00225122534878045 -0.128168895247322 0.114148253831295
-0.0275665103874839 -0.00128869872886301 -0.234314808041836 -0.0889647206035641
-0.02191929379657 -0.0245547319161439 -0.162500872504907 -0.399638952129451
0.0179106998764 -0.036675809288951 0.346950903459043 -0.519629721150466
0.0184923889459066 -0.00632119599339465 0.755486224507603 0.0636519750430717
0.00244877222436777 0.0262565635099533 0.35851630746521 0.668279713253709
-0.0303402674926424 0.0283998849754544 -0.161570863542354 0.503519925510462
-0.0407903569698044 0.0126792814095772 0.0402388675748068 0.0383988735531937
-0.0251802226315839 0.0181652993573919 0.174884656013052 -0.456724483607118
-0.00548547953294244 0.0390989028098504 -0.464267048295298 -0.701089368680261
0.0195586618250854 0.00400803713186434 -0.862288906754657 0.0164276549578204
0.0146601038655361 -0.00781981864802895 -0.251655328910694 0.635363430698542
-0.0112913392891599 -0.00150205802777814 0.277173155462767 0.420301507033546
-0.0213240629387486 -0.00632905951653091 0.329653896597849 0.0588170494827543
-0.0137987355348144 0.00338260744609739 0.133304266113198 -0.185517253058512
-0.0255847174875004 0.00061205299795375 -0.12364267788681 0.112946173197833
-0.0252353860839732 -0.000585755521580928 -0.230052874614705 -0.0876301080890569
-0.0201969209021238 -0.0274878550370172 -0.153403510227179 -0.395262691600766
0.0160769709762214 -0.0360674706773724 0.356813396302436 -0.51152126563866
0.0227175769502277 -0.000726562470341102 0.756276977322582 0.0741944678763705
0.00978605678783422 0.0347040697131232 0.350708662006013 0.679077210629192
-0.0281893172353851 0.0382436081773887 -0.173124031468925 0.511585389365161
-0.0410755335173649 0.0205292439316048 0.0302458508883697 0.0461760713808743
-0.021773980347643 0.0278619135926472 0.165130285814574 -0.447726315994379
0.00347519281817563 0.0466314698473298 -0.467913458283004 -0.689897957711824
0.0226616236832125 0.00780674028973006 -0.860532070776283 0.0295891165122694
0.0109104167364643 -0.00673805371954569 -0.242219262582491 0.642236881018744
-0.0101026972474988 -0.00492511646126903 0.28651438835303 0.422646445188075
-0.0190355902748276 -0.00437052589513252 0.335315337015763 0.0595047150694473
-0.0131918464609702 0.00511371628178198 0.136968074827917 -0.18584741320811
-0.0231049235520129 0.0031743551224111 -0.120996968025115 0.112327853989704
-0.0195577026690272 0.00166854936023572 -0.226957724144567 -0.0851167120745795
-0.0187381402766483 -0.0265485303458719 -0.149827851410124 -0.391371603678801
0.0118979081089941 -0.0332465925412865 0.35508325645249 -0.507521550011264
0.0219970813756721 0.0037566618680316 0.755154751601879 0.0811432405055818
0.0149222974639087 0.038777043388446 0.351221707851162 0.688243924720262
-0.0236073139430085 0.0425890523200023 -0.177296781814667 0.521120734716018
-0.037853644864752 0.0250979504204911 0.0215949732616023 0.0547167077826958
-0.0153546098154041 0.0313699116923595 0.163715317068634 -0.43615700879392
0.00961041392767512 0.0491232024941247 -0.463730427658468 -0.682061127241753
0.0223516315676367 0.0131143580366321 -0.860303999074247 0.0316177708717461
0.00768720116709463 -0.00306752086842549 -0.242553021091073 0.646707339964016
-0.00798371694122315 -0.00397439469719916 0.288950586584697 0.428303517982729
-0.01245291367918 -0.00277342895930239 0.338673268803233 0.0627912983449052
-0.00884908446742476 0.00772377802984592 0.141500388728768 -0.185775775119554
0.000777840365010308 -0.00621199645894931 -0.130663945225772 0.127326387801233
0.00192044532033941 0.0111641430553121 -0.251405462253518 -0.0633213358971773
-0.00776500792806377 0.0142281731048116 -0.248167806001745 -0.383279960322721
0.00116485073310978 -0.00386555610682016 0.21106856245503 -0.566913628673836
-0.0246697475287719 -0.0170566498947634 0.734561679905709 -0.0732356756818923
-0.0204868332586495 -0.0242640590983359 0.483965604398508 0.589149942732289
-0.00939119607132334 -0.019806682229027 -0.0760807368131155 0.51993606000742
-0.00339347504944925 -0.0293587523163634 0.0549248578169265 0.061868649340089
-0.00233264872387214 -0.0368524066628171 0.256325471252125 -0.420153616073373
-0.0318706274702013 -0.013063289980086 -0.3128722076381 -0.779861290517193
-0.0265231210203987 -0.00122735532366238 -0.874905284202439 -0.152965894937764
0.000525315532009494 0.0313295757336413 -0.410920171867268 0.578601408459494
0.00462384011125006 0.0365088699197359 0.1907034961629 0.452130492635165
0.0115295101470531 0.00623753186317584 0.321790699397031 0.092560960453878
0.0154595695285566 -0.00219264251397017 0.143242362732525 -0.176742591527731
-0.00527358217208509 -0.00613766881648067 -0.133055093438182 0.125661529147594
-0.00750088003353512 0.00810641194079631 -0.251351416418336 -0.0687764120184092
-0.0120643321018374 0.007862395130488 -0.235891609505477 -0.391966297745443
0.00490925516514559 -0.0120304586122103 0.235996277448608 -0.564213964879315
-0.0180826945395642 -0.0194215026849169 0.740790296890886 -0.0504884076238957
-0.0189396994343738 -0.0184924902515598 0.46197543155977 0.6007431100274
-0.0160601521201735 -0.0140796163309539 -0.0895781712194997 0.51143651573697
-0.0124111786002489 -0.0247474852219452 0.0590223227537523 0.0521700176227224
-0.0105733665758634 -0.0307454899576259 0.248526266184331 -0.4349416047183
-0.0329481249848508 -0.00638968126705859 -0.339969952758162 -0.775151331176416
-0.0166253449252108 -0.00164465721157077 -0.876742365962268 -0.128841752280751
0.00862237690202206 0.0223641972045661 -0.385746222427915 0.588875587435424
0.0018069563767902 0.0292014209127411 0.203452567076738 0.445507479272196
0.00185604550599981 0.00161281892737187 0.321566004262405 0.0840804012968727
0.00779852144209729 -0.00284929950761334 0.138285300260322 -0.179385753934239
-0.0129685328828967 -0.00646060406848803 -0.135036699741625 0.122775833891021
-0.0163638219956438 0.00582439328879283 -0.250412217525682 -0.0764489413292081
-0.0168101839134837 -0.000765771136171925 -0.218753357708031 -0.397351425679231
0.00960109779555238 -0.0213672812303337 0.267246109116827 -0.55737626198643
-0.0095677729514837 -0.0194558733983248 0.745987845463798 -0.0243932149407409
-0.0157684369687954 -0.0097364795727048 0.434642101059397 0.617029591026675
-0.0223223550876319 -0.00513221473900292 -0.105365239534018 0.50666720879828
-0.0216032584909713 -0.0182567224914568 0.058794017928095 0.0435852823864151
-0.0179230853196801 -0.0211695850887017 0.232326805285697 -0.44771516516243
-0.0289813975278841 0.00451851802399931 -0.373391067663766 -0.764581530780483
-0.00584730720164706 -0.00144841666280214 -0.8761743996439 -0.0947841022955205
0.0139878879399482 0.012888315483438 -0.348739027260314 0.60295581164175
-0.00162471815900617 0.0204884331073999 0.221653166408396 0.439691728833131
-0.00688867817835407 -0.00324412632259151 0.321426252134054 0.0769998618110833
-0.000489976388802019 -0.00309038380253797 0.135567087823441 -0.18153025902729
-0.0188823768454365 -0.00542810871259371 -0.134174198896769 0.120399210406856
-0.0230358162527403 0.00292507597243791 -0.245748622182745 -0.0833333360851089
-0.0204479451626704 -0.00908547334302628 -0.199542689357125 -0.402264874073753
0.0133613363187933 -0.0287659589623919 0.298902385957715 -0.546384895719874
0.00122896704131553 -0.0174403285369455 0.753204415265145 0.00751662362579773
-0.0107726399928857 0.00158100191864204 0.406644441466439 0.637140243027147
-0.0270549110606854 0.00560183015693313 -0.127354367327524 0.502081304707346
-0.0303123033173795 -0.00759964288309822 0.0545082788075444 0.0383018812056589
-0.0248359477272913 -0.00787002120910594 0.215462443870674 -0.456438741775268
-0.0228181141683275 0.0172422082622791 -0.407105433037803 -0.749606668857217
0.00427926172658664 -0.00107594613270629 -0.874068999099489 -0.0553512716154244
0.0173398251840113 0.00379824066426626 -0.315357190115663 0.615321210150306
-0.00565662352813922 0.0115051064121454 0.241619558959519 0.432544751275778
-0.0147567935881523 -0.00479815369433253 0.324492088366077 0.0690264881658817
-0.00711643878805104 -0.00219222183773218 0.133992194155191 -0.183500521799364
-0.0240755006085896 -0.00389109141849551 -0.132910725311256 0.115579404361101
-0.0276374490875827 -0.000171655805742491 -0.241487341836746 -0.0889356250605313
-0.0215156194538638 -0.0180452138247452 -0.180809546688013 -0.402808233052768
0.016664810228383 -0.0339921960895404 0.327095204462514 -0.533394627047134
0.0112927274169291 -0.0120464859953131 0.756376002555825 0.0376592589137177
-0.00361481715696635 0.014582288528548 0.380052750689528 0.656243791601385
-0.0305089200255587 0.0179072671095531 -0.148356439219925 0.501546878945393
-0.0369575272864988 0.00295650863095385 0.0480786919997949 0.0370138000134157
-0.0265664904995864 0.00600582043919982 0.19579492840072 -0.461271600055708
-0.0147202069385265 0.0293967645142709 -0.43909256628698 -0.724937149914654
0.0124313331224231 0.000668098354053486 -0.870324519624139 -0.0170612086544803
0.016741674459663 -0.00374974991220357 -0.280679757410057 0.626297972880739
-0.00848925631580755 0.00320277457100648 0.25990332112972 0.427074127818079
-0.0200422038679447 -0.00708688927469415 0.327258137616279 0.0637271571781797
-0.0124347511396991 -4.44258622779529E-05 0.133292465661675 -0.184178379796218
-0.0265674646273022 -0.00204478868047781 -0.130567290032218 0.114994209182682
-0.0283606964237136 -0.000998527531014279 -0.235721328585269 -0.0903397648173551
-0.0215009300971826 -0.024116489435417 -0.163062957569151 -0.402601003587154
0.017545381091161 -0.0363371480376557 0.351712498309498 -0.519843995596158
0.0183492740826312 -0.00610686557246397 0.758306171886994 0.0667852624742591
0.00293484899514089 0.0263326558302957 0.357214783484105 0.674932309119637
-0.0305854252306751 0.0287456411110315 -0.166936977461593 0.506218627931643
-0.0419514062160882 0.0132086199876654 0.0404615317055839 0.0394212880744622
-0.0246066253274258 0.0177679810131289 0.178249547243091 -0.459230838465624
-0.00540877456956422 0.0393286118350568 -0.464766468642522 -0.706303816620822
0.0196353509850372 0.00382368830930475 -0.865292013665539 0.0154617338855798
0.0141024071076731 -0.00669621888944621 -0.255142967080754 0.638241060779185
-0.0104919919033177 -0.00178736431966676 0.277021706401148 0.424676264360754
-0.0215806163462603 -0.00626342769334699 0.33305661304852 0.0592423185893048
-0.0145905477057603 0.00276317740450473 0.13547517399863 -0.186501069188415
-0.0259967736643552 0.000789405293963627 -0.125191703752987 0.11258442612821
-0.0254822963922547 -0.000342886983423168 -0.231168280043774 -0.0901621442670166
-0.0201210159825867 -0.0274068602336074 -0.154362958561378 -0.399442430606811
0.016422766939255 -0.0355926231679666 0.360864886011637 -0.515777711413591
0.0226912829398323 -0.000795155076288604 0.761220721498169 0.0791446056974046
0.00970907970952468 0.0353639188880352 0.349854812664908 0.685610856731173
-0.0286577743392332 0.0376059575077036 -0.1772023753727 0.512174929147673
-0.0413523922987732 0.020938145292945 0.0303370761902198 0.0460294580503454
-0.0214007273576844 0.026961201308859 0.17047285413342 -0.449530311890532
0.00422123200198792 0.0463849005493607 -0.468071869085969 -0.694700358343819
0.0226878290330172 0.00856235186316941 -0.864605799788747 0.0242938238652408
0.0108903381765482 -0.00639830657519628 -0.246464413543631 0.644621566305337
-0.0105100044429263 -0.00446584227120993 0.285460500131689 0.426656044042963
-0.019319156228317 -0.00549466496143335 0.335880677611622 0.0603619071095359
-0.0126407974079214 0.00502064225833514 0.138194227984222 -0.186094330298658
-0.0227138758380183 0.002979799396217 -0.122519155850334 0.112290462000916
-0.0196540507130922 0.00143665593704716 -0.228108567302388 -0.087505250216219
-0.0183623517160632 -0.0262063206143399 -0.150243940385016 -0.395408386336024
0.011318944297348 -0.0331793447257453 0.358714031106317 -0.510354759691306
0.021859199013803 0.00345410528362337 0.762638637582821 0.083697470020473
0.0153132559518733 0.0394536161703252 0.352186936689478 0.692178790546763
-0.0240509569190755 0.042793598442901 -0.180615490543861 0.522810621114808
-0.0382471181589081 0.0252442145776331 0.021511981828102 0.0550387789275706
-0.0152648999293615 0.0310341628524081 0.166837914987135 -0.437648733127812
0.00941992096598111 0.049768547864055 -0.462700919433224 -0.685717262129292
0.0226032005177703 0.0129058366909112 -0.864844911189531 0.0300914255738434
0.00762490191379644 -0.00247885936031913 -0.24738063852709 0.648945984510609
-0.00825311268058617 -0.00422515335034456 0.289708786779161 0.429926717310389
-0.0124104228756156 -0.00279181263852893 0.34127399294232 0.0626860453250943
-0.00943167712455209 0.00728203458047927 0.141518491026427 -0.186220248815483
0.00104524148754989 -0.00611002571925068 -0.133030384527459 0.127724255991091
0.00129414450147938 0.0107604744671544 -0.252941789535163 -0.0646417795118769
-0.00764451569632891 0.0148674275510987 -0.249699528262566 -0.387151741050527
0.00048835316396233 -0.00329628534290811 0.213872008401438 -0.571426823951932
-0.0247254386633538 -0.0172441067109865 0.740511901014017 -0.0719335819995613
-0.0197085508333197 -0.0239016462404172 0.487207409667143 0.594068312365553
-0.00882435972933178 -0.0199665450471739 -0.0772056167269946 0.523407164144195
-0.00320801543157899 -0.0303789136617854 0.0538694952354136 0.0623654241583211
-0.00235442832187938 -0.0377337026424069 0.261067970524975 -0.421697208712231
-0.032453131504552 -0.0141772045688307 -0.311773949083938 -0.78515250940905
-0.0267902843111948 -0.000559819675783738 -0.882692910997087 -0.155328429429569
0.00089651063721098 0.0317335198102742 -0.414365076336689 0.583622797370622
0.00449623204140673 0.0370552204017445 0.191139612081451 0.456091395420208
0.0106676081436609 0.00608780634819804 0.324831256842624 0.0938792912902421
0.0153917783515777 -0.00142721406668816 0.144813460072616 -0.177130602462763
-0.00602556752598563 -0.00601008154683744 -0.134300688998786 0.126616691396649
-0.00705187493397206 0.00860151114386458 -0.254169129795645 -0.0706489974080015
-0.0124051237047795 0.00797660467582005 -0.237203125442695 -0.394519188252982
0.00457456677184126 -0.0124059203602037 0.238961145072406 -0.570052004860401
-0.0181507583541949 -0.0197194903661053 0.749147154816086 -0.0484350817506233
-0.0191891681281877 -0.0189206621010513 0.464116484971612 0.608417803885856
-0.0164680512738271 -0.0143291889576048 -0.091988569320982 0.516328216075754
-0.0126210773002353 -0.025397216106477 0.0583540530376535 0.0522045889937006
-0.0105988611781993 -0.0314648042326486 0.252193692928964 -0.437385455199088
-0.0322277675753367 -0.00639182563873609 -0.340126801088398 -0.78148661774997
-0.0174131722048997 -0.00132312590402156 -0.882788458215437 -0.130447136175646
0.00810926281569671 0.0232122182812595 -0.387338974102199 0.592426524109178
0.00182036728901151 0.0289848841675076 0.205628813329646 0.449193482337967
0.00249688579369506 0.000911093140206485 0.323439578669115 0.084470763731321
0.00813357871462824 -0.00369603218555677 0.140336056097138 -0.179729858984309
-0.0139759514092357 -0.0059848235187691 -0.136662824771971 0.123251379826132
-0.0160995178576581 0.00547959569683368 -0.251746180667677 -0.077593526214573
-0.0172521985133691 -0.000193974587252064 -0.22119844638358 -0.399888177979625
0.00977259890709501 -0.020955036185503 0.269486930020418 -0.561115145716003
-0.00908660377239058 -0.0196176424083396 0.75222212771807 -0.0224446369440073
-0.0159022269666533 -0.00981208079503585 0.43728956893476 0.623597057682636
-0.022144261581307 -0.00553265993670076 -0.110676641588269 0.508967930092593
-0.0214755343035683 -0.018336950308691 0.0586170044230078 0.0440528126163115
-0.0185480411179335 -0.0212090988989574 0.236120985909446 -0.449996501723898
-0.0295190362823542 0.00500573003338399 -0.374420904252125 -0.769944177459553
-0.00632935424888101 -0.00157855398182071 -0.88285479720832 -0.0965719221603031
0.01432146123404 0.0141315832021714 -0.352536091240134 0.605440325499373
-0.00114929178950191 0.0206741262314298 0.222331523138832 0.442412327977385
-0.00732916203064794 -0.00331664954977658 0.323955593983144 0.076921830140611
-0.00033587404307733 -0.00365438858415948 0.138346419236385 -0.181941353462867
-0.01988568184253 -0.00570680824256504 -0.136124352836641 0.120147027591265
-0.0229256492581438 0.00207402274344004 -0.248432535647241 -0.0840119669776524
-0.0209740920169711 -0.00903452599616122 -0.201538474417656 -0.404568772200231
0.0132245038067835 -0.0291088923908966 0.303165920523186 -0.551522328607735
0.000929186014195732 -0.0177751049149398 0.758513966046351 0.00804657089270289
-0.010274968464763 0.00169685262542573 0.408347456706938 0.643751282649026
-0.027400493653212 0.00595977676917643 -0.130623935245106 0.503615828264712
-0.0303969561132284 -0.00759766730380567 0.0545373503100823 0.039272500346373
-0.0241380022801135 -0.0082712965739957 0.217795713899449 -0.459244238652682
-0.0229643290768789 0.0174179861085387 -0.410780991757947 -0.753820354468087
0.00432949042739014 -0.000229914028598788 -0.881257067800159 -0.0562607574822836
0.0174173269241068 0.00448765521759362 -0.31923751874945 0.619173476386636
-0.00514457899692939 0.0118881253710554 0.243476118604213 0.436210336281879
-0.01488820781213 -0.00528688647862107 0.326682240117714 0.0701888364788423
-0.00728330882675791 -0.00161341262699666 0.135484978668293 -0.184855563802835
-0.024266621838228 -0.00395572578161342 -0.134898231134704 0.117156941050034
-0.0284167731104158 -0.000485513218158568 -0.242643690949198 -0.0891604011088119
-0.0219609573007365 -0.0177099455747565 -0.181660642842637 -0.406918660116436
0.0167132656637966 -0.0335398246560944 0.331165679396673 -0.537859706248501
0.0111677815870895 -0.012383516397457 0.763150051919175 0.0408037313623151
-0.00354109699644703 0.0142624960695726 0.380291424559366 0.66050238985392
-0.0306636222289543 0.0176852156126411 -0.151593771560657 0.505135759384785
-0.0376349054739577 0.00290071368116558 0.0488392094719159 0.0377568467547025
-0.0268816449873399 0.00573540402992913 0.200085272200658 -0.462444755816771
-0.014447782359246 0.0303735027484103 -0.440098149515145 -0.731620593929205
0.0130223704135535 0.00150290285297768 -0.877371500551388 -0.0178015120147307
0.0173581129046569 -0.00288264730085572 -0.284470019420404 0.632129820757121
-0.00842761821083413 0.00360260362361711 0.261461627930202 0.431861916749992
-0.0198318163242373 -0.00741549733358891 0.330755429000546 0.0647857722490912
-0.0119507200962253 -0.000387072488587402 0.134974934647577 -0.1859056804342
-0.0265790004821406 -0.00135625143120833 -0.132009749000084 0.115236844454377
-0.0285875075718357 -0.00112698476105777 -0.23809467813623 -0.0917212562034389
-0.0210825449774085 -0.024262865289479 -0.164728002562302 -0.407151911190736
0.0179365051820069 -0.0366736976876454 0.354804179165479 -0.525318763626558
0.0188230940728744 -0.00623509088450921 0.76589637633184 0.0688801138171068
0.00306548238101592 0.0267367842266018 0.358836024776149 0.679766344984067
-0.0307680630508205 0.0286704239701467 -0.168865426683062 0.507870660689786
-0.0416016547663879 0.0125019812173804 0.0403919673434773 0.0395409188154727
-0.0249570904207641 0.0173762042291017 0.18171860816068 -0.462631202371984
-0.00521327896083958 0.0396077832973554 -0.46464350631589 -0.71056383848207
0.0199778355084384 0.00464701552532928 -0.873574766738496 0.0127052879245312
0.0146553400803329 -0.0066892287983923 -0.256236366672918 0.642587368672556
-0.0102636601753899 -0.00212905895634799 0.280532451009588 0.427460112502389
-0.0212844958422377 -0.00687876300033008 0.334440420198014 0.0604432916380393
-0.0142695304429988 0.00250590167662695 0.13623954984813 -0.1872964725667
-0.0267120757832358 0.000972306413451273 -0.128398333614319 0.114615214069528
-0.0251759908199141 -0.00127324838379225 -0.232771294303241 -0.0911461577189312
-0.0206277826725581 -0.0267798674683368 -0.15476241521884 -0.402711314862136
0.0160812515887829 -0.0363764306055734 0.364105688810161 -0.51666347824594
0.0229792700135584 -0.000902438155392668 0.766681430908193 0.0817249277391894
0.0103953035070627 0.0353449277973491 0.349973982604479 0.691357991504907
-0.0291094732366735 0.0377976517850869 -0.179942862905178 0.516864427595999
-0.0420861516800823 0.0210631148617547 0.0297375720748337 0.0460180351701978
-0.0214212833387807 0.0263788656414762 0.171626861744447 -0.452409974434867
0.00420249490429145 0.0470389385368362 -0.468912975031826 -0.698740232626949
0.0227793143838149 0.00898238387087614 -0.87082315434476 0.0235727415021293
0.0113915863663982 -0.00637917839634476 -0.249073107450966 0.650009458618244
-0.00987911986234809 -0.00447980664499812 0.289251078142367 0.429169032753957
-0.0188733990137744 -0.00465993266545806 0.339773838441862 0.0604308867060731
-0.0128941793863479 0.00414055409578849 0.140095598753319 -0.187343349734461
-0.0231731857411165 0.00320557364145045 -0.124653788432399 0.113794655427639
-0.0203782014019445 0.00186641762371977 -0.229679880182516 -0.0887863348773126
-0.0184809374103682 -0.026801738087678 -0.151607019481584 -0.399277276255447
0.0114980300590329 -0.0332981860441772 0.362442336229018 -0.513798697413961
0.0223461205503756 0.00322109529383809 0.76717971303796 0.0856948999307875
0.0159393689180426 0.0399953211813268 0.3532262401996 0.697408226427112
-0.0238583498838712 0.0427533977467501 -0.183145064918836 0.524842076402239
-0.038903465864701 0.0251013556537285 0.0209448913018062 0.0553199798860728
-0.015589144016436 0.0319596288565591 0.168952714036305 -0.43890903704478
0.0102647554262505 0.0504675366500695 -0.465253152403863 -0.691105442482418
0.023247007977236 0.0137734720311649 -0.872726094622653 0.0272932867849841
0.0080442844719851 -0.00179533407089781 -0.248527343724487 0.653775787035612
-0.00653944823877343 -0.00456037257167257 0.2903359282903 0.43305641835421
-0.012672310196856 -0.0028961686967871 0.343055716582915 0.0640755168236443
-0.0093891659680564 0.0065891869044578 0.144547339039239 -0.18690429810234
6.14295091853935E-05 -0.00533842978523606 -0.134274153390873 0.128369323878098
0.00212679995612675 0.0107379179183235 -0.256637772944376 -0.0656966437683653
-0.00717518603385273 0.0152917822867139 -0.252134651772154 -0.391925821799123
0.00066960287973176 -0.00415709291571559 0.214617065011787 -0.576446223873774
-0.0249939886528872 -0.0173821308120532 0.747801285796611 -0.0716904570622577
-0.0197191407662824 -0.0243581314430352 0.49231968190375 0.60069566449617
-0.00941708702801304 -0.0203102150992558 -0.0793435515065656 0.527213016453932
-0.00345323801769731 -0.030076946437595 0.0549889479736031 0.0616007539198018
-0.00267351580243934 -0.0381337339879607 0.262655543239865 -0.424661636345079
-0.0322895384370057 -0.0136027703404233 -0.315012662818048 -0.790463841974954
-0.0271397175673103 -0.000399772282734514 -0.891108290674413 -0.155844631190501
0.000677517368682197 0.0318938469760884 -0.418450905695875 0.589000756900669
0.00507111995957349 0.0372118361883512 0.194653108904278 0.460946897479291
0.0119865016800868 0.00582746118148981 0.326986480835211 0.0934127081460018
0.0160305770219712 -0.00250854363604067 0.146268411696089 -0.179730140030855
-0.00627869677342687 -0.00630220755123145 -0.136512103164333 0.127118900915681
-0.0074268443516894 0.00832271011902547 -0.256852307914417 -0.0719790546850025
-0.0127155824999593 0.00872133735952168 -0.240467315175675 -0.398065966728642
0.00551924397936675 -0.0121028804117859 0.240176676772316 -0.574940076377627
-0.0184891918463131 -0.0198338318124915 0.753838664926735 -0.0506922893825823
-0.0187109361407189 -0.0193542670242929 0.467347175619649 0.613411234672425
-0.016613042020598 -0.014042144161315 -0.0937316385249159 0.519687088416943
-0.0126677118695002 -0.0249871721607373 0.0586315505741944 0.0521213658650808
-0.0106743720591571 -0.0322962998841034 0.254480349054227 -0.440914030780016
-0.0320133988212632 -0.00640878900077183 -0.341924043269777 -0.787807348173765
-0.0176241271474016 -0.00162747370011827 -0.890703512259895 -0.131357142236581
0.00858264061268383 0.0236547495291385 -0.39306260760917 0.598665190527303
0.0022338832017362 0.0297378485844009 0.207124955629619 0.453171457111324
0.00178693910828378 0.000909005133636447 0.326211652662158 0.0859102972466107
0.00794870783573677 -0.0030777934012454 0.142098898466213 -0.181345164816172
-0.0140111069560963 -0.00596689370766938 -0.137938761396181 0.124228578986849
-0.0167125212713132 0.00520549696582046 -0.254320689673827 -0.078515082479482
-0.0168676812401892 1.50893685076457E-05 -0.223013005974744 -0.403893996278935
0.0094415915602754 -0.0220752029623758 0.270500377849686 -0.56626676459123
-0.00954407025846536 -0.0203868776387278 0.759616904076254 -0.02309851380309
-0.0156019240124222 -0.00902803381542885 0.439426449187758 0.627404860798757
-0.0225163552154043 -0.00539550632308602 -0.110242396499499 0.512473003558598
-0.0219367527213637 -0.0178037429622389 0.0588338545993824 0.044162291141991
-0.0178419703707777 -0.0213268188045466 0.23965785045847 -0.452934792173311
-0.0292596351031756 0.00464190723306846 -0.377484596880244 -0.777189068352685
-0.00628854755200245 -0.000500802064643485 -0.893449503340838 -0.0953297119715768
0.0147798769769627 0.0138685684127966 -0.35586076376794 0.609682208047522
-0.00114100655502296 0.0208098161044752 0.226295929871922 0.445466748262564
-0.00731759565330831 -0.00340568190071991 0.327503579950808 0.0761471438864042
0.000177939874413148 -0.00338098200765274 0.138829913414124 -0.183833908833701
-0.0204173427124916 -0.0046217872037709 -0.138481817767339 0.121167657323438
-0.0239907409629748 0.00237799143688732 -0.25119424902981 -0.0855277960624469
-0.0205976660631276 -0.00879395617102393 -0.205352833202338 -0.406961487347938
0.0128498812452693 -0.0294561159016839 0.304174624563841 -0.555499636574977
0.000849743021187269 -0.0170697494647505 0.765631785969911 0.00919568675107193
-0.0100339714226979 0.0024184814089592 0.412586449080337 0.647614438436077
-0.0279325299123128 0.00564889454207605 -0.132766127945667 0.509167193471489
-0.0311940723267307 -0.0078148459262008 0.054958112843981 0.0391437687211711
-0.0242340719649628 -0.00840180462949614 0.220449193244402 -0.462198302551603
-0.0230746319981123 0.0171587640182164 -0.411730123108145 -0.7599121998646
0.00461039391845238 -0.000100300487350432 -0.888908070628822 -0.0561542545891574
0.0172227517130993 0.004649576628098 -0.320997802584386 0.624670573883938
-0.00504341082463762 0.011483162644424 0.245566789093424 0.439340851541541
-0.0148425019651659 -0.00618267492138271 0.329525547446068 0.0687619487939397
-0.00703256047137625 -0.00192493024500094 0.13814840275642 -0.185693387769138
-0.0247843891061524 -0.00306906220521744 -0.13751764077745 0.118000511115144
-0.0279823309066892 -0.000347504162402748 -0.246647970992327 -0.08991993661073
-0.0223050039933288 -0.0175318105247474 -0.184640925371053 -0.411638651921938
0.016822705537298 -0.034735277689119 0.333080314567165 -0.543985817888678
0.0110460947229197 -0.0125390062672765 0.76853657084595 0.0403582470288296
-0.00331846803016704 0.0148614916539634 0.383550595905204 0.666391033086236
-0.0305649353072579 0.017952747693966 -0.153830928252555 0.508217523371499
-0.0376374718053485 0.00309885962883867 0.0486769238526871 0.0376032461753601
-0.0269151269652731 0.00646084698997414 0.201322042795309 -0.466770817363019
-0.0138231368550762 0.0297476894022972 -0.444484411627201 -0.739081467418706
0.0138448259273591 0.0012708336858751 -0.883048419210001 -0.0184022843026973
0.0175533629981801 -0.00245038409344139 -0.287148089375936 0.636971259556347
-0.00826164813427206 0.00363123608200929 0.264810750330547 0.434557228522179
-0.0201720603245119 -0.00712171899484783 0.332471498311354 0.0647460930557042
-0.011559988730263 -0.000186642543780517 0.137037937704789 -0.187300619234515
-0.0272296659550921 -0.00137571954878537 -0.13484346018123 0.116000065541241
-0.028568607617777 -0.00180418718948384 -0.241118306487878 -0.0931558363953116
-0.0214878952137362 -0.0239556529934561 -0.166684293986263 -0.410218916480569
0.0184844523514926 -0.0366866802870335 0.357622614308668 -0.529868336531459
0.018825666344133 -0.00658038221933024 0.771489172478 0.0684165713142435
0.00383040531936482 0.0268948142937811 0.360922199992207 0.684604049849544
-0.0316781769753016 0.0289437225045334 -0.170918688238463 0.511801730148326
-0.041401950350008 0.0124338355951033 0.0400612912357728 0.039322900649408
-0.0256043703806704 0.0177352597404712 0.184130288275083 -0.464568339709278
-0.00470930516621642 0.0406485596044032 -0.4686535897628 -0.715992234215158
0.0199062074075538 0.00459438002082752 -0.879898170041028 0.0144500423934023
0.0154582817944285 -0.00707123490918711 -0.258906682166833 0.646944947908231
-0.00966492073750621 -0.00198727698829242 0.281899092533075 0.431186296493769
-0.0210093125457123 -0.00686016017383933 0.336795323211154 0.0597679892962169
-0.0147049195988544 0.00223029073862035 0.138252317127684 -0.188752464684671
-0.0262943678047259 0.00154938304981838 -0.129524042456033 0.115326112070515
-0.0258952115744093 -0.000718146874501398 -0.236070675820207 -0.0919449270047616
-0.0204215814007679 -0.0271700334017097 -0.157964948921415 -0.406133277773142
0.0164985997336263 -0.036956667501708 0.365976477862004 -0.521392085090661
0.0234026142866002 -0.000959175262296629 0.773112390575204 0.0815834002592024
0.011333798250309 0.036123028222623 0.351890592802077 0.696689378549322
-0.0290031105387894 0.0380496513054039 -0.181378101760318 0.520851302779365
-0.0419321038441044 0.0213900047972589 0.0298980071815801 0.0471319113940149
-0.0218786987671809 0.0270844874241216 0.174014393131239 -0.4553683684175
0.00405598827179449 0.0478562801446676 -0.472295543917337 -0.705452870734266
0.0234408777262809 0.00906352274271406 -0.879726389012298 0.0258930631080014
0.0113523667939271 -0.00690301718218624 -0.250681850526763 0.656747315173086
-0.0101106431902212 -0.00499596453521272 0.290697386523187 0.433113760832611
-0.0183263550568724 -0.00539034672025777 0.342659114280016 0.0608322021815071
-0.0131696668438982 0.00491293031910596 0.141728332948362 -0.18925139786451
-0.0236112127137943 0.00377772645244173 -0.126130521265891 0.11389687689855
-0.0196145976777019 0.00123942785492408 -0.232431222205994 -0.0899014942298195
-0.0188039067019453 -0.0262724086292306 -0.153595054585057 -0.402518673396315
0.0114196593663198 -0.0337103603508129 0.36520749836301 -0.51899438059163
0.0227087611043054 0.00370607101949584 0.775385211591342 0.0869216974877894
0.0165213569666728 0.0394350608581352 0.356443890113025 0.703628064053596
-0.0238547674837055 0.0429019568730613 -0.185208398783964 0.530077785580782
-0.0390132572986639 0.0250299600176442 0.0208406908132854 0.0560598759547087
-0.015740981504998 0.0309099481349629 0.171568040858796 -0.44328721597368
0.0113737215000777 0.0505876256953888 -0.469605579320361 -0.695573542355491
0.0236539759823594 0.0139979407252525 -0.879615306461218 0.0289850804415277
0.00777835037118064 -0.00219500473227535 -0.252519100925598 0.658855074528542
-0.00719171449731571 -0.00418508331373403 0.295232739633971 0.436318622640204
-0.0118325797751305 -0.00328891351866626 0.347325896310353 0.0643805744622919
-0.00934939306915045 0.00693912834184289 0.146159069792507 -0.189008955321
4.53633353682808E-05 -0.00570578463666122 -0.13607254717052 0.129858424299286
0.00214554956862643 0.0102475139475405 -0.259093592621669 -0.06491214527245
-0.00720357765944835 0.0155448308120428 -0.256596195820912 -0.394073804883928
0.000418974475638296 -0.00339302277966805 0.215599030769213 -0.583278201627105
-0.0253146827987419 -0.0177346196727834 0.756425154253549 -0.0760301184264631
-0.0194177397165215 -0.0245052185071439 0.496113605153574 0.605161354950473
-0.00910466224462622 -0.0206176076661105 -0.0787811428866642 0.531874711483742
-0.00332357814231977 -0.0306447233130282 0.0552858729722914 0.0621517202743153
-0.00256505227871693 -0.0391756212160288 0.264779196654842 -0.428472097115985
-0.0325443144287302 -0.0132910084994501 -0.31981103039926 -0.797431414256422
-0.0268055055910126 -0.000165283866045158 -0.899790061228528 -0.156421098394056
0.00139066019002506 0.0326389383750982 -0.421408540793017 0.594214145927567
0.00573970586475368 0.0374358034768154 0.197072001154717 0.465885704802872
0.0120913997966887 0.00652226813300206 0.330941190075329 0.0924085933641437
0.015679513853379 -0.00243291603877602 0.147322534465631 -0.181917668905342
-0.00681988039833238 -0.00599174438514067 -0.138702480295771 0.128715003584123
-0.00778070174482386 0.00846506034067916 -0.259527306922294 -0.0723066538041589
-0.0126381190928257 0.00937572246567616 -0.244803233633348 -0.40205455358074
0.00458449390442561 -0.0120853154246245 0.240213405335136 -0.579551536236315
-0.0189104554702504 -0.0198626356732808 0.762958708080547 -0.0505678892527289
-0.0189788905107058 -0.0186573846200651 0.473713121322538 0.618176603767458
-0.0162267552770656 -0.0154106156711952 -0.0942449620559182 0.522528264699699
-0.0125227696491569 -0.0258641682718271 0.058465716909812 0.0527028000850213
-0.0105260040499152 -0.0327454097359316 0.256191853587262 -0.444696353658788
-0.031689965697111 -0.00514835331056085 -0.3472113334657 -0.793447958301922
-0.0175022459511532 -0.00194010999822469 -0.90223198562812 -0.130330800992679
0.00887747031448166 0.023558140510651 -0.395037681324434 0.605685438081992
0.00303746453270659 0.0298598777874037 0.2106153626953 0.456976127278598
0.00253140747293883 0.00087929075284106 0.330076136246641 0.0847587989452221
0.00806800144230172 -0.00308688502379147 0.143690415780635 -0.183596034328995
-0.013965992086686 -0.00578388152910262 -0.139886729692111 0.125300239985663
-0.0165813274110886 0.00538644153828055 -0.258165765741025 -0.0796194763571198
-0.017142197659961 0.000540680417658472 -0.228231566379087 -0.406936206052632
0.008506932781078 -0.0213584314471724 0.271270105748471 -0.572827506711304
-0.00948321874838439 -0.0203188642938939 0.766949573414538 -0.0252975114257989
-0.0153739683329217 -0.009808202472414 0.44561675903215 0.63297210911185
-0.0224767445452574 -0.00534965864623334 -0.111407069284242 0.515556670553236
-0.0222079094774091 -0.0178460993260739 0.0590162421815231 0.0440865781882991
-0.0182449553614564 -0.0219500897559721 0.241253105216815 -0.458152500341533
-0.0287575351608723 0.00570991274663539 -0.383362303199439 -0.781557514011356
-0.00599459993109972 -0.000768761660871413 -0.89911531325001 -0.0942177476466039
0.0152029468563876 0.0144138177848595 -0.358069644587061 0.61792306830578
-0.000911684375875205 0.0206363555004823 0.229621064411543 0.449498106038345
-0.00706153676350983 -0.00331221633102812 0.331018363452752 0.0758936283392222
-2.36142279978167E-05 -0.00437524540783098 0.139723934500736 -0.18554444530408
-0.0205004854357832 -0.00520585424633331 -0.140087501363211 0.123296622894022
-0.0244881993529307 0.00227053189136409 -0.253892170465955 -0.0853464609150542
-0.0207252387310519 -0.00879439116677792 -0.209644808507022 -0.412123164121743
0.0133334335352106 -0.0294663263080919 0.303069136297667 -0.561354223192214
0.00142199180306083 -0.0178812855306797 0.773986553111171 0.00682346883379747
-0.0102909663454652 0.00223393149978087 0.415873406794359 0.653450630459523
-0.0282782373647282 0.00605375184564617 -0.133626355734149 0.512872503688144
-0.0313333529929631 -0.00823465890565241 0.0553280912895258 0.0392989572488879
-0.0244993033521744 -0.00882585878610347 0.22365871875657 -0.466779523785424
-0.0226871682810125 0.0185980719324226 -0.41865962283418 -0.764273872820607
0.00473597506276807 7.57359264223351E-05 -0.896261100984469 -0.0559918259056766
0.0178504844590731 0.00479366677124364 -0.322514829331407 0.633341294923042
-0.00451428291827981 0.0115632731490364 0.248255090426471 0.442599307083506
-0.0147952888542407 -0.00601155528801929 0.332957584226959 0.0690795022501542
-0.00712094184416965 -0.00229021110267234 0.138180183991924 -0.187747313407375
-0.0250743361134513 -0.00344628927479844 -0.13951887496076 0.118993405379561
-0.0284631504458283 -0.000486934344208075 -0.248718842056649 -0.0913530358955552
-0.0225086511698955 -0.0174594918230828 -0.189744191566005 -0.41400162186768
0.0160336274653417 -0.0354504727907151 0.334467360550127 -0.549880106790438
0.0112085025457545 -0.012714843865919 0.77725000408874 0.0381998204913715
-0.00292448348053298 0.0154148632499833 0.388320988780481 0.67288564814846
-0.0312100470634151 0.0183817245824066 -0.153565614183908 0.512952625938015
-0.0377626454478934 0.0029905624767429 0.0481752507000425 0.0376627797718046
-0.0271053186274077 0.00482749876751654 0.201875601246079 -0.471146444084226
-0.0139153055250745 0.0304307794431708 -0.449515870798006 -0.742752735747017
0.0135833911824512 0.00177199941395675 -0.893585355789465 -0.0160054707374638
0.0174082632792021 -0.00273371298281585 -0.289079658565399 0.64368110011508
-0.00768991009428307 0.00316371843304177 0.268908948355042 0.437364629130628
-0.0204841109722251 -0.00755925506158075 0.337465415858406 0.0638758809453241
-0.012876514922312 -0.00084196052011258 0.137717607503079 -0.189261857399356
-0.0276297811675589 -0.00102065241322265 -0.136041232453116 0.117350842524526
-0.0294528972370507 -0.00194118258942218 -0.244472995771113 -0.0934784198134756
-0.022638110347219 -0.0235458163816515 -0.170651784251708 -0.414516731120368
0.0181582849204043 -0.0372932158084954 0.3588282972508 -0.536963076562569
0.0193575955775264 -0.00674762243405033 0.779872805947669 0.0677089504695627
0.00366955292078631 0.0267935662015664 0.365475699829407 0.691686682715723
-0.0313601150934872 0.0290864717733536 -0.172529897419794 0.516304040316277
-0.0415714904219211 0.0126640619262124 0.0397172062875207 0.0397244416476746
-0.0259706960989752 0.0170721801641149 0.184320412383082 -0.469672553548178
-0.00425200228039233 0.0410862565094794 -0.474134433325345 -0.719736139466533
0.0199788682230584 0.00489505601435 -0.888142665008068 0.015958923763056
0.0156359493311354 -0.00650092718891877 -0.259076727671432 0.653851094325791
-0.00909098435026477 -0.0025330011142049 0.286906203354796 0.434022312252347
-0.021922477175602 -0.0067277416256675 0.340330054713027 0.0591322196507615
-0.0147590932647408 0.00213318321154583 0.139930153650183 -0.191264950211518
-0.027653295543334 0.00162708483038439 -0.131835599718849 0.116076873601687
-0.0264258118993437 -0.00131153155739149 -0.238959322987845 -0.0933922095249885
-0.020972177417204 -0.02707139563941 -0.161343241423653 -0.41084511678832
0.0158079251766976 -0.0373753999627269 0.366755418767325 -0.528691331918569
0.0236429511673303 -0.000775506083921321 0.781557358999516 0.0815597923612491
0.0113817700472237 0.0360863017750179 0.359384934697011 0.702462335064852
-0.0294284291741659 0.0382954250244953 -0.182726561440018 0.525395523243308
-0.042161644891866 0.0209311657517382 0.0296451110089938 0.0467061705281014
-0.0220206511671565 0.0270641323619927 0.176196968249377 -0.459438442155286
0.00468089444731115 0.0477789910136533 -0.478146987220162 -0.70956822973898
0.0236024954036949 0.00910558543883727 -0.887203222959813 0.0300733263825985
0.0118612272856407 -0.00639472813628109 -0.250719422658514 0.661703222874378
-0.00929265350179641 -0.00515782166878567 0.295461721536158 0.43614293501227
-0.0188278947531515 -0.00574296325970402 0.34577604111751 0.0596251533754928
-0.0132993690291002 0.00482002682909594 0.142605903327691 -0.19190407787827
-0.0241251840948114 0.0043000902207162 -0.129145810564719 0.116095531644647
-0.0206536293779597 0.000859562379739112 -0.235059371978752 -0.090332777383186
-0.0189059424443155 -0.0258435283925281 -0.157216491599006 -0.406907651562556
0.0111646640461636 -0.0335370653699584 0.36478954228209 -0.525667916668074
0.0231017973922437 0.00335480771754886 0.782960296176098 0.0829314202099467
0.0167744249916358 0.0405579958384533 0.360309419546643 0.709303340876889
-0.0245520735824443 0.04270920730395 -0.187265705609878 0.534262888243131
-0.0383973417725012 0.0255169142205594 0.0211750492488798 0.055937806458989
-0.0156538059333427 0.0310948634407497 0.173347214320771 -0.446228927392057
0.0112978462431232 0.0514989494498082 -0.475185430197506 -0.700095122081315
0.0234931840022949 0.0148629382304426 -0.888530106077324 0.0317999747444029
0.00782776141821248 -0.00195832416713315 -0.251408511759937 0.66516610792445
-0.00713102220633305 -0.00452140577831897 0.298492318811511 0.439546966029441
-0.012934794409674 -0.00290337996346779 0.350800778312223 0.0629804933459107
-0.00905692302410306 0.00671177908179247 0.147368346797025 -0.190750564932272
-0.000323327327365216 -0.00527329720088993 -0.13781365029875 0.131876799528108
0.00201590040653715 0.0102535093827885 -0.263442655850593 -0.0652598542695921
-0.00717247686344342 0.0161907565500709 -0.264326614305425 -0.396831788785487
-0.000140733644734038 -0.00390323298069236 0.213796086821738 -0.590374424845486
-0.0258808875337224 -0.0179735825520087 0.76360629236562 -0.0783790955001329
-0.0197056485783986 -0.0250428049712399 0.505064548349051 0.608948154739791
-0.00983344055253473 -0.0210105325008603 -0.0783912967245485 0.537479371351448
-0.00388989948082273 -0.0312819780799204 0.0556045854450459 0.0628572941005633
-0.00244182966961365 -0.0397516783855381 0.266773977469816 -0.434542472425479
-0.0320634777763724 -0.0134469435102633 -0.324088501963281 -0.801287037981499
-0.0262307447724355 -7.35685057082006E-05 -0.90833743488263 -0.150387600768287
0.00164942733827779 0.0327065796787266 -0.422470814572154 0.603238619079398
0.00611236338120615 0.0382268275069123 0.202429146861378 0.466748074312898
0.0125197176921897 0.00614683796342036 0.335056127068465 0.091026183525526
0.0161247416780087 -0.00218562092007214 0.148513595625812 -0.18364385218563
-0.0069313162739921 -0.00586414227906605 -0.139862000302244 0.131244719916396
-0.00801782831726901 0.0079174619586671 -0.263375035066742 -0.0717574111354303
-0.012688713444078 0.00975863749766378 -0.250237080178928 -0.403062771775536
0.00441317621224255 -0.0129480642143056 0.237875654497698 -0.587761405894044
-0.0194972888932439 -0.0202958812405753 0.770358783763114 -0.0563137794318144
-0.018590532706066 -0.0191089267627376 0.481516389347343 0.622477329303429
-0.0174269803804657 -0.0149810689447047 -0.0940715854991283 0.528470277087568
-0.0125279702663075 -0.0258227387650971 0.059615257921251 0.0526305773642509
-0.0111379187543082 -0.0331018409148109 0.257120709601666 -0.450109481471187
-0.032254306869695 -0.00530327959947681 -0.353877445381473 -0.798783557540548
-0.0174425769316237 -0.0014712458923111 -0.911621728614717 -0.125257159459038
0.00864570971951672 0.0240323994231808 -0.395764243461119 0.613353185951231
0.00348444082346733 0.0298994198487259 0.215612635758341 0.460538624044357
0.00225870416965723 0.00109607128140289 0.333863714258026 0.0830935611068301
0.00848670935015684 -0.00409146659133475 0.143631388250573 -0.185800900365704
-0.0146804363352337 -0.00534583274817496 -0.142176942344828 0.126874688142122
-0.0172483568657116 0.0047541032699863 -0.261511285315858 -0.0791265635717858
-0.0173332922617731 0.00091801981418461 -0.232920403081525 -0.410300788628973
0.00854415516807832 -0.021307640271601 0.27118139200025 -0.579745147296858
-0.0100836504902478 -0.0206588191884082 0.775801282350741 -0.0288895068932815
-0.0158264069688582 -0.00978804659746814 0.452150799020806 0.637553943473009
-0.0230791031760883 -0.00652950843455867 -0.111105846482811 0.521598906973833
-0.0224451726321303 -0.0187070347913004 0.0594184897439973 0.0443470903776594
-0.0191569244701987 -0.0225693742831059 0.242296035681974 -0.461719236528945
-0.0289726059277822 0.00617157992116527 -0.389032564305779 -0.786712331465472
-0.00602774657024772 -0.000528286231784719 -0.908939024787033 -0.0906381623920638
0.0156438245238097 0.014045819851726 -0.357428578703785 0.625674838983034
-0.000375884636790995 0.0210934095978327 0.233548399667346 0.452796763016334
-0.00696085470914493 -0.00307506079375851 0.334925825576158 0.0747994953261962
-0.000107309382206681 -0.00441069665138633 0.14118460424558 -0.188879019689783
-0.0201512299846666 -0.00498386338080428 -0.142444785071826 0.124469295675776
-0.0247608224196411 0.00182661661848546 -0.257688238722906 -0.0863164600484294
-0.0204708837619298 -0.0077628431097025 -0.214648632880969 -0.414915779231747
0.0132968284020199 -0.0300858801866986 0.30253986956726 -0.5705670408958
0.000916169077984216 -0.0177019572997402 0.782952988330082 0.00238609781195885
-0.00976853441056615 0.0026371222812001 0.421859479326285 0.657594252406475
-0.0280931136804702 0.00581157611728761 -0.133166684789137 0.518612509647209
-0.0317073278727716 -0.00769023104570009 0.0554695346445712 0.0390298658158125
-0.0242403913094642 -0.00853064716903382 0.222172024788268 -0.470645973697603
-0.0224308657147115 0.0190870732943081 -0.423695436564471 -0.768090632429038
0.00502564270521291 0.000325781448511328 -0.905163489107224 -0.0503058343981771
0.0175419189950175 0.00491429403942914 -0.322107086808325 0.639177062743683
-0.00409087344438709 0.0113222413845316 0.254430766715652 0.445551887539757
-0.0148685988391063 -0.00652731720752334 0.337221455159193 0.0668811070652391
-0.00682320611941563 -0.00310165227567125 0.139516794256392 -0.190775033531292
-0.0258965868347775 -0.0027473726959472 -0.141332337311145 0.121496236341005
-0.0293655948755442 -0.000328942589691949 -0.252421314470005 -0.0911835713630469
-0.0220252137536832 -0.0169832097725103 -0.193567345646863 -0.418018588891324
0.0163698431046903 -0.035704769352977 0.334710519407664 -0.559069064739104
0.0110889044175041 -0.0134360196431929 0.786771168210761 0.0350010466064878
-0.00250234333703735 0.0158985211328236 0.394440174980149 0.676355723837149
-0.0311626901701061 0.0188993453712938 -0.153158265085056 0.518311034236868
-0.038590013864998 0.0034822837440859 0.0488718001246796 0.037296782469652
-0.0268201306519418 0.00552339078965881 0.203090647305445 -0.475738059690141
-0.0136673298666973 0.0311130997081873 -0.457371649225421 -0.746102833645516
0.0137537025438921 0.00198959324933226 -0.902493093062079 -0.0100757771785805
0.0179220002938981 -0.00256102983390604 -0.285503349158808 0.650422249224974
-0.00755754468962627 0.00350206773553666 0.274932795193079 0.439997102037483
-0.0206065944570108 -0.00737318595249126 0.340055556026694 0.0616395701016828
-0.0123786065353991 -0.000768577128556376 0.13872455091695 -0.191736462900475
-0.0286089951024924 -0.000939680079394014 -0.137937806884158 0.119372919728172
-0.02990781511982 -0.00195800153464168 -0.247231477919692 -0.0931051670630767
-0.022269608270795 -0.0234427128032745 -0.174834771410353 -0.416698530205453
0.0174946645209779 -0.0380921388836527 0.358939494537838 -0.545065194288541
0.0193627520541858 -0.00727189659005782 0.790014523106253 0.0647439446193413
0.00438758288630669 0.0275448426167054 0.373464227190028 0.69607464534326
-0.0316522104115984 0.0289725514605183 -0.171788235727888 0.522536985117216
-0.0422645676082479 0.0132275117443605 0.040815227336099 0.0392814507709982
-0.025821750628459 0.0177826030184578 0.184104477832729 -0.472869923205684
-0.00413777344675129 0.0411026482779372 -0.479734561677254 -0.723828964512093
0.0201562904364758 0.00530254053652575 -0.898369484791375 0.0222727436509901
0.0155373194240796 -0.00622897820046875 -0.258974698257095 0.661340237657514
-0.00979768613051482 -0.00200081910738956 0.292590838199445 0.43640695957385
-0.0218722626401578 -0.00704032459903969 0.344665629140318 0.056797047271294
-0.0147965999893809 0.00222602719744147 0.140892275948341 -0.193658395825582
-0.0278408828921966 0.00165210903953695 -0.133901267266144 0.117717554215033
-0.0269281205631587 -0.00128200840240442 -0.242923675255095 -0.0931947566357893
-0.0213852817234933 -0.0265285795104649 -0.166073737321858 -0.414164715358164
0.0162666173241015 -0.0374471467555823 0.369301783414993 -0.537432066569508
0.023917795447273 -0.00135912764189419 0.792447784349402 0.0763597808119295
0.0118412600902135 0.0361700763914308 0.364812792428223 0.707061188780127
-0.0297384526733132 0.0388755627247543 -0.182065572776677 0.529915603912118
-0.0424628868149867 0.0211714790093743 0.0302114494489461 0.0468227638495793
-0.0217864317862396 0.0273823226959941 0.176153876959715 -0.46444039364399
0.00524660892649178 0.0494769797802798 -0.484007939415557 -0.712305189144524
0.0236396913977783 0.00969557881096952 -0.898439041731867 0.0342720057315235
0.0120571411833861 -0.00629344407662068 -0.250741808007625 0.66964424736317
-0.00927945902871878 -0.00488223310180199 0.301285793099973 0.438254687590226
-0.0188965179697831 -0.00502433209233623 0.349951278910001 0.0572763505135075
-0.0134479879857843 0.00431078662088887 0.144180915679868 -0.19434310464527
-0.0246724460376088 0.00440170223480901 -0.130440297671255 0.116668330139715
-0.0203918700260463 0.000890577886238724 -0.238219975730432 -0.0903869272584688
-0.0193014853701832 -0.0257165907671201 -0.162255877121174 -0.410082311176502
0.0106564913526741 -0.0343472883405384 0.366401427391503 -0.533016047848953
0.0231152945232773 0.00332600998276474 0.792143319445956 0.0814765512439304
0.0178201080188986 0.0407980977576823 0.368336250759995 0.714925732705457
-0.0246442222963207 0.0430780992136953 -0.186683881977969 0.539034944547157
-0.0398146653442111 0.0257995493460176 0.0204534331354213 0.0556064580834822
-0.0149015011633072 0.0314686238230438 0.172955607971604 -0.453122458101908
0.0123301016401073 0.0519816336174001 -0.481930964724182 -0.70305562573797
0.024362981225532 0.0145568297696246 -0.896214029243688 0.0376928512417585
0.00845873642604218 -0.00183527835245963 -0.249699990652071 0.673807716928654
-0.0067257686483267 -0.00437496069923631 0.3050337909661 0.442204383598355
-0.012424169367811 -0.00302692604340686 0.353838272080854 0.0611490252597113
-0.00996242705098013 0.0070750957169523 0.147765081565005 -0.193188795718678
-0.0010994148367601 -0.00506970132478371 -0.139263652682744 0.134505559446237
0.00200472039452713 0.0106260871532813 -0.266040106746456 -0.0644483625909782
-0.00744756105494106 0.0164808681626431 -0.269432586760045 -0.397024205598546
-5.67826148697142E-05 -0.00326952987778899 0.209959777945808 -0.597514852010071
-0.0262475849103223 -0.0172661100292185 0.770656123633466 -0.087211200954803
-0.019216293865174 -0.0249591685524003 0.513663649331007 0.611041212885129
-0.00988665490028832 -0.0211788745642848 -0.0750741927916512 0.541978368734589
-0.00359079217836722 -0.030415531933052 0.0561359126106452 0.0623197860945209
-0.00318819575476798 -0.0402335064996754 0.266847576134354 -0.439720666741637
-0.0315042693430319 -0.0132222554137101 -0.333064301963822 -0.804925462173164
-0.0274338215575605 0.000610201358781207 -0.91734771682394 -0.144543110442884
0.00131993853028057 0.0333368151241032 -0.42082173944285 0.612168054733311
0.007360027168865 0.0385660160247666 0.207682221366269 0.469839034269046
0.0125597990759197 0.0051147279868405 0.338112968118888 0.0890000110267888
0.0159743627812291 -0.00336132491412425 0.148524473304829 -0.186567945676879
-0.00731683398044602 -0.00522659094038698 -0.142223149620762 0.132727075659532
-0.00767917306150245 0.00806789689080527 -0.267226904795617 -0.0713352475697802
-0.0124244128735599 0.00960757802165151 -0.25831616550026 -0.406924852475471
0.00461901632680633 -0.0127580267136883 0.235861605733315 -0.595943286072958
-0.0195849139856653 -0.0201201714999042 0.777973339186026 -0.0623610989819004
-0.0183760618866476 -0.0195535091754738 0.490321834187342 0.625160643162859
-0.016627448984479 -0.0149353750178212 -0.0909111374719761 0.532717367326436
-0.0128331034524418 -0.0264336114693789 0.0602183054391826 0.0523391549603023
-0.0114454566181284 -0.03360220115513 0.258873467738596 -0.456094546558152
-0.0321914842729469 -0.00579971320928311 -0.362175155620627 -0.803257614512548
-0.0175578376368388 -0.000754683191944484 -0.922174122653408 -0.118883479839856
0.00967652528621718 0.0240287937613096 -0.393628096030199 0.622279632402474
0.00444230348013479 0.0303013881141594 0.222291341799198 0.461213717930255
0.00224807296565016 0.000578876129743798 0.337521241851446 0.0810044098211369
0.00822147491149423 -0.00458363853725878 0.145082739438017 -0.189135890189286
-0.0148950059974891 -0.00549025959116403 -0.143150562820561 0.13010730659473
-0.0176500829183239 0.00514190718460716 -0.264901867533874 -0.0780799033247542
-0.0177420188991699 0.00195845033429026 -0.239647958810839 -0.411653216326007
0.00815902173813775 -0.0222720500181052 0.269003221140993 -0.587915566180407
-0.0103110482824962 -0.0208041955455489 0.783879281872219 -0.037266273729218
-0.0152645643136347 -0.00945085750364248 0.461328877047183 0.639062166383689
-0.0227722354026049 -0.00530336438227456 -0.108277368422276 0.525686340699787
-0.0228523253827783 -0.0184147685006664 0.0597873814029234 0.0443260488335565
-0.0188918407562452 -0.022593843754971 0.241081505010195 -0.468118005956503
-0.0284040611475413 0.00622112055583424 -0.396918382306691 -0.789737714356509
-0.00623530397334679 -0.000196804699237853 -0.919695151931742 -0.0824429885568587
0.0156563470063982 0.014116168946518 -0.356589863422418 0.633430482035627
-0.000160317124521441 0.0207301576084105 0.239485326838913 0.454247088921988
-0.00735992809887436 -0.00379922775994366 0.338349673798976 0.0718453148098295
-0.000219283589420916 -0.00447502007248224 0.141248642407231 -0.191006792257167
-0.0208261539136716 -0.00464432124133221 -0.143973511891342 0.127246598672782
-0.0253072796721865 0.00143266201016906 -0.261148450209773 -0.0844395500440785
-0.0212983526479007 -0.00848002144446059 -0.219928206093235 -0.416943401834031
0.0121644254272023 -0.0299055143456495 0.301304903114484 -0.579320552952756
0.000513532726952899 -0.0181233222649329 0.791467190827345 -0.00282961333020367
-0.00978559462261452 0.00194521732809891 0.431282768059197 0.660306613997411
-0.0280607776501094 0.00581291885343715 -0.129541223622273 0.523369368940947
-0.0315876221893328 -0.00802941609050667 0.0559557728415813 0.0384245580124528
-0.0240350599208715 -0.00917051245535551 0.222898619789417 -0.476107532300608
-0.0221490416484902 0.0190392461731876 -0.433500637315314 -0.769623297977168
0.00509416448401232 0.000461250988806637 -0.913238326811518 -0.0414294987886309
0.0186922155720566 0.00511290466127953 -0.321592818849719 0.648700911744858
-0.0036659762120887 0.0115322268334258 0.259795279313883 0.446946992800895
-0.0147153148211428 -0.00591875687214922 0.3407268114732 0.0642951095722839
-0.00774326168998567 -0.00357817510205128 0.139429811606973 -0.193453802948072
-0.0260365480431538 -0.00271831450291205 -0.142703508983414 0.123482772610531
-0.029920043977527 -0.000887559476296894 -0.256072443742812 -0.0900038601883967
-0.0228910337270971 -0.0166416899503323 -0.200269983947316 -0.42009190823199
0.0162296496370825 -0.0359684716936733 0.333839569628045 -0.564656419648918
0.0110037251414307 -0.0127008987665268 0.79365975820529 0.0286979452495721
-0.0015187015160045 0.0151469515989523 0.403379893820197 0.678956274282508
-0.0311793665342045 0.0184776578768212 -0.151113900628558 0.52330352076646
-0.0385435882096142 0.00356146452788695 0.04912261338719 0.0371040801946109
-0.026833531952502 0.00518742493237662 0.20239830197089 -0.480582911166718
-0.0127343800951257 0.0309967839086732 -0.465649241707941 -0.747723858254513
0.0142680309000961 0.00279103605751143 -0.911804970208422 -0.00394902079662195
0.0186248306624736 -0.00212574877440329 -0.285058869728406 0.660191248736177
-0.00687584344749174 0.00332029998352235 0.280624242702064 0.442172463988883
-0.0203634301832753 -0.0067026080304352 0.344861757457041 0.0590132425809195
-0.0128178555464254 -0.000721542931352683 0.139759096798198 -0.194937159107713
-0.0286955143172318 -0.000879230334533707 -0.138907872974252 0.121215975605186
-0.0299630544095277 -0.00143137405855262 -0.250333657603684 -0.0932380776201897
-0.0230660144938773 -0.023533150770112 -0.180970653026951 -0.420523268276389
0.0174267766364122 -0.0383933894327469 0.359090476916999 -0.5518583822109
0.0190395572418755 -0.00706475000171846 0.797522710512478 0.0589508626126384
0.0051143140540296 0.0279267774634585 0.383144998277667 0.699330290962631
-0.0315845449362435 0.0301371991029525 -0.169571855290684 0.526675527161836
-0.0427298779363916 0.0132888413374249 0.0407190152901151 0.0389910876793447
-0.0259862133533859 0.0172948209754265 0.183777470028881 -0.479216447426757
-0.00246949860553838 0.0420987175756334 -0.491311713429512 -0.726985816677222
0.0207411262096113 0.00514082473275429 -0.905341390775862 0.0289982692317638
0.0154514389684562 -0.00675546715321598 -0.256606788372105 0.669940001821441
-0.00916172833215931 -0.00278372986224823 0.298448404417884 0.437803333237811
-0.0220491758640111 -0.00648322219178192 0.348343182238983 0.0540867143958402
-0.0146903682390484 0.00190140359479187 0.140400525296685 -0.194679450004272
-0.0276482710050385 0.00179351490009469 -0.135902560806955 0.119754096104494
-0.0273211115540283 -0.000649399362251571 -0.246175995408785 -0.0920116580227223
-0.021708464565074 -0.0260609982105121 -0.171417153337293 -0.416650816686805
0.0153678007117636 -0.0383385330495379 0.366821514263778 -0.544340435072693
0.0239415968731595 -0.00114666705136033 0.799723384256018 0.0725264016070621
0.0125461136384433 0.0358773215045463 0.37490573915906 0.710699863794512
-0.0296487838737001 0.0392451078738557 -0.180435620690256 0.534903937234405
-0.0429256165739821 0.0212856331759116 0.0299893876600498 0.0468781918915476
-0.0217542940444064 0.0271106234855083 0.175777994265097 -0.470085583264519
0.00602106727319797 0.0493251035506676 -0.493743524116589 -0.713334760899438
0.0245242975970499 0.00948783818611237 -0.906184457865199 0.0409123365208431
0.0118789082206313 -0.0062177068196746 -0.246376789522007 0.676473535279107
-0.00888420677734938 -0.00514382796704427 0.307898587458794 0.439356443868994
-0.0192473435502099 -0.0053873580443845 0.353404075678267 0.0551380473890737
-0.0135397375265788 0.00391041106121527 0.144029994527015 -0.196869258690144
-0.0253139621555486 0.00471972091908341 -0.131345819109211 0.11835179813266
-0.0212005344788063 0.000897843973255173 -0.241902778880229 -0.0898058625536931
-0.0197280554378097 -0.0258225063060802 -0.1681306220194 -0.41251416343338
0.0103114015703034 -0.0347421271592888 0.365624356307708 -0.539970420535873
0.0234284064834532 0.00277501110008237 0.801164743475069 0.0744749962505839
0.0185835120336538 0.0406612658730182 0.377380622329816 0.716999467975758
-0.0240087707786079 0.0440279619917117 -0.18396441940046 0.544788199682315
-0.0393491419835768 0.0258682389667161 0.021137039096446 0.0558494949896719
-0.0151950905041224 0.0313159886381165 0.171615604773723 -0.457253694508397
0.0132114598262751 0.0522384225013746 -0.491473847553871 -0.703377865651079
0.0244295146370543 0.0148346310352465 -0.905295265148944 0.0463030621620657
0.00864652058673948 -0.00232378954467695 -0.247446113918296 0.680334326861387
-0.00701191417629358 -0.00443308907681413 0.310991728726474 0.444314022237624
-0.0126436232195514 -0.00310803032393955 0.357629763555793 0.0583623939219318
-0.00976618913325792 0.00633632738221388 0.149383314091034 -0.194793307919929
-0.000725403122733716 -0.00528531563948909 -0.140048841116857 0.136596664060397
0.00145846511734021 0.0104375827350154 -0.270437794477346 -0.0614210135811853
-0.00663795554683709 0.0169976202996671 -0.277328884641861 -0.397677824356294
-0.000492661574230139 -0.00411842640714667 0.204961785821355 -0.603902796453682
-0.027163817178522 -0.0169728769284547 0.775760808649748 -0.094086839901985
-0.0191934490010395 -0.0246313762812407 0.523370298287942 0.609276534227817
-0.0100874881122431 -0.0215606319806388 -0.0708250099533796 0.545996295560946
-0.00438102719022802 -0.0311224336338127 0.0571636448975689 0.0623131455867244
-0.00302778779860088 -0.0404736962827376 0.265285934180682 -0.445119741692046
-0.0326955322364186 -0.0129890402316409 -0.342617620977986 -0.807647399972166
-0.0270263999787081 0.00102952072274977 -0.92766865882419 -0.136699603468279
0.00258313853519724 0.0332704582218517 -0.416879043955533 0.620644084810793
0.00803770372000641 0.0382522668544419 0.214303818346981 0.470762561074363
0.0125308475735202 0.00529655281187919 0.341803619882899 0.0855495677105616
0.0161185044794856 -0.00360217002570604 0.149121844937455 -0.189922948231823
-0.00806616465271137 -0.00618118864753579 -0.143033078312647 0.135317433503547
-0.00853281178505054 0.00736762049889094 -0.270776209439565 -0.0687482835867939
-0.0120382370365629 0.00977625535021399 -0.2644752787682 -0.407363131612015
0.00375345074626011 -0.0126727984805683 0.231889010149193 -0.602380604591895
-0.020437434917903 -0.0200432999732366 0.784082259719714 -0.0725767919436369
-0.0190342685687623 -0.0195391746575337 0.499152349193201 0.623755583652917
-0.0176785207699814 -0.0148747670338797 -0.0859745234341617 0.537584495982753
-0.0138497466319284 -0.0263866308907575 0.0608832851699534 0.0517037283691502
-0.0119170625924605 -0.0335134983847089 0.255815002492853 -0.460736020208232
-0.0322216184718914 -0.00486568879634296 -0.372454017124937 -0.804048150418761
-0.0175507246821134 0.000218970723038701 -0.93041855525197 -0.108851600754733
0.00960254007749638 0.0248122921906892 -0.389029319832285 0.629741119188585
0.00441454583936981 0.0305883791140703 0.228834282395982 0.463493527344942
0.00239347389581423 0.000768562227632276 0.340829416034245 0.0772548971417284
0.00851749784568815 -0.00454167368725037 0.144309444436527 -0.192018339114711
-0.0151995772265203 -0.00519728608389061 -0.144764292551066 0.131921005674511
-0.017946171352646 0.00453556919800463 -0.268090153147987 -0.0771572210374954
-0.0174968476366019 0.00218285963107198 -0.246894828828534 -0.413439406919298
0.00802492861879051 -0.0226317544950424 0.265235966615033 -0.595772393544588
-0.0110335921058067 -0.0209062959601789 0.791180465515455 -0.0450666159670319
-0.0150766526981048 -0.0101800437373311 0.470868357083552 0.640571879875195
-0.0231671330769914 -0.00593724545145256 -0.103634253294113 0.530769233669299
-0.0230614924890683 -0.0185470948407467 0.0602694755376449 0.0431869051761545
-0.0196013043442876 -0.022933405628657 0.238885751107213 -0.472391472684737
-0.0274399545200836 0.00687172904409997 -0.407756217191196 -0.789391684247622
-0.00540327572200397 -0.000285476074205756 -0.926328569203763 -0.0741204215585768
0.0160654931413338 0.0146347994327083 -0.35411422093311 0.640898277035729
0.00107625804698095 0.0209224263827755 0.247000102393871 0.454100181700531
-0.00738738793406715 -0.00388396368571791 0.341570256228092 0.0689141028004992
-0.00010075675572683 -0.00439762836833066 0.141504160971103 -0.19420181736597
-0.0211295695283067 -0.00406690831134796 -0.14473232583147 0.128580053219046
-0.0251715547265475 0.00149588232409829 -0.265798943584638 -0.082878765039675
-0.0210701907785806 -0.00771476172915705 -0.228232717642708 -0.419502530043578
0.0121035743474338 -0.0303825872008573 0.298943908597169 -0.584863203184976
0.000418200891127632 -0.0184927201338132 0.796788785907491 -0.0137739052712452
-0.00972854711744287 0.00202630782096485 0.441050754874188 0.66181980473021
-0.0285723056261327 0.00616984043259744 -0.126224159733909 0.529193707806461
-0.0323161853820199 -0.00763310112270105 0.0570757777007881 0.0382560223622633
-0.0249559996380736 -0.00922149715481733 0.219719259321575 -0.481472853730548
-0.0217701879382842 0.019279900449646 -0.444388211394296 -0.772228663100404
0.00504768503253792 0.000593248752269884 -0.922079724750487 -0.033027670140498
0.0187611380936107 0.00543921758427423 -0.317582872458401 0.655058237501909
-0.0031719472504598 0.0113378140810441 0.267235304680779 0.44627386069104
-0.0148613452753369 -0.0054534315418031 0.344745945780473 0.0609070682973132
-0.00765508763336953 -0.00369738033740238 0.139644274349017 -0.195608215818227
-0.026026922184383 -0.00255946465163079 -0.143316388297559 0.125845054874573
-0.0301755786721233 -0.000786316142810627 -0.259866335627033 -0.0883171232512828
-0.0227556979994784 -0.0162236702979934 -0.207013476100406 -0.421383233533685
0.0153367780221394 -0.0363092131088456 0.329943194449734 -0.573114756205807
0.0108859269143883 -0.0131083994592657 0.801462706535844 0.021027629585363
-0.00171560731640475 0.0155358643933759 0.413608220693316 0.680089979047563
-0.0311708981207243 0.0190654903667804 -0.146578236954518 0.529233301686588
-0.0387180323673798 0.00351220657041989 0.0494730222890034 0.0367112827353504
-0.0271595375900824 0.00517613948920819 0.199970845958669 -0.485031945203414
-0.0123846463240625 0.0323465705939014 -0.477119723666949 -0.749676227704527
0.0145421052118713 0.00251664955511106 -0.917811498054427 0.00711336449318827
0.0185500313704133 -0.0026396100183619 -0.280865473397205 0.667472346138075
-0.0070336902598643 0.00382262921611534 0.287654590380217 0.44153815554781
-0.0209053197498267 -0.0074115055166025 0.347748256242063 0.0554037960904598
-0.0135215394642586 -0.00121028915106259 0.138493284250812 -0.197697828980443
-0.0293070327654415 -5.98448062875713E-05 -0.141195760445539 0.122650316043278
-0.030941129817452 -0.00199065593007238 -0.254360527873782 -0.0913744591927198
-0.0233481783206439 -0.0228773130251669 -0.187490649568962 -0.420944697091058
0.0167302194519507 -0.0389812843844702 0.353980937402653 -0.560634621563188
0.0192645899007158 -0.00737557322981421 0.806725369433072 0.051267758309044
0.00590962823595362 0.0272963632053042 0.389442125286243 0.700392233976295
-0.0312032798187935 0.0300115339246225 -0.16631357526683 0.531994662037072
-0.0430425652746715 0.0135479888895344 0.0414104738650783 0.0387967130018253
-0.0259581712236064 0.017977252162037 0.181970907999636 -0.482877717368515
-0.00225828613547492 0.0424168364644261 -0.499899941006338 -0.725431036141059
0.0205940212879809 0.00536613377391338 -0.91274088450482 0.0394069633769629
0.0163034031495037 -0.00635640473324561 -0.249178271664339 0.678089781767811
-0.00956316896597872 -0.0019745808458036 0.305394058996991 0.438282118390268
-0.022218258016471 -0.00695419200156644 0.351877553049845 0.0508571595155493
-0.0151052291755612 0.00109847942569688 0.140786902342283 -0.199556918820221
-0.0278507702018452 0.00241498727193362 -0.137007273061714 0.122027712905779
-0.0278108780107981 -0.00160086293787699 -0.249690400327529 -0.0904459408199049
-0.0214860636454952 -0.0261508857593531 -0.178131389869675 -0.417309952258105
0.0147876394819444 -0.0382259729354801 0.363473592329548 -0.552008721414209
0.0237491462722378 -0.00225634636635696 0.808024882545671 0.0640290435221598
0.0133263425727667 0.0370368901243747 0.382221633727341 0.711182934796582
-0.0298598276614516 0.0395747479751614 -0.177732160186021 0.540926204083493
-0.042578208666708 0.0219658273709779 0.0308754709374601 0.0471583379741955
-0.0215204882491871 0.0275359899690191 0.17289949712032 -0.475490247582451
0.00666726840744404 0.0497230270228086 -0.505370866842352 -0.712145056513979
0.0250104521185086 0.00976182435101236 -0.912571491510848 0.0525978532236614
0.0129604707991705 -0.00639300637545739 -0.241840312905208 0.684560259199257
-0.00870979191865455 -0.00489676339134959 0.315222298746525 0.43880349276228
-0.0194650685642998 -0.0053549407322331 0.356990857524623 0.0514715546316821
-0.0135204316359116 0.00475466395138374 0.144020283611923 -0.199651555322108
-0.0252355868736218 0.00544724003233357 -0.132575922383515 0.121648956419555
-0.0216623965915431 0.000962656181388716 -0.246626594931673 -0.0882044367369303
-0.0197583948730727 -0.0249340700976311 -0.174593810215969 -0.414108854896631
0.00972994412113384 -0.0352436247945742 0.361134978072424 -0.548539273391026
0.0233416143083138 0.00260855091179606 0.809823791255116 0.0686791053691837
0.0191504960483824 0.0410355904177645 0.385913456876022 0.720079987930397
-0.0237529327946541 0.0437684730058025 -0.181017981522646 0.549710014810886
-0.0397541252485474 0.02668434046326 0.0208577151532687 0.0565654027930652
-0.0145748571526142 0.0316542182374123 0.170825246382038 -0.461391810213675
0.0144128091344601 0.0523662197770678 -0.499578443599901 -0.705053450021874
0.0256453219524962 0.0148768152712194 -0.911455185347336 0.0559096931395937
0.00848286405446598 -0.00199892016538385 -0.242358260816766 0.690048170172074
-0.00683603096318616 -0.00492364028250207 0.318350908185739 0.442321751787344
-0.0124053650046033 -0.00311187806512497 0.362154287877829 0.0544695405710355
-0.00975851002956027 0.00651490469159887 0.148101362455424 -0.198236379604069
-0.000571714141948845 -0.00440234026016212 -0.141011186802708 0.138776713490857
0.00178540670025553 0.0100483152136234 -0.274561597658337 -0.0591103362549044
-0.00689688349370963 0.0175940364626056 -0.285445446549871 -0.396789177154779
-0.00122743931688307 -0.00387304641358947 0.198265163322737 -0.61178505983815
-0.0276572499596624 -0.0172462467877547 0.779484324106814 -0.105302844652352
-0.0195054196155549 -0.0246759797837479 0.532232372486408 0.607983136991411
-0.0103188231838272 -0.0209335683282887 -0.0666129378628206 0.548671840661704
-0.00454623442902602 -0.0313618413311542 0.057349914302974 0.061883822488982
-0.00347184796883896 -0.040516599432652 0.262585954270061 -0.450762223520949
-0.0321200070675358 -0.0125709952376994 -0.353546576683986 -0.806582900182021
-0.0273513311828014 0.0013590514341352 -0.935739101032242 -0.125340280097147
0.00232301675442053 0.0337751680629348 -0.413694889033394 0.629599280804965
0.0087244829805081 0.0381168851322438 0.220457258285536 0.471726448583026
0.0131108046891226 0.005486923562843 0.345775269166133 0.0817421911630799
0.0161413420528041 -0.00455941922148026 0.147972565247173 -0.192045591755734
-0.00795240781959396 -0.00540229953414425 -0.142709297657587 0.137854966229556
-0.0090378808453194 0.00783399604599135 -0.2741836871936 -0.0666054484757728
-0.0124718160938761 0.0116834961973503 -0.270918967292362 -0.406346656208003
0.0032555962305585 -0.0126829924568636 0.22616950363905 -0.608418182052628
-0.0205855669160994 -0.0203949769733537 0.79052990976407 -0.0814596120907149
-0.0191940337746151 -0.0198527549719939 0.510359741323997 0.622573196031815
-0.0175768693063517 -0.0152051387605571 -0.0808720415493496 0.53983092881193
-0.0137233721611481 -0.026146389646693 0.0612203530918496 0.0507238164037152
-0.012541620347533 -0.0338105651153413 0.2538822333104 -0.46513384121921
-0.0325188680339806 -0.004493540016887 -0.382383587098315 -0.802580875348213
-0.0175566031462956 0.000474050345918162 -0.935662560784731 -0.0980040045129194
0.00961195148355913 0.0247035938598107 -0.384066020711616 0.638632133332736
0.00573365056966622 0.0297891833086665 0.234914120138896 0.462867855022012
0.00278356368716143 0.00130226732788505 0.343639576973554 0.0735249704082976
0.0082967177537582 -0.00488954900464644 0.143465952647846 -0.194965650351289
-0.0157009840636378 -0.0046887351991152 -0.144642520213984 0.134859320763872
-0.0181177671550718 0.00489160871096527 -0.272273149298326 -0.0737660812481552
-0.0171794125574435 0.00223839042147242 -0.255271691529265 -0.413141992155952
0.00697377486076906 -0.0225755056410443 0.258606860041763 -0.601675231191293
-0.011227209178844 -0.0211545418042268 0.794979177472588 -0.0558117085406085
-0.0153030671849966 -0.00944634250610294 0.481515154296246 0.637784719479319
-0.0234952695071279 -0.00558811361020558 -0.100488761992592 0.533323481682233
-0.0231595563443719 -0.0178843967235946 0.0611351862119914 0.0428643045609655
-0.0190098562209743 -0.0228239342863036 0.23556041393597 -0.477033945002465
-0.0277043217084978 0.00688095289401409 -0.418814262652352 -0.788827835028738
-0.00568205465860564 1.22227370039606E-05 -0.933989217585474 -0.0618984992138867
0.0161613168381189 0.0144048887514569 -0.346971433215955 0.649981530287936
0.00113175882898219 0.0210392245611559 0.253891842691514 0.453041947096982
-0.00743713645046379 -0.00416574731825285 0.345100019159876 0.0650146480699115
-0.00038106788576299 -0.00528470663882182 0.140427714486884 -0.196777940517236
-0.0217002401796557 -0.00380351986883993 -0.145648606419797 0.132213276221662
-0.0259843941008299 0.00224065590318592 -0.268700593266574 -0.0804945895393698
-0.021476744817433 -0.00679515848388252 -0.234859821797231 -0.418469282553035
0.0115750150646762 -0.0314805555220664 0.293607271874052 -0.593320467922
-0.000200189891139121 -0.0185183790163183 0.802802817603136 -0.0218551263141232
-0.00865096863904634 0.00220271996853275 0.452097192408282 0.659947315714438
-0.0283018756061782 0.00603562346759154 -0.120665627778021 0.530879067668498
-0.0319818584481212 -0.00706830454177671 0.0565731093345625 0.0380065316664625
-0.0249394955490291 -0.00883366298306848 0.215798599075673 -0.487227522052416
-0.0207967719973493 0.0197045495820517 -0.455899256891058 -0.769373753138891
0.0052213387116996 0.000137806180589633 -0.927920743267114 -0.0226259446390172
0.0192988560286659 0.00546688573523573 -0.308423252477621 0.663053573535185
-0.00324061186301186 0.0113657091673123 0.274601331765893 0.445617500255651
-0.0148960002897593 -0.00631894140909797 0.346819300865394 0.0570963370401495
-0.00738632540237048 -0.00359953643604268 0.138251942691765 -0.198870782938187
-0.0268796022267344 -0.00187214934231473 -0.144133039935318 0.128683405467048
-0.030705574721913 -0.000725304538501525 -0.263512024395969 -0.0860872073470735
-0.0236608201637895 -0.0156207491253331 -0.214178740552286 -0.42267074223954
0.0151752885128302 -0.0367787621273211 0.323622116132412 -0.581279350511216
0.0106056846663031 -0.0141841706781191 0.806469240935366 0.0125099443570994
-0.00111878653733002 0.0153414792483629 0.423944278480656 0.680160156278041
-0.0312907010645 0.0194800706632027 -0.142614927926419 0.531113127869511
-0.0390480749304616 0.0045828274412041 0.0498362257227157 0.0366893034361017
-0.0272118637476513 0.00552042662427545 0.197010123770858 -0.489021874595915
-0.0111337866944971 0.031971214864415 -0.485364445433222 -0.747318121543151
0.0153592981999518 0.00261029104095093 -0.921775015265778 0.0169605773836199
0.0194716924388261 -0.00275100198425217 -0.27401810849195 0.675392049832636
-0.00661807055557731 0.00341050412012114 0.295212079074752 0.439803980378669
-0.0210911851220286 -0.0074454109332713 0.350217333048591 0.0515446557423251
-0.0131362942203891 -0.00160012424443039 0.13827932214987 -0.199864951793636
-0.0297435007058031 0.000401746743179758 -0.141346708839615 0.126295385768394
-0.0308719607754224 -0.000932659883440658 -0.258645935105768 -0.0896904878152494
-0.0230233143528478 -0.0226069091704784 -0.19468518831776 -0.422658615754334
0.0160453559438589 -0.0394452346099951 0.349968723420804 -0.567319408120452
0.0188051123595754 -0.00785608351605227 0.809762175901013 0.0423379985570093
0.00637328413509343 0.0272165139790715 0.401246195252349 0.699640524000454
-0.0308988546889928 0.0305410431865074 -0.16148224378414 0.536515516440931
-0.0421137613794558 0.0143478419704925 0.0422297178570262 0.0384897917687415
-0.0257855469886033 0.0176214997404753 0.177032899560063 -0.488893066307372
-0.00121171665459235 0.0429969291964785 -0.510475281738572 -0.724596739382009
0.0218712164369518 0.00548687472727568 -0.915931921268089 0.0504435700159232
0.0163790927151515 -0.00667260903481511 -0.242996891152715 0.684253810148077
-0.00945727820385398 -0.00288649524837585 0.311946080145505 0.435843682891579
-0.0223931015057613 -0.00626354495535879 0.354759188832223 0.0467787560122983
-0.0151367888295148 0.000917344354513428 0.139767628206562 -0.202076361876307
-0.0286378747540617 0.00322456545580558 -0.136796686828868 0.124489553743535
-0.0283025904967967 -0.000958660579291632 -0.253724967180668 -0.0880004780012326
-0.0217876474329012 -0.0254863097082566 -0.18521521828176 -0.418827357866301
0.0145038370955602 -0.038504750470292 0.360243523051936 -0.560083930266865
0.023382035334549 -0.00206347465198203 0.813251054887353 0.0524431028222981
0.0140930989519594 0.0371000183152769 0.395558922768654 0.710271943578671
-0.0287190919438432 0.0393525929567611 -0.172344463891716 0.544400141669342
-0.0430598028883766 0.0224591369030359 0.0307374221901438 0.0465697722882624
-0.0208118809994788 0.0275826209734693 0.168061289115368 -0.47892307613244
0.00851990061571309 0.0501508042132399 -0.515933060198911 -0.71153007587665
0.0259423580946704 0.00975613607951653 -0.915613504813207 0.0633643681997117
0.0125986996415829 -0.0063723569874581 -0.234545317390956 0.689909470230464
-0.00937789842641399 -0.00501068316950042 0.321252948733949 0.437294045613487
-0.0196841205441605 -0.00517872761566279 0.359549972931245 0.047362746808394
-0.0139686260233089 0.00466812803263955 0.143217573494982 -0.202432597566647
-0.0255512469667628 0.00546218141878927 -0.132864148687439 0.123977813407318
-0.0224891846881243 0.00111272817893668 -0.249237874976702 -0.0859560318156966
-0.0206912166793683 -0.0248463416518271 -0.181153717014551 -0.41370931382202
0.00982347862341373 -0.0354584575769107 0.359479122366617 -0.556288327950214
0.023293759953708 0.00252707634328036 0.816505794925717 0.0582971584397119
0.0207189212382809 0.0403405541807318 0.39700619970435 0.71880356693633
-0.0232634653952471 0.0446244204652608 -0.176128964033098 0.554017283082877
-0.0396537406768917 0.0274468079074527 0.021794307540104 0.0559570635081452
-0.0154320620200444 0.0313153243756525 0.166119719524414 -0.466086815384568
0.0157122795547926 0.0527723924147139 -0.511823713825464 -0.700510096103291
0.0252947799211306 0.0150576971098908 -0.91524874049213 0.0664661523104466
0.00869709180414245 -0.00219730412088378 -0.235464148858985 0.697031656352455
-0.006261038401608 -0.00465150788897958 0.325875212243081 0.442809727466404
-0.0128524421475585 -0.00332735818075127 0.364757740493998 0.0502384489096929
-0.00955128570886896 0.00626444613859343 0.14820148609825 -0.202799238662359
-0.00116933144337998 -0.00355437709359337 -0.140558895670093 0.141635769803279
0.00108542426635186 0.00981033409371734 -0.277161347650376 -0.0555553772854149
-0.00611267970062722 0.0178589957401385 -0.292227642745809 -0.394074321042417
-0.000957166229164947 -0.00377881026530687 0.191675741234065 -0.616701538124558
-0.0282640512074129 -0.0173072445177139 0.781472188873154 -0.116600686798445
-0.0198723811102095 -0.0248591453097129 0.543704243144166 0.603319518750099
-0.0111439963832124 -0.021359682847673 -0.059003929464865 0.551573828504568
-0.00479436234346218 -0.0318435886147128 0.0579894570789479 0.0608683327844726
-0.00434096869449645 -0.0414120781971525 0.258748209110853 -0.454606743916912
-0.0314771550527798 -0.0121129966988118 -0.364496210578681 -0.803186605144512
-0.0272909561393676 0.00217490935630991 -0.93916369647483 -0.114994368711924
0.00337532903281672 0.0342614350382779 -0.40645300900777 0.637080695393892
0.00909134430256414 0.0379645646402067 0.229073124041964 0.468785581259536
0.0130186718738147 0.00519860245331772 0.347414237967143 0.0770299758677097
0.0162362586089214 -0.00438010311184379 0.146754169636293 -0.194560665139854
-0.00832642126339773 -0.00416014720874267 -0.142726469617696 0.1400273121744
-0.00958085551915713 0.00791830745414625 -0.27531816565386 -0.0631005903748427
-0.0116182770384423 0.011871043276481 -0.280023130464649 -0.404190191690798
0.00333022541361917 -0.01244034487408 0.217249915682226 -0.615600685883234
-0.0206038137446425 -0.0204265842309026 0.789502727751341 -0.0930444807104086
-0.0193780289973275 -0.0191708113342388 0.520328157043011 0.616919105132475
-0.0181084947534871 -0.014963322824468 -0.0750905249866916 0.54312031478476
-0.0138177125236844 -0.0263147534502315 0.0616306781237159 0.0507191363613284
-0.0123186373106771 -0.0336340197758928 0.248719962496061 -0.470580716105877
-0.0313365781946934 -0.00429364330474916 -0.393083036825019 -0.79862200573221
-0.0168087251623256 0.000877884584800421 -0.938968435542845 -0.0856206127494957
0.0109396484643204 0.0255673317412609 -0.37770855505492 0.645208076488601
0.00565826654789647 0.0305050650028037 0.242519139648881 0.461260419099563
0.00225346691672315 -4.20060150952122E-05 0.345857787493287 0.0693847376356949
0.00816493378420487 -0.00550672656969719 0.141939527675741 -0.197579038221859
-0.0157054192208404 -0.00491300144353903 -0.145182255248183 0.137963805685668
-0.0182437059183906 0.00525154674105306 -0.275297195331956 -0.0704646043406755
-0.0167885102977327 0.00291209400722195 -0.263813106546694 -0.411043098033552
0.00740344755724765 -0.0224895073243701 0.250488466788965 -0.609269389167857
-0.012096791399931 -0.0207270326311155 0.796663134260877 -0.065895157136421
-0.0149767981142661 -0.00970047693526112 0.490695657149347 0.633634821787503
-0.023959782325519 -0.00562994292191769 -0.0935355564541303 0.536388348927835
-0.0240616514727415 -0.0180547712426991 0.0611578978279528 0.0419081378846422
-0.0202859470683465 -0.0227823583848226 0.230273554642121 -0.483133192613302
-0.0279798872776068 0.00770327587820582 -0.429821086374016 -0.784801813847034
-0.00573729793052865 2.46986993668267E-05 -0.936208169717608 -0.0500251170613416
0.016733168823707 0.0142174805827857 -0.339726633159183 0.657344846283143
0.00147022305216494 0.0209683177472549 0.260506862456936 0.453092130198766
-0.00719543684984896 -0.00361565198905627 0.347470259719021 0.060253459149398
-0.00103179961236057 -0.00516030032974698 0.138662880476898 -0.199356364042037
-0.0224229879213237 -0.00262692166875713 -0.145390596144265 0.133768274266822
-0.0264096699185665 0.00233246188276261 -0.272173869719819 -0.077552990720163
-0.021518079711561 -0.0061014840715522 -0.241617350842689 -0.417140610401011
0.0113690722303391 -0.0313475746703968 0.286438969402834 -0.599803654520704
-0.000680091112002625 -0.0186308789096292 0.80547932289126 -0.0323939021581407
-0.00908646496222534 0.00246620033873602 0.461115499228002 0.656217555720409
-0.0285463461203927 0.006373404415604 -0.116515903095743 0.534156513685216
-0.0325735988578628 -0.00679407469065024 0.0575021522464579 0.0370051637742468
-0.0248542763000672 -0.009052362637069 0.213140118170173 -0.489901966330131
-0.0204577195047838 0.0196425513987887 -0.465498688508315 -0.766594860609676
0.00515730423657801 0.000784041865383818 -0.932440695980271 -0.00856021721278833
0.0191740479645338 0.00481817931200693 -0.302076498409405 0.668511317313423
-0.00289777390082734 0.0117943078023659 0.281334408102845 0.443732914346984
-0.0156541560348075 -0.00608608158694774 0.349782976231455 0.0519163525008652
-0.00752158028752717 -0.0038091222639048 0.136789726474339 -0.201227023781668
-0.0271291989839937 -0.000749989414625008 -0.143909768940941 0.13049257182848
-0.0311869573228211 5.01436963780053E-06 -0.266431233246706 -0.0832444272371902
-0.0230108802147441 -0.0155604279068563 -0.221127856842937 -0.42012032890693
0.0139332599545455 -0.0370721081827119 0.317314388469586 -0.588683114045603
0.0102036287971769 -0.0144487698589708 0.810661412083981 -0.000113176547796198
-0.00134740918605831 0.0158534985743955 0.435387045418494 0.676315510974105
-0.0308468574233766 0.0195372934830918 -0.135742790814246 0.53467746528054
-0.0394894801267639 0.00465483336316898 0.0505536749813294 0.0362150118382451
-0.0268309838954884 0.00581509196864965 0.192543276938252 -0.492512620515911
-0.0105888560717689 0.0332514891133931 -0.497030996003061 -0.741974311729725
0.0153410447272894 0.0026011634591515 -0.926513646359843 0.030853970688304
0.0191863769037759 -0.00304886320189574 -0.266208091068628 0.68118893826592
-0.00633229298580485 0.00343382608741204 0.3025391523075 0.436675186624562
-0.0208551222612798 -0.00701670445331234 0.352804841294818 0.0459433438176202
-0.0132045318958353 -0.00152975342040658 0.136823514871297 -0.203176892398456
-0.0292759737909485 0.000726839210850882 -0.141401561925757 0.128128709551295
-0.0319317915932288 -0.00123617370574296 -0.260791911176959 -0.0864699025372297
-0.0240942142578245 -0.0218211997043396 -0.202531047311428 -0.421797989522632
0.0157692347236936 -0.0392495661750464 0.343635102747173 -0.575667825964532
0.0186943260611284 -0.00776503290522132 0.815700955644526 0.0292585458452996
0.00711434489518964 0.0275993337297556 0.410752533399777 0.697425336724534
-0.0318863471284306 0.0303399067952696 -0.155507157282424 0.538515019179967
-0.0425090867747793 0.0147411976925231 0.0414098834332886 0.0377900858193187
-0.0253970759470153 0.017439117032803 0.172050856380731 -0.490779610569502
-0.000504546859201356 0.0428780742438355 -0.521492782287601 -0.718703631846003
0.021447636334259 0.00553019448920944 -0.921226265622625 0.0636168019196238
0.0163574016356658 -0.0065773787405118 -0.235407937065441 0.691141523819433
-0.00918956703500537 -0.00287326075903044 0.319341359536887 0.433349609043437
-0.0221636238110343 -0.00616001255705702 0.356211631991198 0.0417316754542757
-0.0155520834776566 0.00127544102834716 0.138410925359562 -0.204462448106373
-0.0292021398805934 0.00369896615221547 -0.137172643854028 0.127294224593496
-0.0291990918251615 -0.000386621286319164 -0.25605587171283 -0.0858796624924142
-0.0220528637279136 -0.0249338601181072 -0.191992250744638 -0.418333583776174
0.0139809542019241 -0.0389810860711135 0.352381078845948 -0.567497423454672
0.0236289224922908 -0.00268738477207461 0.820054096246932 0.0434674650554739
0.015337998558172 0.0365464028315663 0.404619162660541 0.708291233211513
-0.028485181839705 0.0394301101635561 -0.16601659028729 0.547842483918402
-0.042613343810228 0.0235714922356297 0.0313112696147756 0.0460361305797025
-0.0210633615777074 0.0275319910337809 0.164584747206201 -0.481234376458976
0.00993471559767957 0.0508953460168059 -0.524981225376382 -0.706021534052729
0.0258013404529327 0.00977041281754041 -0.917734365792272 0.0782019945827622
0.0126425169729438 -0.00668396602822341 -0.227258437582836 0.696864008318275
-0.00870811725478777 -0.00583741629234718 0.32815826671721 0.434498451369444
-0.0198649469956259 -0.00515597708418849 0.362634491731592 0.0423086188691816
-0.0142597594059873 0.0041640170094272 0.141347348566055 -0.204881935082846
-0.0257927780063827 0.00613186463859728 -0.133058785155499 0.12692882232571
-0.0222416477998305 0.00148220260686133 -0.252024188464348 -0.082883748455583
-0.0203194300236692 -0.0243849877862289 -0.187967341375038 -0.413732651314271
0.00878881196859567 -0.0355758228613385 0.350618364549303 -0.564808850308145
0.0233682952065555 0.00204586437431942 0.820981811186491 0.0471885541403333
0.0217233316788491 0.0406047475103763 0.40822096633468 0.717122701476268
-0.0235977885593005 0.0440344931787985 -0.169074397243776 0.557173361364692
-0.039556195314102 0.0275682184092823 0.0236384707656647 0.0562125895494053
-0.0146712268051863 0.0315803019798459 0.161837633730021 -0.469588105229122
0.0161611351757706 0.052693164689174 -0.521997386858342 -0.695701787963972
0.0260209154705148 0.0150174616589522 -0.919037606217105 0.0798294747902317
0.00946088206509456 -0.00165060648231076 -0.22699008837826 0.700713995404236
-0.0065402246417074 -0.00544656713067847 0.332905098019398 0.438128807918171
-0.012128911335868 -0.00253532384065867 0.36748823497903 0.0451393298511403
-0.01005058582952 0.00615014888340773 0.147019651817891 -0.20481726490812
-0.00210455171738417 -0.0041187063011384 -0.139961188312202 0.14314406594893
0.000612421648614405 0.00963096643629219 -0.277396019077733 -0.0519848779276479
-0.00569150822218148 0.0182996890565637 -0.297342003345309 -0.390291514505408
-0.00130185168476827 -0.00389483583549188 0.182870367978855 -0.619944341273463
-0.028421035582568 -0.0162295070280612 0.78291040990242 -0.127563641143048
-0.0202676069704089 -0.0246063412467672 0.551618648387497 0.59647570095853
-0.0111714716873831 -0.0211688904691983 -0.0531567329973901 0.551344183229946
-0.00513765820610526 -0.0310125234159814 0.0588483020661125 0.0602373755759741
-0.00495004802330818 -0.0417872982693871 0.253113453551016 -0.45845710812347
-0.0314031559173921 -0.011667473026306 -0.375067539938654 -0.798079429471647
-0.0276248775178896 0.0022284225618441 -0.942135904634155 -0.0988485362703169
0.00393351659551801 0.0344340185047374 -0.397313097171909 0.644872331311595
0.0102853184275116 0.0378338430470497 0.235923911130549 0.466082428336988
0.01348013340839 0.00505776895470366 0.349822605905036 0.0714302194197394
0.0158313373751791 -0.00451429444225853 0.145536450386415 -0.198260959540588
-0.00910965301464655 -0.00461409802100545 -0.142046235684831 0.142154880360173
-0.00904256677548593 0.00836002092090904 -0.278984279677967 -0.0592926197686853
-0.0115164219562466 0.0116551991269742 -0.287391190764729 -0.399259471077775
0.00247241042488853 -0.0136548160124921 0.209069413959743 -0.618517296868499
-0.0215116335469675 -0.0195856737862275 0.791069850344164 -0.104757602589722
-0.0195097057287566 -0.0188256880804671 0.529716370282262 0.611631139730856
-0.0176468060876301 -0.0146863469059779 -0.069368494572058 0.546074835839685
-0.0139559185225346 -0.0259073911219662 0.0626344574370216 0.0496492434652619
-0.0126461094229955 -0.0346770901273733 0.242571010252233 -0.474241157803253
-0.0313108607748125 -0.0036258076121384 -0.403287935111759 -0.794035990971694
-0.0165338937454673 0.000695544682440867 -0.942990160123436 -0.0723191906842687
0.0114852229165537 0.0249667145102422 -0.368691401140972 0.653851519026135
0.00700908387561724 0.0297727415664067 0.24934140827642 0.458513362324304
0.00325612055124903 0.000368088683205599 0.348741378581363 0.0637259807303813
0.00853178667710981 -0.00600783350501752 0.140141367632435 -0.199086772594267
-0.0162332470312047 -0.00422538604453161 -0.144428606406271 0.140668201981535
-0.0191548091978 0.00552265334455269 -0.277145499137854 -0.0667998243619817
-0.0167811798039343 0.00367122295297756 -0.270463493348469 -0.407077443905236
0.00659777437965158 -0.0231146679260089 0.243008736740471 -0.612082104946943
-0.0122105698754516 -0.0199846021188609 0.798240915403562 -0.0782459900666754
-0.0157777820661862 -0.00965178023257353 0.498340239967528 0.627825878490353
-0.0237585406356081 -0.0056720832284947 -0.087897656307988 0.53899569123597
-0.0243398465692458 -0.0171592620315102 0.0621262218149013 0.0408546874046075
-0.020554388186803 -0.0231493194649661 0.225169385127786 -0.485615663525278
-0.0267180348064719 0.00702926916466861 -0.440221562026544 -0.779435796033371
-0.00576552253216632 0.000888982487205444 -0.940429013115265 -0.0359259004382385
0.0173282433371985 0.0142782377615933 -0.331060161304862 0.661052867463918
0.00203342927469758 0.0212984361034413 0.267110208337093 0.448281941147496
-0.00754257714091955 -0.00375471528225226 0.348925693440072 0.0552680328925505
-0.00109404512312078 -0.00565885461672748 0.136892763942865 -0.202141771212114
-0.0225724221807029 -0.00199575525150096 -0.145278637861036 0.136761379235148
-0.0272406558951363 0.00284384407146307 -0.27441269481635 -0.0739843089272682
-0.0203444439412765 -0.00535655870127096 -0.251426177578033 -0.415022855819775
0.0105598921082424 -0.031385819508713 0.276875070379911 -0.603813864941465
-0.00119910714952737 -0.01856324395726 0.80652792445387 -0.0463513945365982
-0.00865838445290466 0.00257851908552651 0.470975301879743 0.6515459691886
-0.0284656322970586 0.0068613110399871 -0.109030204023075 0.535957627853035
-0.0325366546389463 -0.00601194650238454 0.0575523929328347 0.0364083940462605
-0.025392561929358 -0.00889309241713472 0.206730804088231 -0.495030045486909
-0.0194319952138882 0.020104149158069 -0.476293020979307 -0.759837803959313
0.00562410247935361 0.00123763990907709 -0.933328786430582 0.00550662553406175
0.0199231144432531 0.00467553320278282 -0.293445516628991 0.67377777524289
-0.0024094528478451 0.0119313552850396 0.289498335047667 0.4396088480623
-0.0158849507616042 -0.00604949703746788 0.350438704743338 0.0472465977761554
-0.00783204089007568 -0.00356124040315626 0.134977110345973 -0.203670843833161
-0.0278897913563206 -0.000713218310188714 -0.144383544068231 0.133132906997654
-0.0314624238301456 0.000428207099708823 -0.269032931815212 -0.0804722996561567
-0.0231510125490096 -0.0143103872329799 -0.228027233053459 -0.418203098910064
0.0135182933920712 -0.0371792339538529 0.309439310774067 -0.593572753545761
0.0102426322697624 -0.014105334396843 0.813149870701029 -0.0116100725148597
-0.000691313676785715 0.01542965166164 0.443130132738988 0.67179885563438
-0.0314212146111736 0.0195628878265653 -0.130265635630829 0.536949414585545
-0.0393434955206403 0.00550152012537077 0.0503017914763151 0.035340399011463
-0.0269475911275302 0.0057759716839922 0.186149685408782 -0.497141181954848
-0.00970553250565416 0.032911686803127 -0.5068916534306 -0.734814718031853
0.0152375823729102 0.00280952028143424 -0.92481448615228 0.044197180702411
0.019242138619417 -0.00333081479008206 -0.255129273433578 0.686309578327693
-0.00645896214792115 0.00241909079801698 0.308916615029251 0.434995626865236
-0.0209861950724369 -0.0063012045239329 0.354063376353007 0.0411126703981005
-0.0134948807626152 -0.00116948098359036 0.134655775830567 -0.205205417343898
-0.0294399874143097 0.00221179407201228 -0.141520010474007 0.130563859978344
-0.0318302264408089 -0.0007076291251301 -0.263692398470067 -0.0824854838643021
-0.0233613695204766 -0.0213746630065071 -0.20899701787035 -0.419381175565904
0.015049368756141 -0.0401098911282618 0.334246239693048 -0.580894978930101
0.0186493588335155 -0.00833701064524174 0.818075675575546 0.0169263454040309
0.00762296148617204 0.0273129724517479 0.421944668811041 0.694026193144856
-0.030694623655238 0.0308471280762324 -0.149491690691591 0.542079147676061
-0.042357367783713 0.0157220730803454 0.041428485043868 0.0380510079340287
-0.0256034552156695 0.0180911580727116 0.165413771753744 -0.494238326764388
0.000942562456679755 0.0428911023197622 -0.531248539040713 -0.712188817571842
0.0220374287639815 0.00558527685715109 -0.919967531289765 0.0776797570441837
0.0164998411808087 -0.00737184878956454 -0.226291662367438 0.694502079572973
-0.00933886681850322 -0.00235916971506221 0.327282113688239 0.427139773810238
-0.0225240187538111 -0.00639029667304212 0.358330181433447 0.0364887694313055
-0.0148506067049474 0.0017265714623843 0.136171965264449 -0.206230705874588
-0.0294190821056007 0.00470365331323884 -0.136813963560209 0.129377041018504
-0.0288724153808073 -0.00010797661698965 -0.257680753638256 -0.0820591063009025
-0.0223075015664698 -0.0243271458224068 -0.200832276292851 -0.41508457833315
0.0132730677250356 -0.039281609077348 0.345586219542244 -0.573222977359178
0.0239130884155176 -0.00250763631631903 0.820052378574462 0.0306671685144661
0.0160664126552334 0.0361459764293447 0.41486079447788 0.703890617591827
-0.0275632885591641 0.0399444320854687 -0.159762874928441 0.54992471935576
-0.04309067619727 0.0244421609239103 0.0320366375254584 0.0455302805405953
-0.0209192380764278 0.0275715732253903 0.157782286106616 -0.484473762180793
0.0109139058967985 0.0497244106145742 -0.53565591355123 -0.698150060676506
0.0267006534080069 0.00982698963640056 -0.918586453485649 0.091039823221718
0.0127292701556017 -0.00624762681116232 -0.216796991289422 0.702281924430153
-0.00919154929630399 -0.00549424994740425 0.335873415242342 0.430951110021649
-0.0202095670368571 -0.00484471173101486 0.363813467723426 0.0360661871760911
-0.0135930321331647 0.00428740098306866 0.140053766534098 -0.206924976339395
-0.0258266278646843 0.00720322271700742 -0.133200993248416 0.128068774774816
-0.0230210948643969 0.0020704904289991 -0.254448754144511 -0.0809254420740946
-0.0203276346791001 -0.02383294265671 -0.195767698208671 -0.411615145628223
0.0073777857878134 -0.0355815155448882 0.342540704381121 -0.568981969295957
0.022979131833304 0.00136174579362793 0.822422066128554 0.0363377731882109
0.0223999324806878 0.0404114029078122 0.417522558905625 0.711231160777864
-0.0228402600765754 0.0451046070102184 -0.163131438459355 0.56059704803658
-0.0387645295162857 0.028255345471605 0.0226394529739764 0.0561531552381839
-0.0140805244034492 0.0312797767333998 0.154664906511561 -0.4721680566562
0.0178088371835581 0.0529397737968565 -0.532008147558453 -0.689383293048128
0.0263920478511682 0.0144225127266907 -0.916864754229827 0.0919826151965744
0.00888886506563966 -0.00136469101936074 -0.215945497312454 0.706150455462317
-0.00658509035796374 -0.00549276896131694 0.34057470964739 0.433099296962229
-0.013081244291372 -0.0031700407375863 0.368791029149078 0.0394593607142213
-0.00944407194661996 0.00588037778504203 0.144613364389534 -0.207031757202508
-0.00146339662889725 -0.00365510429846612 -0.139038600335497 0.145090428820918
0.000598787536214607 0.00996280569638986 -0.279891124919529 -0.0478008829567833
-0.00552599056906675 0.0187976293206118 -0.305477165513629 -0.385606865505013
-0.00123109921302414 -0.0039824170612135 0.172690181827802 -0.622277555376324
-0.0289746766312429 -0.0155541775437541 0.782080200368506 -0.138875197106422
-0.0201062818363389 -0.0247230552583291 0.561011378789877 0.587889812452631
-0.0115105276862017 -0.0213156752509049 -0.0448698267129891 0.552014991486149
-0.00593531004773182 -0.0313149613406753 0.0591681870663131 0.058800831152824
-0.00597104576056995 -0.0421770323211258 0.247048564203924 -0.460764369137232
-0.0319782939112351 -0.0105576308782181 -0.385449717578418 -0.792502289423889
-0.0264659450488534 0.00340143969587794 -0.941848076147968 -0.0860269920973175
0.00399621088109817 0.0340782475378684 -0.387514563155686 0.647252720283204
0.0112757606511407 0.0370048415828588 0.241853443042072 0.462703231205669
0.0124625334438165 0.00475710884296994 0.350950092186624 0.0668293921686199
0.0159495788996409 -0.0051027347140405 0.142373837250997 -0.199441638407913
-0.00869075764672139 -0.00409596426363577 -0.14169439646012 0.144377693023042
-0.00936142440143652 0.00846840805271733 -0.280738922019273 -0.0549324532256784
-0.0110712409773215 0.0120570094288213 -0.294310462447256 -0.395854652237248
0.00212083983697965 -0.0129587618799851 0.198216541481953 -0.621751115706358
-0.0217168295419612 -0.0192168065286662 0.788955052529287 -0.116462524117748
-0.0192804216786466 -0.0187308090038718 0.536987746533127 0.601585929954426
-0.018591345396826 -0.0148420797448884 -0.061941433101858 0.545417140573872
-0.0150041965308516 -0.0263490897494814 0.0618215629216685 0.0489771535219096
-0.0132465105031534 -0.0343880382246116 0.237279270662514 -0.476055445908958
-0.0310476560351097 -0.0036572146893628 -0.414597670249482 -0.785690885151143
-0.0165461726908744 0.0015348758576949 -0.944054936535907 -0.0579262746602183
0.0118065976196515 0.0249122677042982 -0.35918936402161 0.657532190727088
0.0074430876986037 0.0291667023163289 0.255320332261585 0.452888845835954
0.00233905118653042 0.000180851877345529 0.348936390170131 0.0574675985111308
0.00763302346767246 -0.00613007806545359 0.137752833778976 -0.202256699718026
-0.0161341925470426 -0.00324259442564053 -0.143819227882273 0.141898637953574
-0.0197542582173965 0.00595214847619048 -0.279468842819144 -0.062464386960006
-0.0164470063250388 0.00391604064094103 -0.277474076521085 -0.403080456729959
0.00615356331541214 -0.0233459626245815 0.23260756245911 -0.615813228829659
-0.0122931148564057 -0.0201216662451042 0.796643641518736 -0.0904307909975645
-0.0149869579119565 -0.00917846105568747 0.508747591685033 0.619715712470944
-0.0239874906958046 -0.00559229365896636 -0.080399604306475 0.538747045341079
-0.0239838497490438 -0.0166384560678976 0.0618689661887402 0.0399401121586696
-0.0204126917399638 -0.0231333183645143 0.218856018311004 -0.487859174372915
-0.0266908133783409 0.00794400387819005 -0.450392494242234 -0.770826911410651
-0.00553122595230551 0.00126221322847665 -0.94010186925064 -0.0227254758201908
0.0179090627161934 0.0143005709438621 -0.321443406520777 0.667596871615139
0.00280309037050254 0.0202734711880518 0.274160443693991 0.443919623204585
-0.00740400385068619 -0.00373635423178743 0.349996295969927 0.0495666706257914
-0.000441862294404499 -0.00582374744225118 0.134769877046798 -0.203901405814249
-0.0232786352012917 -0.00197366397895228 -0.143552091877043 0.139345122810721
-0.0269034862912537 0.00363412933361785 -0.276359664333833 -0.0704251769738482
-0.0208472137345288 -0.00524633053048825 -0.257105124980069 -0.410004187578574
0.0101007791990988 -0.0316026329323402 0.267618193801485 -0.607921636217818
-0.00128761827394051 -0.0183357722872714 0.805592245272823 -0.0572375764971118
-0.00827926607369806 0.00230772646258808 0.479550678035603 0.64290194938873
-0.028353734819787 0.00722099825520345 -0.102097587796322 0.536864675867053
-0.0327813401795238 -0.00609929123008069 0.0569941947301717 0.0348732799393338
-0.0258675549458494 -0.00933340391435194 0.199130796636607 -0.49707195971616
-0.0187384120787699 0.0208129223341881 -0.48396178889081 -0.752075481638008
0.00611665304061653 0.00101605720466425 -0.931133372787542 0.0188381975959212
0.0199552493069782 0.00478408566281887 -0.283996604829098 0.677991449604408
-0.00146631234084686 0.0109640938720331 0.294575253415338 0.43536268802607
-0.0159844457942137 -0.00582084549729654 0.351183982013819 0.0416495587955626
-0.00849568180351592 -0.00434067541030923 0.132140662360833 -0.204382362707811
-0.0274152859363818 -0.000234734612280214 -0.143257512967646 0.134889926678224
-0.0317793154141572 0.00053922890887621 -0.2706466501158 -0.0761393741517981
-0.022862560626622 -0.013474873051494 -0.235774146212677 -0.412754421617711
0.0132191814840891 -0.037707161038917 0.300008358007204 -0.598197773206586
0.00988157551018724 -0.0145537053676628 0.811732542699082 -0.0247645496846311
0.000150526960261022 0.0152422757258147 0.453554128650636 0.664690366107349
-0.0307132209590596 0.0196918854242984 -0.121544516058926 0.537345420414163
-0.039554278514255 0.00575688938508154 0.050990579765453 0.0348410551279197
-0.0272109914123368 0.00584819879933144 0.179834867789325 -0.497030768055603
-0.00851840019844238 0.0330435458065498 -0.517057702647564 -0.728663570854167
0.0157279215991751 0.00246169638168039 -0.925277119190046 0.0592994192397918
0.0194716383164582 -0.00337926058328253 -0.24630952866373 0.689010418531713
-0.00588298384398564 0.0033011135612927 0.314843342132053 0.42858865216067
-0.0217562400109257 -0.00604600894608038 0.355140026144008 0.0354008282304515
-0.0133566505354185 -0.0019389226270671 0.131919497896916 -0.206957627183515
-0.0293806360797966 0.00250852830860096 -0.140313670426708 0.132687428448408
-0.0327831027139393 0.00040413546726632 -0.265550030190011 -0.0788030038588473
-0.0239564890116247 -0.0201856624869422 -0.217270252236941 -0.414889358060519
0.0143918623297596 -0.0399893486937624 0.327099718740424 -0.58666999221846
0.0180928749461328 -0.00854893246791698 0.81778089116013 0.00671612151718161
0.00835934016207591 0.0266731222365179 0.430561797731908 0.685688467106588
-0.0303174740957743 0.0312719690010198 -0.142027599510799 0.541825176636604
-0.0417211741461449 0.0162440752031384 0.0423832662978769 0.0370051744711275
-0.0249241661309694 0.0183354680640998 0.160623934271274 -0.495370372090309
0.00201100082480964 0.0428729410770909 -0.540174541347577 -0.702440330477117
0.0224915389018289 0.0048308553628399 -0.918793234291749 0.0900834411955802
0.0172152686194208 -0.00686040815046642 -0.216454444673918 0.696587339350689
-0.00825875362477441 -0.00296260932993917 0.331385595269176 0.423580885182269
-0.0227881542765319 -0.0058287837148948 0.358881476544564 0.0299044595678697
-0.0155060134872892 0.00124624011857652 0.133419456151313 -0.209029867311678
-0.029104347435241 0.0046560228322196 -0.136510323988997 0.132219159949416
-0.0297028916322262 0.000814707709445609 -0.260094732758318 -0.0776941518121105
-0.022306398815854 -0.0239290314669852 -0.207422148952753 -0.410934220293268
0.0126901369415236 -0.0387903900252827 0.336404085793341 -0.578915510989709
0.0232617907448392 -0.00339199474137862 0.81872461160723 0.017643062236476
0.0167377330038905 0.0356490171455991 0.424600929613127 0.696911637419763
-0.0272183354846211 0.0403367077413166 -0.151771750747108 0.553077457658054
-0.0424222539115675 0.0249153317489464 0.0314896288015627 0.0459738236334944
-0.0204565326679643 0.0275008924182418 0.152107694711062 -0.4870668746876
0.0113874319018564 0.0500815374642852 -0.54232482053679 -0.690502495530239
0.0262395406026023 0.009265060107951 -0.915679669560671 0.104951692154888
0.0128265951237239 -0.00677246346992447 -0.206067721059242 0.703605069435888
-0.00888083670925165 -0.00569617777812252 0.342423686834395 0.424078314636903
-0.0204758574574931 -0.00442505279217486 0.364449602964215 0.0310075276315805
-0.0142097892496518 0.00433963510532301 0.136965089980486 -0.209837505872644
-0.0260479701830565 0.0078600612867186 -0.132409654850999 0.131000596643064
-0.0235712650345643 0.00283980820168202 -0.257070187758744 -0.0761906928455861
-0.0201964690237253 -0.0232473852805657 -0.202445555381376 -0.40727163185203
0.00774191410164783 -0.0356458047526659 0.332998215496112 -0.573451872372462
0.0231214969452235 0.00134552972985615 0.82262799457684 0.0226333258303484
0.0230144408368878 0.0402911719715893 0.426709681654531 0.704481944180031
-0.0229215765150204 0.04477808151549 -0.154865480618815 0.561702357127267
-0.0388156311597906 0.0288295625423411 0.0234576621463998 0.0556782431434532
-0.0138559777794193 0.0316000831646338 0.148975936276579 -0.47379830109156
0.0194764764345249 0.0526810721463285 -0.538102918902067 -0.680402428254801
0.0269545134906269 0.0141148985458644 -0.915934857009895 0.106487080495609
0.00997372009787447 -0.0018523687267631 -0.205768847782377 0.707159982988212
-0.00565620566297499 -0.00521340935771036 0.345250055082834 0.42855063375092
-0.013239383041872 -0.00261462572789352 0.369285818580963 0.0335235561563402
-0.00982298332046641 0.00631594183517196 0.143110566026751 -0.209290688852486
-0.00189986483849038 -0.00331129720454146 -0.137617913085296 0.147267264460483
0.000540052351470692 0.00991045598571258 -0.279362992368329 -0.0440168164649294
-0.00444971258955832 0.0188134665304712 -0.310317981074054 -0.380130704860515
-0.0011560210997255 -0.00331503891314657 0.162689465889737 -0.623627834288614
-0.029303088593156 -0.0151566332132651 0.777245764167687 -0.150201814323495
-0.0208212974736849 -0.024580619888696 0.566344240876127 0.579042695351617
-0.0116150080671191 -0.0213051520608901 -0.0385238202147756 0.5492856208685
-0.00673482511686896 -0.0310838621968778 0.0594302021896933 0.057802944737478
-0.00554428631973618 -0.0412276291007706 0.241164064768304 -0.463160946756323
-0.0306277497740276 -0.0108012483260609 -0.393765710895294 -0.782244792463801
-0.0267301613542417 0.00314734585444249 -0.940143642422921 -0.0715832889605391
0.00519380371727234 0.0341772985809777 -0.375967718119184 0.651715398505594
0.0120880918486541 0.0372842346260134 0.248158846095711 0.456865004573656
0.0133621331520938 0.00424798891299139 0.350860512753657 0.0608670186731457
0.0152529971645929 -0.00541125248983537 0.13957519442683 -0.201149539784179
-0.00940482955483464 -0.00315190071686665 -0.139979265076247 0.146624593624053
-0.00947344517130757 0.0084549867567129 -0.280596911869974 -0.0506014893627414
-0.0103750740945384 0.0130480221043658 -0.300233919372456 -0.390124544091647
0.00231602504797531 -0.0127563755920774 0.190702219770475 -0.622595465399594
-0.0228253585569124 -0.0187178637406137 0.7863866460366 -0.127244855444437
-0.0195544612126293 -0.0185577310580549 0.543594864474601 0.594536069146302
-0.0188835264960406 -0.0150949082023808 -0.0541876643329198 0.542778040271791
-0.0151272047487626 -0.025327462363354 0.0623150084401888 0.0471688556737045
-0.0138594510930408 -0.0344671827721544 0.231532539853281 -0.477619311121262
-0.0299066049292897 -0.00279883224601126 -0.421531535590908 -0.777060613317494
-0.0169789488911816 0.00135106077609412 -0.940022355465835 -0.0432346927193891
0.0122795809721952 0.0240940321342677 -0.349820024964181 0.659986068380245
0.00864054587285978 0.0292475846499482 0.261399401961967 0.448745142506497
0.00326910546966103 -0.000234125765522682 0.348188695640066 0.0526912700514585
0.00730667536891593 -0.00633749847640898 0.134937083073488 -0.203007888712305
-0.0170058310448028 -0.00231187161802654 -0.142099504916761 0.14410738505284
-0.0196503618422924 0.00594018144460473 -0.279186384704147 -0.058722597507074
-0.0162413627139242 0.00492427821026021 -0.282833680212159 -0.396414089296153
0.0056921787563496 -0.0232174043121305 0.222233230919935 -0.618440406085326
-0.0130993779886861 -0.0198035583151576 0.793883492247234 -0.0998809160667888
-0.0156922870411875 -0.0092352086604076 0.516342865025158 0.612433411671366
-0.0241846015686498 -0.00462900414571495 -0.0727455451426356 0.538374257424976
-0.0251262703578739 -0.0170713214550226 0.0619458444301255 0.0390220023662005
-0.021355795729557 -0.0228780214231784 0.212290132832608 -0.488907319574996
-0.0255232219438443 0.00749022690998904 -0.458515139100056 -0.761933797129895
-0.005022843755178 0.00151363632151169 -0.934549451374852 -0.00924678409256175
0.0180024813835327 0.0137708242546298 -0.309499685492855 0.668155230600888
0.00341922081783561 0.020151560462289 0.278877245072312 0.438466733569081
-0.00754613805810507 -0.00323809330433719 0.34922092612027 0.0440159134370632
-0.000704999174104387 -0.00656121373244321 0.132269936530018 -0.205013606931951
-0.0234598581920642 -0.000994155658518075 -0.143008030079317 0.141542316048392
-0.0270159223350723 0.00363252326625218 -0.277109762977414 -0.06553641921553
-0.0204039763274703 -0.0043318426070518 -0.263034903226165 -0.403015817092615
0.00966666038848184 -0.0311364219695998 0.257689756138676 -0.609645920646299
-0.00206181472137679 -0.0183306976752893 0.802726092271062 -0.0697994845501991
-0.00841139211338009 0.00171741922503455 0.48634514294906 0.634781997172491
-0.0280939452614573 0.00682267432685916 -0.0942718494046251 0.535625453330805
-0.0328543760950802 -0.00524391059322091 0.057173899923034 0.0337991104874152
-0.0262355463140386 -0.00843828988681165 0.19302105358595 -0.496490071026424
-0.0181066433237063 0.0211575451043456 -0.49197391521447 -0.740958943767515
0.00643358434075062 0.00110910026810559 -0.927366783209987 0.0336876854146975
0.0204602162807704 0.0044197579378557 -0.271838899352267 0.679412167412088
-0.00158694667782915 0.0103907231391504 0.300560391314728 0.430114509497639
-0.0151513569035302 -0.00597556522031139 0.351135547885873 0.0357453146862274
-0.00855372648201749 -0.00447144065300443 0.130306924738609 -0.206507322035897
-0.0278585169652068 0.000942385898048575 -0.142516501846823 0.137511448505406
-0.0326204708115927 0.00116742181506452 -0.272308201979939 -0.0719517017344951
-0.0230267166297083 -0.0125555538641653 -0.241166094723679 -0.408336916794345
0.0126510971557641 -0.0376475552361145 0.289547662326939 -0.600026900103261
0.00925241445907506 -0.0143903442778924 0.810794152333729 -0.0367388708861968
0.000468463239666704 0.015666287209445 0.460564885106145 0.656093221123671
-0.0308751542831625 0.0201001813101608 -0.114568803209535 0.536590690527274
-0.0388512270653213 0.00579407336622597 0.0502768398850221 0.0331150159807536
-0.0272203982748416 0.00574634723731684 0.172204369786341 -0.499040565732914
-0.00824254189310282 0.0330747142229693 -0.524110257899982 -0.715719332707978
0.0157660252700739 0.00237753723151331 -0.920917825665845 0.0708330918583384
0.0195584351488699 -0.00369899218490326 -0.232416630146548 0.688412616433315
-0.00582015834322163 0.00293817896925452 0.319883069795826 0.421980446187326
-0.0216121943583345 -0.00686807733724907 0.354049544647294 0.0300646255834296
-0.0138265140863867 -0.00163076191819055 0.129870252798806 -0.208397518361098
-0.0305605305102726 0.00321226443716689 -0.139784430927272 0.134028817283562
-0.0323153417741092 0.000662532922740247 -0.266776198902654 -0.0750891711564932
-0.0230868420297552 -0.0195864673769367 -0.222684784103741 -0.411384966661491
0.0139770993384453 -0.0400592561473735 0.316144213751745 -0.588857119207931
0.0174674546530183 -0.00836206028989186 0.81592945965579 -0.00659984231548412
0.0089559383609093 0.0267885656416115 0.439160785875031 0.675649555536867
-0.0302589291587363 0.0308172949257366 -0.13322792386455 0.542516636248066
-0.0418968072245549 0.0166732103072768 0.0419855026040753 0.0364219226518624
-0.0252184708730558 0.0181651012514816 0.15337043423616 -0.495292975698645
0.00328812377114585 0.0429940836794263 -0.546323881170415 -0.692230671593807
0.0232230364145523 0.00441837941922203 -0.912697835462456 0.104743493487139
0.0171861210907238 -0.00711655852577365 -0.204544367147225 0.697516322403226
-0.00798304588816144 -0.00274460163980687 0.337284635399346 0.417065152010322
-0.023024477512813 -0.00624685551537046 0.358247774299772 0.0251379530712745
-0.0158354523019684 0.00145548419171773 0.131104752343814 -0.209818848791
-0.0292048822396947 0.00538770930198031 -0.135489614983291 0.133478704160047
-0.0299011826056844 0.00161961924747472 -0.260975834708918 -0.0742799999365951
-0.0222747762533606 -0.0228334878495881 -0.213006748503085 -0.407416700801713
0.0118382231393879 -0.0395264700767906 0.327205437231169 -0.580388196662884
0.0227966278469492 -0.0030354688810802 0.819268239349748 0.00570032438144385
0.0170930818580156 0.0356728069576599 0.431969628421255 0.687635705900396
-0.0272120708520606 0.0397393248982082 -0.144086956017596 0.550662794869222
-0.0421159049396848 0.0248917857433221 0.0316077802196043 0.0447993382659169
-0.0201140571310984 0.0275721845148235 0.144584798471104 -0.485454977009329
0.0130940419969363 0.0496424386804359 -0.551164711003669 -0.677110035103929
0.0265949134276942 0.00838458827580933 -0.910452850136711 0.117753759971655
0.0129930975044878 -0.00615577931199388 -0.195213567760811 0.703174916354401
-0.00882691598624717 -0.00574095138261433 0.348154797275275 0.417559724126256
-0.0200663871845239 -0.00506418091126045 0.364706538954237 0.025288502681432
-0.0143193343290902 0.00453979015789288 0.135893145829988 -0.210823378252113
-0.0255151065184198 0.007650946348641 -0.131665620474821 0.132648095894096
-0.0238980043655405 0.00284883073269561 -0.25696199986713 -0.0725121503723073
-0.0204760891224193 -0.0221837233805712 -0.209067509393357 -0.403362161783933
0.00680415747244888 -0.0358357624167803 0.324764125068346 -0.576861301718895
0.0228389270317186 0.000796095266617037 0.819917688179439 0.0109571681696655
0.0236636133411755 0.0394042318028601 0.435725601577786 0.695629829489984
-0.0217487622309107 0.0441668496754818 -0.146599737795955 0.561912350781398
-0.0378225193356556 0.0291085904590236 0.0233988927623768 0.0547618925093088
-0.013451702268325 0.0311527660491659 0.14318345245688 -0.473161354909854
0.0205582142312326 0.0515303386477546 -0.54586362324933 -0.669841957556865
0.0275042446677214 0.0138505332196846 -0.911239693495174 0.118912355564414
0.00948494237316716 -0.00206473804327244 -0.194856968954255 0.707010788081071
-0.00626003163048679 -0.00545919386820009 0.35085063612671 0.421901780461382
-0.0127733098903831 -0.00271473164231424 0.368623748859474 0.0284695724508632
-0.0102436337098338 0.00657861195537778 0.140159997363195 -0.210700725846515
-0.00243524091883595 -0.00353845344373218 -0.136103103979901 0.148724338368608
0.000294379880529792 0.0104580579300426 -0.280181940102033 -0.0400908556167345
-0.00419764954979777 0.0192628068882606 -0.315286806653251 -0.373175651116191
-0.00143109241033114 -0.00359398559521608 0.152460567337089 -0.621765849760239
-0.0295106706598043 -0.0147451793138932 0.771304143483818 -0.160380798081688
-0.0206172844630166 -0.0241745558817031 0.570603264132704 0.569757115932981
-0.0117457163704763 -0.0216870656693324 -0.0320244642716165 0.547363299353696
-0.00712314949526144 -0.0305777921831776 0.0598066803429881 0.056483826965916
-0.00706168045491735 -0.0416867856086965 0.234963583292223 -0.461863042962582
-0.0303856598600133 -0.0101456117201746 -0.401185323886536 -0.772707812112683
-0.0260634077323802 0.00394346074506302 -0.935783770902226 -0.0591149053778768
0.00534814435702101 0.0342689140242619 -0.366759542008149 0.653494943709121
0.0120256750759291 0.036447555586894 0.252317284383746 0.450253084974475
0.0134252068102579 0.00337438212152666 0.349970743967417 0.0554321107501274
0.0149483496729788 -0.00610020828085845 0.137642897058322 -0.201048719207287
-0.00919264337134583 -0.00307516801998808 -0.138746011875052 0.148527159916934
-0.00983108143682157 0.00885718374718839 -0.280809238191899 -0.047227563473456
-0.0099591783664194 0.0128891742084017 -0.304093080490202 -0.383209717455782
0.00154142895501356 -0.013026261934981 0.181256706975849 -0.621776425342484
-0.022965254968258 -0.0183739643740879 0.781137061560994 -0.137675533604171
-0.0197280410095832 -0.0179911632112325 0.548549250303254 0.584374912505409
-0.0186778037389357 -0.0144526439846707 -0.0481142545759582 0.539906643692122
-0.0158697713756046 -0.025245070793322 0.0623662107890778 0.045799648981489
-0.0139188262712165 -0.0342773026636349 0.223473103347934 -0.476337178917395
-0.0296439599962108 -0.00271451100101859 -0.428191304318958 -0.766881554017372
-0.0158674128136427 0.00141948026369072 -0.935450152206642 -0.0307085325189113
0.0135275355062426 0.0243559233709964 -0.33853671584129 0.661281382136388
0.00841725849130916 0.029406080839729 0.265894082580501 0.442662332618466
0.0029130196887798 -4.71389443500378E-05 0.34746561818544 0.0472944898953351
0.00738100746138455 -0.0060409604850126 0.132312987105951 -0.20449094825939
-0.0166125126956359 -0.00287311303132847 -0.140925000879288 0.145156617830518
-0.0191902413593366 0.00673685861588656 -0.280002399564195 -0.0548999190910456
-0.0156875062951195 0.00501835999051008 -0.288095039964142 -0.391708455860862
0.00567785815712809 -0.0227505356542811 0.212157121860998 -0.619270816282628
-0.0137843874319626 -0.0192166637417884 0.789741659794534 -0.111051072628176
-0.0152958000048012 -0.00922832311206145 0.521472433010376 0.601558448734522
-0.0238412534462244 -0.0044458276671482 -0.0655868934786838 0.53480792335379
-0.0247593142532242 -0.0162678163312355 0.0615341613241142 0.0379551513599574
-0.0214476260220842 -0.0228925061888226 0.206439653030908 -0.487687343390894
-0.0250917686447543 0.00872857590308658 -0.463833479676016 -0.750614768414025
-0.00484031210332882 0.000655600560817802 -0.929712493183711 0.00367524436506831
0.0183939918169538 0.0138480991276571 -0.30046235485593 0.669464762018689
0.00395684641727176 0.0203944922942644 0.281760822952131 0.431003551786158
-0.00771278125666085 -0.00364481025645981 0.347848407332882 0.0389043019164082
-0.00108197622881336 -0.00609441487503164 0.129584706399712 -0.205674612516498
-0.0228338867851591 -0.000837062527335439 -0.142405819444133 0.143080663921671
-0.0274873565076392 0.00404916770010531 -0.277658684409108 -0.0620929700644778
-0.0196733162112601 -0.00385830094404324 -0.268030657502606 -0.398028492465923
0.00843511176173133 -0.0310676038060816 0.24756539534113 -0.61072884868233
-0.00245044384569998 -0.0178947320345047 0.797095451630884 -0.0789287361888036
-0.00786666331987573 0.00198113496775619 0.4927199487423 0.624356240087506
-0.0282587743365117 0.00743815292989239 -0.0871135237873306 0.533035471067848
-0.0325158116261123 -0.00520107503825901 0.0572116927164347 0.0330666922459595
-0.0256994099891829 -0.00848728408052724 0.186714250290023 -0.496734520328639
-0.0166804184775347 0.0213789890449491 -0.497900209920529 -0.730756804271967
0.0060973231608023 0.00162294841445599 -0.92411461939735 0.0442825232452036
0.0208379848679248 0.00364520125581232 -0.260655588600026 0.680357094891752
-0.00154773750861589 0.0110410069068045 0.304131022959757 0.423624902871531
-0.0159214098038845 -0.00570205406014295 0.35001158884223 0.0308965461396655
-0.00889612334631021 -0.00514346803054529 0.12715550029809 -0.207886952438039
-0.0278316879734424 0.00147640072088633 -0.140968092309552 0.139164605540839
-0.0323008935921573 0.00217124600962938 -0.272156485559164 -0.0678188050944603
-0.0226875903029517 -0.0121513684887261 -0.246500415284519 -0.402207939517858
0.0117907012973367 -0.0367702719291553 0.279658093680103 -0.60018394991899
0.0087350148031508 -0.0140944160902151 0.804435043212645 -0.0475281220186066
0.000628793657061874 0.0151666888001954 0.4666319840656 0.647270055021014
-0.0301959246727028 0.0198400225959095 -0.109444598155285 0.5347678971657
-0.0383710372760591 0.00722136470581203 0.0500680396703628 0.0327709710352555
-0.0270890127098859 0.00600824144654685 0.164112710648926 -0.498254281892456
-0.00665087762311905 0.0334242623563722 -0.528932547205814 -0.705374277591439
0.0166831824933515 0.00200981776046938 -0.915104852643684 0.0834308074469204
0.0198624891255086 -0.00346022232093054 -0.22253376296916 0.688988325620802
-0.00495705958639206 0.0027954064606546 0.322219173996123 0.416258538119528
-0.0214481136680612 -0.00618427729445061 0.352956116406823 0.0255851044509829
-0.013435245089897 -0.00118682641268485 0.127351094919419 -0.208299085642625
-0.0300014655524291 0.00409716993628832 -0.137986574626362 0.135932293294487
-0.0327577670122006 0.00144574841175118 -0.267251491925701 -0.0714287927656532
-0.0231532771858547 -0.0190540777822197 -0.228335762651651 -0.404809143659084
0.0132807366240054 -0.0397224034472805 0.305262487012013 -0.591209650027151
0.0176129818411855 -0.0088681175404139 0.812646220354742 -0.0187051496323415
0.00910215744070873 0.0261085598271279 0.446442329972267 0.667145784819646
-0.029229112658494 0.0310345499611862 -0.126105549090652 0.539868255035244
-0.0415761100505758 0.0169704306878582 0.0418999072840613 0.035590705487831
-0.0245141905990105 0.0178512891267222 0.147309366656443 -0.49492907141229
0.00357770534967774 0.0414519164728089 -0.551809345526524 -0.681045252582364
0.0225115315066973 0.00477389797990614 -0.906955232175953 0.11637643415744
0.0169858126200845 -0.00775121624579565 -0.193653961548042 0.695418573330604
-0.00732949045515674 -0.00275960873363918 0.340826877155014 0.409161463671025
-0.0227652454123733 -0.00515099080847506 0.357212817333395 0.0196585217387477
-0.0156049268874635 0.00150755705550546 0.128020635711878 -0.21062202218463
-0.0295723395196456 0.00668585081602849 -0.134278001701853 0.13588411006183
-0.0299196052738127 0.0019504890383308 -0.261875784349731 -0.0704229688706858
-0.0224782265140992 -0.0222046375271945 -0.218192356927387 -0.40150403173409
0.0106993203733453 -0.039198335443731 0.31628905708672 -0.582067391220104
0.0226280551962818 -0.00320306383441226 0.814425983029861 -0.00578884953455772
0.0178219077489816 0.0346975750203454 0.439009506757988 0.678458209071559
-0.0259656618114094 0.0396262050715758 -0.135436861697671 0.548873080256514
-0.0414117107664548 0.0256176817107995 0.0325578253562127 0.0443367307032346
-0.019940445396626 0.0271366035245378 0.138800618357336 -0.48510986384968
0.0147749184671777 0.0485330187843168 -0.554086823707182 -0.666484331271938
0.02681139461274 0.00827316981817836 -0.903390237019029 0.129407657098808
0.0133560713946901 -0.00643383501426984 -0.183913701971449 0.702859498973227
-0.00856200975898204 -0.00584508550181145 0.350471602650234 0.410271143032802
-0.0196511005178625 -0.00434162074849568 0.362219530025074 0.0202372028482326
-0.0140866493413402 0.00408012559314049 0.13182441170714 -0.211779990865617
-0.0254029621512106 0.00892234970098508 -0.130418868896127 0.134251641607797
-0.0236513119070753 0.0035920825724625 -0.25684035109812 -0.0681767415419819
-0.0202682677233916 -0.0219943922661226 -0.214333148995619 -0.398978325195434
0.00623611604128829 -0.0356588080321128 0.315406491877101 -0.578117769385363
0.0227172189251442 0.000719516400633662 0.8172213449582 -0.00018440280644123
0.0242543407323285 0.0383219236488927 0.44191720525952 0.687199661216583
-0.0203419096203612 0.0439929186204217 -0.138880145122778 0.558739561545068
-0.037822552008658 0.0296017945100744 0.0240977304419996 0.0545272224792215
-0.0132357200289809 0.0312087369388107 0.137568996479056 -0.47175080157927
0.0209102777765055 0.050866910073207 -0.550394565442068 -0.657609695798039
0.0274610275651508 0.013932546285289 -0.904011036843002 0.130272733211748
0.00958030850461162 -0.00124984110055127 -0.185344159001136 0.706960485614591
-0.00541320370171711 -0.00560088926989536 0.354351265426014 0.414538000941644
-0.0131789685142837 -0.00272989633814298 0.367208842807214 0.0228668579726522
-0.010349543398912 0.00579636218122786 0.138038181676719 -0.211639200581031
-0.00271078150268282 -0.00270649026413224 -0.13510221142906 0.14992236786806
5.96102247244811E-05 0.0102511514442239 -0.279243844658782 -0.0365237278635958
-0.00399450070630563 0.019675720290508 -0.317218820413731 -0.366187027552123
-0.00171090287975355 -0.00319310762694305 0.143417793371885 -0.620585918312213
-0.0295779406581759 -0.0141819864711977 0.762458513936705 -0.167866147362385
-0.0209565335600692 -0.0237980324467515 0.573473573523355 0.557823960387064
-0.012699748035687 -0.0215183861118902 -0.0267484112425958 0.542077562567497
-0.0072181576224751 -0.0302766047779875 0.0594416141864687 0.0562790495568285
-0.00741464023966385 -0.0419907888162217 0.227558966604486 -0.459491993615336
-0.0297183035460709 -0.00993130898305291 -0.404786789069315 -0.762936943860744
-0.0252202850711267 0.00410583477675192 -0.930312174328316 -0.0468995065132934
0.00604753022037497 0.0337424975876645 -0.357117877266293 0.65207613721402
0.0124074058227317 0.0355548048394726 0.255395056359582 0.445519251614163
0.0135449894596645 0.00332260813165287 0.3485080414116 0.0512625470624104
0.0145846641634617 -0.00635534110529841 0.134647120297447 -0.20220977622429
-0.00877364902002246 -0.00315265660178317 -0.137086348955746 0.148910753670569
-0.00985918604528178 0.0083404928346035 -0.281140034504277 -0.0432954187698623
-0.00937727604708452 0.0140293057297501 -0.307611415563733 -0.37545617794489
0.00147595385721277 -0.0129050637101096 0.172256039322697 -0.619846181140779
-0.0234300380840013 -0.0175174718320993 0.773483126562466 -0.146285770847744
-0.0196325866879546 -0.0182958175201729 0.551246585087518 0.573233103289306
-0.0188234770849768 -0.014698985014183 -0.0419351745581196 0.535207250260886
-0.0159314565327846 -0.0247625135846092 0.0617779132653932 0.0454417585759387
-0.014330342052525 -0.0353869974937252 0.217946946882868 -0.475257982754489
-0.0288692571251132 -0.00213350675624998 -0.434076791308713 -0.754242224248056
-0.0159504455291676 0.00237936675853325 -0.928841640129175 -0.0198905474374954
0.0137491036326962 0.0241623978122553 -0.328425083012466 0.658448144898619
0.00918449012015096 0.027787026816867 0.268016278053655 0.435487091910087
0.00283830695913835 -2.6631877732608E-05 0.346484033320927 0.0426353473782942
0.00727586774067786 -0.00706541156754986 0.130366958135523 -0.204017207904493
-0.0173730861557092 -0.00194655328619352 -0.139606537047103 0.146733689471071
-0.0194704917105532 0.00698421653159983 -0.280132888110188 -0.0515022330622579
-0.015575203269066 0.00523764291256742 -0.2911284994509 -0.384920036495445
0.00437021571204597 -0.0227139408604154 0.203008908018909 -0.616405805075739
-0.0137694344914448 -0.0187579585309481 0.781410471849115 -0.11990161702448
-0.014504503248316 -0.00861415288185517 0.524009182607191 0.591120793043753
-0.0243987273374428 -0.00476255403121937 -0.0595170461543133 0.53021848522571
-0.0245506907489895 -0.0158159119991594 0.0617090013531372 0.0365274920758018
-0.0212711108626537 -0.0228974879185102 0.198529899985576 -0.48702160789421
-0.0242087419907002 0.00872420474972187 -0.468003367908942 -0.73894871197782
-0.00477792763676164 0.00110184399829859 -0.922283558391388 0.0149798954489087
0.0189355119847665 0.0132774607117651 -0.289255125519277 0.667298273573842
0.00409305931930456 0.0191330281727373 0.285118695148243 0.425578585054299
-0.00746523826393971 -0.00446434746724949 0.346473399474155 0.0333753601608117
-0.00157018769173963 -0.00616752152306984 0.126216426968235 -0.205583287752402
-0.0225671687576001 3.04738148638219E-05 -0.139973569502673 0.142754309688839
-0.0272596852104295 0.00418610762422838 -0.277052666245603 -0.0580258086215283
-0.0199722460063817 -0.00337380477429819 -0.271442549022334 -0.391770494861923
0.00825457688988765 -0.0312687573497606 0.238052679520419 -0.610199409154794
-0.00270839866750889 -0.017448491201669 0.792359609612273 -0.0891554452649213
-0.00762133801684029 0.00202423876219253 0.495238568938335 0.61556191513595
-0.0276590835140037 0.00780118704661137 -0.0802563729268058 0.529886651598625
-0.0329008216053377 -0.00477143884615911 0.0568523391922257 0.0325598334072454
-0.0257933804919091 -0.00895051788131744 0.17957771026866 -0.495434267356055
-0.0160109448961324 0.0208805156705259 -0.503289537294329 -0.718299800591115
0.00668243967635031 0.000997927672866829 -0.915861095933374 0.0550005527286664
0.0206665183910626 0.00394676176827194 -0.251152790034906 0.677228006087132
-0.000458377941469989 0.010706634652722 0.305853522087112 0.415289807537946
-0.0154176330064255 -0.00520773141069963 0.347102687549319 0.0263339856538311
-0.00869115394322722 -0.00406045036314599 0.125123958674442 -0.207647873223115
-0.0276546471873782 0.00139836199960044 -0.139573663837087 0.140493209361127
-0.0316689609346763 0.00272649997391199 -0.271860360945061 -0.0634565475296066
-0.0220546121665214 -0.0118301343680591 -0.250644768707644 -0.394685872396105
0.0117630969675131 -0.0371613762483595 0.268449668075321 -0.600043646788686
0.00850525023038114 -0.01411827865554 0.798831045771893 -0.0573437309593012
0.00113159617612843 0.0149444340958595 0.469179193571882 0.63647052769294
-0.0298541922209968 0.0199441027575081 -0.101173751312094 0.530862696519974
-0.0382837332932484 0.00713299444326441 0.0498036906678438 0.0318678671247145
-0.0269959314759265 0.00600885413565914 0.15794701745401 -0.496364866399438
-0.00599426771587045 0.0326981026993408 -0.532708936889531 -0.69262157360099
0.0161974727358991 0.00197195994273225 -0.907736275491106 0.0953194259690866
0.0193627991879442 -0.00362364317660379 -0.214475779233742 0.685352755453339
-0.00516898660336621 0.00268377103211554 0.327409016630579 0.407571611742083
-0.0213829322899947 -0.0062047776196608 0.350593173144602 0.0203909518685036
-0.0140207742949328 -0.00157376298776354 0.124621065499767 -0.208774187293175
-0.0299772245007353 0.00414545244712347 -0.135984659973545 0.138183718432199
-0.033327103572725 0.00192830661117388 -0.267264062108694 -0.067431534355011
-0.0231011923712859 -0.0184851971124487 -0.230629127129888 -0.399607492850496
0.0118157278698085 -0.0390696560714208 0.29710234316862 -0.590048190968201
0.0166815835712862 -0.00867855673415462 0.805563714177657 -0.0279671382346846
0.00970069020241955 0.0260316571178288 0.449928511914359 0.656196049103506
-0.0296962150370039 0.0312877612955397 -0.120208581718599 0.537090019812052
-0.0412787470236443 0.017865001275071 0.0421511973115139 0.0349742299745666
-0.0239420902338996 0.0179447553759271 0.140430824955467 -0.491562399914569
0.00464107301054536 0.0412873076930638 -0.553838414959162 -0.668878996078019
0.0229927756036203 0.00443665195708632 -0.899085749739249 0.125663409948176
0.0175975823434141 -0.00774672594802022 -0.184927069997567 0.692085563360678
-0.00822908438154893 -0.00243076771545151 0.342768617216152 0.402106090180874
-0.0228251618783103 -0.00564826877348988 0.354292135098389 0.0152913380628144
-0.015698475117525 0.00153081213567216 0.125888806191184 -0.21063472440657
-0.0287253870632408 0.00656409669019423 -0.133092264792175 0.135987298933456
-0.0299601447269792 0.0021468191416738 -0.261405319512421 -0.067721080503727
-0.0224195758215759 -0.0214853081824949 -0.222183357871853 -0.396326700905217
0.0102089537962158 -0.0389977549900952 0.306890184566095 -0.582896667449474
0.0220606763766788 -0.00341281865652811 0.80785435419898 -0.016244880469944
0.0184045203378774 0.0342547470578099 0.442896019238426 0.667085725375986
-0.0262046967139316 0.0395058098999155 -0.130107731080471 0.54583035747998
-0.0410217287368208 0.0261559489960527 0.032640467996269 0.0436845512390487
-0.0194607722543797 0.0269325760214887 0.131480514370452 -0.482628776958852
0.0149348323914244 0.0474097952570334 -0.558171398782776 -0.65367963569764
0.0273240492835223 0.00777991964011028 -0.895347206884875 0.138997070796457
0.0134134569250979 -0.0067294918722983 -0.174956704789748 0.699112228299482
-0.0086377510425307 -0.00594018292031845 0.35476156317118 0.402454519286918
-0.0199401828685173 -0.00378192172378848 0.359988471469344 0.0151653969768847
-0.0140792364161698 0.00410091615834359 0.129786911312995 -0.212508494104727
-0.0260951855228236 0.00931699224804799 -0.128689585733445 0.135769917894132
-0.0245408238594739 0.00418963614750155 -0.257294392982535 -0.0654782426689073
-0.0200359667301888 -0.0215675646700217 -0.217640044309799 -0.392601260896064
0.00574672927096187 -0.0354560592397929 0.306941877372456 -0.577468536107279
0.0225002569320075 0.000984181282993647 0.811847960881033 -0.0118752415489373
0.0243377117809864 0.037782491539235 0.445765364920564 0.676259321808912
-0.0208548929837263 0.0436647312107492 -0.130621510744687 0.557205331417197
-0.0367500570631772 0.0298618234012907 0.0241447902801034 0.0535475225287352
-0.0130552641026755 0.030136176781315 0.130317687040064 -0.46951510000893
0.0224103861151265 0.0503413021239429 -0.552435791293896 -0.645810661743885
0.0273875249670131 0.0132354522627355 -0.894162052202966 0.142419655578221
0.0101277288050819 -0.00209087018430242 -0.17521023932242 0.702239766691376
-0.00506701023848139 -0.00606689306200624 0.355537615712801 0.406641738394483
-0.0132894309352924 -0.0023868545168695 0.365339554101892 0.0185597994490589
-0.00994517537197516 0.00648992142724661 0.134216184138585 -0.211431594466526
-0.00245718041838825 -0.0026795428574375 -0.133680026071978 0.150136961548708
-0.000396976504445018 0.0102873406610903 -0.278640643917205 -0.0335433264809595
-0.00292375761683051 0.0202003755341734 -0.318743823466207 -0.358050874389387
-0.00198565086726471 -0.00327216346017272 0.135702498870211 -0.615064118169448
-0.0299896267468883 -0.0133374375083073 0.755563699251756 -0.174735240501843
-0.0208066110833317 -0.0235945377906525 0.57248912183029 0.54699590548915
-0.0124179071716792 -0.0208442911444029 -0.0208535753062969 0.536156805759806
-0.00764113312730283 -0.0302112686998034 0.0585097910809091 0.0540754207331639
-0.00710720016562542 -0.0411622177643235 0.222215772889023 -0.457506817743994
-0.0294859426158561 -0.00937777797519201 -0.407688174534837 -0.74929046347219
-0.0255336271138491 0.00442811588337754 -0.920698710027667 -0.0371116931329756
0.00711858017097151 0.0341148465264044 -0.347173712357778 0.648652388434311
0.0127732371202994 0.0354271492284388 0.257372241895429 0.438288967114304
0.0132342210146441 0.00318129542840373 0.345281749040816 0.0471737911959024
0.0141231631453085 -0.00641503694042987 0.132688661216562 -0.202275684047969
-0.00960773176386755 -0.00232204011731892 -0.135565939252337 0.149533701092649
-0.0102592871233502 0.00946840750152173 -0.279333400950209 -0.0398965852489187
-0.00856716659544857 0.0142868868650571 -0.310094984085218 -0.36920396774881
0.00102016952505778 -0.0132109074245416 0.163678767713053 -0.615378973561395
-0.023705656502893 -0.0168131019251351 0.764896555175486 -0.153217577903333
-0.0194781224784129 -0.01788302853173 0.551723921455675 0.562485578020628
-0.0193955219758596 -0.013933467501484 -0.0356110607467087 0.532096707032565
-0.0153830150180179 -0.023728332415432 0.0614516316145197 0.0438088925743621
-0.0152056589087853 -0.0341606730788025 0.211922430703009 -0.472572740739011
-0.0278733055973357 -0.00207946127449879 -0.434022209644343 -0.742776738222141
-0.01527177006038 0.00172233848057572 -0.919649198984456 -0.0111375763427466
0.0130002326828086 0.0239916581580341 -0.318364401518405 0.655702443632596
0.00932444342013917 0.0278154767804605 0.270194878379893 0.42888502763078
0.00255882984685129 -0.00056910988475959 0.343730022898019 0.0380413243231653
0.00603824969148687 -0.00699790179915204 0.127835380732609 -0.20381496674694
-0.0163999230660758 -0.000896563341494774 -0.138229285310303 0.147099331435452
-0.0200424897954841 0.00731324736109567 -0.277868695282394 -0.0475885831801076
-0.0148465215915791 0.00571749666626922 -0.29247487908585 -0.376600434098177
0.00485317031669544 -0.0226793615883527 0.195577347184723 -0.611542373157919
-0.0139910213974279 -0.0184901020120392 0.773594582874128 -0.127064340592634
-0.014818011826563 -0.00894698817164735 0.524540209190956 0.58201457739653
-0.0239446224373651 -0.00407787431945381 -0.0550819385070482 0.526345997502694
-0.0245570161441447 -0.0150861500367925 0.0605253625161232 0.0357067294759729
-0.0222036775313188 -0.022025590213558 0.192542010000816 -0.483345123346931
-0.0235608848079977 0.0087407107379769 -0.469588202899614 -0.72693805513353
-0.00475653797575382 0.00174916179160744 -0.914762279733283 0.0261713396416947
0.0194978516390274 0.0132889349046626 -0.280167327382208 0.662864700766938
0.00477195940304977 0.0191265255422905 0.286819009409064 0.417652065729077
-0.00654952527814754 -0.00345998035106806 0.343720920918193 0.0294227862946589
-0.00217821730076374 -0.00581463681722335 0.125789360719417 -0.205276499265098
-0.0231527278804422 0.000972183462819706 -0.138470777071768 0.143906015943765
-0.0273948343325701 0.00534638776299134 -0.276081410976379 -0.0548796071866628
-0.0191205460627244 -0.00221591570271083 -0.273973909507499 -0.384087039310579
0.00779728791892921 -0.0306793722917716 0.230238773346529 -0.605331777173327
-0.00273342921861179 -0.0172665717291582 0.782923317105895 -0.095635860794107
-0.00736039029841765 0.00229819826599247 0.496581018976521 0.605479566044683
-0.027868243481931 0.00664030328142054 -0.0771756077677885 0.523785062013846
-0.0324943436213917 -0.00418045935460914 0.055577405338374 0.0314262983799168
-0.0251360523919147 -0.00810020507010217 0.172798635214789 -0.490155524836127
-0.015945480981243 0.0206839023541384 -0.504561193582757 -0.705366125841016
0.00736393229289148 0.00103891479738286 -0.903606528625401 0.0648671042657886
0.0207676702535056 0.00363308686093489 -0.242413526862453 0.672878831759882
0.000291606882633345 0.010419059195362 0.307907423770529 0.408374446608491
-0.0158812436748125 -0.00489052288656181 0.345085354673395 0.0224031232534875
-0.00823021670659793 -0.00444454896603935 0.122781729798662 -0.207265067158503
-0.0277268092650402 0.00263042043356351 -0.137989209331613 0.140371109234344
-0.0326274695212062 0.00359216098782958 -0.271017425778055 -0.0608031165061561
-0.0219807943727213 -0.0110412222127122 -0.253483865487584 -0.388821854571119
0.0104411213521843 -0.036649308616073 0.263095442655594 -0.596633560630065
0.00816365259893555 -0.0137719482726643 0.791737866842184 -0.0644091956528865
0.00104634501558224 0.0146990063356563 0.471356424165195 0.626455519579787
-0.0294046768174684 0.0201503606587077 -0.095822451589519 0.526197042319915
-0.0380197852770935 0.0077042828222801 0.0495766609121975 0.0309920384036233
-0.0261190047275113 0.00565431771775462 0.153240181233441 -0.4921788719088
-0.0052578785071592 0.031520873553281 -0.53145510342547 -0.680915645435828
0.015907009682113 0.00203953534000569 -0.897738515720125 0.102361971910834
0.0201933435913497 -0.00384292937722135 -0.204667255904255 0.680750386294885
-0.0042131990108016 0.0028107602431922 0.326685914528153 0.401562200022537
-0.0213510122290918 -0.00568871867390275 0.347183248111473 0.0165365474227367
-0.0131526317285628 -0.00127685526853261 0.121828167479727 -0.208400323518485
-0.0299675421684022 0.00458426379543741 -0.135052286133582 0.137970441096531
-0.032897826911723 0.00162990072774522 -0.265667045774485 -0.0645937505535326
-0.0221407002979704 -0.0176922801383806 -0.234699225241125 -0.393799273204993
0.0113400594192028 -0.0396124224773958 0.288056530300759 -0.587579559937626
0.0166909577446739 -0.00842187907386902 0.797780441782222 -0.0363333278185204
0.0104197122044566 0.0252610085554505 0.450603816895613 0.646041222283985
-0.0286643238031556 0.0309785481538359 -0.114651989819088 0.533302589924043
-0.0408042633629855 0.0175457085493592 0.0418154268623893 0.0338070430955931
-0.0242321739548324 0.0180313273032674 0.136025879462534 -0.488487941152752
0.00479027819295986 0.0409060748554652 -0.555517056773768 -0.656137751484168
0.0232585724192373 0.00385754949297464 -0.888375000111481 0.132394191276018
0.017563153921414 -0.0071669472949714 -0.175847554559992 0.686951316227592
-0.00833351905419814 -0.00319321953435785 0.343871885950816 0.394966449532994
-0.0228898878089353 -0.00563962886202939 0.35226347758238 0.0114251245608569
-0.016220170597833 0.00109982702158177 0.123515830964601 -0.209678045632485
-0.0288062281039724 0.00773411480897842 -0.131673242604829 0.136449324029227
-0.0297058197278755 0.00316347921117043 -0.260761409356886 -0.0639958024169685
-0.0214035529270262 -0.0206833300655474 -0.225987680569841 -0.38910967658902
0.00979367046041659 -0.0385851331259766 0.299156050405421 -0.580696655424855
0.0217237548346527 -0.00314341323914031 0.801828681865106 -0.0236117702197405
0.0187367324103028 0.0333399220502342 0.445207253088215 0.657556500362777
-0.0255165349642028 0.038825958204068 -0.122412770799817 0.540785425380027
-0.0404120719358196 0.0255957216816703 0.0316438546522313 0.0425955655611545
-0.0194630239851672 0.0268370120206979 0.127718438819954 -0.479596490783156
0.016290933411876 0.0478254737353572 -0.556695303134585 -0.644525885246614
0.0273182803918109 0.00809503614439152 -0.886683775909929 0.145194468396725
0.0134839879846213 -0.00652133843388087 -0.166626405170971 0.693946782650982
-0.00883161058552755 -0.00666409917734758 0.353859556041081 0.396453699211246
-0.0200147421205659 -0.00428324780928484 0.356786101886623 0.0117115673723822
-0.0146562432300848 0.00386714745340132 0.126241930227861 -0.211038956522399
-0.0256433897928358 0.00939578364298443 -0.127605567154395 0.135619926817911
-0.0235541342930642 0.00506615460250174 -0.255893591809309 -0.0626087407472781
-0.0194079542253435 -0.0205980313701664 -0.219959959184917 -0.385034144985311
0.00558319242988481 -0.0350297991085454 0.296749888095058 -0.576684467438663
0.0219263231402933 0.000882398360858856 0.803563947111529 -0.0193738451023424
0.0246123595871865 0.0373500488469367 0.448613721216662 0.664179437865346
-0.0199532793000893 0.0435483282654391 -0.125148852058678 0.551890332289848
-0.0364390268661763 0.0294306107850024 0.0240865054745255 0.0529704960782304
-0.012700121720288 0.029514677640199 0.123864347810704 -0.466324934117227
0.022851040273417 0.0493742226193544 -0.552034721483548 -0.635689525233961
0.0283908032818473 0.0129461666805087 -0.885452115099044 0.148605737715568
0.0104195293445284 -0.00201385955215053 -0.164943830275442 0.697772343196399
-0.00544047558009581 -0.00649040232716174 0.357836601035266 0.398780411973049
-0.0128812379299207 -0.00289524144580633 0.363272681389341 0.0144083668861628
-0.0094582227020598 0.005984249951949 0.130975796176913 -0.211513314821653
-0.00312928534331961 -0.00160244100125208 -0.132799008315103 0.149859853356316
-0.000304707813869247 0.010587696191899 -0.275802905407218 -0.0305092959733617
-0.0023958466285613 0.019515956417623 -0.319611293387366 -0.352141593934722
-0.00231769226489943 -0.00314003168822313 0.129762046608712 -0.610252797383177
-0.0293853926598162 -0.0127188323751784 0.745473064615125 -0.180890715149602
-0.0206932432142769 -0.0230509849389518 0.570204456322959 0.538207048474474
-0.0129513873970557 -0.0202275672152541 -0.0174828338737285 0.530121765863724
-0.00792527815028258 -0.0292931572391768 0.0582555451718811 0.0533017379882333
-0.00767189033986855 -0.0410566722545741 0.216820357559813 -0.453352493255477
-0.0277485174147119 -0.00921335436335309 -0.406789144695858 -0.738247587735578
-0.0253023769379682 0.00474503177077079 -0.911056646378742 -0.0296461815299055
0.00730140170303733 0.0333864556661529 -0.337412652780462 0.645424173937498
0.0132140705434491 0.034835645667255 0.258336221349095 0.430751532412163
0.0128108343656434 0.0031938956608238 0.342303785119871 0.0431507317896825
0.0134893784205133 -0.00642540645564411 0.130458130478631 -0.202013357111839
-0.00964369894275548 -0.00180996258031237 -0.134151631440781 0.149523211571265
-0.0101088394816237 0.00946761890024262 -0.277324029976895 -0.0376811651807826
-0.007447313001731 0.014010062537665 -0.308459968597994 -0.361162346432957
0.000476280376035123 -0.0131970473021046 0.154831567602691 -0.610056057649519
-0.0236223328661116 -0.0160714535451174 0.753926642285388 -0.156561094178291
-0.0193986218434985 -0.0175666587904759 0.548833646342366 0.553496377483238
-0.0187770981735533 -0.0142979476025251 -0.0313718855242693 0.52512128365724
-0.0161582854447687 -0.0232222570997358 0.0606190619417397 0.0430732204157567
-0.015006425112423 -0.0337978569337891 0.205899683588806 -0.469796211192885
-0.0273510305241095 -0.00210086164533099 -0.435025843065669 -0.730057254168985
-0.0154491634534042 0.0029730624492547 -0.90985059961407 -0.00235959251003615
0.0138894839087651 0.0238722501046902 -0.311821739987231 0.652908481102458
0.00960997317895447 0.0272266454895576 0.270213525015612 0.421897773619871
0.00290623815692156 -0.000458356763179945 0.340333391899679 0.0362908763276419
0.0064054217344231 -0.00738256903466915 0.126981879851713 -0.202909328574455
-0.016809177362165 -0.000457915072232321 -0.136647531800616 0.147278500644419
-0.0197669284098572 0.00756960003881212 -0.275939184143505 -0.0451557685830826
-0.0143646629503822 0.00584402944693019 -0.294306916279851 -0.36939366451157
0.00409906917127547 -0.0218705575437253 0.188288066624825 -0.608595305179143
-0.0141957743921584 -0.0181493062569959 0.76447722081799 -0.131679266708011
-0.0147161919630758 -0.00859666416174204 0.523126021291714 0.570542418971184
-0.0238378200547638 -0.00475077162614609 -0.0521319280334733 0.520783881932684
-0.0245131266506992 -0.0146297287133349 0.0592540735772119 0.0348560300615638
-0.0216036682024838 -0.0222250127877196 0.187554672380735 -0.478224985028542
-0.0228037365290288 0.00863083805588004 -0.467656455362402 -0.715754011628648
-0.00453230746871722 0.00127195648397131 -0.904098657164701 0.0316538822699568
0.0194747312359075 0.0131890462811964 -0.27250312120877 0.657805018635852
0.00477958853065702 0.0192309333422647 0.288228909041774 0.413293334168286
-0.0075724083936063 -0.00408934805920206 0.340518267942307 0.026546501527866
-0.00194413758405357 -0.0063388234315478 0.122394283939976 -0.204939391681374
-0.0230261195492741 0.000682160076173263 -0.137290911158205 0.143976763575322
-0.0277487550305436 0.00579417593192781 -0.274646409698156 -0.0518247655381193
-0.018519657223005 -0.0025613144027783 -0.27428489800179 -0.378412400346311
0.00742201259568344 -0.0308328989255346 0.222124472520693 -0.601142603188339
-0.00315963993040051 -0.0169421001868769 0.774879305784993 -0.101787475783167
-0.00703391123833751 0.00188698125515676 0.494383849353015 0.594423668176788
-0.0277033395831318 0.00722147369217046 -0.0725084665119073 0.518931707605928
-0.0320470171237503 -0.00345806774406505 0.0547295274401188 0.030240841975809
-0.0258182072182409 -0.00778896259956448 0.168097701992289 -0.486167167474285
-0.0150451401700893 0.0200591762683777 -0.500993689269915 -0.694382311691457
0.0068185271088987 0.000444763951664746 -0.894567771094006 0.0687179744650778
0.0208815111590207 0.00370483750473099 -0.235118471685512 0.667166728793023
-0.00015616327677947 0.00989263034142588 0.306169046928202 0.402009956951301
-0.0153806321701356 -0.00500476308888497 0.340976633545999 0.0191739453559273
-0.00902505838181297 -0.0043076359695641 0.12048163140926 -0.205425726692949
-0.0277269235232652 0.00260531480791603 -0.136415564152823 0.141265209685142
-0.0321475469779192 0.00362020395513533 -0.269860986067207 -0.0584387616867279
-0.0211171537243102 -0.0107977630976477 -0.255391646234665 -0.382966431406347
0.00987413293864223 -0.0364891550255054 0.254122129581582 -0.592856218613171
0.0077756809629519 -0.0131194683093653 0.781613737635314 -0.071539929140576
0.00179723372960689 0.0140570960896073 0.472425280951915 0.615666377585114
-0.0294443168270153 0.0195685905636972 -0.0915521028533571 0.521736113580336
-0.0377844039935204 0.0073938631479729 0.0485854858489749 0.0299416951313124
-0.0259948422489448 0.00572415501930664 0.149838425557211 -0.487344403896116
-0.00425241191827989 0.0317688042522778 -0.5304090304603 -0.669235745862378
0.0165416634510326 0.00114305698184125 -0.88729760852387 0.107634405085054
0.0201278105475447 -0.00394989012903014 -0.198025989160185 0.675568602645707
-0.00413037839361969 0.00255855277810788 0.326294843002294 0.393489889689093
-0.0209925299823248 -0.00577985562319104 0.34500289925599 0.0127514002583139
-0.013887409264901 -0.00180659708766621 0.120109591835015 -0.207355633299188
-0.0296611463166265 0.00508060643896034 -0.134266868266345 0.138558821245438
-0.0327380626468532 0.00249307082335606 -0.263888980365064 -0.0604244633950304
-0.0218731038389038 -0.0168914598158414 -0.235932870607965 -0.38585058963827
0.0107288629031958 -0.0393033011616224 0.280237578486324 -0.58305030945244
0.0165303357171827 -0.00847889016387321 0.789672995434294 -0.0418055706518168
0.0105742441678854 0.0247895772453217 0.450310093063939 0.635118741302209
-0.0288934004908349 0.0301252435343436 -0.108699153950146 0.525984602753011
-0.0396656888615635 0.0176343966345426 0.0403375061203335 0.0333957731131152
-0.023802016766195 0.0170942839829206 0.130635812785321 -0.483210342730089
0.00612587191958998 0.0401631277551709 -0.550515845260007 -0.644314559231413
0.0233029180967673 0.00370479987686526 -0.878262328266147 0.138891800950125
0.0170795833272304 -0.00742589557809212 -0.168951718562468 0.681624095350464
-0.0079964885494643 -0.00338936690888967 0.342802547140151 0.388559549675073
-0.0224461523727393 -0.00449782059857631 0.348626209471635 0.00838451716768281
-0.0160430900719343 0.00144560567710873 0.121742491470227 -0.20914073386952
-0.0282394856256363 0.00848719194938052 -0.129897466920324 0.13711548246199
-0.0298666634878855 0.00336582273938874 -0.259936366776013 -0.0607938208167017
-0.020997648404437 -0.0207438451909765 -0.226118643050985 -0.382389206569216
0.00916778384990577 -0.0383936464201922 0.291866280225851 -0.576286264840069
0.021180653117958 -0.00350835859894896 0.79173813791364 -0.0303446874404871
0.0185095127845296 0.0329132128182809 0.445250754499118 0.647257461958223
-0.0245604688154722 0.0393374506664297 -0.118399764348808 0.536071337037257
-0.0397595007226546 0.0255225298506201 0.0311046320795618 0.0420944909392175
-0.0186573215238946 0.0262086483226216 0.123587941030027 -0.474868968923821
0.0168780566459513 0.0455314389850956 -0.555496044090304 -0.632089936838858
0.0279026732275986 0.00767629674604933 -0.874887722950983 0.152931036534709
0.0134955877650015 -0.00713616402084763 -0.159806787168448 0.688013851993323
-0.00806349931914051 -0.00551247675344125 0.352658877203899 0.388484720922455
-0.0200746659203599 -0.00448810052702099 0.354315862455302 0.00773329870258997
-0.0142681585992427 0.00417396463648604 0.124564741233803 -0.210345878532831
-0.0250417100820379 0.0103152328556283 -0.126069697499253 0.135777354467041
-0.0243154426528358 0.00558260119736456 -0.254598668083534 -0.0589247817164996
-0.0190599345537396 -0.0200992932360011 -0.220904229462048 -0.379205055045813
0.00474260221992278 -0.0350262883634313 0.290408071438753 -0.572658871363732
0.0215233558234141 0.00110801696428515 0.795263995471678 -0.0260329485117595
0.0250060925583719 0.0360893413493961 0.447803731520327 0.654639245225294
-0.0200088710198845 0.0430146383612183 -0.121381823166388 0.546296057113345
-0.0362265301645834 0.0293874404318054 0.0246312788317723 0.0518688324895898
-0.0128025225368631 0.0295720812930107 0.121591406408091 -0.461195127153969
0.0232213245729041 0.0482268319519631 -0.549415571151215 -0.624933774938812
0.0279443814636556 0.0128927119675809 -0.873105566904438 0.154646140019586
0.0100747305568483 -0.00210615372689895 -0.159536497550865 0.692547551916159
-0.00562047117569893 -0.00555441316731357 0.356308769956182 0.392606541520468
-0.0130881852734646 -0.00202664402183399 0.35968526701269 0.0111421503532136
-0.00942830230336904 0.00589462869988485 0.129643040970913 -0.210345917451426
-0.00294295451546739 -0.00227568111336281 -0.146326908805607 0.128200490739034
-0.00198412211838556 0.0101135227020818 -0.266115386158753 -0.062148567541409
-0.00350891143825103 0.0185097802800787 -0.265684422377326 -0.378894945512888
0.000661623671085202 -0.00306405949809074 0.201565201668377 -0.565084150129308
-0.0263397043703268 -0.0139968743462128 0.739588025190744 -0.0791016080166105
-0.0239020839640783 -0.0287445193612704 0.487479828524273 0.595111150580337
-0.0078406259993852 -0.022935330364664 -0.0838529024307363 0.515018188486471
-0.00379540588960996 -0.0300078269588463 0.0492850150611677 0.0598792459028988
-0.0060127655534626 -0.0413498406748247 0.276152992444425 -0.420541403204344
-0.0261366690026931 -0.00954609982178071 -0.302263804488435 -0.780858476746356
-0.0193675361215587 0.00538448108872355 -0.900560825118691 -0.153011609721708
0.0114997451998603 0.027623059530679 -0.42261371747813 0.598799580428994
0.0113821834659942 0.0286164443522988 0.197536300729607 0.462974758032628
0.0110931644907719 0.00230284366784879 0.336816076812434 0.0876454176326813
0.0133601971647204 -0.0047006359551699 0.159423148289597 -0.186263017759488
-0.00875240947245059 -0.00301517582383847 -0.149037924778327 0.126814950445367
-0.011193479550888 0.00771493066362976 -0.26672138051266 -0.0704102547461552
-0.00810816166300943 0.0122758753686887 -0.256378116794027 -0.387933282545407
0.00544350907479472 -0.0112612068267184 0.226104811823688 -0.56287868907294
-0.0201108770815559 -0.0166167362703567 0.747930442769346 -0.0571891117832642
-0.0228939078943547 -0.0228078128082906 0.463824634870927 0.606435350754812
-0.0144560846245028 -0.0173785092670204 -0.0969093099931614 0.506076382994379
-0.0122815161215725 -0.0255465315731996 0.0530769232367152 0.0505060229570829
-0.0139650324732773 -0.0352792515352507 0.266738417715712 -0.435111641770137
-0.0256577280029607 -0.00215901894389342 -0.330145360484583 -0.77929394291413
-0.0096322529933392 0.00436176226458361 -0.900985095787716 -0.125799287088408
0.0193200342238729 0.0187645353514707 -0.396540647854337 0.608517795754459
0.00857658686485914 0.0205941867630882 0.212613152674583 0.456730148902923
0.00065615820738002 -0.00226255563000079 0.335978949355091 0.0791904495090341
0.00516822527846853 -0.00561857667637835 0.154742329356032 -0.188247966996874
-0.0167368451004323 -0.00332230653612741 -0.152280760007933 0.123681109907383
-0.0200232680732551 0.00424677588346933 -0.264815774754989 -0.0778436151245566
-0.0128127249177021 0.00399410713698664 -0.238932856553028 -0.394226080420134
0.00999217227807871 -0.0199631929518545 0.258096738381202 -0.554900811421977
-0.0109735678318683 -0.0167036671104111 0.752374057544666 -0.0303372412866202
-0.0193752809601911 -0.0139656062430744 0.435601612239655 0.620939573945042
-0.0215399680749187 -0.00889283461650537 -0.115545293403556 0.499317588856109
-0.0221226127895167 -0.0185751880628431 0.0528093158310572 0.0426423825075565
-0.021947931408806 -0.0245110246683001 0.251966185849727 -0.447075421047209
-0.0227975190348288 0.00946042711824852 -0.366728140994664 -0.767385686647638
0.00137027667520183 0.00455751458877786 -0.902276611207499 -0.0909318885339185
0.0250909141863438 0.00824925407412518 -0.360878795331804 0.622575512208786
0.00456487269795551 0.0110968338754929 0.23006333412883 0.448439561099691
-0.00926599291614116 -0.0068631291500189 0.337774296639365 0.0704573920684754
-0.00325439786316324 -0.0054818002894756 0.151665545689464 -0.189469175830328
-0.0222735098983424 -0.00278909564356557 -0.151424461821217 0.121085347376432
-0.0271193752181676 0.00146856752698732 -0.262031632784404 -0.084669204856625
-0.0157750799403908 -0.00418611798946024 -0.21834398374891 -0.398836690020473
0.0149900219648498 -0.0275141442459772 0.289230562700583 -0.543093412731326
-0.000864020969222608 -0.013511271442829 0.75608284281837 -0.000252423707425442
-0.0141173130096571 -0.00291580660784894 0.407046216479022 0.638717406100764
-0.0259266177087179 0.00246850296666489 -0.134060798265078 0.495641746106122
-0.0312802236483435 -0.00833346228189803 0.0494436284173863 0.0382515427737839
-0.0280932436092817 -0.0116277761900043 0.233445909699885 -0.456138521273697
-0.0171317296170012 0.0216158958804787 -0.401162669365174 -0.752448167301032
0.0122292664041689 0.00561539185101327 -0.89864061193983 -0.0497105954014367
0.0279695482239927 -0.0010860895475927 -0.323993584382722 0.637641901453283
0.000601041997950143 0.00117375394497416 0.251011584439358 0.441432539624981
-0.0169576812309743 -0.00964376196878754 0.339486267673693 0.0632089706752185
-0.0100242795860942 -0.00522230483538905 0.150576921727035 -0.191721085155179
-0.0273107694269695 -0.00055631936475605 -0.150321841355761 0.11794305202768
-0.0314355899726309 -0.000542885750613574 -0.257127628240072 -0.0907456183130068
-0.0171774394939033 -0.0130349258930276 -0.199366986778286 -0.401875053033984
0.0180055676352655 -0.0329395576066588 0.318515604024848 -0.533654776036105
0.00955113879194492 -0.00880521381803051 0.758635759484529 0.0308128855713485
-0.00682970065973951 0.00992452595361652 0.380031637897034 0.656573569159904
-0.0297306255422118 0.0141651586684076 -0.154326303307857 0.496061556895265
-0.0384209798379831 0.00299823715061205 0.0430395361377469 0.0366871129926495
-0.0308339591684114 0.00215685727491091 0.215327762988632 -0.460012422127846
-0.00819934142397921 0.03462846372517 -0.43369009790464 -0.731586626106673
0.0214081166178067 0.00755293132867889 -0.895713437759852 -0.0114460031129057
0.0278776094169635 -0.00861564671512447 -0.288086332677023 0.648035407123571
-0.00306310234780121 -0.00618141359432606 0.271206662009597 0.436734317005844
-0.0227999993219896 -0.0103504295905715 0.343652389452155 0.0580312932362212
-0.0158660218506692 -0.00224056708391152 0.149551527973449 -0.194261997174818
-0.0292145290356151 0.000768752969868202 -0.147243560900138 0.115869918358452
-0.0310371438661359 -0.00191061599957295 -0.25108251769093 -0.0927545087412713
-0.0171657253276876 -0.0188146460968833 -0.179674071106512 -0.401738576587062
0.0194530633225464 -0.0341958184300987 0.343362741966107 -0.521176191348242
0.0165237938216642 -0.00224187691103688 0.763738058178919 0.0598629896350173
0.000164506795166625 0.0208558116126912 0.357563192459646 0.674853629290355
-0.0301842854381726 0.0249878929686532 -0.171861431060322 0.498390452766255
-0.0418821975579649 0.0117847236326884 0.0347483637603667 0.0381917120023013
-0.0295629524364056 0.0142014166055881 0.195159259994181 -0.460325333743505
0.00211807530770621 0.0441277249096847 -0.457535420313819 -0.710411548616356
0.0279510216338502 0.0103355529609448 -0.891058956596746 0.0199963723994545
0.025070751891714 -0.0128966976530258 -0.258716705825142 0.660340306846713
-0.00558848439394001 -0.0118693454551216 0.289312588323623 0.432955761428369
-0.0238946350357688 -0.00956556688612277 0.348036750609258 0.0529158785055334
-0.0176717211547726 0.000486196797952014 0.151454915667427 -0.195959871035363
-0.028365715327343 0.00393603284286494 -0.143913296700093 0.114906645519227
-0.0290460104632126 -0.000737288738452104 -0.246791632171176 -0.0918295467103573
-0.0146367723019303 -0.0218414055176245 -0.170579192730935 -0.398979247854934
0.0174747741211923 -0.0346199934333252 0.351988041134178 -0.512350041742049
0.0211790065615263 0.00340552120955226 0.763335625698019 0.0707560319585293
0.00693861448336998 0.0305866812092496 0.349592684458341 0.684320250865056
-0.0285665820261634 0.0337355674328323 -0.183328950087907 0.50656719997062
-0.0427519541250973 0.020478556961598 0.0250813581907956 0.0457986425814141
-0.0261038551946447 0.0235996106917058 0.186859432614878 -0.452522187325353
0.0107436750448244 0.0514467456094791 -0.463317191023501 -0.698844386108503
0.0318798985047854 0.0139814302920377 -0.88939723305305 0.0320081024270104
0.0217203450310416 -0.0128392275831967 -0.250554653191573 0.667101862266558
-0.00639345775753055 -0.0157929669972813 0.298537358384957 0.434902455695594
-0.0214682960470057 -0.00805890704721468 0.354461814542349 0.0535419309738678
-0.0162812458233814 0.00294083250846452 0.154704930838686 -0.195737466981191
-0.0256914012981842 0.006297498703224 -0.140286339501294 0.114425778844425
-0.0234766954158511 0.00127211992560727 -0.243023329935264 -0.0894743075174646
-0.0133038281462865 -0.0214982073018963 -0.167299469793534 -0.395396243900305
0.0126403283486493 -0.0309838583411012 0.349569723808716 -0.508425389776125
0.0208277792898571 0.00784584934522377 0.765182590304365 0.0749828928470048
0.0130531861732677 0.0343021631524778 0.350171911327134 0.691534774033336
-0.0236913357612758 0.039055002565656 -0.187580270074418 0.514895422063865
-0.0396003719956437 0.0242611376575406 0.0159533912338296 0.0546117321831524
-0.0199915051641636 0.0277439754912078 0.182940376812106 -0.439974422675131
0.0171305715406188 0.0544233957975583 -0.458133896921423 -0.690249539877995
0.0317066082123779 0.0198036478195293 -0.887201316652379 0.0348876481492183
0.0172977535085043 -0.00875445138531511 -0.250821195820786 0.668880533705196
-0.0041078487695714 -0.0150437990526513 0.301460164430191 0.437747545623366
-0.0141671597399011 -0.00648713264491736 0.358586443534372 0.0570076227894157
-0.0121443984446889 0.00563155177974594 0.159453907591551 -0.19611103307072
-0.00277228566656492 -0.00170861687130492 -0.146238720176833 0.127957533880753
-0.00239215927303884 0.0102361507494041 -0.264261152439204 -0.0616287626281319
-0.00323931152435705 0.0184208631478175 -0.264902633383415 -0.373478722614948
0.000794579644477127 -0.00307322548314312 0.19532317246317 -0.558265281055062
-0.0270645930922791 -0.0138478484417137 0.732378804547926 -0.0803387803364099
-0.0239972424484413 -0.0278506805780532 0.483816155513248 0.586030423018978
-0.00827996123186485 -0.0231670020682795 -0.0830141565398103 0.508502097647352
-0.00377203797233155 -0.0291154945172995 0.0480633524924465 0.0582913432752252
-0.00616479138803555 -0.0410086595643544 0.270920597790676 -0.413889698530095
-0.0256728728824364 -0.00956982473727767 -0.298238351075515 -0.772478580897073
-0.0189525526336133 0.00553336940616651 -0.888604326265632 -0.147776802882
0.0114597604804053 0.0272784623023297 -0.416605158846739 0.593748404552879
0.0118721331512852 0.0273721803900112 0.197548584978006 0.45846995748318
0.0099880860938543 0.00254462525688863 0.333727903396528 0.0853986374537043
0.0126397542380585 -0.0044947603147821 0.157235627579304 -0.185084352126263
-0.00899320232885133 -0.00253914245268405 -0.14874251397963 0.126714899910666
-0.0115827960677612 0.00774890711533443 -0.264697267831086 -0.0687872531476545
-0.00797891726621936 0.0121602952931129 -0.253129201668715 -0.381719304601986
0.00549332723914939 -0.0116050860711559 0.221685431357043 -0.555807068473875
-0.0199636482499844 -0.0163684202333641 0.739533212851492 -0.0577087234746903
-0.022941305830525 -0.0231221284098959 0.460627157585823 0.597641764854614
-0.0148191157444964 -0.0170201928603316 -0.0957177841442526 0.501443451953118
-0.0129829746963876 -0.0255259067121521 0.0519671657073694 0.0495728411643172
-0.0140389990158843 -0.0348940028527066 0.263814590880283 -0.42920819049092
-0.025840378522551 -0.00208469986294274 -0.325803614655619 -0.768937723414641
-0.00947584319639982 0.00442681287414166 -0.892645053975657 -0.121125935555371
0.0196598379532154 0.0182182964751407 -0.392108522352567 0.604182553714826
0.00849253222656037 0.0200602065985021 0.209493243234385 0.449732606599266
0.000768528428392653 -0.00243562163493721 0.332279080053919 0.0761566456764051
0.00470399138770602 -0.00624271910966738 0.153000044059398 -0.186573151501419
-0.0164203367870225 -0.0026992976007495 -0.150326086640331 0.123151459217921
-0.019932742348195 0.00541652960404855 -0.264319222633695 -0.0759647275307944
-0.0115755284811279 0.00418904934443031 -0.237393044771811 -0.388122274890945
0.00981967409823229 -0.0196002040074466 0.25244621787733 -0.549339376549195
-0.0113882937492925 -0.0162311319839752 0.744264324634395 -0.0326971978522073
-0.0191818849096485 -0.0138291327419859 0.431788356148895 0.611780136600501
-0.0216665444917501 -0.00885428993949468 -0.11389950530961 0.49335368079036
-0.0213907580388944 -0.0184387319382103 0.052405652742496 0.041776469694101
-0.0221647926291901 -0.0246220127443188 0.24804010250618 -0.442542661624776
-0.0227309187527774 0.00843401900205036 -0.361497225035599 -0.758118450243967
0.00201474131592255 0.00510948216024823 -0.891694246900588 -0.0879128633733712
0.0249614312774695 0.00802533064036434 -0.355652133346639 0.615885022058526
0.00469885310053354 0.0107236907300835 0.227848849172821 0.443895117646038
-0.00925776265608736 -0.00693676993028748 0.333882471835844 0.0686071514648594
-0.00320737946865545 -0.00657171296104516 0.150361662442009 -0.18814918029501
-0.0220327748106839 -0.00175316117532956 -0.15080327219149 0.121219167326761
-0.0270122282070841 0.0020552295274025 -0.260626117091545 -0.0834245615641738
-0.0151070544685982 -0.00404217607312388 -0.217356724067948 -0.394074934860648
0.0141895339048164 -0.0270213542491122 0.285359802671106 -0.54013668842591
-0.0008587191936665 -0.0138128394107977 0.749615715618703 -0.000135457685945255
-0.0138479007491928 -0.00328167375872225 0.404916199661566 0.632095268200405
-0.0266327954782459 0.00224471398527561 -0.132277197674286 0.490703378526681
-0.0307004809413451 -0.00805067868309573 0.0484884728714788 0.0367785746058182
-0.0276085903134646 -0.0119590081594502 0.228974404593726 -0.451225525040834
-0.0162702477857202 0.0215501686342146 -0.396932200917178 -0.741741810316652
0.0124356036456922 0.00529692376482158 -0.888659233447208 -0.0475890750375449
0.0277569334357553 -0.000311197961428042 -0.320731507728289 0.628255050473785
0.000729594039532615 0.0016233931496378 0.250206639744319 0.436501116437387
-0.0170474426529818 -0.00913310042303778 0.337080328011335 0.0608750687941723
-0.00975633286060506 -0.00476570174585259 0.147669637165027 -0.19065468641757
-0.0275894968385028 -0.00056509143424497 -0.150001297795196 0.117325565704827
-0.0314836484242603 -0.000309456750524038 -0.255857884530514 -0.0894439462449588
-0.0166888753884762 -0.0123842061060304 -0.197621553629642 -0.396949934720117
0.0182305269265951 -0.0323660140567777 0.313451875876849 -0.527787226293009
0.00910335533662583 -0.0082485340500383 0.753002181502404 0.0292488111817141
-0.00653273950857599 0.00971040810032311 0.376996396560705 0.649223626994007
-0.0289513956968761 0.0143011451230889 -0.152405154992616 0.489775560486648
-0.037532812410882 0.00307313220822812 0.0424742106660223 0.0361581628974419
-0.0299141753214982 0.00172437405597008 0.211547912355923 -0.455292501110564
-0.00667933093212594 0.0334091795850353 -0.429498585851932 -0.721105161427754
0.0211509578745901 0.00736775985102167 -0.884938463405014 -0.00949945006419775
0.0281080223943998 -0.00951017616504907 -0.282376493219247 0.641282665164519
-0.00355654977699189 -0.00656003184387893 0.269205742418372 0.432386879279557
-0.021769730818978 -0.0101370835971011 0.341522496165463 0.0557227715025506
-0.0156672037587579 -0.00321641341340488 0.148669441489124 -0.192113855489941
-0.0293378937685743 0.000705588340643074 -0.147746304021138 0.115245057999753
-0.0320081868366747 -0.00132879185457505 -0.249384181306178 -0.0914644355779481
-0.0163111490224875 -0.0186973099807246 -0.178915209898535 -0.398147754487653
0.0196158656748137 -0.0349707653451246 0.336128011359062 -0.515755245935394
0.0162809279589488 -0.00224659045577237 0.755117320396519 0.0565425144704198
-0.000140248461366543 0.0209430300755565 0.354398134650673 0.667657974131454
-0.0302399563428889 0.0246130495607616 -0.168639862117031 0.492685636315889
-0.0416432425528991 0.0123631669726957 0.0338091781545198 0.0381448007787009
-0.0293252008246152 0.0140722449183725 0.192537820243083 -0.45333694594601
0.00250544455557335 0.0437719488445489 -0.453206927936855 -0.700860472027921
0.0285224571365664 0.00961527859097174 -0.882249378395407 0.0198691048759886
0.0249906085279034 -0.0134085668574548 -0.254967862224575 0.652652050596544
-0.00583882886671649 -0.0115145645259065 0.286601536054344 0.428033833378925
-0.0236055186136889 -0.00934476554734922 0.345190501134762 0.0510252000828577
-0.0182468602264 0.000555044823358091 0.151451746569497 -0.194280786891777
-0.0285383354008101 0.00385095036481414 -0.144019804866639 0.114838327562536
-0.0287898903375964 -0.000245048714367212 -0.245309163325527 -0.0898202425550522
-0.0156568054718825 -0.0215873691984628 -0.17059519733278 -0.393532284737809
0.0174832250901659 -0.0340934516641316 0.346572859033574 -0.507017586837773
0.0201563734170209 0.00346520990312794 0.754508468624996 0.0680724410195654
0.00671872674433355 0.0293925933038572 0.346886550167086 0.676903759641525
-0.0285483754995126 0.032983129296316 -0.179777183365892 0.500523944447906
-0.0417283489363045 0.0203572342807361 0.0246565138530887 0.045060130270436
-0.0254849312706997 0.0229715026707867 0.183587847799979 -0.447379530153736
0.0109109500222101 0.0514309111355039 -0.455915019381195 -0.690016743387661
0.0313046517294702 0.0145319926904928 -0.878285519659613 0.0349750500238023
0.0211328444718631 -0.0122613842163942 -0.246622908072424 0.659149682589611
-0.0056451449731408 -0.0150467500190219 0.29697737285342 0.429509689436488
-0.0212891793615759 -0.00832965433654022 0.350436649245661 0.052078617321378
-0.016489565680719 0.00312372143586999 0.153654382322989 -0.195387464248565
-0.0253951210315652 0.00671094121777733 -0.139873955275772 0.11385842532311
-0.0235452782498562 0.00209938031174875 -0.241064316876674 -0.0874202850246319
-0.0131664766369813 -0.021416632659617 -0.166270954723318 -0.389926367366646
0.0122818100386366 -0.0312882930381297 0.34415936304574 -0.503489809108205
0.0199421791888083 0.00802396937598671 0.757564229298093 0.0730292805509965
0.0123957860251225 0.0338782810369687 0.348346099584196 0.683634457916616
-0.0233196736579205 0.0382941024591283 -0.183193466744069 0.509109895398595
-0.0393720880364489 0.0243339702593486 0.0156109349133546 0.0535452056492447
-0.0197969820566972 0.0266419669348286 0.180983580355467 -0.433742980831005
0.0172790214034273 0.0539989566172447 -0.454792003312556 -0.68116916120112
0.0319588444314485 0.0192267260903068 -0.877574810668226 0.0367100546560335
0.0173520062033126 -0.00833925075299029 -0.246769674888485 0.663036881723818
-0.00369831028701333 -0.0147750932103254 0.300630498757654 0.433532239167334
-0.0149723208012903 -0.00627038782777379 0.355049753696866 0.0550494399458812
-0.012390417198861 0.00471258139382924 0.158942681386844 -0.195127775662687
-0.00261836853759448 -0.0010337700794783 -0.14596152602505 0.126831522666815
-0.00236220872303876 0.0107493178905006 -0.26262201380684 -0.0607818528361697
-0.00236539940311522 0.0185782796051289 -0.262066889646875 -0.368341909299113
0.000550894162222829 -0.0030030960558211 0.195065495171527 -0.553436240632877
-0.0264303487541604 -0.0131013572282249 0.725871724964165 -0.0785773995206514
-0.0227853672304473 -0.0277657905915175 0.479404922191968 0.579397625893075
-0.008108042778567 -0.0227318780952383 -0.0818671915971089 0.503899029212248
-0.00427477267132945 -0.0287405531390624 0.04720283994963 0.058742629093745
-0.00600000248165395 -0.0409331810246583 0.269470156540326 -0.408377493671169
-0.0241945724223056 -0.00963601298798444 -0.293444053393693 -0.76414803765837
-0.0195651536552419 0.00519435971186585 -0.88009746517494 -0.146539751478339
0.0118367866811258 0.0267717405587186 -0.413770756202684 0.586349309997661
0.0115519664912288 0.0268181564882724 0.195206438745077 0.452714546446195
0.0102114273562367 0.00164009701882006 0.33061292087877 0.0841938071739945
0.0125819300663518 -0.00435999963584922 0.156907663922036 -0.183283292645285
-0.00896802057523621 -0.00250488288784667 -0.147833542797566 0.125667302119368
-0.0119443739073103 0.00829575511648361 -0.263670400285623 -0.0679422198761872
-0.0073474528522824 0.0125431671921901 -0.252682618330021 -0.376042307709255
0.00537244371545376 -0.0107671817183244 0.219773259532086 -0.551270994359402
-0.0203060292078364 -0.0159896775795773 0.731933025316843 -0.056239425118448
-0.022429601388324 -0.0230000755076284 0.455935970717373 0.592805385923029
-0.0154184755200245 -0.0171249722401742 -0.0946948865806019 0.49487614943754
-0.0126688977743622 -0.0245312922907593 0.0509075079717939 0.0484284925429325
-0.0144717896575095 -0.0347204395295518 0.262390401512998 -0.42423314162235
-0.0246562121939449 -0.00270464609036426 -0.320784896727215 -0.760248457706994
-0.0100113710326999 0.00372836253747118 -0.88257477176788 -0.12151448175237
0.0195617832180149 0.0191547496939667 -0.38799733238332 0.597963387920696
0.00887390251783314 0.0200270663123848 0.208838383578357 0.446193447583832
0.000375854558683632 -0.00243605612178046 0.329340873511505 0.076450617403667
0.00554429324047181 -0.00546620189949245 0.152653949008274 -0.185455100896962
-0.0159610532845631 -0.00228606874159158 -0.149994168024974 0.121851286107483
-0.02038114990628 0.00430019477928254 -0.261532338625691 -0.0753474221493431
-0.0112079002355415 0.00406304276991177 -0.235542773567032 -0.386194057965875
0.00954511776913614 -0.0195284101777425 0.249883732145567 -0.543525468806971
-0.0113552691913814 -0.0155077236858614 0.738207174033313 -0.0316906423951266
-0.0190307378163243 -0.0143743419298693 0.427534393060966 0.605702115591562
-0.021303062335172 -0.00908114516649009 -0.11298488715195 0.488088828163131
-0.02151750127904 -0.0170311553287023 0.0515789521868376 0.0412421494922607
-0.0212669954939651 -0.0247390983637577 0.246632937693405 -0.436838633102383
-0.022033742695208 0.00821998566782146 -0.355871676152693 -0.751144223534649
0.00178349220968983 0.00420758623453832 -0.881649263428135 -0.0871911215048476
0.0253991820555038 0.00869133767631658 -0.352429919042162 0.609230959024767
0.00459892000550931 0.0110018763557484 0.224330688796043 0.440165443039709
-0.00891648373652363 -0.00652696068151822 0.33137502436068 0.0678991424821566
-0.00359221554585911 -0.00635752897808884 0.149816775617841 -0.186606961937402
-0.0220927181537924 -0.00127745263563243 -0.150601856121553 0.120141155429049
-0.0270584555797175 0.0025425589625121 -0.259017798442903 -0.0820268395535163
-0.0147734763150301 -0.00385559890890592 -0.216436811606577 -0.390028541275162
0.0143668068537688 -0.0270590953553967 0.28103446825892 -0.534327694618068
-0.000817433871287323 -0.0128503335686647 0.741583183216783 -0.00048355423334253
-0.0133199120733794 -0.00274786988747719 0.399618134049536 0.626297982431808
-0.0267422068471983 0.00249319384001332 -0.132050649276957 0.485250503537909
-0.0311443216484383 -0.00772010823318668 0.0477935300870411 0.0364563077425762
-0.027930032974162 -0.0118495289695641 0.228132295379563 -0.446528980522405
-0.0161118568885135 0.0210165882435728 -0.391320365337952 -0.733465684732724
0.012101042480461 0.00530854411093797 -0.879214127551475 -0.0486987088120884
0.0279922128489897 -0.00119478004683698 -0.315654599795351 0.623731678239422
0.000666209477308172 0.00169192921885177 0.246216400259408 0.431549835848361
-0.0174543733922862 -0.00865346475259729 0.333290048985713 0.0599726614759678
-0.010593426825311 -0.00437459462222825 0.147751654961693 -0.189169817251821
-0.0269128696314607 -3.49702472623673E-05 -0.149504970354903 0.116987303506983
-0.0315559628356437 -0.000365466476066895 -0.254295331763001 -0.0888417393950959
-0.0158877914744622 -0.0121547375163841 -0.195586419067226 -0.391159387559774
0.0176198328735676 -0.0317576132216493 0.311715008723752 -0.523675886067774
0.00848214002258156 -0.00837446498074371 0.745067856123598 0.0292844387369845
-0.00639276531934337 0.00955114658597169 0.37269457646903 0.642394901297026
-0.0290321974569958 0.0135782015121247 -0.152278492503717 0.48303566053661
-0.0378739694698135 0.00316661715606972 0.0414796058072349 0.0357404466845201
-0.0302236829091947 0.00202151467386414 0.211113880438079 -0.449592868596567
-0.0063798964998803 0.0330815496811218 -0.422828239789722 -0.715122583052413
0.0215932661525833 0.00703912748335921 -0.876270575015681 -0.0122985998824655
0.0276440257394453 -0.00918126667880809 -0.282101996464747 0.633500338732055
-0.00299817802420599 -0.00660112691751681 0.265906723103959 0.427563661667748
-0.022533120222035 -0.0100773301170643 0.338310283067271 0.0547248040789621
-0.015223195356294 -0.00268598761209441 0.148065872699099 -0.190890427639636
-0.0283119632750397 0.00138013560855077 -0.14763594558189 0.11443345417739
-0.0315342529362449 -0.00139933984366302 -0.247914436300795 -0.0908685612341995
-0.0154276685123601 -0.0184894875827452 -0.177272018838848 -0.393818205239982
0.018733243453045 -0.0341556931437323 0.33458675830905 -0.510546898164381
0.0160657981820727 -0.0014809140399468 0.747743296865235 0.0547756280772656
0.000269017451105365 0.0202025802226887 0.351272226704207 0.660684296166949
-0.0299817446971597 0.0238587807213361 -0.167917040917207 0.486233163454515
-0.0410945283238341 0.0128297023167139 0.0334061360729665 0.0378052376515798
-0.0296588957017696 0.0136373932511995 0.191883770425499 -0.449823976497611
0.0022361645931022 0.0432286434483482 -0.446268301701002 -0.694438872932459
0.0278170908182414 0.00987452867159914 -0.871601309767874 0.020790043114338
0.0253492592517392 -0.0130089914220455 -0.252587032256275 0.646794023504749
-0.00578332265910564 -0.0127025359026558 0.283653257843007 0.423460619900305
-0.0236447625561263 -0.00977477071178321 0.341588728948479 0.0500869680961248
-0.0176695642617753 -0.000208678526454394 0.150204543415726 -0.192384080851801
-0.0286775300274877 0.00396168595643617 -0.143302019212797 0.113572840976515
-0.0291557072029629 0.000260167913054667 -0.243258759207901 -0.0891382230359816
-0.0147567088237321 -0.0217948115609744 -0.168618468562069 -0.389030966720398
0.0169123886596451 -0.0336564863521655 0.343369319756011 -0.502602683513159
0.0201353360026297 0.00367092388358087 0.748036737921006 0.0681945901965351
0.00704835366825263 0.029556743968077 0.343161797985796 0.669023006454811
-0.0284871004780047 0.0330777141972727 -0.17923088794443 0.493820355105666
-0.0425643566318584 0.0202804433865937 0.0234769842698636 0.0444842933634479
-0.025737145880534 0.0225731923609111 0.183351176991208 -0.441714201176651
0.0111233945524612 0.0502035926795092 -0.451325057354484 -0.682673221499499
0.0318999530038343 0.0143472362807797 -0.8700696363036 0.0330875061336788
0.0210128479319324 -0.0126360709625345 -0.245138889930408 0.650470928867227
-0.00549601783605665 -0.0154270506608365 0.293582299409644 0.425970109104726
-0.0207250496439616 -0.00734255127488813 0.347433248824207 0.0507036503968193
-0.0161171125655355 0.003158307640834 0.152975734598943 -0.193191326005109
-0.0261095079211506 0.00693411730413159 -0.139751042431096 0.113117481458816
-0.023864337250241 0.00297446157517801 -0.239442153879603 -0.0880930296460658
-0.0130622248964393 -0.0213160396466787 -0.164860064888598 -0.384641574888379
0.011626215385255 -0.031100693649502 0.342226023578115 -0.499403896980009
0.0199826992261575 0.00797500120584897 0.749184576840294 0.0719178615883481
0.0131327683012125 0.0326354108373319 0.346436400053593 0.676638379987573
-0.0234535527477838 0.0372670831698185 -0.182957103903007 0.502843313395354
-0.0391023884394893 0.0245652387929255 0.0151994466449527 0.052897914698475
-0.0200632738595118 0.0267626867878145 0.180219447549397 -0.429884570084253
0.0179025810109601 0.052676293830508 -0.447828881425178 -0.673681857628966
0.0314856826304474 0.019738061023075 -0.868700052217303 0.0345063363210659
0.0176347356938659 -0.00822797443208268 -0.244588005359403 0.656405488534845
-0.00346970339710305 -0.0148498075094895 0.296333650720738 0.428817638818421
-0.0144970216502119 -0.00622571116470134 0.352129267178165 0.0542319554728738
-0.0130207514089414 0.00492049128485443 0.157634765295425 -0.192953822657203
-0.00317723584690831 -0.00085924606175624 -0.14621666082761 0.125394726207161
-0.00293418521404371 0.0109290681726361 -0.26075522572175 -0.0605413405738119
-0.00179887988941761 0.0183018369010301 -0.260206919843994 -0.36623210626225
0.000416033295215406 -0.0032498201021482 0.195438746084495 -0.547722107201435
-0.0263944718552485 -0.0130197656180826 0.7184174738514 -0.077478188367306
-0.0224794954596046 -0.028044696248355 0.472622501372784 0.578110137383352
-0.00803543206418438 -0.0225284196170171 -0.0830174320409048 0.49785376921272
-0.0036823968889163 -0.028324678078067 0.0467171794092932 0.0578568409669356
-0.00636294136599156 -0.0403354511390239 0.26995303296566 -0.404685033092811
-0.0238205951511985 -0.0100915366326449 -0.287369607306678 -0.758268346397321
-0.019012915586693 0.00486513273131501 -0.871649423660651 -0.147996356512602
0.011820298637849 0.0264324800554873 -0.4126828279176 0.580851596907104
0.0120875579145351 0.0266776841057597 0.191114262794866 0.449922906027023
0.00980417470311955 0.00235452130680092 0.327451791594621 0.083904483119598
0.0123680360295672 -0.00457846840804848 0.156672750228162 -0.181234690826457
-0.00909157192017527 -0.00182717075078776 -0.147861692727197 0.125182861702576
-0.0115119479973472 0.00824450998921091 -0.262021351067707 -0.0684035561724057
-0.00694095740976259 0.0120889470789205 -0.249604720619271 -0.373844540267628
0.00506051282010936 -0.0110038285063258 0.2202158195643 -0.545715187361305
-0.020265456995892 -0.0154140538825118 0.725426605445207 -0.0552258987458855
-0.021917885056831 -0.0227860853855486 0.450401628110552 0.589167052893237
-0.0148581217731031 -0.0170421855447724 -0.0972487573253545 0.48892726765147
-0.0122628302883789 -0.0245489301439906 0.0501848620964099 0.048204716540241
-0.0139630180483311 -0.0348207721950555 0.260383572704899 -0.417932164098353
-0.0240355342610442 -0.00282670304148711 -0.314376615913556 -0.753932991815383
-0.00911913201423237 0.00428433204368827 -0.875431666125647 -0.122732040014386
0.0200090864826189 0.0182932205818046 -0.386545859416979 0.590673838828422
0.00869628446983109 0.0198593954394533 0.204209812672051 0.441961095691649
0.000238850559153686 -0.00320486357293684 0.326575474581578 0.076203833274074
0.00503449774878339 -0.00594808733914122 0.15261186762839 -0.183668285265263
-0.0159252053467917 -0.0024785147888856 -0.149765505507922 0.121548336844929
-0.0198987919322936 0.00539157306846918 -0.260397637663984 -0.0758378961379123
-0.0107022557279016 0.00461202192755733 -0.233315498634055 -0.380436676238685
0.00965768534348789 -0.0194933900989394 0.249968633409763 -0.53937475262528
-0.0113129382871933 -0.0153444097600236 0.73061506374361 -0.0298178843963551
-0.019044240137601 -0.0142188920416647 0.421474159808965 0.601603899174849
-0.0212042007676227 -0.00864429507211128 -0.113694044285477 0.483457790694295
-0.0215704312176558 -0.016728680045047 0.0502332059419617 0.0410590986112235
-0.0215787935539863 -0.0246679198138181 0.246287453834144 -0.430722188755075
-0.0215499101375476 0.00844499638956044 -0.348540342553332 -0.742750374281389
0.00190852250758921 0.00406661326655953 -0.873375180535208 -0.0883961266191966
0.0257216525747098 0.00860786412503445 -0.351481299365636 0.601693566828962
0.00524991627902831 0.0105382062368929 0.2217211692347 0.435412497856144
-0.00911066758301267 -0.00659273010897481 0.327776934831578 0.0676310978383249
-0.00348001629533376 -0.00560510545893116 0.150167906523363 -0.185278948203076
-0.0222775283414249 -0.00158584214621245 -0.150186887296543 0.117898855660845
-0.0272745414278476 0.00272770096805953 -0.257066905898335 -0.0819471426150337
-0.0138113075629446 -0.00403575077554055 -0.214130858697456 -0.385228516107806
0.0144502818526555 -0.0267031652361758 0.281241975844546 -0.528080463333129
-0.000968579929041095 -0.0128650732444472 0.736104531110794 0.00130246571550387
-0.013306029609294 -0.00305417439264018 0.393888235937683 0.621286561193375
-0.0257004778171308 0.0022637563677047 -0.13273788679086 0.479318201196993
-0.030223104211974 -0.0076289999247417 0.0462817845387084 0.0366530327660273
-0.0273727149491337 -0.0117686983720329 0.22840495768622 -0.439520144577068
-0.015388280825722 0.0206252731737882 -0.382882263469891 -0.727982910539152
0.0126464180149399 0.00588673840109909 -0.869454519035526 -0.0510502072744686
0.0281872993250663 -0.00108951371332782 -0.316091898184922 0.615705586074
0.00118343049308353 0.00193383414162562 0.242431761283316 0.429037872566307
-0.0168447263242556 -0.00921545634259185 0.330673350217275 0.0608241736795664
-0.0107496342046253 -0.0054179034659588 0.14900205415019 -0.186792538860347
-0.0267024969020147 -6.22313445974793E-05 -0.150383674082747 0.11571530628879
-0.0306931371421058 6.6813575390167E-05 -0.252824369959076 -0.0877650116971755
-0.0152339058427521 -0.011703466165445 -0.194084874466208 -0.389350320392918
0.0181085336823154 -0.0316579205618819 0.309532984249233 -0.516945975230597
0.00867575215884824 -0.00761270563469494 0.739359453250373 0.0310333277034582
-0.00692373608655459 0.00915000090630283 0.367302997389111 0.637857917353651
-0.0298065681802753 0.013674970164251 -0.152609593040109 0.479471615441864
-0.0373820529538185 0.00271987611327947 0.0408644200681136 0.034936436003991
-0.0300365657996719 0.00198597701945061 0.209969027623729 -0.444316453424322
-0.00650170797320252 0.0322464077556239 -0.41434681933031 -0.709380037585561
0.0217447251338449 0.0070767549339079 -0.867608863834151 -0.0132498625855134
0.0282195183236126 -0.00823024101533479 -0.280678964177846 0.62833289813142
-0.00238106487180184 -0.00659242931133453 0.262260314404789 0.423369797465768
-0.0217506444168343 -0.00996852372445169 0.33502892951327 0.0542135817098502
-0.0157102288016301 -0.00329343375346527 0.149359790877605 -0.188548416768721
-0.0285807948313816 0.00182799292928049 -0.146402776525374 0.113114129043751
-0.0318182780579136 -0.00108122264953436 -0.246790563489494 -0.0904449496045482
-0.0150889804600188 -0.018131101452385 -0.174463559158807 -0.390703539539059
0.0186435443938889 -0.0336673874641786 0.332229162590829 -0.506651550492308
0.0159230442247756 -0.00110864688869822 0.740802028375732 0.0566209033770153
8.97134293104274E-05 0.0203015003675142 0.346748632120805 0.655294373462552
-0.0299392105575754 0.0239634214402026 -0.168548723277122 0.480707455968482
-0.0406568529257592 0.012491772781467 0.0326471160129893 0.0373617684746791
-0.0291139624450564 0.0136548647398459 0.193397523655737 -0.443595680171585
0.00310886692541108 0.0430615170430408 -0.439009309960282 -0.689552016875734
0.0277836869910399 0.00973429254050873 -0.863718705253473 0.0203010070740124
0.025236804023767 -0.0119843426212817 -0.253074176285248 0.637857353634941
-0.00550318880514653 -0.0119354565547366 0.280430551903864 0.420993258900175
-0.0235338201394567 -0.0102087723796087 0.339415132274069 0.0501301795436112
-0.0179450534993028 -0.000144673383470744 0.150343129120706 -0.190841648049141
-0.0283114290833915 0.00419785448071196 -0.143900422006976 0.113023119311357
-0.0290253925998929 0.00014331245988629 -0.241806416768285 -0.0896396634977918
-0.013780345774186 -0.0214799581612377 -0.166999814819068 -0.384895639679235
0.016720246684352 -0.0330664774000265 0.342656444730478 -0.496902002778221
0.0196465541634844 0.00425052720196109 0.74231714239975 0.0698741423008033
0.00659208521323804 0.0287771243000295 0.338031123287286 0.665618606612538
-0.0281908312786257 0.0323534362734231 -0.179443885341802 0.489032226424404
-0.0418203074742416 0.0202586918619885 0.0229342139035617 0.0440827426996955
-0.0259169900132611 0.0221955135727856 0.184169270365401 -0.435776865826366
0.0112668425854549 0.0487724928808681 -0.443956138470244 -0.677701401932936
0.0318016149432799 0.0142532149108557 -0.862564408348974 0.0289350666557555
0.0220410654786466 -0.0125582710713491 -0.244819744066442 0.644620481564166
-0.00579261278394962 -0.0150239599982303 0.290143103087035 0.422738832561986
-0.0206367899094645 -0.00830323738553532 0.344605790939251 0.0512072317519428
-0.016668743888156 0.00292858838126639 0.152940015286906 -0.191573140127072
-0.0255267473542922 0.00727630196490682 -0.139395629168459 0.112237234522275
-0.0234085686734551 0.00259482103781647 -0.23829913123362 -0.0868164605997471
-0.0127945985214472 -0.0205627293499869 -0.162705454167865 -0.381426605309023
0.0124155447194157 -0.0303413061935385 0.340163096287265 -0.4928106698955
0.0192607643202549 0.00877155777746771 0.742906346764427 0.0733069518478246
0.012799846374275 0.0326557996345404 0.340688835001305 0.671820600892791
-0.0241575798417838 0.0368544217012321 -0.183151581302415 0.496574570059426
-0.038959055501163 0.0240570557412767 0.0143092561643567 0.0526132369516398
-0.0205469862660415 0.0261219664171062 0.179641211078126 -0.423692109631037
0.0178585474861766 0.0519056416617925 -0.440851259104655 -0.668727676764648
0.0316643119612445 0.0192152391410156 -0.861636592059305 0.032469816897172
0.0180719068772123 -0.00812094925121722 -0.244646157224731 0.649846529433175
-0.00356301658082437 -0.0152923703318147 0.292785195986163 0.426028028591188
-0.0148502900743432 -0.00611225787416664 0.350340253008429 0.0550198433310957
-0.0128574559196481 0.00508558628657903 0.157934736059785 -0.191127564341369
-0.00324111041190989 -0.000188210637535055 -0.14599526056479 0.125089163465428
-0.00298333763362656 0.0107846342880648 -0.260059617674881 -0.0617070068373693
-0.00162103636341534 0.0186592555123332 -0.257072226867264 -0.362978015447105
0.000234825411057778 -0.00267179354565845 0.196064704265746 -0.544075237455015
-0.026261780421089 -0.0129380332333669 0.714913666355555 -0.0735347850574986
-0.0223570330997622 -0.0275440186434556 0.467216642029161 0.57633295366177
-0.00831084318881433 -0.0221031890050289 -0.0862339063864087 0.492949573973599
-0.00442641135913382 -0.0285746182382377 0.0455855737657641 0.0581821907115927
-0.00582684403458971 -0.0403861548863233 0.27016393325275 -0.399087618807403
-0.0236531328143302 -0.0108434867110095 -0.279221423286402 -0.753691370393166
-0.0185118570519229 0.00487579433687993 -0.864108766349462 -0.15002245589574
0.0121573440571979 0.0266884282924029 -0.414273112943931 0.573609989559568
0.011812209706125 0.0260870439680818 0.186699485453236 0.448610520987672
0.00974519397541318 0.00263540033717025 0.32512609443228 0.0853877109325614
0.0123203522863555 -0.0044923850126875 0.156911649671971 -0.179653040508335
-0.00937321845826063 -0.00149319723514654 -0.148601828188226 0.123778502175057
-0.0122818154841177 0.00826927039198181 -0.260180760204259 -0.0679430366572939
-0.00707043231055361 0.0126082852951708 -0.24498707666196 -0.371318554079526
0.00496259032545762 -0.0108264345022729 0.218813516711308 -0.540964119242771
-0.0198923994106192 -0.0148188773592167 0.721001502907756 -0.0505905798237155
-0.0213547074658963 -0.0233365819875032 0.444273709559636 0.586608699343105
-0.0146557763090357 -0.0163830534814952 -0.0988519643971823 0.484396049162983
-0.0118267864046015 -0.0236891379236433 0.049177688488107 0.048509607442966
-0.0140004072417001 -0.0343590467754574 0.263053583422849 -0.414408898382904
-0.0232445504502511 -0.00281877222652703 -0.308479846101062 -0.75006096706914
-0.00916675872140617 0.00406521246483652 -0.867152212966203 -0.12419512700012
0.0198725040817507 0.017982503162824 -0.386343470010935 0.586229385208599
0.0085940349041426 0.0194966214322825 0.201741417660304 0.440566000061453
-5.06571121213209E-05 -0.00233723449713836 0.324161882618932 0.0764562026813018
0.00431077785780503 -0.00645510206505385 0.153341700042821 -0.180851766149025
-0.0161672315491577 -0.000741745225197734 -0.151513915061891 0.120431491261182
-0.0202505646066545 0.00524086770132438 -0.259603358666837 -0.0754646059764286
-0.0108293831490016 0.00484380674610637 -0.230467720962242 -0.378503995769461
0.00959045934810313 -0.0193165508678681 0.250324392740329 -0.533073440216811
-0.0110816969359537 -0.0153856731044293 0.725647106296819 -0.0261471701795655
-0.0181705503085615 -0.0140783369755585 0.416668863047641 0.600824969658019
-0.0218422552102759 -0.00853918721426628 -0.116390152465833 0.478184974678143
-0.02150911986324 -0.016647220195327 0.049105801700688 0.040650166419363
-0.0223052451902935 -0.0247504460490466 0.246929083974773 -0.427023893286318
-0.0209917253322043 0.00783228938039275 -0.342964152563834 -0.73858374669223
0.00190143908312038 0.00415710529276195 -0.867986844757201 -0.0917006996266657
0.0261720160303019 0.00848582546132715 -0.351729001476117 0.596914047308481
0.00466812274463218 0.0100655136194388 0.21735533898689 0.433825735109754
-0.0086736066563342 -0.00635204027559491 0.324985025397503 0.0689548175134893
-0.00378883680824322 -0.00602734963721689 0.150359795845205 -0.184109417262865
-0.0221670413409575 -0.000742379539104889 -0.15106140732468 0.11795505719987
-0.0265784979783083 0.00248994110787358 -0.255841373803311 -0.0828752452235989
-0.0137925298773908 -0.00456752575315417 -0.210789125375404 -0.38370463704327
0.0138896075243911 -0.0257654265625905 0.280936895607833 -0.524153604456676
-0.00116174380245826 -0.0120597424111773 0.731177944967925 0.00520360264086095
-0.0130170422721116 -0.00330611609088331 0.388087517040313 0.619774729609663
-0.0257197225617334 0.00161370067722392 -0.135723016031909 0.474652168756461
-0.0307137809799014 -0.00759135302856557 0.0456380429060359 0.0363657820321758
-0.027447203144645 -0.0117603035715789 0.230058926083977 -0.436072865510706
-0.0148092244967883 0.020253964644519 -0.376016250899913 -0.725136545557825
0.013046352654121 0.00549675346415456 -0.863268864163737 -0.0549601322247438
0.0288783323960508 -0.000666613339316705 -0.316876249287975 0.610015988232188
0.00103161431517126 0.000673949776685941 0.239228270531901 0.427458386224605
-0.016185736857901 -0.00954762088874359 0.329270804881976 0.0608457527762243
-0.0106464295532336 -0.00505217752809016 0.149518748705882 -0.184974094795586
-0.0263239198269789 -0.000462163791570999 -0.150074524838993 0.114799140286114
-0.0308983621022815 -0.000107515904475008 -0.250490706863012 -0.0880030157940127
-0.0148570113008506 -0.011827392856757 -0.190849925860096 -0.386403578734128
0.017612834755576 -0.0312115516592593 0.310015229381057 -0.511252261360084
0.00889829245698859 -0.00735656289684193 0.731613689501375 0.0336677290885905
-0.00603787906906343 0.00910162395391211 0.361837247593872 0.635089296089496
-0.0294997112568122 0.0135223490954886 -0.154087289943611 0.474154710878713
-0.0374045438476426 0.00223230093923017 0.0394162742352772 0.0355574080421188
-0.0305472012642763 0.00130349456540584 0.210785398839201 -0.440295685213139
-0.00599360611285416 0.0323211308652118 -0.406846919895164 -0.706010305346399
0.021496173355229 0.00706357558925301 -0.862702094604704 -0.0156349494944422
0.0280233759565346 -0.00869576698057514 -0.281656800978958 0.621077883697181
-0.00236378618200167 -0.00689315378535904 0.259186977569562 0.422397619299486
-0.0219131428676043 -0.00968796892950095 0.332762743688903 0.0558538528040446
-0.0156056331898984 -0.00322992737480617 0.149782494755525 -0.187039835741537
-0.0287591629212089 0.00235604894118204 -0.148203120892048 0.112995089823521
-0.0311276897180448 -0.000714112459652163 -0.245742965256386 -0.0902025998252958
-0.0147094458804175 -0.0186989471479723 -0.174408708568063 -0.386646913950429
0.0189379596039007 -0.0337067704715593 0.332504260166232 -0.49938942823177
0.0150586387235804 -0.00123368331735502 0.735242087140675 0.0582745274877466
0.000356683001693817 0.0199149473922106 0.338753497350399 0.651974451621609
-0.0299716339768824 0.0232866925931557 -0.17073903315348 0.476979741345481
-0.0407297139971735 0.011664308087708 0.031893686181326 0.0377764103363527
-0.029416302635935 0.0125972372491434 0.194001352781215 -0.438633763599646
0.00241704579279217 0.0417362046278671 -0.430647773684582 -0.686758651809565
0.0276208730641792 0.0101954807835341 -0.858263212720394 0.0128846802579165
0.0251997225245432 -0.0128117904884348 -0.253450303958645 0.632094727855621
-0.00524703751392978 -0.012980908467115 0.276563062309657 0.419237904310439
-0.0237402016979025 -0.00934225490889756 0.336742527458201 0.051587856064648
-0.0176406229935555 -0.000203765411410218 0.150794544149551 -0.1884499060753
-0.0280362970950309 0.00449153140178999 -0.143814366918553 0.112026697628457
-0.0282872063145711 0.000523077612359259 -0.241142549645527 -0.0899815319572164
-0.0136261698964922 -0.0213443140911849 -0.164172825481046 -0.382716881639109
0.0172221739326517 -0.032799434340114 0.340911110544709 -0.491226283283282
0.0194450351163732 0.00457021288865516 0.736166186822114 0.0724002044774444
0.006828031171244 0.0283218195884931 0.332296800275559 0.66172700253991
-0.0288979121781359 0.0317042279390659 -0.181059856371712 0.48383718841378
-0.0418495641713295 0.0203228134094925 0.0223617590451883 0.0442985531773634
-0.0264573169186572 0.0219212538663617 0.184638088962046 -0.430729771866445
0.0118786483345905 0.0485478533011434 -0.434617510685986 -0.675420755394805
0.0315782979575684 0.0145937488800021 -0.855555715454339 0.0256901553249968
0.0218780467115467 -0.0123231778449582 -0.245361689728265 0.640217453225839
-0.00522924802926132 -0.0154963066222135 0.285060786508177 0.421395838466394
-0.0209076542880541 -0.00877089912024607 0.341509979510186 0.0519794700996281
-0.0165836967704708 0.00193169146563574 0.154084766308842 -0.19017388922406
-0.0253208949487687 0.00759947710078742 -0.140774264921037 0.111592005896413
-0.0231514577899196 0.00289184361656489 -0.237074264802161 -0.0871459924417964
-0.0114991286959218 -0.0205760759663589 -0.160056596999827 -0.378631436517308
0.012297619898659 -0.0298385498481885 0.33990577892873 -0.48868389357607
0.0196193828950845 0.00836056092419188 0.73745779663775 0.0756608508813825
0.0129650364063978 0.0324368454053322 0.333299471862108 0.668570009226323
-0.0242526512010478 0.0362822293682937 -0.183759546495684 0.492338134804246
-0.0379382166450646 0.0232836570161344 0.0133427998694413 0.0522035731986343
-0.0203852022596755 0.0255005420025405 0.180663254901997 -0.419628950990547
0.0177668756296753 0.050883865456828 -0.433033611149296 -0.667659165728121
0.0318699720038657 0.0187584457920717 -0.857687956012489 0.0274109908571995
0.0178744005847355 -0.00769937699630796 -0.246649851312873 0.642244238903846
-0.0030901617502571 -0.0153132541975108 0.286655136896628 0.425112176888348
-0.0147282005003743 -0.00668975502713681 0.346572451310561 0.0551326932163483
-0.0126438553150424 0.00457409789291616 0.158626357679306 -0.189789430207878
-0.00381464058748252 0.000654587218135116 -0.146896618212232 0.123205191110305
-0.00347820049704967 0.0111807665425723 -0.259618666651865 -0.062164696556421
-0.00151936020005523 0.0187846005277706 -0.253629791920481 -0.362550322045942
0.000403617262416421 -0.0029789095765396 0.197969089285629 -0.540645449096527
-0.0263254118438901 -0.0123191141277024 0.712592297233705 -0.0683376489362858
-0.0221007483168377 -0.0279944358104333 0.462362918348733 0.575423405004868
-0.00818061017144061 -0.0223775252574297 -0.0907866145327437 0.490392960439058
-0.00336608913803486 -0.0278894082728414 0.0443799414613718 0.0578019448097217
-0.00561962085756646 -0.0405642672831675 0.271675232716177 -0.395179660195639
-0.0224840463400141 -0.0105451020792787 -0.271826303020491 -0.750952040156153
-0.019160572802443 0.00495712505304391 -0.860095522923536 -0.155668564698962
0.0115542774851949 0.0271594762564764 -0.414765273726917 0.568382537819756
0.0122105944504824 0.0262518652508605 0.184038435865578 0.447047498065574
0.00907378823175362 0.00207100271558564 0.322908408680464 0.0861341222145145
0.0121693516152649 -0.00394633201007587 0.157344734444388 -0.178978564438307
-0.00958611665410699 -0.0018949850071759 -0.149889085224582 0.122442652176547
-0.011533555328548 0.00829735290515357 -0.260867139170484 -0.0694032203725766
-0.00584081207557763 0.0128556807664949 -0.242203289492359 -0.37103700135631
0.00495154012160743 -0.0112536483697193 0.221149560024516 -0.539136575807928
-0.0199022563833479 -0.0150787562070199 0.716113748227016 -0.0465480910638338
-0.0214825402317649 -0.0230808140779482 0.439717549926904 0.587275329490299
-0.0143872870172374 -0.0172282744907432 -0.103244188637288 0.481373814431041
-0.0127193789374337 -0.0236674513459281 0.0485426106523771 0.0475372801927037
-0.0137583479831098 -0.0347897739809224 0.26463291973187 -0.410247619067812
-0.022641037703924 -0.00355832062016448 -0.300715781111134 -0.749497925647336
-0.00870886433551565 0.00368132249825691 -0.86297095182673 -0.130957144790951
0.0199304363013432 0.0183618893173954 -0.389147005044505 0.580367047421423
0.00928498260461163 0.0183269357728367 0.198282460117886 0.439787763064355
0.000320709868325112 -0.00320971653296849 0.322733508532677 0.0776839471946751
0.00401192448771423 -0.0051115562762241 0.15518907968342 -0.179575050642193
-0.0165661448864012 -0.00131342818990423 -0.151148032142644 0.119611192036412
-0.0206911194747319 0.0058595110698466 -0.258299131524952 -0.0766970363008951
-0.0104877898811686 0.00451097700065678 -0.226232157391838 -0.376984338603859
0.00972737049171778 -0.0189771780449223 0.250731706365821 -0.530902949351044
-0.0116864269378415 -0.0151436783579155 0.721796896051158 -0.0222505738085509
-0.0184685271717943 -0.0144907551742033 0.410655669285424 0.600010607295387
-0.0208956219540233 -0.00913806236526425 -0.119489894994936 0.474742398615635
-0.0216641531156757 -0.0167524940301799 0.0486822653088313 0.0412699319821932
-0.022044603206226 -0.0248549011466302 0.249258789227318 -0.421553500303934
-0.0195762701087378 0.00717036027115942 -0.334007924090277 -0.738040036967533
0.00236394264530285 0.00444742996442062 -0.862941587336511 -0.0971921966174077
0.0261042835535099 0.00838583870240152 -0.353124345918235 0.591677637872248
0.00475631247561436 0.010593696915612 0.214652726463404 0.433336044882393
-0.00818082591165071 -0.00683076519751706 0.323741647370448 0.0700610368923745
-0.00281371577491897 -0.00649753015660417 0.152372447928864 -0.182386328427072
-0.0223370337339732 -0.000983174231814883 -0.153127946931488 0.116596075890027
-0.0271214145650418 0.0022867759321984 -0.25590008979578 -0.0836090000796328
-0.0136311174674589 -0.00403589507464633 -0.208011721824145 -0.383473238441715
0.0138460059945838 -0.0263176715472076 0.283554694354984 -0.520899590210585
-0.000856517490602986 -0.0119409999211015 0.72764766724114 0.00726557764365518
-0.0132786528659393 -0.00317902219467467 0.382118604405879 0.619224101670631
-0.0269632005348484 0.00159835566706801 -0.139201109768573 0.46966596521452
-0.0299233893186714 -0.00764463600498171 0.0447657116847494 0.0363729749810547
-0.027952778763145 -0.0124198339647539 0.233179354277959 -0.432027380658809
-0.0144141439680052 0.0197066056447748 -0.368592018271215 -0.723803058400487
0.0128077632931901 0.00555826553527507 -0.859761730995508 -0.0579797744709396
0.028873389373684 3.75476468682783E-05 -0.319817231859418 0.60435693616859
0.000953847364595288 0.000709988749333645 0.234034786736125 0.427686397957301
-0.0165078722541524 -0.00966042563722041 0.326486587011923 0.0625313491438799
-0.0102294292677311 -0.00507966649515677 0.151070958940194 -0.184207200143927
-0.0265461900671998 0.000192473016598966 -0.15143798679689 0.113604380454611
-0.0314547115144863 0.000481058669546195 -0.249980289310104 -0.0894106489157145
-0.0144215186917993 -0.0121163579834459 -0.187563671379055 -0.384856560476615
0.0172146352648217 -0.0312702196175612 0.311683752311326 -0.507708347036835
0.008754212043125 -0.00633449601839614 0.730268836561347 0.0371973376386225
-0.00613944376723891 0.00864973288440192 0.356494784898484 0.634270766635676
-0.0296915175615479 0.0125348477494889 -0.157837386333286 0.469452422826992
-0.0366950055020137 0.00329097284103714 0.0390211390739806 0.0351831588906151
-0.0297481175786302 0.000702621735173401 0.214295000141079 -0.437300183645863
-0.00597678911085525 0.0317589537959435 -0.39962376318448 -0.704776863957682
0.0209998849419466 0.00743596786991016 -0.857855442080864 -0.0219843725039778
0.0284512111292062 -0.00817693321777052 -0.284679695748499 0.617846575433129
-0.00237842162599597 -0.00710936601513499 0.254365149291541 0.422625826955264
-0.0218523596893565 -0.0101257137889633 0.330969258310951 0.0584135670436524
-0.0160917472410598 -0.00406646859285134 0.151751322327535 -0.18592571562158
-0.0283466757095278 0.00250221468066548 -0.149762315593532 0.112207315517542
-0.0309199758497085 -0.000444008708780093 -0.24528448463396 -0.0923358922840219
-0.0143322926851898 -0.0181490211950438 -0.16965043555105 -0.3857053198277
0.0187396451469231 -0.0331886226193886 0.335483724201489 -0.495417888228989
0.0158080869401942 -0.000983936099227222 0.732380655754635 0.0653875505755508
-7.39102321287849E-06 0.0198048762797747 0.334554334731915 0.6527474907243
-0.0311795959803899 0.0231241052648309 -0.174569901023097 0.472723271496499
-0.040957006824094 0.0113965969935922 0.0308821689328169 0.0374306682525587
-0.0305401304677251 0.0124701202205373 0.19717593666528 -0.434714270789701
0.00337545425694968 0.0409691255108412 -0.42302294863937 -0.685720377364785
0.0274412224292097 0.0100177512463215 -0.855038138600111 0.00835384720126764
0.0258090480706668 -0.012407212663685 -0.256576092133309 0.627993589235043
-0.00546174832159107 -0.0123209618440597 0.273069822300697 0.419209712259993
-0.0236867218577963 -0.00915662368726614 0.336411284476371 0.0532129664696421
-0.0180034335741517 0.000197470660970484 0.152892606798722 -0.186875154878415
-0.0280586523785593 0.00457357917190524 -0.145732736552242 0.110804402977194
-0.0283731476404041 0.000591812186714589 -0.239955084589666 -0.0903316948754193
-0.0131008380241563 -0.0217934988956178 -0.161634164468539 -0.382066123748426
0.0173131884824505 -0.0327769330065624 0.342184149531073 -0.487580225029876
0.0198667518435701 0.00506923682970937 0.732125004669414 0.0754394659487785
0.00677013393423555 0.0283785681906526 0.326446283507869 0.661563763009172
-0.0282496075024672 0.0317077935535757 -0.184419483839081 0.479871168059554
-0.0413034912420052 0.0192543122572756 0.0209568454953894 0.0439215924069682
-0.0268443306048713 0.0214835242461668 0.18809104067734 -0.427367887054102
0.0115171029706455 0.0474515007995416 -0.42717913831374 -0.676226031466481
0.0312897378547347 0.0140318323019516 -0.852723321665944 0.0211169244098887
0.0220458724702646 -0.0117302397198008 -0.249235348076351 0.634914859003109
-0.00531366357818966 -0.0159620845488815 0.281007733264422 0.420943073574927
-0.0207288155897473 -0.00906987925361431 0.341292279874276 0.0542620704672874
-0.0168426574016667 0.00215304216807595 0.15511473293054 -0.188814984807201
-0.0256771903784605 0.0076741447311774 -0.142032886652355 0.111287740524899
-0.0232463973473338 0.00312675026536059 -0.237277071461843 -0.0881435238204244
-0.0109211272798408 -0.0204150222430647 -0.156890114184181 -0.378346421539698
0.0117984923132895 -0.029681896337333 0.341349383332557 -0.484457948304472
0.0188995494947144 0.00885104037870922 0.733563181886643 0.0787205284084002
0.0128177805301191 0.0328283243058985 0.329492544789238 0.666914052340191
-0.0248619305552015 0.0352839670615462 -0.187973934417564 0.487766529551599
-0.0381974836674051 0.0233478217806994 0.0126343098111455 0.0521491610399444
-0.0212345209731989 0.0254290927350911 0.184523104182903 -0.415837479106609
0.0177408517802432 0.0506842073869462 -0.424496692882588 -0.666461800141679
0.0311318026576152 0.0182936419675706 -0.852979688270541 0.0237154495251391
0.0186059978169994 -0.00794309181026504 -0.248655531992228 0.639315442148839
-0.00317419448072059 -0.0155283327850316 0.284701227871315 0.425189528776763
-0.0146565066417835 -0.00619714834263496 0.345326789344445 0.0566525916328708
-0.013409298903684 0.00485479737524997 0.160284102127661 -0.187842182791307
-0.00377621364897857 0.000405154123343628 -0.149038728635905 0.123118859126574
-0.00313591714324096 0.0117491355820851 -0.2597236333623 -0.0645690935409171
-0.00132484908657994 0.0183619126553634 -0.249653997803781 -0.364301284846876
0.000377117568940611 -0.0026008790035312 0.200175845038415 -0.536947147765221
-0.0258956749191585 -0.0121747440906604 0.710679430924917 -0.0645798115595462
-0.0216347615345084 -0.0283524996147152 0.456027858739735 0.577468777065799
-0.00880743955620657 -0.0223876347422281 -0.0936577583535967 0.486312159477544
-0.00363072203350401 -0.028031317710383 0.0430439005854354 0.0572314436777476
-0.0058570294124623 -0.0400420546327765 0.276035034204642 -0.390998962984554
-0.0220759587505417 -0.0107069935334895 -0.264098812989813 -0.750326945944555
-0.0182852526572515 0.00462894996936274 -0.855876603385615 -0.1609359301019
0.0123533980701185 0.0267905907539307 -0.416634349842178 0.564275166003038
0.010843539335616 0.0261077270885393 0.179697236661921 0.447408941891026
0.00945665547473333 0.00222969276653806 0.322294041979433 0.0889941229124643
0.0114881353571844 -0.00451412991212355 0.161019156960191 -0.177285261069413
-0.00977440013443799 -0.000894709793716427 -0.151699922749149 0.121979454379849
-0.0114929169961125 0.0089655590312058 -0.25982181249683 -0.0707573715278729
-0.00600201448204827 0.0119492709340489 -0.238493969329409 -0.370769887542283
0.00465274724151432 -0.0105970900891738 0.224788424550162 -0.534612531341847
-0.0195599539890496 -0.0146347141444841 0.714376156889858 -0.0416115011029353
-0.0214842577993787 -0.0235791541586487 0.434258876221348 0.58846852470232
-0.015224431004493 -0.01711540211754 -0.106290102463468 0.478205846818699
-0.0122044109360101 -0.0234267377259834 0.0481346049285541 0.0483761605885369
-0.0136317854934128 -0.0350805833595718 0.266523072559415 -0.405915692724289
-0.022859799904634 -0.00458151647173228 -0.292854302591907 -0.748645721361514
-0.00910756420382805 0.00411884126191319 -0.857852799987731 -0.137510676811726
0.0199891813759936 0.01863211776784 -0.39371689559456 0.572577780334575
0.00861567750962176 0.0190454930721041 0.194847721556776 0.440741221496092
2.06645658872599E-05 -0.00312583094304701 0.320943725968491 0.0799797566814788
0.00321855089955311 -0.00612032594149598 0.157020488630949 -0.179151461928794
-0.0163675442081906 -0.001128389777391 -0.15333663232549 0.118627120084539
-0.0199191019801942 0.00582945252392032 -0.258819584953189 -0.0789208417721254
-0.00947731561902393 0.0045254385032954 -0.224861986192908 -0.378745305461967
0.00953605248373804 -0.0187030024525594 0.255735807095068 -0.527501231919792
-0.0108895472756934 -0.0145376661112219 0.720975997565346 -0.0173316345660873
-0.0182021967509895 -0.0150748051299178 0.405018865071807 0.602321009520776
-0.0215213013711371 -0.00886572016559893 -0.124105099736473 0.471756867234187
-0.0216514019643951 -0.0167515199826085 0.0474331438588852 0.0414699226944785
-0.022036143677204 -0.0250351795676446 0.251365804954623 -0.418169782460739
-0.0197553959379864 0.00663721459187582 -0.326615048802296 -0.738360573688235
0.00195119175766153 0.00375637660996155 -0.856940861764399 -0.104073886325595
0.0256371828210837 0.00907454948488017 -0.358432270732416 0.585197934120404
0.00448750953198876 0.00996416370059055 0.211173325240861 0.434686955356302
-0.0091747483640404 -0.00720237476805981 0.323759866145226 0.0724557835499137
-0.00415968912225805 -0.00579697060591429 0.153845275520666 -0.180547436086857
-0.0219806312986372 -0.000726901851719302 -0.15455821502694 0.116177832652968
-0.0271765445246995 0.00294025622428292 -0.2548572483129 -0.0847712697368526
-0.012823202836777 -0.00378978310058807 -0.204887767508179 -0.382598753845095
0.0135540672080689 -0.0258643610685512 0.287020930813939 -0.517508951117455
-0.00120332085780271 -0.011414651957341 0.725482802237155 0.0134389382996955
-0.0130517441726546 -0.0037236320576351 0.37766795426766 0.620154042672568
-0.0266040442512101 0.00154873027384869 -0.14267948963228 0.4684445903103
-0.0301014146864708 -0.00699735125532884 0.0444466814221782 0.0371141442872565
-0.0273951045503079 -0.0122739957567405 0.234344558845262 -0.427360376707516
-0.0145389336214315 0.0185225597922063 -0.361210730112534 -0.724391989871756
0.0128458093980802 0.00577654091229623 -0.855546744383887 -0.0650898998854954
0.0291763833343781 -0.000205292718992759 -0.322823851322156 0.601585136041808
0.000945522963058173 0.00080942200335452 0.231467145286417 0.427523622905267
-0.0165842490856088 -0.00879723531500616 0.326278942273872 0.0648564091081333
-0.0109212604835183 -0.0050694136143144 0.152718510777525 -0.182997485666459
-0.0272241920556688 0.000384375815963177 -0.153371243684625 0.11312227468798
-0.0308192654125996 0.000146860269559403 -0.250166623639757 -0.0910286394289303
-0.0142499927071579 -0.0117984235243624 -0.185042802028396 -0.385131952387847
0.0174182365706322 -0.0302580261224602 0.31445531650773 -0.504683234257718
0.00808600595111443 -0.00656490688873378 0.7274608910931 0.0421444239103652
-0.00614255717108798 0.0088486532011907 0.349419120507884 0.635946528168827
-0.0295975062867405 0.0124905929720736 -0.160214468075195 0.466710761028651
-0.0374935043334904 0.00270296923656845 0.0374765145852419 0.0358109014523879
-0.0307077065840672 0.000525475426745015 0.219043293987255 -0.431852149437663
-0.00643311135142677 0.0305627595224594 -0.392419507047589 -0.704847326144062
0.0214463236599993 0.00824746604761124 -0.853917698705426 -0.0295482661835502
0.0284900556074432 -0.00780466759317096 -0.288527647335782 0.614183098687695
-0.00295799131757691 -0.0072470289649252 0.25193254748403 0.424619787620202
-0.021928962614725 -0.0103864352262455 0.330455494734123 0.0591045181477605
-0.0157201921765674 -0.00332064649444962 0.153358688344526 -0.184496705893181
-0.0290070605978271 0.00232081007790275 -0.150727155310843 0.110769759216068
-0.0312239633964972 6.94673439129399E-05 -0.244791477305025 -0.0931892625959451
-0.0134983970769823 -0.0182689024887962 -0.168695170989325 -0.385161933089839
0.0188220775440911 -0.0325970196014311 0.337317397865573 -0.491391431827097
0.0152570044635487 -9.5200889156208E-05 0.72894680740678 0.0696265554347563
8.44322979606845E-05 0.0196645303253635 0.327361990338583 0.651797197927923
-0.0302508740741091 0.023123275222296 -0.175997972147243 0.469485296076515
-0.0408979974596265 0.0114440607733862 0.0301927323851156 0.0372741912993837
-0.029585249804721 0.0122584705494809 0.200402808626199 -0.431488344690468
0.00326927669767833 0.0409798819042292 -0.416757485096778 -0.686034204270964
0.0274771945068453 0.0105558891563525 -0.849852025017512 0.0022203040178576
0.0257272118708923 -0.0121106971261737 -0.26124325746919 0.624470328600985
-0.00534176967801161 -0.013198294129911 0.268405877461416 0.420482980079044
-0.0233046580323604 -0.0102725481465429 0.334855598454588 0.0549850004733027
-0.0180517826499779 -0.000736335866471627 0.155484822339539 -0.186119631050681
-0.028498632665956 0.00515851892650022 -0.146820929753543 0.110653945021166
-0.02854464922192 0.000612157479423579 -0.240146701536881 -0.0922689940255205
-0.0124827160917304 -0.020942392917183 -0.158419757510171 -0.381895060730966
0.0172554474108268 -0.0327282635715394 0.343989783555649 -0.484166147072899
0.0192151581016571 0.00509754655957344 0.731450839874284 0.0800126687061342
0.00699203467721229 0.0282629394729111 0.321343120548428 0.661062222654301
-0.029305694849764 0.0313989388264082 -0.187528020897248 0.476683331785407
-0.0415223424782298 0.0188020145919228 0.0202322967850719 0.0442144236565244
-0.0268945445700843 0.0213792486165758 0.190814239519049 -0.424054534970291
0.0116089568212086 0.0477965446347788 -0.419842599325682 -0.67559978683488
0.031475303802751 0.0143404262535398 -0.84879695277381 0.0138058793427268
0.0224101619807853 -0.0121028735478304 -0.253520926758431 0.631032801756366
-0.00514957570885608 -0.01605009020295 0.277114996600826 0.422153035952139
-0.0209641795507538 -0.00868297988149776 0.341250923281976 0.056763685516527
-0.0168301090377992 0.00187242209641729 0.156929219982118 -0.187283362063022
-0.0254214430427381 0.00749253812588334 -0.14370412297811 0.109956021615128
-0.0235725427183696 0.00338429880490673 -0.236750166150286 -0.0886516990113601
-0.0103858197088571 -0.0207947323699992 -0.154837048134096 -0.37774516436124
0.0125696370615148 -0.0296549020963203 0.343307827776771 -0.481363622578009
0.0192647825420813 0.0090617680106298 0.732027999215428 0.0855385650017376
0.0121536908504801 0.0321108460264268 0.323855088231728 0.667313130467861
-0.0254107038716367 0.0357758687319923 -0.191084168143033 0.485241900844133
-0.03878069487137 0.0238589999227966 0.0112237255337866 0.0520835718423957
-0.0206344404497764 0.0252458285434181 0.188528034005249 -0.412168856990854
0.0170761752105534 0.0505558139815814 -0.417836667995119 -0.66861644572965
0.0311296165281372 0.0193678842016779 -0.849511256294798 0.0163332756247096
0.0192675370528956 -0.00746758639961817 -0.253406829702061 0.634560734700706
-0.00262872779075817 -0.0158204119395729 0.279005056348203 0.426110346000571
-0.014667384793938 -0.00707465775730459 0.344920939703151 0.058967862911608
-0.0134213172219772 0.00502340015325308 0.162215969160776 -0.186269063471777
-0.003378980266923 0.000927488363928017 -0.151282583759299 0.122317664677848
-0.00364561754046061 0.0122721025212211 -0.259724438100286 -0.0659041953903863
-0.00103072939039871 0.0178872497308716 -0.247110632833277 -0.364886244094217
-2.21760341009248E-05 -0.00297799038040428 0.204729535009355 -0.536285325626311
-0.0256168442694577 -0.0127211563726152 0.71089488938022 -0.0580781454688566
-0.0213534622599389 -0.0284015898037622 0.451984793588639 0.581139768419995
-0.00891611093766505 -0.0224118936291563 -0.0979453816023733 0.485171564734555
-0.00344692591203179 -0.027213775922039 0.042936515469787 0.0568497859755224
-0.00590080410628123 -0.0402199405612129 0.279367961800214 -0.387887500601648
-0.0215039974592242 -0.0110633458045607 -0.257885873662872 -0.752255909393622
-0.0186148574215135 0.00464553076363552 -0.85420159529231 -0.168188048169609
0.0115647329760713 0.0270410477655987 -0.422269209071125 0.560871302874865
0.0113204577348513 0.0261775296257859 0.176248048625335 0.44904520893528
0.00881930106429572 0.00202622483046388 0.321583329514073 0.0902149700852591
0.0111526454919301 -0.00356805825342576 0.162452955560055 -0.176447534063437
-0.0101253352470693 -0.000653136048203403 -0.153819887201061 0.120497658002429
-0.0122798381262852 0.00926403500344331 -0.260245493285384 -0.0722927075128779
-0.00580670131932681 0.012208189236636 -0.23829512306851 -0.371590162167277
0.004690498915262 -0.0107927724124814 0.227856740610663 -0.533157028945952
-0.0193579377244969 -0.0145129022715685 0.716249707997205 -0.0365053685585567
-0.0207883090196825 -0.0238827391568866 0.428905379499302 0.591995981035791
-0.01554173372351 -0.0171506017059264 -0.110042676423512 0.477546460416386
-0.0121275292039297 -0.023026463340723 0.0460310474265092 0.0492794459665314
-0.014298033720337 -0.0344728359995656 0.270993884976448 -0.402950544839627
-0.0223639753271645 -0.00408538325975638 -0.283971929704512 -0.749857672160708
-0.00938939970325992 0.00387258618608754 -0.856163399468612 -0.142419447286953
0.0200089855823718 0.0189497338658078 -0.397877732661561 0.571085521483325
0.00870547165908649 0.0181401174558097 0.191231603882843 0.442110454996235
0.000141281872308803 -0.00304919688941761 0.320765843235997 0.082972278917937
0.00438034727037804 -0.00598926718116695 0.15826418586868 -0.177756436815227
-0.0159912570130994 -0.0012835216007907 -0.156496680746627 0.118362763173468
-0.0207260895235819 0.00583396649534583 -0.257991677370081 -0.0803927104904129
-0.00950781343261742 0.00383965785185511 -0.220929516739776 -0.378632156975929
0.00966251889610182 -0.0186688131715059 0.2582558750383 -0.525046733778072
-0.0112057690604783 -0.014240540640283 0.719730824068972 -0.0115258168186789
-0.0177859179494803 -0.0146850237707168 0.402454122060216 0.60496709603048
-0.0211750328087266 -0.00865839880745004 -0.126292836146429 0.470228974528447
-0.0214947099934255 -0.0168521634851663 0.0465695727128764 0.0414065213823252
-0.0214986684016818 -0.0251555848373867 0.257582445397265 -0.415993203298156
-0.0197346429535302 0.00622088703661285 -0.318844459743639 -0.740052620848653
0.00194666886847587 0.00489710978390735 -0.858259435746814 -0.110475267924266
0.0265728575165196 0.00830559737843589 -0.364155678104864 0.584615912524163
0.0048378430826708 0.00970909468049392 0.206239998374842 0.435462616242285
-0.00962509256055636 -0.00684242331739316 0.322785994592407 0.0746025836065528
-0.0037852436891903 -0.00654101243611712 0.155937810957823 -0.180299482172255
-0.0221596818398469 -0.000756550289167863 -0.15640561533435 0.115147390580188
-0.0273104108209272 0.00295751688515944 -0.254469629940649 -0.0868850515012065
-0.0127213388282119 -0.00504923964403777 -0.202255636166175 -0.383044536919915
0.0139270851964559 -0.0257101607137371 0.289766888500231 -0.512915315344452
-0.00101263039085607 -0.0111976441196303 0.725153849826372 0.0184133856263548
-0.0127554707149772 -0.00372267324444949 0.372843299430322 0.622547302766229
-0.0273665154091018 0.00169152979266132 -0.145895790565903 0.46619941532913
-0.0302431329101923 -0.00764251829701233 0.0439564499240251 0.0371784113237282
-0.0272205229656461 -0.0127242821549883 0.239589504677278 -0.422808094621813
-0.0131759144102126 0.0186059411286038 -0.354832982689251 -0.726986484980259
0.0126042160484978 0.00593754156822331 -0.856676436050442 -0.0707816613892669
0.0290857706930637 -0.000383030402035814 -0.327556641337421 0.597361178967656
0.000199594600736274 0.000279090167571109 0.229835081653163 0.429541786196363
-0.0164222685240005 -0.0100177365116407 0.326154316121393 0.0678449100504843
-0.0108328274456578 -0.0057443186540423 0.154806851625428 -0.181767114020866
-0.0272272765949307 0.00064885553440103 -0.154980579965757 0.11218675072013
-0.0307176777806347 0.000981665284459413 -0.250067754363764 -0.0926292426983824
-0.0136065578539972 -0.0121104598313482 -0.182268362190491 -0.385655063685006
0.0174086887045257 -0.0308664434013901 0.318474551332334 -0.503058053581189
0.00844137629087025 -0.00583183257561236 0.725674738414212 0.0498308504969609
-0.00623559960128526 0.00824912484440351 0.345467952427686 0.637858893852568
-0.0299287443600897 0.0119762340555099 -0.164092115559328 0.464319250445216
-0.0372851301596356 0.00212748406368493 0.0367769607999953 0.0359036397200469
-0.0304535897914774 0.000484267687287102 0.221537145843319 -0.429661449425443
-0.00580050325048529 0.030533125945479 -0.384505810133516 -0.708923644186166
0.0218135033300962 0.00824206427421321 -0.854098236294231 -0.0354745449337625
0.0293269128557327 -0.00726189800148892 -0.293638477056636 0.611653819594013
-0.00222361201947413 -0.0077798090400978 0.248630316977131 0.424549932501694
-0.022074976193932 -0.0110861902623409 0.330474579088446 0.0616878859535785
-0.0167863531717633 -0.00353922088369248 0.15559085420482 -0.184341995318079
-0.0290044066325646 0.00237401958043626 -0.152987690556143 0.111368207369226
-0.0303311470903524 -7.24836435320934E-06 -0.245363171518407 -0.0950612304811923
-0.0129273697563777 -0.0187423050588192 -0.164603255008325 -0.386450473137552
0.019432591819691 -0.033215167661469 0.339160247076308 -0.489294737188737
0.0155404456392177 -0.000305842014911362 0.728595203011217 0.074887761685898
0.000780037093264154 0.0198446349584095 0.325067963059318 0.653385507802298
-0.0310242167809607 0.0227545941871083 -0.182860884254245 0.467062105117356
-0.0407990093120753 0.0115694529177365 0.0294647291035185 0.0385809354115626
-0.0306160351811435 0.0121991513223613 0.202383353378864 -0.429164684190438
0.00305905786521969 0.0405950183783292 -0.409671542109746 -0.68955202985567
0.0278392789797097 0.0110108536440253 -0.850673461718999 -0.0053168715959539
0.0267116609218356 -0.0124114451195753 -0.266337907484303 0.620795646581453
-0.00449226438969426 -0.0132789770189642 0.265593148223477 0.421994754745477
-0.023494677235029 -0.0109077190967253 0.334868418818446 0.0570472369209317
-0.0176427244435981 -0.000849056139818149 0.156549056023692 -0.185779289925409
-0.0281770682631382 0.00468580326613787 -0.14917387086153 0.109885658316184
-0.0282990642054453 0.00112220542684319 -0.240983078816785 -0.0939590143787845
-0.0122866307315358 -0.0220720044802939 -0.15669455312451 -0.381159927503481
0.0172690293528469 -0.0327220772175621 0.348776758449318 -0.482323267219541
0.0194966758116999 0.0054886358438551 0.729030596816807 0.0859786801081384
0.00701696529638395 0.0284558541165505 0.316229102033458 0.662549343770385
-0.0296797968588943 0.0309892460951287 -0.191437549905279 0.474499458284245
-0.041404965563802 0.0193811831001529 0.0194578337479085 0.0440854563284982
-0.0268274767307747 0.0206517676575716 0.196086745880605 -0.421383573575178
0.0111641324599112 0.0472705715634511 -0.413357622630558 -0.678799851203284
0.0313612027198977 0.0149772722424992 -0.848967168772506 0.00699870969769994
0.0226133331828606 -0.0121562607908176 -0.259495892195 0.627469971154451
-0.00503184589494439 -0.0161872601085489 0.272829484492751 0.423758564431618
-0.0208776439228962 -0.00891699047698484 0.339986792133621 0.0588336356950686
-0.0176890628917428 0.00207216201953236 0.159958625809215 -0.186273437333838
-0.0249631055797006 0.00796649591940153 -0.145104920163725 0.108924297253934
-0.0232760522143388 0.00359669591972817 -0.236087747699324 -0.0907912860134435
-0.00985136313957563 -0.0211299478406391 -0.151024632388724 -0.37718230924775
0.012414852945839 -0.0298630161613523 0.346797047205786 -0.477779647055238
0.0189324029579377 0.00966910854039362 0.729111177253124 0.0907727928165521
0.011843134237297 0.0327963877624021 0.317792665895901 0.670017052821889
-0.0256468496550404 0.0355271448341928 -0.194666953514325 0.481984682571181
-0.0384312513081702 0.0231917824642405 0.0105997847030281 0.0527574339986498
-0.0214983053465807 0.0247646952513495 0.190318470887264 -0.410526985955353
0.0178296573780909 0.0508318404004938 -0.411105556621995 -0.670490522679914
0.0314035186863771 0.0192517715351694 -0.848797994376107 0.00968927632791469
0.0189199509575121 -0.00818781678687094 -0.25794953972593 0.631581024337512
-0.00269943322789853 -0.0154661046105436 0.277893448912023 0.42853216237129
-0.0151796438018981 -0.00676138278718859 0.34450015979338 0.0608201210283094
-0.0138110657762871 0.00428245525810149 0.164772339974479 -0.186373099434581
-0.00399484741989175 0.000653730376648412 -0.153848155197543 0.120964047163097
-0.0031891494335185 0.0119670030428819 -0.261004365956443 -0.0674600848348772
-0.00126924858324526 0.0183381907907119 -0.245140096565433 -0.366067755843296
-0.000305391123680426 -0.0027045275123935 0.208746548778124 -0.535525274397691
-0.0259163516009484 -0.0122873609405456 0.712925875802003 -0.0526601634436541
-0.0212828332430374 -0.0284383427908529 0.449849905898692 0.586416402910031
-0.00810951143967042 -0.0215406328323143 -0.102845288924936 0.483648548319793
-0.00338405169491343 -0.0268703558975154 0.0414534754420504 0.0576774568098796
-0.00595319872273983 -0.040263084554263 0.282935019435311 -0.385753762748784
-0.021761852950551 -0.0127574556266395 -0.250800441189272 -0.756034426322781
-0.0183767642216386 0.00388678394798454 -0.854990372126152 -0.174303408878092
0.0119847551159328 0.0276015309087008 -0.429004472694948 0.559093444880166
0.0111242790704459 0.0253564807069393 0.173959994267822 0.451751014549272
0.00948078968155099 0.00141155330663735 0.321296491593442 0.0930396053593518
0.0110384528369999 -0.00457777037441416 0.1648260164448 -0.176365584221806
-0.00942120191560847 -0.000299513435054535 -0.156813763879901 0.120769811054801
-0.0119975460592731 0.0100627511282907 -0.261486467056093 -0.0751523465409502
-0.00517761275067372 0.0119630964064667 -0.236337715734994 -0.37280730180773
0.00466077723311848 -0.0108047622088815 0.233138308712806 -0.532871478771633
-0.0197178284514546 -0.0146144614400519 0.719363917396641 -0.0298760474927537
-0.0200848163527975 -0.0235428619179831 0.425285109396359 0.598029253493112
-0.0150623806023936 -0.0180917255732512 -0.115566604334141 0.477251307471426
-0.0115503793873585 -0.0229513195174195 0.0462668514663118 0.0499176433756079
-0.0140204885772573 -0.0346837496835131 0.274472668964119 -0.400054933944703
-0.0220735543355975 -0.00511617639324874 -0.280022019797558 -0.754201885019893
-0.00952425588905514 0.00351971872289943 -0.858087240752433 -0.150893263267955
0.0198089456888272 0.0182212031862912 -0.401599601497882 0.569975421945613
0.00812575716528435 0.0187363154013 0.186880922756217 0.445334856214275
0.000358334175432445 -0.00310453499659111 0.321520932996689 0.0841135442967846
0.00369351391887566 -0.00566396918919265 0.16117443862639 -0.177882663525512
-0.0171150517803337 -0.000498067162301904 -0.157518228010068 0.117593926255618
-0.0205398712279023 0.00577469273269483 -0.260140794384356 -0.0820763813451188
-0.00982291804703397 0.00466310903531014 -0.21853169000211 -0.380825452229797
0.00930425798173449 -0.0182829671529351 0.261149466848594 -0.524808468939354
-0.0105484988737627 -0.0142913699763193 0.720923671604895 -0.00629622637156641
-0.017529434928352 -0.0145994646272449 0.396574879854935 0.608518209405448
-0.021582753633636 -0.00860950250778304 -0.130303296339302 0.470540501165642
-0.0220684624319386 -0.0163028010031069 0.0463931859096707 0.0418905745102211
-0.0208038001803601 -0.0248680428590488 0.261469346100147 -0.413045000892927
-0.01913494976497 0.00530395384303287 -0.312578710996327 -0.743992071568761
0.0017006570974072 0.00466116715456395 -0.858644584812018 -0.117025536920484
0.0265789185595654 0.0087509326520409 -0.368799958355521 0.583098404159284
0.00492897652996256 0.00974693977040408 0.203904624953584 0.438981382401553
-0.00954799330002254 -0.00756243432268371 0.323482135008834 0.0770709246025528
-0.00453472473264223 -0.00642364725821807 0.158368189613287 -0.180409187270234
-0.0221110875310892 -0.000738389261713603 -0.158919330561986 0.115425911263849
-0.0270278188248133 0.00298771508225311 -0.255374912336834 -0.0882481691219372
-0.0124761085172385 -0.00500592196152667 -0.200165100131353 -0.385524303985192
0.0143930758276133 -0.0265602461786901 0.29402879635231 -0.513159006043327
-0.00110924525736793 -0.0111048637984631 0.725076674270923 0.0245611667737716
-0.0126737977675781 -0.00450389388199784 0.367747918835291 0.62674571237996
-0.0267748671350279 0.000673778063755535 -0.151129213044163 0.465688384978522
-0.0301336295183102 -0.00767230881034109 0.0431510019775909 0.0376526601842162
-0.0277621353022417 -0.013068593970659 0.244027519602542 -0.422570519080968
-0.0142190676242922 0.0181166712068525 -0.347229022420744 -0.730023192805263
0.0124882662430897 0.00613851608133596 -0.856162635927204 -0.0804641109181888
0.0299862105441472 -0.000753920152475829 -0.33228435629258 0.59636292823175
0.000875808052055556 0.000571580635778325 0.225795487002968 0.432548161387353
-0.0169378368336489 -0.0099830367513648 0.32655284868194 0.0700535402455833
-0.0108005236402016 -0.00562952171015869 0.157038002405881 -0.181830528695937
-0.0273523560403644 0.00139024005002884 -0.15798825130212 0.11194779972187
-0.0303948252336574 0.00113401185972103 -0.251155792078043 -0.0940062325644068
-0.0132410876448355 -0.0134492298375787 -0.179637904230479 -0.386750724651335
0.0174410181370791 -0.0306990740737539 0.322711290680312 -0.501355056001577
0.00813850338413141 -0.00568173388483489 0.729161817256293 0.053635351601197
-0.00689822776495879 0.00802287901118503 0.34118679784746 0.641588814873029
-0.0296707641253923 0.0123617183169171 -0.16854509095484 0.462723483917012
-0.0376588662771075 0.00206195695335858 0.0361470186607545 0.0365737148141744
-0.0312953385261278 -0.000626891847722523 0.224520104345243 -0.427224135644326
-0.0059602881122056 0.0300254101954811 -0.3790249393361 -0.712276508704399
0.0220312167524124 0.00762195567034497 -0.855293243742816 -0.0416406659791904
0.0294653620834677 -0.0074368054393017 -0.299817317695009 0.611078270493846
-0.00215075567365403 -0.00785518759683351 0.244713686887628 0.428391841260681
-0.0217940678161088 -0.0109643008744918 0.330944098150578 0.0642255074130599
-0.0159977421605403 -0.00346073303187982 0.157959508996801 -0.183474670044687
-0.0287577565716663 0.00237431434863151 -0.155281501310057 0.109945317852856
-0.0316175098516585 -0.000176678662342908 -0.245670653967108 -0.0960904672543351
-0.0129318902335614 -0.0188029420420827 -0.162724021427289 -0.388015489402655
0.0195593878384798 -0.0323621445886565 0.344284909246625 -0.488343006095796
0.0149991150165907 0.000775743018978732 0.728984225261194 0.079302724234951
-0.000236988778792142 0.0190847476554152 0.318122399059054 0.657730751931267
-0.0317982651516171 0.0223744851484297 -0.187841346052678 0.465828833612377
-0.0411085702249204 0.0108992751976023 0.0289345889833769 0.0378083137519689
-0.0303884768120763 0.0121284245275894 0.208237594648784 -0.428272851384811
0.00342099447145502 0.0402095261631804 -0.403469299892354 -0.694045025010693
0.0269363009052726 0.0113820432832418 -0.853087179231221 -0.0118370175111783
0.0270874216452596 -0.0124985147300575 -0.273644061773089 0.620352364374339
-0.00417926580408122 -0.0131660478880253 0.263883712999403 0.424849735331901
-0.0238240997330215 -0.0104961207881475 0.336131714921847 0.0593008838651863
-0.018880387160191 -0.00110896617328485 0.159760656962786 -0.184573052553203
-0.0286938398539028 0.00445680836246208 -0.151698025317144 0.109200258487173
-0.0285966259309356 0.00165557399683837 -0.241012802992476 -0.0950091317686473
-0.0114251458341775 -0.0217574489164961 -0.154487304294576 -0.383352926027846
0.0173917593698783 -0.0325603715966059 0.35306897561402 -0.479998550145546
0.0193188564988754 0.00637067917175531 0.73089720764558 0.091049287765964
0.00655861444392592 0.0282927625908436 0.312031348676972 0.667470076613983
-0.0301450456033265 0.0304358879558149 -0.196833773299676 0.472277923021226
-0.0424275742915869 0.0187564834411398 0.0186102825621571 0.044606373108342
-0.0272331702216609 0.0210451996097924 0.198174357980601 -0.420585685680426
0.0113231735583074 0.0475531741279528 -0.40886166614145 -0.683919447210874
0.0310741879694652 0.0148633214071008 -0.8509806280198 0.000909301876430447
0.0227479607258256 -0.0121406193574774 -0.263085976105199 0.62692641028148
-0.00443068002273156 -0.0167648240483368 0.271283369008008 0.427006980816221
-0.0210125315984424 -0.00885460072550882 0.340386068125726 0.0616420497428163
-0.0172239882730057 0.00181928535989911 0.162232127480604 -0.186916176459886
-0.0262310103271341 0.0080325000918303 -0.146878749225675 0.108769786683922
-0.0228208624487655 0.00365064306527157 -0.237845035287589 -0.0932110408207782
-0.0100019673827364 -0.0212687118133505 -0.148958469595333 -0.379024540119414
0.0125611389695692 -0.0298025097071514 0.352860002767941 -0.476125991409927
0.0190973350930229 0.00988020529931074 0.73202758600421 0.0956792314732251
0.0124453862691989 0.0322243398872774 0.312863957128624 0.672703737916682
-0.0264409809778049 0.0359186272018136 -0.19975732172289 0.481558342474725
-0.0390513984333624 0.0231890040394045 0.0103721852135734 0.0520400616332637
-0.0224608619830235 0.0243388577956452 0.195659519518729 -0.408386816434541
0.0170414903026437 0.0504134220938421 -0.40497206180857 -0.675306990258705
0.0308533787918402 0.0198457713880316 -0.852320302925687 0.00444050656495138
0.0197361466943572 -0.00763966595215128 -0.265491377630951 0.632244334487275
-0.00296606953656961 -0.0158601440083315 0.27450994985902 0.430842317128494
-0.014642186777052 -0.00710522090920533 0.345239870368454 0.0639382862621897
-0.013819670135003 0.00379429664137423 0.166303791352262 -0.185775487768918
-0.00384234269887838 0.001327244049152 -0.156269223919652 0.121434558846064
-0.003894615018379 0.0129070240871566 -0.263148187676086 -0.0700647110090003
-0.000957475677112328 0.0177493973788079 -0.243972758345338 -0.369075741276726
-8.57710716184318E-05 -0.00227710879140132 0.214142546023843 -0.537108870492607
-0.0258224686722287 -0.0124322769377916 0.716783047764051 -0.0479672106688092
-0.0207898839026014 -0.0291997802851588 0.446323940803383 0.592264113695231
-0.00815579067065169 -0.0219386169852745 -0.107764773276836 0.485909803366863
-0.00355762089090198 -0.0268014864025497 0.0412364102766534 0.0584545771734736
-0.0054120354666781 -0.0408925994393322 0.286470438452244 -0.384046452935345
-0.02044739488754 -0.0130506495213246 -0.24587834041696 -0.760937168985299
-0.0188064083844974 0.00400664017351947 -0.857080120076494 -0.182655281670892
0.0119019364377632 0.0272906331293671 -0.435709633755134 0.558014660450601
0.0113627863433123 0.0265935517338044 0.170034288856563 0.455586626318103
0.00907170702600865 0.00168280934910672 0.323388232498435 0.0954887848384221
0.0107013436440516 -0.0044479979639238 0.168282439073536 -0.176756853942345
-0.00949218705935644 0.00018070781491587 -0.1587215511184 0.120491042926034
-0.0120519687356182 0.0101130793515167 -0.262848081748492 -0.0761928865678075
-0.00539117273732213 0.0114502079457409 -0.233041923933126 -0.377762277762217
0.00472856672800999 -0.0103045691284194 0.237928371371567 -0.534392697655338
-0.0198310300733589 -0.0141207907657416 0.721710712447078 -0.0253991686277833
-0.0210757817535608 -0.0238700410231611 0.423562225672309 0.603580071956888
-0.015057431380321 -0.017629957183608 -0.119467995175645 0.478352261961371
-0.0119513539574501 -0.0230602825248193 0.0454478322078125 0.0502627704443734
-0.0134730083956626 -0.0353230036541476 0.279870171978997 -0.399479549313884
-0.0217717201690491 -0.00574078500331289 -0.271780186824748 -0.759608944119113
-0.00928748511518179 0.00348828715950335 -0.860131303205174 -0.157704738218856
0.0201413915994554 0.0187434203772935 -0.409076233756222 0.56911493334272
0.00828131775392622 0.0186086997853595 0.183970407872155 0.449203876374623
-0.000450848394783315 -0.0031365122779979 0.322946494958133 0.0875698672538134
0.0038186881877981 -0.00591748756091795 0.164117378462152 -0.178322726342424
-0.016914784182961 -0.000378659361673528 -0.160299613989838 0.117630484538053
-0.0207364776958003 0.00720994978021406 -0.261391052646194 -0.0839556423199334
-0.00868102477533663 0.00311096819961016 -0.217775644242406 -0.383377426940781
0.00959797221601779 -0.0191164451482368 0.267552668655009 -0.524999261973146
-0.0111293765614104 -0.013945020989768 0.725831577250409 -0.00105187538629458
-0.017732994321214 -0.015622818612108 0.394277620786363 0.613091754987917
-0.0224223266592274 -0.00946085597462179 -0.136718506735196 0.469522163964789
-0.0211786771388166 -0.0165741313902892 0.0451060633009376 0.0423507758881455
-0.0223081425683895 -0.0259997843602132 0.266254006030884 -0.410755739322422
-0.0194692902735543 0.00527024037748944 -0.308224371898244 -0.750653659899488
0.00146005449379264 0.00476634403437721 -0.860819379499197 -0.123809756803712
0.0266322436553081 0.009325557674589 -0.373789659075785 0.581606092790305
0.00521059210167565 0.00943280704578055 0.202891174491981 0.441452830307741
-0.00988481834001423 -0.00762726182790423 0.324278213791324 0.0799222501525719
-0.00449128826944869 -0.00693328539645659 0.162204743442359 -0.180077723874947
-0.0222153013183241 7.09288332392394E-05 -0.161285118798968 0.11464063701898
-0.0269858528200509 0.00337111684335618 -0.257954969466868 -0.0912697593814156
-0.011695074400243 -0.004939081523862 -0.196924897509541 -0.388295151104557
0.0141601680568334 -0.0253543300633132 0.300123272243949 -0.513770224722628
-0.000846970510712468 -0.0111437131523562 0.729059860046622 0.03034481610307
-0.0130297854785374 -0.00436836297472601 0.364904104061075 0.630865434218649
-0.0280077031538435 0.00126605402947015 -0.15573127926574 0.465155607795808
-0.0307557803342014 -0.00779488973998975 0.0423924300862213 0.0380743193548232
-0.0279039978346581 -0.0134209066839008 0.249341461765224 -0.42175564474015
-0.0133262979855786 0.0180926417612469 -0.344206117857345 -0.735680296681769
0.0120511250483418 0.00600925489335927 -0.859392256995469 -0.0864036251488345
0.029805655821637 -0.000508264172383458 -0.337997301459716 0.597825906696479
0.00127757251033523 0.000494336647247746 0.223128066714798 0.436072641359855
-0.0170842664148351 -0.0102785161085614 0.32874355021799 0.0715413098429578
-0.011661216242188 -0.00613802628893432 0.159928476622708 -0.182402557702965
-0.0267802046549076 0.000734101015170101 -0.160439489510367 0.112034374720957
-0.0314365637668919 0.00130652959394654 -0.252940727611489 -0.0971212439598865
-0.0131046385155127 -0.0129314545899067 -0.17867519974171 -0.38947976007642
0.0178764391104612 -0.0304993869081823 0.327117895160836 -0.501537752920425
0.00811142935105362 -0.00571284732586622 0.73036226764302 0.0604369703546792
-0.00622546968429158 0.00801947387257154 0.337165609494736 0.645725526428431
-0.030616730988816 0.0123763486799516 -0.174408733759665 0.46435798557128
-0.0377196964522376 0.00224907119924639 0.0359541276620808 0.0370360279456165
-0.0316252672901782 -0.000204916872838436 0.231764955049899 -0.426844355974574
-0.00574773723689072 0.0298421047962168 -0.373306627870517 -0.719199369547039
0.021498616234259 0.00834184043457935 -0.857478149031715 -0.0507349562765404
0.0300368207745123 -0.00794135937092831 -0.305888322894068 0.610756375511623
-0.00312782581646486 -0.00816902718432212 0.2439446655394 0.432934692280948
-0.0222652055788271 -0.0111844708354413 0.33236224285568 0.0659494500301367
-0.0166811598964093 -0.00427152286599693 0.161081086912447 -0.182821931050056
-0.0292457968587567 0.00283366643833183 -0.157982740367088 0.109764925375793
-0.0310464442891464 0.000103765720373226 -0.247568842038944 -0.0986919498353825
-0.012235284024162 -0.0189192787551636 -0.161552360244577 -0.389981115709551
0.0198634268736529 -0.0324063622866811 0.350428299510573 -0.488316109117595
0.0161983642305532 0.00105864541132321 0.729894024882254 0.0862563467035765
-8.88279641051478E-05 0.0194734905335799 0.316232648569544 0.662208467122591
-0.0318945532734896 0.0221055706885132 -0.190630760822816 0.466068516698062
-0.0408611048847991 0.0110542688704625 0.028626045994732 0.0392185237938694
-0.0312457515394655 0.0107299383938337 0.214282609772415 -0.426988033949228
0.00234671382779258 0.0401767337841383 -0.398814075764948 -0.701118668671749
0.0277421707209824 0.0112584774736143 -0.856833638813125 -0.0196319061089501
0.0273171659458604 -0.0122680024084148 -0.278692263775899 0.622653374070346
-0.0048585483137647 -0.0140687368926318 0.259500674443989 0.429525006930239
-0.0236034834678799 -0.0109903896340573 0.336979153091519 0.0614462441849721
-0.0191940404696725 -0.000847218950983594 0.161764724220622 -0.185506452436316
-0.028929279991711 0.00499807717544329 -0.154309410591737 0.109144966059565
-0.0287149888718103 0.00144353952960201 -0.242318624774404 -0.0976163449326404
-0.0111632548063137 -0.022576016771625 -0.151806224356625 -0.386464919833831
0.0174568793906552 -0.0324113554264151 0.357896868488233 -0.479933790076855
0.0193285457053071 0.00671252866523314 0.733189911245758 0.0978910426750002
0.00666289094045214 0.0284172992063669 0.30843277171344 0.671724363536641
-0.0311269390791581 0.0305800448933792 -0.201267601217117 0.472964378543869
-0.0427597470596714 0.0188170129942993 0.0186392854903893 0.0450448818192243
-0.0282601648321507 0.0204418480039014 0.204325015048011 -0.420070937852198
0.0108795304139988 0.0475943112755639 -0.403668165851105 -0.68897075821141
0.030904583114534 0.015841545182286 -0.85568150012813 -0.00782323319238516
0.0232630119129006 -0.0121716534649662 -0.270684402819057 0.628028952336656
-0.00463071198163704 -0.0167617547687387 0.269992500868739 0.432272551328763
-0.0215080564595002 -0.00904437736468834 0.343210086410152 0.0627380650561715
-0.0173306298443339 0.00144839023588858 0.164917494977983 -0.18645161613044
-0.0263772561362435 0.00829727274668159 -0.149871024181917 0.109290455857028
-0.0235767704666258 0.00401729071283743 -0.239065272590121 -0.0939110487492836
-0.00979944882465108 -0.021644655383669 -0.147020159980405 -0.381556543380868
0.0127244641905734 -0.0299525090543394 0.357373767008255 -0.474966320305234
0.0188069398024685 0.0109769325859678 0.734215082790022 0.102170851783226
0.012063164916995 0.0326737971135513 0.309950446243375 0.678256463118119
-0.0264292858012283 0.0349848383108794 -0.205843644945571 0.481482572720417
-0.0397333548103376 0.0231986397575333 0.00951563689966974 0.0530585453586172
-0.0225513447560748 0.0242367902255019 0.200061288655231 -0.407282553541319
0.0168735678542628 0.0497803547152158 -0.40042133983154 -0.680433187217187
0.0308620955931096 0.0202684439139412 -0.854134754072961 -0.00314204713814601
0.0195209245006488 -0.00767090897896929 -0.27200294102082 0.631065338178098
-0.002653764532394 -0.0169022918091616 0.272445979819765 0.435885311012245
-0.0150657635101984 -0.00737622375701587 0.34709370390275 0.0668395951015691
-0.013984154512434 0.00426746543232167 0.169711365004006 -0.185922897074838
-0.0034873626753796 0.00191214156653465 -0.159468451522875 0.121963240707301
-0.00410468052624714 0.0131461370672112 -0.265746994680805 -0.0712293982994559
-0.000791264551509147 0.01755682945652 -0.242289090368253 -0.373287658380451
-0.000738723980496798 -0.0030111959895238 0.219474729047107 -0.538801938441008
-0.0261822760936771 -0.0122996373804294 0.722167020744946 -0.0426968625199898
-0.0209961708024259 -0.0293851595020275 0.446615354486149 0.599323075487145
-0.00826903048257217 -0.0223426970271035 -0.110864765017328 0.488723561896924
-0.00321764449591424 -0.0269010443115528 0.0401313541044421 0.0593799695931494
-0.00530265621922016 -0.0408127062901103 0.29342177684078 -0.384511270868795
-0.0212369466593502 -0.0135838436303835 -0.237776299319566 -0.768367064785483
-0.0191450229011427 0.00427948178601274 -0.860393305725098 -0.189381546911143
0.0120701764048511 0.0272479738386599 -0.442725410869989 0.558893049914647
0.0107580520360343 0.0265363314326573 0.169324542047782 0.459780228118096
0.008062476392594 0.00213313458777187 0.325141944171461 0.0987460063042942
0.0108353257470244 -0.00380657427840939 0.172321316909239 -0.176655386084776
-0.0103322393398794 0.000101235126482598 -0.161909991470521 0.121526233643318
-0.0123744065141955 0.00981828669239378 -0.264876887727781 -0.0781308815493064
-0.0048407559146937 0.0119450174909847 -0.23159108736167 -0.381426408546889
0.00421222382503997 -0.0106678836417594 0.243572720159964 -0.535057494750111
-0.0193668781828877 -0.0144521568789587 0.727200851092878 -0.0205819690474806
-0.0209231751879305 -0.0244182425796096 0.423018442534634 0.610711874734143
-0.0156241936754925 -0.0170611905482587 -0.124760209443732 0.479560584674697
-0.0118245333382879 -0.0229326825434309 0.0442952615414909 0.0503282761316756
-0.0136319516094664 -0.0350701720503132 0.285330985117589 -0.399798035317461
-0.0215462561600422 -0.00573074906102434 -0.266900233367158 -0.765619871911175
-0.00942209922490102 0.00343324801314559 -0.865212981835937 -0.164712364860651
0.0206686184765023 0.019211457401982 -0.416815828539192 0.568008028116185
0.00818946565573519 0.0182792100339231 0.18379239374066 0.453540299916649
-0.000139528528880725 -0.00335554600256508 0.325623217470989 0.0908638575320795
0.00346151373179233 -0.0055404299270699 0.167988222003841 -0.178652152071567
-0.016583584923617 -0.000270479594057692 -0.163931700453798 0.117668155470076
-0.020800016746091 0.00702289119988858 -0.263622623939027 -0.0864633850590435
-0.00902209362487636 0.00370301333014826 -0.215513075958299 -0.386837843685283
0.00919522048469292 -0.0188247952925045 0.273154181903961 -0.527532631915933
-0.0110086010263987 -0.0137444836849341 0.731755817450242 0.00356841546410031
-0.0181591297265317 -0.0157774162976131 0.393494642668204 0.622551654102535
-0.0222144398617584 -0.0093789138282892 -0.141293081473941 0.47299966330834
-0.021348860097294 -0.0170137706023416 0.0451535700934945 0.04325180459088
-0.0221149142455028 -0.025831238122555 0.271173479088689 -0.412224185777506
-0.0192399598569992 0.00516708058683157 -0.303012300970533 -0.758050203616988
0.00184466269450325 0.00435227763311588 -0.865830808972977 -0.130408289895256
0.0268440277962311 0.00953604926263945 -0.380516765142933 0.584947615037482
0.00499760467342601 0.00991860573344399 0.200779880256123 0.44674493420251
-0.00947785129365349 -0.00721551236323565 0.326725590018824 0.0817681324151061
-0.00411597609966574 -0.00689176839500814 0.165465510788319 -0.18081237855379
-0.0229301232778501 0.000208784506738949 -0.164184521322688 0.115519912430726
-0.0274271151279928 0.00385090434904497 -0.260277467251855 -0.0929975379550288
-0.0113873370242184 -0.00540148876168104 -0.197225060142893 -0.390937465940178
0.0143780399595993 -0.0263697828490643 0.303663536649882 -0.515488462421196
-0.000804199097030171 -0.0105101495023654 0.734650279834003 0.0349352471086197
-0.0126910083358933 -0.0046545137980001 0.363970302060917 0.638624238957173
-0.0277970658727211 0.00100995787862148 -0.160547499052081 0.466695775167045
-0.0299078299918796 -0.00729650710562365 0.0416853645401399 0.0390576754919837
-0.0285809047823684 -0.0140054140996979 0.253944261994283 -0.422138224230127
-0.0132925625024364 0.0169969147570477 -0.338860718511646 -0.743000692813636
0.0122089450493813 0.00571346045953129 -0.865083468912664 -0.0937735902620577
0.0307283120133112 0.000182296438807574 -0.347914536510805 0.598444515921673
0.00180604348877371 -0.000217788753513339 0.220741764702826 0.440695883463005
-0.0171962948305131 -0.0102657101146936 0.329048368853706 0.0742534594329084
-0.0124623354715411 -0.00585422173387713 0.164158291850023 -0.182311528397899
-0.027242676852483 0.00106481543908677 -0.163552300341465 0.112097833740119
-0.0315600800625225 0.0013771332013727 -0.255436501671909 -0.0979898151554203
-0.0126104222946586 -0.0134644125502442 -0.176952880694642 -0.392364328246098
0.018395060516112 -0.0307324793790739 0.333456670124539 -0.502377588487966
0.009003820358602 -0.00581785730017121 0.736239613604657 0.0643855566557575
-0.00595442796973384 0.0078602689178248 0.336319527998971 0.65321918614537
-0.0315188493575014 0.0119597356003527 -0.178720809185351 0.465969322917957
-0.0375517057249237 0.00246475812619006 0.0358442530164874 0.0370477669422935
-0.0316038114508105 -0.000458256367357575 0.236117175255513 -0.426597063857078
-0.00535922006430613 0.0303123420409675 -0.370457299136775 -0.725252577892979
0.0214900362598821 0.00847160127346852 -0.864679941290948 -0.0568974289246777
0.0311165709064312 -0.00825380469210441 -0.312065515886017 0.612742074432013
-0.00246692854478336 -0.00785014590752946 0.240786733907188 0.436602473894103
-0.0224091077217719 -0.0118409601272499 0.334792961960444 0.0689000627244584
-0.0170307530913168 -0.00396861786198877 0.163963313601688 -0.184382175973307
-0.0297582381138382 0.0028290605013055 -0.159976727804095 0.110316182280767
-0.0315764169652367 -0.000230580679596131 -0.24930044361198 -0.100785309883906
-0.0122607271850304 -0.0200985491754985 -0.159259311293698 -0.393005194259823
0.019671360378099 -0.0331036449698627 0.355913091464892 -0.488764432719795
0.0160708114597949 0.00115269402438399 0.736991195045367 0.0925371202206472
0.000157808700753815 0.0196708143150678 0.312949635855702 0.669231687523649
-0.0328845827455947 0.0225378120063433 -0.196171411398891 0.467265922889658
-0.041016789858323 0.0111159609269986 0.0274952857594148 0.0395964627544008
-0.0316337321925215 0.0109276382270192 0.218383031481583 -0.427814148280863
0.00272915452791238 0.0403875796375771 -0.396859599778122 -0.706936038097515
0.0279913843344439 0.0111922270426741 -0.861086121246918 -0.0249171008557272
0.0288934092332381 -0.0125548802491755 -0.285274772719464 0.623716222355059
-0.00488280297565888 -0.0133107474936088 0.258892386700456 0.433834384739302
-0.0239296420766998 -0.0107423344274832 0.338763146616463 0.0646524208326383
-0.0191870921741354 -0.00115033376630893 0.164713012078412 -0.18515804760782
-0.02929040829604 0.00547077423078568 -0.157084245429921 0.110481959356515
-0.028176985726288 0.00151045911421146 -0.245083664154734 -0.0992657898571667
-0.0105714136482093 -0.0221041916973174 -0.150001970164938 -0.389070377442299
0.0177701078877994 -0.0324419051083533 0.365490226986501 -0.480690618506435
0.0197684845364104 0.00694647565431617 0.736792291683957 0.102907549956579
0.00601668058718071 0.0286552023252146 0.305810250874837 0.679253991349893
-0.0308325839967105 0.0305078495439277 -0.206758297424351 0.473328964502509
-0.0427288128549972 0.0184550304668648 0.0167606211238985 0.0454535338195737
-0.0286300768527197 0.020822372094114 0.209437797854796 -0.419333193437425
0.0114783227870784 0.0474452043455772 -0.401295996118747 -0.696573626214981
0.0314763820377044 0.0155242563917158 -0.860361319950053 -0.0134752672761336
0.0244796280505138 -0.0118351443384296 -0.275988024912345 0.631148358314809
-0.0053581630356878 -0.0172390246549581 0.269334335194634 0.437056309693965
-0.0218961065113667 -0.00981980002288885 0.345636743622156 0.0661600015435943
-0.0181842203561797 0.00172419698700341 0.168463019775862 -0.186880947234005
-0.0265202022846165 0.00815533419769481 -0.152647789052541 0.109411172789064
-0.0231393838310344 0.00416801143682761 -0.240587120076616 -0.0959985801605816
-0.0091852751167606 -0.0220824754718856 -0.14557564274656 -0.384206961613871
0.0124566770510236 -0.0301304551707491 0.363351967704607 -0.477452518413088
0.0194184729733 0.0113545322100747 0.738262327830225 0.107421564798768
0.0118173436925458 0.0324038295780947 0.307159857977236 0.684409488645149
-0.0274384246696941 0.0354004826587432 -0.208872699258076 0.481636368801032
-0.0399042273133914 0.0227480915694638 0.00896497137949506 0.0533000689061961
-0.023312450244853 0.0239615838847105 0.206105493592129 -0.409346960041335
0.0169839241477287 0.0506890776839997 -0.397101918782925 -0.687988319139114
0.031558834352949 0.0210201950438129 -0.860408060794585 -0.00841074081474567
0.0206710148469025 -0.00846420669891558 -0.277714465024727 0.634458755392582
-0.00250922690432612 -0.0168593270536823 0.27088259460187 0.441434122166538
-0.0154131585752487 -0.00710591056009758 0.34946992491166 0.0696414513186502
-0.0140020824489411 0.00470879335109071 0.173122983865039 -0.187717002266615
-0.00438179259927561 0.00228747490751709 -0.162872658188622 0.122910007515015
-0.0036506778195129 0.0139563447762432 -0.268613301670996 -0.073769044842148
-0.000673370824393817 0.0178554644501252 -0.244080367673498 -0.378232905708521
-0.000361120271792999 -0.00229825497858483 0.222464122914318 -0.544202916908966
-0.0266885384147008 -0.0115900379578221 0.729791670727089 -0.0395841626566649
-0.0207187608469854 -0.0299509124929061 0.447180448255641 0.607129009111363
-0.0087517911790661 -0.022390984884573 -0.117232493023986 0.49104477542775
-0.00301928376327321 -0.0269419147793957 0.0403356493556394 0.0602046288156437
-0.00555598227341315 -0.0412094339090755 0.298117609971569 -0.384900813723016
-0.0205669954563435 -0.0132531660039602 -0.236917608408323 -0.776564305970895
-0.0193379992876263 0.0035809481577011 -0.868076358531751 -0.196420946335162
0.0125473079209741 0.028066274053464 -0.45037271424106 0.560918152650289
0.0111260101336791 0.0265520036113532 0.168083462655988 0.465098900056691
0.00920598254896737 0.00251863550151887 0.32847794842094 0.100944764908002
0.0106259175926524 -0.00397381031375171 0.174521041396953 -0.178420214647741
-0.0106568491694237 0.00101299429170977 -0.165585220877135 0.122463918112248
-0.0129185798438489 0.0113219909533441 -0.269647623270547 -0.0805323935883513
-0.00457060998417222 0.0112337656208072 -0.231644462367252 -0.384692129672666
0.00424827611777786 -0.0106666715596229 0.24699492956221 -0.539583802845496
-0.0195940257208017 -0.0142498188589664 0.734599154399491 -0.016676247717539
-0.0209802340920381 -0.0248175105166305 0.424190949980646 0.617135286657597
-0.016008230319028 -0.0175578542341661 -0.127773671409368 0.482543943635764
-0.0124779551231847 -0.0227172039889692 0.0445489933010593 0.0512302355641041
-0.014091387527198 -0.0359850686003569 0.291082683407748 -0.401700175063401
-0.0211732335343957 -0.00659415177635298 -0.26424926335362 -0.774327063199422
-0.00893064538136643 0.00288556271699102 -0.871463367088268 -0.171936639061562
0.0215153214743564 0.0188716836899349 -0.424492607210104 0.572994094940039
0.00807006617086939 0.0182848846701097 0.181761020145361 0.45904380761949
-0.000710559399035119 -0.00362400527036009 0.327229985540795 0.0923026806869803
0.00313523751312592 -0.00570684676324722 0.170264435610356 -0.179663970862855
-0.0171337615366425 -0.000168816340408273 -0.167380925296122 0.118331919107185
-0.0212494979459819 0.00745438786613479 -0.267121608032525 -0.0882234198851708
-0.00917278830609172 0.00331604848065804 -0.215915349072255 -0.391068932723265
0.00951995510263963 -0.0187999865594511 0.279546219463164 -0.532045343499755
-0.0108123287173541 -0.0135964911510352 0.73788894302734 0.00940364822715278
-0.0182169646755162 -0.0163211547555678 0.393349310055629 0.629722797965206
-0.0223194039563665 -0.00885168286188193 -0.14547567335309 0.474482547844048
-0.0220688774993359 -0.016590183638034 0.0449898962878335 0.0444676729503388
-0.0225557655537001 -0.0265258541894285 0.276096577749985 -0.415249499920743
-0.0193544042635419 0.00343784693854996 -0.300476824421195 -0.765905007480134
0.00182244021775714 0.00510201477637742 -0.873132981922156 -0.137229036454237
0.0278161794328169 0.00975820015884065 -0.388529640206921 0.587125187640344
0.00496773864936968 0.00912671562244788 0.198389090275725 0.452604881967723
-0.00935001215946696 -0.00676422302891518 0.329913585761289 0.0830199271867769
-0.0058520060386638 -0.00742152739326062 0.168047455875615 -0.18190391687354
-0.0233770158277453 -0.000310957399394331 -0.167406810149506 0.116195633041301
-0.0273564093226092 0.00363413286242487 -0.263727580155266 -0.0933885725233688
-0.0115786560647465 -0.00594025941295133 -0.197071186942982 -0.395570588692066
0.0143324477284188 -0.0258930637850801 0.310724334395401 -0.51888377466517
-0.00111737566093958 -0.0103360115207092 0.743062734603928 0.0392821588565689
-0.0127429199902242 -0.00527771604036141 0.364682716631132 0.646219814904917
-0.027017960283063 0.00119224645623239 -0.164779181269718 0.470655378265193
-0.0301339097646068 -0.00777815704521785 0.0416906497709379 0.0399036726809393
-0.0282521432437332 -0.0144405971233175 0.259195362551092 -0.423552910663634
-0.0133739609907997 0.016367141804081 -0.337248140998196 -0.753118181949309
0.0125533300105847 0.0057667984789809 -0.874168007987675 -0.099088768325387
0.0314502250018561 -0.000368152017515893 -0.355972836029555 0.603547470131874
0.000703299775012302 3.56235605824609E-05 0.221788614233995 0.447115629747698
-0.017387845061916 -0.0103894753465862 0.332862637167749 0.0767789679493748
-0.0128841941015538 -0.00602745276440469 0.166844534586182 -0.183977130269963
-0.0271851875343063 0.00139839121650511 -0.166093180853117 0.11370679809656
-0.0319462021632793 0.00140707701886922 -0.258371760861711 -0.100928781370815
-0.0119889880287763 -0.0137985671034116 -0.177501777266166 -0.395416642103055
0.0180688525674427 -0.0306333862859522 0.338461668711617 -0.506590014516887
0.00862980718331098 -0.00468628424587656 0.742236698588174 0.0687222631212092
-0.00648362352206057 0.00764425043174838 0.33536118276091 0.661488731302694
-0.0321425921666712 0.0120616187426199 -0.183698897032803 0.467038625923198
-0.0386641912281788 0.00195028715992298 0.0349740991713729 0.0383616975664783
-0.0319396903212467 -0.000856422013731387 0.24043055906541 -0.429931551363382
-0.00545224080232291 0.0302138765819872 -0.368970168446547 -0.733933517697626
0.0215263737231181 0.00879643658924257 -0.872883374486949 -0.0625069338869321
0.0312548299707288 -0.00794355631156589 -0.318621845177694 0.617735275569467
-0.00195556016970544 -0.00831607701893955 0.243244074600645 0.443872835679681
-0.0222464867110835 -0.0114951736951412 0.338181414868079 0.0705137665076796
-0.0171212053717023 -0.00348885442003427 0.167862780014859 -0.185895481327462
-0.029753793555664 0.00295052223706352 -0.164146346231636 0.112370989107956
-0.0315269824395671 0.000198490024140988 -0.25171539720442 -0.102408687027132
-0.0121139385619198 -0.0202428261050047 -0.157537374805386 -0.396585046143313
0.0197823575636053 -0.032620615638123 0.362785054465517 -0.492958486686984
0.0161414974261841 0.001922486162086 0.742664940345494 0.0973325661037817
0.000331896661981563 0.0201569933047951 0.311629099970954 0.675363958583377
-0.0339150773778976 0.0222943702626747 -0.200480912946614 0.469632112626141
-0.0420524133807002 0.0110824301843284 0.0269314957365545 0.0398333382103017
-0.0325654071643506 0.0111100979184608 0.223002872760638 -0.430617041430816
0.00243645688877524 0.0397059301003316 -0.392721510613347 -0.716525007944405
0.0284339166594553 0.0117916530950536 -0.869350334051525 -0.0304434474513612
0.0291589924888001 -0.0123014904756501 -0.292706613230334 0.627817349780187
-0.00471853003938578 -0.0141589491102492 0.259852545602663 0.440401280554448
-0.0242708531466321 -0.0115218471031535 0.343317050564378 0.0664059058146301
-0.0198753396724057 -0.00208818293425623 0.169018282719273 -0.187584148819887
-0.0298294764110539 0.00599156782872623 -0.159667526374671 0.110355393612796
-0.0289464443860729 0.00168595668996284 -0.246605580532249 -0.101067748448534
-0.0109547034550099 -0.022780716537458 -0.149084027675954 -0.392816928833351
0.0183367310400083 -0.0331632203734776 0.370168200441006 -0.48338305218371
0.0205962946364987 0.007454327204471 0.742855541640329 0.109089137221939
0.00664532868567862 0.0283554039512939 0.303411581349788 0.687709922889646
-0.0322941315491861 0.031217674797582 -0.210733599494969 0.475165729521777
-0.0437083797094425 0.0187881131651702 0.0166376665869259 0.0461799829287343
-0.0291270242105511 0.020622216257352 0.214563054811731 -0.422641295199823
0.0110115850273094 0.0473192139260639 -0.399721736797444 -0.705855894007046
0.0313922513776961 0.016221091963908 -0.868125003776582 -0.017444208455253
0.0243300729665355 -0.0121223347843896 -0.283641365807516 0.6372437526344
-0.00485322845837186 -0.0173278724951743 0.268585424691889 0.443450311339359
-0.0217246603275796 -0.00971331105377461 0.348253586416195 0.0685549152564697
-0.0186529751543982 0.00070170150910953 0.171737364368357 -0.188550031854104
-0.0260625759740995 0.00881680683345579 -0.156626945508655 0.1103324738787
-0.023883448260419 0.00488221737109303 -0.244064974233426 -0.0981327448656985
-0.00868034852094113 -0.0226543984532639 -0.144777425936354 -0.388818074213572
0.0130098782676629 -0.0300374762272851 0.369330744969605 -0.479685896925653
0.0191964796699165 0.0117182546668478 0.745101130794622 0.113307847746439
0.0117534356044434 0.0332215232428559 0.305318544042641 0.692533746806935
-0.0277586477087392 0.0359386855529991 -0.217861543803328 0.483520760571506
-0.0401440420647234 0.0229914370370656 0.00810172477475909 0.0538448186079338
-0.0237258821002161 0.0246038926954235 0.211659161358673 -0.410982979324512
0.0176789416979182 0.0501170139085716 -0.39649967665446 -0.69766898508823
0.0308174256852735 0.021934139844867 -0.868899779073664 -0.013311324498133
0.0207940363316131 -0.00795713534082198 -0.283325126303716 0.638814457370358
-0.00270527593279084 -0.0169402888196775 0.272968358946349 0.447923674244008
-0.0159765927278769 -0.00723011760211059 0.352518756485497 0.0708982274860289
-0.0143692020743031 0.00446951609044128 0.17603072618261 -0.188142767718112
-0.00381963654089042 0.00257552181076826 -0.166377175596731 0.12472200738565
-0.00391539840117469 0.0139483759290427 -0.272117107834389 -0.0744626360800341
-0.000381385549979491 0.017088062076411 -0.24484326201803 -0.381862158900393
-0.000946534106993511 -0.00279780813564783 0.229220683834411 -0.54933767491311
-0.0268967565744665 -0.0120966887122353 0.738481537947446 -0.0365875441880016
-0.020971029522182 -0.0304495052855912 0.450863459341533 0.615757787445689
-0.00811281206605959 -0.0223036865877723 -0.120341173143134 0.49685224209937
-0.00336710612474522 -0.0270572826438778 0.0396148223777199 0.0609436206960635
-0.00533645519176543 -0.0416954810386144 0.303458879275498 -0.387769173533686
-0.0209682980943099 -0.0147457266982703 -0.235158429713862 -0.785673643217348
-0.0191042542683888 0.00415868437425724 -0.878386950610238 -0.203102412673477
0.0122947694081302 0.0283810050053501 -0.458812000327453 0.567195080007875
0.0105387643317431 0.0271759614929397 0.167619324232208 0.471600722848362
0.00885649175727782 0.00222276866638446 0.331528808909656 0.103208975651112
0.00978924847061175 -0.00374172100397506 0.177905414251849 -0.180955635355483
-0.0102022926193524 0.000929015698483681 -0.170038765407403 0.124074851709648
-0.0132962533293306 0.011153475599571 -0.273094572879824 -0.0810580235442513
-0.00434984753849343 0.0117969205499508 -0.234393798199637 -0.389294547566048
0.00366939158024597 -0.0106878902704781 0.253024270187156 -0.544105337679097
-0.0200855563140819 -0.0139652941005314 0.743585435363203 -0.0154296546743338
-0.0208755776833696 -0.0255016826200332 0.427134148566295 0.626849922895462
-0.0153117953397835 -0.017718855233768 -0.13366886050686 0.48674256228051
-0.0120502257864523 -0.023043087698573 0.0439522033074663 0.0527035211594994
-0.0146254012618496 -0.0361262480017107 0.297298915394081 -0.404802409405591
-0.0219032381197054 -0.00750408320705401 -0.263443896214319 -0.785238593252973
-0.00997898178635573 0.0034479097352681 -0.882146962092133 -0.177347791313438
0.0215584596903303 0.0194852951567081 -0.431921642145585 0.578519668220881
0.00832155776565403 0.0185901644175217 0.181271282545619 0.465297697095015
-0.000197361770049389 -0.00410329946612461 0.331819330095348 0.0945918876781845
0.00272838778949373 -0.00629165786892875 0.173944386055234 -0.182050832497178
-0.0179030062344458 0.000385415229673099 -0.171121924879453 0.120390003492671
-0.020799934572904 0.007724769142758 -0.271311639354516 -0.0894415140061079
-0.00938758038714326 0.00340603152445248 -0.217749020352529 -0.395554430328685
0.00987547926829886 -0.0186584005521768 0.283205843869309 -0.536421478389568
-0.011344024566451 -0.013892303922747 0.747101083972772 0.0112247440591844
-0.0183250174070655 -0.0167061056452925 0.396346843993418 0.639119155611615
-0.0232024979200593 -0.00942254958338219 -0.14931254737643 0.478824431317452
-0.0217365510389081 -0.0166621437810017 0.0449093214657172 0.0452591641821315
-0.0219277191442294 -0.0264898125185416 0.283249488065351 -0.417076784025525
-0.019393354280653 0.00418264981401974 -0.300114587177811 -0.777000942312689
0.00148472239484358 0.00416119409188139 -0.884110618256284 -0.143668122544979
0.0283031265684643 0.0095161353823849 -0.397493674826752 0.592810449757244
0.0049944599999974 0.00931306158180672 0.199147493133322 0.459204917059012
-0.0102981680330886 -0.0076531786158167 0.333907085675399 0.0850028274091689
-0.00549540263349363 -0.00624941312876487 0.172271458959774 -0.184987914357127
-0.0237156216243362 0.000698495196924526 -0.170997020859598 0.11781229480076
-0.0278782954814907 0.0042495792954456 -0.266890130108742 -0.096220266578396
-0.0115880921548056 -0.00561482882076306 -0.196759429284017 -0.400436099405133
0.0149158501893241 -0.0258822183796238 0.315751834535532 -0.523263977584833
-0.00100223462473868 -0.00986982634907548 0.752512515819975 0.0429159134219986
-0.0131823855993446 -0.00443916848324832 0.366073887775951 0.654783931323757
-0.0285298077776486 0.00135399219269431 -0.169550547093826 0.475518411868222
-0.031358073978548 -0.0074897734542418 0.04124852236753 0.0400959605097379
-0.0292291850133503 -0.0143847697080557 0.266050724938798 -0.426436544679441
-0.0132385948283704 0.0169786233330859 -0.335999176837864 -0.763809755424978
0.0132023371674031 0.0065469606153377 -0.883259536804454 -0.103797714488681
0.0314071779680477 0.000248925714962198 -0.360758282375551 0.60913000506262
0.00104964339965111 -0.000130064932497193 0.222138031454662 0.452943756999603
-0.0180498866531018 -0.0113465299168555 0.337969371470861 0.0778509297533259
-0.0126012854325203 -0.00601750773854073 0.170740263669862 -0.185940530618059
-0.0275033159586447 0.00190235116739857 -0.170177580241948 0.114519308607489
-0.0318324497560738 0.00177505528938366 -0.262315685768105 -0.101992595774477
-0.0124245908595946 -0.0142932857041753 -0.177892006833171 -0.402086806837259
0.0184335112996294 -0.031131877633973 0.343885476167179 -0.511491647493398
0.00913661763856282 -0.00409299953527527 0.751527752915711 0.0733531756721403
-0.00606888262564806 0.00769958538342365 0.338492070045638 0.670341357155033
-0.0320222428499521 0.0122382121356104 -0.189296369783666 0.471919308935674
-0.0375565570514311 0.00206225072771946 0.034756538080353 0.0385938240683065
-0.0320258242814047 -0.00083093309837415 0.246367134524525 -0.433102437327369
-0.00583020312445818 0.0301120128539832 -0.368007283800763 -0.743863286539314
0.0221569438316154 0.00871972385669583 -0.883083445227682 -0.0656765717718271
0.0318521511332138 -0.00763718008010443 -0.326272454643925 0.623429561354913
-0.00234247673912449 -0.00856026723269192 0.244122563284934 0.448954425157353
-0.0229787907552671 -0.0115894044768889 0.342857066296159 0.0730977470643776
-0.0178887738285843 -0.00425481399095844 0.170957048508298 -0.18812234349137
-0.0299816576535214 0.00327477226817222 -0.167096701308802 0.113259384638818
-0.0320175363092854 0.000973386586579579 -0.256479263044552 -0.104165148245973
-0.0119043468171408 -0.0209810537433519 -0.158258579590736 -0.402052212812341
0.0201598844466329 -0.0336645846146188 0.368705548135219 -0.495018943657575
0.0164428841456758 0.00194786831892991 0.751487937958179 0.101448608182259
-0.000710373315787036 0.0196122150927616 0.313793045443368 0.685165360200471
-0.0336001136275961 0.0226217660972847 -0.205711463225807 0.4734866961413
-0.0430899192367803 0.0117308719578312 0.0271337944401362 0.0406035790903685
-0.0329953065049383 0.0112926114989097 0.228300822850547 -0.433298563007744
0.00305586824059433 0.0404139272058089 -0.394829496568314 -0.72706153449129
0.0283508488853926 0.011704322033997 -0.879878194535368 -0.0348513367493767
0.0288862972844703 -0.0122887197649781 -0.297078112324285 0.635387560897711
-0.00490558546157369 -0.0149496858790695 0.261894256015353 0.44665690518059
-0.0249121889327475 -0.0116079135183995 0.346944615273506 0.0695302451708331
-0.0200184919906071 -0.00136892929838248 0.172223771921752 -0.190120608517646
-0.0296456367089064 0.00604351505836811 -0.163678519595369 0.112070659907865
-0.0291462591445942 0.00166176373758921 -0.251036274017447 -0.102464826526242
-0.0108348714180542 -0.0244253234106669 -0.149783664439406 -0.397918109151771
0.0179668804351523 -0.0331233858813393 0.37703487984322 -0.488772987836508
0.020444015174398 0.00795311612963191 0.753818498265518 0.113447579671492
0.00658208654824661 0.0289267892395249 0.305031846403001 0.696031806587573
-0.0333634786534887 0.0314766863954377 -0.216597437379456 0.481133423736146
-0.0432228032168928 0.0192137397573168 0.0172250692245558 0.0472219395672453
-0.0298105836269575 0.0199972330468304 0.219628732192802 -0.425771018399547
0.0113935961428857 0.0480083904730439 -0.398860354808401 -0.71597305237065
0.0322073982660798 0.0163715699674054 -0.879524367565347 -0.02290578930305
0.025083541607111 -0.01236287428744 -0.290771735994036 0.642377489047183
-0.00551141582595684 -0.0173984672318573 0.271974096680403 0.448440164378796
-0.0222099840833814 -0.00959829566050509 0.351865589272967 0.0696232129058687
-0.0185795216134293 0.0017577474855183 0.17636592451734 -0.190481572506858
-0.0267036775042051 0.00902018275685419 -0.159268873530465 0.111702431097202
-0.0236614584021207 0.00466457336065051 -0.247735978704532 -0.100588593673309
-0.00904896147888104 -0.0237698576833103 -0.145171678232552 -0.393164638327107
0.0136917854895097 -0.0306864848251057 0.375632358517754 -0.485308370047264
0.0199092603134834 0.0125130507841047 0.753210040280759 0.115490156910684
0.0124143682921018 0.0337173392676833 0.308015169429421 0.702215714211113
-0.0281612731116129 0.0364088316351079 -0.219481071257 0.489262346798974
-0.0413371346094685 0.0231928165185684 0.00761378660491748 0.0548913019667437
-0.0245075512825037 0.0246047461911353 0.214389331437518 -0.414160755445732
0.0173010396903854 0.0511745689677407 -0.39705871050569 -0.707435597767532
0.0318834995512251 0.0211651972023384 -0.879563959064078 -0.0163508706097584
0.0210072129018506 -0.00831973133823827 -0.291314589900907 0.646003091979054
-0.00320981317966049 -0.0177299220249945 0.274205772207153 0.453318759550235
-0.0159091371581813 -0.0078605792586193 0.358086521062293 0.0736205970992019
-0.0155512610195188 0.00407056910198316 0.180331868484309 -0.189951497036803
-0.00440762767832346 0.00318017651374054 -0.169687523235389 0.126193819131404
-0.00389622029781827 0.0151205405462396 -0.277584792118372 -0.074795533464409
-0.000880457710323591 0.0177407883022623 -0.248304339952128 -0.386902179879191
-0.000806505948718792 -0.00245831737699888 0.23241946271707 -0.556695319768127
-0.0268723280276839 -0.0117124862309735 0.749163038983021 -0.0354919819526259
-0.0211824906110127 -0.0310759799451024 0.457232849146242 0.624156358937456
-0.00842381624848597 -0.022457166167636 -0.123344579158272 0.502267599479622
-0.00336465689446918 -0.0273240212565002 0.0400289555908627 0.0614520058627055
-0.0061881527936936 -0.042055338562167 0.310834350877516 -0.391536135913914
-0.0211704858172384 -0.0147100979550182 -0.234680169879387 -0.798449185515108
-0.0197424631111481 0.00363761121179936 -0.891030122961086 -0.207205166793084
0.0128024447363813 0.0276482526738194 -0.466132421487117 0.573070964749539
0.0112245401805671 0.0270989276656324 0.169173986405782 0.478973138236027
0.00837109939361554 0.00191250133031608 0.337199230912219 0.105820380287832
0.0101674945285827 -0.00360370025293441 0.181236435836084 -0.183793162732652
-0.0108524742459101 0.00181702075723091 -0.172811027801243 0.125586475041116
-0.0129140760258705 0.0114458367997785 -0.277039741186257 -0.0824707740634628
-0.00524668974234262 0.0115072587624229 -0.236903650539657 -0.395211442483
0.00425599454322205 -0.0107397578769882 0.257544511557733 -0.55137784585794
-0.0205163794948426 -0.0140441571242187 0.754881930592354 -0.0137705478838533
-0.0213093381300161 -0.0253899554633527 0.431514461903872 0.635518840421054
-0.0155909444148365 -0.0175005876186632 -0.137661146656284 0.493002148019261
-0.0119927064680225 -0.0226328929159741 0.0445674891764095 0.0534045301725263
-0.0142863674521615 -0.037104912902674 0.303131584275549 -0.407943943762645
-0.0220241606654598 -0.00794243947951723 -0.26261617806382 -0.795332623654746
-0.00959648236729353 0.0031783932186781 -0.893538669801193 -0.179995431702571
0.0217083068044987 0.0196020668055367 -0.441562235768328 0.586105048758957
0.00773132916406486 0.0191892746763287 0.184496090615451 0.472477785903878
-0.000541244299101889 -0.00305060308342329 0.33663702203337 0.0963352292244453
0.0025407224309862 -0.00644522596278297 0.178232428960242 -0.184909044753537
-0.0177931230931035 0.000708992396028555 -0.175368540120971 0.123293713450996
-0.022120026116934 0.00843441962380768 -0.276408007881495 -0.0906469651036105
-0.00856252686772123 0.00314331309881236 -0.221104550801188 -0.401174802440221
0.00936623104200584 -0.0197712050394826 0.28823425473805 -0.543976226431594
-0.0109535781415239 -0.0141094578130688 0.758885619415807 0.0142865837017692
-0.017944328332448 -0.0166636780589814 0.400719125827863 0.648003998343074
-0.0227464031476107 -0.00974508001556808 -0.153210739796573 0.486011426545511
-0.0218129459495504 -0.016346253447865 0.0443408354743801 0.0454798297804848
-0.0233525130489419 -0.0267696509165671 0.287282181966891 -0.421591655073583
-0.0191944483569345 0.00290104612181268 -0.300564746502049 -0.788155755685739
0.00154459783188715 0.00456624033867517 -0.895284709385223 -0.146588360888467
0.0292447817311707 0.00914129203036058 -0.405094919295272 0.600581426231958
0.00509423356997416 0.00951343391384146 0.202498227974378 0.465974571832338
-0.0102542457609595 -0.00822402138788965 0.338183332408945 0.0875949068703753
-0.00517680744964804 -0.00668769209237324 0.175366150103649 -0.186964980970802
-0.0232452512886585 0.000732806389148884 -0.175687266307268 0.119659593003538
-0.0280850021082402 0.00481661213763974 -0.27230192449641 -0.0973833474636876
-0.0110118537748486 -0.0054906228882915 -0.20010090977604 -0.404691556345474
0.0143820062665551 -0.0262601222065311 0.321946802558069 -0.531193334459019
-0.00056009255997797 -0.0103223409936118 0.760401478387762 0.0443806228048605
-0.0129015881063587 -0.00501986236050374 0.369092162623782 0.664576160946274
-0.0283298929035745 0.0010700861670609 -0.173102423011778 0.480344270814023
-0.0312997316287288 -0.00784064487614058 0.0415220002646344 0.0408695253870094
-0.0298677700515527 -0.0144404327335311 0.26940940937914 -0.429939493604451
-0.0131961796005344 0.0164577411109558 -0.337141866491167 -0.77484453121347
0.0135519144453158 0.00634218160085577 -0.895941962348757 -0.109075389564031
0.0328196365059721 0.000311580864683574 -0.367985840613741 0.615384747027742
0.000934203611179118 -0.000172243460917244 0.224863973387864 0.46089772249332
-0.0181917826704291 -0.0113655835094546 0.342231701280775 0.0800838280207237
-0.0134648647484429 -0.00595652483271032 0.174588217665274 -0.189781719276938
-0.0281196998594942 0.00211450567745575 -0.173057222752792 0.117230365833213
-0.031905055383275 0.00232606870896041 -0.26694088762558 -0.102666639571761
-0.0124460059266283 -0.0147576380087035 -0.179452214534429 -0.406285333964677
0.0182512864486248 -0.0318712903518825 0.350659387917514 -0.515540047948512
0.00981967207394992 -0.00388233150736618 0.763750783098779 0.0755551429602629
-0.0066941207223333 0.00820916719840672 0.340964451142658 0.679130862146077
-0.0335166058203508 0.0127963324200053 -0.192161524359165 0.476824010059409
-0.0392817917380656 0.00206004098060106 0.0343797429280322 0.0401258131065252
-0.0338647613922096 -0.000937270953107826 0.252887838287431 -0.437716496727909
-0.00558198035558587 0.0291040652032038 -0.371723354603517 -0.757787912400317
0.0227873872443172 0.00916830227341643 -0.895049028559704 -0.0685395033840735
0.0322958973545989 -0.00765010004073702 -0.33303959169479 0.629476103983554
-0.0027415137541758 -0.00921070773690174 0.246456472413928 0.456997104233551
-0.023472087196107 -0.0121727157855197 0.347317154444937 0.0749656858194218
-0.0184326958073594 -0.0040089920082869 0.173972254860403 -0.190702131396635
-0.0308331961246505 0.00375230139241538 -0.170471214597516 0.115540378200849
-0.0322621677180734 0.000474501150024416 -0.26090506213336 -0.105536798050827
-0.012139427988523 -0.0209874456332288 -0.159828097126719 -0.405991575258164
0.020112690996704 -0.0337472051639889 0.375385092912525 -0.503139525633096
0.0170293588728518 0.00282860753023681 0.762082051692747 0.104109416922989
-0.000358754940885504 0.0197443745235871 0.315994662584886 0.694705309732275
-0.0341473411501256 0.0223287081527445 -0.210483007175576 0.478638506280819
-0.0432271281266042 0.011449255213852 0.0270530468645757 0.0418606454273178
-0.0335855570497472 0.0111908520142082 0.233528596789197 -0.439328934284865
0.0030491144592201 0.0398476366159803 -0.397615666163347 -0.738062349961849
0.0293508472703634 0.0124040612271561 -0.891747157693093 -0.0366529840402564
0.0300040743640596 -0.0125489110369274 -0.303050381599604 0.643664024590088
-0.00495114366478574 -0.0150201865742178 0.265002558591251 0.453761218523346
-0.0254054040451743 -0.0120309682372783 0.353005749911603 0.0696757931690993
-0.0207201385086464 -0.00115011109942935 0.17593925855329 -0.193224917536135
-0.0303871696058395 0.00641114182947132 -0.167134401014227 0.114400159656617
-0.0288695352262618 0.00262329344113927 -0.256115416930926 -0.1035948942068
-0.01050626411314 -0.0247599187595818 -0.150491984021177 -0.402406667215758
0.0179909571244003 -0.0338357523031046 0.383414806300946 -0.494684375668999
0.0206768170214599 0.00846036500170011 0.763596584409192 0.113607252892518
0.00660370153570892 0.0285710063593686 0.308530546376931 0.705079536807754
-0.032813264451638 0.0316797446669256 -0.219737980053488 0.487763658950019
-0.0444849529101038 0.0194957069173189 0.0158371197454429 0.047855166163559
-0.0302576034615857 0.0201248570112508 0.223654574992194 -0.430898358064938
0.011921357983975 0.047250836385554 -0.40437581190667 -0.727229557797902
0.0331729340255317 0.0168804199843991 -0.891797076714089 -0.023147060926222
0.0257059728681473 -0.0123808906963178 -0.294717206925503 0.650091069502338
-0.00584272511449161 -0.0183465970428458 0.273029136578576 0.456369139103407
-0.0227192383039438 -0.0105816263595978 0.357956498802066 0.0718946390608331
-0.0197173585341128 0.00146464092739374 0.179737583821086 -0.193821218974985
-0.0273996101643971 0.0100082042722613 -0.162209145324146 0.113972371390056
-0.0233844307180751 0.00517937961549222 -0.251709645345426 -0.100870939329685
-0.0087943120725587 -0.0239298790560696 -0.146790732748683 -0.398493762942777
0.0131588361350528 -0.0313310855139173 0.380993223617536 -0.491186505686916
0.0202854284142684 0.0126852414023103 0.763560005360161 0.118954869331122
0.0120659422931811 0.0331588852965291 0.309320687197473 0.711810393519397
-0.0292578236523452 0.0368468852912326 -0.225605474041411 0.493364680730709
-0.0412694397975141 0.0235698655267258 0.00739076458619453 0.0556708362805524
-0.0250107961228537 0.0249866987056283 0.220963519881189 -0.418057588476794
0.0181988032893273 0.0512890719098628 -0.400360989804344 -0.718562341032601
0.0328385168188682 0.0217204933585791 -0.892045826017557 -0.0210061085731011
0.0214872526324582 -0.00857203565680592 -0.296733372910502 0.65478933190147
-0.00357787606578549 -0.0182626241762478 0.277230552239503 0.460697731544554
-0.0160431953183199 -0.00872674047154142 0.363197659747208 0.0743676300354797
-0.0156321635411406 0.00451706644961731 0.184122898893279 -0.193430499533209
-0.00464993533670075 0.00366685340479566 -0.17335221807884 0.129550505730209
-0.00405544544923501 0.0158379429942463 -0.282591054354538 -0.07464496287332
-0.000643250005142479 0.0179128810752002 -0.251723197384748 -0.392056224893471
-0.00149240409106788 -0.00244140338529298 0.23493156626489 -0.565467980650697
-0.027034031042971 -0.0115601412536749 0.760676029223931 -0.0392339298868161
-0.0215051012752721 -0.0324179304950416 0.464651213452136 0.634556950158464
-0.00864179707434859 -0.022445973266707 -0.124677564296436 0.509831816991009
-0.00328000144202629 -0.0268127532561605 0.0400054328606252 0.0626823651017362
-0.00571160847053069 -0.0433756368490749 0.314249900747767 -0.397063635632067
-0.0209310430204423 -0.0157937855341507 -0.2377118565353 -0.809862867003178
-0.0198223901140705 0.00404083601526461 -0.90316286224633 -0.209865746444818
0.0136801012238206 0.0284829665308364 -0.473124564569621 0.583394497886193
0.0106012223457641 0.0273630090024265 0.173083054959176 0.486868504536851
0.00815393204327886 0.00146553632915782 0.342940624397732 0.10568686531975
0.0103237373012009 -0.00427889464600542 0.18486474812345 -0.187231192160759
-0.010784688038232 0.00209667794008274 -0.176284684782778 0.1285287078258
-0.012925569279644 0.0125832521490782 -0.283063767301862 -0.0832300882463503
-0.00517469576169028 0.0111204246537763 -0.240261143426796 -0.399795786390883
0.00411751266860382 -0.0109570502360356 0.25992668584647 -0.561421148287122
-0.0204292538252873 -0.0141809722227963 0.764608007793456 -0.0143676381156746
-0.0213149930758948 -0.026645095364885 0.438458622835181 0.643012237589261
-0.0161516055297599 -0.0181520665605494 -0.139632374600941 0.501130970700848
-0.0128272406854363 -0.0234286119777419 0.0441586598119266 0.0541648715946295
-0.0146791105008845 -0.0375010550316781 0.309268918569942 -0.413038380131997
-0.021671476604513 -0.00809881384559269 -0.266605352243049 -0.807399207060326
-0.00917004992331414 0.00316286056747473 -0.908416653930342 -0.183679796299076
0.0220987454098987 0.0202058619507373 -0.446965562766777 0.595376233925277
0.00872916751595187 0.0186980260821069 0.187863618441927 0.479415027711483
-0.00123179456496891 -0.00302057179118658 0.342445341242186 0.0966275223459036
0.00254178449740262 -0.00572594156013021 0.181098417254731 -0.188467958749841
-0.0177804349613666 0.0012145789238012 -0.178697146992224 0.125374162572956
-0.0215276072829674 0.00880938776023235 -0.281922725431427 -0.0911331838511569
-0.00866110566932892 0.0030086779427113 -0.223033004905318 -0.406699936597283
0.00915797776491332 -0.0200202755170407 0.292446568840422 -0.55294245522606
-0.0110508480735897 -0.0134117304215142 0.770787698342343 0.0128600332740225
-0.0185255154311797 -0.0172264832566203 0.40754520600808 0.656993375607065
-0.0232216618247591 -0.00927752088573125 -0.15663600496014 0.49255408982178
-0.0218991866636508 -0.0165266937419061 0.0451199385262432 0.0467909062042319
-0.0236419499653139 -0.0275657769649981 0.292542042362921 -0.427488489706284
-0.0196515799474557 0.00282662177820563 -0.304296847259212 -0.799833262867332
0.00188139263942246 0.00505734719976658 -0.910036661239813 -0.148409366546538
0.0294212022345913 0.00967872194695589 -0.41021685603269 0.609236028194432
0.00482527302769914 0.00938079081222889 0.206357068162585 0.4730603741092
-0.0108893234157596 -0.00808263464665682 0.344729061828233 0.0878767535330042
-0.00580554534853713 -0.00694448708782684 0.178637324298405 -0.190876233210682
-0.0242508396879935 0.00149382588660431 -0.178237056829677 0.122582806223482
-0.0283490605255107 0.00497425311850534 -0.278651210759633 -0.097819097784304
-0.0119075626699006 -0.00611836044205488 -0.202798904180898 -0.409181069094749
0.0144459197269498 -0.0273447110444874 0.325840293376159 -0.53915291704111
-0.000831873927225838 -0.010018367045465 0.772540476500469 0.0450439782031261
-0.0128460437542178 -0.00555936376433747 0.376008103843363 0.673860517253253
-0.029990397001519 0.000969811777360406 -0.176553978887133 0.487408888639128
-0.0322738790440993 -0.00738939246763106 0.0414026731235407 0.0415976935801562
-0.0303644639333336 -0.0141455216255446 0.275086006269 -0.437522047622412
-0.0134132441541633 0.016516819763391 -0.342319247894228 -0.785815733516729
0.0133594436304819 0.00668287101695894 -0.910664258895172 -0.108564639621303
0.0329618883892165 -0.000222108498287165 -0.373647833901707 0.625815337747397
0.000759435434035148 -0.000787700102498861 0.228640978491088 0.467982664014222
-0.0189794388713895 -0.0114097195986158 0.348129477748544 0.0802792572382395
-0.0135510507705262 -0.0060785627650774 0.177443119089605 -0.193714120931466
-0.028736868772266 0.00277898765899658 -0.177712100668541 0.119322593896908
-0.0323259276684993 0.00243147603415108 -0.272206482902572 -0.104122217501127
-0.0127098753145308 -0.0151796023545625 -0.181742774211423 -0.411777666692135
0.0190211866069996 -0.0321403419889441 0.355247622736285 -0.52643292775933
0.0096009817429182 -0.00434896077857329 0.775061768187833 0.0747375280996883
-0.00647271823280632 0.00789853458196603 0.346972699890694 0.6883656330484
-0.0339231049697881 0.0130099978991518 -0.194988609906852 0.484765148025444
-0.0393648664998908 0.00247229603139712 0.0349115623134004 0.040944047606002
-0.03413526269419 -0.00154421964670224 0.256824439003853 -0.443521195401668
-0.00565305225639612 0.0291758610894963 -0.3755823752668 -0.767892993036588
0.0230540759973033 0.00935143589495107 -0.909267342217046 -0.0679660105341852
0.0330230517629973 -0.00896521223960221 -0.337819571462246 0.642691751800651
-0.00239357258858403 -0.00923008075685068 0.251256183978875 0.463013159590271
-0.0241980123900591 -0.0125930259041117 0.353652692909389 0.0746767117889062
-0.0188366321045694 -0.00453172565900168 0.177275911522817 -0.194324898658284
-0.0312955995020814 0.00427413388921119 -0.173609356553455 0.118041484706664
-0.0326037903057828 0.00167007766629634 -0.265961020824442 -0.105966735594521
-0.0121605848124935 -0.0219805216694016 -0.162322583341757 -0.41183026588843
0.0200156692408268 -0.0338166471831869 0.381366337802392 -0.511096384824201
0.0174506710776611 0.00249761105437454 0.77496893330174 0.103006830744931
0.000383000835132416 0.0195380715574456 0.321505548164698 0.704577332955553
-0.0350700975234521 0.0235025181644264 -0.213403648599018 0.486727636753308
-0.0436521216999686 0.0118551037250561 0.0266269530901921 0.0423196621342582
-0.033859381172622 0.0109354512474264 0.236908343747786 -0.443112066840722
0.00380984016725014 0.0398938656462764 -0.40279586117258 -0.749538049642736
0.0297611989831463 0.0125488277504607 -0.907198939440596 -0.0366240577637757
0.0307881217286354 -0.0128301141901619 -0.308808858467113 0.652929075323352
-0.00535166580119065 -0.0152861652803328 0.268795977273716 0.461264694872439
-0.0261546801468859 -0.0119181780315597 0.358391012720096 0.0705427978394592
-0.0212515667203595 -0.00137209527841177 0.177943320807911 -0.196790735157379
-0.0306465779041992 0.00741532480005705 -0.170487922414998 0.116622545877344
-0.0293616288701615 0.00314774370691991 -0.261255020049268 -0.103866623406562
-0.0102474752875849 -0.0251710335842684 -0.154438106493406 -0.40766094195381
0.0179533690533355 -0.0339458485261556 0.388365248453289 -0.502081675378742
0.0211746086735894 0.00845054450506195 0.774401879877116 0.116551996666992
0.00700160140440662 0.0293666137714381 0.315081572361902 0.713852949364066
-0.034425686447458 0.0322041626053204 -0.223566424053087 0.492669979917059
-0.0450152492777391 0.0195297037893886 0.0166178613006906 0.0485648711459038
-0.0307132552220163 0.0211189116894194 0.228352551215612 -0.436086699785673
0.0119736090004756 0.0482932951117845 -0.408545639732659 -0.737485909788611
0.0337115817595839 0.0169266748794584 -0.905915886687492 -0.0228164049044383
0.026668184629259 -0.0134346219821654 -0.299763079955015 0.660924013770631
-0.00480062862444031 -0.0186709926144558 0.278837438286741 0.463043653138223
-0.0232218603607717 -0.0105925767080063 0.36480125337706 0.0717825891555063
-0.0203015648651028 0.00201205108254213 0.181919511664359 -0.198175079483967
-0.0274653208340768 0.0102478778021331 -0.166364759571891 0.116523290415857
-0.0236794337038035 0.00574676620443301 -0.257245736647936 -0.101480372190986
-0.00857329033535511 -0.024737169903519 -0.149129554858357 -0.404224874491308
0.0125485341775342 -0.0314840993884536 0.385811399101819 -0.498225663901976
0.0212328566019598 0.0128831102482829 0.776222578142073 0.120198410049231
0.0121717978301031 0.0334261830386963 0.316629409459085 0.722106985187395
-0.0294048068314497 0.0377535007937446 -0.226932270924989 0.501804740271691
-0.0419115904164683 0.0236930416133977 0.00686129367185678 0.0567417836109282
-0.0251152526849203 0.0255403218830866 0.222850413836719 -0.423951607340811
0.0185370008266828 0.0513243698157606 -0.405355930439718 -0.728506967904975
0.0333210295628256 0.022017465127412 -0.905489993445081 -0.0179640990375996
0.0223754743275007 -0.00851873594098887 -0.300567620170995 0.665028934500279
-0.00314617715027674 -0.0179182619199648 0.280881114383478 0.467656313711387
-0.0166845746399125 -0.00745369620967196 0.369282688933498 0.0757737214207643
-0.0159544142294343 0.00436988244822786 0.187501055829925 -0.197416182986177
-0.00424140723316441 0.00428741316430099 -0.176470618744628 0.13264976200733
-0.00330298770772966 0.016739139157637 -0.289032865182301 -0.074490426539984
-0.000168352597896058 0.0178425053952623 -0.257157097654915 -0.395961509037058
-0.00218286718253802 -0.00224373227084615 0.23742433616833 -0.575585821502752
-0.0278569490206663 -0.011638450583782 0.773381232083093 -0.0441140782894557
-0.0222338167417256 -0.0331808504521133 0.474358976136359 0.640029909801089
-0.00880515736609562 -0.0227306493608361 -0.125021124946817 0.517721341890665
-0.00399991125209652 -0.0266929151653143 0.0402706694519128 0.0639048776679496
-0.00627514853659009 -0.0430114623012592 0.319086740347306 -0.404404232220115
-0.0212057765713585 -0.0163550011437173 -0.242887402954817 -0.822032241364975
-0.0204127232147659 0.00366022557146436 -0.917976039636804 -0.210789086273884
0.0141860435748839 0.0288308270533336 -0.480492884814503 0.594750523633434
0.0118852726899994 0.0272639659180878 0.178404401170759 0.493793721734693
0.00834127139979982 0.00183626144656437 0.348831103029228 0.106075046051371
0.00988950855718614 -0.00378155338255772 0.18776840514508 -0.191186746155311
-0.0108151037356448 0.00210231528416478 -0.179588923179754 0.132660623061545
-0.0128899197405637 0.0128322766587691 -0.289733576043223 -0.0823394236487857
-0.00473229792510891 0.0109296218898181 -0.246245859836427 -0.404226360596441
0.00348285354839016 -0.0105687256123528 0.263338147302192 -0.572692652530823
-0.0202392077542834 -0.0136223564587719 0.779265909883927 -0.0185504170809777
-0.0219982805743677 -0.0263931192613207 0.449049104022595 0.651572881813672
-0.0164739213591739 -0.0181879859986287 -0.139896344457809 0.509191065462376
-0.0125703541422595 -0.0238095736039419 0.0451020076164094 0.0558852489823898
-0.0153172585776753 -0.0376846372113589 0.312002265779336 -0.419537201005503
-0.0217729661073331 -0.00872189879794253 -0.273032314815838 -0.819342125415594
-0.0104465315601448 0.00352770041390389 -0.923065999130724 -0.182111345998295
0.0233200120598795 0.0200724480284672 -0.453025945552952 0.607341572024317
0.00858742693537508 0.0196338400528138 0.193944141761245 0.487400371362902
-0.00113475435085078 -0.00363650555445689 0.348765818767296 0.0971669230199678
0.00230184808810658 -0.00584466777976334 0.183449309888161 -0.193728138932581
-0.0182353637129855 0.00168479898209158 -0.181520843889689 0.129645298481516
-0.0216944824203914 0.00932328537906505 -0.288088210916799 -0.090714835564923
-0.00910416615208373 0.00264480264403549 -0.228954741649156 -0.4112607068234
0.00851301600299549 -0.0200743032844207 0.295597015712663 -0.562654929837787
-0.0113766813971126 -0.0131973638099498 0.782216830292402 0.00888337471053379
-0.0182743590820585 -0.0174800805229856 0.416435260096378 0.663890863980727
-0.0239007577232519 -0.00996362603460637 -0.156869996885553 0.500219932162277
-0.0229442111237566 -0.0158166576460889 0.0452668345228086 0.0474261276476854
-0.0240876492494877 -0.0284846651339002 0.296221785804318 -0.434412472383295
-0.0195356933258968 0.00283994402368032 -0.311868004955926 -0.812051075196456
0.00185313165348708 0.00497224990275316 -0.924468950312614 -0.144346048610774
0.029874515903628 0.00939930277540832 -0.415173884528322 0.62169466064251
0.00552226238276316 0.00942126334985708 0.211353107863253 0.481309485926226
-0.0115233985684242 -0.0085684492858445 0.350394056815328 0.0887762881712971
-0.00638411327036995 -0.00695533369149842 0.182287168499002 -0.195658622745309
-0.0237412150484889 0.00199388469302043 -0.182390999173363 0.126208484510392
-0.0291102783686601 0.00522128726767407 -0.28355428839046 -0.0971611289914217
-0.0117923877247969 -0.00630883336952956 -0.207775822741119 -0.41591657429018
0.0137355120109085 -0.0277226422868447 0.329265591861677 -0.550480793928829
-0.000140358211376731 -0.0101486611911791 0.78621623022506 0.0407916423131437
-0.0133915754599515 -0.00577788308630714 0.385219338999592 0.682207511727435
-0.0297456381077678 0.00133019968233151 -0.176559028600441 0.495766620122784
-0.0322784791949757 -0.00616513576019194 0.041374573025977 0.0424430502669207
-0.0311446587947161 -0.0149724824655496 0.278901795913997 -0.444757626159285
-0.0136457040623549 0.0167554130913556 -0.349847812945136 -0.797940668969471
0.0133668830789103 0.0067078988377691 -0.925388865439635 -0.105624463188513
0.034140696157894 -0.000569224839005624 -0.379066292949664 0.637479041468392
0.000671613247129985 -8.66862002870377E-05 0.23466680008027 0.474171954315751
-0.0198356737740789 -0.0114506783856129 0.355183870750807 0.0795553285727499
-0.0146031660959009 -0.00654002474142152 0.17963178642085 -0.197221119371962
-0.0294203953713003 0.00295136784656997 -0.17999484350853 0.123395763242787
-0.0322490988996265 0.00326726999024981 -0.277799498167511 -0.102442182865926
-0.0131916340402478 -0.0156233760976586 -0.187407892412587 -0.416755337268693
0.0188419651419711 -0.0327762371678283 0.358577086851562 -0.535900338314941
0.0101173549693415 -0.00452154554354317 0.787006299053696 0.0734715804267566
-0.00705269336363506 0.00816065206946268 0.355905861634668 0.698606756501604
-0.0345879307020589 0.0135997087128796 -0.197153043413969 0.493396112765868
-0.040273372048123 0.00358108074358247 0.0354268605788086 0.0413288215749589
-0.0347269168461779 -0.00118744244446671 0.258434747525048 -0.449365724943832
-0.00555519764359835 0.0295583048682958 -0.38406070738365 -0.780051339315123
0.0235272901537123 0.00919031860624174 -0.924613430907678 -0.0654066513320722
0.0333502883667298 -0.00875531395655049 -0.340571128192368 0.653481972240252
-0.00315646244584813 -0.00932422057150288 0.256900497406353 0.470641046117121
-0.0254451898982034 -0.0126613382867006 0.35995562846358 0.0742658472360121
-0.0194336507304929 -0.0032427583326915 0.180657943005762 -0.199928678816599
-0.0315166498160069 0.0048091124288272 -0.177518571747177 0.122095091763707
-0.0333421405030243 0.00259305160547502 -0.271919738443106 -0.105684708270479
-0.0124136107053027 -0.0218297178870982 -0.167368404746848 -0.417329060889177
0.0197916316654212 -0.035212258221747 0.382870668062728 -0.521376704376987
0.0177262002356573 0.00284735867961133 0.789010312952234 0.102430514523795
0.000338172418363597 0.0199105316695228 0.330308741716163 0.713700297918887
-0.035149911050695 0.0240471845270077 -0.215788510808134 0.494528020137586
-0.0443999322903733 0.0121384385002003 0.0266208407338992 0.0434716829504098
-0.0349077756351569 0.0113753245743149 0.240241981407205 -0.451383327976381
0.00373539795281518 0.0404940781248026 -0.412039107069771 -0.759443619487281
0.0304885456681577 0.0124631984442403 -0.920314487250612 -0.033014130261521
0.0310355917471732 -0.0136660746448225 -0.311507304729626 0.665408026212063
-0.00456517458974292 -0.0157025315181061 0.2770604343391 0.467506941283463
-0.0263962211756738 -0.0118976685523338 0.364727034968593 0.06987933427541
-0.0218892584629664 -0.00129619602636092 0.181721270047499 -0.201736163383357
-0.0309899474422933 0.00787019333792544 -0.1738808136467 0.119468458478827
-0.0299868386240276 0.00317207877587212 -0.266057679668344 -0.10447395642238
-0.0110633527720396 -0.0258553639237939 -0.157544205326242 -0.41271359898523
0.0178519496430117 -0.0351383334659207 0.393708832801459 -0.513103267960916
0.0217959899981297 0.00903917696339057 0.790079663003683 0.114588047017416
0.00663338130185345 0.029637623769952 0.322074434624026 0.723640844845344
-0.0347697853534786 0.0329854326759779 -0.224539579028188 0.501698666243756
-0.046137600311503 0.0213777752607453 0.0159071340162736 0.0492203710540094
-0.0314448708973911 0.0219276202473533 0.229555788402619 -0.444234184418605
0.012233310391622 0.0485083560693753 -0.416493012025199 -0.74819815022587
0.0342017714014513 0.0172335047529804 -0.920888960235592 -0.0195178199938483
0.0272753674644653 -0.0138912058686249 -0.302509488269213 0.671642786844687
-0.00487668757949879 -0.0192045891377968 0.286882416276738 0.468770705072946
-0.0239352978576324 -0.0106067230250339 0.371481376666921 0.0709126204362531
-0.020426333085489 0.00209588559577866 0.185274591117287 -0.202099266479261
-0.027964310079593 0.0106804766421511 -0.169388550348359 0.119595945806627
-0.0232975745424389 0.00645572348581326 -0.261922592925556 -0.101432943483533
-0.00904270058083278 -0.0249609542235015 -0.153461634402169 -0.409421885565918
0.0122721823805347 -0.0320996836469697 0.392688659079784 -0.509637790889194
0.0213168265444542 0.0126541222550271 0.789742145531202 0.11939164178822
0.0127509394938905 0.033986051886759 0.324147212859161 0.730501712669783
-0.0299537430806137 0.0381643627826243 -0.229423153225507 0.509608526157908
-0.0431055819773581 0.0251622533543972 0.00640888898802804 0.0580531582604068
-0.0258252310478544 0.0258760245601562 0.226588931951334 -0.430398135620488
0.0187313127344765 0.0514909471955241 -0.415060950750202 -0.737755779075979
0.0337610976561287 0.0230956416723087 -0.919823937985171 -0.0164624257245192
0.022433662262271 -0.00944068311702602 -0.302691311410404 0.676704272655494
-0.00325667256222439 -0.0183785813529657 0.288634402707429 0.473388128137543
-0.0173876447254525 -0.00820841175505482 0.375801863566817 0.0738979277649709
-0.0165739765618352 0.00444095608105862 0.188661738967997 -0.202562273422308
-0.00372982823316219 0.00456421469741479 -0.178954962819137 0.13756596375634
-0.00323305897380172 0.0171662568263464 -0.295276227533046 -0.0717559637862028
8.31521992686237E-06 0.017677630543212 -0.264648876314643 -0.400129032916602
-0.00211668369645292 -0.00242376460228312 0.235195156003763 -0.587323826639098
-0.028011888497923 -0.0111608996832222 0.785812014991965 -0.0482230171673931
-0.0227546845217641 -0.0328150400943714 0.488765771328245 0.646582413566366
-0.00937439388249707 -0.0228879673802639 -0.123973755322318 0.527086893251509
-0.00390789014214976 -0.0269581426265472 0.0406065350026593 0.0657045948583296
-0.00732668142950772 -0.0441685131729736 0.322184412010796 -0.413261359195608
-0.0218747712875986 -0.0169102254492063 -0.252225110061266 -0.832393590820564
-0.0211079358144751 0.00403006514770145 -0.935641339344842 -0.205824216586713
0.0146405579573227 0.028845331463257 -0.482690392552304 0.608451944154285
0.0114553504089034 0.027409831764797 0.183716107689086 0.501464625487219
0.00860208720207595 0.00224431279859853 0.35525290635072 0.104489814553882
0.00994171294302102 -0.00421351915185123 0.19024750330809 -0.197612118867975
-0.0109655085173732 0.00311389206433378 -0.18269512472736 0.137098174108966
-0.0131729983428563 0.0135566095662651 -0.295174584700808 -0.0801215989000488
-0.00491226223730236 0.0114617930834216 -0.25447919984741 -0.408399797397224
0.00298477973155482 -0.0112179331627455 0.260203466312279 -0.583093341062298
-0.0210985477409961 -0.0140639778327099 0.791248311143839 -0.0257392400126864
-0.0227486707391792 -0.0267766784435743 0.461452299268674 0.657210212035442
-0.0171278442203544 -0.0177119259810315 -0.138616430355992 0.517681128652867
-0.0129996899092679 -0.0229437314715732 0.0451365194297371 0.0556064357291379
-0.016637896338306 -0.0380220247873462 0.314211866059779 -0.428016152194234
-0.0221153300174683 -0.00924839646473789 -0.281786746442078 -0.831130167988584
-0.0107052071062435 0.00304605174548214 -0.94018093455262 -0.179481493476496
0.0236334258864539 0.0196367485036895 -0.455330000730505 0.619584694582875
0.00919920950396584 0.0196689444549079 0.199353596392156 0.494112452701651
-0.00182093993950733 -0.00394366526933813 0.354981063535135 0.0955271304971217
0.00233811408937922 -0.00610554749099344 0.185791892312314 -0.199034610573831
-0.0179012778569222 0.00250528585170124 -0.185408463892493 0.133478692406103
-0.0218605130459935 0.0102830805319361 -0.29368000505719 -0.0886434739270253
-0.00894171500504028 0.00262074803294757 -0.235919535856125 -0.415019220452105
0.00895978031773023 -0.0205286679128745 0.295449768249575 -0.574688865812742
-0.0110984557645874 -0.0136300878015316 0.794362759183479 0.00319915901265763
-0.0186268795042152 -0.0180220560591282 0.42789230084385 0.671682135698541
-0.0240252631251463 -0.00915014403242511 -0.156635811736752 0.50937823438944
-0.0234058935370374 -0.016080863058909 0.0459762466026851 0.0476214449236686
-0.0251458658674508 -0.0279567438698325 0.299070764362652 -0.44322240942961
-0.0193685722705293 0.00260439596424986 -0.321483019281714 -0.821763087058937
0.0026704946091086 0.00515330170982177 -0.9408676745984 -0.143314368397326
0.0309819052481171 0.00881296129220282 -0.417610936371101 0.633304872294326
0.00509899112763134 0.0096481071388747 0.218886189299889 0.484859640147242
-0.0121023366243255 -0.00850477642138672 0.358087803392021 0.0870458497732611
-0.00702411902502431 -0.0066292881757405 0.184247763211912 -0.201148405767437
-0.024928638872279 0.00291867781014855 -0.184568548128615 0.130729155038393
-0.0287682560531925 0.00682789772499384 -0.290205679629654 -0.0942765661850307
-0.0119782348792997 -0.00647274365672738 -0.215061597804544 -0.421290756727864
0.0142307661923429 -0.028328516339034 0.330151356525653 -0.561572918558568
-0.000867440165211075 -0.00999307018079656 0.798429628793496 0.0353081768747774
-0.0137650659232101 -0.0056151895136327 0.395867202529289 0.689918101605464
-0.0301428091185462 0.0016263546537991 -0.176571532438665 0.503931535695767
-0.032892267969868 -0.00671824448397367 0.0416429893620899 0.0436661467671282
-0.0318986085877791 -0.0157457591484632 0.280199335197842 -0.452988571561338
-0.0142400682126332 0.0158408351049397 -0.359666840897823 -0.806481190116869
0.0138652563177781 0.00704831862914224 -0.940651597652344 -0.100326792033177
0.034106101703288 -0.00143587518347599 -0.380090258968389 0.650782558391973
0.000903075116602538 -0.000132163538722503 0.242205555698222 0.480516943756663
-0.0202279394925846 -0.0114972079855849 0.361237174995028 0.0781588492491075
-0.0143437882148912 -0.00603788037668619 0.181947328663914 -0.202617822029682
-0.0289325648794906 0.00404043263920693 -0.183778235572855 0.127223559862326
-0.0333480959252371 0.00387578113979302 -0.283995075451324 -0.101364582936853
-0.0131560486900249 -0.0156513275286315 -0.193271672781168 -0.421150494921947
0.0185112373107393 -0.0335577474286741 0.361866343185545 -0.548000872096562
0.0100973084647993 -0.00393938197017449 0.800833459028215 0.0668831533935912
-0.00654235052195794 0.00789576888056677 0.366731617190653 0.70411933709103
-0.0345009115592491 0.0147167983936277 -0.196490579935687 0.501172033216249
-0.0406453666178687 0.0035555547050077 0.0355719049361989 0.0417865230040092
-0.0358464591573243 -0.000974993933988659 0.259520530854978 -0.459665705109275
-0.00512780785030758 0.0293661508912728 -0.394220031039178 -0.787623827329317
0.0242654302519128 0.00947941526308517 -0.937124853180817 -0.0607270878532579
0.0346059617974128 -0.00979862985251827 -0.341298052131883 0.666058517570397
-0.00286254656183004 -0.00928431796849355 0.265732315242866 0.476395148978897
-0.0259600698209234 -0.0126702347024253 0.366221747884951 0.0724517756281065
-0.019664236920716 -0.00343700944665099 0.182225950219846 -0.204282077555866
-0.0320055461946477 0.00571312958431867 -0.180860708867637 0.124808669746858
-0.0328164719943216 0.00263752786165187 -0.277566366750735 -0.1040866544031
-0.0125079112707546 -0.0225289582952327 -0.173745254242712 -0.42273124349236
0.0196540328439756 -0.0357625207035133 0.38681404387843 -0.534027546554404
0.0183717192489308 0.00244896847089222 0.801291454171069 0.0969268946661394
0.000885114865525234 0.0198409941119796 0.34094295730579 0.721807975359613
-0.0356758559788636 0.0247874573236168 -0.216348669225546 0.50317928139306
-0.0446866258612788 0.013230358886547 0.0269802413428004 0.0443446940965548
-0.0350263876141521 0.011466634220912 0.240928944040734 -0.458571818375351
0.00416334075727223 0.0407703975599132 -0.42285815995288 -0.767509367523564
0.0307498242458633 0.0129346733915345 -0.93452307676439 -0.0277275959711416
0.0319525634116084 -0.0142370938343601 -0.310544987022689 0.678847862043212
-0.0056439314069507 -0.015880639607422 0.285588099491974 0.472885100065266
-0.0282332672021536 -0.0123593325711833 0.372157347065107 0.0673426045343054
-0.0228922108317881 -0.00102004581082601 0.184562043336615 -0.206886802107544
-0.0310981069585876 0.00783262577711085 -0.177062278711846 0.124758252791962
-0.0296423387896421 0.00387548392487451 -0.273210188792478 -0.101988251403843
-0.0118038709044588 -0.0259903221064386 -0.164035698695474 -0.417846995976914
0.0173473560556803 -0.0354638479828486 0.394860612741163 -0.524884165639931
0.0224959044993016 0.00892982690089437 0.803071346015994 0.10941559341981
0.00804144267724188 0.0292327091997664 0.332008036047561 0.73138975869144
-0.0345689130883764 0.0342305363434722 -0.226202760275139 0.51000393306417
-0.0460278506225618 0.021370449006179 0.0155605036071683 0.0512158681319905
-0.0318542309774047 0.0217712866043529 0.23169827532967 -0.450351542662942
0.0131764670738197 0.0486229108042611 -0.428910900456638 -0.756169832987077
0.0345909684051765 0.0172061485085747 -0.935282131990566 -0.0111257789423952
0.0279424077992572 -0.0141289855779659 -0.301280291626552 0.685687001135315
-0.00613520310299517 -0.0198182179223893 0.295071447857252 0.475132014363201
-0.0248777404174293 -0.0108438970263327 0.377938080355256 0.0685443447523034
-0.0215335827919957 0.00245681214502386 0.187624650419988 -0.20763689875725
-0.0282394840807186 0.0113800648001241 -0.172345782092335 0.12438111705703
-0.0236301158963976 0.00719192682418127 -0.268778220947669 -0.0993344151559094
-0.0096742265953228 -0.025730236908948 -0.158388360171441 -0.413509669195346
0.0119083122392608 -0.0324418383142239 0.394220072084466 -0.519795469424028
0.0218298653420857 0.0134141172188027 0.802818652537314 0.114561851870719
0.013113768375454 0.0344597773012418 0.334426926291653 0.740415147869304
-0.0298643193450594 0.0390767181922412 -0.229443640026103 0.519835919352594
-0.0425833145197926 0.02586630080766 0.00631171708116912 0.0589070205775329
-0.0259328970896716 0.026743490879807 0.226653319383317 -0.441327072041597
0.0200425561138692 0.0520798200832256 -0.425722982453407 -0.749374435377938
0.0340400926382164 0.0220308144346037 -0.934913507820899 -0.00930200512305865
0.0231866457203327 -0.00992934507674828 -0.30327649107033 0.690494712724233
-0.00371454986295828 -0.0194371191658432 0.297478124363601 0.479232356445335
-0.0183559327626043 -0.00805871901593468 0.3835699827895 0.0724078353463301
-0.0166858749485106 0.00565825768180277 0.191655756053016 -0.207895803981537
-0.00360846994072815 0.00479295949529724 -0.18094535145245 0.143273684801508
-0.00298867896123184 0.0173880237685341 -0.301688497721119 -0.0683495613491055
0.000431916555313929 0.0180947669679639 -0.272770103719002 -0.403416671306887
-0.00261615816850841 -0.00205143083313418 0.2317014803647 -0.59986237067359
-0.0285896146789935 -0.0111815109894906 0.79800192228183 -0.0598367444259349
-0.0234689608170844 -0.0334977776709184 0.50235266628839 0.651202723022209
-0.00952981177645783 -0.0229828142430747 -0.119082271152815 0.534496138834632
-0.00449579289857228 -0.0272587162295612 0.0417458500521086 0.0658855644550387
-0.00779250122325227 -0.0443932036896141 0.321443051252308 -0.421633155087361
-0.0217880643878705 -0.0175747861610986 -0.263230247406063 -0.842898876676506
-0.0212910124698506 0.00439889991062833 -0.951906162827556 -0.197670754358569
0.0150464624894304 0.0294010410747697 -0.48487951323979 0.62247995734595
0.0128634468392917 0.0283036659282949 0.194711494958823 0.506382695566722
0.00829458047826436 0.00176405799713958 0.362829616737997 0.102235947029313
0.00971273250804346 -0.0040031400119973 0.19174093137307 -0.202724818387353
-0.0109422015018187 0.0041027228489186 -0.184506185781255 0.141797582937731
-0.0129167187234869 0.0145281186654009 -0.30120098107495 -0.0768278422768877
-0.00477442940264851 0.011710596024711 -0.261006752069792 -0.409724631761373
0.00304007244140352 -0.0115432925509057 0.259089744659391 -0.594887486237309
-0.0213989941705422 -0.0136326805097268 0.80258655894358 -0.0346611428748677
-0.0229679144884291 -0.0275571455559434 0.477411846202254 0.663180725826937
-0.0180089894803225 -0.0176979787380765 -0.135333575509861 0.527098599273596
-0.0141407202186762 -0.0226485069176181 0.0460425659766295 0.0565605870216008
-0.0169192223660961 -0.0387632188383438 0.315185832888661 -0.438240425903884
-0.0225635248816974 -0.00965582263294936 -0.295482554431568 -0.842347169485904
-0.0101179642522507 0.00417278521326274 -0.957660521883652 -0.17106624082794
0.0246353343312799 0.0197013299327819 -0.457394289395802 0.635468711890638
0.00946121086260233 0.020324973214206 0.208435991133797 0.498452116630604
-0.00181097455208312 -0.00324647713066196 0.362898763002213 0.0928032737285288
0.00146415304606459 -0.00539785007207891 0.1871065086688 -0.204557575858863
-0.0182368617499559 0.00314022149861428 -0.186905706514992 0.138392940770098
-0.0222149050488585 0.0109825325505069 -0.30050235002456 -0.0856170369434554
-0.00952381779757462 0.00294745090833651 -0.24322114324912 -0.41826399787731
0.00833639779502295 -0.0200648289197023 0.294052959941968 -0.587585014815094
-0.0113677396404893 -0.0134136193712439 0.808979552310934 -0.00557418679045941
-0.0193631433536525 -0.0178510200648822 0.444053411034341 0.677078150507645
-0.0246289058582871 -0.00843606847636999 -0.153551319282865 0.517859463592925
-0.0238533864713927 -0.0153491142392484 0.046541445957037 0.0489326172384764
-0.0261537956076254 -0.0284092058840386 0.29916764511224 -0.450864600779407
-0.0196486455046063 0.00209978018042293 -0.332999797087805 -0.831567223090389
0.00195224929357889 0.00496834206773518 -0.957100300452328 -0.133581516293574
0.0314950301777413 0.00908622426390851 -0.417409151689205 0.648781310383862
0.00553751857429878 0.0100806118439838 0.227757199907602 0.492133274156855
-0.0123672725315139 -0.00839856645360852 0.364593451923554 0.0835888781325612
-0.00726136437623456 -0.00631299206406563 0.184332213607614 -0.206739066076871
-0.024952749196321 0.00276523703454373 -0.18754037581791 0.135951422808128
-0.0293170677983405 0.00718619880520751 -0.296756489122089 -0.0924055062691215
-0.0123178786198768 -0.00674155034719124 -0.220863536574834 -0.424313235174444
0.0135347022720027 -0.0287755329450378 0.329061494647672 -0.574676771697289
-0.000372801938853834 -0.0104584326143122 0.8109283137866 0.027391170447209
-0.0140029707340038 -0.00613219074595235 0.410488123198407 0.694132393696146
-0.0303453901539873 0.00232280184324853 -0.174519761088054 0.51329426420718
-0.0342074672293159 -0.00621037703873757 0.042724889135205 0.0441002974044645
-0.0333228729514026 -0.0148990211851011 0.279505549790006 -0.462885330376513
-0.0134327659802244 0.015311527888456 -0.372711741568365 -0.815883762840594
0.0140371242233897 0.00634776034082237 -0.95583535250905 -0.0927716680813815
0.0352283850693836 -0.00203695391776605 -0.378858364605044 0.664130519857235
0.00135852983748538 -0.000875053485964949 0.251412318891138 0.484353549486668
-0.0209148396828379 -0.0114019546739073 0.368742172821298 0.0756977324972748
-0.014785827356016 -0.00585236658598253 0.183203814092627 -0.208364477905586
-0.0296009291626176 0.00460135775298859 -0.18631437239182 0.132522327697001
-0.0333136804358848 0.00470995478091635 -0.290685778061045 -0.0988477119012954
-0.0131592876527472 -0.01583029595723 -0.199675291340565 -0.42510661110709
0.0178937199316926 -0.0343152423274307 0.361706589284552 -0.559326452680091
0.0103730501193391 -0.00392645002433359 0.814105431712232 0.0623846365743508
-0.00630242053148269 0.00805117330060835 0.379478148002348 0.712065724218015
-0.0344291561945137 0.0146830662597219 -0.195944224875897 0.511817831355873
-0.0415155995230741 0.00520982439006975 0.0352583210921283 0.042482327422746
-0.0364251381995611 -0.000248490962564778 0.260799289645072 -0.4677643207332
-0.00431048064650003 0.0301211904830348 -0.40780018089872 -0.797849985806161
0.0243992429759712 0.00868109783567601 -0.955250991963753 -0.0510659823237897
0.0349847528815394 -0.00988914223191897 -0.339554224001399 0.68058889981911
-0.0031735636276474 -0.00956304197306382 0.273852396451121 0.480815840996873
-0.0270187466865486 -0.0125150515360345 0.373057276790072 0.0702497047621221
-0.0203324579389105 -0.00320639206222409 0.183078058165698 -0.210791938296061
-0.0324671645236314 0.00625558094550627 -0.183033016002692 0.129484714646239
-0.0331142858281832 0.00366859576251496 -0.28464358632547 -0.101471539323391
-0.0131390012101483 -0.0234379852320179 -0.181116198603054 -0.426774697078163
0.0196451290651535 -0.0365359494900213 0.385816124500848 -0.545019985316396
0.0186973893138884 0.00279418475713381 0.815936767234444 0.090262073862418
0.000775819323222827 0.0201350760565607 0.354514926462332 0.728756165216409
-0.0357194557787899 0.0251976650020906 -0.21224533269031 0.512215783977405
-0.0450624950044484 0.0141286035532639 0.0273165988196786 0.0445620560645721
-0.0365182483719448 0.0121027306633319 0.24231510435969 -0.468222495569512
0.00544209507048702 0.0405240746551943 -0.435326156911903 -0.776586208510926
0.0318103957129603 0.0125545505220057 -0.951149348691043 -0.0169487303825691
0.0321861861252213 -0.0149997590260989 -0.3096211545921 0.693199909186948
-0.00558653965183715 -0.016252842936062 0.293882640454595 0.477135411163982
-0.0291779433703654 -0.0120700051724788 0.379061037881427 0.0648249405174739
-0.023211642031527 -0.000261526679390512 0.186096252792784 -0.212740839132256
-0.0316123856646959 0.00907445675348504 -0.179090020036356 0.129481582750413
-0.0296342358645515 0.00471729121041792 -0.279736758398439 -0.099553036941003
-0.0115417749015446 -0.0262388051093996 -0.169837898318633 -0.422305890283899
0.0170081596701989 -0.0359297620442587 0.397319655049782 -0.53557774786544
0.0235428140351749 0.00914723690057564 0.81698109684399 0.103273303558004
0.00774238825901832 0.030310415223954 0.346799486258386 0.739302002143774
-0.0351084997603668 0.0347343057402844 -0.224143316340152 0.518430858440336
-0.0460422263251104 0.0224238795832459 0.0167104438289203 0.051758363864389
-0.032685885668091 0.0225929628943676 0.230171059162576 -0.460355519252169
0.0139532022546402 0.048540739056702 -0.442381911055881 -0.763804218415993
0.0358470270654675 0.0174218156172263 -0.950116814318927 -0.00328158526005225
0.0280989691155532 -0.0151621997350018 -0.298304612027743 0.700116113403621
-0.00598534641659171 -0.0192128468654057 0.306548528764475 0.478781123926753
-0.0253092646218614 -0.0103199198174888 0.386261039714062 0.0647214703452254
-0.0214818037563206 0.00312658433722461 0.188495375124154 -0.214669911124447
-0.0289209744557265 0.0125203045340402 -0.174756356859457 0.128907824197364
-0.0238764906715967 0.00850951950554341 -0.274269615960585 -0.0971278885997368
-0.0102368655674935 -0.0255260446254205 -0.164823959853768 -0.418390138660674
0.0116073374385501 -0.0328005053243329 0.393445868795274 -0.532552566274123
0.0232176010858289 0.0132562083661104 0.816853976061189 0.106792928885019
0.0138595363798698 0.0347218594234566 0.347708410863897 0.745016029931779
-0.0299215666527635 0.0397946630408901 -0.228865375160365 0.528126520631762
-0.0428675607564572 0.0273579157185214 0.00696942790653402 0.060487203358728
-0.0272222064059784 0.0268358616469293 0.226840589014067 -0.447783630937779
0.0213555209346603 0.0521138416641278 -0.438619041754906 -0.754362542951524
0.0358457695745017 0.0221722998450771 -0.950471401479795 0.000329976111201734
0.0234840862305902 -0.0107235244566257 -0.299808684721976 0.704122602773715
-0.00359384612787025 -0.019004091533031 0.30781638951133 0.483898476999199
-0.0188041419329013 -0.00799084084462168 0.391433985210906 0.0688449623952318
-0.0173741093751854 0.00602465653433118 0.192708037099319 -0.213239929665092
-0.00378680507746579 0.0058042123601528 -0.183269062257836 0.148245297148869
-0.00315030164217391 0.0179431744147801 -0.307312037279388 -0.0637768187956232
-0.000178871846586781 0.0184717135683099 -0.282489592737739 -0.404194934918584
-0.00282019870836149 -0.00119194276093697 0.226324461504391 -0.611365085664958
-0.0288501363479159 -0.00975224692430881 0.809334744970172 -0.0712463112584132
-0.024452330789865 -0.0336807115356613 0.519938906360601 0.651995162401476
-0.00983868461412754 -0.0228961119867988 -0.114914297079641 0.543498144210952
-0.00475122385135686 -0.0266436997614224 0.0422386546287689 0.0668795137926589
-0.00863193102805688 -0.0456842694823679 0.322523013868532 -0.431202945406574
-0.0227075754615876 -0.0176474402985234 -0.277507185363955 -0.850348642835311
-0.0215686928033398 0.00453720294798944 -0.969697956656223 -0.188580092622652
0.0157576484147304 0.0293481035764714 -0.484516929661469 0.638190477585867
0.0131190860251394 0.0284757048975519 0.202184267078234 0.510780497865637
0.00841151286580864 0.00136673436457983 0.369554419728921 0.0981070677373578
0.00983754940245136 -0.00367220616008444 0.192171650709242 -0.209418714746373
-0.0104597244939254 0.00413683860167202 -0.185679520692688 0.148303106183804
-0.0127910858992794 0.015147634790494 -0.308591517463201 -0.0721224854213834
-0.0052433426211525 0.0114120399699931 -0.271964567362116 -0.412768430281358
0.00237758080795152 -0.0110085417470941 0.254499217026876 -0.607366067026788
-0.0215222447418091 -0.0137787714286274 0.814880884636506 -0.0474671445348451
-0.0239196511128217 -0.0274623985700465 0.492400656897294 0.665047127575859
-0.0178406371473262 -0.0175459140080456 -0.130315387836245 0.534416099182808
-0.0147075708679155 -0.0226546837037799 0.046773133362799 0.0566392987434527
-0.0179319903186974 -0.0387122148118099 0.3145150033001 -0.449211837685692
-0.0223723209983557 -0.0098785371690807 -0.309200161591037 -0.848234359601259
-0.0103313450625796 0.00393981243871064 -0.971396469612552 -0.159087649435218
0.025187877128359 0.0194065998816894 -0.454710283872975 0.650528198977281
0.00969417661754998 0.0203122689346014 0.217381562119415 0.504800426201364
-0.00169938659092602 -0.00297293109865925 0.370688936173478 0.0887816565232738
0.00120889520606498 -0.00534150188701757 0.187874523043975 -0.211154733755306
-0.0182233346742958 0.00377269289754733 -0.18894858386467 0.143921450550329
-0.0213147308709901 0.0115762052486767 -0.306671918070654 -0.0813868792822524
-0.00933592081514399 0.00320073362750773 -0.253151276304362 -0.42014797196744
0.00764666445110994 -0.0209072525524874 0.288701210018227 -0.600340355824248
-0.0115631602500413 -0.0131479900157286 0.82003973537215 -0.016942060464431
-0.0201458041778107 -0.0184892521626398 0.458900402596034 0.678864524601102
-0.0248754627519216 -0.0082468448849869 -0.149562436596595 0.52679139478128
-0.024176124920853 -0.0150738547415029 0.047352187973192 0.0494854118864806
-0.0269356739414005 -0.0280747073094692 0.297963343493667 -0.462542583993599
-0.0194070496430747 0.00206350358856315 -0.348619918231317 -0.835385685077877
0.00125143560741202 0.00490818439449872 -0.97342903617088 -0.121769029233523
0.0326918118011773 0.00821053560852579 -0.413898373025792 0.664453106849326
0.00553686078407434 0.00991028731844307 0.239843356548061 0.495951854880561
-0.0127178006548349 -0.00775083921986701 0.372053154548972 0.079383482493165
-0.00794789976796605 -0.00615049120300813 0.184491811020835 -0.21280025580399
-0.0245565406165661 0.00414075043503013 -0.189184568686255 0.140937041921388
-0.0292079219124456 0.00817509630154677 -0.303430127224905 -0.0888730824697672
-0.0125455985285329 -0.00679314470793398 -0.231930956555602 -0.426280958829671
0.0132816025472222 -0.0289674653276638 0.325178517232178 -0.588750752194657
-0.00051866008955382 -0.0102065228506539 0.824257341157321 0.0151434737994561
-0.0146493721793153 -0.00585952162876839 0.426755678200931 0.697769025215927
-0.03079715642846 0.00342603781525627 -0.169246239804538 0.520865681334948
-0.0336026037708405 -0.00517580727633858 0.0438445143319391 0.0444703729274897
-0.0339296915253169 -0.0144243066336291 0.278161106892621 -0.472493167813528
-0.013190376818244 0.0159445294048733 -0.388058685548809 -0.823541825271783
0.0144338309768616 0.00720183527830448 -0.971465424188345 -0.0791435691296712
0.0357696567709496 -0.00264300186490094 -0.375324172776381 0.680318685070134
0.000801023126038347 -0.000541977410893321 0.263339281672401 0.48937559388659
-0.0216223121299607 -0.0113904504569114 0.375106725380574 0.0711353233312222
-0.0155535843143794 -0.00500128873802955 0.183141327197699 -0.215631058947929
-0.030264278422884 0.00516673036585203 -0.18805761299191 0.137556515482839
-0.0329064369025075 0.00493609358870587 -0.297343174943405 -0.0952852467754748
-0.0137900526620774 -0.0158621137127526 -0.207482103971786 -0.429764206854327
0.0172476672489805 -0.0344245250324723 0.357710117591798 -0.57360529980489
0.0105788423172733 -0.00378286749111358 0.825663084867337 0.0493107396752661
-0.00669504451809144 0.00717241173173054 0.395471331740683 0.715863926820967
-0.035922711670472 0.0150402115455263 -0.192100112932765 0.519560621780163
-0.0420247994563982 0.00559277133350328 0.036393323749428 0.0429916794067145
-0.0371599618646368 0.000220032795733279 0.257909326203725 -0.478035664780123
-0.00382188027552711 0.0294892275137718 -0.422983191133622 -0.80161660186614
0.0250380581280152 0.00937803257936133 -0.968616740223033 -0.0388745830280714
0.036576364423577 -0.0112382205151917 -0.334693365595489 0.694387499670868
-0.00293559457177022 -0.00966603249958589 0.285728686188028 0.483716994831455
-0.0279256578777677 -0.0125647245939956 0.380731032531845 0.0646319678486898
-0.0217030026652771 -0.0026102417510878 0.183765021549107 -0.217051909396145
-0.0327056719616152 0.00710857994517398 -0.185355828851718 0.136332491031473
-0.0333164635847881 0.00485945269042119 -0.291324498041298 -0.0976145657156963
-0.0139608971295822 -0.0234551544756968 -0.187626713625416 -0.42961198665105
0.0191242978775659 -0.0368517205539886 0.38302848740788 -0.560896408874539
0.0197732203695804 0.002562659305099 0.827013109715757 0.0793918193751485
0.000909071854148152 0.0197665983529191 0.369381106893362 0.734324701095495
-0.0359116126178243 0.0262802626422929 -0.209085012949095 0.521862819177116
-0.0454277255057087 0.0156664187746384 0.02798872939362 0.0450008122280621
-0.0365375956658024 0.0131838190875004 0.237499829281391 -0.478165958910103
0.0061272648364596 0.0407764857292975 -0.451042607295093 -0.780270417452316
0.0322565299235348 0.0123598486981109 -0.965093637556204 -0.00288478375571141
0.0327361844775154 -0.0161503087625249 -0.305086530934401 0.707717895526045
-0.00664904634015256 -0.0167794371019328 0.3051498655015 0.480191370276148
-0.0294339951811645 -0.0113934316512581 0.385975161522225 0.0595881387668278
-0.0229235422799 0.000562754160878073 0.185371486508427 -0.21854762903144
-0.0317730804698641 0.0105059551318384 -0.180916974236805 0.134922530929242
-0.0295945880107857 0.0057643316631857 -0.285521177830662 -0.0967675999638229
-0.0124923946769577 -0.02663416466796 -0.178679583739994 -0.425465368628139
0.0164237757199783 -0.0363914452965308 0.3947549046358 -0.551910596773171
0.0241599930933934 0.00901681639278951 0.830523540609752 0.0925390492945736
0.00900319622532734 0.0298316122510668 0.359487261452523 0.74357024898612
-0.0343748509219205 0.0358953331863873 -0.220666496197645 0.529549705068175
-0.0462720587921736 0.0243542403418966 0.0165117691987687 0.0529013518625464
-0.0334763789439338 0.022975057510785 0.228563266363353 -0.468445735944137
0.0152251814841569 0.0493114834912755 -0.456566711783227 -0.767851024042468
0.0360352234403734 0.0164743118854205 -0.964751750364463 0.0105118437477748
0.0288067625641272 -0.0161482221266356 -0.293880963430791 0.714511745130029
-0.00686871490701785 -0.0197631229773854 0.315976768279883 0.483482227993909
-0.0266528625554864 -0.0105747725839044 0.39262563382798 0.0604190989798979
-0.0218952408880478 0.00349321764995761 0.188694453321268 -0.220427144008246
-0.0284045320743071 0.0137430839390659 -0.176537893374587 0.134045857265159
-0.0232588875394565 0.00897473281465283 -0.280248054256861 -0.0931679732819025
-0.0105706139365063 -0.026514548456979 -0.172489625916187 -0.421738888909329
0.0109289450011875 -0.0336612281796291 0.393640917939069 -0.546110013750932
0.0236057658419718 0.0132922198207945 0.830828691560483 0.0975690931717039
0.0141451664597681 0.0342618745196307 0.363593733115566 0.751007887835074
-0.0295446745756992 0.0412591007890632 -0.224071542193532 0.538253741382863
-0.0433458325363363 0.0277731864670346 0.00786751984623962 0.0621148818850883
-0.0270517280064438 0.0281508916134623 0.224280497707393 -0.457193824777238
0.0219062480674882 0.0527294008956397 -0.454676358399863 -0.761473627607708
0.0363697896083079 0.0224587052520654 -0.963540298671634 0.0148863533629194
0.0232701307476723 -0.0115074708251922 -0.294308239392815 0.71911839149893
-0.00465935220144568 -0.0197448359126857 0.319346832770061 0.486944046427045
-0.0198539693874094 -0.00772517585785024 0.397533255179946 0.0639641111268889
-0.0176631269875095 0.00635948485927847 0.193162985285189 -0.220805202979215
-0.00314523992843742 0.00667243577822021 -0.18421956763357 0.15328110061802
-0.00184577448446217 0.0189202002047083 -0.314339022733323 -0.0592994662111299
0.000201293483019557 0.0187871329906007 -0.292198343982224 -0.404174932338193
-0.00344028195206047 -0.0017739609687742 0.219025656096102 -0.622955346431836
-0.0292020246923462 -0.00966898335510004 0.818500288528935 -0.0874848342806636
-0.0251877535834199 -0.0341321041675232 0.536975492785625 0.650587765966427
-0.0101522574314925 -0.0232651234867388 -0.107145760708687 0.551044625715089
-0.00520884710197526 -0.0268848330193278 0.0438679528667999 0.0675341910257765
-0.00961843345647484 -0.045282875028121 0.320065324019319 -0.439740083516238
-0.0224602039528388 -0.0188005563018153 -0.295364191295759 -0.85692603347911
-0.0218948219854833 0.00589594848233552 -0.984754007575214 -0.174765267877187
0.0166205767658385 0.0293702392071856 -0.479522570058202 0.655548387726849
0.013680830117781 0.0285374295425893 0.214301561989579 0.513737572250361
0.00804158765778316 0.00181952186383822 0.377239849522707 0.0928676282709704
0.00962000995157284 -0.00356925209338435 0.191815322053474 -0.216202170437272
-0.0100673126215408 0.00482823445997881 -0.187377211864197 0.152432466421793
-0.0115896205247967 0.0159501741033261 -0.314408602928611 -0.0668316053283148
-0.00480322506263678 0.0122616064971673 -0.281211576680903 -0.412820113999623
0.0020784206050332 -0.010508386880466 0.247281779556375 -0.619177457879193
-0.0223480274380029 -0.0124212226435638 0.824545053896298 -0.0614968862791809
-0.0249541208077169 -0.0278937162575746 0.508311454365332 0.664546781780007
-0.018092540264455 -0.0175418704685174 -0.123794980110169 0.542501075853387
-0.0146584327489689 -0.0224924921537837 0.0480572476385391 0.0569485790337563
-0.0191071781936456 -0.038568169347706 0.3114836113894 -0.458442822471989
-0.0233129114766903 -0.00971608977244503 -0.325726199895394 -0.852576211109851
-0.0107781112093536 0.004163830977307 -0.987849864308078 -0.146343474400202
0.0259662847928477 0.0192977040360603 -0.449851676708541 0.667754032765935
0.00965703762840849 0.0202279346806629 0.23032658640695 0.506308392555033
-0.00259736376531524 -0.00328923463455243 0.376472350216926 0.0842835581395357
0.00168251780804166 -0.0052967259176627 0.186475984848034 -0.217321806672788
-0.0181435039309119 0.00460767426549361 -0.189251263558291 0.150514362733261
-0.0216028813221937 0.0125139020770447 -0.313036548794453 -0.0765367020492035
-0.00930631708619002 0.00297620250873556 -0.262584583718698 -0.419827175220048
0.0071821395946007 -0.0213868378418831 0.281766473526974 -0.613517541431583
-0.0119307433529036 -0.0129356835395988 0.830197003190863 -0.0337471984651564
-0.0210046906172741 -0.0183994851472727 0.476773893716675 0.67916644089085
-0.0251487346027918 -0.00788419188009314 -0.140972361465238 0.534346248005848
-0.0245074115659782 -0.0152075789263015 0.0476108974389428 0.0495917527497532
-0.0274808018664244 -0.0281536385494482 0.294879538888416 -0.470810486207363
-0.0203734825034064 0.00178824380826726 -0.365005366851831 -0.843036998887372
0.00204815250255226 0.00484289872113614 -0.987725094833374 -0.107970997105181
0.0328444716303845 0.00722563297066418 -0.409767416552948 0.679681494969241
0.00538096316922843 0.0101242366172553 0.251108783350577 0.498270728991831
-0.0142421923212217 -0.00827511782229933 0.378759941093093 0.0736051738752262
-0.0085530194191907 -0.00590738781790666 0.183977526947046 -0.21938852168909
-0.0251975211478191 0.00495913597600335 -0.190076397433004 0.147529287669648
-0.0288342113388361 0.00881645953899137 -0.309327632442429 -0.0829767687418426
-0.0127490861752084 -0.00624756347510453 -0.241436917142079 -0.42756846950949
0.0128319310706186 -0.0292039070766503 0.317076320790506 -0.601110378583998
-0.000333577687337171 -0.0101668984072298 0.833432891611749 0.00223513913012261
-0.0140654536744056 -0.00636658182421811 0.442282102175602 0.699366049700692
-0.0313402379146666 0.00326594107556612 -0.164252882706903 0.530667154355524
-0.0347883020664125 -0.00459779048730505 0.0444784164707734 0.0447391948111668
-0.0345473675597783 -0.0146478880195936 0.274279047557842 -0.48229305869056
-0.0129853841170933 0.0160780464589141 -0.405700283238043 -0.827103269788986
0.0145543844913855 0.00624179554301603 -0.985561360900819 -0.0640052952668994
0.0362977386492585 -0.00350364227749915 -0.368463137283105 0.695924834414831
0.000784029174676364 -0.000970270483651149 0.274507059753996 0.490831455561451
-0.0225080506552301 -0.0116701636343942 0.381822645654646 0.0657450102515327
-0.0161199192935558 -0.00470421967072996 0.1824128783452 -0.221866093600809
-0.0295827725365177 0.00650972779623763 -0.188869686426714 0.143828901359867
-0.0328637051084476 0.00574083576567647 -0.303478369433198 -0.0895809289826386
-0.0149048037519572 -0.0161842707656412 -0.217893750198098 -0.429938633378736
0.0163970769755574 -0.035082776632712 0.352586156042004 -0.587432319030611
0.0110280601889304 -0.00426265932911434 0.837895325553756 0.0359450415293566
-0.00630715557612085 0.0083015316183923 0.412546267764612 0.716743548009966
-0.035260155644664 0.0164765829078502 -0.18518809861787 0.528381485117048
-0.0419476509949778 0.00645359019919245 0.0369438385169221 0.0432320814555522
-0.0380231408858317 0.000164308450281935 0.25481497487134 -0.488222917682074
-0.00383249251900386 0.0290107607364975 -0.441355374346281 -0.805089492436763
0.0252693569728794 0.00861199103218855 -0.980166817155895 -0.0218543092738066
0.0360125741616233 -0.0123051456236042 -0.329088556084254 0.708498532247007
-0.00373068182286444 -0.00986733664978334 0.297105232134937 0.484460894110315
-0.0285969566512974 -0.0118182586747743 0.386939739080708 0.0592980947770383
-0.0210171148445461 -0.00265990579573382 0.182092063372408 -0.223423313174489
-0.031813152863462 0.00836492279151001 -0.186486590109183 0.141592047063313
-0.033024696666042 0.00571207405533919 -0.296628425025658 -0.0922736959213737
-0.0145013244181554 -0.022767652243565 -0.197548266276476 -0.431287249273265
0.0183127039341802 -0.0379587753044183 0.379958811294924 -0.573812731123922
0.019599089720397 0.00278480270464075 0.839891492659426 0.0643058848719093
0.00191718046581769 0.0199328066164986 0.38632142999612 0.734497000359618
-0.0358512352920373 0.0275383075844302 -0.204612976333545 0.531026853594686
-0.04566817933911 0.0161369860110488 0.0284117883976096 0.0461784018347614
-0.0371747880269733 0.0140138224344433 0.235413156450851 -0.486829756230496
0.00677063570851188 0.0405280057208406 -0.469136720764395 -0.78479081900399
0.0329690334203208 0.0121105580054056 -0.977473575605799 0.0119731748623828
0.0331550161101123 -0.0180710154784804 -0.295793781200927 0.721113620184542
-0.00637957563240836 -0.0161642795290694 0.319192896959781 0.480464401077431
-0.0301536042282154 -0.0114612171155971 0.392525675491108 0.0531636079977201
-0.023666868233466 0.00163621582076346 0.184050085453995 -0.225792132075358
-0.0316905402824162 0.0111667888734407 -0.181405793965466 0.140336133650079
-0.0294404352576733 0.0066948630071711 -0.290731547831319 -0.0906920704395688
-0.0129167006691142 -0.0267701033810896 -0.186921176381678 -0.425711076503264
0.016495625421934 -0.0374842864195557 0.389481251929398 -0.565672963897517
0.0246969286207802 0.00900800004891049 0.841743191127349 0.0789936853254464
0.0089422264119494 0.0300776696918219 0.37749540766061 0.74548208953123
-0.0346299043835499 0.0366070121017243 -0.215188553782349 0.537967187390151
-0.0471356404324644 0.0253351915697649 0.0175223990395629 0.0535671629668508
-0.033582561611732 0.0242253308082425 0.223292055722837 -0.477160243940237
0.0166188247510122 0.0489932338647209 -0.474425586486178 -0.770777864808318
0.0374744346171411 0.0163229699655825 -0.976891274690162 0.0266004657144107
0.0283459953983444 -0.0171298341525375 -0.285504089664521 0.728522996895801
-0.00738714965948263 -0.0199700093584845 0.328316784020741 0.480857728628608
-0.0277416971570535 -0.00981987428118287 0.399192988154878 0.0543670712372343
-0.0221182314735161 0.00399041819704381 0.187780041527207 -0.22721439564823
-0.0283557804680542 0.0145593270080342 -0.177353088129059 0.140543570693413
-0.0228016504643761 0.00921254820101287 -0.286300738811192 -0.0885266569504065
-0.0105637671909327 -0.0266954142548228 -0.182361545092706 -0.423115017049433
0.0100985580548287 -0.0343085059210478 0.388106637488056 -0.559535766125215
0.0242089342421659 0.013057006040927 0.843384807320356 0.0835245934848723
0.0152232523139955 0.0344560545071347 0.37981400906556 0.75233831323056
-0.0288963941510632 0.0417045562491256 -0.218609241318259 0.54733141725839
-0.0427407479503735 0.0289067728588719 0.00782351200352751 0.0629772958289781
-0.027275730342532 0.0287186912550447 0.219255699557258 -0.464001421537106
0.0231433302226905 0.052080465413691 -0.470778028187566 -0.761642664074821
0.036893183030233 0.0221700734956846 -0.974402259550804 0.0335008039643847
0.0238632025579512 -0.0117171561294097 -0.286203234691404 0.733744919016512
-0.00458986182470589 -0.0202422015006555 0.332025534520587 0.488004197443674
-0.0200264491308897 -0.00747818581947591 0.404184629746036 0.0579882492945598
-0.0179969381118029 0.00753273462189698 0.192052560889786 -0.227934091448979
-0.00223593182278959 0.00772741084263451 -0.16488030850606 0.175119591320596
-0.000915324006179612 0.0202748433320528 -0.319844736421923 -0.0197819367659439
-0.000185605023024281 0.0184375443193277 -0.335788855399996 -0.367992387933855
-0.00547472169233624 -0.0061867820417459 0.15135302097385 -0.642429728915299
-0.0265980674249841 -0.0106744904176234 0.803557910275215 -0.177359981673045
-0.0288519799905401 -0.0306701742221854 0.610312010465314 0.584232352714701
-0.0113482675937383 -0.0221183477676891 -0.0390622729829537 0.565810786014731
-0.00828596570703139 -0.0260123338139548 0.051719944982226 0.0625559225556269
-0.0156999432956145 -0.0438615977515783 0.26349386811639 -0.483794082293026
-0.0233106101135708 -0.0188785996026555 -0.404806122655726 -0.819466543392696
-0.0229212123450868 0.00433201562581894 -1.01483309412517 -0.0406636495114839
0.0175095366777423 0.0226040070649821 -0.390949360030339 0.732868453840316
0.0163228590277547 0.0241624679661884 0.286677413956761 0.489440818086144
0.00806677602304091 0.000482651578834029 0.391554446249124 0.0386736862106511
0.00885214355254455 -0.00493574708589003 0.160837733104244 -0.24751150606713
-0.0103891982338961 0.00706316716479172 -0.168682854728511 0.174040283030107
-0.0116184120227405 0.0189574090639186 -0.321976628646054 -0.027679017845747
-0.00622897638502879 0.0121001071416962 -0.325584285841505 -0.378367223096091
-0.000676785397466524 -0.0161887323703152 0.181446261577535 -0.643632973040261
-0.0195103105743784 -0.0144353899630052 0.81238321785921 -0.151129180899063
-0.0278877844611617 -0.0245480923855946 0.58471762694111 0.600326256037988
-0.0181804970129205 -0.0152247915614408 -0.0538839843199192 0.560730262563041
-0.016805618538422 -0.019895710530136 0.0554920151686243 0.0523357897961083
-0.0245751423201524 -0.0364623633184774 0.252557022623469 -0.50069276936273
-0.0225931478298949 -0.0100798507788555 -0.437396556592969 -0.81294647083789
-0.0120174722142587 0.00254434250298402 -1.01365052763981 -0.0128934122259383
0.0251734326332854 0.0112314109404533 -0.360110524284645 0.740516099312932
0.012076963028528 0.0165242862390354 0.303037754683885 0.479091960455269
-0.00273274195230165 -0.0034706157030472 0.389200166225382 0.0279261699127478
0.000700402987908483 -0.00575622548309723 0.156021073771055 -0.248694670136135
-0.0179817853692954 0.00772123700515912 -0.171092503721063 0.171942421907933
-0.0213005087420399 0.0158474609909779 -0.322137874220501 -0.0365191946609475
-0.0118295329979556 0.00352914104878074 -0.308716367228341 -0.390581878495496
0.00442075494199459 -0.0270839469307205 0.217588728813929 -0.638098446008514
-0.00891774817213443 -0.0152271176913202 0.820350115295283 -0.12464292687603
-0.0227470637239798 -0.0149536511778106 0.552424576954629 0.61923934498027
-0.0244131378934044 -0.00459632404172443 -0.0748489466530709 0.553666532013502
-0.0266693102691545 -0.0117778719596146 0.0543740876651314 0.0443503031984358
-0.0310219568325056 -0.024275195318127 0.232859534498612 -0.512726441361816
-0.018032970052074 0.000651532309162869 -0.476832133495278 -0.796824851958523
0.000961789541071318 0.00134374886902976 -1.00881445366706 0.0282436495782618
0.0308115598129746 -0.00133415378422501 -0.314450905458336 0.747195790453853
0.00570001264865199 0.00629225705225961 0.323618730010512 0.467105477877826
-0.0146326180147197 -0.00730856590137201 0.39015556365782 0.0183765849880273
-0.00902639813591605 -0.00523426537548389 0.153093178251773 -0.251447178882447
-0.0249225350105352 0.00903946016853989 -0.17200512645952 0.168603344486704
-0.0292263835035254 0.0126511539376841 -0.319897395638752 -0.0438858899035815
-0.0156664387266343 -0.00587935262621731 -0.288228042478513 -0.399184182247163
0.00854341677929153 -0.0360782921783986 0.255166304929462 -0.631676552443764
0.00386367257643343 -0.012854958247111 0.830447660235142 -0.0915018399302924
-0.0150354164969185 -0.00266290607039146 0.521321459036082 0.643297213111814
-0.0286646731930601 0.0074651530254081 -0.0980385658259967 0.551523757135191
-0.034543754032138 -0.000125853146317099 0.0496298264964008 0.0400584365048162
-0.0365925993284613 -0.00915351620361539 0.212627850252863 -0.520065390915776
-0.00965532716752689 0.0142309749862558 -0.514652830162972 -0.775714690507871
0.0139717119985983 0.00130166037249176 -1.00350633283852 0.070640476412596
0.0331006079948876 -0.0125961224381385 -0.2723096895992 0.756608648140299
1.44138358471309E-05 -0.00283634081831654 0.345917853841136 0.456018710906917
-0.0231827189886151 -0.00843913762729873 0.392191471123522 0.0081521812323108
-0.0166802780455967 -0.00287228791869919 0.150658386573148 -0.253639720399225
-0.0299060685116002 0.0108524045766259 -0.17135403945359 0.16572046978595
-0.0334822189376284 0.0102458036006465 -0.314458898614088 -0.0512334100815424
-0.0183052126256469 -0.0152512364661764 -0.266259641256971 -0.403767204595182
0.0123636638259891 -0.042327658768937 0.289756379046011 -0.62141143958579
0.0156108335999023 -0.00828717601077211 0.836409061107999 -0.0564483643299012
-0.0064035152555619 0.0101888978536663 0.493807649869052 0.664487438045033
-0.0310640382424596 0.0197456216365229 -0.119797576789103 0.55344093289651
-0.0407170489432612 0.0123731493334265 0.0426432551031429 0.0402323282453277
-0.0376983403951692 0.00621487014845068 0.192752052788462 -0.523289363684659
0.001256277338933 0.0266995335067283 -0.54910499377825 -0.749901394024553
0.0237736128783928 0.00285085610532021 -0.992801601688857 0.112089007604158
0.031874920878806 -0.0214022150769877 -0.229537360779379 0.766143482107649
-0.00559417285526924 -0.0112103906303942 0.367504028086525 0.447476806766113
-0.0294805838745626 -0.00873256381168483 0.396402270238122 0.000334638409125029
-0.0214493629160071 -0.000166702035431747 0.150506435914664 -0.255292463229969
-0.0324903527078602 0.0129479988879654 -0.169124740880197 0.163811347479179
-0.0334631602645608 0.00853317522804699 -0.307951278335612 -0.0551398839761415
-0.0182702430418537 -0.022853438392839 -0.243924125400947 -0.408019288439366
0.0141733694522805 -0.0454474128499503 0.318044851180398 -0.612663067739919
0.0252161348496532 -0.0017243552721291 0.842511501542774 -0.0260093855595082
0.00299109496071859 0.0219027317092709 0.469457151325208 0.688275167390716
-0.0311667968161912 0.0315745118551395 -0.137787519644879 0.557381845160673
-0.0440836935562191 0.0229410735476582 0.0342001379758612 0.043542947216889
-0.0355604858789495 0.0190665749913267 0.17118090903765 -0.520377320741036
0.0123051690556856 0.0371012909330877 -0.5727317163916 -0.723716909360536
0.0317184136570659 0.00502764002425204 -0.984283431077631 0.147598261338052
0.027614806888152 -0.0253920440882413 -0.194481604457247 0.773266913195604
-0.00997760644148545 -0.0172980415508343 0.388791964587098 0.439966207972263
-0.030613899292774 -0.00825654511147024 0.401405186472868 -0.00570666832732784
-0.0238055256154629 0.00428196929610727 0.152155516809959 -0.258147022524875
-0.0311361935913719 0.0158171588369675 -0.165504481778912 0.161736457468222
-0.0299923902362955 0.0101167451570181 -0.302178586456082 -0.054275573028069
-0.0176369448207713 -0.0262803504780425 -0.233756274631801 -0.406764209637462
0.0117541288725887 -0.0443139817469173 0.328351052056336 -0.605244608712725
0.030888877150252 0.00432329706155236 0.845764920515884 -0.0130565297520322
0.0116534603655453 0.0308977918913452 0.462140252946603 0.698711543357219
-0.0282874090148972 0.041363055403281 -0.147681100718896 0.566037734643344
-0.0432018675120042 0.0310931363453615 0.0240414492827705 0.0522946260247554
-0.0300382377781725 0.0283875002824731 0.162218212605695 -0.510036979730649
0.0229989403498843 0.0436395795215914 -0.579058372556518 -0.709731863172723
0.0369339497381405 0.00941730828033507 -0.981754046239536 0.160990784583905
0.023033428339743 -0.0248098226875861 -0.184443418652142 0.778265134950458
-0.0107988581126877 -0.0214027166575625 0.400829059374952 0.441333993745457
-0.0276864700110518 -0.00659284544262759 0.408294819978161 -0.00599283704663938
-0.0223413447683589 0.0070741121512474 0.155639382592604 -0.259865998673734
-0.0266838234514471 0.018987016941648 -0.159631864851897 0.16109963549561
-0.0229970375277412 0.0124068701171169 -0.29636546765593 -0.0525392112197366
-0.0158901538586908 -0.0263931098393879 -0.228330022966978 -0.403247830013642
0.00654767543532577 -0.0411882034997894 0.328645531203115 -0.599539053360284
0.0312615118332913 0.00902571783732318 0.846801134641918 -0.0088065576811463
0.0181415856612206 0.034651280318728 0.465699222277658 0.706325460380653
-0.0229990553752636 0.0457395944695696 -0.150228685106172 0.578022037965837
-0.0398858457318844 0.0351712080626265 0.0157158203792888 0.0623547743541205
-0.024009366934167 0.032703046976816 0.158452495087458 -0.497685415621921
0.0308639469409646 0.0466298309485673 -0.57375279506556 -0.702945006001938
0.0379118533502436 0.0147582068628507 -0.979958101220109 0.167886455259587
0.0186569568455073 -0.019504734957163 -0.18346563835437 0.782701060948705
-0.00887403627250252 -0.0209323648043906 0.403877799618378 0.443743159519996
-0.0201940093431703 -0.00564888196216907 0.414504785404249 -0.00216816940735455
-0.0165715556601445 0.00924787664520264 0.160490658189696 -0.260181105685272
-0.00277449570519372 0.00902559699811248 -0.1623398722979 0.180928723394635
-0.000322595566019916 0.0205010376169071 -0.323033562200087 -0.0111238044749913
0.000373677917373641 0.0186576272499938 -0.344733936973793 -0.363439064393277
-0.00563099634588798 -0.00559509627651121 0.140087222856618 -0.650403333367954
-0.0263685899676034 -0.0105683962896273 0.806969997233436 -0.194952550562188
-0.0300398188874965 -0.0295580315291912 0.625780986116383 0.575078350615502
-0.0116466990248368 -0.0226183031567576 -0.0279746534025868 0.571942308371679
-0.00817768724581605 -0.0261776818654652 0.0527653462515808 0.062500773980061
-0.0168217689374006 -0.0433552457175835 0.256529086594793 -0.493153441047103
-0.023604550038072 -0.0186197704448256 -0.424777031262832 -0.81623812848393
-0.0233357145086142 0.00480325850232697 -1.02344636509873 -0.0199714479950887
0.0189482833282766 0.0223325715805425 -0.377792713081998 0.745954671048553
0.016970647450122 0.0241943558169352 0.300412485650265 0.486573873256777
0.0086338106365186 -0.000251220301910045 0.395034695209932 0.0296995988298204
0.00931313466264617 -0.00522781707605475 0.157950540401131 -0.253129354673491
-0.00963433116477692 0.00807057875471366 -0.16616357075409 0.180525758232524
-0.0110198855134798 0.0191062977284171 -0.325066180714535 -0.0198898995738944
-0.00559345411338341 0.0117528143043214 -0.33415789523668 -0.373826756599363
-0.00144833885572075 -0.0157676088044073 0.168056932225081 -0.650861078298208
-0.0195942159873844 -0.0142308525110778 0.815993143122534 -0.170340843735287
-0.0286890895061902 -0.0243789311742691 0.60062973811991 0.592176394830827
-0.0188812181866393 -0.0147923109425587 -0.044414101669602 0.564369954958758
-0.0171663043240352 -0.0201361102291244 0.0558008669013295 0.0529133162134064
-0.0239899526759158 -0.0362115878503216 0.24722891308697 -0.507796009174802
-0.0226120246105277 -0.0102775713080009 -0.454869594456732 -0.811253551549352
-0.0125292041382127 0.00311979748507683 -1.02064587229572 0.0105940954490686
0.0262580621854219 0.0106030357326138 -0.346525936467081 0.751974169570911
0.0117832902941637 0.0164477991685386 0.314811255503474 0.476540429311502
-0.00349347582257315 -0.00259333033784494 0.393167854315661 0.0200825859443191
0.000376171136626453 -0.00547154519074538 0.153149198539212 -0.254110054731191
-0.0173840349170954 0.00886681530407436 -0.169714450648323 0.177283769668809
-0.0216422463598387 0.0161190330666502 -0.325038546075274 -0.0284340493320066
-0.0115467002261522 0.00352116259259116 -0.318728800097887 -0.386430312324937
0.00304751535764967 -0.0269608698188313 0.206410557821448 -0.648071430247921
-0.00924447083880499 -0.0152635093463797 0.825277898004063 -0.142422463228569
-0.0239870267743875 -0.0151079350431166 0.570915602215513 0.611545391435317
-0.0248222767511768 -0.00530114808117844 -0.0649459615064516 0.558878261217891
-0.0271830480580957 -0.0106060486427773 0.054816685232899 0.0440439869690944
-0.0315173439220619 -0.0235916045521885 0.226145859525817 -0.51990369320421
-0.0184654164545979 0.00103768181282353 -0.495429759088083 -0.794717434854377
0.000624403466706645 0.00154315056540382 -1.01638428770963 0.0481163315195934
0.0317112273088591 -0.0021041511984633 -0.302985189066476 0.759433007706977
0.00604261421572751 0.00685062159586082 0.333757181402758 0.464225217762671
-0.0151257498016635 -0.00665140736534455 0.393411460796759 0.00993965634458392
-0.00990202760869056 -0.00398833818321133 0.149827774831584 -0.257030486370962
-0.0241111999145851 0.00987793747102184 -0.170660583718813 0.174679542963293
-0.028856934160687 0.013891474873296 -0.322916474491816 -0.0368028048922741
-0.0161286227366975 -0.00617309583154808 -0.296642976854471 -0.39441972265926
0.00750781612762608 -0.0357859374937964 0.24240289180732 -0.641585717168825
0.00348821387295929 -0.0133699424065145 0.835864479577207 -0.11127155828878
-0.0160139896843649 -0.00347763895411487 0.539224860642085 0.63692241375624
-0.0292768378038708 0.00816467953227897 -0.0878147425476658 0.558376554201841
-0.0349421749715651 0.000795693942642339 0.0507471296800178 0.0408256368056122
-0.0365636148175588 -0.00856915258085194 0.203898068248598 -0.527556940853737
-0.00909118064716812 0.0138068640392182 -0.533413470772475 -0.772343748157006
0.0135624610663502 0.00118161491060592 -1.00761787099117 0.0935352712993028
0.0331535884462484 -0.0134792725776028 -0.259033314336457 0.768968163005315
-0.000107043759190258 -0.00216990159475395 0.357986461133659 0.450920374791956
-0.0239954401214801 -0.0079173215046865 0.396052091094164 -0.000707903448227806
-0.0169874126036401 -0.00212993637038968 0.147929574333282 -0.259115518523556
-0.0291060162447952 0.0112801525967798 -0.170310364755556 0.171363883459009
-0.0328464580317968 0.0109000434269712 -0.319209887937733 -0.0436529735440444
-0.0183903439626635 -0.0152459223554313 -0.274788793895843 -0.401819911587478
0.0120881508854264 -0.0430706943494488 0.278880221133822 -0.635018558389991
0.0159897194623851 -0.00860360241480585 0.842071091902342 -0.0740422867306712
-0.00611131670994735 0.00963567714906696 0.511771897111299 0.657423532197541
-0.0313338907435442 0.0210795233680979 -0.110378634664059 0.558314689439254
-0.0412239394653604 0.0135758727556986 0.0440200650508803 0.0398810895970669
-0.0379494371449897 0.00725905049536081 0.183367485130247 -0.52884282447181
0.00129623568694468 0.0265448163324288 -0.566014614275632 -0.745469295153269
0.0242562640602509 0.00228062973888597 -0.99883250276219 0.135380332071749
0.0306756267864486 -0.0224188904379498 -0.215599921422142 0.776024269262444
-0.00633111958172551 -0.0111265179362983 0.381044124315678 0.443022989073153
-0.0305977185210106 -0.00807126024741029 0.400653748690415 -0.00744771476394273
-0.0218733940397126 0.00133841619060492 0.147742209569683 -0.261133880960932
-0.0313368173828749 0.0140860856896526 -0.167807625931751 0.168921823754511
-0.0331469973307704 0.0104494874760871 -0.311431575254954 -0.0483338451572395
-0.0191409997212282 -0.0225861216733913 -0.254243965423418 -0.407191134876621
0.013058754224396 -0.0456875349903915 0.308154643072858 -0.622866237236785
0.0257097864804157 -0.00192740865870695 0.847466880935564 -0.044423566380189
0.0032639791001235 0.0214080344294855 0.487219257953311 0.682510709994591
-0.0307511192276623 0.0324019686754039 -0.128633824152941 0.564244145492919
-0.0431408266542574 0.0237290325941168 0.0351806953133781 0.0439835457180547
-0.0352820779624338 0.0206324874319545 0.163065863387093 -0.527147367958962
0.0131076943514797 0.0357550227903328 -0.591066174263652 -0.718899126032907
0.0327225909794765 0.00423127422359465 -0.988339107692813 0.169299593439594
0.0270530314944508 -0.02697109677482 -0.180276123211269 0.783695579856764
-0.0104814945722642 -0.0176783175927469 0.400795145185819 0.435199692144263
-0.031943384024966 -0.00687175540593278 0.405419544570316 -0.0142394883619642
-0.0244322652977327 0.00459649998310722 0.147289198079484 -0.263370398577689
-0.0300121400381189 0.01644189764175 -0.164487336631147 0.167639221728829
-0.0296353438967305 0.0105383212190408 -0.305725451360211 -0.0473807403386991
-0.0178914559703324 -0.0262535763089668 -0.242527128689279 -0.40345567988628
0.0104794140311203 -0.0450364518164688 0.319245523223374 -0.614664180534067
0.0315815625234313 0.00327102527445997 0.850572591245007 -0.0295360038032246
0.0122879000248754 0.0306768487884447 0.478774479842555 0.693275383581273
-0.028362637116613 0.0412590178293476 -0.139395761599887 0.574330974890932
-0.0432862568914554 0.032313700629586 0.0252709262222855 0.0527204752984169
-0.0300835655121855 0.0305010608984988 0.153445751700799 -0.51662912398776
0.0238872784943726 0.0430641056472707 -0.595468584971555 -0.702909227992939
0.0373236967838099 0.00850496598248985 -0.98592680292864 0.183089457542916
0.022245595095191 -0.0255062117880361 -0.168622465283557 0.78924625769878
-0.0114048820778116 -0.0207946184519401 0.413143620628983 0.436061799662642
-0.0279237877656232 -0.00596710373596735 0.412837230376578 -0.0146117459898692
-0.0221289849598666 0.00769381574825152 0.151235845135223 -0.266218481368994
-0.0265377570689904 0.019834893135918 -0.159387962581987 0.166304178745954
-0.0222694970102711 0.0134285895614322 -0.300653449499536 -0.0446623788552024
-0.0170586610149625 -0.0262496751605008 -0.236519908035378 -0.400467541985324
0.00494684194625451 -0.0412557957633621 0.317332896337723 -0.610734541093047
0.0314285125766629 0.00834994703549357 0.85306777770216 -0.0269779475130502
0.019880772897263 0.0346973822459869 0.481601908591472 0.700326464002579
-0.0215279755833039 0.0465131087766021 -0.141178472267499 0.583580004616138
-0.0387339116064501 0.0364936550766253 0.0165088397987449 0.0630686867873309
-0.0232113517643217 0.0338746384415108 0.15114907782371 -0.503334046711399
0.0311542059456584 0.0455855470001647 -0.591419951679444 -0.6954431597581
0.0387328155458384 0.0142427832752314 -0.98315449375999 0.187611757463025
0.0191973232238331 -0.0200796647172863 -0.1685245085218 0.792675079370534
-0.00902086275636036 -0.0211681769076116 0.416403086577769 0.440649185092446
-0.0211917157808245 -0.00513690622975605 0.417906222071252 -0.0119861292888235
-0.016525713895902 0.00992298996678852 0.155547009420596 -0.265463279692408
-0.00164786496305149 0.00834527207751085 -0.159858335262723 0.186761189738641
0.0012016614698515 0.0212922297402401 -0.324259981626044 -0.00247697885504309
0.000747291927159239 0.0186062376381159 -0.354745802313729 -0.357723154885271
-0.00615802938822609 -0.00486005714495276 0.123478864544704 -0.656718584500387
-0.0271773459451923 -0.00928057413676969 0.803864861566477 -0.216608448659814
-0.030819839443251 -0.0299901867647645 0.641729098419015 0.561652366120696
-0.0124945770520992 -0.0219058457780345 -0.0154112926116307 0.573262992452466
-0.00872453343511031 -0.024949013327105 0.054624579103008 0.0619975356441442
-0.0176210554563122 -0.0429263647111202 0.249026976124926 -0.500119352070366
-0.0243578664891357 -0.0187850308716212 -0.441422519859327 -0.812884212451714
-0.0236675197507092 0.00554835560788385 -1.02735984643624 0.000196064012116408
0.0189120700867663 0.0215007117273607 -0.362141195052384 0.756283726885783
0.0179520394050759 0.0235758887866296 0.311766735734558 0.483203780839437
0.00842143676767703 0.000214649317511288 0.39844129530631 0.0215537971712531
0.00820159472947106 -0.00493208128845485 0.152364957768605 -0.259822333834073
-0.00898836969444703 0.00859000065440481 -0.163998592899819 0.186691516837882
-0.00981656975053312 0.0191105735590597 -0.32735060147579 -0.0109879363862722
-0.00569040898882872 0.0119939162904932 -0.344703499150065 -0.367121680021782
-0.00200975235386492 -0.0156477916345947 0.154599739375611 -0.657880639719358
-0.0200921430919464 -0.0128968850861776 0.814033170862876 -0.189634388686736
-0.029571776389689 -0.0236958490033584 0.615912999164506 0.579344927666241
-0.0188776932482367 -0.0142847480275964 -0.0326040353111154 0.567504975147095
-0.0172679612210217 -0.0192738875624141 0.0577402176227063 0.0517376841167405
-0.0256010718561348 -0.0347328332816089 0.235827477999425 -0.515376527372505
-0.0231699026806825 -0.0108408450598104 -0.475211936140805 -0.802834897602342
-0.0123971943213349 0.00311630991702196 -1.02717071814996 0.0317368009975373
0.0260873725487585 0.00998330939624576 -0.331748042300352 0.765675217267381
0.0120383205904607 0.0164764671961837 0.327105878036359 0.471371868100406
-0.00399785349634 -0.00347617243545135 0.394825226450279 0.0113788283160959
8.92423765167967E-05 -0.00523117565215252 0.148349697824152 -0.25952582971511
-0.017398932987599 0.00931743740708199 -0.166296450174514 0.184158634996598
-0.0201097151549084 0.0165647108711553 -0.327024166125192 -0.0203371375284929
-0.0113574747018051 0.00395874673015996 -0.327296843741107 -0.380283564873156
0.00285819808514407 -0.0270906583760069 0.191388894870799 -0.656044283434824
-0.00956886975421738 -0.0151931076376213 0.824238929380118 -0.162470509574614
-0.0244230840470797 -0.0144333848885198 0.585320877342172 0.599791418088306
-0.0242851872518476 -0.0044708544465464 -0.0534355525800178 0.562376887302023
-0.0269371568675038 -0.00955599106080763 0.0561327317071333 0.0441741824869711
-0.0329358947904356 -0.0227204942284283 0.215661099589652 -0.527435385678647
-0.0183502936946972 0.00115925245226591 -0.513377547429427 -0.786641549037282
0.000697391251359224 0.00130311917215241 -1.0205057103332 0.0707139906896419
0.0319770027333192 -0.00344871178736636 -0.287155116317161 0.769469930605381
0.00628886214366689 0.00623728385279383 0.347225743378095 0.458710706048044
-0.0159117779866494 -0.00545890181782305 0.395898586188852 0.000442018421819454
-0.00997879807641553 -0.00390052382414352 0.144104371201965 -0.262573930416882
-0.0238886656420247 0.010513173850255 -0.167997769593218 0.180653824690736
-0.028001128362808 0.0146173143154353 -0.325390198138484 -0.0272549506322219
-0.01628519655286 -0.00546163687359195 -0.306595294348246 -0.390132760300432
0.00690935725974703 -0.0360016214603335 0.228132075182618 -0.651406368850903
0.00344943295513661 -0.0130425864978535 0.837140837331118 -0.128176144715761
-0.0158270496133839 -0.00306493682917189 0.555469728018438 0.625366276519471
-0.0285675428435581 0.00886598863914761 -0.0755953221087448 0.560722173756225
-0.0353910355753636 0.00278311698110599 0.0517667087495156 0.0400315922449519
-0.0376621221246572 -0.00741616334974366 0.194489541805995 -0.533265306348633
-0.00910717407786368 0.0136404290578199 -0.550555316858377 -0.762560660459162
0.0135499632064431 0.00160523844423371 -1.00892620767166 0.113514145710747
0.0327569502966535 -0.0148631772172917 -0.242509317009343 0.779578592737509
-0.000891761117520156 -0.00225365521131812 0.370196029441717 0.447269347185716
-0.0252619677853792 -0.00697568011347564 0.39838862681715 -0.00942688572538514
-0.017235177252676 -0.00156174771153807 0.142779465097156 -0.264380036469165
-0.0283468319163015 0.0124143356042569 -0.168249545557035 0.177427931589063
-0.0320780741369239 0.0120604937131382 -0.321701221768829 -0.0357123335665937
-0.0190143021953122 -0.0143669894145967 -0.284416627164466 -0.396342789137594
0.0106412280665263 -0.0428993346499334 0.265832624301801 -0.643008324297788
0.0159720729400541 -0.00961506324613996 0.844727203257111 -0.0950975058885661
-0.00606397844114873 0.0102029384894827 0.526884427743945 0.648414563784003
-0.03039508770117 0.0210607904727273 -0.098584937305709 0.563488706567988
-0.0408858410152435 0.0145629923849573 0.0442955847005336 0.0398264703841527
-0.0375466109527194 0.00803751117047513 0.17237432659398 -0.535597026863805
0.00180656276580621 0.0260557231586198 -0.585278233847408 -0.735304728309831
0.0247928168430843 0.00120347028261294 -0.998660120204227 0.158087171059109
0.0307138771649742 -0.0229698290666213 -0.199692678684237 0.785102321087801
-0.00664240051424944 -0.0113874350951265 0.392116079760467 0.436865882758329
-0.0307095897688472 -0.00671147223022267 0.402171988706676 -0.0166123379050405
-0.0226660070945763 0.00210397858178919 0.142675419707588 -0.265855826284064
-0.0310678919341638 0.0148042548720912 -0.165309030176623 0.175352280607443
-0.0328711813824348 0.0107848640315911 -0.314746187982718 -0.0393963255978
-0.0192830872675219 -0.0218897151895481 -0.261982759856882 -0.403580088516423
0.0117113368439443 -0.0458654498986475 0.294161131131196 -0.633362202969773
0.0261418101320452 -0.00332683520513913 0.851664171391483 -0.0638870934875249
0.00365239302174779 0.0216253196591763 0.502872612986307 0.672644985775762
-0.0305860278156613 0.032515532945503 -0.1174416224764 0.569214430961033
-0.0429484589576927 0.024905352137289 0.0359123488462387 0.0439277122150942
-0.0355311106747952 0.0210797987791078 0.152840543483201 -0.532610027038736
0.0139168285066509 0.0356988568809342 -0.608027653837246 -0.708659011075977
0.0330970393040245 0.00401712645976876 -0.988190962977309 0.19234196255408
0.0266122923233036 -0.0271127165238559 -0.163155981352704 0.790959009134034
-0.0106594634679668 -0.0173187397808063 0.413485006967677 0.428215860793371
-0.0324387150913731 -0.00669095470990879 0.407208918063197 -0.0240365103713802
-0.0235044919932969 0.00568781453248288 0.142826376733329 -0.268947419189015
-0.0298470190782888 0.0180104578796572 -0.161485685312798 0.173991631421865
-0.0293081472564445 0.0112699999418175 -0.308009735070061 -0.0390958769177201
-0.0194127122636657 -0.0261385456760747 -0.252668319124762 -0.399951267244208
0.00972099539428703 -0.0448104538676922 0.305773155776687 -0.625114303229848
0.0319998814405836 0.00300093594129299 0.852485970173792 -0.0523821985950924
0.0128401303499506 0.0302923189385265 0.495703574799189 0.685380582831689
-0.0268647708814374 0.0420926224893365 -0.125725297588252 0.578212099504317
-0.0419898749723705 0.0339473675530478 0.0263782877321643 0.0527648646047957
-0.0300132651183468 0.0307034960156126 0.143743000226343 -0.520461950598146
0.0252655934714109 0.0423792853537331 -0.612833576942005 -0.694962060534813
0.03824306042868 0.00769099462031176 -0.985260781193246 0.208646447912175
0.0220217868140728 -0.0260196379112194 -0.151848163958355 0.796300796058605
-0.011939327883812 -0.0212953169341892 0.42494651066105 0.428300977835016
-0.0295126296829844 -0.00495507605702662 0.414085353962679 -0.0246720167234185
-0.02189416449165 0.0089318675740166 0.1453225572703 -0.270914961667448
-0.0260202856743422 0.0208002964217901 -0.15677583314708 0.171473090460388
-0.0209918442520108 0.0127188911415955 -0.302476786616511 -0.037578391285616
-0.0168859381819496 -0.0258405980043285 -0.245797094300747 -0.396757632205675
0.00467151126505745 -0.0403917631361739 0.305129479708351 -0.620121910558949
0.0327294291508547 0.00716330734839926 0.855148482265279 -0.0461762097305828
0.0205421624767093 0.0341246170370546 0.498980034277054 0.692261458418283
-0.0205721977850906 0.0467264876567838 -0.129608939725407 0.58686605453746
-0.0379480829707959 0.0371827422765956 0.018586066616302 0.0628866487443052
-0.0232387893683491 0.0341771276179021 0.141973352469409 -0.508472711923278
0.0327206555496704 0.0445429473885754 -0.608115220421294 -0.685867877836726
0.0383311202090985 0.0137140925921227 -0.984378760638116 0.210781271266241
0.0179902870875278 -0.0205260308528877 -0.150553299705192 0.800927422250658
-0.00980251997713116 -0.0212597744881489 0.428853929266265 0.43253794849905
-0.0219575064693414 -0.00447644649377292 0.420184900638482 -0.0220416384663509
-0.0166362990408318 0.0109494164632196 0.150562386049119 -0.271448668612329
-0.00110937886841828 0.00909295127155846 -0.156800665713312 0.191611412456731
0.00234377976648493 0.0211141155835115 -0.3247767024422 0.00644263523347927
0.000893801255348729 0.0191645383194564 -0.36281307346984 -0.348863945219781
-0.006876471545633 -0.00402651636885955 0.109494711441551 -0.661195192243443
-0.0271661956089483 -0.00835692037193196 0.799367200225423 -0.233070127074024
-0.0316189734963674 -0.0290447395417419 0.655203046888439 0.545893976613536
-0.0122943351928394 -0.0218945237212115 -0.00327044166972167 0.573314462982892
-0.00894954991193168 -0.0247960420595481 0.0558230236740764 0.0617933351049134
-0.0183044620928306 -0.0429123289234116 0.23576092558405 -0.504857633142447
-0.0251214388923145 -0.0188819485533447 -0.45828846146265 -0.80239103770815
-0.0233210401799837 0.00649456142181319 -1.02766474646345 0.0252855377720515
0.0194946843183582 0.0207954572207251 -0.347973836649047 0.767442789900313
0.0180386447030653 0.0232769419775931 0.323463669038118 0.476155570299458
0.0074813409462825 0.000791894374672849 0.399302689225578 0.0115752838282135
0.00892232448527685 -0.00439233738069468 0.14663713159944 -0.263576078757206
-0.00926529889578683 0.00899294408973976 -0.159856974211538 0.191493309611266
-0.00900511689147416 0.0195949444995526 -0.327649286466141 -0.00169808546314392
-0.00472372401367788 0.0126010351028405 -0.352687995612453 -0.361723656372022
-0.00225712276573151 -0.0150721378828216 0.138621709927074 -0.662461652305825
-0.0196202706564852 -0.0133538017951927 0.811220008371665 -0.209823302602145
-0.0301955272844661 -0.0226286858124649 0.627877986464361 0.564683768723793
-0.0192682689745986 -0.0142637350562841 -0.0210106901598771 0.567275048569281
-0.0180995531355999 -0.0182612270767818 0.0583322592986904 0.0506544358025622
-0.0270352153861565 -0.0345736516636391 0.224646840254204 -0.519798891208874
-0.0236742691317162 -0.0104842798462674 -0.490704336799021 -0.793334725188544
-0.0118999797576689 0.00329400020901037 -1.02708808222322 0.0549226343013824
0.0262128945610832 0.00926523445265894 -0.315422476991182 0.773151841720893
0.0120380490648733 0.0160177868954235 0.337874974429321 0.463375798214676
-0.00384861824750112 -0.00235561217776418 0.397325045586436 0.00144005877244178
-0.000181895474953992 -0.00469242909757612 0.142747208456225 -0.263785706578636
-0.0169854074987847 0.0103595144313244 -0.16316611296231 0.188432960038341
-0.0188842057850752 0.0171785673421847 -0.328164851974872 -0.0104979018348751
-0.0113229728479311 0.00444773943601448 -0.337114856827448 -0.371845950572684
0.00168266199993905 -0.0268744474872826 0.176835406645684 -0.662397120886086
-0.00951077374159219 -0.0148383200134703 0.821196813805416 -0.182496433867839
-0.0247550888853979 -0.0140627149394018 0.599547277234846 0.585975493511691
-0.0246625160502799 -0.00330727488772779 -0.0410315995531376 0.563632250272426
-0.0267034877915154 -0.00847320079660304 0.0571108328244549 0.042589030655568
-0.0337687663378105 -0.0216769837367633 0.205268576026204 -0.530829318063729
-0.0179663512693853 0.00123648554766796 -0.529968382097148 -0.774919511703647
0.00109656173094609 0.001901524932326 -1.01711119468331 0.0951107360668651
0.0308236516871212 -0.00436225598936217 -0.269881023915911 0.778204290020845
0.00595117086595953 0.00671476128168315 0.357797862008274 0.451691906466223
-0.015619724139806 -0.00535387645756723 0.395942480513215 -0.00835859699528269
-0.00887203484199086 -0.00341946105320016 0.138121102146655 -0.266325102505935
-0.0233360225646072 0.0113653849056021 -0.164523317257954 0.18649368680537
-0.027342211314938 0.014996415694879 -0.326123325648135 -0.0188769351272882
-0.0165420617593865 -0.00488035118822166 -0.315702696364781 -0.382434255349043
0.00626279842970379 -0.0355129760366161 0.214101974943158 -0.655132109095075
0.00353541038001599 -0.0129583891552454 0.833653672031013 -0.150033623236978
-0.0162114671816785 -0.00264677319101247 0.569309857957629 0.612315125606481
-0.0283056255867684 0.00886192151237808 -0.0624552192622457 0.562227982643945
-0.034446241698779 0.00330204730809326 0.052610652070142 0.0391844660045125
-0.0384235507758746 -0.00742213738665453 0.184162903298743 -0.537556249354086
-0.00986377092070941 0.0135587061096599 -0.566394905037976 -0.75326607703078
0.0144105011595043 0.00116163650525326 -1.00810402325638 0.137548171679877
0.0323007958372911 -0.01486962844407 -0.224056579155552 0.783423880978694
-0.000631354094742371 -0.00238791005110789 0.379411103871597 0.438358063221209
-0.0253113380596677 -0.0063539748613564 0.39809451014066 -0.0188276758813827
-0.0174592070780345 -0.000576388914726649 0.136435784818571 -0.268683871300103
-0.0284154057505 0.0134404514275487 -0.164507233700123 0.183004916572428
-0.0317527091863746 0.0123671239828805 -0.322431690934132 -0.0258606197321201
-0.0196441768499744 -0.0145253392622325 -0.293546906361109 -0.390452158365068
0.0099115934714471 -0.042695620553159 0.249321452788689 -0.649306556676385
0.0163095997353517 -0.00960415880838219 0.84151562696891 -0.115121317823612
-0.00578204556288271 0.0103324105478625 0.541393090244609 0.635388803258896
-0.030131385556455 0.022380624175657 -0.0863838996272418 0.563928682823111
-0.0400705855792524 0.0156926008770903 0.0453419642378061 0.0391973749309841
-0.0379308869511193 0.00870788109434534 0.160818247360584 -0.538754164314491
0.00291905685150658 0.0253945310273791 -0.598901042809812 -0.722624931553658
0.0246992674068876 0.00109353964910298 -0.996533992053591 0.181353032667187
0.0304425349025155 -0.024479171856082 -0.181149658872979 0.790481143076204
-0.00712441397173335 -0.011362102947774 0.403829143552616 0.428143975905884
-0.0319272536453524 -0.00582239628945833 0.40241204060664 -0.0276790317570639
-0.0222051777404161 0.00281119601917919 0.136632508524739 -0.270275651407946
-0.0303403390794311 0.0158074722327755 -0.162527459826827 0.18085461899684
-0.0319218168545245 0.0119915284169995 -0.315328501518413 -0.0312985794817162
-0.0202977874100215 -0.0212769830319476 -0.273725097902076 -0.396535101638398
0.0108623620743604 -0.0455299625744407 0.278991528319773 -0.641414385718137
0.0261262231341739 -0.00384659570342951 0.851412607090261 -0.0847495970653566
0.00390038162462713 0.0208151143550513 0.518249787074425 0.660106346537334
-0.029405781826161 0.0335656188189981 -0.103464617214426 0.570295964440937
-0.0421334744136968 0.0259846155769066 0.036164224646034 0.0433955619751741
-0.0347727804462485 0.0221253505488855 0.142241334735031 -0.53463762002339
0.0143971076508625 0.0342582619710095 -0.623013146496636 -0.694172252986189
0.0331788909105138 0.00276228738005243 -0.983572089330102 0.214125801212634
0.0266044654304033 -0.0281639471572663 -0.144192878466585 0.794057840988784
-0.0114612117251862 -0.0168566983127745 0.423288449341701 0.419003899808797
-0.032610900550602 -0.00555894716421086 0.406395080072999 -0.0341768036644672
-0.0232109118330238 0.00632020719727656 0.136420181216353 -0.272849922903816
-0.02913074343648 0.0190948594440837 -0.158432685514655 0.178925846694522
-0.028667337998731 0.0119555926651403 -0.308964869581848 -0.0307963665677048
-0.019232272454557 -0.0255731220143952 -0.261371227962933 -0.39422943191513
0.00867688111951906 -0.0443109021561819 0.292618280001629 -0.633561384957132
0.0326899190100774 0.00213359058063946 0.85254667574284 -0.0703073958029098
0.0138463423490464 0.0302857202877248 0.512001434290957 0.672512513815812
-0.0262032690645899 0.0426852282987737 -0.113089176964337 0.579541953255306
-0.0415887302726581 0.0343878126952496 0.0272855956965143 0.0526233903751047
-0.0293791346987852 0.0316487055389567 0.132473135323042 -0.523759538679474
0.0262415076654996 0.0405272590729537 -0.627504944969196 -0.681187719381313
0.037952704219203 0.00675579337853888 -0.980284987946215 0.229801767376811
0.0214405890053701 -0.0268642496693026 -0.135051973252319 0.799688663079991
-0.0120158699726185 -0.0202543813917748 0.434050607020496 0.418047905872429
-0.0296284066018971 -0.00361477112924507 0.414353673667969 -0.0356491017915327
-0.021734573204432 0.00981087481411881 0.140404897055998 -0.275440718724708
-0.0252634726906046 0.0212542676054798 -0.153536014037654 0.176645452212268
-0.0208965508682663 0.0137047040520621 -0.303893815377549 -0.0279898384052578
-0.0175899105485871 -0.02527602771845 -0.255349964862125 -0.391018285893733
0.00306533676096418 -0.0401584763334204 0.289443354151291 -0.629680783881404
0.0329097112479541 0.00660043834656992 0.855172870608298 -0.0673881640979407
0.0208033605816928 0.0329282342381127 0.514885742995373 0.67946369226913
-0.0201887729241144 0.0469167739655428 -0.115490053175575 0.591391895809421
-0.0370178169209383 0.0382949906776084 0.0194042893035946 0.0632624220582652
-0.0226749037497713 0.0347531823246933 0.13103699765801 -0.51056505191651
0.0336353054569453 0.0429990291754693 -0.624303073626775 -0.673005315660216
0.0391025977442982 0.012133871245625 -0.980267481579974 0.2337607946931
0.0173313214367348 -0.0211288135824991 -0.133042348718381 0.803961233937904
-0.00972291868843868 -0.0219009691814904 0.439007776115078 0.423185643751274
-0.0222917147470244 -0.00321130209627109 0.420547388466515 -0.0321458914981459
-0.0164705565835479 0.0106762924764253 0.144923450582092 -0.275580750040988
-0.000210437556759852 0.00898508067548857 -0.152597951345712 0.195939159844187
0.00298574809554612 0.0211687653916606 -0.323220959902936 0.0158242332340738
0.00166487596511834 0.0189668379540743 -0.368054161357091 -0.341141473961132
-0.00726787044074677 -0.00371669907959403 0.0947028524855943 -0.660344270374172
-0.0270527223355968 -0.00813358136706649 0.791595842956035 -0.25262501804564
-0.0322001976820347 -0.028506400534592 0.665040591655526 0.530067330464398
-0.0123963532415486 -0.0209916757475569 0.00894960947474936 0.571202842156964
-0.00960830735127851 -0.0235466700220323 0.0571395604349657 0.0605236856372791
-0.0196677096624877 -0.0411995869919765 0.224583315946896 -0.506942503887863
-0.0256742775526576 -0.0185750840777666 -0.47452227173873 -0.792181732599501
-0.0234882220808656 0.00665113466309797 -1.02517458606555 0.0486171795906721
0.0195831922289775 0.0199553416374186 -0.329256824114447 0.773109193303523
0.0184319708081825 0.0228249251883755 0.333146652256882 0.466927438298474
0.0077961450653181 0.000191234403811752 0.398334705423264 0.00168481738731868
0.00936218763543317 -0.0044343430871753 0.140247771604248 -0.266220221155327
-0.00788039721199246 0.00913039753618404 -0.155436611657548 0.196092301301299
-0.00830906414679114 0.0195381269727588 -0.32755725474798 0.00712324357864684
-0.00469365144798261 0.0126460204780385 -0.357793600481202 -0.351142835243125
-0.00325984078822811 -0.0141880299508994 0.123131659494503 -0.662900417547257
-0.0198275139046083 -0.0119682978090517 0.803588773320119 -0.227886446189921
-0.0306544810060639 -0.0224133365312916 0.640570967227035 0.546855394915834
-0.0191291151878625 -0.0138441793611612 -0.00642894724297307 0.565108235720314
-0.0179713431020704 -0.0172451202237498 0.0587212122591951 0.0494428036693265
-0.0277521399854197 -0.0334354139467428 0.212830887304942 -0.523384279907967
-0.0241088865869839 -0.0101427191412672 -0.505558095488568 -0.780877345996657
-0.0117992037643804 0.00340097852345782 -1.02157874843499 0.0781698794489771
0.0269394518343662 0.00763679205762172 -0.296182568827242 0.775564210023599
0.0124617004156508 0.0152377436058333 0.348186786176945 0.456616712266083
-0.00441536382194144 -0.0031414361653352 0.396497074257781 -0.00736463977212421
0.000168707475484034 -0.00427224287138564 0.13579547804119 -0.267390331831053
-0.0159374110092731 0.0108084814994708 -0.158551630942586 0.193710004744372
-0.018601962208541 0.0179820361769891 -0.327269650390246 -0.0021726072355942
-0.0109801582769733 0.00504888612684328 -0.34221373118878 -0.363730838216585
0.000930157966649922 -0.0256453863976868 0.159946809140862 -0.66372000648199
-0.00940062459662431 -0.0140060541333253 0.81506543829916 -0.201312389086059
-0.0252941166314941 -0.0141752605779935 0.611149628343593 0.570276809983081
-0.0247638334766589 -0.0036022725196504 -0.0284096183422498 0.561559215950137
-0.026741423256479 -0.00771875065108059 0.0576440845620698 0.0415814691678476
-0.0339535001246479 -0.0211084030927807 0.194160193929388 -0.532662416675582
-0.0182899043094714 0.000585436585301437 -0.544986562402927 -0.761673821988796
0.000597260920404557 0.00154922091786051 -1.01383363642267 0.118276255272119
0.0323528560900736 -0.00505747469976142 -0.250452196289937 0.78165985486162
0.0070194144208856 0.00587564662993152 0.367194104250122 0.442829349635792
-0.0157670127594625 -0.00458757449212507 0.395692516709933 -0.0184209064577625
-0.00928179084156007 -0.00277072688709443 0.132921329739605 -0.26986477017126
-0.0225747420943507 0.0120189928734969 -0.160291230827374 0.190586247938096
-0.0259336954643422 0.0157374683561885 -0.325818183946625 -0.0102300410426111
-0.0160640954935404 -0.00470615701556895 -0.322876145163821 -0.374385395777732
0.00524144300428798 -0.0357548100527055 0.19975003780446 -0.65964783361409
0.00311399480985279 -0.013546381421842 0.825772180409053 -0.168470802298734
-0.0161700140850428 -0.00208669547142002 0.581499703640706 0.596709085558632
-0.0282063490091111 0.00950901027615901 -0.0513427853558318 0.560967570726241
-0.0345762124331951 0.00450240757213791 0.0531363074081377 0.0384955553282733
-0.0376831956592359 -0.00588600777240142 0.171834155939533 -0.540226593793897
-0.00901049008478498 0.0135788280591653 -0.582490828831711 -0.73696154743581
0.0141607546508595 0.000402014520225229 -1.0003014037271 0.160754265520035
0.0320033238916046 -0.0167588657828661 -0.207841898221784 0.786769386556611
-0.000348876958091421 -0.00226279542454059 0.388172856231563 0.428481531155176
-0.0252130901580397 -0.00470026061080176 0.397603576060433 -0.0289312463784117
-0.0178331746182102 -0.000170943945890137 0.130849941167725 -0.271957129486909
-0.0273148670264451 0.0143541644430527 -0.160833640365097 0.187060977055034
-0.0309164346053442 0.0135566373788228 -0.321191488519495 -0.0181088301907701
-0.0194464374817583 -0.0133582761478329 -0.30133581562589 -0.382526722417345
0.00748613371777815 -0.0426972574970365 0.234928877501167 -0.652858230760916
0.0159018161799198 -0.00967634599050801 0.836660022912071 -0.134210422597152
-0.00586469619209046 0.0098930401350818 0.554350347005512 0.620495084607792
-0.0299130621006435 0.0231088086345897 -0.0736115011117612 0.56496929119255
-0.0389479149058866 0.0166978315613368 0.045421295317531 0.0389696365809608
-0.0381051619705856 0.0103445124407871 0.149185126129447 -0.541089595278717
0.0032764309728744 0.0245099064350692 -0.613414357663666 -0.707403211917377
0.0246205708421037 0.000929441195878381 -0.98813333092897 0.203266351548499
0.0295407830899423 -0.0248953748315978 -0.160851643092115 0.792411696779861
-0.00661755248702799 -0.0109927295498974 0.411897677080803 0.417588400054102
-0.0316320040746518 -0.00523765574249902 0.400989008935273 -0.0367657149222543
-0.0219762160985199 0.00348080798180785 0.130363392698641 -0.273437360317234
-0.0288983856874155 0.0168437825085358 -0.157271236780692 0.184770736016425
-0.0314693217454432 0.012047107838247 -0.315073161647505 -0.0223758528902996
-0.0203340757952872 -0.0214749808563952 -0.279263023999017 -0.388739232430367
0.00983331414448051 -0.0456350869700773 0.264289314147685 -0.645419503563622
0.0262568869081775 -0.00428415366369571 0.844965856920029 -0.105461812336868
0.0045323150490616 0.0209350977737026 0.530941133897332 0.644931128821692
-0.0283159608441685 0.0337128734136133 -0.0905600250671698 0.569116808052832
-0.041029328227268 0.0276389511520586 0.0384892987812882 0.0432393911864435
-0.0347733499482301 0.0231445831439556 0.130668284775453 -0.53552682643964
0.0155796355454965 0.0337500351943105 -0.636734835363239 -0.679559900269744
0.0329551053043026 0.00228974188511443 -0.977189767159854 0.237533469454867
0.0250100462569275 -0.029101152802685 -0.127269733624757 0.796352211591269
-0.0118988669626699 -0.0170187275921083 0.431601130428444 0.407727981380262
-0.0331940523439172 -0.00444876924658713 0.405838036049761 -0.0437953467638772
-0.0229114396269328 0.0076643095501091 0.131167982162595 -0.276723434880154
-0.0279050281723816 0.0194641863586005 -0.154401953757809 0.183213140556792
-0.0266280420418773 0.0129622175283577 -0.308772357830387 -0.0224892018567361
-0.0200442580662787 -0.0246560843499532 -0.26924845036311 -0.386958928597846
0.00742507343876579 -0.0449644339552024 0.276315180019497 -0.63816884415278
0.0325836907875632 0.00142915147460082 0.848330505633564 -0.0898480617015062
0.0137786807236889 0.0294207872454948 0.524766107838731 0.657395163919936
-0.024576404018376 0.0432104588519799 -0.0999538382941252 0.580005008384857
-0.0396859129799051 0.0357710590468668 0.0285021848714679 0.0527065400388105
-0.0284482396373991 0.031578145245089 0.122243670925036 -0.523616928275236
0.0263371634780776 0.0404585779211567 -0.641082984695591 -0.666176061759832
0.0380666187285492 0.00579073076908607 -0.97143499025579 0.251030528174169
0.0207319941473284 -0.0277419739951199 -0.117084291414791 0.800340152989399
-0.01312386552346 -0.0201254864812655 0.443104335030954 0.406239861347806
-0.0300430010649709 -0.0029496998142939 0.413006514429251 -0.045153405278664
-0.0213686785252029 0.0099617596204085 0.133220312240025 -0.278051420548783
-0.0241969992100123 0.0220488186441068 -0.149542875833021 0.18179634422655
-0.0197257043324085 0.0136532437093262 -0.303301314494314 -0.0198140671830254
-0.0182283837360562 -0.025171534550701 -0.262763712437541 -0.383593988792483
0.00232493868477337 -0.0402460682239963 0.274106059973248 -0.632441006402755
0.0330536450583208 0.00578123207301919 0.850616091228728 -0.087502498975302
0.021353029167785 0.0321866652888499 0.527828808971434 0.664583202444506
-0.0187018282861315 0.0474025998362435 -0.103348802263868 0.591513700940222
-0.0360546630578408 0.0392624216011975 0.0209302483174628 0.0637977004251638
-0.0215246607260594 0.0358983461183177 0.119086998628135 -0.511446014603696
0.0340790585963024 0.0419421801537398 -0.633992156149185 -0.657902195526213
0.0398770315336037 0.0113127406293367 -0.970733593928659 0.254274461976575
0.0171380000358586 -0.0221662566267754 -0.11480170562281 0.805548974717838
-0.0110503205508655 -0.0214473912721826 0.447561441877367 0.411515147620682
-0.0219903890823324 -0.00231762097107434 0.419272064998816 -0.0414424027197814
-0.0158642644705005 0.0124684319670562 0.137958888742658 -0.279438433377212
0.000415114184548387 0.0091703493617431 -0.14789895855344 0.198997077308654
0.00304524331104899 0.0213803377542158 -0.320976779862152 0.0234501472936786
0.00185643011536832 0.018717907952192 -0.37243426923355 -0.329360846481463
-0.00636112304223023 -0.00286928774484795 0.0772802159142444 -0.659898250938972
-0.0269015475251739 -0.00722761800983216 0.782011379006045 -0.269145409307086
-0.0333526465439336 -0.0272176220344953 0.670379001582131 0.510347403614084
-0.0129122756140251 -0.0211916874046408 0.0199656366741372 0.567143459190421
-0.00958809606838761 -0.0230677600386699 0.0575367294970814 0.058799345342283
-0.0200520229154259 -0.0412348651667061 0.214064281164711 -0.509854490335663
-0.0257469760432898 -0.0188944921480992 -0.488555504322817 -0.776075699146979
-0.0231248086596223 0.00780403205376803 -1.01753570190747 0.0702606962080776
0.0205451824082872 0.0194587323109511 -0.311306722941201 0.776339542100007
0.0185569623014827 0.0224887403014454 0.341990322459319 0.458224194901922
0.00808086132409826 0.000808013210890261 0.396937181397308 -0.00720491054067694
0.00881793402529421 -0.00395972283089983 0.134786949830099 -0.268956481749555
-0.00737693211185308 0.00955157067313436 -0.151079354810482 0.199196737561638
-0.00721246237529857 0.019964429428728 -0.323589149347583 0.015105375371459
-0.00426318540396594 0.0132893722061182 -0.364097252801466 -0.341081797153808
-0.00335235683363667 -0.0143066641079355 0.106925140755279 -0.661530086285471
-0.0196301643058108 -0.0112493230017233 0.79285327603597 -0.24254656494271
-0.03109545519781 -0.0215115028782357 0.6465630309998 0.530620162204788
-0.0195946880705164 -0.0139609627119743 0.00378500084652854 0.56087486722835
-0.017900108235765 -0.0165484717020403 0.0598292590567604 0.0488763037819687
-0.0283948543646448 -0.0325290474145259 0.201601277016074 -0.523158275712354
-0.0241016154134706 -0.0102801878286741 -0.518228769641428 -0.765277427120592
-0.0115250281070255 0.0043245163984936 -1.01286083927876 0.100503372184431
0.027524870517689 0.0080555130939946 -0.278659939281161 0.780440677328835
0.0128971851431392 0.0150027613487773 0.355429846110147 0.444923315449449
-0.00427392765111914 -0.00218857767009501 0.393498443578532 -0.0165276528033609
0.000457848533383082 -0.00472295317256249 0.128997260360699 -0.269629005914382
-0.0153744232278595 0.0108220973240174 -0.154259726561005 0.197728240315254
-0.0181017674160194 0.0183637012183885 -0.325662679836009 0.00730195137137692
-0.0109502331935027 0.00545377229698086 -0.347804267681344 -0.353882952619333
0.000559068905084005 -0.0259124205571639 0.143647515755555 -0.664078433311613
-0.00936162966413204 -0.0134911923653768 0.80493215178764 -0.217164676910335
-0.0259347376649646 -0.0128702739298583 0.617397294271572 0.551613671145604
-0.0245997978577458 -0.00352467641655288 -0.0169261788760725 0.558731519608939
-0.0264092135423903 -0.00668230360662035 0.0581286077036125 0.040720940892255
-0.0346185798084421 -0.0200637228454609 0.182362873489797 -0.532640473887218
-0.0183299625720899 0.000463133226677449 -0.55646443688758 -0.744820672518843
0.000786547209115689 0.00157578722598467 -1.00438362116088 0.138312474696255
0.0314407044933802 -0.00606997129630397 -0.234588704590259 0.784175641481799
0.00669719689562195 0.00570659666944664 0.374821580504474 0.430595862762863
-0.0164544480959095 -0.00387572469342105 0.392679816720228 -0.0264257020613357
-0.00915420862505545 -0.0028225287699329 0.126643701719477 -0.271935094927834
-0.021980579760594 0.0122264119186671 -0.15614447006818 0.195077765700346
-0.0249925929656883 0.0161225576226608 -0.323717318301742 -0.00153052770802123
-0.0159732448714378 -0.00405495219600378 -0.327836603616432 -0.365314108937614
0.00386255297962504 -0.0354329612652847 0.182671739532757 -0.661139358931973
0.00285489490654581 -0.0134108033170988 0.816617372951815 -0.187074702515567
-0.0169024536529877 -0.0021085878192771 0.589875100924412 0.578707314701917
-0.0277194478882054 0.0101222749102026 -0.040725412703234 0.558545203420377
-0.0336177702927467 0.00484685446266318 0.0527136642943506 0.037543713078748
-0.0378748440892536 -0.00478685760775607 0.159396434724039 -0.539132780848206
-0.0086961036894024 0.012834805131707 -0.591046686733824 -0.719134313433652
0.0134845016308203 -5.67914995549665E-05 -0.990826970305584 0.181841122876839
0.0310963370496982 -0.0173120631082969 -0.188317916963911 0.786919223814475
-0.000332745388207148 -0.00250431989974707 0.395764014905183 0.417482318818944
-0.0258082502562163 -0.00475940329128723 0.39517006073806 -0.0373557433947501
-0.016294878739766 -7.75440817000518E-05 0.124591514040254 -0.27377716187191
-0.0263100650982824 0.0147675756221948 -0.155752713478877 0.191028936140694
-0.0300121617327288 0.0136664950519718 -0.319244488492728 -0.00932011875200882
-0.0197656596987077 -0.0132427882084343 -0.307200521587433 -0.372577969424889
0.00746173200995654 -0.0421222703574422 0.217858159892013 -0.654840238828448
0.0164267918449303 -0.00978461117002766 0.826783585522243 -0.151500700484568
-0.00581899338653492 0.0098662255208679 0.561087313847268 0.604122958362407
-0.0282773845245652 0.0230033975554115 -0.0616085188078184 0.562214650669401
-0.0383145476783651 0.0181542422473791 0.0460289861923719 0.0377434131313836
-0.0378217007462868 0.0112849674528879 0.137304218190298 -0.539693632184802
0.00351589679741994 0.0241225690059491 -0.623044640179123 -0.68970620370501
0.0246692105292865 5.92565096976458E-05 -0.977594880735941 0.221857031457598
0.0288968181615697 -0.0262420522583661 -0.144160343817663 0.791281066743543
-0.00722528692928326 -0.0104836294074185 0.418721756631231 0.404912036161578
-0.0317146058737178 -0.00354981531693424 0.397794323634813 -0.0457892283154107
-0.0214916486704616 0.00432853436903216 0.123353444286117 -0.2754825339432
-0.0286870824797827 0.0171245728049215 -0.153616672691486 0.188288946925102
-0.0302269592352562 0.0123595229787555 -0.313557717477368 -0.0141667486066145
-0.0208740097488218 -0.020360502767463 -0.285492423222201 -0.379959822724748
0.00845304280269653 -0.0453517954386994 0.24788013046089 -0.648120777950695
0.0257621412931744 -0.00488619995351221 0.836889994753092 -0.122966548180183
0.00485961156716845 0.0205801373220271 0.539239798179087 0.628061397391196
-0.0273048185244384 0.0335381538969619 -0.0779503986625419 0.568057176912121
-0.0399683557554606 0.0282986660446725 0.0383520521838549 0.0424431278806883
-0.0343513744340476 0.0233286833511959 0.119037846426703 -0.534205024112927
0.0159162331640471 0.0324762095024283 -0.646847223140089 -0.66256383626867
0.0323625814777213 0.00161179027374661 -0.964975389730626 0.256011042313517
0.0244123945372806 -0.0297284737160502 -0.110459145117659 0.794072360273893
-0.0117794705613432 -0.0164836287179209 0.439225706031148 0.39627856744355
-0.0329662627489271 -0.00310046841139255 0.402477494471377 -0.0527631947107419
-0.0228885126006274 0.00762640108639771 0.124378705697931 -0.278745992721461
-0.0280541763692848 0.0196311555955617 -0.149249595748386 0.187291471156562
-0.0261242303905903 0.013118387627965 -0.307290344265221 -0.0139344279412499
-0.0196736606147317 -0.0240433718197862 -0.27444170943805 -0.379150892795754
0.00598235131484326 -0.0440303841069526 0.261660723491933 -0.63980249194393
0.0325156853474537 0.00126575557224204 0.842023454575555 -0.109671904771727
0.0146202249623854 0.0286176704657791 0.532883007831442 0.641327636368728
-0.0239238448116505 0.0429329135742594 -0.0884411901595581 0.578975237362871
-0.0387148210434191 0.0362516535677627 0.0288562603781835 0.0515974574887679
-0.0281977250017448 0.0318951497021032 0.10984454525776 -0.52254723191533
0.0273790327271569 0.0386574784704869 -0.650153953185658 -0.647397218848012
0.0383146519780444 0.00556615050741143 -0.960554703688616 0.271703199996872
0.0200978697249678 -0.0281502580164708 -0.0978120052187288 0.799854565352995
-0.0136087644476093 -0.0200599531068546 0.450098231043217 0.395342775982745
-0.0296171006897962 -0.00173557889462958 0.409243286687791 -0.053944842314682
-0.0203307071477965 0.0106279082570024 0.127887861645112 -0.280238867631539
-0.0227819666363665 0.0225896126930558 -0.145450948165149 0.185192459769197
-0.0193450549012041 0.0146276010811968 -0.301813595632696 -0.0120112961264723
-0.0189667496804468 -0.02456622817187 -0.269663029675659 -0.376538134142412
0.0010387681371779 -0.0389725344674212 0.260055205305068 -0.637012558951515
0.0332850153975204 0.00498694522804796 0.841560553453339 -0.106188578824504
0.0213633332525832 0.0315615846526867 0.539609224395249 0.64866923079738
-0.018284686274975 0.0463111230491444 -0.0921070546312796 0.588748831390485
-0.0342012989147887 0.0395488387489293 0.0219144802537444 0.0634702406443359
-0.0203798392592675 0.0354963818955046 0.109384972209438 -0.509357060337853
0.0348653537107498 0.0400872090090693 -0.643006618132509 -0.641183612528318
0.0398505401236178 0.0111528794280251 -0.959325839697794 0.273329642892841
0.0165243438232475 -0.02208008605007 -0.0964409189311928 0.803457168928359
-0.0109672698771465 -0.0208788853288782 0.454148183557672 0.399144458334478
-0.0215472973702211 -0.00152953837113167 0.415261093009012 -0.0517613496186933
-0.015362168029361 0.0132855449908379 0.130920717331054 -0.280775018560618
0.000476540560095949 0.00985503901896262 -0.142249484869686 0.201546708066961
0.0043391325735237 0.0205631570478949 -0.317378188750786 0.0307774061214853
0.00289333535332938 0.0184002021562856 -0.37474979906293 -0.319610892360552
-0.00649533605092009 -0.00253342420803692 0.0649462629479329 -0.65487772290303
-0.0261677433846965 -0.00723679302295452 0.768580788888392 -0.280593825387851
-0.0334194043705381 -0.0266812550448689 0.674545440239423 0.492272012751731
-0.0137584056097778 -0.0207608224295905 0.0317625934642492 0.561291834239272
-0.00914014243113602 -0.0221481786196291 0.0585843863144427 0.0587227700719706
-0.0217224123105917 -0.0399343719869856 0.203233756194979 -0.507585107430975
-0.025845697103734 -0.0183229124472082 -0.497089488127137 -0.758803480216217
-0.0226299818393003 0.0081214899306198 -1.00423435539383 0.0899642882924782
0.0203568883790392 0.0181626890575807 -0.291914332950234 0.774680839785292
0.0192816011643237 0.0217825367644696 0.34715575909474 0.445039836510249
0.00783981033228133 0.000484043437982024 0.392895479707645 -0.0153868946919647
0.0088558633011803 -0.00499714447304735 0.128191311552265 -0.269763261669351
-0.00737982168368504 0.00969735157727723 -0.145578423784738 0.202123894250798
-0.00620351879327945 0.0190467800268563 -0.320621019936518 0.0240673376818852
-0.00417259267292613 0.0129448862981639 -0.367032792250626 -0.332105116546816
-0.00384030336399648 -0.0137681579709768 0.0921194297195106 -0.657755104854598
-0.0197557483764289 -0.0114523779808158 0.780058581228446 -0.257582569288598
-0.0315716317219588 -0.0205438271753947 0.651780657280065 0.51152273530135
-0.0194278588827041 -0.013383010390833 0.0136353716235245 0.555667489538222
-0.0173565173929214 -0.0154813779630099 0.0594579991330583 0.0472038764333036
-0.0293484643943979 -0.0322089602430708 0.191940255095119 -0.520335315781188
-0.0238996677216453 -0.0103749982419718 -0.528084290479131 -0.748560471162309
-0.0114640898244146 0.004176297844944 -1.00036749365584 0.118227643406794
0.02724160032743 0.00575027681993712 -0.260437857261443 0.777309688548011
0.0137834564756052 0.0140165209879556 0.361378096028575 0.433190915690277
-0.00481886321441663 -0.000986826498547661 0.390869393846824 -0.0241353347031842
-0.00103378532055191 -0.00349301786845748 0.123291967157588 -0.270987668014231
-0.0146256881287402 0.010952420415585 -0.149849869138384 0.199027564075828
-0.0167234426036626 0.0180171726025881 -0.322408270912552 0.014332444513855
-0.0105362505853842 0.0052134787730993 -0.350027545323861 -0.343202700296672
0.000455466773948716 -0.0249308368078868 0.127654965949421 -0.660288711453499
-0.00973969357259683 -0.0135283745167814 0.791748677195973 -0.232758629087175
-0.025415890840049 -0.012194191441388 0.622843428215392 0.534893727319673
-0.0245354164296447 -0.00314466833436016 -0.00490418381171103 0.55221101504037
-0.0259801836286327 -0.00586717788480351 0.0585180113074709 0.0396975013308061
-0.0350917685530387 -0.018938895841356 0.171034272769276 -0.530165562509661
-0.0182492289015305 -0.000128457301122868 -0.564741008793181 -0.72883935800279
0.00113615458640304 0.00186788139853281 -0.990586732269918 0.157725942872708
0.0307924034485745 -0.00637859410012187 -0.215049714979671 0.780484758797812
0.00695249343627161 0.00616118041000929 0.380775244795603 0.420082828101836
-0.0165246699208823 -0.00317339428155172 0.390016036109553 -0.0344397315846038
-0.00927099630826307 -0.00184454848696097 0.119582046658988 -0.272010478454233
-0.0210641477924665 0.0129768571272154 -0.151401834593136 0.196764831729427
-0.024356092782192 0.0159617090029113 -0.320616259210304 0.00596309223088581
-0.0157037175801325 -0.00309884647848007 -0.330896764589525 -0.355676097374448
0.00346279195649008 -0.0343660726607744 0.16719783244327 -0.659210140147721
0.00283649167278357 -0.0132742240400791 0.804435780763372 -0.201908040895365
-0.0169543536252911 -0.00150012136453288 0.595118944570282 0.56034429326558
-0.0272947290271579 0.00990356375991216 -0.0287878656222134 0.552501166338256
-0.032644389071011 0.00633993616773124 0.0531693728639171 0.0361764208106347
-0.0376931532108132 -0.00290788844960165 0.148385557936696 -0.536802761870843
-0.00832345815238468 0.0113945288707634 -0.600221536844087 -0.701822244109062
0.013597610355891 6.47035536083069E-05 -0.977731908658223 0.19940262092053
0.0312714840229578 -0.0177329779931292 -0.171690124287973 0.784386699616706
-0.000472364124788262 -0.00291160364995931 0.400488537727709 0.405823575961159
-0.0257116588778121 -0.00447139674831644 0.391265774505514 -0.0452642429084155
-0.0164115766053674 -6.41038500738302E-05 0.118139478789942 -0.274164589294337
-0.025868906079148 0.0153742601377507 -0.150745389325278 0.193801158370828
-0.0293581354334823 0.0140840118595745 -0.31617936417062 -0.00141523991744145
-0.0190606775003659 -0.0123748684651011 -0.31067828784291 -0.363686874743929
0.00610697413855199 -0.0413651895670859 0.202982557355179 -0.653127099291088
0.0156573113765152 -0.0104304765258092 0.816995714048412 -0.167658315994618
-0.00577828173061196 0.00958487981927948 0.568895907763211 0.587387322657161
-0.028785310074434 0.0224306062351743 -0.0498373562501295 0.557256026723945
-0.0370768399628211 0.0185927152543856 0.0465342953111988 0.0375938686552619
-0.0372809116135455 0.0120663347037159 0.127025624592852 -0.536750873015805
0.00332839823828155 0.0231565180209401 -0.631082610034679 -0.671957814064715
0.0241757661111467 -0.000393644321204075 -0.966294522918326 0.238773628586366
0.0280021230427078 -0.0267597317443057 -0.127380086086693 0.786861647184833
-0.00702725203302014 -0.0101259210182869 0.424316755574063 0.394068743137852
-0.0313343088462595 -0.00284421422171329 0.393822284521121 -0.0545946023818646
-0.0209693077879306 0.0048231641580777 0.117128179105074 -0.27619564330095
-0.0272538225068305 0.0174576054501775 -0.14899186674948 0.191400616853086
-0.0294848373573988 0.0132472553458809 -0.310698533836417 -0.00621118957307535
-0.0207773334731756 -0.0200988039678458 -0.29007667749262 -0.371031259486861
0.00785664006883026 -0.0449932938663739 0.232530965702897 -0.645311584240155
0.0262830861360685 -0.00540064697616419 0.825691942644934 -0.138109092996097
0.00544052123271493 0.0205989252529974 0.546531384377275 0.612228811634363
-0.0266115084450887 0.0339416749040984 -0.067778571912498 0.564677666425349
-0.0380524321031963 0.0290209604105346 0.0385887684018484 0.0416017359195289
-0.0333640353546101 0.0244384585851402 0.108411052752619 -0.530889833072671
0.0166537676231749 0.0307869268814417 -0.650924125485843 -0.643441093804169
0.0325023275214371 0.000792461274195607 -0.950708427714294 0.275034496743315
0.0236036199964982 -0.0302507430150448 -0.091667090528003 0.790585318173225
-0.011978884680288 -0.0164004725564974 0.442779741318905 0.383752447485106
-0.0328667110212846 -0.00271749890741272 0.39846103287762 -0.0605573599209984
-0.0222817202378567 0.00882297476941745 0.117245379801692 -0.277933868200377
-0.0260295875841826 0.0203228019514625 -0.144930140495467 0.189279200197842
-0.0256881944330129 0.0133270045411199 -0.304516082881182 -0.00627786907560186
-0.0200361003563504 -0.0235661322278399 -0.280276118123433 -0.370036652197591
0.00558973634960545 -0.0437806528791489 0.245140706397713 -0.640420382315781
0.0328728385583051 -0.000482557108723561 0.830020499323063 -0.126868423110673
0.0151591413519219 0.0282193635689646 0.540629516014116 0.625329635215196
-0.02258476705094 0.0427863165273966 -0.0765563280368735 0.573088155799737
-0.0371610676728951 0.0369529351942852 0.030503254486229 0.0515055503389476
-0.027661241728918 0.0334136407287696 0.0999768497194629 -0.519910463852709
0.028084995093723 0.0375278685620086 -0.656165810299546 -0.629910596556657
0.0384525229138342 0.00400490186568644 -0.945173612308791 0.286704313834988
0.0199177023931111 -0.0288067454218503 -0.0814040914322887 0.793716401339736
-0.0141242540311326 -0.0197407309460154 0.453559748067209 0.38325167752608
-0.0295369312154356 -0.00142798652020697 0.404712463747944 -0.0618404319763294
-0.0198530043395629 0.0109105323308793 0.120308677276507 -0.280864091742019
-0.0221975154957568 0.0224705400436734 -0.140621061470907 0.187815446224772
-0.018426966036709 0.0147973280889956 -0.298125430778211 -0.00426489889039918
-0.018434114252428 -0.0237697325184919 -0.272720048998422 -0.368144547093899
4.19585597726249E-05 -0.0388805113893847 0.243495172160252 -0.636610238620904
0.0329831264770583 0.00424193355780228 0.832474602835817 -0.12317579546532
0.0227133947437557 0.0310988012475349 0.544638228270905 0.63019548167989
-0.0161404653109312 0.0461617040999013 -0.0781365180436096 0.584691481640127
-0.0325304536542975 0.0400192669023206 0.0234159019889806 0.0624789924311166
-0.0199148214845506 0.0362032854401866 0.098080208709839 -0.507382383630877
0.0356120621157064 0.0390897860674492 -0.647940767364053 -0.623161384353225
0.0396451577888381 0.0104025695083533 -0.945143297435179 0.290679824246413
0.0163503926015327 -0.0228662864036426 -0.0796977123259525 0.797698109047758
-0.0116806417405715 -0.02077080243499 0.45916432432271 0.385230405270411
-0.0219326214437177 -0.00113801416815797 0.410953602305817 -0.0592425224646333
-0.0145578292956476 0.012993487917105 0.124124914227124 -0.282316825814973
0.000907721720743947 0.0101519490320552 -0.137465823250484 0.202979990973657
0.00485472895223931 0.0202305840101203 -0.312930675797157 0.0377121061606752
0.00241009876230731 0.0186493591071767 -0.375931451348451 -0.308775480715702
-0.00680976011312544 -0.00198232654231778 0.0505565340405843 -0.646311935751296
-0.0266427323952048 -0.00635061281805724 0.754475466295391 -0.291420861916291
-0.0331578026991727 -0.0253124466006144 0.673171390437347 0.471568909840836
-0.0132223704070838 -0.0204749515701988 0.0405558916166422 0.552853497458399
-0.00895703874121042 -0.0211347122693951 0.057936012443584 0.056401286365784
-0.0213831092636627 -0.0389592862173341 0.193243435365272 -0.503945757573949
-0.0261007467164564 -0.0185144848716745 -0.502701259051668 -0.742811669463886
-0.0225614167358863 0.00789153254402848 -0.991304190508238 0.107120600357965
0.0205719680558145 0.0175452576037009 -0.275147061899216 0.769689272461
0.0188817447035893 0.0209499580323646 0.35181833219114 0.43449331239863
0.00677286111098797 0.000548986913212244 0.388942019830244 -0.0214851564009581
0.00916457707222111 -0.00425583028056704 0.122414310273047 -0.269522708754667
-0.00611982838193792 0.0096478056940008 -0.141324985181278 0.202785702782366
-0.00507037382888769 0.0195279716828634 -0.315570670361649 0.0302417846682774
-0.00394881712826896 0.0125585145569092 -0.367303496741514 -0.319992453724828
-0.00385471156289978 -0.0134503123715962 0.0789059808541161 -0.652340354760841
-0.0196713296396585 -0.010042573088473 0.766880069081267 -0.269750671000069
-0.0316185379886122 -0.0191252988996912 0.650549537823473 0.492080860956683
-0.019893183013932 -0.0132322375417866 0.0238689465255004 0.547938619132715
-0.0169893671543687 -0.0147784054025877 0.0599908545329431 0.0467519165618587
-0.0286550234778169 -0.0299898648185279 0.181739974175382 -0.517066006410892
-0.0246048231958086 -0.0105236272933289 -0.533996474469216 -0.731331174808292
-0.010980135844222 0.00467713594620019 -0.986665277940462 0.135545877767666
0.026783785472565 0.00548968982074871 -0.242996104274182 0.775607711262292
0.0134789188250836 0.0137081599490928 0.364436035891455 0.42231814992017
-0.00498495545557011 -0.00118018680731139 0.386062531362175 -0.0310470636768283
0.000389720533105228 -0.00319063838973147 0.117095600253235 -0.269947884554819
-0.0144759330883053 0.0115833885614425 -0.144700403422995 0.200847110144532
-0.0148378844701663 0.0177930366966881 -0.317073507340122 0.0218178414343565
-0.0103978355409588 0.00536796791048392 -0.352987788100812 -0.332469110059774
0.000213147357677659 -0.0241546936123018 0.116802941308773 -0.654676035063664
-0.00959455660512417 -0.0129251500539738 0.778636200576988 -0.244293631560494
-0.0257553363319746 -0.011971092588148 0.624354268431698 0.515829635418769
-0.0240930837690069 -0.00240204023324853 0.00291336163827234 0.54583267023745
-0.0249979032196516 -0.00489169530920438 0.0577565480182367 0.0393325300277292
-0.0350933281582052 -0.0179643990300858 0.161327640916108 -0.526904868922266
-0.0175804780574501 -0.000166828461354625 -0.568919964919166 -0.708681985034452
0.000751045471464126 0.0016908624571701 -0.976719033895176 0.171241737190853
0.0303401446702889 -0.00715857918669077 -0.199408559934793 0.777110363620712
0.00675118624751641 0.00541199403122941 0.383942172124284 0.408375272180472
-0.0161017353382144 -0.00282222606162754 0.384400550983746 -0.0421878564679212
-0.00866813006152162 -0.00136610316085916 0.113202112914724 -0.272118613959784
-0.0203495588528447 0.0132801251916722 -0.146238624415595 0.198741878606042
-0.0240113645010103 0.0161525900479346 -0.315284288705971 0.0131092870362094
-0.0158137355290942 -0.00372570219743048 -0.334089829149219 -0.346414957243563
0.00288095687493027 -0.0342213093716043 0.153687320591191 -0.653628025255524
0.00302353615918077 -0.0131577403367611 0.79266669250865 -0.214151430875596
-0.0166009703400355 -0.00106359536020609 0.596384691257741 0.543564900729085
-0.0269369452724013 0.0105982194071564 -0.0202564487911278 0.546393797032479
-0.0316470399416369 0.0068086810566763 0.0535318642185879 0.035751147223703
-0.037633626855447 -0.00284717664535038 0.139534703238405 -0.531068976417664
-0.00862314633769047 0.0122475590788624 -0.602295775668415 -0.683468516659848
0.0135691063138955 -0.000274252630531144 -0.9623400721195 0.214126449398742
0.0308921747769347 -0.0184699571549774 -0.156006451069253 0.778629277552212
5.84579968874875E-05 -0.00298079187161861 0.403252416054807 0.394131662995415
-0.025669463646987 -0.00276903154405592 0.38558959716338 -0.0521068554736474
-0.0155137753541728 0.00172177354887453 0.111649442094422 -0.273689155267007
-0.0246367302109433 0.0155712590712558 -0.145855849804222 0.195587415395969
-0.0281162459639902 0.0142479196204375 -0.312334306011537 0.00503960330932984
-0.0190559680438867 -0.0118735050282101 -0.312810302722883 -0.35432156656625
0.00562880208149731 -0.0407982041694096 0.187056805865061 -0.648370973934037
0.0158776883423001 -0.0107296567758971 0.804042674977728 -0.180900194055778
-0.00553122007279718 0.00949854569031175 0.569747101167136 0.570665921117683
-0.0281387298203218 0.0228708338119961 -0.0401892331331451 0.549842225534515
-0.0361744621023776 0.0188804234771776 0.0459160490682074 0.0369041965002296
-0.0365210921641231 0.0129537073614426 0.117976502491471 -0.532139160039812
0.00415632788125732 0.0228981613745963 -0.632294198298372 -0.655361056777464
0.0246134505054851 -0.000818417789141543 -0.946640333723664 0.253380312353499
0.0274011036245771 -0.0271079536416709 -0.112245533286299 0.77932582409305
-0.00783682296756021 -0.0105468112275787 0.424655078735432 0.380757926462524
-0.0314311603449575 -0.00191820820312129 0.3897348357767 -0.0602368397876198
-0.0205512540700062 0.00493164484165487 0.110835268421314 -0.27565251842073
-0.0262124866464922 0.0179681500688093 -0.143805641788842 0.192904836609761
-0.0288731398131351 0.0137811813785 -0.306566753875806 0.000278927282963091
-0.0211707046302753 -0.0185237104953535 -0.292324140265605 -0.361712576657068
0.006455928919843 -0.0429219640502858 0.219067101151515 -0.642956844134913
0.026247144222183 -0.00581676136299453 0.811006917086837 -0.152039806824665
0.00493827971315437 0.0199565340710983 0.550732954275795 0.593113164911994
-0.0258521082517226 0.033408837861425 -0.0579413637214594 0.556021004963118
-0.0372137848615308 0.0288331238241557 0.0393737523981317 0.0417241463035763
-0.0329878379587614 0.0249269030814315 0.0992549301691227 -0.526029355422815
0.016028964371184 0.0299833045294038 -0.654756815039049 -0.626167194047927
0.0327085170690653 -3.88924154901176E-05 -0.933796304288025 0.28851415050926
0.022809599413112 -0.0305237932586595 -0.0777544655392067 0.781482141873098
-0.0122075237060678 -0.0158070130674693 0.443906157624821 0.371074148030813
-0.0325969405336863 -0.00116587178083643 0.39376971757249 -0.0669127300620179
-0.021956426406664 0.00850033916996565 0.11182542218966 -0.277897944437144
-0.0252321866961898 0.0206805420143619 -0.139984572094759 0.190615269456426
-0.024935717674286 0.0129136694719651 -0.300180449083296 -0.000252875065147238
-0.0204392422093003 -0.0229674064410127 -0.282580414701376 -0.362151727179196
0.00445762622525811 -0.0427615212067765 0.231255430633935 -0.637969819208178
0.0318647330622084 -0.000848146193466862 0.817197669662983 -0.139064243502114
0.0152881909887001 0.0272225575455589 0.544122997045823 0.606516048970179
-0.0217787601779891 0.0419945436092862 -0.0667645019596907 0.566982943361288
-0.0362002977966554 0.0378147851536062 0.0301551735234204 0.0507557990697707
-0.0270394373622452 0.0332587972826068 0.0907885945291584 -0.516382147760038
0.0279217204313853 0.0361774595100694 -0.658424606916544 -0.612182999122034
0.0379117410555256 0.00426357558600465 -0.928962338488679 0.301185064557772
0.0180767879917356 -0.0292690831923321 -0.0659434662359776 0.785760597080428
-0.0136950505020292 -0.0196383415333887 0.454236862032796 0.370657002004421
-0.0292695623899742 -0.000109101608807225 0.400375931878311 -0.0691094063250884
-0.0197437187863866 0.0112872302085914 0.11441932330568 -0.279294410769121
-0.0212746238321085 0.0231291334150622 -0.135188949962619 0.189482579237918
-0.0173670913223706 0.0142256808431448 -0.293850051556835 0.000607729959698047
-0.0187257307626697 -0.0235062418168828 -0.276098344018564 -0.359314274421164
-0.000571221189937082 -0.0376618854901961 0.228859184370678 -0.633223329960449
0.0330182134230184 0.00331471987555239 0.819225475059605 -0.135048974033502
0.0224224289618568 0.030156639286319 0.549748989559706 0.61244217019832
-0.015574991649067 0.045428838504341 -0.0677702956392166 0.577523740217427
-0.0312754566570822 0.0406389055832816 0.0237166159379529 0.0621492667410896
-0.0190813762879159 0.0365184237411694 0.0902273850090656 -0.501616695600135
0.0353016038368628 0.0378449466638519 -0.652085837857797 -0.603248482826839
0.0397377965137642 0.00927910146641237 -0.927772808305328 0.304799927503096
0.0149228438605897 -0.0220104480214343 -0.0648996827622998 0.790174786454311
-0.0116084077831355 -0.0202118365054837 0.460161416402424 0.373260736127141
-0.0220200696854266 -0.000405795522278013 0.406443415420264 -0.0667336607445941
-0.0140948483962224 0.0128065919876392 0.118606671251802 -0.281601655315819
0.00127495346535454 0.00993227857296772 -0.132814946637406 0.203492344197071
0.00537480123956684 0.0199458401123969 -0.307375860853646 0.0426095873428948
0.00361112559641143 0.0181348143487378 -0.375615286686606 -0.29977087957353
-0.00693638816478316 -0.00205459681382562 0.0404904538584176 -0.640259177691035
-0.0257363047006072 -0.00589062906510242 0.738394690534872 -0.298979892668808
-0.0335160700203598 -0.0249283026782852 0.670835530013356 0.456024969393843
-0.0137199089201838 -0.0204494538725657 0.0453473998149622 0.544283234974861
-0.00905234868289252 -0.0209732444854183 0.0580199352082979 0.0560139571590654
-0.0218740162167791 -0.0377046056620173 0.185093053271552 -0.499045131829437
-0.0258870533236125 -0.0188104738400433 -0.505678545902783 -0.726350248897999
-0.0217160233612591 0.00841989036732215 -0.974213278728188 0.119055665485981
0.0211927629765275 0.0173076192645488 -0.258110148951919 0.76644937028463
0.0190574505623226 0.02034483720739 0.352208795758208 0.423827171239836
0.00711748534565407 0.0012436991511375 0.383334692929285 -0.0283410139613314
0.00916518150483713 -0.00401268766100814 0.11624710909267 -0.268733108675156
-0.00574802465907145 0.00974799074346013 -0.137032655289299 0.204078523648368
-0.00468295903866557 0.0186358482161224 -0.311090963175898 0.0354196289287752
-0.00255938884046011 0.0128446328636909 -0.365874910872088 -0.310705396335356
-0.0039811449816123 -0.0121432436441795 0.0689330518605521 -0.643929848660303
-0.0189388342658557 -0.0102974301789656 0.751547438547154 -0.277994712883628
-0.0317674107280465 -0.0198445489892578 0.649345600464697 0.475551537404636
-0.0196551936387485 -0.0121337689629228 0.0296691677954455 0.53979701044897
-0.0168739771597674 -0.0142500120224098 0.0596311632593602 0.0461469110407748
-0.0292970006253733 -0.0302122113449254 0.171967527465874 -0.511815048574077
-0.0251678033914447 -0.010103545499408 -0.535500830914111 -0.715082553939063
-0.0113900599664318 0.00524847299349381 -0.972233827858189 0.146211276893221
0.0262231368896208 0.00503224013354651 -0.229390569169746 0.768639130698736
0.0129853922318624 0.0139503185684044 0.365621606010497 0.411971321053073
-0.00485919808287243 -0.00128405885739615 0.379781793998897 -0.0371888964448027
0.000297989820650172 -0.00352155231347686 0.111777938468396 -0.26945076695401
-0.0136203039569828 0.0119117880566514 -0.139443493261228 0.201728874127643
-0.0149088029585304 0.0181104151318606 -0.312938359788036 0.0265060122769504
-0.00977150603087495 0.00546620216959567 -0.351456824022631 -0.324117237062721
-0.000704533611856939 -0.0237327668946894 0.104675888512768 -0.647431015707076
-0.00907617742511739 -0.0127741317253299 0.764984478208286 -0.253413849714867
-0.0254369839433763 -0.0109739009463069 0.621155927671143 0.497208613673798
-0.0239210603535276 -0.00248829879475542 0.0113051088320403 0.537605919794605
-0.0245457564063979 -0.00392818845379226 0.0582626180155762 0.0379024671550005
-0.0349957889347418 -0.0165589371945266 0.153472520613894 -0.521178066220254
-0.0193455606305021 0.000407032291883158 -0.570016227224821 -0.692897738243982
0.00107641600508762 0.00217039514751434 -0.961804163417373 0.185156200148864
0.0302386113124446 -0.00794116834270899 -0.185983041936974 0.769465861076716
0.00687359124294861 0.00539444285433181 0.384709825128726 0.397679074608873
-0.0163711679569559 -0.0015971282704563 0.379568649997702 -0.0467450513938501
-0.00808031848037542 -0.00143227759372788 0.10812990308212 -0.271025637784757
-0.0199072858619733 0.012509815163064 -0.141595020111082 0.20014728690962
-0.0225374763995971 0.01658727222109 -0.312395620993668 0.0181831492600013
-0.015455149759497 -0.00297624315485281 -0.333557737020637 -0.335902135490158
0.00196698502593325 -0.0329730975178915 0.141814522345773 -0.64747541629365
0.00342152629703991 -0.0128518985384585 0.777479119097919 -0.222355785181542
-0.0163033843664856 -0.00141885415801554 0.593863176648779 0.527211542188315
-0.0262062419332456 0.00986445383058196 -0.0119325747956817 0.538798301373358
-0.0308714662180372 0.00755867667395201 0.0530795244265497 0.0351591557076133
-0.0370151279878195 -0.00223092158320294 0.130657582253599 -0.526017708537307
-0.00812194488906185 0.0116040510070957 -0.604436709939757 -0.667121623443055
0.0130680436767075 -4.78019358230121E-05 -0.947054103893352 0.224912597479902
0.0298274498305948 -0.0199081551549017 -0.144200586591761 0.772669251767023
-0.000490060416776512 -0.00251329533246807 0.403620109924814 0.383360984839572
-0.0253145236217772 -0.00219555181384126 0.37999714551026 -0.0572452224929169
-0.0158657702402935 0.00204562204660833 0.105560637398722 -0.272094583177399
-0.0235136921466399 0.0160709755146349 -0.142051889348062 0.19661280862846
-0.0274175412814548 0.0141620954895629 -0.307399853886688 0.0109624160398579
-0.0189971850181611 -0.0118622381955342 -0.313813046406636 -0.345570915000906
0.00469619529384586 -0.040237228523651 0.175321893325706 -0.644730239344512
0.0151186163007964 -0.0101749411752302 0.790377304544233 -0.191056556292659
-0.00515969934992943 0.00972260816486385 0.569273251147813 0.553566510027805
-0.0270311883847107 0.0221806051522576 -0.0325929517414935 0.54283025440478
-0.0349260597817236 0.0195507097655347 0.046466886532824 0.0363313548548059
-0.0359779770887129 0.0132246205293516 0.109928839197528 -0.525195263301234
0.00371990485638124 0.0212612924555672 -0.632451896830553 -0.637787973646904
0.024035954231525 -0.00105471373170871 -0.930884100168964 0.263597131614606
0.0264847551752514 -0.0270007601733236 -0.0994710976530362 0.773450317600824
-0.00790487336415627 -0.0103065413917776 0.425422130237309 0.371557451798574
-0.0315723760095009 -0.00100553699328496 0.382714429997012 -0.0664164344476419
-0.019112650446978 0.00523625142607774 0.106199667650524 -0.273995275682195
-0.0253271789751512 0.0185378400190708 -0.13944823655586 0.193356302644709
-0.027241115116958 0.013400967979192 -0.30167069778152 0.00596385793274548
-0.0208034058608259 -0.0187339460587718 -0.293690545978456 -0.35251750205672
0.0054121949988755 -0.0432779411501365 0.205157342805291 -0.638613735543759
0.0258070667584042 -0.00650756217629144 0.799126889524962 -0.161814410594603
0.00527618885187466 0.0194887316511264 0.549519864802206 0.577433655476906
-0.02516779405732 0.033010127877013 -0.0498568165021416 0.549268150692862
-0.0359738247467511 0.0300559778647067 0.0389097170624247 0.0407199716139342
-0.0321702470945587 0.0250978561048653 0.0908385458516099 -0.519249975298434
0.0157153123089033 0.0293358277763573 -0.654815371806611 -0.608799329785062
0.0322471359895661 -8.17205872886565E-05 -0.917289808564003 0.296950060457243
0.0220405035846124 -0.0307304645009361 -0.0645334390507096 0.772663218928921
-0.0120948175301626 -0.0151279701871728 0.442900267512384 0.360266137944908
-0.0323297567448887 -0.000494689270786435 0.386883699896297 -0.0734480552708692
-0.0205790008382803 0.00882298226082415 0.105755691504475 -0.276564800455985
-0.0245756893227455 0.0206279059092673 -0.136098138608179 0.191623572919504
-0.0237733449822694 0.0132387991121037 -0.295387271248984 0.00514927796270349
-0.0204323023463678 -0.0221418765030976 -0.283525502411415 -0.353080537173015
0.00385841127456937 -0.0422552443980475 0.21775636486164 -0.631193040567925
0.032303755477141 -0.00135449274167012 0.803703995639234 -0.149387916829914
0.0154187548759462 0.0271836464734287 0.544476622853333 0.590698920848336
-0.021580221975901 0.0413030186381583 -0.0577724644025745 0.560623646829138
-0.0345228540512116 0.0373020979730608 0.0308797043161001 0.0498560617950178
-0.0259063810336789 0.0334533858291987 0.0839347717240933 -0.508329511096902
0.0271523280365748 0.0346557228095399 -0.655609733832395 -0.594261266586701
0.0371295668470807 0.00353679618565848 -0.913886145590217 0.309535731663573
0.0180163910643827 -0.0289453134581713 -0.0533189311695273 0.777650477047562
-0.0138648749860641 -0.0185031670170393 0.453911814802139 0.357782196733175
-0.0293144965166742 0.000322291615635847 0.393205782255976 -0.0749189945467815
-0.0186937181382977 0.0117396271226488 0.109235058265419 -0.278794431116291
-0.0202726009786564 0.0233452359304937 -0.131473113941916 0.190293137067888
-0.0170711936376615 0.0137347862300727 -0.290051896637065 0.00690701192797268
-0.0186623881333335 -0.0225612882377669 -0.277643230643599 -0.350527180959546
-0.00124694741917947 -0.0365906975587248 0.216625898542463 -0.627445739247477
0.0326748908024373 0.0027653813240637 0.804780545996962 -0.143487230867996
0.0220916068322746 0.0296679596991483 0.549656601317292 0.595104343669132
-0.0149004391164639 0.0449872870194962 -0.0592644647286926 0.569844253676123
-0.0293369337240673 0.0402526189044644 0.0255317244043801 0.0612606323915548
-0.0188919725603749 0.036629613925159 0.0816648000925405 -0.495329626273545
0.0358599029992467 0.0351444404348799 -0.649932663823636 -0.588332984171342
0.0392187969288795 0.00833545205979548 -0.907821791888188 0.313262481758338
0.0141342588684683 -0.0232031273682565 -0.0524851803019461 0.779917735535347
-0.0115934298324125 -0.0196975557901717 0.458873503492531 0.362445063062286
-0.021970780866084 0.000217666660148985 0.3994354141 -0.0726531500355428
-0.0134943161233775 0.0136120179444872 0.112735057058625 -0.280002296230324
0.00157586700168253 0.00903121454862454 -0.12886376419533 0.203732092030667
0.00615024092107199 0.0196164347346644 -0.302075977023796 0.0464507996796583
0.00348073786105777 0.0174912645992055 -0.373543588413961 -0.290889063076381
-0.00645218728347873 -0.00171213093657585 0.0316080895308193 -0.630949254319324
-0.0250159434612019 -0.00554134312341059 0.724491926462436 -0.303833072869735
-0.0333847181329184 -0.0243478433180728 0.666203091842606 0.441875371715985
-0.0135208453111356 -0.0200525661325269 0.0507604931179982 0.536347357658523
-0.00879557769840063 -0.0197508509942989 0.0582135255117383 0.0550259142976766
-0.0215660457469189 -0.0365960192545144 0.176859010405247 -0.493250924222907
-0.025971824347765 -0.0182689823089831 -0.505741627623038 -0.712705910997773
-0.0211655955391251 0.00882703265680535 -0.960635134013719 0.128144960503019
0.0206663186031804 0.0158554901553784 -0.249031464158653 0.759685581768967
0.0196664997301285 0.0201640206502345 0.352586076244943 0.41374095223203
0.00726205895790827 0.000955261218166347 0.378122407317785 -0.0324351024186707
0.00917776717527836 -0.00432748402239147 0.112094659249799 -0.266810691050161
-0.00509042218934403 0.00971154132429969 -0.132228909833977 0.204270133037812
-0.004321917961059 0.0184940567967924 -0.30627857181792 0.0402970051986563
-0.00306621530425472 0.0123918736201721 -0.363483108460962 -0.301985470119901
-0.00387813038037155 -0.0119436833081359 0.0586575246958863 -0.637157509452663
-0.0191404759226997 -0.0100197834165656 0.737926014788676 -0.281478197532333
-0.0308594825358047 -0.0180035217628401 0.644723077667056 0.46056034377532
-0.0193855458501731 -0.0123956487371756 0.0359258248167388 0.531485556591072
-0.0168042300497508 -0.0136833822122978 0.0591250914755829 0.043969040694952
-0.0290080806040888 -0.0282599187453029 0.165563915839862 -0.507163852163062
-0.0245158373060805 -0.0104477730481311 -0.534701536006697 -0.697795112433368
-0.0107683088380065 0.00498791514564861 -0.954468959654664 0.155946924759775
0.0262738323536187 0.00418715685324529 -0.2174223049134 0.761449826355653
0.0137913804405045 0.0132911792654937 0.364383683106897 0.402138234130319
-0.00471472401967852 -0.000697883114247453 0.375317180768129 -0.0421896274715629
0.000439113535630345 -0.00314616803630135 0.106906486270766 -0.267191294922017
-0.0122636629636699 0.0114259014178987 -0.136101200843477 0.201666442846718
-0.0146380290304419 0.0179283778412007 -0.307230079618637 0.0308398556189456
-0.0100275207302663 0.00511662552469839 -0.350463868092012 -0.316174888020721
-0.000690708787340603 -0.022903291884021 0.0958205209405275 -0.641217445048682
-0.00931397840243081 -0.0124237985377992 0.749551535788155 -0.258098656356009
-0.025063513979851 -0.0103766472045335 0.61815803836539 0.484847183570168
-0.0233421776460381 -0.0024905896456819 0.015757275532564 0.527688028064149
-0.0241841337058463 -0.00404882698017823 0.0564921552800173 0.0375466276630022
-0.0345970842081768 -0.0162897572977424 0.146307627232929 -0.514174215031045
-0.0182525908233118 8.06119318905209E-05 -0.569375058228936 -0.678355837301713
0.00133409133562804 0.00131641662896583 -0.944874116616352 0.192832614159463
0.0293099023102828 -0.00860637562341368 -0.175165958324402 0.760831564653801
0.006521135066884 0.00471730834716671 0.38318287273679 0.389026620346323
-0.0162100221579925 -0.00192863407140313 0.373484777742257 -0.0514771190300974
-0.00865215881236966 -0.000968451622355792 0.103937017115346 -0.268887381726321
-0.0180426057433672 0.0133916346104827 -0.138020378389568 0.200575749529341
-0.0220151516311498 0.0154033790032897 -0.305913421279957 0.0232145640246667
-0.0150341952698349 -0.00296503163904141 -0.332247049639181 -0.328363557507045
0.00207824175081968 -0.0325283965601824 0.130422429686242 -0.640074305660061
0.0032206541304456 -0.0127445016702242 0.76340013872712 -0.22971681685164
-0.0159834533654701 -0.000665815004348034 0.593322552143821 0.511895915273992
-0.0266789743343794 0.00947177083380495 -0.00600906807663702 0.530379293467029
-0.0307216564568447 0.00825427828745398 0.0531655040990004 0.034221687878173
-0.0367589349667885 -0.00186048457070681 0.124081896372782 -0.52048595093428
-0.00851700674254447 0.0104486872568814 -0.603137883422574 -0.6507255903416
0.0137555193508654 -0.000392290743805061 -0.930531705600246 0.231802257958656
0.0289286026952952 -0.0194197833914849 -0.131894247824634 0.763229540125368
-0.000974656090753956 -0.00285942531108334 0.402140677807202 0.372962186428163
-0.0245751590454128 -0.00152706073295425 0.374865566475706 -0.0615153185662249
-0.0153943644502754 0.00205120118563051 0.102459938113534 -0.270648707418794
-0.0230587252688146 0.015721927209926 -0.13725664288836 0.196182000980279
-0.0266673466222845 0.0145719268448718 -0.302437083560335 0.0159921367259025
-0.018886048321944 -0.0117086266339368 -0.312911450326777 -0.337529106381557
0.00461483187170376 -0.0386803420445332 0.165118909847665 -0.635998022737806
0.0152691516584019 -0.0106646531643326 0.775936636325775 -0.197986590218115
-0.00525234305766977 0.00968665163272518 0.56686432572594 0.538981636272741
-0.0268337910538235 0.0221810308260933 -0.0266861339125786 0.53485087730418
-0.0340708566379727 0.0196101233681444 0.0463270956762769 0.0358920284322622
-0.0355618133592386 0.0129255888795761 0.103753012532713 -0.518353597869181
0.00349432478903653 0.0212239805244076 -0.630494581794884 -0.621204871341053
0.02393224078766 -0.00164135149776599 -0.915877716086858 0.269493731595159
0.0258781321277787 -0.0274909558996415 -0.0897504476349216 0.76179112547083
-0.00740962203639473 -0.00998647916553375 0.422841263529064 0.361138880122495
-0.030467811079147 -0.000153050283429688 0.377005386661789 -0.0694019600793736
-0.0191910331321159 0.00588494248323005 0.101970606813814 -0.272469861495593
-0.0245226321344149 0.0182294907380084 -0.135538143009861 0.193800327704937
-0.0262578875334662 0.0128609389390597 -0.297425619139513 0.00941049281452275
-0.0207959441469582 -0.0182015468242951 -0.293498385124406 -0.34522426573293
0.00506270559222445 -0.0426577197793885 0.194825466349343 -0.631961614525446
0.0253136061697487 -0.00644369913815762 0.786429955407981 -0.169486941795091
0.00534026044053214 0.0191718042991155 0.548773730550441 0.561272109852984
-0.0249958077666493 0.0333015981335834 -0.0432904159621693 0.541520293969723
-0.0350009379670064 0.0287410182773153 0.0384386629031564 0.0398385783752562
-0.0317274864810016 0.0254859856366472 0.0851638650638039 -0.512366930670517
0.0156099506726392 0.0280533644429831 -0.650503882052163 -0.593916661036393
0.03121519890096 -0.000114800640735497 -0.900009056993132 0.302204020684365
0.0216865780954076 -0.0303937876983501 -0.0551556187142948 0.76456057775988
-0.0123089907813448 -0.0152290806487133 0.441248677577806 0.349515212992609
-0.0317761326180758 0.000530642522274659 0.381026254698516 -0.0768156145119715
-0.0202739221545113 0.00956955380194 0.102085383353643 -0.275522488718135
-0.0232861842977091 0.0201242127280031 -0.131761052155883 0.191697305164184
-0.0228120163907916 0.0129820824031178 -0.290222017130871 0.00918383460787755
-0.0205488511922963 -0.0216762863073111 -0.282834460534208 -0.344828284993763
0.00305986541230473 -0.0411482510981268 0.206841248775446 -0.626346555856404
0.0311699378129613 -0.0018741791659506 0.791958486588492 -0.155644722500308
0.0159343618310234 0.0267793563690464 0.543631726152179 0.575320517360048
-0.0204671736297202 0.0411748532636469 -0.0508127949222261 0.552310037160774
-0.0333528656483435 0.0366580120537276 0.0312048384403816 0.0495487321725188
-0.0249116807945062 0.0341084491219293 0.0792595794450407 -0.501030931809191
0.0277394119810606 0.0332640967778217 -0.653330882940757 -0.5809752444802
0.0370398800482974 0.00258528231689697 -0.895571122827411 0.316022367483239
0.016966219362882 -0.0288435766295297 -0.0447785836281586 0.766695608070065
-0.0135651874868012 -0.0185697100579273 0.453379009074292 0.348712747755025
-0.0281344016736721 0.00131517531837858 0.387787173584007 -0.078393509927045
-0.0179794810594183 0.0120383228767867 0.10404550643111 -0.276072171146659
-0.0190002608841466 0.0232075241015908 -0.126865891086497 0.190003474932551
-0.0161848150488694 0.0142797037866129 -0.285191460908841 0.0116332663703879
-0.0181645826615914 -0.0220014891900541 -0.277328209187376 -0.342785385036894
-0.00126545931449926 -0.0367151883350357 0.205755977820121 -0.621778344612575
0.0328755753160884 0.00238540029893818 0.793369554920811 -0.153138466612361
0.022702312240259 0.0288110608307941 0.547210486960773 0.579909930199348
-0.014198472806708 0.0438583244856064 -0.0525474028856425 0.561036824130117
-0.0283944318800994 0.0399494656477401 0.0251485430448034 0.0600396518901209
-0.0171398271651574 0.0364846720357127 0.0772027681298183 -0.488151383563422
0.0339850022351322 0.0340858645718722 -0.64573652980679 -0.572458314634759
0.0391158127352022 0.00800735432013416 -0.892013039475924 0.319398375616306
0.0141676032146951 -0.0230235894620579 -0.0432539159367745 0.771136951319205
-0.0114095971652394 -0.0191156576826677 0.455779452509266 0.351159134328286
-0.0207761801924022 0.00108269967774552 0.393318060530976 -0.0768804144402974
-0.0122276946619692 0.0129924528732895 0.108737416935579 -0.277083737830495
0.00264260706088256 0.00899118186936872 -0.124933055378059 0.202765645496747
0.00647623302572221 0.0190214720043584 -0.297588915762489 0.0500493181446709
0.00414801860495324 0.0175794901518254 -0.36881068580018 -0.284554190166221
-0.00638792956041745 -0.000455087533490733 0.0262011106962526 -0.623373221626907
-0.0249853422349119 -0.00599988896467129 0.709728673010774 -0.306456088475851
-0.0334657736429322 -0.0227809507056524 0.657922768545014 0.430305403946783
-0.0137801296552995 -0.0200482757116463 0.0537646484846451 0.526444787781576
-0.00811869080194129 -0.0199764388071823 0.0572208226566344 0.0534268466008687
-0.0223722690433761 -0.0357303442280517 0.171610390973336 -0.487505083917954
-0.026083173888272 -0.0180280188408581 -0.502217944162479 -0.697346969326554
-0.020733534590959 0.00845604702089535 -0.945450778769649 0.134336486062574
0.0211372429667314 0.0160954513816338 -0.239076737553143 0.751319256526008
0.0193121876202983 0.019206672223656 0.351251412110957 0.404434446717317
0.00706010563745555 0.00195721506510335 0.37324576797911 -0.0354793702529717
0.00950170932895459 -0.00399188690623463 0.108576728970924 -0.264365517644987
-0.0042115691143923 0.0091860229982069 -0.128403367574468 0.203566065829712
-0.00373581258148104 0.0183018408283594 -0.300684870611953 0.042751177675312
-0.00251869218451803 0.0123090536459249 -0.361026842594578 -0.294862092905092
-0.00374612886754788 -0.0111004941295727 0.0528878745057119 -0.627072771690972
-0.018634412329239 -0.00958924496332102 0.723207631569711 -0.28316142854941
-0.0309759936543948 -0.0176619234118734 0.637023647715959 0.447170180212653
-0.0190289950904269 -0.0126565690409528 0.0391541576182405 0.521811089819437
-0.0154487044885922 -0.0122208473256466 0.0589097537043849 0.0433737397240818
-0.0293189450736718 -0.0277464216722076 0.15901213486233 -0.499514157777459
-0.0245252159808726 -0.0106991697505259 -0.531612800169208 -0.68439692476901
-0.0107228225132256 0.00477323227663412 -0.939174032784571 0.1618460390324
0.0255828465738909 0.00324335839221633 -0.208801086599365 0.752437146418988
0.0131854068304976 0.012511878267208 0.364018238333122 0.391863164543387
-0.00445268797550217 -0.000460999101621748 0.368882490634932 -0.0451162574570047
0.00164623280597051 -0.00293622684383858 0.103054692605445 -0.264566859490907
-0.0121103741760873 0.0115112762274357 -0.132031152300791 0.201647257964525
-0.0135777535800426 0.0172001393737263 -0.301895846896465 0.0351133096820313
-0.00893623874444292 0.0054671529046456 -0.349093667293881 -0.307715617005439
-0.000634722212461704 -0.0223326652140235 0.087104982244578 -0.630727909740679
-0.00951110652386298 -0.0128553566600114 0.736592733104341 -0.260814453870324
-0.0249398030632964 -0.0104878526481544 0.612025000548 0.472582852338133
-0.0239950064826971 -0.00225608868557212 0.0193104411105421 0.520586191803974
-0.0227643087400344 -0.00351924023648037 0.0570747587390905 0.0366335844401832
-0.0335773331610684 -0.0147638930129622 0.140817596851713 -0.508650105615454
-0.0185732336836439 -0.000280199465530696 -0.564664932418655 -0.664241128623943
0.00129852421271666 0.00176070816830245 -0.929268596325286 0.196447967874824
0.0286372140887585 -0.00842554122143248 -0.164592521796855 0.74923958962224
0.00638796983973311 0.00454854186446653 0.381273190127588 0.37874232577752
-0.0154272474400475 -0.00119756722062573 0.368474360443955 -0.0546376511785376
-0.00715440118926524 -0.00122621270233498 0.100727185759229 -0.265649447749253
-0.0178955586768563 0.0130908407547978 -0.133768319406288 0.199747055086697
-0.0215156999738308 0.0157705548266167 -0.300662344123458 0.0265123329461142
-0.0150175064287384 -0.00253317871720354 -0.330522880289345 -0.318977442997056
0.00166602151544338 -0.0318129753300032 0.122847328984741 -0.631791527660813
0.00325620072135614 -0.0129194887323561 0.749356008659473 -0.232294051612257
-0.0159925399015042 -0.000883609020187626 0.586942496992162 0.499276298724555
-0.0259261664330068 0.0102864301139396 -0.00169926505117283 0.523411199238343
-0.0292201557749551 0.00857417501665468 0.0521490858316291 0.03424833349906
-0.0360349608751769 -0.000767972729125519 0.119160243968785 -0.511721845881998
-0.00890921880216385 0.00987462383252796 -0.597185819123194 -0.634982601936248
0.0130209578445145 -1.18203121795349E-05 -0.913526058144766 0.236129773896788
0.0287087237753896 -0.0195931548890665 -0.124167030171866 0.752919421717313
-0.00023591843979377 -0.00276757113098842 0.399274119532801 0.364827242545958
-0.0247642809708026 -0.000770415904729415 0.369181040301442 -0.0653710166593447
-0.014767614985817 0.00272871673269877 0.0986712957829128 -0.268474384226521
-0.0226090519569688 0.0156983952187315 -0.133750294208343 0.195596310694123
-0.025870342680709 0.014639585347059 -0.297229783633859 0.0187751255227571
-0.0184692634696503 -0.0110442380980478 -0.310462557972777 -0.329498896115424
0.00417514149912184 -0.038383825850859 0.157285714512364 -0.628090869087321
0.0156293493689728 -0.0104621225078517 0.762020247935244 -0.2019768084625
-0.00503088745736092 0.00947850935668457 0.562151713011533 0.524862625676072
-0.0264330486923509 0.0217479775816814 -0.022111817708162 0.52853604381475
-0.0328995468756535 0.0200486160137601 0.0460511935828738 0.0349990185988394
-0.0351995261095105 0.0139172367124345 0.0990021915371921 -0.510839017609769
0.00338371987248361 0.0202580491214375 -0.624538134182356 -0.609131029309526
0.0234403228708183 -0.00186514244069882 -0.899185548922601 0.274438459286949
0.0252554622499899 -0.0267946784818706 -0.0806293115342491 0.751562549314661
-0.00773112704500054 -0.00997924880883193 0.420368491561532 0.351779292098514
-0.0300226749085891 1.44013549101003E-06 0.371713531918 -0.0726941724371311
-0.0180948630270459 0.00588112806456087 0.0974900323123562 -0.269662672235543
-0.0233236532930668 0.0185150546664005 -0.13217152881354 0.193424524689335
-0.0258053059155268 0.0132183686363295 -0.291658107600219 0.0142957288196986
-0.0202543153993174 -0.0177852264458807 -0.291585224564442 -0.337528280991775
0.00490702337649529 -0.0407625245329886 0.187028975922477 -0.623441566714881
0.0252048225295331 -0.00670348301382873 0.771708488287426 -0.175447501739055
0.00546909191227224 0.0188195775113174 0.543576745032042 0.547378894165904
-0.0244054411944635 0.0323347105984907 -0.0384580851443387 0.533938379957996
-0.0338916307964154 0.0293234310544893 0.0388612476946919 0.0392156771743202
-0.0303438128528274 0.0261146048881869 0.0819566795825752 -0.504652858387893
0.0158754167880437 0.0271333941873167 -0.644440637972911 -0.579814005332574
0.0316901454021231 -0.000208415799757958 -0.884499456935344 0.308269421027071
0.0207197980570138 -0.0304753692377456 -0.0479525257869793 0.752235572550961
-0.0121458163760261 -0.0155911773819049 0.43739330618942 0.340402678814113
-0.0312009294010885 0.000368372442914083 0.37520622535034 -0.0792589904088118
-0.0192073238957875 0.00980739893595408 0.098440185755506 -0.271801504139519
-0.0226083715819238 0.0203671257339305 -0.128492642361813 0.191752668972256
-0.0223877456626618 0.0128319347054722 -0.28498440503186 0.0133858658363398
-0.0196568239446412 -0.021815570113998 -0.282310468549282 -0.337585896267698
0.00288814305659435 -0.0402947188464632 0.197313104960236 -0.619234521199969
0.0310896731231966 -0.00164471196993482 0.775957877741311 -0.160706050935331
0.0158131967130493 0.0261621534798796 0.537389617885517 0.560350605989738
-0.0203169237778439 0.0399828499206363 -0.0476757865147304 0.544524218458219
-0.032133792266797 0.0365349311290615 0.0311427518912055 0.048575008413193
-0.0243265119169072 0.0336004486911457 0.0737354989362573 -0.49485755676023
0.02674198923549 0.0321106604743666 -0.647644960409795 -0.566228483397229
0.0369736151658107 0.00321503715299059 -0.880333515641989 0.319242465623248
0.0164685736567739 -0.029183460789884 -0.0367180286269758 0.755878368819995
-0.0140848276607252 -0.0182155048716218 0.448958415838382 0.339279372424191
-0.0281293582979532 0.00182498697299983 0.381421757730287 -0.0818587344217204
-0.017126305569959 0.0115515145077199 0.100945306115791 -0.274334916521749
-0.0180939553819933 0.0221759164633908 -0.123797393044061 0.189850792349026
-0.0154333172944823 0.0139749979066745 -0.279396283212779 0.0144534801501166
-0.0183903921274314 -0.0220109133326918 -0.27625336811854 -0.335911488055175
-0.00215648604736956 -0.0358276603750627 0.196907282535899 -0.613478550936818
0.0319512367920142 0.00153934830035198 0.777551294282426 -0.157448062787625
0.0229000153864792 0.0277248112933328 0.542594308562456 0.567041351018165
-0.0140519582769542 0.0431475282907142 -0.047587640632361 0.552548942436501
-0.0271105083241242 0.0399656446207745 0.0249740045225215 0.0591585201282758
-0.0169920478437832 0.036182730891842 0.0724235736175965 -0.482380596930723
0.0336375274598311 0.0337865713826442 -0.641732511325367 -0.560576814047716
0.0380176757632148 0.00780276003234885 -0.876833386338686 0.32165674955056
0.0133022154524006 -0.0229240767989228 -0.0362342084747531 0.76103117567325
-0.0111906384898453 -0.0194016876501817 0.452579421945026 0.342025989830074
-0.0205722595716375 0.0015795125002332 0.387216273939047 -0.0800536893073759
-0.011870975033754 0.013215627511129 0.104174857807918 -0.2754470550718
0.00277607065042265 0.00938297545680432 -0.123193401177165 0.202224994987918
0.00676609102376383 0.017809556103477 -0.291845395330959 0.0524380466743764
0.00391189890850484 0.0166124260133831 -0.365915944182258 -0.278526680174423
-0.00623928612690429 -0.000426556026228984 0.0207114335119817 -0.612931910417714
-0.0239961548531691 -0.00475351523053282 0.697133596444513 -0.304480389768946
-0.0327106934673059 -0.0226318424885432 0.650066067417621 0.418051018778561
-0.0142069581818299 -0.0197735742094387 0.0557864674339784 0.516825206223589
-0.00735104521780332 -0.0196339241848591 0.0572165664633805 0.0522445442784215
-0.0215088580040872 -0.0345369403868851 0.16771879956385 -0.478948298326733
-0.0259749938758211 -0.0183871259742987 -0.499768855735005 -0.684474195372585
-0.0210692197504482 0.00868496954515752 -0.930006489538351 0.13693276295683
0.0196194018146993 0.0151228549849533 -0.228998967721538 0.741415351293407
0.0186640405424883 0.0184621164662459 0.347753283955435 0.397466942826125
0.00657425024409821 0.00143682772548394 0.36760498492701 -0.0375063882959309
0.00956917421283383 -0.00391291868670538 0.104746321872937 -0.261782901210412
-0.00415275880671103 0.00953253736674125 -0.125976568238927 0.202249520897234
-0.00328676686136358 0.0180217916220913 -0.295008471070135 0.0450801236186756
-0.00186549059038889 0.0119236234296973 -0.358033064545401 -0.289033586643604
-0.0041170093188369 -0.0108276617558106 0.0473232607196843 -0.617322990704915
-0.0178839064536862 -0.00946184936488657 0.711654871904333 -0.285491153571289
-0.0305756682721841 -0.017691800996667 0.630036961673126 0.437768727689287
-0.0199275425344657 -0.0123850794611991 0.039060845286754 0.515239825745351
-0.0158340285336033 -0.0120418804638655 0.0584827450693713 0.0433221020675835
-0.0289028469280497 -0.0265818385439794 0.154243145349285 -0.492296997691332
-0.0242110062808818 -0.0109602558642772 -0.526836761045142 -0.672946141469829
-0.0102290659340924 0.00496903332268266 -0.924538437933013 0.164786249958191
0.0247225681461592 0.00334194440529788 -0.201872970557933 0.742167856002464
0.0132983522775976 0.0123962457627425 0.358587858286988 0.386810458256225
-0.00420134481036284 0.000752066017034633 0.363874390798918 -0.0464152463039476
0.00128873031353843 -0.00314092403073378 0.10052664902725 -0.262070756498985
-0.011087456249124 0.0107896913656365 -0.12990173885504 0.199805999496801
-0.0127665533576825 0.0168117916524733 -0.296315937645426 0.0363038337396226
-0.00956103977802781 0.00545549516651251 -0.344650785758051 -0.30181590257821
-0.000735834199601923 -0.0221448196128594 0.0820243949850297 -0.62177019743698
-0.00901635125055017 -0.0119271643271302 0.723975783450574 -0.261163918183947
-0.0247025875431794 -0.0104345471946679 0.603978038411959 0.460007364621431
-0.0235930972178007 -0.00233105249305271 0.0224572942654967 0.512881002669689
-0.0221259524969167 -0.00282360876483367 0.055715323526177 0.0362973740764044
-0.0337449361497372 -0.0143015300044587 0.137375141446959 -0.500175413503239
-0.01821373609873 -0.00111897911601644 -0.559300769845282 -0.65197609147508
0.00136679737761718 0.00183460927714172 -0.91428931748297 0.198816957028783
0.0281807704301603 -0.00818245334758628 -0.161132408585613 0.741384008376375
0.00692211041019072 0.00521031785348062 0.377139154695554 0.371891146743959
-0.0154355643277663 -0.000456001871894093 0.363468423457407 -0.0569270866729426
-0.00752747947938142 -0.000592964970308869 0.0978755095442563 -0.263338800290134
-0.017529385227935 0.0128968586708667 -0.13090012138456 0.19858160199387
-0.0205576488387281 0.0153399016170087 -0.296585150418526 0.0284302686698099
-0.0141012122527686 -0.00318492593405979 -0.327262303245911 -0.312200941175121
0.0013403877394878 -0.0313206878293348 0.117271716969409 -0.621986056829722
0.00286874750183996 -0.012581584065347 0.735892150192013 -0.233394703312526
-0.0155456459743009 -0.000747234867964526 0.57945844014703 0.487236660265437
-0.0258980967889094 0.00963266284079562 0.000106702784111971 0.514632557466973
-0.0285574621715561 0.0082611411255158 0.0515142551817833 0.033283700933006
-0.03589543664406 -0.000495918068552524 0.11499425331348 -0.504011072542446
-0.00896255426559 0.00958978939174623 -0.593825428754638 -0.62301679992712
0.0132296324852415 0.000276470615200736 -0.897612085278307 0.239518649160058
0.028006066159091 -0.0195856743632226 -0.118989915954262 0.743139355727201
-0.000550237921070075 -0.00314906121681494 0.39608862477368 0.356953490943405
-0.0241727645238641 -0.00100032087100752 0.363889173412645 -0.0665504814414937
-0.013704157948396 0.00254371848537265 0.0957320733534401 -0.264878475132619
-0.0215211638463552 0.0149221190261654 -0.130797860171734 0.195304793006222
-0.0250209583957715 0.0137257024177036 -0.293012369419851 0.0212734347516953
-0.0181634976709862 -0.0112636480526986 -0.307804724780984 -0.323914501431799
0.00394545205587044 -0.0377256670979758 0.150278017158591 -0.620548777850614
0.0149145724854008 -0.0106960836438104 0.747782455964622 -0.200431937974873
-0.00476538963181587 0.00938338221598694 0.555652008990468 0.51199804119124
-0.0254476334903548 0.0214972775890532 -0.018573048091873 0.5181808808982
-0.0314488537726035 0.0195584773327805 0.0449933285408012 0.0341375180464345
-0.0342192734408302 0.0137016932515189 0.0957525864227419 -0.503331446309719
0.00343466420624041 0.0190561713021271 -0.617650274148773 -0.596110373416343
0.0234919713328875 -0.00128206570480104 -0.886628155911316 0.275374523509029
0.0242554538870133 -0.0271881724400772 -0.076094550815819 0.743780523428067
-0.00720244269022383 -0.00990930888562988 0.417232635379763 0.344735931872654
-0.0294779919495135 0.000558627270661052 0.365813016704476 -0.0752620825286807
-0.0181356427581039 0.005408170704717 0.0950008677800798 -0.266975386918897
-0.0230705285920757 0.0177786396808166 -0.128898449182463 0.192955024008099
-0.0252126000963269 0.0130675175084006 -0.286278114266486 0.015851787769067
-0.0196909129521943 -0.0177500752328805 -0.288288321900616 -0.332259628691008
0.00486778835630633 -0.0401531159889435 0.178056054575596 -0.615024588047157
0.0245064314825304 -0.00723363655190533 0.758105672394485 -0.175290202572855
0.00563702959714544 0.0184732097227065 0.538337136506757 0.536689162350182
-0.0240215483431462 0.0312736686797603 -0.0362767526805407 0.524769314273915
-0.0323447595606238 0.0286099454680872 0.038648093154233 0.0390769190327862
-0.0301559123194327 0.0248204669620574 0.0792225095084281 -0.497727161726554
0.0149849715635767 0.0257682697711244 -0.637440897862696 -0.56944533835523
0.0309081578762299 -0.000494522197576458 -0.869609509921036 0.304096164348695
0.0195483143617871 -0.0307390775743592 -0.0448590671983606 0.743914778059297
-0.0118332502510629 -0.0145481150253284 0.433617653498613 0.333601913839641
-0.0317726860122137 0.00157987471487294 0.370417579387114 -0.0820924066163182
-0.0187393631394316 0.00911158924465986 0.0958471805492852 -0.26912360046215
-0.0218914885207443 0.0197390868488145 -0.125302742556803 0.191001496644379
-0.0217671695119755 0.0125035347650354 -0.280820256371767 0.0152641839148981
-0.0196005176555199 -0.0217657505380197 -0.279364084517525 -0.3306252763605
0.00280698982643699 -0.0390870585415613 0.191102745392778 -0.60989605219326
0.0311526579955861 -0.00314675761463246 0.762661583899154 -0.16361549139057
0.0155712959470269 0.0255480017185136 0.53202368084051 0.547162990787614
-0.0200115883976327 0.0396284802491466 -0.0448258202900122 0.534913397781912
-0.0308002292661885 0.0363957322859828 0.0312278317632401 0.0488446900516052
-0.0239014037598171 0.032864743053753 0.0707399407379387 -0.486125858108839
0.0265511307317843 0.0310558699015062 -0.638910468450095 -0.554534745710574
0.0362085618807423 0.00239239794748441 -0.86407816070283 0.31919316444846
0.015747224218559 -0.0287613227778414 -0.0306267807856894 0.745848703960683
-0.0136027381014558 -0.0183457301214508 0.444414174524793 0.332302517329964
-0.0280869250245059 0.00198001563034823 0.375953802279275 -0.0836557564807251
-0.0161146866409508 0.0122938692323896 0.0977323346538678 -0.271183149648986
-0.0180442958869524 0.0226059101561209 -0.121179154469625 0.189277155371006
-0.0148402221495231 0.0138447417743937 -0.275368119786018 0.016425078174319
-0.0180386648110331 -0.021422868034611 -0.272873558630996 -0.329507809565678
-0.00209364597267812 -0.0344750305600684 0.191228549804119 -0.60673610635198
0.0319416935988844 0.00136702010593756 0.765306107927357 -0.159402795665322
0.0228025658496196 0.0271638316215764 0.536526533998937 0.554909066019062
-0.0140979537682643 0.0423695152227187 -0.0442305570259258 0.543833870228139
-0.0266285347949061 0.0384949328207021 0.0256892830144141 0.058322698861871
-0.0173261015633096 0.0358586491135603 0.0697475799884189 -0.473672799175734
0.0334417222449341 0.0325356687166966 -0.634941602435397 -0.548873124882206
0.0386936029173435 0.0071083687973006 -0.861168689962139 0.320875142252943
0.0126827709884485 -0.0229746045020595 -0.0317995963068459 0.749901746542492
-0.0116933363452628 -0.018868996188639 0.448688571496262 0.334746832348657
-0.0204738157408042 0.00218049027615908 0.381899689493278 -0.0818043917397619
-0.0111733576462706 0.0138533796356027 0.100756340619784 -0.272535993107303
0.00309892929491869 0.00880462700573426 -0.120017842554157 0.200051999335057
0.00672112453027649 0.0180124353948735 -0.287024558739631 0.052675105213138
0.00374880024564806 0.0163140679017286 -0.361437061113212 -0.27418386011418
-0.00622466200563257 -1.38244706859017E-05 0.0162168462280185 -0.605366469980227
-0.0230986437610602 -0.00414332814424847 0.684819556428754 -0.303784359623155
-0.032929163566327 -0.0216602359465209 0.642272660239431 0.408577095885663
-0.0148585782592796 -0.0201074008156754 0.0561075075575989 0.508911790096644
-0.00713899632246853 -0.0187705597857976 0.0567352694317187 0.0519136822142798
-0.0217033672301813 -0.0339086033700323 0.164765762271763 -0.472253862428276
-0.0265740194257509 -0.0178936554779617 -0.492547761831194 -0.674015733370679
-0.0199532297563948 0.00893132772730924 -0.916092834834275 0.136765686008961
0.0193418180066708 0.0142951069396101 -0.224356498536629 0.732252252190596
0.0180529437197615 0.0184797153178252 0.344873532023539 0.390296324300544
0.00720857716809118 0.00168651636725097 0.362751939149532 -0.0388788256399504
0.00980028479387932 -0.00403237917771597 0.102398893274456 -0.259347366979
-0.00444217308874197 0.00950120235930842 -0.123821680238448 0.200979032051515
-0.00336702145607647 0.0172001164719478 -0.290288008814705 0.0464799639310861
-0.00184824682734017 0.0124336672479627 -0.353647278003369 -0.285259402042014
-0.00279907054402338 -0.0105915073533726 0.0442788205145211 -0.610002374296956
-0.0184573299495939 -0.00903146581526212 0.699736009165495 -0.282075951309307
-0.0308270037289466 -0.0168046579355136 0.621748095642763 0.428435181008892
-0.0187236719441899 -0.0122655896359152 0.0400119045475527 0.506288871698243
-0.0145988248593627 -0.0129113487106256 0.0572376388886576 0.0423933136736821
-0.0284163047871187 -0.0259490710404904 0.152455202496738 -0.484830801755521
-0.0247323751801199 -0.0105678354353126 -0.521790128418077 -0.663354759581551
-0.0095469589945728 0.00514667174376174 -0.911849279250456 0.165336560082321
0.0251455803302968 0.00343476542523847 -0.197049797583545 0.73286339829571
0.0130859168701293 0.0125963431020386 0.356405046879839 0.378613644983883
-0.00411811011578609 0.000726081720951823 0.358851737052374 -0.0473772758477387
0.00147508016965215 -0.00312018439322008 0.0978712406591404 -0.259273694868082
-0.0110857695948793 0.0115109301118011 -0.127091000506912 0.199334634604037
-0.0126237863023574 0.0160866929136393 -0.291502382962297 0.0376922054115825
-0.00884469244981798 0.00490424330831029 -0.340216710850334 -0.296466016838822
-0.000787671519257491 -0.0208067185532849 0.0778962261627259 -0.614511241032252
-0.00861312436808723 -0.0118842122722205 0.710848233584558 -0.259804124245292
-0.0243665315738739 -0.0098256213905037 0.597712368301291 0.449785993403405
-0.0230510962034239 -0.00226921049248982 0.0226296062654894 0.503849837780276
-0.0217460923633011 -0.00295889835623712 0.0554501259539002 0.0354005846616006
-0.0338847310465559 -0.0144250236607475 0.134617066300952 -0.493781484870163
-0.0185523737258909 -0.00124792357114866 -0.552485339979259 -0.640869115191615
0.00227742499635712 0.00180789131970529 -0.901443604924956 0.198366123530117
0.0276520043453303 -0.00925919180498292 -0.156337027109596 0.73288088643204
0.00695407284383812 0.00451709767041047 0.373362967203852 0.365050615137001
-0.0146169350414034 -0.000311117002886648 0.356615347110832 -0.0579002484420861
-0.00636908328814828 -0.00110960414155125 0.0954562282847175 -0.261016520476774
-0.0167388168495885 0.0133378507911748 -0.128253210556398 0.19739060947807
-0.0202804372186309 0.0154639476881582 -0.291449978052273 0.0311562385106825
-0.0145343446029342 -0.00273660824838518 -0.322625107946694 -0.308355040844381
0.00163391173539573 -0.0301355061061531 0.112935019305324 -0.614164221985366
0.00309303965303211 -0.0121833601549769 0.72597083411543 -0.232828178841773
-0.0154518402342779 -0.00114512232506025 0.573052035500423 0.478378685263997
-0.0260012080779806 0.0090698861168762 2.07995369532001E-05 0.505106237216943
-0.0274969899744882 0.0088118885978738 0.0511574413695216 0.0332939409641427
-0.034171869499947 -8.50746394200326E-05 0.11292526794009 -0.496493217791291
-0.00890752859574049 0.0092000705028745 -0.584765684507332 -0.615050214208559
0.0136224175045402 -0.000595820795767201 -0.886170597218265 0.238020045593498
0.0273116192008606 -0.0197831031223989 -0.115226143746255 0.732592788226274
2.91930459503366E-05 -0.00314428917856768 0.392566890453296 0.350525809097864
-0.0238076129758378 -0.000110271068999843 0.358627182379206 -0.0662348745144382
-0.0132409713826715 0.00279712156460265 0.0933437552386055 -0.262414686933931
-0.0209683324665764 0.0151676171382612 -0.127958265716969 0.19430736094753
-0.0243711252308267 0.0134506081801131 -0.287878841747337 0.0222081244851932
-0.0174155074575578 -0.0109040669391011 -0.303378207824067 -0.318927472576327
0.00417792858329074 -0.0367611945863082 0.145719286357812 -0.611654174875305
0.01498647597783 -0.0109881153849399 0.736477322818296 -0.201118188648678
-0.0049759686558699 0.00922120414994179 0.549816639801955 0.502431166158477
-0.0262956127774904 0.0211349183110541 -0.0186106728613112 0.511631155936139
-0.030717281905271 0.0194781381233566 0.0445565629045238 0.0341177113473892
-0.0339766807436013 0.0137910543093254 0.0933146953293545 -0.496062119893217
0.00266947025266044 0.0184538131083719 -0.611069058425846 -0.584584109896629
0.0233247274695903 -0.00144778376313352 -0.872373419903756 0.27363913718972
0.0241918307444007 -0.0269531673314666 -0.073041566241528 0.734165280476013
-0.0072781416738186 -0.00982591752134966 0.411835274284894 0.339093345220613
-0.0288150973247597 0.000406494740529003 0.361218338883751 -0.0745396540504082
-0.017814033014991 0.00567589986271209 0.0918352692011944 -0.264326486341719
-0.0225789565276517 0.0176243389514199 -0.125947215140154 0.191628141373016
-0.0245155738451665 0.0121549401791452 -0.282893866414354 0.0172447628144813
-0.0188257037954132 -0.0177507098550176 -0.286796077123521 -0.327260503684521
0.00425117781611785 -0.0396809277234179 0.174365415939453 -0.608645376074342
0.0243480432672385 -0.00675741908659212 0.74608883633728 -0.17554197704997
0.00608304176319878 0.0179603998435552 0.529306883730731 0.526112023846759
-0.0233946967942333 0.0311904328744498 -0.0349627356860834 0.517569420210167
-0.0309431734059789 0.0293435132573395 0.0381456683167634 0.0381539790200906
-0.0292960724099547 0.0253902216188072 0.0765402110964959 -0.489833874847982
0.0148629717139997 0.025403669644622 -0.629990175811213 -0.559237970276719
0.0307435895872356 -0.000720107585960278 -0.857022072492184 0.303675339265058
0.0191145418789672 -0.0306722376948248 -0.0411738947910203 0.732723298672448
-0.0119926603089652 -0.0147172017876706 0.429191039205539 0.328166573427139
-0.0300413963138413 0.00154483709406027 0.363964321099892 -0.0821131556403931
-0.0186911763132077 0.0102639616359591 0.0923212657401496 -0.266892731018072
-0.0211291619545753 0.0196889115461663 -0.122550585159776 0.190087661057937
-0.0211142694137103 0.0128691670974949 -0.276417609439929 0.0170264591713722
-0.0193626751111977 -0.0218174299536673 -0.276491187845051 -0.326210604135475
0.00297646534922551 -0.0387787180685852 0.18519796674988 -0.604672957365642
0.0307515813485174 -0.00312617160061359 0.7508468640247 -0.163483347657391
0.0161811303778348 0.0242205632165174 0.524993943242093 0.538143918066685
-0.0199824008772101 0.0379838404593781 -0.0423901241066435 0.52632376517903
-0.0302401004350338 0.0358074056945646 0.0305604180311013 0.0483323159308454
-0.0234920534464068 0.0333088514113503 0.0707666649423693 -0.478770770587852
0.025803977948288 0.0306985646166251 -0.632986596130224 -0.545539048035385
0.0363266125763759 0.00226549583443062 -0.851006813914536 0.315896240184468
0.0161867186978052 -0.0283105668972114 -0.0284591215402062 0.736000471347053
-0.0137532573080179 -0.0178597701044428 0.439343216380863 0.325312463310341
-0.0274718182246595 0.00206852314136105 0.370782095023278 -0.0842399826184524
-0.0163077742313246 0.011814829164343 0.0953043031415447 -0.267970694569079
-0.017118637420424 0.0220881565453672 -0.119065616609278 0.187778408554299
-0.0147944488319949 0.0134096785550795 -0.270197999099772 0.0175975721577253
-0.0177542227138273 -0.0217406396847425 -0.269954920135313 -0.324804413351882
-0.00194297747370989 -0.0343313650154212 0.185065404204101 -0.599331555136888
0.0311812736541857 0.000946224628390153 0.753646511011322 -0.159707913714994
0.0218749745485593 0.0269694173781298 0.52932970768439 0.543991827922473
-0.0138009812094534 0.0417171158836844 -0.0438893501781667 0.537101768041414
-0.0257435788439508 0.0385830888444716 0.0244363291545094 0.0580742787793591
-0.0165647346510381 0.0359316097628398 0.0697940924310998 -0.466981156856662
0.0324778031211361 0.0314824543380836 -0.625620395242078 -0.540200729932704
0.037727775685279 0.00753900726066792 -0.851130903313308 0.318362066181339
0.0121329059141309 -0.0221711355938878 -0.0298963223961538 0.738815299074572
-0.0115110060381923 -0.0189121936919344 0.443550501219465 0.328526304518117
-0.019998396801853 0.00280454319817347 0.375179003459452 -0.0819135799240307
-0.0105737325485738 0.012589651571889 0.0992575942258707 -0.26994900911565
0.00353220884185298 0.00808778057077502 -0.119390598802773 0.198984849792477
0.00683221771867756 0.017417171582727 -0.282629065713949 0.0529068919410504
0.00393913283376556 0.0160215236442485 -0.356014957272365 -0.269953057421416
-0.00533645826121833 -0.000150133807319109 0.0174454280395832 -0.596469607484727
-0.0233613291112176 -0.00499304712608141 0.67831509698253 -0.300748534159234
-0.0319646306914497 -0.0212768079164159 0.634158330746384 0.402358877933961
-0.0139485162191864 -0.0190964845685498 0.0549254817376726 0.502397672511884
-0.00705622432012231 -0.018100351419479 0.0554067942560575 0.0514259261309889
-0.0215552200170493 -0.0330165918482096 0.164221585902742 -0.466288653759896
-0.026254723364494 -0.0181334928671531 -0.486235579616937 -0.666814506458543
-0.0196076657518412 0.0096421983778979 -0.904477463435902 0.137558742716025
0.0192433341748734 0.0147825064303657 -0.221391171183278 0.723921228469649
0.0189675160201113 0.0188977205859069 0.339988136574965 0.385217550286857
0.00643612775980791 0.00186713850261351 0.358606785667635 -0.0393885659627146
0.00976363814949341 -0.00339313707027375 0.101013213576966 -0.25655351557372
-0.00360659668843815 0.0092882629461824 -0.122592277005407 0.199805555341032
-0.00226968039483056 0.0171439492213504 -0.285387654995494 0.045871864134217
-0.00176626103877995 0.0111709754587804 -0.348931135841519 -0.280119891743009
-0.00331426973486049 -0.0103256074124502 0.0431793414464499 -0.602305982387702
-0.0173746287032777 -0.00851738732552731 0.689471443112308 -0.280704134243773
-0.030075313724165 -0.016969174125758 0.612819214840116 0.420099914778992
-0.0188663650929237 -0.0129968541266115 0.0399509238530025 0.498960402536246
-0.0142009578286862 -0.012026876568554 0.0562874201003708 0.0425088749184971
-0.0276764316868609 -0.0262254462953753 0.150281599009249 -0.478226640500392
-0.0241831951419283 -0.0118014219297175 -0.513528407011328 -0.654444527303671
-0.00983477461136952 0.0048226970157941 -0.899131745938222 0.16194665857485
0.0244420218382236 0.00283168127161681 -0.193861798063215 0.723420348211954
0.012884857236698 0.0121214603319243 0.352144262096758 0.375044999423423
-0.00426303516749117 0.000718341240725155 0.354723923644083 -0.0478929989789095
0.00215289499862612 -0.00305724999109235 0.096678288477555 -0.25701055502908
-0.0102530946829498 0.0102525537031427 -0.12479483981915 0.197674011504329
-0.0125424085911859 0.0162429126277988 -0.287094996478044 0.0390565036659458
-0.0085231657138058 0.00477398107747557 -0.336696384059368 -0.293356677974175
-0.00102687109712554 -0.0205841583956807 0.0754011985740212 -0.606119133453387
-0.00811277972582739 -0.0120515923955751 0.701709750393155 -0.257426135506177
-0.0246653794593911 -0.00951594874658641 0.589740172107409 0.444571319300435
-0.0235513601273238 -0.00223729081545435 0.0211969225597385 0.498547343115255
-0.0211026665831325 -0.00251301671568565 0.0548869675511102 0.0359881551982728
-0.0330094105904644 -0.013557883913339 0.133034201939826 -0.486065425128427
-0.0190607573606291 -0.00176068403357627 -0.545911778225797 -0.631838967420901
0.00155775541792919 0.00180472866901109 -0.889076950907142 0.197463983631639
0.0268733419950065 -0.00914845722576101 -0.152367527619959 0.724248020489812
0.00685257818943363 0.00493488205367295 0.367827854645314 0.359357920801033
-0.0151946790291939 -0.000256723776855899 0.353745804834645 -0.0566786774446708
-0.00665213700170084 -0.00144755038917287 0.0943357104290269 -0.257900309646638
-0.0166871102073201 0.0130017795732509 -0.127310789575728 0.196212850050062
-0.0200765875989521 0.015117815591727 -0.28688950031582 0.0311668850303414
-0.0140801082743915 -0.00260063507837308 -0.319859505021033 -0.304369009662349
0.00212882440680831 -0.0297121265644968 0.110142374432652 -0.606867454154878
0.00323315879551107 -0.012957829826158 0.715690685158666 -0.229758654038743
-0.0149176328869696 -0.000221566317640335 0.564574397637808 0.471073248751565
-0.025992199237683 0.00927224078297514 0.00107103715754417 0.498832043958022
-0.0270778590236749 0.00783640907848091 0.0502478927205937 0.0330239146586802
-0.034524221129615 0.000172616981056293 0.114304420830631 -0.489370569329907
-0.00888795891687538 0.00797594810173956 -0.57883496198749 -0.608400324114272
0.01271218181447 -0.000215792028727007 -0.874298909076916 0.233425088288753
0.0270145943477541 -0.0196303640620351 -0.112687441448537 0.725363930333879
-0.000123058301403106 -0.00283746793313203 0.387075466169205 0.345831482304873
-0.0239875428282767 0.000221084355309052 0.353586378513875 -0.0673565272058442
-0.0130190762667158 0.00204806124809019 0.0920188215599385 -0.259611353100155
-0.0204538305628052 0.0146904659211858 -0.126845409565989 0.193410569043351
-0.0240173502403929 0.0130615417169557 -0.283489468461293 0.0238313567387826
-0.0170782619746323 -0.010838070489703 -0.300275514875557 -0.315815108346984
0.0040054507617269 -0.0358495452708222 0.142256242478965 -0.604224535319385
0.0145407917865037 -0.0107542641735209 0.726145647820387 -0.198884350649566
-0.00454619965032339 0.00949669836943057 0.540056608895909 0.494640115543694
-0.0256561916841233 0.0209576412838893 -0.018148393744318 0.503585326828364
-0.0300988967690054 0.0186504144062724 0.0442429870603944 0.034503523299129
-0.0336442545574502 0.0139592630865387 0.0923179884833202 -0.488861845986549
0.00261850053594398 0.0180975946062314 -0.601562327145809 -0.578710542045373
0.0232089855780447 -0.00091803304425694 -0.859737437104571 0.270808728276297
0.0237042915563689 -0.0274885459306799 -0.0710345703157109 0.724587741038467
-0.00691364125198467 -0.010148533338791 0.406988772459657 0.33344346180714
-0.0283193446821296 0.00129589052595264 0.357083884690613 -0.0746599735520201
-0.0164252734350257 0.00591147744196364 0.0916991584802296 -0.261426325939971
-0.0219593209298134 0.0174268537682783 -0.125063559442218 0.190786827243501
-0.0242929860493217 0.0119059259388015 -0.278283446101623 0.0183971506421501
-0.0194393822006859 -0.0173119153805351 -0.281787622232315 -0.321799683491262
0.00458456456771123 -0.0387416184394808 0.171663301380416 -0.600153665390438
0.0242732640488971 -0.00740659352503035 0.735649309177874 -0.173223091150512
0.00537239291669415 0.017577766106042 0.523132120061836 0.518418718240419
-0.0240398360659103 0.0306240927369251 -0.0347891471740493 0.509951427283009
-0.0309079290491271 0.0280852763868975 0.0375078574505999 0.0387882364623078
-0.0291805661695188 0.0256579680085969 0.0761092354541327 -0.482907174207813
0.0145005952868188 0.0246683797302144 -0.621007174744271 -0.554174603046195
0.0310268450251834 -0.000503462780840801 -0.847264317610778 0.299214635265146
0.0193433938723439 -0.0299969821117696 -0.0401490046406159 0.723998204359305
-0.0114056610594563 -0.0145928879740845 0.42334909891217 0.323354568485447
-0.0300971376442738 0.00238846904510886 0.359922061936652 -0.0809958893333631
-0.0183956777654101 0.0102048368106782 0.0911348086389285 -0.264216309429596
-0.0200917263780422 0.0191840313287387 -0.12117743608427 0.188504005199564
-0.0203714392262092 0.011839608290437 -0.271734168296507 0.0169451359466685
-0.01892413910115 -0.0211191395060301 -0.272715150860926 -0.322142997284039
0.00206898775944456 -0.0373392252166141 0.183501110295064 -0.594444241141657
0.0304198021558088 -0.00286389001300185 0.740260802923143 -0.162008882503116
0.0157407625802461 0.0244216384916568 0.517692749170758 0.530385929760387
-0.0202707242065146 0.0380415945969035 -0.0409119772920268 0.520979882780203
-0.0290282201121838 0.0345945981664356 0.0304033214256672 0.0479755440151161
-0.0225790823959763 0.0329044823874607 0.069984253681089 -0.474299644931566
0.0251341851718726 0.0295615249307999 -0.623193645015011 -0.53852395785144
0.0360425222829586 0.00195473339174805 -0.840231392757407 0.313848948319409
0.0143007537750599 -0.0275400467597213 -0.0271325717846832 0.725934345682192
-0.0128604002408766 -0.0174816600570767 0.43510964580756 0.320182009316752
-0.0266578151257252 0.00276340502011716 0.3659711048502 -0.0847825691204145
-0.0154597190613745 0.0122334089194887 0.0935897589348049 -0.265702275135133
-0.0172559399860189 0.0215106006138972 -0.117173219644057 0.186651050705098
-0.0140627501461716 0.012698924736579 -0.265695290316022 0.0175495216227383
-0.0170601344892914 -0.0214192989327243 -0.267316649420744 -0.320303158642717
-0.00188646744497325 -0.0333950576392951 0.180833665029687 -0.590901546075219
0.0307957607671858 0.000649509043917086 0.742368908613464 -0.159405835099708
0.0221262391218698 0.0260802447403825 0.522812799049757 0.536908652714536
-0.0143877615195108 0.0414851269694008 -0.0434665396825097 0.527529925588309
-0.0244475422960333 0.0373343784950842 0.0248113191080296 0.0581384010131509
-0.0163885315766406 0.0347642754173781 0.0694177547840243 -0.459254674139809
0.0322484844458464 0.0307822178008065 -0.618179901680261 -0.533149623917794
0.0367731873446024 0.00676594881839987 -0.838266852285205 0.316037087277839
0.0119984817668364 -0.0219680603928215 -0.0281302877404282 0.729088549849425
-0.0115972007193801 -0.0186393618983195 0.437900269634143 0.324509333594667
-0.0198181724082968 0.00223405666679513 0.372690213601788 -0.0822384393475201
-0.0104057084145174 0.0124600670160433 0.098926666153888 -0.266978517711307
0.00372779131391761 0.00842682985850486 -0.117155239763267 0.198341618076223
0.00689373488207974 0.0172329886376168 -0.278553852869441 0.0527957436386584
0.0039624201915249 0.0160326149108969 -0.353592958579856 -0.268323107744898
-0.00552508900551565 0.000419657451739408 0.0180722786552938 -0.588520335605402
-0.0228294550342986 -0.00444265194024336 0.668162420423866 -0.295108253934583
-0.0318182848592001 -0.0210840415295316 0.623336433362337 0.397326412827406
-0.014254662141476 -0.0197949897753039 0.053459497240389 0.495937550186584
-0.00679307014484871 -0.0185091663684622 0.0549314917377549 0.0510216084684469
-0.0210875915701804 -0.0333814275063834 0.16302125231957 -0.460412707289428
-0.0261667179615665 -0.0182923091139063 -0.477905194522347 -0.659251491055463
-0.0191144813423687 0.00898972455506259 -0.896004783501019 0.133595625716454
0.0192654140052989 0.0146106576655118 -0.221243389018536 0.715722714110964
0.018435198080845 0.0182660267774234 0.337314882217688 0.384175233690755
0.00700957564281954 0.0020516491516018 0.354715750090974 -0.0382382412020354
0.00976166030746078 -0.00420456342053409 0.100401825947918 -0.253622819436531
-0.00339203822494745 0.00900050131574226 -0.120888430807891 0.198594651886974
-0.00257839305656934 0.0163850070057357 -0.282126885218236 0.0462390497101322
-0.00235751141683194 0.0112040466687595 -0.344738598731192 -0.277991613715132
-0.00285555610958337 -0.00952116997224478 0.0427774651911027 -0.595763204911544
-0.0172914514253889 -0.00983931131728109 0.681219480568728 -0.275848803804145
-0.0291803539221762 -0.0163322408370599 0.60393845655667 0.417880253693264
-0.0191615814630467 -0.0120953378248769 0.0375144993428455 0.493259612669666
-0.013580611288084 -0.0120167043403139 0.0557588640332149 0.0421835292345004
-0.0281907992018421 -0.025100303666469 0.150882687434913 -0.471632027762196
-0.024671875221187 -0.0111556557579941 -0.507263492200852 -0.648040854587572
-0.00980182910956109 0.00578849607129493 -0.887331497197812 0.159497385979301
0.0252318579078365 0.00299115285120576 -0.192269789675583 0.718790152221477
0.0132970997339226 0.0126246567731271 0.348715230773313 0.369567357550222
-0.003914391916567 0.00107969819727191 0.350621899712016 -0.0467784048037978
0.0017084258777017 -0.00292084096827837 0.0967795379020287 -0.254643810150116
-0.0104031659580334 0.0106419282319285 -0.12373721350324 0.196874981358544
-0.0119246570745761 0.0158217886712931 -0.283944146102917 0.0386822683472949
-0.00849487270003122 0.00442530461015407 -0.332373923910297 -0.289509966651934
-0.000806000302730554 -0.0197644433216539 0.0747306066600044 -0.598822033518301
-0.00814508509641738 -0.0117759727404222 0.694400914343348 -0.253509334637625
-0.0241763472117328 -0.00963744167004208 0.579508659515962 0.437950757737769
-0.0232812136234078 -0.00252418460053591 0.0203006095610691 0.491339408079826
-0.0206518121450109 -0.00256148884914848 0.0540361765124437 0.0362641652360506
-0.0319929183195818 -0.0133960048071983 0.133760295397788 -0.479747261815477
-0.0180115158570045 -0.0019407109700575 -0.536651288393529 -0.627217183236406
0.00174154551441035 0.00186290770838446 -0.879298014458838 0.194204257183608
0.0268751514666012 -0.00897679301506656 -0.152497878576079 0.713805740229863
0.00626041560734996 0.00488282016694936 0.363238705973423 0.357588293714387
-0.0141983896280633 -0.000110395195804143 0.350361171582728 -0.0572596149042601
-0.00647300848801882 -0.000241212268436966 0.093154096487045 -0.25569233818103
-0.0158153977167176 0.0125681517735181 -0.125238891389195 0.194367377400339
-0.0192024362622732 0.0146410765485946 -0.282838822335337 0.0314604711443629
-0.0133538803942691 -0.0030813020035718 -0.314243169982496 -0.300899030778233
0.00203687708251283 -0.02881058425954 0.108058918917708 -0.598575898739316
0.00307082133859082 -0.0132990788251655 0.705514105564568 -0.226401217613025
-0.0147980621276966 -0.000799017211678892 0.557630233446109 0.465561962107038
-0.0255636563555081 0.00898687046479255 -0.00094277967102914 0.493267938956899
-0.0262030147023175 0.00781374695372178 0.0497291978989195 0.0330955632323946
-0.0341921896359674 -0.000581634942967087 0.113500082178217 -0.483107809913935
-0.0099604499852147 0.00819615769739633 -0.567841157895647 -0.601320458998559
0.0131627182890255 -0.000321588925970282 -0.864273698792662 0.229145083796489
0.0263212373135437 -0.0197946666145794 -0.111305792577942 0.715699296633513
7.48100486818067E-05 -0.00260309084020446 0.383159795527219 0.343606556325326
-0.0230864936768662 0.000525945866482597 0.350906577251908 -0.0673596956491021
-0.0121676166684266 0.00234518285992696 0.0906820550188138 -0.257536578682135
-0.0204703194038367 0.0148050738070852 -0.126193558405474 0.192219748338919
-0.0235152284102885 0.0123922059968439 -0.279701905953189 0.0237659144267449
-0.0175781715009626 -0.0110483773974268 -0.294807095534739 -0.310534219208092
0.00445569393133667 -0.0352262909242174 0.142379083436395 -0.596936648059543
0.0147800987185459 -0.0107115784821533 0.717067570444581 -0.197730052934242
-0.00455259579923572 0.00879777865589123 0.5327729733962 0.49070319209797
-0.0260014308403876 0.0202416163891966 -0.0193387012006639 0.496838603036155
-0.0298345110753145 0.0191934306066722 0.0433847723242287 0.0340494045908334
-0.0332340004479886 0.013923225649514 0.0936585668380129 -0.482752344863236
0.00168012932187038 0.017920223921018 -0.594589526115325 -0.574657067672508
0.0230219145770574 -0.00114783157771957 -0.850806476989128 0.265597276260713
0.0232716127448448 -0.0263502941169409 -0.0721796102684577 0.716017338108306
-0.00696535392719571 -0.00927829635060169 0.401382694397644 0.330345564318338
-0.0284803024070609 0.00150545866861411 0.352034222517104 -0.074120632838807
-0.0166524408929516 0.00544616053770675 0.090489170193196 -0.2587718676811
-0.0216404968915054 0.017285018975029 -0.122720396402855 0.189326246431336
-0.0238062578945503 0.0113961902395887 -0.274013306338234 0.0188772499979401
-0.0187903993516156 -0.0171646290450889 -0.2789808359115 -0.319880345315998
0.00494500541302628 -0.0379129609067218 0.169050867727256 -0.59234994444292
0.0240276716549917 -0.00767425098302465 0.727388152222452 -0.171921371143819
0.00593658672082144 0.0176397164082745 0.514005102384057 0.51338159534446
-0.0243697872660873 0.0298931381265002 -0.0355188142702257 0.503781065367106
-0.0303601037957568 0.0272467888498055 0.0371960100676037 0.0388989540459574
-0.0285670202566465 0.0250438425070136 0.077625975661393 -0.47761067875311
0.0138999334983437 0.024102960914095 -0.613741359744625 -0.548213809711035
0.0300822649157468 -0.000580295145300591 -0.835918819367978 0.29403887754213
0.0188951012414523 -0.0293391831608779 -0.0411346993645783 0.715971947746834
-0.0111724528794455 -0.0146972703572503 0.418499569164756 0.319937007861155
-0.0292479724228006 0.00204716061080081 0.356481661751179 -0.081170777246898
-0.0176668344676552 0.0095567831320641 0.0909041360869391 -0.261521678382406
-0.0202279159811651 0.0194405814215685 -0.120038046464609 0.186935848165683
-0.0206607884431828 0.0115362899883694 -0.267237056040058 0.0180179018885825
-0.0187289664259734 -0.0213929878531171 -0.269480174025223 -0.319487368920449
0.00344351388772295 -0.0371490634845837 0.180296890466458 -0.588399877090324
0.0299732209283547 -0.0025880114263177 0.732619250888721 -0.159506360741708
0.0154411587709225 0.0238744761368631 0.509334634204255 0.525107926036666
-0.0206261637253188 0.0375248972542663 -0.0434527422743802 0.512518402702906
-0.0286157249372124 0.0343821931815065 0.0292519893596463 0.0475030207769236
-0.0225390484947831 0.0325253205530326 0.071088757258771 -0.46683808535811
0.024397806741851 0.0284584140164176 -0.616535007222196 -0.534029755645545
0.0356497586154961 0.00246777410425956 -0.83023166602838 0.307994895297077
0.0152775290128176 -0.0279725049035373 -0.0289454372972611 0.718447250293725
-0.0129123282493836 -0.0172512102439974 0.427626797520709 0.316760039659815
-0.0267786012080961 0.0024972547198815 0.362593686822852 -0.0835216123264972
-0.0152200334561303 0.0112775800946978 0.0935027390734982 -0.263232177775118
-0.0159912654944789 0.0211827717226757 -0.116027765322978 0.186086757616972
-0.0138070740044947 0.0122278415439784 -0.262178197232785 0.0179230995727752
-0.017045978898409 -0.0213332264692623 -0.263463375626233 -0.316624241096313
-0.00147645623492708 -0.0327782215328387 0.179318405412849 -0.583928949137869
0.0308638395690802 0.00120726430483279 0.732143487638526 -0.156749465656303
0.0217452009167109 0.0261351590607695 0.514420619640283 0.530124600789472
-0.0147906612812886 0.0404292139214523 -0.0419508687330781 0.521413377122011
-0.0250029676789591 0.0361652628079752 0.0243486102146984 0.0575322270384736
-0.0154471160506838 0.0349589171135074 0.0705567893739798 -0.453808034870169
0.0317072622018555 0.0300944614458298 -0.609860925116163 -0.529281578235176
0.037928636486936 0.00714243532017889 -0.83064055642489 0.309383823629622
0.0114241976890296 -0.0220832248651461 -0.027841481146058 0.721952230867862
-0.010849658364645 -0.0183281186261437 0.433138769352586 0.321432752889833
-0.0195718138179298 0.00285031650130708 0.368077468437734 -0.0810346624549694
-0.010484489525951 0.0125405852624174 0.0967896834855426 -0.264073540151545
0.00338342713151545 0.00837874224466023 -0.116467456056189 0.197020296378658
0.00733092616808316 0.0163355227690619 -0.275311218506895 0.0525929998959759
0.00361469172795603 0.0154712198509595 -0.348224875657848 -0.267034106661091
-0.00542264189316613 0.000330836222152082 0.0177994547263743 -0.582867337255467
-0.0221064490179738 -0.00446502727947668 0.663786561974601 -0.290433936235237
-0.0310994026479235 -0.0214485390404916 0.615980313698 0.396505651091298
-0.0142971921334296 -0.0196501058387178 0.0501764924935425 0.490557288533224
-0.00574710149477912 -0.017613891846959 0.054109206324642 0.0516832734031178
-0.0206266636686058 -0.0318755784864446 0.164373496745613 -0.454444177921539
-0.0255930352016569 -0.01842862891358 -0.470947608030059 -0.656405564331511
-0.0191283990940492 0.00925188792006313 -0.885738849231171 0.128419666770206
0.0184243289036282 0.0139352521604956 -0.221030431281326 0.708422602249538
0.0182830151573024 0.0176151741817115 0.332215531321458 0.380107980779362
0.00657540588724337 0.00211575722513101 0.351812251714104 -0.0374150221611692
0.00999258208457971 -0.00347660893758346 0.0995451368177221 -0.251334213103507
-0.00283923934430089 0.00848758475281123 -0.120536904794096 0.197635964028954
-0.00235180829977415 0.0163499873968609 -0.279224694330645 0.0466720710576268
-0.00229785796028633 0.0104453595020709 -0.340103567945787 -0.275766530461531
-0.00302301107379885 -0.00925271104684793 0.0429999845792335 -0.587537472904964
-0.0171431050576394 -0.00894854830475958 0.674428817737669 -0.270192962516181
-0.0293738118994124 -0.0166763451480992 0.596538991500592 0.415224548621397
-0.0188805209468323 -0.0121689729715178 0.0363310349977725 0.488144854350112
-0.0138419168158812 -0.0116158637940823 0.0556702358371529 0.042547739724325
-0.0269279380449344 -0.0247578579248854 0.15195082357535 -0.466863761884012
-0.0251550975462529 -0.0119430669862413 -0.497253219942013 -0.643938033103992
-0.00953698638583808 0.00498667835381524 -0.878983521721175 0.152706094422141
0.0237311962210702 0.00280138546261273 -0.193157873737347 0.708565803316374
0.0130174339965356 0.0116294348419623 0.342609225382385 0.368096859218396
-0.00387495255776701 0.00172630217495874 0.348302743714412 -0.0468529254206061
0.0021055897716146 -0.0029602890395044 0.0962126520681589 -0.252026035999006
-0.010015939076438 0.011105563065811 -0.123131682558789 0.195087126878663
-0.0116433219571019 0.0154569167899052 -0.280483589391641 0.0387005866800003
-0.0082154182489971 0.00459518379626407 -0.327891294811037 -0.288058909940651
-5.38605189300181E-05 -0.0199618689505249 0.0753932674486706 -0.592315175002059
-0.00801069389095506 -0.0116721974112226 0.68629109084042 -0.249470028877601
-0.0237737037842361 -0.00903181567404612 0.571972578874898 0.435414948438919
-0.023694720462673 -0.00254874554888959 0.0174891479960899 0.484869134030736
-0.019721709872528 -0.00291694201327683 0.0534440761328532 0.0366421020645248
-0.0315400952641948 -0.0136082695652803 0.134811818616507 -0.473907206644287
-0.0194095584217129 -0.00184198239775188 -0.527398540231726 -0.62419934224804
0.00168157117275001 0.00174839877237778 -0.87140988844244 0.187601793285834
0.0265189856126244 -0.00879124915171431 -0.15286211675216 0.708327596896508
0.00602655089778129 0.00417108330059569 0.35880929550955 0.35647737090019
-0.014259548869798 0.000309277726896575 0.347051201756153 -0.0562307884731116
-0.00546172978445627 -0.00107658880263293 0.0935194577159669 -0.253667753003513
-0.0155297269628542 0.0119716184574646 -0.124334641784866 0.19386383852166
-0.0186991375430129 0.0143407878251303 -0.27912412638139 0.0306811759463796
-0.0133964434115267 -0.00266589701174277 -0.310609970051028 -0.300032786130498
0.00204490862168763 -0.0285233217355685 0.109617815611481 -0.591559447521604
0.00314361011488673 -0.0125420975103055 0.699119874514401 -0.222407573418887
-0.014579114905187 -0.00127584790206645 0.548612725781793 0.462232018350085
-0.0264487919174339 0.00904034051691468 -0.00248221961673223 0.487730810457421
-0.0254759454386176 0.00714607788732076 0.0487021171253787 0.0330325711805743
-0.0336713622525862 0.000489397977008905 0.115985207394259 -0.477934090322764
-0.0100844920244246 0.00757050399507311 -0.559038854115298 -0.598726833341139
0.0132190786108811 -0.000187851850844768 -0.857625846897018 0.22630309457786
0.025728595974875 -0.0193504078950656 -0.111942676397589 0.709668298429185
-0.000483455254754642 -0.00315672793293532 0.377123148006399 0.340804870293994
-0.0227113150987357 0.000275318923704573 0.347722466992693 -0.0653289704319529
-0.0123744377574497 0.00183616400832072 0.0909620954933492 -0.254330482311605
-0.019711417874292 0.0139606991638581 -0.125456528879538 0.190786151782498
-0.0229120691450574 0.0131499443629987 -0.27648721981732 0.0228693718904455
-0.0173077345703035 -0.0113091334470673 -0.292487949432199 -0.309505725773084
0.00430119885873469 -0.0353173616228576 0.140969852745205 -0.590586476545402
0.0143385859843025 -0.0113515068016131 0.70997105564652 -0.191771865679902
-0.00482416948125442 0.00904802704434679 0.523955537304458 0.485964481267366
-0.0256294446804576 0.0202817845940901 -0.0210166990149254 0.490690843853591
-0.0284072502242991 0.0187434848905754 0.0431815991197092 0.034093942579952
-0.0320640770494604 0.0136521819499577 0.0943575491521207 -0.476658173603045
0.00154500632298754 0.0168217071947787 -0.585531217016603 -0.572283748009711
0.0232263442985248 -0.00136234602240488 -0.844023926961483 0.260175701907341
0.0235780521389371 -0.0261975455207491 -0.0747439651186785 0.710945516162383
-0.00682243715594459 -0.0100471706680007 0.397452314950758 0.328304651628706
-0.028202272087358 0.00186819131703711 0.349904622048261 -0.0737862836599996
-0.0161360239594117 0.00584195716604032 0.0901135041122818 -0.256495622644124
-0.0209938017524861 0.0166856276243077 -0.122539527787907 0.188315106476215
-0.0238044376878353 0.0115595173543054 -0.270533077710399 0.0187209032354692
-0.01846526363962 -0.0174558306105605 -0.274598072997131 -0.31700370711618
0.00564023513799673 -0.0373302617751331 0.168724411046118 -0.586376233758198
0.0241296488466614 -0.0071219564107176 0.71897718989991 -0.166488614900216
0.00565861859289929 0.0174953934251293 0.508180678528776 0.508291118680191
-0.0246235498257252 0.0295670751561856 -0.0360646028124223 0.496643327617643
-0.0290593196207226 0.02717266345469 0.0371439164434834 0.0379950413213233
-0.0280065590381817 0.0252033385427998 0.0783482286581383 -0.47061531986984
0.0131471174450417 0.0241890307587819 -0.604234764935586 -0.544909333968528
0.0303691846415601 -0.00109486442874914 -0.828974708982614 0.288626113647577
0.0182214426525739 -0.0297380062839313 -0.0424838894652884 0.707657398243951
-0.0119669132516349 -0.0148857137949318 0.414253671058242 0.318962729731942
-0.0291378775730585 0.00253883555804262 0.352698079183929 -0.0803984588992539
-0.0170183481088855 0.00881641637348747 0.0900258262585517 -0.258223005463451
-0.0202202924387612 0.0189955743901182 -0.119690974249831 0.186216755196325
-0.0199842513030177 0.0111068645870203 -0.265808303686549 0.0167248262006629
-0.0182097441012807 -0.0214472626287071 -0.265855940773975 -0.316647265700914
0.00338668817487086 -0.0364727382496931 0.178885868460154 -0.582210616546668
0.029663613832455 -0.00322994158792243 0.721740750244038 -0.155169781466043
0.015126533219345 0.0235442901129194 0.502318111837683 0.521216007502137
-0.0208503452174423 0.0372965768715984 -0.045699871653153 0.506784176522002
-0.0282135422898087 0.0337515880758749 0.0295184749087769 0.0472947290862564
-0.0224411252536947 0.0320981608015674 0.072364667553835 -0.460136051193429
0.0239394459878309 0.0285571241167443 -0.609858169128578 -0.531376397005387
0.0353507625044681 0.00288844195030051 -0.824102750850464 0.30153199531662
0.0146706116472931 -0.0282557738150775 -0.0312891502746681 0.711380786904211
-0.0131215093139434 -0.018134836256503 0.422651899504504 0.317214266990039
-0.0260044113653546 0.00262867804206518 0.35948775952592 -0.0823492486296128
-0.0151474874842284 0.0107896366767081 0.0936809167333112 -0.260494542403037
-0.0163419143080802 0.020612494543702 -0.115551361858702 0.184435915355103
-0.0141578651817884 0.0122275713448731 -0.258941871401546 0.0165566958486366
-0.0170793024580993 -0.0215761565648437 -0.259878907772707 -0.314647513660745
-0.000914716687218005 -0.0313963659162094 0.179777534057019 -0.576799084659431
0.0307200409236467 0.000539134367957442 0.72479304029411 -0.152182238105754
0.0214666261383826 0.0256644503727495 0.505678233709273 0.5268476670978
-0.0144112164906186 0.0398037180697377 -0.0463999629018375 0.514304522514267
-0.0245730509756115 0.0362315759046843 0.0247771560377588 0.0574727268476709
-0.0161494125198383 0.0339250036271586 0.0723241044011281 -0.449950402227214
0.0310802268269662 0.0295467406566448 -0.600423612993214 -0.524698274893732
0.0371691074423239 0.0064563579446838 -0.822610294685886 0.304193482195179
0.0116483435931148 -0.0221844555821808 -0.0300452145968931 0.713516042286009
-0.0110162266228004 -0.0189673538772555 0.428050962936524 0.319138285321824
-0.0185285884112044 0.00279492469414479 0.365267532348891 -0.0797194252514006
-0.00988442764837386 0.0120053955652299 0.0967036657004655 -0.262247429708797
0.00350224090235873 0.00778757787093837 -0.11662774479551 0.196122080189622
0.00695648146896959 0.0169832560577278 -0.27303456021147 0.0513515839309805
0.00364846882315397 0.0146495714735162 -0.343777084727976 -0.265464711759755
-0.00506849899967189 0.000986812231031119 0.0196337628981807 -0.579497757241706
-0.0225388115878092 -0.00503331304148642 0.657314834932625 -0.285185271986203
-0.0306918429751808 -0.0210422656118781 0.608189514582864 0.394770260750672
-0.0140475181038124 -0.0195081848916601 0.0463068898120224 0.486634762838922
-0.00555232408854973 -0.01761197112766 0.0540396647702305 0.0512224790893301
-0.0206494841105404 -0.032453050612774 0.165601121697907 -0.447813061861658
-0.0264174943821963 -0.0190118272773627 -0.46366409035769 -0.65245900951849
-0.0182497286198031 0.00899398744942413 -0.879544902459302 0.12450229521943
0.0185703824134198 0.0140468823325795 -0.222949248861438 0.702918698679324
0.0178232997140373 0.0177454736551969 0.326944438393443 0.378898409873524
0.00722665432259571 0.00240082979259683 0.349301726637927 -0.0368346208463516
0.00973779852346118 -0.0037214763789431 0.100587114260694 -0.249864417327452
-0.00319082602242466 0.00883623109389428 -0.120226122082527 0.196113619256407
-0.00188065942997549 0.0164320638339205 -0.276525524122143 0.0450062071863888
-0.00197345204319573 0.0100037558805262 -0.337076487008411 -0.275518223408761
-0.00279681313152238 -0.00885833752944616 0.044631816642991 -0.584065696105449
-0.016821107807208 -0.00952480130849315 0.670009548031662 -0.266295644879588
-0.0294813736588119 -0.0165496444356513 0.58712560173973 0.413326153376359
-0.0200766685179957 -0.01243138595637 0.033883168500959 0.483203643283896
-0.0124330779794142 -0.0113462946354381 0.054075493987426 0.0427180889269893
-0.0265433289930809 -0.0245805114346436 0.154526134587759 -0.460674504094514
-0.0245794872707171 -0.0117355041976204 -0.491022139266998 -0.641820101122001
-0.0097789172524555 0.004550517237583 -0.875558351372739 0.149390691708958
0.0237655598873088 0.00298545321254754 -0.193955788164392 0.705655859608161
0.01274689177623 0.0117087825764127 0.338813521242633 0.366708032411732
-0.00382969837426543 0.00107003013200138 0.345473509229496 -0.0453391142437633
0.00241737050072485 -0.00279123343121158 0.0950654967796368 -0.250537426319225
-0.00967388494312376 0.0105581886701661 -0.122959962240961 0.194549976353604
-0.0112387620052382 0.0155983104331966 -0.27738930644414 0.0379940485512243
-0.00779965809663107 0.00461314841851874 -0.322846667238608 -0.28800849733009
0.000124525737147431 -0.0196789347337265 0.077490234450036 -0.586668676000878
-0.00702932639922511 -0.0120479032112396 0.680202195519526 -0.243266435167327
-0.0233568029654103 -0.0093737484391613 0.566327464512479 0.434963541073741
-0.0235340403897631 -0.0026217411075563 0.0139281077193389 0.479563724609249
-0.0191532826038873 -0.0030388538318766 0.0526443129435874 0.0369577572758231
-0.0311112737644385 -0.0124050470838324 0.136638944945298 -0.468973935503996
-0.0195141282352765 -0.00239014920391781 -0.522450203920956 -0.621231753516343
0.00184368992709548 0.00168567700977291 -0.865949027557574 0.183473434540284
0.0265143782342423 -0.00927729961506539 -0.154958862172823 0.702058126194803
0.00711581338189704 0.00411082818799219 0.355047249610706 0.354355092363267
-0.0142228040738532 0.00074249435674045 0.344259204421686 -0.0543998672175744
-0.00544523006871896 -0.000797256894613897 0.0938564354529743 -0.252585192051047
-0.0152853943927782 0.012102999863128 -0.124338999204171 0.192868168364555
-0.0187576085973515 0.0143502917792738 -0.27497525135439 0.0300714866638265
-0.0134439098285952 -0.00347930327384451 -0.307875734581694 -0.298459905821153
0.00176212034843692 -0.0279188659249306 0.109660618672238 -0.586206325351324
0.00298489090130686 -0.0125618849580539 0.694080199859575 -0.21751706178164
-0.0146189997393735 -0.000367178420273177 0.541252885613409 0.460050544198177
-0.0260591858386853 0.00883904642591467 -0.00472482709101111 0.482171436593311
-0.0245226014619381 0.0074338759636979 0.0485164438469717 0.0336516435862163
-0.0335839629946598 0.000242435304412568 0.117014299033985 -0.473475642720707
-0.00981033003073345 0.00750859979873141 -0.55156281759557 -0.597078611871244
0.0131274051530443 -0.00022099731019307 -0.851364305412161 0.219108860918017
0.0254762599404618 -0.0192959923348213 -0.116038160938464 0.704096175318197
-0.000169312472086026 -0.00273317253269522 0.37321073614535 0.340448893036419
-0.0224004372696122 0.000576784035653822 0.344449388233455 -0.0640257533438529
-0.0115757923142155 0.00163676813828419 0.0916166243526519 -0.253177665922014
-0.0190214050968427 0.013830056799498 -0.124139748236771 0.189810064629099
-0.0228516209681823 0.0127805133224036 -0.273291384266706 0.0221105123829628
-0.017372346132084 -0.011509803300679 -0.289476204986044 -0.310427560446031
0.00470949728943044 -0.034204741707001 0.141989905200868 -0.585373675041474
0.0149433318291672 -0.010216818129416 0.70408080286736 -0.18921888844201
-0.00407030772085249 0.00830590539343101 0.517376147908327 0.483621056668325
-0.0260436867798057 0.0196899858585847 -0.0234717912209124 0.486541621987953
-0.0288591212895338 0.0177930955979153 0.0425152892516722 0.0345724922170662
-0.0325168775861157 0.0141715125685389 0.0975778008880385 -0.471863376343546
0.000756316046906522 0.0168191895973499 -0.57856197598135 -0.568794201234047
0.0225029601020648 -0.000974053112118576 -0.837964093094826 0.25389349225974
0.0231376085744595 -0.0271779549228508 -0.0781428044099916 0.705591831881324
-0.00663115537095212 -0.00983418494918988 0.393184738369511 0.328437550554629
-0.0280594507923999 0.00139454443030924 0.346889176787941 -0.0720872348893572
-0.0162492879371806 0.00492114192181536 0.0918113446643374 -0.255273180390815
-0.0211547048795807 0.0160788374830145 -0.123198250114297 0.187835145351517
-0.0233545209043343 0.0108013440880661 -0.26812200646933 0.0179264201108864
-0.0189842282469519 -0.017982263232606 -0.271171113883075 -0.315130468200501
0.00546760769477772 -0.0365454048169128 0.168865454852598 -0.582250919866216
0.0245053593560677 -0.00740118962105768 0.71225547015078 -0.162346309740679
0.00514782213639447 0.0169191163279186 0.500048874446367 0.506272746068044
-0.0246593138935678 0.0291157511672967 -0.0385396947499403 0.492914080456298
-0.0295005174882357 0.0268302636421083 0.0363282782175062 0.0386779825080264
-0.0282849918384723 0.0248833871003322 0.0810074972814205 -0.466017278967207
0.0129069755351234 0.0235166807734032 -0.596226087632007 -0.544835186110648
0.0303178753143823 -0.000423044801266825 -0.825725856952889 0.281183080603389
0.0181433540936073 -0.0292505211415356 -0.0465713437017109 0.702421326672282
-0.0117465491898723 -0.0153987938124527 0.409915396427366 0.31790979885708
-0.0277916865171887 0.00238383648765974 0.350457577835312 -0.0796237196423789
-0.0161530650887329 0.00785965527589976 0.0916961991067248 -0.257078157234378
-0.0195157455344226 0.0186499484534048 -0.118983233227812 0.18572454511742
-0.0196080926735986 0.0106305153512351 -0.261672710696425 0.0160102413268363
-0.0180398075438879 -0.0212833887812567 -0.261425745372331 -0.316359698041593
0.00316595290225059 -0.0360041830054691 0.179137810458774 -0.576326323869367
0.0301445836276331 -0.00310095931938909 0.716912745073915 -0.15131679282974
0.0153164429684574 0.0234805452389138 0.494412390475478 0.517926424303941
-0.0213181164907649 0.0366397975790761 -0.0471974728860252 0.501486087265042
-0.0278004134529105 0.0329101435001997 0.0287146990002565 0.0474889843341111
-0.0225756568379171 0.0314317951952394 0.0752196193980068 -0.458241883193918
0.0229593633572487 0.0283386056270636 -0.598749699830597 -0.530218637930446
0.0355683922903126 0.00242135625799665 -0.819294934838546 0.29522470897225
0.0145468532685322 -0.0276877777223913 -0.0342813170761587 0.706886518448827
-0.0129787491554565 -0.0168540493621616 0.418924521113746 0.315901439588935
-0.0254449837095954 0.00345966824957336 0.356818660957654 -0.0815590793336474
-0.0147887235080303 0.0105246876105613 0.0937067700438338 -0.258819326907222
-0.0155575975393516 0.0208973383680583 -0.114932903410729 0.182994573603176
-0.0142543001437839 0.0112285965854951 -0.256086625921285 0.0163447292228375
-0.0162519573218845 -0.0221758542271631 -0.256755306668414 -0.313841131329984
-0.00122266289186583 -0.0312608986141141 0.180805141611345 -0.570636242326457
0.030118070873277 0.000237290381179894 0.719349929174736 -0.147486886262535
0.0211787846523689 0.0253916572559949 0.499042953431285 0.523340103722684
-0.0152234124593296 0.0400861496141089 -0.0484708144835653 0.510580119929167
-0.0243981330185191 0.0352422447275975 0.0231464628885587 0.0570444066247393
-0.0155451170857692 0.0345457043176871 0.0738461246934778 -0.445723327737694
0.0296062109553826 0.0292914398715099 -0.593671416223712 -0.525479281978181
0.0369198684332742 0.00710438383950924 -0.817209148352719 0.298222379594294
0.0119218405867276 -0.0218386248787578 -0.0321531189546137 0.709730377270211
-0.0111777909522838 -0.0184634019670793 0.424125795607633 0.318392894901476
-0.0188458250069979 0.00289072159038268 0.361981366159625 -0.078760982288366
-0.00955342664378557 0.0116642052413538 0.0969285875154638 -0.259805603773008
0.00397449152793347 0.00793676668315261 -0.11673455411905 0.194661530621884
0.00743074805779258 0.0161945198645831 -0.269984820202776 0.0510651158776975
0.00380916424930197 0.014562764613678 -0.340407059146054 -0.267384207696224
-0.00450456676268758 0.000933469094111675 0.0220874950786504 -0.575011595461436
-0.021808536380976 -0.00550056187947053 0.654187816955621 -0.280454706716603
-0.0303849402997819 -0.0209527006191363 0.602543723866493 0.394306544995712
-0.0139279390457972 -0.0193925545584987 0.0452125431525497 0.483379105948771
-0.00563836516845209 -0.0176562025046919 0.0530375277396116 0.0519416672025996
-0.0192839605716443 -0.0320599459675907 0.167700551471319 -0.444860208278893
-0.0263195144287946 -0.0195084727079184 -0.458095076745612 -0.653160121163555
-0.0181650208873439 0.00861837145086101 -0.875365640089121 0.116861734334405
0.0182920570450198 0.0138027820048926 -0.224851397211938 0.697954133905881
0.018282177457016 0.0180864814149089 0.323092192539679 0.379289375616134
0.0078264712586563 0.00271734446743345 0.347938550762651 -0.0345215973700545
0.0104946646425094 -0.00409105818732248 0.101320654674008 -0.248765887515576
-0.0028412892223393 0.00852678452339094 -0.120396223711662 0.195541724413093
-0.00255051069962929 0.0158389324734425 -0.273458951605721 0.0451245497459544
-0.00200801150438676 0.0106882834640179 -0.33339694878104 -0.275825015518461
-0.00158316677872975 -0.00852033501141011 0.0471952368042242 -0.579657769426765
-0.0165768273346127 -0.00946622880832793 0.666749262133141 -0.259291066145824
-0.0280223379554749 -0.016449293546893 0.581271601457391 0.412805401064502
-0.0198149133464832 -0.0122878391714783 0.0294787405743048 0.479553085435988
-0.0124723134899808 -0.0109490895835182 0.0540853414454298 0.0431494051258375
-0.0262701926310621 -0.0243037848277212 0.156362159853776 -0.456493943264939
-0.0255920337794366 -0.0125793904493262 -0.48256402140657 -0.64072420263447
-0.00928001683073824 0.00510687348200786 -0.869698412269419 0.143322972006785
0.0232444309790653 0.00244550639629048 -0.196724564223949 0.698643971052316
0.0127707903078289 0.0114816423804522 0.335557293330889 0.366706902962236
-0.00348407345266058 0.00152264371730128 0.344232837858761 -0.0437954078810837
0.00241591058207969 -0.00376485175191101 0.0971546190722395 -0.249189650947425
-0.00931399574675445 0.00970129822363783 -0.123157761377279 0.193674558073325
-0.0121130964147811 0.0148836238332044 -0.275116984471744 0.0358889560019206
-0.00839435643165293 0.00413962199778631 -0.320107113913609 -0.288444993006245
0.000162446886090717 -0.0185681124499506 0.0806026155326106 -0.582777988942628
-0.00751376826769701 -0.0123143598788248 0.678374431513058 -0.238780774870378
-0.023297614575699 -0.0102642999473449 0.55705074204496 0.432738007800551
-0.0235099430466319 -0.00284981405348905 0.0111510173960731 0.477406876320356
-0.0187564949647553 -0.00301196839305246 0.0517555712462216 0.0371534955697268
-0.0314306650764636 -0.0131927207802878 0.138813374944661 -0.464998848259744
-0.0198545203764098 -0.00290149656378722 -0.51381969426696 -0.621895392189505
0.0024466820829107 0.00209272000841053 -0.862135997701363 0.174955648706175
0.0260603690418719 -0.00986978836911718 -0.157212640642831 0.697992304940822
0.00688069012721304 0.00398677656033092 0.351652723156249 0.355048421651336
-0.0138428911056655 0.00071209508213347 0.342369304657776 -0.0530874340356374
-0.00453329777843068 -0.00129643017501369 0.0951673829325879 -0.250590181499855
-0.0151644706742792 0.0117562624244014 -0.124426510706006 0.191880396053627
-0.0183816627409178 0.0135939590709632 -0.273668642496624 0.0285949447421085
-0.0131114933914888 -0.00399653691273246 -0.303846707379204 -0.298265069191837
0.00200843472931283 -0.027685447289795 0.111294053307394 -0.582003212327024
0.00299836528934804 -0.0134085425467177 0.688108897695481 -0.211366534555055
-0.0143596786321941 -0.00140540378343897 0.534473001958262 0.460079760523095
-0.0256830184907381 0.00871540758167614 -0.00764620816926794 0.478392732082828
-0.024081909136281 0.00777538553157149 0.048281073676649 0.0337868472826908
-0.0326988186891261 0.000338151707483615 0.120006754468521 -0.469251483227347
-0.0104297024868473 0.00639234305961242 -0.545589971741057 -0.59657660501127
0.0134654152200776 -0.000150603856346534 -0.847495688665642 0.212337461836754
0.0257997950391401 -0.0190581676574071 -0.118061779797899 0.700712551895581
0.000177421761096866 -0.0032362276928813 0.368411964213235 0.338999626572297
-0.0224618979982669 0.00135785625380517 0.344254163559729 -0.0618549480526
-0.0114870122408496 0.00156119798483896 0.0929136722256596 -0.251731019451182
-0.0192166250815522 0.0137055939458739 -0.124296985561739 0.189494312205349
-0.02271012194019 0.011652545963637 -0.271396904161031 0.0218769422877762
-0.0168078403852855 -0.0112030952208085 -0.286813079261981 -0.308110205197431
0.00485945012218752 -0.0340849357808365 0.143614793610533 -0.580415679831435
0.0151163250030125 -0.0111678403586607 0.701059858468155 -0.182812693144467
-0.00443269440556528 0.00837861357151015 0.512496609238438 0.483370810844437
-0.0265354312046524 0.0192735874321737 -0.0276712772051907 0.482693672556716
-0.0282484428505455 0.0178345075488241 0.042568875817604 0.0345375764799358
-0.0314946745306446 0.0139572460738829 0.101519634196655 -0.468692871908052
0.000558691673607993 0.0163702052896441 -0.572369990962299 -0.569447113109334
0.0234645080436737 -0.00110760160603299 -0.833996867224464 0.24709461708487
0.0230171435978274 -0.0267803116560781 -0.0808547080850019 0.700449620294158
-0.00657237007977562 -0.00978448399764226 0.389598877332872 0.327700541854133
-0.0272231202568614 0.00146622148250365 0.346052487675212 -0.0695902774660888
-0.0157256947250788 0.0048703967604914 0.0915957734291282 -0.253241425171465
-0.0204600480311773 0.016150458697877 -0.122714640387217 0.186979527106734
-0.0229169626708944 0.010749215146723 -0.265780648441331 0.0167071077187314
-0.018046869986865 -0.0175628913945501 -0.269048010595701 -0.314222610268175
0.00530771685533549 -0.0363184911252877 0.171324842754836 -0.575762568551104
0.0235255000101623 -0.00709008629885955 0.709556566087665 -0.158527889911859
0.00580970195294816 0.016998231663418 0.492674163617843 0.504887078395195
-0.0250371463217856 0.028584121107108 -0.0406659608680404 0.488657632798798
-0.0291087045150132 0.0262941483476358 0.0361758183125555 0.0389272438071825
-0.0275146474698156 0.0239642612212654 0.0840574283082811 -0.463058087399594
0.0118286964220691 0.0231166978961407 -0.589722517266701 -0.544909581436929
0.0305230311540283 -1.3493854649319E-05 -0.8214813792157 0.27730036918801
0.0189712844636146 -0.0300320488671989 -0.0489969584831071 0.699839916743979
-0.0114252923564072 -0.0149503523409869 0.404907856961153 0.318444884065034
-0.0278485730429314 0.00235402322775222 0.348962112141233 -0.0771858269348991
-0.0170153268293881 0.0074081762320494 0.0926294524065252 -0.255927863347221
-0.0189690777530195 0.0186670901729546 -0.119590504863154 0.185082386163883
-0.0197104400438557 0.0108105325606976 -0.259579987579636 0.0154783019103582
-0.0182818258208253 -0.0217330339130681 -0.258462370825608 -0.31528774500282
0.00348656513424634 -0.0351633398835025 0.182531676611332 -0.570627503942904
0.0300894683536381 -0.00368916104420442 0.713795812265527 -0.146618734868019
0.0150902968786786 0.0230792277903661 0.488337622789388 0.51687925575179
-0.02112847250314 0.0361543349611966 -0.0502463787848811 0.496935959001622
-0.0274629900055599 0.0324901740349236 0.028615212702023 0.0476772904069737
-0.0225610645974845 0.0314429007888846 0.0785852158036517 -0.452147715388487
0.0222820089515437 0.0280823182131409 -0.593292620061273 -0.531603200926197
0.0351697456241589 0.00229850341559353 -0.816860154379128 0.288100312884402
0.0142496769833231 -0.0276078185046273 -0.0366649706571373 0.703731105850756
-0.0129519146364266 -0.0182078391830644 0.414350159541889 0.31694294502481
-0.0251078842253594 0.00335187677597112 0.35576266138355 -0.0790233506095145
-0.0148611821144365 0.0104630752970799 0.0948504006123118 -0.257773582089327
-0.0152573040757447 0.0205298853297258 -0.115249007458612 0.183532419335996
-0.0134500638304904 0.0115543496007532 -0.254612392065749 0.0168320001026865
-0.0165530145108498 -0.0217846435013738 -0.254143631500524 -0.313948411101918
-0.0010001089586916 -0.0313103558015789 0.182527858282191 -0.567944694058723
0.0312898452213817 0.00109015464484487 0.713792948222268 -0.144020638681568
0.0209221736025772 0.0251565366229015 0.491872800447178 0.522021425588143
-0.0165274273375224 0.0392370687509742 -0.0518102260729947 0.50599821150957
-0.0237396543344252 0.0347773203629314 0.0235061884722825 0.0571047604089984
-0.0151188567261019 0.0341931147857617 0.0775663450620368 -0.439478179596403
0.0296265397432267 0.0296564281371363 -0.587641549589379 -0.525879830324699
0.0367078509038127 0.00661986707140364 -0.813846543919592 0.292372730694632
0.0114527387849307 -0.0221090463765137 -0.0365523337511422 0.70450478102353
-0.01112931785257 -0.0191326435055416 0.418524570796229 0.319291140411177
-0.0179456411021205 0.00291773220422335 0.360851242867636 -0.0781001307324973
-0.00906403661063701 0.0111444911990454 0.0981380258152193 -0.25868700193296
0.00415733452714116 0.00779366692528104 -0.117228288363143 0.194713447067242
0.00708965828249506 0.0166489382402079 -0.268627390282453 0.0495398232538477
0.00374689921824824 0.0143889660553247 -0.338877435465695 -0.268245267702556
-0.00466535535369962 0.00134746928077903 0.0242792331552005 -0.573560744191421
-0.0216672257750307 -0.00540854975384527 0.654508540815327 -0.276615851302114
-0.0296642766028474 -0.0211859575807565 0.597131426149836 0.396516009760168
-0.0144318380509066 -0.0193400957381716 0.0405049131547603 0.480655750003801
-0.00428470966327526 -0.0168291723052192 0.052217010987825 0.0523344786791603
-0.0190830127356559 -0.0318802057517738 0.17108189360718 -0.442300301898232
-0.0264737361922253 -0.0199921270331189 -0.44896476333041 -0.652835037615416
-0.0184050732697603 0.00876390995115897 -0.871828378694111 0.112707876299276
0.0179008184973401 0.0134553475009197 -0.227268745050372 0.695527930546839
0.017924634904773 0.0174234153407592 0.321559097997615 0.379162533601708
0.00791465476667537 0.00278428809462122 0.34686589465577 -0.033659693475007
0.0103806542479335 -0.00410428045776301 0.10179365623591 -0.247823818531752
-0.00242049640192724 0.00893664988732436 -0.120101992463116 0.19562026489585
-0.00246939555881338 0.0159201290362045 -0.272659846275261 0.0428233993950814
-0.00190063717185076 0.0097449450917828 -0.330238964685932 -0.276710938437888
-0.00218056034065425 -0.00848246888678581 0.0506323823101395 -0.576182536114509
-0.0159429020705169 -0.00948051382242708 0.663187814542814 -0.255618760807443
-0.0275522696821726 -0.0164041475580451 0.575955352859282 0.415464797875369
-0.0198195913209981 -0.0119445534782084 0.0257861968812936 0.477986671379892
-0.0116980700651851 -0.0107679600271952 0.0535741670102131 0.0432850214035399
-0.0262387044832359 -0.0242638701517039 0.159151732919751 -0.453823789525007
-0.0256365333591469 -0.0128622756604306 -0.478687380400233 -0.641756125565422
-0.00954815332854841 0.00486586190342515 -0.867293422276416 0.138613522953554
0.0231008042741594 0.00273103284476346 -0.198461116769178 0.69502408355536
0.012180950858071 0.0115588203071021 0.331849348142368 0.367891865781844
-0.00367865668761313 0.00165246904660346 0.34344765012764 -0.0422017900158108
0.00269312748288722 -0.00355071544048324 0.0987020925065198 -0.248601877220621
-0.00938500657723101 0.0099192869148339 -0.1239305519636 0.193353257154464
-0.011625149010852 0.0145673583812705 -0.273007442810348 0.0361039466095524
-0.00813989779140648 0.00379431687704504 -0.31738842738828 -0.289351192366611
0.000382854549004328 -0.0182089266713102 0.0808879367136073 -0.579383105202891
-0.00710293671601999 -0.0120232868005952 0.675347189815595 -0.234430160507937
-0.0224998117009436 -0.00950064559965896 0.552362722747177 0.436208136330474
-0.0237484251863362 -0.00300793502683714 0.00732024387343697 0.475807545349328
-0.0184247717682523 -0.00302774205934719 0.0517425453313835 0.0373639863815352
-0.0301474469846098 -0.0128452477445486 0.14233778817166 -0.462468896426247
-0.0202413207141942 -0.00354193783750723 -0.509668201284923 -0.622693657500226
0.00200740824564755 0.00214749154141505 -0.858970513748819 0.170355805104766
0.0263182215945307 -0.00932143410900849 -0.161955604955653 0.694052792532705
0.0067345095673382 0.0041592062732723 0.347865495732726 0.353737469990693
-0.0131967843570687 0.000938873664703588 0.342395145950804 -0.0511084275017581
-0.00476125650554633 -0.00141101936211135 0.0952111714398879 -0.249419771187062
-0.0153800662967144 0.0114013437700129 -0.125046285153503 0.19184730996904
-0.0183523529076823 0.0131783313399527 -0.272620521002782 0.0285609258471081
-0.0128004044573607 -0.00352387491493252 -0.301535530833827 -0.299145536993118
0.00280769938089329 -0.0269737137231121 0.116206586656144 -0.580207689350258
0.00366653875423001 -0.0131668696651002 0.687901972119611 -0.208084134532773
-0.0139712028449041 -0.00176634119862638 0.527429454354211 0.46050323855547
-0.0260990742711908 0.00837898285061921 -0.0112878192891834 0.4769474161641
-0.0240616430104863 0.00720500584246235 0.0477742859037742 0.0351569178645621
-0.0332397224880561 0.000739777310973682 0.123505394842853 -0.466778260192838
-0.0110008413588882 0.00654620650079377 -0.53819107182984 -0.598851437450567
0.0136131768186721 4.49797700930238E-05 -0.845138715735506 0.206378219573205
0.0258411674910251 -0.0187622948409503 -0.12219336020061 0.696645161533877
-0.000279686023706296 -0.00285317794278568 0.367153482851687 0.340950701019202
-0.0217141598630348 6.7831611275417E-05 0.34288868122518 -0.0599059901726487
-0.0113080911865386 0.00119291887192633 0.0932571028606748 -0.251266051032795
-0.0189302049541055 0.0138309453759214 -0.125044606921102 0.188934693881204
-0.022983057963637 0.01193696424653 -0.269804527877297 0.0199187618899647
-0.0163705867021875 -0.0115047530133961 -0.283408027300127 -0.30801836981604
0.00597567800578226 -0.0336002518560303 0.146960315421984 -0.57749723219592
0.0149651454923581 -0.0105770225356192 0.698718618076044 -0.178897031091744
-0.00427312880483474 0.00844502024453462 0.50740439642863 0.483658143458255
-0.027051366959763 0.0190526571032718 -0.0300645749651452 0.479027976259676
-0.0277235382550039 0.0174751165919964 0.041851324401918 0.0354799302514186
-0.0315482257334797 0.0135458338525906 0.104603594649455 -0.465321274429867
6.41185881873423E-05 0.0155119413979308 -0.565867863340474 -0.570454528616661
0.0231316592868212 -0.00125032008745123 -0.831904007476764 0.241711916971229
0.0232073077403123 -0.0261866206473661 -0.0823150304342937 0.696612558071719
-0.006673740806791 -0.00923022166194307 0.385685367306439 0.329265503111398
-0.0263903395278436 0.00109348075195603 0.345253983794436 -0.0686691744434451
-0.0151166297074331 0.00380325259574483 0.0928657310013838 -0.252977556385575
-0.0204455151285104 0.0159081483202812 -0.122539697907966 0.18651490023032
-0.022734883378365 0.0103229940573725 -0.263851918917366 0.0152215976933209
-0.0179521671369836 -0.0178349884675089 -0.265619671319253 -0.316574445797314
0.00610810154750953 -0.0361880291205851 0.172673202856585 -0.571800731260735
0.0236688443048152 -0.00756439959318505 0.706532642755457 -0.152914250077527
0.00598516642914358 0.0167505953128513 0.487779856801551 0.505417830884632
-0.0251597347470758 0.0287349300448839 -0.0444044248734564 0.486471549195384
-0.0285559655172767 0.0256349139267106 0.0359400117136256 0.0397733548997357
-0.0274835785974298 0.0237226248573842 0.0885253858810714 -0.459642294886245
0.0118822750960128 0.0232277466698487 -0.58476373402657 -0.546289323708586
0.0296877472386467 -0.000137570866610834 -0.820641890706988 0.269850524884447
0.018520147330063 -0.0297967608979825 -0.0532439747673056 0.696877674964451
-0.0114601613500682 -0.0142760470342329 0.403379698777949 0.318871453386837
-0.0279377615717914 0.00313094687951197 0.348695654368569 -0.0759730718247937
-0.0161089009199034 0.00744471525746405 0.093501650954323 -0.254923562863675
-0.019734049116124 0.0182732450623823 -0.119701653606779 0.184762414337204
-0.0192916596240399 0.0101942958682139 -0.258109070938078 0.0142169109043642
-0.0176381817336681 -0.0220642949387768 -0.257285060546121 -0.315427135205392
0.00430360744820806 -0.0351615162301978 0.18303041040938 -0.567194018899377
0.029318879815396 -0.00346561548660636 0.710604913577223 -0.14245544244909
0.0146378110802862 0.0230418482182602 0.480685554188281 0.517396977086917
-0.022889546176916 0.0362116040429275 -0.0540909006353972 0.494640116568837
-0.0273696867805122 0.0322928208780817 0.0291462137194064 0.0478503997191351
-0.0217147621741919 0.0313239518821637 0.0813355692257563 -0.450201055571572
0.0216524891544571 0.0277163946588578 -0.587752120648459 -0.532678147921865
0.035774883196079 0.00272356970142846 -0.815544764035742 0.280998974346923
0.0144248194583903 -0.0278512684913395 -0.0415590038769337 0.700335829389719
-0.0127786404497046 -0.0177468869552819 0.411564085530731 0.316776642838821
-0.0253167840409288 0.00253995825154837 0.355054732405064 -0.0775478435343804
-0.0145418354739803 0.00943023081947068 0.0953041344644191 -0.256323761692637
-0.0154206223585396 0.0201412948933508 -0.115766328605151 0.183061857708989
-0.0133409257085361 0.0108956203715461 -0.252532112451378 0.014789381399808
-0.0163620586454938 -0.0215281473181005 -0.251351813660103 -0.314314743283602
-0.001045329378768 -0.0317429382783784 0.183569024908077 -0.562634248599259
0.0304415895651253 0.000859758672270665 0.712919288070607 -0.139329073432074
0.0218392239715438 0.0250585747709538 0.485861244956785 0.522671549780502
-0.0166986564232127 0.0392705092264142 -0.0543808578295426 0.502730316980928
-0.0235174372298578 0.034646779730691 0.0228765883340523 0.0570137896734192
-0.0148343660092884 0.0336499696354052 0.0810237281952095 -0.438196687375465
0.0288596731531206 0.0287019945830025 -0.581351105722768 -0.528360342294945
0.0374230035946185 0.00723195314531696 -0.812894653638181 0.28538542283408
0.0118444839406792 -0.0221379725346889 -0.0392215682317104 0.703103060521241
-0.0103288557754197 -0.0188237838442314 0.41682194283481 0.319006516705894
-0.0183834226431162 0.00317220280504959 0.360137280820584 -0.0761350100198368
-0.00940632662469127 0.0113741069819405 0.0991367498133983 -0.256864131026786
0.00453182679090267 0.00814484093714633 -0.119085264242328 0.194706975011636
0.00761329782824205 0.0160033646922535 -0.268249071497205 0.0490954835098643
0.00371903541302023 0.0147644103628133 -0.336014855680075 -0.268383364744442
-0.00474017523596773 0.00160107160652399 0.0271308482140264 -0.570400672556903
-0.021685579732215 -0.00529163561282316 0.654044209270121 -0.27063531420364
-0.0301068018587951 -0.021140679247023 0.591131726641298 0.398134498259483
-0.0146490293801986 -0.0192068847019899 0.0373331043372644 0.480250393015184
-0.00406204963807388 -0.0172455078109385 0.0525768195475082 0.0528490893311095
-0.0188697531617736 -0.032065615988595 0.175154175588093 -0.439313981702529
-0.0265048885886516 -0.0197745731915145 -0.445014640071518 -0.655276376226232
-0.0183531706645179 0.00856811977791847 -0.871778763259614 0.105458985126333
0.017504344218565 0.0141997783273293 -0.232193687579901 0.690389886916497
0.0175592947960745 0.0175108299926413 0.317922059644413 0.381670904462425
0.00798126967011409 0.00295686796691372 0.347233333267606 -0.0327218286421872
0.0102612634486918 -0.00503718094079581 0.103478144546012 -0.247735674805127
-0.00263106089194011 0.00880643176057557 -0.121466189659987 0.195560324285901
-0.00225832865331658 0.0158818496155947 -0.272070089462346 0.0419670579096623
-0.00312394440252714 0.0106416362030276 -0.328631806892062 -0.278535081316515
-0.00221155813493582 -0.00801021387487878 0.0516912507101897 -0.575421841405355
-0.0161491736390277 -0.00966238361195753 0.66406431442805 -0.252809829274852
-0.0278201428681098 -0.0172356976342103 0.572330466788406 0.416555829969811
-0.0198599773913339 -0.0122874046652942 0.02290402292709 0.476476588882737
-0.0111398227725065 -0.0116102925387025 0.0534264194177343 0.0437589676092702
-0.0257162989596645 -0.0247007438235941 0.161011028621744 -0.452096249408946
-0.0254305030551695 -0.0131541894014129 -0.471045581847027 -0.644158975871877
-0.00873101492956633 0.00490233165457491 -0.866973226229362 0.131489595136355
0.0232123772058536 0.0021880339055451 -0.203277572446515 0.692526963706825
0.0121533233748953 0.011425575575005 0.330000897948435 0.368100128667125
-0.0034599669521093 0.00194410441996567 0.343335392261335 -0.0400929791423892
0.00266970097171106 -0.00344175413001285 0.099714198236741 -0.248472932334811
-0.00907308368576564 0.00965965243771695 -0.123715000307204 0.194043927481107
-0.0115474196554919 0.0149748425462097 -0.271960529602369 0.0351140291784587
-0.00782838978986022 0.00368367138681812 -0.315708169322806 -0.290392113434947
0.000433713491838131 -0.0182920284743347 0.0850035684292244 -0.578027756241404
-0.00723641160399265 -0.0122573955873716 0.674631901837143 -0.229480098674473
-0.0221862598887173 -0.010214018443694 0.548484895233187 0.437880629696228
-0.0240015407117453 -0.00316286105534825 0.0042815052779674 0.47294085261455
-0.0174242576338185 -0.00328124513374072 0.0516165041838093 0.0381466474679399
-0.0303850830926892 -0.0130703463391071 0.145934692443839 -0.459469931976377
-0.0200159876266953 -0.00378656587966104 -0.502276440628549 -0.62411753425349
0.00162428362097206 0.00177120886347399 -0.8585131449378 0.164090833620515
0.0258209023868958 -0.00916203277129899 -0.166446125645561 0.692510001302633
0.00600101325100322 0.00416801211413244 0.34598229260816 0.355790039913028
-0.0136956375348926 0.000374429380645783 0.341938396819895 -0.0493250408088295
-0.00485825214745287 -0.00228040576832259 0.0966777721741263 -0.2491137658425
-0.0151325399990614 0.0117555835097922 -0.125699899936412 0.191645007618734
-0.0179521637537432 0.0133900407968868 -0.271222542666656 0.0263912895142272
-0.013120997263219 -0.00422873122666055 -0.299551800587674 -0.301302893825967
0.00355758477277778 -0.0271357731143912 0.117115217772808 -0.577699621870578
0.00325910008774382 -0.013037249248129 0.68578487185749 -0.202906146117833
-0.0138970339374655 -0.00168306680899822 0.523210753436062 0.462956832919421
-0.0269464805127838 0.00777588763045537 -0.0150171355306953 0.473845484716522
-0.0234814976488034 0.00749547288218732 0.0485492993527628 0.0349943343494229
-0.0326645533924349 0.000103957054028288 0.127136065754075 -0.463011624699425
-0.0118140148435254 0.00610804448045256 -0.533008604613688 -0.602283469069355
0.0138196265011751 0.00011505323030082 -0.847449359818494 0.200535841316109
0.0259068479200549 -0.018657613189791 -0.126042675911324 0.697049725463763
0.000188684189544049 -0.00355282507279752 0.363985768684508 0.342430260259692
-0.0216601120066706 0.000482236544236332 0.34274993330714 -0.0598508603588533
-0.0114940445869335 0.00101145776407472 0.0954431636367837 -0.251413923720513
-0.0183364217234793 0.0130806083309352 -0.125973541632985 0.18904941798279
-0.0226671927614134 0.0111365560566719 -0.267937962681939 0.0200012059111192
-0.0171364837537971 -0.0119321976599617 -0.280549894453904 -0.311093896200911
0.00545855135565002 -0.0332811128310135 0.149832010545783 -0.574495738439847
0.0150819988417392 -0.0106871063405994 0.696979675273812 -0.173421029130364
-0.00370785453793227 0.00760088875757555 0.500155457662183 0.483776515062805
-0.0276316708554819 0.0189009456714592 -0.0321950463277753 0.477992995528402
-0.0274592371871834 0.0174920545582752 0.0422475572315152 0.0370701282136843
-0.0317608311970982 0.0131011753666369 0.108620919650976 -0.462802276703284
-0.000467693203439358 0.0158920298483432 -0.559207657309892 -0.575471490899249
0.0234803751535038 -0.00103844279562303 -0.832412960134042 0.235650150491516
0.0234092858438602 -0.0262532555577005 -0.086599053031235 0.696566803712515
-0.00684108709062362 -0.00979384610331284 0.382962720769325 0.330510091696377
-0.0261482967609886 0.00151683853467013 0.344508790814596 -0.0676339462882281
-0.015093322475897 0.00411849569086116 0.0938800992220475 -0.252250459543308
-0.0205087369235358 0.0155735025304211 -0.123800845655659 0.186641330329909
-0.0230663518355966 0.00985031552604186 -0.262800333242634 0.0150758232606442
-0.0180067417583592 -0.0183375832192265 -0.263796932524996 -0.318120462594988
0.00657993908666873 -0.0357419437497229 0.1751792772713 -0.569926288936897
0.024355111252762 -0.00747361035917703 0.704189921538754 -0.149398491618559
0.00577196222144196 0.0163157012831651 0.480143750429633 0.508121242395532
-0.0261654196501206 0.0283563063150719 -0.0480657945222534 0.484333087956569
-0.0279838240110728 0.0257470148878494 0.0353115256775694 0.0394578998624841
-0.0274983651724121 0.0240446472004578 0.0919378625248987 -0.45668940212047
0.0107885241550919 0.0225711261024153 -0.578641985334436 -0.548708731633864
0.0307289123096051 -0.000176226545588015 -0.819876653152823 0.26417118651819
0.0183958046894429 -0.0290305182339003 -0.0557515183974914 0.696162905583357
-0.0107952000784437 -0.0149917396887596 0.399763124775075 0.321467626354259
-0.0280652294048729 0.00240536269986854 0.348749865606165 -0.0743827023775304
-0.0161443992043907 0.00710747484346738 0.0945300429846078 -0.254723968600088
-0.0191913878830237 0.0178967250837987 -0.120574930627732 0.185104139728268
-0.0194841837380517 0.0102169303049185 -0.256608831199609 0.0129316355292502
-0.017569894748898 -0.0217957240292939 -0.254421889679501 -0.316747887692663
0.00458091890165096 -0.0351064357732517 0.186212317539736 -0.564768260512388
0.0295888960639082 -0.00306581210296091 0.70906070915664 -0.137386798541052
0.0148924132619597 0.0229126881755282 0.476638977182989 0.518303504449616
-0.0224552857770607 0.0357140692128466 -0.0566389809934259 0.492582169585517
-0.0269237995391264 0.0317406763379422 0.0283851764048007 0.0484784981921947
-0.0221775329490974 0.0317739037359231 0.0855830920807447 -0.448304861745322
0.0210453717271413 0.0272152921306838 -0.582402619343971 -0.537761715130922
0.0358017740454844 0.00274161496951446 -0.81587663839972 0.276418160373493
0.0147300526377109 -0.0280184989892242 -0.0440354086796689 0.697795801626162
-0.0124355879338142 -0.0178840703728276 0.410224726629392 0.319244183036622
-0.024927118503597 0.00304816087840816 0.354563212964803 -0.0765983026232819
-0.0135766250581731 0.0099301406800629 0.0966536397518584 -0.255381867364458
-0.0154524981750345 0.0203773751854759 -0.11625426184227 0.183478736540853
-0.0132019241310554 0.0106328609528059 -0.251483675236036 0.0134339976420278
-0.0161087356197246 -0.0210172850273034 -0.249013989864886 -0.314584102574998
-0.000216680701464963 -0.0304194441134972 0.186708600841776 -0.562001886934149
0.0299877048800069 0.00115340937642362 0.711818669624696 -0.13500261309074
0.0217319638971105 0.0253212577329507 0.48088003872405 0.522343077276334
-0.0170204309304899 0.0388078075882583 -0.0581303482411971 0.500275194814178
-0.0232774231480162 0.0341171825094663 0.0224478281088947 0.0574069090049119
-0.0152473747580697 0.0337747206621653 0.0836715999937191 -0.435502728878252
0.0282514823018133 0.0286823567453236 -0.57779591494078 -0.53100124649758
0.0374510009841303 0.00731087267904001 -0.812214149074083 0.280237502264728
0.0108768243637927 -0.0216136768254441 -0.0440776111332923 0.701965116749143
-0.0112936329625522 -0.0191185003338391 0.413278018616723 0.322315672773814
-0.0180113726464655 0.00333491264629994 0.360386236056212 -0.0736962128561199
-0.0090123311876457 0.0101787175531163 0.100371012879195 -0.256014417586687
0.00596387245438521 0.00533223959766759 -0.0885122085253037 0.207219954815206
0.0128942214006127 0.0150980906262302 -0.257881981817221 0.0859045896332826
0.00727048847020872 0.0180630155004045 -0.36943639995086 -0.220969158296967
-0.00643615965184237 0.00762429965248516 -0.0489440623736803 -0.567858397734392
-0.028702423201069 -0.00392902024926972 0.610237462033517 -0.356920319256492
-0.0349740063233778 -0.0181749558871646 0.637050895541654 0.311643319430333
-0.0170430246149536 -0.0174337817431237 0.108582720169453 0.466793702293303
-0.00579096548105418 -0.0164501747977145 0.0596368388075524 0.0451372372489967
-0.0229381627856993 -0.0297815675611335 0.107476135858096 -0.457296330111572
-0.0298351274408298 -0.0184216121741767 -0.533164064231713 -0.576615768581376
-0.0199437387082075 0.00819630333155586 -0.837521962846095 0.238435222909679
0.0137600713341669 0.00881539771138956 -0.116168463737008 0.715898674921657
0.0155675725479727 0.0158823156813467 0.374757749289798 0.324017821794782
0.00734469292321122 0.00276808277741563 0.33250342644473 -0.086629893916128
0.0113389686362742 -0.00558807180184303 0.0622432484700777 -0.25841020158856
-5.95979579120142E-05 0.00685318044136272 -0.0911938588040154 0.208506520190909
0.00299322679676639 0.0153734594042186 -0.261597021276443 0.080301148040935
0.000747562496902642 0.0138896886002185 -0.364676933042292 -0.229918977022156
-0.00574420352707901 -0.0025716361293362 -0.0262707969412653 -0.576395846621922
-0.0240607445031008 -0.00886881349875212 0.624487179041292 -0.337378067022222
-0.0326513005624662 -0.013865510211225 0.619684994780883 0.33214596846646
-0.0217448904806953 -0.0102027572340791 0.0934706889647979 0.465725959596285
-0.0123457041512457 -0.00935713703305286 0.059476368668836 0.0364052319330503
-0.0281691497091187 -0.0208343368328828 0.0925054633119043 -0.467853453934091
-0.0283795249355925 -0.0130218403731146 -0.558668939274924 -0.561526239059404
-0.0114705637608976 0.00411418231185275 -0.827728660465718 0.260929651451216
0.0179400998709305 -0.00195773767153345 -0.0870964096949205 0.713876077079724
0.00912773859856448 0.0106938202947698 0.385008638842545 0.311434714264755
-0.00329293382526253 0.00307273656784297 0.328117654599811 -0.095668449783471
0.00342011175557039 -0.00351802084537013 0.0571579308526903 -0.258782435495614
-0.0070969738134099 0.00853118478585303 -0.0939839294001962 0.20830037803897
-0.00694638623288489 0.0162241202853397 -0.263900934950376 0.0737716500918964
-0.00582101783067737 0.00835760609263218 -0.353196950827221 -0.24479548340972
-0.00444408891750155 -0.013497156389628 0.00364985681703859 -0.585102679797883
-0.0150422867780559 -0.0125081865327131 0.637553150358293 -0.317438932010337
-0.0262650973335082 -0.00703032241228472 0.599359180059032 0.354882773161893
-0.0243369165538618 -0.000405116700035221 0.0756148592189798 0.464626260745506
-0.0174421617397659 -0.000145897184535884 0.0572987956527271 0.0305216574806388
-0.0316477793667765 -0.00945558914034919 0.0759297342234176 -0.472961370968092
-0.0212176654915515 -0.00401839527263553 -0.586216154178733 -0.53808778326787
-0.00151009211364501 -0.000860604153324223 -0.815319478911804 0.292475565967721
0.0188221317196627 -0.0141089419101036 -0.0481771542386219 0.70794237164786
0.00308990684385177 0.00434347722409496 0.398609427555867 0.294555761919832
-0.0141165305939157 0.0040233069420197 0.324872537798323 -0.104904308650273
-0.00364416742334332 -0.000319091919966765 0.0544597445554613 -0.259053292634912
-0.0116293998924525 0.0111969864460973 -0.096097188404114 0.207238496841192
-0.014050248109216 0.0154400718084626 -0.26415223054687 0.0661225428129509
-0.0116252723827469 0.000710952861893713 -0.33813269238294 -0.257068058486259
-0.00339455701856663 -0.0227987284238007 0.0372251847210422 -0.587567345927249
-0.0043495104791995 -0.0149286697168919 0.653661993196029 -0.29412125286091
-0.0170583886848469 -0.000432041993545278 0.57889362305864 0.382218470114521
-0.025054495945815 0.0117663909559897 0.0556630250469642 0.469442803076884
-0.0217235836366204 0.0107277516541339 0.052530613281956 0.0286338389179416
-0.0320293143165835 0.00404033691036433 0.0552181822156554 -0.474974758937057
-0.0113755504541522 0.00465225695015084 -0.612408421417657 -0.5098544262911
0.0100077049067895 -0.00355930316676427 -0.796237300693005 0.328238552779735
0.016187187205288 -0.0238215239319735 -0.00769172525326948 0.702615053633952
-0.00494658063970029 -0.00199933358263761 0.414342868018234 0.277636777322585
-0.0213325296093228 0.00503753282792415 0.324496299551308 -0.114642227924131
-0.010139146360346 0.00346826319580012 0.0516555512418596 -0.260710906147059
-0.0154581453747985 0.0145078249755305 -0.0961292714526262 0.204029600974688
-0.0185953780662299 0.014193482096607 -0.26164449198153 0.0589463282693333
-0.0168947977755957 -0.00611615652365406 -0.323509571270259 -0.268916463608193
-0.00187652979439079 -0.0296412621007397 0.0683709005235445 -0.59026317265327
0.0079522273778107 -0.0146237864192441 0.667940587906693 -0.267436832800429
-0.00651998757190539 0.0073875601535189 0.560237144340355 0.409884031519955
-0.0245554645780094 0.0220541960004669 0.0385296246028433 0.475182840410215
-0.0243665670076842 0.0212064009206638 0.0473461765039072 0.0303165244034935
-0.0295483612086729 0.0167628187997873 0.0373980190596323 -0.470348570497531
0.000978319296872325 0.0118460999714877 -0.634455035140105 -0.481595620995993
0.0191211166665615 -0.00638909718352748 -0.779263431549009 0.360188013368043
0.0128576559962186 -0.0297013967439761 0.0285794070603641 0.697563834750627
-0.0126005027404379 -0.00707370390724648 0.432074125574183 0.262923039283817
-0.0260824154008776 0.0069541610871651 0.324177947785995 -0.122862282628791
-0.0137113223636914 0.00739037341133989 0.0507274852532029 -0.261613434993218
-0.0177548080884939 0.0163542303210648 -0.0946842318624789 0.20184596403681
-0.0188568159809362 0.0130205682379594 -0.256861072651471 0.0526655299012972
-0.0193368879593828 -0.0122149170471713 -0.306557933882888 -0.278286498940067
-0.00183449698677428 -0.0319713972402789 0.0958061921328238 -0.588571693914815
0.0167931913598693 -0.0121999516333822 0.679034224714296 -0.242789337257247
0.00493705031996005 0.0143912608040391 0.544558059782014 0.432926364270978
-0.021418901113332 0.0316604451783475 0.0247539088878711 0.483583882750918
-0.0242710434098577 0.0291770231445556 0.0412536407317557 0.033675994105634
-0.0237941028632054 0.026643186664164 0.0220840283440308 -0.463851284094227
0.0123512130251657 0.0175635107640472 -0.651305930694774 -0.450938919491968
0.026709318907694 -0.00616005061515903 -0.763912605883116 0.385944864841744
0.00797171305639894 -0.0317521993763341 0.0602851625793625 0.692070661294318
-0.0172747867455243 -0.0111400352071511 0.447380719109551 0.249687300747033
-0.0276035276174529 0.00750019162888443 0.326113413020631 -0.129672180982988
-0.0138725275435734 0.0105943137133538 0.0505926445955649 -0.263543060374131
-0.0152366283603432 0.0190108304035013 -0.0909931488740647 0.198794745054545
-0.0154589955349263 0.0123711121404756 -0.252226919980552 0.0503083297277194
-0.0195435790716987 -0.0156017169986004 -0.297821111035748 -0.279691401936945
-0.00399913694134269 -0.0312254462448488 0.108210675711867 -0.585914907551163
0.0230116384680695 -0.00873025649788071 0.684208441067971 -0.231367913925347
0.0147496554671769 0.0201377541640978 0.541113558494213 0.445618192645209
-0.0177569684101169 0.0382005878912738 0.0164648572711287 0.493112935786282
-0.0219614088180978 0.0357953387596637 0.0351498023807984 0.0436468888510523
-0.0171748420469222 0.0332907674049539 0.015855928773336 -0.453445315698204
0.0241063140791255 0.0204047667601878 -0.650691426718675 -0.439351231604684
0.0318125174591197 -0.00403369405982431 -0.755108377691787 0.398564999614573
0.00437340774012622 -0.0296902009431034 0.0710278974909727 0.690741599461673
-0.0194210492575966 -0.0137265995087192 0.455856621213145 0.247337897598957
-0.0237784654432575 0.00797602143055502 0.333251417629719 -0.133220083027337
-0.0110088959584844 0.0123615494277194 0.0523273203926806 -0.266649504786463
-0.0119609380355716 0.0199045177712874 -0.0872241542425088 0.196549445235512
-0.00928165806299189 0.012382696189152 -0.246162673535499 0.0504212305454658
-0.0182109000157367 -0.0163257677014461 -0.293282357032791 -0.277581983707059
-0.00736762864133874 -0.0266224965784993 0.106950589607248 -0.581511159134482
0.0241019207474761 -0.00513440296885928 0.685507074938191 -0.229357029073459
0.0212040386941121 0.0215910760885677 0.546303575970404 0.449806490577855
-0.0114887480548885 0.0400744171804555 0.017318863317508 0.502445477296333
-0.0172303193291515 0.0371614353591804 0.0310056167796151 0.0537007954698316
-0.00962500659928599 0.0356327467592547 0.0170472629419044 -0.440849791129256
0.0309222159636283 0.0211282990933645 -0.646686929689652 -0.43357938637683
0.0340962517021318 0.000880094724129927 -0.753718399905172 0.401015821885032
0.00237218751681483 -0.0232839429200839 0.0732890439305809 0.69597428634519
-0.0178923126710226 -0.0152123421286507 0.461259626710149 0.24873740659273
-0.0166748943749076 0.00679942148012474 0.338817258690272 -0.131735623352905
-0.00668607680454181 0.0124408819726466 0.0564563011475275 -0.2671010426056
0.00629879277917942 0.00528790117008212 -0.0883753341483041 0.208335162698551
0.0126580481239051 0.0150951956886821 -0.257738113418867 0.0847983839489964
0.0072809448783511 0.0180541764222466 -0.369331347894963 -0.222187842049148
-0.00638469764215688 0.0077519395256258 -0.0485851749663598 -0.568735224723214
-0.0293700633063262 -0.00388953938704648 0.613890095374768 -0.354396995693883
-0.0353179154447098 -0.0185448500437846 0.636107122658018 0.315123530449373
-0.0174277081988425 -0.0174308500771394 0.105573227172775 0.468284241033156
-0.00579411049196315 -0.0166266754861778 0.0598399867084102 0.0457843411347242
-0.0230021041102051 -0.029149819615638 0.109999736020779 -0.456616098927511
-0.0303632972383171 -0.0195860374279151 -0.530677157946339 -0.580437317482415
-0.0204305122550319 0.00813833831571602 -0.839960587945161 0.232420009577447
0.0136918270513042 0.00913998213557256 -0.119278238411798 0.717675105405892
0.015463636603156 0.0152581174373482 0.374122405819976 0.326128251531368
0.00786295715989917 0.00306060784916356 0.333501379727517 -0.0863882808645637
0.0102278388603162 -0.0055341819401699 0.0631920280800632 -0.259731268280277
0.000187449151609253 0.00657963484693552 -0.0924136147810455 0.20987518727788
0.0030315751206421 0.0160752546815832 -0.261333960691107 0.0807766414550463
0.00108598572308056 0.0139572055668907 -0.365363737403917 -0.233092175857108
-0.00543945548164252 -0.00279421985220054 -0.0252101103280346 -0.574969230387065
-0.0231164695058355 -0.00934515277937817 0.625887408424208 -0.335299742861684
-0.03306675111584 -0.0143725639230879 0.619547803736262 0.334024522741731
-0.0217834515146103 -0.00973603121175719 0.0918700056013119 0.465962913392794
-0.0116558641117766 -0.00998163756842901 0.0596225737027467 0.0366774352499622
-0.0280986369979581 -0.0211275220479813 0.0960389380422723 -0.467324938649035
-0.0281381902778107 -0.0128217089331514 -0.556368207382705 -0.566664225667115
-0.0116144781582164 0.00424389426737796 -0.83195629405725 0.256485421119242
0.0175630717132113 -0.00265823611217724 -0.0892811303481119 0.715586983833644
0.00952514873811044 0.0108625408959913 0.384245242894524 0.313525329358585
-0.00319454579311348 0.00359495610102815 0.328856560506832 -0.094330921225364
0.003037124176422 -0.00390813157609494 0.0595094479583925 -0.258864283360313
-0.0072936746524671 0.00940199200530897 -0.0952245099684199 0.208955761621748
-0.00622705698010503 0.0159531760186145 -0.263402820986928 0.0728811322469672
-0.00602622652695132 0.00855612073863628 -0.353497332031639 -0.247080645488214
-0.00413482109411669 -0.0135446376756791 0.00666913135743617 -0.584469769065939
-0.0149977121911202 -0.0127269090711881 0.639774811902434 -0.315827635132385
-0.0271704412634458 -0.00811945775299529 0.597026287566387 0.358953419175204
-0.0247653363359118 9.93327602933115E-05 0.0730283829109859 0.466167978517402
-0.0176494232753952 5.75012445143005E-05 0.0574541102896329 0.031169239336712
-0.0313004379052969 -0.00993836657333713 0.0773398254170469 -0.472711471934315
-0.0215555219375428 -0.00457547365818487 -0.584497120345316 -0.542844124630658
-0.00121211013546716 -0.000892069549172756 -0.819168908342321 0.289326476279404
0.0185177152305655 -0.0143739295966325 -0.053311493462885 0.710815805495835
0.00253592465676411 0.00401428712650031 0.398649851540098 0.297728456135818
-0.0132697794366909 0.00358994496127495 0.325974134039657 -0.104299521647162
-0.00483014982089022 -0.000750841636116327 0.0554973612802217 -0.260191449834974
-0.0126926591629978 0.0117661934395628 -0.096627199386931 0.207614098576172
-0.0141777503334064 0.0152828177004633 -0.263772347697304 0.0657704196236049
-0.0123843399772733 0.000861072689499134 -0.339147233548243 -0.259264627016781
-0.00380703327033333 -0.0234261141020755 0.0394760626307668 -0.588101852648362
-0.00394263091011366 -0.0146577364425085 0.655401857460223 -0.291500947203656
-0.0173374237878087 -0.000656057862128962 0.575639746029167 0.386204046689991
-0.0251048822671144 0.0116105039729492 0.0542216130469979 0.470603340134144
-0.0222020268227546 0.0111949251898094 0.0530328805569588 0.0288681661560177
-0.0314890932942258 0.00374412509839085 0.0582501207235246 -0.474965326924101
-0.0115457017951838 0.00407791543309663 -0.61215896042839 -0.514507983820488
0.00991141336615039 -0.00372767463266573 -0.800533035525233 0.325062033819134
0.0166489426757608 -0.0241301266707746 -0.0121188534127112 0.704691075267727
-0.00520010498109233 -0.00155634860840841 0.415042819726974 0.281662625468702
-0.0216899573658754 0.00552897630691599 0.324884515825674 -0.113630444374353
-0.0100356634959571 0.00247501587356682 0.0531093503549539 -0.262008454266828
-0.016212994658517 0.0139950656974912 -0.0969934121397891 0.205007343793896
-0.018629295086497 0.0148525306885061 -0.261270342403746 0.0578117517183675
-0.0164950059976875 -0.00652091043525297 -0.321045184749368 -0.269871492954323
-0.00180285547651849 -0.0299295730183204 0.0699825954258736 -0.591659071854856
0.00782587183678143 -0.0148428869610661 0.66917341302876 -0.263701919608685
-0.00622682095817819 0.00744127664649273 0.55650681394264 0.41301882945681
-0.0249284199912932 0.022719794067654 0.0356137094482733 0.476968582480846
-0.0241667578510238 0.0210986133115088 0.0472738595515562 0.0301480628609602
-0.0287820425102372 0.0167918243675781 0.0407226531307217 -0.47168651165192
0.000796542201474688 0.0124392754417223 -0.633582696393425 -0.483884740520796
0.0198888469191332 -0.0067465005547199 -0.783195601146097 0.357961389608079
0.0130694295683757 -0.0303615430063073 0.0270558229282974 0.698775967664082
-0.0124202063755094 -0.00729992798062561 0.432450010578616 0.265008890104212
-0.0262845870008271 0.00687909247338267 0.325959467291327 -0.12239365544944
-0.0137558015972132 0.00711437765403511 0.0518018339089234 -0.263048387939632
-0.0172077767249599 0.0164870761104454 -0.0949881420564374 0.20234381659776
-0.0182101535832908 0.0127601525980784 -0.257257535678151 0.0525301171686769
-0.0197338832282429 -0.0123308430345662 -0.306990661772993 -0.281868956240526
-0.00160917964024967 -0.0322315841612595 0.0982232898874445 -0.588847840948081
0.0170609887802188 -0.0124516174424317 0.68001106991551 -0.239560675421241
0.0055784421451461 0.0145030013921852 0.54190156325486 0.435995038462994
-0.0224495967477741 0.0315577282962636 0.0212964441812243 0.484386365494351
-0.0244611983410422 0.0295101594076792 0.0414733834915739 0.0347532274277315
-0.023730067199979 0.0268367804681453 0.0234764738073373 -0.464818984706765
0.012017982942733 0.0171040457405187 -0.650028112230777 -0.456490246846489
0.0262456727933517 -0.00635971919020486 -0.765627401171679 0.384423932127629
0.00840328866822941 -0.0326205538633299 0.0573283767194253 0.69414989221466
-0.0173248243016122 -0.0114741372196326 0.44749682452491 0.252820979706332
-0.026720453781918 0.00760324622453938 0.328224076499905 -0.130026284143717
-0.0141798910679644 0.0107952501554666 0.05209784365975 -0.264822080970458
-0.0156153326804581 0.0185458802030296 -0.0913298762732841 0.200233284937596
-0.0149690186253828 0.0123208266010291 -0.251778039320708 0.0492265050481441
-0.0193475168849437 -0.0168379701225429 -0.297866719585675 -0.280350198568666
-0.00321281471774866 -0.0317149233042693 0.110361278525682 -0.586636896085453
0.0226438360040876 -0.00895766267416575 0.686358613836769 -0.228901487056168
0.0143715696431117 0.019681107495778 0.53994598831817 0.448066334423627
-0.0179142827187561 0.0383233136270787 0.014195450357337 0.492799016232846
-0.0223873233977133 0.0355449327860998 0.0356503663138908 0.0443219574445968
-0.0168975240681247 0.0334850860674047 0.0191171104531312 -0.453361068538938
0.0234065525903565 0.0210963513024148 -0.650257363004294 -0.442882974146856
0.0318242642702654 -0.00425707767684891 -0.758314301514577 0.394722973230632
0.00379434142022388 -0.0296803777180446 0.0685221251283415 0.693013266371565
-0.0196173831870317 -0.0140755393994548 0.4568370221678 0.250113396514015
-0.0235770768325659 0.00734904370681715 0.334337271437196 -0.131647395662239
-0.01129700346341 0.011727444244166 0.0542456781086099 -0.266933999944817
-0.0118034091075157 0.0199638002151233 -0.0882468520366839 0.197618841953523
-0.00934698261148049 0.0127963127719623 -0.246481777076781 0.0492835574600526
-0.0178995573793728 -0.0166935076869465 -0.292020888865675 -0.280640719168131
-0.00740947535364933 -0.0266424648226319 0.109981877329248 -0.582223926395084
0.0244930956103365 -0.00497273215510397 0.688297041149128 -0.22490820672593
0.020994944739487 0.0212492680550192 0.542854792755573 0.452706730560077
-0.0124530607366196 0.0399165640834023 0.0149100360572584 0.500301555569236
-0.0169392568883107 0.0367661449388706 0.0312969081783145 0.0541816537887027
-0.0100314436611253 0.0342228362776442 0.0201418373113203 -0.442303383817168
0.0303985745266092 0.0210441717509926 -0.645740781159699 -0.436968886439623
0.0348344142781672 0.000611910853912758 -0.756950808063984 0.396920779714578
0.00194099079206686 -0.0230767230228266 0.0696189112492291 0.698266039000181
-0.0180401130454806 -0.0156203872404926 0.461336852623769 0.252945142880333
-0.0171017924139869 0.00720147293840207 0.34024183753715 -0.131324590580943
-0.00586697885451795 0.0123059748849605 0.0577905990680093 -0.267761310989572
0.00610640423935539 0.00579144935044278 -0.0896495551974331 0.209394797116871
0.0126411853708701 0.014715674570068 -0.258326671650252 0.0853111730476554
0.00695232958574538 0.0176238396656252 -0.371297681476058 -0.225628485080159
-0.00587759399304365 0.00784157578326777 -0.0475384542521698 -0.567926691601337
-0.0287465587721985 -0.00406297390399537 0.616428437585857 -0.35270201903377
-0.0348292694487478 -0.0190664332874654 0.635679222785436 0.317580472715245
-0.0173958995021703 -0.0177435222305194 0.104409951053566 0.469847526311075
-0.00501761025600776 -0.0165569172128193 0.0600790896219367 0.0459189545081958
-0.0231644064867848 -0.0296697672547298 0.114116632872093 -0.458526023605703
-0.0308405462700944 -0.0200013434996251 -0.529913877089274 -0.586053294686799
-0.0201985994985074 0.00841382971871475 -0.844270794450051 0.230244590395176
0.0139441453353283 0.00913891253173257 -0.122404311617707 0.721899221862132
0.0158072662393614 0.0166640733567059 0.373816208862798 0.329308772624492
0.00775020403487866 0.00305405024575162 0.335896886763205 -0.0861257616728574
0.0109731351999111 -0.00553861471385723 0.0643718689440172 -0.260718755967267
-0.000631566489882386 0.00728114021777415 -0.0930273479552982 0.211119245288492
0.00292899751486022 0.0157373325712289 -0.261892285339808 0.0794052578944828
0.000928836570804976 0.0142599348305117 -0.366130711212424 -0.234647386668223
-0.00545937248541675 -0.00275334670719922 -0.0224969479262071 -0.578383183510426
-0.0236722501552307 -0.00943361651610603 0.628028370908416 -0.334377008715674
-0.0330752295177752 -0.0142058989612295 0.61908429100596 0.33763371889217
-0.0224329867671746 -0.00952721184634243 0.0883254482027192 0.467035931198958
-0.0116409942264619 -0.00905785516418683 0.0603259866620123 0.0381150144653112
-0.0281586701715367 -0.0212751902881739 0.101662103223273 -0.468415532894087
-0.0290526353272846 -0.0136102540093997 -0.555622060540424 -0.571153387323677
-0.0109511671547361 0.00376914994878989 -0.835423050414043 0.253846054365259
0.0171656201134138 -0.00239880546143579 -0.0925720928940961 0.718172806609647
0.00971217078737528 0.010778493595065 0.384593294335871 0.315481756519141
-0.00257499693682262 0.00338825116579053 0.329674664915263 -0.093798107160094
0.00336100952783609 -0.00385998199102263 0.0605928211667051 -0.259538404901644
-0.00674260710503844 0.0086435735723921 -0.0954681252174971 0.210514961264167
-0.00706663260775069 0.0159787588038334 -0.264396043206823 0.0724635815004164
-0.0064186006423372 0.00801722125110724 -0.354311004466152 -0.247968942017223
-0.00446892416491434 -0.0135105012245118 0.00879488193842074 -0.585794463516651
-0.0148079052514087 -0.0132968101594903 0.642171640407807 -0.312901393758564
-0.0269163877341641 -0.00840084999554504 0.596953565394084 0.361410615793215
-0.0252502511339524 -0.000238311718309347 0.0713708211277556 0.466276557423932
-0.0177647139705152 4.44951108146846E-05 0.0573824749009753 0.0320328137736768
-0.0313106047115027 -0.00935034442473818 0.0822021502829686 -0.473697496849743
-0.022120595535863 -0.00460047670309512 -0.583046276742143 -0.545985049557806
-0.0011984583241484 -0.00120391934497727 -0.823940204344621 0.285921408562934
0.0182949614225641 -0.0141002333912226 -0.0534072426977929 0.712214659752991
0.00281899383511361 0.00457367031372936 0.399382031719453 0.301020598965983
-0.0131844431862793 0.00361860748477721 0.328007466921386 -0.103394434099855
-0.00465366154617659 -0.000672486832645654 0.0562565328406277 -0.261150164868346
-0.0123781836016487 0.0112990948480805 -0.0976825907857342 0.209522015361055
-0.0136553617479194 0.0146680047712114 -0.264306242959741 0.0645406611622007
-0.0120676817401961 0.000918939876074854 -0.339573818266901 -0.26142381298122
-0.0031185835313293 -0.0225510158206787 0.0414106286242644 -0.590662208919059
-0.0040470955590236 -0.0158617625344828 0.656806462997283 -0.29046674472216
-0.0174655830843527 -0.000855553628328402 0.57704555700308 0.391342897285651
-0.0261227533717124 0.0119071873214697 0.0527456180130377 0.470880357358374
-0.0219917710870911 0.0097897495468061 0.0527547612666643 0.0302508390108424
-0.0312338698472977 0.00395519874806501 0.0623235451805774 -0.476500963450762
-0.0126150362700404 0.00346901622502785 -0.611258155922306 -0.518875827384754
0.00963054671665867 -0.00406005879299511 -0.806527126071053 0.321652641494619
0.0163365340013952 -0.0236216364300022 -0.0143277531117646 0.708236400215867
-0.00536170075437425 -0.00205593570815427 0.415401111766246 0.283742521796697
-0.0221083565926421 0.00496951845670207 0.32571663048049 -0.113012365148098
-0.00975691282788487 0.00289810136252279 0.0538268002975047 -0.262523815784824
-0.0156201383324878 0.0136076770628993 -0.0975941873185496 0.206095008147607
-0.0184031639694957 0.0141138220717048 -0.261883809471141 0.0572106344071587
-0.0167623934006922 -0.00635165103299184 -0.321859898268552 -0.273232772814695
-0.00116716159370825 -0.0295667815577762 0.0742286689854313 -0.592195403844486
0.00754352715188846 -0.0152111481053726 0.671385440548425 -0.261797136111999
-0.00653946443828156 0.00711945415165353 0.556968782255936 0.415176582326108
-0.0253873834293845 0.0226712281833616 0.0327682172263988 0.477287132301397
-0.0236991104166359 0.0211387956689664 0.0479078499861903 0.0309734760597944
-0.0285658255412989 0.0171348586986285 0.0440083196569407 -0.471953489562871
-0.00038980788972381 0.0118919306137521 -0.634114062580351 -0.489135146773859
0.0194890175502038 -0.006371366099744 -0.787725246247713 0.354941269447964
0.0136214601862185 -0.0307503250872373 0.0242344932023207 0.700827182430108
-0.013000796270707 -0.00722885012163526 0.433187123536635 0.268393182663391
-0.0258849670341447 0.00689879559336564 0.327735938792947 -0.12238184437332
-0.0135290273329446 0.00645038629604501 0.0530227257360552 -0.263558397830373
-0.017778695802522 0.0160629267680231 -0.0955008079160971 0.20338381576606
-0.0191305569484483 0.0120130519811164 -0.257501565502385 0.0512496743033451
-0.0190289869933057 -0.0122146148217832 -0.307244856643126 -0.282477309903823
-0.000892153452485668 -0.0322435061630261 0.100031886166951 -0.592265082713493
0.0169687438815237 -0.0121495961623707 0.683653143759042 -0.236829283973293
0.00451877904493177 0.0147234772531566 0.540669322889266 0.43965066094111
-0.0228980325381084 0.0315579054623776 0.0188689608027113 0.484625010340852
-0.024877064882289 0.0294459318031493 0.0422821681850479 0.035688347951429
-0.0233454775573539 0.0268276224283454 0.0279629226816967 -0.464911714068418
0.0125372291907362 0.0182917063916684 -0.649941079433616 -0.460883868477454
0.0275464400470523 -0.00639652669221429 -0.770464663683876 0.381637341132995
0.00801650634069419 -0.0320845458125005 0.0534423648351235 0.696733609815278
-0.0177572675381587 -0.0119505663534816 0.448177772830127 0.255715259190304
-0.0270283292794427 0.00791625260744742 0.329514430445097 -0.129489278643112
-0.0141801338071632 0.00955790012089697 0.0526592427512929 -0.266283160652489
-0.0155890749219623 0.0188748807875807 -0.0927918563573526 0.201533020540556
-0.0157347490335093 0.0120576351722624 -0.251419380649542 0.0499484362794663
-0.0193086693989451 -0.0166736475923682 -0.29800040646842 -0.283307555855256
-0.00319366471465151 -0.031144188030016 0.111642891231773 -0.586525874079545
0.0230541465670187 -0.00925656836994745 0.688917085811364 -0.227953049409933
0.0146349969860846 0.0201479904609167 0.537093970680177 0.45101802083046
-0.0186022649096958 0.0388868927632609 0.0119275643278804 0.494318810101175
-0.0220574612138656 0.0355099930662356 0.0355108552786782 0.0446883261325576
-0.0165915183350452 0.0331823715233457 0.0231220315749759 -0.455689005629672
0.0224270070043349 0.0209479894118089 -0.651835986803622 -0.445476301928417
0.0317208532512546 -0.00417787680193868 -0.763301040530756 0.392111361057392
0.00456485001328664 -0.0294267794881639 0.0649797660847303 0.696775261884742
-0.0198834573559876 -0.0137663400144885 0.458401160850362 0.251023448828211
-0.0244391487380753 0.00793508774340307 0.335867718936257 -0.131533123732305
-0.0107284231832901 0.0117978271819859 0.0547501869403331 -0.267368003620508
-0.0124585048683886 0.0202267745488531 -0.0894353682950652 0.198248988063627
-0.00953871437375427 0.0122259230305024 -0.246183883815036 0.0481894285090922
-0.0180423302417936 -0.0167843310773114 -0.292081294357973 -0.282965963122789
-0.00669403046913695 -0.0260259283291325 0.112331036718857 -0.582794214437216
0.0247154350866402 -0.00476824691460431 0.69266532683274 -0.22420440609038
0.0214135571707159 0.0208250312194299 0.542787473971184 0.456555466058721
-0.0125871721914653 0.0411483974111332 0.0121686707591954 0.504174116047591
-0.0174054627072316 0.0374219704598445 0.0319821277001657 0.0550145568329322
-0.00954510093372085 0.0344895330900654 0.0239337383829666 -0.443430314409262
0.0297275905361249 0.0216111115543902 -0.645907584016042 -0.442612643911324
0.0343273130520547 0.000663938535903779 -0.760307310650386 0.395527173442469
0.00219086342821512 -0.0239116048718449 0.0661138874069404 0.700562265902379
-0.0179832325593282 -0.0157248664399528 0.462076785865224 0.254492254256108
-0.0173531783008742 0.00626618519783338 0.341367688173231 -0.130566549941575
-0.00663983303224699 0.0117381961630941 0.0592147119480643 -0.269383972606417
0.00680334572112446 0.00573631869259953 -0.0907257230199929 0.212056589401565
0.0129309488073864 0.0153021956562477 -0.258074758732152 0.0839278446429618
0.00683834391311616 0.0182520324232994 -0.372262342863037 -0.226210640230945
-0.00551016072018233 0.00801946286279442 -0.0466712827906498 -0.572013184917819
-0.028313243865536 -0.00431328550302364 0.619191739850979 -0.351981921490308
-0.0356024407857526 -0.0189374757351334 0.63768579990948 0.320440127336014
-0.0177213711786523 -0.0170838869562164 0.103794007066304 0.471155273390973
-0.0052941629574533 -0.0167180128755749 0.0600520448637112 0.0477488781867968
-0.0229384531397667 -0.0297926950490282 0.115417310649092 -0.458852302044728
-0.0314873695058632 -0.0205340038308997 -0.530970249775198 -0.588461750195516
-0.0205485865392188 0.00842362108480764 -0.848461585474792 0.229684669501224
0.0136599909401268 0.00875974392192964 -0.125045131114395 0.72516356786535
0.015388713662262 0.0156935589703176 0.375868880592875 0.331509873556107
0.00750313131020761 0.0031847310622457 0.337363867048886 -0.0869548081951873
0.0111724667782706 -0.0048510595662019 0.0651970855368214 -0.262615087702777
-0.000489559117666524 0.00687455938548006 -0.0934066950630487 0.212726397911398
0.00298329334677635 0.0153102174127835 -0.261853868768521 0.0803979402092532
0.000859090371064896 0.0144110402228605 -0.366701846049942 -0.236709586207713
-0.00552378027298957 -0.00239969643483646 -0.0208117596941563 -0.579386697864091
-0.0240725301881043 -0.00985910678659534 0.632470753383898 -0.334844831198503
-0.0333410348197562 -0.0153331673077416 0.620133332429922 0.341125342557631
-0.0225954598230915 -0.00934891305292727 0.0872572051014852 0.468792308821779
-0.0113689961616481 -0.0100281607216895 0.0597467806863835 0.0390512296491192
-0.0287944716297782 -0.0214128382955069 0.103091688806193 -0.469665263217555
-0.0287404772320744 -0.0136387520742605 -0.556324460948546 -0.574922158711784
-0.011575461350787 0.00382515613301244 -0.841470020216731 0.254868291092679
0.017304989909623 -0.00275902414744937 -0.0957734573974575 0.721655236386825
0.00927048480145456 0.0111977547624911 0.386391866372103 0.319876171213224
-0.00304564505530089 0.00302759284896386 0.332035554626159 -0.0951434419127857
0.00346807156522514 -0.00373966387125777 0.0613402869998408 -0.262999497671495
-0.00677769729311938 0.00944629213075607 -0.0968929869633311 0.212030820394484
-0.0061389352661289 0.0153292994398078 -0.263836438915965 0.0725349128845765
-0.00623504660323175 0.00874002782865139 -0.35462309309327 -0.251227935044575
-0.00369024441022904 -0.0133711890570659 0.00995733311981198 -0.588386157732399
-0.0149440283915463 -0.0138045532201408 0.645614267087701 -0.314159059517133
-0.0268831650855713 -0.00882817798029523 0.598575188126414 0.364527824386973
-0.0252258097855199 0.000411111890165676 0.0694486145414914 0.469623784762933
-0.0171785591823055 -0.000176484739402909 0.0582254228212486 0.0321087663565798
-0.0315888426015352 -0.00997160879377205 0.0851773683149574 -0.474420062686781
-0.0228548422253596 -0.00486952617070734 -0.584599414778242 -0.55169024397657
-0.00074961546542756 -0.00102677494441038 -0.827955311936852 0.284823803867077
0.0185809228347181 -0.0143225516915874 -0.0569013764898791 0.716016686402028
0.00287927604164948 0.00455043841698007 0.40002195109598 0.303398599979199
-0.0130055999601768 0.00421495431219884 0.329509945980567 -0.103761046568798
-0.00406863715450369 -0.000921055201621961 0.0576300326245686 -0.263923737056978
-0.0126819734795328 0.0110312170611795 -0.097739924705529 0.210514217700604
-0.0141361241266853 0.0148455745966128 -0.263964607635843 0.0654040101147513
-0.0121962444730917 0.00130253441828055 -0.340896389351857 -0.263170370029702
-0.00284810120358824 -0.0226207992626667 0.0424910379327266 -0.592262459696081
-0.00419393606082708 -0.0154722096880776 0.660351771127315 -0.288060482965265
-0.0174545425378684 -0.00146836069913013 0.577412648274521 0.39434779179034
-0.0264677335877612 0.0118987785785202 0.0493908195682196 0.473867545487164
-0.0210309067056727 0.0105484282920681 0.0535231250631382 0.0302232767845545
-0.0323571430400629 0.00387677895562691 0.0658772886825764 -0.476927533693308
-0.0124820850706689 0.00461214380813736 -0.612036494951251 -0.525197472428973
0.00990205260866992 -0.00427177545347625 -0.809498213729878 0.32189262235882
0.0166834865968595 -0.0237783998773787 -0.0164064592426242 0.710141742385997
-0.00509146003522586 -0.00237909672277768 0.418171651098118 0.285558108375697
-0.0211191638452694 0.00530067691790312 0.328838299699161 -0.114266748276367
-0.0104055703387746 0.00212873742064824 0.0549831151909329 -0.26409377253091
-0.0163604738983858 0.0133863567473059 -0.0983936652137281 0.207602587022609
-0.0187144314185397 0.0137754397864197 -0.262260815806824 0.0568937297487856
-0.0172876061385523 -0.005856321817557 -0.322380868124761 -0.275288047812697
-0.000480108504485523 -0.0292467022058883 0.0745495101506607 -0.594472753483141
0.00766046318322917 -0.0152599037103886 0.675786347427349 -0.260852065623769
-0.00610877705041636 0.0070322945823318 0.557020318128197 0.418949729733672
-0.0259758631719101 0.023222524784718 0.0307974386223636 0.47965469477637
-0.0237912999815939 0.0207732551977379 0.0483383514627495 0.0311980067348731
-0.0291256425282914 0.0168726856886281 0.0457920772312859 -0.474276932412682
-0.00136255603775882 0.0120925489243783 -0.63567503310402 -0.494276772726249
0.0193085161710309 -0.00694598741021628 -0.793113288465512 0.353603108076833
0.0131043651311481 -0.0307404992137849 0.0220481854526992 0.70638559960266
-0.0122640822707377 -0.00765399663686496 0.435002248473797 0.269964848059467
-0.0261914126817046 0.00706174890571995 0.32952968364942 -0.12174103224418
-0.0132924942838014 0.00633174472726895 0.0542280958839277 -0.265423282817896
-0.0175660945289864 0.0161393521094177 -0.0969627688575373 0.205193844737319
-0.0187188689264076 0.0129327217895224 -0.257374926232872 0.0510322471043836
-0.0194321057605803 -0.0118113837922294 -0.30721229653526 -0.284486174060121
-0.000570960563775044 -0.0326036889576589 0.103285074609369 -0.592270009521591
0.0174981895208698 -0.0125073810242781 0.687907459570577 -0.237061488199698
0.00478509313734783 0.014097253189842 0.541450409548191 0.443590479242084
-0.0233242706677754 0.0324430267280515 0.0166005219918149 0.487242721152476
-0.0245745702420388 0.0288606703100938 0.0421463198873699 0.0360190245660449
-0.0238282632328691 0.0264421925316001 0.0298945715333721 -0.466046856513056
0.010927074231313 0.0180442937991033 -0.651633196278664 -0.465450125649339
0.0274481260780326 -0.00613227840612036 -0.77574892174913 0.38122196471884
0.00800034732635269 -0.0325726677165152 0.0535416517245323 0.700404320915993
-0.0178425379930951 -0.0113753508490721 0.449439114771706 0.257966345983069
-0.0272485219592879 0.00750897208135549 0.332023047031376 -0.130012311395188
-0.0144057912983149 0.00968477420169258 0.0539361943882925 -0.268188331657098
-0.015802856558793 0.0175952962130427 -0.0930215531975195 0.203533874125238
-0.0155833669994382 0.0119184605170895 -0.251441278927537 0.048594062956808
-0.0199095473395621 -0.0165065660187025 -0.298803516687726 -0.285572479329503
-0.00293673560611458 -0.0314911946425463 0.114404835769143 -0.588371884098765
0.0237782316467043 -0.00921560435070311 0.693760759324064 -0.225055466194821
0.0148930592039265 0.0197438272751887 0.536565679958488 0.456123217932795
-0.019139870242764 0.0389440580498925 0.00997512988767674 0.496050432585431
-0.0220821421065031 0.0357383018395688 0.0355367583652235 0.045199480246313
-0.0168102484681332 0.0332283691338467 0.0253208923174461 -0.455344880277083
0.0221187446724589 0.0209765636647665 -0.653341336275216 -0.452495425666525
0.0327120037592734 -0.00418334398038235 -0.76870167342912 0.393084408498115
0.00451270581182743 -0.029828149556107 0.0644403765982842 0.700786691741076
-0.0196246654993934 -0.0141483435554216 0.45951376763298 0.25346580417005
-0.024433773382139 0.00771476746136699 0.336701467014623 -0.132667579846733
-0.0108720702925163 0.0121588319611138 0.0551239327268682 -0.269826641926802
-0.0121423415127525 0.0203181509158355 -0.0899368254299708 0.200736486492587
-0.00919005035702364 0.0123821753754436 -0.24641086456805 0.0479616927742177
-0.0186886178134971 -0.0166187213054881 -0.293285938622295 -0.284680848590635
-0.00688222837362733 -0.02659277662302 0.113826703196086 -0.584297439656137
0.0248738572952912 -0.00650845032707517 0.69376316842235 -0.221500032371552
0.0210631845102005 0.0208321982651551 0.542307095678239 0.45926090056207
-0.0128340594415447 0.041215823752489 0.0110298305801092 0.503513645563748
-0.0174272486935245 0.0366099038874344 0.0320242916600354 0.0549627274939066
-0.0101105464604402 0.0347903315676466 0.0255887735477108 -0.446397497083458
0.0301348177408864 0.0212781655209775 -0.646681540589254 -0.445540235520747
0.0350755857430019 7.85595922224332E-05 -0.766149696519406 0.394683648364521
0.00172378530311874 -0.0240025039294743 0.0650038995156432 0.705077735584157
-0.0176608632068157 -0.0152279422603003 0.46443059832364 0.256487735625718
-0.0171479022883778 0.00675177522485805 0.342728278856079 -0.131040697019173
-0.00686177752482209 0.0120393301997179 0.0585428135926875 -0.271013195127456
0.00621331800721743 0.0056546677735656 -0.0898053485225019 0.213924599048327
0.0131332404790332 0.0151796095769594 -0.258559631036915 0.0856557625162505
0.00711458368361905 0.018182364208358 -0.374242991427369 -0.229341656508038
-0.00632023110959375 0.00826571713605552 -0.0459613906317935 -0.574306489982935
-0.0285269304851551 -0.00514211018239411 0.623011221144284 -0.35291472054806
-0.0355079824634147 -0.0193957467692921 0.640142985701699 0.321552278433148
-0.0184430533281558 -0.0169745726504303 0.102209380350101 0.472373452834729
-0.00414119431513231 -0.0165383377382134 0.060951989178254 0.0471021531345469
-0.0223678291618856 -0.0297513188368753 0.118503624050551 -0.461389352646536
-0.0319186609599373 -0.0197816498351052 -0.53126971462241 -0.594739564890117
-0.0203622843004986 0.00829594732317105 -0.855234379726098 0.229954506224845
0.0133846798464547 0.00939635633247681 -0.125003288732695 0.728903771587995
0.0152403883899147 0.0159955136103507 0.378752553529703 0.334410640540758
0.00835522818154765 0.00337657047217318 0.339265100126818 -0.0875855496789869
0.0110485415624753 -0.00622914252226455 0.0654938975155454 -0.264275940651442
0.000256203720852006 0.00646933846911499 -0.0937672740032261 0.214651974627048
0.00318845535763956 0.0158890594063891 -0.262679759823764 0.0795819273893185
0.00080589660012784 0.0139847085987579 -0.368615778261194 -0.239318105686312
-0.00465323053648206 -0.00274893007063485 -0.0220156423083319 -0.582799407117777
-0.0236070466749606 -0.0097128841576751 0.63521773952753 -0.335343124608824
-0.0331712654510399 -0.015353597972276 0.623459429949171 0.343712269891669
-0.0228165954164715 -0.00945097051821919 0.0870270508858633 0.47179201593953
-0.0107853177015103 -0.0100237610622679 0.061587276686625 0.0386300629978946
-0.0282226155309165 -0.0215457597962248 0.106298521162639 -0.471761297822027
-0.0294581802057877 -0.0137813997709102 -0.558576057679698 -0.580785478423622
-0.0117213960733956 0.00308557849309177 -0.846467921573476 0.253093168182555
0.0175070811956652 -0.00237125740371152 -0.0953753303974557 0.726719332783285
0.00946123038816708 0.0103300009707817 0.388687558859327 0.320557135933505
-0.00280545080415989 0.00348101848027781 0.333887923655831 -0.0958404367310428
0.00411440799295501 -0.00419485670899126 0.0611503546217868 -0.264791029393537
-0.00666703017027832 0.00851123976431751 -0.0965848141956277 0.213652925567718
-0.00626026148693554 0.0158940767962304 -0.265198738410833 0.0733035401357107
-0.00601223694350437 0.00811278699485601 -0.357396465109482 -0.251296509017786
-0.00361877920608028 -0.0129531098850609 0.0100826305116418 -0.591341414968828
-0.0147891031045926 -0.0140347832150018 0.648593756403898 -0.313896331465885
-0.0272572303766063 -0.00927690066399365 0.599848994464112 0.367307352750259
-0.0257996641300544 0.000662911203758075 0.068888838531252 0.47080547019239
-0.0161643201182284 -0.000232918967466778 0.0591875608662185 0.0325213473930856
-0.0317274883960159 -0.00944087194767624 0.0886100930362281 -0.477177892796906
-0.0231114791567517 -0.00435544112318454 -0.585489797719408 -0.555993514327134
-0.000404022060922316 -0.000582645032432985 -0.832762301082879 0.285193853109156
0.018000408502606 -0.0140926384911319 -0.0580195847620007 0.721396299190394
0.00254711406265553 0.00388126609853489 0.401677126882106 0.304782479944674
-0.012875540746465 0.00423575543495947 0.331119729478506 -0.105812897869316
-0.00427310041770777 -0.000630573167501302 0.0576924531575012 -0.266070133078901
-0.0120509888000731 0.0117497849271729 -0.0987807452090138 0.212763701295098
-0.0132140724580189 0.0148411164938244 -0.264511145677438 0.0649421758403248
-0.012215675281647 0.00124273088993407 -0.343352895357712 -0.266340582192353
-0.00242040615298934 -0.0231261376891912 0.0454030323499414 -0.594867730986962
-0.00414390477175639 -0.0158146549017913 0.664233595355448 -0.288337256833327
-0.0174438105571683 -0.00167816414679762 0.578615162707036 0.395478491463918
-0.0272737185671026 0.0121267074870698 0.049883710754536 0.474891903270496
-0.0214333931566187 0.0101425108469685 0.0543576487347972 0.0306202334924278
-0.0317982300292725 0.00442084175102491 0.0679333644247829 -0.478771517488268
-0.0135091551932867 0.00391663016655119 -0.614087703620844 -0.527206249479661
0.0106180992857317 -0.0041702955514261 -0.815136912018998 0.322110345101593
0.017089685979583 -0.0240547678406303 -0.0168110934445396 0.716269020834871
-0.00488482605317422 -0.00275588525898316 0.419344246070618 0.287950598061203
-0.0207252562704979 0.0053554551874458 0.330532728933071 -0.114795204864518
-0.0101944193249971 0.00198131551022387 0.0550926817556402 -0.267118358565609
-0.0160709027124983 0.0142246510532666 -0.0983731052359362 0.209773502973989
-0.0183489517380705 0.0135427828143096 -0.262629822814241 0.0570735884173132
-0.017584290305071 -0.00613695466169252 -0.324958256088305 -0.277932489594839
-0.000842948075003183 -0.0296204220168956 0.076196927788236 -0.597474184695586
0.00797271635374501 -0.0151619490730907 0.678212444434133 -0.260120599144053
-0.00706672286302622 0.00663415056886259 0.560642907320906 0.421181157417031
-0.0267590569909882 0.0233314540117588 0.0313666783834167 0.479974051472862
-0.0235503623666632 0.0210176399064097 0.0482655547954332 0.0324426752085234
-0.0291045737177955 0.0172817963471545 0.0479979587897972 -0.477002532066954
-0.000696680979144306 0.0123963373857775 -0.637260833818147 -0.496970446933351
0.0197790789232734 -0.00711367526170429 -0.796915324466307 0.35645448360985
0.0129293088170738 -0.030801893978332 0.0225028761137222 0.7101175882399
-0.0126841959743769 -0.00751839898936892 0.437805053746855 0.271949799190162
-0.0258745207584006 0.0065170189755364 0.331433219726841 -0.123963219814338
-0.0136818695156319 0.00606387322604157 0.0546057528254655 -0.267645497529554
-0.0172695544634108 0.0164783529728388 -0.0961154529216514 0.207121830750243
-0.0189296951838016 0.0125046507857912 -0.258170214673033 0.0511048730467184
-0.0195737701946758 -0.0126133704400781 -0.310066143049438 -0.285868697229076
-0.000674642399226747 -0.0327761074325579 0.102386281079198 -0.595136414197138
0.0171726893812077 -0.0133841251409956 0.69113331739672 -0.236465717642506
0.00409519913098731 0.0134750504204815 0.542943034332211 0.445535943084609
-0.0243077892767591 0.0324041975626561 0.0158467320933231 0.489330773086701
-0.0235543353340615 0.0287313543617436 0.0421494165931828 0.0364167379867227
-0.0245253383734466 0.0265276265429905 0.0332807252240465 -0.469466017232267
0.0113232989852061 0.0181474939082164 -0.655515842889145 -0.470568059686252
0.0280620964114426 -0.00708346342776194 -0.780945126486205 0.381057466715975
0.0077871313172715 -0.0322941776640094 0.0518737300494159 0.704369486578873
-0.0182083581958276 -0.0121084188014813 0.452479493417349 0.25907699101139
-0.0268209088355662 0.00784363934432045 0.333358800585619 -0.130954243231845
-0.0141045091998558 0.00939806643974754 0.0543553671800793 -0.269875942357596
-0.0159455299190391 0.0183803647131774 -0.0933771145714986 0.205291646088456
-0.0156308976022815 0.0123511305504174 -0.252421893307747 0.0486882875054626
-0.0199941521944885 -0.0169011536660541 -0.300671639784132 -0.288741261552957
-0.00280935487280807 -0.0313016494434952 0.114827510456599 -0.591381646467657
0.023089277862658 -0.00945041010798713 0.695465159800086 -0.22504523173095
0.0146360863513889 0.0191253805221385 0.53938035515187 0.457108041250306
-0.0200124790731943 0.0392155240758496 0.00829549888974297 0.497194306370506
-0.0208293699608647 0.034159408796875 0.0366026551773487 0.0457795837586617
-0.0165051539071555 0.0332590030670172 0.026831578164111 -0.459023545771483
0.0223660467417691 0.0211441077952212 -0.656044910542856 -0.45646754598609
0.0336236878401883 -0.00403838088026971 -0.774451684310216 0.394291824033305
0.00385727892070598 -0.0303451983940153 0.0632272412099664 0.70569143744317
-0.0197620369609978 -0.0145108589517016 0.462595894483626 0.254188736654578
-0.0240579500508049 0.0076536148494716 0.339057520778108 -0.13394528207999
-0.0113291890231228 0.0105052628977766 0.0567055654097733 -0.272845461933643
-0.012054757392832 0.0198962729460669 -0.0901530671007765 0.203061248784264
-0.00905118516250026 0.0122065891479177 -0.247094972745925 0.0483131865531258
-0.0186288640094968 -0.0166412328632144 -0.29467399864472 -0.28604140042708
-0.00674308331552631 -0.0263106667486346 0.114958027186655 -0.58818491023008
0.0247421701186173 -0.00609376130731476 0.697740994412002 -0.222400824173123
0.0213583377111532 0.0209470794417937 0.543794734077587 0.462492273944487
-0.0135546331776957 0.0418706751921441 0.00836432422401161 0.505560568067039
-0.0182022690797346 0.0357887080309749 0.0317305822704842 0.0552867949369981
-0.0101568778211757 0.0352777162383919 0.0276933955667063 -0.446962067967214
0.0296750679689315 0.0214144962269796 -0.649605971753017 -0.450991150204021
0.0354070657330546 0.000674649463425196 -0.771951472810053 0.396062040883643
0.00150193098928613 -0.0239436582945835 0.0654837899328852 0.708250777136726
-0.0180827612935545 -0.0158148342709559 0.467246764798737 0.257876083563389
-0.0175727538824059 0.00662781848062162 0.345536048720203 -0.132858422485121
-0.0069978384600292 0.011396658379355 0.0598948968538796 -0.273091357809264
0.00636187671567243 0.00536099970988071 -0.0909282178343304 0.215749782211739
0.0137164283845835 0.0149866796980237 -0.259884090119767 0.0856898644901776
0.00713786711250521 0.0183665606906269 -0.377414187378467 -0.230026188221383
-0.00532391093074709 0.00813584335756941 -0.0467136815979315 -0.579288172604764
-0.0294844705169095 -0.00510995099119233 0.62681574006703 -0.355976684794116
-0.0355077608722919 -0.019836374866518 0.641860602873569 0.325212723501585
-0.0186541394261729 -0.0163844547618807 0.103442368716267 0.473380791524981
-0.00399554275255673 -0.0163397384272113 0.0608882444944086 0.0482371974013064
-0.0223505948259464 -0.0300116801406351 0.121798270377115 -0.463828844692041
-0.0329235583713856 -0.0199875369085009 -0.534138002828393 -0.599875874939048
-0.0204600818155648 0.00888569459386545 -0.862401441314852 0.229680049740787
0.0134380732728397 0.00970005198687137 -0.125988872236037 0.737301131541779
0.0157277978962907 0.0161932837379992 0.382603738937232 0.335510925716798
0.0081948729890394 0.00319181684002298 0.341165725653601 -0.0883351939745823
0.0111365810312381 -0.00575269893110682 0.0654330051691637 -0.266772135466053
-0.000492561958101105 0.00680817839841061 -0.0950074862462498 0.216661268377988
0.00335802641946782 0.0153312736199976 -0.264203495186731 0.0801273814205186
0.000130970333821062 0.0146662454449609 -0.37051960067088 -0.241503643237501
-0.00409892825985516 -0.00263491509624203 -0.0214371058672662 -0.585530451196474
-0.0241873853018206 -0.00997445461048773 0.638471128960507 -0.337452804443925
-0.0338080497925248 -0.0156337688129274 0.624616949058629 0.345174514203708
-0.0231096813094087 -0.00879132292013015 0.0864469298536603 0.472397885020308
-0.00974659012300459 -0.0106087033428278 0.0613801083484311 0.039442373846895
-0.0287102429182965 -0.0217364870868226 0.108000339104095 -0.473908706494457
-0.0304049382502822 -0.0138373472192078 -0.560677565253885 -0.584843515281898
-0.0115944851429177 0.00399119096718476 -0.852122911508181 0.255314043230663
0.0171022527260743 -0.00213294689980994 -0.0983374327114721 0.731397967078825
0.00935352461619409 0.0106031956837018 0.390916697076573 0.321788919730676
-0.00236756845766679 0.00331363906218359 0.336994388204228 -0.0965824741481552
0.00403122406340942 -0.00437941676620043 0.0610940842384896 -0.26678937003681
-0.00626175990190065 0.00873283267559443 -0.0966951042173543 0.21671156113115
-0.00601166157997983 0.0158469317355319 -0.265444214763458 0.0736280254722587
-0.0061723935388147 0.00838614840877215 -0.359393572182118 -0.254638211386527
-0.00358745920790815 -0.0133059046218614 0.00869012787211833 -0.593503142397508
-0.0154045156427292 -0.013741390232881 0.653661160289099 -0.316116500523528
-0.0273858603972897 -0.00965577258531824 0.602957732606999 0.370263398605526
-0.0260543107652727 0.000988587143222999 0.0677388291839511 0.473988246109095
-0.016028852061119 -0.00123346436454922 0.0584517985520241 0.0336264764781793
-0.0319711494705895 -0.00956464377301629 0.0900618325315424 -0.482020013556054
-0.0243156101180114 -0.00536396777334553 -0.591648695503171 -0.562102318398736
-0.00119786563596936 -0.000963571916734181 -0.837518693130199 0.287097637908078
0.0189459752797562 -0.0147430364792315 -0.0559586471615356 0.725771901135809
0.00301026491457468 0.00457577963491133 0.406851879609334 0.305920418221571
-0.0130291819044764 0.00383677139599293 0.333506023161513 -0.10609136591489
-0.00449945274906655 -0.00180083744433922 0.0580414387671837 -0.267661727669888
-0.0123084416799594 0.0110656291517378 -0.0981570545888695 0.215700160125831
-0.0134101102328751 0.0155572432102946 -0.265665754671665 0.0650374076942514
-0.0125762095799029 0.0013064224513039 -0.34525850246574 -0.267585075873526
-0.00195417866212554 -0.0224485332904637 0.0440111276161058 -0.598236410276211
-0.00446665911616054 -0.0164204733281879 0.668461254944245 -0.289694860571549
-0.0177080630930126 -0.00203755807324833 0.581386350823625 0.398306207806852
-0.0278920496766822 0.0129882527485422 0.0492638443304491 0.477478206716749
-0.0215120939651628 0.0102650889998096 0.0547067757293015 0.0314555716010507
-0.0319352679800045 0.00421347336183814 0.069037221337501 -0.483313598425362
-0.0138097433259977 0.00446058897005375 -0.617923284480677 -0.532595249758592
0.0108957764228031 -0.00452895168982493 -0.821247297276399 0.323513364337804
0.0170682161521619 -0.0248337410107653 -0.0162114505878051 0.722709579693238
-0.00490089894920896 -0.0024139238938766 0.423065582597702 0.287824356415299
-0.0206108425491839 0.00497606516110364 0.331449640584909 -0.117151867845233
-0.0103363245155947 0.0024219654713479 0.0549277513187322 -0.269361276289438
-0.0166182515355483 0.0141580931215595 -0.0986081824307649 0.211809804031885
-0.0177916219924839 0.0136052872789023 -0.264006632199858 0.057360993975963
-0.0172639126814004 -0.00636873264160349 -0.327801792815541 -0.280132698564517
-0.000478374768703623 -0.0298997750616375 0.075799586482071 -0.600275806151521
0.00731682626694984 -0.0159498346171334 0.68227136355926 -0.262021020726095
-0.00617367771927585 0.00609511448377248 0.559879406586634 0.42454451217893
-0.0271958110544398 0.0234279427181973 0.0305462927702853 0.483041970899519
-0.0227435474624561 0.0208585585953857 0.0486944575988969 0.0322304701810355
-0.028991267246963 0.0172863933154941 0.0500966259333423 -0.479166916162309
-0.0016844626505433 0.0115497429020684 -0.6424179793865 -0.502083871318831
0.0200719633702671 -0.00674331586426735 -0.803396341883023 0.357197538068725
0.012882482618434 -0.0310805025690095 0.02041816332656 0.714793502404041
-0.0138912024114819 -0.00772903435868149 0.43974123753882 0.274224984955676
-0.0261896040787133 0.0071151942153687 0.333048364922393 -0.125054334809166
-0.0138492129014056 0.00588882684559976 0.0550698857443601 -0.271044834855197
-0.0179463557535712 0.0164703492139296 -0.0965396482415082 0.209898569499613
-0.0197009329879515 0.0128287699950883 -0.257835091897734 0.0505844970699442
-0.0195768464662577 -0.0125205786313178 -0.311216181079222 -0.289986461934771
-0.00041366531536427 -0.032816717886317 0.10407049799814 -0.599612582632473
0.0168562888777839 -0.0131434411268459 0.694117938782813 -0.237960213592658
0.0044982146024827 0.0138075970848531 0.544520769611439 0.449439080674831
-0.0239092716793682 0.0335579968382608 0.0133652730519524 0.491117924996291
-0.0237374335350963 0.0285517903865431 0.0430147850347046 0.0370658008013458
-0.0234071134665481 0.0270506166136514 0.0340510213064042 -0.471884517670113
0.0110148306267293 0.0181971845876463 -0.657442806692843 -0.473462637681205
0.0278476807692663 -0.00624768439772712 -0.786508190098573 0.384723501130826
0.00798399364545385 -0.0330879101338631 0.0533216267012399 0.710964843733993
-0.0181041470528592 -0.0119751233469539 0.454812131289484 0.261749981597358
-0.0270031454308135 0.00789974011022221 0.336401276733236 -0.132780398072817
-0.0138970204318491 0.00844286410391106 0.0540080944653538 -0.271989731207182
-0.0160318740308854 0.0190129211936296 -0.0937788243059118 0.207577151205142
-0.01524561475386 0.0118279950958793 -0.253210328334259 0.0486913726518635
-0.019920673730396 -0.0168090979283776 -0.302276351151316 -0.290040601817209
-0.00226574448943717 -0.0318612814844523 0.115352012745159 -0.594246866924686
0.0241742862977983 -0.00990285073574147 0.700263261155746 -0.225959489140269
0.0143329906567364 0.019193610974695 0.541884516187077 0.460047568751788
-0.0198833108913565 0.0403182125409199 0.00757494848105554 0.500321228964075
-0.0211832504916558 0.0351038335071686 0.0366641061168776 0.0453749131853329
-0.0169557897924043 0.0338745566832437 0.0298449772538869 -0.46198838460358
0.0221715921090476 0.0216320835268265 -0.660410876605031 -0.459594058275886
0.0345790788679287 -0.00428583648258108 -0.778245198705881 0.396747079384523
0.00398402225423803 -0.0304711767463567 0.064494137013313 0.709852079081487
-0.0204551273691602 -0.0149842843965822 0.46551864106571 0.256646327452475
-0.0241892699028704 0.0078449147175641 0.341362233653735 -0.13546139686629
-0.0115206514293943 0.0115894890350535 0.0568958991895233 -0.274455243682117
-0.0126169962324031 0.0198126941289266 -0.0891590062222286 0.205642024580735
-0.00924137223568922 0.0114768882794439 -0.247849588120318 0.0482992154093947
-0.0186177705705907 -0.017061500626976 -0.296672124163166 -0.288293798969535
-0.00617472561044722 -0.027114521463176 0.115614118515855 -0.590905474266396
0.0248157125543565 -0.00618502076605963 0.702786647299406 -0.222288344566479
0.0210714388731126 0.0205804200175977 0.546439597989788 0.464829487242554
-0.0145621442662039 0.0425929664933515 0.00733484319678837 0.509135034858968
-0.0176798473127653 0.0364161549702827 0.0327949393161475 0.0560879973104141
-0.0098064844476979 0.0347878608776344 0.0294144308289197 -0.450450364257669
0.0293286682042276 0.0223495155929729 -0.652201421185933 -0.453761422792539
0.0357130048329971 0.000412277780581416 -0.776387914456376 0.399316987462941
0.00144856093672909 -0.023739249320948 0.0667069046856147 0.714118687085139
-0.0184895674009648 -0.0155286546237583 0.470585353589762 0.257922692379806
-0.0160373527825928 0.0067151957257808 0.347312530484672 -0.133972413414399
-0.00657896110258462 0.0116849054897789 0.0602963493446657 -0.275891994571006
0.00708120387263249 0.00482065788894723 -0.0906657590379702 0.218984260625513
0.0139170882653246 0.0148502474865134 -0.25918262594295 0.086402257895968
0.00702815407779251 0.0185887383552673 -0.379605325821669 -0.230080012212499
-0.00498409725401722 0.00808686799913115 -0.0475126797350692 -0.582609440128528
-0.0291728583531644 -0.00538299308383246 0.628643556398731 -0.356219792709382
-0.0360044871945386 -0.0197671729749134 0.645745258743812 0.324529124583955
-0.0188099347501828 -0.0161052707757485 0.103650735696344 0.477215185844241
-0.00413648161766863 -0.0172518823391618 0.0621771134457562 0.0487596208832524
-0.0227096912360203 -0.0293453531279288 0.122095409575856 -0.468091873928085
-0.0329412397191169 -0.019851903551046 -0.539516734421892 -0.604311703586699
-0.0205856153092721 0.00897791544253251 -0.866140859450761 0.232934999741894
0.0132093398717946 0.00955968134516117 -0.126669877482732 0.739278268766613
0.0150455529007519 0.0160505727193129 0.385388964583849 0.33798818567457
0.00894868678350514 0.0036802181908471 0.343756393516361 -0.0904903191751457
0.0119955441640861 -0.00613814240624395 0.0650077390249328 -0.269769923676772
0.000264594982928612 0.00726618993470707 -0.0941256234714195 0.220293972232169
0.00424821080885697 0.016344940819355 -0.264189147092875 0.0807037766464916
0.000946482214111687 0.0150331538719892 -0.373514219809798 -0.241839450959961
-0.00403606662157665 -0.00261103963202088 -0.0233339109377732 -0.590568782504522
-0.0243743650760369 -0.0102269570392541 0.642075578488145 -0.339456195707253
-0.0339223165521931 -0.0158352986720182 0.628879318837153 0.347003821496422
-0.0229869796987471 -0.00881419650630044 0.0866865353448998 0.473972532942668
-0.0101514658734522 -0.0102105092262633 0.06192770655492 0.040353741615239
-0.0286170903698225 -0.021772333293712 0.108361531170486 -0.47830209589065
-0.0311123767637239 -0.0139121958997103 -0.565235994515972 -0.588387271289972
-0.0111444737934283 0.00359851103681362 -0.857645480270514 0.259055016345055
0.0174754572444234 -0.0025255994137604 -0.0958164628434025 0.738073733442409
0.00981062793622877 0.0108707157236099 0.395008352862519 0.323928527992358
-0.00164489893962388 0.00387307493480481 0.338891731814335 -0.0978202162983382
0.00369754704242811 -0.00444759819974432 0.0610527839832149 -0.269796726569728
-0.00652449222678925 0.00940246310106279 -0.0960261660409264 0.219016964578821
-0.00546180130138752 0.0157232428666268 -0.266321489321771 0.074397036556122
-0.00694414006593541 0.00840053244057543 -0.362854405689873 -0.255732570504539
-0.00298648694698953 -0.0136959059830241 0.00980295721266934 -0.598284665013891
-0.0157124784914219 -0.0142087577278006 0.655334982946966 -0.319297800141232
-0.0276762433168006 -0.00980833769069115 0.607397654835003 0.370741900723212
-0.0268534412598699 0.00118644619769603 0.0687640580130114 0.475057650700243
-0.0166576208198473 -0.00123403015888145 0.0597832594567379 0.0341424587113214
-0.0320620880892414 -0.0101707364835028 0.0903552247315457 -0.48243049672449
-0.0244427812388664 -0.00427751472978235 -0.592844086534407 -0.564933497731232
-0.000262928707742834 -0.000953608785994153 -0.845159475564667 0.290879144058046
0.0185417004574907 -0.0148945128839681 -0.0552937974606893 0.732139396212221
0.00228521736189666 0.00436380772231349 0.408014431954635 0.308088297377637
-0.0130357630268336 0.00432154989353282 0.335311678310517 -0.108648695573516
-0.00334009830641929 -0.000662132443409721 0.0572250151081733 -0.270354159962715
-0.0123246536421937 0.0117509949649846 -0.0978590855014822 0.217650740203469
-0.0133748671362492 0.0152474560458103 -0.266736023504585 0.066721097138656
-0.0127592766219678 0.0015470714833449 -0.347634211955547 -0.268650174373445
-0.0016644836475414 -0.023249027856377 0.0427079852388737 -0.603195737551012
-0.00464110776613598 -0.0167353198103066 0.671090546615798 -0.292750480223843
-0.0177114303592311 -0.00220136381911002 0.584009093079973 0.39867889990757
-0.0281908007235313 0.0134490176547386 0.0483650819551656 0.479775760063815
-0.0208902740067457 0.00933826386970326 0.0553096734099748 0.0315937716606873
-0.0318173026681661 0.00315812541311761 0.0713515324068767 -0.485496080148206
-0.0144277098272635 0.00413995912162221 -0.621459706150682 -0.535937673769503
0.0106243916057136 -0.00491229454934286 -0.825355713573441 0.327139936920287
0.0163436768837663 -0.0241445805181599 -0.0155594647012614 0.725217364778686
-0.00491668470798944 -0.00207476835057091 0.425960692539981 0.290489485456516
-0.0208031368280397 0.00574712312307714 0.334872479942421 -0.118670119667759
-0.0105255030517195 0.00196475352028244 0.0549228346423866 -0.272334683123443
-0.0162496102887519 0.0142701802428139 -0.0990398073549272 0.214857256705076
-0.0182851806701787 0.0139109239305989 -0.264940008056831 0.0572497863767864
-0.017537173347128 -0.00591127144210576 -0.330529824058334 -0.281761389672052
-0.00018547617739417 -0.0300632912091027 0.0752645741035444 -0.603496649109305
0.00723583275962641 -0.0153652842492727 0.684799170978447 -0.26447537108997
-0.00641038718351485 0.00652585566873316 0.563498336922815 0.426191031649049
-0.0273441326349984 0.0248712506880107 0.0319517389220455 0.485874650538315
-0.0233545002262789 0.0204159452841552 0.0497389920654159 0.0335266832125287
-0.02883976224611 0.0170815179747271 0.0504967343417447 -0.482126933104759
-0.00171303283504874 0.0129541093728971 -0.645046685177145 -0.50504300327106
0.0205785675974473 -0.00644213950696332 -0.806765696082808 0.360001496751064
0.0126109468788943 -0.031363632379036 0.0235626774217016 0.719457101554008
-0.0125962948966309 -0.00775800648530491 0.444345107734549 0.27592129147578
-0.0259791558169678 0.00662988232598835 0.335702899057426 -0.127219478110096
-0.0132557200815718 0.00589813398460066 0.054773136593705 -0.273597278541559
-0.0180568716430031 0.016092967616915 -0.0972656308642671 0.212411592094159
-0.0182160380091672 0.0123593571462076 -0.259372661171517 0.0510660257966855
-0.0200542756146689 -0.0125543077393139 -0.315073279542462 -0.290704844570879
-6.07414264016776E-05 -0.0328228154254479 0.103380542826071 -0.603370534340035
0.0170963252965478 -0.0137191782163909 0.697400765744394 -0.239784382211761
0.00409019219599294 0.0132892986015458 0.547018602937827 0.451555542708606
-0.024605641770649 0.0335203005305097 0.0153235302288458 0.493569393241981
-0.0237847505533995 0.0288312071346329 0.043947819655569 0.0369664326154307
-0.0240514948812249 0.0270223636611811 0.0347327845630577 -0.475730060312352
0.0108554683232018 0.0186122416696136 -0.662484800831156 -0.476223649877217
0.0279287496207715 -0.00646126993190999 -0.790396219725932 0.388249460506782
0.00761234254324229 -0.0339967245430007 0.0558375028986918 0.714877110713433
-0.0181859203144805 -0.0118076508595122 0.460192204149853 0.260450706809582
-0.0269501573280641 0.00877205534977937 0.337641755654632 -0.134399828469929
-0.0141549989679331 0.00907980537070181 0.054029231003385 -0.275063589179586
-0.0157014928972885 0.0180400112189507 -0.092748282477622 0.209632921977636
-0.0159742394339998 0.0115213671694664 -0.254104341164428 0.0492149678596708
-0.0209240819639032 -0.0166993732664144 -0.305371883783029 -0.290982461856451
-0.00204415887066939 -0.0319622292358638 0.11551352933364 -0.599741217252226
0.0236303197729273 -0.0101479419361506 0.704154093748963 -0.227932238726044
0.0136628677857839 0.0191486501615467 0.543538346290224 0.462909038868403
-0.020084858294019 0.0405719210188598 0.00707258804804381 0.502904654798283
-0.0215201904912687 0.0339894821477827 0.0371166358655995 0.0464777639622694
-0.0166954495200804 0.0334257077467426 0.0285477731900402 -0.464386920508629
0.0218772684913059 0.0222984595186397 -0.665777706342912 -0.461854232150108
0.0343242501104058 -0.00395428571096084 -0.783090335786573 0.402343771905211
0.00402286269397561 -0.0307822281817068 0.0660167908208023 0.714042087704085
-0.0205975042143304 -0.0151089000556931 0.469031289640665 0.25791018177599
-0.0233120363289872 0.00801807864014253 0.342889765671052 -0.137497265016539
-0.0114264082957854 0.0107243455425133 0.056130901620565 -0.276918528745211
-0.0117881244355395 0.0205476258340864 -0.0894444442418533 0.207785752953565
-0.00898849643707922 0.0121747677329614 -0.248849250333078 0.0486415121734233
-0.0189329863804445 -0.0172440639771531 -0.299411138073799 -0.290227668555093
-0.00639688517263457 -0.0265404176956815 0.115572711727168 -0.595196446099266
0.0246785998649974 -0.00631836540987768 0.706610882676751 -0.225112327573147
0.0210962008923773 0.0203813909590904 0.548273742065313 0.466887989880671
-0.0143877874623122 0.0428142439112513 0.00744450742563397 0.510842441228182
-0.0176551174231233 0.0363279998051425 0.0331350280144024 0.0559276400621114
-0.00973834647613936 0.0350446740800893 0.0299506382850906 -0.45284180104521
0.0296359083602415 0.0216113780065872 -0.657432990594177 -0.456121591600364
0.0366529303534192 -5.12543034584647E-05 -0.781813958694174 0.402633868829802
0.00162135089339945 -0.0244641358232583 0.0672431856416906 0.718521176662732
-0.0190097178353898 -0.0159799633986983 0.473995219190878 0.259148099554432
-0.0170904616186847 0.00679518488394707 0.349504157878032 -0.136947790876121
-0.00628317306207087 0.0117595733316594 0.0604320583207503 -0.278527393214597
0.007488566403921 0.00536522898832934 -0.0900589076781725 0.220973352905762
0.0143958063005358 0.0146157129691611 -0.260394120447123 0.0880023457680416
0.00703108964293089 0.0195593888063764 -0.383375460196527 -0.230610729699932
-0.00518851398330039 0.0087026499630095 -0.049881354545642 -0.585914113612038
-0.0295833033144288 -0.00571115426863979 0.631469099891608 -0.361453101797077
-0.0367553175930413 -0.0202693374595544 0.65019380847068 0.325234886732443
-0.0193063525215612 -0.0156037140096371 0.103949150243403 0.477674829881367
-0.00385192522160747 -0.0170954922919116 0.0623486600787455 0.0483346721483868
-0.0229539394014291 -0.0297040173246905 0.12337716284823 -0.470276386335194
-0.0345461422801446 -0.0203880900126096 -0.54298284992062 -0.606739856877662
-0.0212888456254519 0.00892297179893801 -0.87211196447576 0.236904405243782
0.0131654838694624 0.0099124396491452 -0.123859702134611 0.745039376375669
0.0157177979974185 0.0164509455821713 0.388521564283919 0.338964381983981
0.00872357481744217 0.00379099042340205 0.345687310739609 -0.0923873690837221
0.011696252772226 -0.00632539544017292 0.065282548178023 -0.272016155487225
0.000567163298530563 0.00715089535629285 -0.0931376755677309 0.222029149711931
0.00368254377589584 0.0161035867954022 -0.264898531941645 0.0822561450490267
0.000855878501468327 0.0152135951697441 -0.377947361091534 -0.242471276550768
-0.00365841005469972 -0.00229818844364055 -0.0262979001724818 -0.593222994463197
-0.024287049955252 -0.0106395475392089 0.645844162824627 -0.342120847346069
-0.0347984387370995 -0.0157037884562702 0.631402764886014 0.345937063049209
-0.0233201843762483 -0.0084678644346767 0.0897638079270633 0.476469035406014
-0.00912943813400271 -0.0106171553468883 0.0629460195534099 0.0400318721902453
-0.028601483220071 -0.0213995326547475 0.109604214455469 -0.481273583062114
-0.0318757979898624 -0.013526431787959 -0.569943248084734 -0.590027732172335
-0.0111893915877426 0.00315949732334607 -0.862591355489336 0.262256877954669
0.0168362386144605 -0.00268592280276225 -0.0939559710182942 0.742225832244967
0.00990537995175221 0.0112187472131432 0.39933535467197 0.32444418396792
-0.00220010183251752 0.00394661700565422 0.340639012576325 -0.101368285654393
0.0034947334361215 -0.00536290120617548 0.0605959538408597 -0.272434510349114
-0.00631987099055018 0.00874363502135339 -0.0959574933094769 0.220776155092424
-0.00591580286678839 0.0159506297869038 -0.267365240909232 0.0747789928184296
-0.00658237968178163 0.00972839696734065 -0.367196385455279 -0.257274433147593
-0.002461261030595 -0.0127358782437589 0.00665272626004212 -0.600540782939439
-0.0156249355531459 -0.0143782796982734 0.659286987177378 -0.321965774746255
-0.0280913782210489 -0.0104511397364879 0.610257392273927 0.370715257545148
-0.0271496442974872 0.00234247472127894 0.0685494506843583 0.477085868701106
-0.015705462318062 -0.000595886407185275 0.0600707718913552 0.0339981631932328
-0.0321709821436794 -0.00941619335917326 0.0909955895499415 -0.486054762696073
-0.0248348206173622 -0.00481383111950079 -0.599370731846115 -0.567102992209263
-0.000780239596024895 -0.00102782936386343 -0.84953243199072 0.295571046069623
0.0185618495736686 -0.0149935462971004 -0.0541971487788235 0.736821516129416
0.00230450114420899 0.00454240887257533 0.413661053940732 0.309119332146895
-0.0125662120486726 0.00486088408325239 0.337329488365842 -0.111774553382184
-0.00404008603728405 -0.00172133804156221 0.0574830221424628 -0.273499334597799
-0.0123128972217777 0.0115956505045734 -0.0979849408135228 0.220002591442988
-0.0134687876709421 0.0145417261130338 -0.266871212440859 0.0672711132746496
-0.012583598849011 0.000907042859342687 -0.351447596778765 -0.268473382056239
-0.00109491177274249 -0.0230637619514805 0.0413415055623808 -0.606078747860793
-0.00424614504665272 -0.016786690369549 0.674010127631585 -0.295885679998348
-0.0181388986887289 -0.00267695302899471 0.586912302894349 0.399993271013047
-0.0279159835750349 0.0136742480220335 0.0490286093166432 0.481135077588058
-0.0210513673248806 0.0103510937504369 0.055752604517421 0.0319847362901462
-0.0327094846527894 0.00400599531773747 0.071170627563219 -0.488096525236833
-0.0148095987746082 0.00480674424145387 -0.626514081024378 -0.537693441239797
0.0114682488605506 -0.00474769588301958 -0.830708017720732 0.331228270512246
0.0162596387788369 -0.0250129814484128 -0.0128379124478218 0.731308463225049
-0.00557989912732746 -0.00161056138276931 0.428555132922806 0.291779571536451
-0.0206836838209745 0.00562373819948866 0.33532857333265 -0.120659784584838
-0.0104869314033698 0.00199534318887331 0.0550579071613177 -0.274990722692653
-0.0160866248809883 0.0138435582966586 -0.0973238555357254 0.217497055941236
-0.0183406421065349 0.0135549042675227 -0.264904590621254 0.0589877318149954
-0.0176108317516725 -0.00595300441182926 -0.333609608176292 -0.28205971392006
-0.000448305589432156 -0.0301505444349756 0.0740600239845311 -0.606930538954811
0.00777097007889492 -0.0161552391192267 0.688264508758448 -0.268767390456007
-0.00690402813600436 0.00583986139648666 0.567485241938428 0.427664936190786
-0.0276550403081324 0.0256240119179243 0.030842966446271 0.486433397485842
-0.0231503232307707 0.0210449455554999 0.0497042649503148 0.03319159008998
-0.0287063377626701 0.0168729059761585 0.0519651688240183 -0.484194426279943
-0.0027255396220065 0.012926703747058 -0.650740307698928 -0.505475573344313
0.0217629499049575 -0.00681054605550459 -0.810650268935605 0.365784156542402
0.0127059032297816 -0.0323174293084417 0.025309794085878 0.725228625737366
-0.0127704885766278 -0.00786865695769676 0.447717606009966 0.27469813507941
-0.0258423431375807 0.00742294006776316 0.336694599156111 -0.130154013295599
-0.013482396197381 0.00550220826878517 0.0530322253004869 -0.276034296858593
-0.0176942718516626 0.0172158382851436 -0.0962224561497362 0.214644850080467
-0.0185638489033208 0.0128374869985168 -0.259954456281011 0.052569414417111
-0.0201052388793873 -0.0127915213568279 -0.318367509115768 -0.292712165663128
0.000575741819706852 -0.0336896605380737 0.102938721323849 -0.606277355262192
0.0175826275234854 -0.0138944573937517 0.701453796820525 -0.241616089152388
0.00389674162670157 0.0127780515139166 0.549783436010055 0.452507807896288
-0.0252228676335364 0.034367664063532 0.0151392866387967 0.495931662713868
-0.0232907688460459 0.0285538078354871 0.0446239025435382 0.0376945011869061
-0.0244128749188955 0.0276596207624052 0.0359353690946518 -0.477656023707457
0.00944521414485295 0.0190322111847471 -0.667357425402897 -0.476447173667094
0.0286023570330662 -0.00735501188652797 -0.793933518283688 0.392462827581617
0.00675999733324163 -0.0337268412969739 0.0570998590639321 0.719099043300359
-0.018695776688428 -0.012221938013397 0.464181865682367 0.261453723919173
-0.0264087228281061 0.00782117834773028 0.339621460011091 -0.13806700709019
-0.0140622007143448 0.00915547265040296 0.0537066332810304 -0.277849662542764
-0.0159742637640198 0.0196071157710039 -0.0922128063422472 0.212172644706942
-0.0150887943983952 0.0113232358326049 -0.255128939053254 0.0498537091851845
-0.0203542006240463 -0.0169346794439655 -0.308648392066395 -0.291917786700478
-0.00152544635852138 -0.0317378644425398 0.114124841594477 -0.603785092619162
0.0236071325204045 -0.0109858443340723 0.706827560097598 -0.230105105588082
0.0144193725792688 0.0181189340255002 0.546125662292068 0.46305871839164
-0.0204197633466431 0.0415934530627727 0.00685507477450737 0.50340998105925
-0.0220200669400764 0.0345840621516336 0.0379005214730618 0.0468697567195565
-0.0173355712845141 0.0341405518664253 0.0299645295165579 -0.467050232850313
0.0216863631205011 0.021633387382534 -0.668670779677548 -0.46389870179379
0.0345704152162294 -0.00454364624926662 -0.788575408702646 0.406783444762161
0.00372600100227749 -0.0311295497991354 0.067202428640456 0.719942578120656
-0.020946114778661 -0.0151773669737064 0.47305959236691 0.257607607952013
-0.0241117657539992 0.00895035612504968 0.345112691057116 -0.140808661843281
-0.0121283866860114 0.0111965808069937 0.0552853908110336 -0.279466523005493
-0.0113150376034171 0.0204946538454058 -0.0885470482618592 0.209495816002952
-0.00863941233556545 0.0116348137074893 -0.249573711451484 0.0489237993421285
-0.0199816464607781 -0.0169643399088666 -0.302456921202982 -0.290240060488052
-0.00606993592325471 -0.0263948016236259 0.114269562474876 -0.596404108540377
0.024832830350637 -0.00685538011258378 0.709713545719179 -0.226350959225028
0.0214055449636522 0.0200553848636416 0.553306298557867 0.468335594969984
-0.0149212229308845 0.0434809546012886 0.00774360116488011 0.5126615154293
-0.0179946187450423 0.0365907017677616 0.0333461229403808 0.057370428269284
-0.010027349877116 0.035577217232291 0.0296080703922835 -0.455825316781622
0.0296556932898734 0.0224448080913561 -0.662359185778681 -0.4583676069549
0.0366703736116474 0.000245252098274944 -0.785524414765104 0.407301236898035
0.00138935500770892 -0.0242401561719141 0.0695607300367848 0.723670570190181
-0.019064618706252 -0.0169696872318135 0.478956189773309 0.259578237238096
-0.0160686308973917 0.00626740785257987 0.350838228723756 -0.13944747423183
-0.00644607803325004 0.0112291238281775 0.0588327616745841 -0.280872348660311
0.00743458079247643 0.00574350547489403 -0.089420874833797 0.223547776749219
0.0146769527156881 0.0145284605053076 -0.261019507757468 0.0899165704263956
0.00703020858419004 0.0192750780638822 -0.388253087093749 -0.230547437784347
-0.00414692273210932 0.00884021092752781 -0.0538136534430904 -0.587654954366139
-0.0299684660865688 -0.00545426100552812 0.632809887585774 -0.366530524704119
-0.0372090538848668 -0.0209804730240978 0.653342231897389 0.324131574145726
-0.0189541547896445 -0.0152245496393945 0.105537673939532 0.480502246171451
-0.00351545183329011 -0.0173117525441982 0.0636273638205689 0.0486570707088349
-0.0223685202051537 -0.0302669554702493 0.122442173867661 -0.474118346218037
-0.0342599203514459 -0.0203000480909532 -0.549140563663732 -0.608329530947052
-0.0205161176165881 0.0083974725111076 -0.876905244566492 0.241447307285118
0.0134884797669663 0.00839809191247296 -0.120116012416468 0.75321341264459
0.0159112389903672 0.0163206312624798 0.391881265835578 0.338466572653947
0.00924932682041313 0.00324395912917711 0.347232824419482 -0.0958951197655443
0.0109375636203167 -0.00729752828193777 0.0644640237678213 -0.274999516324403
0.000442062068853581 0.00702149116086965 -0.0921123402592716 0.225599062498418
0.00444388879788732 0.0158233944158584 -0.265073935914182 0.0836265353992468
0.000668404295665703 0.0151376520593578 -0.380687812785501 -0.241895210870862
-0.00358540725448316 -0.00211975760527445 -0.0292746049975448 -0.596113956233534
-0.0247804557156908 -0.0111458419900137 0.646636897818835 -0.347741305150888
-0.0350578431344341 -0.016712674037635 0.635432382378984 0.345912484375019
-0.0243784404550847 -0.00785071388938056 0.0892880325458085 0.478416896062595
-0.00998998094654358 -0.0101137400631416 0.0638738273952398 0.0402187384967382
-0.028675127327777 -0.021308518374121 0.110806593835277 -0.484204408188338
-0.0320026345928516 -0.0135977015027459 -0.573841506088777 -0.593063412076447
-0.011391198557881 0.00333059797686775 -0.868841295777223 0.267571660965903
0.017413530573777 -0.00284055872027466 -0.0901121615864179 0.749419590688616
0.01012105173216 0.0106769982494938 0.402260434870272 0.324299889041131
-0.00161107544079685 0.00381183438264502 0.341703854157283 -0.104361316643686
0.00400656324532209 -0.00553332579591936 0.0590938474432808 -0.274816647018102
-0.00617910445442756 0.00944605726124876 -0.0949400826271943 0.224264399799915
-0.00561386447704468 0.0157127818803889 -0.267113627918462 0.0764102005088036
-0.00661235059894493 0.00918579652814913 -0.369704622821982 -0.256660778381176
-0.00279348185634894 -0.0137914415120612 0.00501422631293863 -0.603338855526115
-0.0153166408520789 -0.0146841429247787 0.660436076038498 -0.326172726898335
-0.0288567036696566 -0.0103879663045313 0.613830674172488 0.36915793911348
-0.0272694178094901 0.00269091138708098 0.0714890253867089 0.478878100332494
-0.0157446156972327 -0.00120437210249755 0.0613361311120951 0.033885190783673
-0.031958533287284 -0.00980027071393691 0.0910934306700347 -0.488523851669382
-0.0258786206185487 -0.00435542393935497 -0.604087138571563 -0.567300746940806
-0.000530211273828851 -0.00154677522734899 -0.855585439950327 0.300367153798136
0.0181447588609388 -0.0155267960745649 -0.0503716645387139 0.74191135466308
0.00252371140132038 0.00444987488332305 0.418088070890485 0.306947152060669
-0.012657141233102 0.00427790178292712 0.338501712863249 -0.113794156389941
-0.00472911975439218 -0.00238088527058233 0.0551681509066919 -0.275505002316793
-0.012141173448875 0.0123062169783624 -0.0956983459178865 0.222573716289506
-0.0135180772415637 0.0150670936477985 -0.267273163699704 0.0682041332600612
-0.0130709218231018 0.00151913443000747 -0.355591331118796 -0.269483850904914
-0.000699219259806881 -0.0232617258481842 0.0383360330916192 -0.608102975922782
-0.00473341974561657 -0.0173710341931984 0.676665588138472 -0.300338063219957
-0.0188483281214561 -0.00328538259196698 0.590780708350491 0.400149719731222
-0.0285879726165279 0.0137187733703121 0.0494591093983497 0.482934087429674
-0.0210906685725016 0.00973103211501439 0.0569916693101697 0.0313514091054428
-0.032430150408491 0.0035132752137521 0.0706165525534019 -0.490761372394755
-0.0153938918782102 0.00495671060337127 -0.634369180437421 -0.538801936311404
0.0116794059739933 -0.00554578069976294 -0.835681432995118 0.33752599043407
0.0159008178203367 -0.025346683553995 -0.010857675046163 0.736933612021198
-0.00585294350762861 -0.00206270300333033 0.434450848527202 0.291086433173317
-0.0210295592114491 0.00612956498124786 0.337723199192833 -0.124052162130292
-0.0106269936381208 0.00177634692018137 0.0539844347373423 -0.277507758560155
-0.016693029166746 0.0144878224976302 -0.0962532002888366 0.220069942645239
-0.0181719451523589 0.0140027047932069 -0.265056921678813 0.0609941869355294
-0.0179583701727219 -0.00557364082525831 -0.337502034469896 -0.282049290409814
8.67496424342335E-06 -0.0303199130612248 0.0714470382272476 -0.611761290378826
0.00714332253979386 -0.0176180198799927 0.691800256986853 -0.270719794499716
-0.00723688705669364 0.00563743808287642 0.571229808390643 0.426971024154837
-0.0275640008996643 0.0262847981192093 0.0321128696015382 0.489469791564922
-0.023023368808229 0.0206096627151155 0.0503684165627021 0.0324078850416863
-0.0297569057154613 0.0173228699590385 0.0512760224793618 -0.488653373640364
-0.00317792682797058 0.0135824545584928 -0.657292517731207 -0.507436883213463
0.0207275802092609 -0.00754618435922406 -0.818143039804738 0.371378440752093
0.0123558247721549 -0.0314041750083266 0.0293031044446636 0.7289450642422
-0.01304333779164 -0.00728497662713449 0.453302715697807 0.274415955102296
-0.0258497912949272 0.0078462675002444 0.339146113268217 -0.1332871285288
-0.013391296847963 0.00519883291174993 0.0527097575031773 -0.27846969299409
-0.0180719335237423 0.0172191073900563 -0.0951555098384087 0.217085763007686
-0.0186981350447914 0.0126828997421182 -0.261271576762887 0.0539259564306397
-0.0208854784767309 -0.012002021717296 -0.321093847577313 -0.291991217302627
0.000338621182590993 -0.0329469146324131 0.100270623352156 -0.610743384947294
0.0171990979672454 -0.014195878708191 0.702521521690242 -0.246746708245301
0.00352547259531503 0.0130018380847558 0.556071663120049 0.452336669590538
-0.0247845850086916 0.0354416399460711 0.0165784532846142 0.49646423179071
-0.0237796557520346 0.0287764986648338 0.0451216655956918 0.0384524748775515
-0.023801754258755 0.0270885466545764 0.0341679466857491 -0.479660114107772
0.0101048126117965 0.0193972537597904 -0.674918793750588 -0.47855033651179
0.0291805237660065 -0.00766821393015795 -0.799815960541211 0.399057688865651
0.00755552747042962 -0.0340065136290672 0.0623903014587099 0.724294163504246
-0.0191333028900789 -0.0119910873564104 0.468408355253043 0.26063613572188
-0.0268757021589927 0.00876210088888858 0.340612830448804 -0.140240162254705
-0.0141212953487092 0.00895654061331643 0.051720151530622 -0.280340641393056
-0.0159802993839846 0.0195203929161088 -0.0913459425115836 0.215075236653496
-0.0149370846331639 0.0123096850538845 -0.25571762129276 0.0516279599499477
-0.0208454607199476 -0.016249018180862 -0.311345573169226 -0.292704270274703
-0.00196388391924166 -0.0328160872697128 0.11138515081936 -0.606316086720887
0.0232289539091623 -0.0109980435276309 0.709220883464546 -0.235371361014891
0.0142187510915192 0.0186112736341619 0.550516936336098 0.463632898511031
-0.0211982558204123 0.042322398449266 0.0101047725044956 0.506892427856283
-0.0213725486869952 0.0353721925957937 0.0386590315082929 0.0473890750538731
-0.0173102897271682 0.0337763134363807 0.0290682141144992 -0.470184797676364
0.0216116410539454 0.0223558805926439 -0.675848457417148 -0.465954699794498
0.0349517035070298 -0.00549479999873216 -0.79202959205587 0.41147312022706
0.00330544460603328 -0.0318225225691934 0.0730599214379634 0.723376073440049
-0.0203764317989397 -0.014413706932476 0.477640507865863 0.255866385474447
-0.0235607581766542 0.00894628609524634 0.346637052161755 -0.144138390600368
-0.0113378268926795 0.0105625531856757 0.0548186140505554 -0.282515517958286
-0.0111123976295544 0.020889984044893 -0.0877557407203823 0.213085204111551
-0.00881048937573787 0.011644419191466 -0.250002236064857 0.0502419407197274
-0.0193310160287878 -0.0172042332386196 -0.305679988603161 -0.291145823540587
-0.00582048033913617 -0.0269597971386632 0.110738403403426 -0.602635117210307
0.0243528377232063 -0.00662617529201234 0.713226781006436 -0.232710476840654
0.0209885986700092 0.0195970753036439 0.556756735311577 0.468723531235848
-0.0149831831113524 0.0447141524490708 0.00884300155188224 0.514572591178777
-0.0173983454111949 0.0360598500498015 0.0339209270626568 0.0572077960787073
-0.00987532304054357 0.0357486892319552 0.0304836839355686 -0.459457778196759
0.0294730570165739 0.0229704852497683 -0.668205465504424 -0.457769913822986
0.0373299930609526 -0.000576987296656872 -0.791615114865702 0.413779900672628
0.00139953675417233 -0.0242727588421763 0.0730721426601878 0.726455141348318
-0.0188842330619754 -0.016922322366153 0.483321490625685 0.25831464663816
-0.0166799139525513 0.00700736059745221 0.352549633666014 -0.142957036257697
-0.00686676643542249 0.0108315420263348 0.0586228218497505 -0.283347694756171
0.0072448843541284 0.00550553645627761 -0.0873823540975791 0.226050976347016
0.0150849436322286 0.0149036280596738 -0.261347979202623 0.091177335892965
0.00753855101350659 0.0200164122482544 -0.391011914256186 -0.231032055543872
-0.00419893755990073 0.00893680435184279 -0.0567583584865448 -0.590175316831208
-0.0302778030860925 -0.00616212639310031 0.635203875089577 -0.371375170371761
-0.0370285981561986 -0.0207627074502447 0.657991384649251 0.324719104211076
-0.0195406098613954 -0.0153688483989789 0.107415347835431 0.480001167318469
-0.00343171998043131 -0.0171944025925173 0.0648814955260287 0.0484814314575589
-0.0229059550187542 -0.0304811157163711 0.122745162611102 -0.477170481696525
-0.035182374875838 -0.02002534165617 -0.553478319334718 -0.608588435933311
-0.0209685589371874 0.00839223708958667 -0.88028084724309 0.248972897052388
0.0138218681573782 0.00937053812629612 -0.117321542688748 0.758646944707532
0.0160252770945444 0.0164821402291524 0.396609976261783 0.338286070870471
0.00982537050015597 0.00332275990394896 0.348599951015022 -0.0992302169334634
0.0118270316778266 -0.00767316935937522 0.0623149515964055 -0.277629049113821
0.000889265136456776 0.00735019035711923 -0.0907000593328382 0.227839392856254
0.00408485324184947 0.0155169044863312 -0.265867550455687 0.0857770318072198
0.00036467547855959 0.015092178220006 -0.384834617929934 -0.241746115156581
-0.00318740956234214 -0.00252741919674274 -0.0324978431790502 -0.5981303085379
-0.0252227462109813 -0.010984063014525 0.64842432412596 -0.353839407693088
-0.0353766386979338 -0.0168748137812682 0.640575763927621 0.344378214228401
-0.0240219816598456 -0.00774803625606435 0.092418781360941 0.479340600128153
-0.00917373779081806 -0.010596279624147 0.0649448074331112 0.0397785820788974
-0.0284507261487323 -0.0208211406220233 0.108618727807954 -0.48803141879118
-0.0329588182107077 -0.0132944063895914 -0.580430046856854 -0.594123633045287
-0.0115695382228717 0.00303438881950089 -0.872096890422798 0.272765255061255
0.0167540623416423 -0.00264599893331378 -0.0880351717057143 0.751277418904981
0.00981610613332643 0.0113798163575098 0.408209553584755 0.324575545654061
-0.00203653932343827 0.00358509034379836 0.343511037998641 -0.107596169768794
0.0032028561501667 -0.00571269738314471 0.0576613138427032 -0.277210557677904
-0.00648364759737435 0.00945082380544384 -0.0937317392441065 0.225970504623516
-0.00584645593737162 0.0158891590812103 -0.267699388749152 0.0779343874241029
-0.00690503559890577 0.00974744226644986 -0.374156474562398 -0.256702346225441
-0.00220514218983031 -0.0138763844119941 0.00154439216180221 -0.608420646910444
-0.016204441860339 -0.0147083542917335 0.662504619353428 -0.330551735380868
-0.0289202972924023 -0.010346130699405 0.618464220134234 0.369188297366369
-0.0270381258734817 0.00306545598690431 0.0725436033195067 0.479971205378431
-0.0157480148839942 -0.000512131634868873 0.0624761064042396 0.0338638766077842
-0.0322382890095744 -0.00959178427969399 0.0897285835507294 -0.49114038616833
-0.0261843867426588 -0.00447045508467545 -0.611198362515887 -0.570998066019961
0.000110164866333957 -0.00162287254371546 -0.85818622340417 0.307726833337196
0.0184093056936777 -0.0154397351351427 -0.04722624044351 0.746817641351746
0.00266569911610912 0.00435614438012238 0.422063600094933 0.30778455616917
-0.012363834858377 0.00416325292041706 0.339268447739754 -0.117350931863354
-0.00397402134150704 -0.00250100256592381 0.054417518863145 -0.278040840400474
-0.0119081232812403 0.0116457548481932 -0.0952714630413776 0.225582442689281
-0.0131499811969336 0.0153253320799659 -0.267150705162786 0.0700099323807519
-0.0136089847710033 0.00273555910357671 -0.3587998696399 -0.269183751716187
-0.000899599719698758 -0.0231462937791719 0.0354501763874809 -0.612298726080047
-0.00501569312818011 -0.0172335740695521 0.678611337476102 -0.305461841070719
-0.0187622413699678 -0.0030569183259667 0.595234083410195 0.398957302059688
-0.0289198108969096 0.014428344405577 0.0532763135907555 0.483894601551335
-0.0203253976672551 0.00973392105075503 0.0579677416296449 0.0319116961502544
-0.0330558113159748 0.00501428745969142 0.069670186073507 -0.493780196365445
-0.0160899522950945 0.00539184719761079 -0.639233615827862 -0.539053416183351
0.0114736853958706 -0.00483547394060657 -0.838677630758514 0.343771031913411
0.0158129710618649 -0.0256580272666493 -0.00512201921273737 0.741066312282051
-0.00537500305246271 -0.00238372976558344 0.438732622633802 0.290194658332209
-0.0208183804424493 0.00595431305911872 0.339109301827987 -0.12787509444052
-0.0102125805707838 0.00136551783276204 0.0519825673627252 -0.280158193277573
-0.0161474783302295 0.0148159384992121 -0.0958133255723815 0.2232400942774
-0.0173573845080271 0.0138050237728548 -0.265438796659486 0.0617803715334055
-0.0183953905531127 -0.00577421527844767 -0.340289355462491 -0.282588187198723
0.000917989224717334 -0.0303519911283006 0.0679736947634833 -0.615008672095309
0.00697591385325342 -0.0170855842041096 0.692929376908686 -0.276121381118536
-0.00754962822123234 0.0051956353351611 0.575233899344146 0.427475878698253
-0.0278418222157668 0.0265653973821246 0.0338293420823032 0.490592441342724
-0.0230338971338507 0.0205437169002771 0.0522284899189888 0.0333889608574188
-0.0295264000543398 0.0174389515046398 0.0485388877243461 -0.491005853713378
-0.0026747059188475 0.0133658832378487 -0.66474104705739 -0.507329189308759
0.0214095844561208 -0.00777140764627321 -0.819418080726872 0.378354439097122
0.0120648345299846 -0.0316144734803521 0.034387935028022 0.732830632424977
-0.013172651691925 -0.00772753035732807 0.456712225512762 0.274436935307399
-0.0248448727480889 0.00758406876096174 0.339868646734528 -0.136157496509995
-0.0139724919318846 0.00461630879707016 0.051464773029367 -0.281099536886029
-0.018008492806549 0.017647574051505 -0.0935195218287959 0.220167867176782
-0.0181220719027993 0.0127674994692926 -0.261220309063362 0.0548235800977483
-0.0206509828821802 -0.0119283521260679 -0.325515347355173 -0.291989429734794
0.000136039094852386 -0.0333597024571476 0.0972032436620963 -0.614306572519776
0.0168716956724018 -0.0151014871465796 0.706614140849 -0.250452650177625
0.00375056754230741 0.0122888779059471 0.557865247569518 0.451741532573316
-0.025268493561307 0.0364922688905043 0.01830505763828 0.499676104978631
-0.0234128228102769 0.0281445628293146 0.0460659509135102 0.0382496274585309
-0.0245202511703248 0.0277504319550074 0.0348542485969558 -0.482619529072183
0.0101447149055561 0.0189426572722387 -0.680584954474242 -0.478795690412696
0.0287828604761835 -0.00835386266598365 -0.801682099367953 0.404953227942227
0.0069447002023321 -0.0348432524689803 0.064744560734227 0.728511383218458
-0.0189803021927 -0.0119488269505762 0.471987981482391 0.259752665073941
-0.0267123644772614 0.00868275702470727 0.341624085280314 -0.143867093049572
-0.0146792072611724 0.00856141610535916 0.0503239267687147 -0.282772814987614
-0.0158312674138201 0.0201270071460086 -0.0906018682024644 0.217460371935726
-0.0152622168106385 0.0121961809411854 -0.255308001348659 0.0525483543225693
-0.0215140481465165 -0.0161618455232167 -0.315223556452495 -0.29234792429982
-0.00175065566626567 -0.0321645135513426 0.110517856935093 -0.611093482477908
0.0229035001578213 -0.0110364734888648 0.71201442979898 -0.240602501648502
0.0139581797187415 0.0177942081316898 0.555780662550993 0.465166119644817
-0.0198689869175197 0.0431022577851944 0.0105705324234413 0.507323845881424
-0.0207989285927819 0.0343075109178568 0.0386714751290494 0.0465058949358698
-0.0166198144947547 0.0346547998912417 0.0288831163696822 -0.472753988516234
0.0217809313008137 0.0224507190171483 -0.681155553112314 -0.463967117475894
0.034922580725743 -0.00593107591281669 -0.795435941214891 0.420404676236949
0.00292758320166972 -0.0310364151861616 0.0775938638257775 0.7282791524567
-0.0213963530128025 -0.0150480836488609 0.483548250503512 0.254826472812885
-0.024161831350593 0.0085156068143429 0.347639965770177 -0.146276116975823
-0.0113426625134482 0.0105316585474456 0.0528928028451137 -0.285567049905998
-0.0114153506607255 0.0207995984567063 -0.0865092685628816 0.215248735397679
-0.00872461658898474 0.0115792900871183 -0.249822905656088 0.0511099308969538
-0.0198736594620042 -0.0164776251810823 -0.309331405180781 -0.291643525944368
-0.0065605331160806 -0.0273251382596549 0.108144774256762 -0.605260272537749
0.0249404393673175 -0.00768412262217245 0.714454612240455 -0.235346630317097
0.0209428548977451 0.0194918834897613 0.560192134800308 0.467840742601242
-0.0146518999364341 0.0452711160072642 0.0106742164942213 0.5172308434509
-0.0171989838161768 0.0357941193371046 0.0343729452799917 0.0571804421712646
-0.00952779015229498 0.0353400322214199 0.0288836187219132 -0.461697278576252
0.0294021349763984 0.0230570370867308 -0.674722868798188 -0.458442008056667
0.0366006262594661 -0.0012793729292316 -0.794176843048089 0.420916201724153
0.000691128454518867 -0.0243625479959322 0.0790874463231507 0.73083661449625
-0.0196922582092486 -0.0160158052268763 0.487289606436665 0.257409168933697
-0.0160765939589315 0.00725344126184881 0.353583880910758 -0.146848812767067
-0.00623101744942874 0.0104883896427621 0.0560790645217455 -0.286068796088654
0.00824473969307349 0.00564106157838327 -0.0857342014790453 0.22823993371137
0.0153627115435065 0.0144000186045682 -0.260968484522639 0.0931030805069635
0.00775587166677067 0.0195934104858094 -0.395358368595612 -0.228708471780205
-0.00406023610908667 0.00896875165959347 -0.0614976920317511 -0.592179870242811
-0.030239499564445 -0.00571330201705987 0.635302269645295 -0.377648204477788
-0.0385129470648211 -0.0209933779082442 0.663208168956251 0.320748788702246
-0.0199306474365949 -0.0146906259952073 0.110063743936384 0.482904728896519
-0.00367134611187443 -0.0181092409427806 0.0649179320197105 0.0487174128086846
-0.0231942493800859 -0.0300380681256769 0.120072490878577 -0.479621357262737
-0.0354756863702933 -0.0199498664989892 -0.5598063857556 -0.609035161917632
-0.0200600331624429 0.00818031078166902 -0.885242419491393 0.255700305132119
0.0132594728403633 0.00942989134249883 -0.11224210075197 0.763499407602353
0.0166771852144853 0.0164433482197274 0.401331579375382 0.337349668607454
0.0100081387202865 0.00317497556421306 0.349672174866906 -0.101676738131289
0.0107595160237718 -0.00806662786218703 0.0606868037507065 -0.279561532661163
0.000780434473881607 0.00733746560125294 -0.0891433770015144 0.229849641774777
0.00548738755569317 0.0155462105502792 -0.264550643320852 0.0877249815681033
0.00051214478165033 0.0152264585803787 -0.388907537756882 -0.240686842788902
-0.0031060534297635 -0.00248172187465718 -0.0356719024280837 -0.600624016082636
-0.0246879082151732 -0.0107184874571446 0.648729820788301 -0.357545499165913
-0.0355507888150826 -0.0162638272056553 0.644631567945519 0.340587672228224
-0.0244920458981931 -0.00704072963643935 0.0934890669747708 0.480676557846158
-0.00903066123835704 -0.010549142220994 0.0647780623133236 0.0399434393313159
-0.0292563624371702 -0.0208207912172554 0.108920097800693 -0.489617966088516
-0.032981431217242 -0.0122706852755754 -0.58700938634525 -0.594923334423322
-0.0114955409620935 0.00376996286972572 -0.877422655489268 0.27926726143007
0.0166073817124636 -0.00389364824103078 -0.0833499958417077 0.759337610881382
0.0104370494787875 0.0107756414554487 0.412748774143759 0.323156961012377
-0.00133364158267033 0.00360962570513824 0.343277647862023 -0.111108204198671
0.00389738685685129 -0.00602976558751846 0.0557494484356642 -0.27943540934992
-0.00567922337985093 0.00945137122653748 -0.0928412716861601 0.229554134744034
-0.00510784687006957 0.016042798689766 -0.267722254237342 0.0797445302590253
-0.00658638189467424 0.00992331355268763 -0.377062911824967 -0.254909919982312
-0.00204684000409692 -0.0138645798461682 -0.00418576272769524 -0.609967947949776
-0.016817752295893 -0.0149290380706964 0.662753557041825 -0.337051365450836
-0.0292665363876225 -0.0111183111741757 0.622613298588085 0.366385539282038
-0.0273270604917472 0.00357710458539376 0.0746318851114036 0.481089646686121
-0.0155222050052341 -0.000490461247409923 0.0626485005439405 0.0340001222141218
-0.0327902737466848 -0.00891210991593219 0.0868387203041596 -0.495576419266558
-0.0265264297189602 -0.00329278030192948 -0.61699600383701 -0.56737199404004
-0.000339371430680123 -0.00139714647365048 -0.861180069169696 0.314090302964653
0.0180245951464767 -0.0166414387752849 -0.0408827722362673 0.751409925849893
0.00213188880787 0.0042316338720617 0.425903532998313 0.305674202244152
-0.0118144716466812 0.00495300812319337 0.34090875626702 -0.120577369830088
-0.00432023413984948 -0.00269435289675413 0.0526062735615832 -0.281741999988304
-0.0114290007749824 0.012854497684907 -0.094191194115338 0.227891633411909
-0.0135738635478555 0.0144717846023007 -0.26812019712876 0.0722818962790726
-0.013085735570188 0.00291959154738115 -0.364323294352503 -0.268170474356098
-0.00118617655057737 -0.0235886399920685 0.03049478173199 -0.614342088283484
-0.00501909529809676 -0.0179246887653502 0.680472355908292 -0.31128340664353
-0.0193005257821968 -0.00296286201579298 0.598513619505095 0.396597889455463
-0.0287291831926442 0.0159273585334289 0.0548351459659692 0.484764404266116
-0.0198383226701774 0.0102504318858999 0.0583816552921091 0.0314684792298785
-0.0324627832181053 0.00432779486609343 0.0682161444508559 -0.496464774587665
-0.0163863955266934 0.00577310007060069 -0.647471943845501 -0.537844674750005
0.0113116404932225 -0.00574016690670071 -0.840753287138278 0.351977183989897
0.0164660031742827 -0.0262699587145531 -0.000707846776604622 0.744265960907035
-0.00595160581186334 -0.00201260652376095 0.442939657922812 0.288573047712522
-0.0200062966224741 0.00630580205106821 0.339757517372396 -0.131565172170689
-0.010118994088783 0.00139950114459961 0.0501198523127341 -0.282806645412048
-0.0155245609856664 0.0149815130117896 -0.0939075845032049 0.225495818538114
-0.0178452520203708 0.0142718171448126 -0.266005139626872 0.0632752121273278
-0.0179472637859853 -0.00506396249886139 -0.345578561674244 -0.280380995802308
0.000578057835934346 -0.0300852382691521 0.0657945729443594 -0.619490196700461
0.00668142014823059 -0.0176942090280181 0.696076747649017 -0.282844039332373
-0.00813061625903434 0.00564038391417227 0.581256282779163 0.423537789311592
-0.0278349278964643 0.0272216479113901 0.0361413783270066 0.493177228608929
-0.022581098592011 0.0207778584582049 0.0524206758840426 0.0334845860550026
-0.0298404024889722 0.017803936143773 0.0490204218547864 -0.494617881642436
-0.00347744269579893 0.0132086051853322 -0.671254979849385 -0.505493395776064
0.0217064874121882 -0.00796268896549278 -0.822579175681231 0.385329385174414
0.0123192467336714 -0.0326767726311411 0.0393070501683751 0.73657686207894
-0.0139522095796428 -0.00745068257884457 0.461221257320924 0.27050734670175
-0.0254233717666916 0.00758676150838254 0.339182357313619 -0.139680911492891
-0.0135625070955786 0.00459007375576453 0.0482817334019507 -0.283862847298632
-0.0166723910577667 0.0181162036015723 -0.0929814032518787 0.222335824064422
-0.0183673392273976 0.0125135962478419 -0.26193507196049 0.0568784135905092
-0.0206358349740349 -0.0117734435744981 -0.327711620130532 -0.291021458991756
0.000607079901550875 -0.0338029787404416 0.0936119773384196 -0.617860957559026
0.0176079406448545 -0.0148999138164902 0.70859920386187 -0.256431906474997
0.00394232297830631 0.0126300177923486 0.563900752050435 0.450924533550914
-0.0248591031187867 0.0362497510527845 0.0207201388452824 0.499569433560316
-0.0227157418175766 0.02845424371618 0.0461254220468914 0.03748285077848
-0.0236215397424845 0.0278639464182869 0.0316392266242759 -0.485813905037501
0.00958608665718416 0.0196415776480876 -0.686440841725669 -0.475370906426771
0.0293088199398658 -0.00829730852415522 -0.806007756764527 0.412628408963947
0.00633792230924569 -0.0340229906180547 0.0703211690711805 0.731387557949745
-0.0187656187237898 -0.011753221985216 0.475658969627128 0.256716844900856
-0.0264764590427665 0.00892539324924559 0.342239979776535 -0.14847723166501
-0.0143307866314902 0.00831860648816822 0.0487448355416227 -0.28548049253508
-0.0154261849819955 0.0208078190243627 -0.0881791098275028 0.21969903252005
-0.0146525472181727 0.0116497667705391 -0.255600535306841 0.0541620543683763
-0.0216967688018978 -0.0162030028304612 -0.318802502565765 -0.292112697911896
-0.00202961589147082 -0.033290209721846 0.106364142817349 -0.614455475637165
0.023257402768673 -0.0113324653509315 0.713928589592435 -0.244966055982385
0.0140499129873537 0.0175833326687893 0.559174860224462 0.461760796474021
-0.0203841709545652 0.0440332217316884 0.0119548726598856 0.510270357118894
-0.0215107931273775 0.0347539266750164 0.039245685000674 0.046679847634246
-0.0164898573304042 0.0344513817180031 0.0268733857386728 -0.476051409494173
0.0214014661708483 0.0229418789769988 -0.687483312924332 -0.459630512463835
0.035179849271323 -0.00631711606568697 -0.796364149888267 0.425325916074875
0.00275025159065057 -0.0314610686501529 0.0839748062206796 0.73047102699975
-0.0218055533487547 -0.0158592414832529 0.486011400212262 0.253419423815429
-0.0238007594980761 0.00854473941147101 0.348158779845237 -0.150416314927323
-0.0113329284087969 0.0104770507264875 0.0505731447519338 -0.288282101814941
-0.0101437065511867 0.0212346957155316 -0.0845856080875806 0.217647120282317
-0.0085408387750064 0.0113138536816958 -0.250721744044287 0.0541742516718479
-0.0197501987142013 -0.016540518590624 -0.313378055535029 -0.290014879328498
-0.00572493095613365 -0.0271086173270437 0.106049612987883 -0.609028995684062
0.0247717449006159 -0.00806369385920248 0.715320150454967 -0.241406324900548
0.0209378551165932 0.0192910388849533 0.563587978290571 0.467491084773821
-0.0146178593425469 0.0465556586295547 0.0119947237498117 0.519045680279954
-0.0168588750482557 0.0353248651638347 0.0360317850175957 0.0571845413926911
-0.0088433050374373 0.0351970872799146 0.0275715731292156 -0.463424896212632
0.0296374559115537 0.0230374889106772 -0.679314045061844 -0.456074029971088
0.0376796868873691 -0.00215841860438655 -0.795647540729269 0.429087223850694
0.000633861074668158 -0.0255435330544246 0.0840022098421367 0.735300940611037
-0.019798382823258 -0.0169560886159265 0.492151052537181 0.255680786421614
-0.0157262244463818 0.00751251598029747 0.354137868479024 -0.149743699863476
-0.00623413069036882 0.0100809373976769 0.0557805323913904 -0.289030300705182
0.008062186226077 0.0059511637846877 -0.0843164262828062 0.231003294961926
0.0157355045586732 0.0138551393385173 -0.260394539973748 0.0950009732068822
0.00789849366354292 0.0201941848105145 -0.398266166727178 -0.226974158049282
-0.00368547889584437 0.00840968373690372 -0.0669617559678286 -0.59232190746388
-0.0304540272084554 -0.00509366499510577 0.635293382311516 -0.381873584266379
-0.0384210814583483 -0.02047769276231 0.665791286263982 0.316502747201537
-0.0197303351426858 -0.0140285030409444 0.112569878854726 0.48283595441552
-0.00315504181566067 -0.0184278252790025 0.0671437338847388 0.0479996405339058
-0.0235540579366565 -0.0293218941911191 0.119579038031586 -0.481180300063381
-0.0360601048774583 -0.0198401189240741 -0.566757131257097 -0.607928116386645
-0.0200786134586602 0.00918092793896681 -0.885982153359564 0.262089676864851
0.0134890659913758 0.00914936947021602 -0.106606397133072 0.766347393138992
0.0161963415053578 0.0163136371905409 0.406375993191537 0.336580488595167
0.0100456007204025 0.00349572730492787 0.350276309117393 -0.105531221765687
0.0120561891134985 -0.00769539603687386 0.0577385203509909 -0.283056214839743
0.00118278059805565 0.00747146331547209 -0.087149844788039 0.23234099519964
0.00477872289355859 0.0154144406490688 -0.26538554709387 0.0890731152704819
0.00107656753615403 0.0160657956935872 -0.392168722254249 -0.236561237565278
-0.00356203701227998 -0.00251155476569367 -0.0401665663703195 -0.603432965104027
-0.0260790178275853 -0.0109064175100142 0.647677707656636 -0.362565890212081
-0.0367449041057781 -0.0171027290756558 0.647827571558024 0.336958484019846
-0.0248639854707734 -0.0063027345271954 0.0971187524146536 0.480740998869688
-0.00967718645037927 -0.010375823997663 0.0666416841057846 0.0395172737483724
-0.029407155437811 -0.0207885031382475 0.10458871313178 -0.492619910353718
-0.0340116662782411 -0.0125646790255558 -0.59338469142763 -0.593435251655498
-0.0110647420161892 0.00296973121774751 -0.877224310847122 0.288348741053473
0.0166628093819132 -0.0041120435274403 -0.0761812748737878 0.761592899308469
0.0100768264895784 0.0112317931440046 0.41554557672121 0.322512335352377
-0.000802543262782097 0.0033114077001438 0.344383983670483 -0.114883094429835
0.00414434781368739 -0.0065409853813629 0.0541365341039223 -0.282762743579585
-0.00546716241806891 0.0100783958369508 -0.0901894063306363 0.232274283392738
-0.0048773154905439 0.0156388122253895 -0.267033986506864 0.0818799584262353
-0.00671770808086323 0.00982012869081018 -0.379267073007783 -0.253024842261032
-0.00176980013266223 -0.013692890363676 -0.00684840413969971 -0.611595449872416
-0.0172075457748205 -0.01569449200487 0.663437497064211 -0.341415066460451
-0.0300409386649219 -0.0108097483542804 0.626488199767921 0.363266630885028
-0.0276854548593386 0.00490479350976695 0.0769590412021324 0.480778702967835
-0.0156561667685478 -0.000132938727931619 0.0636694403382811 0.034156527829724
-0.0325350390292703 -0.00877329704077384 0.0864516054434967 -0.496937251893487
-0.0276676945749736 -0.00394918961688126 -0.624916850867678 -0.566499130728941
0.000266146131039709 -0.00109056814093926 -0.862286621277348 0.321530327830745
0.0171149484942876 -0.0162170035303026 -0.0368206565709516 0.756478861391932
0.002771858464853 0.00494628750018264 0.431359939703007 0.304793056492472
-0.0121079547702615 0.00482965842975736 0.341347352577362 -0.124485448509936
-0.00470446370877454 -0.00292051702941396 0.0502177353756027 -0.284392382491254
-0.0117518982246284 0.0127042394155248 -0.0921185951288533 0.230729966479109
-0.0127468722446719 0.0150122517805923 -0.268258793330238 0.074019071874169
-0.0134173842124489 0.00287243507237321 -0.365412640875949 -0.266786553164465
-0.000636449794442879 -0.0238743195671409 0.027891582770379 -0.617423313061455
-0.00552276214467576 -0.0177893231640111 0.678821860122042 -0.316225707786025
-0.0198699837663843 -0.0032324893764559 0.604079974351581 0.394000840812613
-0.0288909969221135 0.0167974650814542 0.0567818073329903 0.485029437699888
-0.0201570816223523 0.0101418762178512 0.0595632739905146 0.0318436744785853
-0.0327983197664374 0.00492629730112867 0.0668551921599017 -0.500165714455806
-0.0170062401900188 0.00597327695884814 -0.652417532518859 -0.535727674971108
0.0115745157725719 -0.00615059260442394 -0.842372889859491 0.35749804816062
0.0158257071077749 -0.0260614694872699 0.00389222797837755 0.749378936497694
-0.00621005987000875 -0.0017741273661264 0.446980823340451 0.286706813953845
-0.0199941234751131 0.00687420230771223 0.339684708763482 -0.135801756944497
-0.0106217913867911 0.00112099076755469 0.0477960928569896 -0.285061193656608
-0.0154528704424343 0.0153136032655106 -0.0917315488840998 0.227823256135473
-0.0174720593829366 0.0138761459115119 -0.266156459989259 0.06566655338227
-0.0183205350060604 -0.00524840878272198 -0.349247331225764 -0.279278126788165
0.000381244008654797 -0.031015183472055 0.0600464173651274 -0.620297782794911
0.00614551998375103 -0.0179150913885036 0.694594519703342 -0.287552058643657
-0.00819552975183965 0.00522425743317192 0.584325490890198 0.422445289358109
-0.0280551510207251 0.0284797095992261 0.0383978669965351 0.493303852992001
-0.0224044306997496 0.0205050557588195 0.0534293054339771 0.032836928605776
-0.0294326753337469 0.0185175795635637 0.0463337912945081 -0.496071971277443
-0.00373274503193538 0.0137144083898614 -0.676208150426999 -0.503882471288169
0.0219390998822238 -0.00828102999779887 -0.822784980650879 0.393896978162899
0.0117158991171932 -0.0328786124364298 0.0445777271592537 0.740601736747132
-0.0139236049526787 -0.00739977798641846 0.467432332993983 0.269320513572159
-0.0252398162091419 0.00767768603865587 0.339928982482688 -0.143852092525936
-0.0141154021432079 0.00404016977605058 0.0464769464667213 -0.286336460010147
-0.0169198127883545 0.0186525208361745 -0.0901850866079043 0.224520494955438
-0.0175462834962786 0.0123988874714793 -0.262032278263261 0.0582007061981473
-0.0207940423686822 -0.011359211617061 -0.332583670689771 -0.290150258875529
0.000126849500194023 -0.0340396794782268 0.0896568325032248 -0.619142524967203
0.0167287683675616 -0.0151584050064875 0.708538913135396 -0.262672303557354
0.00309848310998984 0.0117681130868305 0.568318479673252 0.446624212272394
-0.0253519464721435 0.037555748858496 0.0221582924867859 0.501918734549718
-0.0226783584278197 0.0291670941549786 0.0475631512985822 0.0380130644364061
-0.023633666929939 0.0276806053496279 0.030221212306938 -0.488175675825174
0.0095200349518223 0.0195832635364595 -0.692552572571071 -0.474350291378962
0.0297837669824721 -0.00849882139218498 -0.805836492878063 0.421252160098159
0.00592082930681542 -0.0345406797944998 0.0773030043650721 0.734052212064436
-0.0191145062945871 -0.0115007903606226 0.481708111558067 0.253485147027984
-0.0262358832346306 0.00918669933064836 0.342124181251151 -0.151846736002551
-0.0141527175380518 0.00797559860590198 0.0463781703712455 -0.287392629779688
-0.0154100822466613 0.0202117759382848 -0.0865973136879193 0.222112938765657
-0.0145649892492422 0.01171077046127 -0.256126213305662 0.0555922178547061
-0.0215413918380786 -0.015846788432526 -0.323039900525429 -0.290750589281428
-0.00173561914756271 -0.0328392263101975 0.100974526473156 -0.61683530471429
0.0229820749097228 -0.0121286033025628 0.714300820879704 -0.249432805049388
0.0138156149225628 0.0171841649091938 0.564184331981448 0.460914319372913
-0.0208191314354212 0.0445204760943935 0.0148615563922654 0.511915454732544
-0.0200799456872649 0.0351850758617878 0.0407627659077575 0.0467687626092134
-0.0167515068719225 0.034787769238373 0.0252934787101915 -0.477773761653662
0.0215454479044008 0.0227467265520709 -0.692598590793872 -0.460457120031595
0.0351667227856699 -0.00632604248673238 -0.796849203858848 0.434430711388361
0.00215095431038919 -0.0319058916027845 0.0882245621319628 0.734536126706528
-0.0222611923410224 -0.0149463861104641 0.49074071246196 0.249544337778405
-0.0235347108024472 0.00906654078478058 0.348426385862581 -0.154163753396969
-0.0122674875582633 0.0100567061508908 0.0488148493881528 -0.289251921717785
-0.010158625982476 0.021508393031298 -0.082607179546069 0.219645136272591
-0.00773739607604918 0.0114606142178841 -0.251306057060469 0.0545272312191958
-0.0203558891815893 -0.0162233367819332 -0.317495658691757 -0.289833025604516
-0.00656136624778648 -0.027505834924208 0.102648562209513 -0.614273669360707
0.0246054283277258 -0.00829201615453904 0.7160665215443 -0.245185491073295
0.0213375839779458 0.0186445390879949 0.568051624413744 0.466248316088925
-0.0140281107707933 0.047645870420187 0.0149335574354394 0.520078936136892
-0.0166202280877893 0.0363650286137063 0.0363682204392429 0.0574227763195678
-0.00926724297738084 0.0360957550804141 0.0261801321846767 -0.466025964696657
0.0296661307675282 0.0227361565309177 -0.68609004246559 -0.45333022970732
0.0378027492272983 -0.00166474549162048 -0.795738138272766 0.436938108786177
-0.000365954606299017 -0.0252834998644938 0.0902295866660606 0.738141638440569
-0.020767577201954 -0.0160739771271497 0.495831884053962 0.252081931271303
-0.0158590938772017 0.00719327522701927 0.353863808995482 -0.15486865003698
-0.00637273665088218 0.0102250124967502 0.052441933585188 -0.290441199365221
0.00856277694754796 0.00587659119770683 -0.0821699745719607 0.23262037461352
0.0162868448503475 0.0135778344508773 -0.260384396611804 0.0976344398432239
0.00865460706456508 0.0197345333624769 -0.401651285953564 -0.223291372395397
-0.00335010610358516 0.00865502276147801 -0.0709108983614606 -0.592457517161737
-0.0313991387378857 -0.00538475905240722 0.633241482682569 -0.38698923346375
-0.0391987135226863 -0.0200823257030351 0.670352708705136 0.311636322387839
-0.0198629443487894 -0.0133267285535811 0.114625643140244 0.481817340920154
-0.00292437309155515 -0.0184645970159739 0.0675428757488913 0.0473072202301062
-0.023614713939637 -0.0303024510375395 0.116298783936251 -0.482643258015304
-0.0371319535132696 -0.0190309310079252 -0.573554285576398 -0.605723068292331
-0.0197076564463718 0.00842409311997641 -0.887400643684128 0.269478667255955
0.013057711202845 0.00889531602381642 -0.100854485477181 0.770911810009433
0.0170142076717948 0.0157642730221558 0.410707776458953 0.333468221770075
0.0105907712786647 0.0033336306077952 0.349653284022358 -0.110608001225901
0.0112498925550696 -0.00919690354815081 0.0558550745633343 -0.284156038103214
0.00141839247922793 0.0072635906316689 -0.0858990938223327 0.234412476749189
0.00542225576450428 0.0150498513034851 -0.265449247473968 0.0915802679540232
0.00087624829929212 0.0165188532056704 -0.394830925227147 -0.234436970057591
-0.00291609520214901 -0.00253091228092515 -0.0458960311733727 -0.60188987732276
-0.0267236041956919 -0.0105928493939781 0.6478606102597 -0.368634209437749
-0.0372510482248109 -0.0164580195432255 0.65212816189104 0.335468110464402
-0.0250362574432318 -0.00520291413320502 0.099559043038588 0.481529046691748
-0.00863518592856778 -0.0108022447826721 0.0673825797607967 0.0390561189748332
-0.030200855464825 -0.0209125325536875 0.102190935023721 -0.494321984839233
-0.0353936151526584 -0.011686936872962 -0.600270716501281 -0.589899344005512
-0.0108562562141636 0.00287180098164099 -0.878453304314943 0.296859726793009
0.0169433735858719 -0.00343120978567915 -0.0702249130975128 0.766291737852624
0.0106250842005977 0.0105881871028217 0.419946275486027 0.31836332191764
-0.00152403492892385 0.00356479919406532 0.34490072334182 -0.118843032307342
0.00409889443881679 -0.00605587308125447 0.0508418190054924 -0.284048392337615
-0.00475152490816995 0.0107562650017327 -0.0880298155408252 0.233543544555701
-0.00437438978388919 0.015644258327419 -0.266620959828155 0.0839685834156922
-0.0066641004142216 0.0103041546131157 -0.385700443095563 -0.250548714830928
-0.00188138128839621 -0.0139706384592938 -0.0135376297913017 -0.612093542278887
-0.0173753857916727 -0.0155553689648874 0.664354001423782 -0.348355159557683
-0.0305325698252657 -0.0105748701700597 0.630831299200543 0.358755985778337
-0.0283526728258512 0.0054368955091289 0.0792980862803365 0.480987607347182
-0.0150298856987338 -0.00157319240348871 0.0648852662686836 0.0333737885329941
-0.0329931144615964 -0.00862465351730394 0.08444205145685 -0.500032077699733
-0.0274509156661087 -0.00292119958694568 -0.629153881452562 -0.563011752780841
0.000313458237250137 -0.00190536803225947 -0.863607376067175 0.330070112310018
0.0179496769660663 -0.0165538575919019 -0.0309181221012999 0.758774751002369
0.00202126572488491 0.00455024794743785 0.435869080329615 0.302087432768436
-0.0116906465882577 0.00450741620605311 0.341335010951136 -0.128556190259078
-0.0044517334004465 -0.0032507800052567 0.0476110807708414 -0.285466640279489
-0.0110432414889798 0.0126193027448776 -0.0901636426960765 0.232784624225933
-0.0123142624383508 0.0152954120945024 -0.267654218324766 0.0757915597967276
-0.0132003947901666 0.00343143851810355 -0.36923978165775 -0.264156814582303
-0.000699784465367756 -0.0243956844902495 0.0228582821613834 -0.619332033402059
-0.00579755573281185 -0.0179955955197197 0.678685618162424 -0.321087639569564
-0.0203631623792213 -0.00326480446407993 0.608506816876789 0.390516631274756
-0.0289605650871827 0.0171673122056811 0.0593060532471517 0.486775692275031
-0.0195571343556125 0.0106392535271396 0.0604775701690216 0.0320195730651431
-0.0323203767156923 0.00509971369587442 0.0623527878420834 -0.501832960642013
-0.0162917223497746 0.00607686305550354 -0.658217806796772 -0.535222542623838
0.0118510310211585 -0.00665438079606097 -0.842263658773892 0.366186282421734
0.0156505819303213 -0.0261105314190854 0.0106130369918292 0.751015428509812
-0.00559675594214087 -0.00185357830714103 0.451831458948637 0.283152007180565
-0.0204591271231759 0.0066270677328624 0.340278510705307 -0.139147290096941
-0.0106616418627293 0.000584482696477285 0.0454007515909425 -0.286819701902182
-0.0150574374925732 0.015619870021159 -0.0898944619879735 0.229201179426738
-0.0169986886481503 0.0142430536425444 -0.266231039385136 0.0675480221241032
-0.0181874614774201 -0.00463720049140951 -0.35230819461886 -0.277188995379035
0.000147169117949072 -0.0312409610609477 0.0551075569683391 -0.621299444865306
0.00605393333761584 -0.017714403517818 0.693221798894793 -0.292458770664691
-0.00911079050663614 0.00509508373771916 0.588384482894408 0.418890899983925
-0.0275746531483577 0.0289993197487013 0.0405909492791023 0.493831223001082
-0.021843887890423 0.0203077110767203 0.0542519471333184 0.0335975348338591
-0.0292744701018864 0.0184536056707661 0.0445883950286592 -0.498256175445831
-0.00408540208386287 0.0143869086167471 -0.682457159979155 -0.499313296311364
0.0214289025532677 -0.00903927677350786 -0.822449118147224 0.401269022114183
0.0111661951564352 -0.0323575687390203 0.0498772239853867 0.744666104981728
-0.0140561303628244 -0.00769889988702531 0.469741274807127 0.265994308673299
-0.0253946192532295 0.00788727710249475 0.340185967055393 -0.147604401448015
-0.0142552352279217 0.00384880049643428 0.0446483975339693 -0.287700995660866
-0.0165078466426216 0.0188842874895949 -0.0878819706953077 0.227134826410678
-0.0180175695701911 0.012347078559401 -0.261710390492185 0.06014268764407
-0.021131560420203 -0.0109857256049491 -0.336323367471025 -0.287361219479673
0.000312359053914308 -0.0340855731655721 0.0856838561080156 -0.624009643693792
0.0156121356645441 -0.0158247710380506 0.710067381289373 -0.267908528078581
0.00288454727844124 0.012595928372439 0.572213498463588 0.445580175210165
-0.024904729657687 0.038472187797196 0.0246924477392769 0.50131992397739
-0.0224824134624409 0.0289944295579259 0.0477776049605198 0.0371829503951292
-0.0234046084776522 0.0285335648894203 0.027342630105584 -0.489734168693836
0.00989181209831124 0.0198595587534448 -0.697141782269657 -0.4705344050369
0.0298247836323961 -0.00931145407664638 -0.805609666904048 0.428984340170086
0.00606246715679973 -0.0344839106241129 0.0819123397935734 0.7373097665363
-0.0198603620366107 -0.0114995299750408 0.484303027048928 0.250662997274719
-0.0260452516144077 0.00902810332365247 0.343278683263599 -0.155450605251274
-0.0145292884682138 0.00817773413691503 0.0447915536906062 -0.289632874584028
-0.0145331964111211 0.0209532378252732 -0.084424884092479 0.224977758673925
-0.0141193998008395 0.0112765811906391 -0.256402762611164 0.0579958791272306
-0.0220405361179487 -0.0155052773273727 -0.326687193467708 -0.289005373528537
-0.0021512138099728 -0.0334457949026022 0.0973387524304883 -0.618223941757622
0.0229312432137148 -0.0124443658800067 0.714946724262322 -0.256119777636979
0.0134074644142652 0.0171869922689506 0.567264481015162 0.458298241191306
-0.0203569510381543 0.0453341080951753 0.018239810684615 0.512548778445603
-0.0202532691998722 0.0348370843057205 0.0413354317727971 0.0467778242859579
-0.016843405402788 0.0348592953697645 0.0235274180928504 -0.47814759942629
0.0220221279134098 0.0228419482823602 -0.699505469334772 -0.45786701746587
0.0357683573710173 -0.0070447664497099 -0.796416962498679 0.439552042452312
0.00146795972957167 -0.0312157886320233 0.0966243648047554 0.734641869544237
-0.0220636857043007 -0.0148270127398293 0.494324017964416 0.245880655869025
-0.0237166006704473 0.00914015116479896 0.347775917210325 -0.158810146337337
-0.0117039317094671 0.00969436703604549 0.0464856678254957 -0.291629258968523
-0.0105224688842611 0.0222097024538634 -0.080544044048256 0.222127626505337
-0.0077502316803983 0.0114327743526073 -0.250381134643368 0.0558190024809943
-0.0203881464211329 -0.0159875113723502 -0.319556152072287 -0.287958414014579
-0.00636675222403695 -0.0272766703688043 0.0984389694819506 -0.61564696502045
0.0240767235172789 -0.00828130280747328 0.719873658742946 -0.253184893227481
0.02089529380074 0.0187337497606536 0.573974577331894 0.462464794619127
-0.0132957674176595 0.0471833530406991 0.0171640437752968 0.52154861137642
-0.016499040087796 0.0355120232845665 0.0369570687891781 0.0567730259649173
-0.00874709768629699 0.0360794661068349 0.0228886247083423 -0.467960829555644
0.0296880640088295 0.0229740461328556 -0.692783151946511 -0.450531358948914
0.0391386290575197 -0.00254523082345267 -0.795878721948175 0.443535871360346
0.000409815609621167 -0.0246224186987946 0.0952829656347472 0.73783556853903
-0.0200246886564311 -0.0160939910415703 0.50012956442311 0.248550431967636
-0.0158951028639209 0.0075319157732997 0.353488032958087 -0.158547932059124
-0.00651995232356412 0.0103980107244485 0.0499519381093976 -0.292944277010026
0.00879259056523308 0.00605970918390391 -0.0802458274279013 0.23480816566375
0.0161652963117233 0.0134174074532322 -0.259385163752053 0.0981122573184948
0.00831085946798032 0.0203745228119426 -0.405118794040638 -0.220879013542397
-0.00308044811322861 0.00909703465282324 -0.0755122573673655 -0.592953927619382
-0.0314963099074973 -0.00579647729279953 0.631607600040337 -0.394456588547081
-0.0401015731998969 -0.0201963768596424 0.672485134831691 0.308053896888443
-0.0206445063935094 -0.0129475369014532 0.11841318474133 0.481744740256362
-0.00258589096483554 -0.0178727330446831 0.0685514052960321 0.0475879878491378
-0.0239846471760022 -0.0297556349648138 0.115725996120958 -0.486237386379013
-0.0371873900591361 -0.0180992007602197 -0.5779176216945 -0.603845495814691
-0.0195198559762058 0.00860208483888724 -0.887594869632617 0.277689868899395
0.0134862166267565 0.00895512394364204 -0.094041022264276 0.773947704977484
0.0173097941402925 0.0159606543376135 0.414233390693475 0.330941018848097
0.0106094811839344 0.00293445269353885 0.349831914834045 -0.114352138373837
0.0116791121097534 -0.00867156595480622 0.0530138599471388 -0.286691369558027
0.00106636066992078 0.00760368797956949 -0.0828265824322463 0.236799480482329
0.00612040039715317 0.014886631929359 -0.263407933976317 0.0923491649453713
0.00135965507872096 0.0166655898381256 -0.399787528900979 -0.231005602326791
-0.00274326575727708 -0.00257190289132067 -0.0487383517501583 -0.604219743554524
-0.0261975827041199 -0.0105994903433279 0.645794002360809 -0.375004268689557
-0.0377216547478448 -0.0163211359249011 0.654729191820518 0.329791418895936
-0.0246991765718293 -0.00487018239547862 0.102283452405224 0.480705055390849
-0.00849445374682248 -0.0108424705775281 0.0680446655541859 0.0388706384245288
-0.0303597511628299 -0.0204666597589393 0.101715518452448 -0.496485344103947
-0.0351916462876431 -0.0112251315941696 -0.604714235278687 -0.588278977603965
-0.0111553389887514 0.00306833208124537 -0.879444070359907 0.304309678647671
0.0168725098619089 -0.00354672580404262 -0.0644863629562966 0.768822867874479
0.0108519460410928 0.0107675091013051 0.423553394712543 0.315655303687041
-0.000565940409983747 0.00392401514622488 0.343778989322875 -0.122682868437321
0.00339230780771626 -0.0065922333211628 0.0490998735981811 -0.286251646551204
-0.0050003549845146 0.010300223823972 -0.0854953504640779 0.236230101529196
-0.00433801099791179 0.01571387889654 -0.26572365041418 0.0856323042046064
-0.00564898298511608 0.0110448905925885 -0.38882867730964 -0.248274559562282
-0.00203926251121448 -0.0136357919244404 -0.0169765262643198 -0.613366064876183
-0.0180462051898462 -0.0156107780080979 0.661197628792899 -0.352961788158828
-0.0305024543435862 -0.0104198073442393 0.632755770254816 0.356558019876326
-0.0277577999117122 0.00551042480233138 0.0832295696205556 0.480482253860697
-0.0146408810302233 -0.00106467397495592 0.064825968512177 0.0333543750861354
-0.0328996153488466 -0.00886488124853108 0.0820926866189571 -0.501340372719258
-0.0285180113170736 -0.00191654552471834 -0.633796114035532 -0.561760029840659
0.000759284134219898 -0.00171542724562282 -0.862110369183867 0.337419943628581
0.0173273353804484 -0.0162607528369961 -0.025103592744605 0.76115481179476
0.00300977446413192 0.00467465351451425 0.439542920438463 0.300343742743189
-0.0119065900938535 0.0042718325652289 0.340768733860349 -0.132196110552818
-0.00468239211613793 -0.00272078817224481 0.045260908107934 -0.287637212087633
-0.0105936258886907 0.013310858999276 -0.0877248804392779 0.234316267277974
-0.0120735270608432 0.0146677244610519 -0.267806456903051 0.0772627315787892
-0.0132147273104239 0.0035922282833715 -0.372784387319399 -0.261687971895818
-0.000720837288087222 -0.0241449101398628 0.0178911155933634 -0.620130737866801
-0.00641339407995638 -0.0180255878314326 0.678104061502302 -0.32607408370838
-0.0203407480287205 -0.0034804571018665 0.611494732334416 0.387566446909168
-0.0290259222137394 0.0177902355213107 0.0621722170352236 0.486680827207701
-0.019522809358417 0.00961660712135593 0.0606483365679679 0.0307046520332606
-0.0328294293105723 0.00581124337874236 0.0623401621345549 -0.503331999529688
-0.0173205523407651 0.00647949242283614 -0.663893359987574 -0.530510257974175
0.011507713445458 -0.00655101455908196 -0.843720230162256 0.374807463929736
0.0152218906510581 -0.0269637088441481 0.0180321731297541 0.752922997969474
-0.00666068998335135 -0.00124153136660068 0.454755318446496 0.281898468489461
-0.0199948213991334 0.00653107393140216 0.338666116925628 -0.14199489252782
-0.0111659327866464 0.000125548140573221 0.042578916454615 -0.288288394704244
-0.0150919939931214 0.0157055618433518 -0.0880520163474022 0.231956079096427
-0.0170781371842918 0.0139528422915055 -0.265481065321667 0.0686761800953528
-0.0182770891243412 -0.0042426499342107 -0.356179165511483 -0.275197607123348
-5.37696540038222E-05 -0.031313447369969 0.0513280509983999 -0.624529471211141
0.00542522272778374 -0.0187543793710696 0.693898019811662 -0.297432289570501
-0.00944585982360542 0.00456103537212126 0.591100066516577 0.415583478177608
-0.0277989417891055 0.0297757149488289 0.0430250015164578 0.494036267562692
-0.0218873084211298 0.0204907800938074 0.0545950440286224 0.03279768779977
-0.0298470097462865 0.0190634203534372 0.0413208195388964 -0.500144033890545
-0.00344794710869093 0.0147816261377286 -0.68672331997782 -0.497711482324683
0.0219480582351909 -0.00947179386032014 -0.822881442106319 0.408264134172435
0.0108396535392921 -0.0335882316819786 0.0573248262216388 0.744215472778777
-0.0140244665953765 -0.00748502990856375 0.472255917002147 0.263244212097544
-0.0250616172187899 0.00865334190633588 0.339692777407067 -0.151338122555353
-0.014279062570434 0.00388559705436465 0.0418671830127923 -0.28948624224016
-0.0160692043233141 0.0182813231242221 -0.086024858040245 0.228381041867234
-0.0174237095435994 0.0126069290324769 -0.26102751806433 0.0619563074261405
-0.0209642951262613 -0.0103705887485009 -0.339288625650266 -0.285658068637404
0.000195117964056785 -0.0347189538940728 0.0803421954526423 -0.62421645779585
0.0161501213999609 -0.0161957067256939 0.707197370462189 -0.273666335238743
0.00282285689799915 0.0114469534756798 0.575010165497288 0.441288023902051
-0.0241971418958121 0.0387950244469725 0.0273306545313623 0.502928961266804
-0.0216124998918019 0.0287813285065589 0.048425276565371 0.036907213455159
-0.0236863553966032 0.028878957480447 0.0243742781650738 -0.490892243541298
0.00995961194790232 0.0196862141736813 -0.704597634059135 -0.467027845247823
0.0298689775480518 -0.00959409999921087 -0.803380717454516 0.436235489301224
0.00558026305748275 -0.0349969899801449 0.089265494125915 0.736799570672788
-0.0200799522033398 -0.0119763026849043 0.488491417170729 0.248292291916424
-0.0261458324352322 0.00968418716882931 0.341497921499795 -0.16119188580324
-0.0152373317366448 0.00794538860519788 0.0419766111130229 -0.292702580303237
-0.0144670359834253 0.0212137557559062 -0.0823542094623012 0.226005783675793
-0.0140961823380746 0.0117990512078472 -0.25637926762747 0.0590748584765377
-0.0219705005446067 -0.0153829367089916 -0.330157778588068 -0.286749465137107
-0.0020861932270888 -0.0331557729753624 0.0931270636835342 -0.620434011836711
0.0226628328671031 -0.0121716510166864 0.713070252967819 -0.261525045632685
0.0131284266939478 0.0173819733260555 0.571738279524696 0.453793011005704
-0.020216290905261 0.0463206225144598 0.020505825547523 0.513904296963711
-0.0199373358123508 0.0346212319340636 0.0426533906635179 0.046890305686834
-0.0163042992753976 0.0353842151378568 0.0202848088735138 -0.480766775864705
0.0220106026855547 0.0233774576774985 -0.702866875493472 -0.45242380815262
0.0359130661405759 -0.00737814087195618 -0.794671498492798 0.450051114868037
0.00145508254506959 -0.0317066873877273 0.101315506209648 0.737495576920352
-0.0228667585120278 -0.0138255264834818 0.498960248755292 0.243411976843537
-0.0226967116952769 0.00922084602535186 0.346535944398104 -0.162301486079443
-0.012036034833774 0.00987531537348415 0.0444094656978095 -0.293197541330803
-0.00981927059697566 0.0219602873131616 -0.0784957688296674 0.223856925588179
-0.0070589556474931 0.0114426876275955 -0.250406055294574 0.0571326804437154
-0.020496725782973 -0.015420326834958 -0.323384144543087 -0.286389321694191
-0.0068938801779908 -0.0278185816521795 0.0935282300691812 -0.616265169939364
0.0233848302445099 -0.00848996832948459 0.717588944670105 -0.2588338432097
0.0208292671147648 0.0179414394466032 0.576439640441541 0.459565762843028
-0.0132959639325693 0.0477662749408249 0.0198352315562096 0.521200556754611
-0.0165036845505522 0.0360494268810705 0.0371345700348188 0.0566945544710845
-0.00869871303903525 0.0364597216914389 0.0222844830423956 -0.468143736122759
0.0303526917082015 0.0228612305344199 -0.695925899857799 -0.446411624811675
0.0387312043528407 -0.00334473322814762 -0.794130139452917 0.451304928646736
-0.00079514408155747 -0.024933881590096 0.103404375567022 0.740101078561482
-0.0208786591403466 -0.0156123558982524 0.502031427432188 0.244443694901768
-0.0158654547142218 0.00753127116665547 0.353736493970723 -0.162150705033067
-0.0064453544098638 0.0103676208595879 0.0472493968606453 -0.295142139030441
0.00925059656371526 0.00570442491402034 -0.0772074636804728 0.237000568727504
0.0163593098527375 0.0131908445856119 -0.258572267687919 0.100017058731114
0.00940974868267478 0.0202787193689221 -0.407665774348317 -0.217708511656471
-0.00216908050152226 0.00898021230180578 -0.080504408607571 -0.593664776165134
-0.0317779125472659 -0.00501417393222104 0.629448949825008 -0.398860291588406
-0.039997363845812 -0.0208070803962007 0.674858505137759 0.303428968353082
-0.019994430815054 -0.0121867163951226 0.120851035978093 0.479555117042346
-0.00268460807310369 -0.0187851319144618 0.0686113235861461 0.0470974387091481
-0.0239071104087615 -0.0290556425033954 0.112577790393233 -0.487259281743828
-0.0377119741752308 -0.0178070335867657 -0.582963623603248 -0.600873744145247
-0.0194558846698838 0.00886013280466638 -0.886028254557791 0.286378404542903
0.0129122109556126 0.00932806748631649 -0.0888162629200859 0.775517519890224
0.0167039339470116 0.0160100417790129 0.417506851292175 0.327452649248426
0.0107949076228037 0.00245414652553796 0.349447637687799 -0.118129559307742
0.0113633423085189 -0.00946082416289171 0.0499807209765158 -0.287546964012405
0.00226568469643119 0.00693092999701051 -0.0801471992289779 0.238353344508193
0.00587341320890681 0.0145243390774324 -0.262873843433031 0.0943490512341575
0.00152458239250134 0.0166135875095401 -0.401994773443457 -0.229413223913107
-0.00198115433031739 -0.00237009898113879 -0.0542342244172528 -0.603655304561642
-0.0267206626332597 -0.0111480050124433 0.644826527557769 -0.378036568582802
-0.0379207762150765 -0.0162631091300812 0.658556313796569 0.324142449975737
-0.0238612218875884 -0.00434790289710947 0.104452680564288 0.480522386350256
-0.00851795089035997 -0.0105503396441007 0.0690827816405343 0.0380507290968152
-0.0299408635995593 -0.0198548726746837 0.100618495891365 -0.498446304517175
-0.0356954933138847 -0.0110249997895009 -0.609313350187181 -0.585628937017305
-0.0112309701473661 0.00270828207922685 -0.876192016256177 0.313298379205951
0.0165907859273242 -0.00346921842418043 -0.0581795010216114 0.770754781763114
0.0104680278037734 0.0110058122026386 0.427069667602816 0.313038039531956
-0.000977679951654728 0.00331027915061904 0.343032198995461 -0.127019109812693
0.00370197825003354 -0.00689331255966249 0.0453934287437791 -0.287417461424404
-0.0052431547761824 0.0108541835242284 -0.0833825147324983 0.237024956178079
-0.00416921438404138 0.0149781164540947 -0.265664705132432 0.0878614117666441
-0.00524597227368874 0.011470622298442 -0.390953669527162 -0.244616990037914
-0.0019097209277037 -0.0141726321632829 -0.021871581230891 -0.613365056425856
-0.0180549177854372 -0.0152533412000861 0.658267207349147 -0.357582443735374
-0.0318187033098173 -0.00987132143455424 0.635129039724061 0.351306346782557
-0.0279652844812523 0.00652985476284789 0.0847788721487111 0.481512334907005
-0.0140595153612224 -0.000752605833158383 0.066135678094652 0.0321680192417125
-0.0328433696077342 -0.00880761859187405 0.0805250324465748 -0.502122287371985
-0.0286177170230338 -0.00175070873212514 -0.638142175826631 -0.557624643875668
0.000401495661189541 -0.00262361094682604 -0.861914408516623 0.346010376441279
0.0173992785212336 -0.0163620975389326 -0.0177276557454281 0.762169237398371
0.00269751353322262 0.00504858548757238 0.441703905063449 0.297304809234369
-0.0115473712984951 0.00460361400926972 0.339483449828041 -0.136180629794199
-0.00456285194850745 -0.00355635349771939 0.0429339123970058 -0.288440702894554
-0.0112369786377408 0.012845490403544 -0.0845516080567333 0.235991720250387
-0.0123155704239972 0.014702899156169 -0.26625994008376 0.0793449623225413
-0.0133239397781429 0.00362403479483633 -0.375703505434063 -0.25887951060749
-0.000651318929004646 -0.0243099039417637 0.0135044280823628 -0.621290656072027
-0.00735795696696156 -0.018890112211887 0.676095670298968 -0.330928917506731
-0.0214610020532442 -0.00277383365416023 0.613678177909442 0.384278415027346
-0.0284064972183949 0.0184521966333481 0.0645969651312277 0.485861350489175
-0.0192385324494319 0.0100605275684708 0.0608542332790393 0.030080499423129
-0.0329396685403527 0.00617598754538426 0.060284773147778 -0.50468947052239
-0.0172596964663328 0.00673918282090908 -0.667841150443263 -0.525962922879885
0.0114138773358619 -0.00659552265353087 -0.840753061656446 0.381373372066384
0.0149585187614621 -0.026580880404603 0.0236613542567961 0.754288418669931
-0.00561563385557145 -0.00249476396658239 0.457333870811022 0.277726661110284
-0.0203395742648495 0.00715195902593637 0.338213321224105 -0.146733515239612
-0.0113329740757709 -7.96080827281456E-05 0.0398024842029592 -0.289981836731044
-0.0146302978533038 0.0162415075033373 -0.0855173451472252 0.233229310869946
-0.0165587219854614 0.0140773372841307 -0.263938022382356 0.0711557873920461
-0.0180653951052097 -0.00417389694744192 -0.358431059051976 -0.27305112244506
0.000203302695310476 -0.0319051390419562 0.0467307406875025 -0.625010459891632
0.00504210860679995 -0.018925574033777 0.691750050614602 -0.30526913352025
-0.00930699332568088 0.00430450556219631 0.594109341767254 0.411534644986375
-0.0270134837380058 0.0303885501686207 0.0450178216651361 0.493767027619658
-0.0218993154767788 0.0209017889978742 0.055819597563536 0.0329201526824456
-0.0288322286819818 0.0188609760545165 0.039017289847969 -0.500574545476022
-0.00375339672277343 0.0151062320576837 -0.691558616587431 -0.492452917755878
0.0223043550811988 -0.00931500189535462 -0.820737350849978 0.415957866820978
0.0106695985366014 -0.0336317683083976 0.0636313190687168 0.74545902611045
-0.0138711671813155 -0.00719756426280591 0.475813512403719 0.258250574077662
-0.024863877931161 0.00838361948666658 0.336490897877147 -0.155608330153475
-0.0147613582656027 0.00391893034197127 0.0387795961620203 -0.290629896607915
-0.0159155771732976 0.0183479873078305 -0.0830783501842672 0.230684988953134
-0.0176455430260988 0.0116857552194928 -0.260452483426073 0.0636834458725779
-0.0216080601365144 -0.01059372469316 -0.341228853097566 -0.284833671248813
-0.000493140306153871 -0.0351112211763641 0.0760001071988033 -0.624978283741118
0.01537529842475 -0.0163087800007562 0.704681777701993 -0.278929912238074
0.00250684469248644 0.0112510369604057 0.578422239388704 0.43845424633578
-0.0242683489548137 0.0400527817654227 0.0295595571393383 0.50190439177638
-0.0219094709821278 0.028216069855404 0.0483435638892345 0.0370585248688732
-0.0232142020521791 0.0285555769636341 0.0230412108199224 -0.492160419431412
0.0101459073838254 0.0202257101677482 -0.706701267969678 -0.460933399083434
0.0295176043553776 -0.0105792864524451 -0.801286180402273 0.442953541860419
0.00510631037426715 -0.0352211648689011 0.0945232130187448 0.738375610134072
-0.0211727716117786 -0.011233266026258 0.49037289886961 0.242097319459935
-0.0263514994256104 0.00992241154069802 0.339989536346059 -0.163808662773811
-0.0151451987502808 0.00692314720967909 0.0390428296205677 -0.293062915026881
-0.0136829604471241 0.0208530231032164 -0.0796925052228029 0.22799397485526
-0.0139318012181397 0.0112667355380146 -0.25569692707223 0.0601471714720205
-0.0217957098906745 -0.0148174280929516 -0.3325744496976 -0.28464115806261
-0.00208283772933265 -0.0331204906320692 0.0883752927157692 -0.622685478286856
0.0218752552757884 -0.012518331579389 0.712041940700513 -0.268046717885336
0.0130610529608157 0.0167066359494573 0.574631427539781 0.451699646739374
-0.0190443390729684 0.0468266393983318 0.0224895936612955 0.51201561836827
-0.0201592586382116 0.0346642165264985 0.0421703816286747 0.0463808606384047
-0.0163028306600771 0.0356165295296846 0.018191930506561 -0.481202270492251
0.0214582230722004 0.0229219449379832 -0.707664522578029 -0.448478038375779
0.0362183355523362 -0.00797476770661492 -0.79422734894904 0.453952894760511
0.000462196781746811 -0.031435335219241 0.107977481381789 0.738159876920103
-0.0226860386639845 -0.0143584990946645 0.500768917611271 0.238271538258283
-0.0229096068628148 0.00927802494318267 0.346053293854879 -0.16670535296522
-0.0116256246173114 0.00930366535252186 0.0411811693578744 -0.29501376958289
-0.00881012142498475 0.0220258431181806 -0.0759625968079092 0.225220585865234
-0.00673128708219083 0.0108771485525478 -0.249518779082192 0.0582189061219283
-0.0212871377527487 -0.0156561279075612 -0.327049248260826 -0.28328190625142
-0.00670454329131717 -0.0280259385697735 0.0894620779835632 -0.618523298707429
0.0238805835341293 -0.00878957017564534 0.716291169300442 -0.264500980620367
0.0206227918121951 0.0181513184117623 0.58089961107774 0.457549248474165
-0.0122532422508409 0.048441833983573 0.0224503581942455 0.520702801756616
-0.0160250217791673 0.0360214240082334 0.0376116752216449 0.0572339058941471
-0.00853437992563984 0.0364368653152026 0.0198767410330477 -0.469200612202986
0.0304004260562495 0.0231604973732259 -0.699559764435758 -0.442619594734346
0.0384840846187247 -0.00364635523146763 -0.7926581424852 0.458652435227235
-0.000900834442681569 -0.0239645276479689 0.108972039657898 0.742315629511443
-0.0218311345799794 -0.0157427196785894 0.505439815426286 0.241249051000112
-0.0152762590111746 0.00772012545206071 0.35238195457589 -0.166236707638714
-0.00717211184542131 0.00931730733858954 0.045674619507366 -0.296827676666011
0.0102336882006236 0.00625258108768421 -0.0749690226494362 0.237409010583227
0.0168346959940928 0.0124019348351538 -0.257551943975365 0.101470708247791
0.00916141925655147 0.0207423060949865 -0.409817481642545 -0.214218849601992
-0.00277571984115549 0.00840195695289186 -0.0830200013816092 -0.592762055512657
-0.0318127690570941 -0.00496565147887885 0.627269974816905 -0.402819799008475
-0.041745300817398 -0.0203582817671801 0.677567675630198 0.297620819517711
-0.0197796326638195 -0.0120015836596631 0.122579926368929 0.478545661095995
-0.00263745802667917 -0.0189619915814208 0.068890940885922 0.0470310375836104
-0.0248169725448119 -0.029124513238284 0.110635725013721 -0.488498068175047
-0.0376350183164108 -0.0179080884081937 -0.5866514798762 -0.597625629756727
-0.0199509250105206 0.008807677441723 -0.884431491067982 0.292405751672862
0.012940055761817 0.00822297382251705 -0.0816001622009337 0.777635764127663
0.016780700101483 0.0155314382605229 0.420306670820269 0.325659369151585
0.010955969239896 0.00236105589970666 0.348424421872324 -0.121068835346088
0.0115603533074337 -0.00982234396412554 0.0475214589304101 -0.288970693273244
0.0027026217781341 0.00765120042220618 -0.0779631069568427 0.239938747874371
0.00673070724071872 0.0145563225636472 -0.261691465841666 0.0960251193275685
0.00191451012679697 0.0168907085665914 -0.405016339771974 -0.226119412165084
-0.00189017036577407 -0.00292419446227568 -0.0586740918723865 -0.602942805138373
-0.0273104291239886 -0.0106457748895651 0.642229621565028 -0.383655271514511
-0.0391681002628713 -0.0162714767169724 0.659592262087885 0.319846047519206
-0.025133899358425 -0.00396611570421409 0.106879104879757 0.477671580665994
-0.00931779799319995 -0.0111726469835842 0.0688092655770973 0.0379864157724631
-0.0301093848439948 -0.0198208415556878 0.0968031280514825 -0.498855452508836
-0.0356823341089807 -0.0103341164941794 -0.612781448742529 -0.581235431680792
-0.0111055469202039 0.00300069667243024 -0.875526281499201 0.318234970839643
0.0164481449358779 -0.00384034625481926 -0.0528551977914603 0.770443234740595
0.0111371899413253 0.0110688832669757 0.430303280501647 0.310218486696327
-0.000686157710752396 0.00278347662926659 0.342492078100501 -0.129728153275173
0.00260077329313205 -0.00788217840165872 0.0438361439978547 -0.288687287242545
-0.00436373381722207 0.0104570000205345 -0.0808466032648748 0.238433687531966
-0.00413871592064363 0.0152586402216811 -0.264646025325985 0.0890080783487886
-0.00599359088316555 0.0107956189653558 -0.392576385478807 -0.241781195393011
-0.001757386648383 -0.0142828842302955 -0.0263805189454936 -0.612638629898512
-0.0189052879188495 -0.0158653416855526 0.655786543145919 -0.362870403931781
-0.0317389666457065 -0.0103067422448764 0.63629062752189 0.348738386019704
-0.0277797613008509 0.00738309192126574 0.0873465128735183 0.481068216269803
-0.0144912998251062 -0.0014143141367806 0.0665559634875966 0.0320209440001487
-0.0329448100640098 -0.00738872779067012 0.0775571299927435 -0.502774153651593
-0.0279749077026287 -0.00171023055360567 -0.643701834779811 -0.554683430290415
0.000134697719284113 -0.00309041488756382 -0.860129989653897 0.35280109643977
0.0173407603512832 -0.016406823029631 -0.0124636480697925 0.763553888099785
0.0025376730477571 0.00463516561339918 0.444053379945628 0.292702786690221
-0.0114874249287631 0.00484575438576845 0.339192140359316 -0.139485959731716
-0.00511646932260918 -0.00475681610652641 0.0394143987829102 -0.289890201040117
-0.0108013805033851 0.0134796877804787 -0.082946095298491 0.237304724555461
-0.0114968559854807 0.0150716185992923 -0.264933270473464 0.0804310914941119
-0.0128384375923915 0.00456314225943053 -0.379070869052865 -0.257002370049079
-0.00107693938104865 -0.0252628669017949 0.00773508272358862 -0.619037219476548
-0.00785209681474894 -0.0187089125307893 0.675374841587089 -0.334559069766627
-0.0220041678194747 -0.00304245787494174 0.615616714172453 0.377248169145661
-0.0285634818138382 0.0191413119432907 0.0663635006253585 0.484444115694713
-0.0187831930441837 0.0100957866171471 0.061623400563919 0.0295383861158396
-0.0331776848921045 0.00637638367436438 0.0564470077035091 -0.504440497784222
-0.0177125740068997 0.00770539609076856 -0.671639973335869 -0.523053119210094
0.0119310464622139 -0.00709356648402335 -0.839495639145505 0.38772005116804
0.0145922451737851 -0.0270241935698793 0.0295499519337918 0.755700065971212
-0.00587955463457745 -0.00216206864007536 0.46083042521583 0.272710048943403
-0.0200995478330425 0.00726388494209045 0.336580674976169 -0.149306302438483
-0.0109627222274876 -1.1952623573501E-06 0.0376615903241359 -0.291117493189208
-0.0141382914768771 0.0163607808623434 -0.0830176713071319 0.234944871002256
-0.016598831522964 0.0134629101796114 -0.263530552764602 0.071811571180333
-0.0175164505317845 -0.00353898300377629 -0.360076300578049 -0.270238180421908
-0.000137383989127158 -0.0318826051816668 0.0424764757900059 -0.625965667106806
0.00450397527843069 -0.018813764566606 0.690298568834025 -0.306348219415122
-0.00968342579674051 0.00523683980037836 0.59656661644134 0.406588313904079
-0.0277156787514697 0.0308034754227877 0.0475637070853259 0.492676247399099
-0.0212015646381005 0.0204466187078122 0.0559321391201097 0.0321684171305279
-0.0291107675894832 0.0193617076570513 0.0363717820075689 -0.500586131864336
-0.00403102398573587 0.0149119708934196 -0.69509861338382 -0.488999222216829
0.0220259642545196 -0.00991624088629304 -0.819778436267134 0.421951211249014
0.00937508156197899 -0.0334200203833375 0.070421140489693 0.745959410637257
-0.0140443873124546 -0.00776122695254038 0.479516725126347 0.254321105089713
-0.0252326207085999 0.00843664179362387 0.337070953156621 -0.158352521465199
-0.0150592094434391 0.00365178034861279 0.0358575755029235 -0.291542093364241
-0.0152307662251642 0.0187112497687076 -0.081531081301015 0.232320432108578
-0.0175643708446222 0.012130342760416 -0.259180310073324 0.0641220439312042
-0.0210230326324116 -0.0104145836039137 -0.345276739083506 -0.279568351126762
-0.000137410245963702 -0.0350639343232326 0.0714115527722326 -0.626740807545573
0.0145627436466914 -0.0164903698391899 0.703506706701879 -0.282623990003949
0.00177332730388203 0.011458100788523 0.580028925224632 0.435176839619178
-0.0238446793944415 0.0403215980819153 0.0320562080536174 0.50104797890222
-0.0215478334130609 0.0283161206591839 0.0493895778163302 0.0364024080848618
-0.0222365832864437 0.0289057600653424 0.0196831283057209 -0.492729172210005
0.00987141035123737 0.0208301313343118 -0.70899639152667 -0.456299297093793
0.030003859401159 -0.0106909516541421 -0.800191776735597 0.448865156068009
0.00505014517192872 -0.034989408247195 0.102037731400283 0.738308920975823
-0.020384990169458 -0.0115157931896525 0.493584387607608 0.240222779768832
-0.0256591354385377 0.00983343390990556 0.338972724110459 -0.166719420774429
-0.0154192544761826 0.0074957125345233 0.0357059815255742 -0.293694385711353
-0.0132299227063213 0.0207105782454056 -0.0775090020949638 0.22950003191072
-0.013540137712789 0.0111162779551623 -0.254007229654486 0.0607723600681558
-0.0217933872333277 -0.0148875738555943 -0.335082110635493 -0.281315356397697
-0.00241984158080164 -0.0334736072976521 0.0847573424656264 -0.622964439957548
0.0218018629393648 -0.0130010510683838 0.710485463060739 -0.271703110307726
0.0124283465396464 0.0165720831298057 0.577278069685753 0.448764275958271
-0.01859524387523 0.0468497708347738 0.0252394015090821 0.513246319745257
-0.0197434629904093 0.0343285845664297 0.0435246066195669 0.0462335828544301
-0.0150941035174089 0.0352299264463622 0.0153034652382136 -0.482389306204478
0.0219772519772196 0.0230993836454338 -0.710191097101251 -0.442682549105637
0.0357198628925681 -0.00811770869438268 -0.790102325409336 0.460823996623279
0.000406082700702717 -0.0313370889644331 0.114130818217788 0.736461517453947
-0.0227767208141822 -0.0139566095878464 0.50306239028244 0.235370016690384
-0.0225518395374781 0.00921257291688337 0.343919666202241 -0.169683952412879
-0.0128364166497483 0.00899127071105217 0.0383710143990631 -0.29550598089037
-0.00747895703131739 0.0220029411573362 -0.0735609819539557 0.226277506739633
-0.00704097517367967 0.0106220309995975 -0.248389622747812 0.0603140947128481
-0.0201475256810941 -0.0150993464264864 -0.329129603832783 -0.281202810120773
-0.00636353934868606 -0.0275856497680762 0.0850002492240661 -0.617385827435322
0.0233007688375102 -0.00842850419962166 0.71266896558903 -0.266506971380315
0.0197050766685086 0.0182566401447981 0.581406421856919 0.452377906191865
-0.0122124471387921 0.0487885203420075 0.024632088579271 0.520761747318486
-0.0153751223261155 0.0351440092773192 0.0384214223856238 0.0563061818609262
-0.00829956549904473 0.0365495800623381 0.0166634922585686 -0.468917887938788
0.0306393426555324 0.0222753124463385 -0.704962117545265 -0.439803168447779
0.0383666293242638 -0.00383126647434708 -0.788784180030562 0.464381681035519
-0.00147017200605021 -0.0243187743879674 0.114518687764056 0.741392552613111
-0.0217986547147669 -0.015952579550443 0.507075364508183 0.236595603095058
-0.0153854385005449 0.00716653035268934 0.350205684951043 -0.169333511374466
-0.00670855848228093 0.00964132674476329 0.0423354191867065 -0.296618249215403
0.00998999338641919 0.00574641535176798 -0.0725224026732508 0.238984278412784
0.0172338139702848 0.0125463475355847 -0.256232418786486 0.102161479374235
0.00970623794246995 0.0210494411304777 -0.412060015320132 -0.211236924963371
-0.00253427284962965 0.00866570136221813 -0.087757441730144 -0.590773389369735
-0.0326599555768381 -0.00514032613500301 0.624472373492176 -0.405755051186843
-0.0414340221442962 -0.0206648850250944 0.677724067362642 0.293342738310897
-0.0199882663660397 -0.011344497051575 0.124158408277051 0.476761044623885
-0.00200043460893282 -0.0180814382650183 0.0703846159872574 0.0447598508854607
-0.0245272575110008 -0.0282877043824979 0.1101933329828 -0.48989205902495
-0.0376886450338089 -0.0170093601593997 -0.590908999260016 -0.594990326044393
-0.0192736051692371 0.0089205906092048 -0.88372784663108 0.297722486184564
0.0129547278175949 0.00920768608719348 -0.0757418837310909 0.776575862885355
0.0179778497463928 0.0158472987941685 0.421835172594625 0.322120116503496
0.0107304149707275 0.00169174130997563 0.347046950765385 -0.122945521950557
0.0106511806292528 -0.0105141248926942 0.0450074046031897 -0.289670801335985
0.00265229335433455 0.00813945357255192 -0.0755286530784844 0.240948091986292
0.00718277399226636 0.014698402497873 -0.260856636183469 0.0969892041516111
0.00233071111735971 0.0170157270918676 -0.406182645417241 -0.222955449802148
-0.00199339519606656 -0.00302004365717328 -0.0622306092746508 -0.601502454738149
-0.0279670554801549 -0.00996733928047299 0.638191654669975 -0.387396040902584
-0.039677067531013 -0.0157123173216418 0.659719305727924 0.316725180622926
-0.0246117534898857 -0.003176194739292 0.107382395071152 0.47790422076344
-0.00849159428757662 -0.0115274292460565 0.069549476537113 0.0368656993586922
-0.0301705928456932 -0.019198257584316 0.0949152608887743 -0.500636607004353
-0.0358342833966481 -0.0104968200171283 -0.61765024707671 -0.57726458435426
-0.0109995760603159 0.00360374831188103 -0.874339500622353 0.32341013406613
0.016570953708485 -0.00372541780915614 -0.0460113844237512 0.772336068547115
0.011335195627409 0.0114386341080383 0.431871322055224 0.306796838100672
-0.000188104627030745 0.0037566440013821 0.340767316996976 -0.132455577343091
0.00222844572670734 -0.00791136706518871 0.0407398481827666 -0.289395558946698
-0.00332806380448932 0.0101098578500722 -0.0786645727514916 0.239971019061496
-0.00385591177635618 0.0148535615867961 -0.262693167296939 0.0892842697900707
-0.00528184005970488 0.0121083042964018 -0.393896638690595 -0.23926087940442
-0.00130223347759998 -0.0146537438383662 -0.0292460685995698 -0.61382164959566
-0.0188023020109038 -0.0149029426729348 0.652438410037633 -0.365229998742327
-0.0329820110435119 -0.00998113093888397 0.638141930367441 0.342834847788334
-0.0278700528553056 0.0074847715031323 0.0887365083569033 0.477823453032225
-0.0143169812671048 -0.000994018114699784 0.0661846778681086 0.0313017823092946
-0.03269963964817 -0.00720472633712736 0.0760465762742697 -0.504065402673023
-0.0285159403150213 -0.00153429146436667 -0.644981065820832 -0.551392103406498
7.38220057115123E-05 -0.00279671130436009 -0.858035177767711 0.358860301724413
0.016379542753456 -0.0166053004848498 -0.00692636153856696 0.763230991161034
0.00253646442574022 0.004443343917309 0.44654838593289 0.289733361742451
-0.0116865385106742 0.00453656112329197 0.336964974660853 -0.142162668944109
-0.0055687833049443 -0.00473728447950899 0.0364123640595883 -0.289923866526696
-0.00970124743479854 0.013670986392083 -0.0813603069628928 0.238683280306664
-0.0115818530285527 0.0142077037847025 -0.264580757460502 0.0817359725958651
-0.0128991125296303 0.00399516426569104 -0.380261494136743 -0.253059223749851
-0.00107211092667178 -0.0244282842302803 0.00426343209036978 -0.617879765521951
-0.00743059243436768 -0.0181890984047441 0.670852220632107 -0.339897854712512
-0.0231768441872612 -0.00300259173611915 0.617057988983324 0.375201567365463
-0.0275328131975283 0.0200751946047839 0.0672042644483078 0.485248780641066
-0.0182275536894491 0.00963767213205829 0.0624449948156891 0.0292846313188687
-0.0333058579427991 0.00724246790951593 0.0549522632183105 -0.502693482441017
-0.0172958777018228 0.00738902840316998 -0.674076449618236 -0.520246474697454
0.0117820930249449 -0.00745327811616588 -0.836852943906629 0.392587026055064
0.0139296787160651 -0.0269559235075113 0.0348397652035646 0.753945789340439
-0.00574250235470541 -0.00118436854615428 0.461531873212949 0.271229541774527
-0.020394727922267 0.00706669927449868 0.335685625277289 -0.152394809947008
-0.0107393982155003 -0.000885442383395196 0.0347653589076391 -0.291542414750237
-0.0128577752746554 0.0163647371638813 -0.0800219629074343 0.235787858420291
-0.0165050204767161 0.0139175110951008 -0.262995138258775 0.0726170531541364
-0.0182559003736823 -0.00344718827770131 -0.362452860329566 -0.266893013989688
-0.000412395824156581 -0.0318342264181382 0.0379888739885606 -0.624878037294093
0.00441359176621134 -0.0187775120159285 0.686478406253097 -0.310463877776339
-0.0107014043926374 0.00501856901805879 0.597613314517922 0.404727938421067
-0.0263023426491119 0.0316864432269774 0.0504942132147881 0.492330378028559
-0.0212474421056816 0.0207540476630926 0.0557595427593055 0.0320096029993907
-0.029193665516246 0.020312597006638 0.0349630740185712 -0.500797501679219
-0.00434268607004221 0.0158286007502302 -0.697965007241403 -0.482170171724172
0.0215796940085499 -0.010857428651851 -0.815504375658512 0.427667918311629
0.00955288922436135 -0.0334275523708255 0.0760836791202644 0.744065814951906
-0.0145195034438965 -0.00726420738136242 0.479903231574057 0.251165981532728
-0.024677612919225 0.00913634181972773 0.335168795977409 -0.161313154261646
-0.0155211181280279 0.0030154909476938 0.0344170814111234 -0.292541422444609
-0.0142767911042048 0.0185232187754807 -0.0784191384185823 0.232744789268616
-0.0169537350127575 0.0122200160726164 -0.258567092643871 0.0656309377052859
-0.0211413376952965 -0.0101855148007263 -0.347577718755628 -0.277713593159353
-0.000641693781390387 -0.034777724654164 0.0685063928508571 -0.625722431974756
0.0144129958652601 -0.016878791861046 0.701152299154666 -0.287156416943127
0.00164943556051807 0.0115334039822174 0.582240099082192 0.430029290885066
-0.0234490194390689 0.0404985638266053 0.0340790137278619 0.500881954279307
-0.0213838062908067 0.0291152022202931 0.0498572081574252 0.0361845077199664
-0.0229728020940478 0.0293961406285859 0.0188329235070878 -0.493191410516156
0.00981233675688064 0.0204660984255013 -0.713918866248778 -0.453869999042973
0.0298391662769374 -0.011191516174762 -0.797327512418209 0.454313076240081
0.00335946917231118 -0.0349383729602374 0.10645146956626 0.737145206445182
-0.0203966931397329 -0.0110652198375102 0.494245110530186 0.236302195411922
-0.0258455255599359 0.00995691070756029 0.33671920748457 -0.169137209124072
-0.0162556489978535 0.00668929739159587 0.032974690236052 -0.294312532625811
-0.0125934585814545 0.0207040428527186 -0.0746686074325307 0.230779484471204
-0.0140140463114643 0.0116016937160815 -0.253559159497741 0.0626623298103545
-0.0220628767313206 -0.0143642602643769 -0.337489790849028 -0.278912991906462
-0.00225640943033566 -0.0333707825634327 0.0808306002261064 -0.62363581169127
0.0213132662627073 -0.0136044839382744 0.70829677451056 -0.275546865217731
0.0124255863580854 0.0163182014894545 0.578560706105982 0.445293828091961
-0.0181336993472885 0.0478640602792935 0.0267493416250084 0.513025165786795
-0.0193244257320951 0.0341510328841942 0.0437170277479032 0.0465973920855777
-0.0152214917478577 0.0350933598751307 0.0128755119515031 -0.481609799394326
0.0225009112965319 0.0224970283434056 -0.714179507355585 -0.439019849953224
0.036507870280304 -0.00937265587615556 -0.789316939510992 0.468370148509414
7.62512409758168E-05 -0.0315429952462828 0.120142418011242 0.736537166628052
-0.0241660680258448 -0.0140359630862556 0.505373007045308 0.230565715424707
-0.0225907923791402 0.00930063119799216 0.342594190038929 -0.172806786026686
-0.0122593045631547 0.00847557903513997 0.0354772545246647 -0.296600035014927
-0.00858372843057121 0.0220575863343052 -0.0711164208983036 0.227297516979197
-0.00697552966313255 0.0098559959673183 -0.248494391019925 0.0605638967078048
-0.0208569459687677 -0.0148654140995268 -0.329917053506991 -0.278653369145169
-0.0066918393004666 -0.0276744062659323 0.0810422406194993 -0.619097121327139
0.0231660888123344 -0.00925911959460957 0.709156874672515 -0.272499642995414
0.0199432769751354 0.0178363141337006 0.583488236301773 0.449656811589948
-0.0118572336947435 0.0491169976921078 0.0263717686272559 0.518374664943655
-0.0155567980798092 0.0348938146831664 0.0392463005137431 0.0557329683815889
-0.0076209043132783 0.0361242821184921 0.0147982853344525 -0.469916233254812
0.0307882908863113 0.0227603629114736 -0.705048697324874 -0.434218103262163
0.0388015179075427 -0.00450902795147614 -0.785455261795201 0.469400817564031
-0.00205433183570047 -0.0239089194935568 0.120610230805179 0.740509517191596
-0.0220242031184907 -0.015557018495723 0.50904092779554 0.232636833783488
-0.0146927500083347 0.00762467460919649 0.349095585326558 -0.171790121345634
-0.00731781016066745 0.00878965735591633 0.0400901045868548 -0.298447412624654
0.0105802955515127 0.00497058230195165 -0.0700295735573913 0.240307326923575
0.0175210682533912 0.0118377748457278 -0.254581601852197 0.102398343200846
0.0105730985513585 0.0206739054497063 -0.412267967747042 -0.208735754218945
-0.00190100173274734 0.00865105907919937 -0.0904193846669487 -0.589091286276467
-0.032509518559623 -0.00470442583429702 0.620431020180703 -0.40880896296589
-0.0419317416468755 -0.0198556704008749 0.678359079309918 0.291835202737019
-0.0202106472512366 -0.0110350184827868 0.123952467468845 0.476802445075456
-0.00231585314505954 -0.0185515729527151 0.0702402137380037 0.0447372336909943
-0.0252477540496278 -0.0279065403034088 0.107549864240591 -0.489756061580452
-0.0388585496111682 -0.0174602838384864 -0.593380590066518 -0.591084707343436
-0.0197916741471224 0.00866873935807105 -0.879845615604123 0.303955622462467
0.0132061633293542 0.00949849289237198 -0.0710436066652906 0.778687438279797
0.0176061485870564 0.0158034244961898 0.4243091953079 0.319946679671151
0.0106981116804824 0.00151404077587486 0.34548065648878 -0.12639330502417
0.010113396399456 -0.0109395606795365 0.0428347831030962 -0.290176756067777
0.00289836432347626 0.00769778598176326 -0.0736928531744711 0.24158434963992
0.00670158445086515 0.01391567083003 -0.259129819558976 0.0979173490308333
0.0027647721198301 0.0168871214602842 -0.406234173200101 -0.222280737367152
-0.00173431065014318 -0.00307117189676122 -0.0663469599758303 -0.59916158578925
-0.0274976542303289 -0.00971026854370968 0.63510996695778 -0.388702022924248
-0.0399243365834552 -0.0159102594766121 0.659805552580831 0.313175215271017
-0.0248142024876859 -0.00241281961392213 0.108024534096262 0.476194246558949
-0.00813569981187251 -0.0112885696259121 0.0694800884626753 0.0366162859351972
-0.0298903081221835 -0.0194106821962382 0.0939080392169049 -0.499604452031201
-0.0363846320836877 -0.00998062490939727 -0.620249599846362 -0.572791419031202
-0.0108239266997649 0.00257382581520088 -0.871630803353446 0.330946673611548
0.0157804782120663 -0.00380449678542181 -0.0410349311186836 0.770280232597762
0.0108751825421192 0.0105537026336645 0.434461411790821 0.303300131409946
-0.000261307741919533 0.00250564175325596 0.34010353466762 -0.13522968252492
0.00262348444487331 -0.00796196671906661 0.0378087071672763 -0.291293874675993
-0.00375900055329773 0.0109547421289457 -0.0754969431958213 0.241085218598429
-0.00342541264820569 0.0146793534618782 -0.262388398028837 0.0905424139740257
-0.00526027492330447 0.0121791915987634 -0.397074140051472 -0.236117487711378
-0.0014733804154797 -0.0150700233207828 -0.0351702563992318 -0.611535256226897
-0.0195730625989591 -0.015202277202373 0.651769875842443 -0.368417703429692
-0.0331811425351013 -0.00978479229074075 0.638761872151021 0.339799596541649
-0.0270590268991265 0.00793727537296628 0.088177662954861 0.477386755506739
-0.0136257545628594 -0.000986653940871709 0.0668983228840199 0.0307504334790014
-0.033076297098839 -0.00738575236209917 0.0739445796183252 -0.503515007250005
-0.02882307467131 -0.000746075506263513 -0.647742934215366 -0.547367056703712
0.000409681723489097 -0.00314091540521467 -0.854931267591261 0.361777833056576
0.0163874233662253 -0.0165562772832557 -0.000164244657450894 0.761652174046832
0.00267121071499242 0.00460144384498743 0.447665903319962 0.286775136115191
-0.0116598144269648 0.00456279903914262 0.335660651178111 -0.144542843341993
-0.00554470330797453 -0.00425220059363187 0.0355545116972242 -0.291657784226347
-0.00923228884336609 0.0133902219459766 -0.0773181477828366 0.239456116200995
-0.0117430987637757 0.0145374198842467 -0.262711199721844 0.0822527736470112
-0.0125211756856645 0.00475298368144443 -0.380736899501707 -0.251194475419139
-0.00140764424979788 -0.0249214194787376 0.0012400096757426 -0.618384510128135
-0.00878194105808113 -0.0173938626631918 0.669372682866703 -0.343798663596673
-0.0231192926362636 -0.00212859899133922 0.616342310920757 0.371498703359141
-0.0272294840136886 0.0198383243660202 0.0696742774115872 0.483488373804392
-0.0186192705558639 0.00970168835524611 0.0621325305428833 0.0294609566978422
-0.0325274915777445 0.00683019030983332 0.0518966151277517 -0.505273850676359
-0.0177640515032822 0.00845818025961573 -0.677510749284464 -0.513661416887553
0.0116776053682942 -0.00690922972967777 -0.833935193534822 0.397640071197912
0.0141159703048532 -0.0267515539914719 0.0396745308920103 0.754584306176933
-0.00625981687449495 -0.00182862359222709 0.462796245085821 0.267164048207151
-0.0196797163578667 0.00703504684120109 0.334209306939661 -0.156113817383904
-0.0117648447450333 -0.000794726882709582 0.0319373597497386 -0.292574014650823
-0.0128906508312979 0.0161931194341655 -0.0780067570553656 0.237298261964034
-0.0168553614864225 0.0139061321542357 -0.260889073760582 0.0740372522242618
-0.0177501724001224 -0.00320315962078709 -0.366198784272763 -0.264093485353059
-0.000570176745034965 -0.0320670705520591 0.034487778330914 -0.623124378976108
0.00312803988084549 -0.0190450196063647 0.684418026352815 -0.31487552178908
-0.0107319394444523 0.00465169581615739 0.596819732871933 0.400658482360895
-0.0263121059417965 0.0322213414677689 0.0510569012602649 0.490941986251071
-0.0204879600833283 0.0204190508086343 0.0558856991290396 0.031316754994694
-0.0281118960141506 0.0209244476259913 0.0329501392765816 -0.500403042943616
-0.00473928928898549 0.015721165404271 -0.698713744182853 -0.480881595616977
0.0215469591253847 -0.0110749546315624 -0.813135094147106 0.432304940978113
0.00844281230615564 -0.0328268848356122 0.0820626730179772 0.744258327626758
-0.015127121513709 -0.00648033468462478 0.481532755095232 0.248906251278441
-0.024971065796455 0.00885216762760689 0.333480594414663 -0.163474430456967
-0.0144811423027467 0.00305590846120697 0.0314017566844036 -0.294211660584291
-0.0140196615789223 0.0187801209355796 -0.0764702244157294 0.233857525208175
-0.0171035645062375 0.0118465551220105 -0.257345292084612 0.0662230204870084
-0.0205393171587675 -0.0096243884072392 -0.348548499536571 -0.275483374022382
-0.000492128599197042 -0.0343599408737549 0.0629501684285248 -0.625322670995361
0.0144300535567767 -0.0162901352427173 0.699423439258121 -0.290356920806634
0.00163338476959936 0.0117759131153533 0.582022726087027 0.428994088911206
-0.0234622668209483 0.0415808025823071 0.034834743670965 0.500229134456919
-0.0213256267213953 0.0281779206566023 0.0500894254370997 0.0362121087305448
-0.0229450449991431 0.0298878747456223 0.0181662550955314 -0.493464983004241
0.00957009756185444 0.0207256602698651 -0.713641684034673 -0.450268286791933
0.0300361409839287 -0.0114802983355378 -0.794359775957684 0.459593235898923
0.00349959830235546 -0.0347362305059966 0.113053226024865 0.737545816144734
-0.0211308206754802 -0.0109548529779811 0.496142232720573 0.23181388766736
-0.0259962798241245 0.00952940883822142 0.335794534870984 -0.171978202572801
-0.0158091555236469 0.00692588713566733 0.0304605255687679 -0.295711209343882
-0.0121859041205909 0.0210524027145173 -0.0728240067451287 0.231127636584033
-0.0139570948792545 0.0105687038753105 -0.252265495910224 0.0629289244563254
-0.0220105264008802 -0.0142447480687339 -0.338950091819474 -0.277075576641507
-0.00288976967563815 -0.0333117975276297 0.0763261070347516 -0.622478995911452
0.0211451001032946 -0.0136138527521529 0.707057153171042 -0.277725644483187
0.0122156222361983 0.0167364763566111 0.57770038653479 0.442420913576607
-0.0177228832328089 0.0477486511879983 0.0281474151545348 0.510880001566498
-0.018903257892873 0.0342881180108541 0.0434480850708235 0.0454282636737137
-0.0145780288089449 0.0353534643854457 0.0124808681791545 -0.481543983936359
0.0221335451290495 0.0228792433446465 -0.71468013976995 -0.434153600348648
0.0363907810306221 -0.00955393452225505 -0.78543182539768 0.471578087591541
5.67953001962534E-05 -0.0308640709733099 0.124947670825995 0.73391111831825
-0.023070331182964 -0.0132996069976301 0.506295057669211 0.227857803349786
-0.0222356795187289 0.00974000555030975 0.340764385954625 -0.175380764931086
-0.0131587972806162 0.00887366340515401 0.0341457480767301 -0.297600966991821
-0.00705609917281318 0.022234835936572 -0.0683320372916277 0.229265588592097
-0.00737112895430992 0.010276758962295 -0.247634500183276 0.0619024833318148
-0.0202989907137178 -0.0152009390576166 -0.333170985810469 -0.275746008356124
-0.00719476205286834 -0.0280503685932234 0.0782277800146743 -0.617725128782841
0.0221794367978982 -0.00909244758408431 0.70932406452707 -0.275621157913562
0.0199399894447242 0.0183414729047363 0.585258088113924 0.444793278515274
-0.0112114442995135 0.0492193044608376 0.0272118336008053 0.519372465309816
-0.0149653126359195 0.0345004960815088 0.0392722084909982 0.0556399224971815
-0.00820577595583392 0.0359461417695325 0.0144121106506017 -0.47035634434272
0.0306684599063487 0.0225990497110717 -0.706845245133312 -0.431061454672732
0.0393298136972377 -0.0047231100378471 -0.78277587260068 0.474021201015389
-0.00238822607625214 -0.023206704743551 0.126640427763338 0.738569181210932
-0.0224688667952498 -0.0153682081139288 0.510553843292444 0.229867725024696
-0.0154125387961763 0.00711778439603274 0.346768537660308 -0.17531091435458
-0.00731117438057594 0.00915985777675759 0.0367768417718038 -0.29936507018407
0.0111381222091101 0.00549121784639011 -0.0685299494974878 0.240410382221115
0.0176036248048604 0.0113400918116686 -0.254437111545721 0.103470382506307
0.0102604114773961 0.0210677449978318 -0.41283996159156 -0.20512712422181
-0.00159617983418659 0.0084121253662425 -0.0926178395659717 -0.587339110682907
-0.0332478343985169 -0.00461706904868617 0.618719854204988 -0.40974963718909
-0.0429534678475385 -0.0198472623359048 0.67805579427445 0.286744084668617
-0.0200164736554174 -0.0104286511771909 0.125984345340539 0.475485198029749
-0.00196087319602958 -0.0186945193896022 0.0703120032399835 0.0447933676273269
-0.0244710439913565 -0.0280306742213655 0.106735182967961 -0.48993981816095
-0.0385469114973176 -0.0161983656563148 -0.596704864866722 -0.587922039446026
-0.0198345658113359 0.00885005095632217 -0.879343425899163 0.309252260705883
0.0135184880885033 0.00924002101131979 -0.0671850570715261 0.777919349299681
0.0172090161621135 0.0157368331925686 0.426284015138567 0.31788562225218
0.0111674677255637 0.00197879119543033 0.344819917359923 -0.128740043340915
0.0102885396920487 -0.0106979129711791 0.0400804707161928 -0.290945938625764
0.00387754761848443 0.00735680933610073 -0.0711933624745703 0.24146347800785
0.00677099440013111 0.0137825598785645 -0.258302373604431 0.0977945545698909
0.00348943637070624 0.0168940064442479 -0.407402750537018 -0.219000402958004
-0.0019879381252922 -0.00257599139459444 -0.0671703548207373 -0.598640230842534
-0.0285287040565157 -0.0101775620375472 0.63278211466535 -0.392388387678742
-0.0403681401160437 -0.0150332746405143 0.660118309372806 0.309393273271472
-0.0245564811091396 -0.00201977037436047 0.109563926966991 0.475521563791056
-0.00765281472110204 -0.0114016963351151 0.0700960162979817 0.0370625641464453
-0.0300264931364854 -0.0190194105511597 0.0921139453208421 -0.498954055867764
-0.0365692188839001 -0.00899072034774277 -0.622089054353356 -0.57076183679915
-0.0102532437327235 0.00227052679788703 -0.870602517273068 0.335738220349016
0.0158862156626371 -0.00350989817983172 -0.0392640527659759 0.771270883909995
0.0111920250835567 0.0101825025165098 0.435363732984416 0.301088449400789
-0.00114839181023915 0.00308164884176704 0.33906964675757 -0.137185652549225
0.0027306392417013 -0.00838602925606346 0.0361254009520443 -0.29031013563218
-0.00319107269135086 0.00979925471970016 -0.074321914012826 0.241516357044054
-0.00344100336670938 0.0143905314542541 -0.260462402441176 0.0906290773104522
-0.00471113674816101 0.011598031757829 -0.396648215142284 -0.23225051839653
-0.00107157044922433 -0.0150782716490182 -0.0362542288074456 -0.609495838598081
-0.0205822560054068 -0.0151988686981088 0.648916662536131 -0.371032983381513
-0.0335547669835788 -0.00888585317173496 0.639156313011881 0.335995006403996
-0.0267355769342838 0.00852917801527099 0.0918009984137589 0.47655543141381
-0.0137259022895329 -0.000957540111340388 0.0675703907256117 0.0307507249598854
-0.0330220748819404 -0.00656361512582838 0.0731105753777261 -0.504544459966792
-0.0291370443893616 -0.00100134326387198 -0.652205252540864 -0.5431883542736
0.000454831165278329 -0.00319587733972973 -0.851089242615865 0.366816696912154
0.0159390388273949 -0.0171010081365205 0.00345803268737699 0.762335156727363
0.00290125625170455 0.00454610971175554 0.450279932129947 0.283611897665054
-0.011340818824991 0.00500276888584674 0.334291559168462 -0.147384354245292
-0.00618079317485384 -0.00508886822433986 0.0328165167849711 -0.292471155097174
-0.00864203949352245 0.0130291935847191 -0.0757146022288172 0.240472826986427
-0.0114427576865123 0.0142578952162764 -0.261676107319737 0.08328082793831
-0.0116055032257109 0.00483441530046481 -0.383231884367668 -0.247495768960761
-0.00134476733673688 -0.0251367401712559 -0.00109499693519741 -0.618540482700028
-0.00871586648146356 -0.0186566557698758 0.665348606229054 -0.346118285972936
-0.0233592170578899 -0.00222981135211039 0.617120640457872 0.369951556333355
-0.0270495756744124 0.0209561672169023 0.0694437040262882 0.481667568745785
-0.0178331111395489 0.0102104556440724 0.062692632452861 0.0286250542809666
-0.0332559145972344 0.00653451706023796 0.0528694672868178 -0.503516890305782
-0.0184497395314747 0.00780671552796616 -0.679080927423354 -0.510229060098554
0.0116185628263708 -0.00776767041791505 -0.831148664022493 0.403396096050783
0.0130479137478503 -0.0267737631017257 0.044144146769733 0.754857694258931
-0.00650970860165568 -0.00163003544199204 0.465818018669997 0.264357277112012
-0.0195180040346946 0.00716902876804025 0.331674071779685 -0.157536229920697
-0.0114483382649986 -0.00102002862826069 0.0302872930116455 -0.293296916141898
-0.0129135034340553 0.0160356425549295 -0.0758821096066825 0.238356413461952
-0.0165869526810197 0.013306901130071 -0.260024932031379 0.0748516424009789
-0.017599902554574 -0.00283547264491095 -0.36541152983058 -0.260407975103559
0.000207198821723554 -0.0322355486992143 0.0304766592725604 -0.623908159676449
0.00296315891205695 -0.0187271735721587 0.682509383301927 -0.317260436507866
-0.0113953014589369 0.00555958045049309 0.597542040249016 0.397953860689414
-0.025662953508322 0.0325872432756108 0.0515113857575792 0.489396870513366
-0.020177746019808 0.0206078099439498 0.0561646677133245 0.0311561011551978
-0.029432650691 0.0201800585404839 0.0316567040108674 -0.501878432605482
-0.00435793879760114 0.0160975104687016 -0.700298682624014 -0.475965475175706
0.0221029718046009 -0.0111830348538263 -0.809892593873024 0.436546549075502
0.00860806993289239 -0.0328186653286738 0.0828984055954213 0.742331633058381
-0.0143385429674377 -0.00687210119698669 0.481730124279775 0.246510946288468
-0.0250580657881475 0.00902302359819448 0.332239074089137 -0.166590346970408
-0.0160391880943778 0.00255548169733375 0.029500652131303 -0.293986522787871
-0.0139819137719613 0.019523478991504 -0.0746417598885992 0.234931969486075
-0.0171809894902257 0.0114386186543171 -0.257593699553548 0.0665963835827905
-0.0204501269509146 -0.00928548855172 -0.351285987572543 -0.273172839114238
-0.00118311786709463 -0.0348106578478137 0.0609151773240097 -0.62467695365116
0.0131196585983554 -0.0167969487807041 0.698057559807742 -0.2922143899083
0.000484345270554486 0.0121468235492811 0.582593057940788 0.424552331489034
-0.0229280852990886 0.041580966029281 0.0356737991326876 0.500591510157149
-0.0207776369402541 0.0283624152104401 0.0499817278764318 0.036047425711779
-0.0222929073317803 0.0301017594014358 0.0163635874143793 -0.493302049491491
0.00985359793370275 0.0203192427411705 -0.71637650972026 -0.446701176695156
0.029649067373022 -0.0113494639229519 -0.791055940551611 0.463769206339151
0.00318753050168526 -0.0348939836262966 0.115067405360743 0.734564610430499
-0.0216635288949014 -0.010817897545361 0.496503297272248 0.229310201001346
-0.0258756535812268 0.0101804127801858 0.334100461270001 -0.17523789217204
-0.015674241573142 0.0062005568617483 0.028943691899273 -0.295904441496543
-0.0114547127016438 0.020981015832213 -0.0703501554199421 0.232507399608523
-0.0133736040077555 0.0105450572280218 -0.252056399112623 0.0639172495642598
-0.0211621503527591 -0.0134673810792383 -0.339290340579245 -0.274005338346277
-0.00363246748963873 -0.033834519351961 0.0733375823979179 -0.62187622029341
0.0206678986539734 -0.0135016640023732 0.703324014930345 -0.282145379723846
0.0113034340108224 0.016031932678011 0.579566262491903 0.439040113057645
-0.0170453488520967 0.04803214492914 0.0290052005225773 0.511149566573698
-0.0190978018733178 0.0332289126706551 0.0436167466797506 0.044827672668277
-0.0149566840819295 0.0355809083176929 0.0121380744940865 -0.481375736971316
0.0223066985549483 0.0225840453918024 -0.717984573623871 -0.43124459657171
0.0363418817391284 -0.0102064225075903 -0.782291206510415 0.476086520875504
-4.83566944654498E-06 -0.0319242184906921 0.128004428075238 0.734891050779153
-0.0236896299241106 -0.0135485181168101 0.507349241163749 0.225034281206609
-0.0226070357321364 0.00982750544951743 0.338886506214884 -0.177843430862786
-0.0131539990700558 0.00888145844371916 0.0309681652508385 -0.298555701826541
-0.00725240805592213 0.0219880216598706 -0.0671610387047746 0.229223789413267
-0.00669512356046622 0.00991764672698947 -0.246857367305994 0.062573617916182
-0.0199426841758551 -0.0141879792719406 -0.334533456115202 -0.273383783455885
-0.0071273441528855 -0.0273314722229157 0.074378755658605 -0.618802906892873
0.022432911798299 -0.00886626422813981 0.707599451271177 -0.278806548236707
0.0194572788288689 0.01789590911081 0.584623812259778 0.442699993047984
-0.0114561418050397 0.0496887774920962 0.0285167659388714 0.517455633288994
-0.0149912262842768 0.034514639899896 0.0400068282367026 0.0553708193204838
-0.00769513636207094 0.0359547275602353 0.0117687767668176 -0.469541645539745
0.0305784538736429 0.021947967309586 -0.711633964141433 -0.427345065078525
0.0386160854704644 -0.00622937158571569 -0.781242419947007 0.478471183879744
-0.00249506278445275 -0.0239970480928294 0.128489420456081 0.73593702741142
-0.0224286597134227 -0.0157302009356468 0.511080749963606 0.226743875428408
-0.015121677080696 0.00753674484773141 0.346434541880054 -0.177557830126011
-0.00800169099806379 0.00900234017830368 0.0351178910792664 -0.299639266654661
0.0114604206079075 0.00490282707711789 -0.0662853242926392 0.241320939318915
0.0175646779791495 0.0111958084039943 -0.25253819204488 0.103362625044447
0.00996266052191607 0.0208127609715639 -0.41472826122425 -0.204088039344529
-0.00211676919342946 0.00806817880193576 -0.0965781615085438 -0.587398253623207
-0.0333404825433991 -0.00484330168867984 0.618045157018043 -0.411566680156893
-0.0428059172919075 -0.019144250277667 0.678505120825781 0.283176241298114
-0.0196877102553321 -0.0096278734001481 0.126825417406007 0.473896964952149
-0.00174518418045505 -0.0192919990314027 0.0706917206233565 0.0445267512893206
-0.0245806839561578 -0.0275927074308196 0.10530665788905 -0.489452384250456
-0.038911670768925 -0.0160935595859027 -0.596036895849272 -0.586282507606117
-0.0196835993976405 0.00886781209529639 -0.87713291401179 0.313416671802187
0.0126032238732857 0.00894935840756993 -0.0637195789739613 0.778186469318385
0.0175361951059064 0.015841217047542 0.427804824661645 0.315110806874737
0.0108943335334046 0.00167740806174066 0.342465767866732 -0.130896060351803
0.00977012897016038 -0.0105558401588085 0.0390093486301406 -0.292964647434511
0.00354352859946095 0.00684062160835928 -0.0689088696582673 0.2432838868709
0.00707014182011457 0.0129030409816559 -0.2582168759476 0.098507213823823
0.00330487321115903 0.0175607526942251 -0.408491246183816 -0.214986945101797
-0.000782052487202746 -0.00341896727507356 -0.0717141546846331 -0.598548039104765
-0.0289558728488372 -0.00995483366176484 0.632326929730016 -0.394474056085608
-0.0408100059375652 -0.0152373575870541 0.659057955484872 0.30579370310161
-0.0241098819181485 -0.00168391092343075 0.11022088250856 0.474525495368819
-0.00800309699845434 -0.0120843403912112 0.0708671047629163 0.0361091071015742
-0.0296412285646249 -0.0186248240971986 0.0921686113663561 -0.500448953984792
-0.0370926132396265 -0.00861758222120416 -0.623581296840104 -0.569139369919083
-0.0107764256957665 0.00310781920331794 -0.869056816404098 0.339246749777921
0.0159650602040543 -0.0032727896190357 -0.0341182182245578 0.771789194070377
0.0115486364572868 0.011088613325474 0.437660249202358 0.298595063531374
-0.000130042078481199 0.00376079914769995 0.336859628157501 -0.139662454415153
0.00158012465314431 -0.00879689441258169 0.0343715759011913 -0.291560493169242
-0.00283774550907982 0.0103303756922138 -0.072875231282649 0.242487922922184
-0.00317269677247159 0.0140798018943103 -0.261166207627803 0.0913931323091118
-0.00385316979419388 0.0122108493151612 -0.399633901798879 -0.231316918545977
-0.00131572062450738 -0.0149079200690202 -0.0396090216117394 -0.610369385754214
-0.0200712578981124 -0.0153363784038292 0.645998826923055 -0.372106671686211
-0.0339887366577207 -0.00874807376664245 0.638736664027143 0.333668981634786
-0.0263949578190549 0.00901162533253835 0.0917041935548094 0.47491206667557
-0.013441820386053 -0.0015335892304027 0.0676405243631538 0.0303963415360401
-0.0333540381716679 -0.00659858358642366 0.0714218140169029 -0.50517843946458
-0.0292494691186381 6.94633315281648E-05 -0.652841862983608 -0.53886996590114
0.000236270861811563 -0.0031963847115701 -0.85290324523072 0.371924313526579
0.0160118226295542 -0.0169179531340009 0.00660165451793764 0.762757325887662
0.00235482905057625 0.00448344369120167 0.451128285211941 0.281500839348598
-0.0109342030264895 0.00434144024024111 0.332858248958923 -0.148807855202962
-0.00646175356544213 -0.00520321128085966 0.0316477201680997 -0.293381363085231
-0.0090384325615225 0.0129156013586719 -0.0733924963282294 0.241620459262494
-0.011763461864511 0.013817744201702 -0.261560868001667 0.0836417054513383
-0.0115491881263377 0.00482277685355578 -0.38501991942727 -0.246337868890134
-0.000878249008958115 -0.0251503435753636 -0.00316348196515186 -0.61677388540235
-0.00986720765143551 -0.0180207673475853 0.663336057844591 -0.348676753328699
-0.023805525032815 -0.00227007361056425 0.618235868034192 0.366315172715902
-0.0268347910142788 0.0211402543611185 0.0704511485307013 0.482178883230197
-0.0175333767832868 0.00963199711844202 0.062480775013586 0.027908870638155
-0.0326495811442514 0.00744889059566323 0.0504668982872829 -0.505231870216458
-0.0184508539709272 0.00860994236899316 -0.680462301497222 -0.508566542412237
0.01162794598779 -0.00809583092313006 -0.82945570784301 0.405830122294616
0.0135246412116258 -0.027080223567118 0.0476504198040416 0.75308413421816
-0.00634580978094195 -0.00145452914080755 0.466799279097959 0.261378860083805
-0.0194743170679522 0.00709597487496449 0.331596747921496 -0.159052775177928
-0.0124697832378646 -0.000888884639386413 0.0276181236734504 -0.293152190610411
-0.0124097807822031 0.0159632901852518 -0.0730930065166264 0.239285974616916
-0.0163092639164077 0.0133823888770021 -0.259950756543286 0.0749568639191531
-0.0173340159909909 -0.00267546415587711 -0.367465999302097 -0.259726400757075
-0.000179101173195966 -0.0322872342851645 0.0291338780574687 -0.62326358187263
0.00284839685737048 -0.0186854788858398 0.680109719623094 -0.319426741992085
-0.0116389295233174 0.00574978589297907 0.598760968864706 0.395550766606006
-0.0258328057773873 0.0325861604832594 0.0522927237661096 0.490098419301269
-0.0203822225914009 0.0199876928213966 0.0563204760659178 0.0314869112562372
-0.0294131107035069 0.0203268255915507 0.0314800547118586 -0.500114471976003
-0.00491525266068539 0.01584608636062 -0.703110323333131 -0.472640370725797
0.0220784271392194 -0.0110596591011607 -0.807504649574645 0.442489276547046
0.00887706498372229 -0.0330350138117681 0.088678523063107 0.742164006688543
-0.0150988258901845 -0.00693109354660612 0.483041583175511 0.242886540624107
-0.0245861517077757 0.00888792551969276 0.330705393866718 -0.168142992001579
-0.015875691767586 0.00272777935321556 0.0272494416219489 -0.295768496442385
-0.0133812987016441 0.0190462385221554 -0.0724966438415766 0.235694601926653
-0.0166353260528793 0.0115700860543871 -0.256954449006607 0.0673083116362522
-0.0204161985934328 -0.0093865437932263 -0.351876381498493 -0.271661828539664
-0.00107456396085512 -0.0350454258136532 0.0590014140647246 -0.624488142464939
0.013312869589775 -0.0162224589452371 0.695230964358303 -0.295165530321556
0.0001841911432162 0.0121555688509355 0.584524616565276 0.423407411663025
-0.0222280594231823 0.0422982954310665 0.0357404909207327 0.499558369174403
-0.0211597301968384 0.0284368032102994 0.0511515106268177 0.035105460623921
-0.0226014232843423 0.0302533433769982 0.0142199871672332 -0.493158084106025
0.0101871010957318 0.020266975053261 -0.717867715808461 -0.442325026993285
0.0298889118305422 -0.0117084606592974 -0.787867267999815 0.467247195220065
0.00358660126655432 -0.0345639662876684 0.118876367396673 0.733371464268742
-0.0216754551373999 -0.011030415980228 0.497510218966393 0.227490743254393
-0.0255122343946049 0.00985523568075001 0.332360830827641 -0.176751768926277
-0.0161399008257412 0.00651580829508139 0.0269741018133568 -0.296466277684369
-0.0107637626731789 0.0212729804128582 -0.0684105803260145 0.232492497854191
-0.0133302386185842 0.010862652191293 -0.251860663674738 0.0639372332971326
-0.0210632638048796 -0.0134041247292174 -0.340607496380476 -0.272234102307696
-0.00322232349092089 -0.0336304204756033 0.0709760601486094 -0.622490570778769
0.0198924352154306 -0.013031386927411 0.701616577471659 -0.285061592600587
0.0115781955802993 0.0169665173386125 0.58057575581696 0.435935324655379
-0.017054921903628 0.0484753541689394 0.030215560337227 0.509930607388044
-0.0190570715993595 0.0333575864978358 0.0441932317269042 0.0446700310419134
-0.0153606168764161 0.0349784767666091 0.0102051978276258 -0.481869944533684
0.0220524336263301 0.0227866500474527 -0.717708134502561 -0.427357827310605
0.0356788274356022 -0.0100681055175579 -0.780062130512473 0.48011227186001
-0.000436313927118215 -0.0315006941513016 0.131791549759695 0.733281066895304
-0.0240885889424113 -0.0130398078815031 0.509222371656635 0.222351392898129
-0.0223149345517353 0.00947688501629775 0.337321820811179 -0.180534390486931
-0.0142185547075213 0.00839123421659512 0.029479566171773 -0.29809882221146
-0.00644757899472255 0.0223547650376562 -0.0645792526662936 0.229810612652862
-0.00674888598191356 0.00923056682471052 -0.246860546368399 0.0631529539533048
-0.0200587559656301 -0.0148535713791509 -0.335505230216444 -0.272635649539932
-0.00680081328103783 -0.028137543820965 0.0742077722440793 -0.617950903793792
0.0213569079667797 -0.00997897725499844 0.705145312149417 -0.279924815481592
0.0190366303860474 0.0174943360689213 0.585895910569208 0.44207783160691
-0.0105407290393253 0.0501783078777177 0.0284991024219978 0.51839322124003
-0.0149136654033204 0.0343648091006966 0.0403621141039997 0.0553046664620401
-0.00725787091208504 0.0358373162349775 0.011531201533022 -0.468729675617834
0.0300039135562454 0.0219842664643721 -0.710210356203764 -0.423014162362727
0.0395076839187686 -0.00614577624579893 -0.778036989744433 0.483510907521672
-0.0017262634843578 -0.0237399161679619 0.132607527218877 0.736685272340857
-0.0226139633096378 -0.0148835535576598 0.512154862739113 0.223331002901336
-0.0156383349892272 0.00795374031324201 0.344070222005956 -0.181275631472512
-0.0081636112006541 0.00913915930333072 0.0321339870587849 -0.29922676889622
0.00976637444103932 0.0049079899899478 -0.0630762027660461 0.239772309418806
0.0171199172583276 0.00974096389990756 -0.251333567978902 0.106727377985487
0.0119261782920026 0.0180390549806013 -0.416894067006533 -0.197864521859796
0.00232729141347851 0.0064910209907515 -0.100227169845206 -0.583680792363856
-0.0324846149591779 0.000221549111840429 0.612917236138217 -0.418099161107235
-0.0449846505049195 -0.0138584844412142 0.677475696997574 0.277642485069166
-0.0210504662293002 -0.00852809392184761 0.133305765042305 0.467355401331453
-0.00212778744673376 -0.0191736260540632 0.0708695192992378 0.0424534718101105
-0.0254022469791047 -0.0269035452143039 0.0995553961529803 -0.487994146513658
-0.0405482362560891 -0.0176457432734591 -0.59686888280672 -0.577006292582436
-0.0231162612361934 0.00837352322884318 -0.866177115981171 0.317259195736356
0.00845047464529622 0.0111753906077307 -0.0463323038409669 0.771193219447862
0.0158857363611245 0.0179451217242662 0.429976055305545 0.302903897370654
0.0104865099056973 0.0034572005844439 0.335876555339997 -0.134442860779242
0.0101534984870717 -0.0112966637596399 0.0335227154371694 -0.290644270002643
0.00271813061847044 0.00652472474206489 -0.0647856422865849 0.241389986341776
0.00618709967047901 0.0113189429286974 -0.255345340943575 0.101688265572305
0.00435772743504669 0.0150790428333287 -0.409534025056631 -0.210147118360536
0.00217236295987552 -0.00428238618101392 -0.0774098330730456 -0.593570156480329
-0.0274164968073214 -0.00614305771253922 0.627522597090859 -0.400715615003232
-0.0438168293537628 -0.0097780910730787 0.660362186139782 0.297636212589747
-0.0247282964078258 -0.0010854262638532 0.117351259892947 0.467710577378386
-0.0077762496223787 -0.0109256425502351 0.0710081671549924 0.0336374758456897
-0.0303919533312523 -0.0176427411269702 0.0828240553358069 -0.498027544203374
-0.0385533297224025 -0.010790664900462 -0.622630447314791 -0.556455594004464
-0.0143292316600808 0.00223116502523397 -0.853786605722465 0.343551120497103
0.0111451149611135 -0.00171438308210035 -0.0158976255234182 0.763315658854352
0.0091615539722935 0.0131239802353382 0.439394814066504 0.285637482096903
-0.000163075113940666 0.00430860470981445 0.328496306326864 -0.143282735577084
0.00196016018051964 -0.00854369378656524 0.0299392946787985 -0.289931319627574
-0.00505274414326784 0.00974139764972925 -0.0688664732116397 0.240686712628837
-0.00390156883781619 0.0123485044715787 -0.25799028409991 0.0945190585321397
-0.00370367711824053 0.00932625246026115 -0.40057624327441 -0.224108685380678
0.00228471729173877 -0.0165397871953583 -0.0432148553108003 -0.605618108945975
-0.0190748103306026 -0.0104999320661016 0.643393911535487 -0.379681404686246
-0.036594042465473 -0.00347581706424056 0.638943808579484 0.327659889184252
-0.0273701231125085 0.0108279340210669 0.0992620291006605 0.470589027396506
-0.0133581943615395 -0.00143316947460355 0.0673494466575655 0.0286123125295668
-0.032596375837671 -0.00534301403131704 0.0650339675348788 -0.500359099957003
-0.0318780889446829 -0.00174848308118637 -0.650365429947408 -0.52863678515753
-0.00333311426560226 -0.00331839585395096 -0.838469851985707 0.373597108633453
0.0108844178104511 -0.014752253924705 0.0243112739395997 0.751435849929121
0.000962738725450131 0.00806636733753775 0.452491147361803 0.268212085480807
-0.0108455203996038 0.00645073906779065 0.323939983655223 -0.1534035624019
-0.00585999691381653 -0.00499525652955114 0.0259223175193885 -0.290544566186468
-0.0104714318824117 0.0127177302613222 -0.069620327200343 0.239837628945771
-0.012033379158414 0.012139250387426 -0.258341871521516 0.0858845076238557
-0.0115094782216699 0.00201724168016674 -0.385736507040404 -0.239716243219156
0.0028429319895861 -0.026780793648486 -0.0102948285761102 -0.613470700277485
-0.00760415818703922 -0.0132195621584179 0.659314924956884 -0.355340800573803
-0.0268261746011368 0.00265813403997897 0.619509924840941 0.357738085547057
-0.0284276187865867 0.0228250408297119 0.0779885913759803 0.477673427850771
-0.0168332326644904 0.00971465986543532 0.0627048816238471 0.0272073218486418
-0.0324482842857559 0.0085289325114365 0.0424983668124867 -0.502601658126386
-0.0194935493131777 0.0070510497096983 -0.678875498600816 -0.495197977246211
0.00748531904138074 -0.00825891980256345 -0.815569069446101 0.411693032400118
0.00808302718691919 -0.0240455777415587 0.0640304049540811 0.743600843544325
-0.00798262136314823 0.00215229451930404 0.466186670983221 0.246930631432798
-0.0198141827121314 0.00853363054969061 0.321630403974203 -0.16267325310495
-0.0117492841136022 -0.000113012745808948 0.0222818130589028 -0.291557659540276
-0.0146203430637543 0.0156342399288459 -0.0699019966401081 0.237723945932691
-0.0178514050033173 0.0109270225157841 -0.257968499644132 0.077590294294559
-0.0166113341966893 -0.00601917349356348 -0.36942906704772 -0.254214312160894
0.00342133560876231 -0.0343745040702452 0.0237201627904832 -0.619682489002541
0.00414247482536562 -0.013455542201443 0.676546265261779 -0.328072119124419
-0.014242584772042 0.0109619529373776 0.599156264816693 0.388345112856223
-0.0257554190735435 0.034509078523447 0.0606767007864629 0.485557069746469
-0.0201097452267702 0.0206946378967671 0.0566407517538616 0.0297442060938232
-0.0287956721270047 0.0215505155637397 0.0239784951086201 -0.495739814985002
-0.00610128925796268 0.0141155185147249 -0.70181282163295 -0.461058572944658
0.017387485338698 -0.0115257424215442 -0.795302294107693 0.443933163683697
0.00335020792346218 -0.0301686006586251 0.102392356352722 0.730964180336429
-0.0164246499265364 -0.00294649845370448 0.483923312091862 0.227732719018984
-0.0238935141457699 0.0103144443042181 0.322159591011988 -0.1710214719463
-0.0150573570031351 0.0043376106370541 0.0213909182209615 -0.292990828555541
-0.0152441965504207 0.0182886395345672 -0.0676585542212795 0.233949410873619
-0.0183553411511309 0.00909266697944843 -0.254967413846995 0.0704055735728566
-0.0193758423686355 -0.0125147890618648 -0.354969700411201 -0.264668689034233
0.00361151505535582 -0.0369499357523899 0.0526679868314457 -0.620883192910301
0.0145887039609756 -0.0114393156013203 0.691305539348503 -0.303268656405465
-0.001431549581445 0.0174335996900369 0.586353517303616 0.415082782015478
-0.0228963588713153 0.0432953264002734 0.0440286843701714 0.493900163368569
-0.0197956489010137 0.0282128897993822 0.0509875774631055 0.0344570429213853
-0.0217585108310845 0.0308292378196588 0.00744977280745606 -0.487223861800202
0.00809826569071513 0.0190343612871829 -0.716162607995937 -0.430083934467229
0.0262336570248632 -0.0129920777173609 -0.774044045171972 0.470670633210316
-0.00273820865286726 -0.0309498944617077 0.134182525411342 0.722576620240912
-0.0232150044770063 -0.00609340278595037 0.49751544039648 0.212202689356613
-0.0250924850737452 0.0123774882521951 0.322311003641331 -0.180072436968989
-0.0152293963209789 0.00641835358929871 0.0214433181236811 -0.293532543556895
-0.0134676011648579 0.0208689763635068 -0.0643924816725412 0.231896909762846
-0.0151397261240833 0.00777610971174275 -0.249441776434036 0.0671356199402433
-0.0202596451729521 -0.0166618918797633 -0.344557148519182 -0.265956820606042
0.000932970292605808 -0.0346739196413882 0.0644999160441815 -0.619926503675673
0.0216468791752751 -0.00806052489817856 0.697765012885398 -0.293008628388612
0.00924406998681949 0.0221649279319376 0.583229099903503 0.427000568224405
-0.0177017432923371 0.0504068676201097 0.0372429067528046 0.504567503880427
-0.0179578132898749 0.034396646007551 0.044059512593069 0.0436034727828428
-0.0139742258322746 0.0369245466799115 0.00205054075695231 -0.477497317376185
0.020527786746592 0.0208985693513616 -0.715958310808436 -0.41370473017153
0.031569568228217 -0.0107477735230225 -0.766258875866817 0.483088090184195
-0.00530949346689151 -0.0270481241542437 0.145309147447065 0.720410720204751
-0.0260678595307979 -0.0094393018882877 0.507055205370239 0.207257860309483
-0.0214429798400116 0.0118071448462206 0.328676857298057 -0.183042218509288
-0.0120742744739209 0.00872696459422253 0.024086971843224 -0.296098615543663
-0.00879071005349778 0.0213601366997478 -0.0605128285696907 0.228040653284913
-0.00779090138314818 0.0078297877023658 -0.245536077603184 0.065167500200883
-0.0193382413697768 -0.0180672640564999 -0.338656042162366 -0.265734218384692
-0.00299407697808267 -0.0284673081744759 0.0666103131066899 -0.615045108609049
0.0238624630370961 -0.00417865284046243 0.703011679086316 -0.288665702924631
0.0171120406457364 0.0233464098236728 0.589290360914188 0.433682838662187
-0.0111640404269376 0.0520289793452939 0.0381582123378485 0.513244335391082
-0.0139880234335736 0.0346140880189979 0.0398645218222549 0.0543913485280562
-0.00634091083572143 0.0367760905399638 0.00382762904946798 -0.466420408642533
0.0294701687447754 0.0201367050380791 -0.708171217726239 -0.410792809895212
0.034750201947581 -0.00653436813373175 -0.764455396861261 0.487232807398908
-0.00753818341819513 -0.0200657054087269 0.146512946462823 0.723689563032565
-0.025385779757509 -0.0106443523726339 0.512273128241758 0.207843084713152
-0.0149828299324193 0.00942264895475623 0.334677635174363 -0.183731483824688
-0.00744203073614193 0.00873460614689391 0.0272163136215983 -0.297790786554489
0.0100774271371005 0.0047167522934134 -0.060773825705777 0.240820756866367
0.0169457785376196 0.00915499480606853 -0.251358857608188 0.106728083228719
0.0120417271075649 0.0190967062699769 -0.417383280566259 -0.195603038755023
0.00273058428948088 0.00659771574286786 -0.101758928855769 -0.583789841100601
-0.0324017646611226 0.000752581473100953 0.612321706153382 -0.420906887694855
-0.0456614012596644 -0.0128995541229735 0.678957033187595 0.272699028522968
-0.0204196345909578 -0.00866665120869111 0.134121536739094 0.466582587052059
-0.00203770212516608 -0.0189287504473449 0.0718502584420984 0.0412233557379158
-0.0248948695332747 -0.0275230759493011 0.0972540674987752 -0.489715645225516
-0.0409976419673361 -0.0167039256794525 -0.599898873713158 -0.57419763993629
-0.0223301416784259 0.00866686559124124 -0.864964058920059 0.321321810534633
0.00871688345032315 0.011685799481031 -0.0424554372364489 0.772631877140491
0.015481336938091 0.0172080495360707 0.432598136852747 0.300440262362805
0.0104507509720616 0.0024887400833335 0.335562468616286 -0.136609301111696
0.00959583698640643 -0.0118044331036524 0.0318061697084171 -0.292184685660007
0.00190966842261196 0.00690405994315591 -0.0625412947599423 0.243263502707493
0.00620048914334484 0.0107992597187378 -0.255490092584529 0.102215702744326
0.00515612780772941 0.0152729466944032 -0.412424720757734 -0.207854305300939
0.00240664774515656 -0.00473783501614819 -0.0763944907035129 -0.593817380650953
-0.0270461353009493 -0.00515942599143592 0.625774407049467 -0.402461805708359
-0.0433620514066589 -0.00934387500717524 0.660648961784281 0.295706179976434
-0.0247464592708528 0.000285226146440283 0.119304108707678 0.467871569602008
-0.00841883651290296 -0.0107908990825204 0.0715113946919934 0.0334471915153109
-0.0309075753961035 -0.0169056702014165 0.0844834181062831 -0.499392980828653
-0.0392178359350801 -0.0100292060703806 -0.626132906298508 -0.556650029110313
-0.014320661315348 0.00304901010549362 -0.855413837824481 0.347322259814977
0.0107419047572897 -0.00181580862110665 -0.0138862224621868 0.76567646682449
0.00926777758741354 0.0127495802293257 0.440770032421324 0.284022944269866
-6.95782607837217E-05 0.00429185976224776 0.329164694193762 -0.144879442130876
0.00158001350723105 -0.00901509450632939 0.0275272154962754 -0.290914212602986
-0.00510880538497513 0.00975221211756071 -0.0657683037696861 0.242196459668986
-0.00429944761103435 0.011812566001567 -0.258068721473659 0.0932394586313084
-0.00342807541087474 0.00967383667506461 -0.401008547477354 -0.222486160707533
0.00226524361420269 -0.0169066932671639 -0.0463374678767365 -0.605781781467973
-0.0197221085105183 -0.0102541244271124 0.64070571740414 -0.382213307732264
-0.0367148294210629 -0.00347373563771779 0.640453455525516 0.325305273248155
-0.0268315224077741 0.0110780221399519 0.0995617821849902 0.469130501922264
-0.0131110183410398 -0.00138297074659867 0.067162176948078 0.0280735617750866
-0.033579118427801 -0.00491399433298642 0.0628719667720351 -0.501380997232134
-0.030980252511075 -0.00130035349673933 -0.654514155624271 -0.528541639829869
-0.00305643844193805 -0.00417967929774122 -0.837439748694208 0.379805055183715
0.0100579181374884 -0.0145491356795237 0.0267755686360843 0.75318931372118
0.000881688709471065 0.00754259288261795 0.454605462860044 0.266704957825006
-0.0119995635839001 0.00725921847437402 0.323721447681457 -0.154323482129954
-0.00645547063598191 -0.00495598806578461 0.0233281944424663 -0.291548139850321
-0.011412565847365 0.0132756460008402 -0.067758035726347 0.241528300865742
-0.012389615041878 0.0121063477241264 -0.259075053135328 0.0863801350249142
-0.0106942316485423 0.00252066082850479 -0.387409233382216 -0.238222014392873
0.00336308260977924 -0.027250947738641 -0.0121039549133005 -0.614298267191177
-0.00926667937432863 -0.0139352734738007 0.658122317258558 -0.356799814862036
-0.0268022325163387 0.00343652418875599 0.618908131096161 0.356321604492127
-0.0271693439550759 0.0232390207350098 0.0775634581088744 0.475740152979563
-0.0174403986672622 0.00990924826439993 0.0627683316522323 0.0266179603551816
-0.0320156354288982 0.00905092642428335 0.04372410216446 -0.504495044297425
-0.0197811508467328 0.00775678414136721 -0.681828669888837 -0.493636266003342
0.00671420693319792 -0.00880181668824391 -0.817123117351447 0.412896724333969
0.00805277308941846 -0.0242257072668584 0.0659780729154373 0.742795302722364
-0.00817021060421024 0.00204461099337869 0.468948914078157 0.246888722003902
-0.0185243015874679 0.00925999931374383 0.322263424145588 -0.16455779479442
-0.0124364435211684 -0.00026587782781229 0.0200890185656969 -0.292295411227829
-0.0144801138701049 0.015604472333067 -0.0671752036822444 0.237509498585025
-0.0178604263045736 0.0104268071585408 -0.258409617341318 0.0784136384543707
-0.0164080207541336 -0.00561916468292758 -0.370472725486386 -0.25175718133739
0.00378617008328097 -0.0343100227357775 0.0212941740433082 -0.621880906682627
0.00436705816680812 -0.0133603400262515 0.677425843082493 -0.330082446617669
-0.014816199106118 0.0110976857606987 0.60210352526549 0.386281411080111
-0.0269156186388721 0.034720586831881 0.0610300029856742 0.486600486704124
-0.0197578469017995 0.020627241150707 0.0573892213285445 0.0289173800436451
-0.0278100892896008 0.0222458716607311 0.0229426862724641 -0.498375281776803
-0.0065011071643383 0.0144051063029383 -0.704496898191282 -0.458995484968692
0.0175019777028766 -0.0123539177169449 -0.792122632886063 0.448033211477084
0.00291086064137403 -0.0302991385900282 0.107754076078367 0.730903869588332
-0.0168401176066954 -0.00283894076149221 0.484664457571917 0.225945458526317
-0.0241130400627042 0.0106370790844915 0.320536976561177 -0.173730962460179
-0.0158931441787713 0.00318487065607594 0.0195354527197781 -0.293908458550327
-0.0156561606002127 0.0184186597827318 -0.0657070304447547 0.236251693754349
-0.0186839560281615 0.00929723662251781 -0.254332598020279 0.0705585555550933
-0.0196303043422744 -0.0123882548404075 -0.356744951460169 -0.263723063215308
0.00313124307321778 -0.0369289006788455 0.0503245418635582 -0.622548883172196
0.0147408522548562 -0.0116517642325646 0.691872962787431 -0.306116142750864
-0.0027385846693572 0.0172451679268087 0.587279175056084 0.41428935574382
-0.0226163944403051 0.0443596855038462 0.0455088288058845 0.495740763933392
-0.0194702334633526 0.0281877052199208 0.0499253367061142 0.0342274308539136
-0.0217027000223314 0.031268375493628 0.00767830132330062 -0.490037022108615
0.00801057427520573 0.0184203899134022 -0.716858748022414 -0.427355623639411
0.0253074048451918 -0.0134839496792747 -0.773778710185145 0.475383838430699
-0.00202018148332872 -0.031792896058439 0.137287505463473 0.722578907169679
-0.0236783859164555 -0.00637804407856248 0.500018888034762 0.209250971242659
-0.0254541633034963 0.0118615341663855 0.321864940570058 -0.181421998941223
-0.0155210587428024 0.00731795321745656 0.0186600772313769 -0.294893713000253
-0.0136241786558531 0.0204072801910395 -0.0619538528910066 0.232559081508019
-0.0149889450826239 0.00823830057418863 -0.250138914015633 0.0676421077807466
-0.0207136376702356 -0.0173121987180433 -0.345222353665006 -0.264291274513754
0.000799003382951319 -0.0350161700736247 0.0643198261672038 -0.619565420466024
0.0216839247093909 -0.00747862224755465 0.699758680133241 -0.295096004085879
0.0093284081547494 0.0225582134277495 0.581969781429672 0.426456338846087
-0.0171319773707897 0.050093089509403 0.0376632025562995 0.50576338868731
-0.0178378934219765 0.0338872483410536 0.0449575068412491 0.0434567873271095
-0.0132512446916234 0.0367613518394158 0.00321852284936728 -0.476886895887248
0.0207313198024907 0.0210286385419216 -0.716365292576936 -0.414179944080571
0.0319662921093721 -0.0116095111481895 -0.7658483106035 0.487953135215295
-0.00551130349092688 -0.0269572740939705 0.149289427869752 0.72223540586989
-0.0263785232557613 -0.00904681472677971 0.508114000332606 0.204137013517389
-0.0216957804205647 0.0115706853944871 0.32710544938294 -0.185845000077989
-0.0127339173268075 0.00882673166634404 0.0211749671694982 -0.29620445699588
-0.00783812340189425 0.0213906645415739 -0.0582274543078927 0.22995740242111
-0.00851163649397997 0.0070218937128984 -0.24480843658387 0.0659740630747578
-0.0188870462072479 -0.0175876678143045 -0.340219919612867 -0.264392254035577
-0.00305114023741156 -0.028926716308998 0.0645733674224725 -0.615021679764572
0.0232041567098871 -0.00372111723938611 0.702344553356149 -0.291012734368315
0.0166247847672028 0.0232262216562069 0.588272181872975 0.430014515602531
-0.0110861841466071 0.0517931334048164 0.0379683742295 0.513332150296543
-0.0137449489647486 0.0340288472162986 0.0410013823902513 0.0536676643958535
-0.00691906742577831 0.0366544495799408 0.0036621046336289 -0.465861993343545
0.0288144415737848 0.0199303622702796 -0.710212087313838 -0.409358300074041
0.0354142293555532 -0.00781552411315125 -0.76260506779104 0.4882954948352
-0.00699396256700844 -0.0195756007399285 0.148913067356705 0.725184438700246
-0.0247500673388144 -0.0105783682163837 0.513115758388195 0.206109162979355
-0.0144051876395262 0.00883712757477507 0.333703020288493 -0.185088653056287
-0.00749030761218502 0.00901865138888501 0.0252539288051904 -0.298847102106617
0.0101178995026238 0.00400967082056421 -0.0592686605705306 0.240968013008558
0.0172603523469499 0.00851097591145893 -0.251238339331791 0.10717626690003
0.012302291306025 0.0191010457882821 -0.418332146528588 -0.193969741238846
0.00243695888175353 0.00639552411837356 -0.103891397330127 -0.5825745763642
-0.033356506873814 0.000691050337970586 0.611067523208498 -0.423345922309281
-0.0460008369660556 -0.0134020963437379 0.679834904471014 0.270831959472065
-0.0203644885191637 -0.00822309032150122 0.135864008688961 0.46671278769738
-0.00206880518057119 -0.0194776572845253 0.0712204684747516 0.0412223790227471
-0.025684711241478 -0.0274281765940464 0.0973643506811979 -0.489855290806309
-0.0425146397458081 -0.0165544293774828 -0.601269842845171 -0.573202729628007
-0.0227723842407841 0.00862187218735643 -0.865122536534737 0.323914373770071
0.00893457310122369 0.0117235426929074 -0.0409295930113116 0.773808126300064
0.0155817582507314 0.0175727198234915 0.43386937143886 0.299748637997685
0.010683567693788 0.00244771825531644 0.33498928944086 -0.1381046250014
0.00945044287159481 -0.0111811823984034 0.0295271573864161 -0.293176742342497
0.00307048428069628 0.00682849493422423 -0.060948045195111 0.242820053210258
0.0064809274325871 0.00989220558476254 -0.255436694506947 0.101839270793983
0.00498876799696771 0.0155293700598812 -0.413598644957382 -0.207582623083673
0.00289676219921588 -0.00546763893168484 -0.0794168135843119 -0.594447893944365
-0.0278810244236243 -0.00505845482281514 0.624598948863766 -0.406069595618098
-0.0444494827806614 -0.00910647057597072 0.661795021532136 0.295841384505231
-0.0248529668645531 -0.000115939068795919 0.118479553064246 0.46731941441459
-0.00748805782192651 -0.0105197357937784 0.070957171932075 0.0326505119393603
-0.0298354960791721 -0.0169457425427353 0.0823313461442435 -0.500057580683122
-0.0387001492444582 -0.00997064940145473 -0.626758940396893 -0.554927942801936
-0.0143359474960547 0.0028069937592866 -0.855479613814593 0.352070720425034
0.0100570531005206 -0.00182355533506086 -0.0104084284196846 0.766765645648718
0.00873869061764321 0.0127589148468114 0.44188858629404 0.283966956609861
-0.000442202118603997 0.00363696972941773 0.327958815720071 -0.146387492388638
0.00116279793070095 -0.00945733602569272 0.025255995263145 -0.290862196222817
-0.00410363892835845 0.00997407456726061 -0.0651436991921265 0.242649874073402
-0.00448670680655816 0.0123679808490736 -0.258050281402571 0.0959498691994221
-0.00332931974623907 0.00961676274323463 -0.402950212448627 -0.220315926717182
0.00323306448264559 -0.0161714532467863 -0.0471044116880861 -0.607431303157428
-0.0206534662672828 -0.00934620876314228 0.641449914881287 -0.384016215906514
-0.0374725249822567 -0.0030526247353261 0.641513381331955 0.322964556314926
-0.0262497615314793 0.0124755651665611 0.0993193775324864 0.470744319571744
-0.0136125861693925 -0.00117426825954145 0.0680748693352608 0.0282067109412971
-0.0333621480521239 -0.00437960773108212 0.0622854047349087 -0.504382160893417
-0.0314048278376552 -0.00105073318161072 -0.654487382073307 -0.526225355010277
-0.00361891285559339 -0.00397443241692947 -0.836136192917526 0.383213233710573
0.0109277143457406 -0.0146404328686108 0.0298440080614234 0.754533965102018
0.000358496053875261 0.00837944168124178 0.456953423360105 0.265185008140522
-0.010362330049235 0.00698165385156702 0.323256360596689 -0.155855581459999
-0.00669405232914533 -0.00517660720361306 0.0213552421992015 -0.29224696667128
-0.0098005500558967 0.0118809441472096 -0.0654986286610132 0.241749223447839
-0.0125681805435545 0.0114361517144115 -0.259571950827642 0.0874582398542343
-0.0104654862358129 0.0023394143457492 -0.388613576623454 -0.235549094111973
0.0029461377204009 -0.0265702399337821 -0.0137468167347602 -0.613705048152798
-0.00873930466619137 -0.0131969170712831 0.658310178431299 -0.358403482119228
-0.0281077482927386 0.00344265115667973 0.620892679425639 0.356202954282344
-0.0271652701686355 0.0240511614546224 0.0789919636273823 0.476545383333023
-0.0174210612694605 0.0103891619909102 0.0636445951175761 0.0265621605848714
-0.0326007622314825 0.00989429352049317 0.0441960584316816 -0.504583726483528
-0.0204356058009645 0.0071070737523858 -0.68352534582502 -0.492965988218266
0.00750416148366139 -0.00877238226254385 -0.814439907709817 0.417829920129053
0.00825181990369691 -0.0241788653756396 0.0701587450031076 0.744170300870266
-0.00905459132421039 0.00242958060804919 0.469961964611616 0.244051684841945
-0.0189719404381437 0.00946968261154826 0.32016035138793 -0.165917197205595
-0.0131614937002858 -0.000864510586424443 0.0192655498025465 -0.293377909258211
-0.0135844924697751 0.0153385116288535 -0.0660001723566824 0.23951304563962
-0.0175468653543909 0.0100282458874477 -0.258115207741777 0.0781564792162248
-0.0157740699820738 -0.00569641678407578 -0.371170793222479 -0.251077485431043
0.00379060908618652 -0.0345150500882892 0.0183824041691209 -0.620605607628062
0.00368374942321431 -0.0137212919921415 0.676547540503958 -0.331443665518452
-0.0152814998385227 0.0117786524683728 0.601946296180379 0.385554072126945
-0.0255729353551116 0.0346753220721331 0.0624520099394373 0.485133139240707
-0.0198962078431191 0.0207746033071812 0.056949211884073 0.0293746776592835
-0.0272137132853491 0.021866806846776 0.0236554324492747 -0.497535855997065
-0.00677111578120401 0.0144832468911845 -0.705498964485488 -0.459037722795295
0.0172328951478005 -0.0124856402955187 -0.795027758105678 0.450956864359639
0.00265369300283388 -0.0293953044111705 0.109052806244077 0.731348550781592
-0.0162024371948979 -0.0030718707225153 0.487661686830151 0.223612809724389
-0.0237282667094664 0.0113173328633586 0.320823064626426 -0.175166081929417
-0.0152633759597785 0.00330087634114521 0.0172206711563784 -0.295342734155468
-0.0154344516819202 0.0174800878028932 -0.0644514125789564 0.236745561820833
-0.0179610091319783 0.0087585697869624 -0.255000785108399 0.0709631890991047
-0.0192496624459688 -0.0124936760741391 -0.35626300381962 -0.26180380215593
0.00310452751322246 -0.0370019175743608 0.049311885679845 -0.622892795963976
0.0145518060701476 -0.0117577440903613 0.691057713879315 -0.307527234355517
-0.00277991302978307 0.0175090534103792 0.587316965675157 0.412580522766736
-0.0230431476290013 0.0448220957118036 0.0457792519305671 0.495343163644578
-0.0194312014419155 0.0286048027158629 0.0514774578296793 0.0335448946016099
-0.0209218474689193 0.0310793892953796 0.00670005401117563 -0.489201833540458
0.00848752881294026 0.018900309965276 -0.717769373524752 -0.425531674848126
0.0260784447404552 -0.0139678608133157 -0.77313609564975 0.476636974504024
-0.0022353826486629 -0.0305616750151023 0.139433952634062 0.722586589460963
-0.023240607902321 -0.00638873593605071 0.501749598237723 0.207850415681181
-0.0254357601992543 0.0119882341192817 0.320558460477521 -0.184095089302784
-0.0162897547672916 0.00707445531324829 0.0173408647606448 -0.296124342415153
-0.013541812447525 0.0198346877295583 -0.0609712312338824 0.233926082158769
-0.0155212280901278 0.00833450574052583 -0.251076104730186 0.0687311329103233
-0.0196925864832227 -0.0167744283287905 -0.346772761828735 -0.264512111030359
0.00139548016194774 -0.0349366652926422 0.0607461131417005 -0.622434209953306
0.0214273618264009 -0.00800293765161745 0.697457275309994 -0.295259540508893
0.00832478182466279 0.0217385871123879 0.584172054076892 0.426491871768509
-0.0171741054453427 0.0505177729980703 0.0394029929074766 0.507280865924649
-0.0175949144343019 0.0337642267101796 0.0450976903721451 0.043499044554161
-0.0138545392026828 0.0370774522884734 0.0014890879684446 -0.479736025634169
0.0203830894746611 0.0209404903430704 -0.721336704546279 -0.412058035246087
0.0325888658377844 -0.0124873016231507 -0.76538125492113 0.489350214309572
-0.00567609230002537 -0.0270581944679793 0.151063384143216 0.720805544207845
-0.0268583556693589 -0.00940808336609722 0.50873687221344 0.203289761207173
-0.0215763535783223 0.0119276762785541 0.32700780410528 -0.186960437691019
-0.0126694265549253 0.00895221340300597 0.0200906498673646 -0.298134684889588
-0.00762288932758669 0.0215535623835652 -0.0566113430185919 0.230526404622142
-0.00833192279623836 0.00770263345574204 -0.244707653735226 0.0667099074152629
-0.0184459558881208 -0.0178637559797657 -0.342506201175913 -0.263005455230941
-0.00355896818950768 -0.0286438654721962 0.0636527348521857 -0.61601873001594
0.022895088006975 -0.00379161951650615 0.702009786369855 -0.291728578651766
0.0169270625034284 0.023472798063379 0.588387150557188 0.429924130122716
-0.0101345641780327 0.0521570477860526 0.0394197006073931 0.515345937773089
-0.0138284206343877 0.0335838220560281 0.0411879926342597 0.0537533481503336
-0.00619753470788391 0.036647898281617 0.00215420448961413 -0.466918622960057
0.0295560936416025 0.0203000876805757 -0.711169239642259 -0.407600850566505
0.0350477772515183 -0.00690940936573231 -0.76217232134205 0.493480727156033
-0.00760565899907126 -0.0196414002352267 0.153186734746892 0.724112560209305
-0.025449313022175 -0.0109726409521798 0.514437191266638 0.202340796556112
-0.0143558771785896 0.00976870708693588 0.333560833696163 -0.18675115282507
-0.00781036407388229 0.00883694650903282 0.0230821549004326 -0.299375648595157
0.0108668342274754 0.00372855680968743 -0.0572344410952236 0.242568325856828
0.0173186574029474 0.00903479738608877 -0.251818890609305 0.10751195018521
0.0131613117380491 0.0182676535329023 -0.419761944478626 -0.192711109518831
0.00285411573835621 0.0064117238395219 -0.105273115382871 -0.582431663673146
-0.0334826648985787 0.00126593304048381 0.611243559553024 -0.425470181819516
-0.0464623235973186 -0.012357583185286 0.680434521428424 0.270596569501127
-0.0201585945305439 -0.00693280050910087 0.134828278248741 0.469323493328294
-0.00176247918664654 -0.0193617693653897 0.072151261563655 0.0405438988382715
-0.0248321953084332 -0.0263647427123199 0.096735032521833 -0.490922319368063
-0.0411655354623146 -0.0164899223249082 -0.602958496964074 -0.573337938379127
-0.0238419691683354 0.00890153307461381 -0.865659881782381 0.327398131150374
0.00843174763727865 0.0120439776317823 -0.0366903482832232 0.775252613222423
0.0168652082511493 0.0180747433077334 0.436580900728944 0.296764739271694
0.0113195460157379 0.0026300349559352 0.334012114016903 -0.140798160506179
0.00894548097182633 -0.0115915029980529 0.0288461736896669 -0.293436811226454
0.00382266480922835 0.00554385618828739 -0.0598657185846062 0.244312176628382
0.00609632198026292 0.0104507849306293 -0.255370239765008 0.101477834072075
0.00543090332958161 0.0156947361227954 -0.415959283217548 -0.205004100257767
0.00235798599973934 -0.00471958334105519 -0.0802519092891879 -0.593637049731191
-0.0284767617433975 -0.00464729918963581 0.625747435516166 -0.407953982924919
-0.0447434807016563 -0.00830243145690793 0.664648723322813 0.292172067473045
-0.0237727534384116 0.00176379731196341 0.11954931527578 0.467812628513377
-0.00760836932400175 -0.0117275200827807 0.0716252005923707 0.0331376995372555
-0.0311731523839763 -0.0165636301528471 0.0818929226778111 -0.501494712060957
-0.038932587524757 -0.00975626251561456 -0.632687026198397 -0.553850984742815
-0.0151415093273618 0.00185412922170097 -0.855596228352991 0.352155688427179
0.0112559471744613 -0.00130794838631929 -0.00706360587127959 0.767125114602463
0.00932423943310136 0.0133382400915579 0.444171348825583 0.282520175723502
-0.000573004621436477 0.00412615837375146 0.326947350446065 -0.149143420632875
0.00111819844599347 -0.00939239941065674 0.0237928913435055 -0.294654117861163
-0.00436836375679695 0.0086520321125337 -0.0626355929412788 0.244144455921343
-0.00470975357949238 0.0118897245277287 -0.258154391576378 0.0958989241533703
-0.00286012082192129 0.009185797252545 -0.405396663839311 -0.219254219415011
0.00235855139657393 -0.0163879167091623 -0.0492848104294911 -0.606384252017271
-0.0208065364795902 -0.00915361988024243 0.64136713462598 -0.385731905757112
-0.0380595483907305 -0.00258512947664089 0.641509483633158 0.322683157122702
-0.0265688498583235 0.0116028324825955 0.100035037642961 0.471453443683892
-0.013037466032602 -0.000846322171373669 0.0688192219021648 0.0284405367058525
-0.0332960279593944 -0.00378395276816944 0.0633806646133465 -0.505511369644486
-0.0322558446574686 -0.00100546404791237 -0.658231874343006 -0.525122227095823
-0.00383691729173326 -0.00390449967256149 -0.83723389606145 0.386421006363457
0.0104975931978415 -0.0138930295990225 0.0344840092481478 0.756973336145165
0.00066113540660204 0.00798892051745395 0.457920536891514 0.26353161368878
-0.0113929249663158 0.00670036041253957 0.32250077118258 -0.158442004917669
-0.0068409359738782 -0.00481060968245727 0.0194665439718533 -0.293469126413439
-0.00977926508416208 0.0122955940094924 -0.0640131346310053 0.243526792689343
-0.0123749862123098 0.011952272329232 -0.259107587324713 0.0878743360335975
-0.0096089296007682 0.00182446129488242 -0.390231473858365 -0.236477218934643
0.00300231604466694 -0.0274708441629847 -0.0156403337900496 -0.616977619298141
-0.00860396156968411 -0.012779109769236 0.65981169915025 -0.361249604897841
-0.0276757529721643 0.00414279373284181 0.621363465828097 0.354919142119418
-0.0265516807188666 0.0239543591971406 0.0801008524535376 0.478258867922359
-0.0171708281899825 0.00985847360309449 0.0646928518632011 0.0263641412639355
-0.0326987258555676 0.00940156573642557 0.0423361268301804 -0.5035104978109
-0.0199633309532943 0.00787448122254624 -0.685990578277038 -0.491526316495756
0.00739852028056371 -0.00921184902733257 -0.814882818700093 0.423339285458753
0.00777133155142255 -0.0241234482185575 0.0727629308413762 0.744190071521059
-0.00807399600712857 0.00257113051960027 0.472438359101454 0.244632130163438
-0.0199320759382458 0.00953808172584087 0.31948301786013 -0.168173358543163
-0.0134517378942199 -0.000807512724558083 0.0168502280865439 -0.295448807294046
-0.0128832689711556 0.0147021446432889 -0.0641441840689988 0.240505669729342
-0.0180987293958582 0.0105639026393566 -0.25790232965214 0.079385850231765
-0.016186796021344 -0.00574399521906135 -0.375221929513599 -0.248738163185245
0.00343724633569861 -0.0344559492171099 0.0169366424727427 -0.62271218036098
0.00286393339119114 -0.0135817814289386 0.67389326762923 -0.331994586786488
-0.0149303040678774 0.0122118408713454 0.603233314424705 0.385583830225636
-0.0243892319339964 0.0358126251146282 0.0616328244187353 0.487237291790036
-0.0187237454509727 0.0206401405635071 0.0573687418612648 0.0285016597880365
-0.0281804915831875 0.0219476898550667 0.021513752399393 -0.499877174831687
-0.00612781471831763 0.0148889401845208 -0.707362130973015 -0.455324766433554
0.0176233594492214 -0.012863299800646 -0.792236635726209 0.454842160788978
0.0030219213622808 -0.0300120516642394 0.11283616105691 0.731347566351829
-0.017292814740208 -0.00229044919288847 0.488647487757822 0.22266295029316
-0.0246252518282968 0.0114306949091778 0.320191467689193 -0.177938129523188
-0.0166379611815584 0.00307456098035936 0.0153490401997631 -0.294815780158258
-0.0143835318238947 0.0174653700365863 -0.0618466428527538 0.238230216076314
-0.0186208962291231 0.00855287301982302 -0.255280448222179 0.0719175935250965
-0.0184354471825996 -0.0126208299400678 -0.358167489479782 -0.260162771317707
0.00285115709901387 -0.0367054901213138 0.0482030530067863 -0.624686290909647
0.0139112410417895 -0.0114147496159312 0.690947833627224 -0.308339344404303
-0.00363699915032359 0.017904161764078 0.58920002180503 0.412028969045991
-0.0217828132026772 0.0445485358713002 0.0456919418845619 0.497405605268567
-0.0201062012400734 0.0280659069482237 0.050309883393833 0.034336375135795
-0.0210304620159648 0.0314911058720381 0.00434943305889882 -0.492859698609869
0.00806860264030996 0.0192726133342567 -0.720177246163543 -0.424304727331705
0.025413897824837 -0.0143338115688786 -0.772634048247536 0.482369220755403
-0.00205300971946617 -0.030183322324462 0.14335697142012 0.723340771645653
-0.0231570499649548 -0.00609148009067336 0.500964398196921 0.206155591660569
-0.0254187618955248 0.0121531446109928 0.31973179337288 -0.186444128420769
-0.0168594285956707 0.0072489960674711 0.0150229010357081 -0.297347114190687
-0.0119149926121958 0.0199871747120627 -0.0600434558053583 0.235155264604278
-0.0149299115629877 0.00749824457238448 -0.251087521986799 0.0692616270593899
-0.0199012298619025 -0.0166392468496121 -0.349625085729069 -0.262069575448473
0.000711436936258684 -0.0352769742706353 0.0598193482133472 -0.621300255489153
0.0209738904708589 -0.00800606202670856 0.698997213360373 -0.299353531449926
0.00891282342292575 0.021891704322 0.585075698296303 0.425134910215625
-0.0168877262196225 0.0510303374668363 0.0391367246842142 0.507254347525398
-0.0177245323978579 0.033566805305217 0.0455721379621531 0.0439487703417714
-0.0132874544222676 0.0368583223567084 0.00044382113578512 -0.479822155861418
0.0204531871840578 0.0203132365704613 -0.721934711032763 -0.409821578379784
0.0315162784120879 -0.0122213628162098 -0.765653855392047 0.494001147680979
-0.00542246173521319 -0.0265886262310242 0.153096348404267 0.722211259611882
-0.0262408303583966 -0.00894553352409627 0.512324108316586 0.200458380204338
-0.0217489815752248 0.0118698425983581 0.325869340648474 -0.188070740063991
-0.0141614058207813 0.00909085340743298 0.0183561246016955 -0.299265722624197
-0.00677127534037977 0.0213645929767244 -0.0553657457910535 0.231372338691843
-0.00730063205893538 0.00669561619309149 -0.246562247526816 0.067421987720122
-0.0190736383418051 -0.0183541006526457 -0.343201533249677 -0.262632268542529
-0.00324407480563137 -0.0289253072220786 0.0610890724685975 -0.617527507902716
0.0227864056861882 -0.00410080465292531 0.702197541326435 -0.294301057908452
0.0171887245234452 0.0233442654903272 0.591426376865686 0.429759586852643
-0.00985055295777934 0.0517362285597858 0.0399342959302753 0.515592321626457
-0.0138564875760895 0.0335209528759353 0.0412028090741896 0.0533309882172619
-0.00584455505449277 0.0368470679695554 0.00216952222973745 -0.468269371656182
0.0306238541591868 0.0200480544395996 -0.714291379237524 -0.406171159506346
0.0356203657553349 -0.00813817243186984 -0.762803882038092 0.496886110346454
-0.00733052051949914 -0.0197517536143009 0.154987707239585 0.724323542750339
-0.0262223185628598 -0.00992999939219279 0.517381097478973 0.201056946098437
-0.0147933984775092 0.0095857467716228 0.333120116084081 -0.188936810257942
-0.0085394486605175 0.00937362775021318 0.0215616718577444 -0.300068695345742
0.0107322978216803 0.00381097485956695 -0.055175319524978 0.243268704655174
0.01764399159464 0.00812460341746845 -0.252700904180257 0.108677326669192
0.013740714238939 0.0186645890309355 -0.4232272028796 -0.193011718105594
0.00314742836439855 0.00624918119007466 -0.106636855478757 -0.583541956779577
-0.0337334718996195 0.000975208943809541 0.61178800378294 -0.428686658546216
-0.0473566785239943 -0.0123799646410505 0.682307922035425 0.269095514610487
-0.019417367667281 -0.00676791135385559 0.136059957186001 0.468878917402696
-0.000983497068802429 -0.0195624539068568 0.0724728055196761 0.0401171234809888
-0.0255163108795981 -0.0261965162846527 0.0974006894161086 -0.494513684393433
-0.0420304168224987 -0.0166830947965559 -0.605809866505229 -0.573983186014941
-0.022953811804296 0.00855102586957035 -0.867012140320842 0.332803771522995
0.00868127466002357 0.0114251205824971 -0.0333295327733905 0.77753322134573
0.0164017074354452 0.0178070614301414 0.437778901576017 0.297173176206749
0.0111436162293303 0.00263170269375466 0.334268047155879 -0.14284728068949
0.00863248013828561 -0.0120133880381118 0.026066760483957 -0.29535903179803
0.00321262518594169 0.00611383660855392 -0.0579992283542284 0.245594367787772
0.00585319686696801 0.00991330159571478 -0.255894576240588 0.103180914392648
0.00571742690780893 0.0149291473159713 -0.415798467520355 -0.203306598216159
0.00292808789558684 -0.00464424499876491 -0.0824148826887374 -0.596411399927951
-0.02883024706294 -0.00442584884339537 0.625947555503027 -0.408497439206566
-0.044443817665275 -0.00802020544769443 0.664783550948555 0.292642208657929
-0.0240308969251944 0.00232744620201268 0.1203941677655 0.470592076603302
-0.00880072446049808 -0.0121427824628659 0.0716476166988361 0.0329438805494845
-0.0302829600951841 -0.0166634746252245 0.0821472543461285 -0.503855087155765
-0.039364419590186 -0.00913905225486426 -0.632005572275987 -0.553029420074291
-0.0145172270099741 0.00148451313082229 -0.855563545933393 0.357757236527719
0.0109637860287213 -0.00200558820440126 -0.00440943983096735 0.76847124622787
0.00943297278527722 0.0130974829861442 0.446332546454232 0.282412718797885
-0.000995017079675453 0.00538981488799451 0.327922623203543 -0.150349925778011
3.73594522094572E-05 -0.0092113307520237 0.0211292239493999 -0.294882422845774
-0.00334378990108418 0.00865592004878597 -0.0605579693406933 0.245026749233571
-0.00383350744139644 0.0105671606064877 -0.258352316522774 0.0965363977280169
-0.00153776855897364 0.00872090062358542 -0.406359938946461 -0.218186613772564
0.00282782296382918 -0.0169711039007505 -0.0511835879314703 -0.607244088877422
-0.0209388825383259 -0.00924466467492916 0.640832978376481 -0.38936027376463
-0.0385910835531409 -0.00206061581048314 0.643342827055052 0.321606078637298
-0.0265592757100866 0.0124530957690282 0.10216031858494 0.472163552349222
-0.0128893915186912 -0.00184273505714048 0.0687302220458494 0.0274820893818564
-0.0331278875391593 -0.00378724704273273 0.0630816753975654 -0.505416617277547
-0.0318722081315576 -0.000728587867297625 -0.66023395379217 -0.523975530006651
-0.00335713228233309 -0.00457232484660253 -0.836553506772197 0.390174768704985
0.0106669978170571 -0.0144950346000393 0.0358589017444457 0.758469406230106
0.00110530983211735 0.00805744735404409 0.459663444763068 0.261994107062043
-0.011349032809224 0.00682370337039433 0.322413710943537 -0.159475637669706
-0.00772397134323592 -0.0055084638389466 0.0169223316513942 -0.295230997040016
-0.00955165008058481 0.0122660660439935 -0.0621344677966537 0.244245761749693
-0.012545408628635 0.0106528106776075 -0.259776988561587 0.0879852822814441
-0.00934205403521767 0.00145600116665842 -0.392022612362171 -0.234422753499385
0.00256425704886017 -0.0272882784317947 -0.0166229465482962 -0.615645191390826
-0.00954936817326311 -0.012581402190445 0.65951615694805 -0.363787892869917
-0.0283378937079755 0.00462841814674344 0.623536638662424 0.353975928166948
-0.0260681542934545 0.0248145867461144 0.0803025977718743 0.477877021296685
-0.0168102610621904 0.0100453747512431 0.0636892305138534 0.0262389859511295
-0.0323144015727492 0.00953329422356691 0.043166783229568 -0.505080768800677
-0.0200401928149409 0.00781748005451861 -0.687945068913644 -0.49064084999235
0.00772406306437132 -0.0100046230588205 -0.815172158999297 0.424669902832157
0.0068913851258966 -0.0241215577064731 0.0773538876524959 0.745816607365129
-0.00708557172509689 0.00273019234100794 0.473483281367878 0.240443666342997
-0.0198571102141511 0.00936504252450266 0.318912515401605 -0.170813507184605
-0.0131457803977243 -0.00109055428927682 0.0142447409534105 -0.295750465524768
-0.0125228499473336 0.0146749440489897 -0.0613679756548472 0.24239112233992
-0.0177054703869578 0.0101803196936326 -0.258943288705784 0.0798681238704731
-0.0153351508075736 -0.0057571780028313 -0.375757718869437 -0.248054555465886
0.00338656089835236 -0.034191458467794 0.0162539322845594 -0.623129270859101
0.00179725367421827 -0.0131566361573913 0.677309945954263 -0.335921111725649
-0.0152058640531866 0.012274382003261 0.603533426901257 0.383905181643355
-0.0248366559815753 0.0364204173609468 0.0610833495305476 0.488145150737947
-0.0200479154063107 0.0200236046444441 0.0573094531010423 0.0286209515893925
-0.0271914863532559 0.0220456768601354 0.0215342610153486 -0.501632934973633
-0.00642391709690946 0.0146750603867549 -0.710814601663855 -0.453328091530368
0.0177179223582374 -0.0129676198302701 -0.793828429639665 0.459663730153221
0.00217357744162156 -0.0300484256080919 0.116269056351162 0.732893765610472
-0.0168273380398182 -0.00227666825352283 0.490980747709246 0.219701420215275
-0.0243842270376384 0.0110424506683493 0.31903020652956 -0.179445994494566
-0.0167030725678099 0.0032159208242454 0.0134921994413123 -0.297032284446789
-0.0145486889463511 0.0176660670760395 -0.0600441648224567 0.239119058682656
-0.0189481601426329 0.00916225407785062 -0.255389482567161 0.071964651178161
-0.0193778010824145 -0.0124818417482864 -0.360598020848077 -0.25958640585828
0.00322108800754282 -0.0373232553632571 0.0456198379406795 -0.625765660923095
0.0134395383524643 -0.0113286210263255 0.692309879696933 -0.312167251791433
-0.00288500688442707 0.0183263477207845 0.591255083176733 0.410704448615668
-0.0215824049588383 0.045053100238482 0.0459765001637609 0.497035207846367
-0.0196403749335759 0.0271358163841629 0.0517471363832258 0.0335418555660636
-0.0214661085498264 0.0317177627520014 0.00521998251559676 -0.492190363583721
0.00855609999435092 0.0194110059137157 -0.722819113610444 -0.423945430535576
0.0257294222745186 -0.0141799471844871 -0.773055871477259 0.485316138557098
-0.00255305718931371 -0.0309907027890566 0.144448450619562 0.723455454317418
-0.0233441476441006 -0.00577469907907181 0.504367287293169 0.203578049086991
-0.0260834253691049 0.0133456801092713 0.320104204480191 -0.188578441188811
-0.0174656060582959 0.00685004952344994 0.0135903320628583 -0.297860576342229
-0.0118916528854844 0.0200719823726579 -0.0568277042063749 0.236018931294493
-0.015091741843884 0.00696061700679778 -0.251593805703492 0.0689943445009425
-0.0199016826277342 -0.0175932690379386 -0.34990555034186 -0.261632625556932
0.000134497246259442 -0.0351458684509972 0.0584327945410677 -0.623200196309585
0.0209934173783399 -0.00760095450031573 0.698032188370955 -0.301052377442084
0.00859555781197575 0.0225180955420595 0.58708656942562 0.425044829806188
-0.016417207881136 0.0512433617829233 0.039975850670318 0.508927677391887
-0.0178852103009548 0.0332216589916419 0.0459441981569478 0.0435626059030665
-0.0134285056583545 0.0371096475928416 0.00113041952868934 -0.480649819671563
0.0209125794684438 0.0209172082203301 -0.723704179506192 -0.407539272182252
0.0318793422916092 -0.0130897152345015 -0.765704836057621 0.498913106061873
-0.00584536056307272 -0.0275159926292962 0.158394442559732 0.722494556001098
-0.0269064064473403 -0.00800387586538614 0.514060885597496 0.200066230293569
-0.0217713349825703 0.0125072227996297 0.325941456413076 -0.191394581450119
-0.0142657525357087 0.00948010492984454 0.0154492693240458 -0.300704537368266
-0.00712431390289774 0.0205175213484874 -0.053790347845818 0.233120223141792
-0.00868801432416087 0.00681373739035099 -0.24645846089992 0.0674976302156575
-0.0180404981307539 -0.0182015646158795 -0.344967710606678 -0.261487754980172
-0.00321212379124268 -0.0281506780282155 0.0599944143419069 -0.619779731414818
0.022425740427686 -0.00302747085246085 0.703060196016211 -0.297693811637217
0.0164868242034495 0.0234361174742449 0.593361989781653 0.428972240143826
-0.00990687965051972 0.0527249985117432 0.0408201566002014 0.517529486209204
-0.0140186543023374 0.0330818901558515 0.0415713644483253 0.0540775068786184
-0.00584881808854128 0.0368596595590871 0.00180431885156131 -0.468794128025094
0.029936718107734 0.0198887196709078 -0.716524522718382 -0.404492866733392
0.0356837368037725 -0.00867817794687415 -0.76260818556109 0.503122517490196
-0.00783391286534573 -0.0192680524980619 0.15899684016566 0.726143351711967
-0.0257923973368692 -0.0100364936576784 0.518690232786301 0.199427989712621
-0.0143020688959746 0.0093114733156728 0.332492973491536 -0.191281055096953
-0.00919066584045609 0.0102088380752714 0.0190120602864446 -0.301790080274187
0.011051409004649 0.00357965957131639 -0.0538035922890553 0.244810860504669
0.0173032814533198 0.00774065452107875 -0.252454650067304 0.108663881500329
0.0133009924002675 0.018306539122212 -0.425145276973922 -0.189638140413274
0.00311985527276484 0.00641579351055472 -0.108355336983407 -0.584695486459789
-0.0340808154581526 0.001723997986644 0.612660054407281 -0.43058743006905
-0.0469819701088436 -0.0116557997558126 0.682833761817284 0.266536795984939
-0.0195103740673914 -0.00642471247939074 0.136466396054784 0.468649926978017
-0.00186762772634842 -0.0196410927599318 0.0725147645081891 0.0403143206701273
-0.025593314580038 -0.0260384744890015 0.0962773841340548 -0.496232618905121
-0.0419931375271669 -0.0160827181248942 -0.609033849739401 -0.575222378318042
-0.0227345457078441 0.00828799065485787 -0.86671597635273 0.33725307905387
0.00964928417374266 0.0116681716387047 -0.029880028157828 0.779791085761963
0.0165613186471724 0.017766919834945 0.441231462735168 0.29662820351972
0.0107768411154636 0.00227528584997675 0.3337394171882 -0.145163669189936
0.00752209285457831 -0.0122955715091092 0.0239317055328218 -0.29638217248754
0.0032069262479636 0.00536982490007312 -0.055282602626943 0.248338853416972
0.00613096935724284 0.0102025676202274 -0.256007270152491 0.103311017263894
0.00583433101350583 0.0153342521872387 -0.41914775232024 -0.202237008532428
0.0031544130303528 -0.00528127596785621 -0.0832886142452394 -0.595202094572621
-0.0293460176080223 -0.00477091604277213 0.626181533124582 -0.412248457353676
-0.0449602928537085 -0.00734361265155924 0.666916445922442 0.290699671717071
-0.0234884077989797 0.00244223590622667 0.120276730611371 0.469935521081335
-0.00686751228294981 -0.0118269209511679 0.0715878960884223 0.0319873551470505
-0.0306428290639147 -0.0166964053715883 0.0820657031553501 -0.504793517506012
-0.0395384463487549 -0.00893468412157012 -0.636886883380943 -0.55391112379284
-0.015327735835807 0.00196716179814943 -0.858331908125141 0.360950193350485
0.0108379620691013 -0.00080641807901851 -0.00181470145646938 0.769516947097273
0.0101514698362767 0.0137233747477444 0.450341320116345 0.279606242598664
-0.00034554745590154 0.0043534152464771 0.327572327161031 -0.153536321221977
0.000826942797151667 -0.00918251148887779 0.0185923932315449 -0.295169784742347
-0.00290359297234866 0.00851407143223946 -0.0592928389377772 0.246169733043948
-0.0040115040498276 0.0109755330264601 -0.259538680045406 0.097197497015432
-0.00175472983972223 0.00909341402787167 -0.40814082815233 -0.215708559173397
0.00251450520316057 -0.016514716217564 -0.0529316618953325 -0.608836470261992
-0.021082508023215 -0.00910664583576785 0.641181059174225 -0.392908239075601
-0.0383782382946184 -0.00151025541939528 0.646285609284461 0.319155016107539
-0.0258435861992055 0.0127062398183542 0.101373976553872 0.474173411291354
-0.0127801080926875 -0.00206701796071315 0.0697840752193766 0.0274403135701082
-0.033128431708814 -0.00385180772175074 0.0611986414589149 -0.51006936317977
-0.0326147943093607 -0.000726441184072814 -0.665006308114853 -0.52620994455588
-0.00418523166512461 -0.00383723833085537 -0.83797808216748 0.393836724556346
0.0103581940850846 -0.0140764479323907 0.0403155817296706 0.759047416155256
0.00130204543395878 0.00827922664639298 0.462833015761785 0.260430922525403
-0.010844630541549 0.00702921854486347 0.322919400959576 -0.162881352682059
-0.00788508925019798 -0.00500278610071893 0.0145925814504707 -0.296769766684376
-0.00970080474994944 0.0119237164332371 -0.0595589719764604 0.246049047652954
-0.0129477302774777 0.0112509171259531 -0.260739230776184 0.0885543761749451
-0.00980648754332388 0.00187744341936197 -0.395378638192439 -0.233457150307861
0.00318178402487337 -0.0277293469753054 -0.0189123065585318 -0.617785144671211
-0.0103399942703511 -0.012538095821005 0.659515016362444 -0.365428816187429
-0.028055486113852 0.00491381851820271 0.627168090847864 0.352691212566163
-0.0263261912900661 0.0266794003625671 0.0809913068262575 0.480532085013692
-0.0164180776911924 0.00954823859921874 0.0639092052438744 0.0259521321832151
-0.0323436371643692 0.0097574010466812 0.0412052542267694 -0.506930033537145
-0.0212710582933061 0.00811754692609942 -0.691941520843853 -0.489293180467352
0.00706493058396884 -0.0098882869556112 -0.815964796817604 0.429021775436756
0.00728362895754002 -0.023537705641531 0.0804997502330815 0.748353268898736
-0.00828980083742046 0.00235827868527785 0.476721262695154 0.239451133655057
-0.0197600969732476 0.0103308204507844 0.318928225198866 -0.172996090457187
-0.0143488548824107 0.000461153582937798 0.0117809820486695 -0.296252910844444
-0.0125440577554381 0.0136284577701477 -0.0602548307747345 0.24409717931955
-0.0175540686137436 0.0101125824337959 -0.260710066885693 0.0798563404626121
-0.0148654044452112 -0.0061866062167601 -0.37749297069457 -0.248212574313209
0.00320734202226079 -0.0349108960233148 0.0145855396471786 -0.623802543176105
0.0020596069687208 -0.0132446188691244 0.675820088357524 -0.337955019337996
-0.0154585860110721 0.0131966194368189 0.606964108841472 0.381734167309568
-0.0249603445286833 0.0363399047995745 0.0642230706061408 0.488970138100685
-0.0196270788610683 0.0208927967601623 0.0580091916357025 0.0289693367645868
-0.0276368216827798 0.0220173990965822 0.0205497904324089 -0.503008252132473
-0.00618961924752902 0.0152435857630415 -0.713611354956615 -0.455443128260767
0.0167016758001995 -0.013546795912642 -0.793905662313413 0.46338792058331
0.00181702087888409 -0.0294373281346333 0.120057665053222 0.734573234539712
-0.0169091326160652 -0.0024062075641344 0.492537395258458 0.221065635830867
-0.0236780610366173 0.0120739906377317 0.319444559864688 -0.181763268440529
-0.0176655042825461 0.00370809399877295 0.0110084958460977 -0.298360416724825
-0.0135497055746965 0.0177075810159134 -0.0585737843837899 0.240590556074901
-0.0189228384682736 0.00826038452587205 -0.256611718628154 0.0734645908457055
-0.0190411781228497 -0.0128003231829947 -0.362550398239658 -0.258200513262878
0.00314198251287989 -0.0380024042356605 0.0436920822572928 -0.62899623081294
0.0129366152690071 -0.0107522155559959 0.692962370056728 -0.315255824965393
-0.00303296389767889 0.0187059112581892 0.592922042776248 0.410352007783621
-0.0217522568577454 0.0452980705385334 0.048133529119635 0.499123781466594
-0.0194147074522576 0.0277052783300266 0.0524444206253705 0.0336756643888567
-0.0209381053958639 0.0322691814345259 0.00515725145754918 -0.493722509037937
0.00825071209405477 0.0198489505164005 -0.726813276737838 -0.422611382821304
0.0250146771595018 -0.0151044304191237 -0.774168844246601 0.490600053772424
-0.0023262413498629 -0.0302620613286861 0.149418502496255 0.724971025404119
-0.0238162487417713 -0.00538829014513299 0.506734021093448 0.202092318956826
-0.0258570770566849 0.0129232279690703 0.320033654946813 -0.190690263669843
-0.0178680717837469 0.00732765669582329 0.0108887973657588 -0.299949927030712
-0.0118121502600661 0.0196244674477969 -0.0543970266578118 0.23798595516032
-0.0150596484223015 0.00652219787819202 -0.252466911058583 0.068378056566661
-0.0203005896290901 -0.0180446901436834 -0.352778109159305 -0.259692857160304
0.000773655629860049 -0.0348904254022718 0.0575607434393085 -0.625056161805175
0.0206097528083739 -0.00751601905544505 0.699956350837475 -0.302623924796176
0.00795533872279495 0.0230120730754256 0.588256816883432 0.423931391183491
-0.0157301893361864 0.0527832489994683 0.0400529092911632 0.512321765189757
-0.0177311989984012 0.0331751225802283 0.0454218060893658 0.043647376115088
-0.0133428969601095 0.0373800262391688 -0.000627607292094739 -0.483547448042482
0.0210821158796459 0.021083176161489 -0.727813127499737 -0.406280191296941
0.0318251799066189 -0.0128080237521693 -0.76400169777571 0.502865956452489
-0.00558903680397589 -0.0267644389661087 0.159344263691706 0.725091846387272
-0.0269866687786765 -0.00762913069503723 0.516330871723077 0.196467183633523
-0.0227418482255367 0.0127625235835389 0.324609421253406 -0.194356770384367
-0.0147660858531568 0.00949410659376939 0.0135226529464624 -0.300749467795595
-0.00631695286720472 0.0206120045900511 -0.0511900069126471 0.233755272404066
-0.00869933653400856 0.00585905364024808 -0.247581953562135 0.0686621569052311
-0.0183796512588715 -0.0182479231084166 -0.345746890842717 -0.260294518435706
-0.0032797766187809 -0.0284102542620716 0.0578983201900055 -0.621046484818903
0.0224000439493551 -0.00328732046828769 0.702761040584181 -0.30190977709086
0.0167193035882428 0.0246048671505559 0.594916606145277 0.426926264579339
-0.00853004055792268 0.0533277208507845 0.041351881656643 0.518981942727118
-0.0146341837853335 0.0332723452211361 0.041207400152007 0.0542873437654456
-0.0058944435505605 0.037177314811337 0.00150335222100154 -0.469574424815871
0.0301373610223778 0.0198160975962129 -0.719469008760757 -0.403184687238982
0.0358110663902715 -0.00861296804275838 -0.762606918113586 0.506282667135051
-0.00774625539663848 -0.0189276943626357 0.159833852880425 0.728004101381845
-0.0257805896324381 -0.00966247138135184 0.521290088735342 0.197725280446215
-0.0149052352316486 0.00998833358215488 0.332463762729795 -0.194716580227059
-0.00939976392873374 0.00972154109398858 0.0168382576113547 -0.303641022191872
0.0112233735041769 0.00212934425314131 -0.0508731919521439 0.24777676068631
0.0177812021009143 0.00793734401918184 -0.25363636057956 0.109567115486608
0.014627219919151 0.018009145746249 -0.427722200454394 -0.187764874622093
0.00303410006284817 0.00592581575608563 -0.110180756346963 -0.585466599812597
-0.0344685594998461 0.00190814141652882 0.61309049929739 -0.434441425719682
-0.0474173811995401 -0.0107901528441749 0.686935063598855 0.264762716643979
-0.019233964297662 -0.00630378764587087 0.136148792471867 0.471191427006867
-0.00172305746271436 -0.0193787251265846 0.0732483737155462 0.0405321360163758
-0.0257825757448798 -0.025349465727296 0.0957578749286209 -0.498359814060292
-0.0424201801833685 -0.0159845997882335 -0.615136848551268 -0.572925463333547
-0.0235936982287431 0.00846067639100018 -0.86872328441073 0.339620941580656
0.00941626372310922 0.0119268104722007 -0.0276659564408486 0.782666791279518
0.0167628008739659 0.0179614983279742 0.444578972691286 0.295412099582711
0.0106794123016625 0.00228289162712718 0.333645662050379 -0.147327460339994
0.00837956866500279 -0.0118663757879325 0.0212153839223062 -0.298235902230622
0.00421959118316789 0.00457869397816771 -0.0533503065943595 0.24887457766154
0.00633276435287595 0.00928011368506113 -0.257653110286851 0.104353843086039
0.00701190565681849 0.0146586230646692 -0.421610566469888 -0.200017647035142
0.0034315876389214 -0.00551426811890466 -0.0871180898736246 -0.595800647746302
-0.0299729274122032 -0.00346867713052597 0.627068553514476 -0.415706861397861
-0.0454552783525091 -0.00681389980288909 0.669343891866323 0.291204764437917
-0.0238614405197358 0.00186515540054027 0.120935190933451 0.47307811977226
-0.00716743351260919 -0.011959501349424 0.0725369295991953 0.0325220852549241
-0.0307191954072836 -0.016088397078269 0.0815346357847112 -0.5083528994352
-0.0400920252370965 -0.00867969985436332 -0.639500660337244 -0.553755905939016
-0.0151982279627747 0.00164309598905156 -0.858117612682768 0.366965904048128
0.0103448832455492 -0.00134849926439409 0.00381464567750144 0.77494071499405
0.0101321917358536 0.0132321868116933 0.452517780122386 0.27774646060758
-0.00036688798197332 0.00420849975769579 0.32718904426585 -0.156464146384019
-0.000287973488778147 -0.00879582713484571 0.0158850580491124 -0.297447128692084
-0.00288711913600979 0.00873634594897652 -0.0570125826293857 0.248159371209643
-0.00464529981743727 0.0113076598240119 -0.260214765162052 0.0981316977613607
-0.00133000792897622 0.00912189444701693 -0.411013902543024 -0.215883758939424
0.00215118470331427 -0.0177031708666028 -0.0558250393086967 -0.610645783453696
-0.0212648867147742 -0.00826679265273637 0.643001335459898 -0.394766932058107
-0.0388183961378036 -0.000964522663465134 0.647941912247474 0.317902829741025
-0.0253959271889147 0.0130399314107965 0.10245541600022 0.474653589172713
-0.0130369040262671 -0.00161855265125348 0.0691692830052383 0.0273719549382153
-0.0331803424312831 -0.00299400905247278 0.0612530667554501 -0.511364585535769
-0.0323088161404767 0.000157163810658625 -0.668704427758861 -0.524647189247944
-0.00348058994030575 -0.00481486653467461 -0.839662047938278 0.399171866747325
0.00969257603109332 -0.0146341887177222 0.0430104855476981 0.76229956806277
0.00171044409085479 0.00773333145183797 0.465525893445778 0.25915260923968
-0.0110545272059903 0.00745774389505617 0.321980196671538 -0.16537520660012
-0.00856749026761587 -0.00450226470603875 0.0125036538350017 -0.298576239639789
-0.00864042938251855 0.0105129539483655 -0.0578742634336267 0.247697069053017
-0.0122574438065104 0.0114019529537234 -0.26192328722878 0.0901868389518725
-0.00924593958475576 0.00150484485821028 -0.397458447442648 -0.231449752007529
0.00288162620565863 -0.0283875236270882 -0.0210065459075176 -0.619702213788196
-0.0107714993446688 -0.0118206982845847 0.661085730578318 -0.368627272154848
-0.0285279513080453 0.00515758162803358 0.628266812018245 0.352505885536611
-0.0264553597519875 0.0260194178237153 0.0817981467610019 0.482941379479423
-0.0171850641073338 0.0098536944011092 0.0650299002820222 0.0264610744976178
-0.0324651515406428 0.010363635762276 0.0408275368976686 -0.510172135978359
-0.0206143258351526 0.00907508802705062 -0.695613347077072 -0.490876870303797
0.00627973893713429 -0.0101390043516323 -0.817942105222316 0.435697436366083
0.0077484230735134 -0.0237929309928203 0.0838242219590818 0.75129786527798
-0.00806285472177269 0.00250668814454482 0.478510428104873 0.237807185432306
-0.0186493149349967 0.00968559036536885 0.318992697802178 -0.175262121440882
-0.0149706475662793 -0.000306569752704352 0.00909610926236444 -0.298028850999655
-0.013533901752369 0.0136737857088598 -0.0570834157846332 0.245109132415182
-0.0176417015447897 0.00970436291564887 -0.259825482664905 0.0800723824411834
-0.0151574587023218 -0.00613357826484075 -0.382083088513045 -0.244790664362698
0.00274557807459614 -0.0353988549925062 0.0131485108245234 -0.626966058223193
0.00199629732246988 -0.0131610389735734 0.677906212247838 -0.341352243755031
-0.0155112596694664 0.0134996811763328 0.609462889477496 0.38207161658965
-0.0243098564732842 0.0370715616517347 0.0636612951503707 0.492162221406807
-0.0193327008830252 0.0204792740652938 0.0589521760765373 0.0285534387936087
-0.0272654545498914 0.0236521704841092 0.0187482156265344 -0.505694503053369
-0.00651213497069202 0.0149695544734108 -0.717998929978631 -0.454188880678864
0.0172445337425977 -0.0137138400596859 -0.79431971392485 0.466897446234898
0.00202991393148613 -0.0301151920500086 0.124099163729139 0.737337982215106
-0.0167518696003419 -0.00233940811197268 0.496393456126674 0.218392446860744
-0.024075386810726 0.012229854961726 0.318970097844758 -0.184952767909532
-0.0183382604481288 0.00366448980163214 0.00815932060269843 -0.299198728167741
-0.0139048029282774 0.0166529382748602 -0.055140923279287 0.242282914076468
-0.0190805087439348 0.00836381650211498 -0.25750533526995 0.0743460265593713
-0.0190013446803421 -0.0131535054730006 -0.364928275809554 -0.256993680017858
0.00272517572930955 -0.0374652918543952 0.0420117435320762 -0.629414421131869
0.0131399844699029 -0.0111096209368122 0.693218400467731 -0.318540514374054
-0.00357909398035346 0.0193658896994122 0.59516505151734 0.41177794832458
-0.0209229949692529 0.0461753695943724 0.0488225570921812 0.501071186732005
-0.0190722719865644 0.0280552224907188 0.0525178201785788 0.0336249048877759
-0.0207570185556845 0.0319334225386245 0.00391840914788448 -0.495490486508196
0.00841559900404952 0.0193769742408622 -0.731650548379594 -0.42105129742809
0.0261732939638641 -0.0160190943612943 -0.773720105944166 0.494458622440007
-0.00363424718456597 -0.0304802119326856 0.1523203873599 0.727212869404151
-0.0239498025944649 -0.00526547462280163 0.507805812423716 0.199590978377459
-0.0254540614864598 0.0130604134165686 0.31918184184856 -0.192231532075718
-0.0181696077547812 0.00786189618683248 0.00802239156403137 -0.301081520989905
-0.011508611470901 0.0188407534744624 -0.0524273185657625 0.239436239777501
-0.0157699362480063 0.0071502342689609 -0.253155926003609 0.0705419441395396
-0.0200371255325619 -0.0183922119548958 -0.355557874619477 -0.259134808689517
0.000894699292798548 -0.0355856239478778 0.0560067129813152 -0.628806867340895
0.02026919518785 -0.00779395280650367 0.701093753602429 -0.306803339691126
0.00844902746697775 0.0234717482992543 0.592339470839579 0.423995845085964
-0.0149702656993845 0.0526215836174061 0.041185961261313 0.512904585501305
-0.0174899355604875 0.0334108970115176 0.045649343033401 0.0436267742367373
-0.0125623961796606 0.0378614760496848 0.000182521439308288 -0.485175441327425
0.021749905225543 0.0208467304371931 -0.730044919699841 -0.406299007175471
0.0319917299640193 -0.0131206728146269 -0.764571293940744 0.507443493708638
-0.00657014531520432 -0.0261387081097349 0.165527650622741 0.723697040589262
-0.0271594059955945 -0.00848364902244683 0.51840898857582 0.193885315338137
-0.0224925463844035 0.0125012686462576 0.324978130627061 -0.196167214023163
-0.0157015637957865 0.00973430462839661 0.0107987824602868 -0.303343231832064
-0.00672181251751888 0.0202043008316139 -0.0485244065161482 0.235685882419611
-0.0081878158734093 0.00620936425713315 -0.248462514576185 0.0700358179378295
-0.0189445300307619 -0.0181940276746801 -0.348731433024316 -0.258306902780772
-0.00417033949365289 -0.0285938124063836 0.0561130660348929 -0.622961790345071
0.0230470921197425 -0.00269557500311558 0.705105204869548 -0.302238147444679
0.0168254022283881 0.0244625996214083 0.598304044141447 0.428069861407276
-0.00914668080855446 0.0529245810180444 0.0415235379877735 0.520925266614253
-0.0137348323445444 0.0334845870664552 0.0424286508554219 0.0534176071067277
-0.00520378460452015 0.0368987495817588 0.00027353975071069 -0.473319012718159
0.0305126041270509 0.0197748105555751 -0.722622634433108 -0.401349456320095
0.0358451973873709 -0.00940851698175924 -0.763464787111679 0.510952881865735
-0.00743789343267301 -0.0191897896427052 0.165742547627173 0.729647552501952
-0.0262477736780743 -0.0103543737004143 0.523985601264479 0.19462687938551
-0.015433358142522 0.0103994444840178 0.332285963529056 -0.196501269715999
-0.00961357045662513 0.00935400062546101 0.0144490447268298 -0.304556219026316
0.0115550228485118 0.00183588649898165 -0.049257985867022 0.248741869177034
0.0176180770541342 0.00663981033930272 -0.253599618055427 0.112704463688918
0.0146334893191544 0.0179869116438037 -0.430949599027759 -0.18547333976577
0.00338886566307315 0.00560772010050988 -0.113842719661297 -0.58743582455865
-0.0344683205891233 0.00214208443955561 0.613697058514111 -0.438937864588005
-0.0482457190697356 -0.0110180321959039 0.689609028711381 0.263527059947284
-0.0190414848865978 -0.00598389211280682 0.139852111683679 0.473892894821755
-0.00202416153972894 -0.0195701255899439 0.0745834149842079 0.0399126594872492
-0.0252248080064667 -0.0253801960625851 0.0945019789127282 -0.500748645306165
-0.0425311842105009 -0.0159552663053295 -0.618831092293302 -0.572850616460576
-0.0229385474262144 0.00830147870027079 -0.869516313946399 0.346606033209017
0.0088203203431929 0.0122537045340083 -0.022425777853918 0.787133893848863
0.016946914092583 0.0178533499630864 0.447496534840678 0.295010171197103
0.0114410510821908 0.00201577742474114 0.333786605112926 -0.151078879013876
0.00737115190169933 -0.0117924333029268 0.0172506729840524 -0.3001200355345
0.00478588251061813 0.00449165126687801 -0.0515391956257505 0.250586827666383
0.00667891393829102 0.00912859544325568 -0.258388657714465 0.106681940619768
0.0066762261912973 0.0133791087154217 -0.424242221228797 -0.197813291864602
0.00342561086242279 -0.00546585604506496 -0.0895190442774378 -0.59828018119471
-0.0302481128382728 -0.00331658044376374 0.627599709347058 -0.420147219557526
-0.04612009419842 -0.0064649150431865 0.672406034768667 0.287893502398323
-0.023272449172023 0.00283618141090256 0.123083411817348 0.47476616617643
-0.00757413599834699 -0.0113213200238749 0.0732208225755351 0.0322469184114083
-0.0301889552437722 -0.0149627636952731 0.0790296812962552 -0.510349377455073
-0.0400868824857734 -0.00857207393155098 -0.644671749904922 -0.552828815309883
-0.0147851625705417 0.00140997158262431 -0.861503775353416 0.373078010069392
0.0105377925534342 -0.00105273015193686 0.00832664291414348 0.776565366757128
0.0102481201942294 0.0131421545182803 0.45589928574122 0.277311228001517
-0.000718305669148395 0.00489943523604833 0.326726418068026 -0.159258441860723
-0.000130428462941686 -0.00885427926301569 0.0124122437189624 -0.29960308042065
-0.00250598481007128 0.00756391212445448 -0.054255778008041 0.250512358312116
-0.00454966959802447 0.0103845091120976 -0.260879218556656 0.0998036878674373
-0.00151935265123628 0.00897876572398478 -0.414961817227502 -0.213848093417583
0.00325584737101326 -0.0169542447824979 -0.0581748010671072 -0.611405167947114
-0.0217838327524534 -0.00808110539676088 0.64525647076773 -0.397975514605188
-0.0391435484566706 -0.00011883536019841 0.653295644765726 0.31822965345376
-0.0255035872574926 0.0141370194736019 0.105254906724401 0.477773283323582
-0.0123015213748243 -0.00155246428613581 0.0706366750447418 0.026729030306113
-0.0327136195170986 -0.00304527559520696 0.0591823514673194 -0.513642957733322
-0.0326761013085611 0.000318758578773524 -0.673211015602828 -0.52307120872135
-0.00437500957326546 -0.00473123525758013 -0.840950715829755 0.406029141254275
0.0107804667329275 -0.0144028046485892 0.0487090267342985 0.764712883940039
0.00196778692152681 0.00784624994700341 0.468936289123656 0.25707152188378
-0.0116424205859109 0.00774193451520654 0.322354623416729 -0.168892108576402
-0.00888320126887214 -0.0046300442542921 0.00800801721300472 -0.299672033535342
-0.00855497499691441 0.010906142788745 -0.0552444635347978 0.248882323380545
-0.0132310041748782 0.0105836558883425 -0.262039477979963 0.0912424170515455
-0.00890408995473507 0.00146267104683729 -0.399183402369466 -0.229315894110338
0.00203451259577963 -0.0280012663752409 -0.0239160369984793 -0.621894821860815
-0.0109492202014533 -0.01098319313947 0.661750395485063 -0.372511908714243
-0.0290889247885598 0.00705979061644985 0.631962714484045 0.350660809367097
-0.0257294578458031 0.0262077413036974 0.084465132792443 0.484989852857422
-0.0175032560305182 0.0092164138797973 0.0657013149343561 0.0261292367895012
-0.0319375881243016 0.0107322365347606 0.0385520792227048 -0.513478386562759
-0.0204771333112066 0.00861219136726669 -0.700780029563098 -0.489484316509159
0.00697110433167059 -0.0102113635344412 -0.819023295988793 0.440987124301709
0.00721500462129047 -0.0238823574778615 0.0885301537768054 0.753433349316108
-0.00825158292111743 0.00299421449905589 0.483389805883254 0.237175177211121
-0.019648708843915 0.00998767064782832 0.318150546745911 -0.179468212941607
-0.0146906234434652 6.78203143914032E-05 0.00619184149566011 -0.300703817063817
-0.012506637857686 0.013537859165691 -0.055364515090796 0.247492317886098
-0.0184679771703999 0.00946963201009453 -0.261819771699004 0.0838594779338418
-0.014930773165355 -0.0062925761290076 -0.384081336850256 -0.242535333054322
0.00281415126814708 -0.0347545560619663 0.00902809062459761 -0.629425200940322
0.00152167071384719 -0.0123259283795079 0.681008847274101 -0.345018607673355
-0.0160054351709333 0.0134094525407602 0.612255035706177 0.380613709639331
-0.0241165873074572 0.0382388390449678 0.065773883223053 0.494495817138288
-0.0198493551990342 0.0201658915011725 0.059643613522848 0.0288288102842294
-0.0276098566099366 0.0242312609480061 0.0192541805373241 -0.509549892993684
-0.00562767817576768 0.0150466520834517 -0.721585649533557 -0.45129978119432
0.0170180709364679 -0.0149591512213285 -0.796878038810095 0.474346327841817
0.00251109632513858 -0.0302726709971164 0.126462274695155 0.738589880329169
-0.0170554891334273 -0.00222612769109146 0.499690617931389 0.214808368493455
-0.0244357668830645 0.0130599773611014 0.319115484822666 -0.187767986410215
-0.0188399492293489 0.00410912356131554 0.00521862400995484 -0.301735663506196
-0.0138454001681678 0.0159061918736717 -0.0534081119336666 0.24397190939149
-0.0189166327141028 0.00800687594951977 -0.258673383045516 0.0747265153308207
-0.0179412331623672 -0.0132200515926444 -0.3695386889296 -0.255403823562384
0.00247687458854244 -0.0373521068305602 0.0385999655893901 -0.633484287475484
0.0128185501454821 -0.0103490854387552 0.695468873804857 -0.32089972311857
-0.00331383973094544 0.01939504152361 0.598592110384739 0.409767081163158
-0.0199958682858083 0.047261305497116 0.0496259899544795 0.505291081640706
-0.0196852508020771 0.0279296795017232 0.0526577375400276 0.0339795851413977
-0.0205718225491936 0.0329357768922255 0.00181155710977826 -0.499338791423034
0.0090138177585691 0.0193901740284408 -0.735154495096231 -0.42103836806859
0.0257207643717078 -0.0156231652624145 -0.776334970940691 0.501071381761227
-0.00331034871155834 -0.030508572445641 0.15764345640211 0.728220513846182
-0.0238200728139755 -0.00508141110495517 0.511378841781626 0.19825022023752
-0.0258661513824107 0.0137306763087264 0.319544016775379 -0.1961532271028
-0.0193215300019726 0.00759810625233807 0.00567101365042135 -0.303487360581891
-0.0119669778767628 0.0184466203768896 -0.0505168308836033 0.241617761804644
-0.0150125158194894 0.00714841730186146 -0.254614650286275 0.0721079605825495
-0.0202049406122196 -0.0180444657876937 -0.358097203772088 -0.257704101119567
0.000771798605535277 -0.0354288436984006 0.0533027943136314 -0.631920518798747
0.0202616429826778 -0.00689406604007807 0.703590922773032 -0.311415692885968
0.00863458863112733 0.0238606729107787 0.595915931044866 0.424122463704462
-0.0152681783829492 0.052610594302072 0.042038296506625 0.516248663138012
-0.0181887290080266 0.0331342736129745 0.0476495152518626 0.0439701929584273
-0.0131218944166662 0.0374785958485412 -0.0022915538546982 -0.488485803099744
0.0217577766413224 0.0202148896447357 -0.736384585857447 -0.404592854108431
0.0321981449189291 -0.0139679144264476 -0.76833176852747 0.512872906752278
-0.00637798568087667 -0.0262595406035383 0.168865188159939 0.727808795741316
-0.0273456747923823 -0.0073983222345167 0.521636073874052 0.19240901481505
-0.0223098806486114 0.0133217826975268 0.325027754512219 -0.199669516976023
-0.0158536822796692 0.0101862076033112 0.0075121528338312 -0.305276158942699
-0.00662240894683309 0.0201252883057221 -0.0461190436215538 0.237976229017422
-0.00801947675245474 0.0058067913908412 -0.24993736738673 0.0701354410415078
-0.0185694023907699 -0.0197848876160428 -0.350871659418306 -0.257713022546237
-0.00376347934084947 -0.0282811688886487 0.0533465661076503 -0.6277353477735
0.0226338552197002 -0.00267711668772426 0.706251933180701 -0.307374256515065
0.016876138109953 0.0247827903082379 0.602396655984144 0.427195498961408
-0.00849848797185272 0.0543417188923851 0.0446214927670877 0.523879405840977
-0.0142238234322956 0.0329007604302191 0.0420894350032301 0.0544972701798576
-0.00556406612224745 0.0373106241078169 -0.00116197691135281 -0.475946987813313
0.0295874146405768 0.0199518954804289 -0.727884787491801 -0.399569578131651
0.0362343276780289 -0.0100525765866921 -0.763361636820554 0.516224733811063
-0.00749258854344989 -0.0178268267632049 0.168948918963366 0.730448711682739
-0.0267141192199443 -0.00966023256775649 0.526790395929211 0.193641229273812
-0.0150540380302261 0.0107764051096333 0.332088259427799 -0.200250032635521
-0.0100752017357716 0.00956158679540707 0.0120942546051555 -0.304999322810025
0.0123196794657635 0.0013391113756773 -0.0456214843367328 0.250883235295966
0.017694838872478 0.00598984639597492 -0.255898517047359 0.114040139738573
0.0148115380489518 0.0173003318061536 -0.432805731313551 -0.182738217088016
0.00344017075685315 0.00614504920836475 -0.11825580267097 -0.588365026378339
-0.0353946445127571 0.00315990051616715 0.615267798482024 -0.444297756313752
-0.0482410129590759 -0.0101421309625508 0.693816129561884 0.261182081260883
-0.0191105805259281 -0.00529556636927406 0.142767020519318 0.474547724382895
-0.00145720787538511 -0.0203501233672719 0.0749285462161871 0.0388725168541483
-0.0258868977288854 -0.0254690131981784 0.0930061539585651 -0.505128650390857
-0.0428650081509031 -0.0151342378607623 -0.623634774065338 -0.571466816895261
-0.0238077049948898 0.00851425162726716 -0.872662040040683 0.354454363086453
0.00948028173835631 0.0128970752489194 -0.0164270931748664 0.790331768017743
0.0171743536037746 0.0183033960737253 0.450453345857149 0.292077393492508
0.0114621035009584 0.00222159087242617 0.333562816975862 -0.154327963963916
0.00628664445356448 -0.0123389178668182 0.0140007237309109 -0.302298054366814
0.00454235618565421 0.00413041685001074 -0.0485634491758109 0.252938525327044
0.00571755213938706 0.00827420787797149 -0.259554290706726 0.108479185469194
0.00681702771316034 0.0140865292077838 -0.427155740441927 -0.196395598358368
0.00377433767946225 -0.00593478770439888 -0.0931966340802201 -0.600660672695296
-0.0302075689328571 -0.00225076606199173 0.629661797559561 -0.42617964368282
-0.0463828172291554 -0.00586860897115659 0.676147316957742 0.284816425994916
-0.0231393749746022 0.00360963576802927 0.125542042569156 0.477044672932109
-0.00716752833552106 -0.0119325913116364 0.0734789722846187 0.0317414532382085
-0.0308135788150534 -0.0148787367178211 0.0793834943976763 -0.513550082510605
-0.0404299038734956 -0.00860061077323889 -0.649698272508729 -0.553916984992065
-0.0149442646423249 0.00163623156218906 -0.863202814068069 0.380580857758116
0.0117075312493569 -0.00148972975682954 0.0110889836412992 0.78169388751581
0.010971299456053 0.0137001776774358 0.460192318718174 0.276276491456672
0.000343233627448749 0.00500712041317472 0.326304119952038 -0.161739250067577
-0.00144235261905015 -0.00873062536551212 0.00967988050326119 -0.301444431610346
-0.00277947946049179 0.00701638273107314 -0.0510483566411882 0.252558177534099
-0.00387854581524559 0.0107624631464646 -0.261457516612056 0.10083991505877
-0.00116251565586586 0.00825831979593635 -0.416525437880337 -0.210525709510273
0.00275671507701022 -0.0183583577587093 -0.0620566749738059 -0.61346142863025
-0.0221233947797502 -0.00774489849144446 0.64678546218612 -0.40374307634065
-0.0397725984891645 0.000280251379623337 0.655025833322626 0.314486147893046
-0.0251369348516155 0.0153950808480331 0.107450948418805 0.481218331936361
-0.0127676739249995 -0.00125968211895811 0.0705117421888734 0.0269782481065939
-0.0331512602838503 -0.00232730495772687 0.0581451705691386 -0.517576621604231
-0.0331367763322045 0.000648989056047173 -0.678486355436455 -0.524109673335641
-0.00407497590369867 -0.00530339616656013 -0.843519731146674 0.413028617699191
0.00995258394304865 -0.0138543019713352 0.053728124842023 0.768393320531754
0.00178706375136598 0.00861063848638497 0.473149297289444 0.253473781452894
-0.0111355289969391 0.00756237599032077 0.322201997102668 -0.172503113304318
-0.010416806345267 -0.00473326115831101 0.00568406337529498 -0.302306232898261
-0.00922803122130401 0.0104665966606424 -0.0518569017370719 0.251499149799007
-0.0132967446915705 0.0103545483252006 -0.263616482595109 0.0938491685536886
-0.00888181179046946 0.00151480311156905 -0.403871255934042 -0.226999530602087
0.00226599626357979 -0.0284655564531771 -0.0278203214062192 -0.624933861757311
-0.0109521179216352 -0.0108475890980085 0.663645534830925 -0.377425488310631
-0.0288235152614363 0.00711000818777301 0.636244058782346 0.349076029864291
-0.025628639689396 0.0269667484353754 0.0844724267098995 0.487030262700136
-0.0169906906487986 0.00944476695861323 0.0658923852564851 0.0259341566340367
-0.0319636112316543 0.0117976329626174 0.0384973647476984 -0.516749591554783
-0.0208107998756902 0.00952637907992703 -0.705862498705792 -0.48824659547786
0.00709343140252945 -0.0106490107219648 -0.820583057335215 0.447466812278595
0.0078981378775806 -0.0246290254101003 0.0925282914980006 0.754770637545045
-0.00812786003397409 0.00362424166729293 0.486061020613718 0.233354654172429
-0.0194429714093755 0.0100116412383695 0.318935422902725 -0.181939814963569
-0.0156905345786036 -0.000167646706853075 0.00309073764217568 -0.302021667783661
-0.0130120180748934 0.0126266069563725 -0.0518493246188408 0.2493011346216
-0.0181562430383186 0.0101447791067034 -0.262657046964395 0.0837271828315845
-0.0146183603181078 -0.00578199798485442 -0.387489633014433 -0.241725465263929
0.00281727532464825 -0.0355962170330129 0.00563135934304518 -0.63294130259274
0.00144576448529507 -0.0123282972580624 0.68101023547206 -0.349821026946676
-0.0155197273239202 0.014341682798555 0.618947160090263 0.381896856274244
-0.02389823169234 0.0382658743218857 0.0677485641505861 0.496864463114309
-0.0188554720365492 0.0204542738049447 0.059619236431669 0.0285426294903139
-0.0273021077824026 0.0239016949158489 0.0171744601387289 -0.510947627989122
-0.00600756968952761 0.0156893942205031 -0.725909081407959 -0.452499462461372
0.0175669837657466 -0.0143726678845789 -0.796908031319619 0.481301103607373
0.00142940133783147 -0.0306698318320029 0.133850162906754 0.741995364647078
-0.0176107303468285 -0.00158995336355163 0.503018852710032 0.212675206641336
-0.024748905727568 0.0130674045641052 0.317921124864002 -0.191609926320733
-0.0200308185934498 0.00425341983760174 0.00229419556611342 -0.303768294903896
-0.0135356669659948 0.016007668768412 -0.0505057578015806 0.246730867181772
-0.0195104827319869 0.00822394819029979 -0.260003159857512 0.0763128902856954
-0.019265135495931 -0.0131175818861855 -0.370794465710698 -0.25369644625789
0.0024964719421323 -0.0375355547313141 0.0357600682413708 -0.636228551798642
0.0126107302003019 -0.0107613340826369 0.696890870822992 -0.327007812188699
-0.00313500588516383 0.0198284862347749 0.602535481569299 0.408315766902724
-0.0202644753151121 0.0468325972699709 0.0509493688325014 0.50581352810261
-0.0202655577260041 0.0275014393702226 0.0524692450420956 0.0337765222140337
-0.020236779009394 0.0334038457707506 -0.000544218461949622 -0.501615426099374
0.00924880438185018 0.0195256341392043 -0.74065085054074 -0.417979878854802
0.0248291205534715 -0.0163603905854215 -0.776385675016295 0.507252697363604
-0.00264071523440833 -0.0304139367153811 0.163929117047023 0.732333527693704
-0.0241539733428371 -0.00472743888786299 0.516765660025136 0.195911490675965
-0.025246176740957 0.0138952393669902 0.319867168363868 -0.199915578238607
-0.0195293459316272 0.00817369931769218 0.00130149839489437 -0.30480686669478
-0.0107880911395432 0.0182668929345608 -0.0465410328380556 0.24234463071091
-0.0154687816314883 0.00669604528544004 -0.255193747130158 0.0744855605712048
-0.0204280521491273 -0.0184612223104901 -0.362397894268721 -0.256517995296056
-0.000420482064735901 -0.0356541434116477 0.0484761087347851 -0.634664761264291
0.0207331087268361 -0.00777058141091421 0.704134384337819 -0.315558441446636
0.0084792542417364 0.0239882998268414 0.599066980200551 0.423335287482349
-0.0142363870453984 0.053435810907482 0.0455606741985545 0.518133585640701
-0.0175460151007246 0.0327054618047634 0.0470889479998106 0.0434968343997831
-0.0126881171482316 0.0380965942645746 -0.00405256238714315 -0.490145704928416
0.0213129789440017 0.0203029282833713 -0.740579310673594 -0.402239006028158
0.0322220242939804 -0.0147185174945995 -0.768061207301875 0.521507784954918
-0.00654668000806593 -0.0257306437878734 0.174478754341274 0.730009259300101
-0.0276469667179735 -0.00687515953365782 0.526304923330827 0.189302033289574
-0.022302720837762 0.0132654055212017 0.324618217443803 -0.203278428355555
-0.0161936467841969 0.0104444977485448 0.00409368443183317 -0.307144010051944
-0.00526871200226961 0.0187734077877067 -0.0436039037991273 0.238513245370066
-0.00791809090820573 0.00550954079678847 -0.249698798834169 0.0723608690447839
-0.0192778435070483 -0.0186840432857433 -0.355462948277528 -0.255781015308526
-0.00452674888650712 -0.0291132533190398 0.0499356523084308 -0.630669294418904
0.0220222404558575 -0.00272226906795533 0.708888501411879 -0.313114363707768
0.0167098317885428 0.0243450819143036 0.605717624955878 0.426325754279783
-0.00792959414334749 0.0544381655347779 0.0450678848686478 0.526248000560666
-0.0145527212348492 0.0331621297502748 0.0436402859990116 0.0541627149763059
-0.0055422565500044 0.0377941628710709 -0.00234059099896775 -0.477494911105465
0.031122841232424 0.0187245798920475 -0.732206868683982 -0.398433738222548
0.0353499856110187 -0.00975818274269875 -0.765589739817119 0.523157054779377
-0.00672875847490153 -0.0184179904461045 0.175716641517738 0.734082521550232
-0.026587124255658 -0.0090698609356752 0.531563366472515 0.189395529323506
-0.0147557566194627 0.0103638526287134 0.330677900401071 -0.204226127666014
-0.0103847933424339 0.00993410918571365 0.00799904191838207 -0.307610828592552
0.0128417289196911 0.00106096867865338 -0.0425379011373079 0.252502597769024
0.0174583061668133 0.00615674650131707 -0.255379475927929 0.114473581231619
0.0147842618335395 0.0171896153717372 -0.436017720344216 -0.180611821538752
0.00393231104444663 0.00544264851294011 -0.121830945452393 -0.589784325559027
-0.035570452477158 0.00351984201976501 0.615268688861637 -0.44912467300382
-0.0484446596942196 -0.00965881494088439 0.698023152264308 0.258240999003948
-0.018600136163325 -0.0047940172715567 0.144629046712376 0.477073560198009
-0.00162754325652513 -0.0204958657442442 0.0754304974183015 0.0387746945873556
-0.0258320305306201 -0.0245707100984351 0.0908942583058116 -0.508751306694529
-0.0433549733866829 -0.0153982399624933 -0.630356139823069 -0.572015660968641
-0.0231532138904363 0.00855971532120214 -0.874892918676209 0.36051744590716
0.00942505397804274 0.0122893231430329 -0.0128217067890133 0.793320742030552
0.0185060605932109 0.0177439679357318 0.455763433016853 0.289987301291326
0.0117069259423794 0.00269771447430823 0.334062996245753 -0.158230568669479
0.00632861860019745 -0.012264588676216 0.0103651272208364 -0.303432663215674
0.00448324290772883 0.00345837816401925 -0.0448931527904469 0.254491437768719
0.0063575991412909 0.00888691964565574 -0.260004165528821 0.10934860269113
0.00857465500256045 0.0136297568736848 -0.43083673029732 -0.193936799790042
0.00308174871057871 -0.00592517666722893 -0.0970438807056849 -0.602765158923941
-0.0304110476278775 -0.0027469478379972 0.629953290370466 -0.430465179871087
-0.0463447630427742 -0.00489904600816208 0.681338734303494 0.28255598465279
-0.0222917064782419 0.00358864432732529 0.129619907195566 0.479328709917073
-0.00737831114936627 -0.0118254691736788 0.0750830303662557 0.0309382069328631
-0.0310049726118797 -0.0153270432615207 0.0770574880855861 -0.518031174282235
-0.041436018787746 -0.00792222957037754 -0.656791074684005 -0.552265106660254
-0.0157991189722176 0.00227105685159702 -0.863618198697625 0.386101051679507
0.0108440247925015 -0.00155605467123326 0.0186700862336012 0.784994649319147
0.0110079877809568 0.0142521929841827 0.464997257088544 0.272590736853423
-0.000372760919243841 0.00487590940797712 0.327747240013322 -0.166420220164895
-0.00192607407246128 -0.00832594551798765 0.00577109574769907 -0.30337167356469
-0.00272377106408609 0.00671266322884102 -0.0473071863547267 0.254606315554535
-0.00483399364860713 0.0103431053951917 -0.262482911167264 0.103180796969526
-0.000808663385434918 0.00823012312352355 -0.42156036353032 -0.208498549204671
0.00232840958162863 -0.0186029430855896 -0.0650424929797862 -0.616770155272101
-0.0223843824321356 -0.00743324124216183 0.64671933239653 -0.409217972788325
-0.0396655559379533 0.000620007844324199 0.660094247534059 0.313349933337231
-0.0252336152398718 0.015640984967382 0.110723280640412 0.480720601978773
-0.0124631040247357 -0.00102929174220505 0.0712651250925083 0.0263472751676242
-0.0335312290928498 -0.00162536588009239 0.0552734546177374 -0.519356327523403
-0.0328963256063222 0.00163058880254012 -0.686188170491929 -0.522697785009897
-0.00483004180763721 -0.00561494655010661 -0.845810160786564 0.420719435593265
0.0100867422371027 -0.0144166059852719 0.0586863841521141 0.771447379808383
0.00140740483525315 0.00843947302697364 0.476394964776107 0.253469828067882
-0.0113004850998682 0.008079709280311 0.321974213695288 -0.175160555708442
-0.0100668738888669 -0.00420531491572076 0.00170629714358395 -0.303189369990163
-0.00841875727091138 0.00891873968436288 -0.0490870557454263 0.253590391773903
-0.0137989920059627 0.0108089664101967 -0.265282948537992 0.0953485779250003
-0.00805714161920544 0.000685364231205185 -0.4081829051619 -0.224861935747253
0.00204931516089616 -0.0281491986050697 -0.030599870503224 -0.62649888648677
-0.0112706502462369 -0.0110285005624376 0.664484668208728 -0.382124035705738
-0.0294236567501195 0.00764883753638515 0.640692604740643 0.348004287804152
-0.0253352868892946 0.0273157733082416 0.0883740886995714 0.489541480186436
-0.016632756698055 0.0094077546974815 0.0663674937117844 0.0250261847484475
-0.031531815577494 0.0117974797319883 0.034724599427682 -0.519721165449366
-0.0207583010247955 0.00914707092383392 -0.712766288873466 -0.485317157997946
0.00620537948341442 -0.0110625891511075 -0.822896538591308 0.455654468967324
0.00666018960202855 -0.0246865564141009 0.0979437065636517 0.758778251097761
-0.00809133066859804 0.00312136754240123 0.490797764586805 0.231388406651055
-0.0198318753838494 0.0109598904139752 0.318474673040405 -0.186699563809089
-0.0162513455671942 -0.000202761450725066 -0.001693129130224 -0.304135082992433
-0.0126913543869588 0.0125507808614614 -0.0490715985511392 0.251078200360171
-0.018637923227001 0.00942653587603658 -0.265208018848519 0.0862381294186416
-0.0149841280544754 -0.00659996562390551 -0.390559429926929 -0.240185510178848
0.00261602004415609 -0.0357409057947772 0.00360766079377151 -0.6360458092035
0.00172378236449517 -0.012361178448929 0.682165947823838 -0.357069492666016
-0.0163794825786493 0.0151277982932811 0.622823269141928 0.380420548337494
-0.0226563157743839 0.0390130221984969 0.0706131349570887 0.500370477825043
-0.0192496137512772 0.0201014870739252 0.0604366468398181 0.028754411178756
-0.0266680278156102 0.0246411266179726 0.0142845201054823 -0.51529490284072
-0.00614954701843736 0.0166734269095653 -0.7338573429232 -0.44847348735544
0.0172017717056928 -0.015078570376303 -0.79923067635912 0.489480462532844
0.00149468079723503 -0.0298944777395068 0.139536443999609 0.745120585354573
-0.0176421675090573 -0.00124400143178218 0.506664240034438 0.209891474575034
-0.0245039300621739 0.0133861515943477 0.317038093308906 -0.195248818134777
-0.0203770022613816 0.00483255751923092 -0.00376857891215019 -0.305548500513449
-0.0129514181842792 0.0158332316153567 -0.0472138214857745 0.247379083842324
-0.0188355823690419 0.00828431329276638 -0.261051336978686 0.0797419420081143
-0.0187966063246906 -0.0137084034120658 -0.375264215639918 -0.252921653054387
0.00166471738568749 -0.0382226603763257 0.0324938808052829 -0.639723894906033
0.0122235242223388 -0.0102056329474345 0.699168937528906 -0.332540486335075
-0.00333074817448609 0.0206485177588173 0.607478390122724 0.406612469855938
-0.0197154462772652 0.0476766630769839 0.0543324395974407 0.509636651246767
-0.0189113169475169 0.0279498821797659 0.0538659547875526 0.034490681279012
-0.0203651871129932 0.0339469457725242 -0.00276007501176788 -0.505318252994326
0.0085112080645809 0.0197964537461132 -0.747478352683242 -0.416424757331466
0.0251935792465897 -0.0167689049650892 -0.777114618403865 0.51697735167257
-0.00367196254922689 -0.0306072827761486 0.16845633537067 0.733713274948781
-0.0242165347456901 -0.00465837152904411 0.520958705076975 0.193110328675385
-0.0247777882125095 0.0145295003404279 0.31863826399812 -0.202658976594901
-0.0198791633807441 0.0088367125589609 -0.0027092880145179 -0.306717960691175
-0.0106837447934122 0.0184236525998211 -0.0436166766732757 0.244451524446015
-0.0163223216136835 0.00579740500031067 -0.25750067451065 0.0758204306837541
-0.0204282881736165 -0.0184470783577244 -0.364680858421577 -0.254783973906456
-0.000832614798030965 -0.0357449868775198 0.0454911568120105 -0.637604679247749
0.0206561622548605 -0.0066827242092618 0.704989130590236 -0.321023193585843
0.00877360933902495 0.0248416920215105 0.605359211669253 0.421642773264157
-0.0138021066814026 0.0541409917959174 0.0497635843537179 0.521920747568045
-0.0183227245204072 0.0335574467495029 0.0476317503786093 0.0443483959379666
-0.0122620798793186 0.0384584855029204 -0.00752999354215619 -0.493766375324136
0.0221088992738185 0.020812208124141 -0.747706795076987 -0.400191978217761
0.0320146786219849 -0.015528642906469 -0.769219446211302 0.52900478806529
-0.00748969644770264 -0.0261278732765114 0.180953803644678 0.7316539007008
-0.0277831312197691 -0.00737148130677747 0.529457500475396 0.186189316814617
-0.0222574383086496 0.0134557820798664 0.324481804835554 -0.208107437428335
-0.0163110164000101 0.010927057449829 0.00104229599986837 -0.307593820379924
-0.00589381355377503 0.0190899353884397 -0.0404246183980354 0.241412977750303
-0.00903762423753063 0.00512155320629111 -0.251397568524564 0.074079250478544
-0.0192166467874272 -0.0199063647270216 -0.358329561097021 -0.254362097189752
-0.00407700401835405 -0.028842815646555 0.0472085403955202 -0.634245089357726
0.023540517488229 -0.00251322888622244 0.708350732216782 -0.318477769323987
0.017979979233265 0.0249487409916464 0.610867406770133 0.425329603467016
-0.00716583440657394 0.0549221085795564 0.0483142184376904 0.530713983781714
-0.0138625939027259 0.0334114435854447 0.0439475966224346 0.0542574363404563
-0.00495233674458082 0.0385556090069151 -0.00510563155028842 -0.481354776734743
0.0303954404322166 0.0188631994446754 -0.738810327927656 -0.397171152062425
0.0357531188451132 -0.0115458641907216 -0.766864218733372 0.529843115975721
-0.00757694895491585 -0.0179076490598897 0.182487350228034 0.737275767180379
-0.0268593907126966 -0.00872119334018998 0.533928199057683 0.188340763450341
-0.0148357331532055 0.0103729203000614 0.331494313464243 -0.207363009968034
-0.0107006719852256 0.0109438594070893 0.00376342631731489 -0.309880896352828
0.0126565950192556 -0.000183129276083426 -0.0391584305090728 0.254930972398397
0.0178640431490292 0.00597840937958355 -0.256416627728785 0.117677792222193
0.0156602943595442 0.0166372317593121 -0.439742157393936 -0.177176784102353
0.00412968745230841 0.0058051438374165 -0.125258759615102 -0.591789266816476
-0.035626151551832 0.00389110152233486 0.61484049702785 -0.456230781446052
-0.0487572601380234 -0.00867732594364923 0.70184222721784 0.253748450290645
-0.0180768407380551 -0.00412197900897246 0.148669023813048 0.480080057502781
-0.000988781765114989 -0.0207115900719603 0.0751680812077891 0.0381709928550093
-0.0264850015568777 -0.0237401964475847 0.0883511465070369 -0.514184600594838
-0.0434603539279056 -0.0147111191289571 -0.638352811808649 -0.570478518496489
-0.0233335159172502 0.00849240527351562 -0.876673538181297 0.367117890598748
0.00962201686208908 0.0120909118814089 -0.00417079293746546 0.797919497247453
0.0180602472867875 0.0180343480786052 0.461000939665756 0.28717085912657
0.0115708750227628 0.00207962916210917 0.334310985081867 -0.162101818525178
0.00571526755085669 -0.0115197512752265 0.00646333464268041 -0.305458001888269
0.00478339964330515 0.00303449585047952 -0.0413267008354926 0.256692372752729
0.00583656168511845 0.00860016755019969 -0.26119122099403 0.112650654623735
0.00728071323758223 0.0132071936099402 -0.434967131052787 -0.189387123516728
0.0030373276966121 -0.00659875805053164 -0.0998842131349966 -0.6053304840446
-0.0310885818018615 -0.0019314890609558 0.629352415336948 -0.436189929327201
-0.0476846745599659 -0.00457307533474103 0.686527474447563 0.280017584169147
-0.0229076780461865 0.00499877679912167 0.13288907126936 0.479783367955335
-0.00660315437313342 -0.0122531514970641 0.0748911329177646 0.0303669937024637
-0.0311821291168514 -0.0147061888614968 0.0743189019341424 -0.522248589520948
-0.0413830306651619 -0.007437581422476 -0.664630086821818 -0.54993301493885
-0.0158006656171897 0.00131169741673932 -0.865000441220164 0.396516108798747
0.0115095548468925 -0.00170072863609813 0.0243540172858013 0.786567498964697
0.0112661196201896 0.0139019036938762 0.469752083265749 0.269984641159028
-0.000271593459982141 0.0049228760395537 0.326522015388016 -0.170413531463023
-0.00215373595645911 -0.00895733433660658 0.00247679212367662 -0.304652558845188
-0.0021013481838677 0.00605247599942756 -0.0443493177349208 0.25529976058595
-0.00458209625620704 0.0101941965539075 -0.264216037705867 0.105620497668126
-0.000857961233698688 0.0073054858934728 -0.424440736916596 -0.205299958292157
0.00302418266556051 -0.018590096330827 -0.0714640536776787 -0.62021791881099
-0.0222376776755318 -0.00719605146428368 0.645850272022691 -0.417137558666036
-0.0396079082555869 0.00158543372847796 0.665200131121395 0.309456789519592
-0.0243349290563878 0.0153687591839136 0.114017959383404 0.483452834715877
-0.0122389959937804 -0.00203521445878201 0.0717054391186802 0.0260931604402765
-0.0329785574100474 -0.00206725955659965 0.0525438853883122 -0.524908831645511
-0.0334321769826176 0.000608208067007721 -0.692418549262349 -0.518321483235788
-0.0050361890792453 -0.00574972875451801 -0.846703032163548 0.426765169222822
0.0110010350748875 -0.0143987155030352 0.0651600459175468 0.775508862078026
0.00206413527764903 0.00882601348695254 0.48216477276379 0.250007526838727
-0.0111952704245222 0.0078901040593196 0.320793629565821 -0.179949482480472
-0.0107514163592731 -0.00413031155505057 -0.00371470767521621 -0.305169369112388
-0.00807631740514967 0.010625617730539 -0.0452097651025995 0.254810116752073
-0.0134464730300681 0.0104244126193838 -0.265035640404033 0.0979398312525133
-0.00872160357839558 0.000560799022801347 -0.412499133728469 -0.223845217130921
0.00123763208327833 -0.0290041012165424 -0.0358604484865207 -0.630114750615939
-0.0110056608167515 -0.010479677779358 0.666050406850519 -0.391820340685012
-0.0294272204010267 0.0079371661607889 0.646360146884878 0.344537553418686
-0.0246336585601388 0.0288371689689677 0.0930025893309717 0.492274088814057
-0.0164516119426375 0.0106633024891608 0.0668673258842793 0.025355197589092
-0.0323356036044854 0.0119492860500633 0.032131612859702 -0.523164662348896
-0.021671490040023 0.00895771197148431 -0.719428904283735 -0.483037769201957
0.00639962076726777 -0.0115295534281052 -0.82271320446429 0.465630136253622
0.00630961017551679 -0.024421883186545 0.106326897401284 0.7609118657535
-0.00779063476612946 0.00323386895673858 0.495519486636631 0.228058444815269
-0.0193310468805118 0.011129021464645 0.317825578471803 -0.190808976846914
-0.017062281971221 0.000941393705312991 -0.00577144292807336 -0.305519156615251
-0.0117372377126096 0.0129790362816732 -0.0452366848719627 0.25242798595682
-0.0191173010690809 0.00951399550489062 -0.264912898896833 0.0899674170232616
-0.0146648394828084 -0.00715457602837382 -0.394352349504106 -0.236740956432477
0.00197109192060176 -0.0360199720170515 -0.00243803507682559 -0.638222883508767
0.000918764571300138 -0.0118890683306776 0.684173852116823 -0.36255316937729
-0.0165321020282471 0.0153281131932196 0.626473187248122 0.377235957747824
-0.0220444365802918 0.0401780313527287 0.0733188201708766 0.501581619610881
-0.0196078028842539 0.0208706285454086 0.0612876756292338 0.0284736439281735
-0.0269424679575698 0.024288510028626 0.0107703430783576 -0.517742216014906
-0.00652279426986971 0.0161438759253524 -0.740444869137125 -0.446233851894708
0.0167655571103525 -0.0156132140683876 -0.797250547166862 0.499766744681275
0.00141345787295232 -0.0308048262143413 0.146678878987952 0.747708128180524
-0.016989736427479 -0.00146295200539334 0.511487033820808 0.205608742445481
-0.0244190941174711 0.0136572899286651 0.31645232065947 -0.199272363212539
-0.0204998110948602 0.00463164106493001 -0.00752803928790059 -0.306272535347587
-0.0133710662766496 0.0154715694778146 -0.0429983415468247 0.249634619420328
-0.0196258630050698 0.00789508760841072 -0.262533339757861 0.0815473251812725
-0.0185544495419172 -0.0144440752209109 -0.379457223325193 -0.248983242692595
0.00123443399934994 -0.0383573100092859 0.0279344449414035 -0.643420356291675
0.0124158948219251 -0.00988358996858555 0.70013492886847 -0.338884213137133
-0.00302114250035218 0.020335169291168 0.611800626339175 0.405410260400393
-0.0196837261783696 0.0487486523654877 0.0568040905669474 0.512457725485377
-0.0196266396623886 0.0285047601144029 0.054836944007931 0.0340279221945413
-0.0205654431636418 0.0339810555724467 -0.00411946950359729 -0.507933402603603
0.00886128258645449 0.0196528435572429 -0.75336330908161 -0.413533626243798
0.0250102969621368 -0.0170150571946212 -0.777832280773765 0.52437276477258
-0.00308880741701022 -0.0308070383165195 0.174879226500751 0.735950504818269
-0.023909827660175 -0.00427067342513452 0.525257403662761 0.188946464215232
-0.0252005133909046 0.0151179688700025 0.317642917843314 -0.207699396012107
-0.0207287950324207 0.00935144786880191 -0.00649544261047836 -0.307272891275441
-0.0103470208809303 0.0178872453814895 -0.0400780519560846 0.245589616723684
-0.0165887952519966 0.00653443659841795 -0.257481340873232 0.0787727825261312
-0.0212158263361705 -0.0184978125314929 -0.367884649752702 -0.25137938505175
-0.000576389549456529 -0.0364704160756184 0.0398588954294827 -0.643260585260319
0.0207158327733052 -0.0071891804047987 0.708207828917526 -0.327483045221141
0.00880673681301024 0.0247085087145231 0.61002125654024 0.419055042838906
-0.0135011088283371 0.0547814127557299 0.0520555802425372 0.525320552562255
-0.0178124982865957 0.0334424762432662 0.0492279557910862 0.0439642242964201
-0.0118344273996014 0.0384552440474968 -0.0103037446900499 -0.495945516705997
0.0214403397066569 0.0204190811074808 -0.754826077156789 -0.398110314057878
0.0310412812624144 -0.0154156086245023 -0.767399559760737 0.537201585914384
-0.006789417841309 -0.0253381951264855 0.187241265269553 0.733064375806836
-0.0282638207474533 -0.00658137468707672 0.535608077435101 0.181281740777231
-0.0218103301643737 0.0143643235182222 0.323404326084174 -0.212278569691166
-0.0174369786029779 0.0116512943514787 -0.00460651275737495 -0.310435378673156
-0.00520158025852888 0.0191924230050876 -0.036344342265131 0.243182408486771
-0.00855692843749794 0.00495301467775499 -0.253370075163969 0.0770129376799687
-0.0199036616776601 -0.0203258930396932 -0.36316507539646 -0.252290485654742
-0.00474417912885903 -0.029409341302387 0.0426574000495117 -0.637962621150632
0.0225566124146399 -0.00231401225693039 0.709331620908027 -0.324161475083021
0.0178754449835768 0.0248080588498456 0.615515431221191 0.423013238603477
-0.00642845959112615 0.0554262994318902 0.0517750942768157 0.53247280195162
-0.0144930965248155 0.0333611044350934 0.0449361370366871 0.0539384432669414
-0.00416404746773837 0.037794222547892 -0.00817807007362721 -0.484648814256746
0.0307284366999755 0.0186921501007583 -0.746545158681923 -0.393201872322936
0.0361267865729779 -0.0116970874279075 -0.765420434454763 0.539156929471665
-0.00736547967310631 -0.0184255677204187 0.189604955090272 0.738208932074085
-0.0270305029056273 -0.00818980861844248 0.538214446431761 0.183264632204474
-0.0152762326228052 0.0109351322650224 0.330124573062135 -0.21188877434612
-0.0108352632784153 0.0105081255936132 -0.000224926862518009 -0.311441042692044
0.0124294384998617 -0.000159859167694325 -0.0350920574332278 0.256211492686031
0.0171934288512075 0.00458897820384139 -0.256765207867662 0.120730425130904
0.0153980790289752 0.0164529233954482 -0.444001379702418 -0.171427969802453
0.00403936028058324 0.00446794748258595 -0.131246998856111 -0.592913402086049
-0.0356734427394352 0.00446459085553687 0.614280872650433 -0.464314969667058
-0.0492161429914811 -0.00775497125481881 0.707514557933378 0.248205141333213
-0.0175819092640647 -0.0050039836900828 0.151698490955552 0.479292771309384
-0.00148530879351618 -0.0209644207831793 0.0768052222161371 0.0373653894540661
-0.0261589952565224 -0.0243744287982922 0.0847813112328164 -0.515658792458332
-0.0446516046316418 -0.0147058085111765 -0.644112255560571 -0.5699907163659
-0.0238924304760381 0.0081012224501385 -0.874300956578493 0.379569110666582
0.0102715876410847 0.0124530344420522 0.00329386662633769 0.802936298472377
0.0178772242099122 0.0179008056048764 0.464882923938404 0.282557924234686
0.011557582234274 0.00244949299258619 0.33329360863454 -0.167528145001066
0.00574213288402668 -0.011784354424363 0.000428444897993897 -0.307468602779116
0.0044532639903853 0.00190376089619791 -0.036941286028429 0.257946481275335
0.00628407830806805 0.00714326756863448 -0.26124771730619 0.116124457339406
0.00870664438366938 0.0133732785424873 -0.438526184384841 -0.185570721472825
0.0041098601144117 -0.00671848342720241 -0.106465808865123 -0.606369413271552
-0.0313046926542138 -0.00118835717149544 0.629794342849194 -0.446081607684923
-0.04705450118616 -0.00340752490317656 0.690713231441887 0.2762533719679
-0.0220521604881538 0.00523598131810185 0.136377599711029 0.482131447429485
-0.00688594826304556 -0.0120569607198434 0.0757134466400667 0.0301936352646379
-0.0306244059253803 -0.0138144670610802 0.0701399349967969 -0.524589683568743
-0.0422098470847128 -0.00648960420966933 -0.669893799403237 -0.548407842438266
-0.0154145390897272 0.00055974569095688 -0.864661287832661 0.4044136467637
0.0115740075369012 -0.00132493576735825 0.0326664286461925 0.791487739832369
0.0120116038326892 0.0130749166581762 0.472873451412324 0.2660121519049
-0.000565934431594604 0.00464709166445153 0.325500614318247 -0.175204946013969
-0.00300228829602042 -0.00827149278191441 -0.00372013939943672 -0.305970754341499
-0.00245217132298081 0.00571799206471157 -0.0393243631211935 0.257519211420136
-0.00477177263650743 0.0100701339970437 -0.264909471666441 0.109056272548076
-0.000347093110944409 0.00794121656832313 -0.428815774697501 -0.200667711277315
0.00274685439016827 -0.0195513867803888 -0.0759595134618991 -0.620710220925503
-0.0237518979077245 -0.00710713452522097 0.645855962128943 -0.424529080933531
-0.0404878870625284 0.00311901583033884 0.670741754121307 0.305267718658615
-0.0247964485462248 0.0165513529083575 0.117042551058852 0.485024354045437
-0.0127413893132773 -0.00075690733811791 0.0732144076450031 0.024766635388738
-0.033258070565836 -0.000438390360522123 0.0502428998526043 -0.528805233479629
-0.0332317978309873 0.00205184074356595 -0.698195812102942 -0.516533246331369
-0.00518604816011671 -0.00583385621205064 -0.845976638640178 0.439166864043694
0.00972953766514799 -0.0149777271552865 0.0729743628076677 0.777410148901022
0.00248494273656443 0.0087531687317268 0.486198339872935 0.245980255507719
-0.0109398972100569 0.0086432752132486 0.319216527383033 -0.184269802738844
-0.0109755926565348 -0.00415161999207281 -0.00763520222276966 -0.306215423999317
-0.00804071686830957 0.0093663713562415 -0.0407355787713519 0.256951982573723
-0.0135345484654567 0.00991063903906075 -0.26621013403356 0.100634090297768
-0.00839468473807174 0.000313323005622256 -0.415665774665778 -0.217926599394279
0.00212859663804524 -0.0296100480230665 -0.0412994427911217 -0.630382656676052
-0.0119281829809495 -0.0102417809399778 0.664548821051252 -0.397733816960451
-0.0299111685265387 0.00903753905661152 0.65048488795287 0.340841366152212
-0.0237315370566173 0.0287460762910044 0.0961305547882117 0.493892694141665
-0.0163343536937778 0.0105892061730626 0.0684944594536148 0.0248772220655987
-0.0318762041609336 0.0130385998118154 0.028742898973323 -0.526945228050291
-0.0214267054218249 0.00967280786305104 -0.726572382717529 -0.479807215703237
0.0059669225085844 -0.0117671838652133 -0.820008531562237 0.474077030132281
0.00662716062184654 -0.025050373960211 0.114317103308779 0.763625625649376
-0.00735769431260455 0.00284939808713165 0.501169548704863 0.224019288335011
-0.0192770259794398 0.0120107790950769 0.316561579655087 -0.195467018078158
-0.0176148200323108 0.00159237918423885 -0.0107642462421134 -0.306483887592649
-0.0122610197472721 0.0125133323212014 -0.0411144096355096 0.254623104649737
-0.019349864036503 0.00969651224428153 -0.266252969754906 0.0928917314441159
-0.0157711054205952 -0.00815162666927449 -0.399281134147574 -0.233615295808457
0.00133636302177213 -0.0362282088637902 -0.00926364697946211 -0.640644180965789
0.0011422439467997 -0.0117577341233475 0.683504421032571 -0.370312862251798
-0.0160884701485523 0.0153162515262038 0.631989777311461 0.373269230392452
-0.0218786165404312 0.0403364370999426 0.0776735433894586 0.504609383741179
-0.0191832624057166 0.020653559336621 0.0618968801253624 0.028115835647564
-0.0264898548743912 0.0260953862401093 0.00706617035587686 -0.520943601700583
-0.00671602851612094 0.0166186709852131 -0.746828846317115 -0.440287000573792
0.0159648320831162 -0.0161926201392219 -0.796912867154224 0.508642404360806
0.000411188729889087 -0.030146802169112 0.15147796356698 0.748201361730668
-0.0165629859557981 -0.00146894629987262 0.515873443419639 0.201370129929135
-0.0245706425285535 0.0137409763259477 0.315397621076359 -0.20496719898934
-0.0200707324058867 0.00559807475578701 -0.0113184827491093 -0.307999208530925
-0.0129637014974584 0.0154284634018205 -0.0384176552404943 0.251845648454383
-0.0196607281686559 0.00817384509754077 -0.262706494093544 0.0840784864998795
-0.0202694563702465 -0.0145395531368119 -0.383187694749749 -0.24684901094042
0.00117052381053657 -0.0385458499713928 0.0236782343425998 -0.6459442460805
0.0121754896438407 -0.0103185155545729 0.700130456158133 -0.345563290513484
-0.00249496814660538 0.0211109079675109 0.618136029093687 0.401606440816268
-0.0185743291618308 0.049476524208895 0.0628643042848386 0.515753125275672
-0.0197190743068355 0.0287450758633058 0.0548451240831135 0.0341487933493636
-0.0191538330081226 0.0343448462545681 -0.00832842590428541 -0.510423228302162
0.00886119922198761 0.0194940543574696 -0.762176457370907 -0.409022645000858
0.0247043733572795 -0.0180757027397916 -0.776642386723524 0.535393574151421
-0.0040257162452033 -0.0307099565700719 0.183423117603897 0.737657413783258
-0.0247705415378071 -0.00491670740993523 0.529592379456525 0.184068966765759
-0.0255532479621669 0.0147587513152324 0.315783142224212 -0.211809585791735
-0.0204736218936507 0.00959741279826888 -0.0113920468510534 -0.308370591905029
-0.0108790657736218 0.0171327676462725 -0.0354146907921818 0.247785679844045
-0.0165422642590577 0.00640329039275323 -0.258710796335817 0.0810389145123454
-0.0213437057892472 -0.0190393070901591 -0.37297254343994 -0.248570727554084
-0.000886068728038757 -0.036284257377876 0.0353612400902894 -0.643632784431486
0.0200246740235652 -0.00738300673015688 0.706420055606244 -0.334853095299995
0.0101502641755007 0.0246616071103287 0.615742128839218 0.415733279020972
-0.012360141250433 0.0549286640472309 0.0563600130449914 0.527654066320708
-0.0179706870393222 0.0335858764572107 0.0497602841941189 0.0445287801762961
-0.0110981000690838 0.0386122218222946 -0.0137811316213007 -0.499340579749044
0.0221627719532081 0.0204056843868816 -0.761217533772253 -0.391931972573595
0.031919708826792 -0.0169368509414618 -0.767598372251511 0.547704880549314
-0.00672458689146535 -0.0259447064583196 0.194869957370927 0.735307304763162
-0.0285403321597189 -0.00621906383896093 0.537618272181945 0.178914185231373
-0.0208818892004609 0.0145137018860663 0.321848213721446 -0.216860760528426
-0.0174989938417832 0.0110902551253646 -0.00912861394291239 -0.310807244338675
-0.00568958989417556 0.0179080279602761 -0.031974484506976 0.244709362980019
-0.00973440383269824 0.00482859386004836 -0.253838017653014 0.0807064083507233
-0.0203255259637117 -0.0194012779668667 -0.366590854372704 -0.248073931975506
-0.00517357922117755 -0.0286931927491473 0.0381397987497395 -0.640803828521081
0.0230267415369918 -0.00261272389686891 0.711868117332859 -0.332096525117848
0.0178892986172292 0.025369688022182 0.620559827370772 0.421580705351769
-0.00560764659717508 0.0562591943808097 0.0581352322390042 0.535413551737947
-0.0143507180624393 0.0334805828844024 0.0454279877308529 0.0546406333776518
-0.00397415888107893 0.0379416277041944 -0.0111509483531697 -0.487732722039875
0.0318647618323499 0.0182646215984539 -0.750803681458793 -0.38797102174484
0.0356491590442514 -0.0125916089619989 -0.76499260085144 0.549673500045733
-0.00767277030352066 -0.0180062717761171 0.196472862342798 0.73979058452549
-0.0270603727590474 -0.00782063310125281 0.543720396866454 0.177817719809457
-0.0144072581088334 0.0110496153114433 0.328872403469635 -0.217996548045251
-0.0112553642492141 0.0112121959463162 -0.00510471336847705 -0.312278016019119
0.0122367878716599 -0.00123256846200103 -0.029763032795421 0.256631720764264
0.0171585548464445 0.0045675522388936 -0.256243876779615 0.123946421349873
0.0162664736241717 0.0162951434253795 -0.445785903661322 -0.168021857775984
0.00465982769016724 0.00473588584847537 -0.136213261220095 -0.592384065474771
-0.0355560083322466 0.00519961981970788 0.611589814862985 -0.47019454576954
-0.0489588391801489 -0.006915620638605 0.710058812856508 0.240760711965121
-0.0165659326466566 -0.00405235127480084 0.155764320660727 0.479708738681243
-0.00150110583183461 -0.021500379320959 0.0768330227067731 0.0369022890969705
-0.0264447059086503 -0.0233419438598355 0.0806313159565786 -0.51925608548914
-0.0447279748126384 -0.0140914770176211 -0.653327758516404 -0.564634453479955
-0.0243902705296468 0.00811336228672312 -0.877610173362426 0.387013534687894
0.0102960082979978 0.0123024091995326 0.0121076907312454 0.804948216765148
0.0191169047574473 0.0180658111632547 0.470466906809348 0.277940083055103
0.0121504975870411 0.00258220572116191 0.331744928687451 -0.171962299539922
0.00529895951621668 -0.0123991301022023 -0.0040874955960911 -0.307475468824549
0.00483797575477455 0.00199380203602075 -0.0329385479422722 0.259634986765644
0.0063979666824253 0.00775317541675589 -0.261452566466442 0.118692956322237
0.00848874116513521 0.0138386921952572 -0.442862143762241 -0.179662149533256
0.00329713603038706 -0.00708723666025397 -0.113648123369309 -0.608111291333938
-0.0315253233641355 -0.00105869345419867 0.628578151452122 -0.451825925951596
-0.0471390339795385 -0.00239194232921386 0.695599443455275 0.269550890877423
-0.0220479428773108 0.00449508256660137 0.139988306006098 0.483276054581204
-0.00738702859387004 -0.0128879540260879 0.0768488757376596 0.0290381673368471
-0.0311799360154267 -0.013788048180922 0.0663485305568413 -0.526761904995139
-0.0419495697556027 -0.0066133543627447 -0.678812822456941 -0.543312424385214
-0.0157224138303201 0.000654174207149686 -0.864884813683449 0.415552233002355
0.0115862420126193 -0.00155855525158512 0.0406718691943486 0.793293159333152
0.0125247183627154 0.013816111181393 0.477351945939718 0.262088568317215
-0.00105646972134023 0.00469951196921174 0.323397541155201 -0.180726320696838
-0.00270620138042284 -0.00805029374135937 -0.00958748934815658 -0.307671496843616
-0.00258362464434025 0.00510554108021386 -0.0353107657776856 0.258899816494023
-0.00570038704516681 0.00972235120836267 -0.265014857334189 0.112377175617448
-0.000639806242236914 0.00794634960776121 -0.43224790708713 -0.195658431036381
0.00175206766179012 -0.019762591730627 -0.0832326019739454 -0.622291803324583
-0.0227607115294054 -0.00614680792873653 0.64405002828269 -0.431967898064881
-0.0403886993664819 0.00358905651737642 0.673940612513389 0.300838885889308
-0.0231636584355285 0.0170742212040364 0.122683457138739 0.487211295699532
-0.0122888244821086 -0.00150293322886831 0.0737911363318925 0.0243909904717326
-0.0330797205033937 -0.00110497059881123 0.0453340593001825 -0.529730336832767
-0.0339047111446158 0.00224632794374684 -0.706741148533513 -0.512926480605479
-0.00602329577267003 -0.00627752745999366 -0.843914509080311 0.4486465302388
0.0102919328430748 -0.0150287358828044 0.0816308049223947 0.778794093787388
0.00236521731821846 0.00822745256405796 0.489375884865987 0.24236199986611
-0.0110686028107697 0.00862478709309883 0.318088073498825 -0.189503000434388
-0.0115579501967748 -0.00399162313834125 -0.0138308701624105 -0.307258674348864
-0.00855479600283493 0.00901869351033411 -0.0367023122019509 0.258080808597248
-0.0134346390003406 0.0102774225464261 -0.266738498310755 0.104317361743198
-0.00930847730790099 0.000151576133399723 -0.418314471901448 -0.214184050756049
0.0017605924542888 -0.0296014180996166 -0.0467507153975695 -0.633519608022453
-0.012398876882943 -0.00966888130936938 0.66534870503091 -0.40549748474271
-0.028878331568298 0.00920933636963828 0.655727507461686 0.335176862343007
-0.0233424827006176 0.0298890156544906 0.101379409310151 0.495887898578894
-0.0165725211913047 0.00992459644200391 0.0687056121690383 0.0239337340434951
-0.0317660695067793 0.0133765665116936 0.0234650889158237 -0.530608889268411
-0.0216544508656747 0.0107706812448447 -0.732224089693713 -0.474575679263496
0.0051996216220903 -0.0122778848425518 -0.819347995869256 0.48510076195287
0.00620871612638718 -0.0251680140148014 0.123033440523253 0.763762413073726
-0.00682626727975775 0.00300394166543963 0.504978063003402 0.218554781390637
-0.0194154084984022 0.0121392556217257 0.314882947196876 -0.200039847593339
-0.0175879626389047 0.00171168457328672 -0.0167181576370117 -0.307625009704003
-0.0125286196958758 0.0119848349759091 -0.0361188209895114 0.255346516057846
-0.0186869739645454 0.00950038289821113 -0.265832477763476 0.0962916462005146
-0.015608223471931 -0.00757394379025171 -0.403536289044282 -0.229090838548706
0.00171889430997094 -0.0373069840843547 -0.015336865163238 -0.643721330578003
0.000982802000211322 -0.0114107686886298 0.681489106521874 -0.378090118714933
-0.0162878095337906 0.0160526290253184 0.637672636396879 0.368627396840608
-0.0217643599454685 0.0413523514746533 0.0828431547494646 0.506332542898407
-0.0188794599747627 0.0206979517999949 0.0620486993797488 0.0271190356653996
-0.0259577097087977 0.026062251388336 0.00260973932805094 -0.52110035106299
-0.0065283231227178 0.0161475339295734 -0.754654247861396 -0.435799505463631
0.0150576203345977 -0.0167688948794915 -0.795566622278145 0.518260951795598
0.000954304766270588 -0.0302951477454119 0.160378297433137 0.748667284263546
-0.0168177779782834 -0.000729618412942806 0.519723433443805 0.196142152867934
-0.024545236101596 0.0141021916725649 0.312612259226826 -0.20805448529802
-0.0208971935320986 0.00597382129605795 -0.0172099444126546 -0.307922407334541
-0.0123747678690527 0.0142810132139075 -0.0342852768255616 0.252520629923187
-0.0202741067532077 0.00822587538440831 -0.263449933671079 0.0874555465224214
-0.0203554697619633 -0.0143515608655764 -0.38640279351221 -0.242142238186863
0.00138860108350221 -0.0394360531134546 0.0150167125205248 -0.650071046454661
0.011697810627399 -0.00952410315972521 0.699045310108041 -0.352477185405178
-0.00247022767258393 0.0215895961576849 0.625555715705221 0.398803400278363
-0.0173499985096367 0.0496004956011196 0.0683249987810667 0.517823749896312
-0.0190833085170389 0.0290967191255107 0.0562530718675991 0.0333045070966964
-0.0188317696268485 0.0351267773734077 -0.0122405802438224 -0.512910392876724
0.00837044255619944 0.0202454916100033 -0.768128375953676 -0.403797424158352
0.0249299897381684 -0.0194850792216996 -0.773940649832568 0.545894915840778
-0.00426429709492631 -0.0301279188880485 0.191320272529977 0.738443309794466
-0.0249307509959314 -0.00340227494247051 0.532961016514887 0.177067877236346
-0.0248588698296097 0.0156696363870097 0.313678448981099 -0.21732261028964
-0.0207007731761043 0.00986962385990265 -0.0179562106049916 -0.309626319681167
-0.0103658292354515 0.0166274450798044 -0.0305725683525546 0.249391641956999
-0.0165325386217096 0.00641789235354751 -0.259485121746734 0.0853297975845945
-0.0216658208688651 -0.0186385888407312 -0.377002735919022 -0.244268091999989
-0.00150627967850656 -0.0371860179816607 0.0297202698634584 -0.647714803123746
0.0201341413320445 -0.00750031292771924 0.706828418 -0.343346951828747
0.0101505479726239 0.0253673300841957 0.620822130945421 0.412113450992448
-0.0117385987541467 0.0557201704688643 0.0618158882381264 0.528936248216061
-0.0175785906328423 0.0335609757817077 0.0496724043266039 0.0441825002832403
-0.0108318424404892 0.0390840032784593 -0.0169491027106553 -0.501203055624528
0.0223794172852379 0.019877603086953 -0.765396937991642 -0.386718013965496
0.0322729851607393 -0.0175482859231649 -0.763801514675802 0.557781979489897
-0.00710671859660225 -0.0253241393885269 0.202350249969223 0.734713295282102
-0.0285242392771857 -0.00622302839030383 0.541651100758209 0.171191461457263
-0.0213554164902418 0.0154622127538297 0.319451787749326 -0.221121071558604
-0.0173529759932244 0.0127098517379923 -0.0148807397582935 -0.311782402028249
-0.00521829473774948 0.0179855531647662 -0.0270722649437189 0.245913472818482
-0.00934466377072565 0.00477475621196918 -0.253825996253998 0.0828040871996443
-0.0209934442072584 -0.0199719113369391 -0.370812374814977 -0.244004340164481
-0.00490210845644222 -0.0296312023680319 0.0306064244053984 -0.64154453353964
0.0229857829595523 -0.00276984335588573 0.709825801713791 -0.340129258905465
0.0184725992562537 0.0249417110997993 0.626602728026054 0.416557578515934
-0.00516404582546957 0.0560715998103965 0.0609289456106402 0.537227169064837
-0.0144661092650892 0.0333217866890493 0.0461588987261073 0.0539840776750044
-0.00321473267810389 0.0380965841617397 -0.0168300765949828 -0.489804637694721
0.031281397632991 0.0181861001278134 -0.758438064448124 -0.382984564392273
0.0359179780456799 -0.0134478002772128 -0.760705236531584 0.560680743370201
-0.00726744581808543 -0.0175779300431017 0.203452689802264 0.739480825064231
-0.0276889520021496 -0.0074864673534268 0.545089065754461 0.171549547637363
-0.0149601584535321 0.0115359394226735 0.325783930637446 -0.221724623602163
-0.012036649957706 0.0112792940372398 -0.010459804270898 -0.313322921430059
0.0123070590368355 -0.001326543584034 -0.0252769881863718 0.25803868553899
0.0176299855893924 0.00412820935483179 -0.255859427662679 0.127675776672242
0.0164702127463571 0.0160084858537233 -0.451070073596208 -0.160529546393345
0.00525805806233337 0.00493109899795485 -0.144472000243648 -0.591638095950663
-0.035306525162255 0.00559951232348876 0.610566677662644 -0.477918686960811
-0.0492661409919174 -0.00660912086331857 0.716450353508561 0.236070552216837
-0.0172591866960623 -0.00371683241189225 0.163899617698884 0.481139567995111
-0.00183525226590833 -0.0213304835746992 0.0773884276154631 0.0358219763208496
-0.0265733682744715 -0.0238922363092832 0.0760448944111092 -0.522438333494728
-0.0456953749075555 -0.0141153089178993 -0.660046520725512 -0.561154555784065
-0.0239527394322169 0.00869145725899743 -0.87632997176173 0.399417059914551
0.0110564712221969 0.0123312200099422 0.019592056102414 0.805877084102182
0.0190777808611999 0.0176552707288132 0.474315796677156 0.273270455936906
0.0117326777645788 0.00183302871215625 0.329148883827535 -0.176771198675388
0.00489489176582289 -0.01194306457522 -0.0108784513511088 -0.30838600666333
0.00466980701505636 0.00144232834753963 -0.0272831606420834 0.260821194069181
0.00589697695464152 0.00650278714485293 -0.26121177866576 0.123089833096073
0.00816771119537873 0.012521968966881 -0.444894556870659 -0.174391173749468
0.00418214788262304 -0.00787186506497317 -0.118874689781403 -0.60725823270201
-0.0319048190802936 0.000636759745609819 0.625224326515868 -0.459714469101096
-0.0480347616017636 -0.0014838062861962 0.698421145875416 0.263260693268865
-0.020423571267317 0.00589733573947793 0.14520482108968 0.482621819443902
-0.00742011966593807 -0.0125577295983605 0.0766781784474557 0.0275714339107247
-0.0306196372593478 -0.0125284724845864 0.0596757125529349 -0.530716361351301
-0.0424261247643037 -0.00561407380702263 -0.686596619452975 -0.537777079132987
-0.0168504380702876 0.00141249996162201 -0.862443566813488 0.42526029402312
0.012330897162803 -0.00193146564102008 0.0491172901733484 0.796002186261543
0.0118807191389844 0.0131670180512315 0.482802962663885 0.256176142331156
0.000667820704336223 0.00480923548404997 0.320839645745526 -0.185296110378106
-0.00363072758901831 -0.00832402622747999 -0.0150553634979595 -0.30717500567932
-0.00284415842710173 0.00518352762544169 -0.0300836509425768 0.2595369969155
-0.00527841033528901 0.0091703645505058 -0.263898304519763 0.115259020355941
-0.000529129288552578 0.00761115544966425 -0.434113682115841 -0.189843903590552
0.00206653470843276 -0.0199941015072032 -0.0894208807593522 -0.621884744305745
-0.0238664292892324 -0.00528625426464076 0.642522007079096 -0.43870015021514
-0.0402056623553203 0.00467334185353626 0.679685802033536 0.294417869049293
-0.022988219117314 0.0178844001638217 0.128184057034538 0.487941383177692
-0.0127641256509749 -0.00137989422999477 0.0739352290403266 0.0242972574378098
-0.0327644655186868 -0.000326522549540184 0.0383753769993229 -0.534132404506948
-0.0346650464048855 0.00289847768982442 -0.713000569291091 -0.506208552858019
-0.00610269014151799 -0.00630503965419539 -0.842352485847403 0.459585324161783
0.0101794425121467 -0.0154385666645952 0.0898462541733662 0.779843730367577
0.0037311182347093 0.00794802695645998 0.493834920059866 0.235820496117354
-0.0103336530339997 0.00836176492228605 0.315240507556646 -0.19445390419793
-0.0119340451226119 -0.00328499834994236 -0.0197430561953 -0.308505313144774
-0.00824626109340655 0.00782073805122477 -0.0313123644135852 0.259147576015218
-0.0137747585830327 0.0101715399764661 -0.266181958277898 0.10778881508059
-0.00919630078905157 0.000285741744129577 -0.421982710490535 -0.208229926137444
0.00126329821700824 -0.0298900234435437 -0.0536771239743303 -0.635331819701343
-0.0122861753549788 -0.00919798723278557 0.662092343617987 -0.412363563317661
-0.0295858747555664 0.00995853285566429 0.65968318748187 0.331060349827787
-0.0222316591809381 0.0300547973075291 0.10624775350859 0.496181275513244
-0.0169330879046703 0.0103204920268172 0.069086993252142 0.0237430690303726
-0.0314589330663757 0.0138268796278093 0.0188315295281669 -0.532556580438491
-0.0213809723518333 0.0107916920435354 -0.740071459772296 -0.468192499194893
0.00495338256178763 -0.0123655604668951 -0.818128608488479 0.495334743873438
0.00561939975555229 -0.0250062216083328 0.130638987586716 0.765866242860249
-0.00735271771303351 0.00339537390661471 0.50826282604618 0.21355321702864
-0.0191104068027545 0.0122444153535505 0.311156146664122 -0.204916998185167
-0.0180374115172995 0.00176240029187796 -0.0222816366403267 -0.308223924062679
-0.0123787367571273 0.0115965826618751 -0.0304960026609027 0.25648408495811
-0.019070085315593 0.00958879340361462 -0.265393777267101 0.0994576954067532
-0.0159137804376271 -0.00743398589823166 -0.405313258311446 -0.22329771929043
0.00103076458730649 -0.037114433904736 -0.0204515095939384 -0.644547697933266
0.000287979170424632 -0.0107808356346389 0.680312196253801 -0.384602643266175
-0.0157464523323169 0.0172067601108332 0.643028504128055 0.364513176213192
-0.0204571542368287 0.0421584894455116 0.0881731197785394 0.508024254146161
-0.0193486310288333 0.02159236778978 0.0625283554603513 0.0271598205547337
-0.0264578668488625 0.0270444900764444 -0.00117880770799844 -0.52569939284537
-0.006412569330577 0.017227062303365 -0.761494946411525 -0.429894670702826
0.015693314523337 -0.0175849290573205 -0.792947620508453 0.529590205922865
0.000193397975686698 -0.030622531133425 0.17148305073599 0.750643720584637
-0.0171017828928127 -0.000870108440713679 0.521822005988945 0.190622423277453
-0.024019835416246 0.0153272333375231 0.309755994590654 -0.213873112138302
-0.0217187314037127 0.00660090336639854 -0.0233990102207718 -0.308484382511318
-0.0133672246758418 0.0151766037986592 -0.0287376715804623 0.253640737789924
-0.0205104249861909 0.00874478578060657 -0.263539850137525 0.092822299031897
-0.0206232680958004 -0.0152721689580468 -0.390788902729004 -0.237485679992929
0.000315000877720595 -0.0389744993463218 0.00895613763859579 -0.650214351430692
0.0125407368210192 -0.0102063075728958 0.696665427654758 -0.361487336747974
-0.00234170617238196 0.0219021545194205 0.627927270639102 0.393418818196285
-0.0164939480218833 0.0505694764454604 0.0718148181065084 0.519008636702493
-0.019103639349451 0.028569360640915 0.0568395647623363 0.0330553617760262
-0.0184083230147219 0.035730386518062 -0.0183975393715714 -0.514875525501017
0.0093919858204984 0.0199752208058206 -0.773295068901003 -0.39634527482543
0.0244976419797401 -0.0194841720208708 -0.771389233254406 0.555562417779111
-0.00442908887281437 -0.0297100129405561 0.201917548922515 0.736319250208416
-0.0247361945643722 -0.00318790651791548 0.535441078520019 0.170609861150199
-0.0247663453248567 0.016144809524615 0.311765348335007 -0.222284825210995
-0.021210865611862 0.0107199750197016 -0.0232230114441109 -0.310091102380359
-0.0109670995201718 0.0168767543259644 -0.025298769783229 0.24958651410304
-0.0167831258847853 0.00602791614204685 -0.258764854929222 0.0885609908843191
-0.0228213172120258 -0.0193107008247328 -0.37978823386287 -0.239828265488676
-0.00134636599504268 -0.0369688386193987 0.0222814481495899 -0.647662197078638
0.0203872420689396 -0.0067993900695004 0.706322758590628 -0.349968562393836
0.0101593115410726 0.0242617902441258 0.625677481595323 0.407961188147141
-0.0111379955621567 0.0564690749655951 0.065391064195324 0.532101226500769
-0.0178448571747836 0.0337246028682901 0.0511665265304643 0.0438935911438636
-0.0102727844143828 0.0394360963198388 -0.023342353578629 -0.502144728977376
0.0219231225816015 0.019440140919127 -0.772066359418663 -0.379625247744188
0.031602578064592 -0.0187397053919098 -0.761592124066192 0.570418184188001
-0.00658176590549917 -0.0254353007569096 0.21173379885934 0.735282983775524
-0.0290105732216646 -0.00611175085808599 0.545038357543969 0.165798140531275
-0.020856800252582 0.0151971202306504 0.315831599321975 -0.226881756153608
-0.0174586931136908 0.0124107753189913 -0.0208774245581847 -0.312072426464524
-0.00421744809606068 0.0168314544211819 -0.0226547047634442 0.245843091324081
-0.00974616343926358 0.00439790718156151 -0.253748264093775 0.0876701006958832
-0.0214308753753585 -0.01992882784935 -0.374065562445218 -0.240349422462244
-0.00495146501454392 -0.0296285092380756 0.0228437228744221 -0.644392763517653
0.0231668386628772 -0.00339591844381215 0.708410894253262 -0.347518463947949
0.0192409568850056 0.0252595741836695 0.631896670762903 0.411543269143741
-0.00393082945012941 0.0556160683349327 0.0663908330983667 0.53831420268608
-0.0143499554655395 0.0334673021021626 0.046303473003221 0.0541258138370921
-0.00313088490782305 0.0383502978304092 -0.02168344263849 -0.491085639876039
0.0318314008871778 0.0171111501739879 -0.764511001336827 -0.37492658931457
0.0359272228950072 -0.014182350903206 -0.758386417052695 0.57112838967539
-0.00770910943150898 -0.0174106329759999 0.213512938947751 0.741427812015676
-0.0276610016339357 -0.00656171915605715 0.549153332326294 0.163827046915863
-0.0143150958676143 0.0116686637734005 0.322949371404438 -0.226232699566451
-0.0111842123948363 0.0119820022447452 -0.0167885771445505 -0.313528804994798
0.0124286042292554 -0.0022508011621794 -0.0193821464686098 0.258698620406985
0.0174068350541052 0.00417374183667328 -0.255544760865468 0.131528446857146
0.0165985328790091 0.0148692573449757 -0.451309439663292 -0.155498976538503
0.00551112305634267 0.00370085130689736 -0.14889769404417 -0.592169955476308
-0.0359648128851355 0.00600644603898812 0.607343478187744 -0.486194434973746
-0.0493888715885385 -0.00579652059670204 0.716066376355786 0.23037917984144
-0.0167484116559182 -0.00357920351438955 0.167431972076389 0.479696820555116
-0.00230899879759219 -0.0208079492284876 0.0782625140059514 0.0349156870694806
-0.0259064930489803 -0.0229315227855104 0.0704680827294752 -0.525622904939503
-0.0461342381032189 -0.0127931523363219 -0.66770434332285 -0.555368574756198
-0.0243410395781955 0.00845787524019384 -0.870934442305378 0.410535749743335
0.0110090132250056 0.0117997302611871 0.0304496338890187 0.806824316616083
0.0200219160616796 0.0172577748267975 0.478375807167119 0.267480046855067
0.0123993852157578 0.00135616461935527 0.326717527562048 -0.181744765150785
0.004413033331029 -0.0117086878729174 -0.0170027927583309 -0.30880391240868
0.00433339550745816 0.000528063689780702 -0.0214173192280372 0.260092080368235
0.00635164268925028 0.00762518661397131 -0.260059259279899 0.126562554805679
0.00851311101981543 0.0122627416001019 -0.448011399448905 -0.16815634924713
0.00322956099110333 -0.00770291033430206 -0.125979439257974 -0.606434671821393
-0.0320618199261197 0.000218118715305382 0.622368022941458 -0.467233005805873
-0.0477565229033799 -0.000719830113744659 0.702436261237129 0.256122191352636
-0.0204166661356316 0.00637887597129276 0.151725228323261 0.482594261744679
-0.00721923931097495 -0.0124850436656349 0.077352844873218 0.0271403530259665
-0.0310403163342103 -0.0123368280944006 0.0555886421568682 -0.533187267682115
-0.0429577563442812 -0.00489302540607749 -0.69315208457665 -0.532716666079328
-0.0162611902495657 0.0012170013621813 -0.857844555683509 0.437877090346252
0.0117025545884352 -0.00203748972310932 0.0597415971114822 0.795861614709981
0.0135155315299548 0.0134109579697737 0.486157635776511 0.250650369054401
0.00137148835015656 0.00450965005538215 0.318273123566737 -0.189345100417961
-0.00388468640053743 -0.00855176371135955 -0.0218583778473014 -0.306445915492219
-0.00244385810546292 0.00447657015484166 -0.0244419394464399 0.260408565955098
-0.00476875642808822 0.0095811840176041 -0.26312663394364 0.118937108013915
-0.000135692384233858 0.00700778731163087 -0.43785349705501 -0.184233933511064
0.00182616066992972 -0.0198666450669795 -0.0960364096792613 -0.622620956082201
-0.0237889977329535 -0.00468849907103969 0.640201959447174 -0.444965967944074
-0.0405266690938497 0.00467916668908627 0.683134756717846 0.287551776610229
-0.0223461769779149 0.0186574502308991 0.133176939225671 0.487770127541483
-0.0123443569405304 -0.00122272457429305 0.0746290119203294 0.0231439102100201
-0.0319450024829874 0.000758785403683865 0.0348442879630481 -0.536349108739959
-0.0343359687731185 0.00366698557724305 -0.720264626409243 -0.500686797134748
-0.00600671621539095 -0.00667745228394508 -0.838707598214267 0.470640315543258
0.00981352278251007 -0.0151695891140257 0.100832300483261 0.778917226541507
0.0033273620668269 0.00789908947344585 0.498137288342233 0.229691827828065
-0.00996749950654873 0.0091646566217159 0.312136656784239 -0.199765616524027
-0.012562453831659 -0.00338172059506234 -0.0260913040561296 -0.307045077286576
-0.00780677547907471 0.00801423488915541 -0.02590495872312 0.259439492684949
-0.014845381210629 0.0110529187448411 -0.265045018208047 0.111226404085494
-0.00959158294448922 -0.000363183386250418 -0.425083489315962 -0.203028645128489
0.000987459222396262 -0.0307197226104053 -0.061311266175495 -0.63447638748526
-0.012408034057461 -0.00980167222239309 0.659986018883917 -0.421011645370181
-0.0288827599951651 0.0112408764725202 0.663380086583363 0.323633370224847
-0.0216469315161058 0.0311089274219369 0.112244527517883 0.49875243056819
-0.0161093917144523 0.0102728922603797 0.0700343240000753 0.0229757814630159
-0.0302576959719696 0.0145458512856133 0.0113895305091386 -0.533709318844706
-0.0227627246135319 0.0114436682253503 -0.747964638688297 -0.461713830146272
0.00447372670677176 -0.0126610475647714 -0.813441011322634 0.504902708270715
0.00638155773227913 -0.0254317032596791 0.139789108540837 0.765226669314087
-0.00698977058917497 0.00382683933361816 0.511717916721132 0.205852449395489
-0.019210453363383 0.012643127971284 0.308322208819108 -0.209557113030901
-0.0183262688505185 0.00120577846515788 -0.0289988490161842 -0.307578560986291
-0.0137458827048696 0.0113720390535297 -0.0250696216562846 0.257223056461841
-0.019732841291775 0.0104090092497864 -0.264684138771714 0.10316588589585
-0.0165979850494784 -0.00757253615069838 -0.410092636493333 -0.218216237129867
0.000294627206507714 -0.0372425084339021 -0.0292547555878232 -0.645432487285622
-0.000177104971879886 -0.0108213809556494 0.677041055588206 -0.39301126303461
-0.0156483629859885 0.0173458275033527 0.645088065673975 0.358474343837
-0.0194954843254085 0.0426568397929241 0.0938887036307562 0.508145919189889
-0.0186592965735336 0.0216181981848403 0.0635786280836254 0.0268628412257344
-0.0247924130141077 0.0269228343022876 -0.00762036835562564 -0.526487843874603
-0.00672934039378886 0.0171547741250455 -0.767219643671157 -0.421722471778062
0.0152809314405429 -0.0180806337617922 -0.787709258777775 0.539250621610464
0.000178370061039814 -0.0298995772665759 0.180116610884847 0.748241070729772
-0.0171055398322417 -0.000362985284805401 0.526233901758245 0.184849449406629
-0.0233658733175538 0.0151908748174859 0.306795254387907 -0.217881444786812
-0.0211714516922508 0.0067184810611622 -0.0303516731063867 -0.308386482469338
-0.0125955891937214 0.0147063265591953 -0.0233404795225944 0.253366764245381
-0.020903847270664 0.00775249367315626 -0.262331879016136 0.0955129041180313
-0.0209348613226774 -0.0140181867032291 -0.393919133750198 -0.232527662394772
-8.3238819482901E-05 -0.0401703133770154 0.00147961054257221 -0.651707814871898
0.0118586163397143 -0.00947619764389368 0.695087320870662 -0.370478430403211
-0.00222501278676133 0.0220701612048649 0.633822850235952 0.387884325135846
-0.0155668606957686 0.050690065170046 0.0790888745830597 0.521063810629239
-0.019234824125706 0.0290995957137483 0.0577522765228953 0.0328209166792408
-0.0186650596708963 0.0349042830610998 -0.0227092659446792 -0.51620906414712
0.00991748214099039 0.0199181573084482 -0.778538637549709 -0.386492961518329
0.0245251559137429 -0.0202397736559638 -0.765717342451864 0.566464927296419
-0.00471632297323147 -0.030325290989792 0.208056505811534 0.735748679375573
-0.0241854510862586 -0.0034336342295876 0.537479032979505 0.164445555299919
-0.0242279606585604 0.0165080615935476 0.307307188646497 -0.226437427602557
-0.0215084528722214 0.0108534142072774 -0.0302535748428443 -0.309676974930981
-0.0103434443604017 0.0165461963514068 -0.0197116419040605 0.250293579918567
-0.0167985325529593 0.00642034917859653 -0.258487420448894 0.0927069297442461
-0.022214147223054 -0.0189688106907181 -0.384055167512989 -0.235080975920918
-0.0016852582738643 -0.0371497135519077 0.0149701820841493 -0.650126215943919
0.020601420314334 -0.00668492072579736 0.703159543398433 -0.360045144158419
0.0109075353511206 0.0252257834912287 0.629102157618173 0.403829576193311
-0.00921732378752885 0.0569756137857616 0.0732768043394783 0.533553370318781
-0.0176415425417277 0.0336035635829664 0.0520864131130516 0.0432421483195828
-0.0102824585292279 0.0392970889029225 -0.0275327310038813 -0.504283977349157
0.0228316887728038 0.0202553065545238 -0.778026009684178 -0.373897104560088
0.030730963110403 -0.0185480921997129 -0.756650783379011 0.578507482680497
-0.00699106423939835 -0.0257145234305331 0.219847209048078 0.733929657239367
-0.0289944006097292 -0.00561629672875227 0.54685864947128 0.156914923282144
-0.022037570658215 0.0158861466203664 0.313115639898582 -0.231241785433629
-0.0175764861664114 0.012325664164932 -0.0267029212641619 -0.310492732061428
-0.00493189376150582 0.0176941302377453 -0.0159905984625604 0.247342842944077
-0.0105069137546031 0.00507088211426251 -0.253075169966208 0.091284626395164
-0.0223147846240216 -0.0196274940419637 -0.376873070104966 -0.234774107016268
-0.00587911789324693 -0.0303309740305459 0.0164833290989207 -0.645914326074761
0.0234926008577523 -0.00305184041396279 0.708017701286441 -0.356574765251175
0.0197793502878529 0.0244646639598549 0.636610767090813 0.406660916858528
-0.00276056443682495 0.0562141551975408 0.0732529375266242 0.540685461632579
-0.014725582087158 0.0334772824897135 0.048021615380368 0.0538543320478233
-0.00254470542091031 0.0386361775443795 -0.027288223634493 -0.49245274847589
0.0311397242644651 0.0173156837685702 -0.768387792655935 -0.367808759199447
0.0353640475363476 -0.0146310622047178 -0.753590563878925 0.580391091990247
-0.00728116344766323 -0.0167110457382236 0.220889582214302 0.737241678443654
-0.0281664612282134 -0.00635745819791495 0.550161843998899 0.158229458477609
-0.0138605262596383 0.0119908611772434 0.319112962687254 -0.232129415011863
-0.0118036397951675 0.0122164684377152 -0.0222213744796525 -0.312764947248596
0.0123852270661666 -0.002798860954217 -0.0130699225239083 0.258264376336664
0.0172402167234725 0.00308982239300324 -0.253360669414834 0.135075650511754
0.0162839474040054 0.0146494027707002 -0.454551838160338 -0.148092153932952
0.00438888647104894 0.00382189227436371 -0.155684040376746 -0.589761075644274
-0.0359578594924446 0.00648706766299095 0.601921751252745 -0.49384183498204
-0.0488031258962749 -0.0050469193803615 0.719750227827194 0.219874915845503
-0.0161077752932573 -0.00287067399504437 0.171606913297624 0.479384023563869
-0.00199064969234679 -0.0214382683723928 0.0779959592844021 0.0335848161341351
-0.0258178084658915 -0.0233836651130034 0.0650039376767671 -0.528270570292947
-0.0466489353098427 -0.0120207342549791 -0.673711529199599 -0.548101073124623
-0.0250724642817378 0.00849520047342708 -0.865886032978165 0.422592324165602
0.0118832480389831 0.011501530016841 0.0412919940397754 0.807821708257009
0.0208107667452155 0.0162497338203121 0.482038109315874 0.260898377935106
0.0119884131067712 0.00131994438690859 0.322442264253788 -0.186364373143674
0.00419465027527321 -0.0118787788064538 -0.0241270610204201 -0.30649307725814
0.00466939846967008 0.000454791678025229 -0.0150088732904811 0.261641509688681
0.00565280033609203 0.00714727998084634 -0.258134773285099 0.129542316003308
0.00893663885174471 0.0124176193355561 -0.449915644179479 -0.160850819185247
0.00320003805190737 -0.00847022382930852 -0.132030545024993 -0.604588176337363
-0.0321898217134746 0.000974872683805127 0.617745928768135 -0.474415589486611
-0.046962008658273 0.000128974510029928 0.704234080011133 0.247196613750508
-0.0198211943505193 0.00673424678039815 0.157216361368456 0.481837219937548
-0.00605315031383489 -0.0122045717439058 0.0777721007075379 0.025561397118379
-0.0310110432254624 -0.0123221188678628 0.0490289345088568 -0.534495968519139
-0.0431807493018632 -0.00512674195597697 -0.698797033063468 -0.524832377544876
-0.0170454252309322 7.18769312882221E-05 -0.854761709818837 0.448174555377939
0.0120794003952715 -0.00248996683073051 0.0699685890653119 0.795205017726602
0.0131345635805496 0.0123478314978529 0.489469572101478 0.24353470772208
0.000431548734646766 0.00490567007394426 0.313627003988807 -0.194575987473391
-0.00457984031575844 -0.00735768331558428 -0.0297358393266228 -0.305560736746533
-0.00262417133284247 0.00462205646058522 -0.0181546864754705 0.260685772115264
-0.00458625810433546 0.0100174666715676 -0.261658444927384 0.123267922022319
0.00047514987985717 0.00658042193029103 -0.440768719784508 -0.177739455175572
0.0019211272795079 -0.0204721213370222 -0.102346400342662 -0.620744606362172
-0.0239440072869094 -0.00439460160475524 0.634343239380937 -0.455494769950997
-0.0401122234173353 0.00614686503405218 0.684826544462761 0.281713558897366
-0.0210800820437817 0.0190402083562824 0.137785624900369 0.487909696321441
-0.0120756267634477 -0.000153625572404581 0.075433354273211 0.0222760784572868
-0.0326464272531973 0.000876729969964205 0.0311621509289479 -0.537184493879489
-0.0348483338859076 0.00473667878233452 -0.728215506001488 -0.491787373993172
-0.0063803691051389 -0.0068471077335404 -0.833995256150642 0.479708061687725
0.0101537944303714 -0.0158612256247766 0.11099821018744 0.779085691475363
0.00284701045703769 0.00813811794472085 0.500229582062123 0.222270386627321
-0.010001726310556 0.00916172918929804 0.308142638105055 -0.203749189505997
-0.0124912020453169 -0.00260384983965369 -0.0342290450459087 -0.30647370566831
-0.00928261672369758 0.00834212497693883 -0.0188804360463286 0.259565060550478
-0.013477913641236 0.0113182150148655 -0.262630622060327 0.115406129776162
-0.00811828911600337 2.19850564366613E-05 -0.426532539065243 -0.19591838317042
0.000460831309502594 -0.0309619112359302 -0.0693983004257885 -0.635812630237276
-0.0125737605937544 -0.00884943921166063 0.654655144084387 -0.428301687031923
-0.0288286222024445 0.0114371625550684 0.667567992740326 0.317727577220324
-0.0211890473810921 0.0312293993387229 0.117746861156722 0.498222743379825
-0.0152855905570545 0.0114422120390766 0.0710880722962053 0.0223197428690207
-0.0304303505546042 0.0148609399998814 0.00766705466494285 -0.535577736684573
-0.0213983564146495 0.0119236798984539 -0.751604942122714 -0.454976626883739
0.00373715498290158 -0.0135198743983757 -0.809500128811373 0.516295764168739
0.00561266264358075 -0.0253356362820082 0.149594204378881 0.763754557864088
-0.0066549619692338 0.00335590736287425 0.514262020810306 0.199257878715014
-0.0182874409313435 0.0124665705841624 0.303517256590795 -0.213975478485001
-0.0186239436271326 0.00283292989137808 -0.0353920791426988 -0.305902900390706
-0.0121463381689822 0.0120940160208646 -0.0192097461227888 0.257058062961323
-0.0197379969188872 0.0100584348723195 -0.263713476155768 0.106142903243802
-0.0168881774645758 -0.00743959928959793 -0.410749921262742 -0.21256002506917
-0.000118176583086322 -0.038609282530695 -0.0361510609478253 -0.645488942315509
-0.00036500826833611 -0.0106817466245763 0.674062888786252 -0.400833651626062
-0.0152915103989187 0.0179321210067929 0.649602625824174 0.352594690842072
-0.0182795271916884 0.0428861936088961 0.0978988266053472 0.509247164870698
-0.0187256512031751 0.0217914713563864 0.0643855355850904 0.0260038946830211
-0.0250415870096877 0.0271278228670052 -0.0116245114387667 -0.528369641940597
-0.00665236379207682 0.018008924545508 -0.770846526469855 -0.414609621098812
0.0137967701647094 -0.0183850193257022 -0.780945215975598 0.548505243834467
-0.000178763431261143 -0.0306385838003051 0.188383449023902 0.746020931760961
-0.0169001134769135 -0.000801576792548709 0.52811549244779 0.175879618840639
-0.0234959377995897 0.0160648402359535 0.303751636932485 -0.222646804783974
-0.0221289352443352 0.00756698133683058 -0.0370286753863228 -0.307252097083297
-0.0132616817555517 0.0139421704542969 -0.0167384929255958 0.254078233248538
-0.0205653580522135 0.00858454593420775 -0.260953707902504 0.0987801116784546
-0.0207509293516849 -0.0141465962044916 -0.395839052325245 -0.22661469168803
-0.000282937720330053 -0.0395300637874018 -0.00530077581363075 -0.65162989838927
0.0114171418309537 -0.00936234826602778 0.691415362074079 -0.377120967632043
-0.00138270645219391 0.0228247190354518 0.638354001150394 0.381236110332081
-0.0136590905177914 0.0509466017724164 0.0832773170230961 0.519847375396729
-0.0186145819163803 0.028885062802213 0.0584911830147056 0.0314038257767907
-0.0168619139771004 0.0359627943573711 -0.0276239749477698 -0.5165880015749
0.00886286999517376 0.0199823840324762 -0.784231001304754 -0.381889176028059
0.0235008858453299 -0.0203927172296821 -0.759168454526084 0.576589226608475
-0.0053376297016608 -0.0302924400419018 0.21745662027734 0.732601415084128
-0.0249067796167006 -0.00277438164742525 0.540379933298143 0.158092208864198
-0.0241516660250672 0.017262566762683 0.304359813133694 -0.231887282962697
-0.0211811316242911 0.0120311964561863 -0.037037211365446 -0.308602485368445
-0.0107458824657018 0.0159190576189629 -0.0144108221833399 0.25025737690362
-0.0172233973339686 0.00695607172249699 -0.257528086634847 0.0957872355504381
-0.0236785637666981 -0.0189035537871264 -0.38586564749599 -0.229461501634594
-0.00208734221544186 -0.0375269394767708 0.00636561606455911 -0.6504958209575
0.0201147775119117 -0.00687311711105272 0.700586810346033 -0.368142929568608
0.010653917787513 0.0252896953828268 0.63438491624251 0.396647109052759
-0.00839394292178724 0.056983933346111 0.0770214701471052 0.53335986602594
-0.0176049992883455 0.0335086784770591 0.0526561039297824 0.0428945602275759
-0.0082384466552985 0.039812128300442 -0.0338184261098007 -0.504444050084085
0.0231494583884036 0.0192919749357685 -0.781404805764454 -0.362509523295265
0.0307888959038049 -0.0197551218556492 -0.751228027824691 0.588289209982103
-0.00696738302852018 -0.0254495133422837 0.230255544940793 0.731113946626859
-0.0285424336473812 -0.00453055396674596 0.548629134324757 0.15074387982725
-0.0203857157041482 0.0165257650554725 0.309195781731838 -0.236306057633234
-0.0175916074147988 0.0131830903448248 -0.0338331722380404 -0.309139689317634
-0.00494159020008897 0.0171153911159641 -0.0106359040170875 0.246571352408207
-0.0104053888260666 0.00496545825518352 -0.251953787264653 0.094793747795466
-0.0227312888447383 -0.0195826921984624 -0.380208451900817 -0.229860094958765
-0.00540096520877129 -0.0294052011902423 0.00778130413022325 -0.646956872211299
0.0228778660492862 -0.00272528830861834 0.705072310483407 -0.365354394367885
0.0200918465365334 0.0246561491694441 0.641510533490279 0.401642827092509
-0.00203400316311777 0.0563610287086634 0.0783062608515353 0.539848192722298
-0.0134735316003325 0.0329843259790862 0.049277238159898 0.0539028204894232
-0.00194954970309284 0.0381166219072595 -0.0311445103496337 -0.491746344951698
0.0321520225071178 0.0162778709516405 -0.77472014896401 -0.36123342457058
0.0354819245425392 -0.015527705938859 -0.747362750836319 0.590946394472523
-0.00745964901878178 -0.0170392451050467 0.230651460803788 0.736863766464624
-0.0287512288556386 -0.00556347708272665 0.553614481484621 0.151299621966399
-0.0140065116329705 0.0119739961517831 0.316135228293536 -0.236744481465582
-0.0111999273619898 0.0126512680000813 -0.0303637704938481 -0.311630004223471
0.0123595796164718 -0.00393763635126111 -0.00705445709465843 0.257330318023607
0.0165930699581478 0.00262149018256499 -0.250981728850595 0.138694442630009
0.0167833857075539 0.0145645553868036 -0.454143081252234 -0.139556967346456
0.00458079007674913 0.00330486609526344 -0.16171659920059 -0.587103972864465
-0.0363041615410453 0.00775277550324672 0.597252302965345 -0.500657355856934
-0.0491268129147581 -0.00369960167927657 0.721476814790545 0.211537187784056
-0.0155331673615313 -0.0034628078281288 0.176927346235196 0.478785091238451
-0.00162749612912475 -0.021683584360454 0.0785975458069261 0.0327277658065564
-0.0257869809857204 -0.021903178704168 0.0603643260130816 -0.530707377291375
-0.0468802185753079 -0.011329674422432 -0.679297969614299 -0.540735837944456
-0.02432960463111 0.00880779029927293 -0.86073141575359 0.432104745565075
0.012322897951275 0.0103645580027913 0.0525245443104415 0.804942075884778
0.020200987812313 0.0160838074202745 0.485180979083413 0.252824881766951
0.0124142201673066 0.00118647329479769 0.318691566131649 -0.191622595009462
0.00377014477447998 -0.0116621381887547 -0.0317508384529591 -0.305307188354695
0.00441343558359279 0.000693529051595169 -0.00871909504514439 0.259502579230203
0.00598268410275993 0.0063753730679098 -0.256351192675325 0.133628348958154
0.00797791207428004 0.0125617642609779 -0.450912927621301 -0.154096323327206
0.00292901672723448 -0.00903569414158025 -0.138143790078475 -0.601910182845589
-0.032287594037286 0.00133844468705517 0.612748834204102 -0.483539647003573
-0.0469507987156067 0.000417748365996798 0.70677949148299 0.240334649462441
-0.0186813137255126 0.00651748341472934 0.161405795431629 0.479493543732202
-0.00690492565352317 -0.0118573358277605 0.0785789778873161 0.0253666674012761
-0.0299140616440763 -0.0115219178043088 0.0443527922813063 -0.537400398744712
-0.0436014621445266 -0.00364855541128757 -0.70447006001611 -0.520687723146
-0.0169666947569035 0.000487951858785371 -0.848282073203551 0.4581721182532
0.0123483691491327 -0.00297339819048939 0.079957483972704 0.793001263245526
0.0136329103429573 0.0121038025783366 0.491313644547503 0.236185975485748
0.00118300954635819 0.00507686498909396 0.310584723362343 -0.198014795255574
-0.00587904548536788 -0.00750573493006417 -0.0363526952581007 -0.304488335873351
-0.00318294113763209 0.00372981872599049 -0.0116897772477343 0.259569638476634
-0.00533021078593295 0.0088752577699426 -0.259553518037352 0.126658543828196
-0.000379857823566908 0.00690494135729399 -0.441033447726269 -0.170183352757734
0.000936570088599886 -0.0207578494589345 -0.109912787301048 -0.618860941168665
-0.0247605213029862 -0.00374213435926394 0.629319782778022 -0.463088768774162
-0.0397629857214583 0.0068468735435741 0.68774155620874 0.272905162645474
-0.0197440749709769 0.0191765979841244 0.144522198430557 0.486192831183924
-0.0116479326605895 -0.0010919964936877 0.0754259679050625 0.0210430746165795
-0.0311671951444943 0.00171146402175317 0.0234526993645873 -0.537318634380371
-0.0346055826587225 0.00472816421241331 -0.733434825723406 -0.484986297380476
-0.00758348697541777 -0.00692718794171169 -0.828809755996342 0.490483418686937
0.00947939615138376 -0.0158979695249575 0.12205253459415 0.774926849781161
0.0038172901046366 0.00701053247056522 0.501805312443612 0.214035614753614
-0.0093988038909794 0.0094898457610934 0.304360746837304 -0.209388835589998
-0.0133874144180567 -0.00197212978251959 -0.0404649434853164 -0.304360555675951
-0.00864729917603481 0.00742307952882578 -0.0122268695967693 0.25899177932619
-0.0144998193309641 0.0103854423528264 -0.262142397601594 0.118666744565697
-0.00838487162109818 0.000956786088860792 -0.428836225071479 -0.188548394095408
-0.000326125557203546 -0.0314785172781893 -0.0769524621970133 -0.63329113903778
-0.0133926527485002 -0.00772233139162814 0.651226740675426 -0.436645334146428
-0.0282800796264784 0.0121216089360528 0.669407806440763 0.311111437372114
-0.0196277009451052 0.031796287438664 0.124993905019694 0.497041900018895
-0.014908850268586 0.0114542952255262 0.0716273672051716 0.0216188229300533
-0.02910706134311 0.0159620159034453 0.00189542038917551 -0.536165096573984
-0.0213472580530411 0.0126664743741166 -0.756499613675858 -0.445037726129492
0.0035845217875942 -0.0131001382486587 -0.800842485642187 0.524563054445113
0.005451486079758 -0.0256694542836806 0.158405492592127 0.759980332941925
-0.00712927641058458 0.00271098854086648 0.51548042441628 0.191059402306976
-0.0179366559505855 0.0138860609976966 0.300437147956408 -0.21837481597517
-0.0199199845517219 0.00348623708773958 -0.0426624505299712 -0.304894776848757
-0.0130458206542676 0.0110563660130443 -0.0116852919153194 0.25627692793179
-0.0201494314466376 0.0108489740656283 -0.261859267444053 0.110076318713064
-0.0163114581645348 -0.00678735948154034 -0.412187039814442 -0.20498022494748
-0.000544777919011634 -0.0385773600161736 -0.0430327438694508 -0.644363740626023
-0.00042386158366667 -0.0100901190733175 0.669341650126947 -0.408466499131434
-0.0149443773123099 0.0183521298977816 0.653257221342249 0.346292331098303
-0.0175786294530393 0.0430243604552652 0.105788371095225 0.508550529851623
-0.0186115379377421 0.021582508869317 0.0653036746538513 0.0255098901735427
-0.0230117015605794 0.0277954484947957 -0.0167141219467652 -0.528579274696072
-0.00603475399502193 0.0183944248991029 -0.774810374675392 -0.406006403422498
0.0134923433861012 -0.0183423539668549 -0.776112761622282 0.557993070654306
-0.000480044760494812 -0.0303335633037449 0.196961884242873 0.742856142572177
-0.0171498240264929 -0.000672853930371807 0.529715894277811 0.169361170255093
-0.0229024624975955 0.0162243239411289 0.298071734607166 -0.226688144626692
-0.0222786341600929 0.0083354403739696 -0.0438450136099644 -0.305367409983153
-0.0131656244421041 0.0139175493350855 -0.0103359349460255 0.253507567677982
-0.0206326320159578 0.00949761169726914 -0.259132427033542 0.103219609231334
-0.0209781331378266 -0.0141794239560192 -0.398787125575873 -0.219432114115926
-0.00184654259741275 -0.0405077637444862 -0.0129654942227767 -0.651237475915657
0.0112395379493306 -0.00994918975822512 0.687563955669901 -0.385259131137356
-0.0010998070591969 0.0231230099973595 0.640648725939364 0.375734352711999
-0.0131359848410612 0.051621911062398 0.0904581989094725 0.520741837985971
-0.0181270225758008 0.0289194564160304 0.0591332909693674 0.0314786244954754
-0.0168891075055893 0.0362813415009285 -0.0338703241920239 -0.517245288338833
0.00925196162918206 0.0199014482049176 -0.788026832451822 -0.370490274625559
0.0223933032054297 -0.0210764646547948 -0.753005924422092 0.585882629941053
-0.00517108868706427 -0.031445494312385 0.228153564867905 0.729582279869321
-0.024487093544467 -0.00288979086341016 0.540175199723543 0.149245009052018
-0.0239393757250161 0.0165767421472458 0.298668677895316 -0.236288656552352
-0.0216169389677297 0.0123712181999262 -0.0438813369218633 -0.306757196231242
-0.00995875385197439 0.0155613310392559 -0.00790160462839863 0.249672920719488
-0.016883720692568 0.00686049968355595 -0.255381064669145 0.100128912414423
-0.0231429561722779 -0.0185462727288022 -0.387876461007578 -0.22168723737147
-0.00318465020150053 -0.0370476618719201 -0.001926328266367 -0.648739187405636
0.0201160811152094 -0.0076823152984124 0.696047627477956 -0.375868424487288
0.0118338418054475 0.0256408319441908 0.638371586131505 0.390654415300584
-0.00739473408313011 0.0565438555318208 0.0835378833426186 0.531630430313107
-0.0166604187737346 0.0343585635869469 0.0543388994228766 0.0423709726513661
-0.00825330496010047 0.0391630628752432 -0.0380463210816924 -0.504024297858325
0.022755053969451 0.0187880165305078 -0.785535860823746 -0.354827518505285
0.030235458171937 -0.0202433672403538 -0.742373429512221 0.597646986101327
-0.0076704298057576 -0.0249295269669018 0.238828033687129 0.727136742246949
-0.0287730685723519 -0.00423368827207897 0.549382366317511 0.14067793444856
-0.0198535196652471 0.0165441466999482 0.304226737470779 -0.240600124312524
-0.0180270610665308 0.0138937387929548 -0.0415175644895996 -0.307887101710548
-0.00432941339049533 0.0162715733516773 -0.00387950493010342 0.246147599087256
-0.0104780675927373 0.00494085261102615 -0.250557213206287 0.0992751459036729
-0.0223260582606086 -0.0188989370645022 -0.380719017996119 -0.222916475203266
-0.00650213780036639 -0.0296327425521089 0.000256799674477013 -0.644705698880588
0.0229078755108636 -0.00371753430739147 0.698769906165752 -0.37305323027966
0.0208745094929515 0.0245902441987189 0.644488561506584 0.392892432453643
-0.000503682683480619 0.0563334952205868 0.0860754525688559 0.540721744756289
-0.0142659699022596 0.0333793499265083 0.049225940508158 0.0532039212837103
-0.00177623206345887 0.0384137872751889 -0.0354798428238787 -0.492334517885939
0.0314945081773305 0.0161820908805658 -0.777129065140825 -0.351215050078033
0.0350128443653539 -0.0165185043998668 -0.740611127512592 0.602832221642143
-0.00739186933491576 -0.0168992841099202 0.239025796576589 0.731314688961163
-0.0290426174000542 -0.00499890870490413 0.555163548656148 0.143319930555559
-0.0134413717520544 0.0123846027106687 0.310964939089778 -0.241725553770732
-0.0112851098932392 0.012404125938955 -0.0364023471819644 -0.310258464644113
0.0121816657134118 -0.00424853161379323 -0.000357039302258845 0.256409979943322
0.0159171655380966 0.00214230765998891 -0.248319090853751 0.141096009229279
0.0169615013194 0.014303037196715 -0.454112271528596 -0.132466661150303
0.00468525106403592 0.00266490762824619 -0.167708215943496 -0.584171157193752
-0.0362818454513146 0.00810937477937072 0.589603223077541 -0.506529867701763
-0.0486162702963237 -0.00299783597822072 0.722416818766615 0.206119417699685
-0.0152996513472878 -0.00275597041208955 0.183060855702249 0.47634062817337
-0.00195057640686467 -0.0216003591807178 0.0792213090302287 0.0313587717769695
-0.0255459057795009 -0.0217459770288268 0.0538493470963538 -0.531193941368167
-0.04650377021361 -0.0108465460155058 -0.685480735570127 -0.534856765262531
-0.025193322704321 0.00889577289467102 -0.855223258749771 0.440942095367828
0.0125724157087898 0.0114287851264547 0.0617007677192352 0.803644340646203
0.0214061325235904 0.015507513555642 0.485910448013297 0.246185431393292
0.01316924476342 0.00101889093228933 0.31305830569361 -0.196580654345261
0.00287139081245599 -0.0116903360917396 -0.0391379778403183 -0.30193128272023
0.00422736402449697 -0.000997944857232806 -0.00278844161887271 0.258350495698313
0.00564342853323072 0.00633108480770251 -0.253382352793389 0.13639203498969
0.00872789990544804 0.0117766707751693 -0.451241605489578 -0.146907879077438
0.00279013055260944 -0.0100259783171639 -0.145434040802716 -0.5970731192208
-0.0321410382996288 0.00188844262967207 0.607278216691791 -0.488154522645216
-0.0469504051267038 0.0016952640064471 0.708973145622376 0.232468289595692
-0.0173005279232237 0.00727034211902795 0.166723575651309 0.478805271971523
-0.00645288019146204 -0.0121114509046846 0.0787699532078377 0.0231177821145978
-0.0287810550382921 -0.0106477435663449 0.0377881892400527 -0.538192607348478
-0.0434957359408883 -0.00346475689739811 -0.709353255543714 -0.511668007394048
-0.0176114143937071 0.000465363323100081 -0.843336025827759 0.468060689282845
0.012266499294849 -0.0035733592826756 0.0907815894399766 0.791746973243696
0.0134966114012897 0.0125282826652784 0.494186006673352 0.22880803761084
0.000437760387909217 0.00517295468480869 0.304689548421733 -0.202909785607727
-0.00521649136569805 -0.00737296264351453 -0.0432134921788918 -0.302275814031753
-0.00356665200978652 0.00307043257304847 -0.00466722234569643 0.258827189423609
-0.00483416062644991 0.0100054298406134 -0.256823980812411 0.129846011080393
-0.000186743147249325 0.00655643474221758 -0.442283869516392 -0.163069814468553
0.000606760315713094 -0.0219667672696248 -0.115387199328056 -0.616410866661325
-0.0249505786414512 -0.00300238390579569 0.625651051651664 -0.469720901460176
-0.0396142436909621 0.00720304821690375 0.689250938120104 0.266398358855796
-0.0198104866049911 0.0205514273326224 0.149208755142364 0.485160137319607
-0.0114143640480597 -0.000729302539265752 0.075688351451038 0.0204024878677107
-0.0308812602960919 0.00331462791824512 0.0188749667193424 -0.53846425613866
-0.0345372199611783 0.00627356807282239 -0.736389468790568 -0.477516127829797
-0.00889526220034813 -0.00696033462050006 -0.820869351215144 0.500354363717851
0.00979661724687594 -0.0160443283024883 0.129434301824988 0.77305004576878
0.00396667686706399 0.00735395277030361 0.504795499257239 0.207489258547497
-0.00917315540335153 0.00933045678268637 0.299387317145447 -0.212482008829333
-0.01355334912915 -0.00189485613784767 -0.0478480390559826 -0.301897206693008
-0.0088569895284989 0.00774970971658992 -0.00604908525492733 0.25733545813663
-0.0139606723520987 0.0109608234493393 -0.259234591274649 0.122399579651614
-0.00935051274755093 -3.91321236277221E-05 -0.429033751523454 -0.182042432311619
-0.00103535420359813 -0.0317284427039385 -0.0831947597785593 -0.62974430171942
-0.0135604828072588 -0.00798513002294745 0.644565417062053 -0.441760051412595
-0.0279808088819089 0.0135539886350205 0.672995987672939 0.302250004255332
-0.0185581855216424 0.0332499509090678 0.128687180928388 0.495469505476989
-0.0152105090399509 0.0117796909686672 0.0712737218302378 0.0202285165588012
-0.0287300895872436 0.0163519814769826 -0.00320857309085117 -0.537024135363725
-0.0224099322353731 0.0130338193162368 -0.762560672069195 -0.437806970677761
0.00298015165709482 -0.0135564327101941 -0.793818553768094 0.536832780985694
0.00464070860413637 -0.0260385752993626 0.167259898078645 0.755389763544211
-0.00614896946382496 0.00320721569033627 0.516391986689032 0.18358976282088
-0.0173933497683639 0.0139142027849075 0.294338671127647 -0.222568494919611
-0.0194018802809442 0.00380708395672136 -0.0509949978808733 -0.302049934181396
-0.0129844908294724 0.0105441361898674 -0.00518718988457761 0.254951721136556
-0.0198412188921299 0.0104069669519753 -0.258350198708725 0.114196112383175
-0.016349704910132 -0.00677068393247655 -0.414679878920675 -0.199592584654904
-0.00127042555999183 -0.0388924186137945 -0.0499468400047068 -0.643802387387804
-0.00144614941469847 -0.0105435102156941 0.663995036714233 -0.416032189956392
-0.0140977294460086 0.0190639312226975 0.65707925657024 0.339440739200193
-0.0157219500860985 0.0436371508634296 0.109873727246934 0.50846636722007
-0.0176441422132944 0.0220777376693359 0.0657351807656174 0.0245179964010091
-0.0231117638989803 0.0280931103018228 -0.0241665013841627 -0.528982488673806
-0.00626698324847318 0.0184184840136309 -0.779660456502217 -0.397949796479102
0.0129796059602747 -0.018539310325719 -0.76945947091181 0.569102215901823
-0.00106010782269034 -0.0312905500201226 0.205855492092484 0.737563046034757
-0.0165866098123829 -0.000250134663652781 0.529536150901709 0.160679900887061
-0.0226329536340708 0.0173265597055571 0.293259806842787 -0.231396989803881
-0.022750470384462 0.00884321335106916 -0.0506134032602721 -0.302392366713661
-0.013164783963805 0.0136839048235028 -0.00306391509554755 0.251840151346923
-0.0211029174636911 0.00925260124661396 -0.25759390854617 0.106104847944581
-0.0222153532706459 -0.0129376982064316 -0.39809286519263 -0.212997727337777
-0.00192790283311966 -0.0398342410127955 -0.0216082708923557 -0.650474412572034
0.0106156623809964 -0.00972312669337788 0.680920368325963 -0.393380271630379
-0.000786359479100295 0.0230514132890764 0.643965202425148 0.368570264878941
-0.0119204594144526 0.0519804484646116 0.0972432366244771 0.520467874810123
-0.0177878730800483 0.0295670136766394 0.0601236459436072 0.0306082196986003
-0.015476169714869 0.035855275402263 -0.0397174779570298 -0.517132852999671
0.00940136031541577 0.0199947502270409 -0.792083091966433 -0.360217862626809
0.0217086710384524 -0.0207919992160686 -0.745858365335363 0.594194113022878
-0.00620145067136321 -0.0304115171652388 0.234853935013172 0.725412169066994
-0.0246188700654109 -0.0014527971859472 0.54168849776672 0.141875295879286
-0.0231444902306343 0.0179101419287012 0.293849036011332 -0.240704123354448
-0.0216843901596041 0.0126607737455218 -0.0510048345551773 -0.303860063351736
-0.0106161626293577 0.0158689356664871 -0.00104511055966165 0.24869915259738
-0.0173752901149449 0.00656641725382519 -0.252586085147281 0.103227144334378
-0.0237340162279357 -0.0181068504732944 -0.389434122917496 -0.216052167398735
-0.00344980500851011 -0.0374386961837461 -0.00961982335509282 -0.649297264847688
0.0194537808978017 -0.00737946466684317 0.690921120391853 -0.380838452994442
0.012075562818196 0.0251396029862522 0.641645516015456 0.383073751761605
-0.00662379841282648 0.0573642826146377 0.0890820941806827 0.533360177617266
-0.0167497050788863 0.0338432985323603 0.0541296947105721 0.0423453919875157
-0.00772460380011363 0.0399640369299143 -0.0439563948895864 -0.504488331400091
0.0232067824318901 0.0191142682634555 -0.788186135598611 -0.345504619997743
0.0297612573174423 -0.0208129216471935 -0.734912122133682 0.606868705754815
-0.0077812887436707 -0.0245912581447526 0.247388339228917 0.722628154271375
-0.0291037174774331 -0.0040132282576235 0.550261003875325 0.132452585457867
-0.0202248024923624 0.0165750630844611 0.299178277737071 -0.244055732092157
-0.017521857188652 0.0141853059742905 -0.0481442025945693 -0.306107492888611
-0.00482151429255849 0.0162300446724598 0.0030593832041133 0.244086950766428
-0.0107167578226366 0.00468796321657457 -0.248107898523977 0.102078312638333
-0.0242875811386675 -0.018611267608368 -0.382092059656288 -0.215630484931145
-0.00570907508862004 -0.0295098073721129 -0.00558715699391014 -0.645913341037082
0.0233368417978078 -0.00421907725807862 0.69233778109485 -0.379818980799086
0.0208775803000597 0.0232915171025809 0.647725434974238 0.386777292189154
0.000380795448311775 0.0571437768271392 0.090769558044015 0.541094145972373
-0.0137628076993351 0.0331809634957325 0.0507088091297218 0.0527891103062348
-0.000569481847168438 0.037725686270842 -0.0423451481865579 -0.492863651473523
0.0326901276081061 0.0148203820660778 -0.780815872985117 -0.343555963790728
0.0346310153058984 -0.0173189647126624 -0.732296378198458 0.608938034190966
-0.00749189571203946 -0.017055889364877 0.247638040653664 0.727280098018045
-0.0285781194964579 -0.00506777292969924 0.555418746621506 0.134963109153109
-0.012777831745571 0.0120275509554679 0.304488542357009 -0.245010291451973
-0.0117354970590458 0.0132850103555349 -0.0435899105675413 -0.307292321140101
0.0114351215577617 -0.00467484277445639 0.00678464777976605 0.253710051507621
0.0164656247047022 0.00209476855002953 -0.244920286050214 0.145204894564346
0.0174172366214504 0.0138003844312004 -0.451638080559187 -0.125601291086406
0.00414972437869101 0.00193858826790011 -0.173452947998658 -0.578000427735567
-0.0364611916415792 0.00877420703513506 0.584213736863862 -0.512567697858689
-0.0486632584693168 -0.002500258820252 0.721911592821843 0.196584731839584
-0.0149930208646364 -0.00197847418712807 0.186522439128329 0.47302743411023
-0.00266275126190447 -0.0216133946763998 0.0794046326397306 0.0292541051575716
-0.0255538706114559 -0.0213516923228984 0.0467894775692598 -0.529886463597533
-0.0470170998776288 -0.00968449921382838 -0.689151214218654 -0.525962069399156
-0.0250820201645779 0.0087184090016989 -0.846820956993258 0.448924249375686
0.0124086122581907 0.010631054073462 0.073185776401838 0.798383801155594
0.0214888691815227 0.0153199105573025 0.488133013102507 0.23932859916399
0.0130148925563518 0.000677665398917233 0.308329161704264 -0.199882619428567
0.00272304861057961 -0.0112839598863448 -0.0488052774557409 -0.300152446039178
0.00390083105641723 -0.001822747951551 0.00456411216280591 0.255966509938915
0.00549563632538008 0.00609274408215245 -0.250484386754867 0.138915639044919
0.00948614113906657 0.01081518504007 -0.450106402682163 -0.138721448106461
0.00256123890620522 -0.00920706395974044 -0.149787350033904 -0.595904127804135
-0.033280784398677 0.00260126691018839 0.600047567699623 -0.494591646474982
-0.0464771957097738 0.00331404824629998 0.709389491522919 0.224918086448835
-0.0173813538168433 0.007368878119291 0.172326711963641 0.477647822133891
-0.00649160589033533 -0.0115641668264075 0.079199696557153 0.0224176567716963
-0.0298129260732784 -0.00975661349958712 0.0329404735936138 -0.538190687779923
-0.043826129607151 -0.00161119624956403 -0.712670144154269 -0.50415174128478
-0.0185692152044182 0.00147560512456418 -0.83371893171987 0.477303092536148
0.0122333430302364 -0.00371030829950711 0.0978633197908957 0.784941076522233
0.0140046621720307 0.01175014492989 0.494743469554989 0.220608101969756
0.000779865446501021 0.00537065036822821 0.300164852179049 -0.205661976371065
-0.00591083268278993 -0.0068055694546502 -0.0520375581714491 -0.297823592367741
-0.00386310098136375 0.00313388775862896 0.00247748203643929 0.255958021970613
-0.00515673836475522 0.0096643371899602 -0.253958821874381 0.133318961068829
0.000548638502838473 0.0070809822839333 -0.441890247150825 -0.15452336374642
0.000398879248227742 -0.0219267622501053 -0.121780215074312 -0.61253221703321
-0.0248708319514003 -0.00311949319688134 0.618945639677609 -0.474110625217953
-0.0389901040441329 0.00830165734939152 0.690141293796973 0.259417163235153
-0.0185916581229776 0.0197938498133303 0.153648017490526 0.482704790844268
-0.0119004647977789 -0.000524388004043892 0.076238891517263 0.0195427724410753
-0.0300098288667289 0.00313284464529456 0.0126677454718965 -0.539644890305356
-0.0348861879259932 0.00697549808254583 -0.741885820438476 -0.46686683983149
-0.00799526207489566 -0.00657336398547523 -0.811399022076793 0.509295699203214
0.00831540439525797 -0.0166777128510505 0.139149552199908 0.770779261084327
0.00420683864576041 0.00770676487019339 0.506293982393965 0.198989124228013
-0.0097629813272789 0.0096576929761769 0.292834688777852 -0.216481570671425
-0.0140954826228566 -0.00143684097396802 -0.0559170914967448 -0.298842654610029
-0.00924786452653754 0.00693892882667819 0.00100050859955484 0.255181369165871
-0.0141355026527517 0.0111332290353929 -0.256133772032298 0.125165781335316
-0.00948036744933126 0.000467657162252127 -0.42799548683703 -0.174662609377677
-0.00138395454135484 -0.0316099666697965 -0.090688606930641 -0.626639454166552
-0.0142562299979263 -0.00719408711027213 0.638669075256851 -0.450091332721827
-0.0277899642805644 0.0146418477320948 0.673342342731439 0.297305506725098
-0.0170461615494506 0.0327132623064017 0.13300208334891 0.494132583694879
-0.0143477539751191 0.0110882791965914 0.0719611769245406 0.018854201275568
-0.0285839650992054 0.0164775786122704 -0.00784061266762183 -0.535657359236964
-0.0218890461370542 0.0139346706387394 -0.763298265933714 -0.428528541829715
0.0026694766932761 -0.0138519847625668 -0.784333251961897 0.543818040286348
0.00421831297214307 -0.0261189783858184 0.176294107095349 0.752077593901686
-0.0062939553100458 0.00304070666888143 0.516573486292501 0.175611350563428
-0.0173090084638736 0.0137599593490344 0.288254984360402 -0.226614977830566
-0.0199522694472303 0.00470842056002364 -0.0582105588177437 -0.298420346744246
-0.0130547055411578 0.00995231620056352 0.00203571949047459 0.252764454781499
-0.0200978017741713 0.0108736616858453 -0.255907243691062 0.117697623433473
-0.017512139208995 -0.00669642310801111 -0.413946170924228 -0.191415918313051
-0.00209188599404603 -0.0382445218864276 -0.0566586905505438 -0.640684694352745
-0.00105015490482738 -0.0097404063611891 0.657324147971541 -0.421608526967797
-0.0132446910306008 0.0192834387841484 0.657655401819282 0.332584670056946
-0.0146953763801681 0.0437156342989854 0.117259905496559 0.506877162001028
-0.016682889262449 0.022382271293321 0.0665563052030999 0.0234346544289858
-0.0223325316812391 0.0281161849830588 -0.0281479739969821 -0.52808559769896
-0.00547240351193616 0.0186824253468329 -0.782144565739645 -0.387893766451333
0.0122919456331792 -0.0186701646026666 -0.760278129376212 0.575440106972829
-0.00164007829282814 -0.0312334980303812 0.214616288470517 0.732865999085292
-0.0165292440339237 -0.000107466095339372 0.529413976772649 0.151616484861525
-0.0213253686035471 0.0164563088046658 0.286599540219182 -0.234630172734674
-0.0224691510966599 0.00963996958741405 -0.05929362127788 -0.299259459356706
-0.0127515883123131 0.0140246757524348 0.00395602288779547 0.248608601714725
-0.0213461532840787 0.00924067871189134 -0.25386332010882 0.110070640028056
-0.0213002636346683 -0.0130948351606652 -0.39875492983599 -0.205386120482054
-0.00272926352999983 -0.0402010654770159 -0.028490757368121 -0.646530999211481
0.0108460831052256 -0.00945591073091854 0.676553590669193 -0.398341074760443
-0.000148545490049203 0.0232365718610278 0.645265390575046 0.36427526442842
-0.0106496735094657 0.0517790173544991 0.102118620321044 0.519760765309363
-0.0181807958510168 0.0301755726145453 0.0606291724807604 0.0304512521829576
-0.0147113528147606 0.0358124912400625 -0.0446482784241369 -0.516160346970747
0.00922604856394803 0.0200360358588772 -0.791742802486342 -0.353428566043748
0.0216049560158601 -0.0212449964125681 -0.736779650068731 0.603195141762363
-0.00564110915990857 -0.0300655127949093 0.243151148664395 0.721487426987178
-0.0248727715600722 -0.00122535376771819 0.540798345818196 0.131967532936507
-0.0224568628260937 0.0177142820142802 0.287196248251182 -0.243245845910249
-0.0224460141878321 0.0138001441493509 -0.0588051657887924 -0.300460021352636
-0.010520151075121 0.0148779516513148 0.00674150627365514 0.24560226413209
-0.0178212616582163 0.00708794724703063 -0.250536930019533 0.107439937470513
-0.0240213838211786 -0.0171251902784402 -0.389181717731083 -0.208721834079969
-0.00445721477065697 -0.0371555804170045 -0.01490993070197 -0.647049023016496
0.0194825375326332 -0.00722867489915904 0.684357092521323 -0.388948418731315
0.0126113806004468 0.0243608670935646 0.643694210868393 0.379465044247223
-0.00496464491817744 0.0570963032962529 0.0965342974170697 0.532060099689179
-0.0163561049384482 0.0343507080623409 0.0551694011552736 0.0419939927844502
-0.00676068284415384 0.0400990959183895 -0.0480734915913108 -0.505035531449888
0.022951549168321 0.0190668955362366 -0.792258267889268 -0.338022435430317
0.0293322469954871 -0.0218279554485841 -0.72650646730384 0.613401329029112
-0.00880497835821421 -0.0247899105279098 0.25422503902706 0.716704024857717
-0.0290764842853369 -0.00363573458936802 0.548349539088906 0.12413078576286
-0.0193379221214799 0.0167102532832183 0.291808443786897 -0.247028460746401
-0.0176524692815284 0.0151098094228587 -0.0568404191060346 -0.302573708033951
-0.00404743951211543 0.0158033356401298 0.00941749115391677 0.242627815061985
-0.0104102978307111 0.00464911521840374 -0.245437999868211 0.105838820984019
-0.0239340803864406 -0.0188037794667653 -0.382727901396684 -0.209295802249356
-0.00708296345563604 -0.0295890855761303 -0.013498470757623 -0.642947343660027
0.0234813143404932 -0.00348198516916868 0.688238033064399 -0.387624910867312
0.0215579314384801 0.0226024013463615 0.65040215267991 0.382079964392759
0.00150937825542132 0.055531936187121 0.0987426545588028 0.542829930871915
-0.01396327772159 0.0331367266284444 0.051350517799759 0.0520861619278451
-0.000771262025723881 0.0360725489509189 -0.0464922149815899 -0.491825553591347
0.0316895984755628 0.014803310353532 -0.783032164785795 -0.334299469263359
0.0337775675806615 -0.0177663851432292 -0.72525936167905 0.616498664130918
-0.00661247258206891 -0.0162636550361246 0.256546137978404 0.722517203389665
-0.0284796073688064 -0.00448313058001537 0.554892808376226 0.125067452905109
-0.0127378469273105 0.0126331991626562 0.299081561739319 -0.248183373124065
-0.0110685577482044 0.0137604292382073 -0.0521377302664229 -0.303492325185404
0.0116793040142835 -0.00547297888979705 0.0133126292260249 0.250760948017918
0.0159126860361041 0.00113224591713497 -0.239978705514719 0.147452057038317
0.0177659594727924 0.0134135209767829 -0.451830978446565 -0.118874055951253
0.00388347902849865 0.00115445096585177 -0.17734828851896 -0.575203916554208
-0.036497613611136 0.00950199483592492 0.57902434043982 -0.517625798019892
-0.048503428947761 -0.00138666702082296 0.722235843970579 0.188599414380857
-0.0134173508895805 -0.00116213261936125 0.191475540742251 0.470899890399167
-0.00214632607346024 -0.0221182581763806 0.0791208916237809 0.0282269877071727
-0.0251166746750796 -0.0208975791995028 0.0407518809997426 -0.530970376575529
-0.04614903202593 -0.00878381636723462 -0.692264856159849 -0.518748074708075
-0.0260270402954824 0.00865946386780932 -0.839843280711095 0.457515293682501
0.0127313992152224 0.00983306476778388 0.0818614577549214 0.796961685640789
0.0220105086042235 0.0144244231788348 0.488466484250088 0.230392637659376
0.0130228398768113 0.000602508026582741 0.301352582377119 -0.203482124580845
0.0023037304677981 -0.01123489836062 -0.0553587275707196 -0.295333156831745
0.0039301559392365 -0.00176848312569394 0.0118942899440334 0.252571784869079
0.00548886546710079 0.00647303879660314 -0.245917064225069 0.141222679997592
0.00945562757341688 0.0115287349418973 -0.447878484062095 -0.131134903472156
0.0016549276470844 -0.0107033566757168 -0.154723057341735 -0.59113623965529
-0.0336943364657105 0.00296246832001465 0.592877839771516 -0.498568812190267
-0.0461782776968247 0.00305770962082309 0.708888393887777 0.216854245928989
-0.0161378467330782 0.00800735695485563 0.176715148521262 0.475209012043246
-0.0067084236358816 -0.0118017228472791 0.0793608844599249 0.0214476622225439
-0.0293605300680011 -0.0100063121627584 0.0268428333652561 -0.536976041606887
-0.0438664224167009 -0.00142594118139355 -0.715882036505638 -0.497069198217452
-0.0189237039517093 0.00171067155560405 -0.824749914708771 0.483237707827043
0.0111415174745523 -0.00392055789323814 0.108774850450504 0.782474502965709
0.0141867238712017 0.0114849320539439 0.493435735994972 0.213774014411688
0.00146185153692278 0.00512178681420135 0.292970095597406 -0.209457702207262
-0.00615529753001325 -0.00702749935093978 -0.0595381020744421 -0.294392761146402
-0.00428218216198494 0.00212524826432434 0.0102966505812979 0.253040095234389
-0.00556816232425516 0.00990895694130839 -0.249316283703835 0.136450167292457
0.00058053519576909 0.00672147099995751 -0.439221764713686 -0.147958979579272
-0.00123267836737494 -0.0228540427132517 -0.126731522945211 -0.607920377775305
-0.0256386299529354 -0.00259643917634447 0.610986404713386 -0.479745629431579
-0.0389265289221255 0.00983101615484768 0.69114664723701 0.250641760606642
-0.0174702839979598 0.0199223531543931 0.1589600871506 0.482266189397069
-0.0110005865237587 -0.000133672949706287 0.07574239058488 0.0181438722688223
-0.0296086053921022 0.00387518711994243 0.00650493812434985 -0.540983307282841
-0.034463891576019 0.00745630361637684 -0.743596935066672 -0.45971217390152
-0.00947911383009624 -0.00621531018717638 -0.803777392621094 0.515286439324936
0.00857640075632786 -0.016996690835746 0.148365367983877 0.762736182320525
0.00478533772499645 0.00725390545100226 0.504103632581914 0.191300035559214
-0.00932217112815376 0.0103387640144579 0.285919846366335 -0.218785692028064
-0.0149908430459467 -0.000559531945138109 -0.0643232652111946 -0.293528840787177
-0.00983685414371112 0.00686460378200981 0.00949252124713682 0.252457451223764
-0.014593421614349 0.0113407270259974 -0.251979907076275 0.128129004883177
-0.00822695471867987 0.00054464199843392 -0.427560046413935 -0.167947968652772
-0.00278320095229448 -0.0318415745867972 -0.09526316356735 -0.62478425621203
-0.0145892761236287 -0.00662771056573476 0.632450130312222 -0.454657582265812
-0.0271028133823812 0.0143886900915974 0.67565427636508 0.290175042290949
-0.0154948429079613 0.0326220887528685 0.138539520785394 0.493174992182766
-0.0142954115835952 0.0120213515611678 0.0722702940678692 0.0186772782949886
-0.0270076869813185 0.0173695263519563 -0.0146217127353722 -0.534965343863392
-0.0209702508798601 0.0148307171240839 -0.766720358129775 -0.420705091377064
0.00134667223859337 -0.0131850521348791 -0.777712883031644 0.550517260115776
0.00424816245055647 -0.0261482061851359 0.183675086848081 0.745402348073334
-0.00613987039186061 0.00329728531734032 0.515175194868319 0.166330536911253
-0.016913408764284 0.014766678817167 0.282134053295599 -0.228833847507854
-0.0201167292560661 0.0055327340985445 -0.06673881020138 -0.293834190126516
-0.0122517304820556 0.00995915801193739 0.00864282672439305 0.249282067170534
-0.0195594029184068 0.0111976276762402 -0.252175205789437 0.120607575824368
-0.0166588237633331 -0.00596543996557081 -0.411746140688161 -0.185017600257846
-0.00298716750170034 -0.0379433624987114 -0.0632024888454564 -0.636001200297537
-0.00151170906678305 -0.00906347358831537 0.651867118824769 -0.426618818999393
-0.0137695539733183 0.0200083230794429 0.658687142929286 0.325665951995642
-0.0137822204349583 0.0435320028025507 0.122211940063454 0.505201376789194
-0.0161721774044762 0.0227798243758034 0.0669004213553748 0.0223731473629365
-0.0218745525369654 0.0291798030525372 -0.0347553961739686 -0.527786078045657
-0.00576885703465785 0.0195078982646289 -0.784606925226292 -0.38056694809253
0.0121296962193645 -0.0189629506207695 -0.753072253233829 0.582554239622585
-0.00154734333681876 -0.0309588623820358 0.221550061969892 0.726920271709919
-0.0161863246964311 0.00042123654123198 0.527776485115957 0.143762922729544
-0.0218890458391404 0.0178836677196013 0.280903119329528 -0.238082875295984
-0.0231499584831072 0.0107251668168282 -0.0677505818037411 -0.293910822010889
-0.0132460157712125 0.0130550074651605 0.0109698233485884 0.246490257349444
-0.0206466926100645 0.00959971470607023 -0.250789813007126 0.112734270801394
-0.0221693744635268 -0.0124805137776437 -0.397934683052262 -0.198370506567753
-0.00368340042617519 -0.0403010769519338 -0.0348606526158373 -0.644673638989423
0.0107071080003307 -0.00950702939956136 0.667414240201182 -0.4038352480245
-0.000230495673115547 0.0235029720873212 0.648351375611165 0.357317821119375
-0.00948367099378454 0.0517340014803426 0.108213505384061 0.518784857613814
-0.0173135818645711 0.0298091051276955 0.0617440669372819 0.0298086548470219
-0.014657472056434 0.0361537124997492 -0.0493630724052837 -0.516420465090946
0.00964626373801464 0.0197525740603288 -0.794760527458964 -0.344111439964859
0.0208118639712114 -0.0218989575465366 -0.726592961044345 0.610094687164625
-0.00646304381113232 -0.0298392944189447 0.247886430481384 0.713500988646705
-0.0247123717342838 -0.00114221259921034 0.538250643270711 0.124080202624626
-0.0228242816984062 0.0188891623099908 0.279682056061603 -0.245758010312283
-0.0218555879119604 0.0143141773872355 -0.0666261375894794 -0.29571535763276
-0.00951940730874995 0.0148331479871426 0.014103112641029 0.242757230428112
-0.0183276152526178 0.00676353310272169 -0.24644737181975 0.110674909431364
-0.0251976152006286 -0.0173227027828674 -0.388407038775539 -0.201804097611778
-0.00479458844658315 -0.0371766341843588 -0.023382860340283 -0.644441681088856
0.0192629522330576 -0.00774809345185878 0.676999636294111 -0.394407420287369
0.0128998970104073 0.0248429473929843 0.644569772689338 0.372030332239315
-0.00414627938529073 0.0562916044848936 0.102080839915144 0.531738889028953
-0.0163867805878185 0.0340287596977601 0.0569105536820604 0.0415324605805369
-0.00619589712214924 0.0389714773384441 -0.0530490386194578 -0.501658651012508
0.0227037440634091 0.0183627816305169 -0.793191590809734 -0.329129421220778
0.0283613814415938 -0.0218565308973033 -0.715749460849417 0.621637949217172
-0.00851594181892033 -0.0242955130540725 0.262282533217847 0.711978644250755
-0.0290134124991293 -0.00269719367558709 0.546349867315474 0.116543119647703
-0.0194007283941668 0.0171212419668806 0.285353226914064 -0.249740583583797
-0.0176919600095317 0.0156701917429888 -0.0642409200909313 -0.297407703091421
-0.00455043567141288 0.0151055131051854 0.0172116894581046 0.239057692763868
-0.0107862099612902 0.00460650754396681 -0.240710788309032 0.10904541869588
-0.0245113219997715 -0.0181088981427362 -0.381951648116919 -0.202169748251526
-0.00761165475220841 -0.0289770492026361 -0.0200720382506227 -0.638804001387513
0.0224332678552375 -0.00415165693233716 0.682202587586164 -0.391147524683534
0.0216041418404016 0.0230961179175788 0.651138848048744 0.375259168431474
0.00261220435350023 0.0550438088685705 0.10252919298916 0.538579458437082
-0.0139412012495045 0.0336188498033379 0.053026994200385 0.05126246781423
0.000521059000060308 0.0363842664309469 -0.0507380696345668 -0.49096988271138
0.0314891365224668 0.0144759396635187 -0.784229263289096 -0.324248461108064
0.0327369625439884 -0.0189334454260066 -0.715783346581864 0.623479573078419
-0.0076919940185582 -0.0162832318445552 0.262536556519962 0.714598907074135
-0.0289930951422728 -0.0038350629404563 0.552507674317128 0.119407160644848
-0.0123198841219524 0.0128178990289442 0.291866166265122 -0.25041845138174
-0.0114932736982646 0.0138819152480869 -0.0599510620635638 -0.2990539216346
0.00801244420593267 -0.00702956933598839 0.00457431232556964 0.246836002182528
0.0163387267911929 -0.00197487079016677 -0.248268754416837 0.136594748973934
0.0219584214844053 0.0118747922593825 -0.443647690006917 -0.141344835884299
0.0116834540967755 0.00266921991229691 -0.140160127648065 -0.583513220527377
-0.0354806827307992 0.0169206087985287 0.603405501249063 -0.485787440727623
-0.0536501167231513 0.00369834865789338 0.70836748616435 0.229530167394486
-0.0159710699593218 -0.003858666068342 0.164178338096271 0.478809552008493
-0.00116515530154217 -0.0213133323510644 0.076570537699845 0.0332048831079352
-0.0216727252120927 -0.0194158167152026 0.0746512019177833 -0.528596560456347
-0.0414525758470519 -0.00858348867936558 -0.660438022005363 -0.561014243095805
-0.0212408572668333 0.00800705765957318 -0.867183669909155 0.403771558310729
0.0121513718112643 0.00816110297538977 0.0389857248088277 0.79060706356451
0.0171193119408057 0.0147451712885758 0.469817991498353 0.253057585676361
0.0108150580664233 0.00335223088172772 0.308164628011232 -0.184767014649663
0.00282857865067523 -0.00715676125847794 -0.0434279142226933 -0.295553153866167
-0.000517101009724732 -0.00334836530737862 0.00311051936209272 0.24951525557765
0.00511036075046901 0.00181687219483209 -0.252556095509405 0.130750707699356
0.0140855826886072 0.00866574122566573 -0.438808116160796 -0.153853034285473
0.00958361810284732 -0.00924084555542736 -0.118687410985453 -0.598761006341126
-0.0321183995769095 0.0111659671066434 0.618488035839314 -0.467828772696337
-0.0514697048975667 0.00881728414420975 0.690914541573272 0.257105055758691
-0.0200923644064123 0.00699207295790125 0.150183940655935 0.480860895060179
-0.00526262733822441 -0.0117154460162341 0.0765870842906012 0.0249638750128798
-0.0258179798763941 -0.00758604103090988 0.0581160210316368 -0.534575209657327
-0.038299490463582 0.000128480365529718 -0.68467109866564 -0.539457076474282
-0.0148816004850714 0.00080875955310314 -0.856422464048122 0.431556895938534
0.0116215970263546 -0.00568632345894127 0.0645692003453438 0.780103092992997
0.00993308821836565 0.0118285256388326 0.475952496276585 0.235182077041781
0.00016308913997224 0.00781812683068328 0.298993102687893 -0.191375122731772
-0.00550560947627327 -0.00299586662651145 -0.0490496638683773 -0.293127623518636
-0.0085717048111274 0.000747259869263319 0.00109732127331746 0.248543264301955
-0.00587609806651565 0.00590631865717813 -0.254463416760276 0.123057140457676
0.00569370869245734 0.00347075509207205 -0.430151345000236 -0.17220918359887
0.00753013701341428 -0.0205054354443746 -0.0897420734526814 -0.613114605046606
-0.0243765064536502 0.00636327617052277 0.634378758564114 -0.446508798507591
-0.0452159660696564 0.0143982378805204 0.673371840341653 0.289706153542108
-0.0211926717119607 0.0184700500669375 0.132904570982103 0.486868173437926
-0.0101887928174647 -0.00110415138826293 0.0742686009669306 0.0222729332393575
-0.0269055126543587 0.00431476734010979 0.0395709241355281 -0.53548218095418
-0.0299611637433126 0.00940897511164437 -0.713058642845001 -0.504862630978892
-0.00504575970276568 -0.00640912185676703 -0.836080645085977 0.462057847518352
0.0091769023453673 -0.0183334739691089 0.106524861631205 0.763669260633164
0.000680874051857875 0.00736357901175344 0.486943036450584 0.215510131883098
-0.0097335131003023 0.011756718056525 0.292981159603165 -0.20002078210173
-0.0139656658212718 0.00312433183847826 -0.0518195418947682 -0.293731794525364
-0.0145943294254561 0.0046170447811762 0.000602835395194 0.24760410785758
-0.0141366803851077 0.00718281063656254 -0.256840311664806 0.11626474985475
-0.00395087113446611 -0.00263043359127026 -0.4148447391262 -0.189564407058394
0.00613562700618297 -0.03091212526277 -0.0574797828975234 -0.627052629087896
-0.0136618283732193 0.00160456532608239 0.654250184519592 -0.420890191146261
-0.0346068947107246 0.0204817284576773 0.654114531843478 0.326735453432389
-0.0210581002447427 0.0307261180132342 0.112259477162506 0.497815342778455
-0.014121496811931 0.0116073402103795 0.0710585240207133 0.0224466847098543
-0.0252765336227203 0.0186004989355647 0.0181339140024373 -0.534778003197776
-0.0173780168620206 0.0160539542912545 -0.739455048346051 -0.465783403750375
0.00599295362220994 -0.013077859899746 -0.811491299155944 0.502701823624717
0.00552099944533632 -0.0278487231470949 0.143831364564014 0.746483066174317
-0.00934823940627133 0.0041662815411473 0.498673866864208 0.190038419884963
-0.0183005240877461 0.0159848099859058 0.28812383219224 -0.210816747496508
-0.0184387790469974 0.007935121628116 -0.0548537446609374 -0.293576776273898
-0.0182134462819131 0.00795957613543841 0.000842684525787043 0.24552743298084
-0.0203638658135919 0.0071421344713352 -0.257037045621884 0.108166808636786
-0.0120955706682486 -0.0100028621060985 -0.399809220107176 -0.205707989788627
0.00626791256413376 -0.0368169502343398 -0.0244007296389478 -0.637223801076018
-5.96455592929146E-05 -0.000327445753782761 0.67142879499108 -0.391540291440382
-0.021787153217345 0.0257176265753953 0.637106775332456 0.361876621200922
-0.0188502761707105 0.0427147851341788 0.094956160555574 0.507087237442197
-0.0168154831491489 0.0217298259394416 0.0653764795314076 0.0260321554487554
-0.0199383199630132 0.0300652760035104 -0.00217564032607181 -0.526065726817635
-0.00213646407254035 0.0206316383954668 -0.75878292118855 -0.426985551799371
0.0161528754067673 -0.0182557820909214 -0.786564950404516 0.536122700112374
-0.00039542547574585 -0.0322497838971135 0.179356921187668 0.730479371903238
-0.0195568729056245 0.000698652837009267 0.511920475398947 0.167732508606507
-0.0228002238424886 0.0191564077278585 0.287442032477008 -0.218248397967192
-0.0217217450886101 0.0131213632510378 -0.0553873919442428 -0.293090348989939
-0.0186162923337514 0.010930501815909 0.00367407271375447 0.242918730773603
-0.020947431909043 0.00489615780824437 -0.253842590078467 0.102280592539814
-0.0170727257483832 -0.0157514120557909 -0.384521719342573 -0.218540649999012
0.00571288793826339 -0.0379860360834875 0.00380293176145593 -0.644191273927891
0.0115686845557398 0.000269179842883813 0.685884003726179 -0.366510752151151
-0.00770983002560898 0.0293887029957091 0.623945518507851 0.391678152074217
-0.015762908799301 0.0503357760256889 0.0801382720824463 0.521084625597184
-0.0180764440139484 0.0292170351988608 0.0594284220428662 0.0330985114953733
-0.0134528077438593 0.0372166044033307 -0.0176715314084314 -0.515000898222418
0.0126513002289948 0.0217814559587638 -0.771010799081832 -0.392886605895463
0.0255547004704517 -0.0213701519434337 -0.76570186473274 0.564095138756126
-0.00448406679156564 -0.0318872961160071 0.208569659482565 0.718684489965455
-0.0272269088982049 -0.00108826751570612 0.524155873568717 0.149855910889955
-0.0232092861935751 0.0202955271707646 0.288033214236631 -0.227562955265221
-0.0200992974604641 0.0169287397460495 -0.0531797151070179 -0.295051125243167
-0.0150074347564052 0.0131900553910342 0.00587849439346074 0.239390660292499
-0.018300381152128 0.00257336810677872 -0.249535102385378 0.0991018063770054
-0.0195853274141913 -0.0199312430265842 -0.374710580073228 -0.221410936104122
0.00457960927367574 -0.0338138809065302 0.0143582355554349 -0.641974531320855
0.0210440540994678 0.00281953443945466 0.695132023505693 -0.3569633417133
0.00478109695447985 0.0311359999589512 0.619474732784818 0.406264838732557
-0.0104213964715067 0.0543518673804702 0.073980256216686 0.533266893382914
-0.0183606390017853 0.0331429693763024 0.0542811311021857 0.0441500048713632
-0.00582368731309232 0.0407933452467887 -0.0215637111345567 -0.502190413122731
0.0267907533648109 0.0201445627618417 -0.769793171079796 -0.375466079789181
0.0335071040635153 -0.0208387530167076 -0.755134790663814 0.576600787780512
-0.00641109005014989 -0.0267837009369291 0.21969156598904 0.715829106811603
-0.0313116774769709 -0.00197363439246443 0.530757649268502 0.142501029375801
-0.0199954913560361 0.0189430987625734 0.293472145077965 -0.230561433383144
-0.0171168642626547 0.0174615833972295 -0.0512215462401836 -0.297065603499175
-0.00897511579324889 0.0129991128909083 0.0102211402595634 0.234838194720699
-0.0106015028525219 0.000213278774661258 -0.244910269180406 0.0970099311542475
-0.0196203531707435 -0.0213567274688688 -0.367821767180243 -0.222266645405261
0.0017115055550446 -0.0261624874181643 0.0180286254193812 -0.638182788655936
0.0245969528401901 0.00532769662945398 0.698511250907147 -0.355610734788039
0.0136286125174861 0.0298928959810536 0.625765741907541 0.410857998927792
-0.00473645615249298 0.0536991810367638 0.0736827565337019 0.541183099220644
-0.0162685239124488 0.0322376070413574 0.0492476388286363 0.0547597386438993
0.00107944593084579 0.0382150838305997 -0.0204276095439823 -0.490935964539105
0.0347006059477892 0.0166064339424005 -0.761919840043284 -0.370204627816156
0.0374254751393384 -0.0181048453088198 -0.752642679019464 0.576448156592344
-0.00577345723256992 -0.0179857850172564 0.221414494948349 0.722036728217597
-0.0313334776828516 -0.00350193540940559 0.537334233329446 0.143102611471442
-0.0133979419619176 0.014882120804408 0.300177808150624 -0.231854790579497
-0.00991358661319022 0.0163188174200138 -0.0466226504120296 -0.297021075896054
0.00648109235016156 -0.00752346157344997 0.0127796877266851 0.241728508147369
0.0163140272553187 -0.00214506385564821 -0.242137696838457 0.137293966222435
0.0226895543445631 0.0110562906229897 -0.440179804741074 -0.13431503116853
0.0113339923668058 0.00198376937386911 -0.145349042048421 -0.576950200643779
-0.0356530660580849 0.0175938955875153 0.59759770667815 -0.491004290459072
-0.0527820864057083 0.00354949952367524 0.706979405102983 0.220208964743029
-0.0160097382991483 -0.00393844580600679 0.167373156272044 0.476130214291216
-0.00136020578823953 -0.0208820151433469 0.0762559125731868 0.0311609057361724
-0.0209255890060292 -0.0191170872243002 0.0679468852491187 -0.52790289015791
-0.0414455554105604 -0.00710920903052555 -0.662920721812529 -0.554833370160199
-0.0216048675950792 0.00837638699655666 -0.85916169012016 0.411062113890699
0.0123973162341826 0.00758676752204079 0.0461634402667405 0.785165229709035
0.0170281344518889 0.014822298359862 0.468794033875923 0.24378303970212
0.0113536550901623 0.00309462062445973 0.299765794725414 -0.187108953670182
0.00189958550102512 -0.00722943350681786 -0.0532326573718544 -0.288909860442736
-0.00140003134989216 -0.00387368725238507 0.0108228588311375 0.244026134754736
0.00495940540757311 0.0025250685470548 -0.246712389692757 0.132257358624453
0.0145184793416306 0.00870298362282817 -0.435557252656227 -0.148272143155126
0.00855016969171226 -0.0101748659599153 -0.122678289624907 -0.59214814550636
-0.0320484460764117 0.0120376857783146 0.612521447869695 -0.469779078672516
-0.0507932054611086 0.00963710430277975 0.691722052752474 0.250627895404525
-0.0183449632167166 0.0073208142017614 0.155736391848795 0.478339090594962
-0.0050713057741986 -0.0120523058204065 0.0768739304914355 0.0243014519444844
-0.0252590113868843 -0.00750898705742718 0.0521233688045049 -0.536587825410666
-0.0382430529091466 0.000728394769594118 -0.688027899203302 -0.533758240663341
-0.0149063096835943 0.000653168071515569 -0.846390068601428 0.438770342954413
0.0115415127412713 -0.00644284109602405 0.073711449420461 0.772540790332111
0.0101333230079931 0.0113403866793699 0.474753198946162 0.226595235698817
-3.34213551714865E-05 0.00739947305591716 0.291420231081643 -0.193265276448308
-0.00555764430700334 -0.00276584169299143 -0.0579527968284964 -0.287437862152144
-0.00923159258721938 0.000666338093636019 0.00954503282095717 0.243838920379097
-0.00610032301645245 0.00594305613780298 -0.250080261900101 0.125650961241669
0.0048099787466523 0.00376620490742863 -0.425531276698494 -0.165152920133883
0.00632659774818813 -0.0209047900543982 -0.0932995454543685 -0.607825323452311
-0.0243861011165314 0.00663738007350492 0.626899113387062 -0.451308972212794
-0.044287287525381 0.015434616324937 0.672215714744125 0.28282060581513
-0.0198645783282768 0.0196305707878291 0.138449028524436 0.484969273004088
-0.0102965221482247 -0.000947694715436797 0.0754709607529013 0.0206004088078721
-0.0259242000496471 0.00545469057121708 0.0339246867706083 -0.536458075647421
-0.030192993698266 0.00961380857898247 -0.715690393526357 -0.496795557194691
-0.00506964875066677 -0.00589468811705167 -0.826175760779546 0.470479156111565
0.00826963233743064 -0.0177989835722442 0.11399480198227 0.756664565180524
0.000866337906883701 0.00788629151314856 0.485000725302662 0.206918532514615
-0.00947133243453759 0.0127989864438196 0.286010695126035 -0.202343624501188
-0.0135542183013515 0.00241611854216655 -0.0615555426115629 -0.287276110641196
-0.0141271912512176 0.00401259705189995 0.00947663009352132 0.242449034854806
-0.0142500801466769 0.00785808946534606 -0.251564960731356 0.118999652757679
-0.00401726046062885 -0.00283899053401895 -0.413264531084442 -0.179428875082434
0.00569203086162724 -0.0306423146725665 -0.0614805929027798 -0.622368728996206
-0.0138742662710378 0.00245013360400719 0.646523883650233 -0.422138298885907
-0.0336521053216966 0.0211135884993323 0.653859012119034 0.321058900694677
-0.0192590788908854 0.0316908820194795 0.117509778143007 0.496240399349885
-0.0136386917368789 0.0111644169877237 0.0709504127044623 0.0212673165955875
-0.0236056418773225 0.0184692856897251 0.0121853360922901 -0.534916575380306
-0.0169661407971808 0.0166266934955436 -0.739755397102268 -0.458819479377981
0.00520285472722948 -0.0130470150783552 -0.801374379438711 0.506352611114027
0.00404819319638237 -0.0272757670982733 0.15038760154053 0.738329948106761
-0.00916846325720858 0.00349862166400051 0.497876120585448 0.184110097232539
-0.0171204896121579 0.0165794327392647 0.280855212961688 -0.21171158808901
-0.0181415118738132 0.00932607253285952 -0.0639101183038719 -0.286841301126571
-0.0179438784048748 0.00834098148165691 0.00947077578846453 0.24066612988638
-0.0203731866869788 0.00680041528542707 -0.25079821769235 0.111209691245424
-0.0114391702014706 -0.00999310878639517 -0.396828420747075 -0.198436056927716
0.00538790525057749 -0.0368946667307171 -0.0308603700954034 -0.633213533626963
-0.00122473363134791 -2.49152743137526E-05 0.663974689218816 -0.394293939928444
-0.0203541294313411 0.0263725759686992 0.637246326192488 0.355455729870074
-0.0167026328599919 0.04225616940006 0.102223626808386 0.506639340181635
-0.0167719830844029 0.0219847318391595 0.0653165822415619 0.0254745662539703
-0.0188991590164146 0.0304759223462143 -0.0065835292583627 -0.525915507302452
-0.00190613434591105 0.0210684973974889 -0.760397381154467 -0.416199224408231
0.0149672091124237 -0.0175207474435539 -0.775446096435113 0.540420372754004
-0.000459604805933649 -0.032186405516729 0.185743938682321 0.72273802119867
-0.0196817246716683 0.00128758735304815 0.510001065597671 0.160151757844198
-0.0217015321320816 0.0195284178796385 0.280130379863468 -0.21943204026038
-0.0215072911115597 0.0136453796011734 -0.0644640500556316 -0.287589048528091
-0.0176695555648239 0.0106125607649672 0.0111426638984352 0.237354009347893
-0.0209673411333928 0.0055069380622111 -0.248767396447394 0.103744216147117
-0.0165573349830529 -0.0154139465343164 -0.382803900245897 -0.211404028808023
0.00498507038573102 -0.0381977032969357 -0.00315292269983294 -0.639227903245227
0.0110378445171903 0.000912918687462197 0.680215824235736 -0.371645757342176
-0.0072745175565441 0.0293827997730259 0.625000363213234 0.387509012703462
-0.0138363810306335 0.0495430482185897 0.085773460143275 0.519059622121558
-0.0179280692272991 0.029359825100374 0.0598433658683231 0.0330144725826521
-0.0124362806178545 0.0373550598413942 -0.0228189588622342 -0.514444617560972
0.0129791561155115 0.0222605198066414 -0.770966492998829 -0.382479126604169
0.024119345718636 -0.0207747839258524 -0.754607466602863 0.567973658800961
-0.004688255146528 -0.0311408696627468 0.213560837245011 0.712080694585072
-0.0266906288932491 -0.000465941234137537 0.521074864873227 0.141183364384638
-0.0228513677568859 0.0204692234585464 0.279658568198381 -0.228240088795507
-0.0207506955075826 0.0173799280714179 -0.063744763537072 -0.287904865675141
-0.0147022724470837 0.0129746816284043 0.0149527709307276 0.23390383122319
-0.018229212573442 0.00240966088428963 -0.24455048876282 0.10183366794053
-0.0196750173188265 -0.0198474385358035 -0.372657246163134 -0.215252368060916
0.00367606000866812 -0.0345091502098929 0.00941898962090797 -0.639003886235236
0.0205987259656435 0.00294880934998956 0.687043999501714 -0.361183067856494
0.00546395110428015 0.031416048859985 0.620123214857989 0.40086677470952
-0.00990878915027636 0.0542858010898893 0.0794542729623171 0.531320115557858
-0.017954505594788 0.0328824604636679 0.0544599961596167 0.0433014505641174
-0.00520248079165055 0.0405794121936526 -0.0255317798081335 -0.50092708753458
0.0250582080414876 0.0206241143524192 -0.770913544419895 -0.366122448825986
0.0313127987092397 -0.0217243003757141 -0.744381532757983 0.579930889639594
-0.00702165348879089 -0.0261725685441498 0.224985698797728 0.70894638893318
-0.0315018164813331 -0.00145101127571669 0.528536545348118 0.134670028303572
-0.0197660188627924 0.0186472760261665 0.285630427992738 -0.231923299610564
-0.0163723706610888 0.0183328199946421 -0.059615935708519 -0.28956399722916
-0.0092631065315262 0.0115431547196069 0.0171162597831802 0.230723959862963
-0.0111189804948521 9.41468423206046E-05 -0.240692131839693 0.099734611503135
-0.0195743655115522 -0.0204041321346549 -0.365766387540919 -0.215720229867502
0.0013286781125457 -0.0257862789699657 0.0104044611789546 -0.634798931498509
0.0242046274957149 0.00559731155366746 0.690910598800376 -0.35823750463994
0.0137242738806661 0.0294459053743137 0.626606488756216 0.406078288942604
-0.00368462973763989 0.0541909889912771 0.0804092197459896 0.540952245213054
-0.0157746979207886 0.0318560908962172 0.0499814936987874 0.0541913438059614
0.000861134397211954 0.0381333540800655 -0.0262710575123026 -0.489643501786442
0.0345986525404651 0.0160800763189398 -0.761638443223454 -0.361740703881199
0.0376272164107733 -0.017899588345282 -0.741891524058974 0.584045626462663
-0.00569391801942459 -0.0181930060742623 0.227037562143409 0.715638539601897
-0.0311169531974523 -0.00218362186797482 0.534331350577978 0.135070504541351
-0.0129478941112588 0.0152516424829692 0.292587694283024 -0.233329359112661
-0.010899172868691 0.0171522661731997 -0.0551414587201983 -0.291906230055839
0.00679485650051057 -0.00829116733363559 0.0219387391396513 0.235239294354182
0.015711082669946 -0.00265583027221039 -0.236425080744494 0.138538066131308
0.0224903406934197 0.00986001036395648 -0.435711652156884 -0.126446013295995
0.0102798419346336 0.00120613204306971 -0.145985610591362 -0.57239810602203
-0.0353271283560739 0.0182383285034233 0.590856145864427 -0.494188021439212
-0.051988459223412 0.00474426540081279 0.702493825242921 0.215516710210345
-0.0146666530835266 -0.00383692025362772 0.173596336670876 0.473857492167173
-0.000908607048764638 -0.0211270991306466 0.0762572404299379 0.0302520120629449
-0.0205314025827696 -0.018681259031298 0.0619484434253062 -0.528134177342688
-0.0407723268177473 -0.00698032330476713 -0.665314642562699 -0.550371804624251
-0.0229514562759599 0.00869862354296992 -0.848910384351028 0.416813245741476
0.0119323355737131 0.00635367341367081 0.0545457761605305 0.779021168434521
0.0177474493558645 0.0136546091136839 0.464887374440102 0.237090265848401
0.0112505157815244 0.00324877543183881 0.292129856015884 -0.188511517283698
0.00224581898441793 -0.00652177671615442 -0.0625898607332234 -0.280106441603881
-0.00247195710115787 -0.00417120580182995 0.0204967029008738 0.237676018402729
0.00496376242488316 0.00258981803056584 -0.240831948723056 0.132601390080219
0.0151924144363767 0.00820245505734974 -0.430997974221486 -0.141783794246008
0.00748002083157613 -0.00992567891754744 -0.124318402132126 -0.586486335846325
-0.032517097822232 0.0129606298895692 0.604857378052752 -0.474371255534623
-0.0500907407374069 0.0106224134568625 0.688544572536653 0.243892985325683
-0.0175278500544348 0.00740375736596218 0.158262112258944 0.476978890495933
-0.00423670601947282 -0.0114295021155302 0.0760560602127866 0.0227649574854899
-0.0241187109172821 -0.00737121621282831 0.0473128553389468 -0.534555999078763
-0.0374448407702841 0.00194487232583468 -0.689498516501528 -0.523593066424726
-0.0158638077956421 0.00136929436434313 -0.837170575645686 0.442899457577906
0.0112713143559938 -0.0065203475865947 0.0827764989392377 0.765370326737499
0.0105967545667423 0.010543049326472 0.471678367092272 0.219807197281966
0.00100128158551366 0.00730009269078273 0.283790520319294 -0.195626572215443
-0.00711315639948672 -0.00211162115001483 -0.0675120310562526 -0.278628438573888
-0.00946152337783798 0.000650974629081898 0.0183997924813385 0.236780572866791
-0.00573759550391435 0.00541041212738173 -0.244459831430427 0.126679856913446
0.00620958504409906 0.00343531913975309 -0.42067688020896 -0.15762863890016
0.00491912540924471 -0.0214071211347917 -0.0976269960530352 -0.603609875469854
-0.0250714542092813 0.00724532793561314 0.620600746006478 -0.45330892038097
-0.0436698375900663 0.0160600607615868 0.670846793396679 0.278620898813293
-0.0184819692740662 0.0192952046336043 0.141803502108262 0.48336225576515
-0.00954172396196611 -0.00107013577223768 0.0742440519993167 0.0194630831723625
-0.0249418482201694 0.00594597498628587 0.0287265954406753 -0.535528357182765
-0.0298520252427893 0.0101261039533138 -0.716508710242667 -0.490646369434153
-0.0068535124561843 -0.00498256759183426 -0.81795118495779 0.474978384297146
0.00783784410696331 -0.0194319015874457 0.119396114230156 0.748701647778894
0.00162697748287769 0.00673274287926571 0.481899195382357 0.196895943709634
-0.00928666606402703 0.0121611642179931 0.277548741940177 -0.204488485591554
-0.014201728360048 0.00428591905635868 -0.0711065605367043 -0.278864257030735
-0.0152378211627795 0.00419955836504623 0.0176737088623639 0.236536883663751
-0.0149327491976325 0.00817024881183649 -0.246484270339787 0.120236849879227
-0.00353771486220241 -0.00294018074289971 -0.409311436167704 -0.175062516732286
0.00363815742038344 -0.0309548005392615 -0.06554308165353 -0.61677854855513
-0.013853421698866 0.00366634117662857 0.639786294203833 -0.426521788790914
-0.0326308633087737 0.0221118076482458 0.654869711868194 0.31520394361525
-0.0179348366803219 0.0315250322951722 0.123596714313906 0.493600975266772
-0.0137003018983864 0.011660469073378 0.071795480759591 0.0207269716206979
-0.0230350541933857 0.0189009402143215 0.00829141778652787 -0.533094032566217
-0.0159502073119216 0.0175791708439716 -0.740423924429747 -0.451321868584238
0.00461216216798092 -0.0121267306762178 -0.792709178378819 0.511931776140491
0.00346099678874213 -0.0277634707244552 0.155150114452088 0.731152423966252
-0.0086793657914958 0.00367385124211036 0.493444672527481 0.173858007951473
-0.017516095264468 0.0167598195739775 0.27267674286549 -0.213140532606167
-0.0191471121016192 0.00935037178400054 -0.0733885244574862 -0.278181265857441
-0.0185928584471377 0.0085328449038286 0.0190931584391583 0.232810446072045
-0.0199528412923763 0.00764506459441961 -0.245242818572262 0.111631611680429
-0.0113048688846434 -0.00911829016172832 -0.393858298530791 -0.190563135751982
0.00405461603429546 -0.0364837769483323 -0.0355860101350681 -0.62745811588903
-0.00100646828421053 0.00115926919693148 0.656931593528435 -0.397971265284589
-0.019626202640001 0.0271233648931913 0.636656611258205 0.350408232315646
-0.0159683188102776 0.042552232339546 0.106880529842699 0.506344080231379
-0.0157384306956103 0.0227486489360063 0.0655942904594282 0.024402071872863
-0.0179158593226484 0.0300370045013745 -0.0117341782328203 -0.52500785013023
-0.00218197653566414 0.0223025035477534 -0.759242256949836 -0.410394054566963
0.0145803162769645 -0.0178528343642171 -0.767629915344554 0.544831504301553
-0.00221813684756682 -0.0313151782744012 0.189497125999316 0.713825146804972
-0.0185979918800643 0.00169050290866295 0.504618058497889 0.151440395462922
-0.0212273121565252 0.0196536722761049 0.272737096731675 -0.220607047237248
-0.0219343752943514 0.0144235125649108 -0.0732730109992495 -0.277845496066646
-0.0187526953071882 0.0108379986409879 0.0211084484868327 0.230904522463294
-0.0218089985653902 0.00605846898114521 -0.243172022118733 0.106253802826293
-0.0160064019717809 -0.0150439983730524 -0.380315360121081 -0.204176431954195
0.0045580298970854 -0.0378070723361212 -0.00827963486006672 -0.634591349252578
0.0115319584292395 0.00114226846828259 0.673011107303168 -0.376529867055653
-0.00622414830128565 0.0299778519094228 0.624655508295357 0.38206077415374
-0.0129350316648921 0.0497951207487975 0.0922267261739516 0.518604961652956
-0.0170563752740381 0.0293484027425042 0.0604098166345811 0.0315239365134816
-0.0117066063169217 0.0374394031234902 -0.0273289887024273 -0.513298391838396
0.0125717670136807 0.0225280850731941 -0.770616685395382 -0.374820107716666
0.0227470650434822 -0.020713454756729 -0.745203504972273 0.57327599052159
-0.00608866041295034 -0.0305379362527999 0.217006624410965 0.703421051565366
-0.0270902226669428 0.000321244616127278 0.515358440438802 0.132556288014552
-0.0217130924148823 0.0208757017194482 0.272448233753674 -0.228657312058113
-0.0201826442352682 0.0176951652495817 -0.0723290259650682 -0.280244099032679
-0.0148191454004978 0.0127182438683755 0.0239921151900639 0.227653087241233
-0.0180205476376378 0.00316294597887831 -0.239014870710059 0.103475478055817
-0.0201943560674243 -0.0183456645026709 -0.369471003460734 -0.207858365504377
0.00292168399652989 -0.0340676647010665 0.00297970604006445 -0.633457939255207
0.0207861801831049 0.00313936652876788 0.678505709624759 -0.363641294652776
0.00593147168518075 0.0304813390612811 0.620539982582337 0.397840578404446
-0.00786113645392317 0.0546987285166715 0.0869219436976202 0.531562076761994
-0.0178612592190122 0.0328951880756501 0.0559781143237218 0.043268487704503
-0.00522453535845768 0.0399224054048552 -0.0317674657618163 -0.499540293601036
0.0261527783776662 0.0194935332021798 -0.769832234272363 -0.357790702361943
0.031051073536542 -0.0218570129285695 -0.735921311135585 0.584751465219969
-0.00708012298376336 -0.0256574484769027 0.229117791880437 0.700197617104491
-0.0303216971428135 -3.14377171082639E-05 0.522342634449031 0.126248227945073
-0.0191341675585908 0.0191588988598255 0.277915644625167 -0.23203364662154
-0.015945761938926 0.0187811196611186 -0.0692758113558714 -0.279897253864775
-0.00880658044135866 0.0130315886290869 0.0274508362163826 0.224916753953837
-0.0110422215131089 0.000270710071158945 -0.234415489393494 0.102298886032575
-0.020305233465369 -0.0198259541955338 -0.362777074958508 -0.206900886774088
0.000744366108347366 -0.0257735550573163 0.00619802124041257 -0.630055150397139
0.0243302570096747 0.00566336287349015 0.682710788869147 -0.359792932822247
0.0137126980901603 0.0286808140806902 0.626866227206696 0.400357960373953
-0.0024033027715884 0.0534706233838884 0.0853092594621337 0.539650730553382
-0.0156857803299633 0.0325355405477605 0.0512455585197163 0.054040017745969
0.000471465820535795 0.0368433268369028 -0.028144691370619 -0.488214024050496
0.0340723907325048 0.0153310958077575 -0.762046590768525 -0.353637758346631
0.0362229044457722 -0.0191764153469593 -0.734213828785139 0.587149033237209
-0.00541358407917116 -0.0180285322832058 0.228613195936577 0.707527183036943
-0.0306130501665494 -0.00189644861754031 0.529941941728015 0.126532436342634
-0.01290117491666 0.0152152919601179 0.284974202012511 -0.233919113767207
-0.0101730408424297 0.0167254112582078 -0.0641134582230559 -0.283113982431873
0.00525434317059368 -0.00909043832626944 0.0305550501639955 0.226628031727239
0.015334388564257 -0.00303789383506809 -0.230733684260882 0.137697353771873
0.0228154984161601 0.00950891079766185 -0.430548654249003 -0.118286892256991
0.00874235268679194 0.00136094100432479 -0.146299282588465 -0.565626366946691
-0.0357197188010354 0.0187590141077858 0.582551356700484 -0.495832333463131
-0.0514596759291693 0.00563004380682858 0.701558122430728 0.20994174375858
-0.0143476154249806 -0.00421010250933467 0.177706952769158 0.470411244631683
-0.000337692908432971 -0.0212279132319082 0.0749420505158721 0.0287121719210155
-0.020230409309509 -0.0183469837137926 0.0560885965776715 -0.529496107534364
-0.0407598634023061 -0.00611412871140467 -0.666948941116662 -0.542871872866117
-0.0224580858478947 0.00928186163142681 -0.839522298545804 0.417187868855202
0.0110315751679581 0.00556533590421552 0.0611291663266874 0.769024260800854
0.0172157326689875 0.013325857204998 0.461507025249827 0.228175056208335
0.0109387235471025 0.00350363618352404 0.283137342854457 -0.189555585776578
0.00121467204746881 -0.00708196714028394 -0.0726022919223378 -0.270029967286039
-0.00187305848920137 -0.00428235774515157 0.029202593020966 0.22828480437212
0.0043623229610589 0.00182688363874972 -0.235089440774195 0.132247539439831
0.0154754652230743 0.00745366206318166 -0.424217278867352 -0.132736263875206
0.00601231068229342 -0.0100919457924401 -0.127427053779529 -0.581788848075778
-0.0332216950035342 0.0145305252578397 0.599166772893229 -0.477386725355066
-0.0496943732256445 0.0124031242112743 0.686189364183959 0.236940296426284
-0.0163231873301439 0.00715016987004003 0.164422811899507 0.473332957973861
-0.00432071748674055 -0.0117620808891326 0.0769433497315042 0.021033780901805
-0.0231247076712877 -0.00728651244587394 0.0421729328715784 -0.534507549183914
-0.0374983028801063 0.00312791317682687 -0.691097807980167 -0.520195733826534
-0.0165035931427898 0.00272184595019076 -0.828707099089053 0.444565516235069
0.00987600399637553 -0.00788292416698746 0.0866631283049544 0.756108475625119
0.0107924253434562 0.00985106269081999 0.467676325376534 0.210978441031724
0.00126199841500408 0.00780694060060674 0.274072953050941 -0.196153895261676
-0.00688932366848851 -0.00155374208594998 -0.0781410089674258 -0.269259528928997
-0.0104344041873685 0.000620801975416501 0.0282816854726673 0.228323920697973
-0.00616071826177752 0.00542507988273582 -0.237898867688212 0.125705841362162
0.00540806149117807 0.00353392143466004 -0.416736395935361 -0.150586371449089
0.00400723641475365 -0.0223070925910272 -0.101115532486433 -0.597329307553958
-0.0252874437945982 0.00931068992380775 0.613757123652714 -0.456394815472239
-0.04288113980294 0.0174594106120185 0.670778940579204 0.272801728451605
-0.0173084684381968 0.01996377476652 0.1476268513127 0.481105667764942
-0.008660414355022 -3.68281870044662E-05 0.0753767140506825 0.0186331657270937
-0.024016469698407 0.00612601879460948 0.0231843829414579 -0.536092545292734
-0.0282225210135906 0.0122402244474159 -0.717474106791431 -0.483321810565407
-0.00693605967607067 -0.00418141019319445 -0.809694522249587 0.477275723142436
0.00643505119880742 -0.0195022607146458 0.12405352997709 0.738483820496428
0.00126736072966315 0.00660551386894592 0.478366346964194 0.189791445832061
-0.00900902631894531 0.0128817251117063 0.268724222309101 -0.203750038693769
-0.0139124083402058 0.00391784724170638 -0.0818378611663603 -0.268285297747579
-0.0152630472702801 0.00461922136395416 0.027672241768093 0.227977450301472
-0.0142402351451069 0.00789028686716688 -0.239124786136477 0.119030667148314
-0.00294467088394938 -0.0025807752511329 -0.404181218566968 -0.169009716199341
0.00296006216073661 -0.0307343117361369 -0.0689257264980711 -0.611366843976689
-0.0143195599074362 0.0046052055327381 0.631432710370036 -0.430314604570489
-0.0318664871071012 0.0232374208227967 0.655590356881922 0.311513072407562
-0.016621415673369 0.0314115420740507 0.129613518167485 0.493172839803731
-0.0118003536155314 0.0116470278749606 0.0720418819561949 0.0195838261529666
-0.0220693577030762 0.0198892604395828 0.00231346756059694 -0.532908263560224
-0.0160137266622862 0.018884209821443 -0.742548830766075 -0.443775040372609
0.00284483821641672 -0.0109702645707675 -0.784952262665276 0.514439862569301
0.00217422876039433 -0.0278400553948237 0.157879311902502 0.723603569839078
-0.00876901066397831 0.00338835115372758 0.488275031888302 0.16717931414109
-0.0165756572034446 0.017004871463222 0.26365007708184 -0.212921993336112
-0.0194088588574377 0.0102768094332161 -0.0834287174647098 -0.267562193524305
-0.0196709797585768 0.00848590576157212 0.0284841986313105 0.225283698452239
-0.0198328790662393 0.0080654555918545 -0.239395161195335 0.11151925447142
-0.0114272383414295 -0.00914025738806801 -0.38872590880822 -0.185413734679672
0.00236012236163819 -0.036404103362184 -0.040077880894558 -0.622241816208863
-0.00130439968297507 0.00222254261078214 0.650893962175309 -0.401404427633359
-0.018470114832436 0.0274968795390022 0.638712270769605 0.347236518758837
-0.0145244169764599 0.042769995715486 0.111698799719809 0.505094954916569
-0.0149776867654722 0.022453437640492 0.0676574453875156 0.0238081984417751
-0.0170335259890771 0.0305058007570902 -0.015892273793391 -0.523350299586448
-0.0003654338920838 0.0229588740481877 -0.758281533791107 -0.403226638542126
0.0136162230965392 -0.0174833952789402 -0.757520158999679 0.548451419353083
-0.0020304920982339 -0.032286219858785 0.193964415928478 0.705430894589125
-0.0183904001410313 0.00116869036874446 0.500959948835578 0.14397087930807
-0.020463482724277 0.020156953688406 0.261814069986945 -0.220918663319015
-0.0217491729275666 0.0152672730879358 -0.0829299041160297 -0.267694287917137
-0.019166703479604 0.0115313826539743 0.0313341944556339 0.222696087909129
-0.0211811369798362 0.00676901765560933 -0.236247614704192 0.105754053170867
-0.0169803882447406 -0.0148912375389462 -0.374620022763445 -0.198484613294303
0.00249150495182317 -0.0367931941090003 -0.0132489167622259 -0.628989050479878
0.0110091674835932 0.00177774686854557 0.664288212373085 -0.376456030907618
-0.00597697037862427 0.0294244259684777 0.627066654897499 0.377699323349508
-0.0124548928084045 0.0502307587372303 0.0999059042150922 0.51849385721041
-0.0170028589600519 0.029597955488863 0.0624771558993553 0.0315704478002716
-0.0110844259965805 0.0378646388773037 -0.0320344136332754 -0.512519610436246
0.0145438187903984 0.0225036529358447 -0.768952028036606 -0.366333160127995
0.0224914781832844 -0.0204943032475423 -0.734336889920752 0.577518019666727
-0.00665965768747299 -0.0303503873171317 0.220182785887476 0.693491171043984
-0.0265286609035533 0.000461227596045942 0.511048540792058 0.126603034226529
-0.0205480906421537 0.020978842018026 0.262691829093749 -0.228996542744155
-0.0208458849746401 0.018942319620786 -0.0813917142132592 -0.267864785231231
-0.0157693876719396 0.0121731884402766 0.0340806179141126 0.218941891098199
-0.0178484345500611 0.00335934051508738 -0.232708565122503 0.103607800340507
-0.0203553619063093 -0.0180498813550399 -0.365514108235881 -0.200295140326025
0.00192545525860516 -0.0335332002844472 -0.00101161213253266 -0.626655222272271
0.0203257584596784 0.00352016050916963 0.673468183264687 -0.36620762027963
0.00607315566019392 0.0307438112133016 0.621330855418295 0.391756585289029
-0.00776808189508714 0.0547820770329135 0.0921942856804316 0.528959227632448
-0.0169820744117146 0.0332268459700485 0.0570541236880724 0.0425575133381109
-0.00361701334457294 0.0395273633310019 -0.0355264124306539 -0.499546719592181
0.0255804108524583 0.0201658097253023 -0.767457963072047 -0.352128211711546
0.0302883347370112 -0.0220348642852089 -0.725789076218447 0.58926677878108
-0.00687980883424183 -0.0252128442802797 0.229961530632602 0.692468220429841
-0.0306750602296545 0.000416521120927568 0.517148861497374 0.119283528486527
-0.0183012850521183 0.0200092319297061 0.268237009465096 -0.23230151590966
-0.0167402259546791 0.0191335225981969 -0.0777190262651644 -0.269571512996834
-0.00878731720378778 0.0116942822310046 0.037497367347161 0.21587348277853
-0.011954570928945 0.000433516133085367 -0.227709442268987 0.103647433906598
-0.0204209301512001 -0.0192626857253592 -0.35878512034087 -0.199839432410211
0.000660391994698009 -0.0254362622574949 0.000203720873636024 -0.623538748291152
0.0239696147382712 0.0053486879866675 0.675705413877797 -0.363350638316533
0.013668665222888 0.0283322669665414 0.628385892633135 0.397248515273189
-0.00250100043330683 0.0520062774041331 0.0919108292671941 0.53919891446709
-0.0159603337293149 0.0323098272822309 0.0527364616054047 0.053559729775081
0.00199568069935306 0.0364802569661736 -0.0340066851574476 -0.486583383765058
0.0337634890357595 0.0150059872190592 -0.761633079592248 -0.347352082881723
0.0352142473273882 -0.0195702415168011 -0.724115402089505 0.590780426574269
-0.00582035816620077 -0.0168109298195249 0.233237747267059 0.699911443558198
-0.0311067407615721 -0.000428509786260491 0.522719769119302 0.118532374338909
-0.0118266352859349 0.015149078845193 0.276196451399634 -0.232801675587587
-0.0102787813044683 0.0166792438518294 -0.0731355024133751 -0.272021590393383
0.00443088860534683 -0.00864376329157755 0.0408681079195503 0.215204037924249
0.0142209230085872 -0.0027171001843918 -0.223448039557274 0.135409803681024
0.0233290721261687 0.00881727885944784 -0.421481600798939 -0.113509526700045
0.0079953233393788 0.000349006235569108 -0.147113560510507 -0.559894969174668
-0.036156019412921 0.0197398896755042 0.577262117793292 -0.498446024139285
-0.0511813055660125 0.00651086644160248 0.701403739116677 0.205469359187743
-0.01270280771408 -0.00360467339385429 0.182303278062628 0.467591706167374
-0.000192397576851734 -0.0214226226364966 0.0754920393616106 0.0263450517663192
-0.020482254964267 -0.0189221955460672 0.0510584821620653 -0.528906081686644
-0.0397867443271832 -0.00421352485118377 -0.668803976999982 -0.538350384876791
-0.0229746820906314 0.00963924812498245 -0.830757584466467 0.419007010813756
0.00961020879301863 0.00523500130372703 0.0655000275605363 0.760911892198569
0.017546502199164 0.0129443991626558 0.456785951282875 0.220536632763526
0.01091915597009 0.00235979219332438 0.272788721246464 -0.188023918956214
0.000899511358250309 -0.00636254748106139 -0.0829389463254121 -0.256276658152574
-0.00390003347317938 -0.00381804924242196 0.0381852320309058 0.217380849671636
0.00453871498485823 0.00163737718318754 -0.227220419139136 0.131291110398497
0.0152048891153315 0.00586163767918255 -0.417569647565308 -0.127601710423316
0.00471061438676564 -0.0106237819878017 -0.127204933967475 -0.575214030151571
-0.0329197171844179 0.0148857571951216 0.59309713544178 -0.480487969014097
-0.0485811943233089 0.0129790956301157 0.688633723932332 0.233944379934218
-0.0146985799840254 0.00680196493601034 0.168434546527678 0.470613831546509
-0.00331539904597063 -0.0123652287991398 0.076659492013897 0.0207644541585972
-0.0228295250349946 -0.00713374444942618 0.0360323645912186 -0.536293426164201
-0.0363314034429662 0.0042873827196175 -0.694517719534943 -0.513318189385777
-0.0162118464409429 0.00355924810220523 -0.819666025443739 0.445465410422063
0.00806586901274601 -0.00763019791479746 0.091965718731034 0.748589780262416
0.0111996095615981 0.00933469756128456 0.462556384798733 0.203761912516786
0.00136706170166277 0.00732849129949793 0.263675316597684 -0.194796058115874
-0.00758996906467764 -0.000988565924896513 -0.0869178851516638 -0.254184798454944
-0.0110623386294849 0.00130511216788886 0.037151748480009 0.217280377208223
-0.00551850579374724 0.00631835047070774 -0.229787293912584 0.124825430255886
0.00649809974316411 0.00296073177703416 -0.410964751203781 -0.14356887005976
0.00181444512349029 -0.0212229630913174 -0.0999052992453972 -0.590710098764338
-0.0259467008337231 0.0106051802932473 0.607837462794801 -0.456554919830621
-0.0412421524710001 0.0183854218187503 0.669409412746974 0.268497611760927
-0.0151503659232441 0.0196003296394665 0.152582304729232 0.479303390851355
-0.00658475293336925 -0.000638515472609198 0.0749997270626399 0.0174615674337224
-0.0228613685920175 0.00594056735644801 0.0168683253949211 -0.535654841366252
-0.0279905213532564 0.0132241595235063 -0.718364958333099 -0.478682506174313
-0.00828471571903869 -0.00318056867336799 -0.800099522946711 0.481518165672359
0.00543149487596028 -0.0188192977069217 0.125968789017235 0.729442561732716
0.00114056230478775 0.00596930352381347 0.4706219449672 0.181493256711991
-0.00836261532483507 0.0122352419567177 0.257772163955947 -0.202934273797379
-0.0151813596793072 0.00580995061338614 -0.0915070662981035 -0.253867606236792
-0.0164871290000978 0.00522706875490557 0.0375859417381197 0.215826751465155
-0.0143004002119707 0.00862104682572276 -0.232031821779841 0.119110752590558
-0.00320809664993914 -0.00319723035609194 -0.398226796795276 -0.16177430925532
0.000912953648295089 -0.0305117135204595 -0.0722302209436264 -0.605187108287191
-0.0151072158104509 0.0065048113314523 0.627135636293604 -0.430221114178127
-0.0311787949153278 0.0239773876473277 0.655112858351699 0.307474377506305
-0.0145728464275972 0.0318130048646005 0.13567408304118 0.490489280114455
-0.0103233316286208 0.0114409970673842 0.072214507839766 0.0179134507291538
-0.0210445008382166 0.0199456932773993 -0.00200549568567181 -0.532394967905197
-0.0151308469857934 0.0202190441405379 -0.74215489775541 -0.439201660991924
0.00247203875029875 -0.010320672007196 -0.774988457995926 0.5153999502758
0.000708136320375467 -0.0273067069815078 0.161726613517383 0.710949028281135
-0.00897285555923561 0.00384734372316756 0.481230594272424 0.159329843188758
-0.0155576922511622 0.0171285159931502 0.254396604444388 -0.211922612119817
-0.0190156297860598 0.0113944979573743 -0.0934264999140985 -0.253258041604049
-0.0191289804367179 0.00844923336486747 0.0386389203735694 0.213954161809748
-0.0197348484750866 0.00877576537812104 -0.232092455677197 0.11266319058629
-0.0111981700789905 -0.00863289955361517 -0.382228787559913 -0.17763792520751
0.00140393652650089 -0.0363190183530581 -0.0417542023442995 -0.6162963613389
-0.00256957035140401 0.00347508217443079 0.64306738984106 -0.401357821077717
-0.0192520597310159 0.0276459469697164 0.640157482933755 0.343259845231207
-0.0130705881105802 0.04196551886632 0.119457393300025 0.50456912182615
-0.0145148435155762 0.0229484810755354 0.0684654715716676 0.0222662088287959
-0.016386973550102 0.0310124937152781 -0.0203866414165068 -0.523218606881431
-5.93578925468453E-05 0.0234740895104768 -0.759322708358472 -0.397428564708616
0.013023383422641 -0.01609858496033 -0.75006444164155 0.5511046400008
-0.0040227522552841 -0.0308229043408905 0.194672901686463 0.698045283282862
-0.0179378980613545 0.00131795565802251 0.492713115733944 0.137450161793559
-0.0204298802303164 0.0201893705439707 0.25153530612488 -0.219083154497426
-0.0223301394856214 0.0161916718915748 -0.0933952210389409 -0.252698852619681
-0.0186148202208908 0.0105726655429179 0.0416220358016099 0.210883059783955
-0.0209363261236416 0.0065966481226937 -0.229018580735832 0.105938682452072
-0.0169622897342113 -0.0150716303649358 -0.369141416496537 -0.191213509459064
0.00222508417572575 -0.0367797215574539 -0.0162674349130938 -0.622670334817509
0.0109579563027746 0.0028289607653258 0.65816955681091 -0.378355550739954
-0.0060854565277174 0.0301670928041393 0.627769001081382 0.37604035765611
-0.0100318851238564 0.0502746599387484 0.107160943766664 0.516952844588774
-0.0156167632247716 0.0299122217873348 0.0639423872065964 0.0302186835989474
-0.0105990777690476 0.0374204013285075 -0.0354299994733781 -0.510569703422339
0.0145893146182981 0.0229132328287332 -0.767755701068949 -0.361240650163176
0.0220134008354346 -0.0204818353179079 -0.72624757448121 0.579850792947304
-0.00613561023191578 -0.029733428112888 0.222228129026046 0.686135685028935
-0.0259636452690275 0.00104427895312933 0.503355408049134 0.118895691791294
-0.0198686688068948 0.0213304758730844 0.252733226657422 -0.226182128335546
-0.0204651814785219 0.0190722373851583 -0.0911389417951108 -0.254336278709453
-0.0152245498390516 0.012895935743714 0.0450180602102902 0.207592585504487
-0.0179878720521625 0.00371467634119069 -0.22459576471181 0.103579488773812
-0.0204240463756223 -0.0182379474945495 -0.359229657666695 -0.195061133004057
0.00151881010387366 -0.0324406650992094 -0.00442424748121819 -0.620575266794525
0.0200181006927664 0.00390744816885856 0.665060302218313 -0.366958686441549
0.00628610062678164 0.0300843670773035 0.623779710908923 0.389364347559475
-0.00699175973172679 0.0545380876121149 0.101862894550224 0.528893907040191
-0.0168538063800797 0.0343048018964385 0.0582455731822784 0.0417607316760857
-0.00346000479024807 0.0394156682975395 -0.0397136206038404 -0.497490235754949
0.0263400336448915 0.0195599197543927 -0.767842045134618 -0.343558345149596
0.0294435892148762 -0.0215847440655643 -0.718189659133985 0.590860510931128
-0.00686261375977787 -0.0250269281559651 0.23109707293324 0.684966485120775
-0.030139893228771 0.000458749604574749 0.50979038634203 0.111170727530268
-0.0173603704381293 0.0190234640763818 0.257720211101486 -0.230003303973877
-0.0153353650748162 0.0195787475146413 -0.0878645446206903 -0.255812953516947
-0.00878806953873989 0.0116557456360286 0.0477140226794325 0.204848622007739
-0.011708702962823 0.000496248037257136 -0.220112236037233 0.103721780356699
-0.0208678336908894 -0.0188658362911948 -0.353780841317006 -0.193991487276048
0.000496176763608625 -0.0250322020375368 -0.00235613214733756 -0.617329420583345
0.0239805199412518 0.00561948275437827 0.668328295066738 -0.364510783165632
0.0140449935797367 0.0264660593063733 0.629231949690947 0.394006221270132
-0.00218053850462593 0.0526332048887222 0.0996572665127572 0.538751916048835
-0.0161426421909841 0.0324315933413691 0.0540748531655476 0.0531746637762484
0.000916297204974806 0.0354222709844033 -0.0366608979075013 -0.487318794017161
0.0333018216807091 0.0141437236399963 -0.758991373788701 -0.341464929926661
0.03484533252951 -0.0204271315303784 -0.714039313641349 0.594240749321211
-0.00529727409516699 -0.0174926064322818 0.2316514459196 0.690769226951922
-0.030629665946201 0.000695893742980994 0.514508441480604 0.113678416842463
-0.0116211665883816 0.014034643787249 0.266297945800949 -0.23091024649149
-0.00920808828698352 0.0175596077776701 -0.0823083593646415 -0.258408797047612
0.00357953979149589 -0.00863955836818118 0.0498066007870258 0.19965710763483
0.0143087927610075 -0.00392589703064456 -0.216077106830683 0.131994568769303
0.0229118431095213 0.00766058137209442 -0.413564831745562 -0.108142618374743
0.00680661612781354 0.000101336583103188 -0.144426592649332 -0.55554914661096
-0.0357538198804399 0.0220108852227815 0.571212570984746 -0.500378852967693
-0.0494809894220258 0.00713083987676353 0.699218506485931 0.199490420395005
-0.0122410163519781 -0.00382225118947742 0.187505550878284 0.467145277967
-9.68900827385236E-05 -0.0226267866454296 0.0743760893167852 0.0257988962019243
-0.0198150054748919 -0.0185172853701102 0.04382335548261 -0.530383267513023
-0.0403630735265767 -0.00365093128405981 -0.67311674241568 -0.534274049427099
-0.0237073032801408 0.00988753274420407 -0.8231734747987 0.41929998446132
0.00864613109027946 0.00506258332400716 0.0687832475707736 0.751258283595733
0.0168023885700091 0.0113172566496613 0.448777280879675 0.214269997387869
0.0109186169177303 0.00244737815339665 0.262111026828968 -0.185291543929497
-0.000403222821279311 -0.00549586025041691 -0.0932891034475045 -0.237353255975742
-0.00451865567945919 -0.00339143242417863 0.0482151200472498 0.200494202804113
0.00389936678564613 0.00233443965443908 -0.221032052126192 0.127154217099611
0.0147715330993505 0.00478752612358481 -0.409256799755772 -0.122077808877032
0.00351608370404505 -0.0105003221813949 -0.126234051791028 -0.570813593385305
-0.0330250501931837 0.0178602096353707 0.585890314561861 -0.480410695756938
-0.0472777037061143 0.0135804421703876 0.687153307026635 0.229090707543006
-0.0136665747591512 0.00714683709479666 0.174111873657128 0.471002529663482
-0.00312664918815721 -0.0115004704536846 0.0758524436506224 0.0193371450892925
-0.0214140519370176 -0.00669804263399021 0.0276249890523068 -0.53652190787957
-0.0360534944153846 0.00560345617104221 -0.695436321113708 -0.508920448958785
-0.017276137539226 0.00416484259735235 -0.810373868759442 0.445941098487162
0.00659437096859538 -0.00767084296548289 0.0962528894012072 0.737926171875751
0.0110054694489596 0.00867105303765039 0.454414466733911 0.195945046986752
0.00106160588508411 0.00719548960225232 0.253020353551565 -0.191575417752671
-0.00824803235697827 -1.2328642858662E-05 -0.0984189828570351 -0.235242370387948
-0.0124809897651654 0.00135739127941631 0.0470611796178388 0.201548828838633
-0.0052988584659015 0.00637163385174146 -0.223536869707516 0.121331652808731
0.0058670175942433 0.00174341438227703 -0.401572894976629 -0.138161398410182
0.000702814288338616 -0.021524536160555 -0.0999823159169807 -0.586972583585019
-0.0254979310607061 0.0130951988595185 0.602543344422738 -0.45856225658694
-0.0401600588441477 0.0199744919824969 0.670176650815371 0.262793776199046
-0.0140849184289599 0.0191570380884338 0.159749835631099 0.477928602224338
-0.00626473550855077 -0.000317701920783658 0.0752894692350971 0.0154609557342388
-0.0218455182768411 0.00670008625005119 0.0101952714225014 -0.536653387181636
-0.026580707143628 0.0139635562075234 -0.720141841520667 -0.47295722138923
-0.00811492838171426 -0.0014822604076216 -0.791322967475381 0.480753663925392
0.00280903745326859 -0.0186792951739839 0.128379438568006 0.720607852544039
0.00184143586914097 0.00502349671352565 0.463104721006353 0.175165769349993
-0.00824102260240813 0.0130488633305773 0.246674180961666 -0.198193859035978
-0.0147335833477853 0.00639390481135843 -0.101101407065126 -0.234038715474197
-0.0163196079515892 0.00627916992600528 0.0469034314183438 0.2003061649759
-0.0141798518527223 0.00848271709605912 -0.223812092437027 0.115376265392224
-0.0038127178113415 -0.00315349357348004 -0.388520691836494 -0.156780880629959
-0.000208196779335619 -0.029563272206696 -0.0716169773238418 -0.599321445226969
-0.014854662484877 0.00809957002583393 0.621763970292231 -0.429081903917194
-0.0297357866266375 0.0247298623103363 0.655140534992931 0.304627483075062
-0.0130408828802977 0.0319147875749808 0.142514693529905 0.48971453351392
-0.00912669959096826 0.0118830200113849 0.0732438457242491 0.016645653769188
-0.0196222797372352 0.0203822955225945 -0.00837556422634228 -0.531581314620508
-0.0134706944920006 0.020747685556227 -0.742475493648387 -0.434098328120771
0.00290389787962301 -0.00904420890276871 -0.767170809895544 0.518302261986404
-3.05493503641053E-05 -0.0267018448794591 0.16142581714411 0.704293314483015
-0.00829975185444085 0.00230758174231918 0.471952104432552 0.152329343058758
-0.0149484149406812 0.017319745491231 0.242434178596222 -0.206381645290463
-0.0192649428500029 0.0120698953945123 -0.101723472095086 -0.233834948921634
-0.0196468994301372 0.00879242369884133 0.0491177954496748 0.197715864517074
-0.0194083718871147 0.00906283706320974 -0.223931511863706 0.108955122372167
-0.0107582879894642 -0.00936699374802641 -0.375426506762431 -0.173526383854936
0.000237153257969065 -0.0356721435961219 -0.043054846635975 -0.60936452893497
-0.00177081472781125 0.00525636786562876 0.636752963380872 -0.401730724546031
-0.0167921226007566 0.0290360449898022 0.639648931548513 0.341429142684752
-0.0111007076664429 0.0426213050645429 0.127414816992927 0.502933415834622
-0.0128516147678924 0.0225255009885897 0.0699067359398246 0.0217119482877437
-0.0138628223578183 0.0310050975213984 -0.0261862774653904 -0.522204361950769
0.000924636239821369 0.0240265666319735 -0.758428835334852 -0.391296793060688
0.0120438188287783 -0.0146831716265612 -0.741235045672055 0.550966385254822
-0.00492593628572811 -0.0300551310949649 0.196957980622305 0.689297384833164
-0.0173671246179682 0.00149166233556673 0.483077710577027 0.129656861800342
-0.0192078024142274 0.0208723467473885 0.240649467407799 -0.213369558331145
-0.0215723379587632 0.0176652732183828 -0.102458299937217 -0.235133134991313
-0.0195732819355462 0.0119256435964888 0.0514521550255532 0.195734938560836
-0.021132376942066 0.00732063979737459 -0.221906781388172 0.103266147121562
-0.0167518601813986 -0.0141832993778183 -0.361375434356626 -0.187051037118434
0.000715615742092716 -0.0360774128337073 -0.0186657174789834 -0.616834475688859
0.0102206475767686 0.00366647785966126 0.653284260501218 -0.377011505655009
-0.00457280838826875 0.0304305989633178 0.629138822477603 0.374060158989864
-0.00939769857126404 0.0501994749982579 0.113938481832329 0.516532473108683
-0.0151280942595179 0.0303244425539416 0.0659904244060226 0.0289015057030458
-0.00942146493915531 0.0378692740355943 -0.0396041313177766 -0.510206834566233
0.015012351119072 0.0229479043604336 -0.768162555030862 -0.356336090053546
0.0211189482553547 -0.0189580226075372 -0.719062916530614 0.582070972566077
-0.00717230353990583 -0.0289289399400103 0.219403247821757 0.678366814184677
-0.0256558761028053 0.00217967591258891 0.493850804659005 0.113180736780043
-0.0195556050533479 0.0213265863218934 0.242643465616329 -0.221197115109639
-0.0206807786705814 0.0200829828997142 -0.100719110476798 -0.2363436034482
-0.0162076587607931 0.012896602689873 0.0551586912951973 0.191677297462393
-0.018148544367244 0.00481983886459721 -0.215656724479496 0.101475465129998
-0.0192673911192508 -0.0166917877234758 -0.35313159085262 -0.189423243478589
0.00112067919784119 -0.0326006474965352 -0.00826731828065849 -0.614561841101119
0.0196680954938728 0.00434277389928005 0.65745720873082 -0.366303789954058
0.00660554614843712 0.0303347370747782 0.626533740658698 0.388544496893251
-0.00593696348791409 0.0541293674362762 0.109450204541841 0.528000199460667
-0.0160507715285042 0.0347225544717664 0.0608726737842666 0.0408191986579128
-0.00396329425859896 0.0393840451801094 -0.0435188718246467 -0.497716423289032
0.0266553274726044 0.0202223828138555 -0.766319924977822 -0.340278724099359
0.0293330126250338 -0.0213629486990273 -0.709628952034785 0.591901540494167
-0.00739536577112382 -0.0237371703687866 0.229608243584296 0.676849015859075
-0.0299594491269113 0.0024552761565468 0.50082411093825 0.106746176140834
-0.0170776061733287 0.0199960780528387 0.248414690437522 -0.225132771414704
-0.0156642006254539 0.0195237428974457 -0.0954195324373949 -0.238150595398402
-0.00910928918012204 0.0119359666867272 0.0573799714811908 0.188430027666123
-0.0117984988334978 0.000825178284826022 -0.212564250607346 0.100199396503256
-0.0211180788893902 -0.0170639824294599 -0.347577427134468 -0.189051169417171
0.000736007314466465 -0.0237335551505097 -0.00488544191208739 -0.609954351948654
0.0237310733314952 0.00552510814559474 0.660768409694005 -0.362847342270205
0.013826968942086 0.0260810424272948 0.631125686684036 0.393447349120345
-0.00207209764482853 0.0512867777140945 0.108822611312742 0.538378044626543
-0.0161011835134649 0.0325837621306971 0.057198351120203 0.051986864859888
0.00081062370894092 0.0359084766566124 -0.0414932156790311 -0.486689704876827
0.0327977215833657 0.0135691721930358 -0.760244084682662 -0.334876526078559
0.0341664973033851 -0.0208504732283353 -0.705587477187055 0.595333414757432
-0.00396490380900603 -0.016604143457096 0.233791542276033 0.684011516821629
-0.0299884149276989 0.00182322439885401 0.505222797168053 0.108548919903059
-0.0116589665312836 0.0141912457492956 0.256387109102442 -0.22668566528707
-0.00923974532477894 0.0174899946487155 -0.0908834817751281 -0.239401973353611
0.00154922950239757 -0.00776066682961249 0.0573421342669874 0.177704660845841
0.0136058895983911 -0.00345687519931557 -0.20757333772453 0.125260081742996
0.0225126133464913 0.00584203134612635 -0.402291795267535 -0.104793452696194
0.00426485899973335 -0.000586985718805314 -0.138986313625427 -0.549714934967951
-0.0364557074362067 0.0232789803361703 0.565010690447179 -0.501538526642775
-0.0483644619778477 0.00756890812576256 0.697957254992473 0.194009416386117
-0.0110101106511637 -0.00447433934928442 0.194971169163121 0.463291064985923
-8.37628099088989E-05 -0.0226575515243791 0.073718768671208 0.0247069702094723
-0.0183308060190815 -0.0191673437517455 0.0333857414767828 -0.530935428516223
-0.0385090034020612 -0.0033169614756863 -0.676617971929356 -0.529018512451519
-0.0239051257429834 0.0115158529624412 -0.815528774015407 0.417178356363
0.00667153037286078 0.00400322734330114 0.0714912943369193 0.739800509830249
0.0169191780938896 0.0104733501999342 0.438644068641467 0.208023676184653
0.0103021196424866 0.00202928874890831 0.248104845318247 -0.179371735384673
-0.00126140648345423 -0.00571032005137225 -0.102844594821969 -0.212304267785702
-0.00589405599097783 -0.00289391705641791 0.0558387422333249 0.178871591900037
0.00426403061189154 0.00193470064577871 -0.212509574810142 0.120532510401021
0.0148897146779612 0.00411844169791313 -0.398645164130421 -0.118324678744204
0.000351286836460182 -0.0102556991469109 -0.122781170479456 -0.564803598380636
-0.0317717518256647 0.0201619813671455 0.581067110293892 -0.481820960923972
-0.0449553146326037 0.014576729679816 0.687990505505389 0.22303396028506
-0.0119139966733998 0.00673257658888944 0.181402100334325 0.467644333192189
-0.00187041270184541 -0.0124460543124348 0.0755496489679772 0.0172241327728388
-0.0203704562196684 -0.00712799567337919 0.0200859945002483 -0.537176985503988
-0.0340988675131607 0.00692940179067208 -0.699521387367428 -0.505121520433727
-0.0176076330453732 0.00593542258373878 -0.801078924646469 0.44522165769602
0.00443667962725718 -0.00818359063021623 0.0957053674873697 0.726496167201361
0.0110806722420462 0.00711369839883997 0.444009067458099 0.189259339763587
0.00157982426935488 0.00758795974018895 0.239578417173759 -0.18547168535491
-0.00830221993616796 0.000308342554591966 -0.10630327354326 -0.208946934898278
-0.0127668669935997 0.00295080148115296 0.0555474672881552 0.178499272088804
-0.0052697427770948 0.00716343666753243 -0.215085998810035 0.114852766604441
0.00624974054532963 0.000629006644549027 -0.389501814516174 -0.134061504711136
-0.00172644110119073 -0.0204035876629542 -0.0975000202458058 -0.581388765441661
-0.0255624159574602 0.0162716511884719 0.596953395738089 -0.459272080607602
-0.0380918312543403 0.0201807147831987 0.672646463876072 0.259545155322615
-0.012038490368347 0.0189179773330098 0.168311675826764 0.474112995459197
-0.00436545843285425 -0.000624985226517779 0.075434032334676 0.0139892837197862
-0.0193784079209141 0.0066441169584125 0.00212533945848571 -0.536846341428509
-0.0249537539915373 0.0160134535869687 -0.724186981525104 -0.46796195182024
-0.0088088106880435 -7.36064567296224E-05 -0.781914730257666 0.478697493286608
0.001320767307299 -0.017789372775823 0.128289158309785 0.710067828230803
0.0015537112928167 0.00465351070466772 0.452273859457946 0.167924477441233
-0.00721848954491923 0.0134078620217939 0.233779354947503 -0.192077105812172
-0.0155452896374461 0.00765190849569718 -0.109513919990595 -0.208950079916714
-0.0180943313181475 0.00688419496749194 0.0563084060267016 0.177996577380058
-0.0130890053210986 0.00972415676213081 -0.216106853242685 0.109516516191427
-0.00299935271358491 -0.00471394535758037 -0.378849374853716 -0.15303566131845
-0.00186517272752163 -0.0284178844624475 -0.0706235172913561 -0.59349799732322
-0.0150405583193333 0.0111125254237161 0.615167320498621 -0.428914865451203
-0.0276008256841753 0.0258195275457683 0.658052667034208 0.298385676844465
-0.0104781629265672 0.0310091896689309 0.153524689515547 0.486453808388513
-0.00781466816808528 0.0116225243445341 0.0744814953578859 0.0155621426914925
-0.0172529533661497 0.0204597359652419 -0.0169674378118789 -0.531881896981321
-0.0117590566723473 0.0223794427669059 -0.743143972648224 -0.427581870434335
0.00200629461910258 -0.00637496902144827 -0.758151949972437 0.518406902010243
-0.00250915350985629 -0.0254594601985594 0.159994456466418 0.693814241544476
-0.00742824016579393 0.002596242244075 0.461043812802987 0.14724853998861
-0.0130583093720819 0.0185243673092313 0.230869902387732 -0.199226442043923
-0.0200675835354367 0.0139246017579473 -0.111113478333499 -0.208653160409042
-0.0204365839440127 0.0111963772300441 0.0574054409957272 0.17533155311765
-0.0184515438942009 0.00982068724613963 -0.214700432358827 0.103569614900074
-0.0108292335887036 -0.0086965153389271 -0.364777222141074 -0.170557300892046
-0.00232121187300956 -0.0347213397913542 -0.0439398418360493 -0.60374205350528
-0.00245781311681102 0.00794619760554184 0.631976976616266 -0.400385542314755
-0.0159262155463701 0.0294224131210119 0.645205215375742 0.336816628539534
-0.00864684450514504 0.0426911440437359 0.137743330200833 0.499517429502815
-0.0113049943276252 0.0229946925316876 0.0716176843917635 0.0204858073585629
-0.0123496479883545 0.0308511528966083 -0.0332913761568532 -0.522932043035876
0.00261676958249286 0.0252795555071553 -0.760462926558671 -0.384857388111807
0.0118542121130054 -0.013166681114396 -0.733236799764536 0.552224264412604
-0.00616428610747757 -0.0287388236529538 0.191310028685324 0.680817487979385
-0.0176300487878427 0.00188644247431339 0.471732714034804 0.124994228296483
-0.0176918761679621 0.0213514460373997 0.230010105218021 -0.206296915868735
-0.0219162993714826 0.0179629513798775 -0.109183169081884 -0.20828624748208
-0.019465453214055 0.0127669104833847 0.0595442256721386 0.172701175626456
-0.0197534649888827 0.00764682253236327 -0.212478361851749 0.0980918694628782
-0.016991586526961 -0.0134967582115428 -0.35198892908267 -0.181988336341329
-0.000524195164234888 -0.0348780968118474 -0.0189834606622839 -0.607488095791965
0.0104885426463551 0.00598144557061665 0.646829534328922 -0.373121153211731
-0.0034653387927874 0.0312072502130417 0.634427100957028 0.367802510165903
-0.00754972169719278 0.0494405810044185 0.125732706408793 0.513906559738634
-0.0133118527345617 0.0302375939557461 0.0682272403453794 0.0281901553897411
-0.00779407959096314 0.0376560197626803 -0.0470657826657451 -0.509984766606153
0.0165670856232853 0.0240171814108132 -0.768416115823629 -0.349708378287593
0.0206005154766781 -0.0181585560456434 -0.70897111460067 0.581093205858783
-0.00794224782195254 -0.0278877534922972 0.216130551016175 0.669799185046958
-0.0250421392486231 0.00190918992233552 0.481044769882774 0.107416719748569
-0.0181844813127425 0.0221674603433923 0.231788163557118 -0.21392676800802
-0.0197104950648724 0.0206931948100071 -0.105631598928086 -0.209907080716308
-0.0161688252952808 0.0134914551901951 0.064180679146696 0.169051462207314
-0.0172613088153147 0.00455870777252126 -0.207378456267816 0.0954648332716208
-0.0208610764839285 -0.0149612956823836 -0.343548799275924 -0.18547564631682
0.000264713076348368 -0.031340177094377 -0.00836939161654619 -0.60698544917549
0.0195832806692517 0.00479918331149903 0.652895407856284 -0.363049267535142
0.00642572040853851 0.0299525877348411 0.631621826776067 0.385260504018867
-0.00473187916115152 0.0534019008957451 0.121194952244136 0.527365654043609
-0.0159422847219434 0.0342789367711801 0.0632916012482167 0.0394392415080702
-0.00328783874142999 0.039449910083722 -0.0498285569132406 -0.49625848676467
0.0267093256501062 0.0197094225887085 -0.766962619671679 -0.331847399818921
0.028487461939514 -0.0208888629077677 -0.701727418956475 0.593991530587197
-0.0079844016019462 -0.0240409911191875 0.228114360948803 0.668739284094966
-0.0285497203542607 0.00284995491097413 0.487563971128937 0.10099888322313
-0.0158946452364885 0.0197705524390918 0.236770870053463 -0.217957092674656
-0.0161507926626514 0.020678345705602 -0.102449160284162 -0.212605422677593
-0.00920955745855724 0.0116630512398115 0.0673093276546424 0.166672212505376
-0.0115701654708201 0.000147854668663946 -0.20283997814723 0.0957564694235241
-0.0210847447854958 -0.0156384362577417 -0.33772585678038 -0.184319743413551
0.000416610368064594 -0.0236586178507657 -0.00493923587104632 -0.603130117218482
0.0243730625737465 0.00543614211385518 0.6573245854724 -0.360280962838627
0.0140522960720132 0.0251702348663111 0.636466071759484 0.391227706052179
-0.00107403702409205 0.0516317642694618 0.121217129522638 0.534549004366831
-0.0161890377954136 0.0339122040606505 0.0598137219782253 0.050303886639198
0.00044205820618756 0.036178134190997 -0.0477450190868296 -0.486077466817969
0.0323757990287742 0.0133155265529928 -0.760116398144793 -0.329203965964924
0.0332445687447313 -0.0207056495273162 -0.696191301355872 0.597055195906561
-0.00435075554564335 -0.0165215919963999 0.230425483797342 0.675527822027722
-0.0289591113692618 0.00254369131539762 0.493082038805849 0.103996414747501
-0.010381942940309 0.0136933335077244 0.243653132905117 -0.218895847386996
-0.00892900617581743 0.0166054725782319 -0.0964798556936474 -0.214186877944853
0.000291121221677727 -0.00704108319586089 0.0605334573898268 0.147658727568785
0.0128054455221217 -0.00332833555593775 -0.200347459722187 0.114344169085304
0.0216058248829975 0.00436290292499531 -0.387245604680729 -0.104731167338973
0.00257706698670931 0.000612724346106745 -0.130831380784404 -0.547182342022173
-0.0350498802073679 0.026332550199998 0.557926279489133 -0.502161141179173
-0.0473586123633415 0.00816793074105119 0.699976197688147 0.187930356037341
-0.0104871707522484 -0.00602163987799355 0.202665908534926 0.458717023337465
0.000466167351752704 -0.022905220508325 0.0714012929476572 0.0222679671169138
-0.0185032712019902 -0.019695222198049 0.0203760064670124 -0.529437122721861
-0.0374533374058084 -0.00222105393591312 -0.682771405754592 -0.524561308933171
-0.0239649649488902 0.0128461692617714 -0.808524738343015 0.413907754301127
0.00468474424961399 0.0050539723829279 0.0661162157313847 0.726325104795793
0.0166432483202631 0.00872946723759071 0.426249836308676 0.204590808472429
0.0104918482927083 0.00135210553266705 0.235005492368221 -0.167173208686828
-0.00269445897646894 -0.0037481332991851 -0.103544537005079 -0.177467982181689
-0.00704685854820473 -0.00137920715489814 0.0584781205889672 0.149623709929672
0.00425226953838669 0.00259446603189304 -0.20444407775061 0.109219313109652
0.0147028935683658 0.00202727228162345 -0.383925068889303 -0.118418739528977
-0.00143083497247779 -0.00822207417730303 -0.114831086079307 -0.5627348620248
-0.0315808525020772 0.0230274892421061 0.574119264177363 -0.482182842850998
-0.0424457495184661 0.0153926921800726 0.688298571208049 0.217420729227226
-0.00954400680936785 0.00601422433886696 0.192232300401768 0.46188020524052
-0.000529077196508836 -0.0138212226084663 0.0743126132670844 0.0153710278383348
-0.0187211630609255 -0.00799092835847549 0.00731974616275236 -0.536611730326145
-0.0319299863463803 0.00725639711594534 -0.704508358055636 -0.499930788860814
-0.0169533627527885 0.00879203367703274 -0.795177411282771 0.442589060251206
0.00238344854381365 -0.0064677200336701 0.0902586261882345 0.715451967423827
0.0100105211405735 0.00596830884341945 0.430301362384395 0.187057005173341
0.00226454179190314 0.00729607585257683 0.226128804650072 -0.173606119792837
-0.00964588148626519 0.0023971111665348 -0.107995348117191 -0.174702176309621
-0.0125642966457553 0.00414843098342935 0.0585798916633542 0.148075658130046
-0.00397578993885926 0.00738911587064197 -0.207291595214204 0.103931896149576
0.00597336679622986 -0.000902162096241269 -0.376375084629697 -0.134936729850901
-0.0039870187475889 -0.0184667305471484 -0.0932212688808618 -0.574403695644514
-0.0238195851927429 0.0183708265325653 0.590323973003016 -0.457778086386667
-0.0350424847574303 0.0208688559198866 0.675135688122239 0.253826916365041
-0.00860546351498082 0.0179217009450192 0.180248120965576 0.469034555909437
-0.00250089627976288 -0.0019198916665451 0.0750492271216852 0.0115520382884448
-0.0171638958101473 0.00619522021215781 -0.00865243649376867 -0.534426541352553
-0.021375235576653 0.0169529296282904 -0.725888443293406 -0.463619442424241
-0.00773561461439923 0.00262787228906973 -0.775121422134638 0.477590762273469
-0.00110641632856225 -0.01687718824188 0.122200867009219 0.698488566411961
0.00108143116399934 0.00305456340732472 0.437294584070575 0.164262246599385
-0.00619274759207666 0.0133970628648276 0.221273996183725 -0.179370858472499
-0.015730084826613 0.00921881250025317 -0.110414829386367 -0.17402004899338
-0.018080894581115 0.00930689756466792 0.0584939525822836 0.147642614264224
-0.0117592767141327 0.00975961110888959 -0.207323982004639 0.0988341693524706
-0.00293444957906026 -0.00488475469450071 -0.365689770223493 -0.151710954176136
-0.00480498358371986 -0.0266168173253693 -0.0652562939088208 -0.588090513341364
-0.0128229658751894 0.013999839699208 0.610160962184886 -0.429281921920458
-0.024905295111499 0.0266320994405416 0.66270223011495 0.293758179717464
-0.00829512222673558 0.0308918513733293 0.163083157219384 0.481855498814638
-0.00500511390148156 0.0108933787948315 0.0744773154074148 0.0120399081306806
-0.0147787900107844 0.0196417915374176 -0.0246436210981554 -0.53142765656165
-0.0086320991102046 0.0233461227091155 -0.745822427008841 -0.422053288809879
0.00232351904301554 -0.00380453724615189 -0.750616311247249 0.514698609055601
-0.00396459363547546 -0.0230213010278761 0.15301505639898 0.684540639582058
-0.0083306262532357 0.00198223747277686 0.445944079420152 0.143699397712403
-0.0123479991181775 0.018324332915419 0.217916677665245 -0.186680316262396
-0.0193782132563833 0.0158890790275505 -0.11172054873383 -0.173492716097776
-0.0201169758702879 0.0124712745815255 0.0613060043437186 0.144869258066806
-0.0170368948652073 0.0101521953384423 -0.206398740816238 0.0934395783119114
-0.0111650898709745 -0.00871624484049858 -0.350982425329358 -0.168034334048234
-0.0037253456437898 -0.0323940632094077 -0.0395735327464628 -0.596811632606426
-0.00049110367640152 0.00951419854311826 0.627905825389692 -0.398485250413448
-0.0128753918713915 0.0305140244097093 0.651628991094006 0.332714594349801
-0.00689706858813743 0.0416777221719564 0.150750688041062 0.494868716040821
-0.00936580492739293 0.0223878148092924 0.0734075587116142 0.0166725640547865
-0.0100823103646653 0.031017476520988 -0.0427616715000261 -0.522043994902534
0.00508658111172802 0.0257759680899566 -0.762471107779064 -0.378170993207316
0.0125509115549199 -0.0103836780434083 -0.723535035055088 0.550287447314522
-0.00797710960308746 -0.0275492962856749 0.185435799426224 0.670971550922882
-0.0177613297754272 0.00167033809002702 0.456728388748292 0.122601049918121
-0.0162766631991042 0.0217516875368551 0.218135628394327 -0.194016609438197
-0.0208487637640134 0.0198136507886007 -0.109713472405877 -0.17456123860746
-0.0200401774295628 0.0140226704781626 0.0642924381500197 0.141883836021789
-0.0185804974564056 0.00833539444454435 -0.20293433979509 0.0883381910739179
-0.0163856906293697 -0.0126192284757269 -0.339366598579916 -0.180095495570824
-0.00072670955037619 -0.032989291726949 -0.0168030882793983 -0.600532281285887
0.0108766781323151 0.00720196405173489 0.643172377127425 -0.371584477869711
-0.00240968099715053 0.0310949166687829 0.641708467926949 0.36560452332082
-0.00507771068951578 0.0496652902364713 0.139662284938475 0.509499807076463
-0.0121674111347517 0.0300492088280103 0.0703991779423665 0.0244727295775934
-0.00623055780808574 0.0372997490887105 -0.054116562276398 -0.509705622703712
0.0172539621775247 0.0242276750741448 -0.76609788434783 -0.341300439344387
0.0216618388874141 -0.0166265357596323 -0.699747565346048 0.582543426408814
-0.0084631636602738 -0.0263278407220605 0.208615099003803 0.662595191951233
-0.0238726577442325 0.00256190505139226 0.465265170528562 0.105914466572167
-0.0168634775380247 0.0216808692172537 0.219927378255368 -0.201298891407954
-0.0191037984861636 0.0218496430671176 -0.106480452815873 -0.176013020567003
-0.0149607881047887 0.014038228479496 0.0679318180626631 0.139134590421368
-0.0170615466369822 0.00469126686841417 -0.198069172681631 0.0860523880260817
-0.0195684086458409 -0.0142433778481929 -0.330797499056548 -0.182571199607874
0.000612026821609215 -0.0300886604583567 -0.00735106344686088 -0.597643735668929
0.0196722703943152 0.00565528996923344 0.650635129024115 -0.358682182692158
0.00800893701679192 0.0295131087069376 0.637894619971315 0.382688474708156
-0.00339733150684556 0.0532408738815824 0.134598039860306 0.523025833252205
-0.0153052601361843 0.0353892478795259 0.066663453966342 0.0367694796020736
-0.00192344052339981 0.0398639885725905 -0.0575780255931955 -0.496738241930185
0.0270662475395354 0.0194584828337523 -0.765761847380674 -0.325118833056077
0.0283476549648291 -0.0203875736645161 -0.691506738395379 0.594061944426523
-0.00698300982066769 -0.0224923140014141 0.219435417643136 0.66276565765466
-0.0283548522854864 0.00362753272949559 0.471937276727099 0.0992472635780886
-0.0147460310228007 0.0196248910500585 0.225506035022286 -0.204357660656954
-0.0148172527202548 0.0205976329495257 -0.10199031588841 -0.178943368582514
-0.00929112715944658 0.0119296484846163 0.0717278487042969 0.135908204349868
-0.0111948996102951 0.00103009512889161 -0.193348234777383 0.0857830125031775
-0.0209995229617876 -0.0145400428125952 -0.324652342072031 -0.181275490641769
0.00109789200287785 -0.0227026776244038 -0.0034034040870169 -0.592131557577348
0.0236881090379954 0.00519497880608131 0.651445449914887 -0.356597040412315
0.0131876718875295 0.0249971408525506 0.643794977107786 0.386289784350967
-0.00116119448778154 0.0512987411573379 0.135464728073534 0.530683692227637
-0.0170552053199663 0.0351051136874542 0.0636873871488863 0.0477086051855864
0.000316206289449457 0.0368736346701335 -0.054773081209628 -0.485389461895076
0.0328064537546344 0.0128796351498712 -0.759268692184781 -0.321375546381587
0.0329555211009044 -0.0218701854765398 -0.687494481498962 0.596744630489653
-0.00341551167048896 -0.0168632590663735 0.223630705920559 0.669899049932288
-0.0278099289505577 0.00406090493775262 0.477285765644563 0.104063977698029
-0.01059118883138 0.0138644350048523 0.234391013720665 -0.205263253059923
-0.00919732068397378 0.0172591048039071 -0.0958793517112855 -0.180417139589197
-0.000498741889279983 -0.00464128652469769 0.0508470810363275 0.110602360882581
0.0119583197456492 -0.0032543894882614 -0.197336253689452 0.09630069256723
0.0208762415752802 0.00421847758092174 -0.371680387207232 -0.108591644669377
-0.000822379272820577 0.00263829825269867 -0.123191568393733 -0.54896205660019
-0.033614740944907 0.0278748930516147 0.552349718897334 -0.501721456852736
-0.0449688171881867 0.00765132583977117 0.697418676567454 0.181560894156721
-0.0095006579338761 -0.00716182522061945 0.21205537205754 0.449856320740148
0.00117044827830003 -0.0238898556994809 0.0698744256216365 0.0209220399880268
-0.0174217506047209 -0.01957698452834 0.00425728146117429 -0.523781062071921
-0.0349906903562636 -0.00150968266884609 -0.690655817913858 -0.516254800109138
-0.0228389544076147 0.0161719683632572 -0.803558927292408 0.408257350293349
0.00168027730828009 0.00611257268821094 0.0588318623009931 0.71503476729185
0.0151552013519964 0.00758018455344302 0.409879829674598 0.20539185995773
0.00981860135745173 0.00137465908173295 0.223113787755683 -0.147765644978701
-0.00354688481053464 -0.0016258872205273 -0.0923698132098373 -0.132721340698944
-0.00779298272131516 0.0015442414554159 0.0488792355972088 0.111429612431754
0.00462949496163233 0.00249358155623917 -0.201823461038881 0.0921770152682723
0.0129269730780866 0.00158524810039935 -0.367772018560714 -0.12302586507133
-0.00469744637709128 -0.00578274931386263 -0.106292760833128 -0.559612651075984
-0.0289350480633083 0.0247662337601804 0.567116545509954 -0.481864606061583
-0.0401030334677075 0.0149600276703517 0.689149092884026 0.210042345656382
-0.0090243409766639 0.00427349887295466 0.201361749758746 0.45329888973489
0.000262515240524778 -0.0152211024050463 0.0725176938823028 0.0132495600970034
-0.0160600623823083 -0.0077554688778441 -0.00713188584602915 -0.530339072631127
-0.0298606309463431 0.00778838987325635 -0.711705842326361 -0.492248514658895
-0.0149767048970599 0.0112753078469726 -0.792425904551849 0.438347816999225
-0.000755750472719325 -0.00388759488788654 0.0796909453407755 0.704700802608345
0.00844353094577293 0.00409349945996946 0.413560927081562 0.188923790923477
0.00247794817143549 0.00765919373142046 0.216571809261255 -0.15320089694249
-0.0096272424421407 0.00536137575056909 -0.0956218845111528 -0.130352400765334
-0.0128167907546806 0.00657520176243409 0.0489649632983682 0.111082012571054
-0.00249950574348074 0.00741667767151513 -0.20373765579228 0.0874710530771127
0.00468851238400891 -0.00189042114066571 -0.361072139399375 -0.139540419998046
-0.00655198668864717 -0.0153196487962196 -0.0842870431711182 -0.57270681602632
-0.0209496963254395 0.0222762818406517 0.585875109677161 -0.458059352427319
-0.0320467406549968 0.0206831468749334 0.67707511087583 0.245723165206033
-0.00673205834462291 0.0156958686893209 0.189591029795161 0.459938867858711
-0.00116861341106659 -0.00441892807420648 0.0742319744995747 0.00847646074137401
-0.0148738568951411 0.00510533978556209 -0.0227091582962312 -0.529319137111209
-0.0172689758473594 0.0171900041270447 -0.731785210501311 -0.45579195526002
-0.00619117713720179 0.00660183214665897 -0.768428418885289 0.472504317219945
-0.00292964590936716 -0.0130051273599766 0.112612179893373 0.690989593593039
-0.000508724164857555 0.0021278733818014 0.420126939648601 0.16651830777264
-0.00462108886016625 0.0135326483223013 0.211041971087204 -0.159024357695357
-0.0149543047182975 0.0119002148212343 -0.0985049021321244 -0.131197247405251
-0.0174191743562097 0.0119648930407505 0.0498823708159836 0.109951120410808
-0.0100827248215309 0.00949975787021258 -0.203813670856199 0.0825126414984989
-0.00431152272582227 -0.00607168193782058 -0.350366437530894 -0.15737438207659
-0.00694750797041824 -0.023305182902149 -0.0595928791376332 -0.585235107556167
-0.0102788543357586 0.0170803675648906 0.60539238966475 -0.427045395459117
-0.0209711361989113 0.0262197986408625 0.667286271553288 0.287585223288681
-0.00530240372308112 0.0277004318796471 0.17839105174421 0.471592368735763
-0.00243758423048993 0.00866427848852471 0.0741948655998855 0.009007438880097
-0.011647344729215 0.0181409581131551 -0.0387191215580224 -0.526835129420865
-0.00472662093692886 0.0234531680916761 -0.748033915482518 -0.413850810998985
0.00418170939875803 -0.000833608529302648 -0.744101668592732 0.513713445145127
-0.00553831216867477 -0.0206963055960713 0.143081543212774 0.678738741036497
-0.00807977945435783 0.000419341721193893 0.429626623381474 0.146917336990916
-0.0102198085273466 0.0179591636715469 0.209614555625559 -0.166209118388976
-0.018585114707876 0.0181204073309037 -0.0979478653054369 -0.130454357495148
-0.0196858284247695 0.0138307670435078 0.0531492661096972 0.106268464753129
-0.0154440540573497 0.0104089658225995 -0.200352145290122 0.0772618981452395
-0.0110766135554795 -0.00983332390105262 -0.336179654583639 -0.172462652944227
-0.00430516559961259 -0.0287255456908678 -0.0342103363162054 -0.590713452455556
0.00199301925722743 0.0119838983506373 0.625505234753325 -0.393698265749454
-0.0100111640090774 0.0296940323985515 0.65850137061185 0.323677828387502
-0.00349424563305115 0.0394860125236122 0.166213115062734 0.484208946084427
-0.00605409284544683 0.0200053142615626 0.0735664940301173 0.012843667755047
-0.00744559962655257 0.029818649772787 -0.0528406447150147 -0.518215536956209
0.00889811980429353 0.0260326076630009 -0.762140359351381 -0.369409534102606
0.0149051682278216 -0.00821354816366699 -0.716995604072738 0.549849666666543
-0.00781333007874135 -0.024407706900448 0.174175081596695 0.666280285350889
-0.0170285156193716 0.000999864145600906 0.438854631463721 0.125368198093214
-0.0134284147853747 0.021770348957249 0.211037281873351 -0.173384342605854
-0.0202396675112316 0.021611268770345 -0.0966373460609477 -0.133396891957943
-0.0190996783083298 0.0152251949898633 0.0566208131127731 0.102765994654438
-0.0176751544777081 0.00792297460042332 -0.196562403930382 0.0720776221467393
-0.0159093101864111 -0.0123313571839904 -0.324237283083297 -0.183244441782864
-0.00187975032989914 -0.0302112447289128 -0.00976826283015916 -0.592057012800367
0.0126807545952664 0.00927152895580025 0.64002769101017 -0.367903330760891
-2.58826223737962E-05 0.0308891883817253 0.648624522604356 0.357202879854224
-0.00329422592866639 0.0475971429542688 0.156961809175348 0.498311198463207
-0.0105682526726792 0.0295241570853555 0.0726526051252846 0.0198444376960101
-0.00427240861590187 0.0368027691400732 -0.0641848355123224 -0.506128003216393
0.0199228035119384 0.024298745113496 -0.768305523886151 -0.332900204965844
0.0222996565097575 -0.0150356319679447 -0.690576452338458 0.578688664992507
-0.008071490200294 -0.0242847235924372 0.198030054071923 0.657881079852569
-0.0232458825925839 0.00282653118952784 0.446521390294854 0.110483079426402
-0.0152567167076794 0.0215592217859839 0.213400362230592 -0.180180802490096
-0.0171577461921954 0.0229740805408133 -0.0926550761823762 -0.133896387439184
-0.0152979987080931 0.0146828294743678 0.0598587132439103 0.0998223865927252
-0.0164350670232151 0.00491436824104306 -0.190459307458622 0.0706680506000442
-0.0192423145804635 -0.0137902925948486 -0.316186794962098 -0.185832866985386
0.000422158270367819 -0.028801101965663 -0.000711999944789931 -0.59069326893457
0.0209929847860863 0.0062925594740172 0.646058382060793 -0.353262426435452
0.00848607591144085 0.0291782228261449 0.647788746420283 0.375604064463974
-0.00190925198506725 0.0527314110234996 0.152615275621215 0.511125276072917
-0.0128946790429946 0.03610715604029 0.0701638020483791 0.0304472000396396
-0.00075845119959351 0.0394224135126393 -0.0662697349947746 -0.493244345666026
0.0275556846864704 0.0204029727854556 -0.765222774597678 -0.318529451083918
0.0277941279972348 -0.0198733967360686 -0.681036423873649 0.591788193817705
-0.00695574529266412 -0.020921170367832 0.21032134857899 0.659515120992126
-0.0259569653369258 0.00382442036455344 0.454480253365912 0.106028356705493
-0.0139136180181848 0.0191107082436268 0.21909487095557 -0.183974791799022
-0.0143565040553751 0.0217194865118523 -0.0876383955771377 -0.136971585247331
-0.00941492504503462 0.010762731009925 0.0645467052828596 0.0968072707539453
-0.0115020663415498 0.00117478976666583 -0.186205433719992 0.0696410261276422
-0.0190158354479089 -0.0121622024873138 -0.309461779955489 -0.184362785547245
0.00256929748504201 -0.0222016455629163 0.00291145858477824 -0.582977234325247
0.024025529409114 0.00490611636942411 0.648400324348411 -0.349351785865321
0.0126844491089553 0.0234887737988598 0.651999458531954 0.380098620031557
-0.000972461157853956 0.0504897844539783 0.15112714608169 0.522199513062355
-0.0158373597461433 0.037523457016429 0.0665625902690036 0.0426877349049759
0.00019745561052158 0.0374219740352601 -0.0636467501885568 -0.482744706668259
0.0307605171515356 0.0127732783060272 -0.758835465119737 -0.313705578741928
0.0315690845050629 -0.0213794604408055 -0.678256557719974 0.595621146271597
-0.00240656653726739 -0.016825814889814 0.213650461768842 0.666917367681431
-0.0256000629827357 0.00551447099936241 0.461159342545762 0.109458686877105
-0.010317324922586 0.0134139968531707 0.227425860643249 -0.185536524597623
-0.00956746658674869 0.0171799820897118 -0.0818163847528932 -0.141109684309826
-0.000848379957499002 -0.00307438454084081 0.02068686901301 0.0727062834807813
0.0120060971577102 -0.00327471851427456 -0.204118670104703 0.0750119148848191
0.0175847233562293 0.00321758383144337 -0.356087491145665 -0.123008306729767
-0.00237536652091139 0.00599361422641411 -0.113551506009722 -0.554596846446851
-0.0305482330145696 0.0303931874676515 0.545995808772472 -0.50217375144573
-0.043149684750478 0.00641890272804083 0.696107784677324 0.172432055180405
-0.00908737320657841 -0.00857566494950276 0.219595210828301 0.437850153941842
-0.000117011648446065 -0.0247734340156841 0.067415286595727 0.0205700318761243
-0.0167635494080936 -0.0200790423071093 -0.0104719046043764 -0.510835252190032
-0.0327077864934877 -0.00207199339241884 -0.698567279905044 -0.50432805794529
-0.0205018749367886 0.0170152353130983 -0.804935047742814 0.403588542416727
-0.00133679201917657 0.009561151404913 0.0432101435575396 0.707790075185757
0.0124420338808847 0.00565425242764279 0.391038492309894 0.215306578946262
0.00927778717592823 0.00206999220033081 0.222137247514121 -0.120694915062858
-0.00357393913213862 0.000504979010302276 -0.0560451526920209 -0.0900196193189058
-0.00568187021703512 0.00394641917424806 0.018917111957157 0.0722721159401107
0.00616308283974374 0.00229663221278713 -0.207463059914958 0.0708325361185456
0.00993219333186041 0.00101521856907912 -0.353667368590577 -0.137422128136323
-0.0042433031682366 -0.00141901002702701 -0.0975781581019596 -0.567321735816
-0.0246171274452874 0.0279886512608873 0.564750319776686 -0.481202234448264
-0.0359594834630573 0.0131112156251539 0.688405903830954 0.199810827892883
-0.00698365830542009 0.000403085849558553 0.21087403801896 0.438172595084861
0.000796494601457301 -0.0183344898079091 0.0697503011013709 0.0110018888029477
-0.0149918519315039 -0.0100318148403918 -0.0220812356270085 -0.518386961616904
-0.0249331471310031 0.00735244135275047 -0.714852577258345 -0.480036132764173
-0.0116551888574698 0.0136220549628425 -0.789707346572614 0.431292855726247
-0.00183766537589859 -4.14386010879168E-05 0.0649380723892733 0.700053445796119
0.00653954182929085 0.00372123368606466 0.394977811197556 0.19945988610651
0.00368906565059726 0.00774274255313226 0.215336277320932 -0.126140754315438
-0.0078521871215146 0.00689052723758893 -0.0592891901888922 -0.0875213342987428
-0.0111319039670419 0.00932036194960527 0.0185959900529681 0.0727587698956376
-0.00153667306466145 0.00629081586636338 -0.208923740041532 0.0669379319466451
0.00302856495222837 -0.00207146285948542 -0.347320834773896 -0.15467918327441
-0.00609760293115683 -0.0100221954776365 -0.074558947416648 -0.576731042366957
-0.0164277995810692 0.0234463666802436 0.582213352337447 -0.454535252190721
-0.0268343064758193 0.0194959063517658 0.678612728617427 0.233383606410294
-0.00484045956369002 0.0119587801865202 0.199809206883079 0.443688437828311
-6.81080991174953E-06 -0.00760515880159352 0.0715708908480693 0.00585424384245352
-0.0130341435652529 0.00217039221245942 -0.0365004217292068 -0.521873387702891
-0.0132392548966544 0.0145668322293525 -0.733967291408015 -0.44256120159142
-0.00199733992426099 0.0083236421990148 -0.765621987576038 0.466220107420029
-0.00372875350108036 -0.00794550865445802 0.0937238050236051 0.688007419081173
-0.00109643327057324 0.00152557390776562 0.401102691195914 0.178008172704955
-0.00303335130646784 0.0135168209876787 0.212135426618547 -0.132094451548395
-0.0131469105512818 0.0145919570448715 -0.0614826293243596 -0.0879619589904398
-0.0151347277781845 0.01291444425784 0.020352986473311 0.0708084276322947
-0.007918709335635 0.00920490942473672 -0.207206756307225 0.0606322235746181
-0.00468685648921698 -0.00602308046290602 -0.336011096347547 -0.170798816952336
-0.00636815652152823 -0.0184777662999927 -0.0481688991700453 -0.585096229565333
-0.00524700271018178 0.0192481176909344 0.604849171616817 -0.423503958576172
-0.0169985946983992 0.0241828841236772 0.671697830793719 0.271949571172318
-0.00322712536430834 0.024012477238451 0.18891447850466 0.452801888071553
-0.0019447067466287 0.00523813996724686 0.0728105468541132 0.00382211270399222
-0.0092497023922799 0.0149597655666239 -0.0496250579727959 -0.5182838242368
3.86191787071053E-05 0.0212832939226199 -0.750135205107244 -0.403775140842322
0.00888711477930309 0.00128260298333906 -0.739228949739907 0.50822201501809
-0.00585276498281409 -0.0157036121051639 0.12738148066635 0.677647167457646
-0.00965347477410984 0.000180675746408036 0.410284129708336 0.159665230547945
-0.00890334446855217 0.0171973887808276 0.210791700497649 -0.139081368329005
-0.0160168874266205 0.0200042448298248 -0.0610887758609921 -0.0883964075018987
-0.016685820672656 0.0159411273120002 0.0226943408156911 0.0655612817159118
-0.0135688605077729 0.0093383239446455 -0.204360065885704 0.0543870887657017
-0.0112668979355035 -0.0087855137795218 -0.323843090706411 -0.183693213879374
-0.00370761285506026 -0.0248817665158123 -0.0233517200851643 -0.589703605815333
0.00620726776627221 0.0145972075580389 0.625047856533776 -0.389136849641944
-0.00619668745481262 0.0272282195529531 0.663479834813398 0.311682899130592
-0.00126150366843243 0.0368388036171329 0.178645331822243 0.464375057519116
-0.004413435603903 0.0175024950861809 0.0726663327184034 0.00616130065761369
-0.00569627436271759 0.0266739707356467 -0.065053903516244 -0.509212963836939
0.0120815262469901 0.0233031958724804 -0.760295777519237 -0.361198567628827
0.017512032963175 -0.00676651722874821 -0.711421905907547 0.544544147971858
-0.00740737030753068 -0.0207540821656342 0.160355404816454 0.668255135832266
-0.0165020018046689 0.00124186819116306 0.42160491653719 0.140474321079784
-0.011835025161891 0.0200038111670871 0.212404497623015 -0.145811285143005
-0.0170936890803665 0.0232514863869561 -0.0585185483584515 -0.0914252010492633
-0.0167373495577063 0.0163565979603515 0.0269177701601741 0.0628645478708805
-0.0165541378062875 0.00816662226123656 -0.198585599838751 0.0503635957005852
-0.014727379267874 -0.0119972463360021 -0.310111987290132 -0.195621110036406
-0.00101530983484983 -0.0277758059817348 0.000543733790563415 -0.588896593852715
0.0155747032077871 0.00962384882147044 0.641820608641941 -0.36179464153335
0.00250788540012394 0.0297033680137664 0.657030742360777 0.344640242064337
-0.000403363854659536 0.0458212881259074 0.170338216492927 0.476791273255027
-0.00781928519620994 0.0281883064964671 0.0723048632298467 0.0126154916821421
-0.00208121383974987 0.0338981155917971 -0.0740619540429942 -0.498034227381596
0.0217382992773256 0.0223685916302743 -0.766213069698959 -0.325972977079811
0.0250640572390173 -0.0140885847713845 -0.685255385845859 0.57348522223049
-0.00708390865004435 -0.0212684442410197 0.184990912649931 0.664288752465586
-0.0214382205465652 0.0024329320190094 0.430864449783849 0.126713768234723
-0.0131024919927101 0.021147783623482 0.215607189397736 -0.153700760076671
-0.0159388230591134 0.024281189458758 -0.0545422847654581 -0.0942940518933991
-0.0134880837386167 0.014989243738691 0.031753773650271 0.0584772805977087
-0.0151732670150524 0.00478016596880584 -0.19321097598254 0.0488882645123396
-0.0165621947748826 -0.0124546084127757 -0.301392820233172 -0.19696313598524
0.0019715478069679 -0.0268191151781716 0.0115037206815305 -0.585540822402846
0.021731484549593 0.00655315347645215 0.651192218282748 -0.347923031506748
0.00902423931045133 0.0277728789829718 0.6575816045317 0.362577628339099
-0.000175549395849271 0.0516777385233199 0.167178765473823 0.489343363914466
-0.0110379712579695 0.0347654173265766 0.0711154890165689 0.0237291416621416
-6.91882049678599E-05 0.0388380666729552 -0.0765824015598761 -0.484978484509816
0.0290453882675826 0.018438234863514 -0.761478050584451 -0.308412074962113
0.0292903425144598 -0.0188764623251353 -0.674415093914282 0.58689489535534
-0.00533610574434512 -0.0210033783198071 0.198042140054021 0.664364921805635
-0.0240075757993798 0.00410297154429138 0.437782102996667 0.12089531610439
-0.0119437064053094 0.0181698845289272 0.22277224631933 -0.15817794688214
-0.01376209664591 0.0211031218654283 -0.0493795123283132 -0.0976825319069831
-0.00872903469830145 0.0110837761920241 0.0357647247724013 0.0556852364620439
-0.01222212035397 0.000902086397710563 -0.187353838252245 0.0482146855817931
-0.0164701121548789 -0.0106008631376709 -0.293602864758205 -0.194680203276392
0.00336627713406686 -0.0226159767338267 0.0139294713391337 -0.580667932698735
0.0236807315396302 0.00405851628424763 0.652087893017995 -0.344669636433601
0.0112585865609684 0.0242655214484802 0.660808975460066 0.368351431562004
3.83595737433826E-05 0.0514468874228926 0.166532185520367 0.501125207114735
-0.0147096527317197 0.0378763051598471 0.0690085461169428 0.0351105874853252
0.000593774163763022 0.0386518243752121 -0.0754000188963508 -0.473224682140683
0.0299771830674832 0.0125747140523551 -0.755087087971061 -0.30404130221728
0.0305285716809281 -0.021461194961127 -0.669826895157837 0.590579013912825
-0.00156101589586913 -0.0173358677391592 0.202522513662499 0.670707514815065
-0.021968166990154 0.00446144878902358 0.444261529922652 0.125077954701866
-0.00937628025102457 0.0137909820794869 0.231193708962629 -0.159330761166414
-0.00973019538897061 0.0164932173105958 -0.0444563284590099 -0.102674596555156
0.00125430591094104 -0.000685094562947451 -0.0313182761903024 0.0510290038585406
0.0105812171340411 -0.00207375354364049 -0.223574492262493 0.0574091780738274
0.0144973638515508 0.00402135885593624 -0.350979509401464 -0.146335698000856
-0.00210273444993037 0.010167013872483 -0.108138749582697 -0.568720060358507
-0.0254217143613142 0.0298845025600705 0.542186187741973 -0.498703951943773
-0.0414609852461206 0.00470747586517076 0.689813381062223 0.164428936157695
-0.0108389574262792 -0.0104347833066185 0.220161438095195 0.419050537598189
-0.00113796224447766 -0.0259942718049166 0.0637774226926186 0.021422408967314
-0.0164354878539916 -0.0217994703817721 -0.0204476256824471 -0.491268004451682
-0.0309843216853293 -0.00449849901020249 -0.700154977689195 -0.486028491995747
-0.0170058756705652 0.0179422124760521 -0.809303875235665 0.398226896737145
-0.000608672156638637 0.0145579924939001 0.026599945976476 0.710679572889202
0.00925279444528845 0.00790214263991015 0.379832550593405 0.23624451029888
0.00934052412086718 0.00245546911317384 0.236758160916375 -0.0917387478261313
-0.00236855316099447 0.00438524045918607 0.00462498961336456 -0.0664502406860868
-0.00389600284215949 0.00576382954582236 -0.0334525449307748 0.052889873964943
0.00557572581253953 0.00182889057223181 -0.227071177685458 0.0534688441577619
0.00796054066823686 0.00119168285611609 -0.348902518092192 -0.160155170299775
-0.0035916273410506 0.0029541306092381 -0.09215134230976 -0.578079072767088
-0.0186344393539163 0.028168480430546 0.560860514051391 -0.477578765930831
-0.0339372287975777 0.00911024019172127 0.68386050258286 0.189778058743962
-0.00782795174984032 -0.00162984936502948 0.211132960211239 0.418357590667442
-0.000422980036749658 -0.0202262910542541 0.0665465603908487 0.0108502965945809
-0.0138675647351463 -0.0130912534520608 -0.0322111670427498 -0.498419695793677
-0.0215688459160641 0.00268797134113684 -0.717298512860589 -0.465206903213619
-0.00762023528765211 0.0135163515110461 -0.794378034942996 0.424823262639066
-0.000699474853803573 0.00573236356596774 0.0468144006770378 0.704658693723584
0.00412387141672353 0.00486385214386092 0.383504801032984 0.219990037932691
0.00379943258261635 0.00742900405260041 0.230659641189931 -0.0981098434621668
-0.00663764424849966 0.0090944341210979 0.00223275090696802 -0.0651508400158535
-0.00732538234526966 0.0104493568084243 -0.0337081624870801 0.0511335657357165
-0.00125871391885825 0.00526370518855624 -0.226876235479393 0.0491168692769258
0.000840761676583311 -0.00230183132852408 -0.342529544513532 -0.174817393081328
-0.00533344512475079 -0.00547866564975104 -0.0675972524337308 -0.586594084300522
-0.0101136433594366 0.0230195083697515 0.581653682836136 -0.454202239087054
-0.0245104731893362 0.0146320448040492 0.676949867208104 0.220834254903594
-0.00446511682211298 0.00808242050691039 0.201214203367761 0.422012474496468
-0.000205807167489688 -0.0106310814901131 0.0678384383621739 0.00303358762267319
-0.0116767294164642 -0.00224444560460095 -0.0454471574950444 -0.501436408396064
-0.0102214935325616 0.0105606353607181 -0.732139782009539 -0.428561595164051
0.00409368291491997 0.00812423925508387 -0.770326512816675 0.463770704205771
-0.00207981278752285 -0.00287287500569012 0.0805534950066279 0.695884020421771
-0.00400754169596803 0.00192395754546914 0.391387720524279 0.200810194539671
-0.00187987253208442 0.0114019395420959 0.227308042777137 -0.104272425663343
-0.00967651299877831 0.0155267731366748 -0.000248381753378411 -0.0653459103581384
-0.0108183746158508 0.0144135892674755 -0.0325454004946677 0.047118109527296
-0.00633610284415871 0.00736138398121761 -0.224667247350414 0.0420539321887505
-0.00588514577784214 -0.00579662127500692 -0.332368861700392 -0.190252053240444
-0.00372488205023835 -0.0138831383042877 -0.0409417312681846 -0.592591901664173
0.000698431727278371 0.0186079458948408 0.605419926075528 -0.422355129605812
-0.0136815424353673 0.0191513247202669 0.670098164601055 0.259516375932549
-0.00291207175414651 0.0202833617030602 0.190654505483768 0.428850604603991
-0.00243661736765797 0.000913132386344235 0.0693115413987817 0.000555956762476101
-0.00780960924325711 0.0111865712201011 -0.0592272721171579 -0.499297583734527
0.00304541738660602 0.0160152833075519 -0.748837373391824 -0.393213186041843
0.014611546593451 0.000856743535019497 -0.738585266454263 0.500481875456029
-0.00280019018842747 -0.0109046384111767 0.112557185899528 0.686374677829244
-0.0110576843001229 0.000738192272981562 0.400320998851247 0.183167407757028
-0.00669846051684337 0.0151883294793403 0.227861412140151 -0.112230303149702
-0.0126562487507013 0.0202606483156489 0.000588483717775531 -0.0674319836478515
-0.0137670412183691 0.0166625660404377 -0.0298850142631497 0.0432958261919537
-0.0114222975498392 0.00692611068643486 -0.220876537326497 0.0350821514621319
-0.0104036218554175 -0.00913786217155771 -0.318129461854918 -0.204091482455536
-0.00109010808331021 -0.0210561934814071 -0.0128888661690746 -0.595577151045816
0.0106192194016578 0.0139653595881743 0.629180881556925 -0.3901782180139
-0.00358708868617798 0.0237200003700572 0.66338675070015 0.293278234461012
-0.00066642082913688 0.0321963363440832 0.181247739565343 0.439181271307738
-0.00435687272372773 0.0137658608109617 0.0693279827960995 0.00101084454624917
-0.00432970522197395 0.0228562386168429 -0.0738405647724133 -0.492942150220092
0.0149324256199801 0.0195237315308259 -0.757639510508057 -0.351771488857169
0.0222279428417888 -0.00721342997989176 -0.708772692949293 0.537582620940638
-0.00420071714809851 -0.0166195201636143 0.146506902092829 0.680706058453308
-0.0167134613761557 0.0016731451705626 0.411403899353163 0.164555518838399
-0.0103512171460806 0.0177070371234839 0.230707245446433 -0.121190300536949
-0.0148138520643288 0.0231633692192238 0.00150358939641693 -0.0706592848642514
-0.013912075836922 0.0160050138416561 -0.025971546793747 0.0387977029994884
-0.0141604064798546 0.00614551883574069 -0.214169825055717 0.0303304997111359
-0.0143419306553852 -0.0120236295596553 -0.302764416459295 -0.214835450426038
0.00127830954662531 -0.0258193492985942 0.0131877284886829 -0.594195232552803
0.0189079069291249 0.00956065748444613 0.648273496613613 -0.361630967458759
0.00394270184250039 0.0257517231491465 0.660206057881467 0.326186205077153
0.000583923733998293 0.0427411649266854 0.173390042327845 0.45120678580962
-0.00642952400964412 0.025199001884462 0.0689195459779913 0.00570148989548289
0.000219009377330368 0.0316704719668158 -0.0821406446473217 -0.484826137096456
0.0237229494472177 0.0197246431532829 -0.761218717983362 -0.318148936144813
0.0278021200224547 -0.0146731150996621 -0.682715417754173 0.566812610737919
-0.00429037909053417 -0.0205185392322556 0.175582234165091 0.675365851751601
-0.0211933362417849 0.00132583095153053 0.4219842673368 0.15206006371103
-0.0122810665811371 0.0188654221407488 0.234837311184989 -0.129947095691536
-0.0141731593147484 0.0239247714673527 0.0050426397991563 -0.074490344938126
-0.0114380405124242 0.0142976305129809 -0.0217141728603172 0.0338906478418187
-0.0147571162514396 0.00397534910540167 -0.207388341622021 0.0285749239205948
-0.0145002830228993 -0.0126425812405677 -0.29495423065553 -0.215641377694479
0.00408354028429271 -0.0265516774995162 0.0248338664618253 -0.590822714382746
0.0236860132242982 0.00624560901116875 0.656895128477801 -0.345136208294258
0.00985697567373144 0.0269347834592912 0.659773066793767 0.343887056239895
0.000760722905791815 0.0498151056251579 0.171136152035305 0.462599403379861
-0.00978515861121825 0.0342370549306326 0.0671737997015411 0.0154381332428145
0.00174237737384405 0.037857916430886 -0.0822404940224674 -0.473155849079482
0.0288615402606613 0.0173457834088169 -0.756675739171152 -0.300204670171024
0.0309657642464742 -0.0205822117418189 -0.669759917090375 0.582097356727834
-0.0032507801029417 -0.0208420141769037 0.188867822768957 0.676508564418456
-0.0215736126437782 0.00325746993054155 0.429972368499717 0.145591610575762
-0.011690890966706 0.0167935478964453 0.241397652121396 -0.134079199778233
-0.0126571788066477 0.0220854713839719 0.0106059535526372 -0.0795371268761577
-0.00814652431204095 0.0102942647762691 -0.0166511100971893 0.0293659568557588
-0.0117599231364285 0.000645329204978349 -0.20198560314769 0.0265456568487308
-0.0133819282736646 -0.0115338511328348 -0.285994294990586 -0.212994329859454
0.00519565481310197 -0.0240505436067497 0.0303119135029486 -0.583812969902023
0.0227446235612203 0.00459914458438578 0.660926979886424 -0.341904541506575
0.00959574215528643 0.024139683382761 0.664494856434267 0.349637457746898
0.00058156585904803 0.0522191525996091 0.172757183820247 0.471610960810932
-0.0119783356528909 0.0385179249301235 0.0652895644598089 0.0260832281637148
0.00157490749257084 0.0380957783740032 -0.0809424285560205 -0.460184920803838
0.0295644928735614 0.0142190613181301 -0.751593537481155 -0.296514338619858
0.0299236301228037 -0.0221516033186605 -0.666632075593621 0.582545501578289
-0.000863671428103166 -0.0192344297256908 0.195716258648708 0.682648127451611
-0.0195958080863992 0.00388268767139262 0.436865087246995 0.150135388776322
-0.00940809786762155 0.0127533406738321 0.249386332442658 -0.137233774091822
-0.0105124859830144 0.0179044208859993 0.0157724647160688 -0.0831950583025619
