TRXV5
3
4
4
9
string Extension=J
integer IsArchMeasurement=1
integer IsSpherical=1
string Generator=SPM
string GeneratorVersion=1.3.1 Dev
double ArchRadius=0.449999988079071
integer FrequencyAxisIndex=0
integer AzimuthAxisIndex=1
integer ElevationAxisIndex=2
Frequency
5 79 2280000000 2670000000 LIN
Azimuth
7 8 0 2.74889357189107 LIN
Elevation
7 15 -2.74889357189107 2.74889357189107 LIN
Polar H Real Part
13
Polar H Imaginary Part
14
Polar V Real Part
13
Polar V Imaginary Part
14
Polar H Magnitude (dB)
12 0xC0000002 0 1
Polar H Phase
7 0xC0000003 0 1
Polar V Magnitude (dB)
12 0xC0000002 2 3
Polar V Phase
7 0xC0000003 2 3
-0.0365382378954772 0.0661480861204606 -0.0209638366294607 -0.123647490544415
0.0447412747054071 0.046948199506902 0.198669900825171 -0.067769720241196
0.00157128335879471 -0.0162774904253496 0.0680674941544394 0.369557641945554
-0.0132173021539999 -0.0170816015913992 -0.45949861085268 0.130987332848194
0.00181947205004943 0.0110266622611724 -0.409876658438188 -0.490117540198917
0.00670944509130412 -0.0116996301680536 0.0427469994927823 -0.549676357441754
0.00584121059660807 -0.0335920002308805 0.0902159233130613 -0.275185858256904
-0.00714231554573413 -0.0192128722272968 0.0138225056244088 0.0157408718246778
-0.0217725258999411 -0.00378690342026863 0.247842114526587 0.228073449856859
-0.0130304568967827 0.020516700075095 0.514187459814452 -0.12166554361803
-0.00749582561143426 0.00876812284975751 0.0640437375496924 -0.540930146810785
0.0141741649233435 0.0227574668736917 -0.469643864405286 -0.213384900446168
-0.0461363178966766 -0.00993755206131156 -0.254828360049046 0.256429866264491
0.0503584447121582 0.00972330541228622 0.00463878654684072 0.245868469559396
-0.0191017204761602 0.0329221325354138 0.219778390699636 0.0617562658514761
-0.0509979910435272 0.060770210861738 -0.0476876222639593 -0.118384147515055
0.0528716138044488 0.0465454330572023 0.197103556103428 -0.106582719518784
-0.0193883422462434 -0.0215608539074342 0.188083859688816 0.316870990708617
-0.0129541944471943 -0.00339467736784518 -0.371163568526372 0.298462377378554
0.00315256179289618 0.00403840851880197 -0.543639019607154 -0.29747828477889
-0.00268306313927529 -0.0313531108573884 -0.120753654638932 -0.535271113522165
-0.00423247340400161 -0.0528850975798359 0.0412789098533171 -0.293953337370224
-0.0147957874626407 -0.0362863646276122 0.0108744411543741 0.00429245549826616
-0.0396036576261255 -0.0213221127520205 0.206811049508247 0.250669940623626
-0.033875739272462 0.0174770771146299 0.526340802305131 0.022730059272351
-0.00625636048778782 0.00694456404398148 0.255459077703994 -0.499721638395073
0.00584717375207116 0.0284008777460213 -0.371320914425294 -0.350637599751325
-0.0376438264317002 -0.0326408966695381 -0.347124504508568 0.154671509489396
0.0567975555905299 0.0431684409453476 -0.0206982713580234 0.233995850638409
-0.0430502720903598 0.0303222943361866 0.198234513345757 0.0994551616703103
-0.0568931625813726 0.0535188694498971 -0.0825451874002081 -0.108011104989636
0.0597886792985503 0.0403405605489719 0.177760940398665 -0.165037915972151
-0.0404225488358234 -0.0151860184541093 0.293627784406946 0.199736880316878
-0.00325137517847006 0.00857829388959146 -0.165542978034301 0.450290663101818
-0.00180961758207614 -0.00286668408613216 -0.597592208847373 -0.00181926629251732
-0.0197932133159841 -0.0374534295594606 -0.317468115340669 -0.444283828613199
-0.0205903541493136 -0.0620718159516393 -0.0340358868009439 -0.306476148504282
-0.0189547236653885 -0.0458276891579739 0.00499756128268183 -0.0114253507677978
-0.0456293663170208 -0.0420140235871354 0.141661520959756 0.268750160023247
-0.0472480613146266 -0.00166057863730536 0.481549250795983 0.212279794157477
-0.00864338329297333 0.00489205903938908 0.476912328870442 -0.344265668816654
-0.00841130725526798 0.0242420423763446 -0.177124958354111 -0.470163481923523
-0.0137172067121695 -0.037813475474211 -0.397575664519886 -0.0234081523211969
0.0369421287297234 0.0690646409021268 -0.0648201907350441 0.220069973084491
-0.0587737710854257 0.0172789349228623 0.15940668003316 0.131722809141772
-0.054145743886686 0.040216924269674 -0.120900462411935 -0.0933633487688982
0.0599117796914145 0.0331726891045896 0.136213240432687 -0.221887843161281
-0.0498543285156306 -0.00148740694530142 0.329457273980091 0.0447699099729664
0.010999327526056 0.0114314193458768 0.101068406016134 0.474465511831624
-0.0107688249085441 -0.00638107928602376 -0.499451033231608 0.294847109875334
-0.0346175095631386 -0.0297723036849785 -0.471611300339625 -0.267775337094937
-0.0344090719730035 -0.0568698194079388 -0.116564022966183 -0.299517897277913
-0.0214760620646211 -0.0484138350762958 -0.00323719572630519 -0.0270234786590786
-0.0402041850001493 -0.058532685599402 0.0649091474627724 0.272474497004877
-0.0468673203788775 -0.0266135454411541 0.352928661118371 0.388732429972927
-0.00783501925996114 -0.00209227864021036 0.608414066070836 -0.0665845232688099
-0.0171731385807098 0.0126708085539576 0.0838230821116333 -0.48391027099145
0.00159291920363982 -0.025338422132499 -0.343603335732615 -0.21466905355895
0.00120482412393982 0.0699979781228989 -0.120486391852904 0.192745491255698
-0.0625163297459389 -0.000124202734024103 0.107876427861211 0.150648479349938
-0.0465703495655921 0.0238795791243541 -0.155525202860536 -0.0730587109426947
0.0505806786484494 0.0282719952845075 0.0805680330967306 -0.256640402742829
-0.0407253405272678 0.00707720256516981 0.294746178722419 -0.0987543676976403
0.0206324869642791 0.00936655048312526 0.32408746856572 0.369998636688679
-0.016941870974677 -0.00972830547372919 -0.298381186161603 0.487695082111642
-0.036516470189403 -0.0176706295331789 -0.53410299888338 -0.0633407596902257
-0.0410874859464351 -0.0429665999755067 -0.192931283786397 -0.275800312094336
-0.0210643543255673 -0.0409881336075526 -0.011516750659081 -0.0436894086224529
-0.026780164071184 -0.0632859022468672 -0.00547046157622098 0.260520895039082
-0.0340142249746688 -0.0426838212203473 0.169775322653246 0.490982541345856
-0.00119997389307262 -0.0100806724598372 0.5865392130395 0.232118086402634
-0.0188219954816952 0.0026567580053429 0.313991777783813 -0.362218996426822
0.00281374182265435 -0.00835697846960468 -0.207676054248453 -0.348682282098572
-0.0283249794751794 0.0433116052356246 -0.170469857540314 0.143900683479826
-0.0493665052065764 -0.0197325759734852 0.0564596325093267 0.152546526265108
-0.0334579527125769 0.00853397738229056 -0.18334990675461 -0.0592031418094256
0.0336519417161095 0.0261650322560719 0.0358324929623214 -0.264813503663655
-0.019820119411091 0.0029267609731979 0.227243680543244 -0.198052303712409
0.0200055422083073 0.00672286805599498 0.440818732545361 0.232673273725715
-0.0188540817825144 -0.0130391698671981 -0.10813688642932 0.554963195607274
-0.0303158756157669 -0.012003723213272 -0.522723805512386 0.0985642982963619
-0.0357719354952328 -0.0253086099033461 -0.249465920097958 -0.247771473738152
-0.017492859076786 -0.0276142303633513 -0.0187771245462896 -0.058053285339687
-0.0157276538408416 -0.0541129781007539 -0.0579497295387593 0.242189506236452
-0.0205186179711018 -0.0439995709295796 0.00363161367641271 0.519100998489943
0.00881391186649071 -0.0134125078944899 0.461020473299269 0.442344348583334
-0.0161167093181176 0.000531580519721828 0.443607928016943 -0.189826269338368
-0.0077077437831636 0.00188409628574486 -0.0680669051188963 -0.397752174512445
-0.0404935289770335 0.00985822943125936 -0.199758691349825 0.0904194567281582
-0.0238361064284403 -0.0368173031024828 0.0159607324573268 0.144489204150551
-0.0174145852849104 -0.00674827295666315 -0.203373701283938 -0.0561040511728382
0.00827650358784971 0.021588157046015 0.00837885108175534 -0.252079313056964
0.00576037988176704 -0.00453939730584551 0.181570976355107 -0.255897629850101
0.00940338495084258 0.00311872370599099 0.478686142629668 0.145981308658225
-0.0186189899455536 -0.0161402405040226 -0.000140154659762782 0.557262346308846
-0.0174989353392379 -0.0158479343952857 -0.49900017142032 0.189887034526842
-0.0204593949088713 -0.00881215932356272 -0.280516896085718 -0.22672410020509
-0.0111452511836293 -0.00940699330747451 -0.0224405918518533 -0.0666899403049542
-0.00999570192405537 -0.031289023488249 -0.0878965793654281 0.225645475454171
-0.0153149332951255 -0.0316170876456061 -0.0941305463176352 0.511466905667802
0.0177735263528226 -0.0126253910181468 0.357067795019638 0.533574166406109
-0.0127501101118512 0.00270772695685614 0.486205311210146 -0.0655451416168273
-0.0184658852291459 0.00532847302085786 0.0094132790145754 -0.40504988960031
-0.0430222127513542 -0.016866029259235 -0.210763816707556 0.0495932023424855
0.00599792149473781 -0.0477924585644049 -0.00827845638790965 0.134633453501746
0.00212483297546821 -0.0177430901444845 -0.212705373598576 -0.0657246971429752
-0.0182169933454548 0.00791363608058424 -0.00166150289055113 -0.233247668105177
0.0302844148457563 -0.00229319784089861 0.189916298589855 -0.276928109620719
-0.00419907436677286 -0.00192435058872744 0.476890294435445 0.143556079804265
-0.0177505808275583 -0.0182587232347707 0.00994385297870027 0.551771318922781
-0.00130473755536408 -0.0223031011613736 -0.498546836553139 0.199085266571281
-0.000671409108625756 0.00641065959449035 -0.284874191381352 -0.225958833143477
-0.00545593802485744 0.0121720059245488 -0.0245055298959048 -0.0685310285627108
-0.00904570818674509 -0.00367872258716937 -0.0927047961531966 0.224535200643401
-0.0164690570576081 -0.00813344632514716 -0.103033681006043 0.511422879942736
0.0209276092281564 -0.0108822898729373 0.347728478507843 0.537020562370449
-0.00743742986992856 0.00291000463507115 0.497142232519701 -0.0448270884463473
-0.0235388090834774 0.0115200241837348 0.0018750881141052 -0.402301168147005
-0.0436643832461255 -0.0320152940091014 -0.213342650450447 0.0337006506006641
0.0364344421992445 -0.0533693207684484 -0.0119731427585464 0.127043320697286
-0.0398131884006717 0.0609561629952695 -0.0134483943558184 -0.125987904791281
0.0420507470538817 0.0471435498541401 0.205041210904134 -0.053968566003671
0.00461811473345224 -0.0132360630346754 0.0448359914902978 0.372188634393271
-0.0153737326452941 -0.0173249412535915 -0.471619589098002 0.0940652587591703
0.00238263601899707 0.00653396191968293 -0.378882148420253 -0.525734265639848
0.00831102460074065 -0.0127683987553132 0.0805302572871071 -0.542635913471805
0.00509349544542692 -0.0349446203538194 0.108000931759183 -0.269373223366601
-0.00689889325359868 -0.0186700584126155 0.0112109598298135 0.0174266412686253
-0.0217083178166025 -0.00681628145226767 0.232819132938312 0.240568530278104
-0.0114793878622423 0.0177973103241458 0.522510974472518 -0.0867862805733086
-0.0100933400956984 0.00739412568662619 0.101933778541515 -0.537329193286608
0.00891796039238904 0.0257349293692737 -0.452905059016754 -0.243293095859196
-0.045608428214289 -0.00970988147285143 -0.270145919970396 0.237259205266383
0.0517249400145277 0.0158836645901892 -0.0103067554344227 0.242204921771035
-0.0193627663904715 0.0303083328252358 0.214148944248826 0.0806349501753336
-0.0550404002010438 0.0553058817998075 -0.040071172716024 -0.122385831773662
0.0507731169197623 0.0483843739764091 0.206302642268802 -0.0929155001665163
-0.0145439146631489 -0.0199227292263189 0.169913201787406 0.327830031424527
-0.0177272389736463 -0.00216401662163012 -0.394319090564827 0.270342112919586
0.00311444626420098 -0.00055568332530067 -0.526551694797493 -0.341149112630025
0.000815892648949564 -0.0324545537905377 -0.081389469749718 -0.541477616468081
-0.00384209723789356 -0.0549925713049284 0.0610332492151655 -0.291362310507886
-0.0123305441676882 -0.0363724678741641 0.00949874645135915 0.00596449391648159
-0.039043613456741 -0.0241300652050144 0.189895055655586 0.261439451486052
-0.03120604902962 0.013091941828694 0.523733042412439 0.0582420859015682
-0.00810827823789824 0.00574645105228052 0.289977317331301 -0.483081413802643
0.00130807130055723 0.0292337806964335 -0.34551464362283 -0.373633778775576
-0.0370082934068235 -0.0312179024656947 -0.35511335804402 0.131123678373976
0.0563444296986431 0.0507485531816269 -0.0349254283052238 0.227022159962157
-0.0441068438590341 0.0257836042595671 0.191009562383395 0.114579053250703
-0.060738132319816 0.0466535737686817 -0.0769449586171528 -0.11570027117096
0.0578854665442179 0.0427082456872773 0.191219032081436 -0.153488512836474
-0.0372149442470436 -0.0163856320188426 0.283758834559687 0.216540248127978
-0.00628058014992877 0.0106780198880333 -0.200248291137779 0.435514436603294
-0.00448385719822296 -0.0045694556291038 -0.59926376602176 -0.047987923662124
-0.0187810768423609 -0.0409591288736742 -0.286215177723639 -0.463098074874852
-0.0190827756839687 -0.0641813374086883 -0.0129006128550913 -0.307310652079055
-0.0159459232768089 -0.0470215926610483 0.00550204862960942 -0.0093702914485125
-0.0446322354995688 -0.0456118496584081 0.122739945265146 0.275051754513839
-0.0429787861267783 -0.00507223822685275 0.465942631951212 0.24621955813719
-0.00685260605909736 0.00161382193134588 0.499715721103575 -0.312782571942609
-0.0126585833752211 0.0224857027811349 -0.143265149017388 -0.47887093900774
-0.0143589044342939 -0.0377818105709607 -0.394291692201166 -0.048449104265703
0.0314931130343072 0.0741956828794715 -0.0778332124451754 0.211488256590216
-0.059623778429867 0.0140199521771643 0.15003553503424 0.145424011719502
-0.058653679915565 0.0339063477951235 -0.115592349601311 -0.10292013376523
0.058327910597458 0.0347309612893946 0.15196172051651 -0.213470909008664
-0.0463217600758493 -0.00376997771293493 0.331050382891261 0.0661395126562425
0.00967005011986573 0.015474536472731 0.0677483754584601 0.478596099096988
-0.0131859550635234 -0.00592234531657036 -0.520009518043156 0.255862872452605
-0.0349168039210111 -0.0331007136640353 -0.451285101090817 -0.299149248307335
-0.0346501528589491 -0.0599389559430025 -0.0948809892538708 -0.307315467049443
-0.0182540223424545 -0.0491012145250085 -0.00140916090792365 -0.0251153735522071
-0.0381894873436492 -0.0614424614785887 0.0473646888756524 0.274591000804769
-0.0412846409368106 -0.0288027948991452 0.321840021641188 0.414401531427285
-0.00638191290375952 -0.00470672927500715 0.612883068997871 -0.0241293512887531
-0.0194412710062211 0.00900265106419008 0.120227989978115 -0.472951499562913
-0.000215042290367524 -0.0260655213025093 -0.32759283782966 -0.235511849133144
-0.00522800016790286 0.0719510831573429 -0.131984932402214 0.181145843223522
-0.0620462487402641 -0.00428259526349034 0.0970304842925648 0.159426813391467
-0.0505736030442962 0.0189602726987981 -0.151447983362635 -0.0864464739385175
0.0485167241453932 0.0300917155086076 0.0997964943204677 -0.250624198593171
-0.0381525732735312 0.00388440179833924 0.305627809110101 -0.0792025141608654
0.0205981809805313 0.0134039450649736 0.297007811702104 0.393673032710042
-0.018423162080375 -0.00616335664047447 -0.329328034884373 0.463995398780472
-0.0388036124516818 -0.020042987741251 -0.528967642542214 -0.0984943748585002
-0.040926507329931 -0.0453576266535292 -0.173251711774319 -0.288277367626911
-0.0182170424223955 -0.0421849071909123 -0.00889573231526459 -0.0416778762682605
-0.0254724130085594 -0.066192351694419 -0.0233615096071734 0.25828506144395
-0.028365915857398 -0.0434843077859002 0.131690191316382 0.504482795538333
0.00246300754388315 -0.0111426661833906 0.565222206405901 0.273205996299715
-0.0180438669346914 0.000321975194431824 0.339276280863901 -0.336159568017204
0.00044976084021209 -0.0109673293414052 -0.182350419976948 -0.358912293397191
-0.0340253461883865 0.0441570302400216 -0.178855321989227 0.130743675485753
-0.049276819008818 -0.0230393465490551 0.0448442884096494 0.156987838346076
-0.0368206685094579 0.00293464438531617 -0.180992516235687 -0.0736298205235819
0.0316632461901457 0.0259457622735755 0.0533464300972648 -0.261537993765281
-0.0180579483299346 0.00149584131261671 0.245244100548576 -0.182052051075213
0.0221910471171198 0.00898720426338375 0.426345997049829 0.261508305576776
-0.0209204469630545 -0.007512025080361 -0.140851248373325 0.544248766824058
-0.0328959385349357 -0.0132654573898242 -0.529184764321938 0.0628649811366652
-0.0368316437271418 -0.027504415256735 -0.230260256732112 -0.262272010701134
-0.0151267327609531 -0.0294615588448204 -0.0154122673935858 -0.0559382092261229
-0.0138757060757954 -0.0568703100791783 -0.0749695078183103 0.235609396066905
-0.0157773388494585 -0.0432716693415013 -0.0342233588364486 0.520175293579478
0.0135326147297173 -0.0134684168209437 0.427754918230863 0.474678088541207
-0.0140326408159406 -0.00112622629359738 0.456243138773262 -0.153790550393631
-0.00912710484567118 -0.00227552272566747 -0.0407161583469641 -0.399911052060557
-0.0457138702409099 0.00852095114676681 -0.203624643921393 0.0754923061638888
-0.0218455740994543 -0.0384755829177673 0.0035004047574877 0.144692953350937
-0.0193918611987206 -0.0100679440898559 -0.201038606320365 -0.0715064890206439
0.00719560648939264 0.0198574514799381 0.025987954719152 -0.250963238944356
0.00699485592425013 -0.00424578843668581 0.203289749842543 -0.241513447039849
0.0118999608042454 0.00477004707518738 0.470363357896379 0.176788902814652
-0.0206359975759751 -0.010208958757625 -0.0310037803266883 0.556204430499718
-0.0217745698143533 -0.0152912137099159 -0.512671311606823 0.155314283388015
-0.0207593307646608 -0.00980531588494972 -0.263226239930209 -0.244047132734815
-0.0112077121329961 -0.00983202320140915 -0.0194509721674733 -0.0662473602336199
-0.00881934687555036 -0.0347356021562716 -0.102740687030009 0.220228929130813
-0.0127684253958102 -0.0296442590755124 -0.131283415584981 0.503700729049426
0.0199324186332113 -0.0106692452082982 0.316233489412655 0.559933354134034
-0.0107106889385401 0.00160662667993855 0.489995549229936 -0.0269722886434466
-0.0209497677101828 0.00126098703727716 0.0380805612245017 -0.400194758391944
-0.0454054603632344 -0.019257878079502 -0.212309583651224 0.0358243143661248
0.0103519289021058 -0.0464090684408401 -0.0196543302998392 0.133005113742054
0.00160083920273013 -0.0203952439233342 -0.209324399092882 -0.081266120710993
-0.0195527233452142 0.00567890129101636 0.013418470559895 -0.232371046776671
0.0314196771114136 -0.0017032310054621 0.210620467458872 -0.263061292741136
-0.000244192010018123 -0.00158844439681617 0.466515316097416 0.174489639588623
-0.0204430614006518 -0.0108581779753722 -0.0209246902044938 0.552626948668505
-0.00515699623732432 -0.0205827972235917 -0.510381920017725 0.162245598842649
-0.00206165917203827 0.00600031391611858 -0.266666784367502 -0.242426728046799
-0.00670541725678854 0.0110697463443606 -0.0213646133628887 -0.0687984307891281
-0.00891345655286685 -0.00690095161628449 -0.107130146822348 0.216873265498634
-0.0162813515782668 -0.00692618091386121 -0.141324425515984 0.503372716354192
0.023844909144502 -0.0101278243631956 0.306895571798582 0.561591584981296
-0.00495636062827979 0.00211255214188602 0.497397206107828 -0.00606427523692531
-0.0261510835883458 0.0066583020232194 0.031600043016684 -0.399620301664332
-0.0462503031850585 -0.0341971568143273 -0.214150876571362 0.02019494690943
0.0415759348063707 -0.049880366562281 -0.0237550063258952 0.12601011444999
-0.0385608122762999 0.0641675247359225 -0.0178119625478164 -0.12929635474888
0.0435386705342507 0.0464880163914318 0.208898031525778 -0.0648302645198236
0.00349166903672222 -0.0134647847972078 0.0614071060343152 0.378464771855963
-0.0177473210594989 -0.015292117040073 -0.483827844606363 0.117028502363641
0.00760906921753805 0.00544371690206302 -0.414044781416233 -0.529061509727588
0.0101681102978079 -0.0120649911860306 0.0643872020591536 -0.562110900991744
0.00157622690546862 -0.0380127023015774 0.0990205297381453 -0.280590984430618
-0.00901000382354758 -0.0174576985343938 0.0112071533397071 0.018400022038359
-0.024774887038258 -0.0075277456726373 0.246287259733995 0.234649132894642
-0.0111678148509385 0.0195177223454446 0.529365265620884 -0.111507825491768
-0.00911117877164976 0.0103304663489871 0.0842427787240608 -0.555461463836595
0.0116596993511143 0.0271482370195156 -0.475997150806906 -0.230028327225015
-0.0474083083710694 -0.00554310699272973 -0.266997182228136 0.256390518174271
0.0525922438064569 0.0138281340964308 0.000121672599147845 0.248324409137288
-0.0201481917028839 0.032866133336914 0.22603101438052 0.0742535074350075
-0.053185207754509 0.0593392874406021 -0.0460636334886304 -0.12446084296388
0.0522628134834137 0.0473496545209365 0.206953746294771 -0.106584567115094
-0.0173726864525358 -0.0204883955502009 0.188401935860987 0.326448476676091
-0.0189942409124702 -0.000570024743813072 -0.398827550617765 0.295812011581678
0.00651109788672132 -0.001175111794223 -0.559991574676979 -0.333310913107969
0.000206192324995452 -0.0342710338666077 -0.106998468458544 -0.553839671768206
-0.00850509062940437 -0.0563745941688248 0.0485423726181365 -0.301024863938714
-0.0149615451822335 -0.0351848747470124 0.0101107430802688 0.00634959498253673
-0.0435257429123891 -0.0232739012261716 0.20241824240271 0.256318619299401
-0.0310741539529678 0.0152182504583499 0.538343077197008 0.0371910274177346
-0.00736090265594121 0.00746534991734547 0.278089865031395 -0.509733710450965
0.00254625644140118 0.0315791624606458 -0.371631697517601 -0.3680769293174
-0.038006351123397 -0.0290481915407736 -0.360081759156554 0.150385510380395
0.0577827357244931 0.0497613290730809 -0.0260543369983282 0.233535545592384
-0.0449741082861534 0.0293554545210011 0.203457437874847 0.110295211552664
-0.0596738941900013 0.0512198103880983 -0.0834590629954793 -0.114967199180503
0.0600735887589558 0.042327443812607 0.189696290442405 -0.16776410573521
-0.0379903028534401 -0.0146434710603625 0.302034362403485 0.208599310411082
-0.00665095738704136 0.0126091996520264 -0.188441198859703 0.456420201298182
-0.00126118872436655 -0.00579688480852492 -0.623129670041008 -0.027664510633129
-0.020832283840175 -0.0408172278609371 -0.313889538140564 -0.464673447376711
-0.0257637449317207 -0.0654199578489221 -0.0251283155217593 -0.314172577322088
-0.0190063689742525 -0.0466644047573776 0.00585547913717948 -0.00774606408051881
-0.0507970442025259 -0.0440150729636309 0.135181160572605 0.272416990071554
-0.0451104423410752 -0.00237810233446007 0.486271513354938 0.233256161420655
-0.00703629318399112 0.00389745671324634 0.502123665673457 -0.342341775349806
-0.0117493108889288 0.0247849642887502 -0.167276718490946 -0.484850338203706
-0.0159046193421366 -0.0365765169179588 -0.407018419503539 -0.0319859570978175
0.0342877436109038 0.0753647888234867 -0.070262418696375 0.218528742373319
-0.0619283749525861 0.0168197248697303 0.161932300292354 0.14236404228349
-0.0585675075106142 0.0379379931875284 -0.123601823372391 -0.100722816655894
0.0608564127796268 0.0348663363497065 0.147210710605616 -0.226684513676426
-0.0477215431610561 -0.00154591919205115 0.345498243132582 0.0497132670565918
0.00909858027891098 0.0160370999813838 0.0903078822299846 0.490307485320744
-0.0113153976669422 -0.0065058923927955 -0.529682559189141 0.282295396254933
-0.0365024100386608 -0.0327256926256074 -0.478074087424039 -0.289959605927571
-0.0418371865855642 -0.0596902480149937 -0.109557573144786 -0.310401047500196
-0.0207164257670407 -0.0487339480914162 -0.00194205738728761 -0.0240010452896004
-0.0458668740046761 -0.0618674671644283 0.0578347666593253 0.274646925649524
-0.0448822380131979 -0.0271633529743188 0.345709715723434 0.409930468256493
-0.00546525595574188 -0.00303265447594866 0.629855386270753 -0.0515778203804028
-0.0200806249213064 0.0121932242947706 0.102517831398536 -0.489898054032006
0.000475852284541624 -0.0248526616420623 -0.346649767781024 -0.228302224443137
-0.00410971987185968 0.075229165905593 -0.126659108323835 0.189575002364177
-0.0655811903373927 -0.000969539332974902 0.108551984443054 0.159803097254083
-0.051444510547835 0.0217184470049987 -0.160850203359178 -0.0840931137344418
0.0522567184520247 0.028892800618532 0.0914387520694934 -0.263088741458381
-0.0391654079642294 0.00600502239765275 0.314805758525486 -0.0976761688317914
0.0218609124275805 0.0128308033422839 0.324025659451156 0.388620332294645
-0.0179791364316096 -0.00558751359223617 -0.323828664696032 0.487831793731529
-0.0413938793013495 -0.0191623275167042 -0.548291112340663 -0.0821708946038169
-0.0474410113934748 -0.0457884482093975 -0.188129049070614 -0.288664697037441
-0.0205091790246371 -0.043297753841415 -0.0101917035115485 -0.041143265753947
-0.0326756897600253 -0.066334275428082 -0.0144832009872688 0.261952785015013
-0.0320684905928631 -0.0433924478846852 0.15390446026111 0.510933275429432
0.00133380717593878 -0.0107228834642994 0.592787628535988 0.258107137461126
-0.0182545993539128 0.00217785304990788 0.338925990063694 -0.357064653985562
0.000535284312275073 -0.00935714821911245 -0.205093174570834 -0.360627229504055
-0.0350233265855489 0.0475604715646171 -0.176908846175779 0.138804632708554
-0.0514515250221435 -0.0214183576231957 0.0536646206074801 0.159415046732991
-0.039077118334088 0.00413885764203955 -0.189520909321121 -0.0697784081974159
0.0328470128504427 0.0249905280219726 0.0428701858309176 -0.272400242359611
-0.0179370353158962 0.00392273164265633 0.249134156230143 -0.199925039484752
0.0216234336502231 0.00778661292540386 0.450746157605147 0.248450460263636
-0.0200368577895229 -0.00599282114054183 -0.123517284232075 0.563801199756711
-0.0341515794215021 -0.0112916609127557 -0.544181819522647 0.0884691354521006
-0.0395709175901331 -0.0279638991738667 -0.24686387306377 -0.259411056997246
-0.0168172123838562 -0.0290814925828873 -0.0173912282824001 -0.0548082387943693
-0.0212872254635325 -0.0588599397614658 -0.0673952179270415 0.242630736791778
-0.0201269422973164 -0.0441407594882151 -0.0182911833377786 0.535198886341289
0.0112205149183339 -0.012404652370544 0.457495375309407 0.470633008757476
-0.0149614987460216 0.00113404039583852 0.463872193612137 -0.17440129433684
-0.0101234624020883 -0.000599188789157261 -0.0579254640520916 -0.407647204888363
-0.048045606513305 0.0118060654109387 -0.205876682587555 0.0834393632837147
-0.0246457020530256 -0.0381741055462474 0.0102142949109231 0.149177458607103
-0.0211240913166984 -0.0115008325707054 -0.210250393489007 -0.0665433880378916
0.0077073139453053 0.0192549287577185 0.0146098388355546 -0.260623277977455
0.00793571009061888 -0.00384795876849911 0.201799882311824 -0.257982219644247
0.0118748661633912 0.00423847321879044 0.494361265204202 0.158554237901608
-0.0208718138433489 -0.00680711109051898 -0.00751942946607 0.569448384394526
-0.0223189659016466 -0.0141682151430107 -0.523339562952557 0.179139568311999
-0.022653903080816 -0.0111864859632174 -0.277525884753031 -0.236990605081632
-0.0121803474647055 -0.00932328935804853 -0.0232243081802657 -0.0644079363879526
-0.0138919931175985 -0.0387051958896031 -0.0961670106742923 0.227440092809849
-0.016185242726067 -0.0299559752334887 -0.1157196348592 0.521915616140386
0.0201662350923392 -0.0111037289680761 0.343784054081959 0.560883781931616
-0.0113179289438567 0.00363204682564735 0.504392761301411 -0.0430770657165773
-0.0219647766496724 0.00187564308049252 0.0220307070227409 -0.412449029834672
-0.0510185428411583 -0.0176026588480873 -0.216649652956817 0.0440536404295499
0.00839969606167815 -0.0498131527390204 -0.0150076576103088 0.138394967826555
0.000832137955675893 -0.0221351105486597 -0.218781487894163 -0.076849695879083
-0.0195665538116769 0.00534180215176348 0.00256628139388703 -0.239946482929779
0.0327976890207843 -0.00143997231866406 0.20777621590312 -0.278346167921652
-0.00149503542178088 -0.00177412306594885 0.49040154008805 0.156970667901788
-0.0203373730162963 -0.00772104821473193 0.00317734322714986 0.56579651904732
-0.00584270617254948 -0.0200040657328056 -0.519763792209436 0.187778339438409
-0.00152235741368272 0.00447052124442305 -0.281867473851661 -0.236424778332631
-0.00562514464064213 0.0126807757216747 -0.0258398758680562 -0.0665053971568046
-0.0104862281710124 -0.0108403992204541 -0.101459721177296 0.227039950823737
-0.0179547846940941 -0.0073678624348413 -0.125665177143367 0.519498082186343
0.0221539442169191 -0.00982109420370166 0.335046515713426 0.562357443222577
-0.00481036939544861 0.00421254133716835 0.51101427832492 -0.021948948483026
-0.028028567731904 0.00869725502652735 0.0157011596470257 -0.409651161903942
-0.0512899121776612 -0.0328400758684378 -0.219156357525757 0.0303052323335088
0.0393664813388575 -0.054355097330864 -0.0206857432396848 0.130913954049375
-0.0265799857951692 0.0695133325224892 -0.0405331520732021 -0.126111234589502
0.048475258498455 0.0419500266407414 0.195096002328173 -0.0985467154237923
0.00127284997122409 -0.0147831257530547 0.121980099377917 0.361076466876642
-0.0190671191884456 -0.0106775835709494 -0.462046512955422 0.196694385206804
0.00731160889263013 0.00242479725686329 -0.499213035527514 -0.450231517572611
0.00630841756942844 -0.0157640669080341 -0.0283899451774384 -0.563509986641132
-0.00988988481599915 -0.0360941560148568 0.0498483360260685 -0.290526161517354
-0.0112631067360516 -0.0156860799122061 0.0149157582406939 0.0162686531544895
-0.0278953942634297 -0.00177012384028912 0.278811716593217 0.187193900928763
-0.00643697957929235 0.021214898579763 0.50069336499409 -0.198423697275137
-0.00632670452622605 0.0121740528122279 -0.00840860347876484 -0.56263654230714
0.0133983489319648 0.0255018339313423 -0.504665152778694 -0.146160903796106
-0.0447173477437471 0.00514141627307755 -0.217250366182507 0.29596516082623
0.0541456908344557 0.00949141560862928 0.0410843313162395 0.239627313303607
-0.0127348103721487 0.0355107727721989 0.235243917579746 0.0360818511913246
-0.0419787768549052 0.0682296894441696 -0.0674016447463336 -0.116421179715105
0.0594102862635939 0.0411815252627285 0.186327863135145 -0.139449525501753
-0.019986753311111 -0.018404309200602 0.238985721467358 0.289853638603366
-0.0169417533494159 0.00434843564706815 -0.345734565721989 0.360219408159252
0.00483558279400416 -0.00381367840961717 -0.611086260690534 -0.233249930275042
-0.00780910891053507 -0.034260402071012 -0.194157346918617 -0.529430588113842
-0.0220246925820936 -0.0516362626209621 -0.00100798026558342 -0.301182169404601
-0.0198739053492517 -0.030558876494034 0.0114253051187247 0.00375315741872226
-0.0483837009696035 -0.0138891333624944 0.240014424029063 0.215363217951557
-0.0269771743715044 0.0213098079760852 0.53365239442886 -0.05101223101045
-0.0048991795101103 0.00855034389759532 0.191307931813086 -0.548402453496062
0.00404744782909944 0.0300934455274323 -0.424206280421435 -0.299572225616137
-0.0405487648780321 -0.0199955060365793 -0.326287804366698 0.206735205894229
0.0645116051366667 0.0447795310095192 0.0129353096384205 0.229924551377239
-0.0388852870032692 0.0375817552122469 0.219818135697537 0.0740530921734616
-0.0507572596761999 0.0609472064888908 -0.102974751769908 -0.100766630120653
0.0665595882283594 0.0341109298985817 0.159006719018661 -0.19794871507113
-0.0403876253223835 -0.00848452998776573 0.332531873688469 0.154200835917627
-0.00230616872668386 0.0142253549803668 -0.110703769766777 0.483591212850106
-0.00213096964153132 -0.00609726729549081 -0.622213956090005 0.0765288957651802
-0.0292761452548744 -0.0371656872725857 -0.382940214458374 -0.405864597629157
-0.0411356329646527 -0.0563006174537431 -0.075976949166852 -0.302774101388609
-0.0257533309155919 -0.0411454510434282 0.00488348950793943 -0.0104085708853397
-0.060281929587303 -0.0311758507736946 0.17584331186457 0.242937144942463
-0.0435609022141744 0.00557854513055066 0.515246042099076 0.150082952918402
-0.00505369533279967 0.00487608068280054 0.436544683145515 -0.422129818808104
-0.00955017394460217 0.0252251716311654 -0.242333503321344 -0.44805288187748
-0.0214570234414704 -0.0316084538762457 -0.404674500745197 0.0373306810143284
0.0449572986032351 0.0737701087161205 -0.0332519884947563 0.22252085755024
-0.0566696879454923 0.0288312660869056 0.186155456178416 0.111276435925248
-0.0520334590018391 0.046043094556129 -0.141180858901804 -0.0804896450976212
0.0647582145373014 0.0275712273648959 0.105866996122162 -0.248893085958867
-0.0478491508443431 0.00497850150343839 0.349843495087161 -0.0106131710018196
0.0139780889658271 0.0142123384632532 0.171428816516668 0.467772587955289
-0.0114497810945902 -0.00461549170102221 -0.476614540446854 0.367356313138404
-0.0445002636805921 -0.0239987355294483 -0.516067543208779 -0.205457996712847
-0.055187287511633 -0.0491059326301763 -0.156833289340381 -0.285240419759022
-0.0285857704123178 -0.0438551423307218 -0.00351440743204394 -0.0240114512495698
-0.0580929337300771 -0.0486302621412953 0.098417417628194 0.258084984282329
-0.0474226411134043 -0.0170849656461488 0.406294188535683 0.347547457148194
-0.00463423626531513 -0.00178583342176381 0.608227470933811 -0.15440447281951
-0.0183980599780222 0.013100882816738 0.0234631100759956 -0.495405045177852
-0.00476535559468006 -0.0245462611162995 -0.379512876449069 -0.164341979831156
0.00529620730482276 0.0793693437084519 -0.0923192815950795 0.203503486752946
-0.0629231971204156 0.0115251880348455 0.135048087913555 0.137693558201664
-0.0477558037183404 0.0284117191875237 -0.173885509710926 -0.0561223188151634
0.0543946087397451 0.0222246170562131 0.0442893033749341 -0.276131508482449
-0.0371554842908252 0.0119007546384143 0.293760220232446 -0.150569718246705
0.0244240111581053 0.00760513503505859 0.38558686440158 0.326643497462326
-0.0160012800279155 -0.00260498320980856 -0.237057000121927 0.535268116276397
-0.0459441162606085 -0.00960374378973492 -0.551764975165554 0.0122295107505284
-0.0575240561592644 -0.0339720329976758 -0.232707388908228 -0.250836952122049
-0.0268975698914906 -0.0385178819284695 -0.0135040353105423 -0.0369412201299797
-0.0467671729320295 -0.0582127855527589 0.0251001149254905 0.258732994075706
-0.0393643587381226 -0.0348375012647011 0.233176974547242 0.479750241413436
0.00113759409356566 -0.00977734198395874 0.624088082609483 0.156486383587198
-0.016521444574515 0.00316749404238022 0.275277955167256 -0.403254030604896
-0.00274245847582576 -0.010540299130576 -0.259764260030881 -0.317459558979927
-0.0300443105676101 0.0565144407600128 -0.151110031785064 0.163013322926339
-0.0554322404244183 -0.0103644916207776 0.0802682442379395 0.147373642795129
-0.0380436297838386 0.00916683671928223 -0.20122486682349 -0.0366421977741312
0.0355660618184732 0.0210854790216083 -0.00418561712926441 -0.276323293680983
-0.015999868356757 0.00641610959843431 0.214374163640482 -0.241216149154857
0.0238571309978505 0.00296339504786344 0.485156472022492 0.166815696857773
-0.0171662909968661 -0.00181947521533563 -0.0247775782711852 0.575787232357497
-0.0377769167424276 -0.00297026894154983 -0.519924008925919 0.176875161323867
-0.0478416912690202 -0.0182007462307814 -0.284825814318745 -0.212303656514002
-0.0216042279598286 -0.0255782216395751 -0.0236944101775423 -0.0481019755651221
-0.0337905234727005 -0.0533179860104872 -0.0285012033794936 0.24753113150655
-0.0288017846254441 -0.0380648226743909 0.0677345725249919 0.531122949457137
0.0105447388715881 -0.0141789898812489 0.525090064689884 0.388713397634635
-0.0118714364520113 0.00227873389696285 0.430852888499018 -0.243189093826182
-0.0104518172384758 0.000103341019355998 -0.124933871004744 -0.388779269003952
-0.0484416894260828 0.0230118276085095 -0.188140549158899 0.113024248683269
-0.0316492942049396 -0.0322764798384491 0.0345384935197026 0.14371766962795
-0.0231046802844812 -0.00940288790082098 -0.220924812907175 -0.0304572777627624
0.00996473980729323 0.018465499531205 -0.030114838029164 -0.259077459059727
0.00884813911111511 -0.00442209187566931 0.156781303305333 -0.29138794634896
0.0124892468484695 5.98332648706588E-05 0.51445760389679 0.070734787213153
-0.0177688636200115 -0.00238511769907991 0.0910262464831256 0.561445768625509
-0.0244620645029177 -0.00677040849429754 -0.483608462841754 0.264659455906534
-0.0275147429991928 -0.00648488316624936 -0.310153378969719 -0.186138896484841
-0.013486367569488 -0.00810350863516768 -0.0318745636915693 -0.0565364666953488
-0.0251738078569573 -0.0364599401451833 -0.0590441817273553 0.238379228878626
-0.0231341377299327 -0.025244559858893 -0.031241901101841 0.533220331271027
0.0183384629191498 -0.0124331738900502 0.427906979050078 0.494831622914313
-0.00764398885305362 0.00514258103974506 0.490736250527804 -0.121298020039402
-0.0217254674964625 0.00518856359017441 -0.0455954241144209 -0.408168287884954
-0.0560025801701472 -0.00521462491243717 -0.203509743029339 0.0768326957452373
-6.29192755629641E-05 -0.0500991189889328 0.00714635468242616 0.138572257884918
-0.00240199744310967 -0.0251155154196639 -0.231353539632942 -0.0382423968363228
-0.0200876682864498 0.00887155830747026 -0.0368306401602008 -0.238123329603622
0.0329874259535113 -0.00510994726270219 0.159396409337056 -0.312437572348438
-0.00130934400762413 -0.00249353677289204 0.511973651543714 0.0707571950457468
-0.017483037076221 -0.00176974613896195 0.101834594829052 0.554760214441584
-0.0083353946335672 -0.0151332562198193 -0.480422851457298 0.271471658334863
-0.0026693549211097 0.00413896719253197 -0.313635386731161 -0.18235448610367
-0.00442952161515123 0.0122233180567411 -0.0351830489838786 -0.0582803907889137
-0.0157627442148246 -0.0112117550027492 -0.0625549782901207 0.236823251935141
-0.0201705037976271 -0.00262387442734162 -0.0409083156657553 0.532261477779423
0.0199132193648218 -0.01279692448253 0.417558014038993 0.497121964232557
-0.00153572153071798 0.00543346530385721 0.501570736064789 -0.102621384868853
-0.0267317787970692 0.0122680161353859 -0.0514518974898221 -0.404499579143105
-0.0601920231017593 -0.0205592495093568 -0.208350658266842 0.0651405462053261
0.0302533124648838 -0.0604848319611466 -0.000919445693328446 0.131976384522383
-0.0223963871006218 0.0686173835988782 -0.0439944093620581 -0.121900302273568
0.0506512530253522 0.0402270490366633 0.188323318391549 -0.10281019528588
-0.00213668757150639 -0.0141647781178754 0.132491920855845 0.350321201122426
-0.0187894254192305 -0.00901415218125345 -0.448523775323542 0.210980977365716
0.0083590249484587 -0.000179429043413594 -0.509740592074436 -0.426939162859265
0.00776301591169281 -0.0155670288012444 -0.0491996513719638 -0.556886762689049
-0.0138306779264045 -0.032393965664744 0.0379944382157183 -0.284304292775381
-0.0113477471755738 -0.0138952457545381 0.014820218960741 0.0135825614022777
-0.0289428658028255 0.00208349671146575 0.279590252851161 0.171544222521495
-0.00479884623933438 0.0221554603863255 0.484530454180845 -0.211459406930415
-0.00418524196595007 0.0122557916278657 -0.029422393573432 -0.555024245486027
0.0151993682055856 0.0249238740969034 -0.502949420612512 -0.122397403886653
-0.0424369512811645 0.00600185418630781 -0.202975485536855 0.297747936588838
0.054041518648626 0.00834476511472467 0.0488285876954151 0.233361425561928
-0.0124934257731021 0.03485063585904 0.235052078189224 0.0258471737164023
-0.0388742673877199 0.0685822645918702 -0.0705623628252275 -0.111442059869484
0.0619839687952013 0.0395017381072062 0.178903286688008 -0.143246968310931
-0.022700365908947 -0.0163591062543462 0.246311100622858 0.275673830862716
-0.0172821070467758 0.00419036925843821 -0.329065736469721 0.369917921280866
0.00485775579915558 -0.0074258769072127 -0.611947872202101 -0.209612028698526
-0.0085170003256591 -0.0338853647590517 -0.212894836922696 -0.516918293616964
-0.0257492990264546 -0.0460226984164384 -0.0125058941469748 -0.293320246421704
-0.0201192055084853 -0.0288561376258392 0.0116298782049437 0.00212768949003323
-0.0501961038828674 -0.00859835974832793 0.241245002411533 0.200991993369138
-0.0258352803959254 0.0233339364058323 0.523399751681283 -0.0679276832073073
-0.00334879830509607 0.00861978851620106 0.166551582820883 -0.550116501225588
0.00634246621806307 0.0301427130027232 -0.429512096746719 -0.279638946008832
-0.0396477011799715 -0.0188435820816432 -0.315588151146398 0.216029988714537
0.0656976611239814 0.0427242598847444 0.0200260879441743 0.224982197058747
-0.0366774270117602 0.0385143292564137 0.221931535161087 0.0635270044362834
-0.0475684813091907 0.0631061321806144 -0.105493095469397 -0.0962488016947588
0.0696681656599793 0.0330648186006137 0.149327497679913 -0.200607457611352
-0.0417292470292937 -0.00748096182698686 0.333055121830391 0.138983552468676
-0.00266633843253438 0.0135907195340444 -0.0891934130010057 0.482773515468807
-0.0037947672716449 -0.0102117176274328 -0.613965425505435 0.0999130807074395
-0.0307998051074136 -0.0358894634521584 -0.393420348301393 -0.387454292567768
-0.0430283408336928 -0.049593075772061 -0.085916721995778 -0.291287284300208
-0.0269199138274524 -0.0391344751157338 0.00432755400606164 -0.0109702351077969
-0.0627474507100377 -0.0251680555753554 0.178159502304928 0.230480304706094
-0.0427811698292402 0.00912218796451936 0.513638776817059 0.13134166399239
-0.00377073548243926 0.00406715542639137 0.41555761721746 -0.432761641187157
-0.0076470001700396 0.0254388210432101 -0.253546339605798 -0.432578853354552
-0.0196708350267263 -0.0320759113071754 -0.39821889984285 0.0512606320000613
0.0472132260587341 0.0727500593669287 -0.0256597618110709 0.218955775000758
-0.0554001050969797 0.0312624242014519 0.189018747097135 0.101979601329312
-0.0497702846503858 0.0492669639952932 -0.142296634581123 -0.0745330602061395
0.0688866252799197 0.0244528419002712 0.0953778847622117 -0.250240154368544
-0.0478686143858228 0.0065040628683873 0.343835770676672 -0.0264151538020533
0.0134548557123469 0.0122638968458016 0.187301815403431 0.453575712106122
-0.0122267031164541 -0.00708880896658475 -0.459343755398678 0.382761029373617
-0.0453354577464126 -0.0225539885892276 -0.517012380814595 -0.184665617002778
-0.0567612807984266 -0.0421631408245011 -0.165216321516531 -0.272188565801007
-0.0296173622075981 -0.0424697907628441 -0.00343016987043618 -0.0238766710188536
-0.0610843486397918 -0.042948783692993 0.104385298020555 0.249321967847587
-0.0477357362365151 -0.0136716991187393 0.412453074941692 0.329882693016418
-0.00372345719450385 -0.00167927415824048 0.596459871732485 -0.174720261133947
-0.0158074439467007 0.0131931759969823 0.00654399923505961 -0.491020159501808
-0.00379638174612835 -0.0258908657951827 -0.379711404999206 -0.147447125764194
0.00848257653391613 0.079272062435987 -0.0868524601451525 0.201720030109017
-0.0621421152573321 0.0150983092116404 0.139065909985081 0.129839375594788
-0.047245537320819 0.0311970820761085 -0.174711787907329 -0.0498916443302742
0.0560685036017298 0.0207455185005186 0.0337947821953425 -0.273149984458955
-0.0360023758565827 0.0120375032405004 0.285544475070639 -0.161803882231782
0.0233094047747161 0.00632729764471068 0.393554846290117 0.305297116422727
-0.0155131275612583 -0.0043552703890669 -0.214382798097988 0.536656291483349
-0.0465729345625292 -0.00748373169041004 -0.544609560918609 0.0333345513518181
-0.0609225099464545 -0.0278266728359743 -0.235499322370262 -0.234521805036715
-0.0288909152798514 -0.0368147870062455 -0.0130933013764826 -0.0356394023988871
-0.0516175046739666 -0.0513848173463546 0.0324344021330759 0.252915312099984
-0.0412785865699444 -0.0318665126736667 0.245867983904901 0.466647803777565
0.00157861607364571 -0.00985642379726985 0.623677082222701 0.13248409020233
-0.01534638520694 0.00556376023796226 0.2613199939018 -0.408296650307411
-0.00180531818663064 -0.0118633957841024 -0.268877892692904 -0.304393666056154
-0.0271061672278541 0.0582144865956319 -0.145952658386527 0.163207157690537
-0.0547717993244739 -0.00660762716478453 0.0852613169917262 0.141846162164775
-0.0388270340235944 0.0119403615913345 -0.200016402525682 -0.0304098546280432
0.0369111570645585 0.0195900934523542 -0.0157238109123859 -0.271162926209236
-0.0149171640724934 0.0041526337751412 0.201952905167324 -0.248366069038731
0.022850082408963 0.000577170315387666 0.485113548084647 0.141974242541286
-0.0154309557842511 -0.00285666416047113 -0.00469842710057674 0.567674243260823
-0.037743698555336 -0.00176736816022273 -0.504598160474216 0.194028027168705
-0.050256847088047 -0.0143212526092917 -0.284801437800839 -0.196685710203383
-0.022725443343493 -0.0248714044286878 -0.0232174347343136 -0.0451815626502584
-0.0398781551931422 -0.0485202203919999 -0.0221274757876817 0.243154120170164
-0.0315612286390662 -0.0354266874983225 0.0844807972364761 0.520688063796378
0.0108730610128436 -0.0136056512802683 0.529922714339015 0.36489883831556
-0.0100134440552705 0.00438132630583337 0.420151604618827 -0.255640353938193
-0.00833611272332537 -0.000994833171114913 -0.136325820625188 -0.379178955102927
-0.0474667791565389 0.0274228721529772 -0.183751279577808 0.115065461713875
-0.0327275495689093 -0.029236580307456 0.0400947780793071 0.140912886406846
-0.0239859910752205 -0.00816371533610689 -0.218999928303358 -0.022657500049201
0.0109225539167938 0.0197675929567284 -0.0407412845098142 -0.254035107883811
0.00990799371094871 -0.00694696137602208 0.143798234648555 -0.293143919598084
0.012739477251274 -0.000569868279083695 0.508596901365476 0.0470240830665229
-0.0150488010651098 -0.0021604083012286 0.111258306565234 0.54784526386979
-0.0247780805423994 -0.00558950419729982 -0.467365989961676 0.27751145905901
-0.0295274075958719 -0.00454725851771185 -0.309978821678025 -0.170343977132124
-0.0138665373302811 -0.00774279034271324 -0.0316575591662013 -0.0513852009066427
-0.0295238204365639 -0.0324409120742202 -0.0512054922608921 0.234927536448865
-0.0245748745661298 -0.022119410213458 -0.0135353178469241 0.526571376023975
0.0178655253903703 -0.0122268861801775 0.438396762176236 0.474996008612047
-0.00568093015567322 0.00739592458218127 0.482737184339282 -0.135559789528846
-0.0198182003508561 0.00510865476026622 -0.0582574659147398 -0.3994240842554
-0.0561485540369944 -9.38313545722916E-05 -0.20004829001746 0.0795467303714464
-0.00454817702973495 -0.0479342052299462 0.0109384567348341 0.136623079249333
-0.00522899871747347 -0.0250528032836523 -0.229783001561818 -0.0286602144336118
-0.0195698404245912 0.0101444047497278 -0.0455669746069156 -0.231957855949434
0.0351599832529935 -0.00894471874643724 0.143900910642483 -0.314948455028422
-0.000757916291221661 -0.00210799677128473 0.50547228310403 0.0453240567349156
-0.0140374736355258 -0.000729588054973262 0.120430355203947 0.54281960180639
-0.00976348768661536 -0.015175891804231 -0.461482488999158 0.286724085025533
-0.00509450456916762 0.00344337024331776 -0.313878439376111 -0.16759505828697
-0.00376802924934119 0.0115099866387885 -0.0352825593771543 -0.0521703538930881
-0.0201850467419251 -0.0108775956576248 -0.0549775679882562 0.235095282532721
-0.021984612648141 -0.000312356486263146 -0.0236743872506857 0.524623244589353
0.0187614056734393 -0.012108485194716 0.429908274137475 0.478339921747372
0.000120000775307268 0.00645351280152089 0.494596090170548 -0.117978457274137
-0.0246420160744588 0.0133281431487105 -0.0642098143879105 -0.395113520344375
-0.0626201469661524 -0.0157062973416143 -0.203873418047052 0.0692447764590862
0.025073008901359 -0.0604561661250529 0.00423525971031359 0.130580241198375
-0.0259058161952844 0.064023127199345 -0.0391728378579646 -0.122113135636658
0.0501879727084637 0.0415185203916811 0.19360990084679 -0.0908132688748063
-0.000628710810786042 -0.010275101274662 0.112326695546311 0.355173531432217
-0.0214871758298245 -0.00843085895944023 -0.45776386117383 0.186492716758531
0.00324041194925652 -0.00644584250680599 -0.48754989564346 -0.445545224404864
0.00814539183237501 -0.0196545588209107 -0.020907367083943 -0.55430725769574
-0.0112985711165758 -0.0295192916941212 0.0523870446066347 -0.275954190752781
-0.00925551771794613 -0.0144899500386028 0.0130649406251383 0.013457437168245
-0.0292305543834683 0.00399540849279712 0.264614047288051 0.182406554552876
-0.00356154912967993 0.0199020138591362 0.490217906165916 -0.181258626176607
-0.00593890308199726 0.00941960358168384 0.00137193366556247 -0.550823470697023
0.0135308602760616 0.0274112245758854 -0.490370523622673 -0.148492969950503
-0.0382799380469293 0.00483300315522664 -0.214268851346387 0.283005859932079
0.057457181061575 0.0132745630761286 0.0352465746346962 0.231906173197195
-0.0147209676055761 0.0316365446265042 0.231460363347636 0.0362661767928041
-0.0408247635549306 0.0636190150502203 -0.0663307246308579 -0.113760463947646
0.0610567410801706 0.039947435840903 0.187213878405999 -0.132544378430592
-0.0206978100135455 -0.0134155369253322 0.228865878365018 0.286060171912177
-0.0193958975929464 0.00609672657894016 -0.343086228386833 0.350048780249694
-7.99332759708581E-05 -0.0113383017293207 -0.599366886314613 -0.234827058231738
-0.00690164800742263 -0.0376967014003664 -0.184072013442852 -0.520302070119178
-0.0226278563997726 -0.0425925246409872 0.00383597705264024 -0.288055373202994
-0.0174513454568728 -0.0288311595569859 0.0100385513013482 0.00217720960233285
-0.0481920820751764 -0.00625108513125456 0.225700949869914 0.209396721815328
-0.023288264443797 0.0202400285169369 0.521162116420187 -0.0352659831848202
-0.00331080975858051 0.00635743606536471 0.194327659765198 -0.536093412743206
0.0044627295897003 0.0315079656900412 -0.40909705208205 -0.299183210333453
-0.034911420319563 -0.0201803520227585 -0.320113874489493 0.196796331285119
0.066604336940279 0.0471944989999313 0.00664116801195175 0.221520464767378
-0.038259446699598 0.0349003623820122 0.214473710115419 0.0728748196212687
-0.049612466942311 0.0575773799196663 -0.101228130249219 -0.0985377137717447
0.0703062682911042 0.0330767072036015 0.160165742603016 -0.190021573396526
-0.0404728027700903 -0.00642937788833414 0.324024604335036 0.153636582113187
-0.00446596720259315 0.0160683218610411 -0.112178198285497 0.475489345704183
-0.0101812767031768 -0.0119294629061577 -0.614827655227569 0.0700574648977046
-0.0314932986877681 -0.0401786733097058 -0.372239420300247 -0.404355756896444
-0.039013760589635 -0.0472820435839453 -0.067961630651942 -0.290187249927358
-0.0236631534778429 -0.0384864321187333 0.00543107914977605 -0.011102195820901
-0.0589757791482302 -0.0234057770651578 0.162848677964318 0.236444955529033
-0.0393942854439049 0.0066664171573042 0.499142417504653 0.160383647192355
-0.00403377627421009 0.00154333835119171 0.434205469730525 -0.407759874115885
-0.00989551138851401 0.02499364165777 -0.224365025758053 -0.442717687566973
-0.0168899911439324 -0.0311729555341339 -0.396145996613046 0.0317998092768472
0.0467471798740639 0.0759975967598098 -0.0391252392723781 0.214314053358886
-0.0549990135108331 0.0270328717254438 0.1801498023793 0.108598001705227
-0.0515469118977032 0.045420246225436 -0.139622315379453 -0.0807741507299059
0.0680187755082233 0.0242692603211906 0.107876569761829 -0.242159887357357
-0.0477239943640649 0.00569587280446534 0.343304221549863 -0.00999937708700724
0.0130218368397405 0.0152147351562549 0.165466661214159 0.459297319657836
-0.0160579644106011 -0.00738595704020465 -0.473454038450707 0.357661805961272
-0.0491218980116415 -0.0260360658934899 -0.504160718574423 -0.208954630756658
-0.0539358239520726 -0.0400636303291401 -0.148021371848609 -0.273732476138114
-0.0273186771222386 -0.0423307302335298 -0.000813719162638276 -0.0238300910354946
-0.058315675090359 -0.0405824636324452 0.0871521053715024 0.25045247079399
-0.0435642767276482 -0.0154643398217701 0.390754432615992 0.352947499091423
-0.00277510133780035 -0.00459616715918173 0.599917404153637 -0.141580418733879
-0.0179833280972209 0.0122373468237725 0.0383982438300111 -0.484131275116567
-0.00398152670499693 -0.0244965081876283 -0.364439778939909 -0.161279424483283
0.00738282576362593 0.0808926510438141 -0.099045007560452 0.193770856471041
-0.0614238533165137 0.0111488466623655 0.130285219614463 0.132705001926161
-0.0489782517871928 0.0288076729856218 -0.17235216656802 -0.0567924202096781
0.0561749952277119 0.0214733679592618 0.0454594863963557 -0.268823276405227
-0.0359683214826939 0.00903435247255412 0.292485319717133 -0.147845956360104
0.0254737795218813 0.0069986389191545 0.376262357023262 0.322086050134527
-0.0184807689284472 -0.00299530612479559 -0.238350849958904 0.522085682749576
-0.0507752016751268 -0.00958775596035615 -0.541197841960591 0.00554569378294598
-0.0585691011930581 -0.0261316965196536 -0.219866368503779 -0.240573185675009
-0.0256584381516322 -0.038292760801373 -0.00899927253984106 -0.0353740192935586
-0.0485893518850104 -0.049267546263392 0.0162207615415066 0.248999657247796
-0.0375475208915774 -0.0313806605703847 0.218517294830187 0.475548551997765
0.0034833363337865 -0.0120964056234203 0.606851433071802 0.165562704433839
-0.0155570657016613 0.00270051714230339 0.284419494337846 -0.388137055080239
-0.00299290930100168 -0.0114812357220496 -0.248164645490649 -0.310469013553531
-0.0262782825689745 0.0594774518933225 -0.156379377230673 0.151186213925248
-0.0519734318692131 -0.00964156698304089 0.0768582990842394 0.142028165774237
-0.0400009506611745 0.00968708676500461 -0.199895114638438 -0.0383829570761349
0.0361651585777961 0.0197633123764802 -0.00328352946993953 -0.269520194496545
-0.0151276388312676 0.00178055215259015 0.214390803299684 -0.237937756707114
0.0261798220297481 0.00192590987534824 0.475156739468339 0.162659208592649
-0.0155235332827406 -0.00178283861700462 -0.0311247862022806 0.562533896079993
-0.0419077026768839 -0.00276049277694597 -0.509616786270915 0.168365938438709
-0.0498002320390023 -0.0117106929654455 -0.269888754243743 -0.206143317828216
-0.0208814316624912 -0.0261929648623926 -0.0176794236809457 -0.0449927872980097
-0.0385575345415405 -0.0455646967418526 -0.0356285541665688 0.240185560820111
-0.0275337541155951 -0.0324152380739973 0.054330596222191 0.520519664317824
0.013885412454661 -0.0146979414429994 0.501725893068434 0.391249971929557
-0.0103577584769954 0.000624961443779185 0.433283096492482 -0.225223327259273
-0.0110549539913633 -0.00138639610543425 -0.115923471259311 -0.379288835735986
-0.0462080745132495 0.0274087388211223 -0.190529359402219 0.101885930344385
-0.0308153208429317 -0.0303967347705772 0.0309446371150905 0.140396240798416
-0.0254241687236389 -0.0092609067415363 -0.218405125732451 -0.0313563239509374
0.010306448061643 0.0185825355601099 -0.0299998730699902 -0.253218230852883
0.0104959671388885 -0.00988426108776737 0.156769360856543 -0.284649311102739
0.0160615002609698 -0.00125688424030444 0.504242976538703 0.0691275887366726
-0.0127926709739738 -0.000686375139539765 0.0836565405273114 0.548430595042215
-0.0281301272539858 -0.0058640055676988 -0.474775004203828 0.252103513017796
-0.0309129332782059 -0.00274544859694155 -0.296141769684109 -0.181066987680654
-0.0134562180737026 -0.00967745581991119 -0.0258534574833719 -0.0505522645455478
-0.0298273063051708 -0.0311336925533088 -0.0647290814202252 0.230279788803176
-0.0235244097046418 -0.0200392937848666 -0.0457175575333309 0.519172199136185
0.0206733898695633 -0.0114691556841761 0.404754646075396 0.493526043472976
-0.00527922740540228 0.00562140450769086 0.488968145202587 -0.102497498049912
-0.0220325667724053 0.002515380290452 -0.037884217904667 -0.395177255655857
-0.0539825096843478 0.00203104731735374 -0.204143817605031 0.0649453700073327
-0.000994397031113077 -0.046313530849454 0.00265041114897102 0.134887632694143
-0.00571732215723036 -0.0253409966420793 -0.22758903925889 -0.038053365907332
-0.0212418261767586 0.00819684858028823 -0.0353812885879974 -0.232781195328649
0.0366151554605441 -0.0123557055191361 0.158337638949499 -0.306622408146681
0.00381306637467208 -0.00371361275489094 0.501524940786258 0.0700300092298671
-0.0120153850691137 0.000603015448029706 0.0941389863820621 0.542527788734991
-0.0129825519442353 -0.0143388148663487 -0.472502878815617 0.259342869795132
-0.00756356384273711 0.00460065174765169 -0.299750106127905 -0.179760865495071
-0.00466495000287781 0.0105005983392206 -0.0304632715479895 -0.0509593850901482
-0.023163364953494 -0.00998346062098882 -0.0681651845195654 0.227644803653681
-0.0213253710999804 0.00283540786022359 -0.0534016719491541 0.519134976727413
0.0219695684117951 -0.00935180796283598 0.395644361941405 0.495478365688513
0.00138948818432625 0.0045677129454087 0.497429742153867 -0.0837498553168008
-0.0275213635110523 0.0124896821716621 -0.0425833102353905 -0.39016792300256
-0.0588140661264929 -0.0122445456394631 -0.205299952680141 0.0543046449750143
0.0276641215749921 -0.0576237038328722 -0.00408490695393931 0.129317207844646
-0.024738664539487 0.0636776408513583 -0.0393468091305604 -0.121300431875072
0.0532208014612563 0.0400945115433902 0.194600973571472 -0.0911896622863389
-0.000638232991382994 -0.00855371317942022 0.115670277121237 0.354582527765087
-0.0215843085538373 -0.00867307054426398 -0.458244599787827 0.193360894900035
0.00229272612073811 -0.00948734459615246 -0.492551288568664 -0.440554680174954
0.0104636512206057 -0.0200666752059787 -0.0278427453096459 -0.554197836375447
-0.0095216368381921 -0.0263321018292005 0.0497205104736973 -0.273464535583034
-0.0085012330572954 -0.0143939155246203 0.0117704621836812 0.0131607186025697
-0.0281498178902064 0.00761954547488496 0.264473383200462 0.177073845672562
-0.00105354035167138 0.0210133620311435 0.487145968983276 -0.186246027572864
-0.00340137181817208 0.00904888292619902 -0.00683186034580151 -0.553591941022516
0.0160170332313723 0.0268845979269892 -0.495484032014055 -0.139746945509791
-0.0373697122382883 0.00397596800257284 -0.212975849552797 0.286176145092305
0.0595679144049627 0.0124997043898916 0.0381635696652273 0.232866194986873
-0.0136245295684466 0.0330082832211856 0.232269994197213 0.0331572792241124
-0.0389029681108031 0.0639322704979737 -0.0673922363412144 -0.111831309498073
0.0636220466692538 0.0379955768687749 0.187149657447893 -0.132605309840662
-0.0190111873158202 -0.011321081910541 0.231894147841605 0.284579112642468
-0.020009367869546 0.00518079164703448 -0.340491874620757 0.354526322217058
-0.00253270185720231 -0.0125911590490777 -0.603735938404449 -0.227038737603259
-0.00593755206006558 -0.0384204583644687 -0.194017900579028 -0.518437519355894
-0.0199015947881704 -0.0406279623338346 0.00198068532319207 -0.285353545346573
-0.0183497157094376 -0.0288844570589135 0.00824445758462725 0.00198958937953334
-0.0454462812692564 -0.00240342158240335 0.226516242089028 0.204972272179415
-0.0224784680599811 0.0215097989670768 0.522295112562238 -0.0408411041097896
-0.00231081955506173 0.00541961861304663 0.184903927009303 -0.542787831237645
0.00685189603324269 0.0310177386745133 -0.413835928069022 -0.292558530708011
-0.0347732094910536 -0.0217428368410875 -0.322061268213396 0.202281762680298
0.0690932661030274 0.0462283411916564 0.00867748155627989 0.22295699534555
-0.0369952533643565 0.0362133263289651 0.215380476653869 0.0689475687113214
-0.0472150491727677 0.0575843605920443 -0.103129565156189 -0.0978263817602339
0.0723752408909913 0.0302405378891295 0.159933587623425 -0.191938517539618
-0.0388020199776601 -0.00302875228894005 0.326079413197688 0.150464863646245
-0.00545444671137501 0.0160296228513441 -0.10770480661708 0.478030098624896
-0.0117727691352539 -0.0131852487546438 -0.616723516476128 0.0813607037394277
-0.0320285663122939 -0.0399359664948753 -0.377027740148295 -0.400255447860091
-0.0366456428456117 -0.0453646632034231 -0.0687520261522622 -0.287860907965673
-0.0235593616458783 -0.0396187279897745 0.00393219570638793 -0.0104349233874402
-0.0574289151286408 -0.0187725669167612 0.162441780764219 0.232278004694696
-0.0385432115992839 0.00830928775392147 0.50386015460738 0.154030259644087
-0.00330081873015914 0.00217816757568272 0.426314601952109 -0.417203592030258
-0.00794380990636269 0.0247193361353561 -0.233942823893879 -0.439645931463267
-0.0174973633290951 -0.0340452712114319 -0.397039665900319 0.0379200922249843
0.048767325177751 0.0749170994830914 -0.0390269331138448 0.216445821043476
-0.0535047900207902 0.0292899663032775 0.180676922894652 0.104194408008269
-0.0495595792946868 0.0460043044174858 -0.142379789392794 -0.0773642404338733
0.0701756142282915 0.0218698892211523 0.105168306604769 -0.243836453656074
-0.0464350382573786 0.0073063595821284 0.343214595739282 -0.0126697443047856
0.0124530356802346 0.0143925366944932 0.169593247814378 0.458099603041445
-0.018442546200085 -0.00824822494286612 -0.472206035060732 0.36608314580058
-0.0484148434405967 -0.0257821221628645 -0.506939110493101 -0.20332220772203
-0.0511249551239961 -0.0361467522662912 -0.148750332682766 -0.269605982403838
-0.0271018817418397 -0.0422596370741256 -0.00114912413018546 -0.0233278041992779
-0.0572403438214492 -0.0358671541681652 0.0882656616093271 0.247605854421386
-0.0431324167594751 -0.013575867583903 0.395367521800548 0.347374814415314
-0.00213496559655922 -0.00582915728295427 0.595244860749466 -0.151377848747024
-0.0167593618876221 0.0127769276614108 0.0326312011755362 -0.485305627788805
-0.00378070396622974 -0.0271284486816298 -0.370720386406243 -0.157750402293593
0.0097028408225491 0.0798031127719017 -0.0992153272145604 0.19687514433297
-0.0591415457517538 0.012630783632804 0.130856106104078 0.129592320325765
-0.046845985880197 0.0290884508456188 -0.174843942938989 -0.0535415279869119
0.058205069636087 0.0195093285859684 0.0410379950813141 -0.268636771390689
-0.0361455659819199 0.0108642763403567 0.292601997163272 -0.151676977890856
0.0244562349361821 0.00662624004657671 0.381522007620154 0.316797726960594
-0.0199989191292895 -0.00525079079288565 -0.231991622849478 0.526567552990485
-0.0511825817473872 -0.009128849517364 -0.542300567443137 0.0133941647514602
-0.0558220292085171 -0.0225941691229656 -0.220039213870292 -0.235055357671894
-0.0267132904650939 -0.0376719471542718 -0.00887262230240546 -0.035294351636011
-0.0495672064107017 -0.0450342197187179 0.0171528756676852 0.250068104895338
-0.0368650786956634 -0.0292842769341563 0.224795971895209 0.474228667887883
0.00420772785447546 -0.0138037479548049 0.609124728869137 0.158079525512141
-0.0145297626997012 0.00271513840837859 0.281163057571931 -0.390240465028612
-0.0030648973596777 -0.0136289043001911 -0.252771694744485 -0.30803803624942
-0.0248943113090869 0.0599328406062296 -0.159171462371546 0.154577095509371
-0.0516306479626462 -0.00693733761527008 0.0775304581278453 0.140014345610149
-0.0398942895690789 0.01078683666182 -0.203348521466879 -0.0355593342823851
0.0373830800361782 0.0187270845253805 -0.00746485658173146 -0.268984380489819
-0.0153120593681059 0.00248157887525232 0.212099149019551 -0.242479994756545
0.0242963208069257 0.000674540932706507 0.477592771253711 0.155009830611882
-0.0163266494715075 -0.00256470270601168 -0.0233558437138896 0.564783007663814
-0.0422936758632781 -0.000970636103723102 -0.509864803269355 0.174668143778092
-0.0480614273131263 -0.00916339948937498 -0.271499181036138 -0.199658899007117
-0.0215895308276792 -0.026286978189754 -0.0181514403527476 -0.0439543190298744
-0.0394695245980121 -0.0415365206418088 -0.0346855324943439 0.240452067456332
-0.0284450611956668 -0.0312229065637086 0.0593435384333759 0.522998757552798
0.0148756504523062 -0.0155385643256359 0.50747646563649 0.386220248776923
-0.00916629842907167 0.00126679830236504 0.432864676491163 -0.232850749751933
-0.0116807053780653 -0.00386099655528182 -0.120534162246796 -0.376693026087024
-0.0439824589865275 0.0289794600373189 -0.194230761314572 0.103135109923875
-0.0308471021462979 -0.028285911784486 0.0316928260694815 0.139225427836415
-0.0252530508483602 -0.00840841343571579 -0.220423443474315 -0.0280206119961872
0.0107802953653057 0.0178568608242979 -0.0329711390104618 -0.253431794871248
0.00932485970789253 -0.0104884784690365 0.15436707104499 -0.289250984419293
0.0161826457114418 -0.00214259233368722 0.505315504217456 0.0596848797259054
-0.0129514603942834 -0.00275054183560831 0.0911501431944667 0.548905266308283
-0.0294836179392572 -0.00488414509781204 -0.473555855912004 0.258360368906185
-0.0303461899685113 0.000566685792494531 -0.298097261339876 -0.175160693369258
-0.0129894530451669 -0.00986294413511342 -0.025044536990869 -0.0493674687928221
-0.032048619436451 -0.0285044977165937 -0.0633938525258026 0.230252406287409
-0.0234804515829125 -0.0175844231168319 -0.03931248867876 0.522405977700169
0.0219563980472249 -0.0130589816750597 0.409340304788897 0.488858521683482
-0.00350256571030392 0.00521993431119847 0.490643482613228 -0.109878010683182
-0.0222465802756923 0.0019103786141353 -0.0421773562850579 -0.393521154893827
-0.0516026754774064 0.00418673588917337 -0.208137703339541 0.0651125651964784
-0.0019997736186734 -0.0453338314903214 0.00297862071308522 0.134659166935865
-0.00679201732017941 -0.0244352304902543 -0.230091276282753 -0.0355977494604482
-0.0195976408528762 0.00836164866452246 -0.0401260990606603 -0.231141790138811
0.0365029455740459 -0.0139326693639414 0.153809509153024 -0.310509384721074
0.00287007331013063 -0.0043997076286084 0.503720317717136 0.0603399239165624
-0.0113163419349829 -0.0011997617197873 0.0992727373564077 0.543824367809862
-0.013970178170924 -0.0135764207282669 -0.470296181478347 0.265725292089036
-0.00765922379644003 0.00624621916844876 -0.301509408587806 -0.174829351907891
-0.00360063240713973 0.0102203995240869 -0.0294344013422362 -0.0485484464558041
-0.0265717048170216 -0.00827138274188998 -0.0677627623511181 0.228454353210811
-0.021787743956536 0.00474539172376383 -0.0507019118559044 0.521716511119376
0.0224686859552479 -0.0108763122940918 0.397618668911526 0.491645505743075
0.00408885876913175 0.00388753370960232 0.498616669720991 -0.089379384764922
-0.0269062742191313 0.0101582950664283 -0.047894082825744 -0.391176664807658
-0.0580195320552451 -0.0100806413765839 -0.208376784558246 0.0549298386577095
0.0256404623581944 -0.0586513283299353 -0.00473543992706649 0.1301636913969
-0.0281211459402504 0.0635873914427531 -0.0392468965216212 -0.126687737470755
0.0525353957956391 0.0392263633684192 0.206351570622906 -0.0902759599753488
0.00373271039358046 -0.00873255090253296 0.112398203967953 0.371256460585149
-0.0202713996969617 -0.00728555583545789 -0.477453113196493 0.191001996586505
-0.00100166252749399 -0.00910746198407128 -0.499214609939667 -0.458959891049914
0.00983667944018507 -0.0233804175301897 -0.0189104480828794 -0.56586805061757
-0.00920253441105217 -0.0247625468636587 0.0587312300849054 -0.278977122354658
-0.00946251344379978 -0.0147944732605064 0.0111864037466961 0.0134411749937554
-0.0265201106556609 0.010644764408124 0.265814984858085 0.185826983091437
-0.00217608429381619 0.0208526676205188 0.509766194195431 -0.180192500507403
-0.00284031258870874 0.0127747526160469 0.00431757379343161 -0.578062917030082
0.0208118978860211 0.0278650495504939 -0.512622689085072 -0.154629107297443
-0.0345882392035135 -0.00145199090335173 -0.229689785028284 0.290496621512446
0.0623583977683376 0.0110676906777308 0.0343211400308658 0.2439592204205
-0.0161867867057907 0.033670074027432 0.239895730301557 0.0391938967540772
-0.0424501089321103 0.0628547653832886 -0.0685070468865479 -0.116524015404113
0.0645296214896293 0.0368170914915684 0.198886653543867 -0.134802211412751
-0.0158166034535435 -0.0150359865551259 0.235962851824455 0.299671135691784
-0.0182047727597874 0.00882049703683118 -0.360200959533666 0.361894580250443
-0.00631770135242479 -0.0128474509951466 -0.616364378114042 -0.241749945120791
-0.00818317611460193 -0.0410883836462573 -0.187925423924459 -0.536441530474209
-0.0189044025563307 -0.0400183285178668 0.00959158791171959 -0.292829794630221
-0.0180899340067056 -0.0305945456102168 0.0081565090900044 0.00180364680098343
-0.0452615147548026 -0.000624116640749671 0.224235917615028 0.213607208335627
-0.0226748475804109 0.0221345666001028 0.54202139990409 -0.0304829958041052
-0.00353723354091633 0.00900597114100951 0.205264595341031 -0.559946149181602
0.00997468498108838 0.0330519372121869 -0.426499248591958 -0.313822070318364
-0.0310278048540594 -0.0252993434186909 -0.340853999847817 0.202938702961435
0.072622844955074 0.0444114970592612 0.00266039345702748 0.234465245797164
-0.0387188321938983 0.0357661922094094 0.221449857200176 0.0757533231274085
-0.049362095379838 0.056956609458219 -0.107220144597776 -0.102408776808302
0.0721405599938448 0.0300244554946668 0.170000502499968 -0.197106424357509
-0.0371862968809012 -0.00707389048248349 0.335396662553016 0.162417094793338
-0.00389435191398149 0.0178079662271739 -0.121187794132661 0.492400188379371
-0.0145344495584028 -0.0115031048488504 -0.635867301591432 0.0741367604952129
-0.033093524660584 -0.0415929362148328 -0.380368788580586 -0.41473745654861
-0.0350597566235195 -0.0441711165564326 -0.0629826849071713 -0.294557980463616
-0.0238439321280379 -0.0404772256635433 0.004507162164435 -0.0112574701672118
-0.0556363246976863 -0.0178501928972958 0.158245936243971 0.240560319639305
-0.0396145491628132 0.00678229584880017 0.517353836710872 0.171846342390962
-0.00648392569293132 0.00354858509921133 0.449533841798382 -0.422060646493969
-0.00626746500663374 0.0276898063444663 -0.232312346460468 -0.463546848226338
-0.0142481270756673 -0.0360913421055759 -0.415776661284323 0.0309385642124653
0.0522701371194895 0.0737862746334042 -0.0477825023386064 0.225344902046481
-0.0542221625874249 0.0282626648596275 0.184135494322364 0.112656981686772
-0.0511916860037515 0.0440865519376864 -0.147307959855054 -0.081614562590379
0.0698241228680415 0.0227869304851542 0.115210308750483 -0.250538470653372
-0.0462668771020185 0.00535922907102949 0.357663900571228 -0.009561056012419
0.0150957417969894 0.015659430768495 0.165275946262951 0.476548530398832
-0.0207586550139224 -0.00738523704128286 -0.493312309081886 0.3677586288807
-0.0507861110095767 -0.0255685905020298 -0.518868104345073 -0.216427876157838
-0.0502656140352395 -0.0357779859928645 -0.14365980793484 -0.277940809610495
-0.0278770325392243 -0.0428503705076158 -0.000367517378065008 -0.0248720663782547
-0.0549850756807568 -0.0350139566443935 0.0819324044875041 0.256278678490517
-0.043883401697007 -0.0153344794003048 0.401706696572403 0.369106510819258
-0.00679382357581421 -0.00613581620183854 0.620274291452983 -0.141723043869032
-0.0164492406417866 0.0159590836570658 0.0445175312469498 -0.507737638934257
-0.00102804839510829 -0.0259137601850978 -0.381426148026992 -0.170468868218564
0.0119579454567756 0.0787834354170108 -0.112442146218084 0.202736582119711
-0.0594781095091006 0.0124309151580098 0.130744225720231 0.137478961086072
-0.0464744806482493 0.0295229208588222 -0.182446383249793 -0.0569524981825541
0.0578633904173409 0.0199324440060008 0.0483579456542502 -0.277428570522516
-0.0378602801613335 0.00934294355232042 0.306384746705375 -0.155223752753948
0.0257070416451113 0.00705640939461871 0.38526030306373 0.332117580856752
-0.0196905326471885 -0.0035343441906064 -0.248521786223262 0.538116093085901
-0.0528303127601576 -0.00692494518306331 -0.558824733847381 0.00347416290303806
-0.0549318184151252 -0.0212533348307232 -0.218073105453394 -0.244267639821638
-0.0264884718377851 -0.0390693758672455 -0.0070789009582833 -0.0365810728051813
-0.0474914693545825 -0.0442810826317825 0.00954622164702817 0.256034187063107
-0.0365151918400542 -0.0318766794243748 0.221169457958085 0.497350479149609
-0.00100996357943705 -0.0157451005511697 0.625672227500959 0.177988431855681
-0.0166498171830183 0.0050242646758939 0.306716553448865 -0.400705701568302
-0.00151103226769563 -0.0116930190263773 -0.254392738930896 -0.322833406261649
-0.0218025856504893 0.0584842874475933 -0.173422952482014 0.157280515583632
-0.049948706777487 -0.00802971060422499 0.0738657721862375 0.146047550364048
-0.0378366228603986 0.0116328438929419 -0.21064568787518 -0.0383920545104128
0.0365603822508161 0.0212257608271943 -0.00513998080713578 -0.277505721797336
-0.0190055236456968 0.0010263531977969 0.22341426264425 -0.249473635526798
0.0255897260073468 -0.000129575651420794 0.48959584325756 0.166314804824449
-0.0165386190709174 -0.00429622193668266 -0.0325186712506691 0.579924831397374
-0.043092621165476 0.00294810484282878 -0.528484276933017 0.170831690032119
-0.0476880838976582 -0.00693281740947625 -0.27118683308476 -0.208652910734258
-0.0213016349834643 -0.0275547684469193 -0.0156796303986935 -0.0461087556927881
-0.0399217975468089 -0.0403070232883868 -0.0425345136557807 0.245611875142938
-0.0265227686879791 -0.0333489703089093 0.0475990146069057 0.541821958196809
0.0113442669121002 -0.0218571811518889 0.515057192150376 0.412867867705643
-0.0125053038800262 0.00281052967224059 0.459273687047572 -0.229882749531552
-0.011215855969576 -0.00104147064597102 -0.115126034761643 -0.391139107593333
-0.0407169284685489 0.0292968439689404 -0.208866346058541 0.102140023141886
-0.0287074483581887 -0.0278562173455707 0.0259024843665862 0.144248394192719
-0.0242773616273707 -0.00688705522064363 -0.229569585338171 -0.0311391141823117
0.00866361025977404 0.0182389296442325 -0.0332352033571611 -0.262100604375288
0.00745123331106676 -0.0119788822999117 0.165366119772523 -0.298742265513667
0.0151464814547903 -0.00387072049806749 0.520539417355933 0.0675278651025236
-0.0116473502783437 -0.00384924407504408 0.0853946670431953 0.565863567985451
-0.0293925010082826 -0.00105721321488952 -0.494759734607535 0.256445980503857
-0.0308445687698192 0.00325767857910891 -0.29895186668167 -0.184663903632777
-0.013079087680657 -0.0112878683456959 -0.0225004400134051 -0.0501874523385848
-0.0334606217242261 -0.0266948395610538 -0.0720548594646536 0.235358920237593
-0.0219083976547313 -0.019098624122805 -0.0538945527105769 0.540805382966029
0.0195271670971865 -0.0183381863498226 0.409591654132014 0.522070401037852
-0.00669066743937336 0.00511582699491491 0.517097214778819 -0.10083657931537
-0.0225941101585525 0.00450322746893566 -0.0322585522757859 -0.40824750739199
-0.0465714046662438 0.00516377409351365 -0.222189115746687 0.0609209698314475
3.24479697164461E-05 -0.044780165346225 -0.00217021860298023 0.139039918620589
-0.00456140358418145 -0.0219100515765875 -0.240106280818326 -0.03993174072538
-0.0221594304736971 0.00920650997123478 -0.0394066779985707 -0.240305419672427
0.034328441819503 -0.0142522156371225 0.16392016553756 -0.319429271367532
0.00247442658317319 -0.00652654706509713 0.518112710185135 0.0670821155678216
-0.00861954007021335 -0.00331380621828144 0.0960462743234298 0.560560468842086
-0.0135580714850211 -0.0107519178810704 -0.490741407786991 0.262609390778567
-0.0082067423947843 0.0100673230162498 -0.303101899975216 -0.182162216264956
-0.00428479786052795 0.00873566829639321 -0.0269482507478294 -0.0497598982233704
-0.0285376471693196 -0.00709010956394527 -0.0764893970394874 0.234289397287249
-0.0202605311998644 0.00457015187317715 -0.06521457826484 0.539634321937155
0.0219664599497513 -0.0157074016016747 0.398100956149224 0.52111477135643
0.000524173330401664 0.00496033211955306 0.527394217049271 -0.0809040841664925
-0.0274560723787042 0.0143244094350772 -0.0369204351147496 -0.404990666738787
-0.0531689113130533 -0.00802503208715091 -0.221560151388235 0.0491453579384377
0.0274848887575408 -0.0569971109602931 -0.00880002876767077 0.135034324167699
-0.0252056934724739 0.063442865878848 -0.0465697966191909 -0.122773028855952
0.0558601586722012 0.033820088157827 0.20449811747642 -0.103314999557053
0.00365692113067733 -0.00971788494516421 0.134360357856588 0.368318840227009
-0.0206735691638833 -0.00572910486295071 -0.470737442380588 0.221538751167193
-0.00388136146907237 -0.0102480774986589 -0.527583911638965 -0.431324398457656
0.00953128183371607 -0.0257459329961925 -0.0493953792507583 -0.567965582741521
-0.00775032994193054 -0.0237662584366949 0.0445194274949915 -0.283357290687028
-0.0106727271666286 -0.0137121685107767 0.0110023960300932 0.0131908330552525
-0.023696019838457 0.0129866882180867 0.273176705451021 0.170901469283326
-2.11284791043227E-05 0.0220898249617474 0.503712406176149 -0.20671226943061
-0.00167768873115837 0.0112173682184742 -0.0306957914045259 -0.580318784355331
0.0227269813658689 0.0247280490770136 -0.52245690897935 -0.126014487858006
-0.0358565670109808 -0.000920216655060194 -0.21628345491348 0.306665450404558
0.0640051983020423 0.00598251364002575 0.0486671476111035 0.244967978815635
-0.0134424867250133 0.0342914163983354 0.242410270292821 0.0243687422596011
-0.0385605348683932 0.0634918611433407 -0.0742246334101792 -0.112285222229757
0.0663910335335722 0.0312271310270651 0.194632280798509 -0.147809956735097
-0.0171987405692761 -0.0129364587428517 0.253372370204557 0.289164549144884
-0.0179647470577374 0.00967477011381398 -0.341406541933055 0.387329792799937
-0.00805075832691301 -0.0122078085134094 -0.63300611187844 -0.209880227504852
-0.00942853341163198 -0.0425715920740531 -0.215663179131164 -0.526999066581082
-0.0190017669941506 -0.0376875211835849 -0.00492549221937591 -0.294858847173888
-0.0186176008912302 -0.0286639638046623 0.00780677895949125 0.000577050931532994
-0.0427228502918545 0.00448409233057182 0.232932923490889 0.200482941034947
-0.0200442767096005 0.0231762129324965 0.543011997954002 -0.0590467428035581
-0.00248993056543697 0.007491853426968 0.170808483294582 -0.573565984028088
0.0119398499914717 0.0304309230807866 -0.444442592316137 -0.290724165219732
-0.0351929043453557 -0.0250762584545802 -0.332637767727657 0.224847522119689
0.0754082914293334 0.0392763369997944 0.0169051216012628 0.236449229929481
-0.0344850404725906 0.037949675428338 0.226034944039993 0.062086464092264
-0.0458410538476483 0.0590628421153279 -0.112672830496022 -0.0952727347303133
0.0748864589588068 0.0239845605298383 0.160851725524327 -0.208192916172501
-0.038715792205931 -0.00433307550317176 0.34784805802399 0.142525154390018
-0.00255990193401325 0.0180080478850338 -0.092381233764072 0.503845448763201
-0.016497826291305 -0.0115919377823673 -0.636954808879943 0.108343900164093
-0.0354268058005088 -0.0408227756980078 -0.406039949603154 -0.394713080524916
-0.0352287787641691 -0.0410848736568019 -0.0772044232032852 -0.293442297531562
-0.0261146403904417 -0.0387310973499268 0.00264012450855115 -0.0133691433266099
-0.0535994999049224 -0.0133054991264961 0.168310894807038 0.23161800800335
-0.0383057789360867 0.00961581531004896 0.531299493445969 0.146810962687817
-0.00547929810417175 0.00265259666758819 0.426268226816654 -0.449896243197018
-0.00466219327613387 0.0270318362769827 -0.259952715090058 -0.451207892386329
-0.0175235922199165 -0.0364209046174112 -0.417808259613229 0.0573394694261006
0.0554807630268279 0.0709333264082864 -0.0345628930187063 0.230532003279095
-0.0503103829486602 0.0305329158507467 0.190069972505248 0.100767351581854
-0.0473125939935352 0.0471698840922679 -0.152600876589108 -0.0734566799072031
0.0731269419095411 0.018563387605444 0.101345000733954 -0.25805432824792
-0.0466387798045599 0.00856253428730402 0.359415517639659 -0.0308518438707285
0.0161744459285566 0.0152095228704967 0.195156670799224 0.471585739137752
-0.0224069672268492 -0.00621900539994811 -0.476514275047558 0.397972337392978
-0.0530023659369466 -0.0233056705343502 -0.53414717101963 -0.186550250661378
-0.0496437546071078 -0.0323204749103257 -0.157697995091766 -0.2723974217493
-0.0300024338264072 -0.0417678118999728 -0.00252242734280754 -0.0255610045080965
-0.0551789840352354 -0.0303796749116246 0.0919923213802547 0.250778270588118
-0.0441935489436418 -0.0126218596385333 0.423646018000209 0.348107747259095
-0.00778978068937714 -0.00582634443882414 0.612033672543544 -0.176777566068571
-0.0158743439252404 0.0161319242580846 0.0185706999368846 -0.509671014153367
-0.00391472320808462 -0.0279747204703286 -0.3961298110694 -0.146954088822707
0.0161528147376456 0.0789224506826926 -0.103099953998774 0.211981282055583
-0.0559982757042606 0.0152454685868991 0.136645410032142 0.130155428084106
-0.0436476352401615 0.0307565982302008 -0.188019508300254 -0.0467261860427246
0.0614464227285763 0.0156890109095396 0.0315799492644436 -0.279631299988727
-0.0376489741856961 0.0128751864168276 0.297016713371969 -0.177275353608006
0.0267037213429632 0.00548569177642128 0.406778614910526 0.311900924640185
-0.0229786395346026 -0.00281405646229995 -0.217429015002854 0.555296563646442
-0.0526614484618426 -0.00532616512727333 -0.56192659731712 0.037933770008773
-0.0535778220658699 -0.0168828409851524 -0.229415317577333 -0.2326698829622
-0.0302347986257568 -0.037481556645426 -0.00931281773859391 -0.0373963222317089
-0.0483472838001294 -0.038836356177859 0.0211175955454508 0.255664098752296
-0.0383805422529327 -0.0300320061910182 0.247029229977895 0.486222453324791
-0.00177012383365006 -0.0165568566276695 0.635908293886973 0.146721025259276
-0.0152735869892035 0.00576273034560607 0.286741039544858 -0.418575204623289
-0.00412148951451662 -0.0133316627401637 -0.277045247152523 -0.308946209923417
-0.0194273710720865 0.0594080716357859 -0.168836996592085 0.169482186687323
-0.0468044732623755 -0.00441409530227121 0.0799133481992876 0.142144780330707
-0.0356920784938643 0.0132619275549246 -0.215256887973066 -0.0260935643869767
0.0400776602648759 0.018493459075518 -0.0225291979885646 -0.277857678545527
-0.0188443836038515 0.00329708756041931 0.210549417571581 -0.26740254691015
0.0261265615586267 -0.000905359024261029 0.500842797790598 0.136573953140564
-0.0186157631639986 -0.00279947082367565 0.00191360593587811 0.584801818363173
-0.042407273634877 0.00333644907780404 -0.523249721048918 0.201940217439124
-0.0450850623570591 -0.00200631349818938 -0.281286398331032 -0.193308356561887
-0.0239626607833717 -0.0256115501013545 -0.0171798452122502 -0.045991692888503
-0.04117920643069 -0.0356834057012156 -0.0320204788252171 0.248346641958183
-0.0281928172320187 -0.031268254726809 0.0778432137411327 0.540820789395212
0.00929632728987251 -0.0219047588806602 0.537109004080419 0.38800297549419
-0.0108811258992513 0.00293186749966541 0.451136397501835 -0.254344550151365
-0.0121052598040044 -0.00228326877577106 -0.137857445197324 -0.386829787907712
-0.0380973358550836 0.0310738519212789 -0.208004033583696 0.114542415335625
-0.0279093211881972 -0.0248268387989401 0.0313635032869954 0.143119711034111
-0.0227065482159768 -0.00572243124764882 -0.232904308185257 -0.0194636480474004
0.0112825834036608 0.0184093698679235 -0.0501602640025789 -0.259950893025497
0.00592250599872201 -0.0121763514252079 0.149408142036989 -0.314804281578449
0.0157016731415785 -0.00434094414032163 0.524477740829042 0.0357655327628339
-0.0138018001190373 -0.00365320096329119 0.122037203863281 0.565354870317718
-0.0286867113408291 0.000638077281071843 -0.483003919692153 0.288486616335662
-0.0282383816681814 0.00762462326232988 -0.308054979655226 -0.167266426901582
-0.0152575574942039 -0.0106241270657548 -0.0245076882843981 -0.0495122948388766
-0.0354952043830731 -0.0225650131291091 -0.0604371788154846 0.239511285566064
-0.0230095552708125 -0.0175447675125079 -0.0260416113814188 0.547242688995378
0.0183354817233392 -0.0200699001154306 0.437363219535168 0.500860400263213
-0.00493762274703752 0.00511669772863512 0.515660876144145 -0.128903891621719
-0.0222934263958926 0.00523449297164157 -0.054508713858184 -0.407803748445417
-0.045187865631151 0.00747699032712444 -0.223318831553331 0.0740063485116524
-0.00136763326206785 -0.0427506522672579 0.0031749099579964 0.139632452462458
-0.00509630550069344 -0.0226482607788743 -0.244644531900008 -0.0251285513262009
-0.0212917926867612 0.0113117635152854 -0.054461900451314 -0.238154418844704
0.0332229330335733 -0.0171248542939349 0.147001944915085 -0.334072414995627
0.00254810528266898 -0.00604231968177969 0.522771103742624 0.0339485704188358
-0.0108808583861875 -0.00314401408516999 0.131586322104903 0.56017906858697
-0.0143151305471242 -0.00948779869906198 -0.479620664982259 0.29277608488849
-0.00729473894227731 0.0121894243733181 -0.311128442564686 -0.166296847371957
-0.00460222058458534 0.00819725445608047 -0.0277386693123338 -0.0475890698574491
-0.0312459349107416 -0.00277256886385034 -0.0653527796420164 0.238890580258985
-0.0202711260851996 0.00643904775269799 -0.0367555244422773 0.544711185005419
0.0202743368759862 -0.0171974410585602 0.425899761760929 0.502078890772292
0.00206830290078527 0.00493787393974325 0.526284233668662 -0.109220040209231
-0.0263896300830839 0.0143623741979679 -0.0581818978000735 -0.406012043401362
-0.051580029357761 -0.00502947918950876 -0.224680268292632 0.0613166366070931
0.0246220826155664 -0.0566852425711062 -0.00302079834457071 0.136005851724978
-0.0229783630531855 0.0664681150469754 -0.055045180009455 -0.118359232532704
0.0530281075049282 0.0269130304580339 0.198707770995302 -0.121194368905851
0.0056531227231797 -0.0150169069828379 0.164698683962486 0.358466565535237
-0.0136535109468267 -0.00171517362465766 -0.450689343815468 0.260764606679729
-0.00729070797221606 -0.0010342168535499 -0.55792900665414 -0.390240010910392
0.0010976429326984 -0.0260793643323329 -0.0885115557924364 -0.561095123496447
-0.0082573628059249 -0.0222298418047992 0.0229268243057629 -0.283781879859293
-0.0109727123066085 -0.0120362458345173 0.0103882970383904 0.0124926694832825
-0.0183993996400241 0.0145357351023396 0.279788464480175 0.149038005163238
0.00263282524007662 0.0210496790911597 0.487936806750308 -0.243921333741498
4.7341133169029E-05 0.0100274238775622 -0.0794421455655678 -0.577010731638751
0.0280122614095649 0.0209782000353242 -0.533647823124976 -0.0816705904948293
-0.0358567168421654 -0.00147036542746177 -0.193123983211838 0.324602005517263
0.0634896562670873 -0.00259347314243351 0.0704084397269299 0.242804336764151
-0.0120975429294221 0.0356360255069434 0.245362963098135 0.00546789888314499
-0.0362001010216164 0.0679208507201093 -0.0821168320522441 -0.106154669938412
0.0641134738012124 0.0240036072323132 0.184935391669459 -0.166013114040328
-0.01692349902199 -0.0175575726637925 0.277133193792568 0.270849022767493
-0.010675226617337 0.0105414134819519 -0.309890681007102 0.412868547684259
-0.00858885788423712 -0.00375237261571687 -0.649864545411736 -0.158847453331005
-0.0184009599253734 -0.0390712984109473 -0.252238404921022 -0.505626196473608
-0.0198164318730364 -0.035350890047618 -0.0263913712010547 -0.291076965584651
-0.0208749386053937 -0.0261036655764291 0.00612222440693901 0.000609538015558373
-0.0376320540382033 0.00679340391721013 0.243608153177376 0.181287687595812
-0.0179718943409947 0.0246250837302486 0.538858673396504 -0.100303235607436
-0.00171719720187379 0.00960302279854786 0.122020106443658 -0.586274164846386
0.0188868284731242 0.0291896056165068 -0.469430876620137 -0.252271070813795
-0.036801640319933 -0.0257561135034057 -0.316030055150113 0.254548666977215
0.0776339457470903 0.0306640229798583 0.0354992259472803 0.237479942607381
-0.0312864143679851 0.0400805510258494 0.23091645601901 0.0447436878394503
-0.0425849681303123 0.0629651649708217 -0.120524527070458 -0.0865804651319684
0.0723698560350995 0.0172114203106507 0.14526845652062 -0.223738641480099
-0.0390259972677048 -0.00604653774739502 0.359023594850757 0.117987633717965
0.00489382018407788 0.0150512030857673 -0.0511264959388498 0.510578903189977
-0.0134692235169082 -0.00283107783363377 -0.630144600371655 0.156425687144068
-0.0412426124712834 -0.0326332967953258 -0.43125062522018 -0.363725251301113
-0.0346162033488184 -0.0382745717828895 -0.0973063632274869 -0.285448271736804
-0.0280988922054606 -0.0352929585623584 0.000502279594498056 -0.0129710412430971
-0.0511300439818417 -0.0081139743762959 0.180566547167552 0.216286931723614
-0.0362066035564686 0.011812334074158 0.541204326473695 0.10350980260799
-0.00562669715141382 0.00435049849241753 0.388229401649743 -0.481636216108712
0.00143723933716621 0.0292061814182977 -0.297210340999548 -0.431129504636569
-0.0204952151506495 -0.0369024642268258 -0.414109355139382 0.0959723700229899
0.0613149853952664 0.0635726152777741 -0.0185553134786931 0.235328003179735
-0.0473747656610114 0.0329144772906377 0.195500399541268 0.0861804329215561
-0.0435753024783996 0.0512976594589874 -0.158781417026159 -0.0596918349960534
0.0708735546697402 0.0118770534802249 0.0809541359597309 -0.267777219647903
-0.0485170805918261 0.00940022556198534 0.355900873799744 -0.0578782855097543
0.0205452961875005 0.00800865029610656 0.232442902888443 0.457039770883079
-0.0162379558909345 -5.74483825000801E-05 -0.447457569854158 0.432470133845866
-0.0541647084885922 -0.0131365012624743 -0.546795242717341 -0.143870124979731
-0.0482704748147653 -0.0266976655752853 -0.174512627515542 -0.258987537568979
-0.0328943243443798 -0.0378769160534775 -0.00533512537876085 -0.0249611559389886
-0.0530208654320768 -0.0231384279445785 0.107242753835626 0.241987053135207
-0.0440503253881222 -0.0103268895896478 0.448395427004332 0.316233768127398
-0.00951161562284764 -0.00346845846103766 0.595536372783968 -0.224237753569186
-0.0128976034163332 0.0208980423172252 -0.0224023780005722 -0.516088036884049
-0.00546074980406873 -0.0283831452961839 -0.408425650219689 -0.111966262624819
0.0237428971964574 0.0743790122243313 -0.0878661839073814 0.222857445445576
-0.0527374663855287 0.0179413151960226 0.145077863519911 0.1190552548228
-0.0411338868020761 0.0349424046933622 -0.191509668122246 -0.0304651374955107
0.0599688574603677 0.0133905272441323 0.0100320618961727 -0.283571269419621
-0.0406221158941368 0.0164258419997483 0.281306865790637 -0.201126186650362
0.0270957193231651 -0.00301967103200575 0.431951196959055 0.281453431796228
-0.0160046711847099 -0.000962238728315848 -0.178936716148326 0.568996633131332
-0.0499584723088855 0.00550964147451182 -0.558291551871271 0.0823177031215897
-0.0505040039724957 -0.0107076550506562 -0.242764607871746 -0.215526609872236
-0.0321250467726474 -0.0338739783874306 -0.012679231598093 -0.0362431681599891
-0.0473276800586204 -0.0317142862808623 0.0380818499739487 0.250399306466074
-0.0401339909163777 -0.0270436727674529 0.283565377417506 0.464771104553043
-0.00568862947010553 -0.0158048925263562 0.645635098465543 0.0959789493518278
-0.0158999180215351 0.0112048713516901 0.254844415240068 -0.444150637713421
-0.0029842569148403 -0.0125959521104584 -0.301181148598142 -0.285376538309431
-0.0126775055932015 0.0594929764481324 -0.159270835013909 0.184677116907312
-0.0453298177209466 -0.00235522305995759 0.0884361055256813 0.135988168620862
-0.0331270400727569 0.0168031067650378 -0.215904244838148 -0.00856686564155082
0.0393492324869529 0.0175496699329298 -0.0446051793076826 -0.274400509787157
-0.0241813123698652 0.00660811672171573 0.185601762319647 -0.288279018160313
0.0241035412005446 -0.00947712820411735 0.510113846372688 0.0990114781547156
-0.0126901161898242 -0.00438747227913385 0.0441991717964647 0.580360479204518
-0.0378891842071378 0.013173034541353 -0.507451899297809 0.246085702690964
-0.0413633038044121 0.00461539270288961 -0.289997660699874 -0.172184578577055
-0.0280698711547061 -0.0226729442987049 -0.0198376732486595 -0.0440223943852881
-0.0413793779903998 -0.0291073239166552 -0.0144496134176872 0.248462021874324
-0.0299869396891637 -0.0298167987000174 0.118798771009371 0.531507381244618
0.00580889085053913 -0.0223114834541679 0.565054971016559 0.345524499493579
-0.0121750226515093 0.00683782347014936 0.433252108499547 -0.295343519422716
-0.0109811767617843 2.5153587775946E-05 -0.168369961392917 -0.375020139301131
-0.032508736301664 0.0332365831933007 -0.204061377816909 0.132466232715322
-0.0261900258180275 -0.0237625690795091 0.0400684504335194 0.141453955071623
-0.0207087869636644 -0.00258703742237317 -0.234964900793248 0.00301011975384283
0.0113928350865298 0.0208712639607188 -0.0717651891431548 -0.253796943962945
-0.000899709588804212 -0.00970344680776468 0.118957802681288 -0.332022692704684
0.0121253467586103 -0.0105629430204575 0.52623840280702 -0.00603195870319111
-0.00997202796450093 -0.00617299431268536 0.164750170775385 0.551341936664548
-0.0231069344297384 0.00738847977398174 -0.461595997185695 0.327002029744748
-0.0234597276463193 0.0123960944374015 -0.314421444499796 -0.144352678363596
-0.0178106104723859 -0.00836270196185714 -0.026386869029618 -0.0479530091543823
-0.0360306558049469 -0.0154466073621482 -0.0433117043106837 0.24205231546986
-0.0229800331150097 -0.0161353741770782 0.014749772522457 0.543992308662626
0.0141665740979503 -0.0224418224001108 0.473853446400746 0.467486097795252
-0.00710367124888782 0.00774878981007563 0.509995627477055 -0.172886035416493
-0.0211012120534684 0.00846143367890862 -0.0861360328700649 -0.402829254244084
-0.042125696599823 0.0103951627252504 -0.221884853892706 0.0915610747607296
-0.00319158770508484 -0.043412662539206 0.0114502187085804 0.140344649870443
-0.00392844300953086 -0.020294632893658 -0.246181421563031 -0.0031088152849653
-0.0226305507640641 0.015605454557081 -0.0758750054778813 -0.232343517987466
0.0248607163433959 -0.0177104548792619 0.11832012728313 -0.35304046649833
-0.00157412169951408 -0.0118039455346796 0.524928650743964 -0.00819000059242859
-0.00687549095204878 -0.00778967341723008 0.175545460076497 0.545246480333943
-0.00856871390867039 -0.0037608483455542 -0.458784873480331 0.332249286276053
-0.00327706933109465 0.0164074116209865 -0.318474783973262 -0.141947353879631
-0.00532724464855252 0.00866302697828026 -0.0301128387842151 -0.0453289763769488
-0.0306685529869835 0.00345759341797816 -0.047914910072121 0.241413783723013
-0.0184344317180138 0.00846977523597148 0.00315403907740941 0.545244583721443
0.016473671081241 -0.0197558886202742 0.46221351443123 0.471025526327812
0.000540615776222147 0.00602297086003998 0.521215329050019 -0.15241646206526
-0.0241973872000036 0.0181133040052499 -0.0905266149759711 -0.400206273545103
-0.0468771889352231 -0.00171005127516444 -0.223146999901128 0.0774991001290136
0.0217973619886197 -0.0580172717597936 0.00560363582404284 0.137463604521857
-0.019559687561184 0.0693293602700809 -0.0607343762523425 -0.115594682162431
0.0542293061066591 0.0228772827945783 0.193497654755134 -0.134064351053641
0.00546165778578993 -0.0150111976309858 0.18494165467869 0.353583336578473
-0.0139004363208514 -0.00233252835631661 -0.437282858992898 0.2853536790242
-0.00589831304673199 -0.00124377432915304 -0.580496833175922 -0.355644894780505
0.00035610029295033 -0.0284239422444513 -0.118496115363983 -0.55545168223476
-0.00701635120956194 -0.0231612477941994 0.00745081769602724 -0.28357946552751
-0.0109723986414134 -0.0115015307697453 0.00972375994497906 0.0120356655290514
-0.0160665784226815 0.0154796801019636 0.286334229207626 0.133916818439206
0.00472534202165093 0.0211262973752402 0.478638071384291 -0.271725516467198
-2.83078762321892E-05 0.0100592143727454 -0.114506206762512 -0.57570959722098
0.0296222219267237 0.0179784750580332 -0.541200349967806 -0.049215456833775
-0.0376720012466359 0.000276578114903753 -0.176298482197096 0.339458037871818
0.0645142166146024 -0.00592051270438135 0.0845956308876406 0.239055378357301
-0.00910778474142335 0.0347809770383264 0.244581791337157 -0.00770401362944778
-0.0318906576488859 0.0700300109817744 -0.0881046548538906 -0.101118199205878
0.0644111241184102 0.0189571057385094 0.174666600550767 -0.179131445926579
-0.0165431229016881 -0.0147462196109325 0.295601422387824 0.257494533801102
-0.00999786445712256 0.00959693634143215 -0.283561515190845 0.431589706131489
-0.0085770219768179 -0.00297136377477068 -0.658207097735018 -0.119401512245139
-0.0203427735619803 -0.0394991478663899 -0.27997379041119 -0.495291342776481
-0.0189680890109592 -0.0352413280149184 -0.0419395805755663 -0.287357458003416
-0.0209317117490182 -0.0247366630254234 0.00456296087431557 0.000484569438691198
-0.0348881455111219 0.00880737107977509 0.249604690816676 0.169240403873298
-0.0147926867367516 0.0255374831974911 0.536818528902835 -0.131117144369986
-0.00202680416601114 0.00813109392261083 0.087728753843803 -0.593346697708606
0.0197973447985004 0.0271031820973775 -0.485429142962922 -0.226238104795606
-0.0400737594386563 -0.0235414062973027 -0.304513482550186 0.277096951668791
0.0802038233913901 0.0266034954413213 0.0488675985826287 0.235183128319221
-0.0284256039456115 0.0411341827243949 0.232510905873479 0.0309556921447509
-0.0394152089338679 0.0657536766777931 -0.125339748535405 -0.079637720758219
0.0727325373944951 0.0110358939718283 0.131845618614883 -0.233872758536292
-0.0374016641448005 -0.00124295133387401 0.367674635309465 0.0992547131112891
0.00492342444845787 0.0136494333119746 -0.0202159200975535 0.513587582095004
-0.0142221690252156 -0.00349786374937483 -0.622370886977211 0.196007752800827
-0.0445029418350065 -0.0311667117149692 -0.452027699609698 -0.337876142648208
-0.0346304153183116 -0.0369802283277857 -0.11232245231986 -0.278745508121834
-0.0290888131760571 -0.0330472367760336 -0.00104610606671821 -0.0130810894016614
-0.0485996911644403 -0.00554220227806994 0.189989542907097 0.207126405865332
-0.0350783790128602 0.0142375707833369 0.54787685482534 0.0738675405125846
-0.00483667299482302 0.00535980520020486 0.362100312632387 -0.502637478905467
0.00313587858679863 0.029406642284145 -0.323790392725477 -0.41703322398551
-0.0234676162888086 -0.0362169676506918 -0.411388592409573 0.122439590540058
0.0645084934550049 0.0609533446317065 -0.00510278049950246 0.237688837862631
-0.0440117602672698 0.0342180171259833 0.199436263855577 0.0737462104133585
-0.0405326937717381 0.0528110366477088 -0.162982682097336 -0.0506397466294997
0.0726876519033343 0.00593603877447642 0.0673182639725998 -0.274275068126559
-0.0457735011504329 0.0151697400637339 0.353670630257984 -0.0776560632994697
0.0199230651668514 0.00559806422251145 0.262392256699067 0.443821990760474
-0.0176658719185944 0.00099895189987365 -0.425508416954305 0.462278943543218
-0.0553720288140605 -0.0111157658278338 -0.552433836742267 -0.112951174637636
-0.0462180383133324 -0.024723515380397 -0.187897541751064 -0.248996130371579
-0.034687907855786 -0.0340634065003121 -0.0084337524124029 -0.025545830433705
-0.0523744912978163 -0.021060077402378 0.118203213748908 0.237146730651332
-0.0439651787339661 -0.00804422952503712 0.468274068437875 0.291170405530802
-0.00955781321221869 -0.0034977180773712 0.585058105843631 -0.255835907391205
-0.0111038067909318 0.0216472628855552 -0.0521502040995815 -0.516652030948341
-0.00877328530233505 -0.0278183634174344 -0.415959090795381 -0.0864084639368273
0.0279396071382472 0.0739784741776377 -0.0781467805481778 0.22841777321817
-0.0502570137834921 0.0192350026864566 0.1497615498964 0.111820714286786
-0.0379008818116702 0.0354996729327369 -0.193397075866687 -0.020021640105944
0.0623202114945637 0.00733976705788758 -0.00471509072959335 -0.283705014432537
-0.0380935215098632 0.0201990913151578 0.269395554476994 -0.217009913770058
0.0279211364945952 -0.0052028595092272 0.45078469503681 0.256847112884226
-0.0163241803315424 0.00208736340427756 -0.149635325433343 0.583501465626415
-0.050095279066318 0.00766662492154057 -0.55140329324161 0.115289224091332
-0.0479116707498846 -0.00713757881137072 -0.25265632437686 -0.201395619362711
-0.0345933116740038 -0.0301902709252519 -0.016083476169763 -0.0369308607586678
-0.0474422347796845 -0.0290955702854669 0.0483593055529337 0.249464661521125
-0.0412716992551533 -0.0256138042342216 0.309356162282002 0.450753364699789
-0.00586135601530491 -0.0153384390590121 0.651818008193371 0.0635626232345613
-0.0153113409296582 0.0116247111560912 0.231147545362831 -0.462735316742159
-0.00567358523029592 -0.0121946939030994 -0.318749713905754 -0.266736151489046
-0.00908368774312881 0.0607978817530068 -0.150998455895028 0.195576009249006
-0.0437763342874168 -0.00251629082079597 0.0930369928626205 0.132386661439724
-0.0309454998945235 0.0173103875921257 -0.21702060146403 0.00474490962434625
0.0422300718155782 0.0132670236626629 -0.0584522544554941 -0.271108918174258
-0.022218383443524 0.0103729349301046 0.165161494803357 -0.298332924919871
0.023597533153591 -0.0104827835952275 0.516419148573767 0.06874965023499
-0.0135257409576288 -0.00208406961504695 0.0759568385866918 0.580345944556732
-0.0380614652169821 0.014342758918862 -0.492919594356402 0.276825523537406
-0.0369284384593086 0.00654121497922023 -0.298543244213033 -0.156431918105662
-0.0286260427775304 -0.020155637503945 -0.0222787063047243 -0.0433369194551174
-0.0411246669583115 -0.0255193476702028 -0.00263570998440383 0.249680530726926
-0.0323986562028583 -0.0282021255326138 0.145923466322235 0.527330344009585
0.00369436544475756 -0.0230691503201346 0.585462691604353 0.318540787396321
-0.0126542496590934 0.00869073711444549 0.4224052510388 -0.320808160689676
-0.0120131602176189 0.00145856734685719 -0.18920900477284 -0.364267484925675
-0.0305571625597083 0.0343406601822299 -0.200134647271614 0.146506757412273
-0.02594440276067 -0.0231833440298028 0.0459783178569403 0.139502674637108
-0.0197150076945355 -0.00356904186943439 -0.234610936083602 0.0153983474149583
0.0141534543984884 0.0196734632053494 -0.0866639789611941 -0.2475852794774
-0.000593425143209307 -0.00748889579971868 0.0956051595120667 -0.338684063503162
0.011485078427813 -0.0114811157852354 0.52452932569094 -0.0380403174456463
-0.0109172629917224 -0.00552301244258227 0.196290061529648 0.540760428840464
-0.0240398364875219 0.00719112869362031 -0.444210429974374 0.357471728764194
-0.0205242873034838 0.0140032838357435 -0.320629826013187 -0.126214964863483
-0.0192482578637648 -0.00558500549355167 -0.027852209975252 -0.0469721274681368
-0.0354585755882136 -0.0108258231707549 -0.0306839983218515 0.244882092779883
-0.0240404400520049 -0.014262166541709 0.0452272720316744 0.545510160370746
0.0117783342911797 -0.0228445779669024 0.498346508795888 0.44186966546096
-0.00566007676048743 0.00886361124006999 0.503528685446888 -0.201835815262838
-0.0216559021910289 0.00840137354069682 -0.108727717500828 -0.399185944340359
-0.0409808202706366 0.0124158546847919 -0.222287498435541 0.104682436949485
-0.00283198456288871 -0.0430650783937738 0.0172584086352393 0.14047650097238
-0.00402926026552723 -0.0220836727442887 -0.246613124782124 0.00954308561731357
-0.0199718890508747 0.0164452828767259 -0.0875659631713454 -0.225904390902867
0.0234029899263055 -0.017748560315108 0.091885008691672 -0.361688504327682
-0.0016345446875822 -0.0111843229050217 0.524300814611577 -0.0387372430820717
-0.00747912705374563 -0.00650498749041665 0.208226487504906 0.534455790040432
-0.00929517221412884 -0.00408246860249201 -0.441264120000644 0.360927113503685
-0.000481763173032434 0.0163996586298611 -0.324657871025606 -0.1235793408001
-0.0062878744053314 0.0094145948374479 -0.0304148117759992 -0.0440040881723341
-0.0306586312497848 0.00809548945156659 -0.0341918151787967 0.244913275259813
-0.0171298485030452 0.00932623136564476 0.0345113336038289 0.54773391806884
0.0147030362010369 -0.0197158545661155 0.487176061957452 0.447301560393773
0.000786576189495649 0.00682047091179277 0.51804472992516 -0.183628838629822
-0.0232891595681566 0.0183222041354389 -0.111826139816663 -0.397069766099264
-0.045743383573596 0.000866424826094593 -0.222877653059655 0.0912763843940993
0.0197429501489992 -0.0585445862581661 0.0115734657643816 0.138261750895298
-0.0146250936582815 0.0705672620579027 -0.0666196406099873 -0.106616096596949
0.0496977881325036 0.0176201202813836 0.174885137430011 -0.146565462414148
0.00607421470822643 -0.0190820092573604 0.209003836800982 0.328718125986114
-0.0108352614288518 -0.00113623441897301 -0.399380942475115 0.306664102176555
-0.00765992263373565 0.00473259219588294 -0.585097812680293 -0.299624247451325
-0.00668744740703588 -0.025325719095354 -0.154857495297048 -0.530188026406048
-0.00741980716974899 -0.0222944471171447 -0.0125391652597045 -0.272525212521099
-0.0103587366911301 -0.00964218805389381 0.00885967813963744 0.0111717682041123
-0.011290142970809 0.0142447595278764 0.281904247082948 0.10990345055647
0.00598044462196813 0.0169851778122218 0.445189081771605 -0.297401148307378
1.9255750669642E-05 0.0126465898404381 -0.153293235864678 -0.54840066337365
0.0313708999478587 0.0163653996218985 -0.527998938740097 -0.0052847955834698
-0.0357381176237955 0.000342432901833969 -0.145850146850105 0.343938809315939
0.0633039688010322 -0.013006306361268 0.101595512881374 0.22487595673669
-0.00752670459712034 0.0324702666952446 0.233454143471055 -0.0257088585729184
-0.0262060374223652 0.0723362097860707 -0.0941876007600657 -0.0904267018477451
0.0601498694742913 0.0121687194874991 0.153800589508165 -0.18864834399666
-0.0164732266215129 -0.0175620600119433 0.307419260662068 0.224929568983944
-0.00711809028068526 0.00918384882863207 -0.240043407265204 0.435757986146318
-0.00782893557453174 0.00248500024082822 -0.643981934164 -0.0654985203831723
-0.0261384194231167 -0.0342572424422196 -0.307590621722917 -0.458104739056352
-0.0197756214173399 -0.0347063882158235 -0.060713863167213 -0.274719298855432
-0.0215668310198938 -0.0211938905656531 0.00262575894057547 0.000838972872406269
-0.030528863511081 0.00835545328845299 0.250184959345416 0.14592116872268
-0.0133168814296561 0.0227395046525605 0.511639126892909 -0.166310793335841
-0.0037113969112163 0.0111979418936098 0.0427737666176535 -0.580105127728416
0.0228103341190789 0.0265840153947572 -0.489831952872578 -0.182988327253949
-0.0385627376089432 -0.0210848050354047 -0.272643904954059 0.293875097713251
0.0808519661205332 0.0165205682387145 0.0651888251572087 0.224801123101825
-0.0256722259522293 0.0384739404029105 0.22525044737904 0.0131061275003991
-0.0323662700563921 0.0676597861874517 -0.128544664602839 -0.066276410142461
0.066658734227694 0.00459671018709413 0.108217650393889 -0.239250445497489
-0.0372289945076874 -0.00205742027634075 0.365665986867662 0.0669560171628642
0.00791347463716165 0.0105742658988269 0.0209809333164323 0.496695572825679
-0.0119224406284128 0.00132586409641426 -0.58877372601794 0.23771461008181
-0.0470032774598501 -0.0237052523496331 -0.46210718346424 -0.296675308071021
-0.0342331202895708 -0.0339505641517845 -0.127159611504281 -0.260522842226218
-0.0300043918377876 -0.02890585167154 -0.00353210618994379 -0.0113346556306157
-0.0443281645865814 -0.00490159359602353 0.195188845058568 0.185926458144675
-0.0323331764475993 0.0131518469851975 0.536359511487895 0.0299449627456155
-0.00845558910789441 0.00631410857392116 0.313553005992046 -0.510515598187155
0.00474542815592693 0.030461267535776 -0.344721209128479 -0.379484383245452
-0.0233959775927464 -0.0326998147170917 -0.38661173922454 0.150997112724492
0.070370595237671 0.0525352582748326 0.0110493519407295 0.231363834240432
-0.0410415993892835 0.0329677838289026 0.19682617093336 0.0587541376973318
-0.0359072005400314 0.0564334320192672 -0.161889669324686 -0.0360388631348452
0.066940382347658 -0.000634160753681405 0.0427522291446642 -0.271685623390126
-0.0448065055111318 0.0178030470399175 0.338973407303835 -0.101960441089056
0.0206489155117231 0.00145982375785994 0.292086302590841 0.406177656394731
-0.0133048098748211 0.00350955756291207 -0.377596012025658 0.483227667443255
-0.0539618480667249 -0.00174209945690863 -0.541848098592501 -0.0699195649716978
-0.0448380695043715 -0.021929555830719 -0.196450960504111 -0.227351650097472
-0.0348857628650797 -0.0288317404721236 -0.0105654211606955 -0.0231144298127532
-0.0495324098784444 -0.0187517840053632 0.128067549485558 0.220051516057756
-0.0431940778079113 -0.00647083995491826 0.471671771932039 0.245426085136324
-0.0128318518325971 -0.00312591934415978 0.548218991448114 -0.288082551346115
-0.0117919898953935 0.0241409305572002 -0.0875219827056404 -0.497083101667854
-0.00836524116723071 -0.0233356148720867 -0.407118116559255 -0.0512823441139967
0.0346327850986904 0.068337574417885 -0.060949799088295 0.229498038093409
-0.0478122009144891 0.0177991693916129 0.151663940762546 0.0967192840601345
-0.0342255641956049 0.0388712401353685 -0.188638029551375 -0.00328550038877068
0.0575612871718256 0.00179223803385674 -0.0259631261016029 -0.275257648069174
-0.037657233318345 0.0252728988789078 0.244340918994809 -0.231005659884517
0.0247281862408322 -0.010724191261686 0.459162358973311 0.213816808568037
-0.0129093548647061 0.00225730362851354 -0.102254758043271 0.579089072788535
-0.0460468652900334 0.0155333842805512 -0.52455696838438 0.15218622767907
-0.0442619944625165 -0.00473491888147006 -0.2571491824156 -0.177718676760297
-0.0349634638901528 -0.0245033911038636 -0.0177102932374872 -0.0338642205880251
-0.0449826299964836 -0.0247874270847287 0.0623169450909981 0.237404969302205
-0.0408485043740485 -0.022995474065672 0.327132380689945 0.411398451424792
-0.0103672599620201 -0.0156316977370766 0.633252810027355 0.0162412373449809
-0.0156945022323483 0.0141485155506496 0.189600209533154 -0.466520992294738
-0.00565314900337973 -0.00613135447054144 -0.325276799338625 -0.232426203567811
-0.00243876600453451 0.0586289041303784 -0.134100608054788 0.202690475293113
-0.0418672520658016 -0.00334746224344504 0.0988524162167952 0.121547234489215
-0.0289325797959521 0.0189151672960595 -0.20738882720734 0.0223456007413432
0.0396698542017841 0.0104389598252112 -0.0776775946136787 -0.256923018819356
-0.0226782039980408 0.0156515068148212 0.134854636653181 -0.300296488170947
0.0190951667342667 -0.0165944734417389 0.508601330110627 0.026291410141308
-0.0122090482109938 -0.00166283825340626 0.116614418862186 0.556171829270661
-0.0325103168041636 0.0197527362167001 -0.453866012447726 0.306223711459221
-0.0324079264526061 0.00912914051971839 -0.295880521042548 -0.129322280223909
-0.0293798434081792 -0.0148009565129692 -0.0254722517663105 -0.0404752665639212
-0.0383563454374504 -0.0208022461934142 0.0140437498095599 0.240746063818908
-0.031976566393081 -0.0253998856456243 0.179252780575185 0.496024683485069
-0.000312662894235073 -0.0248713357022749 0.5870662965993 0.265926280575605
-0.0138825927031953 0.0097506600751065 0.384339180877673 -0.341938837611851
-0.012920636125706 0.00660046477427253 -0.207450629248749 -0.337451312824935
-0.0240466515673914 0.0358087089057022 -0.186234922561613 0.157175199981217
-0.0258121302218073 -0.0237938252122121 0.0525078281182314 0.132900211927159
-0.0195242201801926 -0.00129967560626148 -0.222679675460142 0.0329187409951384
0.0136332837918829 0.0173031355245817 -0.100834891390055 -0.23149967301869
-0.00448109352649768 -0.00294518667748434 0.0624975476165066 -0.334943306847197
0.00760979127992203 -0.0155033314831913 0.505128065850824 -0.0766412485627348
-0.0098483610041863 -0.00628132384037954 0.228845365018238 0.508645952450834
-0.0176877447002262 0.012064679806473 -0.400905778408373 0.381311618479088
-0.0147185675651288 0.0156768240585504 -0.317250911146895 -0.0978892246664046
-0.0197944649564313 -0.00298866100847834 -0.0300318815988551 -0.0439714264018853
-0.0335494753194433 -0.00778880328320157 -0.0140062626798009 0.237773303766408
-0.0228546855285784 -0.0124613652337219 0.0807000081621354 0.520543031360818
0.00839247096972311 -0.0256359831963479 0.513057162503819 0.39543251305773
-0.0082915641668806 0.00892857522528533 0.474347689333272 -0.233513193121361
-0.0219171451378537 0.0141375417809866 -0.132452331783435 -0.376357373106229
-0.0343281667187559 0.0150012529178177 -0.209812647541026 0.118602785353093
-0.00429955101252853 -0.0425083394055669 0.0252525519562564 0.136081484612629
-0.00577010578901831 -0.0217327755716181 -0.233824693062207 0.0298673259967506
-0.019205087302258 0.0196540226746376 -0.101820029080578 -0.209912020574697
0.0186203241885734 -0.014765160374931 0.054511431046599 -0.3554152204443
-0.00606142256342956 -0.0146107220376535 0.5025634926076 -0.0790205811814889
-0.00661115457166632 -0.00792721703572808 0.238743691163958 0.500707931031293
-0.00637846681549666 -0.00162042744410317 -0.398509940189012 0.387282114257094
0.00347750853992038 0.0181298988444131 -0.321363147458038 -0.0951114822604949
-0.00627222654064699 0.0113151309083435 -0.0324952749877817 -0.041233264862429
-0.0265872635508135 0.011132166986509 -0.0177583590584687 0.238131908606924
-0.014054504313034 0.00947555052917053 0.0693875451158838 0.52535935247265
0.011386695937272 -0.0238228192738201 0.501981971818512 0.400029344611227
-0.00109576386343586 0.00508020277541703 0.488511088349634 -0.214617205681057
-0.0224218341925874 0.023775441840096 -0.134877636791833 -0.374533449410522
-0.0402540594062808 0.00400868262617682 -0.212648098342402 0.104955042379966
0.015450272869034 -0.0596908753529155 0.0206489681921112 0.135357360927412
-0.0116582521859452 0.0711880775659077 -0.067812734818166 -0.104849440399747
0.0481773656451868 0.0171169926188631 0.169873443609777 -0.148026244879173
0.00672705567905073 -0.0203340711632627 0.214446777374215 0.322532669951907
-0.0125728752448297 -0.00225973280927993 -0.390824564335692 0.304644501251163
-0.00728488511882797 0.00443228670052398 -0.578454996002639 -0.289153062842004
-0.00740023743786917 -0.0275529033154571 -0.158288719805748 -0.523698005371793
-0.00617946411244224 -0.0259984848087043 -0.0146051452767022 -0.269183959903229
-0.0101013995731401 -0.00863897770072495 0.00719543997530075 0.0113399425969824
-0.00960752231228416 0.011970660722497 0.279370439811542 0.104674104847954
0.00666193442759959 0.0153604288115574 0.438897929656264 -0.305093195057876
-0.00169631296350106 0.0122810711498063 -0.161174415393429 -0.54050533247224
0.030533057534106 0.0140233572491176 -0.526914229248416 0.00486111575474933
-0.0364145463786321 0.00214997041982487 -0.139372857342155 0.346670343717225
0.0635846673268986 -0.0143754791729018 0.104635026670543 0.222356939689546
-0.00716050082221498 0.031084435435987 0.232005963983921 -0.0283062431367133
-0.0244731503226543 0.0725891871807225 -0.0940493588053115 -0.0877873335650461
0.0587467133219232 0.0116735322685927 0.147633501772539 -0.189415660672398
-0.014842727279591 -0.018496496770569 0.310465178806119 0.21772214223792
-0.00781356938724454 0.00931647260329234 -0.232300776000486 0.42998267242579
-0.00845364125286567 0.00225811482757948 -0.638512752190589 -0.0568465260702501
-0.0272543219929614 -0.0337984896111785 -0.309467318854098 -0.449598548423739
-0.0198321081757925 -0.0364302568148116 -0.0627666053748255 -0.26925025947744
-0.0212335310145463 -0.0199236833092853 0.00256390908760971 0.00131720561690732
-0.0287766407253005 0.00749036699623136 0.24717112240665 0.141852498046745
-0.0120710177467237 0.0219054957525558 0.505572400989502 -0.176538094497738
-0.00427171320040132 0.0104121527907135 0.0323151058362685 -0.573666980035277
0.0213745290247702 0.0251831122063726 -0.489833503969071 -0.172306335044822
-0.040149523816973 -0.0193923529531388 -0.266605562000007 0.297388830203912
0.0810444822319977 0.0159254045169444 0.0688857426553914 0.222767671075921
-0.0253194917733782 0.0376672011632724 0.222389098600723 0.00985679943658569
-0.0313861497551815 0.0688745788804495 -0.1276633053275 -0.0632798247363024
0.0665453526883478 0.00325164155834091 0.103143026377816 -0.239156842018008
-0.0356156402302466 -0.00213644933339228 0.366746518251937 0.0619610591645883
0.00652854516261643 0.0106989273139304 0.0292953929615425 0.488963953827698
-0.0117723657918687 0.00236735700835515 -0.57725205258344 0.244717928158446
-0.0481135896422696 -0.0230186968152259 -0.459678426120215 -0.288673260226309
-0.035999871047556 -0.0359775338876813 -0.12769075378949 -0.256649783315752
-0.0294177953275826 -0.0262664865930301 -0.00474336889507291 -0.00996252752824781
-0.0431262755098087 -0.00381779530787389 0.192841943117572 0.183451799400918
-0.0322346857729163 0.012473982250235 0.530985356533738 0.02093211749763
-0.00842864652601094 0.00669060657166798 0.304485950379734 -0.510300172322913
0.00406739653186303 0.0296260673362118 -0.34888872367631 -0.371715650775759
-0.0262035386107332 -0.0312116265308248 -0.380992912933013 0.15870856494537
0.069908386872288 0.050271726889303 0.0145325186129604 0.231207829552071
-0.0403130222865671 0.0311747698930275 0.195410790594554 0.0553696132862982
-0.0349299344139791 0.0568928908469596 -0.161391798673496 -0.0328636747445585
0.0642604500685676 -0.00235185428291728 0.0390206037094979 -0.27199491636856
-0.0410797172444817 0.0174189677343483 0.338901407235508 -0.106048283124881
0.0178938280693297 0.000570871227578365 0.297073334606677 0.397079180008371
-0.0141312648429768 0.0045124482346703 -0.365277203458029 0.483474655702235
-0.0549055592804054 -0.00123021535727117 -0.537276969017617 -0.0621167373999446
-0.0455010016087421 -0.0238855553694856 -0.196468708850413 -0.222772295999969
-0.0342242002279447 -0.0265901511427268 -0.0109390076672877 -0.0218740825737114
-0.0480840532267605 -0.0178625725641894 0.128601327798984 0.217035071101495
-0.0440227281076285 -0.00589932519662512 0.469306513884119 0.235642677322142
-0.0128092622555043 -0.00353082895348289 0.539309172472853 -0.293381853936587
-0.0109513034243306 0.024361135978542 -0.0974867633883633 -0.492674771970207
-0.0105442770122028 -0.0214881989548769 -0.403513475257222 -0.04209437741042
0.0353596565133609 0.0669110283111887 -0.0565908123468417 0.230231145485151
-0.046822665791865 0.0170615777602143 0.151013062557685 0.0957601277840827
-0.0347339519418392 0.0397252669165192 -0.187130584438048 -0.000824361222596065
0.0543535438184459 -0.00130829022798095 -0.0281135152059289 -0.275343834015668
-0.0338307977679654 0.0252949310567265 0.240760909321309 -0.230390720334971
0.0228107675831526 -0.0108871557010273 0.462020151376513 0.202816412884441
-0.0134654739167357 0.00371871322883397 -0.0903365366138682 0.576495424775188
-0.0469041376531988 0.0156734920925712 -0.51710172630499 0.155517685322878
-0.0431998874192283 -0.00711920163813697 -0.253823521074892 -0.172856873073386
-0.0341530171643399 -0.0231975412078688 -0.0177569050165436 -0.0305207679143846
-0.0451835094506911 -0.024445914654692 0.0644032192141175 0.235381258684568
-0.0422700267969669 -0.0212362385897134 0.330992006905429 0.401579913729317
-0.0103990886178494 -0.0158200918751928 0.629890649824438 0.00810923987052467
-0.0159425444425043 0.0144513323688801 0.180465897066565 -0.466901415143018
-0.00828379545583652 -0.0054298182475724 -0.323640390971496 -0.22413376550058
-0.00141846423359174 0.058126412112013 -0.131486277177365 0.206263709580011
-0.0411872115624511 -0.00295927031995414 0.0979900636131418 0.121274963598736
-0.0303969630617379 0.0189912722649745 -0.205879039547274 0.0236397473183415
0.0374205169801826 0.00725313595783409 -0.0770202631311878 -0.256312768982257
-0.0198124718447398 0.01626250287291 0.130405513614182 -0.298421399953891
0.0177144994849675 -0.0154742013291122 0.508592939914948 0.017040119100624
-0.0124011405821155 -0.000264889509680923 0.125078649325383 0.54935495186711
-0.0323348125657646 0.0208772905317581 -0.442045889837521 0.309236219479981
-0.0305637504348672 0.00626463760874228 -0.292530413007271 -0.125846835652114
-0.0280129398885198 -0.0131710960606499 -0.0240514925242507 -0.0386082184847818
-0.0391499969585468 -0.0199476794411173 0.0173185238691504 0.23756965431584
-0.0331969640735468 -0.0240720685911387 0.183550751885613 0.486365525320979
-0.00170840655647477 -0.0242791370702305 0.587424670178332 0.256526049841042
-0.0142953176056461 0.00925735338460118 0.378009446526126 -0.347223843234736
-0.0143340783987547 0.00744109967922752 -0.207948204619654 -0.331788237124211
-0.0241161166796891 0.0348283202100171 -0.18388827974348 0.162754932946593
-0.0253760860042947 -0.024224648835001 0.0531880950402829 0.13265333470468
-0.0200545805837118 -0.00238364826837753 -0.221752167475815 0.0354505385452475
0.0125568853099162 0.0161163360106028 -0.100147192468817 -0.2291621046828
-0.00165418264368158 -0.00120383596210403 0.05439602380857 -0.329594644874217
0.00520406603763912 -0.0149752343618625 0.503820323549539 -0.0840599224525218
-0.010493798303061 -0.00441778456793101 0.234620377306828 0.499384473533988
-0.0193396724078007 0.0125669547478754 -0.38701584474404 0.38240738712903
-0.0126168709565149 0.012892275073952 -0.310959252756032 -0.0955632655842005
-0.0191871894630357 -0.000952523208652294 -0.0293506074286911 -0.0417381494026813
-0.0318799098294651 -0.0061904438268708 -0.00942370919209896 0.235173030814283
-0.0241338157252124 -0.0121785902446354 0.0875205467784509 0.513837744670025
0.00774500246724543 -0.0254639104472284 0.513144936278919 0.385203044006266
-0.00799399405001825 0.0076889644476808 0.466667900015493 -0.238405753884689
-0.0232092439975785 0.0146221634311717 -0.134263175964422 -0.372066432789985
-0.0342827329017736 0.0145508656309259 -0.209807618489262 0.124076733528231
-0.00479196492196513 -0.0433995417060795 0.025926892289335 0.136508430077434
-0.00730310299154817 -0.0229390835957205 -0.230332072317494 0.0317633771473158
-0.0192495143302032 0.0180548352363516 -0.0994170864765358 -0.206809474239933
0.0185710914492974 -0.0126789189715518 0.0449091644273511 -0.351560120045009
-0.00668129718805908 -0.0137300106133951 0.499628854854747 -0.0844862645729694
-0.00788235718065068 -0.00612438518562052 0.244778795320904 0.489614681862318
-0.00708349614637891 -0.00115139214842922 -0.385382058534266 0.390519411698515
0.00604607405457103 0.0158386039992671 -0.315320422507544 -0.0905161782945274
-0.00758338308051765 0.0120734005160851 -0.0306518993277307 -0.0394192473784356
-0.0254210064145816 0.0119968198813372 -0.0136457476446746 0.235877243131097
-0.0151443704580298 0.00953575172841896 0.0784169922588314 0.516688388990102
0.0102453314165902 -0.0235524908168814 0.502994180809921 0.391154485871891
-0.000241836057740662 0.00470474662341448 0.482425960764594 -0.223423566887259
-0.0235724493983654 0.0234146560234966 -0.137351011262404 -0.370246742968472
-0.0395826536894026 0.00429879488085402 -0.212855358523798 0.109774406360256
0.0158004509480616 -0.0596850395586328 0.0206524422232296 0.134107298108428
-0.00776015966427367 0.0716392674347597 -0.0689106930024175 -0.102844681739669
0.0482626855454001 0.018471204736259 0.167425774289599 -0.148638647681745
0.00252808524055785 -0.0235594171049511 0.218877434475706 0.318588879376586
-0.0118958013328294 -0.00556369601739688 -0.394102464072181 0.302669992004156
-0.00297822381751625 0.00548853142250872 -0.579026939715432 -0.284103584658066
-0.00870968077752883 -0.0257782320035853 -0.162050237075599 -0.520818491319831
-0.00814353064065806 -0.0277439899159261 -0.0144697331042901 -0.26511872893606
-0.00864215883718132 -0.00727780794364991 0.00616657322403329 0.0132999774554909
-0.00884423237424214 0.0101761549644488 0.278977735509157 0.107767045145739
0.00555997012270962 0.0142617215651776 0.44166191794709 -0.309415554812554
0.000197174746634336 0.014527395599015 -0.163107359152315 -0.543751735845859
0.032931280647815 0.0134245985703042 -0.530460344721327 0.00763576697469599
-0.0373331222991511 -0.000175082223382413 -0.140915127027512 0.349625537334295
0.064407332862712 -0.0186265406059474 0.106029564039875 0.222278374558722
-0.0100963269410165 0.0326878078084652 0.232490763677426 -0.0267823884853227
-0.0187856838028301 0.0720854258395545 -0.0951189948937974 -0.085371288594036
0.058633012246807 0.0141620278193315 0.144357086813815 -0.190184889898093
-0.0210638127812368 -0.019713930047265 0.316169723082209 0.213828198542684
-0.00874426737059137 0.00612266320258278 -0.235070195151674 0.429666838803486
-0.00354425518325012 0.00108072816387871 -0.63653811314883 -0.0518924824970399
-0.0284753356430645 -0.0315204243136079 -0.312115172888503 -0.44659182486452
-0.0221802483573303 -0.0381558318595626 -0.062145757081023 -0.267024637801252
-0.0194479083505382 -0.0188245553144196 0.00128013497596367 0.00296440729607671
-0.0279013678913422 0.00465847394966342 0.244919080837703 0.143842814608185
-0.0128519172999568 0.0201683777775785 0.511214818462019 -0.179141993259058
-0.00358743211810829 0.0134296031571965 0.0339648765530802 -0.578343257570593
0.0252311795427765 0.0254965550511269 -0.496090246410339 -0.170466960644353
-0.0392011801759766 -0.0212955644760346 -0.26604039518923 0.301692257893454
0.081752912765313 0.0122117727443906 0.0679807856668561 0.224098585420515
-0.027962111952723 0.0368687487071144 0.224147617023838 0.011437824418347
-0.0267602748011411 0.0678677591683122 -0.129691093393707 -0.0599345921796692
0.0666342193157763 0.00553624749743483 0.0984977454469163 -0.24065484545345
-0.0395151741492989 -0.004113627038425 0.371673416892043 0.055059954657913
0.00336994725567759 0.00823212275404343 0.0309260149478502 0.485522202994251
-0.00992435245712381 4.71165254524175E-05 -0.575023917969807 0.251188157745515
-0.0480333838280359 -0.0208997916443898 -0.462207589726274 -0.284303434186755
-0.037057336733648 -0.0368279074422769 -0.126564326151565 -0.2538987475634
-0.0274821987072757 -0.0245869569839451 -0.00474892019035749 -0.00880613144491831
-0.0416594629872066 -0.00699111724482067 0.191266212347423 0.185361556719201
-0.0342055143764161 0.0112247028400614 0.534631027325859 0.0191366957491987
-0.00947920542791618 0.00867432525191117 0.308095563137584 -0.512910726569547
0.0077500829997698 0.0321338553022201 -0.355518512090562 -0.372235544930288
-0.0233170344652288 -0.0316729353078094 -0.381060932571364 0.161265894257624
0.0711456199656844 0.0468933380441106 0.0139722658719329 0.23262037587193
-0.0430312754733447 0.0304068471423213 0.196214595276092 0.0577298689257394
-0.0327570439614559 0.0549322904105196 -0.161901062164742 -0.0281418046194347
0.0651980236608256 -0.000278040505040708 0.0339853971486321 -0.273149714739906
-0.0428523890359665 0.0178515568223226 0.341194050165566 -0.111809374784401
0.014083612593246 -0.00110354892970966 0.301560767782125 0.391592129032843
-0.0133361867741571 0.00104410340552104 -0.360261317043186 0.490403510673269
-0.0547595978290163 -0.000485496037955415 -0.535984085421738 -0.0600632916057191
-0.0462989147187305 -0.0249890914369412 -0.195184358443329 -0.220898683519888
-0.0331737390459375 -0.0256987519958687 -0.0100189691782914 -0.0199844413615385
-0.0469800612533173 -0.0197880020561084 0.125592762525717 0.218917063578139
-0.0453533186722775 -0.00705901121623907 0.472669102660451 0.236260751528511
-0.0164209904124376 -0.00151493725821357 0.545954740802109 -0.292519969355353
-0.00959874243053084 0.0272535132063218 -0.0988141554264067 -0.495064358532021
-0.00738340099441352 -0.0214465665007392 -0.401425711425626 -0.0415708910715515
0.0363246455046428 0.064797334881134 -0.057806736292811 0.233166098081838
-0.0500975481337641 0.015421714414025 0.150557842777033 0.0976163555320951
-0.0341487311403798 0.0377104585425967 -0.186848358519576 0.00185970206493154
0.0562714024551818 0.000677238768616067 -0.0334821030864215 -0.275971212774064
-0.0333476402451071 0.0269318371674011 0.243809749690471 -0.235008241385302
0.0173690888859258 -0.0113361335838474 0.466284829165547 0.194090506996127
-0.0148707859185944 0.000641273145752245 -0.0834678335110342 0.580142517638986
-0.0456004066547609 0.0159226056252401 -0.512496094812996 0.161326124575481
-0.0432783414548117 -0.00780504661137667 -0.251926552003605 -0.171440669440869
-0.0328348656479672 -0.0206468813515219 -0.0172014715185575 -0.0298316927490301
-0.0437508106964852 -0.0259783941326348 0.0634126462034101 0.235909821191232
-0.0430627597838704 -0.0236023429660067 0.330382313587963 0.404479828854802
-0.0152953669413589 -0.0153002940365753 0.63611776788586 0.010393480893104
-0.0167794137178281 0.0187303121646366 0.183295905182547 -0.470352634346964
-0.00466570068354465 -0.00220288565060439 -0.321990296864682 -0.225235928081029
-5.04513117909142E-05 0.0551989582069338 -0.13201530640649 0.208427301087807
-0.0434798799980669 -0.00504041545899233 0.0978109476863791 0.123339650698454
-0.030857341072585 0.0169840701498173 -0.206087338907672 0.027102766190303
0.0385349984122075 0.00766063697233815 -0.0812108739660937 -0.255995438744789
-0.0154376296237334 0.0193574178997792 0.128452028417434 -0.29870659647491
0.0121946495619647 -0.0149425052182477 0.51222512170844 0.00832563003656363
-0.0146806122603701 -0.002655811255752 0.132339656646216 0.551897671885968
-0.0308463803857876 0.0196020205618754 -0.436653433188434 0.311813335463995
-0.0297296922061886 0.00447464907069685 -0.290488060942781 -0.124566170864659
-0.0282648150796555 -0.0116650596508477 -0.0241633553917159 -0.0376557524550322
-0.0372977243739306 -0.0207132536785767 0.0150425694646723 0.239895166543506
-0.0342079734449015 -0.0255769959696332 0.180364252451684 0.49068076156374
-0.00558924048408277 -0.0256239851536264 0.589664771758598 0.260516330165661
-0.016101894477485 0.0127637698721216 0.380889859538388 -0.348665162698324
-0.0128735919827533 0.0117483928827431 -0.203931661613609 -0.333082685519537
-0.021759049505303 0.0333382518772564 -0.185757570211994 0.164305933044652
-0.0272834661328113 -0.0275413135869171 0.0520388455339459 0.134823018428431
-0.0233290589138003 -0.00513423102997648 -0.221239980615289 0.0386309249247268
0.0150728875554161 0.0157638525281272 -0.102483656808392 -0.229283924409835
0.00191809100129695 0.00207360762820184 0.0524581529343308 -0.327899654489418
0.00168712508747167 -0.0125635968806015 0.508648077561277 -0.0909498469935026
-0.0135464462773847 -0.00661165825811896 0.242205366436238 0.500124818311108
-0.0173913970045254 0.0120150945644801 -0.380828632556141 0.387715722098783
-0.0114145167751152 0.0110394855633456 -0.309102643587763 -0.0943701380004679
-0.0191913245426237 0.000190819096062673 -0.0286856517393592 -0.0403959662861455
-0.0305925931122755 -0.00651211854903197 -0.0103962190924541 0.236595381711978
-0.0244618357435752 -0.0129652978880175 0.0852763292098971 0.516417252888622
0.0041441754495812 -0.0265716486156282 0.516122011144526 0.390330149086754
-0.0109216560401501 0.010202182321822 0.470803066827612 -0.240541430475808
-0.0221823232473174 0.0201271300076886 -0.129167719613924 -0.374249059988531
-0.0312607808042578 0.013239625182118 -0.211549402589865 0.126476420700923
-0.00528739660751551 -0.0457826966868772 0.025046927938718 0.139682926589878
-0.00880418503800178 -0.0270075433453865 -0.229291198456426 0.0341769048449477
-0.0170633729772491 0.0178616835113084 -0.101495303934202 -0.206920075987045
0.0232270004826516 -0.00927954188540194 0.0400165066813 -0.349007701934793
-0.0116176101780411 -0.0115763893108465 0.505803335034895 -0.0924980886419886
-0.0114078160367916 -0.00898458123401541 0.249935638607437 0.487898879530632
-0.00602025475971732 -0.00193485535511803 -0.378807532789027 0.395020844310093
0.00791754136124533 0.0146978520592235 -0.31266700438203 -0.0891351514453831
-0.00782864421031229 0.0134021186991566 -0.0296365372960043 -0.0383554557361312
-0.0236043834537039 0.0121839028045635 -0.0145238176666405 0.23659396803804
-0.0150737612153505 0.00751642024606796 0.075578040103339 0.519476963297233
0.00635860450440435 -0.0250594616070958 0.505786090554542 0.397816406567826
-0.00342860253824555 0.00633681923443057 0.487349846437657 -0.225041810279266
-0.023451218569806 0.0279838997117131 -0.134251738523133 -0.371295074625392
-0.0363118301685913 0.00216386108211248 -0.214875760462885 0.112324689326551
0.0158212230556248 -0.0610377850466486 0.0190457406068829 0.138269271849624
-0.00271323298049036 0.0700262155815791 -0.0705652364148759 -0.0986356539853169
0.0481098341734464 0.0168560023037292 0.15905857984399 -0.150262920645431
-0.000160189923093482 -0.0230334205813028 0.226798968220136 0.303507522789587
-0.0129961785804678 -0.00474311434149802 -0.387411350852403 0.309815643909329
-0.00199842104530618 0.00654558203065561 -0.576390398731262 -0.267621294779136
-0.0110213320099162 -0.0247502366742989 -0.173944102891205 -0.507979190385323
-0.0105651683436477 -0.0278320221335609 -0.0217368695242495 -0.260591857229059
-0.00674558960762966 -0.00708250596982357 0.00533385276699521 0.013171755448051
-0.00902194972830464 0.00927042673022666 0.275056020492124 0.0963272460790492
0.00706024879303873 0.013165179851483 0.42591276979117 -0.321830001105157
-0.000201813069826509 0.0148861010499717 -0.178566438096461 -0.529230159278011
0.0331067683935351 0.0114249639267511 -0.525618927145712 0.0273434646590247
-0.0371068890112527 0.0021013690474879 -0.127278745323278 0.353250536021928
0.0620850491378336 -0.0219053142741028 0.111371028050834 0.215342299417333
-0.00892527174352858 0.0318257827135669 0.228609121148346 -0.0340308688464141
-0.0144545353291209 0.0704781527772207 -0.096219533567717 -0.0805282660341082
0.0582218289474828 0.0117036572581993 0.137002274869252 -0.190815316093928
-0.0223955194690573 -0.0191836692637884 0.318980857048078 0.196599327320828
-0.00918389896528297 0.00765400355664442 -0.224093874081619 0.429949865258352
-0.00292910639742628 0.00161697150142614 -0.628896411766966 -0.034804993750602
-0.0305764461507592 -0.0310205852556361 -0.322330815983984 -0.430718967341332
-0.0240371952036964 -0.0367840707159863 -0.0664051344630335 -0.260527749937482
-0.0172674892405259 -0.0170556887566644 0.000570484922803921 0.00397587571255149
-0.0272435006940443 0.00496584516044931 0.242524988310473 0.133752377316237
-0.0125072335603729 0.0198674040815911 0.495749554048544 -0.193988097429883
-0.003894484098553 0.0134634301212856 0.014856647209607 -0.570547884316847
0.0261771105642787 0.0245909370987683 -0.495996115403463 -0.149632012961978
-0.0401135682302729 -0.017808777443674 -0.25242619517855 0.3104194027753
0.0819716451781962 0.00853543414151996 0.074844932816122 0.219063294754902
-0.0258858266263014 0.0371764904785285 0.22056203233233 0.00559163389169931
-0.0229034221625535 0.0650935023224175 -0.129178291062113 -0.0540523881779428
0.0655397483382981 0.00299132205053436 0.0873586030782512 -0.239060152606255
-0.0409512052643578 -0.00164257364929766 0.371054829614953 0.0372241163660085
0.00397053967400402 0.00910866835733996 0.0409506117012582 0.475868242516408
-0.00935002013510003 0.000494966752821124 -0.5572519949423 0.264654270430063
-0.0486359199892014 -0.0189455198074806 -0.466370650990673 -0.26986699829342
-0.0390982698053243 -0.0352856353287522 -0.131022605569068 -0.247094521345621
-0.0251689352534008 -0.0234602675497756 -0.00436324788886263 -0.00741167809406307
-0.0419731221558547 -0.00704039557285331 0.191762270142297 0.176313470535021
-0.0332502483503941 0.0130866634475836 0.524203685926711 0.000554672438410741
-0.00992060057052636 0.00858304318543108 0.28887041696233 -0.514275310135687
0.00903801109701444 0.0318212146913865 -0.361502612134153 -0.353600881833315
-0.0242958212512225 -0.0293787179830177 -0.369782326973111 0.174919023933958
0.0715883742397372 0.0429427597256299 0.0210846890973769 0.230174253740189
-0.0410363612603329 0.0304807193723006 0.193105145742862 0.0507350105755401
-0.0286325856437271 0.0543319256777513 -0.161314529518071 -0.0224196586936403
0.0647355598671739 -0.00337177652986717 0.0246008265778876 -0.269216437939448
-0.0438958419029647 0.0186288046563073 0.336620248739636 -0.126360722293631
0.0133190929123501 0.000418118901417418 0.306081571384383 0.374198692470686
-0.0126654683259747 0.00258977380891695 -0.340447064143877 0.494224191301364
-0.0541332982223376 0.00204589051088518 -0.533527326445063 -0.0430124258778129
-0.0469256893427427 -0.0233438435483088 -0.197008460019341 -0.212680442618772
-0.029984964422194 -0.0243539580563052 -0.0101074917481868 -0.0181566280872381
-0.0472280636788454 -0.0184989834329311 0.128464075563947 0.211700098698463
-0.0451831784162062 -0.00487693888952318 0.468603881096105 0.216704703722514
-0.0159398072486559 -0.000557542557725491 0.5286098835781 -0.3037588634284
-0.0089794116098631 0.0281931606767397 -0.112908571723732 -0.484483200269859
-0.00753815201589891 -0.0188852345440307 -0.395793131171269 -0.0250957622984253
0.0374044879679565 0.061993524046546 -0.0512159562922364 0.233623972141596
-0.0488045642816045 0.0153216058553789 0.150018616538774 0.0929686872232511
-0.0309268360935739 0.0378946986869476 -0.18561275971259 0.00962488930769827
0.0551952298422023 -0.00114258863879286 -0.0420997431318177 -0.272125673713305
-0.0301714051615832 0.0266896734280189 0.236451171269766 -0.245619486100371
0.0163803554487113 -0.00954968717653362 0.465162264487709 0.170771406500065
-0.0144603896772946 0.00262005144102943 -0.0643599823206411 0.574374131072938
-0.04477023104027 0.0184066194324305 -0.502538573766794 0.172493001975846
-0.043607716710756 -0.00877208021005501 -0.253321531761454 -0.162963716012087
-0.0299046268535656 -0.019251951411813 -0.0162615177352436 -0.0281621772028919
-0.0443448085886192 -0.0243356032498039 0.0680972378998379 0.230799189188277
-0.0438847204589081 -0.0202286503733894 0.334327010932392 0.386783444615866
-0.0146130728707812 -0.0144960343753639 0.624759722674713 -0.00660880777082391
-0.0156278462186914 0.0197704172243828 0.16542878784307 -0.468948699586371
-0.00413403076947084 3.48655203929633E-05 -0.322963428659304 -0.212462969994527
0.00220907536919804 0.0533899336965518 -0.125388236128025 0.21220359516641
-0.0425235946264996 -0.00461686673036292 0.0983897232428218 0.119725088980052
-0.0284906969280504 0.0185683073755914 -0.204274074814494 0.0326976833678125
0.0378063901337153 0.00545216638314531 -0.08858183422465 -0.251528476925411
-0.0139709842261683 0.0175164273250883 0.120766900283047 -0.301591724192758
0.0120850827589431 -0.0139090399102794 0.506529473377978 -0.0132701604914366
-0.014350937505877 -0.000722104055728427 0.146090007335642 0.539932772192454
-0.0300596505109917 0.0201030433466117 -0.423146840816761 0.318863521072596
-0.0297954544544183 0.00370374465536247 -0.288803887095849 -0.116024586600396
-0.0256765025161478 -0.00969442147206313 -0.0232558224035499 -0.0350500401985833
-0.0364433795362111 -0.0194803186279772 0.0210083798989965 0.234143507018772
-0.03509370528563 -0.0227906719043993 0.190119579506096 0.476168025834241
-0.00606598437798503 -0.0247646306932234 0.588086891283346 0.239409514107845
-0.0158973406705968 0.014115300420337 0.364521365502218 -0.355273040234816
-0.0120943413482185 0.0134777498420892 -0.209683367548603 -0.324087354071557
-0.0202707788989452 0.0332566925479632 -0.17950089733768 0.170593318486008
-0.0276994177788974 -0.0262122653102041 0.0540534532815551 0.133086085133454
-0.0225089221278957 -0.00345697523271064 -0.217060169879143 0.0440311482496107
0.0142678174860452 0.0149986303732386 -0.108955103422629 -0.225579712834574
0.00496175139297964 -1.04662280189585E-05 0.042479053108949 -0.32585805517811
0.0015988903130326 -0.0118109129148088 0.499413006463706 -0.112963392520197
-0.0142308185429456 -0.0043876736807168 0.252902720628015 0.485358675688276
-0.0174126016576926 0.0131569141733676 -0.363113857460153 0.39142108941261
-0.0100305372881086 0.0096165756148967 -0.306813066310783 -0.0855364337450035
-0.0179109407820413 0.00321618098812434 -0.0283753855769088 -0.0388377364460629
-0.0295689975053171 -0.00535769914936155 -0.00377113239129124 0.232322961746958
-0.0257310099526177 -0.0109913228510964 0.0962032055804324 0.504034965909741
0.00338480715781769 -0.0270467761745869 0.517159180912666 0.369450571119129
-0.010528292488268 0.0116372657882753 0.458498426559637 -0.251498092118046
-0.0209715826006975 0.0217582758847539 -0.138210321375452 -0.366444037966038
-0.0295549394371069 0.0123134555835175 -0.206667236662821 0.133580623347113
-0.00653462340863908 -0.0451540134398134 0.0268973361267462 0.137184203930517
-0.0102970831805556 -0.0247099052577289 -0.227231849200952 0.0399784356522808
-0.0167646081674479 0.0174159384730722 -0.106658835040572 -0.203810484197002
0.0252942626504437 -0.0120111987530253 0.0290203776547372 -0.343715392709697
-0.0114788334022796 -0.00987118475065496 0.49754489013601 -0.112447626963664
-0.0118449277438762 -0.00683014180376211 0.261113935064112 0.475197354259689
-0.00651286369329767 -0.000945246952843037 -0.360261225668789 0.400284589724941
0.00790783523626403 0.0120811380614868 -0.311146796333455 -0.0814650783207352
-0.00756138408240756 0.014434560404404 -0.0291235586363262 -0.0365524694735691
-0.0217301844511959 0.0135017030625858 -0.00752968985345789 0.231652943494831
-0.0154185177992641 0.00825839502073259 0.0885564334264684 0.506652806687977
0.00640362817289883 -0.0248996994212363 0.50467787718663 0.375385824526291
-0.00307152851527844 0.00736658777178805 0.475075105594749 -0.237219470145087
-0.0218515013014036 0.0293924747514581 -0.141477214560976 -0.363301027083273
-0.0349034939992746 0.00203428785230621 -0.209575078779951 0.120387149675903
0.0145121029474167 -0.060556142504135 0.0220122149436302 0.136363618402689
-0.000154002768686784 0.0673648006791603 -0.0709048344742644 -0.0958977900365431
0.0482764728098206 0.0175858114598883 0.156880786005311 -0.154069171085547
-0.00519727888278044 -0.0194693693000986 0.233999898842728 0.295515256598417
-0.0161731839046786 -0.00433665575829575 -0.385885799890544 0.321393350150297
-0.00171793547512674 0.00487149288001529 -0.584421057830538 -0.256370710907464
-0.0120759394459819 -0.0241896816642091 -0.18511942102813 -0.503346176100485
-0.0138777859398388 -0.0267037250477018 -0.0233927865892161 -0.259176005496997
-0.00613915997000982 -0.00832494587853727 0.00586927118724122 0.0141981148296778
-0.0101893277235385 0.00975683199828213 0.276797684607321 0.0921224466301187
0.00845238861495357 0.0152014341526539 0.422856766333822 -0.337243136188232
0.00377742726674904 0.0143758802237381 -0.195844569443954 -0.53138691070426
0.0297021467824818 0.0069254605262635 -0.528222272811757 0.042962492314729
-0.0426725012571173 0.00362449126677896 -0.118707879653951 0.362448895280358
0.0607117981373399 -0.0230086947208261 0.118262200047486 0.213654630788467
-0.00628550605455093 0.0348813390267371 0.230122923076508 -0.0397943605404893
-0.0122041910733066 0.0671331165350739 -0.0959198911593652 -0.0763772195103531
0.0594828263908007 0.01111826257882 0.132582441940002 -0.194770942524589
-0.0257876605955782 -0.013497618098975 0.325437735723986 0.18490596018272
-0.0116814600244273 0.00952373552525724 -0.220259332216511 0.439690535976989
-0.00383740659011777 0.00144631476634916 -0.630245284491903 -0.0196757249980013
-0.0306806331765774 -0.0289740546173048 -0.331141461372822 -0.423606989878651
-0.0270451832494476 -0.03489432714871 -0.071028976424744 -0.259776434681714
-0.0167809829196297 -0.0178070124597415 0.00134945833928609 0.00487465796141568
-0.0287668364722272 0.00574202834195494 0.246462411926955 0.13015611813671
-0.0120887846192223 0.0236510000335137 0.493974463086403 -0.209531511445104
0.00202910629624923 0.0141066739599618 0.00204803599305923 -0.577001032130641
0.0255097754527918 0.0196647489741158 -0.504129555115399 -0.137169878854497
-0.0462150091325507 -0.0174465351154446 -0.245782503682594 0.32201848432819
0.0794332201109775 0.0088106444130677 0.0809072853809694 0.218938924299207
-0.0240382820969284 0.0391177551638533 0.222050887186708 0.000150920309470637
-0.0209803369724637 0.062581835258681 -0.129290075722662 -0.0483051361381738
0.0679942776160139 0.000537277514510242 0.0820731016868603 -0.241799207138356
-0.0421456874195116 0.00340802359010202 0.37181175849098 0.0212285847851037
0.00161939184380011 0.0123003553439361 0.0507285665043195 0.479413310483898
-0.00920510948582616 -6.84928829649892E-05 -0.554405908597684 0.278918601341243
-0.0490219653812566 -0.0172178775872722 -0.473744378590089 -0.256054482570254
-0.0401568356704009 -0.0337177456545625 -0.133816971355079 -0.245175830881536
-0.0241266195905908 -0.0247017901206642 -0.00383067106612277 -0.00671667093325285
-0.0424072386902547 -0.00441980742579321 0.193872214953222 0.173893610707869
-0.0337521791358345 0.017839823030124 0.527690039950693 -0.0118667807548386
-0.00416443224022776 0.0131014913269973 0.278594215939893 -0.527222053296664
0.0111311369977597 0.028839755748011 -0.374418663017541 -0.346228903730768
-0.0292428640761807 -0.0307600789035396 -0.366644838063724 0.187389041964639
0.0694359386983308 0.0438297765092449 0.0253517497101192 0.23162534992971
-0.0404717400152897 0.0329749060173613 0.196970664817265 0.0464395674860374
-0.0268151855277885 0.0519157778480963 -0.160668485641193 -0.0159247510535335
0.0659023069017051 -0.0048907448803821 0.0147603776130789 -0.271085300530053
-0.0435249619138625 0.0237959198949156 0.335004340507193 -0.14307631451021
0.0114367357421783 0.00366284981845975 0.316062158350582 0.366858868091877
-0.013835340195691 0.00356059859432223 -0.329733589980485 0.506958516134807
-0.0543071144454817 0.00414216618871113 -0.53736188113681 -0.029172050539075
-0.0478918228587051 -0.0223912279852312 -0.200786888085168 -0.209547637067693
-0.0296101330364938 -0.0239202322197726 -0.00945549395618015 -0.017201443341768
-0.0483524350222261 -0.0168450344399533 0.130653621302054 0.210593085831488
-0.047389250686736 0.000640574337809662 0.475114645476999 0.209063206099812
-0.0128033699691129 0.00496906147654096 0.528998168423555 -0.320902852597547
-0.00242615020022647 0.026818674698791 -0.124127354107014 -0.483215789723438
-0.00941562167862752 -0.0228378823624917 -0.399169181696902 -0.0173091349669933
0.0357404032882482 0.0621997950308754 -0.0459430443172926 0.237299286571988
-0.0486136174955909 0.0184094262229406 0.153349832269453 0.0901997436642878
-0.0304190090203476 0.0370038479642954 -0.185432644992215 0.01651897776902
0.0561027479399305 -0.00272433227893477 -0.0516281007962604 -0.269946955750612
-0.0293439915547297 0.0291408570147156 0.230264955609101 -0.258723033241844
0.0164563519971758 -0.00657868062258151 0.47114142660574 0.156740056549663
-0.0148264311710791 0.00558720813350913 -0.0496607887133618 0.581507535162302
-0.044448263367367 0.0194555237470278 -0.499817000634337 0.184720111749923
-0.0437933481570495 -0.00878900803913597 -0.254967058360825 -0.158609478144118
-0.0287127195094578 -0.0185064147716824 -0.0164457543971009 -0.0270528796125615
-0.0449536495377669 -0.0225342172046164 0.0706843483606934 0.230031554322206
-0.047813330157703 -0.0161501400016231 0.340834601600545 0.383624011299513
-0.0155118403586941 -0.00754531461508207 0.631129500566438 -0.0244670945624925
-0.00873229994164153 0.0214325864617761 0.155331422981387 -0.475170667548855
-0.00285309623765695 -0.00283406173616061 -0.328719290889294 -0.207270034514657
-0.000748142139508603 0.0547085664804804 -0.121435079684844 0.218598002980064
-0.0429538314771568 -0.00256922995525235 0.101055470257034 0.120965260278122
-0.0296629827029115 0.0169877554327987 -0.203336632961119 0.0410702905162136
0.0394960980579785 0.00480545336806293 -0.0986108219585472 -0.249806567026148
-0.0105102117197694 0.0177863061008701 0.11392134218077 -0.311338812084217
0.0115213721058919 -0.0108820538419428 0.506480313800318 -0.0314994264491884
-0.0137879659887047 0.00306915167345083 0.162113095428262 0.540961281828712
-0.0303192524681468 0.0227863870719869 -0.417667442609958 0.329678860460382
-0.0291919559289358 0.00288208124807444 -0.290342633460413 -0.111097008006061
-0.0236695786318016 -0.0077127610506899 -0.0229459648074052 -0.034847728894245
-0.0377807941726179 -0.0182223629530293 0.024639466704988 0.234791525191615
-0.0389169216385871 -0.0187974950383941 0.19695526095099 0.476528159387458
-0.00905631852991026 -0.0178977593858963 0.597995515147371 0.22734458894759
-0.00874913487303015 0.0175080355902841 0.359642660817804 -0.367024936087011
-0.00795723295860858 0.0107235990484203 -0.218039054616077 -0.32358060659547
-0.0235423438306617 0.0318622794140389 -0.178718906016396 0.177225808409736
-0.0268428074504368 -0.0238438793657585 0.0547477703433484 0.135141610707535
-0.0231128107402801 -0.00522435830013725 -0.217353215995377 0.0512121479802905
0.014944817874125 0.0126241020242268 -0.117507374741968 -0.223606892510539
0.00707544571323168 -0.00178448857704392 0.0349637973239141 -0.331116161075222
0.00220321433311354 -0.00804463108851945 0.498919163602147 -0.132820194822972
-0.0139180668052198 0.00064617343019362 0.265536270574323 0.48355085220222
-0.0174995456208138 0.0141539717863298 -0.356679332291701 0.4003776948633
-0.00923169353682956 0.00752400972166632 -0.308351481046285 -0.0797259930560779
-0.0155589908894607 0.00423189632956183 -0.0282269154522534 -0.0383962355858691
-0.0300681535293435 -0.00477504364173436 -0.000825857895618298 0.231719128057704
-0.0300285231002072 -0.0081855693360793 0.104710831080782 0.5044324688669
-0.000492891344684353 -0.0216704424722622 0.529148021267192 0.35995864384227
-0.00470316136921913 0.0162438312947302 0.455209607102915 -0.264841519102968
-0.0168473205490982 0.0195929263446965 -0.144131818378751 -0.369377197693593
-0.0317921479520277 0.0116014373245733 -0.205603389304933 0.14203900038945
-0.00612596218364225 -0.0428598784084857 0.0279734468442393 0.139971182454062
-0.0130381492285744 -0.025251679442582 -0.226865776465398 0.0476509797298541
-0.0168147551063627 0.0176066081460345 -0.113333291227288 -0.203322118060973
0.027889457411994 -0.0141488953078741 0.0208427979156545 -0.346092098481759
-0.0100242589273813 -0.00654073295353677 0.497835639547662 -0.13007564807202
-0.0134827986545882 -0.00221772341918201 0.273035368192939 0.472215430385837
-0.0070768922140862 -0.000471470644997458 -0.351717918795811 0.408980577715801
0.00978710245415461 0.00949068166177588 -0.310240456345642 -0.0756594199242068
-0.00490106568436345 0.0164169836691935 -0.0284244795520657 -0.0370349277817269
-0.0214388887833359 0.0139674710648287 -0.00387250960855505 0.232278874594704
-0.0193779175819252 0.0102929338264582 0.095957372692647 0.507504984046992
0.00204216998684066 -0.0194183553600795 0.520110149733116 0.367404851136168
0.00171470714014449 0.0115150054189599 0.473839873077327 -0.250864966664045
-0.0178610656949464 0.0283467065286739 -0.147922729162054 -0.364398942349791
-0.0361370662157511 0.000320099078341627 -0.210805947891982 0.126913942809497
0.0129526209472285 -0.0596942944817615 0.023716015111716 0.138001705132179
0.00280785996003042 0.065551680758099 -0.0722548489435507 -0.0942259586196891
0.0485802186087668 0.0153619249308678 0.155710395007468 -0.160265853736305
-0.00563325643846253 -0.0177670876315312 0.243890886954371 0.287361857951862
-0.0161952283227431 -0.00311713373643842 -0.379613264598547 0.34182786963896
-0.00137813778128351 0.00380045244384526 -0.598435527184842 -0.237565289373963
-0.0147382428900274 -0.0228821420598505 -0.202241062805174 -0.501482097839372
-0.0170699414675464 -0.0245163309173862 -0.0310793354413269 -0.260583253090528
-0.00698855727231019 -0.00870973074551892 0.00849726387319506 0.0145830558032401
-0.0105786116131919 0.0102194441287274 0.281131879251364 0.0818071724775586
0.00854458069106981 0.0149963564608248 0.411752748990267 -0.358222546925931
0.00405795558385064 0.0155077573778901 -0.216763528610089 -0.526689907303054
0.0308404880897075 0.005872253023266 -0.529237423193399 0.0675492732782978
-0.0436749365915166 0.00804804979512783 -0.102860216594085 0.374604319179742
0.0589938325087368 -0.0243670833640535 0.130142824756024 0.209455767372862
-0.00496465211532041 0.0356055380375486 0.229607253825652 -0.0491587936908174
-0.010225450898267 0.0656167205963161 -0.096806459737341 -0.0735778403609342
0.0589453564046365 0.00727173540572807 0.127672702476321 -0.199762541615268
-0.0264902264656844 -0.011276871707923 0.331983118876711 0.171872008915902
-0.0111303634501615 0.0105544890954565 -0.206187928517862 0.455280623547029
-0.00395648239436562 -0.000269572859820204 -0.636830802956662 0.00196407484423281
-0.0335357450307285 -0.027335265247108 -0.34899494072876 -0.415311827068299
-0.0296235160202725 -0.0331100621884143 -0.0796847555336076 -0.259596607026344
-0.0172040018829451 -0.0189713930459087 0.00307166029189582 0.00574299429045668
-0.0296809571341983 0.00681707826311914 0.249667652506621 0.122150527343723
-0.0110256879556363 0.0249173292249612 0.489692694089969 -0.230118705935951
0.00211551665353836 0.0148120715737881 -0.0191870128766202 -0.580117790042092
0.0263600440298964 0.0196316347877903 -0.512578510185 -0.114529691815149
-0.0476126028597795 -0.0152131862395719 -0.23141124463158 0.336903862874061
0.0790345271834473 0.00525110540427741 0.0914918933466664 0.217994715385747
-0.0232766217247705 0.0392763746412008 0.223242826705059 -0.00896133923540457
-0.0189906633812971 0.0609926708611951 -0.12928550833235 -0.0447212077659843
0.0664244294271547 -0.0020704092906996 0.0742073716215351 -0.246419564352788
-0.0424034261633546 0.00751421799230041 0.372647809631927 0.00429018809724959
0.00192313619353833 0.0135669010384012 0.0662380076574724 0.483096358096215
-0.00976956664763621 0.000426048059940645 -0.547159562490415 0.302027814694531
-0.0511917171608262 -0.0153167076926651 -0.486308095729609 -0.24010910583623
-0.043400253745228 -0.0317036481159216 -0.142632485561371 -0.242217035135871
-0.0260509988700407 -0.0243410653166949 -0.00228203010704385 -0.00537810123883362
-0.044414814881384 -0.00305599429626841 0.198918354309718 0.16817592003266
-0.0333993500160308 0.0199000279626215 0.529390660214052 -0.032192481429322
-0.00424988116771954 0.0140023815095014 0.263403153409877 -0.542966716256297
0.0127711877141018 0.0277031881876421 -0.389619178157544 -0.333013103839828
-0.0306024792239387 -0.0278881283365572 -0.358133790940485 0.204910806474381
0.071747607738653 0.042374663005664 0.0364046873379221 0.233951363423934
-0.0395209780134692 0.0340225720631211 0.198982866306441 0.040960842723127
-0.0256221484152713 0.0511636867043312 -0.161357282536771 -0.00749489520767741
0.0650746083025822 -0.00774717326417138 0.00537844727793088 -0.273045212001532
-0.0423614306538876 0.0260633269600485 0.328751243329846 -0.162883251890983
0.0132616414400773 0.00466678655476085 0.330780231512215 0.356538773889909
-0.0136478578099507 0.00321621378046477 -0.310825693739812 0.522983050196573
-0.0549023942807707 0.00641103511270045 -0.541009490713691 -0.00847762023656797
-0.050534647890525 -0.0198346268037406 -0.207573647239587 -0.2042728259846
-0.0288620754525701 -0.0235612472038408 -0.00832669532143544 -0.0162175965600592
-0.0499850477651851 -0.0146386225236987 0.137901683475104 0.208196803871815
-0.0477057366933331 0.00406506177929351 0.483525652809921 0.193984326776555
-0.0122639466195664 0.00696743359280391 0.521447526232387 -0.344579219184144
-0.00164900044793076 0.0279465367604634 -0.142127588284229 -0.481891561167377
-0.0104941129672871 -0.0207504352269472 -0.400190546546508 0.000370462265236191
0.0368230865749623 0.0630156213787469 -0.0358884243903258 0.242357677753639
-0.0476317479450294 0.0190975640676642 0.157341964134982 0.087706002375445
-0.0286937228024003 0.0364267480004016 -0.185586401334028 0.0255231549157513
0.055746892964789 -0.00642553501294335 -0.0627344386901663 -0.269694435257182
-0.0293915522063851 0.0299116117796145 0.219721444573106 -0.274158074269453
0.017170796176619 -0.00577398521957274 0.47835409118801 0.138903078967022
-0.012739737346349 0.00588626438462057 -0.0251259803473492 0.588744959287246
-0.0443534267522697 0.0217145323260633 -0.49867304247572 0.208711719391079
-0.0458440052835987 -0.00672055802773355 -0.261188860731996 -0.151131886300069
-0.0281483401912494 -0.0169871630056609 -0.0154324087721251 -0.0257112670860143
-0.0472285409160723 -0.0209559209338316 0.0778746183390408 0.230340170909921
-0.049282552396824 -0.0118881272013972 0.356095991287153 0.373500334488563
-0.0148245338404834 -0.0071403752668766 0.636867139164337 -0.0472892325996895
-0.00774233616589436 0.0225181673901798 0.140115617651659 -0.484524625015661
-0.00281501722005672 -0.00242414619552316 -0.336214737999731 -0.196578487816797
-3.47405600491582E-05 0.056623431939266 -0.114698966893934 0.226927002044251
-0.042514110348359 -0.00190087178567031 0.104975743121205 0.119601483968718
-0.0284217537267097 0.0169080588914503 -0.20290283652237 0.0497389937501923
0.0382267230123618 0.0017662669905983 -0.110504490105998 -0.248216613849738
-0.0110915616909278 0.0173330368782646 0.100665737589649 -0.322563183722637
0.012078784062712 -0.00932254432592491 0.507394516022613 -0.0548188170293706
-0.0120453324667363 0.00450301874199439 0.188191283234389 0.53818862308742
-0.0294989059179878 0.0242964439137 -0.408565960907866 0.351564598051388
-0.0310115891101108 0.00278702441833627 -0.296048574211986 -0.100791097778907
-0.0227088602795405 -0.00769010649019436 -0.0223175510263149 -0.0331847620635311
-0.0391716532988105 -0.0162002963052548 0.0315936273931976 0.234807680216742
-0.0412219958543655 -0.0155489023343815 0.212992918709187 0.472898605049219
-0.00992661663628145 -0.0168211465224248 0.608682581731393 0.206806944114542
-0.00783282775817817 0.0189155920447511 0.349182563859213 -0.384297510797481
-0.00649444806068976 0.0121522700222517 -0.230039902357606 -0.318703028813425
-0.0228268626775664 0.0332678594614917 -0.172952725614492 0.189047875436143
-0.0271358869628488 -0.0234132033540168 0.0596346125010649 0.137104662792243
-0.0234902221474413 -0.00441584466631317 -0.217093168356702 0.0617816662545212
0.0145610714582408 0.0124190703542992 -0.129213284632687 -0.219647599166707
0.00742836908545537 -0.00236751922831972 0.0208410442040325 -0.336573533822795
0.00282469295366689 -0.0068523860852394 0.495116167772028 -0.157521210590735
-0.0120797212384842 0.00238641325418016 0.289678434586225 0.475447376926422
-0.016533384896081 0.015040220793551 -0.343096503350405 0.420247550653876
-0.0103871446278098 0.00570144805140158 -0.311901193375781 -0.0693629039995212
-0.0137921451555377 0.00509566560042672 -0.0281855494706565 -0.0362745624103736
-0.0302674949482201 -0.00350840408170962 0.00709247601551867 0.233168633211022
-0.031970309620954 -0.00535707127803098 0.120447082716273 0.504386094876199
-0.00179596201859311 -0.0209855132037496 0.545156362638687 0.342957499828011
-0.00391399552121814 0.0167526154332373 0.449594225619424 -0.284714481614594
-0.0151462178076966 0.0211657547598369 -0.157699246050154 -0.369463675562293
-0.0319160856661654 0.0122661964818742 -0.202954262169861 0.152327191427674
-0.00723774346995407 -0.0433672048900867 0.0315721304945962 0.142016358992246
-0.0133647879422971 -0.0252085455019393 -0.227603712286015 0.0568941957210667
-0.0167322219535397 0.016688101832718 -0.124382007134903 -0.201250665617648
0.0273339781720499 -0.0169289450631025 0.00892586505681487 -0.351072910877362
-0.0107350669488829 -0.00376589174332802 0.495113431597356 -0.155872246287946
-0.0110799389575813 -1.246928675952E-06 0.297659614791546 0.465488904225814
-0.00638776923410279 0.00142370553774121 -0.337027330309474 0.427368006701248
0.00946706864149318 0.00688292124362175 -0.314081004430201 -0.0643840716655268
-0.00434412367304339 0.0167434369284552 -0.0289961678180692 -0.0355249497661173
-0.0213301260780169 0.0145718827645225 0.0038624421052077 0.232410217446439
-0.0203044935518281 0.0125759351714272 0.111603541898987 0.507867823261169
0.00116659132344407 -0.0181576720125697 0.534427166418143 0.353008960448172
0.00290425416353553 0.0116815759094778 0.467119674605937 -0.271994037784741
-0.0161261478255326 0.0295070044732628 -0.161495280367391 -0.364416270005822
-0.0361215919662355 3.66086075560897E-05 -0.207942215155394 0.139459168379827
0.0127816102959008 -0.0588590819975211 0.0269072373047275 0.140324148850197
-0.00061464763598715 0.0633026912181495 -0.0641031881351863 -0.0974434211822298
0.044424521639202 0.0201228709957881 0.164985434604199 -0.152365193335656
-0.00848090710426585 -0.0185380205157135 0.22585312178211 0.301491901820166
-0.0139295358652452 -0.00828270007918332 -0.398891415654501 0.325932449473735
0.00339596212264926 0.00362875790248275 -0.584813467338639 -0.271938155440724
-0.0125994944111735 -0.0194441890177186 -0.1702580361029 -0.511138148159497
-0.0162460371311012 -0.0223609559905569 -0.0130781959989448 -0.25968800750041
-0.00681240510354584 -0.0106886303730362 0.00799509689876873 0.0151708067587381
-0.0115882653044645 0.00934362055722796 0.274724054375716 0.101398473907849
0.00900487551661542 0.014385241809885 0.431797131465622 -0.33663412873811
0.00725228587403147 0.0109340310794139 -0.184908814433447 -0.537707350328478
0.025170383611064 0.00430807548836759 -0.533036374049711 0.0390091397219485
-0.0468779018735656 0.00826402771917989 -0.121873035669725 0.37077974421138
0.0575845573139079 -0.020038481136972 0.11803648949645 0.217418505246252
-0.00555317627478469 0.0339935063502163 0.233091451608985 -0.0355918313320175
-0.0135029008165431 0.0627190867973691 -0.0904285822007227 -0.07689255507277
0.0549253669833693 0.0138181258072621 0.139093779900676 -0.19349361790927
-0.0302119039697466 -0.0130920506545272 0.317362583503795 0.18893916530362
-0.0114754253931701 0.00484333843712267 -0.229666627268292 0.446637171665454
0.000222250620389122 -0.00276838055044307 -0.637039411500741 -0.0319847436589361
-0.0298106187995801 -0.0263211131692132 -0.323069381986894 -0.434867660123401
-0.0278901581400979 -0.0322686675163939 -0.0612537945520788 -0.262840900496755
-0.0161131855528257 -0.0203161833754855 0.00347704564072928 0.0061823975221511
-0.0293288768615862 0.00510144618205796 0.240515412894257 0.138986163895607
-0.0114489749975533 0.0244313709481196 0.500477853622232 -0.202964181204797
0.00569532152992961 0.0117558638280318 0.0164813359485944 -0.581240482869412
0.0235164173660142 0.0167460750601238 -0.506406529665721 -0.143685287539767
-0.0496731519110006 -0.015169655963357 -0.249438725816876 0.325400594465434
0.0769034095879176 0.0114400127267494 0.0785002121950231 0.222995981694057
-0.0236585979149848 0.0369624777284686 0.223945477278357 0.00458466885519551
-0.0223303966509742 0.0569419043710908 -0.124096242422895 -0.0482711874328121
0.0646545610896429 0.00454690586118625 0.0877022135668153 -0.241103113442293
-0.0461053644949048 0.00658159345406026 0.368195336415904 0.0232881478322974
-0.000441980194193045 0.00876397620043941 0.0424934186462897 0.487972458878498
-0.00651847543965425 -0.00546851216470415 -0.56298070696326 0.272312030614554
-0.0476901292084532 -0.0167839879230739 -0.47041193996447 -0.265765423725072
-0.0411424769255955 -0.0320916701421202 -0.124589104917091 -0.249841413592596
-0.0227908498305254 -0.0262178933714287 0.000257100998999698 -0.00553217163655416
-0.043541494862952 -0.00583968997348431 0.186058790561533 0.18314121531096
-0.0337583730372468 0.0196438341426829 0.528835535597002 -0.000615062322820328
0.0011901549524177 0.013040967844143 0.298521708549723 -0.529202144194605
0.0118802559724098 0.0242986946585056 -0.368721676693062 -0.35605450949649
-0.0317092866034373 -0.0312784757725284 -0.368773668924972 0.184581854562181
0.0668254240744326 0.048472228459375 0.022292671134632 0.236806770034023
-0.0414265475657138 0.0306869488787002 0.19646495211387 0.0537927487832958
-0.0273194390558919 0.0459248178655713 -0.157312656736174 -0.0135978212815374
0.0649831984846533 -0.00134329408764171 0.0203899918292355 -0.270997533602395
-0.0459794679879549 0.0282561881590171 0.331944857857116 -0.147096360030615
0.0102963485480572 0.0034810579055903 0.312482819731821 0.375277385706847
-0.0113274419881277 -0.00371871814553718 -0.338719521425633 0.507393877870971
-0.0527454318573323 0.00283431818696738 -0.538753289974578 -0.0368567499704405
-0.048968372751623 -0.0221961534731035 -0.192698627714073 -0.216066837114566
-0.0273676958427916 -0.0259153790299004 -0.0049057057733338 -0.0169417586103641
-0.0482579786512766 -0.0169750755224553 0.122484803991972 0.21856882361285
-0.0473888825151339 0.00303585277603508 0.471174561112455 0.224141038687408
-0.00709705443367946 0.00702018280646053 0.545562794610515 -0.314184461977069
0.000512240645761384 0.0243129145214925 -0.113632809891483 -0.492526248236055
-0.0103286609713838 -0.0228175720083466 -0.39730118490738 -0.0250485461938562
0.0309300555220515 0.0666823758605938 -0.0507112654258532 0.24259527560697
-0.0488959813822502 0.0145377452739416 0.15272498060577 0.0982114727952504
-0.0298090872227209 0.0315586914892243 -0.18450225515717 0.0191928714858316
0.0557083665985602 8.69959720318086E-05 -0.0489775427607397 -0.271319552310221
-0.0316770461191504 0.033928549625814 0.229064238962313 -0.267190378736019
0.0139507134825234 -0.00412486764276405 0.470149493671747 0.161458582548924
-0.0133126450733442 -0.00118857002554085 -0.0559077157698502 0.585379861038081
-0.0439870370462644 0.0176621555934027 -0.50786476348536 0.181460409253686
-0.0445801699669478 -0.00939834275963785 -0.250463196812208 -0.16610308183006
-0.0254516128638609 -0.0206341583799297 -0.0112002122402827 -0.026234005633126
-0.0446027519220287 -0.0231053137480408 0.0613145312719459 0.235123023050776
-0.0477891555567832 -0.0120767949886278 0.329076024541437 0.397334757482022
-0.00981832155364942 -0.00352004367258514 0.638344553228561 -0.00943908288455923
-0.00407121405163999 0.01976968167534 0.171125692644911 -0.475424641909356
-0.00142464381623639 -0.00479460421645208 -0.322791085034735 -0.21891228720293
-0.00427306625045968 0.0564232022080136 -0.12834801491414 0.222692054919622
-0.0417416936753635 -0.00614333661819717 0.0974267454488906 0.128161709163097
-0.0264235519669598 0.0121157082188996 -0.202936826368717 0.0423125489869762
0.0388905928447131 0.0073219680411526 -0.0977656248517276 -0.250247444514779
-0.0119401472918428 0.020713819177879 0.113375236154032 -0.322561256220644
0.0100812004609324 -0.00629705636041749 0.507057909404394 -0.0318908617991843
-0.012193003767975 -0.00254506217293524 0.159530948720568 0.54710888112174
-0.0283760313853674 0.0197166696751813 -0.425084531485554 0.327683694049626
-0.0310765417859204 -0.00083594580725966 -0.287697851852092 -0.119163772950874
-0.0190267820112005 -0.0103118854644135 -0.0178692820735978 -0.033221824633858
-0.037545935888654 -0.0182939889203808 0.0152819961889533 0.238367748818167
-0.0403350996591667 -0.0154492001578713 0.181320161792678 0.488534008394704
-0.00640498137413546 -0.0122218870162457 0.595777224282455 0.246346298970981
-0.00191095682373083 0.0186387781426498 0.374548145979638 -0.359028336482797
-0.00590887937740203 0.0095224832281559 -0.208006603964825 -0.334926126129653
-0.0258897955265854 0.0316464078466419 -0.185696846883466 0.18057746014706
-0.024460674020157 -0.0270431791060262 0.0510222456620102 0.143703611871774
-0.0201666370598749 -0.00863954788450815 -0.219454205309191 0.0528745365114993
0.014789017845781 0.0144080848924882 -0.118416261760839 -0.224638387470207
0.00802073285127447 0.000897409871592637 0.0365252505686445 -0.339912635441043
0.000927527974044216 -0.00355817226126886 0.500087831654226 -0.133493091657634
-0.0120661726014009 -0.00374352662566267 0.265943427121395 0.489658359828549
-0.0156636883520952 0.0105699821759494 -0.363827539041532 0.400799740122192
-0.0109055593567989 0.00350369959588638 -0.304659518552176 -0.0882810088747544
-0.0118613786142647 0.00328639861274309 -0.0239911211237152 -0.036851094244188
-0.0296792885089509 -0.00482147988787404 -0.00991510927968444 0.23353528376432
-0.0320244635985939 -0.00507862447603165 0.0857055130398958 0.514564062482337
-1.18647146224553E-05 -0.0149751473705496 0.521364660491177 0.378713686159662
0.00166123671939344 0.0181334976397262 0.46785566857716 -0.255912349889738
-0.0140035586779631 0.017797055881754 -0.133963761487241 -0.380369595707143
-0.0340513577073305 0.00718357247130471 -0.214116633379004 0.143827253829659
-0.00223064738811661 -0.0446867884249452 0.0220564486137131 0.14763859536566
-0.00996448913855263 -0.0279239680431427 -0.22802172501207 0.0466159906542604
-0.0167447874763409 0.0171458640290544 -0.115433326401921 -0.206262757225995
0.0287140926308376 -0.0127532100948059 0.0235963910599773 -0.352987550630096
-0.0122532180739151 -0.00117971544783112 0.501316578863903 -0.13485107430246
-0.0115905541093836 -0.00416657890612782 0.27450733723003 0.479617203766481
-0.003681535071036 -0.00236151353712426 -0.357379596589955 0.407094264741999
0.00962049283533823 0.00488947205930244 -0.308388592712497 -0.0841176109590595
-0.00329395671788345 0.0166688103541842 -0.0256184427218249 -0.0357861145760497
-0.021064090392294 0.0124384459698641 -0.0131006376049041 0.23357957807095
-0.0226719312909553 0.0135194885862391 0.0784834241787039 0.514761924722969
0.00240568809614059 -0.01208534279196 0.511045710123539 0.385048650096659
0.00791604384060822 0.0132103408322281 0.485371760030231 -0.24314998895506
-0.0171611316937631 0.0260128086729379 -0.136111104499215 -0.376599176229667
-0.0374756614827308 -0.0046630832674667 -0.217774034386782 0.129124690437172
0.0186870225650977 -0.0581475063678622 0.0175776706469151 0.144908170286358
0.000895551698599156 0.0616894429161771 -0.0661546980316258 -0.0986179262396232
0.0430879625656209 0.0200120767798577 0.163930436075811 -0.16143332702547
-0.0076907787036848 -0.0183273845134968 0.239137090479935 0.301710738089006
-0.0150029991292762 -0.0100127473975079 -0.391730648715109 0.347573834328926
0.00194807216239344 0.00208402157907169 -0.600030254454989 -0.251802425813631
-0.0133924944875973 -0.0188927686976101 -0.190565668262042 -0.514912000874002
-0.0169956134722218 -0.0208809192866288 -0.0208340014269995 -0.262175555320991
-0.00623285210833774 -0.0100594505111628 0.00927988855279731 0.0156304569081879
-0.0120111797313735 0.00984880502689882 0.278707993861599 0.0911523230688655
0.00840000181839648 0.015258058335954 0.422398385008739 -0.359807504438126
0.00776182588623282 0.0111855740559675 -0.207344558006041 -0.539820363175931
0.0258753889197615 0.00296930565256756 -0.5364054622633 0.0643123470794767
-0.046765021799708 0.0107248417879091 -0.104590767220315 0.384532560275267
0.057691733686291 -0.0217925296514769 0.128529382031706 0.214860662105911
-0.00570070086966275 0.031754329696184 0.234149177405022 -0.0427938898920978
-0.0115114108200134 0.0613503499538817 -0.0921588241614858 -0.0776378048453907
0.0552658098383437 0.0125701596180083 0.135734146078693 -0.202427380708916
-0.0292411675246419 -0.0129733961034464 0.326924776430104 0.183472471260327
-0.0120241593821882 0.00452061279621316 -0.217303020345208 0.46517528891814
-0.00068746523612058 -0.00461885581143585 -0.644513169162565 -0.00818713742951235
-0.0310466042838775 -0.0250592267631503 -0.342669190350684 -0.427871710404288
-0.0277241432797891 -0.0301407530489973 -0.0703422856045798 -0.262128351217928
-0.0161487638114027 -0.0211460283780904 0.00438156363735142 0.00571968964094282
-0.0289948923471124 0.00592932416702456 0.246014555741676 0.132366862916404
-0.0101594029162151 0.0258783958441975 0.497727130112963 -0.224633950786687
0.00692404364475446 0.0116215771236293 -0.00686962095852875 -0.590613078470904
0.0254562695437269 0.0150915439174605 -0.515875472917942 -0.124538156114474
-0.0512990822557283 -0.0118598107265404 -0.2353862015752 0.341920151554802
0.0780336227554676 0.0107281264320328 0.0886082236169493 0.224000388046768
-0.0255155770981549 0.0366275076715706 0.22702941277636 -0.00184356560729499
-0.0211608235735111 0.0562458284086633 -0.125709465168808 -0.0458661472187725
0.0645285095632323 0.00286905648270805 0.0808892110354377 -0.249369317287146
-0.0450512426927078 0.00866882576684607 0.371663281676891 0.0105776588494352
0.000727126672823722 0.00865167151065579 0.0605597060746049 0.493958299198766
-0.00863440511265253 -0.007591351081562 -0.560151807516713 0.299673904748107
-0.0487116252942276 -0.0151878950282866 -0.488540993191722 -0.251302456419363
-0.0412986795777884 -0.0292230221394599 -0.134256338928257 -0.248081728616479
-0.0244873321214142 -0.0264203160404649 0.0010648430626822 -0.0051720605143309
-0.0440159380828504 -0.00340532447853928 0.193041650766146 0.178907759199481
-0.0318793453269174 0.0215574480395652 0.533567874572716 -0.0198548024227527
0.00273651204203396 0.0136943271162589 0.282392836680747 -0.548761637933764
0.0151965520557051 0.023318251995471 -0.386141036926516 -0.345510352232862
-0.0330768016926839 -0.0289655322874786 -0.365088362299184 0.205502576322568
0.0696896864696581 0.0486851308721082 0.0315899839786962 0.241678175645584
-0.0425255763663786 0.0295763158472167 0.20157055864285 0.0475003591536831
-0.0266730066636383 0.0451367279307713 -0.157342221090699 -0.00941846446502241
0.0650845558647511 -0.00336965436338692 0.0104660544543838 -0.276941763534132
-0.0433340023324873 0.0306653500079899 0.328400892135057 -0.162177732846499
0.0106810716888021 0.00126386319229972 0.330488985594759 0.370409163978904
-0.0131310203217438 -0.00533776045525417 -0.32419437333896 0.527141424699959
-0.0540812659957914 0.00498995502477756 -0.548803763015705 -0.0178969025714655
-0.050047464012499 -0.0204585953099886 -0.202259122824401 -0.210871967657836
-0.0262237106334964 -0.0277216975169624 -0.00439553887910043 -0.0165354783222725
-0.0493688991541774 -0.0151599399084784 0.131548371065547 0.21790986599258
-0.0460109771328423 0.00678962853684597 0.48156820107025 0.21157645108707
-0.0058263924364373 0.00808895854514504 0.541299136734133 -0.340482999167096
0.0031836430320499 0.0240288400849755 -0.13257581513826 -0.49264932628173
-0.0109090081609719 -0.0248567214346774 -0.402242816942308 -0.00853771319730448
0.035373041313424 0.0674938773663396 -0.0415547565816303 0.250456715613214
-0.0494926404735588 0.014536111648191 0.158757600303211 0.0952340537940895
-0.0270709651298063 0.029361656584965 -0.183743111430033 0.025560858804829
0.0558977660699429 -0.0015175490131745 -0.0596127194910224 -0.273440922550002
-0.028766963526181 0.0376280878247157 0.216972603984051 -0.280870972563832
0.0149671566207054 -0.0056002613645225 0.482519436123447 0.145100804660016
-0.0141424301404545 -0.00172670789640799 -0.0345021636819517 0.595131528522991
-0.0430749452611331 0.0196007505799895 -0.507967315981191 0.204492786783836
-0.0464514935992274 -0.00760946950060155 -0.25778102051898 -0.15959726783298
-0.0263810607207866 -0.0210539209616129 -0.0104914882436327 -0.0267358298606432
-0.0463779880876855 -0.0199419406395257 0.0699213450257779 0.237823312085638
-0.0490080930121987 -0.0083694279882679 0.345946815864325 0.392148646123449
-0.0103551778310814 -0.00312213584254419 0.647478727610877 -0.0337372771950779
-0.0014292424167813 0.0209319688463214 0.155414832385705 -0.487925429061005
-0.000360252995899521 -0.00532724681062611 -0.335113626953123 -0.209906261508712
-0.00368561209504204 0.0595862947854067 -0.122366406344097 0.23393802776139
-0.0436886389602445 -0.00907369398483707 0.103657243024216 0.129518722643849
-0.0256369652155818 0.0114203144303835 -0.204948085298318 0.0516679551647089
0.0396266981792434 0.00710600406702791 -0.109611105674513 -0.249994343633213
-0.00948437556201055 0.0233677155667394 0.0977872882682264 -0.332099936434287
0.0126433232641543 -0.00769932471624149 0.510988662110515 -0.0535095851151579
-0.0119912354909269 -0.00407258433661694 0.182492031669766 0.547214940231737
-0.0272357127881437 0.0203536874089154 -0.419592355725605 0.353104077464356
-0.0308452240788651 -4.40101012449783E-05 -0.295637605052464 -0.109244333465403
-0.0188619091857828 -0.0104460360185029 -0.0177868174350928 -0.0328447979588319
-0.0383947998004246 -0.0164364231972757 0.0228364813245497 0.241046889928104
-0.040542470101827 -0.0124419073075485 0.197839986028982 0.489103375723939
-0.00544707697766402 -0.0133976911379752 0.611893503295687 0.227385054375637
-0.000496279382194166 0.0177234680976205 0.363951635352515 -0.37835924065627
-0.00424894792775786 0.00822634919041519 -0.224048648240684 -0.332749822321561
-0.0256061920841933 0.0329626289587615 -0.181608938367882 0.194131069022219
-0.0251395657354815 -0.0298867882228831 0.0567652647271917 0.146123120500066
-0.0192823985160492 -0.00885382374875477 -0.22033586894538 0.0638067386781332
0.0144132844852952 0.015012874377162 -0.129925088340204 -0.222907216720203
0.0087080203795881 -0.000427615799490437 0.0184920618146619 -0.3473959296348
0.00257823129839427 -0.00387269420157219 0.499857267678856 -0.157357829890557
-0.0112733710171425 -0.00493626599901109 0.288180342389902 0.484373975822179
-0.0141379118697368 0.0110332495697669 -0.354619077244018 0.422187007760873
-0.0119213037810523 0.0022883730735782 -0.313472097217512 -0.0776988059280684
-0.00954671801750268 0.00203816810432705 -0.0239518589017496 -0.0355783050053767
-0.0298553277669107 -0.00345213372834779 -0.00220794000504742 0.237066574022675
-0.0320122810979247 -0.00169687977269084 0.103437545650654 0.516604623218842
0.000619358302562975 -0.0152340181660463 0.53721701467717 0.363636821465575
0.00398939625105703 0.017753643592357 0.463116527545218 -0.27617343966751
-0.0119186245846882 0.0179790963391041 -0.149360067078591 -0.381579292042716
-0.0354359639708179 0.00953286816272051 -0.211889847301377 0.157895670579052
-0.000979856795449463 -0.0485275148039128 0.027216832978767 0.152104187612648
-0.00979615061316935 -0.0284864652450335 -0.230891084780854 0.05811222009061
-0.0186574980321475 0.0176424828398669 -0.126781527092691 -0.203915609094449
0.0290365509032182 -0.0151906617517216 0.00779875650598048 -0.360456940482318
-0.0108212354467851 -0.000737452093716989 0.501466783173654 -0.159193239638428
-0.0102200262971577 -0.00585088743736208 0.295862920723359 0.474841200014889
-0.00369000761485764 -0.00253528821432432 -0.347758651049603 0.43000564819923
0.00801204692042032 0.00267792601586289 -0.314816525834223 -0.0734170308926135
-0.00014223303548076 0.0157874484787229 -0.026348578533596 -0.0339154995606189
-0.0213742754610981 0.0128854211273273 -0.00566706795672702 0.235558717545137
-0.022016130233194 0.0165123000084774 0.0971746452403114 0.519272209530063
0.00405234068782271 -0.012467394441433 0.527337471166557 0.373537135383385
0.0097013401587635 0.0116813451353961 0.482210471254217 -0.263868888815826
-0.0144500428932326 0.0261672781536361 -0.153554843617272 -0.37954075520827
-0.0380693712111039 -0.00514945434769319 -0.21772809245049 0.144650274363887
0.0201667016117251 -0.0612342909715631 0.0229587153751374 0.150159472488703
0.00460940501782274 0.05803693418358 -0.0733781129204588 -0.0938415079841505
0.044493062626697 0.0180719313971863 0.148532361928846 -0.17725326205122
-0.00890992493755136 -0.0168215384801222 0.266327616316093 0.280274038939347
-0.0190340664756023 -0.0075552015577749 -0.357659392471391 0.380329052636549
0.000529674204649472 0.000202721849799161 -0.615393424574698 -0.195785041881879
-0.015976917831767 -0.0158340850293262 -0.234050903835878 -0.489003102900357
-0.0189904947391145 -0.0157693153326062 -0.042452661112324 -0.256846948531964
-0.00747972623582892 -0.0104016757597251 0.0113763662905745 0.0138745591301982
-0.00805186161393749 0.0110188363523367 0.285083655443662 0.0683322274817952
0.0128988512705067 0.0113807089104187 0.383767691120247 -0.394576112405861
0.00745652477559653 0.00403232434682563 -0.25690925629901 -0.516001141707134
0.01840143389381 0.00089694887796083 -0.524850393618951 0.115823251303511
-0.0473193731588192 0.0208694368443578 -0.0649091227360812 0.392297711010651
0.0563131268730784 -0.0245959508137459 0.147597646811444 0.201462230089546
-0.00220277407087576 0.0324377137482316 0.22828823313056 -0.0655139681054654
-0.00929349073173094 0.0594422722510715 -0.097585855248394 -0.0689081574630319
0.0547983805521518 0.00978404442946763 0.116950292644131 -0.215221491449191
-0.0301109038871081 -0.00865512390796486 0.343520531734418 0.154308621850784
-0.0140211686191356 0.00572141895893185 -0.173070243464822 0.482462198549611
-0.00243583829565093 -0.00509224964927354 -0.641192529127438 0.0519501862030316
-0.034537790806064 -0.0191090644210693 -0.375810249353039 -0.39434539987185
-0.0310496050777672 -0.0244751495689018 -0.0893397100830853 -0.253773774798233
-0.0184320318244968 -0.019094201197289 0.00595730103315731 0.00524161087901747
-0.0272058380910059 0.00868792280013011 0.254659173422414 0.111040314002239
-0.00304901104537806 0.0248003102730432 0.471080044953269 -0.270394542347565
0.00904605185935402 0.00297699971048182 -0.059806844367096 -0.589820136584177
0.0194013536610225 0.0101269106222627 -0.521768558080852 -0.0740998294681132
-0.0558484789599546 -0.0037770537652164 -0.199671146015871 0.363001700385563
0.080569938814569 0.00559288215865455 0.109275221317823 0.21473763647662
-0.0232147360400101 0.0372621246261466 0.22546404736598 -0.0228434771094098
-0.0184914984750341 0.0539912375980733 -0.127315373449619 -0.0350499338112671
0.0638818007524889 -0.00246022107852643 0.0583304074835447 -0.255291964036902
-0.0421304298384428 0.0134373251477659 0.370145017071825 -0.0198933271676289
-0.0015222592718857 0.00872777177261388 0.105682177240862 0.487793200069656
-0.011357568489556 -0.00754936230118122 -0.529874948359254 0.34917028882583
-0.0494781425324119 -0.00880448644301503 -0.503108089355595 -0.203233946278161
-0.0433060906889748 -0.0223138401887868 -0.153038607399122 -0.232796880518599
-0.0267829137256955 -0.0242940330346393 0.00093715047923639 -0.00588241238204324
-0.041519655288731 0.000134284962626966 0.206029717542521 0.162030818253156
-0.0247651843800257 0.0264257895159218 0.525304404373901 -0.0647313367143798
0.00758217014565803 0.00433774202969546 0.23060905535908 -0.573391072095783
0.0120443242384468 0.0172580982202254 -0.415268400325959 -0.306315776963872
-0.040799040201183 -0.0245603170531668 -0.341611919757333 0.235253157552803
0.0739836700163529 0.0443583229388313 0.0546433184887047 0.237811414966626
-0.040036582670971 0.0338166216465093 0.204286431028832 0.0294076274154589
-0.0246176816948409 0.0440108594363746 -0.155736693350689 0.00575882492583384
0.0656653642481469 -0.00898904851663508 -0.013214014509189 -0.277650776010816
-0.0383252585532311 0.0338206130021232 0.309918601894571 -0.189189349854527
0.0106726141604233 0.0016536378722757 0.360910300090785 0.337120459111712
-0.0156720084388526 -0.0042004087699872 -0.274756951603436 0.556475966207418
-0.0524297655275122 0.0121664075685592 -0.54293587460109 0.0350468462233232
-0.0502768337307617 -0.0128171789594825 -0.21741466678881 -0.190419681834123
-0.0282978615555422 -0.0262043181202218 -0.00439144824443229 -0.0177780047467277
-0.0492682270363054 -0.00996330686129582 0.14766181496506 0.207298674366097
-0.0409602677112286 0.0137115492733643 0.495712361456239 0.169123244403669
0.00206866147631171 0.00509910337077518 0.505808722830044 -0.386932554347861
0.00517749024297306 0.0165642406763225 -0.174940298460269 -0.477002649876531
-0.0175658737745523 -0.0235667508260694 -0.398256832291219 0.0269135096622574
0.0404773083805193 0.0674729525973426 -0.0180725824511871 0.254950123024931
-0.0496346054834383 0.0188703543963427 0.16658174055612 0.0802826469514459
-0.0269495882279899 0.027890492841252 -0.178363182525975 0.0419057997724603
0.0563013131094198 -0.00695343720219007 -0.0829731581133444 -0.264800767602749
-0.0209342610370399 0.0376753767291457 0.18589547173592 -0.297278120848026
0.0152342922466354 -0.00739372171341956 0.489541221285495 0.0989539546978714
-0.0167282305743689 -0.00282210194675163 0.0191731277304833 0.59524494993214
-0.03983408652598 0.0257560051448239 -0.483465318534725 0.251135974882008
-0.0458149297417596 -0.00165009921034163 -0.267760577141852 -0.134084647532832
-0.0261636949163572 -0.0201732905070872 -0.0114213810060021 -0.0267575107984735
-0.0470610134343551 -0.014847583901634 0.0872232857252853 0.231985063995202
-0.0442292468900711 0.000500035379974498 0.375805257830676 0.362398872038347
-0.0038954078164115 -0.00172796716212443 0.639658186342397 -0.0948022434447272
0.00424240946960211 0.0143969490081995 0.112774648949861 -0.497410824042826
-0.00335554413199893 -0.00836286637958509 -0.35076545506202 -0.179797996144359
0.00237287845351534 0.061481563753552 -0.0996252642520509 0.245564590057941
-0.0461887578749926 -0.00496322831446902 0.114952002357794 0.119422798836125
-0.0260909672178025 0.0098441080517182 -0.19623385982231 0.0704484800185609
0.0413258214427224 0.00185989975073741 -0.129582989251921 -0.237294441093106
-0.0037951415286045 0.0240960625844256 0.0614026822467166 -0.338274671414014
0.0130970872046065 -0.00852787675774552 0.498466694382825 -0.0997136732884796
-0.0139244578182069 -0.0049764901554019 0.230953640683782 0.525529808510617
-0.0242736205790743 0.0234586482432509 -0.380991303228914 0.388057872510061
-0.0311441217938434 0.00495011414288361 -0.300716297459264 -0.0804860571412359
-0.0180902881938388 -0.0123696431402167 -0.01858036442844 -0.0316242810026881
-0.0389127498011707 -0.0118759460337284 0.0417799993266275 0.239149098597387
-0.039402302740784 -0.00274053878817574 0.236039473882086 0.471644620360243
-0.0025275698875425 -0.0087036241665349 0.625054918625333 0.170752860331265
0.00794157352087957 0.0143023155151625 0.331211210196591 -0.407890838826489
-0.00368412113324372 0.00327709619264313 -0.25084582071019 -0.313680197634984
-0.0244623843229055 0.0363038128782612 -0.161004075935905 0.210921461486921
-0.0286544379126357 -0.0286018297159708 0.0696286060689971 0.141415993890717
-0.0204643173979617 -0.0105440281303567 -0.21078143536348 0.0827126379462954
0.0162818656405867 0.0137897292231925 -0.149011179238591 -0.207034925287506
0.0115369895798587 -0.000406425709774321 -0.0196663436112363 -0.346334860712847
0.00335385702705146 -0.00428954932234979 0.475916713547046 -0.204470016640974
-0.0119702438806366 -0.00616440201068114 0.328319185870181 0.452272799516484
-0.0128055648808213 0.0130142404877834 -0.310419317534457 0.449415944413319
-0.0118374408142549 0.00440951036383323 -0.315301471365382 -0.0486180722116886
-0.00776721420799925 0.000393914386580142 -0.0237474929982328 -0.0336272224703613
-0.029522986659263 0.000358121964440892 0.0168275611979607 0.236862179677829
-0.0293425660206127 0.00686183682578374 0.143860218538395 0.50669056735454
0.00370826270351329 -0.0109161533755532 0.566222968365244 0.314134174162007
0.0121044207718282 0.0147036165526983 0.436721543814535 -0.312844160732811
-0.010879077162344 0.0122621142399935 -0.182744919229124 -0.367286279553797
-0.0361158558442275 0.0131158309184884 -0.196340679292888 0.17714327833229
-0.00598101409710083 -0.048868465171908 0.0421438384140857 0.15181910130697
-0.0101434456535863 -0.0288064488007003 -0.222225051875626 0.0778955879280061
-0.0146962280865025 0.0198383985903186 -0.146011942208005 -0.187795242772372
0.0302456317456666 -0.0168311553987851 -0.0304897566473019 -0.357203930884707
-0.00786804445356883 6.37655293664711E-05 0.480402917036664 -0.206621177308971
-0.00949637277502095 -0.00493398408046537 0.338463233478295 0.441878821195111
-0.00183561558712754 -0.00413256692766933 -0.302460709305654 0.456808411600284
0.00659208992227506 0.00244947857781207 -0.317259086425926 -0.0445289750971013
0.00354460593288463 0.0149424814878427 -0.0268905721303643 -0.0321150840710258
-0.0199131374591625 0.0158588611426682 0.0113198416040393 0.236314408533195
-0.0185342155881019 0.0244930639175476 0.136500730692942 0.506516887670296
0.00658165915984339 -0.00737856881389157 0.554579453440644 0.322118744869554
0.0177895281993756 0.00843250381789032 0.455238675703286 -0.304284456492462
-0.0123240855614317 0.0205477292107409 -0.185005035760274 -0.365462829920166
-0.0425236699766845 -0.00193289883986683 -0.201850975394198 0.165444254414854
0.0153705979053847 -0.0652461678211718 0.0358537909227354 0.149099237764869
0.00429432846233783 0.0567421276146289 -0.0738726796616744 -0.0907559728117394
0.0428697192445064 0.0181691418910074 0.143198675479416 -0.182094682702688
-0.0113135873089195 -0.0179846205026663 0.276423431629658 0.271985541038686
-0.0208533046145171 -0.00807081754747581 -0.345490518514486 0.393349408724767
0.000437297321935232 -0.000192125321758774 -0.61743361578046 -0.179138850769678
-0.0156886386341314 -0.0121002213938748 -0.244030972097672 -0.482584978882259
-0.0167788525653272 -0.0158045980536684 -0.0464995498791835 -0.254260464621289
-0.00847290706570179 -0.00987102543469264 0.0105278410920865 0.0124273878719371
-0.00642196568629757 0.011069280864713 0.282249726967574 0.0604794936181654
0.01379420184349 0.0112005230182992 0.367980892432611 -0.402917307609038
0.0086080578292098 0.00286648503820323 -0.26824268003554 -0.506195427673407
0.01879701352193 -0.00101267086658227 -0.517200071040188 0.13073351409625
-0.0442259740196843 0.022567309211047 -0.0484043721854843 0.393993802269099
0.0566407126963929 -0.0257733819367379 0.155883039098492 0.195447540443417
-0.00321118576168489 0.0320938281328684 0.225303066105916 -0.0699180981674826
-0.0101944319984347 0.0570948364987785 -0.0966994606348012 -0.0665325949945979
0.0537273024945151 0.00891574669630168 0.110479970304796 -0.219550721046311
-0.0307203397217848 -0.00829340463283551 0.349014749652443 0.14347551186909
-0.0147889201734349 0.00748417970361836 -0.158865536042691 0.487478638307695
-0.00523879534534628 -0.00598406536139088 -0.633122362321026 0.0697009134990926
-0.0331580021291506 -0.0165833177912166 -0.384325096526888 -0.379619855046773
-0.0296438761327915 -0.0232285967752702 -0.09570080085081 -0.248809120718886
-0.0181926972236168 -0.0196184904200842 0.00546072844314895 0.00359960534554092
-0.0248038916368312 0.00903703700532553 0.254140286502628 0.105294313012642
-0.001513600987291 0.0261087188631197 0.456563688846947 -0.277520247028383
0.010292815555112 0.00239299759936419 -0.0759592440799016 -0.583440998678446
0.0191503888673738 0.00830996215714059 -0.520700076963462 -0.0573762644749957
-0.0541727780593057 -0.0011918331753692 -0.184002114590843 0.367154103379514
0.0810594621645247 0.0033521283108754 0.116304281335119 0.211253776973566
-0.0221646804941175 0.0403201362560234 0.223293389596001 -0.0274048731177696
-0.0188116834790368 0.0527559323858875 -0.126320250710415 -0.0308243797961287
0.0630593363619655 -0.00325506580726427 0.0513453498055365 -0.257492089494148
-0.0406290586731415 0.0135977039264269 0.370653346811799 -0.0317908925854302
-0.00150854312878845 0.0103163672284898 0.120516171380719 0.483694185911334
-0.0132183207252596 -0.00839187650941669 -0.515742049031009 0.364730987038056
-0.048785488521083 -0.0049857686487362 -0.504493233958869 -0.188637305322021
-0.0414041131748736 -0.0222364424360909 -0.155871973052765 -0.228185966004153
-0.0261848591227697 -0.0250940135304826 0.000709038775415442 -0.00833946036431222
-0.0409870896691435 0.00158580468205122 0.207421353830599 0.15795042988072
-0.0231692938849036 0.027435192302611 0.517682293728789 -0.0768057364259167
0.00702175516219678 0.00414312622819991 0.212969059831521 -0.57805524532792
0.0140678811311478 0.0154274212523846 -0.419131421852523 -0.292792484701054
-0.0404772574650755 -0.0234707389505004 -0.328673060875436 0.245649832754892
0.0767532639767262 0.0420603938704609 0.0620726329649905 0.236315166262825
-0.0406516884983785 0.0361272011350215 0.204360925357459 0.025742679461535
-0.0266108481560632 0.042069384109922 -0.153850498277032 0.00981365114296251
0.0660620813419307 -0.0105154809619232 -0.0211294575677037 -0.27562724625989
-0.0351726489615559 0.0350120721401176 0.302145740520522 -0.198086219696857
0.00992185884183198 0.00197003092462544 0.369992812230885 0.325996698341813
-0.0175446493454742 -0.00442976155420306 -0.255956261154571 0.562593084983083
-0.0507171711781831 0.0150956746006966 -0.538008374043722 0.0512206502812037
-0.0489444540876227 -0.011283406046439 -0.218865488633647 -0.182940770877662
-0.029643034932955 -0.0263579530065231 -0.00380319387319489 -0.0193723264814645
-0.0488322352282288 -0.00784991420089256 0.150434502951606 0.203467902298739
-0.0394459238212003 0.0148428937873153 0.493266319070296 0.159048130913262
0.00108629993577485 0.00397330672968932 0.489642378845486 -0.40097506978659
0.006832494393085 0.0149504902539395 -0.186354495184038 -0.470256121197442
-0.0170983070636244 -0.0229640273122323 -0.395110942847323 0.039188836549844
0.0445626361569892 0.0668491452923123 -0.00949908489083211 0.256140914963448
-0.0500185407455833 0.0200279393341377 0.166987825907326 0.0773188501265395
-0.0283724822848374 0.0266335524856271 -0.175502976868809 0.0481762718313646
0.05838022476604 -0.00897713100891077 -0.0904454378112877 -0.261963268914866
-0.0180840973963038 0.0368252642052834 0.174932032391544 -0.299547656531833
0.0134929254582232 -0.00714680804909773 0.489569441330018 0.0841637822666844
-0.0183747538509561 -0.00240781102741338 0.0388119641836039 0.593711305369698
-0.0392707515222648 0.0270185904760271 -0.472278033541107 0.265160739534918
-0.0447118411594973 -0.000158921206498722 -0.268408043199602 -0.125833302613716
-0.0263429620438363 -0.02153423028826 -0.0104549847148916 -0.0275303110550995
-0.0463157405815911 -0.0122870010822947 0.0936042746083999 0.229181064149556
-0.0430335899962755 0.00245508273511121 0.381895849359495 0.354535383505193
-0.0044064998474656 -0.00249446308063674 0.631274298850868 -0.10958291070753
0.00581793699879579 0.0127186988807658 0.102360500111725 -0.498051342356989
-0.00408780087841264 -0.00968559096947198 -0.353587441148272 -0.169292220836901
0.00470067342044635 0.0623978707961185 -0.090297961789129 0.250116653888085
-0.0467042654071688 -0.0030712668928425 0.118406402428399 0.118093080229988
-0.0263653438932502 0.00718875668924585 -0.192163328420826 0.0756960697421821
0.0421498405132051 0.00202082430656453 -0.136103396585541 -0.229611968844252
-0.00177462213829755 0.022080403093708 0.0485530156682329 -0.336186677969249
0.0121305396207254 -0.00932080990067646 0.493312085914321 -0.115818961376107
-0.014752980211544 -0.00487485785907476 0.24188248988881 0.519551349978171
-0.0234268803343958 0.025086647770355 -0.366486531609852 0.399034460635593
-0.0315455501957582 0.0055869517993614 -0.29890467357039 -0.0727343723896976
-0.0186152602988927 -0.0132245030397811 -0.0165053107668104 -0.0323910340806213
-0.0374636533847497 -0.0095547775409296 0.0475455837863053 0.23695779631683
-0.0372646303618257 -0.000322877156469435 0.245936730807081 0.464367082910596
-0.000851594088806591 -0.00925974354279416 0.621323119211477 0.154623856968259
0.0093802682495659 0.0132080511005472 0.320608005522937 -0.412921541840146
-0.00374569187207291 0.00284942305749211 -0.259629466296909 -0.306332328362268
-0.0218339593741715 0.0393102336233165 -0.153387484752504 0.217576557670571
-0.0312917256742065 -0.0282201095383535 0.0739020213083476 0.141433214057415
-0.020371131824164 -0.0120180410480587 -0.206485681853154 0.0886837594961598
0.0175384436444623 0.0147106505828057 -0.154162138190911 -0.199301645275825
0.0126076635095882 -0.00210051886913638 -0.0345875317257603 -0.34188453452141
0.00441645466160486 -0.00593458978811968 0.466740333544546 -0.219179135579834
-0.0122277626234728 -0.0058996497945466 0.337349129703347 0.441067262962926
-0.0128609239330371 0.0137738834085497 -0.295576146867168 0.459127393072479
-0.0128087786157271 0.00550299281719362 -0.312833999489347 -0.0390968804279236
-0.00753851205140033 -0.000691370966026792 -0.0219853949406923 -0.0338273233914886
-0.0287330989079208 0.00202271921164346 0.0213527423493543 0.235200714137605
-0.0281290029579227 0.0093835782426458 0.154771644680183 0.499934916387836
0.00361081230083212 -0.010037379963003 0.567013180430107 0.299275509346217
0.0141439061920313 0.0135631838128627 0.427699445265259 -0.322720661128584
-0.0104366703843169 0.0117450958065062 -0.191600538470998 -0.364270587889223
-0.0361985132266789 0.0158988500563953 -0.188466811406623 0.185594619477731
-0.00905483092697641 -0.0502350917059571 0.0463992141040559 0.151279882567314
-0.0116534991953293 -0.030545609772566 -0.217998971061718 0.0857489583703755
-0.016042538990358 0.0229107615177772 -0.150249343638422 -0.180882512331239
0.0303768590299254 -0.0184791285305403 -0.0467144763095323 -0.353822936925231
-0.00782721923187948 -0.00190231628828455 0.468022726236529 -0.221181044720598
-0.0113192689585411 -0.00684238026970286 0.345142413753496 0.429702098462772
-0.00364354482700682 -0.00286029743505194 -0.287938728045893 0.464874022759644
0.00584529858151162 0.00217413187782107 -0.316361711010739 -0.0345190656011785
0.00417441493772059 0.0117558420003946 -0.0246287058831249 -0.030640253094442
-0.0184576485275224 0.0176171648388097 0.0178602741089612 0.233766943157419
-0.0174132957816067 0.0254808721938956 0.145844931113122 0.501428726123113
0.006618271742186 -0.00890016159478254 0.555412974244907 0.30718769213815
0.0185353375501991 0.00814350256590136 0.446113036094516 -0.313597657101157
-0.0114949236097388 0.0212613263125004 -0.194538288410535 -0.359451188412012
-0.0434886454478445 0.00099945551402851 -0.194921508246737 0.173726824119629
0.012397931177089 -0.0666960942054197 0.0408662137769087 0.150508128156795
-0.00146145990109622 0.0557574873127851 -0.06545579621123 -0.097035655311529
0.0424705244984298 0.022419230581527 0.154621109845423 -0.17358257635982
-0.0128835427467142 -0.0173354495600155 0.260915294910496 0.28783341392422
-0.0229476294529395 -0.0093095981691437 -0.369605833698226 0.372501639476363
0.00159521333863381 -0.00132587899037561 -0.602072130012985 -0.216835951788832
-0.0111885798374764 -0.0117031224030614 -0.210006205791688 -0.495225615329773
-0.0133743159473382 -0.0140746329367741 -0.0279585383647627 -0.255114062037301
-0.00735652524272011 -0.0113871694716337 0.00804930338555457 0.0126904955840673
-0.00700383065720385 0.00901399458229135 0.27532078507727 0.0805054387146104
0.0143347808667189 0.0103818897847651 0.391272291356005 -0.378087039014512
0.00486241980619892 0.000577762894251353 -0.234572947611439 -0.521334236883548
0.0158602500628037 0.000280766308356028 -0.526448767134871 0.100032679998457
-0.0450917108695212 0.021288905149609 -0.0706616267458193 0.39039152531901
0.0587278775990174 -0.0233711705500927 0.143890459462702 0.2056378885894
-0.00583122192341494 0.0330642194351764 0.228253981619998 -0.054711388154053
-0.0167026181742274 0.0545501578994276 -0.0888851702063568 -0.0737988151797681
0.0550035871779126 0.0139410153939698 0.12299773958913 -0.212253916926162
-0.031558027037103 -0.00838001984388894 0.341227666147784 0.163487710371867
-0.0177075403187462 0.00571408824370935 -0.189389150345016 0.478760533613676
-0.00391329404285863 -0.00906761627216728 -0.633274802688362 0.0298295482266818
-0.0275443915894251 -0.0171489869623261 -0.354695320099283 -0.403778087690773
-0.024206281496217 -0.0236608116705726 -0.0751318245778248 -0.25436253163904
-0.0168934088139997 -0.0211583854276152 0.00439440812537 0.00391334892159771
-0.0262460171496868 0.00566353569031875 0.245030116134738 0.122968626497397
-0.00180636617484441 0.0250850139508064 0.474385034490122 -0.244622929445733
0.00694634375459497 -0.00151451544404377 -0.038546209004958 -0.590976664324107
0.0169258377605652 0.00929547634763952 -0.517435198478856 -0.0904398298155866
-0.0542721957318484 -0.00421016342736013 -0.206112285230529 0.357248274738023
0.0826232022563047 0.00615520073084847 0.10313922903395 0.219853815366556
-0.0254161026280327 0.0395930839183214 0.224145664871987 -0.0114623082819736
-0.0262739869561479 0.0506118986341749 -0.12109382676373 -0.0395775860034291
0.0663819937618538 0.00131361289846731 0.0679611258543637 -0.254139545802534
-0.042262901292423 0.0129239213214368 0.372583333188761 -0.0098254288562084
-0.00384183149545659 0.0112973842268228 0.090454233764158 0.49205149215322
-0.0147396235259916 -0.0110689870326941 -0.535831625774314 0.332746161987456
-0.0443108112998032 -0.00740843022149957 -0.487187449453672 -0.218630627566059
-0.0377699454322134 -0.0232271884563293 -0.137793001819453 -0.23727718020372
-0.0248919407612038 -0.0275675304524167 0.000897507492735669 -0.00836031940551619
-0.0403605838059617 -0.00185693699470679 0.195717656950968 0.172980947757134
-0.0221907748382341 0.0255554031645927 0.520699286241763 -0.0391457239018402
0.00681936310107033 2.04428150671516E-05 0.249352049131822 -0.564533775309665
0.0102583991172527 0.0147226895841921 -0.399881461947274 -0.318831304476986
-0.0396174897228625 -0.0252756215586408 -0.343587257132142 0.225795057040693
0.076586503415828 0.0443693410973914 0.0470123255493717 0.243278010490975
-0.0431857505870883 0.0339137769560312 0.201452002108733 0.0404949643557073
-0.0318678638670547 0.0384577300976694 -0.15195224875586 -0.000271536848231133
0.0688541207591592 -0.00750426262059883 -0.00218869715268784 -0.275810394171964
-0.0366384922061013 0.0336990101372609 0.316485234407059 -0.177680293535159
0.00811399557067478 0.00467626507118073 0.34834162359929 0.349150002590188
-0.0202798057247294 -0.00775753454248185 -0.289976301220325 0.547860908120546
-0.0472827096677999 0.0118674498786514 -0.534672361695543 0.015176573721198
-0.0446780235059341 -0.0144959123158145 -0.202159227132088 -0.198594183606529
-0.0277611803796365 -0.028893624913946 -0.00296966907411514 -0.0203117503644289
-0.0464979034691273 -0.0114584027937207 0.135843507134989 0.215331654903403
-0.0369316527810043 0.0132181064432316 0.480831315382312 0.194460167847304
0.00242491804189312 0.000221899273925507 0.51500967493755 -0.368716670998343
0.00624390927960522 0.0121815103561325 -0.153897704960404 -0.482665181861679
-0.0163870413807802 -0.024226708786463 -0.39586134775965 0.0116404155406649
0.0422318627038284 0.0674269662958793 -0.0261064497265764 0.257473846143706
-0.0531499674168434 0.0184565780937603 0.161085642594191 0.0893283214957196
-0.0325927223891706 0.0222532484358425 -0.174424013165667 0.0371786310899907
0.0611604294231343 -0.00576075706184942 -0.070678934033949 -0.266707884318606
-0.0191778883588009 0.0366447575320019 0.194824153227459 -0.289676591155106
0.0139304301565414 -0.00443159343197096 0.480906707413974 0.115731615503671
-0.0222209980971746 -0.00556619168540856 0.000103185212658387 0.595872467513722
-0.0373125769220325 0.024240152587364 -0.482393539432624 0.235023159137186
-0.0414216308579847 -0.00175943178903512 -0.2552427557872 -0.144017519812009
-0.0253844962621089 -0.0246914205272357 -0.00780846590579018 -0.03002952577024
-0.0435318714504417 -0.0155648343131307 0.0775307010228222 0.236787964099354
-0.0399423905643299 0.00119561639646706 0.356234953116947 0.381259162514219
-0.00073531543179383 -0.00408735440414952 0.638220626979136 -0.0686530245504192
0.00671620362021584 0.0102888166293772 0.136506177190627 -0.493659385705385
-0.00326388062563895 -0.0113841147324288 -0.341410214547352 -0.195243827549801
0.00371615087576176 0.0612295017865686 -0.106508357413852 0.246680062599443
-0.0484611629363115 -0.00406507578302808 0.110666539065883 0.127806431169363
-0.0299142307710254 0.00351623255975287 -0.19434761425804 0.0630764824693389
0.044267883112209 0.00256422487116701 -0.119494186128573 -0.238281844238374
0.000689193295493579 0.0198083047021122 0.0676449477383421 -0.329250360142393
0.0124774206736242 -0.00772350774809817 0.496668262368236 -0.0832663720691973
-0.0196151537452181 -0.00708323556517215 0.208813370490775 0.533706017490663
-0.0226493135537087 0.0228518548705191 -0.388578463062788 0.374362441629655
-0.029508864328687 0.00570386789552666 -0.289573374008581 -0.0924891481816894
-0.0188802143484919 -0.0168850328161064 -0.012503957306278 -0.0357725264313956
-0.0353970072697964 -0.011139498267839 0.0312506149556575 0.240161336355472
-0.0346864428323652 -0.000268037259257079 0.21314767910186 0.482989264119338
0.0023970127773917 -0.00962109052180933 0.611040126531751 0.196960261920482
0.0121071453382035 0.0109263276513368 0.351674748620913 -0.393466994624803
-0.00413736598972116 0.000686569678663323 -0.237854232027574 -0.32697536592659
-0.0228050654412575 0.0381997197410188 -0.167984660375559 0.209280552174188
-0.0311085918312852 -0.0298977506457857 0.0646952900163073 0.150167406886787
-0.0219181053878148 -0.0157261141154471 -0.208320091927291 0.075136221038252
0.0187862102462987 0.0144623675570418 -0.13825017956952 -0.207515136999855
0.01574559928138 -0.00257680114262413 -0.0156082710019872 -0.338180179790374
0.00542213894273191 -0.00448980208420648 0.478210716563436 -0.189434995088628
-0.0151642737696958 -0.00824193500296555 0.310198694882704 0.461582883748017
-0.0117223395497338 0.010814366595124 -0.321919608875189 0.437532269979609
-0.0117360373251425 0.00554819525825723 -0.306307851683516 -0.0604139999500412
-0.00670970328652284 -0.00342167522003748 -0.0174261364036703 -0.0372353498291813
-0.0272344916397758 0.00112997880882483 0.00470113191533402 0.237424497211956
-0.0267072552889226 0.0102823850958876 0.117775235176799 0.51442071326979
0.0086501796930133 -0.0102902751215155 0.543017997157929 0.338042326705713
0.0167657716639096 0.0119339130268744 0.451962429829227 -0.29542994892384
-0.00967736597448363 0.0103090015945547 -0.166778997634887 -0.3822286841232
-0.0359755041721975 0.0139169959436682 -0.200335769179693 0.1745157438922
-0.00738608599360763 -0.0511170623712776 0.0364306865932702 0.157130256266579
-0.0114222325212958 -0.0345087312499154 -0.220903076623851 0.070086388743943
-0.0155307828031898 0.0208420140857929 -0.135906599952908 -0.188810717964536
0.0357676734791626 -0.0168821045985302 -0.0271572258780317 -0.352834133184819
-0.0088469969579512 -0.00160813384741672 0.477530662208595 -0.191114758782152
-0.0120784755665939 -0.00948329796968408 0.315434835589951 0.449759684634056
-0.00305023077603521 -0.00425359587825483 -0.313601914518755 0.443320329095702
0.00646976701302878 0.00447688916534155 -0.308928217904153 -0.0556804071794492
0.00399659188172056 0.0105378649147452 -0.0193669408678182 -0.0338237362643184
-0.0187099768398615 0.0163514264570527 0.000252564642519126 0.235143908966221
-0.0163447257282318 0.0276658181158683 0.109326173030848 0.513612026685245
0.0113194863692168 -0.00848259403422507 0.533698258043486 0.345680340569286
0.0212124299996901 0.00650929828862847 0.467219759785874 -0.283600733042445
-0.0115794242957488 0.0201470714003071 -0.16997375843782 -0.37682384161963
-0.0436141600546472 -0.000652468360064158 -0.2048429273453 0.162831828526668
0.0147121418931249 -0.0679029801447649 0.0313745551685537 0.153888068804233
-0.000543923848661812 0.0541643208621497 -0.066054498213917 -0.0956666586316849
0.0424963657100736 0.0231413873088804 0.145414621349867 -0.175957849714675
-0.0135728437705357 -0.015429239318747 0.263525623515172 0.272929302624013
-0.0217559865218518 -0.00703914045520267 -0.351613909810143 0.376241485109896
0.00204405455051894 -0.00272098640007355 -0.592039088859395 -0.195477646757476
-0.00794627784556793 -0.0121629646052198 -0.219882415284964 -0.479559845659895
-0.010756391080711 -0.014417530583708 -0.0341373419522754 -0.249589583387968
-0.00762461548515964 -0.0118044269401454 0.00572403806716911 0.0131686720801001
-0.00708805693114773 0.00881380802109864 0.270939381607742 0.0720289623570936
0.015901742208402 0.0111412790674684 0.372205707717742 -0.380163795014324
0.00464104202569732 -0.000369676788441773 -0.246623607822465 -0.507053034820123
0.0157749599264858 -0.000972766455142941 -0.512756175442521 0.115458029349162
-0.0429708244412625 0.0214160919867332 -0.0563988172439139 0.383858508917223
0.0573129578623882 -0.0260024715863833 0.146961044288044 0.197480184843716
-0.00645095287687859 0.0343520933753619 0.224907510106689 -0.0591767592773898
-0.017106140631327 0.0541900264510275 -0.0892550391324795 -0.0716171101552319
0.0544456544229671 0.0133182413261549 0.114308436732526 -0.212747537616454
-0.0314921000301773 -0.00666076290186538 0.339113346099211 0.148394769323613
-0.01557807117375 0.00849877607349498 -0.168682773461057 0.475296265278455
-0.00472920268740291 -0.00881374382578264 -0.619269528989119 0.0499933655135616
-0.0252694489165915 -0.0178203742995424 -0.360069327455162 -0.385478114405014
-0.0233886433070722 -0.0249315024038881 -0.0791761511163309 -0.247256239096431
-0.0172560562524276 -0.0196743496757418 0.0024722354504949 0.00387830660914187
-0.0240699327816393 0.00620444350981 0.241695848576056 0.115963922504964
0.00152578387823096 0.0249457460426807 0.458776680804955 -0.25140376590496
0.00608780245230808 -0.000590488341544126 -0.0557779209171535 -0.580713974126139
0.0167975457755527 0.00849437870066104 -0.510974843251635 -0.0721302978895261
-0.0539667352143167 -0.00263233856448601 -0.187689748623724 0.355123668360335
0.0822836513712389 0.00326623581774083 0.108713579743278 0.213166229583678
-0.0241589009255947 0.0404458868621293 0.220242292199039 -0.0181637037399228
-0.0263574041391995 0.0503039607349102 -0.118917451252459 -0.0376002094710488
0.0645755561736904 -0.000636567817629236 0.0576037734395478 -0.255584279683727
-0.0410871443569833 0.0132569899819884 0.36494662682431 -0.0232184208531566
-0.00296865215643245 0.0119785339487276 0.103573010777954 0.480998496259239
-0.0150880943000661 -0.0100539992617677 -0.514520956382218 0.3435113376864
-0.0407435764076433 -0.00678085080555007 -0.48271784547141 -0.201769258668339
-0.035356990469757 -0.023895987243478 -0.141397902322511 -0.229198576278238
-0.026177959931203 -0.0253541787909391 -0.00122436746252183 -0.00887449048084711
-0.0387394781354563 -0.00142152820747575 0.195263484334005 0.165523033660597
-0.018846742348218 0.0244569484859639 0.513893213000321 -0.0495546003706673
0.00563047207687056 0.000957004090646973 0.227726703437556 -0.56376853686718
0.0119720398500464 0.0126357879294299 -0.401555537259777 -0.303371452763337
-0.0410670613183498 -0.0241799276963975 -0.327904243405066 0.230622900730412
0.0780668702724526 0.0394471702604222 0.0559432567567412 0.236785090671324
-0.0417304316466698 0.0348495990494416 0.20002903377423 0.0345414436379199
-0.0319773529823513 0.0395771670248312 -0.1476595581321 0.00297038278071757
0.0672945778535239 -0.0083076910709641 -0.00925479688903554 -0.273527985278636
-0.0338153424097123 0.0330740701211219 0.304503179577006 -0.186164302583151
0.00842750329623141 0.0059254016969503 0.354065637511989 0.333626660488642
-0.0233334493499472 -0.00477307470340524 -0.267561151201085 0.546767995905094
-0.0456883831290509 0.0133493926528092 -0.524176377339033 0.0316770861825163
-0.0430748093162242 -0.0127238216866297 -0.203198390702551 -0.188267121920907
-0.029824821892205 -0.0265449067224619 -0.00468212560998614 -0.019901485627771
-0.0449872836587567 -0.00841870705974736 0.137696204560454 0.207921843886531
-0.0318703266659076 0.0143643184950985 0.480418642545696 0.180235670089225
0.00210378688453918 0.0016653887271712 0.49420379506623 -0.379588935338339
0.00886965470386558 0.0125770978816855 -0.164320098550563 -0.472021382976009
-0.0172538163699692 -0.0245008824208562 -0.389731101015324 0.0236837005300884
0.0446911120273604 0.0635704843612542 -0.0178999025807222 0.253895173378555
-0.0514526539950831 0.0204762890623825 0.162207261989142 0.0855331640368794
-0.0337209428631643 0.0225508858178614 -0.169897659502972 0.0393738531886717
0.058738775707336 -0.0081210864673204 -0.0765135279566134 -0.262611897348865
-0.0159427524683149 0.0365690369018237 0.181666884606422 -0.290202768316726
0.0146333852814039 -0.00397972491159833 0.478092920116758 0.098738116161826
-0.0232492631004442 -0.00333956922301332 0.017025016864711 0.586776848769011
-0.0335484155170755 0.0261012922752893 -0.465319720276267 0.243931304240558
-0.0394446379501891 -0.000779833163845426 -0.252886100893047 -0.135890802831664
-0.0280145993686821 -0.0230714973496901 -0.00873866783733751 -0.0312578653727515
-0.0428249330694589 -0.0136275931930349 0.0824225659959462 0.231454520854274
-0.0370196773723496 0.0035138850371615 0.360140857373355 0.369398379724592
-0.000358710267846767 -0.0029143149492804 0.622201871342935 -0.0840997081068758
0.00881626222138901 0.0083744058545946 0.121177310467707 -0.489589482007705
-0.00303909519502571 -0.011923817712499 -0.341302705735217 -0.184467674477644
0.0068064263723097 0.0589816553655743 -0.0972341972702393 0.246090274632588
-0.0481166491467285 -0.00421999833782686 0.112113591645298 0.125027582735141
-0.0299826492266526 0.00353583634898265 -0.187557065781626 0.0672787221484372
0.043668752017782 0.00110124435597803 -0.121640706903117 -0.233722860803648
0.000714137448168901 0.0193875097258077 0.0561381758648435 -0.324498955539004
0.011638296621811 -0.00700769862776804 0.484587371394224 -0.0973046239158357
-0.0198867865220539 -0.00494355644540851 0.220356230365806 0.518447451589719
-0.020728826733407 0.0242852941449192 -0.368078868497482 0.379602313407151
-0.0274507527957756 0.00547112459027071 -0.285074460258071 -0.0826436779093281
-0.0195199867285661 -0.0151706903645096 -0.0139585354487627 -0.0384794409769886
-0.0347451675946034 -0.00864412526335494 0.0375292270551925 0.234823977333173
-0.0320151322079624 0.00184799120623178 0.223578096596162 0.471977647540933
0.00186892012146537 -0.00742195154967113 0.602010861814981 0.179711743795039
0.0144809920748669 0.00946244435262024 0.337704588247558 -0.396629219110083
-0.00250615698060251 0.000567278627230558 -0.24355985079392 -0.316298373675066
-0.0199873341912381 0.0373897914185877 -0.157359930778626 0.211732612037838
-0.0325371028184315 -0.0275177152254062 0.067297897327057 0.147914998081222
-0.023806153158937 -0.0171024739326282 -0.201377234071899 0.0799494086494407
0.0188778851084617 0.014493480456752 -0.139318361843948 -0.201019062943483
0.0169141271360428 -0.00475843041481592 -0.0238194715030646 -0.329041769372994
0.00379565297439735 -0.00434883153812309 0.462801874246913 -0.201008840865447
-0.0167300704520292 -0.00703064509815465 0.316502018383936 0.446414771811702
-0.010472264121197 0.0135540774182233 -0.300054010404494 0.440578978248743
-0.0120153652841218 0.00630600092603157 -0.299730383996194 -0.0508880267883339
-0.00981416682656058 -0.00531351351603058 -0.017033543288648 -0.0388518520211799
-0.0265498794323365 0.00230666567985278 0.0108843608942261 0.23254840187988
-0.0243170634134242 0.01084026304848 0.128503917280598 0.505300796899657
0.00685162832917197 -0.0104539719165649 0.538906047696747 0.320650365421422
0.0189546819048433 0.0109027185657589 0.437022580908146 -0.301939160008149
-0.00898958150473445 0.00957688447954468 -0.175170837281591 -0.371242368747108
-0.034405213142658 0.0151465354462444 -0.190577187137173 0.178293311483217
-0.0102634641103399 -0.0490756832536758 0.0394924143020462 0.155252776067908
-0.0119178218772778 -0.0344228937643199 -0.213065430777662 0.077021519800911
-0.012726937762186 0.0203214544250418 -0.136228498271559 -0.182085715715471
0.0341172614703033 -0.0206899903708586 -0.0395697390181202 -0.3417038496478
-0.00934521107947522 -0.000765205545938608 0.462920788370011 -0.202970103744926
-0.0139905220893199 -0.0090583329271721 0.320115105034715 0.433716895561199
-0.00265687245888249 -0.0041545716940394 -0.294687776394914 0.445661055549081
0.00413097854307327 0.00405336803130915 -0.301131023885374 -0.0472487767761923
0.00310465140473427 0.00704118801310409 -0.0184779375513461 -0.0358703778692728
-0.0182642002541494 0.0171120101942253 0.00634699409262686 0.230498762307767
-0.0151817611531153 0.0285578803764788 0.121865959424397 0.504523977817585
0.00994711516952186 -0.00792681333755442 0.52870160020839 0.330094908109366
0.024178820421148 0.00571316645426972 0.453013751236714 -0.291674053241026
-0.0109112544584254 0.0184832341583755 -0.177290524862796 -0.367592681889248
-0.0419125341701933 0.00187460975255178 -0.194693557516834 0.166693470730752
0.00972159696060425 -0.0665334855831563 0.0359652533905959 0.154881917342027
-0.00513863974238391 0.0547357293709337 -0.0622278297283107 -0.100042321255737
0.042577820684668 0.0250965945397362 0.1514738953408 -0.17333238610038
-0.0110915875854649 -0.0132567842448607 0.254199848079915 0.281930949502395
-0.0226174389083398 -0.00829942861387843 -0.365187564727953 0.365999633083689
-0.000352919047495188 -0.00526345581177488 -0.585626857050873 -0.220242442950326
-0.00444360325599758 -0.0138665669904202 -0.202187431181353 -0.4929225235598
-0.00978541550742118 -0.0173334521758492 -0.0227767359227656 -0.253247040630073
-0.00659527490593772 -0.0101974470101682 0.00515170495522424 0.0146111067489093
-0.00621410848717959 0.00726216765795568 0.270746843876115 0.0853919017869988
0.012008912725308 0.00879969762983873 0.39331054705178 -0.37280949699704
0.00316439836750227 -0.000878880158403931 -0.232708114157464 -0.528776111517441
0.0148293836804633 0.00327271651981041 -0.52387558533895 0.100956630128932
-0.0405216273544757 0.021151136969374 -0.0673645928208307 0.389582230468865
0.0603144639080452 -0.0257118524292329 0.143372655796101 0.206623627898627
-0.00646396441769301 0.0340740605032917 0.231190987771546 -0.0524896151000327
-0.0186260846559087 0.053962681487269 -0.0856230321533142 -0.0789975153297891
0.0533194789336449 0.0151447281539335 0.118517190030915 -0.2127928051252
-0.030861172884291 -0.00533246744901269 0.33576196864715 0.160451399785276
-0.0184156603393942 0.0101239294655478 -0.184788001056634 0.472777653730916
-0.0103725103613 -0.0107615677205406 -0.621220219878029 0.0278988622707058
-0.0245217568599469 -0.0201384970636164 -0.346380409434209 -0.401845975804906
-0.0195772390273431 -0.025775927181263 -0.0689663347505435 -0.253147429926081
-0.0156828165834363 -0.0201605861701615 0.00157077727339775 0.00495482130944634
-0.0242064088393299 0.00277311634153108 0.240183160211349 0.127498240831179
0.000467030774804313 0.0217629804630366 0.477368100965226 -0.236314462564257
0.0037241076583623 -0.00256330772288373 -0.0346137054810644 -0.597666618750902
0.0173918648282219 0.0116673463853277 -0.51737004341634 -0.0923499482665494
-0.0528070419422455 -0.0039365168875359 -0.201222908085972 0.358254105909054
0.0822760206995181 0.0046264108598239 0.102761864725785 0.222160381110758
-0.0243836385234127 0.0411951929963644 0.226500200961028 -0.0118852640536487
-0.0293613558325758 0.048643856453681 -0.11721271079042 -0.0432494215288412
0.0663642102905447 0.00290266916963902 0.0673657521152476 -0.255453230147041
-0.0393761891908258 0.0172434907089642 0.367302925358392 -0.0128388795440492
-0.00187282048082807 0.0157274231373633 0.0902299967302019 0.487367034254352
-0.0176398538317034 -0.00811585572379041 -0.529646148945106 0.331417534156994
-0.0392456839028741 -0.009838827920848 -0.478080689554677 -0.221504283394225
-0.0327950235131761 -0.0248357104942872 -0.131972918005901 -0.238664953913025
-0.0257352409298469 -0.0268081708799908 -0.000904310899033393 -0.0085187275519221
-0.0397755660238474 -0.0038958926871854 0.192467081209316 0.178188684956008
-0.0192047718403748 0.0214226723824402 0.52404715410294 -0.0297435623526821
0.00313562181153111 -0.000509520717399089 0.252684188904037 -0.568478245855206
0.00905595545076832 0.0132909028186158 -0.399264203841064 -0.324565409051035
-0.0397726472403578 -0.0256502019109674 -0.342393154728623 0.224431055159585
0.0759272890965159 0.0421000063100759 0.0488670084460787 0.246741969534099
-0.0421972858406826 0.0356185153230288 0.202684550919001 0.0424022066676327
-0.0367188004890078 0.0371411246260165 -0.145641485970789 -0.00576629380836071
0.0665837121569812 -0.00783069254093114 -0.000348116517800714 -0.279552220954873
-0.030753674797451 0.033652819394265 0.312918937172178 -0.179022869307022
0.0123218184607689 0.01030537334754 0.344049208131452 0.346032316069777
-0.0245094371532063 -0.00523444938008929 -0.286294782212464 0.544756467728997
-0.0435383187810732 0.0108669220018014 -0.526234206105429 0.00987459766549377
-0.0395043602406941 -0.017643537035442 -0.194886290211886 -0.202192974902049
-0.0282732246865014 -0.0286822668184788 -0.00466073369279119 -0.0221424447324151
-0.0418379629506991 -0.00989532115673949 0.132813036531499 0.216030764571222
-0.0313930604918824 0.010193815952301 0.479567053106567 0.205146843734172
0.00213581236813427 -0.00296882021974446 0.516699204073521 -0.367196922077861
0.00449880824941538 0.00869215548784523 -0.148828015198857 -0.489498838315646
-0.0177597671059966 -0.0222396264848103 -0.397638296769228 0.0111218971784524
0.0442514576066799 0.0642292103889676 -0.0249936940898604 0.261548501830418
-0.0506056337410387 0.0191392179184909 0.161577834804971 0.0922158292018048
-0.040473230264917 0.0221336360293961 -0.170818625471492 0.030207792868966
0.0586446013562816 -0.00699591700622944 -0.0663536185882225 -0.268980955774065
-0.0132842278401381 0.0337882858051151 0.192221250645143 -0.287971235209616
0.0184417573078917 -0.00175541947128838 0.476682661074619 0.113516212990147
-0.0246268487194497 -0.000929703277967143 -0.00273449416960469 0.597308713749689
-0.0327320331742797 0.0240218463818258 -0.476072042046874 0.226014963946821
-0.0389344427905419 -0.00273393860895222 -0.249677267138139 -0.147971300712565
-0.0266145903676609 -0.0217228030412369 -0.00874443833702374 -0.0321735443184093
-0.0405628508579326 -0.0141361255306809 0.0744248537545229 0.237634966092399
-0.0347704434700857 -0.000337818826656787 0.352212534881221 0.391511286964736
0.00155838190800859 -0.00506883668889912 0.635919167669153 -0.06308557127011
0.00772067673015154 0.00388032288760741 0.14559934144504 -0.499131729197615
-0.00387965223412332 -0.0109084907680506 -0.343635990431524 -0.200401308814462
0.00509002885709236 0.0604129897225105 -0.104862800695536 0.248174433096408
-0.0483322422519805 -0.00510034520344979 0.111839263496151 0.132671000226923
-0.0348027421532005 0.000633211700990784 -0.189084299016869 0.0556935807895266
0.0422337419216152 0.0013321211492089 -0.112797333369251 -0.241329463317952
0.00237778363759978 0.0161242793084425 0.0691838584376853 -0.325519809449426
0.0176713793607436 -0.00489420880103343 0.492099872564075 -0.0810078514535265
-0.0212111005407675 -0.00386112915146553 0.205103891980105 0.535270616289959
-0.0191657131982776 0.0238847700082174 -0.383418940942891 0.365461882988783
-0.0273140885094353 0.00633668410943101 -0.282203290071739 -0.0978137019276391
-0.0197771295758559 -0.0151470779094863 -0.0123386324633197 -0.0396404865172512
-0.0317188284711962 -0.00911868106248587 0.0276311983232923 0.24038140182757
-0.0283502509728682 -0.00118828702445203 0.207099341658413 0.491088477694327
0.00448173678377927 -0.0108813909776827 0.606697851600741 0.207415794046133
0.0117002554678996 0.00489360126384645 0.357668042737177 -0.394465728102053
-0.00313288137372136 -9.72014316133318E-05 -0.239786074610588 -0.334787978540598
-0.0185375709263258 0.0377369511358727 -0.167583060229935 0.212384258009716
-0.0316874371477281 -0.0290714016550353 0.0654747664906635 0.155574568142338
-0.028833843338188 -0.0189600173352788 -0.203521717355336 0.067578015925092
0.018105969690995 0.0138096149332393 -0.131036472505746 -0.209061386572795
0.0186007758347906 -0.00699302739762585 -0.0121443144798187 -0.330971126149344
0.00878775747174482 -0.00208227487720212 0.471103690443585 -0.18424284035102
-0.020531299993957 -0.00325284603657063 0.304777422043931 0.464528165410694
-0.0104644618188374 0.0159625606958612 -0.314932608721097 0.429822426669162
-0.0102689958071254 0.00573082575566423 -0.298529328640364 -0.0659751634835766
-0.0120421321181545 -0.00659173020718515 -0.0161660760066432 -0.0423744818389806
-0.0268326407005578 0.00371063484700965 0.0019021706317068 0.235492040815124
-0.0204991354125917 0.00907926675367714 0.113366729221289 0.52034186610159
0.0109462719742869 -0.00946404345262302 0.53507577622571 0.34978898421471
0.0185714676593013 0.00668699459937105 0.463448457806253 -0.292184110055977
-0.0112526536835227 0.00859867052769154 -0.168111267738127 -0.389373821445675
-0.0336178742573417 0.0143229679116849 -0.199852256230118 0.174650457339735
-0.00862928010386249 -0.0490127926529759 0.0364801958945225 0.163747879079682
-0.0142318612218498 -0.0375870182656373 -0.213372330518106 0.065004824046625
-0.0159806720432607 0.0199458033188054 -0.127123161935492 -0.190693129751519
0.0351797980322399 -0.0216476452601983 -0.0243960299103626 -0.343555682072167
-0.00544198716933234 -0.000699310550807309 0.470330722542455 -0.189372759484636
-0.0149593351027143 -0.00779314494349195 0.30804683026016 0.452291452957617
-0.0018826172905481 -0.00322849792602659 -0.309580184377717 0.439010986514986
0.00671670929242232 0.00646946265973502 -0.300954958828585 -0.0602275385112489
0.0011229723477366 0.00780689053678275 -0.0187492163757582 -0.0392939852253102
-0.0157037335622872 0.0182981597225183 -0.00412937352242077 0.234139145559898
-0.0115067780748454 0.0275705973512674 0.10056852760904 0.516517293606199
0.0135469366005357 -0.00769895339073558 0.523741505497618 0.359568774310148
0.0235788347462393 -0.000820109338741133 0.474464301362876 -0.27964111236422
-0.0116165252362888 0.0199120923813637 -0.170381374905502 -0.386805928344962
-0.0415713510626214 2.65814785345444E-05 -0.202863646295037 0.162411841977943
0.0142945825740108 -0.0664451922069825 0.030000542806862 0.160939860180978
-0.00113108670793465 0.0553061443071655 -0.070081701438797 -0.102180575136714
0.0463285383157439 0.0245509902525465 0.146249967078511 -0.184970275804743
-0.0128871198345316 -0.0138697169832376 0.271980109549272 0.279089825743544
-0.0277870457028115 -0.00744526573277793 -0.36011937927007 0.392383749025662
-0.00409663917644502 -0.00657564757204897 -0.607360407897332 -0.203438122642633
-0.00624293128674965 -0.0167075458013766 -0.229894338598531 -0.499567831628949
-0.00870626791813299 -0.0194798805044343 -0.0326139665960434 -0.260132320245515
-0.00644793678026831 -0.0103631564406995 0.00746912688241101 0.0156798572229237
-0.00666101109777368 0.006167620969556 0.28109944999977 0.0747431814154393
0.0158812496795834 0.00810482339646728 0.390441409152162 -0.396710057730838
0.00293105935792758 -0.00118220835296805 -0.264154325008942 -0.536594921643692
0.0151022919071034 0.000868521899758279 -0.538969786028442 0.128110721778485
-0.0405033415173068 0.0239451237992173 -0.0474961408550418 0.404384418597058
0.0593045273250069 -0.0291200111348923 0.156010998463103 0.205591170680961
-0.00651086801595501 0.0356567193445082 0.238535592269908 -0.0627715228805659
-0.0224728615930022 0.057077611168999 -0.0938316631725128 -0.0777294167949679
0.0596215651690558 0.0165380977356485 0.113839014337117 -0.223107190165197
-0.0310493749158798 -0.000358688117892931 0.347502491366921 0.15052284610778
-0.0194757158385219 0.0119050142216733 -0.167541451533872 0.495906532468976
-0.00704827950004519 -0.00996761770834925 -0.635976815474342 0.0547953849550707
-0.0253738578704175 -0.0236718018176501 -0.3726698001566 -0.401737952670103
-0.0221597694428899 -0.0280338254887648 -0.0806083187697261 -0.25885704726136
-0.0184856367678029 -0.0215268082227697 0.00391862786871702 0.00609672795108535
-0.0210710537496957 0.00361829565132231 0.24831520247008 0.124162515779556
0.00164758755423927 0.0201949101262807 0.479878404766035 -0.262752371926931
0.00366944775785201 -0.00041656949736649 -0.0626342453108775 -0.616145461808505
0.0184670632084 0.00994605965850502 -0.539105389123552 -0.0750392554186219
-0.0549877286854508 -0.00208090994607456 -0.187589615946733 0.377792785681273
0.0852541731927988 0.00180608084668715 0.117284755064615 0.22511276271882
-0.0263821226899595 0.0434398767905046 0.233445453644861 -0.0205807587615082
-0.0315405662555397 0.0515472462369024 -0.123193651231238 -0.0419193560960434
0.0679809416422821 0.000233956935213844 0.0558255570077904 -0.269004319403643
-0.0421479642545902 0.0205019254650185 0.377198030797592 -0.0308303626723743
-0.00192151514889904 0.0175658273129774 0.11271771280089 0.498606143626421
-0.0197870851940927 -0.00841213362846275 -0.529235252116723 0.360960416041528
-0.0425411247073562 -0.0108240644430146 -0.502055334425699 -0.209193703200402
-0.0361443956012639 -0.0269374220399656 -0.14628803447477 -0.241656111615141
-0.0238141983976968 -0.0246231344489205 -0.0031516073266882 -0.00710308146445616
-0.0378617348312658 -0.000423151538707351 0.202314085774358 0.176457036304721
-0.0167773960831996 0.0209338577667764 0.544233886497211 -0.0492088033965875
0.00366438621188363 -0.00211678516760257 0.234182577757055 -0.596367837551606
0.00742837714044041 0.0116033613969667 -0.426495554755824 -0.322946113764899
-0.0402181912505535 -0.0214979043070168 -0.341758089889575 0.247403201848538
0.0813042115525555 0.0407910775868317 0.0601858784142607 0.253624526227369
-0.043800961669463 0.0399807153139552 0.212798564721341 0.0348945998987194
-0.0396231042109343 0.0380290378321477 -0.153345214765462 0.000809716303216435
0.0686428153771351 -0.0108677539788143 -0.0160437798920147 -0.289277688180663
-0.0326470642485933 0.0337718627464691 0.310693062896495 -0.200170453215186
0.0142460956111579 0.0108971969528302 0.373217812882581 0.342800535415602
-0.0297324982028516 -0.000863270530230479 -0.273141894826387 0.57476641568345
-0.0434129333982306 0.0121025555701308 -0.542803251302447 0.0314775039937234
-0.0415788292020119 -0.0154081133440498 -0.208640639099519 -0.200226530826817
-0.0279000990140748 -0.0250508434602786 -0.00398277653074432 -0.0223268903313092
-0.0447504510209014 -0.00937224552943863 0.143705163064527 0.220439757705336
-0.0297589945440956 0.00894575629568875 0.502697927007937 0.194098828851602
0.00411660230927581 -0.000829995897566485 0.514313619524882 -0.402178786827379
0.00510041548806448 0.00922410979117623 -0.176479613558677 -0.500928951469288
-0.019733319631479 -0.0237410745692916 -0.406490093770127 0.0263696000248707
0.0469387341772881 0.0654165962888223 -0.0154803369024301 0.2713859600304
-0.0534377480528152 0.0194870256328871 0.173583317201583 0.0893599222352162
-0.0424438613597769 0.0252229368343631 -0.175686174325188 0.0395176283827181
0.0613189362000893 -0.00990603499371607 -0.0826406562076284 -0.280075768156684
-0.0162105769974923 0.0334975804967484 0.187646752569867 -0.307315417847158
0.019436088657298 0.000978540035672326 0.499509515743494 0.0999705101019715
-0.0270741780092392 0.00243557590388876 0.0242972267387568 0.617037708951859
-0.0322443172872481 0.0267536688732031 -0.481017889896725 0.252192881762091
-0.036545056130746 0.00107981414852697 -0.259679722310454 -0.142900088639945
-0.030888937926459 -0.0190114758927145 -0.0110905878163511 -0.0338731261952871
-0.041274221690749 -0.0125284348299324 0.0882840814888712 0.239287776028845
-0.0335898124671211 -0.000127685174155501 0.381127055272173 0.3897276133017
0.00399762673754893 -0.00672793553738014 0.652348881962156 -0.0909192415691499
0.00768661832700856 0.0024036143237068 0.133654293408709 -0.523558624231421
-0.00515450639988327 -0.0131684041195358 -0.362128492267329 -0.192165423112315
0.00985204615991401 0.0605603108907621 -0.097193116771306 0.262759723321955
-0.0471967405028104 -0.00429917681310225 0.124997543420997 0.13298118670825
-0.0399261192858127 0.00123289616535356 -0.194611675808301 0.0651938213176994
0.0436957009200685 0.00163563990097966 -0.124242057544912 -0.248379468532009
0.00209326588983541 0.0162767921999164 0.0575425872146229 -0.338060490412922
0.017852867152318 -0.00529359943911376 0.505227994155197 -0.104944547750812
-0.0265929693704416 0.000395769468281029 0.235203461784903 0.543313637062882
-0.01891328585706 0.0244201680938483 -0.379269580823525 0.39572796681122
-0.0264453245541681 0.00890026275124494 -0.292756402245296 -0.0882000807317515
-0.0249868824066167 -0.0150550425230948 -0.0156430217169936 -0.0442325327874227
-0.0324844046152497 -0.00693668845346011 0.040507301059265 0.244543714704931
-0.0267227773737276 0.000604047281426068 0.234549992576985 0.499635052374601
0.00483127906373584 -0.00800120607773612 0.632020893199361 0.191219427097378
0.0134111692028774 0.00499090136934195 0.354783835309213 -0.422611388788335
-0.00416746770252598 -0.0016586335647766 -0.262002461114528 -0.337141510772519
-0.0204609451153598 0.0392993581873826 -0.162498086967804 0.225968403772339
-0.0311006691416637 -0.0273343485590055 0.0773000885822894 0.158490675879222
-0.033728156253888 -0.015785638698037 -0.209262797051409 0.0789121311524596
0.0191568148000453 0.0122407327308994 -0.145098755740239 -0.215351774793168
0.0152980189783005 -0.00988566524797224 -0.0258596855647561 -0.342532944636138
0.0102661734047202 -0.00328118821942466 0.478952238117522 -0.213488332044
-0.0211327352304277 -0.00410223902790084 0.333228480305872 0.466538206898893
-0.00928794543195221 0.017920272419687 -0.307619278098352 0.459175719349743
-0.0111585108582721 0.00641437246328365 -0.308152267841181 -0.0547133577410079
-0.0142930636935718 -0.00397373680361494 -0.0165558331099354 -0.0436376926710433
-0.0243774413973154 0.00373157294862951 0.0129929577123744 0.240086974071272
-0.0200616331732375 0.0122300710386579 0.135433927318033 0.535118198573975
0.0114015584892421 -0.0113892953554112 0.565338933056271 0.342397498072966
0.0208177130157531 0.00422161869344985 0.467616356380338 -0.322495304998621
-0.00854290490791144 0.00776977267944384 -0.190550075504824 -0.395651904394452
-0.0339688931580975 0.0170770273180471 -0.194082748593916 0.190992471877271
-0.00970600726898186 -0.0498475472360024 0.0476669783002075 0.169926512708327
-0.0168403889574955 -0.0393654915261664 -0.216529245832437 0.0741412150137242
-0.0136364741267265 0.0226554995430105 -0.139828641525622 -0.194574482182367
0.0358135122582127 -0.0251045020288823 -0.0398640577811508 -0.350751095340889
-0.00496411727009743 0.00173721950177895 0.478160744922363 -0.214469996382789
-0.0166605886372271 -0.00593531369358818 0.339780753168457 0.453112185055377
-0.00288060718469947 -0.000956942639599532 -0.29883220018378 0.464454987505684
0.00768150225815615 0.00666367375683938 -0.307311595914202 -0.0498947964055314
-0.00159406707944366 0.00729348749284558 -0.0190111484586363 -0.0437383825578065
-0.0206820257334031 0.020291764008034 0.00534631110115789 0.241124865937192
-0.00956081151937977 0.0296581442664114 0.124028562426302 0.534211948207904
0.0146315258063105 -0.00683755714402637 0.553336292795874 0.353937433463636
0.0260807136014133 -0.00333997055409314 0.480634503897829 -0.309208402405574
-0.0131422273555217 0.0160343018329544 -0.192404178242458 -0.395292962974285
-0.0444354484783567 0.00496318980988444 -0.200835930874075 0.174913381460932
0.0109378393217366 -0.0694383445031141 0.0434941463871761 0.164525261352873
0.00192265544803962 0.0556072370767655 -0.0814673256128568 -0.0945006914225498
0.0520794665702928 0.017570027934849 0.121255661162543 -0.201721161210737
-0.0106455223055701 -0.00489987398370721 0.302813629406762 0.246257024196929
-0.02694547322269 0.00095334689646058 -0.307765008968683 0.433284440725698
-0.00413481766021826 -0.00568098868114669 -0.626935055006551 -0.127077223278328
-0.0097547054892683 -0.0195375609722974 -0.284696025104439 -0.465419601621284
-0.0117258639001791 -0.0222133806871902 -0.0636719075343608 -0.254802930990819
-0.00674984872948986 -0.0107777106425177 0.00834803408963374 0.0150490264554578
-0.00552622320146761 0.0058686290134959 0.286608212539618 0.044762452379494
0.0155296213470797 0.00363985446122614 0.342913880365236 -0.447470968840018
0.00269414997759414 0.00255219800323052 -0.33639176470081 -0.506307237147906
0.017373547407744 -0.000496194984131546 -0.526492429444736 0.197078247157735
-0.0402217810236953 0.0244498648920932 -0.000128488938061633 0.412051078055662
0.0547143719261199 -0.0401305122351843 0.185307795915932 0.186769358239294
-0.00151726325629399 0.0369459925571129 0.229837018546057 -0.092360425606783
-0.0159181325075366 0.0593288922208459 -0.0988056375097905 -0.0688715172094505
0.0631136029638342 0.00622458133158369 0.08123739716904 -0.236296441695274
-0.0274484373273204 0.00458264993736979 0.363996057873292 0.107241969399978
-0.0177867072434429 0.0171511175528945 -0.108519840619482 0.509738862397543
-0.012654364351958 -0.00905723008127994 -0.618524009031168 0.130744105574649
-0.0284810589748152 -0.023052784792674 -0.419409038497055 -0.35165589711722
-0.0248610544083268 -0.0262920312001357 -0.111811966464586 -0.248064559312354
-0.0176550411643906 -0.0199979967666616 0.00287912056276775 0.00382687348693982
-0.0247537361789437 0.0086204869013543 0.266227330579321 0.092070391033432
0.00342722993462853 0.0198451263516315 0.454849800396588 -0.322023589867839
0.00135429311562149 -0.00227800749401456 -0.142235510796728 -0.610681940072797
0.0200058308403725 0.00640956089948533 -0.55099528096383 -0.00603604838273481
-0.055820234414806 0.00281283556272181 -0.143214348396982 0.399190531575402
0.0888348662398758 -0.0118392261150929 0.146713445972014 0.211979905462882
-0.0204395059316842 0.0457578216497033 0.233724292364725 -0.0450006885583258
-0.0279664612491137 0.0564054400841753 -0.125148340941578 -0.0275479518013999
0.0688097256334896 -0.0111737041222707 0.0181395062125999 -0.272748166998643
-0.0339326540399845 0.0232781864064118 0.36698676327787 -0.0749250219720091
0.0012198303053506 0.0230714925087683 0.175149009775 0.480146429463889
-0.0255157702287889 -0.00396408430320902 -0.475166196808226 0.426178081968093
-0.0421584986977261 -0.00737298501312254 -0.523477342861669 -0.147646776916127
-0.0395886374769534 -0.0235336781254099 -0.172101988382733 -0.221827739948666
-0.0262734675378038 -0.0207799698453564 -0.00445705963656887 -0.0078205556075984
-0.0391264273921704 0.00621308749119473 0.224863048093798 0.151322434824572
-0.0153511176626948 0.0192009606086921 0.538679071758824 -0.118880297774889
0.00362480810016791 -0.000800349448687142 0.156771917792585 -0.631006040244306
0.0141925250067646 0.012690364030595 -0.472671135230492 -0.269502244403411
-0.0441152143840246 -0.0174520668910468 -0.31079426785765 0.286920748144828
0.0869903190553082 0.0286990557696202 0.0908595673888359 0.247578343298611
-0.0391038579622335 0.0420533738984127 0.217693950181296 0.00895967834104696
-0.0400899348258639 0.0474634705511956 -0.146942076807186 0.0187192040080923
0.0670099414174134 -0.0209251775106844 -0.0543571975245077 -0.288139268938332
-0.0228002786410788 0.0382790139771343 0.285037816201645 -0.236458752689167
0.018454325889572 0.0118785753432427 0.413474404938438 0.289833476456722
-0.0307235053579698 0.00810884822049321 -0.19124138953408 0.60737643834112
-0.0442435110991378 0.0157989544798216 -0.532575851153022 0.0987730986454406
-0.0423375269189704 -0.0110018301836111 -0.232619549452173 -0.175169245914216
-0.0328605813462399 -0.017601875463886 -0.00984718815173139 -0.0232026777614269
-0.0423855257838955 -9.4728781589332E-05 0.171709218901539 0.196742685450485
-0.0297435205613538 0.00931518785402812 0.534295921102937 0.13219249948997
0.000978626419533387 -0.00300455730880361 0.46665109516117 -0.469399847205231
0.00561438304740776 0.00894975717329177 -0.241146868981553 -0.483195103969829
-0.0194098844952995 -0.0224996132027622 -0.406585813202025 0.0754429347465922
0.0575012622007659 0.0574686758839542 0.0198024454462961 0.274199479551487
-0.0510206642793008 0.0268857583541976 0.186124009346295 0.067211798480306
-0.0415042618373842 0.0297354901198548 -0.16756824854792 0.057173111343626
0.0591367538388164 -0.0188824769160665 -0.119474100038677 -0.268021639675222
-0.00574865676192515 0.0328483939533106 0.143492312874041 -0.328634644000428
0.022528176662166 -0.00271937826759571 0.511301623356898 0.0306040973085781
-0.0275055515085039 0.00937887864189802 0.109535584396127 0.611106516590128
-0.0309367620802361 0.0267522677290551 -0.445156138768848 0.308169770677563
-0.0368429316522182 -0.000140770051573612 -0.279100794647202 -0.112837621522927
-0.0296710796960624 -0.0151803562543156 -0.0142885707394555 -0.032882850719103
-0.0405528627587786 -0.00717454734934834 0.119266555260847 0.230849710447317
-0.0306218616041665 0.000154126905096461 0.433410492628918 0.346590055947626
-0.00173460611395331 -0.00842861625178913 0.642921872186456 -0.173957901342571
0.00375676610411552 0.00366478310532692 0.0650723361894525 -0.543703465398706
-0.00586660683127163 -0.0102498160055972 -0.38824118675478 -0.151750895763745
0.0160335303652878 0.0584561715969149 -0.0662776110937263 0.273152589987825
-0.0492512702656583 0.00185628946191058 0.14014714857086 0.117730915570952
-0.0458038048859552 0.0102710285870731 -0.183298391900401 0.0873306884432651
0.042227940872538 -0.00590286450070643 -0.156947901238191 -0.232808414148989
0.00629709012725704 0.0119966149532849 0.0113165169328995 -0.344436914833156
0.0219540209890518 -0.0107044733156221 0.490193490145763 -0.172090545010278
-0.0251937263946101 0.00655724956141594 0.307611339053679 0.513233584401259
-0.0158660588400216 0.0275044271625272 -0.324643376274073 0.437630548994864
-0.0244735493421075 0.00920447115555794 -0.304002431672192 -0.057059211318591
-0.0240241071721213 -0.00723060583151768 -0.0204331439845975 -0.0418205305102689
-0.0327380918032452 -0.000389287680738046 0.0708159343318615 0.239348979402494
-0.0256353966725227 -0.000822609044248884 0.299016828286939 0.474358490418672
0.00481579456824351 -0.0134863226411649 0.659658256937818 0.113050581499666
0.0125420161663197 0.00223819861384009 0.307398968540091 -0.472430534494536
-0.00527541801750941 0.000941215092526818 -0.305965248073273 -0.307938414616645
-0.0120087143821826 0.0397314369827201 -0.136339915205747 0.246728013531737
-0.0376622620970079 -0.0254506124520811 0.0971584290209952 0.154544036643123
-0.03998934345049 -0.0128178233387194 -0.196594190892675 0.102489665170077
0.0167832518528859 0.00967772468341526 -0.16999906680533 -0.198470352721465
0.0149463561572127 -0.0128545914284124 -0.0698598097866237 -0.337315584637747
0.0106088095587688 -0.00609578045905274 0.449779187055646 -0.274244745412007
-0.0190034015806803 0.00253188623623769 0.392439174724762 0.424625265390422
-0.00720833954451882 0.0161295631970056 -0.244914862552941 0.49081045953612
-0.0104515655848941 0.00709266591313877 -0.311722997579824 -0.0211067917962785
-0.0147571615225599 -0.00105946139972327 -0.0240972530402603 -0.0445770995644417
-0.0242815442263115 0.00829943568866698 0.0446210140954415 0.241639251789093
-0.0142448490050405 0.0108872014838821 0.20364746454897 0.519816074369552
0.0100442853430435 -0.0139281857106959 0.609554524073807 0.277396176489728
0.0173434602590081 0.000970262687154519 0.429273080485616 -0.384572871141076
-0.0112070492078409 0.00910886046350072 -0.24070915621249 -0.376430726648354
-0.0318841495307248 0.0189057841601411 -0.174618810075468 0.214896149693033
-0.0173708125911139 -0.050524917364909 0.0679557817420503 0.165805977270867
-0.03036997034818 -0.0338510707015257 -0.205969933093363 0.101368348486028
-0.0154944936123651 0.021621780608552 -0.161318157838834 -0.181439034520685
0.0303227664842311 -0.0348499080885178 -0.084225006172732 -0.343483096724633
-0.00434466759174216 0.000719157011510776 0.450361664112155 -0.27698940176878
-0.0169084377367649 -0.00152340906365333 0.396253087862318 0.412619197323416
-0.00134104446959242 -0.00157904933451873 -0.239457055675509 0.496930396359636
0.0074444338505863 0.00595434644527361 -0.312788780461924 -0.0144778836827852
-0.00414727408547636 0.00889627557887696 -0.0256111990739167 -0.0425999842519284
-0.0142328796345004 0.0234076052516902 0.0368830027529329 0.239971463576145
-0.00110543655970484 0.0292032009299929 0.191260216992747 0.52388544339256
0.0120331195981605 -0.0136370066418295 0.597178816126777 0.288669452790727
0.021286989919794 -0.00462565496736457 0.445281950805759 -0.374714512442418
-0.0101670486082951 0.0199622732071958 -0.243992435520612 -0.374669321379573
-0.0428031066560018 0.00722897944881354 -0.179570858590727 0.201094997284669
0.00408437616687153 -0.0712226836396926 0.063037047179955 0.165459190236895
0.00448079425307929 0.0560786834823639 -0.0837937594732537 -0.0916277158406171
0.0531500930700667 0.0184581968746695 0.104617536754665 -0.204959835264834
-0.0107405460458868 -0.00587253271305157 0.315748943634408 0.225491051898589
-0.0286177573886562 0.00205846034931429 -0.281420836950427 0.446036402758688
-0.00535552284936996 -0.00485105589159466 -0.622315166455448 -0.0950813017134662
-0.0109757656211328 -0.0220429737989534 -0.31202384673735 -0.445821402799993
-0.0133221408089934 -0.0199918909353632 -0.0769052267696035 -0.248500225055297
-0.00713463438164744 -0.00943308943322323 0.00895485059929624 0.0146362155940493
-0.00692029497673182 0.00471743418475881 0.284668860137139 0.0281037161994477
0.0164421937710143 0.00202047825661865 0.314444529470776 -0.462376485509388
0.00123187881008876 0.000630673114419583 -0.364931222626446 -0.48091970393587
0.0172469540974888 0.000324749482516463 -0.507340744058474 0.229283793182801
-0.0393861235060095 0.0296446592584848 0.0303422320721838 0.407332361523734
0.0524970012490205 -0.0420401376864933 0.193588725793099 0.173989735251869
0.00094055167467723 0.0362787310347989 0.224970864418759 -0.106194714160951
-0.0143242502459858 0.06042722742723 -0.102915134420152 -0.064340007864113
0.0637205344411705 0.00415500769573501 0.063703556270105 -0.237109148842204
-0.0256512906794217 0.00515814438493197 0.36705169259273 0.0835432590763852
-0.0155310049553176 0.0197630484448279 -0.075228142566381 0.513043722271228
-0.0140604234475437 -0.00724803657260693 -0.605080040320337 0.159295462564099
-0.0321532477071886 -0.021922528186738 -0.436334646442145 -0.323105626733625
-0.0280244880897496 -0.0259523752869355 -0.123276284536257 -0.238760896788658
-0.0180046369016157 -0.0154789556547733 0.00331753468034588 0.0050547162417072
-0.0246137929819813 0.00825794402821837 0.263404621452545 0.0788870952529899
0.00585971014105184 0.0151629436003531 0.430943685885617 -0.346197297124726
0.00283284541391614 -0.00269319861870651 -0.182022635324698 -0.597797488415865
0.0189424788293984 0.00659683158200524 -0.546075327598739 0.0300481338845635
-0.0548579500524957 0.00761563059473725 -0.114470404436794 0.404982350620553
0.0849329587466246 -0.0165245963090088 0.158312255827797 0.201389848642787
-0.0171767371739543 0.0460504752286116 0.227692248119893 -0.062874239758729
-0.0264883062438341 0.0595734755567146 -0.125087299617909 -0.0221788519256629
0.069081115816935 -0.0144051017528173 -0.00188155277347444 -0.269342629980226
-0.0299153252948939 0.0259744537547734 0.361093996264211 -0.0976819462401332
0.00409856423300527 0.0214883014671593 0.205556146811493 0.463134665272174
-0.0256975051955315 -0.000437154515939366 -0.443973229440528 0.445342770218292
-0.0464824242736114 -0.0067800631438481 -0.527968712311536 -0.113241325812384
-0.0399531490413549 -0.0217713186187065 -0.185167792676469 -0.209825182324304
-0.0253451092644604 -0.0186450167465822 -0.00329601053822211 -0.00874893504449164
-0.0390047065085509 0.00703636182959673 0.228409432175913 0.13720871313353
-0.0139856022234703 0.0183206589593377 0.528173046495616 -0.14704731807302
0.00321156400274743 -0.00370186836287628 0.114649506419605 -0.63349829976982
0.0126191814786758 0.0109692244664888 -0.482049092054577 -0.238182420881432
-0.0451793119942837 -0.0144977103575133 -0.289341341702703 0.304307210076236
0.0876889804587333 0.0246012775943156 0.108670907991822 0.239070878528433
-0.0356468839329447 0.0438663029144209 0.216429723756951 -0.00547366089905578
-0.0368118107976584 0.0505443146104491 -0.145408170574236 0.0261736273979042
0.0662648082395311 -0.0248705630319301 -0.075391243491212 -0.281310917627525
-0.0193822169074531 0.0384971550677131 0.263991590488182 -0.253706245470663
0.0195275685447116 0.010081784345649 0.428245676999453 0.259530779516237
-0.0311532536034634 0.0111200949239409 -0.151477255888055 0.607706738721189
-0.0436360310885887 0.0158629782252023 -0.524606774653327 0.130448716615618
-0.0442219969887228 -0.00975655981957834 -0.240310263474858 -0.160933650576915
-0.0303066403624428 -0.0167061830054465 -0.00872802124646613 -0.0218097695814203
-0.0441710006580372 0.000246837836351143 0.181318390115406 0.188228576320474
-0.0274557677683762 0.0100430829799015 0.539125846334177 0.100498627694537
0.00186039623315578 -0.00401245238403726 0.428832171504494 -0.49201946302083
0.00586260917337945 0.00842540588342503 -0.265788048373544 -0.464125193163607
-0.0219999010785219 -0.0192619719391444 -0.39862591637535 0.0997492075377944
0.0603635011933075 0.0545336217422993 0.0382999549207344 0.271169706754624
-0.0483132666339781 0.0309517018916236 0.188711548908331 0.0546104103853039
-0.0429441121718225 0.0354943798580807 -0.163064760755338 0.0677785145725738
0.0563611598453224 -0.0225183315686688 -0.138990336402294 -0.261816065530098
-0.00213481298622433 0.0337683052104796 0.117538127399807 -0.334303352304723
0.0244973280068127 -0.00430507867399024 0.509424608641083 -0.00245401687497825
-0.0275144870993214 0.0144669973639377 0.146671658495911 0.598814887838762
-0.0289993823554355 0.0290741287798256 -0.424436315682907 0.334797736920212
-0.037901070165764 0.00137339802089639 -0.281405147421295 -0.0973185316241581
-0.0291838323596167 -0.0128482765373987 -0.0166016645837898 -0.0331846450677004
-0.0402204352330082 -0.00375738580257564 0.127988881507793 0.219217030102185
-0.0303333486714935 -0.000152271662515246 0.448711069737864 0.318861275617819
0.000851520082014449 -0.00883979572707047 0.621155265828738 -0.205041565661992
0.00603891046675633 0.00246041718682117 0.0296394101076891 -0.545628669048436
-0.00713032376257962 -0.00955790642896645 -0.394692366816936 -0.12706429335766
0.0204260048456647 0.0580989151460259 -0.0458703804615593 0.278860024707493
-0.0494454540040066 0.00631806978071028 0.148606977695238 0.109534117795815
-0.0446281506309943 0.0146008627130867 -0.177704126390552 0.0973049723140827
0.0425348378033103 -0.00814387031470127 -0.176141890818163 -0.224738005408153
0.00636770845924883 0.0130326305451384 -0.0136186154004102 -0.339177063871688
0.0216763316567575 -0.00866325633451452 0.475496366869412 -0.203783200630384
-0.0236260106909235 0.0116106647639544 0.340107816878248 0.49017611963337
-0.0129132985728064 0.0280365902423431 -0.296474559001937 0.455498532280183
-0.0232776110479186 0.00750859424677143 -0.303541075351146 -0.0396165984902052
-0.0229918097944713 -0.00663011991311712 -0.0239394750642662 -0.0405518437147424
-0.031695995783143 -0.000464030579212875 0.0839696932694397 0.231328510708315
-0.0228836833983086 0.000177142346604873 0.324502033592341 0.450009602546502
0.00429955107453301 -0.014579783459135 0.65573109828605 0.0755318551504991
0.012318721213853 2.44659677844823E-05 0.27403454923678 -0.487001918550558
-0.00502198124983021 0.00148144295523876 -0.322975470090466 -0.287286681550387
-0.00842317741330603 0.040245326155028 -0.117989113786949 0.254600235281295
-0.0379036751579453 -0.0220352887812079 0.107797632202016 0.144267791058272
-0.0419881181020955 -0.00929527839711729 -0.188072600237234 0.112413892038673
0.0185293037220747 0.00930910524717784 -0.184507663104338 -0.189701131370333
0.0154821610213928 -0.0156561990837413 -0.0923819812752492 -0.326678885044099
0.011929759244354 -0.00428551942441714 0.429616408665688 -0.300816209132947
-0.0210323388585966 0.0066052160103349 0.418579862292082 0.399579179136952
-0.00406137811012492 0.0152879954981113 -0.211950597021646 0.503075632604617
-0.00739516536639716 0.00691895714224614 -0.309789031098166 -0.00325944666495051
-0.0147386045406535 0.00137466137141247 -0.0271212067406024 -0.0421408994390085
-0.0219955647122628 0.010123736364635 0.0579107456557928 0.23401279983121
-0.0117055731241551 0.0112283560652029 0.232446770991753 0.5051439702628
0.00957240942154864 -0.0152315439704956 0.618055554881261 0.242473944236469
0.0181471199606107 -0.000528782916164529 0.40075217380474 -0.405806296864131
-0.011240733978683 0.0103739463527439 -0.264777139161967 -0.361239965504577
-0.0278825981948922 0.0224606794421177 -0.157623135817687 0.225728732042351
-0.0192570379035923 -0.0484862556758928 0.081715300445194 0.160554630208291
-0.0326799839626428 -0.0310041399037444 -0.198791582179823 0.110996297797471
-0.0151914565325073 0.024068994128578 -0.175584976275807 -0.171237205084781
0.027686260656354 -0.0353625934833622 -0.106152360217359 -0.335716812437994
-0.00198265449054275 0.00274630509575069 0.427584748855996 -0.304462259600473
-0.0176470855808343 0.00112810526108254 0.416665486007225 0.387506408883141
0.000847325980414683 -0.00116016569644159 -0.206234156215098 0.506673657976813
0.00775589243058583 0.00588743297591242 -0.309821250865672 0.00230916077012233
-0.00405846144722004 0.00939555543894122 -0.0269744972866595 -0.0418593929195697
-0.0122143404431699 0.0234728242665405 0.0515022056483963 0.23491198276109
0.00118612908421929 0.028624493882708 0.222165059280172 0.508557867057643
0.0126591188197651 -0.0131249575721811 0.607214594750846 0.253585189133035
0.0223279170581463 -0.00749351232429358 0.41922740562365 -0.396812099576114
-0.00952732144279287 0.0200918750821295 -0.267206554689753 -0.358440547482641
-0.0396425934721812 0.0112763360266701 -0.165198232275971 0.212153835432013
0.000593585454344147 -0.0700105797066171 0.0762859908975138 0.16149879783526
0.00400687082755113 0.0536319411507325 -0.0848440132323483 -0.0871486825029019
0.0547923285585951 0.0135206782564893 0.0930230216770981 -0.198045824118646
-0.0078111441290547 -0.00112043440964476 0.310779484349532 0.202431162088504
-0.0298982801584438 0.00663755647698411 -0.252997906465118 0.435209562328714
-0.00860753261008315 -0.0055190364651326 -0.599416472639851 -0.0712676038486623
-0.0152803358644628 -0.0228065222935944 -0.313680537429455 -0.410882558693137
-0.0158158083108556 -0.0198369362264663 -0.0819705082233735 -0.234832566020258
-0.0071273189778892 -0.0091304884111153 0.0087968896800391 0.0152096887324008
-0.00860435777081945 0.00622318153133834 0.273635383482205 0.016287794769141
0.017261513367089 -9.66969603385234E-05 0.282685148793566 -0.465126430011826
0.000641396596833965 -0.00069378130158915 -0.379157958663115 -0.448927270539132
0.0131605677580164 -0.000432995206731509 -0.478166566216909 0.246887554827567
-0.0385738186154328 0.0320835627348869 0.0485652988906567 0.393402452717911
0.0479492600825843 -0.0426102838469913 0.195749120479419 0.159378011348964
0.00310261584798295 0.0366367727351248 0.212528168654308 -0.111755439631083
-0.01323832602151 0.0582488311183004 -0.101343981233335 -0.0592191453247217
0.0637516193298596 0.000910137653425083 0.0520386059439444 -0.227062723138218
-0.0220946077224836 0.00664143008501626 0.354872872096695 0.0643481399342929
-0.0143920192059106 0.0238839061327086 -0.0561678543793857 0.490297389399304
-0.0177892301020352 -0.00446830724701817 -0.57142838130005 0.172815676905891
-0.035492866635917 -0.0215601847353895 -0.428226363742869 -0.29095569153739
-0.0288808309898089 -0.0245532213624272 -0.126420836632868 -0.223448662960242
-0.0173424201931333 -0.0151893879878805 0.00379484187183025 0.00414343613306884
-0.0245963738735605 0.0102714905577127 0.258546694449948 0.0658485905192504
0.00657335586455981 0.0138422702453416 0.402457174889351 -0.356870233411192
0.00135790671546541 -0.00356481135719879 -0.205679938130623 -0.566327471317568
0.0164415617111594 0.00467995021539666 -0.527558129789793 0.0569703228991417
-0.053444642549354 0.0118606771313791 -0.0922455966334474 0.398828561505204
0.0802555704527272 -0.0189561888639213 0.16485819053291 0.188703072036237
-0.0142183159610323 0.0468411306609683 0.2171004686237 -0.0696585490761687
-0.0263537320258656 0.0593746115094231 -0.121237575251297 -0.0170710537375417
0.0675380909523961 -0.0180264792480789 -0.0119359671458139 -0.255543033287187
-0.0243760744352039 0.0244540020385176 0.340099548114415 -0.10847744593729
0.00903876000501386 0.0236943525178864 0.21149158717717 0.43174597330846
-0.0276573954457327 0.00380387726900163 -0.405311508189375 0.439509650335394
-0.0490904047410108 -0.00432244470835338 -0.507522788854585 -0.0887706054674305
-0.0411914790179324 -0.0204922734386691 -0.182771846526357 -0.194811622001934
-0.0247978373791032 -0.0172755095393758 -0.00324501448881701 -0.00811528325186453
-0.0375695930320992 0.00915371773334843 0.225504765709561 0.122479732044115
-0.0119663398016999 0.0175953819010522 0.50518814537388 -0.168126108750037
0.00303356988044118 -0.00467548985825537 0.0800532477439622 -0.618018547677885
0.0114218718006255 0.00943484116572597 -0.479080190357709 -0.207449068433748
-0.0445228495365006 -0.011463918940904 -0.267515437653476 0.309352415247244
0.0857201892696028 0.0210369443724353 0.117280217404602 0.22759760344371
-0.0314688026655671 0.0451379523367055 0.208561382805052 -0.0138364662244792
-0.0360402769731341 0.0533938319692965 -0.138913804222665 0.0278832087723085
0.0639728121982515 -0.0287082472657068 -0.0847500620925638 -0.264637443205563
-0.0151229017552952 0.0353564899254902 0.241550174994114 -0.255173406964509
0.0253683877536043 0.0100510713664802 0.418800265818242 0.22702662888266
-0.0296011886302237 0.0164280281130248 -0.11893516642947 0.58443160680772
-0.0447456616927302 0.0187685921981129 -0.494409955039268 0.14429760538102
-0.0442206346036081 -0.0102539464155886 -0.235545035081538 -0.144411172377845
-0.028366641894657 -0.0145020184936131 -0.0110312038559915 -0.0216355036940043
-0.0425876216496944 0.00306006602210314 0.181749766691139 0.172523649091082
-0.0264125105228175 0.0118824249927751 0.527204242599308 0.0720032235781946
0.00257135316311619 -0.00450714600355455 0.389630314597577 -0.495118626056883
0.00470640127359254 0.00561583183407188 -0.279404572433921 -0.436059898575743
-0.0236315065571804 -0.0178129383003132 -0.383278048917674 0.113590441156867
0.0596919416638669 0.0511735100165455 0.0514656330018012 0.260347528260772
-0.045004954407724 0.0329168678083111 0.184455198877139 0.0466896571665448
-0.042952574007111 0.0391170399578782 -0.153243185921873 0.0698871187499078
0.0539973691720762 -0.0266003774443034 -0.145478270714213 -0.243929867600406
-0.000266145020686503 0.0291439721323748 0.0999563687219449 -0.325186254159562
0.030352443246673 -0.00643867479745751 0.48544873780432 -0.0289152297161714
-0.0256673825630023 0.0214122549206033 0.167815640648537 0.564100754293216
-0.0281952636726376 0.0308603780564677 -0.391642276419024 0.33658609903027
-0.037817931645594 6.10958409768027E-05 -0.274025001932706 -0.0835059588758358
-0.0263029896579326 -0.0102840742494533 -0.0193457380605538 -0.0311202314313068
-0.0387885321250729 -0.000393761393304206 0.131897973211212 0.205311321706311
-0.0291509824951044 0.00199540255238571 0.451088342623262 0.286020690306298
0.00167630989914256 -0.00832379851732429 0.59076011179302 -0.226857027718619
0.00590547373831393 -6.85869008138652E-05 0.00539840539336529 -0.528947461834803
-0.00730821145971283 -0.00988531113628387 -0.390560055473513 -0.107732791394273
0.0214685103585217 0.0548354753232458 -0.0300388354186068 0.272367347168806
-0.0465129236049176 0.00950399989321256 0.147785145239469 0.100236545314949
-0.0450158054945205 0.0198700518325832 -0.165716902676266 0.0992346151095766
0.0397798209762366 -0.0111984457326075 -0.180248708692415 -0.206434598739367
0.00725328267424131 0.0078517992254915 -0.0281164870765277 -0.32671815269686
0.0266245563405962 -0.012744922212927 0.445918912770044 -0.219356988963912
-0.0201630769589014 0.0194979742315168 0.34961867209065 0.45252550615714
-0.012233777404998 0.0288847926510935 -0.265807984600399 0.445553215771001
-0.0245394193233649 0.00664460462655939 -0.29312767658654 -0.0260717040570218
-0.0216951322811463 -0.00480700350047791 -0.0259028920937694 -0.038075203272648
-0.0300439167645068 0.0012900432137767 0.0911648075054506 0.218109754342316
-0.022885504729395 0.0017130389187647 0.335124439139261 0.422577575519017
0.00539208060858498 -0.0137024550881858 0.635480527396817 0.0446863908059255
0.0127099978953696 -0.00246322944707869 0.243848735697023 -0.484729700005604
-0.00525462626076937 0.000347947119435877 -0.328780787253255 -0.266224890059951
-0.00775103409463457 0.0399113594688063 -0.101064432955253 0.252507082094763
-0.036772857131414 -0.0178661250261911 0.110384207076256 0.136078693275098
-0.044327939272479 -0.00254123342950488 -0.176884940374203 0.11397816052636
0.0177600264973565 0.00906232671067837 -0.187725770833251 -0.174584943454708
0.0128395011637068 -0.0189675513671792 -0.102558291848587 -0.309748799389561
0.0171169720347829 -0.0074513169124001 0.398375299059306 -0.310743678937206
-0.0172528370190365 0.0117497107585208 0.420241563725431 0.362563436981531
-0.0039705002957843 0.0176566129995828 -0.183350611938745 0.486707584883284
-0.00730848772159321 0.00537693053653563 -0.297587062737392 0.00879379683150983
-0.0124079160496014 0.0030268566591146 -0.0293557724866258 -0.0412035388636322
-0.0205906966682514 0.00975185805769958 0.0659699507601864 0.221573851273422
-0.0119816844572497 0.01151785864422 0.251334998886575 0.475495523045394
0.0101844439483289 -0.0139244465359214 0.606385597165571 0.207821700639397
0.0191905578793046 -0.00313301142940399 0.371252576805436 -0.41302296819704
-0.0106968082325255 0.00954853106444577 -0.27410541845805 -0.339529710959468
-0.0267275575456035 0.0213331866569417 -0.141949613784189 0.226480374885045
-0.0211773798462418 -0.0455637311670602 0.086227541195103 0.153154965256634
-0.0363629359043095 -0.0245442615268574 -0.187159240168201 0.11136637801042
-0.0135471434485754 0.0258208964169803 -0.179545219295091 -0.159454912024598
0.0237806465975024 -0.0381921448508333 -0.114569839370197 -0.31474467226858
0.00365278913516419 0.00171938331012856 0.398671900531708 -0.31292242502408
-0.0166899865774054 0.00834977602518975 0.421278285701406 0.351302039904963
-0.00100173354484409 0.000852607835252622 -0.174475976800006 0.489914772874405
0.00794439936198466 0.00324787032372144 -0.296937928530536 0.0115454870294838
-0.00319947679026979 0.0111463114778484 -0.0294651319618282 -0.0397572899603363
-0.010728278487305 0.02299063469322 0.0605231461060605 0.223482910828201
0.00209110858230029 0.0279314428356809 0.239024015751806 0.480314202830586
0.0125361742889352 -0.0119442509560128 0.597348479410462 0.220920961897386
0.0231815519057196 -0.0101317698372737 0.388673888040175 -0.404475158106469
-0.00963445185857254 0.0178887093392002 -0.280098210568801 -0.336948888791253
-0.0384328273489677 0.0117735145762934 -0.14964567994125 0.21394983715364
-0.00419165550952473 -0.06735754469777 0.0809398648063958 0.152305723074382
0.00178437534493171 0.0512518332829622 -0.0846719569044955 -0.0872010203769898
0.0548401304546031 0.0134047660736762 0.0914570779001236 -0.192230628656618
-0.00781117919245709 -0.000755524338197934 0.304112935937516 0.198363777272873
-0.0304810643171644 0.00596338420526493 -0.251719404689279 0.429035693202351
-0.00815831448224575 -0.0064578337946835 -0.58982832638837 -0.0742447280297345
-0.0178142338650151 -0.0220206207264033 -0.307909183191736 -0.402307654158856
-0.0180633473259016 -0.0190868947108104 -0.0783161981697902 -0.228672739231013
-0.00723352492064053 -0.0100291484110526 0.0092429373901898 0.0141243902489007
-0.0106309368343359 0.0074453412077667 0.268549298175285 0.0180203153305167
0.0169558470008511 -0.00256459223736103 0.275947268943465 -0.45754148235815
9.0368793372036E-05 -0.000496031889974088 -0.371625217098683 -0.439462435243836
0.0126576965630611 -0.00134938155504693 -0.468281370600327 0.248013639824433
-0.0379797081483242 0.0323645234921115 0.0514498973122233 0.386141827614977
0.0463779674694151 -0.0431915081695404 0.194615110358265 0.154858768096181
0.00259189066164392 0.0364402104328376 0.20892000123145 -0.111050618824684
-0.0162429345785356 0.0592128898357957 -0.100116019753482 -0.0594612202254924
0.0632722751592576 -0.000638188247392986 0.0512716499193833 -0.220761647328796
-0.0203863945395461 0.0077232161837184 0.347410929975902 0.0635231103226906
-0.0159118465057723 0.022231228436017 -0.0558492994578902 0.48329761988478
-0.0177631923273213 -0.00527099251373601 -0.563024456090569 0.166079198116792
-0.0372674584495758 -0.0219977376339997 -0.418215188157585 -0.284401322653914
-0.0318454302074384 -0.0234482345388866 -0.122845254874166 -0.219108358951532
-0.0158208746785036 -0.0150126220960357 0.00467820286647 0.00381828549022333
-0.0252419093072798 0.0124316553666261 0.252719318009992 0.0659997092499839
0.00583939062337752 0.011986552485604 0.395829093743198 -0.355242540486418
0.000420574747760531 -0.00481510648089071 -0.206423496876185 -0.557726602277023
0.0148737090595375 0.00459874422928687 -0.51859876643959 0.0590003927815014
-0.0538178373105825 0.0128820893367676 -0.0879889858655149 0.393810807690496
0.0791283600981591 -0.0193629772492401 0.163048019561003 0.183610225211775
-0.0141519261268524 0.045593995249079 0.213686013500469 -0.0709109501408749
-0.0276751521868355 0.0594246168982791 -0.119202377652131 -0.0183917352915628
0.067907555431121 -0.0191313269540446 -0.0121842942061232 -0.250428984496004
-0.0227342731500491 0.0250315535990396 0.332166594753364 -0.109610278983354
0.00817414032003676 0.0222932243066434 0.206037832679617 0.424920556199111
-0.02788616204855 0.00539609163496102 -0.397769215260335 0.430446404213536
-0.0501260061085586 -0.0040445706126647 -0.497962395721584 -0.0825156188836629
-0.0429665809365259 -0.0196980295386578 -0.177951842765195 -0.190979391179745
-0.0231617145271417 -0.0177189232227065 -0.00359200538403535 -0.00746010948346939
-0.0373881361620941 0.011019436340025 0.220632923353882 0.122298677460592
-0.0112832051368567 0.0162309405502596 0.497397292277133 -0.168687699556842
0.00286616047511173 -0.00606517567679938 0.0760752083194045 -0.608782444979964
0.0102488394435431 0.00800200576220563 -0.472700923849869 -0.199213246472393
-0.0442962876968599 -0.00996031479457401 -0.259003892795873 0.305373510700944
0.0841087239916044 0.019212002670639 0.117886244788094 0.221965891643898
-0.0309030820407899 0.0444471921518175 0.205292624989098 -0.0150480201129158
-0.0362075396555832 0.0528474708901527 -0.135819852707054 0.027539649492049
0.0629979085897945 -0.0304460956143749 -0.084186630555891 -0.258233480602252
-0.0132140475507155 0.0343363072569176 0.235556889811073 -0.254058796137623
0.0243745461421661 0.00751426478583053 0.40983419254908 0.22028256241948
-0.0287411934172856 0.0171802065818262 -0.11349332370934 0.574634846087583
-0.0461459838854469 0.0175967724108719 -0.484743302577131 0.145472400719719
-0.0464614346526075 -0.0103840797826119 -0.230273434196034 -0.141772941424702
-0.0259758020664129 -0.015638606649217 -0.0107616700994529 -0.0202752903809655
-0.0412031483764386 0.0056905297356922 0.177493576973212 0.168825929924869
-0.0264898840960351 0.00963535925721885 0.518135650741731 0.065523128006715
0.00293558213876656 -0.00703237128870353 0.380698746514606 -0.486010054852965
0.00473958225792397 0.00495744014212382 -0.278865554516516 -0.42961029087974
-0.0227594833475998 -0.0167106101116621 -0.375681815471948 0.113159556390311
0.0601242475840064 0.0502755492722128 0.0530413747826717 0.255739136679869
-0.0435923596868501 0.0315132992888098 0.181377668048333 0.0445153907826257
-0.0430344297352699 0.039691928580917 -0.150304691078338 0.0683314411878832
0.0539633939141213 -0.0276516857385246 -0.145018154463685 -0.239145887138439
-0.000411116952802593 0.0274821661512366 0.0939038006641724 -0.321920248130087
0.030042415192209 -0.00880291733063852 0.472428825056865 -0.0327351920976285
-0.0235928118559196 0.0235437784065806 0.167554331776538 0.55418631763768
-0.028552376614851 0.028691471034801 -0.382574265438054 0.333044452714822
-0.0397490936154708 -0.00117049292076337 -0.267829266754133 -0.0791197688563652
-0.0244408774305379 -0.0103356235503824 -0.0182086725906029 -0.0294373098048717
-0.0382478448747155 0.000428435017185209 0.129748213115849 0.199733101789148
-0.0293549102786577 0.00081568653020531 0.44496408416993 0.277984209773954
0.00238352974077236 -0.00869964235343138 0.579434381757764 -0.222399553966671
0.00632202218819907 -0.00149553988876357 0.00239888993554562 -0.519959091953426
-0.00703222033066743 -0.00847850633529447 -0.383998390491041 -0.102390745593335
0.0221718092204129 0.0534822776649795 -0.0265608539667491 0.267483054421715
-0.0454094138255169 0.00888279942041979 0.147186179624491 0.0960813667433084
-0.0451431873844665 0.0201966480362993 -0.16354220469259 0.0975716574917178
0.039473774641261 -0.0129560993348934 -0.179237102618118 -0.2027843702831
0.0074218609131173 0.00606376786899587 -0.0294468595214362 -0.320885595207398
0.0265335980919353 -0.0150384406681576 0.434547366505578 -0.221469758841482
-0.0196750488808887 0.0199614578741113 0.348325202520183 0.443123461090075
-0.0128115017765266 0.0274904025385884 -0.256765234779325 0.43911585515806
-0.0249304226862896 0.00327383410834841 -0.287192553706313 -0.0238771175749879
-0.0190520570699506 -0.0047290273346911 -0.025821397195635 -0.0364583212161516
-0.0297865280832615 0.00128697984712057 0.0892646507377316 0.211872546105588
-0.0219613922024564 -0.000602098333739245 0.331743604575771 0.410231312820228
0.00557572241569739 -0.0139781016929381 0.623435117765061 0.0475499043708373
0.0125948045819488 -0.00320459135716723 0.238985887376067 -0.478446008743185
-0.00553633126740585 0.00132095275286933 -0.325973345228125 -0.26007948557
-0.00811724378779591 0.0385318710606018 -0.0953743895700725 0.247814334733626
-0.036932294524098 -0.0189047211319782 0.111685889364238 0.132937595113643
-0.0439006147149938 -0.00216952753155213 -0.173979919153293 0.112399406359686
0.0182685185766581 0.00756168470862654 -0.187290021854054 -0.17130602886943
0.0130396952155517 -0.0192654851691281 -0.102366922528042 -0.303547616720552
0.018538020659226 -0.00854679115400018 0.389751596931609 -0.313092424211467
-0.0177919670227144 0.0136587827226436 0.417027672740796 0.354536345707712
-0.00350679949177505 0.0154106535174488 -0.173871459654045 0.482547179966394
-0.00916420432459112 0.00388495998579916 -0.291917222083482 0.00754208667137357
-0.0118699602680026 0.00351974162699746 -0.0291037720037288 -0.0399124718520653
-0.0209671383537907 0.00919885316371983 0.0634403793834534 0.215711548001292
-0.0115207494989019 0.0104301993494864 0.248504426171169 0.466487385149717
0.0103132492633724 -0.0143975086882587 0.598507041770344 0.206931269816668
0.0186101992821113 -0.00479316466860759 0.363471737287038 -0.406404278319596
-0.0117251804276993 0.0109726911107429 -0.273437503217942 -0.334386575018545
-0.026133775801548 0.0216502588963128 -0.135583326236276 0.221474604857811
-0.02073419818691 -0.0443085668136727 0.0868363648237913 0.15003004565302
-0.0362202712713357 -0.0238500545792271 -0.185008615399417 0.110285454080442
-0.0122900009421359 0.0249800486127747 -0.179521226918532 -0.155486373805966
0.022933573437315 -0.0380788620788216 -0.113801072327613 -0.309442183256348
0.00625413881053588 0.00198662562437811 0.389824112437633 -0.314259163026654
-0.0163265637156233 0.0102941019452568 0.418302976694429 0.344020438921224
-0.00020190277019852 -4.61370026406654E-05 -0.167148233191151 0.482506623805848
0.00597878374878087 0.00111093025538926 -0.291148050488317 0.0122123124279339
-0.00323389738184521 0.0117101081858318 -0.0291343400649359 -0.0389585336036296
-0.0109391100820934 0.0212952224550153 0.0587351322559313 0.217933866438698
0.00248206500853728 0.0262358791806738 0.239692040943368 0.471626418967196
0.0126441606101724 -0.0114606273068887 0.589680151358536 0.221973943587631
0.0221412566698953 -0.0112963938346311 0.381545525786388 -0.400787277425007
-0.011148800100018 0.0192025285014105 -0.277576996100144 -0.33198568969475
-0.0376099889695441 0.0119027259981702 -0.142860485053209 0.211071328681738
-0.00443982264098946 -0.0658063170579249 0.0834102667127968 0.150801289183691
-0.000175697961296774 0.0547010629844085 -0.0861009104598375 -0.0907224667515798
0.0583376691775365 0.0124465359788358 0.0953460866373504 -0.19115150878462
-0.00707565718974772 -7.53426499780965E-05 0.308366599109219 0.204507645614279
-0.0342372705435894 0.00662776549441072 -0.260096938204638 0.43694694836963
-0.00734218229534072 -0.00848305720167368 -0.597600422427958 -0.0804767916643357
-0.0184662947555553 -0.0224428765903457 -0.305019656653552 -0.40863097094524
-0.0183732790297028 -0.0177198590663221 -0.0753964115076186 -0.232354940462153
-0.00668172138604629 -0.011373452117234 0.0102382505969386 0.0146039295167871
-0.0105868367043213 0.00983198462811759 0.272166914865283 0.0219217943164062
0.0137254529558944 -0.00401270147475317 0.283538149096129 -0.470665440993001
-0.001967319933796 -9.77003889661779E-05 -0.382034344686481 -0.451041454447471
0.0140227887915656 -0.000102772170142101 -0.477390200757535 0.255198620560788
-0.0369484262578396 0.0325533179424314 0.0563172682084073 0.395619574767849
0.0466917980225319 -0.0453617971226761 0.197811845960529 0.160396743691565
0.0045529297004285 0.0348406438020939 0.215137017891676 -0.11284308236141
-0.0178658730148773 0.0616665854480261 -0.102018740734732 -0.0624370637857678
0.0666161091105328 -0.00273093410051135 0.0539086182099765 -0.221553647065631
-0.0196874942152099 0.00752758102290857 0.351582779110717 0.0674378365571814
-0.0171046739499514 0.022307595819154 -0.0628271457257055 0.493613161843794
-0.0181598081833787 -0.00797981770377206 -0.572205151182104 0.166082547731889
-0.0383130921596988 -0.0217145971653965 -0.419002810021445 -0.29058245442666
-0.0320136737716906 -0.0218408671132157 -0.120111184896744 -0.222449944510654
-0.0158280033880923 -0.017619378353703 0.00464316620073675 0.00468628885640873
-0.0258678635955279 0.0128729829940256 0.256218505480728 0.0705795164309238
0.00344172672149356 0.00943726726913208 0.403525796977817 -0.36290347353385
-0.00141031193157014 -0.00348861668837887 -0.211321237194119 -0.571112738798909
0.0160267951972952 0.00542456424054525 -0.529957906415539 0.0627751051156114
-0.0528068190808359 0.0140425962355777 -0.0847944616190532 0.403977808756866
0.0811156673462991 -0.0207454238852485 0.166727534355184 0.190216471206976
-0.013067101579388 0.0450199278115019 0.217641918617331 -0.0692989686136859
-0.0296573162514215 0.0632675277956079 -0.121359060984974 -0.0203399246336618
0.0699335103729965 -0.0211055344906971 -0.0119177905981082 -0.252059284413812
-0.0222819161852168 0.0236775630117031 0.336457956875165 -0.107788302477015
0.00757016599886573 0.0222393937296953 0.203252686642913 0.434136348824661
-0.0268811566745665 0.00400933723963096 -0.406187375268727 0.435132572684174
-0.0513003103018473 -0.00502720573162526 -0.502839041386039 -0.0880755165193465
-0.0438918046979638 -0.0194449612296188 -0.176997222809669 -0.194357725669189
-0.0227338115217059 -0.019205029075622 -0.00225451912685572 -0.00606537832717324
-0.0366794308090086 0.0115777179217277 0.224318679635929 0.12609240899557
-0.0155988753587223 0.0144588319625763 0.508647996721962 -0.175718684611319
7.90988498499991E-05 -0.00667990202915864 0.0780062569734411 -0.618904089288093
0.00925976352504808 0.00854032869978531 -0.484032094400727 -0.205672820480688
-0.0444348950301689 -0.0100668133908383 -0.262862792584998 0.314186312218088
0.0867926144072616 0.0185098037874872 0.120179848824462 0.228919080814612
-0.0309811508695627 0.0435024985769162 0.209192975862089 -0.0125105846388126
-0.0388456882102785 0.05703559870194 -0.137590246613459 0.0262308376408573
0.065772606587919 -0.0334652712382953 -0.0857766836663102 -0.261908577033601
-0.0133153597182651 0.0332662319536492 0.237135287904196 -0.256902827389375
0.0258382359364637 0.00591770697185206 0.409389844546489 0.228234002866361
-0.0282541363561268 0.0173515432608373 -0.115947079709877 0.582217240868256
-0.0459933636061525 0.0168267652962992 -0.491064191697413 0.144318160778006
-0.0472009586989275 -0.0101616999817514 -0.230909655693343 -0.144666691827026
-0.0246369917288587 -0.0176921123908966 -0.0101792912665082 -0.019192156782156
-0.0409401994317498 0.00485461677497756 0.179157283409503 0.173389709275529
-0.029282486266056 0.00664257274710555 0.529607460131027 0.0677475326513095
-0.000625040229584629 -0.00862862453083034 0.388211566902144 -0.494472691188846
0.00218916713000919 0.00431229108879781 -0.284589520827042 -0.441220985145377
-0.0225845786783686 -0.0151637479185478 -0.382261861323265 0.116382847292188
0.0610308518153458 0.050000511718036 0.0547276463438892 0.262050211614162
-0.0436073557137821 0.0296252490182607 0.185939698406956 0.0481713736113591
-0.0451425618639017 0.0426046119524484 -0.153740853737615 0.0675977205238315
0.0547810046067018 -0.0304241455188504 -0.147734250048097 -0.241793174088359
0.000615887618480221 0.0259558890200507 0.0932200854948026 -0.325359323537779
0.0312358970489525 -0.0116286241605791 0.473820274873454 -0.0318514226746501
-0.0241590885369797 0.0242937709274155 0.170945157957735 0.56008665562133
-0.0284829205106638 0.0267148525665641 -0.38899122111967 0.335029794698933
-0.0412646900983421 -0.00235512483082828 -0.270411114537281 -0.0820002024753311
-0.0230361622459442 -0.0119869352317956 -0.0190068974885518 -0.0284952671181801
-0.0370899819496142 0.000467181578533853 0.129425034198522 0.20347644352095
-0.0312439557331504 -0.00225245284596979 0.453773581654448 0.282669964611794
0.00178650409198226 -0.0136366638525934 0.592038952726521 -0.222778840023966
0.00283975343796941 -0.00344615381202644 0.00443282710830548 -0.535484748134188
-0.00635626562557083 -0.00808014752665981 -0.393014012321941 -0.106168559263017
0.0222809546962111 0.05385476914521 -0.0274844854244419 0.272758326555024
-0.0451630009850153 0.00734556847897033 0.150211264205156 0.102309824907903
-0.0467347641758595 0.021892464843927 -0.166508411515831 0.0975143566225133
0.0411917047853535 -0.0147413901805753 -0.184089035744794 -0.205430794632384
0.00815985190625351 0.00469605333356115 -0.0313416555975964 -0.325787990721842
0.0281846353141301 -0.0182397063989147 0.436059824487148 -0.225660642897003
-0.018863312052818 0.0217063835627336 0.352752440885685 0.447787312621724
-0.0132743521940768 0.0242617423392369 -0.262142813437823 0.444101589684799
-0.0274683511749172 0.0022633058254285 -0.289641186973817 -0.025746294369329
-0.0174876215234642 -0.00609205930604564 -0.0259504991599316 -0.0352482172700816
-0.0292858392293109 0.00179821412399079 0.0880016346532657 0.214541452438274
-0.0231019006197205 -0.00285722661302535 0.338639784813075 0.419188047971552
0.00568895743524513 -0.0176112109762095 0.637242077901906 0.0507086908551011
0.00990054000726757 -0.00692278208458235 0.245092795632506 -0.490042837071531
-0.00569678481168783 0.00224918658898413 -0.333678352004011 -0.266860255659299
-0.00763613015927115 0.0377387109607977 -0.0976835876893261 0.252533600148433
-0.0358174643128786 -0.0198056146794813 0.113102024629295 0.13827630483475
-0.0445342087088253 -0.00102596113914298 -0.177515213998549 0.112164864614084
0.0188035170316061 0.00733820551852113 -0.192004692947904 -0.173924130457386
0.0134117760427978 -0.0221333315786337 -0.103625930321533 -0.306781109508324
0.0208034665479517 -0.0128047899846591 0.391023911807765 -0.318117809847234
-0.0178537283031805 0.015415815106306 0.424780336255715 0.359840515359627
-0.00280094707395179 0.0127464289044662 -0.179327008865515 0.487629589170215
-0.0105949230410533 0.000893157415157074 -0.295559020766976 0.00725230157001593
-0.0098787368930465 0.00317854992464202 -0.0307116983957996 -0.0386138872509696
-0.0212072345148342 0.00958011685849361 0.0627483610821713 0.217534447997396
-0.0123688168631882 0.00669853376582399 0.254143515772563 0.475257793261202
0.0117796033538088 -0.0182045028333686 0.611182545494334 0.216008181449282
0.016725151848582 -0.00797235516365796 0.372479778082753 -0.417235756576918
-0.0125430541238117 0.0111500607374358 -0.28309059219472 -0.343225561915911
-0.0250827788361362 0.0204578815193661 -0.138927367271147 0.226232070163617
-0.019409179369883 -0.0459570670965712 0.0887988263283262 0.155367761823605
-0.0371201812392461 -0.0256278992004849 -0.188608818158396 0.110982507881379
-0.0115816580586818 0.0250216586701514 -0.183244019010861 -0.158425173078022
0.0243487293159078 -0.0405481412560622 -0.113906758167929 -0.31368196060853
0.00794003458883737 -0.00139996762464391 0.395036174439571 -0.320422230987015
-0.0183103399799284 0.011919683439989 0.425323128642262 0.349156842430434
5.69957696891082E-05 -0.00319171226783451 -0.170762022626543 0.487412914530638
0.00610910588093486 -0.00195511221265529 -0.295147253720781 0.010825422688829
-0.0028780039335122 0.011455936025215 -0.0305349064348743 -0.0384492615834168
-0.0107775548136416 0.0199155721764201 0.0583324316702073 0.220042535520608
0.00309844743598899 0.0231579020957973 0.244466102540315 0.481202705330171
0.0132105206654265 -0.0156609503166682 0.603390738187181 0.232442121687424
0.0197854293971514 -0.0146773268718641 0.391358092689976 -0.409253331534583
-0.0123719404126628 0.0204398911857038 -0.285686272943402 -0.339732879321247
-0.0371723712479724 0.0116509206625481 -0.145625090328394 0.21449017408447
-0.00312773963974372 -0.0673220300304986 0.0846948820818156 0.156343532259604
0.00201633414719928 0.0563000128586834 -0.0897534651791974 -0.0876182047820234
0.0604227453147865 0.00882911765415626 0.0879152919289286 -0.194174833914798
-0.00581316302985065 0.00144221766663804 0.313841014388033 0.192771562211829
-0.0351373655365315 0.008406573226624 -0.23854063370649 0.452138878112034
-0.00857387869981146 -0.0093296906401468 -0.600504510277489 -0.0562372051323966
-0.0224641925423746 -0.0218540595434977 -0.319257131715421 -0.392805283914708
-0.0198093208228196 -0.0153395015407618 -0.0826944295366569 -0.228230647703524
-0.00692483583267984 -0.0127969657071923 0.0111289331346708 0.0135919543528671
-0.00795778092295151 0.0110716071331989 0.271324033579343 0.0123817632424564
0.0120201223175047 -0.00674982458206735 0.258932041916955 -0.481066107543052
-0.00188649102189014 0.000388334336694548 -0.404361237429719 -0.429777985119499
0.0131900609977794 -0.00167915811999252 -0.462674815939664 0.276422379121921
-0.0361604230394575 0.0350113834268929 0.0771780305305724 0.392355564361122
0.0437888982334545 -0.0472015704380229 0.204139654584231 0.150550584959369
0.00493051852742489 0.0344428225933981 0.207232471506972 -0.121722130217583
-0.0147203913227881 0.0627024964340325 -0.104452509946241 -0.0591298700197958
0.0676061322656397 -0.0077371586085514 0.045146620483041 -0.221420314297896
-0.0182554909766538 0.00835510356313965 0.35041874988807 0.0538877821596291
-0.0172441192249554 0.0245672207030153 -0.04005473868077 0.500472258806823
-0.0175154489275974 -0.00943132575071602 -0.563445173685344 0.188847847838869
-0.0407402449465774 -0.0209455355880855 -0.427318266325757 -0.270307492884006
-0.0316285257796161 -0.019059279399668 -0.12559052967668 -0.21595339707918
-0.0168320580069217 -0.0187048771885691 0.00502130063301982 0.00446564161198611
-0.0227486179620237 0.0148052534774303 0.257221769571452 0.0599231948312489
0.00202160980463502 0.00830519069053876 0.383075873512733 -0.380711446194818
-0.00276609404472014 -0.00435945086364833 -0.23912669962355 -0.557205861396795
0.0162144289645697 0.00297912860032421 -0.523570573116999 0.0883017988981852
-0.0520328044750094 0.0162841499527539 -0.0635389967455902 0.406389591981345
0.078965727850793 -0.0254375835159618 0.175251238040073 0.182798337996725
-0.0117068864083212 0.0436020041850287 0.213827296712834 -0.0789358546816139
-0.0267056984572651 0.0646917256105243 -0.120632923369875 -0.0152236935168103
0.0694985766375801 -0.0278792254044923 -0.0207321445124508 -0.248306767341912
-0.0206294498513457 0.0229258971162917 0.32821199584839 -0.122270782653203
0.008160338571835 0.0219541933868532 0.222800049574644 0.430451255935598
-0.0272336687568836 0.00356318504000365 -0.385212067349754 0.447913899374925
-0.0529794970535188 -0.00254587148448652 -0.499568058995029 -0.0637852361934033
-0.0446212439543859 -0.0156895756714979 -0.183236540930681 -0.184740430761691
-0.0214853239312355 -0.0204218879293876 -0.00266242142184205 -0.0058492459960405
-0.0335642752477138 0.0129469440891427 0.226324878595044 0.118356452706016
-0.016413566727471 0.0136184326767525 0.495183157109454 -0.197284988158398
-0.00127059290887811 -0.0081553614432429 0.0460744327187662 -0.618650219370692
0.0090625280197727 0.00661313482213017 -0.492656128041871 -0.179198410933144
-0.0441401672131169 -0.00626624475103633 -0.244134702417634 0.324268733337648
0.0874253554776749 0.0139189422560715 0.130363670229269 0.222835944994049
-0.0306215622485994 0.0426985425382565 0.205667992984688 -0.0217985634221095
-0.0361819404399922 0.0583716734786469 -0.135508286239082 0.0316350987856378
0.0641180812924448 -0.0386496708375628 -0.0951227759154245 -0.255927456905272
-0.0111686262349752 0.0313456851732129 0.223778056733599 -0.264450117349155
0.025282356469925 0.0032551508022344 0.41691197009527 0.213406297207179
-0.0271257703464582 0.0177097474241296 -0.0910914609855909 0.583303229229782
-0.0464304626565386 0.017541244561245 -0.47821510525819 0.167935837634701
-0.0470334158540873 -0.00654099018661742 -0.232778340231777 -0.133456107838599
-0.0242870522702281 -0.0195524727191727 -0.00990100593025718 -0.0175825012043067
-0.037940351678412 0.00783459852801206 0.183419188543657 0.166456471215489
-0.0299449720931127 0.00789638859419559 0.527871287645217 0.0413797650377832
-0.000955014826469012 -0.0106336207136581 0.363749678842862 -0.509203127259855
0.00222346654536718 0.00297297066437831 -0.304096623372219 -0.426532718932481
-0.022773605835639 -0.01593655899492 -0.373724993849167 0.133736360222482
0.0641232991869027 0.045474552897675 0.0646840507440189 0.258998376074321
-0.0427557871137571 0.0294852740790196 0.185855909443184 0.0410188825875934
-0.0425548393361267 0.044364813295112 -0.149043176333172 0.0752388347751251
0.054492863022354 -0.0342003986941709 -0.159739219427352 -0.232304249572542
0.00136225399340501 0.0232303627188404 0.0776902479701856 -0.327973218020787
0.0295391743193976 -0.0160436600034363 0.467412423950128 -0.0508513725305814
-0.0212658014186287 0.0240240458972941 0.195172244783622 0.547941698828025
-0.0288258099884088 0.0268804674433385 -0.368386822846135 0.353557212784737
-0.0423141598770702 0.000598345687429664 -0.270303692302684 -0.0691580274823799
-0.0216518360311067 -0.0143224157422909 -0.0193353136011213 -0.0262981465381073
-0.034225798847637 0.00236408401023876 0.135920499052722 0.197198857232848
-0.0317672621060185 -0.00166895181444584 0.461643481011589 0.260209206062095
0.000848569449968296 -0.0155527155823513 0.576869162292685 -0.246763999283648
0.00233598533442633 -0.00444472662393934 -0.0213073844695441 -0.531306252574726
-0.00711896713050332 -0.00853874871551834 -0.396351191439211 -0.087867947582296
0.0269397018631219 0.0508040854001409 -0.0159227058644286 0.272854349271287
-0.0445963613381302 0.00635006971371838 0.154319727502961 0.0954747184222876
-0.0458355665609089 0.0234043903126783 -0.162318434411018 0.105031048679939
0.0406026568349221 -0.0184147623566346 -0.194375587051904 -0.194997031977134
0.00816758446645149 0.00155323531185891 -0.0457794603686578 -0.321659025026118
0.0273638089096518 -0.022501897001773 0.418998720769256 -0.244433446901566
-0.0157293140717896 0.0219275731445099 0.369302681427273 0.427390566680274
-0.0126813974671905 0.023708722183713 -0.237109872986136 0.455125220624193
-0.0272615947953292 0.00350105541508428 -0.286928852703649 -0.0120557621568652
-0.015192872111484 -0.00700570572327889 -0.0267994195194708 -0.0336676969466142
-0.0266930368254843 0.00328799529921285 0.0937329645155401 0.209469073662526
-0.0239787907645768 -0.00306357375148737 0.352541416597973 0.399773522867361
0.00591399729777944 -0.0189965315016748 0.63446623321488 0.0254352541587908
0.00906679069191971 -0.00791970534212678 0.219345768909701 -0.49806852185577
-0.00492605784407862 0.00242701097373012 -0.344098828011243 -0.250095202024326
-0.00343000153770663 0.0363066993149725 -0.0871717720918602 0.25588356764966
-0.0356981342145844 -0.0208384651394545 0.119807461238837 0.132864749086875
-0.0453252970788032 0.000637183731427499 -0.173550109323883 0.120449322473747
0.0210089848944864 0.00446246881307425 -0.202045140274004 -0.162683207831681
0.012775330820155 -0.0246568664737343 -0.118680324281126 -0.300716425551583
0.0200889825590241 -0.015562777678371 0.370803022950703 -0.336556702012659
-0.0146560677759272 0.017205295753789 0.438399706863108 0.334976482437121
-0.00293555525970517 0.0102204709879611 -0.153182468641404 0.493619599919605
-0.0123561772072667 0.00151984026806853 -0.29181087685596 0.0195515104295544
-0.00753182908911656 0.00289991207894499 -0.0316700688242672 -0.0368749412044692
-0.019296694901824 0.0105951928540456 0.0692687698496385 0.211710614665241
-0.0112162884303312 0.00676860433199417 0.272595854871195 0.457467698867549
0.0105863869919186 -0.0205794529893278 0.616073522236322 0.188940598724191
0.0162473998278273 -0.0101740895046369 0.350674684054453 -0.430962260849863
-0.011967324628741 0.0126232559071513 -0.297081319323884 -0.326979436043251
-0.0237867449537554 0.0211505308726748 -0.127638507608994 0.230427939583977
-0.0198126352249033 -0.0455270890575036 0.0965647385652249 0.152362565513556
-0.0383718482906411 -0.0210305816398605 -0.185045714691289 0.117675009590966
-0.00893708572701108 0.0240912369215641 -0.194253210871225 -0.148817761975242
0.023535492130258 -0.0435767637331476 -0.12884402163027 -0.305644508612102
0.0100893051558355 -0.00353322576127664 0.373669912207327 -0.341452106054915
-0.0151274429812244 0.0130813079766718 0.439913351407204 0.325642152062702
0.000732014188128564 -0.00504062852493599 -0.145385989419732 0.492917321279976
0.00459462050943553 -0.00238535033012412 -0.292764350480069 0.0230160608992448
-2.90846013095104E-05 0.0125020358748233 -0.0323599589803658 -0.0359334852462908
-0.00941272635447783 0.0207009026915966 0.0650466653766985 0.214108052920234
0.00420558184590483 0.0219264880393348 0.26308460798375 0.463078253289168
0.0133723544523636 -0.0171877973451009 0.61049843259492 0.205005490123676
0.0196274106916279 -0.0167635189556935 0.369358258727632 -0.424955711889423
-0.0121763528872084 0.0210128118821541 -0.302610875791896 -0.324243998972908
-0.0346862853151464 0.0135954329659102 -0.134912984550389 0.218327842113151
-0.00380782724479827 -0.0674175053183799 0.093027583164753 0.151526819997885
0.00327196390624038 0.0567742513541521 -0.0916775064733741 -0.0856977129795991
0.0593911666524255 0.00249084716382529 0.0840944575908217 -0.196529021580047
-0.00371659598781178 0.00060788818548436 0.3178519288406 0.180081597344377
-0.0369342909049017 0.0133422976285587 -0.21685076300435 0.462191480104489
-0.0122938770550207 -0.0105303291754387 -0.597726367331326 -0.0321985702155087
-0.0260256201552698 -0.0196855550400491 -0.328654285221289 -0.378902370543306
-0.0187009865759043 -0.0126526417482142 -0.090452017663935 -0.224656021922133
-0.00870650773011914 -0.0126622693993382 0.0116286675158117 0.0125669415535414
-0.00678633752602512 0.0127019954558709 0.270427810220363 0.000711262167584252
0.00918252544387041 -0.0103213140247775 0.230611676530916 -0.494136589022253
-0.00603608513759917 0.00189520581841062 -0.428184638883253 -0.408427603556888
0.0131901465832771 0.000680592754298057 -0.446393106107349 0.302452196495154
-0.0314503914127926 0.0376979960828386 0.101451454565779 0.386371540944543
0.0414343064250367 -0.0517537371324113 0.212741862659994 0.141657125977192
0.00478822128061756 0.0301713454829318 0.202564120311698 -0.131012263120598
-0.012124485307046 0.0654785611158007 -0.106067579813807 -0.0558588063488155
0.0647440012483781 -0.0137398152276439 0.039340496349366 -0.22308555555912
-0.0164614714339665 0.00715541609152204 0.349508281537587 0.0418230879327407
-0.0162213541112408 0.0267180554985203 -0.017298779325032 0.502733243286053
-0.0200932138796018 -0.00816244744870211 -0.551367717990328 0.213001064770177
-0.0432954072287904 -0.0170385880616734 -0.433654090800391 -0.252187971504276
-0.0310028389135783 -0.0153796732994589 -0.134046048105798 -0.209889101343691
-0.0172841888538349 -0.017740863232087 0.0058434951370947 0.00445073369022316
-0.019342224651609 0.0164449802976696 0.259620573646844 0.0505809275586175
-0.000144429244073313 0.00541558204251386 0.358939008975127 -0.402523415144274
-0.00764968910681548 -0.00398184628133814 -0.269304256832608 -0.541448368327064
0.0149754172792334 0.00501569785260191 -0.519516553750005 0.11764042356673
-0.0480265098399846 0.0203256099590622 -0.0391628832396975 0.407416412579185
0.078783634825786 -0.0324624665299527 0.185006082709109 0.17344100441836
-0.0119588414357055 0.0402245305094587 0.209969345923982 -0.088243528054278
-0.0237837463095023 0.068390316754589 -0.120642198036316 -0.0131617610434897
0.0653899293771537 -0.0331070319111262 -0.0276252949277859 -0.245681974027281
-0.0200823076761482 0.0222707287584273 0.319189132582209 -0.13380874422874
0.0102648845053242 0.0212342860718625 0.240660945982757 0.423700348010779
-0.0281754902635923 0.00546820640961612 -0.36361189862746 0.462814432031689
-0.0540276168695678 0.000422275025301722 -0.497141759365819 -0.0439007299923286
-0.0437668547726794 -0.0123407542836874 -0.188348480338449 -0.17648806529427
-0.023378913109582 -0.0198034328720539 -0.00250711966882852 -0.00645279860094792
-0.0309862178625126 0.0141682138697763 0.231076284345544 0.107360027315434
-0.0162308973560702 0.0122249301505792 0.479929523794395 -0.225562582018701
-0.0065262037965168 -0.0087774981431566 0.0114783303082223 -0.618919159400229
0.00643625888192147 0.00894228489684711 -0.502346153219685 -0.152573628399986
-0.0427553480159286 -0.00365742491158211 -0.225929995066319 0.336956115301977
0.0905161262171243 0.00684964149590694 0.143470312097028 0.217542718622649
-0.0300348548826974 0.0400219769917224 0.205258644876258 -0.0295047631339249
-0.0322850577659478 0.0621671985303028 -0.132795864933511 0.0357262419220848
0.0596348972308022 -0.0441570844473322 -0.104928131611726 -0.249118945651856
-0.0104985677040401 0.0307872404505096 0.207265686856863 -0.271274597634677
0.0257201589149322 0.00121211114058348 0.42444456025688 0.199652402249807
-0.0255154773039194 0.0195609977739319 -0.0630747887942562 0.584326668084855
-0.0475299518576923 0.0203780738610602 -0.467163680912092 0.186652283419163
-0.0468439919669764 -0.00357875063951249 -0.236227748156822 -0.122425954607683
-0.0256813753024683 -0.0202204465731695 -0.0104008436143579 -0.01780073939251
-0.0353637019032397 0.00889757354317302 0.189849334472814 0.1580900269036
-0.0293684126725269 0.00799224802744279 0.526479619581566 0.0137116242521395
-0.00439120856118055 -0.0136014652464485 0.334333951255775 -0.523658676235203
-0.00283257129989492 0.00491193888671348 -0.328626926259129 -0.408443167242903
-0.0225950587737483 -0.0135273257725103 -0.364546410093266 0.151149990965616
0.0689472297425367 0.0399338726170715 0.0799646968325338 0.256534461569261
-0.0419167571259303 0.0276841601093627 0.18764548601547 0.033060662124528
-0.039401128204106 0.0492075056158241 -0.144818088626944 0.0794173201403275
0.0502013443057543 -0.0394951733936871 -0.168684848261436 -0.223804999465384
0.00101564090030024 0.0217288586803129 0.0597547016373827 -0.329019852177944
0.0288561310598325 -0.0198836775944146 0.461183559547089 -0.0674212161480014
-0.0177421113012212 0.0253003747629327 0.21693487083688 0.534590637244161
-0.0294912142932557 0.0271841819897288 -0.34942618371124 0.368017589186166
-0.040967219013835 0.00276952560498811 -0.268455300589848 -0.0564329877008143
-0.0223555511329797 -0.0154920329186824 -0.0197671715656799 -0.0249433760939592
-0.0324959348627707 0.00439856294156299 0.141302459961009 0.190883511612886
-0.0315718144957922 -0.000271109087434327 0.470740879637032 0.236166594746358
-0.00105424320419082 -0.0198506603183702 0.560348924063073 -0.272735914304597
-0.00298755173031424 -0.00563197927394783 -0.049409809854131 -0.531083726978907
-0.00719389987191417 -0.00719521828799265 -0.399367220686769 -0.0665758360001659
0.0317794927139939 0.0474460205487509 -0.000796935301628288 0.273576686004835
-0.0430160847095319 0.00468085832282395 0.159267352368437 0.0892406020941619
-0.0435271006529105 0.0291721459250849 -0.156970886019865 0.11000932345822
0.0388600311889508 -0.0222881305465043 -0.20208646947447 -0.183325565495903
0.00786390316652492 -0.00113355972962327 -0.0627336108900835 -0.317449891116986
0.0249534404050641 -0.0273027729460305 0.402608888611319 -0.258844419813786
-0.0121874868628614 0.0232616897113928 0.387127957092666 0.408089814622264
-0.0119158329234868 0.022619466923433 -0.217516353248251 0.464328034554862
-0.0271158870010937 0.00530151783059849 -0.284242311862609 0.000821043796385237
-0.0148974794004431 -0.00844865322028933 -0.0284697950252926 -0.0308992574165016
-0.0255235427806008 0.00419504921837658 0.100237568032316 0.203303418213348
-0.0232306241384973 -0.00154351388314931 0.371320374569975 0.379290889014487
0.00478967554806574 -0.0249269303880249 0.63224975421634 -0.00498891298197321
0.00345668331376567 -0.0116869011806893 0.194032474837999 -0.50954445125881
-0.00663418903335985 0.00350007213269677 -0.355771146948357 -0.232432090448237
0.00121180923433469 0.0360329660880378 -0.0739625587651878 0.260940147247339
-0.0343511578420765 -0.0212831794133604 0.126803227598682 0.128894707607652
-0.0437248243826644 0.00663447288629002 -0.169167476635151 0.126436445387853
0.0202295134420618 0.0032317253913671 -0.210180674215967 -0.151564613864055
0.00963410156544917 -0.0270493255747546 -0.130978211953511 -0.293539158474315
0.0190097563340737 -0.0207285441737026 0.347216280010823 -0.352921099149572
-0.0103956280050444 0.0183720742423927 0.452531013899642 0.311335185013139
-0.00322450542477499 0.0101606759280934 -0.132745029586158 0.494853489121065
-0.0115505561923121 0.00206945085558603 -0.289030104854093 0.0337018771414021
-0.00533557251780878 0.001675653003325 -0.0335860148723544 -0.033899837712492
-0.0163642769053401 0.0119960993314871 0.0752370715837329 0.207596864806297
-0.00963631333274593 0.0075178903353933 0.293532332660696 0.439807171812024
0.0115859434293176 -0.025304468045406 0.623254972644363 0.159142644672653
0.0110260357709548 -0.0148093564736378 0.328842927829903 -0.447811198251911
-0.0127630154053465 0.0139158500955391 -0.313562927940447 -0.307706817447297
-0.0186339971575611 0.0216539739696087 -0.115652591196246 0.236989516298167
-0.0188287154859616 -0.0475331987587688 0.105285024470534 0.148513448963693
-0.0381825643057164 -0.0159561218561984 -0.180107693266483 0.123734381534168
-0.006466420907221 0.0245823556572645 -0.201416022298822 -0.13826274245377
0.0202438919990385 -0.0463589484279655 -0.142751970330976 -0.298574067992578
0.0105984216876229 -0.00846145751670318 0.35088692000672 -0.35766978237668
-0.0110618438788143 0.0154417191612389 0.452634689746369 0.302470625689058
0.00147034692276499 -0.00665870798388552 -0.124574953412823 0.495694773332277
0.00399304097938247 -0.00150118338690483 -0.288875833564598 0.0372690296120298
0.00222227902304978 0.0115570571098842 -0.0356210324195731 -0.0334481577455924
-0.00709298717816429 0.0208385396427899 0.0724897879137207 0.210374514873941
0.00696747630684079 0.0209266720994376 0.284818428280299 0.445349116660735
0.0156700168226492 -0.0221470879226358 0.618830321473345 0.176605413825461
0.0141046043980031 -0.0225984797307004 0.345121759814442 -0.441493326935876
-0.0115640844949571 0.0228426304541963 -0.318986568059887 -0.305150582001329
-0.0307706365583007 0.0146760534322312 -0.123175681517956 0.223844392738054
-0.00318498993470548 -0.0686272334618505 0.100662189903986 0.149187672212811
0.0047663580930185 0.0564488227827702 -0.0986077407924279 -0.0847944321551394
0.0580406637596957 -0.00137573151835453 0.079088761011206 -0.20409880333277
-0.00429048786545875 -0.00104837977353159 0.331509239156485 0.173740096779968
-0.0394495896640776 0.0167710949268774 -0.192648170682895 0.477617997548771
-0.0162688396880983 -0.0114724324702839 -0.606343895290523 -0.00704811643484324
-0.0285771803434194 -0.0151053177948337 -0.345380560028278 -0.370586879025539
-0.0196929395822677 -0.0106600420616443 -0.0973030689187497 -0.223532832425201
-0.0111687965382698 -0.0125347550661589 0.012959722717629 0.0117752942144081
-0.00504743056074803 0.0128701448460821 0.275749197609681 -0.00664182746833983
0.00492697104204035 -0.0118556670658837 0.211184116804671 -0.510365613552257
-0.00689859470450873 0.00250895370324182 -0.448961348730817 -0.392822427107502
0.0109841136130442 -0.000855572431238779 -0.434708539827943 0.32668511873646
-0.0303031260235711 0.0410480247486161 0.121007622430066 0.385235514695469
0.0374422361640086 -0.0543433554593492 0.223593707571162 0.134096542120911
0.00351794576707501 0.0310195555422696 0.198366737201429 -0.141107439393734
-0.0104831582776231 0.0663023047440267 -0.110512075199674 -0.0543827642474484
0.0627937062115743 -0.0174702429468352 0.0317411317334176 -0.228187054797854
-0.0176676057837821 0.00727431082544635 0.356606409905973 0.0314631612253458
-0.0179132484100877 0.0290763435584943 0.0129890638283917 0.511617053356646
-0.0243599036678466 -0.00756603469770629 -0.547726218653919 0.237210622225818
-0.0477053013267465 -0.0125104921130492 -0.444215847152033 -0.238521974673902
-0.0320938758670331 -0.0145276338808515 -0.14075201262582 -0.207559031487565
-0.01967084982711 -0.0186368574223046 0.00668846155682909 0.00373394319579866
-0.0187052638033752 0.0167755984123439 0.263975239166961 0.0426255057552116
-0.00182425529489887 0.00554434916242856 0.343481170707712 -0.42125565857694
-0.00929796915039562 -0.00347717232959052 -0.295675890203358 -0.535540478111691
0.0124208671760294 0.00452885410228569 -0.517555013940274 0.143311112817461
-0.0482593164858196 0.023179003053805 -0.0171409412143517 0.411950979564381
0.077470272664938 -0.0366838572297377 0.19758656882145 0.169029990033712
-0.0124118077486892 0.0413189429820209 0.208136186459118 -0.0970569856767319
-0.0210821675284018 0.0687746158399526 -0.122369257717299 -0.00998793576679948
0.0626650843106273 -0.0380807082733521 -0.0383363990122403 -0.248905688256007
-0.0204141905420174 0.0228411508660463 0.317196831980166 -0.145662288072442
0.00835446495292445 0.0219507974402263 0.267586924610973 0.420283484469421
-0.031340331100112 0.00569729645942968 -0.345676294111145 0.485582283783919
-0.0560703359847133 0.00516064243482658 -0.500925364936383 -0.0248737764450027
-0.0436229121274759 -0.0103431756611295 -0.194420896011847 -0.172244975303472
-0.0250425925800606 -0.0216666267259061 -0.00187973020765848 -0.00662540066113129
-0.0279581380107137 0.0146132950101778 0.237964350950746 0.10232400343262
-0.0180548377168976 0.0133707144860357 0.473660769896022 -0.244737375207163
-0.0089399458717045 -0.00971034928040364 -0.0164174510582853 -0.624319685604421
0.00430108249075391 0.00789841218327653 -0.511671939617794 -0.129067708575249
-0.0435517478658803 -0.0014465209912144 -0.210127394415912 0.348184124677264
0.0908303098999695 0.00198653563572746 0.15637859286717 0.215318279481405
-0.0316384012015573 0.0414656095890123 0.206274189104993 -0.038506018333824
-0.031640639078495 0.0643268480584807 -0.132624957921895 0.0396339306114757
0.0560392729732467 -0.0489563881764215 -0.115858299553204 -0.248288420230892
-0.0108423406274041 0.0307945062351327 0.195605080805604 -0.28153250418776
0.0242024594115731 0.000121864537424216 0.440198774290559 0.187095988075658
-0.0268732277162481 0.0203122424394262 -0.0405746220743506 0.594400680468193
-0.0482912660852689 0.0249047153255511 -0.460781745031582 0.20607838391862
-0.0476594064136035 -0.00164284406440665 -0.241002712873985 -0.115312921843759
-0.0260612666946365 -0.0207113558498004 -0.0109115496179266 -0.0169097680231835
-0.0336636070212884 0.00964318167621891 0.197904692925692 0.154488767797269
-0.0310248727499146 0.0085049351158001 0.527161320652019 -0.0065532736352049
-0.00663597778332934 -0.0153734731097918 0.314321264306441 -0.539759306085454
-0.00444033762897648 0.00433476794732132 -0.347209692129503 -0.396784605177631
-0.0238071725782549 -0.0109769304225583 -0.359117869555282 0.166623962241184
0.0716423486706545 0.0362054840416639 0.0921398179372424 0.258603454681204
-0.044152846365949 0.029990617281754 0.191627969149375 0.026499077502875
-0.0385595405400245 0.0505873850702484 -0.14199989764785 0.0857586172476641
0.0477313121234708 -0.042865468411696 -0.180068452771852 -0.218920593451921
0.000444648482891989 0.0204164347143965 0.0419604613573847 -0.334207181831818
0.0261534416874155 -0.0221640877004389 0.463678694862471 -0.0833340533896147
-0.0176691982452546 0.0251150573803104 0.242057871373188 0.531308778819029
-0.0314777448657086 0.0302444734516368 -0.333578483071886 0.385182812318967
-0.0421911880976855 0.00399924498602666 -0.270920655868689 -0.0475125900100665
-0.0226233294135521 -0.0166974100809574 -0.0192173968314308 -0.0250355524898754
-0.0311667216232164 0.00482939156904665 0.151338748747289 0.189008697166812
-0.0323114777851202 0.00132695145793421 0.479960114853886 0.21977693531368
-0.0033147380712276 -0.02078655905244 0.552317289370693 -0.294540487434414
-0.00441092433949951 -0.0053948993863661 -0.0741156287631142 -0.531908765536179
-0.00848921311231911 -0.0068763511732242 -0.405295712745962 -0.0533778824748017
0.034529091265094 0.0461114849327286 0.0108376591262051 0.279192765985003
-0.0464552983829094 0.00636539532106181 0.165920328704374 0.0838396382933979
-0.0423795767562719 0.0301174245772268 -0.152594434473251 0.118823592202764
0.0366662470519372 -0.0256491220176528 -0.213588720936417 -0.176719594431451
0.00564763286641187 -0.00207822682267441 -0.0796547405167007 -0.317667150696961
0.02305552029106 -0.0306033312681244 0.393675984916739 -0.276569929595817
-0.00973667834423708 0.0219681795741569 0.407137402975471 0.395077757684747
-0.0131441679962709 0.0228225641566346 -0.196177816717918 0.477237826714621
-0.0281396723698451 0.00610154560863865 -0.284642631003295 0.0106117399456926
-0.0156277649362444 -0.0100948291132334 -0.0282967509121029 -0.029819513944566
-0.0233777232329838 0.00524548959330076 0.108373318944712 0.203896442870549
-0.0235771654589507 -0.00102213420025757 0.386202169911273 0.368940461426384
0.00328276286268941 -0.0270157111885118 0.636261540261924 -0.0285436841263945
0.00229285173954442 -0.0121433909913991 0.174526714726454 -0.521106408578983
-0.0079004031751779 0.00293138281645667 -0.368712849228263 -0.220635238302337
0.00194651960228583 0.0336540951427684 -0.064266520097155 0.267891402293811
-0.037454480302929 -0.0222033207720826 0.135566970940355 0.125800812137448
-0.0425447577827016 0.00725273974305249 -0.165854350399039 0.135871307479798
0.0208462859703114 3.70378951946443E-05 -0.220785484375694 -0.141627634324101
0.00767192959875319 -0.0297723611095047 -0.148162003618108 -0.292940338873006
0.0176273011585006 -0.0244874807109639 0.332926033543288 -0.370513063770618
-0.00708506812016345 0.018459123537982 0.469159741604782 0.293012615275175
-0.00395207969653206 0.00803503244352676 -0.109092469705005 0.506870724613692
-0.0125983096527125 0.00249553919992844 -0.288895624731609 0.0458355464534577
-0.00518808051139215 0.000173098838869957 -0.0348630007853148 -0.0320888481843969
-0.0150091445020542 0.0118285856327658 0.0813862499753012 0.207476852684127
-0.00968193287814279 0.00782110589319715 0.30892051073326 0.430352925899361
0.0104168700012798 -0.0283615192830844 0.633608835152584 0.138639072438625
0.00944484583580904 -0.0160285583820748 0.312360141561889 -0.464316331532791
-0.0135375762467995 0.0144027150670963 -0.32982313353596 -0.299153451902861
-0.0174039967088994 0.0200854335179933 -0.108212328526363 0.243656391176137
-0.0214945948356655 -0.0493078891227709 0.114584629989791 0.14752421138212
-0.0374680888903942 -0.0165957906108953 -0.178076467514515 0.13507649831948
-0.0069648253409109 0.0231275796426377 -0.212317107602383 -0.12896114095129
0.0170573492697884 -0.0507949110395058 -0.157493815798901 -0.29768720098014
0.0100725838366589 -0.0115463285757684 0.334501462051455 -0.378723579915414
-0.00730889314661081 0.0164391087129402 0.471732532559774 0.285160093317959
-0.000475162621043395 -0.00946523871143854 -0.103152564499436 0.506144388539276
0.00343996743266341 -0.00279785430885244 -0.288772665317189 0.049104161172577
0.00443902079894944 0.0103069073954376 -0.0364444847858054 -0.0319431401843995
-0.0059335849004229 0.0222528133810609 0.0782873693075636 0.209500932423295
0.00857292079626247 0.0205265898586868 0.303457720124788 0.43576573400368
0.013405690941307 -0.0248212129454014 0.632159011495191 0.155647394186313
0.0131593423899003 -0.0232203177994235 0.330905648990335 -0.458174695828117
-0.011086237540826 0.0239597608603574 -0.336142801711354 -0.295420124761962
-0.0289765250684931 0.0145245571981695 -0.116145746307841 0.231750594307211
-0.00596750018323845 -0.072794585097185 0.111084361099004 0.146536749516724
0.000531297019759553 0.0570812121387331 -0.094068299290402 -0.0910487800573235
0.0537835225120057 0.000720918885634864 0.0942634622729298 -0.200874858500335
-0.00257463924552377 -0.00212353377431776 0.320989390380836 0.196833815884528
-0.0385343223844863 0.0187402063542615 -0.216609366784265 0.461548039925453
-0.0193784306940668 -0.0086887543766356 -0.595918997297642 -0.0426408595025982
-0.0268288333391374 -0.0131136808663734 -0.317545744737222 -0.388688865527331
-0.0168709700205558 -0.00964028739213938 -0.0822123941192048 -0.227286368616666
-0.01115036242881 -0.0139297081666824 0.0110018812723617 0.012035562338305
-0.00408716479877879 0.0130313508679514 0.272472509400295 0.00838927831195147
0.00411695713021635 -0.0121456557052931 0.229321600599144 -0.491128076140423
-0.00896942665413721 0.000102141505962126 -0.425086710575641 -0.405014033407761
0.00733444625068802 0.000696270495316866 -0.440824681116822 0.304119742467604
-0.0321005375368402 0.0410047354858719 0.107401476903629 0.383818547425611
0.0394283069680286 -0.0491937684057746 0.216569271133014 0.143147873003986
0.00108104720369436 0.0315302562821186 0.203808091450295 -0.127534840892059
-0.0145122100673005 0.0669162010455267 -0.108594432907849 -0.0619945001600218
0.0593139260939504 -0.0137404605454556 0.0478473606870659 -0.227802467623035
-0.0176319689944347 0.00508189240027804 0.354361830243794 0.055765235359673
-0.0155106499439065 0.0313668198773569 -0.0139313953714745 0.507321826550381
-0.0274424092880686 -0.00551182001311314 -0.552066493804758 0.203395031631187
-0.0448673790243098 -0.0115291288475051 -0.422780298627099 -0.264651635693937
-0.0284037836876387 -0.014451404672373 -0.123947064471988 -0.214399587629205
-0.0196990072759299 -0.0203131257748618 0.00531176209273419 0.004279926857051
-0.0171697796217826 0.0158197707031725 0.258230311717312 0.0564889484085402
-0.00381279899063241 0.00506901574092545 0.355053845409942 -0.396868607247214
-0.0105957519951343 -0.00448911646997584 -0.266546859407388 -0.53944615875715
0.00756790791273126 0.0039448214110239 -0.512129950687017 0.118633938712665
-0.0503271322824203 0.0228353932354973 -0.0323085254377448 0.404923891875324
0.077216443082638 -0.0305653863835529 0.189684568630099 0.177121281544404
-0.015943560559828 0.042050276828145 0.211379271052878 -0.0848111318438861
-0.0240983498488732 0.0689219642783823 -0.122494989696971 -0.0187107951102316
0.0597547575289258 -0.0329928620680217 -0.021293115442463 -0.252155961905673
-0.0218068651142384 0.0197361987829359 0.324906313058871 -0.121450760647034
0.0106242108211625 0.0234886178430274 0.246828366187977 0.432599145856249
-0.0315962532833974 0.00642550696508467 -0.369064680843935 0.461614749364265
-0.0546093595587689 0.00493810073321846 -0.491766207478471 -0.0572728435831818
-0.0401588918857838 -0.0114873522826919 -0.179892573827706 -0.181711296021618
-0.0252496811967358 -0.0236163740673432 -0.00165429328600516 -0.00648178705934864
-0.0276812274457454 0.0124945009969476 0.230191173040767 0.114309886787957
-0.0188777433401336 0.0132206504557039 0.473595832979847 -0.217573004734633
-0.00833376952634472 -0.0110633140726172 0.0120526103502832 -0.612362209164693
0.00104088714142685 0.00766782768960311 -0.494512515206428 -0.149916671965848
-0.044449653312221 -0.00282032478175738 -0.221821824088359 0.330824342049925
0.0884363724112896 0.00704108649509903 0.143865744997171 0.221735346406719
-0.0339117062816813 0.0402426656054964 0.206316460430151 -0.0253485944727313
-0.0327307442582606 0.0642371075375185 -0.135575118947362 0.0297656922910604
0.0548421605247452 -0.0438792868669737 -0.0988848817213236 -0.256274248736482
-0.0134910161451876 0.0272417817369804 0.210877944606688 -0.264931685325581
0.025689152064811 -0.000290841795143514 0.432197630901937 0.212605155995353
-0.0263961122028863 0.0196944303024591 -0.0739554764466793 0.587677444851523
-0.0471961676641134 0.0229669619432962 -0.464443386738179 0.176821304298553
-0.0461701726179354 -0.00447280305941132 -0.229706071749444 -0.128957190006207
-0.0249850222353798 -0.0235435946097233 -0.00824437957187375 -0.0178920845460849
-0.031132104145361 0.00716045159278719 0.186612304462376 0.16284466983997
-0.0310001710262827 0.00879670331802249 0.516782121262431 0.0206862676806454
-0.00602807916535038 -0.0152398198101901 0.333252301211148 -0.512617805580117
-0.00686065307102287 0.000740208697889196 -0.322507240008462 -0.406229194862418
-0.0247420786652693 -0.0141428606101832 -0.362879716835495 0.144159322139521
0.0666504877074994 0.0387752383562851 0.0790015198516283 0.260356244078606
-0.0471819519645296 0.0275243279702494 0.189108857147008 0.0374080226373439
-0.038236528102238 0.0499827940626432 -0.147591634393143 0.074507879273705
0.0470067284680199 -0.0398063319442557 -0.164514818050875 -0.23047666725444
-0.00201095995798263 0.0197904591172378 0.0606841253716184 -0.325985522766669
0.0258904996351245 -0.0229033158617258 0.468474162321504 -0.0545125839517522
-0.0148870406180098 0.0234907995081973 0.207973229076912 0.544281633339644
-0.0305250513063467 0.029029951625409 -0.349246090239478 0.360778065832059
-0.0413256196680816 0.00260478133772408 -0.263900068052784 -0.0639849508256322
-0.0225538649652438 -0.0197939224923387 -0.0175030598036646 -0.0257622685796731
-0.0287664037062156 0.00267529947121337 0.137357081932446 0.194888036916233
-0.0318718889180808 5.4578745855802E-05 0.460801322101824 0.241115869474452
-0.00170228293027014 -0.0201233505564444 0.555399215600586 -0.258657616864873
-0.00449858163435598 -0.00815506995527644 -0.0462621446837139 -0.524914423242334
-0.00883852289729899 -0.00980751311634433 -0.397731529232268 -0.0756674168468145
0.0301780054562111 0.0465870245861952 -0.00303518388589834 0.275982074217898
-0.0477909878316823 0.0039705370081854 0.159897705508252 0.0924958848642785
-0.0411128570786006 0.0297160129257769 -0.160654482907514 0.107667965486452
0.037146844540823 -0.0207926097201954 -0.201255186300724 -0.18890776776518
0.00383358114403224 -0.0033675460897852 -0.0640481750586782 -0.317856570326453
0.0208578262995317 -0.0321356760614641 0.406948705903286 -0.248649195879
-0.00638217351466897 0.0188046034405465 0.379450832467584 0.415998647755438
-0.014908229501483 0.020641884646381 -0.218526388429263 0.458867921958171
-0.0282289186357404 0.00417348298590532 -0.279378723402523 -0.00586865693483604
-0.0140748543575655 -0.0127925548542941 -0.0264105984171339 -0.0306568400140512
-0.0215824210416689 0.00314304611031342 0.0944743610864364 0.207822997926936
-0.0233183611969362 -0.00061197162710136 0.358121623052917 0.381453534383554
0.00411675604250077 -0.0250849378783197 0.623650816662682 0.00580121508111229
0.00328378008318487 -0.0139816444527387 0.198277609908961 -0.501867252142388
-0.00746625226878525 -0.000251458588981894 -0.354100874483989 -0.237786535781254
-0.00148375702670178 0.0330490021265473 -0.0760134648188688 0.261787070405669
-0.0370672100401168 -0.0244040845915512 0.128992238344949 0.131954657671504
-0.0399263558172275 0.00674177205490388 -0.173949347754868 0.124343748585783
0.0204121750430763 0.00292146374264207 -0.21008384061841 -0.154065823769157
0.00639895719337246 -0.0305600695174999 -0.133348078976815 -0.298333319471188
0.0147506343427706 -0.0262733655807725 0.348902753854098 -0.345882224476064
-0.00340935743228793 0.0154744944956517 0.446329447051105 0.318871051430052
-0.00553343692745099 0.00535253955418108 -0.13755490223189 0.495434978631835
-0.0132222938797279 0.00170401439061581 -0.285465550883236 0.0273592388129687
-0.00493641363198235 -0.00341163032319914 -0.0322397653619702 -0.0322226871868996
-0.0141343965259692 0.0114602096593826 0.0682277870090534 0.208606039295874
-0.0110971862827106 0.00852881134672217 0.279264550149494 0.438490251526082
0.0111816667148185 -0.0266785929339629 0.614792449285011 0.170890770509879
0.0115527735272469 -0.0156328801358931 0.330802993498283 -0.439908488425718
-0.0143192589404531 0.0100722275877515 -0.311590314165076 -0.311924735410279
-0.0191629830566732 0.0173434771453749 -0.11922154949054 0.235320131350881
-0.020562758414759 -0.0500980861566907 0.107303381465106 0.151794537682751
-0.0332842318651112 -0.0168128765131428 -0.186386827119636 0.123399125956592
-0.00730321595377912 0.0238086935841269 -0.204396014741917 -0.137856637266803
0.0175624348629857 -0.0494821959958318 -0.142413534594478 -0.30782212286726
0.00688397109911781 -0.0157353461714361 0.348234892346325 -0.353738406727558
-0.00315289206459364 0.0131777315969125 0.449665188318994 0.309260133270598
-0.00157888336596858 -0.0123797696860621 -0.130126223646669 0.49694228947054
0.00333974037536927 -0.00391923587142889 -0.285971106131995 0.0312507571456745
0.00560021639817133 0.00838634497313339 -0.0352889005839707 -0.0311612938695362
-0.00666099078596968 0.0219451896000815 0.063504860429411 0.210633914511616
0.00581439624912099 0.0208023827425245 0.271735870028519 0.4422328876429
0.0146647721713731 -0.0236852295609657 0.613356825329555 0.184174826324606
0.0145626851823064 -0.023859429897061 0.34622620944306 -0.432895812496862
-0.0127623477537616 0.019817442278177 -0.315785492191692 -0.30641370356141
-0.0303879882379428 0.0105349847548397 -0.126247416136787 0.22173382915796
-0.00293269690743381 -0.0724464231600387 0.103253290750994 0.150620079666764
0.000303602225556674 0.0575563305566753 -0.0981012178755848 -0.0894496545628961
0.0521022085888441 -0.00011675814013815 0.087350425510787 -0.204835896813457
-0.00319571620198664 -0.00153961896705924 0.32760058066835 0.190591315978262
-0.0379321723571591 0.0228445528516953 -0.201751429398494 0.457565687223121
-0.0218230348789097 -0.00798377054828505 -0.592245680837433 -0.0307917999159853
-0.0260169356282317 -0.00997576161528799 -0.321312289221454 -0.381951441074879
-0.0142550664148997 -0.00933394585191946 -0.0846490076784974 -0.224785301735527
-0.0134243307823521 -0.0134226361313899 0.0101213612080142 0.0127389202585964
-0.00179433630195612 0.0113254997411416 0.270588938644974 0.00381876962451714
0.00204234650357108 -0.011132215348684 0.213751372510951 -0.495276328929641
-0.00972271931104307 0.0004840439341906 -0.434205014827098 -0.394035696699445
0.00557033569771233 0.000819549815178859 -0.428556605980152 0.314948404525107
-0.0308913120899666 0.042473906324207 0.118018111637263 0.376629175345626
0.03881602298994 -0.0497224944804484 0.219789293635105 0.137434257150933
0.00192098180410838 0.0320164315334405 0.198640409092783 -0.132186597665892
-0.0139600615551633 0.0672560283383056 -0.111490806302595 -0.0596159335243271
0.0575562141343864 -0.0148425759389991 0.0408128779325553 -0.229967554129342
-0.0173994112418738 0.00557545644603387 0.357194274888942 0.0496437939407317
-0.0148092103073119 0.0338096630345239 0.00167280399208655 0.499952424100975
-0.0288519594586888 -0.00444873462612122 -0.54127959641035 0.214431031007901
-0.0430438042447657 -0.00705702253145199 -0.42418075044209 -0.257027226242511
-0.0248864185656937 -0.0136490773480402 -0.126736773243513 -0.211769377204969
-0.0200912298096073 -0.0189828101515325 0.00517229865776594 0.00437462998138446
-0.0147177742544354 0.0143519004433941 0.258319894131028 0.0519588835020741
-0.00493731752585817 0.00651770554026445 0.342810496124456 -0.403095274342
-0.0104287093459743 -0.00500072785626705 -0.278476758345974 -0.528869149330448
0.00688785541536047 0.00555373163128473 -0.506271395921412 0.130882699425873
-0.0487007981511177 0.0249606693589523 -0.0217574442905724 0.401033211480445
0.0764394609698644 -0.0334300865355461 0.194646606213072 0.171218844373642
-0.0168837108462533 0.043050640192038 0.207071933693951 -0.0886711226312727
-0.0240326403750129 0.0693442502761719 -0.123701645664662 -0.0171943168548112
0.0581082546482841 -0.0341890635547271 -0.029579025598385 -0.252296123441574
-0.0211857255592124 0.0209347071687927 0.322611511084799 -0.125226810868073
0.012834560077467 0.0242472185154374 0.257800354791237 0.420464858933496
-0.0330164616446949 0.00975115997363126 -0.352870379064364 0.467350897759947
-0.052660289214618 0.00823854701016348 -0.487989509225066 -0.0477586727393439
-0.0374882037911216 -0.0104298135639273 -0.181143392612001 -0.178359606689764
-0.0265563361756481 -0.0241727402609107 -0.00157058093763981 -0.0069990997372766
-0.0254878078341319 0.0124440257404545 0.22989831315887 0.110478047600171
-0.0191015475603874 0.0149464791557486 0.463924885576537 -0.223202106453391
-0.0087531217126162 -0.0107032764574431 -0.00276527419653738 -0.606063954380947
0.000887629449702651 0.00822833427753831 -0.494220300420539 -0.139142546237298
-0.0445987750440225 -0.000714090618789754 -0.210901899968104 0.332094495213948
0.0889208010051649 0.00425981074849445 0.151535267322754 0.217409172335496
-0.0342626422043285 0.0422507429459176 0.20434245698244 -0.02932619021384
-0.0308802339307122 0.0649601344594079 -0.135355361844757 0.0315334950774976
0.0527176481851847 -0.0453062054935425 -0.106000239179958 -0.255462630917763
-0.0122019167412171 0.0284188711065922 0.202451800168519 -0.264985776255775
0.0266225238406887 9.2339571526219E-05 0.438105915775244 0.199056027995313
-0.0261817877545883 0.0211913098786933 -0.0573170806575085 0.587074565919089
-0.0468009143631646 0.0259558948586654 -0.454454574187334 0.182683985881617
-0.0439571433808012 -0.00215918390305212 -0.22929967557849 -0.125688112916086
-0.0272726007171975 -0.0236317170690387 -0.00925059972027274 -0.0180278461838276
-0.0288000065007397 0.00644985317522999 0.187390100061032 0.160685231637512
-0.0310942656846077 0.0106751237045423 0.514273513165533 0.0125362333878304
-0.00491902764431252 -0.0150804927120631 0.319308388960461 -0.514876413871687
-0.00651292597309869 0.00226144091496321 -0.327674358912939 -0.397681223017938
-0.0251793941414344 -0.012559687011414 -0.358350266397505 0.150622995147206
0.0681776615577298 0.0377025653583934 0.0860696671014538 0.258628929108787
-0.0464536643824854 0.0297865741466257 0.188709957550819 0.0327895062423999
-0.0377793734376112 0.0513143781089037 -0.145383724065503 0.075988389584045
0.0448956629764083 -0.0406089736115964 -0.170851332387748 -0.226136258652432
-0.00217682761130268 0.0189660731902503 0.0495849799679904 -0.32136877747781
0.0259654279187248 -0.0220274707670272 0.467515592066972 -0.0644319118701505
-0.0155180957298458 0.0228851911413964 0.220692993274199 0.53800391797564
-0.0300831178007802 0.0319870676539156 -0.336389270071749 0.364179016641684
-0.0394278068242502 0.00550264776316106 -0.262480753058827 -0.0602936318723298
-0.0233993643714889 -0.0217525870121117 -0.0179451485036657 -0.0249983552750245
-0.0253861781732787 0.00250628871716406 0.138474903441075 0.19115502739539
-0.0312147833655219 0.00232900416179013 0.462052671814519 0.230989085399242
-0.00242131665128072 -0.0201212240510138 0.546031937448547 -0.267224102853522
-0.00502332948987565 -0.00659730698604963 -0.0563795839431234 -0.522920795547304
-0.00930457839281546 -0.0101284963906557 -0.39893583746882 -0.0672896437417185
0.0307539098707652 0.0447840056437114 0.00503269013061175 0.275169688657185
-0.0483392694774612 0.00556093803318907 0.162579979348084 0.0888739161000452
-0.0405164992042802 0.0310282772808781 -0.158294688109455 0.109287152726036
0.0363394713200444 -0.0221467967006914 -0.205236633609589 -0.184955267221785
0.00189045807342853 -0.00281518032866437 -0.07498636228361 -0.31190716434862
0.019717705745378 -0.0310117176435712 0.398891853046811 -0.255876437098565
-0.00544645859063838 0.0188676212101979 0.387101074230073 0.405046101834387
-0.0149692486368127 0.0225893870004267 -0.202773580148766 0.460777149117773
-0.0278653088646748 0.0074964364215118 -0.276771013322915 -0.00263342111817137
-0.0147136046281888 -0.0138663646825371 -0.0250082330536396 -0.0299921855015233
-0.0183068732284293 0.00386703221172986 0.0960765337993916 0.204473388828921
-0.0232166530176966 0.00173646597560833 0.360426454988739 0.372791945790749
0.00387764692866633 -0.0255795269828324 0.621506559557522 -0.00166600353186343
0.00297494852281381 -0.0133946198439007 0.186844547779721 -0.502155300938162
-0.00849564583252476 3.90872594083058E-05 -0.359755825776081 -0.228995342110651
-0.00143918748839973 0.0324402014816508 -0.0698370686528378 0.261958711615106
-0.0386395452628147 -0.023453600859829 0.131874977863133 0.127849297284049
-0.0399515635785728 0.00686580344466353 -0.170366812092812 0.127450457450885
0.0197829663441069 0.00241999748907504 -0.212161254207478 -0.148479458430931
0.0043620672203904 -0.0301915221207825 -0.14381995936208 -0.291897425593705
0.0133937655546735 -0.0252901029541783 0.335172646751237 -0.34871168578487
-0.00180362459306459 0.0151158244630525 0.450215039591909 0.3071393936581
-0.00744315564046478 0.00649955777229613 -0.12114579418384 0.493384144748737
-0.0135509480791211 0.00378046469559616 -0.281864309968575 0.0317458152409432
-0.00459732014815368 -0.00454317950239763 -0.0319116149686222 -0.0311506754984486
-0.0118513773336375 0.0116614536505469 0.068701685156338 0.206695551568288
-0.0107370392402735 0.00960071256774236 0.283069369829894 0.429505035569614
0.0100480333479661 -0.0258871770241867 0.613350592655794 0.15997481182567
0.0116074948719602 -0.015790840724015 0.319209993593908 -0.443568933937011
-0.0133039975627398 0.0108482799298281 -0.31795106042486 -0.305176933616002
-0.020307772235862 0.016595017228095 -0.112296955150192 0.236368834067084
-0.0221335247899428 -0.0502952478793916 0.112066419304151 0.146936151133968
-0.0337562838094254 -0.0171638151741748 -0.18262725602099 0.126020658879026
-0.00722504141107103 0.0245440677730421 -0.20640728016376 -0.131570358835669
0.0142828621144102 -0.0508725875118427 -0.153473452464197 -0.301700548436756
0.00523669270840621 -0.015384687068308 0.332794945425727 -0.357808797131593
-0.000879781002039867 0.0123698704293006 0.452081009531487 0.29681595888022
-0.00464966513296489 -0.0111565635524282 -0.115225512647844 0.494976969509272
0.00183485049589721 -0.00136591489208437 -0.28175577981171 0.035177951113915
0.00570320047200441 0.00610002815276729 -0.0353920204757693 -0.0301955492963092
-0.00461790451769455 0.0221911726511382 0.0644795101493886 0.207972345560193
0.00573997482298434 0.0216379214544944 0.275016185165789 0.432298571720042
0.0131374367371015 -0.0238886192680019 0.612470537515225 0.173595967397383
0.014165277833414 -0.0235839023560228 0.336769890696219 -0.43579002482919
-0.0124185301783743 0.0207566536271069 -0.323171368869936 -0.298154523987741
-0.0300690257673016 0.0105453271293356 -0.121504534441312 0.222586586504989
-0.00495761962773091 -0.0728897199505514 0.10912450185701 0.147090052110663
0.0113120476214881 0.0598722754231298 -0.115991017356063 -0.0704095022333325
0.0473569044608582 -0.00846321894275323 0.0446454393621452 -0.219766629297427
-0.00174199769771632 -0.00616520111943319 0.363780974696871 0.124978524254709
-0.0250608622642583 0.0311894418823284 -0.112327046209671 0.485541287227877
-0.0220839489806666 0.00230908995799778 -0.585709091144281 0.078595728915291
-0.0254284970912898 -0.00146428472430005 -0.390705119633991 -0.320630302599273
-0.0141760664217056 -0.00712487775906228 -0.125282773181735 -0.207822277691547
-0.0167506943222914 -0.00897058774576196 0.011807136609644 0.0105596847219004
0.00127771907383314 0.0094792283378261 0.267096184935468 -0.0487966117290726
0.000666040777136582 -0.0124702784946873 0.107777770302647 -0.523669331811892
-0.0107331726553776 0.00173983284657065 -0.501755848007277 -0.295545080782956
0.0018164818737822 0.00536925393746573 -0.353190038656659 0.393009178540329
-0.0195215193177642 0.0549059010716486 0.191396074012259 0.339007114720454
0.0315015453690294 -0.0559567757857652 0.242027821567089 0.089526026805817
0.0100681024610232 0.0303444518624338 0.166988050051488 -0.168528291181807
-0.00014365428374812 0.072299956591349 -0.12317230792801 -0.038892979863644
0.048967057019737 -0.0244638491285379 -0.00624209587593426 -0.235710123082271
-0.0159207919371091 0.00437690220119197 0.366381793592506 -0.0177580960570632
-0.00146399221560569 0.0338011106483982 0.0987119811313869 0.488694934088313
-0.0262619058954294 0.00778206282419543 -0.48856804496216 0.311299313838079
-0.0419185333819223 0.00451946026443521 -0.470871934132525 -0.175746751010409
-0.0261228168599242 -0.00920725887926615 -0.165478084622167 -0.18553619103656
-0.0254268853437267 -0.0147127119607142 0.0058499943718132 0.00357220702563383
-0.010905208532288 0.0160453601527442 0.262969215645856 0.000392473559965272
-0.00239078165823208 0.00775628916212742 0.252089772565827 -0.457303465497975
-0.0115206268588761 -0.00435970339629753 -0.377360730487748 -0.457546428186099
0.00244019217739048 0.00758819212441737 -0.464684662695189 0.229263437064837
-0.0435027042948394 0.041581192479547 0.0617343131085397 0.389035136919927
0.0717232172578639 -0.0466994651272218 0.223624994619429 0.128798482105415
-0.00524968897671836 0.0458899109033674 0.185586694643977 -0.127964613970079
-0.00820563846081855 0.0781330131018182 -0.126881777840499 0.00548889939083452
0.0472567649335151 -0.042964226963675 -0.0801174706746382 -0.245284798330301
-0.0190303390517815 0.0214967955565714 0.296369366319742 -0.187083772390672
0.0211976281924387 0.0162645863301991 0.338477063229321 0.361708258359615
-0.0268861913589538 0.0180623862668914 -0.257015149457736 0.526366548074277
-0.0461445900710283 0.0226297719359008 -0.491922087935667 0.0423686228812811
-0.0377112878882777 -0.00240596516947744 -0.21168749642303 -0.143699007514147
-0.0309851099784348 -0.0165674754394337 -0.00300241972734535 -0.00712798690085942
-0.0211896156807244 0.0162463132638915 0.246379855116852 0.0635296729234869
-0.0122084451167739 0.0203892140857257 0.406856332798927 -0.308391585390311
-0.0098719972578284 -0.0101996580848802 -0.121489411830258 -0.590018776843804
-0.00169225923206353 0.00874998136675642 -0.507589464404131 -0.0372836137892835
-0.0473273750996911 0.0132122897993855 -0.137709863806406 0.36291160153363
0.0907650495101472 -0.0110332876320297 0.191150994409257 0.181736921409691
-0.0224361799186679 0.0499914609448089 0.195088054512651 -0.0696313253083138
-0.0155273820897875 0.0750151637429259 -0.12921610662131 0.0557592774574763
0.0404577052678794 -0.0525821627822672 -0.15696540179689 -0.232966496022737
-0.0100864410869954 0.0299459228107835 0.152314914269847 -0.300523230184741
0.0258183429558305 -0.0123799990728902 0.475310552739853 0.107354459208364
-0.0173888970871424 0.0260110851727659 0.0607140756742096 0.589831494841079
-0.0356883877180139 0.0392269033583645 -0.416727768947035 0.263346020798023
-0.0406693668132716 0.00717459745895391 -0.249891170347108 -0.0807499870893157
-0.0319975183030409 -0.016846970087812 -0.0116559763385479 -0.0164193445327067
-0.0253439352803763 0.0115867586654496 0.215817226120655 0.119213938736289
-0.0237240046572013 0.0191891803494607 0.499926971127901 -0.0861749760176162
-0.00684444145753683 -0.0144704770204066 0.210915709576383 -0.56119489669712
-0.0097685269250395 0.00194678852082657 -0.399509490436787 -0.323685545501936
-0.0317966789171522 -0.00654727427854712 -0.318759267107799 0.216103991160625
0.0753415625241708 0.0258830570906048 0.135445799089665 0.233723826130017
-0.0385370264596853 0.0405496972223139 0.192174905839986 -0.0060229480744561
-0.0238866081478065 0.0610090635736638 -0.131558539465232 0.101577016611593
0.0346472844937655 -0.0459633664903145 -0.216701333648356 -0.193587411817174
-0.000922147304224283 0.0217529106046751 -0.0105136283073272 -0.324538243309719
0.0183796997050801 -0.0316381567589562 0.45208674437338 -0.157498986923705
-0.00698291738058478 0.0235395049092017 0.324737506343307 0.487148880773316
-0.0176570665102334 0.0406332831628972 -0.260713670969904 0.418259903011379
-0.0345219769819451 0.013749702028662 -0.26949777924143 -0.0103382003178655
-0.0278897918349506 -0.015025433668655 -0.02132722118392 -0.0227102223219266
-0.0221380592908446 0.00740514226085482 0.173380667175487 0.160609731912104
-0.0266328632295335 0.0129761758031759 0.492300972916473 0.137934457828328
-0.00306690826335245 -0.0195441245310158 0.480256581638042 -0.36324854393085
-0.00806898577618563 -0.00940177694606726 -0.158007482020888 -0.497013592956712
-0.0160145643541031 -0.00922792354219497 -0.403952988221959 0.011183956971882
0.0395493627612318 0.0429547254701242 0.0598974797872603 0.267547366332275
-0.0451880578629502 0.0189511002253339 0.176374782026767 0.0540557395620037
-0.0309252520498449 0.0418424945582122 -0.137278350542908 0.136925183982409
0.0304863244022993 -0.0246821038719887 -0.241382705034899 -0.144139373544256
-0.00265396335800815 0.000574040078988917 -0.134126592880255 -0.29167831948798
0.00820269707879781 -0.0367085090965792 0.347260525874301 -0.331664576320961
-0.000479995797489061 0.013977049286929 0.462279145846095 0.327615779967428
-0.00687148322223216 0.0285727670270016 -0.110946084902168 0.488142808565658
-0.0237651431178867 0.0132599953724685 -0.272817041012776 0.0481481584820142
-0.0184650979444289 -0.0104654625207518 -0.0297920758207526 -0.0252666434440756
-0.0163527043846902 0.00741199974839054 0.131381706949569 0.180945640629578
-0.0199355835082484 0.010693349639782 0.423367069053271 0.292809215502795
0.00157283797673936 -0.0239087789243867 0.604918964839112 -0.11770987787969
0.00170256726779191 -0.0174728956688869 0.0826361160847017 -0.528720867415665
-0.010312504930939 -0.0022673565475883 -0.398219086264428 -0.152785650378935
0.00415708639963324 0.0370235844629639 -0.0145552353204248 0.268587112349074
-0.0414454013023342 -0.0121725623481275 0.154861527287789 0.0970948772993011
-0.035239647174739 0.0192171269821865 -0.146309490959147 0.156977451339338
0.021811139570126 0.00160833678544132 -0.241425593029169 -0.106664105389804
-0.00535974383293005 -0.0257066973303811 -0.199598841168022 -0.256013230736155
0.00189978176136737 -0.0286661435412923 0.26471813129551 -0.41083302579708
0.00213809304906973 0.00958198240515163 0.503128169667302 0.215685708942957
-0.00337467815011071 0.0110062330687439 -0.0206786371639145 0.505955514600808
-0.0117895862572264 0.00923715113335683 -0.270887911067607 0.0832139204493894
-0.00672861181707109 -0.00427953864757184 -0.0359234180409238 -0.0251038135976875
-0.00690168592754398 0.0143314270948279 0.10567338836026 0.189313376385778
-0.00576728073334836 0.0162853371367822 0.357488912448027 0.362712340296599
0.00632460614937471 -0.0250638772218891 0.628338086592717 0.0394107571325594
0.0102017217931503 -0.0205331178440931 0.225375357190376 -0.495111165308232
-0.0136837327256824 0.00887212505930273 -0.370861332328664 -0.234692955266967
-0.0178807370434221 0.0253854909789443 -0.063199171598647 0.25196465623445
-0.0313508420728239 -0.0425493997796048 0.140309321565885 0.119736569637043
-0.0329400731343784 -0.00791919493974705 -0.159142580346141 0.158103506622622
2.44191758879192E-05 0.0292021134402738 -0.23046185081501 -0.0892451798444826
0.000784660276573886 -0.0467773590072639 -0.212103451821802 -0.265609498561759
-0.00476415155160214 -0.015948417368716 0.259876579274799 -0.418357423351251
0.003210484956039 0.00705140424056205 0.502323812128546 0.204168431411478
-0.00688907601896535 -0.00897184629524396 -0.0153876706276524 0.509016741459087
0.0024429133829181 0.000238886529323728 -0.27037271666578 0.0876983637952268
0.0046994067702209 0.00357277778048072 -0.0391881266437495 -0.0225135752569238
0.00149087409996397 0.0231330320604994 0.101437224225858 0.191097870879497
0.0117991421412956 0.0250955814792606 0.35096347346008 0.366295142865119
0.00951376785960379 -0.0234541360852812 0.630119270254462 0.0502385854202405
0.0106479666538709 -0.0289935437657989 0.244084406122432 -0.491955660257733
-0.0112345248932076 0.0184611585351034 -0.373953704881971 -0.226841302599339
-0.0302780076260282 0.0196664963508046 -0.0739736421602398 0.239385387896735
-0.0189162091800857 -0.0685771759458167 0.136162752999379 0.120726239355678
0.0122209643120258 0.0602819113671074 -0.117057185729589 -0.0653042126953425
0.0464627380477746 -0.00992445808404232 0.037551918987922 -0.217903565122774
-0.00180389023252224 -0.00669634166824237 0.366623505974759 0.111857587104838
-0.023908873800445 0.0340569389628146 -0.0996308445262439 0.478129852189453
-0.0230597322283299 0.00590830103464689 -0.572701952786918 0.0882448469895956
-0.0234767308028927 -0.000721282327970117 -0.399072316448156 -0.30450880034692
-0.0136810986038382 -0.00782442579922908 -0.12901712962112 -0.202253910317845
-0.0170350492725331 -0.00592206861000615 0.0122433890877986 0.0109603706791505
0.00223588343870888 0.00866291723759868 0.260195147363502 -0.0568985570936831
-0.0010681256938342 -0.00987087025845291 0.0878072057343787 -0.519382115865688
-0.01021877997289 0.00223072525681829 -0.505305449598372 -0.273941636179165
0.00239532327912945 0.00688839892393122 -0.332554037241905 0.399734001435647
-0.0152075677283054 0.0559706115391291 0.199862210639949 0.326764888023453
0.0285324013971027 -0.0581401913169834 0.243762775105159 0.0806922980739099
0.00975307701741297 0.0310562864677543 0.161251066770302 -0.170602783128622
0.000719100520815343 0.0736127895471182 -0.12449555189872 -0.0343883237602407
0.0473393298157008 -0.0246543917157281 -0.0136308061193165 -0.232403735224645
-0.0159397735552947 0.00426692039710881 0.365296653621877 -0.0312456478074943
0.0015867730509971 0.0347632726193656 0.108564491463915 0.477704208578882
-0.0273644348478099 0.00971716974704126 -0.47225090887458 0.315421541474159
-0.0398640052858506 0.00514179608610866 -0.469801137976078 -0.160436080732723
-0.0258201064961346 -0.00879621344707658 -0.167908247630761 -0.180907067652524
-0.0263561898744176 -0.0108709090488034 0.0065761141151056 0.00302145769449703
-0.00984562663361841 0.0146311985030359 0.261239982509252 -0.00728220625845178
-0.00186583071966707 0.00895071697396996 0.231751557411377 -0.456749874118183
-0.0126474429467696 -0.0029678491578569 -0.385857725389725 -0.436920707115788
0.00349588126219044 0.00807266018566022 -0.450190999687581 0.239164136498439
-0.0403718919214877 0.0420470398264673 0.073530807401299 0.379878555505771
0.0689768944161372 -0.0506136945889099 0.226018709427454 0.11766852560614
-0.00419059178979944 0.0483277050667286 0.180352401967387 -0.132638425800653
-0.00666028612662063 0.0786455132731691 -0.126348209332238 0.0093909956364826
0.0433154890011001 -0.0436413175959974 -0.0867609142812272 -0.239470409980302
-0.0180787221758598 0.020852848177378 0.292478711522518 -0.193442403147529
0.0223173927586194 0.0169539666149612 0.342766511407454 0.344713777111843
-0.0270824609648389 0.0205693276913939 -0.23335540125479 0.520086367249532
-0.0439469073432012 0.0235226306571461 -0.486106626517106 0.0521586902996612
-0.0367205074059373 -0.00226966145322031 -0.212567666982413 -0.137887406681464
-0.0313684075931849 -0.0120850674069299 -0.0035187889690683 -0.00652735227184384
-0.0207620235852922 0.0156691001455553 0.244946241375373 0.0534652928145327
-0.0112676822559208 0.0207684279686174 0.39039739081885 -0.314245635757006
-0.0110165295733454 -0.00953348351461663 -0.138732706036318 -0.57422221175025
-0.00249341334902504 0.00771239104252808 -0.503811308162848 -0.0217140228468201
-0.0454906033460973 0.0143789621792959 -0.123408929823659 0.359934418458933
0.088913244828447 -0.0155549379232815 0.19624521370719 0.171986499667142
-0.0214841697016377 0.0529440490971482 0.190197637863838 -0.0750663455642617
-0.0143268283904032 0.0750489904955059 -0.127223617529899 0.0574465996838881
0.0363052277065861 -0.0534200935690284 -0.163927953162621 -0.225329185704879
-0.00946364870430346 0.0293842328354913 0.144451571545446 -0.300571502836123
0.0256935181085249 -0.0127504908811356 0.471026279250059 0.0875663943256399
-0.0183302174507182 0.028566030094437 0.0824978499679225 0.575519932341122
-0.031272497268984 0.0388846100579184 -0.401836479033544 0.267967455365868
-0.0398872739836044 0.00777734981060594 -0.246832893804329 -0.0749805205776648
-0.0324103686530497 -0.0146548266726497 -0.0127154670486323 -0.0161885864391352
-0.0246384236606637 0.0125011287855091 0.215591728021294 0.111155231144107
-0.0222528508219762 0.0209199464121715 0.491660750548014 -0.0979157365939064
-0.00736148148092534 -0.0135961050763672 0.190970083776818 -0.557314425203557
-0.00998700486886724 0.00244715921527501 -0.404251505549169 -0.307318671133959
-0.0315824506258853 -0.00446899511072721 -0.3092380211658 0.221072624218502
0.0750513376310245 0.022471874951151 0.143267698374634 0.22596198599808
-0.036284921753029 0.0446067689513981 0.190193109700177 -0.0111176756431643
-0.0216357407195607 0.0634173782803808 -0.127535268003024 0.103529202284171
0.0317939363288986 -0.0466475032035359 -0.222487090300823 -0.185025091306377
-0.00125163951078637 0.021303208954093 -0.0196875041733996 -0.320409304231008
0.0170575545266186 -0.0310512359655464 0.443241260531899 -0.17392670277432
-0.00766953368601047 0.0249355793829923 0.339733379160683 0.468553505852788
-0.0151522117052273 0.0400997529126807 -0.24670384429667 0.416940258120236
-0.0335714284238477 0.0150560739805657 -0.264079103426255 -0.00401558263761712
-0.0290005239323087 -0.0126635468694023 -0.0215837829729717 -0.023131056413325
-0.0211160243186454 0.00700184267889449 0.174529838675482 0.151604344384678
-0.0246161367368123 0.0140530372390469 0.490081243032745 0.121380732371475
-0.00381233498756097 -0.0186900465973034 0.462197730037208 -0.369316504047137
-0.00804223629383893 -0.00904940660865076 -0.172541265161594 -0.48886721574116
-0.015963803145552 -0.00894212881308458 -0.399667909665001 0.0224121258915554
0.0392467714399576 0.0401663152236384 0.0695273482040794 0.262087661326372
-0.0439645743769926 0.0212578941128521 0.176858444304479 0.0472426077892103
-0.0302320399428381 0.0441960888282757 -0.131318406515257 0.139519542693782
0.0290462318471231 -0.0279472890781939 -0.245420136015411 -0.13524569956951
-0.00228388398623321 0.00130940889799825 -0.140310123108755 -0.281406224225587
0.00759787053456644 -0.0363906300682965 0.333667246194349 -0.341251923838103
-0.0016584711895168 0.014951891280357 0.468674794918456 0.308669481054774
-0.00384699087062855 0.0304309252294371 -0.0927319493346956 0.480077564295115
-0.0225016962607719 0.0149593448258384 -0.266120967857156 0.0548557946489943
-0.0215272386519746 -0.00963321649476385 -0.0294888165964238 -0.0252649735792453
-0.0141815613520073 0.00775430074389852 0.134897228545709 0.17473431913565
-0.0179191358150893 0.0123362535585196 0.424044899476611 0.277757555834003
0.000282302127053262 -0.0234859127784303 0.594853553020482 -0.131468095434259
0.00107585956742603 -0.0171395057016334 0.0671337370968842 -0.525852167995782
-0.0115480060740511 -0.00126506512026848 -0.397625903164421 -0.141408496524554
0.00458821982632773 0.0361928851154123 -0.00535049117193549 0.265421484801831
-0.0422055434203118 -0.00922722658201852 0.158201397287889 0.089668484376804
-0.0352457994384356 0.0206131823021011 -0.140511621867116 0.160406851410944
0.0208276545513164 0.00139473643742779 -0.243147445283814 -0.0987337277459428
-0.00680326890603283 -0.0241761579910583 -0.204886738856 -0.245313068318821
0.000902245241648555 -0.0270290949674186 0.250235414356452 -0.413975658630256
0.000683921309756164 0.00719449768553531 0.505405087969108 0.19949519109685
-0.00305120010601474 0.0137752758339659 -0.0041401387330268 0.494536550044439
-0.00986757759751061 0.00975013194673267 -0.262237211466883 0.0882731149264315
-0.00939617966042689 -0.003435900906092 -0.0360834450733985 -0.0246758395228368
-0.00607704504160642 0.0138178436824433 0.108850150240747 0.183070338800931
-0.00415673351275611 0.0180026987119469 0.362178058218537 0.349424825346931
0.00553690807115595 -0.0238236851315345 0.622116080237608 0.0236226212707812
0.00976078950848549 -0.0216060658069933 0.209488022010093 -0.497998821387777
-0.01323027157396 0.0100383715545382 -0.375924917856159 -0.222678487572918
-0.0178219935544161 0.0251767475895802 -0.0538091286813622 0.250394150437466
-0.0330871981591714 -0.0404062679769752 0.142422765241308 0.11346899796405
-0.0357120600260927 -0.00392155574958886 -0.153938273098218 0.16175573187141
0.000658100823704112 0.0281542357467393 -0.230750291256751 -0.0821590009528147
-0.00280540271771903 -0.0470827539764016 -0.218545605367028 -0.254134918737696
-0.0046750408580996 -0.0143620438945357 0.242295550971071 -0.417863706277443
0.0017154881532169 0.0045185250743162 0.502817479141711 0.18668345622881
-0.00690756227270369 -0.00422448384315494 0.0031141947154873 0.496277120155423
0.00235942899680535 0.00155547052555058 -0.262622930848958 0.0928014708493459
0.00164255158939794 0.00318615073862323 -0.0381907294737858 -0.0210068959405189
0.00336580745537123 0.0234696624728537 0.104188839490806 0.185779447302049
0.0139608931285826 0.0247462159288138 0.353578534659341 0.350747388395261
0.00818711365078835 -0.0221050458442713 0.623368194933941 0.0331037172404542
0.00948760042156957 -0.0292870057992925 0.226480279345389 -0.491188096277073
-0.0103836460774786 0.0198125991221564 -0.376530153824794 -0.213789705708855
-0.0292644049826112 0.0204743807844964 -0.0662965213476835 0.237413803204283
-0.0217509544574381 -0.0681271772196036 0.138854874184354 0.113699123214411
0.00394493255299682 0.0648332895169625 -0.10937745850247 -0.0811053460000131
0.0433610907824395 -0.00138309914416424 0.062241353092945 -0.212191152996608
0.000176036016371046 -0.00949079560616299 0.354017403005471 0.156379729740718
-0.0213193541909796 0.0332770747485126 -0.160340683380939 0.462045745761696
-0.0225829206478868 0.0105746236287528 -0.579592828874648 0.0129468781039362
-0.0236522858273024 -0.00120013305061073 -0.362190006839216 -0.349199603950967
-0.0125325915610234 -0.00879400995023552 -0.104879480656398 -0.217446875320142
-0.0160131419034114 -0.00621342182517502 0.0115796595229777 0.0120242511143273
0.00176648477731588 0.00689795825086326 0.264592281813111 -0.0262463259144889
-0.000422963736202243 -0.0115379912949894 0.141211756023603 -0.498928640191951
-0.0128397142419116 0.000700613987770143 -0.468410844593072 -0.32761403616661
-0.000174416648491584 0.00963653835787486 -0.369895277560562 0.356246638675386
-0.0186515657387411 0.0579890330958653 0.162374972550271 0.338446955667274
0.03711153147673 -0.0518304866855864 0.230755343575501 0.104736367370187
0.00911963976676883 0.0346067376280294 0.177224808013887 -0.149828845731058
-0.00799045544238079 0.0759748543403779 -0.120124051509368 -0.0512090367651654
0.0472117197920697 -0.016371328558286 0.0142893263074303 -0.23201145498077
-0.0175469047550582 -0.000687085611908604 0.370148366142606 0.0127958064572709
0.002375208934007 0.0336607938561156 0.0468517695917887 0.484934176107935
-0.026133896104286 0.0139442718831569 -0.506989491677082 0.249772127136578
-0.0392298561533915 0.00320288869694528 -0.449738120047887 -0.21508498305521
-0.0237860712082936 -0.0115457515922282 -0.144909994670115 -0.200701980086669
-0.0240216186731529 -0.01235186622023 0.00666903900160972 0.00308211178604405
-0.0107052595062906 0.0121408789145139 0.259850466434479 0.0211958735131898
-0.00164950527194974 0.00698215562127515 0.278392730976986 -0.422909480326298
-0.0137424627433145 -0.00668430264412194 -0.333633770357978 -0.47762901035931
-0.000463700246058778 0.0100330390405249 -0.468554711634275 0.186333498595009
-0.0442021150718277 0.0430935500341321 0.0319549786731836 0.377608518145513
0.0754502457698267 -0.0402631327518556 0.209790358753521 0.14083273685168
-0.00600348951174469 0.0483561686870771 0.19166001738759 -0.109670237959357
-0.0151229163247017 0.0800717439207613 -0.127452157176189 -0.00827189839661357
0.0444941587286331 -0.0342677734559216 -0.0579290611392716 -0.248788311908764
-0.0220103851579228 0.0165446194024097 0.315839234931795 -0.158096027764436
0.0236197861014456 0.0151329197347355 0.297924166558223 0.379574565261586
-0.0237640347265684 0.0239922001509146 -0.291214744059768 0.484529070779354
-0.0431960735434255 0.0205206613953288 -0.489648164585232 -0.00449397146940592
-0.0353096630214575 -0.00643060407079262 -0.194111829245401 -0.163364047700302
-0.0289198700292788 -0.0159117066145106 -0.00139286217004872 -0.0083268342069255
-0.0203661792985569 0.0115682306119246 0.237003921403535 0.0814706513164803
-0.0114535356393003 0.0183581352170978 0.420257854881564 -0.261309610334461
-0.0107052158046817 -0.0132064427656001 -0.0693471800476686 -0.583262765220048
-0.00766890467151029 0.00944914375288963 -0.492745214252477 -0.0791941203982578
-0.0494639234779412 0.0140008434875905 -0.161661419834887 0.334601710356905
0.090952014293908 -0.00296766027164956 0.173416828944606 0.190580821838955
-0.0243343762848193 0.0515629024622433 0.196145635028068 -0.0525050262673286
-0.0198719286669558 0.0757829629399424 -0.134477126529805 0.0395644226107403
0.0378898110774064 -0.0456965263813154 -0.139417484932054 -0.24538081144748
-0.0163580833379144 0.0262910815261102 0.181818255044775 -0.28326317070399
0.0266070891162159 -0.0141723311144445 0.456470556840365 0.139321080525316
-0.0155891539294348 0.0286512216559209 0.0145892355531219 0.579883022452674
-0.0324305584564053 0.0367623012354435 -0.434816059782303 0.218551041472345
-0.0393714501702373 0.00330517862235244 -0.236289071350319 -0.105602989480343
-0.0308750672586743 -0.0162892616307872 -0.0089973255771551 -0.0184635027002801
-0.0234902055696153 0.00739172700721757 0.200848307399456 0.134923842367338
-0.0202331195225927 0.018107439275542 0.495051078681633 -0.0398032836586685
-0.00489460840770234 -0.0171925032788979 0.252993694756663 -0.52670754515631
-0.0137069689054708 -5.70085045144154E-05 -0.363531114802592 -0.350975350863166
-0.0359308228318643 -0.00595809806809064 -0.329259668753815 0.179111152297376
0.0732151991630028 0.0341603321252361 0.1161275556584 0.236936663347315
-0.0380126837218264 0.0418322753302594 0.188799688072259 0.00951649256882906
-0.025752890049281 0.0626376934415712 -0.140962163171163 0.085341599466915
0.0331300309411457 -0.0411306804828533 -0.202172520135463 -0.21113560694889
-0.00676395275832587 0.0205083064620879 0.0219543427764772 -0.321192244509154
0.0173541502322325 -0.0338640765192942 0.460752647304892 -0.124119889478919
-0.00715734982390331 0.022831495041964 0.284533949693788 0.505614512948745
-0.0147968106753827 0.0402117257207831 -0.294370544688097 0.381391326951147
-0.034320969534594 0.0104924211414564 -0.261646861340757 -0.0371445331986683
-0.0281901538708899 -0.0141608893962478 -0.0185468539420646 -0.026019966809325
-0.0209593427664576 0.00329841664209518 0.155870812188815 0.1717493882036
-0.0221322294321893 0.0126382225984241 0.468898691676065 0.178846260403943
0.000220602125476553 -0.0212072123405818 0.503810558934847 -0.308648340282144
-0.00918276974862411 -0.0132759025802524 -0.114828507967078 -0.502153064013034
-0.0215718785943176 -0.0116526595506987 -0.396298557690748 -0.0241341688103395
0.0341557676184195 0.0472951717216321 0.0394697694018946 0.263977616371751
-0.0439718327889812 0.0185753216105897 0.170093565480949 0.0661024835193406
-0.0313649209700985 0.0436233942305478 -0.149260849536575 0.120111128485401
0.0284731455503886 -0.023110769320265 -0.230209161392519 -0.165081787583011
-0.00491533187280334 0.00108121083595038 -0.104113185281581 -0.296532448456248
0.00595133103981568 -0.0378876191177025 0.372837351973058 -0.303012324942879
-0.00162963757581185 0.0106257010287416 0.431145285233167 0.36246921361863
-0.00187745372589928 0.0298419957391183 -0.15208897374514 0.461568274894328
-0.0233525019025422 0.0121252917343682 -0.26897605214526 0.021259417774589
-0.0221615307059371 -0.0100005684251362 -0.0253807088683638 -0.0292536106753917
-0.0137297793610386 0.00512067713750269 0.113729592840118 0.189325183053482
-0.0150896254189194 0.0115793184057785 0.386657266169852 0.323686414344219
0.00574484861310469 -0.0226750209191227 0.604064091076376 -0.0565908881268569
0.00233562410584455 -0.0202533852765111 0.125412058279552 -0.512082687061118
-0.0167333035525699 -0.00604957500436885 -0.377700456429743 -0.185335793203892
-0.000860038271356627 0.0397626947865204 -0.0334292403447997 0.258093201495997
-0.0389515112267434 -0.0114335453961514 0.147299525208766 0.105323364105738
-0.0347649008347932 0.0197780326794611 -0.16070775835086 0.139323543717947
0.0198066907169006 0.00292292844377241 -0.23144200872581 -0.128872889230946
-0.00673106414550131 -0.0233330068183848 -0.173780334200606 -0.266842690358333
-0.00201979359102846 -0.0280874879912905 0.297363647961969 -0.383902334779503
-0.00074998637739224 0.0026737819145082 0.479577219957835 0.25676372701701
-0.000275488113152013 0.013704244897611 -0.0621134853657851 0.485613437182548
-0.00988974847201588 0.00871615651041908 -0.268736278672266 0.0555936896845075
-0.0116459257098221 -0.00469782997811844 -0.0311491919663097 -0.0283441492743925
-0.00552601998784741 0.0124302350178985 0.0863446616743732 0.195426423776141
-0.00237124241308068 0.0186558788648691 0.314723287601087 0.386516268555086
0.0107448946699092 -0.0220056862094636 0.613322063428237 0.0985856339224399
0.0131963432344687 -0.023109657035229 0.264121470289885 -0.465692475240217
-0.0189728447771906 0.00415831669349236 -0.345343048334032 -0.26117703195089
-0.022400660572353 0.0272365223521393 -0.0797551174560915 0.238077755037898
-0.0276641344606612 -0.0404506381910263 0.129635580275948 0.126189179686179
-0.0325984559460714 -0.00627725824457034 -0.173912499540559 0.14049051420311
-0.0020598515357281 0.0279668922426324 -0.221251331120206 -0.109989507276379
-4.24165956457844E-05 -0.0443453737888674 -0.187266801091458 -0.27705090557617
-0.00870043795136189 -0.0162488395558439 0.29268408857847 -0.387256171167991
0.00258976747130835 -0.00130900552057665 0.477283604092655 0.245045446952965
-0.00370180891010515 -0.00387904411192455 -0.0536461201226321 0.487457674592604
0.00295778821552576 0.00146884974487225 -0.269359056666718 0.0590386436733051
-0.000129985302175265 0.00327292606719825 -0.0333987624338608 -0.0249235323133077
0.00159572202616028 0.0236768799271138 0.0811401900819449 0.19708986832643
0.0135549661599995 0.0283872618927981 0.305653034969758 0.387290487296312
0.0131648716287995 -0.019803959243374 0.612216903631517 0.108448312989586
0.0142813838832903 -0.0298360729135698 0.280501100204983 -0.461955247446646
-0.0164887372971315 0.0153188477581944 -0.347372298808603 -0.253154249606847
-0.0341390602964253 0.021224011404522 -0.0902926935918226 0.224655146479626
-0.0147635695222532 -0.0673929465070851 0.126242489873307 0.126868658904413
0.00796826808032897 0.0652886287767784 -0.112675527913216 -0.0762554523551216
0.0451250941637097 -0.000121203628558025 0.0560662830350547 -0.211070691234499
0.000436974920379004 -0.0110040921107065 0.358417248666951 0.145117123643889
-0.0188810320696375 0.0352678686807955 -0.151932517252197 0.461714264486812
-0.0213522930352372 0.013289299492951 -0.572588250504593 0.0177631593155793
-0.0222432446862108 -0.00126988919834219 -0.365482842251064 -0.336296210074682
-0.0119653233447866 -0.00836059190799357 -0.109004768270592 -0.213036354072608
-0.014171609893877 -0.00389163742117499 0.012121867468229 0.011419072399197
0.00225573161201988 0.00689417246778854 0.258425148568133 -0.0333279950933125
-0.000858480275052408 -0.00941203273400474 0.126282864151496 -0.496499610099963
-0.0126221569324899 0.000412396271390458 -0.473087805277735 -0.311373493601626
3.01375869107652E-05 0.0118142492269138 -0.35580549785012 0.360856669506895
-0.0156248588892761 0.0575771913354003 0.169539179452684 0.328365599856225
0.0353755724342585 -0.052380689853923 0.232138910766889 0.098014823698341
0.0129420850094759 0.0355641691727563 0.170878523332904 -0.153497918408506
-0.00383107533808281 0.0768451632773505 -0.121709278288222 -0.0467608711949211
0.0470716991097228 -0.0140221115321117 0.0075206154314132 -0.229871685551709
-0.0166500767261964 -0.00100336836494676 0.369844431780398 0.00227839470721784
0.00631502456576515 0.035485284860709 0.0570813558738825 0.479906518288821
-0.0238285519239494 0.0171174020860235 -0.49537527387834 0.253220886752154
-0.0376141352350372 0.00219720604835158 -0.450832846268896 -0.200962202722093
-0.0230575102658927 -0.0111004209079625 -0.148906332683327 -0.195421936094574
-0.0220857537999482 -0.00999466049815807 0.0067278059475359 0.00207102670203338
-0.0100889885259145 0.0115044438545142 0.254338229948738 0.0154940969587257
-0.00038965893520734 0.00846934714379002 0.265187148062424 -0.42175474210102
-0.0149016533150705 -0.0058270281661213 -0.341183262078442 -0.461372827975479
-8.43343423966107E-05 0.01160655641586 -0.460660833815369 0.194233632161651
-0.0416710090594737 0.044362928316303 0.0398721640335288 0.371736706221425
0.073898610278542 -0.0421609215507881 0.212816885202407 0.134348503226555
-0.00149820339616839 0.050204860587644 0.186278666478415 -0.112200686122113
-0.01140674651531 0.0797835698177962 -0.128413730357015 -0.00481250322702129
0.0427888481196153 -0.033295835830168 -0.0650587345247134 -0.24424653101636
-0.0225000904645236 0.0167797590667094 0.311488503826505 -0.166835183762598
0.0260582471545374 0.0139604781411516 0.30264394578542 0.368894912481132
-0.0220769044972095 0.0262629323913715 -0.277760388444411 0.481086496084229
-0.0418863853523444 0.0197009002229625 -0.486668827477923 0.00787127102293325
-0.0349019234013908 -0.00390795815896561 -0.196953968904287 -0.15926472042092
-0.027374847853991 -0.0133971612602872 -0.000579001449068624 -0.00907089605903316
-0.0190880057184256 0.0116399400422898 0.234747089780299 0.075323924493075
-0.00832614095695705 0.0190526562603388 0.411516249591576 -0.265212977223543
-0.0110671379882694 -0.0126988321749828 -0.0838014067192675 -0.571237746177857
-0.00825960731337234 0.0107510154824377 -0.489766473023597 -0.0681960614526764
-0.0478919972710863 0.0148138015600532 -0.153589262515334 0.334070073380212
0.0910109572024011 -0.00451685520220318 0.178415439438472 0.183889404696343
-0.0199286844187292 0.0533049936973778 0.193561468288979 -0.0551657496480387
-0.0169308294094091 0.075352541698185 -0.133147728105995 0.0430428695577643
0.03516372323115 -0.0434622053288778 -0.146553185814233 -0.239928474676823
-0.0153200855197962 0.0269954857257961 0.17391716106663 -0.286481795132069
0.0271706052944737 -0.0152605831747267 0.453631365421083 0.124953544454877
-0.0135226370624582 0.0310986867644478 0.0306538249539488 0.569098223056328
-0.0295298031697407 0.0360451419326795 -0.425075114938356 0.226209841825628
-0.0380183064194243 0.00506234797699741 -0.236967324844325 -0.10029875195659
-0.0307316942602391 -0.014051614404997 -0.00921632425261265 -0.0197789586127647
-0.0220368590797079 0.0077671428090088 0.201203860778506 0.127509251553358
-0.0186639431595919 0.0187830257591489 0.488981441647033 -0.0471972855580069
-0.00518311767976721 -0.0166626004146524 0.239034807167789 -0.524335831811449
-0.0137135942190222 0.000609279858576877 -0.367994121744778 -0.339702568433591
-0.0358502180372801 -0.00611305884898664 -0.324651984494209 0.181816162105493
0.0735889501796475 0.0319620231082778 0.122595647267948 0.23147664869856
-0.0356220307817832 0.0430020257056534 0.187838316368035 0.00579749387009477
-0.0237961115947313 0.063560915174372 -0.137859621240303 0.0881269793800783
0.0285588388682458 -0.0401717300474982 -0.208595557524567 -0.204032022861592
-0.00646412068580839 0.0206748463158717 0.0131270735941536 -0.318464881232558
0.0167277387851942 -0.0347563973938044 0.453264282786307 -0.138403222578483
-0.00544180832818138 0.0261233182942424 0.297399509985145 0.492107418059672
-0.0129198154309667 0.0391698226432198 -0.284500081520317 0.382662564504702
-0.0332939777387091 0.0120969309997628 -0.258957550831911 -0.0325075096770636
-0.0286968717799288 -0.0116068555765588 -0.0182057410660873 -0.0264196745989874
-0.0197151302234457 0.00354530707043533 0.156595756523619 0.164941120970366
-0.0206245239151751 0.0122778235561979 0.468504522677306 0.16794351328859
-0.0011425428740076 -0.0208199402951404 0.4927771476903 -0.314351823520777
-0.0102495760426342 -0.0138499474308929 -0.12289229827696 -0.495388962379495
-0.0210253975975313 -0.0116632127762755 -0.397268673620941 -0.0173901263687888
0.0352426872808182 0.0470947993910135 0.0460762935769348 0.260428640054411
-0.0412840366575759 0.0204664301606001 0.170096863093937 0.0607757252935773
-0.0298885687011571 0.0445081198200054 -0.145274238366772 0.123547592817407
0.0252942278677968 -0.0225860930293367 -0.234814073309813 -0.158601601716187
-0.00617925194265939 0.00185647156626558 -0.109362069417743 -0.290304078746595
0.00595462105616766 -0.0373862462198159 0.35939196302709 -0.313803082410511
-0.00179041276509364 0.0139142754402897 0.438007435436597 0.349060290634248
-0.000805485806502467 0.0303297993627501 -0.139311581606911 0.456373170396147
-0.023299660616892 0.0126091986642845 -0.265113248588489 0.0248155080778865
-0.0230812567039879 -0.00801503506477479 -0.0244666734092181 -0.0293556502046494
-0.0125244260439174 0.00449389484613534 0.117001039475759 0.18456124013343
-0.0128061966000943 0.0127372830718773 0.389797507152181 0.313775154269244
0.00513691789460731 -0.0223921680742647 0.597758543120761 -0.0683919908149206
0.00207898441723075 -0.0205179364223769 0.113886629981749 -0.508835274071959
-0.017366327715948 -0.00586340448752539 -0.38192573722834 -0.176487449861242
0.000750023982557117 0.0396244456878782 -0.0274927780367507 0.256219080974508
-0.0380693277702271 -0.00905494238351593 0.148852934730071 0.101761096759277
-0.0342802135265107 0.0207057660037836 -0.157263850742972 0.143647611106746
0.0162992207996492 0.00168953552473235 -0.234203636721894 -0.121839223871682
-0.00712052413037073 -0.0216921349152406 -0.179549264054552 -0.25788821994387
-0.000908421816277833 -0.0282319326881493 0.286549323970959 -0.391598515500192
-0.00131010290728572 0.00443877322982171 0.481952989123241 0.247519538704011
0.000468836008797345 0.0147065376991098 -0.0527006830932266 0.478165262463225
-0.00920573836684972 0.00907912890906562 -0.264496014735557 0.0586056836501529
-0.0142454567152032 -0.00284025063989855 -0.030145633649997 -0.0280789133673828
-0.00453079159506363 0.0121254544649097 0.0885437374802926 0.190976490851149
-0.000641455883584334 0.0187352578025017 0.317781035892297 0.376435931777301
0.00988397000667374 -0.0213015515882437 0.610495532380037 0.0867557109841344
0.0120180456808118 -0.0235733286456284 0.250037910346984 -0.467171745745848
-0.0199980832259653 0.00475499104650984 -0.350521520791281 -0.253429270479572
-0.0221885459987872 0.0281669050717821 -0.0739423646737682 0.237575211613032
-0.0281762072657905 -0.0381890167333474 0.132781587283139 0.121633281804504
-0.0326232286311711 -0.00401107226830696 -0.170352476068155 0.144416356212141
-0.00445003603759533 0.0262225210045528 -0.223267412300971 -0.104291433168861
-0.0015652244273801 -0.0433207961002718 -0.195220677888223 -0.267719490618167
-0.00738089695457003 -0.0159355344203978 0.281138477836275 -0.393878282546278
0.00120756620184489 -0.00012387468773524 0.478585777271565 0.234986539393702
-0.00239943253184502 -0.00191220291310363 -0.043571453276779 0.479068247065967
0.00254873728781061 0.00215406596952235 -0.263359925508124 0.0622153363511267
-0.00298054755094373 0.00309080443517173 -0.0324481903193278 -0.023699554053916
0.00344695218326095 0.0218932261645972 0.0845747616018771 0.193720704635589
0.0156966222237157 0.0282961604470661 0.309088680509703 0.377756864862245
0.0121159811929662 -0.0198173866589284 0.609261636699155 0.0969631888378284
0.0138661516361867 -0.0317310624092093 0.268930666234891 -0.461022238285838
-0.0173445756647343 0.0157621815653365 -0.350980028377152 -0.244073490776681
-0.0327283557279292 0.0220529756133377 -0.0856034991898326 0.224024414139405
-0.0161711002036921 -0.0650939795279507 0.129527799061514 0.122189658555945
0.00946048212402257 0.0693689022599949 -0.114748827936133 -0.0770799914346181
0.0458180288667904 0.00344932896957365 0.0531037574050821 -0.214016716754692
-0.000188833796337313 -0.0147965325076134 0.364927252016794 0.140909255702922
-0.0142847808978308 0.0375517436644331 -0.151709868264982 0.466516205066926
-0.0188522989418247 0.0190274218441318 -0.578395066099252 0.0160847101765456
-0.0226434750025305 -0.0002953721594691 -0.369239057430046 -0.331773023044844
-0.0112658055783226 -0.00948050371402997 -0.111981179077589 -0.213912309057879
-0.0115712622115414 -0.00229239484979557 0.0109083575142957 0.0104522493920388
0.00208933163376937 0.00539263221836641 0.256605690251116 -0.0362793097705049
-0.000521511958316546 -0.0124490452330126 0.118141682890348 -0.492371537880488
-0.0168547956840934 -0.00162650829939638 -0.476551073678807 -0.301872628477686
-0.00131844496132564 0.0160903136477057 -0.350303436188783 0.364706926325609
-0.0107423842745423 0.0634544443562631 0.17311149731115 0.324263168596076
0.0384961708845254 -0.0541301405836412 0.234356897404079 0.0941895384031708
0.0183897908149838 0.0340296479619349 0.170361755227793 -0.15469211713187
-0.00123894613927277 0.0795147287575064 -0.12324786563419 -0.0473063540756567
0.0481373541136594 -0.0109774097685404 0.00364507481574025 -0.231389310656028
-0.0196036730388513 -0.00420954438342031 0.377392296128399 -0.00342228123415818
0.00881209593699039 0.0346860118538655 0.0584009222901478 0.482423441971875
-0.0183307802456083 0.0216041519856578 -0.499923193178415 0.25076265034849
-0.0375622193841936 0.00497985019808593 -0.456132978224441 -0.196873297876084
-0.02248262972802 -0.0109828559023848 -0.152697012744067 -0.195688520738752
-0.0195950874996033 -0.00855234027202097 0.00515082537878405 0.00128404383258976
-0.00926184973254938 0.0118865989855201 0.254133237483797 0.0127213567252536
0.00156136044162907 0.00534057238664663 0.258819978397455 -0.421510106859201
-0.0170951482096261 -0.00972181185649704 -0.347739251807319 -0.454144698552572
-0.00357731876780296 0.0159538455344406 -0.457247860423288 0.201343850192086
-0.0390695720668945 0.0505377341590178 0.0440292854232309 0.367511159673266
0.0778458078319253 -0.0438639348354086 0.215463214826808 0.13185424194458
0.00252892605584928 0.0485090784563182 0.186341369165287 -0.113980446517011
-0.00801670721258098 0.083675275770471 -0.130738306956518 -0.00468296931363701
0.0433475494649859 -0.0298302800685788 -0.0710907449121907 -0.246514614856065
-0.0262936699512855 0.0144967475512858 0.315492578133232 -0.17294356638835
0.0280202888733796 0.0104027026516281 0.307723804127655 0.367522749172377
-0.016419800334635 0.02929308781751 -0.276614363920776 0.481924556459159
-0.0410069219387676 0.0208626962199183 -0.489214627126662 0.0127693031641071
-0.0320579103748851 -0.00505363302720992 -0.201955333950451 -0.157758722225156
-0.0245195422530737 -0.0127156740582976 -0.00205037917609823 -0.0107611120532413
-0.0169137455637878 0.0116565988288723 0.235129830061529 0.0708202837306377
-0.00609386855610603 0.0171661337750154 0.405851385762538 -0.269342208365745
-0.0110698622636343 -0.0162389599316905 -0.0931496884280765 -0.570022949096158
-0.011912101320043 0.0124497938049408 -0.492906327325695 -0.0625898651268158
-0.0497144669078568 0.0224771493568657 -0.152828719663734 0.333998669908023
0.0952736142228136 -0.00552672759763544 0.180484387290122 0.182227849163423
-0.0158234825993889 0.0525873535715331 0.19303673039001 -0.0584504067245807
-0.0129917577436595 0.0775317168933531 -0.134836126266591 0.0429343206298388
0.0350021223016662 -0.0382250810587519 -0.154133074423473 -0.241054683799696
-0.0196884665825824 0.0262015834889369 0.175710170812239 -0.293623930440585
0.0266168048029744 -0.0186194121761986 0.458996005407988 0.119555390429872
-0.00842989634866225 0.0325018384093224 0.0385901939651415 0.569004269648714
-0.0277814760762317 0.0375855672190834 -0.425914543887139 0.230566095550724
-0.0369474712150706 0.00534392876726807 -0.240392385448192 -0.100535281736212
-0.0288554781811593 -0.0117100217895611 -0.010267804539403 -0.0214061492643943
-0.0203185185064023 0.00741992823954891 0.20175800136411 0.124061761294959
-0.0132486983597415 0.0165497696481183 0.489000277335341 -0.0517337750919529
-0.00332916919490219 -0.0209120712217725 0.232463580701555 -0.522174625376853
-0.0183419058931271 -0.00106884925237873 -0.373644572998571 -0.335475124613939
-0.0409937130310454 -0.00219037134940161 -0.326568803052453 0.186329032568038
0.0780302747637583 0.0335970713946124 0.125891234241285 0.230943992262926
-0.0309961270798696 0.0430297564560673 0.189187323877227 0.00353025135399739
-0.0190119693918648 0.0660524815601471 -0.140857301371396 0.0888982370185435
0.0281942733099131 -0.0334411686440559 -0.217625805203501 -0.204939667853403
-0.00959653636036642 0.0219413268932341 0.0126738331200108 -0.321952244900069
0.0133087956185382 -0.0386860950787037 0.451222669162289 -0.145868932828539
-9.2220153677311E-06 0.0241247936021222 0.308497964278333 0.491799505687784
-0.00815477835665323 0.0381109376990883 -0.282956824512677 0.387250164060316
-0.0327453036536833 0.0125130077438098 -0.260935365304488 -0.0314872137678916
-0.0279698933410753 -0.0104267358962858 -0.017821731140935 -0.0283093233060349
-0.018069338680904 0.00333080798512014 0.159113348932774 0.161711284616493
-0.0142787556104983 0.0123846030695634 0.469465996554814 0.162747304814753
0.00339614337705595 -0.0230036103292987 0.489142151649396 -0.315826966799057
-0.0132959755493853 -0.0167099554098615 -0.13188824033119 -0.494699433024276
-0.028388400297271 -0.0101622594628872 -0.40285108144648 -0.0133595380340904
0.0388083588836329 0.0505313725172736 0.0507332408000027 0.258732650947764
-0.0386260539921864 0.0219836727665483 0.172503949234322 0.0586856423698962
-0.0260061558115518 0.0459210609768785 -0.147658379800925 0.125254212700559
0.0236685018925572 -0.0182773684794032 -0.242120728658476 -0.15824944362196
-0.00765686734187357 0.00478452863631903 -0.112425763388506 -0.291688134531856
0.00211354645704697 -0.0403361973620735 0.359692498760021 -0.322045013399788
-0.000726187073142662 0.0123161456800573 0.453530652379121 0.347697738521377
0.00453542814167846 0.028732895562584 -0.138436806354904 0.460037941964264
-0.0229341154769662 0.0135671385686657 -0.265396867603089 0.0269329219160342
-0.0222205996681735 -0.00603792760786001 -0.0239669905619512 -0.0311795540321265
-0.0103051296722623 0.00436346549070122 0.118140499484922 0.181391171072734
-0.00811270034401381 0.0132168588839856 0.39149651613257 0.308448603588078
0.0108773077512005 -0.0215083254836735 0.598508567561495 -0.0723033504160874
0.000108247283005038 -0.0255942739286996 0.104365381249923 -0.511194024451354
-0.0233514910196407 -0.00739902970029456 -0.388205105147946 -0.171215212772194
0.00149566918104338 0.0441622877824217 -0.0232928324995759 0.256711261275523
-0.0347689450632768 -0.00871340829965817 0.151154388071829 0.0994082498443837
-0.0306445187147007 0.0228320886218223 -0.158800578847495 0.145160093988312
0.01518904749125 0.00596985588499518 -0.240462905190009 -0.122167159727018
-0.009731541953532 -0.0191856378482267 -0.181606567967957 -0.258699966625026
-0.00546869122387754 -0.0288345218197687 0.284876863786211 -0.399907100267972
0.000174900256850753 0.00344448747749244 0.491333331839681 0.247140189546193
0.00572049674970056 0.0153099037768651 -0.0488884666857719 0.477717155074213
-0.00943922120609841 0.00948552649505793 -0.26463346137048 0.0603890172214193
-0.0145637116494462 -0.000428810227305005 -0.0288303284973867 -0.0290138596982792
-0.00342366525833519 0.0125853538888305 0.091755890843074 0.191251796153095
0.00383944548191948 0.0210122803043746 0.321483916315483 0.37312201284566
0.0143606495149419 -0.0189190796853844 0.612644234067408 0.082985345821324
0.011893173559528 -0.0286425070625047 0.244089039691663 -0.472168320076323
-0.025671751370213 0.00163829729308441 -0.356806726575498 -0.248122417902171
-0.0214832677780808 0.0313920859442545 -0.0718358944821358 0.237765648115131
-0.0253437115323139 -0.0368594394648695 0.134809316532641 0.119477843957155
-0.0295022366038589 -0.00196948107135047 -0.172100817734975 0.146677776315348
-0.00596503061032611 0.0283505890308264 -0.226440204546187 -0.104131258705672
-0.00423179580721739 -0.0415576562474188 -0.199326947417013 -0.26592033963556
-0.0114095392843543 -0.0157279994088817 0.280251603989184 -0.402354363433828
0.00164839186811676 -0.00195388212994035 0.486964327368387 0.236612123235184
0.00117042791469829 -0.00115707042858798 -0.0405682787142019 0.479628632956104
0.00198584936519654 0.00182657782974508 -0.265283091801191 0.0633257032418472
-0.00548645522228444 0.00704672650272789 -0.0312708618025605 -0.0237902057843165
0.00399216054767671 0.0214696647725693 0.0857394467628983 0.191779927033579
0.0210470049988384 0.0301027757503387 0.31039792216701 0.37492868771205
0.0165154229482837 -0.0175100920638032 0.609480058284203 0.0937720927427278
0.0140129835567502 -0.0368475986594184 0.264345116004142 -0.46546701705136
-0.0221568145759087 0.0131626551806759 -0.355041916393286 -0.240813995101088
-0.0333570315769884 0.0271016558404276 -0.0835863862578415 0.22344755157471
-0.0145807191275478 -0.0637947674697988 0.130790917646264 0.119753361469314
0.011938633395029 0.0688272876761739 -0.119802040998391 -0.0764918608030718
0.0489293140606853 0.00311214697952871 0.0490681267944268 -0.219684920674989
-0.00285335780799271 -0.0143612382456386 0.380879485084341 0.129277576348419
-0.013348545052464 0.0396403597083856 -0.148578879987535 0.483727034669704
-0.017742746634152 0.0207998011224855 -0.598335352034978 0.0255240781736381
-0.0250259756113477 -0.00193109612332434 -0.386159205259141 -0.33102902594604
-0.0123523036423648 -0.0104189970098031 -0.119530833089458 -0.217539287690683
-0.00964001399592562 -0.00156300042240588 0.0126761947183357 0.0107459801428469
0.00186063440711533 0.00517052587806852 0.26129242225584 -0.0435699662990939
-0.000397175806074533 -0.0119563345312879 0.107254918853788 -0.506250529778041
-0.017009145685398 -0.000788121010054106 -0.500057290466534 -0.295267418703441
-0.00189548811698269 0.0188544253487379 -0.346915486688949 0.386217583227443
-0.010285529999825 0.065664061513264 0.188409857760014 0.325479102088558
0.0360632852099469 -0.0572369764100188 0.245500186220691 0.0882739990925953
0.0194755943925607 0.0327682743520055 0.172049555357634 -0.164157091030145
0.000483563390948084 0.0813674990650223 -0.129499512083761 -0.0447746230919162
0.0517521582910073 -0.0116378259422311 -0.00278491578464581 -0.236547788253571
-0.0222525055883119 -0.00289102024234267 0.388594113138879 -0.0198530998848492
0.00998339155852198 0.0365471678722265 0.071457156810231 0.492914128944608
-0.0174628689661522 0.023970669838201 -0.508416766920066 0.26628144032855
-0.0412590829182014 0.00348723946667504 -0.47216937165738 -0.188199236658179
-0.0237099931460283 -0.0116495249905541 -0.161444479849036 -0.197122069598114
-0.0187738077732282 -0.00840694699928606 0.00616907929652568 0.00139583893475117
-0.00874399759162652 0.0114055473602584 0.259055987450067 0.00696832161891855
0.00272534805952029 0.00619889215972804 0.255890195271402 -0.437593724450068
-0.0179948029879017 -0.0074950051011325 -0.372001601557806 -0.456595381027597
-0.00450419663794611 0.0164362459435115 -0.464387850873191 0.218317917275147
-0.0386637336301976 0.054579011548345 0.0562187536073814 0.374718223151173
0.0775067213161254 -0.0466083925993392 0.227605066649918 0.127633201110743
0.0050405183366812 0.0479538821906348 0.189272278440507 -0.122741410796081
-0.00654482025272005 0.0851653868894941 -0.134282584839831 -0.000653980237080885
0.0448429556526678 -0.0291848813902892 -0.0822695551930069 -0.249078943165505
-0.0276460809624146 0.016513595246893 0.319968145181931 -0.19177654153658
0.0287673079789268 0.0115027689545237 0.323310190387945 0.36734335127171
-0.0143151968771493 0.0323655007710991 -0.271351801026106 0.494435147122423
-0.0426362112493531 0.0214312730005817 -0.50083653975604 0.0268839596586458
-0.0339781470281056 -0.00516832431115168 -0.211039524010739 -0.15789548707243
-0.0247550338685117 -0.0129056166638553 -0.00285002021150396 -0.0116334146960839
-0.0177951839975134 0.0117641562372232 0.242056004355505 0.0677203043342784
-0.00409579445437547 0.0170786720170837 0.41280682344213 -0.284472045008092
-0.0133431978268145 -0.0169677651324353 -0.110259486981482 -0.580322541602426
-0.0125810258095117 0.0134095982622967 -0.508767710164965 -0.0515735796402962
-0.0504420642891618 0.0250456477530545 -0.148364217018235 0.349225376395388
0.097653077208315 -0.00817445919885527 0.194256400771266 0.181013872269389
-0.0147573449962254 0.0537261375530754 0.197719209670542 -0.0648942765862594
-0.0118090175138682 0.080144902974335 -0.138114252215148 0.0480859109970441
0.0357436980164622 -0.0381091157818346 -0.168321302715728 -0.241906011016926
-0.0211140240764989 0.0287707716223596 0.171347066703821 -0.31004694964429
0.0260886902265226 -0.0210259553000901 0.47060754009916 0.106985137111612
-0.00576727271334257 0.0355605655935668 0.0576199370700721 0.575064133417338
-0.0292729153203553 0.0363371719222679 -0.43265152390461 0.249121256605307
-0.0371582752054314 0.00513521919237088 -0.248836106872368 -0.0966458575938291
-0.0273587714433522 -0.0103164596651116 -0.0118481471743631 -0.0220430216137477
-0.0206035542440574 0.00615635866322298 0.208138937570399 0.122482132223054
-0.0120016960374019 0.0170770029997227 0.504129817732066 -0.064802559660908
-0.00410346211092394 -0.0215457568012849 0.228539560493289 -0.543582045016283
-0.0196526013676626 0.00086108859423843 -0.395085560899795 -0.335223415514143
-0.0432892608857117 -7.50099016006647E-05 -0.33235814313812 0.203168693029029
0.080519977199625 0.0325291523571572 0.138172987062487 0.232698855809308
-0.030467041723857 0.045056748690791 0.195708197851738 -0.00168536153768203
-0.0181807332959564 0.0684070153681935 -0.14259865142576 0.0964646329849839
0.0281097441245284 -0.0332634372847119 -0.232559549226855 -0.202386210813988
-0.010909826975302 0.0230534758856069 0.00412952342916356 -0.334666489598466
0.0116429839755435 -0.0406469064418053 0.457557836945652 -0.166621398290239
0.000858396883797123 0.0278311647087479 0.334890003905774 0.486722478399659
-0.00871885099661195 0.0380987408096307 -0.281246396291672 0.40666563295924
-0.0314508768141753 0.0132082603441433 -0.267845796808363 -0.0272452874706291
-0.0265181153210913 -0.00786609850072171 -0.0204006545452631 -0.0302089634047165
-0.0163191584082287 0.00140848168914299 0.165514289946429 0.162340902477157
-0.0133369489679414 0.0131529162081669 0.491587186219436 0.154932343793309
0.00370088642492603 -0.0234225197513762 0.497269811075973 -0.336828862065595
-0.0152954972325733 -0.0167645774558621 -0.150017224639673 -0.506718505788253
-0.031911109913034 -0.00953357979774803 -0.418749661523292 0.00147526370882326
0.040421434586275 0.0507838174341091 0.0614735761690949 0.263516741022915
-0.0377226468285283 0.0209208499820696 0.180322413511792 0.0548346937334762
-0.0245131903081939 0.0500439790771134 -0.150166386444396 0.132882846089121
0.0235358322963324 -0.0162028291541556 -0.257524995109317 -0.155678806437761
-0.00857217259200979 0.00444333061172255 -0.120622497914684 -0.295948126091916
-0.000657661037305465 -0.0431717277011315 0.357228352059303 -0.346665053362419
0.00326582982117051 0.0142944420526993 0.48038619382448 0.339327441241576
0.00563601463787044 0.0283978267475732 -0.130145000150929 0.475642716939917
-0.0217215367611764 0.0157442748407937 -0.271683531784962 0.032055967924293
-0.0225317659775909 -0.00331732959259291 -0.0264452599577714 -0.03329680045359
-0.0103256331384075 0.00307053001339908 0.124288921326328 0.184146271989158
-0.00648982659213948 0.0132489482394164 0.412102083847563 0.30756493124548
0.00939035038898195 -0.0231719546626116 0.616548802652163 -0.0860095159471683
-0.00156385264105047 -0.0267975461928452 0.0946235557819429 -0.529241219804649
-0.0279163599662202 -0.00685241153947404 -0.408115615488271 -0.165080092516204
0.00191016648343595 0.0457066300207789 -0.0146280902409397 0.264356523910169
-0.0352665353276218 -0.00856439962981084 0.160257448496312 0.0976030540824992
-0.0291550122936289 0.0256475676706365 -0.160321486973265 0.155307598226942
0.0139863326667566 0.00808508318525508 -0.25363316860795 -0.11890061318677
-0.0117547168206078 -0.0197111206391378 -0.192904902622539 -0.259020906942495
-0.00734246394755895 -0.0315402001878135 0.278730470630161 -0.422507155858449
0.00117224325634107 0.00457051008471029 0.521999118553855 0.237466243683123
0.00719436623958315 0.0140559904437173 -0.0400738645622239 0.492925385744741
-0.00953666075932674 0.0107614522087124 -0.269244687805457 0.0670327306564677
-0.0152514006051977 0.003515214305184 -0.0302647419049079 -0.0316705233017859
-0.00165926785923805 0.0110628500350458 0.0985544954276921 0.192258369527567
0.00668414478302518 0.0210924149185769 0.340704714030029 0.375822184305307
0.0133543269633184 -0.0198536638372201 0.635937227282598 0.0720013643951582
0.0116508753425251 -0.0310070245459804 0.240663586025436 -0.48964691602416
-0.0281238447053623 0.00183735617071688 -0.37775514018665 -0.244708405715045
-0.0214811003007857 0.0331772595355207 -0.065752657343878 0.24634097462608
-0.0254850448927437 -0.0377749968842899 0.142449178386292 0.118738246748603
-0.0289325034570511 0.000296585492158805 -0.172326614518438 0.156279705652407
-0.00820776352877932 0.0323758847641728 -0.239486146635292 -0.102177198525898
-0.00551000230216806 -0.0423649651101713 -0.210574286761758 -0.265373368624287
-0.011911781650285 -0.0164662071225576 0.275800636133581 -0.425405537432743
0.00166904982374985 -0.000384049868037237 0.514095740345206 0.228800628141959
0.00238774452116045 -0.00106670985805109 -0.0316249797234565 0.49089791961152
0.00280769683670967 0.00512900512512447 -0.270367380133516 0.0712205809527907
-0.00664133672315019 0.00929139795506247 -0.0307573096920002 -0.0256579161690966
0.00623871579704476 0.0213000353816313 0.0926216634309577 0.195071072814185
0.0238940019302674 0.0308252695317704 0.327826311723286 0.378046528130418
0.0165827094805808 -0.015794141322519 0.632367740452101 0.0813627653383794
0.0125977518008758 -0.0381807196814038 0.260110973638497 -0.485645655769018
-0.0233912836383738 0.0138172096730329 -0.37773030696132 -0.238248670006375
-0.0327382321879931 0.0280116596946049 -0.0801499304251606 0.232280002231185
-0.0148453827699462 -0.0651374806724672 0.139389254063976 0.118666329679064
0.0337205501746708 0.0607805589152003 -0.13913444889425 -0.0353784392712512
0.052056505217516 -0.0122070761402696 -0.0221514691574969 -0.224308278693993
-0.00778464265274438 -0.0100562531538694 0.403737724434006 -0.00041726549811549
0.0017945945509523 0.0423904957354504 0.0106149364978068 0.511414533160255
-0.0104291983432253 0.0231503740004387 -0.568709035531455 0.212915783428924
-0.0273948089787531 0.00477969063745494 -0.470013187281278 -0.192192811784448
-0.0169667464306001 -0.0064382055004675 -0.182774986873857 -0.169402090104018
-0.00997288478888421 0.000899746987998962 0.0159647880753637 0.00448576607585729
0.00175753762528892 0.00327643629312893 0.235048260699628 -0.121472683369221
-0.00894003813250822 -0.0123260461722387 -0.0524692159226438 -0.514870407325408
-0.0205714794125531 0.00969367234956035 -0.570684415932923 -0.125939452204579
0.00929417222655165 0.0221728087445494 -0.207984098070546 0.480499293635943
0.0165348356432996 0.0635714141919579 0.284966209117805 0.250382407391792
0.0155168344058926 -0.0686633173640783 0.26313163719347 0.00683088874231591
0.0262949772117831 0.0225179989311337 0.11575998337665 -0.211783396568875
0.0262467526498047 0.0766277580486652 -0.137802790725112 -0.00315021404162385
0.0508845800069937 -0.0272022137349314 -0.0781852024269815 -0.22392333781788
-0.0219543180136103 0.00642940311891808 0.362483556703838 -0.144464850394064
0.0225652832799957 0.031526689747835 0.222475469263489 0.453131525054755
-0.0101253681640505 0.0256214528209862 -0.409406143946208 0.414715481778151
-0.0417692022924474 0.0158270143306823 -0.503740286459618 -0.0311409969558684
-0.0262007679988341 -0.00501154822443809 -0.216783271364883 -0.137441351457628
-0.0194444443416295 -0.0041645326639611 0.00619079218056222 -0.00218472764174748
-0.00440719584742036 0.0125455213591024 0.249676084340178 -0.072853068738349
-0.000243851710000851 0.00202510602552232 0.108197163605549 -0.49485495189764
-0.0248195844718701 0.00132963018701809 -0.497966678083503 -0.317327419989658
0.00448261919048523 0.0232385072652728 -0.374371474457455 0.355909501027929
-0.015039480558898 0.0637050546020201 0.172492334934987 0.340088532397886
0.0599067133836803 -0.0718647133029275 0.257688646377538 0.0499644233274282
0.0164238734512255 0.0429415709459089 0.145615642272026 -0.177606795206057
0.0210755598174422 0.0818161242688841 -0.129847911072184 0.0408575406754278
0.0395547633037227 -0.0441733235253166 -0.158111219632121 -0.20965874753794
-0.0213773113487553 0.0273577759854763 0.242057539949671 -0.288221100629443
0.030656873782064 0.0007098546833747 0.421626237091621 0.251361678780496
-0.00454205441659032 0.0340671289379522 -0.109670710334929 0.55750959636816
-0.0380487070109977 0.0342312705436032 -0.465727424942607 0.185421829522439
-0.0349722357225356 0.00348622704227393 -0.250273145998311 -0.0833556439280701
-0.0266577191914966 -0.0052547590932718 -0.00559382653378454 -0.0100191614719087
-0.013050191335813 0.0147957692673136 0.252032090802333 -0.0101300882757822
-0.000524592344816084 0.0121103195049316 0.308036277609377 -0.399909558338561
-0.0228490734541763 -0.0105964582031068 -0.28528129627035 -0.521690009231861
-0.00854153126624015 0.0237039113086539 -0.504463204358763 0.11182783872978
-0.0369004486250483 0.041575869497119 -0.032444747311432 0.380074383109139
0.0913932849775307 -0.0408073606548081 0.243065673973002 0.110732733683391
-0.00089247747943004 0.052802551260816 0.172037896879977 -0.125331738308256
0.0147605954959468 0.0763134087726858 -0.117774733459373 0.0898086564258354
0.0278685808612285 -0.0490316822244689 -0.239574003167729 -0.172867660375966
-0.0109959900056158 0.0357435719604373 0.0633336039109988 -0.353511051296919
0.0176954813610772 -0.0274881725046017 0.478225139180783 -0.0447161830516781
0.00570798731281398 0.0338914287758233 0.231724943945389 0.527274195046053
-0.0193634683416095 0.0438012283026415 -0.330958365389339 0.374870632913477
-0.0343076997246633 0.0150859002617785 -0.268715119804753 -0.0136283649177407
-0.0282697793180993 -0.00401132635178065 -0.0174082197057214 -0.0166878238965147
-0.0181992337555112 0.0103312325834807 0.237827491263098 0.0514898259740795
-0.00699193997552119 0.0140571680503461 0.461996567437134 -0.217347674635602
-0.0161876405732229 -0.0216640333401579 0.0514184201162296 -0.590936816755553
-0.0221632441410494 0.0130094684404438 -0.484084262232646 -0.197281866050393
-0.03923544127088 0.0178817558275025 -0.25655171936129 0.303089981397751
0.0888560479383348 0.0042936682104677 0.205219399829622 0.177297476009123
-0.0176256855693486 0.0476843143114159 0.190157513293211 -0.0635306233380859
0.00515568156613987 0.0655937382719537 -0.105630053954958 0.138558911916143
0.0222317071725611 -0.0424678705668824 -0.290889017531982 -0.114071979165847
-0.00413469039260784 0.0266496276970422 -0.102627426306928 -0.323394280127599
-0.00262841734010818 -0.0411152695381933 0.376514529602454 -0.303499559038041
0.0108578374409096 0.025831092876439 0.4721932851476 0.355926994005704
-3.89704084404197E-05 0.0374866737018441 -0.139554485373853 0.477689927726499
-0.0265618419538967 0.020898801992774 -0.264053635034169 0.0599751059823206
-0.0258755263393166 -0.00135192887856663 -0.0290274877832421 -0.0216644837901142
-0.0161904588841365 0.00571260890136131 0.208625310811248 0.101965991674337
-0.00736121165031627 0.0108759398363982 0.518969047837141 -0.00476162731828296
-0.00761477907931189 -0.0284884035770538 0.375006866584739 -0.475322888484389
-0.0260095173847391 -0.00672241465768221 -0.303014978785816 -0.436996543694571
-0.0342905120103043 0.00677347835892113 -0.401698575594569 0.136156683396271
0.0559695041414645 0.034628661986202 0.142611966594928 0.231814908106411
-0.0314965793354297 0.028373335616951 0.193597611949548 -0.00439341635027142
-0.00676129853102553 0.0506545819227778 -0.102100540496326 0.177318021285992
0.021265515471215 -0.0242024552784626 -0.300098800926852 -0.0619528051596922
-0.00804161859852955 0.00704885208269552 -0.209601385108198 -0.244984267474866
-0.0143502525341266 -0.0396642266711004 0.224516031787204 -0.445982289792311
0.00677437404343951 0.0135429347553419 0.56964087840153 0.167133729921382
0.0115970707526298 0.0238587393162253 0.0243285521959373 0.495557281948613
-0.0165089580168714 0.0194750002918709 -0.249332902715207 0.116060962944735
-0.0200616754211483 0.00406200008072174 -0.0357379978263661 -0.0232502692378446
-0.00777889146930577 0.00489454914709205 0.176189908638584 0.135015257152254
0.00174379727275796 0.010128542835132 0.490477303038311 0.164654885310136
0.000753604847690624 -0.0308863825217348 0.568134137662912 -0.273244293212476
-0.0155684002440408 -0.0240294171671425 -0.0759079209352716 -0.535098505541353
-0.0309172870169263 0.00749251005393353 -0.444288204721265 -0.0241676602342141
0.0184819256923357 0.0425328994361575 0.0701381275932809 0.255626098288071
-0.0364836549646311 -0.00134672759616337 0.185569085830033 0.0423572196754304
-0.0182104434198727 0.0299900944696213 -0.106400424846808 0.201746676266471
0.0187460266340429 0.00236868359223554 -0.285013526074617 -0.0300555611565726
-0.017802504903037 -0.0159563626011648 -0.265888753347803 -0.186083976329391
-0.0171789428462216 -0.0265022451964664 0.126066346160344 -0.495862308489194
0.00227020216646077 0.00556642029299541 0.575631954844889 0.055819429407092
0.0103609537201149 0.0105045475072418 0.114353171751388 0.481823104113959
-0.00376816731502917 0.0131070284318618 -0.235368699012391 0.148514919969084
-0.0112728000078518 0.0093228620921948 -0.0391542842311408 -0.020738104082951
0.00242197321747358 0.00891524831366735 0.153049087994686 0.151844181385214
0.0174648477797497 0.0139719092105553 0.441866480862833 0.253173711500408
0.00867547920088293 -0.0294699316296861 0.634272120930803 -0.128122684303587
-0.00504170305311916 -0.0344252698653403 0.0758053303548833 -0.545494389131564
-0.0310706411417755 0.0159683543209581 -0.441602607564948 -0.11115325795585
-0.00829924769583925 0.03924766974572 0.0156611946509581 0.256777420002153
-0.0355913957461295 -0.0327942901600548 0.175471512660429 0.0679550647202466
-0.0260061677991669 0.00628644407562646 -0.118159175571289 0.207395510348686
0.00431766516161357 0.0336170061547269 -0.264264055705968 -0.0195865859156687
-0.0187713063319012 -0.0399248667463986 -0.284855422993181 -0.184735055296498
-0.0173511648396514 -0.011614735315812 0.123837061727653 -0.497280991936636
0.00119191165966021 0.000828007060941764 0.568709018937788 0.0522566893870291
0.00198423395692558 -0.00191115513384547 0.122527081217365 0.4777685133653
0.00491950131060039 0.00244029503093398 -0.234616041518299 0.153103952282995
-0.0019011188375272 0.012640321954595 -0.0375784919232176 -0.0158868245532251
0.0136110462603815 0.0162668029868494 0.149453796610674 0.156184273700578
0.0367489407704988 0.017149274671923 0.430198079954746 0.259532836885586
0.0119302701719022 -0.0271739341068804 0.634400160026966 -0.11661465944985
-0.00600435285562784 -0.0432106531033427 0.0976413663935312 -0.547757821224214
-0.0223367313280822 0.0256840574181806 -0.435864766278777 -0.107494540233539
-0.0199649640424937 0.0372550796095919 -0.00192880918894314 0.248139050027529
-0.0321233848686875 -0.0616646448268313 0.171375832344653 0.0696327264729009
0.0343277359665626 0.0604624031964423 -0.140906482542983 -0.0306234634039929
0.0541264632167321 -0.0175853280218066 -0.0276626809855865 -0.225588230765649
-0.00729769296453627 -0.0102148601127433 0.402251460745648 -0.0135440520017607
0.00267129856877767 0.0416905269218677 0.0279539461996649 0.521586583681602
-0.00844527530212321 0.0230188587348876 -0.573819361816287 0.23032772693531
-0.0298406057653992 0.00828301807846249 -0.477259710309181 -0.178470586230935
-0.0194118510020668 -0.0053456215560067 -0.188498955434182 -0.164555092553871
-0.00991528380835892 0.000730872945586614 0.0165114517607503 0.00377821657054165
0.00205700795511357 0.00229138629416722 0.232442391368745 -0.126037314962982
-0.008543418547571 -0.0109187666446946 -0.0708770991191627 -0.51499938479071
-0.02000699964196 0.0126955202409016 -0.579297078531541 -0.105754630466964
0.0117042908275942 0.0221813257826045 -0.189747509555883 0.490482291287629
0.0193978533736053 0.0618111834409049 0.297044489558177 0.240229661010222
0.0124630546839533 -0.0693729684403447 0.265139898964364 -0.00335907338574956
0.027752304087693 0.0231049351756184 0.112820799883263 -0.219931847528283
0.0275806752881251 0.0750219978004622 -0.139523519205685 0.00231699712265358
0.0507504613083082 -0.0316826109870011 -0.0836198885458418 -0.221061470461167
-0.0222056815071301 0.00985505134304043 0.359555672759719 -0.157564412187271
0.0261482852730314 0.0299457991565002 0.240375367622937 0.45592915757618
-0.0109664711858015 0.0242136747057771 -0.404913504292869 0.428586533823221
-0.042750907531818 0.0182840891841702 -0.506013235224139 -0.0158342476743279
-0.0274108290977222 -0.00421150527027619 -0.222850059185732 -0.131790073885684
-0.0187754116175348 -0.00472605547765488 0.00538422464807396 -0.003182712566861
-0.00583089279225895 0.012392538702656 0.248897016282957 -0.079158152259893
0.00075417235781813 0.00146561005983589 0.0951231974116205 -0.501513456266637
-0.0252771606012976 0.00505619748277873 -0.511762645500467 -0.3043075473181
0.00539395458937209 0.0232517429380609 -0.366148001838771 0.373412375663368
-0.0140321604062401 0.0648344323692674 0.184650527093135 0.334948145722834
0.057804216849043 -0.0750663277825091 0.265005654546232 0.0389230362725903
0.0171870222982712 0.0427167073333169 0.14399620223791 -0.184601785173018
0.0224948976308814 0.0808219041366298 -0.13151933696718 0.0455530359840132
0.0394598140894888 -0.0491366849020228 -0.163238735866731 -0.204296001407545
-0.0212699515198935 0.029217446212324 0.231802075204475 -0.299106559474468
0.0306731357797302 0.000608176993908034 0.436130056402666 0.246559888668628
-0.00222190215383226 0.0330897673599662 -0.0966300238400597 0.563597928250724
-0.0402748475441311 0.0368608117209495 -0.460372559861061 0.202568282791473
-0.0341893395894147 0.00386054538053949 -0.255894745291012 -0.0781373460536546
-0.0269894163548891 -0.00765787782073133 -0.0084859922092926 -0.0115555121225842
-0.0136993108401717 0.017141708650183 0.253658160035741 -0.0173497160947155
0.000328537129036771 0.0120293620852393 0.298946521124116 -0.416385664362164
-0.0240740231856738 -0.0110615628506113 -0.301717962680757 -0.516784632279921
-0.00801266887393352 0.0251734602622808 -0.505874715984559 0.131599588196104
-0.0364585360609838 0.0444243019488712 -0.0196643729895469 0.384878913489867
0.0914755408662852 -0.0436086249952895 0.253221763737945 0.101702421253065
0.000170780560773151 0.0521547297978957 0.170438793171002 -0.133597743181748
0.0147160531154447 0.075676655843798 -0.115898667341087 0.0958826003645582
0.0297262899770638 -0.0555557697180216 -0.246932350404596 -0.163424492154263
-0.0100823402782269 0.0367181050066766 0.0486011186925601 -0.359238293030501
0.0182767868328991 -0.0298064995111553 0.482413981573452 -0.0554403448603305
0.00789001522043802 0.0317549077612019 0.24764365403325 0.524982368595645
-0.0208115568628027 0.0446826476962039 -0.318487673030309 0.392178332188601
-0.0348333537700552 0.0157222258303836 -0.269084773071522 -0.00503698054332214
-0.0289175247261223 -0.00451194604321227 -0.0207449989581088 -0.0174141790107561
-0.0188781103622225 0.00959270987463637 0.240718445693029 0.0458222330510512
-0.00578166169512052 0.0138034244957604 0.461337254447645 -0.236374337789878
-0.0192790346305341 -0.0208937491513694 0.0361407245258847 -0.595624071832967
-0.0227742885336245 0.0158539722671205 -0.49624954347526 -0.182181119060593
-0.0394349236855568 0.0208454220864723 -0.247108611715694 0.314292664097938
0.0878685082141644 0.00129204858041551 0.215063707214527 0.170087083707346
-0.018553120709288 0.0507065649358424 0.190408847671222 -0.0713708808943097
0.00675777363344552 0.0623020716987689 -0.102154428752948 0.142582375531817
0.0213561024509648 -0.0444680815914005 -0.29774165559534 -0.101452878631332
-0.00397715619906315 0.027342993997293 -0.116891469715865 -0.324764362368566
-0.0054271454365032 -0.0414900927957086 0.367958764446911 -0.316879222018372
0.0128253164723975 0.0238465758782236 0.486456986642458 0.340657299613938
-0.0009318529661652 0.0375097184289501 -0.124219391162763 0.490015213726983
-0.0269031869080647 0.0206243992801062 -0.264786166962492 0.0678193312922215
-0.0265125133551509 -0.00184630874366928 -0.0300850302523648 -0.0229080579123318
-0.0167365833695516 0.0038585296008417 0.21379717763552 0.0962906765378812
-0.0066277007022188 0.0100243933857609 0.523072006143202 -0.0216826964507128
-0.0082165531472015 -0.0294629433796851 0.369397475563851 -0.491794603256963
-0.0263776411346884 -0.00467406098149785 -0.32170789247487 -0.432910497431986
-0.0346524057523544 0.00843558383637918 -0.400981075278361 0.152856872980473
0.0571705981096597 0.0334329082913044 0.15219535496336 0.228299925438114
-0.0318738367914641 0.026338032943765 0.196607394139615 -0.0115305711423709
-0.00593686662472316 0.0502291133240173 -0.0968596584045904 0.185087852718569
0.0220271841006253 -0.0254301400285714 -0.308129579386312 -0.0495624411910425
-0.00864454576272986 0.00643258131194612 -0.22134590273424 -0.241714822171836
-0.0170615407044121 -0.0392168747364278 0.205625604673382 -0.454904104955264
0.00961511535975924 0.0122754161551904 0.578324336963884 0.145204446471729
0.0111421805691174 0.0230693355325679 0.0413825629376536 0.502042853926312
-0.015793098077626 0.0180255489668237 -0.246279063798382 0.123105820037371
-0.0179927701563807 0.00408338544809317 -0.0375271226272644 -0.0242898600058646
-0.00953262784972937 0.00233464071451625 0.181690047139393 0.133520927703534
0.0013995811895217 0.00801149938954075 0.500274060431147 0.151611390479018
0.000648920417938266 -0.0309129130281676 0.568777243662339 -0.292112074684574
-0.0185556251258935 -0.0227485221222324 -0.0942408943446083 -0.537456327423852
-0.031845759864174 0.0100955388178816 -0.450467439707055 -0.00724297128415725
0.0201647279033618 0.0408576226371744 0.0810302890326426 0.254527950627652
-0.0398808965361508 -0.00180023378832001 0.191079267025736 0.0360842014279851
-0.0169993831193177 0.0294992694275568 -0.0996832076498766 0.209950739175028
0.0209722050662922 0.00324539332993733 -0.291923499897025 -0.0161955807706413
-0.0205037508621463 -0.0142609684818301 -0.272954482098767 -0.17991706280747
-0.0173878241284778 -0.0255656979017797 0.104399831557732 -0.506632984070537
0.00471320720834 0.00556602426056287 0.584443541160279 0.0334227985896198
0.0083249349179019 0.00820016740393401 0.129359889842186 0.483769352321245
-0.00432167317239782 0.0109196592689563 -0.232731735027767 0.155760388501218
-0.00872677705016826 0.00986215594214062 -0.0382718091959918 -0.0193180474233909
0.00109148173746809 0.0079530337790151 0.157558211769471 0.148655297288654
0.0191657832359167 0.0113839839916153 0.454272423373531 0.240017007098338
0.00844070151750679 -0.0300938103472573 0.640112422602033 -0.147086322704246
-0.00685628815663046 -0.0355436767848152 0.0601505211474573 -0.55358323179894
-0.031271973051256 0.0178709834380124 -0.451000424917728 -0.0945883930626094
-0.00771391361620472 0.0395370375466488 0.0236608724809182 0.257919550186801
-0.0375620263101083 -0.0354105138499016 0.180660413888704 0.0627846011355411
-0.0261634863201691 0.00504927957820517 -0.113699963586707 0.215808267423874
0.00675281241499254 0.0350016264643852 -0.271991066798336 -0.00862332103007886
-0.0224352985637779 -0.0393965255982678 -0.292180493275163 -0.17737377360213
-0.0186004162876322 -0.010186060203813 0.103101323417471 -0.510981519311683
0.00294185373059114 -0.000564596749898304 0.577352904558379 0.0302354650975049
0.00245412493191172 -0.0039832363430641 0.134112914344675 0.481074459097367
0.00526994179387451 0.00141094638292507 -0.232120663209065 0.160968137988776
0.00273278506742609 0.016066135170861 -0.0377681590137649 -0.0171020592979778
0.0128323548210881 0.0142793564380413 0.156417796848052 0.151882137692629
0.0396583381276747 0.0152494674691691 0.441826405112805 0.248109625320413
0.0127100941044104 -0.0285468747959562 0.640146294383908 -0.137592887221025
-0.00801129940357857 -0.0443077726873127 0.0812804405567889 -0.556428892166156
-0.0219339776339374 0.0271786061226887 -0.44854237115777 -0.0913335016571373
-0.0206420054903086 0.0376609851611631 0.00595482470522389 0.250395734990311
-0.0351553035447012 -0.0635836994265659 0.175981990714253 0.0661705528689019
0.0445538344521277 0.0543052821583085 -0.149216048202163 -0.00587670238592237
0.0536449681815197 -0.0285486051155427 -0.0673869123784284 -0.216769273734549
-0.00604641739834946 -0.00737349994095604 0.39761690635881 -0.0836291358866205
0.00862201244239752 0.0411463214524587 0.125024465071562 0.519346659349695
-0.00828029809876225 0.0178348642868635 -0.530810205313609 0.336082431898667
-0.0265910865073144 0.0124457778014331 -0.49838963022288 -0.0902473039057984
-0.0164687900270226 -0.00365717313117532 -0.216025522269221 -0.128668245058019
-0.00756757724206243 -0.00186294335051306 0.014852934504118 0.00108616519141162
0.000572670674390364 0.00594822463556376 0.209103297585421 -0.165158034179654
-0.0135084082737733 -0.00560893870824991 -0.153649549219024 -0.497024919751527
-0.0122656193641142 0.0163838768832157 -0.594890811876799 -0.00262608866780114
0.0169815263579069 0.0155988428067409 -0.101606390502497 0.522474309847462
0.0298947784286319 0.0547400000113167 0.336981736175425 0.181839547667368
-0.00415204061064571 -0.0677956370415531 0.266951030823111 -0.052694766974564
0.0227658689486505 0.0209359897660751 0.0742320848737209 -0.24224506062309
0.0376409506230399 0.0690106381740271 -0.138594159632267 0.0257740651429751
0.0478804540033671 -0.0469261481859473 -0.121421144799992 -0.206382563495556
-0.0157548968128711 0.015508628029033 0.327910818656768 -0.221779726696236
0.029506607112095 0.0259898559422096 0.326613558508651 0.412110876156676
-0.011060265647195 0.0236367165725057 -0.325040547178414 0.502985047588591
-0.0400488412854992 0.0263318155365906 -0.499296187285063 0.0768568533194325
-0.0253887414406067 0.00124703003497337 -0.240913466811294 -0.0914947206588254
-0.0185019027423045 -0.00288231065561827 0.00394744776333023 -0.00357283641755134
-0.00327704984272692 0.0146003114153773 0.23341122357868 -0.123137666755155
-0.00303926770367441 0.00697217863186322 0.0071342602271107 -0.516210875586792
-0.0186641044840817 0.0117459656582765 -0.561018596422902 -0.216075831140747
0.0175516985564434 0.0203779176571907 -0.300246921722353 0.438238516177168
-0.00103629520556157 0.0601506448447731 0.246129574857642 0.301326392465179
0.0386076791394127 -0.0828934393186229 0.271848537928108 -0.0115140727505938
0.0168630664676839 0.0446645825881462 0.109358478405067 -0.213743928347879
0.032105231594015 0.0748582109558846 -0.121312711684365 0.0691085083090961
0.0317048264289221 -0.0614361911036929 -0.198130167380242 -0.173697443871524
-0.0123269727949739 0.0370567409116143 0.175744508543008 -0.337160891447027
0.0297843947802842 -0.00536309484485764 0.483393950020308 0.169356180155451
-0.000916119786943375 0.0297743661482013 0.00259875633277868 0.579389202418116
-0.0352450703840306 0.0438336558739757 -0.420059006075571 0.279063044047594
-0.0376659171913015 0.00740996411452209 -0.263074052014809 -0.0298099831990803
-0.0259951725532357 -0.00538853981413969 -0.0139213159398466 -0.0111408477841709
-0.0120564807659564 0.0184597156913368 0.249650983013554 -0.0632804066333656
-0.00394679254786595 0.0121755820873006 0.22973661610108 -0.463403474936629
-0.0261965853646834 0.00183440983949663 -0.38628671858625 -0.458617522566071
0.00672244484421531 0.0247176733472341 -0.480926869100009 0.222185664970625
-0.0232704118632869 0.0460559560442639 0.0479628770791759 0.389981671274142
0.0770669329812013 -0.0623656919169746 0.271495362661144 0.0555437624701637
0.00284316255969118 0.0582553767224516 0.148584720369829 -0.165005429565144
0.0259323059321388 0.0712688483729926 -0.0992607934867976 0.114387878240714
0.0180501786358388 -0.0653206031041659 -0.27655976368365 -0.115410777877252
-0.000486275209378589 0.0391643265743051 -0.0197154585815274 -0.364775676590019
0.0106155365794192 -0.0315839970675486 0.472797442016438 -0.135955845886866
0.00880718308635795 0.0329601887030932 0.337792489381794 0.480286135013728
-0.0118321089220965 0.0498270397241876 -0.243366069178002 0.444475452648884
-0.0321765630871579 0.0192914583011263 -0.265246039274757 0.042889595612194
-0.0280748718383374 -0.00291247735400622 -0.0258495811812103 -0.0128704946275817
-0.0161911599527145 0.0118092649026314 0.244534460639035 0.00350155589672759
-0.0102631286893133 0.0115310421394415 0.417354732635199 -0.314780438059225
-0.0249177451554738 -0.0149930313066024 -0.0682173920487185 -0.602111734114882
-0.0144109367349167 0.024520294377658 -0.530105215752322 -0.0929369719837306
-0.0326034080102162 0.025530327928617 -0.193344121324429 0.362665523810799
0.0848960572790661 -0.0173021318821163 0.24800129530362 0.129401000050008
-0.012159716833133 0.0546072722570959 0.179792342890438 -0.106717107449201
0.0162542945833162 0.0605639894793595 -0.0762299434038297 0.163608935386976
0.0132956414028509 -0.0536691410929887 -0.315613127256405 -0.0404225152536733
0.00575680538349347 0.026282238309095 -0.180470254947828 -0.298296822890674
-0.00981525278714063 -0.0386391408915799 0.309749617823508 -0.375063466608019
0.0154652193847169 0.0216528327684976 0.539058009155304 0.245889565350279
0.00105045093156298 0.0363417728301344 -0.0324134862294566 0.502455624931025
-0.0247423777037873 0.0240951529837246 -0.247725123712616 0.1133463987705
-0.0255122514707193 0.0010267135665021 -0.0364969512596417 -0.0161777980885798
-0.0173215824525766 0.00601849785239804 0.227773282669368 0.0618818521935704
-0.00974367878789094 0.0060859689432424 0.516342711642748 -0.113449932696293
-0.0204484194715908 -0.0268885814092588 0.283608413691575 -0.557411421684265
-0.0261986391978577 0.00583731275711668 -0.397311889602851 -0.373180723962976
-0.0262893849022457 0.0152926975925297 -0.373443863873967 0.226199887411178
0.0633956586717214 0.018970636569538 0.193177722313866 0.198967568836287
-0.0329053376940262 0.0324011457495202 0.195881338428038 -0.0487236558452503
0.0024704592417635 0.0448108207957395 -0.0614815780815251 0.20417140143332
0.0205702063536471 -0.033144241432612 -0.315409928482249 0.0141049406476753
-0.00720688146616959 0.00783932853365578 -0.266731156607852 -0.201321576458846
-0.0202211413515975 -0.03393302145342 0.118689292262248 -0.486304718610512
0.0118044842324487 0.0138691976893427 0.599599277809147 0.0365168027969107
0.0137375548698625 0.0212065244752494 0.133163472163741 0.490163606261852
-0.015379732157807 0.0204867397641663 -0.22150008777259 0.166295604687114
-0.015209484721457 0.00310940514969348 -0.0445695214989997 -0.0175268628842056
-0.0108634192612523 0.00593788195349373 0.200156682972483 0.0993942088298631
-0.000729757684703781 0.000881876443503533 0.52018796503748 0.0614855979461034
-0.0105858395844989 -0.0320178124310623 0.518089687444418 -0.393817454082846
-0.0247861743473092 -0.0114783494886455 -0.190040597571595 -0.522523609095942
-0.0244695048313388 0.0160567263753214 -0.449819516008905 0.0746899321463709
0.0262466650545368 0.0356769794914747 0.126988240862688 0.238990095863326
-0.0409979812613883 0.00227776690046507 0.196787444488943 -3.68882171358714E-05
-0.0144987196743877 0.028238156373558 -0.0613203777124594 0.229992413190851
0.0236114832609012 -0.00552852476165943 -0.295124689759811 0.0413421544399067
-0.0201704024760818 -0.0154032488789068 -0.308172986108718 -0.13188151021496
-0.017801633562485 -0.021920390757652 0.00474182041611422 -0.520199835636049
0.00690730829655907 0.00868415202569015 0.58610413194299 -0.0770866999235337
0.0082706606662021 0.00573353869332441 0.217581406082563 0.459437939874604
-0.0027636258210628 0.00893528513124114 -0.202299472127759 0.195200923130379
-0.00364272415689041 0.0102627737122741 -0.0452922261676113 -0.0135297482470536
-0.000105447360248213 0.00540994255450128 0.182868245055857 0.118839588246851
0.0175049524662204 0.00214205690399594 0.49099698853947 0.157738098425731
-0.00338377720759116 -0.0315764378269714 0.615663634420788 -0.258685974214337
-0.0140359240392132 -0.0273871811465413 -0.0388346017973687 -0.559394604182462
-0.0223076148670782 0.030317527649591 -0.468188113976524 -0.0117585879785671
0.000624271442342714 0.0349516364727364 0.0719985051224492 0.251245164369651
-0.0480031816258016 -0.0292982104126456 0.193988306350772 0.0298195295950029
-0.0225161290409691 0.00349152842660489 -0.075492459619959 0.239943762974025
0.0163202973511756 0.0318446497152477 -0.273884086657349 0.0445694253974583
-0.0298395289171097 -0.0369207859869924 -0.325547828176482 -0.126856216510422
-0.016703635740719 -0.00633581223185027 0.00193294082755556 -0.527088740388763
0.00540279319663242 0.00504256523900827 0.580905033791012 -0.0852170604030097
-0.000593706193289334 -0.00120123744893941 0.219656493855284 0.452809036854577
0.00506012274930512 -0.00194528533897553 -0.200403969023551 0.198595792795756
0.00789529466513736 0.0128983423812577 -0.0430420736325475 -0.0119798731252189
0.012530415737605 0.0116858682393351 0.180393863719508 0.124834474622947
0.038062601154307 0.0012764648026881 0.480154695834517 0.170219844830051
0.0025269110686046 -0.0303926004781998 0.617490346920656 -0.248205861934949
-0.0181339113908051 -0.0371766170895105 -0.0189171286273813 -0.568903790561998
-0.0133383094731836 0.0370710111799977 -0.464050619505353 -0.0106180610801407
-0.0119327359904852 0.0332462036627562 0.0520108863732157 0.24937020253393
-0.0490627328146101 -0.0629742785641478 0.189542440344203 0.0303500810905873
0.0422463002630703 0.0540191173882865 -0.145842149460076 -0.00167999772383043
0.050231337387702 -0.0356970005700971 -0.0704346734804307 -0.216096796754879
-0.00708665459310284 -0.00510530367259592 0.391181298802707 -0.0956377177024302
0.00936842167383076 0.0399533336143301 0.151290569565058 0.503863640981261
-0.0115210148225986 0.0208789444273348 -0.516379625299602 0.352830696747435
-0.0280437256704912 0.0129453255928361 -0.49393702723473 -0.0796062839448707
-0.0167087575205622 -0.00104662913352928 -0.217212389505821 -0.115347748562287
-0.0102884104516839 -0.00536294281306737 0.0131631489448763 -0.00203905011486637
0.000294403042170115 0.00573521951606806 0.20192208027984 -0.172158506871084
-0.0144945677452715 -0.00700757056488122 -0.171777345080643 -0.484856319910774
-0.0124306835225292 0.0189548698305824 -0.581083208011373 0.0205328589659483
0.0216099368049426 0.0139017563559398 -0.0804289723810221 0.521811374053965
0.0321517435386241 0.0527687295782569 0.339220728066265 0.165090149914399
-0.00912299983290155 -0.0694892402453677 0.26337878041093 -0.0609901766672435
0.0256101585433819 0.0191018173049188 0.0619484001932946 -0.243550621461425
0.0373526536191908 0.0688348975505842 -0.136647456223616 0.0318652533938194
0.0445403598491197 -0.0502850285868061 -0.121894077607169 -0.202213269086752
-0.0149807844501367 0.0174179701464665 0.314164503491939 -0.228040928268812
0.0294151991855098 0.0288892904493191 0.343035582678297 0.395694309419362
-0.010003748301899 0.021000752906961 -0.307071265178771 0.511599539037362
-0.0404233632145986 0.0269146628884839 -0.485916847648173 0.0881041639309461
-0.0301021835712482 -0.000536705596499699 -0.243500494969327 -0.0775539315260042
-0.0198253102650158 -0.00350429109941276 0.00106385315268176 -0.003997641370299
-0.00119066791141043 0.0127596258133275 0.223960487658735 -0.12977135700549
-0.00585898751180478 0.00590630525827579 -0.00986012103608044 -0.508274673271634
-0.0255720931611032 0.0139478454822414 -0.560013969216836 -0.188175527274163
0.0199798231181921 0.018524975652502 -0.278523838039196 0.444010757441923
0.00219096129199379 0.0623693477509218 0.253658885129342 0.286932925749689
0.0354084537856017 -0.0806419136482612 0.270853353607482 -0.0247609379608524
0.0185602982973413 0.0412241347708612 0.100562961955751 -0.216904513004862
0.0322763107529691 0.0733329251098986 -0.121293695466531 0.0706448151237811
0.0333845718378702 -0.0612844082908238 -0.1992069855703 -0.162777410446019
-0.00838264014105396 0.0340186581044284 0.159786991267913 -0.334935779072906
0.0330022784601566 -0.0034747031410768 0.491026419393877 0.14859897608523
-0.000346377426630767 0.0316988031419585 0.0219231602654064 0.574091762764063
-0.0337737413662166 0.0461680436529912 -0.398989628987889 0.289139672953404
-0.0297861994653383 0.011154040780777 -0.260880218311277 -0.0197188780630127
-0.0298607964779046 -0.00313277418996923 -0.0149797465795092 -0.00662789080437259
-0.00868035722656469 0.0182681405482634 0.241631611529741 -0.066916015857646
-0.00390994341476295 0.0117786995559132 0.203242126955211 -0.467754099545532
-0.0264237375461115 0.000447751072071328 -0.401780620308764 -0.439903896668332
0.00366768463346713 0.0286244972553771 -0.471780435767368 0.239028232365623
-0.0237549820271628 0.0471531597444261 0.0636338950878766 0.385185513534191
0.0751239355474611 -0.0634186694244775 0.277872341674298 0.0404554322170265
0.00516546884502576 0.0516663186037534 0.138360757938193 -0.169083861074095
0.0252814693728957 0.0712073418008862 -0.0923449963370055 0.11669551047814
0.0143328441754351 -0.0669664890730743 -0.270465925839921 -0.100050563636893
0.000597059119931161 0.0393396395835856 -0.0371997240003902 -0.355784878531149
0.0109923215011108 -0.029877846749174 0.462949746467014 -0.156053608039778
0.0101901187650296 0.0287432769716451 0.347460178861453 0.459190128961062
-0.0138734833791641 0.0516941881722636 -0.219564936779427 0.440496007341707
-0.0350902779768327 0.022951579762647 -0.260112419232118 0.0487932709047673
-0.0279287050357885 -0.0051133076815403 -0.0263687287945252 -0.0127235063055658
-0.0151335475291391 0.0122530248608103 0.242855807021993 -0.00482683144597004
-0.0111383507976142 0.0103160170720881 0.39946007909258 -0.329191691765524
-0.0269099301936553 -0.0142733457387723 -0.0865020692855661 -0.591653081694897
-0.0139856146961602 0.0228333200396915 -0.526432001573883 -0.0705149251282488
-0.0301347292804697 0.0267400085439833 -0.177740888713794 0.368514248435112
0.0831297161007378 -0.0194215941114375 0.251227632373715 0.118820762930649
-0.0127202418340546 0.0539152418747323 0.170995505792613 -0.113883930847815
0.0150962003046124 0.0580892157756907 -0.0708614260483694 0.164321582647313
0.0102342962404765 -0.0561590024154586 -0.311945787510555 -0.0258450444141304
0.0061746822668572 0.0279185053047749 -0.194415687043244 -0.285084658622973
-0.0116857600246296 -0.0372645783928138 0.292745819688278 -0.383191133888569
0.0193560778174421 0.0232470425549547 0.537410446015033 0.220337122696348
0.00246843322143502 0.0371194214813425 -0.0143436003830013 0.496192396041158
-0.021749139338928 0.0248008522260108 -0.237560950874969 0.12045585158964
-0.0239753815440839 -0.00539146390274215 -0.0381730759021277 -0.0130014691099173
-0.0172752982401709 0.00818782404109259 0.224413091354339 0.0487841650627663
-0.0107949353218847 0.00619235436661647 0.505794979144024 -0.133575993034528
-0.0190284313109437 -0.0254426783239188 0.255670778600867 -0.559278213324536
-0.0246157773853844 0.00624125517292474 -0.407418014420528 -0.350371399280181
-0.0272154369086167 0.0147466352273418 -0.364272921204437 0.243595736450834
0.0609897524868759 0.0177008918469204 0.198771024859104 0.185304470420854
-0.0299177186342166 0.0307569097419021 0.192376906583672 -0.0565280504973733
0.00375865511868121 0.0434642501488952 -0.053003211757938 0.201437642446959
0.0181065486478395 -0.0355233012024339 -0.30974661048508 0.0333459920883913
-0.00353237438462361 0.00845486360671174 -0.276969963204976 -0.185895302581456
-0.0182413895656194 -0.0329616746953696 0.093558458233276 -0.480970802470357
0.0147831929940421 0.0136256301924656 0.587748799500895 0.00973340606442199
0.0118944234538863 0.0215123757796152 0.153553078491016 0.476506764636182
-0.0163096624802452 0.0189292329957341 -0.210666670611567 0.16997414088749
-0.0122816098633255 0.0026448476439346 -0.0452179035757941 -0.0107654386921112
-0.010397771080443 0.00710060746772451 0.201969708008031 0.0893447470470714
-2.19398686219308E-05 -0.000335646557280817 0.51429015775222 0.0366675167812008
-0.0141368905984861 -0.0322426281168305 0.498036671593848 -0.40742404787438
-0.0232578622547221 -0.0103882526434293 -0.208558871241935 -0.506375133758777
-0.0197785890187068 0.0188375243474744 -0.443932412271181 0.0983677501970497
0.0296809653820246 0.0324598756905102 0.131376048838589 0.229850800703744
-0.04427020401205 0.00401939233605657 0.193648096210156 -0.0078298751019167
-0.0110486633770544 0.026671206431522 -0.0501236860936331 0.22953640783915
0.0251437529775895 -0.00678991975740863 -0.29272955956449 0.0596383326172254
-0.0233480274006638 -0.00798007882814199 -0.31361672086131 -0.119231196390371
-0.0212889607812141 -0.0200082790004695 -0.0202686562971348 -0.507113327324893
0.0089706293475942 0.00536094056611344 0.569513637757639 -0.103536938853532
0.00474553225366495 0.0064389848299221 0.233306519051085 0.443798824860823
-0.00521999033023749 0.00965552321772559 -0.190544010678514 0.195261189596952
-0.00281274443296675 0.00992038652925171 -0.0471013899969529 -0.0137378107450047
0.000583194765764518 0.00725221402151476 0.180012434062207 0.11047718595225
0.0162575630305598 0.000332178282762333 0.487925495168117 0.137197410535919
-0.00231348932496535 -0.0313532862987971 0.597113007563685 -0.284462059214805
-0.0143955189558732 -0.0260020485039325 -0.0599868763939011 -0.555032876282444
-0.0195421223557676 0.0331016035759083 -0.462570227607819 0.00788562086936437
9.14690135775161E-05 0.0365624990663306 0.0808370696710278 0.244454277835146
-0.0488082715883438 -0.0309861638765566 0.191443240469998 0.0202553099769744
-0.02643051878764 0.00352739124451832 -0.0602135539289131 0.241462733939393
0.0200573908124868 0.0318327767280882 -0.272918154016395 0.0640203114192105
-0.0298696360840814 -0.0320579786159214 -0.331729204800642 -0.113204756588408
-0.0141104741883718 -0.00976192914943319 -0.025701726919425 -0.518092056624693
0.0045227031719592 0.00173759350307461 0.567728986174003 -0.109605580406584
-0.00395406422373647 -0.00242390850403228 0.236545546902735 0.439027139856524
0.00390614071146158 -0.00142360304852596 -0.191650625629859 0.201370950795063
0.00939821814983058 0.0144868793497548 -0.0422638530938931 -0.00796439960192219
0.0129409638717773 0.00908879114030507 0.181326474651764 0.115444654417199
0.0373563532315372 -0.00307881535943912 0.478588398443158 0.149559454767055
0.00210053741800162 -0.0290050769919578 0.602012089216816 -0.270923569196481
-0.0191302569794323 -0.0345452132280655 -0.0427176792881526 -0.560630690831312
-0.00964966682795819 0.0385744210087114 -0.459716992606153 0.0119024187222194
-0.0131234699558222 0.0348930325847833 0.0594807617930797 0.240901564994711
-0.0509508365634303 -0.0608760180118181 0.18818875298893 0.0247450472094118
0.0507842022327461 0.0436544890750211 -0.146166096384049 0.0295919885555142
0.0425295711760222 -0.0431405250828494 -0.110935325764012 -0.200253211915714
-0.00917084306190105 -0.000529979037874136 0.368104417968955 -0.176488379408999
0.014031128027913 0.0355250970565949 0.256446363293128 0.464224500596241
-0.0106069043111003 0.0175198003029206 -0.430545770183563 0.455099159808473
-0.0227326330592788 0.0174912729908264 -0.493786424965413 0.0224192520179105
-0.0189509920699126 0.00196439494443441 -0.233533800499066 -0.0716532130775414
-0.0138016786987716 -0.0017451685498152 0.0146488889616415 -0.00287011476801205
0.00189495854385197 0.0057718090038192 0.166769244002439 -0.207115264392919
-0.0138129311533275 0.00344258375520774 -0.265827133873417 -0.441617469360934
-0.00413207418576049 0.0241324177680534 -0.571042671272052 0.141041949067114
0.0260183945679242 0.00206191726812957 0.0263904684248668 0.530460224324699
0.0352688375672731 0.0397920182167462 0.374514263497485 0.0947960704008134
-0.0254623780672775 -0.0624886341333428 0.2520130996765 -0.119862926391014
0.0267594986820332 0.0213227661020208 0.0121401833814991 -0.25516804157514
0.052322686742432 0.0595500472870695 -0.131581022164 0.0631553308341711
0.0325759329942489 -0.0593320297364703 -0.162035895411147 -0.174783096701766
-0.0125759363788296 0.0213631702439733 0.268657373197023 -0.289885325589828
0.0300969078544483 0.0183597709045163 0.425478175494591 0.313094834836581
-0.0112930046480371 0.0235617679699818 -0.198197784727359 0.563722465382024
-0.0317003795251215 0.034537861331199 -0.458256517035558 0.180992136013503
-0.0260896769239315 0.00507258661760976 -0.251485363213353 -0.0301314599042139
-0.0236575236243898 -0.00327541024261267 0.00246210380038764 -0.00360928261249882
-0.00100336931249463 0.0160574290225784 0.19680359637447 -0.171686797157632
-0.00565491499209187 0.0112110013895294 -0.111423568068928 -0.499125077268193
-0.0133893777558735 0.0216448573734811 -0.590023429805739 -0.0716642117476901
0.0269174843332134 0.00881840344105545 -0.184073917780177 0.497666631935221
0.00988841851044061 0.0524680333008453 0.309862348737092 0.231992144092224
0.0104317835760241 -0.0893322062468672 0.269280553151547 -0.0794007181394989
0.0246824674109604 0.0418663716633547 0.055603944900255 -0.237527312034559
0.0478173763957154 0.0674235053502878 -0.106850246160364 0.096230618474509
0.0155012595638177 -0.0695475326255184 -0.230947155404068 -0.120595050786529
-0.000333713978933888 0.0377370056350247 0.0897400074274659 -0.36430371678255
0.0254147583829412 -0.00898821530443519 0.515228403813367 0.0408143401940977
-0.000153124754138388 0.0314876512580192 0.139495145223261 0.562810029362774
-0.0214577486621912 0.051126893150519 -0.332036030829751 0.358612466292409
-0.0298238348390343 0.0158235154238494 -0.258458531370423 0.0354812132390439
-0.0309834898401447 -0.0017677356756647 -0.0133481520261276 -0.00407325543026446
-0.00925575506294167 0.0192755800106811 0.222451131153797 -0.117057758892231
-0.00638083988685861 0.0173164036328568 0.108208368694176 -0.497985751941466
-0.0253312532294736 0.0144465031165007 -0.483918237675322 -0.352084513504177
0.0193487806695745 0.0243712368222889 -0.417491106691245 0.335293145868136
-0.00950054562696013 0.0443182001133377 0.141682532282103 0.370717713787278
0.0563542864330933 -0.0790157212131936 0.283729713069468 -0.0146784627124487
0.0135865036325172 0.0563931750781264 0.106231286014807 -0.196210849638744
0.0396158505108383 0.065718094996774 -0.0726810783635023 0.135950035246093
0.00201015692813839 -0.072930679138909 -0.287235540814744 -0.0434952841607107
0.0153562872276117 0.0376557544607444 -0.108181940730509 -0.339310246214835
0.0028070573976871 -0.0257323198162117 0.429475929299639 -0.250044709717286
0.0117875236043726 0.0284450413967034 0.433819023232049 0.381432358306635
-0.00516611865269507 0.0530600100307298 -0.127921593597806 0.472987208830765
-0.0261350462525258 0.0259625305478733 -0.243133862267915 0.101977882070734
-0.0311615601810527 -0.00181403787607531 -0.0285805859738805 -0.00377122540860316
-0.0150682170609998 0.0146089051250662 0.233924923726907 -0.0546519890727376
-0.0132323623931074 0.0158446320403646 0.326454220086974 -0.40103158544272
-0.0304371749294353 -0.00154720227844354 -0.20480328158706 -0.568133067465761
0.000530761307971912 0.0283495025414142 -0.53575909652938 0.0406756395399883
-0.0173068728593389 0.0264235676748476 -0.102562316866882 0.405585921536431
0.0735162559280091 -0.0390847437557441 0.27401704650576 0.064611803631388
-0.00726029218667078 0.057138255561749 0.149202434285459 -0.148531331169819
0.0250935460310561 0.0544155396208743 -0.0372129176569229 0.175946587758242
-0.000783587363980674 -0.0619671083221552 -0.309352488432921 0.0419413618357772
0.0135605602924643 0.0239189700053475 -0.24979657912184 -0.237546240270045
-0.0168391202335669 -0.0326369154801078 0.209618531252257 -0.433291558102329
0.0182008302254286 0.0209228734313826 0.573585942491974 0.108703307846907
0.00777849728721192 0.0386687411055431 0.0896861720362934 0.484442238655428
-0.01933337439371 0.0286741913232283 -0.211393138725051 0.164856406502894
-0.0249270589181614 0.000537747571825937 -0.0400758871545831 -0.00339387372277826
-0.0167052641804539 0.00931027041155652 0.226902659220806 0.00604243948455476
-0.0151378898599706 0.00732746745197652 0.466884074744155 -0.230407782637685
-0.0306634261561203 -0.0174981790498899 0.144564930791539 -0.609589327969423
-0.0171259017534651 0.0187934639879885 -0.474717492524366 -0.265890994313486
-0.0122266054868264 0.0184052439713404 -0.311471233847777 0.319986151583547
0.0613119159931532 -0.00100358128894378 0.236028690356907 0.145587066694895
-0.0293320821290811 0.0400431863557439 0.178735506846335 -0.0955109545949585
0.00627562484943784 0.0423456573201291 -0.0123172486392341 0.210647753851183
0.0102406791611313 -0.0447669318244273 -0.298128801532757 0.0989551112741629
-0.000292207695612359 0.00926698658379158 -0.313334825482365 -0.121168213497657
-0.022490807448806 -0.0260228320082116 -0.00588781414310711 -0.48728774593701
0.0150728472129557 0.0123216692506508 0.573633871478675 -0.11176389503199
0.011426400056493 0.0216218076100883 0.242605654953976 0.432986361972642
-0.00985587104505464 0.0218369505263859 -0.173161578614523 0.207450920365206
-0.0133919635623155 0.000798215469917442 -0.0474902836844273 -0.00327755753498284
-0.0106468435524447 0.00637803184724665 0.213150179193241 0.047765800888511
-0.00724581520637073 -0.00197863516368686 0.50922565570604 -0.0646421971907885
-0.0267845399953072 -0.0279800317122952 0.411475820471734 -0.506036117127551
-0.0247781445624209 0.00131156824743471 -0.304750803821379 -0.457959434146106
-0.00846531827460249 0.0241989914641523 -0.420335553296356 0.190392404479431
0.0321931552659677 0.0215564757373563 0.178720831439106 0.202197005330042
-0.0475533844735478 0.0106868874510139 0.192059676433699 -0.050091201508531
-0.0132364167240361 0.0275893905129577 -0.00333830496573326 0.23552362426581
0.0223173413232196 -0.0154999700904361 -0.272090443582721 0.123043675747373
-0.0216265215956401 -0.00902954046329817 -0.338679196274843 -0.0465688898211938
-0.0171375692704569 -0.0149877377806222 -0.128909216930029 -0.487551210877285
0.0110653006120968 0.0063664511615335 0.536113982027222 -0.221014905448325
0.00386120786688012 0.00717721978612641 0.317100356050933 0.385091169497536
-0.00264402902331949 0.0115870524163191 -0.147246471552904 0.23069783847215
0.00063068461870738 0.00442063401740654 -0.048295032441259 -0.00250816786727475
0.000952194823153597 0.0061835991337976 0.199601921455348 0.0727240871403581
0.0101163296883164 -0.0066938745952014 0.505344773091559 0.0366390544657735
-0.016417468746469 -0.0317410003691734 0.533588499579844 -0.400082173746351
-0.0221299773383319 -0.0155215213680302 -0.170559089989099 -0.536151251225825
-0.00306822497516104 0.0348752828095373 -0.457813297844516 0.106864007258702
0.007764242911896 0.0290597931179572 0.127316702584348 0.228346767138801
-0.0588735188364753 -0.0209464584537055 0.194964601148149 -0.0213760519235568
-0.0276884851077714 0.00792951732434603 -0.012476174008939 0.251373385320309
0.0244498981571645 0.0222007565040934 -0.253647831580981 0.121522750916854
-0.0349296427284347 -0.030410075595428 -0.352994533841472 -0.0386036141345471
-0.0113560221756556 -0.00384759407028369 -0.136017609003234 -0.495901728543867
0.00687911547153966 0.00398722059414717 0.529163659145379 -0.225533090457129
-0.00807620085358275 -0.000665157436642541 0.321788988671898 0.384886828108566
0.00372020755656005 -0.00191408450481636 -0.145421899855429 0.233976323659476
0.0143862448944834 0.00937931528625929 -0.0439537759161962 -0.000145950728147202
0.0128489580663194 0.00940651124381489 0.197522275557195 0.0774212114741883
0.0312882955702128 -0.0138539775429373 0.498639061328253 0.0508452282849435
-0.0114731992595419 -0.0307952880637747 0.541609392870837 -0.388360157221347
-0.0285638632795687 -0.0216821812777991 -0.150875179980975 -0.549187654377182
0.00781849108902931 0.040461327047196 -0.455175878965658 0.1062908434272
-0.00321379907157831 0.0309599244599886 0.108385007166669 0.231279374405833
-0.0670580873992402 -0.0512010550658391 0.192235559384079 -0.0167662059601239
0.053150247936226 0.0451387654947123 -0.144282547892825 0.038621870701981
0.0395490808282371 -0.0476649215325928 -0.119729627337575 -0.198364292869253
-0.0103367069643577 -0.00119515856926669 0.362287473197551 -0.191765697504138
0.0169358907006014 0.0351208344871198 0.273275844139911 0.446416260553467
-0.00939679875843739 0.0185785693929931 -0.408074695398864 0.468635644316114
-0.0215025475034062 0.0191487471898804 -0.491551078361154 0.0370341423887036
-0.0176942207439846 0.00140235010365638 -0.233236093095868 -0.0619298346677634
-0.0167084329739255 -0.00256219802697542 0.0135347662004852 -0.00208168755279988
0.00142461317017477 0.00532888525401351 0.157306827366901 -0.210138784621697
-0.014894800680321 0.00365812276254895 -0.280033204229498 -0.428145797621014
-0.00327411998461701 0.0242146863163872 -0.563695714069842 0.161588788241552
0.0258353528562728 6.44572694569641E-05 0.0488136491762976 0.528056027175802
0.0375047659438511 0.0384142096663151 0.374540471163875 0.0754455928056713
-0.0273163209464624 -0.0620305646150394 0.246716226968189 -0.131922721057349
0.0274654905938065 0.0197280092906839 0.00387100960071178 -0.25511766891536
0.0547507643068752 0.0630593786944763 -0.12980777319547 0.0689646512948929
0.0286900376931725 -0.0615926355435163 -0.168492309774897 -0.168281179272198
-0.0116960344354113 0.0211773142613054 0.25706710298665 -0.300691112647889
0.0312781652191503 0.0165951562824649 0.433977165689312 0.292763912763285
-0.0106714289737247 0.0245112957375595 -0.173004957136836 0.570118386015919
-0.0268347445534125 0.0362689576348263 -0.450165205305409 0.19560534383615
-0.0252715146240451 0.00568022319491555 -0.249246148229153 -0.0192130475950461
-0.0268585420920517 -0.00150446122455519 0.000534197312163662 -0.00130682333198091
-0.000104988420447665 0.014582725854219 0.188992400047453 -0.177288739837201
-0.0051916698127532 0.00963522675177406 -0.129764890809044 -0.490703317905189
-0.0141743144420092 0.0246752942988794 -0.59152915683152 -0.0469609583932326
0.0280843618884508 0.00706548494292002 -0.162964945012801 0.504769963533724
0.0134601467627523 0.0510477722956586 0.31765177196768 0.218770914047252
0.0105037852133295 -0.090969237722265 0.263036928557738 -0.0920072495659041
0.027651908806768 0.0406124289467354 0.048574517754371 -0.235502866283881
0.0513539689987168 0.0693768536712358 -0.101526568283588 0.103758034262675
0.0113522626679135 -0.0737917483000369 -0.234678668945169 -0.11261182703939
0.00292350637722456 0.0380047307151419 0.0753703532552346 -0.366897426099732
0.0235282096297444 -0.0113924879728498 0.515505834016821 0.0139056575374218
0.00150610422754618 0.0303382694888695 0.159125778943848 0.555726019839956
-0.0195774508428723 0.0516734801485954 -0.317325775872019 0.366731608058828
-0.0287058142159265 0.0155091298455184 -0.254731072661873 0.0426914484763843
-0.0318439845213716 -0.00046026662914976 -0.012996733891295 -0.0016154391486541
-0.00703823896190157 0.0180586031976407 0.217092972356969 -0.123924105420931
-0.00571210405870651 0.0160811562364913 0.0874250663567334 -0.501276905792015
-0.0240636017973708 0.0141102176611217 -0.495578651894798 -0.329446982378651
0.0212516472384691 0.0227494203837684 -0.401409952478493 0.354061080186199
-0.00943471263562205 0.0413922683369259 0.155278088407322 0.36369595731384
0.05356350843408 -0.0823376778234963 0.279741607011323 -0.0281489369698988
0.015218011681517 0.054917950601611 0.0988841278115785 -0.199432757327445
0.0422973164392044 0.0658291488449434 -0.0682038118724166 0.140441398637787
-0.00308187134308262 -0.0734375587243765 -0.28875549969765 -0.0298368844760266
0.0169680990889984 0.0379096977279627 -0.11902168030547 -0.332256077645133
0.00231089985163632 -0.0288679286134411 0.417504186555193 -0.268867454065635
0.013937458953212 0.0284105801455821 0.446704030086043 0.36281250858839
-0.00128937117866059 0.0535142670510023 -0.109432884337815 0.474416586844828
-0.0240258385184536 0.0258769467803433 -0.239209842341194 0.109947878088125
-0.0332459517338965 7.07587168515787E-05 -0.0275435445184788 -0.000671988816560305
-0.0139576051157456 0.0139329076447334 0.228972274464787 -0.060544491809053
-0.013605647003947 0.0150890281317825 0.307790479123945 -0.411711464689336
-0.0315925937831766 -0.000892585658019352 -0.226489399550447 -0.554304977874013
0.00226495391740152 0.0293670073473137 -0.535252661876513 0.0658692553317036
-0.0160814821675709 0.0263212896808481 -0.0836304100330921 0.408912608632517
0.0737450799115265 -0.0434816975666364 0.275784105124946 0.0530744618815131
-0.00391483758002259 0.0569900552583991 0.142044444762749 -0.152529558731107
0.0255248946493889 0.0568892803663155 -0.0322464882473754 0.177152825497132
-0.00369180792671863 -0.0643207391160955 -0.303179211987891 0.0551325102999941
0.0174892344822597 0.0250086875726315 -0.256237914026838 -0.222173477212083
-0.0182216146249079 -0.0327056628177869 0.195380316342731 -0.44092198301684
0.0185921020235261 0.0178811533062178 0.572653147730492 0.0871174776071767
0.010352007980454 0.0395922158636195 0.108831163205028 0.476886065776112
-0.0171908045214794 0.0284843881365865 -0.204573237876355 0.169379616864858
-0.0271182393503767 -0.000537529656239725 -0.0394361351805749 -0.000694912508837628
-0.015195381191415 0.0094142844869912 0.223917346288128 -0.00311606105574368
-0.0167039264968814 0.00708112578425519 0.451586702169805 -0.247059889009561
-0.0316527574026262 -0.0157114088586928 0.123654944550999 -0.609234985575825
-0.0165231148171321 0.0203874966525846 -0.484330142284182 -0.242904928914652
-0.0118228726153209 0.0176541064945289 -0.294158750250639 0.332319961292852
0.0623433808681779 -0.00310051463377113 0.238480779711064 0.134596099355234
-0.0272018930108643 0.0409353863098631 0.171164867037236 -0.103276369322348
0.00634465826576244 0.0451249014153456 -0.00604370936093456 0.211271833349266
0.00796495042296397 -0.0463013430631679 -0.288438253291978 0.11221658520827
0.000753385684914788 0.00951491344067186 -0.317092315125509 -0.10406990099282
-0.0230462039314191 -0.0266645978610613 -0.0243975676508417 -0.481288007579827
0.016434783580146 0.00895101506779865 0.563177820559464 -0.132190734011972
0.0123746659323479 0.0236425336836724 0.261010936898112 0.419762685740776
-0.00795673866871141 0.0216894428949852 -0.164689165769217 0.210514127008429
-0.0157312129059094 -1.71744378158251E-05 -0.0466370595111689 5.77318859341299E-05
-0.0106982575583418 0.00640797150249993 0.210501899974556 0.0418500488830648
-0.00853538372204821 -0.00256433891795394 0.49887178932832 -0.0839440652620502
-0.0268082781224128 -0.0284823175498089 0.388460496343729 -0.51776768213936
-0.0234918935642346 0.00260744999473565 -0.32099901067417 -0.444107920014217
-0.00686592842123638 0.0239090909459465 -0.410114141962269 0.207924434204467
0.0346845419857046 0.0207030100071394 0.182995630625749 0.19312406071513
-0.0466800313307418 0.0127620311509308 0.188249202724336 -0.0575090176806992
-0.0121369451893442 0.0294580228945559 0.0059891745695183 0.236832922504397
0.0225029782095728 -0.017873871884605 -0.263586730058541 0.135734308188805
-0.021973027529707 -0.00747898743977628 -0.338192278684928 -0.0289359662269842
-0.0171344028903809 -0.0165591100465657 -0.148061197069341 -0.475967870130314
0.0113971706408616 0.00500297169619218 0.51938230446565 -0.241852867968118
0.00371497038955972 0.00983120755378271 0.333027303436595 0.369111973331337
-0.00174989041465948 0.0110461473256593 -0.139812703967113 0.232184649130581
-4.14855030608455E-05 0.00234648411532743 -0.0483017728996315 0.0021579333237926
0.000236001048053394 0.00552174010175508 0.197660786160958 0.0651249436089186
0.00867826737405964 -0.00891115993701076 0.500599841985224 0.016587737737383
-0.0171465191562268 -0.0322559816799351 0.515561857779456 -0.419482780207472
-0.022850990180714 -0.0127592434135856 -0.189438610143035 -0.525996219809195
-0.00136569484053855 0.03526652726246 -0.448743199842903 0.126287930638871
0.0113536071104657 0.0300296910175836 0.133500288378031 0.220838778336235
-0.0611768616304362 -0.0196984168980935 0.191778379367155 -0.0298651693790143
-0.029111625420736 0.00970034336064256 -0.00238836308803161 0.249260964508816
0.0277318177284137 0.0213761630434586 -0.244608364387828 0.135733384110336
-0.0362285874512968 -0.0285522629175968 -0.354128769065798 -0.0197267236115172
-0.00967576576787107 -0.00244486333463868 -0.156147497549787 -0.480908945442891
0.00906872498587651 0.00109183461050145 0.514541466304852 -0.246514674576084
-0.0071410659697806 0.000525542461082391 0.336729205382428 0.369346532109985
0.00338717517197141 -0.00103094560587334 -0.136582827432964 0.236494365463793
0.0158564922415144 0.0056534488758995 -0.0459163853280905 0.00195770307271563
0.0131212694718465 0.00724166784670406 0.19621830183554 0.0713736791271096
0.0289001186931007 -0.0165903114242373 0.495118225949362 0.0314420614522231
-0.0111442886352071 -0.0325191833454329 0.523724566053168 -0.41023623605195
-0.0285298004689496 -0.0207423301169316 -0.172842339316908 -0.538725066648065
0.0100130551674506 0.0397895195239824 -0.445921572126785 0.129576433245236
-0.00262137201269451 0.0339460256949108 0.114548945931685 0.224695821772567
-0.0706650771562175 -0.0485572160809328 0.188951026472814 -0.0256398052370892
0.0551289835889944 0.0429828797738962 -0.144122373972737 0.0441730989302025
0.0382534290048883 -0.0508640991502274 -0.124673686946041 -0.193521696283868
-0.00811001473325185 0.0010512675605076 0.357974375994206 -0.202669981934228
0.014220753174163 0.0339767431709764 0.280093973450269 0.434596194650974
-0.0121980247532211 0.0182429924965332 -0.3950878171897 0.474357118534529
-0.0202571427208454 0.0170594671172991 -0.486248871202442 0.0438037038987316
-0.0157134153032668 -0.00102594766674557 -0.230074645987499 -0.0575124538351622
-0.0184088168531392 -0.000170004691630294 0.0125882625143063 -0.0010774064959588
0.00382565560057355 0.00626252282548553 0.153791280331653 -0.212366917104844
-0.0110374970646354 0.00936290915667591 -0.286292808126661 -0.421782624725354
0.00363690572592065 0.0246796649771861 -0.562363904359675 0.173096995637765
0.0273789498653275 -0.00871472462712404 0.0608656812093172 0.530535411062459
0.0338071643167135 0.0316807041628953 0.377432386349829 0.0683645368453605
-0.0326006168329318 -0.0597849974187994 0.247788685180486 -0.140948279629878
0.026114221255451 0.023084408062429 0.000283435875649274 -0.257189165335354
0.0583266227715963 0.0603954141676336 -0.128791123406358 0.07320510320808
0.0272713254699689 -0.0650712828696618 -0.173060411483263 -0.163823523373863
-0.0082563992675624 0.0215246501689866 0.248930350854559 -0.310532909961231
0.0287650680061255 0.0167094175127968 0.435681790124805 0.275111524798656
-0.0123647298223908 0.0248640199802967 -0.159941479918735 0.570711828862561
-0.0263835288641934 0.0346556601766912 -0.441626918811521 0.19828464731699
-0.0231885808921411 0.00279267687526351 -0.246106595421808 -0.0142996658109758
-0.0278135885188515 -9.66069583460758E-05 0.000230438161224178 -0.000968514064934152
0.00084380718818659 0.0142692978858532 0.18468923453683 -0.178826409483394
-0.00438753347272031 0.015540804831356 -0.138798368720043 -0.490202644104395
-0.0062194418135627 0.0259495495601504 -0.594015150995297 -0.0352101075763131
0.0320406700939332 -0.000971275078570952 -0.15276951225704 0.513169194034664
0.0114663071270589 0.043270118594042 0.324087270836885 0.213152781959072
0.00439002717836441 -0.0892002600526945 0.26551766221342 -0.10033470012189
0.0258847784407833 0.0443635151504617 0.0456891910527373 -0.239267128736636
0.0552373229008646 0.0683716453998893 -0.101908288296596 0.107988499379184
0.00755932465674414 -0.0766049250174821 -0.235118980290275 -0.106312557918615
0.00722449750854521 0.0364527282166665 0.0664844466976028 -0.366993231802094
0.0225712774203163 -0.00996316869375589 0.509862482435763 -0.000585392923516967
-0.0027216484493389 0.0324525477114913 0.170851362069681 0.550653014450811
-0.016267361534587 0.0499804192943645 -0.307887032560992 0.367177512539062
-0.0261042344368551 0.0133115031256383 -0.250645553226154 0.0467684649375292
-0.0329793184989682 0.00110699550501906 -0.0141007341090311 -0.000872457064792067
-0.00637422586822238 0.0187457041932376 0.213467172798712 -0.126867090923057
-0.00808392249846955 0.0221083114920756 0.07948111502703 -0.502053463666646
-0.018629710995327 0.0199276720625742 -0.502901517723119 -0.321577867476396
0.0288900390648524 0.0185020181909873 -0.394342678941458 0.366170485811313
-0.00798848881613186 0.0336592950054761 0.164659348693431 0.366048958156688
0.0466253135748174 -0.0833151081037715 0.285226055467809 -0.0356675977328731
0.0134819445633687 0.0575843103547305 0.0973474936062972 -0.20433633002387
0.0444119346957405 0.0645082400425267 -0.0679833874511803 0.14252429990248
-0.00552447248870124 -0.0772578374282821 -0.288904481672295 -0.0235937926974926
0.0211536045562766 0.0354157843850727 -0.126968241036403 -0.325508218752568
-0.000156205129562603 -0.0283027073801953 0.409155911925006 -0.279028467013733
0.011906219720935 0.0292695675370088 0.449124738268528 0.353100927066762
0.000662796011448825 0.0524753333966706 -0.100758599460662 0.46972983608605
-0.0212471772268032 0.0226336641097956 -0.235229174407134 0.11158290524825
-0.0340894273048658 0.00016560585057667 -0.0278466099926292 0.00106362385637357
-0.0137757889209811 0.0154803770340142 0.22616197679736 -0.0651307015190624
-0.0176832348252653 0.0202182942771884 0.299474932312907 -0.415526003864552
-0.0301906071387907 0.00678471443156376 -0.234140679386016 -0.552128784132007
0.0110247712066525 0.030939189415898 -0.535709134749639 0.0763338661852113
-0.0107769052870339 0.019343532691027 -0.0741187162973764 0.417807391262896
0.0676795492951113 -0.0482454747898372 0.279815925132565 0.0484416891057955
-0.00657953875467279 0.0590049556954167 0.141447276884371 -0.157658267280521
0.0274742673051732 0.0585291201440292 -0.0314001298699879 0.178121454167326
-0.00816702809811225 -0.0680503264203154 -0.299073442472238 0.0636110795432505
0.0206639859153427 0.0229267033499558 -0.258709435732604 -0.212391520360966
-0.0167881499590074 -0.0318154333514139 0.184052666592082 -0.442328520607051
0.0197717887730513 0.0188870014222452 0.572700147927596 0.0783052237583887
0.0125954086165999 0.0413993756833127 0.113389414359143 0.470111567184093
-0.0142325029313886 0.0273378567139055 -0.201146030181121 0.169237104043012
-0.0283686119975719 -0.000140781881099352 -0.038880118514938 0.00179251341423488
-0.0159194703920442 0.0106340407607198 0.221574630013035 -0.00653902128106996
-0.021914022059145 0.00991992523498904 0.444955354688376 -0.251800404075009
-0.0356292381133958 -0.00905619408751464 0.112945555134669 -0.612577578872318
-0.00818910284674378 0.0262199268232394 -0.489669440618786 -0.235344386522925
-0.00361460197972156 0.0157540630879006 -0.289188598907724 0.342549333646628
0.0598709014638933 -0.00930408134688422 0.241742471537457 0.131314174757336
-0.0302566201113013 0.0442877686388031 0.172512774923255 -0.107880921110152
0.00608090884155155 0.0461915162326784 -0.00269444442420095 0.211979133273344
0.00466579023203039 -0.0503951391288319 -0.281887872607385 0.120054567548851
0.00294927710684055 0.00884772391108412 -0.317291441322156 -0.0912314044422797
-0.0220382227013102 -0.0267838734575211 -0.0343163843334648 -0.476621367553948
0.0177763647601123 0.010663949280837 0.555355330576107 -0.143057667472238
0.0124957949838982 0.0248333565844351 0.266808424671789 0.410257684323571
-0.00632701935685895 0.0227559954434644 -0.161587075110818 0.208582634758264
-0.016004636747943 -0.000918812275691113 -0.0458327561695951 0.0028350374376423
-0.0110755833552745 0.00697312488223266 0.205633002499458 0.0374102188996712
-0.0149968070581779 -0.000706297444685304 0.494970882599758 -0.0902864002547945
-0.0324016704253115 -0.0221431015420846 0.379016477679464 -0.52691195832983
-0.0181961352452047 0.0114567175202962 -0.329700141062504 -0.440364462113059
0.00228508343724343 0.0228126783398651 -0.406219034998479 0.218190159674786
0.0336046470765589 0.0139225379366223 0.185595563702524 0.192369617487025
-0.0501518577891293 0.0154135180044435 0.187742012211688 -0.0623867014542257
-0.0145211901396358 0.0317086390581993 0.00970420399904971 0.233953281705396
0.0194327548276697 -0.0218684785760414 -0.256289295792378 0.143112663899391
-0.0211195091621148 -0.00663421230643606 -0.337421542531074 -0.0157302952132464
-0.0145646461599696 -0.0168768243139305 -0.157665121953777 -0.466057649232489
0.0131294086544855 0.00543348457957064 0.508965242173282 -0.25146646860907
0.00344722191927774 0.0124328816443646 0.335469512207975 0.360603576762717
-0.000241222813064312 0.0117027830699579 -0.134957284891215 0.230825915731682
-0.000780469844541899 0.000172020312802022 -0.0492178138737309 0.00259818589553266
-0.00121521195560615 0.00639835061067025 0.195881375045295 0.0617517372595236
0.00135780768076717 -0.00972788469430723 0.495193742279719 0.0102994241626193
-0.0237820855694424 -0.0285903472599097 0.506536042616399 -0.429299503129575
-0.0224362945063274 -0.00344248318742618 -0.197613766665884 -0.52591121053641
0.00782712090085822 0.0359144167294148 -0.449045230939756 0.137739081262102
0.0118170735161421 0.0236409903984952 0.136677598787524 0.220874936254288
-0.0659010561679506 -0.0171724814800741 0.192585884849134 -0.0347495245488465
-0.0321830531384874 0.0105454702403589 0.00412154351654132 0.248476524066763
0.0269417633906192 0.015945721457613 -0.236526579785475 0.14400101989353
-0.0372270313071831 -0.0282254494126358 -0.352601806961678 -0.00560473527997681
-0.0058941187385242 -0.00399773889099154 -0.166248641522083 -0.469105617247
0.011313962500685 0.00204429481369526 0.503393012237016 -0.255822703856693
-0.00808173093826618 0.00406083508197746 0.339063437141609 0.359098835054073
0.00228476091374547 0.000141690429296195 -0.131811647925849 0.234658623113229
0.0156361801900563 0.00201117279147096 -0.0459495737018569 0.00401343856049149
0.0105158926992856 0.00714247907824785 0.1953972144213 0.0670427961803775
0.020582529168537 -0.0175701376136191 0.492276369668769 0.0242713233288982
-0.0173829384122149 -0.0277366295967778 0.517125290041097 -0.42258777406824
-0.0288029416729786 -0.0109078900031403 -0.178235038375428 -0.539213793983222
0.0185218285866274 0.0394389713637475 -0.445072359538023 0.140392082095511
-0.00125916444172247 0.0285665385218132 0.116493794416667 0.223870818552354
-0.0751845000144352 -0.0474357938534749 0.188502674251179 -0.0314865596086075
0.0597105684457145 0.0431198545769723 -0.144330545209436 0.0521022564977736
0.0349760155196351 -0.052729997889923 -0.134191796046457 -0.194611034507421
-0.00846038394470454 -0.000108014116580318 0.357391353236884 -0.218282730061251
0.0148511802390116 0.0350857202821783 0.293653006230673 0.431180728883196
-0.012344756468363 0.0215415232634637 -0.388382643436884 0.491873355955308
-0.0184184062995333 0.018877042970304 -0.493044763340121 0.0566202682752238
-0.0164034381032918 -0.00366416023455393 -0.23311932093949 -0.0536277467236609
-0.0189318413785934 0.00177454764254671 0.011135991491092 0.000126925008697781
0.00428722393880171 0.00482252037292782 0.151533794623265 -0.217535659652651
-0.0123779954696331 0.00979813605278663 -0.301307840556012 -0.422587621207734
0.00514630996321247 0.0253111758356919 -0.56754752410143 0.193448971160129
0.0274057594260878 -0.0109215260096495 0.0784314600410368 0.538896034239002
0.0348055872684992 0.0313451609980562 0.383325287761923 0.0610379921352754
-0.0333519141155896 -0.0613902277359992 0.24882564074856 -0.151353051072114
0.0271604685541975 0.0221751641278297 -0.00477053589234409 -0.262626305510131
0.0638960765665324 0.0620472648065664 -0.128776520775251 0.0814647890093315
0.0232367192677218 -0.0672404815320932 -0.182434916109371 -0.162071155835094
-0.00791835526966724 0.0214893975680036 0.24466202821039 -0.32166816000936
0.0293699933460183 0.015970598549586 0.449329958234531 0.263483989144327
-0.0119677661636922 0.0267259770006213 -0.145913057936181 0.583737548814408
-0.0230515036441317 0.0364757606864552 -0.445113079426972 0.211956964192914
-0.0247695019568219 0.000713290790429338 -0.248811625159308 -0.00852505111277772
-0.0277446108126448 0.00214365235850446 -0.00047723613815718 0.000883486602292151
0.00153431575259964 0.0137479216576034 0.182484388532117 -0.184528273927746
-0.00400632022438214 0.0164450887730015 -0.153272248167371 -0.491556093816014
-0.00571020395918861 0.0274281735558314 -0.604979966756492 -0.0168607916232243
0.0325481165106417 -0.0017274029602539 -0.137862706768806 0.52713585290489
0.0132751683384731 0.0438546897848917 0.333986887518189 0.210860638890859
0.0011129013326169 -0.094348811167507 0.267890228635947 -0.111143481331908
0.0284757518586729 0.0446028219386617 0.0408262299207986 -0.245321469713793
0.0605862183080648 0.068489197389911 -0.101271199400101 0.116052402999954
0.00366994225229355 -0.0792151544391524 -0.245011340320146 -0.102108425330132
0.00946584951299144 0.0351710667825683 0.0577810933903588 -0.375943062816259
0.0238717137201191 -0.0111840163731811 0.518181929044957 -0.0192070312258064
-0.000567747037621193 0.0339988615046792 0.189378557607377 0.554067776888466
-0.0131995908186914 0.0515620047579267 -0.304882495644813 0.380892272036885
-0.0256475767233716 0.0115704381429324 -0.253675365714715 0.0523064061702438
-0.0329138783163487 0.0028581820655605 -0.0148694360386309 0.00183216276372161
-0.00498282718427998 0.0160411147800796 0.213208963854217 -0.131703777551044
-0.00792260795248811 0.022997621846932 0.0658883711881527 -0.511867427791593
-0.0185690454297931 0.0207329983315299 -0.52014010438577 -0.311232418117258
0.0310498584727329 0.0165341107646816 -0.388960275288627 0.384807088308609
-0.00778599049356398 0.0345833154983991 0.175629700632294 0.368692835569767
0.0463372293196448 -0.0889802049488614 0.288100753269669 -0.0462805867672575
0.015867676140868 0.0581038674304172 0.0943950407975494 -0.209839395487334
0.0507175103468318 0.0663598416612607 -0.0670019131214555 0.151240408340857
-0.0105640025132655 -0.0776516874637233 -0.294598448505928 -0.0144976997702618
0.023513147711578 0.0336971607162383 -0.135371731534834 -0.328181235182083
-0.00040431199775904 -0.0279323782772416 0.40777375808579 -0.300602350938541
0.0137333582036112 0.0302540943128368 0.467805611464516 0.347997672040506
0.00560145224238464 0.0542628598677319 -0.088497216760866 0.477368135403126
-0.020207314565968 0.0216158687468873 -0.235055926000378 0.118957676518931
-0.0339561736158949 0.00296837259127914 -0.0290912329774023 0.00206086994076176
-0.0123721000125826 0.0155869640734468 0.227276232017692 -0.0680001880271414
-0.0163321906678592 0.0218731741292757 0.291277190006344 -0.428919192114638
-0.0306935903896787 0.00850084712286316 -0.253434044231409 -0.555152039219244
0.0144743555287635 0.0308746727925843 -0.540652901323616 0.0931777646955173
-0.0103357811362699 0.0207022932922614 -0.0631324864026567 0.427790085231225
0.069878752717614 -0.0519049294283557 0.284675074577163 0.0406450911312775
-0.00570565779874605 0.0599935849948222 0.139361333290866 -0.164671433180404
0.0317855588986636 0.0593519210333289 -0.030535467905191 0.186492780059388
-0.011898332246635 -0.0683904683321233 -0.303412794210166 0.0732711874485716
0.0246520319983659 0.0220418650188007 -0.267881837819826 -0.206678490682492
-0.0188664857099137 -0.0323380615975589 0.175389372933287 -0.458191765509131
0.0196899690033642 0.0181478522258107 0.583357683495826 0.0633149949450928
0.0168548221742903 0.0420962464841368 0.130003810884727 0.470177426953504
-0.0121447425503599 0.026286141047297 -0.201262337415663 0.17631574699295
-0.0283657625876569 0.000841782500219863 -0.0397290604675115 0.00361442038049824
-0.0136177105086781 0.0110772696914326 0.221902134319984 -0.00910042676185333
-0.0227011803421334 0.011425554648296 0.44256377655203 -0.266946281066814
-0.0366294039103396 -0.00814178419031859 0.0980418553630837 -0.625858355781013
-0.00555002043539708 0.027286098382212 -0.502661122836527 -0.226432699809485
-0.00364508301173197 0.0156166067802512 -0.281650781882692 0.3578695539578
0.0619693417042471 -0.0128647544397034 0.248618623919332 0.128737171160653
-0.0300685654714563 0.0462338096560989 0.171287089020143 -0.114808064962754
0.0095265698025602 0.0497869468947967 0.000307356181990591 0.21647337077076
0.00113066461254209 -0.0507213613872471 -0.283522349113899 0.131871578267201
0.0065783661490191 0.00821497776902182 -0.325157394067786 -0.0841338275839379
-0.0248189636956066 -0.0275873924031268 -0.0458193849401634 -0.48515243579544
0.0175850617997117 0.00925559131269743 0.559304161683705 -0.160898239215668
0.0161966231662544 0.0277267552439274 0.281561328431898 0.407866714604047
-0.00372202000699428 0.0231030481160799 -0.160881903625441 0.215127468245355
-0.0194446913164138 -0.000572492687944263 -0.0458737749999958 0.00406840445741535
-0.00932962130946955 0.00667562750408431 0.20811633893894 0.0352373066064479
-0.0148113270335033 -0.000425524048584643 0.496791662119859 -0.100929406950395
-0.0326319778850528 -0.0215088551578359 0.371703844571073 -0.546815104371858
-0.0180949841432032 0.01186563937298 -0.344088018375009 -0.440219910323773
0.00330261656515769 0.0227241698868453 -0.405752479971759 0.233243535179709
0.0359857358130037 0.0132166159375136 0.191818238743774 0.190081432426046
-0.0518161399395194 0.0170551746728635 0.187207328384584 -0.0697375753169055
-0.0131075178096866 0.0356246165739733 0.0138000616947788 0.239511933958593
0.0186034031411082 -0.0237495579644408 -0.254624025324301 0.15528764174781
-0.0200459503179137 -0.00479010967128634 -0.343708112021071 -0.00384030304464051
-0.0160548438617255 -0.0185351164971574 -0.172120310111664 -0.466311235971381
0.0136744362569659 0.00364947926523882 0.510021211670867 -0.267188857292055
0.00672889080790658 0.0154954124022331 0.353418809647588 0.353803101520239
0.00225818914003014 0.0129395779322985 -0.133643623675828 0.23593692767309
-0.00308974072469239 -0.00035351087136997 -0.0482621988389482 0.00547231437283514
0.000961491470925826 0.00715458287333848 0.197889281123742 0.0599999483063918
0.00142705408070416 -0.00921124743653317 0.49846691692151 0.000505772139352836
-0.02585952210183 -0.0289669003245442 0.505726518790679 -0.453161718277718
-0.0211198700651593 -0.00260004672510506 -0.213297130352693 -0.531038104307446
0.011018915309463 0.0363645759105327 -0.449375501353405 0.152683780188501
0.0130671140758897 0.0226504749576041 0.142603816107164 0.221295733737422
-0.0683316236740861 -0.0174311762140196 0.193236725421923 -0.0420752427223184
-0.0323170395541837 0.0155786065780278 0.00884194651390234 0.253319574586853
0.0276239766582724 0.0160793561484232 -0.235243903135579 0.155513567147118
-0.0383517498691529 -0.0258371236850207 -0.361028489156856 0.00576860048128229
-0.00715665965440951 -0.00740085485791927 -0.181939429573442 -0.46693667526277
0.0112534808987287 -0.000647659713856366 0.500250639497896 -0.275741764560306
-0.00654162863344815 0.00619005523964932 0.357928440111043 0.355670558538231
0.00491577988049888 0.00217567179876281 -0.130308903526414 0.240906295617867
0.0145366514681387 0.00130326681859674 -0.0468802335734634 0.00553807638636369
0.0118377327183987 0.00760150027534579 0.196697921507903 0.0648055594338608
0.0202025191581544 -0.0186966821505166 0.495922677530276 0.0128141849940621
-0.0174615212274717 -0.0287641573934912 0.513294283520203 -0.439305232549521
-0.0273992490425414 -0.0106575013469604 -0.196142533527452 -0.540570382435724
0.0213037351504086 0.0401068308030593 -0.445708912508285 0.154338978633578
0.000861255535508185 0.02847143731855 0.122542105739126 0.224876475665268
-0.0793035809995805 -0.0454671871567446 0.189743229243362 -0.0372266849225618
0.0572197426625508 0.0475060490731983 -0.15013607215952 0.0403647417724647
0.039030989648619 -0.0533586381494757 -0.115687178313286 -0.206192059411209
-0.00604753644124221 -0.0023052971993226 0.378998424237339 -0.184234312025416
0.010622886217257 0.0392486476563698 0.243142715981771 0.454945894294243
-0.013593497833931 0.0221721340166517 -0.439059852513284 0.450955037474559
-0.0188982480875657 0.0153032772323884 -0.498768003714453 0.00280978531708416
-0.0174913702034143 -0.00812039133196326 -0.226117513412799 -0.0771065280505614
-0.0186993943289992 0.00168356379562143 0.0107402018610342 0.00439014200173581
0.00403796678817162 0.00424656114844725 0.171816920855777 -0.199961174363417
-0.0115127012997808 0.0123252525300962 -0.258467232624151 -0.451060836274474
0.00746156497660132 0.0246805577843823 -0.587429725180484 0.142500328707057
0.0287468222698752 -0.0131860435099096 0.0275244053748635 0.550593025544624
0.0277334037480776 0.0319893007125668 0.378151340220191 0.0991775120017606
-0.0311452190711278 -0.065345091622293 0.265329142954355 -0.129495605839438
0.0234150756010439 0.0293390527772865 0.022931106709372 -0.26497166488665
0.0585743096120954 0.0664861830802835 -0.137476426775459 0.0716829900903816
0.0288852279271249 -0.0681256090558796 -0.165899556463347 -0.176815600836826
-0.0071244333410061 0.0189449644497864 0.275784537197886 -0.30048416717655
0.0300835730111135 0.0222939639216616 0.416767444799625 0.306668374533498
-0.0131562128676639 0.0287670179528782 -0.203636812767626 0.564279355480241
-0.0248571737401068 0.030745576481546 -0.465731324726731 0.162602184969816
-0.0246851915009953 -0.00507660732057762 -0.244738927426731 -0.0350020045019138
-0.0267006261550674 0.00107852387876013 -0.00139114265601002 0.0021188158339411
8.42421487892361E-07 0.0122643175636748 0.200381820913721 -0.164056461838958
-0.0060657131069546 0.0184628821330185 -0.103581473467977 -0.508041674046913
-0.00342375286933709 0.0273665976289203 -0.602030485321949 -0.0732265009491056
0.0359794981489967 -0.00258773764975893 -0.188691145675466 0.517650945946542
0.00631642024279409 0.0399747788667895 0.315571104231175 0.245517344765423
0.00702119874426429 -0.0926700707188397 0.280553542001753 -0.0883732609467336
0.0215769502280454 0.0511299893950744 0.069387394327707 -0.243608709785897
0.0563963343315516 0.0737297186527199 -0.113500918502964 0.109076783856453
0.00893525711036512 -0.0799058557183387 -0.235616139298411 -0.125094425037957
0.00767545487050278 0.0334165613293026 0.0962585982813054 -0.370964026719208
0.0246174648197067 -0.00772672424499089 0.514548357437648 0.0297678605504463
-0.00220148746353912 0.0344139474371623 0.134823675966164 0.571845946675978
-0.016294098771675 0.0485458207712031 -0.348144821940721 0.345371733666502
-0.0287340147086585 0.00516253883143729 -0.256576864804625 0.0255743795876749
-0.0332281037746421 0.000455622698013626 -0.0156197002121398 0.00193854699220074
-0.00722676344822414 0.0147438286761929 0.224125351036796 -0.108162732074165
-0.0115141494044727 0.0253304666815743 0.117886617406764 -0.504351560756272
-0.0167738524626054 0.0220485738767721 -0.488296361286393 -0.360096942277731
0.0340749852591485 0.0177484446006902 -0.428624801595944 0.351756151132441
-0.0114458051406868 0.0287748330373954 0.142312763850186 0.389443577346579
0.0511209132494862 -0.0849963355552232 0.293401997121787 -0.0199594585216239
0.00727637257401745 0.0638762906562846 0.116910195244889 -0.20284987708774
0.044868450514598 0.0710398072362113 -0.0852110949605143 0.149562558068161
-0.00622305353384114 -0.0798892167883845 -0.293917226378391 -0.0432115684159612
0.022340226129789 0.0338932726103471 -0.102959110009082 -0.33998708936459
0.00476014979947207 -0.0259103860457863 0.434950708605284 -0.265430210327733
0.0135959843061351 0.0337833789409429 0.437417385965216 0.390862839908476
0.00172230363185378 0.052375882096432 -0.143823358718098 0.464324239308128
-0.0238127401099897 0.016347469539725 -0.247213615556093 0.0932172433746422
-0.0340992145422979 0.000503338838449647 -0.0284591454046396 0.00121260650512669
-0.0138429440500581 0.0131986388364798 0.230995949518706 -0.0441601251736692
-0.0219615739532379 0.0221002182612671 0.332476889431728 -0.400413867937752
-0.0304306193794347 0.0090875946863689 -0.199274809712908 -0.579287338136283
0.016694511253354 0.03305983412764 -0.55032682864529 0.0434903241266044
-0.0102558707958544 0.0144066478313047 -0.105955339733122 0.424113885841794
0.0706647257566669 -0.0489585869261276 0.282511864587414 0.0677971425605917
-0.0142302549286031 0.062805836816627 0.157924849243809 -0.151585623842063
0.0270861272069744 0.062976025884828 -0.0515857127049553 0.188223084815311
-0.00934811704526431 -0.0693787083032045 -0.309912736824449 0.0438204714651848
0.0242597784189225 0.0211172332387411 -0.245843990644328 -0.229862094924228
-0.0160358724416042 -0.0327680526378499 0.2195836949964 -0.444669429206947
0.020750698547518 0.0218672937607469 0.57919002132646 0.119808082305493
0.0156689771615739 0.0448262382483244 0.0769133287924194 0.480089781293635
-0.0145023293903614 0.0236387230824414 -0.217490916115483 0.154081810725613
-0.0281625476813777 -0.000765115444673293 -0.038744518570915 -0.0003331288912505
-0.014887238405717 0.00961678802024785 0.219524811212038 0.0146731534040817
-0.0260483828773454 0.0103878298270993 0.468929423453959 -0.219846279633389
-0.0374980649025012 -0.0070303880768749 0.161807491026405 -0.618145986218276
-0.00293473607409786 0.0302526239977729 -0.47931941745618 -0.276534014508081
-0.0015611760562172 0.0123886710732919 -0.318221460603563 0.332761437000403
0.0577101815832003 -0.00920993290312243 0.235392309762357 0.153176854507174
-0.0385413948037467 0.0455818650099169 0.184500755619569 -0.0978966860899537
0.00709907067808987 0.0524353700323196 -0.0239817781415887 0.221196211673987
0.00228136687402454 -0.0514422333011352 -0.294120386205302 0.103438545964309
0.00583641627645191 0.00842169574351959 -0.315483006010298 -0.11165991901245
-0.0217534449104701 -0.0302022725237556 0.00154325852312425 -0.488975499550951
0.0194751701744911 0.0104715564576703 0.57872886459122 -0.10447840430691
0.0154666052472513 0.0308878651787431 0.23761664967775 0.432465234602165
-0.00559411116057902 0.0207000167120836 -0.183348876541591 0.196000840856242
-0.0178702326432212 -0.00102011978695529 -0.0461222485741553 -0.000552047853221953
-0.00961717493281371 0.00593824042009797 0.202647855237837 0.0580751152060646
-0.0178759401882127 -0.000618156700972761 0.502015582997448 -0.0479641917279014
-0.0341594252193377 -0.0210926141577863 0.427426237242603 -0.511513614780365
-0.0151462439307055 0.0154078012940902 -0.303127135239855 -0.476402247498284
0.00559920831853239 0.0230879574111326 -0.428621557360878 0.194876734166796
0.0333183870130525 0.0109136121075726 0.171067004637719 0.210876616399001
-0.0572046932170084 0.0130535653792832 0.194183869164442 -0.0508124393069916
-0.0154269651277257 0.0377548198905284 -0.0124121108988208 0.245388472364771
0.0175346792273244 -0.0217712628050114 -0.267127301875253 0.130096107819854
-0.0193604968148445 -0.00656458743840643 -0.341653991828667 -0.0342124963591424
-0.0135000075500296 -0.022105452814813 -0.124163529770977 -0.480649287096159
0.0140175607466068 0.00453915935396669 0.535922751870549 -0.21898921964473
0.00749878192809974 0.0182988763140186 0.314099996507115 0.386155803635742
0.00166738274778123 0.0124888432780188 -0.157923352764474 0.219414280821125
-0.0036843884893857 0.000356284180345977 -0.0485578605640388 0.000600139331405139
-0.000483201231046761 0.0074797532910099 0.187632390194064 0.0807840406660832
-0.000251587900985865 -0.00917049777474061 0.493956562905672 0.0533034244303077
-0.0253912323917162 -0.0288638232600134 0.549439574289572 -0.400677021861872
-0.0191296156788491 0.000502546462737841 -0.160330922000116 -0.553163896793139
0.0111838532565077 0.0369419282225545 -0.463976954973238 0.106841327970367
0.0104074481384262 0.0190871088474191 0.117847081982795 0.237644133276344
-0.0708957632389616 -0.0217837509392602 0.196143430244066 -0.0234970668410326
-0.0327739527399954 0.0162392764976259 -0.0194618441731775 0.257009221638549
0.0242220033655601 0.0180588137467704 -0.248613690805041 0.133134176799039
-0.0346482830218771 -0.0292155143739776 -0.361434826671436 -0.025474572821349
-0.00592860394270404 -0.00998784520174212 -0.133138442204277 -0.481171236744641
0.0101919767041247 -0.000103491028383909 0.525858075976761 -0.225877183126619
-0.0049876163567604 0.00980935083073307 0.320223313084651 0.387956023704839
0.00541175294789734 0.00155656229538834 -0.154360712477553 0.223731000711915
0.0127856544091356 0.00131724871734767 -0.0460946530399587 0.000743940959116947
0.0107390325260669 0.0103827621716477 0.187851851962358 0.0840614887138409
0.0179640831761446 -0.0169176465670289 0.490137874862338 0.0643951074787197
-0.019633118548348 -0.0271646722141129 0.557213308013971 -0.390756560760646
-0.0265134458763612 -0.00675488594096169 -0.141738591756557 -0.563951859654978
0.0234549599590753 0.0423383147063908 -0.461849833382384 0.111251467755893
-0.00124909862422251 0.025091124258185 0.0990953633157819 0.239162693690629
-0.0787589991488257 -0.0539219037118185 0.191873053666215 -0.0190690482406876
0.0579442951269352 0.0463601310901126 -0.14406363856479 0.0453874262722311
0.0367824716902318 -0.0525703811033698 -0.119996172976724 -0.198486721677221
-0.0054655981399761 -0.0016440030595521 0.369549848308 -0.195982043299596
0.0153114853261802 0.0416481319597952 0.245853131072851 0.442048997040043
-0.0115903795146919 0.0215699436509993 -0.418919600126969 0.451746796851086
-0.0161046886673352 0.0134659320373804 -0.489096896477642 0.0165248916386299
-0.0190458381399569 -0.00954033265822436 -0.221254545882023 -0.0705430485451211
-0.0165959383100024 0.00316242982120559 0.0105317203393473 0.00634288781003877
0.00311810050088118 0.00268356409444272 0.16445715176127 -0.200082686105749
-0.0110142976470413 0.0118514390935862 -0.267495378096752 -0.436277658113851
0.00751526647980305 0.0236361626830177 -0.573597413019608 0.158523804636425
0.0278449045037248 -0.0135547752018403 0.0465983166991469 0.540449772373248
0.0278536810056308 0.0291967132671725 0.376075497806365 0.0852652536431784
-0.0318862032079562 -0.0642795833915858 0.259774399634002 -0.138846999498616
0.0252738633889762 0.0284872583456261 0.0156564259505741 -0.265149717218265
0.0600939506979081 0.063601458310605 -0.131438982761262 0.0766309757460085
0.0257542497844282 -0.0684600931304745 -0.170399039312927 -0.169033840956516
-0.00563757464414537 0.0192633970843811 0.262627029393155 -0.307883967792955
0.0320057131350106 0.0215999681210014 0.411566271959319 0.289820970919057
-0.0112941079512215 0.0276004940477289 -0.186664257718986 0.55992952800614
-0.0211311124058896 0.0290957953542593 -0.456588873910617 0.172565633584431
-0.0266323584483095 -0.00616865492941336 -0.239778950021517 -0.0293794543107876
-0.0247561398405369 0.00125564219306765 -0.00107704832949485 0.0050834078753438
0.00153305402822461 0.00933855212382563 0.191253065707095 -0.164630855548624
-0.00594764896490627 0.0194119093538519 -0.116926979013936 -0.494891261637927
-0.00168557453849632 0.0270941163818213 -0.593377232909052 -0.0530769161202763
0.0359152717580335 -0.00441767495564563 -0.170047827708486 0.517441822518595
0.00717360879099392 0.0401253290721367 0.319647298065663 0.23319150373815
0.00442687079262298 -0.0949079520307393 0.275216226635314 -0.0986858300933633
0.0243208160655327 0.0509321934647009 0.0609286224071861 -0.245220276328128
0.0570199426203647 0.0705027653654006 -0.107534544695148 0.113491515598279
0.00739078015471058 -0.0792291190541397 -0.236644277859339 -0.114226322933516
0.0102494723893443 0.0341669046969118 0.0850856039048248 -0.372181336662941
0.0270637276097527 -0.00715239351289718 0.500950584783644 0.012807056153637
0.000296635491254233 0.0360236539014906 0.144983480405839 0.553006257519992
-0.0116008651710232 0.0463803397077342 -0.333486826199267 0.347953653294044
-0.0288255521719191 0.00349268249860576 -0.250512642796452 0.0323387427325415
-0.0301984403191807 0.00109301411432872 -0.0150657389486815 0.00399257947809531
-0.00584848046127861 0.0125666360818698 0.216967873357912 -0.110269165194114
-0.0106384010544637 0.0255596683429084 0.100359747924759 -0.499493114344889
-0.016518704221242 0.0222227685760401 -0.489377536550531 -0.340395219063554
0.0350318526464703 0.016762711556587 -0.409095169185899 0.356666870992167
-0.0107205864774692 0.0296163251230928 0.151974688516405 0.378706833044595
0.0479328576117831 -0.087211274505934 0.289816639621236 -0.0312250917352586
0.0116025433091517 0.06481708969761 0.109746275435815 -0.205485267782992
0.0477273341015762 0.0694827854747221 -0.078137708572166 0.152183005402981
-0.00880260898163138 -0.0789059980686567 -0.291808800988494 -0.0317112593472175
0.023811272645993 0.0324738464995046 -0.109889457461014 -0.335995204167188
0.00436308478827048 -0.0262634383281253 0.415580676132496 -0.274691263983123
0.0157961367814049 0.0337245959437136 0.438099874134104 0.369700832982348
0.00659780107939011 0.0509249177405643 -0.129627959012203 0.459199824303794
-0.024648921445201 0.0151924511794396 -0.240900983665042 0.0982784405776389
-0.0318526188944051 0.00132120411910876 -0.0268786056860711 0.00189634198390872
-0.0123705543069617 0.0115608546833853 0.223102477451677 -0.0477952056308777
-0.0212211462492613 0.0223933840301083 0.317123160234531 -0.399424974439697
-0.0292295968693995 0.0100624360572856 -0.207870537247323 -0.56346134329625
0.0189760233771737 0.0317667259044827 -0.539906837082058 0.0576588449912226
-0.0100290284045811 0.0158009218962647 -0.0918856079374329 0.42276868661738
0.0682685561190244 -0.0500935210270943 0.279513973364453 0.0568928545632909
-0.0107800222924279 0.0655794864461562 0.150238778089959 -0.15488331073451
0.0304987630917874 0.0620589747569015 -0.0432749791949574 0.189767750986799
-0.0102624439076477 -0.0675278340752791 -0.305237727802846 0.0548482036084559
0.0249710329463363 0.0202794411420325 -0.247192556020433 -0.220766692799115
-0.0158338411274045 -0.0314264699299789 0.199996123341949 -0.447886521568099
0.0219988923604661 0.021834872036549 0.572891037272307 0.0993617206763727
0.0181692518933591 0.0421355579108382 0.0881849640230273 0.467413277874911
-0.0146793368062163 0.021260140213141 -0.211065825231572 0.155141846106268
-0.0272763752821446 0.00116356242417979 -0.0374614786926856 0.000842005095216353
-0.0134721887802867 0.00831907964465791 0.215181965866054 0.0118016489751059
-0.0251041055961784 0.0107452750046787 0.452535745954365 -0.226163176649629
-0.0363536501745006 -0.00536734134681644 0.142675879216534 -0.610315064112229
-0.00215074270892831 0.0290335740657374 -0.479553714374207 -0.256830490747065
8.46264235418795E-06 0.0121313112762981 -0.303147627944809 0.337206091738818
0.0581751577551686 -0.0101045937460794 0.236476503932931 0.143766851854981
-0.0357003239557307 0.0479970946676854 0.176393207202245 -0.102573401488271
0.00892794881070668 0.0521353792868115 -0.0170216367458496 0.222226691621986
0.000865817438335397 -0.0500133117618242 -0.286892449934229 0.111686996795834
0.00765470287830436 0.00747719885488028 -0.311662390288301 -0.0979411655375613
-0.0228037115234286 -0.0288936496553397 -0.0133066023409653 -0.487102941271346
0.0200531127305868 0.0106853530503209 0.564382963318179 -0.121968006563032
0.0203704078450851 0.0286493688374883 0.243028909216768 0.414430847487118
-0.00459662715305378 0.0189152357304561 -0.176421310219527 0.195408125759524
-0.0180169414209654 -0.000160284205758179 -0.0445445432179804 0.00146026823763106
-0.00802320584427946 0.00525962410850319 0.197301727600167 0.0540060541863886
-0.0176628107607507 -0.00102339691623474 0.492321357102797 -0.0579838239355706
-0.0339648399208131 -0.0204460431567901 0.406276395581558 -0.511252986607174
-0.0138488456202254 0.0150306700935565 -0.309121587796216 -0.459775606176641
0.00734559947691061 0.0212375855829823 -0.416550462483424 0.20390654279094
0.0327626594414659 0.0104557549060036 0.173730434570615 0.204313470128499
-0.0566176695274076 0.0164935054324157 0.188583440866915 -0.0565770168886516
-0.0118607030421258 0.0373485632701174 -0.00461351316588309 0.245501315543533
0.0168923896502862 -0.0220373437375569 -0.260669780575879 0.136301117113487
-0.0177568350910109 -0.00687618458060061 -0.336766132376922 -0.0196462192433857
-0.0164130674175649 -0.0205776986134379 -0.136798644708068 -0.471850284656589
0.014438046410963 0.00395233992213447 0.51946514103492 -0.230555443356266
0.0115501129137894 0.0187485179854162 0.320205244278992 0.368661579838536
0.002905338385137 0.0112142506813945 -0.151333808732242 0.217372854064478
-0.00467181977247649 0.000212917523198065 -0.0478493576299368 0.00190072412295366
0.000420479889355245 0.00698161793810461 0.18423172804364 0.0772457923829441
-0.000927631369068012 -0.00961453719646245 0.483151078087615 0.0432242034202767
-0.025844163327641 -0.0286856529811607 0.528034485948546 -0.407797015263423
-0.0180028168357728 0.000343908685559582 -0.170944499412785 -0.541019846979076
0.0131209804126698 0.0359153465266049 -0.45472778192886 0.119874897348869
0.0101236162942722 0.0199651731716746 0.121481837924565 0.23123687744681
-0.0722112158770757 -0.0180027751441076 0.191011742928499 -0.0287825021725911
-0.0316292438776625 0.017129661080323 -0.0115696897002811 0.256764848605883
0.0245092848993591 0.0173100990429041 -0.240325214235502 0.137461091792498
-0.0348238830685588 -0.0267238114128771 -0.355148505970025 -0.00894709956980772
-0.00730896579596959 -0.00938923507829038 -0.143863738252308 -0.469848067958691
0.0120619315759316 -0.00116051041184895 0.512800915602269 -0.236145440880983
-0.00185850769540052 0.0109589226552627 0.326437774766428 0.367984414010104
0.00738397197131953 0.000257704257394862 -0.14660281886281 0.221475764945154
0.011602621623527 0.00154851257927237 -0.0459919874690601 0.00121983683226781
0.0111372320418329 0.00969372433030019 0.182350513333056 0.0816881602748973
0.0169278133238106 -0.0168362086690184 0.480277127398339 0.0537727473720906
-0.0180567324113471 -0.0266934244065199 0.535578776067575 -0.399846648365629
-0.0255149179965128 -0.00749901310531043 -0.152099006335672 -0.551785569210779
0.024615285281147 0.0404112164476007 -0.451614362838612 0.122466431040755
-0.0014816423789056 0.0248739921800445 0.102102663149586 0.234919214493282
-0.0828817885430391 -0.0498616881832068 0.187830576375017 -0.0249889160619275
0.0637687087922236 0.0414947072326504 -0.142304538020504 0.0575947830942144
0.0329467249425152 -0.0572928372350106 -0.136606808322978 -0.189791478286417
-0.00269719104655146 -0.000821479440057212 0.350628917817386 -0.230323824866462
0.0194840925545291 0.0411100345935494 0.27546730947617 0.428664651395982
-0.0103066176485658 0.0215936106142672 -0.388698802585961 0.485886610439417
-0.0154080405152945 0.0113326525502024 -0.492233947789685 0.0535971826179849
-0.0224512994364619 -0.00765404580537457 -0.225383316964451 -0.0550341461721164
-0.0149925819122943 0.00306806547877474 0.0117922112089112 0.00793841815148336
0.00401412205633438 0.000576284880769154 0.149406908367127 -0.213190420692446
-0.00944816441877089 0.0153502302327535 -0.306322524552013 -0.418483808249805
0.0113070608420033 0.0207148267086998 -0.564012144442416 0.211157248710442
0.0255429214239316 -0.0182265077080505 0.0972220646279182 0.542306981234395
0.0277676992314871 0.0293243587835494 0.387584511099259 0.0535981387784857
-0.037880924243418 -0.0617466211811208 0.249129497657891 -0.166101136323598
0.0294835621547291 0.0305071331021201 -0.00418980476949874 -0.272770090561824
0.0685334784294822 0.0586154704506003 -0.125820856674312 0.0902721770867847
0.0210252368587617 -0.0717780353253534 -0.183861284754582 -0.155726215594746
-0.00122544072108089 0.0189592812132551 0.237312588880064 -0.335545597321645
0.036348124784896 0.0211057144722043 0.431025520083881 0.263232952409499
-0.0104067216998548 0.0280994369350086 -0.147339884631342 0.578504959548358
-0.0193064327644743 0.0272990437723066 -0.446741847416202 0.210417024792447
-0.0290438344063127 -0.00369499977113209 -0.240489006860559 -0.0116577854799406
-0.0224733683218615 0.0029760114655484 0.000535041340944269 0.00655864251236603
0.00183764794350336 0.00705529184789842 0.179024295508219 -0.179107618919739
-0.00338304885273066 0.0221543776955841 -0.158202918610694 -0.487224725994083
0.00298565874828335 0.025502337166269 -0.604478950292767 -0.00126863528498325
0.0345929065977762 -0.00958785086477552 -0.122370625497298 0.537440794295069
0.00768388049288343 0.0413530969798402 0.34300647602746 0.206728693807151
-0.00361098674988311 -0.0959507413856857 0.268133238667181 -0.125838124856283
0.0310298459484744 0.0521570075077053 0.0422043086294025 -0.253513795853222
0.0650713556809545 0.0661032109661153 -0.099894037733676 0.126422888190518
7.92137915073959E-06 -0.0820670140640634 -0.246115621133819 -0.0943665485552421
0.0144137405145532 0.0318629197948216 0.0504043724070566 -0.386209776983659
0.0296119670617492 -0.00666264875555195 0.501823071679963 -0.0245212411196861
0.00156965663679918 0.0366868003363967 0.187513941309733 0.543176158594475
-0.00924013152163242 0.0437326795420459 -0.311011933793167 0.375330138023796
-0.0304460449351257 0.00644405672333247 -0.248646329230608 0.0498639884474295
-0.0274587896405513 0.00271002136107686 -0.0125373562230155 0.00624230506838138
-0.00383129350370449 0.0116371121217117 0.208068465989343 -0.126774886853543
-0.00936084983563515 0.0294787269256098 0.0612093438483819 -0.508743818546642
-0.0118008160289911 0.0230695853619382 -0.518787949873893 -0.299505279606665
0.0388340886325051 0.0106782411430469 -0.381139970140057 0.398402521348825
-0.0106809533498004 0.0306644735255302 0.186912073475038 0.369894168845776
0.0412709753799834 -0.0915015635943623 0.287142573794942 -0.059167732778664
0.0176023515331559 0.0670815530285868 0.0948329467817223 -0.21744896510153
0.0528688200281304 0.0657888896301087 -0.0668068916432437 0.162264792795581
-0.0174043056130035 -0.078993130278301 -0.294823477850331 -0.00535403953066761
0.0284872159648412 0.0287733928436989 -0.139281256849288 -0.331536517094246
0.00596857606161896 -0.0242661650443318 0.389789550752918 -0.309252175509824
0.0187526850361933 0.0328042916373687 0.468812206116973 0.335726051248684
0.00913696549163934 0.0478265306576157 -0.0981502116391472 0.472576400532312
-0.0249400103670747 0.0167450082399851 -0.233696731106371 0.116138600512359
-0.0298024831212494 0.00386751537232062 -0.026908552002259 0.00469615216576257
-0.0107270990585391 0.010883685477162 0.220984235239128 -0.0639000350886235
-0.0206812350217928 0.0266222220001966 0.287222755106752 -0.426418275416128
-0.0264239746295093 0.0130389419868381 -0.256274891775875 -0.550626199408851
0.0248909746274281 0.0289632908569809 -0.538784111052676 0.105239912601648
-0.0101720564050967 0.0144547865333488 -0.0541205870724202 0.43601136665517
0.0643915143437421 -0.0553829673158307 0.286281183953598 0.0325941430287654
-0.00493921831310007 0.0692738519895422 0.139435790555082 -0.170461121230587
0.0345784868474175 0.0602899800588088 -0.0289938204903365 0.197253087264406
-0.0186504384817585 -0.0684837198417262 -0.30329281179172 0.0818032122269009
0.0265322727598272 0.0160634568694098 -0.267516008742812 -0.204046766422402
-0.0153090812113135 -0.0290852801895484 0.158885486036753 -0.469355309519298
0.0255595093694594 0.0214122052718475 0.585202777971082 0.0510545366094719
0.0227557007070281 0.0399275649483617 0.120191819318594 0.463950459300183
-0.0144522039757195 0.0208741654994566 -0.201796363324555 0.172956895756569
-0.0264949764655017 0.00415487155575201 -0.0371283942924339 0.00378545786985266
-0.0122633317601049 0.00798437241652127 0.216610076571431 -0.00277979969984418
-0.0263450695183038 0.0139830265122528 0.436891836747835 -0.261393880764427
-0.0348363932496076 -7.01876595811946E-05 0.0931417768562659 -0.627090097224505
0.00462349767778631 0.0293326327602468 -0.504793136789675 -0.221241086709917
0.0013556342594313 0.00982054624275028 -0.276542714397469 0.366908233865553
0.0564556792920156 -0.015509287717377 0.250012259277568 0.125171777406873
-0.0310815518487128 0.0534668822536769 0.169225053205103 -0.118483848197943
0.0119433753197181 0.0526813120947144 0.000360628031719724 0.228020497027849
-0.00678982851794496 -0.0514909127970502 -0.281244385454916 0.137749791129993
0.00892482431478467 0.00586592636771897 -0.318929173367509 -0.0741255761824141
-0.0235704614319679 -0.0270886518754995 -0.0559664691262387 -0.491907090299301
0.023819105075786 0.0096103794460912 0.559541460851907 -0.168273610652294
0.0238966212555611 0.0265925015848695 0.273430434572578 0.397414314306001
-0.00409954785056842 0.0195258777373176 -0.162665552126226 0.209830903655696
-0.0188243543768124 0.00306449204126303 -0.0439591964821812 0.00363549173167217
-0.00713180216162319 0.00673636667329788 0.20293727087903 0.0413558290616077
-0.0183216061673366 0.0013251557198641 0.488191858968861 -0.0942968515717463
-0.035015555473143 -0.0145674356866426 0.365887090216711 -0.550035733643034
-0.00890391543859096 0.0165982580678493 -0.349743737081925 -0.439557613841732
0.0103510202810284 0.0182627535284393 -0.403218044871332 0.241131275204635
0.0341295301155896 0.00756666437777485 0.190629000987114 0.191808092554181
-0.0566438549857764 0.0245197415951777 0.183659588966991 -0.0729226984227547
-0.0110163578987591 0.0388028895877037 0.014607936680064 0.250565304669522
0.0119923602253539 -0.0237209827557304 -0.251559064257012 0.159791028004723
-0.0181881280880904 -0.00630904747098021 -0.338266731901421 0.0100869472383135
-0.0167572839894169 -0.0208445497129806 -0.175268454111159 -0.466348325487993
0.0183266905934745 0.00318246579026594 0.50443769909297 -0.274475540847297
0.0155278298789258 0.0179483977476759 0.346464449175849 0.342283932471518
0.00350714449042796 0.0100645265668965 -0.137378178418471 0.228906812977675
-0.00504806596135081 0.00175519584791935 -0.0479679426097075 0.00490091978467504
0.00178550778825759 0.00697834611681039 0.18968536273687 0.0677501386190426
-0.00241926057754384 -0.00999312609285718 0.487810846153967 0.00754658799352379
-0.0289409963074461 -0.0221594834139983 0.497277190480067 -0.455364561321525
-0.0153078125474249 0.00359179787912068 -0.216872747865966 -0.533358319860493
0.0182583733813593 0.0324950319998412 -0.448160801201461 0.157971118296092
0.0111373380634328 0.0184643341080388 0.140156898486999 0.22511297246993
-0.07537513322255 -0.00975604821049097 0.189770964501346 -0.0458164304943511
-0.0315419197159536 0.0199910512062304 0.00969694964682529 0.263530021470939
0.0231923432868269 0.0140232465061474 -0.230626538632185 0.159654234933958
-0.0377284904109398 -0.0250650390101783 -0.354878047844997 0.0245389644323465
-0.00655196611149479 -0.0114260070854941 -0.183374029595804 -0.465591097311484
0.01371732122747 -0.000711845078887453 0.494847817017584 -0.28011649969843
0.00115910553091907 0.0118255218327914 0.35413331531388 0.343643548230055
0.00845489734954354 0.000496649857709435 -0.132033878937872 0.232656001024569
0.0108958196643934 0.00145029459513125 -0.044877622202198 0.00464780252795474
0.0114225355660641 0.00940328225190278 0.188247724852413 0.0707638200307771
0.014264034708742 -0.0177689037420711 0.484526054233702 0.0185393605039241
-0.020123116481447 -0.0225628014793739 0.50495842011503 -0.445968223583242
-0.0240755246367727 -0.00398744136905149 -0.200372762360489 -0.545085616241633
0.0301395191423074 0.0367008748393033 -0.441203849580173 0.162679814421543
0.0001578349261181 0.0234542239606824 0.120791993466752 0.229920543090091
-0.0891484096747709 -0.0420756717104609 0.186102906214228 -0.0407618940158652
0.0675207257314828 0.0390125997031452 -0.137391527461153 0.0654729597849625
0.032125715832554 -0.0573913165331298 -0.14386245226198 -0.181650411001128
-0.00265916509809188 -0.00113734102460659 0.334592043283278 -0.242411857546339
0.0246460173681923 0.0396328043768306 0.288957447856577 0.421914177319684
-0.00980029880755109 0.021561857671686 -0.371951365704384 0.494937046562072
-0.0147676876257544 0.0103933098747646 -0.482161304437733 0.0727242002705058
-0.0221847034783101 -0.00551015454110748 -0.223835220031409 -0.0476665640495715
-0.0109677187562661 0.00298284497682769 0.0128986334418244 0.00871532501928465
0.00223649752242493 -0.00202878818503081 0.140606399273564 -0.214673076175836
-0.008274808373374 0.0157248371377373 -0.320412821277413 -0.399756741062182
0.0129861887959728 0.0206008348918032 -0.550480547478264 0.233200908009538
0.0244691173636611 -0.0178270989824448 0.121123183788139 0.533550661116575
0.0295837146436168 0.0283713606689232 0.386187476159129 0.0349714473491121
-0.0400484040139185 -0.060522792335681 0.23627433526113 -0.178931005171277
0.0330082774778854 0.0282594268787005 -0.0186505086331994 -0.272259658233963
0.0725989963792318 0.0561770846479658 -0.120214141910827 0.0963882272722538
0.0181076314975583 -0.0726572139515797 -0.189612752111328 -0.146633883633576
0.000920242360732442 0.0191255932099251 0.217362067985776 -0.343022985797541
0.0401237263209603 0.0176085034175108 0.436031224533503 0.249582876582903
-0.00889564215845906 0.0286933028038956 -0.130604844686598 0.576087939151991
-0.0177458933400533 0.0275672712495467 -0.43327030019197 0.225685454685281
-0.0298927889832849 -0.00214097839807386 -0.238839972393847 -0.00338871033696634
-0.0200237118771128 0.00121667449981431 0.00234327608846363 0.0065469500333739
0.000651634928845696 0.00451016891065044 0.169911779126125 -0.183000691642487
-0.00153628894485506 0.0238527437461897 -0.17800630389546 -0.47538261089877
0.00386082013275433 0.0250379247710821 -0.594208371640959 0.0236047967342057
0.0352229963587518 -0.0108429600262104 -0.0966154537521867 0.537353202633952
0.00985222788311385 0.0420700420455758 0.348706724085726 0.190003981511154
-0.00743182483814249 -0.0959164033344933 0.256866644291677 -0.140552328084293
0.0345344903663512 0.0500261085020998 0.0310767120331299 -0.255157393456834
0.0687834687327009 0.0637856301593127 -0.092290110604045 0.13054153736301
-0.00315363892448934 -0.0807956406401194 -0.248320966362808 -0.0830326817187727
0.0161779865504398 0.0301881703067349 0.030205274247971 -0.38713056958197
0.0310326514592053 -0.00984476637489569 0.492380959882661 -0.0405335769595161
0.00453063906017787 0.0360000028806733 0.200271171564253 0.529264313463247
-0.00620410127240926 0.042457593629256 -0.291873453313853 0.38696471259606
-0.0302378575899104 0.00781469092268471 -0.243250753978062 0.0577860609483322
-0.0256274541180458 0.00110208594238107 -0.0119221483993803 0.006101266860681
-0.0045377877405332 0.00820989150472453 0.20016521985618 -0.131744904461443
-0.00693533957575422 0.0305816853219421 0.0390598132865195 -0.505221764925143
-0.0100432963442991 0.0232092290261588 -0.525283399519693 -0.276765847526428
0.0398182353025419 0.00910219518574747 -0.359336135219283 0.409080490968954
-0.00909821479853195 0.0315213127033105 0.201878207060226 0.359145565105963
0.0370982615311917 -0.0936446370521769 0.280709966452247 -0.0740163982788805
0.0236654876048533 0.0652114377644823 0.0846155359163535 -0.22156909878666
0.0578764474904589 0.0627756292080797 -0.0585693878470387 0.166323592085959
-0.0196258803812215 -0.0775878157103524 -0.293502622259878 0.00846537565760251
0.0303602912658466 0.0272200618208051 -0.15516919158018 -0.325382107932998
0.00749768103980744 -0.0255394560528755 0.370523279282987 -0.320401787788061
0.0206504114587842 0.0319200816151713 0.47424003990332 0.312785604959898
0.0123485782432149 0.0452373876752765 -0.0805294481548187 0.473311175458202
-0.0242963213700458 0.0173164953034355 -0.227126072877127 0.122693373567719
-0.0276643331561566 0.00248568778390637 -0.0253319885001099 0.00496713590511525
-0.00960130218371518 0.00869312674916508 0.215396901009805 -0.0692158373852644
-0.0189563566750077 0.0282211586342884 0.266413967363491 -0.431922339973897
-0.0247580963636707 0.0147627321885864 -0.274764633612381 -0.536969315958103
0.0281386457217721 0.0279139832455931 -0.530481665934081 0.126461896726031
-0.00821496460100602 0.0151025804166626 -0.0354787536150404 0.435066116977345
0.0623424945170889 -0.0589440598112742 0.283338327070754 0.0184728397959992
0.000585796414812691 0.0687760282073372 0.131201000119221 -0.175200131511726
0.0386047293872086 0.0600584949719292 -0.0205870005445201 0.198762258498848
-0.0218308606193189 -0.0665886405911066 -0.297180833221772 0.0957800825653833
0.0291761723478528 0.0149886593976265 -0.27463257704659 -0.195302565451362
-0.0153169038290139 -0.0280057988421563 0.132476236549441 -0.469163700586807
0.0269313492449275 0.0195130710526375 0.579635439300631 0.0263190014268761
0.0243310381287127 0.036579772728616 0.13563679376025 0.455200386294422
-0.0143983771260442 0.0228007592713374 -0.193923806105483 0.176239231700492
-0.0241400182928646 0.00348640670685913 -0.0362615601871254 0.00452971534275133
-0.0103954425542985 0.00680738607034893 0.213150297321365 -0.00875424579963516
-0.0247949664284117 0.0153515654555496 0.421345371362026 -0.274886644962514
-0.0344807347204483 0.000823301889238771 0.0690180189493777 -0.623737181394437
0.00683346153645358 0.0292247807314753 -0.510083194411524 -0.197501082174533
0.00243151556595382 0.00944983142092119 -0.2584308246839 0.374995527255904
0.0563358873083891 -0.0187732833981171 0.251344979622314 0.113521727710605
-0.0257464824219889 0.0550256280648223 0.162467108302724 -0.124748481108577
0.0141268959552037 0.0536722667927994 0.011543288506759 0.227626580206071
-0.00795053557018706 -0.0497341374566102 -0.273298748986187 0.150672139441362
0.0107086443499458 0.00423581939632813 -0.319690974569807 -0.0622008806194584
-0.0238796868815102 -0.025702387888858 -0.0811500092946494 -0.485374282909046
0.02389683105426 0.00874031723095109 0.549243889620856 -0.192912504125052
0.0255655458698697 0.0232887003737714 0.284225995939434 0.382615119640619
-0.00412645768769829 0.0187595833107991 -0.15496593937195 0.213816117461483
-0.0159063228244013 0.00354458514492618 -0.0426255461606556 0.00546749601766926
-0.00609737512987239 0.00587238684528365 0.201600538815689 0.0358028209848421
-0.0182567016911827 0.00187387462302976 0.479152062351962 -0.111191759533441
-0.0354062866793955 -0.0130059559883134 0.343907705469146 -0.55759396317502
-0.00766435881582936 0.0168655572571136 -0.364006233756135 -0.424723455672514
0.0123378425420215 0.017712537901009 -0.389183542789088 0.256372220985022
0.0343251423294798 0.00679765031673113 0.196727271955721 0.184276442788914
-0.05327463485314 0.028647936308349 0.179298121771688 -0.0805944350277524
-0.0088023157194572 0.0408611605052319 0.0274657826262581 0.24920119332699
0.0111502205794063 -0.023864774042876 -0.243017019343676 0.170790274077154
-0.0172091835945872 -0.00462964238376595 -0.332953305677308 0.0244326483216048
-0.0178265899969375 -0.0188986391338481 -0.198036921547711 -0.456276512293252
0.0187788994254355 0.00228225262475198 0.490789700967152 -0.294930698284418
0.0177147760232016 0.015375159163545 0.355088669620705 0.324654981223051
0.00311613964731695 0.0102926512407532 -0.127748752677665 0.230713582995722
-0.00407845431503249 0.00370492600332699 -0.0457192731493017 0.00619202003152207
0.00278105587779536 0.00724128292399317 0.190478993416805 0.06216130417212
-0.00273925321104731 -0.00926371415904872 0.479718213271544 -0.00762619853176892
-0.0275439920394548 -0.0203214958280149 0.475072407048332 -0.468947870403367
-0.0147397642519672 0.00459632948344316 -0.235911825110852 -0.521393061140346
0.0201707951210425 0.0318604755016283 -0.438093694821443 0.173935342093252
0.0127023975055419 0.0178286488898645 0.146641303425082 0.218583122079294
-0.074281419007995 -0.0046829663359691 0.183698358486818 -0.0514677581698326
-0.0322413056584843 0.0228087997137729 0.0218484412037273 0.262213711288572
0.0241287770254633 0.0136689209488061 -0.221117432678647 0.168774247918992
-0.0376753599618778 -0.0232125286780712 -0.347850361451461 0.0402998799540038
-0.00867005108843258 -0.00931428516217804 -0.202524648221035 -0.456046125650472
0.0134659674577838 -0.00210315303944674 0.480688181623054 -0.296655626469672
0.00433669863035204 0.0113098438009364 0.360985963660237 0.323074848672547
0.00805762659931695 -0.000147556772674907 -0.123314741752766 0.234577361690461
0.00962489474291548 0.00361671691066442 -0.0449200323299414 0.00610311406475672
0.0125379067626092 0.00957293206442779 0.187992486270421 0.0664410911644601
0.0128256632896393 -0.0192657358008408 0.479175258651951 0.0031155054803631
-0.0200044207474979 -0.0214886785380381 0.481619576273967 -0.462858805380856
-0.0230172821891261 -0.00258152315336993 -0.217943381255495 -0.534454605574589
0.0324743203938232 0.0354217416199789 -0.431812652339834 0.177228823628826
0.00115337982033141 0.0243135068231629 0.128381882531711 0.223160914972719
-0.0917233493352788 -0.0350009594824655 0.179932703109497 -0.0487783604196243
0.0703941810850352 0.0336475309632461 -0.131510883757882 0.073598825040719
0.0302640522838338 -0.0604828950180468 -0.152167603894487 -0.172407560092077
0.00125496573658224 -0.000696711906462468 0.315285517754004 -0.259785423995884
0.0285958413157583 0.0379039456707936 0.309315710031981 0.408125207894252
-0.0110704681532185 0.0211215333040623 -0.345902092891328 0.511692382868438
-0.016065775668794 0.00813011682071404 -0.475659451674392 0.0959949250193726
-0.0239000317383614 -0.00603286968099879 -0.223588531482434 -0.0374199851399104
-0.0102477478429406 0.000227391114589521 0.0135793332322541 0.00826463022019577
0.00156912435585132 -0.00355268330418989 0.128458133995428 -0.21640759420413
-0.00349059454757259 0.0157347549872315 -0.337583527189446 -0.377236680019344
0.0119896616685745 0.0156777763829982 -0.528336582220488 0.262731294438632
0.021378349787559 -0.0174837066359467 0.15208681743913 0.518620660436533
0.0340615215352551 0.03173502852304 0.381574366772588 0.00962648146728299
-0.0400991500671127 -0.0599528657455805 0.220831034457657 -0.193246946833295
0.0388148991506679 0.0251054164335027 -0.0354631923458785 -0.271148261331535
0.0752229553631778 0.0513709213316757 -0.112889614480879 0.103617615889705
0.015282690965069 -0.0740336775574774 -0.195946292862639 -0.134613863335848
0.00396506092809115 0.0170307765220308 0.193890707944492 -0.352511073814442
0.0424811046943048 0.0152565779895415 0.447332443768215 0.230967069852894
-0.00963087396953861 0.0297000227682808 -0.102721340201118 0.580392485027641
-0.0180791371585785 0.0238871005634257 -0.420063071840901 0.245847858561107
-0.0305150569789879 -0.00131988944032686 -0.235621213455919 0.00590336632718656
-0.020987793903105 -0.00127730307184903 0.00270222880957371 0.00681593155491271
-0.00040760558399556 0.00352178138132627 0.158983916234425 -0.187323509006675
0.00257839695409195 0.0233113159464006 -0.199177375620695 -0.459682377407246
0.00632177193165724 0.0202157906249577 -0.586263330250569 0.0580561540941187
0.0314966166719242 -0.0124487510406963 -0.0636408268858215 0.536635141918821
0.0137545927858084 0.0458378105961316 0.355176569688901 0.164647865193636
-0.00849692983376143 -0.0957351472620964 0.242533801691357 -0.156014889982261
0.0417854844909564 0.0464930125407166 0.0147514839974899 -0.25690356943423
0.0721504018338189 0.059339340786526 -0.0842305026665588 0.136688202508996
-0.0075517026683281 -0.0818510411697157 -0.252917908156588 -0.0671307498863031
0.0194631388200992 0.0285089139829124 0.00473238567960684 -0.385135334835558
0.0322088324616322 -0.0116770355005573 0.487983147055839 -0.0615999850213507
0.00444355671745594 0.0371601003457723 0.223961197457601 0.517863646011202
-0.00767885167933401 0.039468281951767 -0.272566711855312 0.399475817655326
-0.0312894894898395 0.0091344995154716 -0.237166645759213 0.0654446179023403
-0.0246452316900047 6.35677356432023E-05 -0.0107692459258523 0.00681423346619716
-0.0060936870772944 0.00720328730932338 0.190616971619959 -0.137080071136843
-0.00212923591630658 0.0317506939774032 0.0150090564551566 -0.499417522509873
-0.00540827085504243 0.019692885329777 -0.53372756790805 -0.244178258277839
0.0376326740944437 0.00480978449949515 -0.332857249325772 0.425850371435525
-0.00736156741605519 0.0366587729407916 0.220815827182294 0.341053386428284
0.0353191596208127 -0.0932444627701918 0.269619189272962 -0.0911445577845436
0.0304771508371572 0.0640185067896434 0.0700018850438972 -0.225768195147968
0.0615581630843107 0.0613924959523286 -0.0478960881807625 0.170668874863957
-0.024439998540407 -0.0770703229148633 -0.290136054083677 0.0262164094114692
0.0331831442379106 0.0222610908780978 -0.175392338242113 -0.315142866464258
0.00846999975549653 -0.0259827907113394 0.349641941360625 -0.334871130732966
0.0216463676611828 0.0342237903005201 0.483420130125931 0.284628504153383
0.0114300070174115 0.0422104591308355 -0.0566292166373585 0.473815538228107
-0.0243148202250546 0.0184255741838284 -0.219164364910973 0.129815514327574
-0.0261123289589434 0.000636899979426052 -0.0244640293755265 0.00479046587026463
-0.0102495184052843 0.00836878650978132 0.208597931434215 -0.0758758824832728
-0.0153464623139398 0.0315867122325883 0.241814354487657 -0.439958631206606
-0.0186668102899346 0.0137584473355004 -0.298996688442471 -0.515310068155074
0.0289719619187822 0.0219049447367357 -0.517769049113438 0.155359740951891
-0.00993665412359935 0.0174906603615791 -0.00720319819511219 0.43120934778157
0.0621647351736375 -0.0585381040406683 0.27957707813387 -0.000199062989670344
0.00771248359321402 0.0677384225232969 0.118723608991977 -0.183686659013975
0.0410839165757459 0.0588962726806829 -0.00858968472763603 0.202235423008759
-0.0261608075433338 -0.0649487221904214 -0.290038793273503 0.112415362681032
0.0299868429781481 0.0103143016529366 -0.285759341078945 -0.178617637287048
-0.0136326987158006 -0.0282924217562515 0.103224308050711 -0.470521694473469
0.0296970525219609 0.022491914033309 0.574926954722399 -0.00782668187799516
0.0243295581644247 0.0334838450059529 0.156018289738546 0.447188183197417
-0.0145099857651145 0.0237940954824577 -0.183118547439737 0.182130041043863
-0.0221111239393096 0.00262644880338337 -0.0351028092773193 0.0054560734015139
-0.0108399108729375 0.00529412853794571 0.210001208879456 -0.0171939007273727
-0.0234493068991954 0.0194937070791155 0.401027095656879 -0.290178591243521
-0.0297088842184758 0.00251202497342357 0.0371506524106409 -0.624050826849044
0.00972667891316019 0.0230790607764653 -0.516606747508179 -0.169973711850196
-0.000321032224355464 0.00917047605453431 -0.232892261304563 0.387908103531365
0.0576236108657507 -0.0172623785646757 0.252509534623288 0.0968342115599843
-0.0210615928046927 0.0559756723784495 0.153410934423239 -0.134286255516202
0.017874422766601 0.0544879918765352 0.024556772248742 0.228750797630816
-0.0122368891046783 -0.047651541268058 -0.26188993803716 0.165751890969291
0.010191673289574 0.00088106497158158 -0.321511446580202 -0.0434918192677758
-0.0224436889362814 -0.0252988108872096 -0.112870531310269 -0.473501523251736
0.0252767455076839 0.0100368441949852 0.53397548249872 -0.223418610573956
0.0259450151693716 0.0224939477124458 0.29924281580663 0.366346924111309
-0.00403957136024601 0.0200722267894 -0.14377994450217 0.216059745232278
-0.0142930272078045 0.00354638185749958 -0.042407207857385 0.00642547023773893
-0.00466136684870884 0.00452304117115071 0.199953809234742 0.0278114563416038
-0.0191878721133802 0.00429772869725601 0.466150516042948 -0.129586068916569
-0.0302083953213214 -0.00964045662400854 0.309844766077182 -0.568821699222946
-0.00281714517616683 0.0130161250346509 -0.383261086547345 -0.402572473155247
0.0083280113775583 0.0157120793278048 -0.36777546140535 0.276278123284504
0.0344504949050766 0.0086405663447422 0.203761405660863 0.171240510960588
-0.0481997803935507 0.0308152814675826 0.171334701625873 -0.089645941234776
-0.00739482595907827 0.043675544300141 0.0424400491278349 0.248768637302195
0.00754270245962797 -0.0229379470287813 -0.231668400685925 0.184947468516174
-0.0166119167008842 -0.00655182431907134 -0.327701264077383 0.0422938603811171
-0.0175474600171588 -0.0187644880114527 -0.22572361154898 -0.44194330569581
0.0213955111413038 0.00177819454281048 0.473232458563569 -0.322269317017759
0.0197075379776392 0.01495883213963 0.366770307687987 0.30473312513071
0.00254499222607218 0.0099880726898743 -0.116527462784593 0.233360482116528
-0.00260088242888316 0.00346723411558641 -0.0447773742029127 0.00652643979375921
0.00421241682372807 0.00725425954528595 0.19046097944577 0.0551677391046942
-0.00461097589997588 -0.00697044340011016 0.473085880196485 -0.0286105715962946
-0.0244591653713765 -0.0164515442265137 0.44288533530718 -0.484726914715789
-0.0106651829291783 0.00147019239145675 -0.262095676115511 -0.505376357514707
0.0170857124765651 0.028723572684483 -0.420895903487156 0.196774286824912
0.0128213412430478 0.0201734037362445 0.157235432549312 0.209602013979182
-0.0720199214844272 0.000873852593757412 0.177711335165485 -0.0621242462680125
-0.0286272150227993 0.0263290874165434 0.0359498470683979 0.261116178969641
0.0219049311750571 0.0125828863913512 -0.209923789333385 0.181552224698935
-0.0384769702584916 -0.0230949758848934 -0.339976962536438 0.0593647183763086
-0.00740566532991647 -0.0106744077925946 -0.230583700624597 -0.442063380525859
0.0154449420995807 -0.00244714511900299 0.46302134576657 -0.3254420673391
0.00616823534446372 0.0099302075357897 0.374174232572225 0.303669157390305
0.00677025682820095 0.000170342400824249 -0.112151253192674 0.235865083844496
0.0109244827470236 0.00386596101553966 -0.0431163388422228 0.00660750641432582
0.0142538622501422 0.0107897556565726 0.186961809429216 0.0586135816028808
0.0107165728333854 -0.016481717151293 0.471625897813264 -0.0162500004881528
-0.0165002730878049 -0.015644248877515 0.451382210098844 -0.481473671600133
-0.0199401013209044 -0.00454594577077767 -0.244212348603898 -0.519739465913088
0.030595585594218 0.0312670839466749 -0.415838448560619 0.20006216766533
0.000688877084643861 0.0279002578678735 0.139208757660148 0.214329847322436
-0.0893707722729375 -0.0294763034388087 0.173232520430118 -0.0573498266040333
0.0727573418756065 0.0319082551557672 -0.129628873345118 0.0770737374224805
0.031688076268375 -0.0638395403363103 -0.155766736598599 -0.170198537180304
0.0012551434149282 -0.00260382710766887 0.312041697712457 -0.268146954268529
0.0315411018533619 0.0352845733274912 0.324817703876931 0.411554798593482
-0.0088699956557951 0.0214709095344458 -0.346363500653012 0.526585822994809
-0.0171052761017391 0.00731046265412653 -0.476538680973148 0.10734869787981
-0.0246038016340102 -0.00426333118467223 -0.226846473645928 -0.0360662827642774
-0.0128373832777202 -0.00240728395231183 0.0161963625499614 0.00822560545956106
-0.00156377122054757 -0.0038040395166939 0.125300768494644 -0.220180472960153
-0.00289070056881429 0.0172336025952354 -0.350372030102403 -0.372380145976646
0.0132724486758654 0.0157634391318588 -0.52948738125944 0.282185847016483
0.0214609161891518 -0.0186886969743047 0.1691191162511 0.521287255176782
0.0366184217803643 0.0305206768175697 0.386676656392715 -0.00136521286078295
-0.0421879164081504 -0.0608116973933207 0.217451358065642 -0.202995877712118
0.0411506506544856 0.0231244967722899 -0.0427309771536372 -0.275372029776408
0.0780362482557924 0.049171148654457 -0.108926759890879 0.107983767428162
0.0147815915773661 -0.0779693289203554 -0.198996460964461 -0.130840944916795
0.00465247497557788 0.0176937401351545 0.18689346605772 -0.360886684403079
0.044456610256111 0.0105881560755799 0.461121075465423 0.225187945214134
-0.00744900587061777 0.0303284298742788 -0.0975926216432891 0.593148595176282
-0.020109921808592 0.0242558486603164 -0.417112969947726 0.258605169194878
-0.0305954436293705 -0.000318471978759487 -0.238788169362009 0.0086549181619922
-0.0220419485110129 -0.00390228962463986 0.00382780106080056 0.00700604869914514
-0.00333117756445934 0.00274981756180504 0.15721020085424 -0.191089842710943
0.004066006813401 0.0245582464782859 -0.210337515919882 -0.458814209988013
0.00700082554061989 0.0215681558656015 -0.590150314686576 0.0726432883665437
0.032343467962865 -0.0142294763998755 -0.0481230687550189 0.543593556751806
0.0158611076126402 0.0466117081218092 0.363554148823865 0.157537683204071
-0.0117691716645419 -0.0975816508267796 0.239954869810722 -0.165850565527081
0.0436079836592813 0.0455595687444091 0.00693793103130005 -0.261906470415686
0.0756607725398448 0.0578645466662411 -0.0797570709159118 0.141753622767546
-0.00887132402290362 -0.0861579439240798 -0.255069313705398 -0.0590917371201067
0.0221682364936103 0.0286328568160245 -0.0058527636043305 -0.390439786302642
0.0337248652480045 -0.0159551294535705 0.493864174541617 -0.0707125969962938
0.00720649897511316 0.038707502617174 0.233428088858012 0.521105485046749
-0.00915110634987152 0.0403395132381321 -0.264372037908547 0.409745241705186
-0.0313275950732213 0.00936074030107174 -0.239615689827351 0.0712592388373802
-0.028137325550428 -0.0024584051105923 -0.0109393362686974 0.00522875445194
-0.00867348662351677 0.0065875076509101 0.191326414452816 -0.141508414024348
-0.0016667239813843 0.0328666156681997 0.0058420274101795 -0.506827033527377
-0.00522288849497481 0.0208525466738533 -0.543534837979367 -0.236922293557528
0.0399655606156274 0.004299299569432 -0.325637556914093 0.437888793486279
-0.00647406625860108 0.0361209984233486 0.233249153131195 0.342253979807465
0.0336796891284878 -0.0978464764489574 0.270575352069458 -0.100907140252083
0.0319321158131495 0.0640240889476206 0.065504454401631 -0.233853357126916
0.0647485795082393 0.061232293516387 -0.0441347177097067 0.17611227946014
-0.0255297338313919 -0.0781746003621049 -0.293141945188027 0.0366377222308398
0.03440286104469 0.0215553503143812 -0.187276751150016 -0.314735776975586
0.00847872991256668 -0.0301506569522574 0.346579502000801 -0.34369228842406
0.0248893712707514 0.0345695923985483 0.492566344891905 0.276937491291588
0.0109786838344583 0.0437993894922354 -0.0462892220867946 0.480563285653315
-0.0245052974464047 0.0192164670166505 -0.220141003687105 0.135545288801684
-0.0287388026114217 -0.00123720274211855 -0.0248726393381899 0.00474788187633054
-0.0123472563024914 0.00636748939024134 0.210839679192244 -0.0795966361884161
-0.0153667142292088 0.0328223380703557 0.237961043492434 -0.447819378192181
-0.0194731875233388 0.014891811076294 -0.312864204987421 -0.519206387887937
0.0302082582161335 0.0206391141365166 -0.522058357095474 0.166673861026382
-0.00853429258075798 0.0182519515429898 0.00210620474896332 0.438075500944086
0.0621728748968564 -0.062214670806139 0.281453188444268 -0.00674972497121406
0.00954802304539447 0.0673551437931602 0.11654761245935 -0.189917084559677
0.0458794522081851 0.0597348043220102 -0.00234025354708948 0.207380408587424
-0.0267865773785828 -0.0649556071611637 -0.290148065109881 0.12486081982469
0.0301005506713117 0.0087289484772097 -0.296198590129969 -0.175114426726526
-0.0138075206575996 -0.0297428813569755 0.0916796538594299 -0.475773541062779
0.0312613727920406 0.0216177508268886 0.577541649965606 -0.0228761613726076
0.0235419953690869 0.0322077095188775 0.167416615891676 0.448304820231241
-0.0136740023670483 0.0226901944414473 -0.183369463075754 0.187081851919045
-0.0239441118891757 0.00145557564767348 -0.0360521912957419 0.00517760182336176
-0.0116405505286748 0.00446372787863342 0.212275000537452 -0.0194876351061656
-0.0241577955276751 0.0201579980893404 0.401863587916058 -0.300510121232408
-0.0297482791428612 0.00331412495220317 0.0250103698259543 -0.635965477769564
0.0119130005874513 0.0231188987136638 -0.529234570944463 -0.162735248629693
-0.000497738712434675 0.00930796617573984 -0.225321438607895 0.397986962756385
0.058143181639786 -0.0197479056070711 0.25864013286387 0.094050299565195
-0.0189239451487738 0.0575109891682408 0.151095188367264 -0.13989354857309
0.0207750031268835 0.0565176435228341 0.032282791065764 0.234061824018611
-0.012893754549315 -0.0469351626217863 -0.262916141877537 0.178257066205971
0.0103707525467053 6.3653206355525E-05 -0.328579035885467 -0.0396389805670562
-0.0231903721836221 -0.0256806286886439 -0.12868224886748 -0.476822440290874
0.0273243135503675 0.0102807678904445 0.533065203542662 -0.24125127085127
0.026100011553904 0.0194123259632609 0.309571701494139 0.362443700049232
-0.00286227358850748 0.0193227886684251 -0.143990822064847 0.2202337200214
-0.0142737300246173 0.00172879731681674 -0.0422833652595476 0.0054459248779964
-0.00503190290676906 0.0029649239852482 0.203616220840112 0.0258661473282049
-0.0199367279527699 0.0046474759244924 0.469313883148751 -0.136935255555265
-0.0308960978602161 -0.00873305822696942 0.303121942491736 -0.583731483358468
-0.00225001025166001 0.0134850921040484 -0.399058169215893 -0.400206836750522
0.0101440814815135 0.0153654399789002 -0.369084567526737 0.288800193442438
0.0359312916860735 0.00681156715835837 0.210221783083217 0.169811568382778
-0.0489793781377731 0.0323534960893519 0.170328155007997 -0.0953194353014447
-0.00473763193933125 0.0459988189321117 0.0485368773463701 0.253944960140137
0.00797636134628292 -0.0218215985660614 -0.229774852869343 0.196694690728738
-0.0179212311601124 -0.00688615216975814 -0.331669398140544 0.0495092518117592
-0.0172782587605945 -0.0189068016278177 -0.242376864274369 -0.440663403288304
0.0204842102269664 0.00237564056881002 0.470383147070041 -0.341448405508392
0.0203638290885441 0.0115388348675105 0.377333063104485 0.301079059686953
0.00357797041061568 0.0110047990010065 -0.11479243978757 0.237303860657455
-0.00101399988307302 0.00304164119914506 -0.0450541253721629 0.00540973946825501
0.0045368863956925 0.00467567103747399 0.194800702206035 0.0545918426872713
-0.00605936155743701 -0.0076288704934234 0.477243978096614 -0.0341250551052691
-0.0251878268803683 -0.016177836597449 0.43959595216898 -0.503370377178688
-0.00932275303981817 0.000952608197405763 -0.276070610426976 -0.510628189826044
0.0197027291963775 0.0279288865510479 -0.422072838815936 0.207216693433817
0.0140233286915649 0.0199286943681582 0.162832192400096 0.210469781889202
-0.0723179863366147 0.00247614111552819 0.17770589285718 -0.0669640674439757
-0.0294650805096423 0.0287643275677461 0.0449882791830458 0.265940925225818
0.0227584152552637 0.0147011878627017 -0.209205023462213 0.190950861255103
-0.0404470509248773 -0.0226898628884149 -0.343855347293094 0.0670963356010287
-0.0078048045822748 -0.0091186893030703 -0.24729459829989 -0.442362308746698
0.0144599618737629 -0.00234018215893836 0.460047142062161 -0.341979691884157
0.00774013575515173 0.00806817962624419 0.38383546334895 0.297328359067914
0.00787229899733859 -0.000103679055466344 -0.109399506195193 0.239849148186504
0.0134092071292089 0.00397732780848176 -0.0431636287685506 0.00713703137807424
0.0151280597023509 0.00959011919926787 0.191909562601017 0.0588495379461035
0.0104713133959231 -0.0177970619755912 0.475643928395273 -0.0219864110613072
-0.0172173515298264 -0.0173944002571169 0.44640825045444 -0.49560535471814
-0.0205426259365135 -0.00529089323248443 -0.259910715575967 -0.523998474296045
0.0325644373462143 0.0307921582537831 -0.418222664895126 0.209652886862565
0.00182441058157304 0.0276242159524213 0.145442080141968 0.217543897836525
-0.0922051258805375 -0.0269939928429413 0.173427500151803 -0.0610293797862775
0.0758545973971021 0.018781523534481 -0.111003410541595 0.100946497888168
0.0173135349841811 -0.0750199309158354 -0.18461952663669 -0.138801628944392
0.00459994811172756 -0.00678589360132372 0.254562353824756 -0.323649298727887
0.0390019705727615 0.0296702862298663 0.403345067445863 0.347837412009301
-0.00810554441292648 0.0233500964238466 -0.239925415842437 0.592573281947805
-0.0187276541249003 0.0109320995770462 -0.449260969884994 0.198225411742953
-0.0268869800623218 0.00268964581695169 -0.229892566929049 0.00657649340498992
-0.0162055628079608 -0.00112787164241784 0.0188187632270078 0.0040660205704846
-0.00393528573055487 -0.00254745951989785 0.0820083497503605 -0.238509606820123
0.0018771013080134 0.0165324523836133 -0.416732666563935 -0.296383591993103
0.0134958686608638 0.0128195694267397 -0.462438493876041 0.387050305135564
0.016911237178157 -0.018577740585693 0.278199901772342 0.474838123594228
0.0459089838984053 0.024126086609851 0.379011135204148 -0.0825927973243948
-0.0538573057494697 -0.0535002314365223 0.167064824553476 -0.244939306919608
0.0479219851286778 0.0134636833159929 -0.100987729856467 -0.263089694665175
0.0860805128530231 0.0349963205496125 -0.0849925720355374 0.127005335695346
-0.00249655064839643 -0.0857945353587234 -0.219666537481292 -0.0930408977315517
0.0109871629620433 0.0128025470602283 0.109799248654705 -0.392038172980476
0.0481054990153977 0.00270743699284892 0.502555811497968 0.13629404815893
-0.00353243920216966 0.0331064819504983 0.0174718506673971 0.608686668741875
-0.0180159200561053 0.0282503720436696 -0.362277799439518 0.334671695425016
-0.0333304645508253 0.00645887782110879 -0.233028814780045 0.0536773145081941
-0.0259625969928385 0.00143077254473137 0.00570138165896867 0.0053942953197773
-0.00381492620436419 0.00415732391036139 0.120087106771471 -0.21609791894385
0.0111583624734305 0.0237959938166387 -0.295275617691595 -0.409511424246448
0.00732957462277919 0.0181411916285882 -0.566263106616869 0.190262937985122
0.0282950183409112 -0.0194928434588417 0.0649055881748816 0.54717823307605
0.0279308313967862 0.045519493768812 0.390338220968232 0.0781865100278319
-0.0300712488398369 -0.0959680467147564 0.198439373782627 -0.213461274138715
0.0549134129839154 0.0356099693589178 -0.0498302279686808 -0.262686030390351
0.0870129675947543 0.0444507458835973 -0.0484363885653834 0.155944762676484
-0.02837208495011 -0.0875682705391291 -0.26257200013923 -0.0114114568660201
0.0270606754698904 0.0193738299039767 -0.083570807003755 -0.382554128995072
0.0327936209513484 -0.0241697929679952 0.477258318729452 -0.165788955151452
0.0145663978067558 0.0400662469744838 0.331975657304314 0.471795690919323
-0.00243228834525275 0.0430784013044182 -0.180673306612799 0.455442144109649
-0.0308311088602381 0.0159155832604228 -0.222268263444323 0.115660783733209
-0.0318541467717261 0.00223939040758592 -0.00871383061955301 0.0067471809650914
-0.00759518375573527 0.00874893091362219 0.161130638759601 -0.1743431038219
0.00767778276025866 0.0343244697486852 -0.0934063928940728 -0.498390661396301
-0.00387462413836688 0.0192855356883548 -0.586205026293601 -0.124338426161934
0.0369108514168751 -0.00359722581151563 -0.230936144955704 0.500656363782009
0.00237824218104316 0.0409071856588903 0.299539464961436 0.286439967370392
0.0158816338235949 -0.103622236733944 0.240532177164984 -0.156281621324644
0.0466573707214857 0.0563235270903471 0.0145079316321047 -0.244667176513061
0.075874183437918 0.0496018567310924 -0.00536845629227785 0.183039658359313
-0.044005883324566 -0.0783449512792786 -0.280159713234635 0.0957509827454001
0.0373887208428373 0.0122736173281194 -0.24797385639842 -0.27236599944873
0.00469056698066085 -0.0352554623845647 0.276827644666367 -0.40632922593697
0.0348656286696754 0.0320440083725146 0.538604904558604 0.178414505712736
0.0173787954837762 0.0418147998276883 0.04835708752674 0.486174068938015
-0.021016883527237 0.0248786154423081 -0.191915827907034 0.175177970880801
-0.0311718448646557 0.00323857167841432 -0.0233846985830352 0.0105834592415035
-0.0122659289680769 0.00961504175247005 0.190929623434289 -0.118341209234379
-0.00610010105803067 0.0370510325580529 0.14579280168765 -0.486744063912767
-0.0171776099888641 0.014901187912555 -0.414070254751925 -0.452838019499185
0.0321124885254628 0.0127945952863722 -0.480798065971762 0.273574654090871
-0.00816852124250921 0.0221180985991998 0.0936244405479188 0.430380600671022
0.051563230453274 -0.0733006217062061 0.272672108029638 -0.0659363848835036
0.0243722755529678 0.0668994549308392 0.0731368811115785 -0.212787331693243
0.0572149015372864 0.0525637948740792 0.0414538519115559 0.207204905663072
-0.0414732514961249 -0.0612821769734006 -0.259200301533867 0.183773633245981
0.0301602816047982 0.000217206058976967 -0.329188820705776 -0.112567637957005
-0.0192572060832763 -0.0330361042013967 -0.00193940747768607 -0.486123278211593
0.0396209664559636 0.0155548081385487 0.563196901513989 -0.141280723768537
0.0297262608753967 0.0285742181939699 0.251985860287788 0.410854401392817
-0.00856836239384746 0.026355833723177 -0.147293237507282 0.218940552514337
-0.0255308736260505 0.00455098090671754 -0.0349090874391999 0.0119960623316093
-0.0112606157353851 0.00630988457413333 0.206027538649493 -0.058775789962327
-0.0185595339919963 0.0270343658884648 0.336464489913653 -0.373803582995938
-0.0264337058929299 0.00556046492225847 -0.103464120900513 -0.633673819066915
0.0145370368943842 0.0176777207212095 -0.556173531562473 -0.0498317681680831
-0.00127081697017801 0.0109001907645741 -0.140143055494401 0.440424080524829
0.0548533546313083 -0.0295740729294612 0.272169526715825 0.0385253026958369
-0.00691137721943087 0.0620190451522099 0.11847498355743 -0.171053767262493
0.0329506834392035 0.0530511778006872 0.0799185298766364 0.2267417380147
-0.0230443138603064 -0.0451570333288624 -0.221583461813886 0.232383336358242
0.00680522049506152 -0.00370620055729427 -0.332488493898962 0.0292099029807202
-0.0279559309786699 -0.0270757037855482 -0.220613202313834 -0.440885758090117
0.0335040471424121 0.00397598995361336 0.474864959469942 -0.349306337533722
0.0290938706856341 0.0149369296116293 0.377335502827665 0.300751919201737
0.00183470494237627 0.0205377994678966 -0.10176938920493 0.245611609806711
-0.0154236904607284 0.00193990393725653 -0.0419266140342199 0.0134336465005505
-0.00479675197619057 0.0031712684008361 0.205727584196519 -0.0113146829915843
-0.0191128921803231 0.0108316027855722 0.435508888844928 -0.225980826736996
-0.0290237013755449 -0.00530658549050328 0.180295767250769 -0.636678117298224
-0.000578697034087483 0.00958342229365307 -0.477939901516165 -0.314066221768583
0.00996658051855137 0.0130163165554696 -0.303038010923832 0.360153341769294
0.0368543080365188 0.00174494656791434 0.239629361518063 0.124879652643359
-0.040711192559073 0.0435824137726747 0.147046391640183 -0.129932550678588
0.00489233197550154 0.0491106593245979 0.101634410961875 0.242644906547607
0.00310128977170969 -0.0226877793717991 -0.186663818873447 0.241199703665125
-0.0234970352084079 -0.00568514906102411 -0.3171025376006 0.113999197587235
-0.0214515881830214 -0.0202284639430309 -0.328980804857645 -0.383435612525118
0.0238176230087369 -0.00212887032419327 0.39391585243427 -0.433057236728796
0.0207523853994552 0.00647803403451839 0.430312687387767 0.224667163989563
0.00757282318551492 0.0109044021761499 -0.0722092026211458 0.255321629771341
-0.00125977715189568 0.00118088920226409 -0.0439331657702671 0.0147192034735314
0.0057284125356694 0.00314036612653852 0.202634823013254 0.0179426322787225
-0.00828345263937646 -0.00397255413595004 0.4646078465709 -0.126695141384657
-0.0241457234652431 -0.013646571134913 0.333528132366929 -0.583720173927021
-0.00917840329025158 -0.00162292401317336 -0.38202781719445 -0.448346626078495
0.0221120171231541 0.0233071670250502 -0.371486655808015 0.290765735465223
0.0188662656689723 0.0185235837875237 0.203404882959257 0.173910789253114
-0.071278029669682 0.0188554233792803 0.16011201313623 -0.102411188793658
-0.0218437032475077 0.0376654574922994 0.097629866221128 0.257276245792849
0.025481636934891 0.0133337215758114 -0.167712056445472 0.234024767298667
-0.049081259577989 -0.0171649119185141 -0.324641840017286 0.134715750926324
-0.00952517403997442 -0.0122819891219633 -0.335900417252127 -0.385324376970637
0.0169317845344698 -0.00523215969781559 0.385747161959346 -0.433381534492268
0.00969488590900636 0.00440472180747429 0.437803215652736 0.221778896697992
0.00839720323492569 -0.000130418326371631 -0.0647059691828208 0.256283851176482
0.0141050072548903 0.000208775708647583 -0.0421376533701664 0.0139390475688535
0.0177696422939553 0.0056169157554348 0.201569848497355 0.0228226185899148
0.0053767911593765 -0.0182239103890341 0.464021948980194 -0.111830293446542
-0.0159977121391072 -0.0151268363738484 0.342884105481905 -0.577646914377685
-0.0203489364882993 -0.00502588580260984 -0.365161474567248 -0.46707128761596
0.0355447595303573 0.0239191438802885 -0.367469961793121 0.292181032836838
0.00817994148682373 0.0280001236137948 0.187453752693482 0.184670147759379
-0.0965187986316337 -0.00586640071419697 0.157402293278662 -0.0952937557304664
0.0788424112342521 0.0160716283407616 -0.106780506270627 0.102855404427892
0.011306909153164 -0.0778011611837499 -0.190177949212509 -0.135716340315641
0.00267301683221696 -0.00845728131454295 0.244353090127064 -0.332310254562271
0.0389055594106356 0.0273822083243898 0.424412068369847 0.333607753610028
-0.00758248216876743 0.0231739101484949 -0.21991292983178 0.60711903459099
-0.0196806993221102 0.0130179997773419 -0.438996617307192 0.212979980270583
-0.0269304003593644 0.00526231881193478 -0.230066630062266 0.0128629743099657
-0.0196612564716618 0.00115398924796468 0.0197846584809123 0.000984221140388629
-0.00470215095282155 -0.0008119354292461 0.0763322038147209 -0.240571383529431
0.00355069876777602 0.0164498505779022 -0.425821423838808 -0.281002095723117
0.0144776753558794 0.0120703545527382 -0.448361975778657 0.407193948243628
0.0165757468373157 -0.0202383611152409 0.299004002742808 0.4653315650026
0.0466992585543234 0.0224342776268107 0.37673740028896 -0.100257553552521
-0.057741945488799 -0.0526506247465397 0.157173820053154 -0.254474964232261
0.0488170203185375 0.0104962586636936 -0.115428156494838 -0.261903640924204
0.0879309233548368 0.0314977157512369 -0.0788807832686019 0.129157973947236
-0.0105637451993863 -0.0887919608030184 -0.223299056514995 -0.0874160748901481
0.0110121429162186 0.00999667626560281 0.0971911781876167 -0.39703800695204
0.0465672685221675 0.000610822172185086 0.514502452966602 0.116003395483353
-0.00301183187343607 0.0336724024966766 0.0398223102558646 0.615673251787233
-0.0172129430413525 0.0317049849106158 -0.346159533851379 0.346502414819232
-0.0319781426414861 0.0100639512009992 -0.230497831944135 0.0600039452825796
-0.0295632339175348 0.00379937626061912 0.00682897868138078 0.00359512366039362
-0.00501601280739132 0.00561572782679236 0.113733387050101 -0.218972964286155
0.0131806937547116 0.0244861088116366 -0.311161069304552 -0.400780270852229
0.00957298153412155 0.0179202136489209 -0.557363193659762 0.211908212999804
0.0274947171507347 -0.020166768921596 0.0878263695886775 0.541738857403271
0.0299415178366795 0.0441145515775475 0.394744139075695 0.063807549689143
-0.036289900106224 -0.0963230626000994 0.187180302556201 -0.22414829403063
0.0574228827631636 0.0333210536931562 -0.0617158853906968 -0.262769980995999
0.0904800466907989 0.0412922936530646 -0.0402552992985702 0.157757423868133
-0.0357690830615669 -0.0885746923993606 -0.261825574985545 -0.00211132429602406
0.0288017712516501 0.0174853727898228 -0.100800546108666 -0.380878546347876
0.0300222318938108 -0.0264851683674684 0.477152343632952 -0.185431683523432
0.0169842768029872 0.0388768824476264 0.347844974538199 0.46692507252917
-0.000560677497415143 0.0452145843628671 -0.162354092251259 0.462521441134529
-0.0309343615405618 0.0179483788079758 -0.21869705834624 0.121005815733498
-0.0337909262360212 0.00431622983602649 -0.0100555053319274 0.00590241835599557
-0.00842203338970948 0.00928214427790591 0.155886452778138 -0.179608700050865
0.00978298920700716 0.0348514323448161 -0.112299874562204 -0.498542196739155
-0.00196920312736084 0.020259965468686 -0.589660403603853 -0.105116784324827
0.0382311106864208 -0.00564331751740112 -0.211166143325186 0.511379871188015
0.00410061639406238 0.0407596638767899 0.314080365138305 0.27509772934594
0.0102011037023119 -0.107160558756362 0.233364541462931 -0.168310917695659
0.0498361795889557 0.0543370210004123 0.00418819855691577 -0.247519546861567
0.0805382882999257 0.0467284129707445 0.00396309110330426 0.185744665681027
-0.0494985862766728 -0.0770480815728732 -0.274174390454921 0.105705117040628
0.0393284041700864 0.01009417356923 -0.263385998367805 -0.260412301391611
0.00136291227853901 -0.0363721433711266 0.265224450229264 -0.418468367708913
0.0364258354941581 0.0292168679847406 0.545052710607911 0.161105045436647
0.0187806446547421 0.0427524001546314 0.069566202251331 0.482861089266908
-0.0211537158370379 0.0256137623212362 -0.186033365402021 0.180820248495924
-0.0338306979905005 0.00583230803951431 -0.023375297680681 0.0103115986941785
-0.012101765101762 0.00944791126850595 0.188531885558894 -0.124742105555237
-0.00414655689082692 0.0391327418823039 0.129285923651 -0.49653214413099
-0.0165645030497729 0.0163501268793525 -0.4311678528577 -0.43916269568763
0.0330015005456088 0.0112861478768299 -0.473834992298644 0.292485431918365
-0.00694513404266531 0.0231790011382627 0.112691180753057 0.430917479656498
0.0465948611419762 -0.0765872701752127 0.269943829404359 -0.0773463451494988
0.0272076529095639 0.0666095184051479 0.0656711618124411 -0.217581105161509
0.061226877733708 0.0500483228811834 0.0517189370078608 0.208606044210338
-0.0459011638522099 -0.0624908067716683 -0.249100389189588 0.196800300414966
0.0305299576715104 -0.000788755217196185 -0.336985951193635 -0.0972063326888907
-0.0218645353381611 -0.0329731110086359 -0.0216720737589752 -0.484697920346879
0.0427294225424787 0.0141572565717993 0.556428685659535 -0.16146791329769
0.0298094072642905 0.0274297669929823 0.268222485194959 0.40087288616629
-0.008332549008975 0.02649394905787 -0.140153217825068 0.225641753975237
-0.0281088335151814 0.00627865127104438 -0.0352302534310686 0.0116743177369645
-0.0109404676937234 0.00693959704005735 0.205066083386356 -0.0658050921152218
-0.0172792578895577 0.0296508964269446 0.324732802514142 -0.385117431624708
-0.0279752972774758 0.00791903552324046 -0.125932985161631 -0.633284135984357
0.0156786809172498 0.0169063954187648 -0.562314868224783 -0.0323269206024209
-0.0020928711627345 0.00928051930797708 -0.123328703155269 0.448272632255519
0.0543930893702799 -0.0331351945869121 0.274059468878766 0.0294689748675738
-0.00353404136788171 0.0623091415503786 0.111987478880376 -0.175864259145983
0.0365562814888309 0.0525552092667988 0.0922178648848636 0.227079005359366
-0.0257520835235187 -0.0464224568267432 -0.209054196919876 0.244903995970158
0.00661993470531408 -0.00507545766302076 -0.33459357570957 0.044204450763385
-0.0305078956178838 -0.0267534421869298 -0.240355393167995 -0.429041928437178
0.0349233009669119 0.00207865584262745 0.460734840587125 -0.369850455673752
0.029082976693747 0.0130245742974166 0.387686038802207 0.286857574974588
0.00264321264656645 0.0197875372517958 -0.0940045691321719 0.250617644146129
-0.0171113509576705 0.00276735733594122 -0.0407870595793498 0.0148380223707366
-0.0049279661808201 0.00281981048046528 0.207259644903856 -0.018052323372837
-0.0181875028194979 0.0130768109608647 0.428938556859978 -0.24197472855551
-0.0300348795924737 -0.00449810961916762 0.15862735046163 -0.646471285720222
9.80535571560941E-05 0.00822845940461828 -0.493370467642534 -0.298818903985756
0.0100888688838394 0.0113621035327921 -0.290179262985896 0.373203772999279
0.0368212472640291 -0.00117342560371105 0.245855073074507 0.119050683842585
-0.0387128824002235 0.0449120422167118 0.141624405112141 -0.13568125580757
0.00938584876042249 0.0496512998076579 0.112870546488741 0.24249668085159
0.00337729021699013 -0.0248651029243877 -0.175441326712666 0.255117544422385
-0.0247037336833916 -0.00457490362165543 -0.316191111643943 0.129292066907394
-0.0225014162170512 -0.0208668287946221 -0.348154777607264 -0.365512838890092
0.0252649879644801 -0.00347246076196962 0.376783563735643 -0.454374836630863
0.0214881395223894 0.00516078635585437 0.437619743474374 0.207971344130659
0.00855392996397897 0.0100662203085306 -0.0655990790936259 0.258830474518963
-0.00249882817961357 0.000228731169663429 -0.0430408917809767 0.0162765216681665
0.00523535775349823 0.00300980365101947 0.206742895106899 0.0113855463214277
-0.00948806622245539 -0.00248779216002984 0.460123599253613 -0.141043153320563
-0.025709102643017 -0.0130056868603024 0.31379608612697 -0.598609492245379
-0.0100942286222079 -0.00166332093251898 -0.399523925843101 -0.435828354391597
0.0220993577635277 0.0208251875911684 -0.363824372639166 0.307114541387946
0.0182429007162437 0.0170375305264724 0.211929754805162 0.169907938837848
-0.0708662483233334 0.0212937984008795 0.156118966284567 -0.108343867327433
-0.0190993833044802 0.0388889184384178 0.111020740676059 0.255368921670687
0.0285850994483699 0.010316183299846 -0.155452181066954 0.244723022439294
-0.0501115819752236 -0.0151307599443269 -0.321564801686807 0.148665218823421
-0.00981107280678133 -0.012626942376406 -0.35307928728401 -0.367612278779143
0.0171858730568291 -0.00628023617567632 0.36437828037827 -0.453385818652684
0.0084717204551871 0.00279675784072792 0.445159906794707 0.204095111840284
0.0101853468652271 -0.00142089640512088 -0.0588387466238524 0.259806509449558
0.0133361110503264 -0.00188442432320497 -0.0405898002284359 0.0153648596386506
0.0174732445371808 0.00393733756312089 0.204788310482699 0.01836270553104
0.00312940055443441 -0.0169070910322458 0.460701006510754 -0.126967789126532
-0.0176039370848105 -0.0161550558798121 0.321376137600948 -0.588385886452409
-0.023073072699112 -0.00431914638686482 -0.385544466642757 -0.456237625997691
0.0361784129080961 0.0210886465750296 -0.358282645082546 0.307650898079491
0.00862519706429262 0.0274474545381346 0.196121310916903 0.181019054644225
-0.0960542530926217 -0.000703865219318316 0.154794282476811 -0.100504879556443
0.0783591997730932 0.0116041023694665 -0.101067307904507 0.105879825277086
0.00325584310852806 -0.0782678610604602 -0.196895056943523 -0.130412102540453
0.00178537949763373 -0.0110475596349036 0.228578589166728 -0.342469996871829
0.0400911513526657 0.0261299442623279 0.441534060399613 0.309503713982428
-0.00796029334326904 0.0243726904663359 -0.188494131058393 0.618373019982292
-0.0195180539114349 0.0155287812425845 -0.422249513446322 0.228202304549394
-0.0258660999001882 0.00869053033176496 -0.227322713889694 0.0213364411032691
-0.0201725274454734 0.00561843437657187 0.0177561430131156 -0.000998685624767466
-0.00447452260065753 -0.000201787212080634 0.06420094951735 -0.24141202591414
0.00692156916319469 0.0169757082428085 -0.435582251099625 -0.254338067682117
0.0153180219926277 0.0093727399524007 -0.414660806095116 0.429123876284398
0.0128070887578321 -0.0224792668628047 0.325653514436979 0.437631078012528
0.0474047518483837 0.0206170622075317 0.365029629783842 -0.122888039882712
-0.0605125084042946 -0.0476989584974607 0.135477287525877 -0.261632460586285
0.0524020896354028 0.00627444738565257 -0.132930953531483 -0.252507943523921
0.089828032755001 0.0263152347685709 -0.0695779461333968 0.132912716128853
-0.019496017608395 -0.0883400631816502 -0.229210579353173 -0.0803927844095565
0.0107460773330096 0.00828898696689367 0.0771512607164643 -0.398518004367354
0.0459706789583346 -0.00213577867489727 0.521010356171895 0.0882616361767971
-0.00333718818830748 0.0345589364784058 0.07394005123652 0.612271080939653
-0.0152239214004357 0.0335290233057459 -0.324598560901138 0.357964613594768
-0.0312781949294592 0.0127746166098762 -0.225824699896523 0.06726230544061
-0.029663922191626 0.00729284146599445 0.00399998022136704 0.00235743844242087
-0.00436835203652295 0.00684380690817521 0.10110116110952 -0.223236776063698
0.0181400995657175 0.0234096305706287 -0.329570241231645 -0.380296210639046
0.0109407615026615 0.0151278044406563 -0.537335209054929 0.243716833637684
0.0252043769512328 -0.0238652930474947 0.120907355063808 0.530743422192018
0.0314782122775388 0.043380594296078 0.393145708780876 0.0350182643490883
-0.042252473957692 -0.0916504084697655 0.168474257755559 -0.23313158978175
0.0619286785345424 0.0308884503984693 -0.0801524361544596 -0.257045200241084
0.0915618299023902 0.0353680051875123 -0.029945894002487 0.159133645335465
-0.0449543227184059 -0.0857878921642556 -0.262212893675414 0.00889368942024038
0.0284201648005137 0.013558437748806 -0.119706828783705 -0.371892815947597
0.028096741329308 -0.0277229531793452 0.468511572802237 -0.210948424766993
0.0182920241134258 0.0388734432449281 0.371092194261865 0.449162945959007
0.00133861280155081 0.0452627993175511 -0.136678751231862 0.46405707421367
-0.0294944243810442 0.0199929076743966 -0.210985071884753 0.129421128522409
-0.0339622247191519 0.00815887342452952 -0.0106279273510723 0.00500025052666588
-0.00765890055339515 0.0113053398061048 0.145341919052368 -0.184537173544371
0.0154016752770814 0.0355600970612866 -0.136341479825131 -0.485488527888105
-1.32929669879669E-05 0.0182582416725867 -0.589868116063759 -0.0699416516521402
0.0368746007496359 -0.0111562386759182 -0.176755602367318 0.517868741705848
0.00457755656197558 0.0413042418755302 0.325885500782933 0.252768192400467
0.00198565995855078 -0.104910905705118 0.218396311326801 -0.180297274486671
0.0551771153321917 0.0518599938200205 -0.0136429702433263 -0.247492065201665
0.0812181548783905 0.0415522219333125 0.0165505915977246 0.185105147383244
-0.058476986517783 -0.0749415011471654 -0.267953316650731 0.118184220272961
0.0381996556421044 0.00575351701126925 -0.274195643048911 -0.244908324920499
-0.00248437034549644 -0.0369704495099642 0.246368629001975 -0.430280832117135
0.0380563959236789 0.0267849087435432 0.54948748718237 0.13531945074648
0.020529001864692 0.0412811042930714 0.0917303057980905 0.477310457599504
-0.0199675478222894 0.0262305451123925 -0.174616323836318 0.187621626621731
-0.0344290879080002 0.0102494211120487 -0.0239733030186331 0.0103199079887955
-0.0110829378130676 0.0109535195676221 0.180017469962346 -0.131797350714476
0.00169032436137721 0.0397121761527713 0.101401719949016 -0.496223347339857
-0.0134816502421896 0.0167979435314985 -0.452394893588635 -0.411207626365594
0.0348434990724748 0.00561996735644522 -0.450226725751373 0.322190257980608
-0.0073047864411051 0.0211809931384098 0.139168607241115 0.417248870538244
0.0405877587257313 -0.0780140366311694 0.260768214063372 -0.0921975141364054
0.0334461265805194 0.0654565532450318 0.0486203651043948 -0.220926855656624
0.0637903232184164 0.0463461920559948 0.0656981793250627 0.206344231582366
-0.0525369591673192 -0.0586547104097569 -0.233986871311957 0.207677730835509
0.0286399722773621 -0.00397714197782883 -0.340333934413675 -0.0764268474647441
-0.0258075257679798 -0.0331219421709375 -0.0430834603090327 -0.481293533003806
0.0439616951297239 0.00976161625590934 0.542382119826956 -0.188429664198872
0.0301664109605882 0.0262201363661712 0.286135854031843 0.38635680567758
-0.00777113356232162 0.0254168929740679 -0.128663728815832 0.231725204125307
-0.0290877334249418 0.00835941883743097 -0.0342089262429315 0.0137789996248566
-0.0113173952439136 0.00648195820426896 0.199599812296922 -0.0742028850601542
-0.0127408972390275 0.0320013289248017 0.300644553477171 -0.399045370378562
-0.0253138176969709 0.00957025073863215 -0.162491627235511 -0.620858259258885
0.0184272362732581 0.013973512537614 -0.558076456294086 0.00710169776792834
-0.00197570812134002 0.00740488076823999 -0.0918725968616489 0.45135226180829
0.0490636361448305 -0.0352624506579616 0.272986482630174 0.0147550678383298
0.00134989346939994 0.0634020663491354 0.097678759529852 -0.181642077478669
0.0414215238271032 0.049304520410288 0.107622488724985 0.224173059820151
-0.0308776814099564 -0.0446364714988239 -0.192098521641737 0.254321013628998
0.00491523652869527 -0.00519154896407327 -0.332539872952314 0.0642382268653824
-0.0336915493105527 -0.0269517624470935 -0.259479448676336 -0.411320665707078
0.0364173242244431 -0.00203068246922755 0.434178469559833 -0.393521994999186
0.0282148647097858 0.0116846744442665 0.399060424411774 0.267148191177891
0.00277330141283299 0.0184682369622202 -0.0808810882348164 0.254236874261427
-0.0186570716314131 0.00445962101221513 -0.03993704211186 0.0151861093662378
-0.0048656064732801 0.00334942933308063 0.205433158291699 -0.0294391930009268
-0.0168032250530097 0.0157935500123809 0.409617069276758 -0.258773233025198
-0.0296548763313895 -0.00139943698597239 0.119092443999205 -0.651654300634598
0.00217812671194041 0.00792992381162841 -0.50720494264411 -0.263245384678654
0.00972654728300885 0.00775663250244359 -0.263787892210669 0.387886059913734
0.0338980117906783 -0.00260498605679963 0.2511890204238 0.105133452642161
-0.0339709452825427 0.048572287836744 0.131219980730986 -0.143528085890959
0.0146644566441842 0.0482648810082689 0.128417534350096 0.238190329905814
0.00094984932950055 -0.024817643826835 -0.156893818144021 0.263874372227948
-0.0260173620112443 -0.00276633628638077 -0.308701765759513 0.147308951460263
-0.0257477630585187 -0.0219747802489139 -0.363395232068063 -0.341912940888959
0.0266144636308459 -0.00729080212545489 0.346402302181813 -0.472973106050188
0.0189943761811586 0.00333487347992094 0.443334152252643 0.186481522069358
0.00876376494569148 0.00729691414593113 -0.053536694743259 0.262049642774244
-0.00431449461781232 0.000323122801185983 -0.0419996539563151 0.0179785416311915
0.00568523403787286 0.0023256823432161 0.205042663910114 -0.000359605769046525
-0.0096890676871831 0.00117495081004667 0.446750618774176 -0.160852448197585
-0.0258088781207116 -0.010158970532013 0.274533776632931 -0.611231923560581
-0.00862567230025209 -0.00111321104178387 -0.422651028043046 -0.406991070266888
0.0239821478965924 0.0164000364985378 -0.340814352633668 0.325423182061022
0.016603243535461 0.0145276440242397 0.220211676615467 0.158603032387483
-0.0679338499159643 0.0277116585517507 0.147188065429442 -0.116963671800597
-0.0142418825469786 0.0402589644937786 0.127235488386297 0.252871920943531
0.0277724580318204 0.00790239474438297 -0.137894365584724 0.253938401499115
-0.0530375094984155 -0.0114426410172872 -0.313543371252089 0.166375134781699
-0.0115923796656071 -0.0131903004006944 -0.371758955684592 -0.343218236411083
0.0190112591940524 -0.00862465573839479 0.338036761828779 -0.471702209361242
0.00793188765059849 0.00172577374848942 0.451013952812696 0.180453454105973
0.0114046385666242 -0.00226474316480485 -0.0482732352013704 0.261837262105322
0.0121487253595967 -0.00370209083626252 -0.0394754104347001 0.0169651904017383
0.0175698184719194 0.00418003157097676 0.206082467029622 0.00825346058817691
0.00128377422164571 -0.0142133801980261 0.448516969918048 -0.14593259225952
-0.0176040142351937 -0.0137709924671723 0.285028004371897 -0.602408586229423
-0.0204651754822977 -0.00326824805661422 -0.413060212680727 -0.426942189284325
0.0380470184128735 0.0155045026751108 -0.337532268963439 0.325538207664466
0.00894273617620027 0.0253756111903378 0.205317180319327 0.169209018296178
-0.094393138219404 0.00757535734713543 0.145844833681809 -0.109840109181578
0.078851844604101 0.00872965344024675 -0.097692073070566 0.107564088479748
-0.00139389380517294 -0.0784369396621842 -0.202114493104328 -0.129054145709266
-0.000985727073485676 -0.0107118749500338 0.223207548837957 -0.346307638955667
0.040045950293853 0.0253395541531988 0.444498647305616 0.297609012694943
-0.00921741691122548 0.0245612638627691 -0.173828115087589 0.62199384259089
-0.0187811081850725 0.0181046155783661 -0.412935910736384 0.23042931611863
-0.023509956652609 0.00970632633734519 -0.225243807642944 0.0214819290005573
-0.020191251739568 0.00802172425477702 0.0171977642189564 -0.000940160438542016
-0.00367105830905598 0.0012864253107188 0.0622602886315742 -0.239438078279499
0.0089993999903903 0.0165068105589496 -0.436658971257322 -0.24537418520491
0.0158480710877035 0.00866867415468625 -0.403199800239426 0.433670076046583
0.0124909500626152 -0.0230128497489265 0.331807578262975 0.427206117265558
0.0479402698386862 0.0197146455369235 0.359618675953335 -0.13264324950301
-0.0638256855014318 -0.0447445039694855 0.126353147060964 -0.264747313859021
0.0525550113721086 0.00459042466224184 -0.139389740692929 -0.249372056965849
0.0894092332927054 0.0239470219524039 -0.0662264748380967 0.131643965896948
-0.0234480415855058 -0.0862970465606577 -0.231828629091872 -0.0779014264606796
0.00912691677577442 0.00731854099722675 0.0725022363087475 -0.399646792039087
0.0455576233011756 -0.0029388198052892 0.519716575180733 0.0747236500208329
-0.00235415878830176 0.0355908522347622 0.0830859242611639 0.612261936702649
-0.014369553869011 0.0356503637294429 -0.314773336551338 0.357112703595511
-0.0298746179265297 0.0129170396574107 -0.224143871593719 0.0678739726788263
-0.0294247580344191 0.0103164855658392 0.00358961500442167 0.00306601036341004
-0.00512026917389153 0.00673788386878134 0.0999063160217503 -0.221645221835203
0.0191243291324771 0.0227715177030627 -0.331607583812208 -0.371570831315253
0.011224405790237 0.0156115994834084 -0.529419646128852 0.249134421069189
0.0239645384470471 -0.0254120298072513 0.131733394670524 0.526093697053675
0.0331195642689024 0.0433311520192279 0.391182557593883 0.0270261462624229
-0.0470981783861008 -0.0904474268954639 0.159610771654524 -0.23624270332408
0.0618299940586435 0.028848936058361 -0.0856689534039266 -0.256121370977503
0.0910648268925121 0.0336536352560272 -0.025158978206215 0.158357230728752
-0.0500722547212775 -0.0850791605861132 -0.262326477260161 0.0105809571152599
0.028061422391211 0.0124196993200021 -0.123745354660424 -0.367131839321389
0.0262467414420744 -0.0282623075691211 0.462012360223274 -0.222030097764155
0.0190679234732544 0.0383502444782687 0.376704907343032 0.444177334605092
0.00299208946428556 0.0459358225447903 -0.12790041253646 0.461529461851185
-0.0284126923166062 0.0209073318600355 -0.208244601828041 0.129667948696584
-0.0333855410326975 0.0112801135075989 -0.0126558025275368 0.00736297234967627
-0.00902315713279581 0.0106940517126908 0.142708333166657 -0.184332435984125
0.0173987512642854 0.0338552976227768 -0.144116854854417 -0.481682566625944
0.000172136403978656 0.0187571893477429 -0.58443730675908 -0.0606015811312471
0.0370377696008193 -0.0137666528782321 -0.166513077658926 0.522108282567056
0.00567591334033986 0.041317502459868 0.331143665680985 0.245315018226131
-0.00140384052489061 -0.105421901697883 0.211091548879075 -0.18443686201732
0.0553565934055206 0.050969325262892 -0.0187919745175255 -0.245551566708342
0.0811494941613844 0.0394963619573866 0.0218900313865065 0.184032705509955
-0.0633869000626085 -0.0727880925541545 -0.262598312576721 0.119943051238344
0.0376406385483205 0.00410894020125214 -0.275745353944163 -0.235905533547695
-0.00356931585361997 -0.0370553647138288 0.235981378437619 -0.435686843901121
0.0392635801268679 0.0255298395166876 0.547100732093507 0.127002206389953
0.0221686629850041 0.0412361855286971 0.100969462580003 0.468826523091684
-0.0198581769683053 0.0269674818040601 -0.171809085527058 0.188006477815294
-0.0341328270688867 0.0116913138333338 -0.0256370221430418 0.0114320091269013
-0.0128706445169029 0.0101129490793604 0.177018652046342 -0.131900341163145
0.00332885374846402 0.03841089571703 0.0912483662300826 -0.495234458524878
-0.0144871200444599 0.0181847865777834 -0.458206681938006 -0.403207438878657
0.0344342161371759 0.00455236970525341 -0.438775421280728 0.329371202136882
-0.00709152740615838 0.0220859829867055 0.148461621873692 0.414799768640569
0.0380473886186402 -0.0786798445983387 0.25827338174405 -0.0955356641416031
0.0339442435027896 0.064106088542143 0.0434463065728877 -0.221713417309767
0.0642746273460781 0.0431358879412919 0.0738018029594378 0.20472474056995
-0.0568170277436982 -0.058039954933449 -0.227448541684602 0.21025335622667
0.0290351360242657 -0.00560464994273367 -0.338751745524168 -0.0656530928743312
-0.0284232379341025 -0.0320530254210624 -0.0499996890621934 -0.476786159028323
0.0441531135394055 0.00759439856808799 0.532936970951171 -0.194416982118205
0.0308794594244906 0.0266665970827038 0.29222642665125 0.378168682208125
-0.00867628569297655 0.025893615438458 -0.122899452895982 0.230678237947547
-0.0288416807286653 0.00999533336144981 -0.0348985490873343 0.0141393442603437
-0.0116763157558508 0.00621065596462738 0.196211112144054 -0.075717647818365
-0.0105855294829356 0.0316375293952549 0.291205323392117 -0.400542433954497
-0.0253418740836773 0.0105086212543603 -0.171791265653201 -0.616677607558978
0.0186416983699161 0.0121422615928995 -0.553037588927383 0.017634700226545
-0.00327180607848634 0.00725624325298601 -0.0821315017874922 0.453523206154383
0.0465189671160337 -0.0362445988127632 0.272954897034889 0.0120185855089139
0.00152647076170928 0.0625027417698321 0.0929069931278464 -0.182992310456453
0.0422162431067394 0.0465322727796237 0.114537206108544 0.220380894855038
-0.0332271748414711 -0.0447690632067961 -0.183129701144004 0.256930344842998
0.00416224105283934 -0.00596547454391064 -0.32955459007203 0.0753110031171467
-0.0363643646421034 -0.0265707291158046 -0.262600814894527 -0.402460133482316
0.0366529489482186 -0.00482256468494569 0.421075363346152 -0.398300896304009
0.0280298570620617 0.0116704656998386 0.401195019621553 0.258851263896966
0.00145230378885774 0.0180382779034898 -0.0774354116763406 0.253066105915415
-0.0203810242106252 0.00551337273088523 -0.041155441977119 0.0159098748665753
-0.00637159329847478 0.00290804780071116 0.203106534552981 -0.0311602235587984
-0.015791827351318 0.0167722769765503 0.402968577706857 -0.262421224058447
-0.0295475199010155 7.03717066836973E-06 0.108255743067054 -0.64943190054574
0.00184718298369369 0.00701085737411376 -0.507767799567988 -0.251517326421031
0.00840988729442492 0.00757283831396104 -0.255088106923178 0.391417910578614
0.0317056314385586 -0.00341765743672093 0.254984971928625 0.10136826969875
-0.0338276707408823 0.0489528151091799 0.125680509874794 -0.144799095487449
0.0159307350308595 0.0463212912643059 0.138387214413018 0.23563945411536
-0.000974083068728343 -0.025990667367893 -0.146827990090047 0.265618919794948
-0.0262969252764334 -0.00252851291293985 -0.305160077550643 0.158384407228129
-0.0280642623504143 -0.0214422257451606 -0.365752716130405 -0.329614125886839
0.0261150680173638 -0.00821763063650483 0.333547575809558 -0.478994877768765
0.0185330560434518 0.00253587429119911 0.443654553490933 0.178371692369198
0.00775332259335909 0.00619920074479011 -0.0492194662617622 0.262460311461427
-0.00603130422831005 0.00110522718680511 -0.0417184970850425 0.0159016226115163
0.00465257129970468 0.00151634468537652 0.204423716475897 -0.0022530070859326
-0.00874402239943051 0.00205295307611721 0.44160106968778 -0.164325117171282
-0.0259645465535586 -0.00927141282406071 0.266824755806282 -0.609621428153601
-0.00948563779437643 -0.00145262417186304 -0.429819518946646 -0.398025353701704
0.0227774703900411 0.0156850628907641 -0.335489964319702 0.330679987392527
0.0140857213926967 0.0139345285798075 0.22438037774561 0.155656590081418
-0.0667362253748393 0.0276979862887351 0.14269601901701 -0.117742335216973
-0.0114124638368701 0.0384533766970741 0.136193118473201 0.250455416504069
0.029292301767616 0.00518891777288615 -0.12909943292909 0.256578381443911
-0.0540664254127004 -0.0101489394853468 -0.309795400390517 0.176911764788146
-0.0128104060881219 -0.0150073897119963 -0.376141941827606 -0.329681244523011
0.0180544906418479 -0.00985043541342569 0.323463003112494 -0.478570842642154
0.00579590111577487 0.000464520026784793 0.447678541189937 0.173500609183313
0.0102753745694547 -0.00458580778573325 -0.0439830090342726 0.262484167497557
0.00930313335648512 -0.00370957744521471 -0.0389743389136856 0.0157791526820592
0.0170670466804626 0.00329786530819736 0.206873132972699 0.00526175865023537
0.000432303927305273 -0.0122159939319809 0.443741884151288 -0.149856588470094
-0.0181826845043294 -0.0125791487355899 0.272985324818185 -0.600318341087853
-0.021418592038892 -0.00359896923085036 -0.41988502697744 -0.416962489404534
0.0373402623266552 0.0148152705950609 -0.328835389477556 0.331623267424462
0.00644769405515083 0.0240316310512945 0.210081621039434 0.167457530406195
-0.0937797524084556 0.00922156269796764 0.141998074428973 -0.111072986440619
0.0796899388482987 0.00868050735565277 -0.0995259125269938 0.109126312859
-0.00597611757697246 -0.0808989232500877 -0.211465487288341 -0.135605729016036
-0.00110771975151154 -0.0117956615840708 0.232341016591172 -0.358422335151889
0.041184424413749 0.0266606135300149 0.45625733381536 0.30445395026991
-0.0131354953608395 0.0275473233356772 -0.178260974273701 0.639253011553749
-0.0193912902062179 0.0186769436029446 -0.422584405763094 0.227907899342744
-0.023573909951723 0.0094584809027979 -0.231351660002827 0.0178590585615019
-0.0195528711734009 0.00966149588308943 0.0151600573856018 -1.32146374235857E-05
-0.00416223688440332 0.00117562940109892 0.0664120845270858 -0.243931284951367
0.011655457668227 0.0150358566095722 -0.442978407174864 -0.250397053450226
0.0147086241681025 0.00873627039567059 -0.405947221733075 0.438037842927298
0.0106952774170775 -0.0239063792593096 0.341386374114603 0.43154414616042
0.0508863818311019 0.0215912483017177 0.36636267316377 -0.137483980570326
-0.0674044855533303 -0.0442620518224885 0.124108746147122 -0.271012787395221
0.0560941940356162 0.00472833543673225 -0.146306313904009 -0.253711819539958
0.0906567445917899 0.0262339779278701 -0.0669297223045612 0.134362389456333
-0.0295074875543071 -0.0881335584166813 -0.240791423450627 -0.0821587554620464
0.0105024130815368 0.00579462982703835 0.0750140852416766 -0.413196265608812
0.0471844865418091 -0.00279840548890315 0.534036107339316 0.0771428710257393
-0.00502357413449079 0.0385364745863281 0.0867397292185303 0.632536364709797
-0.0148118094421917 0.0365830633174061 -0.323009045375423 0.35847539891539
-0.0286043537006858 0.0133919853135598 -0.230213197867437 0.0658824698757431
-0.028788176749233 0.0107052819155135 0.00110293240792756 0.00435913500486048
-0.00622839116424402 0.00782368828183136 0.103353595134575 -0.224269457732894
0.0220933669477571 0.021210500903159 -0.337118038927432 -0.379805707276223
0.0104949487589269 0.0150534598949889 -0.537014974735726 0.252177016095837
0.021668198495157 -0.0268836782775894 0.138919492138582 0.53369102933843
0.0348420535911547 0.0458870648649195 0.400749259728153 0.0251011760259887
-0.0497550593115679 -0.0903987692092759 0.159028324268207 -0.242230973160486
0.067093039042665 0.0290732491464368 -0.0907311486341573 -0.261937959398469
0.0924505541681444 0.0354338564402268 -0.0244747832264912 0.161628195870334
-0.0572319443938104 -0.086505038144919 -0.271657489221492 0.00844463995753588
0.0294813886158353 0.0104031276770689 -0.124677457889649 -0.378386659339601
0.0266839788911226 -0.0291987484908928 0.475624273001954 -0.22803770076489
0.0186273946545326 0.0413149238759413 0.387030840810079 0.46020200326984
0.00278612993665445 0.0474138358121177 -0.13195278667964 0.468470048261016
-0.028773080222829 0.0212510117693399 -0.213573397280566 0.127508248541715
-0.0331548104436941 0.0116343193677841 -0.0131477923072027 0.0085344210486355
-0.00996981374874321 0.010211292840316 0.147586296038588 -0.18698843936284
0.0205611307060215 0.0330858148245814 -0.143439263150538 -0.489987738767518
0.000142440439679849 0.0191431866817908 -0.597152350114335 -0.0635019199033876
0.0356911847441315 -0.0165842369969655 -0.162854348020271 0.530223644413118
0.00508637312900603 0.044656166291198 0.343024345500896 0.248977939723932
-0.00421199799119676 -0.105505747586467 0.214374493983438 -0.19015254741815
0.0601495978895104 0.0535708625972657 -0.022258704430919 -0.252260908641568
0.0834764985202182 0.0414704811398672 0.0249603038030163 0.187650831311382
-0.0702981873083769 -0.0727949709163704 -0.270450751000682 0.121072262873022
0.0389742311294779 0.00225276930425763 -0.280384863672611 -0.241907170294266
-0.00443762995238516 -0.0383580051123809 0.245475815641303 -0.450598137836156
0.0403804339544671 0.0277302652767833 0.561563251513283 0.13560564850795
0.0221529407753956 0.0451271213863054 0.101315461194008 0.478126602209392
-0.020136476247222 0.0286975303376354 -0.177286205296605 0.188053280055789
-0.0332196554301583 0.0131851349813212 -0.0273407160497824 0.0126276267268892
-0.0131783497698594 0.0105974523978956 0.180527381980084 -0.132867006127339
0.00507727391617316 0.039357112756895 0.0961120829736821 -0.503300193459115
-0.0138770591609651 0.0165637001159215 -0.466300375227522 -0.410997068702611
0.0353383363996246 0.00163796336698359 -0.443906685450379 0.33922006295377
-0.00923947791427207 0.0241787622518502 0.1550145863453 0.42403238946629
0.0365779889050666 -0.0782855095328727 0.264170565351122 -0.100137574798057
0.0359322490766922 0.0670455769102541 0.0408732532092593 -0.226182421788465
0.0662429234507997 0.0455307910270954 0.0775411941538684 0.208802104580289
-0.0635612466666272 -0.0580406228092523 -0.234043282262355 0.212679838175178
0.0288449422692863 -0.00741037775350629 -0.345342608822377 -0.0650225389935036
-0.0301687951822824 -0.033795812476603 -0.0509485423350939 -0.491463980263814
0.0465762089625687 0.00896290150565963 0.546167741272611 -0.198285537808931
0.0314483759473108 0.0295397707169981 0.297418139358396 0.389511231253256
-0.00813145547771759 0.0279286495178473 -0.127639425176568 0.23317259603213
-0.028642346906495 0.0109631388103126 -0.0377300814798935 0.0144139392046825
-0.0123328186691209 0.00715563637736829 0.199826330453828 -0.0763918120912217
-0.0099223235781284 0.0331283669734791 0.298452329553647 -0.404819946950129
-0.0255001366218587 0.0104352297599072 -0.175613987142966 -0.627835362491899
0.0194622029541075 0.0107062211046023 -0.563239655218586 0.0200797964103703
-0.00592549519121625 0.00701965886317653 -0.0786980863472309 0.463670779675503
0.0453310301201829 -0.0347675072627236 0.282801837121595 0.0111973406634269
0.00316477765566431 0.0659726937415252 0.0920611934350227 -0.186695944235233
0.043720047226552 0.0483728535609719 0.121745631713638 0.225309478328978
-0.0382488359662811 -0.0441863568184154 -0.184831612380498 0.261545681245338
0.00230020107029654 -0.00688928719490518 -0.33386082214403 0.082728964073
-0.0384665341730012 -0.0280790452336744 -0.267079566584857 -0.410516700632474
0.0393148884165952 -0.00460348542965556 0.428805823054678 -0.405518896110497
0.0277777609110826 0.0141035379579229 0.410923124901842 0.26771224605328
0.00115066866321428 0.0187135916893319 -0.0808267056997217 0.258094094720715
-0.0198032840096436 0.00840175827164101 -0.0428749598353903 0.015234577080261
-0.00582080886434238 0.00222697992039706 0.20583709985536 -0.0308272227829942
-0.0140293986624282 0.0194130541362939 0.410767807077788 -0.264289339538155
-0.0302392049048626 -5.64527584222714E-05 0.108615810363528 -0.66087562794789
0.00214600106948878 0.00560554914818252 -0.516812282594048 -0.255023334408463
0.00549152715695552 0.00576942391123236 -0.257632255395895 0.401992012634991
0.0304179771023473 -0.00101773891629751 0.26301037422584 0.104970030840627
-0.0352421623689882 0.052044478195883 0.125134396033876 -0.148091231685573
0.0179715663380085 0.0479542897633693 0.14471293576987 0.241144541416379
-0.00401601373907235 -0.0259532343725624 -0.147905406911583 0.272911849146402
-0.0290891652027748 -0.00201118309940092 -0.310312820812188 0.167023426909092
-0.0305899911749642 -0.0232694122509417 -0.374376414342145 -0.335171623865777
0.0290447277944136 -0.00907489460299683 0.335227720022985 -0.489686409158582
0.0174808300989007 0.00580726210779217 0.456374291101531 0.187256849836662
0.00698963397236744 0.00654141859890833 -0.0499506879198709 0.267144667224078
-0.00761789703195577 0.00273993994692336 -0.0448122746172649 0.0158402090370261
0.00453583045687322 0.00152351321324611 0.20732490931003 -0.00216037995008924
-0.00945593951136128 0.00398802252736185 0.451039416955705 -0.162534207169151
-0.0264952966925414 -0.00924246213414397 0.268876745369271 -0.619501814202462
-0.00950207705708575 -0.00199967050106137 -0.438304083411714 -0.401410414083821
0.0213876061312947 0.0137538701693059 -0.340323149609046 0.342923599008837
0.0123683142473453 0.0164329151282521 0.233506144086257 0.160567570460594
-0.067958805294838 0.031607333778185 0.144463438589948 -0.12157891537579
-0.0104231804763163 0.0403372182872075 0.142505566090305 0.25634402424616
0.0288024223756456 0.00566121750870522 -0.128545229146824 0.261588923721601
-0.0585758227202819 -0.00857792599292755 -0.317702193272689 0.186136512450109
-0.0157138196311939 -0.0169196201934222 -0.383412341350443 -0.337431502466649
0.0197375424092562 -0.0099740602376915 0.327092150307998 -0.493483008118112
0.00322978394079737 0.0026305825511119 0.460111256482278 0.181601238607518
0.00962181737196038 -0.00483587943267174 -0.0475017132761022 0.268474750816711
0.00795045800516452 -0.00262895624478874 -0.0405348881981448 0.0150113434696252
0.0171284091845428 0.00416355441088399 0.211116433219662 0.00512808455157039
0.000110948691929513 -0.01030402417329 0.452830354099308 -0.148100154265395
-0.0179825785665747 -0.0122031555400117 0.280727156234022 -0.614824304011736
-0.0211230793164701 -0.00409441468841712 -0.428673990872928 -0.42206255559961
0.0355390474891817 0.013020717385329 -0.334551731303846 0.339535250407294
0.00376911294998157 0.0257243752577812 0.216750139842561 0.173143451167308
-0.095530957140389 0.0117828108040401 0.144162226594416 -0.114577440921485
0.078829143406862 0.00566334979573394 -0.0927657890973278 0.11415787119905
-0.0143716414177118 -0.078270560875085 -0.222833159619683 -0.122053800404826
-0.00379861798053219 -0.0116915609455845 0.209404846384349 -0.375150694150014
0.0424585300486635 0.0239640621846919 0.473049856161434 0.271854454425187
-0.0124101163443547 0.0284130051618639 -0.134504840051309 0.649620438366026
-0.0157740062294773 0.0213408235473348 -0.405441594926547 0.24597343113283
-0.0213918567860562 0.00997104438815741 -0.230479495539584 0.0302836645269948
-0.0179236051803293 0.0121136641209576 0.0160093971373429 0.00182327616431067
-0.00667273774353046 0.00241961131342521 0.0557479172033498 -0.247267709087353
0.0129162691581959 0.0133931072463585 -0.455709280740354 -0.222941156701564
0.0146646198889502 0.00694656684942475 -0.374837035603788 0.463893135175785
0.00773451513567853 -0.0252883396582416 0.368944758813 0.405695051023007
0.0528922338422479 0.0172559514875731 0.353735200626366 -0.160493017881474
-0.071582216040043 -0.0382930979992083 0.106101001061717 -0.27522041211776
0.0545110711527929 0.000584307317096581 -0.162083478220264 -0.244282357902297
0.092471438067495 0.0207173626455478 -0.0580013443920601 0.136522367872415
-0.0375296556078047 -0.0838805117321359 -0.249114809487173 -0.0678517006334011
0.00916102257050081 0.00572465240299971 0.0491812946196859 -0.418872704590979
0.0467806821884858 -0.00537571059786836 0.535961645842055 0.0413597837865723
-0.00302138129484029 0.0392367693561729 0.128278078325448 0.624768439458202
-0.00977986663043547 0.037812563295461 -0.300627657785343 0.371759439384536
-0.0277880784898249 0.0139460364914778 -0.226108013134045 0.0788377969035792
-0.027292653309709 0.0130606158707559 0.00252674476783696 0.00722351202943842
-0.00668937255158588 0.00805965320528096 0.0914006412950823 -0.228601466701718
0.024678641549207 0.0183423176489733 -0.357169303575763 -0.359407881323765
0.0117569004134898 0.0141507204401168 -0.517510374314638 0.283637036831435
0.0196617382443389 -0.0299512508008094 0.171339618815361 0.522300269786135
0.0371962087399583 0.0423966317795591 0.400416043463152 -0.000654327622799425
-0.0576807436055342 -0.0856069754526489 0.142986902513844 -0.249783392080175
0.0667080583117791 0.0242587704678901 -0.107617680856536 -0.25465844334971
0.0950292430238325 0.0313160503289335 -0.0129501097265999 0.162335693512504
-0.0655775615899407 -0.0794837498150781 -0.273734643534593 0.0253804790187486
0.0290697492746627 0.00745533129145897 -0.14838918997748 -0.372667635403731
0.0232157931527828 -0.0305537417381206 0.458928170977604 -0.259036749579953
0.020087336384776 0.040799355370918 0.4167574159557 0.436615138733531
0.00792713273472209 0.0477534259255051 -0.10402206642018 0.468106850268675
-0.0264432538822343 0.0221219340353137 -0.206406225444152 0.139439152931085
-0.029883862837653 0.0137146278684424 -0.01339472605967 0.0124435934289258
-0.0107796225451045 0.0115713711701231 0.135687273414141 -0.192841953688877
0.0223837861138398 0.0299719122299671 -0.173604905255831 -0.479534195562172
0.000489559795014954 0.0189919679710649 -0.597618447604744 -0.0278011285704208
0.0344780971081098 -0.0191406416072409 -0.130241279407971 0.539849123163731
0.00840233833170362 0.042349266394575 0.356593399259482 0.227843739487403
-0.0116700752243697 -0.102811916127372 0.20174710605878 -0.202328176291774
0.0615170428517587 0.0495267343655749 -0.038010290112919 -0.250482012419151
0.0856439873807607 0.0379240507659902 0.0378572856855309 0.186158727808993
-0.0784434469386691 -0.0653136923137476 -0.263895550426855 0.137696942989845
0.0376398090242338 -0.00220049535031666 -0.293447683336459 -0.224064060071769
-0.00893895761434739 -0.0371075882304928 0.214246787125276 -0.465604495467527
0.0405920919735393 0.0243129207360063 0.568851391635225 0.102462222231493
0.0272318829498365 0.0420738573461587 0.129291950558494 0.466305983998002
-0.0177225066410112 0.0289020316736784 -0.166845713792315 0.19590577000911
-0.0310685959646524 0.0143941778330846 -0.0271286160549231 0.016643159743524
-0.0135254963468735 0.0117709937263461 0.172313270178152 -0.141190918849006
0.00798793691734019 0.0375586417647541 0.0652705056631141 -0.505311018819609
-0.0134142366079466 0.0182570792244446 -0.490469578941482 -0.383026437003418
0.035545340399518 -0.00194619573295198 -0.420142951912208 0.365044482303859
-0.00751894380304208 0.0239076834029438 0.182851368073552 0.41233528437487
0.0315940506425406 -0.0788389275404156 0.258703114018068 -0.114595666404499
0.0392387819997883 0.0652706605173187 0.0276727751210594 -0.226651893514647
0.0686298080302387 0.0428264191716439 0.092271881952938 0.203052906434941
-0.069971899703008 -0.0517565416854167 -0.219480171753145 0.225573085508279
0.0269044464281101 -0.0101324255771855 -0.344333343826275 -0.0428702991789895
-0.0344216803437959 -0.0314018811272358 -0.0797975191030765 -0.487273280602735
0.0464237130427084 0.00345873440355009 0.530855367355381 -0.226811701207138
0.0341229681966304 0.0269276390075324 0.31944066338075 0.365252125213154
-0.00678401679860077 0.0287824112960785 -0.114907060579484 0.235841957877861
-0.0264812735896958 0.0136642371807039 -0.0376509726770554 0.018748923025358
-0.0122108820348366 0.00694839405616394 0.193739941649564 -0.0870751004008003
-0.00786754418782741 0.03191287245075 0.273269600743012 -0.418767428466708
-0.0257016460347012 0.0123438461456417 -0.215359505475076 -0.615535281726979
0.0194303457190109 0.0090659341043204 -0.557767330709256 0.0531263053238395
-0.00572091327731032 0.00734180219819515 -0.0487887521982484 0.467788095261438
0.0435236186324579 -0.0360134761137928 0.283085233748297 -0.005180449486351
0.00557397818977258 0.0654780824706298 0.0797622356346773 -0.190799654029345
0.0452190117451958 0.0467697012501929 0.136701945818427 0.215963090338521
-0.0426811712253684 -0.0411177977800965 -0.169391872156681 0.270434088269862
0.00181153557247027 -0.00867391903163506 -0.324278739407926 0.10489706771282
-0.0423895937205842 -0.0243880376032271 -0.291152131492351 -0.391769184248717
0.0377941467173494 -0.00819780900835525 0.397424374690092 -0.428818869755819
0.0291011312406301 0.0127881890928928 0.426086610732461 0.240130476092626
0.00216336834288883 0.0202821898692236 -0.065981723744586 0.260008490661906
-0.0192226627761313 0.0112092052817822 -0.0434867732763932 0.0189145171981176
-0.00642668070015615 0.00323096595497637 0.20292625618474 -0.039855625129251
-0.0127457330476851 0.0187763576430661 0.392222188485361 -0.284267924608635
-0.0298470751383579 0.00191620381818971 0.0684170866560324 -0.664845556781892
0.00344793634799783 0.00615193254476314 -0.529300395806428 -0.223571519794865
0.00692065672934303 0.00655873665792204 -0.230895172042578 0.416891763901172
0.030308793986272 -0.00215967451623227 0.270315525284294 0.0898949255517317
-0.0324151703274767 0.054598826862791 0.116243817241315 -0.154154093939165
0.0199446359946908 0.0461244186795826 0.162667851140091 0.231384638328869
-0.00738649491333468 -0.0258265340825888 -0.128127233801966 0.279034847998139
-0.029272826095636 -0.000233620429802051 -0.294816382645413 0.191275272556503
-0.0344189398957033 -0.0212011268147356 -0.392348061285446 -0.309982155853991
0.0283714376984061 -0.0117475991699405 0.299100573468175 -0.505761813202791
0.0187921996099005 0.00538365940855203 0.463380138619369 0.158126404129773
0.00580275037288063 0.00738909176028034 -0.0346003859379897 0.267560548025134
-0.00705934203712523 0.00549404866353214 -0.0444282937862002 0.0170866988465772
0.00385505927358985 0.00194895470137563 0.204463399079082 -0.0149555879865727
-0.0077412413581546 0.00544138302787505 0.437012525510291 -0.186810024358367
-0.0269808475428122 -0.0075372049378942 0.231876748887826 -0.632975337430941
-0.00984715723815955 -0.0015456071856948 -0.4622669635712 -0.375063617887332
0.0217805370417425 0.0128672345696367 -0.317224665656602 0.362486730475918
0.0117069044047529 0.0177395186751549 0.244473522898426 0.146380904203606
-0.0667268056158158 0.0358720716368267 0.135105803708609 -0.12863501922126
-0.00875433254046583 0.0396254238096907 0.161832941437098 0.24671542694547
0.0281297441251995 0.00244540041773145 -0.107927988700893 0.267524149966626
-0.0587430616084162 -0.00423414496763755 -0.30209787829248 0.210930880550909
-0.0175171033144413 -0.0155772169982101 -0.400380723226844 -0.309183835319136
0.0180804016425328 -0.012897258232025 0.29037292267959 -0.506543835749946
0.00390159540380773 0.00294317519565213 0.469364452050321 0.152875443752939
0.00913291348817244 -0.00518548033199178 -0.0288245596005974 0.268584414685222
0.00809106693819046 -0.000662949114237284 -0.040360661913278 0.0152965739558381
0.017021413752157 0.0025869781827644 0.210334861158676 -0.00805528761984188
0.000153726113864758 -0.00920782295967112 0.442325701169408 -0.173889933942101
-0.0187402645336467 -0.0123454647971664 0.241064584456059 -0.624332334597314
-0.0228616971412092 -0.00178747422348469 -0.452727238555925 -0.395532316170524
0.0365638879235367 0.0101771279977189 -0.313137025019319 0.360581354642697
0.0038470327344553 0.0271371747053141 0.229605362210608 0.160119900884355
-0.0944429476291373 0.0166173586314709 0.134650561602535 -0.120313354306715
0.0789550458386379 -0.00409268877959243 -0.0726932630954631 0.123402481131363
-0.0280637275570149 -0.0701358226215204 -0.235880250697378 -0.0821856528330289
-0.00755390900529379 -0.0109594671492098 0.14767455769095 -0.398025227227887
0.0454635218177122 0.0155541562695319 0.495388667710192 0.196127563258535
-0.00854322144734463 0.0322608915694657 -0.0296777189755895 0.644605438437279
-0.0117336538524527 0.020639414020587 -0.357220095909576 0.290519071605941
-0.0183714271780595 0.00996288302674207 -0.219379473935492 0.0610612042869888
-0.0152425974252847 0.0134926670914999 0.0164977826249962 0.00114516914402566
-0.00492646991681182 0.00307050258563618 0.0201086344523466 -0.245848799836819
0.0159547383770478 0.00807458794841917 -0.466055579106933 -0.152173123173086
0.011276179901283 0.00532944379735734 -0.291363535507088 0.493894695425777
0.00338342856133701 -0.0233666237650308 0.411887331247049 0.332906930083585
0.0549237462185948 0.00765961362447601 0.313215446295054 -0.205753827716564
-0.0742084265324481 -0.0251594690799282 0.0599049885303892 -0.280192933569582
0.053019173183697 -0.00892600574899296 -0.192538212329401 -0.210109078394732
0.0929018566577145 0.00849422563761446 -0.0363697522145402 0.140643241052839
-0.0509632851609621 -0.0715115924503809 -0.254187314492248 -0.0255491232159428
0.00727723791046797 0.00334371693144567 -0.017018197708158 -0.414394803423563
0.0440789515624586 -0.0142593439493535 0.523148654884407 -0.0394836012037545
0.00251585201511014 0.0414127015399591 0.219415136080044 0.58281812032068
-0.00419520150400679 0.0350864912056104 -0.238097386054825 0.397909595474922
-0.0251586670750894 0.0152556259617568 -0.208467790414393 0.107615866828966
-0.022442467912703 0.0151944175089396 0.00398689282573153 0.00895729699153604
-0.00651433002001936 0.00937534001485801 0.0579756339890321 -0.23262978022967
0.0270188732773089 0.0106510418162795 -0.392574512130718 -0.294394433853505
0.0100786196541988 0.0113641966668945 -0.456566392543248 0.342963085738508
0.0125489306980387 -0.029662584498809 0.240577865186302 0.47638991163719
0.0447862651587738 0.0351693403007249 0.382763993313555 -0.0602420838068107
-0.0670971478814082 -0.0725367035878531 0.100210818012254 -0.261779529870828
0.0687674028654109 0.0125774634814079 -0.140584510135443 -0.230588429223349
0.0981326538961872 0.0179660566905579 0.0109261483397356 0.15852219080981
-0.0770458111319304 -0.0619413993002584 -0.263410991045792 0.0679368320057834
0.0268051658165252 0.00243164702079837 -0.199547827730448 -0.340964490553247
0.0182737500047818 -0.0343279908126715 0.405338906406222 -0.318380998466783
0.0264746292322819 0.0379801248192544 0.470057637306272 0.360199145504482
0.0150898025439156 0.0426005376952698 -0.034530924968187 0.463954217479724
-0.0227537181803209 0.0233238704081529 -0.180158062799227 0.162001560398829
-0.027474819836032 0.0156472166987385 -0.00913700498385952 0.0156209336569206
-0.00773143790610218 0.0132494356744701 0.105632611370175 -0.204089355053695
0.0281823848124515 0.0233347687181772 -0.232413830822172 -0.436889921157885
0.000864201766545544 0.0168645870775763 -0.5778990250736 0.0567862005404766
0.0278253150596864 -0.0236172081301061 -0.0442839131819554 0.536827524097082
0.0158306925221559 0.0400735115874533 0.375007345305054 0.164429912055393
-0.0248245462760566 -0.0959958181239992 0.162827301219268 -0.222734751622835
0.0673001013915601 0.0377985116284586 -0.0744043403095197 -0.234803851864999
0.0921341578940943 0.0248977935940792 0.0657224378250079 0.174865691012319
-0.0862758276840726 -0.0455330159073296 -0.239460520797117 0.174295355892711
0.0333703242035372 -0.00709264469867965 -0.315483204741295 -0.178099817146762
-0.015722960966534 -0.0342715075731113 0.139824260224859 -0.481557909796835
0.044009082498643 0.0177238837460664 0.566822452972382 0.0168610068582137
0.0323394354096861 0.0365153090845898 0.189653732863572 0.427219589376872
-0.0128684199568834 0.0289228095847996 -0.135364575950753 0.212078677615339
-0.0265752150620939 0.0164576990279323 -0.0219018740011703 0.0221360087736925
-0.0112936255998716 0.0124653610121561 0.146114573868978 -0.158139112874231
0.015241735299799 0.0335539458067287 -0.00927079360948934 -0.49329802946358
-0.0121280378720559 0.0164675533909558 -0.526958914861765 -0.298092197447484
0.031893958044284 -0.00835509553223594 -0.348105820189331 0.412118479860652
-0.00394054463360191 0.025471673491741 0.239040191083658 0.366993553680788
0.0199606047046264 -0.0806287640895774 0.232502460434719 -0.149077228542574
0.0490303159436724 0.0559121028815766 -0.00770602156705321 -0.222145857098807
0.0748671375861096 0.0324387141280613 0.121151805288663 0.184382886915504
-0.0758615764745235 -0.0342411862426313 -0.181487451503012 0.250553365537819
0.0230377378661185 -0.0139515657886383 -0.336714207733176 0.00617972600174769
-0.0383858252084568 -0.0239788084750523 -0.147664421081623 -0.461371323866746
0.045803476626997 -0.00444520733688011 0.47913068455925 -0.294104646606079
0.0372452072946084 0.0221950908501031 0.360922165097678 0.301307681158442
-0.00207615775008715 0.0275435778359178 -0.0791317089051501 0.245635227998694
-0.0222658727014967 0.0162661872575261 -0.0326236796899736 0.0254797161848866
-0.00995095864242101 0.00853261309604594 0.172633818652144 -0.107708655103315
0.000513635375302957 0.0313489937842728 0.203812726929537 -0.437265916105069
-0.022302145187674 0.0115924795887508 -0.292444637656351 -0.55904887945017
0.019249967830206 0.00381167160736056 -0.526191849239494 0.132538290358822
-0.00532087579044352 0.00874194760651955 0.0225548554152785 0.454216368720415
0.0390378442104377 -0.0396956076286655 0.274140913225988 -0.0467741071088379
0.0152339619529775 0.0623424209009197 0.0484230004923098 -0.19350143865702
0.054643911391602 0.0384240982209613 0.167905970197483 0.18975210145112
-0.0476900755294482 -0.028956007483805 -0.124129407861967 0.287200501485462
-0.000593866331784382 -0.00773949466919015 -0.293019393575119 0.148703872986607
-0.0469770742674515 -0.0161919589087311 -0.337749467160944 -0.337811680606607
0.0373600673860625 -0.0162789638507141 0.319086683869743 -0.46847568789041
0.031419239028769 0.00938254465834679 0.446521616976588 0.165757721543535
0.00590482207225126 0.0190637125915927 -0.0295681178389201 0.257943355917526
-0.0143699412244771 0.0135611870859991 -0.0399563735558648 0.0259461986424524
-0.00533847961427739 0.00370270325813041 0.187380978929845 -0.0662206448110665
-0.00686485218936562 0.0207595603379807 0.337752531405054 -0.324161883759599
-0.0265320531217651 0.00310431380974335 -0.0283945885983512 -0.644565954498917
0.00255476381793174 0.00298134814440849 -0.539133859968938 -0.136842781143804
0.00447504343170431 0.0060450762037413 -0.160286995005311 0.433097132860272
0.0314241968327223 -0.00447465408536037 0.275420118096304 0.0459565729541875
-0.0226179887201217 0.0572110025092123 0.087405637594206 -0.16248701904171
0.0280775398923581 0.0421665294623148 0.193885642669501 0.199649665117399
-0.0107668816009257 -0.021296833750349 -0.0841153500251813 0.288071037788061
-0.028753085764966 0.00629124962362113 -0.251295553943472 0.228474032128516
-0.0375426041953634 -0.0133444150214497 -0.422166042551959 -0.24049998501395
0.0253719037348623 -0.0172691862639852 0.208868036048625 -0.52985256818941
0.0189472698019846 0.00510845402783694 0.47297070104843 0.0841013992848374
0.00834168635768657 0.00562260768440237 0.00227406453918941 0.262311414314316
-0.00393665534808559 0.00740643315397467 -0.0422241084624104 0.02443582683494
0.0047322855992147 0.00203913592143975 0.19492443417174 -0.0417470420579494
-0.00459617153855322 0.0069638922552122 0.394900225144573 -0.235836681704008
-0.0232667799582002 -0.00578374571917792 0.132063334249473 -0.637548839246331
-0.0102334985686097 -0.00159267610701728 -0.493048156705963 -0.295477699716376
0.0207581251952731 0.0104588584472408 -0.250391600522057 0.392784471215329
0.0151463971122388 0.0169498706892646 0.258842941629974 0.105133135920938
-0.0579046779319626 0.0442859144022278 0.109484272909217 -0.14102677971084
-0.00131167492591739 0.0391011526974914 0.196173378909177 0.214636386133226
0.0273524397995869 -0.000189775808278262 -0.0646980532466259 0.273721901513406
-0.0578259898384684 0.00599141592605059 -0.253492375352079 0.25193541633716
-0.0212140943000946 -0.0113525938381382 -0.430970683641719 -0.238491109449763
0.0168303958634451 -0.0156477072537982 0.199836479237102 -0.528617018746962
0.00471391363485024 0.00502039724174456 0.47707603010956 0.0800154165054131
0.00820705977252165 -0.00667495543478893 0.0083992154054626 0.261839795565136
0.0084983604810913 0.000776426204165684 -0.038295052687429 0.0205175587108442
0.016839197050928 0.00179784889669594 0.200564114467517 -0.0366679226130064
0.000209042148508254 -0.00646419565427839 0.400386826594588 -0.222180722746817
-0.0163089296798023 -0.0116741590127696 0.143461631944249 -0.629943718176803
-0.0223200573296459 0.000185331038657699 -0.490993922611845 -0.315079495466982
0.0348231585227085 0.00610999487162815 -0.248255091397943 0.391923181926929
0.00811470604819763 0.0282183689514936 0.245925476931941 0.121095033962191
-0.0869958594466836 0.0298665492357531 0.111821023998776 -0.134505348461043
0.0797079721962321 -0.00583876148158874 -0.0722212964733973 0.122619010052287
-0.0280326630850394 -0.0674951618299168 -0.236787482980874 -0.0780540152365622
-0.00727953120988076 -0.01039109320915 0.138335152465315 -0.400884880539467
0.0458525650062103 0.0145204496523866 0.494396527877494 0.191324455732846
-0.00805221511671514 0.0338138814917603 -0.0255306489434795 0.640085723898633
-0.00880763940456435 0.0197805147642742 -0.357955847783351 0.289095144152479
-0.0184599517902678 0.00950425929873173 -0.217902148462046 0.0621188955622681
-0.0127201274254085 0.0133055781869649 0.0172282465347596 0.00193308396655421
-0.00523513716621399 0.00429688502777924 0.0203198016905587 -0.246092243744299
0.0155860113258324 0.00511190068759581 -0.466233134457399 -0.147751592678881
0.0117297767878786 0.00591450164477917 -0.285994882388496 0.49473732997731
0.00160070769669284 -0.0244490310024883 0.413075846919047 0.330500835437843
0.0549448107217295 0.00578212513250948 0.310984868501712 -0.208196367523865
-0.0746511947235126 -0.0230230840107978 0.0568210970409578 -0.281357022315127
0.0524629319985669 -0.0100226575494536 -0.195514934305042 -0.209201538678435
0.0962107374894414 0.00717998034507102 -0.0339479530480918 0.139830218402352
-0.0515295049447558 -0.069230785664767 -0.253930691315656 -0.0209927185313509
0.00609233688148564 0.00412876520647909 -0.0259395481868847 -0.416528525206471
0.0442734118046318 -0.0144870732919716 0.519809264557362 -0.0423410987364821
0.00323440171665977 0.0434768879163664 0.224493033275262 0.579436233660558
-0.00160567631055066 0.0327773243132861 -0.240334998846365 0.395456950076667
-0.0248328759424309 0.0143282227019268 -0.206649275296167 0.107425564878175
-0.0225096281870978 0.0138854058819957 0.00576929539579362 0.00970663735585647
-0.00636480123816888 0.00985654091433775 0.057337019016321 -0.231673256753712
0.0273079607865872 0.00916373077423474 -0.394197931368347 -0.292887000237502
0.00959629745586487 0.0124379952694356 -0.452184921762764 0.345863456331739
0.011894498848704 -0.0299835440510068 0.24470783587493 0.473742157882978
0.0459378679807062 0.0337603614269053 0.38110552504486 -0.0641684021622876
-0.0691154251906098 -0.0707890949024283 0.0965369903764874 -0.264298972345344
0.0703094330047233 0.0113029960229524 -0.144244372799808 -0.230135564112644
0.101739255850161 0.0159206889477587 0.0132230144936709 0.158254709515712
-0.0774015753522554 -0.0579188147762296 -0.263663528609748 0.0723515496982376
0.0268923193214234 0.00241792552904786 -0.209277463106657 -0.340588300645675
0.0172712492320646 -0.0352797214582781 0.399524641119999 -0.322526762624144
0.0271509157784607 0.0385052692619919 0.474079944312762 0.355376635739946
0.016815626945255 0.0385986969757082 -0.0354646424226668 0.461099539508146
-0.0234018449675032 0.0214052489992032 -0.179034620987611 0.163393875911808
-0.0257745870269694 0.0133891127783747 -0.00742627834335093 0.018477137619991
-0.00904365052267136 0.0132001969846215 0.104813759031329 -0.201926337132489
0.0278051704174414 0.0226224623826496 -0.236366482289321 -0.434997500984537
-0.00023714138960074 0.0159286566681654 -0.579782474787455 0.0616925607931321
0.027131517704593 -0.0255084044302397 -0.0394783231193645 0.536726561839956
0.0153070470001567 0.0405086126846308 0.377695228866784 0.161845147218358
-0.0269718862809311 -0.0966089629900499 0.161852604972099 -0.227859907591018
0.0677546816342619 0.0373252260100913 -0.0766246320042762 -0.235321848095038
0.0948218798948607 0.0239681431888636 0.0677360140541919 0.174491234187111
-0.0867563479861644 -0.0428992823074808 -0.237052091953676 0.179085488891471
0.0329232311529183 -0.00749809851157188 -0.320955146227799 -0.176025104628653
-0.0158447917932558 -0.0342315534344512 0.1322886096576 -0.484437360255841
0.0455467457072032 0.0177811775269696 0.567377859346221 0.0126590512898874
0.0338235496730594 0.0341667840472267 0.187209297053238 0.421928810608026
-0.0122194314118112 0.0276410743671916 -0.133368997369468 0.213026366238277
-0.0266099198422271 0.0142766470093664 -0.0215076324399272 0.0233185908650996
-0.0111396880262617 0.0123168391314689 0.144838562521541 -0.156344262420277
0.0146418984459084 0.0321050094274107 -0.0120810198555129 -0.492442292725888
-0.0121498017443957 0.0167145018911614 -0.529176109250699 -0.293079905869017
0.0310267358025221 -0.008754621887311 -0.344049956804651 0.413332323537509
-0.00354894814185702 0.0249671760843452 0.242529609111509 0.366499905326302
0.0205915612850097 -0.0805605154211117 0.230123293472451 -0.152960835085524
0.0483609496165347 0.0558185990890244 -0.010369824130383 -0.221762139445152
0.079127598712978 0.0321501664533645 0.124459593000285 0.182981209350272
-0.07484668524122 -0.0304608835554016 -0.179546331934726 0.255440290912165
0.0218686711974598 -0.0141624549763547 -0.33652445025948 0.00607249789899893
-0.0392858033207973 -0.0227274127415942 -0.154274243830992 -0.46315524222341
0.0467061213269657 -0.00522175489616205 0.478585698090325 -0.295217321746664
0.0401126442773861 0.0200330221986397 0.358227682718776 0.297685931609049
-0.000790778417310047 0.0272273237722626 -0.0784462979976913 0.245217076098318
-0.0203923712057323 0.014482537094273 -0.0311887256059702 0.0278863409328402
-0.0107513517171234 0.00785991200923406 0.172568603335132 -0.104089631172864
0.000371636998914175 0.0306600188309938 0.200360103563265 -0.437730987215091
-0.0222957063840993 0.0116160051995448 -0.299528516201233 -0.554672518291625
0.0182414263376709 0.00346073161113748 -0.524262546654234 0.136283536232813
-0.00570972957657791 0.00895808692714769 0.0271460418661181 0.454632309307326
0.0395050980966842 -0.0398286039340368 0.275019773452633 -0.050645857376609
0.0152954081863344 0.0628379799038035 0.0460561174614265 -0.193351188644301
0.0569889819798612 0.0375391899445592 0.171349559013557 0.188558270604565
-0.0485738787605807 -0.0266340388143671 -0.12154365799606 0.289192441088486
-0.00189583697099869 -0.00671405143335264 -0.288660297241088 0.148658036103334
-0.0475063896947976 -0.0134206200528974 -0.340743522448378 -0.336094123442807
0.036575333719359 -0.01736527712428 0.315769376701591 -0.468217627193357
0.0330299515780303 0.0074422524693999 0.445507514183127 0.161489024883399
0.00607831303132484 0.0186450327196481 -0.028659950156629 0.25769524623931
-0.0118620825136662 0.0132641330531383 -0.0390256507088096 0.0282738547767367
-0.00580788151654657 0.00303312990235092 0.185028910201346 -0.0635286389548965
-0.0068028361113903 0.0204807816385867 0.334868943762517 -0.323481796659821
-0.026831439073591 0.00274874749508695 -0.0323214140975562 -0.643717511970377
0.00242304766460535 0.00301253571909111 -0.541467682186899 -0.135808103157208
0.00505527462606847 0.00574870486049292 -0.155481718096641 0.436533726633269
0.0318296346726166 -0.00355765040719606 0.278757637730396 0.0442624128926579
-0.022864718892388 0.0568212847121602 0.0865987030990006 -0.160701630139448
0.0307639643064856 0.04243022603788 0.197276802993945 0.196323883032421
-0.0123216802043071 -0.0198941513441817 -0.0812267509742644 0.288796785214914
-0.0296337285536015 0.00651720185275599 -0.242560279891064 0.230808931682582
-0.0379298328170656 -0.0111060959318136 -0.421679660468309 -0.237225182943671
0.0263597410086131 -0.0178041924152995 0.205744622106317 -0.526596190668775
0.0215988485622859 0.00414943627019383 0.471880970290992 0.0784008459451905
0.00894531497419143 0.00560334416892578 0.00242010038596767 0.260318918419694
-0.00116289842563523 0.00788484583786345 -0.0429989235935006 0.0252249188501696
0.00469904529674925 0.0011790764143979 0.192803245059929 -0.0400961595041652
-0.00389992520053204 0.00643925051745988 0.393893539964367 -0.235730922006719
-0.0239035694397271 -0.00576305761277227 0.128162359119778 -0.637096191148589
-0.0103075953784787 -0.00191832436307293 -0.49589025946851 -0.291479923244666
0.021461878072488 0.0105381534355454 -0.249540121230916 0.396876921194097
0.0164937178299154 0.0187750307587059 0.262686563294716 0.103085872762324
-0.0585335493708821 0.044623271869591 0.10848787828079 -0.140197355932692
-0.000114390196359263 0.0394589781968114 0.19969127183498 0.212590280150629
0.0265407809948458 0.000816947834453797 -0.0628456450555572 0.272193370631527
-0.058904939729791 0.00742360102420847 -0.246057194762556 0.254921899864239
-0.0212853898534194 -0.00994817763736967 -0.430174304486938 -0.232730454201188
0.0165303663161068 -0.0155792580167895 0.194156058202618 -0.525300358715449
0.00584874133834819 0.00491008722196346 0.476168404319381 0.0750699415879578
0.00913711745891903 -0.00566884432748359 0.00820716385145789 0.260130310584036
0.0120044786652713 0.00166893999842956 -0.0398697540355568 0.021970559082742
0.0179448921011122 0.00145512474649294 0.198624287615649 -0.0371327983307837
0.00171343132252899 -0.00706477067556007 0.39997213778148 -0.223497852110265
-0.0170794340588458 -0.0116132026172614 0.13976505840895 -0.632199873170923
-0.0224395972485349 0.000895113300784949 -0.493015420292322 -0.310946411389808
0.0352397174010459 0.00511376888625832 -0.244892605666829 0.39673356514282
0.00825389857574581 0.0291950779849767 0.250695841499983 0.11882695465612
-0.0867476162105104 0.0305752335215949 0.110499538687068 -0.133602670796707
0.0792835600015948 -0.0156881441667451 -0.0589811170868242 0.132238306175398
-0.0378392861791213 -0.0625372820524935 -0.249171262380784 -0.0458130666603612
-0.00916817001765506 -0.00770979270324673 0.0840969092636762 -0.420804865706873
0.0467385701256307 0.00981365492232417 0.521169195892339 0.133549781522042
-0.00533824241692068 0.0350796305732796 0.0547395199640621 0.641778778634224
-0.00813687804557725 0.016480511267993 -0.328275671664887 0.329801700278223
-0.0182684786306789 0.0105625676755661 -0.21229461338224 0.0862028769141263
-0.0105106183296446 0.0133199001436095 0.0183234671146328 0.000662126832620932
-0.00565382323858909 0.00735599317188551 -0.00686534764886602 -0.251548670726477
0.0159777462088183 0.0030200826353018 -0.483268450696401 -0.0973869474459762
0.0119887828818603 0.00490308143670888 -0.228831121238608 0.531040326109183
0.000118561710136576 -0.0254031926394709 0.451250647647819 0.282091617388793
0.0560400165464208 -0.0030158527234251 0.283055891886938 -0.245897814661709
-0.0799243358359773 -0.0124592952660427 0.0221394501163779 -0.288364251453045
0.051233135670443 -0.0179017238130267 -0.221798023790451 -0.189302342228142
0.098007618695503 -0.00601322704042708 -0.0186704811207287 0.146098375476964
-0.0614683989997693 -0.0605645846637643 -0.258029221562972 0.0129280327359017
0.00902504843105973 0.00479597870393498 -0.0847756130873234 -0.415630378559038
0.0411948881135454 -0.0185813368443091 0.518698194154963 -0.104673752193136
0.0074098924925681 0.0440496377422044 0.297470952568836 0.551731070193648
-0.000390252863288323 0.0286629721793097 -0.19793695657127 0.425362742160009
-0.0243542674448109 0.0158380733109846 -0.195721294235907 0.131380875767426
-0.0202140136932429 0.0148727383272902 0.00869081338291153 0.0104243505592743
-0.0060037142233747 0.0121990474068996 0.0331048475736312 -0.24062832055034
0.0267461753935182 0.00539321728466339 -0.429004067556873 -0.251086119166063
0.0104721944964815 0.0103768837090514 -0.415090149159845 0.398223906581022
0.00774641781013341 -0.0332818698420333 0.303431274123211 0.448142352969281
0.0497825675158859 0.0252116088254324 0.372526307486609 -0.109370214737972
-0.0795299564075238 -0.0624218790832556 0.0631691181149747 -0.274811682072596
0.0698658241145358 0.0024902121988468 -0.17289550022087 -0.214534873361912
0.104929859772544 0.00195041650474762 0.0339389924702304 0.159313105145192
-0.0849738466786145 -0.0465488263296932 -0.254488115927613 0.108303911504025
0.0273099634271097 0.000216321994285594 -0.257366286421638 -0.317372219974863
0.0129691712179237 -0.0352458110998621 0.361518966060527 -0.373935651492098
0.0311653864985495 0.0373856294977779 0.520497283408582 0.29678355044047
0.0174177966283964 0.0340463686437187 0.0127660904023383 0.467006513625768
-0.0217298551351307 0.0227955899164635 -0.160545803735783 0.184827683743671
-0.0253264044780227 0.015911577309549 -0.00393280225887899 0.0197921484398905
-0.00872880640302756 0.01457691217376 0.0825438746615999 -0.213840328524309
0.0300899693117314 0.0183975917263479 -0.286257704650784 -0.412341970725564
0.0029816575772459 0.0178172894194512 -0.575790300971567 0.129048052229253
0.0253339987623909 -0.0298613018162682 0.0261604893282628 0.544691078511879
0.0223315529638032 0.0362604505876543 0.396897355450225 0.116103087964853
-0.0396651042237677 -0.0937515065510869 0.131843626477501 -0.247025769683809
0.0717022285475843 0.0284776153639818 -0.105686100275265 -0.226736532382132
0.0998094176301998 0.0101204414136811 0.092221827483852 0.167799704250632
-0.0924541369717418 -0.0294840587784946 -0.215083027178623 0.213207938841211
0.0318723356614417 -0.0104548171094613 -0.351033400378773 -0.138731553368684
-0.0194604105232983 -0.0301260950887416 0.0687950778534183 -0.508850554893448
0.0483319005923847 0.0136396786548184 0.572366592987013 -0.0573937603988131
0.0346132564991229 0.0271674194975424 0.235383801613877 0.402769527333068
-0.0108361089578301 0.0277579585644276 -0.110818484167956 0.229164472620921
-0.0241194181419331 0.0158212362270632 -0.0160661748544388 0.0266975675610872
-0.00989179582471639 0.0138559705137852 0.129048323623118 -0.171661002829995
0.01840267378811 0.0303024280326471 -0.0679589195045398 -0.492581707734541
-0.0102821047011652 0.0185562923686096 -0.568446148563638 -0.231183570497643
0.0312901696828294 -0.0125421362217917 -0.29590101869257 0.453208090597728
0.00132792046644371 0.0242123666386823 0.287023328796689 0.337574328393189
0.0104699842851371 -0.0850710226029093 0.211271992645206 -0.182314495099313
0.0559764790935855 0.0512626444361599 -0.0369763216326304 -0.222307755112248
0.0844020000667507 0.0204398869726154 0.150379990551366 0.168800608155272
-0.0777740776838755 -0.0176340157349041 -0.147797074787689 0.281971420208411
0.0193296340998639 -0.0159961545878887 -0.341752376627333 0.0475020403066268
-0.0413888605387219 -0.0167105994280541 -0.218646554775981 -0.448637050258781
0.0472303356518771 -0.00934669647013022 0.443633022424415 -0.353963819694799
0.0401581931931244 0.014391815617967 0.39189181847729 0.256313913315819
0.00214786595014223 0.0266015029611998 -0.0521095501608046 0.256124744789643
-0.0182198318043147 0.0143234548643182 -0.0273590382597535 0.0316060995455963
-0.0104360631822793 0.00851036899710556 0.162760311617113 -0.122942748021873
0.00352361902365216 0.0305178883089739 0.151807901778127 -0.458918081552612
-0.0203499389448336 0.0140247227027473 -0.369088001965658 -0.521753411391879
0.0196889106325322 0.0021547684578498 -0.511411774025306 0.197630635734345
-0.00242586407074099 0.0101640660987949 0.081271159026708 0.452033159420676
0.0357172031164402 -0.0466623772157153 0.26934000299854 -0.08566318811325
0.0229810401521577 0.0609280413657897 0.0240179363641977 -0.197498513848336
0.064669129452378 0.0302556247553415 0.199218010955504 0.167177453096854
-0.0512528153643153 -0.017434469643156 -0.0875917523229065 0.308162946074807
-0.00178333162451709 -0.00612993061949773 -0.272931887724264 0.183444285709499
-0.0464428082538363 -0.0070906168547507 -0.387621824807253 -0.298790760134242
0.0356134803639394 -0.0211231910446931 0.2605238507217 -0.507234911736182
0.0344127290270637 0.00522539449018739 0.462317366427614 0.106515973256945
0.00910761817541378 0.0173365208969605 -0.000256544128406424 0.263817019144549
-0.00895319269537778 0.011345394398436 -0.0362184277582459 0.0325487854073727
-0.00493383069799912 0.00251483907790521 0.17967298351744 -0.0820750880728426
-0.00440970514423886 0.0195452775980052 0.299790463474274 -0.358859672243565
-0.0263689844415813 0.00628608092912964 -0.10958380966305 -0.641507396738131
0.00186496548116114 0.0034182908124258 -0.560236627135385 -0.0721022987478764
0.00698372966237745 0.00605396440924823 -0.10351775657995 0.454599080238106
0.0332450169772674 -0.00975411836582829 0.285839321255279 0.0107719575530001
-0.0158539057211151 0.0608110693885024 0.067889076904393 -0.16994567622655
0.0391804466179107 0.0386811346208006 0.225919883006027 0.171838095725719
-0.013422482775276 -0.0165406942386265 -0.0449268617873208 0.30163172908011
-0.0286686194189939 0.0114956711318888 -0.214018825572324 0.2593388035009
-0.0380969003276455 -0.00602902906172449 -0.457123337738046 -0.190501120273354
0.0256255620681602 -0.0214838250674032 0.140720191342973 -0.552167833186434
0.0224052546382529 0.0030251918711907 0.482923822305711 0.0185295291686574
0.0103982633133897 0.00437417603938974 0.0316768554857682 0.263529898464608
0.00158121431196763 0.00614967209683296 -0.0399861271942284 0.0314149643524019
0.00555928306330843 0.000360502630535078 0.188641672910776 -0.0591462541831989
-0.00240925804823498 0.00580463272239413 0.368142429219129 -0.277960196454894
-0.0236783430145082 -0.00307733173595677 0.0543605838037065 -0.653704636618129
-0.0115287155792284 0.00217629206228794 -0.533726873615973 -0.23497992399721
0.0244414183119091 0.00858817912300192 -0.203494891776272 0.427322359406226
0.0210398710327829 0.0155955166228974 0.276794269813604 0.0725247976305391
-0.0527229929290606 0.0517654182078158 0.0932488246528941 -0.151127308483192
0.00739760294513412 0.0407575785273531 0.231245791827528 0.18759998927413
0.0276205166204109 -0.000994165094647662 -0.027883687595859 0.281189744600969
-0.0580881463371573 0.0163517402757634 -0.21033047931967 0.285359632764164
-0.0217734962166769 -0.00689988198108316 -0.464634655514509 -0.183686605440127
0.0171895116892163 -0.018359367944297 0.12943519257521 -0.54744318936188
0.00723602579968834 0.00756553385103566 0.489852922760269 0.0137083907002916
0.00904103181065293 -0.0072186422200806 0.0375128661561341 0.26170141233729
0.0143785220331575 0.000412726665293682 -0.0388233392774765 0.0278676544018431
0.0177095225011971 -0.00109233338886624 0.194099300480548 -0.057987856150868
0.00161041697099148 -0.00651979608335821 0.376018353272453 -0.265499476089589
-0.0169650785658598 -0.00973866760035087 0.06768933070319 -0.648038700233377
-0.023665389158117 0.00575222504058053 -0.532201004874051 -0.257581958446605
0.0385762324021383 0.00185039442522741 -0.200045262899137 0.424522778301249
0.0145483557922257 0.0281321648202938 0.266970175809488 0.0885461763011063
-0.0834924065380178 0.0411728693779521 0.0946373374773208 -0.144162016030339
0.080102540420156 -0.0190682986043855 -0.0564649940482858 0.135858176641799
-0.0380431946915035 -0.0610997990314267 -0.25163727625913 -0.038823810037223
-0.00916608165900478 -0.00656997895351644 0.0705081917527743 -0.425407890992684
0.0490041623869682 0.00958382085404759 0.531926257576939 0.124617909239342
-0.00372117609693995 0.0360258595015621 0.0693842420205158 0.644813817104465
-0.00729642027118378 0.0152163777091129 -0.327061066417033 0.340801475902625
-0.0198416702426115 0.00953376375258714 -0.214548656439757 0.0905398613299808
-0.00973960086673855 0.0130697316806631 0.0220148538732744 0.0013808133153534
-0.00614849503381341 0.00904338704690709 -0.0125569127624264 -0.25590451244039
0.0152069812219899 0.00208547818798024 -0.494839661817861 -0.0863207000907643
0.0122302438910596 0.00469815179782553 -0.221453720209857 0.539529004676248
-0.00273151557322948 -0.0257780827904644 0.468081185490149 0.273490600124084
0.0557629088733366 -0.00573332318178965 0.27841949831997 -0.257209928620506
-0.0813965083316739 -0.00928009313730341 0.0120077088380808 -0.292587294357242
0.0493632339546234 -0.0187131572563259 -0.232810036153523 -0.184343416598462
0.099478955526021 -0.00896553980417893 -0.0141687692867612 0.147945223307867
-0.0619489936299615 -0.0592060427188505 -0.26019253047527 0.0213366824351277
0.00931011927124794 0.00444032384855688 -0.103471444671446 -0.414517285389805
0.0418368708853073 -0.019907767209669 0.519901571492576 -0.118063642095666
0.00969194828759882 0.0439448610779817 0.313381970719775 0.549443366267676
-0.000913549254875615 0.0277142556624643 -0.192993844616937 0.434594212168224
-0.0261542955532913 0.0154498151724402 -0.19685976755202 0.135408890364064
-0.0208975953464171 0.0137327753355283 0.0118664423450486 0.0107668097030871
-0.00662637444686279 0.013299168591253 0.0284754601074384 -0.245245231559781
0.0267174519386243 0.00395328238689672 -0.442542650256962 -0.241283959122241
0.0111196379786261 0.010903572319474 -0.413158689015022 0.41388264118499
0.00712840846357663 -0.0341861696246437 0.321309868230368 0.446984611948559
0.0513934304776657 0.0243680161664908 0.37393271406395 -0.120922844679734
-0.0822485137048688 -0.0595678564545901 0.0530921018166748 -0.279991439721478
0.0709955790575403 0.000868830806053359 -0.184823478067748 -0.213415533547344
0.107667228175396 -0.00118977714553144 0.0393580010697257 0.159608974438887
-0.0864066326131944 -0.0446759543743848 -0.255290180661615 0.118539127908795
0.0290502947862638 -0.000795563591124084 -0.274662415811478 -0.310179542220423
0.0122243653724451 -0.0356153755631828 0.353888314327498 -0.387950728272363
0.0339053311452379 0.0363353863623919 0.536290121598539 0.285163671370578
0.017747839874097 0.0321208749498004 0.0230470895107218 0.472399264159142
-0.0234248643189548 0.0240861789661548 -0.159653192115941 0.188932623372047
-0.0263727198534636 0.0143405682541837 -0.000448795677088688 0.0199271764050843
-0.00895650333924975 0.0152685518224523 0.0803233391310049 -0.218624871090873
0.029591207114991 0.0163536480403568 -0.303493402726647 -0.407642470288297
0.00295286261110288 0.0176642994524507 -0.581391991539184 0.145491446181108
0.0242921442008227 -0.0311724422383632 0.0438454748754438 0.550818603715987
0.0231209898255466 0.0367491416841086 0.407930176743853 0.107487779326659
-0.042365871480873 -0.0957045918880098 0.123782792622112 -0.252827010912518
0.0748347150617291 0.0273388110177578 -0.116693812913957 -0.228208579546564
0.102683580956459 0.00779225587411358 0.1003986962635 0.168255057522046
-0.092721059672927 -0.0265830914765968 -0.212526862832216 0.222596432710822
0.0343436863550592 -0.013026162585957 -0.36301223070383 -0.12893634211434
-0.0201209979537567 -0.0293855703049576 0.0546030869833767 -0.515303648320453
0.0496388421941619 0.0120647836736603 0.580121369311591 -0.0752850958173541
0.035426369488725 0.0249247359195514 0.244790084182646 0.404068062472577
-0.0117917271098621 0.0287628964245232 -0.106247981076807 0.231706601080631
-0.0260808567733567 0.0143846761465077 -0.0132520222347262 0.0275755176781996
-0.0115361984361628 0.0142815728461383 0.128397179111225 -0.174183350639868
0.0178523487095492 0.029129981303678 -0.0809830408670426 -0.494401544773244
-0.00960959742336973 0.0182316380564987 -0.583009185135247 -0.219540935400266
0.031044798420724 -0.014388536577396 -0.285977598653207 0.46898972174151
0.000470350869437907 0.0258120581459628 0.301106011851521 0.333102936263938
0.00818813572903512 -0.0881818966943065 0.208127983056805 -0.191500228666659
0.0579657754005733 0.0506115609733755 -0.0460004965280635 -0.224083406755244
0.0872961934271135 0.0184139344863618 0.159033088855564 0.166949143434636
-0.0776183986268797 -0.0150246464154156 -0.141738228849227 0.291808650683787
0.0214291165021362 -0.017192856951306 -0.347753250197442 0.0575323689833231
-0.0420620549473666 -0.0139177404921588 -0.235320781837958 -0.448194582922059
0.0472275951442262 -0.0107501637922564 0.441675426074313 -0.374321884162702
0.0403963907285224 0.0112758930848049 0.39930422577745 0.24931694186383
0.00200926229154675 0.0263030791992663 -0.0476004526619324 0.259846286390829
-0.0186874882846111 0.0122876161434177 -0.0254476820805154 0.0331093614381384
-0.0116668390064255 0.00837827832815174 0.162240327993222 -0.125653122682002
0.00338457277434562 0.0296656467359866 0.143835644635668 -0.466151494700989
-0.0211201909803455 0.0145597536174127 -0.385058417273665 -0.518676075016943
0.0201305621291909 0.00114465760442154 -0.510661019601704 0.212322912470508
-0.00365727980944115 0.0109521925102776 0.096991860523174 0.454843108850642
0.0358874640592144 -0.0496875567975679 0.27047341777749 -0.0945826955152469
0.0243847763802324 0.0633880287103322 0.0168679182257505 -0.201620754588145
0.0672746790014169 0.0297911921312158 0.207540292535317 0.163203680549433
-0.050304631297927 -0.0154896434142213 -0.0788882103513226 0.314738417712584
-0.00238365969457907 -0.00516600569022826 -0.272571505704861 0.190502194984905
-0.0477325844595867 -0.00426973313428951 -0.405168181494341 -0.291913438043334
0.0360988438298018 -0.0236846621135818 0.252374146944381 -0.52381500568899
0.0356233978826331 0.00154726808924591 0.468598539208058 0.0969755839042481
0.0099136143111898 0.016013238940341 0.00489336819724253 0.266695633904889
-0.00833748130973243 0.00904514203945273 -0.0348085138901653 0.0351582106184475
-0.00588690071684822 0.00261635440887947 0.179921659156865 -0.0840038706095258
-0.00377042401228956 0.0185341747404754 0.295950351373021 -0.367071627609463
-0.0260725003213957 0.00606232476989217 -0.127183409955622 -0.647623280067452
0.00331751307917896 0.00423690163743201 -0.570021761526249 -0.0601544128751629
0.00740786239116517 0.00684968824754431 -0.0924149969317306 0.465042561435642
0.0350633720049796 -0.0108674680330553 0.290672607512226 0.00142867873109746
-0.0157466510918894 0.0633545978559161 0.0641576951798466 -0.173327734880527
0.0406350514899154 0.0381782536391772 0.234554331812773 0.167327093556831
-0.0130458570348671 -0.0151193847987244 -0.0374097728332428 0.307261550969941
-0.0283653337362552 0.0132355935973651 -0.207430448737415 0.264554108553101
-0.0384482915717812 -0.00309272876289837 -0.46821138225527 -0.178844989317306
0.0243302750719411 -0.0242476146720548 0.130284557957203 -0.562063284227304
0.0239093038548653 0.000925155422655578 0.486659808816268 0.00517715748758937
0.0118910416476266 0.003888756777082 0.0378364487963864 0.264386211019824
0.00468303046001392 0.00529450629450162 -0.0399364756003837 0.0333016852536882
0.00462829425588205 -0.000697994309345303 0.189482803769839 -0.0617946498906217
-0.00149507941214441 0.00533158345654952 0.366648610256831 -0.285818147130455
-0.0237096500311527 -0.00367183254653979 0.0383488606509207 -0.661296366062976
-0.0105618813693885 0.0028775016382146 -0.546029961400173 -0.225509291623554
0.024892311148029 0.00786448868763953 -0.191745473770027 0.437600564337471
0.0229809528367986 0.0145950077788175 0.284442319984995 0.0639718649290431
-0.0525618354656011 0.0551544087546876 0.0895424053698517 -0.154002257032446
0.00945903490873405 0.0402933732927599 0.240109250049771 0.181600768518828
0.028457578302352 -0.00153364523953877 -0.0225121779213434 0.284350766909731
-0.0589565076186011 0.0207595170471612 -0.202677645855849 0.288694580384698
-0.0219963114655807 -0.0055780333104323 -0.476304923076397 -0.173717702592148
0.0169991016315559 -0.0198262843701085 0.118105874621928 -0.557432766017162
0.00885510495474664 0.00598499939371976 0.494107480937508 0.000684829794020419
0.00992758053798098 -0.0079503212919864 0.0432735644050248 0.262853231361647
0.0169829073689873 -0.00163546834276429 -0.0392337312408979 0.0292331731432552
0.0191384866231772 -0.00224411013637783 0.194886413014424 -0.0612081514109315
0.00294113044254207 -0.00747460892790982 0.374274554829469 -0.275303355838543
-0.0170977019213866 -0.00911343446158941 0.0533402498270348 -0.657504558974207
-0.0230036031942301 0.00755435462320519 -0.544575884507505 -0.247480368350068
0.0392550615807827 0.000379175698430392 -0.190462217667424 0.43744542797946
0.0165913043319577 0.028763615141992 0.275870824848225 0.0816407860358107
-0.0845531964690234 0.0441871504089557 0.0935574517162663 -0.147722772294073
0.0804171029036073 -0.019878113997467 -0.0526812169593952 0.14082369513589
-0.0406159379581887 -0.0633992446563997 -0.254403222858463 -0.0315531171382898
-0.00832235552180901 -0.00743111789537468 0.0576513106628117 -0.428343867491273
0.0523115367217181 0.00842488755386962 0.544325493689529 0.114624238475707
-0.00358351810187251 0.0396604078574997 0.0818241460410534 0.650552729226319
-0.0103141645934732 0.0152579764461997 -0.326838895797176 0.351461894970397
-0.0220287456563673 0.0109265406902112 -0.217117000386819 0.0948920715811222
-0.00965678801651277 0.0112324771941612 0.0253493980243584 0.00129434370677504
-0.00563615602449301 0.00954951293848831 -0.0165586644976431 -0.261717810839612
0.0134806235038725 0.00222322648918821 -0.504888963685272 -0.0802617116858469
0.0141296517690451 0.0079075802910756 -0.216384670544493 0.555328672723797
-0.00278013683983236 -0.0282039486122095 0.485098828206546 0.269802144835951
0.0562884906270285 -0.0108964047384772 0.276623081018639 -0.267707123268739
-0.084498474525594 -0.00666678292154623 0.00532887311334075 -0.298138713393275
0.047921171522703 -0.020278360691041 -0.2413917452496 -0.182766633171768
0.101947936868953 -0.0101053957493779 -0.00825920570620058 0.150853037328254
-0.0664323843852021 -0.0598596179935866 -0.261173129551556 0.0296546546210036
0.0106251724670378 0.00257230113927516 -0.116893120564419 -0.41106305956738
0.0445594325328444 -0.0219434829530011 0.527183620265 -0.131811505533686
0.0107508113120134 0.0475225456959453 0.328150322670488 0.55002160928257
-0.00310609606422122 0.0280941655146149 -0.187645637984561 0.444686574670815
-0.028962474552961 0.0162040185766253 -0.198096747221327 0.141320307820439
-0.0231504869622941 0.0128671606905858 0.0153598300761492 0.00966620500505448
-0.00703286197755397 0.014515960983862 0.0246700739840766 -0.249967802446932
0.0248403063480654 0.00313578823846992 -0.456814016118713 -0.239416866592377
0.0124515641130987 0.0142391224180224 -0.414356864118059 0.431555600458745
0.00597596971184993 -0.0362188811778429 0.33986004297951 0.447652162514004
0.0541557622065354 0.0203213234035048 0.379991301135822 -0.130479839548168
-0.0878809701398703 -0.0605380570364606 0.0472402289231885 -0.28390895647146
0.0701926518378647 -0.00116120509126969 -0.192130112959094 -0.214449497947217
0.110984177031526 -0.00281330396396579 0.0472483065872377 0.160840609156854
-0.0911199992708165 -0.0445867366605079 -0.252945285395668 0.130117874949277
0.031372233494491 -0.00289144086028387 -0.290689393786305 -0.300228116145851
0.0127148110923208 -0.037678204358122 0.348119921571959 -0.402453467200899
0.0368920767328876 0.039060384223587 0.547258476888665 0.2785438418084
0.0152949165524738 0.0331313983211898 0.031999283554177 0.482266064774475
-0.0256403412248731 0.0236156972689663 -0.160017462993321 0.193528411738389
-0.0289026707931403 0.0136267053182573 0.00229451897058492 0.0189407667497704
-0.0101993799687898 0.0171165503359051 0.0791209532965577 -0.222207730882245
0.0276382539790624 0.0160157318831946 -0.312342869075031 -0.41112753199053
0.00175040934366989 0.0205191788230577 -0.592510598334239 0.160620145585839
0.0247654530251628 -0.0325944571787315 0.0593298538716758 0.562325638835937
0.0273011316781305 0.0363765317097263 0.419453967295938 0.101255044746855
-0.0467891855375426 -0.0986553960626092 0.119629968482535 -0.260024430381528
0.0753614632453312 0.0261829752791822 -0.124081584684452 -0.230360565282057
0.106991883461157 0.00610366729589212 0.109255142348234 0.166599251837948
-0.0962200232544207 -0.0245797648626102 -0.204400308350229 0.234930026209123
0.0354824731389636 -0.0151912281359921 -0.375408028590539 -0.115677052339296
-0.0214182668340579 -0.0300343712117082 0.0369246445064745 -0.522049475235697
0.0527422924416759 0.0129967354588259 0.584975611852521 -0.0912333164490728
0.0337723957164638 0.0243966716387191 0.255880986451125 0.40645650151645
-0.0131008886287537 0.0286697529943585 -0.106497912486312 0.238788368844943
-0.0271451118302964 0.013400293832368 -0.0108059237599925 0.0273601309899997
-0.0127087683453049 0.0137819573487575 0.130487405390115 -0.179397262911173
0.0168635274273006 0.0285065451942061 -0.0900467200068148 -0.503794646661674
-0.0130226005030861 0.0218203978910809 -0.600817043000472 -0.210975268148086
0.0323565109198201 -0.0149146228186459 -0.281151683477053 0.48102957182633
0.00463342775771965 0.0273327433235917 0.314615953345494 0.332626537764037
0.00532007199909675 -0.0926905255798639 0.207587094407204 -0.198827091395726
0.0598438775917372 0.0503888376980417 -0.0509834873761379 -0.226557896406307
0.0930258985655458 0.0174800278488614 0.169708888383826 0.163846335373449
-0.0809328403073167 -0.0133718766482748 -0.13296981217246 0.303116736956432
0.021030380377892 -0.0176680164258316 -0.355033684029208 0.0707754796280396
-0.043187866041503 -0.0133142487072528 -0.256003349275401 -0.446335627920918
0.049953364478391 -0.0128276601220373 0.438863939924425 -0.390886286966519
0.0410992224589106 0.00993122738732615 0.40802850704272 0.247811991777141
0.00144742928958423 0.0242281416008551 -0.0446470632550889 0.26515926820452
-0.0205117006144902 0.010889981017317 -0.0229063364856601 0.0341525955498786
-0.0124047151794891 0.00690639663144665 0.165811822610708 -0.128241569937799
0.000782512511681096 0.0278318779997623 0.139045168094776 -0.47632948408432
-0.0258542062407025 0.0143517352196343 -0.404308523526378 -0.520378357066391
0.0219105748077289 0.00209790382295172 -0.51526281648502 0.224130821898726
-0.000324846722710726 0.0133174614943114 0.109675966680477 0.461468652718234
0.0371036777053429 -0.053916646101264 0.27491704017621 -0.101145432316991
0.0268943669291356 0.0643159090147597 0.0136757335759979 -0.204590295350471
0.0712552793850642 0.0287237876358899 0.21660296968629 0.158705440820054
-0.0502598661834856 -0.0123836436142453 -0.0704944129258645 0.325851696028048
-0.00230586615934205 -0.00334344171850901 -0.273269552651225 0.200955769133216
-0.0484167672851458 -0.00314865914424974 -0.42074242711481 -0.281763296280091
0.0374361740850816 -0.0272467220482755 0.242037274080633 -0.538732508478132
0.0367892137820672 6.61679373823226E-05 0.4742509345496 0.0895959926650056
0.00948147224890397 0.0151362244445068 0.00856661665214144 0.270601498223643
-0.00802554710509899 0.00673315285439289 -0.0334076016116702 0.035936903591552
-0.00684751983740014 0.000222489997966126 0.18444018025892 -0.0865449769913051
-0.00509867551160666 0.0175386210662608 0.298924956048933 -0.376200919239687
-0.0306252393792626 0.0038968822187654 -0.142513071816371 -0.653755673408729
0.00225810818381184 0.0071781165702272 -0.58056019831821 -0.0521634781161219
0.00937286831316104 0.00965730739873268 -0.0839818736798901 0.477103356598292
0.0378853053637653 -0.0140910393632277 0.298303907056863 -0.00510263913953191
-0.0142661940995122 0.0659844571007845 0.0630858210176947 -0.17567753008121
0.0442057314904511 0.0381313321352808 0.245157720481631 0.161238305077318
-0.0124560317571796 -0.0126547856937468 -0.0293568963010021 0.315065878907909
-0.0296637241201024 0.0175478743434395 -0.204789186577433 0.270342855098705
-0.0405693396408694 -0.00146683669196194 -0.484882695520821 -0.168715812197351
0.024823104934078 -0.0273634458270079 0.117297003963031 -0.575712189496966
0.0259046846326454 -0.000793968756983125 0.491709839774236 -0.00461568966334075
0.0120432745800112 0.00175648864091718 0.0417148311162419 0.268139700530753
0.00484178726588931 0.00195398543607534 -0.0382319713103868 0.0358228817586633
0.00531211994864147 -0.00163729383007466 0.194048217498724 -0.0631792688739736
-0.00199450855396323 0.00340414362505723 0.372307849230955 -0.292981079590959
-0.0276008860799614 -0.00621142564706939 0.0297393954158319 -0.672380742349315
-0.0132037788581981 0.00591561278901033 -0.561901137736406 -0.218864682637245
0.0265709363531378 0.0105040325597809 -0.18661538265797 0.451548004149699
0.0268583312049464 0.013717839188257 0.292638623970605 0.0580287543277971
-0.0534964900365713 0.0578911370771824 0.0902285491536588 -0.156792000015146
0.011850479973187 0.0428079090207521 0.252078606260613 0.174706674793496
0.0299678754828609 0.000739448706451028 -0.0148344034915082 0.289716492153539
-0.0611249764224546 0.0249354917099912 -0.194140224766336 0.295040561852141
-0.0232525300741113 -0.00474466172821892 -0.490702840649045 -0.162372944519853
0.0174945847170279 -0.0227418898585698 0.107237862406343 -0.570193180868265
0.0107547067454977 0.00630531416817623 0.498953860094659 -0.0130019349719484
0.0100351179414989 -0.00965387876958713 0.047905680462331 0.266429942085563
0.0194342385084383 -0.0034289502691073 -0.0388543937803922 0.0310068224068453
0.0208568951739773 -0.00352185982289823 0.197984160052329 -0.0628030955869805
0.00319454801711234 -0.0110304102571568 0.378503541736216 -0.282324945555968
-0.0195305728012003 -0.0125946342889727 0.0441415621402135 -0.670489645680796
-0.0261177004155847 0.0112560925820162 -0.563338766971159 -0.240378927855344
0.041563003510665 0.00186658613558241 -0.185452477817733 0.45022003107433
0.0201593446675376 0.0284463885609985 0.28356353592375 0.0773914159162983
-0.0848835378526742 0.0472634273139578 0.0925233084593436 -0.150361573262326
0.0821484211274009 -0.0222109152522222 -0.0457800462360723 0.142329317860844
-0.0432023458406026 -0.0624677785851483 -0.255052003931576 -0.0224119293851782
-0.00790982141100346 -0.00942322552098018 0.0420364596246024 -0.428391465786181
0.0533438299486586 0.00492500148395827 0.551041207770986 0.0923731400929968
-0.000807842482608218 0.039499638532794 0.106452971804134 0.648963976562228
-0.0105158375641348 0.0145051285458553 -0.312167047167686 0.365315126625735
-0.0235419924600624 0.0118519165525364 -0.215689775639363 0.105176667118451
-0.0114411291574273 0.00959642800435965 0.0268895017078303 -0.00117028373991137
-0.00517920341813666 0.011273439623085 -0.0273709108860772 -0.262154002879516
0.0126206923799095 0.00143549557679013 -0.511872314031203 -0.0573789129897846
0.0135737462784118 0.00702675794179093 -0.192993980203725 0.56642105047387
-0.00426395951297586 -0.0267815623482082 0.501515359720459 0.24683470213958
0.0553314743878549 -0.0131384411075379 0.264105466508644 -0.278671107904043
-0.0854366627332187 -0.00171886245102079 -0.00872182917086215 -0.298453098165444
0.0479732767375711 -0.0229422081840469 -0.251488277849105 -0.172985562617548
0.104915070253026 -0.0138505894305809 -0.00107515790262306 0.150090308125098
-0.0705497405210229 -0.0572266344412547 -0.259125431589336 0.0396118953689088
0.0111889532054236 -0.000629463525386175 -0.132941445995654 -0.402932261473309
0.0430441078391464 -0.0255670014160194 0.523363614844416 -0.154107814977595
0.0139534219107565 0.0471616634204114 0.352265906890452 0.536875957538336
-0.00340720638374252 0.0280014054754885 -0.169633142428069 0.453091810465471
-0.0293629142802422 0.0180563785806188 -0.194671038757873 0.14811782967011
-0.0241458744709133 0.0115620967514751 0.0178580094062689 0.00733788323169163
-0.00612940537384931 0.0153804322215197 0.0168902856564795 -0.250456371427941
0.0244328827513608 0.00163403975950495 -0.468478261608097 -0.220291928124045
0.0117190164517101 0.0147467878466049 -0.397617736967474 0.452801286230405
0.0030281882250333 -0.0360369858791165 0.364487521865607 0.432768313638544
0.0563632186475417 0.0189759700753356 0.375391699353366 -0.147262498428174
-0.0916653854684049 -0.0564822985640883 0.0347763165157319 -0.286283175933281
0.0722651090892754 -0.00439200573181273 -0.203553088189297 -0.207245225907857
0.114199513479293 -0.00871347921828266 0.0565338189313336 0.157740840782635
-0.0939246172169675 -0.0414931071793131 -0.245474791574635 0.140886554339635
0.0302471690199165 -0.00767766349829841 -0.30277045473513 -0.284629042961391
0.00997618638817227 -0.040066906094349 0.329353894369198 -0.41562001478488
0.039095240925287 0.0368233004245639 0.558223246012971 0.254602332934942
0.0159405117902554 0.0311387969390629 0.0513219387479956 0.482382684440895
-0.0260277194245027 0.0257929207402211 -0.154349094073164 0.201482256393902
-0.0303877842499771 0.0141630492698407 0.00507002625974733 0.0172066293498325
-0.00895030402170291 0.0164294951032537 0.0710226038402812 -0.225024351605273
0.0268878371008733 0.0151851371457588 -0.332504529535322 -0.395866456455223
0.00212058581634138 0.0213146685520876 -0.58718692765381 0.189545779531036
0.0227104676928709 -0.0348585805814909 0.0888942600156612 0.559084331925533
0.0297312578655634 0.0349451822057843 0.425798000103993 0.0817479409155782
-0.0532671201016084 -0.0967556311467882 0.107588610536637 -0.264024459194466
0.0784105272581407 0.0230217164388571 -0.136394606649559 -0.227026672431119
0.109875803807644 0.000865487112942644 0.119803023512702 0.161195264092483
-0.099798015178372 -0.0198877369785993 -0.192518957784672 0.244372246762951
0.035105567208095 -0.0187571931677202 -0.383464315316428 -0.0947148830993201
-0.0233153508990873 -0.0292146248443959 0.0121188445704919 -0.52518356568407
0.0540629095275313 0.00916696723094541 0.579401770708073 -0.116462788010544
0.0326830234210808 0.0223605339506582 0.27250672928438 0.397479493509777
-0.0135501685689233 0.0293500713927645 -0.0975264240065655 0.243642752376805
-0.0307791261826605 0.0126115114870507 -0.00691226564897347 0.0268196346774892
-0.0132700472775985 0.0141258492325936 0.125116694693016 -0.182303265860415
0.0166719275573801 0.0281845401679135 -0.11111382617262 -0.499808729619024
-0.0146489528491463 0.0222480865088178 -0.6108764621211 -0.183371740103099
0.0316593268570594 -0.0174023014037927 -0.258879272292661 0.494603853036092
0.00552465911413653 0.0278024114132757 0.331342093156533 0.319861896908765
0.00201379217300758 -0.0945548264911416 0.198774832671329 -0.20822919797236
0.0638982595412271 0.0494792441066638 -0.0622890659186064 -0.225076840230012
0.0943637790611057 0.0134643176685681 0.179529381729103 0.155511062465723
-0.0823182545459701 -0.0111045884591642 -0.116312060437282 0.311097904630488
0.0221823194607056 -0.0210123976475663 -0.354763901267777 0.0902864338245009
-0.0454089932245188 -0.0113441391920957 -0.277442114478671 -0.434599819642592
0.0482890777349045 -0.0163043122083157 0.419021105649963 -0.414303876419941
0.0392316574784185 0.00703201376441132 0.419673515990087 0.23143277171642
0.000936539534770878 0.0247234023543815 -0.035462036933757 0.26698038432608
-0.0240512852643898 0.00884489830554848 -0.0199805391124653 0.0332330421915346
-0.013909548138328 0.00735690663645284 0.164210693918877 -0.133428360307865
0.00136495744337418 0.0284847709031316 0.119512258033033 -0.482373160949021
-0.0265582521633748 0.0155013071948866 -0.427006717017165 -0.501955789898217
0.0215100074753621 0.00113737634047204 -0.508930685464314 0.244942190733584
-0.000129247388726435 0.0152872384559202 0.130238820170422 0.458655698177732
0.0350065359861651 -0.0575733682380134 0.270968569759421 -0.114736244856837
0.0309889465392441 0.0652765302917338 0.00572436706983628 -0.20335646927558
0.0741960314063173 0.0260600468838322 0.227143167196237 0.149225917998481
-0.0514931977892957 -0.0120873506864898 -0.0510857199365434 0.33214611050649
-0.000723408548990623 -0.00418515652125518 -0.267448802931833 0.216186583479815
-0.0494040474547176 0.000559948378565392 -0.436634270012096 -0.26322668384893
0.034953768749637 -0.0288197064843598 0.215761708717257 -0.552245836641869
0.034571142828886 -0.00320896813121333 0.479255113441896 0.0677663159938263
0.00903803221345079 0.0134710933146384 0.018730997696393 0.270371508340786
-0.0104376184347335 0.00473665226411121 -0.0304215354327399 0.0376924962962775
-0.00754559100350123 0.000515299068620658 0.184857278367385 -0.0924898144822349
-0.00617972613664054 0.0168604761604806 0.284238243121399 -0.387605064805947
-0.0331955253039048 0.00459104571777967 -0.167617494241464 -0.645276099450893
0.00263375974249542 0.00642937804114349 -0.586469541644384 -0.0287741385316262
0.00928155489355063 0.0102107740620745 -0.0631538103554953 0.478913380761426
0.0383627785949574 -0.0163653610596652 0.299339690584163 -0.0192243487167663
-0.0105845589704982 0.0690309261705791 0.0564830295259292 -0.178433613603679
0.0462723327045377 0.0366681099977807 0.255941574252766 0.149519514718027
-0.0116851400703398 -0.0143992593873094 -0.0140192326548994 0.319661334554278
-0.0279928666806266 0.0196110660359425 -0.194497665575019 0.281105854421214
-0.0407973730782707 0.000217768650471097 -0.494917513809558 -0.14415533776008
0.0233927830735997 -0.0292650996734625 0.0907743079755658 -0.586206070200649
0.024595507598869 -0.00344530010864076 0.489127626967239 -0.0280063069150389
0.0117482805938236 0.000266651822100816 0.0513440756216839 0.266457781191522
0.00439069554900623 -0.00114382372035371 -0.0360406417150609 0.0366838101081439
0.00423594646946171 -0.00341020531390778 0.193670549337895 -0.0700947484944008
-0.00304063718629121 0.00187115365075265 0.361315688767451 -0.308198943350133
-0.029406722715484 -0.00582904187996675 0.000799698923040299 -0.672417229081853
-0.0124090186694977 0.00626033699999912 -0.57302128698964 -0.198832756679591
0.0266733884168186 0.011087038373254 -0.169390658441754 0.461230186860131
0.0288008409128478 0.0122195851176906 0.29740837297896 0.0443332335462349
-0.0508423890874537 0.062818742895789 0.0851294785490194 -0.160168636422497
0.013700452424733 0.0423366346423826 0.262160615972424 0.164228741895531
0.0332288828272552 -0.00232315001389012 -0.000318174564292764 0.29388034951067
-0.0585532919656667 0.0309084313408973 -0.18386283070614 0.303465979013076
-0.0220608827994893 -0.00278022726896323 -0.501658016421761 -0.139726702975651
0.0151517823438929 -0.0239062867967711 0.0833495720454791 -0.579032303406365
0.0108535768915898 0.00372599549353435 0.4984560287217 -0.0356719434739455
0.00938484991939587 -0.0114010473108703 0.057776262563361 0.263403959259175
0.0202995118841989 -0.00784997267920276 -0.0373487681451179 0.0339592402740143
0.0201387468536472 -0.00492691023562603 0.196987224996129 -0.0701365406962136
0.00153680813484752 -0.0122113345268794 0.372501121955401 -0.296617026937915
-0.020608884213993 -0.0130642859850405 0.0143914500118946 -0.67196671406761
-0.024722908178506 0.0117146082379328 -0.576100968599196 -0.217982238170747
0.0412747085983476 0.00113200456131789 -0.165846333122238 0.462165488850681
0.0234712291866437 0.0285381760424215 0.288925744753184 0.0628122436613076
-0.0842177573529885 0.0534432542793034 0.0885462930587468 -0.153758037107466
0.0820287407161086 -0.0307585913629609 -0.0302365159322016 0.146195742284445
-0.0513694785803052 -0.0560006396532155 -0.257377342052935 0.00270291328461986
-0.0111787943675548 -0.00903969384167836 0.000192256923054979 -0.431332196942697
0.0530567514901231 -0.00182633177796022 0.563644249273841 0.0374234008718611
0.00178007209512248 0.0401151174224302 0.17297458088015 0.638722808533758
-0.0108821619974026 0.0151523562580461 -0.276338787352719 0.394983550608713
-0.0227940045023968 0.0153030241369064 -0.206319475341993 0.128344522752181
-0.0128103567157288 0.00892693209200974 0.0293772518054911 -0.00626054756468607
-0.00380795300557289 0.0112148211126312 -0.0524757929322572 -0.257842457998522
0.0121147517733481 0.00102835525684808 -0.517552188010311 -0.00568102647781263
0.0173966320790492 0.00807275876809751 -0.137260259816259 0.587773481878173
-0.00863685950614694 -0.0272298299548776 0.528123780536331 0.193660159378369
0.0523900508123039 -0.02087285604005 0.231772529912378 -0.30253822130208
-0.0879896643361857 0.00714083376190599 -0.0408012900257632 -0.294442746465579
0.0433547591557931 -0.0270229687793695 -0.268901917006761 -0.146979188263842
0.104270982244451 -0.0272768252385879 0.0141022165073202 0.148331211887104
-0.077241474709125 -0.0486764577660088 -0.256165679188239 0.0651435482145468
0.00871681886650115 -0.00157027495479608 -0.173018655862287 -0.387627123641482
0.0374318982839561 -0.0295179729871867 0.507408557684533 -0.205485065833935
0.016955075902648 0.0469089512155334 0.406031844738932 0.502769555646493
-0.00128730690746581 0.027953935016488 -0.124114791869101 0.470083948640917
-0.0289585616498715 0.0219661806611052 -0.179881917690464 0.170049641962028
-0.0254082790682027 0.0155478990482936 0.0203547554229398 0.00295048203207272
-0.00442198932054532 0.0146916384868039 -0.00868540511460695 -0.250864531748569
0.0237162917735685 0.00125507716852165 -0.490705246616144 -0.171968374223951
0.0154627610227627 0.0167496115137127 -0.353170325791216 0.496535772839228
0.000675659388575067 -0.0377897348337475 0.410154657235574 0.390395887800968
0.0573623284178639 0.00888346594053526 0.357591558193495 -0.183825624079896
-0.100721324494335 -0.0478983504293823 0.00251202953356406 -0.286394095402922
0.0696738096041619 -0.0119402004244431 -0.226606156949671 -0.184243369994263
0.11466445358457 -0.0217777760555735 0.0717487916638745 0.150480505447386
-0.0992532158179875 -0.0274193166639783 -0.230344530319717 0.165239143513792
0.0280688966955233 -0.0120377736823652 -0.332641745603812 -0.250785394105484
0.00462075068333148 -0.0390483078973111 0.286811627292134 -0.449165103739178
0.0419204177091617 0.0348299831732282 0.585143346649155 0.199268651238889
0.0159701373599562 0.0301291120518221 0.100145522075845 0.477479028675532
-0.0239886750264125 0.0277340070399203 -0.134488903286515 0.217529141854438
-0.0332041814733512 0.0182192756134252 0.00905918988223719 0.0144313521859106
-0.00903879697724029 0.0188262929936895 0.0523486396120944 -0.230243488725328
0.0285409568382376 0.0131296937311462 -0.373779454887283 -0.362187697163466
0.00455773255074883 0.0252254927668286 -0.568188440171906 0.251511924184451
0.0194022901195291 -0.0382766132348644 0.147850731497579 0.548501625733507
0.0356227121519293 0.0290658360650524 0.432620622769051 0.0380952580544397
-0.0665344328658878 -0.0929628546803752 0.0773163222947583 -0.272054893380335
0.0799065375704907 0.0132808857228 -0.160405599119634 -0.210334135300978
0.112759815813193 -0.0121669054370556 0.13836940532431 0.146123890444108
-0.102017092112849 -0.00653377471446247 -0.163575417456038 0.262181588191879
0.0316565356529364 -0.0247791085491247 -0.39226527231213 -0.0517198101671087
-0.0273941105634718 -0.0253438151019802 -0.0413650528772719 -0.521531371435346
0.0544899773899822 0.00401564002810415 0.56736050941605 -0.176892344458588
0.0309808378069234 0.0201793671140404 0.310137259579005 0.372143193107794
-0.0121650541049269 0.0298412968095458 -0.074597445214729 0.255616465778339
-0.0333990565345469 0.0167722039203388 -0.00266638774203039 0.0250396287973413
-0.0134169745948539 0.0151001841952728 0.109124964202881 -0.193617039958319
0.0193769385300947 0.0279398196083212 -0.159323484361773 -0.487091126620033
-0.0127048095757913 0.029057918100118 -0.629267799855482 -0.118467777367318
0.0318174700695394 -0.0199207055403445 -0.209632377602913 0.518028820968926
0.0124965822805387 0.0250992535074865 0.36443900122343 0.283922449972304
-0.00958843903029268 -0.0984626771270889 0.175682280677633 -0.225916960668513
0.0704790526310628 0.0419799560500639 -0.0862453922402693 -0.216448572869595
0.0986809536228054 0.00133814295375735 0.199338272074189 0.132738476271948
-0.0837428364798381 -0.000106757123009689 -0.0796396548160701 0.322014871173491
0.0186936434504958 -0.0247216089203047 -0.34176945865852 0.131020270094594
-0.0443461919965524 -0.00583516928087793 -0.325007567370749 -0.40090510657505
0.0483818353774113 -0.0211456456786429 0.372982750352705 -0.456671612647759
0.0373459983660569 0.00469779690189988 0.44348264533916 0.18985126848548
0.0017803875222833 0.0231387056843771 -0.010128696770319 0.271618381268037
-0.0258383831038316 0.0123192867419651 -0.0158706944370687 0.034024582574366
-0.0148908317770954 0.00854333910735663 0.152163958891529 -0.14770193499335
0.00264709077775279 0.0300114704267812 0.0741150039200247 -0.492315685847497
-0.0293417425092846 0.0215418094409097 -0.478147820361753 -0.454208925309288
0.0243189339001078 0.00104279926278665 -0.483238050117299 0.295080483337383
0.00599903557110202 0.0144729782536672 0.178436049831561 0.441449123047521
0.0296691123523482 -0.0662489611726589 0.256696017568362 -0.141710158559744
0.0399688694007164 0.0618478801495386 -0.0158085260603581 -0.203625539799823
0.0791837089282479 0.0161228823238035 0.24661621163437 0.122009004360087
-0.053342987901602 -0.00654379898592482 -0.0140890698333759 0.338543326014251
-0.000770320233819555 -0.0061905865844358 -0.244098622054468 0.24710078676025
-0.0481037827278127 0.00586092476095406 -0.466505688096668 -0.21562326032122
0.0332553114000077 -0.0322214719170554 0.154222546859029 -0.576628167503201
0.0317873780992006 -0.00546409679554516 0.483089967137954 0.0223961191789801
0.00965406281544194 0.01127809948308 0.0436439185060119 0.271171373162846
-0.0133002770395962 0.00392948352510986 -0.0263859315211552 0.0391026750401711
-0.00849000219615428 0.000608930673475007 0.176985584188932 -0.109509914618734
-0.00502968478556772 0.018366000540753 0.248057029505028 -0.415162836591328
-0.0376310605422825 0.0111511969512493 -0.233628453091146 -0.627146610903766
0.00462097508080752 0.00873319555664638 -0.590115489859033 0.0291281279519982
0.0158262800961463 0.0110128095422995 -0.0152237715552569 0.484418812715845
0.0391280001876604 -0.0250391204119624 0.295641387053562 -0.0515329329372445
-0.00205535911997424 0.0706597185697828 0.0380565090625677 -0.181906532023843
0.0524487430162305 0.0294756384065337 0.276083196551186 0.119361756777543
-0.0121458651802633 -0.0120604844894465 0.023073688643878 0.323691196050646
-0.0231112472729171 0.0216046371460932 -0.165619441217965 0.304652852045325
-0.0378227472947925 0.00423191766932917 -0.512715639502666 -0.0899883518820746
0.0211995822670364 -0.0287964122881535 0.0272798542856854 -0.595988809981673
0.0225442121456032 -0.00590098130668996 0.485777077885599 -0.0776132168130774
0.0106430965155785 -0.00219632535215823 0.0752104696990942 0.26182200683434
0.00348813104703887 -0.00428106678770817 -0.0314120482406089 0.0396786800674202
0.00309060450736546 -0.00410905624022465 0.188949663754124 -0.0878711986094326
-0.00673753686787754 0.00279454976969393 0.334985946776002 -0.341472763780175
-0.035200925605839 -0.00306629184382082 -0.0641298228145801 -0.670272049373809
-0.012914209631886 0.0115774215708114 -0.59278705035644 -0.141365910602877
0.0320617727247529 0.0102679752183351 -0.119395367747177 0.476023145596914
0.0327789879627536 0.00644218130595514 0.300572480504512 0.0110203274103257
-0.0430818045504746 0.0687250726963842 0.0690598410276469 -0.166878763535428
0.0194652523757659 0.0394114395634719 0.280883885492832 0.13348781289921
0.0343220568569128 -0.00630405555615309 0.0311868321308984 0.297323355391522
-0.0539734120102406 0.0373708464527009 -0.152875429641478 0.321878288297467
-0.01994987630725 -0.000384217186514955 -0.518196366551351 -0.0871660975279824
0.01351857925761 -0.0247183835226818 0.0207400757784773 -0.589375577596324
0.0102821272320667 0.00284277371982653 0.492599862717521 -0.0869959937851602
0.00761416675620543 -0.0131141872279084 0.0817423205552202 0.256684488463655
0.0189940946680635 -0.0135242131986741 -0.0330516726277608 0.0380267198263749
0.0193723236616197 -0.00674847657240477 0.19303430860829 -0.0883123095382683
-0.00228612675290838 -0.0131589638224758 0.343719628262185 -0.331847147370874
-0.0270068902794089 -0.0112589237286813 -0.0528260234839131 -0.673581864711968
-0.0242903088527628 0.019212604311515 -0.598060734141619 -0.161011195842282
0.0459040305474007 -0.00284641670966714 -0.116301050243037 0.475797549913801
0.0297094905638085 0.0237710206677469 0.29455694546643 0.0315009187197005
-0.078244191579708 0.0620752959652921 0.073472168597769 -0.161374261409186
0.0808478465783706 -0.0371571042738486 -0.0239970117422825 0.14549685251243
-0.0541178830222351 -0.0541656431972041 -0.255769722454023 0.0136119332292226
-0.0128805909444243 -0.00719155246135227 -0.0155763180946805 -0.427615820599735
0.0524055285847104 -0.00567821576482494 0.563738757020246 0.0147686772651709
0.00269154888036098 0.0399893451818531 0.197134696556354 0.627309395358213
-0.0106961028261704 0.0158924514417189 -0.257992540747927 0.399282875761972
-0.0221919934647729 0.0170472776382507 -0.198799291364576 0.136677879303432
-0.0137807656083513 0.0107906336118678 0.030839918212586 -0.0102183923152416
-0.00214207440731308 0.0113838255982216 -0.0620847114043522 -0.254341260346761
0.0110186618978072 0.00101893226789519 -0.513498417146997 0.0182237345010776
0.0174807753427572 0.00734410841191251 -0.10875900166423 0.590649679653653
-0.00793115999258727 -0.0261452142004903 0.535404601453976 0.167044050702742
0.0524962132521248 -0.0258644039170331 0.218161646478463 -0.310089403436855
-0.0887045156552805 0.0110935093395407 -0.0548715132692361 -0.291101925658375
0.04258282564544 -0.0304553792686749 -0.277547850972808 -0.134095254291142
0.103488918850114 -0.0329656455783562 0.0216473969429343 0.145444013061535
-0.0798924808584862 -0.0423924031069032 -0.252506374887402 0.0751387601964991
0.00653948813165166 -0.00133866327580591 -0.188064651261132 -0.3760603010286
0.0363186009110488 -0.0336313116945248 0.500379200746208 -0.226634432061946
0.018605492423862 0.0462597701060175 0.42197042369752 0.484664445286936
-0.000686551044118127 0.0266816766715667 -0.103696378885453 0.469860868051715
-0.0286122500040019 0.0245602132888289 -0.172096455552814 0.176155470398811
-0.0275929591043531 0.0185796265664598 0.0200009805442951 2.73971800201779E-06
-0.00438730953398545 0.0158762556590522 -0.0163194926690377 -0.247934471314364
0.0226525204660322 -0.000239959683153497 -0.493685836272858 -0.145456980798681
0.0173546546062399 0.0160228254260772 -0.327010378556754 0.510687462057656
-0.00126061197608537 -0.0374617314123999 0.429588391402735 0.370253032158451
0.0593952618346273 0.00572088717586306 0.349467914853294 -0.19841167986094
-0.103896820119124 -0.0427513384021394 -0.0102580218808933 -0.283865324893758
0.0695039113837436 -0.0168043181651206 -0.235603733461251 -0.172655236180632
0.114357285613362 -0.0298579151735116 0.0788171492895368 0.144353223543607
-0.101554986904618 -0.0205720226691674 -0.220836161752551 0.172194649228071
0.0262157612822809 -0.0128637421505469 -0.339309729407235 -0.231200540160588
0.00190563671141708 -0.0388532856027836 0.270361501217528 -0.456574215489985
0.0441912762529773 0.0322471139574246 0.589075788075197 0.175660070329291
0.0168235084668174 0.0277978030677152 0.117797304196404 0.469719528125252
-0.0244710545791234 0.0304706784417304 -0.12361766371203 0.221430108961159
-0.0340908563692679 0.0216012424824015 0.00895899734918271 0.0117175853492117
-0.00881627108434808 0.0177765817783053 0.0437286434269049 -0.231133170405263
0.0284987317303272 0.0136783509796056 -0.384234921311545 -0.342878230701843
0.00719387438552135 0.0253493893335073 -0.549492912856908 0.275843617746771
0.0195972746717793 -0.0384108215965611 0.170797977793389 0.536057239140636
0.038079149775504 0.0268881658358399 0.435060457628471 0.0185939651041784
-0.0723547421850708 -0.0918675513011317 0.0643504429487568 -0.272013524130357
0.0810943888861024 0.00849111250139368 -0.171202137148769 -0.201982248368877
0.112916018652935 -0.0200685523871888 0.144604481705307 0.137117759948714
-0.101835607904302 -0.00214160200787329 -0.150858682520223 0.267362027501111
0.0291515304447477 -0.0262589802195715 -0.389893175981271 -0.0309947252509448
-0.0287734737185721 -0.0231799887905487 -0.0646270748578021 -0.515517478063919
0.0559083419721629 0.00249278995579566 0.554194294220799 -0.196687930406842
0.0322534602655366 0.018247647625634 0.324163251850892 0.355239533399908
-0.011065937922716 0.0311950111725604 -0.0635544600093971 0.256624465002773
-0.0338617663097154 0.0199984434077048 -0.00232410548441745 0.0228774578037156
-0.0132212245467384 0.0149944149190498 0.103253420848117 -0.196131012905465
0.0200696885199507 0.0284034905414589 -0.180885448238937 -0.475594524918124
-0.0113987797624228 0.0307590687651857 -0.629055168151224 -0.0886477148509845
0.0321391275187334 -0.0225265783548693 -0.183063750513437 0.525315755143083
0.0147805700608393 0.0244397117755528 0.377081965137396 0.265815337305454
-0.0144839885734947 -0.100119514571093 0.163201524196949 -0.232420200422948
0.0733841459271019 0.0371609135100608 -0.097622516332293 -0.21047651788397
0.101244219151693 -0.00517063052123175 0.204792924736361 0.121758066259953
-0.0836270790404795 0.00531603215404707 -0.0612952762841766 0.322319848176316
0.0160712228071045 -0.0256313596076133 -0.334402125377194 0.149147027243741
-0.045105596257206 -0.00228369180116254 -0.339241272310006 -0.381621965502353
0.0473542961704206 -0.0238090336221764 0.346723007589564 -0.466991702865879
0.0358370740434337 0.00265573621244052 0.445485442641798 0.170704616923508
0.00165132531985261 0.0238175432841078 0.0010704049363134 0.27139136454277
-0.0281833219050025 0.0152718734227412 -0.0136192970815138 0.0318599562652947
-0.0146642076777249 0.00867134231568543 0.147147750380336 -0.153426344241738
0.00418613342080077 0.0313284281398689 0.0535845011764023 -0.490189008762541
-0.0286766460937012 0.0257319597714513 -0.490480392149205 -0.427844518783128
0.0238162799952826 -0.000284845600099878 -0.471261424177297 0.313513440165165
0.00730941447780942 0.0145315531072361 0.196579780122814 0.431370946835784
0.0257681069502976 -0.0685513300230712 0.24895925697161 -0.153266733115081
0.0436027717643966 0.0586253045796672 -0.0259891974229377 -0.198801850131436
0.0814437471058097 0.0119972561088454 0.25139798202261 0.10876411527271
-0.0524541119610615 -0.00317425061738778 0.00692510514247691 0.334900375684948
-0.00132836929784346 -0.00599811621697568 -0.22867720855143 0.257910785050858
-0.0475856796858815 0.00853235441888914 -0.474235046733917 -0.187900555853827
0.031485887652421 -0.0328801705188236 0.126177676039917 -0.577098138786023
0.029712700517397 -0.00724529469451966 0.479498348951378 0.00231218604970825
0.00926757486895264 0.00961338250258262 0.0534662387920706 0.268201181716603
-0.0161004017059791 0.00586434189103403 -0.0227164976072518 0.036970686341319
-0.0102265220298491 0.000436756697633191 0.17425694596588 -0.115797004120703
-0.00553450797084464 0.0206687912328904 0.230580921376959 -0.419916498029841
-0.0383238867820125 0.0139534568335653 -0.253621426899483 -0.609466839586896
0.00422544042504194 0.00977383958379341 -0.589343004811417 0.0526796225681724
0.0168978798405193 0.0102255600775428 0.00579536175644442 0.481650760105077
0.0375390718574934 -0.0280031240955578 0.291885330360404 -0.066247536605893
0.0036691833635199 0.0695556069999103 0.0310847443993612 -0.180460417892068
0.0555238577620219 0.0277142317819372 0.281945137908734 0.104535422730014
-0.0114198967873005 -0.0112895891353662 0.0417465885902834 0.318922228554766
-0.0212733445099585 0.0234679107674663 -0.149251748299251 0.308909074157273
-0.0376963639945909 0.00726895159105318 -0.513936261040675 -0.062912441834202
0.0192644849762699 -0.02994431929797 -0.00277872905620541 -0.593075592659694
0.0199387287614085 -0.00624580268744519 0.475026517518327 -0.0967340803104603
0.00934015119267789 -0.00340715629692445 0.0832596268238383 0.258124057108572
-0.000638786711936782 -0.00527766984789192 -0.0295863703677511 0.0399508293435649
0.00160077810206786 -0.00505978939175941 0.185599373281161 -0.0937706285320002
-0.00637343959838327 0.00486112173079003 0.317891858013545 -0.352550631988444
-0.03729228684892 0.000736082042445668 -0.0912897492094815 -0.658868584553941
-0.0124068743912942 0.0126965300357577 -0.598644867926278 -0.115907360647399
0.0341214858247771 0.009057605696769 -0.101345610727467 0.478159548169198
0.0338738386577661 0.00325542786621542 0.300018843830426 -0.00388342109660179
-0.0372697244511983 0.0711591925548451 0.0633023932729625 -0.167871392563281
0.0212031842085487 0.0375956982419829 0.288097573807482 0.119195006217122
0.0351603660052989 -0.00827617462338485 0.0476516597317694 0.294631669220992
-0.050326142933882 0.0417933818499955 -0.135165891597788 0.32602807566699
-0.0199332840622544 0.000212882553488766 -0.521130942058743 -0.0589392921602692
0.0121556579149447 -0.0227622988330439 -0.00996209721849109 -0.583994523588491
0.00837023079430324 0.00321252438479489 0.482448466321334 -0.107560364766301
0.00635588623322488 -0.0149510007713214 0.0898760122066359 0.251531104088332
0.0141342405978537 -0.0145037668240907 -0.030379792518251 0.0378794099600422
0.0183831366719625 -0.00858553636739481 0.189160264604486 -0.0942531838217222
-0.00428345873112192 -0.0118122868707554 0.329321330561505 -0.341893387134279
-0.0284132024418443 -0.00973279012315858 -0.0799561497232682 -0.660556346809655
-0.0234928301506348 0.0214543392555967 -0.602333505897152 -0.136604062375606
0.0454825434676052 -0.00452204723460553 -0.0944829473282207 0.479583614992185
0.0324203762158678 0.0206608526550905 0.29625334737209 0.0149858364657278
-0.0734632033153828 0.0665538557734504 0.0666697997807054 -0.162884976280956
0.0751999266657336 -0.0504641911623874 -0.00302724833454329 0.145519436125523
-0.0608393128903223 -0.0447602738966623 -0.253170824577296 0.0505576052057152
-0.0142487628651048 -0.00371537674098578 -0.0750994461071243 -0.41989541955826
0.0506659060329565 -0.0127202604679646 0.558308007375448 -0.0668912929775877
0.00635778189979266 0.0411223478110571 0.285288627738274 0.590085385847999
-0.0107546942525431 0.0155751285139152 -0.198175132358603 0.429123665156323
-0.0212168335049866 0.020788866392548 -0.174451339210581 0.161604993031455
-0.0158214107242249 0.0136145047469474 0.0272859526792182 -0.0158473913935495
-0.00130721843668919 0.00934198985243089 -0.0936774601382325 -0.24103489828083
0.00608928116970774 -0.0014796744924963 -0.500852810690986 0.0898970715730148
0.0168676974958541 0.00728023727347477 -0.0211360946467098 0.597891203161677
-0.0106151712867007 -0.0238759023291232 0.552212992627097 0.0864401075861634
0.0480933695883712 -0.0357453351586758 0.172021811703989 -0.332573220818702
-0.0851921857436493 0.02128512574321 -0.0932211095730416 -0.276308466739506
0.0340728927705698 -0.038392201132486 -0.29177031120637 -0.0934342700863299
0.0986517795263297 -0.0490013518008691 0.0411100161718262 0.139231731522784
-0.0857159957743606 -0.0302828905323714 -0.240164245641886 0.110877415812447
0.00555892312044906 -0.00178771625158157 -0.236023295049495 -0.342787846098307
0.0313769180039271 -0.0374065587121383 0.460853982442168 -0.294722634299118
0.0235920782310118 0.0456250173566165 0.487931819740398 0.413799784435546
-0.000172036439209594 0.0265254219812332 -0.0373713227970535 0.474818215737276
-0.0261389643454001 0.028309211156032 -0.143796767695746 0.196701570080608
-0.0255864979914936 0.0236195462857873 0.0185721854532934 -0.00554517170869186
-0.00168598275576295 0.0147499452278387 -0.0475720548880089 -0.242280912893921
0.019841215691552 -0.0044395208145129 -0.504021492252318 -0.0762932472019974
0.0173619320593409 0.0135002974199359 -0.245885980468582 0.549627325982426
-0.00554484775339305 -0.0346625697644984 0.475438859665031 0.300298456488502
0.0617066017205437 -0.00469517261536061 0.315628782238029 -0.242358869075916
-0.109836152477582 -0.0288667447562435 -0.0498052826887848 -0.273710379717582
0.0636550451874426 -0.029140278997622 -0.255261152296798 -0.137260411342339
0.110229592441358 -0.0487445676700226 0.0997194449431353 0.127254512378029
-0.103523019312807 -0.00623830119972654 -0.194965788533986 0.203319805449415
0.0230005248928464 -0.0158713847771459 -0.365416705087774 -0.175660414798638
-0.00220239156413799 -0.0383864305092162 0.199563741355267 -0.488232073193744
0.0482007865063282 0.0264494452719888 0.603634442370074 0.0904887550550504
0.0178533181302391 0.0279475957032793 0.180844867475656 0.443861606314381
-0.020296478882426 0.0341941510282923 -0.0918891480627166 0.234575332093103
-0.0325828354379981 0.0277662021655986 0.00897464831917212 0.00851296851540768
-0.00621694020014734 0.0188653633906272 0.0137058982932487 -0.231834105577531
0.0297285076875957 0.00688711683999827 -0.424615712349601 -0.283162443362305
0.00769012884505375 0.0256580002095322 -0.499660861562372 0.348813276199546
0.0132935961040568 -0.0393577806059702 0.24606760136985 0.502142422951044
0.0435389317618406 0.0194166487838751 0.428928783039191 -0.0403744251754973
-0.0842527677189118 -0.0825352373858471 0.0252773847018844 -0.274170360414575
0.0802382218520043 -0.0057010472431922 -0.19664374825927 -0.174638333260909
0.109475243702568 -0.0397655750670151 0.162509995298021 0.110844071881206
-0.0999722973219563 0.0131832524018276 -0.110607728475634 0.284973361827111
0.0246588734262549 -0.0309914303383664 -0.38712393681944 0.0287075318828911
-0.0297110438194582 -0.0191899095144335 -0.136533411033033 -0.495321296288601
0.0557486454641773 -0.00535459148556954 0.516382575712913 -0.270175317818439
0.0331561638577611 0.0160354916234207 0.365953870475574 0.304528091805217
-0.00801025996445334 0.0338027114345952 -0.0260664254795747 0.262279653721422
-0.0323494565733637 0.0273156824269716 -0.00105640385083367 0.0198240534592772
-0.0106092419496865 0.0168206436473565 0.0756012943085099 -0.207291033783357
0.0257852017884419 0.0222054337935909 -0.241038628457013 -0.441687472283659
-0.00883294744929615 0.0311621647838028 -0.627246546561808 3.54590915661305E-06
0.0262800405232357 -0.0253275600367005 -0.107451213967545 0.54070054476023
0.0196201938964516 0.0240967878227808 0.406013353128659 0.207452964623653
-0.0299345734257769 -0.0987053279329863 0.127175996284437 -0.249143662620677
0.076626389525102 0.0238793101206858 -0.123608864926645 -0.19117041861052
0.10066192903784 -0.0227379169358232 0.221021481217986 0.0868969011491146
-0.0804762824093323 0.0162433077626495 -0.0133840264544154 0.324796188410187
0.0120507152279117 -0.0284174785095109 -0.306418200764513 0.197435077213945
-0.0442283941557436 0.00330180626707573 -0.3890834197369 -0.322294419541069
0.0444145695231017 -0.0308336637894983 0.27353133059951 -0.506893793060796
0.0352811956843604 -0.000332895813358602 0.462051366787935 0.107946404718493
0.00343178436255076 0.0241261430809632 0.0396676182522953 0.268103940542554
-0.0271526371825973 0.0202779873924105 -0.00970350884531588 0.0314494830658487
-0.0126239001989958 0.0108371834789776 0.127226650251399 -0.171768436349922
0.0121310775793667 0.0288569464978345 -0.013325549993891 -0.488576321991813
-0.0249921270567015 0.0280966160364993 -0.537111191703737 -0.353373848038638
0.0218507873991431 -0.00296297815060279 -0.420612786184075 0.373912861799183
0.0110229448035582 0.0145724652576181 0.250659770569333 0.395325037963524
0.0169103427615067 -0.0736693013404012 0.223476742014286 -0.183448301332405
0.0520704988783928 0.0503999878981532 -0.0518771905305858 -0.191533878196348
0.0834980637916234 -0.00208880011998738 0.264565050949654 0.0662822687634679
-0.0499074251359794 0.00412163225064469 0.0578396577802009 0.327623782781917
-0.00216831716987541 -0.00641425192716499 -0.186148376720619 0.288327538286284
-0.0452705428396251 0.0144586349457235 -0.492730338396575 -0.113901278224977
0.0279350983591129 -0.0384281395203369 0.0380892047420171 -0.582164853109765
0.0281152605607894 -0.00942777346881863 0.467848168790633 -0.0648523314210294
0.0095621640372112 0.00945681108987277 0.0903063694776722 0.258832372168196
-0.0174163182289667 0.0107690490401853 -0.0171628517372964 0.0369459069955976
-0.00964782045059814 0.00288465504890341 0.156697486843054 -0.137577603437354
0.000522402623128273 0.0223876041299346 0.169524316167684 -0.443922798541883
-0.0347865174546846 0.0176941375549052 -0.332479776604976 -0.561104760443692
0.0046539467094608 0.00882371270940009 -0.572197760824289 0.133870372046819
0.0178753179669918 0.0101862041877529 0.0709163567687065 0.472137093615764
0.0341765402953228 -0.0350586581438667 0.277393635720136 -0.103474426358518
0.014717165828073 0.0665666210622189 0.00698617806925322 -0.180644863117111
0.0597026681100173 0.0182106127913975 0.292936856125932 0.0601242111339788
-0.01166183598793 -0.0106678643847243 0.0907304182664685 0.308043677879052
-0.0178456817390801 0.025447080111068 -0.0990343231523267 0.326814602376233
-0.0366117317251572 0.0109861946213793 -0.513611799194951 0.016694493277331
0.0163828628744934 -0.0344358981083605 -0.0931599628504538 -0.578833738548688
0.0198970923860229 -0.00627178822044678 0.449940896806302 -0.159716323759455
0.0078525771998591 -0.00476432995089165 0.117687352019496 0.244659354135097
-0.00372995246897959 -0.0036491615449622 -0.0227666691734107 0.0405526859035019
0.00186845091669953 -0.00382167706247364 0.17256171183219 -0.118684232860013
-0.00211241010185633 0.007806266824036 0.268267990286528 -0.388789854944909
-0.0352834520837705 0.00428281123789712 -0.178386360623449 -0.636433697334698
-0.0130938980564697 0.0136294299034577 -0.6077706480139 -0.0309502149413544
0.0345593818762597 0.00588585013948349 -0.0343722022063044 0.482876588574035
0.0358912928043637 -0.00250131853920269 0.293636589073007 -0.0461709769554144
-0.0259996988929595 0.0734555833597992 0.0406824835905523 -0.171937465862526
0.02776969646034 0.034222536597693 0.30223746031009 0.0710317422879823
0.0349970243225123 -0.0139274910588491 0.0936315388772183 0.280692308725164
-0.0429265952619749 0.0483117490844902 -0.0834338028051898 0.340422174104402
-0.0206902652126156 0.000854233738067679 -0.521947615894766 0.0218014930926525
0.0116468583795264 -0.0259004769064804 -0.094772832803069 -0.573492655839282
0.00984932619175741 0.00388017750954285 0.456131832983333 -0.172582880070633
0.00309332714627917 -0.0152025580662207 0.120294616221825 0.236915901985968
0.0102480291674936 -0.0170448020746389 -0.0242208221788007 0.0390015578694747
0.0165406812020219 -0.0115153325093098 0.175595239067238 -0.11790095102419
-0.00227337050017229 -0.00830620864690978 0.279341195607896 -0.379877716200477
-0.0290863086513605 -0.00802344922942004 -0.164695274278868 -0.638798498279482
-0.0231324703296527 0.0241188686507768 -0.612846802427392 -0.0517651691064016
0.0445592218981035 -0.00777320992357773 -0.0293955219461268 0.482340425807305
0.0367112596473894 0.0161141036047944 0.290658783639153 -0.0263142942861166
-0.0625101319913295 0.0747854649832549 0.0460640562669504 -0.167879952660642
0.0726658576980588 -0.05408249009234 0.000796441254972539 0.144988540397143
-0.0652658454264475 -0.0436036918093928 -0.254107216365317 0.0622706691592357
-0.0172872759732221 -0.00330454798337784 -0.0879470466294267 -0.421969589591328
0.0504854992621091 -0.0164845619253516 0.567160600674048 -0.0853992704706473
0.00704925804887643 0.0428205866332547 0.306787113457183 0.586330656875085
-0.0109193498906787 0.0164926841795592 -0.187770932242059 0.438448415840072
-0.019843188968766 0.0227921410341268 -0.171679450399472 0.168943450656015
-0.0159310894719282 0.0167799134097155 0.0256098478582769 -0.0180788188585413
-0.0016798387432307 0.00880744980262391 -0.0995902890164391 -0.240710774002542
0.00558434877884056 -0.00124372082058287 -0.50139707131295 0.107654758423756
0.0183876971785062 0.00787591293830332 -0.00253749567590827 0.60732252897757
-0.0117992658709168 -0.0239294137068836 0.563595685357502 0.0674219672410005
0.0465753473666829 -0.0383712202271349 0.1639818377665 -0.34372094784505
-0.0869411048879556 0.0264371423429014 -0.10483035491623 -0.274427662270683
0.0308375657541239 -0.0404534628563799 -0.302111488678721 -0.082505367836348
0.0970023568330828 -0.05572579267335 0.0454275567977261 0.137585529589162
-0.0889074182680253 -0.0270476091090138 -0.238769611306277 0.12288338861555
0.00492330256458643 -0.00189794038459121 -0.248034014062703 -0.340686748824238
0.0298268325816501 -0.0400782798858806 0.459713170372432 -0.313503417923494
0.0263428246961641 0.0449977115831244 0.507421363428337 0.406257652009909
0.000994637713782792 0.027569757291114 -0.0211985386431183 0.480422948427028
-0.0254862346055446 0.0311544723435391 -0.139214809387262 0.202424491650532
-0.0265245697343463 0.0266836228588455 0.0172248132284461 -0.00603260192797344
-0.00214978112936845 0.0156674623149956 -0.0539079566829245 -0.243186286134805
0.0204847557364015 -0.0041880407268931 -0.51164325297294 -0.0606690312656833
0.0187652167493819 0.0145867623848366 -0.229802999480605 0.564435822239984
-0.00667208205684787 -0.0348995292684862 0.492048558217812 0.285824870545667
0.0613181102606257 -0.00865009530782935 0.313976503933045 -0.257409187832003
-0.113131542111959 -0.0242657156152594 -0.0613595837373668 -0.274774872539879
0.0624758241168553 -0.0316266378372902 -0.267595873194906 -0.127125980754915
0.109118390059278 -0.0547258544619192 0.104148700923973 0.12575819442519
-0.107001082973073 -0.00206140813529388 -0.190357959508812 0.213192791328252
0.0228308300494416 -0.017224255561964 -0.372701528598789 -0.165620668579907
-0.00492347676382653 -0.0394151812645456 0.188289518136968 -0.500386622551111
0.0492272108690437 0.0259173178265283 0.620332950615268 0.0735459940899166
0.0192853562447433 0.0265462412187244 0.197530940898711 0.442618273324638
-0.0197047844221909 0.0363379756107574 -0.0868151985685747 0.240122348582721
-0.0329092117515915 0.0318240468882329 0.00727234463892639 0.00790916456301884
-0.00673941515508198 0.0182109623173565 0.010073777785502 -0.233896499594969
0.0307637461331645 0.00518292537714778 -0.438611677837015 -0.271977374511843
0.00979717864056601 0.0273480066612577 -0.492624911676147 0.368535000919608
0.0113079256636961 -0.0409144901295691 0.265965225931337 0.497162676054274
0.0448158223880098 0.0180575546387631 0.436313569927233 -0.058335492946624
-0.0912606799393777 -0.0794746707527677 0.0144629301093093 -0.277639693567853
0.0806492047339387 -0.00839791001394645 -0.207397995278307 -0.167769928856445
0.109389984281265 -0.0460328573403006 0.168974271631896 0.105590662912795
-0.103611518292985 0.0182550224177758 -0.100479462244469 0.29215825781254
0.0230962140267505 -0.0334900933115262 -0.386885438121434 0.0428296587174644
-0.031726330720372 -0.018231605051381 -0.152262281446888 -0.495192780003203
0.0557641857594301 -0.00666049750893709 0.515496931121309 -0.287248426070653
0.034086306974013 0.0152340157727486 0.383470546884119 0.2975959232148
-0.00740063159797812 0.0351135850451095 -0.0185257239362781 0.265048577270021
-0.0332972462849363 0.0308884357213527 -0.00140762094883885 0.0204987054438119
-0.0109356388431244 0.0177317346905709 0.0743738922790281 -0.212225408891843
0.0280754313092203 0.0216661459290101 -0.257724643996865 -0.437573224465368
-0.00773468732363003 0.0337642100122621 -0.630858034798265 0.0187770624768386
0.0255215014654938 -0.0275975637343469 -0.0925426703160938 0.549460735542604
0.0207017985692447 0.0217808314171503 0.421809889649356 0.196348172368357
-0.0354897867652484 -0.0996637914894184 0.120129659574626 -0.255795631473765
0.077863773791161 0.0208240770622734 -0.132810689555415 -0.187706588343708
0.101279358494563 -0.0283789900422886 0.227889539622503 0.0775457415152234
-0.0817363339028214 0.0183555930792231 0.000556381143592149 0.328380710720028
0.0106648325239926 -0.0307413762108111 -0.299423859801526 0.210932932930612
-0.0450038515003134 0.00590192898846092 -0.403765338865031 -0.312076613257162
0.042378084592157 -0.0320129131752818 0.260916527161347 -0.518500321418698
0.035177310734706 -0.00136492804562559 0.470123096705046 0.0948341972801378
0.00368493541737258 0.0241859388416684 0.0490702301457176 0.271258331326553
-0.0276542707125442 0.0241221079060889 -0.010925944302741 0.0307618981318594
-0.0138376913589915 0.0113497297021019 0.12533881638214 -0.177202501069164
0.0158382043790335 0.029529514552875 -0.0277254881038152 -0.491153596684887
-0.02491003150615 0.0316668028662457 -0.551827661896585 -0.342457522219774
0.0215979770175245 -0.00508171547658612 -0.416142304750128 0.392737859016849
0.0121074241254078 0.0145855562778838 0.270221538343197 0.39179401844434
0.0119331719101907 -0.0768847923384114 0.219409769948854 -0.193798216710846
0.0553493183550486 0.0473252858637099 -0.0588601704927417 -0.190051037995328
0.085213817740119 -0.00803476362385798 0.271450825062884 0.0553829895582421
-0.0516258126645542 0.00329130561146366 0.07159097041845 0.32849911377848
-0.00222929089772274 -0.00628993748759611 -0.176239164562138 0.300349791050976
-0.0455262809496305 0.0173266599386066 -0.500672751051023 -0.0936767700614727
0.0257679402835825 -0.0394850926619767 0.0159516790377934 -0.585464308291543
0.028825686079392 -0.00995724155762356 0.472565685854359 -0.0766731857982837
0.00841334849779114 0.00927780929852902 0.100018979510885 0.261468244855639
-0.0187422741773552 0.0132113122202175 -0.019092818213525 0.0380833986624582
-0.0102944062250231 0.00347387396598835 0.157867840225197 -0.145240424836226
0.00355597177666116 0.0239986115597422 0.158810212274661 -0.452559247993349
-0.0346683417603972 0.021166541422019 -0.348199286007964 -0.558714053292142
0.00544252148198513 0.00836287031694311 -0.578079377305834 0.153291121119731
0.0194659455859701 0.00882635294833379 0.0889883523949021 0.477108116215954
0.032545033448578 -0.0385925864607659 0.276624368754712 -0.117012560323753
0.0185397211860431 0.0667791278664371 0.00165968033040406 -0.181917339060866
0.0623962066606154 0.0134262498507386 0.299844319801265 0.048065523580135
-0.010899689062181 -0.0139888107350813 0.104191227957429 0.306750176847999
-0.0166582850879786 0.027564190706557 -0.0873173345244109 0.33569771154631
-0.0366101948888406 0.0124860063455043 -0.516880433873735 0.0364878778337311
0.0150939674754254 -0.0356659659692845 -0.115778982646198 -0.580842719106255
0.0191456360475228 -0.00709917591062994 0.450230470065852 -0.174476966653455
0.00623628226990438 -0.0053869612924493 0.12660458675608 0.24779221076876
-0.0053168754365928 -0.0028535675249223 -0.0237872308261142 0.0404642413577525
0.00110677838115474 -0.00346618955663565 0.173145626584733 -0.125957738495882
-0.00118289426619951 0.00929549543230541 0.259065642430799 -0.399553800466708
-0.0360761114011278 0.00714266089830115 -0.194308400565761 -0.637541655549817
-0.0117985498103976 0.0146203590189869 -0.618738659184092 -0.012253219082201
0.0363531357565835 0.00465983935123393 -0.0175512407223295 0.492085037606792
0.0360661637262183 -0.00593789553156071 0.294460734718771 -0.0588517700382338
-0.0213171100582716 0.0751439315343753 0.0370204028280588 -0.175065994716162
0.0305451563465505 0.0332531451738957 0.309320025499238 0.0591298395348114
0.0373009725885697 -0.0175288137275268 0.105633429926416 0.280612588205805
-0.040888282697362 0.0510954334592226 -0.0737048825891783 0.348751903541208
-0.0208631480815071 0.0010336733706524 -0.526822830318229 0.0424350918020766
0.00902644786777267 -0.0278287531303032 -0.11742367237261 -0.576756388388254
0.010793108884215 0.00375221012640537 0.451815211539512 -0.18798822050444
0.00143527124849072 -0.0163431651902804 0.129334826007381 0.238804111255239
0.00801686465165755 -0.0180646257126228 -0.024217099401443 0.0385101593108766
0.0156658234770962 -0.0118788479694083 0.17598559397675 -0.126114291929328
-0.00307981931337238 -0.00724793483740012 0.272885506488541 -0.390942236760697
-0.0304095946351654 -0.00554500685491075 -0.182850071847454 -0.639671543461612
-0.0207891762402174 0.0263434765317912 -0.624214429631399 -0.0330246862216469
0.047068187355027 -0.0107159286526821 -0.0124898830086813 0.489478859414094
0.038055382947945 0.013232083782095 0.29267203804526 -0.038365607909389
-0.0597203269013605 0.0774701986514861 0.0416819870509207 -0.171882666701764
0.0498502177533294 -0.076474881067217 0.0512580481459057 0.135474544464165
-0.0777767322173602 -0.0123049597296193 -0.214391130547531 0.154578033493322
-0.0188021253881639 0.00166623525640564 -0.240368674905209 -0.362898570381949
0.04216817599265 -0.035942770530963 0.492665696328179 -0.292829756130038
0.0258567404393824 0.0390991508984597 0.505534502442631 0.431544895498009
-0.00445494944767072 0.0205753685859755 -0.0155669689561253 0.471839083652873
-0.00894153725760519 0.0280016031991438 -0.0982616295926531 0.220600723516048
-0.00822456054667648 0.023729922109133 0.0154325442479446 -0.0252953341761083
0.00220315067031215 0.00743519055955831 -0.181899046169536 -0.187079369403723
0.00256458973618223 -0.0033062190443025 -0.422431481390031 0.289685168881194
0.018108171589785 0.0038299240057627 0.23270468964114 0.559795562955288
-0.0171566735228749 -0.0157474792161798 0.545063158917361 -0.15634125082646
0.0301116977236859 -0.0543028208481097 0.0212684101690421 -0.379688828116061
-0.0687339046375692 0.0571017760630042 -0.201356236225498 -0.210973820209062
0.0120810488713044 -0.0499350729827963 -0.31351151148896 0.0411227064543501
0.071026270015256 -0.0874397740913343 0.0906785220150904 0.11109950963691
-0.0929546863245153 0.0116161695908985 -0.17792510091626 0.205157306142135
0.00170461465791962 -0.0036353316501734 -0.357613945813753 -0.222550896803195
0.0130297092728312 -0.0506696937926917 0.310644241410112 -0.467759172294036
0.0451061783872988 0.0332120594318941 0.626336816777451 0.19029367943437
0.010288714631445 0.026576931107254 0.153451936869826 0.452819923870701
-0.0110881803344533 0.0387652022685192 -0.0563839224979343 0.24169008313131
-0.0141237931175684 0.0368646846217011 0.0122758116401507 -0.0107610307036606
0.00398183807729246 0.0159904247363782 -0.138311771045823 -0.206709425240805
0.0154242645448802 -0.0138621253933947 -0.495904299889533 0.137483838296132
0.0217806799345638 0.00930585494036214 0.0036193474570317 0.605720787961025
-0.0193024478243603 -0.0274783632008832 0.562068093629624 0.0707276995691872
0.0552527083734217 -0.0310960115932748 0.192714311285555 -0.358291219970425
-0.11279286568911 0.0206726142733973 -0.160651828162839 -0.228192323163583
0.045524005550767 -0.0535555787093936 -0.298354722204205 -0.0138503504133607
0.0823232673802608 -0.0923605529380893 0.141794647485666 0.074853763073642
-0.0985501016410045 0.0422333872669631 -0.0992273761673922 0.269216039603735
0.012144219052984 -0.0236800389578006 -0.406585240534442 -0.0162017131842289
-0.0198027610796502 -0.0377190284664902 -0.00992434036774815 -0.538314517796993
0.0603751364377818 0.00569208311840397 0.607894670780945 -0.161233266481914
0.0279611948305281 0.0205741418502927 0.34628339000335 0.33665527925423
-0.00467314269425119 0.0408878810996397 0.00865050812288659 0.255021272583761
-0.0170584079990369 0.0429316690070084 0.00933284933950077 0.00606505534301961
0.00136856354896638 0.0201723717504326 -0.0786692173899334 -0.222932929797132
0.0293699283356305 -0.0107475292365546 -0.507894969696581 -0.0863626292582863
0.0165224581490812 0.0226641519787127 -0.315007595786359 0.524137941681609
-0.00672896044094023 -0.0397444363241412 0.434843688335394 0.354644281898314
0.0511975716615613 0.000856142655961047 0.382592086227626 -0.221217839707883
-0.11389587678146 -0.0396372050901877 -0.0902529079530883 -0.258967262148239
0.0708839209115044 -0.0395770448586605 -0.257290373960887 -0.0743645505545104
0.0856976718190293 -0.0854778409787288 0.195553679029286 0.0323126139024027
-0.0878984497431766 0.0589920530453797 0.0151277593641444 0.307472712735202
0.00726679537933974 -0.0370827362264871 -0.342832084397648 0.184477113728462
-0.037401856446354 -0.00625340405950398 -0.325437814530973 -0.404067594865279
0.0522632901663029 -0.0290803062764977 0.376895234812406 -0.459432305096218
0.0379995346766373 0.00279715596301621 0.467160272300407 0.132893290571275
0.00661617848446566 0.0357873772945734 0.0803672347391122 0.253529324515903
-0.0176425523425953 0.0429649711670991 0.00509729129812684 0.0208314491634707
-0.00335880385736078 0.0218267292753473 -0.0105463468799662 -0.225138233316163
0.0349526350465265 0.00520869408693486 -0.401737201641352 -0.308708885972126
0.00421133314882335 0.0336222752010432 -0.57418442887437 0.255513987687751
0.0100718343151227 -0.0337432192332931 0.124060061738417 0.542671407474987
0.0288136959771546 0.0147447410956646 0.464535830563105 0.0203242000692974
-0.07067089537819 -0.0782911644064195 0.0137045095424348 -0.281343421078617
0.0816036460076018 -0.010124301008233 -0.195599325261243 -0.124421642321012
0.0832630010729802 -0.0662192794282401 0.240432852458992 -0.0161506012010074
-0.0675055353742862 0.0499435398560632 0.121246515997552 0.305194621366634
-0.00210463893420739 -0.0306266211026709 -0.196594432345027 0.307802942833744
-0.040789094763001 0.0232522494235311 -0.486718191881318 -0.137861530043132
0.0287736056806753 -0.0480340163809674 0.0508421439129747 -0.576238636601178
0.0334066427255659 -0.0116972651333859 0.474432886244961 -0.0855868899268622
0.0119400639442923 0.0221196551260544 0.146092508778547 0.234024976468379
-0.0156341156673232 0.0349450534273095 -0.000560548383712297 0.0328324942625345
-0.00774633744810613 0.0169675695442432 0.0501233904757437 -0.21321830066888
0.028040517367719 0.017201298391393 -0.208702293262392 -0.443678006485377
-0.0113599435199039 0.036274571710825 -0.637233177290469 -0.107890129910113
0.0148992035982895 -0.0149200078914412 -0.236390548477192 0.52234652546222
0.0161988186217923 0.0113518864897008 0.399256772170839 0.259598666771069
-0.0177196035846641 -0.0750428340698822 0.129682856082514 -0.261998847744099
0.0698653997762954 0.0228043794453971 -0.125725769062204 -0.154136313379219
0.076318006223408 -0.0419594823839043 0.272922935705703 -0.0521014911635547
-0.0460347352018485 0.0230543694885763 0.190146582781052 0.276581782607815
-0.00389897026972594 -0.00494812744015861 -0.0484405682164849 0.343159812893116
-0.0375494932430912 0.035133876152107 -0.4969632576145 0.101846998623969
0.00864831727942025 -0.0486952864843851 -0.202546193755512 -0.546868023767372
0.0241929286705942 -0.01781300665905 0.411959023943803 -0.245985697677512
0.00925341541394353 0.0069284980983675 0.190574830951295 0.204885540619716
-0.0121840745264308 0.0209398080943781 -0.00546098113734635 0.0419733112952796
-0.00741405088181455 0.00877064415048727 0.0911382553793652 -0.19667501631981
0.0164867367911198 0.0181908358934267 -0.0193955736623974 -0.478299236560636
-0.0244377903079304 0.0304690975561403 -0.532776668761206 -0.387523493001292
0.00602921581744632 0.00381249740280282 -0.477507925625251 0.363052277078455
0.0198139762358274 0.00276814604056494 0.263387105804255 0.407647490755984
0.0157990182632201 -0.0482649244356333 0.211522509140927 -0.21226223599302
0.0434283944240309 0.0544405018591939 -0.066033737271919 -0.169972452599112
0.0629783265315863 -0.0133922520252439 0.297520938182986 -0.0692569175982673
-0.014740940221692 -0.00967544462505399 0.214492929626386 0.24385870614263
-0.00362952200885525 0.0330890512716597 0.0462679291920865 0.342611714883492
-0.0320738681308149 0.0275908167768777 -0.46333613129787 0.231195924094722
-0.00100985907513264 -0.0406462441983632 -0.326100316609478 -0.491855486022827
0.016854019633285 -0.0144127557891845 0.354551913903534 -0.326859542686217
0.00176205638172971 -0.0068783544324977 0.21068723031163 0.183841557067962
-0.00688694327973928 0.00182881526795905 -0.00919285079187582 0.0456342255566695
-0.000848538399431976 -0.00191518271983134 0.113603025899309 -0.183296633589528
0.00711830966926819 0.00869250160048198 0.0937391371366913 -0.466700033136532
-0.0293401723366222 0.0178603968444911 -0.417088248129856 -0.517522530507519
-0.0053742080522129 0.01523957745778 -0.577557740087906 0.225158735600754
0.0344420937538707 -0.00891244021225411 0.169698129196571 0.461513486804179
0.0305709282852353 -0.0190248430316147 0.250503505033387 -0.165469837689571
0.00845263520238231 0.0776351828977283 -0.0303548481026083 -0.176596060403769
0.0417427980665427 0.0153895496563312 0.310960093216413 -0.0619460436638391
0.0293329381354441 -0.0328845254318357 0.204103033487262 0.219989306113326
-0.0172701057299668 0.0652985308530976 0.0661805913050258 0.350165617914358
-0.0212564741045062 0.0100914989388407 -0.470717971157953 0.243626689530409
-0.00189587784471438 -0.0308929312211162 -0.329432348305327 -0.487940065920314
0.0126007509973279 0.000113427803559493 0.35170921068342 -0.339624362091635
-0.00660820656537728 -0.0159318770668374 0.208862095286412 0.176398658704911
0.00131894134341058 -0.0180577416440813 -0.0104387558921247 0.04434146674957
0.0108525705710338 -0.0162720861630589 0.115932577115965 -0.183200839673969
-0.00102775718337554 -0.00552570230165119 0.107170115509676 -0.464098314920111
-0.0290758372108553 0.00309937644593403 -0.409077701102744 -0.5232663104541
-0.00893954680477686 0.0298147816792675 -0.591161116389359 0.208568030134761
0.0380874139244289 -0.0272608964310618 0.174708679729115 0.457022862181318
0.0405226675892525 -0.00192846605297349 0.253329508502474 -0.1471887230649
-0.0252319388603356 0.093371932083678 -0.0244024725741405 -0.174333265843796
0.0462014696077386 -0.0777071392895241 0.0543157635904864 0.133375696354867
-0.0745424542889765 -0.00697112522236849 -0.206050556805509 0.159558369546711
-0.0183507890716059 0.00324641521898542 -0.246655375766824 -0.350320440423902
0.0378216408197223 -0.0372735455379099 0.474879244317677 -0.304449916485055
0.0283162562777108 0.0362254940295004 0.505783181495128 0.405351121808704
-0.00157787749837367 0.0190287840432814 -0.0065777136639251 0.459926744166114
-0.00605405800817211 0.0272170067238632 -0.0896100413496658 0.218859223351496
-0.00463865380989829 0.0244144392360899 0.0125820917197457 -0.0246527076553095
0.00297862754026665 0.00734741853480248 -0.18110006080025 -0.178722632795094
0.0043388505903048 -0.00252718210099944 -0.402202084616013 0.295698469044256
0.0205848381466993 0.00182606868371421 0.24807690601896 0.543033779845774
-0.0158563036652401 -0.0140664771566235 0.526744805914626 -0.175444147214396
0.0261062282804897 -0.0553363818585141 0.00696107659910952 -0.372123913039901
-0.0643046511652137 0.0597727216726116 -0.206331331391075 -0.197883618056784
0.0119025247448135 -0.0470009684578122 -0.307184600073814 0.054188540626905
0.0664555526599177 -0.0894433260193254 0.0917417696317088 0.106299889621445
-0.0886966488029292 0.0174040000749368 -0.169538890588809 0.209116536405946
0.00157401413316471 -0.00405753460122104 -0.359476132983917 -0.209155016234214
0.00970186002893816 -0.0504680859220369 0.287510468580625 -0.467362869670935
0.0465855817990781 0.0308032755080008 0.622075121319968 0.164971671246254
0.0124539657760211 0.0245215885797487 0.160701992081674 0.434023024062006
-0.0073383931213505 0.0369843822184029 -0.0489104578713814 0.237820336327246
-0.00882814683345448 0.0382208292126114 0.0103561219094896 -0.00931828092510211
0.0046621175060401 0.0163852869660389 -0.141664595097778 -0.200565077321487
0.0154326352930198 -0.0143137557021331 -0.480007784286408 0.14988424541872
0.0228690363351759 0.00842807982654323 0.0234577414240967 0.591088654929435
-0.0197891869447081 -0.0256070612137109 0.551835234878046 0.0478977700072695
0.0524863830718179 -0.0337630618310972 0.178385488008002 -0.358855448513016
-0.108394991043695 0.0263264768881935 -0.16502148480956 -0.214808415186021
0.0432864049920759 -0.0525838974107857 -0.293837969826207 -0.000473921823184161
0.0769445495206413 -0.0938626132433409 0.141413537370265 0.0691265064725231
-0.0936768987199007 0.0479373039842978 -0.0889989747773392 0.267917152686878
0.0104679363295358 -0.0235465812078813 -0.398555959138179 -0.00363178591191769
-0.0206955778077723 -0.0349059018483618 -0.0293723655558838 -0.529029499033037
0.060413101326206 0.00291101027199703 0.591076367789637 -0.178217551384268
0.0304825609536217 0.0186025264514863 0.346182302376041 0.317023253520422
-0.000168086316217653 0.0411454300293662 0.013625977356082 0.24894366686256
-0.012056814251818 0.0446614935842337 0.00736766397678473 0.00640864252458818
0.00388212858006338 0.0217670294121507 -0.0826660661771807 -0.21709950048103
0.0302447664062962 -0.0116178938353717 -0.499042533685204 -0.0698848211161304
0.0198291330280178 0.0224470363162443 -0.290617438227336 0.52244740830512
-0.00847648399074397 -0.0376387009814284 0.431636508114846 0.329825254864428
0.0506960043533836 -0.00190907243073535 0.365188259307179 -0.232866163390751
-0.113246523831816 -0.033079241853896 -0.0971265426992364 -0.247451022366106
0.0703945233172097 -0.0396948554760926 -0.255163315327948 -0.0623426802684453
0.0798605463625096 -0.0872669822378402 0.192663447725537 0.0225425856949321
-0.0827367667890375 0.063733305434111 0.0247160561042345 0.299273413291644
0.00564587831705355 -0.037080558566419 -0.329016761679542 0.19020487154819
-0.0364910684155336 -0.00417363288388795 -0.333076474429337 -0.387406493757962
0.0519862367069726 -0.0303009404487671 0.357981909401879 -0.461910383744881
0.0371031525897647 0.00318246761899348 0.458317082600832 0.114779648810649
0.00817342044100627 0.0354262948163876 0.0852105642749538 0.245036240615458
-0.0135914558896162 0.0444837093987796 0.00286442397759854 0.0201415591994381
-0.00116106409276967 0.0225255195281803 -0.0158400053044775 -0.22171309403712
0.0358363763488933 0.00239644544350665 -0.402144639950749 -0.288404306323655
0.00826170305970264 0.0331922098448616 -0.555958050448332 0.264415830679249
0.00836297052593189 -0.0340071038965293 0.135775898298795 0.526983592591153
0.0301395520524024 0.0139053589992276 0.455399424888322 0.00226885280719723
-0.0732670311616698 -0.0725095352894339 0.00462704880706366 -0.274495986980598
0.0813566315382042 -0.0115483059740571 -0.195580676927285 -0.112344980095406
0.0787195388845909 -0.068696211340453 0.232736804976186 -0.0275172610079234
-0.0647947339159469 0.0537518580976657 0.129487517353395 0.29113128753375
-0.00284224337770648 -0.0299625148656746 -0.181444626366628 0.305533749602494
-0.037385745262792 0.0255230202482177 -0.482043126364768 -0.121764402499734
0.027129042017055 -0.0476511440100746 0.0347998877625315 -0.564125605743121
0.0323517728845631 -0.012150655914683 0.46146902020269 -0.101526953022688
0.0133796252969188 0.0222619570320131 0.149814173719211 0.224081512787377
-0.012481150234943 0.0375257426332374 -0.00131971503271678 0.0324760903665895
-0.0052542941014604 0.0188521854195366 0.0423794638739645 -0.211318432513855
0.0297303106305096 0.0158175340908977 -0.215140025202621 -0.42634905970569
-0.00793441093273323 0.03802026370769 -0.627100348590173 -0.0920213560478275
0.0139684423148871 -0.0149276907600317 -0.216829997003537 0.518877141205464
0.0163164238136933 0.0111846319210546 0.398509849022988 0.23885591127853
-0.0220761441412142 -0.0722690939214775 0.11824943483795 -0.261484143451306
0.0720889046573569 0.0226131802015382 -0.128266003203726 -0.147258269349314
0.0728687846984111 -0.045277458797471 0.264880869608579 -0.0645204681699446
-0.044430639892452 0.0258007836990714 0.195981992964881 0.260374072875101
-0.00392425226416172 -0.00375086430174677 -0.0334779053037057 0.335606599019053
-0.0328565795025793 0.0383341938817934 -0.481022670417147 0.115835636449141
0.0067881592024313 -0.0467501487491445 -0.216214612180323 -0.527511473230662
0.023225937272318 -0.0174604852452687 0.39536752719542 -0.253336317444292
0.0106220943187473 0.00816462821770098 0.192626949991447 0.195040091348509
-0.00956130273420868 0.0233906397684624 -0.00762168536235902 0.0408718079339627
-0.00597073527377628 0.0104689547936609 0.0828882229355533 -0.196103746078943
0.0184925915584398 0.0163961968398741 -0.0306232871658355 -0.465613299847366
-0.0206664978038748 0.0323669467902749 -0.530904375511293 -0.365677775247243
0.00571143414170495 0.00291991693141116 -0.459419769334125 0.372338499377361
0.0201399946330785 0.0027185129274378 0.271879385430452 0.389521602239557
0.011354410309321 -0.0471821089635272 0.199491144682538 -0.21661416905219
0.0465053978611829 0.0533411626722095 -0.0690866740780393 -0.165172788972646
0.0612547066801449 -0.0158433477529078 0.28816314733608 -0.0826185473382389
-0.0163518246320495 -0.00858064780288012 0.217995108142458 0.227723434295999
-0.000820290156157165 0.0327848540531942 0.0592389565307984 0.331218828150216
-0.0277519966051408 0.03012920188178 -0.44353297124097 0.243527651192353
-0.00209672735584913 -0.0381836611724848 -0.334799927142159 -0.468978717068757
0.0155917052251118 -0.0130169836510664 0.335054766994011 -0.33039258754911
0.00101398679145776 -0.00462314923620662 0.212020241903404 0.173679251544505
-0.00528884414750673 0.00484763625497823 -0.01034587584037 0.0447699886148999
0.00099530149630119 -0.00038694688166871 0.104519937864372 -0.185700954180744
0.00956867869735772 0.00824965485164819 0.078023390539185 -0.459031353447248
-0.026014300188095 0.0194967909775873 -0.419655841097773 -0.495914827107888
-0.00457474962688432 0.0161274533982666 -0.560160618116925 0.238179572341425
0.0334650791464525 -0.00966478226306765 0.181168000025771 0.446556057967483
0.0274937478184654 -0.0199395047756093 0.237604991685355 -0.169653284967166
0.0113890738857948 0.0770170228912131 -0.0343646060257546 -0.173201337989929
0.0412541355366387 0.0129289754746979 0.303675105118825 -0.0742628546062881
0.0254089632687327 -0.0344883237346035 0.207692698041284 0.204306952047706
-0.0119326460307205 0.0659978223818867 0.0760772081200919 0.339575527829026
-0.0198916494908848 0.0130487741836949 -0.451247931065268 0.255591631108769
-0.00346889001097771 -0.0282437358262569 -0.340261619919766 -0.462316786114302
0.0128402204126925 0.000602224975279959 0.332958343819327 -0.341637703722655
-0.00724427329290118 -0.0130678850743972 0.210621989534445 0.166933511653183
-0.000331760794076166 -0.0159048497557946 -0.0109986460713757 0.0433920407534614
0.00973346045466826 -0.0133030156011132 0.108485722961973 -0.186582280632056
0.000790374075988299 -0.00347358513228995 0.09225344781855 -0.45853798004169
-0.0279465810919655 0.00553533236437175 -0.412046195497222 -0.503441214203867
-0.00752628520398552 0.0290852434277151 -0.575705224778952 0.223033647555691
0.0360504086162105 -0.0281742519884755 0.18518232601105 0.442302925032807
0.0396211427484072 -0.00458037056771864 0.241595186805379 -0.152938063497603
-0.0217439008749484 0.0935293371164359 -0.0280035390070783 -0.172273453242174
0.0505367772276322 -0.0760897521647928 0.0468252587720608 0.135139516644662
-0.0722394521489795 -0.00939736652331494 -0.213092289265292 0.152148528518844
-0.0202193254235217 0.00456295898623632 -0.229889981538622 -0.360335063810556
0.0389546636620362 -0.0350375884313367 0.483455538567274 -0.28458925622063
0.0277749386732708 0.0387420352711611 0.484974332613837 0.420962488431314
-0.00379043616545562 0.0195760830161764 -0.0312094855663516 0.456724420036604
-0.00592312171468689 0.0254331336614859 -0.0983616542325088 0.213630159282022
-0.00355365820626272 0.0256247268913515 0.0123673981836939 -0.0233343278701844
0.00378529651266183 0.00984423557315289 -0.172823824813881 -0.189191139574966
0.00622025234265095 -0.00441405975620888 -0.410465886428913 0.276975445931401
0.0182938073314366 0.00221426962793513 0.22848218467344 0.547107837943978
-0.016492994006261 -0.0113181617003103 0.525987612154291 -0.157883601813479
0.030804694081611 -0.0519279246804311 0.021340749329021 -0.368330724361428
-0.0642230457812 0.05849151049887 -0.196447253298999 -0.202757538254992
0.0163470494209473 -0.0474304558523342 -0.309108759352992 0.0471889514973371
0.0728587197042108 -0.0873776786494678 0.0848210653499954 0.109869645021548
-0.0865605446082939 0.0157050767227291 -0.17886878735701 0.202895992998813
-0.00102235855986887 -0.00151778290756402 -0.347892832616306 -0.224908885321033
0.0109295379565799 -0.050030244658028 0.303612281633309 -0.455218335186475
0.0482296259485888 0.0345769742816188 0.611254797607437 0.185282477487311
0.0116706837783787 0.0244209615749423 0.13444027469209 0.441027542422698
-0.0097086302071962 0.0358832758811193 -0.0582359087277116 0.234893975567411
-0.00732363953269556 0.0373587214600791 0.0117180059126744 -0.00786743814354127
0.00706570394933057 0.0166109249181271 -0.131607720919168 -0.207931215168371
0.0177537825688013 -0.0163974577018422 -0.482778657038992 0.128821149476763
0.0223948527179295 0.00602662000454885 0.00196692959159451 0.588238732021868
-0.0217129375504458 -0.0249462438346259 0.542868899575634 0.0639689514792637
0.0558702423714864 -0.0306686460735006 0.187650829778373 -0.351081639435099
-0.107861613044157 0.0237736618927787 -0.155405852501331 -0.217272129406208
0.0501756494682134 -0.0530291044056822 -0.294265057990485 -0.00755147303700606
0.0819905274516498 -0.0926521827887713 0.136255610556231 0.0720689090960969
-0.091388644009489 0.0465963828200285 -0.102386473242481 0.264971694513902
0.00921444341949776 -0.0208391705845359 -0.396459605672012 -0.0203861506755103
-0.020677627913957 -0.0352638974070445 -0.00719157146118351 -0.526471405904665
0.0638906141444829 0.00570009265108262 0.596149447341331 -0.15903816819702
0.0290725748195226 0.0194419412040791 0.327638036464009 0.331423772294822
-0.00351215306530257 0.0397331223121424 0.00204369381525545 0.248648342773383
-0.0111801721094663 0.0443303229167573 0.00711449390666735 0.0082831051947619
0.00468877040418078 0.0224766234237799 -0.071838815253579 -0.222487807981007
0.0324181303444638 -0.0123179989812394 -0.492126947924357 -0.0902241439339786
0.0198879209434618 0.0197788618961507 -0.308582336551129 0.50511106970532
-0.0115954824000383 -0.0382775028982252 0.416890334669536 0.34343199493113
0.0504001377103096 0.00291939140762153 0.370987931605968 -0.220440734743729
-0.111231441463844 -0.0343938284407391 -0.0855056025233245 -0.247000580947036
0.077782013212854 -0.0385074908855877 -0.253422638609273 -0.0688416467386698
0.083293434863194 -0.0838891991032841 0.187981396740162 0.0260955853345631
-0.0823315822106842 0.0623574220019871 0.00851837334645328 0.300390020907371
0.00656000445762386 -0.0361968343475124 -0.335342572967766 0.173378167472267
-0.0365858937387849 -0.00413117619979089 -0.316204383518242 -0.401882539372277
0.0552985508384805 -0.0295590367785871 0.374922322160292 -0.449168708977408
0.0397470670810078 0.00537158216304541 0.448529910244607 0.136091951122971
0.00726061923003532 0.0347481309683422 0.0734166750823328 0.246122683678375
-0.0118726494327542 0.0451458161718051 0.00207277732872818 0.0202884726729726
-0.000529478415885203 0.0241102634259838 -0.00429725025907572 -0.223577943679767
0.0390811884920332 0.00263032222129243 -0.387249428383994 -0.302926585461068
0.00853759832610551 0.0329522474049977 -0.558513948019276 0.238397348497906
0.0058709749030159 -0.0351505078136636 0.115768893620768 0.525806801903888
0.0285439307771893 0.0166319439538221 0.450233537628618 0.0147250822432796
-0.069919458997461 -0.0721713434452049 0.0158236451440797 -0.270978759301467
0.08651454396939 -0.00837347904249468 -0.190474835043652 -0.117747017774719
0.0813395102748926 -0.0669197842098926 0.233089856962389 -0.0216465107159601
-0.0649193987688381 0.0543544717735329 0.113957617224741 0.295805401420092
-0.00125766458867971 -0.0285295946916756 -0.194633796965817 0.292916432773792
-0.0388758926894806 0.0247682373253084 -0.470905009812627 -0.143710923660705
0.0320196089324158 -0.0475931739112798 0.0585273896008795 -0.562587142761249
0.0355728744159936 -0.00937352374313547 0.462343133822469 -0.0810828233077506
0.0134377179713083 0.0241020175483164 0.139174855496466 0.227647219330386
-0.0119191751708187 0.0386352837978352 -0.00370564583724949 0.0337927594772225
-0.00544553265164425 0.0196722357714874 0.0510817842259545 -0.209822857326261
0.0312074723533895 0.0161415423788386 -0.194603946155915 -0.432940317185729
-0.0040608055159404 0.0367370820727301 -0.619308603278045 -0.119274650195082
0.0125551313097085 -0.0171009237273333 -0.234978249894213 0.505200407216591
0.0146865883329785 0.0129418841485169 0.385636176915581 0.251115055921938
-0.0204753094462334 -0.0696380005995104 0.126767739957348 -0.256026460646733
0.0749538166077706 0.0261012206836426 -0.12283199842409 -0.149734750014684
0.0718439626527841 -0.043781683177402 0.266710714214633 -0.058284319505146
-0.0442985403866771 0.0258397798081618 0.182657689988927 0.263306818115694
-0.00318354569037251 -0.00338379224291817 -0.0467758694525909 0.329491488555998
-0.0339541226406026 0.036736347762741 -0.478795895704487 0.0911865825596344
0.00930000065003652 -0.0465523059615107 -0.19006041083787 -0.532959812431797
0.0251237369446541 -0.0152660718331813 0.4051241715875 -0.236806076849473
0.0107021179719091 0.00926698338592181 0.182388621376585 0.200853941302102
-0.00900865651345009 0.0260203691551893 -0.00910442973239867 0.0415275113826579
-0.00502078634621223 0.0120991689884538 0.0906383832856979 -0.192736787250387
0.0208329677880934 0.0176647887704354 -0.00911284808413301 -0.463655181017483
-0.0159850758184236 0.0327358060463934 -0.509890326537612 -0.39077854283993
0.00647669244375674 0.000372660822425195 -0.466836314497151 0.350120050933399
0.0173887512083481 0.00374318510464694 0.253823223839688 0.394412298749342
0.0114586631999963 -0.0426667197440392 0.207114977061471 -0.209202700059967
0.0461003804105599 0.0568594390860746 -0.0619965485272439 -0.167197602272387
0.0581081380708331 -0.0155963727281373 0.29161473098892 -0.0743833003713602
-0.0161644620309255 -0.0100900292174027 0.208401775652372 0.231955782696678
-0.00040357890540438 0.031938234217331 0.0474995752559209 0.328306015461336
-0.02895374794393 0.0307024852413896 -0.447428328200614 0.22046200328888
-7.1232552395442E-05 -0.0380008463211921 -0.313089303818997 -0.476518475943641
0.0183191755371741 -0.0107894100688413 0.348091091128357 -0.3152117263583
0.0020450268483923 -0.0029239446560148 0.204081993987648 0.17999342529096
-0.00437890051810865 0.00697041663582284 -0.0128269820363728 0.0446499747559849
0.00153267999338245 0.0022339078315365 0.110844068912765 -0.181595413026972
0.0123611479996859 0.0102834444807729 0.101748912278366 -0.453351400658878
-0.0225284395602688 0.0208489102730159 -0.394402476756208 -0.512386165690709
-0.00354636333025273 0.0122994810195142 -0.56438241215865 0.216671316198352
0.0308169594152086 -0.00912771929972176 0.162605156352687 0.449492145698778
0.0263548402440579 -0.0156570772712243 0.24215346923942 -0.160872393820303
0.0113188832631498 0.0796458600249548 -0.0267587163385451 -0.175003017209182
0.0378870515470111 0.013071816766402 0.305866230904329 -0.0652906729117286
0.0270167117888683 -0.0357652229275836 0.200641287558863 0.210365174503975
-0.01350237335222 0.0647255965456699 0.0658885547659826 0.339110816957113
-0.0192719866927268 0.01369726804141 -0.453261638570476 0.236477055716451
-0.00296285954120752 -0.0293870770673101 -0.318648802842435 -0.469433475717182
0.0147438065431957 0.00202545643196751 0.345661045523462 -0.324527031700753
-0.00670026127277186 -0.0119264597968885 0.201779517747015 0.174615365450719
0.000715465871710874 -0.0118045280448802 -0.0159035838274926 0.0420341237982418
0.011847789713432 -0.0106581293977288 0.114968671946641 -0.184705129500455
0.004288782277647 -0.00126573782534792 0.11564759619929 -0.451151673582601
-0.0229153720931762 0.00604571269844079 -0.386961151480426 -0.517399367706341
-0.00648014298244883 0.0280054652670979 -0.578978385479576 0.202386853142927
0.0342197896471413 -0.0261379818632675 0.167045727231646 0.444822065809761
0.0367617331811532 -0.00119388269957639 0.245410620316672 -0.143609790741495
-0.0242370352561715 0.0954972524344111 -0.0210744036731767 -0.174616421154785
0.0494577259129563 -0.079315071210701 0.0528121117137877 0.135005128879109
-0.071801444724856 -0.00589695050393979 -0.209724209715063 0.163382091042036
-0.0215914309910904 0.00721114238582311 -0.245050366936205 -0.357369040248556
0.0373741839523528 -0.0369999932597717 0.475128573605315 -0.30375868977616
0.0294968729894276 0.038690475835385 0.498675208938351 0.409345376881813
-0.00373972326694656 0.0163132023945164 -0.0212499091479696 0.460186685311844
-0.00630784126562888 0.0259354256278934 -0.0933463124975505 0.21815218093493
-0.000745655618104468 0.0241679312444937 0.0131911458132205 -0.0219026826229654
0.00419917306967845 0.00876216663126283 -0.179276991483017 -0.188156804288179
0.0072272299480391 -0.00646521795199932 -0.404257013178314 0.287469132482601
0.019922166874752 0.000113868726955704 0.248800066843206 0.53976779896035
-0.0171847613804927 -0.0119224118241302 0.524907040997111 -0.179125796105218
0.0284494836570086 -0.0542418396696625 0.0115436347072617 -0.373300396388428
-0.0623530860364494 0.0613554330644592 -0.202604624087382 -0.198012662347275
0.0156992291186688 -0.0489053406279422 -0.31060922696416 0.0584318044099428
0.070366949947235 -0.091172076628948 0.0893284775089954 0.106525176456337
-0.0845580402947389 0.0202124511250895 -0.175235770873047 0.213511762551059
-0.00073519018243091 0.000817898996259841 -0.358448831815467 -0.216780904170724
0.00903746070846454 -0.0496938231672245 0.292634778116545 -0.46852629660535
0.0506432896307858 0.032313472882055 0.618224463781596 0.1670326221729
0.011181676361255 0.0227862702739872 0.146087680087805 0.438555051686415
-0.00867195887983875 0.0361972102987318 -0.0536472976993756 0.235995542088287
-0.00552016563386358 0.0363489622798796 0.0114102184167478 -0.00671052442069578
0.0064528484075258 0.0170513944972822 -0.136751657820166 -0.207661662938334
0.0175252794985163 -0.0182121931580256 -0.48166204907828 0.141522741213598
0.0237456729204924 0.00366735781191582 0.0215742331301989 0.588031682153875
-0.0227046267014869 -0.0239089691450967 0.548691872154678 0.0444304925177121
0.054767407631076 -0.0329056030877144 0.178970699675295 -0.363257481918283
-0.108385700255918 0.0282637106845767 -0.161540449920092 -0.21322352698395
0.0499819364463611 -0.0566578491171852 -0.29642093964371 0.0035982200481155
0.0801965390071958 -0.0963306709758658 0.137810652461811 0.0672613072125546
-0.088946014541977 0.0519868326972213 -0.0955275199286004 0.274329933972115
0.00888607742162371 -0.0206472956281529 -0.403033334520902 -0.0120645122368172
-0.0222923054419829 -0.0336998014329128 -0.0243590527373026 -0.536126058322383
0.0646685848281731 0.00396990370247177 0.596410827735738 -0.178842273465343
0.0298302538673781 0.01754546491147 0.336213762815209 0.324289756745216
-0.00198508919605345 0.040398272305684 0.00722953917254747 0.248663801962655
-0.00813753188868662 0.0434262782710759 0.00747548980880474 0.0087094419150131
0.00524674632529103 0.0225894968633553 -0.0787754124987609 -0.22425281754118
0.0334430982723607 -0.0160246301414732 -0.496683943939977 -0.0768453411348977
0.0223205852672812 0.0183583990573831 -0.29548880792535 0.513760052817896
-0.014465073263934 -0.0376263910009377 0.427925133423465 0.330726954945617
0.052397391021742 0.000742735216217339 0.369990891936265 -0.234856416795305
-0.114594075860352 -0.0301787853912821 -0.0939435659559156 -0.246347508429046
0.0785385498281258 -0.0438290769316827 -0.256647678791812 -0.0583705126073933
0.0830796216673293 -0.0882880090322967 0.189470728060135 0.018133920590595
-0.0785721918866552 0.0694425664319051 0.0162957928005882 0.30445261883875
0.00328733372101263 -0.0342139134572786 -0.334616687392464 0.183500088793137
-0.0376637457033756 -0.000803968578554663 -0.333394314607529 -0.397427113235664
0.0539776085622383 -0.0319500724075156 0.364716583044365 -0.463798692251899
0.0383400413004907 0.00235906193210811 0.454603722801379 0.123496669875796
0.00695697294792778 0.0340705328996513 0.0792563627665323 0.245363882882785
-0.0100052321577269 0.0442213281812811 0.00322839470500256 0.022421288621714
-0.000518926284089263 0.0243916273475686 -0.011799350362507 -0.225758822312351
0.0386667835694939 6.20787006835634E-05 -0.394290647246083 -0.295154177359203
0.0133621237315344 0.0318032726476734 -0.557233218037047 0.251809078604608
0.00284600433916327 -0.0357393150150866 0.130348094271324 0.525004777645071
0.0301009136796947 0.0163285496999621 0.45561558756551 -0.0013026505468331
-0.0734410993038125 -0.0710340151116037 0.0084920377089983 -0.275587322196019
0.0893513433111703 -0.01272215130884 -0.195393654013922 -0.110789743205407
0.0788439564350412 -0.0692103666787073 0.233262480164445 -0.0317384387444341
-0.0620485839395075 0.0603246245352101 0.121068408291919 0.293325954555995
-0.00481532839518337 -0.0273189962046657 -0.185747736259929 0.301282133084555
-0.0384864897918757 0.0278529971710358 -0.483349358725549 -0.131196255551962
0.0297222357148332 -0.0493671621240404 0.0455070760635794 -0.571623828427414
0.0347947961195957 -0.0119937972808741 0.463246359986435 -0.0936593354640373
0.0119695135297143 0.0227436074217562 0.14665078663909 0.225379880991274
-0.00845747177381734 0.0391157779867186 -0.00220707935534047 0.0334165394177569
-0.0050636598429331 0.0200236144039536 0.04679019701511 -0.214801144949638
0.0329295943325046 0.0148234493492724 -0.204407789816943 -0.430638599235493
-0.000351371548026905 0.038041464502541 -0.6262297409751 -0.104201003899612
0.0117546408796621 -0.0172396229602397 -0.221498476925731 0.517912664308131
0.0152721367019481 0.0141096133374128 0.398076901535314 0.239741318908915
-0.0237254105809679 -0.0701246334847075 0.121620206595342 -0.26418330639998
0.0796053763530743 0.0226396198319671 -0.125367848029728 -0.14734947644683
0.070683663387473 -0.0451617907846515 0.266201804773471 -0.070600682655117
-0.0440699574500517 0.0300909340048953 0.191157317399492 0.259675774372301
-0.00470767269993411 -0.003283319268292 -0.0350113547456652 0.330994249620721
-0.0338666361256526 0.0410096921796409 -0.481719336972374 0.10528474861393
0.00848287404952896 -0.0463698828018505 -0.204295261854197 -0.528818648113513
0.0249934178524614 -0.0169383235430666 0.398768281236164 -0.249429784806888
0.0079876940077668 0.00857283962278837 0.189241102656714 0.197129395680863
-0.00606439835012734 0.0264617956159516 -0.00794809349308813 0.0434238616630442
-0.004992464629705 0.0124931115271391 0.0868908217329064 -0.197331796525325
0.0212957480232248 0.016165161324261 -0.0170473203577008 -0.465434619176628
-0.0144066965604261 0.03364543982891 -0.522349126204054 -0.38072545603559
0.00511237301070703 0.000839781396856096 -0.462112728198324 0.36913159233988
0.0185205601807737 0.00342147496892483 0.268670610735466 0.391116147408227
0.00896445893598111 -0.0429351612373076 0.204891062622852 -0.216995776377474
0.0523525023435179 0.0553181179104109 -0.0662560976296625 -0.167218946813516
0.0577056154957384 -0.0170857337511763 0.292335131076151 -0.0880580964583221
-0.0174433137283414 -0.00606230722928459 0.215817044414137 0.223512206956737
-0.000196499330902381 0.031726275901678 0.0590837633697554 0.32694365114286
-0.0278904290900842 0.0330023611729158 -0.440584527554758 0.235055853828059
-0.00113743203875285 -0.0372994698092306 -0.324104318674409 -0.467570230284368
0.0172044247258675 -0.0104481539434245 0.342330334714996 -0.327154710542989
0.000420512592472185 -0.00267571484072588 0.20957898577543 0.175721714066515
-0.00345842590020211 0.00833725759860787 -0.011476322204771 0.0463091027354333
0.0027437672348104 0.00238877743926844 0.106604540409381 -0.187337656131389
0.0143915767997443 0.00899691543524802 0.0916697073996823 -0.457207110846697
-0.0206500490597716 0.022637782781549 -0.410664105147835 -0.507504932794552
-0.00408591552910472 0.0128250037682107 -0.561852646307292 0.23496522979727
0.0308257876792456 -0.00998606675584214 0.180773203381031 0.449960773061052
0.0247409716777398 -0.0163435876754947 0.239995876209175 -0.170654360179672
0.0162056543358683 0.0814997598903079 -0.0318137623334804 -0.177789430756059
0.0374966572224142 0.0127194028319232 0.307245870482332 -0.0793285385487665
0.0225205098113642 -0.0362093831823475 0.208518068991044 0.200458916647961
-0.00906887392419671 0.0639488121698122 0.0777674846372066 0.336245810852243
-0.0190842578870128 0.0142927972588298 -0.446689543044889 0.251947714895986
-0.0027736673447994 -0.0284563594163821 -0.329911660140558 -0.461300615584989
0.0140938588660933 0.00217875521890481 0.337905844482077 -0.336371382242942
-0.00760648976493795 -0.0113700845443755 0.208273545856902 0.17154939488415
0.00107759433334899 -0.010779992653606 -0.0151182905630684 0.0436117155618689
0.0128947102824708 -0.0108453960948218 0.11002368645674 -0.188528408106095
0.00705458770846765 -0.0012719704523671 0.105399505738123 -0.45626517107202
-0.0221580923040324 0.00822564200541156 -0.402609095446351 -0.515123052853164
-0.00489993711752006 0.0281911247856388 -0.577414301382428 0.222938027971741
0.0331452178250711 -0.0291495060185058 0.182765747504296 0.445230268198856
0.035916803814758 -0.00192214431129545 0.242400118322662 -0.153361360407624
-0.0195832280974905 0.0997177616366832 -0.0249200711523996 -0.176897788058976
0.0438255296563549 -0.0846804529443163 0.0606246271687672 0.132557105540337
-0.0688546044369597 -0.00378795016025356 -0.198534737226853 0.181210413259832
-0.0182785876768147 0.0123160867601931 -0.272456993220545 -0.344267840326168
0.0350771441073864 -0.0384397243998952 0.456559392091648 -0.328419838825635
0.0334377114487481 0.0366744147783499 0.523657410354987 0.376188456255657
-0.00518584787180776 0.0141395779750567 0.00134727029772801 0.461164212336631
-0.00461000611034715 0.0262925663922256 -0.081197957938484 0.222186011015819
0.00118688167695704 0.0220147938403625 0.0127489369269069 -0.0197525712702639
0.00514312627275997 0.00860618389626519 -0.192198612822005 -0.179011535011183
0.0056996327320429 -0.0117740329934158 -0.386471109649041 0.310149589677132
0.0156815955941461 -0.00430841730520556 0.286439353851433 0.521595171980299
-0.0198718095102975 -0.00638846060455946 0.510249641929892 -0.214676785896461
0.026426326855477 -0.0560081536577307 -0.0112504087111638 -0.37530329385912
-0.0556779273525669 0.0636953251755674 -0.216455612549824 -0.18385553125635
0.0143945841674217 -0.0549041894918885 -0.307130138877186 0.0831934648644375
0.0645259810229024 -0.0987873236678408 0.0961998415565804 0.10242157837871
-0.0809726453350822 0.0225201742534897 -0.15984056025051 0.229601884178846
0.00244238682341723 0.00331266622665403 -0.37661116236079 -0.194716908730709
0.00582316339085372 -0.0491419669700461 0.261375496440061 -0.485589822694565
0.0544846314781273 0.0285395722984738 0.62729850683463 0.127503823155479
0.0096036329522056 0.0201548674993176 0.168416241709879 0.43122545797846
-0.00592674465565018 0.0360774273925604 -0.0412999641412414 0.238638293517657
-0.00325739786556505 0.0343266211124514 0.012120802496415 -0.00532941425751847
0.00865476687015193 0.0164828181189709 -0.15197503730134 -0.201125313078863
0.0168558258414339 -0.025002061032431 -0.474972003417752 0.170304566947732
0.020107244975913 -0.00129278376977444 0.0564882819230071 0.586188250590248
-0.0285271561841168 -0.0190470648561333 0.550294853895039 0.00791111624535698
0.0536480153419564 -0.033792818763637 0.156447285334258 -0.37763858941364
-0.1045506291245 0.0343121989855595 -0.174400485798522 -0.202260094213141
0.0468888307901719 -0.0638042904301584 -0.296305807738599 0.0254096739811057
0.0733686359274034 -0.104386564157462 0.141815357678108 0.0580331737263429
-0.0827400454698699 0.0551788777152961 -0.0784627890832433 0.285104166704375
0.0100417802535047 -0.01914786023833 -0.406914647550328 0.0149377955791953
-0.0231515617365962 -0.0309368882252449 -0.0623937304102284 -0.531986227490942
0.0660820702290257 -0.00247585471661644 0.583467886248835 -0.218070013156786
0.0276427245949853 0.015151989669457 0.354177602287968 0.303668058028408
-0.000772278310259474 0.0401533522355285 0.020073044760127 0.248200994196231
-0.00703275543063266 0.0425771889014758 0.0101359820470075 0.0105279189528518
0.00574932952962081 0.0223549046843453 -0.0919473565501965 -0.219601308098112
0.0322396510861435 -0.0236673464687907 -0.504015971337956 -0.0492486880804457
0.0220467706586285 0.0111330286324644 -0.264960632694835 0.53238415038038
-0.0235441301078753 -0.0380755705504533 0.449380831980697 0.304413361377023
0.050713434143382 0.000578387072735977 0.353429195711614 -0.262999879352934
-0.114383185527582 -0.022474823651664 -0.106119709789888 -0.241604876900802
0.0765312240751364 -0.0512569942060914 -0.25900658302505 -0.039785450772817
0.0766518193371793 -0.0965601918837655 0.188986822892241 0.00571193933977198
-0.0718221360380762 0.0727882538341333 0.0351822497715613 0.306029058148945
0.00202564235275629 -0.0354479984874613 -0.323950142175512 0.204077374592491
-0.0347840188750761 0.00144578163958043 -0.362076651565424 -0.375281860891156
0.0540785945138471 -0.0370057139650891 0.334550530390293 -0.490453946077096
0.0376269127276561 7.65538665789514E-05 0.460649002863903 0.0969102143801037
0.00847789663442406 0.0348066034258241 0.0927000083360192 0.239790173308437
-0.00623685542208233 0.0418607581416793 0.00574379189260783 0.0233048353446336
0.00152913339813319 0.0251035892401532 -0.0257556780155238 -0.226160706155447
0.0406309684467809 -0.00630519456506237 -0.413421360216447 -0.272052046323234
0.0161214722185638 0.0250212749403534 -0.545195670950611 0.285706550621058
-0.00623091157841789 -0.0386099935346029 0.16442474469722 0.518868468722771
0.0283387217601102 0.0165338362982548 0.455648420590164 -0.0324846112926561
-0.0765264921220954 -0.0643195612698591 -0.0057715833234888 -0.277297179129097
0.0903140434523413 -0.0238282874006497 -0.201061124865148 -0.0974043349226636
0.0731370056914975 -0.076854683875622 0.230138042315299 -0.0506692596458384
-0.0570524421246068 0.063125506901084 0.138425230142513 0.288322915971962
-0.0070602481487159 -0.0295201698897657 -0.166947359558405 0.310276626413116
-0.0334838348274987 0.0299214173675478 -0.496484327981756 -0.102569031709345
0.0267496309495249 -0.0528032793001695 0.0079028767244723 -0.575685944045186
0.0329481605632964 -0.0134782845578494 0.4570810329822 -0.119469319110023
0.012712928030431 0.0215558647302289 0.157106679411221 0.214447325048205
-0.00506183844737827 0.0369704140847848 0.00036828584481489 0.034670111371031
-0.00409244476586204 0.0200180042209749 0.0338595967252627 -0.217259709681608
0.036816175241255 0.00852408413788568 -0.226522943898888 -0.418955600549222
0.00515092269080728 0.0324461627661031 -0.635773968965765 -0.0668663196401639
0.00565326872801344 -0.023400974188279 -0.187599027421169 0.534599484261698
0.0131586315252065 0.0134430568728027 0.413092849251472 0.213871323576316
-0.0271268754773046 -0.0663285424925844 0.10731161586117 -0.27275461896814
0.0821909818611233 0.013738893907713 -0.132714785447075 -0.138394397958547
0.065719262488319 -0.050734573988518 0.260712894852254 -0.0909206104501375
-0.0428686814004766 0.0327937403200593 0.208180435280979 0.246643256547684
-0.00613959218906199 -0.00514949883546092 -0.0146858853309873 0.330587696201916
-0.0291102249860646 0.0418340892368283 -0.476711524888562 0.134821214190894
0.00439319174595556 -0.0496424497860889 -0.236796221453978 -0.517884541189137
0.0222925125657291 -0.0184560532552632 0.385817641971075 -0.272349208751217
0.00901286466765429 0.00794769507171595 0.201571148613025 0.184277419211189
-0.00417583464447046 0.0246463542315352 -0.00476163313338927 0.0440737646624295
-0.00372535011195858 0.0120307071052533 0.0749509587881615 -0.202682447951367
0.0270551196273864 0.0129394251360394 -0.0415392653726875 -0.465645634688839
-0.00533865662680004 0.0314424929283069 -0.547539420967565 -0.352577093086724
0.00453649770247053 -0.00722819488716358 -0.43680601151711 0.402640486354872
0.0139034024815527 0.00143816389305412 0.293762174200783 0.372941678972241
0.00634902382167869 -0.0406553622521132 0.192025812532293 -0.230902173922683
0.0573763439766316 0.0489004527496462 -0.0744163995311171 -0.162231850306413
0.0535480378623917 -0.0201461565323784 0.284991863219249 -0.111400417863935
-0.020228071001559 -0.0063956032457638 0.22964477012221 0.210084627743358
0.000806172277970699 0.0301991789221891 0.0813059077120709 0.320477291350889
-0.0261115541139619 0.0323568585446357 -0.425391200014517 0.261606383165126
-0.00337893262289019 -0.0393251103993368 -0.351615315745458 -0.446366310928855
0.0168193268420005 -0.0125870558817452 0.323429996756991 -0.345551826920732
-0.000517575251272273 -0.0025799261523242 0.221032810173735 0.161987002076125
-0.00104286171627706 0.00721940682878861 -0.0095627599683937 0.0491126441287101
0.00319991038379783 0.00219458300795454 0.095709244683653 -0.194620881363136
0.0179469911401596 0.00635632444096405 0.070777323661465 -0.462100284082606
-0.0129693943913524 0.02125128865815 -0.443617175273467 -0.486047785095917
-0.00140733060804365 0.0063693480824961 -0.546012926131079 0.276048617129313
0.0260739941396537 -0.0142349614536883 0.208060511557492 0.437763001448767
0.0233492405150647 -0.01565051507252 0.230653159665471 -0.185315887425618
0.0234379909161282 0.0786049333966766 -0.0400107665720349 -0.175351288751612
0.0348126054011221 0.0112728566171786 0.301851613357996 -0.103267384235251
0.018256586169521 -0.0387688677340502 0.221782779240918 0.185561658837485
-0.00653244868404673 0.0633893697392315 0.101503387885368 0.330176600906248
-0.0187953099123624 0.0143978126617686 -0.430218827398587 0.278785592892622
-0.00447264763632653 -0.0293781503961025 -0.356624972308157 -0.437696846529764
0.0166788199441533 0.000152393626055642 0.319963727719453 -0.355372799329157
-0.00865593070248538 -0.0118187760234656 0.21893729656047 0.158216858300972
0.00218619050815437 -0.011178249736284 -0.0128379953826732 0.0468209642343973
0.0128040005823007 -0.0116039429706752 0.098466505050233 -0.196365258130411
0.0113943963773842 -0.00155713998546162 0.0820868150492479 -0.462281493369822
-0.0143658314995994 0.00616140020895739 -0.435513692040336 -0.491315341015496
-0.001598788717888 0.0212457970758331 -0.564268591852282 0.261132639191076
0.0267207202378482 -0.0325056625844703 0.211420033297817 0.433451401673212
0.0347966593363745 -0.00176879131921121 0.233826072389694 -0.166855875409631
-0.0118250568789588 0.0991395076938799 -0.0342959284714938 -0.175847309528877
0.0428867490053734 -0.088195718186151 0.0631681718336814 0.130904281154457
-0.0682493751533294 -0.00265015701053859 -0.187709157062984 0.190311959201247
-0.0144745804625687 0.014089121193557 -0.289225726522844 -0.329935535818597
0.0330433727725143 -0.0405786749926193 0.440139248292598 -0.340544023946386
0.0364526840981448 0.033358095583917 0.526463496593314 0.358796001577594
-0.00594034248882397 0.0129824253129404 0.00876332509321064 0.457360513267469
-0.00264755437140705 0.0254914838565952 -0.0749008823677355 0.223746435463107
0.00328183455942696 0.0192497907513533 0.0130946558832742 -0.0199988119566547
0.00614817063931454 0.00851538381927327 -0.197201779254758 -0.173641565524317
0.00515400572629901 -0.0145772547781595 -0.375193555028852 0.319105010700014
0.0160722527662415 -0.00724578652062878 0.297776134933481 0.50540575929987
-0.0190569906072932 -0.00607490752127498 0.497715982401948 -0.23371689642063
0.0246006115551748 -0.0577229567236146 -0.0278160407265331 -0.374221762570001
-0.0512581932517197 0.0659456351435462 -0.22302715224034 -0.172894866276082
0.0131669833251506 -0.0577194588223275 -0.30267010948676 0.0974251287766014
0.0613292456561264 -0.102885793048932 0.0961640281792432 0.0996585452770731
-0.077949652421969 0.0244599863150724 -0.148338434970795 0.236788652814733
0.00498618808986097 0.00331465149169862 -0.385697981583199 -0.177249603327871
0.00263863706175176 -0.049816061053802 0.240657232508018 -0.488036719570201
0.0567685852371915 0.0246314171735122 0.623595383386706 0.106588287822379
0.00933472875005054 0.0185693220808851 0.177241936698545 0.422301061415009
-0.00422510976770201 0.0366801951890789 -0.0351136790034354 0.240249815512745
-0.000483216352122352 0.0329568755729145 0.0132942143239839 -0.00505010183575634
0.00867946329758507 0.0171054642450431 -0.158558368976581 -0.19481312083304
0.0147127126315624 -0.0278068228551233 -0.46882364324846 0.183341390136661
0.0221436488807541 -0.00428234353386513 0.0745520089784217 0.577726219136171
-0.0297777874813464 -0.0183522822260198 0.544275738229771 -0.00958403528603017
0.0519359846292003 -0.0374412537485936 0.139999400691588 -0.382192210726993
-0.101278585499834 0.0394254941235021 -0.180160006032412 -0.193215816244943
0.0454557478114931 -0.068091795995432 -0.293836165672663 0.0401280560790191
0.0702618399507318 -0.1095312051787 0.14048817929914 0.0522655207643875
-0.0777680247252838 0.0565352024875328 -0.0645590255583681 0.287654200221644
0.0115340976939893 -0.0187220277583158 -0.406733899912103 0.0302823420353873
-0.0246574681428967 -0.0300573004852172 -0.0847281053942833 -0.523447759303212
0.0665101698598055 -0.00649854181725214 0.568798700724292 -0.236404867710835
0.0255210507846468 0.0132518805335063 0.358027937127969 0.292286614307134
0.00130136162566401 0.0408741686250519 0.026149483427971 0.246064930576641
-0.00390277690044829 0.040837638647205 0.012073784202456 0.0097736167419528
0.00761314536349193 0.0226805414683919 -0.100115947167894 -0.214080609882749
0.0298707774605256 -0.0264219264022034 -0.502040370516237 -0.0278035674339309
0.0241346651127744 0.00807646601525518 -0.248830466255423 0.534172995289226
-0.0244163748267122 -0.034764444444701 0.452739956896394 0.285328003579434
0.0513168127546798 -0.00322913432785534 0.340051159433233 -0.276122614912664
-0.114019810875579 -0.0178810214405638 -0.115266187781863 -0.236193075642436
0.0746153251359768 -0.0577652186973206 -0.25930614476632 -0.0272252581296304
0.0724378634590847 -0.100202699860783 0.186639165461547 -0.00245833857562721
-0.0652246870008243 0.0746224975729299 0.0476162190399884 0.3060092519799
0.00199071404968441 -0.0353329329897008 -0.320109999069865 0.215628338849495
-0.0347355525604889 0.00407190885198313 -0.377889280871327 -0.356717829277316
0.0526138022206797 -0.0398965420592496 0.314979730596028 -0.497657676306652
0.0349301101315984 -0.00186735480738798 0.458356978032324 0.0812252958274406
0.00922598702921888 0.0345434184130281 0.0968256592422735 0.235997093475254
-0.00425312538654255 0.0413888408220583 0.00752862409614325 0.0224833452572914
0.00135033050958113 0.0240741286522063 -0.0340546434089236 -0.222222688969876
0.0395725306887098 -0.0104349053540096 -0.418051414660784 -0.256425278886279
0.018138228445682 0.0217610711251265 -0.532486336419611 0.299834084770176
-0.0075301978398777 -0.0383516189372582 0.178897044543632 0.508183060000125
0.0291443989318261 0.0155777258819855 0.449328869971404 -0.0496907915604292
-0.0795076146840195 -0.0600090505357255 -0.0175249651635662 -0.275482348471318
0.0903740997091357 -0.0286534014583091 -0.201308365152753 -0.0882645498349878
0.0707987177113103 -0.0803991985873912 0.225037757475745 -0.0585855270462698
-0.0516545708684312 0.0649013890108664 0.148087980008901 0.283485810869471
-0.00886262926517214 -0.029359774005628 -0.156544690487411 0.314797752382547
-0.0309255363909163 0.0325194999218566 -0.499929600209643 -0.0794052924578839
0.0236259862560917 -0.0538386649286382 -0.0109357239162902 -0.570960240914634
0.0305155331830766 -0.015594899990476 0.448467333771912 -0.135023140004074
0.0120983076071577 0.0219622635753994 0.160388129817549 0.208708027791984
-0.00362510631607904 0.0346693027379811 0.00263802618050867 0.0348455856632712
-0.00350170774442696 0.0201161776417513 0.0261666182268069 -0.216155242558819
0.0355149921089355 0.00520142369029206 -0.237842805947828 -0.408506958201122
0.00731271130897041 0.0310807684580592 -0.631431190985303 -0.0481944803505513
0.00527679640850064 -0.024717911310615 -0.169406390245647 0.536584233575545
0.0129835290249897 0.0119959002880493 0.416742491922288 0.195307888223545
-0.0303975246040828 -0.063330797637481 0.0962460643638465 -0.277291887916282
0.0832725864816417 0.00683757396276494 -0.135962016756458 -0.131652436166822
0.0642371690320224 -0.0533050279775446 0.254157729109185 -0.101939888261417
-0.0387973040409027 0.0344087417372301 0.212202109839334 0.238804340442506
-0.00610972816600176 -0.00509533013854485 -0.00385811976087093 0.32523104726077
-0.0254943619375568 0.0430576696303662 -0.473324549696114 0.151358791290028
0.00154605269832839 -0.0508921079712707 -0.252199494166162 -0.506781812366929
0.0211815536033712 -0.0194232144097051 0.37442071188156 -0.283175114876992
0.00828717142359663 0.00840072512488587 0.204576654236773 0.175832769539499
-0.00182229194076668 0.0227466190137037 -0.00276508241390373 0.0461194902998835
-0.00434801173244818 0.0111244168166843 0.0677144920831216 -0.203471463602235
0.026857187371054 0.00883363623783551 -0.0534969298750665 -0.460137586005901
-0.00316994507415098 0.0303033388964994 -0.556027064332248 -0.332182354011083
0.00442897549379813 -0.0064993307212381 -0.42138268162379 0.414914710556381
0.014736270171839 -0.000544604276034925 0.307229520837533 0.359742635363601
0.0040313748510558 -0.0410580184981477 0.181761145655986 -0.239545001497008
0.0602097804498518 0.044202678159341 -0.0785469636867846 -0.1592440932989
0.052259834919633 -0.0220664791268458 0.278128111912868 -0.123598241134954
-0.0200591928498179 -0.00432189945902735 0.233125200999097 0.200407686953064
0.00267209784313197 0.029088307731824 0.0917087310718303 0.312367283032187
-0.0220367693006701 0.0334101001302598 -0.415469630017361 0.274938610351885
-0.00571534051700616 -0.0396658754475926 -0.362401612008686 -0.432152115155037
0.0157396135664204 -0.01380801561556 0.312241529532098 -0.354078556550627
-0.00090147872028068 -0.00304466502281908 0.223234950715007 0.153917315851016
0.000464320427289907 0.00558544966284776 -0.00728205126024332 0.0512353289171246
0.00238592933068448 0.000547895019949125 0.0871525593970531 -0.194993095858721
0.0188691086907797 0.00271532014737534 0.0581416770784297 -0.45910188400996
-0.00997877015642265 0.0202693089183928 -0.455707012944661 -0.470343589803594
-0.00122584027297049 0.00589469648644177 -0.534306278795024 0.293052675028432
0.0246188883580004 -0.0160049726821674 0.223523235156521 0.427971683079485
0.0214941713901761 -0.01587332465114 0.222860487975433 -0.193468591893585
0.0286105207768736 0.0739509327661735 -0.044657368849855 -0.174073123160958
0.0348348667869686 0.0104104711163551 0.294997644673429 -0.117483350053346
0.016376061215643 -0.039298915410281 0.223052640836749 0.175545405401429
-0.00197267760057065 0.0620333624024814 0.113267633927836 0.321296056401788
-0.0168848564457687 0.0150099619720138 -0.416366322029618 0.291083262471386
-0.00531004254128215 -0.0298639213534604 -0.365165685670535 -0.423367134730466
0.0163472597460675 -0.00133817037332434 0.306915045272878 -0.362594370571452
-0.00926362101492493 -0.0107816621106146 0.221661527673493 0.150109916947296
0.00325337805062288 -0.0132692912623856 -0.0118954359474719 0.049030895409871
0.0137174665779616 -0.0135792911850925 0.0903770647427341 -0.197496922913691
0.0128143002444119 -0.00397287907377059 0.070195345525417 -0.459686789292841
-0.0127571072937401 0.00633007614498377 -0.443598890220072 -0.476712968149491
0.000311218738635564 0.0211383710998588 -0.549819692002731 0.278810992236463
0.0238926662871741 -0.0347614192789684 0.227752475027592 0.422040599771988
0.0348317058056513 -0.00389634602700857 0.227298505297063 -0.173591169121578
-0.00661146695985005 0.0983125325387722 -0.0399085173451728 -0.174640438696243
0.0466163186750079 -0.0881508386901642 0.0578488687876188 0.133751382430588
-0.0670997323012188 -0.00597404065756348 -0.190011884771132 0.182983279112388
-0.0113196635253714 0.0154778096904375 -0.282991940788167 -0.337198453367377
0.0340949691454484 -0.0375983603246019 0.452186732259809 -0.315689406646315
0.0386072853845996 0.0352325927585434 0.506273025446213 0.37884707350619
-0.00751472446091277 0.0147675941269709 -0.0151949368174852 0.458510592002979
-0.000828177709896526 0.026034341460714 -0.084590957112145 0.218671421298844
0.00342903968983724 0.0187613846162835 0.0154168931344963 -0.0202462055095821
0.00736065366411048 0.0111019372692357 -0.195148966748618 -0.180482264683833
0.0054859527365856 -0.0163682797289798 -0.390197427325273 0.30706853837873
0.0128034741379832 -0.00887755643301631 0.282338516887156 0.510927726404936
-0.0223391370031663 -0.00224931085269537 0.499499435845694 -0.22249739314602
0.0285898983097803 -0.0542005986594815 -0.0195938192448205 -0.379375943690322
-0.0484792528217895 0.0654843714314871 -0.218769111096262 -0.179316166285167
0.0184512455846434 -0.0618823905433986 -0.309039183701022 0.0918145968908483
0.0650965078847733 -0.103370128117558 0.09109875601247 0.10217404637988
-0.078686237347049 0.0207888202656831 -0.153341923748672 0.231203196360768
0.00833371489588717 0.00521498780682688 -0.382372404648392 -0.186209456153746
0.00599191934101659 -0.0472998047036644 0.258142473794558 -0.474646576623618
0.0593562629662977 0.0262055234542646 0.614282367426236 0.128805121526026
0.00809353450301877 0.0216262251332882 0.154442448729661 0.429714511228738
-0.00282950840580048 0.03715169297973 -0.0461431430700113 0.237365654745587
-0.00226124014651527 0.0332920835489665 0.0155047898620746 -0.00577850459287007
0.0104385490163788 0.0190497425509519 -0.153561152500747 -0.201035219242168
0.0145946323407427 -0.0290486713863688 -0.475581837074465 0.167757104831299
0.0187437223990974 -0.00710598889102511 0.0520939141072238 0.577649138770285
-0.0333602921581942 -0.0159650929134651 0.542586162909284 0.000960197352245887
0.056444381844919 -0.032376833345698 0.148007149700399 -0.381604369840012
-0.0995329377604714 0.0395987597652901 -0.175062501107982 -0.198923755154506
0.0509095999298213 -0.0715577936132122 -0.298587487091137 0.0321132719324124
0.0732152619247275 -0.109296411640194 0.136046085596602 0.057821504380234
-0.078453661106244 0.0563683219406341 -0.0722092574911961 0.284895756144368
0.0131177944824772 -0.0186287929539823 -0.41220565668847 0.0198744689545037
-0.0222794993077342 -0.0284325589170757 -0.0665458787126947 -0.521503823271488
0.0706694243366341 -0.00599636915565506 0.571406349582355 -0.216452523441371
0.0258604668308491 0.0170133851366547 0.341524619661089 0.305951800835092
0.000970324815859739 0.0411236546937746 0.0145952057295314 0.246394346138427
-0.00479689647353834 0.0408295240614488 0.0119614838658381 0.00765327251252694
0.00652301293554895 0.024981721009218 -0.0940330448431058 -0.218662315675492
0.0302120403607042 -0.0264600113862601 -0.501893153613908 -0.0470678431303021
0.0223504417658748 0.0045768985304485 -0.270423701053569 0.525611337318838
-0.0293427715147609 -0.0350682250915053 0.446487017856286 0.294815111305537
0.0506188934672465 0.00293607991510683 0.345961333295729 -0.270868776122604
-0.112223203122886 -0.0170779375095978 -0.107286405022613 -0.241129423085534
0.0800281321857203 -0.0592213402763943 -0.261830232838157 -0.0354894324428252
0.0751391281900084 -0.10005477967207 0.184003389716253 0.00204817806068645
-0.0660934721938544 0.073354748859148 0.0375244113312346 0.30913787495909
0.00316930769471996 -0.0337332567664571 -0.327836529969189 0.204920664423458
-0.0323053767548552 0.00551017588685254 -0.366757746620903 -0.364306917668946
0.0545853797039238 -0.0395714316552381 0.327872778392579 -0.486476482538557
0.0350909309376343 0.00198444656457345 0.451467129375172 0.0984587083136556
0.00868866466703183 0.0361392058402286 0.0858851782035863 0.239747650052783
-0.00573597866142537 0.0408272444885481 0.00725351053310473 0.0210970210904946
0.000104398182949633 0.0259204853888017 -0.026252370984017 -0.223768639293029
0.0386713853418461 -0.0100895898722198 -0.408215319468212 -0.270713582575867
0.0193518733518696 0.018792224194732 -0.547813911454016 0.281238102652915
-0.00953722621052816 -0.0409104408424787 0.165142772842789 0.515743976765775
0.0269071863511149 0.0192655924291665 0.450168628541577 -0.038767757942836
-0.0768712086955066 -0.0590992820291955 -0.0083651623497619 -0.280547099820741
0.0940481868761448 -0.028691612032913 -0.200015927055601 -0.0953554725097844
0.0730169024167208 -0.0794924398168368 0.222898009833702 -0.0543292519861307
-0.0527549619989149 0.0633860948626913 0.139337339345789 0.288956489996497
-0.00779314140629099 -0.0276932145827974 -0.169731132157824 0.307510218331158
-0.0308585590139249 0.0337224355399141 -0.500324212818913 -0.0938126220299479
0.0259052435116342 -0.0550767137517713 0.00616918519535222 -0.571171894075653
0.0303773012299817 -0.0126484164504328 0.450431468747034 -0.116868208259013
0.012373556728556 0.0239258253124731 0.150095555894872 0.213560983175476
-0.00517054045318226 0.0333664375237043 0.00275969652263078 0.0339018827853971
-0.00608081592251303 0.0203057585214535 0.0338471381186028 -0.214955860044269
0.0351423034739738 0.00464122268177606 -0.220162415976397 -0.416588996166104
0.0110534623653763 0.0281993004666727 -0.632656888389359 -0.0689322044709653
0.00498406559317288 -0.0283739238516609 -0.183865740192298 0.534714974291004
0.00786939291573978 0.0135325912878836 0.410877917839291 0.208717714657572
-0.0284056217398366 -0.0603764278319111 0.106481870958571 -0.279374634926236
0.0863672755602485 0.0100442741045286 -0.13007999151483 -0.137483542048996
0.0653735486844111 -0.0508479547400276 0.252506038399822 -0.097441289402531
-0.0396772405746186 0.0342559583389934 0.204324177142883 0.247563485415478
-0.00691425957264486 -0.00452698893529299 -0.0173829441420281 0.323379040704783
-0.0256662360939128 0.0425576320349253 -0.479192888813872 0.137632242260508
0.00259764653454628 -0.0515907868915648 -0.233199915282515 -0.513446817497041
0.0222434853532725 -0.0185830675284704 0.383749375805583 -0.269921280956604
0.00695000603376368 0.00978903602886923 0.194938055965697 0.183400429260766
-0.00338334716603462 0.0210300083438109 -0.00390949007586918 0.0448618931342794
-0.00450130271673016 0.0115238486452697 0.0731504916141401 -0.199822570136507
0.0264479076958387 0.00795859642634381 -0.0347825198649872 -0.462946424257487
0.000386967549181647 0.0286226370485542 -0.547791825688436 -0.34967131565314
0.00650419867969498 -0.0116676134190336 -0.43318514244091 0.404974901817837
0.0101722974452016 -0.00209147475185549 0.295995235960391 0.371553636133498
0.00402238846281327 -0.0361388711208704 0.190309171043667 -0.2374869432826
0.0617106844753921 0.0461257946295236 -0.0721605612932823 -0.164791697167742
0.0536670058212975 -0.0184660498485407 0.278280975707098 -0.118377163530944
-0.0201987174191244 -0.00526973543666619 0.224404580747075 0.20749588679203
0.00116200495796937 0.0298021384729311 0.0797087951342561 0.310559750535428
-0.0228260435981231 0.0331786006904565 -0.426257922772727 0.261000112953093
-0.00467912174720706 -0.0425651269981049 -0.345864779364428 -0.442065805261193
0.0169340187940778 -0.014363762630337 0.323900241465998 -0.340474610074537
-0.00242618111815418 -0.0014814692213285 0.215128211906098 0.162336831473078
0.000759704307411094 0.00401238535650322 -0.00844895395881302 0.0505400205540241
0.00291335508379433 0.00064626741112578 0.0929712121737375 -0.191467680417783
0.0201113978030521 0.00152076095413063 0.0781232321016422 -0.460088514246222
-0.00589008175180857 0.0193023609313236 -0.44140721726171 -0.485826685297887
0.00425522959048467 0.00225352381634034 -0.543193906550539 0.279658984711328
0.0218335847530926 -0.0188975400436708 0.211747576785263 0.43838225151664
0.0199613532922449 -0.0113599225886978 0.230380247000116 -0.189286930975132
0.0281191651520345 0.0751576532731215 -0.0379871020203222 -0.178586330608589
0.0340605433657029 0.0144786405992835 0.295045828870621 -0.111954370284457
0.0164651707835226 -0.0399360192115337 0.215482007082888 0.182283917808283
-0.00405508361578794 0.0627124097230563 0.102978272811851 0.320018762421258
-0.0171911963812082 0.0127499538226247 -0.427972158626485 0.273167761314973
-0.00539251550004324 -0.031401431171162 -0.348880028484404 -0.434758926202155
0.0172022598779934 -0.00256389785218393 0.321069727078276 -0.351353620496442
-0.00967285588174589 -0.0095876301762354 0.214324820575103 0.157509364697581
0.00478221467992964 -0.0138345083512564 -0.0134729307649755 0.0494721840025838
0.0134929992877415 -0.0126630145970787 0.095288398909003 -0.194130426197323
0.0155324128236784 -0.00602592354963589 0.0899730465457985 -0.458675746657926
-0.00864002729264669 0.00490065743098549 -0.43236395051112 -0.49251934003902
0.00448466945705899 0.0169906768097474 -0.559183463793433 0.268388870858632
0.0216379834577249 -0.0375134907427395 0.215418060850508 0.430853722223313
0.0329992368809845 0.000138173152935237 0.234599896873634 -0.169192256818024
-0.0056575323556532 0.0998020634606144 -0.0334541244956813 -0.179144755059848
0.043359847080821 -0.0944192399371477 0.0632914556342259 0.133778436847072
-0.0696621156829415 -0.00317537740000931 -0.183609749596575 0.189760773677032
-0.00793418604638393 0.0167356996029576 -0.300994148459818 -0.326232344848724
0.0332186744701616 -0.0396973994058026 0.452327640874469 -0.338344918585025
0.0404728005786194 0.0341823783571566 0.527030214248151 0.366791448236794
-0.00741764047363836 0.0163884074803612 -0.00121220033814937 0.466191298931242
-0.000382575458245635 0.0266634266324467 -0.0789632154910145 0.225034572386134
0.00184275677104006 0.0196819965225973 0.0156800922297284 -0.0234064817591533
0.00979243522155478 0.0139630119343047 -0.205556062830437 -0.179132716977309
0.00358487397614365 -0.0166775901659725 -0.384788206324715 0.325167131647929
0.0123113731424877 -0.00986119613138182 0.302464180947867 0.507457311749203
-0.0223331289593254 -0.000677281429296379 0.498950635414935 -0.246853557822368
0.0253042953796608 -0.0566558698264151 -0.0369350734668763 -0.384424926265375
-0.0470424599438578 0.0697035403135577 -0.230208091416897 -0.173567811469377
0.0146243545308727 -0.0649601371043656 -0.310695821681868 0.107563438482796
0.0613143141665779 -0.109064165319494 0.0968468777653916 0.100902010305873
-0.0797122533617358 0.0264276142709044 -0.143948074113959 0.238769185020334
0.0109335911540681 0.00523376433726043 -0.396156952153167 -0.17174111131797
0.00359543062033487 -0.0473482595422438 0.248857336990882 -0.493022300883091
0.061291643527605 0.0240607164714559 0.626530050919907 0.109562871874377
0.00698684232326639 0.0231526208589438 0.170396180196072 0.43055520426
-0.00225110892377267 0.0383036669175875 -0.0391130513695071 0.24227889521121
-0.00267954330298509 0.0324068294367085 0.0160059554205297 -0.00934463531948361
0.0123284572855393 0.0218083112505376 -0.163039065232068 -0.198863081472226
0.012111789121696 -0.0292415438001883 -0.478543423581964 0.188810561189704
0.0188856283431227 -0.00763797741270053 0.0692571668143261 0.585310284933943
-0.0348959139918804 -0.0125376229256018 0.55077660221805 -0.020147920018338
0.0545980540986126 -0.0364010703859827 0.133214420211268 -0.39448556257893
-0.0997340451480065 0.0452858368236714 -0.182657919197625 -0.195848930907916
0.0466129960942437 -0.0751377836543944 -0.299925184024478 0.0471930042895601
0.0700690549182341 -0.115767781274205 0.139844085414859 0.0521972908119031
-0.0778920747369951 0.0609796500819933 -0.059029080393522 0.290770028485838
0.0149380903893351 -0.018488091914501 -0.417552036752631 0.0393996877477694
-0.0225823243312187 -0.0265700251679034 -0.08412682124722 -0.526157272716154
0.0721108648040265 -0.00835819375189377 0.573243488417664 -0.23955013800874
0.0263325003798797 0.0176413239060819 0.355443515973278 0.299127602557431
0.00241704505843369 0.0425161953674224 0.021728666037648 0.250259698316491
-0.00586781816161071 0.0419696264491926 0.0126432365451537 0.00492104387416543
0.00892231920680808 0.0276854654758727 -0.102544764787805 -0.219208825293965
0.0269076124134643 -0.0262879909834478 -0.511575324868523 -0.0289989825947498
0.0242731424258182 0.00432787696200669 -0.259283280565814 0.543810771743311
-0.031866632403515 -0.0331371350724651 0.463649971510027 0.283684788580442
0.0516816353331769 0.000378943885816 0.337653368989953 -0.290339823153607
-0.115214959641005 -0.0106426778940615 -0.117623897715209 -0.241960698221413
0.0783108967165414 -0.0639665574580835 -0.265456915500331 -0.0245742095498633
0.0722615131065261 -0.107456641836024 0.185460128141896 -0.00683563095010649
-0.0648929737292085 0.0788881888410622 0.0524635396118005 0.309375135730162
0.00285517421135252 -0.033945593630737 -0.327050301854025 0.223965073146451
-0.0313703997021362 0.00868518624101296 -0.384249052648654 -0.354010636480979
0.053288900141186 -0.0416057357706431 0.316413738541626 -0.505747615040965
0.034258168645316 0.00257849571595267 0.458571931895176 0.0846381020251707
0.00997602757764467 0.0389761347528411 0.093906371967748 0.238523462933513
-0.00690196821449106 0.0416154323634869 0.0100576888964955 0.0181340123296836
0.00174656144202539 0.029211560492013 -0.0331968144462247 -0.226850725704432
0.0362414310575769 -0.0107875432969747 -0.423047887438328 -0.262248741641711
0.0206502547420307 0.0194297034898534 -0.549327169867412 0.30393686568314
-0.0129246939895043 -0.0401923483250971 0.185786235991352 0.515253252632791
0.0273309304425001 0.0187897493414844 0.454252832894765 -0.0584399627214506
-0.0827464746146503 -0.0532973247423528 -0.0193495364986204 -0.285688659791416
0.0927125440170187 -0.0331708112715837 -0.204619936803846 -0.0890085814804718
0.0704100617353588 -0.0855939128509831 0.223375054382578 -0.0666628934899659
-0.0504959909659175 0.0683911865434444 0.155000753600883 0.287020405934039
-0.0085347639505957 -0.0265586339176914 -0.162852166931023 0.319281082106527
-0.0277046169887443 0.036409843257938 -0.510098475785618 -0.06900087948497
0.0235646503231846 -0.0563925630008934 -0.0167210452450616 -0.579625285128507
0.0296107292227358 -0.0111076165425662 0.449835556602081 -0.137071537799518
0.011769803073036 0.0263949701215877 0.159917093775302 0.21198800591499
-0.00651749416393335 0.0334738359372948 0.00488652594531002 0.0319668062952986
-0.00551526593144478 0.0230849186692932 0.027657189734829 -0.219552290954904
0.0334048748082716 0.00391879414047554 -0.236257100923816 -0.416744610525911
0.0110697554613382 0.0288345162209141 -0.647952802968411 -0.0485948702523278
0.00380328331641333 -0.0286333867267059 -0.170195362809245 0.548053454217685
0.00863932894642994 0.0136339297920758 0.425001861058036 0.195234596338007
-0.032762917872502 -0.0574501944994458 0.0958355233059428 -0.291922112562425
0.0874614634180245 0.00564395853664485 -0.136993619144148 -0.137818546613688
0.0655234802085573 -0.0553889672649402 0.252021949199799 -0.11133323010202
-0.0381178275327876 0.036939500303357 0.217650111764122 0.24345435436362
-0.00790524452955024 -0.00180434069687278 -0.00744943923143773 0.326463077878567
-0.0233551971992736 0.0461926550789392 -0.482365242032539 0.16425399809821
-0.000174253605790017 -0.0520164183902547 -0.258734416808925 -0.513452856584656
0.0196448530783827 -0.0173428615965051 0.377339947475909 -0.288027990814376
0.00594969106266227 0.0121019934402103 0.204584598868598 0.179018238861873
-0.00435599819056832 0.0200882156717967 0.000955564363919564 0.0442779339814342
-0.0062699217517109 0.013861850449836 0.0682442262125406 -0.206099368492971
0.0241298216094913 0.00640022883075172 -0.0484815502186318 -0.470423228168032
0.00144792044585995 0.0297932028604451 -0.567896868129298 -0.340298680053933
0.00555569690074181 -0.0113913032271209 -0.426614409946691 0.426956647602646
0.00871348523648149 -0.00171627784567274 0.31440606842354 0.36655676908077
0.000751020692966358 -0.0359008129051577 0.185026605165904 -0.252446042187791
0.0640960785064625 0.0439486956282055 -0.0773524549843545 -0.166885807877089
0.0537011502472394 -0.0210377705858467 0.275075885693312 -0.133317313943577
-0.0220561294727062 -0.00346257178061768 0.236793089373197 0.200958546276051
0.00202549016895971 0.0315041272316896 0.0917819775267898 0.308365629039824
-0.0222599256028553 0.035888005697151 -0.426057023570847 0.283632921024359
-0.00789516450174223 -0.0421274486711865 -0.367836247318812 -0.437660582306731
0.0140930608181791 -0.0148658910671895 0.314850777148594 -0.359198109289304
-0.00386508492945544 0.00109486047083637 0.224851040031341 0.156042611352358
-0.000311522441724708 0.0027101378485136 -0.00454790920146536 0.0515976475923155
0.00166699237962429 0.000737795024752208 0.0876184536199594 -0.197590837145272
0.0180995514338968 -0.000561643800700673 0.0669072812546836 -0.470733551703472
-0.00576647240435637 0.0194776428476664 -0.464212837807551 -0.479532405243426
0.00259916680392691 0.003635484875352 -0.540968040215187 0.303344153723745
0.0204854641677754 -0.0199441744044027 0.230475265038379 0.435201542591489
0.0195024584406104 -0.0101104914256156 0.226377474512647 -0.204154453028583
0.0315943671206883 0.0745161563158278 -0.0450281226626428 -0.181614400840583
0.0368422430743603 0.0150818848861986 0.293787265201074 -0.127703850330092
0.0136283046216228 -0.0407951416643057 0.22540987026266 0.1763186461557
-0.000914554114567801 0.0650236679830359 0.115400771169567 0.315924778505256
-0.0174590673256038 0.0148542949462545 -0.425207204351068 0.29984309991792
-0.00785177330905587 -0.0314461374554063 -0.36932689027254 -0.429344852489553
0.015739219835954 -0.00353516535931521 0.311000788424661 -0.371493300409586
-0.0118263771515997 -0.00752544064691616 0.222975367455555 0.151395811196237
0.00289316560218143 -0.0160616022916655 -0.0101444801761492 0.050992204946973
0.0128081251277774 -0.0138490024992454 0.0890738955712514 -0.200552283342001
0.0145700375920191 -0.00836475161129098 0.0772018066774652 -0.469356437919204
-0.00817517055446707 0.00446020917352308 -0.455881847139232 -0.490296483583868
0.0048530033454588 0.0179523944240631 -0.55498805912122 0.289994286701232
0.01875477733379 -0.0388218700852702 0.235549633652528 0.429151252085204
0.0317690224979231 0.000604592573597499 0.232502707053138 -0.182438641665233
-0.0015806565256902 0.101457130255679 -0.0401326007625655 -0.182489582787816
